TRXV5
3
4
4
9
string Extension=J
integer IsArchMeasurement=1
integer IsSpherical=1
string Generator=SPM
string GeneratorVersion=1.3.1 Dev
double ArchRadius=0.449999988079071
integer FrequencyAxisIndex=0
integer AzimuthAxisIndex=1
integer ElevationAxisIndex=2
Frequency
5 136 690000000 960000000 LIN
Azimuth
7 8 0 2.74889357189107 LIN
Elevation
7 15 -2.74889357189107 2.74889357189107 LIN
Polar H Real Part
13
Polar H Imaginary Part
14
Polar V Real Part
13
Polar V Imaginary Part
14
Polar H Magnitude (dB)
12 0xC0000002 0 1
Polar H Phase
7 0xC0000003 0 1
Polar V Magnitude (dB)
12 0xC0000002 2 3
Polar V Phase
7 0xC0000003 2 3
-0.0189456939697266 0.00970077514648438 0.0258083343505859 0.0130977630615234
0.000711441040039061 0.0178050994873047 0.00912857055664063 0.00847530364990235
0.00847864151000977 0.0056605339050293 0.00115871429443359 0.0118570327758789
0.00774288177490234 -0.000132560729980469 0.00996589660644531 0.0177078247070313
0.00692415237426758 -0.00430774688720703 0.0196056365966797 0.0122470855712891
0.00414276123046875 -0.00900459289550781 0.0231342315673828 0.00359153747558594
0.00281715393066406 -0.00804853439331055 0.021026611328125 0.000671386718749999
0.00394916534423828 -0.00712013244628906 0.0158920288085938 0.00110816955566406
0.00770473480224609 -0.00778865814208984 0.00873184204101563 0.00395965576171875
0.0113248825073242 -0.000735282897949219 0.00145578384399414 0.00341463088989258
0.0092010498046875 0.00896549224853516 -0.00354194641113281 -0.00632905960083008
0.00147247314453125 0.0129528045654297 0.00427341461181641 -0.0143318176269531
-0.0103206634521484 0.00975608825683593 0.0242748260498047 -0.0115203857421875
-0.0166807174682617 0.00565147399902344 0.0268058776855469 0.00221824645996094
-0.0245494842529297 -0.000831604003906251 0.0087580680847168 0.00493288040161133
-0.0258750915527344 0.004791259765625 0.0179328918457031 0.0161914825439453
-0.00839996337890625 0.0170040130615234 0.00287246704101562 0.0135974884033203
0.00198841094970703 0.00904941558837891 -0.00104713439941406 0.0176620483398438
0.0050501823425293 0.00607013702392578 0.00949478149414063 0.0215930938720703
0.00810909271240234 0.00201416015625 0.0187320709228516 0.0153560638427734
0.00915813446044922 -0.00379562377929687 0.0228233337402344 0.00663375854492187
0.00918960571289063 -0.00467395782470703 0.0198173522949219 0.00341415405273438
0.00864267349243164 -0.00396347045898438 0.0131921768188477 0.00375843048095703
0.0127677917480469 -0.00381278991699219 0.0053868293762207 0.00660943984985351
0.015070915222168 0.00434207916259766 -0.00277614593505859 0.00497817993164063
0.0101995468139648 0.0140981674194336 -0.00803232192993164 -0.00598859786987305
-0.000783920288085938 0.0188083648681641 -0.000550270080566406 -0.0148563385009766
-0.0157537460327148 0.0126113891601563 0.0186672210693359 -0.0136680603027344
-0.0233078002929688 0.0043487548828125 0.0183868408203125 0.000780105590820313
-0.0306224822998047 -0.0036468505859375 -0.000608205795288088 0.00342392921447754
-0.0301723480224609 -0.00211524963378906 0.00732803344726563 0.0164823532104492
-0.0175094604492188 0.012995719909668 -0.00683021545410156 0.0168085098266602
-0.00604915618896485 0.0118608474731445 -0.00535964965820313 0.0227699279785156
0.000616073608398437 0.0126705169677734 0.00765037536621094 0.0257492065429687
0.00787925720214844 0.00905036926269531 0.0167427062988281 0.0176525115966797
0.0128850936889648 0.00301170349121094 0.0205173492431641 0.00896263122558594
0.0140171051025391 -3.4332275390625E-05 0.0155477523803711 0.00520038604736328
0.0124444961547852 0.000247001647949219 0.00841331481933594 0.0060420036315918
0.0158958435058594 8.392333984375E-05 7.62939453125009E-05 0.00795364379882813
0.0167398452758789 0.00791072845458984 -0.00835084915161133 0.00601673126220703
0.0100078582763672 0.0167007446289063 -0.0135507583618164 -0.00546455383300781
-0.00144386291503906 0.0209426879882812 -0.00558090209960938 -0.0150823593139648
-0.0172863006591797 0.0138120651245117 0.0127592086791992 -0.0146236419677734
-0.0249671936035156 0.00415802001953125 0.00840616226196289 0.000812053680419922
-0.0326499938964844 -0.00632858276367188 -0.0113439559936523 0.00159072875976563
-0.0294437408447266 -0.008544921875 -0.00438690185546875 0.0144205093383789
-0.023223876953125 0.00662612915039063 -0.0180015563964844 0.0168972015380859
-0.0139293670654297 0.0115928649902344 -0.0117168426513672 0.0260124206542969
-0.00502777099609375 0.017242431640625 0.00370597839355468 0.0276432037353516
0.00565242767333984 0.0150003433227539 0.0130863189697266 0.0181961059570313
0.014622688293457 0.00913143157958985 0.0160179138183594 0.00950241088867188
0.0165891647338867 0.00445461273193359 0.00952243804931641 0.00613689422607422
0.0136890411376953 0.00385570526123047 0.00201511383056641 0.00674104690551758
0.0162458419799805 0.00407791137695312 -0.00589323043823242 0.00872468948364258
0.0156536102294922 0.00992965698242187 -0.0126628875732422 0.00643062591552735
0.00871753692626953 0.0168991088867188 -0.0169639587402344 -0.00439071655273438
-0.00214004516601562 0.0199260711669922 -0.0095205307006836 -0.0135221481323242
-0.0162525177001953 0.0124969482421875 0.0057830810546875 -0.0128765106201172
-0.0231132507324219 0.00271987915039062 -0.00111579895019531 0.00212240219116211
-0.0301666259765625 -0.00854301452636719 -0.02069091796875 -0.000469207763671879
-0.0240764617919922 -0.0127048492431641 -0.0156869888305664 0.00859642028808594
-0.0230770111083984 0.000247955322265622 -0.0284156799316406 0.0138664245605469
-0.0182819366455078 0.00876617431640625 -0.0186634063720703 0.0265026092529297
-0.0095672607421875 0.0174894332885742 -0.000391006469726561 0.0268363952636719
0.00255775451660156 0.0176048278808594 0.00890445709228516 0.0154018402099609
0.0124111175537109 0.0136775970458984 0.00936031341552734 0.00746536254882813
0.0155963897705078 0.00828456878662109 0.00231504440307617 0.00491523742675781
0.0122880935668945 0.006683349609375 -0.00455665588378906 0.00609970092773438
0.014348030090332 0.00746726989746094 -0.0109758377075195 0.00895500183105469
0.0131902694702148 0.0117626190185547 -0.0171880722045898 0.00615978240966797
0.0059499740600586 0.0162029266357422 -0.0198898315429688 -0.00349617004394531
-0.00433254241943359 0.0174331665039063 -0.0116539001464844 -0.0116472244262695
-0.0155057907104492 0.00908851623535156 0.00205039978027344 -0.00984573364257813
-0.0192108154296875 -0.000791549682617189 -0.00824069976806641 0.00498199462890625
-0.0252819061279297 -0.0115871429443359 -0.0297412872314453 -0.00151252746582032
-0.013392448425293 -0.0133161544799805 -0.0217819213867188 0.00296592712402344
-0.0165224075317383 -0.00496959686279297 -0.0346336364746094 0.00824165344238281
-0.0163021087646484 0.00317573547363281 -0.0232944488525391 0.0229129791259766
-0.0119161605834961 0.0125141143798828 -0.004791259765625 0.0228538513183594
-0.00118541717529297 0.0146961212158203 0.00451755523681641 0.0121450424194336
0.00785446166992188 0.0142650604248047 0.00352811813354492 0.00493240356445313
0.0115852355957031 0.0100154876708984 -0.00434422492980957 0.00295877456665039
0.00929927825927734 0.00827884674072266 -0.0103654861450195 0.00457572937011719
0.0107660293579102 0.00870227813720703 -0.0156364440917969 0.00724411010742188
0.00892353057861328 0.0123558044433594 -0.0199966430664063 0.004241943359375
0.00229454040527344 0.0145206451416016 -0.0201873779296875 -0.00423622131347656
-0.00677013397216797 0.0144929885864258 -0.0112190246582031 -0.010162353515625
-0.0152072906494141 0.00447654724121094 -0.00116252899169922 -0.00713348388671875
-0.0150108337402344 -0.00561332702636719 -0.0131111145019531 0.00501728057861328
-0.0166463851928711 -0.0151567459106445 -0.03363037109375 -0.00447463989257813
-0.00123977661132813 -0.0101938247680664 -0.0243434906005859 -0.00260734558105468
-0.00407648086547852 -0.00609731674194336 -0.0360069274902344 0.003509521484375
-0.00864362716674805 -0.00232887268066406 -0.0251922607421875 0.0191230773925781
-0.00898551940917969 0.00366497039794922 -0.00608444213867187 0.0180072784423828
-0.00396442413330078 0.00749444961547852 0.00223207473754883 0.00699901580810547
0.000513076782226562 0.0105447769165039 -0.00160598754882813 0.00033557415008545
0.00478172302246094 0.0107288360595703 -0.00989818572998047 0.000292778015136718
0.00406455993652344 0.0089874267578125 -0.0152807235717773 0.00271320343017578
0.00548744201660156 0.00957202911376953 -0.0190849304199219 0.00535202026367188
0.00403404235839844 0.0113210678100586 -0.0219745635986328 0.00202369689941406
-0.00104045867919922 0.0127592086791992 -0.0210418701171875 -0.00558853149414063
-0.00883102416992188 0.0111370086669922 -0.0113668441772461 -0.0112161636352539
-0.0149688720703125 -0.000713348388671877 -0.00162696838378906 -0.00636959075927734
-0.00970649719238281 -0.0108957290649414 -0.0140933990478516 0.0043497085571289
-0.00788307189941406 -0.0180587768554688 -0.0356216430664063 -0.00762939453125
0.0107641220092773 -0.00632286071777344 -0.0204696655273438 -0.00430679321289062
0.00821065902709961 -0.00586652755737305 -0.0319728851318359 0.00118446350097656
0.00142097473144531 -0.00668573379516602 -0.0235729217529297 0.0158538818359375
-0.00395965576171875 -0.00543928146362305 -0.00575637817382813 0.0149450302124023
-0.00626802444458008 -0.00133371353149414 0.00188875198364258 0.00446796417236328
-0.00617599487304688 0.00561666488647461 -0.0034937858581543 -0.00247502326965332
-0.00217819213867188 0.00924777984619141 -0.0115137100219727 -0.00250816345214844
-0.00101375579833984 0.00831127166748047 -0.0174674987792969 4.10079956054697E-05
0.000456809997558595 0.00843238830566406 -0.0211601257324219 0.00201034545898437
-0.000479698181152343 0.00990200042724609 -0.0228157043457031 -0.001861572265625
-0.00358772277832031 0.00957775115966797 -0.0204906463623047 -0.00835800170898437
-0.00933933258056641 0.00712490081787109 -0.0110683441162109 -0.01239013671875
-0.0129404067993164 -0.00434398651123047 -0.00268745422363281 -0.00893115997314453
-0.00460529327392578 -0.0143299102783203 -0.0138940811157227 -0.00148296356201172
0.00195121765136719 -0.0188102722167969 -0.0331096649169922 -0.0126972198486328
-0.0185813903808594 0.0131359100341797 0.0293312072753906 0.0143947601318359
0.00360107421875 0.0194873809814453 0.0113420486450195 0.00933170318603516
0.0105962753295898 0.00474166870117188 0.00226879119873047 0.0122184753417969
0.00914287567138672 -0.00197887420654297 0.0114898681640625 0.0177402496337891
0.00677919387817383 -0.00649929046630859 0.0212879180908203 0.0125579833984375
0.00273990631103516 -0.0108966827392578 0.0248966217041016 0.00313758850097656
0.00162696838378906 -0.00952816009521484 0.0234336853027344 2.47955322265619E-05
0.00236320495605469 -0.0082545280456543 0.0178775787353516 0.00104713439941406
0.0065460205078125 -0.01055908203125 0.0109081268310547 0.00495338439941406
0.0120573043823242 -0.00300693511962891 0.00255870819091797 0.00535345077514649
0.0119075775146484 0.00793170928955078 -0.00430917739868164 -0.00519037246704102
0.00378227233886719 0.0141792297363281 0.00266170501708984 -0.0145788192749023
-0.0100517272949219 0.0128488540649414 0.0242710113525391 -0.0141658782958984
-0.0185775756835938 0.00938987731933594 0.0297107696533203 0.000627517700195313
-0.0276565551757813 0.003021240234375 0.0104284286499023 0.00622844696044922
-0.0268115997314453 0.00763511657714843 0.02117919921875 0.0194606781005859
-0.00668144226074219 0.0189876556396484 0.00557899475097656 0.0151615142822266
0.00362586975097656 0.00926494598388672 0.00069427490234375 0.0183010101318359
0.00585842132568359 0.00495338439941406 0.0111122131347656 0.0224838256835938
0.00806140899658203 0.000824451446533203 0.0210742950439453 0.0160064697265625
0.00837230682373047 -0.00530862808227539 0.0250110626220703 0.00625228881835938
0.00898265838623047 -0.00627994537353516 0.0225410461425781 0.00325965881347656
0.0084834098815918 -0.00452756881713867 0.0159397125244141 0.00429248809814453
0.0124359130859375 -0.00575065612792969 0.00752639770507813 0.00755167007446289
0.0165500640869141 0.00270938873291016 -0.00125741958618164 0.00730323791503906
0.0122461318969727 0.0140342712402344 -0.00893974304199219 -0.00415134429931641
0.00170516967773438 0.0202312469482422 -0.00245285034179687 -0.0143194198608398
-0.0157642364501953 0.0157842636108398 0.0182991027832031 -0.0159473419189453
-0.0256004333496094 0.007537841796875 0.0208568572998047 0.000261306762695313
-0.0346145629882813 -0.000827789306640619 0.00014686584472656 0.00559759140014648
-0.0321559906005859 -0.000320434570312494 0.00933265686035156 0.0207328796386719
-0.0175590515136719 0.0142889022827148 -0.00476837158203125 0.0194606781005859
-0.00614833831787109 0.0119743347167969 -0.00346946716308594 0.0244827270507813
0.000861167907714843 0.0129909515380859 0.00941848754882813 0.0269107818603516
0.00837421417236328 0.00870704650878906 0.0190315246582031 0.0187168121337891
0.0138149261474609 0.00238037109375 0.0232143402099609 0.00888442993164063
0.0145931243896484 -0.00079345703125 0.0187511444091797 0.00544929504394531
0.0131559371948242 -0.000126838684082031 0.0110340118408203 0.00640964508056641
0.0167312622070313 -0.000414848327636719 0.002471923828125 0.0099945068359375
0.0181198120117188 0.0070648193359375 -0.00690555572509766 0.00888347625732422
0.0120067596435547 0.0174360275268555 -0.0138654708862305 -0.00312519073486328
-5.72204589843772E-05 0.0230369567871094 -0.00747585296630859 -0.0144624710083008
-0.0178318023681641 0.0164871215820313 0.0114650726318359 -0.0156717300415039
-0.0283603668212891 0.00611495971679688 0.00943470001220703 0.00122451782226563
-0.0366058349609375 -0.00443267822265626 -0.011723518371582 0.00461483001708985
-0.0320377349853516 -0.00867843627929688 -0.00353240966796875 0.0186882019042969
-0.0253562927246094 0.00713729858398437 -0.0170097351074219 0.0204982757568359
-0.0146694183349609 0.0127544403076172 -0.00991249084472656 0.0286617279052734
-0.00526618957519531 0.0184440612792969 0.00551414489746094 0.0294952392578125
0.00629806518554688 0.0159616470336914 0.0156154632568359 0.0194587707519531
0.0161113739013672 0.00987339019775391 0.0188941955566406 0.0101127624511719
0.0181236267089844 0.00391197204589844 0.0120954513549805 0.006500244140625
0.0153093338012695 0.00397682189941406 0.00474405288696289 0.00722169876098633
0.0176258087158203 0.00430107116699219 -0.00360012054443359 0.0108709335327148
0.0177745819091797 0.0105991363525391 -0.0117111206054687 0.00919246673583984
0.0100078582763672 0.0183334350585937 -0.0179481506347656 -0.00166130065917969
-0.00169944763183594 0.0220127105712891 -0.0114860534667969 -0.0117301940917969
-0.0176525115966797 0.0149269104003906 0.00486087799072266 -0.0130186080932617
-0.0264854431152344 0.00367164611816406 -0.00062680244445801 0.00347709655761719
-0.0340709686279297 -0.00813102722167968 -0.0225410461425781 0.00317001342773437
-0.0266456604003906 -0.0144119262695313 -0.0165605545043945 0.0129766464233398
-0.0255947113037109 -0.00103187561035156 -0.0294017791748047 0.0185470581054688
-0.0201358795166016 0.00968360900878906 -0.0170555114746094 0.0300273895263672
-0.0108146667480469 0.0199222564697266 0.000942230224609373 0.0288715362548828
0.00315475463867187 0.0188980102539063 0.010807991027832 0.0167598724365234
0.0144643783569336 0.0152015686035156 0.0113744735717773 0.00810432434082031
0.0182456970214844 0.00842666625976563 0.00378990173339844 0.00531673431396484
0.0146980285644531 0.0079488754272461 -0.00317955017089844 0.00706386566162109
0.0166444778442383 0.00793647766113281 -0.0097360610961914 0.0106954574584961
0.0151796340942383 0.0128259658813477 -0.0162839889526367 0.00888919830322266
0.00679588317871094 0.0184173583984375 -0.0203113555908203 -0.000959396362304686
-0.00455474853515625 0.0203018188476563 -0.0126419067382813 -0.0100784301757812
-0.017730712890625 0.0106296539306641 0.00115966796875 -0.00952529907226563
-0.0233268737792969 -0.00117683410644531 -0.00835561752319336 0.00690603256225586
-0.0292148590087891 -0.0131320953369141 -0.0320453643798828 0.00176620483398438
-0.0153751373291016 -0.0166873931884766 -0.0238971710205078 0.00628662109374999
-0.0192089080810547 -0.0068359375 -0.0364875793457031 0.012298583984375
-0.0189914703369141 0.00291824340820313 -0.0229434967041016 0.0262813568115234
-0.0135898590087891 0.0143880844116211 -0.00374984741210937 0.0249881744384766
-0.00175094604492187 0.0172929763793945 0.00591564178466797 0.0127887725830078
0.00950145721435547 0.0167665481567383 0.00462579727172852 0.00548553466796875
0.0143756866455078 0.0115556716918945 -0.00384426116943359 0.00334334373474121
0.0116786956787109 0.00993728637695313 -0.00986576080322265 0.00579357147216797
0.0134210586547852 0.0105485916137695 -0.0150480270385742 0.00884151458740234
0.0111236572265625 0.0146484375 -0.0192928314208984 0.00629997253417969
0.00255775451660156 0.0174121856689453 -0.0204868316650391 -0.00216293334960938
-0.00732898712158203 0.0171394348144531 -0.0123138427734375 -0.00916481018066406
-0.0177574157714844 0.00547409057617188 -0.00169038772583008 -0.0064854621887207
-0.0188961029052734 -0.00724220275878906 -0.0133466720581055 0.00709629058837891
-0.0201091766357422 -0.0176315307617188 -0.0366249084472656 -0.00218963623046875
-0.00117588043212891 -0.0139131546020508 -0.0277576446533203 -0.000482559204101564
-0.00522327423095703 -0.00982666015625 -0.0390777587890625 0.00680160522460938
-0.0112514495849609 -0.00398349761962891 -0.0252723693847656 0.0225162506103516
-0.0116310119628906 0.0049428939819336 -0.0050811767578125 0.019744873046875
-0.00531482696533203 0.00977230072021484 0.00292778015136719 0.00712394714355469
0.001678466796875 0.0137882232666016 -0.00162672996520996 0.00011587142944336
0.00734519958496094 0.0127296447753906 -0.0106077194213867 0.000645637512207034
0.00683975219726563 0.0107574462890625 -0.0157632827758789 0.00362491607666015
0.00829792022705078 0.0115947723388672 -0.0195274353027344 0.00632286071777344
0.0061492919921875 0.0143270492553711 -0.0220413208007813 0.00336837768554688
-0.000198364257812501 0.0155010223388672 -0.0212593078613281 -0.004425048828125
-0.00985145568847656 0.0143909454345703 -0.0118875503540039 -0.0103826522827148
-0.0182533264160156 0.000347137451171874 -0.0021505355834961 -0.00621747970581055
-0.0135030746459961 -0.0129919052124023 -0.0152158737182617 0.0056142807006836
-0.0106410980224609 -0.0217132568359375 -0.0394172668457031 -0.00637054443359375
0.0124692916870117 -0.0100069046020508 -0.0234546661376953 -0.00394058227539063
0.00815677642822266 -0.00995826721191406 -0.0350208282470703 0.00300979614257812
-0.000185012817382813 -0.00925922393798828 -0.0236854553222656 0.0186309814453125
-0.00669479370117187 -0.00557994842529297 -0.00493907928466797 0.0161609649658203
-0.00795507431030273 0.000804901123046874 0.00252079963684082 0.00346231460571289
-0.00637483596801758 0.00860691070556641 -0.00397706031799316 -0.00320720672607422
-0.000322341918945314 0.0115213394165039 -0.0130996704101563 -0.00253963470458985
0.000813484191894531 0.0101394653320313 -0.0193214416503906 0.00069808959960938
0.00243377685546875 0.0102319717407227 -0.0224323272705078 0.00244522094726563
0.00106334686279297 0.0124034881591797 -0.0238399505615234 -0.00103759765625
-0.00277805328369141 0.0120830535888672 -0.0215606689453125 -0.00793838500976563
-0.0101909637451172 0.00998783111572265 -0.0118579864501953 -0.0121927261352539
-0.0159807205200195 -0.00329780578613281 -0.00369071960449219 -0.00877237319946289
-0.00770092010498047 -0.0163021087646484 -0.0158004760742187 -0.000389099121093754
-0.000144958496093751 -0.0226001739501953 -0.0365943908691406 -0.0129241943359375
-0.0159454345703125 0.0167779922485352 0.0328712463378906 0.0148220062255859
0.00735282897949219 0.0204067230224609 0.0141773223876953 0.00900077819824219
0.012639045715332 0.00278663635253906 0.00315952301025391 0.0121965408325195
0.00937080383300781 -0.00424385070800781 0.0122127532958984 0.0179901123046875
0.00534582138061523 -0.00845479965209961 0.0224037170410156 0.0123367309570312
0.000280380249023436 -0.0124425888061523 0.0262203216552734 0.00250816345214844
-0.000560760498046874 -0.0103836059570313 0.0254402160644531 -0.00101470947265625
0.000842094421386718 -0.00908660888671875 0.0203361511230469 0.000623703002929687
0.00452709197998047 -0.0121994018554688 0.0128145217895508 0.00522422790527344
0.0120182037353516 -0.00570011138916016 0.00421142578125 0.00618648529052734
0.0142049789428711 0.00551795959472656 -0.00421857833862305 -0.00324440002441406
0.00683212280273438 0.0138521194458008 0.00188541412353516 -0.0137138366699219
-0.00802421569824219 0.0158748626708984 0.0233516693115234 -0.0159358978271484
-0.0182590484619141 0.0135917663574219 0.031341552734375 -0.000875473022460937
-0.028472900390625 0.00754356384277343 0.0129194259643555 0.00694179534912109
-0.0263099670410156 0.0108985900878906 0.0249958038330078 0.0211105346679688
-0.00447463989257813 0.0193138122558594 0.00827503204345703 0.0160531997680664
0.00494289398193359 0.00794744491577148 0.00235176086425781 0.0184803009033203
0.00643205642700195 0.00392580032348633 0.01214599609375 0.0229587554931641
0.0076603889465332 -0.000792980194091797 0.0223674774169922 0.0162124633789063
0.0072016716003418 -0.00637531280517578 0.0274429321289063 0.00594520568847656
0.00764179229736328 -0.00678300857543945 0.025390625 0.00262641906738281
0.00763845443725586 -0.00530719757080078 0.0189685821533203 0.00397300720214844
0.011723518371582 -0.00687885284423828 0.0106725692749023 0.00834369659423828
0.0168695449829102 0.000908851623535156 0.000495910644531252 0.00910282135009766
0.0145196914672852 0.0128250122070313 -0.00867557525634766 -0.00138235092163086
0.00395584106445313 0.0208568572998047 -0.00350093841552734 -0.0126361846923828
-0.0148735046386719 0.0181884765625 0.0170526504516602 -0.0170536041259766
-0.0270118713378906 0.0111961364746094 0.0218524932861328 -0.000513076782226562
-0.0361976623535156 0.00294876098632812 0.00195503234863281 0.00769853591918945
-0.0330162048339844 0.00117301940917968 0.0128765106201172 0.0233325958251953
-0.0171241760253906 0.0156040191650391 -0.00139045715332031 0.0215587615966797
-0.00549221038818359 0.0123472213745117 -0.00107765197753906 0.0250911712646484
0.0010986328125 0.0125007629394531 0.0113582611083984 0.0276126861572266
0.00817966461181641 0.00862598419189453 0.0212879180908203 0.0182628631591797
0.0133304595947266 0.00143814086914063 0.0258197784423828 0.00883293151855469
0.0149812698364258 -0.00178432464599609 0.0214729309082031 0.00518608093261719
0.0133943557739258 -0.000615119934082031 0.0139141082763672 0.00640392303466797
0.0171451568603516 -0.00137615203857422 0.00594806671142578 0.0107402801513672
0.0192489624023438 0.00633430480957031 -0.00396823883056641 0.0109224319458008
0.0136165618896484 0.0176029205322266 -0.0135211944580078 0.000213623046875
0.00156402587890625 0.0241432189941406 -0.00831794738769531 -0.0114622116088867
-0.0179615020751953 0.0193290710449219 0.00982284545898438 -0.0158920288085938
-0.03021240234375 0.00879669189453126 0.0103855133056641 0.00136089324951172
-0.0396156311035156 -0.00182723999023438 -0.0105571746826172 0.00787258148193359
-0.0340576171875 -0.00793266296386718 -0.00137901306152344 0.0227584838867188
-0.0263576507568359 0.00780677795410156 -0.0145397186279297 0.0238780975341797
-0.0155630111694336 0.0133657455444336 -0.00736045837402344 0.0298824310302734
-0.00506401062011719 0.0198459625244141 0.00799942016601563 0.0304718017578125
0.00663948059082031 0.0164899826049805 0.0177288055419922 0.0195579528808594
0.016697883605957 0.00982093811035156 0.0212287902832031 0.00984573364257813
0.0196743011474609 0.00385856628417969 0.014836311340332 0.00622653961181641
0.0166177749633789 0.00435447692871094 0.00767707824707031 0.00748825073242188
0.0196495056152344 0.00396156311035156 -0.000523567199707029 0.0115251541137695
0.0193119049072266 0.0110740661621094 -0.00913715362548828 0.0111246109008789
0.0115375518798828 0.0194168090820313 -0.0168132781982422 0.000991821289062501
-0.000341415405273437 0.0244541168212891 -0.0117683410644531 -0.00925445556640625
-0.0183200836181641 0.0168972015380859 0.00371551513671875 -0.0126552581787109
-0.0291938781738281 0.00508117675781249 0.00028562545776367 0.00466632843017578
-0.0375480651855469 -0.0066375732421875 -0.0220870971679688 0.00665283203125
-0.0299797058105469 -0.0156059265136719 -0.0159187316894531 0.0167179107666016
-0.0285167694091797 -0.000595092773437494 -0.0273418426513672 0.0221424102783203
-0.0223922729492188 0.0105800628662109 -0.014892578125 0.0319252014160156
-0.0115509033203125 0.0218315124511719 0.00292587280273437 0.0299243927001953
0.00343132019042969 0.0211658477783203 0.0126800537109375 0.0169410705566406
0.0165328979492188 0.015894889831543 0.0136022567749023 0.00811290740966797
0.0205802917480469 0.00855636596679688 0.00601005554199219 0.00571489334106445
0.0168943405151367 0.00797653198242188 -0.00124502182006836 0.00768804550170899
0.0190925598144531 0.00860023498535156 -0.00737667083740234 0.0117101669311523
0.0171146392822266 0.0138559341430664 -0.0138702392578125 0.0105762481689453
0.00839042663574219 0.0203742980957031 -0.0191936492919922 0.00150680541992188
-0.00348472595214844 0.0230369567871094 -0.0129499435424805 -0.00757408142089844
-0.0197391510009766 0.0129489898681641 0.000768661499023437 -0.00832128524780274
-0.0265941619873047 -0.000450134277343746 -0.00736618041992188 0.00892257690429688
-0.0330314636230469 -0.0127944946289062 -0.0321578979492188 0.00541877746582031
-0.0178680419921875 -0.0190963745117188 -0.0249290466308594 0.0096435546875
-0.022430419921875 -0.00876426696777344 -0.0366401672363281 0.01629638671875
-0.0217704772949219 0.00383186340332032 -0.0207118988037109 0.0285129547119141
-0.0148983001708984 0.0167503356933594 -0.00189590454101562 0.026092529296875
-0.00191688537597656 0.0199127197265625 0.0068511962890625 0.0128288269042969
0.0116424560546875 0.0188865661621094 0.00599956512451172 0.00529050827026367
0.0175256729125977 0.0120277404785156 -0.00301575660705566 0.00387144088745117
0.014643669128418 0.0108394622802734 -0.00877046585083008 0.00625753402709961
0.016423225402832 0.0114936828613281 -0.0138263702392578 0.00969219207763672
0.0141563415527344 0.0160350799560547 -0.0175542831420898 0.00766563415527344
0.00466156005859375 0.0198287963867188 -0.0202102661132813 -0.000494003295898432
-0.00732612609863282 0.0203495025634766 -0.0121917724609375 -0.00745582580566406
-0.0206184387207031 0.00752830505371093 -0.0015406608581543 -0.00548219680786133
-0.0228862762451172 -0.00768661499023437 -0.0131521224975586 0.00897407531738281
-0.0241680145263672 -0.0189113616943359 -0.0378952026367188 0.000816345214843742
-0.00314521789550781 -0.0178604125976563 -0.0296363830566406 0.00244903564453126
-0.00865650177001953 -0.0128183364868164 -0.0400199890136719 0.0098114013671875
-0.0142612457275391 -0.00448226928710938 -0.0235214233398438 0.0250091552734375
-0.0141716003417969 0.00643539428710937 -0.00422859191894531 0.0203113555908203
-0.00597763061523437 0.0127420425415039 0.0033869743347168 0.00661468505859375
0.00378990173339844 0.0168523788452148 -0.00158369541168213 0.000534653663635255
0.0108642578125 0.0139074325561523 -0.0107812881469727 0.00100326538085937
0.00973224639892578 0.0119762420654297 -0.0162239074707031 0.00477218627929688
0.0113906860351562 0.0129051208496094 -0.0190486907958984 0.00723075866699219
0.00921916961669922 0.0161972045898438 -0.0213794708251953 0.00435638427734375
0.00110435485839844 0.0182285308837891 -0.0217704772949219 -0.00302314758300781
-0.0099649429321289 0.0175266265869141 -0.0118265151977539 -0.00899791717529297
-0.0208892822265625 0.00287246704101563 -0.0026698112487793 -0.00536203384399414
-0.0182743072509766 -0.0135421752929688 -0.0156888961791992 0.00735759735107422
-0.0146408081054687 -0.0238609313964844 -0.0407524108886719 -0.00427246093750001
0.0120649337768555 -0.0143318176269531 -0.0258407592773438 -0.00292778015136719
0.00643348693847656 -0.0135993957519531 -0.0363922119140625 0.00527572631835938
-0.00287342071533203 -0.0109968185424805 -0.0225696563720703 0.0204334259033203
-0.00974273681640625 -0.00459957122802734 -0.00389480590820313 0.0157594680786133
-0.00920391082763672 0.00283336639404297 0.00212812423706055 0.00274872779846191
-0.00499343872070312 0.0114307403564453 -0.00478839874267578 -0.00383472442626953
0.00216865539550781 0.0134592056274414 -0.0152683258056641 -0.00263500213623047
0.00370311737060547 0.0109443664550781 -0.0202445983886719 0.00148582458496094
0.00529766082763672 0.0118656158447266 -0.0236434936523438 0.00337791442871094
0.00417804718017578 0.0138349533081055 -0.0242233276367188 -0.00077629089355469
-0.00148868560791016 0.0145397186279297 -0.0221633911132812 -0.00696372985839843
-0.0103206634521484 0.0129003524780273 -0.0124959945678711 -0.0115461349487305
-0.0185394287109375 -0.00151252746582032 -0.00403976440429688 -0.00830602645874023
-0.0119590759277344 -0.0176582336425781 -0.0176658630371094 0.000396728515625002
-0.00331878662109375 -0.0256862640380859 -0.039581298828125 -0.012054443359375
-0.0136089324951172 0.0191936492919922 0.0361328125 0.0149459838867188
0.0105628967285156 0.0195369720458984 0.0165996551513672 0.00817966461181641
0.0136070251464844 0.000597000122070313 0.00409412384033203 0.0114269256591797
0.00884819030761719 -0.00650978088378906 0.0123405456542969 0.0180320739746094
0.00382041931152344 -0.00978183746337891 0.0230617523193359 0.0123462677001953
-0.00239372253417969 -0.0127201080322266 0.0273761749267578 0.00225830078125
-0.00248622894287109 -0.0103054046630859 0.0271873474121094 -0.00152015686035156
-0.00108242034912109 -0.00896072387695312 0.0220832824707031 -0.000228881835937501
0.00230884552001953 -0.0125923156738281 0.015376091003418 0.00486278533935547
0.0109901428222656 -0.00789260864257813 0.00651359558105469 0.00684165954589844
0.0149078369140625 0.0032806396484375 -0.00377058982849121 -0.00138759613037109
0.00900363922119141 0.0128345489501953 0.00131511688232422 -0.0122871398925781
-0.00565147399902344 0.0172395706176758 0.0226497650146484 -0.0171794891357422
-0.0171270370483398 0.0172100067138672 0.0327739715576172 -0.00262832641601562
-0.0281105041503906 0.0120620727539062 0.0159511566162109 0.00790500640869141
-0.0249958038330078 0.012298583984375 0.0283737182617188 0.0218410491943359
-0.00247955322265625 0.0192337036132813 0.0112705230712891 0.0158681869506836
0.00571012496948242 0.00635671615600586 0.00370597839355469 0.0181236267089844
0.00612926483154297 0.00243473052978516 0.0132064819335937 0.0228977203369141
0.00637722015380859 -0.00120878219604492 0.0239448547363281 0.0161552429199219
0.00573205947875977 -0.00645971298217774 0.0287456512451172 0.00525474548339844
0.00660943984985352 -0.0068354606628418 0.0274562835693359 0.00164985656738281
0.00697469711303711 -0.00529003143310547 0.0211238861083984 0.00280189514160156
0.0107173919677734 -0.00798320770263672 0.0138311386108398 0.00857257843017578
0.0167503356933594 -0.000689506530761719 0.00391197204589844 0.0100688934326172
0.0156440734863281 0.0114336013793945 -0.00747108459472656 0.000992298126220703
0.00608444213867188 0.0207672119140625 -0.00387382507324219 -0.0110855102539063
-0.0133876800537109 0.0204219818115234 0.0161628723144531 -0.0169610977172852
-0.0272216796875 0.0148391723632812 0.022857666015625 -0.00108146667480469
-0.0373268127441406 0.00695419311523437 0.00457477569580078 0.00937652587890625
-0.033203125 0.0024871826171875 0.0165767669677734 0.0252838134765625
-0.0165300369262695 0.0156927108764648 0.00154495239257812 0.0221271514892578
-0.00528621673583984 0.0120964050292969 0.000844955444335939 0.025146484375
0.00125694274902344 0.0126619338989258 0.0128536224365234 0.0278682708740234
0.00827693939208984 0.00844526290893555 0.0233001708984375 0.0189304351806641
0.0128574371337891 0.00137996673583984 0.0280208587646484 0.00790596008300781
0.0152854919433594 -0.0019378662109375 0.0241222381591797 0.00441360473632813
0.0137214660644531 -0.000563621520996094 0.0172224044799805 0.00523281097412109
0.0171899795532227 -0.001983642578125 0.0088491439819336 0.0105476379394531
0.0203018188476563 0.00583076477050781 -0.00101566314697265 0.0119104385375977
0.01513671875 0.0173244476318359 -0.0117397308349609 0.00239658355712891
0.00331497192382813 0.0252361297607422 -0.00855827331542969 -0.00898170471191406
-0.0176887512207031 0.0211982727050781 0.00934410095214844 -0.0151710510253906
-0.0317516326904297 0.0115165710449219 0.0121564865112305 0.0017242431640625
-0.041412353515625 0.000968933105468745 -0.00862884521484375 0.0106172561645508
-0.0365257263183594 -0.00729751586914062 0.00176048278808593 0.0248661041259766
-0.0277824401855469 0.00836563110351562 -0.0113449096679688 0.0255298614501953
-0.0163087844848633 0.014103889465332 -0.00519752502441406 0.0300979614257813
-0.00536918640136719 0.0208606719970703 0.00941658020019531 0.0308380126953125
0.00702285766601562 0.0175743103027344 0.0193233489990234 0.0198440551757813
0.0179405212402344 0.0102653503417969 0.0233097076416016 0.00940322875976563
0.0210762023925781 0.00326156616210938 0.0171518325805664 0.00598335266113281
0.0180435180664063 0.00444602966308594 0.00983142852783203 0.00692272186279297
0.0210494995117188 0.00378608703613281 0.00256443023681641 0.0116653442382813
0.021240234375 0.0109519958496094 -0.00606250762939453 0.0121889114379883
0.0130062103271484 0.0201530456542969 -0.0148887634277344 0.0033559799194336
0.000648498535156249 0.0259170532226562 -0.0111179351806641 -0.00673484802246094
-0.0193309783935547 0.0190811157226563 0.00343513488769531 -0.011469841003418
-0.0316314697265625 0.00705337524414062 0.00197362899780273 0.00600624084472656
-0.0402984619140625 -0.00492095947265625 -0.0204143524169922 0.0100727081298828
-0.0323486328125 -0.0166473388671875 -0.0142707824707031 0.0205917358398438
-0.0313758850097656 -0.000707626342773432 -0.02532958984375 0.0245742797851562
-0.0242328643798828 0.01202392578125 -0.0126113891601563 0.0323238372802734
-0.0121040344238281 0.0242595672607422 0.00448989868164062 0.0301303863525391
0.004150390625 0.0228862762451172 0.014190673828125 0.0169792175292969
0.0186271667480469 0.0165157318115234 0.0155372619628906 0.00777244567871094
0.0231952667236328 0.00810813903808594 0.00751972198486328 0.00594091415405274
0.0193672180175781 0.00808334350585938 0.000835418701171875 0.00744295120239258
0.0218448638916016 0.0085601806640625 -0.00489234924316406 0.0113964080810547
0.0198097229003906 0.0146865844726562 -0.011174201965332 0.0111064910888672
0.0100784301757813 0.0220623016357422 -0.0176181793212891 0.00316429138183594
-0.00327301025390625 0.0254096984863281 -0.0119075775146484 -0.00574207305908203
-0.0209369659423828 0.0150985717773438 0.000852108001708983 -0.00758457183837891
-0.0302658081054688 0.00065422058105469 -0.00562095642089844 0.0103921890258789
-0.0364799499511719 -0.0119552612304687 -0.0311965942382813 0.00882911682128907
-0.0214614868164063 -0.0213069915771484 -0.0248394012451172 0.0129470825195312
-0.0263442993164062 -0.00981330871582031 -0.0355873107910156 0.0194091796875
-0.0247001647949219 0.00445556640625001 -0.0188484191894531 0.0296134948730469
-0.0161209106445313 0.0193119049072266 -0.000783920288085941 0.026336669921875
-0.00103187561035156 0.0223197937011719 0.00761699676513672 0.0127534866333008
0.0143146514892578 0.0201988220214844 0.00682497024536133 0.00476980209350586
0.0204753875732422 0.0125446319580078 -0.00221371650695801 0.00417423248291016
0.0177707672119141 0.0107364654541016 -0.0081791877746582 0.00657224655151367
0.0197467803955078 0.0117835998535156 -0.0126304626464844 0.00956344604492187
0.0169639587402344 0.016911506652832 -0.0160913467407227 0.00780200958251953
0.00641632080078125 0.0218276977539063 -0.018585205078125 0.000150680541992188
-0.006500244140625 0.02313232421875 -0.0113821029663086 -0.00608062744140625
-0.0223960876464844 0.00987243652343749 -0.000916719436645509 -0.00429439544677734
-0.0268421173095703 -0.00635337829589844 -0.0120601654052734 0.0111780166625977
-0.0282917022705078 -0.0191936492919922 -0.0380935668945313 0.00367355346679688
-0.00562095642089844 -0.0211029052734375 -0.0308361053466797 0.00440216064453125
-0.0124359130859375 -0.0148611068725586 -0.0402450561523437 0.0127487182617187
-0.016911506652832 -0.00439739227294922 -0.0219001770019531 0.0260238647460937
-0.0159969329833984 0.00898551940917969 -0.00303268432617187 0.0203437805175781
-0.00620651245117188 0.0154533386230469 0.00389432907104492 0.00599431991577148
0.00649261474609375 0.0187416076660156 -0.00137948989868164 0.000430822372436525
0.0142087936401367 0.014286994934082 -0.0107278823852539 0.0015859603881836
0.0130090713500977 0.01251220703125 -0.0162620544433594 0.00513458251953125
0.0145950317382813 0.013493537902832 -0.0188941955566406 0.00765991210937501
0.0123214721679688 0.0172815322875977 -0.0205287933349609 0.00427055358886718
0.00319290161132813 0.0205097198486328 -0.0206756591796875 -0.00272560119628907
-0.00872421264648438 0.0205802917480469 -0.0115461349487305 -0.00842475891113281
-0.0228424072265625 0.00518417358398438 -0.00159454345703125 -0.00501585006713867
-0.0221023559570313 -0.0139179229736328 -0.0158395767211914 0.00899505615234375
-0.0187797546386719 -0.0249996185302734 -0.0424461364746094 -0.00214767456054688
0.0105171203613281 -0.0182781219482422 -0.0286006927490234 -0.00161170959472657
0.00352382659912109 -0.0171442031860352 -0.0372543334960938 0.0073394775390625
-0.00570487976074219 -0.0118446350097656 -0.0209274291992188 0.0216045379638672
-0.0117149353027344 -0.00309658050537109 -0.00325202941894531 0.0149202346801758
-0.00988197326660156 0.00551509857177734 0.00149095058441162 0.00163257122039795
-0.00269222259521485 0.0139560699462891 -0.00589895248413086 -0.00431060791015625
0.00562095642089844 0.0139646530151367 -0.0165185928344727 -0.00234317779541016
0.00656986236572266 0.0118865966796875 -0.0216655731201172 0.002349853515625
0.00816726684570313 0.0123672485351563 -0.0244731903076172 0.00410079956054688
0.00706291198730469 0.0145368576049805 -0.0243606567382813 -0.000467300415039058
0.000326156616210938 0.0161809921264648 -0.0220890045166016 -0.00641822814941406
-0.00921344757080078 0.0156269073486328 -0.0121784210205078 -0.0115156173706055
-0.020111083984375 0.000968933105468749 -0.00403451919555664 -0.00767898559570313
-0.0157909393310547 -0.0174760818481445 -0.0181789398193359 0.0019378662109375
-0.007598876953125 -0.0272064208984375 -0.0417366027832031 -0.0112648010253906
-0.0113716125488281 0.0202369689941406 0.0390357971191406 0.0152778625488281
0.0127887725830078 0.0182685852050781 0.0189762115478516 0.00712203979492188
0.0138378143310547 -0.00136756896972656 0.00441360473632813 0.0109100341796875
0.00791215896606445 -0.00846433639526367 0.0124740600585938 0.0188140869140625
0.00186347961425781 -0.0102510452270508 0.0239715576171875 0.0131320953369141
-0.00463294982910156 -0.0120429992675781 0.0289325714111328 0.00217437744140625
-0.003570556640625 -0.0092010498046875 0.0291824340820313 -0.00260543823242188
-0.0024867057800293 -0.00872087478637695 0.0239887237548828 -0.000911712646484376
0.000123977661132812 -0.0124521255493164 0.0182037353515625 0.00414848327636719
0.00910091400146484 -0.00924015045166016 0.00891399383544922 0.00765037536621094
0.0152797698974609 0.00118732452392578 -0.00223708152770996 0.00054931640625
0.01080322265625 0.0117254257202148 0.00136947631835938 -0.0109043121337891
-0.00312995910644531 0.0187740325927734 0.0218505859375 -0.0168609619140625
-0.0154800415039062 0.0202350616455078 0.03460693359375 -0.00394058227539062
-0.0266456604003906 0.0152072906494141 0.0189838409423828 0.00863456726074219
-0.0241413116455078 0.0137538909912109 0.0322341918945313 0.0224475860595703
-0.000946044921875 0.0188045501708984 0.0138168334960938 0.0150413513183594
0.00607109069824219 0.00539207458496094 0.00446510314941406 0.0175952911376953
0.00528383255004883 0.00203943252563477 0.013885498046875 0.0237388610839844
0.00534868240356445 -0.00159168243408203 0.0249481201171875 0.0164775848388672
0.00430440902709961 -0.00593852996826172 0.0309524536132812 0.00542259216308594
0.0057988166809082 -0.00670528411865234 0.0301666259765625 0.000890731811523437
0.00700855255126953 -0.00484371185302734 0.0240898132324219 0.00185203552246094
0.00984954833984375 -0.00780010223388672 0.0167655944824219 0.0075225830078125
0.0162525177001953 -0.00129413604736328 0.00638103485107422 0.0105571746826172
0.0168075561523438 0.0110702514648438 -0.0054469108581543 0.00260114669799805
0.00713539123535157 0.0206184387207031 -0.00346279144287109 -0.00892448425292969
-0.012359619140625 0.0216407775878906 0.0155582427978516 -0.0166234970092773
-0.0270938873291016 0.0173263549804688 0.0249271392822266 -0.00139999389648437
-0.0377578735351562 0.00974273681640626 0.00792598724365234 0.0107383728027344
-0.0348911285400391 0.00331878662109375 0.0201072692871094 0.0271816253662109
-0.0172119140625 0.0156192779541016 0.00437736511230469 0.0222625732421875
-0.00634098052978516 0.0116910934448242 0.00185585021972656 0.0250110626220703
0.000147819519042969 0.0130138397216797 0.0137042999267578 0.0282611846923828
0.00754404067993164 0.00869941711425781 0.0245647430419922 0.0194435119628906
0.0132074356079102 0.00217533111572266 0.0300197601318359 0.00760841369628906
0.0156745910644531 -0.00170230865478516 0.0268230438232422 0.00332450866699219
0.014531135559082 -0.000444412231445313 0.0193271636962891 0.00440216064453125
0.0178413391113281 -0.0018463134765625 0.0117006301879883 0.0098114013671875
0.0210609436035156 0.00539779663085938 0.0021657943725586 0.0123929977416992
0.0163192749023438 0.0177211761474609 -0.00934696197509765 0.00395584106445313
0.00468254089355469 0.0256023406982422 -0.00780534744262695 -0.00718641281127929
-0.0175800323486328 0.0232219696044922 0.00920581817626953 -0.0146903991699219
-0.0331516265869141 0.0138893127441406 0.0139923095703125 0.00237083435058594
-0.0432014465332031 0.00299835205078125 -0.00538444519042969 0.0127344131469727
-0.0385818481445312 -0.00787353515625 0.00465202331542968 0.0276393890380859
-0.0299167633056641 0.00918769836425782 -0.00883293151855469 0.026763916015625
-0.0174980163574219 0.0145492553710938 -0.00438117980957032 0.0300521850585938
-0.0059661865234375 0.0224895477294922 0.0102443695068359 0.0316925048828125
0.0076751708984375 0.0185508728027344 0.02069091796875 0.0199031829833984
0.0190048217773438 0.0105228424072266 0.0255222320556641 0.00855445861816406
0.0225696563720703 0.00300025939941406 0.0193862915039063 0.00486373901367187
0.0197639465332031 0.00408554077148438 0.011749267578125 0.00593662261962891
0.0228958129882812 0.00432395935058594 0.00520801544189453 0.0107517242431641
0.0228347778320313 0.0108966827392578 -0.00325489044189453 0.012263298034668
0.0144157409667969 0.0215854644775391 -0.0125980377197266 0.00444316864013672
0.00162506103515625 0.0277233123779297 -0.0101251602172852 -0.00572490692138672
-0.0201969146728516 0.0211296081542969 0.00402450561523437 -0.0107860565185547
-0.0345458984375 0.00888633728027344 0.0036168098449707 0.00665283203125
-0.0432090759277344 -0.00348281860351562 -0.0184650421142578 0.0124225616455078
-0.0361213684082031 -0.0168418884277344 -0.0123004913330078 0.0229167938232422
-0.0349254608154297 -0.000659942626953118 -0.0239295959472656 0.0260944366455078
-0.0265789031982422 0.0132293701171875 -0.0115222930908203 0.0323219299316406
-0.0125007629394531 0.0261077880859375 0.00536727905273438 0.0309906005859375
0.00504684448242188 0.0251407623291016 0.0149250030517578 0.0170059204101563
0.0210437774658203 0.018157958984375 0.0172138214111328 0.00719261169433594
0.0258464813232422 0.00806808471679687 0.00896358489990235 0.00485324859619141
0.0221157073974609 0.00816535949707031 0.00236940383911133 0.00703668594360352
0.0247306823730469 0.00919342041015625 -0.00339221954345703 0.0111989974975586
0.0225944519042969 0.0151042938232422 -0.00887203216552734 0.0110025405883789
0.0119972229003906 0.0235481262207031 -0.0152769088745117 0.00354957580566407
-0.0020751953125 0.0279865264892578 -0.0108423233032227 -0.00475215911865234
-0.0229282379150391 0.0175266265869141 0.00171136856079101 -0.00632715225219726
-0.0335483551025391 0.002349853515625 -0.00434684753417969 0.0115880966186523
-0.040435791015625 -0.0113868713378906 -0.0298805236816406 0.0110664367675781
-0.0250759124755859 -0.0228786468505859 -0.0246391296386719 0.0155563354492188
-0.0305385589599609 -0.0098419189453125 -0.0350379943847656 0.0213470458984375
-0.0277862548828125 0.00553321838378906 -0.0178146362304688 0.0302333831787109
-0.0175209045410156 0.0221080780029297 -0.000322341918945315 0.0264739990234375
-0.000566482543945313 0.0246486663818359 0.00814151763916015 0.0128707885742188
0.0172138214111328 0.0216026306152344 0.0078272819519043 0.00429153442382813
0.0236225128173828 0.0120754241943359 -0.00173377990722656 0.00403213500976563
0.0205135345458984 0.010711669921875 -0.00747537612915039 0.00609827041625977
0.0228691101074219 0.0118675231933594 -0.0113372802734375 0.0092020034790039
0.0201740264892578 0.0178337097167969 -0.0150918960571289 0.00744819641113281
0.008758544921875 0.0240306854248047 -0.0173549652099609 0.000684738159179689
-0.00543212890625 0.0261611938476563 -0.0102348327636719 -0.00583457946777344
-0.0242671966552734 0.0125961303710937 0.000154495239257811 -0.00394868850708008
-0.0313014984130859 -0.00569343566894531 -0.0110483169555664 0.0121316909790039
-0.0323200225830078 -0.0188980102539063 -0.0378952026367188 0.00548553466796875
-0.00880622863769531 -0.0242214202880859 -0.0318355560302734 0.00649261474609374
-0.016627311706543 -0.0166168212890625 -0.0406837463378906 0.0141868591308594
-0.0207633972167969 -0.00389671325683593 -0.0211391448974609 0.0260124206542969
-0.0175695419311523 0.0112533569335938 -0.00248336791992188 0.0201244354248047
-0.0052947998046875 0.0185470581054688 0.00297880172729492 0.00604438781738281
0.00868797302246094 0.0204429626464844 -0.00201082229614258 -0.00018799304962158
0.0174665451049805 0.0142974853515625 -0.0117588043212891 0.00169754028320313
0.0159378051757813 0.0120258331298828 -0.0169124603271484 0.00558853149414062
0.0185031890869141 0.0133934020996094 -0.0190677642822266 0.00730133056640625
0.0153694152832031 0.0178070068359375 -0.0205516815185547 0.00376319885253906
0.00516700744628906 0.02203369140625 -0.0200214385986328 -0.00295639038085937
-0.007965087890625 0.02325439453125 -0.0110988616943359 -0.00828170776367187
-0.0247039794921875 0.00728607177734374 -0.00094127655029297 -0.00458669662475586
-0.0263919830322266 -0.0124988555908203 -0.0153541564941406 0.00995254516601563
-0.0232028961181641 -0.0256500244140625 -0.04315185546875 -0.00157928466796875
0.00832366943359375 -0.0218544006347656 -0.0307178497314453 -0.000114440917968756
8.3923339843752E-05 -0.0195407867431641 -0.0385513305664063 0.00859451293945313
-0.00849151611328125 -0.0121183395385742 -0.0200271606445313 0.0218944549560547
-0.0137805938720703 -0.00188255310058594 -0.00315380096435547 0.0143766403198242
-0.0098419189453125 0.00822734832763672 0.000803232192993164 0.000940084457397462
-0.000151634216308592 0.0158538818359375 -0.00765800476074219 -0.00408172607421875
0.00804424285888672 0.0140104293823242 -0.0180015563964844 -0.00140190124511719
0.00855922698974609 0.0112323760986328 -0.0229911804199219 0.0034942626953125
0.0107603073120117 0.0118560791015625 -0.0254955291748047 0.00415992736816406
0.00951290130615234 0.0153751373291016 -0.0254707336425781 -0.000993728637695307
0.00260353088378906 0.0175485610961914 -0.0222396850585938 -0.00724411010742187
-0.00834274291992187 0.0180683135986328 -0.0117816925048828 -0.0116481781005859
-0.0213489532470703 0.00308990478515625 -0.00388383865356445 -0.00723886489868164
-0.0190982818603516 -0.0167598724365234 -0.0193996429443359 0.00297927856445313
-0.0105991363525391 -0.0282764434814453 -0.0436019897460938 -0.0107040405273437
-0.00956344604492188 0.021087646484375 0.0431404113769531 0.0149726867675781
0.0151519775390625 0.0172948837280273 0.0204696655273438 0.00612640380859375
0.0147542953491211 -0.00319194793701172 0.00452995300292969 0.011134147644043
0.00715351104736328 -0.00953292846679688 0.0134181976318359 0.0199794769287109
0.000505447387695313 -0.0111083984375 0.0255889892578125 0.0140457153320313
-0.00671100616455078 -0.0117807388305664 0.0312633514404297 0.00283241271972656
-0.00544500350952149 -0.00858211517333984 0.0316047668457031 -0.003143310546875
-0.00339412689208984 -0.00798416137695313 0.026763916015625 -0.00227928161621094
-0.00156497955322266 -0.012542724609375 0.0207233428955078 0.00346183776855469
0.00824451446533203 -0.0105123519897461 0.0112476348876953 0.00774669647216797
0.0155191421508789 -0.000571250915527344 -0.000308036804199218 0.00142228603363037
0.0119514465332031 0.0105762481689453 0.00228118896484375 -0.00980854034423828
-0.000844955444335937 0.0192852020263672 0.0222206115722656 -0.0174007415771484
-0.0138359069824219 0.0230865478515625 0.0368843078613281 -0.005035400390625
-0.0254611968994141 0.0181369781494141 0.0225296020507813 0.00871467590332031
-0.0240097045898438 0.0146217346191406 0.0362548828125 0.023040771484375
3.05175781249988E-05 0.0190315246582031 0.0161666870117188 0.0145483016967773
0.00548648834228516 0.00480318069458008 0.0046539306640625 0.0172882080078125
0.00432538986206055 0.00150465965270996 0.0145702362060547 0.0247516632080078
0.0044560432434082 -0.0019679069519043 0.0269145965576172 0.0175914764404297
0.00341415405273438 -0.00535821914672852 0.0339260101318359 0.00493812561035156
0.00545597076416016 -0.00598430633544922 0.0330257415771484 -0.000875473022460938
0.00648736953735352 -0.00480794906616211 0.0265235900878906 -4.19616699218753E-05
0.00905990600585938 -0.0078125 0.0194091796875 0.00648880004882813
0.0163917541503906 -0.00214672088623047 0.00948619842529297 0.0104160308837891
0.0175724029541016 0.0101070404052734 -0.00338459014892578 0.00409579277038574
0.00852584838867187 0.0205898284912109 -0.00214147567749023 -0.00778722763061523
-0.0112438201904297 0.0237598419189453 0.0157670974731445 -0.0164995193481445
-0.0272235870361328 0.0202693939208984 0.0274677276611328 -0.00203895568847656
-0.0380058288574219 0.0127716064453125 0.0113296508789062 0.0117702484130859
-0.0360946655273438 0.00491714477539063 0.0244598388671875 0.0280494689941406
-0.0177440643310547 0.0162906646728516 0.00703239440917968 0.0219173431396484
-0.00725555419921875 0.0117855072021484 0.00218582153320312 0.0245780944824219
0.000227928161621094 0.0143136978149414 0.0145187377929687 0.0295963287353516
0.00759124755859375 0.00986862182617188 0.0271835327148437 0.0196704864501953
0.013453483581543 0.00275230407714844 0.0330162048339844 0.00727081298828125
0.0160636901855469 -0.00205612182617188 0.0297183990478516 0.00153160095214844
0.0154924392700195 -0.000204086303710938 0.0219879150390625 0.00293540954589844
0.0188255310058594 -0.00171470642089844 0.014923095703125 0.0087432861328125
0.0220623016357422 0.00570106506347656 0.00492668151855469 0.0121126174926758
0.0178184509277344 0.0178470611572266 -0.00737571716308594 0.00484323501586914
0.00582313537597656 0.0271129608154297 -0.00636148452758789 -0.00576972961425781
-0.0175857543945313 0.0251083374023437 0.00968837738037109 -0.0143280029296875
-0.0347805023193359 0.0164165496826172 0.0162792205810547 0.00220870971679688
-0.0454025268554687 0.00561141967773438 -0.00250530242919922 0.0139780044555664
-0.0416679382324219 -0.00739288330078126 0.00784301757812499 0.0296573638916016
-0.0322685241699219 0.00991630554199219 -0.00670051574707032 0.0271091461181641
-0.0198783874511719 0.0165081024169922 -0.00324249267578125 0.0306339263916016
-0.006439208984375 0.0248355865478516 0.0115833282470703 0.0330390930175781
0.00826263427734375 0.0204849243164062 0.0228347778320313 0.0207347869873047
0.0209751129150391 0.0112857818603516 0.0281772613525391 0.007568359375
0.0244846343994141 0.00326347351074219 0.0219650268554688 0.00353813171386719
0.022247314453125 0.00428581237792969 0.0143585205078125 0.00454616546630859
0.0248870849609375 0.00382614135742188 0.00738525390625 0.00994491577148438
0.0251636505126953 0.0115833282470703 -0.000497817993164062 0.0118627548217773
0.0163345336914063 0.0226936340332031 -0.0106325149536133 0.00508689880371094
0.00275993347167968 0.0301799774169922 -0.00882244110107422 -0.00417041778564453
-0.0212535858154297 0.0240573883056641 0.00484752655029297 -0.0105648040771484
-0.0376510620117188 0.0118179321289062 0.00589704513549804 0.00729227066040039
-0.0466575622558594 -0.00186538696289063 -0.0161895751953125 0.0146026611328125
-0.040252685546875 -0.0173912048339844 -0.0101337432861328 0.0255661010742188
-0.0389595031738281 0.000862121582031243 -0.0223598480224609 0.0276985168457031
-0.0294265747070313 0.014923095703125 -0.0106678009033203 0.0328807830810547
-0.0136299133300781 0.0299186706542969 0.00613784790039062 0.0321025848388672
0.00631904602050781 0.0278129577636719 0.0166473388671875 0.0178146362304688
0.0238876342773438 0.0180892944335938 0.0191764831542969 0.00639152526855469
0.0285282135009766 0.00696563720703125 0.0104703903198242 0.00449085235595703
0.0250148773193359 0.00815582275390625 0.00365304946899414 0.00587844848632813
0.0280227661132813 0.00868606567382813 -0.00185394287109375 0.0100831985473633
0.0258007049560547 0.0158958435058594 -0.00705432891845703 0.0104408264160156
0.0142478942871094 0.0257225036621094 -0.0140924453735352 0.0033416748046875
-0.000585556030273434 0.0309848785400391 -0.00941371917724609 -0.00440120697021484
-0.0240421295166016 0.0203132629394531 0.00316381454467773 -0.00639724731445312
-0.0375938415527344 0.00405120849609375 -0.00273990631103516 0.0128231048583984
-0.0445709228515625 -0.0102577209472656 -0.02874755859375 0.0124187469482422
-0.0300064086914063 -0.0241260528564453 -0.0245418548583984 0.0183238983154297
-0.0354995727539062 -0.00947952270507813 -0.0351142883300781 0.0229415893554688
-0.0308990478515625 0.00765037536621093 -0.0175533294677734 0.0313720703125
-0.0186691284179688 0.0256404876708984 -0.000276565551757817 0.0276851654052734
0.00110626220703125 0.0279254913330078 0.00908279418945313 0.0125455856323242
0.0203990936279297 0.0228195190429688 0.0083155632019043 0.00408124923706055
0.0270462036132813 0.0113658905029297 -0.00146770477294922 0.00363707542419434
0.0235996246337891 0.0100231170654297 -0.00732898712158203 0.00626373291015625
0.0261955261230469 0.0114097595214844 -0.0114336013793945 0.00894737243652344
0.024078369140625 0.0177555084228516 -0.014002799987793 0.00680637359619141
0.0113773345947266 0.0260429382324219 -0.0167026519775391 0.000112533569335936
-0.0039215087890625 0.0294837951660156 -0.00967788696289063 -0.00594043731689453
-0.0260009765625 0.015411376953125 0.00126576423645019 -0.00413870811462402
-0.0354499816894531 -0.00369644165039063 -0.0101699829101563 0.013188362121582
-0.0372581481933594 -0.01885986328125 -0.0384368896484375 0.00699996948242188
-0.0130882263183594 -0.0260543823242188 -0.0336799621582031 0.00877761840820312
-0.0210323333740234 -0.0168743133544922 -0.0416793823242188 0.0169486999511719
-0.0237312316894531 -0.00233650207519531 -0.0209751129150391 0.0273017883300781
-0.0196418762207031 0.0144290924072266 -0.00372886657714844 0.0212287902832031
-0.00464439392089844 0.0214977264404297 0.0026097297668457 0.0059657096862793
0.0121994018554687 0.0218067169189453 -0.00225400924682617 -0.000959634780883788
0.0211544036865234 0.0138206481933594 -0.0123968124389648 0.00221824645996094
0.0187759399414063 0.0118045806884766 -0.0175914764404297 0.00597763061523438
0.0211391448974609 0.0130367279052734 -0.0199642181396484 0.00761985778808594
0.0190658569335938 0.0179309844970703 -0.0209236145019531 0.00377464294433594
0.00828170776367188 0.0241107940673828 -0.0205497741699219 -0.00323295593261719
-0.00594139099121094 0.0264873504638672 -0.0108633041381836 -0.00890827178955078
-0.0265941619873047 0.0108699798583984 -7.58171081542981E-05 -0.00536680221557617
-0.0308418273925781 -0.0113124847412109 -0.0157938003540039 0.0112829208374023
-0.0275001525878906 -0.0259075164794922 -0.0453376770019531 -9.53674316406283E-05
0.00543975830078125 -0.02386474609375 -0.0335235595703125 0.000650405883789062
-0.00334739685058594 -0.0210399627685547 -0.0404586791992188 0.0100898742675781
-0.011296272277832 -0.0122661590576172 -0.0204868316650391 0.0223789215087891
-0.0159273147583008 0.000497817993164063 -0.00426101684570313 0.0141515731811523
-0.00969123840332031 0.0104789733886719 0.00011223554611206 0.000733911991119385
0.00243473052978516 0.017207145690918 -0.0086512565612793 -0.00460720062255859
0.0112848281860352 0.0133571624755859 -0.0200653076171875 -0.000183105468750003
0.0115194320678711 0.0106716156005859 -0.0246429443359375 0.00495147705078125
0.0135612487792969 0.0117092132568359 -0.0274410247802734 0.00553321838378906
0.0125608444213867 0.0148630142211914 -0.026824951171875 -0.000841140747070317
0.00464439392089844 0.0187206268310547 -0.023101806640625 -0.00774955749511719
-0.00699615478515625 0.0204086303710938 -0.012324333190918 -0.0121803283691406
-0.0227985382080078 0.00533103942871094 -0.00347566604614258 -0.00752878189086914
-0.0227832794189453 -0.0158481597900391 -0.0202236175537109 0.00470733642578125
-0.0145378112792969 -0.0294055938720703 -0.0472068786621094 -0.0102005004882813
-0.00711631774902344 0.0224666595458984 0.0476608276367188 0.0136604309082031
0.0176944732666016 0.0161609649658203 0.0224475860595703 0.00441169738769531
0.0144786834716797 -0.00527095794677734 0.00477218627929688 0.0109224319458008
0.00569057464599609 -0.0109720230102539 0.0149478912353516 0.0211181640625
-0.000709533691406251 -0.0113697052001953 0.0281715393066406 0.0146389007568359
-0.00887966156005859 -0.0107927322387695 0.0343704223632813 0.00189971923828125
-0.00678682327270508 -0.00786113739013672 0.0350055694580078 -0.00578498840332031
-0.00465726852416992 -0.00743484497070313 0.0290412902832031 -0.00467491149902344
-0.00359249114990234 -0.0124940872192383 0.0237865447998047 0.00136947631835937
0.00685691833496094 -0.011387825012207 0.0143203735351563 0.00687408447265625
0.0151510238647461 -0.00239086151123047 0.00160622596740723 0.00175595283508301
0.0135097503662109 0.00882148742675781 0.00313282012939453 -0.00955104827880859
0.00145721435546875 0.0204486846923828 0.0226459503173828 -0.0181694030761719
-0.0114021301269531 0.0254268646240234 0.0390472412109375 -0.0073089599609375
-0.0245933532714844 0.0218658447265625 0.0268230438232422 0.007720947265625
-0.0237598419189453 0.0165081024169922 0.0413780212402344 0.0229949951171875
0.000568389892578125 0.0188369750976563 0.0189285278320313 0.0132198333740234
0.00462818145751953 0.00380611419677734 0.00527572631835937 0.0176601409912109
0.00372743606567383 0.00133347511291504 0.0166759490966797 0.0263595581054688
0.0038154125213623 -0.00093531608581543 0.0303726196289063 0.0179862976074219
0.00229549407958984 -0.00488567352294922 0.0373878479003906 0.00394439697265625
0.00542020797729492 -0.00585222244262695 0.0364151000976563 -0.003509521484375
0.00665950775146484 -0.00440263748168945 0.0293121337890625 -0.00263214111328125
0.00908565521240234 -0.00804805755615234 0.0231533050537109 0.00441932678222656
0.0164508819580078 -0.00293636322021484 0.0134057998657227 0.00998401641845703
0.0188236236572266 0.00921821594238281 -0.000887155532836913 0.0043179988861084
0.0110874176025391 0.0209732055664062 -0.00107955932617187 -0.00670957565307617
-0.00999832153320313 0.0258636474609375 0.0164413452148438 -0.0167112350463867
-0.0268726348876953 0.0238838195800781 0.0298786163330078 -0.003662109375
-0.038787841796875 0.0164413452148437 0.0154695510864258 0.0120925903320313
-0.0380821228027344 0.0059814453125 0.0293464660644531 0.0289936065673828
-0.0187873840332031 0.0176792144775391 0.00962448120117187 0.0217342376708984
-0.008270263671875 0.0127801895141602 0.00318145751953125 0.0251312255859375
-0.000226020812988281 0.0153522491455078 0.0166225433349609 0.0313186645507813
0.00772571563720703 0.0107221603393555 0.0300006866455078 0.0204963684082031
0.0141735076904297 0.00327014923095703 0.0363502502441406 0.00543212890625
0.0179653167724609 -0.00213050842285156 0.0333251953125 -0.00092315673828125
0.017146110534668 -0.000872611999511719 0.0245552062988281 2.47955322265624E-05
0.02020263671875 -0.00230026245117188 0.0178031921386719 0.00691986083984375
0.02386474609375 0.00478935241699219 0.00850486755371094 0.0114889144897461
0.0198497772216797 0.0183162689208984 -0.00509023666381836 0.00540733337402344
0.007904052734375 0.0288467407226563 -0.00479602813720703 -0.00498628616333008
-0.0172328948974609 0.0277900695800781 0.0106163024902344 -0.0142946243286133
-0.0361824035644531 0.0205001831054687 0.0188674926757812 0.00159645080566406
-0.0478935241699219 0.00942611694335938 0.000822067260742184 0.0154457092285156
-0.0462226867675781 -0.00551223754882813 0.0116100311279297 0.0309886932373047
-0.0354804992675781 0.0123710632324219 -0.00478744506835938 0.02789306640625
-0.0213069915771484 0.0185909271240234 -0.00203704833984375 0.0311222076416016
-0.00618171691894531 0.02764892578125 0.0132808685302734 0.034423828125
0.00963401794433594 0.0226116180419922 0.0257663726806641 0.0209026336669922
0.0230255126953125 0.0115985870361328 0.0304832458496094 0.0061798095703125
0.0270633697509766 0.0019989013671875 0.0243911743164063 0.00168800354003906
0.024658203125 0.00351905822753906 0.0160894393920898 0.00241565704345703
0.0279884338378906 0.00354766845703125 0.00931739807128906 0.00834846496582031
0.0282936096191406 0.0109672546386719 0.00221729278564453 0.0111045837402344
0.0194339752197266 0.0244235992431641 -0.00860738754272461 0.00510931015014649
0.00513076782226562 0.0329685211181641 -0.00685787200927734 -0.0035099983215332
-0.0218467712402344 0.0271530151367188 0.00634956359863281 -0.0105581283569336
-0.0405998229980469 0.0155792236328125 0.00836896896362305 0.00745677947998047
-0.0507659912109375 0.00126647949218749 -0.0136938095092773 0.0160274505615234
-0.0459060668945312 -0.0168647766113281 -0.00855636596679688 0.0279827117919922
-0.0436477661132813 0.003326416015625 -0.0210914611816406 0.0290565490722656
-0.0319995880126953 0.0186214447021484 -0.00987815856933594 0.0345058441162109
-0.0133857727050781 0.0338401794433594 0.00779151916503906 0.0336170196533203
0.00819015502929688 0.0303287506103516 0.0180816650390625 0.0181026458740234
0.0269317626953125 0.0191001892089844 0.0206241607666016 0.005126953125
0.0315113067626953 0.00570487976074219 0.0120077133178711 0.00323867797851563
0.0283145904541016 0.00695037841796875 0.00449943542480469 0.00496578216552734
0.03143310546875 0.00721359252929688 -0.000870704650878904 0.00919818878173828
0.0298519134521484 0.015594482421875 -0.005401611328125 0.00963020324707031
0.0180492401123047 0.0277919769287109 -0.0129461288452148 0.00365447998046875
0.00159645080566406 0.0347023010253906 -0.00878524780273438 -0.00445032119750976
-0.0256767272949219 0.0245265960693359 0.00394535064697265 -0.00673484802246094
-0.0417366027832031 0.00786972045898438 -0.00060367584228516 0.0131292343139648
-0.049163818359375 -0.00780868530273438 -0.0277080535888672 0.0145816802978516
-0.0359878540039063 -0.0247344970703125 -0.0242824554443359 0.0212059020996094
-0.0409088134765625 -0.00767898559570312 -0.0352210998535156 0.0260734558105469
-0.0344295501708984 0.0109767913818359 -0.0168380737304688 0.0325222015380859
-0.0192966461181641 0.0304050445556641 0.000867843627929687 0.028717041015625
0.00316047668457031 0.0313339233398438 0.00943660736083984 0.0128850936889648
0.0249099731445313 0.0231609344482422 0.00876808166503906 0.00320053100585938
0.0305957794189453 0.01007080078125 -0.00113487243652344 0.00347089767456055
0.0272369384765625 0.008880615234375 -0.00741100311279297 0.00631046295166016
0.0305099487304688 0.00992393493652344 -0.0116462707519531 0.00880908966064453
0.0280933380126953 0.0175647735595703 -0.0142822265625 0.00653934478759766
0.0148029327392578 0.0279541015625 -0.0167942047119141 -0.000524520874023436
-0.00145912170410156 0.0334339141845703 -0.00900745391845703 -0.00600814819335937
-0.0273685455322266 0.0200920104980469 0.00216960906982422 -0.00484466552734375
-0.0403900146484375 -0.000118255615234375 -0.00891304016113281 0.0148229598999023
-0.0429420471191406 -0.0174064636230469 -0.0387496948242188 0.00909423828124999
-0.0177001953125 -0.0277423858642578 -0.0357170104980469 0.0117759704589844
-0.0265560150146484 -0.0162906646728516 -0.0428047180175781 0.0196342468261719
-0.0276699066162109 -0.000658035278320311 -0.0210628509521484 0.0287342071533203
-0.0206527709960937 0.0184860229492188 -0.00304412841796875 0.0214328765869141
-0.00281143188476563 0.0242652893066406 0.00256013870239258 0.0058293342590332
0.0168933868408203 0.0227851867675781 -0.00283169746398926 -0.000631093978881835
0.0245170593261719 0.0120582580566406 -0.0131988525390625 0.00288581848144532
0.0221214294433594 0.0103416442871094 -0.0183238983154297 0.00734710693359375
0.0251541137695313 0.0113029479980469 -0.0217247009277344 0.00833511352539062
0.0231533050537109 0.0172367095947266 -0.0218906402587891 0.00343704223632812
0.0114459991455078 0.0258769989013672 -0.0213527679443359 -0.00376510620117188
-0.00403404235839844 0.0295009613037109 -0.0107688903808594 -0.00963211059570313
-0.0275077819824219 0.0145149230957031 0.000675201416015623 -0.00555801391601562
-0.0353584289550781 -0.00864791870117187 -0.0150814056396484 0.0131120681762695
-0.0330657958984375 -0.0246372222900391 -0.0475234985351563 0.00183486938476562
0.00236892700195312 -0.0264205932617188 -0.0363540649414063 0.00308990478515625
-0.0071563720703125 -0.0223484039306641 -0.0423812866210938 0.0132827758789062
-0.0145359039306641 -0.0115823745727539 -0.0206623077392578 0.0234909057617187
-0.0175571441650391 0.00356864929199219 -0.00464344024658203 0.0145692825317383
-0.0088357925415039 0.0133142471313477 -0.00130367279052734 -0.000123620033264159
0.00531959533691406 0.0182323455810547 -0.0107812881469727 -0.00445461273193359
0.0139236450195313 0.0130186080932617 -0.0224227905273438 0.00152587890625
0.0137939453125 0.0100984573364258 -0.0268268585205078 0.00649261474609375
0.0165596008300781 0.0104446411132813 -0.0294628143310547 0.00711631774902344
0.0157966613769531 0.0144844055175781 -0.028961181640625 -0.000272750854492191
0.00733375549316406 0.0199241638183594 -0.0254440307617188 -0.00841331481933593
-0.00497055053710938 0.0230655670166016 -0.0128746032714844 -0.0134057998657227
-0.0242118835449219 0.00845718383789063 -0.00304269790649414 -0.00786066055297852
-0.0268306732177734 -0.0143642425537109 -0.0208797454833984 0.00633621215820313
-0.018951416015625 -0.0292129516601563 -0.0514144897460937 -0.00921249389648438
-0.00447654724121094 0.0234832763671875 0.0517578125 0.0107688903808594
0.0200748443603516 0.0137290954589844 0.0240650177001953 0.00185775756835938
0.0139217376708984 -0.00735759735107422 0.00456333160400391 0.011073112487793
0.00399971008300781 -0.0127735137939453 0.0169105529785156 0.02178955078125
-0.00295543670654297 -0.0114841461181641 0.0313892364501953 0.0137958526611328
-0.0112228393554688 -0.00921344757080078 0.0371971130371094 -0.000396728515625001
-0.00788116455078125 -0.00593471527099609 0.0375289916992188 -0.00927734375
-0.00596094131469727 -0.00641536712646484 0.0314579010009766 -0.00867843627929688
-0.00607109069824219 -0.0114507675170898 0.0256843566894531 -0.00191688537597656
0.00449085235595703 -0.0124225616455078 0.017578125 0.00545501708984375
0.0152149200439453 -0.00495529174804688 0.00439167022705078 0.00210118293762207
0.0156173706054688 0.00806427001953125 0.00418853759765625 -0.00898170471191406
0.00396347045898438 0.0206813812255859 0.02239990234375 -0.0199165344238281
-0.00799560546875 0.0283470153808594 0.0409278869628906 -0.01068115234375
-0.0216941833496094 0.0248870849609375 0.0309848785400391 0.00506019592285157
-0.0236892700195313 0.0186557769775391 0.0467720031738281 0.0205345153808594
0.00156021118164063 0.0184974670410156 0.0216503143310547 0.0107498168945313
0.00469827651977539 0.00316905975341797 0.00549602508544922 0.0168828964233398
0.00263571739196777 0.00163769721984863 0.0192108154296875 0.0268039703369141
0.00326728820800781 -0.00106716156005859 0.0341072082519531 0.0167160034179688
0.00179100036621094 -0.00454139709472656 0.0406112670898438 0.00078582763671875
0.0047297477722168 -0.00542736053466797 0.0390625 -0.00774383544921875
0.00671768188476563 -0.00404548645019531 0.0321636199951172 -0.0063323974609375
0.00901699066162109 -0.00865936279296875 0.0258636474609375 0.000934600830078124
0.0161008834838867 -0.00432205200195313 0.0170326232910156 0.00787925720214844
0.0195941925048828 0.00819206237792969 0.00180482864379883 0.00451374053955078
0.0127620697021484 0.0202522277832031 0.000705718994140626 -0.00680685043334961
-0.00698471069335938 0.0276241302490234 0.0165271759033203 -0.0184955596923828
-0.0248661041259766 0.0276756286621094 0.0321426391601563 -0.00639724731445312
-0.0383224487304688 0.0205192565917969 0.0197639465332031 0.0104312896728516
-0.0405387878417969 0.00857162475585937 0.0345611572265625 0.0275859832763672
-0.0195159912109375 0.0203208923339844 0.013031005859375 0.021148681640625
-0.00908184051513672 0.0142030715942383 0.00452232360839844 0.0258827209472656
0.000361442565917969 0.0173025131225586 0.0196609497070313 0.0325069427490234
0.00870704650878906 0.012089729309082 0.0333747863769531 0.0195503234863281
0.0148754119873047 0.00296974182128906 0.0394477844238281 0.00236892700195313
0.0184650421142578 -0.00349617004394531 0.0354385375976563 -0.00408554077148438
0.0190238952636719 -0.00237846374511719 0.0267257690429687 -0.00382232666015625
0.022430419921875 -0.00318717956542969 0.0201530456542969 0.00391197204589844
0.026458740234375 0.00366783142089844 0.0115966796875 0.010004997253418
0.0226840972900391 0.0183162689208984 -0.00263166427612304 0.00560522079467774
0.0105686187744141 0.0298118591308594 -0.00326061248779297 -0.00474834442138672
-0.0163555145263672 0.0309181213378906 0.010676383972168 -0.0154476165771484
-0.0361824035644531 0.0250167846679687 0.0213909149169922 -0.000291824340820311
-0.0505447387695312 0.014007568359375 0.00485038757324218 0.0154218673706055
-0.0511703491210938 -0.00265884399414062 0.0160274505615234 0.0315799713134766
-0.0381317138671875 0.016021728515625 -0.00167655944824219 0.0282020568847656
-0.0223236083984375 0.0220832824707031 -0.000398635864257816 0.0322208404541016
-0.00441360473632813 0.0316600799560547 0.0163917541503906 0.0350971221923828
0.0119132995605469 0.0236434936523438 0.02825927734375 0.0200653076171875
0.0256290435791016 0.0110111236572266 0.0335197448730469 0.00331878662109375
0.0298557281494141 -0.000276565551757812 0.0271549224853516 -0.00136756896972656
0.0274257659912109 0.00131416320800781 0.0174093246459961 1.52587890625001E-05
0.0309963226318359 0.000494003295898438 0.0112180709838867 0.00573158264160156
0.0318031311035156 0.00989913940429688 0.00430107116699219 0.00944614410400391
0.0236339569091797 0.0246181488037109 -0.00709152221679687 0.00476980209350586
0.008392333984375 0.0348930358886719 -0.00540733337402344 -0.00390577316284179
-0.0208816528320312 0.0320320129394531 0.00662422180175781 -0.0112209320068359
-0.0424919128417969 0.0203514099121094 0.0108461380004883 0.00663566589355469
-0.0544586181640625 0.00599288940429688 -0.0103569030761719 0.0177383422851563
-0.0513153076171875 -0.0143623352050781 -0.00657844543457031 0.0304012298583984
-0.0471458435058594 0.00818252563476563 -0.0198440551757813 0.031768798828125
-0.0341663360595703 0.0226688385009766 -0.00830841064453126 0.0355949401855469
-0.011138916015625 0.0383529663085938 0.0104904174804688 0.0342769622802734
0.0117568969726563 0.0322303771972656 0.0203342437744141 0.0175685882568359
0.0314178466796875 0.0179195404052734 0.0220851898193359 0.00329208374023438
0.0348396301269531 0.0034027099609375 0.0135202407836914 0.00179100036621094
0.0312690734863281 0.00443267822265625 0.00465631484985352 0.00391960144042969
0.0354385375976563 0.00495147705078125 -0.000358104705810545 0.00839757919311523
0.0338459014892578 0.0130748748779297 -0.00487852096557617 0.00826025009155273
0.0228176116943359 0.0285720825195313 -0.0127315521240234 0.00360774993896484
0.0057830810546875 0.0377540588378906 -0.00804471969604492 -0.0048060417175293
-0.0252552032470703 0.0297031402587891 0.00482368469238281 -0.00745868682861328
-0.0448226928710938 0.0137481689453125 0.00195789337158203 0.012415885925293
-0.0548515319824219 -0.00267410278320312 -0.0263404846191406 0.0176982879638672
-0.0417823791503906 -0.0228500366210938 -0.0232410430908203 0.0249748229980469
-0.046234130859375 -0.00387191772460937 -0.0338420867919922 0.0292301177978516
-0.0371818542480469 0.0152664184570312 -0.0156059265136719 0.034271240234375
-0.0178794860839844 0.0352973937988281 0.00245475769042968 0.0304546356201172
0.00693893432617188 0.0340042114257813 0.0102691650390625 0.0122003555297852
0.0295257568359375 0.0222854614257813 0.00901031494140625 0.00208473205566406
0.0343837738037109 0.00713157653808594 -0.000405788421630858 0.00330543518066406
0.0310134887695313 0.00653457641601563 -0.00770378112792969 0.0061492919921875
0.0342597961425781 0.00709342956542969 -0.0121879577636719 0.00919342041015625
0.0327739715576172 0.0160713195800781 -0.0142316818237305 0.00640106201171875
0.0195121765136719 0.0289764404296875 -0.0167989730834961 -0.000667572021484374
0.00165557861328125 0.03594970703125 -0.00934410095214844 -0.00669574737548828
-0.0281124114990234 0.0245227813720703 0.00262546539306641 -0.00565910339355469
-0.0445518493652344 0.00474548339843751 -0.00680065155029297 0.015995979309082
-0.0483360290527344 -0.0128974914550781 -0.0389595031738281 0.0124320983886719
-0.0238399505615234 -0.0274868011474609 -0.0361862182617188 0.0156021118164063
-0.0327377319335938 -0.0143489837646484 -0.0440711975097656 0.0244789123535156
-0.0311145782470703 0.00338363647460938 -0.0199527740478516 0.0309238433837891
-0.0206775665283203 0.0236835479736328 -0.00262832641601562 0.0225849151611328
7.24792480468736E-05 0.0273246765136719 0.00250577926635742 0.00563669204711914
0.0213050842285156 0.0218238830566406 -0.00356364250183105 -0.000717163085937499
0.0281314849853516 0.00929832458496094 -0.0144243240356445 0.00502681732177735
0.0252590179443359 0.00825881958007813 -0.0194454193115234 0.00844573974609375
0.0289459228515625 0.00916671752929688 -0.0227699279785156 0.010345458984375
0.0272655487060547 0.0153064727783203 -0.0236568450927734 0.00476074218750001
0.0160350799560547 0.0255088806152344 -0.022857666015625 -0.00394821166992188
-0.000730514526367189 0.0321464538574219 -0.0112676620483398 -0.0103044509887695
-0.0277729034423828 0.0187053680419922 0.000290870666503904 -0.00658130645751953
-0.0390510559082031 -0.00362396240234375 -0.0141496658325195 0.0154705047607422
-0.0385169982910156 -0.0227775573730469 -0.0493392944335938 0.00560760498046874
-0.0019073486328125 -0.0280036926269531 -0.0400123596191406 0.00611877441406251
-0.0119190216064453 -0.0224533081054687 -0.04449462890625 0.0167617797851563
-0.0177059173583984 -0.00983238220214844 -0.0212039947509766 0.0258045196533203
-0.0181064605712891 0.00728225708007812 -0.00484752655029297 0.0152435302734375
-0.00692558288574219 0.0156087875366211 -0.0026400089263916 0.000331401824951173
0.00913429260253906 0.0180683135986328 -0.0135898590087891 -0.00314617156982422
0.0169897079467773 0.010960578918457 -0.0234642028808594 0.0041961669921875
0.0162057876586914 0.00798320770263672 -0.0287075042724609 0.00949478149414063
0.0194530487060547 0.00791740417480469 -0.0306129455566406 0.00946998596191405
0.0189914703369141 0.0132484436035156 -0.0321750640869141 0.00106430053710937
0.0107784271240234 0.0208950042724609 -0.0277519226074219 -0.00815200805664063
-0.00181198120117188 0.0246467590332031 -0.0145111083984375 -0.0137882232666016
-0.0242824554443359 0.0116863250732422 -0.00304508209228516 -0.00835371017456055
-0.030609130859375 -0.0111064910888672 -0.0211334228515625 0.00901985168457032
-0.0240573883056641 -0.0275192260742188 -0.0549125671386719 -0.0058746337890625
-0.00238609313964844 0.0224018096923828 0.0549583435058594 0.00460052490234375
0.0214786529541016 0.0101699829101562 0.0241222381591797 -0.000757217407226562
0.0127372741699219 -0.0103244781494141 0.00595283508300781 0.0119686126708984
0.002105712890625 -0.0110273361206055 0.0188941955566406 0.0204753875732422
-0.00640869140625 -0.0107021331787109 0.0341529846191406 0.0117950439453125
-0.0125694274902344 -0.00751304626464844 0.0393867492675781 -0.0037078857421875
-0.00867891311645508 -0.00544452667236328 0.037994384765625 -0.01483154296875
-0.00745105743408203 -0.00441312789916992 0.0313682556152344 -0.0124149322509766
-0.00803565979003906 -0.00975894927978516 0.0261669158935547 -0.004913330078125
0.00151920318603516 -0.0126752853393555 0.0191745758056641 0.00293350219726562
0.0134468078613281 -0.00656509399414063 0.00550079345703125 0.000795841217041015
0.0157718658447266 0.00472068786621094 0.00616168975830078 -0.00957202911376953
0.00707817077636719 0.0202579498291016 0.0219917297363281 -0.0212421417236328
-0.00369071960449218 0.0291824340820313 0.0417633056640625 -0.0152816772460937
-0.0186309814453125 0.0270595550537109 0.0339298248291016 0.00200271606445313
-0.0213146209716797 0.0192413330078125 0.0490379333496094 0.0152702331542969
0.00198078155517578 0.0172805786132813 0.0213871002197266 0.00803756713867188
0.00279498100280762 0.00286579132080078 0.00711822509765625 0.0178451538085938
0.00257158279418945 0.00204372406005859 0.0223617553710938 0.026824951171875
0.00380516052246094 -0.000152587890625 0.0367507934570313 0.0151557922363281
0.00127196311950684 -0.00319099426269531 0.0430870056152344 -0.00366592407226563
0.00554370880126953 -0.00664997100830078 0.0395355224609375 -0.0126495361328125
0.00626993179321289 -0.00498199462890625 0.0327415466308594 -0.0111179351806641
0.00822973251342773 -0.00734615325927734 0.0272121429443359 -0.00351715087890625
0.0158319473266602 -0.00594997406005859 0.0188484191894531 0.00487899780273437
0.0203399658203125 0.0062255859375 0.00400328636169434 0.0023798942565918
0.0154609680175781 0.0198783874511719 0.00164413452148438 -0.0063323974609375
-0.00569534301757812 0.0292472839355469 0.0158176422119141 -0.0194549560546875
-0.0239200592041016 0.0307178497314453 0.0332450866699219 -0.0100574493408203
-0.0363235473632813 0.0255775451660156 0.0239372253417969 0.00781822204589844
-0.0396156311035156 0.0121650695800781 0.0396194458007813 0.0254554748535156
-0.0182342529296875 0.0227756500244141 0.0152168273925781 0.0196666717529297
-0.00981807708740234 0.0163145065307617 0.00720977783203125 0.0253276824951172
0.00116157531738281 0.0182819366455078 0.0231761932373047 0.0305995941162109
0.0107870101928711 0.0117588043212891 0.0360870361328125 0.0158958435058594
0.0151681900024414 0.00306987762451172 0.0415153503417969 -0.00223159790039063
0.02001953125 -0.00531768798828125 0.0369644165039063 -0.00905990600585938
0.0206928253173828 -0.00372505187988281 0.0273933410644531 -0.008026123046875
0.0213108062744141 -0.00562667846679687 0.0230255126953125 0.000520706176757812
0.0267105102539063 0.00186347961425781 0.0136566162109375 0.00772571563720703
0.0257282257080078 0.0158405303955078 -0.00031447410583496 0.00408673286437988
0.0134525299072266 0.0300445556640625 -0.0020747184753418 -0.00471973419189453
-0.0132427215576172 0.0334014892578125 0.0117864608764648 -0.0171146392822266
-0.0359268188476563 0.0298652648925781 0.0224380493164062 -0.00333786010742187
-0.0496597290039063 0.0205078125 0.00880813598632812 0.0143184661865234
-0.05267333984375 0.00189971923828125 0.0205936431884766 0.0318012237548828
-0.03753662109375 0.02069091796875 0.00135612487792969 0.0290126800537109
-0.0223541259765625 0.0252799987792969 0.00115966796875 0.0321178436279297
-0.00108146667480469 0.033721923828125 0.0194187164306641 0.0336151123046875
0.0158061981201172 0.0234889984130859 0.0307884216308594 0.0173320770263672
0.0273094177246094 0.00919342041015625 0.0341720581054688 0.000415802001953126
0.0304489135742188 -0.00361061096191406 0.0276622772216797 -0.00550270080566406
0.0293712615966797 -0.00202751159667969 0.0176448822021484 -0.00346946716308594
0.0328960418701172 -0.00286293029785156 0.0119743347167969 0.00291156768798828
0.0344123840332031 0.00704193115234375 0.00717401504516602 0.00670671463012695
0.0268440246582031 0.0224533081054688 -0.00445747375488281 0.0038905143737793
0.01275634765625 0.0360298156738281 -0.0036475658416748 -0.00319290161132812
-0.0186767578125 0.0353012084960938 0.00692844390869141 -0.0115194320678711
-0.0424728393554688 0.0261001586914063 0.0129871368408203 0.00442981719970703
-0.0560836791992187 0.0118751525878906 -0.00689506530761719 0.0179271697998047
-0.05615234375 -0.00882339477539062 -0.000890731811523439 0.0310192108154297
-0.0495986938476563 0.0129623413085937 -0.0162239074707031 0.0324897766113281
-0.0321407318115234 0.0267162322998047 -0.00534439086914063 0.0359077453613281
-0.00835800170898437 0.0428619384765625 0.0133743286132813 0.0336151123046875
0.0162010192871094 0.0341091156005859 0.0220699310302734 0.016326904296875
0.0353889465332031 0.0142364501953125 0.0218582153320313 0.000473022460937501
0.036834716796875 -0.000789642333984375 0.0147600173950195 -0.001251220703125
0.0343742370605469 -0.000555038452148438 0.00623226165771485 0.00242996215820313
0.0374526977539063 0.0007171630859375 0.00134325027465821 0.00640726089477539
0.0386276245117188 0.0106124877929688 -0.00400304794311523 0.00815391540527344
0.0260410308837891 0.0266914367675781 -0.0106000900268555 0.00339126586914063
0.0107536315917969 0.0380706787109375 -0.00630760192871094 -0.00503683090209961
-0.0236740112304688 0.0330333709716797 0.00480937957763672 -0.00937747955322265
-0.0453987121582031 0.0203323364257813 0.0043487548828125 0.0119113922119141
-0.057769775390625 0.00196838378906251 -0.0230731964111328 0.0196514129638672
-0.0470924377441406 -0.0183525085449219 -0.0209712982177734 0.0282344818115234
-0.0499420166015625 0.00139999389648437 -0.0317001342773437 0.0319538116455078
-0.0383453369140625 0.0196342468261719 -0.0135231018066406 0.0358390808105469
-0.0147132873535156 0.03912353515625 0.00451278686523438 0.0299339294433594
0.0110797882080078 0.0343723297119141 0.0108804702758789 0.0115642547607422
0.032745361328125 0.0187778472900391 0.00811147689819336 0.000554561614990235
0.0368728637695312 0.00191879272460937 -0.000522613525390623 0.00246834754943848
0.0331363677978516 0.00247955322265625 -0.00690889358520508 0.00688028335571289
0.0375785827636719 0.00279617309570313 -0.0125341415405273 0.00970745086669922
0.0359916687011719 0.0114517211914063 -0.0154895782470703 0.00654888153076172
0.0255031585693359 0.0273170471191406 -0.0176258087158203 0.000175476074218752
0.00685882568359375 0.0385818481445313 -0.0101585388183594 -0.00710296630859375
-0.0265254974365234 0.0293998718261719 0.00374317169189453 -0.00649404525756836
-0.0461196899414063 0.0103378295898437 -0.00493717193603516 0.0164804458618164
-0.0527420043945313 -0.00804138183593749 -0.0368766784667969 0.0159454345703125
-0.0285663604736328 -0.0261650085449219 -0.0341796875 0.0213432312011719
-0.0366706848144531 -0.0103340148925781 -0.0426292419433594 0.0278358459472656
-0.0328540802001953 0.00784873962402344 -0.0188961029052734 0.0329627990722656
-0.0195884704589844 0.0270442962646484 -0.00183868408203125 0.0236778259277344
0.0033721923828125 0.0293216705322266 0.00156354904174805 0.005950927734375
0.0262165069580078 0.0188560485839844 -0.00546550750732422 -0.0016484260559082
0.0298309326171875 0.00522232055664063 -0.0152215957641602 0.00520420074462891
0.0268268585205078 0.00358963012695312 -0.0207195281982422 0.0103397369384766
0.0309028625488281 0.00472640991210937 -0.0233497619628906 0.0105628967285156
0.0301837921142578 0.0123043060302734 -0.0229625701904297 0.00540351867675781
0.0196495056152344 0.0249996185302734 -0.0241107940673828 -0.00243759155273437
0.00454902648925781 0.03271484375 -0.0135440826416016 -0.0103769302368164
-0.0262985229492188 0.0224876403808594 0.000669002532958983 -0.00592184066772461
-0.0427093505859375 0.00107955932617188 -0.0124378204345703 0.0162534713745117
-0.0439682006835938 -0.0170822143554688 -0.0497856140136719 0.0104103088378906
-0.00714874267578125 -0.0288105010986328 -0.0406532287597656 0.0114059448242188
-0.0163707733154297 -0.0200309753417969 -0.0447769165039063 0.0211296081542969
-0.0200309753417969 -0.00807189941406251 -0.0188121795654297 0.0259990692138672
-0.0181617736816406 0.0118331909179687 -0.00511837005615234 0.0161371231079102
-0.00506782531738281 0.0175724029541016 -0.00383472442626953 0.00137114524841309
0.0124826431274414 0.0163774490356445 -0.014643669128418 -0.00130176544189453
0.01800537109375 0.00826835632324219 -0.0248622894287109 0.00707435607910157
0.0182552337646484 0.00539207458496094 -0.0276298522949219 0.0130329132080078
0.0203304290771484 0.00591087341308594 -0.0313472747802734 0.0130367279052734
0.0210704803466797 0.0103473663330078 -0.0325355529785156 0.0039215087890625
0.0138092041015625 0.0200481414794922 -0.0299549102783203 -0.00603866577148437
0.00263786315917969 0.0254611968994141 -0.0168752670288086 -0.0134296417236328
-0.0222110748291016 0.0158767700195312 -0.00296211242675781 -0.00960254669189453
-0.0333232879638672 -0.00635528564453125 -0.0214271545410156 0.012115478515625
-0.0280513763427734 -0.0253467559814453 -0.0570144653320313 -0.00133514404296875
0.00102806091308594 0.0220317840576172 0.0550956726074219 -0.000148773193359374
0.0209922790527344 0.00760459899902344 0.0235424041748047 -0.00432205200195312
0.0110206604003906 -0.0103626251220703 0.00507450103759766 0.010676383972168
1.14440917968747E-05 -0.0125761032104492 0.0207023620605469 0.0200862884521484
-0.00630378723144531 -0.00976085662841797 0.0352897644042969 0.00888442993164063
-0.013310432434082 -0.00490760803222656 0.0394020080566406 -0.00777435302734375
-0.00892066955566406 -0.00325965881347656 0.0363082885742187 -0.0186386108398438
-0.00666189193725586 -0.00395584106445313 0.0306243896484375 -0.0167255401611328
-0.00819683074951172 -0.0078887939453125 0.0262832641601563 -0.00966644287109375
0.000359535217285157 -0.0117702484130859 0.020294189453125 -0.000539779663085938
0.0116586685180664 -0.00798702239990234 0.00748777389526367 -0.000374317169189454
0.0149307250976563 0.00321102142333984 0.00521278381347656 -0.00969409942626953
0.00939083099365234 0.0175342559814453 0.0206165313720703 -0.0224285125732422
0.000108718872070314 0.0274085998535156 0.0401344299316406 -0.0191612243652344
-0.0137767791748047 0.0281410217285156 0.0352668762207031 -0.003021240234375
-0.0205593109130859 0.0201530456542969 0.0518112182617188 0.0108985900878906
0.00393009185791016 0.0167016983032227 0.0226116180419922 0.0041961669921875
0.00232601165771484 0.00238227844238281 0.0075521469116211 0.0166225433349609
0.00220441818237305 0.00218510627746582 0.0237789154052734 0.0242729187011719
0.00219619274139404 -1.37090682983398E-05 0.0377883911132813 0.0109596252441406
0.0016024112701416 -0.00235152244567871 0.0422935485839844 -0.00678634643554688
0.00538825988769531 -0.00571680068969727 0.0387306213378906 -0.0175971984863281
0.00718450546264648 -0.00503396987915039 0.0304737091064453 -0.0157661437988281
0.00831174850463867 -0.00796651840209961 0.0259227752685547 -0.00780296325683594
0.0149116516113281 -0.00609207153320313 0.0198287963867188 0.00150489807128906
0.0200290679931641 0.00388145446777344 0.00589990615844727 0.00211000442504883
0.0158967971801758 0.0174579620361328 0.00267696380615234 -0.00662755966186523
-0.00199508666992188 0.0278873443603516 0.0146579742431641 -0.0193710327148437
-0.0187873840332031 0.0321922302246094 0.0322132110595703 -0.0130023956298828
-0.0326061248779297 0.0274009704589844 0.0259227752685547 0.00461959838867188
-0.0399208068847656 0.0153579711914062 0.0421295166015625 0.0201759338378906
-0.0175418853759766 0.0232067108154297 0.016261100769043 0.015864372253418
-0.00880622863769531 0.017425537109375 0.00722503662109375 0.0235614776611328
0.00355339050292969 0.0190677642822266 0.0250511169433594 0.0286941528320312
0.0115509033203125 0.0124969482421875 0.037384033203125 0.0125579833984375
0.0166835784912109 0.00168800354003906 0.0406455993652344 -0.00579071044921875
0.0194225311279297 -0.00687408447265625 0.0348758697509766 -0.0147838592529297
0.0200443267822266 -0.00583267211914062 0.0261344909667969 -0.0113487243652344
0.0220832824707031 -0.00740623474121094 0.0207939147949219 -0.00394821166992188
0.0274753570556641 -0.00116729736328125 0.0149412155151367 0.00331497192382813
0.0260639190673828 0.0138320922851563 0.00193238258361817 0.00298237800598145
0.0172405242919922 0.0285053253173828 -0.000225782394409179 -0.00436973571777343
-0.0103340148925781 0.0344181060791016 0.00970172882080078 -0.0162887573242187
-0.0313987731933594 0.0330982208251953 0.022796630859375 -0.00584030151367187
-0.0466270446777344 0.0233612060546875 0.0122318267822266 0.011474609375
-0.0534019470214844 0.0071258544921875 0.0237464904785156 0.0274333953857422
-0.0371170043945313 0.0244522094726562 0.00315475463867187 0.0257396697998047
-0.0211811065673828 0.0279140472412109 0.00316047668457031 0.0298919677734375
0.001068115234375 0.0338592529296875 0.0221080780029297 0.0326957702636719
0.0181789398193359 0.0238056182861328 0.0320873260498047 0.0143833160400391
0.0286293029785156 0.0068511962890625 0.033935546875 -0.00391960144042969
0.0307483673095703 -0.0062103271484375 0.0263824462890625 -0.00879096984863281
0.0292510986328125 -0.00491142272949219 0.01727294921875 -0.00589656829833984
0.0328083038330078 -0.00587272644042969 0.0120353698730469 0.000620841979980468
0.0349578857421875 0.00264167785644531 0.00725460052490235 0.00495767593383789
0.0302352905273438 0.0209636688232422 -0.00379705429077148 0.00247049331665039
0.0159950256347656 0.0345611572265625 -0.00311017036437988 -0.0041203498840332
-0.01593017578125 0.0371818542480469 0.00664234161376953 -0.0130119323730469
-0.0402755737304687 0.0311813354492188 0.0138254165649414 0.00300788879394531
-0.0541648864746094 0.0176353454589844 -0.00353813171386719 0.0170307159423828
-0.0577430725097656 -0.00215530395507813 0.00214195251464843 0.0298118591308594
-0.0493240356445313 0.0187530517578125 -0.0132694244384766 0.0326747894287109
-0.0319480895996094 0.0315055847167969 -0.00314712524414063 0.0353546142578125
-0.00376510620117188 0.0434646606445313 0.0146980285644531 0.0320186614990234
0.0198211669921875 0.0315418243408203 0.0222759246826172 0.0128402709960938
0.0363082885742188 0.0109367370605469 0.0222663879394531 -0.00162506103515625
0.0370903015136719 -0.00456619262695313 0.0136499404907227 -0.00250816345214844
0.0344829559326172 -0.00330924987792969 0.00562906265258789 0.000512599945068359
0.0384864807128906 -0.00414657592773438 0.000797271728515627 0.00590229034423828
0.038848876953125 0.0056915283203125 -0.00328302383422851 0.0062098503112793
0.0300006866455078 0.0248317718505859 -0.0107946395874023 0.00218391418457031
0.014434814453125 0.037628173828125 -0.00600862503051758 -0.00505971908569336
-0.0203018188476563 0.0365638732910156 0.00466156005859375 -0.00995826721191406
-0.0446434020996094 0.0249099731445313 0.006011962890625 0.0113105773925781
-0.0564117431640625 0.0092926025390625 -0.0188713073730469 0.0191555023193359
-0.0495948791503906 -0.0136566162109375 -0.0178279876708984 0.0286693572998047
-0.0497322082519531 0.00761795043945313 -0.028717041015625 0.0334949493408203
-0.0364227294921875 0.02532958984375 -0.0106544494628906 0.0353279113769531
-0.0102005004882812 0.041412353515625 0.00655746459960938 0.0290699005126953
0.015106201171875 0.0341777801513672 0.0111627578735352 0.010737419128418
0.0354194641113281 0.01556396484375 0.00853967666625977 -0.000181198120117187
0.0368385314941406 -0.00212860107421875 -0.00043821334838867 0.00281286239624023
0.0335102081298828 -0.00142097473144531 -0.00756406784057617 0.00648164749145508
0.037445068359375 -0.00211715698242188 -0.0109596252441406 0.0101718902587891
0.0381851196289063 0.00693511962890625 -0.0143709182739258 0.00629234313964844
0.0280818939208984 0.0252799987792969 -0.0178203582763672 -0.000120162963867183
0.0114326477050781 0.0366401672363281 -0.00904369354248047 -0.00686836242675781
-0.0230178833007813 0.0323143005371094 0.00263786315917969 -0.00756788253784179
-0.0451545715332031 0.0166397094726562 -0.00249004364013672 0.0151538848876953
-0.0526008605957031 -0.00131988525390625 -0.0343551635742188 0.0175724029541016
-0.0324382781982422 -0.0213947296142578 -0.033538818359375 0.0232906341552734
-0.0378875732421875 -0.00450515747070313 -0.0389976501464844 0.0302238464355469
-0.0312366485595703 0.0113506317138672 -0.0155563354492188 0.0319385528564453
-0.0145816802978516 0.0306739807128906 -0.000162124633789063 0.0224666595458984
0.00744819641113281 0.0287647247314453 0.00139808654785156 0.00566244125366211
0.0269985198974609 0.0164661407470703 -0.00511503219604492 -6.67572021484245E-06
0.0300350189208984 0.00163078308105469 -0.0139942169189453 0.00763511657714844
0.0272388458251953 0.000396728515625 -0.0192337036132813 0.0132083892822266
0.0319671630859375 0.000608444213867188 -0.0221443176269531 0.0132980346679688
0.0318088531494141 0.00725746154785156 -0.0241127014160156 0.00665283203125
0.0223731994628906 0.0225944519042969 -0.0249252319335938 -0.00223350524902343
0.00784683227539063 0.0325870513916016 -0.0134458541870117 -0.00990486145019531
-0.0239772796630859 0.0263233184814453 -0.000755310058593751 -0.00795316696166992
-0.041900634765625 0.00714111328124999 -0.00988292694091797 0.0169105529785156
-0.0442314147949219 -0.0118141174316406 -0.0470085144042969 0.0126075744628906
-0.00994491577148438 -0.0269889831542969 -0.0397224426269531 0.0147933959960937
-0.0187473297119141 -0.0169677734375 -0.0425224304199219 0.0252037048339844
-0.0215187072753906 -0.00400543212890625 -0.0169525146484375 0.0274639129638672
-0.0161867141723633 0.0133323669433594 -0.00454139709472656 0.0158052444458008
-0.00117874145507813 0.0182895660400391 -0.00515031814575195 0.00189828872680664
0.0150623321533203 0.0146341323852539 -0.0154666900634766 -0.000115394592285157
0.0193996429443359 0.00545120239257813 -0.0237274169921875 0.0102767944335938
0.0184478759765625 0.00266647338867188 -0.0265674591064453 0.0157947540283203
0.0214042663574219 0.00218391418457031 -0.0305137634277344 0.0163002014160156
0.0220909118652344 0.00672149658203125 -0.0333442687988281 0.00637626647949219
0.0160322189331055 0.0173368453979492 -0.0302200317382813 -0.00407028198242188
0.00491905212402344 0.0257549285888672 -0.0171737670898438 -0.0127372741699219
-0.0208816528320313 0.0180034637451172 -0.00443744659423828 -0.00933647155761719
-0.0336208343505859 -0.00237083435058593 -0.0182609558105469 0.0134220123291016
-0.0299816131591797 -0.0200405120849609 -0.0558700561523438 0.00350189208984374
0.00172233581542969 0.0200595855712891 0.0533294677734375 -0.00265121459960937
0.0200786590576172 0.00499153137207031 0.0220756530761719 -0.00570106506347656
0.00929450988769531 -0.0110712051391602 0.00502872467041016 0.0100059509277344
-0.00115489959716797 -0.011871337890625 0.0208187103271484 0.018707275390625
-0.00669574737548828 -0.00895404815673828 0.0355606079101563 0.00712966918945312
-0.0125665664672852 -0.00281143188476562 0.0387458801269531 -0.00933837890625
-0.00829696655273438 -0.00186920166015625 0.0346832275390625 -0.0206642150878906
-0.00588464736938476 -0.00285005569458008 0.0286827087402344 -0.0189914703369141
-0.0081181526184082 -0.00603294372558594 0.0251007080078125 -0.0118179321289063
-0.000805854797363281 -0.0109958648681641 0.0203285217285156 -0.0032958984375
0.0101480484008789 -0.00869083404541016 0.00864744186401367 -0.00165557861328125
0.0142860412597656 0.00146007537841797 0.006439208984375 -0.00986099243164063
0.010533332824707 0.0158004760742188 0.0193061828613281 -0.0218753814697266
0.00209999084472656 0.0257740020751953 0.0380897521972656 -0.0203170776367188
-0.0109138488769531 0.0268459320068359 0.0352592468261719 -0.00577163696289062
-0.0189666748046875 0.0210762023925781 0.0515251159667969 0.00759506225585938
0.00311565399169922 0.0156164169311523 0.0215015411376953 0.00270843505859375
0.00211071968078613 0.00257205963134766 0.00726318359375 0.0151958465576172
0.0019601583480835 0.00199615955352783 0.0242538452148438 0.0227909088134766
0.00249385833740234 0.000397443771362305 0.038238525390625 0.00911712646484375
0.00143468379974365 -0.00169670581817627 0.0411911010742188 -0.00983428955078125
0.00505304336547851 -0.00544881820678711 0.0364189147949219 -0.0199661254882813
0.00677919387817383 -0.00550460815429687 0.0288200378417969 -0.0179252624511719
0.00720977783203125 -0.00811576843261719 0.0246505737304688 -0.0100421905517578
0.0138893127441406 -0.00644016265869141 0.0200366973876953 -0.00125312805175781
0.0195770263671875 0.00329017639160156 0.00685548782348633 -3.05175781249998E-05
0.0163078308105469 0.0160837173461914 0.004058837890625 -0.00722932815551758
-0.000686645507812498 0.0269126892089844 0.0144615173339844 -0.0196399688720703
-0.0159759521484375 0.0313892364501953 0.0315513610839844 -0.0147037506103516
-0.0294418334960938 0.0279350280761719 0.0272216796875 0.00193405151367188
-0.0388908386230469 0.0172691345214844 0.0416755676269531 0.0167808532714844
-0.0168094635009766 0.0238132476806641 0.0161933898925781 0.0133609771728516
-0.00837516784667969 0.0176239013671875 0.00710296630859375 0.0221767425537109
0.00382423400878906 0.0186843872070313 0.0250320434570312 0.0273399353027344
0.0124921798706055 0.0112762451171875 0.0368881225585938 0.0107650756835938
0.0165729522705078 0.000836372375488281 0.0389289855957031 -0.00860977172851562
0.0190391540527344 -0.008056640625 0.0330734252929688 -0.0167999267578125
0.0196247100830078 -0.00687789916992188 0.0245227813720703 -0.0139350891113281
0.0213088989257813 -0.00896072387695313 0.0199699401855469 -0.007171630859375
0.0268287658691406 -0.00276947021484375 0.0152711868286133 0.00052642822265625
0.026824951171875 0.0124034881591797 0.00278043746948242 0.000851869583129883
0.0179233551025391 0.0262508392333984 0.00123882293701172 -0.00574350357055664
-0.00823020935058594 0.0345726013183594 0.00979995727539063 -0.016423225402832
-0.0293674468994141 0.0339756011962891 0.0228233337402344 -0.00762176513671875
-0.0439682006835938 0.0254974365234375 0.0142822265625 0.00951004028320313
-0.0529403686523437 0.0105171203613281 0.02496337890625 0.0249748229980469
-0.0353050231933594 0.0261650085449219 0.00448799133300781 0.0236110687255859
-0.0200271606445312 0.0294952392578125 0.00339508056640625 0.0288314819335938
0.00326347351074218 0.0340213775634766 0.0225009918212891 0.0306396484375
0.0196056365966797 0.0226993560791016 0.0319366455078125 0.0126304626464844
0.0292015075683594 0.00471687316894531 0.0326499938964844 -0.00593376159667969
0.0299148559570313 -0.00838470458984375 0.0247783660888672 -0.0107612609863281
0.0288372039794922 -0.00716590881347656 0.0161428451538086 -0.00800800323486328
0.0322151184082031 -0.00855636596679688 0.0112094879150391 -0.00172901153564453
0.0354042053222656 0.000438690185546875 0.00726842880249024 0.00262069702148438
0.0310268402099609 0.0185470581054688 -0.00275325775146484 0.00112390518188477
0.0182170867919922 0.0331439971923828 -0.00213766098022461 -0.00510025024414062
-0.0131759643554687 0.0382041931152344 0.00600337982177734 -0.0131597518920898
-0.0378532409667969 0.0334663391113281 0.0140838623046875 0.000595092773437502
-0.0518074035644531 0.0208091735839844 -0.000971794128417971 0.0148649215698242
-0.0575942993164063 0.000549316406250002 0.0040740966796875 0.0290107727050781
-0.0474624633789063 0.0214347839355469 -0.0111656188964844 0.0309391021728516
-0.0301685333251953 0.0335788726806641 -0.00295448303222657 0.0336494445800781
-0.00110626220703125 0.043182373046875 0.0158157348632812 0.0312061309814453
0.0218696594238281 0.0303573608398438 0.0218887329101563 0.0119781494140625
0.036285400390625 0.00864791870117188 0.0209217071533203 -0.00362014770507813
0.0361862182617188 -0.00751876831054687 0.0124807357788086 -0.00398731231689453
0.0338592529296875 -0.00656318664550781 0.00462532043457032 -0.000126838684082032
0.0371131896972656 -0.00723648071289063 0.000325918197631839 0.00430202484130859
0.0389900207519531 0.00279617309570312 -0.00300264358520508 0.00494766235351563
0.0318889617919922 0.0219593048095703 -0.00982856750488281 0.00136852264404297
0.0172386169433594 0.0362815856933594 -0.00566005706787109 -0.00580787658691406
-0.0177230834960937 0.0374794006347656 0.00446891784667969 -0.0104465484619141
-0.0428276062011719 0.0287437438964844 0.00668525695800781 0.0095052719116211
-0.0550537109375 0.0129280090332031 -0.016693115234375 0.018280029296875
-0.0506553649902344 -0.0100555419921875 -0.0158214569091797 0.0286445617675781
-0.0487785339355469 0.0112495422363281 -0.0260162353515625 0.0331649780273438
-0.0353927612304687 0.0274772644042969 -0.0099334716796875 0.0340747833251953
-0.00728988647460937 0.0421409606933594 0.00695991516113281 0.0279788970947266
0.0175228118896484 0.0327377319335938 0.0108051300048828 0.00981616973876953
0.0362777709960938 0.0122337341308594 0.00738286972045899 -0.000707149505615234
0.0361213684082031 -0.004638671875 -0.000762462615966795 0.00271511077880859
0.0332832336425781 -0.00445175170898438 -0.00703573226928711 0.00702667236328125
0.0368995666503906 -0.00522232055664062 -0.0110769271850586 0.00926685333251953
0.0382156372070313 0.00406265258789063 -0.0141258239746094 0.00639820098876953
0.0296459197998047 0.0223159790039063 -0.0171689987182617 -0.000458717346191403
0.0140495300292969 0.0352363586425781 -0.00868129730224609 -0.0072021484375
-0.0204715728759766 0.0334453582763672 0.00230550765991211 -0.00828218460083008
-0.0435218811035156 0.0205001831054688 -0.0011444091796875 0.0142974853515625
-0.0519638061523438 0.00235748291015625 -0.0318698883056641 0.0179920196533203
-0.0345020294189453 -0.0192070007324219 -0.0315952301025391 0.0243110656738281
-0.0379486083984375 -0.00213241577148438 -0.0366630554199219 0.0313529968261719
-0.0314483642578125 0.014251708984375 -0.0146236419677734 0.0313682556152344
-0.0118865966796875 0.0316734313964844 -0.000263214111328127 0.0217094421386719
0.0101432800292969 0.0278968811035156 0.000728130340576172 0.00559520721435547
0.0284957885742188 0.0134792327880859 -0.00592470169067383 0.000926494598388673
0.0298023223876953 -0.00101280212402344 -0.0135478973388672 0.00849342346191407
0.0274162292480469 -0.00198745727539063 -0.0173797607421875 0.0129623413085938
0.0315589904785156 -0.002777099609375 -0.0211353302001953 0.0141849517822266
0.0321540832519531 0.00421333312988281 -0.0238265991210937 0.00760459899902344
0.0245933532714844 0.0197620391845703 -0.0242481231689453 -0.00159645080566406
0.0106849670410156 0.03131103515625 -0.0132207870483398 -0.00944232940673828
-0.0213794708251953 0.0269680023193359 -0.000220298767089845 -0.00820064544677734
-0.0402145385742187 0.0108146667480469 -0.00887584686279297 0.0162887573242188
-0.0438194274902344 -0.0079345703125 -0.0447463989257813 0.0144462585449219
-0.0126132965087891 -0.0250473022460938 -0.0379867553710938 0.0174713134765625
-0.0204696655273438 -0.0146598815917969 -0.0397911071777344 0.0261955261230469
-0.0218238830566406 -0.0014495849609375 -0.0159568786621094 0.0265865325927734
-0.0143089294433594 0.0149421691894531 -0.00458812713623047 0.0156173706054688
0.000442504882812502 0.0178089141845703 -0.00610208511352539 0.00198411941528321
0.0159158706665039 0.0123329162597656 -0.0153646469116211 0.00177192687988281
0.0194034576416016 0.00226402282714844 -0.0227317810058594 0.0117950439453125
0.0179786682128906 0.000711441040039063 -0.0252914428710938 0.0174541473388672
0.0213642120361328 7.05718994140625E-05 -0.0298099517822266 0.0172920227050781
0.0221652984619141 0.00422096252441406 -0.0322837829589844 0.00743293762207032
0.0175094604492188 0.0149297714233398 -0.0297393798828125 -0.00319671630859376
0.006317138671875 0.0235233306884766 -0.017155647277832 -0.0118694305419922
-0.0187511444091797 0.0188922882080078 -0.00418567657470703 -0.0092010498046875
-0.0325107574462891 0.001190185546875 -0.0169048309326172 0.0139503479003906
-0.0306167602539063 -0.0172023773193359 -0.0542144775390625 0.00611877441406249
0.00217819213867188 0.0189781188964844 0.0526046752929688 -0.00362777709960937
0.0191993713378906 0.00412368774414063 0.0209140777587891 -0.00656700134277344
0.00823879241943359 -0.0110435485839844 0.00509262084960938 0.01007080078125
-0.00190544128417969 -0.0114336013793945 0.0212764739990234 0.0185356140136719
-0.00744867324829102 -0.00772333145141602 0.0356483459472656 0.0060882568359375
-0.0119600296020508 -0.0016489028930664 0.0388717651367188 -0.0105209350585938
-0.00810050964355469 -0.00151586532592773 0.0339164733886719 -0.0216846466064453
-0.00586652755737305 -0.00224494934082031 0.0278491973876953 -0.0200004577636719
-0.00777626037597656 -0.00572776794433594 0.0243148803710938 -0.0131702423095703
-0.00109195709228516 -0.00983524322509766 0.0203704833984375 -0.00428009033203125
0.00917243957519531 -0.00887107849121094 0.00925350189208984 -0.0027313232421875
0.0136222839355469 0.000811576843261719 0.00745010375976563 -0.0104846954345703
0.0109167098999023 0.0143756866455078 0.0194625854492187 -0.0215129852294922
0.00317001342773438 0.0243473052978516 0.0374794006347656 -0.0209426879882813
-0.00919723510742188 0.0259857177734375 0.0357322692871094 -0.00702285766601562
-0.0185909271240234 0.0206451416015625 0.0509109497070313 0.00616836547851563
0.00300025939941406 0.01495361328125 0.0209865570068359 0.001708984375
0.00155496597290039 0.00329303741455078 0.00694084167480469 0.0151042938232422
0.0019533634185791 0.00277256965637207 0.0246009826660156 0.0223121643066406
0.00265002250671387 0.000710725784301758 0.0377006530761719 0.0080108642578125
0.00199794769287109 -0.000765442848205566 0.0407905578613281 -0.0105705261230469
0.0057830810546875 -0.00542068481445313 0.0351066589355469 -0.0214595794677734
0.00712013244628906 -0.00562381744384766 0.0280055999755859 -0.0194263458251953
0.0071864128112793 -0.00797843933105469 0.0241050720214844 -0.0117053985595703
0.0139904022216797 -0.00617313385009766 0.0199012756347656 -0.00331687927246094
0.0187129974365234 0.00239944458007813 0.00799274444580078 -0.00105190277099609
0.015629768371582 0.0152769088745117 0.00517940521240234 -0.00730514526367187
-3.24249267578101E-05 0.0262126922607422 0.0146064758300781 -0.0191612243652344
-0.0148792266845703 0.0308380126953125 0.0308647155761719 -0.015655517578125
-0.0282840728759766 0.0275993347167969 0.0281143188476563 0.000423431396484377
-0.0382881164550781 0.0179672241210938 0.0416831970214844 0.0155448913574219
-0.0165786743164063 0.0233726501464844 0.0158910751342773 0.0119295120239258
-0.0081939697265625 0.0180549621582031 0.00673866271972656 0.0215682983398438
0.00434684753417969 0.0190219879150391 0.0251140594482422 0.0262851715087891
0.0126914978027344 0.0113010406494141 0.036834716796875 0.00954437255859375
0.0167875289916992 0.000861167907714844 0.0385894775390625 -0.00944900512695313
0.0193119049072266 -0.008209228515625 0.0323238372802734 -0.0180530548095703
0.0196151733398438 -0.00715827941894531 0.0232467651367187 -0.0149517059326172
0.0217800140380859 -0.00934600830078125 0.0189857482910156 -0.00826454162597656
0.026763916015625 -0.00339126586914063 0.015172004699707 -0.00126552581787109
0.026885986328125 0.0113468170166016 0.00347208976745606 -0.000313282012939452
0.0185356140136719 0.0258083343505859 0.00205469131469727 -0.00632381439208984
-0.00762939453125 0.0343456268310547 0.00991439819335938 -0.0166587829589844
-0.0282344818115234 0.0345516204833984 0.0225467681884766 -0.00861740112304687
-0.0422821044921875 0.025543212890625 0.0155401229858398 0.00787830352783203
-0.0523757934570313 0.0117835998535156 0.0257740020751953 0.0234336853027344
-0.0347118377685547 0.026702880859375 0.00449371337890625 0.0224399566650391
-0.0197544097900391 0.0304298400878906 0.00317955017089844 0.0278968811035156
0.00451087951660156 0.0338706970214844 0.0222721099853516 0.0295639038085937
0.0200996398925781 0.0216560363769531 0.0312614440917969 0.0115013122558594
0.0295810699462891 0.003875732421875 0.0314750671386719 -0.006805419921875
0.0299205780029297 -0.00938034057617188 0.0239105224609375 -0.0119514465332031
0.0292034149169922 -0.00830078125 0.0150842666625977 -0.00867748260498047
0.0316982269287109 -0.00982666015625 0.0103254318237305 -0.00295352935791016
0.0353126525878906 -0.0008087158203125 0.00704622268676758 0.00114250183105469
0.0317058563232422 0.0174541473388672 -0.00240731239318848 -2.90870666503896E-05
0.0194721221923828 0.0323505401611328 -0.00145339965820312 -0.00597429275512695
-0.0124092102050781 0.0382347106933594 0.00629615783691406 -0.0136909484863281
-0.0366935729980469 0.0343170166015625 0.0145473480224609 -0.000572204589843748
-0.0506477355957031 0.021575927734375 0.000904083251953122 0.0132837295532227
-0.0573692321777344 0.00194168090820312 0.00484657287597656 0.0277919769287109
-0.0467643737792969 0.0227394104003906 -0.0103969573974609 0.0294303894042969
-0.0298118591308594 0.0349979400634766 -0.00330734252929688 0.0325489044189453
0.000461578369140625 0.0428504943847656 0.0154705047607422 0.0303726196289063
0.0229988098144531 0.0294589996337891 0.0218925476074219 0.0113868713378906
0.0367889404296875 0.00770187377929688 0.019683837890625 -0.00377464294433594
0.0356292724609375 -0.00909042358398438 0.0123624801635742 -0.00463104248046875
0.0335369110107422 -0.00809478759765625 0.00438308715820313 -0.000766754150390626
0.0374908447265625 -0.0092926025390625 -0.000225067138671873 0.00306606292724609
0.0392951965332031 0.00049591064453125 -0.00315761566162109 0.00328230857849121
0.0327873229980469 0.0205459594726563 -0.00997257232666015 -0.00013923645019531
0.0187797546386719 0.0354347229003906 -0.00505352020263672 -0.00690603256225586
-0.0168228149414063 0.0379600524902344 0.00442886352539063 -0.010807991027832
-0.0414085388183594 0.0302276611328125 0.00734519958496093 0.00810575485229492
-0.0537300109863281 0.0144424438476562 -0.0150184631347656 0.0173053741455078
-0.0509147644042969 -0.00825500488281249 -0.0147666931152344 0.0280895233154297
-0.0481491088867187 0.0129623413085938 -0.0250053405761719 0.0325450897216797
-0.0347404479980469 0.0297451019287109 -0.010101318359375 0.0327796936035156
-0.00534820556640625 0.042510986328125 0.00662994384765625 0.0272712707519531
0.0194587707519531 0.0320243835449219 0.0103836059570313 0.00985813140869141
0.0364761352539063 0.0104942321777344 0.00648927688598633 -0.000913143157958984
0.0359420776367188 -0.00617218017578125 -0.00069308280944824 0.00228309631347656
0.0332412719726563 -0.00629234313964844 -0.00709152221679687 0.00669145584106445
0.0367088317871094 -0.0075531005859375 -0.0114355087280273 0.00930023193359375
0.038055419921875 0.00125503540039063 -0.0145988464355469 0.00572395324707032
0.0306587219238281 0.0211410522460938 -0.0171232223510742 -0.000586509704589841
0.0158710479736328 0.0344486236572266 -0.00891494750976563 -0.00792789459228515
-0.0192947387695312 0.0343837738037109 0.00252580642700195 -0.00875663757324219
-0.0423469543457031 0.0227279663085937 -0.000613212585449221 0.0133590698242188
-0.0510215759277344 0.00428390502929686 -0.0301170349121094 0.0173244476318359
-0.0349750518798828 -0.017333984375 -0.0306358337402344 0.0246162414550781
-0.0382423400878906 -0.000289916992187495 -0.0352134704589844 0.0309066772460938
-0.0315723419189453 0.0162391662597656 -0.0145378112792969 0.0300960540771484
-0.0101909637451172 0.0314617156982422 -0.000595092773437501 0.0213985443115234
0.0118350982666016 0.0272121429443359 0.00014925003051758 0.00594091415405274
0.0286846160888672 0.0117321014404297 -0.00655317306518555 0.00103759765625
0.0294704437255859 -0.00270652770996094 -0.0130672454833984 0.00862789154052735
0.0275154113769531 -0.00339889526367188 -0.0169639587402344 0.0137672424316406
0.0309181213378906 -0.00486564636230469 -0.0214080810546875 0.0145740509033203
0.0316562652587891 0.00281906127929688 -0.0239906311035156 0.00733375549316406
0.0249671936035156 0.0183925628662109 -0.0245227813720703 -0.00190925598144531
0.0119800567626953 0.0300712585449219 -0.0127363204956055 -0.0100250244140625
-0.0199737548828125 0.0277214050292969 -0.00034618377685547 -0.00879764556884765
-0.0393753051757813 0.0126304626464844 -0.00812435150146485 0.0156526565551758
-0.0435371398925781 -0.00585174560546875 -0.0432319641113281 0.0144844055175781
-0.0136318206787109 -0.0243320465087891 -0.0376472473144531 0.0182418823242188
-0.0209770202636719 -0.0132045745849609 -0.0385856628417969 0.0261955261230469
-0.0215530395507813 -9.53674316406174E-06 -0.0158653259277344 0.0255775451660156
-0.0131359100341797 0.0154008865356445 -0.00516223907470703 0.0152702331542969
0.00250053405761719 0.0174827575683594 -0.00707483291625977 0.00283670425415039
0.0161933898925781 0.0106601715087891 -0.0153970718383789 0.00233173370361328
0.0187664031982422 0.000879287719726563 -0.0217933654785156 0.0124721527099609
0.0181465148925781 -0.00048828125 -0.0244884490966797 0.0181865692138672
0.020965576171875 -0.00166511535644531 -0.0289478302001953 0.0177478790283203
0.0223808288574219 0.00237846374511719 -0.0321598052978516 0.00796127319335938
0.0182552337646484 0.0139484405517578 -0.0299358367919922 -0.00293159484863282
0.00773239135742187 0.0228290557861328 -0.0168895721435547 -0.012110710144043
-0.0176334381103516 0.0192985534667969 -0.00374126434326172 -0.00908279418945313
-0.0316162109375 0.00296974182128907 -0.0159473419189453 0.0136337280273438
-0.0303096771240234 -0.0151653289794922 -0.0529518127441406 0.00652694702148437
0.00286865234375 0.0184535980224609 0.0533905029296875 -0.00365447998046875
0.0187911987304687 0.00346755981445312 0.0202217102050781 -0.00693511962890625
0.00756168365478516 -0.0106277465820313 0.00483798980712891 0.0103397369384766
-0.0023651123046875 -0.0110435485839844 0.0214157104492188 0.0187606811523438
-0.00779104232788086 -0.0072169303894043 0.0364341735839844 0.005706787109375
-0.0118017196655273 -0.0010061264038086 0.0399589538574219 -0.0115547180175781
-0.0071110725402832 -0.00117397308349609 0.0342369079589844 -0.0231800079345703
-0.00572872161865234 -0.00234603881835937 0.0278701782226563 -0.0212078094482422
-0.00763702392578125 -0.00473451614379883 0.0244426727294922 -0.0146427154541016
-0.00100326538085938 -0.00906944274902344 0.0211963653564453 -0.00581550598144531
0.00830459594726563 -0.00878620147705078 0.0105094909667969 -0.0037078857421875
0.0133810043334961 -0.000318527221679688 0.00858497619628906 -0.0103797912597656
0.0112028121948242 0.0134677886962891 0.0203800201416016 -0.0208797454833984
0.00397872924804688 0.0237331390380859 0.0384559631347656 -0.021026611328125
-0.00837898254394531 0.0255603790283203 0.0372314453125 -0.00833892822265625
-0.0182819366455078 0.0207576751708984 0.0515518188476563 0.005645751953125
0.00233364105224609 0.0151338577270508 0.0210208892822266 0.001312255859375
0.000890493392944336 0.00371336936950684 0.00653457641601563 0.0148677825927734
0.00182914733886719 0.00333523750305176 0.0248756408691406 0.0226612091064453
0.00291228294372559 0.001312255859375 0.0381126403808594 0.00767898559570312
0.00243902206420898 -0.000654697418212891 0.0418243408203125 -0.0117111206054688
0.00675106048583984 -0.00546503067016602 0.035369873046875 -0.0227165222167969
0.00788354873657227 -0.00570392608642578 0.0273685455322266 -0.0208415985107422
0.00764226913452148 -0.00729942321777344 0.0235424041748047 -0.0132217407226563
0.0137662887573242 -0.00621891021728516 0.0205211639404297 -0.00524330139160156
0.0191249847412109 0.00193977355957031 0.00881671905517578 -0.00233554840087891
0.0161628723144531 0.01495361328125 0.00665140151977539 -0.00801229476928711
1.52587890624976E-05 0.0261478424072266 0.0157604217529297 -0.0191574096679688
-0.0148906707763672 0.0312309265136719 0.0315933227539062 -0.0163631439208984
-0.0276966094970703 0.0276470184326172 0.0297126770019531 -0.00102806091308594
-0.0394630432128906 0.0184173583984375 0.0425834655761719 0.0150337219238281
-0.0171546936035156 0.0240669250488281 0.0151271820068359 0.010899543762207
-0.0086517333984375 0.0196857452392578 0.00633811950683594 0.0219383239746094
0.00480461120605468 0.0200004577636719 0.0256710052490234 0.0265045166015625
0.0135736465454102 0.0119256973266602 0.03704833984375 0.00940704345703125
0.0176963806152344 0.000951766967773437 0.0394058227539062 -0.0101318359375
0.0198116302490234 -0.00894737243652344 0.0319423675537109 -0.0191612243652344
0.0208091735839844 -0.00874137878417969 0.0231342315673828 -0.0170173645019531
0.0220680236816406 -0.0097808837890625 0.0186367034912109 -0.00957870483398438
0.0272579193115234 -0.00372886657714844 0.0157032012939453 -0.00323009490966797
0.0276298522949219 0.0115547180175781 0.00450992584228516 -0.00156068801879883
0.0191078186035156 0.025787353515625 0.00304508209228516 -0.00768756866455078
-0.00757980346679688 0.0352630615234375 0.0112152099609375 -0.0168085098266602
-0.0284576416015625 0.0357856750488281 0.0235958099365234 -0.0095977783203125
-0.0422782897949219 0.0264663696289062 0.0169773101806641 0.00625419616699219
-0.0535697937011719 0.0124092102050781 0.0262641906738281 0.0233383178710937
-0.0352401733398438 0.0281143188476563 0.00421333312988281 0.0217075347900391
-0.0201797485351563 0.031951904296875 0.00278091430664062 0.0279426574707031
0.0049896240234375 0.0347614288330078 0.0224266052246094 0.0298500061035156
0.0213718414306641 0.0222892761230469 0.0312824249267578 0.0116558074951172
0.0305843353271484 0.00384712219238281 0.0313777923583984 -0.00738716125488281
0.0306320190429687 -0.0107440948486328 0.0241203308105469 -0.0126628875732422
0.0298175811767578 -0.0096588134765625 0.0148906707763672 -0.00986385345458984
0.0327033996582031 -0.0109786987304688 0.0100269317626953 -0.00438022613525391
0.0361518859863281 -0.00164413452148438 0.00695896148681641 -0.000596523284912109
0.0327358245849609 0.0171527862548828 -0.00242543220520019 -0.00120282173156738
0.020751953125 0.0324611663818359 -0.00067758560180664 -0.00657463073730469
-0.0123023986816406 0.0395736694335938 0.00718212127685547 -0.0139007568359375
-0.0370254516601563 0.0360984802246094 0.0152807235717773 -0.000982284545898435
-0.0511894226074219 0.0229072570800781 0.00221061706542968 0.0122547149658203
-0.0589828491210938 0.00343322753906249 0.00515174865722656 0.0276012420654297
-0.0469131469726562 0.0243644714355469 -0.010955810546875 0.0286922454833984
-0.0302047729492187 0.0370216369628906 -0.00415611267089844 0.0324516296386719
0.00138092041015625 0.0445556640625 0.0150527954101562 0.0303611755371094
0.0242938995361328 0.0297641754150391 0.0214138031005859 0.0117969512939453
0.0376167297363281 0.00695419311523438 0.0197277069091797 -0.00380706787109375
0.0371665954589844 -0.00999832153320313 0.0119466781616211 -0.00499916076660156
0.0345382690429687 -0.00956344604492187 0.0041050910949707 -0.00133967399597168
0.0378074645996094 -0.0104522705078125 -0.000635862350463865 0.00279378890991211
0.040313720703125 -0.000705718994140625 -0.00371146202087402 0.00276088714599609
0.0345287322998047 0.0198974609375 -0.0100116729736328 -0.00114727020263672
0.0197334289550781 0.0360870361328125 -0.00470399856567383 -0.00792551040649414
-0.0161781311035156 0.0399017333984375 0.00461292266845703 -0.0115337371826172
-0.0419731140136719 0.0323333740234375 0.00806379318237305 0.00702428817749024
-0.0543670654296875 0.0155143737792969 -0.0138988494873047 0.0164861679077148
-0.0524826049804688 -0.00665664672851562 -0.0148754119873047 0.0284252166748047
-0.0487823486328125 0.0139999389648437 -0.0250377655029297 0.0321483612060547
-0.0351390838623047 0.0311107635498047 -0.0105781555175781 0.0327873229980469
-0.00439834594726563 0.0439605712890625 0.00641632080078125 0.0274219512939453
0.0211391448974609 0.0322837829589844 0.00965976715087891 0.0103492736816406
0.0375747680664063 0.0098724365234375 0.0059967041015625 -0.000403881072998046
0.0364952087402344 -0.00780105590820313 -0.000818729400634763 0.0027313232421875
0.0337600708007813 -0.00769615173339844 -0.00670671463012695 0.00681495666503906
0.0374183654785156 -0.00919342041015625 -0.012054443359375 0.00872802734375
0.0390586853027344 0.0006561279296875 -0.0145835876464844 0.0052957534790039
0.0320549011230469 0.0201625823974609 -0.01763916015625 -0.00150489807128906
0.0172004699707031 0.0347442626953125 -0.00892543792724609 -0.00874710083007812
-0.0191154479980469 0.0358963012695313 0.00213432312011719 -0.00945186614990234
-0.0430793762207031 0.0247077941894531 -0.00019931793212891 0.0125560760498047
-0.0514564514160156 0.00573348999023437 -0.0296764373779297 0.016357421875
-0.0359992980957031 -0.01617431640625 -0.0308380126953125 0.0240535736083984
-0.038421630859375 0.00119781494140625 -0.0354728698730469 0.030792236328125
-0.0317668914794922 0.0177898406982422 -0.0156230926513672 0.0302772521972656
-0.00945663452148437 0.0329513549804687 -0.000961303710937502 0.0217266082763672
0.0125045776367188 0.027618408203125 -0.000516891479492187 0.0063319206237793
0.0297584533691406 0.0112953186035156 -0.00695085525512695 0.00175666809082031
0.0302162170410156 -0.00371360778808594 -0.0128955841064453 0.00914859771728515
0.0277309417724609 -0.0050048828125 -0.0170116424560547 0.0142946243286133
0.0316448211669922 -0.00632858276367188 -0.0213470458984375 0.0147724151611328
0.0327491760253906 0.00129508972167969 -0.0248775482177734 0.00748062133789063
0.0264320373535156 0.018280029296875 -0.0249252319335938 -0.00218772888183594
0.0131702423095703 0.0301418304443359 -0.0132427215576172 -0.0111427307128906
-0.0197467803955078 0.0289974212646484 -0.000157356262207033 -0.0095987319946289
-0.0393295288085938 0.0142478942871094 -0.00742816925048828 0.0155868530273437
-0.0438079833984375 -0.00467300415039062 -0.0436210632324219 0.0135078430175781
-0.0151176452636719 -0.0235519409179688 -0.0381889343261719 0.0185661315917969
-0.0217876434326172 -0.0120849609375 -0.0393180847167969 0.0260467529296875
-0.0220108032226563 0.000976562500000004 -0.0161666870117188 0.0259342193603516
-0.0123844146728516 0.0165004730224609 -0.00605964660644531 0.0154361724853516
0.0035247802734375 0.0177574157714844 -0.0075531005859375 0.00348472595214844
0.017024040222168 0.00986766815185547 -0.0165672302246094 0.00345611572265625
0.0193233489990234 5.91278076171875E-05 -0.0219612121582031 0.0137062072753906
0.0176048278808594 -0.00175094604492187 -0.0240726470947266 0.0192966461181641
0.0209255218505859 -0.00246238708496094 -0.0297336578369141 0.0186233520507813
0.0225086212158203 0.00152206420898438 -0.0331172943115234 0.00806045532226563
0.0188179016113281 0.0133075714111328 -0.0308284759521484 -0.0029449462890625
0.00904464721679688 0.0224628448486328 -0.0174169540405273 -0.0129165649414062
-0.0172519683837891 0.0196189880371094 -0.00379657745361328 -0.0103034973144531
-0.0317440032958984 0.00402641296386719 -0.0151662826538086 0.0132713317871094
-0.0304241180419922 -0.0142307281494141 -0.0534515380859375 0.00665664672851563
0.00351142883300781 0.0191020965576172 0.0552520751953125 -0.00428009033203125
0.0188617706298828 0.00309371948242187 0.0204811096191406 -0.00727081298828125
0.0076446533203125 -0.0110445022583008 0.00481510162353516 0.0108833312988281
-0.00238704681396484 -0.0105972290039063 0.0225868225097656 0.0195426940917969
-0.00822067260742187 -0.00718259811401367 0.03814697265625 0.0052337646484375
-0.0121049880981445 -0.000311851501464844 0.0419883728027344 -0.013641357421875
-0.00740146636962891 -0.000765323638916014 0.0351676940917969 -0.0250167846679688
-0.00545978546142578 -0.0024867057800293 0.0280132293701172 -0.0233116149902344
-0.00750017166137695 -0.00426769256591797 0.0248184204101563 -0.0163497924804688
-0.00163459777832031 -0.00939178466796875 0.0215892791748047 -0.00811195373535156
0.00804805755615234 -0.0092935562133789 0.0117082595825195 -0.00467967987060547
0.0133581161499023 -0.000293731689453125 0.010040283203125 -0.0109233856201172
0.0117321014404297 0.0136260986328125 0.0214824676513672 -0.021820068359375
0.00487899780273438 0.0235385894775391 0.0396080017089844 -0.0228805541992188
-0.00769233703613281 0.0256214141845703 0.0394058227539063 -0.0100784301757812
-0.0193672180175781 0.0217037200927734 0.0537109375 0.00508880615234375
0.00206661224365235 0.0156583786010742 0.0208892822265625 0.000593185424804688
0.00098419189453125 0.00449132919311523 0.00678157806396484 0.0155858993530273
0.00200223922729492 0.00385665893554688 0.0259037017822266 0.0230541229248047
0.00311017036437988 0.00187778472900391 0.0401535034179688 0.00699996948242188
0.00317001342773438 -0.000292301177978516 0.0432853698730469 -0.0134353637695312
0.00688457489013672 -0.00568199157714844 0.0361671447753906 -0.0247879028320313
0.00824785232543945 -0.00621175765991211 0.0277652740478516 -0.0227699279785156
0.00863218307495117 -0.00795936584472656 0.0239734649658203 -0.0152873992919922
0.0143527984619141 -0.0062103271484375 0.0212154388427734 -0.00678634643554687
0.0195407867431641 0.00226402282714844 0.0100812911987305 -0.00381851196289063
0.0167465209960938 0.015110969543457 0.00818729400634766 -0.00912380218505859
0.000303268432617187 0.0272712707519531 0.0165576934814453 -0.0198574066162109
-0.0147666931152344 0.0322284698486328 0.0326881408691406 -0.0179481506347656
-0.0280437469482422 0.0285797119140625 0.0317249298095703 -0.00237274169921875
-0.0401611328125 0.0199165344238281 0.0444183349609375 0.0145606994628906
-0.0179767608642578 0.0256748199462891 0.0155715942382813 0.0107870101928711
-0.00926589965820313 0.0212230682373047 0.00622940063476562 0.0225353240966797
0.00568580627441406 0.0209217071533203 0.0267105102539063 0.0275821685791016
0.0145702362060547 0.0121555328369141 0.0387992858886719 0.00902557373046875
0.0187473297119141 0.000970840454101563 0.0402336120605469 -0.0118064880371094
0.0207157135009766 -0.0101242065429688 0.0323753356933594 -0.0215625762939453
0.0213584899902344 -0.00948524475097656 0.0230808258056641 -0.0185012817382813
0.0234260559082031 -0.0110454559326172 0.0185317993164063 -0.0113983154296875
0.0284156799316406 -0.00449371337890625 0.0161256790161133 -0.00485324859619141
0.0289459228515625 0.0110149383544922 0.00491666793823242 -0.00328779220581055
0.0202960968017578 0.0267772674560547 0.00406980514526367 -0.00825214385986328
-0.00694656372070312 0.0370330810546875 0.0117549896240234 -0.0177497863769531
-0.0287246704101563 0.0377120971679688 0.0243206024169922 -0.0109500885009766
-0.0436630249023437 0.0280189514160156 0.0193977355957031 0.00497627258300781
-0.0559577941894531 0.0149688720703125 0.0274944305419922 0.0234394073486328
-0.0366249084472656 0.0300216674804688 0.00452995300292969 0.0213260650634766
-0.0202369689941406 0.0348052978515625 0.00226020812988281 0.0289134979248047
0.00624847412109375 0.0365486145019531 0.0232181549072266 0.0305023193359375
0.0232963562011719 0.0230255126953125 0.0328559875488281 0.0114974975585938
0.0323448181152344 0.00331687927246094 0.0323429107666016 -0.00817680358886719
0.0318946838378906 -0.0119285583496094 0.0244846343994141 -0.014556884765625
0.0309467315673828 -0.0112438201904297 0.0148773193359375 -0.0111942291259766
0.0341224670410156 -0.0128555297851562 0.00971794128417969 -0.00516223907470703
0.0379447937011719 -0.003814697265625 0.00705051422119141 -0.00198936462402344
0.0353965759277344 0.0167770385742188 -0.00225996971130371 -0.00251603126525879
0.0227336883544922 0.0336933135986328 -0.000163078308105467 -0.00825691223144531
-0.0120887756347656 0.0423927307128906 0.00733661651611328 -0.0149326324462891
-0.0377578735351563 0.0392341613769531 0.016204833984375 -0.00254440307617187
-0.0527687072753906 0.0246849060058594 0.00368022918701171 0.0112485885620117
-0.0617027282714844 0.00574493408203125 0.00563621520996093 0.0279293060302734
-0.0493240356445313 0.0268707275390625 -0.0108203887939453 0.0291099548339844
-0.0311126708984375 0.0400962829589844 -0.00418853759765625 0.0333023071289063
0.00314712524414063 0.0465927124023438 0.0161914825439453 0.0313968658447266
0.0267429351806641 0.0306549072265625 0.0222072601318359 0.0119056701660156
0.0397872924804688 0.00610733032226562 0.0197658538818359 -0.00378608703613281
0.0382881164550781 -0.0122337341308594 0.0122613906860352 -0.00574684143066406
0.0357933044433594 -0.0113525390625 0.00415372848510742 -0.00218510627746582
0.03955078125 -0.0132522583007813 -0.0014951229095459 0.00231504440307617
0.0420417785644531 -0.00246810913085938 -0.00402116775512695 0.0017707347869873
0.0371780395507813 0.0195236206054688 -0.0103778839111328 -0.0018157958984375
0.0226287841796875 0.0366439819335938 -0.00481128692626953 -0.00888442993164062
-0.0157546997070313 0.0429115295410156 0.00479602813720703 -0.0122709274291992
-0.0426788330078125 0.0355796813964844 0.00855398178100586 0.00649166107177735
-0.0565948486328125 0.0177040100097656 -0.0134859085083008 0.0164251327514648
-0.0551681518554688 -0.00532531738281251 -0.0148296356201172 0.0292453765869141
-0.0511054992675781 0.0167045593261719 -0.0259590148925781 0.0327472686767578
-0.0359115600585938 0.0343894958496094 -0.0112285614013672 0.0337924957275391
-0.00319671630859375 0.0460662841796875 0.00664138793945313 0.0281963348388672
0.0233345031738281 0.0329418182373047 0.0098714828491211 0.0105447769165039
0.0394096374511719 0.00883102416992188 0.00575637817382813 5.67436218261724E-05
0.0378875732421875 -0.00960159301757812 -0.000904798507690427 0.00246500968933105
0.0353507995605469 -0.00968551635742188 -0.00692510604858398 0.00706624984741211
0.0390548706054688 -0.0112686157226563 -0.0127754211425781 0.00931358337402344
0.040679931640625 -0.00146865844726563 -0.0155143737792969 0.00486183166503906
0.0343742370605469 0.0198554992675781 -0.0185985565185547 -0.00210380554199218
0.0196723937988281 0.0355491638183594 -0.00894355773925781 -0.0100183486938477
-0.0186729431152344 0.038360595703125 0.00252532958984375 -0.0103378295898438
-0.0437088012695313 0.0273094177246094 0.000247001647949215 0.0124120712280273
-0.0535888671875 0.00778961181640625 -0.0296726226806641 0.0166587829589844
-0.03857421875 -0.0153160095214844 -0.0317134857177734 0.0260524749755859
-0.0405387878417969 0.00287628173828126 -0.0364990234375 0.0315017700195312
-0.0328540802001953 0.0201511383056641 -0.0159149169921875 0.0306816101074219
-0.008331298828125 0.0353546142578125 -0.00105857849121094 0.0221424102783203
0.0148944854736328 0.0281505584716797 -0.00092935562133789 0.00725269317626953
0.0319595336914063 0.0100879669189453 -0.00806188583374023 0.00321435928344727
0.0312976837158203 -0.00565719604492188 -0.0128812789916992 0.00996875762939453
0.0287132263183594 -0.00684165954589844 -0.0167045593261719 0.015101432800293
0.0327587127685547 -0.00807952880859375 -0.0223445892333984 0.0158882141113281
0.0343551635742187 -0.000513076782226562 -0.0259361267089844 0.00777244567871093
0.0286235809326172 0.0176219940185547 -0.0261631011962891 -0.00227928161621093
0.0151271820068359 0.0307846069335938 -0.0140094757080078 -0.0117406845092773
-0.0196800231933594 0.0308990478515625 -0.000579833984375001 -0.0101842880249023
-0.0406532287597656 0.0170936584472656 -0.00715446472167969 0.0157556533813477
-0.0452308654785156 -0.00321578979492188 -0.0444145202636719 0.0142898559570312
-0.0162162780761719 -0.0233631134033203 -0.0394783020019531 0.0204353332519531
-0.0230064392089844 -0.0115337371826172 -0.040283203125 0.0273666381835937
-0.0230751037597656 0.00277137756347656 -0.0166835784912109 0.0264549255371094
-0.0115184783935547 0.0178413391113281 -0.00652217864990235 0.0160121917724609
0.00455856323242188 0.0180511474609375 -0.00831842422485352 0.0042109489440918
0.0183429718017578 0.00910186767578125 -0.0168170928955078 0.00514316558837891
0.0200080871582031 -0.00132369995117187 -0.0219955444335938 0.0150089263916016
0.0191936492919922 -0.00272560119628906 -0.0241546630859375 0.0207653045654297
0.0218925476074219 -0.00396156311035156 -0.0300884246826172 0.0204277038574219
0.0234241485595703 8.58306884765625E-05 -0.0347652435302734 0.00923919677734376
0.0202007293701172 0.0126380920410156 -0.0325603485107422 -0.00277519226074219
0.0102329254150391 0.0229587554931641 -0.0184822082519531 -0.0135898590087891
-0.016845703125 0.0209732055664062 -0.00393486022949219 -0.010650634765625
-0.0323543548583984 0.00580596923828126 -0.0151643753051758 0.0140218734741211
-0.0314693450927734 -0.0133152008056641 -0.0551643371582031 0.00754547119140624
0.00450897216796875 0.0190773010253906 0.0576629638671875 -0.00670623779296875
0.0186576843261719 0.00238800048828125 0.0207328796386719 -0.00844192504882813
0.0071868896484375 -0.0115833282470703 0.00545978546142578 0.0115127563476562
-0.00342369079589844 -0.010777473449707 0.0245914459228516 0.0197505950927734
-0.00914382934570313 -0.00635528564453125 0.0402069091796875 0.00363922119140625
-0.0120811462402344 0.00108623504638672 0.0433158874511719 -0.0165481567382813
-0.00753974914550781 -0.000159740447998047 0.0354194641113281 -0.0279426574707031
-0.00616550445556641 -0.00195169448852539 0.0277957916259766 -0.0261993408203125
-0.00745201110839844 -0.00326919555664063 0.0248928070068359 -0.0187511444091797
-0.00228404998779297 -0.00882434844970703 0.0220203399658203 -0.0106067657470703
0.00716686248779297 -0.00969982147216797 0.0125761032104492 -0.00646305084228516
0.013401985168457 -0.00114822387695313 0.0109233856201172 -0.0120077133178711
0.0127277374267578 0.0128593444824219 0.0221061706542969 -0.0230731964111328
0.00585174560546875 0.0238761901855469 0.04083251953125 -0.0254898071289063
-0.00626182556152344 0.0266036987304688 0.0416107177734375 -0.0129661560058594
-0.0190029144287109 0.02337646484375 0.056060791015625 0.00316619873046875
0.00193500518798828 0.0165510177612305 0.0215339660644531 -0.000562667846679687
0.00105047225952148 0.00553178787231445 0.00715351104736328 0.0164785385131836
0.00224971771240234 0.00441074371337891 0.0279369354248047 0.0233440399169922
0.00334835052490234 0.00189948081970215 0.0420379638671875 0.00542831420898438
0.00420069694519043 -0.000134944915771484 0.0442085266113281 -0.0164108276367188
0.00733852386474609 -0.0062718391418457 0.0362548828125 -0.0284194946289063
0.00866127014160156 -0.00720024108886719 0.0272731781005859 -0.0257682800292969
0.00898456573486328 -0.00860214233398437 0.0239582061767578 -0.0178432464599609
0.0149669647216797 -0.00677871704101563 0.0217113494873047 -0.00956344604492188
0.0198478698730469 0.00147819519042969 0.0108137130737305 -0.00543212890625
0.0180511474609375 0.0148372650146484 0.00872898101806641 -0.0104379653930664
0.00158119201660156 0.0280723571777344 0.0171356201171875 -0.0213222503662109
-0.0137977600097656 0.0343456268310547 0.0336647033691406 -0.0202388763427734
-0.0275840759277344 0.0302314758300781 0.0344772338867188 -0.00532150268554687
-0.0410423278808594 0.0236930847167969 0.0467529296875 0.0133132934570313
-0.0174770355224609 0.027740478515625 0.016383171081543 0.00990772247314453
-0.00866508483886719 0.0237808227539063 0.00689506530761719 0.0230770111083984
0.00740242004394531 0.0217514038085938 0.0286598205566406 0.0274410247802734
0.0158987045288086 0.0122823715209961 0.0409812927246094 0.00780105590820313
0.0204868316650391 0.000120162963867188 0.0413551330566406 -0.0144500732421875
0.0216960906982422 -0.0116558074951172 0.0324821472167969 -0.0240917205810547
0.0218276977539063 -0.0115776062011719 0.0227336883544922 -0.020965576171875
0.0243473052978516 -0.0128345489501953 0.0184173583984375 -0.0136299133300781
0.0295886993408203 -0.00620651245117188 0.0158910751342773 -0.00742530822753906
0.0309505462646484 0.0102787017822266 0.00540590286254883 -0.00499105453491211
0.0226821899414063 0.0267677307128906 0.00473690032958985 -0.00987052917480468
-0.00571823120117187 0.0392684936523438 0.0121231079101563 -0.0190563201904297
-0.0284309387207031 0.0410385131835938 0.025238037109375 -0.0130577087402344
-0.0439414978027344 0.0312919616699219 0.0213985443115234 0.00325775146484375
-0.0573692321777344 0.0186576843261719 0.0298576354980469 0.0225811004638672
-0.0365867614746094 0.0339508056640625 0.00481796264648437 0.0213985443115234
-0.0197830200195312 0.0385017395019531 0.00320243835449218 0.0299396514892578
0.00911331176757813 0.0384407043457031 0.0250129699707031 0.0308094024658203
0.0262660980224609 0.0230178833007813 0.0340480804443359 0.0106258392333984
0.0341911315917969 0.00146675109863281 0.0328025817871094 -0.00946235656738281
0.0328941345214844 -0.0146846771240234 0.0246257781982422 -0.0165634155273438
0.0318164825439453 -0.0142116546630859 0.0144615173339844 -0.0127401351928711
0.0350894927978516 -0.015716552734375 0.00927162170410156 -0.00676059722900391
0.0396080017089844 -0.005889892578125 0.00698184967041016 -0.00337505340576172
0.0378990173339844 0.0155448913574219 -0.00237178802490234 -0.00403213500976562
0.0260448455810547 0.0339584350585938 -0.000342369079589842 -0.00925922393798828
-0.0102272033691406 0.045318603515625 0.00764656066894531 -0.0161046981811523
-0.0374565124511719 0.0434417724609375 0.0167560577392578 -0.00388526916503906
-0.0536575317382812 0.0282440185546875 0.00546455383300781 0.0107870101928711
-0.0640792846679688 0.00948715209960939 0.00720787048339844 0.0290050506591797
-0.0501823425292969 0.0317459106445312 -0.0101947784423828 0.0302333831787109
-0.0302467346191406 0.0448570251464844 -0.00338554382324219 0.0345630645751953
0.00635147094726563 0.048614501953125 0.0175685882568359 0.0318374633789063
0.0302581787109375 0.0306663513183594 0.023162841796875 0.0114917755126953
0.0421867370605469 0.003875732421875 0.0200042724609375 -0.00471305847167969
0.0392303466796875 -0.0151710510253906 0.0123262405395508 -0.00665187835693359
0.0365486145019531 -0.0148086547851562 0.0038447380065918 -0.0025026798248291
0.0408859252929688 -0.0163078308105469 -0.00199413299560547 0.00215113162994385
0.0438156127929688 -0.00559234619140625 -0.00450992584228515 0.0012049674987793
0.0403099060058594 0.018096923828125 -0.0112438201904297 -0.00240707397460937
0.0262222290039062 0.0369758605957031 -0.00535297393798828 -0.009765625
-0.0142021179199219 0.0463905334472656 0.00458431243896484 -0.0136203765869141
-0.042877197265625 0.0397720336914063 0.00951194763183593 0.00589656829833985
-0.05780029296875 0.0216827392578125 -0.0124502182006836 0.0161943435668945
-0.0584907531738281 -0.00195693969726564 -0.0142383575439453 0.0308799743652344
-0.0526771545410156 0.0206642150878906 -0.0256233215332031 0.0346145629882813
-0.0362205505371094 0.0390548706054687 -0.0106582641601563 0.0349845886230469
-0.000286102294921871 0.0483169555664063 0.00756454467773438 0.0288867950439453
0.0267162322998047 0.0332069396972656 0.0103006362915039 0.0111570358276367
0.0425605773925781 0.00678253173828125 0.00576639175415039 0.000308036804199219
0.0389518737792969 -0.0128822326660156 -0.00051617622375488 0.00254487991333008
0.0359458923339844 -0.0129737854003906 -0.00702857971191406 0.00771856307983398
0.0400886535644531 -0.0143852233886719 -0.013279914855957 0.0104856491088867
0.0425376892089844 -0.00464630126953125 -0.0165500640869141 0.00523090362548828
0.0379104614257813 0.0184783935546875 -0.0200710296630859 -0.00198745727539062
0.0229530334472656 0.0359039306640625 -0.0100669860839844 -0.010228157043457
-0.0169525146484375 0.0420150756835938 0.00179195404052734 -0.0113229751586914
-0.0441741943359375 0.0319595336914063 0.00133895874023437 0.0121307373046875
-0.0551910400390625 0.0112953186035156 -0.0294837951660156 0.0179405212402344
-0.0414237976074219 -0.0130271911621094 -0.0323715209960937 0.0283985137939453
-0.0424766540527344 0.0053558349609375 -0.0368118286132813 0.0339088439941406
-0.0332908630371094 0.0239124298095703 -0.015167236328125 0.0323143005371094
-0.00594711303710938 0.0375747680664063 -0.000970840454101563 0.0229701995849609
0.0179882049560547 0.0281314849853516 -0.00121450424194336 0.00845670700073243
0.0340709686279297 0.00835990905761719 -0.00844478607177734 0.00428867340087891
0.0320911407470703 -0.00853157043457031 -0.0132408142089844 0.011383056640625
0.0297317504882813 -0.00913238525390625 -0.0167779922485352 0.0168333053588867
0.0336284637451172 -0.0109939575195312 -0.0229835510253906 0.0179195404052734
0.0352706909179688 -0.00329971313476562 -0.0272178649902344 0.00951385498046875
0.0312995910644531 0.0162410736083984 -0.0281562805175781 -0.00120735168457031
0.0181102752685547 0.0313377380371094 -0.015559196472168 -0.0119743347167969
-0.0184249877929688 0.0342693328857422 -0.000919342041015627 -0.0110931396484375
-0.0407752990722656 0.0203475952148438 -0.00648975372314453 0.0159215927124023
-0.0469856262207031 -0.000736236572265626 -0.0451431274414063 0.0159912109375
-0.0183620452880859 -0.0226860046386719 -0.0413284301757813 0.02313232421875
-0.0248622894287109 -0.00981712341308593 -0.0410308837890625 0.0301094055175781
-0.02392578125 0.00481414794921875 -0.0168933868408203 0.0280132293701172
-0.0107154846191406 0.0199928283691406 -0.00683021545410156 0.0170345306396484
0.00671005249023437 0.0180549621582031 -0.00910282135009766 0.00589656829833985
0.0196323394775391 0.00806808471679688 -0.0175628662109375 0.00731468200683594
0.0205192565917969 -0.00301361083984375 -0.021697998046875 0.0173587799072266
0.0192012786865234 -0.00471115112304688 -0.0239715576171875 0.0230197906494141
0.0226192474365234 -0.0059661865234375 -0.0304985046386719 0.0230197906494141
0.0240974426269531 -0.00159454345703125 -0.0360527038574219 0.0113945007324219
0.0219459533691406 0.0120525360107422 -0.0345726013183594 -0.00157356262207032
0.0119800567626953 0.0229644775390625 -0.0199718475341797 -0.0131874084472656
-0.016082763671875 0.0233516693115234 -0.00467681884765625 -0.0113286972045898
-0.0328178405761719 0.00823593139648438 -0.014714241027832 0.0151805877685547
-0.0327205657958984 -0.0119400024414063 -0.0570030212402344 0.00983428955078126
0.00526046752929688 0.0188217163085938 0.0585098266601563 -0.00993728637695312
0.0187778472900391 0.00106239318847656 0.0200443267822266 -0.00960350036621094
0.00611400604248047 -0.0123329162597656 0.00592517852783203 0.0116243362426758
-0.00426197052001953 -0.0107545852661133 0.0261802673339844 0.0190505981445313
-0.00959014892578125 -0.00523662567138672 0.0411491394042969 0.00093841552734375
-0.0119571685791016 0.00236034393310547 0.0426673889160156 -0.0204086303710938
-0.00716924667358398 0.000917434692382812 0.0337009429931641 -0.0316734313964844
-0.0058135986328125 -0.00157070159912109 0.02593994140625 -0.0292282104492188
-0.00776147842407226 -0.00277519226074219 0.0235595703125 -0.0220012664794922
-0.00311946868896484 -0.00817489624023438 0.0217685699462891 -0.0133724212646484
0.00612640380859375 -0.00974178314208985 0.0131263732910156 -0.00822544097900391
0.0130071640014648 -0.00218772888183594 0.0111684799194336 -0.0131959915161133
0.0135030746459961 0.0120906829833984 0.0214557647705078 -0.0246753692626953
0.00761604309082031 0.0237808227539062 0.0402870178222656 -0.0288734436035156
-0.00435638427734375 0.0272655487060547 0.0429267883300781 -0.0164604187011719
-0.0180244445800781 0.0249080657958984 0.0575752258300781 -0.000576019287109373
0.00290489196777344 0.0169162750244141 0.0206737518310547 -0.00193214416503906
0.000856399536132813 0.00596952438354492 0.0078744888305664 0.0164003372192383
0.00272941589355469 0.00478649139404297 0.0296859741210938 0.0220489501953125
0.00379323959350586 0.00242328643798828 0.0431900024414063 0.00268173217773438
0.00470924377441406 0.000426769256591797 0.0437202453613281 -0.0199775695800781
0.0071258544921875 -0.00694084167480469 0.0342941284179687 -0.0317592620849609
0.00809764862060547 -0.00810575485229492 0.0250568389892578 -0.0286521911621094
0.00879287719726563 -0.009521484375 0.0227603912353516 -0.0209007263183594
0.015172004699707 -0.00807857513427734 0.0210418701171875 -0.0126686096191406
0.0206069946289062 0.000591278076171875 0.010960578918457 -0.00764942169189453
0.0193290710449219 0.0141410827636719 0.00936603546142578 -0.0116777420043945
0.00320243835449219 0.0285682678222656 0.0166072845458984 -0.0226058959960937
-0.0121231079101562 0.0356674194335938 0.0332221984863281 -0.0234546661376953
-0.0259189605712891 0.0325660705566406 0.0358772277832031 -0.00844573974609375
-0.0407180786132813 0.0268669128417969 0.0485267639160156 0.0107231140136719
-0.01666259765625 0.0304241180419922 0.0163259506225586 0.00906848907470703
-0.00721359252929688 0.0257396697998047 0.00779914855957031 0.0233993530273438
0.00928688049316406 0.0223007202148438 0.0305900573730469 0.0258979797363281
0.017669677734375 0.0117778778076172 0.0416755676269531 0.0055694580078125
0.0216693878173828 -0.00128746032714844 0.040771484375 -0.0171737670898438
0.0212802886962891 -0.0137062072753906 0.0310955047607422 -0.0272140502929688
0.0215358734130859 -0.0140094757080078 0.0205974578857422 -0.0235919952392578
0.0240497589111328 -0.0150012969970703 0.0165843963623047 -0.0157804489135742
0.0301303863525391 -0.00845909118652344 0.0154123306274414 -0.00974655151367187
0.0321483612060547 0.00815010070800781 0.00510358810424805 -0.00651836395263672
0.0253028869628906 0.0261287689208984 0.00470352172851563 -0.0109615325927734
-0.00314712524414063 0.0408821105957031 0.0113983154296875 -0.0201511383056641
-0.0260200500488281 0.044586181640625 0.0250148773193359 -0.0151557922363281
-0.0425796508789062 0.0348892211914063 0.0228195190429687 0.00055503845214844
-0.0580673217773438 0.0236549377441406 0.0316829681396484 0.0213165283203125
-0.0357284545898438 0.0375785827636719 0.0058135986328125 0.0206375122070313
-0.017547607421875 0.0417633056640625 0.00432205200195312 0.0303115844726563
0.0122261047363281 0.0391578674316406 0.0267200469970703 0.0297870635986328
0.0285797119140625 0.0212688446044922 0.0349769592285156 0.00882911682128906
0.0353775024414063 -0.00128936767578125 0.0325469970703125 -0.0120067596435547
0.0322189331054688 -0.0177936553955078 0.0231876373291016 -0.0186519622802734
0.0312213897705078 -0.0172367095947266 0.0129547119140625 -0.0147991180419922
0.034820556640625 -0.0192375183105469 0.00789165496826172 -0.00757551193237305
0.0403175354003906 -0.00940322875976563 0.0061798095703125 -0.0055842399597168
0.0402565002441406 0.0128402709960938 -0.00249052047729492 -0.00488853454589844
0.0291671752929688 0.0329570770263672 -0.000406265258789062 -0.0101661682128906
-0.0072784423828125 0.0479202270507813 0.00680065155029297 -0.0169029235839844
-0.0350914001464844 0.0474853515625 0.0170402526855469 -0.00555419921875
-0.0530624389648438 0.0331230163574219 0.00720882415771484 0.0092153549194336
-0.0653953552246094 0.0149917602539062 0.00941848754882812 0.0289840698242188
-0.0490837097167969 0.0360794067382812 -0.00867271423339844 0.0309734344482422
-0.0276374816894531 0.048675537109375 -0.00215911865234375 0.0353012084960937
0.0100784301757813 0.0499496459960937 0.0191535949707031 0.0311012268066406
0.0339069366455078 0.0288982391357422 0.023956298828125 0.0111789703369141
0.0440406799316406 0.00102615356445313 0.0196819305419922 -0.00541114807128906
0.0387077331542969 -0.0189590454101563 0.0118484497070313 -0.00795364379882813
0.0363922119140625 -0.0182571411132813 0.00342464447021485 -0.00359654426574707
0.0403594970703125 -0.0203323364257812 -0.00247740745544433 0.00249338150024414
0.0448760986328125 -0.00952911376953125 -0.00508546829223633 0.00069427490234375
0.0431747436523438 0.0149459838867188 -0.0119218826293945 -0.00287818908691406
0.0299949645996094 0.0355758666992188 -0.00585079193115234 -0.010380744934082
-0.0109519958496094 0.0490989685058594 0.00403022766113281 -0.0143728256225586
-0.0407676696777344 0.0450935363769531 0.0101146697998047 0.00454044342041016
-0.0579032897949219 0.0265922546386719 -0.0109148025512695 0.0161876678466797
-0.0599250793457031 0.00265502929687499 -0.0128841400146484 0.0324039459228516
-0.0522613525390625 0.025360107421875 -0.0242996215820313 0.0361480712890625
-0.0340652465820313 0.0435562133789062 -0.00908660888671876 0.0358963012695313
0.00399017333984375 0.05010986328125 0.00860023498535156 0.0287609100341797
0.0304050445556641 0.0318031311035156 0.0106430053710938 0.0114145278930664
0.0439300537109375 0.00372314453125 0.00552892684936524 0.00112819671630859
0.0383148193359375 -0.0165634155273437 -0.000411987304687498 0.003143310546875
0.0355873107910156 -0.016754150390625 -0.00700664520263672 0.00788593292236328
0.0397262573242188 -0.0188064575195313 -0.0134525299072266 0.0116405487060547
0.0430412292480469 -0.00830459594726563 -0.01666259765625 0.00609779357910156
0.0404777526855469 0.0157203674316406 -0.0208244323730469 -0.000783920288085936
0.0264549255371094 0.0348491668701172 -0.0111522674560547 -0.0105276107788086
-0.0142745971679688 0.0448532104492188 0.00104331970214844 -0.0116510391235352
-0.0426063537597656 0.0365066528320312 0.00232887268066406 0.0119895935058594
-0.0552940368652344 0.0156936645507813 -0.0281333923339844 0.0191764831542969
-0.0434226989746094 -0.00984954833984374 -0.031951904296875 0.0311927795410156
-0.0427474975585938 0.00916290283203125 -0.0357627868652344 0.036407470703125
-0.0323810577392578 0.0279903411865234 -0.0140953063964844 0.033203125
-0.0032501220703125 0.03961181640625 -0.000471115112304687 0.0233421325683594
0.0208511352539063 0.0273380279541016 -0.00142765045166015 0.00932407379150391
0.0352554321289063 0.00550079345703125 -0.00803565979003906 0.00612592697143555
0.0321693420410156 -0.0115852355957031 -0.0121574401855469 0.0124998092651367
0.0291614532470703 -0.0122318267822266 -0.0159511566162109 0.0180683135986328
0.0332603454589844 -0.0142669677734375 -0.0219001770019531 0.0200042724609375
0.0358734130859375 -0.00593185424804687 -0.0273666381835937 0.0114459991455078
0.033843994140625 0.0139083862304687 -0.0294418334960938 0.000379562377929688
0.0211029052734375 0.0301132202148438 -0.0162801742553711 -0.0114850997924805
-0.016143798828125 0.0367584228515625 -0.0017242431640625 -0.0113086700439453
-0.0395965576171875 0.0246658325195312 -0.00551319122314453 0.0163850784301758
-0.0472145080566406 0.00317764282226564 -0.0450401306152344 0.018829345703125
-0.0207080841064453 -0.0211563110351563 -0.0413093566894531 0.0264434814453125
-0.0265598297119141 -0.00764274597167969 -0.0405807495117188 0.0330543518066406
-0.0240135192871094 0.00757026672363281 -0.0158748626708984 0.0290317535400391
-0.00894737243652344 0.0213603973388672 -0.00665855407714844 0.0180606842041016
0.0083770751953125 0.0182609558105469 -0.00943279266357422 0.00746536254882813
0.0211696624755859 0.00612068176269531 -0.0176219940185547 0.00974273681640625
0.0203990936279297 -0.00465202331542969 -0.0203285217285156 0.0196552276611328
0.0188713073730469 -0.00649642944335937 -0.0226058959960937 0.0255889892578125
0.02215576171875 -0.00848770141601562 -0.0294971466064453 0.0259380340576172
0.0243988037109375 -0.00391006469726563 -0.0360031127929688 0.0145034790039062
0.0233974456787109 0.0103359222412109 -0.0358467102050781 0.000999450683593744
0.0143318176269531 0.0220928192138672 -0.0214214324951172 -0.0126399993896484
-0.0149345397949219 0.0249366760253906 -0.00545120239257812 -0.011479377746582
-0.0326061248779297 0.0112857818603516 -0.0132160186767578 0.0160322189331055
-0.033538818359375 -0.00939369201660157 -0.0569953918457031 0.0133438110351563
0.00623703002929688 0.0178432464599609 0.0580482482910156 -0.0131607055664063
0.0183811187744141 0.000263214111328125 0.0193309783935547 -0.0102481842041016
0.00566196441650391 -0.011998176574707 0.00613594055175781 0.0118074417114258
-0.00472736358642578 -0.0102777481079102 0.0269889831542969 0.01763916015625
-0.00986099243164063 -0.00408840179443359 0.0408401489257813 -0.00170516967773438
-0.0109491348266602 0.003631591796875 0.040771484375 -0.0228958129882813
-0.00677394866943359 0.00149393081665039 0.0314216613769531 -0.0342483520507813
-0.00608444213867188 -0.000696182250976563 0.0236568450927734 -0.0307636260986328
-0.00752019882202148 -0.00204563140869141 0.0217266082763672 -0.0234966278076172
-0.00304079055786133 -0.00737333297729492 0.0200710296630859 -0.01513671875
0.00516128540039063 -0.00967979431152344 0.0129861831665039 -0.00987339019775391
0.0124378204345703 -0.00264263153076172 0.0115242004394531 -0.0147638320922852
0.0141115188598633 0.0107421875 0.0204257965087891 -0.0255069732666016
0.00864219665527344 0.0229721069335938 0.0384140014648438 -0.0309906005859375
-0.00296592712402344 0.02655029296875 0.0423431396484375 -0.0200347900390625
-0.0163059234619141 0.0260868072509766 0.0576171875 -0.00331497192382812
0.00366401672363281 0.0171051025390625 0.0203952789306641 -0.00275611877441406
0.00127458572387695 0.00629091262817383 0.00844287872314453 0.0161142349243164
0.003326416015625 0.00464630126953125 0.0305366516113281 0.0204753875732422
0.00407052040100098 0.00217127799987793 0.0429420471191406 0.000232696533203125
0.0049901008605957 -0.000117778778076172 0.0423316955566406 -0.0224723815917969
0.00672531127929687 -0.00713300704956055 0.0318660736083984 -0.0339393615722656
0.00772857666015625 -0.00868844985961914 0.0224380493164063 -0.0299415588378906
0.00864601135253906 -0.00979232788085937 0.0203151702880859 -0.0223369598388672
0.0146865844726563 -0.00892066955566406 0.0199661254882813 -0.0148334503173828
0.019927978515625 -0.000177383422851563 0.0106773376464844 -0.00888919830322266
0.0196609497070313 0.0129489898681641 0.00901889801025391 -0.0127229690551758
0.00494194030761719 0.0282096862792969 0.0157451629638672 -0.0232353210449219
-0.00968551635742188 0.0359344482421875 0.0319576263427734 -0.0251998901367187
-0.0239810943603516 0.0333995819091797 0.0360603332519531 -0.0118141174316406
-0.0387153625488281 0.0295600891113281 0.048828125 0.00783538818359375
-0.0147037506103516 0.0316352844238281 0.0156669616699219 0.00773239135742188
-0.00552177429199219 0.0270957946777344 0.00818634033203125 0.0228691101074219
0.0106697082519531 0.0220375061035156 0.0314674377441406 0.0248165130615234
0.0184211730957031 0.0107631683349609 0.0412445068359375 0.00320816040039063
0.0214366912841797 -0.00231361389160156 0.0390586853027344 -0.0195083618164062
0.0202236175537109 -0.0151195526123047 0.0285358428955078 -0.0291938781738281
0.0204410552978516 -0.0154590606689453 0.0181980133056641 -0.0248394012451172
0.0233421325683594 -0.0169754028320313 0.0150432586669922 -0.0171375274658203
0.0296382904052734 -0.0108242034912109 0.0140581130981445 -0.012080192565918
0.0329189300537109 0.00621795654296875 0.00467920303344727 -0.00760364532470703
0.0267734527587891 0.0244350433349609 0.00448703765869141 -0.0116806030273437
-0.000869750976562496 0.0411605834960938 0.0108318328857422 -0.0205726623535156
-0.023406982421875 0.0457572937011719 0.0239276885986328 -0.0168304443359375
-0.0404548645019531 0.0365333557128906 0.0239162445068359 -0.00173568725585937
-0.0560264587402344 0.0273513793945313 0.0324802398681641 0.0194892883300781
-0.0331001281738281 0.0399589538574219 0.00627517700195312 0.0199909210205078
-0.0147285461425781 0.0434455871582031 0.00539779663085938 0.0296955108642578
0.014984130859375 0.0383834838867188 0.0278377532958984 0.0283985137939453
0.0300178527832031 0.0191841125488281 0.0349693298339844 0.00712776184082031
0.0352745056152344 -0.00337982177734375 0.0316028594970703 -0.0131282806396484
0.0308780670166016 -0.0204143524169922 0.0217323303222656 -0.0205917358398438
0.0298194885253906 -0.0197257995605469 0.0116062164306641 -0.0155019760131836
0.033447265625 -0.0217018127441406 0.00660371780395508 -0.00833892822265625
0.0394859313964844 -0.0124969482421875 0.00530433654785157 -0.00690221786499024
0.0412063598632813 0.0101203918457031 -0.00287294387817382 -0.00567865371704101
0.0316677093505859 0.0308742523193359 -0.00107479095458984 -0.0108108520507812
-0.00417327880859375 0.0485305786132813 0.00615978240966797 -0.0173215866088867
-0.03228759765625 0.0503692626953125 0.0169029235839844 -0.00726890563964843
-0.0508918762207031 0.03594970703125 0.0083317756652832 0.00755548477172852
-0.0641212463378906 0.0192947387695312 0.0105533599853516 0.0287189483642578
-0.0463333129882813 0.0394172668457031 -0.00770187377929688 0.0310478210449219
-0.0247726440429688 0.0514945983886719 -0.000881195068359376 0.0351123809814453
0.0134811401367187 0.0496673583984375 0.01995849609375 0.0296382904052734
0.035614013671875 0.0268745422363281 0.0236968994140625 0.0101070404052734
0.0438804626464844 -0.00231170654296875 0.0192985534667969 -0.005889892578125
0.0370140075683594 -0.0215911865234375 0.0110683441162109 -0.00882339477539063
0.0345401763916016 -0.0212383270263672 0.00239706039428711 -0.00378656387329102
0.0383033752441406 -0.0237159729003906 -0.00296521186828613 0.00233745574951172
0.0437355041503906 -0.0130767822265625 -0.00580120086669922 0.00015592575073242
0.0441093444824219 0.0118179321289062 -0.0122737884521484 -0.00272464752197266
0.0323543548583984 0.0335845947265625 -0.00667667388916015 -0.0102329254150391
-0.00791549682617187 0.0500602722167969 0.00308132171630859 -0.0143041610717773
-0.0375862121582031 0.0479812622070313 0.0107040405273437 0.00328350067138672
-0.055816650390625 0.0297775268554688 -0.00908660888671875 0.0154743194580078
-0.0597343444824219 0.00702667236328124 -0.0118598937988281 0.0329742431640625
-0.0504379272460938 0.0287742614746094 -0.0222740173339844 0.037109375
-0.0307579040527344 0.0466041564941406 -0.0079345703125 0.0358009338378906
0.00703048706054688 0.0500526428222656 0.00929069519042969 0.0280055999755859
0.0328330993652344 0.0290946960449219 0.0106649398803711 0.0114030838012695
0.04376220703125 0.00022125244140625 0.00551843643188477 0.00138616561889648
0.0371131896972656 -0.0192375183105469 -0.000365257263183592 0.00301527976989746
0.0340099334716797 -0.0194244384765625 -0.00669384002685546 0.00812435150146484
0.0382728576660156 -0.0219535827636719 -0.0127477645874023 0.0128850936889648
0.0422401428222656 -0.0118675231933594 -0.0170211791992187 0.00673484802246093
0.0416221618652344 0.0126724243164063 -0.021270751953125 -2.86102294921849E-05
0.0292415618896484 0.0327129364013672 -0.0120410919189453 -0.0102481842041016
-0.0112953186035156 0.0461654663085937 0.000378608703613281 -0.0119457244873047
-0.0400276184082031 0.0402336120605469 0.00308609008789062 0.01116943359375
-0.0538749694824219 0.0195388793945313 -0.0266170501708984 0.0199909210205078
-0.0442008972167969 -0.00610733032226562 -0.0301074981689453 0.03277587890625
-0.0423202514648438 0.0129203796386719 -0.0341339111328125 0.0380439758300781
-0.0305271148681641 0.0308055877685547 -0.0128555297851563 0.0333671569824219
-0.000324249267578125 0.0399360656738281 0.000125885009765622 0.0231418609619141
0.0227985382080078 0.0253620147705078 -0.00121021270751953 0.010127067565918
0.0354080200195313 0.00285720825195313 -0.00730228424072265 0.00739049911499024
0.03057861328125 -0.0140476226806641 -0.0109758377075195 0.0137367248535156
0.0276813507080078 -0.0144290924072266 -0.0146770477294922 0.018768310546875
0.0316200256347656 -0.0172576904296875 -0.0207958221435547 0.0218505859375
0.0352592468261719 -0.00905227661132813 -0.0269737243652344 0.0128650665283203
0.0345191955566406 0.0113182067871094 -0.0294456481933594 0.00215339660644531
0.0233097076416016 0.0285549163818359 -0.0175180435180664 -0.010894775390625
-0.0135879516601563 0.0378303527832031 -0.00256633758544922 -0.0108480453491211
-0.0379524230957031 0.0279083251953125 -0.0040130615234375 0.0159769058227539
-0.0465736389160156 0.00640869140625001 -0.0432662963867188 0.0207443237304687
-0.0216541290283203 -0.0190982818603516 -0.0402717590332031 0.0290412902832031
-0.0264263153076172 -0.00553321838378907 -0.0387001037597656 0.0352020263671875
-0.0233898162841797 0.00990676879882813 -0.0148448944091797 0.0289936065673828
-0.00677108764648438 0.0220603942871094 -0.00637054443359375 0.0182285308837891
0.00996875762939453 0.0169658660888672 -0.00904369354248047 0.0087575912475586
0.0208969116210937 0.00423240661621094 -0.0162334442138672 0.0117053985595703
0.0191421508789063 -0.00658035278320313 -0.0189323425292969 0.0209255218505859
0.0181865692138672 -0.00795173645019531 -0.0200214385986328 0.0266475677490234
0.0212173461914063 -0.0102901458740234 -0.0276145935058594 0.0280494689941406
0.0241336822509766 -0.00557899475097656 -0.0352096557617188 0.0166358947753906
0.0240764617919922 0.00826072692871094 -0.0358810424804688 0.00307464599609375
0.0157661437988281 0.0208587646484375 -0.0222434997558594 -0.0115108489990234
-0.0129146575927734 0.0259590148925781 -0.00583934783935547 -0.0109758377075195
-0.0312328338623047 0.0137538909912109 -0.0120811462402344 0.0162744522094727
-0.0332489013671875 -0.00680160522460938 -0.0560264587402344 0.0159645080566406
0.00685501098632813 0.0173091888427734 0.0570487976074219 -0.014068603515625
0.0173377990722656 -0.000335693359375 0.0186233520507813 -0.0105495452880859
0.00476646423339844 -0.0118522644042969 0.006256103515625 0.0116949081420898
-0.00530910491943359 -0.00959682464599609 0.0271492004394531 0.0166492462158203
-0.00996017456054687 -0.00332832336425781 0.0399169921875 -0.0024871826171875
-0.00998210906982422 0.00406455993652344 0.0390510559082031 -0.0245132446289063
-0.00672578811645508 0.00208473205566406 0.0296096801757813 -0.0346546173095703
-0.00578498840332031 -0.000582218170166016 0.0218467712402344 -0.0310001373291016
-0.00716114044189453 -0.00148344039916992 0.0200290679931641 -0.0244235992431641
-0.00370454788208008 -0.00661420822143555 0.0187301635742188 -0.0168190002441406
0.00434684753417969 -0.00931358337402344 0.0126352310180664 -0.0112133026123047
0.0116567611694336 -0.00291538238525391 0.0115070343017578 -0.0150651931762695
0.014007568359375 0.00994586944580078 0.0199069976806641 -0.0252361297607422
0.0093994140625 0.0215702056884766 0.0370559692382813 -0.0313606262207031
-0.00231170654296875 0.0257740020751953 0.0416908264160156 -0.0216255187988281
-0.0158329010009766 0.0263023376464844 0.0568199157714844 -0.00444793701171875
0.00387477874755859 0.0170440673828125 0.0196895599365234 -0.00299263000488281
0.00161266326904297 0.00668764114379883 0.00813007354736328 0.016606330871582
0.00323629379272461 0.00499439239501953 0.0306396484375 0.0197658538818359
0.00411343574523926 0.00269889831542969 0.0419235229492188 -0.000782012939453125
0.00533771514892578 0.000246047973632813 0.0403480529785156 -0.0240936279296875
0.00668096542358398 -0.00772857666015625 0.0299758911132812 -0.0345211029052734
0.0070347785949707 -0.00868558883666992 0.0206108093261719 -0.0304412841796875
0.00816822052001953 -0.0103120803833008 0.0186538696289063 -0.0231590270996094
0.0139408111572266 -0.00906467437744141 0.0182266235351563 -0.0163135528564453
0.0194015502929688 -0.000640869140625 0.0104742050170898 -0.0106678009033203
0.0194435119628906 0.0124588012695313 0.00918292999267578 -0.0133247375488281
0.00545120239257813 0.0275592803955078 0.0154151916503906 -0.0229091644287109
-0.00880050659179688 0.0355491638183594 0.0310688018798828 -0.0262184143066406
-0.0228061676025391 0.0332279205322266 0.0359611511230469 -0.013641357421875
-0.0377388000488281 0.0304298400878906 0.0484085083007813 0.00667953491210938
-0.0136775970458984 0.0317020416259766 0.0151119232177734 0.00763034820556641
-0.00436210632324219 0.0272541046142578 0.00840568542480469 0.0225639343261719
0.0112934112548828 0.0216407775878906 0.0312652587890625 0.0237712860107422
0.0187473297119141 0.0101680755615234 0.0401535034179688 0.00235366821289063
0.0216045379638672 -0.00284576416015625 0.0378379821777344 -0.0202102661132813
0.0194015502929688 -0.0158214569091797 0.0266590118408203 -0.0299892425537109
0.0192203521728516 -0.0160140991210938 0.0164413452148438 -0.0251808166503906
0.0222148895263672 -0.0180644989013672 0.0135555267333984 -0.017852783203125
0.0285587310791016 -0.0115718841552734 0.0129003524780273 -0.0134267807006836
0.0325889587402344 0.00504302978515625 0.00424957275390625 -0.00886440277099609
0.0271186828613281 0.0231342315673828 0.00449848175048828 -0.0119028091430664
0.000572204589843746 0.0411376953125 0.00995445251464844 -0.0206108093261719
-0.0218162536621094 0.0463409423828125 0.0232715606689453 -0.0176200866699219
-0.0388259887695313 0.037567138671875 0.0238018035888672 -0.00402069091796875
-0.0548439025878906 0.0291175842285156 0.0325832366943359 0.0182094573974609
-0.0318145751953125 0.0406570434570312 0.0063018798828125 0.0193023681640625
-0.0128631591796875 0.0444488525390625 0.00525283813476562 0.0288810729980469
0.0161895751953125 0.0377349853515625 0.0274276733398438 0.0271644592285156
0.0305347442626953 0.0181617736816406 0.0339202880859375 0.00642013549804688
0.034912109375 -0.00445556640625 0.0307197570800781 -0.0134468078613281
0.0295963287353516 -0.0212039947509766 0.0201416015625 -0.02069091796875
0.0282058715820313 -0.0208091735839844 0.00983142852783203 -0.0161514282226562
0.0319957733154297 -0.0233383178710938 0.00578355789184571 -0.00850820541381836
0.038787841796875 -0.0141029357910156 0.00439786911010742 -0.00774002075195313
0.0412521362304688 0.00835800170898438 -0.00350236892700195 -0.00660133361816406
0.0324306488037109 0.0295219421386719 -0.000933647155761717 -0.0113973617553711
-0.0020599365234375 0.0487937927246094 0.00579833984375 -0.0172214508056641
-0.0298080444335937 0.0511398315429688 0.0166378021240234 -0.0078582763671875
-0.0492744445800781 0.0372276306152344 0.0092020034790039 0.00554752349853516
-0.0629806518554688 0.0218009948730469 0.0108470916748047 0.0279293060302734
-0.0447998046875 0.0404815673828125 -0.00749778747558594 0.0301132202148438
-0.0223579406738281 0.0525550842285156 -0.000524520874023438 0.0340175628662109
0.0152664184570312 0.0489845275878906 0.0196609497070312 0.0294036865234375
0.0362052917480469 0.0248184204101562 0.0237140655517578 0.00958442687988282
0.0432014465332031 -0.00384140014648438 0.0186939239501953 -0.00583267211914063
0.03558349609375 -0.0231742858886719 0.0106706619262695 -0.00900077819824219
0.0328388214111328 -0.0226230621337891 0.00195574760437012 -0.00383281707763672
0.037139892578125 -0.0252799987792969 -0.00330948829650879 0.00229573249816894
0.0425758361816406 -0.0147590637207031 -0.00635290145874023 -0.000463008880615236
0.0446319580078125 0.00966644287109375 -0.0127124786376953 -0.0029449462890625
0.0334987640380859 0.0319442749023438 -0.0069122314453125 -0.0103292465209961
-0.0057220458984375 0.0503387451171875 0.00251102447509765 -0.0146026611328125
-0.0352096557617188 0.0495071411132813 0.0102224349975586 0.00227737426757813
-0.0537757873535156 0.0317306518554688 -0.00804519653320313 0.0139808654785156
-0.0591850280761719 0.00992202758789062 -0.0110416412353516 0.0327529907226563
-0.0489425659179687 0.0305442810058594 -0.0214920043945313 0.0367317199707031
-0.0287857055664063 0.0483474731445312 -0.00736618041992188 0.0347919464111328
0.00917434692382813 0.0492782592773438 0.00905418395996094 0.0276832580566406
0.0333003997802734 0.02734375 0.0104541778564453 0.0113353729248047
0.0433769226074219 -0.00168609619140625 0.0055079460144043 0.00186920166015625
0.0354042053222656 -0.0208892822265625 -0.000295400619506834 0.00308632850646973
0.0322818756103516 -0.0207691192626953 -0.00642204284667969 0.00822162628173828
0.0367240905761719 -0.0237083435058594 -0.0123796463012695 0.0128870010375977
0.0412178039550781 -0.0135917663574219 -0.0169391632080078 0.00713729858398438
0.0418472290039063 0.0102081298828125 -0.020965576171875 0.000337600708007811
0.0299644470214844 0.0312404632568359 -0.0124244689941406 -0.009796142578125
-0.00901412963867188 0.0464935302734375 0.000249862670898436 -0.0119647979736328
-0.0375213623046875 0.0414314270019531 0.00328826904296875 0.0106563568115234
-0.0523681640625 0.0213737487792969 -0.0253124237060547 0.019256591796875
-0.0445022583007813 -0.00377655029296875 -0.0296840667724609 0.0339622497558594
-0.04107666015625 0.0145988464355469 -0.0327033996582031 0.038116455078125
-0.0284690856933594 0.032318115234375 -0.0127296447753906 0.0330677032470703
0.0012969970703125 0.0397720336914063 -9.34600830078115E-05 0.0230503082275391
0.0235042572021484 0.0240993499755859 -0.00114250183105469 0.0102605819702148
0.0351238250732422 0.00107192993164063 -0.00688934326171875 0.00835895538330078
0.0292167663574219 -0.0150222778320313 -0.0104990005493164 0.0134944915771484
0.0266227722167969 -0.0157299041748047 -0.0137825012207031 0.0192184448242187
0.0303363800048828 -0.0187091827392578 -0.0198745727539062 0.0226364135742188
0.0343914031982422 -0.0104122161865234 -0.0267601013183594 0.0135421752929688
0.0347404479980469 0.00973320007324219 -0.0291366577148438 0.00302314758300781
0.0239963531494141 0.0269756317138672 -0.0179157257080078 -0.0101222991943359
-0.0121307373046875 0.0383644104003906 -0.00302886962890625 -0.0107269287109375
-0.0361366271972656 0.0291557312011719 -0.00336837768554688 0.0155801773071289
-0.0452423095703125 0.00827407836914063 -0.0412368774414063 0.0208740234375
-0.0222091674804688 -0.01715087890625 -0.0391502380371094 0.0306930541992187
-0.0263137817382813 -0.00361251831054687 -0.0377235412597656 0.0354957580566406
-0.0222644805908203 0.0110931396484375 -0.0143413543701172 0.0285129547119141
-0.00544548034667969 0.0222835540771484 -0.00678062438964844 0.0185832977294922
0.0105276107788086 0.0160036087036133 -0.00921535491943359 0.00963878631591797
0.0209331512451172 0.00308990478515625 -0.0151796340942383 0.0127334594726562
0.0185146331787109 -0.00756072998046875 -0.0174579620361328 0.0216503143310547
0.0167655944824219 -0.00881671905517578 -0.0190105438232422 0.0270233154296875
0.0201072692871094 -0.0111122131347656 -0.0263252258300781 0.0291614532470703
0.0230674743652344 -0.00679206848144531 -0.0340919494628906 0.0178089141845703
0.0239200592041016 0.00678443908691406 -0.0351753234863281 0.00407028198242188
0.0161304473876953 0.0195751190185547 -0.0224437713623047 -0.0103397369384766
-0.0118618011474609 0.0261554718017578 -0.00618934631347656 -0.0112714767456055
-0.0297927856445313 0.0152187347412109 -0.0109443664550781 0.0160760879516602
-0.0324516296386719 -0.00558280944824218 -0.054931640625 0.0174102783203125
0.00694465637207031 0.017024040222168 0.0571746826171875 -0.014404296875
0.0172290802001953 -0.000208854675292969 0.0180263519287109 -0.0103702545166016
0.00474834442138672 -0.0118007659912109 0.00571060180664063 0.0120677947998047
-0.00568199157714844 -0.00977420806884765 0.0271644592285156 0.0168247222900391
-0.0102262496948242 -0.00269508361816406 0.0397300720214844 -0.00266265869140625
-0.00954341888427734 0.00436687469482422 0.0388069152832031 -0.0248146057128906
-0.00621366500854492 0.00233650207519531 0.0285606384277344 -0.0351448059082031
-0.00577592849731445 -0.000638961791992187 0.0208263397216797 -0.0317096710205078
-0.00699853897094727 -0.00128364562988281 0.0191268920898438 -0.0248832702636719
-0.0034332275390625 -0.00626993179321289 0.0181713104248047 -0.0173549652099609
0.0037384033203125 -0.0089874267578125 0.0127096176147461 -0.0118875503540039
0.0113372802734375 -0.00306987762451172 0.0121240615844727 -0.0155439376831055
0.0139007568359375 0.00928401947021484 0.0204982757568359 -0.0247459411621094
0.00906562805175781 0.0212574005126953 0.0371513366699219 -0.0320053100585938
-0.00221061706542969 0.0254993438720703 0.0422744750976563 -0.0229301452636719
-0.0157546997070313 0.0260677337646484 0.0570449829101562 -0.00486373901367187
0.00373554229736328 0.0170364379882813 0.0192928314208984 -0.00334739685058594
0.00159072875976562 0.00720787048339844 0.00758743286132813 0.0162410736083984
0.00336647033691406 0.0050506591796875 0.0304584503173828 0.0197410583496094
0.00418925285339355 0.00276279449462891 0.0411720275878906 -0.001220703125
0.00560712814331055 -0.000205516815185547 0.0399017333984375 -0.0243759155273437
0.00662374496459961 -0.00741100311279297 0.0292587280273438 -0.0353507995605469
0.00696849822998047 -0.00919723510742188 0.0197257995605469 -0.0308761596679687
0.00844764709472656 -0.0101156234741211 0.0174503326416016 -0.0238456726074219
0.0139179229736328 -0.00914669036865234 0.0171470642089844 -0.0178108215332031
0.0193710327148438 -0.00081634521484375 0.0102300643920898 -0.0113372802734375
0.0193576812744141 0.0123634338378906 0.00985813140869141 -0.0139398574829102
0.00590705871582031 0.0276279449462891 0.0157623291015625 -0.0229930877685547
-0.00830078125 0.0363845825195312 0.0309410095214844 -0.0263767242431641
-0.0229663848876953 0.0336112976074219 0.036590576171875 -0.0149002075195313
-0.0375251770019531 0.0310211181640625 0.0485725402832031 0.00626373291015625
-0.0135746002197266 0.0322551727294922 0.0147838592529297 0.00726699829101563
-0.00413703918457031 0.0275745391845703 0.00773429870605468 0.0225830078125
0.0118389129638672 0.0217781066894531 0.0310382843017578 0.0235271453857422
0.0189533233642578 0.0101127624511719 0.0399246215820313 0.002227783203125
0.0220737457275391 -0.00369071960449219 0.0370635986328125 -0.0206184387207031
0.0192947387695313 -0.01629638671875 0.0256805419921875 -0.0304241180419922
0.0188751220703125 -0.0163707733154297 0.0155849456787109 -0.0252609252929687
0.0217380523681641 -0.0181827545166016 0.0124092102050781 -0.0182991027832031
0.0284671783447266 -0.0122585296630859 0.0119390487670898 -0.0143871307373047
0.0326728820800781 0.00513839721679688 0.00429916381835938 -0.00994586944580078
0.0274429321289063 0.0231685638427734 0.00511741638183594 -0.0130815505981445
0.00118637084960937 0.0418052673339844 0.0103740692138672 -0.0205745697021484
-0.0211410522460938 0.0475120544433594 0.0235404968261719 -0.0185794830322266
-0.0390510559082031 0.037841796875 0.0250205993652344 -0.0055389404296875
-0.0543937683105469 0.0303688049316406 0.0326690673828125 0.0179405212402344
-0.0313644409179688 0.0418701171875 0.00591850280761719 0.0192985534667969
-0.0120468139648438 0.0452690124511719 0.00442314147949219 0.0287933349609375
0.0172462463378906 0.0380210876464844 0.0272941589355469 0.0273189544677734
0.0311222076416016 0.0178337097167969 0.0334243774414062 0.00643730163574219
0.0352516174316406 -0.00522613525390625 0.0300998687744141 -0.0136890411376953
0.029296875 -0.0219078063964844 0.0194263458251953 -0.0211753845214844
0.0277061462402344 -0.0213069915771484 0.00932693481445313 -0.0159978866577148
0.0314502716064453 -0.0245018005371094 0.00537300109863281 -0.00904273986816406
0.0383338928222656 -0.0150146484375 0.00315380096435547 -0.00876045227050781
0.0414276123046875 0.00726699829101563 -0.00404548645019531 -0.00699090957641601
0.0330314636230469 0.0292625427246094 -0.00105762481689453 -0.0117616653442383
-0.00109100341796875 0.0496253967285156 0.00598716735839844 -0.0173158645629883
-0.029083251953125 0.0527114868164062 0.0162229537963867 -0.00884437561035156
-0.0490379333496094 0.0379295349121094 0.0100069046020508 0.00383377075195313
-0.0629653930664062 0.0229377746582031 0.0108547210693359 0.027740478515625
-0.0443992614746094 0.0417976379394531 -0.00799942016601563 0.0299701690673828
-0.0215415954589844 0.053558349609375 -0.00117111206054688 0.0335922241210938
0.0166854858398438 0.0487937927246094 0.0190639495849609 0.0292472839355469
0.0364952087402344 0.0243492126464844 0.0230121612548828 0.0102806091308594
0.0435523986816406 -0.00470352172851563 0.0189437866210938 -0.00540351867675781
0.035369873046875 -0.0241622924804688 0.0105657577514648 -0.00923252105712891
0.0321979522705078 -0.0232219696044922 0.00139904022216797 -0.00379562377929688
0.0362205505371094 -0.0268020629882812 -0.00377297401428222 0.00215816497802734
0.0428390502929688 -0.0163383483886719 -0.00728464126586914 -0.00057506561279297
0.0451736450195313 0.00880813598632813 -0.0132379531860352 -0.00296688079833984
0.0342864990234375 0.0313453674316406 -0.00699996948242187 -0.0106754302978516
-0.00468063354492187 0.051300048828125 0.00267505645751953 -0.0145339965820312
-0.0345954895019531 0.05108642578125 0.0104541778564453 0.00196552276611328
-0.0535469055175781 0.0323333740234375 -0.00740432739257813 0.0130805969238281
-0.0590286254882813 0.0113525390625 -0.0109615325927734 0.0335655212402344
-0.04864501953125 0.0314674377441406 -0.0220222473144531 0.0364761352539063
-0.0278396606445312 0.0489654541015625 -0.00813484191894532 0.0347862243652344
0.01007080078125 0.0499649047851563 0.00840377807617187 0.0277481079101563
0.0336093902587891 0.0271453857421875 0.0102424621582031 0.0117864608764648
0.0435104370117187 -0.00248336791992187 0.00610876083374024 0.00273895263671875
0.0349788665771484 -0.02166748046875 -0.00019407272338867 0.00336837768554687
0.0317306518554688 -0.0214252471923828 -0.0066380500793457 0.00832414627075195
0.0355491638183594 -0.0250358581542969 -0.0128545761108398 0.0130977630615234
0.0405044555664063 -0.0151443481445313 -0.0173225402832031 0.00693798065185547
0.0423851013183594 0.00965118408203125 -0.0217685699462891 0.000133514404296878
0.0309562683105469 0.0306186676025391 -0.0127677917480469 -0.0100030899047852
-0.00793838500976562 0.0473670959472656 -7.24792480468743E-05 -0.0118503570556641
-0.0368461608886719 0.0427055358886719 0.00364017486572265 0.0098714828491211
-0.0520439147949219 0.0221939086914063 -0.0248470306396484 0.0186557769775391
-0.0443916320800781 -0.00306701660156251 -0.0299072265625 0.0344333648681641
-0.04107666015625 0.0150489807128906 -0.0327110290527344 0.0380821228027344
-0.0277805328369141 0.03338623046875 -0.0134963989257813 0.0323581695556641
0.00235366821289063 0.0398101806640625 -0.000999450683593751 0.0233421325683594
0.0243453979492187 0.0232410430908203 -0.00121021270751953 0.0114564895629883
0.0351943969726563 0.00030517578125 -0.00645971298217773 0.00874185562133789
0.0287189483642578 -0.0159626007080078 -0.0102710723876953 0.0139636993408203
0.0258007049560547 -0.0164737701416016 -0.0136394500732422 0.0194797515869141
0.0300254821777344 -0.0196247100830078 -0.0199012756347656 0.0228786468505859
0.0340309143066406 -0.0119552612304687 -0.0268802642822266 0.0140190124511719
0.0349407196044922 0.00867080688476563 -0.0294399261474609 0.00334548950195313
0.0249786376953125 0.0265750885009766 -0.0183238983154297 -0.0101070404052734
-0.0108757019042969 0.0387840270996094 -0.00281810760498047 -0.0111284255981445
-0.0351791381835938 0.0307044982910156 -0.00306510925292969 0.0152206420898438
-0.0448684692382813 0.0084686279296875 -0.0415878295898438 0.0200538635253906
-0.0224456787109375 -0.0164699554443359 -0.0402030944824219 0.0316047668457031
-0.0265769958496094 -0.00320243835449219 -0.037322998046875 0.0353889465332031
-0.0218296051025391 0.0118293762207031 -0.0149974822998047 0.0279426574707031
-0.00466346740722656 0.0226364135742188 -0.00763702392578125 0.0187702178955078
0.0108203887939453 0.0156393051147461 -0.00922870635986328 0.0103359222412109
0.0208702087402344 0.00238227844238281 -0.0144062042236328 0.0137605667114258
0.0181789398193359 -0.00817489624023438 -0.0164890289306641 0.0216102600097656
0.0167827606201172 -0.00940895080566406 -0.0181312561035156 0.0269355773925781
0.0197181701660156 -0.0116157531738281 -0.0255908966064453 0.0292625427246094
0.0227794647216797 -0.00747871398925781 -0.0342922210693359 0.0184288024902344
0.02392578125 0.0063018798828125 -0.0354995727539063 0.004638671875
0.0164241790771484 0.0192527770996094 -0.0226821899414063 -0.0104293823242187
-0.0112781524658203 0.0267791748046875 -0.00629615783691407 -0.0112638473510742
-0.0291366577148438 0.0161361694335938 -0.0105800628662109 0.0158138275146484
-0.0318202972412109 -0.00543594360351562 -0.0544319152832031 0.0170440673828125
0.00683498382568359 0.0174531936645508 0.0591087341308594 -0.0148849487304687
0.0173978805541992 -8.0108642578125E-05 0.0187606811523438 -0.0105915069580078
0.00428104400634766 -0.0121002197265625 0.00620841979980469 0.0127687454223633
-0.00609016418457031 -0.00948143005371094 0.0278472900390625 0.0176239013671875
-0.0100975036621094 -0.00223541259765625 0.0408706665039062 -0.00260162353515625
-0.00952053070068359 0.00489330291748047 0.0389556884765625 -0.0256843566894531
-0.00623416900634766 0.00258350372314453 0.0287666320800781 -0.0367393493652344
-0.00602817535400391 -3.3378601074223E-06 0.0205154418945313 -0.0322818756103516
-0.00693035125732422 -0.0013270378112793 0.0188236236572266 -0.0261077880859375
-0.00352764129638672 -0.00621414184570313 0.0182456970214844 -0.0182209014892578
0.00360822677612305 -0.00869321823120117 0.0130109786987305 -0.0131492614746094
0.0113716125488281 -0.00304508209228516 0.0132951736450195 -0.0163736343383789
0.0142345428466797 0.00949382781982422 0.0215358734130859 -0.0256118774414062
0.00914764404296875 0.0217170715332031 0.0382232666015625 -0.0328330993652344
-0.00201797485351562 0.0257053375244141 0.0441436767578125 -0.0243949890136719
-0.0164356231689453 0.0275230407714844 0.0591545104980469 -0.004852294921875
0.00369453430175781 0.0176467895507813 0.0195980072021484 -0.00326347351074219
0.00189638137817383 0.00764036178588867 0.00780773162841797 0.0168476104736328
0.00365972518920898 0.00512599945068359 0.0312309265136719 0.0205631256103516
0.00424647331237793 0.00302886962890625 0.0425491333007813 -0.00102996826171875
0.00677061080932617 -0.000439643859863281 0.0407066345214844 -0.0251426696777344
0.00692844390869141 -0.00758123397827148 0.0296211242675781 -0.0366134643554688
0.00700664520263672 -0.0094757080078125 0.0195045471191406 -0.0318393707275391
0.00863838195800781 -0.0108480453491211 0.0171566009521484 -0.0251064300537109
0.0140886306762695 -0.00940418243408203 0.0170497894287109 -0.0185012817382813
0.0201702117919922 -0.00130462646484375 0.0107564926147461 -0.0127315521240234
0.0201759338378906 0.0124740600585938 0.0106134414672852 -0.0147609710693359
0.00622940063476562 0.0287151336669922 0.0165481567382813 -0.0233345031738281
-0.00870513916015625 0.0373153686523438 0.0317935943603516 -0.0274600982666016
-0.0238609313964844 0.0341300964355469 0.0381813049316406 -0.0163383483886719
-0.0383567810058594 0.0322151184082031 0.0500602722167969 0.006378173828125
-0.0137939453125 0.0335617065429688 0.0153226852416992 0.00733757019042969
-0.00368309020996094 0.02923583984375 0.00703239440917969 0.0234317779541016
0.0128040313720703 0.0223484039306641 0.03131103515625 0.0244369506835937
0.0197715759277344 0.00982475280761719 0.0410842895507813 0.00197219848632813
0.0230541229248047 -0.00375938415527344 0.0377311706542969 -0.0210037231445312
0.0193290710449219 -0.017242431640625 0.0257396697998047 -0.0316581726074219
0.0193386077880859 -0.0174407958984375 0.0152626037597656 -0.0262184143066406
0.0220832824707031 -0.0197830200195313 0.0123100280761719 -0.01898193359375
0.0294055938720703 -0.0134143829345703 0.0110244750976563 -0.0155773162841797
0.0338554382324219 0.00420761108398438 0.00381088256835938 -0.0111160278320313
0.0286426544189453 0.0235271453857422 0.00543975830078125 -0.0138835906982422
0.00175094604492188 0.0430908203125 0.0105953216552734 -0.0211029052734375
-0.0215911865234375 0.0492134094238281 0.0243701934814453 -0.0192279815673828
-0.0404777526855469 0.0387115478515625 0.0258903503417969 -0.00664329528808593
-0.0560951232910156 0.0318946838378906 0.0335845947265625 0.0185909271240234
-0.0321083068847656 0.04327392578125 0.005401611328125 0.0190353393554688
-0.01190185546875 0.0474624633789063 0.00351333618164062 0.0293903350830078
0.0179214477539062 0.0391159057617188 0.0273857116699219 0.0284442901611328
0.0322513580322266 0.0176124572753906 0.0345001220703125 0.00712013244628906
0.0367393493652344 -0.00595855712890625 0.0308475494384766 -0.0141963958740234
0.0294380187988281 -0.0229873657226563 0.0196323394775391 -0.0217628479003906
0.0281581878662109 -0.0225372314453125 0.00877571105957032 -0.0163764953613281
0.0318698883056641 -0.0257759094238281 0.004638671875 -0.00908851623535156
0.0394859313964844 -0.0164260864257813 0.002410888671875 -0.00942420959472656
0.0431327819824219 0.00666427612304688 -0.00437688827514648 -0.00782442092895508
0.0347557067871094 0.0292625427246094 -0.000930786132812499 -0.0123758316040039
-0.000541687011718753 0.0514564514160156 0.00618934631347656 -0.0179977416992187
-0.0295143127441406 0.0546646118164063 0.0168161392211914 -0.00932216644287109
-0.0503005981445313 0.0391654968261719 0.0102977752685547 0.00264739990234375
-0.0644798278808594 0.0240516662597656 0.0112991333007812 0.0283241271972656
-0.0454635620117187 0.0433845520019531 -0.00854110717773438 0.0305728912353516
-0.0208663940429688 0.0556144714355469 -0.00270843505859375 0.0346660614013672
0.0178260803222656 0.0500259399414063 0.0186748504638672 0.0299835205078125
0.0380210876464844 0.0244522094726563 0.0234470367431641 0.0103969573974609
0.0449867248535156 -0.00616836547851563 0.0195102691650391 -0.0052490234375
0.0352439880371094 -0.0249214172363281 0.0102243423461914 -0.00940513610839844
0.0325717926025391 -0.0249881744384766 0.0012049674987793 -0.00416755676269531
0.0370635986328125 -0.0284843444824219 -0.00375080108642578 0.00196528434753418
0.0435028076171875 -0.0178947448730469 -0.00791788101196289 -0.00102043151855469
0.0470542907714844 0.00834274291992188 -0.0139923095703125 -0.00355148315429687
0.0361137390136719 0.0317192077636719 -0.00737762451171875 -0.0114717483520508
-0.00347137451171875 0.0537071228027344 0.00324726104736328 -0.015162467956543
-0.0343170166015625 0.053619384765625 0.0104589462280273 0.00174331665039063
-0.0549812316894531 0.0336799621582031 -0.00735759735107422 0.0118265151977539
-0.061004638671875 0.0122795104980469 -0.0116348266601563 0.0349578857421875
-0.0494346618652344 0.0330085754394531 -0.0228309631347656 0.0372352600097656
-0.0282669067382812 0.0511817932128906 -0.00920295715332032 0.0349693298339844
0.0114402770996094 0.0513954162597656 0.00801658630371093 0.0286827087402344
0.0353279113769531 0.0274276733398438 0.0106544494628906 0.0125732421875
0.0451316833496094 -0.0035247802734375 0.00622940063476563 0.00310945510864258
0.035186767578125 -0.0229454040527344 -0.000278234481811521 0.00333499908447266
0.0320835113525391 -0.0227565765380859 -0.00708723068237305 0.00866603851318359
0.0361328125 -0.0268592834472656 -0.0128240585327148 0.0138063430786133
0.0413017272949219 -0.0164451599121094 -0.0183200836181641 0.00637054443359375
0.0442047119140625 0.00858306884765625 -0.022705078125 0.000146865844726567
0.0323600769042969 0.0307674407958984 -0.0129222869873047 -0.0106391906738281
-0.0072021484375 0.0491561889648438 3.62396240234371E-05 -0.0125637054443359
-0.0369644165039063 0.0451622009277344 0.00409317016601562 0.00973796844482422
-0.0531654357910156 0.0231513977050781 -0.0257205963134766 0.0180606842041016
-0.0455970764160156 -0.00177383422851562 -0.0310478210449219 0.0357131958007813
-0.0419921875 0.0161895751953125 -0.0340232849121094 0.03857421875
-0.0280914306640625 0.0353279113769531 -0.0145931243896484 0.0326290130615234
0.00372695922851563 0.0413818359375 -0.00163078308105469 0.0240955352783203
0.0252246856689453 0.0238170623779297 -0.00158214569091797 0.0121040344238281
0.03643798828125 -0.00063323974609375 -0.00594043731689453 0.0095062255859375
0.0296726226806641 -0.0168132781982422 -0.0104455947875977 0.0142097473144531
0.0263328552246094 -0.0175952911376953 -0.0134143829345703 0.0197200775146484
0.0294322967529297 -0.0214920043945312 -0.0200729370117187 0.0235843658447266
0.0340557098388672 -0.0133380889892578 -0.0277214050292969 0.0138664245605469
0.0364418029785156 0.0081634521484375 -0.0304279327392578 0.00338554382324219
0.0258274078369141 0.0268459320068359 -0.0185012817382813 -0.0102043151855469
-0.0107192993164063 0.0400848388671875 -0.0029449462890625 -0.0113916397094727
-0.0354690551757813 0.03228759765625 -0.00322055816650391 0.0150585174560547
-0.0460014343261719 0.00909042358398438 -0.0426712036132812 0.0205726623535156
-0.023651123046875 -0.0165863037109375 -0.0415763854980469 0.0319328308105469
-0.0269203186035156 -0.00283432006835938 -0.0390548706054688 0.0362701416015625
-0.0222835540771484 0.0129871368408203 -0.0161914825439453 0.0281944274902344
-0.00431442260742187 0.0234203338623047 -0.00819206237792969 0.0197963714599609
0.0117216110229492 0.0157594680786133 -0.00961017608642578 0.0115623474121094
0.0215511322021484 0.00187110900878906 -0.0149211883544922 0.0144557952880859
0.0180244445800781 -0.00839805603027344 -0.0170707702636719 0.0224494934082031
0.0166912078857422 -0.0101909637451172 -0.0183868408203125 0.0281887054443359
0.0198802947998047 -0.0130462646484375 -0.0258255004882812 0.0305271148681641
0.0228710174560547 -0.00787925720214844 -0.0353775024414062 0.0191116333007812
0.0248489379882813 0.00623321533203125 -0.0364112854003906 0.00527572631835938
0.0176620483398438 0.0193405151367188 -0.0233516693115234 -0.0107250213623047
-0.0115108489990234 0.0276012420654297 -0.00629806518554688 -0.0118312835693359
-0.0298538208007813 0.0165271759033203 -0.0108251571655273 0.0159730911254883
-0.0324420928955078 -0.00511550903320312 -0.0559616088867188 0.0170974731445313
0.00775527954101562 0.0176410675048828 0.0614891052246094 -0.0172920227050781
0.0180912017822266 -0.000501632690429688 0.0192680358886719 -0.0116157531738281
0.00379371643066406 -0.012761116027832 0.0063934326171875 0.0134782791137695
-0.00663566589355469 -0.00917148590087891 0.029693603515625 0.0180892944335938
-0.0105886459350586 -0.00194358825683594 0.0419731140136719 -0.0036773681640625
-0.009033203125 0.00529289245605469 0.040008544921875 -0.0276679992675781
-0.00584554672241211 0.00258636474609375 0.0291252136230469 -0.0391311645507813
-0.00610828399658203 0.000215530395507811 0.0198955535888672 -0.03460693359375
-0.00730705261230469 -0.000926494598388671 0.0184841156005859 -0.02801513671875
-0.00351619720458984 -0.00660800933837891 0.0176811218261719 -0.0201320648193359
0.00308322906494141 -0.00888824462890625 0.0134077072143555 -0.0149688720703125
0.0117292404174805 -0.00373458862304688 0.0141105651855469 -0.0179214477539063
0.0150680541992188 0.00935459136962891 0.0222110748291016 -0.0269641876220703
0.0101222991943359 0.0222129821777344 0.0393791198730469 -0.0353126525878906
-0.00194549560546875 0.0270786285400391 0.0466156005859375 -0.0275115966796875
-0.01617431640625 0.0288658142089844 0.0619392395019531 -0.00644683837890625
0.0041656494140625 0.0183219909667969 0.0204410552978516 -0.00387191772460937
0.0020899772644043 0.0086369514465332 0.00817298889160156 0.0178756713867188
0.00369691848754883 0.00559663772583008 0.0328807830810547 0.0210666656494141
0.00501346588134766 0.00315618515014648 0.0441207885742188 -0.001800537109375
0.00793170928955078 -0.000661849975585937 0.0415077209472656 -0.0267333984375
0.00748252868652344 -0.00846624374389648 0.0288124084472656 -0.0389862060546875
0.00706195831298828 -0.00969982147216797 0.0187473297119141 -0.0336589813232422
0.0084686279296875 -0.0116987228393555 0.0167064666748047 -0.0266208648681641
0.0148258209228516 -0.0101613998413086 0.0165882110595703 -0.0203723907470703
0.0207805633544922 -0.00128746032714844 0.0105819702148438 -0.0143957138061523
0.0214195251464844 0.0123424530029297 0.0110673904418945 -0.0163583755493164
0.00709342956542968 0.0296211242675781 0.0171298980712891 -0.0245323181152344
-0.00821304321289062 0.0395240783691406 0.0332393646240234 -0.0295333862304687
-0.0242462158203125 0.0362510681152344 0.0403366088867188 -0.0192527770996094
-0.0390853881835937 0.0349044799804688 0.0530548095703125 0.00580215454101563
-0.0136642456054688 0.0355720520019531 0.0160579681396484 0.00705146789550781
-0.00285720825195313 0.0311851501464844 0.0078887939453125 0.024200439453125
0.0139255523681641 0.0232009887695313 0.0329914093017578 0.0251064300537109
0.0208892822265625 0.0104198455810547 0.0426902770996094 0.00176239013671875
0.0244388580322266 -0.00502204895019531 0.0392608642578125 -0.0230903625488281
0.0201301574707031 -0.0183696746826172 0.0257911682128906 -0.0337295532226563
0.0190410614013672 -0.0189380645751953 0.0142059326171875 -0.0280323028564453
0.0224075317382813 -0.02142333984375 0.0112171173095703 -0.0204524993896484
0.0303802490234375 -0.0148506164550781 0.0104579925537109 -0.0172281265258789
0.0355072021484375 0.00299835205078125 0.0035085678100586 -0.0128908157348633
0.0306243896484375 0.0239334106445313 0.00565719604492188 -0.015162467956543
0.00299835205078125 0.04534912109375 0.0115013122558594 -0.0225105285644531
-0.021270751953125 0.0524520874023438 0.0250186920166016 -0.0209636688232422
-0.0416412353515625 0.0415763854980469 0.0273761749267578 -0.00919723510742187
-0.0576972961425781 0.0351028442382813 0.0355415344238281 0.0189018249511719
-0.0318145751953125 0.046173095703125 0.00621795654296875 0.0201282501220703
-0.0105209350585937 0.0502967834472656 0.00409317016601562 0.0308170318603516
0.0203666687011719 0.0404129028320313 0.0289783477783203 0.0293426513671875
0.0342388153076172 0.0175819396972656 0.0358695983886719 0.00698089599609375
0.0389404296875 -0.00770187377929688 0.032012939453125 -0.0152111053466797
0.0301055908203125 -0.0253334045410156 0.0196723937988281 -0.0237388610839844
0.0282096862792969 -0.0246238708496094 0.00820541381835938 -0.0178260803222656
0.0324001312255859 -0.0285835266113281 0.00356578826904297 -0.0101900100708008
0.0406532287597656 -0.0187644958496094 0.00137901306152344 -0.010655403137207
0.0460662841796875 0.00520706176757813 -0.00525093078613281 -0.00901412963867188
0.03759765625 0.0300445556640625 -0.000947952270507809 -0.0137014389038086
0.00103378295898437 0.0543212890625 0.0067596435546875 -0.0194263458251953
-0.0289230346679687 0.05889892578125 0.017390251159668 -0.010746955871582
-0.0518531799316406 0.0421829223632812 0.0114269256591797 0.00136089324951172
-0.0673332214355469 0.0277023315429688 0.0126285552978516 0.0294857025146484
-0.0455436706542969 0.0469207763671875 -0.00887870788574219 0.0318813323974609
-0.0198211669921875 0.0597267150878906 -0.00266265869140625 0.0358924865722656
0.02032470703125 0.0522117614746094 0.0197811126708984 0.0314998626708984
0.0408592224121094 0.0244941711425781 0.024261474609375 0.0112876892089844
0.0470924377441406 -0.00766372680664062 0.0202522277832031 -0.00579833984375
0.0359916687011719 -0.02789306640625 0.0101680755615234 -0.0104961395263672
0.0334281921386719 -0.0269279479980469 0.00062680244445801 -0.00420308113098145
0.0375556945800781 -0.0315361022949219 -0.00408267974853515 0.00232768058776855
0.0445785522460938 -0.020599365234375 -0.0092325210571289 -0.00137519836425782
0.0498924255371094 0.00654983520507813 -0.015467643737793 -0.00403308868408203
0.0391197204589844 0.0319557189941406 -0.00775051116943359 -0.0117826461791992
-0.00157165527343751 0.0567855834960938 0.00276470184326172 -0.0161685943603516
-0.033905029296875 0.0577850341796875 0.011021614074707 0.000487327575683597
-0.0565147399902344 0.0363655090332031 -0.0069875717163086 0.0113086700439453
-0.0633811950683594 0.0146675109863281 -0.0118675231933594 0.0370063781738281
-0.0507926940917969 0.0364570617675781 -0.0235557556152344 0.0393028259277344
-0.0274429321289062 0.0550994873046875 -0.00970077514648438 0.0366249084472656
0.0143280029296875 0.0534248352050781 0.00841522216796875 0.0301456451416016
0.0380630493164063 0.0277366638183594 0.010746955871582 0.0136928558349609
0.0472183227539063 -0.00558853149414063 0.00726318359375 0.00341320037841797
0.0360755920410156 -0.0253562927246094 -0.000507831573486326 0.00326967239379883
0.0324649810791016 -0.0246105194091797 -0.00726604461669922 0.00884628295898437
0.0364837646484375 -0.0297966003417969 -0.0133142471313477 0.0147953033447266
0.0425682067871094 -0.0195541381835938 -0.0196418762207031 0.00749015808105468
0.04620361328125 0.00698089599609375 -0.0238227844238281 0.000711441040039059
0.0352592468261719 0.0311012268066406 -0.0138177871704102 -0.0107126235961914
-0.00582504272460937 0.0525283813476563 -0.000570297241210937 -0.0132932662963867
-0.0366058349609375 0.0488357543945313 0.00428676605224609 0.00946331024169922
-0.0550193786621094 0.0258140563964844 -0.0262336730957031 0.0183734893798828
-0.0479774475097656 -7.62939453125042E-06 -0.0320281982421875 0.038909912109375
-0.0434379577636719 0.0185661315917969 -0.0354843139648438 0.0410385131835938
-0.0279350280761719 0.0379905700683594 -0.0159053802490234 0.0338706970214844
0.00551223754882813 0.0431594848632813 -0.00216293334960938 0.0256500244140625
0.0277366638183594 0.0239105224609375 -0.0015411376953125 0.0135126113891602
0.0379753112792969 -0.00230789184570313 -0.00631999969482422 0.0110569000244141
0.0297031402587891 -0.0195732116699219 -0.0103273391723633 0.0155115127563477
0.026763916015625 -0.0193157196044922 -0.0133533477783203 0.0206851959228516
0.0301036834716797 -0.0232505798339844 -0.0202999114990234 0.0254154205322266
0.0353889465332031 -0.0155029296875 -0.0291862487792969 0.0152969360351563
0.037872314453125 0.00726318359375 -0.0320339202880859 0.00457954406738282
0.0278072357177734 0.0271282196044922 -0.0202178955078125 -0.0104026794433594
-0.00925445556640626 0.0431175231933594 -0.00335407257080078 -0.0119113922119141
-0.0356864929199219 0.0353279113769531 -0.00252532958984375 0.0155401229858398
-0.0469970703125 0.0109710693359375 -0.0444374084472656 0.0214042663574219
-0.0248947143554688 -0.0155887603759766 -0.043670654296875 0.0356483459472656
-0.0287208557128906 -0.00108909606933594 -0.0406494140625 0.0388870239257812
-0.0224418640136719 0.0148048400878906 -0.0173797607421875 0.0301723480224609
-0.00329780578613281 0.0248546600341797 -0.00879287719726562 0.0209503173828125
0.0129098892211914 0.0156717300415039 -0.00962257385253906 0.0129051208496094
0.0220680236816406 0.000490188598632812 -0.0144824981689453 0.0161342620849609
0.018402099609375 -0.00951766967773438 -0.0165767669677734 0.0241012573242188
0.0171728134155273 -0.0106801986694336 -0.0182590484619141 0.0294647216796875
0.0197772979736328 -0.0141124725341797 -0.0256500244140625 0.0327816009521484
0.0235862731933594 -0.00917625427246094 -0.0364227294921875 0.0208740234375
0.0265235900878906 0.00564384460449219 -0.0383529663085938 0.00628662109375001
0.0182476043701172 0.0193996429443359 -0.0250473022460938 -0.0110988616943359
-0.0108699798583984 0.0294685363769531 -0.00647258758544922 -0.0121850967407227
-0.0300579071044922 0.0182285308837891 -0.0106534957885742 0.0161952972412109
-0.0337677001953125 -0.00447463989257813 -0.0583953857421875 0.0195350646972656
0.00872993469238281 0.0179405212402344 0.0636825561523438 -0.0211753845214844
0.0190238952636719 -0.00150299072265625 0.0197410583496094 -0.0132465362548828
0.0036468505859375 -0.0130701065063477 0.00715160369873047 0.013763427734375
-0.00774669647216797 -0.00962162017822266 0.0318584442138672 0.0177707672119141
-0.0110836029052734 -0.00120258331298828 0.0439720153808594 -0.00569534301757813
-0.00871086120605469 0.00556802749633789 0.0398101806640625 -0.0313262939453125
-0.00564002990722656 0.00353479385375977 0.027801513671875 -0.0424461364746094
-0.00635290145874023 0.000517368316650391 0.0185317993164063 -0.0372238159179688
-0.00739479064941406 -0.00072002410888672 0.0172100067138672 -0.0305213928222656
-0.00445413589477539 -0.00618839263916016 0.0173511505126953 -0.0222873687744141
0.00308513641357422 -0.00917625427246094 0.0137958526611328 -0.0172796249389648
0.0115118026733398 -0.00471687316894531 0.0143470764160156 -0.0200653076171875
0.015869140625 0.00838661193847656 0.0225906372070312 -0.0289783477783203
0.0113048553466797 0.0222702026367188 0.0395164489746094 -0.03887939453125
-0.000627517700195311 0.0279617309570313 0.0477790832519531 -0.0316505432128906
-0.0154972076416016 0.0305595397949219 0.0645599365234375 -0.0102119445800781
0.00545501708984375 0.0193328857421875 0.0211677551269531 -0.0049285888671875
0.002655029296875 0.00889205932617188 0.00891876220703125 0.0182132720947266
0.00442409515380859 0.00578546524047852 0.0347633361816406 0.0201511383056641
0.00588893890380859 0.00321292877197266 0.0458526611328125 -0.00384902954101563
0.00818729400634766 -0.00138998031616211 0.0414505004882813 -0.0303916931152344
0.00736808776855469 -0.0095062255859375 0.0276565551757813 -0.0421142578125
0.00697135925292969 -0.0105962753295898 0.016876220703125 -0.036224365234375
0.00830745697021484 -0.0131559371948242 0.0152873992919922 -0.0290336608886719
0.0146913528442383 -0.0114297866821289 0.0156803131103516 -0.0226306915283203
0.0214710235595703 -0.00190544128417969 0.0103549957275391 -0.0165739059448242
0.0226840972900391 0.0117473602294922 0.0119190216064453 -0.0182723999023438
0.00887489318847656 0.0303859710693359 0.0173816680908203 -0.0264644622802734
-0.00636672973632812 0.0412445068359375 0.0332050323486328 -0.0324878692626953
-0.0233840942382812 0.0391120910644531 0.0417327880859375 -0.0231552124023437
-0.0392341613769531 0.0387344360351563 0.0559349060058594 0.00267410278320313
-0.0123443603515625 0.0381202697753906 0.0165719985961914 0.00636100769042969
-0.000932693481445314 0.0329074859619141 0.00876617431640625 0.0252151489257813
0.0164642333984375 0.023590087890625 0.0351791381835937 0.0247268676757812
0.0231075286865234 0.00928306579589844 0.0438995361328125 0.000553131103515625
0.0253982543945313 -0.00720787048339844 0.0395431518554688 -0.0258903503417969
0.0199508666992188 -0.0204334259033203 0.0245170593261719 -0.0364646911621094
0.0190048217773438 -0.02069091796875 0.0130252838134766 -0.0294742584228516
0.0222702026367188 -0.0240840911865234 0.0104179382324219 -0.0219154357910156
0.0310688018798828 -0.0175666809082031 0.00945281982421875 -0.0190029144287109
0.0378379821777344 0.00162506103515625 0.00267696380615235 -0.0142993927001953
0.0335273742675781 0.0229587554931641 0.00562191009521485 -0.0164976119995117
0.00613021850585938 0.0472526550292969 0.011322021484375 -0.0240001678466797
-0.0187530517578125 0.0558547973632813 0.0250816345214844 -0.0235271453857422
-0.0409317016601563 0.0458984375 0.0289840698242188 -0.0123119354248047
-0.0583267211914062 0.0402488708496094 0.0385894775390625 0.017791748046875
-0.0307884216308594 0.0503768920898437 0.00699043273925781 0.0202827453613281
-0.00768661499023438 0.0535621643066406 0.00524139404296875 0.0321025848388672
0.0243492126464844 0.0411033630371094 0.0305709838867188 0.0294933319091797
0.0371170043945313 0.0166473388671875 0.037200927734375 0.00586700439453125
0.0400581359863281 -0.0106925964355469 0.032745361328125 -0.0168476104736328
0.0299224853515625 -0.0283737182617188 0.0189037322998047 -0.0256977081298828
0.028289794921875 -0.0279903411865234 0.00718307495117188 -0.0186309814453125
0.0320472717285156 -0.0321865081787109 0.00325489044189453 -0.0110912322998047
0.0407257080078125 -0.0225944519042969 1.43051147460952E-05 -0.0119056701660156
0.04815673828125 0.002532958984375 -0.00646591186523437 -0.00994205474853516
0.0412101745605469 0.0286636352539063 -0.00126838684082031 -0.0145196914672852
0.00486373901367187 0.0569267272949219 0.00613021850585937 -0.0205154418945312
-0.026397705078125 0.0633201599121094 0.0179595947265625 -0.0125083923339844
-0.052276611328125 0.0474395751953125 0.012242317199707 -0.000309944152832028
-0.0681304931640625 0.0324974060058594 0.0147571563720703 0.0303230285644531
-0.0453147888183594 0.0517463684082031 -0.00777053833007813 0.0333099365234375
-0.0172233581542969 0.0633468627929687 -0.0019683837890625 0.0375442504882813
0.0249214172363281 0.0534477233886719 0.0216026306152344 0.0324134826660156
0.0440101623535156 0.0232276916503906 0.0258426666259766 0.0109825134277344
0.0488395690917969 -0.0114479064941406 0.0209465026855469 -0.00694465637207031
0.0358848571777344 -0.0311470031738281 0.00988388061523438 -0.0113134384155273
0.0327568054199219 -0.0303459167480469 0.000361442565917971 -0.00471258163452149
0.0365142822265625 -0.0357017517089844 -0.004852294921875 0.00274085998535156
0.0446281433105469 -0.0247764587402344 -0.0105180740356445 -0.00171089172363282
0.0520133972167969 0.00345611572265625 -0.0161628723144531 -0.00368404388427734
0.0435867309570313 0.03094482421875 -0.00858783721923828 -0.0122346878051758
0.00208663940429688 0.0597038269042969 0.00264358520507812 -0.0170059204101562
-0.0311279296875 0.0623054504394531 0.0120115280151367 -0.000544548034667965
-0.0569953918457031 0.0416717529296875 -0.00708866119384766 0.0112571716308594
-0.0653305053710938 0.0196723937988281 -0.0101280212402344 0.0397720336914063
-0.0511512756347656 0.0412445068359375 -0.02288818359375 0.0417327880859375
-0.0248069763183594 0.0593948364257812 -0.00955581665039063 0.0383987426757813
0.0182723999023437 0.0550079345703125 0.00912284851074219 0.0310440063476563
0.0413398742675781 0.0262374877929688 0.0117311477661133 0.0144691467285156
0.04876708984375 -0.00892257690429687 0.00758600234985352 0.00408220291137695
0.0357017517089844 -0.0292510986328125 -0.000405311584472654 0.00348329544067383
0.0322723388671875 -0.0283603668212891 -0.00689792633056641 0.00981998443603515
0.0358161926269531 -0.0334358215332031 -0.0129241943359375 0.0158824920654297
0.0430107116699219 -0.0233345031738281 -0.0205802917480469 0.008697509765625
0.0492477416992188 0.00429153442382813 -0.0252170562744141 0.00170707702636719
0.039031982421875 0.0299873352050781 -0.0155181884765625 -0.0102901458740234
-0.00235748291015625 0.0552711486816406 -0.000761985778808594 -0.0138387680053711
-0.0346107482910156 0.0536689758300781 0.0052499771118164 0.00908756256103516
-0.0560340881347656 0.0298652648925781 -0.0264816284179688 0.0197639465332031
-0.0499610900878906 0.00305557250976562 -0.0318756103515625 0.04241943359375
-0.0445022583007813 0.022613525390625 -0.035675048828125 0.0441665649414063
-0.0268058776855469 0.0415077209472656 -0.0154380798339844 0.0362205505371094
0.00865936279296875 0.0445594787597656 -0.00152969360351562 0.0273590087890625
0.0299263000488281 0.0234603881835938 -0.000995635986328123 0.0144100189208984
0.0393333435058594 -0.00555801391601563 -0.00523185729980469 0.0119686126708984
0.0295658111572266 -0.0221309661865234 -0.00930023193359375 0.0167322158813477
0.0264644622802734 -0.0222854614257813 -0.0132179260253906 0.0221633911132812
0.0295829772949219 -0.0266532897949219 -0.0196342468261719 0.0275554656982422
0.0357894897460938 -0.0184211730957031 -0.0298252105712891 0.0175399780273438
0.0406837463378906 0.00458908081054688 -0.0334072113037109 0.00641632080078126
0.0309200286865234 0.0262947082519531 -0.0215435028076172 -0.00987434387207031
-0.00673675537109375 0.0455894470214844 -0.00380516052246094 -0.0124473571777344
-0.0346107482910156 0.0388031005859375 -0.00182628631591797 0.0157270431518555
-0.0486640930175781 0.0141067504882813 -0.0448455810546875 0.0244407653808594
-0.026947021484375 -0.0141067504882813 -0.0440864562988281 0.0406608581542969
-0.0299053192138672 0.000768661499023441 -0.0414848327636719 0.0424842834472656
-0.0224323272705078 0.0172595977783203 -0.0176353454589844 0.0316677093505859
-0.00125885009765625 0.0254497528076172 -0.00908279418945313 0.0229225158691406
0.0142555236816406 0.0158910751342773 -0.0094614028930664 0.0146255493164063
0.0232524871826172 -0.00110626220703125 -0.0138111114501953 0.0180988311767578
0.0185661315917969 -0.0116329193115234 -0.0158233642578125 0.026214599609375
0.0167818069458008 -0.0128536224365234 -0.0171089172363281 0.0312671661376953
0.0197868347167969 -0.0160045623779297 -0.025390625 0.0355453491210938
0.0236454010009766 -0.0117511749267578 -0.0368919372558594 0.0239143371582031
0.0279407501220703 0.00367546081542969 -0.03985595703125 0.00885772705078124
0.0204563140869141 0.0193653106689453 -0.02667236328125 -0.0101451873779297
-0.00903511047363281 0.0317497253417969 -0.00768470764160156 -0.0125885009765625
-0.0294952392578125 0.0211696624755859 -0.00981616973876954 0.0172271728515625
-0.0349903106689453 -0.00323486328125 -0.0598526000976562 0.0229415893554687
0.010340690612793 0.0173616409301758 0.0638313293457031 -0.026336669921875
0.0183944702148437 -0.00320053100585937 0.0190830230712891 -0.0146713256835938
0.00214195251464844 -0.0135726928710938 0.00847816467285156 0.0136642456054687
-0.00863265991210938 -0.00881862640380859 0.0336437225341797 0.0159282684326172
-0.0107851028442383 -0.000113487243652345 0.0441131591796875 -0.00833892822265625
-0.00772762298583984 0.00603628158569336 0.0386734008789062 -0.0348167419433594
-0.0048832893371582 0.00286340713500977 0.0247459411621094 -0.0447731018066406
-0.00618600845336914 0.000530719757080077 0.0160102844238281 -0.0397567749023438
-0.00698280334472656 -0.00031566619873047 0.0151576995849609 -0.0320262908935547
-0.00469303131103516 -0.00558233261108398 0.0155086517333984 -0.0242843627929688
0.00217437744140625 -0.00904941558837891 0.0124015808105469 -0.0194606781005859
0.0113658905029297 -0.00520420074462891 0.0137901306152344 -0.0223350524902344
0.0163354873657227 0.00702857971191406 0.0216331481933594 -0.0307426452636719
0.0129966735839844 0.021484375 0.0379829406738281 -0.0421485900878906
0.00147628784179687 0.0283126831054688 0.0465927124023438 -0.0358047485351563
-0.0134944915771484 0.0318622589111328 0.0647659301757813 -0.0153236389160156
0.00680351257324218 0.0191917419433594 0.0204620361328125 -0.00690078735351562
0.00336551666259766 0.00970745086669922 0.00997161865234375 0.0184402465820312
0.00508308410644531 0.0061945915222168 0.0368881225585938 0.0184288024902344
0.00625181198120117 0.00348758697509766 0.0462875366210937 -0.0061798095703125
0.00848531723022461 -0.00212383270263672 0.0400733947753906 -0.033599853515625
0.00677680969238281 -0.0103874206542969 0.0252685546875 -0.044891357421875
0.00647830963134766 -0.0114402770996094 0.0145072937011719 -0.0378036499023438
0.00792026519775391 -0.0139322280883789 0.0129528045654297 -0.0302639007568359
0.0141010284423828 -0.0132942199707031 0.0134296417236328 -0.0243091583251953
0.0219917297363281 -0.00423240661621094 0.00879096984863281 -0.0180244445800781
0.0238246917724609 0.0109901428222656 0.0112743377685547 -0.0205211639404297
0.0110206604003906 0.0301361083984375 0.0171051025390625 -0.0280094146728516
-0.003204345703125 0.042083740234375 0.0312843322753906 -0.0359954833984375
-0.0219955444335938 0.04193115234375 0.0407791137695313 -0.0277557373046875
-0.0377883911132813 0.0422592163085938 0.0570259094238281 -0.000980377197265622
-0.00961685180664063 0.0392532348632813 0.0172157287597656 0.00543975830078125
0.00195503234863282 0.0337944030761719 0.0100841522216797 0.0246963500976563
0.0188922882080078 0.0231590270996094 0.0376815795898438 0.0228500366210938
0.0243854522705078 0.00805473327636719 0.0451469421386719 -0.00235748291015625
0.0259895324707031 -0.0101871490478516 0.0376548767089844 -0.0288047790527344
0.0188503265380859 -0.0232410430908203 0.0220375061035156 -0.0388031005859375
0.0174083709716797 -0.0225772857666016 0.0106716156005859 -0.0307388305664062
0.0202503204345703 -0.0263862609863281 0.00901985168457031 -0.0229320526123047
0.0298194885253906 -0.0204372406005859 0.00723838806152344 -0.02069091796875
0.0382919311523438 -0.00177383422851563 0.00153541564941407 -0.0151576995849609
0.0364189147949219 0.0211753845214844 0.0048828125 -0.0184402465820313
0.009979248046875 0.04791259765625 0.0108814239501953 -0.0246181488037109
-0.0147209167480469 0.058441162109375 0.0245323181152344 -0.025390625
-0.0389366149902344 0.0496711730957031 0.0288543701171875 -0.0157871246337891
-0.0564765930175781 0.0447616577148437 0.0409126281738281 0.0157279968261719
-0.027587890625 0.0532722473144531 0.00830268859863281 0.0206470489501953
-0.0033111572265625 0.0549774169921875 0.00608253479003907 0.0329513549804688
0.0278167724609375 0.0404701232910156 0.0325202941894531 0.0284042358398437
0.039337158203125 0.0141372680664063 0.0375900268554688 0.004119873046875
0.0404930114746094 -0.0142745971679688 0.0319328308105469 -0.0193901062011719
0.0283050537109375 -0.0314083099365234 0.0170669555664063 -0.027618408203125
0.0260276794433594 -0.0301666259765625 0.00606918334960938 -0.0200328826904297
0.0298614501953125 -0.0355796813964844 0.00219917297363281 -0.0115766525268555
0.0393447875976563 -0.0268096923828125 -0.000961303710937498 -0.0121402740478516
0.049774169921875 -0.00106048583984375 -0.00757026672363281 -0.0101661682128906
0.0442428588867188 0.0262031555175781 -0.00182247161865234 -0.0154151916503906
0.0098114013671875 0.0577926635742188 0.00538825988769531 -0.0214424133300781
-0.0210418701171875 0.066619873046875 0.0174236297607422 -0.0140848159790039
-0.0503311157226563 0.0518989562988281 0.0126056671142578 -0.00203418731689453
-0.0675239562988281 0.0392417907714844 0.0175552368164062 0.0302066802978516
-0.0430946350097656 0.0553932189941406 -0.005462646484375 0.03472900390625
-0.012451171875 0.0666313171386719 -0.000885009765625002 0.0389060974121094
0.0302009582519531 0.0523910522460937 0.0237445831298828 0.031402587890625
0.0464859008789063 0.0202445983886719 0.0275039672851563 0.0103397369384766
0.0489845275878906 -0.0153579711914063 0.021636962890625 -0.00824165344238281
0.0339431762695312 -0.0346183776855469 0.00947952270507813 -0.0123414993286133
0.0310173034667969 -0.0337123870849609 -0.000710010528564451 -0.00465250015258789
0.0337753295898438 -0.0398330688476563 -0.00543928146362305 0.00289392471313476
0.0440788269042969 -0.0293083190917969 -0.0112371444702148 -0.000565528869628908
0.0538558959960938 -0.00089263916015625 -0.0174369812011719 -0.00264835357666015
0.0465736389160156 0.0279426574707031 -0.00921630859375 -0.0125064849853516
0.00751495361328126 0.060455322265625 0.00185966491699219 -0.0176677703857422
-0.0270652770996094 0.0661048889160156 0.0124530792236328 -0.00175285339355468
-0.0555000305175781 0.0461463928222656 -0.00624656677246094 0.0110292434692383
-0.0652275085449219 0.0246849060058594 -0.00761795043945313 0.0413627624511719
-0.0485725402832031 0.0454597473144531 -0.0207633972167969 0.0441246032714844
-0.0212821960449219 0.0617866516113281 -0.00850296020507813 0.0397834777832031
0.0234489440917969 0.0543136596679688 0.0108184814453125 0.0317020416259766
0.0439109802246094 0.0239791870117188 0.0131120681762695 0.0136919021606445
0.0489692687988281 -0.0134544372558594 0.00898551940917969 0.00377178192138672
0.034515380859375 -0.0321216583251953 0.000571727752685549 0.00343084335327148
0.030548095703125 -0.0310192108154297 -0.00639057159423828 0.00981807708740234
0.0337791442871094 -0.0376548767089844 -0.01239013671875 0.0169773101806641
0.0418319702148437 -0.0276260375976562 -0.0210475921630859 0.0098876953125
0.0507125854492188 -0.000179290771484375 -0.0255527496337891 0.00355720520019532
0.0425987243652344 0.0277214050292969 -0.0160017013549805 -0.00991630554199219
0.00238418579101563 0.0568084716796875 -0.00142288208007813 -0.0141172409057617
-0.0303421020507813 0.057891845703125 0.00617456436157226 0.00844383239746094
-0.0549964904785156 0.0341415405273437 -0.0259532928466797 0.0213909149169922
-0.0511398315429688 0.00717926025390625 -0.0292854309082031 0.0465774536132813
-0.0432777404785156 0.0268707275390625 -0.0331954956054688 0.0473136901855469
-0.0242042541503906 0.044830322265625 -0.0145721435546875 0.0373916625976563
0.0124092102050781 0.0450325012207031 -0.000471115112304685 0.0282039642333984
0.0329799652099609 0.0218639373779297 -0.000226020812988281 0.0157585144042969
0.0402565002441406 -0.00847244262695313 -0.00330448150634766 0.0122184753417969
0.0277462005615234 -0.0247001647949219 -0.00880432128906249 0.0173549652099609
0.0260658264160156 -0.0251502990722656 -0.0118446350097656 0.0229110717773438
0.0283298492431641 -0.0297222137451172 -0.0177974700927734 0.0292701721191406
0.0345039367675781 -0.0212631225585938 -0.0303211212158203 0.0199089050292969
0.0417213439941406 0.000919342041015625 -0.0341968536376953 0.00874519348144531
0.0328960418701172 0.0246162414550781 -0.0226974487304687 -0.00873756408691406
-0.00314712524414063 0.0465431213378906 -0.00480747222900391 -0.0135707855224609
-0.0312156677246094 0.042205810546875 0.000204086303710935 0.0155534744262695
-0.0485725402832031 0.0172195434570313 -0.044464111328125 0.0272369384765625
-0.0283489227294922 -0.0123939514160156 -0.0424880981445313 0.0453910827636719
-0.0302238464355469 0.00313758850097657 -0.0388298034667969 0.0464897155761719
-0.0211715698242187 0.0190811157226563 -0.0166835784912109 0.0337982177734375
0.00115013122558594 0.0265274047851563 -0.00802230834960938 0.0243301391601563
0.0166702270507813 0.0148391723632813 -0.0082712173461914 0.0159082412719727
0.0236568450927734 -0.00326347351074219 -0.0118255615234375 0.0196304321289063
0.0176620483398438 -0.0131950378417969 -0.0143661499023437 0.0272541046142578
0.0158958435058594 -0.0135011672973633 -0.0150642395019531 0.0333976745605469
0.0188407897949219 -0.0182285308837891 -0.0232048034667969 0.0374526977539063
0.0227108001708984 -0.0136394500732422 -0.0357246398925781 0.0271072387695313
0.0287017822265625 0.00162887573242188 -0.0390167236328125 0.0118942260742188
0.0223846435546875 0.0178127288818359 -0.0278587341308594 -0.00874900817871094
-0.00654220581054688 0.0327072143554688 -0.008026123046875 -0.0126619338989258
-0.0282535552978516 0.02349853515625 -0.00908470153808594 0.0177440643310547
-0.0361251831054688 -0.00104904174804688 -0.0594749450683594 0.0275650024414062
0.0103673934936523 0.0158214569091797 0.0627632141113281 -0.0301132202148438
0.0184116363525391 -0.00389480590820313 0.017120361328125 -0.0165643692016602
0.00113296508789062 -0.012639045715332 0.00843715667724609 0.0131397247314453
-0.00885868072509765 -0.00876998901367188 0.0351219177246094 0.0137214660644531
-0.0107955932617188 0.000458717346191406 0.044464111328125 -0.0106430053710938
-0.00725412368774414 0.00673532485961914 0.0366134643554688 -0.0356330871582031
-0.00364375114440918 0.0037236213684082 0.0209121704101562 -0.0456466674804687
-0.00575351715087891 0.000715255737304687 0.0131683349609375 -0.0398406982421875
-0.00713109970092773 0.00011920928955078 0.0127487182617187 -0.0330142974853516
-0.0053553581237793 -0.00445413589477539 0.0130443572998047 -0.0250453948974609
0.00133228302001953 -0.00966644287109375 0.0108089447021484 -0.02044677734375
0.0108880996704102 -0.00469017028808594 0.0122814178466797 -0.0225505828857422
0.0172204971313477 0.00641918182373047 0.0202121734619141 -0.0316658020019531
0.0136928558349609 0.0207176208496094 0.035888671875 -0.0446357727050781
0.00245857238769531 0.0276889801025391 0.044708251953125 -0.0397834777832031
-0.0123958587646484 0.0336570739746094 0.0631217956542969 -0.0195426940917969
0.00693130493164063 0.0183658599853516 0.0206718444824219 -0.00930023193359375
0.00348472595214844 0.00896835327148438 0.0102596282958984 0.0175762176513672
0.00646543502807617 0.00579023361206055 0.0364112854003906 0.0163536071777344
0.00716924667358398 0.00373935699462891 0.0447845458984375 -0.00890350341796875
0.00849819183349609 -0.00299215316772461 0.038726806640625 -0.0354652404785156
0.0068511962890625 -0.0114498138427734 0.0209312438964844 -0.0449256896972656
0.00592708587646484 -0.0107364654541016 0.0117530822753906 -0.0375442504882813
0.00736427307128906 -0.0149402618408203 0.0112419128417969 -0.0317611694335938
0.014862060546875 -0.0131969451904297 0.0122947692871094 -0.0261783599853516
0.0215358734130859 -0.00554847717285156 0.00780487060546875 -0.019012451171875
0.0248126983642578 0.00864410400390625 0.00961494445800781 -0.0208110809326172
0.0132484436035156 0.0303554534912109 0.0157756805419922 -0.0286197662353516
-0.00107192993164063 0.0422935485839844 0.0297088623046875 -0.0376701354980469
-0.018798828125 0.0424728393554688 0.039825439453125 -0.0309333801269531
-0.0348548889160156 0.0450439453125 0.0582618713378906 -0.00521469116210937
-0.006927490234375 0.0400962829589844 0.0176372528076172 0.00405693054199219
0.00273704528808594 0.0332374572753906 0.0107097625732422 0.0247039794921875
0.0199260711669922 0.0221138000488281 0.0384674072265625 0.0215682983398438
0.0240669250488281 0.00579071044921875 0.0449943542480469 -0.00336074829101562
0.0249538421630859 -0.013275146484375 0.0355186462402344 -0.0305290222167969
0.0166301727294922 -0.0235595703125 0.0189666748046875 -0.0385246276855469
0.0167121887207031 -0.0231056213378906 0.00741958618164062 -0.0307292938232422
0.0186672210693359 -0.0280570983886719 0.00705909729003906 -0.0232658386230469
0.0277290344238281 -0.0225315093994141 0.00392913818359375 -0.0222721099853516
0.0391082763671875 -0.00394821166992188 -0.000438690185546874 -0.0155792236328125
0.0370063781738281 0.0187034606933594 0.00510787963867188 -0.0198173522949219
0.0126152038574219 0.0471763610839844 0.0104751586914063 -0.0255184173583984
-0.0113258361816406 0.0590896606445313 0.0217761993408203 -0.0274295806884766
-0.0362701416015625 0.0504493713378906 0.0274581909179687 -0.019195556640625
-0.0536575317382812 0.0485954284667969 0.04217529296875 0.012115478515625
-0.0241012573242187 0.0538864135742188 0.00958442687988281 0.0197200775146484
-0.00028610229492188 0.055206298828125 0.00751113891601562 0.0310420989990234
0.0315628051757813 0.0382804870605469 0.0337200164794922 0.0278415679931641
0.0398483276367188 0.0124282836914062 0.0382766723632813 0.00162506103515625
0.0390548706054688 -0.0171241760253906 0.0294876098632813 -0.0217113494873047
0.0268287658691406 -0.0337276458740234 0.0148830413818359 -0.0279560089111328
0.0240478515625 -0.032196044921875 0.00304985046386719 -0.0202312469482422
0.0275993347167969 -0.037353515625 0.00122642517089844 -0.0107688903808594
0.0372962951660156 -0.0291175842285156 -0.00243473052978515 -0.0121030807495117
0.0491905212402344 -0.00456619262695313 -0.0075235366821289 -0.00921058654785156
0.0463829040527344 0.0224838256835938 -0.00236892700195312 -0.0150060653686523
0.0139999389648438 0.0564384460449219 0.00511550903320313 -0.021881103515625
-0.015838623046875 0.0684585571289063 0.0177135467529297 -0.0150527954101562
-0.0452461242675781 0.0543556213378906 0.0119209289550781 -0.00374221801757812
-0.0631637573242188 0.0426788330078125 0.0195636749267578 0.0289363861083984
-0.0378570556640625 0.0573081970214844 -0.00392913818359375 0.0341987609863281
-0.00823211669921875 0.0681381225585938 0.00138473510742187 0.0385627746582031
0.0337753295898437 0.0503273010253906 0.0242252349853516 0.0308952331542969
0.0486259460449219 0.0164260864257813 0.0272502899169922 0.00728034973144531
0.0482902526855469 -0.0192527770996094 0.0199775695800781 -0.00832176208496094
0.0304222106933594 -0.0370826721191406 0.00776481628417969 -0.0121545791625977
0.0278377532958984 -0.0340003967285156 0.000406742095947267 -0.0043020248413086
0.0312843322753906 -0.0426597595214844 -0.00533914566040039 0.00359964370727539
0.0408973693847656 -0.0313606262207031 -0.0115022659301758 -0.000636100769042973
0.0533103942871094 -0.00529861450195313 -0.0182895660400391 -0.00373268127441407
0.048736572265625 0.0252189636230469 -0.00927543640136719 -0.010462760925293
0.0111198425292969 0.0593795776367188 0.00130271911621094 -0.0178909301757812
-0.0220603942871094 0.0678520202636719 0.0126094818115234 -0.00331020355224609
-0.0520515441894531 0.0501480102539062 -0.0050954818725586 0.0100917816162109
-0.0620689392089844 0.0290718078613281 -0.00495529174804688 0.0413894653320313
-0.0457763671875 0.0475730895996094 -0.0179595947265625 0.04486083984375
-0.0172843933105469 0.0637283325195313 -0.0062103271484375 0.0398483276367188
0.0270233154296875 0.0524826049804687 0.0109596252441406 0.0318317413330078
0.0450019836425781 0.0211181640625 0.0138168334960938 0.0136327743530273
0.0478935241699219 -0.0166587829589844 0.00914859771728516 0.00339031219482422
0.0319137573242188 -0.0336570739746094 -0.000150203704833982 0.00440883636474609
0.0283260345458984 -0.0331630706787109 -0.00603675842285156 0.0107717514038086
0.0311737060546875 -0.0396461486816406 -0.0102882385253906 0.0174474716186523
0.0386810302734375 -0.0301589965820312 -0.0202312469482422 0.0110855102539062
0.0510520935058594 -0.00341796875 -0.0256557464599609 0.004638671875
0.0445442199707031 0.0240020751953125 -0.0163631439208984 -0.00947666168212891
0.0066986083984375 0.0559539794921875 -0.00177288055419922 -0.0148420333862305
-0.0259437561035156 0.05859375 0.00666952133178711 0.00739145278930664
-0.0518379211425781 0.0376625061035156 -0.0237159729003906 0.0218105316162109
-0.048431396484375 0.0103836059570313 -0.0281257629394531 0.0482635498046875
-0.0413818359375 0.0292778015136719 -0.0308494567871094 0.0499839782714844
-0.0204849243164063 0.0445747375488281 -0.0132942199707031 0.0368919372558594
0.0145187377929687 0.0426559448242188 -2.67028808593733E-05 0.0279064178466797
0.0335006713867188 0.01849365234375 9.05990600585944E-05 0.0152139663696289
0.0382537841796875 -0.0133552551269531 -0.00231647491455078 0.0147256851196289
0.0261611938476563 -0.0257320404052734 -0.00733566284179687 0.0192794799804687
0.0244598388671875 -0.0256271362304687 -0.0111865997314453 0.0242443084716797
0.0266361236572266 -0.0317707061767578 -0.0162239074707031 0.0300960540771484
0.0319747924804688 -0.0252838134765625 -0.0270862579345703 0.0215282440185547
0.0421295166015625 -0.00284957885742188 -0.0333366394042969 0.0103225708007813
0.0345191955566406 0.0226364135742188 -0.0221710205078125 -0.00799942016601562
0.000865936279296877 0.047607421875 -0.00584030151367188 -0.0131874084472656
-0.0290985107421875 0.0433158874511719 -5.05447387695325E-05 0.015869140625
-0.0470657348632813 0.0203819274902344 -0.0413169860839844 0.0278167724609375
-0.0285167694091797 -0.0107383728027344 -0.0392837524414063 0.0477485656738281
-0.0289039611816406 0.00625228881835938 -0.0368156433105469 0.0495376586914062
-0.0179214477539063 0.021148681640625 -0.0160903930664063 0.0345211029052734
0.00224685668945313 0.0252494812011719 -0.00663185119628906 0.0247802734375
0.0180473327636719 0.0130786895751953 -0.00736045837402344 0.0167789459228516
0.0225658416748047 -0.00460243225097656 -0.0110092163085938 0.0200653076171875
0.0166788101196289 -0.0149126052856445 -0.0124664306640625 0.0278873443603516
0.0151567459106445 -0.0146198272705078 -0.0125637054443359 0.0338573455810547
0.0168266296386719 -0.0196933746337891 -0.0201339721679688 0.0391769409179687
0.021209716796875 -0.0166816711425781 -0.0343093872070313 0.0287094116210937
0.0289077758789062 -0.000329971313476563 -0.0399169921875 0.0138778686523437
0.02423095703125 0.0162715911865234 -0.0286540985107422 -0.006683349609375
-0.00323867797851563 0.0338726043701172 -0.00935649871826172 -0.0112943649291992
-0.0260391235351562 0.0240402221679687 -0.00742721557617188 0.0177345275878906
-0.0350990295410156 0.00205612182617187 -0.0582389831542969 0.0314559936523437
0.0116710662841797 0.0151100158691406 0.059967041015625 -0.0314826965332031
0.0175857543945313 -0.00452613830566406 0.0164546966552734 -0.0162191390991211
0.00146770477294922 -0.0127658843994141 0.00894832611083984 0.0131587982177734
-0.00889205932617188 -0.00731182098388672 0.0337886810302734 0.0125732421875
-0.0104541778564453 0.00144290924072265 0.0419349670410156 -0.0117301940917969
-0.00711536407470703 0.0067906379699707 0.0343704223632813 -0.0362892150878906
-0.00437307357788086 0.00361752510070801 0.0197792053222656 -0.0466690063476563
-0.00541210174560547 0.00246810913085937 0.0111808776855469 -0.039306640625
-0.00647974014282226 0.000908374786376954 0.0108528137207031 -0.0327606201171875
-0.00460004806518555 -0.00458669662475586 0.0121135711669922 -0.0252799987792969
0.00130414962768555 -0.00862979888916016 0.0104579925537109 -0.0210380554199219
0.0101003646850586 -0.00633621215820313 0.0124492645263672 -0.0239315032958984
0.0160923004150391 0.00528335571289063 0.0191745758056641 -0.0312976837158203
0.01470947265625 0.0201492309570313 0.0342864990234375 -0.0439643859863281
0.00345993041992188 0.0272159576416016 0.0441474914550781 -0.0420074462890625
-0.0108261108398438 0.0331459045410156 0.0621719360351562 -0.0205917358398437
0.00826644897460938 0.0180549621582031 0.0194606781005859 -0.00855255126953125
0.00455379486083984 0.00929164886474609 0.0112524032592773 0.017054557800293
0.00612783432006836 0.00550174713134766 0.0383186340332031 0.0152435302734375
0.00781536102294922 0.00279474258422852 0.0439491271972656 -0.00960540771484375
0.00800180435180664 -0.00388002395629883 0.0358009338378906 -0.0355911254882813
0.00637531280517578 -0.0108747482299805 0.0189666748046875 -0.045684814453125
0.00470352172851562 -0.0112771987915039 0.0100784301757813 -0.0373878479003906
0.00569438934326172 -0.014286994934082 0.00960731506347656 -0.0307159423828125
0.0123329162597656 -0.0140953063964844 0.009918212890625 -0.0257396697998047
0.0205135345458984 -0.00555229187011719 0.00590896606445313 -0.0201244354248047
0.0248394012451172 0.00780677795410156 0.009918212890625 -0.0220184326171875
0.0137271881103516 0.0287227630615234 0.0153160095214844 -0.0283317565917969
0.000274658203125 0.0421142578125 0.0282020568847656 -0.03729248046875
-0.0168647766113281 0.0425682067871094 0.0390853881835938 -0.0329818725585938
-0.0318107604980469 0.0448875427246094 0.0568771362304687 -0.00661849975585937
-0.00601577758789063 0.0392112731933594 0.0170202255249023 0.00337505340576172
0.00481796264648437 0.0335216522216797 0.0108280181884766 0.0246620178222656
0.0210361480712891 0.0206699371337891 0.03814697265625 0.0203514099121094
0.0253372192382813 0.00517463684082031 0.0429763793945313 -0.00539779663085938
0.0244293212890625 -0.0127887725830078 0.0342025756835938 -0.0310707092285156
0.0162487030029297 -0.0241146087646484 0.017486572265625 -0.0393638610839844
0.0153064727783203 -0.0240116119384766 0.00710296630859375 -0.0310173034667969
0.0166034698486328 -0.028350830078125 0.00491905212402344 -0.0236148834228516
0.0269012451171875 -0.0230369567871094 0.00368499755859375 -0.0209712982177734
0.0376548767089844 -0.00570297241210938 -0.000768661499023435 -0.0159063339233398
0.0372467041015625 0.0173683166503906 0.003997802734375 -0.0195407867431641
0.0139617919921875 0.0455131530761719 0.01007080078125 -0.0255374908447266
-0.00818252563476563 0.0583953857421875 0.0216903686523438 -0.0277767181396484
-0.0335693359375 0.0519218444824219 0.0274009704589844 -0.0208511352539062
-0.05059814453125 0.0498046875 0.0418281555175781 0.0103874206542969
-0.0210189819335938 0.0541648864746094 0.00935935974121094 0.0183773040771484
0.00220489501953125 0.0543098449707031 0.00786781311035156 0.0321807861328125
0.0323257446289063 0.0366477966308594 0.0332527160644531 0.0259819030761719
0.0400009155273438 0.00962448120117188 0.0375785827636719 0.00167083740234375
0.0375556945800781 -0.0192718505859375 0.0294475555419922 -0.021087646484375
0.0247650146484375 -0.0336894989013672 0.0138587951660156 -0.0274791717529297
0.0227165222167969 -0.0322589874267578 0.00311660766601562 -0.0195331573486328
0.0247077941894531 -0.0383872985839844 0.000715255737304689 -0.01141357421875
0.0351104736328125 -0.0305881500244141 -0.00456428527832031 -0.0118789672851563
0.0483779907226563 -0.00660324096679688 -0.00914287567138671 -0.00965690612792969
0.04705810546875 0.0205078125 -0.00259113311767578 -0.0164899826049805
0.0160331726074219 0.0548171997070313 0.0036773681640625 -0.02191162109375
-0.01336669921875 0.0672798156738281 0.0162515640258789 -0.016474723815918
-0.0438690185546875 0.05535888671875 0.0120735168457031 -0.00599193572998046
-0.0616569519042969 0.043975830078125 0.0195255279541016 0.0280246734619141
-0.0352554321289063 0.0581588745117188 -0.00233650207519531 0.0333499908447266
-0.0051422119140625 0.0663909912109375 0.00152206420898437 0.0373687744140625
0.03466796875 0.0485992431640625 0.0244998931884766 0.0298671722412109
0.0482940673828125 0.0143241882324219 0.0268154144287109 0.0082244873046875
0.0464324951171875 -0.0214195251464844 0.0202445983886719 -0.0090179443359375
0.029327392578125 -0.0375022888183594 0.00736808776855469 -0.0125455856323242
0.0266685485839844 -0.0364532470703125 -0.000984191894531248 -0.0053558349609375
0.0288658142089844 -0.0421791076660156 -0.00476312637329101 0.00307369232177734
0.0387763977050781 -0.0332527160644531 -0.011932373046875 0.000278472900390624
0.052642822265625 -0.0074615478515625 -0.0174856185913086 -0.00112056732177734
0.0491790771484375 0.0218582153320312 -0.0094461441040039 -0.0119991302490234
0.0145416259765625 0.0584068298339844 0.000537872314453127 -0.0180187225341797
-0.0184783935546875 0.0664520263671875 0.0113534927368164 -0.00362777709960937
-0.0490341186523438 0.0511550903320313 -0.00514411926269531 0.00942420959472657
-0.0599555969238281 0.0317230224609375 -0.00346374511718751 0.0416755676269531
-0.042572021484375 0.0490379333496094 -0.0168075561523438 0.0442085266113281
-0.0134201049804688 0.0628814697265625 -0.00617599487304688 0.0396385192871094
0.02911376953125 0.0501289367675781 0.0121116638183594 0.0304908752441406
0.0461883544921875 0.0178680419921875 0.0134267807006836 0.0136508941650391
0.0463027954101563 -0.0189208984375 0.00920200347900391 0.00299263000488281
0.0297660827636719 -0.0352363586425781 0.000627279281616212 0.00362753868103027
0.0257663726806641 -0.0340480804443359 -0.00541400909423828 0.00996303558349609
0.0282745361328125 -0.0402984619140625 -0.0101900100708008 0.0174922943115234
0.0367546081542969 -0.0313720703125 -0.0199127197265625 0.0117073059082031
0.0494041442871094 -0.00560379028320313 -0.0251178741455078 0.005584716796875
0.0444183349609375 0.0217781066894531 -0.0153827667236328 -0.00878143310546875
0.0089874267578125 0.0545234680175781 -0.00222682952880859 -0.0148744583129883
-0.0232429504394531 0.0587806701660156 0.00658226013183594 0.00704145431518555
-0.0502738952636719 0.0385551452636719 -0.0228710174560547 0.0212821960449219
-0.0478897094726563 0.0124282836914062 -0.0250663757324219 0.048309326171875
-0.0384368896484375 0.0306663513183594 -0.0285224914550781 0.0499382019042969
-0.0188369750976563 0.045318603515625 -0.0114631652832031 0.0378913879394531
0.017303466796875 0.0414009094238281 0.000432968139648436 0.0282611846923828
0.0341091156005859 0.0172920227050781 0.00142860412597657 0.0165376663208008
0.0377235412597656 -0.0135383605957031 -0.00129890441894531 0.01324462890625
0.0249729156494141 -0.0274829864501953 -0.00678634643554687 0.0183944702148438
0.0213222503662109 -0.0264053344726563 -0.00969696044921875 0.0238590240478516
0.0241165161132813 -0.0318374633789063 -0.0145587921142578 0.0298728942871094
0.0303001403808594 -0.0256538391113281 -0.0270843505859375 0.0222434997558594
0.0418968200683594 -0.00324630737304688 -0.0318260192871094 0.01190185546875
0.0355224609375 0.02008056640625 -0.0221023559570312 -0.00644302368164062
0.00189590454101563 0.0461158752441406 -0.00509834289550781 -0.0123291015625
-0.02569580078125 0.0442886352539063 0.000372886657714843 0.0146369934082031
-0.0453109741210938 0.0210685729980469 -0.0400390625 0.0301284790039063
-0.0275859832763672 -0.00818061828613281 -0.03802490234375 0.0493736267089844
-0.0281505584716797 0.00679397583007812 -0.0347251892089844 0.0489578247070313
-0.0179843902587891 0.0210380554199219 -0.01483154296875 0.03448486328125
0.00455856323242187 0.0249404907226562 -0.00656890869140625 0.0251522064208984
0.0174484252929688 0.0119447708129883 -0.00728130340576172 0.0169095993041992
0.0220317840576172 -0.00629043579101563 -0.00882148742675781 0.0202198028564453
0.0145463943481445 -0.0153093338012695 -0.0106086730957031 0.0288047790527344
0.0135440826416016 -0.0158472061157227 -0.01141357421875 0.0330238342285156
0.0161819458007813 -0.0199546813964844 -0.0179061889648437 0.0382804870605469
0.0202579498291016 -0.0164604187011719 -0.0326652526855469 0.0293426513671875
0.0284500122070312 -0.00154876708984375 -0.0376052856445312 0.0151405334472656
0.0240459442138672 0.0147151947021484 -0.0275325775146484 -0.00614356994628906
-0.00229263305664062 0.032989501953125 -0.00964069366455078 -0.0124320983886719
-0.0239906311035156 0.0252285003662109 -0.00656604766845703 0.0171871185302734
-0.0340690612792969 0.00248908996582032 -0.0545692443847656 0.0311279296875
0.0107583999633789 0.0151567459106445 0.0590705871582031 -0.0330848693847656
0.0170841217041016 -0.00450897216796875 0.0162973403930664 -0.0169782638549805
0.00129985809326172 -0.0125198364257813 0.00841999053955078 0.0136575698852539
-0.00901317596435547 -0.00660610198974609 0.0343837738037109 0.0126476287841797
-0.00985431671142578 0.00165176391601563 0.0419235229492188 -0.0118637084960938
-0.00686168670654297 0.00702524185180664 0.0335807800292969 -0.0366668701171875
-0.00450277328491211 0.00354146957397461 0.0190658569335937 -0.0467720031738281
-0.00567197799682617 0.00225925445556641 0.0103988647460937 -0.0393638610839844
-0.00666141510009766 0.00105905532836914 0.00990676879882813 -0.0324878692626953
-0.00471925735473633 -0.00451087951660156 0.0113677978515625 -0.0255832672119141
0.000978946685791016 -0.0082244873046875 0.00964164733886719 -0.0216712951660156
0.00994396209716797 -0.00571250915527344 0.0119571685791016 -0.0243587493896484
0.0155353546142578 0.00491619110107422 0.0197029113769531 -0.0309505462646484
0.0142269134521484 0.0195884704589844 0.0338821411132813 -0.0445976257324219
0.00411796569824219 0.0268039703369141 0.0439224243164062 -0.042816162109375
-0.0106449127197266 0.0325984954833984 0.0616874694824219 -0.0222015380859375
0.00830650329589844 0.0180912017822266 0.0192337036132813 -0.00926589965820312
0.00498485565185547 0.00965309143066406 0.0107879638671875 0.0178050994873047
0.00657320022583008 0.00558614730834961 0.0374641418457031 0.0152702331542969
0.00731134414672852 0.00235223770141602 0.0443191528320313 -0.0100326538085938
0.00827693939208984 -0.00432395935058594 0.0352363586425781 -0.0362892150878906
0.00598335266113281 -0.0114364624023438 0.01873779296875 -0.0461921691894531
0.00485038757324219 -0.0116291046142578 0.0086517333984375 -0.0378952026367187
0.00560855865478515 -0.0147933959960938 0.00837326049804688 -0.0310192108154297
0.0124969482421875 -0.0143404006958008 0.00853729248046875 -0.025787353515625
0.0209579467773438 -0.00574874877929688 0.00594139099121094 -0.0202617645263672
0.0248146057128906 0.00787162780761719 0.00996017456054688 -0.0229892730712891
0.0140571594238281 0.0279369354248047 0.0154018402099609 -0.0283603668212891
0.000728607177734376 0.0415000915527344 0.0281944274902344 -0.0373764038085938
-0.0171165466308594 0.042816162109375 0.0386619567871094 -0.0343513488769531
-0.0320167541503906 0.0450172424316406 0.0558624267578125 -0.00762939453125
-0.00531768798828125 0.0385780334472656 0.0163440704345703 0.00232601165771485
0.00563621520996094 0.0333881378173828 0.0106525421142578 0.0243625640869141
0.0219478607177734 0.0205268859863281 0.03759765625 0.0198402404785156
0.0256366729736328 0.00512123107910156 0.0427093505859375 -0.0054473876953125
0.0239067077636719 -0.0135231018066406 0.0341949462890625 -0.0312366485595703
0.0161056518554688 -0.0251693725585938 0.0164299011230469 -0.0394477844238281
0.0144443511962891 -0.0239658355712891 0.00581169128417968 -0.0309963226318359
0.0164146423339844 -0.0284919738769531 0.0046234130859375 -0.0234909057617188
0.0257625579833984 -0.0239028930664062 0.00258445739746094 -0.0211982727050781
0.0373878479003906 -0.0064697265625 -0.00135135650634765 -0.0162220001220703
0.0382118225097656 0.0159797668457031 0.0045623779296875 -0.0206775665283203
0.0150833129882813 0.0452156066894531 0.00989913940429688 -0.025909423828125
-0.00775909423828125 0.0583686828613281 0.0217609405517578 -0.0279941558837891
-0.0325241088867188 0.0524024963378906 0.0269546508789063 -0.0216312408447266
-0.0495414733886719 0.0498275756835938 0.0414810180664063 0.009918212890625
-0.0198135375976563 0.0540504455566406 0.00961875915527344 0.0179271697998047
0.0030364990234375 0.0545501708984375 0.00696754455566406 0.0316600799560547
0.0331192016601563 0.0357704162597656 0.0333042144775391 0.0252418518066406
0.0403785705566406 0.00864791870117188 0.0370216369628906 0.00137710571289063
0.0369453430175781 -0.0204391479492188 0.0295124053955078 -0.0215682983398438
0.0239505767822266 -0.0344295501708984 0.012969970703125 -0.0281429290771484
0.0215187072753906 -0.0325736999511719 0.00205039978027344 -0.0194416046142578
0.0234718322753906 -0.0385322570800781 -4.00543212890604E-05 -0.0114355087280273
0.0338592529296875 -0.0311775207519531 -0.00466060638427734 -0.0119047164916992
0.0481834411621094 -0.00777435302734375 -0.00944995880126953 -0.00940227508544922
0.0466499328613281 0.0191268920898438 -0.00253677368164062 -0.0168218612670898
0.0166664123535156 0.05462646484375 0.00451850891113281 -0.0218429565429687
-0.0125389099121094 0.0669059753417969 0.0163822174072266 -0.0164813995361328
-0.0429801940917969 0.0558662414550781 0.0119752883911133 -0.00699520111083984
-0.0597877502441406 0.0451202392578125 0.0200023651123047 0.0269756317138672
-0.0337333679199219 0.0583877563476563 -0.00273513793945313 0.0327568054199219
-0.00399398803710937 0.0660514831542969 0.00134658813476563 0.0373420715332031
0.036407470703125 0.0473480224609375 0.0239849090576172 0.0297203063964844
0.0486717224121094 0.013397216796875 0.0266056060791016 0.00866508483886719
0.0456504821777344 -0.0231285095214844 0.0206623077392578 -0.00934982299804688
0.028594970703125 -0.0387496948242188 0.00702476501464844 -0.0127134323120117
0.0252113342285156 -0.0364151000976562 -0.00211620330810547 -0.00513172149658203
0.0272407531738281 -0.0432014465332031 -0.00487041473388672 0.00316381454467773
0.0370445251464844 -0.0345268249511719 -0.0130071640014648 -6.77108764648486E-05
0.0521583557128906 -0.00885772705078125 -0.017547607421875 -0.00153541564941407
0.0494766235351563 0.0207290649414063 -0.009429931640625 -0.0130300521850586
0.015533447265625 0.0576019287109375 0.00127029418945313 -0.0184135437011719
-0.0168418884277344 0.0673980712890625 0.0123386383056641 -0.00415229797363281
-0.048553466796875 0.0509986877441406 -0.00523614883422852 0.00848054885864258
-0.0593757629394531 0.0320243835449219 -0.00281524658203126 0.0412864685058594
-0.0413322448730469 0.0492935180664063 -0.0160675048828125 0.0436515808105469
-0.0126838684082031 0.06298828125 -0.00618362426757813 0.0396308898925781
0.03021240234375 0.0497550964355469 0.0117969512939453 0.0309123992919922
0.04620361328125 0.0170669555664063 0.0136470794677734 0.0140237808227539
0.0458755493164063 -0.0203857421875 0.00949478149414063 0.00294685363769531
0.0285110473632813 -0.0361747741699219 0.000424146652221682 0.00327491760253906
0.0253410339355469 -0.0348491668701172 -0.00598526000976563 0.0101442337036133
0.0272064208984375 -0.0415382385253906 -0.0098724365234375 0.0174341201782227
0.0355148315429688 -0.032318115234375 -0.0200576782226562 0.0117988586425781
0.0496940612792969 -0.00763702392578125 -0.0253219604492187 0.00639724731445313
0.045013427734375 0.0204124450683594 -0.0158805847167969 -0.00939178466796875
0.0105361938476563 0.0543365478515625 -0.00225353240966797 -0.0149383544921875
-0.0214920043945313 0.0589485168457031 0.0064845085144043 0.00622367858886719
-0.0493240356445313 0.0397109985351562 -0.0227012634277344 0.0213222503662109
-0.0470504760742188 0.0136528015136719 -0.0240859985351563 0.0486679077148438
-0.0380935668945313 0.0307960510253906 -0.0277748107910156 0.0492324829101563
-0.0172157287597656 0.0461311340332031 -0.0118637084960938 0.0380439758300781
0.0183029174804687 0.0412635803222656 0.000572204589843753 0.02850341796875
0.0348911285400391 0.0161418914794922 0.0013580322265625 0.0167808532714844
0.0366134643554688 -0.0145988464355469 -0.00114631652832031 0.0134506225585938
0.0233497619628906 -0.0279979705810547 -0.00637435913085937 0.0183792114257813
0.0208549499511719 -0.0270767211914063 -0.00918769836425781 0.0235176086425781
0.0228462219238281 -0.0326881408691406 -0.0138797760009766 0.0302619934082031
0.0297107696533203 -0.0263481140136719 -0.0266265869140625 0.0225772857666016
0.0411300659179687 -0.00498580932617187 -0.0314731597900391 0.0119304656982422
0.0356826782226563 0.0188064575195313 -0.0218906402587891 -0.00722694396972656
0.00391769409179688 0.0456771850585938 -0.00542926788330078 -0.0130863189697266
-0.0239486694335938 0.0436363220214844 0.000863075256347654 0.0138883590698242
-0.0448265075683594 0.0223274230957031 -0.0395278930664063 0.0297126770019531
-0.0271568298339844 -0.00748252868652344 -0.0367927551269531 0.0501976013183594
-0.0273857116699219 0.00751686096191406 -0.0343589782714844 0.0489692687988281
-0.0170879364013672 0.0211734771728516 -0.0146102905273438 0.0343379974365234
0.005218505859375 0.0248298645019531 -0.00748825073242187 0.0257320404052734
0.0179347991943359 0.0113887786865234 -0.00693321228027344 0.0176868438720703
0.0219764709472656 -0.00733375549316406 -0.00834274291992187 0.0205764770507813
0.0148811340332031 -0.0151090621948242 -0.00998497009277344 0.028411865234375
0.013035774230957 -0.016143798828125 -0.0109653472900391 0.0332813262939453
0.0155258178710938 -0.0198783874511719 -0.0177841186523438 0.0389938354492188
0.0200290679931641 -0.0167293548583984 -0.0316143035888672 0.0298557281494141
0.0278263092041016 -0.00272369384765625 -0.0368232727050781 0.0154228210449219
0.0239486694335938 0.0139598846435547 -0.0271549224853516 -0.00624465942382812
-0.00150489807128906 0.0321769714355469 -0.00895404815673828 -0.0125885009765625
-0.0229377746582031 0.0253791809082031 -0.00673103332519531 0.0169544219970703
-0.0342521667480469 0.00262832641601562 -0.0540695190429688 0.0322036743164063
0.010528564453125 0.0152034759521484 0.0595016479492187 -0.0338973999023437
0.0172328948974609 -0.00494003295898438 0.0156364440917969 -0.0173511505126953
0.000949859619140626 -0.0117816925048828 0.00813674926757813 0.0141572952270508
-0.00905895233154297 -0.00628376007080078 0.0352935791015625 0.0126609802246094
-0.00986003875732422 0.00227069854736328 0.0427818298339844 -0.0124130249023438
-0.00648975372314453 0.00725030899047851 0.0333900451660156 -0.0377006530761719
-0.00386118888854981 0.00393867492675781 0.0179061889648438 -0.0472679138183594
-0.00579738616943359 0.00274419784545898 0.0102462768554688 -0.0395240783691406
-0.00657176971435547 0.00109291076660156 0.00971603393554687 -0.0333614349365234
-0.00487661361694336 -0.00407838821411133 0.0109844207763672 -0.0260181427001953
0.0010075569152832 -0.00825023651123047 0.00916862487792969 -0.022705078125
0.00977230072021484 -0.00567245483398438 0.0121612548828125 -0.0254020690917969
0.015965461730957 0.00514888763427734 0.0209426879882812 -0.0316734313964844
0.0143260955810547 0.0196399688720703 0.0344161987304688 -0.0456809997558594
0.00492668151855469 0.0275402069091797 0.0445327758789063 -0.044891357421875
-0.0109443664550781 0.0336494445800781 0.0619354248046875 -0.0236358642578125
0.00869274139404297 0.0174856185913086 0.0190105438232422 -0.0100154876708984
0.00545310974121094 0.00986385345458984 0.0104923248291016 0.0187053680419922
0.00696277618408203 0.00573539733886719 0.0386238098144531 0.0158348083496094
0.00783014297485352 0.00218296051025391 0.0448722839355469 -0.010406494140625
0.00815773010253906 -0.00456380844116211 0.035247802734375 -0.036468505859375
0.00593090057373047 -0.0118007659912109 0.018341064453125 -0.0465545654296875
0.00473117828369141 -0.0118217468261719 0.00812149047851563 -0.0379371643066406
0.00535011291503906 -0.0149497985839844 0.00766944885253906 -0.0313224792480469
0.0123157501220703 -0.0144481658935547 0.00824165344238281 -0.0263004302978516
0.0214996337890625 -0.00594711303710938 0.00565719604492188 -0.0211849212646484
0.0250205993652344 0.00768852233886719 0.00989723205566407 -0.0237827301025391
0.0140590667724609 0.0285758972167969 0.0161342620849609 -0.0294742584228516
0.00120162963867188 0.042633056640625 0.0290298461914063 -0.0387420654296875
-0.0164604187011719 0.0433578491210938 0.0393562316894531 -0.0361289978027344
-0.0321197509765625 0.0460624694824219 0.0565261840820313 -0.00890731811523437
-0.00470733642578124 0.0391159057617187 0.0165262222290039 0.0020895004272461
0.00670051574707031 0.0344085693359375 0.0103092193603516 0.0252342224121094
0.0224647521972656 0.0205192565917969 0.0384368896484375 0.0204391479492188
0.0263824462890625 0.00426864624023438 0.04339599609375 -0.0053558349609375
0.0239696502685547 -0.0148029327392578 0.0339927673339844 -0.0316619873046875
0.0158023834228516 -0.0259418487548828 0.0160179138183594 -0.0398826599121094
0.0142955780029297 -0.0247287750244141 0.00493621826171875 -0.0313739776611328
0.015838623046875 -0.0291595458984375 0.00392913818359375 -0.0238037109375
0.0255889892578125 -0.0242652893066406 0.00188255310058594 -0.0212593078613281
0.0378303527832031 -0.00728607177734375 -0.00175285339355469 -0.0167455673217773
0.039031982421875 0.0157394409179688 0.0043792724609375 -0.0218181610107422
0.0156784057617188 0.0456466674804688 0.00997352600097656 -0.0262184143066406
-0.00649261474609375 0.0594406127929688 0.0224475860595703 -0.0290184020996094
-0.0329017639160156 0.053741455078125 0.0270462036132812 -0.0233802795410156
-0.0497970581054688 0.051300048828125 0.041778564453125 0.00923538208007813
-0.0198097229003906 0.0549163818359375 0.00960254669189453 0.0175037384033203
0.00428390502929687 0.0553627014160156 0.00681304931640625 0.0327491760253906
0.0343589782714844 0.0354232788085938 0.0335712432861328 0.0256710052490234
0.0413246154785156 0.00788497924804688 0.0374107360839844 0.001861572265625
0.0373077392578125 -0.02166748046875 0.0295810699462891 -0.0216064453125
0.0236396789550781 -0.0355987548828125 0.0123291015625 -0.0283946990966797
0.0212135314941406 -0.0341320037841797 0.00119590759277344 -0.0197639465332031
0.0227279663085938 -0.0399169921875 -0.000849723815917967 -0.0118751525878906
0.0336437225341797 -0.0323295593261719 -0.00632381439208984 -0.012115478515625
0.048736572265625 -0.009246826171875 -0.009765625 -0.00988006591796875
0.0479087829589844 0.0187263488769531 -0.00298309326171875 -0.0180873870849609
0.0177955627441406 0.0555305480957031 0.00497055053710938 -0.0226726531982422
-0.0114250183105469 0.0683670043945313 0.0168094635009766 -0.0172624588012695
-0.0431098937988281 0.0572128295898438 0.0119447708129883 -0.0081949234008789
-0.0600776672363281 0.0467491149902344 0.0205345153808594 0.0270671844482422
-0.0338363647460938 0.059356689453125 -0.00275611877441406 0.0324516296386719
-0.00282669067382813 0.0673751831054687 0.000778198242187498 0.0382957458496094
0.037506103515625 0.0472679138183594 0.0242996215820313 0.0302047729492188
0.0490264892578125 0.0130538940429687 0.0268497467041016 0.00906753540039063
0.0452651977539063 -0.0241279602050781 0.0208721160888672 -0.00961494445800781
0.0282249450683594 -0.0399398803710938 0.00664997100830078 -0.012669563293457
0.0252494812011719 -0.0379981994628906 -0.00274276733398437 -0.00494623184204102
0.0267105102539063 -0.0451164245605469 -0.00546598434448242 0.00303268432617187
0.0371665954589844 -0.0363731384277344 -0.0135965347290039 2.00271606445312E-05
0.052886962890625 -0.0106582641601563 -0.0183963775634766 -0.00131034851074219
0.0506973266601563 0.0197563171386719 -0.0101642608642578 -0.0138587951660156
0.0165634155273438 0.0583648681640625 0.000734329223632813 -0.0194454193115234
-0.0158500671386719 0.0684547424316406 0.012263298034668 -0.00480270385742187
-0.0490455627441406 0.0526695251464844 -0.00520896911621094 0.00756025314331055
-0.0595512390136719 0.033966064453125 -0.00250244140625 0.0418167114257813
-0.0410804748535156 0.0500869750976562 -0.0160865783691406 0.0440483093261719
-0.0118255615234375 0.0645599365234375 -0.00688934326171875 0.0402412414550781
0.0321121215820313 0.0501136779785156 0.0116310119628906 0.0315933227539063
0.0471115112304688 0.0163230895996094 0.0134944915771484 0.0146989822387695
0.0453758239746094 -0.0220069885253906 0.00982952117919922 0.0032052993774414
0.0286140441894531 -0.0372810363769531 0.000640153884887697 0.00356006622314453
0.0244560241699219 -0.0357437133789063 -0.00655937194824218 0.0106601715087891
0.0264892578125 -0.0425682067871094 -0.00977897644042968 0.0178165435791016
0.0352401733398437 -0.0338706970214844 -0.0206985473632812 0.0125408172607422
0.0502204895019531 -0.00925064086914063 -0.0253067016601563 0.00660705566406249
0.0462837219238281 0.019775390625 -0.0160331726074219 -0.00967597961425781
0.0117340087890625 0.0550689697265625 -0.00240039825439453 -0.0150575637817383
-0.0204963684082031 0.0599632263183594 0.00673818588256836 0.00624799728393555
-0.0498085021972656 0.0408134460449219 -0.0226764678955078 0.0212974548339844
-0.0473442077636719 0.0148773193359375 -0.0237960815429688 0.0501976013183594
-0.0382118225097656 0.03155517578125 -0.028076171875 0.0500526428222656
-0.0169143676757812 0.0474777221679688 -0.0125770568847656 0.0383834838867187
0.0195159912109375 0.0414962768554688 -0.000177383422851563 0.0297069549560547
0.0361557006835938 0.0156669616699219 0.00128841400146485 0.01739501953125
0.0368690490722656 -0.0157127380371094 -0.00073432922363281 0.0136632919311523
0.0233001708984375 -0.0287590026855469 -0.00572013854980469 0.0185718536376953
0.0206756591796875 -0.0282478332519531 -0.00924873352050781 0.0242099761962891
0.0222053527832031 -0.0345001220703125 -0.0138206481933594 0.0308513641357422
0.0294017791748047 -0.0272083282470703 -0.0273323059082031 0.023193359375
0.0414276123046875 -0.00643539428710938 -0.0319404602050781 0.0129013061523437
0.0368881225585937 0.0186233520507813 -0.0223674774169922 -0.00719261169433593
0.00468826293945312 0.0458869934082031 -0.00554370880126953 -0.0136423110961914
-0.0234870910644531 0.0451164245605469 0.000523567199707029 0.0138893127441406
-0.0453262329101562 0.0232276916503906 -0.0400199890136719 0.0303802490234375
-0.0268821716308594 -0.00716400146484375 -0.0369453430175781 0.0517425537109375
-0.0275535583496094 0.00774002075195313 -0.03448486328125 0.0501213073730469
-0.0172863006591797 0.0218105316162109 -0.0149765014648438 0.0350360870361328
0.00592803955078125 0.0248451232910156 -0.00748252868652344 0.0270919799804687
0.0184097290039063 0.0114002227783203 -0.00694084167480468 0.0187759399414062
0.0217075347900391 -0.00778579711914062 -0.00802993774414063 0.0210323333740234
0.0143547058105469 -0.0161304473876953 -0.00949668884277344 0.0287380218505859
0.0130233764648437 -0.0167303085327148 -0.0109443664550781 0.0341701507568359
0.015167236328125 -0.0213565826416016 -0.0173568725585938 0.0398941040039063
0.0196208953857422 -0.0174026489257813 -0.0320816040039063 0.0310688018798828
0.0284385681152344 -0.0034637451171875 -0.0371131896972656 0.0164756774902344
0.0245952606201172 0.0142707824707031 -0.0280075073242188 -0.00592803955078125
-0.000846862792968753 0.0324783325195313 -0.00962448120117187 -0.0132255554199219
-0.0225772857666016 0.0257911682128906 -0.00680255889892578 0.0167751312255859
-0.0346736907958984 0.00289726257324219 -0.0546989440917969 0.0331878662109375
0.0111370086669922 0.0153226852416992 0.0601615905761719 -0.0366287231445312
0.0173282623291016 -0.00519084930419922 0.0156135559082031 -0.0181808471679688
0.00104618072509766 -0.012542724609375 0.00889396667480469 0.0148124694824219
-0.00966644287109375 -0.00570297241210937 0.0361289978027344 0.012481689453125
-0.00987052917480469 0.00242710113525391 0.0438346862792969 -0.01361083984375
-0.00679254531860352 0.00736808776855469 0.0332298278808594 -0.0396080017089844
-0.0039215087890625 0.00388407707214355 0.0172843933105469 -0.0489730834960938
-0.00530624389648437 0.00360202789306641 0.00893020629882813 -0.0412445068359375
-0.00686216354370117 0.00161075592041016 0.00884056091308594 -0.0345802307128906
-0.0049591064453125 -0.00403499603271484 0.0105857849121094 -0.0275211334228516
0.000965118408203126 -0.00807476043701172 0.00875473022460937 -0.0238056182861328
0.009796142578125 -0.00580120086669922 0.0121688842773438 -0.0267772674560547
0.0162067413330078 0.00481510162353516 0.021270751953125 -0.0330333709716797
0.0148506164550781 0.0200481414794922 0.0344085693359375 -0.0481033325195312
0.00525474548339844 0.028076171875 0.0452232360839844 -0.0483055114746094
-0.0108375549316406 0.0348892211914063 0.0633201599121094 -0.025634765625
0.00903129577636719 0.0182895660400391 0.0189189910888672 -0.0106792449951172
0.00624656677246094 0.0106954574584961 0.0107021331787109 0.0193061828613281
0.00727319717407226 0.00571966171264648 0.0395660400390625 0.0152359008789062
0.00845146179199219 0.00202274322509766 0.046112060546875 -0.0109329223632813
0.00869655609130859 -0.00528907775878906 0.0353431701660156 -0.0386695861816406
0.00566959381103516 -0.0127906799316406 0.01715087890625 -0.0479965209960938
0.00474166870117188 -0.0121612548828125 0.00693511962890625 -0.0390815734863281
0.00496292114257813 -0.0155401229858398 0.00657463073730469 -0.0327587127685547
0.0119295120239258 -0.0154075622558594 0.00715827941894532 -0.0273189544677734
0.0216102600097656 -0.006866455078125 0.0050506591796875 -0.0226726531982422
0.0257682800292969 0.0077362060546875 0.00988197326660157 -0.0256175994873047
0.0150012969970703 0.0290622711181641 0.0163040161132813 -0.0301036834716797
0.0025177001953125 0.0437850952148438 0.0295028686523438 -0.0409469604492188
-0.0161972045898437 0.0450019836425781 0.039947509765625 -0.0394821166992188
-0.0324134826660156 0.0481910705566406 0.0578193664550781 -0.0105323791503906
-0.00414657592773437 0.0400772094726563 0.0170965194702148 0.00130653381347657
0.00797653198242187 0.03533935546875 0.0103015899658203 0.0261440277099609
0.0243854522705078 0.0201511383056641 0.0396690368652344 0.0204505920410156
0.0277938842773438 0.00353240966796875 0.0447540283203125 -0.00593948364257813
0.0239944458007813 -0.0161247253417969 0.0347537994384766 -0.0329456329345703
0.0151939392089844 -0.0277919769287109 0.014739990234375 -0.0416221618652344
0.01397705078125 -0.0258502960205078 0.00378036499023437 -0.0321273803710938
0.0152854919433594 -0.0308914184570312 0.00257110595703125 -0.0247383117675781
0.0250988006591797 -0.0261116027832031 0.000486373901367188 -0.0219745635986328
0.0387077331542969 -0.00851058959960938 -0.00256729125976562 -0.0178413391113281
0.0402145385742188 0.0151290893554688 0.00369453430175782 -0.0232563018798828
0.0172042846679687 0.0470314025878906 0.0105037689208984 -0.0277996063232422
-0.00530624389648437 0.0614662170410156 0.0226955413818359 -0.0309276580810547
-0.0328750610351563 0.0566177368164063 0.0277652740478516 -0.0255908966064453
-0.0502815246582031 0.054168701171875 0.0435333251953125 0.00820159912109375
-0.0190544128417969 0.0566139221191406 0.00954246520996094 0.0172224044799805
0.00577926635742187 0.0573616027832031 0.00665664672851562 0.0336742401123047
0.0364952087402344 0.0352935791015625 0.03460693359375 0.0262184143066406
0.04278564453125 0.00659942626953125 0.0382461547851563 0.00175094604492188
0.0372695922851562 -0.0241928100585938 0.029937744140625 -0.0230693817138672
0.0228538513183594 -0.0377883911132813 0.0120201110839844 -0.0294418334960938
0.0206871032714844 -0.035430908203125 -4.76837158203123E-05 -0.0200538635253906
0.0219345092773437 -0.0420722961425781 -0.00131797790527344 -0.0118989944458008
0.0330486297607422 -0.0347347259521484 -0.0071563720703125 -0.0119056701660156
0.0496826171875 -0.0118293762207031 -0.0107851028442383 -0.00996875762939453
0.0500717163085938 0.0175933837890625 -0.00344467163085937 -0.0194931030273438
0.0201034545898438 0.0568580627441406 0.0049285888671875 -0.0236415863037109
-0.00981903076171875 0.0705108642578125 0.0168800354003906 -0.0184326171875
-0.043609619140625 0.060211181640625 0.0122060775756836 -0.00957107543945312
-0.0607337951660156 0.0497589111328125 0.0219058990478516 0.0272579193115234
-0.0327033996582031 0.0619621276855469 -0.00224685668945313 0.0329933166503906
-0.00143051147460937 0.0698661804199219 0.000762939453125003 0.0397605895996094
0.0404548645019531 0.0469894409179688 0.0251121520996094 0.0311470031738281
0.0510940551757813 0.0111274719238281 0.0272140502929688 0.00922203063964844
0.0451774597167969 -0.0266647338867188 0.0212993621826172 -0.00990486145019531
0.0267829895019531 -0.0426025390625 0.006072998046875 -0.0134811401367188
0.0239753723144531 -0.0400390625 -0.00355434417724609 -0.00481748580932617
0.02569580078125 -0.0472908020019531 -0.00574064254760742 0.00313758850097656
0.0362319946289063 -0.0382575988769531 -0.0148429870605469 0.000698089599609374
0.0541801452636719 -0.0129814147949219 -0.019195556640625 -0.000890731811523435
0.0525131225585938 0.0184402465820313 -0.0107479095458984 -0.0148639678955078
0.0191421508789063 0.0594482421875 0.000368118286132814 -0.0200252532958984
-0.0140228271484375 0.0708465576171875 0.0124797821044922 -0.00545883178710937
-0.0492668151855469 0.0554618835449219 -0.00474882125854492 0.00764846801757813
-0.0601119995117188 0.036163330078125 -0.00144195556640625 0.04290771484375
-0.0407485961914063 0.0529212951660156 -0.0159873962402344 0.045257568359375
-0.0104866027832031 0.0669631958007812 -0.00710678100585938 0.0414276123046875
0.0342597961425781 0.0499763488769531 0.0118217468261719 0.0324535369873047
0.049041748046875 0.0149269104003906 0.0139732360839844 0.0158061981201172
0.0454444885253906 -0.02423095703125 0.0105552673339844 0.0029001235961914
0.0273933410644531 -0.0396690368652344 0.000196933746337892 0.00358033180236816
0.0239791870117188 -0.0377655029296875 -0.00672340393066406 0.0109338760375977
0.0250701904296875 -0.0451736450195313 -0.0102615356445312 0.0185585021972656
0.0348014831542969 -0.0359153747558594 -0.021575927734375 0.0131683349609375
0.0512428283691406 -0.0116729736328125 -0.0258712768554687 0.00766944885253907
0.0483551025390625 0.0181884765625 -0.0169610977172852 -0.0106382369995117
0.013702392578125 0.056243896484375 -0.0030221939086914 -0.0162410736083984
-0.0190849304199219 0.0622482299804688 0.00720787048339844 0.00532054901123047
-0.0504074096679688 0.0434837341308594 -0.0225543975830078 0.0219707489013672
-0.047576904296875 0.0152816772460937 -0.0238456726074219 0.052337646484375
-0.0382003784179688 0.0339317321777344 -0.0286178588867188 0.0520248413085938
-0.0163726806640625 0.0495491027832031 -0.0128021240234375 0.0404090881347656
0.0222244262695312 0.0417594909667969 0.000883102416992188 0.0308685302734375
0.0367088317871094 0.0149116516113281 0.00139045715332031 0.01800537109375
0.0369224548339844 -0.0175971984863281 -0.000408172607421873 0.0141983032226562
0.0227375030517578 -0.0309085845947266 -0.0056304931640625 0.0196857452392578
0.0200119018554688 -0.0297260284423828 -0.0092926025390625 0.0250797271728516
0.0212326049804687 -0.0363082885742188 -0.0133876800537109 0.0321407318115234
0.0286750793457031 -0.0291194915771484 -0.0275974273681641 0.0249786376953125
0.0426673889160156 -0.00819778442382813 -0.0325527191162109 0.0137214660644531
0.0387458801269531 0.0173759460449219 -0.0231666564941406 -0.00732040405273437
0.0067901611328125 0.0474205017089844 -0.00629997253417969 -0.0142650604248047
-0.0229415893554688 0.047454833984375 0.00133895874023437 0.0142049789428711
-0.0460968017578125 0.0248565673828125 -0.0405235290527344 0.0319633483886719
-0.0277862548828125 -0.00638008117675781 -0.0367393493652344 0.05474853515625
-0.0279712677001953 0.00875663757324219 -0.0347633361816406 0.0524940490722656
-0.0170135498046875 0.0229625701904297 -0.0158767700195313 0.0364570617675781
0.00704765319824219 0.0249958038330078 -0.00788307189941406 0.0282154083251953
0.0196743011474609 0.0104503631591797 -0.0068511962890625 0.0197181701660156
0.0218696594238281 -0.0089263916015625 -0.00757598876953125 0.0217666625976563
0.0138988494873047 -0.0168733596801758 -0.00883865356445312 0.0301151275634766
0.0129308700561523 -0.0172538757324219 -0.0103302001953125 0.0351829528808594
0.0144233703613281 -0.0226001739501953 -0.016876220703125 0.0414314270019531
0.0191669464111328 -0.0184993743896484 -0.0324440002441406 0.0331287384033203
0.0290355682373047 -0.00462722778320313 -0.0376739501953125 0.0182304382324219
0.0257453918457031 0.0134773254394531 -0.0289649963378906 -0.00590133666992188
0.000192642211914059 0.0333995819091797 -0.0104255676269531 -0.0135431289672852
-0.0223350524902344 0.0265960693359375 -0.00627899169921875 0.0176811218261719
-0.0354156494140625 0.00392913818359375 -0.0552215576171875 0.0353240966796875
0.0111379623413086 0.0154800415039063 0.0593185424804687 -0.0398406982421875
0.0172700881958008 -0.00619316101074219 0.0145168304443359 -0.0198326110839844
0.00076770782470703 -0.0128307342529297 0.00966072082519531 0.015406608581543
-0.00965023040771484 -0.00519847869873047 0.0378913879394531 0.0115928649902344
-0.0095062255859375 0.00290870666503906 0.0443878173828125 -0.0159149169921875
-0.00612783432006836 0.00800371170043945 0.0324821472167969 -0.0411796569824219
-0.00369691848754883 0.00406789779663086 0.0150642395019531 -0.0507774353027344
-0.00522136688232422 0.00365591049194336 0.00706863403320312 -0.0418548583984375
-0.00667047500610352 0.00237369537353516 0.00674819946289062 -0.035980224609375
-0.00518798828125 -0.00311279296875 0.00940513610839843 -0.0285663604736328
0.000220298767089844 -0.00788784027099609 0.007537841796875 -0.0251846313476562
0.00953865051269531 -0.00645351409912109 0.0115928649902344 -0.0287818908691406
0.0164899826049805 0.00462055206298828 0.0213489532470703 -0.0349521636962891
0.0160732269287109 0.0192737579345703 0.0335273742675781 -0.0507316589355469
0.00692939758300781 0.0282325744628906 0.0442695617675781 -0.0524673461914063
-0.0100898742675781 0.0364112854003906 0.0629348754882812 -0.02978515625
0.01019287109375 0.0183525085449219 0.0182666778564453 -0.0119781494140625
0.00681209564208984 0.0105504989624023 0.0116252899169922 0.0196743011474609
0.00828361511230469 0.00560855865478516 0.04083251953125 0.0143318176269531
0.00902938842773438 0.00162887573242188 0.0464553833007813 -0.0131263732910156
0.00824117660522461 -0.00608205795288086 0.0342941284179688 -0.0408363342285156
0.00509166717529297 -0.0137929916381836 0.0152397155761719 -0.0501632690429688
0.00408172607421875 -0.01263427734375 0.00485992431640625 -0.0401687622070312
0.00445270538330078 -0.0158786773681641 0.00466537475585938 -0.0340461730957031
0.0110321044921875 -0.0159845352172852 0.00578880310058594 -0.0285549163818359
0.0216693878173828 -0.00868797302246094 0.0033416748046875 -0.0229549407958984
0.0266551971435547 0.00664710998535156 0.00876617431640625 -0.0273456573486328
0.0165290832519531 0.0294227600097656 0.0160884857177734 -0.0319900512695313
0.00469207763671876 0.0447349548339844 0.0285263061523438 -0.0436019897460938
-0.0148658752441406 0.0473976135253906 0.038818359375 -0.0429801940917969
-0.0316200256347656 0.050994873046875 0.0580291748046875 -0.0136795043945312
-0.00255203247070312 0.0413932800292969 0.0168981552124023 0.00017356872558594
0.00982284545898438 0.0361289978027344 0.0111885070800781 0.0269794464111328
0.02581787109375 0.0197963714599609 0.0410728454589844 0.0197792053222656
0.0280208587646484 0.001861572265625 0.0449142456054688 -0.00763702392578125
0.0233135223388672 -0.0181522369384766 0.0338134765625 -0.0353126525878906
0.0136928558349609 -0.02911376953125 0.013092041015625 -0.0428886413574219
0.0127429962158203 -0.0272254943847656 0.00201225280761719 -0.0324878692626953
0.0135726928710938 -0.0324153900146484 0.00110244750976562 -0.0253944396972656
0.0238304138183594 -0.0278797149658203 -0.00111579895019531 -0.02264404296875
0.0390701293945313 -0.0111236572265625 -0.0037078857421875 -0.0183486938476563
0.0419349670410156 0.0136604309082031 0.00289535522460938 -0.0249519348144531
0.0198402404785156 0.0474929809570312 0.00958824157714844 -0.0288772583007812
-0.00233078002929687 0.0630340576171875 0.0224742889404297 -0.033355712890625
-0.0310287475585938 0.05902099609375 0.027130126953125 -0.0282058715820313
-0.049163818359375 0.0575981140136719 0.0442771911621094 0.00634384155273438
-0.0172080993652344 0.0578765869140625 0.0103616714477539 0.0164546966552734
0.00870132446289062 0.0589599609375 0.00812339782714844 0.034454345703125
0.0389518737792969 0.0341529846191406 0.0363502502441406 0.025665283203125
0.0439262390136719 0.00504684448242188 0.0391502380371094 0.000797271728515625
0.0361785888671875 -0.0265846252441406 0.0295867919921875 -0.0248146057128906
0.0208473205566406 -0.0400199890136719 0.0104351043701172 -0.0300960540771484
0.0191268920898438 -0.0373191833496094 -0.0014190673828125 -0.0198879241943359
0.01947021484375 -0.0441818237304688 -0.00248527526855469 -0.0122165679931641
0.031646728515625 -0.0370140075683594 -0.00861263275146484 -0.0121316909790039
0.0501289367675781 -0.014923095703125 -0.0118818283081055 -0.00998592376708985
0.0518074035644531 0.0152549743652344 -0.00486564636230468 -0.0204696655273438
0.0230979919433594 0.0571250915527344 0.00396728515625 -0.0245628356933594
-0.00627899169921875 0.0724868774414063 0.01666259765625 -0.0206165313720703
-0.0418167114257813 0.0635833740234375 0.0118770599365234 -0.0112276077270508
-0.0597915649414063 0.0535469055175781 0.0233650207519531 0.0264225006103516
-0.0310249328613281 0.0637359619140625 -0.00120925903320313 0.0332908630371094
0.00210571289062501 0.0715713500976563 0.00164031982421875 0.040618896484375
0.0432548522949219 0.0458183288574219 0.0264568328857422 0.0311031341552734
0.0526542663574219 0.00911712646484375 0.0280685424804688 0.00874137878417969
0.0444488525390625 -0.0297813415527344 0.0212650299072266 -0.0111045837402344
0.0252189636230469 -0.0448875427246094 0.00566196441650391 -0.0137214660644531
0.0221443176269531 -0.0417022705078125 -0.00430607795715332 -0.00419664382934571
0.0229148864746094 -0.0496749877929688 -0.00602579116821289 0.00343513488769531
0.0342559814453125 -0.0411338806152344 -0.0156669616699219 0.00156211853027343
0.0540122985839844 -0.0166893005371094 -0.0195198059082031 -0.000307083129882811
0.0546226501464844 0.01593017578125 -0.0120534896850586 -0.015437126159668
0.0224952697753906 0.0603103637695313 -0.000366210937499997 -0.0207500457763672
-0.0108184814453125 0.0726699829101563 0.0127115249633789 -0.00683403015136718
-0.0480003356933594 0.059173583984375 -0.00479698181152344 0.00714731216430664
-0.0594253540039063 0.0397872924804687 3.05175781249983E-05 0.0434722900390625
-0.0392951965332031 0.0555267333984375 -0.0145683288574219 0.0465240478515625
-0.00762176513671875 0.0691795349121094 -0.00609207153320313 0.042633056640625
0.0378913879394531 0.0492134094238281 0.0133190155029297 0.0334510803222656
0.0509147644042969 0.0129280090332031 0.0148124694824219 0.0161142349243164
0.0448265075683594 -0.02740478515625 0.0110454559326172 0.00268077850341797
0.0257186889648438 -0.0423965454101563 0.000217676162719728 0.00406742095947265
0.0219879150390625 -0.0394935607910156 -0.00706195831298828 0.0117349624633789
0.0227088928222656 -0.0482711791992188 -0.00962448120117187 0.0193119049072266
0.0328903198242187 -0.0385894775390625 -0.0221118927001953 0.0148887634277344
0.0512657165527344 -0.0153083801269531 -0.0263042449951172 0.00852203369140625
0.0502738952636719 0.016082763671875 -0.0184307098388672 -0.0102062225341797
0.0171966552734375 0.0565910339355469 -0.003936767578125 -0.0166473388671875
-0.0165596008300781 0.0644149780273438 0.00747442245483398 0.00499200820922852
-0.0497856140136719 0.0467071533203125 -0.0221996307373047 0.0226612091064453
-0.0474815368652344 0.0189857482910156 -0.0219383239746094 0.0545806884765625
-0.0372161865234375 0.0354995727539063 -0.0269012451171875 0.05401611328125
-0.0145072937011719 0.0516090393066406 -0.0124320983886719 0.0412330627441406
0.0243759155273438 0.040863037109375 0.00134849548339844 0.0323505401611328
0.0381736755371094 0.0127639770507813 0.00221633911132813 0.0195579528808594
0.0356483459472656 -0.0201988220214844 0.000107765197753909 0.0145082473754883
0.0209560394287109 -0.0326194763183594 -0.00480270385742188 0.020355224609375
0.0181903839111328 -0.0312271118164063 -0.00864791870117188 0.0260543823242187
0.0191459655761719 -0.0387229919433594 -0.0126056671142578 0.0332984924316406
0.0273513793945312 -0.0315704345703125 -0.0270557403564453 0.0267658233642578
0.0425567626953125 -0.0113410949707031 -0.032501220703125 0.0158786773681641
0.0403327941894531 0.0154762268066406 -0.0244903564453125 -0.00673484802246094
0.00926208496093751 0.0479774475097656 -0.00742912292480469 -0.0145502090454102
-0.0204887390136719 0.0489921569824219 0.00213432312011718 0.0140142440795898
-0.0458145141601563 0.0278968811035156 -0.03955078125 0.0340309143066406
-0.0285911560058594 -0.00567817687988281 -0.0353775024414063 0.0579338073730469
-0.0278873443603516 0.0101242065429687 -0.0333099365234375 0.0552330017089844
-0.0167484283447266 0.0242233276367187 -0.0151176452636719 0.0377006530761719
0.0084228515625 0.0247077941894531 -0.00714874267578125 0.0293350219726562
0.0200881958007812 0.00945281982421875 -0.00591850280761719 0.0211753845214844
0.0212497711181641 -0.0103874206542969 -0.00705146789550781 0.0228767395019531
0.0130939483642578 -0.0178298950195313 -0.00770187377929688 0.0316028594970703
0.0115756988525391 -0.0182476043701172 -0.00897979736328125 0.0364227294921875
0.0132045745849609 -0.0241432189941406 -0.0149040222167969 0.0429534912109375
0.0183620452880859 -0.0202922821044922 -0.0317249298095703 0.0350131988525391
0.0290699005126953 -0.00664138793945313 -0.0376396179199219 0.0198326110839844
0.0270519256591797 0.0123748779296875 -0.0300731658935547 -0.00500297546386719
0.00168228149414062 0.0339775085449219 -0.0113744735717773 -0.0137901306152344
-0.0214576721191406 0.0284442901611328 -0.00551986694335938 0.0182647705078125
-0.0360679626464844 0.0056915283203125 -0.0543975830078125 0.0382347106933594
0.0114641189575195 0.0154047012329102 0.0572395324707031 -0.0430793762207031
0.0165386199951172 -0.00704574584960937 0.0132503509521484 -0.0200099945068359
0.000287055969238281 -0.012516975402832 0.0101442337036133 0.0153770446777344
-0.00982189178466797 -0.00461292266845703 0.0383262634277344 0.0100517272949219
-0.00936698913574219 0.00337982177734375 0.0436058044433594 -0.0180931091308594
-0.00550222396850586 0.00794315338134765 0.0301971435546875 -0.0427780151367188
-0.00368356704711914 0.00391292572021484 0.0125503540039063 -0.05157470703125
-0.00481128692626953 0.00350046157836914 0.00477981567382812 -0.0424232482910156
-0.00634956359863281 0.00291299819946289 0.00467300415039063 -0.0360908508300781
-0.00534152984619141 -0.00322961807250977 0.00779914855957031 -0.0293903350830078
4.19616699218753E-05 -0.00774383544921875 0.00584030151367188 -0.0260982513427734
0.00931549072265625 -0.00679206848144531 0.0102729797363281 -0.0295200347900391
0.0163373947143555 0.00383472442626953 0.0199241638183594 -0.0362014770507813
0.0168819427490234 0.0190105438232422 0.0313224792480469 -0.0528831481933594
0.00798416137695313 0.0275096893310547 0.0419349670410156 -0.0552902221679688
-0.00838851928710937 0.0374259948730469 0.0612335205078125 -0.0323562622070313
0.0106039047241211 0.0172996520996094 0.0171947479248047 -0.013056755065918
0.0076904296875 0.0103645324707031 0.0123367309570312 0.0199871063232422
0.00844001770019531 0.00484657287597656 0.041229248046875 0.0128860473632813
0.00907516479492188 0.000929832458496094 0.0456314086914063 -0.0153045654296875
0.00803422927856445 -0.00661516189575195 0.0320663452148438 -0.042388916015625
0.00382423400878906 -0.0139217376708984 0.0123748779296875 -0.0506324768066406
0.00345993041992188 -0.0128984451293945 0.00257492065429687 -0.0401954650878906
0.00354671478271484 -0.0160684585571289 0.00266838073730469 -0.0336933135986328
0.0103273391723633 -0.0166072845458984 0.00372886657714844 -0.0288124084472656
0.0209579467773438 -0.00963020324707031 0.00186920166015625 -0.0237045288085937
0.0271110534667969 0.00558853149414063 0.00745010375976563 -0.0281562805175781
0.0174579620361328 0.0290546417236328 0.0150279998779297 -0.0331153869628906
0.0066680908203125 0.0444831848144531 0.0266609191894531 -0.0454368591308594
-0.0128135681152344 0.0476799011230469 0.0363922119140625 -0.0456962585449219
-0.029083251953125 0.0527458190917969 0.0573501586914062 -0.0169258117675781
-0.000545501708984375 0.0409584045410156 0.0161638259887695 -0.00081825256347656
0.0118484497070313 0.0359573364257812 0.0118808746337891 0.0270919799804688
0.0267696380615234 0.0176868438720703 0.0416183471679688 0.0180778503417969
0.02801513671875 0.0003662109375 0.0447425842285156 -0.00896453857421875
0.0222244262695313 -0.0197296142578125 0.0322952270507813 -0.036865234375
0.0117835998535156 -0.0300674438476563 0.0110588073730469 -0.0434646606445313
0.0112495422363281 -0.0278816223144531 -0.000133514404296878 -0.0321388244628906
0.0115318298339844 -0.0338001251220703 -0.000205993652343752 -0.0255184173583984
0.0221519470214844 -0.0293769836425781 -0.00288200378417969 -0.0223941802978516
0.0382919311523438 -0.0134696960449219 -0.00513267517089843 -0.0186138153076172
0.0427131652832031 0.0110588073730469 0.00136375427246094 -0.0254993438720703
0.0217781066894531 0.0465850830078125 0.00876426696777344 -0.0296707153320312
0.000644683837890619 0.06292724609375 0.0209407806396484 -0.0345630645751953
-0.0284042358398437 0.06036376953125 0.0255985260009766 -0.0305461883544922
-0.0467185974121094 0.0598258972167969 0.0445785522460938 0.00365066528320313
-0.0146560668945312 0.0586967468261719 0.0106878280639648 0.0155296325683594
0.0114364624023438 0.0585441589355469 0.00872802734375 0.0346050262451172
0.0407829284667969 0.0318527221679688 0.0367164611816406 0.024566650390625
0.0443458557128906 0.00220489501953125 0.0391769409179688 -0.0005645751953125
0.0344657897949219 -0.0285453796386719 0.0286006927490234 -0.0258293151855469
0.0181922912597656 -0.0413131713867188 0.0084686279296875 -0.0310077667236328
0.0167160034179687 -0.0381126403808594 -0.00304031372070313 -0.0194644927978516
0.0164909362792969 -0.0456504821777344 -0.00350379943847656 -0.0122165679931641
0.0286064147949219 -0.0389213562011719 -0.00998687744140625 -0.0115346908569336
0.0489463806152344 -0.0183486938476563 -0.0127468109130859 -0.0100488662719727
0.0524444580078125 0.0121536254882813 -0.00632286071777344 -0.0208606719970703
0.0262947082519531 0.0562973022460938 0.00296974182128906 -0.0254249572753906
-0.002410888671875 0.072845458984375 0.0157566070556641 -0.0217914581298828
-0.0389328002929688 0.0654945373535156 0.0110883712768555 -0.0123968124389648
-0.0574874877929688 0.0563697814941406 0.0242767333984375 0.0248889923095703
-0.0280075073242187 0.0646629333496094 -0.000211715698242186 0.032684326171875
0.0056304931640625 0.0717391967773438 0.00265884399414063 0.0409355163574219
0.0459022521972656 0.0428276062011719 0.0273151397705078 0.0302886962890625
0.0530014038085938 0.00630950927734375 0.0291805267333984 0.00840950012207031
0.0424079895019531 -0.0326728820800781 0.0210437774658203 -0.0121402740478516
0.0222892761230469 -0.0462455749511719 0.00466632843017578 -0.0141716003417969
0.0200042724609375 -0.0429344177246094 -0.00509786605834961 -0.00367307662963867
0.0190620422363281 -0.0516319274902344 -0.00602912902832031 0.00403642654418945
0.0313758850097656 -0.0433197021484375 -0.0162487030029297 0.00259113311767578
0.0528488159179687 -0.0203094482421875 -0.0199680328369141 0.000198364257812497
0.0551376342773438 0.01263427734375 -0.0133552551269531 -0.0151052474975586
0.0256271362304688 0.0590095520019531 -0.00127029418945313 -0.020965576171875
-0.00714874267578125 0.073150634765625 0.0124673843383789 -0.00830650329589843
-0.0452537536621094 0.0619468688964844 -0.00489091873168945 0.00662279129028321
-0.0577850341796875 0.0426864624023437 0.00201797485351563 0.0433425903320313
-0.0364112854003906 0.0568161010742187 -0.0131759643554688 0.0466880798339844
-0.003936767578125 0.0699729919433594 -0.00502395629882812 0.0433845520019531
0.0399932861328125 0.046722412109375 0.0143947601318359 0.0332298278808594
0.0511703491210937 0.0098114013671875 0.0157804489135742 0.0158061981201172
0.0426788330078125 -0.0297622680664063 0.0113525390625 0.00214195251464844
0.0230178833007813 -0.0438308715820313 0.000546455383300782 0.00423502922058105
0.019622802734375 -0.0408287048339844 -0.00681495666503906 0.0121841430664063
0.019317626953125 -0.04937744140625 -0.00870132446289062 0.0196933746337891
0.0302543640136719 -0.0408782958984375 -0.0216236114501953 0.0160980224609375
0.0501022338867188 -0.0188255310058594 -0.0261745452880859 0.00961494445800781
0.0509033203125 0.0128936767578125 -0.0191917419433594 -0.00953102111816406
0.020111083984375 0.0557403564453125 -0.00464439392089844 -0.0167045593261719
-0.0128860473632812 0.065093994140625 0.0080881118774414 0.00394105911254883
-0.0474357604980469 0.0491676330566406 -0.0211067199707031 0.0233039855957031
-0.0469741821289062 0.0209426879882813 -0.0192375183105469 0.0555610656738281
-0.0354881286621094 0.0374221801757813 -0.0249862670898438 0.0547599792480469
-0.0114021301269531 0.0526885986328125 -0.0115280151367187 0.0420684814453125
0.0267868041992188 0.0391998291015625 0.00213050842285157 0.0322914123535156
0.0390129089355469 0.0106582641601562 0.00290298461914063 0.0197505950927734
0.0344867706298828 -0.0226287841796875 0.000990867614746097 0.0145816802978516
0.0191497802734375 -0.0336513519287109 -0.00346565246582031 0.0207576751708984
0.0167045593261719 -0.0325489044189453 -0.0073394775390625 0.0272731781005859
0.0164985656738281 -0.0399322509765625 -0.0109710693359375 0.033966064453125
0.0254592895507813 -0.0331974029541016 -0.0260753631591797 0.0284233093261719
0.0420150756835938 -0.014007568359375 -0.0314559936523438 0.0171737670898437
0.0409126281738281 0.0130462646484375 -0.025299072265625 -0.00561523437499999
0.0114860534667969 0.0476722717285156 -0.00839519500732422 -0.0143089294433594
-0.0181961059570313 0.0497398376464844 0.00274181365966797 0.0135316848754883
-0.0443916320800781 0.0300445556640625 -0.0377655029296875 0.0355453491210938
-0.0283222198486328 -0.00371742248535156 -0.0325202941894531 0.0597496032714844
-0.0275726318359375 0.0113201141357422 -0.0316314697265625 0.0567131042480469
-0.0154399871826172 0.0256671905517578 -0.0136985778808594 0.0385284423828125
0.00960731506347656 0.0238037109375 -0.00595474243164062 0.0301151275634766
0.0205535888671875 0.00801277160644531 -0.00512313842773438 0.0219287872314453
0.0202579498291016 -0.0113677978515625 -0.00557518005371094 0.023223876953125
0.0119876861572266 -0.0181903839111328 -0.00603103637695313 0.0320186614990234
0.0105762481689453 -0.0190162658691406 -0.0073699951171875 0.0367889404296875
0.0113124847412109 -0.0246353149414063 -0.0128707885742188 0.0435523986816406
0.0170612335205078 -0.0214347839355469 -0.0298042297363281 0.0369796752929687
0.0287628173828125 -0.00861549377441406 -0.0365486145019531 0.0217742919921875
0.027069091796875 0.0106277465820313 -0.0305023193359375 -0.00367736816406249
0.00360870361328125 0.0337867736816406 -0.0120115280151367 -0.0133962631225586
-0.0201396942138672 0.0291290283203125 -0.00425338745117188 0.0181446075439453
-0.0354270935058594 0.00732803344726563 -0.0520553588867187 0.0406608581542969
0.0119838714599609 0.0151185989379883 0.0545196533203125 -0.044189453125
0.0158786773681641 -0.00735092163085938 0.0120582580566406 -0.0205669403076172
0.000304222106933593 -0.0126838684082031 0.0104904174804688 0.0156269073486328
-0.00957489013671875 -0.00427627563476563 0.0379524230957031 0.0089263916015625
-0.00903034210205078 0.00363826751708984 0.0417823791503906 -0.0190277099609375
-0.00534152984619141 0.00797033309936523 0.0286102294921875 -0.0426025390625
-0.00354433059692383 0.00409913063049316 0.0104331970214844 -0.050994873046875
-0.00429725646972656 0.00413179397583008 0.00321197509765625 -0.0415687561035156
-0.00592756271362305 0.00332069396972656 0.00304794311523438 -0.0358619689941406
-0.00531673431396484 -0.00285434722900391 0.00602149963378906 -0.0296287536621094
-0.00045156478881836 -0.00763607025146484 0.00467681884765625 -0.0261287689208984
0.00922393798828125 -0.00673675537109375 0.00947761535644531 -0.0298900604248047
0.0162239074707031 0.00332260131835937 0.0193519592285156 -0.0362586975097656
0.0170230865478516 0.0181369781494141 0.0294761657714844 -0.0528335571289062
0.00848579406738281 0.0269279479980469 0.0396385192871094 -0.0562667846679687
-0.00761795043945313 0.0373344421386719 0.0589866638183594 -0.0341567993164063
0.0105276107788086 0.0168886184692383 0.015986442565918 -0.0140209197998047
0.0078887939453125 0.0100545883178711 0.0124015808105469 0.0193958282470703
0.00865793228149414 0.00429773330688477 0.0410499572753906 0.0116386413574219
0.00885105133056641 0.000266075134277344 0.0447006225585937 -0.0161247253417969
0.00698184967041016 -0.00699710845947266 0.0305023193359375 -0.0423393249511719
0.0032501220703125 -0.0142593383789063 0.0102806091308594 -0.0502204895019531
0.00309276580810547 -0.0129985809326172 0.00122451782226563 -0.0393791198730469
0.00278949737548828 -0.0161685943603516 0.00129318237304688 -0.0334968566894531
0.00914859771728516 -0.0165567398071289 0.00233650207519531 -0.0283451080322266
0.0203437805175781 -0.0100059509277344 0.000749588012695315 -0.0241260528564453
0.0267658233642578 0.00440788269042969 0.00646018981933594 -0.0285873413085938
0.0182762145996094 0.0281143188476563 0.0146389007568359 -0.0332050323486328
0.00772857666015625 0.0434150695800781 0.0252952575683594 -0.0459671020507813
-0.011444091796875 0.0472640991210938 0.0347251892089844 -0.0469284057617188
-0.0276298522949219 0.0531234741210938 0.0553131103515625 -0.0182304382324219
0.000324249267578129 0.0402412414550781 0.0159368515014648 -0.0016641616821289
0.0131721496582031 0.0353469848632813 0.0123062133789063 0.0268974304199219
0.0271949768066406 0.0167140960693359 0.0411758422851563 0.0170326232910156
0.0277729034423828 -0.000597000122070313 0.04400634765625 -0.00989151000976563
0.020294189453125 -0.0200977325439453 0.0304222106933594 -0.0366783142089844
0.0102901458740234 -0.0301990509033203 0.0090789794921875 -0.0429344177246094
0.00982284545898438 -0.0278244018554688 -0.00143051147460938 -0.0311260223388672
0.0100460052490234 -0.0333080291748047 -0.00165748596191406 -0.0249977111816406
0.0206089019775391 -0.0296630859375 -0.00402641296386719 -0.02203369140625
0.0370330810546875 -0.0146636962890625 -0.00592422485351562 -0.0184516906738281
0.0421371459960938 0.009674072265625 0.000320434570312503 -0.0257015228271484
0.023040771484375 0.0455818176269531 0.00825881958007812 -0.0298938751220703
0.00239944458007813 0.0620040893554688 0.0197105407714844 -0.0350799560546875
-0.0265617370605469 0.0606231689453125 0.0237388610839844 -0.0315780639648437
-0.0445632934570312 0.0605888366699219 0.0432853698730469 0.00211715698242188
-0.012786865234375 0.0574378967285156 0.0102605819702148 0.0145606994628906
0.0136070251464844 0.0577354431152344 0.00881576538085938 0.0340232849121094
0.0411872863769531 0.0296287536621094 0.0362663269042969 0.0237770080566406
0.043426513671875 0.0007781982421875 0.0389213562011719 -0.00111770629882813
0.0326385498046875 -0.0296134948730469 0.0273704528808594 -0.0265216827392578
0.0166282653808594 -0.0415000915527344 0.00728034973144531 -0.0301589965820313
0.0151634216308594 -0.038421630859375 -0.00368499755859375 -0.0185890197753906
0.014373779296875 -0.04541015625 -0.00418949127197266 -0.0121440887451172
0.026458740234375 -0.0390510559082031 -0.0103015899658203 -0.0107212066650391
0.047119140625 -0.019927978515625 -0.0130825042724609 -0.00960731506347656
0.0519027709960937 0.0102615356445312 -0.00703811645507812 -0.020416259765625
0.0274772644042969 0.054656982421875 0.00226402282714844 -0.025482177734375
-0.000183105468750004 0.0716552734375 0.0151767730712891 -0.0226230621337891
-0.0367546081542969 0.0660629272460938 0.0103530883789062 -0.0134477615356445
-0.0550880432128906 0.0572547912597656 0.0243415832519531 0.0234565734863281
-0.0256462097167969 0.0642890930175781 0.000261306762695309 0.0314044952392578
0.00782012939453125 0.0711593627929688 0.00284576416015625 0.0406494140625
0.0464248657226562 0.0410041809082031 0.027374267578125 0.0296401977539063
0.0519523620605469 0.00446701049804688 0.0291004180908203 0.00798988342285156
0.0401878356933594 -0.0332679748535156 0.0203800201416016 -0.0126056671142578
0.019805908203125 -0.0465888977050781 0.00395965576171875 -0.0136804580688477
0.0177536010742188 -0.0429039001464844 -0.00535392761230469 -0.00305604934692383
0.0164909362792969 -0.0517921447753906 -0.00648641586303711 0.00390768051147461
0.0289154052734375 -0.0436286926269531 -0.0161371231079102 0.00321102142333984
0.0509147644042969 -0.02227783203125 -0.0197601318359375 0.000848770141601565
0.0544853210449219 0.0100822448730469 -0.0138673782348633 -0.0148687362670898
0.0271644592285156 0.0573081970214844 -0.00165367126464843 -0.0210132598876953
-0.00399017333984374 0.0722808837890625 0.0122137069702148 -0.00889015197753906
-0.0432090759277344 0.062225341796875 -0.00491142272949219 0.00617361068725586
-0.0555534362792969 0.0439682006835938 0.00312423706054688 0.0423316955566406
-0.0343742370605469 0.0566596984863281 -0.011932373046875 0.0458908081054688
-0.00187301635742188 0.0695724487304687 -0.00420761108398438 0.0430679321289063
0.0409812927246094 0.0442390441894531 0.014190673828125 0.0324363708496094
0.0504035949707031 0.00833892822265625 0.015873908996582 0.0157384872436523
0.0404319763183594 -0.0311164855957031 0.0114784240722656 0.00200557708740234
0.0207176208496094 -0.0438346862792969 0.000621795654296876 0.00436234474182129
0.0178070068359375 -0.0413131713867188 -0.00639724731445313 0.0125150680541992
0.0165863037109375 -0.0495147705078125 -0.00789070129394531 0.0194034576416016
0.0278396606445313 -0.0414466857910156 -0.0210304260253906 0.0167980194091797
0.0482139587402344 -0.0208587646484375 -0.0252227783203125 0.00978660583496094
0.0502281188964844 0.0108146667480469 -0.0193099975585937 -0.00889396667480469
0.0218238830566406 0.0544776916503906 -0.00524520874023437 -0.0165567398071289
-0.0102729797363281 0.0640754699707031 0.00818252563476563 0.00329732894897461
-0.0454750061035156 0.0502853393554687 -0.0204067230224609 0.0231170654296875
-0.0451812744140625 0.0224494934082031 -0.0178680419921875 0.0551567077636719
-0.033935546875 0.0375289916992188 -0.0233001708984375 0.0547065734863281
-0.00968551635742187 0.0526657104492188 -0.0101776123046875 0.04180908203125
0.0275497436523438 0.0378189086914063 0.00254631042480469 0.0318374633789063
0.0386314392089844 0.00908279418945312 0.00374603271484375 0.0201702117919922
0.0333499908447266 -0.0230960845947266 0.00185585021972656 0.0143260955810547
0.0175380706787109 -0.0338478088378906 -0.00309181213378906 0.0205059051513672
0.0147171020507812 -0.032318115234375 -0.00641632080078125 0.0271530151367187
0.014373779296875 -0.0398750305175781 -0.00955963134765625 0.0335903167724609
0.0232105255126953 -0.0332317352294922 -0.0244808197021484 0.0285701751708984
0.0402259826660156 -0.0155029296875 -0.0307788848876953 0.0178871154785156
0.0407333374023438 0.0111007690429688 -0.0252590179443359 -0.00517463684082031
0.0133934020996094 0.0460777282714844 -0.00854396820068359 -0.0141105651855469
-0.015838623046875 0.0493431091308594 0.00328922271728515 0.0129928588867188
-0.0432090759277344 0.0313186645507813 -0.0362930297851563 0.0358734130859375
-0.0277347564697266 -0.00306892395019531 -0.0307197570800781 0.0599098205566406
-0.0263671875 0.0118618011474609 -0.0296287536621094 0.0569076538085937
-0.0144824981689453 0.0258922576904297 -0.0130615234375 0.0382041931152344
0.0104618072509766 0.0230674743652344 -0.00534248352050782 0.0301685333251953
0.0200614929199219 0.00694656372070312 -0.00414657592773438 0.0220699310302734
0.0194950103759766 -0.0121059417724609 -0.00454902648925781 0.0232257843017578
0.0108871459960937 -0.018707275390625 -0.00475311279296875 0.0318565368652344
0.0100498199462891 -0.0190315246582031 -0.00626373291015625 0.0365638732910156
0.0100002288818359 -0.0250415802001953 -0.011383056640625 0.0431404113769531
0.0157299041748047 -0.0218677520751953 -0.027679443359375 0.0371551513671875
0.0275535583496094 -0.0096893310546875 -0.03533935546875 0.0223274230957031
0.0270977020263672 0.00942611694335938 -0.0302600860595703 -0.00288772583007813
0.00464439392089843 0.0328464508056641 -0.0124597549438477 -0.0129051208496094
-0.0189609527587891 0.0288143157958984 -0.00366401672363281 0.0177192687988281
-0.0347423553466797 0.0081787109375 -0.0497970581054687 0.0413017272949219
0.0116147994995117 0.0151920318603516 0.053070068359375 -0.0437889099121094
0.0150432586669922 -0.00746726989746094 0.0114517211914063 -0.0206699371337891
0.000334739685058593 -0.0124692916870117 0.01043701171875 0.0155401229858398
-0.00946235656738281 -0.00413608551025391 0.037750244140625 0.0087432861328125
-0.00884819030761719 0.0036468505859375 0.04168701171875 -0.0191001892089844
-0.00503921508789063 0.00762128829956055 0.0280990600585938 -0.0423088073730469
-0.0036323070526123 0.00393557548522949 0.009796142578125 -0.0506057739257813
-0.00400328636169434 0.00370430946350098 0.00312042236328125 -0.0413017272949219
-0.00545644760131836 0.00301218032836914 0.00246429443359375 -0.0357780456542969
-0.0053095817565918 -0.00291919708251953 0.00541496276855469 -0.0293827056884766
-0.000413894653320313 -0.00724935531616211 0.00433731079101562 -0.0259666442871094
0.00903034210205078 -0.00664234161376953 0.00926589965820313 -0.0300121307373047
0.0158967971801758 0.00335025787353516 0.0196571350097656 -0.0361061096191406
0.0167655944824219 0.0179519653320313 0.02935791015625 -0.0527496337890625
0.00865936279296875 0.02655029296875 0.0393562316894531 -0.0564918518066406
-0.00724029541015625 0.0369758605957031 0.0576934814453125 -0.0340614318847656
0.00993728637695313 0.0168867111206055 0.015167236328125 -0.0142993927001953
0.00850391387939453 0.0101690292358398 0.0123691558837891 0.0201416015625
0.00903892517089844 0.00429153442382813 0.0408134460449219 0.0113906860351562
0.00896453857421875 0.000410079956054688 0.0441818237304688 -0.0159339904785156
0.00670719146728516 -0.00730276107788086 0.0300788879394531 -0.0421295166015625
0.00314235687255859 -0.0141401290893555 0.00978469848632813 -0.04998779296875
0.003204345703125 -0.012843132019043 0.000988006591796877 -0.0385360717773438
0.00246334075927735 -0.0159158706665039 0.000541687011718749 -0.0331268310546875
0.00882053375244141 -0.0162630081176758 0.00171470642089843 -0.0283145904541016
0.0201568603515625 -0.0102024078369141 0.000871658325195314 -0.0239048004150391
0.0269374847412109 0.00392341613769531 0.00646018981933594 -0.0287914276123047
0.0183219909667969 0.0280036926269531 0.0147686004638672 -0.0333080291748047
0.0079803466796875 0.0428733825683594 0.0251235961914062 -0.0459403991699219
-0.0111770629882813 0.0465736389160156 0.0343971252441406 -0.0470848083496094
-0.0268287658691406 0.052978515625 0.0544509887695313 -0.0190162658691406
0.000263214111328124 0.0394248962402344 0.0148754119873047 -0.00218582153320312
0.0134735107421875 0.0347747802734375 0.0118751525878906 0.0264987945556641
0.0271549224853516 0.0160541534423828 0.0406455993652344 0.0171470642089844
0.0276279449462891 -0.000490188598632813 0.0436515808105469 -0.00978851318359375
0.0201892852783203 -0.0203742980957031 0.0299568176269531 -0.0365524291992188
0.00975418090820312 -0.0304298400878906 0.00862884521484375 -0.0427207946777344
0.00995254516601563 -0.0272350311279297 -0.00184249877929687 -0.0305061340332031
0.00955772399902344 -0.0333900451660156 -0.00198173522949218 -0.02471923828125
0.0194511413574219 -0.0293598175048828 -0.00423622131347656 -0.021453857421875
0.036102294921875 -0.0150680541992188 -0.00625801086425781 -0.0185413360595703
0.0417098999023438 0.00900650024414063 0.000116348266601566 -0.025787353515625
0.0231666564941406 0.0450477600097656 0.00901031494140626 -0.0299720764160156
0.00299835205078125 0.0612640380859375 0.0195121765136719 -0.0357780456542969
-0.0265312194824219 0.0603103637695313 0.0235862731933594 -0.0317916870117187
-0.043731689453125 0.0598831176757812 0.0425033569335937 0.00142669677734375
-0.012786865234375 0.0566444396972656 0.00960540771484375 0.0135908126831055
0.0137710571289063 0.0574722290039063 0.008453369140625 0.0341339111328125
0.0408935546875 0.02911376953125 0.0361366271972656 0.02392578125
0.0429763793945313 0.000553131103515625 0.0385284423828125 -0.000797271728515625
0.0313529968261719 -0.0294284820556641 0.0267925262451172 -0.0262851715087891
0.0157699584960938 -0.041717529296875 0.00690650939941406 -0.0301227569580078
0.0148239135742187 -0.0380821228027344 -0.00406074523925781 -0.0177326202392578
0.0131721496582031 -0.0453376770019531 -0.00455665588378906 -0.0116596221923828
0.0256881713867187 -0.0390510559082031 -0.0107307434082031 -0.0107336044311523
0.0459785461425781 -0.0203590393066406 -0.013340950012207 -0.00986576080322266
0.0514869689941406 0.00969314575195313 -0.00700950622558593 -0.0207023620605469
0.02783203125 0.0543632507324219 0.00287628173828125 -0.0254898071289062
0.000473022460937506 0.0704803466796875 0.0150165557861328 -0.0230445861816406
-0.0366058349609375 0.0656089782714844 0.0098876953125 -0.01373291015625
-0.0542182922363281 0.0566482543945313 0.0238151550292969 0.0226383209228516
-0.0253677368164063 0.0634880065917969 -8.39233398437513E-05 0.0305519104003906
0.00820922851562501 0.0704803466796875 0.00228500366210938 0.0401535034179688
0.046051025390625 0.039794921875 0.0266628265380859 0.0296669006347656
0.0518264770507813 0.00384902954101563 0.0285072326660156 0.00856590270996094
0.038726806640625 -0.0334510803222656 0.0203075408935547 -0.0125160217285156
0.0191612243652344 -0.046478271484375 0.00356960296630859 -0.0134496688842773
0.0170631408691406 -0.0429344177246094 -0.00544023513793945 -0.00254678726196289
0.0150947570800781 -0.0511283874511719 -0.00645017623901367 0.00367307662963867
0.02764892578125 -0.04351806640625 -0.016392707824707 0.00316715240478516
0.0496635437011719 -0.0230140686035156 -0.0195503234863281 0.000606536865234373
0.0537796020507812 0.00933074951171875 -0.0139913558959961 -0.0148792266845703
0.0276298522949219 0.0567207336425781 -0.001495361328125 -0.0208091735839844
-0.00343322753906249 0.0714263916015625 0.0121126174926758 -0.0093851089477539
-0.042510986328125 0.0617599487304687 -0.00497293472290039 0.00548744201660157
-0.0547027587890625 0.0432891845703125 0.00286865234375 0.0415916442871094
-0.0341911315917969 0.0559310913085938 -0.0120735168457031 0.0450859069824219
-0.00101852416992187 0.0688552856445312 -0.00513839721679687 0.0425453186035156
0.0403861999511719 0.0432090759277344 0.0136165618896484 0.0325775146484375
0.0498504638671875 0.00770950317382812 0.0160350799560547 0.0163335800170898
0.039215087890625 -0.0307426452636719 0.0115165710449219 0.00171756744384765
0.0196609497070313 -0.0437469482421875 0.000439167022705079 0.00432062149047851
0.0174026489257813 -0.04095458984375 -0.00633716583251953 0.0132646560668945
0.0150413513183594 -0.0489959716796875 -0.00803565979003906 0.0194034576416016
0.02618408203125 -0.0414161682128906 -0.0203151702880859 0.0165996551513672
0.047119140625 -0.0214157104492188 -0.0250568389892578 0.00973892211914063
0.0499038696289063 0.00978469848632813 -0.0195426940917969 -0.00915908813476563
0.0222816467285156 0.0537300109863281 -0.00522232055664062 -0.0165643692016602
-0.009368896484375 0.0634498596191406 0.0078272819519043 0.00246381759643555
-0.0448570251464844 0.0499114990234375 -0.0200099945068359 0.0228176116943359
-0.0448493957519531 0.0219955444335937 -0.0175437927246094 0.054595947265625
-0.0331764221191406 0.0367813110351563 -0.0229301452636719 0.05419921875
-0.00931930541992188 0.0519332885742188 -0.0109939575195313 0.0412330627441406
0.0274925231933594 0.0368843078613281 0.00204277038574219 0.0321121215820312
0.0381240844726563 0.00889968872070313 0.00366783142089844 0.0205879211425781
0.0317039489746094 -0.0231895446777344 0.00184249877929688 0.0143423080444336
0.0162620544433594 -0.0338211059570313 -0.00238990783691406 0.0205707550048828
0.0142631530761719 -0.0322456359863281 -0.00638771057128906 0.0270004272460937
0.0130691528320312 -0.0398788452148438 -0.00934982299804688 0.0331077575683594
0.0224571228027344 -0.0336093902587891 -0.0241985321044922 0.0287322998046875
0.0388565063476563 -0.0163993835449219 -0.0301742553710938 0.0175151824951172
0.0403823852539063 0.0104446411132813 -0.0250244140625 -0.00499534606933594
0.0134506225585938 0.0454940795898438 -0.00851726531982422 -0.0140867233276367
-0.0151329040527344 0.0485343933105469 0.00297069549560547 0.0125226974487305
-0.0423812866210938 0.0307388305664063 -0.0355300903320313 0.0348091125488281
-0.0271663665771484 -0.00308799743652344 -0.0302238464355469 0.0598411560058594
-0.0262432098388672 0.0116691589355469 -0.0292549133300781 0.0568618774414063
-0.0135707855224609 0.0258998870849609 -0.0132865905761719 0.0381431579589844
0.0105400085449219 0.0225296020507813 -0.00576019287109375 0.0302791595458984
0.0198707580566406 0.00666618347167969 -0.00428199768066406 0.0226001739501953
0.01861572265625 -0.0118751525878906 -0.00401687622070313 0.0235233306884766
0.0106449127197266 -0.0182380676269531 -0.00370407104492187 0.0317497253417969
0.00935935974121094 -0.0191192626953125 -0.0057830810546875 0.036224365234375
0.00911903381347656 -0.0247573852539062 -0.0106582641601563 0.0426864624023438
0.0152130126953125 -0.0220279693603516 -0.0276565551757813 0.0371437072753906
0.0270328521728516 -0.0100021362304688 -0.0346317291259766 0.0220851898193359
0.0267372131347656 0.00915336608886719 -0.0300998687744141 -0.0029754638671875
0.00478553771972656 0.0322513580322266 -0.0121593475341797 -0.0129709243774414
-0.0183868408203125 0.0281467437744141 -0.00339031219482422 0.0171337127685547
-0.0342330932617188 0.00839996337890626 -0.0489883422851563 0.040802001953125
0.0116987228393555 0.0162429809570313 0.0536918640136719 -0.0438919067382813
0.0152149200439453 -0.00759315490722656 0.0110073089599609 -0.0206203460693359
0.000494956970214844 -0.0125875473022461 0.0106039047241211 0.0163898468017578
-0.00922679901123047 -0.00446128845214844 0.0385093688964844 0.00909042358398438
-0.00869846343994141 0.0035257339477539 0.0423240661621094 -0.0187492370605469
-0.00551033020019531 0.00746488571166992 0.028839111328125 -0.0425071716308594
-0.00366926193237305 0.00375866889953613 0.010467529296875 -0.0510025024414063
-0.00374078750610352 0.00373435020446777 0.00349807739257813 -0.0414924621582031
-0.0052332878112793 0.00295495986938477 0.00268173217773438 -0.0360870361328125
-0.00506067276000977 -0.00252914428710937 0.00613784790039063 -0.0300960540771484
4.81605529785149E-05 -0.00715827941894531 0.00470352172851563 -0.0265254974365234
0.00911140441894531 -0.00676059722900391 0.0104312896728516 -0.0307865142822266
0.0163383483886719 0.00365734100341797 0.0210113525390625 -0.0368156433105469
0.0168266296386719 0.0181026458740234 0.0302696228027344 -0.0535202026367188
0.00839424133300782 0.0269412994384766 0.0404930114746094 -0.0572891235351563
-0.00820541381835938 0.0382003784179688 0.0581741333007813 -0.0344047546386719
0.00971317291259766 0.0167951583862305 0.0150146484375 -0.0144376754760742
0.00858592987060547 0.00986671447753906 0.011962890625 0.0205135345458984
0.00917816162109375 0.00424098968505859 0.0410385131835938 0.0121955871582031
0.00959491729736328 0.000153541564941406 0.0446891784667969 -0.0156173706054688
0.00664424896240234 -0.00742626190185547 0.0307159423828125 -0.0421257019042969
0.00271987915039063 -0.014739990234375 0.00999832153320312 -0.0500831604003906
0.00368690490722656 -0.0131559371948242 0.00128555297851563 -0.0385475158691406
0.00275135040283203 -0.0166139602661133 0.000495910644531249 -0.0333786010742188
0.00895500183105469 -0.0164957046508789 0.00189208984375 -0.0286674499511719
0.0203647613525391 -0.00996208190917969 0.000785827636718749 -0.0247344970703125
0.0269889831542969 0.00442314147949219 0.00701332092285156 -0.0293636322021484
0.0183525085449219 0.0287055969238281 0.016021728515625 -0.0338249206542969
0.00740814208984375 0.043426513671875 0.0260658264160156 -0.0468025207519531
-0.0122299194335938 0.0471305847167969 0.0354385375976563 -0.0479469299316406
-0.02801513671875 0.0535545349121094 0.0547409057617188 -0.0186996459960937
-0.000820159912109378 0.0398216247558594 0.0142679214477539 -0.00278568267822265
0.0136604309082031 0.0357208251953125 0.0111770629882812 0.02752685546875
0.0273838043212891 0.0164432525634766 0.0409965515136719 0.0181427001953125
0.027984619140625 -0.000806808471679688 0.0443801879882813 -0.008941650390625
0.0197639465332031 -0.0201492309570313 0.0308952331542969 -0.036834716796875
0.00966072082519531 -0.0309352874755859 0.00896072387695313 -0.0430946350097656
0.0103397369384766 -0.0280437469482422 -0.00154304504394531 -0.0304698944091797
0.009521484375 -0.0337238311767578 -0.0021820068359375 -0.0250129699707031
0.0196781158447266 -0.0295276641845703 -0.00465774536132812 -0.0217571258544922
0.0364036560058594 -0.0153465270996094 -0.00626945495605468 -0.0189189910888672
0.0424880981445313 0.00957870483398438 0.000391006469726565 -0.0266399383544922
0.0234642028808594 0.0463218688964844 0.00971031188964844 -0.0303516387939453
0.00251388549804688 0.0621337890625 0.0205345153808594 -0.0365676879882812
-0.0277595520019531 0.0609512329101563 0.0239353179931641 -0.0329456329345703
-0.0451316833496094 0.0608177185058594 0.0426673889160156 0.001678466796875
-0.0141181945800781 0.0568771362304687 0.009124755859375 0.0135030746459961
0.0136680603027344 0.058349609375 0.00775527954101563 0.0352058410644531
0.0416107177734375 0.0296592712402344 0.0359535217285156 0.0249862670898438
0.0439262390136719 0.000988006591796875 0.0397872924804688 0.000278472900390625
0.0315933227539063 -0.0299797058105469 0.0276546478271484 -0.0261306762695313
0.0154953002929687 -0.0419769287109375 0.00692939758300781 -0.0298805236816406
0.0150604248046875 -0.0385932922363281 -0.00379848480224609 -0.0175065994262695
0.01361083984375 -0.0456733703613281 -0.00508785247802734 -0.0117053985595703
0.0257911682128906 -0.0391960144042969 -0.0108871459960937 -0.0106363296508789
0.0465965270996094 -0.0205039978027344 -0.0134305953979492 -0.0104551315307617
0.05181884765625 0.00989151000976563 -0.00697517395019531 -0.0213584899902344
0.028106689453125 0.0556678771972656 0.00333976745605469 -0.0262775421142578
0.000282287597656244 0.071441650390625 0.015869140625 -0.023773193359375
-0.0381851196289063 0.0662498474121094 0.00994110107421875 -0.0145187377929687
-0.0556144714355469 0.0569190979003906 0.0232810974121094 0.0228595733642578
-0.0269203186035156 0.0634765625 -0.000747680664062498 0.0302448272705078
0.00792694091796875 0.0719146728515625 0.00112533569335938 0.0411643981933594
0.04632568359375 0.0405693054199219 0.0259304046630859 0.0308933258056641
0.0522537231445312 0.00494766235351563 0.0294742584228516 0.00966644287109375
0.0388679504394531 -0.033599853515625 0.020782470703125 -0.0125656127929688
0.0193099975585938 -0.0471916198730469 0.00409698486328125 -0.0130882263183594
0.0174560546875 -0.0433616638183594 -0.00577354431152344 -0.0023031234741211
0.014892578125 -0.05157470703125 -0.00669670104980469 0.0037240982055664
0.0277671813964844 -0.0437278747558594 -0.0167264938354492 0.00342178344726562
0.0500144958496094 -0.023529052734375 -0.0199680328369141 5.53131103515604E-05
0.054473876953125 0.00975799560546875 -0.0140600204467773 -0.0155000686645508
0.0278129577636719 0.0582427978515625 -0.0010833740234375 -0.0216274261474609
-0.00392913818359376 0.0722885131835938 0.0123424530029297 -0.0101442337036133
-0.0442314147949219 0.062408447265625 -0.00520086288452149 0.00491428375244141
-0.0560455322265625 0.0435066223144531 0.00223541259765624 0.0420455932617187
-0.0353240966796875 0.0558853149414062 -0.012939453125 0.0451622009277344
-0.00146484375 0.0703659057617188 -0.00632858276367187 0.043121337890625
0.04071044921875 0.0438995361328125 0.01312255859375 0.0339107513427734
0.0506019592285156 0.00835418701171875 0.0162601470947266 0.0176048278808594
0.03936767578125 -0.0310287475585938 0.011784553527832 0.00205326080322265
0.0199966430664063 -0.0443687438964844 0.000883579254150391 0.00461387634277343
0.0178489685058594 -0.0412712097167969 -0.00679397583007812 0.0135765075683594
0.0150413513183594 -0.049652099609375 -0.00854110717773437 0.0194511413574219
0.0265007019042969 -0.0417518615722656 -0.0211105346679688 0.0167865753173828
0.0470619201660156 -0.0216407775878906 -0.0253047943115234 0.0094757080078125
0.050506591796875 0.0100173950195313 -0.0196113586425781 -0.00964546203613281
0.0222816467285156 0.0544319152832031 -0.005126953125 -0.01702880859375
-0.00980377197265625 0.0639190673828125 0.00829982757568359 0.00266408920288086
-0.0461502075195313 0.0504379272460938 -0.0208892822265625 0.0220947265625
-0.0453147888183594 0.0216293334960937 -0.018096923828125 0.0545539855957031
-0.0341224670410156 0.0367889404296875 -0.023712158203125 0.0541839599609375
-0.00908660888671876 0.0534172058105469 -0.0123443603515625 0.0417137145996094
0.0273551940917969 0.0371665954589844 0.00114822387695313 0.0332832336425781
0.0388145446777344 0.00870132446289063 0.00384330749511719 0.0215282440185547
0.0319404602050781 -0.0234584808349609 0.0022430419921875 0.0147514343261719
0.0164680480957031 -0.0344333648681641 -0.00268936157226562 0.0206832885742188
0.0147151947021484 -0.0328121185302734 -0.00650978088378906 0.0273265838623047
0.0129547119140625 -0.0396041870117188 -0.00972175598144531 0.0332431793212891
0.0218982696533203 -0.0337066650390625 -0.0247383117675781 0.028717041015625
0.0395050048828125 -0.0166511535644531 -0.0305271148681641 0.0172233581542969
0.0407638549804687 0.0107002258300781 -0.0255050659179687 -0.0057220458984375
0.0136528015136719 0.0463981628417969 -0.008453369140625 -0.014373779296875
-0.0156173706054688 0.0487442016601563 0.00342082977294922 0.0126256942749023
-0.0433692932128906 0.0308990478515625 -0.0361328125 0.0349311828613281
-0.0275650024414063 -0.00327110290527343 -0.031280517578125 0.0602607727050781
-0.0263900756835937 0.0112667083740234 -0.0299873352050781 0.0569000244140625
-0.0138072967529297 0.0263233184814453 -0.0142936706542969 0.0387191772460938
0.0105533599853516 0.0229854583740234 -0.00652122497558594 0.0311527252197266
0.0199241638183594 0.00706100463867188 -0.00431442260742188 0.0232410430908203
0.0191116333007813 -0.0119724273681641 -0.00375175476074219 0.0236091613769531
0.0108146667480469 -0.01885986328125 -0.00406455993652344 0.0319366455078125
0.00982856750488281 -0.0193557739257813 -0.006072998046875 0.0370063781738281
0.00876235961914063 -0.0247459411621094 -0.011322021484375 0.0429306030273438
0.0154399871826172 -0.0219478607177734 -0.0280303955078125 0.0366897583007813
0.0274677276611328 -0.0101680755615234 -0.0347652435302734 0.0215396881103516
0.0271186828613281 0.00940132141113281 -0.0305538177490234 -0.00319862365722656
0.00428199768066407 0.0325031280517578 -0.0120601654052734 -0.0134115219116211
-0.0184249877929688 0.0279788970947266 -0.00309085845947266 0.0173521041870117
-0.0345878601074219 0.00798225402832031 -0.0496635437011719 0.0403175354003906
0.0122356414794922 0.0172595977783203 0.0555686950683594 -0.0451583862304687
0.0158042907714844 -0.00773334503173828 0.0106430053710938 -0.0216636657714844
0.000477790832519531 -0.0131607055664062 0.0113039016723633 0.0174293518066406
-0.00917911529541016 -0.0046834945678711 0.0397300720214844 0.00973129272460938
-0.00887775421142578 0.00290679931640625 0.0439186096191406 -0.0194587707519531
-0.00579452514648437 0.0078740119934082 0.0302238464355469 -0.0443153381347656
-0.00412344932556152 0.00406098365783691 0.0106887817382813 -0.0533370971679687
-0.00363421440124512 0.00396561622619629 0.00336837768554687 -0.0433998107910156
-0.00537776947021484 0.00289487838745117 0.00254058837890625 -0.0376052856445313
-0.00540542602539063 -0.00256061553955078 0.00600433349609375 -0.0309906005859375
-1.28746032714846E-05 -0.00754261016845703 0.00451469421386718 -0.0277309417724609
0.00961112976074219 -0.00701808929443359 0.0106544494628906 -0.0328884124755859
0.0167942047119141 0.00408744812011719 0.0222091674804688 -0.0384902954101562
0.0173625946044922 0.0189189910888672 0.0317153930664062 -0.0559501647949219
0.00826835632324219 0.028045654296875 0.0425643920898438 -0.0601806640625
-0.008331298828125 0.0402412414550781 0.0604095458984375 -0.0353240966796875
0.00956344604492187 0.0176200866699219 0.0148200988769531 -0.0154495239257812
0.00925827026367188 0.0107707977294922 0.0124301910400391 0.0221443176269531
0.0099639892578125 0.00464820861816406 0.042694091796875 0.0128974914550781
0.0100917816162109 -0.000203132629394531 0.0470771789550781 -0.0157127380371094
0.00674724578857422 -0.00781011581420898 0.0323829650878906 -0.0436286926269531
0.00248813629150391 -0.0157461166381836 0.0100898742675781 -0.0523643493652344
0.00336742401123047 -0.0138778686523438 0.00127029418945313 -0.0401802062988281
0.00293159484863281 -0.0168991088867188 0.000371932983398441 -0.0345840454101563
0.00944232940673828 -0.0168685913085938 0.00174331665039062 -0.0300140380859375
0.0210628509521484 -0.0104522705078125 0.000932693481445313 -0.0257034301757813
0.0284442901611328 0.00441360473632813 0.00776863098144531 -0.0308399200439453
0.0196495056152344 0.0301933288574219 0.0174407958984375 -0.0358352661132813
0.00787734985351563 0.0454063415527344 0.0274200439453125 -0.0493316650390625
-0.0131645202636719 0.0495071411132813 0.0371971130371094 -0.0504531860351562
-0.0295600891113281 0.0564422607421875 0.0563888549804688 -0.0194435119628906
-0.00154876708984375 0.0416183471679688 0.0144147872924805 -0.00300121307373047
0.0145111083984375 0.0372657775878906 0.0116996765136719 0.0294666290283203
0.0284786224365234 0.0168170928955078 0.0423507690429688 0.0193519592285156
0.0293865203857422 -0.00100135803222656 0.046630859375 -0.00872039794921875
0.0203571319580078 -0.0215339660644531 0.0326194763183594 -0.0380973815917969
0.0094451904296875 -0.0321712493896484 0.00933456420898437 -0.0446090698242188
0.0108718872070313 -0.0295314788818359 -0.00153160095214844 -0.0310916900634766
0.0093841552734375 -0.0350570678710938 -0.00252723693847656 -0.0256233215332031
0.0203742980957031 -0.0303668975830078 -0.00493812561035156 -0.0231170654296875
0.0379562377929688 -0.0158615112304688 -0.00666046142578125 -0.0202503204345703
0.0440292358398438 0.00992584228515625 0.000587463378906252 -0.0283775329589844
0.0245513916015625 0.0484046936035156 0.0107746124267578 -0.0324192047119141
0.00298690795898438 0.06439208984375 0.0215072631835938 -0.0386848449707031
-0.0294723510742188 0.0630645751953125 0.0254631042480469 -0.0345344543457031
-0.0477027893066406 0.0637702941894531 0.0439949035644531 0.00182342529296875
-0.0152091979980469 0.0592117309570313 0.00859451293945312 0.0133476257324219
0.014801025390625 0.0609550476074219 0.00754165649414063 0.0369148254394531
0.0428237915039063 0.0303497314453125 0.0369186401367188 0.0265350341796875
0.0456314086914063 0.0011138916015625 0.0414199829101563 0.00092315673828125
0.0323257446289062 -0.0308151245117187 0.0288505554199219 -0.0271034240722656
0.015594482421875 -0.0440597534179688 0.00723075866699219 -0.0308818817138672
0.0158042907714844 -0.0404205322265625 -0.00395965576171875 -0.0178203582763672
0.0133323669433594 -0.0478973388671875 -0.0056915283203125 -0.0123710632324219
0.0266189575195313 -0.041046142578125 -0.0119380950927734 -0.0111579895019531
0.0476608276367188 -0.0216445922851563 -0.0140905380249023 -0.0110998153686523
0.0546760559082031 0.0103607177734375 -0.00690650939941406 -0.0230922698974609
0.0296440124511719 0.0579185485839844 0.00425338745117188 -0.0278186798095703
0.000495910644531245 0.07440185546875 0.0166225433349609 -0.0256252288818359
-0.0403327941894531 0.0692405700683594 0.0105981826782227 -0.0154886245727539
-0.0584526062011719 0.0595512390136719 0.0236968994140625 0.0236911773681641
-0.0287361145019531 0.0658378601074219 -0.00178909301757813 0.0308437347412109
0.00864410400390625 0.0752487182617187 0.000316619873046874 0.0430564880371094
0.0479888916015625 0.0418624877929687 0.0264663696289063 0.0325527191162109
0.0548095703125 0.00501251220703125 0.0308189392089844 0.0106639862060547
0.040008544921875 -0.0350494384765625 0.0217647552490234 -0.0133342742919922
0.0195693969726563 -0.04931640625 0.00412178039550781 -0.0137548446655273
0.0182685852050781 -0.045166015625 -0.00615358352661133 -0.00148391723632813
0.0148162841796875 -0.0541000366210938 -0.00751638412475586 0.00402975082397461
0.0282707214355469 -0.045257568359375 -0.0176563262939453 0.00360107421875
0.051177978515625 -0.0246391296386719 -0.0212535858154297 -0.000144958496093747
0.056884765625 0.010101318359375 -0.0144815444946289 -0.0166559219360352
0.0293846130371094 0.0604019165039063 -0.000902175903320312 -0.0224990844726562
-0.00381469726562499 0.0746688842773438 0.0128955841064453 -0.0109319686889648
-0.0462875366210937 0.0652732849121094 -0.00515985488891602 0.00492143630981446
-0.0583686828613281 0.0451622009277344 0.00197219848632812 0.0431594848632812
-0.0371627807617187 0.0580635070800781 -0.01397705078125 0.0460624694824219
-0.0013885498046875 0.0732345581054688 -0.00777816772460938 0.0455818176269531
0.0423431396484375 0.0451622009277344 0.0129432678222656 0.0359268188476562
0.0526542663574219 0.00911331176757813 0.0175075531005859 0.0188808441162109
0.0407295227050781 -0.0324363708496094 0.0122928619384766 0.0023508071899414
0.0204353332519531 -0.0463714599609375 0.000682830810546876 0.00470638275146484
0.0180931091308594 -0.0433616638183594 -0.00684738159179687 0.0145788192749023
0.0148468017578125 -0.051544189453125 -0.00906562805175781 0.0201339721679687
0.0269012451171875 -0.0437812805175781 -0.0222053527832031 0.0176010131835937
0.049102783203125 -0.022918701171875 -0.0262603759765625 0.00986289978027343
0.0523338317871094 0.0102005004882813 -0.0207862854003906 -0.0105018615722656
0.0235519409179687 0.0569190979003906 -0.00512504577636719 -0.0180568695068359
-0.00977706909179688 0.0665206909179688 0.00890350341796875 0.00218772888183594
-0.0482063293457031 0.052642822265625 -0.0216350555419922 0.0228919982910156
-0.0468635559082031 0.0227470397949219 -0.0198974609375 0.0566520690917969
-0.0356216430664063 0.0384635925292969 -0.0252418518066406 0.0559654235839844
-0.00937652587890625 0.0555953979492188 -0.0134544372558594 0.0437965393066406
0.0284690856933594 0.0387001037597656 0.00082778930664063 0.0353813171386719
0.0400276184082031 0.00964736938476563 0.00456047058105469 0.0229167938232422
0.0333003997802734 -0.0244598388671875 0.00293827056884766 0.0152130126953125
0.0173301696777344 -0.0356254577636719 -0.00275230407714844 0.0214080810546875
0.0151386260986328 -0.0343227386474609 -0.00699996948242188 0.0291175842285156
0.0125465393066406 -0.0414466857910156 -0.0103073120117188 0.0346221923828125
0.0224399566650391 -0.0351390838623047 -0.0256690979003906 0.0299530029296875
0.0405387878417969 -0.0173835754394531 -0.0319156646728516 0.0177936553955078
0.0421333312988281 0.0106925964355469 -0.0259685516357422 -0.00597953796386719
0.0143394470214844 0.0480728149414063 -0.00860309600830078 -0.0151033401489258
-0.0158576965332031 0.0506134033203125 0.0037689208984375 0.0130271911621094
-0.0451431274414063 0.0322303771972656 -0.0375938415527344 0.0359420776367188
-0.0280437469482422 -0.00358772277832031 -0.0329627990722656 0.0625801086425781
-0.0276165008544922 0.0118484497070313 -0.0316925048828125 0.0592041015625
-0.0143165588378906 0.0272197723388672 -0.0158576965332031 0.0399932861328125
0.0110721588134766 0.0234603881835938 -0.00761032104492188 0.0331802368164063
0.0205421447753906 0.00751686096191406 -0.00434303283691406 0.0242824554443359
0.0196514129638672 -0.0124759674072266 -0.00392913818359375 0.0244503021240234
0.0113658905029297 -0.0197048187255859 -0.00380325317382812 0.0332469940185547
0.00974464416503906 -0.0200519561767578 -0.00629043579101562 0.0383834838867188
0.00886344909667969 -0.0258865356445312 -0.01153564453125 0.0444984436035156
0.0154991149902344 -0.0226802825927734 -0.028900146484375 0.0382270812988281
0.0280628204345703 -0.0107250213623047 -0.0362930297851563 0.0220718383789063
0.0279312133789063 0.00954818725585938 -0.0313205718994141 -0.00335502624511719
0.00452232360839844 0.0340042114257813 -0.0124626159667969 -0.01409912109375
-0.0195293426513672 0.0294361114501953 -0.00280952453613282 0.0181255340576172
-0.0358924865722656 0.00818634033203124 -0.0516548156738281 0.0414695739746094
0.0136795043945313 0.0181617736816406 0.0573196411132813 -0.04888916015625
0.0161886215209961 -0.00793075561523438 0.00985527038574219 -0.0231552124023438
0.000275611877441405 -0.0139389038085938 0.0122509002685547 0.0183734893798828
-0.00959396362304688 -0.00491046905517578 0.0421409606933594 0.00919342041015625
-0.00901603698730469 0.0034933090209961 0.0457305908203125 -0.0211944580078125
-0.00594282150268555 0.00838661193847656 0.0304718017578125 -0.0470237731933594
-0.00416803359985352 0.00430393218994141 0.00951766967773438 -0.0563011169433594
-0.0038139820098877 0.00405025482177734 0.00272369384765625 -0.045745849609375
-0.00476837158203125 0.00391435623168945 0.00167083740234375 -0.0398139953613281
-0.00514030456542969 -0.00235605239868164 0.00567245483398438 -0.0328254699707031
-0.000159740447998046 -0.007781982421875 0.00451278686523437 -0.0294284820556641
0.00989723205566406 -0.00766468048095703 0.0106449127197266 -0.0349178314208984
0.0180912017822266 0.00381660461425781 0.0230216979980469 -0.041778564453125
0.0188446044921875 0.0193920135498047 0.0324554443359375 -0.0601921081542969
0.00885772705078125 0.0296821594238281 0.0438880920410156 -0.0648841857910156
-0.00769805908203125 0.0426101684570313 0.0620079040527344 -0.0388717651367188
0.0101833343505859 0.0183734893798828 0.0147600173950195 -0.016718864440918
0.0100021362304688 0.0109615325927734 0.0137901306152344 0.0231761932373047
0.0106697082519531 0.00378036499023438 0.0452117919921875 0.0130729675292969
0.0107011795043945 -0.000501632690429688 0.0490188598632812 -0.0177650451660156
0.00653171539306641 -0.00840902328491211 0.0329971313476563 -0.0467300415039062
0.00176620483398438 -0.0163002014160156 0.00931167602539063 -0.054962158203125
0.00358104705810547 -0.0147533416748047 0.000217437744140629 -0.0420684814453125
0.00219154357910156 -0.0180225372314453 -0.000347137451171872 -0.0364151000976563
0.0090789794921875 -0.0179710388183594 0.000995635986328127 -0.031341552734375
0.0216617584228516 -0.0114860534667969 5.34057617187544E-05 -0.0274810791015625
0.0301036834716797 0.0040283203125 0.00753974914550781 -0.0334491729736328
0.0211868286132812 0.0312824249267578 0.0181083679199219 -0.0381851196289063
0.009368896484375 0.0471839904785156 0.0279121398925781 -0.0531044006347656
-0.012969970703125 0.0524177551269531 0.0381851196289063 -0.0542755126953125
-0.0294990539550781 0.0603103637695313 0.0586051940917969 -0.0214691162109375
-0.0011444091796875 0.0439338684082031 0.0141391754150391 -0.00420284271240234
0.0163230895996094 0.0393295288085938 0.0124301910400391 0.0311279296875
0.0306053161621094 0.0167770385742188 0.0447616577148438 0.0198898315429688
0.0317306518554688 -0.00162696838378906 0.0489387512207031 -0.00980377197265625
0.0206584930419922 -0.0230808258056641 0.0328788757324219 -0.04095458984375
0.00895881652832031 -0.0340633392333984 0.00813293457031251 -0.0471229553222656
0.0105762481689453 -0.0313224792480469 -0.00218963623046875 -0.0322322845458984
0.00876998901367188 -0.03729248046875 -0.00353431701660156 -0.0269050598144531
0.0204677581787109 -0.0324554443359375 -0.00611686706542969 -0.0233955383300781
0.0387153625488281 -0.017913818359375 -0.00752449035644531 -0.0215110778808594
0.0468597412109375 0.0091094970703125 2.67028808593768E-05 -0.0304946899414063
0.0278129577636719 0.0508651733398438 0.0108928680419922 -0.0346164703369141
0.00480651855468749 0.0674095153808594 0.0217208862304688 -0.0418167114257812
-0.0299263000488281 0.0677566528320313 0.0259742736816406 -0.0375480651855469
-0.0486259460449219 0.0682296752929688 0.0456199645996094 0.000804901123046879
-0.0152549743652344 0.0623588562011719 0.00858211517333984 0.0133228302001953
0.0174102783203125 0.0642967224121094 0.00825119018554688 0.0390815734863281
0.0460319519042969 0.0308914184570313 0.0393028259277344 0.0277862548828125
0.0483551025390625 0.00037384033203125 0.0439529418945312 0.000370025634765625
0.0329322814941406 -0.0335807800292969 0.0300750732421875 -0.0295886993408203
0.01470947265625 -0.0470046997070313 0.00641250610351563 -0.0325393676757813
0.015594482421875 -0.0431060791015625 -0.00429153442382812 -0.0177745819091797
0.0125846862792969 -0.0508956909179688 -0.00628185272216797 -0.0126314163208008
0.0260581970214844 -0.0434837341308594 -0.0131196975708008 -0.0110960006713867
0.0494537353515625 -0.0246543884277344 -0.015376091003418 -0.0114688873291016
0.0573921203613281 0.009368896484375 -0.0082855224609375 -0.0244903564453125
0.0331306457519531 0.0607452392578125 0.00395011901855469 -0.029693603515625
0.00258636474609376 0.0778732299804688 0.0169486999511719 -0.0278301239013672
-0.0409774780273437 0.0741806030273438 0.011143684387207 -0.0171623229980469
-0.06005859375 0.0638313293457031 0.0250167846679687 0.0244102478027344
-0.0289726257324219 0.0696563720703125 -0.00193977355957032 0.0320968627929688
0.0114822387695313 0.0793304443359375 0.000556945800781247 0.0459556579589844
0.0517921447753906 0.0427474975585937 0.0283012390136719 0.034423828125
0.0581626892089844 0.00409698486328125 0.0331878662109375 0.0108909606933594
0.0407295227050781 -0.0380287170410156 0.0231094360351563 -0.0145339965820313
0.0188064575195313 -0.0525054931640625 0.0036764144897461 -0.0139904022216797
0.0180931091308594 -0.0484237670898438 -0.00632619857788086 -0.00087976455688477
0.0136756896972656 -0.0570297241210938 -0.00813913345336914 0.00438928604125976
0.0280036926269531 -0.0485877990722656 -0.0190773010253906 0.00430870056152343
0.0531997680664062 -0.0272636413574219 -0.0223331451416016 0.000217437744140623
0.0604324340820313 0.00890731811523438 -0.0154600143432617 -0.0175065994262695
0.0330009460449219 0.0629768371582031 -0.000894546508789062 -0.0242557525634766
-0.0011444091796875 0.0787887573242188 0.0136795043945313 -0.0121221542358398
-0.0471000671386719 0.0699844360351563 -0.00543785095214844 0.00453329086303711
-0.0606155395507812 0.0489997863769531 0.00241851806640625 0.0456047058105469
-0.0375518798828125 0.0619621276855469 -0.0143928527832031 0.0479850769042969
0.00109100341796876 0.0779342651367188 -0.00743103027343751 0.0483360290527344
0.0454902648925781 0.0464744567871094 0.0140838623046875 0.0382728576660156
0.0557403564453125 0.00813674926757813 0.0189266204833984 0.020050048828125
0.0415306091308594 -0.0349769592285156 0.012965202331543 0.00165843963623047
0.019561767578125 -0.0491142272949219 0.000685691833496095 0.00495052337646484
0.0177650451660156 -0.0462760925292969 -0.00687313079833984 0.0159730911254883
0.01336669921875 -0.0545463562011719 -0.00952911376953125 0.0216236114501953
0.0265426635742188 -0.0464744567871094 -0.0226230621337891 0.0189704895019531
0.050079345703125 -0.0260467529296875 -0.0273857116699219 0.0109672546386719
0.0554466247558594 0.00931930541992188 -0.0215606689453125 -0.0106163024902344
0.0269203186035156 0.05914306640625 -0.00548171997070313 -0.0190238952636719
-0.00823974609375001 0.0698585510253906 0.00934696197509766 0.00163555145263672
-0.0497589111328125 0.0569725036621094 -0.0220184326171875 0.0240898132324219
-0.0487098693847656 0.0251922607421875 -0.0197372436523438 0.0598640441894531
-0.0369186401367188 0.0412063598632812 -0.0256690979003906 0.0586624145507813
-0.008392333984375 0.0588493347167969 -0.0140113830566406 0.0468177795410156
0.0308341979980469 0.0395355224609375 0.00133895874023438 0.0377273559570312
0.0428085327148438 0.0092010498046875 0.00513458251953125 0.0241127014160156
0.0338840484619141 -0.0265769958496094 0.003509521484375 0.015894889831543
0.0168228149414063 -0.0385169982910156 -0.00200080871582031 0.023040771484375
0.0149955749511719 -0.0365371704101562 -0.00651741027832031 0.0312652587890625
0.0116615295410156 -0.0439643859863281 -0.00963211059570313 0.0363006591796875
0.0224113464355469 -0.0375328063964844 -0.0264225006103516 0.0319614410400391
0.0420036315917969 -0.0203857421875 -0.0326976776123047 0.019195556640625
0.0443038940429688 0.0105934143066406 -0.02783203125 -0.00547599792480469
0.0166969299316406 0.0501861572265625 -0.00898170471191406 -0.0156650543212891
-0.0155372619628906 0.05340576171875 0.00480937957763672 0.0132036209106445
-0.0464668273925781 0.0352592468261719 -0.0384063720703125 0.0385780334472656
-0.0291404724121094 -0.00324058532714844 -0.0330657958984375 0.0665435791015625
-0.0286712646484375 0.0131549835205078 -0.0316696166992187 0.0628852844238281
-0.0141353607177734 0.0296382904052734 -0.0163307189941406 0.0431251525878906
0.01220703125 0.02447509765625 -0.00685501098632813 0.0357704162597656
0.0220470428466797 0.00784111022949219 -0.00374603271484375 0.026336669921875
0.0198936462402344 -0.0135517120361328 -0.00314712524414062 0.0258388519287109
0.010894775390625 -0.0212230682373047 -0.00312423706054687 0.0352210998535156
0.00988578796386719 -0.0216197967529297 -0.00551986694335937 0.0408287048339844
0.00850677490234375 -0.0274200439453125 -0.0111160278320312 0.0471305847167969
0.0153446197509766 -0.0240802764892578 -0.0295257568359375 0.0406723022460938
0.0294227600097656 -0.0121631622314453 -0.0373077392578125 0.0241203308105469
0.0297813415527344 0.00935935974121094 -0.0330562591552734 -0.00274658203124999
0.00540924072265625 0.0358734130859375 -0.0133543014526367 -0.0146045684814453
-0.0197219848632812 0.0310268402099609 -0.00217056274414063 0.0191173553466797
-0.0373802185058594 0.00982284545898438 -0.0529365539550781 0.044769287109375
0.0153179168701172 0.0181922912597656 0.0567665100097656 -0.0535507202148438
0.0159158706665039 -0.00899028778076172 0.00848770141601563 -0.0243701934814453
-0.000583648681640627 -0.0147056579589844 0.0135726928710937 0.018585205078125
-0.00984668731689453 -0.00471019744873047 0.0441665649414063 0.007354736328125
-0.00947189331054688 0.00376701354980469 0.04608154296875 -0.0243682861328125
-0.00551414489746094 0.00923442840576172 0.0298004150390625 -0.0500221252441406
-0.00410366058349609 0.00478839874267578 0.00673675537109374 -0.0593643188476562
-0.00319147109985351 0.00446891784667969 0.000362396240234372 -0.0476226806640625
-0.00465297698974609 0.00381708145141602 -0.000377655029296878 -0.0411262512207031
-0.00567007064819336 -0.00206375122070313 0.0040130615234375 -0.0347709655761719
-0.000683307647705078 -0.00801515579223633 0.00330162048339844 -0.0312976837158203
0.0102930068969727 -0.00857353210449219 0.0094757080078125 -0.0373878479003906
0.0187644958496094 0.00308036804199219 0.0218963623046875 -0.0451545715332031
0.0201778411865234 0.0192584991455078 0.0302581787109375 -0.0643806457519531
0.0112113952636719 0.0305328369140625 0.042633056640625 -0.0703125
-0.0057830810546875 0.04534912109375 0.0625839233398438 -0.04339599609375
0.0114574432373047 0.0189685821533203 0.0133495330810547 -0.0183944702148438
0.0114049911499023 0.0111227035522461 0.015167236328125 0.0239887237548828
0.0111351013183594 0.00366306304931641 0.0472984313964844 0.011474609375
0.0112705230712891 -0.00153732299804687 0.0503730773925781 -0.0207176208496094
0.00633049011230469 -0.00865602493286133 0.0319633483886719 -0.0499229431152344
0.000596046447753905 -0.0166692733764648 0.0064849853515625 -0.0574150085449219
0.00301742553710937 -0.0156259536743164 -0.00176239013671875 -0.0437278747558594
0.00151634216308594 -0.0185298919677734 -0.00236892700195313 -0.0378913879394531
0.00880622863769531 -0.0188846588134766 -0.00100517272949219 -0.0327205657958984
0.0216140747070313 -0.0132465362548828 -0.00110816955566406 -0.0284347534179688
0.03155517578125 0.0027923583984375 0.00603103637695313 -0.03564453125
0.0241222381591797 0.0315704345703125 0.0166702270507813 -0.0417861938476563
0.0124778747558594 0.0483551025390625 0.0258026123046875 -0.0573768615722656
-0.0106582641601562 0.0557746887207031 0.037261962890625 -0.0594444274902344
-0.02777099609375 0.0647125244140625 0.0592002868652344 -0.0255699157714844
0.000949859619140621 0.0458259582519531 0.0139389038085938 -0.00526332855224609
0.0194740295410156 0.0399246215820313 0.0145530700683594 0.0320911407470703
0.0330600738525391 0.0157527923583984 0.0472373962402344 0.0188865661621094
0.0328407287597656 -0.00368309020996094 0.0508499145507813 -0.0125083923339844
0.0199947357177734 -0.0254249572753906 0.0322074890136719 -0.0440711975097656
0.00654983520507813 -0.0362548828125 0.00580215454101562 -0.0493392944335938
0.0092010498046875 -0.0336112976074219 -0.00375938415527344 -0.0329418182373047
0.00678253173828125 -0.0390739440917969 -0.00506591796875 -0.0280952453613281
0.0192031860351563 -0.0346965789794922 -0.00799179077148437 -0.0238628387451172
0.0394935607910156 -0.0208587646484375 -0.00907325744628906 -0.0216331481933594
0.0492477416992187 0.007171630859375 -0.00120353698730469 -0.0320377349853516
0.0318260192871094 0.0515861511230469 0.00981521606445312 -0.037628173828125
0.00878143310546874 0.0700759887695312 0.0201759338378906 -0.0452079772949219
-0.027740478515625 0.072784423828125 0.0255355834960938 -0.0408477783203125
-0.0473480224609375 0.0738296508789063 0.0471000671386719 -0.001617431640625
-0.0132598876953125 0.0662460327148438 0.00907993316650391 0.0128612518310547
0.0218505859375 0.0663414001464844 0.00998306274414063 0.0410919189453125
0.0495376586914062 0.0298042297363281 0.0420417785644531 0.0277481079101563
0.0506324768066406 -0.0024871826171875 0.0461349487304688 -0.001220703125
0.0321388244628906 -0.0366134643554687 0.0297183990478516 -0.0323505401611328
0.0122299194335938 -0.0499420166015625 0.00509834289550782 -0.0343399047851562
0.0135383605957031 -0.0458602905273438 -0.00532150268554687 -0.0180282592773438
0.00961685180664063 -0.0530509948730469 -0.00754642486572266 -0.0128002166748047
0.0241966247558594 -0.0465812683105469 -0.0146884918212891 -0.0108203887939453
0.049713134765625 -0.0282821655273438 -0.0168771743774414 -0.0112667083740234
0.0603866577148438 0.0064697265625 -0.00950431823730468 -0.0254497528076172
0.0385017395019531 0.06170654296875 0.00275039672851563 -0.0319805145263672
0.00719451904296876 0.0808029174804688 0.0160083770751953 -0.0305824279785156
-0.0388946533203125 0.0800704956054688 0.0104961395263672 -0.0187835693359375
-0.0596504211425781 0.0702743530273438 0.0267982482910156 0.0241489410400391
-0.0275955200195313 0.0738143920898438 -0.000715255737304688 0.0328922271728516
0.0161666870117188 0.0824508666992188 0.0022125244140625 0.0486412048339844
0.0562248229980469 0.0418968200683594 0.0307807922363281 0.0354957580566406
0.0608482360839844 0.00105667114257813 0.0355911254882813 0.0102996826171875
0.0401496887207031 -0.0417976379394531 0.0231723785400391 -0.0162124633789063
0.0158882141113281 -0.0555534362792969 0.00339221954345703 -0.014948844909668
0.0158767700195313 -0.0514945983886719 -0.00643110275268555 -8.48770141601605E-05
0.0101776123046875 -0.0595283508300781 -0.00852441787719727 0.00564193725585937
0.0260276794433594 -0.0520553588867188 -0.0193767547607422 0.00574874877929687
0.0534744262695313 -0.0317420959472656 -0.0233631134033203 0.00113487243652343
0.0631561279296875 0.0058746337890625 -0.0168132781982422 -0.0178337097167969
0.0384254455566406 0.0640335083007813 -0.00219345092773437 -0.0255241394042969
0.003173828125 0.081756591796875 0.0135812759399414 -0.0137968063354492
-0.0460357666015625 0.0761566162109375 -0.00531053543090821 0.00473117828369141
-0.0604438781738281 0.0546188354492188 0.00435638427734374 0.0470771789550781
-0.0366630554199219 0.0661048889160156 -0.0127410888671875 0.0504570007324219
0.00543975830078125 0.0812835693359375 -0.0063934326171875 0.051239013671875
0.050018310546875 0.0456085205078125 0.0163536071777344 0.0395965576171875
0.058868408203125 0.00536727905273438 0.0212783813476563 0.0202541351318359
0.0410423278808594 -0.0389366149902344 0.0138044357299805 0.00113868713378906
0.0170478820800781 -0.0525703430175781 0.000986099243164063 0.00565242767333984
0.0159530639648438 -0.0487709045410156 -0.00639915466308594 0.0177421569824219
0.0104217529296875 -0.0574836730957031 -0.00891685485839844 0.0230731964111328
0.0244674682617187 -0.0497093200683594 -0.0231304168701172 0.0212268829345703
0.0503654479980469 -0.0298080444335938 -0.0278682708740234 0.0125255584716797
0.05816650390625 0.00665664672851563 -0.0227527618408203 -0.0100593566894531
0.0316658020019531 0.0603752136230469 -0.00620079040527343 -0.0197830200195312
-0.00457763671874999 0.0727920532226562 0.0100622177124023 0.00115680694580079
-0.0485763549804687 0.0622444152832031 -0.0215263366699219 0.0259246826171875
-0.0498428344726563 0.028961181640625 -0.0180206298828125 0.0641365051269531
-0.0364646911621094 0.0445747375488281 -0.0240554809570313 0.0624656677246094
-0.00534820556640625 0.062103271484375 -0.0128364562988281 0.0501594543457031
0.0346183776855469 0.0395393371582031 0.0034332275390625 0.0395584106445313
0.0448989868164062 0.00756072998046875 0.00721549987792969 0.0256462097167969
0.0334358215332031 -0.0294189453125 0.00392532348632813 0.0163679122924805
0.0149192810058594 -0.0407676696777344 -0.000844955444335936 0.0242958068847656
0.0131492614746094 -0.0389862060546875 -0.00458335876464844 0.0333900451660156
0.00918197631835938 -0.0462112426757813 -0.00867080688476563 0.0386085510253906
0.0203285217285156 -0.0403175354003906 -0.0260753631591797 0.0351219177246094
0.0420112609863281 -0.0230674743652344 -0.0329532623291016 0.0217609405517578
0.0468597412109375 0.0081787109375 -0.0288410186767578 -0.00468063354492188
0.0199508666992188 0.0515594482421875 -0.00994873046875 -0.0158843994140625
-0.0126800537109375 0.0562629699707031 0.0058746337890625 0.0128345489501953
-0.0467414855957031 0.0400848388671875 -0.0379142761230469 0.0417137145996094
-0.0306720733642578 -0.00171852111816407 -0.0314178466796875 0.0713272094726563
-0.0292243957519531 0.0153465270996094 -0.0300750732421875 0.0670890808105469
-0.0129165649414063 0.0316390991210938 -0.0152130126953125 0.0454559326171875
0.0143375396728516 0.02459716796875 -0.0053253173828125 0.0381202697753906
0.0231781005859375 0.00697517395019531 -0.0026397705078125 0.0279350280761719
0.0198440551757813 -0.0153274536132813 -0.00195884704589844 0.0271167755126953
0.0100917816162109 -0.0231189727783203 -0.00123214721679687 0.0370712280273437
0.00917243957519531 -0.0230007171630859 -0.00324630737304687 0.0434913635253906
0.00710105895996094 -0.0286674499511719 -0.00919723510742188 0.0498924255371094
0.0139389038085937 -0.0260086059570312 -0.0288276672363281 0.0442695617675781
0.0296173095703125 -0.0139923095703125 -0.037628173828125 0.0269737243652344
0.0313510894775391 0.00800323486328125 -0.0345497131347656 -0.00143623352050782
0.00770950317382812 0.0366973876953125 -0.0141134262084961 -0.014286994934082
-0.0188159942626953 0.0332736968994141 -0.000555038452148438 0.0192699432373047
-0.0382881164550781 0.0122756958007813 -0.0519332885742187 0.0488433837890625
0.0170135498046875 0.0177288055419922 0.054168701171875 -0.0572166442871094
0.0154552459716797 -0.00992298126220703 0.00595283508300782 -0.0247898101806641
-0.00129890441894531 -0.0146760940551758 0.0150222778320312 0.0182170867919922
-0.0106744766235352 -0.004852294921875 0.0449600219726563 0.00537109375
-0.00917530059814453 0.00430393218994141 0.0450172424316406 -0.0269737243652344
-0.00487518310546875 0.00973224639892578 0.0269622802734375 -0.0521392822265625
-0.00368738174438476 0.00538778305053711 0.00325775146484375 -0.0600814819335938
-0.00293827056884766 0.00482606887817383 -0.00231170654296875 -0.0481491088867188
-0.00408124923706055 0.00411009788513184 -0.00289154052734375 -0.0417289733886719
-0.00541496276855469 -0.00113296508789063 0.00200653076171875 -0.0354499816894531
-0.0014190673828125 -0.00788593292236328 0.00164794921875 -0.0320034027099609
0.00993537902832031 -0.00927543640136719 0.00756072998046875 -0.0387992858886719
0.0194797515869141 0.00205802917480469 0.0192451477050781 -0.0470237731933594
0.021453857421875 0.018310546875 0.0268440246582031 -0.0669708251953125
0.0128498077392578 0.0306682586669922 0.0389556884765625 -0.0743026733398438
-0.00279617309570313 0.0465621948242188 0.0604515075683594 -0.04730224609375
0.0121784210205078 0.0185947418212891 0.0116767883300781 -0.0191078186035156
0.0124721527099609 0.0103912353515625 0.0168552398681641 0.0235767364501953
0.0115165710449219 0.00259304046630859 0.0484275817871094 0.00948715209960938
0.0113916397094727 -0.00240898132324219 0.0495529174804687 -0.0234870910644531
0.00591087341308594 -0.00949287414550781 0.029449462890625 -0.0527153015136719
-0.000685691833496093 -0.0169706344604492 0.00331878662109375 -0.058563232421875
0.00188255310058594 -0.0163278579711914 -0.00403594970703125 -0.043792724609375
0.000537872314453123 -0.0193328857421875 -0.005279541015625 -0.03857421875
0.00767135620117188 -0.0193557739257813 -0.00259780883789063 -0.0330276489257813
0.0213451385498047 -0.0143184661865234 -0.00292587280273438 -0.0291099548339844
0.0320663452148437 0.000738143920898437 0.00426483154296875 -0.0373344421386719
0.0262775421142578 0.0306816101074219 0.0150032043457031 -0.0436363220214844
0.0154304504394531 0.0480995178222656 0.0227470397949219 -0.0597305297851562
-0.00767517089843749 0.0574378967285156 0.03448486328125 -0.0633163452148438
-0.0244827270507813 0.0675048828125 0.0585899353027344 -0.0292472839355469
0.00300216674804688 0.04638671875 0.0125770568847656 -0.00625133514404297
0.0225677490234375 0.0394935607910156 0.0161018371582031 0.0323276519775391
0.0344753265380859 0.01373291015625 0.0488357543945312 0.0169258117675781
0.0335102081298828 -0.00598335266113281 0.0511627197265625 -0.0152053833007813
0.0181636810302734 -0.0267391204833984 0.0301742553710938 -0.0465278625488281
0.00427627563476563 -0.0368995666503906 0.00313949584960938 -0.0497894287109375
0.00724601745605469 -0.0345878601074219 -0.00578117370605468 -0.0329132080078125
0.00444412231445313 -0.0399932861328125 -0.00689888000488281 -0.0277233123779297
0.0169525146484375 -0.0362777709960938 -0.00944709777832031 -0.0237827301025391
0.038330078125 -0.0233688354492188 -0.0107250213623047 -0.0216331481933594
0.0502471923828125 0.0041656494140625 -0.00327682495117187 -0.0331096649169922
0.03570556640625 0.0503196716308594 0.0081024169921875 -0.0392608642578125
0.0133132934570313 0.0699234008789063 0.017852783203125 -0.0473556518554688
-0.0242080688476562 0.0756072998046875 0.0234107971191406 -0.043487548828125
-0.0435562133789062 0.0781021118164063 0.0473670959472656 -0.00400924682617187
-0.00981903076171874 0.0680999755859375 0.00889301300048828 0.0122032165527344
0.0264091491699219 0.0663414001464844 0.0122756958007813 0.0418281555175781
0.0517959594726563 0.0269012451171875 0.0442695617675781 0.026275634765625
0.0517158508300781 -0.00571060180664062 0.0467262268066406 -0.00382614135742188
0.0300331115722656 -0.0389747619628906 0.0279750823974609 -0.0338935852050781
0.00857925415039062 -0.0511436462402344 0.00311851501464844 -0.0345878601074219
0.0109176635742188 -0.0471916198730469 -0.0064849853515625 -0.0172958374023438
0.0061492919921875 -0.0542144775390625 -0.00884914398193359 -0.0123691558837891
0.0211639404296875 -0.0483283996582031 -0.0156307220458984 -0.00987434387207032
0.0484275817871094 -0.0313644409179688 -0.0177764892578125 -0.0101184844970703
0.06134033203125 0.0030059814453125 -0.0110740661621094 -0.0258998870849609
0.0429000854492187 0.0600776672363281 0.00144767761230469 -0.0331287384033203
0.0121536254882813 0.0808029174804688 0.0145168304443359 -0.0324249267578125
-0.0351181030273437 0.0839614868164063 0.00999641418457031 -0.0200462341308594
-0.0562744140625 0.0749053955078125 0.0280475616455078 0.0222892761230469
-0.024078369140625 0.076568603515625 -0.000345230102539063 0.0326900482177734
0.0217208862304688 0.0830154418945313 0.00439453125 0.0499229431152344
0.0593528747558594 0.0387458801269531 0.0331268310546875 0.0352096557617188
0.0622520446777344 -0.00239944458007813 0.0369682312011719 0.00858306884765625
0.0375595092773438 -0.044281005859375 0.0219268798828125 -0.0177059173583984
0.011962890625 -0.0570182800292969 0.00226211547851563 -0.0148200988769531
0.0127410888671875 -0.0532379150390625 -0.00623369216918945 0.00100183486938476
0.00647735595703125 -0.0608558654785156 -0.00852346420288086 0.00616836547851562
0.0221900939941406 -0.0539360046386719 -0.0196456909179688 0.00733375549316406
0.0513992309570313 -0.0352516174316406 -0.0234909057617187 0.00268745422363281
0.0641517639160156 0.00208282470703125 -0.0181159973144531 -0.0174064636230469
0.0434761047363281 0.062225341796875 -0.00356292724609375 -0.0264453887939453
0.00782775878906249 0.0816879272460937 0.0132732391357422 -0.0155134201049805
-0.0423812866210937 0.0801010131835938 -0.00499248504638672 0.00449562072753907
-0.05804443359375 0.0591087341308594 0.00653457641601562 0.0472793579101563
-0.0337066650390625 0.069091796875 -0.0108985900878906 0.0512580871582031
0.0107040405273438 0.0821914672851563 -0.0039825439453125 0.052764892578125
0.0532073974609375 0.0437431335449219 0.0187606811523438 0.0401573181152344
0.0606346130371094 0.00217437744140625 0.0228767395019531 0.0196437835693359
0.0383834838867188 -0.0416145324707031 0.0139961242675781 0.000306129455566404
0.0132369995117187 -0.0539817810058594 0.00155925750732422 0.00588464736938476
0.0128822326660156 -0.0507164001464844 -0.00504112243652344 0.0187034606933594
0.00647354125976562 -0.0583953857421875 -0.00786972045898438 0.0241413116455078
0.0207290649414063 -0.0511245727539063 -0.0223770141601563 0.0229721069335937
0.0486183166503906 -0.0330085754394531 -0.0275402069091797 0.0142135620117188
0.0592079162597656 0.00278854370117188 -0.0237140655517578 -0.00916290283203125
0.0355758666992188 0.059234619140625 -0.00773239135742187 -0.0200614929199219
-0.000442504882812502 0.07342529296875 0.0108823776245117 -0.000250816345214839
-0.0455398559570313 0.0664100646972656 -0.0203456878662109 0.0271511077880859
-0.0486869812011719 0.0323638916015625 -0.0150299072265625 0.0657081604003906
-0.0345687866210937 0.0471305847167969 -0.021209716796875 0.0637741088867188
-0.00144195556640625 0.0635910034179688 -0.0101966857910156 0.0519332885742188
0.0373802185058594 0.0380477905273438 0.00558853149414063 0.0407142639160156
0.0465850830078125 0.00518417358398438 0.00893783569335938 0.0260868072509766
0.0312938690185547 -0.0314903259277344 0.00500965118408203 0.0160837173461914
0.0116539001464844 -0.0426521301269531 0.00128746032714844 0.0245838165283203
0.0106468200683594 -0.0404090881347656 -0.00263023376464843 0.0342063903808594
0.00638961791992187 -0.0471839904785156 -0.00668716430664063 0.0397720336914062
0.0175666809082031 -0.0420570373535156 -0.0244789123535156 0.0370063781738281
0.0411834716796875 -0.0262870788574219 -0.0319919586181641 0.0235996246337891
0.0478134155273438 0.00518798828125 -0.0298004150390625 -0.00352287292480469
0.0232887268066406 0.0507431030273438 -0.0108242034912109 -0.015681266784668
-0.00967025756835938 0.0572662353515625 0.00756359100341797 0.0121726989746094
-0.044586181640625 0.0431137084960938 -0.0355415344238281 0.0440902709960938
-0.0311775207519531 -0.000101089477539061 -0.02862548828125 0.073974609375
-0.0285320281982422 0.0172595977783203 -0.0267868041992188 0.0686187744140625
-0.0107593536376953 0.0331306457519531 -0.0127754211425781 0.04718017578125
0.0160026550292969 0.0239963531494141 -0.00345611572265625 0.0394783020019531
0.0241546630859375 0.00531005859375 -0.000471115112304686 0.0291213989257813
0.0189361572265625 -0.0162353515625 -4.00543212890633E-05 0.0274372100830078
0.00819015502929688 -0.0237979888916016 0.00140762329101562 0.037445068359375
0.00733757019042969 -0.0241889953613281 -0.000804901123046871 0.0442962646484375
0.00583457946777344 -0.0293216705322266 -0.00671768188476562 0.0513496398925781
0.0124721527099609 -0.0271263122558594 -0.02630615234375 0.0467033386230469
0.0289478302001953 -0.0161056518554688 -0.036102294921875 0.0290641784667969
0.0320091247558594 0.0060577392578125 -0.0351181030273438 0.000455856323242196
0.0100631713867188 0.0372772216796875 -0.0151643753051758 -0.0139589309692383
-0.0171737670898437 0.0348396301269531 0.00115394592285156 0.0194110870361328
-0.0376319885253906 0.0145416259765625 -0.0497093200683594 0.0523948669433594
0.017451286315918 0.0170278549194336 0.0513534545898437 -0.0587196350097656
0.0148801803588867 -0.0098724365234375 0.0045013427734375 -0.0243091583251953
-0.00195884704589844 -0.0144615173339844 0.0155296325683594 0.0180301666259766
-0.0106306076049805 -0.00452327728271484 0.0446739196777344 0.00387954711914062
-0.00868892669677734 0.00438928604125976 0.0438423156738281 -0.0279769897460938
-0.00462436676025391 0.0101518630981445 0.0251235961914062 -0.052825927734375
-0.00357341766357422 0.00589323043823242 0.000621795654296879 -0.0599136352539062
-0.00253391265869141 0.00464534759521484 -0.00445938110351563 -0.048065185546875
-0.0039210319519043 0.00412225723266601 -0.00447845458984375 -0.0415458679199219
-0.00512599945068359 -0.00105381011962891 0.000751495361328122 -0.0354499816894531
-0.00171375274658203 -0.00731563568115234 0.000873565673828127 -0.0321636199951172
0.00927543640136719 -0.00968456268310547 0.00629806518554687 -0.0394020080566406
0.0192890167236328 0.0009613037109375 0.0176162719726563 -0.0472602844238281
0.0220451354980469 0.0175952911376953 0.0240974426269531 -0.0673866271972656
0.0142173767089844 0.0296554565429688 0.0361557006835938 -0.0760650634765625
-0.00114059448242187 0.0463600158691406 0.0578956604003906 -0.0490913391113281
0.01275634765625 0.0184974670410156 0.00979423522949219 -0.0191135406494141
0.012965202331543 0.0100641250610352 0.0176372528076172 0.0231590270996094
0.0118551254272461 0.00156116485595703 0.0482254028320313 0.00807952880859375
0.0113162994384766 -0.00331783294677734 0.0486030578613281 -0.0250244140625
0.00531673431396484 -0.00973033905029297 0.0273895263671875 -0.0530052185058594
-0.00152683258056641 -0.0164289474487305 0.000930786132812496 -0.0580863952636719
0.00155353546142578 -0.0164403915405273 -0.00572967529296875 -0.0433273315429687
-0.000461578369140626 -0.0192718505859375 -0.00658035278320313 -0.0376472473144531
0.0067138671875 -0.0194854736328125 -0.00400161743164063 -0.0326309204101563
0.0200004577636719 -0.0150661468505859 -0.00408744812011719 -0.0294361114501953
0.0321197509765625 -0.00069427490234375 0.00267410278320313 -0.0376472473144531
0.0278167724609375 0.0295352935791016 0.0130195617675781 -0.0440139770507813
0.0171546936035156 0.0470123291015625 0.020111083984375 -0.0600395202636719
-0.00563430786132812 0.0577926635742188 0.0321426391601562 -0.0644607543945313
-0.0217323303222656 0.0685386657714844 0.0567398071289063 -0.0311698913574219
0.00425338745117188 0.046600341796875 0.0116214752197266 -0.00683879852294922
0.0242195129394531 0.0388870239257813 0.0172576904296875 0.0321464538574219
0.0346202850341797 0.0122699737548828 0.0492019653320313 0.0155181884765625
0.0329494476318359 -0.00734710693359375 0.0503005981445313 -0.016876220703125
0.0166664123535156 -0.0271778106689453 0.0282478332519531 -0.047149658203125
0.00247955322265625 -0.0368080139160156 0.00122833251953125 -0.0489616394042969
0.00551986694335938 -0.0349273681640625 -0.00634574890136719 -0.0324745178222656
0.0025634765625 -0.0397796630859375 -0.00821304321289063 -0.0272789001464844
0.0151863098144531 -0.0362052917480469 -0.0107688903808594 -0.0231513977050781
0.0371932983398438 -0.0244026184082031 -0.0114364624023438 -0.0214710235595703
0.0503883361816406 0.0022430419921875 -0.00440406799316406 -0.0332489013671875
0.0379409790039063 0.0486564636230469 0.006439208984375 -0.0397758483886719
0.0152778625488281 0.0683403015136719 0.016082763671875 -0.0481605529785156
-0.021148681640625 0.0767135620117188 0.0218086242675781 -0.0447235107421875
-0.0401992797851563 0.079925537109375 0.0463752746582031 -0.00608444213867187
-0.00806045532226562 0.0678443908691406 0.00810527801513672 0.0117034912109375
0.0291595458984375 0.0653114318847656 0.013336181640625 0.0419731140136719
0.0529136657714844 0.0246696472167969 0.0444679260253906 0.0250816345214844
0.0513725280761719 -0.00812530517578125 0.0469894409179687 -0.00516891479492188
0.0276718139648438 -0.04010009765625 0.0263614654541016 -0.03466796875
0.00616836547851563 -0.0511322021484375 0.00154304504394531 -0.0341720581054688
0.00864791870117187 -0.0476493835449219 -0.00639247894287109 -0.0164670944213867
0.00324249267578125 -0.0538330078125 -0.0093536376953125 -0.0115013122558594
0.0189857482910156 -0.0485000610351563 -0.0164422988891602 -0.00880146026611328
0.0462570190429687 -0.0333175659179687 -0.0181159973144531 -0.00947952270507813
0.061004638671875 -4.57763671875E-05 -0.0119915008544922 -0.0257167816162109
0.04498291015625 0.0578460693359375 4.76837158203146E-05 -0.0335693359375
0.0150222778320312 0.079620361328125 0.0130405426025391 -0.0333671569824219
-0.0315933227539062 0.0854873657226562 0.00901222229003906 -0.0212230682373047
-0.0533447265625 0.0770339965820313 0.0278682708740234 0.0217342376708984
-0.0213088989257812 0.0772171020507813 8.96453857421849E-05 0.0322017669677734
0.0256271362304688 0.0819244384765625 0.00563812255859375 0.0501441955566406
0.0603713989257813 0.0364913940429688 0.0339469909667969 0.0337543487548828
0.0622367858886719 -0.00497055053710938 0.0370903015136719 0.00766754150390625
0.0350685119628906 -0.0455474853515625 0.0212020874023438 -0.0183181762695313
0.00870132446289062 -0.0573883056640625 0.00146961212158203 -0.0146141052246094
0.0106010437011719 -0.0534515380859375 -0.00536108016967773 0.00189733505249023
0.003387451171875 -0.0605239868164063 -0.00828647613525391 0.00657606124877929
0.0192337036132813 -0.053741455078125 -0.0196628570556641 0.00819778442382812
0.0490036010742187 -0.0372161865234375 -0.0235652923583984 0.0033111572265625
0.0637931823730469 -0.00095367431640625 -0.0188350677490234 -0.0169677734375
0.0455169677734375 0.0602836608886719 -0.00423240661621093 -0.0267620086669922
0.0111312866210938 0.0806655883789063 0.0122251510620117 -0.0161714553833008
-0.0391921997070312 0.08203125 -0.00467252731323242 0.00442171096801758
-0.0556373596191406 0.0615425109863281 0.00745773315429687 0.0467147827148438
-0.0313644409179687 0.0700416564941406 -0.00942993164062501 0.0506019592285156
0.013916015625 0.0819244384765625 -0.00227737426757813 0.05328369140625
0.0545654296875 0.0414505004882812 0.0200881958007813 0.0393867492675781
0.0603675842285156 -0.000476837158203125 0.0235710144042969 0.0187892913818359
0.0363235473632813 -0.0428504943847656 0.0133934020996094 -4.86373901367214E-05
0.00979614257812499 -0.0544776916503906 0.00175666809082031 0.00596380233764648
0.01055908203125 -0.0511932373046875 -0.00370216369628906 0.0196189880371094
0.00333404541015625 -0.0579185485839844 -0.00705337524414063 0.0245609283447266
0.0177879333496094 -0.0512962341308594 -0.0216236114501953 0.0239658355712891
0.0465164184570313 -0.0347480773925781 -0.0272026062011719 0.0152473449707031
0.058563232421875 0.00057220458984375 -0.0240631103515625 -0.00833511352539062
0.0384140014648437 0.0572547912597656 -0.00801277160644531 -0.0202465057373047
0.00276947021484375 0.0727462768554688 0.0106754302978516 -0.00147056579589843
-0.0427970886230469 0.0681991577148438 -0.0190391540527344 0.0273323059082031
-0.0472602844238281 0.0339431762695313 -0.012969970703125 0.0657424926757812
-0.0327224731445313 0.0485343933105469 -0.0191612243652344 0.0640678405761719
0.00121688842773438 0.0634765625 -0.00876235961914062 0.0518302917480469
0.0381813049316406 0.0361557006835938 0.00708389282226563 0.0410614013671875
0.0462417602539062 0.00306320190429687 0.0100498199462891 0.0255146026611328
0.0295944213867187 -0.0323390960693359 0.00525665283203125 0.0157690048217773
0.00941848754882813 -0.0428199768066406 0.0021820068359375 0.0247173309326172
0.00893402099609375 -0.0410041809082031 -0.0006866455078125 0.03466796875
0.0037841796875 -0.0467872619628906 -0.0051727294921875 0.0403251647949219
0.0151405334472656 -0.042022705078125 -0.0229988098144531 0.0381126403808594
0.0393218994140625 -0.027313232421875 -0.0310230255126953 0.0248279571533203
0.0473899841308594 0.00326919555664063 -0.0292396545410156 -0.0022735595703125
0.0256233215332031 0.0497283935546875 -0.0113716125488281 -0.0156946182250976
-0.0074005126953125 0.0568656921386719 0.00800418853759766 0.0111598968505859
-0.0430679321289062 0.0450897216796875 -0.0330848693847656 0.0446128845214844
-0.0307636260986328 0.00104522705078125 -0.0253448486328125 0.0753860473632813
-0.0275764465332031 0.0181427001953125 -0.0243492126464844 0.0699195861816406
-0.00935745239257812 0.033203125 -0.0113372802734375 0.0478515625
0.0168170928955078 0.0230064392089844 -0.00186920166015624 0.0398521423339844
0.024078369140625 0.00493240356445313 0.000551223754882816 0.0290966033935547
0.0177631378173828 -0.0170097351074219 0.000297546386718748 0.0273551940917969
0.00661468505859375 -0.0239200592041016 0.0030517578125 0.0374984741210937
0.00625991821289063 -0.0243148803710937 0.00148391723632812 0.0446243286132813
0.0037841796875 -0.0295276641845703 -0.00441741943359375 0.0512046813964844
0.0109329223632812 -0.0274906158447266 -0.0249443054199219 0.0474014282226562
0.0278511047363281 -0.0172996520996094 -0.0346927642822266 0.0299530029296875
0.0319805145263672 0.0048065185546875 -0.0347614288330078 0.00140571594238282
0.0115280151367188 0.0366249084472656 -0.015411376953125 -0.0139455795288086
-0.0160446166992187 0.0348548889160156 0.00227737426757812 0.0183963775634766
-0.0368194580078125 0.0162429809570313 -0.0470848083496094 0.0536842346191406
0.0180492401123047 0.0167503356933594 0.0502052307128906 -0.0593070983886719
0.0147876739501953 -0.00993633270263672 0.00351524353027344 -0.0237445831298828
-0.00211334228515625 -0.014404296875 0.0159015655517578 0.0180549621582031
-0.0111312866210938 -0.00403022766113281 0.0445938110351563 0.00352096557617188
-0.00908660888671875 0.00455379486083984 0.0430335998535156 -0.0281982421875
-0.00405788421630859 0.0100536346435547 0.0243339538574219 -0.052703857421875
-0.00276803970336914 0.00614690780639648 -0.000503540039062495 -0.0594406127929688
-0.00242996215820313 0.00454521179199219 -0.00494384765625 -0.0480461120605469
-0.00383520126342773 0.00418663024902344 -0.00548553466796875 -0.0412216186523438
-0.00474929809570313 -0.00045299530029297 -0.000328063964843753 -0.035980224609375
-0.00145387649536133 -0.00714921951293945 0.000411987304687502 -0.0328559875488281
0.00943374633789063 -0.00984096527099609 0.00570297241210938 -0.0398406982421875
0.0191020965576172 0.000696182250976563 0.0171470642089844 -0.0473747253417969
0.0222225189208984 0.0172748565673828 0.0228614807128906 -0.0670890808105469
0.0144157409667969 0.0294170379638672 0.035064697265625 -0.076934814453125
-3.81469726562526E-05 0.0464401245117188 0.0566368103027344 -0.0501594543457031
0.0126800537109375 0.0187282562255859 0.00848197937011719 -0.0191173553466797
0.0134096145629883 0.00988960266113281 0.0178852081298828 0.0239639282226563
0.0117416381835937 0.00126552581787109 0.0481948852539063 0.00757980346679688
0.0111007690429688 -0.003448486328125 0.0479240417480469 -0.024871826171875
0.0048828125 -0.00972652435302734 0.0263175964355469 -0.05316162109375
-0.00185585021972656 -0.0158967971801758 -0.000411987304687499 -0.05792236328125
0.00119113922119141 -0.0163707733154297 -0.006103515625 -0.0432319641113281
-0.000659942626953123 -0.0193462371826172 -0.00730133056640625 -0.03790283203125
0.0065765380859375 -0.0191364288330078 -0.00456809997558593 -0.0326404571533203
0.0199623107910156 -0.0149517059326172 -0.00436210632324218 -0.0291423797607422
0.0322074890136719 -0.00120735168457031 0.002288818359375 -0.0382728576660156
0.0281867980957031 0.0288028717041016 0.0121192932128906 -0.0440406799316406
0.0174560546875 0.0468063354492188 0.0189666748046875 -0.0606460571289063
-0.00470352172851562 0.0579261779785156 0.0313796997070313 -0.0655479431152344
-0.0203895568847656 0.0691795349121094 0.0555839538574219 -0.0320854187011719
0.0048675537109375 0.046600341796875 0.0104150772094727 -0.00707626342773437
0.0252647399902344 0.0387191772460938 0.0174541473388672 0.0327854156494141
0.0348129272460937 0.0113983154296875 0.049224853515625 0.0154571533203125
0.0332489013671875 -0.00836753845214844 0.0504989624023438 -0.0173263549804688
0.0157566070556641 -0.0275039672851563 0.0271644592285156 -0.0469322204589844
0.000938415527343747 -0.0361557006835938 0.000469207763671879 -0.0490226745605469
0.005096435546875 -0.0352973937988281 -0.00646209716796875 -0.0321388244628906
0.00141525268554687 -0.0399055480957031 -0.00870513916015625 -0.0267581939697266
0.0143203735351563 -0.0362281799316406 -0.0112495422363281 -0.0229015350341797
0.036376953125 -0.0253753662109375 -0.0117034912109375 -0.0213184356689453
0.0507926940917969 0.00121688842773438 -0.00480842590332031 -0.0340080261230469
0.0382537841796875 0.048004150390625 0.00571441650390625 -0.0399246215820313
0.016326904296875 0.0683174133300781 0.01483154296875 -0.0487213134765625
-0.0204238891601562 0.0771331787109375 0.021392822265625 -0.0460090637207031
-0.03948974609375 0.0807571411132813 0.0456619262695313 -0.00708770751953125
-0.00697708129882813 0.068572998046875 0.00726985931396484 0.011448860168457
0.0307273864746094 0.0651359558105469 0.0133781433105469 0.0425910949707031
0.0531425476074219 0.02386474609375 0.0446090698242188 0.0248908996582031
0.0515022277832031 -0.00909042358398437 0.0469131469726562 -0.00549697875976563
0.0267143249511719 -0.0399246215820312 0.0253753662109375 -0.0347824096679688
0.00458526611328126 -0.0505828857421875 0.00119209289550781 -0.0338230133056641
0.00788116455078125 -0.0480575561523438 -0.00636672973632813 -0.0162944793701172
0.00200271606445312 -0.0536460876464844 -0.00945854187011719 -0.0111885070800781
0.0174331665039062 -0.0483627319335938 -0.0162763595581055 -0.00817203521728516
0.0452194213867188 -0.0340003967285156 -0.0181694030761719 -0.00952339172363282
0.0613441467285156 -0.0005035400390625 -0.0125694274902344 -0.0262680053710938
0.0461196899414063 0.0571441650390625 -0.0003662109375 -0.0340995788574219
0.0164337158203125 0.0788040161132813 0.01239013671875 -0.0337028503417969
-0.0308609008789062 0.0859298706054688 0.00893783569335938 -0.0217151641845703
-0.0521392822265625 0.0783157348632812 0.0278587341308594 0.0208568572998047
-0.0205764770507812 0.077362060546875 -0.000308990478515627 0.0318927764892578
0.0269393920898438 0.0818710327148438 0.00676727294921875 0.0508460998535156
0.0611343383789062 0.0351333618164063 0.0345878601074219 0.0340576171875
0.0622711181640625 -0.00632095336914063 0.0374603271484375 0.00699234008789063
0.0337905883789063 -0.0456161499023437 0.0201416015625 -0.0184154510498047
0.00716400146484375 -0.0566902160644531 0.00153350830078125 -0.0141563415527344
0.00943374633789062 -0.0537681579589844 -0.00486421585083008 0.00257396697998047
0.001739501953125 -0.0599937438964844 -0.00817394256591797 0.00705337524414062
0.0174598693847656 -0.0536384582519531 -0.0195541381835938 0.00897598266601562
0.0478401184082031 -0.0383033752441406 -0.0233821868896484 0.00412368774414062
0.0638885498046875 -0.00194168090820313 -0.0192241668701172 -0.0172252655029297
0.0464706420898437 0.0592193603515625 -0.00484657287597656 -0.0273532867431641
0.0120086669921875 0.0794830322265625 0.0118722915649414 -0.0170202255249023
-0.037994384765625 0.0828704833984375 -0.00464773178100586 0.00391769409179688
-0.0545158386230469 0.062225341796875 0.00777435302734375 0.0467720031738281
-0.0304336547851562 0.0705337524414063 -0.00984573364257813 0.0503082275390625
0.0159835815429688 0.0815353393554688 -0.00196075439453125 0.0542221069335938
0.0555610656738281 0.0402946472167969 0.0204849243164063 0.0393524169921875
0.060577392578125 -0.00163650512695313 0.0241622924804688 0.0186519622802734
0.0348320007324219 -0.0428466796875 0.0128650665283203 -0.000132560729980471
0.00836944580078125 -0.0545082092285156 0.00195741653442383 0.00626516342163086
0.00937271118164063 -0.0514030456542969 -0.00297355651855469 0.0200767517089844
0.00188446044921876 -0.0574760437011719 -0.0066986083984375 0.0249423980712891
0.0162086486816406 -0.0513992309570313 -0.0210533142089844 0.0249767303466797
0.0453987121582031 -0.0356903076171875 -0.0268096923828125 0.0154838562011719
0.0586433410644531 -0.000804901123046875 -0.0242919921875 -0.00836372375488281
0.0393447875976563 0.0564422607421875 -0.00849151611328125 -0.0205135345458984
0.003753662109375 0.07196044921875 0.0107336044311523 -0.00180816650390625
-0.0415229797363281 0.0692214965820313 -0.0184173583984375 0.0271816253662109
-0.0467910766601563 0.0346603393554688 -0.012603759765625 0.0662193298339844
-0.0324859619140625 0.0488357543945313 -0.0188789367675781 0.0637550354003906
0.00281143188476563 0.0637397766113281 -0.00845718383789062 0.0524482727050781
0.038970947265625 0.0352554321289063 0.00748825073242188 0.0408248901367188
0.0467414855957031 0.00219345092773438 0.0102558135986328 0.0255603790283203
0.0282630920410156 -0.0326213836669922 0.00502109527587891 0.0156717300415039
0.00770950317382812 -0.0427474975585938 0.00252342224121094 0.0252799987792969
0.00809097290039062 -0.0409088134765625 -7.24792480468718E-05 0.035308837890625
0.00268173217773438 -0.0468597412109375 -0.00471115112304688 0.0404472351074219
0.0137367248535156 -0.0416030883789063 -0.022369384765625 0.0386009216308594
0.0382270812988281 -0.0285301208496094 -0.030181884765625 0.0247859954833984
0.0475654602050781 0.00213623046875 -0.0292339324951172 -0.00222396850585938
0.0264968872070313 0.0489501953125 -0.0114402770996094 -0.0162878036499023
-0.00664901733398437 0.0564079284667969 0.00830936431884766 0.010075569152832
-0.0417137145996094 0.0459480285644531 -0.0332717895507813 0.0445976257324219
-0.0305156707763672 0.00149917602539062 -0.0250701904296875 0.0755615234375
-0.0270881652832031 0.0185985565185547 -0.0236587524414063 0.0695533752441406
-0.00827598571777344 0.0338249206542969 -0.0106582641601562 0.0480766296386719
0.0168819427490234 0.0227680206298828 -0.00134658813476562 0.0398330688476562
0.0243244171142578 0.00413322448730469 0.00105094909667969 0.0291862487792969
0.0170955657958984 -0.017578125 0.000841140747070312 0.0275192260742187
0.00569534301757813 -0.0241374969482422 0.003662109375 0.0372581481933594
0.00534439086914062 -0.0244235992431641 0.00230026245117188 0.0449409484863281
0.00293540954589844 -0.0292339324951172 -0.0035247802734375 0.05157470703125
0.0100002288818359 -0.026885986328125 -0.0240859985351563 0.0477676391601563
0.0272884368896484 -0.0177078247070313 -0.0342979431152344 0.0302772521972656
0.0320587158203125 0.00437355041503906 -0.0346584320068359 0.00159645080566406
0.011962890625 0.0364227294921875 -0.0157451629638672 -0.0138864517211914
-0.0152912139892578 0.0349693298339844 0.00291252136230469 0.0178394317626953
-0.0362129211425781 0.0163421630859375 -0.0461807250976563 0.0538673400878906
0.0185966491699219 0.0168399810791016 0.0502433776855469 -0.0607261657714844
0.0144405364990234 -0.0100107192993164 0.00278854370117188 -0.0235881805419922
-0.00235843658447266 -0.0143308639526367 0.0163974761962891 0.0186347961425781
-0.0113029479980469 -0.00450038909912109 0.0453720092773437 0.0038604736328125
-0.00924777984619141 0.00425910949707031 0.0438499450683594 -0.0282020568847656
-0.00419998168945313 0.0104217529296875 0.0250892639160156 -0.0535926818847656
-0.00282144546508789 0.00614595413208008 -0.000545501708984369 -0.0608024597167969
-0.00260162353515625 0.00466251373291016 -0.00529861450195313 -0.049591064453125
-0.00337386131286621 0.00360798835754395 -0.00548553466796875 -0.0427474975585938
-0.00423169136047363 -0.000757694244384765 -0.000125885009765626 -0.0366592407226563
-0.00153493881225586 -0.00698089599609375 8.77380371093782E-05 -0.0338592529296875
0.0094900131225586 -0.0102910995483398 0.00543594360351562 -0.0409431457519531
0.0195522308349609 0.000844955444335938 0.0174102783203125 -0.0479736328125
0.0223064422607422 0.017730712890625 0.0233078002929688 -0.0683784484863281
0.0146942138671875 0.0297985076904297 0.0358428955078125 -0.07928466796875
-5.34057617187511E-05 0.0475578308105469 0.0575218200683594 -0.0512771606445313
0.0128326416015625 0.0191535949707031 0.00794792175292969 -0.0193195343017578
0.0138320922851562 0.0101699829101562 0.0182952880859375 0.0248031616210938
0.0117664337158203 0.00112533569335938 0.0491790771484375 0.007781982421875
0.0110931396484375 -0.00394058227539063 0.0490188598632813 -0.0254974365234375
0.00510692596435547 -0.00934028625488281 0.02685546875 -0.0538825988769531
-0.00235748291015625 -0.0162572860717773 -0.000419616699218751 -0.0586891174316406
0.000940322875976563 -0.0171346664428711 -0.00624465942382813 -0.0442237854003906
-0.000991821289062499 -0.01947021484375 -0.0077362060546875 -0.0385856628417969
0.00671005249023438 -0.0194988250732422 -0.00518798828125 -0.0334491729736328
0.0199756622314453 -0.0153045654296875 -0.0048675537109375 -0.0301742553710938
0.0327205657958984 -0.00146102905273438 0.00197219848632813 -0.0398178100585937
0.0288887023925781 0.0289497375488281 0.0127220153808594 -0.0452537536621094
0.0179786682128906 0.0474929809570313 0.0195083618164063 -0.0620269775390625
-0.00506973266601562 0.059234619140625 0.031463623046875 -0.067596435546875
-0.0207290649414062 0.0709915161132813 0.05609130859375 -0.0331916809082031
0.00452041625976562 0.0478630065917969 0.00960063934326172 -0.00695228576660156
0.0264205932617187 0.039764404296875 0.0179100036621094 0.0340900421142578
0.0350933074951172 0.0114879608154297 0.0501289367675781 0.0160980224609375
0.0335788726806641 -0.00913238525390625 0.0512924194335938 -0.0174827575683594
0.0160236358642578 -0.0278549194335938 0.0274124145507813 -0.0477027893066406
0.000453948974609376 -0.0367088317871094 0.000175476074218749 -0.0497512817382813
0.004608154296875 -0.0359725952148438 -0.00658035278320312 -0.0326137542724609
0.000862121582031249 -0.0403938293457031 -0.00897026062011719 -0.0273494720458984
0.0143814086914063 -0.0364112854003906 -0.0112953186035156 -0.0233364105224609
0.0368080139160156 -0.0257530212402344 -0.0121974945068359 -0.0215244293212891
0.0515975952148438 0.000988006591796875 -0.00542831420898437 -0.0354232788085938
0.0397605895996094 0.0487060546875 0.00585556030273438 -0.0409927368164063
0.0168952941894531 0.0692062377929688 0.0149612426757812 -0.0496635437011719
-0.020782470703125 0.0793609619140625 0.0216407775878906 -0.0476570129394531
-0.0396575927734375 0.0828857421875 0.0458145141601563 -0.0075836181640625
-0.00790786743164063 0.0702629089355469 0.00663089752197266 0.0111923217773438
0.0322685241699219 0.0667648315429688 0.0138320922851562 0.044281005859375
0.054229736328125 0.0240669250488281 0.0457344055175781 0.0258827209472656
0.0526618957519531 -0.010162353515625 0.0478744506835938 -0.00560760498046875
0.02630615234375 -0.0406684875488281 0.0255355834960938 -0.0351829528808594
0.00359344482421874 -0.0512733459472656 0.00109672546386719 -0.0342884063720703
0.00712585449218749 -0.0491371154785156 -0.00613594055175781 -0.0165214538574219
0.00101089477539062 -0.0548095703125 -0.00946521759033203 -0.011448860168457
0.0171699523925781 -0.04888916015625 -0.016667366027832 -0.00803089141845703
0.0455589294433594 -0.0350914001464844 -0.0185966491699219 -0.00991058349609375
0.0627708435058594 -0.0010528564453125 -0.0129928588867187 -0.027313232421875
0.0476188659667969 0.05743408203125 -0.00102615356445312 -0.0354270935058594
0.0162506103515625 0.080078125 0.0123634338378906 -0.0349597930908203
-0.0315399169921875 0.0886611938476563 0.00873756408691406 -0.0228919982910156
-0.05303955078125 0.0800018310546875 0.0277194976806641 0.0208320617675781
-0.0210647583007813 0.0791473388671875 -0.00160789489746094 0.0321731567382813
0.0284652709960938 0.0837631225585938 0.00702285766601562 0.052581787109375
0.0620994567871094 0.0358772277832031 0.0349845886230469 0.0351600646972656
0.0636520385742187 -0.00761032104492187 0.0386466979980469 0.0074920654296875
0.0336380004882813 -0.0467033386230469 0.0198783874511719 -0.0178012847900391
0.00607681274414062 -0.0576171875 0.00157356262207031 -0.0143718719482422
0.00875091552734375 -0.0552253723144531 -0.0048985481262207 0.00266075134277343
0.000862121582031249 -0.06103515625 -0.00865602493286133 0.00747442245483398
0.0172500610351563 -0.0542106628417969 -0.0199317932128906 0.00945854187011718
0.0479164123535156 -0.0391578674316406 -0.0236129760742188 0.00357437133789062
0.0646514892578125 -0.00228500366210938 -0.0194149017333984 -0.0180759429931641
0.048187255859375 0.06024169921875 -0.00533294677734375 -0.0280494689941406
0.0124969482421875 0.0811996459960938 0.0115890502929688 -0.0181255340576172
-0.0383758544921875 0.0851058959960938 -0.00499248504638672 0.00313472747802735
-0.0556755065917969 0.0638427734375 0.00722885131835937 0.0478019714355469
-0.0313949584960937 0.0719146728515625 -0.0105819702148438 0.0509071350097656
0.01690673828125 0.0833587646484375 -0.00185775756835937 0.0555000305175781
0.0564537048339844 0.0406913757324219 0.02099609375 0.0408287048339844
0.0620880126953125 -0.00254058837890625 0.0244598388671875 0.0194740295410156
0.03466796875 -0.0435676574707031 0.0123834609985352 9.15527343749973E-05
0.00758361816406251 -0.0550155639648438 0.00206470489501953 0.00691366195678711
0.00873565673828125 -0.0525703430175781 -0.0025787353515625 0.0208015441894531
0.000938415527343747 -0.058258056640625 -0.00662994384765625 0.02587890625
0.015533447265625 -0.0519065856933594 -0.0216217041015625 0.0255184173583984
0.045501708984375 -0.0372047424316406 -0.0269737243652344 0.0157470703125
0.0597343444824219 -0.0009918212890625 -0.0247135162353516 -0.00912284851074219
0.0402641296386719 0.0572547912597656 -0.00893402099609375 -0.0213069915771484
0.00373077392578125 0.073028564453125 0.0106267929077148 -0.00264930725097656
-0.0422821044921875 0.0706710815429688 -0.0188331604003906 0.0270729064941406
-0.0471038818359375 0.0361442565917969 -0.0129318237304688 0.0675544738769531
-0.0329399108886719 0.0494728088378906 -0.0194816589355469 0.0646438598632813
0.00380325317382812 0.0650787353515625 -0.00825119018554687 0.0538978576660156
0.0397148132324219 0.0357284545898438 0.0073089599609375 0.0421104431152344
0.0478744506835938 0.001800537109375 0.0104732513427734 0.0263519287109375
0.0286769866943359 -0.0330295562744141 0.00492000579833985 0.0165767669677734
0.00690841674804688 -0.0427093505859375 0.00281524658203125 0.0254631042480469
0.00749969482421875 -0.0418205261230469 0.000667572021484379 0.035980224609375
0.00184249877929688 -0.047149658203125 -0.00493240356445313 0.0414581298828125
0.0134506225585938 -0.0422325134277344 -0.0231399536132813 0.0395965576171875
0.0385780334472656 -0.0297126770019531 -0.0309028625488281 0.0250587463378906
0.0479583740234375 0.00217437744140625 -0.0300045013427734 -0.00222206115722656
0.0268898010253906 0.0498275756835937 -0.0118236541748047 -0.0170669555664063
-0.00650405883789063 0.0574302673339844 0.00841236114501953 0.0100841522216797
-0.0425796508789062 0.0471916198730469 -0.0333709716796875 0.0452880859375
-0.0311927795410156 0.00184822082519532 -0.0258255004882812 0.0770797729492188
-0.0277194976806641 0.0188274383544922 -0.0236282348632813 0.0703048706054688
-0.00781631469726562 0.0348014831542969 -0.0111427307128906 0.0487747192382813
0.0173549652099609 0.0226917266845703 -0.00136947631835938 0.0408973693847656
0.0252704620361328 0.00407600402832031 0.00117111206054688 0.0301399230957031
0.0173358917236328 -0.017329216003418 0.00092124938964844 0.0281352996826172
0.00511932373046875 -0.0244941711425781 0.00392913818359375 0.0383758544921875
0.0051116943359375 -0.0251312255859375 0.00312042236328126 0.0456275939941406
0.00256538391113281 -0.0300407409667969 -0.00372314453125001 0.0527725219726563
0.00986671447753906 -0.0274486541748047 -0.0244903564453125 0.0489501953125
0.0274448394775391 -0.0191211700439453 -0.0348968505859375 0.0306568145751953
0.0324535369873047 0.00397872924804687 -0.0353813171386719 0.00173187255859375
0.012298583984375 0.0369453430175781 -0.0160293579101562 -0.0150461196899414
-0.0157546997070313 0.0353965759277344 0.00321197509765625 0.0177059173583984
-0.0364837646484375 0.0169258117675781 -0.046844482421875 0.054656982421875
0.0193920135498047 0.0173702239990234 0.05133056640625 -0.0633811950683594
0.015167236328125 -0.0105457305908203 0.00230789184570313 -0.0242156982421875
-0.00246238708496094 -0.0147294998168945 0.0173816680908203 0.0197029113769531
-0.0118694305419922 -0.00452613830566406 0.0474014282226563 0.00379180908203125
-0.00967216491699219 0.00465583801269531 0.0457229614257813 -0.0297698974609375
-0.00339698791503906 0.0110530853271484 0.0255622863769531 -0.0564498901367188
-0.0024113655090332 0.00630378723144531 -0.00174713134765625 -0.0629234313964844
-0.00205135345458984 0.00480270385742187 -0.00658416748046874 -0.0516204833984375
-0.00352692604064941 0.00391364097595215 -0.00658416748046875 -0.0449066162109375
-0.00453948974609375 -0.000713348388671875 -0.000663757324218751 -0.0387535095214844
-0.0014643669128418 -0.00753355026245117 -0.000530242919921873 -0.0358200073242188
0.00937366485595703 -0.0105628967285156 0.00543594360351562 -0.042999267578125
0.0200653076171875 0.000612258911132813 0.0180931091308594 -0.0498428344726562
0.0236339569091797 0.017974853515625 0.023651123046875 -0.0715103149414063
0.0159740447998047 0.0307216644287109 0.0362625122070312 -0.0833282470703125
0.00091934204101563 0.0498237609863281 0.0582351684570313 -0.0544815063476563
0.0132579803466797 0.0205001831054688 0.00724983215332032 -0.0195713043212891
0.0151920318603516 0.0107851028442383 0.0196437835693359 0.0262565612792969
0.01226806640625 0.00124549865722656 0.0515365600585938 0.00798416137695313
0.0113325119018555 -0.00431442260742188 0.0512428283691406 -0.0266036987304688
0.00462436676025391 -0.010284423828125 0.0274276733398437 -0.0560989379882813
-0.00230789184570313 -0.0165519714355469 -0.00152969360351562 -0.0612716674804688
0.00104141235351562 -0.0176906585693359 -0.00693511962890625 -0.0465049743652344
-0.00156974792480469 -0.0204505920410156 -0.00852584838867188 -0.0406494140625
0.00717735290527344 -0.0200405120849609 -0.00564384460449219 -0.0349769592285156
0.0206546783447266 -0.0158424377441406 -0.00536727905273438 -0.0320625305175781
0.0342540740966797 -0.00189590454101562 0.00135040283203126 -0.0417861938476563
0.0305919647216797 0.0301551818847656 0.0127944946289062 -0.0471038818359375
0.018951416015625 0.0490036010742188 0.019622802734375 -0.0646743774414063
-0.00455474853515626 0.06207275390625 0.0323104858398438 -0.0718307495117187
-0.02044677734375 0.0750198364257813 0.0572853088378906 -0.0353851318359375
0.00475311279296875 0.0506172180175781 0.00856781005859375 -0.00748491287231445
0.0286521911621094 0.0410842895507813 0.0192527770996094 0.0358963012695313
0.0373916625976563 0.0116195678710938 0.0527076721191406 0.0165596008300781
0.0346450805664063 -0.0100650787353516 0.0533409118652344 -0.0187225341796875
0.0156402587890625 -0.0287990570068359 0.0283470153808594 -0.0494461059570313
-0.000427246093750002 -0.03765869140625 -0.000614166259765624 -0.0518531799316406
0.0040740966796875 -0.0377731323242188 -0.0069732666015625 -0.0339927673339844
-8.39233398437481E-05 -0.0418281555175781 -0.00989913940429688 -0.0287799835205078
0.0142440795898438 -0.0379600524902344 -0.0127143859863281 -0.0238857269287109
0.0373916625976563 -0.0271835327148438 -0.0130443572998047 -0.0228233337402344
0.0539665222167969 0.000316619873046875 -0.00615692138671875 -0.0370712280273438
0.042144775390625 0.0500106811523437 0.0053253173828125 -0.0434532165527344
0.0179901123046875 0.0716094970703125 0.0148468017578125 -0.0524520874023437
-0.0203018188476562 0.0834503173828125 0.0218620300292969 -0.0506935119628906
-0.0400848388671875 0.0874099731445313 0.0468978881835938 -0.00868988037109374
-0.00792694091796875 0.0738754272460938 0.00534915924072266 0.0115947723388672
0.0351524353027344 0.0693092346191406 0.0155296325683594 0.0467109680175781
0.0571517944335938 0.0245628356933594 0.0478515625 0.0268898010253906
0.0550041198730469 -0.0121726989746094 0.0502166748046875 -0.00616836547851563
0.0266685485839844 -0.0425300598144531 0.0260658264160156 -0.0365257263183594
0.00262451171875 -0.0526046752929688 0.000473022460937498 -0.0354499816894531
0.00707626342773438 -0.0517349243164062 -0.00615406036376953 -0.016636848449707
0.000190734863281244 -0.0570640563964844 -0.0101585388183594 -0.0114450454711914
0.0168876647949219 -0.0508155822753906 -0.0175342559814453 -0.00822067260742188
0.0468673706054688 -0.0371780395507813 -0.0195903778076172 -0.01025390625
0.0656547546386719 -0.00208663940429687 -0.0140857696533203 -0.0288009643554687
0.0505828857421875 0.0600852966308594 -0.00138473510742188 -0.0368118286132812
0.017608642578125 0.0830307006835938 0.0122413635253906 -0.0368194580078125
-0.031829833984375 0.09344482421875 0.00861740112304687 -0.0247364044189453
-0.0540695190429688 0.0853042602539062 0.0283126831054687 0.0216560363769531
-0.0217514038085937 0.0835037231445313 -0.00215911865234375 0.0332317352294922
0.0314483642578125 0.0872421264648438 0.0081787109375 0.0555191040039063
0.0655136108398438 0.0364036560058594 0.0365486145019531 0.0361785888671875
0.0667877197265625 -0.00914764404296875 0.0402603149414063 0.007598876953125
0.0341033935546875 -0.0484962463378906 0.0205001831054688 -0.0186920166015625
0.00494003295898438 -0.0596656799316406 0.00129795074462891 -0.0146188735961914
0.00823211669921876 -0.0576515197753906 -0.00435543060302734 0.00326013565063476
-0.000370025634765623 -0.0633735656738281 -0.00884914398193359 0.00849151611328125
0.0169296264648438 -0.0566520690917969 -0.020355224609375 0.0103569030761719
0.0491828918457031 -0.0421676635742188 -0.0244102478027344 0.00416374206542969
0.0678215026855469 -0.00352096557617188 -0.0210208892822266 -0.0189266204833984
0.0510520935058594 0.0625228881835938 -0.00623893737792968 -0.0294208526611328
0.0135345458984375 0.0840530395507812 0.0121784210205078 -0.0191440582275391
-0.0389404296875 0.090087890625 -0.0056295394897461 0.00287723541259766
-0.0565376281738281 0.0677528381347656 0.00762939453125 0.0493392944335938
-0.032196044921875 0.0756988525390625 -0.0115242004394531 0.0525093078613281
0.0196533203125 0.0868759155273437 -0.00114822387695312 0.0583572387695313
0.0592613220214844 0.0412139892578125 0.0218009948730469 0.0424728393554688
0.0647544860839844 -0.0038604736328125 0.0258445739746094 0.0199337005615234
0.0353431701660156 -0.0453910827636719 0.0130815505981445 0.000494956970214841
0.0061492919921875 -0.0567703247070313 0.00222969055175781 0.00722742080688476
0.00795745849609375 -0.0549964904785156 -0.00147056579589844 0.0220775604248047
-0.000354766845703128 -0.06085205078125 -0.00683975219726563 0.0275058746337891
0.0151329040527344 -0.0539627075195313 -0.0223636627197266 0.0271511077880859
0.0464897155761719 -0.039398193359375 -0.0281505584716797 0.0164813995361328
0.0623207092285156 -0.002044677734375 -0.0262298583984375 -0.00954246520996094
0.042755126953125 0.0593643188476563 -0.00999069213867187 -0.0226993560791016
0.004547119140625 0.0756759643554688 0.0110368728637695 -0.00324726104736328
-0.043060302734375 0.0749588012695313 -0.0194721221923828 0.0278739929199219
-0.0486373901367188 0.0386619567871094 -0.0131683349609375 0.0705413818359375
-0.033721923828125 0.0520133972167969 -0.0205497741699219 0.0671463012695313
0.0054168701171875 0.0678367614746094 -0.00798416137695312 0.0564651489257813
0.0415306091308594 0.0363349914550781 0.00833511352539063 0.0435562133789063
0.05035400390625 0.0003204345703125 0.0109500885009766 0.0276298522949219
0.0291481018066406 -0.0345497131347656 0.00525474548339844 0.0177707672119141
0.005859375 -0.0441398620605469 0.00350379943847656 0.0267276763916016
0.00672531127929687 -0.0436515808105469 0.00140380859375 0.03759765625
0.00088119506835937 -0.0489730834960938 -0.00443649291992187 0.0441207885742188
0.0129737854003906 -0.0437736511230469 -0.0230522155761719 0.0417556762695313
0.0389213562011719 -0.0315208435058594 -0.0320339202880859 0.0263729095458984
0.0501899719238281 0.0015869140625 -0.0312328338623047 -0.00238227844238281
0.0288772583007813 0.0517921447753906 -0.0130348205566406 -0.0175876617431641
-0.00611114501953125 0.0594749450683594 0.00916290283203125 0.0101213455200195
-0.0432586669921875 0.0497283935546875 -0.034088134765625 0.04693603515625
-0.032562255859375 0.00241851806640625 -0.0260009765625 0.0809326171875
-0.0284442901611328 0.0202255249023437 -0.0244979858398437 0.073394775390625
-0.00775909423828125 0.0361366271972656 -0.0108566284179687 0.0506515502929688
0.0183238983154297 0.0231609344482422 -0.000965118408203127 0.0426521301269531
0.0263786315917969 0.0034942626953125 0.00161361694335938 0.0320796966552734
0.0172481536865234 -0.0182781219482422 0.000869750976562498 0.0295219421386719
0.00440597534179688 -0.0250625610351563 0.00484848022460937 0.0399169921875
0.00457954406738282 -0.0263938903808594 0.0043487548828125 0.0481491088867187
0.00238227844238281 -0.0312881469726563 -0.00282669067382812 0.0559463500976563
0.00957298278808594 -0.028411865234375 -0.0250244140625 0.051513671875
0.0283603668212891 -0.0204582214355469 -0.0360450744628906 0.0320053100585938
0.0337333679199219 0.00423049926757813 -0.0370521545410156 0.0021209716796875
0.013671875 0.0384902954101562 -0.0170364379882812 -0.0158567428588867
-0.0162010192871094 0.0369224548339844 0.00385856628417969 0.0173511505126953
-0.0377464294433594 0.018157958984375 -0.0479087829589844 0.0570144653320313
0.0210933685302734 0.0174922943115234 0.0506057739257813 -0.0684928894042969
0.0153360366821289 -0.0113029479980469 0.000631332397460937 -0.0247020721435547
-0.00316905975341797 -0.0151987075805664 0.0192794799804688 0.0200977325439453
-0.0128116607666016 -0.00399398803710938 0.0499191284179688 0.0022125244140625
-0.0105876922607422 0.00508880615234375 0.0468673706054688 -0.0326194763183594
-0.00353050231933594 0.0114545822143555 0.0249481201171875 -0.05963134765625
-0.00187873840332031 0.00737380981445313 -0.00465393066406249 -0.0657196044921875
-0.00175285339355469 0.00467395782470703 -0.00899505615234375 -0.0542411804199219
-0.00350117683410645 0.00407576560974121 -0.00919723510742187 -0.0479240417480469
-0.00419449806213379 -0.000448226928710938 -0.0024261474609375 -0.0409698486328125
-0.00159502029418945 -0.00709390640258789 -0.00189971923828125 -0.0377578735351563
0.00937175750732422 -0.0115633010864258 0.0038299560546875 -0.0459327697753906
0.0212516784667969 -0.000333786010742187 0.0173492431640625 -0.0527801513671875
0.0250720977783203 0.0181350708007813 0.021759033203125 -0.0760345458984375
0.0173130035400391 0.0323028564453125 0.034698486328125 -0.0894546508789063
0.00333023071289062 0.0523452758789063 0.0579566955566406 -0.0592193603515625
0.0148544311523438 0.0211582183837891 0.00590133666992188 -0.0203304290771484
0.016413688659668 0.0106945037841797 0.0218467712402344 0.0269260406494141
0.0133113861083984 0.000620841979980469 0.05413818359375 0.0067596435546875
0.0116710662841797 -0.00521278381347656 0.0525894165039063 -0.0296096801757813
0.00441646575927734 -0.0103664398193359 0.0265769958496094 -0.0598869323730469
-0.00324249267578125 -0.0166301727294922 -0.00442123413085938 -0.0640792846679688
0.000396728515625 -0.0190525054931641 -0.00897216796875 -0.0485115051269531
-0.0024566650390625 -0.0218830108642578 -0.0108070373535156 -0.042755126953125
0.00669097900390625 -0.0206050872802734 -0.00760269165039063 -0.036346435546875
0.0212593078613281 -0.0177078247070313 -0.00681495666503906 -0.0336284637451172
0.0355796813964844 -0.00347518920898438 -6.1035156249993E-05 -0.0446968078613281
0.0332221984863281 0.0303707122802734 0.0114250183105469 -0.0498886108398437
0.0216217041015625 0.0505943298339844 0.017578125 -0.0687942504882813
-0.00212478637695313 0.0656089782714844 0.0307235717773438 -0.07720947265625
-0.0185546875 0.0792312622070313 0.0577507019042969 -0.0395889282226563
0.0069580078125 0.05340576171875 0.00773239135742188 -0.00744152069091797
0.0321578979492188 0.0420761108398438 0.0224609375 0.0376358032226563
0.0398216247558594 0.0103530883789063 0.0557022094726563 0.0154151916503906
0.0360832214355469 -0.0127220153808594 0.0552330017089844 -0.0212745666503906
0.0149993896484375 -0.0307350158691406 0.0276336669921875 -0.0526046752929687
-0.00235366821289062 -0.0388145446777344 -0.00273513793945312 -0.0538520812988281
0.00275802612304687 -0.0399932861328125 -0.008209228515625 -0.0359077453613281
-0.00220108032226563 -0.044158935546875 -0.0117874145507813 -0.0296249389648438
0.0136642456054688 -0.0400238037109375 -0.0137233734130859 -0.024505615234375
0.038299560546875 -0.0299072265625 -0.0145797729492187 -0.0239887237548828
0.0568161010742188 -0.00243759155273438 -0.00827407836914062 -0.0392646789550781
0.0466766357421875 0.0510635375976563 0.00399017333984375 -0.0452423095703125
0.0213623046875 0.0743942260742188 0.0135650634765625 -0.0560760498046875
-0.0182952880859375 0.0893020629882813 0.0204582214355469 -0.0548820495605469
-0.0382003784179688 0.0933303833007813 0.0481758117675781 -0.0106658935546875
-0.005706787109375 0.0780029296875 0.00524330139160156 0.0120811462402344
0.0405349731445313 0.0712509155273438 0.0186729431152344 0.0491142272949219
0.0610504150390625 0.023223876953125 0.0509796142578125 0.0265579223632813
0.0573310852050781 -0.015380859375 0.0520744323730469 -0.008392333984375
0.0260581970214844 -0.0455055236816406 0.0260429382324219 -0.0388298034667969
-0.000198364257812495 -0.0550003051757813 -0.000682830810546873 -0.0368385314941406
0.00475692749023437 -0.0547447204589844 -0.00660514831542969 -0.0177173614501953
-0.00309753417968751 -0.0594978332519531 -0.0114507675170898 -0.0115451812744141
0.0156021118164063 -0.0536117553710938 -0.0186176300048828 -0.00767135620117188
0.0468368530273438 -0.0409355163574219 -0.0207805633544922 -0.00989532470703126
0.0689735412597656 -0.00482940673828125 -0.0161342620849609 -0.0302009582519531
0.0556526184082031 0.0609550476074219 -0.00329208374023437 -0.0387496948242187
0.0216445922851562 0.0865554809570312 0.0112419128417969 -0.0394439697265625
-0.0295562744140625 0.0997695922851563 0.00785064697265624 -0.0267276763916016
-0.0530776977539063 0.0915679931640625 0.030364990234375 0.0211906433105469
-0.0197906494140625 0.0886688232421875 -0.00220870971679688 0.0345268249511719
0.0374069213867188 0.090606689453125 0.0113601684570313 0.0580101013183594
0.0702095031738281 0.0351791381835938 0.04010009765625 0.0374908447265625
0.0698814392089844 -0.0128631591796875 0.0424652099609375 0.00679397583007812
0.0335350036621094 -0.0516624450683594 0.0207958221435547 -0.0201683044433594
0.00215911865234375 -0.0617332458496094 0.000996589660644532 -0.0151262283325195
0.00537109374999999 -0.0611152648925781 -0.00358247756958008 0.00366735458374023
-0.00342941284179688 -0.0660514831542969 -0.00943374633789063 0.00962638854980468
0.0152397155761719 -0.0593490600585938 -0.0209159851074219 0.0120029449462891
0.0492019653320313 -0.0458602905273438 -0.0253372192382812 0.00477790832519531
0.0712890625 -0.00669097900390625 -0.0231685638427734 -0.0197181701660156
0.0564460754394531 0.0633583068847656 -0.00799751281738281 -0.0306644439697266
0.0175323486328125 0.08758544921875 0.0116004943847656 -0.0208358764648437
-0.0379562377929688 0.0965728759765625 -0.00572252273559571 0.00271177291870118
-0.0567092895507813 0.0737762451171875 0.0091400146484375 0.0513267517089844
-0.0313339233398438 0.0808334350585938 -0.0107307434082031 0.0553627014160156
0.0246658325195312 0.0905303955078125 0.00150680541992188 0.0613174438476563
0.0636787414550781 0.041107177734375 0.0244331359863281 0.0438423156738281
0.0681381225585938 -0.007659912109375 0.0280361175537109 0.0201473236083984
0.0350341796875 -0.0487327575683594 0.0133247375488281 0.000598907470703122
0.0038299560546875 -0.0589599609375 0.00285434722900391 0.00759220123291015
0.00557327270507812 -0.0580368041992188 4.95910644531231E-05 0.0235519409179687
-0.003509521484375 -0.0634002685546875 -0.00588607788085937 0.029571533203125
0.01312255859375 -0.0566062927246094 -0.0224685668945313 0.0299739837646484
0.0461845397949219 -0.0433311462402344 -0.028900146484375 0.0178565979003906
0.0649986267089844 -0.00477218627929688 -0.0279293060302734 -0.00957679748535156
0.0475120544433594 0.0609016418457031 -0.0117607116699219 -0.0228271484375
0.00743865966796874 0.0791397094726562 0.011317253112793 -0.00449371337890624
-0.042236328125 0.0804519653320313 -0.0193691253662109 0.0298881530761719
-0.0492134094238281 0.0426254272460937 -0.0118026733398438 0.0744400024414063
-0.0332756042480469 0.0563697814941406 -0.0192718505859375 0.070556640625
0.00879669189453126 0.07098388671875 -0.00616073608398438 0.0592536926269531
0.0454940795898438 0.0360183715820313 0.00990676879882813 0.0456619262695312
0.0524711608886719 -0.0022125244140625 0.0131740570068359 0.0291290283203125
0.02874755859375 -0.0372238159179687 0.00551033020019531 0.0184135437011719
0.00360488891601563 -0.0459251403808594 0.00476837158203125 0.0279197692871094
0.00498199462890625 -0.0464401245117188 0.00413894653320313 0.0399055480957031
-0.00156021118164063 -0.0513229370117188 -0.002197265625 0.0470390319824219
0.011627197265625 -0.0455551147460938 -0.0225791931152344 0.0452308654785156
0.0390586853027344 -0.034698486328125 -0.0321388244628906 0.0289535522460938
0.0528450012207031 -0.000545501708984375 -0.0331974029541016 -0.00164985656738282
0.0324859619140625 0.0529975891113281 -0.0147323608398438 -0.0185317993164062
-0.00448989868164063 0.0625228881835938 0.00997829437255859 0.0096883773803711
-0.0435409545898437 0.0539970397949219 -0.0334663391113281 0.0509033203125
-0.0339317321777344 0.00405311584472657 -0.0245742797851563 0.0860748291015625
-0.0289802551269531 0.0225982666015625 -0.02301025390625 0.0774765014648438
-0.00581741333007813 0.0379562377929688 -0.0097503662109375 0.052978515625
0.0201377868652344 0.0230960845947266 -0.000183105468749996 0.0447425842285156
0.0275821685791016 0.00251007080078125 0.00295066833496094 0.0335979461669922
0.0176105499267578 -0.0196018218994141 0.0021514892578125 0.0313777923583984
0.00332832336425781 -0.0260276794433594 0.00709915161132812 0.0417633056640625
0.0030670166015625 -0.0276660919189453 0.00670623779296875 0.0502128601074219
0.000625610351562498 -0.0327396392822266 -0.000679016113281254 0.0593338012695313
0.00877189636230469 -0.0300254821777344 -0.0238609313964844 0.0551376342773438
0.0279979705810547 -0.0223808288574219 -0.0362281799316406 0.0346450805664063
0.0356636047363281 0.00236892700195313 -0.0382118225097656 0.00362396240234375
0.0157394409179688 0.0401458740234375 -0.0190639495849609 -0.0160198211669922
-0.015533447265625 0.0395622253417969 0.0048370361328125 0.0176677703857422
-0.0385589599609375 0.0203857421875 -0.0474395751953125 0.0611343383789063
0.0231113433837891 0.0168304443359375 0.0470428466796875 -0.0738677978515625
0.0149850845336914 -0.012211799621582 -0.001068115234375 -0.0245380401611328
-0.00391864776611328 -0.0150833129882812 0.0212516784667969 0.0200996398925781
-0.0134706497192383 -0.00351810455322266 0.0517997741699219 -0.000682830810546875
-0.0107507705688477 0.00615978240966797 0.0464401245117188 -0.0361404418945313
-0.00256633758544922 0.0120038986206055 0.0221061706542969 -0.0629501342773438
-0.00110912322998047 0.00744438171386719 -0.00947189331054688 -0.0671958923339844
-0.0015559196472168 0.00463676452636719 -0.0132942199707031 -0.0557975769042969
-0.00342154502868652 0.0043179988861084 -0.0132408142089844 -0.0484390258789063
-0.00398850440979004 -0.000256776809692383 -0.00490188598632813 -0.042327880859375
-0.00202655792236328 -0.00707292556762695 -0.00456619262695313 -0.03912353515625
0.00904178619384765 -0.0126581192016602 0.000808715820312501 -0.0478591918945312
0.0219135284423828 -0.00140190124511719 0.014923095703125 -0.055419921875
0.0268688201904297 0.0172634124755859 0.0177536010742188 -0.0792007446289063
0.0200614929199219 0.0323276519775391 0.029937744140625 -0.0950851440429688
0.00651931762695312 0.0541496276855469 0.0548553466796875 -0.0646781921386719
0.0162029266357422 0.0214672088623047 0.00409317016601563 -0.0204658508300781
0.0181427001953125 0.0101718902587891 0.0251064300537109 0.0266628265380859
0.0133047103881836 0.000294685363769531 0.056304931640625 0.00365829467773438
0.011256217956543 -0.00635433197021484 0.0523605346679688 -0.0337677001953125
0.0040130615234375 -0.0106534957885742 0.0241241455078125 -0.0628929138183594
-0.00436878204345703 -0.0170345306396484 -0.00831985473632813 -0.0655288696289063
-0.00107002258300781 -0.0197734832763672 -0.0129127502441406 -0.0498428344726563
-0.00395393371582031 -0.0220413208007813 -0.01458740234375 -0.0436325073242188
0.00564002990722656 -0.0221538543701172 -0.0102348327636719 -0.0374603271484375
0.0206737518310547 -0.0190143585205078 -0.00941276550292969 -0.0344638824462891
0.0365562438964844 -0.00611114501953125 -0.0032501220703125 -0.046051025390625
0.0361976623535156 0.0295944213867187 0.00872039794921876 -0.0523414611816406
0.025238037109375 0.0508041381835937 0.013519287109375 -0.0720977783203125
0.00200653076171875 0.0680770874023437 0.0265579223632813 -0.082244873046875
-0.0134429931640625 0.0828781127929688 0.0559234619140625 -0.0444869995117187
0.0105133056640625 0.055084228515625 0.00661420822143555 -0.00804615020751953
0.0369033813476562 0.0411796569824219 0.0258102416992188 0.0378036499023438
0.0413856506347656 0.00807952880859375 0.0582389831542969 0.0126800537109375
0.0361366271972656 -0.0160255432128906 0.0556716918945313 -0.025115966796875
0.0132236480712891 -0.0323028564453125 0.0254898071289062 -0.0558280944824219
-0.00478363037109375 -0.0396728515625 -0.00661849975585938 -0.0551872253417969
0.000133514404296874 -0.0416221618652344 -0.0109901428222656 -0.0366668701171875
-0.00567245483398438 -0.0452384948730469 -0.0146884918212891 -0.0299301147460938
0.0114021301269531 -0.0419235229492187 -0.0158367156982422 -0.0249271392822266
0.0375556945800781 -0.0331764221191406 -0.0163307189941406 -0.0239582061767578
0.0587196350097656 -0.00620651245117187 -0.0113945007324219 -0.0405349731445313
0.0515937805175781 0.0499534606933594 0.00112533569335938 -0.0471649169921875
0.026763916015625 0.0754776000976563 0.00989913940429688 -0.05865478515625
-0.0130386352539062 0.0937881469726563 0.0174064636230469 -0.0582771301269531
-0.0334854125976563 0.0996475219726563 0.0479393005371094 -0.0142822265625
-0.001190185546875 0.0818099975585937 0.00496673583984375 0.0121335983276367
0.0473556518554688 0.0711898803710938 0.0228233337402344 0.0491752624511719
0.0644607543945313 0.0200271606445313 0.0539932250976563 0.0249671936035156
0.0583229064941406 -0.0200920104980469 0.0535659790039063 -0.0114402770996094
0.0235519409179688 -0.0480575561523438 0.0243110656738281 -0.0408592224121094
-0.00391769409179688 -0.05596923828125 -0.00311279296875 -0.0379180908203125
0.000869750976562495 -0.0570793151855469 -0.00783920288085938 -0.0178203582763672
-0.00736618041992187 -0.0609588623046875 -0.0124950408935547 -0.0109367370605469
0.0123062133789062 -0.055633544921875 -0.0195655822753906 -0.00679969787597656
0.0455131530761719 -0.0453414916992188 -0.0222339630126953 -0.00947380065917969
0.0709304809570313 -0.0098419189453125 -0.0194187164306641 -0.0309257507324219
0.0617256164550781 0.0594406127929688 -0.00615310668945312 -0.0393333435058594
0.0278091430664063 0.0876541137695312 0.00883102416992187 -0.0415534973144531
-0.023956298828125 0.105712890625 0.00589179992675781 -0.0288677215576172
-0.0484695434570312 0.0982437133789062 0.0311527252197266 0.0199947357177734
-0.0149154663085937 0.0936050415039063 -0.000926971435546878 0.0359535217285156
0.0454559326171875 0.090911865234375 0.0157394409179688 0.058868408203125
0.0747756958007813 0.0318603515625 0.0430908203125 0.0363388061523438
0.0710067749023438 -0.0186309814453125 0.0443038940429688 0.00455856323242187
0.0306167602539063 -0.05548095703125 0.01983642578125 -0.0208396911621094
-0.00224685668945313 -0.0631027221679688 0.000196456909179687 -0.0151519775390625
0.00130462646484375 -0.0634803771972656 -0.00280237197875977 0.00384879112243652
-0.00884628295898438 -0.067779541015625 -0.00893402099609375 0.0106439590454102
0.0111656188964844 -0.0617599487304688 -0.0209712982177734 0.0139503479003906
0.0475654602050781 -0.0505599975585937 -0.0259017944335937 0.00696372985839843
0.073333740234375 -0.0117340087890625 -0.0254402160644531 -0.0192584991455078
0.0627250671386719 0.0619049072265625 -0.0106410980224609 -0.0311126708984375
0.0231857299804687 0.088958740234375 0.0104503631591797 -0.0227947235107422
-0.032470703125 0.102897644042969 -0.00580406188964844 0.00328063964843751
-0.0537261962890625 0.0800552368164062 0.0118865966796875 0.0521354675292969
-0.0270843505859375 0.08563232421875 -0.00887680053710938 0.057403564453125
0.0320587158203125 0.0918350219726563 0.00597763061523438 0.0624122619628906
0.0682640075683594 0.0377311706542969 0.027587890625 0.0439300537109375
0.06982421875 -0.0125350952148437 0.0300197601318359 0.01959228515625
0.0322303771972656 -0.0521659851074219 0.0135040283203125 0.000405311584472653
-0.00042724609375 -0.0601921081542969 0.00362205505371094 0.00796890258789062
0.00149917602539062 -0.060455322265625 0.00220298767089844 0.0241756439208984
-0.00825119018554688 -0.0648727416992188 -0.00388717651367188 0.0314407348632813
0.00988006591796875 -0.0583457946777344 -0.0208244323730469 0.0324916839599609
0.0441322326660156 -0.0481033325195312 -0.0281200408935547 0.0204753875732422
0.0667991638183594 -0.0095977783203125 -0.0297908782958984 -0.00817871093749999
0.0534286499023438 0.0595474243164063 -0.0138282775878906 -0.0227832794189453
0.0128250122070313 0.0809402465820313 0.0116672515869141 -0.00562191009521484
-0.0381622314453125 0.0864334106445313 -0.0183334350585938 0.0318012237548828
-0.0478248596191406 0.0472564697265625 -0.00815582275390626 0.0774002075195313
-0.03057861328125 0.0604324340820312 -0.0160598754882813 0.0739517211914063
0.0142898559570313 0.0726547241210938 -0.00245285034179688 0.0606842041015625
0.0488967895507813 0.0343093872070313 0.0128631591796875 0.0463333129882813
0.05389404296875 -0.0058441162109375 0.0153770446777344 0.0293388366699219
0.0271034240722656 -0.0399932861328125 0.00675773620605469 0.0196762084960937
0.000576019287109371 -0.0468788146972656 0.00712013244628906 0.0290298461914062
0.00140380859375 -0.0479316711425781 0.00753402709960937 0.041229248046875
-0.00545501708984375 -0.0527381896972656 0.00145339965820313 0.0490837097167969
0.00879669189453125 -0.0476455688476562 -0.0202102661132812 0.0483245849609375
0.0377693176269531 -0.0383453369140625 -0.0312252044677734 0.0312137603759766
0.0543632507324219 -0.00437545776367188 -0.0343399047851563 6.10351562500035E-05
0.0373878479003906 0.0532646179199219 -0.0166664123535156 -0.0178108215332031
-0.000698089599609379 0.0646553039550781 0.0111684799194336 0.008270263671875
-0.0411949157714844 0.0588455200195313 -0.0313529968261719 0.0542259216308594
-0.0341968536376953 0.00622558593750001 -0.0200958251953125 0.0906143188476563
-0.0281467437744141 0.0247592926025391 -0.0194091796875 0.0808792114257813
-0.00323486328125 0.0397109985351563 -0.00712203979492187 0.0548133850097656
0.0218524932861328 0.0222320556640625 0.00273895263671875 0.0464859008789063
0.0287494659423828 0.00040435791015625 0.00539588928222656 0.0348644256591797
0.0164909362792969 -0.0216560363769531 0.00335311889648437 0.0324649810791016
0.00146293640136719 -0.02685546875 0.0105934143066406 0.04296875
0.00157546997070312 -0.0287647247314453 0.0114822387695312 0.0513114929199219
-0.00159454345703125 -0.0337028503417969 0.0040435791015625 0.0612564086914062
0.0067901611328125 -0.0316734313964844 -0.0211067199707031 0.0589179992675781
0.027099609375 -0.0253200531005859 -0.0352363586425781 0.0376663208007813
0.0371627807617188 9.918212890625E-05 -0.0395660400390625 0.00574111938476562
0.019287109375 0.0405197143554688 -0.0204524993896484 -0.0151920318603516
-0.0138702392578125 0.041717529296875 0.00636005401611328 0.016819953918457
-0.0385017395019531 0.0234718322753906 -0.0446395874023438 0.0658493041992187
0.023712158203125 0.0150356292724609 0.041656494140625 -0.075958251953125
0.0145368576049805 -0.0125236511230469 -0.00297164916992187 -0.0240478515625
-0.00440311431884766 -0.0147991180419922 0.0227489471435547 0.0184555053710938
-0.0133771896362305 -0.00218868255615235 0.0516357421875 -0.00366592407226562
-0.0103883743286133 0.00736522674560547 0.0441856384277344 -0.0388832092285156
-0.00134658813476562 0.012730598449707 0.0184860229492188 -0.0640907287597656
-5.67436218261719E-05 0.00731086730957031 -0.0138587951660156 -0.0666694641113281
-0.000869274139404297 0.00464153289794922 -0.0177383422851563 -0.0548286437988281
-0.003204345703125 0.00433945655822754 -0.0171661376953125 -0.0479621887207031
-0.00333714485168457 8.29696655273443E-05 -0.00820159912109375 -0.0425338745117188
-0.00171995162963867 -0.00660991668701172 -0.00728988647460938 -0.03924560546875
0.00780010223388672 -0.0135164260864258 -0.00242233276367188 -0.0479927062988281
0.0215663909912109 -0.00258445739746094 0.01202392578125 -0.0563392639160156
0.0278282165527344 0.0157451629638672 0.0124282836914062 -0.0800933837890625
0.0221080780029297 0.0306930541992187 0.0232086181640625 -0.0969772338867188
0.0101242065429688 0.0535736083984375 0.0497283935546875 -0.0675697326660156
0.0176048278808594 0.0208892822265625 0.00231742858886719 -0.0201950073242188
0.0195102691650391 0.00927162170410156 0.0268192291259766 0.02508544921875
0.0135707855224609 -0.00121402740478516 0.0563583374023438 0.00038909912109375
0.0103292465209961 -0.00709342956542969 0.0500717163085938 -0.0366477966308594
0.00329303741455078 -0.0106582641601563 0.0205345153808594 -0.0639877319335938
-0.00495624542236328 -0.0164299011230469 -0.0129318237304688 -0.0644607543945313
-0.00258636474609375 -0.0200691223144531 -0.0166854858398438 -0.0492286682128906
-0.00561904907226563 -0.02178955078125 -0.0179405212402344 -0.0428199768066406
0.0042572021484375 -0.0222339630126953 -0.0128631591796875 -0.0371818542480469
0.0195045471191406 -0.0203838348388672 -0.0116214752197266 -0.0339488983154297
0.0363883972167969 -0.00850296020507812 -0.00659942626953125 -0.046295166015625
0.0382347106933594 0.0270271301269531 0.00561141967773438 -0.05224609375
0.02813720703125 0.0494804382324219 0.00856018066406249 -0.0726852416992188
0.00627899169921875 0.0683822631835938 0.020660400390625 -0.0838088989257812
-0.00778961181640625 0.0842742919921875 0.0520553588867188 -0.0473861694335937
0.0142784118652344 0.05487060546875 0.00529336929321289 -0.00790786743164062
0.0405502319335938 0.0388565063476563 0.0284919738769531 0.0356674194335938
0.0419502258300781 0.00501251220703125 0.0588569641113281 0.00949478149414063
0.034637451171875 -0.019073486328125 0.0541725158691406 -0.0285530090332031
0.0109615325927734 -0.0328273773193359 0.0217933654785156 -0.057098388671875
-0.00732421875 -0.0389251708984375 -0.0103950500488281 -0.0546951293945312
-0.00286865234375 -0.0417823791503906 -0.0135536193847656 -0.0358428955078125
-0.00885772705078125 -0.0443458557128906 -0.0169162750244141 -0.0289897918701172
0.00830841064453125 -0.0424690246582031 -0.0173377990722656 -0.0235729217529297
0.0348091125488281 -0.0353851318359375 -0.0182209014892578 -0.0231399536132813
0.0584831237792969 -0.0102424621582031 -0.0144729614257812 -0.0402450561523438
0.0549049377441406 0.046875 -0.00173568725585937 -0.0468902587890625
0.0309906005859375 0.0737152099609375 0.0060882568359375 -0.0593757629394531
-0.00703430175781251 0.0954208374023437 0.0127067565917969 -0.0596466064453125
-0.0267257690429688 0.101753234863281 0.0457687377929687 -0.01702880859375
0.004119873046875 0.0825119018554688 0.00481033325195313 0.0119638442993164
0.0530662536621094 0.0677719116210938 0.0263023376464844 0.0475196838378906
0.066070556640625 0.0154075622558594 0.0554275512695313 0.021759033203125
0.0564651489257813 -0.0247116088867188 0.0531234741210937 -0.0142402648925781
0.0202369689941406 -0.04937744140625 0.0215568542480469 -0.0419425964355469
-0.00744247436523438 -0.0550498962402344 -0.00595855712890625 -0.0373077392578125
-0.00302505493164062 -0.0571403503417969 -0.00868988037109375 -0.0173864364624023
-0.0121421813964844 -0.0600967407226563 -0.0132818222045898 -0.00977325439453125
0.00870895385742187 -0.0562286376953125 -0.0200347900390625 -0.00520706176757813
0.0419883728027344 -0.0482521057128906 -0.0230674743652344 -0.00818252563476563
0.0701828002929688 -0.0149650573730469 -0.0218048095703125 -0.0297527313232422
0.0659637451171875 0.055450439453125 -0.00868988037109374 -0.0391349792480469
0.0329666137695312 0.0860748291015625 0.00585174560546876 -0.0421257019042969
-0.0169219970703125 0.107841491699219 0.00354957580566406 -0.0294647216796875
-0.041839599609375 0.101669311523438 0.0315608978271484 0.0181121826171875
-0.00957489013671875 0.0945587158203125 0.000545501708984374 0.0357704162597656
0.0524063110351563 0.0877685546875 0.0198135375976563 0.0571441650390625
0.0771408081054688 0.0269012451171875 0.0452957153320313 0.0335731506347656
0.0695915222167969 -0.0236740112304688 0.0442886352539063 0.00247573852539062
0.0266342163085938 -0.0571517944335938 0.0182952880859375 -0.0214042663574219
-0.00652313232421876 -0.0623435974121094 -0.000920295715332032 -0.0148611068725586
-0.00328445434570313 -0.0637054443359375 -0.00200104713439941 0.00381851196289062
-0.0142097473144531 -0.0668525695800781 -0.00751113891601563 0.0114517211914062
0.00656890869140624 -0.0615425109863281 -0.0199623107910156 0.0154914855957031
0.0433120727539063 -0.0539131164550781 -0.0254554748535156 0.00812911987304688
0.0723724365234375 -0.0173263549804688 -0.0269279479980469 -0.0180549621582031
0.0673065185546875 0.0578041076660156 -0.0128002166748047 -0.0301418304443359
0.0289230346679688 0.0876007080078125 0.00876808166503907 -0.023895263671875
-0.0252685546875 0.106056213378906 -0.00590944290161133 0.00318908691406251
-0.0475616455078125 0.0833358764648438 0.0143051147460937 0.0517654418945313
-0.0212554931640625 0.0872421264648438 -0.00610733032226562 0.0577430725097656
0.0388107299804688 0.089508056640625 0.00987625122070312 0.0614280700683594
0.070770263671875 0.0329971313476563 0.0299148559570313 0.0422630310058594
0.068328857421875 -0.0178375244140625 0.0314579010009766 0.0178356170654297
0.0286674499511719 -0.0540351867675781 0.01348876953125 -7.43865966796908E-05
-0.00474166870117187 -0.0594558715820312 0.00423479080200195 0.0079350471496582
-0.0026397705078125 -0.0606727600097656 0.00448036193847656 0.0236454010009766
-0.013336181640625 -0.0635566711425781 -0.00135421752929687 0.0320186614990234
0.00558853149414062 -0.0583038330078125 -0.0186576843261719 0.0342864990234375
0.0401802062988281 -0.0507354736328125 -0.0266990661621094 0.0218048095703125
0.0658378601074219 -0.0142745971679687 -0.0305538177490234 -0.00684356689453125
0.0578346252441406 0.0558738708496094 -0.0153942108154297 -0.0218257904052734
0.0180206298828125 0.0804824829101563 0.0110301971435547 -0.00673103332519531
-0.0324935913085938 0.0896224975585938 -0.0156784057617188 0.0329437255859375
-0.0439262390136719 0.0503807067871094 -0.00309753417968751 0.0783004760742188
-0.027130126953125 0.062591552734375 -0.0125579833984375 0.0742340087890625
0.01953125 0.0714340209960937 0.00110244750976562 0.0600967407226563
0.0505218505859375 0.03045654296875 0.0153465270996094 0.0458450317382812
0.0531845092773437 -0.009979248046875 0.0174522399902344 0.0284633636474609
0.024017333984375 -0.0416984558105469 0.00768470764160156 0.0198974609375
-0.00300979614257813 -0.0463829040527344 0.00915145874023438 0.0289478302001953
-0.00202560424804688 -0.0481986999511719 0.0109481811523437 0.0404281616210938
-0.00960540771484375 -0.0520362854003906 0.00482177734375 0.0491485595703125
0.0051422119140625 -0.0480499267578125 -0.0167007446289062 0.0500907897949219
0.0339851379394531 -0.0409622192382813 -0.0290946960449219 0.0325641632080078
0.0542373657226562 -0.00850677490234375 -0.0345630645751953 0.00229263305664063
0.0416030883789063 0.0509147644042969 -0.0179424285888672 -0.0165805816650391
0.00298309326171875 0.064666748046875 0.0113716125488281 0.00713062286376953
-0.0369338989257813 0.0617637634277344 -0.0270156860351563 0.0554656982421875
-0.0329723358154297 0.00840377807617187 -0.014190673828125 0.0914840698242188
-0.0263767242431641 0.0265941619873047 -0.0145950317382813 0.0817947387695312
-0.000438690185546871 0.039459228515625 -0.00420761108398437 0.0548477172851562
0.0230674743652344 0.0204849243164063 0.00532150268554688 0.0459098815917969
0.0283641815185547 -0.00172615051269531 0.00784111022949219 0.0345096588134766
0.0149726867675781 -0.0226688385009766 0.00591468811035156 0.0326423645019531
-0.000553131103515626 -0.0260105133056641 0.0134925842285156 0.042327880859375
-0.000988006591796875 -0.028778076171875 0.0157203674316406 0.0507164001464844
-0.00477981567382812 -0.0332736968994141 0.00929641723632813 0.0610923767089844
0.00460433959960937 -0.0316219329833984 -0.0168304443359375 0.0602188110351562
0.0247516632080078 -0.0270843505859375 -0.0332183837890625 0.0395584106445313
0.0372657775878906 -0.00238418579101563 -0.0388870239257813 0.00812530517578124
0.0223579406738281 0.03948974609375 -0.0215835571289062 -0.0139865875244141
-0.0112037658691406 0.0426406860351563 0.0075225830078125 0.0161752700805664
-0.0363388061523438 0.0258026123046875 -0.0399551391601563 0.0686149597167969
0.0239028930664063 0.0137405395507813 0.037261962890625 -0.0756759643554688
0.0139780044555664 -0.0125188827514648 -0.00402069091796875 -0.0229454040527344
-0.00469207763671875 -0.014277458190918 0.0232563018798828 0.0171890258789063
-0.0132875442504883 -0.00111770629882812 0.050140380859375 -0.00514602661132813
-0.00984096527099609 0.00802040100097656 0.0419464111328125 -0.0392990112304688
-0.00051116943359375 0.0124282836914063 0.0158882141113281 -0.0638427734375
0.000405311584472657 0.00677013397216797 -0.0163612365722656 -0.0647735595703125
-0.000882148742675781 0.00422286987304688 -0.0201606750488281 -0.0531158447265625
-0.00267720222473144 0.00425815582275391 -0.0195846557617187 -0.0463752746582031
-0.00366997718811035 -0.000213146209716798 -0.0100440979003906 -0.0416221618652344
-0.00228738784790039 -0.00674724578857422 -0.0087432861328125 -0.0380096435546875
0.00691032409667968 -0.0132026672363281 -0.00424575805664062 -0.0473289489746094
0.0211143493652344 -0.0034332275390625 0.00951766967773438 -0.0554122924804688
0.0277462005615234 0.0148181915283203 0.00885772705078125 -0.0788726806640625
0.0229778289794922 0.0296878814697266 0.0187835693359375 -0.0959320068359375
0.0124969482421875 0.0525360107421875 0.0452842712402344 -0.067718505859375
0.0183448791503906 0.0204944610595703 0.00109100341796875 -0.0193347930908203
0.0200481414794922 0.0085296630859375 0.0275249481201172 0.0233497619628906
0.0131778717041016 -0.00164699554443359 0.0552558898925781 -0.00136947631835938
0.0100717544555664 -0.00752544403076172 0.0479049682617188 -0.0374221801757813
0.00286293029785156 -0.0103349685668945 0.0177574157714844 -0.0636405944824219
-0.00544929504394531 -0.0160074234008789 -0.0156440734863281 -0.0628089904785156
-0.00358390808105469 -0.0194530487060547 -0.0189437866210938 -0.0479393005371094
-0.00655746459960937 -0.0207729339599609 -0.0200767517089844 -0.0412178039550781
0.00357627868652344 -0.0222072601318359 -0.014434814453125 -0.0359458923339844
0.0190849304199219 -0.0207996368408203 -0.0128040313720703 -0.0334129333496094
0.0353927612304688 -0.0100898742675781 -0.00889205932617188 -0.0451431274414063
0.0385627746582031 0.0254974365234375 0.00358963012695313 -0.05157470703125
0.0293998718261719 0.0477714538574219 0.00505828857421875 -0.0712966918945313
0.00883865356445312 0.0672492980957031 0.0160675048828125 -0.0835113525390625
-0.00371551513671874 0.0837173461914063 0.0484733581542969 -0.0483779907226563
0.016326904296875 0.0539398193359375 0.00379371643066406 -0.00741291046142578
0.041748046875 0.0364227294921875 0.0298385620117188 0.0336284637451172
0.0417976379394531 0.00330352783203125 0.0581130981445313 0.00774002075195312
0.0330429077148438 -0.0198421478271484 0.0517349243164063 -0.0294227600097656
0.009033203125 -0.0322246551513672 0.0192718505859375 -0.0564804077148438
-0.00926971435546875 -0.0372238159179687 -0.0126609802246094 -0.0528831481933594
-0.00500106811523437 -0.0410995483398438 -0.0148868560791016 -0.0346431732177734
-0.010955810546875 -0.04278564453125 -0.0183010101318359 -0.0276737213134766
0.00658035278320313 -0.0416488647460937 -0.0185108184814453 -0.0224037170410156
0.0326919555664063 -0.0363082885742188 -0.0189399719238281 -0.0221652984619141
0.056427001953125 -0.0129280090332031 -0.0164794921875 -0.0394515991210937
0.0560684204101563 0.0438728332519531 -0.00349807739257812 -0.0456047058105469
0.0334396362304687 0.0714797973632813 0.00304412841796875 -0.0584716796875
-0.00270843505859375 0.094268798828125 0.0099945068359375 -0.05950927734375
-0.021270751953125 0.101249694824219 0.043304443359375 -0.0184211730957031
0.00759887695312499 0.0813827514648438 0.00405502319335938 0.0118999481201172
0.05584716796875 0.0638961791992188 0.0275344848632813 0.0448188781738281
0.0653343200683594 0.0119171142578125 0.0551567077636719 0.0199737548828125
0.0538787841796875 -0.02685546875 0.0511398315429688 -0.0157661437988281
0.0172233581542969 -0.0489921569824219 0.0197486877441406 -0.0413360595703125
-0.00996017456054688 -0.05328369140625 -0.0071258544921875 -0.0360298156738281
-0.00594711303710937 -0.055938720703125 -0.00873565673828125 -0.0166444778442383
-0.015228271484375 -0.057952880859375 -0.0136194229125977 -0.00878810882568359
0.0057830810546875 -0.0550384521484375 -0.0195808410644531 -0.00399971008300781
0.0388641357421875 -0.0485496520996094 -0.0232925415039062 -0.00742340087890625
0.0682716369628906 -0.0185432434082031 -0.02301025390625 -0.0288066864013672
0.0680618286132813 0.051971435546875 -0.00956344604492187 -0.0376701354980469
0.0360107421875 0.0831069946289062 0.00374603271484375 -0.0419998168945312
-0.011962890625 0.107566833496094 0.00224876403808594 -0.0288982391357422
-0.0364532470703125 0.1014404296875 0.0304985046386719 0.0166568756103516
-0.005035400390625 0.093841552734375 0.000562667846679689 0.0350284576416016
0.0560150146484375 0.0835418701171875 0.021514892578125 0.0548210144042969
0.076568603515625 0.0225296020507813 0.0456199645996094 0.0314559936523438
0.0666465759277344 -0.0268440246582031 0.0439071655273438 0.000629425048828123
0.0232391357421875 -0.0567665100097656 0.0173263549804688 -0.02105712890625
-0.00952911376953125 -0.0601844787597656 -0.00138092041015625 -0.0141630172729492
-0.00618362426757812 -0.0626029968261719 -0.00145292282104492 0.00364470481872558
-0.0171394348144531 -0.0640945434570313 -0.00684928894042969 0.0120134353637695
0.00381851196289063 -0.0605392456054688 -0.0187416076660156 0.0163707733154297
0.0396804809570313 -0.0542411804199219 -0.0246772766113281 0.00850486755371094
0.0702438354492188 -0.0204696655273438 -0.0276393890380859 -0.0171451568603516
0.0689926147460938 0.0538825988769531 -0.0132255554199219 -0.0288257598876953
0.0320892333984375 0.0848617553710938 0.007476806640625 -0.0239295959472656
-0.0202407836914063 0.105392456054688 -0.00588798522949219 0.00324726104736329
-0.0431747436523438 0.0839004516601562 0.0154304504394531 0.0500411987304688
-0.0174331665039063 0.0867385864257813 -0.0046234130859375 0.0563735961914063
0.0423583984375 0.0856857299804688 0.0114593505859375 0.0589523315429688
0.0709915161132812 0.02960205078125 0.0305366516113281 0.0406875610351563
0.0657501220703125 -0.0208244323730469 0.0317916870117188 0.0165386199951172
0.0256690979003906 -0.053955078125 0.0129003524780273 0.000445365905761716
-0.00725555419921875 -0.0572662353515625 0.00465059280395508 0.00820446014404297
-0.00582504272460938 -0.0592765808105469 0.00591659545898438 0.0229358673095703
-0.0163726806640625 -0.0614280700683594 0.000614166259765624 0.0316123962402344
0.0026702880859375 -0.05718994140625 -0.016357421875 0.0345115661621094
0.0365943908691406 -0.0511207580566406 -0.0255508422851562 0.0221729278564453
0.0641517639160156 -0.017364501953125 -0.03033447265625 -0.00585746765136718
0.0598602294921875 0.0522880554199219 -0.0158329010009766 -0.0207500457763672
0.020599365234375 0.077911376953125 0.0104618072509766 -0.00787067413330078
-0.0277938842773438 0.08953857421875 -0.0145473480224609 0.0324039459228516
-0.0407180786132813 0.0512847900390625 -0.000679016113281252 0.0767364501953125
-0.0234565734863281 0.0621261596679688 -0.00982666015625001 0.0731277465820312
0.0228729248046875 0.069000244140625 0.00270462036132812 0.0578880310058594
0.0507736206054688 0.027679443359375 0.0164146423339844 0.0443954467773437
0.0510406494140625 -0.0124664306640625 0.0180130004882813 0.0277385711669922
0.0215492248535156 -0.0416030883789062 0.00845146179199219 0.0202255249023437
-0.00455474853515625 -0.0450019836425781 0.0103492736816406 0.0282325744628906
-0.00437545776367187 -0.0469932556152344 0.0130157470703125 0.0390243530273438
-0.0122642517089844 -0.0500717163085938 0.00800704956054688 0.0480995178222656
0.00285720825195313 -0.0468254089355469 -0.0140533447265625 0.0499343872070313
0.0312271118164063 -0.0416526794433594 -0.0274257659912109 0.0329113006591797
0.0526008605957031 -0.0110511779785156 -0.0338039398193359 0.00312042236328124
0.0434188842773438 0.0480804443359375 -0.0180416107177734 -0.0155887603759766
0.0053253173828125 0.0634002685546875 0.0115118026733398 0.00600528717041016
-0.0334663391113281 0.0623512268066406 -0.0242424011230469 0.0549850463867188
-0.0321464538574219 0.00929069519042969 -0.010955810546875 0.0905075073242188
-0.0243740081787109 0.0269641876220703 -0.0115966796875 0.0805587768554688
0.00154876708984375 0.0385780334472656 -0.00266647338867188 0.0534858703613281
0.0229969024658203 0.0190906524658203 0.00682830810546875 0.0451736450195313
0.0276374816894531 -0.00357437133789063 0.0088958740234375 0.0332183837890625
0.0135421752929688 -0.0224094390869141 0.00677490234375 0.032684326171875
-0.00140571594238282 -0.0252647399902344 0.01556396484375 0.0414619445800781
-0.0021820068359375 -0.0280704498291016 0.0179862976074219 0.0489273071289063
-0.00636100769042969 -0.0324668884277344 0.0123863220214844 0.0595817565917969
0.00287437438964844 -0.031036376953125 -0.0139350891113281 0.0600738525390625
0.022552490234375 -0.0273799896240234 -0.0306396484375 0.0399017333984375
0.0359649658203125 -0.0040740966796875 -0.0379066467285156 0.00933074951171875
0.0240325927734375 0.0375442504882813 -0.0217113494873047 -0.012939453125
-0.00913619995117188 0.0423698425292969 0.00832557678222656 0.0147676467895508
-0.0345783233642578 0.0272083282470703 -0.0356407165527344 0.0675582885742187
0.0230960845947266 0.0132617950439453 0.0348358154296875 -0.074310302734375
0.0134725570678711 -0.0122356414794922 -0.00434494018554687 -0.0217151641845703
-0.00439643859863281 -0.0135183334350586 0.0234718322753906 0.0166473388671875
-0.0129022598266602 -0.00111198425292969 0.0495681762695313 -0.00592041015625
-0.00944232940673828 0.00847339630126953 0.040435791015625 -0.0387687683105469
8.39233398437512E-05 0.0119991302490234 0.0150604248046875 -0.0633964538574219
0.000986576080322266 0.00609731674194336 -0.0181388854980469 -0.0634841918945313
-0.000993728637695312 0.00399637222290039 -0.0212326049804687 -0.0523452758789063
-0.00253915786743164 0.00415229797363281 -0.0206184387207031 -0.0451126098632813
-0.00358772277832031 -0.000323057174682618 -0.0108108520507813 -0.0411376953125
-0.00170230865478516 -0.00621414184570313 -0.009307861328125 -0.0375900268554687
0.00660896301269531 -0.0133285522460937 -0.00518798828125001 -0.0461959838867188
0.0203533172607422 -0.003143310546875 0.00914382934570312 -0.0540847778320313
0.027618408203125 0.0140132904052734 0.00731658935546875 -0.0771560668945313
0.0230083465576172 0.0290374755859375 0.0167388916015625 -0.0946121215820313
0.0129661560058594 0.0514793395996094 0.0426216125488281 -0.0664825439453125
0.0184707641601563 0.0199108123779297 8.9645385742189E-05 -0.0189800262451172
0.0200653076171875 0.00766944885253906 0.0275382995605469 0.0225276947021484
0.0128793716430664 -0.00167274475097656 0.0543746948242188 -0.0015411376953125
0.00940418243408203 -0.00728893280029297 0.04644775390625 -0.0372543334960938
0.00289154052734375 -0.00992870330810547 0.0167922973632813 -0.06256103515625
-0.00582313537597656 -0.0156145095825195 -0.0166740417480469 -0.0615653991699219
-0.00403404235839844 -0.0193157196044922 -0.0199699401855469 -0.0467147827148438
-0.00694847106933594 -0.0203914642333984 -0.0209083557128906 -0.0401840209960938
0.00302505493164063 -0.0218944549560547 -0.0150222778320313 -0.0357666015625
0.0181884765625 -0.0205287933349609 -0.0133113861083984 -0.0327682495117188
0.0342960357666016 -0.0103607177734375 -0.00994491577148437 -0.0445671081542969
0.038299560546875 0.0247726440429688 0.0032196044921875 -0.0503959655761719
0.0296669006347656 0.0468788146972656 0.00372314453125 -0.0703048706054688
0.00984573364257812 0.0663719177246094 0.0146484375 -0.0820159912109375
-0.00252532958984375 0.0821380615234375 0.0455856323242188 -0.0476837158203125
0.0169410705566406 0.0534553527832031 0.00308942794799805 -0.00728082656860351
0.0426216125488281 0.0350265502929688 0.0294704437255859 0.0322246551513672
0.0408973693847656 0.00247955322265625 0.0570793151855469 0.00726318359375
0.0317134857177734 -0.0203914642333984 0.0508995056152344 -0.0291862487792969
0.00840950012207031 -0.0314064025878906 0.0185661315917969 -0.0554084777832031
-0.0095062255859375 -0.0364837646484375 -0.0131301879882813 -0.0518951416015625
-0.00588226318359375 -0.0404930114746094 -0.0152187347412109 -0.0344314575195312
-0.0119400024414063 -0.0418815612792969 -0.0184726715087891 -0.0270252227783203
0.00552749633789062 -0.0405158996582031 -0.0185432434082031 -0.0220870971679688
0.0314445495605469 -0.0359992980957031 -0.0188179016113281 -0.0216999053955078
0.0555648803710938 -0.01385498046875 -0.0171127319335937 -0.0387153625488281
0.0563392639160156 0.0424308776855469 -0.00381088256835937 -0.0450897216796875
0.033721923828125 0.0698089599609375 0.00150680541992188 -0.0574684143066406
-0.00101470947265625 0.093292236328125 0.00831604003906249 -0.0584869384765625
-0.0195541381835937 0.100242614746094 0.0410728454589844 -0.0181388854980469
0.00890350341796874 0.0807418823242188 0.00335407257080078 0.0120296478271484
0.0566864013671875 0.0616035461425781 0.0276870727539063 0.0430641174316406
0.0644989013671875 0.0108718872070312 0.0540199279785156 0.0188026428222656
0.0522994995117188 -0.0275535583496094 0.0504913330078125 -0.0158004760742188
0.0159225463867188 -0.0483932495117188 0.0190963745117188 -0.0404205322265625
-0.0109519958496094 -0.0519790649414063 -0.00802421569824219 -0.0350894927978516
-0.00733184814453125 -0.0554237365722656 -0.00895023345947266 -0.0165729522705078
-0.01629638671875 -0.0562019348144531 -0.0133781433105469 -0.008758544921875
0.00461196899414062 -0.0542068481445313 -0.0197124481201172 -0.00358009338378906
0.0370903015136719 -0.0486259460449219 -0.0229034423828125 -0.00704574584960938
0.0666999816894531 -0.0198402404785156 -0.0238018035888672 -0.0284805297851563
0.0680961608886719 0.0503425598144531 -0.0101089477539062 -0.0368919372558594
0.0365219116210937 0.0816726684570313 0.0027618408203125 -0.0414657592773437
-0.00992584228515624 0.106925964355469 0.00149154663085937 -0.0286636352539062
-0.033966064453125 0.10040283203125 0.0291328430175781 0.0162277221679688
-0.0037994384765625 0.0928573608398438 3.05175781249965E-05 0.0345497131347656
0.0571441650390625 0.0808486938476563 0.0216598510742187 0.0526237487792969
0.07574462890625 0.0208663940429687 0.0445823669433594 0.0307769775390625
0.0647926330566406 -0.0277137756347656 0.0433120727539063 0.000560760498046873
0.0216751098632812 -0.0557594299316406 0.0170631408691406 -0.0203685760498047
-0.0103874206542969 -0.0585746765136719 -0.00148582458496094 -0.013728141784668
-0.00774002075195313 -0.0618095397949219 -0.00100064277648926 0.00341558456420898
-0.0187911987304688 -0.062469482421875 -0.00608539581298828 0.0116653442382812
0.00258636474609375 -0.059417724609375 -0.0180759429931641 0.0164031982421875
0.0372848510742187 -0.0537910461425781 -0.0242938995361328 0.0087890625
0.0685310363769531 -0.0213775634765625 -0.0281219482421875 -0.0166015625
0.0693283081054688 0.0520095825195313 -0.0133781433105469 -0.0283107757568359
0.0323333740234375 0.083282470703125 0.00715255737304687 -0.0238895416259766
-0.0177383422851562 0.104721069335937 -0.00619029998779297 0.0031275749206543
-0.0405426025390625 0.0828704833984375 0.0149497985839844 0.0492286682128906
-0.0158157348632813 0.0862350463867188 -0.00494384765625 0.0558624267578125
0.0435638427734375 0.0832061767578125 0.0117645263671875 0.0575370788574219
0.0696640014648438 0.0276947021484375 0.030517578125 0.0397109985351563
0.0642547607421875 -0.0217323303222656 0.0315170288085938 0.0160923004150391
0.0241317749023437 -0.0532722473144531 0.0129327774047852 0.00135040283203125
-0.00820159912109375 -0.0560379028320313 0.00478553771972656 0.00842952728271484
-0.00685501098632813 -0.0588226318359375 0.00675010681152344 0.0223045349121094
-0.0176811218261719 -0.0597076416015625 0.00185585021972656 0.0310230255126953
0.00166702270507813 -0.0560455322265625 -0.0153484344482422 0.0341949462890625
0.0343704223632812 -0.050567626953125 -0.0247268676757812 0.0216140747070312
0.0623893737792969 -0.0185356140136719 -0.0300884246826172 -0.00559043884277344
0.0599479675292969 0.050750732421875 -0.0157260894775391 -0.0201778411865234
0.0217666625976562 0.076568603515625 0.0102500915527344 -0.00829029083251953
-0.0252227783203125 0.0889968872070313 -0.0135536193847656 0.0317420959472656
-0.0390434265136719 0.0509605407714844 -1.52587890625044E-05 0.07586669921875
-0.0216636657714844 0.0615768432617187 -0.00963592529296875 0.0718612670898438
0.0238456726074219 0.06695556640625 0.00269699096679688 0.0566749572753906
0.0502357482910156 0.0261039733886719 0.0162353515625 0.0439300537109375
0.0502433776855469 -0.0127792358398437 0.0184135437011719 0.0268611907958984
0.020416259765625 -0.0408782958984375 0.00886917114257813 0.0203189849853516
-0.00577163696289062 -0.0435371398925781 0.0110645294189453 0.0282096862792969
-0.00517654418945312 -0.0465011596679687 0.0139312744140625 0.0375823974609375
-0.0134696960449219 -0.0486373901367188 0.00921630859375 0.0469322204589844
0.00213623046875 -0.0457687377929687 -0.0126380920410156 0.0496444702148438
0.0295295715332031 -0.0411338806152344 -0.0267257690429687 0.0325355529785156
0.05120849609375 -0.0117340087890625 -0.0337867736816406 0.00311279296874999
0.0436134338378906 0.046295166015625 -0.0176868438720703 -0.0150890350341797
0.00661849975585938 0.0623893737792969 0.0115528106689453 0.00518989562988282
-0.0318527221679688 0.0623664855957031 -0.0226783752441406 0.0539054870605469
-0.0306549072265625 0.00939750671386719 -0.00968933105468751 0.0889663696289063
-0.0238494873046875 0.0264873504638672 -0.0103073120117187 0.0794219970703125
0.00254440307617187 0.0378341674804687 -0.00299072265625 0.0522842407226562
0.0227222442626953 0.0185165405273438 0.00657272338867188 0.0444297790527344
0.0270786285400391 -0.00365257263183594 0.00937080383300781 0.0329074859619141
0.012908935546875 -0.022735595703125 0.00713348388671875 0.0329151153564453
-0.0021820068359375 -0.0245494842529297 0.0166015625 0.0405158996582031
-0.00273513793945312 -0.0274448394775391 0.0191993713378906 0.0475311279296875
-0.00730323791503907 -0.0316162109375 0.0139236450195312 0.0581855773925781
0.00233840942382813 -0.0303363800048828 -0.0121841430664062 0.0599555969238281
0.0218620300292969 -0.0275611877441406 -0.0296249389648438 0.0391426086425781
0.0351676940917969 -0.00473403930664063 -0.0370140075683594 0.0091705322265625
0.0245552062988281 0.0366020202636719 -0.0214786529541016 -0.0126304626464844
-0.008453369140625 0.0417823791503906 0.00853538513183594 0.0134677886962891
-0.0334129333496094 0.0271282196044922 -0.033843994140625 0.0667991638183594
0.0229778289794922 0.0135250091552734 0.0343704223632812 -0.0738525390625
0.0137939453125 -0.0120773315429687 -0.00479698181152344 -0.0216808319091797
-0.00424480438232422 -0.0136070251464844 0.0230331420898438 0.0169277191162109
-0.0131511688232422 -0.00106048583984375 0.0493278503417969 -0.0052490234375
-0.00939083099365234 0.00859355926513672 0.040679931640625 -0.0386009216308594
0.000245094299316407 0.0122642517089844 0.0151443481445313 -0.06390380859375
0.000469684600830078 0.00613975524902344 -0.0184402465820312 -0.0633811950683594
-0.00111675262451172 0.00386309623718262 -0.0221900939941406 -0.0522575378417969
-0.00244259834289551 0.00406932830810547 -0.0215301513671875 -0.0452003479003906
-0.00321054458618164 -0.000228643417358398 -0.0111770629882813 -0.0418205261230469
-0.00155878067016602 -0.00650358200073242 -0.00916671752929687 -0.0383033752441406
0.00674247741699219 -0.0129108428955078 -0.00549697875976562 -0.0466156005859375
0.0199489593505859 -0.00284194946289063 0.00945663452148438 -0.05426025390625
0.0275840759277344 0.0142116546630859 0.00739288330078125 -0.0767364501953125
0.0231266021728516 0.0288887023925781 0.0172271728515625 -0.0946044921875
0.0127220153808594 0.05145263671875 0.0417976379394531 -0.0660667419433594
0.0190811157226563 0.0203323364257812 -0.000745773315429688 -0.0182762145996094
0.0207271575927734 0.00731849670410156 0.0271968841552734 0.0224666595458984
0.0131130218505859 -0.00189113616943359 0.0546455383300781 -0.00104522705078125
0.00949001312255859 -0.00734710693359375 0.0466499328613281 -0.0367927551269531
0.00286388397216797 -0.0102176666259766 0.0169906616210938 -0.0629997253417969
-0.00559139251708984 -0.0158309936523438 -0.0175209045410156 -0.0615577697753906
-0.004180908203125 -0.0199642181396484 -0.0205039978027344 -0.0464897155761719
-0.00713348388671875 -0.0204029083251953 -0.021759033203125 -0.0400924682617188
0.00345420837402344 -0.0215644836425781 -0.0153160095214844 -0.0360145568847656
0.0182685852050781 -0.0205116271972656 -0.0133914947509766 -0.0330791473388672
0.0344657897949219 -0.0109386444091797 -0.01019287109375 -0.0451316833496094
0.0389595031738281 0.0251579284667969 0.00368499755859375 -0.05059814453125
0.0294418334960938 0.0470123291015625 0.00370407104492188 -0.0700340270996094
0.0101470947265625 0.0672340393066406 0.0143814086914063 -0.0822906494140625
-0.00225067138671875 0.0824508666992188 0.04461669921875 -0.0473365783691406
0.0172615051269531 0.0542411804199219 0.00179243087768555 -0.00691127777099609
0.0433807373046875 0.0345497131347656 0.0294475555419922 0.0319385528564453
0.0411834716796875 0.002227783203125 0.0572166442871094 0.00745391845703125
0.0315608978271484 -0.0205554962158203 0.0514869689941406 -0.0289039611816406
0.00855827331542969 -0.0313205718994141 0.01904296875 -0.0552978515625
-0.0097808837890625 -0.0363578796386719 -0.0133323669433594 -0.0516777038574219
-0.00653457641601562 -0.0409736633300781 -0.0158596038818359 -0.0344505310058594
-0.0121269226074219 -0.0413742065429688 -0.0191841125488281 -0.0273628234863281
0.00537490844726562 -0.0410041809082031 -0.0190219879150391 -0.0223484039306641
0.0316238403320313 -0.0362434387207031 -0.0191593170166016 -0.0220241546630859
0.0556449890136719 -0.0141143798828125 -0.017974853515625 -0.0391044616699219
0.0570220947265625 0.043121337890625 -0.0038604736328125 -0.0450897216796875
0.0338821411132813 0.0703125 0.0012664794921875 -0.0574798583984375
-0.000816345214843753 0.094635009765625 0.00817108154296875 -0.0586433410644531
-0.0192413330078125 0.100532531738281 0.0403366088867188 -0.0179328918457031
0.00896453857421874 0.0814666748046875 0.00193977355957031 0.0122833251953125
0.0573577880859375 0.0615882873535156 0.0271987915039063 0.0428848266601563
0.0651054382324219 0.0102806091308594 0.0541877746582031 0.0192985534667969
0.0520668029785156 -0.0280876159667969 0.0506019592285156 -0.0150566101074219
0.0156059265136719 -0.0478286743164063 0.0192146301269531 -0.0404014587402344
-0.0113716125488281 -0.051788330078125 -0.00794601440429688 -0.0352249145507813
-0.00792694091796875 -0.0561065673828125 -0.00897026062011719 -0.0170183181762695
-0.0168533325195313 -0.0559005737304688 -0.0134773254394531 -0.00884246826171876
0.00408172607421876 -0.0541496276855469 -0.0201416015625 -0.00413322448730469
0.036895751953125 -0.048858642578125 -0.022735595703125 -0.00752067565917968
0.06683349609375 -0.0199623107910156 -0.0244503021240234 -0.0291175842285156
0.0692825317382813 0.0502853393554688 -0.00969696044921874 -0.036865234375
0.0366363525390625 0.0817642211914063 0.00255966186523437 -0.0414962768554687
-0.00928497314453126 0.108024597167969 0.000957489013671876 -0.0290336608886719
-0.0335693359375 0.100906372070313 0.028076171875 0.0166950225830078
-0.00355529785156249 0.094329833984375 -0.00113487243652343 0.0349636077880859
0.0576248168945313 0.0805206298828125 0.0204544067382813 0.0523338317871094
0.0757980346679688 0.0206680297851563 0.0445289611816406 0.0314064025878906
0.0646018981933594 -0.0284996032714844 0.0437545776367188 0.00119400024414062
0.0219573974609375 -0.0557518005371094 0.0170936584472656 -0.0196914672851563
-0.010223388671875 -0.0586204528808594 -0.00156307220458984 -0.0135517120361328
-0.00851058959960937 -0.0624732971191406 -0.00127339363098145 0.00347375869750976
-0.0192337036132813 -0.062408447265625 -0.00564765930175781 0.0115890502929687
0.00209426879882813 -0.0587158203125 -0.017822265625 0.01617431640625
0.0371513366699219 -0.0541648864746094 -0.0244464874267578 0.00787925720214843
0.0686912536621094 -0.022430419921875 -0.0286693572998047 -0.0170097351074219
0.0703506469726562 0.0520782470703125 -0.0133018493652344 -0.028472900390625
0.032562255859375 0.0837326049804688 0.00677108764648438 -0.0244369506835937
-0.0173721313476563 0.106132507324219 -0.00580358505249023 0.00271844863891602
-0.0408554077148437 0.0833358764648438 0.0139541625976562 0.0496253967285156
-0.0157623291015625 0.08642578125 -0.00583267211914062 0.0560455322265625
0.04443359375 0.0830307006835937 0.0107917785644531 0.0567779541015625
0.0698280334472656 0.027130126953125 0.0300979614257813 0.0404548645019531
0.0645637512207031 -0.02215576171875 0.0313606262207031 0.0166530609130859
0.0241050720214844 -0.0533790588378906 0.013361930847168 0.00186634063720703
-0.00811767578125 -0.0559120178222656 0.00536155700683594 0.00853347778320312
-0.00748062133789063 -0.0589942932128906 0.0071258544921875 0.0220718383789062
-0.0184288024902344 -0.059356689453125 0.00251388549804687 0.031158447265625
0.0012359619140625 -0.0557022094726563 -0.0150032043457031 0.0347137451171875
0.033782958984375 -0.0509757995605469 -0.0250968933105469 0.0211143493652344
0.062652587890625 -0.0192680358886719 -0.0308647155761719 -0.00613594055175782
0.0608367919921875 0.0505599975585938 -0.0154247283935547 -0.0204086303710937
0.021728515625 0.0771026611328125 0.00974750518798828 -0.00860214233398437
-0.02490234375 0.0895156860351563 -0.013763427734375 0.0314788818359375
-0.0388221740722656 0.0507392883300781 -0.000854492187500007 0.0760269165039062
-0.022552490234375 0.0612754821777344 -0.010162353515625 0.0718460083007813
0.024322509765625 0.0664176940917969 0.00184249877929687 0.0556678771972656
0.0498161315917969 0.0264320373535156 0.0159111022949219 0.0443115234375
0.0499191284179688 -0.0134696960449219 0.0182876586914063 0.0273685455322266
0.0204315185546875 -0.0409660339355469 0.00862503051757813 0.0212497711181641
-0.00524520874023438 -0.0435218811035156 0.0113773345947266 0.0284595489501953
-0.00566864013671875 -0.0467071533203125 0.0149383544921875 0.0376548767089844
-0.0142364501953125 -0.0488319396972656 0.010162353515625 0.0470428466796875
0.00156784057617188 -0.0455398559570313 -0.012298583984375 0.0499420166015625
0.02923583984375 -0.0413093566894531 -0.0263385772705078 0.0324535369873047
0.0512619018554688 -0.0119781494140625 -0.0337562561035156 0.00275802612304688
0.044891357421875 0.0461692810058594 -0.0176372528076172 -0.0149993896484375
0.00650405883789062 0.0628547668457031 0.0117931365966797 0.00430488586425782
-0.0309906005859375 0.0623435974121094 -0.0231056213378906 0.0533027648925781
-0.0307083129882812 0.00949668884277344 -0.00992584228515626 0.0895767211914062
-0.0238513946533203 0.0261745452880859 -0.0112380981445313 0.0793838500976563
0.00244522094726563 0.0377349853515625 -0.00374984741210937 0.0525665283203125
0.0224895477294922 0.0185108184814453 0.00621414184570312 0.0447578430175781
0.0271377563476562 -0.00355148315429687 0.009246826171875 0.0336265563964844
0.01275634765625 -0.0226783752441406 0.00750160217285156 0.0335464477539063
-0.00229072570800781 -0.0246334075927734 0.0175628662109375 0.0411643981933594
-0.00308036804199219 -0.0278892517089844 0.0201377868652344 0.0475120544433594
-0.00765228271484375 -0.0315189361572266 0.0142936706542969 0.0583839416503906
0.002044677734375 -0.0299453735351563 -0.0119705200195313 0.0597915649414062
0.0211982727050781 -0.027191162109375 -0.0301322937011719 0.0390853881835938
0.0349884033203125 -0.00528526306152344 -0.0372047424316406 0.00906372070312499
0.0249137878417969 0.0367507934570313 -0.0214347839355469 -0.0126667022705078
-0.00848007202148438 0.0416412353515625 0.00867462158203125 0.0125827789306641
-0.0333786010742188 0.0271968841552734 -0.0340309143066406 0.0659255981445312
0.0234622955322266 0.0139064788818359 0.034881591796875 -0.0754013061523438
0.0143966674804688 -0.0127811431884766 -0.00592803955078125 -0.021636962890625
-0.00414562225341797 -0.0142974853515625 0.0233955383300781 0.0170345306396484
-0.0135030746459961 -0.000853538513183595 0.0506095886230469 -0.00567626953125
-0.00918102264404297 0.00882530212402344 0.0422782897949219 -0.03912353515625
0.000607490539550781 0.0121755599975586 0.0152854919433594 -0.0663261413574219
0.000622272491455078 0.00621271133422852 -0.0197715759277344 -0.0654754638671875
-0.00131607055664063 0.00365662574768066 -0.0240554809570312 -0.05322265625
-0.00275969505310059 0.0039212703704834 -0.0230674743652344 -0.0465087890625
-0.00284910202026367 -0.000208139419555665 -0.0121917724609375 -0.0433158874511719
-0.00136375427246094 -0.00668525695800781 -0.0102157592773438 -0.0393142700195313
0.00670623779296875 -0.0135164260864258 -0.00572586059570312 -0.0476722717285156
0.0208911895751953 -0.00280189514160156 0.00957489013671875 -0.0556068420410156
0.0286941528320313 0.0146503448486328 0.00740814208984376 -0.0787353515625
0.0235919952392578 0.0297985076904297 0.016754150390625 -0.0974197387695313
0.0133552551269531 0.0531196594238281 0.0421104431152344 -0.0670509338378906
0.0199737548828125 0.0213603973388672 -0.001800537109375 -0.0180435180664062
0.0215740203857422 0.00711441040039063 0.0278816223144531 0.0222949981689453
0.0133085250854492 -0.00190544128417969 0.0561332702636719 -0.00113296508789063
0.00979709625244141 -0.00733566284179688 0.0485458374023438 -0.036956787109375
0.00297355651855469 -0.010432243347168 0.0174331665039062 -0.0651168823242188
-0.00628948211669922 -0.0162410736083984 -0.0184745788574219 -0.0627937316894531
-0.00464439392089844 -0.0205554962158203 -0.0223426818847656 -0.048248291015625
-0.00777435302734375 -0.0205841064453125 -0.0231513977050781 -0.0413475036621094
0.00338935852050781 -0.0222873687744141 -0.0165443420410156 -0.0375328063964844
0.0190582275390625 -0.0213184356689453 -0.0141620635986328 -0.0341415405273437
0.0354728698730469 -0.0113525390625 -0.0113487243652344 -0.0462417602539063
0.0404090881347656 0.0259552001953125 0.00382995605468751 -0.05181884765625
0.0306549072265625 0.0482101440429688 0.00325775146484375 -0.0716934204101563
0.0107154846191406 0.0690460205078125 0.013824462890625 -0.084686279296875
-0.00233459472656251 0.0847854614257813 0.0447044372558594 -0.0480155944824219
0.0181961059570312 0.0562057495117188 0.00102901458740235 -0.00666189193725586
0.0453071594238281 0.034881591796875 0.0299320220947266 0.0319557189941406
0.0420989990234375 0.00165939331054688 0.0585060119628906 0.0077667236328125
0.0322818756103516 -0.0214252471923828 0.0529708862304688 -0.0295333862304688
0.00854682922363281 -0.0321254730224609 0.01953125 -0.0570068359375
-0.0106925964355469 -0.0370445251464844 -0.0145988464355469 -0.0535163879394531
-0.00723648071289063 -0.0423202514648438 -0.0167732238769531 -0.0355339050292969
-0.0130424499511719 -0.0427780151367188 -0.0202407836914062 -0.0277252197265625
0.00529098510742188 -0.0419425964355469 -0.0197219848632813 -0.0232734680175781
0.0318870544433594 -0.0374870300292969 -0.0198650360107422 -0.0233745574951172
0.0569877624511719 -0.0146484375 -0.0189285278320313 -0.0404014587402344
0.0594215393066406 0.0435447692871094 -0.00383758544921875 -0.04638671875
0.0353164672851563 0.0725784301757813 0.000747680664062497 -0.0592536926269531
-7.62939453124942E-06 0.097503662109375 0.0076446533203125 -0.0606880187988281
-0.019378662109375 0.103507995605469 0.0401573181152344 -0.0182723999023437
0.0098876953125 0.0840988159179688 0.00121688842773438 0.0126705169677734
0.05987548828125 0.0626220703125 0.0273590087890625 0.04315185546875
0.0665283203125 0.00983810424804687 0.0557136535644531 0.0203285217285156
0.0530891418457031 -0.0298423767089844 0.0523490905761719 -0.0153083801269531
0.0159645080566406 -0.0490379333496094 0.0205421447753906 -0.0409126281738281
-0.0116539001464844 -0.0527572631835937 -0.00860977172851562 -0.0355606079101562
-0.00933074951171875 -0.0581169128417969 -0.00958061218261719 -0.0176563262939453
-0.0181961059570313 -0.057220458984375 -0.0139627456665039 -0.00914764404296875
0.003997802734375 -0.0552291870117187 -0.0205745697021484 -0.00372123718261719
0.0376091003417969 -0.0503044128417969 -0.0234546661376953 -0.00789260864257813
0.0683517456054688 -0.0212364196777344 -0.0258636474609375 -0.030029296875
0.0722427368164062 0.0512771606445312 -0.00988769531249999 -0.0382347106933594
0.0381317138671875 0.0842437744140625 0.00226974487304688 -0.0428199768066406
-0.00824737548828124 0.111518859863281 0.000564575195312501 -0.0300045013427734
-0.0347366333007812 0.103500366210937 0.0280818939208984 0.0174789428710938
-0.0028076171875 0.0970382690429688 -0.00229263305664062 0.0364570617675781
0.0606918334960938 0.0823135375976562 0.0205612182617188 0.0531539916992188
0.0778732299804688 0.0201797485351563 0.0457229614257813 0.0325469970703125
0.0663642883300781 -0.0301132202148438 0.0445785522460938 0.00177383422851562
0.0222396850585937 -0.05743408203125 0.0183620452880859 -0.0198497772216797
-0.0113105773925781 -0.0599479675292969 -0.00138378143310547 -0.0137033462524414
-0.00984954833984376 -0.0643424987792969 -0.000717639923095703 0.00267958641052246
-0.0206489562988281 -0.0636329650878906 -0.00592422485351563 0.0112800598144531
0.0019683837890625 -0.0601119995117188 -0.0182819366455078 0.0169200897216797
0.0374336242675781 -0.0556297302246094 -0.0251598358154297 0.00804901123046875
0.070343017578125 -0.0237655639648438 -0.0305709838867188 -0.0181064605712891
0.0733489990234375 0.0529861450195313 -0.0135993957519531 -0.0292835235595703
0.0343780517578125 0.0858306884765625 0.00647544860839844 -0.0255794525146484
-0.016387939453125 0.109298706054688 -0.00619792938232422 0.00232458114624024
-0.0417098999023437 0.08526611328125 0.013397216796875 0.0514450073242188
-0.0158157348632812 0.0890884399414063 -0.00667953491210937 0.0575103759765625
0.0468521118164062 0.0847702026367188 0.0106887817382813 0.0575599670410156
0.071746826171875 0.0276336669921875 0.0303535461425781 0.0417823791503906
0.0657463073730469 -0.0237274169921875 0.0323295593261719 0.0174541473388672
0.0240745544433594 -0.0547981262207031 0.0141925811767578 0.00275897979736328
-0.00889205932617187 -0.0567703247070313 0.00573825836181641 0.009002685546875
-0.00897216796875001 -0.0610275268554688 0.00816726684570313 0.022247314453125
-0.0194969177246094 -0.0610618591308594 0.00329780578613281 0.0316390991210937
0.000450134277343745 -0.0565605163574219 -0.01531982421875 0.0357627868652344
0.0345344543457031 -0.0525054931640625 -0.0254955291748047 0.0214080810546875
0.0638046264648438 -0.0202903747558594 -0.0321407318115234 -0.00669479370117188
0.063812255859375 0.0513954162597656 -0.0154457092285156 -0.02099609375
0.022674560546875 0.0786666870117188 0.0102119445800781 -0.00938701629638671
-0.0242919921875 0.0926361083984375 -0.0138092041015625 0.03179931640625
-0.0397911071777344 0.0520744323730469 -0.00183868408203126 0.0779342651367188
-0.0226478576660156 0.0637893676757812 -0.0112380981445313 0.073883056640625
0.0252647399902344 0.0682182312011719 0.00124359130859375 0.0576133728027344
0.0514945983886719 0.0267524719238281 0.0159950256347656 0.0455398559570313
0.0511436462402344 -0.0144691467285156 0.0188026428222656 0.0284996032714844
0.0204925537109375 -0.0422096252441406 0.0097503662109375 0.0223350524902344
-0.00612640380859375 -0.0444831848144531 0.0127182006835938 0.0288753509521484
-0.00661849975585938 -0.048248291015625 0.0162544250488281 0.0382537841796875
-0.0148811340332031 -0.0497970581054688 0.0113143920898438 0.0479240417480469
0.001220703125 -0.0464744567871094 -0.011749267578125 0.0510139465332031
0.0288658142089844 -0.0423507690429688 -0.0276947021484375 0.0331001281738281
0.0520248413085938 -0.0130043029785156 -0.0350456237792969 0.00276374816894531
0.0469779968261719 0.0470008850097656 -0.0178184509277344 -0.0156841278076172
0.00733566284179688 0.0645027160644531 0.0115890502929687 0.00369930267333985
-0.0309066772460938 0.0642585754394531 -0.023468017578125 0.0542793273925781
-0.0316009521484375 0.00965118408203126 -0.0104293823242187 0.0922470092773438
-0.024261474609375 0.0265140533447266 -0.0115509033203125 0.0809402465820313
0.002960205078125 0.0383758544921875 -0.00468063354492188 0.0537223815917969
0.0227489471435547 0.0191402435302734 0.006622314453125 0.0462265014648437
0.0276393890380859 -0.00405693054199219 0.00922966003417969 0.0347881317138672
0.0133647918701172 -0.0232048034667969 0.00802230834960938 0.0352020263671875
-0.00255393981933594 -0.0251617431640625 0.0187225341796875 0.0422019958496094
-0.00333595275878906 -0.0285129547119141 0.0218086242675781 0.0485420227050781
-0.00827407836914063 -0.0320491790771484 0.01593017578125 0.0594863891601563
0.00184822082519531 -0.0306987762451172 -0.0113296508789063 0.0616874694824219
0.0210647583007813 -0.0278854370117188 -0.0308990478515625 0.0399665832519531
0.0358619689941406 -0.00544357299804688 -0.0386428833007813 0.00908660888671876
0.0261726379394531 0.0367546081542969 -0.0214214324951172 -0.0132999420166016
-0.008270263671875 0.0432052612304688 0.00903797149658203 0.0123462677001953
-0.0333843231201172 0.0278377532958984 -0.0347709655761719 0.0669097900390625
0.0240688323974609 0.0146389007568359 0.03369140625 -0.0778961181640625
0.0147809982299805 -0.0131893157958984 -0.00680351257324219 -0.0220546722412109
-0.00458621978759766 -0.015040397644043 0.0242805480957031 0.0172824859619141
-0.0139636993408203 -0.000452041625976565 0.0524215698242188 -0.00687408447265625
-0.00933265686035156 0.00945377349853515 0.0434188842773438 -0.0414581298828125
0.000687599182128907 0.0120353698730469 0.013824462890625 -0.068939208984375
0.000834941864013672 0.00591564178466797 -0.0228500366210937 -0.0670928955078125
-0.00139307975769043 0.00387668609619141 -0.0274543762207031 -0.0549774169921875
-0.00263762474060059 0.00425148010253906 -0.0259323120117188 -0.0472526550292969
-0.0032198429107666 -0.00022745132446289 -0.0137748718261719 -0.044891357421875
-0.00201129913330078 -0.00665903091430664 -0.0113182067871094 -0.0410232543945312
0.00628662109375 -0.0143060684204102 -0.00726699829101563 -0.0489387512207031
0.0215492248535156 -0.0031280517578125 0.0088043212890625 -0.0576972961425781
0.0300006866455078 0.0147056579589844 0.00585174560546875 -0.0807113647460938
0.0254554748535156 0.0304489135742188 0.0145645141601563 -0.100936889648438
0.0150375366210938 0.0552406311035156 0.0407981872558594 -0.0697555541992188
0.0211772918701172 0.0218124389648437 -0.00286865234375 -0.0181522369384766
0.0230846405029297 0.00662422180175781 0.0283107757568359 0.0227909088134766
0.0136814117431641 -0.00280857086181641 0.057342529296875 -0.00256729125976563
0.00949192047119141 -0.00806140899658203 0.0497207641601563 -0.0395240783691406
0.00241661071777344 -0.010869026184082 0.0163497924804688 -0.0678215026855469
-0.00714588165283203 -0.0167779922485352 -0.0210800170898438 -0.0648384094238281
-0.00590705871582031 -0.0214462280273438 -0.0248832702636719 -0.0495948791503906
-0.00880813598632813 -0.0213642120361328 -0.0261764526367187 -0.0420036315917969
0.0025482177734375 -0.0234584808349609 -0.0182533264160156 -0.0383529663085938
0.0187873840332031 -0.0226726531982422 -0.0153656005859375 -0.035614013671875
0.0362739562988281 -0.0124435424804687 -0.0131034851074219 -0.0470657348632813
0.0427970886230469 0.0260696411132812 0.00299453735351563 -0.0533599853515625
0.0323753356933594 0.0493888854980469 0.00139617919921875 -0.0736160278320313
0.0130691528320312 0.0715484619140625 0.0122909545898438 -0.0880050659179688
6.86645507812484E-05 0.087921142578125 0.0443687438964844 -0.0501594543457031
0.0206794738769531 0.0577888488769531 -0.000530242919921873 -0.00625848770141601
0.0482406616210938 0.0338592529296875 0.0304698944091797 0.0326004028320313
0.0436325073242187 0.0005035400390625 0.06072998046875 0.00674057006835937
0.0326347351074219 -0.0232887268066406 0.0543136596679688 -0.0315208435058594
0.00789451599121094 -0.0334949493408203 0.01922607421875 -0.0597496032714844
-0.0124168395996094 -0.0380935668945313 -0.0169296264648438 -0.0543174743652344
-0.00989532470703125 -0.0442314147949219 -0.0190696716308594 -0.0368118286132813
-0.0148963928222656 -0.0432510375976563 -0.0222644805908203 -0.0283927917480469
0.00437545776367187 -0.0433540344238281 -0.0214042663574219 -0.0237445831298828
0.0320243835449219 -0.0394515991210938 -0.0213241577148438 -0.0238933563232422
0.0586776733398438 -0.0176353454589844 -0.0217170715332031 -0.0416069030761719
0.0632553100585938 0.0433845520019531 -0.0050811767578125 -0.0474891662597656
0.03863525390625 0.0743942260742188 -0.000831604003906241 -0.0607147216796875
0.0032501220703125 0.101310729980469 0.0061798095703125 -0.0629844665527344
-0.0173797607421875 0.107551574707031 0.03985595703125 -0.0191726684570312
0.0128707885742188 0.0870895385742188 0.000295639038085939 0.0134105682373047
0.0649070739746094 0.0622482299804688 0.0282783508300781 0.0437583923339844
0.0690383911132813 0.00816726684570313 0.0574378967285156 0.0200767517089844
0.0542869567871094 -0.0323143005371094 0.0542259216308594 -0.0167465209960938
0.0152549743652344 -0.0515403747558594 0.0200996398925781 -0.0430564880371094
-0.014068603515625 -0.0539398193359375 -0.0097503662109375 -0.0367088317871094
-0.0122299194335937 -0.0598335266113281 -0.0104637145996094 -0.0183582305908203
-0.0205917358398437 -0.0583953857421875 -0.0153102874755859 -0.00921630859375001
0.00242996215820312 -0.0568656921386719 -0.0216083526611328 -0.00393867492675781
0.0369834899902344 -0.05303955078125 -0.0246944427490234 -0.00815010070800782
0.0700874328613281 -0.0244178771972656 -0.0284137725830078 -0.0303802490234375
0.0769882202148438 0.0505905151367187 -0.01104736328125 -0.0392570495605469
0.0415878295898438 0.0865936279296875 0.00101089477539063 -0.044158935546875
-0.00527954101562499 0.116477966308594 -0.000247955322265624 -0.0315799713134765
-0.033203125 0.108421325683594 0.028289794921875 0.0180206298828125
-0.000259399414062497 0.100601196289062 -0.00253677368164062 0.0372085571289063
0.065765380859375 0.0824127197265625 0.0215377807617187 0.0538825988769531
0.081207275390625 0.0188827514648438 0.0477104187011719 0.0330619812011719
0.0672836303710938 -0.033172607421875 0.0466995239257813 0.000965118408203123
0.0213699340820313 -0.0595130920410156 0.0185508728027344 -0.0205898284912109
-0.0133857727050781 -0.0611839294433594 -0.00178050994873047 -0.0137624740600586
-0.0128250122070312 -0.0667343139648438 -0.000738859176635743 0.00266790390014648
-0.0238304138183594 -0.0650253295898437 -0.00551319122314453 0.0117387771606445
-0.000255584716796878 -0.0621566772460938 -0.0182838439941406 0.0180244445800781
0.0365943908691406 -0.0583534240722656 -0.0260181427001953 0.00823783874511719
0.0716934204101563 -0.0268325805664063 -0.0323047637939453 -0.0178813934326172
0.0786361694335938 0.0518417358398438 -0.0139789581298828 -0.0304908752441406
0.03778076171875 0.0878524780273438 0.00594711303710937 -0.0267772674560547
-0.01373291015625 0.113784790039063 -0.00636577606201172 0.00221395492553712
-0.0406417846679688 0.0893325805664063 0.014251708984375 0.0529212951660156
-0.0139846801757813 0.0930557250976562 -0.00676345825195312 0.0596199035644531
0.0509033203125 0.0859298706054688 0.011199951171875 0.059112548828125
0.0747222900390625 0.0266571044921875 0.0320663452148438 0.04290771484375
0.0671195983886719 -0.0265846252441406 0.0338516235351563 0.0178947448730469
0.0234336853027344 -0.0572700500488281 0.0147113800048828 0.00320720672607422
-0.0112457275390625 -0.0582656860351563 0.00655364990234375 0.00924873352050781
-0.0115470886230469 -0.0631942749023438 0.00939369201660156 0.0220603942871094
-0.0225181579589844 -0.0622062683105469 0.00449943542480469 0.0317726135253906
-0.000850677490234379 -0.0589065551757813 -0.0144691467285156 0.0373344421386719
0.0332908630371094 -0.055084228515625 -0.0262012481689453 0.0225963592529297
0.0653228759765625 -0.023223876953125 -0.0339393615722656 -0.00649642944335938
0.0681610107421875 0.0509681701660156 -0.0161476135253906 -0.0217266082763672
0.0261459350585938 0.08123779296875 0.0103445053100586 -0.0104885101318359
-0.0220947265625 0.0969772338867188 -0.0135421752929688 0.0326595306396484
-0.0399208068847656 0.0545120239257813 -0.000450134277343758 0.0815811157226563
-0.0217933654785156 0.0660209655761719 -0.0101242065429688 0.0763473510742188
0.0281143188476562 0.0693397521972656 0.00173568725585937 0.058929443359375
0.0534934997558594 0.0262870788574219 0.0172996520996094 0.0472221374511719
0.0526924133300781 -0.0164260864257813 0.0197887420654297 0.0294456481933594
0.0200729370117188 -0.0445137023925781 0.0107688903808594 0.0238609313964844
-0.00769805908203125 -0.0456657409667969 0.0145969390869141 0.0299644470214844
-0.00887680053710938 -0.0499038696289063 0.0183830261230469 0.0388717651367187
-0.01776123046875 -0.0508041381835938 0.0134849548339844 0.0490226745605469
-0.000305175781249996 -0.0479202270507813 -0.0108070373535156 0.0535354614257813
0.0283393859863281 -0.0443534851074219 -0.0277462005615234 0.0340385437011719
0.0532035827636719 -0.0150184631347656 -0.0365943908691406 0.0029754638671875
0.0502510070800781 0.0464591979980469 -0.0186233520507812 -0.0164852142333984
0.00917053222656249 0.0661468505859375 0.0126047134399414 0.00311374664306641
-0.0296745300292969 0.0670661926269531 -0.022491455078125 0.0563087463378906
-0.0323333740234375 0.0100383758544922 -0.00889587402343751 0.095703125
-0.0244808197021484 0.0280494689941406 -0.0102157592773437 0.0839157104492187
0.00426864624023438 0.0392532348632813 -0.00403594970703124 0.0555763244628906
0.0241432189941406 0.0189208984375 0.00738906860351563 0.0478591918945313
0.0283660888671875 -0.00543594360351563 0.0104446411132813 0.0360946655273438
0.0126361846923828 -0.0248222351074219 0.00956344604492188 0.0371971130371094
-0.00352287292480469 -0.0258903503417969 0.0210189819335938 0.0429191589355469
-0.00499725341796875 -0.0297317504882812 0.0246315002441406 0.0489158630371094
-0.00973701477050782 -0.0327701568603516 0.0190391540527344 0.06048583984375
0.000999450683593752 -0.0320358276367188 -0.00952529907226562 0.0640754699707031
0.0210475921630859 -0.0292015075683594 -0.031005859375 0.0419540405273438
0.0364265441894531 -0.00666046142578125 -0.0395584106445313 0.00952148437500001
0.0282173156738281 0.0371437072753906 -0.0221405029296875 -0.0134220123291016
-0.0074615478515625 0.0447769165039063 0.0100851058959961 0.011723518371582
-0.033721923828125 0.0291099548339844 -0.0342140197753906 0.06951904296875
0.0251331329345703 0.0141830444335938 0.0307998657226562 -0.0805130004882813
0.0143632888793945 -0.0140390396118164 -0.00843620300292969 -0.0215816497802734
-0.00519752502441407 -0.0156717300415039 0.0250625610351563 0.0171909332275391
-0.0141487121582031 0.00022125244140625 0.0527496337890625 -0.00900650024414062
-0.00910282135009766 0.0105161666870117 0.0427398681640625 -0.0444374084472656
0.00140953063964844 0.0120067596435547 0.0111618041992188 -0.0714187622070313
0.000702857971191406 0.00557947158813476 -0.0269584655761719 -0.0673561096191406
-0.00137519836425781 0.00381636619567871 -0.0311050415039062 -0.0547027587890625
-0.00221109390258789 0.00447273254394531 -0.029632568359375 -0.0469512939453125
-0.00287938117980957 -0.00074911117553711 -0.0167884826660156 -0.0460472106933594
-0.00174331665039063 -0.00726890563964844 -0.0134696960449219 -0.0420951843261719
0.006072998046875 -0.0149173736572266 -0.00959014892578125 -0.0495185852050781
0.0222415924072266 -0.0037841796875 0.00721359252929687 -0.0584945678710938
0.0311412811279297 0.0138378143310547 0.00220489501953124 -0.0826263427734375
0.0269298553466797 0.0297584533691406 0.0111541748046875 -0.103706359863281
0.0175285339355469 0.0563583374023438 0.0383148193359375 -0.0720596313476563
0.0228443145751953 0.0211925506591797 -0.00447273254394531 -0.0179443359375
0.02423095703125 0.00515937805175781 0.0294170379638672 0.0222568511962891
0.0137500762939453 -0.003143310546875 0.0582656860351563 -0.00478363037109375
0.00909137725830078 -0.00884819030761719 0.0495414733886719 -0.0425949096679688
0.0025177001953125 -0.011530876159668 0.013580322265625 -0.0704803466796875
-0.00817775726318359 -0.0167522430419922 -0.0251197814941406 -0.0647506713867188
-0.00753211975097656 -0.0220489501953125 -0.0285835266113281 -0.0495796203613281
-0.00992202758789063 -0.0212898254394531 -0.0293846130371094 -0.0417556762695313
0.00198936462402344 -0.0241603851318359 -0.0206642150878906 -0.0387802124023438
0.0183486938476563 -0.0244350433349609 -0.0172767639160156 -0.0365867614746094
0.0365219116210938 -0.0146331787109375 -0.0157203674316406 -0.0475502014160156
0.0454063415527344 0.024444580078125 0.000881195068359384 -0.0542449951171875
0.0357742309570312 0.0494041442871094 -0.00139617919921874 -0.0749130249023438
0.0164413452148438 0.0726089477539063 0.00853729248046876 -0.0904769897460938
0.00358581542968749 0.09088134765625 0.0421218872070313 -0.0520782470703125
0.0242042541503906 0.0584487915039063 -0.00150251388549804 -0.00566339492797851
0.0514564514160156 0.0326004028320313 0.0316181182861328 0.0319080352783203
0.0447502136230469 -0.0015716552734375 0.0621833801269531 0.00489425659179688
0.0319900512695313 -0.0256614685058594 0.05499267578125 -0.0343971252441406
0.00659561157226563 -0.0347080230712891 0.016998291015625 -0.0618629455566406
-0.014373779296875 -0.0385093688964844 -0.0200042724609375 -0.0545768737792969
-0.0125808715820313 -0.0450172424316406 -0.0215225219726562 -0.0366859436035156
-0.0177383422851563 -0.0433540344238281 -0.024688720703125 -0.0280590057373047
0.00265121459960937 -0.0443763732910156 -0.0231285095214844 -0.0231838226318359
0.0309982299804687 -0.0419540405273438 -0.0229930877685547 -0.0238590240478516
0.0590476989746094 -0.020904541015625 -0.0243682861328125 -0.0416221618652344
0.067657470703125 0.041534423828125 -0.00676727294921875 -0.0486335754394531
0.0424728393554687 0.07440185546875 -0.00356292724609375 -0.0617713928222656
0.0081329345703125 0.103683471679688 0.00294876098632813 -0.0647697448730469
-0.01318359375 0.111381530761719 0.0394935607910156 -0.0203475952148437
0.017364501953125 0.0888824462890625 -0.000380516052246091 0.0140790939331055
0.0694313049316406 0.0602607727050781 0.0297203063964844 0.0430793762207031
0.0706329345703125 0.0050811767578125 0.05926513671875 0.0181770324707031
0.0533790588378906 -0.0363960266113281 0.0551033020019531 -0.0191307067871094
0.0130882263183594 -0.0528106689453125 0.0193710327148437 -0.0447616577148438
-0.0172004699707031 -0.0546836853027344 -0.0117645263671875 -0.0365867614746094
-0.0158729553222656 -0.0610427856445313 -0.0118312835693359 -0.01898193359375
-0.0242233276367187 -0.058807373046875 -0.0163326263427734 -0.00944614410400391
-0.00019454956054687 -0.05804443359375 -0.0223789215087891 -0.00321578979492187
0.035064697265625 -0.0556678771972656 -0.0259780883789062 -0.00792884826660157
0.070220947265625 -0.0284461975097656 -0.0312423706054687 -0.030263900756836
0.081817626953125 0.0475540161132813 -0.0125389099121094 -0.03997802734375
0.0465240478515625 0.086883544921875 -0.00131988525390624 -0.0454978942871094
0.00064086914062501 0.118827819824219 -0.00174140930175781 -0.0323963165283203
-0.0285797119140625 0.112457275390625 0.0290622711181641 0.0177021026611328
0.00457000732421874 0.102935791015625 -0.00188827514648438 0.0387802124023438
0.0715255737304688 0.0810775756835938 0.02313232421875 0.0535926818847656
0.0832443237304688 0.015380859375 0.0497665405273438 0.0320396423339844
0.0671577453613281 -0.0377998352050781 0.04815673828125 -0.000560760498046877
0.0190505981445312 -0.0622100830078125 0.0187339782714844 -0.0211772918701172
-0.0167961120605469 -0.0616798400878906 -0.00237178802490234 -0.0138015747070313
-0.0172576904296875 -0.0677528381347656 -0.000682830810546876 0.0027773380279541
-0.0280685424804687 -0.0649757385253906 -0.00476551055908203 0.0120019912719727
-0.00336837768554688 -0.0629653930664063 -0.0176887512207031 0.0188045501708984
0.0345726013183594 -0.0612602233886719 -0.0265159606933594 0.00899505615234374
0.0717926025390625 -0.031097412109375 -0.0346393585205078 -0.0173568725585938
0.08349609375 0.0490036010742188 -0.0156764984130859 -0.0307121276855469
0.0428619384765625 0.08843994140625 0.00500679016113281 -0.0280494689941406
-0.00773620605468751 0.117378234863281 -0.00683832168579102 0.00234031677246094
-0.0379257202148438 0.0931930541992187 0.0158615112304687 0.0540847778320313
-0.009552001953125 0.0955123901367188 -0.00484085083007812 0.0612640380859375
0.0569000244140625 0.08502197265625 0.0128669738769531 0.0595207214355469
0.077178955078125 0.0239028930664063 0.0344696044921875 0.0425872802734375
0.0676231384277344 -0.0305366516113281 0.0358085632324219 0.0172348022460937
0.0211410522460938 -0.0598716735839844 0.0167083740234375 0.00358104705810547
-0.0143775939941406 -0.0587539672851562 0.00747299194335938 0.00946807861328125
-0.0156517028808594 -0.0641555786132812 0.0110454559326172 0.0219802856445312
-0.0262718200683594 -0.0622215270996094 0.00640296936035156 0.03167724609375
-0.00384902954101563 -0.0593681335449219 -0.0126228332519531 0.0386848449707031
0.03143310546875 -0.0573310852050781 -0.0262069702148437 0.0235271453857422
0.0653533935546875 -0.0264472961425781 -0.0355110168457031 -0.00521087646484375
0.0724411010742188 0.04815673828125 -0.0170974731445312 -0.0219211578369141
0.0302276611328125 0.0816726684570313 0.0102949142456055 -0.0119247436523437
-0.0174942016601562 0.0998077392578125 -0.0126056671142578 0.0334014892578125
-0.0386886596679688 0.0573234558105469 0.00277709960937499 0.0833511352539063
-0.0193519592285156 0.0680732727050781 -0.00777435302734375 0.0785903930664063
0.0327720642089844 0.0694007873535156 0.00326156616210938 0.0600929260253906
0.0557441711425781 0.0245742797851563 0.0197601318359375 0.0476493835449219
0.052642822265625 -0.019500732421875 0.0218982696533203 0.0296592712402344
0.0185127258300781 -0.046417236328125 0.0131359100341797 0.0245914459228516
-0.00957489013671875 -0.0458526611328125 0.0168361663818359 0.0301055908203125
-0.012176513671875 -0.0511360168457031 0.0212554931640625 0.0377349853515625
-0.0204505920410156 -0.0510902404785156 0.0165481567382813 0.0484504699707031
-0.00240707397460937 -0.0488929748535156 -0.00778961181640626 0.0548210144042969
0.0268135070800781 -0.0463829040527344 -0.0271873474121094 0.0356903076171875
0.0534210205078125 -0.0181808471679688 -0.0373916625976563 0.00417709350585938
0.0539131164550781 0.0452308654785156 -0.0191631317138672 -0.0160579681396484
0.012451171875 0.0672035217285156 0.0131931304931641 0.0019979476928711
-0.0270004272460937 0.0703125 -0.0206642150878906 0.0574607849121094
-0.0328712463378906 0.0113430023193359 -0.00561523437500001 0.098236083984375
-0.0242385864257813 0.029571533203125 -0.00721740722656251 0.086151123046875
0.00604629516601562 0.0400962829589844 -0.002349853515625 0.0570182800292969
0.0253124237060547 0.0186195373535156 0.00970840454101563 0.0486373901367188
0.0285243988037109 -0.00714111328125 0.012298583984375 0.0370597839355469
0.0117473602294922 -0.0258388519287109 0.0118446350097656 0.0382614135742188
-0.00475692749023438 -0.0258865356445313 0.0242576599121094 0.0428428649902344
-0.00693321228027344 -0.0303497314453125 0.0280036926269531 0.0484352111816406
-0.0122489929199219 -0.0329914093017578 0.0228996276855469 0.0607643127441406
-0.000505447387695314 -0.0323200225830078 -0.00608062744140626 0.0656471252441406
0.0198116302490234 -0.0309944152832031 -0.0305519104003906 0.0436859130859375
0.0366096496582031 -0.0086212158203125 -0.0402183532714844 0.0110092163085937
0.0307960510253906 0.036712646484375 -0.0229377746582031 -0.0130081176757812
-0.00570297241210937 0.0458450317382813 0.0108327865600586 0.0105905532836914
-0.0328178405761719 0.0308418273925781 -0.031890869140625 0.07177734375
0.0257663726806641 0.0140914916992188 0.0269851684570312 -0.0810546875
0.0139131546020508 -0.0148239135742188 -0.00982093811035156 -0.020263671875
-0.00604724884033203 -0.0157136917114258 0.0252723693847656 0.0164051055908203
-0.013920783996582 0.000879287719726562 0.052581787109375 -0.0108451843261719
-0.00857257843017578 0.0106096267700195 0.041656494140625 -0.0461196899414063
0.00182437896728516 0.011357307434082 0.00799560546875 -0.0721282958984375
0.000634670257568359 0.0055394172668457 -0.0300483703613281 -0.0658912658691406
-0.00145840644836426 0.00381302833557129 -0.0347824096679687 -0.052703857421875
-0.00191450119018555 0.00430655479431152 -0.0323219299316406 -0.0454368591308594
-0.00261020660400391 -0.000777959823608398 -0.019439697265625 -0.0459861755371094
-0.00183534622192383 -0.00744533538818359 -0.0150642395019531 -0.0423583984375
0.0051422119140625 -0.0151681900024414 -0.0115280151367188 -0.0492706298828125
0.0224647521972656 -0.00455474853515625 0.0052032470703125 -0.0586967468261719
0.0317478179931641 0.0124015808105469 -0.000686645507812503 -0.081787109375
0.0281486511230469 0.0288581848144531 0.00695800781250001 -0.103950500488281
0.0197639465332031 0.0563125610351563 0.0350723266601563 -0.0731430053710937
0.0239849090576172 0.0207023620605469 -0.00626277923583984 -0.0167922973632813
0.0248203277587891 0.0036163330078125 0.0298099517822266 0.0214958190917969
0.0138034820556641 -0.00380897521972656 0.0581474304199219 -0.00658416748046875
0.00865936279296875 -0.00957012176513672 0.0487289428710938 -0.044586181640625
0.00174617767333984 -0.0117282867431641 0.0112762451171875 -0.0713577270507813
-0.00912666320800781 -0.0168533325195313 -0.0282783508300781 -0.0635299682617188
-0.00909996032714844 -0.0216732025146484 -0.0315284729003906 -0.0480613708496094
-0.0110359191894531 -0.0208721160888672 -0.0320167541503906 -0.0404014587402344
0.00115585327148438 -0.0241279602050781 -0.0227088928222656 -0.0387039184570313
0.0176982879638672 -0.0251789093017578 -0.0192146301269531 -0.0359077453613281
0.0355300903320313 -0.016143798828125 -0.0177574157714844 -0.04730224609375
0.0467529296875 0.0228042602539063 -0.000686645507812495 -0.0546493530273438
0.0378494262695313 0.0478401184082031 -0.0051116943359375 -0.0746688842773438
0.0199203491210938 0.0726470947265625 0.00460052490234376 -0.090576171875
0.00788116455078125 0.0906600952148437 0.0392875671386719 -0.0529708862304688
0.0271873474121094 0.0577316284179688 -0.00290203094482422 -0.00512933731079101
0.0532112121582031 0.0293312072753906 0.0320835113525391 0.0305233001708984
0.0444793701171875 -0.00370407104492188 0.0619621276855469 0.002655029296875
0.0304641723632812 -0.0273456573486328 0.0541229248046875 -0.0366477966308594
0.00491905212402344 -0.034820556640625 0.0147972106933594 -0.062896728515625
-0.0162506103515625 -0.0378265380859375 -0.0224609375 -0.0533790588378906
-0.0154342651367188 -0.0446815490722656 -0.0240478515625 -0.0356826782226563
-0.0201148986816406 -0.0428466796875 -0.0265007019042969 -0.0269851684570313
0.000488281249999996 -0.0445404052734375 -0.0243740081787109 -0.0226364135742188
0.0293693542480469 -0.0433616638183594 -0.0241107940673828 -0.0233421325683594
0.0582084655761719 -0.0237998962402344 -0.0265541076660156 -0.0404052734375
0.0699996948242188 0.0384712219238281 -0.008209228515625 -0.04852294921875
0.0456695556640625 0.0727767944335938 -0.00620269775390625 -0.0614662170410156
0.0127639770507813 0.103462219238281 0.000286102294921873 -0.064910888671875
-0.00799560546875 0.112266540527344 0.0378646850585938 -0.0212173461914062
0.02178955078125 0.0882720947265625 -0.000889778137207031 0.0147895812988281
0.0727691650390625 0.0565338134765625 0.0302314758300781 0.0420570373535156
0.070953369140625 0.0018310546875 0.0598335266113281 0.0163497924804687
0.0517578125 -0.0391464233398438 0.0550765991210938 -0.0213203430175781
0.0104484558105469 -0.0535850524902344 0.0179977416992187 -0.04571533203125
-0.0197334289550781 -0.0534210205078125 -0.0131378173828125 -0.0359535217285156
-0.0195083618164063 -0.0606346130371094 -0.0131416320800781 -0.0185146331787109
-0.0276603698730469 -0.0573616027832031 -0.0173759460449219 -0.00903797149658203
-0.0027313232421875 -0.0577926635742188 -0.0226058959960938 -0.0024261474609375
0.0327568054199219 -0.0574150085449219 -0.0265598297119141 -0.00752449035644532
0.0692176818847656 -0.0316658020019531 -0.0331840515136719 -0.0290489196777344
0.0844955444335938 0.0439834594726563 -0.0136337280273437 -0.0398139953613281
0.0506668090820313 0.0846786499023438 -0.002716064453125 -0.0455131530761719
0.00614166259765625 0.119209289550781 -0.00378608703613281 -0.0324745178222656
-0.02410888671875 0.113594055175781 0.0291690826416016 0.0174827575683594
0.00944519042968751 0.102943420410156 -0.00109481811523438 0.0393447875976563
0.0755233764648438 0.0774612426757813 0.0240287780761719 0.0529136657714844
0.0846481323242188 0.0115203857421875 0.0502891540527344 0.0305404663085938
0.0651435852050781 -0.0405654907226563 0.0487899780273438 -0.00202560424804688
0.0159263610839844 -0.0628929138183594 0.0186576843261719 -0.021759033203125
-0.0193939208984375 -0.0604248046875 -0.00220108032226563 -0.0134668350219727
-0.0211563110351562 -0.0674667358398438 -0.000489830970764161 0.00187993049621582
-0.0312843322753906 -0.0633277893066406 -0.00456428527832031 0.011693000793457
-0.00617599487304687 -0.0628700256347656 -0.0166053771972656 0.0195751190185547
0.0314788818359375 -0.0627975463867188 -0.0263671875 0.00987625122070312
0.070465087890625 -0.0344772338867188 -0.0361061096191406 -0.0160446166992188
0.0860061645507813 0.0450973510742188 -0.0161285400390625 -0.0304965972900391
0.0466995239257813 0.0865097045898438 0.00386810302734375 -0.0285739898681641
-0.00242614746093751 0.117515563964844 -0.00705385208129883 0.00226593017578126
-0.0339202880859375 0.0950393676757813 0.0177497863769531 0.0539474487304688
-0.00565338134765626 0.0962448120117188 -0.00321578979492188 0.0616950988769531
0.060699462890625 0.0818939208984375 0.0139503479003906 0.0586433410644531
0.0784225463867188 0.0204238891601563 0.0358657836914063 0.0414848327636719
0.0661354064941406 -0.0338096618652344 0.0369071960449219 0.016082763671875
0.0190048217773437 -0.0605850219726563 0.0171260833740234 0.00316524505615234
-0.0165023803710937 -0.0580635070800781 0.00857448577880859 0.00949382781982422
-0.0194587707519531 -0.0634307861328125 0.0120868682861328 0.0208816528320313
-0.0300750732421875 -0.0606727600097656 0.00781440734863281 0.0308132171630859
-0.0062255859375 -0.0591087341308594 -0.0105247497558594 0.0387992858886719
0.028411865234375 -0.05889892578125 -0.0256481170654297 0.0244178771972656
0.0640945434570312 -0.0296516418457031 -0.0364952087402344 -0.003814697265625
0.07525634765625 0.0444183349609375 -0.0180091857910156 -0.0216941833496094
0.033721923828125 0.0802078247070313 0.0101318359375 -0.0126285552978516
-0.0126724243164062 0.100257873535156 -0.0114936828613281 0.0336704254150391
-0.0357933044433594 0.0589485168457031 0.00528717041015624 0.08343505859375
-0.0163650512695312 0.0688438415527344 -0.00531005859375 0.07843017578125
0.0356864929199219 0.0677108764648438 0.00452804565429687 0.0594711303710938
0.0566329956054688 0.022247314453125 0.0209197998046875 0.0468597412109375
0.0520057678222656 -0.0223808288574219 0.0232563018798828 0.0294361114501953
0.0165672302246094 -0.0472755432128906 0.0144634246826172 0.0247173309326172
-0.0120582580566406 -0.0452880859375 0.0191516876220703 0.0296783447265625
-0.0148963928222656 -0.0500411987304688 0.02337646484375 0.0367317199707031
-0.0235862731933594 -0.0498199462890625 0.0191535949707031 0.04705810546875
-0.00436782836914062 -0.0483207702636719 -0.00495529174804687 0.0548210144042969
0.0245132446289063 -0.0471572875976563 -0.0259819030761719 0.0363578796386719
0.0523033142089844 -0.0201606750488281 -0.0375175476074219 0.00595855712890625
0.0554389953613281 0.042144775390625 -0.0195083618164062 -0.0157814025878906
0.0154838562011719 0.0667190551757812 0.0132713317871094 0.00023746490478516
-0.0235977172851563 0.0709304809570313 -0.0186042785644531 0.0580024719238281
-0.0323543548583984 0.0130138397216797 -0.00208282470703126 0.098602294921875
-0.0228042602539063 0.0301780700683594 -0.0038299560546875 0.0859603881835938
0.00848388671874999 0.039459228515625 -0.000820159912109371 0.0573234558105469
0.0262165069580078 0.0175075531005859 0.0114326477050781 0.0487442016601562
0.0284309387207031 -0.00846290588378906 0.0138587951660156 0.037078857421875
0.0107326507568359 -0.0267066955566406 0.0143814086914062 0.0380134582519531
-0.00581932067871094 -0.0259037017822266 0.0269432067871094 0.0417098999023438
-0.00861167907714844 -0.0296630859375 0.030914306640625 0.046142578125
-0.0141010284423828 -0.0324230194091797 0.0262298583984375 0.0586090087890625
-0.00193977355957031 -0.0323772430419922 -0.00284194946289063 0.0660972595214844
0.0184764862060547 -0.0311908721923828 -0.0289039611816406 0.0446357727050781
0.0360603332519531 -0.00977325439453125 -0.0400505065917969 0.0124893188476563
0.0325336456298828 0.0347576141357422 -0.0232353210449219 -0.0133228302001953
-0.00311279296875 0.046051025390625 0.0115623474121094 0.00893878936767578
-0.0313911437988281 0.0319957733154297 -0.029266357421875 0.0723953247070313
0.0258750915527344 0.0134792327880859 0.0252532958984375 -0.0805511474609375
0.0130977630615234 -0.0148134231567383 -0.0103759765625 -0.0195503234863281
-0.00583171844482422 -0.0154237747192383 0.0253753662109375 0.0159378051757813
-0.0133237838745117 0.000958442687988282 0.0514793395996094 -0.0111961364746094
-0.00836849212646484 0.0105514526367188 0.0406036376953125 -0.0466117858886719
0.00220775604248047 0.0113391876220703 0.00631713867187501 -0.0720443725585938
0.000765323638916015 0.00530433654785156 -0.0319175720214844 -0.0644874572753906
-0.00120425224304199 0.00369834899902344 -0.0362205505371094 -0.0505790710449219
-0.00199508666992188 0.00400614738464355 -0.0337791442871094 -0.0438499450683594
-0.00275015830993652 -0.00107431411743164 -0.0205764770507813 -0.0456352233886719
-0.0021510124206543 -0.00755214691162109 -0.0163154602050781 -0.0418472290039063
0.00484657287597656 -0.0148553848266602 -0.0122299194335937 -0.0484237670898438
0.0224990844726563 -0.005279541015625 0.004638671875 -0.0579452514648437
0.0317802429199219 0.0114059448242188 -0.00233459472656249 -0.0803298950195313
0.0283679962158203 0.0277633666992188 0.0050048828125 -0.102851867675781
0.0214347839355469 0.05560302734375 0.0331649780273438 -0.0718536376953125
0.0245132446289062 0.0197048187255859 -0.00702095031738281 -0.0155887603759766
0.0245285034179688 0.00275039672851563 0.0296344757080078 0.0211544036865234
0.0138540267944336 -0.00400066375732422 0.057220458984375 -0.0071868896484375
0.00870037078857422 -0.00959110260009766 0.0477790832519531 -0.0453948974609375
0.00158119201660156 -0.0117340087890625 0.009368896484375 -0.0710296630859375
-0.00926303863525391 -0.0160732269287109 -0.029876708984375 -0.0621833801269531
-0.00979423522949219 -0.0214385986328125 -0.0330581665039063 -0.0462913513183594
-0.0113849639892578 -0.0204448699951172 -0.0332527160644531 -0.0389823913574219
0.000972747802734373 -0.0242595672607422 -0.0239982604980469 -0.0381126403808594
0.0169582366943359 -0.0254611968994141 -0.0198173522949219 -0.0359420776367188
0.0351715087890625 -0.0174140930175781 -0.0186843872070312 -0.046142578125
0.0472946166992188 0.0212020874023438 -0.00107955932617187 -0.0536689758300781
0.0384407043457031 0.0467338562011719 -0.00604248046875 -0.072998046875
0.0207977294921875 0.0712432861328125 0.0031890869140625 -0.0893783569335938
0.01019287109375 0.0902557373046875 0.0379562377929688 -0.052337646484375
0.0282974243164063 0.0562934875488281 -0.00384449958801269 -0.00419998168945312
0.0537910461425781 0.0271644592285156 0.0316638946533203 0.030364990234375
0.0436477661132812 -0.00476455688476562 0.0614814758300781 0.00164031982421875
0.0293979644775391 -0.0278949737548828 0.0531654357910156 -0.0373382568359375
0.00390434265136719 -0.034698486328125 0.0136909484863281 -0.062591552734375
-0.0170211791992187 -0.0367202758789063 -0.0235366821289062 -0.0521430969238281
-0.0167770385742188 -0.043914794921875 -0.0252952575683594 -0.0350437164306641
-0.020660400390625 -0.0419235229492188 -0.0278472900390625 -0.0260734558105469
-0.00041580200195313 -0.0440826416015625 -0.0251388549804688 -0.0223789215087891
0.0281448364257813 -0.0440559387207031 -0.0248489379882812 -0.0234889984130859
0.056976318359375 -0.02508544921875 -0.0274162292480469 -0.0393257141113281
0.0706100463867187 0.0359039306640625 -0.00827407836914062 -0.0476112365722656
0.0470657348632813 0.07098388671875 -0.0070343017578125 -0.0605735778808594
0.0152587890625 0.102439880371094 -0.000892639160156249 -0.0639762878417969
-0.00528717041015625 0.111907958984375 0.0365791320800781 -0.0204620361328125
0.0237274169921875 0.0865402221679688 -0.00142574310302734 0.0155401229858399
0.07342529296875 0.053680419921875 0.0297584533691406 0.0411453247070313
0.0704193115234375 7.62939453125E-05 0.0593338012695313 0.0152130126953125
0.0498886108398438 -0.0396385192871094 0.0544624328613281 -0.021881103515625
0.00910568237304687 -0.0530128479003906 0.0173988342285156 -0.0453605651855469
-0.020904541015625 -0.0524177551269531 -0.0136260986328125 -0.0349273681640625
-0.0219078063964844 -0.059783935546875 -0.0133724212646484 -0.0179367065429688
-0.0290107727050781 -0.055999755859375 -0.0178451538085938 -0.00836372375488281
-0.00429153442382812 -0.0571098327636719 -0.0224514007568359 -0.00206947326660156
0.0310935974121094 -0.0578765869140625 -0.0267887115478516 -0.00770187377929687
0.0677642822265625 -0.03350830078125 -0.0340423583984375 -0.0282173156738281
0.0855331420898438 0.040557861328125 -0.0140037536621094 -0.0393409729003906
0.0523605346679688 0.0826644897460938 -0.0037841796875 -0.0453300476074219
0.009490966796875 0.117805480957031 -0.00443458557128906 -0.0320014953613281
-0.0208587646484375 0.113197326660156 0.028594970703125 0.0174903869628906
0.012176513671875 0.102073669433594 -0.00156402587890625 0.0397682189941406
0.0770111083984375 0.074005126953125 0.0237808227539063 0.0522727966308594
0.08331298828125 0.0098724365234375 0.0499763488769531 0.0295219421386719
0.0632896423339844 -0.0421409606933594 0.0487785339355469 -0.00266265869140625
0.0144996643066406 -0.0621719360351563 0.018829345703125 -0.0215492248535156
-0.0204696655273437 -0.0593299865722656 -0.00205039978027344 -0.0130281448364258
-0.0230903625488281 -0.0662574768066406 0.000141978263854979 0.00174760818481445
-0.033172607421875 -0.0616607666015625 -0.00450706481933594 0.0114736557006836
-0.00753402709960938 -0.0618705749511719 -0.0156497955322266 0.0195064544677734
0.0296897888183594 -0.0626983642578125 -0.0263786315917969 0.00971603393554687
0.0688438415527344 -0.0356903076171875 -0.0370330810546875 -0.0147552490234375
0.086883544921875 0.0416717529296875 -0.0161800384521484 -0.0302448272705078
0.0483016967773438 0.08441162109375 0.00332450866699219 -0.0287437438964844
0.000839233398437499 0.11663818359375 -0.00713539123535156 0.00235700607299805
-0.031341552734375 0.09503173828125 0.01800537109375 0.0539665222167969
-0.00278472900390626 0.0950469970703125 -0.00258636474609375 0.0615425109863281
0.0624618530273438 0.0792236328125 0.0140342712402344 0.0581016540527344
0.0776748657226563 0.0185470581054688 0.0357666015625 0.0401649475097656
0.06463623046875 -0.0353507995605469 0.0372962951660156 0.0158576965332031
0.016815185546875 -0.0600471496582031 0.0179195404052734 0.00313377380371093
-0.0177803039550781 -0.0565719604492188 0.00927639007568359 0.0095682144165039
-0.021453857421875 -0.0622215270996094 0.0129337310791016 0.0200405120849609
-0.0313720703125 -0.0590438842773437 0.00844001770019531 0.0297260284423828
-0.00781250000000001 -0.0580635070800781 -0.00887680053710937 0.0382041931152344
0.0266990661621094 -0.0586471557617188 -0.024688720703125 0.0241870880126953
0.0623817443847656 -0.0310020446777344 -0.0367622375488281 -0.002960205078125
0.075592041015625 0.041778564453125 -0.0174598693847656 -0.0217552185058594
0.0354385375976563 0.0787277221679688 0.00954532623291016 -0.0138063430786133
-0.0103988647460937 0.0997238159179687 -0.0110454559326172 0.033224105834961
-0.034423828125 0.0593833923339844 0.00682830810546875 0.0830001831054688
-0.0145606994628906 0.0680427551269531 -0.0040283203125 0.077728271484375
0.0373306274414062 0.0656394958496094 0.0051422119140625 0.05908203125
0.0564346313476563 0.0211677551269531 0.0210762023925781 0.0459060668945313
0.0506820678710938 -0.0230369567871094 0.0240955352783203 0.0290985107421875
0.0149269104003906 -0.0471687316894531 0.0159053802490234 0.0248050689697266
-0.0128135681152344 -0.0442733764648437 0.0204048156738281 0.0290317535400391
-0.0165519714355469 -0.0492515563964844 0.0240993499755859 0.0350399017333984
-0.0248222351074219 -0.0483169555664063 0.0205955505371094 0.0455474853515625
-0.00568389892578125 -0.0472030639648438 -0.0031280517578125 0.0542716979980469
0.0228424072265625 -0.0472831726074219 -0.025177001953125 0.0366630554199219
0.0511207580566406 -0.0213890075683594 -0.0378952026367188 0.00649261474609375
0.0562553405761719 0.0399589538574219 -0.0191535949707031 -0.0162792205810547
0.0170936584472656 0.0652694702148438 0.0133781433105469 -0.00104236602783203
-0.0220756530761719 0.0699577331542969 -0.01739501953125 0.0571250915527344
-0.0316371917724609 0.0136489868164062 -0.000160217285156249 0.0977935791015625
-0.0216560363769531 0.0301399230957031 -0.00231933593749999 0.0846939086914063
0.00936126708984375 0.0385093688964844 -0.000366210937500004 0.0563583374023438
0.0262908935546875 0.0166950225830078 0.011566162109375 0.0478591918945313
0.0278434753417969 -0.00900840759277344 0.0144691467285156 0.0368804931640625
0.00934410095214844 -0.0265655517578125 0.0159988403320313 0.0385627746582031
-0.00638961791992187 -0.0248661041259766 0.0281257629394531 0.0406227111816406
-0.00955772399902344 -0.0292224884033203 0.0318222045898438 0.0445747375488281
-0.0151271820068359 -0.0314769744873047 0.0277595520019531 0.0568084716796875
-0.00256919860839844 -0.0318374633789063 -0.00063705444335937 0.0648918151855469
0.0177040100097656 -0.0310077667236328 -0.0279998779296875 0.0449752807617188
0.0355644226074219 -0.0102729797363281 -0.0396804809570313 0.0130538940429687
0.0326461791992188 0.0334205627441406 -0.0226993560791016 -0.0125579833984375
-0.00191879272460937 0.0455589294433594 0.0113039016723633 0.0075368881225586
-0.0304679870605469 0.0318202972412109 -0.027923583984375 0.0713424682617187
0.0262908935546875 0.0138568878173828 0.0252914428710938 -0.0801239013671875
0.0133848190307617 -0.0149526596069336 -0.0107994079589844 -0.0187549591064453
-0.00633144378662109 -0.0158157348632813 0.0250797271728516 0.0167007446289063
-0.0131826400756836 0.000632286071777342 0.0517234802246094 -0.0105018615722656
-0.00796127319335937 0.0106239318847656 0.041290283203125 -0.0469932556152344
0.00172901153564453 0.0113430023193359 0.00614929199218749 -0.0724563598632812
0.000971794128417969 0.0052032470703125 -0.0330886840820313 -0.0640602111816406
-0.00157785415649414 0.0035252571105957 -0.0374565124511719 -0.0499801635742188
-0.00180840492248535 0.00389671325683594 -0.0344581604003906 -0.0438423156738281
-0.00228738784790039 -0.00116395950317383 -0.0213851928710938 -0.0457115173339844
-0.00209426879882813 -0.00799942016601563 -0.0166091918945312 -0.0427894592285156
0.00450515747070313 -0.0147895812988281 -0.011810302734375 -0.0488357543945313
0.0229625701904297 -0.00528717041015625 0.00560760498046875 -0.0575637817382812
0.0320987701416016 0.0113792419433594 -0.0019378662109375 -0.0799484252929688
0.0282077789306641 0.0282840728759766 0.0055084228515625 -0.102798461914063
0.021759033203125 0.0559120178222656 0.032684326171875 -0.071502685546875
0.0249271392822266 0.0196304321289063 -0.00768852233886719 -0.0146884918212891
0.0248489379882813 0.00231552124023438 0.0293331146240234 0.0215015411376953
0.0139379501342773 -0.00441455841064453 0.0577354431152344 -0.00690460205078125
0.00825309753417969 -0.00973987579345703 0.0479507446289063 -0.0458984375
0.00144386291503906 -0.0117158889770508 0.00914764404296874 -0.0716476440429688
-0.00976943969726563 -0.0161209106445313 -0.0306053161621094 -0.0616302490234375
-0.0106658935546875 -0.0217628479003906 -0.0340919494628906 -0.0456695556640625
-0.0116367340087891 -0.0203571319580078 -0.0341110229492188 -0.0387039184570313
0.000610351562500002 -0.0243873596191406 -0.0244560241699219 -0.0386505126953125
0.0169277191162109 -0.0259685516357422 -0.0202522277832031 -0.0367431640625
0.0347614288330078 -0.0177078247070313 -0.0187492370605469 -0.04632568359375
0.0478248596191406 0.0215187072753906 -0.000457763671874992 -0.0534248352050781
0.0389900207519531 0.0465965270996094 -0.00595855712890624 -0.0724411010742188
0.0211181640625 0.0713577270507813 0.00296783447265625 -0.0897140502929688
0.0107803344726562 0.0907363891601562 0.0370750427246094 -0.0514907836914063
0.0287818908691406 0.0562782287597656 -0.00461435317993164 -0.00298643112182617
0.0543251037597656 0.0266456604003906 0.0309085845947266 0.0307750701904297
0.0440216064453125 -0.00530242919921875 0.0616188049316406 0.00238037109375
0.0290012359619141 -0.0285129547119141 0.05364990234375 -0.0373039245605469
0.00383949279785156 -0.0343132019042969 0.0137062072753906 -0.062896728515625
-0.0172767639160156 -0.0363426208496094 -0.0237503051757813 -0.0515518188476563
-0.017852783203125 -0.04388427734375 -0.0258045196533203 -0.0345077514648438
-0.0213623046875 -0.0411033630371094 -0.0283489227294922 -0.0258388519287109
-0.000320434570312503 -0.044097900390625 -0.0252971649169922 -0.0223731994628906
0.027801513671875 -0.0444145202636719 -0.0251846313476563 -0.0242633819580078
0.0572052001953125 -0.025360107421875 -0.027587890625 -0.0392723083496094
0.0718307495117188 0.0352935791015625 -0.00770187377929687 -0.0478897094726563
0.0472640991210938 0.0708847045898438 -0.00714492797851563 -0.0602951049804687
0.0158309936523437 0.102462768554688 -0.00102996826171875 -0.0637550354003906
-0.0050201416015625 0.111885070800781 0.0358085632324219 -0.0197486877441406
0.0245132446289063 0.086883544921875 -0.00251960754394531 0.01629638671875
0.07476806640625 0.053070068359375 0.028961181640625 0.0416603088378906
0.0705490112304688 -0.00046539306640625 0.0594329833984375 0.0156021118164063
0.0496444702148438 -0.0404281616210938 0.0556869506835938 -0.0220909118652344
0.0089263916015625 -0.052886962890625 0.0178680419921875 -0.0454330444335938
-0.0210113525390625 -0.0519332885742188 -0.0135650634765625 -0.0347309112548828
-0.0232505798339844 -0.0593452453613281 -0.0135707855224609 -0.0179576873779297
-0.0298194885253906 -0.0555496215820312 -0.0184898376464844 -0.00834465026855469
-0.004486083984375 -0.0570793151855469 -0.0223159790039063 -0.00225830078125
0.0306282043457031 -0.0583686828613281 -0.0271987915039062 -0.00786590576171876
0.0680084228515625 -0.0339698791503906 -0.0346736907958984 -0.0278377532958984
0.0860443115234375 0.039947509765625 -0.0133628845214844 -0.0399856567382813
0.0523147583007812 0.0829086303710938 -0.00396347045898437 -0.0453414916992187
0.00978088378906251 0.117958068847656 -0.00451469421386719 -0.0317611694335937
-0.0209503173828125 0.114173889160156 0.0279254913330078 0.018798828125
0.0127410888671875 0.101966857910156 -0.002410888671875 0.0399894714355469
0.077850341796875 0.0732040405273438 0.0222053527832031 0.0521697998046875
0.083587646484375 0.009613037109375 0.0496978759765625 0.0298194885253906
0.0632858276367188 -0.0428314208984375 0.0493659973144531 -0.00242233276367188
0.0139961242675781 -0.0627059936523438 0.0191440582275391 -0.0214748382568359
-0.021087646484375 -0.0593910217285156 -0.00170040130615234 -0.0125808715820313
-0.0248451232910156 -0.065887451171875 -6.95586204528823E-05 0.000921189785003658
-0.0338554382324219 -0.0612525939941406 -0.00489902496337891 0.0112743377685547
-0.00776290893554687 -0.0612525939941406 -0.0155124664306641 0.0194892883300781
0.0296096801757812 -0.0633544921875 -0.0264816284179687 0.00942420959472656
0.06854248046875 -0.0362739562988281 -0.0373725891113281 -0.0148773193359375
0.0877914428710937 0.0405120849609375 -0.016153335571289 -0.0306072235107422
0.049224853515625 0.0846099853515625 0.00344085693359375 -0.0294113159179688
0.00155639648437499 0.116508483886719 -0.00741863250732422 0.00220680236816407
-0.03118896484375 0.0953598022460938 0.0177078247070313 0.0547676086425781
-0.00240325927734376 0.0949859619140625 -0.00354766845703125 0.0616683959960938
0.0633087158203125 0.0783233642578125 0.0127792358398438 0.0581169128417969
0.0776596069335938 0.0183181762695313 0.0351104736328125 0.0408363342285156
0.063751220703125 -0.0359115600585938 0.0373725891113281 0.0162773132324219
0.0165939331054688 -0.0602989196777344 0.0187644958496094 0.00377845764160156
-0.0178184509277344 -0.0565986633300781 0.0102863311767578 0.00924968719482422
-0.0227088928222656 -0.0623435974121094 0.0133628845214844 0.0195350646972656
-0.0321617126464844 -0.0584716796875 0.00870895385742187 0.0295467376708984
-0.00786590576171876 -0.0576210021972656 -0.0082550048828125 0.0381698608398437
0.0264244079589844 -0.0589179992675781 -0.0256118774414063 0.0237960815429687
0.0624656677246094 -0.0312156677246094 -0.0372505187988281 -0.00282669067382813
0.07635498046875 0.0406265258789063 -0.0173873901367188 -0.0220565795898437
0.0356826782226563 0.0785980224609375 0.00949668884277344 -0.0145187377929687
-0.00952148437500001 0.0994796752929687 -0.0116863250732422 0.0331497192382813
-0.0343437194824219 0.0596199035644531 0.006103515625 0.0836334228515625
-0.0141639709472656 0.0680961608886719 -0.00494384765625001 0.0781402587890625
0.0380210876464844 0.0646705627441406 0.00417327880859375 0.0588645935058594
0.0561256408691406 0.0208358764648438 0.0207786560058594 0.0464286804199219
0.0507965087890625 -0.0233230590820313 0.0244388580322266 0.0298709869384766
0.0146713256835937 -0.04718017578125 0.0167331695556641 0.0251216888427734
-0.0130729675292969 -0.044189453125 0.0213356018066406 0.0287742614746094
-0.0172271728515625 -0.0493087768554688 0.0248184204101562 0.0340309143066406
-0.0253486633300781 -0.0474281311035156 0.0205917358398438 0.0449981689453125
-0.00574493408203125 -0.0469627380371094 -0.00228500366210937 0.0538520812988281
0.0228080749511719 -0.0469474792480469 -0.025482177734375 0.0363311767578125
0.0511894226074219 -0.0214729309082031 -0.037841796875 0.00638198852539063
0.05682373046875 0.0393447875976563 -0.0193653106689453 -0.0165901184082031
0.0173683166503906 0.0650863647460938 0.0130147933959961 -0.0018310546875
-0.0212631225585938 0.0701751708984375 -0.0182228088378906 0.0572166442871094
-0.0315837860107422 0.0136356353759766 -0.000854492187500011 0.0981216430664063
-0.0214805603027344 0.0300407409667969 -0.002716064453125 0.0842514038085938
0.0097198486328125 0.0378456115722656 -0.00120162963867187 0.0563163757324219
0.0262413024902344 0.0166130065917969 0.011016845703125 0.0482864379882813
0.0277385711669922 -0.00903511047363281 0.0146217346191406 0.0376625061035156
0.00926399230957031 -0.0267486572265625 0.0168037414550781 0.038818359375
-0.00617790222167969 -0.0249881744384766 0.0295639038085937 0.0406646728515625
-0.00988960266113281 -0.0291233062744141 0.0325660705566406 0.0435562133789063
-0.0152740478515625 -0.0308074951171875 0.0283584594726563 0.0558433532714844
-0.00254440307617188 -0.0318431854248047 -0.000305175781249994 0.0646858215332031
0.0176353454589844 -0.0310783386230469 -0.0284538269042969 0.0445899963378906
0.035614013671875 -0.0103836059570313 -0.0396614074707031 0.013153076171875
0.0331211090087891 0.0328769683837891 -0.0228271484375 -0.013275146484375
-0.00181198120117188 0.045257568359375 0.0115108489990234 0.00682735443115235
-0.0303268432617187 0.0317401885986328 -0.028472900390625 0.0712661743164063
0.0272674560546875 0.0146198272705078 0.0260009765625 -0.0815200805664062
0.0135259628295898 -0.0153865814208984 -0.0115890502929687 -0.0183486938476563
-0.00631332397460938 -0.0162029266357422 0.0251884460449219 0.0176715850830078
-0.0135097503662109 0.000832557678222655 0.0529518127441406 -0.0104331970214844
-0.00830459594726563 0.0110511779785156 0.0424041748046875 -0.047698974609375
0.00218582153320313 0.0114936828613281 0.00659942626953124 -0.0742340087890625
0.000776767730712891 0.00524568557739258 -0.0340652465820313 -0.0653457641601562
-0.00189828872680664 0.00373101234436035 -0.0386886596679687 -0.0506401062011719
-0.00200581550598144 0.00354671478271484 -0.0358734130859375 -0.0443229675292969
-0.00244140625 -0.00168657302856445 -0.0224113464355469 -0.0472793579101562
-0.00169801712036133 -0.00852251052856445 -0.0171241760253906 -0.0439529418945312
0.00479984283447266 -0.0150623321533203 -0.0115280151367187 -0.0499076843261719
0.0239067077636719 -0.00506401062011719 0.00686264038085937 -0.058868408203125
0.0323410034179688 0.0112705230712891 -0.00112152099609376 -0.0808486938476563
0.0283527374267578 0.0294418334960938 0.00698852539062499 -0.105094909667969
0.0222816467285156 0.0576934814453125 0.0339126586914063 -0.0719985961914063
0.0255851745605469 0.0199241638183594 -0.00813865661621093 -0.014185905456543
0.0257110595703125 0.00190162658691406 0.0292339324951172 0.022979736328125
0.0144672393798828 -0.00451087951660156 0.0591392517089844 -0.0060577392578125
0.00828838348388672 -0.0101518630981445 0.0499305725097656 -0.0466766357421875
0.00138568878173828 -0.0114431381225586 0.00984954833984375 -0.0730361938476563
-0.00991916656494141 -0.0164690017700195 -0.0314712524414063 -0.0629501342773437
-0.0109081268310547 -0.0221881866455078 -0.0355339050292969 -0.0464134216308594
-0.0119705200195313 -0.0211811065673828 -0.0351448059082031 -0.0391502380371094
0.000707626342773437 -0.0249862670898438 -0.0252342224121094 -0.0397377014160156
0.0174903869628906 -0.0267734527587891 -0.0210037231445313 -0.0381126403808594
0.03533935546875 -0.0177726745605469 -0.0186080932617188 -0.0473442077636719
0.0495452880859375 0.021484375 0.000736236572265631 -0.0548629760742188
0.0391082763671875 0.0477714538574219 -0.0051727294921875 -0.0737228393554688
0.0214157104492188 0.0736083984375 0.0043182373046875 -0.0913848876953125
0.0108261108398438 0.09307861328125 0.0380973815917969 -0.0511817932128906
0.0294113159179687 0.0575904846191406 -0.00495529174804687 -0.00226354598999023
0.0562477111816406 0.0266304016113281 0.0308570861816406 0.03216552734375
0.04559326171875 -0.00487899780273438 0.0626602172851563 0.00336837768554688
0.0290126800537109 -0.0289783477783203 0.0558738708496094 -0.0382080078125
0.00411605834960937 -0.0351181030273438 0.0144691467285156 -0.0643844604492188
-0.0176429748535156 -0.0372657775878906 -0.0242271423339844 -0.0524063110351563
-0.0191307067871094 -0.0448570251464844 -0.0270156860351563 -0.0351200103759766
-0.0222282409667969 -0.0426292419433594 -0.0295753479003906 -0.026336669921875
-0.000625610351562503 -0.0450172424316406 -0.0262718200683594 -0.0235595703125
0.028778076171875 -0.0454902648925781 -0.0256786346435547 -0.0253162384033203
0.05828857421875 -0.0260353088378906 -0.028533935546875 -0.0401268005371094
0.0736083984375 0.0362167358398438 -0.00682449340820312 -0.0492973327636719
0.0479888916015625 0.0726470947265625 -0.00671768188476563 -0.0616989135742187
0.01544189453125 0.105209350585938 -0.000598907470703126 -0.065216064453125
-0.0050811767578125 0.115150451660156 0.0365982055664062 -0.0189132690429687
0.0252685546875 0.0890274047851563 -0.00311088562011718 0.0176315307617188
0.0769577026367188 0.0535354614257813 0.0282096862792969 0.0437812805175781
0.0719833374023438 2.288818359375E-05 0.0598869323730469 0.0172195434570312
0.0507316589355469 -0.0417938232421875 0.0575523376464844 -0.0220832824707031
0.009246826171875 -0.0541458129882813 0.0188331604003906 -0.0464515686035156
-0.0213661193847656 -0.0531196594238281 -0.0135688781738281 -0.0351676940917969
-0.0245552062988281 -0.0610694885253906 -0.0143394470214844 -0.0183753967285156
-0.0307273864746094 -0.0568428039550781 -0.0193500518798828 -0.00831985473632813
-0.00445175170898437 -0.0578079223632813 -0.0230674743652344 -0.00259017944335938
0.0312995910644531 -0.0594940185546875 -0.0281276702880859 -0.009033203125
0.0694961547851563 -0.0347747802734375 -0.0355453491210937 -0.0280265808105469
0.088714599609375 0.0408782958984375 -0.0130348205566406 -0.0413093566894531
0.0539169311523437 0.0849227905273438 -0.00331497192382812 -0.0464744567871094
0.00969696044921876 0.121223449707031 -0.00464057922363282 -0.0327129364013672
-0.0211105346679688 0.117034912109375 0.0281524658203125 0.0199851989746094
0.01300048828125 0.103973388671875 -0.00316238403320312 0.041900634765625
0.080108642578125 0.0743865966796875 0.0213050842285156 0.0536842346191406
0.0853729248046875 0.009918212890625 0.0500259399414063 0.0313301086425781
0.0649032592773438 -0.044097900390625 0.0512428283691406 -0.00185012817382813
0.0144691467285156 -0.0632667541503906 0.0206108093261719 -0.0215301513671875
-0.0213279724121094 -0.0606803894042969 -0.00120258331298828 -0.0127029418945313
-0.0264053344726563 -0.06756591796875 -0.000236630439758303 0.000813424587249752
-0.0348739624023438 -0.06231689453125 -0.00543689727783203 0.0110940933227539
-0.00771713256835938 -0.0623321533203125 -0.0158519744873047 0.0192661285400391
0.02996826171875 -0.0645256042480469 -0.0276451110839844 0.00905799865722657
0.0704193115234375 -0.037261962890625 -0.0382461547851562 -0.01470947265625
0.0899200439453125 0.0410232543945313 -0.0157642364501953 -0.0320606231689453
0.0502166748046875 0.08648681640625 0.00359153747558594 -0.0304851531982422
0.0015411376953125 0.119392395019531 -0.00752687454223633 0.00217008590698243
-0.031768798828125 0.0978012084960937 0.0172004699707031 0.0569190979003906
-0.00299072265625001 0.0968170166015625 -0.00434112548828125 0.0634689331054688
0.0648651123046875 0.079498291015625 0.0116691589355469 0.0594825744628906
0.079681396484375 0.01953125 0.034820556640625 0.0427589416503906
0.0656166076660156 -0.0369758605957031 0.0393562316894531 0.0171432495117187
0.0174369812011719 -0.0613555908203125 0.0199317932128906 0.00408935546875
-0.0181198120117187 -0.0574913024902344 0.0111637115478516 0.00971031188964843
-0.0239410400390625 -0.0636787414550781 0.0139007568359375 0.0198116302490234
-0.0331306457519531 -0.0590476989746094 0.00865745544433594 0.0295352935791016
-0.00789642333984376 -0.0586013793945313 -0.00847625732421875 0.038665771484375
0.0272674560546875 -0.0597801208496094 -0.0265159606933594 0.0236759185791016
0.0637741088867188 -0.0313911437988281 -0.0385475158691406 -0.00307464599609375
0.0785903930664063 0.0413818359375 -0.0172004699707031 -0.0235404968261719
0.036651611328125 0.0806427001953125 0.00997161865234375 -0.0155477523803711
-0.01031494140625 0.101646423339844 -0.0121955871582031 0.0333385467529297
-0.0348472595214844 0.0612983703613281 0.00553131103515625 0.0862960815429688
-0.0149192810058594 0.0691261291503906 -0.00546264648437499 0.0796890258789063
0.0387344360351562 0.0661163330078125 0.00226593017578125 0.0604400634765625
0.0578384399414063 0.0219078063964844 0.0200233459472656 0.0482406616210938
0.0518875122070313 -0.0242080688476563 0.0249061584472656 0.0315074920654297
0.0152816772460937 -0.0481910705566406 0.0183181762695312 0.0268192291259766
-0.0130882263183594 -0.045166015625 0.0227813720703125 0.0294380187988281
-0.0183639526367187 -0.0501251220703125 0.0254650115966797 0.0346450805664063
-0.0261955261230469 -0.04833984375 0.0212440490722656 0.0452919006347656
-0.00564193725585938 -0.0480003356933594 -0.00238418579101563 0.0544853210449219
0.02337646484375 -0.0477828979492188 -0.026580810546875 0.0365562438964844
0.0520896911621094 -0.0213356018066406 -0.0392227172851562 0.00666427612304688
0.0578384399414063 0.0403060913085938 -0.0190811157226562 -0.0176563262939453
0.0175590515136719 0.0666961669921875 0.0134305953979492 -0.002777099609375
-0.0220565795898438 0.071319580078125 -0.0193443298339844 0.0578041076660156
-0.0321521759033203 0.0140342712402344 -0.00157165527343751 0.100799560546875
-0.0223522186279297 0.0302085876464844 -0.00350189208984376 0.0857315063476563
0.009796142578125 0.0382804870605469 -0.00222778320312499 0.0575485229492188
0.0263214111328125 0.0174484252929688 0.0100936889648438 0.049957275390625
0.0282878875732422 -0.00927543640136719 0.0153312683105469 0.0393714904785156
0.00918960571289063 -0.0274124145507813 0.0180892944335937 0.0404510498046875
-0.00619888305664063 -0.0255260467529297 0.0312080383300781 0.0414352416992188
-0.00988388061523437 -0.0295467376708984 0.034027099609375 0.0443687438964844
-0.0156993865966797 -0.0311946868896484 0.0293960571289062 0.0568428039550781
-0.00226974487304688 -0.0323963165283203 0.000110626220703129 0.0655174255371094
0.0177288055419922 -0.0315341949462891 -0.0295066833496094 0.0454483032226562
0.0361709594726563 -0.0102958679199219 -0.0408248901367188 0.0127449035644531
0.0340042114257813 0.0335845947265625 -0.0230388641357422 -0.0143585205078125
-0.00167465209960938 0.0463676452636719 0.0114030838012695 0.0061187744140625
-0.0311603546142578 0.0319843292236328 -0.0297317504882813 0.0726242065429687
0.0287666320800781 0.0150089263916016 0.0266876220703125 -0.0844879150390625
0.0142354965209961 -0.0152387619018555 -0.0126152038574219 -0.0185146331787109
-0.00709438323974609 -0.0169925689697266 0.026397705078125 0.0190925598144531
-0.0135412216186523 0.000448226928710935 0.0554161071777344 -0.0106010437011719
-0.0084381103515625 0.0119361877441406 0.0441551208496094 -0.0505943298339844
0.00245094299316406 0.0113248825073242 0.0059814453125 -0.0779953002929688
0.000618457794189454 0.00492620468139648 -0.0369758605957031 -0.0670738220214844
-0.00199294090270996 0.00349020957946777 -0.0416069030761719 -0.0515289306640625
-0.00215983390808105 0.00364089012145996 -0.0380783081054688 -0.0458030700683594
-0.00257563591003418 -0.00190401077270508 -0.0248184204101563 -0.0497322082519531
-0.00229930877685547 -0.00868797302246094 -0.0184440612792969 -0.0467071533203125
0.0049896240234375 -0.0159091949462891 -0.011962890625 -0.0522232055664063
0.0251731872558594 -0.00565147399902344 0.00758743286132813 -0.0611953735351563
0.0335216522216797 0.0113162994384766 -0.001495361328125 -0.0836105346679687
0.0297813415527344 0.0308151245117188 0.00721740722656249 -0.109352111816406
0.0240707397460937 0.0598678588867188 0.034759521484375 -0.074859619140625
0.0266685485839844 0.0211524963378906 -0.00913619995117187 -0.0138940811157227
0.0278358459472656 0.00134658813476563 0.0301723480224609 0.0243663787841797
0.0150728225708008 -0.00517749786376953 0.0616531372070313 -0.00660324096679688
0.00806903839111328 -0.0102338790893555 0.0520896911621094 -0.0492172241210938
0.00135040283203125 -0.0124015808105469 0.0095367431640625 -0.076873779296875
-0.0104894638061523 -0.0172929763793945 -0.0338363647460938 -0.0649566650390625
-0.0126094818115234 -0.0230178833007813 -0.0383491516113281 -0.0470771789550781
-0.0129566192626953 -0.0217189788818359 -0.0378227233886719 -0.0398178100585938
0.000619888305664064 -0.0264472961425781 -0.0274429321289063 -0.0419349670410156
0.0176467895507813 -0.028350830078125 -0.022613525390625 -0.0404891967773438
0.0369415283203125 -0.0186538696289063 -0.019927978515625 -0.0492324829101563
0.0524978637695313 0.0217323303222656 0.00121307373046875 -0.0572357177734375
0.0411262512207031 0.0491104125976562 -0.00611114501953124 -0.0760726928710937
0.0225448608398438 0.0767898559570312 0.00400543212890624 -0.0952224731445313
0.0128555297851563 0.09765625 0.0390205383300781 -0.0528678894042969
0.03173828125 0.05975341796875 -0.00593185424804687 -0.00117444992065429
0.0589218139648438 0.0266571044921875 0.0320148468017578 0.0340652465820312
0.0476341247558594 -0.00591278076171875 0.0651092529296875 0.0041046142578125
0.0299415588378906 -0.0306034088134766 0.0588607788085938 -0.0407981872558594
0.00376510620117187 -0.0366363525390625 0.0148544311523438 -0.0674781799316406
-0.0189285278320312 -0.0384254455566406 -0.0262222290039063 -0.0543746948242188
-0.0209159851074219 -0.0465354919433594 -0.0292778015136719 -0.0357551574707031
-0.024169921875 -0.0437202453613281 -0.0319766998291016 -0.0266647338867188
-0.000675201416015621 -0.0469245910644531 -0.0281047821044922 -0.0245208740234375
0.0294761657714844 -0.0481605529785156 -0.0277557373046875 -0.0272445678710938
0.0609092712402344 -0.0278396606445312 -0.0304718017578125 -0.0416030883789062
0.0772171020507813 0.0362930297851563 -0.00705337524414062 -0.0515251159667969
0.0506591796875 0.0753402709960938 -0.00744628906249999 -0.0636711120605469
0.0174789428710938 0.109916687011719 -0.000865936279296877 -0.0684471130371094
-0.00376892089843751 0.120536804199219 0.0379371643066406 -0.01910400390625
0.0273818969726563 0.0925445556640625 -0.003662109375 0.0197505950927734
0.0812911987304688 0.0543136596679688 0.0293350219726563 0.0458183288574219
0.075469970703125 -0.00054168701171875 0.0623092651367188 0.01837158203125
0.05206298828125 -0.0442314147949219 0.0604362487792969 -0.0238304138183594
0.00909423828124999 -0.0565109252929687 0.0197181701660156 -0.0483589172363281
-0.0231666564941406 -0.0550651550292969 -0.014312744140625 -0.0365791320800781
-0.0272789001464844 -0.0627975463867188 -0.0156955718994141 -0.0187854766845703
-0.0332832336425781 -0.0585746765136719 -0.0207557678222656 -0.008087158203125
-0.0049285888671875 -0.0599861145019531 -0.0239162445068359 -0.0030059814453125
0.0321846008300781 -0.0626182556152344 -0.02984619140625 -0.00958061218261719
0.0717620849609375 -0.03741455078125 -0.0375595092773437 -0.0287818908691406
0.0930557250976563 0.040985107421875 -0.013214111328125 -0.0436134338378906
0.0566024780273438 0.0879058837890625 -0.00416183471679687 -0.04864501953125
0.0113143920898437 0.126914978027344 -0.00481605529785156 -0.0343170166015625
-0.0206298828125 0.122749328613281 0.029571533203125 0.0217781066894531
0.0147247314453125 0.108070373535156 -0.00333404541015625 0.0443801879882813
0.0845260620117187 0.0756301879882812 0.0214424133300781 0.0567893981933594
0.089202880859375 0.00971221923828125 0.0517616271972656 0.0333366394042969
0.0667457580566406 -0.0468635559082031 0.0547637939453125 -0.00238418579101563
0.0146903991699219 -0.0664787292480469 0.0222511291503906 -0.0227031707763672
-0.0230674743652344 -0.062744140625 -0.000638008117675783 -0.0136213302612305
-0.0291175842285156 -0.0696640014648438 -0.000483632087707521 0.000734329223632808
-0.0376014709472656 -0.0638885498046875 -0.00554943084716797 0.0118608474731445
-0.0084381103515625 -0.0647926330566406 -0.0160636901855469 0.0195293426513672
0.0303306579589844 -0.0680389404296875 -0.0290203094482422 0.00914955139160156
0.0732192993164062 -0.0394363403320312 -0.0404777526855469 -0.0148429870605469
0.0946502685546875 0.0416641235351563 -0.0159149169921875 -0.0337848663330078
0.0534210205078125 0.089599609375 0.00348472595214844 -0.0320186614990234
0.00273895263671875 0.124862670898438 -0.00816822052001953 0.00212860107421876
-0.0318756103515625 0.102851867675781 0.0182113647460937 0.0601272583007813
-0.00222015380859376 0.100692749023438 -0.00460433959960938 0.0667495727539063
0.0685195922851563 0.0815582275390625 0.01116943359375 0.0627632141113281
0.0828399658203125 0.0197296142578125 0.0358543395996094 0.0451545715332031
0.0679664611816406 -0.0399284362792969 0.0412864685058594 0.0181732177734375
0.0173492431640625 -0.06427001953125 0.0218372344970703 0.00463104248046875
-0.0198249816894531 -0.0598258972167969 0.0130271911621094 0.00993156433105468
-0.0262832641601562 -0.0660209655761719 0.0145225524902344 0.0200881958007812
-0.0356788635253906 -0.0609893798828125 0.00939178466796875 0.0310554504394531
-0.00904464721679687 -0.0606842041015625 -0.0082855224609375 0.0398902893066406
0.0273246765136719 -0.0625801086425781 -0.027862548828125 0.0252056121826172
0.06610107421875 -0.0336265563964844 -0.0402908325195312 -0.00240325927734375
0.082122802734375 0.0418624877929687 -0.0176467895507812 -0.0252609252929687
0.0388717651367187 0.0832977294921875 0.0099020004272461 -0.0171098709106445
-0.00945281982421876 0.106285095214844 -0.0129032135009766 0.0351104736328125
-0.0358085632324219 0.0643043518066406 0.00634002685546874 0.0902938842773437
-0.0154190063476563 0.0718460083007813 -0.0059814453125 0.0830001831054688
0.0409965515136719 0.0675468444824219 0.00209426879882812 0.0629348754882813
0.0601844787597656 0.0227432250976563 0.0208206176757813 0.0507392883300781
0.0535430908203125 -0.0259513854980469 0.0269584655761719 0.0328006744384766
0.0152664184570312 -0.0501670837402344 0.0200843811035156 0.0285320281982422
-0.0139617919921875 -0.0468711853027344 0.0246448516845703 0.0300254821777344
-0.020233154296875 -0.0521621704101563 0.0276832580566406 0.0352096557617187
-0.0281753540039063 -0.0497817993164063 0.0228347778320313 0.0472755432128906
-0.00600433349609375 -0.0494270324707031 -0.0018157958984375 0.0566444396972656
0.0241622924804688 -0.0502243041992188 -0.0279884338378906 0.0382881164550781
0.054473876953125 -0.0225715637207031 -0.0407295227050781 0.00734329223632813
0.0610313415527344 0.040985107421875 -0.0197353363037109 -0.0190467834472656
0.0189704895019531 0.0696067810058594 0.0136728286743164 -0.00411701202392578
-0.022705078125 0.0748519897460938 -0.0203132629394531 0.0602493286132813
-0.0331459045410156 0.0150623321533203 -0.00159454345703124 0.105911254882812
-0.0228710174560547 0.0313186645507812 -0.00373840332031249 0.089263916015625
0.010406494140625 0.0395317077636719 -0.0028839111328125 0.0603981018066406
0.0277881622314453 0.0186252593994141 0.0106124877929687 0.0524749755859375
0.0294380187988281 -0.0104923248291016 0.0164604187011719 0.0415534973144531
0.00949478149414063 -0.0286884307861328 0.0204849243164062 0.0425376892089844
-0.006866455078125 -0.0264492034912109 0.0337638854980469 0.0422477722167969
-0.0112342834472656 -0.0304107666015625 0.0361862182617188 0.0451774597167969
-0.0169525146484375 -0.0319442749023438 0.0318679809570313 0.0582809448242188
-0.00277328491210938 -0.0335903167724609 0.00139236450195313 0.0680694580078125
0.0182399749755859 -0.0330219268798828 -0.030426025390625 0.0482139587402344
0.0375328063964844 -0.0107955932617188 -0.0427436828613281 0.0133476257324219
0.0354347229003906 0.03448486328125 -0.0237560272216797 -0.0155181884765625
-0.00159072875976563 0.0480995178222656 0.0117006301879883 0.00490665435791016
-0.0321769714355469 0.0333480834960938 -0.0308990478515625 0.0756072998046875
-0.00453261190723477 -0.0221778982752221 0.0857420976198864 -0.0222029339528724
-0.0205559553943274 -0.000474916728429677 0.0116434609580456 -0.0168998515466462
-0.0138564846605757 0.015274373272962 0.000553641207784089 0.0368698971639486
0.00538257919006609 0.0137634695457666 0.0400446116352586 0.042891921088125
0.0121004393850377 0.00316706650774635 0.0723793292476344 0.0116425260049995
0.00595426179486604 -0.00107669906400509 0.073484979722873 -0.0309174610846386
0.00683251375497634 0.000950006269749676 0.0512737688882305 -0.0611833711548904
0.00768002421877155 0.00255126399516531 0.0297607989745005 -0.0671859471924659
0.00630269023486745 0.0039420087991737 0.0271636853477824 -0.0574232085687549
0.00203218023261775 0.00621921257858719 0.0324747097087062 -0.0469009559093913
-0.00474340203277832 0.0106158744424159 0.0366276390641906 -0.0410504706202361
-0.0164881621521586 0.00862602815416925 0.0450044713187905 -0.0348192833699328
-0.0245301115377052 -0.0090212158618837 0.0556578090354348 -0.0246713284460162
-0.0112496978026149 -0.0284140855668444 0.0699095886843843 -0.0418864356415872
0.0104782313202826 -0.0342885543418585 0.0887081324459833 -0.0633222077156408
0.0344976237681282 -0.0435675655225763 0.0756483305456351 -0.0142912376249488
0.00153609176664752 -0.03573772598823 0.000566096582747949 -0.0140848009226204
-0.0196359125377 -0.0260111488984912 -0.0114155548460069 0.0496038562675258
-0.0213169761238376 -0.00842887138700251 0.0366996880503576 0.0596864170611097
-0.018528232372232 0.00735106377919896 0.0788860461350594 0.0232748529416035
-0.0128991501107945 0.0146034410158693 0.0777189313739916 -0.0255702070626766
-0.00786569239477001 0.0236624170244799 0.0542993457291687 -0.0556275435461666
-0.00519266154751813 0.0277356511314174 0.0304966646025488 -0.0617897455159839
-0.0100658073629057 0.028779239339812 0.0252448297680621 -0.0531895827911514
-0.0194564431691281 0.0191171135654761 0.0259695260555171 -0.042258023513759
-0.0333090997614318 0.00864193111431854 0.0288722770281424 -0.0378019488246998
-0.0393361792209493 -0.0178048657542762 0.0347282095915869 -0.0374559581777927
-0.0254360060353554 -0.0484625337064244 0.0444982828148589 -0.0279026968188243
0.013831769111916 -0.057342907327592 0.0586361320962854 -0.0464589637406186
0.0508711401021369 -0.0525179774237909 0.0759456654551297 -0.0621534180725722
0.0710660300627161 -0.0564847534553701 0.0547784592502384 -0.00264634384610392
0.0302317575435735 -0.0662657061332487 -0.0166781558029725 -0.0093675482083277
-0.0174261828112358 -0.0694676816377526 -0.0300344347075312 0.0602150020208278
-0.0458588152183797 -0.0376352282861287 0.0245869370525682 0.0767792627670304
-0.0511587060874911 0.00529911291586853 0.0765407514754802 0.0390414236675822
-0.0343340280559986 0.0271045764859969 0.0746845314361464 -0.0138634155787923
-0.0234244011519234 0.041679333129599 0.0501570904768702 -0.0419643213293464
-0.0180063924219787 0.0490921389169825 0.0259914172803712 -0.0468599239924493
-0.0230828906659406 0.0504894293633737 0.0174529683712868 -0.0406219280373998
-0.0359129331372263 0.0328134113428609 0.012801548095731 -0.0319145280933691
-0.0564017662603411 0.0130801736290362 0.0142372315689567 -0.0331891972978287
-0.0616726824635648 -0.0336845967353438 0.0192839597703351 -0.0395457622666328
-0.0329104457511361 -0.0768823849125324 0.0327288275402758 -0.0310996968286853
0.0282043544486901 -0.0821629530395894 0.0441822094064856 -0.0441974152996966
0.080299751791748 -0.0663072131612349 0.0517494206421492 -0.0537001752190623
0.0991632784213969 -0.0592724773820648 0.022447491041149 0.011278608447186
0.0600367276887212 -0.0862890922049644 -0.0406461483380588 -0.00217577564081767
-0.00719367915240046 -0.106676645855905 -0.0523193031679829 0.0660681194282428
-0.0612523843300676 -0.0676428405160007 0.00449846071732485 0.0884216764616261
-0.0785449679632141 -0.00235342623339165 0.0632889448354221 0.0542447127175757
-0.0534526027203948 0.0336197181534346 0.0620865998170027 0.00164471578471426
-0.0371105326916004 0.0534689919694789 0.0391816805748196 -0.0218345911263198
-0.0275493028363902 0.0635676825755198 0.0179927526420099 -0.0244936786390465
-0.0301916695805978 0.0656701296982987 0.00668070763149424 -0.0214155261459299
-0.044345197463591 0.0436780617429602 -0.00240590383194244 -0.0167726739690729
-0.0687357307046265 0.0202875700863772 -0.00285406294682319 -0.0248389950344315
-0.076915125463495 -0.0388007981162016 0.00332184280616725 -0.0374899621081023
-0.0411108074494594 -0.0913526674679396 0.0204600106329114 -0.0312983675592178
0.0342777151517889 -0.0950673515492172 0.0311976428400025 -0.0348120743280326
0.0965657761589473 -0.0720611678175388 0.0223350401760449 -0.0381544986461863
0.110184449770874 -0.0515171315592763 -0.0173470244773273 0.0252444776754574
0.0805942599373678 -0.0875259941743737 -0.0648643926950602 0.0058727796198743
0.00972333667875584 -0.123618061099829 -0.0724729122596387 0.062251969367223
-0.0611592091546777 -0.0893379279622493 -0.0200554335661025 0.0884620186287716
-0.0916322444940519 -0.0132845724621085 0.0392616213874896 0.0628929370747938
-0.0649413550016817 0.0332172488063594 0.040077608629541 0.017656036567299
-0.0452946530525438 0.0559234882549498 0.0229413027798692 0.00107334626671734
-0.032999505707687 0.0679505284682034 0.00666108654466167 0.000344574452581363
-0.0334890275827311 0.0711366179726052 -0.00515979052080487 0.00186880650537267
-0.0465393937957285 0.0483835853561935 -0.0179303507324225 0.00182389097046128
-0.0714499234064915 0.0237928449570794 -0.0195073412791915 -0.0140850305411613
-0.0792024440604072 -0.0387486775536159 -0.0119692653983866 -0.0331397488988413
-0.0411315150346048 -0.093304574682814 0.0107914612330062 -0.0287892171070305
0.0375819187981093 -0.0943581563109945 0.0208887404237068 -0.0201700950498042
0.099106811931732 -0.0657051629053886 -0.00732947516088588 -0.0184058455809663
0.0998748815803816 -0.0359169645661147 -0.0539422336161171 0.0376532537285817
0.0853378801745801 -0.0704610289951808 -0.0837016690330887 0.0141936937975917
0.0261146566821744 -0.113752686855124 -0.0832489962285676 0.0507883188539883
-0.0461450012861804 -0.0923320490261697 -0.0409593116326987 0.0765387464973362
-0.0852416614817739 -0.0222729341077285 0.010581803760171 0.0626690208000922
-0.0644691106195067 0.0269777075360051 0.0142693809593993 0.0302496972459352
-0.0455651598876804 0.0497119314705837 0.00410409204294341 0.0228794758430525
-0.0327328396026093 0.0622749929578698 -0.00490405306736054 0.0247813488252463
-0.0320867738042982 0.0658103850781702 -0.0174571178795797 0.0245706143124915
-0.0436935042177987 0.0447669196421134 -0.0322510021630339 0.0184715803876958
-0.0650610377298133 0.0221276392582694 -0.0350311498698703 -0.00572189221514854
-0.0697179626002451 -0.0373825073751576 -0.023338609675459 -0.028572521258571
-0.0313126324451302 -0.0855311938126107 0.00323387217892373 -0.0260774243483419
0.0403302260880703 -0.0800049540105996 0.0126083813568631 -0.00676527913574803
0.0906102309130357 -0.0482070407337578 -0.0353099241601441 -0.000536531694310487
0.070715480063441 -0.0160799358392953 -0.0827957238396785 0.0471490972666312
0.0691003485834738 -0.0425823414198465 -0.0937841622841123 0.0231852935363143
0.0315481194585779 -0.0820957578172597 -0.0820065597260891 0.0373952366230294
-0.0253765229056909 -0.0745791438708486 -0.0519305759260834 0.0581889181418885
-0.0636834843960437 -0.0237144729424024 -0.0135875809716302 0.0547503598750722
-0.0513677825262679 0.0172920664481779 -0.0107354907381059 0.0385536753209755
-0.037365802321724 0.0363064776607886 -0.0130671443372927 0.0409543698925319
-0.0279622924171394 0.0473321268943237 -0.0155134272445693 0.045728539221064
-0.0273347377996219 0.050886314809987 -0.0285062354913985 0.0440249825712516
-0.0371612334894181 0.0347350935602566 -0.0447805568012311 0.0311457987586534
-0.0530883850660809 0.0148167300559685 -0.0487321553731652 -0.000162776394013307
-0.0522032900720997 -0.0347092638987044 -0.0322716358487009 -0.0268457071711503
-0.0160153609528683 -0.0703984528220988 -0.0019134854006309 -0.0259227725303658
0.0417252912780002 -0.0569009152730058 0.00543732063732248 0.00317376806181971
0.0717320177310239 -0.0227565499682437 -0.0581886705751764 0.0124274456776952
0.0283792991932592 0.006286655797834 -0.0943624262282445 0.0536895311088391
0.039799461429343 -0.00939466609124735 -0.0909129785717935 0.0323387135270531
0.0263304637659531 -0.0385041520508388 -0.0717695942086627 0.027297809441536
-0.00536372869895362 -0.0428944250163906 -0.0531109246031632 0.0421589917919373
-0.0322689748323911 -0.0185202218380568 -0.0299829725369359 0.0451240556619206
-0.0305112090853305 0.00650684790258315 -0.0268854041455069 0.0426336848497896
-0.0225324257612979 0.0179965666099951 -0.0253090000633949 0.051869227280787
-0.0181374917903004 0.0252679830073788 -0.0229260924740867 0.0587725296613741
-0.01924702226422 0.029754965231746 -0.0384767969229771 0.0569926475086931
-0.026760762411284 0.0205217426525859 -0.0557262993461315 0.0376737883675851
-0.0362501171981173 0.00672996142413185 -0.0602548474659762 -0.000415230767217408
-0.0306108300528064 -0.0275836605853032 -0.0381888081483182 -0.0288584198627877
-0.00123516292907788 -0.0483296513775431 -0.00474487223008977 -0.0291796295538193
0.0374629665462908 -0.0279811245929535 -0.00044188405458061 0.00755045795987197
0.0441476734674158 0.00503970315604682 -0.0761615502043911 0.0174070331153004
-0.00569391433225916 -0.0230399284629848 0.0866776674401901 -0.0273408148465394
-0.0211050164933797 0.000197360272332182 0.00999619234617252 -0.0178475480934368
-0.0136172475850662 0.0164846051279521 0.00115518556692673 0.0383323665586054
0.00655518297752934 0.0145005742100837 0.0428725443520848 0.0427139205643617
0.0124266862911828 0.00234401195371936 0.0751444135661671 0.00811983389389838
0.00590586701282526 -0.00140332092878127 0.074401065776941 -0.0360227969824357
0.00708333968522874 0.000901799086152488 0.0486968023802194 -0.0659552496060474
0.00839991507180337 0.00203463892534093 0.0262749126984133 -0.0708352116177458
0.00670330427275373 0.00410516195304713 0.0248635403154278 -0.0610857950018727
0.00266752130846791 0.00664730004150459 0.0309564776167724 -0.050862301094539
-0.0043727099538678 0.011335518814784 0.0361695336823011 -0.0449072089808824
-0.0165516463495965 0.00981338356563598 0.0452639797755055 -0.038058641846734
-0.0263943437714479 -0.00832575548745212 0.0570351921493608 -0.0273421225633347
-0.0126807631080858 -0.0286502353113965 0.0697484206236943 -0.0456237762148541
0.00927654352324428 -0.0358862965785011 0.0890859739202087 -0.06919573825695
0.0335237760844293 -0.0472429476044156 0.0767478763942383 -0.0181900084186424
-0.000270357248871889 -0.0372358909283612 -0.000646880371591374 -0.0141933982303552
-0.0214552725844013 -0.0252078618942987 -0.0102170434447786 0.0516717222791313
-0.0225905840019324 -0.00730206146594622 0.0402428576134965 0.0601525808832507
-0.0189321104719425 0.00849670823858961 0.0827458719213266 0.0202475564156036
-0.012620626690113 0.0159807655920948 0.0791832514282257 -0.0306000204549961
-0.00682263297377656 0.0245788682188799 0.052351105644683 -0.0600279002058741
-0.00323917467920796 0.0290873281772214 0.0268617451238724 -0.0653459955408913
-0.00837412828483345 0.0305807450477385 0.0225098233472793 -0.0564786489289729
-0.0193629179863541 0.0210095665392066 0.0244377037518322 -0.0458995640353671
-0.0339697323743134 0.0107784008468654 0.0280936294733967 -0.0411877658760866
-0.0415570956053308 -0.0170826018690867 0.0336324596420714 -0.039919721454822
-0.0291059932756838 -0.0483390202939336 0.0455100676135556 -0.0303926601197175
0.0118968178792821 -0.0600598660420221 0.0576751053828581 -0.0497244135007212
0.0503596056127574 -0.0572229282752554 0.0759735627844809 -0.0679205969846209
0.070609788352644 -0.0625271173032885 0.0560015064037309 -0.00464150180436643
0.0278810373817548 -0.070347368994151 -0.0190974428264309 -0.00868501705112561
-0.0222861920669006 -0.0703472037283999 -0.0291387749857685 0.0637768308989904
-0.0492219391276769 -0.0370600217042319 0.0284039408707494 0.0786003848771195
-0.0524944125331923 0.00842130229217258 0.0814916762761861 0.0364130137334715
-0.0341515470254766 0.0299444599013876 0.0766534311062665 -0.0183967892894525
-0.021922773150655 0.0445811097205191 0.0491393220271633 -0.0458129141729968
-0.0150409278533343 0.0521258768492062 0.0239018075584926 -0.0500544947541806
-0.0202479440505302 0.0532817191856159 0.0152522687116373 -0.0428621528591181
-0.0351971053250742 0.0354753680606081 0.0114948154885585 -0.0344767748137126
-0.0569781884930887 0.0166942070534719 0.0133139149207445 -0.0359740426087174
-0.0657006793833484 -0.0317935779058434 0.0178518154525953 -0.041574994637227
-0.0387801309217429 -0.0775569385060669 0.0327978095202459 -0.0334188178914191
0.0253403839865018 -0.0857830366339888 0.0436080162267252 -0.0472150919866285
0.0798732470110367 -0.072781078043167 0.0508896330428082 -0.0578971322962447
0.0993538787991283 -0.066928810611702 0.0231715072200169 0.0111240204219619
0.057324511146424 -0.0918045901242107 -0.0426558802158237 0.000411109106019247
-0.0134518669612606 -0.109087854011945 -0.0522461149831212 0.0702448028291306
-0.0660566717786308 -0.0672928580957823 0.0077145029838573 0.0912176640442865
-0.081048071705175 0.00194940768672184 0.068456503498968 0.0529078288531983
-0.053360679895303 0.0376060761377651 0.0641981548591128 -0.00174942673047408
-0.0347407886679833 0.0571706167357212 0.0395228099965654 -0.0248797727799132
-0.0239708451172822 0.0675201233268128 0.0165652097353281 -0.0269657393422843
-0.0272606952666673 0.0697578265179906 0.00532400162348016 -0.0228118983956383
-0.0433892481606901 0.0476013811250807 -0.00348792724685729 -0.0175280236049837
-0.0696857119566099 0.0253078728997226 -0.00368187328142595 -0.0263902437663736
-0.0818558644414107 -0.035825285159984 0.00106386358667021 -0.0387791544693041
-0.0476969579967424 -0.0918621704482692 0.0204209469045584 -0.0331567625206686
0.0304063956295029 -0.0999629944860643 0.0303060562279858 -0.0374197496191385
0.0960773470404682 -0.0795747310453808 0.0211652515064704 -0.0408219076550088
0.111146529178002 -0.0591966077824924 -0.0174026734685442 0.0273377676145003
0.079304601853981 -0.0942035750355248 -0.0675105590858807 0.00906471491496016
0.00332923334773278 -0.127578628098116 -0.0723021403570752 0.0670776613507962
-0.0677367134076514 -0.0892546110948434 -0.0173380785756399 0.0926494669948488
-0.0951520210914247 -0.00890227750401002 0.0440309287650239 0.063442123925174
-0.0652937923123272 0.0377352636517742 0.0423992459686839 0.0164244647550601
-0.0435496225739375 0.0602255274576867 0.0238909844385934 -0.000153920385003865
-0.0290967344078539 0.0720309480329569 0.00715892915334671 -8.81073262196539E-05
-0.0297691044462632 0.0754282900017142 -0.00601969901321699 0.00210970567670414
-0.0453836078661505 0.0518673257451573 -0.0182616166613501 0.00243774346661801
-0.0718633943723835 0.0290496627461393 -0.0209272501863929 -0.0143552160428423
-0.0841447280127887 -0.0357734195373402 -0.0140063347011154 -0.0334998156641188
-0.0477757699145299 -0.0941084131835685 0.0103865906650371 -0.0302248841864473
0.03370808608136 -0.0991799138804109 0.0204830772301999 -0.0227657824575604
0.0990745841253248 -0.0732284481138901 -0.00911945865037786 -0.0191384825956894
0.101395289410108 -0.042818231225619 -0.0546974621240237 0.041591592274058
0.0842805586857423 -0.0764579584999959 -0.0863354362993133 0.0187236803207192
0.0203537720473471 -0.118453605380841 -0.0843944971698881 0.056006411876817
-0.0523944563231441 -0.0935417240887404 -0.0394920937886939 0.0810056517615431
-0.0892882240927777 -0.0186244300994434 0.014660219417603 0.0644165431354294
-0.0651024041802494 0.0309767912375115 0.0159344701492979 0.0312428013805332
-0.0440465671080614 0.0540224326169059 0.00603639171308122 0.0235483850049373
-0.0298974369406747 0.0662235726205824 -0.00327070945667669 0.0256745189560544
-0.0291465085524597 0.0695353216846387 -0.0166498055306435 0.0262491818400188
-0.042822157676619 0.0483849028555843 -0.0320419779675453 0.0202363871008592
-0.0658753821418983 0.0258982976302422 -0.0362769871047767 -0.00460567061061474
-0.0738387326039461 -0.0351602190997153 -0.0253993538175806 -0.0280727180147168
-0.0370557336815262 -0.086443598940787 0.00283106707070018 -0.0276819686275474
0.0378044950951766 -0.0845823624973704 0.0127931870592734 -0.00870089707284682
0.0915490916224838 -0.0544945558624774 -0.0363251519473576 0.000990639001745864
0.0719322841078156 -0.0200537574912827 -0.0838469099148722 0.0528885665378815
0.0693869821497302 -0.0465125046797462 -0.0953099396881121 0.0279962412686963
0.0283891186163993 -0.0857208670961045 -0.0838351629722025 0.0416484886886192
-0.030082819705063 -0.0759580669942375 -0.0518272111434894 0.0630242669997804
-0.0669765489434234 -0.0214073368021977 -0.0118547418070424 0.0579223611266829
-0.0522067977657343 0.0205870711771747 -0.00858759149654515 0.0404701392576343
-0.0363871852934263 0.0395048278552799 -0.0110440156437409 0.0433918697417186
-0.0260076785689823 0.050387916497548 -0.0125348089138826 0.0477355415278002
-0.0253122608865628 0.0541273219170065 -0.0265505550066732 0.0469715662027149
-0.0367642962453007 0.0375163567062283 -0.0440301860109567 0.034282351498594
-0.0537439559397184 0.0182943671946045 -0.050632907552745 0.00160587436523086
-0.0550992952847576 -0.0333306735397856 -0.034589628140639 -0.0262960361093182
-0.020378541913871 -0.0717999806659846 -0.00237037280356555 -0.027564860367468
0.0396591894581818 -0.060631595361668 0.00613273359791379 0.00197490626199878
0.0732412457472748 -0.02723245395338 -0.0599208865630454 0.0154479338617828
0.0295654277539987 0.00521385923413316 -0.0950350279584937 0.0597782691888065
0.0408350645738081 -0.0109869829406542 -0.0915502028579894 0.0371897419599994
0.0251328081137904 -0.0408175683929692 -0.0730330974697568 0.0307639214855813
-0.00747348719196477 -0.0442208492686199 -0.0538420826573982 0.0456049886176089
-0.034653534067039 -0.017369942225565 -0.0289683709556223 0.0488503392491404
-0.0306896880489725 0.00858359201853882 -0.0252434265143998 0.0461922172886339
-0.0226890464157394 0.0194997089139614 -0.0224561414718696 0.0556191808529519
-0.0171790521931982 0.0270948810469335 -0.0199305591132833 0.0616340078814991
-0.0179589820137983 0.0314265489559049 -0.035254338887462 0.0607435038495893
-0.026952401425728 0.0224207455515172 -0.0551620093461964 0.0420192735142153
-0.0368923620691197 0.00858214711167932 -0.062812541917759 0.0023957460432771
-0.0329141417981294 -0.0276169051628656 -0.0407841026919541 -0.0283680587989677
-0.00338243531908018 -0.0496520378629235 -0.00578278752792258 -0.0306852486383502
0.0371368050512507 -0.0308730811130376 0.000457174680953449 0.00670494663118711
0.0459494817818286 0.00265515269109769 -0.0783228300490128 0.0217040278794802
-0.00648199805677878 -0.023045567476608 0.0862020238503233 -0.03144304549982
-0.0214597823100127 0.000795089349249573 0.00824400052723577 -0.0185236158766685
-0.0133362574331314 0.0170744895467458 0.00231233968238754 0.0390545790927836
0.00674988274305191 0.0143252358263272 0.0451251095955065 0.0418478526983164
0.0123790266996658 0.00164765611590354 0.0766635608882107 0.00526697497389501
0.00588915697755773 -0.00173980957389304 0.0734033753109184 -0.0404176929969171
0.00747241435184751 0.000831304897929433 0.0453976764419101 -0.0691533179575549
0.00904970829220212 0.00169932682819903 0.0216324217818806 -0.0728391964039393
0.00724105868705423 0.00414072538020635 0.021463285690981 -0.0635024025662466
0.00296768977167674 0.00667632225417503 0.0285541180251674 -0.0544980637797437
-0.00384055960408271 0.0115850405670715 0.034585850484609 -0.0479029041114518
-0.0168787037990481 0.0106480421830629 0.0441868994491184 -0.0404173761679114
-0.0272191562573954 -0.00712463286482275 0.0568185181752572 -0.0292299341804536
-0.0138603384730206 -0.0283295054965664 0.0680495838590814 -0.0479652647564865
0.00782579366113253 -0.037060022639485 0.0874345241552539 -0.0744324130049617
0.0315628546464252 -0.0493668867868302 0.0763339366152735 -0.0215875450103222
-0.00219292746501504 -0.0378367558079767 -0.00240792950468295 -0.013937713665033
-0.0235880084001752 -0.024323272803103 -0.00867632884553951 0.0530740523124791
-0.0231648807990653 -0.00657484229282678 0.0430609128549761 0.0593895059001529
-0.0187002633869078 0.00904991233760145 0.0848187981154696 0.0166617424079776
-0.0117614173853464 0.016682351999534 0.0785204120387951 -0.0352888947981151
-0.00533114485271351 0.025533448952145 0.0488516599397218 -0.0635981636206271
-0.00106440102981939 0.029752397328518 0.0227091503477172 -0.0675970791568002
-0.00654247489882536 0.0317303362144245 0.019558911803988 -0.0590977383147145
-0.0186723550666375 0.0224437730739881 0.022167253511898 -0.0488877874121859
-0.0337067110646856 0.0131904149275034 0.0268924628564852 -0.0441792216490488
-0.0430110264392001 -0.0147998828066631 0.032404245463257 -0.0415503845868319
-0.0322871079078813 -0.0477034000926789 0.0455560454554987 -0.0321679892194332
0.00961673668355019 -0.0615943891538854 0.0555971137078115 -0.0522780588949989
0.0481769072594354 -0.0607507680781171 0.0734508536623828 -0.0722039112057109
0.0684343405161697 -0.0667615041843787 0.0555491841594223 -0.00708758781976009
0.0244877006790338 -0.0726318747909792 -0.0204215824922959 -0.00710752472447905
-0.0262536104889331 -0.0698293271548846 -0.0273814058484904 0.0658812801695745
-0.0515454952619126 -0.0344634133646907 0.0316639223778408 0.0782279043050079
-0.052261869955279 0.0110956097122604 0.0847704400161607 0.0326882689484265
-0.0328198516999854 0.0316563873024487 0.0768725576447482 -0.0223511644518171
-0.0194882257908375 0.0461987238886934 0.0470881732360411 -0.0490790186578683
-0.0118667967602929 0.0536301959628266 0.0205404558950211 -0.051558994767091
-0.0171378404478584 0.055617978928518 0.0129528038575844 -0.045003861567316
-0.033731619726516 0.0380073294006186 0.009788961697471 -0.0365309578065415
-0.0567403571046314 0.0202740698856942 0.0116151104950602 -0.037812624002717
-0.068510838291884 -0.0284791071994227 0.0162357332590719 -0.0422079079214162
-0.0436765250815617 -0.0759150665544465 0.0326768680524284 -0.0347958896511184
0.0219880031609912 -0.087939655801708 0.0414514451836858 -0.0495025269451312
0.0774791307679441 -0.0780711934145116 0.049117550106213 -0.0610669181200872
0.0969760943623103 -0.0733784540368371 0.0229578954595922 0.0105256821275403
0.0533969930857072 -0.0954783868689882 -0.0439414337494821 0.00218744562820545
-0.0196224950649115 -0.108726714913192 -0.0501708351050663 0.0729980647308017
-0.0712353604432717 -0.0645911635262549 0.0113161801488019 0.0924497047205182
-0.0817269007129023 0.00647577237935546 0.0719966193684248 0.0497639608323943
-0.0523571880280537 0.0407455245378077 0.0649169822455659 -0.00427550314670626
-0.0323542370741509 0.0596393341941627 0.0388932628418175 -0.0268666562400758
-0.0200001828792636 0.0697529650363921 0.0150349030092685 -0.0283084857251374
-0.0232879167357284 0.0720100250730749 0.00360951114410657 -0.0234764204743332
-0.0413976418485966 0.0497220329829236 -0.00476750081122068 -0.0184976847039221
-0.0689005711686085 0.0292470382255093 -0.00532394825692928 -0.0275195416530112
-0.084609579552737 -0.0318981921228099 -0.000750293999984389 -0.0394276980094338
-0.0535450637875704 -0.0904022047889697 0.0202662303252405 -0.0344943789110223
0.0261396483084966 -0.102590057983569 0.0288877807731263 -0.0393850615468447
0.0933971524533208 -0.085655578691781 0.0191819357934176 -0.0424900560797338
0.109040483576097 -0.0657059115135094 -0.0167264815042237 0.0288435931037627
0.0753734511899377 -0.0987836895817893 -0.068418113597122 0.0125478591352079
-0.00325663707760717 -0.128846201597418 -0.0711744093916288 0.0710967809616829
-0.0725538158738989 -0.0876219649956292 -0.0146224463348537 0.0943704527189481
-0.096543345679394 -0.00393985566205559 0.0477156014905689 0.0619831024980558
-0.064282626371911 0.0414542539647218 0.0438726195995934 0.0150982380704857
-0.0406156435036439 0.0635611736774973 0.0246570347086619 -0.00126222517803401
-0.024931628153571 0.0750193954211101 0.00762756410230984 -0.000886917703677343
-0.0255659952224877 0.0778273657579798 -0.00602451185273009 0.00204208805067358
-0.0435353108181012 0.0550264212779368 -0.0184360824558584 0.00276833698042903
-0.0709531359207679 0.033148635704217 -0.0220903225522638 -0.0145378521202213
-0.0876229820175871 -0.0320070160761797 -0.015546437326923 -0.033379918721175
-0.0539028085146724 -0.0921806971285142 0.00980533481078484 -0.0316212601073064
0.0291416988581064 -0.102013077627522 0.0197497920833564 -0.0243568280290174
0.0969690704364523 -0.0795498076294082 -0.0103531665616577 -0.0190151588101761
0.100180570641981 -0.0484516034096535 -0.0539455858741476 0.0444808420101414
0.0820532163738588 -0.0810493251629683 -0.0866780414547905 0.0222151301191588
0.0144986100607989 -0.12012077638722 -0.0838281701879167 0.059371349507084
-0.0572700028547361 -0.0922249394975435 -0.0378988945237882 0.0836391456822316
-0.0913222806344971 -0.0136240889274706 0.0176338791366422 0.0651457387558437
-0.0642924952850464 0.0349907880245994 0.0182331429969611 0.0315972873687391
-0.0419671133865149 0.0570252499841514 0.00781818301012241 0.0241408469960795
-0.0261470369689485 0.0689359649765715 -0.00160555452027252 0.0258485888789676
-0.0252037689619367 0.0721936063666726 -0.0151237210171076 0.0272768987755204
-0.0409276429088451 0.0511185221276575 -0.0308432483299376 0.0219268798148116
-0.0648266315049842 0.0295762846872303 -0.0371222230589965 -0.00370333012708405
-0.0766947538685953 -0.0320301964434362 -0.026958301691561 -0.0273696951474068
-0.0424048235740358 -0.0852573144555323 0.00251601086563943 -0.0280749397741041
0.0338392911271446 -0.0872544630412017 0.012487218989081 -0.00996600466704626
0.0896783608452136 -0.0600717505412376 -0.0372862531757067 0.00278230451866134
0.0713778291143628 -0.0242550583674951 -0.082340935044996 0.0566061365518713
0.0682727752745252 -0.0492686949199933 -0.0949320879032842 0.0316699183733446
0.0244246767574953 -0.0871297611137824 -0.0832236522520605 0.0450368647959323
-0.0339179998040947 -0.0759654798221277 -0.0512032426958442 0.0658821399681442
-0.0684926983515236 -0.0180073471809975 -0.00920107232966601 0.0591545023203173
-0.0517710727059609 0.0237695766757238 -0.00647236181844306 0.042678660459204
-0.0346669286512544 0.0419258633606622 -0.00785158061667636 0.0444932417302772
-0.0232245033679608 0.052379901445995 -0.00960827000824626 0.0485763354332996
-0.0223033613689024 0.0564831322677683 -0.0239378532990323 0.0485085433923673
-0.0357477785983139 0.0396100496396477 -0.0428409059566238 0.0370084477118066
-0.0534541893593797 0.0212260450760815 -0.0509277945403494 0.00436612101580282
-0.0574936890120019 -0.031413453024195 -0.0358091698121124 -0.0251541807467559
-0.0245038826374424 -0.0714688503902867 -0.00324354957363047 -0.0279910293854668
0.037244425142915 -0.0629656496449859 0.00648099745357933 0.000777238457980217
0.0726378049813692 -0.0315963534857044 -0.0602936247163634 0.0182486883446445
0.0296626747011167 0.00351544526156339 -0.0936998946106685 0.0647685827291111
0.0405443627154525 -0.0125661472783813 -0.0907598871559331 0.0408554824603161
0.0236558467083986 -0.0421151791360085 -0.072930733403867 0.033517936028647
-0.00927272355851476 -0.0445452734271739 -0.0532287964856656 0.0483215440228481
-0.0356414059622538 -0.0161102262743786 -0.0270922610880865 0.0514358565996451
-0.0307292164909141 0.0104518499811415 -0.0228268942401296 0.0488002880458301
-0.0218310923000787 0.0213869695239415 -0.0188878477165277 0.0577055998701859
-0.0161410154428014 0.0290149540813765 -0.0159355055866743 0.0631503845734036
-0.016391393230895 0.032671296468326 -0.0320184278067039 0.0629019050775349
-0.0259584648063711 0.0245142690676575 -0.0531554303421312 0.045229351966661
-0.0368807614171879 0.0102952304759187 -0.0637547114917092 0.00531008267802923
-0.0346344533394056 -0.0267960563558089 -0.042095535189234 -0.0269505939390036
-0.00581443001541561 -0.0499114137929226 -0.00670507681263195 -0.0313099729195133
0.0360503265030895 -0.0326492930907922 0.000776962119971354 0.00571939542524005
0.0463246658056611 0.000581478278524645 -0.0782807441232336 0.0256722895799555
-0.0144236902371977 -0.0212315466247566 0.0719634807013578 -0.0580699314123135
-0.0203516252036361 0.00761768688908478 0.00164397915542769 -0.0210398819023093
-0.00623529214314905 0.0210775557120297 0.0138734565910642 0.0356357034989938
0.0118362102012426 0.0110201590832842 0.0562563654587423 0.025320698313376
0.0128933367536247 -0.00305153733766017 0.074765872639201 -0.0203312972971956
0.00633044339590437 -0.00401448122890321 0.055300978285096 -0.0636626363576361
0.00798246684893294 -0.00275220276228395 0.0168948127002107 -0.0805438975515463
0.00920028499126445 -0.00203128868370142 -0.00635709112108543 -0.074741414284376
0.00836160200481786 0.00147828264010618 -0.00216099398806102 -0.0671141397261727
0.00487319159961792 0.00564854828029041 0.00836880823825741 -0.0616248619935972
0.000411943078273692 0.0129049807695011 0.0161710135057052 -0.0571834548293056
-0.0122178356991811 0.0156384681156597 0.0291679588448294 -0.0525401889722942
-0.0283579223534555 0.00225210670737614 0.0455808327832695 -0.0453895040965412
-0.0230805096953305 -0.0221435805767584 0.0490913396816564 -0.0658180478932992
-0.00441665461973775 -0.0376205441704379 0.0583898857405658 -0.0966747878309579
0.0133192689530797 -0.0604528424846045 0.0662225847150524 -0.0433992231697852
-0.0158599005161095 -0.0361001061719893 -0.00580274096797756 -0.0111506636650188
-0.0307349365400645 -0.0140649322265695 0.0108616416906454 0.0529716556495735
-0.0240998432609943 0.00279345609221001 0.0617231696814635 0.0417396325430093
-0.0132857124611052 0.014829955143134 0.0863061002149298 -0.013611340365321
-0.00455800892507687 0.0193640204302791 0.0620783112008626 -0.0607479433450744
0.00427676801403782 0.0254635929638763 0.0230026531671415 -0.0781156875763604
0.0091195867394341 0.0280278764676808 -0.00407896347421986 -0.0705787464446268
0.00498390628747759 0.031757960857077 -0.00248377848707568 -0.0626317146941626
-0.0102555634002032 0.0272667616459387 0.00423771212258626 -0.0546953391401886
-0.0268226970562213 0.0241561265062735 0.010563548473758 -0.0512646423206197
-0.045964105132354 0.000656576892185543 0.0183254215960148 -0.0495845318747248
-0.046398453899809 -0.0337453914627708 0.0335134117319298 -0.0438093259109937
-0.0119811595161829 -0.0613838075119009 0.0350203326725086 -0.0659290580597282
0.0263733726923247 -0.0733175860002973 0.0445096613493591 -0.0911833968697758
0.0426661402987858 -0.0899331501276989 0.0505150633927891 -0.0213719522499422
-0.00280780340863767 -0.078499430777594 -0.0198776515721846 0.00367940565927326
-0.049872957514888 -0.0558807061508452 -0.000146919527909278 0.0721049622956172
-0.0619432166441319 -0.0129488122789587 0.0594150541453347 0.0629710790048951
-0.0442772647061788 0.0289270132935617 0.0914474241703153 0.000190952495939411
-0.0194608037098082 0.0405758571934409 0.0643010811041992 -0.0491472911837622
-0.00224411987443064 0.0506631070277451 0.0267147386143252 -0.0644839727611868
0.00786865368084099 0.0536742706902147 -0.000578284567910626 -0.0559311433444842
0.00368606033134533 0.0580269474397558 -0.0044404061129762 -0.04750993623586
-0.019228760013796 0.0473075437096446 -0.00306757665901712 -0.0395358316386959
-0.0460574203118414 0.038590767475569 -0.0015208063066519 -0.0416938926511415
-0.0745820097603124 -0.0035815196273207 0.00352541495009514 -0.0446916630561767
-0.0668407195104121 -0.0572008341668278 0.0205225227757948 -0.0417836043645198
-0.00908190183819702 -0.0904630379959575 0.0219679579650225 -0.0589785139772957
0.0489228139713294 -0.0999198405001535 0.0233254405203918 -0.0733362909235167
0.0674249922262382 -0.105960347079455 0.0248757854726499 0.00768891349846645
0.0161693996640229 -0.110613406045487 -0.0391841055158191 0.0221872380350812
-0.0578082315976787 -0.0950715992306354 -0.0175697046634037 0.087814707601963
-0.0908920281288358 -0.034566571571871 0.0457943824590451 0.0827311278504531
-0.0735631584431925 0.034522334091732 0.0864915081258943 0.0200736889794634
-0.0346639065917006 0.0559503909446654 0.0593629487549695 -0.0286531331411221
-0.0102446551196879 0.0683231963736438 0.0274960049164201 -0.0412768194942707
0.00545331090582938 0.0712138704356885 0.00254382861609796 -0.0326592903905517
0.00367227020118277 0.0754134652282266 -0.00560927204358675 -0.0241327275309604
-0.0224515163416408 0.0612664647686363 -0.0105889160735058 -0.0179272165672126
-0.054653351096304 0.0508783876221075 -0.0136687519726714 -0.0266946917874289
-0.0914874940361571 -0.00122454457601836 -0.0110734092309738 -0.0363781234567417
-0.0808224536091709 -0.0669401455145586 0.00895059323931719 -0.0372239539991822
-0.0104271970672105 -0.105743681464794 0.0127328053299021 -0.0457726048693445
0.0619479830456961 -0.112575929424492 0.000842547812147571 -0.0462720761053399
0.0814261835066505 -0.103157697302073 -0.00745781935137244 0.0382426078863183
0.0361983382300831 -0.120777088312271 -0.0591827384207752 0.0410882244832633
-0.049600309712573 -0.119054855994315 -0.0374600472093132 0.0935542365567859
-0.101106508042157 -0.0546890906192193 0.023064336210614 0.09358723537352
-0.0908152899886321 0.0305796478177785 0.0678662351630081 0.0387198638106184
-0.0458724238372469 0.0606736894569396 0.0462233411714733 -0.0035352937623919
-0.0170219192101868 0.0746490420682797 0.0233545416325851 -0.0120824546766302
0.00263138600472385 0.0782384684413651 0.00486630033664486 -0.00468135243530431
0.00344879232000878 0.0815062688920826 -0.00540856043804764 0.00319834110630978
-0.022247832507185 0.0661101205794656 -0.0165209501740316 0.00681356326431518
-0.054983979883115 0.0551725984648027 -0.0257048903200028 -0.00878523037986766
-0.0935066710211605 -0.00052511408481412 -0.0231266384951418 -0.0260432703912485
-0.0812869345964678 -0.068560358113525 0.000131998413299647 -0.0315358448871721
-0.00719559289062956 -0.105986320557206 0.00836008332149423 -0.0289321832535951
0.0673140737610364 -0.108041915189883 -0.0196590214867325 -0.0154840972368631
0.0788955557437503 -0.0825541117347728 -0.0377706761512571 0.0648454144485288
0.0491132426034323 -0.105796476961414 -0.074567051373657 0.0554828722649037
-0.0293361947885229 -0.117476544422077 -0.0539719579969055 0.0872711310077545
-0.0881273937752309 -0.0652293370483376 -0.00316640018847823 0.091450176829844
-0.0902196626312245 0.0192818091239436 0.0405138560115713 0.0524773714121193
-0.048508302481721 0.0553159314893729 0.0280529074052837 0.021184561411621
-0.0203586395594791 0.0695498766741065 0.0174731647304608 0.0173665837838302
-0.000625250905188887 0.0728891028124113 0.00645760859174214 0.023102372871093
0.00162319095517875 0.0760784075028897 -0.00588410168197696 0.0297044242736688
-0.0214660775574773 0.0620501822632504 -0.0218084649356468 0.029319527264467
-0.0504423614367116 0.0496406214373728 -0.0358621406442248 0.00725476892318955
-0.0834076129225413 -0.00437118442936516 -0.0321682924760408 -0.0170395625839433
-0.0683070386677792 -0.0658856984655849 -0.00635605589227683 -0.0264606786944118
0.0025626122470404 -0.0938460666972334 0.00686118982230583 -0.0137506997656715
0.0665582967145711 -0.0871910052483413 -0.0373858225607189 0.0132427926331653
0.0600438752951828 -0.0485446319947479 -0.0608839018919704 0.0849825213869342
0.0479615088670434 -0.070592654568802 -0.0801414919942306 0.0654932549940579
-0.00831080570673941 -0.0907238662745321 -0.0608529252503163 0.0736513572771057
-0.059611640413261 -0.0586866842659151 -0.0230616529726501 0.0793408237938713
-0.0703605647294224 0.00747815474752454 0.0125027690164479 0.0571976293227492
-0.0404925176842291 0.0407800374278484 0.00898856154166718 0.0406573054453615
-0.0187910224718556 0.0531851948183733 0.0096772890348858 0.0429566854930718
-0.00368746950724476 0.057016224520167 0.00755279501136559 0.0469947295373352
-0.0014341376323729 0.0601850747435749 -0.00623134289443156 0.0527155130944117
-0.0196946146405784 0.0499162731498414 -0.0276527322722686 0.048039776972057
-0.0428239687569311 0.0379208277646808 -0.0461696767828821 0.0196636816132777
-0.0653302021688669 -0.00999614595544028 -0.0404498261083349 -0.0120075726048497
-0.0468394677390704 -0.0586909515045444 -0.0116778735599919 -0.0245360642041849
0.0138780182591396 -0.0716406774835067 0.00481268222733566 -0.00170090275458531
0.0596718818087947 -0.0542326898174224 -0.0533552793918493 0.0349961861487666
0.029435042846222 -0.0059769257297719 -0.0692183264838049 0.0936194506269868
0.0346793303548254 -0.0255155627799311 -0.0741122546836934 0.0702804625054976
0.00714042495154139 -0.0475989448292841 -0.0573509997439099 0.057996513983675
-0.0252735877559965 -0.0379547721101066 -0.0327714923252056 0.0646731106713316
-0.0393289048738768 -0.00201790101078128 -0.00759507678774571 0.0573132648013427
-0.0252750250392829 0.0208484824656515 -0.00414817413127948 0.0533959005556951
-0.0133406416755451 0.0286664987071302 0.00395452519888623 0.0602151689065675
-0.00527581358289922 0.0327829464236582 0.00760681867280404 0.0636162831403718
-0.00422257521044504 0.0363383839202831 -0.00831883015887993 0.0692021505889261
-0.0158701227602987 0.0321114241986894 -0.0347102419085304 0.0587913787769825
-0.0311166694662326 0.0221845826778078 -0.0570800022794469 0.0250877956568474
-0.0419320709323176 -0.0141057515701522 -0.0473723673508905 -0.0120814731489897
-0.0220519516631658 -0.0443869448382167 -0.0164136734251782 -0.027000024882168
0.0226679441631078 -0.0426108950596828 0.00190937945541823 0.0045619030974386
0.044717847134509 -0.0145330081257019 -0.0668037270560848 0.0471888442267411
-0.0148279481348081 -0.0216123692004301 0.0712219028027037 -0.0595372147021026
-0.0205441223210335 0.00802007831370058 0.000372280664419627 -0.020824956531
-0.00567063353572534 0.0215153682971217 0.0142042295298855 0.0365812285440302
0.0122275888870245 0.0108142148777329 0.0574820287156722 0.0253352312888494
0.0125663022897582 -0.00382451606890229 0.0750940967556335 -0.0220234572266701
0.0061446010438792 -0.00429701814507703 0.0542449228226715 -0.0658463849448405
0.00833684115452433 -0.00279522374098027 0.0147246163372499 -0.0814595776827383
0.0094045273938566 -0.00256986547961012 -0.00915765476376603 -0.0745817850533788
0.00876318024715929 0.00150711490611055 -0.00439816416495232 -0.0681132946357559
0.00534631364680203 0.00581410949885153 0.00598990256881591 -0.0633080173299058
0.00108781704989732 0.0130693063233864 0.0151932153319742 -0.0587663483122612
-0.0121046738457672 0.0163162590403835 0.0290306060239492 -0.0535268132032017
-0.0285605518359421 0.00334453120253667 0.0461256754090558 -0.0464262911873951
-0.0235797083675256 -0.0224808291038904 0.0485617154868281 -0.0660768813531794
-0.00551475232844523 -0.0379163182882967 0.0578236983044056 -0.0990502395528347
0.0122501263095521 -0.0618863649503002 0.0655204984341428 -0.0445712192902751
-0.0170476951796371 -0.0366616965647483 -0.00690347084623665 -0.0104728094159871
-0.0317962206356586 -0.0132113588672163 0.0108647443737328 0.0540951386440201
-0.0245800472756795 0.00333731641793484 0.0627113302795804 0.0415892086492641
-0.01301301507466 0.0156135466429541 0.087241950794845 -0.0157338202110762
-0.00392039186692971 0.0197288624415931 0.0608772877338255 -0.0631502527338875
0.00524797738767063 0.0255891300879948 0.0209430382808031 -0.0789734354956456
0.0106604096975052 0.0275340006475874 -0.00647614054297259 -0.070673562072811
0.00648836580760437 0.032127080600853 -0.00532270827458781 -0.0633883342973575
-0.00979877956529994 0.0280426111254155 0.0024121928983993 -0.0560200020497412
-0.0265413201868238 0.0256402417119225 0.00926933078232185 -0.0529851017844121
-0.046768183513161 0.00190482172999699 0.0176981885994209 -0.050094283854756
-0.0480718771759174 -0.0329831599900581 0.0339369306344875 -0.0448239327574385
-0.0132075662244115 -0.0620167115210511 0.0345636164937868 -0.0666578611718577
0.0255075840990258 -0.0753382141526022 0.0436228347738702 -0.0933030588839567
0.0407202333004091 -0.0927509752735688 0.049827376386841 -0.0215051640062628
-0.0048867656548353 -0.0794902749869079 -0.0209113225319415 0.00450909240309058
-0.0517713728960814 -0.0546593778281432 0.00036014182296358 0.0737921803146722
-0.0626604915564723 -0.0115579131086006 0.060450096789848 0.063198610723584
-0.0440625959009589 0.0304402170668781 0.092824451558567 -0.00178968028955785
-0.0183814690483606 0.0418878921731931 0.0639883282828659 -0.0517473419530564
-0.00120926644795838 0.0511358035580836 0.0251478921745567 -0.0654678925866161
0.0100514326011404 0.0539459544021882 -0.00309946597919014 -0.0560010495511125
0.00576284920824821 0.0579276770425969 -0.00643966694484453 -0.0478850668933817
-0.0185382667083331 0.0480228349693588 -0.00469452477595431 -0.0401722161358526
-0.0449191336414108 0.0404710626993377 -0.00233936619159643 -0.0428623860081188
-0.0758651703177343 -0.00162296548533117 0.00293808597044688 -0.0455496808792441
-0.0695212654172469 -0.0555652320104007 0.0207012357200928 -0.0430893702768461
-0.0113862605037487 -0.0918257481183789 0.0205210560967819 -0.0593237001366976
0.0472145326440981 -0.102736825892094 0.0221238424018097 -0.0744918370564335
0.0657932531831339 -0.109481695928191 0.0243752182864104 0.00770877463841781
0.014298933562625 -0.112435955218753 -0.0396003545004125 0.0233444520490206
-0.0606936894806593 -0.0942385585758309 -0.0169300901689277 0.089153021651442
-0.0929163836875314 -0.0322886067229644 0.0474426454388335 0.0835970748840356
-0.0730156878733608 0.0373768853827416 0.0880486954641839 0.0179233195771612
-0.033430101956243 0.0574758203300886 0.0595354553085067 -0.0301692415789989
-0.00856089743506099 0.0695340995727783 0.0263082871551105 -0.0425525092937305
0.00857226540135126 0.0721318065647138 0.000998801973539345 -0.0327383591613121
0.00698690025031548 0.0758535057541394 -0.00701832849481444 -0.0246406419506265
-0.0212111862729341 0.0624937862796223 -0.0112387860610174 -0.0184165991628298
-0.0533843844487579 0.0527632110897162 -0.0152482321502724 -0.027168809139929
-0.0923999125294714 0.00151204372086516 -0.0114922727442457 -0.0367334960528235
-0.0838750563912867 -0.064969596218119 0.00901123533317888 -0.0383442386897195
-0.0126078294373959 -0.107094380939079 0.0115881728815316 -0.0460199603849545
0.0600364528442308 -0.116226529312241 -0.000334076537313803 -0.0467304199512833
0.0795446206208719 -0.106321021574146 -0.00752324524693214 0.0389938567397547
0.0340716689968606 -0.123030606981738 -0.0595448705804246 0.0421255931660302
-0.0530514779284346 -0.118555647824632 -0.0372507793827968 0.0954956234535013
-0.103671431391515 -0.053365058714878 0.0238623154860584 0.0949329351961635
-0.0913427287592687 0.0337123196065176 0.0696141749226084 0.0378260336553453
-0.0450083546130054 0.0632159232351587 0.047002139140491 -0.00425710779497649
-0.0152703480135269 0.076414913086268 0.0235816123131939 -0.0128707588253618
0.00555094136793826 0.0789409746081753 0.00460526458407578 -0.00507484112478411
0.00659040587468506 0.0821747036173439 -0.0059463813775237 0.00301796443901508
-0.021203398807077 0.0676496465327962 -0.0164954914371093 0.00671852301864005
-0.0536262036361505 0.0567868013283125 -0.026381005567575 -0.00916604869340357
-0.0948072348926631 0.00199334937733706 -0.0236821223865112 -0.0261597842877282
-0.0845805783158251 -0.0669108248990398 3.50421083865141E-05 -0.0325177286101968
-0.00961111538276572 -0.107118069994553 0.00820029116358427 -0.0295913433358453
0.065161867936211 -0.111414674820573 -0.0201645580329043 -0.0151462083052286
0.0776558760841552 -0.0855077215497481 -0.037875724943616 0.0666825363387508
0.0472619687104969 -0.107840249043457 -0.0742395445911481 0.0568538070174606
-0.0323430438671667 -0.117740122008967 -0.0539932382532159 0.0892041642461587
-0.0910656464622037 -0.0645532444751908 -0.00201456311871873 0.0934465490371411
-0.0906319124484571 0.0221258597687075 0.0420811531899428 0.0524450463335965
-0.0471176812221113 0.0573999104257855 0.0291733093892529 0.0212989434192206
-0.0187053496736796 0.0712969291825935 0.018156818433405 0.0169492073241008
0.00206582524811149 0.0740938974967014 0.00737383652025856 0.0228155968194067
0.00447263659168523 0.0764425233862698 -0.00493441473195655 0.0297447238737472
-0.0198549777325839 0.0630650054781144 -0.0214511607464171 0.0297047394798789
-0.049420604325851 0.0517235164525955 -0.0363222600816128 0.00753475735408276
-0.0849128715961318 -0.00194632568031291 -0.0328406438943549 -0.0167844641762258
-0.0712106708706484 -0.0647427768755886 -0.00640939571679064 -0.0275220553514263
6.47234504420056E-06 -0.0948045012381965 0.00631234077699469 -0.0145280262748949
0.0649177215901327 -0.0900686892771351 -0.0380743779762653 0.0144323351167281
0.0591640911957506 -0.0502976212343342 -0.0609576399462824 0.0869610756620576
0.0467698301834993 -0.0722277197767579 -0.0801760285395312 0.0669807359469282
-0.0103192153832478 -0.090635129311581 -0.0608990770981129 0.0750152210813773
-0.062074675867089 -0.0588600927528555 -0.0228668551783042 0.0817668949373124
-0.0710900804852233 0.00967067968625964 0.0141235396196145 0.0582847206382153
-0.0399506244233386 0.0423054494373756 0.0103603200386841 0.0419088047190924
-0.0178847889450849 0.0544192796644561 0.0116347203336822 0.0433568477354893
-0.00169757739558414 0.0579807803475436 0.0095861214814092 0.0465383313219924
0.000686468057328135 0.0608296868502337 -0.00407940871231669 0.0530287521859773
-0.0185812469670411 0.0510452325030233 -0.0263677095557762 0.0485210470453836
-0.0423122223402386 0.0392250388799581 -0.0465423522127845 0.0201800854087061
-0.0668169459194938 -0.00881119966502809 -0.0409481946194405 -0.0118384473714144
-0.0488630337030576 -0.0580230006444255 -0.0122914132336914 -0.025728010638126
0.0125416110209549 -0.0726573599321064 0.004497071998839 -0.00240606681215655
0.0588730053567531 -0.0562804979156509 -0.0533790565779539 0.0367830305731079
0.0292804532206822 -0.0063524737378003 -0.0682907550024294 0.0955882128113874
0.035116359610148 -0.0257077653546218 -0.0735875021354721 0.0709595772521568
0.00649749207164835 -0.0476086504969802 -0.057291334801034 0.059189871635907
-0.026400636885545 -0.0380167958561188 -0.032810376882697 0.0666752859471251
-0.0397774865477212 -0.000849416724636813 -0.00639479417057667 0.0586017435356942
-0.0246871832832846 0.0215865676985555 -0.00278518415164621 0.0548645715347459
-0.0129482612386138 0.0290192384733121 0.00625313603222955 0.0605497511392254
-0.00422272217568458 0.0332154947067055 0.0103082796014986 0.0630218353154871
-0.00287608936511961 0.0371557603320627 -0.0061182840192745 0.0693662385215739
-0.0154503909326507 0.033027111869118 -0.0331497491652158 0.0605072544282421
-0.0309294257392556 0.0232527704694478 -0.0574033819523287 0.0268585471513589
-0.0429939443138588 -0.0135139566152288 -0.0484462052374516 -0.011904933868327
-0.0233122744500068 -0.0443608601971215 -0.016852337896773 -0.0280895009422476
0.0223699622003244 -0.0435744701712846 0.00194989824240381 0.0039684639167105
0.0451413771464137 -0.0158499735324789 -0.066306177199187 0.0497573975018342
-0.0155439718203139 -0.0221634122146028 0.0715557151413677 -0.0624491110218816
-0.0207430146889907 0.00826545127124832 -0.000658162120947119 -0.021013253119075
-0.00534549745320097 0.0221451255555455 0.0146395385576481 0.0381958122406409
0.0127731008174606 0.0115630736856495 0.0594071525026126 0.0248710202879764
0.012666837609337 -0.00400485017288993 0.0767097873055282 -0.0243191956431175
0.00684617023474358 -0.00468945912395882 0.0540586637234321 -0.0693657774015069
0.00832319864384628 -0.00338903739411197 0.0129684276223474 -0.0833740727650146
0.00972458519083304 -0.00338975872272576 -0.0115987693027102 -0.075223568443604
0.00955447072675302 0.00106271362148997 -0.00739489234293291 -0.0701977334487352
0.00581135258274182 0.00591653123169157 0.00400278176431702 -0.0656724823368779
0.00154828871543373 0.0135066055472605 0.0140630748032479 -0.0613211031826169
-0.0122442218447335 0.016920596157688 0.0289886909628527 -0.0557922759998459
-0.0300476717399679 0.00381067890174167 0.0475891620238664 -0.0481426631431232
-0.0246762949928908 -0.0227252301802908 0.048836110681723 -0.0681751922132656
-0.00650810673802344 -0.0390095968461203 0.0574950247216956 -0.102787415913178
0.0111280707917931 -0.0645087525547319 0.0656255409393106 -0.0465413248924144
-0.018574131560108 -0.0373430437868002 -0.00806809339177063 -0.0101619260369643
-0.0328875187813015 -0.0128028426625086 0.0119903502850051 0.0558091095873589
-0.0255770235635976 0.00425269057814165 0.0652251335776613 0.0425672693777056
-0.0132189596873888 0.0164875329624988 0.0891658721735904 -0.0182834043077796
-0.00320539667117524 0.0200306166903205 0.0613225645726409 -0.0667808557969725
0.00603434248209543 0.0262745457959277 0.0192582292616955 -0.0813990214491207
0.0120399485402377 0.0275836185271456 -0.00941404301065528 -0.0710344499972109
0.00779844808343197 0.0326481074507897 -0.00818015617569164 -0.0650677549556406
-0.00914703030388919 0.0290917668372904 0.000522657913430455 -0.058503944874389
-0.026679250216326 0.026910850107691 0.00772627917387927 -0.0554744027898632
-0.0483052092410098 0.00327153295459358 0.0182948947418885 -0.0519091571739357
-0.0507620966412574 -0.032160819116296 0.0352090578755065 -0.0465373949168682
-0.0149754091216733 -0.0639386405616706 0.0344494245207252 -0.0682554428417438
0.0245663433196781 -0.0784240651082847 0.0431282250919885 -0.0964448033762402
0.0393669423832902 -0.0969769305991681 0.0500606060521611 -0.0227078164463248
-0.00675302732260259 -0.0819714781824918 -0.0218934220548399 0.00539016092633995
-0.0548998916191428 -0.0545395926394321 0.000991420143650043 0.076164492118932
-0.0650619362769129 -0.0105542062738929 0.0631194077218179 0.0644777836310438
-0.044515775335382 0.0322732226972277 0.0957976375583345 -0.00386435408260038
-0.0178661866490297 0.0433761765336686 0.0647381535971121 -0.0541667684968196
0.000671952945567445 0.0527872690225108 0.0236791569098502 -0.0675130895350976
0.0126582133013759 0.0549049572060474 -0.00531647385854691 -0.0566293424328545
0.00851432680750827 0.0591308302838048 -0.00884986660542906 -0.0491393488012925
-0.0180501053616865 0.0500558289575988 -0.0061866029126861 -0.0418718487585872
-0.0452465497752283 0.0427341923816504 -0.00403459798632184 -0.0443820118956763
-0.0782810074013683 0.000552700407617357 0.0024900329231681 -0.0468880049552154
-0.0728887709776437 -0.0548982940935922 0.0216016586033096 -0.0449533606815899
-0.0137608658010317 -0.094331962975087 0.0201612477955431 -0.0607776829828437
0.0457355175076656 -0.107422242568942 0.0208885907956347 -0.0768274834843863
0.063926701617357 -0.11409540575598 0.0245827496260225 0.00823741762849183
0.0117829706495605 -0.11584135264438 -0.0408705407234308 0.0248790393850457
-0.0647247136517327 -0.09433137423282 -0.0162793278225045 0.0921728365524593
-0.0970723405086213 -0.0310726498148692 0.049943908086439 0.085640895525458
-0.0741456230486987 0.0403813483961438 0.0907546514883776 0.016487656345367
-0.0330632619642786 0.0601051872516289 0.0611278554448644 -0.0324440077933859
-0.00681638571496539 0.0715694255179197 0.0259194582599653 -0.0438587837497346
0.0114939419178802 0.0732862859569059 -0.00038450690130898 -0.0335253778638813
0.0098763704217697 0.077141438158356 -0.00813873072316949 -0.0251278084349191
-0.0200979990893348 0.0640813656137816 -0.0129440331453258 -0.0188844939881183
-0.0531399708104429 0.0559822743983017 -0.0163223877108942 -0.0282759176778784
-0.0949452538628094 0.00370011665984557 -0.0125166425475614 -0.0373858219580655
-0.0883143699083041 -0.0643082943577624 0.00926606604138653 -0.0398289133174259
-0.0156320237289676 -0.109872765960677 0.0108779298484938 -0.0474686192374324
0.0582853777158348 -0.121441708382058 -0.00157545601973779 -0.0480497538882185
0.0791447347457066 -0.111302112347075 -0.00774574199074124 0.0406335059544461
0.0326023217585967 -0.127451332177067 -0.060944874121058 0.0444651863740794
-0.0571026823144367 -0.119969447473606 -0.0376893721037473 0.0985432925358906
-0.108364475654289 -0.0528652864689564 0.0254888091517737 0.0983920631547485
-0.0925016508463367 0.0374022551462076 0.0726674993587384 0.0370033629496067
-0.0442773656085373 0.0662998310661652 0.0484649628057073 -0.00486313073837175
-0.0136814957956464 0.0790482685425059 0.0240359047480767 -0.0139705450164259
0.0088363470320634 0.0812428851194187 0.0044815893178167 -0.00503866408597554
0.0102485949452317 0.0833891614035855 -0.0063709353617776 0.00267055134246538
-0.0200519337672368 0.0699260665153669 -0.0170660408253721 0.00695818367088364
-0.0532487073356283 0.0598072588844359 -0.0280060072551588 -0.00889347000161276
-0.0975981424290067 0.00448766294216603 -0.0247070868923887 -0.0269553837384777
-0.0887301809162976 -0.0659378640851001 -4.3598773818341E-05 -0.0344289928806337
-0.0126925176413378 -0.110225010314546 0.0071201275111905 -0.0303089850276912
0.0638308560519092 -0.116665656865347 -0.021157120990968 -0.0148018648554563
0.0765536958148054 -0.089480838950748 -0.0379162307656542 0.0699143885633436
0.046704808370939 -0.111880974754138 -0.0758034089689219 0.0593875946820135
-0.0358571677293727 -0.119129909444961 -0.0541736799671477 0.0924325549607826
-0.0954484730438018 -0.0646210097032112 -0.00140219958519965 0.0970345376298329
-0.0924886963599198 0.0252978794399068 0.044811252271378 0.0528405492943433
-0.0468379786354907 0.0606137948895855 0.0311664971043143 0.0218383415524102
-0.0171181346945134 0.0739096094251449 0.0193137865383817 0.0169295052818328
0.00498650439045462 0.0759056920397145 0.00811336420113338 0.0227843765346005
0.00753977614752896 0.0784415587338719 -0.00407403557875745 0.0303546819254103
-0.0188299241313089 0.0655810690954849 -0.0207732686925737 0.0304786473380406
-0.0493608503344833 0.0544394446550502 -0.0372046475981394 0.00849533895057113
-0.0875194482591161 -1.93088315218076E-05 -0.0341400903589761 -0.0169294875675732
-0.0748860630892268 -0.0640964779801828 -0.00678664809837096 -0.0288639882728972
-0.00218065159921071 -0.0973228297752821 0.00600611333894817 -0.014721769476858
0.0646851257729165 -0.0948187799401762 -0.0387397668146898 0.0156906265260708
0.0586429707015361 -0.052563008545699 -0.0611839076282558 0.0906973188326168
0.0471748135925333 -0.0751799102525481 -0.0818204110685646 0.0694017307119797
-0.012406542015188 -0.0924110359518301 -0.0620027476887879 0.0774969004179338
-0.0655064652706723 -0.0587158581381167 -0.0223352363718369 0.0849784349519417
-0.0726766157355903 0.0118437382360693 0.0159503922202947 0.0594288724194952
-0.0394299063561602 0.0446310757673591 0.0121696813538721 0.0433624911805126
-0.0163618070420394 0.0566206721403821 0.0137519554162176 0.0438360685744028
0.000926157954029234 0.0599213055774728 0.0113698305049511 0.0466897364979271
0.00297701492082936 0.0620651221981845 -0.00288914438824086 0.0539176664708973
-0.0177922606684688 0.0531989331115204 -0.0252940492268403 0.0500357588059137
-0.0421473218953943 0.0415915808179469 -0.0474502153104556 0.021540704454104
-0.0691076727472986 -0.00771379925635055 -0.0424683492957169 -0.0111391742733503
-0.0518508608851145 -0.0579506675791514 -0.0127202876047546 -0.0271080470311384
0.011022651896579 -0.0748619065953474 0.00437237808635475 -0.00316896646520605
0.0589804940923491 -0.0598141537737898 -0.0539354725444787 0.0392635027826426
0.0294648844794097 -0.00711618731481562 -0.0692588133038483 0.0999152184975958
0.0358173736903244 -0.0269369121677537 -0.0746028482480969 0.0741059226120565
0.00581284310744355 -0.0488584532706594 -0.0585223527589645 0.0614710368844114
-0.0281864849019725 -0.0394118280563885 -0.0331845952349221 0.0696273462997175
-0.0409451227625911 0.000190894835803783 -0.00540627885671977 0.0608749602222037
-0.0243494806167203 0.0232340214464546 -0.000879145764787147 0.0568961720696173
-0.0123172145211011 0.0306463012549228 0.00907382990980575 0.0614835630209082
-0.00338509491299931 0.0345691350022385 0.0125154082892507 0.0633967801071766
-0.00169990231227812 0.0380308493082042 -0.003712140110462 0.0707266061111775
-0.0149104825569497 0.0343825084489273 -0.0321388209048473 0.0633175002810955
-0.0312134757634537 0.0247683557849382 -0.0584369550898757 0.0289457907442503
-0.0449299787049892 -0.0128461683362669 -0.0497524295173379 -0.0115324135008341
-0.0247625445226289 -0.0448333932031607 -0.0177957539984076 -0.0289516278060363
0.0219273512566103 -0.044698415097715 0.00202678915772217 0.0034962350414595
0.0455894138586459 -0.017473522246842 -0.067173246428183 0.0528093238212978
-0.0168802064182613 -0.0226828759336316 0.0711794746360334 -0.0671064965034191
-0.0216605115077573 0.00914389214412139 -0.00187944954914707 -0.0207179333431792
-0.00506248739165555 0.0227285681814277 0.0164018208967285 0.0399950711077741
0.0134232467422987 0.0116961662939077 0.0626172515798563 0.0239241095083679
0.0121378764466267 -0.00459384975826825 0.0784576642995029 -0.0286435325188946
0.00634295592615539 -0.00525560830432532 0.0526934169011714 -0.0744802657084756
0.00880161770784418 -0.00380256692744321 0.00924638448128189 -0.0860764466621347
0.00986396370109172 -0.00367955259792091 -0.015770087804622 -0.0755406825789443
0.0100212062652803 0.000200530871771568 -0.0123204538297309 -0.0719331953581873
0.00650454094474333 0.00606146516823298 0.000255006563230157 -0.0685702619810616
0.00195726101033265 0.014339173172449 0.0122313740169174 -0.0641006809724922
-0.0119921794501164 0.0184916955009031 0.028027615126501 -0.0584421533272111
-0.0306980493916721 0.00579112745703199 0.0483288941947555 -0.0515283091913556
-0.0265860279823652 -0.0226491084726365 0.0484504527986444 -0.0711949749590998
-0.00832675026388836 -0.0400970426628712 0.0561453050900865 -0.108928823055373
0.00862322808307685 -0.0674795483866137 0.0657299494296429 -0.0498703362233715
-0.0208850495634583 -0.0378692924490399 -0.00903123719258981 -0.00935287746392721
-0.034978803231515 -0.0115730044436224 0.0142746168727337 0.0578555242572139
-0.0263997584146062 0.00576050299219386 0.069240564418921 0.0413062691288217
-0.0131165754629686 0.017837221910966 0.0915319894595362 -0.0229032647783384
-0.00310459452033967 0.0209421843000296 0.0606342282673154 -0.0717470253521582
0.0076774323336628 0.0269549940282626 0.0156861832589719 -0.0840457119435081
0.0138417528221904 0.0277803658897076 -0.0133212117386946 -0.0720760849581028
0.0103621543130756 0.0326387925848539 -0.0123045308899883 -0.0667148281986261
-0.00822000422603044 0.0309443547092301 -0.003054022044594 -0.0607427005693032
-0.0261429408569422 0.0294598181477522 0.00593446370767104 -0.0583356375102754
-0.0497908137658458 0.00558478203761463 0.0167304446017431 -0.0543224870313151
-0.0540508682833063 -0.0310066518962574 0.035503771639327 -0.0493865707993872
-0.0181730279096466 -0.0658735648486167 0.0328365939369259 -0.0703532207917331
0.021459066415015 -0.0823641322548277 0.0406337138378443 -0.101210525716861
0.0367066641553358 -0.102011761174375 0.0506567334846494 -0.0245787606377742
-0.0103640654528798 -0.0848458023020708 -0.023069672279158 0.00678255612164154
-0.0589000651400553 -0.0538255664427081 0.00369471080675816 0.0790942358691012
-0.0682116452645788 -0.00780458101946326 0.0679676355020444 0.0651439078100497
-0.044530590075374 0.0357760895452794 0.0988872652692691 -0.00848562397659555
-0.0165074195628374 0.0457184248594893 0.0646213927369263 -0.0589185210037901
0.00326458709752255 0.0546604931374493 0.0216976587583789 -0.0701750964238225
0.0158576815341333 0.0554546839384139 -0.00849856507969351 -0.0572146756332342
0.0122794615395885 0.0602466661852923 -0.0123317089154386 -0.0499680065960606
-0.016259345570193 0.0528872921690726 -0.00919625626098698 -0.0429688964896574
-0.0445172135552987 0.0463464384037009 -0.00663935056636604 -0.0461104141071595
-0.081014538735551 0.00411259776496031 0.00103088112724766 -0.0487141679652971
-0.0779378376893163 -0.0530224058267999 0.0211774825377141 -0.0473398033377254
-0.0182531582528754 -0.0972584943877876 0.0183850078100649 -0.0627264648057296
0.0426058766415817 -0.113335122548098 0.0181819028757973 -0.080366004294363
0.0609444305758659 -0.12065884515054 0.025394156061311 0.00846695692013087
0.00784007059988048 -0.120163730349627 -0.0416849531614262 0.0270058892187463
-0.0709777182890498 -0.0942965004487376 -0.0145010270547144 0.0967297204712027
-0.101924543815447 -0.0281435977898224 0.0539982979357756 0.0877054422256863
-0.0744432165398458 0.0453742842351871 0.094241619950491 0.0128370654133887
-0.0314913849037926 0.0635570754318535 0.0617232962333004 -0.0356794326990953
-0.00364362624109617 0.0743523176832056 0.0247411580407327 -0.046003730475477
0.0160776794132733 0.0745933369019058 -0.00259896560843846 -0.0341879833129893
0.014752660050747 0.0783206326697275 -0.0103853705094986 -0.0256852154345945
-0.0177239582259166 0.0677812831550976 -0.0142153284883101 -0.0197262499161002
-0.0517042281387452 0.0599921839111272 -0.0189993946872926 -0.028949911987987
-0.0983688071297979 0.00874733230354031 -0.0139690266363691 -0.0389797371894046
-0.0943852419333431 -0.0618564615892238 0.0085766243910722 -0.0422041745368823
-0.0212343947515436 -0.113249040737713 0.00907298821576407 -0.0483336711710326
0.0545142236646892 -0.128312399126645 -0.00350484377743668 -0.0493799801380301
0.0760576288666396 -0.118235908247327 -0.00729500184504279 0.0432324379824816
0.0289075804184138 -0.132674421470153 -0.0619378717554747 0.0476603865815364
-0.0641923755372786 -0.120407687578835 -0.0361267835382181 0.102983512057963
-0.114534374848515 -0.0497387111782776 0.0296040756997585 0.101765674921887
-0.0933915981903909 0.0427085781419342 0.0764893237687396 0.0358660890737285
-0.0427823973472555 0.0703987469374859 0.0502975275882247 -0.00651630129188425
-0.009981769433735 0.0824359245095419 0.0246193757632167 -0.015008644484624
0.0136487381378234 0.0824330549272008 0.00363385390132072 -0.00595571518505562
0.0150400767690251 0.0854539318142676 -0.00665807019234611 0.00323957602287543
-0.0174108985876061 0.0732615137721286 -0.0175731927966635 0.00780512024905553
-0.0519589198010455 0.0640533910169085 -0.0295227958008177 -0.00869999427277281
-0.100952920382167 0.00963641073126361 -0.0265806710594706 -0.0267449904919946
-0.0948011336057643 -0.0635237272380582 -0.000913979284936679 -0.0359945153388186
-0.0177985189553193 -0.113234209232055 0.00621842002691216 -0.0311670501423541
0.0606532723460989 -0.123838610158655 -0.022883914491243 -0.0145225410906098
0.0748726164403825 -0.0955827036960246 -0.0376134348748516 0.0739690997947367
0.0446953939289346 -0.117222779277952 -0.0765014394906863 0.0636266640272232
-0.0416294351923713 -0.120667888578366 -0.0533181974154161 0.0969624358201934
-0.101466072065164 -0.0623905486420271 0.0017224710176925 0.101495908789053
-0.0934324615324075 0.0304299680129832 0.0483032417779627 0.052737110610008
-0.0455395351773527 0.0644280720456936 0.0331700873375589 0.0220181456503697
-0.0141407847364199 0.0771330723536428 0.0213401149230877 0.0168057199607544
0.00987538100042246 0.0780040166462398 0.00918863326244739 0.022618216270245
0.0126357378381808 0.0802578777489439 -0.00266476183968418 0.0307274944024544
-0.0163153106588816 0.0688217469805577 -0.0199004152192326 0.0321853650658118
-0.0479902854143532 0.0580132275006643 -0.0382760147587355 0.00975970417361967
-0.0904350058631758 0.0036608194530033 -0.0357853994059909 -0.0167995984187119
-0.0802283638117504 -0.0623688329881333 -0.00813626466796284 -0.0300449000403569
-0.00633909980362592 -0.100349715731835 0.00515154345814046 -0.0158129684345897
0.0618568129955359 -0.10109728720681 -0.0395179415190835 0.0181662695207378
0.057759711524234 -0.05676537033752 -0.0605888841016546 0.0965595817102179
0.046354567417651 -0.0795404992352808 -0.0826542268239312 0.0744264050999029
-0.0164350074639388 -0.0945244756855284 -0.0620062848149918 0.0816580745017588
-0.0697326597386577 -0.0581548494237427 -0.0203257674194673 0.0898293515772705
-0.0738374851397971 0.016172341555961 0.0190139167633058 0.0609237155297534
-0.0382417927869934 0.0478474203465408 0.0148057297948785 0.0449088352158528
-0.0141041132680853 0.059116519264908 0.0166947358014063 0.0443071481990029
0.00395123768204209 0.0615631337636879 0.0139450486280721 0.0469969381011707
0.00634838791199893 0.0638148598382226 0.000119224124966993 0.0550271240514565
-0.0156127838710354 0.0560025669526778 -0.023855992927911 0.0523904368987498
-0.0415176093834209 0.0443382375744528 -0.0478820396389039 0.024130787860037
-0.0725772302852237 -0.00490390579618532 -0.0439932295734673 -0.0104867538740545
-0.0560697758309674 -0.0571630804694368 -0.0144071467462651 -0.0284324101511935
0.00852681931684922 -0.0777023568910293 0.00392859812970156 -0.00318531404993866
0.0576337722140234 -0.0644963033064022 -0.0544306615715192 0.043119453567649
0.0293163291466644 -0.0080575515619051 -0.068180163090735 0.106246271605705
0.0365403707285368 -0.0292269271489515 -0.0749798318917772 0.0785822087068836
0.00452064758992991 -0.0498679525381148 -0.0584882947823032 0.0646379134854206
-0.0309098253919235 -0.0395693900041277 -0.0317770486177493 0.0741100743410381
-0.0418373543657005 0.00211306518974856 -0.00242442334976365 0.0638736886125741
-0.023760418573676 0.0249511585820082 0.00186279789514448 0.0601393590479271
-0.0113225259869887 0.0322514086524393 0.0128495276085421 0.0629131683000671
-0.00120065946341223 0.0361871158329038 0.0164147564785662 0.0636959990134083
8.47408910483725E-05 0.0394962877877324 -8.91640568377195E-05 0.0721111577455992
-0.013769217400211 0.0363647976804147 -0.0295807858553878 0.0662982870596354
-0.0311520092809086 0.0270006619603716 -0.0586485748715442 0.032001926826643
-0.0472918762885658 -0.0117123790325645 -0.0520215352991213 -0.0101949245920521
-0.027705753064124 -0.044938793860057 -0.019851449274483 -0.0301221087092317
0.0209328445905196 -0.0469648907672447 0.00205212190847332 0.00332820290698918
0.0461263652408187 -0.0202154928468211 -0.066864542004943 0.0573488950991139
-0.0184110096669899 -0.0226268324328775 0.068848757043708 -0.0721099519533419
-0.021768385645275 0.0103971520241194 -0.00359809438861467 -0.0200147032029544
-0.00374918084061902 0.0235082655336825 0.0186501032110848 0.040853452221562
0.0145951172540021 0.010961501582507 0.0644714054646522 0.0213259815330599
0.0121429801134462 -0.00509949334035299 0.0782975947415364 -0.0336667141553113
0.00620887548577487 -0.00566029801664063 0.049299196501182 -0.079163096657305
0.00878552016876618 -0.00436499098705197 0.00399213702820569 -0.0878001091392812
0.00976562366563466 -0.00487358069957614 -0.0206414608378998 -0.0750132167945775
0.0106762537432115 -0.000645154233156609 -0.0177092245131121 -0.0720735567117317
0.00716309231051638 0.00576262868376858 -0.00447823697651421 -0.0699876317742321
0.00336093919978441 0.0145774524003369 0.00848090204523955 -0.0667412390615001
-0.0108196804963717 0.019021090833472 0.0256962747025028 -0.0610693556889508
-0.0312300986918612 0.00746531864698439 0.0474736312493973 -0.0550180070362984
-0.0281987006967479 -0.0217858970945644 0.0459842129015661 -0.0740338912821077
-0.010757368555812 -0.0403201570945762 0.0510449710278425 -0.113806912432222
0.00465424151527959 -0.069682213488572 0.0640720637319718 -0.0539867641071607
-0.0237700862518592 -0.0375914180920715 -0.00991658203763347 -0.00854457722470364
-0.0364540604871236 -0.0099029992914118 0.0170819377697803 0.0593169208464332
-0.026875632448771 0.00757590960096637 0.0725850200965254 0.0394173437192395
-0.012421581962907 0.01898888779945 0.0916652811494035 -0.028526029352679
-0.00181479998536741 0.0214557515093935 0.0571540853463679 -0.0770116893593329
0.0101086597223958 0.0269512259914526 0.0109337585583998 -0.0862560824680181
0.0159401023421783 0.0270078845610504 -0.0176896549230738 -0.070964720827403
0.0130820935673714 0.0324471977613304 -0.0179571748439744 -0.0669415020147532
-0.00612320535335464 0.0321942279374313 -0.00790985785546846 -0.0614755909933195
-0.024344878232063 0.0316188366943169 0.00176004525198064 -0.0600931129664734
-0.0509466295387188 0.00857712204048561 0.0145887403792017 -0.0559817577430597
-0.0569344605542583 -0.0280611289555633 0.0341866947728198 -0.0522846424015557
-0.0225733323729463 -0.0660088466907299 0.0302637057618568 -0.0727940787114138
0.0171275664670776 -0.0851085428784096 0.0358225056411042 -0.105410022245343
0.0301773156509263 -0.106595153852818 0.0501222150017565 -0.0264763121068742
-0.0156351002670978 -0.0862255292957269 -0.0232142673749174 0.00840240836120875
-0.0632098459278242 -0.050700569773389 0.00754511285175862 0.0806764363662583
-0.0703516481959118 -0.00418191737424372 0.0718805735725829 0.0636897080812415
-0.0425529409058127 0.039123913957248 0.100066864041917 -0.0143556767785406
-0.0136883795441305 0.0473019947878932 0.0622686112150678 -0.0636368223884617
0.00697604330404757 0.0553001530138352 0.0171561032799788 -0.0724121838129372
0.0202654705315777 0.0546107077913506 -0.0122821024138571 -0.0563910518049358
0.0168737724437517 0.0597560820716054 -0.0164910062178854 -0.049972385719872
-0.0131774966209569 0.054889518722676 -0.0128673578031425 -0.0436474215069576
-0.0421374322089618 0.0499551637740424 -0.00971073042963097 -0.0476182015467433
-0.0823057566456309 0.00927916669313582 -0.0012528061978705 -0.0495328594388325
-0.0829291874357719 -0.048903044987471 0.0198320392751779 -0.0496349960050105
-0.024451757436139 -0.0980748951869385 0.0157035883008085 -0.0637157444153293
0.0362126183092638 -0.118590302013299 0.0138008069610102 -0.0828276748306875
0.0544787198512435 -0.12634749342916 0.0254930538900592 0.00817822855630359
0.000841553227617329 -0.122874416625362 -0.0418676030420614 0.0305617208306449
-0.0777277915538624 -0.091126166404322 -0.00984931957928335 0.0992305509617945
-0.105716786266754 -0.0226810399985617 0.0592079228432112 0.0874880494950736
-0.0726680770582447 0.0509779832712559 0.0967331118325039 0.0077243561553015
-0.0277350818567362 0.0665024598550714 0.0609945118882218 -0.0396810999652224
0.00147737663633661 0.076106610886618 0.0220689964949891 -0.0481763115418206
0.0220896745887417 0.0745319982103053 -0.00481718747068935 -0.0336387000499441
0.0209521930163542 0.0780462505376383 -0.013189506381058 -0.0251517818840229
-0.0139074486456922 0.0700421008105778 -0.0163059805099657 -0.0189932881135315
-0.0489260109946661 0.0642897323765423 -0.0213006159097774 -0.0292675883093028
-0.0999652371345965 0.015217918378757 -0.0164718579276248 -0.0391779935704076
-0.0999674720003334 -0.0565315326834036 0.00678165970651117 -0.043977165711271
-0.0286534065718868 -0.114125463678251 0.00719385349516653 -0.0490281234186207
0.0473547738845237 -0.13426958855385 -0.00686683921131599 -0.0499523675585077
0.0696943428256451 -0.124542791863166 -0.00535330569413445 0.0455220419225514
0.0217321557581716 -0.137055215038318 -0.0608936715122579 0.0517137246817456
-0.0719562621738538 -0.118029052794456 -0.0320193136686167 0.107003232688678
-0.120131056572928 -0.0448364354840789 0.0347340468777501 0.103528145061061
-0.0917763955117335 0.0493446725650695 0.0796961707991451 0.0315639582899586
-0.0387637312592674 0.0743847489649695 0.0513731318289285 -0.00924440015147809
-0.00456977661396867 0.084942737172348 0.0238802221594191 -0.0169233770894471
0.0201729187214738 0.0827706087489718 0.00355174379381293 -0.00622423019495584
0.0217809961150764 0.0850950105804725 -0.00699285260800082 0.00332462172296536
-0.0127686601366647 0.075517711251367 -0.0178667387610112 0.00804026952435063
-0.0486215136600387 0.0683970376764905 -0.0310028393439448 -0.00769228637563558
-0.102295174671837 0.0161910484710962 -0.0283007448689948 -0.0262623486280254
-0.100978869067388 -0.0581204504907068 -0.00289479812354435 -0.0371617885824669
-0.0250438936844151 -0.114760471161501 0.00436842804136743 -0.0319350609760518
0.0531594113448949 -0.130231963153543 -0.0245352002605265 -0.0127286538895391
0.0702771282483655 -0.101343163298642 -0.0348615002186413 0.0784110727476894
0.0388512580146674 -0.122194918311247 -0.075411596518283 0.0687777147214014
-0.0490417147329432 -0.119948127504073 -0.0503458428219655 0.101278864946266
-0.107334850191728 -0.0579853024445643 0.00668188753581721 0.104339677324979
-0.093198897084835 0.0371316731488396 0.0521465289171983 0.0512379105852931
-0.0421004222108657 0.0683065008325385 0.0357284545385452 0.0213017635661699
-0.00916683814228854 0.0795412093423824 0.02300344970457 0.0154496648414915
0.0155284274546314 0.0786877231932261 0.0109491071451752 0.0219159306498269
0.0184193068513211 0.0798981861997792 -0.00140525060321879 0.0309396779978427
-0.0124447836321358 0.0711250403474355 -0.0182531871822584 0.0338689007257848
-0.0449096197901976 0.0616221829425119 -0.0387521749119364 0.0117987650754856
-0.0924974955337162 0.00989831966968496 -0.0368749761973881 -0.0153067927629007
-0.0858762117997176 -0.0576584409876501 -0.00991421806596531 -0.0310477433349897
-0.0127212588585889 -0.101795533917611 0.00436657410806454 -0.0158259409692797
0.0560634686217565 -0.106714260033155 -0.0391963314177865 0.0212312631906066
0.0549449944644583 -0.060261449262561 -0.056823993973818 0.102232131761911
0.043193034748407 -0.0838651283976745 -0.0808842792741869 0.079754609994521
-0.0211704977622315 -0.0941799956476498 -0.0591003221636812 0.0856971332884143
-0.0747205163034032 -0.055715748505162 -0.0166982105484711 0.0932873821757302
-0.0739024660104204 0.0207480166041704 0.0231591478706084 0.0617899123736037
-0.0357025252801757 0.0507388363122434 0.0184015558025682 0.0460136411935419
-0.0105566684804274 0.0613188524891472 0.0199880864708717 0.0439862382323966
0.00865751688038896 0.0623376684253514 0.017068783081451 0.0460291272104736
0.0113626656686965 0.0642799267625203 0.00368479944712163 0.0547918323417677
-0.0128406028457784 0.0581510153678188 -0.0203119176369772 0.054464784859849
-0.0394539316072976 0.0475036550350175 -0.0472366637852373 0.0271667417478792
-0.0746068925910654 -9.41480082336174E-06 -0.0453803367685167 -0.00853237469898696
-0.0605158699180084 -0.0544325289984541 -0.0163847150295617 -0.0288254357933082
0.00361545155549267 -0.0793483322210446 0.00390238530014727 -0.00354940095536854
0.0543501655726032 -0.0690914943135441 -0.0528825605484546 0.0471662504990661
0.029156917909833 -0.00904174033369841 -0.0639197232401573 0.11194316949531
0.035916331545747 -0.0321146573062826 -0.0731693830187596 0.0832971758948125
0.0017140016735491 -0.0512725998415192 -0.0572066062919674 0.0686346533013815
-0.0339566133050466 -0.0388807021624951 -0.0285795728966014 0.0776342877175514
-0.042160977072447 0.00489130921922963 0.00157700533499652 0.0655491618783644
-0.0218053105362676 0.0266853322283473 0.00620263644924214 0.0611306881933784
-0.00946809855066084 0.0335183628470059 0.0174050012545334 0.0629391375733317
0.00123997469198376 0.0365691869249842 0.0207256667644392 0.0626226468535242
0.00289910325918124 0.03957737277761 0.00526048659735028 0.0724011944943413
-0.011794947789594 0.0382686359315173 -0.0256024742401001 0.0686156161595591
-0.0301498186334355 0.0294360790917311 -0.0579084772628844 0.0357425036356561
-0.0494510084814747 -0.00864678640649254 -0.0533625006149186 -0.00855587609995792
-0.0305450954794851 -0.0439887874515207 -0.0221830467712182 -0.0304599012459278
0.0183942431576109 -0.0488022227000366 0.00256348668032373 0.00318629910082521
0.0454054460323272 -0.0230275644138444 -0.0650363278399654 0.0627002848461106
-0.0222124685625876 -0.0215873892108509 0.0566004914061453 -0.0811765163715519
-0.0201267135571655 0.0135700009488208 -0.00687438861839845 -0.0199304586365039
0.000630864780899646 0.0243002790165954 0.0239663841225203 0.0366736751364401
0.0177103587509432 0.00796786876933696 0.066078475572545 0.0111391688293795
0.0118828452487687 -0.00853160462841732 0.0709581057862727 -0.0452689334806764
0.00480561240259014 -0.00987127245712613 0.0342855202391506 -0.0851252749503776
0.00746320314625726 -0.00761321351797449 -0.0109267836172998 -0.0855694858394733
0.00735765766125392 -0.00702803841806949 -0.0320271993419658 -0.0687593104568597
0.00919028023046679 -0.00310089426860531 -0.0293083731589896 -0.0677430535849955
0.00737848416449649 0.00452030473863482 -0.0152456419854446 -0.0690074934400827
0.00513667888308503 0.0137544616500291 -0.00169125618726705 -0.067229286480426
-0.00884862546717046 0.0212022551797457 0.0187467709188802 -0.0638702364153448
-0.0304445048083097 0.01237680843527 0.0417658545062068 -0.0607967535822474
-0.0322850640983849 -0.0166721750603948 0.036526480041899 -0.0782095824401718
-0.0173230338035258 -0.038640455028633 0.035505884877367 -0.117682460580649
-0.00810279892693877 -0.0715216204148335 0.0564618424805291 -0.0601684623783898
-0.0304101280057151 -0.0328826226137994 -0.00955910390659411 -0.00684473258461482
-0.0369275954885645 -0.00227970773175817 0.0275839711719658 0.0539643328826929
-0.0230285765538388 0.013090940838387 0.0776195901083284 0.0259438654351889
-0.00676255544063193 0.0188186401317166 0.0843680110331506 -0.0440235907787611
0.00186330677292407 0.0182211111374759 0.0424969684645978 -0.0846654609586517
0.0144696197646363 0.0233413227338423 -0.00479670628381156 -0.0861102859854179
0.0196335943730517 0.0228095106506537 -0.0292982276089772 -0.0654077531788576
0.0173967675792151 0.0286805812724593 -0.0284154792905603 -0.0625870527004652
-0.00125642995969375 0.0326408224379073 -0.0171925587902407 -0.0611494072906349
-0.0187993685184263 0.0345168708029067 -0.00647485657038723 -0.0605258439578006
-0.0496116437572249 0.017451583390375 0.00860948665126273 -0.0576047266924926
-0.0613421232940777 -0.0183524417080699 0.0291846886679662 -0.0554872729014127
-0.0332185686802518 -0.0611171929359705 0.0194425276829169 -0.0742857315999622
0.00368281643621684 -0.0874203527713021 0.0193068922420307 -0.10681777202195
0.0110103949702648 -0.11092840253232 0.0474886678125108 -0.0294088284404991
-0.0318217371106864 -0.0803779049472707 -0.0178354828368969 0.0135251736694553
-0.0706302962860352 -0.0367063990376558 0.0237749946952354 0.0767775877455362
-0.0678345475288158 0.0101762192614034 0.0827642758746382 0.0485616371079161
-0.0326328855154686 0.0444180692246132 0.094495161795102 -0.0330640730649824
-0.00548860794453888 0.0463014973773783 0.0489855059773061 -0.0728352930518029
0.0170865505360218 0.0531608383771083 0.00384554904782307 -0.0759652680021983
0.0281205029670979 0.0491324251583141 -0.0219777808329137 -0.0522919168087993
0.0266998711033502 0.0552473371141901 -0.0248892227311529 -0.0464028326419108
-0.00413959486918423 0.0565801986578653 -0.0197948191383456 -0.0426316719896421
-0.0329091830453946 0.0560239665278569 -0.0163541531118239 -0.0466870264661917
-0.0808960539923268 0.0233472593559011 -0.00562642106170498 -0.0494871375626899
-0.0902149139210719 -0.0342005061888705 0.0151856443378262 -0.0501408834808551
-0.039947399867182 -0.092351165077513 0.00546075945897144 -0.0640283046418815
0.0174888327617841 -0.122625596024842 -0.000129177616763918 -0.0819508171738507
0.030346248690368 -0.133999328988208 0.0295745626892536 0.0101927192497342
-0.0224881535576588 -0.118843738794409 -0.0307759198172081 0.0389483551938786
-0.0915402004294948 -0.0731128376772619 0.0113955889788496 0.0971672481531329
-0.106105580274942 -0.00111416383252404 0.0763202066808154 0.0733528358792268
-0.0595222131908366 0.0609052475588674 0.094715943600185 -0.0120140970270851
-0.0153822277315076 0.0676375613134432 0.0510581180074576 -0.0501898912849833
0.015794042485972 0.0748681452547607 0.0128344034307431 -0.0536575348458942
0.0330608880930682 0.0679416363894795 -0.0112355876931341 -0.0313211578219353
0.0341607464681045 0.0726655453989122 -0.0173088454957172 -0.0229340646906205
-0.00223475072113509 0.0718842861046432 -0.0196733138068029 -0.018128766142594
-0.0368057587846467 0.0709701934006765 -0.0254824887732046 -0.0271310980240794
-0.0976064306909457 0.0328019102114549 -0.0184454937510544 -0.0371918554462327
-0.107570973859054 -0.0387601842624861 0.00317100467169091 -0.042790256667926
-0.0465913649859952 -0.107454622580723 -0.00193456266928892 -0.0472916359460539
0.0260865916746473 -0.140265008104673 -0.0173869973744671 -0.0468865548341392
0.0446538832608174 -0.133223123706543 0.0052299915170324 0.051881544245891
-0.00460511840898839 -0.136404914066098 -0.0465003136177237 0.0643508658567703
-0.0904432413858145 -0.10009338717442 -0.00772150279836629 0.108877606394534
-0.124810798985702 -0.0198520202939071 0.0560764174873732 0.0924706280430772
-0.0788184763172914 0.0638229385617485 0.0818980785369755 0.0140189019341135
-0.0243277921564041 0.0772685761252418 0.0469928424183128 -0.0190440837105858
0.0114011687333754 0.085293513225913 0.0197489223970307 -0.0235487975510933
0.0331802499996037 0.0763271271317373 0.00108364286256556 -0.00607351246377604
0.0363704023041092 0.0790734075065726 -0.00772756508356828 0.00445115816939801
0.000223178587290436 0.077341017986912 -0.0166536126668183 0.00892023077984703
-0.0360232185922602 0.0748596169662346 -0.0317661241541899 -0.00457880404338871
-0.0991463348481281 0.0343312677213695 -0.0287324841581841 -0.0232318827638199
-0.108726901015074 -0.0400127067050713 -0.00541198689583288 -0.0348630626168109
-0.043319240307856 -0.108064476065448 -0.00259972265158538 -0.0297094000219014
0.0325225314884303 -0.136840010440751 -0.0301063083701623 -0.00865828489111394
0.0497083696021818 -0.109407454489553 -0.0190911164329182 0.0878383258580821
0.0151918672651283 -0.123975742887653 -0.0584874540997853 0.0836165654935284
-0.068663937563823 -0.106012616030781 -0.0271367331568754 0.107211439774366
-0.115019961455923 -0.0350310030288257 0.0288289207166536 0.0988246544632899
-0.0821201099252786 0.0524134867101666 0.0592392649653412 0.0374590471882441
-0.0279956066221211 0.0732522675340808 0.036981037336693 0.013505100973671
0.00614166240191615 0.0815054862562022 0.0245727704573835 0.00825734538483237
0.0283797721032398 0.0732305926535791 0.0127704876638697 0.0196137119993506
0.0327237983490057 0.0749364101460255 0.00247650037666646 0.0305247952796146
0.000130717356207059 0.072752407966513 -0.0137986329485971 0.0341081370294448
-0.0332547812334632 0.0681293740521157 -0.0366175770032742 0.0152231987878944
-0.0904914927953559 0.0262586020756467 -0.0366778110882729 -0.0110399814646195
-0.0932559409903556 -0.0420533567519418 -0.0125735427630585 -0.0279414260431142
-0.0289210148231527 -0.0979987366417525 -1.45887044692272E-05 -0.014956686741642
0.0392971603135195 -0.113844526316705 -0.0398710439088039 0.0260482584112105
0.0425799069298964 -0.0660676040544151 -0.0381998310138554 0.112553026509884
0.0263774323946714 -0.0866950361377212 -0.0638470976503673 0.0939007647383944
-0.0373247361560366 -0.0866983257584952 -0.0401844356605088 0.0945241158051819
-0.0837868791075236 -0.0390314058580883 0.0033010779957181 0.0934602842705403
-0.0667176335650434 0.0341099140029276 0.0329990413847382 0.0537652818396924
-0.0247941072320872 0.0557767079677542 0.0248434508046828 0.0407016086053314
0.00199366076937017 0.0630282558173651 0.0269766274206774 0.0370380928812689
0.019074853960893 0.0591878140058456 0.022806999411705 0.0417568126309846
0.0235677632404708 0.0611068119937876 0.0108824688550158 0.0527616920966423
-0.00169534342347889 0.0597921717628156 -0.0130804998365304 0.0552920631259782
-0.030036707702369 0.0532307643653723 -0.0428938841966022 0.031790544311049
-0.0742516402549856 0.0132408663255997 -0.0440358000490165 -0.00352655900649995
-0.0679490781794114 -0.0428292194234023 -0.0191546944740977 -0.0245995943184463
-0.00889050460388087 -0.0784349814853058 0.00147485596466055 -0.00376960656529001
0.0435230603522982 -0.0761645133342682 -0.0485201249716126 0.0527164420717446
0.0267495927730701 -0.0109826556059878 -0.0449793540829985 0.120304105070619
0.0293164145950985 -0.0351286423932854 -0.0577817571536235 0.095175148493438
-0.00685710977156356 -0.0484886134345874 -0.0434053367998693 0.0771402169721922
-0.0406871383886367 -0.030674153663516 -0.0131156586238451 0.080719565071933
-0.0394705808702344 0.0130848886912775 0.0122437175812695 0.0630216585785748
-0.0158036161888997 0.0307920238909089 0.016578260259735 0.0586297210375932
-0.00165235636237584 0.0356035263819934 0.0282832433720097 0.0568991518786122
0.00809931405024526 0.0357092187671884 0.0289217900863818 0.05688329951004
0.011097606318704 0.0387541703354112 0.015111231196349 0.0693649695923084
-0.00364975582525672 0.0403781180324548 -0.0153717158517339 0.0701071802955572
-0.0242587369517733 0.0342215090938214 -0.0516134580673413 0.0422909762393769
-0.0509847355484837 0.00062956342433639 -0.0527402616894938 -0.00128015202549647
-0.0372412411360341 -0.037554576966528 -0.025683645569314 -0.025861021889643
0.0106782721683258 -0.0508591009968002 0.00189743665935639 0.00218475152357249
0.041862376170115 -0.0290603404316908 -0.0570306575942213 0.068891597420447
-0.0222349121335291 -0.0206674528773019 0.0520686939295872 -0.0805443481842485
-0.0191560309128418 0.0139392631858016 -0.0076743164558061 -0.0188248386099754
0.00107175133021928 0.0234401400305208 0.0248360109437558 0.0360381664816609
0.0176591125937532 0.00736931440233578 0.064387487507028 0.00954970199566107
0.0112449950820588 -0.0088337163804035 0.0674589412365551 -0.0464067577202001
0.00383094923238286 -0.00957577220575138 0.029799138864358 -0.0843995997778015
0.00730190988415661 -0.0084322237280118 -0.0145477259992505 -0.0823780825277292
0.00704196415786271 -0.00735686064638259 -0.0331152231282676 -0.0644678611403408
0.00830811632106903 -0.00374805338339249 -0.0319803378031539 -0.0643171762358272
0.00732235282876615 0.00387550832248477 -0.018484048590693 -0.0669198543494736
0.00611001093761585 0.0133959728096338 -0.00404038360344271 -0.0659606008910415
-0.0073038083563882 0.0208090070710948 0.016314626957508 -0.0627722121798132
-0.0296288801717847 0.0135874897508692 0.039573438305796 -0.0607552476180845
-0.0316339319832922 -0.015440390408917 0.0335756329951722 -0.0767803958011585
-0.0179233103307102 -0.0372926497747701 0.0307717012837513 -0.116178732521679
-0.0107339743237288 -0.069576967175066 0.05262893125049 -0.0604842456436809
-0.0317925765196992 -0.0309020134296651 -0.00981188020234175 -0.00606469725570035
-0.0362660743152248 -0.000419738232285673 0.0285052011153393 0.0527123609293261
-0.0224862229483369 0.0137827435768991 0.0768698860842843 0.023774249733119
-0.00587275753650963 0.0185724571046427 0.0803194265888026 -0.0458518230084067
0.00267877498958864 0.0178093488253649 0.0374545235862638 -0.0845472963578096
0.0159529109858332 0.0221234459571867 -0.00858991512252146 -0.0837878673459905
0.020147562024714 0.0212015766588797 -0.0305174728508558 -0.0617713499661404
0.018709385396063 0.0270014305987257 -0.0310746942946607 -0.0593643963875465
9.36217410007602E-05 0.0322624481025678 -0.0199456799476475 -0.0586932394342829
-0.0167398066711598 0.0346452506382157 -0.00933970210429114 -0.0595071022471685
-0.0477647674287808 0.0189480387890625 0.00676987953541545 -0.0564408313354651
-0.060682255510467 -0.015190933272795 0.0274847797723118 -0.0554232456330871
-0.0343458958337274 -0.0584615321234974 0.0168343124551051 -0.0723955780038808
9.59055211892496E-05 -0.0855650513007903 0.0154146842857143 -0.104968120389709
0.00587772859945435 -0.1089745377017 0.0454737791785162 -0.0292773210245513
-0.0345576837199143 -0.0775829169184279 -0.0167057557923579 0.0140141869643098
-0.0704888501503689 -0.0333940390143179 0.0251218397792782 0.0746655535821942
-0.0662741172658121 0.01293544146237 0.0826981421877759 0.0455846481990212
-0.0298028553746192 0.0445818185597599 0.0907625765181263 -0.0355179368852002
-0.00374857207780644 0.0451069722660453 0.0450446495823109 -0.0737523631341719
0.0196960387805568 0.0509106729178856 0.000180585998738553 -0.0735278266756344
0.0302123766352656 0.0464405534851346 -0.0229024038300253 -0.0489571412974156
0.0285254067467185 0.0519007373593048 -0.0270326709822185 -0.0433320981699475
-0.00158145950037696 0.0551407094956724 -0.0215130518304342 -0.040906648459469
-0.0296752347382833 0.0558565203261557 -0.0184866950091637 -0.0458216670867667
-0.0781972659230091 0.0271208333364512 -0.00682779189460038 -0.0482400123058382
-0.0893148222440299 -0.029326422306683 0.0141873382508734 -0.0496723895424511
-0.0426007772432506 -0.0887754056579516 0.00300582033933001 -0.0614435637196869
0.0120672610684603 -0.120756475201592 -0.00321528996307488 -0.079557621704576
0.0239068035694041 -0.131608923946461 0.0297670875230016 0.00973993812600111
-0.0262882406909222 -0.116059095857826 -0.0294922704204325 0.0392173920954024
-0.0916758027673855 -0.067867228974572 0.0135305477790296 0.0947769489878923
-0.104600857850436 0.00305768997283661 0.0771094475733422 0.070480191041241
-0.0550968381442206 0.0620323430465862 0.0912437406349154 -0.0151043225713153
-0.0124162831712504 0.0662613189917312 0.0488163794875151 -0.0504252364151909
0.0192579009342312 0.0722097698827113 0.00980524571605119 -0.0525235297378799
0.0353859008029373 0.0647039370079419 -0.0119421888128476 -0.0291418290495641
0.0366261146876078 0.0678734448659401 -0.0188726253581948 -0.020812616836652
0.00115474414137101 0.0703173286866046 -0.0201244310693162 -0.016898695855529
-0.0327222910196357 0.0703038725543719 -0.0265477101419214 -0.025656074325955
-0.0937120099187321 0.0363653996542972 -0.0195285955651017 -0.0357937327973705
-0.106607723520729 -0.0331170672766027 0.002343066395833 -0.0426349073330049
-0.0492557858556184 -0.102652552749073 -0.00296819539082195 -0.0456341624714063
0.019478379020094 -0.137902816267787 -0.0187244646849074 -0.0447062195285282
0.0384748770917431 -0.131191326228738 0.00684026315855406 0.0512793293671722
-0.00911586192415998 -0.132835209343425 -0.0431635892459145 0.0643884842582227
-0.0920362914498968 -0.0944917170351055 -0.00552859702864229 0.107121629911807
-0.123296202278127 -0.0139570832909189 0.0575990699881529 0.0899976916609364
-0.0738302158007323 0.0653282089448952 0.0801399412700416 0.0107212090366504
-0.0204664199066789 0.076498983552259 0.0460736595261601 -0.0200472910932564
0.0155911791609442 0.0829963599968602 0.0181257586887935 -0.024069273051537
0.0362328526249142 0.0728933581887167 0.000451822531427122 -0.00536632495133164
0.039597657772436 0.0748561335453689 -0.0077924223405833 0.00494561738543441
0.00384004838769412 0.0753471926139827 -0.0159271110593537 0.00936500204981288
-0.0317501747408747 0.0741432676706203 -0.0318624884287908 -0.00396437177094173
-0.095159259467879 0.0380698577981197 -0.0288031872888132 -0.022288967444519
-0.107117526604336 -0.0340528957208768 -0.00658517061209567 -0.0343520213152492
-0.0462983575695477 -0.103595147459421 -0.00316827205123395 -0.0286396177948424
0.0262149521593182 -0.134470321202482 -0.0293957673598214 -0.00700591833162159
0.0443883777208336 -0.108423941747204 -0.0158625158692123 0.0871972301562909
0.0104716011946527 -0.122063284606447 -0.0548201227467921 0.0832427391155535
-0.0701989321004916 -0.101303022888246 -0.0247796543268035 0.106170958071092
-0.114635341918638 -0.0299405267840111 0.0314025902308104 0.0971828029276764
-0.077710831576433 0.0540860403967283 0.0587509428085568 0.0344835259187543
-0.0242279514081314 0.0721202595014217 0.0376581223463204 0.0121263877215597
0.0102614790294549 0.0793220793436674 0.0246709859559716 0.00705910874637286
0.0310877104895923 0.0703628866574893 0.0131276519995226 0.0186425932620107
0.0355977876427121 0.0709310706444072 0.00304858475281469 0.0289983442972094
0.00398463848560809 0.0708272174135835 -0.0119574417205669 0.0335302705948906
-0.0299000553711537 0.0676450628318196 -0.0354871611058489 0.0163304237169127
-0.0873688078296254 0.0298952597951046 -0.0363323672988685 -0.0100627278113314
-0.0924226358547611 -0.0367182958705025 -0.013313018929336 -0.0273839880477512
-0.0317176696777272 -0.093840104793827 -0.000187262088165436 -0.0145177397158678
0.0332988379359212 -0.112226649333767 -0.0380041043880951 0.0275893534423558
0.0389250469929114 -0.065502690285687 -0.0336286624651874 0.111361452304923
0.0234091099030076 -0.0860808059247266 -0.0594007273997723 0.0939229756105039
-0.0389401650914149 -0.0834327513245345 -0.0376958130371907 0.0932980113043498
-0.0833646518922052 -0.0354077954641983 0.0061039497343682 0.0915544394946405
-0.0638851514405962 0.0353343463386148 0.0338457161273958 0.0516765824127758
-0.0214126200005273 0.0548488570326164 0.0269146335796105 0.0392564971916857
0.00500468048021556 0.0618665679703703 0.0282368970877888 0.0348939875087437
0.0216808253957578 0.056823676570391 0.023909228229846 0.0391317663609463
0.0257016942960816 0.0583150154102803 0.0123676704595735 0.0501312934188047
0.00108373283463648 0.0581813899993931 -0.00990085777209088 0.0542199311725415
-0.0272591350519395 0.0530105731092526 -0.0406987128153916 0.0322759683842433
-0.0720293657878386 0.016416921970332 -0.0434575307471322 -0.00193845083547484
-0.0676655554523873 -0.0389949125108635 -0.019443426985394 -0.023918096232487
-0.0115533846694509 -0.0757756938582695 0.00181801249998764 -0.00371675476387279
0.0388601746078265 -0.0756882630995893 -0.0453030778838753 0.0535797231944992
0.0258420497236463 -0.0113207446148375 -0.0401336978347288 0.119842823305978
0.0277808413115847 -0.0359473676875405 -0.0536556706898948 0.0943265914771537
-0.00778201896406339 -0.0470882197562066 -0.0409596028991132 0.076508907311576
-0.0408941204222652 -0.0285977388021749 -0.0101413320284085 0.0799703124030465
-0.0377069049388076 0.0141677148101971 0.0145215522544581 0.0612001837023383
-0.0136406338049221 0.0300859123722204 0.019036173049774 0.0569850364558174
-0.000227094494087285 0.0349923161229386 0.0302307687786267 0.0542812225067923
0.00941099985867731 0.0344256025520773 0.0303093355897428 0.0532452273713061
0.0125264446942327 0.0371097331889483 0.0172530877979045 0.0665536476873194
-0.00192000718912806 0.0392257513644961 -0.0116771797762159 0.0681368847019741
-0.0222438644980894 0.0341447644286743 -0.0487761064314546 0.0431657646554269
-0.0500288627448181 0.00238287275443081 -0.0519768884574297 0.000258311139069869
-0.0373808290443605 -0.0354520356886802 -0.0258456754096861 -0.0248432650252402
0.00841614962629983 -0.0496991722138765 0.00194589359178018 0.00240299884371221
0.0397020550417975 -0.0292904539973196 -0.0528332891394687 0.0693381325380493
-0.0216657992880092 -0.0205799284496494 0.0500801267729603 -0.0798823179812318
-0.0187012581080073 0.0136556103851294 -0.00790510282129831 -0.0185443264564288
0.000844586668204381 0.023226410528267 0.0250480191069122 0.0362567711375635
0.0173683579531791 0.00699503651708927 0.0632792298108669 0.00911546988103616
0.0106373743856035 -0.00883064336892837 0.0656435842030807 -0.0459357563406503
0.00331104842102359 -0.00935294032661388 0.0274913800688622 -0.0837921181201337
0.00679103525778926 -0.00865838913276193 -0.0156399984420528 -0.0800491403918688
0.00687438806730936 -0.00757992611890673 -0.0330667190108524 -0.0623875975068705
0.00837428514852244 -0.00358977035150903 -0.0325470326174668 -0.0616312205234083
0.00740550126111735 0.00339818568032762 -0.02009507146383 -0.0652768753462458
0.00648887262417283 0.0127087745099224 -0.00526148241114901 -0.0648946900651646
-0.00702067039276764 0.0209749142133364 0.0162911503670775 -0.0619545474983361
-0.0289423066267136 0.013490225643899 0.0393874203125788 -0.0601860219249839
-0.0307833530690812 -0.015000916112086 0.0329488672169263 -0.0749822387785359
-0.0176835176486649 -0.0367505957511504 0.0291535656991803 -0.113716778189036
-0.0117359507531102 -0.0687852023076231 0.0511371228949263 -0.0588892778633796
-0.0314876887489138 -0.0302064811762673 -0.00993350986020239 -0.00566013778260932
-0.0359850713817775 0.000106080551636409 0.0283325461786744 0.0525774361713336
-0.0218993414196781 0.0139022357926296 0.0755173616252067 0.0235559454895128
-0.00542049706259703 0.0184032856049646 0.0781937305905106 -0.0452040374007491
0.00295186989003811 0.0171340187812193 0.0349698498632284 -0.0836404836339946
0.0163804294950321 0.0210135383266045 -0.0101189186396231 -0.08154973832146
0.0202584136068695 0.020082966064018 -0.0305041190318271 -0.0591080413748506
0.0185384618115131 0.0254498281822257 -0.0320766564773234 -0.0567530511450742
0.000436119613188321 0.0315069781738215 -0.0208598989491104 -0.0573124370315
-0.0155457409331482 0.0342919937063906 -0.00983429703353718 -0.0584672220495402
-0.0466635732033201 0.0197943763443824 0.00742503080393813 -0.0555471227586456
-0.0594509048779502 -0.0139066177140913 0.0277558751777328 -0.0549126920794871
-0.03380600716002 -0.0573461919250832 0.0163624439398796 -0.0705384777094993
-0.000344277689286775 -0.0840999417610091 0.014320739172053 -0.103228818895737
0.00418235333100307 -0.106894635341529 0.0448182736259248 -0.0282704819677357
-0.0348323147315147 -0.0759681976502678 -0.0170793064098083 0.0144251196230316
-0.0694220047070494 -0.0316883836188092 0.0247858142492469 0.0743303711552087
-0.0654683709479482 0.0133798676807539 0.0816460257108858 0.0457913440995891
-0.0283906440730373 0.0434604560404009 0.0875634771300391 -0.0349341738191682
-0.00316732296585215 0.0442594708290052 0.0431272840765726 -0.0724423556241792
0.0207045265927742 0.0490208090176443 -0.000886446211689834 -0.0717178808840114
0.0304203941245392 0.0447372495079855 -0.0229092319132436 -0.0470783572861489
0.0286533777141239 0.0497888988525187 -0.0274589300906217 -0.0412584486610876
-0.000838875011308982 0.0545305818532779 -0.0222808850786049 -0.0399910423810745
-0.0277657375458728 0.0554268803993007 -0.0192287808722274 -0.0451008063881924
-0.0765828157121219 0.0277004637165368 -0.00646863904499549 -0.0474407230635443
-0.0874282600799072 -0.0273838866341779 0.0139867587586229 -0.0495838434133173
-0.0426311868856186 -0.0862363314174856 0.00319758960953336 -0.0595154713894693
0.0104611534558506 -0.118640652294669 -0.00394376362397459 -0.0775572088142748
0.0219606027482837 -0.129096908451714 0.0293853375184556 0.0102354692764985
-0.0274532031176284 -0.113595001180342 -0.0287845685305665 0.0387593646786493
-0.0900109138704703 -0.0655202304313875 0.0126727929229154 0.0939289616255281
-0.103351006988801 0.0044459362583701 0.0764584193973324 0.0700896506515304
-0.053105625969558 0.0614955657981732 0.0887144628468627 -0.0152066381269618
-0.0113385797050233 0.0652372172392114 0.0473309778248883 -0.0501727200080847
0.0209376165780928 0.0705791291735662 0.0088804599867182 -0.051616337425436
0.0365114913246169 0.0622144449476203 -0.0118588099508353 -0.0278597682902027
0.0368483470529358 0.0651348732571507 -0.0194552859801186 -0.0199592480634164
0.00187981780490693 0.0689380573547997 -0.0204327470228493 -0.016219993461664
-0.0310282877543868 0.069409405695459 -0.0267671623109552 -0.0257311423185457
-0.0916771456367708 0.0374358757137459 -0.0194010430023259 -0.0353733504018182
-0.104412684525021 -0.0308556020137267 0.00222310863244579 -0.0421128307010568
-0.0495539862371849 -0.100139582469925 -0.0025920879375009 -0.0444934799084374
0.0172932483981491 -0.135642151516665 -0.0188669948171067 -0.0432576115912831
0.0364716714801378 -0.128775405844954 0.00762602365230389 0.0511027908797282
-0.0103527576469086 -0.13042951045632 -0.0424461669310715 0.0635174814052987
-0.0903959088310107 -0.0917697176540999 -0.00628201364436524 0.105464775782508
-0.122007531427299 -0.012362387557997 0.0576388487401976 0.0893066813436564
-0.0713339953041498 0.0642964424586584 0.0780219551484837 0.0103290187044891
-0.0190953684615909 0.0748971440781552 0.0454968115174832 -0.0197805146735365
0.0171786672359812 0.0808801252678814 0.0172840660207684 -0.0234210622231648
0.0373394438306143 0.0706270992627178 0.000807301083406369 -0.00519711998094957
0.0400578572880529 0.0712596812697242 -0.00813270453602394 0.00504140329234735
0.00479855410053357 0.0735506679627175 -0.0158624485269042 0.00936950159177393
-0.029954346707486 0.0729177926374788 -0.0316356612778258 -0.00377528888974363
-0.0933163543415733 0.0388301984049632 -0.0288084988556093 -0.0217766764736248
-0.105273157033014 -0.031662981076655 -0.00625502209839649 -0.0340304870128206
-0.0463046762579587 -0.100443768698216 -0.00242597779938617 -0.028119271848263
0.023684023640138 -0.131880591754736 -0.0291477911650281 -0.00592137782334097
0.0423901724270246 -0.105887012538381 -0.014691292060698 0.0863432827412942
0.00934501058901815 -0.120027893427561 -0.0539320228586227 0.0817091680281232
-0.0695378368659282 -0.098688306111068 -0.0246920964620941 0.104443656773775
-0.113232074444355 -0.0282075498726203 0.0316724004605768 0.0962592776001768
-0.0754081480069797 0.0537401952360063 0.0574071703913078 0.0340310968496662
-0.0225838432272774 0.0705072086045006 0.0378259070465691 0.0117273357579316
0.0122271051722449 0.0773741249100529 0.0239779573220388 0.00615280827398668
0.0320888214630644 0.0677044077064461 0.0131683329780319 0.0181258718855633
0.036083716780831 0.0675731685835309 0.00312856835045392 0.0281326678581823
0.00489922551311968 0.0690737782114211 -0.011119966716106 0.0324151423728978
-0.0280713038375062 0.0662529239650597 -0.0353000883050389 0.0156672075011375
-0.0853162250198296 0.0310383399617513 -0.0357790934962908 -0.00967621848764272
-0.0906165308676221 -0.0345647077026448 -0.0127665152739802 -0.0271150186730545
-0.0324103833973804 -0.091072510648736 -9.55849723363377E-05 -0.0141692358833937
0.0308722914099216 -0.110153126122493 -0.0370968315674763 0.0276884080182441
0.0378097063138764 -0.0640276300408938 -0.0322334918259276 0.110020271199867
0.0223432683841927 -0.0842443929918936 -0.0577367774816894 0.0923268338280018
-0.0386370450984062 -0.0818362914268387 -0.0377950345482122 0.0921675624809499
-0.082569663224911 -0.0335627736364004 0.00657157753787126 0.0908623777182609
-0.0621890113313212 0.0352867820087442 0.0333944533524336 0.0503714051942953
-0.0202755832138726 0.0535454796381156 0.0279033321905309 0.0388384139987976
0.00633587677252147 0.0607114286959008 0.0282559007012589 0.0338533734415681
0.0226479417798929 0.0547810792861119 0.0235789979459851 0.0377837074119047
0.0262177373314547 0.0553534013717542 0.0121691327926663 0.0485901560750247
0.00251212440926144 0.0570712924896086 -0.00862953062106573 0.0521937744660074
-0.0257180776778439 0.0522868733064276 -0.0401587546479259 0.0315414114669746
-0.0702053896733614 0.0172078647695356 -0.0428650509021664 -0.00205056584916761
-0.0661087328522682 -0.0369656911359863 -0.0191349730676379 -0.0237196169867336
-0.0123078239389799 -0.0736366612865377 0.00211241543054321 -0.00357506995809977
0.0372248701058588 -0.0744055729585423 -0.0439161436884907 0.0535215897984076
0.0252393766457339 -0.0108538216598429 -0.0382796942082917 0.118178548588639
0.0270470012083068 -0.0356344829153284 -0.0521259946388524 0.0928344741428203
-0.007955677571339 -0.0466630073844331 -0.0411451597128892 0.0753638367291014
-0.0408239403720407 -0.0278398171769517 -0.00961806763559656 0.0790582299644715
-0.0368791731055611 0.014421732108181 0.0154698948058905 0.0604958460766632
-0.0124218206375503 0.0290465515944483 0.0206178698857193 0.0559050790915506
0.000570022468235222 0.0342373538661564 0.0308839929222119 0.0522820543564133
0.0101204374984383 0.0336577065963455 0.0298666149202114 0.0512811992260757
0.0131157204919107 0.0360447999684955 0.0180956366505489 0.0638099424779131
-0.0012079672105159 0.038662071249183 -0.00996634256276215 0.0659868178809988
-0.021353507507088 0.0336529952614466 -0.0475127856393161 0.0421534195300444
-0.04919077521594 0.00319940672942793 -0.0510320682153813 0.000574909963262048
-0.0365445704309193 -0.0342608573729959 -0.0257704423117119 -0.0245086236594384
0.00778579651539938 -0.0484661655933467 0.00242356964510454 0.00214743453462381
0.0383828045672726 -0.0291543751924847 -0.0507643220369289 0.0686691442004071
-0.0221000813666468 -0.021680217313023 0.0505053580541091 -0.0786268347611486
-0.0192886946895306 0.0135801698006353 -0.00855296822374661 -0.0184006911295309
0.000209824456407704 0.0235640248186971 0.0245374507396085 0.0365643064025781
0.0177384603381587 0.00703713540235223 0.063230921182053 0.0105171933362593
0.0109093294118537 -0.00815705648819275 0.0659252814413381 -0.0451966260061582
0.00323896845092028 -0.00938394998978014 0.0266689928505758 -0.083440938974782
0.00686805674899394 -0.00934299624286512 -0.0161619421973062 -0.0791740678832086
0.00722866755305118 -0.00792107080962598 -0.0329654543681176 -0.0620653372461565
0.00821622752212954 -0.00382789043465802 -0.0331246536811917 -0.0615269604068447
0.00770481081858238 0.00353816434046417 -0.0208322218573081 -0.0655167029088308
0.00662016897508133 0.0125239294148721 -0.00513486556665148 -0.065440153789625
-0.00732383365825333 0.0203876233413583 0.0178425432804312 -0.0617634740740153
-0.0291454616844988 0.0135982075693702 0.0406309661615528 -0.0605162612544506
-0.0299825589745146 -0.0156862319720925 0.0334134167748709 -0.0739340061894039
-0.0171183814010756 -0.0373987698017717 0.0303596602190121 -0.11394189805629
-0.0113006608058066 -0.0694883633397341 0.0516620646169891 -0.0583488007369129
-0.0318914201411524 -0.0306459839967396 -0.0105218105639069 -0.00596850426097462
-0.0367008700963682 -1.25404782550787E-05 0.0275761318549827 0.0532841264403613
-0.0221267397260975 0.0144633793645505 0.0754881815129624 0.0250129088538731
-0.00540913509459212 0.0182915474820131 0.0777953442621483 -0.0443667603110584
0.00214962867169244 0.0174611923505571 0.0351343933259624 -0.0835891956633664
0.0165194784115458 0.0207468129039432 -0.0105923517903284 -0.0808310810073219
0.0207011514319976 0.01953595880317 -0.0298867113746693 -0.0589266581229182
0.0185753531706267 0.0250033853137141 -0.0323934051729335 -0.0560641105765893
0.000668662511157873 0.0313311887560212 -0.0220443842990779 -0.057512573659968
-0.0149280935620475 0.0342878712181121 -0.0101060169888702 -0.0588461334401527
-0.0469593574839188 0.0197927282734413 0.00843325059974059 -0.0556235873852606
-0.0593429256175581 -0.0138686090433562 0.0288790035405843 -0.0553854855214392
-0.0333294838992642 -0.057543827752782 0.0172737850901833 -0.0701578260089358
0.000117797570960013 -0.0846261496953595 0.0151248492586529 -0.102780051058241
0.00499533418729512 -0.10723930554189 0.0449982333117549 -0.0275044145626327
-0.0343863946131085 -0.0764268574539305 -0.0179041609101483 0.0138426364403053
-0.0700223393611491 -0.0318036779834997 0.0232587888495163 0.0757714527536928
-0.0658847554801101 0.0137723337373594 0.0817040667269463 0.0472281705902445
-0.0286563933449177 0.0438085685765025 0.0877652171818302 -0.0342108034176336
-0.00323277376382457 0.044436733028282 0.043141479515953 -0.0729381067335248
0.0213972633615871 0.0486608583705153 -0.00194681361449126 -0.0711577682382559
0.0312452500438251 0.0442964896369899 -0.0223641293566893 -0.0466390433379424
0.0287882721697147 0.0489136145002748 -0.0281709492226488 -0.0407684548853134
-0.000481059134494909 0.0544902869941559 -0.0228296847429042 -0.0403165495591293
-0.0279006086355846 0.055128409081301 -0.0196910100408488 -0.045843252170193
-0.0764115957310446 0.0278469992809032 -0.0061621856835308 -0.0475933643449386
-0.0874292127192004 -0.0274797570840753 0.0151866478543117 -0.0498703095574674
-0.0419432116979999 -0.0869815007812849 0.00412715957883338 -0.0592809548071178
0.0111667679753088 -0.118709200059468 -0.00330954759380899 -0.0772299439580678
0.0226627082179813 -0.128816477738142 0.0293646482385723 0.0112967413838682
-0.0266158824719311 -0.114166764596427 -0.0293923522210811 0.03827525814709
-0.0900816525014733 -0.0660093797982702 0.0106826716087277 0.095038315674218
-0.104242618816686 0.00438911594398168 0.0762945292458941 0.0719732442550875
-0.0532346751680054 0.0612016232657639 0.0886715528254805 -0.0140391906249289
-0.0115612508380473 0.0656073968597175 0.047698678368375 -0.0504816204778641
0.0214636721693413 0.0701448191309401 0.00812677729609469 -0.0511644865609114
0.0375241023822878 0.0619501663482454 -0.0116949492689135 -0.0277757744430507
0.0371406883680758 0.0643457116604044 -0.0196067947061323 -0.0191521050605893
0.00211390331494871 0.0687742083465831 -0.0206748718183584 -0.0165428417670853
-0.0307649590857406 0.0691700802162297 -0.0275410376716798 -0.026150689323561
-0.0915726191966339 0.0374904162550904 -0.0191376460621675 -0.0355506696414886
-0.104523833647644 -0.0305162308345599 0.00328818435728612 -0.0425861224905045
-0.0487617839534987 -0.100220036103272 -0.00234793983685448 -0.0444403549872459
0.0177921428542127 -0.13538675787654 -0.0187911181975946 -0.042875906234939
0.0374215968414849 -0.127904383930132 0.00755638112972119 0.0516650035106532
-0.00958894658436785 -0.130776715596454 -0.0433478185502185 0.0630564476935759
-0.0898032282310972 -0.0929088264712833 -0.00830492270528503 0.106576084532738
-0.122673193116384 -0.0123751194223691 0.0570970133333204 0.0911414240670519
-0.0714593746628287 0.0644173475109672 0.0774029597768829 0.0113025014619065
-0.0192265839281796 0.0746996685250533 0.0460041061646431 -0.0196469302733529
0.017976593755518 0.0804819636914969 0.0172550556163727 -0.0233842505426859
0.0380909224777812 0.0702042880170657 0.0012435852199045 -0.00480852022749203
0.0401908321767496 0.0700169721068358 -0.00852350214514489 0.00490728983192538
0.00508188479924054 0.0735110282543749 -0.016015303473034 0.00878069320167911
-0.0295602228281452 0.072556544437671 -0.0325683447344087 -0.00451373041493153
-0.0935223283991193 0.0395131640512867 -0.0288074621256296 -0.0222135067254602
-0.105007001342679 -0.0320029629196136 -0.00548458966667307 -0.0343481039792326
-0.0458258472367201 -0.100649481706166 -0.00191256921054696 -0.0280978566056031
0.0240898062120581 -0.132096482194051 -0.0294508888943171 -0.00567144433003647
0.0436703124556304 -0.104894403752686 -0.0150532794381126 0.0867434890239936
0.0106401992508544 -0.119785107354564 -0.0543784292646261 0.0812849101227969
-0.0682281064455014 -0.0996378845695046 -0.0273548050956378 0.104674075486054
-0.114047920280374 -0.0285268305809991 0.0305746670918963 0.0978914856553491
-0.0752513222932974 0.053687593243324 0.0565282528831695 0.0345805416863315
-0.0230064480340682 0.0701468829836847 0.0387898554297308 0.0121700095730355
0.0125726549998527 0.0770084655667939 0.0239419926978 0.00603894279120306
0.0327445666289389 0.0676170234683715 0.013319390101369 0.0178658740808419
0.0361638982498786 0.0674164527223525 0.00295718139648795 0.0276936122732808
0.00484304633810085 0.0691367164554785 -0.0111092394936066 0.0318623643264614
-0.0282633559741279 0.0657969371916603 -0.0358147794364645 0.0153563039706394
-0.0858160958859905 0.0309903871289932 -0.0362400770741855 -0.0102495245207169
-0.0903568545839498 -0.0348367364462753 -0.0120157849249156 -0.0278023536841123
-0.0315344161418955 -0.0906742625232858 0.000676028813678619 -0.0141792910299626
0.0311656856720687 -0.10989189355391 -0.0373594499194553 0.027934541228973
0.0387661992516423 -0.0629059351609913 -0.0333136356586413 0.109860956404936
0.023606269831331 -0.0848707918224573 -0.0592412269355188 0.0915968918041137
-0.0377880230374385 -0.0819842874261124 -0.0397539946961689 0.0924118024980635
-0.083239955059531 -0.0340113656254913 0.00593987753426209 0.0918672219351902
-0.0620297839400381 0.0351322256552971 0.0331113981462518 0.0512609190582447
-0.0205825634118562 0.053293142652799 0.0286502010725217 0.0389790713532538
0.00706435116123633 0.0602184858000409 0.0285829916655747 0.0330975964451004
0.023387560233026 0.0547670713082014 0.0232066396195482 0.0376997188361659
0.0265509187513354 0.0549422262229542 0.011860344529285 0.0479539509793431
0.00243697377189878 0.0570328521421568 -0.00864038405419329 0.0510269248092808
-0.0260881862085213 0.0520157295397411 -0.0404368643432355 0.0307465053636865
-0.0706983226181184 0.0175530742196925 -0.0432428014715607 -0.00288377476822738
-0.0663314004950494 -0.0372033106856037 -0.0189895509570043 -0.024063949933064
-0.0117377218069718 -0.073164972299135 0.00249193053133971 -0.00410236224623063
0.0372094973111993 -0.0739327053411465 -0.04430053896958 0.0535833517722627
0.0257574272888337 -0.0100866869216101 -0.0397655286035411 0.117690441430496
0.0277322469811589 -0.0354727130934173 -0.0533128956674994 0.091851264352688
-0.00715428816379313 -0.0470835710982412 -0.0428679005419235 0.0748841443825655
-0.0409187631890705 -0.0277649212001973 -0.0105369485182673 0.0800668718907914
-0.0366962633515306 0.0144350191452187 0.0152110571750543 0.0609415376759343
-0.0128180354022568 0.0281732192741549 0.0212124510582815 0.0566158459875906
0.000679522010382134 0.0339652064232351 0.0316096717883263 0.0519153554528993
0.0103880727574452 0.0339865581676807 0.0296044691457493 0.0509896610217407
0.0134951015407606 0.0355534762523861 0.0170655175190679 0.0628237776174144
-0.000811841584295684 0.0387170578100752 -0.010347601631338 0.0649789369225938
-0.021588970027408 0.0334787915532292 -0.0483648029189421 0.0411054890787305
-0.0495154502063274 0.00307756384110696 -0.0512493606450169 -0.000392641434424275
-0.0363611606881164 -0.0343549512994698 -0.0249314678562945 -0.0250216612270236
0.00832082948872457 -0.0476426045700948 0.0027830865224841 0.00176753365803836
0.0382259085460533 -0.0284740312133349 -0.0514839399755362 0.0689562302535678
-0.0228198909393092 -0.0229586567844007 0.0514796019743617 -0.0803520622954034
-0.019766023089276 0.0137015928957495 -0.00952821755654945 -0.0192937010536214
4.23350232199408E-06 0.0248533873917351 0.0246689862513642 0.0381765161762042
0.0184101535596611 0.00762989562744871 0.0652150165693657 0.0118600475491254
0.0113157459690852 -0.00860198507573371 0.0672052925663707 -0.0459230033815953
0.00312263134919547 -0.00933917152766782 0.0264148243071568 -0.0856350826330887
0.00685613868016859 -0.00978423923735919 -0.0170073772498337 -0.0810163963831989
0.00765409888519005 -0.00807186315730576 -0.0340067478731232 -0.0635280979064963
0.00863626838651427 -0.00394039180112342 -0.0344392506703031 -0.0622669875059121
0.00761745452471897 0.00361886758631629 -0.0223170735106083 -0.0673167688154549
0.00744902380270536 0.0126813041795981 -0.00527765794805442 -0.0671797391599596
-0.00733961123414281 0.0213752088158439 0.019421633311736 -0.0638475963572053
-0.0295553114414832 0.0144218095574084 0.0427331811326119 -0.0624940036783482
-0.0303883758847078 -0.01693725755168 0.0352400722998372 -0.0752555728951448
-0.0172443752618959 -0.0387533307008865 0.0319867030202298 -0.117154840949445
-0.0114818557754708 -0.0714541631238163 0.053246343075983 -0.0597463007675703
-0.0328980580117477 -0.0311724036877927 -0.0109150107293534 -0.00616066758283193
-0.0377634371150636 0.000518112292586402 0.0278833127855016 0.0560296815858574
-0.0229515592155122 0.014945044555758 0.077814425359221 0.0270835135033605
-0.00537195473114073 0.0188341224117579 0.0795770366174688 -0.0451374570292577
0.00221448357881096 0.0183192545160802 0.0350548931705341 -0.0862681956398533
0.017079690033148 0.0204606021747515 -0.0113667052248153 -0.0823752602896854
0.0218540556003583 0.0198701788943233 -0.0305896682406778 -0.0597898741507153
0.0192377276485309 0.0256160735785909 -0.0340554106263754 -0.0570350733268388
0.000863005801153179 0.0325594745377698 -0.0234474395845065 -0.059932924495625
-0.0151456025806867 0.0348659615880851 -0.0108516464908364 -0.0612984431766956
-0.0480267873514968 0.0208315617311678 0.00951531653087716 -0.057666667430546
-0.0610117876135396 -0.0140102946441976 0.0309641512640691 -0.0571230754624034
-0.0336087916105198 -0.0599150638751685 0.0181398822581198 -0.0710330730595896
0.000604746169088633 -0.0874574510079655 0.015748838605528 -0.105432809677111
0.00531209781483773 -0.110209423495873 0.046770279406311 -0.0277986593439693
-0.0360901939799902 -0.0784813664079327 -0.0186369828848878 0.0140484513693578
-0.0717461963903068 -0.0324121371882672 0.0230093248157648 0.0786547657785086
-0.0688011851142637 0.014866490994173 0.0841386209462387 0.0501705869583745
-0.0288944897314063 0.0449217975585969 0.0892201352589596 -0.0343931975443595
-0.0034652100319197 0.0456855204747647 0.0438233436512302 -0.0747408193183289
0.0225009639708708 0.0491889076146721 -0.00258897473036112 -0.072261339042358
0.0329252873526397 0.04479935047848 -0.0227266839400141 -0.0477244939894206
0.0299790257524199 0.0495283271289351 -0.029417917815208 -0.0413853844289343
-0.000175132027585172 0.0558222259108314 -0.0241873232540576 -0.0413977720461188
-0.0280368439907947 0.056314651471367 -0.0205481261652264 -0.0472088210975763
-0.0786449517382727 0.0298192054151172 -0.00520633918690352 -0.049485113502625
-0.0899576436958313 -0.0279927283627798 0.0168228856125112 -0.0515784850725708
-0.0425431220573654 -0.0893214756020296 0.00477695557272603 -0.060426595990617
0.0119449347438554 -0.122399916049062 -0.00300831237053773 -0.0789886636357893
0.0238077427090709 -0.132178344291325 0.0310339698885111 0.0121547847497573
-0.0272088711437551 -0.117256946347622 -0.0305990138474801 0.0386325103722031
-0.0929294217954802 -0.068084087471112 0.00997165774832025 0.0990534330269799
-0.108062752182131 0.00560108248011764 0.0786493950907099 0.0754136608879413
-0.0541908252064006 0.0629423923597194 0.090557064585309 -0.0136512563868132
-0.0115849251916431 0.0675088574887381 0.0491757264274797 -0.0518119596103726
0.0235416482915335 0.0714158641489156 0.00771151382675286 -0.0519868948727691
0.0394722848857169 0.0626452786693729 -0.0117368453712801 -0.0288559937641832
0.0380627068150946 0.0648568219419646 -0.0207387492112598 -0.0191285587869575
0.00343690164024395 0.0705315157446618 -0.0217514837488367 -0.0176532110563166
-0.0310714308857615 0.0705677169348683 -0.0286775262758897 -0.0270711285502778
-0.0940439914329036 0.0397467858981687 -0.0191765378515375 -0.0369498304613804
-0.1074320500719 -0.0314904690718929 0.00443287600903528 -0.0447700405535155
-0.0498623981640693 -0.102648032802203 -0.00136096231027566 -0.0453625393505173
0.0187315692951345 -0.13934604493845 -0.0188266700352375 -0.0434504832380474
0.0393440362489703 -0.131067944035172 0.00784158968677865 0.0533506084437114
-0.0092881712992441 -0.134361501349869 -0.0449698887298749 0.0639374877924313
-0.092235905928959 -0.0951324234153283 -0.0103975450345461 0.110246773117996
-0.127101737221843 -0.0122646916035365 0.0591510445539277 0.0953816785736391
-0.0729754037211684 0.066242226324794 0.0792952075902427 0.0128266742793157
-0.0196532699984626 0.0769017998216373 0.0482989402398579 -0.0204466752456019
0.0197594314563811 0.0822249209502123 0.0173583431511801 -0.0237398132115304
0.0399522543571653 0.071684465810671 0.00154089547879054 -0.00491876505973158
0.0410198393579978 0.0713157669610985 -0.00903851869133685 0.00564568045721721
0.00564816438956118 0.0755443451348021 -0.0168481466965023 0.00815990094046505
-0.0305435105053651 0.0744819522991224 -0.0339389169875478 -0.0050790074550926
-0.0959632631073116 0.0419440091309111 -0.0293696775065912 -0.0230248236913454
-0.107744916561766 -0.0323443315521026 -0.00495266027358729 -0.0365846065619021
-0.0471906830264906 -0.102776939972956 -0.00138835401681024 -0.0287104775728896
0.0246179400566788 -0.135476532802245 -0.0302706916520819 -0.00518455525233197
0.0449468281217281 -0.10709876256109 -0.015870279908773 0.089073469359303
0.0112861317226204 -0.123100799671777 -0.0564027363872901 0.082861401869416
-0.0700516143679859 -0.102494727945954 -0.0302035834116234 0.10804671689657
-0.117931531964986 -0.0291393664746842 0.0316220051770901 0.102039599832125
-0.0771594417624895 0.0549370963969138 0.057836090648344 0.0367309460075389
-0.0235560156372674 0.0720144968400594 0.0406974772836566 0.0124892224905947
0.0141982557819836 0.0788444421522874 0.0247505469758225 0.00635185843485556
0.0350538403273187 0.0691389405627924 0.0137525497748477 0.0180769048348803
0.0376479398544766 0.0681258974906286 0.00254751857973392 0.0289330568314547
0.00592460299934102 0.0709201438434304 -0.0113230933665423 0.0316131562263258
-0.0287471501693829 0.0675509058916658 -0.037421918788144 0.015315906341207
-0.0880757012956459 0.0327080138159466 -0.0371238623995425 -0.0109764676117001
-0.0928301477929071 -0.0352882291915745 -0.0120053929916318 -0.029180832883423
-0.0322245806604321 -0.0927846338427624 0.000887484969661992 -0.0150244216911593
0.0319109892938482 -0.113267802767895 -0.0388032025991811 0.029006336000256
0.0401766266521844 -0.0640774985981285 -0.0343763094089836 0.112945827591531
0.0247184001851749 -0.0867938427517107 -0.0612420643297713 0.0926981136270935
-0.0387085756687317 -0.0848029405598961 -0.0431654589461111 0.0950651264029319
-0.0861990400687965 -0.0346396365119026 0.00592975773953626 0.0951729064014029
-0.0637038182840714 0.0361242090889991 0.0334694890145022 0.0531210613338854
-0.0211444609800106 0.0542792686087889 0.0305680990354238 0.0402648065097019
0.00759126681885596 0.061938418654437 0.0297998682580752 0.0337307834884831
0.024833942965764 0.0561887497563938 0.0237922476423237 0.0381364730769706
0.0273795314573895 0.0557808219039245 0.0122840228898853 0.0485974748778122
0.00267126245876679 0.0587514017349385 -0.00874893184928672 0.0515340334017517
-0.0266805652800618 0.0536092274690326 -0.0423357070673095 0.0312791214928777
-0.0730099550651397 0.0181680759529494 -0.0443105021873917 -0.00325737705287798
-0.0677781455609892 -0.0382549008107312 -0.0188172818396025 -0.0258096957149178
-0.0113044688891592 -0.0743014067605186 0.00308108581465657 -0.0045458442400138
0.0384726244755409 -0.0757599785161532 -0.0459540761566746 0.055402440659287
0.0267771329684801 -0.00966927556504276 -0.041935319816533 0.120784544322042
0.0287552200647626 -0.0361736608420743 -0.0554613555806573 0.0938385774736985
-0.00765350304414921 -0.0484492824681664 -0.0458339104059266 0.0772249403380503
-0.0423461858858173 -0.0288823206165978 -0.0110399620463706 0.0824749589883177
-0.0378433118071853 0.0144659819263133 0.0155117937090547 0.0628699799949927
-0.0135739132096063 0.0286693825090753 0.0229263708801395 0.0586321061993665
0.00060636440735898 0.0349001088681313 0.0329568027863068 0.0525904180097166
0.0111316649882285 0.0347124757024818 0.0302035301959089 0.0514828597139903
0.01359971185633 0.0363069541200399 0.0176889188782218 0.0639631567600393
-0.000732807094718083 0.0401054210212279 -0.0101707834965873 0.0655843631736445
-0.0222497596793819 0.0349336336805808 -0.0494669012898964 0.041912747624377
-0.0512936787285953 0.00374052150494053 -0.0528927283161184 -0.000989381582415214
-0.0371650079536214 -0.0353692425684216 -0.0253892450600048 -0.026226737948065
0.00905625125182765 -0.0479831197291243 0.00337876629482723 0.00110663535204068
0.0394203119034496 -0.0291045873529486 -0.0530526898306631 0.0709018086511529
-0.0269051205934862 -0.0224670173480625 0.0512670710068118 -0.0874895951803409
-0.0193041328604003 0.0158755574109106 -0.0123341538817566 -0.020774629094485
0.0035561310020792 0.0260115365968149 0.0261729935747483 0.0383008057656293
0.0204863642421623 0.00547576946399084 0.067279512005844 0.00994900898273991
0.01063676081185 -0.0111746598881664 0.0666396444367934 -0.0515221657801656
0.00107164270500227 -0.0106948393893566 0.0208897915760467 -0.0893350186213294
0.00508079676780213 -0.0114865827891939 -0.0243528826874963 -0.0809010653607607
0.00650440006648338 -0.00944038768272454 -0.0403293041506555 -0.0624169364889111
0.00838777908660823 -0.00499558267508994 -0.0416023445014778 -0.0626341533555697
0.00922995495284152 0.00348409917963585 -0.0300931628448179 -0.0700289410069275
0.0103582243829005 0.0123082964241156 -0.0111832546228235 -0.0719938761566547
-0.0044256286307797 0.0238770348045126 0.0166015682292573 -0.0710824656611602
-0.0283598128375511 0.0189997212277034 0.0428416622784343 -0.0707693775913638
-0.0318813336176225 -0.0151743239918662 0.0332058307649867 -0.0798394906745048
-0.019540757957223 -0.0402844831551075 0.0266851044144871 -0.122828801145565
-0.0207324770912076 -0.0725387709134238 0.0578845690126964 -0.0647686469422919
-0.0373532409556063 -0.0283278117631726 -0.0109534171430601 -0.00735946939309343
-0.0378670836484554 0.0058123682447836 0.0324637433332594 0.0535196707741023
-0.0201765226770821 0.0183923716857891 0.0818051385607721 0.0211316802109446
-0.00310212699776675 0.0182127812272257 0.0773309204183467 -0.0527138676368605
0.00280276058302343 0.0172839670945408 0.0282147170948607 -0.0913484834807385
0.0197158117233555 0.0180220325208855 -0.021249069147448 -0.0830579557597012
0.0237835509776935 0.0178064597521332 -0.0370804873431015 -0.0582183153449568
0.0228358203867138 0.0237569640427682 -0.0411106335894593 -0.0564020970280148
0.00518197179043141 0.0332421578179829 -0.0306590021348282 -0.0620297992174364
-0.0105442420643183 0.0369576050975494 -0.0167892047262265 -0.0652072307088591
-0.0465373771629941 0.0280230189462373 0.00773454048673069 -0.0640325522761307
-0.0636716855022844 -0.00724437252258832 0.0322746281930281 -0.0641087446630296
-0.0390997701724548 -0.0600807295271562 0.0147125864094979 -0.0720725745577317
-0.00477153539549962 -0.0935323007779345 0.00727011095859697 -0.107316792346308
-0.00761174316256166 -0.112949879692964 0.0550639749518334 -0.0299851519671064
-0.0451820089704441 -0.0758513624952851 -0.0145002129221144 0.0135958195372398
-0.0765951572041274 -0.024363632891843 0.0322446089883793 0.0748068345288363
-0.0670164791498312 0.0242237082936467 0.0913513506774123 0.040904963539537
-0.0239041508834265 0.0474072152865453 0.0863877622363358 -0.0435251862487632
-0.000195158985728677 0.0463163061457985 0.0370201266516507 -0.0804334793407676
0.0291799128223069 0.0472479975068787 -0.0133022299238646 -0.0752238474604113
0.0374459506995571 0.0422093727971469 -0.0276472583594054 -0.046579803801881
0.0359705378143292 0.0470565522339774 -0.0346488708384669 -0.0403264563216765
0.00635430431869742 0.0576575494510596 -0.0299757926922592 -0.0432932889107101
-0.0218898447408594 0.0599072032580025 -0.02637077931113 -0.0501621399611822
-0.0774935211039616 0.0398960710474766 -0.00685056080690882 -0.0547808309649736
-0.0947067002696215 -0.0189508753909716 0.0190235542194626 -0.0568809968985026
-0.0513099291800617 -0.090557405774292 0.000214276953270049 -0.0582735931704339
0.00462324251084965 -0.131780977638805 -0.0134409459701119 -0.0767552974580544
0.00948137418772239 -0.136410277700998 0.0424453543190211 0.0135787422789359
-0.040094787810635 -0.115403572864719 -0.0227853201671062 0.0408393336608562
-0.10149224535604 -0.0579566247491605 0.0230718063603965 0.0951354847081908
-0.10853204326541 0.0196788041585492 0.0888680021623928 0.0644265480943302
-0.0477041659859733 0.0680622784742604 0.0880379295412588 -0.0235781226385392
-0.0060155905377078 0.0691463537251931 0.0433238580973088 -0.0577910710259643
0.0327889022928237 0.0703166938493584 -0.00164220096414553 -0.0561837959182762
0.0460061389413249 0.0603401077362536 -0.0141233968780988 -0.0271374789938015
0.0461334146123884 0.0622548123005101 -0.0234504478378742 -0.0180147375949508
0.0108558419958476 0.0724692807124431 -0.0257313405013246 -0.0188747120959994
-0.0240802002046219 0.0749062383062652 -0.0339725658900901 -0.0287444450053699
-0.0921243484656197 0.0521349622666862 -0.0204127869712118 -0.0418328625174618
-0.113547533358742 -0.0208902820846722 0.00709527604394777 -0.0482318884267627
-0.0608020524299197 -0.103732721072223 -0.00508964305539143 -0.0404239168799243
0.00929675836496507 -0.149898310059434 -0.0289245766036396 -0.037310138793973
0.0257020015108622 -0.136735324591323 0.02092343858433 0.059017782447015
-0.0230578926543174 -0.134565771800981 -0.0347465437244636 0.0688532092736734
-0.103922467531655 -0.0856293096100859 0.0055816303505955 0.108255295687249
-0.129833523938396 0.00445506371300755 0.0718767411265002 0.0849404189154105
-0.0661271282237188 0.0740652859836349 0.0780918298615495 0.00260887034148337
-0.0132403909366325 0.0800924727851894 0.0447809645028069 -0.025569624976822
0.031003383141922 0.0824036234761375 0.0100892379030359 -0.0285426356546205
0.0476330670446127 0.0689694982245837 0.000377265762943084 -0.00411041149124511
0.0499299414771295 0.0679097914541735 -0.00907588537473916 0.00616609820050477
0.0143798582557949 0.0768951175457007 -0.0185143683530223 0.00763932341798133
-0.0235791876278762 0.0782931668117776 -0.0376492011201786 -0.00488890362694865
-0.094199097689348 0.053498360186323 -0.0308266792218765 -0.0258798664288493
-0.114275573537798 -0.0226232004867244 -0.00189296459580351 -0.0385830532822646
-0.0572493555040738 -0.103804464050078 -0.00426516525221723 -0.0234118775531508
0.0154132135742395 -0.146246820256027 -0.0383312967199606 0.00359602087333551
0.0353104818907233 -0.112296208746557 -0.00376667297247001 0.0970838162777657
-0.000759966465215293 -0.125095232344267 -0.0461023927090957 0.0901275532257704
-0.0823201233293727 -0.095863256526718 -0.0153197105227932 0.108914376352343
-0.122945639487332 -0.0135373234789348 0.0448867705897006 0.0945768996730869
-0.071367822794738 0.0635805777144918 0.0586587582616567 0.0286964572903527
-0.0169122085107218 0.075562669593329 0.0400677153323772 0.00838724411598296
0.0248449433740033 0.0800272699570272 0.021147766085236 0.00152836514591366
0.0422408645907636 0.0668349563994114 0.0149812455426545 0.0182712955683138
0.0455293096294694 0.0651422858213722 0.00503144460184186 0.0296070041691841
0.0135222540257408 0.0723133622597547 -0.0111878294297516 0.0323650666109298
-0.0224116026862889 0.0713571821122914 -0.0394652259461043 0.0172601207423176
-0.0870408038203076 0.0433169776717717 -0.0383392941109168 -0.0120991278487201
-0.0991058599324945 -0.0277750350912692 -0.0098593920317011 -0.0307577062572223
-0.0415034459849495 -0.094292811601 -0.000906676357658276 -0.0104787001702947
0.0247364736813742 -0.122756637496286 -0.044575787255255 0.0384597327042454
0.0352422360801296 -0.0678994521958897 -0.0250584915220363 0.122418719252807
0.0173166522214533 -0.0893769755494496 -0.0528787969738678 0.101173710580693
-0.0483238132549608 -0.0808631404853592 -0.0311086311537663 0.0990759968872314
-0.0915076036760378 -0.0234761220424572 0.0178699075113082 0.0923116523711615
-0.0598750870332358 0.0432715984498409 0.0361037518908294 0.0480418805628269
-0.0158403564217273 0.0572318706140338 0.0326983371256463 0.0378559233609152
0.0158574356723471 0.0632402351398374 0.030137843832724 0.0296103966201494
0.0310329451141902 0.0556126182977643 0.0275704227640042 0.0374562768251992
0.0346650837368637 0.054073068857511 0.016738585193391 0.0499610135529201
0.00871863768542747 0.0597646760240575 -0.00610624446651205 0.0530173290798352
-0.0220369117183639 0.0566906050930704 -0.0432723318831586 0.0349306907793733
-0.0726135547756825 0.0267759871371813 -0.0458061019854552 -0.00280772629623609
-0.0735341581601144 -0.032769673966356 -0.0179440636923069 -0.025632720833155
-0.0180978820048385 -0.0770079612012586 0.00151628156400331 -0.000941100819842985
0.0338966922570479 -0.0838845336252833 -0.0500472626296101 0.064070818858719
0.0278603864162301 -0.0116004163113184 -0.0370364159575195 0.129382591823498
0.0269495661513677 -0.0382752100888812 -0.0498129531657711 0.101226087262126
-0.0121522407778127 -0.0477837249078628 -0.0388601756442583 0.082566290202795
-0.0460702983512541 -0.0230173988246652 -0.00228393322315845 0.0836508054888183
-0.0355594658393098 0.01941464738833 0.0197294618897982 0.06140197274124
-0.0106353169058085 0.0303083007440879 0.0276634396331209 0.057663063565795
0.00606761255343937 0.0362522428337075 0.0367265361090425 0.048968282463945
0.0150348860521336 0.0347709806056487 0.0350628693673156 0.0507071182979416
0.0182248154587984 0.0357846738211918 0.0233700937769118 0.0651854732017297
0.00341391036958502 0.0408465569294664 -0.00616077486636583 0.0686924227952751
-0.0194703361856928 0.0374703513495167 -0.0500205631498304 0.0471602078880562
-0.0525098902703754 0.00879759541868188 -0.0552009516855701 0.00137148478410629
-0.0418425196286088 -0.033709804872847 -0.0266074912345154 -0.0256472282583979
0.00597503932629284 -0.0511750524907097 0.00194643165930768 0.00258508689009289
0.038510675821726 -0.0342125587615806 -0.0548406992683345 0.078464632986116
-0.0295205509961282 -0.0226150678332605 0.0487935036591465 -0.0927017137320156
-0.0191950026331358 0.0170433369825512 -0.015193719913427 -0.0205262736233234
0.00498251510378307 0.0273656758078714 0.0284768412407475 0.0391579584131577
0.0218609055639667 0.00457512110702104 0.0703371266504025 0.00781858553436705
0.0105498722345013 -0.0118763794765071 0.0661919306055705 -0.0554821327119312
0.000931130210771722 -0.0107551569013503 0.0161834999115831 -0.0925304519992155
0.00476624255132439 -0.0122631767192826 -0.0294524659358111 -0.0812044816395928
0.00633827512199913 -0.0105624552632608 -0.0445240076424918 -0.0615708089370297
0.00827402189096955 -0.00608486444855993 -0.0467654043380621 -0.0614355960193552
0.00974503142245514 0.00271358138744745 -0.0356128600286679 -0.0703837611132165
0.0116579242262809 0.0120983616991213 -0.0152265120033057 -0.07377304409029
-0.00337398541120011 0.0255616963526188 0.015219431256334 -0.0748746799537635
-0.0284057322727494 0.0213304552805343 0.0411749433293122 -0.0756993402988771
-0.0339884587492482 -0.0146154092196184 0.0319873704546629 -0.0822087182456193
-0.0222993587839352 -0.0409313720336705 0.0222877002151927 -0.128151456700602
-0.0253029898790744 -0.0745118324827629 0.0567671303182581 -0.0692662690469326
-0.0397833667387854 -0.0272004611842915 -0.0127199000372169 -0.00700149686087012
-0.0389705128852989 0.00824965125264855 0.0361989298458056 0.0550492365170438
-0.019809131530613 0.0207481375773501 0.0860839776225319 0.018516294852394
-0.00187478078558161 0.0188223130619536 0.0773331797726968 -0.057073384330689
0.00391497125710299 0.0183705624735141 0.023978705998967 -0.0946965699392289
0.0219421521657239 0.0169343058659251 -0.0260767976316294 -0.0836655626224085
0.0256018337223527 0.0163843111574071 -0.0407382339839238 -0.0582736151395827
0.0243646781677327 0.0229873849579325 -0.0456211324919472 -0.0552017680199321
0.00693135546442163 0.0341200481581677 -0.0356517345479706 -0.0621074968715839
-0.00865482372547742 0.0384908523309017 -0.0209277962958512 -0.0668044520641319
-0.0464103354793711 0.0313661758231242 0.00575865366774174 -0.0673252558894068
-0.0655155404190839 -0.00424588325238322 0.0306717984506631 -0.0681806261506796
-0.0431088943545884 -0.0608068759463019 0.0123642720191575 -0.0739284425945067
-0.00983702801244998 -0.0967614672141059 0.00298688195730604 -0.111041104627113
-0.0135529213172107 -0.116813373971408 0.0560788205986677 -0.0331970169947129
-0.0504806688266673 -0.0760677902620091 -0.0151143174478013 0.0145390800649065
-0.0803800251215062 -0.0206597394737426 0.0365806556058466 0.0769124152114684
-0.0678413979398773 0.0295611298226115 0.0968907459605645 0.0383511871616368
-0.0221642007337879 0.0497437553798665 0.0872975444253583 -0.047792052076608
0.00279341259756211 0.0479382738704512 0.0335138411958776 -0.0850031125585893
0.0330501959788847 0.0465584899984721 -0.0173488087891262 -0.0754539735411761
0.0417014290741018 0.0405043263159813 -0.0307337310552582 -0.046258589311441
0.0394602475081124 0.0459860437451597 -0.038204130591384 -0.0394962381949125
0.00979140752201662 0.0591258774727344 -0.0345175198881963 -0.0432447899119673
-0.0188788051339516 0.0626908920861699 -0.030204823610034 -0.050772263415712
-0.0772757892744861 0.0457131794361947 -0.00924737737638136 -0.0570572119557257
-0.0982064407330634 -0.0147992394100052 0.0176772430172663 -0.0608816347827801
-0.0572335108360736 -0.0911052583425977 -0.00150270254300246 -0.0590164355224078
-0.00283569837237233 -0.136566907426879 -0.0170054848302668 -0.0777982472442555
0.00329238836948925 -0.141390319247312 0.0446283221541891 0.0121747815117498
-0.0470615092571029 -0.116807519096186 -0.0223087636218029 0.0427744116092508
-0.108241080907813 -0.0546724200701716 0.0273044100588999 0.0980971387589089
-0.110942496743841 0.0269538199153273 0.095335312620099 0.0632021411263448
-0.0454897203124376 0.0727875731629956 0.0893265254328238 -0.0273563790741032
-0.00265928330831695 0.072170724815043 0.0419452833578568 -0.0621447000348364
0.0380591268747232 0.069823017452104 -0.00494559179404059 -0.056482765220897
0.05150792566251 0.0587384208522828 -0.0159079442893218 -0.0276389104589166
0.0508190699519306 0.0607284404772617 -0.0252161437854172 -0.0168479072979592
0.0155320704647305 0.0737857974372274 -0.0285640115760691 -0.0185716235531653
-0.0206460015718681 0.0784873291678876 -0.0371016004432703 -0.028416059824571
-0.091956031720767 0.058947158128757 -0.0225673117490737 -0.0424180975826666
-0.117866896801139 -0.0152409918568647 0.00611033364486629 -0.0517528745378598
-0.0669445724904079 -0.104227073331841 -0.00664365052176182 -0.0413725767378169
0.0016881979082329 -0.155641536082241 -0.0311414450402648 -0.036411459370767
0.0208364253456702 -0.141936470820085 0.0243575366374956 0.0596734128339584
-0.0297120989582741 -0.137492780610713 -0.0330817252153458 0.0713686811139267
-0.111376818702005 -0.0832355565861087 0.00932007948485043 0.112467839697723
-0.134006482613258 0.0121235615963096 0.0782625043232955 0.0850069416516133
-0.0638897786473116 0.0795073583179884 0.0802851490683857 0.000405281843901407
-0.00936762678382733 0.0834005777140271 0.045483453332549 -0.0288403188294018
0.0370346435068974 0.0824276289459858 0.00888345617454255 -0.0290978204446713
0.0534189124044299 0.0676992293996127 0.000689496075246796 -0.00473076872789914
0.0549448027668756 0.0667624497025696 -0.0092582149345863 0.00713982791336021
0.0190755224459017 0.0785257068700912 -0.0193318043118592 0.00837962675042764
-0.0196695633276415 0.0819512601301491 -0.0397426807727948 -0.00343632185328832
-0.0935852300287828 0.0609794150187994 -0.0327807559082322 -0.0259438340599135
-0.118445392135511 -0.0169004443796042 -0.0034551320855974 -0.0416665590846974
-0.0640279577678658 -0.104005958401873 -0.00445280836310516 -0.0240867874738808
0.00822151765992553 -0.151900174269283 -0.0389637373779814 0.00610670272155046
0.0312317281856702 -0.117275826793722 0.000436176183306906 0.100503973649952
-0.00631855301630529 -0.129143959958206 -0.0442557716236392 0.0939816998528759
-0.0893050369218732 -0.0947344624798605 -0.0119211408333167 0.113911288804996
-0.127816093556887 -0.00740042369635566 0.0505685318296173 0.095702134637882
-0.0700889155776369 0.069153620384569 0.061749885896258 0.0278442225924636
-0.0136421964970181 0.078395522213271 0.0424767945670008 0.00661239034133317
0.0304212647136814 0.0801310867385353 0.0217877704997226 0.000803550559502116
0.0479203127959104 0.0663970349440646 0.016402414152705 0.0174756256111489
0.0502531614191706 0.063841659836654 0.00659504077019879 0.0301892407042642
0.0179881716891396 0.0734174597169707 -0.0101702408479026 0.0331545801534161
-0.0193133326929984 0.0744565426639289 -0.0407959752877612 0.0191380956452048
-0.0872398987160563 0.0496122371979878 -0.0402373158628876 -0.011203349294389
-0.103138115034528 -0.0228343670150003 -0.0114795038535799 -0.032534927510653
-0.0464457570297939 -0.0946603509274002 -0.000667952011512855 -0.0109909906690451
0.0187921547099151 -0.127737142428756 -0.044221342936599 0.0425433560517398
0.0335045603619802 -0.071931325953598 -0.0212110263109603 0.127246451209491
0.0138741651051677 -0.0930974390372175 -0.0502907881809388 0.105690201290695
-0.053409160829724 -0.0814721932143493 -0.0293019127356153 0.103601089628355
-0.0958325380776616 -0.0196932291409804 0.0221174830658196 0.0948270400262952
-0.0588399885501289 0.0476185764555688 0.0395933354386233 0.0488102063528851
-0.0137296665815964 0.0596940795050395 0.036865905227509 0.0372465535876846
0.0203531175128406 0.0637276779775718 0.0323019249405453 0.0280818166929722
0.0355164061470633 0.0549329636094783 0.0300064878279513 0.0367143403875797
0.0380453146369771 0.0533478237048593 0.019431072351208 0.0498607117178931
0.0129019929944495 0.0609130476786085 -0.00422427986805049 0.0536014937359593
-0.0194933427138741 0.0596635532911209 -0.0432520071859221 0.0377062613849291
-0.0743995438982558 0.0312004200398048 -0.0477303466162316 -0.000520521119588835
-0.0770898073192819 -0.0304373291155357 -0.0197193019697351 -0.0268895650367513
-0.0214375352172668 -0.0778489414282264 0.00209649133328127 -0.00170312031084644
0.0300786269796684 -0.0879227283926187 -0.0481478140533629 0.0690865460831649
0.0287229318677328 -0.0131332808288684 -0.032266043792053 0.135110351545899
0.026833215151407 -0.040977468199595 -0.0474991858440575 0.105291881293099
-0.0146724185601173 -0.0488411454974669 -0.0377263375999524 0.0870407477619695
-0.0489716654420674 -0.0216162984160158 0.00110206813274635 0.085954279839668
-0.0352564415370679 0.0217396345830958 0.0230919941908016 0.0626060935832508
-0.00927011896379577 0.0317549684763823 0.0325354965424774 0.0575451385625895
0.00830127152299255 0.0371059708413438 0.0404670286482901 0.0479000964849844
0.0176788818381158 0.0350477895506297 0.0385160305397231 0.049707971000655
0.0207327594372654 0.0357040451395471 0.0268751402170755 0.0647767041692778
0.00581293330579056 0.0419568438651893 -0.00364449867588633 0.0697657077689182
-0.0180814232140433 0.0392452275356393 -0.0497446374347196 0.0506091102793202
-0.0537139449350684 0.0121663568256544 -0.0567173475325456 0.00343321825406981
-0.044212572501731 -0.0322189326827601 -0.02815233899297 -0.026328313014935
0.00421055282122412 -0.0527025407011677 0.00287312022117696 0.00174902250444434
0.0375242922134507 -0.0369929200959215 -0.0521501074948904 0.0837851094216887
-0.0311669339099367 -0.0214081502754019 0.0442676092102005 -0.0953671957475347
-0.0189020261070816 0.0180146071810063 -0.0171872686770043 -0.0192453220682678
0.00631787979615856 0.0275172032768527 0.0315720616536223 0.0390342215320082
0.0224512264694594 0.00405302513083957 0.0714478551066141 0.00492087355198257
0.00985740764641384 -0.0122331546913244 0.0633191421274432 -0.0584706614943916
0.000355828906182678 -0.0104155815940451 0.0103027444550269 -0.0926773223016541
0.00363545743386423 -0.0130955251970488 -0.0340630287631207 -0.0793752505491269
0.00527210065242743 -0.0111187917902365 -0.0479918967818582 -0.0587113733525411
0.00792095468221665 -0.00663043351057526 -0.0505699720434905 -0.057781266825535
0.00998335235634575 0.00200027105235997 -0.0401979081045148 -0.067878613047418
0.0124209029565605 0.0112622564282622 -0.0198073369274954 -0.0742344474146688
-0.001891825879929 0.0259223795303305 0.0119433024106035 -0.0770620840264139
-0.0272153447497314 0.0233486189219819 0.037746846702164 -0.0789953395583257
-0.0353611479075994 -0.013991951337218 0.0285521636384177 -0.0828896635188833
-0.0248336298632571 -0.0405605685622074 0.0162111646540154 -0.129638930822752
-0.0299331524786394 -0.0741159343839309 0.0534818732762145 -0.0725092648170856
-0.0416363859911359 -0.0256144149376439 -0.014159796202023 -0.00626649380605729
-0.0387718254505473 0.0111556774015652 0.0394693971851749 0.0547162097978717
-0.0186799819431088 0.0224611658753911 0.0882273836513368 0.014732611462635
-0.00131949469532211 0.018989333772238 0.0748409054496905 -0.0605423471059448
0.00523985389850461 0.018571783320646 0.0182116881280626 -0.0956481005219292
0.0229189894815357 0.0153032062720785 -0.0311355973409451 -0.0814134357017555
0.0269681590926307 0.0140035170059635 -0.043908454743703 -0.0551855550986805
0.0257603469115774 0.0213355431459718 -0.0489494490731845 -0.0521871381097631
0.00936592082505011 0.0336596615774764 -0.0403858099910359 -0.0595428827899906
-0.0060899307846195 0.0387921023149986 -0.024723191050832 -0.0664097881748074
-0.0445496327354829 0.0347242766648624 0.00346674222409047 -0.0684352183616864
-0.0658135102165626 -0.000270471704674631 0.0273599543130765 -0.0710689351820277
-0.0468715519234551 -0.0596641342806492 0.00929838366967211 -0.0733534635284925
-0.0150872140416538 -0.0968911210537222 -0.00239710614516147 -0.111249497206239
-0.0203397857857201 -0.116843746154955 0.054865577225353 -0.0361880243081775
-0.0544223922121695 -0.0732346754691841 -0.015243016412907 0.0151421030291318
-0.0821765170895332 -0.0157939959804473 0.0402351144279182 0.0762247943035906
-0.0664404303755893 0.034487380692825 0.10038153301655 0.0342262668173536
-0.019274932521301 0.0513014304222884 0.084643739429306 -0.0516319793556854
0.00551437721387153 0.0485693371103862 0.0288040869145385 -0.0864187988468126
0.0360883886498014 0.0438991255424876 -0.0215549699519322 -0.0735288604960375
0.0445753524995015 0.0373271521662768 -0.0332984415183027 -0.0442446545828327
0.0419857739173491 0.0434078306230971 -0.0405482843305073 -0.0360903407967545
0.0134126425731551 0.0585341278702706 -0.0379820663850726 -0.0413316255249535
-0.0152039999025368 0.0638080288195783 -0.0336338827247681 -0.0500816806625337
-0.0747716939640233 0.0510288903383255 -0.0109935764675991 -0.0578396431880759
-0.0991610548594183 -0.0085546914807621 0.0146615067254092 -0.0635291012953726
-0.0622902457984108 -0.0888763877461232 -0.00385731254520631 -0.0583804659905745
-0.0107681743043233 -0.13743246556675 -0.0207655724587348 -0.076641341618963
-0.00385150124379721 -0.14258381769604 0.045877685050199 0.0102408489581903
-0.0532239681831119 -0.11510110218324 -0.0213435457197874 0.0434319314581159
-0.112021549656667 -0.0482068505203733 0.0323215490601105 0.0984552026680091
-0.10956356906327 0.035098858556833 0.0995526020559973 0.0590756414826595
-0.041417354337176 0.0753467369520142 0.0886044945777591 -0.0309020178938164
0.00183042339048332 0.0726803814679294 0.0389782541000348 -0.0643607814987209
0.0430604106831389 0.067403196940244 -0.00766552546197372 -0.0556051325541219
0.0554408129714324 0.0545175233252271 -0.0177445975512679 -0.0267175180791073
0.0549085331666869 0.056748466229779 -0.0265191911978037 -0.0152143410723092
0.0198124090633037 0.0729563121768974 -0.0306102451339615 -0.0172220035679217
-0.0160535528884446 0.079740141684299 -0.0392091257769834 -0.0266777586318911
-0.0884054927917739 0.0656644946507752 -0.0243654267758562 -0.0424936512676387
-0.119023688838808 -0.00819191886839592 0.00347185918078548 -0.0535610977347367
-0.0729520804702812 -0.101134291550977 -0.00818438951080322 -0.0407685937197688
-0.00755448339048184 -0.156466270740666 -0.0329417509977772 -0.0340663085218492
0.0132668192707919 -0.143503306913489 0.0276919387020336 0.0590614568402076
-0.0371429384710415 -0.136484563553192 -0.0309788690725819 0.0725628534842892
-0.116475343608334 -0.0775626017695723 0.0141487342992041 0.113424712754277
-0.134074183801389 0.0210118022897942 0.0834504666812426 0.0820258568704436
-0.0602495384186929 0.0831893991257864 0.0812647654055157 -0.00249174833488452
-0.00478647512454108 0.0843733652076379 0.0446650172316684 -0.031610663861492
0.042045383534203 0.0793217530151613 0.00759342564545949 -0.0290734476278923
0.0588239114379896 0.063920872422506 0.000438890528910562 -0.00547405623669695
0.0589582097302931 0.0628826374986915 -0.00887147822250008 0.0081619731863345
0.0239838532796707 0.0771196945815917 -0.0198829885108147 0.00865120074224764
-0.0151817641586437 0.0831703964224556 -0.040496400685487 -0.00107490349409718
-0.0902896468525562 0.0671316685478146 -0.033757899910334 -0.0249617590496777
-0.119829333570291 -0.00964865728291465 -0.00557487565326068 -0.042771326169069
-0.0686302812047436 -0.10086296513491 -0.00540093153495476 -0.0241747637994881
-0.000718507699935906 -0.152490456908946 -0.0384546751808177 0.00898768900827622
0.0259568113687746 -0.119625550703458 0.00527310415058523 0.101263406082551
-0.012539486189359 -0.129717116962915 -0.040643661009924 0.0953560905598253
-0.0950332373177578 -0.0897019923896094 -0.00730459751065238 0.116130343808382
-0.128774315439222 0.000833738479704956 0.0559460768822674 0.0938633693046799
-0.0658519538288723 0.07317464787117 0.0633276674270294 0.0257120613787525
-0.00919975367191777 0.0798224166675821 0.0443118188136905 0.00390641701380368
0.035927233880031 0.0778683500787895 0.0222632923396618 -5.90603700690554E-05
0.0530474731362196 0.0632449194521899 0.0175481814086134 0.01615868301954
0.0544377307729302 0.060657240087289 0.00802440607503426 0.0296375307966767
0.0227252086303811 0.0724671954061902 -0.00903873568277752 0.0329865400565802
-0.0150652782638502 0.0756651489944107 -0.0404693955938563 0.021107613345874
-0.084490604349028 0.0558584485759576 -0.0405289547540003 -0.010025827840948
-0.104297516309848 -0.016800643482294 -0.0130049330090942 -0.0337175652360507
-0.0514037962617511 -0.0923766493709269 -0.0013267972020127 -0.0109399557778449
0.0112802088957077 -0.129036545224284 -0.0412760520342598 0.0459962971036446
0.0304223669142416 -0.0739815171680892 -0.0147094093542998 0.129020221907826
0.00971505615262689 -0.0947524601495837 -0.0459714440053674 0.107830615614613
-0.0579174927047006 -0.0789455957599344 -0.0251599067606171 0.105799179770058
-0.0971752988100016 -0.0137838336355664 0.0271563545673217 0.0937806647223705
-0.0563605771771627 0.0508672968679615 0.0424018711602234 0.0476975763726393
-0.0104941529870675 0.0607628225196616 0.0400489246490545 0.0348144439389906
0.0247504955859079 0.0624088633726046 0.0344308774014531 0.0262796617849689
0.039907736496184 0.0525812010371783 0.0320092011061646 0.0349307400422102
0.0416300841824266 0.0509719608470257 0.0221850749033569 0.0484624377008238
0.0170371574621503 0.0603947620284359 -0.00180167606334931 0.0531700929451782
-0.0159968621754472 0.0608906641963199 -0.0420942548476225 0.0398108527510774
-0.0724747477771657 0.0365446288325778 -0.0477328576234508 0.000729171001673106
-0.0790263676282453 -0.0253806399142125 -0.0212608937599286 -0.0268753326933172
-0.0255096863606863 -0.0770065473015229 0.00223985229537181 -0.00234146161613533
0.0247949810190446 -0.0896602812226299 -0.0442597443409515 0.072649343285018
0.0283758410163451 -0.0149674651040914 -0.0261507040438702 0.137489307516756
0.0249638655384588 -0.0430201847158572 -0.0426455685113634 0.107558028612036
-0.017173205712955 -0.0485988158236441 -0.0348802221335424 0.0890726679937869
-0.0503099425667692 -0.0190536954498747 0.00543039686944297 0.0868860399033777
-0.0340925289337674 0.0235456971234687 0.0266144861205894 0.0618278764601772
-0.00810756588815161 0.0322867579245521 0.0368404681697517 0.0555108209054047
0.0109906806429762 0.0363387653347275 0.0430752555462016 0.0452732239270255
0.0203754430435603 0.0338054393168967 0.0415146242112956 0.0472788175597891
0.0232795412416067 0.0346506601280767 0.0307302766861733 0.0628356742133434
0.00851721745127917 0.0415239091737877 -0.000173039875178673 0.0688458804700518
-0.0157468148703805 0.0406748012661388 -0.0477173256657564 0.0528366809053156
-0.0539138261975073 0.0158190571694055 -0.0568652322827745 0.00599811501340195
-0.0463588787204407 -0.0298664905803083 -0.0297270258654559 -0.0260934650459594
0.00176032460207842 -0.052960757507725 0.00303285856181414 0.00115740481896212
0.035290678277412 -0.039117901669492 -0.0476742814105513 0.0869335670443623
-0.0326410431257047 -0.0205539352997035 0.040728160874909 -0.0956840315968981
-0.0181057837055616 0.0180996540692213 -0.0185941895029564 -0.0177441695793519
0.00741184145074683 0.0271617243869324 0.0322151904903205 0.038315233913393
0.0227613837683266 0.00321694670879267 0.071390934012392 0.00274759687582367
0.00915548485725589 -0.0117942394555855 0.0612921153539437 -0.0591135573099541
-0.000215557272907043 -0.00999003862319113 0.00636013756815202 -0.0906376361314804
0.00277055644429045 -0.0131250695688123 -0.035955826316835 -0.0756280214975046
0.00447219874665776 -0.011568257814725 -0.0486258325802719 -0.0554344355155302
0.00731542938238521 -0.00638003735200581 -0.0525154336655387 -0.0541023187725652
0.010024647303224 0.00149652259873561 -0.0428554732363369 -0.0647814264125788
0.0130702474317987 0.00991633471365779 -0.0222608601121338 -0.0725209690133367
-0.000706977759612265 0.0260280842699068 0.0100823105203372 -0.077297609607177
-0.0255568244670793 0.0243655782496913 0.0352852892286041 -0.0791258853463231
-0.0357139658779646 -0.0133893479192906 0.0266878198923885 -0.081106984627849
-0.0258156872612538 -0.0393885034949482 0.0119074605389009 -0.128793491689631
-0.0325569759523379 -0.0721031935235757 0.0508226139375724 -0.0730712326825106
-0.0423769336211063 -0.0238476703729269 -0.0155233920162629 -0.005116332333986
-0.0378431684264307 0.0130770569996956 0.0410178373985421 0.0533427846174472
-0.0168263589593018 0.0236875917611653 0.0880742014932735 0.0124613377664377
-0.000265144806782655 0.0193106410106119 0.0721049221400643 -0.0611803231299049
0.00601147527802551 0.0178618440541814 0.014055352846493 -0.0941416839288636
0.022664774555738 0.0134589357652329 -0.0332201788024131 -0.0779998485686595
0.0267618622468477 0.0121552550877239 -0.0449997548179983 -0.0527115701959126
0.0263866259491994 0.0195764670281955 -0.0503199124038099 -0.0480294346492503
0.0104965355386395 0.0330585786862388 -0.042417374596355 -0.0575140442985707
-0.00429462232086086 0.0380574316485472 -0.0273019928530777 -0.0647787044641884
-0.0424630296796796 0.0364715314688534 0.00176364710056493 -0.0688511693408742
-0.0645743369083745 0.00250429205341327 0.025248637501348 -0.0713501632286035
-0.0483053024290585 -0.058241794053262 0.00755141402616151 -0.0714748084544319
-0.0187588224912302 -0.0953267387056234 -0.0057750723354888 -0.109330218201117
-0.0241031159767226 -0.11459849413959 0.0534616270530243 -0.0376599173885298
-0.056386105539901 -0.0706455116823663 -0.0158396622282625 0.0154976602901241
-0.0815741593336577 -0.0119933227352437 0.0424485662400754 0.0753703783741027
-0.0636745192280537 0.0375747935100105 0.100627352681668 0.0310650152451241
-0.0170226215467051 0.0510542356704139 0.0821541505422859 -0.0526088036751175
0.00788714234087543 0.0476984005741364 0.0250424660585152 -0.0861869905695286
0.0370514270421491 0.0409073180650942 -0.0232952877923468 -0.0705577771699567
0.0456652628309809 0.0338944063719606 -0.0340332340980955 -0.0424118854302571
0.0430699316063512 0.0406088297108206 -0.0416318576646213 -0.0333478879848464
0.0156842886334344 0.0568952226476045 -0.0391482897239282 -0.0391161340373743
-0.0122489164125684 0.0630349424290147 -0.0348882388820522 -0.048341837690558
-0.0713404906892942 0.0538849247509238 -0.0119118408807462 -0.057511902575195
-0.0979368765660883 -0.00460823542500851 0.0126315349419682 -0.0635214885253557
-0.0644990966280091 -0.0863119708396839 -0.00471796220791367 -0.0564466507117105
-0.0160047874535107 -0.13471287326296 -0.0223075297117945 -0.074356122932489
-0.00880709340008178 -0.14057845487112 0.0456964236373856 0.00821587554954647
-0.0562915185201689 -0.111990149395205 -0.0211928158186729 0.0435562846470893
-0.112402474094118 -0.043300914440046 0.0345050808698698 0.0978311999805965
-0.106649575076391 0.0393702825009467 0.100842762154586 0.0559467675619677
-0.0379819715440347 0.0760044042042187 0.0864494527293743 -0.0321030834899601
0.00522267379052145 0.071975115379039 0.0360351167912577 -0.0650113618665685
0.044360934564485 0.0633335906163389 -0.00874924975709796 -0.0527808108600578
0.0572683202902638 0.0509072874415932 -0.0180343435344791 -0.0261093994939253
0.0561090016463271 0.0536477933784692 -0.0267872362096766 -0.0134677936011124
0.0226438448317091 0.0710693841730388 -0.0313830089054095 -0.0155479567871199
-0.0126746870601558 0.0784819495407971 -0.040026383925627 -0.0249125695300245
-0.084232762031081 0.0686500272633658 -0.024884741657015 -0.0421550786949439
-0.116598686964962 -0.00355046086376379 0.00149838879553649 -0.0540523383842112
-0.0750354477475314 -0.0971728819784864 -0.00858709268745337 -0.0394741566987672
-0.0135952215117491 -0.153572576890736 -0.0325189301027982 -0.031694075385163
0.00818737488630381 -0.142482802181667 0.0291864376677719 0.0573447423478138
-0.0413955255944913 -0.133829429020467 -0.0291219474835171 0.072046993076117
-0.117913766490188 -0.0718153872984931 0.0172411460941767 0.113096040512305
-0.131326703471457 0.0259530448381795 0.0853176820699988 0.079038998916935
-0.0558652753976072 0.0838891700422274 0.0804992874730107 -0.00379073703443535
-0.000976434950849455 0.0834989152425204 0.0435198897471092 -0.0328989234239705
0.0450541642121 0.0756561121669432 0.00678631263584338 -0.0285010018511423
0.060818286399196 0.0595245305980863 8.34352421146031E-05 -0.00571405479069771
0.0606365755270295 0.0588914577839799 -0.00852040276394767 0.00814800858474957
0.0267704757767002 0.0746769861561516 -0.0197713442368587 0.00910512010388632
-0.011387377282851 0.0824223180131099 -0.0402506068853552 -0.000178132426196852
-0.0857416030424363 0.0706781572281084 -0.0337127270902502 -0.0243743415394632
-0.117762138944558 -0.0048291736381712 -0.0068925380280344 -0.0435567851584296
-0.0714781164582508 -0.096876861758732 -0.0058063456830971 -0.0233459147305918
-0.00689843424121126 -0.15014964725696 -0.036726779436679 0.0108784812180622
0.02168770855589 -0.11884596450525 0.00812309030916822 0.0990499631422674
-0.0162419337914189 -0.127801140850019 -0.037735210071889 0.0947818337668049
-0.0963652690882823 -0.085228232147395 -0.00485553309930608 0.115551054708013
-0.126678066016385 0.00569210177195351 0.0585751399769827 0.0914013120592788
-0.0628193421026731 0.0742311767219957 0.0641641670964877 0.0241263637218094
-0.00620681342428442 0.0790729391557778 0.0442220421420722 0.00131347298577349
0.0386593611805996 0.0742389350742383 0.0224868263201131 -0.000833811534128446
0.054975616687744 0.059010555474762 0.0176882087083489 0.0148936008784997
0.0559513517211864 0.0568986310262826 0.00854950424648206 0.0288294346803106
0.0251335053513029 0.0699975437828561 -0.00862906551728153 0.0320147818259724
-0.0118923945218842 0.0753224982015149 -0.0391118441893669 0.0218848557855838
-0.0809345931825052 0.0589066020181977 -0.0402231723572306 -0.00916362626586234
-0.103393752997487 -0.012308295229466 -0.014565528432325 -0.0343854010467625
-0.052741498474629 -0.0892285587890966 -0.00104699428933486 -0.0111324808052083
0.00606294015816448 -0.127214312219824 -0.0385261930968511 0.0467459726208943
0.0280000687467585 -0.0738584780168065 -0.0108845319357156 0.12795730484967
0.00661676450463529 -0.0937437484088071 -0.0427889973525814 0.106635469011411
-0.0593739172955605 -0.075972438921861 -0.0230623617646415 0.106213714421562
-0.0961335613715581 -0.00998038549290491 0.0296674459829543 0.0919255166512953
-0.0539336103142449 0.0518109180461502 0.0435427491983978 0.0462925439617898
-0.0081979314666939 0.0602606619633224 0.0411365508125707 0.0324255534968445
0.0273480466668078 0.0596720516559562 0.0351412245623936 0.0245201379185229
0.0414289743741976 0.0491844208924073 0.0323935223710514 0.0323775383482974
0.0429938228310279 0.0483327067278126 0.0230422983736674 0.0461614734328341
0.0189757571364327 0.0588408142451958 -0.000517331946681542 0.0518473105867752
-0.0135997592907047 0.0603809725148221 -0.0397360321521839 0.040348022399203
-0.0699497021914573 0.0392455081277525 -0.0467100654612345 0.00177499342737304
-0.0781549218207972 -0.0218383381107643 -0.0219630018269019 -0.0274144161493958
-0.0270973723346003 -0.0750149897596959 0.00235289042037149 -0.00282833700007652
0.0208945232591565 -0.0883728261280142 -0.0404338702705323 0.0731034846939838
0.0277606763377648 -0.0154674500560592 -0.0221373901166186 0.136514387487293
0.0236071684296671 -0.0429891806721598 -0.039617627087866 0.106555443042436
-0.0180681280256513 -0.0472127459871409 -0.0330290846830544 0.0894254416337203
-0.050476034942711 -0.0169766470645326 0.00785247368968463 0.0857155527613457
-0.0333220119075297 0.0242243345307001 0.0282607580117037 0.0605388356856824
-0.00651070817297819 0.0323530846103587 0.0391057385894736 0.0530242608353356
0.0121050807439892 0.0352349215345265 0.0442870985937022 0.0421907117863617
0.0221379714444567 0.0324831290412222 0.0418054322916934 0.0444040445031884
0.0242059870669228 0.0329335160464814 0.03200713584172 0.0601341178652915
0.0106861266917184 0.0407229973256338 0.00173165839494803 0.0668821824614303
-0.0138442497656348 0.0407859305672454 -0.0453134207308913 0.0539723948280856
-0.0527033984762065 0.0181501354257006 -0.0559635133337644 0.00722127606131378
-0.046529948320563 -0.0271376750921593 -0.0303744884649739 -0.0256092611867546
0.000621592280613663 -0.0524666089770168 0.00348961160325248 0.000135457569564057
0.0329875650757454 -0.0389340579144543 -0.0435457958106337 0.0874422980678324
-0.0333473089718001 -0.0202734548575628 0.0399376181657729 -0.0953327840301892
-0.0190240176240669 0.0178989036639229 -0.0193477643530918 -0.0166464983924986
0.00758275194777005 0.0276443931079719 0.0330469390124095 0.0384950656728845
0.022590501828622 0.00304739325594894 0.0711394111155864 0.00252963757117412
0.00955583062165748 -0.011449952542375 0.0605423208294214 -0.0583951195184784
-0.000213082416123447 -0.00970489946031559 0.00559492380804004 -0.0886976171656645
0.00209004743603574 -0.0131230907732544 -0.0363505256425149 -0.0738987941097557
0.00394905316243036 -0.011851208579225 -0.0489206974603993 -0.0541981085609475
0.00713398643533915 -0.0068294770337262 -0.0524504768206785 -0.0523116424025122
0.00987254367635669 0.00119101417544453 -0.0432165941802633 -0.0634324789626959
0.0133425830769009 0.00897228255455594 -0.022827241259379 -0.0724995077682742
0.000255939228555465 0.0264008510261086 0.00986307875340753 -0.0779290850885344
-0.0246953768364558 0.0239046701505545 0.0345430623521174 -0.0788481010943902
-0.0365546595601794 -0.0138247583803069 0.0274135717132582 -0.0791834642445116
-0.0260778186149143 -0.038834637502276 0.0116796234409556 -0.127642599491049
-0.0337474677951432 -0.0715723830185304 0.0501851261548714 -0.0729901977380994
-0.0426801744639268 -0.0233035566405934 -0.0159632668770517 -0.00415839108111317
-0.0374977410867753 0.0140024707337901 0.0417022886375807 0.0534158711819551
-0.0159736689168097 0.0239843650201787 0.0884477263350556 0.0118723670316766
-6.19416659283266E-05 0.0194732928771232 0.0715371158586332 -0.0603336325009684
0.00656558784946818 0.0179488384234408 0.0128703413083425 -0.0927388220957173
0.0221745695642903 0.0126141545618502 -0.0331632823333505 -0.0756630527539957
0.02677562390362 0.0107883593100187 -0.044942114115798 -0.0513189960476861
0.0262677861298867 0.0185382173539672 -0.0503925651947374 -0.0464048943478587
0.0108507935336566 0.0320200934017822 -0.0434270003503292 -0.0555558359328232
-0.0037229962463036 0.0372032652894356 -0.0280553126634822 -0.0644073230780054
-0.0411100898752397 0.0369799734501627 0.00195681663630316 -0.0695581678357584
-0.0635321090821128 0.00333241979557511 0.0247049079754947 -0.0711724250219794
-0.0491599971852785 -0.0576444496071572 0.00843813921646138 -0.069609032359917
-0.0199340997453608 -0.0947868292610909 -0.00592585428448048 -0.107703617603345
-0.0255933004709872 -0.114002921506797 0.0532490018581174 -0.0376972400618051
-0.0570500858693238 -0.0697063355047952 -0.0167777209771413 0.016080290414105
-0.0812223393445776 -0.0103421565537497 0.0426906853366794 0.0754540120816546
-0.0624609258207929 0.0384359268878842 0.100691482113286 0.0307524527910679
-0.016176401975909 0.0513891543625285 0.0825884679809063 -0.0515667748943394
0.00855588462371186 0.0474458551304261 0.0241187448630046 -0.0851970474351726
0.037239522092025 0.0391564590836252 -0.0237770413927492 -0.0686375248914056
0.0454753628052641 0.0319284425532857 -0.0341020515792994 -0.0413580635974176
0.043502817150762 0.0391240261259127 -0.0411741855227746 -0.0319407559159129
0.0162334374954715 0.0561213411993937 -0.0398783632837371 -0.0379727501808925
-0.0113466953876146 0.0624617910039561 -0.0360104560364318 -0.0477314365527412
-0.0694818353715343 0.055010082194092 -0.0117535551899178 -0.0585052874100661
-0.0965812931112614 -0.00347357862298779 0.0124227262287596 -0.0639348081209299
-0.0655763924758133 -0.08543785288869 -0.00387358414322221 -0.0549740485396742
-0.0173716352801167 -0.133925254263049 -0.0219575790847497 -0.0733807443444989
-0.0103464822323791 -0.139447273471228 0.0457323586831521 0.00813745978365299
-0.0570220719402969 -0.110736226211675 -0.0215626600332147 0.0430019001619741
-0.112197989964278 -0.0408343544683835 0.034854238541882 0.0974763079011456
-0.105244419677047 0.0412070952491255 0.101151272295036 0.055083866763554
-0.036628376524687 0.0759715748033774 0.0866601964242185 -0.0315812323760156
0.00615441167000587 0.0714820271448143 0.0355208798163311 -0.0648299798906333
0.0452536041625607 0.0612017837917166 -0.00876719234971381 -0.0518309524257333
0.0579752048685736 0.0478772060516531 -0.0182940973165038 -0.0255547867116718
0.0559008534278968 0.05147287771362 -0.026293727098174 -0.0127497346598109
0.0234618404382118 0.0696261763805762 -0.0319605861226988 -0.0153087754656629
-0.0111667271258868 0.0780466532613214 -0.04017764895551 -0.0247134677131977
-0.082109785051989 0.0699839339846277 -0.0248237800534034 -0.0424909544765379
-0.115659305103316 -0.00184637525179605 0.00107490690422906 -0.0548231283410979
-0.0755864689272349 -0.0957474252925736 -0.0078554495641914 -0.0380846424891338
-0.0156218004838824 -0.152140395828302 -0.0319617311414886 -0.0306278278006221
0.00700150334904969 -0.142218013669178 0.0293838796225147 0.0567562200720174
-0.0416648609212566 -0.133075292218007 -0.0296822393608111 0.0715156115984881
-0.118021679996917 -0.0701765192434198 0.0171326385597276 0.113125644318715
-0.129622997008679 0.0285023163684182 0.0859074323354274 0.0782772081285596
-0.0545907567129456 0.0841893995569522 0.0806013189940885 -0.00372414942223016
0.000264102738526614 0.0829575291077987 0.0431958418248865 -0.0339114480026747
0.0455163613961013 0.0731669587471227 0.00749526794330233 -0.0274256335833523
0.0615131116769848 0.0568592407022354 2.72055151790731E-05 -0.00587737063411299
0.0609365483421262 0.05680922730675 -0.00855737586535495 0.00830336907796198
0.0275051286072975 0.0734936052991085 -0.0205481121130042 0.00887243846731212
-0.0100222528514058 0.0814683889254614 -0.0404040731449842 -0.000143237085447253
-0.0835725604428199 0.0717971681693808 -0.0338211983758379 -0.0252333485257688
-0.116694875427672 -0.00294908878078239 -0.00731913557811002 -0.0441196670704581
-0.0717791343131536 -0.095743662129159 -0.00479280701048897 -0.0227832105239383
-0.00905676655807883 -0.148253327440605 -0.0355223000859879 0.0114923862874835
0.0209659552517037 -0.118313375698015 0.0088925116401039 0.0990060572938252
-0.0171308345317069 -0.127337727565942 -0.0381375362095068 0.0938420249797796
-0.0965545265934608 -0.0839271587744506 -0.00469787302511973 0.116015479372062
-0.125681762649644 0.00794498163631882 0.0588356833389765 0.0906076501447481
-0.0616613084583775 0.0742980443315479 0.0644042095270098 0.0243207413172164
-0.00489069585397543 0.0785888833262557 0.0446215548060163 0.00041608907227162
0.0393431400710545 0.0724205149710699 0.0230825335353086 -0.000824736321454251
0.0559947164108679 0.0570233950614678 0.017512795817644 0.0136985823879662
0.0564587041927024 0.0554193914505861 0.00860638963905487 0.0276460284855013
0.0262113464678954 0.0691160698659923 -0.00875630028121289 0.0316428272752179
-0.0107393896532129 0.0744957545960102 -0.0393848892031066 0.0215803233740022
-0.079301597661207 0.0599501414459543 -0.0398169812724919 -0.00967596954823761
-0.102029119328971 -0.0108199549062297 -0.0147142495248821 -0.0343932505475326
-0.0533231309230698 -0.0878691232855911 -0.00032666153838036 -0.0111634694037744
0.00434980357522977 -0.125233700110169 -0.0370805351433434 0.0470835424508189
0.0269468894730691 -0.0735030187265411 -0.0103154091526233 0.12751525935003
0.00617272055080992 -0.0935175625207272 -0.0424772003419469 0.10568308871908
-0.0595525458091615 -0.0750922098661813 -0.0231394347409903 0.106062359860787
-0.0953505879666023 -0.00903279602125569 0.0302552240695121 0.0915964701390886
-0.0531447951348434 0.0515794863589431 0.043807270345737 0.0465871900695086
-0.00746537759306235 0.059592703698808 0.0420591322383983 0.0308566887108251
0.0280893936551245 0.0578895463222539 0.0354005488062034 0.0237842437206082
0.0425809195163011 0.0478150700097383 0.0320309253869282 0.0311766865466977
0.043667720763857 0.0469656698174179 0.022967096624775 0.0451352218037293
0.0197822806808603 0.0574368811197177 -0.000606074555464798 0.0504270504909598
-0.0127829755021217 0.0601169481591728 -0.0397362154497352 0.0400971760140661
-0.0691185506956518 0.0408254879905681 -0.0462789510871193 0.00162553014269701
-0.0775395595133194 -0.0206398803279221 -0.0222605544013678 -0.0280566226658736
-0.0270252977790627 -0.0743960715759975 0.00319393586892218 -0.00372357594375243
0.0196173273827613 -0.0871274311402683 -0.039011910208445 0.0729162331709257
0.0274977305900753 -0.0158174512351688 -0.0218702216191793 0.136401279045084
0.0230787601807401 -0.0434432863651075 -0.0394017462879285 0.105004456675644
-0.0181894765356806 -0.0468912425268063 -0.0332345281599445 0.0896233670763951
-0.0501689296982081 -0.0163404983350741 0.00756900885686736 0.0849222645700454
-0.0324939801150236 0.024141484353997 0.0286225284668169 0.0602419899234828
-0.00634709173468145 0.0315673852164219 0.0399608802527129 0.0516697317475599
0.0130271291365501 0.0345260506612297 0.0445483793006614 0.0406959075357184
0.0227330746394817 0.03164166452684 0.0414245334944 0.0431657937069118
0.024573042980416 0.0322342775399158 0.0317106389799661 0.0582957237952543
0.0114175370197045 0.0403251506065722 0.00164617312120477 0.0652892622463544
-0.0132914734150291 0.0407532577519959 -0.0444455499929449 0.0534614186180915
-0.0514247925225968 0.0190156875292497 -0.0557973862689106 0.00695776723018119
-0.0461217252208492 -0.0264214491763274 -0.0303650553689229 -0.0264617666564986
0.000588725648895191 -0.0517836167869089 0.00376715181971042 -0.000500911478439664
0.0326780081040231 -0.0382311384889364 -0.0419000309116896 0.0867755645426823
-0.0363973145834317 -0.014068488985146 0.0221493484919472 -0.108860823639454
-0.0155637218368586 0.0213813873310222 -0.0245333911096186 -0.012677632788521
0.0131885615434573 0.0257575834320889 0.0394117315996521 0.0350647652300508
0.0239485572966653 -0.00277479709549317 0.0741724217775342 -0.00798010731191352
0.00696659284922924 -0.0145202588816022 0.0519558643932845 -0.070305749750509
-0.00312011458926861 -0.0094120968920964 -0.0103770046342223 -0.0902049522973574
-0.00173062004174825 -0.0137052385983043 -0.0483534166153801 -0.0668164928826057
0.000746164526048262 -0.0125267610591006 -0.0587099197417718 -0.0450411434230742
0.0054217270910952 -0.00827049894064091 -0.0630116040468301 -0.0423029928223971
0.00971817110914466 -0.00140652987154012 -0.0579860874607656 -0.0557413824278144
0.0143958743558885 0.00505994430108401 -0.0386201117498852 -0.0698757372693442
0.00632190620612765 0.024689755079311 -0.00638911323923993 -0.0831084381198814
-0.0181638644502639 0.0271949124815083 0.0195638723171182 -0.0889799962609083
-0.0378009684482365 -0.00752280175694046 0.0157594334026139 -0.0861690324292454
-0.0329885217225827 -0.0360642259067814 -0.00955509816636698 -0.131705807499671
-0.0462156959851717 -0.0629281452685442 0.0402745239708726 -0.0901250348668259
-0.0463537160221937 -0.0142668395417317 -0.0186195384659007 -0.00341198458284676
-0.0331262077629596 0.0216688452823928 0.0500535183208615 0.0457100579405295
-0.00908846566079395 0.0261481351988645 0.0904283481823803 -0.00388298394506074
0.00396537096331481 0.0174992732003651 0.0610955005175437 -0.0737268133227446
0.00855501829839875 0.0164510662957558 -0.00460504265298164 -0.0944121045156671
0.023135075775053 0.00721531504496118 -0.0465170155126619 -0.0677493855396193
0.0275541815569478 0.00539214115214965 -0.0542788739787731 -0.0427000907892641
0.0282114024580376 0.0126956866748112 -0.0603340605475674 -0.037115077271396
0.0158846352937137 0.0289589899818889 -0.0564564463856065 -0.0481793863226353
0.00231563339081953 0.0352807124002501 -0.0424938887576028 -0.0608337937920698
-0.0321973609384316 0.0431039816855339 -0.0125058564355847 -0.0740570364765842
-0.0598558418191584 0.0142584401998359 0.0117082162563763 -0.0809587982372242
-0.0599416689323422 -0.0484352519439974 0.000222139240858674 -0.0712884517215351
-0.0377736663487707 -0.0924390218334561 -0.0216877896095551 -0.104996526850267
-0.045184293620953 -0.105001697587008 0.0519262993181575 -0.0554967942542821
-0.0690100753819779 -0.0566774844748535 -0.0144465060274938 0.0158150745439683
-0.0797400734193369 0.00670963765567928 0.0551249012122199 0.0634054637517724
-0.0503968258666176 0.0501520210377836 0.104418027606311 0.00959853727638424
-0.00563188998922901 0.0519304617296279 0.0715097127512261 -0.0659979750164624
0.0166282785164266 0.0442707886121469 0.00680033295894435 -0.0879005644930775
0.0433984295788077 0.0293647883590934 -0.0377241740765039 -0.0604496229677095
0.0499706532209637 0.0223254804740605 -0.041630580639012 -0.0346883109080213
0.0487135372962858 0.0294048522398066 -0.04845304702266 -0.0245790874611648
0.0260279885452366 0.0512438266813702 -0.0508003254660649 -0.0313142472409521
-5.523075843652E-05 0.0610748753262434 -0.0476718762506168 -0.0428007300679511
-0.056209733813341 0.0662113964546126 -0.0242851561012642 -0.0610306133177067
-0.0932331908368094 0.0143608477343078 0.00125991624158348 -0.0727950749545025
-0.081069325957197 -0.0727907713769048 -0.00840719336572978 -0.053137135696013
-0.0433737435935797 -0.131202367232332 -0.029968817624122 -0.064252907740392
-0.034913480580854 -0.132326212390626 0.0552455214217178 -0.00709285302914404
-0.076898319813061 -0.0964782567339454 -0.0123510956452925 0.0428469918267076
-0.115408242309278 -0.0166986643438822 0.0511843402839214 0.0841198527237511
-0.0907916440703972 0.0621069607895926 0.107470718028148 0.0312567532564263
-0.0206391811785015 0.0795296036982641 0.0779799820594953 -0.0464011657718471
0.0192438462682672 0.0682343044351689 0.0207804600707352 -0.0694012729817492
0.0557559088669223 0.0489083214887686 -0.0212849496249459 -0.0452054121064541
0.0649672654352478 0.0357964773067998 -0.0234584122500817 -0.0219693729996734
0.0633316482794487 0.0397206506643415 -0.0298976642522808 -0.00835755326850848
0.0352289281895437 0.0637226514342242 -0.0381395892527268 -0.00989093516955168
0.00223468983634366 0.0768225707803449 -0.0480687075848706 -0.0177998104460317
-0.0662390213493828 0.0830196249844569 -0.0345932806234083 -0.042560892321219
-0.111529284053947 0.0193747372510744 -0.00844882334610774 -0.0620696220599596
-0.0936828443538633 -0.081000935261273 -0.0082956155866347 -0.0353309274154063
-0.0450060187448139 -0.149198431335736 -0.031852969939144 -0.0186442634700015
-0.0183110664513874 -0.137418143341074 0.0482540530461305 0.0471892600892641
-0.0653783479651077 -0.121568899488895 -0.014146594608217 0.0735808746992188
-0.126675874904615 -0.043512832362603 0.0372548101456168 0.101805203421241
-0.11703198705941 0.0547423012475129 0.0959923232639841 0.0554831392222637
-0.0361911145323959 0.0916859551054524 0.0753747275897973 -0.0170510131308292
0.0155754202442303 0.0808028688538246 0.033518121255367 -0.0395888516836451
0.0595266729339551 0.0606904276694292 -0.0017783417363354 -0.0240053222096711
0.0704755046185309 0.0438925295007128 -0.00164895211456717 -0.0060181681975074
0.0688952345825032 0.0439255844507809 -0.0080562564657434 0.0088056752763346
0.0401737568071539 0.0666408317737758 -0.0214903951253522 0.0122179272482112
0.00423603503533849 0.0797516118968252 -0.0435684497947162 0.00709809788438305
-0.0679201767948069 0.0851114401786889 -0.040411537780266 -0.022934008670189
-0.112626999109601 0.0188880992478975 -0.0155725437046333 -0.0498456810488078
-0.0892556158190769 -0.0810767887845442 -0.00260979271802903 -0.0204688339030226
-0.0386154175739677 -0.146185049858497 -0.0280903049202969 0.0256339108439427
-0.00121307173623919 -0.117359736389243 0.0345281478428724 0.0966920986402208
-0.0401349316654168 -0.120120786037822 -0.0181582993020451 0.0990506292019591
-0.1088528596752 -0.0613103793390054 0.0172235434336974 0.109524324580516
-0.117744812589905 0.0342230337734477 0.072388383145641 0.0733647348630184
-0.0447565360422707 0.0831074137599952 0.0638248419300833 0.0135082691848977
0.00953477274307405 0.0769870770435066 0.0413899108051927 -0.0057597905520724
0.0533073165646907 0.0612622008342086 0.0185843827912289 -0.000310339790436062
0.0652848768233827 0.0446975113125312 0.0195752872275665 0.0106694936563529
0.0651395993997088 0.0430024752145527 0.0132605969760602 0.0255719223146349
0.0380073059991706 0.0625663431504735 -0.00508928850718567 0.0326730080729943
0.00191946150187466 0.0733697833124666 -0.037201653804981 0.0296344982064896
-0.0657629940666293 0.0731692249098889 -0.043408192859261 -0.00518984893232495
-0.100173779949964 0.00867945510387114 -0.0209639974232291 -0.0382991573354914
-0.0694166100349772 -0.0766305738522633 0.00306551427776502 -0.00933288365156144
-0.0210235384618239 -0.124731169822703 -0.0244716140165888 0.0614982897177926
0.0130056488843132 -0.0751984951524688 0.0185813175882741 0.132333609439358
-0.0112735779220154 -0.0922340932580554 -0.0215239767399891 0.114144329201095
-0.0713500681381137 -0.0603277993104196 -0.00232217515372212 0.105370022047162
-0.0927622076618424 0.0116606121489975 0.0445085513189172 0.0805332877889655
-0.041113423381412 0.0601347557941559 0.0490615441707125 0.0391796653817291
0.00432775395219547 0.0589762243275919 0.0453747937331497 0.0248756661174167
0.0389241267635665 0.0499026390669362 0.0359845995224734 0.0208022953820789
0.0506732162362344 0.0388052265552669 0.0373497026137426 0.0256189623976885
0.0510145201983005 0.0375315766869206 0.0307550364326143 0.0401896943045958
0.0300201111353262 0.0527383169920834 0.00729434597099662 0.0506338710336349
-0.0025905341136992 0.060340821019713 -0.0339092609663894 0.0483440827760818
-0.0595882500443284 0.0519671540529872 -0.0476480004653521 0.00771996187424387
-0.0786897006926486 -0.00577640758920012 -0.0270096227205529 -0.0288282280444349
-0.040918280299642 -0.0679101684461402 0.00589722341733585 -0.00252101308321686
0.00204393259073961 -0.0892769172791752 -0.0237287655809652 0.0868849874798457
0.023354689867865 -0.0195544651089621 0.00592253169700831 0.145999831597031
0.0150738489622287 -0.0466719612706864 -0.0195012273930478 0.115568246101074
-0.0264264258690148 -0.0415986570313738 -0.0164644044922821 0.0947431972732914
-0.0515002745095684 -0.00460971679873401 0.0226620153878868 0.0812100496162926
-0.0266738185480727 0.0296273247063811 0.0379714939627732 0.0554124661475122
-0.00017614094799484 0.0314679616166044 0.0483425076337893 0.0450997779659295
0.019713841113652 0.0304336063860061 0.0495076854499568 0.0346231141994076
0.0288367541391309 0.0265863742545297 0.0487929260298561 0.0352584167886322
0.0301054993754086 0.0269328237417133 0.0424185232675441 0.0522888032561224
0.0185373104223173 0.0375415965853929 0.0128233530270385 0.0653488018222474
-0.00653212696872515 0.0419349166701394 -0.0361349436161274 0.0627067014030652
-0.0474988679093804 0.0280559924424939 -0.0558458827636247 0.0160426287926694
-0.049397751370072 -0.0174507679906044 -0.0352889820968178 -0.0237487590914733
-0.0092163314689449 -0.0513629571014045 0.00565099319118405 -0.000120059234370144
0.0241492517664378 -0.042814317351721 -0.0264047972273423 0.0995937583926212
-0.0389669150737279 -0.0140820135994251 0.022447516093306 -0.113780129315208
-0.0162499965913401 0.0225399847886425 -0.0260993975008323 -0.0127414235320039
0.0146298310853365 0.027179036086922 0.0419980795272987 0.036147160190692
0.0250499661039652 -0.00262258305556721 0.0774161958253879 -0.00859958816255606
0.00760727075667557 -0.0155720988631673 0.0542384736650545 -0.0734780288298298
-0.00293280778351354 -0.00980804612092397 -0.0112356524762177 -0.0922247823942701
-0.0024339492835714 -0.0138629150740947 -0.0504555806928707 -0.0684324234961189
0.000474188903827123 -0.0131540202554567 -0.0611398309707294 -0.0458452517795458
0.00487715975988212 -0.00880646629187389 -0.0659640210693323 -0.0424921935155585
0.00986513594230595 -0.00172113545669385 -0.0609950777099565 -0.056521039165054
0.0147410614780913 0.00500396372805341 -0.041124430738401 -0.0724441128563014
0.00750453017383694 0.025627453018327 -0.0076377826464179 -0.0877434542012754
-0.018277254860772 0.0282918560822076 0.0198348296617005 -0.0927448036225786
-0.0405027603264744 -0.00733001952633396 0.0172626377273761 -0.0889502880834027
-0.0348676612997043 -0.0372812066192391 -0.0106236268955356 -0.136934284989086
-0.0494494015221846 -0.0646595887381477 0.0409837397144119 -0.0946978378665607
-0.0486303897765602 -0.0139421038390841 -0.019648077676233 -0.00288591954310148
-0.0336729322795421 0.0237653097308242 0.0534078602445998 0.0468434147748532
-0.00864852243737872 0.0276911966380916 0.094829550479459 -0.0049490484701127
0.00491964169257471 0.0180078132275382 0.0636129430384738 -0.0774277657101351
0.00964946708646133 0.0168349008255014 -0.00570122376892214 -0.0974197773735049
0.0237805794085978 0.00680933178117791 -0.0487055988926773 -0.0690157965708577
0.0282894022607867 0.00415237310518466 -0.0566731418653685 -0.0435236261890469
0.0293929576743957 0.0125446851360351 -0.0624856413012588 -0.037374629006168
0.0175219737827456 0.0298854790412865 -0.0602433207350924 -0.0489664249672318
0.00355455329740328 0.0363473271572535 -0.0456669116208543 -0.063378554595871
-0.0317487781971448 0.0456840441871839 -0.0138497303977454 -0.0786196611219653
-0.0619282606026696 0.0159430507367482 0.0121661887306034 -0.0844203949709876
-0.0631774616769492 -0.0497643258940469 0.00174948633850567 -0.0735824581134936
-0.0409231708947433 -0.0955320693470027 -0.0227447472316327 -0.109399074171509
-0.0491694538748149 -0.108844270165211 0.0539759620507589 -0.0583758580055352
-0.0727827668397556 -0.0578245593303664 -0.0156024471015156 0.0168546018195949
-0.0823777522398594 0.00911526960211972 0.0582394663233726 0.0662035234334243
-0.0509262282507212 0.0531979969368368 0.109088561301798 0.00948180192908898
-0.00468664415142133 0.0539323825940211 0.0751780053431194 -0.0695157867670161
0.0186459386084588 0.0455945512800712 0.00590568110087613 -0.0913493390984454
0.0448495803802421 0.0294530924880088 -0.0385835122660382 -0.0615084895113611
0.0516372655398411 0.0215060605124488 -0.0435817116895312 -0.0353949035156975
0.0507257784338076 0.0293921314064997 -0.0502980005621991 -0.0246391308774853
0.0275298921537793 0.0528097331312309 -0.0535220519382786 -0.0317244549143836
0.000722610891320014 0.0631200525354198 -0.0507341998560748 -0.0438242471775293
-0.0568809757744183 0.0697509201073833 -0.0263444735787899 -0.0642733232512174
-0.0963401970040112 0.016303196915068 0.00045338287330167 -0.0762698333922441
-0.0851885896046815 -0.074747873520145 -0.00774486820752277 -0.0547276641998666
-0.0474133941931979 -0.135869936990835 -0.0311653060207188 -0.066432597032383
-0.0381939288678015 -0.137158421110527 0.0573954383931034 -0.00820221966525828
-0.0811197295598398 -0.0996068412046118 -0.0134276317867938 0.0451775158484032
-0.120210680188697 -0.0148839431065771 0.0540563950664015 0.0875630914523673
-0.0930501346179607 0.0660278938406706 0.112982389284442 0.0319955797597518
-0.0200759115255404 0.0831714824661594 0.0820834405196102 -0.0489781405714849
0.0211119175159528 0.0705187343590035 0.0208927611971191 -0.0726252338450235
0.0583118013011823 0.0494731860415415 -0.0216044069723752 -0.0465294998551235
0.0680379584186575 0.0346337304795429 -0.0240173309786335 -0.0221771743235834
0.0663385670041171 0.0395764653021561 -0.0310024217577772 -0.00839947661245409
0.0374273183377961 0.0652728049803619 -0.0404751840443689 -0.0097477961240424
0.00346056513095124 0.0793289010874499 -0.050960815837336 -0.0182742758276722
-0.0667415911823474 0.087912667189551 -0.0368311404581341 -0.0453192786753559
-0.114900220564722 0.0219608862197185 -0.00976746751758729 -0.065784797938346
-0.0981528692690188 -0.0825456818611366 -0.0073439203678261 -0.0367738810706136
-0.0493317600353606 -0.154233232252799 -0.0322976091873199 -0.018505922550029
-0.0209567127305382 -0.142610227423001 0.0510721683114786 0.0485929958013559
-0.0697717359706361 -0.125526454909427 -0.0150136771811933 0.0764977170422817
-0.132655399658823 -0.0430222885891801 0.0396821275443103 0.106474848822106
-0.120467606375245 0.0591952566958487 0.100311752313796 0.0569216105807203
-0.0362068006984672 0.0957573471386884 0.0794774192571287 -0.0184380432105916
0.0178761478851745 0.0832737645193837 0.0343583037574412 -0.0422737146870594
0.0621586970463044 0.0614259390206547 -0.00150611652472375 -0.0247948810883144
0.0739137484933707 0.0429591976262036 -0.00171608959668987 -0.00600007017998991
0.0727097396266421 0.043401283823769 -0.00835498781946097 0.00916966935369804
0.0426718153241411 0.0684641078802296 -0.0226389662872499 0.0129290999796188
0.00537445531848962 0.0825241826865321 -0.0459441891323371 0.00774877208893367
-0.0683984014996922 0.0901451691982388 -0.0426205910663569 -0.0247056719267868
-0.116425659865674 0.021361147212939 -0.0171604614820868 -0.0532221372039878
-0.093378233576666 -0.0827784011696412 -0.001989492325053 -0.021434079906386
-0.0423286386193044 -0.150525500735447 -0.028379810236001 0.0273233917172088
-0.00263669691116698 -0.121980067790192 0.0366644070997968 0.100796906920133
-0.0430850771603927 -0.124760801525335 -0.0187228674863485 0.103208510997224
-0.113831470145048 -0.0622542184999257 0.0182848794355748 0.114270273831104
-0.121819098879505 0.0371401558124461 0.0758769228109432 0.0756294850381209
-0.04567640665881 0.0871636559458377 0.0675705093228893 0.0136569485759281
0.0113467926165812 0.0794966255249072 0.0432488930308544 -0.00721604117689661
0.0557913222024853 0.0617730617065624 0.0198217175760538 -0.000697555212759472
0.0687379986265524 0.0437702333998578 0.0199804616478958 0.0109823769583065
0.06836812188167 0.0432552670344541 0.0138291374655317 0.0258469694784334
0.0401046093842995 0.0640210813982727 -0.00598133044170228 0.033715273925985
0.00317437703841257 0.0763271918959565 -0.0389811291399119 0.0307794800409405
-0.0665462718156088 0.0771811019576661 -0.0455285627949399 -0.00629720096382633
-0.10361956012099 0.0105569146122832 -0.0230979491048281 -0.0408089738697386
-0.0728139281296096 -0.0787556695214824 0.00349706677852853 -0.0108633237119347
-0.0234886151296618 -0.128507958666995 -0.0242706232343102 0.0646105315288412
0.0121562315837315 -0.0784726555378562 0.0201003103680712 0.13797899929463
-0.0122789672135254 -0.0962217321431706 -0.0219164438855423 0.11843164958934
-0.0750828082182777 -0.0619092752684223 -0.00254641084764432 0.110361036459501
-0.0962407971347893 0.0134434077449972 0.0466339539337211 0.0839131715256387
-0.0421765034981442 0.0629117820762044 0.0516252357163807 0.040639169624654
0.00451267788536622 0.0612787878101161 0.0475712053510786 0.0245130755573245
0.0410470531119448 0.0508855524342961 0.0381070761571543 0.0206429259292565
0.053537229252416 0.0384218545828743 0.0383582280288559 0.0257608271118873
0.0538433965565052 0.0377473754779864 0.0316918306670061 0.0412638501478452
0.0321638611025136 0.0540145685202725 0.0070563585664789 0.052046354970475
-0.00170394352676305 0.062828215601042 -0.0353245839310238 0.0498928962854795
-0.0606894091010745 0.0550888865210099 -0.0501332266556797 0.00772141087304825
-0.0812676866804609 -0.00471334054332249 -0.0287921659903016 -0.0307317381322494
-0.0428574726256736 -0.0699775885891814 0.00626611077234508 -0.00332042843151591
0.00108210769463074 -0.0918815786071369 -0.0232726218920882 0.091104679914216
0.0238837495041125 -0.0206363288823697 0.00696612583715049 0.152393694947543
0.0146632821589335 -0.0491779075230608 -0.0202510834127673 0.119942153740819
-0.028223465275782 -0.0433248611298234 -0.0171060412673909 0.099244769849046
-0.0533362758208537 -0.00462003540705281 0.0238493890682721 0.0846407820042682
-0.0271841699242567 0.0309277682593397 0.0401173555641138 0.0578301073404277
5.71507083736221E-05 0.0328237960997407 0.0514140989328252 0.0456552275431055
0.0210425212452462 0.0307217247418368 0.0517649684635241 0.034679059073792
0.0305294298196249 0.0266971371791139 0.0503905447556091 0.0364079050772391
0.0322961872757537 0.0273662753191605 0.0438034695856809 0.0531402110948086
0.0197304857846245 0.0384399194459793 0.0133228525349877 0.0673897852838019
-0.00625785763889902 0.0437435625191836 -0.0372063981302916 0.0652856982348956
-0.0487972293806439 0.0300498315337401 -0.0583267215214036 0.0162368389085816
-0.0512173451448905 -0.0175668077227564 -0.0373804965834193 -0.0252319936163473
-0.0096491587560175 -0.0531911096990492 0.00592645926543078 -0.00107969654750848
0.0246610768117039 -0.0445211433563254 -0.0262404232059617 0.104422001786865
-0.0423036826459837 -0.0125596221467138 0.0181050171230685 -0.120455258868235
-0.0166597152347766 0.0246021635411331 -0.0287570782804954 -0.0112204054062982
0.0173953630915488 0.0281196139844637 0.0454263597368522 0.0365000553036732
0.0262429085536196 -0.00443797256530842 0.0811744621430319 -0.011538992748033
0.00749737038815557 -0.0166451545311951 0.0542306370854923 -0.0783646691534636
-0.00320841620338605 -0.00952111036341338 -0.0150510625403957 -0.0954820736777248
-0.00380021371170786 -0.0139919296191126 -0.0553987071856866 -0.0685940028627919
-0.000665012140817935 -0.0135621603076434 -0.0659811137411334 -0.0448321305483635
0.00468053753001565 -0.00952711116151848 -0.0703177853993464 -0.0408975072248026
0.0104606259768566 -0.00224159932049717 -0.0669634428046272 -0.0560546900756078
0.0152950883755118 0.00393831640795069 -0.0469561152139047 -0.0743106035839083
0.00938216689812697 0.0261456778717606 -0.0122172336031575 -0.092099750364076
-0.0176145666917816 0.0300867326622037 0.0180564221467006 -0.0978995864393813
-0.0436790413848935 -0.00590573926983769 0.0166259825839262 -0.0929929741515721
-0.0388187381609159 -0.0372976089803933 -0.0166157311350525 -0.14286246137878
-0.0552903448833197 -0.065393223295444 0.0387647513584521 -0.101160874743636
-0.0519035932714483 -0.0118071647876358 -0.020948400053447 -0.00132577649102991
-0.0333576838710943 0.027277239507366 0.057696625107587 0.0471462103739634
-0.00691791978118948 0.0293072686798913 0.0993384543435916 -0.00898340197914792
0.00616900521391372 0.0185449978760422 0.0642599198214906 -0.0830982726155895
0.0113586053128386 0.0171130493762224 -0.00991671242341159 -0.100707942538184
0.0245191175428956 0.00572157344731153 -0.0534651854566647 -0.0694096091425719
0.0294012126503156 0.0022143227910007 -0.0609663960915423 -0.0430239863311851
0.0308984983430333 0.0113308364361585 -0.0667154696201458 -0.0357385544363399
0.0197116764552152 0.029982621836527 -0.0651625229067195 -0.0480422406442078
0.00521197753255937 0.0377260908057055 -0.0507823249093158 -0.0647327652488441
-0.0300668454945087 0.0494995265430373 -0.0184476436783471 -0.083132757991711
-0.0634099256325697 0.0189665853939646 0.00956193637707758 -0.089259353110469
-0.0684635066499078 -0.0495730917107546 0.000457764902234185 -0.076214969416268
-0.0478181054797629 -0.0977168858211173 -0.027965162662114 -0.113177361607567
-0.0566706897342249 -0.111233294089676 0.0544466990080153 -0.0642259452727662
-0.0788088255960328 -0.0570004523435814 -0.0158142906506914 0.0184852121070754
-0.0852311587313354 0.0146738472711678 0.0637798474843148 0.0666521828852753
-0.0498963716316639 0.0584336166679588 0.114986029779639 0.00557093082213205
-0.00196402208269384 0.0564419996559111 0.0759280938623306 -0.07593647798472
0.021935888594312 0.0469243607790773 0.00251393778479833 -0.0955967177172259
0.0477927105540031 0.0283367995111836 -0.0423100445074621 -0.0623861334408124
0.0547231520314471 0.0185009353259118 -0.0467654763483591 -0.0349256118597278
0.0544667841677958 0.0273434141178105 -0.0531755580143858 -0.0230544637503394
0.0317228828389767 0.0539176960479918 -0.0579271154653402 -0.0304537047422665
0.00378341274371259 0.0654413440919365 -0.0558076752822677 -0.0438623370329317
-0.0549210521826179 0.0757807623400567 -0.0308179955716875 -0.0684301554028286
-0.0994790468073574 0.0214648154616493 -0.00228489618149395 -0.0804793176807667
-0.0932187959132696 -0.0741448445597057 -0.00839918345835786 -0.0564051055707037
-0.0558993006337214 -0.139364464455645 -0.0351221547249802 -0.0682190892456432
-0.0465255426988664 -0.141512492072268 0.0605230297151724 -0.0111817360395876
-0.0891601702951713 -0.100124100390861 -0.0128882935111572 0.0478553381787541
-0.126221464819677 -0.00905634532392107 0.0598395354073566 0.0899249896275243
-0.0931673333455267 0.0738006171387619 0.119526375441438 0.0286015482504982
-0.0163993384299072 0.088226669379298 0.0841711445457478 -0.054937464562258
0.025367759058833 0.0721924967360532 0.0186644638099134 -0.0765705068236791
0.0628645930364206 0.0480672733768306 -0.0234345560108142 -0.0474730249134913
0.0721019727087087 0.0316602657977078 -0.0263462315432774 -0.0224354179421113
0.0710487729003544 0.0370303359893113 -0.0326489160562602 -0.00689929762607842
0.0424343050470174 0.0664582648477834 -0.0435281443441057 -0.00831166624788368
0.00763673843497736 0.0820440575828086 -0.0546225286393207 -0.0175017062071812
-0.0643348448343551 0.0949365815092682 -0.0414431895946085 -0.0472558570309677
-0.118568418595596 0.0285118671686774 -0.0129686764155976 -0.068816248136098
-0.10609734888156 -0.0821433480159764 -0.00830604463508085 -0.0384336903102546
-0.0592219598584719 -0.158268300156233 -0.0336325059634026 -0.0176274338327743
-0.027674495869147 -0.147594376737913 0.0557562638153793 0.0483342443312815
-0.0782073027144234 -0.128035584470126 -0.0129010427229934 0.0802792286613403
-0.140375783460755 -0.0377864205706127 0.0454594805436781 0.11025956183039
-0.122482896475 0.067801146604046 0.107658348478905 0.0553784310918307
-0.0327221489023635 0.101719922824973 0.0826865853004313 -0.0230495691996422
0.0225147073798185 0.0858025702822522 0.0338385640152823 -0.045407229038309
0.0669323546602917 0.0605580662310077 -0.00125110786734675 -0.0260412503057156
0.0786886386897428 0.0396395857221846 -0.00229524953627972 -0.0063291142259003
0.0776115664750064 0.0410918209658029 -0.00829737785138123 0.00999142923454977
0.0474734256183085 0.0689225950810064 -0.0239326583563814 0.0143057401422545
0.0098731596909011 0.0855757048255363 -0.0480910684911368 0.00969517365012905
-0.0659013347942406 0.0977046200570983 -0.0466978694449902 -0.0253175046194639
-0.119987357739989 0.0277599284551334 -0.020689274254688 -0.0556873705263191
-0.101370051739639 -0.0826063449373256 -0.00222119994591682 -0.0230678731356217
-0.0506496795372134 -0.154415312975035 -0.0273207791943239 0.0298333630267621
-0.00854969403713403 -0.127246519490522 0.0429669276862106 0.10364989335587
-0.0503509559817768 -0.128645831530022 -0.0155963402646084 0.108054593050722
-0.122181032773231 -0.0590524190746917 0.023480074169688 0.11919091743555
-0.124952943830565 0.0446449643693895 0.0818169498362843 0.0755300121988945
-0.0435033818964495 0.0931124819745353 0.0716970783240195 0.011579829037553
0.0153372070477849 0.0821564734579777 0.0443589377983607 -0.00990975348672691
0.0607654032481828 0.0610738303206451 0.0207854729816071 -0.00183698874014818
0.0734121081025911 0.0414099950860499 0.0211620556004963 0.00993981849898895
0.072997488656812 0.0406122173622295 0.0147947824506403 0.0261931532065156
0.0451160442867942 0.0645305852640562 -0.00546252610110472 0.0349432174853484
0.00713083311180416 0.0791645329964493 -0.0399081359825208 0.0334783511688438
-0.0650076870958397 0.0841614428480658 -0.0491195798923303 -0.00604672320897087
-0.106962796208844 0.0160824281244757 -0.0265486293840891 -0.0424195959720165
-0.0792896159763334 -0.079033031454941 0.00388809007124742 -0.0120060008690986
-0.030544678881713 -0.132288383231157 -0.0214304881233469 0.0689579820524411
0.00914217964243806 -0.0825601650996738 0.0270905870553411 0.142947167061927
-0.0174542665303032 -0.100011968323633 -0.0184474486409844 0.124242089600222
-0.0814716036731089 -0.0609394254698319 0.00163005360772931 0.116173479081507
-0.0999864148246612 0.0185149542977771 0.0520527318887369 0.0858821691274002
-0.0414454116836791 0.0678618985298427 0.0557450072706081 0.0401409408428703
0.00734482273632083 0.0639974805790291 0.0508408050935752 0.0231852789357868
0.0452650502513579 0.0504133383135125 0.0410739946456372 0.0195349086929705
0.0575972288583386 0.0367794483909728 0.0407325230737301 0.0246488347924445
0.0578116851537103 0.0361692032662368 0.0345976143402877 0.0412252557698765
0.0364154391565962 0.0547499107493052 0.00909857966303694 0.0534306569059086
0.00138169965334705 0.0655853958588075 -0.0349645297955695 0.0536959667909542
-0.0600915292809877 0.0610032466587648 -0.0528274307412799 0.00902090922719084
-0.0845948323694309 -0.00138936280876626 -0.0323062313489384 -0.0321139677426072
-0.047123066569542 -0.0713436818769085 0.00684432030587959 -0.00472655366523031
-0.00354582892968086 -0.0955547841543565 -0.019825923129152 0.0965650881800699
0.0239637463452184 -0.0226156072495593 0.0135295389047754 0.159368000452358
0.0132187745057756 -0.0517011805147009 -0.0167248581626561 0.124966489798453
-0.0314694572549932 -0.0443575892071153 -0.0145655957921497 0.104713291956836
-0.0563525626269338 -0.00198534414324858 0.0275553719153241 0.0875646895183947
-0.0277488961098466 0.0335189565388811 0.0447579731247284 0.05930964203232
0.00112094773468285 0.0346159451664627 0.0555324948539209 0.0452439911783209
0.0230669558361271 0.0310796313509815 0.0555305663759476 0.0334773440359046
0.0333418022283194 0.0257575988460224 0.0541553261893426 0.0353135795355217
0.0351010360851558 0.0264049656786767 0.0473752428582186 0.0529021301329242
0.0229355909622545 0.0390108773668982 0.016174908893694 0.0691232986730635
-0.00421613886753688 0.0462094662607865 -0.0361994939963658 0.0694848779257606
-0.0489953808581203 0.0341010884032994 -0.0608459066164116 0.0187823192649567
-0.0540340281702647 -0.0159144212775169 -0.0408416293393588 -0.025563190625018
-0.0118410409632838 -0.0554112890512432 0.00596841928383536 -0.00206442789595829
0.0237827080342484 -0.0469377878853455 -0.022231029144844 0.11067626162127
-0.0446471814011407 -0.00921355926044197 0.0105388065812787 -0.124364600554539
-0.0156495492789803 0.0264812868200243 -0.0306314651051277 -0.0091962332846529
0.0202655610089902 0.0273795877245132 0.0486319458888676 0.0341374701759487
0.027387906379913 -0.0066121430480226 0.0821406197117621 -0.0166202694976254
0.00684173928848589 -0.0176984489219291 0.050412305932025 -0.0834773466364865
-0.00370054541597283 -0.00972037060391175 -0.0211998004289295 -0.0955584360064962
-0.00464894155725764 -0.0138737812202075 -0.0612010640775177 -0.0653527618837359
-0.00189724985346683 -0.0137276390786486 -0.0697417387175953 -0.0407219732807796
0.00382249496464163 -0.00993363335280966 -0.0743114057712651 -0.0361482430282432
0.010311441543012 -0.00319828473477055 -0.0719288912174567 -0.0513321615573693
0.0161934804531214 0.00269021843762273 -0.0537349454671365 -0.0726120157394239
0.0116810892693006 0.0255280860758519 -0.0192828487052179 -0.0931811659360624
-0.015767339788757 0.0314941538313449 0.0120843955317843 -0.100501037420304
-0.0457655568299988 -0.00312358584102208 0.0126658780480249 -0.0954105928548065
-0.0423717025817524 -0.0351961622075393 -0.0261578221501508 -0.144288012101262
-0.0615181469968535 -0.0617919910892811 0.0324508479020051 -0.106405091872189
-0.0537789092135867 -0.00874769738477787 -0.0224269403446641 0.000522156555941628
-0.0312842234204345 0.0309780751169495 0.0614145396021905 0.0443611723747403
-0.00410393734480852 0.0306572231246369 0.100847883020649 -0.0155625521093159
0.00805235317346958 0.01792070413639 0.0603839575208861 -0.0888883707754754
0.0129689348058078 0.0166718250035923 -0.0167663904237956 -0.101330907032325
0.0246749300100925 0.00438572813854689 -0.0581546563026509 -0.066442608430163
0.0293357295389536 -0.000290967352166159 -0.0645165257941827 -0.0394193108291104
0.0320321863007253 0.00879444154872443 -0.0697505365824999 -0.0309433763635514
0.0222150495319909 0.028875100999671 -0.0701016381105282 -0.0436877510156948
0.00814152227123389 0.0375431000201457 -0.056630490920356 -0.062730084927916
-0.0262993472649172 0.0520002866972036 -0.0252524005734524 -0.0842137842723413
-0.0626953907670152 0.0238358493490089 0.00447343011144242 -0.092060758767033
-0.0738599465225125 -0.0455607192622544 -0.00218744560199539 -0.0778249450461361
-0.0558268637309203 -0.0958294854593491 -0.0358780215090876 -0.113313974359285
-0.0654187422684429 -0.108405582297255 0.051192124769141 -0.0693259770203153
-0.0841522376362877 -0.052434732463094 -0.0153286716656287 0.0200491137795945
-0.0846868923697412 0.0217748511414523 0.0689735882977249 0.0635763463507896
-0.0455257979983764 0.0633328657857137 0.117551391560612 -0.00195194410831267
0.00246976659665616 0.0574727058975708 0.0728541991363338 -0.0828230412880752
0.0257491012285966 0.045575669687059 -0.00403735735949868 -0.0968160363501103
0.050088047807679 0.0247710613040968 -0.0464683523082382 -0.0606628799122086
0.0562309919428947 0.0137731935811068 -0.0498951830881719 -0.0322508367628103
0.0569246470668801 0.0229790436783173 -0.0555744069391564 -0.0192318642630866
0.0360647369893639 0.0521863879148853 -0.0611662515601076 -0.0265214137021323
0.00869886611295605 0.0657690976849175 -0.0603092122684215 -0.0412485170562164
-0.0492291780276644 0.0812613702293753 -0.0373726615661872 -0.0685079904971272
-0.0991277119747612 0.0291113473618358 -0.00732415557219678 -0.0823436915120749
-0.100019353096265 -0.068563957565456 -0.0101537389992036 -0.0570993709531396
-0.0674714555364099 -0.136762583277467 -0.0391695110140751 -0.0671782561227923
-0.0570209389306742 -0.140543265667042 0.0612987570704251 -0.0161427345576581
-0.098304488512238 -0.0959556157240412 -0.0106069248084023 0.0491800234228683
-0.128151470688004 0.000758242840415953 0.0664369610925402 0.0874083986322768
-0.0887123362696154 0.0825333055373268 0.123729054275072 0.0216654636097789
-0.00985351924640809 0.0906891059731827 0.0823413136471256 -0.0617257967322503
0.0308688466804515 0.071071046164734 0.0133348312875917 -0.0790327047541892
0.0667946668654796 0.0436842661565083 -0.0266781235572936 -0.046712844139345
0.0746302688714355 0.0256424111157524 -0.0281100021111372 -0.0208378408349761
0.074477154499662 0.031453044505372 -0.0335782251511703 -0.00474120837168521
0.0476821402195757 0.0640820606271803 -0.045132366947852 -0.00539740000981062
0.0141023417742779 0.0830912198955408 -0.0576821760345033 -0.0145744868673436
-0.0570716226832963 0.101535377845317 -0.0468248395997497 -0.0471622266176842
-0.118026786597341 0.037774339752453 -0.0183513081074279 -0.0703333975891351
-0.114038289624143 -0.0760959599940106 -0.00963598240602525 -0.0385592232444547
-0.0715995954254081 -0.155671913058092 -0.0341467030649082 -0.0159842273974585
-0.0392420682345868 -0.148224960059394 0.0600207822433682 0.0450562499142693
-0.08892084158747 -0.125150696273656 -0.00880134546144314 0.0819795508013558
-0.14494692295287 -0.0280241634818159 0.0533172990538557 0.108818596489473
-0.119599498673495 0.078235657852348 0.113013827616969 0.0497096707080214
-0.0259130947168973 0.105948448864254 0.0836412300550167 -0.0287936887471783
0.0290905163525936 0.0854326876999351 0.0305859064255188 -0.0488756650540795
0.0720000571070288 0.0560265594050901 -0.00268755082851506 -0.0265622591467372
0.0820139943094636 0.0334309567069129 -0.00251435464619969 -0.00632807983014184
0.0816691092965786 0.0352276909429531 -0.00797004454129713 0.0107616053276799
0.0533788629386272 0.0665458243877625 -0.0241169547901651 0.0163507602287748
0.0160887724973838 0.0865124504725255 -0.0491767579337233 0.0129037195884759
-0.0586544118941989 0.104256541088432 -0.0506125824587159 -0.0244590643074464
-0.119487809839078 0.0372944848860313 -0.025320760211311 -0.0561987729989583
-0.108580958775618 -0.0766682902296382 -0.00281800623752585 -0.0237347148680536
-0.0630810858591928 -0.152996765448022 -0.0247665416000498 0.0324155751882501
-0.0174553264375647 -0.129228363754536 0.0516641697542604 0.102061269998749
-0.0604708974421257 -0.127651157570883 -0.00928967063978266 0.109674549998096
-0.128134824435164 -0.0507747457785526 0.0313102039117793 0.120134615707789
-0.124147947666639 0.0546464633812317 0.0881903909926946 0.072263023938778
-0.0376048810376573 0.0981350842352445 0.0738322406063167 0.00706128942796478
0.0209753396417127 0.0828825993444322 0.0444036672216536 -0.0132162206029671
0.065334901446738 0.0574206933940532 0.0218091366313788 -0.00385002736536143
0.0770497436589638 0.035691541510701 0.0219289237416981 0.00835632543167872
0.076933516250676 0.03503697198993 0.016735589743602 0.0253394649040131
0.050369453902891 0.0621303366447035 -0.00393038755461544 0.0355129577860579
0.0128191819529379 0.0797445358937066 -0.0392234595067847 0.036105397916743
-0.0589445123724929 0.0903422688763692 -0.0516647285582015 -0.00423602075668425
-0.107094135948547 0.0239516133779151 -0.0299444966320477 -0.0425304074190026
-0.0854714416604437 -0.0747790725644406 0.00382553845377196 -0.0132545661298952
-0.040286693564972 -0.131593026271053 -0.0159963493907478 0.0715457397063131
0.00338894183138463 -0.0844642840453504 0.036804223320528 0.143829886569366
-0.024856149863657 -0.100419845488024 -0.0111628549908878 0.126228077123463
-0.0869180211708923 -0.0556308410299347 0.00809636801094389 0.117845704693255
-0.100806377572697 0.0259009158036695 0.058329731673284 0.0847605862271562
-0.0368458313149511 0.0722633609782681 0.0597974129533151 0.0377530407273648
0.011814181907719 0.0645667481190084 0.05323095764671 0.0196484417314857
0.0492894267519432 0.0476264950231799 0.0432886838803098 0.0167951638508231
0.0608277880471277 0.0317220935816734 0.0431243396270529 0.0220815951922322
0.0612892426714382 0.0314341115347884 0.0373995673757561 0.0389484400984714
0.0409635236805056 0.052850893761796 0.0114931018972059 0.0535049104153278
0.00590539354876263 0.0662066206078515 -0.0327640065326663 0.056453787904039
-0.0561607480284106 0.0664450540280881 -0.0542536071225316 0.0116103644819984
-0.0856130885366719 0.00480343459811626 -0.0360287862906007 -0.0308736162089625
-0.0520368127657675 -0.0693929496886421 0.0063146766779768 -0.00600230690607673
-0.00963057909960533 -0.096430132057625 -0.0126200364814847 0.0996317431466943
0.0227248802598915 -0.0239900684452378 0.0242632194000162 0.161139431722066
0.00974678537073314 -0.0536671012701024 -0.00938241619279294 0.126934611829717
-0.0354542659998055 -0.0423971260491498 -0.0090472755741506 0.108192187551449
-0.0582850956003978 0.00159482069236009 0.0332384466078754 0.0877566831680696
-0.0259249646127053 0.0367578370257815 0.0498245137103294 0.0577776963415803
0.00294105809989035 0.0348979345069198 0.0596960647765539 0.0418077973385591
0.0254843376322457 0.0296768982750993 0.0587985563409407 0.0300002214089602
0.0360503307282005 0.0233249766029739 0.0567507719614033 0.0323976916601393
0.0375596487028193 0.0237122114447269 0.0513668311414274 0.0504918715022384
0.0263284414739738 0.0379138388661531 0.0202073008459496 0.0687149643801266
-0.00102278500808043 0.0473030545141938 -0.0324339417500494 0.0729212926259614
-0.0472130377527808 0.0383475166409353 -0.0615362175990852 0.0224742437656916
-0.0553850767708732 -0.012885505916231 -0.0439340158135073 -0.0244887483529278
-0.0155302182300286 -0.0553890617389883 0.00561866265923263 -0.00363287700597746
0.0209548777492526 -0.049350711756083 -0.014285677448287 0.114503428894336
-0.0450812607841081 -0.00531057779863454 0.00245178639482324 -0.122419270354145
-0.0142508624942106 0.0273079229177967 -0.0310041495114337 -0.00643748396935555
0.0220731703019291 0.0255596250195877 0.0493377916770524 0.0315024538706348
0.0266194731632267 -0.00827136479608023 0.0802132784978316 -0.0205276283548587
0.00544800050087097 -0.0179197278009909 0.0450889692446578 -0.0844683666943824
-0.00394240989777794 -0.00906500448542673 -0.0260473660821899 -0.0917422321026098
-0.00569202943613211 -0.0128087349082839 -0.0631353938091156 -0.0598006175688379
-0.0033664433472265 -0.0134585091776188 -0.0702069163759848 -0.0350275102535388
0.00320275696182919 -0.0102876682440302 -0.0743300564142237 -0.0302582934450626
0.00993256093552608 -0.00371565579918516 -0.0737590465621453 -0.0454969332634391
0.0157940106783405 0.0012310357195608 -0.0570102235035289 -0.0678746983981149
0.0134330268837344 0.0238775129145263 -0.0249048485258916 -0.0902937747008252
-0.0137936337113779 0.031633031219314 0.00649375221808054 -0.0995636254704162
-0.0454169161725926 7.90669856041686E-05 0.00966456666898293 -0.094409168029699
-0.0437201093442032 -0.0316601845390784 -0.0340402408098599 -0.140134948598819
-0.0643716681390735 -0.0557775945615593 0.0255622749436358 -0.106634492644441
-0.0535612820138173 -0.00447039183199042 -0.0225117250510038 0.00171849039756747
-0.0274888658507574 0.0323416722492323 0.0622489897532618 0.0399700564975735
-0.00139833486231685 0.0298027307214332 0.0984378205605794 -0.0205645824900389
0.00868967434262001 0.0169422788092201 0.0542186008747495 -0.0908142243054191
0.0138607793414605 0.0151822788771353 -0.0221063280805855 -0.0976713293132824
0.0242216189824681 0.00282653634005489 -0.0607799514484646 -0.0612942465778106
0.0278323926534402 -0.00264560537191005 -0.0652430384231605 -0.0342572574090377
0.0315058759317106 0.00633378381706003 -0.0695865066275538 -0.025787651060034
0.0234864262771669 0.0267040475577584 -0.0713106176018979 -0.0380173972821932
0.01017224969666 0.0355794660359349 -0.0599543685815793 -0.0580894164826557
-0.0219839253372815 0.0521184790023329 -0.0305860455714104 -0.0813276950647585
-0.0601620092040981 0.0269901176081873 -0.000524027196755803 -0.0902946506793929
-0.0758841472086312 -0.0398380206218632 -0.00443743975186327 -0.0758570447402167
-0.0610565419958892 -0.0897166424451738 -0.0408118639023349 -0.108910432946327
-0.0714171139234562 -0.101509446308966 0.0467097083553352 -0.0721231927907754
-0.0856182298440595 -0.0458962763323011 -0.0152100754435162 0.0205339134361434
-0.0807498852079311 0.0271560566097283 0.0708678692115081 0.0588432126964931
-0.0396761423021092 0.0650149537913251 0.115529189884529 -0.00815902303601534
0.00610559728621684 0.0558183089453143 0.0669110680081894 -0.0856581843920105
0.0283885228295498 0.0430443268351018 -0.0098515031484725 -0.0941651349474446
0.0500413111925473 0.020910226894787 -0.0486739705087718 -0.0561897895284853
0.0549246049244412 0.00911182115884838 -0.050698314606707 -0.0285263308782046
0.0565083724051062 0.0181812086129829 -0.0554375634303731 -0.0155463478138088
0.0387415515832379 0.0485506575597258 -0.0619045726531296 -0.0216732480981568
0.0127558158057476 0.0634768804433266 -0.0624389025870929 -0.0371298445347874
-0.0421403399924619 0.0823926415157881 -0.0419416431638554 -0.0657458088046077
-0.0948591608978227 0.034629425229758 -0.011591714028298 -0.0810279723354276
-0.102200048992698 -0.0610029552343715 -0.0119641726677685 -0.0557937461176383
-0.0747804358400925 -0.128806376331196 -0.0411802717732611 -0.0635549902801167
-0.0650000613223048 -0.133294191539862 0.0592311446782979 -0.0203197164821838
-0.102037602071253 -0.0877563387088517 -0.00867055536650358 0.0487549347586329
-0.124725381064563 0.00959772990480683 0.0698304242533407 0.0821487677059317
-0.0806799714263693 0.0868274518112684 0.12259738216073 0.0142087740640043
-0.00377325867895584 0.0890895260829647 0.0775506002496967 -0.0653760461375633
0.0354402225129896 0.0677216850058388 0.00831638783512349 -0.0780099954949325
0.0672658650080237 0.0380518154639545 -0.0281049510338829 -0.0441637863975818
0.0738477385702868 0.0192155369276308 -0.0287270526729091 -0.0190806312288814
0.0742459012885309 0.025261677120781 -0.0333291449554228 -0.00263975824843674
0.0510786152135077 0.0596366612877372 -0.044916736047479 -0.00227831780292255
0.0189249290806349 0.0798172514400533 -0.0579908557968154 -0.0110438987268089
-0.0483608007062244 0.102599869086459 -0.050218130086535 -0.0443014602022361
-0.112772912246914 0.0446855152085521 -0.0218741063244488 -0.068754509665986
-0.116207190112102 -0.0671971176653742 -0.0100013735104377 -0.0376572195394522
-0.079849463110387 -0.146674024833163 -0.0333529352490367 -0.0134591780530586
-0.0475744319703107 -0.142223217314431 0.0620370889861445 0.0397149682369437
-0.0942848950627213 -0.116726516431896 -0.00444196165699258 0.0802520299927848
-0.142823448285872 -0.0173667770690854 0.0578731824509832 0.103817262186968
-0.111310592142811 0.0843051985504918 0.113971122140052 0.0427157916587276
-0.0183532649533339 0.105389786402187 0.0804362281362577 -0.0335123181759343
0.0335520533052793 0.081801277563147 0.0271994913203633 -0.0498161303907877
0.0737684637209856 0.0493669546508273 -0.00322430979510294 -0.0260758906742634
0.081371318481488 0.0260193243892103 -0.00314482483416845 -0.00667262266819738
0.0811213549227201 0.0284094415316809 -0.00726925894005274 0.0104466451680557
0.0565407007493168 0.0614991532634347 -0.0233024312432117 0.0172025036632071
0.0211818027404011 0.0833033144991498 -0.0480756638652885 0.0149601710422019
-0.0496312365697032 0.105458622967816 -0.0525169296592958 -0.0215052438769246
-0.113593183945604 0.0443185039090898 -0.028612989357843 -0.0550443225611698
-0.110616300671811 -0.0682585716651377 -0.00301955941416386 -0.0241943002674258
-0.0712776266377233 -0.14424219801721 -0.0207881251732953 0.0330110560752167
-0.0248378189459889 -0.124559717069057 0.0566737449845488 0.0964282408622332
-0.0668162280373486 -0.120973424920186 -0.00395454699325081 0.107397694729684
-0.128124207022874 -0.0409686692856821 0.0366766426184805 0.115502585312886
-0.117792845901939 0.0616717665647053 0.0903419760067505 0.0667874679810613
-0.0305088674426243 0.0985689032800612 0.0734371531829709 0.00283147427938958
0.0259681001749916 0.0801108873876748 0.0427507121565554 -0.0156255780115271
0.0671705907205982 0.0513593925543793 0.021620086457886 -0.00568090678724901
0.0771815458439388 0.0285103536949539 0.0220480651954399 0.00682053391277868
0.0767088733487775 0.0282809905461347 0.0173396375733915 0.0238599172483298
0.0530468872942721 0.0573893843597918 -0.00293353592394333 0.0349424206008192
0.0174126666756148 0.0772691124710462 -0.0370471025413606 0.0377080184293504
-0.0513214477154608 0.0920851235992758 -0.0522662351920407 -0.00186905129823017
-0.102704421881041 0.0301212442127911 -0.0329227103416528 -0.0406872671221228
-0.0880151103472916 -0.0680195783249637 0.00317700589101523 -0.0138882533473235
-0.0476294460746298 -0.125083346607294 -0.0100808783889248 0.0710746103115135
-0.00199472367969356 -0.0827648633490108 0.0448918617754736 0.138622293365156
-0.0299260931056857 -0.0965350369256545 -0.00439153622863899 0.122710059394594
-0.088262659416736 -0.0488803986027782 0.0140755319505579 0.115691856600508
-0.0971840196940686 0.0318543587096224 0.0613571828439538 0.0801478919524502
-0.0319503305461973 0.0731967052918048 0.0611233372547225 0.033229994829565
0.0152829318937697 0.0624682337568504 0.0531749142151898 0.0162193018617397
0.0506663272433151 0.0435209984577487 0.0434631919618459 0.0132891368211469
0.0613208433434969 0.0263246295011832 0.0432393246842715 0.0191652948098108
0.0618381721872046 0.0259810712127522 0.0381065108083641 0.0355733444164019
0.0429889524498172 0.0486504838667596 0.0137682332926293 0.0512652070906673
0.00998459891842477 0.0644860001398606 -0.0294109684769047 0.0568900211979014
-0.0500580066517078 0.0686437485603972 -0.0538180001752765 0.01390257476136
-0.0828471138590532 0.00960168803566527 -0.0377154434492399 -0.0293300569620894
-0.0547766899770468 -0.065009969006085 0.00604243317059143 -0.00687398848325937
-0.0156263576980953 -0.0929004070508603 -0.00500106850171007 0.0984801288873883
0.0205058284520752 -0.0245700702120329 0.0328966361287739 0.156427641645552
0.00630467541275902 -0.0526875365374628 -0.00262089025193488 0.124056666623963
-0.0375694485792716 -0.0392619029441456 -0.00324533920379759 0.106742417938439
-0.0575224530763913 0.00561606909229614 0.0370709610103748 0.0851755435052124
-0.0230031080114963 0.0380520760842243 0.0525843631805279 0.0541688958885301
0.00520452683179499 0.0343511606439057 0.0609780452773962 0.0371916300180019
0.0269745160275717 0.0273637465753493 0.0594158346033062 0.0252611775711346
0.0366036557647062 0.0200232973141302 0.0573379339851453 0.0281007421125987
0.038239492662561 0.0207771004000778 0.0527489379433063 0.0457896064361797
0.0282682915818461 0.0350931322601346 0.0229985568181984 0.0657687710183589
0.00197914576700797 0.0461774184659876 -0.0281351098324101 0.0729038841116083
-0.0435511764415704 0.0407004506749094 -0.060189655007448 0.0250816906596689
-0.0547990603889665 -0.00913904920635325 -0.0448800881023098 -0.0223440068454187
-0.0178129407897001 -0.0536953932986089 0.00496033285192517 -0.00436829771327791
0.0175726083000363 -0.0490221020434963 -0.00620486381839844 0.112708054741473
-0.0446639540096175 -0.000254045360143672 -0.0210521499924189 -0.117717140421497
-0.0100150195308847 0.0284604579238045 -0.0321712133994977 0.000607067624330553
0.0253880979507094 0.0202041853776962 0.0531760041135374 0.0242003163284964
0.0236560732887346 -0.013499188605409 0.0770024612608635 -0.0320269435444765
0.0009798732285621 -0.0191887152984532 0.0309258332121977 -0.0895915293142821
-0.00577122026374674 -0.00761196628132338 -0.0389651762916433 -0.0845088100419159
-0.00788520863491745 -0.0102119324289911 -0.0701385352293676 -0.0492362000479649
-0.0057465082168881 -0.0116568267510182 -0.0726037966452616 -0.0230043692610403
0.000578161541358714 -0.0093713764461032 -0.0764124829734447 -0.0166018265516323
0.00810096716918689 -0.00489848242552223 -0.0787608578120296 -0.0306315317067388
0.0142226175873869 -0.00105568148103274 -0.0666146235221947 -0.055255236322337
0.0157658257026776 0.0197406629609672 -0.0387758863474771 -0.082362565977678
-0.00888709757797672 0.0302214274699886 -0.00996326034375703 -0.0963058376528861
-0.0430243241922069 0.00476908944389872 -0.00419133918000701 -0.0916701881090435
-0.0471305727718371 -0.0261839431924535 -0.0523357696714748 -0.128084803690393
-0.068558666194435 -0.0451975748710085 0.00306311885790308 -0.109375323544686
-0.0509745307033895 0.00409099476322946 -0.0239404784093034 0.00590619836632355
-0.019217920082064 0.0332444393218585 0.0634863349741658 0.0305389324534345
0.00378928132342211 0.0258789085396431 0.091169155619261 -0.0334141645778185
0.00926286829029881 0.0127557455584224 0.0381608266994281 -0.0950023301352963
0.0142817102852349 0.0126237752695072 -0.035828678426403 -0.0893312257183148
0.0223179058900449 -0.000644557004852697 -0.0670602306963308 -0.0496993044539879
0.0248893533091366 -0.00577827255749806 -0.0673450056836801 -0.0227839663717877
0.0299366201962134 0.00178518970949803 -0.0718796499152091 -0.013017053181373
0.0258755883808659 0.0219465286067107 -0.0764800156037456 -0.0239559252980675
0.0128312957317364 0.0320878846089497 -0.0676445279501801 -0.0452613802029711
-0.0133133922188428 0.0515140318835694 -0.0429191521240393 -0.0741768796974275
-0.052669872348759 0.0316963082640168 -0.0158599365148959 -0.0874935139461077
-0.0771565802947859 -0.0278997113850162 -0.0136586209818293 -0.0721242776669602
-0.0707978817369833 -0.0792085329619207 -0.053032460966345 -0.0979877234045105
-0.0800654747052708 -0.0872760357776651 0.0282244721687112 -0.0820117583636924
-0.0861396076819697 -0.0301973908829021 -0.0146149029811699 0.0203575782413889
-0.0688188430424385 0.0364504538826029 0.0711500001539996 0.0456024691300295
-0.0256626297903147 0.0640172358225075 0.105731720867899 -0.0236964965642221
0.0123226384320424 0.0492037388676745 0.0510198952897683 -0.0889645015157254
0.0313155867834288 0.0367298792826612 -0.0225512510457625 -0.0868529058611183
0.0492619872031578 0.0126157346334858 -0.0538718517529068 -0.0454925424648489
0.0519189293276326 0.0012417133077293 -0.0525309877691431 -0.019174068310976
0.0554162021985324 0.00940279008681641 -0.0563807427066729 -0.00516088435821366
0.0431213649891977 0.0408648999407707 -0.0649301348222132 -0.00971441015203038
0.0184707614274697 0.0583174452641024 -0.0664537670632816 -0.025260917918299
-0.028208094262151 0.0829015944038305 -0.0512637687736587 -0.0577618567750861
-0.0848211296803321 0.0433626426473041 -0.0261795867230088 -0.0771318584381272
-0.105161348901121 -0.0440629210340961 -0.0165782271136355 -0.0524810366789589
-0.0888743393549788 -0.11398879216919 -0.0462096946077977 -0.0544742354351052
-0.0771486567559481 -0.117981441847116 0.0495886561946395 -0.037087691548929
-0.106644084958914 -0.0672595957017582 -0.00440348608762833 0.0439344940145538
-0.11161284707735 0.0261230431315429 0.071215788133648 0.0662986973257527
-0.0595785652878392 0.0903380601071637 0.112109786007228 -0.00301952380041993
0.00830848056259338 0.081465272344369 0.0630758275938933 -0.0695989362689671
0.0414797952398451 0.0588745805146386 -0.00268071426793962 -0.0729252720495067
0.0680217118715659 0.025929208211293 -0.0314968913621887 -0.0361949058548075
0.0709994758397875 0.00833780052200832 -0.0303119680636611 -0.0129048762690139
0.0729138678330448 0.0130449824485004 -0.0339676208897876 0.00386444297266062
0.0566601595335606 0.0495362091276889 -0.0456910551899192 0.00682640045020475
0.026902245476435 0.073122119265996 -0.0586869011560587 -0.00099480890620865
-0.0317799780058127 0.103775150067568 -0.0559469781715621 -0.036929295925427
-0.0999649169850662 0.0549429220611361 -0.0343046637753442 -0.0638362447294602
-0.118996500598567 -0.0475892265111859 -0.0119474210871209 -0.0359086008148284
-0.0956780299038977 -0.129615392548042 -0.0309358305433689 -0.0085978873731504
-0.0610463542061987 -0.127688496562234 0.0638418502666632 0.0193054333059634
-0.103431434454589 -0.0949324782855942 0.00465105100576115 0.0718389944325624
-0.132475345570959 0.00389679262826312 0.0620819255082112 0.0869392007609891
-0.0880142105596977 0.0932051190087919 0.106476049191269 0.0248080887855306
-0.00237534960548411 0.098900552703791 0.0700686648456915 -0.0383454515824292
0.0422234864541736 0.0724592777698645 0.0198931074588333 -0.0481888480465039
0.0757034415499115 0.0358646347681892 -0.00472189574546987 -0.0217379971393661
0.0794237721895511 0.0133095003087119 -0.00368246597934438 -0.00456957293834426
0.0806421770075862 0.0148906639633392 -0.00738677559025883 0.0125040594315934
0.0621846590769278 0.0509310499642369 -0.0222473550647024 0.0217234041961493
0.0296598012505019 0.0764734112577933 -0.0448532857812654 0.0219245799944396
-0.0331743486320868 0.106624751941952 -0.0551787919104461 -0.0147433300772126
-0.101096853084731 0.0547932096317548 -0.0389442541219101 -0.0493861867382262
-0.113582487823071 -0.0492294280914626 -0.00357142478566416 -0.0237008792683569
-0.086067189961656 -0.127496650546253 -0.0124384259206723 0.0338314070268203
-0.0371450332536262 -0.112971170959332 0.0692662937479204 0.0750692600503081
-0.0773473512710952 -0.103200771705548 0.0111173123629425 0.0970665187426287
-0.121728527102747 -0.0198331151798409 0.0448303670227048 0.100326298621951
-0.0974533378577622 0.0737838196416619 0.0881277305349144 0.0495954878633091
-0.014087215298129 0.0946179386082909 0.0684572235064724 -0.00290355349796228
0.0348338276215116 0.0721196277045878 0.0397313920688789 -0.0178329752012478
0.0702139205740165 0.0385442028310828 0.0223622666517902 -0.00540698308763369
0.0758451181098379 0.0168312298494328 0.0223595343231416 0.00408186786957989
0.0764792207038719 0.0156443278733218 0.018510049435612 0.0205963294342162
0.0586961146601857 0.0469885595356342 0.00072043291249533 0.0351628697447281
0.0256177021574061 0.0713956535930778 -0.0302893168204214 0.0416012712664467
-0.0363962636025965 0.0944797230476023 -0.0514250683382561 0.00437446830780301
-0.0919327048219806 0.0403391687947341 -0.0407249289928321 -0.0352003964176809
-0.0918938212213167 -0.0525605352673245 0.00356901799158841 -0.0151389159036138
-0.0612215178524096 -0.111969576367079 0.00337784586930529 0.0686444969162909
-0.00966658441016185 -0.0753847441127975 0.0661345765445005 0.11938520767109
-0.0395723203023892 -0.0851792967422735 0.0144074962112518 0.113510277029437
-0.086166986750428 -0.0321259717078337 0.0256699126463274 0.104241334971348
-0.0832326663398896 0.0441407744864527 0.0648245677594877 0.0663836607094887
-0.0184006839220024 0.0717430740034447 0.0621308199266678 0.0273602929441297
0.0230269982846009 0.0567830695264175 0.0548087942156768 0.010203212819379
0.0542933258655972 0.0327191200558536 0.0454946822953079 0.00906032058059228
0.0613514523673542 0.016353209676697 0.0442893148337574 0.0126909197686428
0.0625543168285995 0.015675116484428 0.0407139479434924 0.0286234642991283
0.048133093470395 0.0400151858652888 0.0192955963332416 0.0478500609452615
0.0171027330081582 0.0606929788712056 -0.0193609092513133 0.0587667808151474
-0.0390546067540352 0.0727397125706605 -0.0500564697614485 0.0202783057148886
-0.0766494130713795 0.0190430034064422 -0.0425978233411067 -0.0231182971875969
-0.060047274593416 -0.0542974742590738 0.00620125196725414 -0.00832858366460074
-0.0260040464943633 -0.0848525946161088 0.0118014642415562 0.0937662396653775
0.0188308504152498 -0.0233826124054872 0.0589004471266645 0.141703690627699
0.000137191873820809 -0.0491024911001643 0.0166920196973176 0.116485667280782
-0.0381043649024608 -0.0299278101047512 0.0111496062664173 0.100310045904733
-0.0509795134394235 0.0139306324624474 0.0455684929816217 0.0748856999555685
-0.0153261403867351 0.037945649264237 0.0576244350376988 0.0460221932586085
0.00969168234674848 0.0313785928179691 0.0654199586782633 0.0280240821423853
0.0294896416281402 0.0214011336447908 0.0624771343185791 0.0174241353886292
0.0376596579484268 0.0133387190135311 0.0594041765651229 0.0186734293549829
0.039744154278477 0.0135748567439038 0.0567074414942902 0.0360703876985119
0.0325636913710795 0.0296180321465375 0.0311980663290413 0.0597289492482227
0.00779622936801789 0.0442935680230623 -0.015412300981849 0.0741823393924027
-0.0366555452670812 0.0448622951834075 -0.0536872829960317 0.0323569405838913
-0.0527223467961188 -0.00245902583518005 -0.0477055712606499 -0.0149002054641864
-0.023953453501526 -0.0485267865939814 0.00541511790494808 -0.00533938305945129
0.0111917521687313 -0.0471917503985794 0.0119207015245054 0.108126987095347
-0.0435201948854196 -0.000107711701449347 -0.0199141266763165 -0.115869691698877
-0.010019706192158 0.0278713018929752 -0.0321467732714674 0.000594480223445214
0.0250742018019072 0.0199271486811052 0.0515653154882281 0.0254949528133855
0.0236347400361737 -0.0131571766832756 0.0765658410149657 -0.0300343617915129
0.00105747015323902 -0.0185998999756826 0.031963754742765 -0.0869951801376812
-0.00551441816011509 -0.00757874210534105 -0.0363739210233489 -0.0824428720456051
-0.00790124384387654 -0.0100508495458787 -0.067386503398121 -0.0481474296514051
-0.00599786234355848 -0.011222549844984 -0.0698381226415932 -0.0230487137134281
0.000428980182747982 -0.00925920545560952 -0.0738427280016096 -0.0170626024767734
0.00780748746858418 -0.0049069301091769 -0.0762134531039346 -0.0307762870278861
0.0134220069437985 -0.00131574586950679 -0.0646350670876372 -0.0548653004203399
0.0154954556771603 0.0189663111707028 -0.0367586689023677 -0.0809145852907145
-0.00921135783843819 0.0296243183618183 -0.0074165341461347 -0.0940478983352143
-0.0423904573423512 0.00469092715981738 -0.000613666967625921 -0.0902541958577373
-0.0454659058212764 -0.026218236494841 -0.0488178369692533 -0.125893952820889
-0.0662407426587241 -0.0438370762182609 0.00379483667021548 -0.107323127525913
-0.0498302090610829 0.00364100794362065 -0.0245956758189014 0.00581453249531403
-0.0182295866848539 0.0319366773559235 0.061554469402505 0.0309804168154083
0.00418166250717385 0.0253998282831441 0.0899760527249342 -0.031412686780674
0.00866430660198446 0.0122730852554181 0.0393836735084909 -0.0923310227779627
0.013422439948 0.0124680471388691 -0.0329654900843243 -0.0870198119119079
0.0216935150749278 -0.000366684651692333 -0.0640396310097056 -0.0489809090538194
0.0234259946060601 -0.00571231356467571 -0.0651800346242843 -0.022603569380799
0.0287551833865726 0.00201666528529182 -0.0694525920727281 -0.0130308653109723
0.02490322626047 0.0215106412062084 -0.074039706441782 -0.0235755761124556
0.0121563110228097 0.0308227699230974 -0.0661759509430424 -0.0453487559656065
-0.0130969992879709 0.0497203776454447 -0.0410955604538102 -0.0734729077490772
-0.0515596168774775 0.0303262604643017 -0.0137593931963689 -0.0862381790998861
-0.0748728891906894 -0.0278837110480953 -0.0105761154500632 -0.0710879572801833
-0.0679850050977763 -0.077091365737558 -0.0496306215861307 -0.0964197028912392
-0.0773187492390554 -0.0852103918562521 0.0282121849438476 -0.0809308145234583
-0.0838022194474483 -0.0302244511919693 -0.0156769928724063 0.0198205986121204
-0.0664687118493885 0.0347808860038312 0.0680672275035359 0.0461738641644462
-0.0246116418640905 0.0621920424051755 0.104180342576837 -0.0213200732001011
0.011418481712745 0.0483670523096029 0.0510323927433942 -0.0865862677096062
0.0300065196463983 0.0359479011479987 -0.0205934729628763 -0.084026387266175
0.0472104536052188 0.0125051791144841 -0.0514219178074474 -0.045271340364953
0.0495126507416323 0.00148361855264844 -0.0507889481940757 -0.0193338763955959
0.0530705852603306 0.0093221021226788 -0.0547574741886918 -0.00568911632505273
0.0415925941362958 0.0398290208286218 -0.0632684896162484 -0.00967748384567605
0.0176606446747383 0.0563438127570204 -0.0653288833406204 -0.0256666613012681
-0.0279996697091693 0.0797317078277696 -0.0501205202928478 -0.0574288103255234
-0.0824464249723143 0.0418619438335949 -0.0242397535322959 -0.0766258290454693
-0.101857989766533 -0.0436599901702817 -0.0139200179548921 -0.0520295461838901
-0.0850487328229623 -0.111271762088958 -0.0430769565867944 -0.0542089382019466
-0.0737690481988279 -0.114795182396254 0.0487510119092426 -0.0364251877881904
-0.103333220722742 -0.0666906678955982 -0.0064845419945347 0.0425786123794516
-0.108075010377231 0.0247596914172218 0.0673791696163119 0.0663162850116766
-0.0583128907006177 0.0873004710149199 0.110424384252397 -0.000862805873745206
0.0073257804717586 0.0795164705287929 0.0632000132200428 -0.0674480556621009
0.0402866575212811 0.0577353065366516 -0.00146545955474887 -0.0710010610218903
0.0656634447637512 0.0257856468304154 -0.0299108800023528 -0.0358077898307344
0.0678042966229316 0.00790347381113285 -0.0293483222838094 -0.0131865304940748
0.0698348638382714 0.0128912354375806 -0.0327546590542968 0.00321812265309072
0.0545470929482427 0.048276913678444 -0.0450918782124518 0.00610294601862826
0.0252236981883598 0.0710291405822988 -0.0578997781428219 -0.00156900365953349
-0.0308774079788665 0.100123332443689 -0.0555750587861135 -0.0370953177338841
-0.0972998446459846 0.0529969801215764 -0.0328428170364276 -0.064263384686877
-0.114971053952664 -0.0481312419653046 -0.0103052601664316 -0.036121185069959
-0.0916838128239663 -0.126255855407165 -0.0288942025838574 -0.00933069037352278
-0.0580991231621703 -0.124217178150447 0.0614769567728431 0.0186610426472437
-0.100016417363944 -0.094284837947515 0.00171672900021148 0.0697479042364462
-0.128430754468638 0.00303664847995549 0.058389063454568 0.0865088943456018
-0.0861222133119052 0.0906256799081563 0.103975374923654 0.0262291445844683
-0.00344902724021011 0.096198482166177 0.0698300445544441 -0.0364055771188289
0.0405063636667603 0.0711588957107693 0.0205379693115618 -0.0463600663827172
0.072440179770674 0.0350953652877351 -0.00393969043170894 -0.0215913424639504
0.0765688689308768 0.0130707895246115 -0.00362737321177854 -0.0050165808850838
0.0771570128669402 0.0146904602312335 -0.00709761900115233 0.0121715243646923
0.0597905000007603 0.0495366662421022 -0.0225087399362858 0.0209412914278965
0.0281500114103249 0.0743444259420964 -0.044547505467982 0.0211643510364256
-0.0326988711777122 0.103268022324048 -0.0549232368055172 -0.014842056038471
-0.0984052012104786 0.0530798735389832 -0.0378114239095385 -0.0496355457533622
-0.109751515563661 -0.0493520994203371 -0.0025158518245507 -0.0244600445331612
-0.0827843402690209 -0.123940467683044 -0.011082335623046 0.0324774739181255
-0.0343605369746521 -0.109750968482245 0.0663560801339616 0.0736647440534055
-0.0740240308134716 -0.101166998131088 0.00788493888767891 0.0938852631128732
-0.117514126388795 -0.0202993608196897 0.0418268360635241 0.0992017193833273
-0.0951530653866477 0.0711728039931824 0.0852331562086208 0.0504375326204701
-0.0146917377099892 0.0920283460033083 0.0676378998207646 -0.00184830486375908
0.033448282649733 0.0707045006032346 0.03932976202395 -0.017080952527094
0.0677533172282551 0.0375237115125154 0.0223745679038864 -0.00522903379649266
0.0732701843743586 0.0159308272717862 0.0216114286892739 0.0041796445967422
0.0736831610535453 0.0151991066042866 0.0174819798235456 0.0200618414646699
0.0565839763272456 0.0464041156245614 -0.000187892051522403 0.0341325016907474
0.0242299834471056 0.0696768016218188 -0.0306770093814042 0.0405254681355289
-0.0361517237861714 0.0914373133382992 -0.0514828617599296 0.0039677034643271
-0.0896584747456303 0.0382465513870788 -0.0398273523585235 -0.0357366546575299
-0.0887363276763279 -0.0522722554519994 0.00366124814631123 -0.0153640897459064
-0.0580120655192396 -0.10897007642578 0.00327257802017623 0.0660892442772646
-0.00876791672883583 -0.0730063002369423 0.0632313713180321 0.116869061114033
-0.0374507819665351 -0.0832303883997168 0.0105915762796805 0.109627138289672
-0.0832616574872737 -0.0320785322686071 0.0228899827381871 0.102855327058769
-0.081409136582266 0.0423604103376423 0.0622033096226468 0.0666166345071224
-0.0189889982988104 0.0696591620485816 0.0607111726642942 0.0272452064051779
0.0219125654094145 0.0556676787555102 0.0538274139676392 0.0104871419499141
0.0521351926690223 0.0323101551331376 0.0447262926318317 0.00864880642974781
0.0593558030689187 0.0159429553588407 0.0431942308923614 0.0125709144432918
0.0605657477933854 0.0153313360141903 0.0390859393215556 0.0282457321201373
0.0466248406835237 0.0394974713904213 0.0173097872200526 0.0468889837539242
0.016137557592026 0.0590524611167633 -0.0203761977217137 0.0570540613744063
-0.0386019237601787 0.0699400028922391 -0.0498672399275584 0.0191026674364538
-0.0741930965104472 0.0173289828162165 -0.0422172522294375 -0.0239529077855799
-0.0577616554329092 -0.0538916732816874 0.00659806838940739 -0.00882409986785745
-0.023937213749592 -0.0821261617216139 0.0110440833159892 0.09120103572421
0.0186176986764227 -0.0221320971187997 0.0555421945276849 0.138841266027713
0.0012082331068977 -0.0475265164768909 0.0132948297620513 0.112994766420646
-0.0364949148047398 -0.029601501111978 0.0087003045156496 0.0986835225913657
-0.050097745609916 0.0139337313391043 0.0432930177985249 0.0739878208084099
-0.0148484726663769 0.0370267824259285 0.0562549417945585 0.0459977406337249
0.00917578162799781 0.0307908045932012 0.0639080780176893 0.027739366319864
0.0287151897783349 0.0209963039790086 0.0608218754494644 0.0171181365637411
0.0366738469185505 0.0128180263773089 0.0573823324486879 0.0189959491665343
0.0384280751601204 0.0131085207513713 0.0542619307054698 0.0355374191901932
0.0311835407998319 0.028504693359214 0.0284300958261156 0.0587261099570219
0.00676037891683065 0.0435431965728221 -0.0163525657818616 0.0721125291944478
-0.035875841620973 0.0436116023533078 -0.053733220243128 0.0303395731220495
-0.051324482468868 -0.0030065662487445 -0.0471441136222203 -0.0160540778781519
-0.0228493579170127 -0.0477540209739111 0.00547079246001454 -0.00570062573330201
0.0117441503905051 -0.0452018453317909 0.0115536702526472 0.105086883413151
-0.0437349186199865 -4.74527908421751E-05 -0.0168620698251796 -0.117674294120854
-0.0116307907150911 0.0288426519315761 -0.0331318205316981 0.000984592188186162
0.0248937660670036 0.0206228912985495 0.0511172123630048 0.0278279293946328
0.0242138597155182 -0.0128120328166348 0.0785457758535999 -0.0279104547052201
0.0014894241540126 -0.018557651868559 0.0352711543549108 -0.0870772597673277
-0.00535640706039091 -0.00818031586104366 -0.0331647664291572 -0.0838387686709101
-0.00779698762728116 -0.00992603513735971 -0.0663048732342298 -0.0499339027048169
-0.00614854461672575 -0.0113607685737398 -0.0695091114190277 -0.0251489039276697
0.000636954312877295 -0.00897942899511217 -0.073577199351621 -0.0194318470938774
0.00765564456456347 -0.00492432246492113 -0.0760244289823648 -0.0327125741311356
0.013199645543314 -0.000948720899088998 -0.0634768534582851 -0.0569500202975588
0.0152809632185588 0.0195418706675955 -0.0340090703748423 -0.0832044742454506
-0.0105302923373012 0.0293207179898142 -0.00341605019212154 -0.095435821274592
-0.0435562308485214 0.0034894878971461 0.00418590582492064 -0.0912684305719869
-0.045302539105737 -0.0274177188038833 -0.0454717765585458 -0.128342151018516
-0.0657575115385081 -0.0454443487993811 0.00644161016590412 -0.109039442279002
-0.0505592049642858 0.00252365695020471 -0.0259896278635489 0.00552054824338242
-0.0185900128457493 0.0318599490599761 0.0612161592690642 0.0340894143624296
0.00380947876532868 0.0252671638889116 0.0923450847929867 -0.0285481399709772
0.00844797449255312 0.0126951511922922 0.0432706069911332 -0.0917550701568872
0.0138352013059717 0.0127736703617273 -0.0302191388980428 -0.0884853189929594
0.021168833701049 0.000132913702250635 -0.062668061594667 -0.0506498200516403
0.022538203273153 -0.00519200429014452 -0.0647540448886499 -0.0246406405746273
0.028447995047673 0.00232178904915609 -0.0692801177274179 -0.0152178930052655
0.0239013424728547 0.022157705714057 -0.0736984287363253 -0.0259018351684696
0.0110824953822032 0.0311930784032802 -0.0655659240496342 -0.0473409027856725
-0.0142291293231688 0.0495143421937584 -0.0393067037467062 -0.0753868989385589
-0.05297170693898 0.0293051029236023 -0.0106823750775517 -0.0881351694196171
-0.074819466575267 -0.030519661235788 -0.00628415319090666 -0.0725850379986527
-0.0663100624396595 -0.0794899565339124 -0.0467640759393488 -0.0989411795130177
-0.0755364697882058 -0.0869962349926106 0.029987452709266 -0.0814736216769516
-0.0842306106630927 -0.0327424033176066 -0.0176023908904415 0.0197208475274436
-0.0672543212670121 0.0339157152389101 0.0669214261590037 0.0492193977541806
-0.0259207429963799 0.0623848157902001 0.106284800016537 -0.0181021314210087
0.0106213087570053 0.0484759797550933 0.0548698908816831 -0.0855035821088412
0.0295481449819486 0.0363395949455044 -0.0179084738231481 -0.0849617766865165
0.046791983196882 0.0138781520893237 -0.049713455014344 -0.0468589415050807
0.0487539853777642 0.00215786012155511 -0.0500360322940524 -0.0209771094665864
0.0521847398090346 0.010604990715548 -0.0545683838878354 -0.00728659159774968
0.0405313099768789 0.0409474205017777 -0.0638765038691362 -0.0113634092332368
0.0159848164272131 0.0570231612862215 -0.0657104431350321 -0.0274733894422229
-0.0295589227815987 0.0794368163091187 -0.0490724512649797 -0.0599370669832818
-0.083960491008181 0.0400136882100331 -0.0219185964821548 -0.0788237853256982
-0.101324614104502 -0.0473491570281683 -0.0107394051157142 -0.0532580400599633
-0.0829092349069302 -0.11389960273365 -0.0413797802006433 -0.0564117263292474
-0.0712929680292339 -0.11702378729376 0.049485432963245 -0.0362485701087958
-0.102845834688798 -0.0699169126095699 -0.00922363797397907 0.042727545174638
-0.109009905773974 0.0223887271247292 0.0656330195585962 0.0703490298226588
-0.060113165022141 0.0870128830239546 0.112372559578828 0.00316106228384879
0.00541817587191991 0.0805886543928925 0.0668386920965315 -0.0656641633135844
0.0391301066066778 0.0593748261434746 0.000918522284751851 -0.071090836335823
0.0650319740093965 0.0271760018858498 -0.028488711635326 -0.0371696458167336
0.0672992449161563 0.00901308260764877 -0.0286834863360557 -0.0141921663577165
0.0690991519976416 0.0141109981080697 -0.0329322668478347 0.00212930866924953
0.053468237642055 0.0499100266307086 -0.0461936195407058 0.00533897580062036
0.0235498671661514 0.0720264471156801 -0.05904124893875 -0.00308283720764807
-0.0335231503201292 0.0998886180930192 -0.0555451489480748 -0.0384036091758494
-0.0988717867009564 0.050951003711558 -0.0319558159332414 -0.0666175104265128
-0.11408543447598 -0.0519138862969713 -0.00798779921752761 -0.0376568608300528
-0.0885993218347481 -0.128850474205658 -0.0281751816768295 -0.0106936522411851
-0.0553556849876873 -0.126151106274452 0.061039766046803 0.0199990514821856
-0.0981789884854248 -0.0976690477740103 -0.00190918984399191 0.0697337110054302
-0.1279151466455 0.000242627082520598 0.0554820872948088 0.090010974356448
-0.0885045410808845 0.0892772939073361 0.10489701156614 0.030396990021399
-0.00606900635984436 0.0975250049543435 0.0724965208383357 -0.0342579006368108
0.0391266447110204 0.0727158996476093 0.022423777053586 -0.0462635231866975
0.0722269147016841 0.0368738512685213 -0.00256042306480892 -0.0224038569099103
0.0756253735829173 0.0144994325245257 -0.00347907143850386 -0.00474075980988663
0.0764586885462478 0.0161391602797004 -0.00769776280422075 0.0119153702133107
0.0587254730410005 0.0516675431340947 -0.0239608304817586 0.0208132429885409
0.0262984184788664 0.0757018986892111 -0.0464118447669549 0.0200923127443024
-0.0350842468859732 0.103268248432033 -0.055865501648387 -0.0169038144644186
-0.0999984795815232 0.0502783829656601 -0.0373152887447803 -0.0522360777165482
-0.109044590544488 -0.052991273311812 -0.0010375525360474 -0.0252519773085049
-0.079369467898727 -0.126767966814882 -0.0114138675100031 0.0317160725892918
-0.0323000280477969 -0.110788183313103 0.0641570206558588 0.0756330633108369
-0.0718991026564241 -0.104041154892167 0.00295879616596436 0.0944689156237806
-0.117360417066403 -0.0232477449249093 0.0379884273677067 0.102889923280132
-0.0979294136264176 0.0701051590756968 0.0852282654905068 0.0542284249952444
-0.0171478884421138 0.0925393644456867 0.0690070286200165 0.000485404285303581
0.0317360658901333 0.0722320995226545 0.0407102241567106 -0.0159858643755689
0.0667950323318051 0.0395262133830134 0.0229269375326875 -0.00537472604589707
0.0729057206530086 0.0171342976503329 0.0215077796093116 0.0048153596181468
0.0729072958460538 0.0164218922836031 0.0167383672653569 0.0212271909349455
0.0558488527878653 0.0476485737500747 -0.00236227372714226 0.0345371187386168
0.0226961504256915 0.0706747116875178 -0.0327920324476929 0.039700786728869
-0.0386788589646436 0.0909379483557879 -0.0532692421861765 0.00283244636985879
-0.0910539487293274 0.0361396793501591 -0.0400503709480838 -0.0381375829901517
-0.0874286482836861 -0.0555148060584779 0.00447104074294557 -0.016289949180124
-0.0550390618407276 -0.110362012156671 0.00262586751446206 0.0664215791491752
-0.00665178337122026 -0.0730422481064323 0.0593653249371813 0.119615440075397
-0.0350829551064498 -0.0850507661591794 0.00529807322507997 0.110457276049456
-0.0819998588532491 -0.0346099227627262 0.018975335392085 0.105485227065175
-0.0834526246388679 0.0413273558520533 0.060877699494699 0.0699864098402047
-0.0212401265792767 0.0702685619877128 0.0611789600910343 0.0300778407309503
0.020516504579988 0.0568301006846841 0.0543577054780194 0.0119706204336373
0.0513194309565582 0.0334230313581622 0.0454161305151955 0.00972175003683893
0.0590453293734996 0.0165768739224594 0.0429984111218957 0.0139486107965943
0.0596459321156595 0.0161506663901168 0.0378740696367378 0.0298888499006614
0.045855743377205 0.0404278797571449 0.0150164650974193 0.0475553012768813
0.0149619222284324 0.0603380726630304 -0.0233433130810078 0.0571521628320475
-0.0404677019393883 0.0696596553369018 -0.0522519192791981 0.0177597298766938
-0.0752768818912233 0.01532833992882 -0.0426119452678095 -0.0261134523251466
-0.056335838932945 -0.055679945351924 0.00722557457011062 -0.0094079575813181
-0.0216978908936346 -0.0826092378718192 0.00912587443412836 0.0925271370625597
0.0193067068117673 -0.0215560033994678 0.051127060875408 0.142075067073488
0.00301357019682147 -0.0476477324535971 0.00794385750727966 0.113541866428844
-0.0355218064342777 -0.0306680688669322 0.0044638830339643 0.100696208663585
-0.0512761695118607 0.0129528967252233 0.0414519237207608 0.0772174245469552
-0.0163857791383356 0.0369498898306534 0.0556643511109849 0.0481279708488876
0.00829810815350034 0.0313769612650156 0.0640912332152576 0.0294096683797852
0.0285635105110771 0.0217550418633887 0.0609002183563581 0.0186946630134122
0.0365308151454213 0.0131772241142708 0.0582835673382964 0.0205225741910377
0.0382121530214981 0.0140749429973568 0.0531567960601595 0.0373252047537071
0.0310405424402932 0.0292082975594872 0.0260756809852874 0.0600427035884752
0.00601355141198367 0.044220333506251 -0.0190500363577821 0.0721915708681012
-0.0374573987816557 0.0429963636429376 -0.0561060109434414 0.0290580432060911
-0.0512517560377011 -0.00471420813046337 -0.0478249719172127 -0.0180254215822893
-0.0215691074131926 -0.0488800261993876 0.00578594539461539 -0.00628918729473414
0.0131603546110543 -0.0445814770352631 0.00926905026591104 0.105815693777506
-0.045676193993358 -0.000181466903715492 -0.0164121988093398 -0.123865482293055
-0.0125615455690021 0.0306797476894273 -0.0357168220608211 0.000889386857481874
0.0261919490927785 0.0214715125286214 0.0532778474386929 0.0312921832341138
0.0257188715437209 -0.0138519356734006 0.0833184794044095 -0.0272421370179587
0.00179063604763453 -0.0196347978915015 0.0398572654364116 -0.0904937750597866
-0.00512646402716564 -0.00858024854042608 -0.0323840555440905 -0.0878773916763513
-0.0077487863258496 -0.0102210585348959 -0.0673386981668889 -0.0526141285703096
-0.00692795886303166 -0.0114662180734123 -0.071771326012907 -0.027647238562007
0.000263626238477105 -0.00889758324865079 -0.0761464813688233 -0.021608912637093
0.00783350146847219 -0.00440167895297908 -0.0793799944799682 -0.035489254614111
0.0136998821615292 -0.00115422728659539 -0.0658496963343957 -0.0614234315071413
0.0156847248637097 0.0205811424476339 -0.0332355025578685 -0.0885299432570853
-0.0115064276398093 0.0305079933849221 -0.000838258259357391 -0.0999659988093112
-0.0466335098144159 0.0024390369717006 0.00800136757591092 -0.0952198074754367
-0.0472201883733412 -0.0298643001089837 -0.0444036249814724 -0.135201737373348
-0.0677826675604645 -0.0476766956536077 0.0079560969645982 -0.114835706330293
-0.0531975785089663 0.0025826753026157 -0.0278518411363374 0.00596052482623614
-0.0194536581881836 0.0332913938165869 0.0631686692367337 0.0381290049270806
0.00418396288491488 0.0263287650529641 0.0984403529908963 -0.0280528074595497
0.00873842499498667 0.0132606395020861 0.0479778264509515 -0.0956461277318542
0.0139964369091763 0.0133496909776367 -0.0291109827687319 -0.0924372497084291
0.0214421424991956 0.000409432673422291 -0.0639102097473326 -0.053333517242823
0.0228584981665986 -0.0054255427702877 -0.0666433188349764 -0.0269599839594207
0.0283094677025344 0.0032572879023373 -0.0715587769053532 -0.0169482523637884
0.0243577273934454 0.0233540989885405 -0.0769261834192854 -0.0279666856796295
0.0107688816768427 0.032533323730323 -0.0677711723992863 -0.0512635182518036
-0.0154605234207412 0.0510093137150735 -0.039535637931018 -0.0803020325032321
-0.0559030915851513 0.0299614303900083 -0.008834118121033 -0.0926470225826406
-0.0783801089952512 -0.0329802618499764 -0.00291533881700708 -0.076371557035583
-0.0677426927697006 -0.0837352673424824 -0.0463434981591655 -0.104217399156413
-0.0776254710316971 -0.0914343114024214 0.0320141446399787 -0.0854186210975433
-0.0880973944426828 -0.0353119323575755 -0.0203670833579366 0.0209334889940726
-0.0700048816735172 0.0341180577810765 0.0688002707677559 0.0549785664615029
-0.0274667835394111 0.0650275044326927 0.113017834774516 -0.0168677199118131
0.010626389224077 0.0509318046401397 0.0605181958539634 -0.0886635646851477
0.0305649121059185 0.0386756098428892 -0.0165039837401555 -0.0889719343189109
0.0481452949866753 0.0147590314274768 -0.0504398453843005 -0.0497532309403213
0.0500142055043903 0.00260876621570816 -0.0516607716662594 -0.0227268476586006
0.0530265439171023 0.011661324157809 -0.0565899020897214 -0.00822155049683039
0.0413340760766788 0.0430021582631306 -0.0668655617201863 -0.012871536935563
0.0158033211302642 0.0598188291141234 -0.0685956781985202 -0.0302210831067631
-0.0320176698469242 0.0823058303660899 -0.0507037560638017 -0.0640729363332525
-0.0877722797766283 0.0403825267293564 -0.0212584346904428 -0.0837416738830505
-0.105648274806934 -0.0513366278324507 -0.00855351802441976 -0.0563786432764433
-0.0840220930029059 -0.120066097085612 -0.0415252108642255 -0.0603143522397473
-0.0724436195872364 -0.12298987004391 0.051628496101785 -0.0379332648723551
-0.10664416816845 -0.0745708537595036 -0.0125298723374394 0.0446005083375359
-0.113381555303973 0.0220447089803328 0.0670725118507112 0.0757889572765506
-0.06395634886424 0.0905051011463548 0.118375129033863 0.00573898518585523
0.00462346440402812 0.0842924987937176 0.0724043686255549 -0.067533338490832
0.0399106373596919 0.0625520212441526 0.00316986388974136 -0.0737927197392571
0.066901639561896 0.0291774158423427 -0.0282389524537023 -0.0394991967061949
0.0691172893733399 0.00966929860355922 -0.0296803488984852 -0.0153928088924138
0.0711042762224189 0.0159715868426998 -0.034451480973033 0.00182494846563069
0.0545504203674821 0.0524777448067932 -0.0487416324393186 0.00496097417422522
0.0231825489142655 0.0748653926738234 -0.0623172468473988 -0.0044931700219721
-0.0363300942285194 0.103113180287316 -0.0577732228673338 -0.0417932134685967
-0.103862883166887 0.0519703240182247 -0.0320521098418518 -0.071290220295734
-0.118506135588178 -0.0561550123343563 -0.00621691483952686 -0.0401497137010866
-0.089986733200669 -0.135670431343643 -0.0276040766413522 -0.0121616180602
-0.0557254670718008 -0.131994969998998 0.0633108902468716 0.0215626808003696
-0.101112291124191 -0.103941040815061 -0.00589799600292933 0.0725776992534366
-0.133339120280133 -0.00210688613060996 0.0552596620291547 0.0966034396014593
-0.0938372368121955 0.0925113050473244 0.11017909521483 0.0346308201448851
-0.00765189154541766 0.101905130811601 0.0773136435354422 -0.0343953429544544
0.0398585423598039 0.0767326790329597 0.0250423157754603 -0.0475766807497712
0.0740694826551417 0.0393164387348622 -0.0018000577769094 -0.0237095253270101
0.0781672709502997 0.0153251481185373 -0.00330317519046872 -0.00555556289658267
0.078572931435555 0.0177761268981669 -0.00788266783529413 0.0126921423476866
0.0605702844238088 0.0542493541837751 -0.0263224505135924 0.0210364280634752
0.0263166962987285 0.0792814379566633 -0.0494322819059563 0.0201792557653346
-0.0383656695562229 0.106607055726921 -0.0585403126132784 -0.0182500790595469
-0.104499027006401 0.0513144286131201 -0.0388939222556147 -0.0564607924348183
-0.112367761400745 -0.0580296586209566 0.000148236880607299 -0.0275068514739217
-0.0802897672275896 -0.133134325825643 -0.01146162030719 0.0323813884064851
-0.031663773940314 -0.115514124721268 0.0653426260508704 0.0798305474917579
-0.0734938807657184 -0.110302148893046 -0.00108380259783454 0.0986773368428096
-0.121198865838595 -0.0261262179376555 0.0362271440197711 0.109303468506834
-0.103563479950249 0.072420359977044 0.0889044808896386 0.0588410441280095
-0.0192890890807663 0.0969446910454757 0.0733996278370395 0.00205610109590513
0.0320427057812447 0.0765302311849928 0.0438592293155216 -0.0157225707682496
0.0690120088198953 0.0419654916271747 0.0247054174590586 -0.0059303829640852
0.075313339662863 0.01807220375457 0.0229641046178259 0.00528180958151114
0.074894877132108 0.0183436925195623 0.0169832665352591 0.0228859103806739
0.0577380887254374 0.0505354863504718 -0.00404916048596564 0.0362321394121765
0.022736050458451 0.0741025809558286 -0.0359216078179522 0.0414348787337077
-0.0417735517968573 0.0943822118228849 -0.0565686747307349 0.00172844562073285
-0.0955275588242638 0.0364774250988414 -0.0419675122367464 -0.0418978296018665
-0.0900058618402158 -0.0599873356902448 0.00560049721641981 -0.0174912161033947
-0.0553326658170079 -0.116071608373401 0.00243611797969772 0.0695659734531717
-0.00570400096233206 -0.0760968957667546 0.0594386411213739 0.125899624106927
-0.0348624060103071 -0.0893633504057895 0.000722761699662586 0.115453964084116
-0.0844662270130547 -0.037500181467611 0.0166518546299962 0.111371111244888
-0.088685014755329 0.0422502796471024 0.0629774852837177 0.0748639015731306
-0.0233322047830076 0.0734246205871404 0.0636919184185451 0.0327550024802548
0.0205191099308818 0.0599523197512878 0.0572966324827323 0.0137696542954464
0.0531242689112981 0.0356814923229103 0.0477914199766817 0.0107421607192269
0.0610914089840502 0.0174967568425893 0.0453075946132239 0.0146322457651371
0.061430439521567 0.0174025624578235 0.0388841707885662 0.0322371010830685
0.0471670199127261 0.0428322756584999 0.013793895220454 0.0501014207488522
0.0150322947906093 0.0632121514941349 -0.0258283101657971 0.0589355519282238
-0.0437208541414393 0.0720348472395714 -0.0558535858537941 0.0177218883843151
-0.0785815612805998 0.0145182979457247 -0.0454450660645295 -0.0289064176297206
-0.0579616459949887 -0.059975555006977 0.00809756221328432 -0.0101720319756046
-0.0211067022940533 -0.086036145283045 0.00944891527283918 0.0961229098037981
0.0205062251744485 -0.0214724345177583 0.0508502445231348 0.14969308172154
0.00424125235267779 -0.0496162318203005 0.0037335473254573 0.118947391571741
-0.0362768644856789 -0.0328693714791779 0.00174975032872863 0.106124600907153
-0.0538709018329853 0.0136546397436367 0.0420533875374677 0.0822329913212088
-0.0180020807240508 0.0389081590938874 0.0580838173219328 0.0516221853187938
0.00832534980416744 0.0333969385280377 0.0670875780348233 0.0320394858900424
0.0290269029692715 0.0226742876656568 0.0636488892093632 0.020364783627364
0.0379728236632386 0.0136305077137239 0.0607778664304586 0.0224078003534968
0.0397585101786567 0.0147181822952025 0.0543604719385924 0.0401925798198527
0.0320328974936195 0.0305880486408485 0.0250594948688954 0.0634022285533311
0.00568001817106133 0.0463553790472831 -0.0220898069177465 0.0743152501003109
-0.0401491408076374 0.0449702673083095 -0.0600965367774533 0.0290034716163964
-0.053480120498525 -0.0060901245321717 -0.0504944772662398 -0.0205964875303548
-0.0213548761754828 -0.0516850077060986 0.00595786788988034 -0.00715789686223233
0.014804465721617 -0.0457440034240957 0.00902564629008713 0.111022294501528
-0.0480753427351584 0.00133016037471232 -0.0212000791810741 -0.132654969234984
-0.0128535697112446 0.0333976612128408 -0.0393326344824867 0.00311486952327481
0.0284423926120369 0.0222208835381916 0.057530057616682 0.0339392684376549
0.0272549088024537 -0.0149093158365062 0.0895079727033538 -0.0303026569621267
0.00146665565523646 -0.0207595698506243 0.0416657769258655 -0.0975057986619095
-0.0058987720074206 -0.00918735712952755 -0.0348035313767654 -0.0927934610877023
-0.0088930559951827 -0.0102449812242745 -0.0718989198752099 -0.0544359826133916
-0.00831000200835157 -0.0118118863237901 -0.0769365578808317 -0.0274932211509054
-0.00036629893276663 -0.00903154384998681 -0.0816389685707996 -0.0212566060987095
0.0079518023029573 -0.00513319521601104 -0.0852503249472667 -0.0359724533189696
0.0136286916665836 -0.00179201932286493 -0.0713313688031668 -0.0648185552888625
0.017624017003759 0.0215330650515924 -0.0363594117423963 -0.0950712692257377
-0.01177616625661 0.0329724127819055 -0.00123981447780409 -0.107253995802418
-0.0509022396722566 0.00394472138629077 0.0102447442901718 -0.101875897619089
-0.051011615837381 -0.0307218737689922 -0.0491184890421575 -0.143655322468801
-0.0727705522096649 -0.0490262358787262 0.00525833741414337 -0.123431779033403
-0.0570379299380238 0.00390587411002316 -0.0311532848155492 0.00830113192174884
-0.0195780951034019 0.0358847132127097 0.0682727698023698 0.0409999063496176
0.0055883227309608 0.0278809078716719 0.105335460936981 -0.0313412735354111
0.00956704182449258 0.0138901082110134 0.0502758188423257 -0.102822849744436
0.0153847872171971 0.013563567531947 -0.0319804758945735 -0.0980580600527094
0.0224830143128405 8.6454646547524E-05 -0.0683830856908423 -0.0562612504106066
0.0233591047236928 -0.00604899133074625 -0.0715488801563832 -0.0276027055347806
0.0297066847874617 0.00285509798054477 -0.0765750355499273 -0.0168823916001783
0.0259491618543256 0.0241728558247353 -0.0825005718679635 -0.0281830512876581
0.0116587831326199 0.0337880660358226 -0.0735823416005918 -0.0538812460007786
-0.0150592718731015 0.0543760794442223 -0.0432992966392531 -0.0855892103947606
-0.0589368013723841 0.0330135235459665 -0.0103785339485427 -0.0993185734254324
-0.0850744716145794 -0.0343486206718653 -0.00253560900218025 -0.0815631471539073
-0.0740325921122003 -0.0876101864323584 -0.0506384542078175 -0.110817941157816
-0.0841853033535325 -0.0953565989193954 0.0317789529137891 -0.0928310737529744
-0.0948785166343937 -0.0360367558861835 -0.0235129270789135 0.0232248962156328
-0.0731310751345527 0.0376953732673956 0.0745900501601249 0.058519006449433
-0.0274210835480612 0.06960354441819 0.121150915035638 -0.0191801834289267
0.0119957864289166 0.0543210904038311 0.0638957359645888 -0.0961925721225032
0.033447552026327 0.0405385909224422 -0.0182296688539548 -0.0942885811242801
0.0504628714056982 0.0145949764948239 -0.0539850165038156 -0.0523802063586145
0.0518698529509004 0.00144848036717782 -0.055665939083833 -0.0236361262802163
0.0559580312678746 0.0113135564795564 -0.0601995576279333 -0.00791827021810616
0.0445383507217203 0.0451644342424094 -0.0719521007796998 -0.0119424338399912
0.0170728171900778 0.0626223481358255 -0.0742271110108251 -0.0314061659223308
-0.0320032877333328 0.0879961162891222 -0.0551589548081599 -0.0680814530324932
-0.0926454845591562 0.0451251254820543 -0.0236580765444333 -0.0901800253101612
-0.113602446287002 -0.0533523743285058 -0.00843523304057043 -0.0605929355778246
-0.0922832124909259 -0.125785672934618 -0.0445256541820879 -0.0635732411974892
-0.0799304997328055 -0.128828537983922 0.0533308991595406 -0.0420533521593667
-0.11599096166689 -0.0773665699648871 -0.0145917853212106 0.0485588946910326
-0.119738915780365 0.0259790244997344 0.0724644447392833 0.0813572366545391
-0.0656500833127445 0.0979105596603805 0.12750411800202 0.0045401916050882
0.00729428926480809 0.0896384706485263 0.0771254684669749 -0.0736384398559458
0.0440849992886519 0.0654494076406161 0.00276107160051904 -0.078785183006389
0.0711389638227959 0.029419764602617 -0.0304032260326484 -0.0418801032945451
0.072784046148204 0.00832320660423868 -0.0317893542357288 -0.0159705969476748
0.0744241444377047 0.0153983416353493 -0.0362730897394286 0.00272055373833487
0.0593652281062895 0.0548497834501981 -0.0528647596550801 0.00624864886249539
0.0260619928313252 0.078894060595394 -0.0670504866348059 -0.00383042609293891
-0.0360680670674574 0.110377648383511 -0.0630225216495627 -0.0440789844973686
-0.108673887976314 0.0576506164956987 -0.0365259963788825 -0.0763815214631298
-0.127743557572869 -0.0579371798536836 -0.00602638682374099 -0.0433391654724535
-0.0982685201111772 -0.142363552666234 -0.0290763634627157 -0.0128356377141009
-0.0614283124792661 -0.139393186701606 0.0668938104050814 0.0213214897027447
-0.110015574184242 -0.108951744595772 -0.00699254665891792 0.0778763321134523
-0.141765710845069 0.000347346679643615 0.0602826139682132 0.103717113067106
-0.0975057537798159 0.10097880977023 0.119100426970192 0.0354300836205153
-0.00596015499237327 0.108558162835269 0.0829225904574016 -0.0380416779887182
0.04435800486902 0.081263632485201 0.0266504000418837 -0.0509609236888616
0.0789908238880345 0.0400865162662618 -0.00194614822967172 -0.0261587561278211
0.0826889093788492 0.0143055475137659 -0.00344603580597296 -0.00581970317446997
0.0827708330410274 0.0165314652646001 -0.00841708007369052 0.0137685180929358
0.0651483499069429 0.0562275814810932 -0.0282922369723142 0.0234678291437894
0.0294933593587745 0.0832755381949264 -0.0536400372926764 0.0224491262150018
-0.0384080533774325 0.114607609166229 -0.0632617067696472 -0.0185538838582447
-0.109672114504226 0.0569483886286652 -0.0437270946106294 -0.0604728911688949
-0.121321724320665 -0.0598706972228108 0.000473147217792828 -0.0298974646361563
-0.0878452577681787 -0.139455147502554 -0.0104287480429834 0.0345371737770136
-0.0356906718934668 -0.122111323865693 0.0699416432734415 0.0837732140861885
-0.0804034815096066 -0.116351414541454 -0.00220531257149622 0.105700561529333
-0.128972074401961 -0.0260513429741248 0.0402962812499355 0.117107683007683
-0.108249631262764 0.0791467768848851 0.0959560503854695 0.0618800939667595
-0.0186115301528025 0.104123283320602 0.0791957521684784 0.00126650637422851
0.0358326693394219 0.0806884033933102 0.0468177268324752 -0.0170389043284441
0.0737906171475766 0.0427599682625475 0.0266837328068739 -0.00714466567052869
0.0802196276530426 0.017121913707322 0.0249292325589762 0.00486708652293443
0.0792994468622898 0.0175678725988927 0.018806265835724 0.0238677784862235
0.0623178301040955 0.0523966158425804 -0.00502039953138729 0.0390849251745633
0.0255797012079395 0.0783404898269797 -0.0385251909490089 0.0445043065605948
-0.0427107237617791 0.101696682672986 -0.0607551924304991 0.00296417782499858
-0.100187085578576 0.0408033456729598 -0.0469756647706111 -0.0445273776341512
-0.0970296200795124 -0.0626413153165734 0.00639282868865381 -0.0196249794724712
-0.0608203411403576 -0.12176627508076 0.00495153726523018 0.0736561883280643
-0.00689950825789185 -0.0798069523075028 0.0651124798679349 0.133521552266246
-0.0388980316857307 -0.0952096602759901 0.000363443871514555 0.123704546279566
-0.0905598507235314 -0.0387151838425301 0.018398250168302 0.119743056471181
-0.0932506484321734 0.0473683164659375 0.0682479294569194 0.0792373830940146
-0.0230598347540455 0.0789812130998506 0.0693169405039675 0.0339464148284904
0.0232982310562601 0.0639486867247087 0.0621161043632875 0.0133723437148238
0.056565730197892 0.0366763293387592 0.0512235565808372 0.00969565270917134
0.0649489192095575 0.0163684103366573 0.0491325271759568 0.0148636274885427
0.065252480572747 0.0167648981584334 0.0421964148202289 0.0339432785731333
0.0512168086651071 0.0441841511039664 0.0146901413537943 0.0537387453718428
0.0170318707122589 0.0668136137724867 -0.0274873949283463 0.0636482029260668
-0.0454674159178981 0.0780440290128742 -0.0600432498555269 0.0200234645545833
-0.0828613582255452 0.0172584918464682 -0.0499656837995027 -0.031032420658922
-0.0625767474402578 -0.0628916261323672 0.00822623654519414 -0.0119740142197587
-0.0236144981829115 -0.091108455152394 0.0130001153162181 0.102560607180588
0.0216996972953978 -0.0222300747053698 0.0566791873354673 0.158998339255146
0.003367138097726 -0.0533220267705581 0.00398692467427782 0.126899702716539
-0.0388381012398897 -0.0349199637185383 0.00259305076252287 0.114475547083805
-0.0573215537872247 0.0165394352593684 0.0457494316437385 0.0872490018890056
-0.0185395567141869 0.0422329829454191 0.0633061922391818 0.0547365521559308
0.00882851935438695 0.0360525773804571 0.0729505845161679 0.0327682057581791
0.0315045554433446 0.0234144032150716 0.0680547912395127 0.0201398480069098
0.04053396921507 0.0130318807642633 0.0655607680456048 0.0225496500846334
0.0422790713974242 0.0144130720581776 0.0581093587647175 0.0416409911836138
0.0348165476941597 0.0315832476726014 0.0268015450125187 0.0676121474253046
0.00756065236346344 0.0495956659595636 -0.0232306292260366 0.0795168971827811
-0.042107622291187 0.0489561453439109 -0.0645638629761351 0.0320403598144532
-0.0567955630571661 -0.00619866886926713 -0.0555177649232991 -0.0219118495175077
-0.0233621466719258 -0.0552571668992922 0.00634236869488955 -0.00846556835704881
0.0149009946805678 -0.0487381897460376 0.012624345208639 0.1180241075242
-0.0514000044170953 -0.00869668904234347 -0.00204513085997566 -0.140588083687453
-0.0192464586347749 0.0328752458778585 -0.0422304003301527 -0.00121399460647981
0.0261955966420291 0.027145948089536 0.0559309088826212 0.0473724279643722
0.0300340915184076 -0.0129078212293639 0.102027287980076 -0.0166599468233789
0.00374535762292113 -0.0225578608568 0.0607368425932205 -0.0966269633174271
-0.00544721467923929 -0.0110492871924907 -0.0205492764514495 -0.103108405440659
-0.00801702439927533 -0.0122187743808053 -0.0662076191085362 -0.0690273133272634
-0.00783339630329704 -0.013580783166503 -0.0756640379704046 -0.0422744814553116
0.00154146762231419 -0.00924277707202745 -0.0822052272042734 -0.0355147026290962
0.00845806383793509 -0.00384678625561116 -0.0835473717266689 -0.0511938044531747
0.0137425632873466 -9.21425406858641E-05 -0.0645520417085005 -0.079016452413144
0.0152775412275844 0.024195172026773 -0.0229589561702415 -0.106736734755514
-0.0191409110488272 0.0310149594583446 0.0183674015895234 -0.112524842349957
-0.0542744058386023 -0.00708642815517628 0.032442011366263 -0.104414804657563
-0.0493913188352041 -0.0449191299015585 -0.0222970733724495 -0.156210656966057
-0.0668314272292388 -0.0643471339756178 0.0223727582408522 -0.129402527534859
-0.0591118321944816 -0.00475638698950641 -0.0368164709509465 0.00447854863107124
-0.0246448675897863 0.0321778441771331 0.0632294213703949 0.0577356247820598
0.00133114330529934 0.0265763937197176 0.116307028515647 -0.0128880166383643
0.00541113505390898 0.0146260479867752 0.0707661586287845 -0.0986333170489919
0.0122661271059594 0.0163577816012607 -0.0159932041528113 -0.106932191695206
0.0223958255255512 0.00386727353492391 -0.0615319835258003 -0.0697066945986363
0.0237758890013887 -0.00128746534165789 -0.0699180528368193 -0.0409723590882635
0.0297530425535507 0.00887214924909684 -0.0780783966191199 -0.0295936087651167
0.0217667293358643 0.0301565442045355 -0.0835136591122982 -0.0421236192080031
0.00395834896641901 0.036603402998117 -0.0685063809791679 -0.069644875998104
-0.0248195271101293 0.0527279810128542 -0.030846868580615 -0.100813623065382
-0.0672279001641992 0.020948750940605 0.0083422563246706 -0.106135559524721
-0.0825072580913589 -0.0533392262449898 0.0174720782514131 -0.0835653647228662
-0.0623049947192178 -0.10980101500187 -0.0295076435532551 -0.119039708595161
-0.0691391880728888 -0.113983324714588 0.0447625588731848 -0.0949068335873909
-0.0905509047195584 -0.0523485367202178 -0.0321391089003325 0.0204955098392411
-0.0793493862018767 0.0249426433339257 0.0629133432868454 0.076893325424282
-0.0381854075262954 0.0640714586313588 0.127784293142167 0.00419293807634975
0.00122916798096222 0.0558672723239103 0.0850395674110282 -0.0873698620959226
0.0265218577121349 0.0472156859828878 -0.00262138664813207 -0.100153956764665
0.0488380598532353 0.0233010249093529 -0.0470187127051025 -0.0624163805892866
0.0516554175888075 0.0112997433779523 -0.0542827436522989 -0.0343739023460969
0.0552845491322044 0.0224023083143219 -0.0628167801060867 -0.0176859517949399
0.0374506576003421 0.0549380647667982 -0.0755757469033206 -0.0240323795936729
0.00414352366012394 0.0680877904858775 -0.0731629971973911 -0.0472087290133832
-0.0483546175750603 0.0847589675542485 -0.0463885383627472 -0.0862498753140974
-0.105298318259064 0.0269105058644887 -0.00758651245249255 -0.0990921878461349
-0.108599605474465 -0.0787805388771346 0.00867849117074519 -0.061968675067492
-0.0744416128836725 -0.154185330624099 -0.0318499856586532 -0.0664571589202145
-0.0574462059470351 -0.147378803381286 0.0588577422361355 -0.0406730661326739
-0.104111020305323 -0.0983448431023677 -0.0285825663235326 0.0465382916044065
-0.124223968127393 0.00415360948403343 0.0539183787970426 0.0992506443300885
-0.0813363431119637 0.0869076133581562 0.127652791619734 0.0315293091886583
-0.0094282928731615 0.0917097339089121 0.0950802667156409 -0.05939785511516
0.0334675041929771 0.0752038019855066 0.0172075216939236 -0.0800264697345881
0.0672140657803035 0.041765688481902 -0.0237348148567031 -0.047259144578323
0.0722525202962883 0.0224245249630635 -0.0305506528967065 -0.0221611396245503
0.0738213570173733 0.0289610306015274 -0.0400781118535805 -0.0028230090717392
0.0507985774910635 0.0679451757088116 -0.0588034570368368 -0.00126714565957392
0.00981622273127267 0.0871567132761333 -0.0706616150240789 -0.0174832863257145
-0.0571127061335246 0.108040663353696 -0.0591618813724642 -0.063510247987198
-0.12466499339584 0.0365005120158101 -0.0227823660294886 -0.0873768001395111
-0.122052919945826 -0.086544534165197 0.00852172353430004 -0.0433674556427794
-0.0772205905546706 -0.172457475114086 -0.0250803849066347 -0.00946070832348453
-0.0353790647781567 -0.153933418306789 0.0626019191994592 0.0265280207271466
-0.0924722233813768 -0.129396065797157 -0.025573374556532 0.0771420872866354
-0.141228005811808 -0.0255278024223739 0.0358497500254464 0.118838785997597
-0.113752855258917 0.0848525351395892 0.110527029289967 0.0616298909198683
-0.0253518006389794 0.108310407387612 0.095068187869926 -0.0203290355169435
0.0311844550005763 0.0915006153221131 0.0377070352364917 -0.0469373017469792
0.0740014938278305 0.0542153327322 0.00368334445697879 -0.0253554858720304
0.0817903624913111 0.0302633810215638 -0.00199178261158681 -0.00717501536200674
0.0816022056052082 0.032412200245601 -0.0121652278656783 0.0132781222808468
0.0575285402581909 0.0705470922933642 -0.0365750047431172 0.0208334332483788
0.0129163906003097 0.0927703209701859 -0.0612889554530437 0.0117148248446719
-0.0602208496101807 0.11256005423119 -0.063903471915747 -0.0378398875389411
-0.125278994644725 0.0355432129014255 -0.0338375793471903 -0.0721048646227809
-0.114792355374304 -0.087344254562856 0.0122939718303698 -0.0283384794638734
-0.0660648069799468 -0.166606476993894 -0.0146402198422456 0.0426032136844161
-0.010910945285044 -0.130310511978129 0.0568382361315556 0.0929387124334523
-0.0601095702842509 -0.13196820970783 -0.023517011257592 0.105931523163578
-0.123762700025599 -0.0499376418926147 0.0134312282796949 0.127464395847319
-0.121286818411406 0.0619156802036681 0.0814826242040518 0.0841489574037196
-0.0368074157019662 0.101888193248459 0.083383278540157 0.0204474045571145
0.0231305242284494 0.0898636273552168 0.0537333396984934 -0.00797463299353457
0.0682825375979936 0.0563374352946915 0.0304775937014077 -0.000879312015207583
0.0791554589327707 0.0324305982729107 0.0256862816462551 0.00880673216704709
0.0783606957824148 0.0321830241712656 0.0145483665007327 0.0287882857316871
0.0548517432380668 0.0656875151557907 -0.014322794443052 0.0406114674808472
0.0103338217086476 0.0872552261321048 -0.0487816248210567 0.0375904606564122
-0.0628249914340664 0.0986806400631972 -0.0644260359171982 -0.0140169949489897
-0.112427956665871 0.0205692088685051 -0.0403220407291848 -0.0552456412371288
-0.0888433759993249 -0.0856389278861923 0.0146680487122669 -0.0167148911685635
-0.039888928329686 -0.141624418404507 -0.00711478306864229 0.08520537077343
0.0112622525153629 -0.0814863114376046 0.0442311112980146 0.144881711404164
-0.020434584190794 -0.102720391565496 -0.0227448962472671 0.125897784223049
-0.0822262087418957 -0.0557252224584202 -0.00733205402340943 0.125953171657319
-0.1000962494629 0.0327777767474958 0.0509047194258694 0.0951843318515444
-0.0366940916106299 0.075781845754482 0.0671058913380641 0.0518749305364784
0.0133645509504237 0.0702900599452119 0.0636968136142068 0.0260306581330063
0.0523819184710572 0.0472691931339596 0.0533124688829626 0.0207804674927231
0.0640648258709528 0.0293180451464164 0.0495760146231529 0.0231033717780387
0.0640870506426274 0.0290710971413631 0.0371780077154902 0.0426141537728954
0.0455669422769535 0.0554031259921049 0.00375710901518787 0.0595963241395304
0.00379834761218661 0.0737903173107822 -0.0399139558918234 0.0599050882115258
-0.0621760892985484 0.0742629149169647 -0.0654449341438122 0.00487381515306749
-0.0895301186545457 -0.0008697870980764 -0.0464162122312285 -0.0407838555382191
-0.0525156069975123 -0.0789505059932565 0.0131987648728549 -0.00814757901719458
-0.00662379243642788 -0.100471012432627 -0.00486629951716623 0.114008075740906
0.0302221186421324 -0.0165652664146821 0.0323384035932579 0.172914059697854
0.015466625194227 -0.0529159471394427 -0.0182873892122001 0.131235180167187
-0.031218296296995 -0.0422130236253236 -0.019948849192427 0.117479921090277
-0.0590722019822052 0.00771712247262911 0.0290947855244198 0.0994610973603711
-0.0249905689224104 0.0392073320306279 0.0566475863986316 0.070248206824881
0.00416622691353052 0.0389163753203602 0.0718256227526777 0.0470467882435974
0.0284825074427007 0.0293358169054352 0.0695580101682265 0.0334285474515583
0.0402492481064349 0.0207642667974799 0.0656133248912301 0.0335482983624201
0.0412617196002019 0.0224243101138404 0.0536952017843119 0.0536017029086274
0.0308826319146027 0.0395437145657077 0.0149339786802377 0.0761652281873731
-0.00249916879877024 0.0542718750360854 -0.0376428444192655 0.0780049743866896
-0.0534205218382778 0.0444109928734974 -0.0725945579513846 0.018172772397375
-0.0579596661492595 -0.0193809641292292 -0.054174357132479 -0.0320835733148232
-0.0135892712313985 -0.0628780393389929 0.00888006451163451 -0.00596145654314975
0.0264398226648787 -0.0471332777901123 -0.00868035702541489 0.127298802931484
-0.0520227344874321 -0.00427759367385261 -0.0143413345246024 -0.141336639306617
-0.0168354781120071 0.0352002112688702 -0.0439858499975404 0.00384614175878775
0.028603218529854 0.0252345719183732 0.0607516686106653 0.044784130172923
0.0298191588802679 -0.015341210291119 0.102123025639991 -0.0239697582673376
0.00184962614020798 -0.0230560868113674 0.0551678874708456 -0.102144034639601
-0.00668796763242149 -0.011172670369996 -0.0273792462649837 -0.102754069560756
-0.00939730152945051 -0.0111243277303307 -0.0714310116209071 -0.064165563556614
-0.00938590495483635 -0.0123397763493145 -0.0796461903537746 -0.0364437172752217
0.000470922104798606 -0.00922207541892903 -0.0859785228874459 -0.0289624489122267
0.00816712022274206 -0.0043465150978698 -0.0881931692243458 -0.0449124805921741
0.0135952024055991 -0.00133721306973466 -0.071630247298621 -0.0754243311464223
0.0175481169284622 0.0228029266348826 -0.0311735369495221 -0.10741570522784
-0.016977055395429 0.0326848016570522 0.0114415432087904 -0.115337222391592
-0.0563330191126821 -0.00217230426301767 0.0279622737544574 -0.108194220502835
-0.0537284322113533 -0.0406941814977134 -0.03429942484733 -0.156227691360928
-0.0721543267607321 -0.0592649903748906 0.0113178961049335 -0.13227067541282
-0.0602468627126039 0.000185093240557376 -0.0382477970078264 0.00879027062499964
-0.0219614913388263 0.0341616237249922 0.0680872785123562 0.0546971881102355
0.00402833426434485 0.0270921586436837 0.117224350014662 -0.0212203264207054
0.00674891005794902 0.0140546336895947 0.0651186302745119 -0.105327886934987
0.0134928918086097 0.0152806427315398 -0.0235618512410051 -0.10681322392927
0.022205550011835 0.00236531201194272 -0.0670502472456287 -0.0647802618327116
0.0228276587289928 -0.00314567626521879 -0.0737491734674598 -0.0356594067238738
0.0305552591949136 0.00686762580942033 -0.0813661315265793 -0.0241776644780979
0.0240078066813273 0.0283697697684443 -0.0876144429170361 -0.0362346573419968
0.00630937375422215 0.0363242214606485 -0.0753083279765485 -0.0656247062300224
-0.0202583990606291 0.0545698601029731 -0.0388983432358752 -0.100210206493821
-0.0659336776758601 0.0267726295634148 0.00139682681744432 -0.108510333701639
-0.0884326162884312 -0.0472583049746846 0.0139899128037232 -0.0857661085343111
-0.0716085752056963 -0.105094137536502 -0.0383703691370549 -0.11757812665332
-0.0783932684575171 -0.109146442638454 0.0362506959426048 -0.0997146190582912
-0.0955348106736585 -0.045035855324616 -0.0329463508039203 0.0242517580368579
-0.0777733375616526 0.0317216611345036 0.0694591236187003 0.0745372645732053
-0.0322230904598047 0.0675971937774147 0.130093768483273 -0.00529463506997923
0.00639004985017229 0.0559830047333027 0.0801099777374656 -0.095162462999416
0.0302921084224959 0.0450609376396917 -0.00959565404874674 -0.101141027067416
0.0505783184096634 0.0196359272746691 -0.0520253241679651 -0.0595482500212666
0.0519766020701989 0.0071342667222905 -0.0571667758664072 -0.0302544343831584
0.0565944487600205 0.0178906901701901 -0.0651801510268034 -0.013195118286902
0.0415301375741501 0.0522288276562865 -0.0784472011819252 -0.0179585055104302
0.00919568450241109 0.0676752912886405 -0.0782574066672222 -0.0423288886733438
-0.0413721786841561 0.0892336388815906 -0.0537078630486666 -0.0844368167446399
-0.102869700479853 0.0350723095936896 -0.0147580874318882 -0.100221891553714
-0.116854631531342 -0.0711088681032476 0.00659961583755683 -0.0634267862061948
-0.0862900811808622 -0.148021818990372 -0.0358532462091641 -0.0649354738652268
-0.0684876444537923 -0.143276559712752 0.0550390827105579 -0.0455475984705171
-0.11259513858455 -0.0912375533951168 -0.0274372687813657 0.0491263098065958
-0.12370806091155 0.0142204670905634 0.0616103766475026 0.097920213778287
-0.0741093493885028 0.0945320742155832 0.131479738724892 0.0226503437635436
-0.00183707380152771 0.0926906024658409 0.0927514536963566 -0.0672296662404852
0.0396340238803235 0.0728699546909988 0.0122333824528522 -0.0819493019940957
0.0709207075756877 0.0366558110319787 -0.0272312546978301 -0.0464620004826325
0.0731751859977998 0.0162403570116018 -0.0324868848651383 -0.0202682370551759
0.0755550761921713 0.0235154275204967 -0.0401517177775616 0.000349848019267006
0.0566037804888721 0.0642729701769393 -0.0605955305726153 0.0035309438838163
0.0165004549609248 0.0872565140529533 -0.0737958518762605 -0.0127631014623594
-0.0483473818146803 0.113433892004655 -0.0653377168867715 -0.0601245755681175
-0.121569073519954 0.04639780721556 -0.0302732690914716 -0.0872972662981512
-0.130321721429365 -0.0781569253479301 0.0066326346885372 -0.0446693817770141
-0.0912610021241264 -0.167239393175417 -0.0248165239195645 -0.00780734917946331
-0.0475063283101449 -0.151796641088853 0.0645804222271369 0.0221481183645735
-0.103136910327888 -0.123443786156562 -0.0220895259079286 0.079980735157543
-0.143287978348183 -0.013919076288256 0.0438857261533365 0.118817311260103
-0.106650380562869 0.0952173368261269 0.116289055448465 0.0544096874768093
-0.0164016068669755 0.111805959079918 0.0955036902682133 -0.0276016284900119
0.0391721785588398 0.0893877710864511 0.0352132163855438 -0.0500451277230441
0.078650711649085 0.0488311117632475 0.0020366037098584 -0.0265106636617166
0.0839597863741178 0.0228261328085952 -0.003463706525724 -0.00749674121311538
0.0843570240318511 0.0257470456078432 -0.0113391079748798 0.013770345928087
0.0633044674880508 0.0660918618898463 -0.0364713004116916 0.0240416989549918
0.0202544306154413 0.0921730110875826 -0.061480629617348 0.0166446291393204
-0.0516528919094118 0.1184284801352 -0.0684292268464634 -0.0332335858569885
-0.122900419459848 0.0455015147753316 -0.0404465895001976 -0.0703920625749104
-0.122900466388929 -0.0795428070680392 0.0110880021123187 -0.0298698495732559
-0.0792026386157003 -0.161784535862989 -0.0101911884151162 0.0439418522661623
-0.0204913021245665 -0.130261618551767 0.0641538585618789 0.0896156742950679
-0.0704767829685697 -0.128315712668941 -0.0180556670634824 0.109159670051962
-0.128264347742857 -0.0403655727551651 0.0215465683645677 0.129022464236845
-0.116265543463323 0.0724831423920241 0.0888299664986311 0.0795867957510489
-0.0291880333075581 0.105869662863323 0.0868152208491442 0.0143370034829623
0.0307055344187403 0.0888433474888143 0.0543369688277118 -0.0124328683736622
0.0730217117925413 0.0515239316656694 0.0309384110510995 -0.00388283199597732
0.0818306265854755 0.0252957435634184 0.026399252139047 0.00612864931493035
0.0809093877757116 0.0260868341896827 0.0169518535677717 0.0275390134058997
0.0603808189155134 0.0615351079543555 -0.0127501343600478 0.0428645169968524
0.0169863469968155 0.0870974355483443 -0.0472614237245699 0.0416039930611182
-0.0552783300427453 0.105185765325368 -0.0666892629541095 -0.0093762433460655
-0.11088876252927 0.0288681808855657 -0.0464908779189242 -0.0529139940101237
-0.0963017730567781 -0.0800756207034255 0.0140128531417345 -0.0181695200820894
-0.051340095958468 -0.138829635665623 0.000805726809244505 0.0859400551922509
0.00589473564689641 -0.0823398271078389 0.0555526524222065 0.142907808146447
-0.0282314667385251 -0.102213024349178 -0.0153329653608785 0.128390607961221
-0.0867972815701651 -0.0501660346100873 0.000394466785142956 0.128035188648391
-0.0981966499838895 0.0416475748612199 0.0581364293539591 0.0937514667287123
-0.0311227276615765 0.0797487057280069 0.0724716631600884 0.0477790266156098
0.0196156338827177 0.069994677765004 0.0673606639146733 0.0215784859227525
0.056388774356377 0.0434483999595068 0.055725058207954 0.0160676806043306
0.0669747739424765 0.0234089372483471 0.0517026734709685 0.0189247136048821
0.067098002486834 0.0238811684393176 0.0408698521465403 0.0395191754160356
0.0501593761172865 0.0517834022428985 0.007392925896469 0.0601702287622007
0.00975635538899814 0.0742145077324945 -0.0366583085861586 0.0630359869951977
-0.056564976789923 0.0805852144045425 -0.0665614668896238 0.00965702923692688
-0.0901542558304164 0.00539742533074839 -0.0506551933954668 -0.0381530294804885
-0.0591277813146951 -0.0761556854014684 0.0133000408798191 -0.00976423142668762
-0.0142895188751737 -0.0996295055478948 0.0057194188381557 0.115179122955408
0.0296014114971335 -0.0184740118562308 0.045411591041754 0.172459009036847
0.0120063340989042 -0.0545129138704544 -0.0100500458469704 0.133443789266856
-0.0347424113353308 -0.0405442914327713 -0.0131386004112193 0.121314885159685
-0.0586033885734043 0.0126351770648276 0.0361606868064232 0.0994752895312722
-0.0220997726700211 0.0421374794814863 0.0628940420585198 0.0674172811933255
0.00767643211445996 0.0390604269142161 0.0767976971676298 0.0418004945778937
0.0312688099722232 0.0271898442282773 0.0726367676639023 0.0281012894553716
0.0420986642728005 0.0170712464971428 0.0687411729061676 0.0282320189890856
0.0436094317510535 0.0188216872403459 0.0580784236172747 0.0495481585816143
0.0340765357335931 0.0365432345331455 0.0203214312010918 0.0763211853661966
0.00183645588128914 0.0551036582548691 -0.0328293468946231 0.081445354415024
-0.0503066257402757 0.0493322193481501 -0.0726505466326499 0.0236771473408636
-0.0597282784672869 -0.01585325054859 -0.0582476244980814 -0.028830162185652
-0.0182013792245224 -0.0628617134105426 0.00846545693971547 -0.00720013049680647
0.0231134115256793 -0.0484079339735498 0.00274848582588655 0.12864094799085
-0.0503386778230637 -0.0011547600525642 -0.0230232406360472 -0.136710903249687
-0.0144674131679787 0.035353948208778 -0.0436779661531249 0.00743987013579181
0.0294707032919044 0.0229227143576617 0.0623679412093464 0.042176973455174
0.0283445982608563 -0.0172720501175658 0.0992340256670133 -0.028361694100334
0.00017073832292689 -0.0229668538467732 0.049313656476555 -0.102949335417425
-0.00705882258664407 -0.0107217078476923 -0.0314052115625539 -0.0989172225563188
-0.0100533545906259 -0.010613941040175 -0.0722337222517833 -0.0579926877276088
-0.0104421177319213 -0.0108410482395756 -0.0792402623620451 -0.0309926151870272
-7.80305504778996E-05 -0.00882675076310607 -0.0853966048778192 -0.0240270271189643
0.00743341099515987 -0.00460738883883937 -0.0888949485960015 -0.0387608921221652
0.0130298556398219 -0.00213995745389183 -0.0748215703346381 -0.0699374010062299
0.0185732645445009 0.0206132385557111 -0.0361468825931033 -0.103824589244121
-0.0145442810580543 0.0334691245813119 0.00701205636407362 -0.113984432064052
-0.0558627306887434 0.00186379149689113 0.0239449856077946 -0.107291753106238
-0.0543367799610195 -0.0365703072129369 -0.0409465633393654 -0.150190114748245
-0.0727566482129102 -0.0536111416035088 0.0021908503031106 -0.128772801075534
-0.0586676794024998 0.00369169469240087 -0.0374679326642563 0.0117289872579802
-0.0188062623722903 0.0346833269052536 0.0693476901554969 0.051404904045813
0.00596207847685002 0.0257612019102353 0.113868880978231 -0.0263116475394993
0.00732764068989728 0.0130325119267789 0.0594242790100036 -0.106238321329297
0.0139896953956276 0.0137326322319961 -0.0281006906194432 -0.102529577071297
0.0214307789168717 0.000957675055742833 -0.0687163233701409 -0.0596465397967554
0.0211593160536567 -0.00389466267831297 -0.0738963015082337 -0.0309399482610071
0.029646972563379 0.00496887786754001 -0.0804593510394532 -0.0190599952210034
0.0245832924521082 0.0264679966922648 -0.0877740660835513 -0.0304364566345596
0.00762817482038094 0.0349893758638007 -0.0777161073590971 -0.0607904886915795
-0.0160207031720631 0.0535258941788911 -0.0435690534342489 -0.0962538933226679
-0.0625788181712739 0.0294486593884461 -0.00398698578578988 -0.106203039517641
-0.0892039110314699 -0.0411680244994409 0.0116548642770138 -0.085054376831085
-0.0749475026303834 -0.0979985465554566 -0.0429442757369474 -0.112802662325764
-0.081403070043998 -0.101619596112639 0.0285542183175659 -0.0990875719783262
-0.0958302229493386 -0.0383232922225443 -0.0327496144458384 0.0263106181917702
-0.0731478366531007 0.0350220433413223 0.0715519587027274 0.0703888920594599
-0.026781028667233 0.0678252980797468 0.127471888476801 -0.0115355611345591
0.00955175191012186 0.0538923490361584 0.0741302116888381 -0.0971174464818903
0.0321220309365308 0.0413573429901743 -0.0139402648013738 -0.0979889805460219
0.0495688883990695 0.0162319247581449 -0.0537875663635463 -0.0551846802106287
0.0495197022990175 0.00383379624067854 -0.0577744414923359 -0.0264924715487734
0.0556621589525606 0.0143204243276823 -0.0641956855061348 -0.00953349594420858
0.0428703224679741 0.0484046189081541 -0.0781166911210701 -0.0130419807953534
0.0122567560125909 0.0649705743644825 -0.0797850698724492 -0.0377779828858094
-0.0346772092439026 0.0882774482297799 -0.0572830479920001 -0.0800665169564164
-0.0976718364163917 0.039709499603451 -0.019667168476307 -0.0976556662661457
-0.118038752004781 -0.0626707043122596 0.00535211573181045 -0.0629203026228693
-0.0918668257539159 -0.138712549600048 -0.0374494100575769 -0.0617593724297575
-0.0739239974638334 -0.136053122137059 0.0504616837857814 -0.0473341562934391
-0.114844479183244 -0.0823285773740633 -0.0266207081154059 0.0502628432607359
-0.118970266245124 0.0209778373524697 0.0645038348236408 0.0941236046133746
-0.0653065579146908 0.0962607337205865 0.130038362836813 0.0156611213080757
0.00396627490331239 0.0902832270869087 0.088010877190774 -0.0707791952379766
0.0431415689316849 0.0679468643647643 0.00826746427577113 -0.0805898243958939
0.0706980138266479 0.0315503541142903 -0.0291166403446554 -0.0440691986878237
0.0709436237943137 0.0113017399254606 -0.032796133929223 -0.0183606374845874
0.0746358208718197 0.0184737472092876 -0.0400806574377165 0.00201921735622015
0.0585326946403255 0.0593197298889502 -0.0594119187454696 0.00718902662074161
0.0212052421126819 0.0833040656356687 -0.0739882416427791 -0.00912598932316455
-0.0399129523617423 0.112667862779743 -0.0677156099647278 -0.0556649157128517
-0.114980687412706 0.0516466216264875 -0.0347300564610954 -0.0839647687394742
-0.131518604170089 -0.0698672771203109 0.00580110762710144 -0.0445559913492248
-0.0976015223769584 -0.155935550147839 -0.023397398804964 -0.0070852658756995
-0.0534949462327206 -0.144701474818752 0.0632377476956409 0.0178397031017953
-0.107228030737434 -0.114326152869518 -0.0197215983681375 0.0796347280359497
-0.13974803432973 -0.0061027326252329 0.0479032359663531 0.114882259470253
-0.0973768714969183 0.0990843713946883 0.116607235139268 0.0479700901728588
-0.00922456017801953 0.109470621806919 0.0929580265046658 -0.0319633635937228
0.0433510946575962 0.0840805688515653 0.0326788350471444 -0.0507793828196693
0.0790363073966424 0.0428606992882722 0.000458355965137485 -0.0265537937153261
0.0819205103896133 0.0167382512423419 -0.00402365433897977 -0.0077474342324999
0.0830417434028109 0.0200708963501341 -0.0108972286711793 0.0136312208978299
0.0650124050710843 0.0609541174600197 -0.0347056305292184 0.0263845579886721
0.0244811005973041 0.0887125033637791 -0.0605475235243048 0.0192177252060943
-0.0427897308724411 0.118531638390452 -0.0688082075320179 -0.0291690659486136
-0.116352464381648 0.0505718772239944 -0.0439379621849388 -0.066731621532256
-0.124158914611706 -0.0710512067877088 0.0106127092932797 -0.0302131693081411
-0.0854600779963527 -0.15216072765764 -0.00644762909827999 0.0427744963101771
-0.0263749577081038 -0.125211649687797 0.0664772226213216 0.0831851546707656
-0.0752143410839997 -0.12107314745876 -0.0139544056279317 0.10718155861752
-0.126034931166114 -0.0327979493094233 0.0261571318161398 0.126238991993547
-0.108121389684909 0.0777713594799367 0.0900090296944946 0.0740679005651295
-0.0218224582334433 0.104557252484363 0.0862855544452224 0.00983363936759418
0.0348198701521312 0.0846346954411964 0.0530637311456308 -0.0151972212584115
0.0739566460685258 0.0458278147156669 0.0299874744757365 -0.00588693641791018
0.0799518884011714 0.0193603438952016 0.0254675141800654 0.00410182646483007
0.0800593615004109 0.0205312090292287 0.0171448968471854 0.0253707728379316
0.0624386363259181 0.0563028619689186 -0.010455330245149 0.0434588934397627
0.0211408654050595 0.0836120191662878 -0.0448715055283077 0.0432415784248342
-0.0473358454282659 0.105735348052922 -0.0666445939993936 -0.00594571837059178
-0.105658628531028 0.0336809356723897 -0.0494161438711964 -0.0492501509231986
-0.0980552027462359 -0.0733023593754332 0.0133688394108453 -0.0193969733526745
-0.0573465872559797 -0.130876361180184 0.00720894243242368 0.0831333487452038
0.00175618525802727 -0.0801991257178956 0.0617376858757485 0.136046694992024
-0.0324617435823203 -0.0981763926909716 -0.0106835027149497 0.126250079173404
-0.0866253150180658 -0.0442187148391756 0.00568726151262288 0.126522721950947
-0.0923065364688233 0.0468820543186329 0.0609945907484099 0.0894645333445868
-0.0257335304576564 0.0796961070056487 0.0735878847991698 0.0435581829923032
0.0230028860259489 0.0668251036797739 0.0680723637052795 0.0169894780656428
0.0572945004711114 0.0389879126892165 0.0553182608915124 0.0124159608892587
0.0656906206073434 0.0178602171990727 0.0508374946361795 0.0148630427567834
0.0664404422089905 0.0192664565582127 0.0414597899023067 0.0360027155999727
0.0516258706220468 0.0471041296189685 0.0100477061954164 0.0593160639401269
0.0133328752124351 0.0719262047400992 -0.0334126509099687 0.0636759012051327
-0.0498555412431243 0.081785978452447 -0.0657854684080134 0.0129909746082221
-0.0870965409022052 0.0095901098183194 -0.0528848754862565 -0.034591216161046
-0.0613792963476092 -0.0716569741903902 0.0127790462867567 -0.010724262606779
-0.0185737426819576 -0.0951836571230456 0.0130332930513874 0.111011634720798
0.0284180390962298 -0.0195365555323642 0.0536663412689923 0.164552396545456
0.00869176126787016 -0.0534013068274981 -0.00522431251732623 0.130408932214131
-0.0354237670944952 -0.0376796506196901 -0.00811742220301187 0.120059617097371
-0.0559842988479288 0.0165098322545956 0.0399767611968838 0.095936093798504
-0.0191419493643811 0.0422571497175119 0.0655088238701763 0.063641825387465
0.00959935864918528 0.0374225781945668 0.0780232810308106 0.0368352665872222
0.0320851720578682 0.024523233189376 0.0728328823035399 0.0231858649407523
0.0414968796305313 0.0137471297794359 0.0681979385820273 0.0231838229689588
0.043444602880784 0.0152541732122778 0.0585861229033059 0.0450025727152694
0.03527125184882 0.0331919445354474 0.0236429639885828 0.073867342447786
0.00566170878001494 0.053383710952473 -0.0292112496966824 0.0811068723031912
-0.0459898004025623 0.0514617252926193 -0.0706757239851752 0.027100519228018
-0.0590458101120317 -0.0129510829417217 -0.0592180890198291 -0.0252126865316067
-0.0207343015837925 -0.0603192817887581 0.00805156230645035 -0.00821492157235765
0.0205704919947539 -0.0473152193785413 0.0107951991383208 0.124200522205744
-0.0483603238954516 -0.000238754921270608 -0.0254103249608661 -0.131562245517099
-0.0135059982389853 0.0348163569221745 -0.0426398843115984 0.00986783565019284
0.0291555626322307 0.0216093777283735 0.0617761940342761 0.041428634119913
0.0275324139432916 -0.0173252603559234 0.0967644675536062 -0.0279535404781901
-6.5388734756624E-05 -0.022422787507823 0.0475039762055955 -0.100692963794967
-0.00708068784787796 -0.0101390443875251 -0.0308574404485035 -0.0960005340813424
-0.00999636125696664 -0.00947405084070037 -0.0708167636937513 -0.0549815787720748
-0.0105214389542039 -0.00967785201181885 -0.07741255660345 -0.0282541898692899
-0.000198346459487402 -0.00846173847955043 -0.0836990533968559 -0.0213909190022874
0.00700971598616152 -0.00454782525627001 -0.087029800873708 -0.0363974129869696
0.0122153631440474 -0.00243184212563703 -0.073975130545473 -0.0670074558267439
0.0187385031982636 0.0197830346846068 -0.0369195664890171 -0.101335785567144
-0.0139526037487959 0.0330005964148767 0.00640766651040359 -0.110595084278082
-0.0551311235534479 0.00306188522418001 0.0242805450565866 -0.105271239800177
-0.0526931308384871 -0.0343586107780094 -0.0415107937707328 -0.145582257427612
-0.0710195186871863 -0.0503766775621169 -0.000699898155188864 -0.124615662851035
-0.0569394713834866 0.00458499184080186 -0.0380313515175756 0.0138905232700688
-0.0176318950763043 0.0339200823599051 0.0686726304245133 0.0501543230235094
0.0075418994524312 0.0244406215101453 0.11094925976762 -0.0265328751332629
0.0074995275703089 0.0120363609299071 0.0572741490199244 -0.104242778324912
0.0135163571307824 0.0125251094293136 -0.0276914785639438 -0.0991828912461588
0.0207472515364038 0.000608314257688984 -0.0670561629850298 -0.0567395393168099
0.0196231312646006 -0.00400796744438291 -0.0723926719664417 -0.0286260556640398
0.0285603405552173 0.00402177233057687 -0.0789923586996371 -0.0170838574829128
0.0239984109315711 0.0257304775422886 -0.0858711365699757 -0.0278789215232518
0.00767404677060653 0.0331594113280482 -0.0775981437117711 -0.0579561393967095
-0.014036588882942 0.0513052958349312 -0.0434010292607532 -0.093805831870798
-0.0599825305970366 0.0295593871349344 -0.00374459485907374 -0.103883709347617
-0.0876915215961706 -0.0380381606938074 0.0121642330151617 -0.0831867416698798
-0.0739738863212936 -0.0934342509029387 -0.0426061227967012 -0.109195593353054
-0.0800460659166778 -0.0971817751253219 0.0249564562741914 -0.0959629527843858
-0.0936280479081953 -0.0350778653480917 -0.0328557192123754 0.0275445485015724
-0.069199937944875 0.0350491938514968 0.0706073301352675 0.0694189988587708
-0.0234313919798137 0.0660833150848107 0.12403276863051 -0.0122754647209302
0.0107123900301309 0.051480769940339 0.0719849426050849 -0.0956338073970531
0.0318592704028026 0.039471908482733 -0.0140804534336387 -0.094824132556059
0.0482254879852406 0.0146888633826947 -0.0530445804711541 -0.052892130422725
0.0472006075135314 0.0030610722006842 -0.0560839235458723 -0.024886277649507
0.0538686995331621 0.0126091545176541 -0.0632911604849435 -0.00801494050937767
0.0422402789356728 0.0462001410545043 -0.0766373764078962 -0.0108273281816778
0.0126895206041697 0.0627462771614322 -0.0791201116939474 -0.0355108417513537
-0.0318565651731339 0.0854264306302114 -0.0572505649192353 -0.0780180768532462
-0.0936207366339987 0.0400959660322447 -0.0200662755403115 -0.0950483606289153
-0.115488415327144 -0.0592644090718406 0.00618496578201233 -0.0616395483103523
-0.0910711455820886 -0.131779287140688 -0.0366823453150433 -0.0595945998290645
-0.0737071559461308 -0.130517230345366 0.0469710964845618 -0.0465382474668483
-0.112972024012022 -0.0774361613092346 -0.0267867582505866 0.0501055478679464
-0.113932756891169 0.0227014308617496 0.063480080037668 0.0925419398471452
-0.0598868218141992 0.0946457065295392 0.127073503620895 0.0143258470776788
0.00583284185589643 0.0872085203090321 0.0856604806710189 -0.0704460037141304
0.0427717868287305 0.0643699301709585 0.00714128718705677 -0.0784547255056544
0.0687794812580737 0.0291212504927397 -0.0289321673804536 -0.0425172038760198
0.0680397061642273 0.00942368629755564 -0.0328790583727826 -0.0174592999451411
0.071894261192115 0.0165643481836196 -0.0393111041676359 0.0019601909843294
0.0569064547095752 0.0562773107262202 -0.0582799321183233 0.00862418952482885
0.0214219932583722 0.0800102201309863 -0.0729745868384109 -0.00801811226883357
-0.0358243586286573 0.109451946840307 -0.0671377225294932 -0.0538895649395232
-0.110010906764804 0.0516116955662284 -0.0354887290141567 -0.081773179546018
-0.128574637871839 -0.0651630733473396 0.0068094516384902 -0.0444354590372881
-0.0961897127169056 -0.148924835847354 -0.0218312984343941 -0.00703590690096167
-0.053571786213148 -0.139389431747849 0.0604393692121553 0.0163103594754333
-0.105459017794037 -0.108949765185943 -0.0201494253630346 0.0783122680693489
-0.134333718946054 -0.00317563344292235 0.0470979886279032 0.11325520865118
-0.0910777486698541 0.0978193293060469 0.114422543757492 0.0461542023974662
-0.00664566103181623 0.105891108524655 0.0912463257627732 -0.032153105357227
0.0438964511948177 0.0806284550738716 0.0315632134671175 -0.0502373970350991
0.0773149713696995 0.0398503100778241 -0.000367192329623739 -0.0257245354049706
0.0785314879838514 0.0142711124345345 -0.00434949150756847 -0.0078956190425028
0.0801123809409667 0.0177584903750728 -0.0113107851421666 0.0131676871983243
0.0641266783001214 0.0575081044218581 -0.0341405115044727 0.0267349398296083
0.0247313121163212 0.0850494123193438 -0.0599270887163699 0.0196186198977135
-0.0382907748921106 0.115279166336188 -0.0687796628648212 -0.0278157986206716
-0.110934184960113 0.0502479798872131 -0.0448588199839155 -0.0645821596110506
-0.121652204944544 -0.0675183908337424 0.0106741652342242 -0.0305347908076558
-0.0851912631634967 -0.144868673673235 -0.00399947925668596 0.0410742886680724
-0.02660241699028 -0.120617948781394 0.0653856249746374 0.0796389008807092
-0.0747270382965235 -0.116079519963395 -0.0141207074742754 0.104661462579384
-0.121507971606513 -0.0295682250953866 0.0263862189225543 0.124069132995353
-0.102408980915719 0.0768811102341407 0.0891902277859791 0.0715466885418865
-0.0189474975280804 0.101576014362906 0.0851281645554454 0.00848432950309588
0.0357264188240209 0.0808148965197544 0.0519652198131085 -0.015845890267009
0.072389167870609 0.0426246935956584 0.0286829461569156 -0.0065464993099181
0.0772943601681573 0.016492030292494 0.0240606745555448 0.00336320999125083
0.0776904984164446 0.0178555621518857 0.0161407987976797 0.0239465340727694
0.0612535315971353 0.0531352802138078 -0.00995942387567239 0.042804370692696
0.0217876367118694 0.080605387386306 -0.0447038104475879 0.0424588514695701
-0.0434527518031467 0.103575799016139 -0.0655413288856927 -0.0050407152494691
-0.101090376184752 0.033800695631062 -0.0500234217787282 -0.0473400794010997
-0.0964979373226235 -0.069752697019908 0.0134025428627426 -0.0194001733977245
-0.0565978732171792 -0.124642676793464 0.00950546372593138 0.0800838776672004
0.00144199791824218 -0.0773327478108452 0.0612423614841528 0.130886950444375
-0.0323010131868791 -0.0945952747084063 -0.0100250342708309 0.122584902451882
-0.0842875086154976 -0.0418560558949726 0.00632062896879781 0.124286791044642
-0.0881278115634289 0.0471396240287138 0.0605645314810977 0.0867987309556603
-0.0232419281730931 0.0777109436933751 0.0727931601978769 0.041762754226274
0.0235094372382594 0.0644629627076392 0.0670330402522436 0.0152732517191409
0.0562150770866775 0.0361801445592704 0.0537306891535166 0.0107634178918755
0.0634625636582885 0.0155370299486052 0.0491067193095892 0.0131335592324951
0.0649068139579746 0.0163971585906095 0.0400931687681797 0.0341150510073468
0.0505416864073151 0.0443104916498851 0.0103211294094738 0.057986591956246
0.0146335570457941 0.0692474082689895 -0.0327578382386088 0.0620627566940196
-0.0465578454649845 0.0806569778295695 -0.0647108251445556 0.0132320053846346
-0.0843254387128452 0.0101492667376855 -0.0529152605961183 -0.0328113165699216
-0.0606247196142056 -0.0690891763581895 0.0127581044940484 -0.011324449732143
-0.0186833595934705 -0.0909163126057261 0.0155156254202961 0.106827704917299
0.0280583878060299 -0.0188933325516567 0.0542732686068546 0.158535781516603
0.00835322853393723 -0.0518991748072244 -0.00491382636637496 0.126863934714543
-0.0350125942274416 -0.0362394470999228 -0.00705793965941856 0.118400559521528
-0.0535605730444537 0.0174236028514835 0.0397909372052222 0.0939441467334583
-0.0176664402090787 0.0411898347735118 0.065029939813834 0.0608834329426586
0.0100298470552713 0.0363849743406948 0.0771006597437052 0.0341370742813213
0.0317299880662203 0.023011517653808 0.070817435748798 0.021235638010866
0.0404176704947307 0.0116049589719543 0.0664715221065251 0.0207942593029023
0.0428565899317696 0.013380454405728 0.0568000092354099 0.0426176043845231
0.0345802667642865 0.0311660508875941 0.0234562039785874 0.0716928355700454
0.00675246540674083 0.0519107036976946 -0.0277851384876129 0.0790658223702155
-0.0436195741443562 0.0509747604065319 -0.0693293640511216 0.0271255268025024
-0.0580363320208112 -0.012193101862002 -0.0586681271876271 -0.023805105086173
-0.0207891118767208 -0.0585105367326095 0.00824059093224156 -0.00884424724607755
0.0197991021360212 -0.0451772503449563 0.0128115944547824 0.119177011562876
-0.0476854819289676 -0.000684361497156769 -0.0252643117986394 -0.130141834266837
-0.0137402811434842 0.0350384172218308 -0.0432179037684033 0.0108545880480476
0.028767051045471 0.0213609586342991 0.0615076428370504 0.0432251449997655
0.0276049683953701 -0.0175794495103232 0.0975889485889165 -0.0260748456461525
1.77611068189285E-05 -0.0228618826774923 0.0495674562302662 -0.0998672688289372
-0.00720552676067479 -0.0104642013673637 -0.0289417873842606 -0.0957271671733913
-0.00967804369333207 -0.00981508283207324 -0.0689108601910304 -0.0547743296747617
-0.0106297396095271 -0.00918551299045713 -0.0764610005549218 -0.028718099946944
-0.000293822814297127 -0.00849354324878999 -0.0830359314664989 -0.0216475422335331
0.00724063865671672 -0.00430403210396332 -0.086543274834713 -0.0370648805731572
0.0116572369809345 -0.00238038416485139 -0.0732694998728522 -0.0677417686376508
0.0188276673814853 0.0187961034656956 -0.0355914284240791 -0.101843885577103
-0.0139422986608712 0.0327625284345156 0.00911346886800094 -0.110818935470184
-0.0550845521317762 0.00371086198174611 0.027862764581712 -0.104949684699374
-0.0516183380459901 -0.0347413204491137 -0.0392098659316144 -0.144648622645112
-0.0696766124614929 -0.0510086899722618 -0.000646436838002903 -0.123071730856658
-0.0566896644172991 0.00456442702963505 -0.0386202781870583 0.0148718671596757
-0.0172991514583084 0.0332823691430138 0.0681509687674333 0.0521900780596268
0.00762248005694544 0.0240026517929455 0.111326215538497 -0.0246396428808797
0.00728174304784694 0.0116842774220755 0.0590711568643479 -0.103694192041597
0.0131697520577874 0.0120602862231175 -0.0257601659167874 -0.0992170357554243
0.020043488988631 0.000764053565684122 -0.0658136800446503 -0.0562522658917673
0.0188559713009654 -0.00318305374978385 -0.0716478257804256 -0.0286605853378718
0.0281768948900915 0.00465330617010808 -0.0787034908135744 -0.0171615851343202
0.0234922320192711 0.0257625338618829 -0.0856702093793637 -0.028327582296726
0.00706120628676404 0.0327578551019102 -0.0771695137662763 -0.058779483026081
-0.014068208989988 0.0501293366201598 -0.0429239417906595 -0.0945514096080094
-0.0590086023474741 0.0288401203152617 -0.00193957408678075 -0.103813045549907
-0.0866865916078643 -0.0380354001402132 0.0154395690596807 -0.0835574675665478
-0.0718751209170908 -0.0930061490326642 -0.0406608981620103 -0.108434618982468
-0.0781003104115866 -0.0973057559570109 0.0249738777351309 -0.0947597521596122
-0.0924945849519805 -0.0351445686107757 -0.0345975402191789 0.0286308780937342
-0.0683417926763517 0.0343017003171719 0.0699283239767934 0.071511101700604
-0.0228325884858252 0.0649146874867727 0.124204581057082 -0.0101203417990272
0.0101401135135008 0.0510366814398907 0.0735433625079449 -0.0950897654760265
0.0310956091565786 0.0386599088122613 -0.0122613397787069 -0.0945943949999175
0.0476591541312991 0.0147197708215604 -0.0518042905376983 -0.0525494634444724
0.0458091920422659 0.00337439140694334 -0.0561263771979736 -0.0249775329715066
0.053035113647871 0.0128317730223389 -0.0633288088159013 -0.00836572052727254
0.0416191996575997 0.0465866063645736 -0.0765319179456279 -0.0112491548743139
0.0113652795109845 0.0621697388318636 -0.0796848757378478 -0.036684473020159
-0.0313655861018329 0.0837185854416645 -0.0568140602159785 -0.0783118868748502
-0.0921202136816177 0.0384522972251525 -0.0189140655510964 -0.0952370088013775
-0.114494542465657 -0.059677542027918 0.00903450724542932 -0.062185154129748
-0.0881364234449634 -0.131811605881213 -0.0350069976989962 -0.059869568769096
-0.0710201743053536 -0.12991576825695 0.0463598931485782 -0.0455064521945991
-0.111214506344495 -0.0774841566504707 -0.0291204941258543 0.0509886746233101
-0.111917131628897 0.0211611328706801 0.0620017172920318 0.0947956891232007
-0.0589024799737121 0.093303859279687 0.126772548036229 0.0165561492501028
0.00551972676644305 0.0861834107075554 0.0874884997709729 -0.0694588891187205
0.0420465875942909 0.0641730262305004 0.00862779969946708 -0.0783329397232842
0.0676923164269765 0.0292000396310822 -0.0287492214555921 -0.0427245335957375
0.0662835648119808 0.00925922726537054 -0.0329180582612558 -0.017546097048862
0.0707026131901038 0.0164213405348575 -0.0403852285575209 0.00159263196103692
0.0562619381840873 0.0559108138093408 -0.0587571331638826 0.00871435345620357
0.0201977513383055 0.0792350330681468 -0.0745651653983474 -0.00861888305424765
-0.0357830408751245 0.107628249099348 -0.0670468102859278 -0.0547563842070824
-0.108605711190024 0.0494891271296769 -0.0344173665394363 -0.0816052669254584
-0.127434928481824 -0.0658983478317796 0.00897020597509652 -0.0449901895760189
-0.0930658165802693 -0.147339766253996 -0.0203756086399145 -0.00779792452533663
-0.0514878725324426 -0.138614272396144 0.0593027326308039 0.0168283935293737
-0.103631412749977 -0.108695010758347 -0.023021703349638 0.0784486817884685
-0.13188564898708 -0.00464141520860056 0.0453988586288962 0.114805464431523
-0.0903099017581003 0.09612674406352 0.113499537078806 0.0481398824613393
-0.00669736715332464 0.104807096367631 0.0923626625144933 -0.0313419213838781
0.0427522107841479 0.0800573250955176 0.032328994051365 -0.04992456790285
0.0760874371708343 0.0402256779223451 -0.000260611601197011 -0.0262221714691243
0.0766332521779484 0.0138361141002432 -0.00470761543616602 -0.00762769830562757
0.078817305594749 0.0177888024395768 -0.0123842817266517 0.0131965045177769
0.0626731983984473 0.0573996128608112 -0.0351122237532418 0.0271359619266936
0.0238738498339431 0.084323864216401 -0.0609669611851742 0.0186768647206044
-0.037931775933904 0.113895040328607 -0.0687182569058188 -0.0288285952738346
-0.109607117782371 0.0482498112157166 -0.0446110501979978 -0.0647425862238472
-0.12022000329537 -0.0684986908008779 0.0121744050835761 -0.0313792287360523
-0.081754400063876 -0.143155867256545 -0.00332633140835782 0.039984858478304
-0.024685493923195 -0.120353972791964 0.0636888939239174 0.0795368254288449
-0.0724424045598133 -0.11623554647678 -0.0173352569301452 0.104599267494786
-0.119341302493721 -0.0309659834907134 0.0243297292056077 0.12525550726593
-0.101145307501931 0.0755798208314652 0.0877931588455299 0.073472407645962
-0.0189925799126481 0.100637476454747 0.0857240892854817 0.00910970529637416
0.0350528871421586 0.0806550962613951 0.0527117988044415 -0.0158519058747666
0.0717826859249301 0.0427108383758651 0.0285877178188707 -0.00714981698274775
0.0754398310443004 0.0160764745185805 0.0232540248156817 0.00347766672093466
0.0767062723621961 0.0174821621645124 0.0145733167293196 0.024004008198142
0.0600661691234172 0.0527256960637557 -0.0115245258002065 0.0432012053172213
0.0217522909941247 0.080024782704389 -0.0461037798325778 0.0417348537538539
-0.042871608102879 0.102588399017748 -0.0663075380550403 -0.00598324793805945
-0.100874394562939 0.0317144977477083 -0.049763716935663 -0.0475576687551525
-0.09461290373399 -0.0705897521010503 0.0148406132343671 -0.0205958665299892
-0.0536363915590062 -0.123212355636136 0.00951830572552921 0.0784837051585779
0.00288877852077083 -0.076746589918765 0.0593383365713019 0.129731483992565
-0.0310117293707447 -0.0946293876373941 -0.0132127957024958 0.121732897054564
-0.0822846246200543 -0.0432762417014275 0.00404607980271601 0.125085687461294
-0.0869509694737823 0.0456291803364837 0.0590326379896897 0.0879539621443735
-0.0235231234725175 0.0767564772125587 0.0736306638405908 0.0422416836121527
0.0230578490309037 0.0644313380946522 0.0670148641951782 0.015303139313314
0.0557258529495466 0.0363762542004107 0.0533136216087335 0.0107435131821429
0.0626998922347172 0.0152263025330834 0.0483003770307743 0.0132477962388889
0.0635344931111617 0.0164417981662852 0.0388906018316893 0.0342262738587896
0.0500768335402643 0.0441135977645902 0.0087183401810276 0.0584623620824317
0.0144285448229755 0.0690159040777275 -0.0344649783813007 0.0609769389987047
-0.045964000668494 0.080163413117356 -0.0652600587963466 0.0119453091443034
-0.0833151485841111 0.00832591381885114 -0.0533620790391465 -0.0333754747283146
-0.0592933781886522 -0.0691555043144424 0.0133969887885059 -0.0124790497295082
-0.0166125639224666 -0.0893006229654947 0.015313391590673 0.105118232393944
0.0286547975757424 -0.0189175943559596 0.0520001766351225 0.157553585069775
0.0095828632899744 -0.0518652052746915 -0.00754691849127827 0.125534917335055
-0.0339480534911899 -0.0367813695492541 -0.0086389239980375 0.118805065480973
-0.0527871074666904 0.0173123263009563 0.0383027075690979 0.0945288295037657
-0.0180471368589877 0.041602075131317 0.0647781156243094 0.0621713620306215
0.00977388836406276 0.0364723474555675 0.0766920175284448 0.0344324350516384
0.0317845627287638 0.0225335003249469 0.070753654914701 0.0209032230315764
0.0397939634901065 0.0109472811363101 0.0652217361134649 0.0206209663563756
0.0422085795691882 0.0130816019675268 0.055106368734016 0.042493588479421
0.0340317138869077 0.0310201128124685 0.0223529100681428 0.0718409039907771
0.00688964915393615 0.0517713685436275 -0.0298755872578704 0.0781379569305247
-0.0433894324017892 0.0508839945562305 -0.0702005374904804 0.0258921532387178
-0.0575259306705104 -0.0130457850418763 -0.0591161857073015 -0.024829321553749
-0.0198359558968796 -0.0585624203293583 0.00853701673443581 -0.0094911737424864
0.0213993313845816 -0.0439218999166058 0.0128677952116009 0.117153183229169
-0.0459509788465395 0.0198144787082474 -0.0788368919853193 -0.108741705057718
0.00199166110832059 0.0385101752419292 -0.0342942912363274 0.0309404469522484
0.0349612965513072 0.00715126026255501 0.0784105378191042 0.0136428003772905
0.0169894334976068 -0.028777921971381 0.0818569636498216 -0.0671348218485449
-0.0109971745968089 -0.0205481416753263 0.00289326415057219 -0.115571731845061
-0.0116851089361544 -0.00604601532463294 -0.0682629723844041 -0.077128299182237
-0.0134434078249248 -0.0050140256907791 -0.0877053107720572 -0.0216496162666627
-0.0133668907711309 -0.00354131666829292 -0.0839465072077586 0.00658058790273518
-0.00400248478012346 -0.00787663468846382 -0.0869618411100982 0.0165547798504848
0.00448666668335121 -0.00656160024155945 -0.096806652658308 0.00340652957190806
0.00905820100669637 -0.00773602335277461 -0.0969382049765529 -0.0309868671868973
0.0245837204919653 0.00742467387870674 -0.076982215292372 -0.0784540336101441
0.00136601872727417 0.0363678516917145 -0.039250850094606 -0.107754672944661
-0.0495037999324977 0.0268204785127721 -0.0166300763651483 -0.114143465793889
-0.0656684590937054 -0.0112326218770617 -0.0935576446578017 -0.121999975866075
-0.086487127943676 -0.0191380938481905 -0.0558477738455504 -0.112798343743289
-0.0495120078126155 0.0274324334094085 -0.0300674541543327 0.0339285835135125
-0.00232675632610696 0.0359492323258102 0.0882843677527015 0.0216708264828567
0.0158948507764408 0.0171399054524151 0.0963317874364001 -0.0701628540707272
0.00981658847238198 0.00796416614204564 0.0116643530104559 -0.123090812299279
0.016308828389971 0.00653953700436097 -0.0656251775533498 -0.0817914045517447
0.0181743381995426 -0.00753889080776687 -0.0845921366835515 -0.0248206931480142
0.0165758181475114 -0.00965559159514613 -0.0790204360271719 0.00496638107180007
0.0277448182882288 -0.00764186660882986 -0.080848614097673 0.019115271513073
0.0324195667070827 0.0145648755648925 -0.0929081177003676 0.012041659962276
0.0191591438588823 0.0278758014936608 -0.0987175675092557 -0.0204093059013328
0.00718789063157907 0.0502108114759315 -0.0842113755080475 -0.0700188806684382
-0.0432196456819753 0.0508709711246802 -0.0468124118145233 -0.0981308753305404
-0.0978093426497872 0.00114258713189778 -0.0167232599931274 -0.0906765832560417
-0.110438549210174 -0.0573399008653727 -0.0767867455046794 -0.0883442286021295
-0.112228235111727 -0.0595696265578653 -0.0214986015775245 -0.0974917455992885
-0.0984513688882564 0.00463555415411297 -0.0221120932282009 0.0456912823581594
-0.0492722565705728 0.0570344947432863 0.0967616549975631 0.042098654624419
0.00506531681156881 0.0661761716302132 0.114838253466525 -0.0592921205396427
0.0284069640317966 0.0426789118934806 0.030459884216388 -0.120999495538154
0.0438628672035954 0.0238683594495693 -0.0502987657604986 -0.0828647756492064
0.0494162766315552 -0.00603441489542787 -0.0694527205860838 -0.0269715453628169
0.0445059828707488 -0.014574430806769 -0.0628706192948427 0.00199551714236215
0.0546015653491528 -0.00981597598112771 -0.0631504043019451 0.0211009932402547
0.0580520473422163 0.0268117917331393 -0.0767473584353017 0.0250726001423843
0.0362394892567943 0.0539264396760722 -0.0937708057556261 0.00160409606370996
0.0056100390405672 0.088877329602737 -0.0935199890337217 -0.0486235235743685
-0.0712918734309498 0.0735488380260079 -0.0598573273079977 -0.0841185855040394
-0.133289133492382 -0.00766851511361984 -0.0129369744209353 -0.0700111573450922
-0.143200189671374 -0.0859877455117089 -0.0483192861347321 -0.0455148436315033
-0.11787189863423 -0.0938281998820687 0.0176430653829621 -0.0613241026278476
-0.132078952314251 -0.0280632928108369 -0.00886612822598002 0.0646977047495488
-0.0947742723090526 0.061778470484088 0.0976123961984921 0.0689895289337246
-0.0159639595324374 0.105731978723083 0.128201457252803 -0.033308537381163
0.0383558595956588 0.0764793032560469 0.0553850163973615 -0.102509574340337
0.0646449431577501 0.0423692014395612 -0.0228587310015989 -0.0769043498721451
0.0742563370450719 -0.00112961122646001 -0.042386111283015 -0.0272303861150819
0.0659613232415802 -0.0176502773858513 -0.038323479617901 -0.00107266142953752
0.0727874454567498 -0.0138094769445836 -0.0374130690657279 0.0211039219981671
0.0759862984353943 0.0298265062677959 -0.0517429917114558 0.0362403646702776
0.0518230323163109 0.0669623437011345 -0.0774339710518188 0.0259050672783557
0.0119051359368563 0.113883214094153 -0.0947044219041301 -0.0215081552307691
-0.0821940952384441 0.090795158786257 -0.0701916094287065 -0.0653659592386811
-0.148011180992168 -0.00849166274001528 -0.00579811818966391 -0.054374691121574
-0.15433607399281 -0.0986226529433056 -0.0124589437758511 -0.00300403825335525
-0.101629345037935 -0.111047628637156 0.0559760984711162 -0.00948298556186927
-0.137349071250781 -0.060605990038937 0.00753596460137351 0.0867624180026602
-0.122628425142777 0.0456628542665989 0.088706518618408 0.0953339316500862
-0.0423493067515286 0.121275010710123 0.128298061468004 0.00335164093003195
0.0349573741502414 0.0981561520448139 0.0769305872952269 -0.0681139934542089
0.0723196608057896 0.0569775640969957 0.0115423542797376 -0.0602557316935672
0.0867516934312468 0.00529683841863565 -0.00829444942031556 -0.0245373088270957
0.077687660082712 -0.0178271435673716 -0.00736830442060399 -0.00404202309791109
0.0809746688196361 -0.0159242168268713 -0.00681738263140063 0.0196746742314771
0.083090815700583 0.0283360273181531 -0.0216933368725313 0.0432923795080794
0.0578881602167542 0.070515727216241 -0.0538248122564374 0.0461289861026566
0.0129196570549078 0.120900035040071 -0.0861923604889632 0.00371443416764639
-0.0845646316034666 0.0900675954161426 -0.072538128914806 -0.0447124116481575
-0.141887557875054 -0.0132700632765497 0.00240826940257032 -0.0425450661586951
-0.141809293642627 -0.0998398900147925 0.0234026934060413 0.0351114896146324
-0.0693435914970881 -0.104771803286242 0.0868559793314726 0.046787527863715
-0.11101356708006 -0.0802298828032678 0.0233516370138852 0.107376695813723
-0.121384062774339 0.0164780939126625 0.0718760897622371 0.112816391284417
-0.0607659188842182 0.107334919394558 0.113671755399236 0.0380631719714922
0.0223868546272681 0.0992413832776858 0.0880692814405784 -0.0267290444490302
0.0656723231247497 0.0600038523862104 0.0448158001152905 -0.0370542270634424
0.0836019930540635 0.00975781045003663 0.0270419836140475 -0.0183775802724699
0.0773476898158784 -0.0156927785255793 0.0234236326060453 -0.00656050577997811
0.0791188245647411 -0.0155533826895348 0.0235471871548797 0.0176207012885417
0.0787903085579451 0.0249836630988484 0.00737193832747292 0.0479631104436003
0.0539462460452969 0.0673657162834677 -0.0294016704972649 0.060223377978829
0.00376764753723898 0.112973210142234 -0.0736717073085998 0.023054174485628
-0.0829171194540361 0.0711639424302499 -0.0694057122490235 -0.0265289184300817
-0.119437795580652 -0.0262961854480602 0.0085738552602843 -0.0315933506833575
-0.105564281677691 -0.0927726561972013 0.0500483163009694 0.0669296325497179
-0.0254192492726937 -0.0751593673032117 0.106014456301223 0.0956337932408125
-0.0642068309124574 -0.0770243640331482 0.0350809299287581 0.120631604866645
-0.0912093904639699 -0.00948189592870692 0.0529684732176989 0.118777855812058
-0.0591833929374748 0.074888845653137 0.0920632617110186 0.0626223906314618
0.00909130628397132 0.0790776210655643 0.0895720555631859 0.00948527822943616
0.0479560817898881 0.0499910942484931 0.0709252690028399 -0.0146771566235724
0.0667217654961024 0.010510309766008 0.0573703524273035 -0.0129516271524872
0.064340059276268 -0.0113682024777509 0.0504814767411504 -0.0083962194687486
0.0665810386115117 -0.011430670836299 0.0501584862773243 0.0166257552834373
0.065577863296154 0.0207677789923755 0.0327796564483174 0.0525725979825895
0.0428917312358321 0.0597198826143473 -0.0099047810678377 0.0732898972012716
-0.00867614356393734 0.0939077970000857 -0.0639056580543386 0.0389443202040949
-0.0767492984950487 0.0423361806821921 -0.0653313048642995 -0.011480253831733
-0.0853635680837248 -0.0403409085770806 0.0107804569590019 -0.0213156010283263
-0.054346311964447 -0.0774213317440935 0.0639837911423812 0.0911589820507979
0.0215870842739168 -0.0310624471885987 0.113208004055625 0.124669155417433
-0.0102252909860774 -0.0536794266927219 0.0438091021916357 0.120226436268225
-0.044723115469466 -0.0223301269565224 0.0387660971110302 0.116008839353902
-0.039959696169344 0.0354117045460657 0.0754477276047653 0.0753458937730892
0.000650120237612197 0.044472943793327 0.0890273447753762 0.0309394096218719
0.0243379995548485 0.0291484578568605 0.0874938135861421 -0.00146907340618735
0.0387337884006358 0.00783575625709772 0.0770272656154995 -0.0106252085541262
0.041851831695621 -0.00625422005827252 0.0696951389573562 -0.00946305274592843
0.0452887990004421 -0.00592574835935312 0.0694943456397664 0.0164562703878928
0.0450064362393705 0.0149656133132879 0.0510936370102757 0.0586630433868335
0.0287944994188686 0.0464383194348409 0.00243517737393132 0.086281904528195
-0.0187277104942518 0.0662533412646919 -0.0606554292550656 0.053024765942014
-0.0615863474069256 0.0105655624865218 -0.0655332254273973 -0.000332948122933019
-0.0432643810455309 -0.0469015957520704 0.00675759319221287 -0.0145374579748421
0.00225264802772924 -0.0510976416553053 0.063295517420289 0.105422194540159
-0.04716853495539 0.0211773084150011 -0.083814690516025 -0.111299519711412
0.00272694518703459 0.0408744386885351 -0.0348783310922718 0.034251965742733
0.0369050031697853 0.00670729328090573 0.0833485397533224 0.013666054074608
0.0170413601892814 -0.0309693483216184 0.0865088164667836 -0.0712293798790527
-0.011942789793766 -0.0211353203064291 0.00249516742546017 -0.122360083118255
-0.0123765414376211 -0.00615883487576843 -0.0716878856485316 -0.0807100695722469
-0.0142593839522418 -0.00478725947590676 -0.0906042138970767 -0.0212503577067871
-0.0140429654097697 -0.00270311192905124 -0.0867486007836114 0.00840359120740351
-0.00459073587470287 -0.00781642474506902 -0.0905667270839044 0.0190642558226426
0.00484013793101819 -0.00681731563135328 -0.101703351018558 0.00573555399543577
0.00893754985044683 -0.00817662994764133 -0.102444994297944 -0.030350964923237
0.0253981194566396 0.00652028654198847 -0.0815405790298142 -0.0814975377181551
0.00261089086811509 0.0377472140070361 -0.041253489306718 -0.113241658656756
-0.0510811440905809 0.0297129244997584 -0.0170987115639617 -0.120177411902012
-0.0681599345075802 -0.0110075287070955 -0.099460103572779 -0.125807255514952
-0.0899307755893427 -0.0181359755485537 -0.0602484208655385 -0.115641553024275
-0.0511035554283096 0.0297645101722586 -0.0301581395261929 0.0380154719494164
-0.00187269926285277 0.0374536360913462 0.0938115985940871 0.0227353605907131
0.0170552385899617 0.0163103993590284 0.100832650161661 -0.0744649657905298
0.0101311387623231 0.00772406095218515 0.0110632285342482 -0.129776619379224
0.0169753715758482 0.00674243220616665 -0.0692310965053471 -0.0852710763870977
0.018651072412637 -0.00788135141896117 -0.0882957978873931 -0.0242874113518228
0.0165527115015785 -0.00996484177585405 -0.0821355055719866 0.00661413867047215
0.0286398586080646 -0.00809259592420608 -0.0843053416156073 0.0215039894795513
0.0340423401005194 0.0150066427700651 -0.0973524223850101 0.0147668927895704
0.0199088093783463 0.0291883651035652 -0.104387543210694 -0.0198333686481892
0.008425514359025 0.0514869917203529 -0.0898611262990275 -0.072311698119502
-0.043932264201029 0.0530127791602036 -0.0494535205110806 -0.10276085682638
-0.101523898807007 0.00305972813715401 -0.0168899689747841 -0.0967448198004516
-0.115455342925516 -0.0581679974147705 -0.0804875245931391 -0.0912892597169097
-0.117551246516211 -0.0600179002373412 -0.0246763480386611 -0.100220209157839
-0.102534366504555 0.0068736850064127 -0.022555448723172 0.0500855837776133
-0.0494838659662002 0.059652208194262 0.10256227125996 0.0435997568456533
0.00704377793303815 0.0675696057244402 0.120560168543182 -0.0632832189731063
0.0302035442269774 0.0433409887495451 0.0303206256879862 -0.128253567578213
0.045870813919489 0.0242522058993561 -0.0532432721385949 -0.0863288506945349
0.0507677751542481 -0.00709363937389887 -0.0721129492842624 -0.0270468842124316
0.0452274349300977 -0.0155965114387274 -0.0655817056387214 0.00393468277442675
0.0561050429250411 -0.0109711272823181 -0.0659594187839722 0.0239242721536269
0.0607279291975733 0.0268777819926435 -0.0805380947836726 0.0280403578715893
0.0376059733658781 0.0554213010807862 -0.0989318479788208 0.00344227623482183
0.00721043979209108 0.0918256845392379 -0.0987265442214368 -0.0496980643223337
-0.0723131006115901 0.0769739389535768 -0.0636306047832405 -0.087577596958472
-0.138485931909211 -0.00584506834363982 -0.0135845364445125 -0.0746320548359869
-0.149255883938561 -0.0872855703473625 -0.0503064240713848 -0.0479437349423552
-0.124022310321666 -0.0959182679275868 0.0172062486279645 -0.0638048959236684
-0.137948747860541 -0.0263638474065977 -0.00922342892225546 0.0697669987928698
-0.096328508425389 0.0653695928941473 0.103719305949488 0.0723100811517448
-0.013789250265038 0.109413673553546 0.134761565390395 -0.0360974872947422
0.041265169030685 0.0785355652569024 0.0566952921620387 -0.109774096972251
0.0680638757453579 0.0430837256481839 -0.0247017518779702 -0.0801506390337317
0.0764899732262258 -0.00272484597908765 -0.0447838443651808 -0.0276851424948925
0.0675671992997184 -0.0191499612046143 -0.0397156644115764 -0.000233185469783766
0.0746086605375844 -0.0156495474481036 -0.0389207081918064 0.023680958383175
0.0798208737834291 0.0299337998539884 -0.0541327269999597 0.0392973210797565
0.0546340610349986 0.0689565708450322 -0.0821270933001562 0.0290904037432939
0.0146833183522056 0.117430828546309 -0.100688663785193 -0.0212952328342811
-0.0839944364769039 0.0948282305740735 -0.074682856811211 -0.0676049306025362
-0.154206823159958 -0.00627750793289796 -0.00615719769432844 -0.0586690470368076
-0.161205419097404 -0.100369499822952 -0.0121332195604422 -0.00395506488811186
-0.107797125173027 -0.113610776757928 0.0575464899934764 -0.0104998969824139
-0.143988124139643 -0.0608868758025889 0.0076820313446812 0.092170996464717
-0.126455647287306 0.0485348950658417 0.0944327500768613 0.0998481376005604
-0.0410284423347134 0.125922215216248 0.135301339404354 0.00250597436544291
0.0384291645685076 0.101119621651659 0.0802550009808972 -0.0744321174812104
0.0762008117568457 0.0578343759356368 0.011699753283294 -0.0639605163498801
0.0902861969502485 0.00390144339093479 -0.00897794072874021 -0.025085552793352
0.079467484873397 -0.0199248596595371 -0.00832194166939681 -0.00379744461100246
0.0834393903808297 -0.0183433369616478 -0.00704024740900312 0.0210441681022881
0.0868930578005102 0.028038207342843 -0.0224822385199129 0.0463628802440102
0.0612974327848202 0.0721960955382666 -0.0567855919360603 0.0498159890511341
0.0161697823045271 0.125291196845598 -0.0910805491813888 0.00472260730872858
-0.0865877642640283 0.0941916167178591 -0.0768708859421712 -0.045823874050976
-0.147822899265196 -0.0117430426440193 0.00263542266966772 -0.0464549351657324
-0.147224422206194 -0.101604302463631 0.0253151825993682 0.034705364061405
-0.0726113562266384 -0.107586156270714 0.0903582944762451 0.0471905606684346
-0.11637736450645 -0.0823085895236077 0.0241811481876652 0.1127828816351
-0.125607332930057 0.0178383709144222 0.0764844791718602 0.118342289323123
-0.0605700478334019 0.111893338678663 0.119933212322561 0.0389808598670599
0.0251408090398524 0.102843138875751 0.0925711178170602 -0.0306985840526029
0.0695998657933364 0.0614211740702036 0.0465896284537686 -0.040540627519617
0.087241524379426 0.00866394131499519 0.0278469902220746 -0.0200439908677527
0.0793008970055775 -0.0177837452010073 0.0239669470642778 -0.00704346714415005
0.0816479301632349 -0.0176093291920037 0.0241432003020536 0.0186875152971975
0.0826341609130438 0.0244237936705913 0.00794554952711432 0.0505585564813416
0.0574049288116651 0.0692582838447423 -0.0316564432647595 0.0644581821328447
0.00692540893318967 0.117194053731357 -0.0778086632385053 0.0250592818318469
-0.0859263125282187 0.0744823486243163 -0.0730788558443619 -0.0260799294549285
-0.124344957486703 -0.0258188578772804 0.00851433058909349 -0.0349123502328966
-0.109613590203429 -0.0947688610652211 0.0538226392742548 0.0673642393207775
-0.027063970372015 -0.0776264483170236 0.110900712882538 0.0974512914351203
-0.06739255446152 -0.0802322322819364 0.0365538103644393 0.125734752987979
-0.0952737401814242 -0.00955595622257449 0.0563520081122548 0.124424228112073
-0.059969830359621 0.0779509551654193 0.0974146865817347 0.0651881412370375
0.0112530377933323 0.0824634878522448 0.095018539406987 0.00786663384461015
0.0512560795048395 0.0513310012774773 0.0738919603588604 -0.0170085019087123
0.0694646646213331 0.00957784493157277 0.0598756272115022 -0.0141140913186948
0.0664610337880238 -0.0134064239412088 0.0518835191745724 -0.00957036585327893
0.069039876606673 -0.0136979044171898 0.0519385340856014 0.0166841090118303
0.0685505939757293 0.0204844069860972 0.0347113200934661 0.0549088894058189
0.0460107210027206 0.0615332912722 -0.0106954371510839 0.0777520241433082
-0.00674296793815938 0.0979768212234567 -0.0674179838185014 0.0417414716891768
-0.0796645926746476 0.0446397361065295 -0.0688461492623865 -0.0106239391917804
-0.0895060329904704 -0.0410372801690801 0.0107746254336246 -0.0236066257326104
-0.0564651495995114 -0.079630057361359 0.0685282660312817 0.0924942136008861
0.0224560909664803 -0.0325252739972695 0.118823949680471 0.127728033421151
-0.0109821549851477 -0.056107909455384 0.0453060892485417 0.125233163014508
-0.0470292654972172 -0.0231518851967027 0.0411955352032781 0.122002018709157
-0.0402760802499321 0.0376385782587649 0.0797723585224208 0.078232772073856
0.00146801084409942 0.0464194806545337 0.0941331795522627 0.0310811864135165
0.0262067629088195 0.0303613972425912 0.0915592582619349 -0.00341284363205888
0.0401916799342339 0.00742791717113449 0.0806440985967634 -0.0132247010606377
0.0427523230435344 -0.00806004950782389 0.0718436553948702 -0.01141433192243
0.0465913243904145 -0.00741999325484025 0.0724142971862503 0.0162492726495515
0.0470902363568653 0.0146016800672468 0.0540095188456115 0.0605938957762387
0.0312932899653181 0.0476823711068363 0.00274533431076494 0.0905735286549312
-0.0182856883384366 0.0694255165629667 -0.0636455026651526 0.0563115905320542
-0.0647389814048594 0.01199527980273 -0.0696492620406311 0.000609816952107268
-0.0456647292818684 -0.0486477177030664 0.00666208138596795 -0.0163961529474847
0.00263530133479614 -0.0534079574227166 0.068244512475499 0.107498755727803
-0.0471793875907107 0.0236920548025526 -0.0913312424604953 -0.110052766663014
0.00496279196819747 0.0424370380891834 -0.0341479088669585 0.0383370910711218
0.0385825506568367 0.00539609219806737 0.0876772680647202 0.0111649211103754
0.0160347875685087 -0.0334047057815487 0.0879335533047494 -0.0777953476847419
-0.0135139799047553 -0.0217891976178274 -0.00218774152180282 -0.127714945075799
-0.0133702847611035 -0.00557000747150056 -0.0774582816089855 -0.08129888784901
-0.0150928688998107 -0.0039235908732144 -0.0938851819886436 -0.01846754548829
-0.0144027336648585 -0.0014555741819251 -0.0893614588893175 0.0126280507670464
-0.0052248805119995 -0.0079512941117856 -0.0925566984322626 0.0240965521471199
0.00464683880712308 -0.00735408257427683 -0.105052918931004 0.0110194483884771
0.00783772265500373 -0.00908942293216006 -0.107162994607776 -0.0268491750723672
0.0262586652783731 0.00508818961800227 -0.0884497227658175 -0.0810843421384039
0.0046539995720686 0.039038446653733 -0.0457958161077224 -0.116265078125498
-0.0514973482595649 0.0335603721042861 -0.020532817663419 -0.125714607283447
-0.0701199898858988 -0.00831454070939754 -0.107002180763236 -0.125589767291905
-0.0927485355197772 -0.0151219056872524 -0.0671131161364038 -0.115848459181851
-0.0509870354439694 0.0333396244295988 -0.0294019386900203 0.0421093730335477
0.000284529755493034 0.0386030290615357 0.0989049108946096 0.0200822405728082
0.0185533932721635 0.0148617032917826 0.102801595540605 -0.0816627240495847
0.0107690063292949 0.00716224320519376 0.00591087626191605 -0.136621787599542
0.0178081632478619 0.0062083605363682 -0.0746682558546295 -0.0860979463382049
0.0184474527203256 -0.00902271447587425 -0.0912045617789918 -0.0213865418031726
0.0162648346006696 -0.0102169327471711 -0.0846018038851471 0.010704278536908
0.0287628959065297 -0.00961182024385904 -0.0864935514587938 0.0268265677391073
0.0360814053020402 0.0142909921993059 -0.100401614768357 0.0201046554936218
0.0211732658076639 0.0291444708632256 -0.109621359928325 -0.0153952520201528
0.0104415556687231 0.0518603701870113 -0.096402817904611 -0.0714093046242983
-0.0423207627800286 0.0559426784528879 -0.0548768299683539 -0.105298788366974
-0.104585929011965 0.00807633976014422 -0.0202019742985768 -0.10143600134298
-0.120733573590112 -0.0550154871060252 -0.0863935340731231 -0.0911599859861709
-0.123370766155903 -0.0565802593516684 -0.0302961361028444 -0.102091390935916
-0.10497827894149 0.0115737002293859 -0.0209208974974202 0.0542968295571893
-0.0480408719544727 0.0635440998896343 0.109102646862641 0.0419104724949171
0.0109036726223245 0.0680405951955802 0.122938457425776 -0.070825925028848
0.0330076054383754 0.0428806517788385 0.0263531383832435 -0.135459400048031
0.0484804574029862 0.0230977383959362 -0.0586413562912789 -0.0878158115856262
0.0519561325264882 -0.0096027591423984 -0.0754874324173084 -0.024551799946544
0.0452394819281682 -0.0174759942388036 -0.0674590654847667 0.00659657307802158
0.0569200245189359 -0.0137956117171776 -0.067343434554415 0.0279929856358559
0.0644312410970859 0.0256551362203347 -0.0827150387827423 0.0330664741361583
0.040675551576124 0.0558555529395033 -0.103298090872819 0.00878230432175016
0.0115278565672568 0.0931700045178257 -0.105663260949435 -0.047943667774862
-0.0713150478396346 0.0818101343643861 -0.0691285076933998 -0.088531639643192
-0.142967347877164 0.000190828507700248 -0.0156637971481221 -0.0787568336550436
-0.155907222649516 -0.0838674690027015 -0.0530471033290272 -0.0480457736961412
-0.131826101374686 -0.0931410832416394 0.0142430005445701 -0.0664955440554012
-0.143333707346258 -0.0215849329780317 -0.00711025808055362 0.0740888094475552
-0.0954621734061249 0.070983554054764 0.111328297411971 0.0718912573620158
-0.00869499921223897 0.112195623638748 0.139281704705833 -0.0429540381482998
0.0463626966920626 0.0781918301853426 0.0541220982579667 -0.117935587173867
0.0716899084739877 0.0417236347699297 -0.0288197269815537 -0.0825788086197938
0.0784363868956502 -0.00621289920650945 -0.0468915585430037 -0.0264394832897358
0.0677189339985292 -0.0220537011156416 -0.0411621789208562 0.00153653908002016
0.0758969709844606 -0.0193449136978991 -0.039534946137048 0.0268164335506781
0.0837703746303907 0.0278213162843773 -0.0547685554780542 0.0440410470280603
0.0587839540937217 0.068662540806861 -0.0846323888525657 0.0348562607381156
0.0205280450771751 0.119458785710609 -0.105830422232493 -0.0180913130671993
-0.0825408199167574 0.100678880309273 -0.0800064863912458 -0.0663072022188181
-0.159085658260714 0.000213173667272424 -0.00861532465923249 -0.0628807334261909
-0.168847793787323 -0.0967635370373441 -0.0122588386262814 -0.00504016088721876
-0.115362080108467 -0.112513197643987 0.0581926825749666 -0.0131719587599481
-0.150379086505241 -0.0570483799420579 0.010323110616466 0.0959057571063691
-0.126983030294399 0.0549647267687459 0.10221874439912 0.10059627624601
-0.0364014516599856 0.130381085770348 0.140774053354102 -0.00293845637100657
0.0442988794216635 0.10226859502288 0.0802103870704123 -0.0816208172732583
0.0816115867963265 0.056284198759386 0.00940198502608168 -0.067359218024013
0.0927695919998461 -0.000126658584965922 -0.0100467993809971 -0.0253525797628606
0.0804644619150198 -0.0236789117774893 -0.00868608232992473 -0.00330760495531591
0.0843762123356834 -0.0231764723172795 -0.0072952688393824 0.0233262349399333
0.0910346718264918 0.0253761304200025 -0.0221836880159526 0.0497569441105169
0.0660128715232802 0.0717023072372661 -0.0582901273480229 0.0548787244977159
0.0225279538299036 0.127460923758846 -0.0955620067316481 0.00852160673455471
-0.0851568028626246 0.100618379700392 -0.0817024237378126 -0.0439937260985651
-0.152778662456968 -0.00606815751135296 0.000287084848035813 -0.0502587197675828
-0.1544874690758 -0.098586111895948 0.0281379388193118 0.0333380911015338
-0.0793773451231102 -0.107401122981803 0.0941968990166647 0.044957534908865
-0.123340736850722 -0.0807595884132422 0.028054098147109 0.116413450484091
-0.127881265856967 0.0230441190602298 0.084085777720645 0.120605824819344
-0.0569480680371805 0.11745226967987 0.126672144898166 0.0360145878241985
0.0308526628153925 0.104712269944202 0.0951173601718417 -0.0371029154412073
0.0751281097795811 0.0605284537228101 0.0469439444952108 -0.0445878099385957
0.089883779977114 0.00510130495537491 0.0284954077803873 -0.0219267385832739
0.0798722805489763 -0.0220839017934912 0.0241020408218845 -0.00822736898284786
0.0819611705777747 -0.0222403435113483 0.0249671417610357 0.0188081428400215
0.0865381917090827 0.0216100385062239 0.0097865014654589 0.0523946191298886
0.0620044558866216 0.0687076275733775 -0.0317993109877869 0.0695486052685965
0.01306074082211 0.120235237696685 -0.0804700189346685 0.0293701058964645
-0.0853260118616637 0.0806349221614461 -0.0772691088841659 -0.0243236057303674
-0.129604351548774 -0.021536368625684 0.00739557656723746 -0.0379309130409407
-0.115416678331398 -0.0934819132038271 0.0588801134308196 0.066065772432181
-0.0305524113564436 -0.0788989239771663 0.117371109480297 0.0959959149637069
-0.0729402253949954 -0.080196966329437 0.0410850348821558 0.1284503297673
-0.0980814057311658 -0.00635858834438855 0.0626116824707352 0.128308459630522
-0.0579385861542408 0.0827863562308711 0.103818696665149 0.0639561379512677
0.0153728072673904 0.0847910479434605 0.0990763231760379 0.00339955751244507
0.055516591272828 0.0508498727564776 0.0765570224344918 -0.0214462671732257
0.0715318969054767 0.00666173501348816 0.0616866616088879 -0.0182225491862969
0.0667015646234765 -0.0171486902893699 0.0528629173401593 -0.0125751880144846
0.0695769267131763 -0.0181256742269028 0.0539081758131138 0.0158878535487644
0.0716290424023821 0.0176916356811133 0.03754415498652 0.0558868889735623
0.0502769806047271 0.0604706456771324 -0.00924059312933466 0.0815225006323594
-0.00166142762625509 0.101223950544407 -0.0694487658564435 0.0457576547495885
-0.0809090475482025 0.0497065379706719 -0.0723063471083531 -0.00786016618806064
-0.0939280647276875 -0.0387194071142906 0.00984773156057539 -0.026152032811635
-0.0603559808434737 -0.0797572927257502 0.0749374938148648 0.091134435125754
0.0224839020461303 -0.0345898194462915 0.127130599109677 0.126289774678514
-0.0133517397257755 -0.0577426160575449 0.0502311835502772 0.127522402897324
-0.0492708707520792 -0.0225145673536992 0.0464287805127942 0.125193408339725
-0.0398549301247557 0.0403837742655241 0.0864475772073263 0.0787639686946201
0.00402441428331526 0.0487741210633968 0.100334069204843 0.0275902757692035
0.0289989935325531 0.0302870066009206 0.095276999036481 -0.00852161311073631
0.0419763236431136 0.00544380939126466 0.0829400698858305 -0.0176745995758269
0.0429748410889382 -0.010525261626372 0.0733161884439273 -0.0148826033191424
0.0471070146771339 -0.0106222989305473 0.075188384222056 0.0141087940092709
0.0494769135887118 0.0123664742494816 0.0580994993539095 0.0611908245781795
0.0346485446366667 0.0474884573136615 0.00526923360712258 0.0947323927977359
-0.0146777354693767 0.0723593119434257 -0.0649353767395202 0.061076027448942
-0.0669584193759006 0.0152757608981518 -0.0727249534893998 0.00331991669111301
-0.0489179892752318 -0.0484420640813825 0.00560896301192699 -0.0184024130573605
0.00133283625251879 -0.0556915188287107 0.0751749487752193 0.106449448268825
-0.0458836828136235 0.0255350904305225 -0.0971566420427543 -0.104762933793349
0.00731640510090667 0.0427027206623615 -0.0316046268611785 0.0418170848102669
0.0390514537003086 0.0035473236931919 0.0899291398067048 0.00759079255367844
0.0141732990237148 -0.0356273844122924 0.0866222837468846 -0.0826897759053728
-0.0147262121603811 -0.0216676100874831 -0.00831378926002181 -0.129926461642238
-0.0136010056600559 -0.00506861119110749 -0.0819511703006999 -0.0793336013992843
-0.0155303454840221 -0.00273792674422098 -0.0945118200724135 -0.0144416890928117
-0.014525611099017 -9.77210419792368E-05 -0.088757969696823 0.0173806168242633
-0.00567645076123597 -0.00737222204543872 -0.0921128651246231 0.029425585995168
0.00438458102994115 -0.00780896769007932 -0.105474710685204 0.0168102187428983
0.00695465879428888 -0.0091103988550511 -0.109830149942065 -0.0221679215850327
0.0264682803208334 0.00335313211206657 -0.0936487134330816 -0.0781260317633704
0.00736392959174182 0.0382150238220464 -0.0509130906808969 -0.11619271135614
-0.0497288063530525 0.0369930455829838 -0.0255348374426549 -0.127373799983569
-0.0707486515334537 -0.00496074813381845 -0.113184359140642 -0.121140770592097
-0.0933536967851241 -0.0101673787476202 -0.0730593912016527 -0.112291789860818
-0.0492534445084744 0.0364273089245705 -0.0272120832783498 0.0453849426343372
0.0024104701160592 0.0387502178514255 0.102213727196968 0.0160071880271173
0.0194376117410702 0.0128862281298178 0.101366686991106 -0.0870494452185611
0.0109978932711188 0.00598307619727068 -0.000941358408335149 -0.138962091043596
0.0180383141061059 0.00547833837684148 -0.0792971243746611 -0.0837255828270431
0.0176061880344701 -0.00961483078676891 -0.091718764618441 -0.0168979254492273
0.0156789719668381 -0.0102528176472948 -0.0844861042015161 0.014953652625784
0.0281877161336648 -0.0108802529485017 -0.0851697905571719 0.0319122492231802
0.0373460964073009 0.0124287081900902 -0.100503614704742 0.0255793080235515
0.0218261025356794 0.028615556773371 -0.112062080556227 -0.00995612318197978
0.0131057351929153 0.0503880204800077 -0.101144014851161 -0.067775805275534
-0.0394703505136931 0.058019614203983 -0.0593234499547137 -0.104079766867714
-0.104188045018203 0.0136532047168558 -0.0236625785735093 -0.103212549954195
-0.12309054951667 -0.0497980680966189 -0.0903343764231088 -0.0882453257520005
-0.125750833298369 -0.0500983883368651 -0.035549916518233 -0.100169560488122
-0.104805186545372 0.0172277823606419 -0.0185618534640963 0.0572533493223249
-0.043690958289288 0.065840387720813 0.113199941787277 0.0379728048418347
0.014637509563393 0.0660607110715545 0.122129193090176 -0.0773767901772067
0.0354502436538755 0.0406743414782244 0.0197094515183422 -0.139353481502481
0.0501757317133178 0.0206562298194944 -0.0630334247419013 -0.0867207864393159
0.0510724093477654 -0.0122191220499803 -0.0761551338921367 -0.02121471849101
0.0438764583118548 -0.01886239950559 -0.0673003233129048 0.0102287285520113
0.0555125795851275 -0.016794646597351 -0.0662680926559223 0.0326397514868054
0.0659683331294801 0.0225784928734716 -0.0819125354125453 0.038423482606072
0.0429886780547053 0.0541080696892858 -0.104787029515735 0.0150660336495422
0.016139680731035 0.0920670927140793 -0.110043265670291 -0.0436758697522777
-0.0673040779531026 0.084780985389813 -0.0735562558410371 -0.0864086953154611
-0.143174288594043 0.00718051090545842 -0.019044820182952 -0.0809927872346223
-0.159637799125131 -0.0767684662307663 -0.0552715358694014 -0.0466943674889999
-0.135864691621003 -0.0863232798091653 0.0104038514863565 -0.0666096295464062
-0.144441590307382 -0.0139081367407141 -0.00405568716609527 0.0764364871144222
-0.0916820221314438 0.0757539579906389 0.116213039684777 0.0677978904471975
-0.00276809525166921 0.111711013752034 0.139152873258848 -0.0499980382393065
0.0505871932508152 0.0756831918208692 0.0485576228287705 -0.123037055469672
0.0749497744806382 0.0384425942045194 -0.0326246692541973 -0.0826239631334005
0.0782082841544534 -0.0102831907910894 -0.0477624966178246 -0.0243519492841031
0.0659302559119852 -0.0247761612847222 -0.0415496997333759 0.00370736653529783
0.0744367054511249 -0.0232795989825167 -0.038646742835445 0.0301267843272772
0.0857696390741879 0.0236092406082298 -0.0539471328865479 0.047929023502184
0.0620515304917044 0.0660140323149935 -0.0855052120679602 0.0405387883198806
0.0270423953472515 0.117683993988925 -0.108622853480299 -0.0133495099107445
-0.0780473998056718 0.104647316555332 -0.0834533413451884 -0.0638234837075285
-0.159136492740544 0.00794375986949492 -0.0110465647818494 -0.0648849675914392
-0.172842555525284 -0.0885318695087141 -0.0123343182894741 -0.00614714684494956
-0.12026726809337 -0.106449993663116 0.0571634582661362 -0.0162016724790603
-0.154122244618945 -0.050107788065544 0.0146083569619658 0.0972403730262609
-0.123788408568991 0.0607087142573529 0.10828705694552 0.0977838841097953
-0.0293027378119604 0.13161852180893 0.143069935931752 -0.00935333768263274
0.0499632716663844 0.100200737172063 0.0762358284431403 -0.0881904814400785
0.0850829424188863 0.0524991093980084 0.00592275392512842 -0.0693780888345907
0.0923623996723449 -0.005030056901236 -0.0111485746885551 -0.0252632687675441
0.0780439211256266 -0.0274166524689111 -0.0092627611907354 -0.00315321284729165
0.0825926704201795 -0.027480991715042 -0.00633315538256787 0.0246594287248793
0.0928979083329207 0.0205429311528424 -0.0206897922893485 0.0517234856183614
0.0695919883598813 0.0686107779698432 -0.0578919448236034 0.0601913558529481
0.0300367306384215 0.125923462482785 -0.0977973277520999 0.0128745019809575
-0.0802054037467257 0.104919314826944 -0.0849018880407593 -0.0401694497771169
-0.153343525186284 0.000847581632149359 -0.00221836221478139 -0.051860701925505
-0.158448894663676 -0.0915682242420727 0.0304867266107835 0.0300906235989759
-0.0840009555703454 -0.103789845035179 0.0962872338994831 0.0407742168629693
-0.127290481324574 -0.0752188343388373 0.0328619215023601 0.116004573257164
-0.126842360056104 0.0280778161177504 0.0901720102274405 0.118307583727344
-0.0507849138682476 0.119444518584494 0.130093760483167 0.0304918666129103
0.0366013625503696 0.103987484169176 0.0937203556727199 -0.0435683067208926
0.0783934037471799 0.056942893138418 0.0448963144115833 -0.0479204415289945
0.0905560909298774 -3.44969241871621E-05 0.0276442237016805 -0.0237707398140849
0.0780364094843794 -0.0256346685058612 0.0235660338299573 -0.00970076083999366
0.0801721959012697 -0.027340537120437 0.0258610516429525 0.0187382191825167
0.0878988633153114 0.0167387632406318 0.0117797328905454 0.0532017313704017
0.0657082367824542 0.0657624557972047 -0.0297214211455911 0.0732989924121318
0.0200676496029069 0.119213780163063 -0.0815942130259966 0.0332936524313879
-0.0818595535323513 0.0848165657773057 -0.0796007357714542 -0.0201764352691265
-0.130865065528128 -0.0157668137878349 0.00530632752827561 -0.0400364028769883
-0.119030027301698 -0.0880301095500571 0.0625798089107202 0.060975925435444
-0.0337789784039025 -0.0775525890106396 0.121560412319053 0.0905388189293937
-0.0763734581019855 -0.0775021844514266 0.04598312151216 0.127496959773484
-0.098801831656812 -0.00247487173084418 0.068457104487234 0.126940996890488
-0.0534310591403667 0.0853303910297234 0.108129952369297 0.0600071076489974
0.0202173140963424 0.0846093378017817 0.100277384591506 -0.00269680729100048
0.0587611814251675 0.0487583328219828 0.0760255586040443 -0.0262869509755288
0.0724536663059202 0.00253930857893272 0.0608893247358972 -0.0218416705943238
0.0649476939005757 -0.0204659666391655 0.0521210473604362 -0.015497300719947
0.0679072879214264 -0.0220466013899628 0.0547603793892698 0.013769932141193
0.0727423581103122 0.0137042586677843 0.0398008482635105 0.0551530263531089
0.0537145219646686 0.058726545647514 -0.00638565733488805 0.0841999472920193
0.00400313629799961 0.101250952822424 -0.0694335464003284 0.0494550553868966
-0.0790700341005669 0.0539237115512095 -0.0741387975782234 -0.00411382270027354
-0.0956974179372812 -0.0343590711006055 0.00822882966484876 -0.0284705378066675
-0.0634608299662593 -0.0776551697458466 0.0801602444331739 0.086091508457501
0.0216422277559223 -0.0360671946094208 0.132323929403887 0.120738106436073
-0.0160821321894064 -0.0578711002613084 0.0537822499155072 0.126351651703749
-0.0506803992394047 -0.0206266078580396 0.052175828330425 0.125657406932022
-0.0371261100575791 0.04216417622285 0.0910353184496718 0.0760485326545407
0.00697170949177438 0.0488229595497684 0.102548856879434 0.0224349556563082
0.0310229375811052 0.0290303929156759 0.0957044860611033 -0.0136569795762016
0.0423412209541836 0.0034138656509342 0.0830318546392514 -0.023040234255464
0.0418482433780009 -0.0127816500353016 0.0722464592685456 -0.0192828549185463
0.0461225782650679 -0.0134176988053109 0.0759573626289149 0.0103974518718193
0.0501684738062184 0.00960773900880915 0.0603994663017236 0.0589790302792472
0.037662968223919 0.0457084979844628 0.00880692944933574 0.0960290166510511
-0.0105141242406465 0.0736783709726321 -0.0639549290534876 0.0649084227847696
-0.066594769192969 0.0188861889280597 -0.0739134424119042 0.00709659381759712
-0.0513048746731511 -0.046908921025434 0.0045968868484225 -0.0199737800918956
-0.000543263472679154 -0.0563855401899659 0.0807950971502518 0.101731310533084
-0.0440639042055287 0.0264978743301745 -0.0985190192967278 -0.0996994062187689
0.00940612698530388 0.0423753562243823 -0.0299246419811908 0.042961937225254
0.0389262490911817 0.00237264829397361 0.0906185737580591 0.00496304451947632
0.0119893536117447 -0.0363006136767259 0.0849188027931362 -0.0848218526029514
-0.015403598534145 -0.0211277456390816 -0.0119968352589988 -0.128542870249085
-0.0135741746063099 -0.00478354991523025 -0.0832082475949246 -0.0766352952239847
-0.0152854592107403 -0.00211751505859077 -0.092919951709417 -0.0122164928871884
-0.0141616516256099 0.000801416929873709 -0.0867191567897345 0.0199964474144073
-0.00582266190631959 -0.00677083635343192 -0.089916280007537 0.0322254947283518
0.00391398379247489 -0.00807388939229641 -0.103964369702013 0.0200742159991301
0.00589012355664179 -0.00916146494589004 -0.10934575332183 -0.0188137055041502
0.025826938024609 0.00180885010279922 -0.0948664221884911 -0.0745903640331994
0.00876840102936123 0.0373874239715763 -0.0522891025497153 -0.114313057708079
-0.0476388809877171 0.0389052283811133 -0.0272593621657128 -0.12667793508516
-0.069235991764894 -0.00361120975784632 -0.114004248269771 -0.115540521948376
-0.0917053589251677 -0.00737115739213745 -0.0754108767388882 -0.107304821444245
-0.0471730258691921 0.0379363534245216 -0.0251661773403974 0.0467301939730203
0.00475254547150713 0.0375469088300017 0.102356859391389 0.0138039087974092
0.0190440677210961 0.0106485057356205 0.0988410330987138 -0.0892178844574681
0.0107854039446162 0.00507258646026847 -0.0051010740181068 -0.138300324130718
0.0183104971248386 0.00450693651625162 -0.080926892279391 -0.0812986811842837
0.0167553123497064 -0.00952818355897372 -0.0907813549943551 -0.0145059189324856
0.0149083154797123 -0.00988094586080994 -0.0826657537517286 0.0177711926007761
0.0267861240256152 -0.0113671111764846 -0.0832015739520623 0.0350600766723195
0.0373942314957414 0.0111366124617416 -0.0986319954832709 0.0289781977939559
0.0212931469392845 0.0276337429146642 -0.111156726273778 -0.00591355724482395
0.0135239400819633 0.0485868415223242 -0.102544350878889 -0.0643251146008106
-0.0369909034812402 0.0572084046240048 -0.060289496593396 -0.102010916083175
-0.101929615882172 0.016978102853033 -0.0252656361636028 -0.10283695193753
-0.12156463366035 -0.045682636863887 -0.0912848018041173 -0.0840636696234725
-0.124458539989025 -0.0451029310803252 -0.0382372245776177 -0.0966142635498143
-0.102259284334456 0.0198947494654361 -0.0169977443408062 0.0586956366204464
-0.040187466026155 0.0656225287378807 0.113542973665774 0.0348712516594658
0.0164280262545977 0.0634503859982204 0.119529514602838 -0.0799422192045884
0.0359722805996913 0.0384289598031389 0.0146067690592378 -0.139183299003581
0.0502254590295813 0.0187510165688653 -0.0650801586355192 -0.0840731650850913
0.0495560133262194 -0.0134429550894935 -0.0755780086484279 -0.0186518438506814
0.0424637828506079 -0.0192093438049712 -0.0658715827525486 0.0120714006485252
0.0536668126805977 -0.0178854579693796 -0.0643586773738633 0.0349308604830401
0.0663081547083829 0.0201806878664775 -0.0803688879099931 0.0408786034224869
0.0428338949964206 0.0523811699929162 -0.103643209258399 0.0187762877927316
0.0184123098123875 0.0887129694372427 -0.110725974430191 -0.040309747231127
-0.0637346289236881 0.0845423357914761 -0.0745201479025053 -0.0842247227897654
-0.140391965298737 0.0115626931113228 -0.0203436679420139 -0.0813564210073434
-0.158132267154621 -0.0711366245109755 -0.0552932254995156 -0.0450704555033464
-0.135361299575462 -0.0801163560147543 0.00769258352181798 -0.0654544699250562
-0.142214806380644 -0.00969837382602387 -0.002952355191652 0.0767441815206555
-0.0867907615653686 0.0768499801818059 0.117298300255981 0.0647660648652224
0.00109573155938339 0.108431623893575 0.136771742888523 -0.0530673652455465
0.0524013743761583 0.0721580662742205 0.0431282641756266 -0.123999017636608
0.0750057749996943 0.0352522366414879 -0.0350235089989016 -0.0814471113710258
0.0761251553677118 -0.0122792636140072 -0.0478301141533506 -0.0228682802083497
0.0634036618727628 -0.0261145292905735 -0.0406563203705365 0.00477852476970348
0.0716202422835055 -0.0251281214155222 -0.0373525575004645 0.0316542216796129
0.0856328352627622 0.0207450302907869 -0.0519865239957885 0.0495678677657061
0.0619136898095661 0.0634108281411751 -0.0836799565081655 0.043951481054915
0.0302394705843618 0.114336498300087 -0.108979428576716 -0.0106613998995394
-0.0731054838937284 0.104479057134306 -0.0842024321652388 -0.0606005031129976
-0.15618837623977 0.0120258226035923 -0.0128136381182786 -0.0657298051704731
-0.171008325594226 -0.0830121313737276 -0.0116899548411492 -0.00638249186303756
-0.120824230569159 -0.100699379781875 0.0546856673060515 -0.0174893481066124
-0.152497423990736 -0.0446531528052557 0.0156009393682659 0.0966176145443735
-0.119440909295368 0.0624438269714002 0.109732992833915 0.0947217102209207
-0.0245347861208563 0.128940224444477 0.141162734413523 -0.0129400730432604
0.0524200165852232 0.0965444420205728 0.0719724361376537 -0.0908406800618594
0.0858733029245055 0.0495369722356974 0.00385132506442964 -0.0691983941821402
0.0904688537794561 -0.00796982798325907 -0.0112811799016234 -0.0248808372112167
0.0754265777598808 -0.0286256841515471 -0.00978670486444898 -0.00299519229842362
0.0792878625959905 -0.0292975617039353 -0.00560597244603141 0.0254807359416768
0.0923676256175461 0.0168613105444996 -0.0195126280818961 0.0531500932339262
0.0702869225440704 0.0657076787943437 -0.0561106030213425 0.062639158154406
0.0332574340078874 0.122212577327608 -0.0970277475584796 0.0157430872310466
-0.0760485461087878 0.10498257136334 -0.0854462043219943 -0.0371586407512177
-0.150640907308451 0.00498546821394135 -0.00404502340619853 -0.0532789946203666
-0.156726572780734 -0.0852456268422721 0.030864199054017 0.0276578667437326
-0.0848590078913245 -0.0996015037585617 0.0949484835321258 0.0369462496152626
-0.127575143866116 -0.0709091876466623 0.0335908408657668 0.114255516635644
-0.123431020246629 0.0305331979409943 0.0916270100220333 0.115958511349889
-0.0458118560909251 0.117759666899216 0.129460754499573 0.0264287627093269
0.0395808317746214 0.100881831559306 0.0902996965875781 -0.046968267763828
0.0798624555616746 0.0539214363285305 0.0428396083648101 -0.0495378648996119
0.0886284813180062 -0.00311696955166507 0.0266713963393326 -0.0248660113450047
0.0749145459938777 -0.0274806168375566 0.0227697226294017 -0.0104624087608768
0.0768775008888639 -0.0289424913329536 0.0259252824016782 0.0185116682164286
0.0869926082645238 0.0134194038610626 0.0125775122489316 0.0530843732357441
0.0664323966255176 0.0626999829575234 -0.0281152692066944 0.074541046139595
0.0238471279990648 0.116112036525195 -0.0814221198192543 0.0353212084534199
-0.0782232345351835 0.0856931789268886 -0.0793922355520402 -0.0171898242826727
-0.128892912634617 -0.011950436863504 0.00357267116438467 -0.041280280752713
-0.118600673256138 -0.0839223341439446 0.0633864063306282 0.0570261152381152
-0.0346982290736398 -0.075153054693981 0.121319647962049 0.0856178976239495
-0.0777284281980295 -0.0748685820360702 0.0465099583263376 0.125187962406236
-0.097351658839685 -0.000455738372707521 0.0705751045727032 0.124678442116956
-0.0500347638998209 0.0847679673766263 0.108529176081979 0.0563853744571074
0.0232616390351409 0.0827010736133317 0.0987954928507605 -0.00667358994475768
0.0599698062377551 0.046055283588946 0.0745178280134621 -0.0288693050225634
0.0712822873158433 0.00019576095169726 0.0600772907194467 -0.0245556077168848
0.0625032025777576 -0.0222638203526847 0.0507304195211737 -0.0167867706545804
0.0647173299803512 -0.0240715743769634 0.0538757210067481 0.0122289860343292
0.0718627982151334 0.0110438762662687 0.0403671663617026 0.0538431940361331
0.0545737751343853 0.0554212265899287 -0.00494857289507213 0.0846569796402934
0.00798304175629473 0.0994110992360477 -0.0685832307285097 0.0511855479416342
-0.0766864719244918 0.0553019982301258 -0.0742186195093268 -0.0018367401694124
-0.0952914781450884 -0.0321412377616839 0.00682041612897714 -0.0292241332358275
-0.0637752507033168 -0.074913121803774 0.0814135256988321 0.0808717744761597
0.0207966392226838 -0.0363698219621604 0.13256256687536 0.114697669892837
-0.0175012487035684 -0.0563857541337377 0.0546182080345744 0.123407169493727
-0.0510465448944481 -0.0190382078998955 0.0538505640775553 0.123965607165594
-0.034838490728074 0.0424162527159987 0.0916893155543491 0.072962662307439
0.00934754171610954 0.0482540630744741 0.102796573912623 0.0187373250350547
0.0318746111703742 0.0274750029026516 0.0942963006890498 -0.017078855407872
0.0420428788538974 0.00170823201156131 0.0815001454937043 -0.0259735919022375
0.0404108946063606 -0.0141549655582074 0.0701776599895648 -0.0220028172303837
0.0442155393123674 -0.0150155309295737 0.0745452067615357 0.00810274102144584
0.0495811164128278 0.00725290569450538 0.060838609945807 0.0568205845889634
0.0387041677031755 0.043227944798175 0.0106901116837666 0.0959230274369692
-0.00750217132597068 0.0729167628046375 -0.0624557870987848 0.0663928133218272
-0.0657428725614525 0.0206075739329035 -0.0738047860520044 0.00912761089447442
-0.0518248477399671 -0.0448832653702973 0.00343692091030627 -0.0208350655619506
-0.00131048280134293 -0.0558752324612782 0.0824718880964734 0.0962100669723223
-0.0465522908432606 0.0239215204185534 -0.0906291526690426 -0.101625997471318
0.00712879456668704 0.0430852002319233 -0.0296389359782401 0.0418386785082839
0.039007444644278 0.00373430344705552 0.0893332262170118 0.00900599894338775
0.0123967348921472 -0.035690585795527 0.0889228772429608 -0.0809332714697159
-0.0161046524087206 -0.0211465970426592 -0.00746720203763764 -0.127694526374194
-0.0136937533296066 -0.00524044533863243 -0.0786586520105345 -0.0793211065744521
-0.0164151327173537 -0.00272866925092019 -0.0913367723613446 -0.0155856781906021
-0.0147263312433225 0.000240537138536584 -0.0864478617109523 0.0173344851025145
-0.00666526288939403 -0.00663187090393302 -0.0901491825657677 0.0295334432829229
0.00346938940520588 -0.00761343633948234 -0.103350887695031 0.0172872077730816
0.00512678537004662 -0.00840318737808805 -0.10694296553852 -0.0224845758390749
0.0231000601378898 0.00142353742902516 -0.0889862012125407 -0.0770990794833752
0.00639609559935845 0.0351016636874673 -0.0452251817517886 -0.114724313987189
-0.0479469718230155 0.0352323912072276 -0.0199793131339924 -0.12898995738944
-0.0701315351572679 -0.00645984259300335 -0.103355988108448 -0.121955128769412
-0.0916619301410993 -0.0126957585701214 -0.06985028068916 -0.106434643128
-0.0479457789314444 0.0345673026952278 -0.0259971469599972 0.0475961848415125
0.00293550509506512 0.0362502246652701 0.102139924893916 0.0193512438401771
0.0165581388474832 0.0102404436111397 0.10392718131357 -0.0835591710706489
0.00832249304913288 0.00587671184382176 0.000916733609107552 -0.137035900482262
0.017409593285819 0.00580586684056691 -0.0752488888540391 -0.0838096405704037
0.0162381882155237 -0.0083294093393217 -0.0882989168958707 -0.0188561253457978
0.015090465982359 -0.00850415675820922 -0.0815225736072706 0.0147236692868034
0.0260332142231987 -0.00990474018983829 -0.0834200870900609 0.0327575716029906
0.0364968509122832 0.0127723425823679 -0.0983102056535929 0.0272789050487651
0.0191929100960944 0.0292620806699719 -0.110759904487761 -0.00884850822522548
0.00856621066753962 0.0468862097798513 -0.0992630239974823 -0.0658820659346353
-0.0396845411539599 0.0530707918183452 -0.0552563514068839 -0.10451232072851
-0.101061990123185 0.0112511672888799 -0.0189869401114051 -0.107098041463755
-0.119718112199935 -0.0492718106063266 -0.0824463136330324 -0.0919462821885191
-0.121587591142298 -0.0533341489069981 -0.0358297673872188 -0.092899034514365
-0.101450669021182 0.0133074367873304 -0.0192625405504069 0.0614743429229916
-0.0435181431857949 0.0606414899596173 0.11295615201446 0.043017601831986
0.011170688799106 0.0609753053732353 0.12523208540059 -0.0718366429689934
0.0314651178527409 0.0399586671878844 0.0220109024399463 -0.137151267829259
0.0486451230084375 0.0216995625728565 -0.0583713019129421 -0.0862989658581434
0.0485056123384887 -0.0106278307875455 -0.0725950798350309 -0.0226030378400608
0.0427550229307155 -0.0162219556671436 -0.0651520230051547 0.00973190034066067
0.0531945543773236 -0.0148344070197769 -0.0645794449616815 0.0337589398352883
0.0652751397186723 0.0232737580420569 -0.0808992656572846 0.0400020519933445
0.0398160174949641 0.0555933341705279 -0.105111509451101 0.0172613207565186
0.0119097048265167 0.0868093872666978 -0.11020700715515 -0.0416016263055098
-0.0675263293358322 0.0788609650690241 -0.0716770658331906 -0.0873028465800443
-0.138848182809941 0.00443712315365112 -0.0162802269755815 -0.0872833527900476
-0.153958243917763 -0.0754403822067462 -0.0496265574381447 -0.0528047170690001
-0.129729191517888 -0.0893273714981392 0.00580636401526635 -0.0597576070305069
-0.139324373873067 -0.0195721020328956 -0.00744410030896144 0.0809374661763417
-0.090167869847189 0.0680562597275234 0.114892319041447 0.0747986392526846
-0.00559312823052963 0.103539886275451 0.141846044059662 -0.0421513729096301
0.0457061609848751 0.0737379609314166 0.0509948009198273 -0.120708934893017
0.0723299967657278 0.0388930536190292 -0.0285946009935545 -0.0829682004636516
0.075159498497837 -0.00811767023763815 -0.0444508620343987 -0.026160769884822
0.064439520776234 -0.0215292458697335 -0.0397349578103382 0.00339030595016001
0.0713260933494279 -0.0213793164843253 -0.0371840826185539 0.032052388597551
0.0849168855975363 0.0242468940335306 -0.0531280060821766 0.050211319519978
0.0586783824595818 0.0672618591024595 -0.0862584569156538 0.0442856213083258
0.0230641330916414 0.112621139483147 -0.111150382626912 -0.0102516929814562
-0.0788113729435755 0.098594022076397 -0.0838357146353956 -0.0644947110977424
-0.155232105339508 0.00427822228233008 -0.00988448241984815 -0.0714354113594352
-0.165839245524412 -0.0868778933183341 -0.00952671223789553 -0.0137938466218514
-0.113104483146215 -0.109648762701383 0.0486189336934267 -0.0103179056419371
-0.147186660735446 -0.0560592456281687 0.00768658036815161 0.101873506585253
-0.121510298874553 0.0513525505464225 0.104188410907905 0.105024203558251
-0.0311361804882693 0.121803547163939 0.144604027425057 -0.00146383780973551
0.0450312972952643 0.0971654202295255 0.078708243834592 -0.0862967007095625
0.0826523075320841 0.0531045629122049 0.00910788996409295 -0.0691820191276515
0.0898082149012 -0.00357926026836799 -0.00823870487110701 -0.0274949900543206
0.0763773784534214 -0.0241614236650117 -0.0087274592838225 -0.00350277195517721
0.0796730176025801 -0.0255134383068411 -0.00590525793182062 0.0266178473465254
0.0920913681068571 0.0211381785638643 -0.0206151088200754 0.0544761964989376
0.0674018899164443 0.0695407103214049 -0.0597304054273277 0.0641543950033261
0.0270312845994765 0.121216658348648 -0.101326568444227 0.0169213760804911
-0.0816475519388447 0.0994146622719315 -0.0863723958640609 -0.0412381840929578
-0.149570061227694 -0.00215872687381302 -0.0019714970678403 -0.0584988192785143
-0.151301285479003 -0.0895417213044282 0.030022036777737 0.0223484670629713
-0.0768746622116567 -0.106749429505312 0.0850916113014948 0.0442504857655761
-0.12101193700447 -0.0807382019514813 0.0229633438982973 0.119142835048601
-0.123251768172429 0.0197693691016823 0.0841565178950716 0.124817458524548
-0.0511326574308459 0.110100872151695 0.129118884306635 0.0380415276764071
0.0325839070353005 0.100409184296027 0.0956484242303301 -0.0418147728007517
0.0763343733302548 0.0569769121011078 0.0466484940687359 -0.0481306489917836
0.0883481079253038 0.0017758450739496 0.029250067941174 -0.0259708904483145
0.0762820615400643 -0.0232772021926224 0.0231994849054179 -0.0102447027446782
0.0773839475176413 -0.025926851264582 0.0256958273324877 0.0205734472924046
0.0870271498841628 0.0169577985949773 0.0109383745421311 0.055433921767592
0.063883461396167 0.0663547390212553 -0.0326957369564068 0.0770248743644472
0.0183353650680945 0.115780144029738 -0.0863743346261391 0.0364902613583823
-0.0827199565734957 0.0813534112491019 -0.0813809626695843 -0.0218700863277755
-0.127458085160209 -0.018375994728102 0.00493573242423625 -0.0455072871369657
-0.112978349983174 -0.0863623395871759 0.0602501633546365 0.0536226596031652
-0.0281211355042102 -0.0794030145830294 0.109827269681842 0.091556289346611
-0.0709792705229808 -0.0812110855103632 0.0348110456419488 0.1287687435756
-0.0954868490133455 -0.00892050207396005 0.0608578460417507 0.131371204642177
-0.0529819249709001 0.0782156211421263 0.106069577119876 0.0659832241863303
0.0179385531254929 0.0814279874411644 0.101275660455177 -0.00160132874298451
0.0573803751644019 0.04804930414422 0.0760315587185283 -0.0262721836908597
0.0709606788276386 0.00373868210171064 0.061732686347965 -0.0240294096672806
0.0635601435343449 -0.0186743159714791 0.0509835843962541 -0.0157183478408087
0.0658290737246501 -0.0214728728122729 0.0533912276540448 0.0151831348704386
0.0721752366747191 0.0133496946788458 0.0381408022335901 0.0568176823722799
0.0530331921620809 0.0583901462155302 -0.0101569929648291 0.087165890743091
0.00329809283712432 0.0987015082573064 -0.0747729088900525 0.0519130956659809
-0.0803674447760983 0.0515936774196195 -0.0759861802787728 -0.00704700430512428
-0.0934210423238798 -0.0359128045593555 0.00846239941361876 -0.032736274540805
-0.0588929163498244 -0.0758824967588933 0.0765385225391497 0.0799164233795458
0.0246880289220749 -0.0368219070367987 0.122167806989261 0.119332192428558
-0.0124656687299012 -0.0592996484803099 0.0428142492548827 0.125405821747341
-0.0485969537403961 -0.0240552213999325 0.0441182667339697 0.127989761288619
-0.0359327060359496 0.0375946837445783 0.0877900784177673 0.079532180093847
0.00663047335490499 0.0468051810366272 0.102237879687503 0.0233288016104084
0.0300403470930982 0.0276788403861355 0.0944933023560771 -0.0135201772060384
0.0419754209070365 0.0036805649632178 0.0818901298373691 -0.0245581492853144
0.0406778098739506 -0.0115865034049717 0.0698227967560613 -0.0196095397173314
0.0444375937902687 -0.0135480872610245 0.0730197766374304 0.0111167604035601
0.0501542371048817 0.00908698871413725 0.0584478717077751 0.0597428705883948
0.0374563803813437 0.0453718178096448 0.00525025405453677 0.0975942082394217
-0.0102882444335564 0.0730359551443839 -0.0686674234537708 0.0657759293229423
-0.0679031501809791 0.01798557292381 -0.0750593291620015 0.00356141552895377
-0.0496556760550209 -0.0474945056434912 0.00532933147879559 -0.0228630807669976
0.00175070053276452 -0.0550330814522457 0.0763517464408115 0.0972296159076539
-0.0471024409090351 0.0232157218534485 -0.0898012718482376 -0.103821000854195
0.00722607614953963 0.0441307910318024 -0.0302107268387021 0.0433720705009631
0.0399513665242373 0.00376298289936557 0.0917290528854265 0.0111056446955551
0.0123386395098903 -0.0363091292225512 0.0934090888971781 -0.0817068416885658
-0.0168129084050148 -0.021854799947965 -0.00539947605277273 -0.13083228948336
-0.0144691163674582 -0.00594232305897622 -0.0785231322117271 -0.082347772903883
-0.0166128443906035 -0.0026249521886887 -0.0916213947417371 -0.0176199005608738
-0.0143945947845163 0.00101433366734017 -0.0875683019474955 0.0167651129684108
-0.00666381773962696 -0.00647405651467931 -0.0916629127941618 0.029509528478924
0.00360574128868216 -0.00760059703437327 -0.105151978138294 0.0166170541326716
0.00456220891199718 -0.00802859091911828 -0.108466199767742 -0.024387708629189
0.0227964393834298 0.000984680287893405 -0.0893099093316907 -0.0802233382554848
0.00658187019260227 0.0351550499692132 -0.0422480799517466 -0.118872774697424
-0.0486809314762272 0.0358952449214935 -0.0170277652732766 -0.13309292573379
-0.070903438338103 -0.00797435295950959 -0.101627219807404 -0.124396705885885
-0.0921456513776185 -0.0143722614815029 -0.0688128406267795 -0.107703224459311
-0.0490672808513563 0.0348348613002883 -0.0271956888605472 0.0491879402444124
0.0033657379041772 0.0360927895888216 0.10430965573373 0.0216599792438934
0.0162373118541306 0.00992723087351277 0.108597318936222 -0.0838073791513696
0.00784745958014955 0.00550801769398164 0.0029329437504131 -0.139726742907132
0.0174556220244892 0.00564016205877152 -0.0752494267160048 -0.087029222926945
0.0160910845235748 -0.008318544781437 -0.0887302923330558 -0.0206926198556509
0.0154380271231132 -0.0076778584926681 -0.0828396760075317 0.0144508465742742
0.026327940185868 -0.0092820311888008 -0.0845783639132711 0.0327851047227927
0.0367653596686877 0.0134933693575828 -0.100386069602079 0.026948543494186
0.0181691923502527 0.030304527925845 -0.112622551602998 -0.00987234409836377
0.00796524208210125 0.0467249110987382 -0.100481654126916 -0.0693722989304875
-0.0406553210433362 0.05191607068402 -0.0531935777612307 -0.108307031669962
-0.101849658802864 0.0102924600876652 -0.0163557663456319 -0.111236016182982
-0.11989315783048 -0.0521647796934423 -0.0811386181490156 -0.0943033562304175
-0.121352795001895 -0.0554150852113438 -0.0353937400858076 -0.0941519951380917
-0.102682621428294 0.0124940147109139 -0.0206127049335633 0.0636221253917894
-0.0436047845689361 0.0601920956433166 0.114588905786802 0.0463410142418985
0.0105618670575683 0.0608147404508649 0.129792242019883 -0.0711392567237546
0.0309281262015846 0.0398773230528324 0.0239468134887267 -0.139535734875323
0.0488347248336509 0.0217074554296271 -0.058238667938012 -0.0892128603947579
0.0488432720645611 -0.00981907515919959 -0.0724977471912886 -0.0245941430988935
0.0433509930138659 -0.0151994920181001 -0.0667171989857028 0.00923147504029348
0.0534323337934624 -0.0141978385299497 -0.0656601621692932 0.0341981675085087
0.0657943498872341 0.0241233948918374 -0.0831596866822043 0.0407592640968804
0.0391802262526156 0.0569366840230272 -0.10739114979263 0.0166066316666731
0.0103419703391452 0.0871441445107183 -0.112484358746176 -0.04354057604927
-0.0693397545832071 0.0778722228498541 -0.0708472056857536 -0.0909944428727945
-0.140175643979801 0.00228137681485128 -0.0141302017244072 -0.0907494015515301
-0.154078194902818 -0.0789432066484367 -0.0486338206066311 -0.0552197447423032
-0.128425638563153 -0.0920140276236302 0.0061350257314746 -0.0601353456426146
-0.14084729737415 -0.021697533758277 -0.00978164906246169 0.0836498756877866
-0.0907430690594643 0.0669044082265467 0.115527220114719 0.078710393357845
-0.00708376778992047 0.103582496720374 0.145840276008487 -0.0412649782597486
0.0454479756715844 0.0743282748096153 0.0528417516724169 -0.122672425969589
0.0735492680736366 0.0398079835383431 -0.0282095800233673 -0.0851594663482872
0.0759289045109102 -0.00735679640358559 -0.0445686677029172 -0.0275824087954701
0.0650003224204356 -0.0206355318212773 -0.0411964106189954 0.0029780860298039
0.0716225346990677 -0.0202473679945056 -0.0382098352952358 0.0325447316583597
0.085843506701937 0.0256820125289711 -0.0551024963688979 0.0515459761941367
0.0584582693751631 0.0691058623335075 -0.0892797771822839 0.0447744359089676
0.0217601363835453 0.113595883876277 -0.113800859963435 -0.0124668254668352
-0.0812049671358151 0.0978631577197286 -0.0834939574594898 -0.068102510260305
-0.156462279152647 0.00166052238989189 -0.00907243140805006 -0.0745496473399228
-0.165494607376374 -0.0912111292686739 -0.00889672156663689 -0.0152357955172351
-0.111748221548266 -0.111951907061633 0.0482730327609745 -0.00957199652684524
-0.147686305364474 -0.0587330036027737 0.00460539903720466 0.104927510095568
-0.122695895374402 0.0494167006251931 0.104196823577606 0.109537349040356
-0.033432028368742 0.121483032991913 0.147358778041935 0.00100047316917276
0.0445254173067555 0.0982202298101219 0.0799954966834291 -0.0872241965851519
0.0834013809221462 0.054022928348589 0.0101425233934592 -0.07066198187615
0.0908010983287917 -0.00184905728579376 -0.00814588161295402 -0.028526281591605
0.076823208066147 -0.0227440013689822 -0.00966085778831746 -0.00423103093211781
0.0799511926168861 -0.0249087294985634 -0.00620472926990085 0.0277702491339651
0.0931537129302918 0.0221510245364781 -0.0222645733961207 0.0561882282113401
0.0668467840086137 0.0714118871074503 -0.062435212177302 0.0660004133752649
0.0256599047738151 0.122197883519288 -0.10441573114167 0.0159896287080541
-0.084058952103584 0.0995645350934063 -0.0864108688438096 -0.0441206284614479
-0.15079313975517 -0.00480870315029451 -0.00142133334659437 -0.0610026519371277
-0.150523402540213 -0.0933949031506305 0.0304416180985399 0.0217570625014926
-0.0745695481951167 -0.10827126456402 0.084685637299852 0.0456589423977282
-0.120793562655561 -0.083549605534287 0.0196371976931892 0.122171418931201
-0.124574617451771 0.0167056868657546 0.0826423931527206 0.129620669269574
-0.0535827904295181 0.109913820487165 0.131477231439833 0.0407311697603646
0.031667548857514 0.10107411361667 0.0970637785571878 -0.0425498673286058
0.0772060223701809 0.0583984020667032 0.0479299535464054 -0.0489766078663083
0.0894533670936071 0.00272200198710316 0.0302650984680966 -0.0265742103843777
0.0766485353547556 -0.0221263407445012 0.0226251600652426 -0.0106399983596196
0.0778374517654657 -0.0250283317871016 0.0251832491104384 0.021538805847412
0.0879105495139081 0.0176673734131917 0.00960310565511613 0.0581072303940484
0.0638183781733041 0.0678795348993718 -0.0347547417651252 0.0793475284026557
0.017288197642267 0.116364382157012 -0.0902194167627004 0.0365183917837943
-0.0850128674187365 0.0808741167302543 -0.0820773182732033 -0.0236376497391498
-0.128601113070423 -0.0206946245643014 0.00534635716485096 -0.0475817004577286
-0.111657541880681 -0.0894358610805334 0.0600814676247255 0.0540859725912366
-0.0259847399974254 -0.0805136559528934 0.108421405596087 0.0942682537055175
-0.0700663202894937 -0.0838364287036834 0.0307397414491506 0.131589853167329
-0.0964350153205913 -0.0115968371418385 0.0587760193030919 0.135959921476068
-0.054689593577978 0.0774261676117001 0.107226836831857 0.0688564255968106
0.0176036176566448 0.0826140719625201 0.101968297094342 -0.00113049837442713
0.0578008201395307 0.0488249953357929 0.0778150095323582 -0.0265995607060644
0.0720414505385148 0.00419216405809735 0.0632035874611538 -0.0242562422155896
0.0638966489951589 -0.0178515559806755 0.050807788238814 -0.0160217426157606
0.0652461644466016 -0.0207569349643847 0.0530367788020846 0.0159439110334409
0.0729589979642258 0.0140376703882067 0.0370801486218475 0.0591843469963702
0.0526622413350297 0.0597441316286244 -0.0121217094374772 0.0895792328653751
0.00264646468248864 0.100077629534877 -0.0781835734352823 0.0522109688675529
-0.081950967524706 0.0511032631269684 -0.0776167709047518 -0.00822029653685401
-0.0940272923458133 -0.0385562465435992 0.00860136713056796 -0.0340710623734824
-0.0577194755633827 -0.0780972659661482 0.0764787785842109 0.0803798375181156
0.0264952727902608 -0.0372139427211549 0.120004897472517 0.122782535118916
-0.0113632618998683 -0.0604403458100324 0.0389669141419365 0.128405582663847
-0.0491849352057627 -0.0256308747174195 0.0416145251567956 0.132475381988205
-0.036894065718687 0.0374920844843415 0.0882622539448437 0.0825587709856715
0.0067999833253607 0.0470889940625615 0.104205086688672 0.0246015338109113
0.0306702564187481 0.0283204574459613 0.0967052664965846 -0.0131896760559176
0.0423155395676295 0.00396678721289838 0.0837146087895917 -0.0248670157767992
0.0409101568055894 -0.011466915850151 0.0700382294523135 -0.019560978733106
0.0445199097752482 -0.0131711071394518 0.0736108348972654 0.0122914746377915
0.0503520260967922 0.00945701597066922 0.0576140254188802 0.0622855642121477
0.0373775374300043 0.0458812734252898 0.00330854076641421 0.100647652329273
-0.0110739784462276 0.0733429311484144 -0.0721663241738132 0.0662615471546481
-0.0695383173443901 0.0175366826176738 -0.0768288889082408 0.00260725596991761
-0.0495291265507759 -0.0491418062317627 0.00532812577605204 -0.0242048994260223
0.00350541654621433 -0.0560691811875893 0.075987289961561 0.0982576518724848
-0.0493776578224124 0.0236337132645696 -0.0920757570791511 -0.107950150864921
0.0072609007376353 0.0462554115700752 -0.0314990517077113 0.0462157370487192
0.0421988940450819 0.0038001909764471 0.0969497844004008 0.0131347056300381
0.0123581356912164 -0.0385095328931347 0.0999338115855536 -0.0849094534912228
-0.0181143657974055 -0.02300369232183 -0.00430480957545418 -0.137126801769422
-0.0154578409892675 -0.00637265408277885 -0.0819574575782826 -0.0873900520256267
-0.0177612883285028 -0.00221108892123179 -0.0953249827279358 -0.0199063183765935
-0.0146908583542593 0.00152526984132693 -0.0910421969319259 0.0176086543039641
-0.00744909886648528 -0.00635707828644178 -0.0955619281456418 0.030394777365583
0.00358130252549208 -0.00815334584709122 -0.109908693100475 0.0168806002082502
0.00427938782688048 -0.00791935882691038 -0.113185319256998 -0.0264081891062523
0.0235363485926525 0.000745400172378067 -0.0922144699698182 -0.0844776109939468
0.00627053584619285 0.036137058449406 -0.0415658903489904 -0.126319637251055
-0.0503177316602403 0.0375643469784859 -0.0142370087192989 -0.140822324769232
-0.0742676114014742 -0.00955879399216714 -0.103451232663893 -0.130201375036709
-0.0944765235051702 -0.015916249460178 -0.0701749147825966 -0.112376193088025
-0.0505909003131598 0.0362938739348597 -0.0285386715944764 0.0529014734636565
0.00405247713168368 0.0369708086134163 0.110044922390887 0.0243401123592766
0.0163286983557159 0.0096800974519605 0.115601968629167 -0.0872103552694555
0.00727530810258386 0.0056935288861685 0.00457922455433251 -0.146373139219102
0.017413622747059 0.00566052350464329 -0.0780470683043004 -0.0920565217880372
0.016456119779058 -0.00807250397662172 -0.0919675661635543 -0.0224950708558789
0.0159831976616856 -0.00726780708077434 -0.0862347957415359 0.0147994504524215
0.0269295255608858 -0.00909707008526246 -0.0887056120485792 0.0340667002873324
0.0382052495439088 0.0143127827408245 -0.105862368010456 0.0278229326403804
0.018161571338468 0.0324869256218194 -0.118096618985026 -0.0113024145745978
0.00690520498279565 0.0478243124085594 -0.104429765870667 -0.073694187958937
-0.042553113705947 0.0531165696096688 -0.0530601772793357 -0.11523352751286
-0.105559322784592 0.00962655257608292 -0.015006462060712 -0.117570363870311
-0.123897373395674 -0.0560612471652232 -0.0821107068359315 -0.0995752365160086
-0.124271760107199 -0.0584634829863577 -0.0359163205449176 -0.0976421622285713
-0.106134346746494 0.0122117531233434 -0.0225346126034058 0.0674793967044972
-0.0446459539420967 0.0616809012838809 0.120328613983942 0.0500698052984156
0.0105895720272538 0.0620988875555286 0.137146892877677 -0.0731321492009041
0.031153439859654 0.041120261633046 0.0255040651292522 -0.145785758418111
0.0505168357942459 0.0225885939302077 -0.0599652462450061 -0.0944194654110232
0.0504924005188903 -0.00926792748034104 -0.0753251094927222 -0.0263159387446715
0.0450633234099607 -0.0145213405480536 -0.0697877599577336 0.00973102193243347
0.0550954598494708 -0.0135241372634179 -0.0686057095341606 0.0356684627945459
0.0686691221112423 0.0256765266104799 -0.0872556433668439 0.0424669122459622
0.0393188075211838 0.0602514142861823 -0.112592793151469 0.0176702661982596
0.0096171841934268 0.0901970255253164 -0.117712700776402 -0.0472827276428134
-0.072892950166164 0.0793633366913843 -0.0722918813871472 -0.097307861688535
-0.145631295649732 0.000768613252674622 -0.0132104199856601 -0.0967524932557402
-0.157983196192048 -0.0845526372928501 -0.0493020133223777 -0.0588710981319577
-0.131060154770135 -0.0964088923748616 0.00641466659108725 -0.0622443397848617
-0.145756027661186 -0.0242781006741557 -0.0121277919015474 0.0886157670063916
-0.0940815633229851 0.0676388980482484 0.120135845609211 0.0845520884948952
-0.00811919032726442 0.106362145326704 0.153896664202977 -0.0412680167656575
0.045845843106804 0.0766167005184946 0.0554339649762717 -0.127960826474985
0.0761806677176548 0.0415217681059299 -0.0285318964723005 -0.0896119609752182
0.0788919842536656 -0.00673246228637227 -0.0460859985209575 -0.0294453494094145
0.0670293762923579 -0.0201774577253127 -0.0430193259216161 0.00288730758629728
0.0739267758917529 -0.0199580023368937 -0.0398857974949046 0.0340661568374648
0.0891191113924642 0.0269175147383129 -0.0584991912166263 0.0543394027659826
0.0595141801951037 0.0730926413198976 -0.0941076675554348 0.0477254777017818
0.0216886599639461 0.117659965043884 -0.120674749622014 -0.0141191362033171
-0.0853062163506083 0.100317154948693 -0.0861231155302406 -0.072673535283916
-0.162783075962546 -0.000419946708894215 -0.0086178979076161 -0.0795543814674809
-0.170042126333867 -0.0974080703713962 -0.00858334159753129 -0.0171873077942665
-0.113039909009813 -0.117325727910997 0.049383724625404 -0.00976785975553534
-0.152816069935052 -0.0626580782136101 0.00202336386454704 0.109903091320617
-0.12745941604673 0.0489834244051978 0.107723845943952 0.117073509647069
-0.0356958887903776 0.125414786022423 0.154607117508761 0.00320183201239494
0.0454568508547858 0.101462549581345 0.0843205361254239 -0.0907803217178267
0.0869338143973253 0.0564271798984504 0.0109340672731713 -0.0745870392622544
0.0945430224115968 -0.00141727952754918 -0.00774082885725661 -0.0302668367220372
0.0797533738861144 -0.0231520154525535 -0.0106544179447138 -0.00431915921289759
0.0824297576622026 -0.0247271469763065 -0.00718750165484492 0.0294764424346281
0.0964458224411232 0.0235818413928957 -0.0246008244553611 0.0600787639103144
0.0686199095273095 0.0755976702105928 -0.0662462704824111 0.0700743500951107
0.0262627956084007 0.126241092575174 -0.111234766216561 0.0155299727788329
-0.088282949123971 0.10221422173549 -0.0897902152528822 -0.0474573546011956
-0.157205506127706 -0.00711997790636906 -0.000808211382420487 -0.0648709108776233
-0.153826337541503 -0.0994768784061257 0.0315704218712255 0.0213547000769646
-0.074714280360955 -0.113320186148195 0.0861456242292558 0.0489032712531012
-0.124601868545747 -0.088954443753919 0.0168018653511941 0.127941377518146
-0.129369352067964 0.0153127580727844 0.0842856563447531 0.13781540355745
-0.0568330140288248 0.112587438897456 0.13747843187971 0.0444887955967902
0.0325428087424968 0.105115552311579 0.10055547052255 -0.0441604756037801
0.0806997471317456 0.0602788340868156 0.0502271581598196 -0.0515866736049208
0.0929426154948804 0.00296457205395494 0.0318955285631754 -0.0282173385485426
0.0791491693724217 -0.0220768682167155 0.022657445375184 -0.0106284990104425
0.0796654151784602 -0.0250248938820659 0.0259929979404938 0.0233976802438404
0.0909781657457562 0.0185797176212665 0.00906967822006014 0.0616300569478875
0.065490262444227 0.0713596466511594 -0.0378033365971629 0.0841040685722131
0.0179510957447579 0.120628981894266 -0.0961670364725785 0.0375620110072879
-0.0889325651519037 0.0832891350972102 -0.0863046401476434 -0.026079511782465
-0.133574039375353 -0.023331799439095 0.00570999698579657 -0.0507327477073569
-0.113625675491537 -0.0947023855423742 0.0625053764388814 0.0550221748772135
-0.0245240955795712 -0.0843134017520802 0.109997658088579 0.0992252823890151
-0.0719762633501178 -0.0883933360426131 0.0279430076770288 0.138601398004484
-0.10025856713481 -0.0138663609463719 0.0593351463947726 0.144154367725831
-0.0581291976089779 0.0796895791674506 0.111312913385749 0.0735725508628406
0.0180251857201734 0.0857628630656069 0.106056279768789 -0.0013503119278287
0.0602947790022504 0.0505637719558512 0.0816313740240163 -0.0274831802070998
0.0751767306495781 0.00474580793108406 0.0657916868539939 -0.0262630333062004
0.0659506571433341 -0.0183577835381047 0.0519340093441241 -0.0163635347368971
0.0671827857063503 -0.0210793995347646 0.0546789645945347 0.0177390608720482
0.0750285925742714 0.0144453300561594 0.0379438240786958 0.0632675885144169
0.0542102820236189 0.0626973060440414 -0.0143907735966299 0.0950344571111111
0.00256733494616164 0.103727942393659 -0.0838528140553516 0.0545432651128083
-0.0858048288930495 0.0523080703249227 -0.081168736669451 -0.00975590705774174
-0.0973770693344469 -0.0413912666874569 0.00901569462023173 -0.0366571433106488
-0.0574712590673082 -0.0820284400671921 0.0789471284026332 0.0825309052039667
0.0286245262057315 -0.0387566701694779 0.121460255457897 0.128330561988101
-0.0110047174868854 -0.0638389870918363 0.03688405757456 0.134884609380791
-0.0511257345036153 -0.0271764151653434 0.0414995165170784 0.140510207359021
-0.0390712494375725 0.0384057294993288 0.0913922340956843 0.0875080261515374
0.00752941269078943 0.0492471051781853 0.108485389823139 0.0257864265982476
0.032038208754518 0.0290522149818737 0.100783356650781 -0.0139447844313466
0.0440998187664174 0.00362863885076725 0.0873102028549999 -0.0263184180833107
0.0419198293179539 -0.0116421600778235 0.0721907869213493 -0.0200506669770406
0.0456823117159751 -0.0128140114496341 0.0759249654633345 0.0137117414672405
0.0517744204940229 0.010125286939568 0.05921421631926 0.0661547062472237
0.0387119683039537 0.0479616997660243 0.00199996095338269 0.106353126186148
-0.0118145308007065 0.0763692721830031 -0.0777077679630521 0.0695513674547659
-0.0728154899050907 0.0175295016414717 -0.0804268438915922 0.0016051405507026
-0.0511328686270273 -0.0520636149927262 0.00525787017519282 -0.0262891435479509
0.00500230525931609 -0.0580773163140966 0.0783775392220543 0.101147069310297
-0.0515051428432311 0.024535389248291 -0.0985392460051848 -0.112086165729038
0.00896815360067415 0.0495719426380261 -0.0318355461087954 0.0504544251083902
0.0453138036743932 0.00249722239658768 0.104776764159332 0.0129614823559336
0.0118064438231037 -0.0414015411196931 0.106303305870806 -0.0934451152790835
-0.0203346630014796 -0.0241613532292388 -0.00582129059250424 -0.146342917174261
-0.0171440496939376 -0.00648685612474172 -0.0885745580997426 -0.0919974914328369
-0.018966969560774 -0.00158086615791271 -0.10113191124716 -0.0195048622443017
-0.0157696340233954 0.00253458296307701 -0.0950977140474111 0.0204856795984178
-0.00799175998340961 -0.00654269244061717 -0.100878531095152 0.035289519400731
0.00354052772478891 -0.00903293944357029 -0.116788441751436 0.0202472759073717
0.0044372883914748 -0.00798498883155432 -0.12128977783556 -0.0267159058223663
0.0243596392538957 -0.000449106745156594 -0.0995261475726759 -0.0883215375081168
0.00784393269537146 0.0377117121502494 -0.0451373371219441 -0.135473416430269
-0.0519701692628525 0.0410272641414207 -0.0156865314035021 -0.150872883031254
-0.0787127273105081 -0.00970638342138156 -0.109973251598957 -0.136844607654873
-0.0992561575684966 -0.0157310762590872 -0.0756643667289373 -0.117591268640574
-0.0528074399904579 0.0396717222489574 -0.0287619007963679 0.0573957508188118
0.00573526336714148 0.0381631645824571 0.117962221500628 0.024897874748538
0.0173759544180806 0.00902548005115791 0.123301843336025 -0.0948228285410359
0.0069261085671063 0.00530149626232518 0.00242047439096268 -0.156215798786488
0.0179349548123208 0.0054126459013177 -0.0845738043066806 -0.0972336920620755
0.0170838950302784 -0.00789041217504523 -0.0974013829754257 -0.0229883807238149
0.0163977839562957 -0.00697245165277522 -0.0909043448429111 0.0174928908092117
0.0278121839205867 -0.00935882997792765 -0.0931800523116825 0.0383842789917469
0.0407100388992841 0.0144607420342059 -0.112279963847782 0.0320778706602022
0.0190625916659931 0.0347376725626516 -0.126360713986037 -0.00987909217023346
0.00760342268195923 0.0500297297285697 -0.112298435076943 -0.0769769574663571
-0.0443632647059883 0.0561541530978171 -0.0576453913143709 -0.123403371512145
-0.110961943114521 0.0117566143581071 -0.0159340721952115 -0.126826674279415
-0.131279124655022 -0.0581516007675229 -0.0878088565790422 -0.10476309924903
-0.130145007504647 -0.0606043306965302 -0.0399349410014439 -0.102419183304819
-0.111967211991788 0.0147811561195304 -0.0231415557776507 0.0736024094105941
-0.0454267522868949 0.0643576441119177 0.12896009844191 0.0527728696194125
0.0124104462469847 0.0647561862284908 0.146355366881829 -0.0800000501534233
0.0329886218379914 0.0423873832959375 0.0248216062346249 -0.155849196941082
0.0531977975352287 0.0223410458170162 -0.0653446860022025 -0.0996614498457692
0.0530939835120301 -0.010456372957691 -0.0799143706591334 -0.027043654283159
0.0466295618825925 -0.0151576408402918 -0.0739053770582301 0.0115110912650395
0.0574309298563377 -0.0147264480632944 -0.0722146615529507 0.039814025978043
0.0728241835933215 0.0256767651585464 -0.0926003203967418 0.0475131399754695
0.0419835460186162 0.0640027145920865 -0.12040037547023 0.0209834017276373
0.0111458366230442 0.0940924179357967 -0.127401858276092 -0.0487325596268488
-0.076351211693368 0.0842335606028423 -0.0772656096184971 -0.103923182511523
-0.153641466593623 0.00233316791173807 -0.0146232012907661 -0.104205449678937
-0.168140985519434 -0.0875440643182672 -0.0524470785051288 -0.0625765340555944
-0.137763558827402 -0.0999775545594019 0.00502172299382319 -0.0656942498353861
-0.153868461365799 -0.0230593231589836 -0.0129444281854241 0.0953099776447539
-0.0977227203512221 0.0716391636719305 0.129569304749863 0.0899303002102352
-0.00687724882249793 0.111568631990245 0.164145374588825 -0.0462465161082558
0.0496702954104911 0.0799545521682459 0.0560497582809479 -0.137787950203667
0.0812478882812773 0.0414684245699077 -0.0321425218274736 -0.0953143816329137
0.082812811311329 -0.00848089612512127 -0.0490533452063597 -0.0309016524559922
0.070107122628704 -0.0216315937136509 -0.0463849569632825 0.00471206578715027
0.0771502267460604 -0.0217305724594395 -0.0413769619066387 0.03765099791371
0.095055371102776 0.0269648851802445 -0.0617051901170964 0.0600898201153772
0.0634190665551286 0.0771107850172129 -0.0997882791298462 0.0535852393667565
0.0245506457025391 0.122506835059302 -0.130284044671424 -0.0131461861505475
-0.0882735301496355 0.106631159056376 -0.0925926521508982 -0.0770570774592843
-0.171995755845854 0.0016479905955123 -0.00945390309015775 -0.0863759122487504
-0.179766176226169 -0.100753535049357 -0.00871466481521137 -0.0196346881674032
-0.118679243931745 -0.122654582713448 0.0510008645449142 -0.0104879015812929
-0.162423468792695 -0.0643014979215616 0.00141880657749416 0.118402986853637
-0.133077752700104 0.0523250043766523 0.115437674905391 0.124573726489087
-0.0360223692281589 0.1318049043647 0.165643492724297 0.00100183789348625
0.0492366645600718 0.105760412197831 0.0863444648493533 -0.0991270132580446
0.0932192275801372 0.0575900841566457 0.0103268422032043 -0.0801490197573269
0.0998220212245623 -0.00370424042161585 -0.00890441646699312 -0.0320517601251331
0.0828547064713148 -0.0252027539980806 -0.0121561714763064 -0.00388131374030911
0.0853557752256845 -0.0268723617619542 -0.00694220227279277 0.0322160642154661
0.102190201058965 0.0227680099804765 -0.0254825668107258 0.0652585319995625
0.0734103706231983 0.0791389506916987 -0.0699069897188413 0.0772993552175537
0.0301888472528841 0.132742845816341 -0.119931273230296 0.0185737375107582
-0.0918931595631645 0.108512731631598 -0.0969171132482016 -0.0496641060207758
-0.166904322350095 -0.00578641677944617 -0.00201186904625727 -0.0706167782072456
-0.163351695856159 -0.10327227098719 0.0339213349205296 0.0204767748853753
-0.0780687643612199 -0.119182912899709 0.0901810784476813 0.0504873804849128
-0.13260982955919 -0.0929069519979266 0.0168027239147033 0.136604245338621
-0.135824034746304 0.0165019276430861 0.0904961176573765 0.146314600195851
-0.0583144907894083 0.118937909721071 0.147287466737404 0.045427723944821
0.0360996514526345 0.110480898918568 0.104913570667016 -0.0491888971175676
0.086486574493726 0.061966562115807 0.052152113752688 -0.0558580748261169
0.0985523141774622 0.00107068318532663 0.0332548301870493 -0.0312318168000828
0.0829114262210483 -0.0246020265332525 0.0227460653940183 -0.0118811474573824
0.0829661856603713 -0.027352384920048 0.0274874100849675 0.0248661967068966
0.0962684234150104 0.0179404632678645 0.00982644071477183 0.0668073041782165
0.0705042071126989 0.0745974438258114 -0.039322072717791 0.0914879438916078
0.0212306001514932 0.126978591276687 -0.103499270557745 0.0422733230541678
-0.0927559680048713 0.0890991248431505 -0.0923634445834771 -0.0264596560886441
-0.142029680560597 -0.0234423782534565 0.00506988402232258 -0.0551269535055458
-0.121114683148988 -0.0989547363360092 0.0674131213558185 0.0556998335838263
-0.025583707753714 -0.0891146057968904 0.116224527882561 0.103575050880891
-0.0773192548158732 -0.0934716129296316 0.0287758757324759 0.146836896027623
-0.106585114734337 -0.0141979354157076 0.0644885494476576 0.154098903993105
-0.0605225847481945 0.0844464931978994 0.119132199583132 0.0765711147802028
0.0206158721706188 0.0902377871487939 0.111738549902961 -0.00317582667201826
0.0650820005278743 0.0521354414058287 0.085706261514422 -0.0314473424193832
0.0796013432516315 0.00321961953681632 0.0689082566192131 -0.0301596838468592
0.069122667789001 -0.0201479878184239 0.0534345421856912 -0.0182197245473594
0.0700057582991595 -0.0234431705840962 0.0577940325635722 0.0180968346095057
0.0792907223528457 0.0137721314039066 0.0406349100177992 0.0672746387776711
0.0587862272387405 0.0655353121264864 -0.014598896875604 0.102767052639958
0.00507889260886202 0.108996193110771 -0.0901223024806738 0.0599460546033496
-0.0904533197888457 0.0568205846767857 -0.0869509797231512 -0.00933423234043258
-0.103941327417508 -0.0429775021452124 0.00838366726190995 -0.0402616930274223
-0.0611195498873936 -0.0861147101616665 0.0849237619234248 0.0841563174938309
0.0305283837737504 -0.0416816033019224 0.128451250671974 0.134711086344479
-0.0122899993017268 -0.0679485471803828 0.0377646776490418 0.143226483854666
-0.0550881104620935 -0.0282947317257981 0.0452289417426338 0.150203180525356
-0.0404977830533645 0.0413166139471859 0.0983965296553886 0.0923317636081882
0.0094731545718963 0.0517275924944738 0.115120709567082 0.024486967636978
0.0347186032394044 0.0303031906721151 0.107130524576447 -0.017660478694518
0.0470107759919726 0.00277415867062151 0.0916880201140757 -0.0311978492452332
0.0439415047698433 -0.0131143443965167 0.0749296360679367 -0.0228576607410643
0.0474229805803408 -0.0150500027341368 0.0796546383006692 0.0136508005963921
0.0546493000554942 0.00932597997342259 0.0630983571565739 0.0704519057521085
0.0419217784198213 0.0500327380318524 0.00278797928161664 0.114158550673345
-0.0108067653876101 0.0810517642407317 -0.0831291306397283 0.0755748965660717
-0.0772209639495694 0.0201440303637945 -0.0867114524440536 0.00315580489145166
-0.0550815288464362 -0.0550149236291506 0.00509546258035032 -0.0293061128922764
0.00539833010374228 -0.0620760657754486 0.0840845448825045 0.104122492200691
-0.0528912588987101 0.0272468944129991 -0.108147008470262 -0.112749662917695
0.0125185603354326 0.0523036674362998 -0.0303294587901988 0.0557621512196617
0.04774223356618 -0.000504516820873111 0.113186736288228 0.00887637657975658
0.010058690934646 -0.0445162191573686 0.109607230458051 -0.105071005560606
-0.0235437365667031 -0.0240320344560817 -0.0133523261084772 -0.155206366667411
-0.0195088499098173 -0.00560213210234981 -0.0985731356900443 -0.0931782803931721
-0.0204706646004816 -0.000144439473200752 -0.107035335854348 -0.0159861719338976
-0.016207739340558 0.00441456769339662 -0.0981933898788315 0.0265258633936103
-0.0086387532964509 -0.00577652526411811 -0.104067740564389 0.0422661898982506
0.00268785728537592 -0.00968136364036857 -0.122438993424476 0.0279305885193692
0.0034950530211106 -0.00840145963245763 -0.129657650008086 -0.0225254869059741
0.02494649424456 -0.00207028033621055 -0.108942847562314 -0.0892819073598865
0.0100146455268922 0.0389469136393941 -0.0526855061981121 -0.143081510398798
-0.0523216993242209 0.0462705731444424 -0.0215710675921202 -0.159980155922221
-0.0835944014737887 -0.00598342773881619 -0.120342095009103 -0.139034784522408
-0.104108494647604 -0.0127878526790425 -0.0849746708875077 -0.119035893642709
-0.0527018314583466 0.0444563842881372 -0.0267566176171671 0.0631456699643341
0.00856748312528108 0.0385995046016841 0.127582009513662 0.0207546215756126
0.0181095462967101 0.00804741731045597 0.127142313688905 -0.107423325913681
0.00642988053862019 0.00548583916145797 -0.00529443243574345 -0.165050716340953
0.018836622230248 0.00475851131177082 -0.0944827226693882 -0.0986351950016925
0.0171728839707858 -0.0085924169022989 -0.103634728288478 -0.0195615963436645
0.0170668858407685 -0.00712131169731602 -0.094090183775336 0.0236049086370383
0.0288051385243672 -0.0104111818969796 -0.09582368942169 0.0458652030513842
0.0429888970744689 0.01302669047737 -0.117045316534152 0.040398610134346
0.0213132505351825 0.0365598404630731 -0.134429281754512 -0.00446694616927158
0.00954949889872715 0.0512252603786593 -0.122616166012653 -0.0762617875878933
-0.0438914651251385 0.0595721426607456 -0.0653980045236239 -0.129619986066362
-0.115821019436313 0.0177144783594527 -0.0216587064853038 -0.135242964921969
-0.140509163478858 -0.0543859478111599 -0.0951328208824124 -0.106871176573535
-0.138250857171377 -0.0577144789909842 -0.0469446322151208 -0.105535486597148
-0.116465611603096 0.0214321521960224 -0.0211771208046979 0.0802213235216135
-0.0435310397913461 0.0683806418120061 0.140577730685487 0.0504166982991018
0.0154317408227814 0.0662834931027686 0.152118386819264 -0.0929672246862034
0.0360057158636735 0.0428382883035511 0.018067978710817 -0.165978193901354
0.0565376023832206 0.0205087414384659 -0.0745360416288594 -0.102741941169145
0.0549598391413771 -0.0130897789273476 -0.0851672751695075 -0.024729426772373
0.0480777243633137 -0.0175495708060742 -0.0768758031376903 0.0165081205546952
0.0592131498906934 -0.0176490059055899 -0.0737677449657518 0.0462506083385613
0.0779338678473044 0.0233956469601075 -0.0957793179897106 0.0560475506801675
0.0468789119910668 0.066111881468509 -0.12633987372717 0.0291851235650134
0.0156043062745617 0.0981089327941583 -0.137894590913057 -0.0456733732034603
-0.0763493199502878 0.0910114603649185 -0.0860736387770166 -0.107597215100008
-0.161457687192071 0.00962524172982001 -0.019466766000113 -0.111598914297215
-0.179986941050701 -0.085077399953569 -0.0567587954447948 -0.0644786460227736
-0.147298128762391 -0.0991251530075024 0.00155277657768107 -0.0684395236894605
-0.162808232162008 -0.0169865792578247 -0.00973781901078061 0.102640775106093
-0.0977767322636401 0.078036097320684 0.141869330584512 0.0896014161914606
-0.00184998598253252 0.116192652864656 0.172219121911886 -0.0572056105122655
0.0555897557432278 0.0809491791000399 0.0512678362693199 -0.14836636448186
0.0875700781633938 0.0391543437491283 -0.038986188275326 -0.0994233532338751
0.0870753167489049 -0.0132867051746239 -0.0526981927960373 -0.030539497862399
0.0721613830391925 -0.0257415648829229 -0.0489021036508108 0.00762608057163828
0.0793042586424021 -0.0259149073173487 -0.0419973115874408 0.0425699445744093
0.100576149446327 0.023645080697771 -0.0622333157977651 0.0676339804825023
0.070224690475849 0.0788206113405147 -0.103245567739466 0.0621502785771081
0.0312536759851898 0.126874956145878 -0.140211551296715 -0.00712541048348839
-0.0881562434953561 0.115121610481818 -0.101489359874931 -0.0778298681108889
-0.181086481398383 0.00961829193701952 -0.0139624842997743 -0.0926538206818154
-0.192946491014241 -0.0986833527685024 -0.00972357704193966 -0.0218602139636504
-0.128333021970531 -0.12408450281489 0.0517876329707275 -0.0127934474869465
-0.173569231100218 -0.0605606182277485 0.00530643785589195 0.125889757286126
-0.136984127399799 0.0598292219097178 0.128558019216521 0.127370991203737
-0.0314300401008183 0.139022384027669 0.175801766101373 -0.00648510936803844
0.0564125671525198 0.108328379529794 0.084651559827227 -0.108923713958041
0.10055555259838 0.055265406380693 0.00621495791051106 -0.0853117413826709
0.104773183585098 -0.00934441940329986 -0.0106369281148259 -0.033875184336451
0.0856807305806724 -0.0299447057682801 -0.013796683743697 -0.00248469589329103
0.0879276142551791 -0.0318700101394318 -0.00554068709063468 0.0349436980714077
0.108278034927574 0.018378998875014 -0.0238985507310697 0.0719623773877608
0.0815459158572423 0.0801640235932256 -0.0703558153627535 0.0864514625599076
0.0379028831101949 0.136877154980535 -0.127680808697075 0.0264584807083602
-0.091579387068532 0.117487096093381 -0.104896031701392 -0.0485774504073388
-0.17587615556883 0.0014843314044908 -0.00539694889884128 -0.0762333707824391
-0.175615117952902 -0.101727605628448 0.0371731229824285 0.0178119488818298
-0.0857401016625565 -0.121975542291516 0.0954702684646954 0.0494587103924359
-0.144054857039379 -0.091889367548876 0.0218746088276741 0.144589425927573
-0.141980089966852 0.0226269903342494 0.102416667590949 0.152346016606477
-0.056225667797054 0.1272583284486 0.157440044979343 0.0414357160090545
0.0432092399563685 0.113889079982481 0.10674688464251 -0.0574720991240769
0.0943193072142847 0.0600506835285342 0.0521690746919658 -0.0624260409928151
0.103804162267053 -0.00512609504947358 0.0330317602321203 -0.035490937547738
0.0855242958876866 -0.029848378244012 0.022391394183343 -0.0129471757587123
0.085314404377479 -0.0327082961538068 0.0295984832952213 0.0259511676749467
0.101719884873097 0.0136603486991354 0.0135669028500897 0.0711662445563937
0.0779646473161116 0.0755400173589152 -0.0373011990287473 0.100468600792233
0.0287045325874244 0.131499945507272 -0.109770405139047 0.0506061917658194
-0.0938685052767757 0.0976202928931825 -0.0993981127190373 -0.023728810356666
-0.150506965931995 -0.0179797189996484 0.00260860649418503 -0.0602877434412349
-0.130457096772924 -0.099059735436887 0.0733511480790116 0.0528379038011606
-0.029321343348854 -0.0934483487650753 0.124796271073546 0.104385020456794
-0.0854706548666239 -0.0955447881021365 0.0343285627483904 0.154540114367379
-0.11263366428505 -0.0105598562025692 0.0742490894242936 0.160907422866442
-0.0596741777623681 0.0912401847705653 0.130013935538235 0.0754540481093556
0.0265958971979759 0.0930494065228492 0.115900915590918 -0.00930631930026625
0.0712640383228675 0.0506830948972908 0.0882990947262906 -0.0383733421954478
0.0836034136494717 -0.00173089242320462 0.070571733709102 -0.0361897783138593
0.0715501412407526 -0.0247604957831971 0.054445037682917 -0.0215488552142427
0.0719193788972217 -0.0278341882067914 0.0611998336483013 0.0169848496980535
0.0835857015287791 0.010348987756803 0.045931101718566 0.0702486835332975
0.0648812777219036 0.0655434866756491 -0.0103917721858296 0.111299289469792
0.0112817639742785 0.1144508924288 -0.0943250523118545 0.0688343791470232
-0.0927900969670834 0.0643905312548683 -0.0930573588122419 -0.00530268919380342
-0.111515834755782 -0.0403798985147068 0.00668503191527314 -0.0445830886560442
-0.067145945667429 -0.088488108827761 0.0931227967122715 0.082550469920436
0.0314304775140703 -0.0457135568971268 0.139891090852927 0.136182334066501
-0.0158075216426537 -0.0712825807268118 0.0433858358271586 0.150751674496012
-0.0597697036144732 -0.0273486651131614 0.0543097603504667 0.158279022807279
-0.0404878116111438 0.0453733597228868 0.107663545040471 0.0928402653024858
0.012784887261459 0.0537756038716852 0.12165162341998 0.0195131301730905
0.0382607661334378 0.0295186137658691 0.111963676609243 -0.0246637027488631
0.0495770424907749 -7.85781748203782E-05 0.0943805103368433 -0.0384170463385145
0.045185006167494 -0.0163447892661412 0.0767068253299703 -0.0275774349560324
0.0483761047491726 -0.0182592729135296 0.0838432767201159 0.0108596335447093
0.0573766897093343 0.00691787461652352 0.0700796830777494 0.0717593511215529
0.0467295135912694 0.0499777984016156 0.00811155897842595 0.121935532529903
-0.00672028468730149 0.0855967244667358 -0.0854058927879355 0.0852501858959327
-0.0805210227364297 0.0251898067108797 -0.0922022102287933 0.0073947000653449
-0.0605480518037562 -0.0558601368444286 0.00362032606835747 -0.0328632193692853
0.00376876388630081 -0.0657124295001835 0.0934483775341483 0.103712803848353
-0.0619821023587447 0.00270099348740136 -0.0486486504476185 -0.152687806705433
-0.00973244334389429 0.0544096150977317 -0.0527117728312059 0.0374210809688252
0.0438427611225221 0.0195248945506042 0.101460415240486 0.0579709267029745
0.0258349723767596 -0.0372552176429503 0.149630266252622 -0.0505589204218161
-0.0132779959229519 -0.0315780595842121 0.0560113761190801 -0.149754609767391
-0.0170654951397255 -0.0127051602429569 -0.0493286464931542 -0.130593558026274
-0.0205167558370514 -0.00870047678813244 -0.090730146018198 -0.0632101357759452
-0.017628346426257 -0.00221491214015997 -0.101879470613891 -0.0177243439351488
-0.00569235363193478 -0.00809912218898463 -0.114529652738308 -0.0051985652091863
0.00527780627337601 -0.00678314297853455 -0.12463709759046 -0.0268214141062686
0.0056009698021459 -0.00554691421585177 -0.109738901198462 -0.0783620504881078
0.0212002809114808 0.00744861562232048 -0.0586971952033625 -0.130990518933933
-0.00891293769441792 0.0380012485424924 0.0182186614472244 -0.158067007893485
-0.0686079580603927 0.0182282089837569 0.0569907123239635 -0.162573952454317
-0.0754438325563402 -0.0422679132754305 -0.0416018678736859 -0.187332481640956
-0.090871609928085 -0.0582389733627659 -0.0256176320866 -0.146832955057183
-0.0677631306350359 0.0182578591986689 -0.0517082785590872 0.0477798536668899
-0.00960262373717855 0.0373203965257989 0.111134193601063 0.0767493313947592
0.0107485003979465 0.0142100619100084 0.168867007756297 -0.0445499356260747
0.000225308764016602 0.00916400474846522 0.0699991965359178 -0.157068834167726
0.0136345227950559 0.0129999162358349 -0.0426671037978879 -0.135273334595357
0.0181615018245148 -0.000218775883844644 -0.0859583634131342 -0.0646721222431226
0.0181904705492974 0.00213985083626745 -0.0966119450983817 -0.0186874041505163
0.0304349807074926 0.00406425583413578 -0.108273036564572 0.00174634127885462
0.0338808849925044 0.031222044699123 -0.125347367639258 -0.0123936589892016
0.00256057175901173 0.0437327642378651 -0.123692274339341 -0.0625014904552197
-0.016537335822293 0.0499031421218329 -0.0797671097012099 -0.125359866283469
-0.0682071393621497 0.0327671893965744 -0.00134859021556659 -0.15280179067034
-0.114549827853899 -0.0365081906993114 0.0457759049430027 -0.141088456438549
-0.105929157152417 -0.113099488695063 -0.0329832685424441 -0.146176874896491
-0.101539505169611 -0.115763597103567 0.00223222916392587 -0.115585702662614
-0.116591602177006 -0.0324120739064636 -0.0531181393635237 0.0677310569505351
-0.0712532410736674 0.0409872474409815 0.110747916549053 0.110470436248415
-0.0169002088505473 0.0663149244334523 0.187081292039606 -0.0195471780504371
0.0107158463705769 0.0558352398924655 0.0929360253030626 -0.148935663856805
0.0423951733651774 0.0444396130726055 -0.0222502142523307 -0.130978439474279
0.0559004615925443 0.0120724568290377 -0.0668903490164916 -0.0618125462836929
0.0521199927979064 0.00637565833250816 -0.0774561471845667 -0.0175611412696962
0.0617449592744704 0.0105531282912292 -0.087770143952862 0.0117636014492095
0.061730187428409 0.056184966814486 -0.112921107032121 0.0118608913951559
0.0135121234054599 0.0832134476736024 -0.132078114830138 -0.0268400923986175
-0.0313424417670591 0.0954102400931526 -0.109850469085472 -0.10238402253778
-0.112475100460098 0.0470941674951975 -0.0326250724941516 -0.142002434370541
-0.153125276591846 -0.0646316099802465 0.0373270900784646 -0.119664529109129
-0.127911909222671 -0.157548271866271 -0.0172420485622722 -0.0892519690435668
-0.0905198478319663 -0.159179930591293 0.0289378393148389 -0.0591328478928392
-0.142754231114991 -0.0892213823398925 -0.0529056980913514 0.0959466937107017
-0.126320248232165 0.0249993807442392 0.0951992908382368 0.149536746841624
-0.0549590067916542 0.103475241008051 0.191047786743601 0.0238566716000527
0.011794067874859 0.0992234946010999 0.117524543178084 -0.117607711319541
0.0625110684454255 0.0743364955461711 0.00946048500587198 -0.113289360012485
0.0860065376402352 0.0259344430695971 -0.0344249134766345 -0.0531840840875283
0.0784594771854393 0.00918326755750198 -0.0484755131968254 -0.014527027398397
0.0839437946194671 0.0116097542052601 -0.0576630927879313 0.0225653375817643
0.0835763325587422 0.0656946275220273 -0.0877441707260549 0.0381942598042274
0.0302229148169774 0.105679707165996 -0.125590809135089 0.0164474868610077
-0.0290028851965071 0.129952496946675 -0.129773202130794 -0.0663191472480343
-0.134542453645252 0.0647473632892655 -0.0612785545812571 -0.121233559764683
-0.171875567398939 -0.0730873413425323 0.0334092352335198 -0.0995860082378195
-0.133705020635506 -0.176406527335551 0.00560759067043717 -0.0276473157128877
-0.061397352301907 -0.17380082194733 0.050097299594791 0.014590965068944
-0.13359739370639 -0.135849738938978 -0.0503566610837442 0.125673575074584
-0.15385769926309 -0.0100447817947101 0.0649990934480936 0.18036530459493
-0.0920669041632643 0.110775936005174 0.172165292524854 0.0736844519546872
0.00129828479887192 0.124429595225532 0.131704175854637 -0.0659797262012076
0.0685986671666168 0.0949593249775654 0.0452546320481535 -0.0799166788905414
0.10135165028456 0.0365366964100364 0.00563619560027375 -0.038053455747065
0.0928095286625193 0.0103932264978838 -0.0119359008339169 -0.00845967590611661
0.0949201507840949 0.00919036942893981 -0.0209520120719149 0.0313146551053338
0.0930762433405301 0.0642006068440717 -0.0542392940443874 0.0586483966827019
0.0401367947929127 0.111577700290447 -0.105198629206905 0.0533863439320434
-0.0265430304319177 0.142260204340175 -0.134537418043511 -0.0294107140278731
-0.138956687533068 0.0663832421613103 -0.0785299544431693 -0.0951354622467806
-0.163169217743362 -0.0778731043436709 0.0332267566620688 -0.07981610502584
-0.115937972084042 -0.171536667588623 0.0293385591216129 0.0318006163292098
-0.0228106391847183 -0.15449752763584 0.0619005710450599 0.0918363374923494
-0.0918706022855741 -0.152630667360218 -0.0454306856875332 0.149515236916342
-0.141763289637669 -0.0476274421059624 0.0284540810549292 0.192310388846664
-0.108431041226542 0.0891858753138806 0.132907127715185 0.111313215355417
-0.0125688676502926 0.122321487111053 0.128979486081356 -0.00757858827149644
0.0608706969434689 0.0961175930485085 0.0770802344285768 -0.0378597273283105
0.0989131719640965 0.0401493609226968 0.0469768507146933 -0.0200022203511854
0.0929307847127732 0.0103182149737126 0.025504946246442 -0.002358972061864
0.0927730501548104 0.00672878196085884 0.015984040447032 0.0378770801588172
0.0888929623079775 0.056341623579356 -0.019356654503147 0.0740443805969547
0.0398293298817125 0.105230599193945 -0.0811509955484133 0.080974037968591
-0.0317208105481867 0.134189064171423 -0.128768206376559 0.000787835936105778
-0.131931145451123 0.0469915569423325 -0.0849525756696548 -0.0698513555820203
-0.131208910100175 -0.0847822319737657 0.0331324613076762 -0.0603301275515208
-0.0754775085205213 -0.149550222477646 0.045297804384029 0.0817279899819422
0.016481640608028 -0.103426790361961 0.0650762900933628 0.155112168634966
-0.0358435267185425 -0.130108190246078 -0.0399003201111753 0.163290067303855
-0.0994383429188994 -0.0644735702053076 -0.00355487230708222 0.187725848679641
-0.0954412830951148 0.0549406925681221 0.0896743090433908 0.131098398612142
-0.0178226048598758 0.0961690941102989 0.115785525764537 0.0420003947816789
0.0439994798428109 0.0776408568579755 0.100199725056802 0.00153052359091679
0.0795347251575105 0.0337468958591864 0.0817490056011368 -0.00386292940979951
0.0776860187499552 0.00869636157865976 0.0586273493187715 0.00311244466031128
0.0782728231492155 0.00480826579923825 0.048024429622623 0.0431502394202807
0.0739826717648002 0.0453934442552534 0.0107281111023684 0.0866006757830931
0.032429480002251 0.0902816527143183 -0.0609291764201455 0.102057047175779
-0.0397379985353117 0.111084499165931 -0.122507447101104 0.0245469964205657
-0.115780715278702 0.0168592222801059 -0.0871058954106685 -0.0500198704128271
-0.0852035406841734 -0.0879486630243116 0.0298119425464615 -0.042208864794315
-0.0219208086722132 -0.111458322981783 0.048303940107487 0.119009953082928
0.0512320033049597 -0.0316224600299415 0.0653959183192798 0.189518215206212
0.0181731523218803 -0.0766476357554868 -0.0312699818164983 0.161643321161173
-0.0429446411554515 -0.0551646666392817 -0.0226375574375755 0.174635442718875
-0.0574980054697651 0.0218115546603403 0.0597209526890037 0.13699892248756
-0.0117597613221323 0.0534153743147097 0.106141766398023 0.0724053984847734
0.0230017475062533 0.0427225257659281 0.11575465827681 0.0256676909114584
0.0472888726566031 0.0200842109174789 0.104172279228221 0.00498722250594884
0.0498687120516277 0.00428271823558428 0.0811193662561987 0.00693646103623341
0.0532055975519016 0.00349869385565039 0.0716739970062684 0.0466943342823994
0.0513099045541266 0.0310988326042089 0.0320648989245201 0.0974390284430897
0.0228611357057326 0.067332011440323 -0.0482776291905139 0.119321596685368
-0.0435853211662162 0.0780109563801251 -0.121605199643614 0.0419059586271616
-0.0873673813075566 -0.0128118203440668 -0.0909840700237148 -0.0374083311806136
-0.0312131393662893 -0.0791595793609744 0.0211839680252691 -0.0319154224988678
0.0339863720536947 -0.0599285227478199 0.0373794832110997 0.139149513941323
-0.0626188679294104 0.00519526612942277 -0.0571010550180844 -0.150460607436492
-0.00650969258501272 0.0555980616892054 -0.0507806805793912 0.0415103228311191
0.0447703058405916 0.0160552999453523 0.10589694035084 0.0527880622928117
0.0235353143691909 -0.0389599674436733 0.14927244478657 -0.0606159741046426
-0.0163949653234833 -0.0310047801253376 0.0490471495925986 -0.154528826510576
-0.0189695876972188 -0.0115446504734209 -0.0570769016333587 -0.128921181654953
-0.0213724127716708 -0.00624156936269132 -0.0942042910157428 -0.0584952714497456
-0.018064258220727 -0.00021978099311815 -0.101880704179814 -0.0121139555375664
-0.00662070020307298 -0.00733401198209669 -0.114642970022769 0.00226020282344535
0.00472392632528108 -0.00740035579965281 -0.127368696224761 -0.0194723109023204
0.0046150124616163 -0.00609655805756552 -0.115209771909931 -0.0731338773374124
0.021278857024145 0.00546976505117801 -0.0652441106054852 -0.129018311762334
-0.00672679980701382 0.0384438914103649 0.0116116629712823 -0.161099727615359
-0.0673422955735958 0.0228564605291673 0.0498592665138652 -0.167685363355471
-0.0776226591936181 -0.038230123154648 -0.0503150484062699 -0.18429045505914
-0.0938095420185295 -0.0538224661002961 -0.0336734543729981 -0.145193158888298
-0.0661278234393737 0.0222312873424968 -0.0500770765770363 0.0518555161398877
-0.00694575332274894 0.036619236475403 0.116248730556489 0.0709419419111247
0.0113822968496071 0.0126659144968205 0.168473709357247 -0.0553845142531983
-0.000382839149301008 0.00858532450591338 0.0612041232986036 -0.162455588103373
0.0131459806693172 0.0125808809248264 -0.050906127769366 -0.133509364284168
0.0171820828003365 -0.000562761637251173 -0.0894571698516117 -0.0602235616650569
0.0182630280996349 0.00214809354488491 -0.0972069610451026 -0.0127761330935444
0.0302752311174631 0.00270887646990536 -0.108350966841919 0.00879297649937517
0.0350071165705552 0.0294948206746668 -0.127428210991538 -0.00461538429573099
0.00433570993456563 0.0443712144429252 -0.129057810583674 -0.0555545833278409
-0.0143493174457039 0.0497379998700285 -0.0876904491289461 -0.121954084969083
-0.0668243871084395 0.0356923953447285 -0.00778460774136263 -0.155176168567534
-0.116526714806218 -0.0299087996685669 0.0404133197116966 -0.145811385695123
-0.111516608104298 -0.10677851143857 -0.0394694992604759 -0.145015616250006
-0.106629907662974 -0.111108706267601 -0.00467914402909375 -0.115676646681458
-0.117892917216376 -0.0258015884716184 -0.0506644149066439 0.072233324783453
-0.0679380394247758 0.0439080939688446 0.118070351166826 0.105506874894971
-0.0129876272457294 0.0661304996876549 0.188086234083384 -0.0303883164190244
0.0130165680549552 0.0548377275080755 0.0845986721862457 -0.154763295275875
0.0443276800278152 0.0413076162061739 -0.0303266554291802 -0.130494400280299
0.0556998446097298 0.00877015956745939 -0.0696623314782584 -0.0582831219654193
0.0516377650549244 0.00441269779782255 -0.0786040570717734 -0.0124792852514794
0.0620324835013527 0.00744245889848087 -0.0874168361368544 0.0175520351216787
0.0649938474893729 0.0525722048435821 -0.113732776632488 0.0200356922457154
0.0173475225730098 0.0835790034327316 -0.134980742682443 -0.0189064668620366
-0.0262849656508474 0.0962455349428656 -0.117353921685999 -0.0974876920639802
-0.109855262233622 0.0523865738475438 -0.0388580718360158 -0.142940702348361
-0.156655214556125 -0.0563334435308669 0.0324450279984969 -0.124219427193799
-0.136052591399854 -0.150884542537678 -0.0205464151672896 -0.0897205435615905
-0.0972657932689111 -0.154880414193737 0.0248680344009825 -0.0603931868963027
-0.147191266084763 -0.0816703837395932 -0.0499962643045145 0.100066958138475
-0.123787085290047 0.0306572563683484 0.104354595143591 0.14610406814085
-0.0487362952843505 0.105827357102503 0.1947695196847 0.0134331102076291
0.0167482852615357 0.0978338233796315 0.11017617408058 -0.124773967840144
0.0664410237606016 0.0701776654875351 0.00272905813086664 -0.114209816806932
0.0864624860723998 0.0202559555024162 -0.0369644965461017 -0.0512312125223401
0.0780155989568051 0.0049512935578262 -0.0494301481739839 -0.010622086302749
0.0839193994460121 0.00715480482474647 -0.0561857395392259 0.0267003949485061
0.0873972979901317 0.0605140607458364 -0.0868844293925077 0.0449265572730073
0.0355910500286286 0.105083577026399 -0.126354812869354 0.0237371615103164
-0.0219085799939612 0.130554715815678 -0.136337943208377 -0.0598079238395525
-0.130954885727802 0.0711800124512067 -0.0672867768404722 -0.120334820917551
-0.175951851793954 -0.0645724447364536 0.0289132694764746 -0.103474447583297
-0.142459635876796 -0.169010667875768 0.00550772517976535 -0.0294690215717597
-0.068678541109404 -0.171652453297479 0.0494829419576753 0.0120864238301194
-0.140350098947624 -0.128752827130683 -0.0468070130670943 0.129204302291002
-0.153954279331874 -0.00344016077000899 0.0748379867295794 0.178839790519525
-0.0854308926847178 0.115356720786502 0.177661263903478 0.0648699276018507
0.008072935269025 0.12375023107756 0.127128488719704 -0.0740192311680646
0.0739120071842121 0.0902668421502253 0.0403691593001387 -0.0829756126327742
0.102940319487314 0.0301640364131899 0.0037540108614331 -0.0389006363160234
0.093303672592709 0.00549674264126581 -0.0131990809550122 -0.00729493379455801
0.0943487099806112 0.00385614928540858 -0.0194233029532124 0.033438510901558
0.0963385270324251 0.0584206711477078 -0.0518678411251652 0.0635874869953432
0.0462535605959889 0.110109708664805 -0.10413850485777 0.0611115178597353
-0.0183908947799029 0.143245593348436 -0.139377579424433 -0.0216416196571681
-0.13552479526665 0.0729978363258146 -0.0840570086268464 -0.0921450526533459
-0.16758596138613 -0.0699720630419813 0.0295996365269137 -0.0837719533123498
-0.124560417967147 -0.166256510432333 0.0319777300494134 0.0283251463783898
-0.0285437079877915 -0.15400226240199 0.0655436281217288 0.0886133724453325
-0.100249253676213 -0.148326840951152 -0.0408726571454514 0.152968262430008
-0.144382070848242 -0.0415571821186473 0.0380879797204966 0.192975623228158
-0.103730612800208 0.0941909507107589 0.140360403420482 0.10477641348124
-0.00557984922135086 0.122717893679557 0.127252806638412 -0.0150039849310745
0.0660914769893728 0.0922637855851904 0.074664639193288 -0.0425831335784167
0.1008543486613 0.032994112347221 0.0455471770240213 -0.0234733096063903
0.0925656361635449 0.00497421848009034 0.0244753323233488 -0.0035125430214723
0.0924381945700159 0.00134951581219272 0.0171502591657137 0.0381748495254156
0.0917001186299693 0.0508302404743064 -0.016113223045263 0.0769243673471468
0.0459800558657704 0.103073436093972 -0.0780724517629735 0.0874794026441071
-0.0233803784307003 0.135125697473591 -0.131833888983209 0.00916512392671552
-0.129333812484985 0.0539014282582995 -0.0892784616051224 -0.0657604445819564
-0.135722004373552 -0.0778714611926319 0.03005144004246 -0.0643868111038787
-0.0827267382928796 -0.14583080467458 0.0503232130250713 0.077300917498134
0.0128046536276399 -0.104837034121861 0.0724168333203202 0.151348531386857
-0.0425838137763389 -0.128981917696757 -0.0352192153306145 0.165952952359611
-0.103206900670021 -0.0606460538186338 0.00520599256702587 0.190083592549084
-0.0928940856617357 0.0598271151300233 0.0968532605623251 0.12738743088327
-0.0119910225293047 0.0972553441296187 0.116823192124519 0.0355448488457661
0.0482898806200595 0.074033228449603 0.100381860166742 -0.00451720918679901
0.0807340118965447 0.0281403337505943 0.081505151507442 -0.00930487034654255
0.0772611174913216 0.00351694137348396 0.0575739362130114 -9.8257181319072E-05
0.0778423355682535 -0.000148191635814839 0.0496612982348277 0.0410476333316755
0.0764087442123189 0.0408830033679443 0.0149729706336588 0.0873636778352093
0.0376250753384104 0.0883719374669519 -0.0562474058116642 0.107326077665029
-0.032196243092996 0.113111968316039 -0.124060068156172 0.0318536214350093
-0.115351383938828 0.0235504448895987 -0.0907218776396048 -0.0450653822240166
-0.0898607272518995 -0.0839282588281855 0.0271981461492239 -0.0462002448701667
-0.0263367039745648 -0.110734645155131 0.0551589397815908 0.114549862155773
0.050529008357332 -0.0354482906056748 0.0740993478914994 0.186091365787079
0.0140545586882857 -0.0785146860787474 -0.0264063658480829 0.163688269720872
-0.0459233097767273 -0.0537610584872413 -0.0146232598114656 0.178401045187876
-0.0566331713204332 0.0249492895131585 0.0671060369674029 0.135066650848188
-0.00788456459014782 0.0540267932436219 0.109597300248965 0.0662673663952626
0.0256695862543586 0.0410295464815594 0.117100522807692 0.0189790261531308
0.0478404606487051 0.0165774347495088 0.104226689878744 -0.00192718512346716
0.0496265735969048 0.00146626360920766 0.080592085172807 0.00193507479957278
0.0530761798166251 0.00016963273537055 0.072767731574216 0.0430539249215791
0.0526252534002423 0.0276707764476068 0.0372945254212206 0.0966974338833023
0.0270036986090125 0.0656885524926703 -0.042598679560168 0.124200350369725
-0.0386639565520988 0.0809613303084264 -0.121851431563164 0.0499004555066279
-0.0886566485115727 -0.00816959237055422 -0.0946237853887918 -0.0326311456956619
-0.0354817685995707 -0.077855491888108 0.0194246452139934 -0.0346016531885374
0.031733159882602 -0.0619652837668253 0.0448636786315703 0.135345453721858
-0.0628333349482356 0.00664928987498329 -0.0616825797463671 -0.146711921411474
-0.00390132983338981 0.0561729132861679 -0.0494166988630822 0.0437395497514317
0.0453299206629683 0.0141499243838309 0.108259058972806 0.0486239459474344
0.0212460202447822 -0.0405546539016927 0.147453172545663 -0.0666463955396294
-0.0186575736435684 -0.0296677565905484 0.0435373175752316 -0.156061083398193
-0.0203401061386035 -0.0102522049373557 -0.0620090043577949 -0.12633471195927
-0.0224427369731816 -0.00392644375847771 -0.0955214004510069 -0.0548885394447706
-0.017923978272995 0.00149504091508791 -0.101087248097399 -0.00799823918227333
-0.00754030181029083 -0.00628669721908265 -0.113855287811192 0.00701434184128441
0.00385656395282632 -0.00744332485205268 -0.12756101148116 -0.0138045567295254
0.00364987159575602 -0.00561233588474064 -0.118133365867048 -0.0684360405909062
0.020456515892376 0.00402973472326669 -0.0695799032114077 -0.126818583111363
-0.00530406812848047 0.0379957676942376 0.00723915721627392 -0.16351698661866
-0.0652346832369637 0.026361558381328 0.0458204700877481 -0.170393797275024
-0.0784812907591246 -0.0347606525189137 -0.0549531454295044 -0.18104361276271
-0.0947430528258938 -0.0510538258771487 -0.0382361296591521 -0.14330262102647
-0.0644238293617032 0.0254394617182799 -0.048448070365567 0.0542199991926128
-0.00517701060476168 0.0357218714435416 0.119098326650353 0.0663700120905347
0.0115777258656947 0.0110393874083152 0.16674735513758 -0.0623566434595619
-0.000906534724084293 0.00879415648472335 0.0549621388585239 -0.164202838493662
0.0128700963688029 0.0121866941944388 -0.0561877577882524 -0.131501446539481
0.0165617428343478 -0.00061210932700638 -0.0903131526971704 -0.056293368588589
0.017878556348238 0.00269441532933585 -0.0962193509020924 -0.00868780848254413
0.0296850189698339 0.00203397275941624 -0.107252538252942 0.0131905745549988
0.035430816194602 0.0277877374237123 -0.1272277893456 0.00148279902810344
0.00518834693819111 0.0447024982190952 -0.130985596452889 -0.0505114692141056
-0.0131891216783079 0.0488205760703114 -0.0922876570772465 -0.118510935887405
-0.064645694964684 0.0371150707427447 -0.011877808899858 -0.156130214549543
-0.116280301195271 -0.0254499446718197 0.0367256383975974 -0.148162780865747
-0.113703542528092 -0.101779222903606 -0.0428402148385696 -0.142947779412522
-0.108771696205387 -0.106905606719529 -0.00867436257738449 -0.114220015487812
-0.117668127636608 -0.0207266950436834 -0.0489520826959696 0.0750002389744045
-0.0652678081645205 0.044482803004117 0.121830780918381 0.100943268049834
-0.0103262677748801 0.0646917470368459 0.18732843872772 -0.0377759688911164
0.0143744925700792 0.0536053169910171 0.0774893923071019 -0.157178065617834
0.0446718562567262 0.039084112155786 -0.035552550093373 -0.128918180086939
0.0547993216560908 0.00682409275870418 -0.0712484806551753 -0.0557933888741689
0.0507465389570449 0.00298800765902555 -0.0785470944317015 -0.00902917045182953
0.0607897265466612 0.00569657407856326 -0.0861023448971479 0.02197775830062
0.0658652520208074 0.0495576133439257 -0.112922419366627 0.0257893529887033
0.0199069875199952 0.0830314949450818 -0.136525992305205 -0.0129338164324473
-0.0236052451421131 0.0952042112039086 -0.121658721184705 -0.092745942599664
-0.107735976279888 0.054621979779986 -0.0427746228816646 -0.142042393448952
-0.157092991897659 -0.0504163883108406 0.0289393913102357 -0.126788303771113
-0.139103657205225 -0.144777810132642 -0.0226667145095493 -0.0892996562949559
-0.0999863847442767 -0.150967120986602 0.0215821837218173 -0.0608168328229444
-0.1487042277023 -0.0751834077570795 -0.0485153700047467 0.102706470173087
-0.121064543803677 0.0332562537267372 0.109359620546869 0.142733445007917
-0.0441261081020714 0.105001958782105 0.195184339882397 0.00585577042811383
0.0199276116519108 0.09604716646728 0.104147578284345 -0.128406359635552
0.068085118774878 0.066436065651331 -0.00226401568210826 -0.113754563764533
0.0858442057406891 0.0163697469231723 -0.0384052195661607 -0.0501389748318398
0.0768112769740026 0.00298755085165385 -0.0492986560807567 -0.00817465816040902
0.0827966422229697 0.0040911593349085 -0.0548424810243056 0.0294878022102072
0.088700567619975 0.057009305262467 -0.0853718075575272 0.0494800656353198
0.0390606271942888 0.103246565354482 -0.125699755704716 0.0297621689120612
-0.017202944381547 0.12899588687661 -0.140039725909516 -0.0539284747391289
-0.128199090501863 0.074449904814216 -0.070712623277192 -0.118457814682271
-0.176749043585305 -0.0579671383647309 0.0255682315534256 -0.106313286363243
-0.146522837101942 -0.162904277883061 0.00529533164304158 -0.0309186398116557
-0.0723884076272538 -0.168559655890187 0.0481172552621941 0.0108349057815782
-0.144283745784602 -0.123000029188345 -0.0443123419684407 0.131065618777759
-0.152190816374931 0.00061045239517521 0.0808233254272957 0.17654648331685
-0.0801504355468616 0.116339128270914 0.179608502040545 0.0582454671557929
0.0121583810918528 0.121797432268225 0.122070681581483 -0.0776399370637331
0.0763894480605243 0.0855426242376582 0.0362561146870169 -0.0838605306508052
0.102704100279626 0.0249587582153262 0.00279515499659758 -0.0396654933142618
0.0915318860699662 0.00187459989557714 -0.0136452137643883 -0.00571435789305477
0.0928526161937355 0.000241834593978583 -0.0179677827030668 0.0350903463959811
0.0976478426389887 0.0540996875979977 -0.0498305362340958 0.0673236016617123
0.0501307525730178 0.107794930776286 -0.102417761308824 0.0659326282624628
-0.0127993417427247 0.14147486722535 -0.141921816619236 -0.0153857566757995
-0.132090188148213 0.0763927122907092 -0.0870551002044785 -0.0894960478772485
-0.168718501042591 -0.0634642546682186 0.0261661974920583 -0.0864202505598097
-0.128478747193784 -0.160035810968426 0.033386508953213 0.0248165435303956
-0.0323346827815495 -0.152706746869674 0.0666263104790902 0.0856101441950085
-0.104124444158353 -0.144127279999408 -0.038282258173912 0.153949759119098
-0.144130562870085 -0.0374398437966196 0.0440486734360207 0.192351047921815
-0.0994777914258692 0.0962235246118576 0.143175395034964 0.0994102199552785
-0.000902343936594381 0.121772864653165 0.124292793525961 -0.0189726773033286
0.0688784548644841 0.0875187248141799 0.0721757300314806 -0.0454357914279702
0.100617133391121 0.0279853674720626 0.0446379351283618 -0.0256788130138097
0.0912419448867157 0.00118800032968798 0.0231907596675925 -0.00384069096589945
0.090905387420808 -0.00262102994356489 0.0182365019410734 0.0380959233124355
0.0927520411243567 0.0466628450568375 -0.0141281421780243 0.078743130835027
0.04965224420705 0.100765471052629 -0.0754732832001066 0.0913140906749437
-0.0175253820573307 0.134063343625429 -0.133421054627452 0.0153105572500011
-0.126833430642276 0.0576825995283851 -0.0913300328855986 -0.0625293685177965
-0.138045773044885 -0.0729993590559919 0.0271799722838072 -0.0668233907372039
-0.0854890988635336 -0.141722211604663 0.0529805936012801 0.0723633556579742
0.0105991724068676 -0.105507391994462 0.0758580511698526 0.14683685995079
-0.0465346851752618 -0.127292534723394 -0.0326523278429777 0.166461176184446
-0.104449521993361 -0.0577083396179812 0.0105755911686271 0.190701495035094
-0.0900767913854525 0.0624097197220636 0.100635855055094 0.123639231450934
-0.00811252520948917 0.0964099451127556 0.116264451752797 0.0318632370839754
0.0508918543448372 0.0711108642092735 0.0992268541772035 -0.00823663644369309
0.0804500182251094 0.0236496966141511 0.0802150076590287 -0.0135848419944789
0.0765000932747809 -6.03722034334658E-05 0.0559403935442017 -0.00212100919067346
0.0763977975099851 -0.00350884390634572 0.0500306041931718 0.0399772401763471
0.0766604614988648 0.0368774026042442 0.0173141745548397 0.0878806695270521
0.0411381304401787 0.0860933625937155 -0.0529762794386655 0.110640096137219
-0.0274278079722419 0.113064995097589 -0.124558284219158 0.0379522510676638
-0.113862315289057 0.0272423390448504 -0.0919604344221057 -0.0420290827245344
-0.09229113500626 -0.080450195687513 0.0250695128932918 -0.0485391923626617
-0.0287936956648563 -0.109490087908378 0.0585966182110989 0.109110037650296
0.0497479653293663 -0.0375527797127871 0.0781664520883167 0.181146081698808
0.0112373527453994 -0.0789216467746381 -0.0242584599561441 0.164020793349385
-0.0478570990628402 -0.0519723018233609 -0.00959966476775333 0.180117974283673
-0.0549462486189903 0.027026609014088 0.0710998594094834 0.132921105998768
-0.00510970842776997 0.0537094735072713 0.110053985118909 0.0625368170229421
0.0271227479632223 0.0390798465562274 0.117323298601025 0.0141586480390915
0.0477253837124075 0.0135798907452569 0.102835697793903 -0.00722188471313681
0.0487120551395092 -0.00131430421297585 0.0786339469288322 -0.00109953620480965
0.0524501909134664 -0.00256745098682494 0.0727845821652901 0.0404470293044368
0.052724503346122 0.0249832123699019 0.039556869912111 0.0960031968226116
0.029788155587687 0.0638647236189551 -0.0386368580612967 0.126458160828138
-0.0340192631829312 0.0821650855039036 -0.121753555850371 0.0557842496747952
-0.0885933702618258 -0.00411715992753045 -0.095861621968563 -0.0290750459760617
-0.0376727599848852 -0.0765467780244512 0.0177577807464634 -0.0370402399089705
0.0304984314829298 -0.0629108679913726 0.0488491396060865 0.130465056822713
-0.0634704675522429 0.0077965400068448 -0.0644068310996499 -0.145043405691569
-0.00214865995169155 0.0565078387235218 -0.0493674861531934 0.0461906265433314
0.0455782200113313 0.0126820901604366 0.109642241144106 0.046800158785865
0.0197850782548632 -0.0414153465142994 0.147115857357371 -0.071332454504457
-0.0199172239517659 -0.028708246238482 0.0413157648579474 -0.158300192055576
-0.0212531877281121 -0.0089556110582318 -0.0650591771628211 -0.125089168640707
-0.0226398744801414 -0.00231246139072294 -0.0964662663194845 -0.0528090258978268
-0.01751447583636 0.00337401419583093 -0.0997943051373042 -0.00561078224941267
-0.00826394167021808 -0.00562598819698176 -0.113503323955498 0.010368187266617
0.00347882347614969 -0.00741721093720111 -0.128106382572293 -0.0100231486668383
0.00298693362061004 -0.00549384726628019 -0.120443039164031 -0.0652708736902349
0.0197731585788937 0.00286432440595639 -0.0721765626543866 -0.125549434679249
-0.00394838049122966 0.0376413790664318 0.00522586888558322 -0.165147474207679
-0.0635972693063546 0.0283969690752425 0.0438062206989583 -0.172535375810306
-0.0788645945377836 -0.0327500542985541 -0.0572087143078868 -0.179029482486361
-0.0955029438145092 -0.0488077686373003 -0.0411730074700197 -0.141390430535071
-0.0628792736189389 0.0272238420022735 -0.0482717905568199 0.0565576193615176
-0.00414117129052168 0.0350471920233327 0.121007052894044 0.0638595700043358
0.0115447662315239 0.0100515429310181 0.166322915635474 -0.0671281369348484
-0.00167102396253529 0.00915949593433787 0.0513869508386644 -0.165796693154381
0.0122708425255799 0.0120806090554706 -0.0594100676771355 -0.129867735211645
0.0158348573526462 -0.000145468857287906 -0.0915307409830469 -0.0545868390415604
0.017525256187255 0.00343067738290652 -0.095852099918082 -0.00642776736430846
0.0286774310712088 0.00200110695113509 -0.106425577385382 0.0167467327915468
0.0355444005644381 0.0273171401636048 -0.12798613814103 0.00591580936532922
0.00570881873360042 0.0450192124376467 -0.133086039739144 -0.0473623327253877
-0.0130138023308839 0.0485212038123739 -0.0949696696782734 -0.116693917352512
-0.0637596588475569 0.0375017778824548 -0.0138013887207457 -0.158068629226414
-0.115688862294552 -0.0220993533326587 0.0349865336699681 -0.150330986963636
-0.115214664996474 -0.0987902251756683 -0.0440169153630264 -0.141806556178301
-0.109630328102053 -0.105068169795499 -0.0114366501016187 -0.113384178679148
-0.116965380929205 -0.0173860939125969 -0.0489364812462085 0.0774520876007584
-0.0638187384949196 0.0448741366682812 0.123809354312439 0.0990966735327562
-0.00849645383856652 0.0633580257356526 0.18767710019094 -0.0428042835740489
0.0143341017396968 0.0531374449148181 0.073985802368866 -0.159054282988804
0.044331306730511 0.0383847797360579 -0.0387638104071942 -0.127585749610399
0.0540068528122523 0.00578087331787665 -0.0719279332699898 -0.05408765571892
0.0500133758029642 0.00362455692935844 -0.0778629288930315 -0.00669125935909748
0.0598749506920939 0.00500907536185961 -0.0853109503090549 0.0244661501861141
0.0667459610151551 0.0481647421869792 -0.112939508370014 0.0298451231388251
0.0211575664910227 0.0832467998544939 -0.137905005865631 -0.00892657148458567
-0.0224923050932746 0.0948215412629388 -0.124864093104446 -0.0899821005164524
-0.106284781969636 0.0561288616482979 -0.0449109715255406 -0.143662795233862
-0.15737738470696 -0.0475741527798716 0.0271900245263136 -0.128932369295091
-0.141128113524737 -0.140902872465774 -0.0232526861802661 -0.0895077948017215
-0.101816432294709 -0.149206238785914 0.0196568237690892 -0.0603724286436023
-0.149688470835137 -0.0715784330820514 -0.0479213978662521 0.105340778800748
-0.119111447396984 0.0342934493952682 0.112573023957694 0.141129967206881
-0.0414082773260188 0.104464048481968 0.196160583798662 0.00145969810330191
0.0212921646964038 0.0945098998081616 0.100245739557538 -0.130146222686199
0.0688409084338232 0.0645679612342833 -0.00552768006710116 -0.113072815718692
0.0854534316059789 0.0138750920088312 -0.0390329517818203 -0.049423913144348
0.0756652118150448 0.00203877585005862 -0.0495016033885721 -0.00610591345206881
0.0820290027053029 0.00228729412495755 -0.0543971135657207 0.0316896363560661
0.0893390772618908 0.0547798685393516 -0.0848546294546673 0.0533701573775933
0.0410725282879895 0.102876033679077 -0.126475327539457 0.0338147683788092
-0.0148168488049819 0.128111161447742 -0.143484951191982 -0.0502476061781247
-0.126226236119681 0.0761871260239323 -0.073226271685937 -0.118338888569338
-0.177372868719752 -0.0552076759425914 0.0238940632616053 -0.108699170857052
-0.148114445524954 -0.158709629353476 0.00476445020695435 -0.032909097362758
-0.0741431748911719 -0.167610877688819 0.0473945692612745 0.010073172204983
-0.145734594350493 -0.119845103481816 -0.0441261708709482 0.133336292681099
-0.151277185399532 0.00186365442219878 0.0840697760108631 0.176434370370107
-0.0772509713380176 0.116689570109978 0.181973540086401 0.0547097326292864
0.0142361186642629 0.120681900935551 0.119318576019968 -0.0794583851121389
0.0776992863029138 0.0827987109471985 0.034027458251307 -0.0842213182221771
0.102048557713555 0.0218348136715242 0.00193131937532102 -0.0398196702151106
0.0899117233125656 0.000508456629045836 -0.0145165099830431 -0.00474717269735048
0.0916100947554947 -0.00170368315971733 -0.0172125466750093 0.0362793050910227
0.0983728087934173 0.0515475517851076 -0.0489238074423524 0.0705426873876439
0.0521588653737443 0.106739186048646 -0.102040579039235 0.0700929894632649
-0.00969279576613268 0.140373285828847 -0.14444388655763 -0.0107979553772769
-0.130439281453225 0.0786781641115918 -0.088620707872141 -0.0886183176146366
-0.169932912398318 -0.0608055692698751 0.0241486333569391 -0.0888169874234809
-0.130076564501158 -0.157094894103959 0.0338169831849703 0.0220897264540549
-0.0336667068757103 -0.152596902905952 0.0673401322094177 0.0838108713071732
-0.106764236205657 -0.142001613208076 -0.0388086296672469 0.155566263508965
-0.144322719405658 -0.0358590311120902 0.0466595152877203 0.192930036729578
-0.0974179027683298 0.0974176381888935 0.14569935473378 0.0970442380832102
0.00116522046991133 0.120841585677739 0.122249264661423 -0.0208473542162026
0.0704450366676605 0.0852787243538577 0.0704411100010143 -0.0465888100033488
0.100081962856567 0.0247473541300217 0.0437623724392009 -0.0273698879697899
0.0899768581915136 -0.000709972511029349 0.0222808144224638 -0.00345327875494423
0.0896584842730306 -0.00465147716730024 0.0188498548286423 0.0388871551422878
0.0933058436226933 0.0443343534645576 -0.0129316408908741 0.0807718370371053
0.0518924774887874 0.0995541982371388 -0.0743058858287264 0.095082362880024
-0.0142657197283639 0.133276143280755 -0.135667513968144 0.0200199286484315
-0.125568705148557 0.0598907928632915 -0.0932893004494149 -0.0608454549709603
-0.139165155000062 -0.0702357246063618 0.0254495044282644 -0.0689635318041372
-0.0874096279017905 -0.139619561861107 0.0540108305386992 0.0690258141750782
0.00966037320738977 -0.106023873555971 0.076408193353033 0.144767941947976
-0.0490236997211847 -0.127071430827492 -0.0334693217383191 0.1674562688892
-0.105677788825846 -0.0567264312088184 0.0132421270458578 0.192321198413462
-0.0886046549554368 0.0634912904779587 0.103312703059396 0.121762440418865
-0.00570343867279978 0.0959696382040539 0.115844731416234 0.0304677587324996
0.0519965752517035 0.0690757049716542 0.0989190104695706 -0.0107764000321037
0.0803235443885852 0.021006430147012 0.0791186813944706 -0.0161300470350594
0.0752864094989835 -0.00190702168499957 0.0543943697336369 -0.0027213775277115
0.0755772406451512 -0.00581120943453072 0.0501309242272241 0.039545051681946
0.0768699809326352 0.0349700301928892 0.0186528253781176 0.0888927531432125
0.0432825527269789 0.0845677707742131 -0.0512731328861785 0.113673379264233
-0.0234136554600325 0.113406959105027 -0.126402102960585 0.0426250843429711
-0.113227289196929 0.0300823843370794 -0.0937885630558583 -0.039884655454258
-0.0935730149157206 -0.0784751364019814 0.0234698700585664 -0.0512661752891335
-0.0298909798602737 -0.108325770491573 0.0607406374090848 0.105505814231313
0.049264691227576 -0.0392932494663128 0.0795866110979849 0.178772431129148
0.00962300115292583 -0.0797343930734129 -0.0247591752836872 0.165051663303496
-0.0494747046889398 -0.0513045053070242 -0.00701688391150497 0.181977540605535
-0.0538228187088815 0.0281491365017799 0.0733877433118428 0.131639544830484
-0.0034356051763563 0.0535429721554512 0.110625144799984 0.0612254480210014
0.0275601576697915 0.0381087845674022 0.117757662370691 0.0112144265096284
0.0472482518857047 0.0121781315211409 0.102012324912729 -0.010288133380634
0.0481905492058718 -0.00270539859451268 0.0767814555946186 -0.00242716541223554
0.0515726933586144 -0.00452499785823483 0.0722489995164104 0.0400074476636798
0.0530700046431723 0.0231322562260134 0.0410703013350315 0.0957023521192345
0.031738823164186 0.0628396553691444 -0.0360709508799741 0.129126369986612
-0.0311041803868757 0.0826756336104174 -0.122015987266209 0.0601204016644287
-0.0891413171325047 -0.00188438367423216 -0.0970223567633959 -0.0269274800464413
-0.0388886076642836 -0.075769023850544 0.0158542558286778 -0.0395751680925061
0.0299958062790575 -0.0638512560582227 0.0512582061889347 0.127665384020147
-0.0649491083666974 0.00857451170706262 -0.0668727705226173 -0.144815185923393
-0.000431530156556953 0.0577131510292025 -0.0497067919622325 0.0489551312550649
0.0457794686081643 0.0115551376498152 0.111843193718644 0.0457739651402362
0.0183679581592267 -0.0424608583628087 0.148030808609635 -0.075637170971557
-0.0216706136234569 -0.0276581540580918 0.039695092922328 -0.161548126456721
-0.0220146899630497 -0.0074259983175249 -0.0686732777239504 -0.124904290360063
-0.0226699801607017 -0.000678853005599056 -0.0977591436689548 -0.0519118246314266
-0.0172282203642339 0.00503420961463072 -0.100379324866288 -0.0037100861963458
-0.00919331469669044 -0.00522929292585921 -0.113933549131979 0.0135907063932938
0.00265444003412535 -0.00738757206350891 -0.129766726975576 -0.00670970400746589
0.0023601282509689 -0.00520631969239927 -0.123403011595771 -0.0641097629663498
0.0193983742612842 0.00210998563004522 -0.0747188101346626 -0.125798728267673
-0.00329167574073731 0.0377133534513081 0.00418565263462145 -0.168703836680357
-0.0625893399573584 0.0304811279025467 0.0429046708502425 -0.176465948564407
-0.0797399409808503 -0.0312039533003288 -0.059078131151008 -0.178538821941038
-0.0971673993229911 -0.0482701230601264 -0.0434396723625462 -0.14094325202834
-0.0620938921692753 0.0289947699220969 -0.0490429202227591 0.0593855384540335
-0.00320071140213871 0.0345239030934943 0.123208946459059 0.0627537124773151
0.0115735866293125 0.00840615453621213 0.167403350082276 -0.071764599539207
-0.00268145351615509 0.00975841889398147 0.0490586632618319 -0.169096744308345
0.0117657898198522 0.0128279500608785 -0.0627010784705633 -0.129672173680609
0.0157831251985382 0.000569400009883301 -0.092998575443937 -0.0541987718154592
0.0176065669465035 0.00491463575001038 -0.095945675979581 -0.00442098946360456
0.02831971068481 0.00242878908129195 -0.106847423728118 0.0202008801722123
0.0357570397328451 0.0268957716067267 -0.129278706556244 0.00967016919855513
0.0061671347579582 0.046058187409152 -0.136559968135626 -0.0444845518148921
-0.0129714448922072 0.0481027563819743 -0.0988404331290923 -0.116876313369699
-0.0638732469258108 0.038260858305284 -0.015274567018234 -0.161541368546865
-0.116425643209743 -0.0202543884440358 0.0341215021882237 -0.154416505158066
-0.115869370607323 -0.0970427633405016 -0.0461752436616545 -0.142720927897227
-0.111112190056158 -0.104516399818153 -0.0135250670742861 -0.113406458014562
-0.117498334204809 -0.0146127409624269 -0.0493478009437457 0.0806670507474751
-0.0626189234459945 0.0449853593449089 0.126868639338857 0.0982673621202
-0.00756906624215181 0.0624761818393643 0.189423731302732 -0.0472326097223993
0.014949716688699 0.0532453846974653 0.0712992599020328 -0.162105988991292
0.0447954872719239 0.0375048778332191 -0.0418676782231025 -0.127621591669886
0.0539419266784165 0.00555998170738171 -0.0729590330406775 -0.0537308141279274
0.0499191119219088 0.00379606224386358 -0.0781514811860771 -0.00493689494007076
0.0596572605487798 0.00452855545016418 -0.0853795111207052 0.0269069710582947
0.0674440886825189 0.0472175171467868 -0.114306412321587 0.0345373112822253
0.0226546602007543 0.0844117893272847 -0.140223644904246 -0.00574621195014615
-0.021385878098055 0.0954325387734343 -0.128939783733644 -0.0884567078059543
-0.106093756237034 0.0572981651004546 -0.0472224002567591 -0.146021022158364
-0.158761480665708 -0.0450750036765298 0.0256821054941526 -0.132325841535126
-0.142801389847203 -0.139101090793315 -0.0246119049965174 -0.0910345200461792
-0.103965552441209 -0.148969650459332 0.0184135437254239 -0.0606049718723623
-0.150731618125542 -0.0691596827824534 -0.0489203768792484 0.109110665160433
-0.11907190942236 0.0353926211802292 0.11586899818685 0.141925483891495
-0.0395766940336122 0.104324774313673 0.198782523517989 -0.00231824537935441
0.0223827833497665 0.0946358808213841 0.0979436008822035 -0.132162539501709
0.0697071167808072 0.0630454268607816 -0.00809779700686663 -0.113837639824186
0.0849462689238467 0.0125464080351161 -0.0401400494558879 -0.0498674540362978
0.0754626506479252 0.00149870433500622 -0.0497199410568682 -0.00456926284349501
0.0813116110559608 0.00152695152821307 -0.0541385929816345 0.0338632040213463
0.0907801662202353 0.053233685993274 -0.0852099421152886 0.0578125380098591
0.042923884560976 0.103539411165371 -0.128232683832659 0.0381374740283616
-0.0134408502834316 0.128312750118508 -0.147425423042889 -0.0467930490855406
-0.126271813655205 0.0782930373482677 -0.0754631299276821 -0.120371052148373
-0.179275364812842 -0.0521702364993022 0.022289550230443 -0.111989243184365
-0.150177733471244 -0.157398023376893 0.00477031435536327 -0.0348782870459048
-0.0757486629772743 -0.168597834510319 0.0470733726988574 0.00957583831936512
-0.148382980492861 -0.118255760648612 -0.0453330106015245 0.13700407909185
-0.151855958874996 0.00218390995638617 0.0872194351441055 0.177955790214727
-0.0756067466117545 0.11664235030624 0.185134382598794 0.0515617780211872
0.0161701515119198 0.120722059541515 0.117607314462722 -0.0814396451563601
0.0795501224415851 0.0813702924493282 0.0327340377680906 -0.0852561710822847
0.101946951981909 0.0196154085866074 0.00123058921115197 -0.0408032496544458
0.0893623145102109 -0.000316551131025214 -0.0148539438298405 -0.00328428679429502
0.0912042469316452 -0.00330237107223099 -0.0166923543081583 0.0381607412521187
0.10014528092369 0.0498600630274573 -0.0489500151728102 0.0741574412218755
0.0549415721440168 0.106899727755774 -0.102499463058732 0.0746879249564185
-0.00693777157160828 0.140510317363571 -0.148147193206714 -0.00692819021522157
-0.129783449050543 0.0808764741825937 -0.0912433915545113 -0.0887776393025671
-0.171819105905753 -0.0584234365816961 0.0224057200526557 -0.0917681751927047
-0.131685609423185 -0.155610207543532 0.03420266978444 0.0193689238582754
-0.0348389840451 -0.153998100520177 0.0672543971619624 0.0832842049571114
-0.109198121543164 -0.142131330250595 -0.0399898229326527 0.159095176213509
-0.146130410032686 -0.0358033867999951 0.0500246297821223 0.196030507781957
-0.0965310837188736 0.0985091153758487 0.148985700792532 0.0956153272314767
0.00375829107221141 0.121461920824678 0.12235514781751 -0.0216549912786398
0.0718786624577444 0.0843937426836628 0.0705074019641113 -0.0474218202302086
0.100213941190632 0.0221757823309582 0.043382567003143 -0.0295652446924233
0.089349322695558 -0.00231638400044138 0.0214025431370934 -0.00325878518133351
0.0889338246878517 -0.00668689793343794 0.0195359866352885 0.0398565307015624
0.0944371935197204 0.042007407118642 -0.0117549613027976 0.0841741937601608
0.054582677376525 0.0993892412737779 -0.0739000968438252 0.0997031182984881
-0.0108984205295328 0.133593600499775 -0.138308243159266 0.0245253176467289
-0.125321862516409 0.0630271587259245 -0.0952730829156885 -0.060621324323028
-0.141067797916612 -0.0687958038973838 0.0239252121857731 -0.0713656328737501
-0.0885711013538998 -0.139171806352105 0.0552963641102239 0.0668096203702524
0.00871492103979961 -0.107629593175481 0.0780060483863164 0.144123057152444
-0.0509920359022956 -0.127344172703141 -0.0345410839523102 0.170509504098025
-0.107683425528226 -0.0565729845293354 0.0161480417799418 0.195856445539343
-0.0882067378313371 0.0653363196730599 0.106518213949209 0.121482598322403
-0.00357979526197906 0.096400904162137 0.116051172471616 0.0294585028953667
0.0532859967701545 0.068024109933999 0.0999630600049685 -0.0123222291571894
0.0801603797486678 0.0191352576565628 0.0790508853115776 -0.018901529777102
0.0746447491127463 -0.00328309575236625 0.0539269377093163 -0.00287777963783315
0.0745855686145847 -0.00716394330546318 0.0504931587213268 0.0398464497075819
0.0780885361396873 0.0333261324266202 0.0194196014544699 0.0910033716162448
0.045685392870044 0.0841412223646348 -0.0497648323188105 0.117392749195274
-0.0205203932870253 0.113746833119038 -0.128318846896801 0.0471379394595038
-0.113730604957553 0.0322289811575376 -0.0954505957120496 -0.03871488267187
-0.0958214309743144 -0.0779968388303436 0.0223177910167245 -0.0537331145394482
-0.0303521746817225 -0.109027854785331 0.062624845495224 0.103387896144529
0.0493940464941249 -0.040985696078461 0.0813214472121414 0.178062096394928
0.00815160844562308 -0.081154801536855 -0.0256208651471971 0.167933976132753
-0.050838496424994 -0.0514228692603165 -0.00470130060502127 0.186306645089424
-0.053872854431784 0.0295906108071621 0.0763734418831317 0.132130129474509
-0.00219128960852799 0.0533824624362445 0.112440339163999 0.0602613740291307
0.0286307799657766 0.0375413744177406 0.119640874694927 0.00852203667908698
0.0475668052196446 0.0110955136869157 0.102391457971555 -0.0134404328996239
0.0481408528512962 -0.00335634487838613 0.0758985420913019 -0.00341496465599013
0.0514007815012341 -0.00553237837326755 0.0727258415968418 0.0397333592688469
0.0540248120379424 0.0223264723938067 0.0430162792837658 0.096854659102993
0.0332186403993201 0.06201973012916 -0.0344389387171324 0.132332070745747
-0.0283471123062145 0.083417887455497 -0.12380793183645 0.0645479025844282
-0.090293353020134 0.000306099023621791 -0.0988055070911514 -0.0252897676269944
-0.040781659884556 -0.0758965069361836 0.0149405018035964 -0.0419069858578718
0.0301932538415084 -0.0658938570934569 0.0533553160419702 0.125918826279591
-0.0631997086381082 -0.00347717564884374 -0.0391335242306111 -0.157406507361161
-0.00977027657589523 0.0555048106936705 -0.0615451616903773 0.0403754578060444
0.0415448582088935 0.0209582398589391 0.101517055783415 0.0690410567774159
0.0237672676772321 -0.0359930324690622 0.163220050540166 -0.0475022008568787
-0.0163852659919068 -0.0282406690785023 0.0709959305495049 -0.152903752354109
-0.0200509285321893 -0.0098703666395899 -0.0427425876573068 -0.138148195524946
-0.0221214009476015 -0.00299907096804545 -0.0869261270910819 -0.07231686786525
-0.0179076343531856 0.00315032545617643 -0.0970524848659278 -0.0239133418529155
-0.00816170992239657 -0.00577075264844882 -0.115610090728237 -0.00894673345672232
0.00367814191926721 -0.00622973952008359 -0.12610088781239 -0.0324681887364486
0.00310890094377734 -0.00437182075332176 -0.109051185343532 -0.0883702548986548
0.0168281930496089 0.0059297060376034 -0.0463880533358854 -0.14174725974172
-0.0122628196274909 0.0357337777001763 0.0396086246307904 -0.169356963299852
-0.0687911164282181 0.016832787825697 0.0808547420267303 -0.170564385193532
-0.0712948468297557 -0.0470369785315441 -0.0187316231201859 -0.194457827865623
-0.082885501765264 -0.0653040542296377 -0.0172602124810293 -0.150192075567888
-0.0651030200768782 0.016707094176986 -0.0614076668186563 0.0491406971011307
-0.0108528603228762 0.0330913586513727 0.108880284977457 0.0870167774875948
0.00788498224820009 0.0117951369292406 0.180992103451838 -0.0396627708468026
-0.00502058852703017 0.0121120851261073 0.0812357598874784 -0.158456067115804
0.00866704714869892 0.0167378428445613 -0.0371570354576145 -0.141269689707774
0.0145668016930485 0.00521394485609218 -0.0816117719908808 -0.0726720401529822
0.0169793089773516 0.0101036330137005 -0.0930869696170445 -0.0237788248475226
0.0268065250156185 0.00868371482147412 -0.109857718358416 -0.000708334932221767
0.0293312338352598 0.0339667179144258 -0.129905613176359 -0.0154313880747869
-0.00446120010034882 0.047467672799399 -0.1268004845924 -0.0695647936937018
-0.0255001891279019 0.0439124177863112 -0.0743868058665531 -0.136600348498309
-0.0726299999970471 0.021820858368636 0.0169798739073968 -0.165644149607051
-0.110391623577354 -0.0452707394631299 0.0670138905755781 -0.152795693378834
-0.0928566486903115 -0.120590648770572 -0.0144433538314481 -0.155344279694318
-0.0851511018449364 -0.122988601160053 0.00723871759998374 -0.117145648634446
-0.110432846611083 -0.0364586817427887 -0.0644214359803199 0.0687600619870262
-0.0714977385188867 0.0316635157256008 0.105004718706738 0.120965455381681
-0.0210886271007971 0.058901048963981 0.1965581499651 -0.0109512278202207
0.00327838122487088 0.0575015560531171 0.101193120041799 -0.147745496197922
0.0358225986598925 0.0471055531732214 -0.0175477679407188 -0.135036393569597
0.050946376051831 0.0165392439086763 -0.061701973238318 -0.0686223015798959
0.0488664552217631 0.0151161396284395 -0.0760830678564155 -0.0202726684154378
0.0568611374756306 0.0175003757613737 -0.0903209959349508 0.0111101542677458
0.0564783713941192 0.0604985686308573 -0.118947228039757 0.0129062734001153
0.00407208461942792 0.0886279939357921 -0.138565963364444 -0.0300440155553225
-0.0432749723098904 0.0879499982743029 -0.111126786867231 -0.11140927038415
-0.119485548761921 0.0314628352872963 -0.019934610725577 -0.156128343034121
-0.147641913527981 -0.0795315475094982 0.053961716678048 -0.132982601298628
-0.109843448886774 -0.167652003875289 -0.00437677554952489 -0.0986733977506978
-0.06936832030033 -0.165005512014024 0.0288566821769956 -0.0593901423843089
-0.133464583054255 -0.0960485835006306 -0.06734509422951 0.0954651521510784
-0.124746229753759 0.0102806709465457 0.0854836847205046 0.159688542530651
-0.0598113149891832 0.0926712469531421 0.196244282253471 0.0348188747961563
0.00227586342102857 0.0984744363777782 0.12172096220584 -0.113542162848431
0.055184817170735 0.0765141784916815 0.0124092275704008 -0.113987837998115
0.0797110590199455 0.0287030045140383 -0.0297097373551396 -0.057449007684488
0.0742110381233454 0.0178243540987747 -0.0483573940161006 -0.0141095374615062
0.078804166598437 0.0189957077030154 -0.0602902546880645 0.0240598773884211
0.0780606506081134 0.0704787249792208 -0.0954547120355491 0.0422808320856027
0.0203012039296951 0.111459588558278 -0.134881254583834 0.0168792748061261
-0.0416708604378328 0.122485732568251 -0.138147030371212 -0.0733416853268856
-0.144675228184644 0.0473784082280978 -0.0552189461709307 -0.134945356319976
-0.166489528383419 -0.0912303385625854 0.0455473558401267 -0.113811391515394
-0.113061292052431 -0.187985550478511 0.0118743283090637 -0.0357090257632676
-0.0392289425532145 -0.178715981740038 0.0438005702743676 0.0156944892338553
-0.122845505682777 -0.14345397837752 -0.0685444624342416 0.124424475911517
-0.150848414272079 -0.0287360222876622 0.0507517267875688 0.189957070906433
-0.0970345715174375 0.0972067665773572 0.171286454030512 0.0847222840918152
-0.00955603608192202 0.122159147702246 0.13108609212729 -0.0597499263008528
0.0610923922934553 0.0957679666886647 0.0468899854351626 -0.0779338052266466
0.0954637120391621 0.0378608112632183 0.00960949370158313 -0.0400082826065336
0.0890114777618849 0.018110505262846 -0.0139800572643844 -0.00605552298980064
0.0888703613024658 0.015979364287737 -0.0242322141949125 0.0357861139573525
0.0874427834587164 0.0687941688196268 -0.0626065979723095 0.0665411822050658
0.0313010675556247 0.117129827703238 -0.115878658145085 0.0584736334857523
-0.0376901052102236 0.135287117630612 -0.147625291737621 -0.0319368390434721
-0.148439208766804 0.049974828185378 -0.0773570047389094 -0.106024589821714
-0.157881623452663 -0.0955581899250081 0.0409015932930606 -0.0929003470564776
-0.0950811545392156 -0.182166987959844 0.0297645305376062 0.0257559314203825
-0.00327562459063474 -0.156834442081079 0.0508368347538901 0.0926295609860487
-0.0808174483709564 -0.159590146463487 -0.0671575811573841 0.148422926970732
-0.138547039202778 -0.0655884198151603 0.0114227618680765 0.200624558395521
-0.113927166473681 0.0752993685342555 0.127136044179938 0.121615704755252
-0.0217683611146485 0.119444102532119 0.124359315935442 0.000392552874426722
0.0530631526669872 0.0967659685445703 0.0773574469121603 -0.0330525249524193
0.0929703890792718 0.0401078217811088 0.0496106103405559 -0.0197435877242747
0.0890521120206604 0.0160461895217419 0.0208806882936936 0.00214496438084152
0.0874881668133803 0.011493387227181 0.0110080267813672 0.0443826684788562
0.0836707504931264 0.0601709577181622 -0.028842360367242 0.0834052275710949
0.032971912397284 0.109479400033364 -0.0925027301037539 0.0887743356011266
-0.0389310964300202 0.127830810959468 -0.145067889104186 0.00105864556177606
-0.139907560265876 0.0333643321424913 -0.0875876598385266 -0.0787496036610061
-0.12514966037371 -0.099387733078682 0.0383213017218365 -0.0720617480855482
-0.056282862079696 -0.156634998090351 0.0411462375384913 0.0775230527943811
0.0286862271732014 -0.104346843134879 0.0484267137083478 0.156219919722947
-0.0281292222798198 -0.135772239608524 -0.0650332291051224 0.163386546450012
-0.0967423244030045 -0.07834491430736 -0.0217448463037517 0.1941941168138
-0.0996715535042236 0.0444793914924384 0.0797749869060686 0.139409706650574
-0.0239705130787897 0.0929195624907093 0.108835618526651 0.0505847849623992
0.0378649693988278 0.0768455236916881 0.100807527269079 0.00773706200858141
0.0748329202970836 0.0332382604482919 0.0829244049557632 -0.00227673501625731
0.0745319355046316 0.0113759353667765 0.051826206696348 0.00877795986895744
0.0744061231417761 0.00767973336355591 0.0415932991545814 0.0514825673385999
0.0693627076478485 0.0475082642254297 0.000710192560035331 0.0956350468754413
0.0277351932648286 0.0924769018346394 -0.072894146362675 0.110692381736453
-0.0439586985532703 0.106821224535775 -0.139849961196569 0.0254298445964787
-0.120665301105201 0.00666029897093585 -0.0916967683633711 -0.0574430039795755
-0.0777782557736969 -0.0984923178175587 0.032771595509052 -0.0538020693340381
-0.00549698317500837 -0.11523287802637 0.0395236799619215 0.116889061864834
0.053941518643592 -0.0309858145534525 0.0453188655708564 0.192076321232368
0.0211123978157651 -0.0795059808481499 -0.0582907303914466 0.162984036469161
-0.0428477077831038 -0.0622224129721916 -0.0404474236582692 0.182951017289478
-0.0593750667412489 0.0176296553898123 0.0488504109604495 0.144572841673991
-0.0137217216286463 0.0510306718327162 0.0996502644798877 0.0807125921772477
0.0197211035976105 0.0419848951245362 0.116992305866682 0.0318792752443091
0.0439315484653095 0.01865352620488 0.104357631774933 0.00790869616947638
0.0483874047798879 0.00595328169130618 0.0739302492814137 0.0124435245061652
0.0507107110212535 0.00419851925024758 0.0635140251580812 0.0548759569315246
0.0486151223351451 0.0320347700504378 0.0216236686654386 0.105707542307988
0.0202083383690479 0.0675489562503507 -0.0601953450993302 0.127480155941941
-0.0446924744478731 0.076423287563359 -0.139012249850344 0.0426335258125136
-0.0905739569011407 -0.0200005150304145 -0.0969576550840071 -0.0459016285710492
-0.0234901746734003 -0.0848960788104433 0.0238074496903976 -0.0427412091949172
0.0457550795464831 -0.0593501395716806 0.0259332944076304 0.138396869915913
-0.0642244637726201 -0.00286607691283996 -0.0418231214905751 -0.157524694374662
-0.00802742048411049 0.0569885193909071 -0.0618919799170639 0.0429274589848484
0.0423049402842688 0.019830688755954 0.103788915153782 0.0689590184850527
0.0225235962853616 -0.0368232791797481 0.164789810689476 -0.0512568613174664
-0.0177580595314746 -0.0269901459489878 0.0703032729080708 -0.156373622628182
-0.0204538808771065 -0.00808345411576048 -0.0457187629783156 -0.138025487969044
-0.0221851627224149 -0.0014441044782375 -0.0885844862036265 -0.0710433588726553
-0.0174738142692595 0.00513166004521765 -0.0970965056286994 -0.0224528250619595
-0.00850368780734936 -0.00430357673800042 -0.116049147979177 -0.00583902211985204
0.00267872222675691 -0.00616113897072359 -0.128280052871025 -0.0298401797456038
0.00251916094402054 -0.00418850790988443 -0.111778860887265 -0.0870260316065499
0.0167708963455423 0.00494075894628757 -0.0482681185478828 -0.142170554569603
-0.0115552772340601 0.0359018253710488 0.0386598450781866 -0.172940819950311
-0.0675323537588531 0.0189352670316631 0.0805875027632701 -0.173488778404855
-0.0719255681279624 -0.0466762928393888 -0.019701194924522 -0.193084630779546
-0.0844313444815508 -0.0643997433381456 -0.0196515625406886 -0.150532156210314
-0.0637767810154546 0.0190196841093139 -0.062530989779557 0.0522036743596341
-0.010114155543862 0.0328572620947158 0.110663112376117 0.0861001813058049
0.00742237022955788 0.0106307070671816 0.182643055826674 -0.0434529205529913
-0.00549481630094466 0.0129470061256168 0.0802795858788738 -0.16111448535465
0.00856429221790641 0.0171935996230099 -0.0397266882848929 -0.14117227852731
0.0144900629178491 0.00579595942794723 -0.0832148763140948 -0.0722380156197971
0.017343923197348 0.0110403796755488 -0.0933114603875127 -0.0223612387322762
0.0265659916610959 0.00977474837292198 -0.110228845920962 0.00185694383319586
0.0296175617406884 0.0339170144391218 -0.130708350331403 -0.0120884793017028
-0.00402912240705049 0.0477792618359836 -0.129437643147279 -0.0677982614998135
-0.0250463012460718 0.0435481264783484 -0.0768161330822938 -0.135324544582899
-0.0726448570500057 0.0223401431005366 0.0154502871365397 -0.169453580305763
-0.110331965681817 -0.0433844264378345 0.0665893783003715 -0.1558337889343
-0.0933907928627521 -0.118513072386646 -0.0155211036359085 -0.155444844860863
-0.086700458504793 -0.122610276570624 0.00576575628126277 -0.117977189337707
-0.110597470633291 -0.0342921712993 -0.0655889925625788 0.0722423738627887
-0.070544017703599 0.0315443782381863 0.107281121152631 0.121000667015612
-0.0198857772374159 0.0581843518637942 0.198748200765437 -0.014664437724743
0.00314542016698204 0.0574611039073693 0.0993106870824185 -0.149566184337529
0.0362851632241175 0.0467946873100369 -0.0203403447354289 -0.134838596665886
0.0501758867549779 0.0160331109930775 -0.0636403707526639 -0.0682205295497202
0.0492109512670014 0.0158349894973419 -0.0763811096598617 -0.0191232683023161
0.0565551878235431 0.0176831665070158 -0.0908106047591954 0.0139280679272549
0.0573392732515861 0.0600714542601449 -0.120228359764201 0.0172009220999902
0.00533331605414466 0.0894026212209719 -0.140856664931838 -0.0273895861973723
-0.0424967237113697 0.0881600913883456 -0.115164051969986 -0.110648827594306
-0.119159927779235 0.0324178983540263 -0.0218378096742118 -0.159243735522094
-0.14830467339273 -0.0776189658851271 0.0534064947789191 -0.135978807412697
-0.110469545797372 -0.165723037280532 -0.00516345983166156 -0.0999934668498578
-0.0709144202477809 -0.164979593129879 0.0281311928428544 -0.0598389506193735
-0.134827584507786 -0.0938467340208562 -0.068706505680707 0.0991503005555372
-0.124352873426234 0.0105541226592877 0.087948504905054 0.160953267738806
-0.0584269859223197 0.092149699717873 0.198928048925988 0.0317785715969848
0.00336557417973923 0.0988830213890537 0.119420263569891 -0.115414171740203
0.0562183831709996 0.0758486980496408 0.0109784826043437 -0.114289092868752
0.0798392238592377 0.0275045254860811 -0.0311926054093779 -0.0572907781310726
0.0744876577710178 0.0178314538409311 -0.049003386284939 -0.0128089812980123
0.0783822684302143 0.0184141356439682 -0.0607210826417111 0.0257237503963616
0.079343808530285 0.0694654710781277 -0.0958341431739642 0.0467968602038427
0.0219628849246812 0.112648559960522 -0.13599545662557 0.0207722144074664
-0.0404068003510697 0.122505843249033 -0.142453322003839 -0.0705179889602452
-0.144194402802088 0.0489648260490049 -0.0575690497756433 -0.136914793651928
-0.167548868321876 -0.0891231254408023 0.0438954449250546 -0.116720834931141
-0.114589042917756 -0.18521485650822 0.0118637433773561 -0.0371695469871795
-0.0404850185666949 -0.179565247129844 0.0435921527748653 0.0153954107562353
-0.125628174676104 -0.142351022666475 -0.0697162925933169 0.127915322762543
-0.151303405490549 -0.0282529447968063 0.0541792487282533 0.191467964482073
-0.0961986328961722 0.0977407540717235 0.174715101398757 0.0826696777069034
-0.0079063455634815 0.122598230695762 0.130291931168478 -0.0610500067962943
0.062185233808157 0.0945402613407355 0.0463740053462741 -0.0781884888447389
0.0956561371124278 0.0365129767312896 0.00943395257485855 -0.0409281900561498
0.0891419706174083 0.0175410191527434 -0.0149584911682148 -0.00479199184099815
0.0887782584675348 0.0148914657827093 -0.0243671770205096 0.0371974801490346
0.0886837425703448 0.0667609102392258 -0.0625738863414441 0.0703402269358831
0.033816200954984 0.117453160433835 -0.116453131647482 0.0626242956454154
-0.0352274352059872 0.135326801447077 -0.15170501195127 -0.0284892362364155
-0.147945250417792 0.0521281024891409 -0.0796878278511421 -0.106230441143154
-0.158944880639586 -0.0932917537860835 0.0397432538120731 -0.0958263596738544
-0.0958868467594785 -0.180618408483317 0.0302940669703276 0.0235336887483255
-0.00422409591297379 -0.157829145810754 0.0502409786761058 0.0924393385251797
-0.0834732277111678 -0.159621990795295 -0.0685726443743739 0.152020403889892
-0.140181366440502 -0.06502990639458 0.0138153946734184 0.20304822929436
-0.113618756804987 0.0765849768526866 0.130144883063692 0.120558121009814
-0.0201777455256802 0.119655577650172 0.124428382131532 -0.000601806245696337
0.054579053889022 0.0957519240031466 0.0778927827293762 -0.0344189334152403
0.0936177763718086 0.0380052749784976 0.0491566785632743 -0.0213266727397653
0.0889742601989721 0.0149592323775815 0.0200558818020926 0.0028184481335789
0.0865773859127637 0.00993086813903438 0.0121361178765341 0.0454061067001491
0.0843648427686153 0.0576925263454933 -0.0279728405400513 0.0865953589649131
0.0352728598407321 0.109249396597027 -0.0923577475864439 0.0930439184172633
-0.0358792107428327 0.128026311693408 -0.148185892317498 0.00551801481123646
-0.139741930976524 0.0355432795582021 -0.0893103014402899 -0.078020758958654
-0.126291651484655 -0.0978646540203144 0.0370661301892963 -0.0747605352753833
-0.0568300819139956 -0.156096216516223 0.0418691074632105 0.0751555625958085
0.0291655723364592 -0.10536010061035 0.0486700231008981 0.155881591168056
-0.0296271729807444 -0.136390268701147 -0.0659755891636256 0.165568550471435
-0.0995571957436898 -0.0786570150845079 -0.0199391582276086 0.197095673782657
-0.0995856513070112 0.0459433559280646 0.0824412796408188 0.13915619694605
-0.0227066360766951 0.0934836991754624 0.109642565026536 0.0503406920120209
0.0391023241628388 0.0761823294439885 0.102055991747384 0.00606631436730682
0.074847487995518 0.0309008037285601 0.0831107088830617 -0.00459355449573401
0.0749445897242115 0.0105007717766895 0.0514676271114428 0.00888963279897645
0.073550629987534 0.00602511013725302 0.042108130241685 0.0514127901821866
0.069960399537241 0.0459682008811765 0.00171797594839177 0.0979816682696497
0.0298238978414305 0.0918856891698414 -0.0714831027598461 0.114613245476468
-0.0413513721246624 0.107831106624912 -0.142334108783616 0.0298336752080692
-0.121456255332236 0.00866900196059794 -0.0933360448674714 -0.0564500183301421
-0.0790149641421993 -0.0975956741207591 0.0315144534003932 -0.0565589082018506
-0.00531327399395399 -0.115940037516667 0.041118328299506 0.114825798379887
0.0541096818585733 -0.0329847825687343 0.0457952963896923 0.191314388020072
0.0198631706969661 -0.0810265481820698 -0.0596157800007139 0.166412552986575
-0.04479015212217 -0.0624264061965533 -0.0382890754761162 0.18595083368022
-0.0594985365918064 0.0187239092627573 0.0507528043146096 0.145025752654282
-0.0125470764009492 0.0508973657553524 0.101059127320779 0.0805399723034517
0.0204425766095395 0.0412723865473794 0.119155455562915 0.0294104433874094
0.0441158271817384 0.0175177214179566 0.104604917342762 0.00529123264199473
0.0480496697471685 0.00448129890901748 0.07312185280561 0.012116815458777
0.0500719206307041 0.00246188188186563 0.0635872245374597 0.0551599219097684
0.0492567510519528 0.0307694715277592 0.0230655609842149 0.107285695454593
0.0223995743058223 0.0673962782277968 -0.0588475079901283 0.130614916152502
-0.042205392700273 0.0771426622566117 -0.140845573646503 0.0469352200876133
-0.0915822730535226 -0.0179327649028744 -0.0986438682917195 -0.0448881556314425
-0.0245991852825888 -0.0846229752706926 0.0221985310346658 -0.0456096398518087
0.0458569862949387 -0.0611469216303187 0.0281597235706931 0.136570123238403
-0.0653720503789154 -0.00174135142085052 -0.0424559259252602 -0.158627959308878
-0.00661035529377534 0.0581547575988429 -0.0636007476089531 0.045789762512073
0.0428203420466309 0.0197860629499775 0.105925263685921 0.0698543274477014
0.0218527632342131 -0.0377923682977589 0.166915086385803 -0.0534397381587384
-0.0179564223506681 -0.0264286554518575 0.0712064597687605 -0.158670553200793
-0.0211828495898404 -0.00695671108211837 -0.046367446304195 -0.138566485511283
-0.0224526198221862 -0.000336489695011908 -0.0893370182797594 -0.070512887696559
-0.0163729187820866 0.00644238481138714 -0.0976547198592357 -0.0227048246302907
-0.0092313503427024 -0.00331460726585625 -0.116210355660175 -0.00403689997594453
0.00193198397211739 -0.00550830792022295 -0.1288794590124 -0.0280112261459434
0.00176572851491464 -0.0042597698817953 -0.113623648282085 -0.08680524647027
0.0162103627994322 0.00429337530959214 -0.0484328221763984 -0.143333722573438
-0.0113619465215739 0.0357407296667393 0.0400259070715102 -0.175812510840824
-0.0666363377774191 0.0201203223699804 0.0827648322971992 -0.176017822667003
-0.0712593768639931 -0.0460785896803428 -0.0182362109107031 -0.192927920971897
-0.0847410364605105 -0.0646477105367882 -0.0197233247942137 -0.151481054360954
-0.0628090566327636 0.0196391190477744 -0.0635516188759451 0.055298254241683
-0.00956375875076933 0.0326199197990391 0.112328757324661 0.0873195244581137
0.00738849688475683 0.00952230289262594 0.184058657294617 -0.0455860149410767
-0.00544503167340655 0.0132015493882612 0.0803400079346301 -0.163350535071652
0.00864307291973377 0.0182787109008387 -0.040276143783171 -0.14172327006116
0.0139317149046618 0.00673293119704993 -0.0841595003362978 -0.0714631403705774
0.0179238872907687 0.0124789025001134 -0.0943576182524383 -0.021942099104484
0.0265044737910622 0.0108416622627496 -0.11101364737795 0.00346514755799412
0.0290747611878729 0.0343374454259365 -0.131884995158677 -0.00969285667153265
-0.00448436327432077 0.0489167381735281 -0.131351473150155 -0.0671026507655615
-0.0256802855366388 0.0427649646478996 -0.0783180419336347 -0.136890717773734
-0.0726994270333012 0.0221402572240522 0.0161624083962582 -0.172596531471218
-0.11008426720333 -0.0426673799967181 0.0683594213090072 -0.158086234442915
-0.0916710483664448 -0.117928757394455 -0.0148125178526153 -0.155938422221126
-0.0868383365178405 -0.123260034851644 0.00564254685122857 -0.118244875877341
-0.110492349731478 -0.0334752216624148 -0.0667337962780413 0.0756030093190784
-0.0698103979004658 0.031505494136463 0.108814630936431 0.121875573500497
-0.0204445604372659 0.0579242232068829 0.200807788449786 -0.0164415883910103
0.00323277133004748 0.0577314081601066 0.0998102581722361 -0.151119134046898
0.0363671748998618 0.0474958603533764 -0.0206362532384939 -0.135507683120688
0.0504565812310935 0.0165904937735879 -0.0640763956248717 -0.0679735319790866
0.050061974695153 0.0172612710488568 -0.077421371520334 -0.0182711507023489
0.0563352582425885 0.0183868541882146 -0.0914170546443467 0.0155980822308549
0.0575229352440765 0.0595002975717115 -0.121005791222825 0.0198535682199566
0.00515913543048699 0.0908840705424682 -0.143105897950151 -0.0255211813190141
-0.0424220154219216 0.0878258241362271 -0.117397702178707 -0.110165600324335
-0.119592466182619 0.0318757263492955 -0.0220758086059406 -0.162083462769189
-0.148388566724833 -0.0771983190408858 0.0544056904746657 -0.138527857777922
-0.109293835613846 -0.165999738824772 -0.00454973832542757 -0.100949591964444
-0.0704038641549046 -0.166583013151712 0.0277138390866065 -0.0603769534588903
-0.135254926799952 -0.0934824241032342 -0.0706663456670628 0.102537363765873
-0.124589914732357 0.00977592579826916 0.0896281605494343 0.163167463210199
-0.0587825182726152 0.0915589826111869 0.201186569917259 0.0307855307691669
0.00342095335109964 0.0987864282561674 0.119920740438942 -0.116280819115066
0.0566893723517127 0.0757791529813562 0.0107818764709887 -0.114692856132845
0.0794585074486641 0.0275267119527859 -0.0314318286694414 -0.0575843205107866
0.0750414746224126 0.0184219991646498 -0.0491706737230271 -0.0118060919124841
0.0775696616513078 0.0188679141144153 -0.0608596925617461 0.0275512757061372
0.0794715336835299 0.0690751655508046 -0.0963919160037305 0.0500287161652571
0.0225835390337321 0.113988774580069 -0.137847752497765 0.0232408642603891
-0.0395657860289266 0.122442974289925 -0.145514272975241 -0.0690035584355106
-0.144643888407714 0.0492420264541727 -0.0579221006266827 -0.138882067495818
-0.168529801091272 -0.0893134640543184 0.0450884685315264 -0.118719035554875
-0.112959066178107 -0.185273752528937 0.0118166340655544 -0.0387592668023351
-0.0395926475862581 -0.180467903341085 0.0427680016154894 0.0150751617915363
-0.125751095401459 -0.142479976138226 -0.0720677553061688 0.130899444140821
-0.152410418549719 -0.0292229506426613 0.0547882554938212 0.193771905478203
-0.096215140002697 0.0973263332458689 0.176563495089028 0.0829536981436795
-0.00777712486297538 0.122495930498298 0.130133669149812 -0.0603122770115075
0.0626528488153173 0.0946777622848938 0.0473290657384552 -0.0789663449693919
0.0948214406340435 0.0357828504667515 0.00900120892136185 -0.041481367383898
0.0891356704149995 0.0179013536414904 -0.0153852109123323 -0.00375379927433908
0.0875603328318785 0.0148857861971012 -0.0245007622948774 0.0382785778944426
0.0886793428542064 0.0671083736815835 -0.0629436241996103 0.0736865127241205
0.0345318280194486 0.118487891812267 -0.117925201023972 0.0657566616325284
-0.0340779400670499 0.135343791346176 -0.154773171865288 -0.0261663558976894
-0.148542955917639 0.0521494798281876 -0.0811277692515529 -0.108156526712218
-0.160004114846346 -0.0938186855415765 0.0404026440217799 -0.0977945349394003
-0.0948080861397918 -0.180826375317604 0.0303222776438001 0.0222829547112616
-0.00293052067217037 -0.15989802771851 0.0491555787049975 0.0920775846193373
-0.0840338893964342 -0.160293972173554 -0.0716601932564089 0.154213143248294
-0.141768428699399 -0.0664938084860622 0.0142018954709338 0.204866379797666
-0.114202524715849 0.0764389957069478 0.131394141577255 0.121044186769485
-0.0200222989426206 0.120394864452999 0.124871325815708 0.00044988873812505
0.0546662437920215 0.0956507752767591 0.0794953627865511 -0.0349913474166156
0.0932970734039867 0.0376504656510455 0.0492712598635567 -0.0221164775516006
0.0893815101450236 0.0145609966758662 0.0198725700289182 0.00378125944843203
0.0857940713544933 0.00984544080178739 0.0116321416689176 0.0465587437177609
0.0846206847312061 0.057551617723357 -0.0281196381604563 0.0891453728424725
0.0362839783806896 0.109858676454173 -0.0927060927634626 0.0958532960292191
-0.0350237942146631 0.127551955060316 -0.150635410948827 0.00827359226159635
-0.140101904793704 0.0360690827311446 -0.0904745604314204 -0.0788818569597792
-0.126703203467181 -0.0977746684357503 0.0365683124409953 -0.0768113270695033
-0.055141417823816 -0.156349479563968 0.0419254521748304 0.0742161711895429
0.0299106789797702 -0.106650813122906 0.0474963550469849 0.155824185155667
-0.0306206391327188 -0.137329459669074 -0.0696382537576999 0.168203895669864
-0.101143185459218 -0.079292068366842 -0.0194148824540373 0.199901796541326
-0.100144334955325 0.0466654568400623 0.0827925794424162 0.139765615032331
-0.0218941472126658 0.0939705681047152 0.109966408959036 0.0513908833820379
0.0395337848677693 0.0761524331558519 0.103635164587139 0.00502370900795573
0.0745471537020809 0.0306128718280349 0.0833623173519874 -0.00569265689889218
0.0754157163374356 0.00998639411152449 0.0515772618361547 0.00967575672335024
0.072415597827258 0.00537873757883943 0.0425272554450399 0.0520590783499743
0.0708257423454459 0.0450784126214277 0.00203992841370339 0.10042903363213
0.0312390156306202 0.0922636190617426 -0.0721616552082237 0.117290597348423
-0.0395479662704159 0.106883503629931 -0.144574918034863 0.0326628211059652
-0.122284350695397 0.00939598667829916 -0.0945350578585381 -0.0569909121747647
-0.0794440879143692 -0.0986097095684001 0.0308750850001584 -0.0580439637249697
-0.00426287328986326 -0.116872258069105 0.0415038109843882 0.113040837533783
0.0550984136281057 -0.0334836737450756 0.0439562718449543 0.191556128057237
0.0195384990089845 -0.0819505370731844 -0.0628430427436164 0.168480352338448
-0.0466909454762603 -0.062922852161744 -0.0387637355183897 0.189072273876934
-0.0597205623326506 0.019437881444384 0.0507150085879671 0.146557460228851
-0.0118494842945962 0.0511135312348682 0.101423572548108 0.0813306570800754
0.0205434680267641 0.0409521389200438 0.120843308818348 0.0283892370512775
0.0440816461073669 0.0171318140420339 0.105528183958896 0.00342459919472616
0.0488390156695439 0.00371968817222984 0.0732000362570267 0.0125473626517801
0.0496994022645189 0.00173221223876071 0.0635429108808949 0.0562603197005184
0.0495259208201122 0.0303456312072884 0.0233480580534415 0.109306195691137
0.0228541688789209 0.0668075134391616 -0.0588992244212436 0.132991597559894
-0.0409617186563051 0.077497855297548 -0.142396075297846 0.0502686528514576
-0.0925066990503169 -0.0175210736043704 -0.0998013785461674 -0.0452285573256241
-0.0248862589016249 -0.0862686785563038 0.0215191483824702 -0.0467945532471027
0.0465478108735629 -0.0626234764866202 0.0285204730504618 0.135558960888013
-0.0670343099616345 -0.00178422307944081 -0.0418458387223412 -0.162002077585992
-0.00579089042002895 0.0588261410844041 -0.0656772832381422 0.0483992932807022
0.0435202665582442 0.020032388114591 0.107715592979487 0.0727589670756503
0.0215121164478931 -0.0389338426065635 0.17167536650368 -0.0540513398248793
-0.0184010681160151 -0.0263837895134739 0.074984633197202 -0.163266552182572
-0.0213825556101491 -0.0064083490607056 -0.0456254725389108 -0.141343400623303
-0.0223704143136649 0.000646143443352094 -0.0903602197742121 -0.071552976426935
-0.0161964929731536 0.00740922651968616 -0.0986236854233626 -0.0234423498241983
-0.00940962900431282 -0.00188577180195507 -0.118499035757114 -0.00437730887152722
0.00129780929004012 -0.00537013253078593 -0.130988108548446 -0.0287935787358668
0.00140775497296434 -0.00410788473965337 -0.115023009962687 -0.0892066955400065
0.015966094566604 0.00320319178937331 -0.0474299886504042 -0.146494322200888
-0.011970952775049 0.0361205922255117 0.0439697645110954 -0.180641464716066
-0.066384355539081 0.0207501964713088 0.0882727148493708 -0.178983193419014
-0.070898212046467 -0.0474729440137217 -0.0143173776784742 -0.195110797681038
-0.0853393977366731 -0.0657984149149631 -0.0187882281507405 -0.15475318300071
-0.0624122716844397 0.0202034489813993 -0.0661881196034018 0.0574035070003656
-0.00902713161736938 0.0321270195456742 0.11457738001964 0.0907013527118694
0.00659748965109853 0.00898176314339669 0.188960546800145 -0.0457050832000305
-0.00615131760749755 0.0138387119973665 0.0844279716662589 -0.166607345895527
0.00854552914865554 0.0192280720311164 -0.0396704009735896 -0.144562765651884
0.0142074757136105 0.00781603830686942 -0.0850146506025472 -0.0731228606156004
0.018924535554101 0.0139098452127072 -0.0957850408033908 -0.0228628527033494
0.0265308434022455 0.0124667080210027 -0.113172779263224 0.00366382983121336
0.0289408926882447 0.0352329363124278 -0.133696640477425 -0.00928830328244832
-0.00531718881259864 0.0503015211387555 -0.134223381943311 -0.0690448440793701
-0.0266484934912097 0.0427014718764978 -0.0787801664130376 -0.139725050479352
-0.0739440950884009 0.0207310196873911 0.0193065382463697 -0.177774241889114
-0.110326422510286 -0.0441533456284331 0.0724647550528734 -0.161255728176773
-0.090577224846119 -0.120693412948052 -0.0115354315750867 -0.158619635853069
-0.0865215832959365 -0.126092648285304 0.00647746559380303 -0.120548777597883
-0.11063207377206 -0.0343913216910497 -0.0699924706798846 0.0784174249582233
-0.0703847206277753 0.0300822703132141 0.110142743586691 0.126431413193815
-0.0213352254837954 0.0566878950181207 0.205608197233923 -0.016420484081833
0.00209632377401341 0.0592185248627606 0.103657888595407 -0.152896377687376
0.0364173029262824 0.0491299447960904 -0.0192059629392307 -0.137888189778853
0.050480652332408 0.0180017913082437 -0.0647518813684887 -0.069625290747167
0.0510785734014802 0.0185686748957595 -0.0786629200777499 -0.0184396544305283
0.0569508799370979 0.0205569552847273 -0.0931968557284404 0.0158031877392774
0.0572859322683961 0.0614284310290285 -0.123425044812635 0.0218254021335355
0.0049880786111247 0.0926907809693212 -0.146880616836276 -0.0260677440492922
-0.0441196383534216 0.0879373041087434 -0.120162482834795 -0.112840446322696
-0.122130641013884 0.0309340579695376 -0.0202004230765411 -0.16738810672646
-0.149519709934519 -0.0798357255046617 0.0581019317417564 -0.142294819468444
-0.106384888585267 -0.169329585677825 -0.00309181008393916 -0.102832391658887
-0.0688910563621992 -0.170574504947571 0.028089571101774 -0.061039939301582
-0.135786679849643 -0.0961467668410449 -0.0747682585992061 0.10616275326102
-0.1262571535743 0.00744072030470253 0.0894978409038341 0.167672005177173
-0.0606237418132111 0.0913964005912563 0.205128408182864 0.032265743926125
0.00168939082246525 0.100448298350314 0.123978723236395 -0.116820951757827
0.0568026051797481 0.0773271307053293 0.0127782247195266 -0.116566680690306
0.0797798832429344 0.0286794798755329 -0.0313055107761594 -0.0590967017034009
0.0762136839803453 0.0203573719471815 -0.0501534490745312 -0.0114131037982407
0.077983114705999 0.0207196059910272 -0.0628444237890593 0.0291592916726015
0.079598677303765 0.0707135474342468 -0.0983966982652384 0.0530584665458394
0.0222294296813689 0.116677513992254 -0.141576407553222 0.0241665881373467
-0.041363509160224 0.122764806070051 -0.149163271124245 -0.0701648180431891
-0.147842449405867 0.0477136085097228 -0.0572566555633876 -0.143604901099715
-0.169482353063696 -0.092290100057505 0.0475425347133634 -0.122273642760064
-0.109498709833056 -0.189517504108321 0.0131372254444144 -0.0405539879842234
-0.0370438039735517 -0.184576132058793 0.0422868988092201 0.0155928583942124
-0.125794218535072 -0.146035527415618 -0.0769606211187443 0.134998698518305
-0.154935402289951 -0.0325503138113814 0.0530611680781591 0.198860443649788
-0.0989929704182359 0.0968024703705788 0.179993066912704 0.0858049144972114
-0.00959564766338628 0.124204900941811 0.133709479191096 -0.0598228833890548
0.0625216089591994 0.0964100234380129 0.0494034526020372 -0.0801102826908284
0.0955677521619332 0.0369113750012256 0.00947854908803638 -0.0425358737014214
0.0904827572742636 0.018816883093074 -0.0159037023995615 -0.00281179629077901
0.0879241741616129 0.0167543821907148 -0.0258875508167536 0.0402228688627485
0.088857545393728 0.0682171746988828 -0.0644721435962369 0.0771850620696792
0.0348140328938578 0.121204678284546 -0.121232293341711 0.0674832246715803
-0.0353468475540906 0.136101936333484 -0.1592097578269 -0.0257518546627636
-0.151381762002465 0.0511232798859007 -0.0812944290710363 -0.111877590390152
-0.161293566494341 -0.0970279325735736 0.0416798285700175 -0.100720462064984
-0.0916109076294574 -0.184245963286067 0.0308579428079884 0.0212978535710741
0.000198476231204894 -0.163161640663608 0.0476225157473514 0.0942493755408588
-0.083794356730837 -0.163842514097914 -0.0768398403771824 0.158181770806501
-0.144057166167503 -0.0702077786194468 0.0117224130200579 0.210705129938045
-0.117100030916281 0.0756975076856102 0.132681557252654 0.124488717527977
-0.0217233211082745 0.121560133183198 0.12704305788441 0.00276614049221911
0.0545054878580004 0.0972723989702217 0.0823322227739194 -0.035549434633527
0.0935992674516239 0.0385764928548068 0.0502543003804181 -0.0233250303695994
0.0904817768572024 0.0150018693652585 0.0195825640962434 0.00535902640959772
0.0860996195757493 0.01059850093761 0.0106944886850689 0.0487232220794747
0.0847742796239835 0.0590870530549 -0.0291438439161434 0.0932988426429689
0.0368763234453272 0.111582223090248 -0.0957190231915332 0.0987188026231369
-0.0359664332807893 0.128631135382887 -0.155365451795972 0.00952712153708593
-0.143278135896021 0.0350866816432701 -0.0914054737200966 -0.0817211989164025
-0.128007062798186 -0.101284165104664 0.0377588558131163 -0.0792656585266318
-0.0522331329101438 -0.160224918224817 0.0415502770862979 0.0739559552508481
0.0327465780105028 -0.109319160526271 0.044608820516427 0.158510059856666
-0.0294760994030575 -0.140510160008279 -0.075846115335866 0.17189781970781
-0.103152069997514 -0.082080044387569 -0.0226723983370107 0.204356955541083
-0.102504639108665 0.0463366543840961 0.0820217970274625 0.143627856451757
-0.0230043959860627 0.0947834114801191 0.111226259746346 0.0544022682104903
0.0394191209008829 0.0779213884439786 0.106384986209124 0.0049150062059091
0.0749318579022003 0.0313964485972301 0.0847057020723398 -0.00615030585472986
0.0763379014423353 0.0102295526790521 0.0514214919579292 0.0111792685001439
0.0728170622921824 0.00615818766851624 0.0420895643614263 0.0544116960599402
0.0704715190573843 0.0463660177379052 0.00111277949581461 0.104649305840344
0.0314980959795303 0.0935711657991083 -0.0743405355104415 0.120082644551335
-0.0400780537453854 0.107997004087801 -0.149120161376073 0.0345985718691366
-0.124617734184136 0.00879200907557556 -0.0958076190394625 -0.0591368449157211
-0.0797995942501566 -0.101270197930796 0.0309930848146205 -0.0604473431453447
-0.00157193832262478 -0.11979959081987 0.0409755929264319 0.113535707698794
0.057433663224082 -0.0347201740314744 0.039745426363259 0.194814827171175
0.0201425313384178 -0.083584550021335 -0.068310312577703 0.17167919625505
-0.0479702696731577 -0.0636705575899983 -0.042054681358193 0.193831570693848
-0.0609110812311659 0.0197021911910774 0.0496347581755789 0.150362171949698
-0.0119781055525303 0.0517806834905265 0.102754954242735 0.0841546260755121
0.0204418631500379 0.0420130406333573 0.124019954154794 0.028087204655343
0.0440927748096834 0.0175894134739938 0.107189185202509 0.00384420671548325
0.049501239794136 0.00387871641015339 0.0739723780556654 0.0144715579432156
0.0494856415044622 0.00192292604671498 0.0636357300832249 0.0582566860355222
0.0498552484550672 0.0306698500587218 0.0227831397419094 0.112329961740958
0.023546938695223 0.0671457744744655 -0.0606932139213623 0.136078527363378
-0.0406846060556672 0.0780727177312518 -0.145935184797061 0.0515099553548795
-0.0942734345397318 -0.0177169102688405 -0.101488854350676 -0.0468605700657687
-0.0247554614816268 -0.0879725295990717 0.0219282373526718 -0.0490709674332938
0.0481822660415888 -0.0642381968962511 0.0279877561688183 0.136117256016165
-0.0703172816524071 -0.00179679016620013 -0.0421345186182638 -0.169398530441507
-0.00502221365464614 0.061253956798215 -0.0692136698666685 0.0521912315126616
0.0459589730767433 0.0207915552043272 0.112464585289364 0.0774656973654841
0.0223070692406556 -0.0404467109842584 0.179556145520287 -0.0557445049238578
-0.0191511878827937 -0.0276827666312576 0.0805503114472933 -0.171017577004759
-0.0216650736237358 -0.00623829918154981 -0.0460010975384935 -0.147798706776378
-0.0226979195308073 0.00159035767777189 -0.0929167819037478 -0.0747366646617922
-0.0158886668956935 0.00859890055509974 -0.102116770050784 -0.0248318841229131
-0.00948494368894306 -0.000873363814156393 -0.122498182803197 -0.00437981706372049
0.000454619889608852 -0.00533913710004791 -0.136251855033537 -0.0302269532983605
0.000506021627863206 -0.00417903343268476 -0.119275250269354 -0.0937159506338368
0.015846383223847 0.00252265045079303 -0.0468226351543697 -0.153747381209801
-0.0122565953114897 0.0370846201147464 0.0487864742767113 -0.189583776486345
-0.0677069379440449 0.0219524985024143 0.0960756115891721 -0.186899829334866
-0.0724633021274017 -0.0504887061675616 -0.00988266010247947 -0.202391954681737
-0.0881798059451831 -0.0689704946258428 -0.0177935658566685 -0.161658712486555
-0.0638831024040023 0.0201467959782894 -0.0698516431103283 0.0619315851943799
-0.00892962732017598 0.0326345952128351 0.118422371416628 0.0964712201574201
0.00659157012824456 0.00838414034484927 0.197695830655626 -0.0467531621976774
-0.00731386480422748 0.0144991894230068 0.09031835071494 -0.173711030323644
0.0083404568333854 0.020182837000461 -0.039631215122534 -0.150669814349241
0.0149091118357469 0.00932762824697792 -0.0874750831030482 -0.0762527177758513
0.0198320239967843 0.0160487376831323 -0.0992924616325023 -0.0236821535408912
0.0273473288684605 0.0141588642627761 -0.117898222012374 0.00439506804947551
0.0291345414669417 0.0377407337601337 -0.139679042608545 -0.00987593188037147
-0.00641514915845112 0.0528387582093705 -0.140478669704454 -0.0721339770251802
-0.0293118493385584 0.0426391755729342 -0.0808027725885834 -0.146221337541105
-0.0765699211245009 0.0203815624955422 0.023086140270776 -0.187401932877977
-0.112795050207629 -0.0467619977845097 0.0792950680415284 -0.16841995571963
-0.0902133561624174 -0.127530568442508 -0.0082442311722983 -0.164639511726569
-0.0874586181589526 -0.132287369503408 0.00799878184355503 -0.125532875884738
-0.113226569845408 -0.0364076132040619 -0.0748163495018985 0.0834558729145906
-0.0731419298412379 0.0295990221112883 0.113144360813739 0.133734529770216
-0.0232113123005064 0.0573619209508531 0.214756083565934 -0.0154353084315787
0.00116813096279745 0.0616787402196534 0.110046493811891 -0.159112192408143
0.0372887584223382 0.0514204930229132 -0.0184006801047063 -0.143460762939127
0.0517285163872194 0.0199262928485383 -0.0664408992004678 -0.0724932947260032
0.0533105508764767 0.0209118755161989 -0.081628916646393 -0.0194067298245891
0.0593116046095649 0.0226015695422996 -0.0975437946190875 0.0176727970153362
0.0583136910271042 0.0652529346731803 -0.128452051783479 0.0232099811862421
0.00375456495243053 0.0971512709500588 -0.153800406338869 -0.0274878481552826
-0.0476764380383119 0.0897269155878774 -0.124418170309481 -0.11771722884319
-0.126918563068452 0.029901174933245 -0.0187013089736557 -0.176827772181044
-0.153210421179383 -0.0847272098862104 0.0628702604237416 -0.149226383986373
-0.105624894834901 -0.177940274847038 -0.000927686112197864 -0.107764644950128
-0.0685323375810265 -0.178385565725874 0.0294733799673089 -0.0635215016803208
-0.139073753662747 -0.100472583361302 -0.0805926687119217 0.112351483973532
-0.131002312434598 0.00491806792082133 0.0914230738980614 0.177225681705538
-0.0638738504519711 0.0924495843417407 0.214726200304873 0.0357221384146787
1.44230237811432E-05 0.104276511525195 0.130690606421594 -0.120356985236571
0.0579535485234034 0.0813627200206095 0.0149997622569251 -0.121665838841896
0.0821202119846845 0.0304042696290357 -0.031966609999864 -0.0620604695170308
0.0790903870571167 0.0223591052577341 -0.0522938706598932 -0.0110987138050204
0.0809557172782654 0.0230431862150996 -0.0659327236501452 0.0310684498193523
0.0813958484760126 0.0751551292165033 -0.102544728083628 0.0567460810219414
0.0225237438574779 0.12222609871159 -0.149111540725108 0.0250895654939674
-0.044878571806815 0.126110147849235 -0.155906353660943 -0.0734551476691449
-0.154049707340712 0.0472037589977031 -0.0581935250523207 -0.152097946938324
-0.174911222583492 -0.0986470566954813 0.0512623798068093 -0.127935344213621
-0.108431889455327 -0.198405144108659 0.0143437270593377 -0.0428506421786883
-0.0346934519177427 -0.193684060764668 0.0428371077234773 0.0166575076297667
-0.128145671525631 -0.152673948280337 -0.0844127717748289 0.141505804895984
-0.160354078321787 -0.0368893072873847 0.0524914703084698 0.20936092115413
-0.104822480960953 0.0987065887381912 0.186534501643671 0.0908558328141042
-0.0117155206155786 0.129236047338271 0.13999038732973 -0.0600216804504219
0.063401740382348 0.101512358770423 0.0528468672569812 -0.0837304433649131
0.0980040771107835 0.0393400111305389 0.0104132687359191 -0.0449023686630088
0.0933043944499874 0.0208981645221206 -0.0161182018496964 -0.00139344053055236
0.0907946332488023 0.0185205212910254 -0.0282072631990507 0.0428706777340174
0.0910106006352487 0.0719927423832334 -0.0673806514903588 0.082563396594974
0.0351876680195803 0.12633434082507 -0.127706289007794 0.0712854649066128
-0.0380600176132591 0.139763503667643 -0.167065095266412 -0.0264289692868216
-0.158571080263274 0.0516185839408436 -0.0829947085775959 -0.119068097702156
-0.16620203350168 -0.103135882790982 0.0449668186020772 -0.105531517789538
-0.0902754189811046 -0.193164728965809 0.0318081233285534 0.021135169111538
0.00376185816167681 -0.170632699972935 0.0465383332100479 0.0980655448008549
-0.0846790579772389 -0.171533319686967 -0.0849976329714264 0.165968205982864
-0.149708486861349 -0.0756576696194103 0.00895294147570056 0.22082202155106
-0.12348864008065 0.0771307111003818 0.136817211880528 0.130984342861077
-0.0243128913008926 0.126422381657542 0.132125286146187 0.00518970263913641
0.0552027089637152 0.101917413804824 0.0865207461373798 -0.0370380692802706
0.0959219172041087 0.0408417669043556 0.0525916967441155 -0.0244748620664596
0.093518741864044 0.0164140902726239 0.020725975599197 0.00664892389320291
0.088405745758843 0.0121675322871913 0.0100342666031046 0.0518761184713963
0.0867997137972629 0.061789283615124 -0.031005627570732 0.0993569676187243
0.0373684851186459 0.116120085749201 -0.101063297666103 0.103414057616717
-0.0382296960753892 0.131921219537218 -0.163386280258638 0.010676821260927
-0.149143579730465 0.0346200224825148 -0.0946371400739767 -0.0874404708494069
-0.13122374163032 -0.107308220143478 0.0396750798066455 -0.0838570573608984
-0.0505192433360721 -0.167435919820037 0.0422355027169138 0.075312797460216
0.0363382168957642 -0.114279582528525 0.0413366059359023 0.165543419916496
-0.02897236621163 -0.146853871495718 -0.0834031648234983 0.180062780769256
-0.107124743207421 -0.0871723526912345 -0.0273728056266152 0.214536472190189
-0.107564603929482 0.0466996881550183 0.0829212350802701 0.150690129112011
-0.0248158386490776 0.0984681699000618 0.115196035651417 0.0589014191031659
0.0397191751913934 0.0815660073969352 0.111545972372665 0.00470891675436343
0.077357923608021 0.0332992894760737 0.0882655208931094 -0.0066690666212653
0.0785484549225974 0.0105150389097519 0.0538457460498781 0.0134677953371622
0.0750793672179421 0.00688683203162034 0.0426140245254898 0.058053889398838
0.0725831020260091 0.0486871444420015 0.000444954834817327 0.110557462513775
0.0317320636291507 0.0965361444281903 -0.0792999473748785 0.125734449055126
-0.0421879722276985 0.110723046369328 -0.156053547796578 0.0365417717271515
-0.12990943677286 0.00834163735140419 -0.099344819008609 -0.0634250064882074
-0.0817580794382868 -0.107016092814472 0.0323114549279033 -0.063813477704213
0.000812001677906548 -0.124892492715148 0.0409105894538394 0.116682749186665
0.0606030938315099 -0.0363560820197011 0.0357677580671584 0.202780640950551
0.0218477790039221 -0.0870274924794253 -0.0763989793370182 0.179525334199386
-0.0503680125659482 -0.0662549360857164 -0.0465717831877244 0.202835657625127
-0.0633552642641489 0.0204304763991807 0.0489425150926837 0.157578487465602
-0.0124724421450516 0.0541438346755286 0.105913456852838 0.089653659041636
0.0206912573958919 0.0437329696120616 0.129040074658654 0.0289495163396419
0.0458173302633796 0.0182175545072678 0.111457006212155 0.00338379540098711
0.0513873053581099 0.00369635223055282 0.0765540232923269 0.0164419916600538
0.0508942742906376 0.00229694671602255 0.0653637333415249 0.0623228549523442
0.0513165259799852 0.0320531178969712 0.0223079221334844 0.118451725362265
0.0242368042221403 0.0691049603944624 -0.0648161992839337 0.142503534621196
-0.0424873237570485 0.0798706899883344 -0.153043036905899 0.0544860027102824
-0.0983791445923974 -0.01854136601537 -0.104857147672594 -0.0505361182239861
-0.0244926777563602 -0.0929605234243233 0.0221830593941805 -0.0525797285680534
0.0516939382447419 -0.0671374813931841 0.0268058119659547 0.140179033405092
-0.0625473301553207 0.03987990745355 -0.142798699893911 -0.110771336128927
0.0328904381418198 0.0537754026568881 -0.0223517630805745 0.0917981637701902
0.0520737954125538 -0.0109657332503637 0.147298752910056 -0.00559566863854002
-0.00645659130602764 -0.0477851865843454 0.116770598200536 -0.16525305011483
-0.0336987362083373 -0.0108701018774912 -0.0422110346458407 -0.197007417970045
-0.0219958952122568 0.00928195127896865 -0.133817711125775 -0.0965709542418484
-0.0170186360152534 0.016987188639143 -0.126457394760179 -0.00354961809667969
-0.00669363201652729 0.0179540689849056 -0.102373588703045 0.0435917425636588
-0.00817433779092767 0.00729976232192261 -0.105094891703698 0.0757956965948451
-0.00315150460189794 -0.00321057469946048 -0.135741492788078 0.0612306799691369
-0.00390453348705682 -0.00252483823382046 -0.161165064188004 -0.00218069096099277
0.0121892427963253 -0.00822482595609671 -0.13825413815405 -0.101844541201148
0.0119925639192609 0.0375699635979354 -0.0825541305304088 -0.19485879921381
-0.0432874337616067 0.0596223001855432 -0.0428933508287639 -0.226039212701947
-0.0975978611339647 4.99494790523296E-05 -0.134738208357714 -0.169459964129978
-0.117217182925729 -0.00900008585543275 -0.121687034703045 -0.117791471599655
-0.039661899007365 0.0544554984111071 -0.0201330580478891 0.101510527981796
0.0127623028772063 0.0316573020950603 0.162967316566953 0.00951856206485739
0.00895272527379701 0.00134603784830734 0.1394685936878 -0.167386378272222
0.00189741298200165 0.0174543512044106 -0.0338967050191701 -0.204371740184245
0.0197866301655555 0.0128238963816968 -0.128690621566545 -0.101814170776207
0.0185697127865835 0.000149415006201276 -0.122804434025204 -0.00863346004418726
0.0280589475682703 0.00150243284568142 -0.0981104724097307 0.0434041919922349
0.0325889158771198 -0.00349097350087378 -0.0959149707112244 0.0807442153073077
0.0492755449094287 0.0154321080787267 -0.125016666230864 0.0821822706454843
0.0271028630261013 0.051026901571717 -0.16494922608021 0.0296067664048419
-0.00188873512720613 0.0558345866107465 -0.162105757749256 -0.0732854913175618
-0.0567082725193762 0.0655188460544195 -0.102121787031252 -0.175471223900704
-0.127668776068681 0.0303667698958196 -0.0433118379828149 -0.201259340160117
-0.162925527383804 -0.0554762376406512 -0.10616746750512 -0.137683948836161
-0.153148607379305 -0.0647035129338572 -0.0820450992357368 -0.102770978218082
-0.114801686402932 0.0361174016773799 -0.0139168562117971 0.123144264513268
-0.0433313493479018 0.0673515428886779 0.180658716108887 0.0472375079807979
0.0138470651077169 0.0594185530005123 0.174936249772962 -0.148238570006398
0.0369736743070627 0.051783344923214 -0.00663133806353331 -0.204030449013996
0.062763386345328 0.0208498578827249 -0.105110923021328 -0.108739796421151
0.0557397510401239 -0.013995928875608 -0.101872596154379 -0.0196550467476519
0.0589667048055405 -0.0155904445673049 -0.0807088048035582 0.0363858076008397
0.0651693553953961 -0.0164626121091076 -0.0706146341689625 0.0800955752427515
0.0917453521705966 0.0201961135896292 -0.0940808209551316 0.103686336897002
0.0654956645146598 0.0831497778263627 -0.14661098895751 0.0760940589712859
0.0124034376073695 0.108903943772675 -0.181166478134372 -0.0199131986869751
-0.0962544713002341 0.107959773268256 -0.130580682003072 -0.139887221428123
-0.189149298792396 0.0241097716888567 -0.0439122893127096 -0.17465700860922
-0.209054462335734 -0.0887574345916242 -0.0604076252082558 -0.0930889308992841
-0.163506363038957 -0.116360213327306 -0.027995937646678 -0.0653186568997221
-0.173825829722501 -0.00211233303226575 -0.00365534742666153 0.149953088826469
-0.107617007756682 0.0819435937045215 0.185458313892394 0.100635504014496
0.000212251459683231 0.113463115023007 0.208228559905232 -0.101841250420369
0.0619178142735794 0.0881843378016334 0.0367009429414572 -0.182588535238104
0.0980641691157282 0.0335907609243391 -0.0621785166336006 -0.111072669136257
0.0872884656245099 -0.0241557735697573 -0.0655542247998802 -0.0334810044944599
0.0816487645885714 -0.0306819026668784 -0.0510384535705061 0.0250707041815393
0.0839637054800247 -0.0304459267771928 -0.035878474898669 0.0716609073216346
0.117944848186 0.0130413213556054 -0.050087060675302 0.115869428162334
0.0979276893495197 0.0923180498056381 -0.107979863528886 0.117556019921889
0.0386969750273048 0.138973720548824 -0.179165160282574 0.0389053421621434
-0.108739608697594 0.142266422043609 -0.147493468518265 -0.0934770500752241
-0.216932993176876 0.0263012577656708 -0.0396654730980433 -0.150101931722782
-0.224914103827237 -0.104909914756952 -0.00431630762318132 -0.046737425325651
-0.142593642592993 -0.149048292213781 0.032088861121444 -0.00789887435756987
-0.196278343727266 -0.0523450746365518 0.0101199558755105 0.175421893011255
-0.158157621089794 0.0654166254472505 0.170396470594374 0.152755617798294
-0.0300445613744244 0.142572562325349 0.218634268751326 -0.0346305831467549
0.0669680835945248 0.115557751221101 0.083256998218988 -0.137259015111619
0.115332496175302 0.0465101517678189 -0.00577495285453586 -0.102995861695112
0.105268249725209 -0.0276418448400431 -0.0187493561132629 -0.0468432932642147
0.0925502332415805 -0.041546382531477 -0.0145806342824202 0.00993053989001235
0.0894598773516546 -0.0410347125368917 0.00373198354922759 0.0569093565679401
0.124025667468616 0.00419799750581058 -0.00346605978800211 0.116131652471226
0.11236450799913 0.0872299714748471 -0.0607203356012631 0.142610037056959
0.05391685249725 0.146176801801705 -0.158527727650832 0.0864082003077705
-0.108645422258463 0.150032865448218 -0.147614275284578 -0.0480835491821755
-0.212587040426826 0.0180145413498987 -0.0308404047425343 -0.126331045575208
-0.205423888856531 -0.111235493990836 0.0508088908151247 -0.00248705010854169
-0.0959952177951867 -0.151632480552316 0.0871247062846649 0.0559360869374407
-0.170869318859123 -0.0932770249928504 0.0246795200652671 0.194651207131757
-0.171770373186156 0.0263227533020949 0.139176500290086 0.189131772818954
-0.0579740580859107 0.13630750182119 0.199321607064133 0.0325821118978649
0.0550314202163681 0.120998648188308 0.117684527035542 -0.0770344918813286
0.109150107500975 0.0521398145896215 0.0518127233201572 -0.0849885385249488
0.104750654090801 -0.0256390623269745 0.0304294423933857 -0.0567579410277281
0.0897106688833704 -0.0453163622271294 0.0223569408809619 -0.00647146415143628
0.0833655735545756 -0.0451582751716517 0.0418063492935121 0.0403604874681402
0.114009145837163 -0.00210242555592273 0.0381217671286721 0.106642315877008
0.107372575895241 0.07659639217178 -0.0172774826772925 0.152614416155481
0.0498822018096027 0.139750661441327 -0.131373274378836 0.115383778136953
-0.111118327009203 0.13054849057148 -0.135806887680038 -0.013857202545105
-0.184934458856894 -0.00857073981029633 -0.0200455575142522 -0.102415538239078
-0.153651870078715 -0.113663456262946 0.0937054786120212 0.037939195443248
-0.0342739338941043 -0.121321816320969 0.128966977345931 0.112612085251156
-0.109994879052183 -0.105567590190935 0.0366915639884678 0.204552478192156
-0.142608482887819 -0.00799002296655094 0.104740649190733 0.204332420556694
-0.0615770010582822 0.102713933045805 0.165539559395927 0.0821628177448473
0.0387327898505469 0.0973264036918407 0.13616648523231 -0.0207734493189682
0.0833146056823022 0.0441909625568455 0.0982000217532383 -0.0663056549204242
0.0840605940900976 -0.0208694842194993 0.0712560110161021 -0.0641613434669032
0.0730511510414029 -0.0414363558735944 0.0536990662662088 -0.0220721911831886
0.0684516201249853 -0.041102080775689 0.0732499774069611 0.0241725415044007
0.0932534422074867 -0.00475154655430178 0.0713259696140917 0.0958794115494508
0.0903234942868483 0.0631799233127309 0.0153878411811764 0.157153956231284
0.0336046675388713 0.123158225078861 -0.107729839759785 0.133003346416728
-0.111193567014557 0.0940942343473879 -0.124024749611613 0.00983266322474776
-0.141953535611326 -0.0406120231618538 -0.0131184536393443 -0.0792231738142996
-0.0809844211281081 -0.110147578076082 0.116279137541202 0.0752743027994214
0.0317915787010718 -0.067665358958907 0.153090685042851 0.145671714957401
-0.0324549145639567 -0.0854003484870767 0.0448054304174171 0.199079534201072
-0.0821992444397622 -0.0234702447160455 0.0834656883729777 0.204827613659002
-0.0395700010993365 0.0548931437430106 0.140371692850065 0.107852429254417
0.0223952069883122 0.0518362757192327 0.1469608488265 0.0104486499733746
0.0443903932430743 0.0239193554084063 0.127080459229124 -0.0580242612818307
0.048609272057415 -0.0141660329770639 0.0963539858001546 -0.070858655529793
0.0452572742711416 -0.0299728958895392 0.0753029269704399 -0.0335185303057619
0.0452566845825659 -0.0306794203281075 0.0956208370327487 0.0129652128841912
0.0645550521326066 -0.00564592861359646 0.0949084516641527 0.0881613256892562
0.0660073086620887 0.0445122476791121 0.0372290623428911 0.161586866310949
0.0143362066562687 0.097047738894633 -0.0941076817661066 0.145656515554151
-0.100771031548787 0.0503223321297336 -0.121126947768246 0.0255128471246473
-0.0833866607725715 -0.0656981308142262 -0.0144976125062952 -0.0609186333430051
0.000263974326748538 -0.0921070641336609 0.116524736529234 0.105603340799453
-0.06476620340487 0.0455340053521826 -0.157190686391911 -0.113137885526637
0.0381177217069679 0.0550673469763363 -0.018850309589249 0.101619268353184
0.0551411177568387 -0.0144939800319204 0.158361505520729 -0.0109451456502662
-0.00972546342494475 -0.0509817293487558 0.11864040384454 -0.181867229354644
-0.0364718524850209 -0.00992135172677115 -0.0532024755066215 -0.211774124963198
-0.0228333932735014 0.0107179474305122 -0.146605758697882 -0.0988267916651625
-0.0167052539100275 0.0194294219251244 -0.134650807844485 0.000295152737491949
-0.00507869176135463 0.0193860308639433 -0.107102421118502 0.0502855252602583
-0.00759411513674533 0.00843401367693974 -0.108626781431604 0.0854508340857685
-0.00313696792343399 -0.00196976521697046 -0.142640668419598 0.0714357254208704
-0.00486097111566966 -0.00173310789118571 -0.172921091208839 0.00359704538613993
0.0112002644452889 -0.00936985933946947 -0.150888645391359 -0.105972642290935
0.0149684723013349 0.0392458560342198 -0.0956238790912508 -0.20870588849889
-0.0424147940142088 0.0641265353584231 -0.0520885893739044 -0.2424751583345
-0.104077227439592 0.00185094158184761 -0.146157239957645 -0.178450200911011
-0.124965876517988 -0.00527804146054592 -0.134952970011853 -0.121635105269178
-0.0389718897408434 0.0581663440012313 -0.0162161916222626 0.111855202824713
0.0144222955181796 0.0324564431340683 0.176030928140625 0.00488945766137709
0.00812454534352811 0.000966187463241343 0.143117344936671 -0.184693330146197
0.00199886373610372 0.0187235043995336 -0.0442346941967031 -0.219974704418414
0.0216587979324099 0.013582752436371 -0.141527333897668 -0.105117126182579
0.0206644024342944 0.000371424743989756 -0.130455108924077 -0.00502377800376311
0.0315888055102799 0.000650396130611526 -0.102881721713399 0.0500264689672182
0.0356044215527239 -0.004524501885606 -0.0982142988588667 0.0909298131618196
0.0532960334726958 0.0155535324068889 -0.129886587393427 0.0932968714017397
0.0305440137747554 0.0546503155792764 -0.175599069720214 0.0386545061533495
-0.00201388275107707 0.0597244965166472 -0.175633838102067 -0.073042328999266
-0.058459331368167 0.0710841110160895 -0.116932422286627 -0.187811396635421
-0.13406028017464 0.0350264600279382 -0.0533910816122365 -0.216029413633839
-0.175111008873638 -0.0563511952557966 -0.11569051221188 -0.144348012112394
-0.165160902405608 -0.0648940328645592 -0.0911124724407829 -0.107388703646327
-0.120128755139755 0.0411907983793431 -0.00960942185401801 0.135216457994675
-0.0448983473352215 0.0718862437161138 0.194762176938532 0.0453807684909863
0.015021433571009 0.0628351235636133 0.181879199328644 -0.165936464143102
0.0408732811874512 0.0545270437923081 -0.0142420138636078 -0.219211243333763
0.0679882903751599 0.0206202412159859 -0.116241599080018 -0.11325607918136
0.0587662999292659 -0.0161769325590019 -0.109700094604352 -0.0175967168124752
0.0635042832412727 -0.0179912976198552 -0.0839250629791616 0.0423967793791768
0.0692568684201538 -0.0195173845189324 -0.0719186054814926 0.0893490523026882
0.0994728590473003 0.0186410587789978 -0.0952224178091043 0.115880472433046
0.073321456825912 0.0874395044258433 -0.154935289392941 0.0880891183432235
0.0149234562520512 0.116023534687026 -0.194139251094727 -0.0149338334923476
-0.0998135863100345 0.118143711462837 -0.145522724614455 -0.147701351042715
-0.200415743980527 0.0306071188080653 -0.0531830860488456 -0.188199576790515
-0.224845250179671 -0.091273807976191 -0.0666650965331761 -0.0985519111256081
-0.177985703927255 -0.120785784672838 -0.0329852952355349 -0.068168443574251
-0.184821954819626 0.00253606214760047 0.00197576236699507 0.163853781485092
-0.113092261770777 0.0901381441940449 0.201775561909365 0.102819943895174
0.00214932102004683 0.120882451031007 0.218679650104193 -0.116951610526081
0.0689694270602524 0.0923645633794708 0.033269728587995 -0.197561049079109
0.105918389286031 0.0328773750681013 -0.0704109525503961 -0.117736531306634
0.0917775781630178 -0.0281333215498565 -0.0715363403472669 -0.0341188097285057
0.0865432769079594 -0.0349220410044496 -0.0525270744152356 0.029018568225736
0.0882057074219073 -0.0348403480172508 -0.0344603248495784 0.0796208915399077
0.126517226123595 0.0108621581471996 -0.0475479299611454 0.127594885553045
0.10835275877903 0.0956243734413698 -0.11184538341395 0.131760800826858
0.0443635769291705 0.146126889592501 -0.190188612397605 0.0497168603808373
-0.111784090070638 0.155362978597742 -0.162956396338491 -0.0968325014186906
-0.230937759460807 0.0346589046178668 -0.0482332073132775 -0.161316877919071
-0.242304792597442 -0.10731562013058 -0.00603509930400295 -0.0506938303395848
-0.156524442423901 -0.156902604806914 0.0328816221086377 -0.00915319594226801
-0.210698590426549 -0.0499300994382355 0.016910684992457 0.190622090931821
-0.167981970431831 0.0738279141065843 0.187659723695002 0.159947058513382
-0.0287628595320658 0.153405243738919 0.232506796512883 -0.0452006696778846
0.0755882163111558 0.121799600975856 0.0849937901220527 -0.149964619073581
0.124924692046118 0.0464245710564665 -0.0101815257761776 -0.110510545397568
0.110704979886084 -0.0325816294098729 -0.0225567939270344 -0.050109526872956
0.0973706632822421 -0.0474448847038106 -0.013735333771239 0.0116271030903717
0.0939345568788711 -0.0463129582742286 0.00722921262344748 0.0627745847285659
0.132764112466381 0.00072467714318084 0.00316125995830686 0.125638724365384
0.123108674933936 0.089126192799502 -0.0601500232775018 0.156672090513078
0.061593856573475 0.153803888422841 -0.165404317943571 0.0998380260910946
-0.11194772791258 0.163968436337114 -0.16080539434368 -0.0482238303634088
-0.226699965982809 0.024730240917147 -0.0377261908181268 -0.135526416743176
-0.221226350239177 -0.115385598795568 0.0540150699105081 -0.00526080050399848
-0.107044652799455 -0.16116949381146 0.0937097508810613 0.0583307730621856
-0.185425983801061 -0.0951419963751889 0.0327624313865015 0.210272057552207
-0.183997981523786 0.0334474432365192 0.154879657584464 0.199373808682392
-0.0577884358575297 0.147873522328114 0.214017660520284 0.0278666698568672
0.0634380045555388 0.127366926208027 0.12372271141134 -0.0859423000169664
0.119166923624664 0.0521352620708127 0.0522589686628226 -0.0942395550152693
0.109883728428323 -0.0306560060473595 0.0288135931169316 -0.0631342606921749
0.0935047098267667 -0.0516782611187935 0.0246830874865978 -0.00679913292639347
0.0870095961822958 -0.0504501790248853 0.0469666013048978 0.0432120568474769
0.121357944332416 -0.0060090543515718 0.0469094493724567 0.114594174351808
0.11750341369075 0.0780015217195657 -0.0133783025874015 0.166032914258201
0.0572590320518392 0.145914539186005 -0.135172432508847 0.13042994757426
-0.114583955341547 0.143549913417521 -0.146974700313814 -0.0107352130782778
-0.198388437425344 -0.00357230768125671 -0.0262868406377567 -0.110181769663991
-0.166157026381677 -0.119747237389088 0.0999350232412812 0.0365591596609268
-0.0409232252716746 -0.130654701194966 0.139325178236386 0.118120105015946
-0.121197600793902 -0.109918223919469 0.0452796264174958 0.220258440998883
-0.153478423389894 -0.00313966073371234 0.11924948425368 0.217386780381577
-0.0628113945194849 0.112574581852202 0.178768489223385 0.0836819879552478
0.0453210995907097 0.102833924031165 0.14508996074322 -0.0261096647848439
0.0913237806183929 0.0443531190980916 0.102257662751328 -0.075655851371186
0.0886582838170798 -0.0252634855703013 0.0722715535964004 -0.0721677820133107
0.0757071339463926 -0.0471921231983113 0.057529701742258 -0.0243098653457893
0.0706831428440725 -0.0462139735702871 0.0800291285692546 0.0255443478443432
0.0991700392955282 -0.00836645949244941 0.0813772894563426 0.101718773474494
0.0981128513060307 0.0636010200231888 0.0222498816600142 0.169611771109568
0.0399920756739446 0.129165682807482 -0.110111290777665 0.148142992169165
-0.114880148956507 0.105443800795692 -0.133258947064121 0.0143158457878905
-0.152878344141478 -0.0391373281977678 -0.0184703373785219 -0.0852449579035967
-0.0897562509840891 -0.117077587722774 0.125441396452315 0.0762600366852729
0.0309354930688586 -0.074515029162992 0.166325064732137 0.153535620981846
-0.0381741196764784 -0.090486028773092 0.0534032413275184 0.214157396853186
-0.0890738448616929 -0.0211563059544998 0.0960192042978534 0.217739437443615
-0.0397699489221884 0.0605803340898739 0.15296493729975 0.112122012401189
0.026180271714787 0.05443085621469 0.158230671260414 0.00758811352236298
0.048333043544828 0.0240857149668174 0.132863604738621 -0.0673167660925572
0.0510595726464973 -0.0171221029465861 0.0990566413778897 -0.0797420203947657
0.0464696689477798 -0.0345396997235027 0.0795443197970655 -0.0377285233080941
0.0463149548820367 -0.0341782053625471 0.102475380050847 0.0120567014584382
0.0689415212904017 -0.00851086492274515 0.105394775430287 0.0923495721848674
0.0721156976605202 0.044584045976094 0.0457595334258305 0.173378014777875
0.0189823839806349 0.102184801986878 -0.0950038684901215 0.160413899829704
-0.105584488914942 0.0580962389922649 -0.129298909919092 0.0309053096687544
-0.0919090721563936 -0.0683040518764617 -0.0191769335469602 -0.064517402009321
-0.00269120528287992 -0.0997874370689636 0.126713178278985 0.108016676301635
-0.0646741055645357 0.0524229538676059 -0.172378327277703 -0.108571943963633
0.0444481901553628 0.0542355545061049 -0.0121762197464956 0.110160139931785
0.0572429306819511 -0.0189516841137852 0.167478258690754 -0.0206450547142263
-0.0148571278734923 -0.0521353641115289 0.112829265805875 -0.200106227684519
-0.0392229486409426 -0.00769978345093906 -0.0714977619357166 -0.221750771791611
-0.0230389048904859 0.0132747840016742 -0.161035015470435 -0.0959341008164748
-0.0148797965065588 0.0220706701616904 -0.140688831022644 0.00847923368870592
-0.00291355553830773 0.0204769880105537 -0.109586695630238 0.0589683464420097
-0.00652520115211836 0.0102675651480379 -0.106975510685955 0.0972580829536956
-0.00364522304310759 -0.00142023504784177 -0.145603564888478 0.0851507835859025
-0.00540742008666881 -0.000261486063971026 -0.182167406298435 0.0144913193580941
0.00972594842986969 -0.0107813039008486 -0.164920615558175 -0.104469887838035
0.0182900906886339 0.0398959417709401 -0.114510786466873 -0.217838813105268
-0.039021003370098 0.0681989921225545 -0.068265560400659 -0.253699154651033
-0.109936308141634 0.00735523133003871 -0.160434394002451 -0.181827882784055
-0.130842871006927 0.00108069727719794 -0.150141806388537 -0.119706560078825
-0.0366426001846984 0.0622199583351726 -0.00886850460954786 0.121088219225973
0.0164904778302427 0.0318169643354607 0.186346660190555 -0.0044401966057312
0.00701824545831445 0.000654058633779092 0.138522128090239 -0.204322844599398
0.00293244435385261 0.0201295973474087 -0.0610505561080731 -0.230669648887708
0.0239827666979763 0.013839393191312 -0.155543974942797 -0.102491746876266
0.0226624943569795 -2.671018129594E-05 -0.137690898361449 0.00241176407939457
0.0340277108788214 -0.00167477400382231 -0.104483375173889 0.0591476539461296
0.0379850398609584 -0.00598045720236004 -0.0959772823359771 0.103607743702709
0.0575681318816531 0.0143050840131756 -0.130472408328078 0.107686876390245
0.0352096887034814 0.0567185670058997 -0.182517723922529 0.0526879471791024
0.000213928902306949 0.0629260956149448 -0.188800164235459 -0.0672794733149795
-0.0581236010868088 0.0771562250653735 -0.135760490967376 -0.194220185806642
-0.136950405479637 0.042998350794392 -0.0683294774617222 -0.226203216407606
-0.187480968097619 -0.0520156535979504 -0.127423398440902 -0.147091063662927
-0.177296794100146 -0.0596544582956273 -0.102939617680044 -0.106959234263654
-0.122558341885003 0.0495113848395368 0.000218570608909591 0.145213372247899
-0.0437850737721134 0.0774728456518669 0.209046519348179 0.0374273690869654
0.0179334289189463 0.0645784151655378 0.180629377723324 -0.187096955072603
0.0462771042118195 0.0554254170365885 -0.0292580232084208 -0.231710283227053
0.0727434872324319 0.018386006940104 -0.129198888320782 -0.113104664675369
0.061300042404175 -0.0194131397532557 -0.116439507481162 -0.0120038270945651
0.066556955819162 -0.0230975051140172 -0.0846235505348766 0.050595991419878
0.0718990867120407 -0.0241802427629552 -0.0677148605473046 0.100421453548821
0.106499615530568 0.0144642491086597 -0.0919561103693008 0.129371413367804
0.0822660703163051 0.0884868660426715 -0.157584953557895 0.10490586327767
0.0212422403900979 0.120987674904873 -0.204786811033325 -0.00370558057998419
-0.0983276046178834 0.128929227418835 -0.164202649753593 -0.150016276567743
-0.20783468855785 0.0422806265926112 -0.0673766913030862 -0.196517523370935
-0.241234008759431 -0.0865600822049779 -0.0741738701541494 -0.100850662614611
-0.194255990135869 -0.118213214357802 -0.0393965445850627 -0.0692612814327857
-0.193508602237173 0.0127509983084455 0.0132185640376066 0.174976913671164
-0.114951558931632 0.100358733470575 0.219855357030387 0.0977175682073204
0.0081859598822248 0.126714773829153 0.223237168959169 -0.137069654204436
0.0781281683346303 0.0939026648576483 0.0225414346678516 -0.211109292564278
0.113986975911871 0.0285180871209128 -0.0812485553544657 -0.120339177723822
0.0944777074407055 -0.0339219154585045 -0.0779251048401754 -0.0316908288491831
0.0893662643455962 -0.0422582485446652 -0.052341462573145 0.0347624712800494
0.0906320188477782 -0.0408737486442827 -0.0294969208071021 0.0886095114940266
0.134712320073762 0.00403955971799575 -0.0396431719903702 0.138585497176486
0.119839481823735 0.094155134533909 -0.109361346702414 0.14800124669356
0.0545458017384814 0.151561426602881 -0.196479269643166 0.0651661911468874
-0.108867986495947 0.170102796417154 -0.179143468553483 -0.0940591071585546
-0.240377159174668 0.0488724321330536 -0.0609030152191541 -0.168285772287446
-0.26012144249829 -0.102824850224746 -0.00917052637070993 -0.0541217191753175
-0.173992693949289 -0.158108893017748 0.0331607769405381 -0.0110879801079689
-0.224118393870587 -0.0411549698939253 0.0301533027976515 0.201989402068603
-0.173462027051477 0.0867291295151981 0.207338716905748 0.159034981194332
-0.0225901072161669 0.162787403919058 0.241582677561094 -0.0609228011884875
0.0869790628689457 0.12408679282471 0.0801713078225334 -0.163182566740545
0.134548467623924 0.0415376425460982 -0.0177886440248147 -0.117203826249688
0.113879004852841 -0.0406758497519344 -0.0276715330325781 -0.0515616800353527
0.0993516258365752 -0.0560806473099556 -0.01285999065505 0.0140997905346167
0.0950771289214657 -0.0535661332827239 0.013039178906276 0.0681667271422172
0.139817939321264 -0.00664672997014754 0.0134411797914744 0.133203544070913
0.135049268528243 0.0866740762051071 -0.053026711294718 0.171865335872959
0.0721922719875864 0.156914524191524 -0.16711959068947 0.117520078928285
-0.108518629696082 0.179125572323647 -0.173584902912783 -0.0419266022052882
-0.237582512498737 0.0386730623923656 -0.0485973554851806 -0.142030620349264
-0.23822672277484 -0.111616581424034 0.0557032917680724 -0.0101809494024158
-0.122606252088927 -0.165585476010558 0.100817361704888 0.0574254189931883
-0.201144116470006 -0.0902843136136755 0.0474676435086686 0.222748017953864
-0.192572893278089 0.0459918921383316 0.175073828805358 0.203065013763889
-0.0526889998714509 0.159016504138557 0.226712361824144 0.0174617404009809
0.0747785533613563 0.130511199119901 0.125412243913139 -0.0979334495478422
0.128993594447818 0.0483048594672833 0.048319427423889 -0.103020365857167
0.112613642889845 -0.0387172554026431 0.0249321169128328 -0.0684276569144756
0.0948697377567209 -0.0596353555623957 0.0259785599773616 -0.00836157196872548
0.0872777841941787 -0.0576660622020958 0.0537378194695811 0.0445961925964877
0.127253510108759 -0.0129772841714375 0.0589720026406307 0.118609148689351
0.128358932426354 0.0746279645336848 -0.00336181957006937 0.178269282350024
0.0684338744403621 0.149068724284788 -0.133384013888149 0.147527841728159
-0.111802938470087 0.158122188690519 -0.156718772204395 -0.00321697164717185
-0.209532278876833 0.00720450253519269 -0.0355559663926876 -0.115465430862809
-0.181604753796559 -0.11900673369338 0.106145271335097 0.0317827488704315
-0.0509994107317939 -0.136639322999019 0.151943657001017 0.118217547935624
-0.134323301762783 -0.109396010325325 0.0597568185370083 0.231596947398998
-0.162430557391178 0.00605567131137013 0.138234777898494 0.223801711612706
-0.059293288287375 0.122359025411256 0.192793377396914 0.0787979064240882
0.0545728571196471 0.104970701951732 0.152349337118715 -0.0355103919598133
0.0991733485221267 0.0414385815559392 0.10215591380475 -0.086062258765008
0.0907577499510319 -0.0315601494051026 0.0699216135298473 -0.0805816329236908
0.0757715929720343 -0.054272791003972 0.0596828707387403 -0.0284822619739758
0.0702565809302546 -0.0522273815548392 0.0868793275991873 0.0235038779187848
0.103309352148318 -0.0147982075178476 0.0937528024952188 0.103189077930432
0.106910891310502 0.0606481768753251 0.0335342923216384 0.178927517708121
0.0496555167934481 0.132396000869319 -0.105649524470155 0.164728814971844
-0.114412772039928 0.118588965305461 -0.141102786652325 0.0223536732973083
-0.163917455563159 -0.0328208794389126 -0.0254514393360359 -0.0892113676797751
-0.100905993677553 -0.120202454504252 0.134853855113336 0.0713807886327312
0.0273818681270362 -0.0808869439851407 0.181615776317554 0.1542272421231
-0.0459317056109501 -0.093084153874681 0.0683299707206749 0.224526344318688
-0.0944066124492078 -0.0161126412697606 0.114360984389731 0.226022875892592
-0.0373730431831617 0.0665800204096088 0.168114432545153 0.111633143116415
0.031487264931371 0.0544386782934251 0.168040591800071 -0.000394225106857657
0.0531379819123428 0.0223393752449709 0.134724333656461 -0.0796417874120011
0.0517036244685325 -0.0209092875062 0.097305464623598 -0.0902680701827445
0.0460498051748769 -0.0395502143767847 0.0815028929842834 -0.0438324032230433
0.0456488578852884 -0.0388946789695444 0.109866722108628 0.00759804189153926
0.071367509754846 -0.0128685044931694 0.117867253706769 0.0923365115646697
0.077365307692041 0.041884716561083 0.0593008396602556 0.181358579712285
0.0266167429782367 0.105153474562979 -0.0894894531753817 0.176467800204221
-0.106455285898424 0.0692031604527285 -0.135111882778803 0.0402846996470434
-0.10128978836404 -0.0672776678026531 -0.025701625995899 -0.0674252482244425
-0.00943209402917187 -0.105965241783596 0.138595065972852 0.104843156070066
-0.0623448795816545 0.0580923962311159 -0.184558806784953 -0.100196160181457
0.0497280909427005 0.0513313762360576 -0.00187723710676691 0.116197953475372
0.0573620304499871 -0.0239427054276216 0.171875584866317 -0.0318420874350822
-0.0195559960771277 -0.0520878664270872 0.102629693608657 -0.21311005905928
-0.0415787033746662 -0.00444281960113003 -0.0898647697371841 -0.225369557321861
-0.0221059877863944 0.0159466154048129 -0.171773317558829 -0.0887237597078458
-0.0125767354671062 0.0241971488984636 -0.143094885459379 0.0168202375603219
-0.00026170001316116 0.0211405055191074 -0.107697688126777 0.067474042175875
-0.00468695926071511 0.0110398771625347 -0.102179127777034 0.10724618923961
-0.00366155338304094 -0.000131911462348271 -0.143585202309 0.0976545102782071
-0.00602384922512176 0.00101098484340692 -0.186388923970263 0.0271053414016024
0.00786303511499868 -0.0111265069433911 -0.175995297243189 -0.0988324947655833
0.0214261451606183 0.0385807146362638 -0.133771424524697 -0.219012539837268
-0.0335489236441791 0.070731093362704 -0.0858734376021297 -0.258420392164613
-0.11319049709566 0.0135709058655473 -0.173484245644852 -0.179531697652288
-0.133817650769068 0.00922982305272773 -0.161956601252982 -0.112450899417521
-0.0330442843528553 0.0644535457362677 0.00218394974191303 0.127348148798164
0.0186011038799776 0.0308810983114566 0.192538507582974 -0.0150901169906082
0.00577003357752845 0.000507124119901652 0.128150120886589 -0.219824038069314
0.00412204851401902 0.0214935330268954 -0.0803927969215225 -0.234394158011843
0.0255331206295271 0.0133494584968894 -0.167088622842505 -0.0956769949323752
0.0241115403089245 -0.000412328634514315 -0.140527291294276 0.0113485096517549
0.036140065683808 -0.00332746459385585 -0.102214303876601 0.0677880645407079
0.0397118657425402 -0.00805561777562508 -0.0901478029441339 0.112680523777523
0.0602690557427923 0.0112320514927111 -0.125831159648274 0.120617666446742
0.0400509734835047 0.0576142882168707 -0.184418945123711 0.0676124296472963
0.00200416906749002 0.0649726323211484 -0.198145693450233 -0.0586472764171893
-0.0550300794473874 0.0822632503739789 -0.154002769252976 -0.193617584531014
-0.137053865200633 0.0504741580126999 -0.0838137364963391 -0.229904028173057
-0.195592620134454 -0.0435082838828291 -0.138078908489291 -0.145619870283877
-0.185998472024255 -0.0512912467077023 -0.113454061616903 -0.102419109071841
-0.121933714822764 0.0572666244200087 0.0116953417076827 0.151671361137953
-0.0409437249428378 0.0811598887792208 0.217736161734355 0.0269930625336894
0.021091166969648 0.0652782314855487 0.172955470374245 -0.203854828770978
0.0509365524175745 0.0545723947757275 -0.0461973555270892 -0.237534530575828
0.0758342311884498 0.0143470302785337 -0.141166641103652 -0.108177833525588
0.0618711615160444 -0.0227227304344446 -0.120245630676272 -0.00506404525836999
0.0677446668316237 -0.0277177631535132 -0.0821053323847806 0.0574244869037363
0.072856204375559 -0.0280506142466477 -0.0606255456595544 0.108880297915072
0.110462433154457 0.00862151546715678 -0.0837680190434522 0.140389619752736
0.0903239598209752 0.0865564694532233 -0.155214560725119 0.120527333138317
0.0275849886906221 0.123379534963893 -0.210815450884745 0.00953627656382852
-0.093705243060824 0.138174689881207 -0.180970469628397 -0.14609911483711
-0.210362868511186 0.0549904407282251 -0.0812323933394589 -0.198831047650038
-0.252671174184118 -0.0770762940871073 -0.0816307474709854 -0.100787924635578
-0.206605729587566 -0.111260149204014 -0.0452213511242339 -0.0684273772164269
-0.197394464344314 0.0246309085010755 0.0267115103589035 0.181127444173974
-0.112674829926928 0.109203441637647 0.232713264977637 0.0879050280307544
0.0150538635691281 0.129460478343036 0.219705870869395 -0.155910436099766
0.0857459937580093 0.0913944564902783 0.00871500561675952 -0.219835142391028
0.119245084528585 0.0221665705315043 -0.0925016784935728 -0.11899672242692
0.0942864203032736 -0.039589197880001 -0.0829583472092305 -0.0271773472972653
0.0896390646245747 -0.0488973346913719 -0.0499566594359167 0.0388901213420368
0.0906610457964745 -0.0466793468352715 -0.0219094206265471 0.0939995059736277
0.138658754073377 -0.00395851298760553 -0.0292669667535831 0.145716435982073
0.129525074607797 0.0903134803948543 -0.101939844519951 0.162335183326452
0.0637354282970461 0.151691775953232 -0.196579989849994 0.0803083311117486
-0.102303599723096 0.180870266893641 -0.192476516921749 -0.0869571364807474
-0.244053871761676 0.0647415117067765 -0.0732854111444852 -0.171450568359264
-0.272996179175062 -0.0931127245107432 -0.0124172479420518 -0.0563883508800393
-0.189260844511323 -0.152925757200574 0.0330786852214534 -0.0124003911499722
-0.232263786207136 -0.0292752366531108 0.0449000389487218 0.207443466514601
-0.173546138430296 0.0994111250640838 0.224221960286482 0.152392406270002
-0.0136564485505779 0.168854267088206 0.244079158093407 -0.0785124127638372
0.0974747851083872 0.12234202322746 0.071255907798453 -0.17361265360695
0.141441526498664 0.0340538118606708 -0.0268847983445035 -0.120220355094938
0.113402557275277 -0.047871733760035 -0.0335296165642865 -0.0513099283870084
0.0984411447882933 -0.0631758780034535 -0.0111132234545605 0.0154819968224718
0.0935245534856061 -0.0597779981137471 0.0206353560375928 0.0706428686788278
0.14346473058004 -0.0154983021841415 0.0251879780147358 0.136872892971573
0.144537914375458 0.0809308621984748 -0.042306427301235 0.18255695326239
0.0830471124073447 0.156247481941488 -0.162900690854741 0.13353127831651
-0.100316199855606 0.190291422479251 -0.183777521971403 -0.0329288096728473
-0.241234184428907 0.0539545085369236 -0.0600253670364678 -0.144275947545066
-0.251360229235233 -0.103660504288501 0.0558795276708616 -0.0151919262898247
-0.137003659929232 -0.164193102376374 0.105919480535264 0.054175797939226
-0.212397533994612 -0.0807372614226224 0.0628576388849146 0.227530702787058
-0.196022136142932 0.0592976403130285 0.192664783667156 0.20038376229426
-0.0447032405346745 0.167280363499696 0.23414190507033 0.00421074721391238
0.0855099166217977 0.129041008261795 0.122294477836987 -0.108213170995692
0.136412067438422 0.0410567032716964 0.0414481143646048 -0.109687930834591
0.112434518244646 -0.0459300726682959 0.018999768441499 -0.072225794219024
0.0929062982900347 -0.0674944986866707 0.0274728630902957 -0.00983270531641673
0.0852113140057973 -0.063356626951605 0.0601213200776296 0.0443264065156673
0.129395174116067 -0.0213201639517458 0.0711563272684268 0.118891875671577
0.136276259472505 0.0687499728339773 0.00880171360025083 0.186092318834934
0.078384134494644 0.148125414352565 -0.125994349654267 0.162462924562593
-0.104173694207752 0.169304095306647 -0.162733829184206 0.00593887528947778
-0.21516745816139 0.0196363649123414 -0.0441085362648329 -0.117001553648094
-0.193654927391612 -0.11377543861861 0.109531493790969 0.0248582895061486
-0.0615750148763602 -0.138970569916442 0.161514012570079 0.113707939186408
-0.145137401627963 -0.104472978498119 0.0757989972295923 0.235965083063269
-0.166229274420558 0.0167902659570973 0.156368496918245 0.223122806408177
-0.0526509100230187 0.129632653577582 0.203414752904194 0.0700125971176675
0.063175257123431 0.103576996407079 0.154849630463825 -0.0454622625290285
0.105108982703791 0.0357198806026743 0.0984927158358485 -0.0960104151004973
0.0901864278223835 -0.0374867992253542 0.0640751252869104 -0.087357244369981
0.0732654028102591 -0.0606648010036592 0.0596230916050867 -0.0324263815777904
0.0676086174033687 -0.0569068275402182 0.0926149513845441 0.0198724083019765
0.104568163833394 -0.0212588676440177 0.105214760433107 0.10081976739523
0.11346999171823 0.0547919147058063 0.0474762196602541 0.184464068757142
0.058901021906223 0.131468739168149 -0.0966437258240675 0.177869774131907
-0.109221433455734 0.12974155271737 -0.14413087534914 0.0321153734994208
-0.171025351394941 -0.0244661884607197 -0.0332940610380443 -0.0905944298530564
-0.111201162244733 -0.118639173842013 0.141231740040319 0.0644976420445783
0.0221123870470142 -0.0857139418570474 0.19460227799716 0.149197587416253
-0.0534971392856757 -0.0931175101025862 0.0829628100020704 0.229016974573178
-0.0972926411660474 -0.00936247168346209 0.132672262455232 0.226739448540579
-0.0326343045244534 0.070544953042738 0.17981834109342 0.106108369034085
0.0368284875639276 0.0531468952723087 0.173535002614911 -0.0106531238423911
0.0566283519538748 0.0189368199760661 0.13221973787507 -0.0911125101431779
0.0513285188759944 -0.024763884102411 0.0920268485656645 -0.0991418186857227
0.0433752557989282 -0.044073694070693 0.0812063312491839 -0.0497184192725043
0.0431364595758599 -0.0425753825714376 0.114903254981485 0.00250432888919787
0.07180667263591 -0.0184628990058562 0.127647122076138 0.0881484134464361
0.0821394191271474 0.0376573046972368 0.0728168469975101 0.185091448894373
0.0342169940217602 0.10552515209747 -0.0801234442005215 0.18905098517548
-0.104109294600702 0.0780812548841295 -0.13704266944575 0.0493932719756895
-0.109170085469522 -0.0627801714918542 -0.0322050996426276 -0.0683978063008416
-0.0169944849446314 -0.108846020087402 0.147013055786666 0.0981807110607735
-0.0592326870520385 0.0617560470071909 -0.19102162287389 -0.0907686395819782
0.0527182946546469 0.0477827306479312 0.0072826589606436 0.118686607361948
0.0564146954084045 -0.0277932240756626 0.173915172584994 -0.0403719227107095
-0.023430732133899 -0.050766976349238 0.0928420589104173 -0.220936554449094
-0.0421882773772085 -0.00157719434029002 -0.104972670406678 -0.224298162149714
-0.0209211152092236 0.0180531823131465 -0.178823691806028 -0.0811680927666269
-0.00976224304967409 0.0250966123563012 -0.14227797373362 0.0235863953906043
0.00200344477477499 0.0210633485431246 -0.104900200872191 0.0731063711829129
-0.00306903787912462 0.0118277453720696 -0.0965029220293775 0.112982842541374
-0.00308887155022784 0.000645110078239041 -0.13996226515377 0.107441479045055
-0.00607097343187133 0.00290102078490085 -0.187237180243749 0.0368346505791407
0.0061277321262235 -0.0108483725269863 -0.183613020610514 -0.0949025285950581
0.0237085535422375 0.0367604870715611 -0.148327747555454 -0.217360034397472
-0.0297131119519343 0.0710586435366315 -0.0978409712684797 -0.259723003096666
-0.113788493701118 0.0193399413665737 -0.181273760075233 -0.177088993621283
-0.133887347253921 0.0150828958413944 -0.168381362656834 -0.104893288891606
-0.0296514894653112 0.0650511828052164 0.0116244641665118 0.130053869422687
0.0196709550375493 0.0291583860759236 0.195263184900179 -0.0242773958314013
0.00459407943089552 0.000771342207671353 0.118234046601605 -0.22865159575678
0.00494917993971549 0.0220365059969662 -0.0952208308340935 -0.233712945700561
0.0269147056076715 0.0128985359223304 -0.174983836782106 -0.0888925559623951
0.0259425416107636 -0.000601823830122396 -0.140207151254981 0.0182646127823413
0.0376591469808604 -0.00538593726222895 -0.099144732953611 0.0731197013445676
0.0406840409916937 -0.00878988028958988 -0.0826791169645375 0.118791771861643
0.062463273984262 0.00951984398524753 -0.11951160038003 0.129605648692316
0.0437233586516976 0.0575331393662926 -0.182829170817094 0.079091768442225
0.0035751974072406 0.0660688464267628 -0.203761524837269 -0.0513162718736404
-0.0520001287755838 0.0839983386199149 -0.167509430814906 -0.190409792414936
-0.1348800778409 0.0550729292270806 -0.0950144324639788 -0.229915831608672
-0.199580216300728 -0.0366026112811693 -0.144627044817294 -0.143347506512753
-0.190158116709509 -0.0437631757341532 -0.119402706225856 -0.0980676223639784
-0.119737015993943 0.0623619230008749 0.0226481665675054 0.154319321513573
-0.0379564177359628 0.0828582635098275 0.222529874574362 0.017856974477333
0.023272378862304 0.0650782398968321 0.164097307976905 -0.215610542220976
0.0537672483968882 0.0529783731091538 -0.0606727392224994 -0.237733857147981
0.077921777610439 0.0113134806306575 -0.148690684809674 -0.10289447644112
0.0623477594430674 -0.0246213504664839 -0.121289021514632 0.00139978001949395
0.0679250558328222 -0.0308708173413039 -0.0787851991188097 0.0620319484118112
0.0730348795046875 -0.0310762609559839 -0.0525260355292108 0.113557062146836
0.112760124807488 0.00371625682795097 -0.0758129284379899 0.146996695314354
0.0961909836957809 0.0840808972232552 -0.149643025830809 0.132086793615131
0.0318018823311311 0.123520952372295 -0.21217325127082 0.0196674876013351
-0.0890302438150662 0.142812930477053 -0.192494626346169 -0.140652521789522
-0.20936113009884 0.063576570040648 -0.0915802258077631 -0.19922306870212
-0.258572964621338 -0.0686873991412112 -0.0861307462730121 -0.100407780951354
-0.214114160811952 -0.103203109758442 -0.0493122229526886 -0.0665718089958356
-0.19754136549989 0.0329947653706743 0.0379437988767408 0.183301060758627
-0.109676803433101 0.115452336211577 0.240878860568121 0.0806245194227649
0.0200073226407947 0.129983519815875 0.213358089149877 -0.168794372924931
0.0912553240831247 0.0887546782224377 -0.00327892722467629 -0.222603783042926
0.121988022257555 0.0170519245280689 -0.100029724614776 -0.116113147969841
0.0935044007339794 -0.0435629857323323 -0.085480568767991 -0.0231338124502532
0.0884123196832009 -0.0532451887566693 -0.0473491897454928 0.0415759205608413
0.0892454266292994 -0.0504434003314024 -0.0137752689164123 0.0974557422879287
0.140326990784696 -0.0096052626766493 -0.0195220821377421 0.149955368095884
0.135984086639027 0.0853593940213993 -0.0941183931782331 0.172159293362622
0.0697546769326587 0.150544434571276 -0.193581682269267 0.0920084075694444
-0.0945811559624241 0.187587660980775 -0.201094435901795 -0.0799884200059661
-0.24320589001669 0.0749989871333661 -0.0831252788568342 -0.171465772674173
-0.279359997938682 -0.0849379982405433 -0.0156635683170177 -0.0581473528500054
-0.198789424066864 -0.147886997653954 0.0318895730424529 -0.0136863861359024
-0.236022575946619 -0.0189246606356109 0.0569591621145328 0.210201938200859
-0.171472441441735 0.108949187723944 0.234770613690927 0.146097160942223
-0.00650078864822309 0.170756702974674 0.242356502430075 -0.091576491937417
0.104202857029315 0.118731173031189 0.0631647804847562 -0.178817976158037
0.145411341160669 0.026934443473954 -0.0342641706342096 -0.120358916119678
0.111653710837125 -0.0520145956853459 -0.0377477459493999 -0.0496162988471775
0.0960865857271525 -0.0686080213429948 -0.00899846142444459 0.0159569197171747
0.0913648913222556 -0.0625793865108845 0.0277840698382307 0.0712704238812963
0.143798657843553 -0.0221055406760963 0.0352345925043934 0.137167222926458
0.15059215345822 0.0746299335422477 -0.0325222260092619 0.190058092505951
0.089875854378198 0.153293458635327 -0.15658062474501 0.14470016960598
-0.0920689292696113 0.197735311678312 -0.188107701349801 -0.0257059579907103
-0.241417984787458 0.0647756182417834 -0.0678448668928619 -0.144232909224436
-0.258688117782352 -0.0964185268442403 0.054887340689747 -0.0190540785905304
-0.146635495035939 -0.161180323461665 0.108722958008543 0.0505063226165614
-0.217834146876091 -0.0718895605484328 0.0749412098472649 0.228824787374509
-0.195899571044625 0.0692621321472224 0.206440682204349 0.195657862667762
-0.0377776666750593 0.170988040887034 0.236730183130096 -0.00594222354488808
0.0929855649182701 0.125958578773257 0.118649402992275 -0.11505613458585
0.140643489267459 0.0342949896981294 0.0357115023528512 -0.113548024737792
0.110638563454937 -0.0504966998146665 0.0144980041852402 -0.0727172918727573
0.0896026121812069 -0.0725281924281825 0.0283159857884459 -0.0111553450180232
0.0821386014873636 -0.0670044945401792 0.0655674686071828 0.0427296351122752
0.129541502657382 -0.0269125162244917 0.0801123840371264 0.116897091597952
0.141393250913729 0.0627140350990464 0.0200203398898188 0.190765388886066
0.0856299572379767 0.144400351901562 -0.117838708222379 0.172808946039431
-0.0968635972410688 0.176846262830618 -0.165592357511832 0.0128672230217924
-0.216698261784783 0.0292606735715735 -0.0514616706269051 -0.117437623199443
-0.20120030901816 -0.109215267159171 0.110483403466901 0.0192226794496412
-0.0702693877044911 -0.13853483002262 0.167394550134703 0.109425212152579
-0.152009911904484 -0.0984451900836829 0.0870770279870637 0.237548213331967
-0.167622207357237 0.0258020213396209 0.16970507938458 0.220173805858171
-0.0463229966591096 0.133152153236631 0.208842973929349 0.0629384762874885
0.0687159955835469 0.100802174858248 0.154565391002503 -0.0528906683365853
0.109267879133909 0.0303349862495447 0.0937503474514054 -0.102005527873925
0.088802916021997 -0.041524319049172 0.0584848385496074 -0.0910091522508566
0.0700386454578417 -0.0648677665877157 0.0594330923465187 -0.0355113834838835
0.0644361572182016 -0.0602566338360863 0.0967492962974758 0.0165183946586279
0.104432219548403 -0.0262327403354228 0.112751978275265 0.096760038838623
0.116954372406846 0.0495768016915628 0.0585009980892054 0.186783597647759
0.0654269431837234 0.128578163518746 -0.0878840933749628 0.18705864153532
-0.103093149570301 0.136067302509213 -0.145144045494332 0.0393071829663397
-0.174432546806755 -0.017053195645995 -0.0384309561087789 -0.0907934540141903
-0.119190768010047 -0.117158748857933 0.144209163083451 0.0572758631271264
0.0172604242801399 -0.0883229845775592 0.201428742935152 0.143730402359174
-0.0591956869688932 -0.0916898359167121 0.0929498179629642 0.230290687563289
-0.098365639677279 -0.00416530871787144 0.145393520757047 0.224593207723961
-0.0284041475557648 0.0721464096806322 0.187739682453941 0.100973036208596
0.0395661653061586 0.0500160264117906 0.175823584236686 -0.0186500050620303
0.0588810741220052 0.0156277771699002 0.127427505248575 -0.0992922742533149
0.0500149890432201 -0.0268123293993214 0.0862146646258536 -0.104076720576876
0.0404033698725057 -0.0468884262407152 0.0800542918251824 -0.0538856759209286
0.0412750248535183 -0.0445134972776604 0.117864217378305 -0.00308870093392749
0.0710627848506639 -0.0221598723248313 0.135133574668906 0.0834744729873456
0.0846371199056551 0.0329038972087189 0.0839776545991 0.1854821348136
0.0397334912585044 0.103905000442925 -0.0703331810175497 0.196042752462388
-0.0999367599433118 0.0847471187811994 -0.137470441935593 0.056737989293974
-0.114869405268478 -0.0590785563020909 -0.0369446883771406 -0.0682580464119417
-0.023777028571632 -0.11065121711079 0.151341490566289 0.0916331293622145
-0.0832632139132393 0.0316732719248318 -0.132869384748742 -0.156754893712144
0.0284856381962487 0.0650520246217574 -0.0358424971882036 0.112695790240812
0.0645879184689553 -0.00295358929620011 0.180556819768786 0.0307796453825616
-0.0020149995237871 -0.0553140951853496 0.173954140749414 -0.170703186045708
-0.0384249149787371 -0.0160709978354757 -0.00765343133375784 -0.25174303500601
-0.0256186673523621 0.00892192930567316 -0.133288978620041 -0.148556352029984
-0.0177038990568844 0.0198119297184576 -0.140147597252994 -0.0368494246763573
-0.00540722132415602 0.0207175924064953 -0.1264998269299 0.0247698480384897
-0.00580884362476146 0.0120583091715239 -0.133762684292334 0.0657645894307674
-0.00292429066219302 0.00207773581763966 -0.173877395685698 0.044573696582597
-0.00753361748913396 0.00378901554755193 -0.18727065171707 -0.0420044950982967
0.0060774742890803 -0.0063176601480952 -0.13099090200104 -0.166421625429097
0.00494714214251831 0.0425369626180239 -0.049764795203675 -0.262657116882612
-0.0572050118453157 0.0515420791762804 0.010454634535565 -0.282893725865584
-0.119217872344248 -0.0250229803474 -0.0920161774590332 -0.247229291532298
-0.133214068335224 -0.0472376014943017 -0.110053920232742 -0.15202695711262
-0.0540132942734054 0.0453223943643429 -0.0365981501796295 0.130462924574817
0.00623856446700777 0.0340225672681381 0.196868008538815 0.0582184088398693
0.00175961423077296 0.00294736920052408 0.20531823828551 -0.168992334054266
-0.00511370598278635 0.0254573049391724 0.00737381631862758 -0.258835872028837
0.0202348156399498 0.0236454750339199 -0.124427253782962 -0.155284909759438
0.0252352745029773 0.0108364172128862 -0.136916638134548 -0.0409529806452173
0.0384825066485839 0.0105135044336893 -0.1210757397978 0.0272736557513046
0.0426943894484071 0.00990653544481101 -0.122368276114248 0.0777418751808421
0.055337420009915 0.0347600889668429 -0.164303384446629 0.074442808300915
0.0185374466558658 0.0739659427109939 -0.200979207359493 0.000383169654638023
-0.0262221515425635 0.0653221050107175 -0.168722514868841 -0.132851024051408
-0.0859271225074641 0.0592252845025246 -0.0807875776886346 -0.246716780112951
-0.149674968823726 -0.00275645482941987 -0.000122010062745643 -0.259835070930671
-0.179437366312647 -0.110929321809981 -0.0685518070780674 -0.203982535234305
-0.159492865354447 -0.128768388559525 -0.0723089058021727 -0.118343017277964
-0.134979720253295 0.00373653896419639 -0.0372383290191104 0.162325661034192
-0.070366026181636 0.0592364586791202 0.207954807819485 0.114748741656834
-0.0094526489292718 0.0688321207442345 0.247367158057451 -0.137140777606053
0.0257604687062564 0.074229724949437 0.0446610363625714 -0.250091122899
0.0668840037582997 0.0435854126768018 -0.0936223400934033 -0.159447059697042
0.0676593156105616 0.00370150300800178 -0.112659154616251 -0.0488234741205484
0.0768148986749186 -0.00135311425475477 -0.0976615086375928 0.0256944840948141
0.0809107826565068 0.00200421556559863 -0.0916302893463746 0.0862922984126211
0.105075729334997 0.0490193193683855 -0.128835995437988 0.109933596086039
0.058482002219537 0.119875831935334 -0.191564693588787 0.063980099406285
-0.0216251202823164 0.130600742308446 -0.20582223070753 -0.0679609758849544
-0.143267710254156 0.10302182910029 -0.125190912104133 -0.210893283509369
-0.222824656267084 -0.0212410674749317 -0.0106006482618718 -0.233194536390309
-0.222815671742988 -0.163827443699799 -0.0294541670864243 -0.142043131646872
-0.155985248639267 -0.19634127739128 -0.0260383994823005 -0.0557181634009006
-0.193529616149305 -0.0568510589455066 -0.0377137509554209 0.200506214620664
-0.150497035334925 0.0593883023648437 0.200425386576526 0.186471363222183
-0.0398847581014607 0.126168619309962 0.278311916099246 -0.0711981585056278
0.0449892502700371 0.121956281829032 0.0940308354207998 -0.213148753125513
0.105384557872079 0.0665220304475188 -0.0425253419734932 -0.153031200360894
0.102858677485494 -0.000391341227122227 -0.069913269510978 -0.0577807331619748
0.104150746728799 -0.0141629259421364 -0.059826212567986 0.0198496457385065
0.103601166409414 -0.00933132652810641 -0.0485157981112933 0.0875856122515373
0.13619285346768 0.046311226204845 -0.0769795562071684 0.136103310686928
0.0959096024006219 0.1354511762502 -0.156025657291016 0.124963012909735
0.00500029994513789 0.170762690075195 -0.218725059073304 0.00873120561838407
-0.164736938742489 0.143873203276641 -0.158584883334461 -0.157741710193027
-0.2583137216297 -0.0224292820266926 -0.0160859866338624 -0.20521446145276
-0.235770451621129 -0.187236418317759 0.0197625639225943 -0.0748537929438209
-0.121223754409528 -0.231204621391927 0.0227536335103928 0.0263866226867265
-0.206287538549644 -0.121422451821644 -0.0355839320843049 0.235002114144446
-0.205107661686875 0.026526716602703 0.165942757420942 0.249818990548084
-0.0816501592140633 0.152164983404988 0.276254685640578 0.0166466896202535
0.0443105645774068 0.15436876205209 0.13941217813777 -0.144685732533248
0.122854668699378 0.085457452891253 0.021765551142404 -0.130623073582952
0.123001540020332 -0.000888431440672686 -0.0148128737506213 -0.0633074282778099
0.116603777266974 -0.0245356993862594 -0.014374708013741 0.0115714623554317
0.109835083787635 -0.0208431849565909 0.000739931840856675 0.0807997302740574
0.143999126099461 0.0359371499359287 -0.0202797447436174 0.146671770184585
0.113779925588315 0.130134784749003 -0.105801803758575 0.166941538996828
0.023722512516083 0.180955454053937 -0.205140799172558 0.0741908312750181
-0.16485454279789 0.155512748717079 -0.16933218868798 -0.102347170167579
-0.253724510646958 -0.0314115475943943 -0.0127325780966765 -0.17414162871766
-0.209849570210659 -0.190095863642601 0.0683243656435745 -0.00824047383623345
-0.0651206569211161 -0.220741018679462 0.0641006431020126 0.112055183197895
-0.167143646776978 -0.161878343192018 -0.0302852925792968 0.258469541123363
-0.210758139656431 -0.0189365361439304 0.115091377096719 0.285367800949991
-0.108434321145269 0.138760159467532 0.235129261597393 0.0966595435208103
0.030355911814087 0.154758922984761 0.165393495436772 -0.0606640445084389
0.115372467283338 0.0896952434475227 0.0836628803566884 -0.0948957749496157
0.121254726253349 -0.000541939898261914 0.0423871339649024 -0.0636403701894595
0.112232336731109 -0.0319166526376153 0.0312175083793617 0.00126122380632434
0.102885266982479 -0.028422676541837 0.0474419361253932 0.0694197550002206
0.132187976454298 0.0247874141233422 0.0297084589122158 0.145341795181178
0.110136325707212 0.114420913554558 -0.0577609310412534 0.188579826051957
0.0239742194749663 0.170422086502527 -0.180462953501497 0.116610106415835
-0.159839758594308 0.134197775177302 -0.164070336970564 -0.0567772874490304
-0.216707320022559 -0.054938517831839 -0.00564642770056846 -0.142300760084866
-0.149978625294369 -0.180387331327158 0.103666903997615 0.053636491030131
-0.00344943569750846 -0.164325466317567 0.0949074543554488 0.182761973645835
-0.0955571001318088 -0.157799625546367 -0.0249514946007736 0.267448946535762
-0.165223603642161 -0.0474184407467139 0.0678945618929966 0.290844219773326
-0.0999955847264575 0.10034481038768 0.178482510113182 0.151740207492668
0.0189045729108168 0.120959814257519 0.172419117533133 0.0142357542538705
0.088432800466075 0.0724939133256123 0.131881064364631 -0.0593615698450615
0.0977281221168805 -0.00171610660162296 0.0914693837431652 -0.0620799969658324
0.0906521361261243 -0.0332230891650734 0.0698447525921741 -0.00840161094579201
0.0839642659512194 -0.0301508113221053 0.0864001071665133 0.0568647117181929
0.108346584282447 0.0153726015579949 0.0682424676367292 0.139774044981567
0.0925483216620184 0.0919359317671597 -0.0209203444384313 0.200050837781567
0.0121012700916454 0.14765137243927 -0.158593413537561 0.141316697343226
-0.149452211819514 0.0942835318272795 -0.154432215010291 -0.0249967462988079
-0.160042257496957 -0.0824305636825437 -0.00279413177177322 -0.110269557144563
-0.0689205080133494 -0.1566596107581 0.118085958920132 0.107685167182309
0.0560357165109518 -0.0768669352336538 0.115575346387815 0.218812432340253
-0.0142048751317767 -0.110650192357359 -0.0159445533876069 0.258157172095062
-0.0879762889254013 -0.0444207368936811 0.0417779457915898 0.279891601324742
-0.0556764390338775 0.0526076942070823 0.139824497137008 0.177360956704618
0.0135302720140446 0.0614397685270906 0.175148865816991 0.0557556390589467
0.0474135085865088 0.0383799888294081 0.160224156864323 -0.0418713727999542
0.0566408789779172 -0.00436308131880186 0.122487099553461 -0.0621763321606904
0.0555191445644758 -0.0284994960986573 0.0956400821109363 -0.0176245670976512
0.0558534726088923 -0.0256897246845002 0.111972390221133 0.0463864745192715
0.0760032284417809 0.00519280958262543 0.0931702234047103 0.135412852713015
0.0686090307855681 0.0628035237854398 0.00292403997441289 0.208469878849955
-0.000825347505405097 0.113701576579742 -0.146439308331677 0.156598889851558
-0.126685636517669 0.0460751758728595 -0.153457517987047 -0.00529306617508365
-0.088414501521741 -0.0991430756582829 -0.00756821413708227 -0.0860731425342093
0.0194662371783276 -0.114405816062221 0.109647565836247 0.147149449379317
-0.0847557202746937 0.0354089990615029 -0.140604329795533 -0.157446473514133
0.031635682131387 0.0647687176363654 -0.0306192629165242 0.118474625308182
0.0664853912107274 -0.00589063226432336 0.188589073379198 0.0256145851505709
-0.00470139982113202 -0.0561833027620075 0.174248066362217 -0.181937270818486
-0.0405812872801363 -0.0140829700274593 -0.0185516631790956 -0.260816382148957
-0.0254328392786287 0.0103529112596404 -0.143217866558265 -0.149878337951718
-0.0155222173094827 0.0213288731329204 -0.14471171362192 -0.0344019609707312
-0.00360452604379856 0.0216526502416065 -0.129562863821214 0.0291989877794842
-0.00433288312783373 0.0128486050376879 -0.134238160466531 0.0723351893767093
-0.00265006186346881 0.00337873526421879 -0.177759949927818 0.0526848371079544
-0.00826804573468899 0.00516525460235553 -0.194681401849982 -0.0377451572936762
0.00439111528445365 -0.0065099807954606 -0.140902301243833 -0.170492350235331
0.00674401576614006 0.042660285206278 -0.0606544100609902 -0.271412420890893
-0.0562408624087322 0.0530202237118315 0.00528219259742407 -0.294280938817454
-0.123931909059072 -0.022416296194606 -0.0990115473038491 -0.25551950213586
-0.138185760331923 -0.0447223551288926 -0.117183816683461 -0.15354793238855
-0.0536424520914475 0.0468735021097682 -0.0301680386267232 0.136420442080021
0.00715211599315344 0.0335990308328876 0.205879471519981 0.055230135217457
0.000447305121949235 0.00304003947601709 0.206258474201951 -0.180213421341418
-0.00502538957646863 0.0274906837312221 -0.00250067436816013 -0.268154671165126
0.0219565153338133 0.024814504079037 -0.134042399313485 -0.156306872169312
0.0282456178596378 0.0110218379912132 -0.141584898299969 -0.0380323189093834
0.0410525844564811 0.00963178093208412 -0.123020083570244 0.0321811228383647
0.0452745571156528 0.00937754231218058 -0.12139790354421 0.0845068698424169
0.0587570657409491 0.0357114354866408 -0.165810994180082 0.084062700684881
0.0211095656722629 0.0775589819512694 -0.207187943721821 0.00771523008527776
-0.0274645138436425 0.0685994053112282 -0.177836744710776 -0.133964803433392
-0.0871214968742762 0.0619895072680736 -0.0921464843414596 -0.254833330437828
-0.153409200088011 -0.000682807765875515 -0.00552699378975998 -0.270083762492572
-0.187893111740247 -0.110486735507177 -0.0734956035162258 -0.210470758583435
-0.168179932419969 -0.128932532734313 -0.077364898509182 -0.119558742508526
-0.138054562447113 0.00664335700034057 -0.0310468714678557 0.169720292837143
-0.0709918304784332 0.0624098784412356 0.219036502951958 0.113511606235983
-0.00879680766633984 0.0711265166955689 0.249785599035837 -0.149682129923257
0.0284982487813889 0.0765970632626793 0.0363460109508785 -0.259484439925039
0.0709343630618592 0.0432238183354457 -0.102800032504573 -0.161878831400791
0.0711860585652535 0.00291145103594649 -0.116794235790951 -0.0471091689121341
0.0798958168225351 -0.00373772526889638 -0.0986406210730151 0.0295654876446263
0.0838249235306037 0.00121801324589769 -0.0891753443733294 0.0926525848831839
0.110187040890074 0.0479827628362972 -0.128356333154475 0.119475299445986
0.0643983506502884 0.123217737201906 -0.195959196666943 0.0744133192720968
-0.0198728018438031 0.13584294256732 -0.214367306093069 -0.0649223192223257
-0.145682655659869 0.108821189997176 -0.137373787692918 -0.216420899677201
-0.229763164192964 -0.0186095581824666 -0.0166288337589443 -0.241939622964577
-0.233521096414407 -0.165758064996845 -0.032914838860234 -0.14836630478303
-0.166699700375041 -0.199722086163038 -0.028745883376883 -0.0570292872255463
-0.200055103693471 -0.0536875801243712 -0.0314607872159225 0.209237687188888
-0.153872897794921 0.064436985456458 0.213709771556307 0.189357820923164
-0.0386908543151394 0.130932246880907 0.284160625779325 -0.0821091399822978
0.0493106175379524 0.125193132196564 0.0887964556157389 -0.222517238966623
0.110488755064259 0.0653671098777168 -0.0494773604361656 -0.156967422830231
0.106670151882466 -0.00225871158669041 -0.0741495438795671 -0.0571577226333888
0.107325614776094 -0.0172563998011442 -0.0598322147317888 0.0225892774516168
0.106812874187996 -0.0115578841402166 -0.0437945259134931 0.0929250877749174
0.142512975022064 0.0443167579657828 -0.0727364148276941 0.144489059557815
0.1037245774309 0.137946281790034 -0.156237484957152 0.13736421496016
0.00819864150389937 0.175521790012896 -0.224242645818314 0.0161348426614816
-0.166143219570961 0.152708776162858 -0.170807012496058 -0.160092096519477
-0.267604589173263 -0.0176735456826132 -0.0211071593543759 -0.21322597992
-0.247945301025096 -0.189935783516364 0.018599186268067 -0.0794897473890487
-0.131874300622014 -0.236640067239707 0.0231481598426515 0.0267928710226729
-0.215182285055329 -0.119799065018321 -0.0292431532118651 0.244499639974553
-0.211649232566642 0.0332404028967834 0.17975846598628 0.255611153055758
-0.0803523504232968 0.158842974328316 0.285021094841987 0.00900606731001012
0.0502343375544896 0.158218331505325 0.138762048687102 -0.152764134077668
0.12975255358551 0.0833317193952046 0.0170406477157517 -0.135589489017005
0.127023276776691 -0.00358802559875083 -0.0177466389228111 -0.0643381444178134
0.119086751187268 -0.028894774291118 -0.0133085532757831 0.0122086272327799
0.11229885906906 -0.0232558891898189 0.00647818715023327 0.0847022301186733
0.14982335631657 0.0331832870529899 -0.0142291914642132 0.153380002050971
0.121787149451924 0.130792946550497 -0.103021921558963 0.178679935403131
0.0286552279525827 0.185713265618626 -0.208236251251598 0.0837676592192819
-0.16557451383917 0.165306472217569 -0.179778747379799 -0.102154596453157
-0.262499543671653 -0.0263018957165068 -0.0179984728010048 -0.181557122643921
-0.222250913742153 -0.193701862551903 0.069678641107097 -0.0118593057271907
-0.074491947177397 -0.226816885887591 0.0677177107041468 0.11393810352694
-0.176399978061661 -0.163198968877824 -0.0249002302615503 0.268685147367749
-0.217829380434707 -0.0138516694633006 0.127347347837767 0.293830876443712
-0.108258478423264 0.146238190165355 0.244997783745328 0.0943207439063041
0.0360200122373991 0.159060606607103 0.168536646845032 -0.0660479807587264
0.12215167630316 0.088389191136338 0.0824560374137522 -0.100373403509687
0.125143816648711 -0.0030876223294617 0.0404819055565785 -0.0666000637746083
0.113560077789004 -0.0363567005220433 0.0328131222745375 0.0010196300355604
0.104263559563131 -0.0311369562204023 0.0540689386507165 0.0707633629237666
0.137086379094166 0.0215638052626358 0.0371285780642579 0.149902447852927
0.117256468126028 0.11427755688523 -0.0530089666860173 0.199852464433607
0.0287738424231069 0.174255659897544 -0.181196862444589 0.12759325238823
-0.160640691778623 0.143777063482652 -0.171914677166923 -0.0551994284949665
-0.225543398461385 -0.0511216038733158 -0.0111399050702846 -0.148663078946196
-0.15987351244687 -0.184255479781532 0.107138007949396 0.0508540173171917
-0.0091408315836171 -0.170719664281752 0.10084381504639 0.18651648395809
-0.103074355593163 -0.160902474195748 -0.0196645453204189 0.277851264153007
-0.171803150083258 -0.044025362761596 0.0788204364794667 0.300332312201524
-0.0993185325208732 0.106192902136245 0.18809444925961 0.152692875184446
0.0227628117470512 0.123529036667916 0.178097811536174 0.0108023715863125
0.0936957292905325 0.0713182833275868 0.13319182538589 -0.0655260284644403
0.100992519160555 -0.00469467165188139 0.0908059262488783 -0.0665739519515192
0.0912905647105423 -0.0370953882837181 0.0717950598657381 -0.0106442017652764
0.0843463109052647 -0.0331553397138098 0.092817714261248 0.0565668174366165
0.111966473748702 0.0123396247453477 0.0755009891730389 0.143080819061345
0.0983980642675207 0.0910525967592833 -0.0142870944043124 0.210713686022298
0.0168591405771831 0.150392324412075 -0.158176536851723 0.15194815529056
-0.150414275543995 0.101953516521923 -0.160923880261819 -0.0217363438893696
-0.168849698419604 -0.0815534257745536 -0.0069659416741885 -0.11522360632106
-0.0757249200085714 -0.162068720887111 0.123315744918982 0.106621113578429
0.0541971610965136 -0.0818363572883959 0.122718784688044 0.224264898451992
-0.0187052418610322 -0.114328006101333 -0.0118354900873723 0.268531886423966
-0.0914582701315155 -0.042395945450111 0.0522726065458486 0.28921619413374
-0.0548062426375497 0.0554588931992937 0.149413208734831 0.180594561120184
0.0158651224911039 0.0617200435473026 0.183449162207561 0.0530515291173789
0.0505373175218368 0.0368397491195875 0.162580681967224 -0.0483567962928866
0.0578583196247256 -0.0068276669034538 0.122312575796421 -0.0679311702954776
0.0549829281141943 -0.0314838115170661 0.0981881747892277 -0.0202472275003881
0.0559894929080668 -0.0281362450570543 0.118576806541436 0.045377645041896
0.0787830981057685 0.00267334648405155 0.10078069949138 0.137978803457631
0.072417835380772 0.0622377647227803 0.0101264455884747 0.217628790977798
0.00260390317003163 0.11623049916043 -0.145588753505809 0.166549964102744
-0.128802673374633 0.0521705607510867 -0.159255155954306 -0.00138731323646258
-0.0958304916011933 -0.100395946963752 -0.0119884114351492 -0.0897351945016948
0.0159846862170042 -0.119404324492495 0.11558244161373 0.147542339709212
-0.0858670627734178 0.0408248541436066 -0.152865435776682 -0.156556842491558
0.0358029155930982 0.0645953371857668 -0.023468413657588 0.124302857583885
0.0684975402970758 -0.0105735055532466 0.199279850143494 0.0176989261004134
-0.00842258132536745 -0.0574821188103066 0.173342947942221 -0.196957879909043
-0.043448753520046 -0.0113284694408262 -0.0336405994169792 -0.271571825414121
-0.0254298233010689 0.0131371446886843 -0.156776862762822 -0.149918496887378
-0.013509866066502 0.0226956608463262 -0.150838862992824 -0.0304689581867584
-0.000998222081430508 0.022643536529477 -0.132560981667889 0.036472065236318
-0.00285568559444473 0.0143355962316821 -0.135016690492165 0.0818325871036186
-0.00235354865320398 0.0048617324419672 -0.181004132474454 0.0645956331383828
-0.00826118749011627 0.00707836530623226 -0.204730084468693 -0.030403349283085
0.00226211529151902 -0.00680588300821119 -0.155581227777102 -0.173614065946384
0.00972990686398943 0.0423544574707485 -0.0774390485472213 -0.281501786611306
-0.0550939439912238 0.0558063402618984 -0.0065073556459829 -0.30858366621863
-0.129942026254685 -0.0171538882756843 -0.111719204897925 -0.264515130129514
-0.145557140820568 -0.0409865379663993 -0.129187095039648 -0.154464971605475
-0.0529335390907461 0.0502327586499598 -0.0224744013925029 0.143347649264266
0.00863039877668282 0.0340007361705548 0.218911968355699 0.0486953164013652
-0.000792853000412801 0.00301592079389317 0.205437341184919 -0.196805584728328
-0.00412856666248641 0.0300661246443604 -0.0169589157675763 -0.278839684469725
0.0245697596588767 0.025243058138525 -0.147706676086628 -0.156147288101234
0.0308220932436986 0.0106392472296068 -0.147383931841897 -0.0335123281858967
0.0443907375195211 0.00852355191034629 -0.125452619455532 0.0390040158290582
0.048760637914075 0.00892157034935105 -0.120457585630917 0.0947679611608568
0.0630669752095035 0.0356449748779426 -0.166702360404716 0.0979419930808765
0.0262025474717845 0.0807632103201904 -0.215639780889054 0.0185874123351447
-0.0280509142875801 0.0725572950115057 -0.1924161735034 -0.133162917302785
-0.0880423510018511 0.0669222356990612 -0.109835892645981 -0.263415158533203
-0.159076161292656 0.00430427486986352 -0.0161091292222342 -0.28315501583651
-0.200079817285129 -0.107643436063965 -0.0836717618055994 -0.218871266431328
-0.180387278476681 -0.12709257369376 -0.08638352654841 -0.121260444639664
-0.14222665113349 0.0118665411188578 -0.0222574123846089 0.178611350633148
-0.0713170551816091 0.0671752677680504 0.235589818197182 0.109699935989219
-0.00749803507521645 0.0739259261902248 0.252196438517591 -0.166263168506854
0.0333947493353846 0.078906593596988 0.0239366793115148 -0.271904545762302
0.075776012123032 0.0422848723414659 -0.115356990958901 -0.163337305274514
0.0749488020348279 0.000718124717304085 -0.123243509577849 -0.0429631174351131
0.0835251268173519 -0.00703328024117352 -0.100199637556434 0.035272415362122
0.0884776271183136 -0.00160516412145671 -0.0854561629976099 0.101720585650417
0.117633534541765 0.0457486862781567 -0.125525240550784 0.132702863986745
0.0738404129680284 0.126087266920951 -0.19920313819599 0.0892569577555134
-0.0170067984151008 0.14280392121988 -0.225748105317661 -0.0584372224170614
-0.14738829870839 0.118728692736219 -0.155008211277861 -0.221060591121778
-0.239990273322159 -0.0107397030614126 -0.0274356692742787 -0.253862042004513
-0.249943313815211 -0.164827261494487 -0.0398323568147376 -0.155676069202191
-0.182159310627246 -0.200823370531054 -0.0324164471084701 -0.0590115957609774
-0.20940612560109 -0.0483423675463116 -0.0216942042987432 0.220002844392715
-0.157768833911601 0.07342854592886 0.232074163674851 0.188505933136361
-0.0350963806211304 0.137953608721782 0.29130376884766 -0.098227219273339
0.057611477321999 0.128852817447191 0.0808727823725657 -0.235379530335286
0.11831542355549 0.0625764688499191 -0.0595878910209103 -0.160627219623036
0.111523267753754 -0.0062215004104234 -0.0794908584417809 -0.0555012146482611
0.11102772570765 -0.0227472363892562 -0.0602145844357747 0.0263160831553288
0.110851185770318 -0.0145181173530902 -0.0377493352521484 0.0997068870805526
0.150931749001596 0.040124685281116 -0.0665190390465809 0.155483750406615
0.115034347900812 0.1395362704623 -0.155626943814974 0.153956555180217
0.0145357101563857 0.182892336785867 -0.232776468147194 0.026672503368395
-0.166106962263547 0.165923999135637 -0.186800000941459 -0.160983596216534
-0.279873220434442 -0.00866769035912988 -0.0318918365393248 -0.223607999112995
-0.266510587893516 -0.189872868240321 0.0162231934060446 -0.0858153688756865
-0.148080993250527 -0.241105267884046 0.0242432111839057 0.0259731470898092
-0.228434723616912 -0.115898624039789 -0.0189467361271505 0.257050693337367
-0.219947806012217 0.0433678680893791 0.199960713892119 0.260265824968801
-0.0770635620895877 0.16883598080911 0.29596662750501 -0.0030096814797661
0.0592524065444803 0.162846987380428 0.136428854820117 -0.164197680591557
0.138924200283713 0.0804519076869296 0.0105600129451524 -0.14148880663669
0.132338452962723 -0.0087506249359425 -0.0220662433248982 -0.0655490950383019
0.122323433141418 -0.0353529841741617 -0.0126004228618192 0.0136838705712793
0.116025450331487 -0.0275080287233418 0.0139544399386459 0.0879042741423281
0.157954195868219 0.0276433916262125 -0.00526466083660912 0.16209797593848
0.133632442256939 0.131162817295113 -0.0971756842855301 0.195023757877794
0.0368592192874059 0.191349875298754 -0.211830924963525 0.0981139032476715
-0.164581576482925 0.179923656201891 -0.19315710639218 -0.099644585259759
-0.275674722132908 -0.0170203527583499 -0.0273195117292211 -0.191336246439456
-0.239859963463588 -0.194580100312613 0.0716132091714444 -0.0171285232815494
-0.0879308745263423 -0.234329099040749 0.073969563622418 0.115642922145243
-0.190641378195119 -0.162939214013005 -0.0149588034791838 0.281714194874571
-0.228326920800667 -0.00558415174787513 0.147150130077675 0.302215362576893
-0.106550022580163 0.157151118309595 0.25819680473806 0.0873462322497805
0.0445779509221229 0.163962538748905 0.171898192991229 -0.0754846029070446
0.131854985370344 0.0851019236123141 0.0795829619625554 -0.108654339441017
0.130055195737451 -0.00888200691066251 0.0381059484991546 -0.0704780212775794
0.115276192682113 -0.0431272359785046 0.0349634360167651 -0.00034918554967364
0.106859939055444 -0.035558085557873 0.0621169560387364 0.0715397729883729
0.143520022243409 0.0166537013806064 0.0476272903896787 0.155641795654158
0.127358667955343 0.113271943237635 -0.0445217708980323 0.214579697856345
0.0375785144629046 0.179464890781106 -0.180829863996566 0.142039266979858
-0.159960136378586 0.157302549494051 -0.183298841906618 -0.0500979126709333
-0.23856565749838 -0.0437374331072269 -0.0189687413700754 -0.156042013012611
-0.175315068021539 -0.188153804346288 0.112859146147822 0.0468992843614379
-0.0180610292547192 -0.17827657935581 0.111001723833352 0.191146546376357
-0.115237115882733 -0.163797411974537 -0.0102090366494707 0.291973712917627
-0.181437887831458 -0.0382470794459122 0.0961816881822726 0.311416771412786
-0.0984779062941356 0.115034950918249 0.201951901461328 0.151837884829483
0.029386744866706 0.12709021506276 0.186344450127115 0.00462061768090332
0.100768563607465 0.0687907307864285 0.134268068146607 -0.0745890619195034
0.104466828807131 -0.00916437559328446 0.0898380851886959 -0.0727274460453631
0.0914961577917567 -0.043516077792814 0.0749832528747919 -0.0136813039415065
0.0858206617522355 -0.0371780046919913 0.101177688445968 0.0549422307316753
0.117431263237002 0.00721907946147589 0.0868927024254742 0.14704094661926
0.105976503755624 0.0899702742553612 -0.00360651963550564 0.222767829731408
0.0244315614586983 0.154775626506451 -0.155931668733234 0.167167526092033
-0.150886665179383 0.113553695149544 -0.170311555215297 -0.0161688311766058
-0.180400025820385 -0.0772251334711381 -0.0136823097855909 -0.121710967461675
-0.0877655113317806 -0.167200277601144 0.131694501685147 0.104088119721261
0.0508360693607213 -0.088833821227325 0.134370409639054 0.229756097912748
-0.0256240386669503 -0.118483798991754 -0.00316032180831918 0.28249964885505
-0.0969611423533957 -0.0399050313267557 0.0672635957505285 0.300545291842325
-0.0534504328154832 0.0596142136067756 0.163832223423482 0.183210055473415
0.0194128390844609 0.0626399783822624 0.194182524760674 0.0476392299471504
0.0546550359413124 0.0353306691402109 0.166165552778501 -0.0580285401698435
0.0598761691565793 -0.0101905615991167 0.12265397694667 -0.0769315900878593
0.0538255917638132 -0.0363939175758158 0.10110031958394 -0.024886226755303
0.0562847587343624 -0.0322122054038417 0.126450497407317 0.0413561245475847
0.081922106428189 -0.0016191647067422 0.11249068442956 0.140531366392613
0.0777516537071481 0.0602920141072497 0.0224588351229191 0.228530905358619
0.0086787849293416 0.119804691305887 -0.142834438652428 0.181816142020558
-0.130205999461418 0.0608794700636952 -0.167563033126882 0.0055843657585169
-0.106206302427385 -0.10016955437727 -0.0176644527463752 -0.0942662961338565
0.00988427512192878 -0.126370555108797 0.126096224619334 0.147248850180689
-0.0848483835472893 0.047706559855701 -0.167834823137912 -0.150738272822806
0.0416297400663552 0.0626816993278529 -0.0127907668332968 0.12817005520522
0.0698618943750019 -0.0164991850945989 0.207201879389153 0.00383483339992983
-0.0134968492145793 -0.0577586064266015 0.165287017633394 -0.213823832631449
-0.0456429658728357 -0.00694594011615735 -0.0558107362817319 -0.27716892214914
-0.0243049429338066 0.0161638499941813 -0.172195440807004 -0.142869159003571
-0.0110360079874942 0.0238614675891498 -0.156288979297394 -0.022460123298601
0.00208959153792702 0.0233706162421611 -0.133608061063395 0.0460006425485652
-0.000366349628463122 0.0152241834905475 -0.131113604579522 0.0931601733613403
-0.00183122904064228 0.00656010205749715 -0.180097202239304 0.080693967040992
-0.00802636721688952 0.00903983358252599 -0.212551346383721 -0.0172999990997556
0.000181054703617562 -0.0064895643958455 -0.172952031631878 -0.171685903594688
0.0126920758070861 0.0408289146784053 -0.100064804810695 -0.286038530112445
-0.0523251182771428 0.0589495866012369 -0.0252958083954638 -0.318920839283152
-0.134674191837776 -0.00855854107385402 -0.130143292120186 -0.267384415665727
-0.152344854429452 -0.0325174513297217 -0.142270013333843 -0.150578105912976
-0.0505118719658656 0.0538628663355593 -0.0104046813337291 0.148130626021789
0.0114147731370706 0.0325913969605855 0.230340375829394 0.0346424636373064
-0.00186666007518425 0.00378372159718272 0.197281800175956 -0.216027813785054
-0.00249199796270501 0.032790933391211 -0.0389924233104469 -0.284877238167265
0.0276635927626306 0.0249233405735126 -0.163872251678469 -0.150115606434683
0.0338566723299578 0.00867369703266681 -0.15272131436344 -0.0252318462518434
0.0476038977701325 0.00583217162284274 -0.125346230873273 0.0486298927739317
0.0516593378562751 0.00668376771510328 -0.114449182075814 0.105604804130145
0.0682017757636733 0.0328437743337725 -0.162793328085314 0.113148583323306
0.0327116812706904 0.082364934404981 -0.219528242410862 0.0356403852241303
-0.0258762152832784 0.0779773758313562 -0.20817588629796 -0.12701517023907
-0.0866112233704657 0.0734538932835505 -0.132935219028573 -0.264782107410206
-0.162758797894607 0.0125038929834183 -0.0341981038590131 -0.292356567918
-0.21348463374612 -0.0984278063439829 -0.0992108234014488 -0.222561503894243
-0.193739478417224 -0.119080319544451 -0.0966637233674293 -0.120107233546107
-0.144654748949829 0.0205264537263731 -0.00880394929592753 0.184383846376046
-0.0693188613261057 0.0727636793759648 0.25149297440957 0.0978312259388928
-0.00369117340436678 0.0765858307589079 0.247132839186224 -0.187749736885885
0.0394854216368734 0.0798602583700451 0.00365430698916757 -0.280685705288154
0.0815425391488614 0.0386365796272282 -0.130444335927268 -0.159382423742499
0.0781935442103921 -0.00430325401696267 -0.128930345796206 -0.0358806755080226
0.0864946666032422 -0.0127842370623145 -0.099625091691891 0.0432546502040737
0.0917569417366897 -0.00602569643001667 -0.0778217431457053 0.110644066856859
0.125515740155586 0.0396485915848854 -0.11715868467425 0.146443390020979
0.0851948393395216 0.125797351398769 -0.198286424565158 0.108144307087735
-0.00943982782958845 0.148834625362456 -0.237299444014115 -0.0467125808019764
-0.144271556786616 0.131306965261056 -0.176525230071368 -0.219154071849966
-0.247741903133202 0.00252644313615702 -0.043848030030745 -0.262379154365432
-0.268790767131889 -0.154864648389692 -0.0503126781967445 -0.158972782253567
-0.200975358755775 -0.194872641674809 -0.0384496925209776 -0.0595132310652803
-0.217290836151104 -0.0363036508485618 -0.00632170672841 0.228365772969726
-0.157720729491294 0.0853388241052298 0.253516714781656 0.179582098243568
-0.0278851088360135 0.143795761928688 0.292095939898978 -0.119928314369054
0.0679083581671772 0.128792222550364 0.0655232391243343 -0.246289849965401
0.12648373117974 0.0565404923765701 -0.0733047810786502 -0.160062604441434
0.114771576962644 -0.0133847390657994 -0.085422710407123 -0.0505569668637158
0.11257455873136 -0.0304253293208709 -0.0592784839143456 0.0310455867042621
0.113722010888207 -0.0214772542690057 -0.0290412033823262 0.105313311302421
0.15870330143902 0.0308181613266944 -0.0551813890123602 0.166670156978305
0.129205222820485 0.136346190593738 -0.147401623805459 0.172270807405325
0.0257612741112784 0.187641300894612 -0.237059811380642 0.0433935205919132
-0.160684872027027 0.181330710202054 -0.205556148805931 -0.154541795141639
-0.288691788817134 0.00794951314686397 -0.0478428239233034 -0.231130984258766
-0.287190110973302 -0.180696498471639 0.0111436483707024 -0.09112926233984
-0.169696925750204 -0.239096622804043 0.0251309215363015 0.024224932445825
-0.241403984093711 -0.104898105662161 -0.00231272853854388 0.266189768498572
-0.223653610120583 0.0592657206800878 0.224217642505087 0.256478980810617
-0.0686126886149942 0.178998130865523 0.303162877195411 -0.0227306387000664
0.0718912148306877 0.164158462031272 0.128589846851803 -0.17705816471371
0.148783030891402 0.0731502230069184 0.000211004826509607 -0.14557992171104
0.135797920373963 -0.017523084948871 -0.0272845637875132 -0.064532280821538
0.122677496531864 -0.0445508340034474 -0.0110222100938381 0.0149671424508546
0.11764892590317 -0.0348155252923706 0.0235563607141199 0.0895990009249862
0.164956842530679 0.0180488549449713 0.00898674062780979 0.168495555095136
0.146944337474049 0.126044995904846 -0.0843287639592823 0.211094881140312
0.0498011689358772 0.194728823647037 -0.210724959666501 0.115771557776185
-0.156700160534222 0.195139893023334 -0.208294338700459 -0.0904707094620616
-0.285128767671646 -0.000337312638083983 -0.0421893675064616 -0.197345595778927
-0.261006463704828 -0.187428882624061 0.0716857567995851 -0.0235946124458859
-0.107808216256003 -0.235570255033088 0.0818279164671934 0.114759922929489
-0.206609887600447 -0.155826451620044 0.00281288658488683 0.292148060374775
-0.235874676338044 0.00937239706991431 0.172888582406214 0.303305440332328
-0.0995726085301544 0.168611822889954 0.270426311175215 0.0737185345517018
0.0573086147031813 0.165585218024607 0.17181284376404 -0.0879350182888118
0.141223124317579 0.0777330533215383 0.0737802235287086 -0.116288164711453
0.133259054239358 -0.0176419194237148 0.0338405243003426 -0.0739258006444136
0.114092870825191 -0.051824786286966 0.0357114527707246 -0.00188762553091763
0.107445424295034 -0.0423861787651716 0.0716533126006546 0.0694315661767313
0.149380824868297 0.00716788780986786 0.0626539910082759 0.158619955295137
0.139307881706489 0.108003188442406 -0.0281999525083515 0.227119584379491
0.0502836902581535 0.181435068112096 -0.175886224154414 0.159809361054139
-0.152577678653417 0.172855315523904 -0.193812477928682 -0.0404108530530846
-0.249630953352313 -0.0299060666035722 -0.0317846426995476 -0.16183321102758
-0.194421267917524 -0.184148783695854 0.118103047331703 0.0395710481287805
-0.032092056243367 -0.182927105491153 0.12386812438626 0.190142026649389
-0.129524893149795 -0.1615881946662 0.00742533573488446 0.302601993888232
-0.189453742044732 -0.0272020338390925 0.120215363150116 0.315835731117666
-0.0932445367449197 0.12448634804431 0.21780075075061 0.144744375069371
0.039135812896364 0.128364010943953 0.192895758655419 -0.00628380375696528
0.108723385751616 0.0630161539841565 0.131974214262375 -0.085852204305548
0.106823083245858 -0.0164547040852865 0.0862279709197801 -0.0805754395687378
0.0887643560146121 -0.0506160234449642 0.0759926969081042 -0.0186106935394249
0.0849191744139529 -0.0433747853496895 0.10995450457107 0.0494864599937728
0.120863310446685 -0.00140011335757061 0.101554460182728 0.146043398656477
0.115173537205307 0.0843261284133194 0.0143756528957434 0.232527998270079
0.035533298018085 0.156977243387214 -0.148303813092004 0.183557335729182
-0.146328914957982 0.127155100446505 -0.177681104538678 -0.00546557095367823
-0.193137346019383 -0.0681280205042011 -0.025102559385973 -0.125640613502657
-0.103001454439335 -0.167580043966718 0.141487842361935 0.0976802815513567
0.0448661105922455 -0.0943462712750863 0.150823660463602 0.230231969964841
-0.0354501232432096 -0.120515028937741 0.0132461199158338 0.293648707860858
-0.101597571417594 -0.0342192880122225 0.0900288824457209 0.306342898607761
-0.0498740691212691 0.0643190421346549 0.181058342399303 0.179223044227763
0.0243936527346333 0.0628623207182798 0.204229560682813 0.0372007952967231
0.0583403758939654 0.0316974989091838 0.165268848728807 -0.07112090181108
0.0606081112904411 -0.0150793435108082 0.119817824869958 -0.0865200910261193
0.0507604107977772 -0.0410443852206204 0.102319972045489 -0.0316926851522365
0.0548983296106516 -0.0368309060699232 0.133967498907833 0.0340003123237351
0.083275504735105 -0.00856538393982336 0.126754416759754 0.138215466284523
0.0833945701631434 0.0559240581904185 0.0406698941121317 0.235781213877815
0.017884644194953 0.12197588873198 -0.133330266661368 0.198106296894714
-0.127866812964851 0.0715515381062703 -0.17268092827522 0.0163859471215864
-0.117629511854177 -0.0952867197390534 -0.0266651639506223 -0.0970685733158253
-0.00076793085674821 -0.130814674907537 0.138384633942885 0.141950133338599
-0.0806719930395222 0.0536162460232722 -0.177167575025029 -0.139090821481329
0.0455692631472284 0.058103263302521 -0.002827833963351 0.126923636102595
0.0682668938347462 -0.0225014476139617 0.208213839173621 -0.0118565495808583
-0.0185733977813664 -0.0558136794598392 0.150899189281809 -0.223922270141546
-0.0455628131970775 -0.0022403254951513 -0.0763107240498205 -0.272315923603504
-0.0220817357084446 0.0182486430450167 -0.18257081738461 -0.130035442491302
-0.0080067833389106 0.0240595537502042 -0.156400806180945 -0.0130163251933644
0.00486041956130681 0.0227158907851581 -0.129231888930383 0.0544074446382295
0.00186850804440956 0.0157568369624061 -0.123091623639699 0.101957655875494
-0.000486755497113526 0.00782854197849081 -0.172476534455838 0.09419241823678
-0.00713142428476827 0.0106034797165843 -0.213673435831881 -0.0025577918979699
-0.00204353957649724 -0.00562007252252082 -0.186182906577843 -0.16098880416443
0.0154813786101516 0.0385132014798238 -0.121644153573334 -0.27858151249862
-0.048091367858313 0.0614927563282517 -0.0447836704768119 -0.319646059882429
-0.134298352532598 0.00117364808851276 -0.146372198746341 -0.26245090971474
-0.153984062786889 -0.0218462872545935 -0.152723493313616 -0.140968037007487
-0.0459316090928739 0.0556834034087973 0.00143366591874227 0.147624217019746
0.0130865416277658 0.0304770995864251 0.233380793118843 0.0185978055713331
-0.00226780431232616 0.00433411897664187 0.182355061844141 -0.228222046454797
-5.12824056162781E-05 0.0340626382946764 -0.0607148641344824 -0.281715424791621
0.0301006246959227 0.0233044134169213 -0.174135101598342 -0.137773616964572
0.0355193088824013 0.00631375081444877 -0.153110998836306 -0.0149900657748965
0.0490209689633959 0.00239592654466314 -0.12054593431025 0.0570609407004613
0.053735840239186 0.00321507504048614 -0.103991394737597 0.112794566016453
0.0711752496524946 0.0286592073423227 -0.152279140842586 0.126201657266546
0.0391006709472655 0.0812402050827983 -0.217029888813873 0.0519794540913951
-0.0219832932599346 0.0806755187305893 -0.218047328941084 -0.113949202714883
-0.0818423506714192 0.0770676899669524 -0.152636402556699 -0.256340268556371
-0.161595781997745 0.0215787918115615 -0.0528570624878312 -0.291933253027763
-0.219222915532302 -0.0844172989525733 -0.112681981206307 -0.218212471269181
-0.201745166804599 -0.10637326661992 -0.105598600918005 -0.113892352340927
-0.142054699469577 0.0291315222878459 0.00568517986241288 0.184501681802687
-0.0644170313057039 0.0761802734447625 0.259397883834408 0.0806275530819767
0.000672478320024532 0.0767199052774507 0.234021051739926 -0.203569839754924
0.0451904400545554 0.0779126056292145 -0.0167250052365834 -0.279142841186074
0.0844990369591981 0.0330011463827541 -0.141768160281142 -0.149203075981571
0.0788748005508279 -0.0096192188208182 -0.130303272121271 -0.0265004626369107
0.0861797614313214 -0.0185140137498384 -0.095145767455251 0.0503159605320406
0.0926616894437632 -0.0117541613137895 -0.0665119430126443 0.115291916885039
0.129032682553668 0.0315741362319682 -0.103871321929035 0.156028419917411
0.0950690811271603 0.12052052556645 -0.189074457883616 0.12445645674236
-0.0014027491340126 0.150237932519627 -0.241272508738065 -0.0309662768312869
-0.135934694978897 0.139222487555397 -0.193982807945731 -0.20738156516789
-0.247851142098754 0.0167570559871263 -0.0618771602650044 -0.261378052716094
-0.278400994657679 -0.13853014465689 -0.0606872395421927 -0.157866521327674
-0.214375038208657 -0.181220621233097 -0.0437213286535087 -0.0573845484332928
-0.218664575050949 -0.0230608068300404 0.0105857131773903 0.228006272502772
-0.151861680450265 0.0957947090707153 0.267859622398783 0.163344934568191
-0.0189853100681398 0.145767104086922 0.281929727126329 -0.139004157004068
0.076910847771255 0.124217045205753 0.0475135673399292 -0.249624296522765
0.130254887175605 0.0473346117009997 -0.0849313712085551 -0.153895433594835
0.114417131868885 -0.0211210371532497 -0.0883494610599439 -0.0441716125839695
0.111018194000123 -0.0379321955551292 -0.0562977664517173 0.0354416409028664
0.112960933351186 -0.0279904185767715 -0.0177018484463281 0.106444790812548
0.161749121149169 0.0197868241961214 -0.0398589130054355 0.17068270860691
0.139319422031751 0.127368025409536 -0.132753487311171 0.185567628961485
0.0377677014790583 0.186416767025284 -0.234062369276216 0.0590246801444779
-0.148678065009918 0.191758052919916 -0.218342116497363 -0.141330067706036
-0.288707310257191 0.0260745732528121 -0.0638748061960445 -0.230472758162664
-0.300232209150683 -0.163283142516946 0.00446825306436161 -0.0933131821927082
-0.185519365976755 -0.227370228986155 0.0247361248490131 0.0215872792080522
-0.247769308967933 -0.0893620699442868 0.0156487983464379 0.266285512853018
-0.219119191325549 0.0738328135530688 0.243428367367652 0.241752152758652
-0.0570064807678678 0.183504007179244 0.299943467110534 -0.0418125909545637
0.0837410652309157 0.1589435642304 0.115756991856499 -0.184265345494414
0.153672059166361 0.0619932011191935 -0.0104970583451141 -0.144523375221129
0.134675321234027 -0.0265981008552382 -0.0323745355505721 -0.0616717817142947
0.118998026069495 -0.0528738870114842 -0.00966633187832055 0.0161935199940872
0.116139769381914 -0.0414044701337335 0.0331884196431803 0.0873332405877373
0.165792209709461 0.00610118526981527 0.0234920667183026 0.168580133440526
0.15654637451953 0.115634609901104 -0.0661284659623358 0.21952924335269
0.0620825421411345 0.191422526915491 -0.202032689365209 0.130289207478571
-0.143044233522669 0.20527454586201 -0.215787845125333 -0.0766820012140796
-0.286714837378581 0.0185314192397865 -0.0566021074119531 -0.196580639851068
-0.273377857999889 -0.171841228250446 0.0687618407596204 -0.0301624168746474
-0.123995878544614 -0.228013391057011 0.0875525079619062 0.109014850818645
-0.216377391081473 -0.142672095453244 0.0223415098713977 0.292890690064917
-0.23527708877088 0.0258146656561097 0.194767396555325 0.292513745086416
-0.0877021300582042 0.175208631709854 0.274085731040821 0.0573976637991716
0.0692846571316538 0.161826186663811 0.166354791140175 -0.097495498486469
0.146759680036027 0.0671977834311039 0.0648904472070427 -0.120405745010968
0.131912802287573 -0.0268962887410847 0.0280690369980891 -0.0752987240001855
0.109385082687242 -0.0593922142041957 0.0364102351852995 -0.00401055976861106
0.103892443042441 -0.0486481423677272 0.0788863445740373 0.0636798849453306
0.149546329710163 -0.0034159219373823 0.076119381693049 0.154733628642799
0.146782940386212 0.0979130950692264 -0.00839909667741466 0.231715331551695
0.0620214031160139 0.177552003886162 -0.163533458327189 0.172094944360267
-0.139440177045529 0.182251205929753 -0.197444399339244 -0.0275498976616695
-0.253134192622914 -0.0130517059471911 -0.0447387872806886 -0.161073150630972
-0.208084823388695 -0.171898583642999 0.119350564060169 0.0306606580411807
-0.0453371876731341 -0.180591222720514 0.134571418303357 0.182401805003116
-0.140525495298358 -0.153331756640649 0.0260731355552123 0.303940838693072
-0.190943367416266 -0.0140501913692563 0.142763436970956 0.308854416372056
-0.0840955312637825 0.130286128962317 0.226114331336583 0.131866298455719
0.048444261947956 0.125734271339302 0.193395347766715 -0.018193919707572
0.112709472613203 0.0544913993802382 0.125021552606014 -0.0945573929390788
0.104632496185379 -0.0241517227665221 0.0796450561785257 -0.0853995365577825
0.0834493379859896 -0.0565730093442558 0.0751859743894057 -0.0226970494438048
0.0811026843357348 -0.0487104223899457 0.114616939140305 0.040807114707539
0.120021223024268 -0.0103103178451478 0.114132639741615 0.140148198179941
0.120439431217302 0.0760784812873265 0.0336561857706233 0.233781558466993
0.046767133645994 0.152960093587172 -0.13416370647645 0.194440781610096
-0.135840890101028 0.13714899998794 -0.179281097676392 0.00626578651114265
-0.19854265310167 -0.0535687943444718 -0.035662103401217 -0.124915166800624
-0.115604540899334 -0.161018662929884 0.146449303116193 0.0868004056572102
0.0372648227234999 -0.09707098597578 0.163298726606235 0.221816118609222
-0.044436864542095 -0.118050313000842 0.0306396404377243 0.295610628470595
-0.103494571822187 -0.0267989532817229 0.111256197147247 0.301723556088584
-0.0447615355553748 0.0666548799128422 0.194003544919683 0.169339907131588
0.0288655253457486 0.0605873106942335 0.208160902882329 0.0239622662408147
0.0602378627479167 0.0267517417059545 0.159653849137817 -0.0820259663726711
0.0584755188286761 -0.0199329008101322 0.111973572486804 -0.094153976995765
0.0459054180472545 -0.0445801023676445 0.100056569993339 -0.0378565056111492
0.0511056670197627 -0.0402061841040721 0.137160630186132 0.0242835025404928
0.0817915150552253 -0.0153881578390101 0.137895372801063 0.130305786089177
0.0866569335995024 0.049661648044557 0.0598190518208962 0.233856015453592
0.0269918877782504 0.119537245412708 -0.119006930226758 0.207212286808818
-0.121167439504616 0.0810552812886591 -0.17227031764144 0.0285863302725497
-0.125874211664059 -0.0855768359829644 -0.0360169332582251 -0.0955239496514675
-0.0117175206401007 -0.130600609556757 0.147049175427832 0.131561759551562
-0.0738175944158973 0.0655127223239661 -0.185384164726561 -0.116682960558421
0.051880543493802 0.050118402875534 0.0145274380855506 0.120197749966558
0.0629336335356211 -0.0333994027363658 0.198459615111142 -0.0413450768033102
-0.0250138580695664 -0.051828057336835 0.112883074591733 -0.239456996257246
-0.0424877656954273 0.00422342126626975 -0.114699727159745 -0.252806251142113
-0.0185129542822143 0.0211479432954326 -0.19525260439183 -0.101735052172874
-0.00441745117962081 0.0238099752303902 -0.15469641720302 0.00727894079967874
0.00902095639155822 0.0206146397453254 -0.116152389938823 0.0703783011424506
0.00604409376631148 0.0147392031458082 -0.103497679674424 0.114602448921347
0.002822354563181 0.00820741001385451 -0.151533409662948 0.116442780805327
-0.00333255984422133 0.0132533485177558 -0.207785266610624 0.0270801958113328
-0.00445536969076083 -0.00104018306170779 -0.206927432460828 -0.133474397407789
0.0183496968870943 0.0351640796012401 -0.156854102128134 -0.255040385086959
-0.0401625283244727 0.0654169463943527 -0.0887735223423758 -0.302034315674706
-0.129230166573186 0.0235360294975202 -0.182353923471815 -0.238097589763932
-0.157611275020628 0.00104222533134274 -0.154182623376795 -0.117150245188521
-0.0371856332913571 0.0592508561935564 0.0243675486686103 0.139355432036784
0.0173593297276328 0.025340159617958 0.230405664349385 -0.0170361904221802
-0.00207469429153374 0.00410530600374161 0.142066917235444 -0.249578910961876
0.00592519546628817 0.0331684614912688 -0.100971578747127 -0.265544537262945
0.0324037012159963 0.0193265234695482 -0.18919331857075 -0.111279804864737
0.0353077665947202 0.00184828345637002 -0.151711030852257 0.00438724904769587
0.048704048731711 -0.00464091651937077 -0.107425795501869 0.0716265770000501
0.0543488707329361 -0.00411544293125105 -0.0825656569358427 0.12190125206492
0.0742218177829395 0.0179234616326382 -0.125261161691229 0.143218067788466
0.0516417809420594 0.0740832235936799 -0.200399509380079 0.0797913582011633
-0.0115806507793425 0.0840391092885982 -0.228381510772909 -0.0804903942059717
-0.0694130338526735 0.0873738742909983 -0.185854884797543 -0.225728384293665
-0.153734638205723 0.0427966871399736 -0.0984070412212692 -0.27276716073455
-0.222048300969382 -0.0470270945662455 -0.146335205971723 -0.203067488638711
-0.218148860994351 -0.0749847998749686 -0.100429596698377 -0.0909674425712252
-0.133203542650872 0.0454398976563065 0.0367858270616869 0.17534636645737
-0.0509458008554871 0.0803706155518069 0.268325682773318 0.0377618871062372
0.00941607200281059 0.0734632982880684 0.195975132394537 -0.236794458538138
0.0552317777565342 0.0698302481279217 -0.0583455338548044 -0.272209429863266
0.0861403697500949 0.02158411569409 -0.160318879008791 -0.128452732349031
0.0746504403083276 -0.0187872303808099 -0.130563224433791 -0.0115438948589618
0.0816302483211826 -0.0296682591403806 -0.0833383865543621 0.06110904366357
0.0896009440747477 -0.0236361338825301 -0.0451236850787601 0.118088476700085
0.130019142061955 0.011802143383666 -0.0722672606522158 0.164445575829246
0.111517478845464 0.102535042898408 -0.161760613896401 0.146088843217032
0.0190208689977578 0.147844822207818 -0.237176442167529 0.00403025634443881
-0.111539856245316 0.155499643030236 -0.218559353653792 -0.169797441239192
-0.235412548350713 0.0507908738792067 -0.107149109394814 -0.23890537841742
-0.286810815479787 -0.0899469747674826 -0.0891572364285205 -0.153234677015165
-0.241201393034357 -0.148495870851116 -0.0301617323437304 -0.0384634515611103
-0.213925574883327 0.00529267899781072 0.0501152073404973 0.220056915612396
-0.133032352379079 0.111410559139453 0.293434973989242 0.117957535831198
-0.000476595808165198 0.142483394371558 0.255204300767701 -0.181942376142385
0.0922795443440114 0.110732963378133 0.00888527914539005 -0.254703950979725
0.131876625902239 0.0290082609164424 -0.106197387160907 -0.142496444438413
0.107418334710837 -0.0344263339870125 -0.0926729760928356 -0.0344492485773039
0.101882349969904 -0.0517337316464037 -0.0476657339343084 0.0417604102755397
0.107142609417916 -0.0420548751756179 0.00100569973044368 0.102383999755961
0.158787009808302 -0.00364895716178248 -0.00784626446657964 0.169547462863856
0.154872054238401 0.102396126894051 -0.097710042455861 0.196986982658884
0.0615452548377669 0.176164958979646 -0.215850511173798 0.0913994614579603
-0.11385099194663 0.20722602957337 -0.231914464956013 -0.100593930400592
-0.273175804380852 0.0650227841422889 -0.107312193059822 -0.207038779024512
-0.309828010460128 -0.111929418457367 -0.0184015226715797 -0.0994690783177726
-0.218782400982165 -0.198849209195293 0.0451640010751719 0.0346064654027773
-0.250555875627163 -0.0558448476765566 0.061895691725213 0.258758711029909
-0.200740942582018 0.100232795328327 0.28333747508112 0.199827595479524
-0.0327359222433552 0.183847959747741 0.289471141081067 -0.0910378512788318
0.103270778003789 0.143019003167199 0.0866515973281365 -0.202485856850291
0.15638079647948 0.0398385936535827 -0.0323431945242351 -0.144628239593412
0.126385708392479 -0.0426265637335941 -0.0401505170096747 -0.0599165107315166
0.107388937521314 -0.0667783068671448 -0.00530970618555889 0.0167936775665258
0.107542192191073 -0.0552253304424491 0.0473453342470975 0.0766294496446445
0.160522339589869 -0.0179044580076841 0.0540020835711533 0.157678586577046
0.168603283405922 0.0874783107675676 -0.0280760308646407 0.221178493880977
0.0865129257035508 0.176118093534606 -0.173251545305096 0.156869366419545
-0.10600341305221 0.22030883090441 -0.220016949313725 -0.0375519062075114
-0.272112208771666 0.0580334099159112 -0.0963852205282996 -0.17493578821767
-0.286566995542218 -0.124898140609255 0.05408085129622 -0.0457558842405832
-0.157086045052417 -0.207746908477288 0.11254423873521 0.112719111136336
-0.227640265461201 -0.11133306085078 0.0701569559930321 0.286508355903365
-0.222742626824948 0.0561144980228522 0.243972217374223 0.258618413256808
-0.0631691970812203 0.179831172038469 0.281796576127299 0.0108653564458456
0.0890183867837112 0.14734351720159 0.149166129672058 -0.125553930762554
0.150289666337525 0.0451738493487658 0.04506905160669 -0.132159082496032
0.123176221320663 -0.0433945165577796 0.0168395964874652 -0.0816468448022746
0.0966012446631918 -0.0717924826257201 0.0358255508977669 -0.00927181775310476
0.0939698838038878 -0.061358919543563 0.0879981425165487 0.0475261616938574
0.142436935713053 -0.0253306510329486 0.101115672803012 0.136876293704966
0.15597199867323 0.0713031821288754 0.0294791783578928 0.225452786603866
0.0851639905548125 0.160904946425395 -0.129596995430569 0.192247119271542
-0.104675466447609 0.196844689198605 -0.196084345398319 0.00772431239285514
-0.243638825145683 0.0236890790760964 -0.0800905776801345 -0.144245513347518
-0.223856126052586 -0.134245107188146 0.113658063742768 0.00716205429108103
-0.0711385910109771 -0.172192762035001 0.160946669364101 0.176164491638036
-0.156261332767882 -0.130677624128132 0.0726723715537863 0.298598465666837
-0.185137981997745 0.0121688649189012 0.193148069965937 0.283713218410108
-0.0646421576802348 0.136390347145539 0.246733213819336 0.0924371823979304
0.0634792917296908 0.115546015922067 0.187607537508113 -0.0506507773863354
0.116027823285279 0.037697375070062 0.107383288685309 -0.113855786543748
0.0975222651997938 -0.0376900617081259 0.0660335856124458 -0.0978139773499544
0.0718041140338935 -0.0649803488220516 0.0700807911523137 -0.0321820403194796
0.0713930997981572 -0.0581084311974616 0.118485288214894 0.0217673515893577
0.112643582842387 -0.0275241990675416 0.134939198134502 0.11764712099644
0.126729332905167 0.0539439059204184 0.0697622831985118 0.22167633996977
0.0676484346490088 0.139296797113702 -0.0986473928881855 0.209211583424209
-0.106893481562731 0.151888870233287 -0.173908076748178 0.0373504371717908
-0.197703004661354 -0.0212840852647721 -0.0643150446219384 -0.112817477676525
-0.134174775464791 -0.137742145166692 0.151531866157859 0.0585886716078796
0.023627899980689 -0.100862893152605 0.186142916813689 0.205492786449299
-0.0583747176101998 -0.108019508855156 0.0723793595013632 0.289298529298527
-0.101670582430053 -0.0108499176220405 0.157787953952367 0.281620915674899
-0.0341044574742773 0.0698059840984722 0.218487397913546 0.135012745441472
0.0361605704273658 0.0546753998227459 0.207972345456301 -0.00990592303281297
0.0618131004278834 0.0173997108269157 0.142643419386082 -0.104329777784615
0.053213846784898 -0.0276434252849234 0.0963821061372552 -0.109484425716716
0.0367303195446216 -0.0483695531160165 0.091851174278393 -0.0500182879331703
0.042688336494509 -0.0465126473253329 0.137095941572627 0.00377991568938466
0.0748503414658389 -0.0277031894092215 0.155603770412473 0.105040733141849
0.0899571088107103 0.0328055155152568 0.0938140799720116 0.218970149633158
0.044540888914973 0.108521969467825 -0.0831895797453035 0.2206876515416
-0.101204578178393 0.0967738529694531 -0.16461171472117 0.0565997632942137
-0.132808246026865 -0.0611281927482365 -0.0583391972439076 -0.0871895019595846
-0.0305020787339351 -0.122732694987533 0.16094517222431 0.102924082057648
-0.0711651866075901 0.0656612787320088 -0.182514576413558 -0.113289677924155
0.0506618871332699 0.0475969974691241 0.0149717683771924 0.116856458780626
0.0605046248274509 -0.0348021591294165 0.193944954546505 -0.0425447402782869
-0.0257251564118338 -0.0495993079860176 0.109973017754912 -0.236757809037038
-0.0412363758765587 0.00587987157659127 -0.117021808894332 -0.246373363088276
-0.0168506067946105 0.0211632219490997 -0.193264852507478 -0.0982551740697861
-0.00331245455161374 0.0229977431838932 -0.152013316244012 0.00624430478785277
0.0103661548323009 0.0194474033512903 -0.112780433794607 0.0692674171058158
0.00744954433367379 0.0146162053653324 -0.0990031453644778 0.111897451301188
0.00379729786056914 0.00917709928170731 -0.14553039317456 0.116134243855542
-0.00321833913545026 0.0145148365541389 -0.203541484180087 0.0279360297140867
-0.00560420711398338 0.000145826952791138 -0.206898219714278 -0.130047632644734
0.0174621677626808 0.032435100719587 -0.156367951187545 -0.248853346663809
-0.0383671333414675 0.0638973147947786 -0.0877359347641798 -0.29836893825945
-0.125415984307646 0.0240280383025514 -0.17975405750794 -0.23581615757319
-0.154448745207299 0.00247358758279007 -0.153127943724972 -0.113902171531247
-0.0357125576442702 0.056623413599302 0.0247692736060251 0.134653845797035
0.0162099663905349 0.0232304878690511 0.226249472840908 -0.0193269983956048
-0.00326928920124022 0.00410593338915005 0.138217004351962 -0.246375979687485
0.00659416165396401 0.0338613657807202 -0.10247168452452 -0.258434175326949
0.0327953324516937 0.0190117993100131 -0.186334546327987 -0.10776571743554
0.0349056096066771 0.00090922762733438 -0.147827143763648 0.00418322940243823
0.0491477266941846 -0.00562907114709415 -0.103404848740613 0.070334318698377
0.0545797803642493 -0.00386265097845695 -0.0778102124086597 0.118578483767108
0.0742531867586198 0.0179726061899996 -0.118839143495545 0.142422350810702
0.0527142859692752 0.0730752905206765 -0.19587780131127 0.0812552341819848
-0.0118970959626573 0.0838178450705687 -0.227876998745484 -0.0782056628014648
-0.0690117308651818 0.0845708373303158 -0.185238263905356 -0.220508229060163
-0.150429035365306 0.0417652496264931 -0.0978954073756763 -0.270229381026602
-0.217737752227666 -0.0453581679970376 -0.144665692453122 -0.201559784255632
-0.214089501206394 -0.0720350597910616 -0.100281410427984 -0.089228465842558
-0.12957675355633 0.0442966000426596 0.0378116521045451 0.170477887428517
-0.0499259403014174 0.077890813520321 0.264827227531135 0.035542878862414
0.00873038945116709 0.0716106012696152 0.191266621564877 -0.231935541266388
0.0557643350151181 0.0683511869017103 -0.0598974125742137 -0.265278342350386
0.0849093327481473 0.0207026001518046 -0.158658657657692 -0.124136627312473
0.0739265308627501 -0.0189984136814812 -0.127328888700737 -0.00987826959144832
0.0805029251211986 -0.0298508034244744 -0.0800972857580165 0.0607350991792739
0.0891486564685329 -0.0232879567987515 -0.0408343672463269 0.114821189060514
0.128596273151799 0.0103639544606701 -0.0666625434152868 0.162607522284252
0.111392442399515 0.100495453946114 -0.155422598601372 0.146245355269771
0.0188585808369838 0.146090923028297 -0.234365928187885 0.00605894735728359
-0.109100189337839 0.152311337600488 -0.21805872841694 -0.165134079061442
-0.231822311817113 0.0501748825660061 -0.107725864122433 -0.236758306956614
-0.282267069296534 -0.0880812470452726 -0.088711088831823 -0.152110991240598
-0.237465598797343 -0.144135435492642 -0.0322703471991438 -0.0375591768725231
-0.209193707736777 0.00490235458892432 0.0515035517596301 0.214252575664745
-0.129683967935254 0.109193037760682 0.289737123055172 0.11334459779155
-0.000241818798838225 0.139710300791504 0.249071808505829 -0.179285557919067
0.0921112078969871 0.107819590951505 0.00684686763873401 -0.248770498248659
0.130224456850372 0.0271848353859413 -0.105416793831291 -0.138447928887773
0.105723320266959 -0.0348524242166605 -0.0903530286631526 -0.0329666459887937
0.100261779960213 -0.0518029610028451 -0.0449407797589724 0.0416305238865032
0.10623059315178 -0.04176159324726 0.00407736205024863 0.0989670862703375
0.156687039128108 -0.0051977656703212 -0.00272602229481951 0.166612156436798
0.154329012905784 0.0987023771755107 -0.0912003295083567 0.196982502463732
0.0617398485794447 0.17295975618552 -0.211607857451626 0.0916937605790852
-0.111113168876993 0.203062512106304 -0.230913209055892 -0.0970885444992907
-0.269311692911759 0.0652559752858297 -0.108302546347941 -0.204840975496059
-0.305795351349376 -0.109166002271783 -0.0195637476508585 -0.0989331498933967
-0.215783529325402 -0.193520114561602 0.0422041514598736 0.0334082618060059
-0.246017210897194 -0.0544047486333078 0.0622920857393902 0.254027833989914
-0.196504487981098 0.0993332760365382 0.282597022402297 0.194508315976004
-0.0311186372545959 0.180603423024037 0.283276965543585 -0.089582064544059
0.102987750671332 0.139436474687514 0.0835488566009119 -0.198140374154151
0.153893574868416 0.0372492942886966 -0.0337973814024762 -0.141236878367219
0.12372132901499 -0.0426432350280702 -0.039718414219484 -0.057925806124091
0.104872655372407 -0.0657713944047238 -0.00367835051632781 0.0170203923238238
0.105891468825327 -0.0545327010718492 0.0489999166100966 0.0734803460770927
0.157971817735338 -0.0184337693900772 0.0568212821575951 0.153490097490889
0.167802149721384 0.0839159118216144 -0.0216064965584415 0.220068589312219
0.0862495248455965 0.17177309787615 -0.168593935151054 0.155300458246026
-0.101998381558337 0.215357785751307 -0.21866687332619 -0.0355313187785461
-0.266798291359622 0.0586730217773246 -0.098137923074558 -0.173347502447615
-0.283830908411193 -0.121779546113221 0.0516710613373238 -0.0465853213962966
-0.155131425958236 -0.203556649216178 0.108653836110322 0.110769279426535
-0.224882372438666 -0.108808844096561 0.0706761068942416 0.281238769057543
-0.217884969612325 0.0561632951949777 0.2429633063405 0.253253255260178
-0.0607618135130354 0.177105650636017 0.276275716960913 0.0112027872647608
0.0889295569653532 0.143793081923348 0.146884134696221 -0.123161401256903
0.147948484760941 0.0427853330222062 0.0424941374093088 -0.129628113390886
0.120410225398678 -0.0432652455712751 0.0151276156242092 -0.0794637919620591
0.0931112395486512 -0.0703909103875362 0.036198710390332 -0.00887094453069168
0.0921377074112146 -0.0601615033436949 0.0881526226224837 0.04474853965851
0.13908234704752 -0.0258241162987021 0.103922529632845 0.133149336734532
0.154097937251662 0.0682405726418863 0.0345951304890433 0.22269337015846
0.0843349432806395 0.156535763543528 -0.12476015213308 0.190256378915298
-0.100232220472584 0.1931792037465 -0.193820683203328 0.00865016098148586
-0.240428282537927 0.0260752795479449 -0.0815114597066001 -0.141764666414657
-0.22205321250365 -0.131341336578254 0.110429358228672 0.00571707998165551
-0.071471357520915 -0.168583380126944 0.157291992178412 0.173516902468076
-0.155148523136508 -0.127722805661493 0.072787297818166 0.293320950666775
-0.181218461422809 0.0131254620538894 0.192760739729722 0.278260812466048
-0.0621535936146395 0.13362859146163 0.24342828856063 0.0910597375839186
0.0636510445038588 0.112101374963956 0.185512957178185 -0.0503833938638182
0.114265429604362 0.0349160178523132 0.104253223976847 -0.11232073701713
0.0946129183637019 -0.0380316318707571 0.063497506588917 -0.0958051623455383
0.0679887171105303 -0.0639064703231594 0.0698984190161353 -0.0318409562826669
0.0692253916870351 -0.0567582643112942 0.117503627372035 0.0199460553197743
0.109102668724461 -0.0281544855053497 0.13603378292485 0.114405724770867
0.124871099502858 0.0511191952007818 0.0742387012475386 0.21805708602034
0.0668067313174162 0.134667127913445 -0.0942415122505369 0.207458328728089
-0.102257369066972 0.149402885936593 -0.171554151145715 0.0378145578345983
-0.19493959466285 -0.0185999678604659 -0.0663086493894301 -0.110317222224043
-0.134218350087202 -0.133244132124165 0.14701733159537 0.0557316613390602
0.0217922158476366 -0.099338282540735 0.182484594496826 0.202398480185188
-0.0593692952781094 -0.104868207002217 0.0724502108827319 0.286443920609889
-0.0995017153039155 -0.0097799080368634 0.15763087622152 0.276128829512314
-0.032299531208739 0.0674219836449183 0.216420997178648 0.132774089712851
0.0361284241905305 0.0525901392322887 0.205348908820348 -0.0113265889633509
0.0604971594016407 0.0160470169081553 0.138323774357119 -0.102902890945357
0.0513106862159528 -0.0281258507644382 0.0925660567311371 -0.107346426668899
0.0337185906192713 -0.0470410193842879 0.0905858016342552 -0.0493592221871946
0.0400510205019533 -0.046100880151681 0.135277182891491 0.00264748175639699
0.0719363375665416 -0.0283936158843672 0.155474566466669 0.102725618359268
0.0884477449017353 0.0308967375182879 0.0970170326750278 0.214773780745816
0.0447166291034039 0.104395200908347 -0.0786840273772731 0.217074277995682
-0.0971919170356316 0.0957998641249653 -0.162116500397297 0.0565422759711249
-0.13170670815722 -0.0571168322419119 -0.0598000125669276 -0.0852647579180147
-0.0320992177706144 -0.119196633781605 0.157664574948561 0.0990072736158843
-0.0726906687024972 0.0649626472358071 -0.182369335609615 -0.117440317038842
0.0499933491565453 0.0478571228018573 0.012912232820163 0.11682876555074
0.0601536538148536 -0.0351304801825402 0.196994373385736 -0.0403823086121633
-0.0259928410567256 -0.0497734813315358 0.115611050378897 -0.238085642036975
-0.0410255675062008 0.00695402271578975 -0.115157847901032 -0.250372745443834
-0.0164122556703109 0.0210408296243325 -0.194355946602653 -0.102457273906252
-0.00344621278018414 0.0232005761295777 -0.153980378922872 0.00216052767240351
0.011504525222038 0.019261438768822 -0.114673759355974 0.0673467779328401
0.00895895152323379 0.0145733837442218 -0.100838304220412 0.110206805071479
0.00468793529983347 0.0102151811072105 -0.146820960869645 0.114280267904099
-0.00228954080430175 0.0154806541724211 -0.206164614317036 0.0249527058997316
-0.00669246064074394 0.00129493834745559 -0.208369648818567 -0.13544682214003
0.0158696020404024 0.0315147144514716 -0.15482052999899 -0.253977483498098
-0.0388424918462127 0.0621441056884696 -0.0832051361421366 -0.305081551524382
-0.125730568067834 0.0212990522696269 -0.176343391165412 -0.243464161825161
-0.155329998451024 0.000112447675389281 -0.154095259024964 -0.11773809792162
-0.0371641351842656 0.0553408530791709 0.0222888983222607 0.134923448977278
0.0152552065079926 0.0223674559088431 0.228645414016155 -0.0158991287055213
-0.0044674707744709 0.00426285778093108 0.144072475752842 -0.246210689730735
0.00644441123597837 0.0355158891007259 -0.100391424755973 -0.261785142076308
0.0339725713237156 0.0200166369088302 -0.186862941330209 -0.111571859605568
0.0361769650489431 0.00159641456364402 -0.148280323743678 0.000309666646291351
0.0507092773226241 -0.00537284172688143 -0.104744122877388 0.0690001430179024
0.0568031224471702 -0.00299479606749061 -0.078899970287057 0.117431806729426
0.0761819090296084 0.019418900460695 -0.118954301033615 0.141906675326644
0.0529067810021403 0.0750396536504594 -0.197472643519471 0.080078752729411
-0.0145949949915761 0.0866671341276855 -0.230551628351339 -0.0836133793392507
-0.0721512512050856 0.0829262496050708 -0.184513742012482 -0.226302167258229
-0.152995901378276 0.0376955345600746 -0.0938263103071941 -0.276515689908859
-0.21838161973564 -0.0504644304260607 -0.141835233799223 -0.20811335906456
-0.214322945721933 -0.0766021496187646 -0.10215654032034 -0.0919588624745843
-0.131554610492352 0.0413241211298338 0.0349762280981106 0.170833622710686
-0.0521954625567928 0.0766065771781446 0.267038701563569 0.0395589537006364
0.00699009696075024 0.0722879023330646 0.197163569541273 -0.23067128620618
0.0552685552673354 0.0706825895717508 -0.0573847347488343 -0.267492592920815
0.0862801666014081 0.02220774024575 -0.158222365547788 -0.127591654126953
0.0752534134422313 -0.0180684336088051 -0.128051524069798 -0.0129067881730859
0.0828192261142623 -0.0293528222510309 -0.0802605707864799 0.0596761461142418
0.0919164047569681 -0.0220217599825942 -0.0405135590813447 0.113554584303753
0.130963919641608 0.012820573329619 -0.0666323398934906 0.163092483768911
0.112445620121884 0.103693755186191 -0.156770680957167 0.147425121141233
0.0153247727776178 0.14932015371234 -0.238426197141515 0.00232766354558855
-0.114343457111255 0.150606140422053 -0.218787676235034 -0.17100337349464
-0.235430522956784 0.0457444353055418 -0.104474694443536 -0.244203747405196
-0.283216950696532 -0.0956250818775203 -0.0869176104158372 -0.157278553260467
-0.236728350315602 -0.149685523458036 -0.0344501424928395 -0.0386947867720054
-0.211177378230429 0.000327194364684013 0.047168621727417 0.215831460100451
-0.132689817747239 0.107309670567777 0.291913504911006 0.119253911435547
-0.00288944461685131 0.140377394065527 0.255062028214213 -0.176038821457151
0.0914484389421858 0.110737510983367 0.0103831661769153 -0.249695193594544
0.131207636484638 0.029226568371525 -0.104884070817168 -0.141146215333638
0.108121039768712 -0.0337125831605137 -0.0905470776830668 -0.0348714193382693
0.102808951385146 -0.0504062646980254 -0.0443356584700927 0.0414566283296014
0.109224609477538 -0.0399134243921261 0.00522171638353329 0.0978566164890874
0.159337780303791 -0.00261605007516872 -0.00151032715886914 0.167640579494076
0.155682690729497 0.102057038733351 -0.0913379584802361 0.19965610735439
0.0589544707176363 0.176357526628798 -0.21560779774301 0.0899549949897118
-0.116331054852896 0.202660569959719 -0.233108445470957 -0.102203438209089
-0.273783747673689 0.0611296890367483 -0.107608866624887 -0.210591736590003
-0.307535876940973 -0.117208576685165 -0.0185309056388115 -0.102362736019336
-0.214329275210006 -0.199451842066841 0.0393278567182653 0.0344449830262054
-0.248117297401047 -0.0607137440765825 0.0576406745632046 0.25547053965149
-0.199722928118915 0.0955124399321293 0.282862907260992 0.200909284344383
-0.0343920232473947 0.181871685080876 0.288805502947477 -0.083035497549222
0.101809369771524 0.141887883029943 0.0882093783592346 -0.19778598911572
0.155457225967238 0.0398787806639582 -0.0323299131829991 -0.142731274989076
0.12558473053672 -0.0411736579279331 -0.0390237775168975 -0.0584258325058925
0.10630079942168 -0.0646320391823332 -0.00277415716847321 0.0172132968559938
0.108793920815135 -0.0523165441174897 0.0511235121157422 0.074135489894368
0.160504449827327 -0.016323975422128 0.0587146477790678 0.155861755940762
0.169102427393455 0.0875711696774618 -0.021039994955015 0.223554968884404
0.0837748172473095 0.175156322159685 -0.171438338553512 0.155340213097746
-0.106573532737031 0.215648684360792 -0.221911830614636 -0.0397957866356499
-0.272564758257667 0.054940173211651 -0.0983991679565669 -0.178262577995694
-0.285593132334315 -0.129023220171164 0.0513761938542516 -0.0469342410073689
-0.153879076261738 -0.208671087245421 0.105379436565923 0.114536259911847
-0.225982589290382 -0.114297673762916 0.0657367853946939 0.285133127058989
-0.221020980206348 0.0527814167327993 0.242621047471038 0.260075391329302
-0.0641880429891563 0.177159573596197 0.279569132073298 0.0182888138661967
0.0877902307937209 0.146089465485236 0.151510538767864 -0.121071053300504
0.149220145380882 0.0451385179619869 0.0440718492007294 -0.129689244346298
0.121755937436069 -0.041978295753301 0.0166251138108269 -0.0792830178492071
0.093868647111004 -0.0688858801293842 0.03849890955173 -0.00830133921377082
0.0941690021694446 -0.0587406061612194 0.0903199390570963 0.0461455156390535
0.141243884553083 -0.0236254678160546 0.106068607684251 0.135222590548095
0.155150563895476 0.0706471683863358 0.0356426548895269 0.226713432978944
0.082198666752148 0.158252777119021 -0.128362649436585 0.190931620944955
-0.103615659309218 0.192414102106982 -0.197638756141701 0.00558805081827832
-0.244491560700636 0.0224448195538353 -0.08228043247729 -0.144655561130289
-0.223422732708213 -0.135961536121167 0.10987466617938 0.00649290091373169
-0.0690634893895588 -0.172133326758257 0.152720054552134 0.179833054822417
-0.155506661303259 -0.131327590271898 0.0674384773556136 0.298699873113143
-0.183065282721876 0.0105158106340817 0.191390966408358 0.284848590333762
-0.0650332173077908 0.133755501208298 0.245232257918442 0.0981556933317971
0.0630139251025481 0.113549800033233 0.189779781832297 -0.047113945228594
0.114923999675712 0.0370497179959783 0.106315223420121 -0.110974610670123
0.0956234518977127 -0.0371240268681922 0.0650171033845611 -0.0949563361615873
0.0680782279350448 -0.0623721034275946 0.0722868973786211 -0.0302492319575946
0.0701580922651069 -0.0558782725588681 0.119958935381084 0.0218214421476899
0.110008583056557 -0.0268078240362572 0.138483703091336 0.117622878722144
0.12510942081727 0.0534571118466346 0.0751306220094013 0.222881247246872
0.0651959202037996 0.135788488562826 -0.0975417989690122 0.208491229326852
-0.104343323092986 0.148257375345565 -0.175486008976632 0.0347781607065412
-0.197638907691591 -0.0206078633720355 -0.0669175649605677 -0.112662021076075
-0.135037986662821 -0.136324777986903 0.146607115184451 0.0584240611572157
0.0229817813064868 -0.10004345464548 0.178897476979097 0.211121756468146
-0.0599075370685687 -0.105990117590171 0.0676422124686844 0.292352089153408
-0.0993821064352183 -0.0112447492264094 0.155552208017065 0.281973396399648
-0.0334054031246817 0.0665949333745748 0.217624854072984 0.139920053888337
0.03521006326963 0.0522853741839918 0.209032041747303 -0.00831263872241475
0.0615239585774127 0.0170460235274735 0.141263754879008 -0.100860013809107
0.0508527659049083 -0.0273425438204603 0.0940573533382929 -0.106388343929625
0.0328657188398889 -0.0463656169855071 0.0932753280695158 -0.0480996060525696
0.0402840059262402 -0.0454605839054263 0.137471025035784 0.0042224290778554
0.0719542236056259 -0.0280721690868526 0.157437416279478 0.105954927056474
0.0880909854701617 0.0323016007762034 0.0970109058419409 0.218767948118393
0.0433276839302622 0.104601867692641 -0.0826961438745186 0.218457135635979
-0.0980451588638982 0.0941015032885769 -0.165731193141755 0.0540389139728861
-0.131979335116595 -0.0580536592712825 -0.0602821743900339 -0.0860237179108064
-0.0317682075249322 -0.119640380300315 0.15639441871487 0.101946315418024
-0.0764558882557405 0.0676810616599258 -0.189942620096991 -0.126801229075927
0.0509277984442326 0.0503895645999766 0.0107283852787876 0.122458584355612
0.0622427428938302 -0.0370433818517313 0.20672187023163 -0.0390541373852817
-0.0278478893186137 -0.0514479474883306 0.126915332953734 -0.24987295282414
-0.0420056599640258 0.00782504683937433 -0.118974105687853 -0.263638836456592
-0.0162609131231881 0.021688085951633 -0.203785655912052 -0.110562017040344
-0.00291812242364423 0.0241457155630925 -0.161567971417517 -0.00265528369499264
0.0127544961240781 0.0192598142232249 -0.121325163967092 0.0676799238181695
0.0110505121953876 0.0152215139454689 -0.106601936257717 0.112585317299702
0.00663964348928778 0.0115417216608623 -0.15339276182811 0.117374183869251
-0.0021395474479948 0.01710719101364 -0.216738879607989 0.0233329113622201
-0.00839395558048689 0.00276690504689411 -0.218485728067461 -0.146006980292703
0.0147659971175295 0.031729961852531 -0.158352788836022 -0.268873585407436
-0.0407210105542854 0.0628714803304063 -0.0806679097872776 -0.324435076041312
-0.131561031140578 0.0205039295949597 -0.179980521431151 -0.261734507519219
-0.162892920726613 -0.00200629169192406 -0.160750614100226 -0.126516117685713
-0.0400319520050161 0.0563207571205546 0.0196588998178264 0.140495970378152
0.0144521091444037 0.0225538632578233 0.240625118977049 -0.0134950899402236
-0.00612247245863521 0.00518313056242592 0.156632410014102 -0.255705976992708
0.00713959122964993 0.0383319527366287 -0.10206717656022 -0.275929828146471
0.0362879049798936 0.0215386430403117 -0.195087472431358 -0.119975918047093
0.0384793406466022 0.00191584212098637 -0.15618643883882 -0.00351668497975999
0.0542425901922036 -0.00534945859010423 -0.109710942507946 0.0699147157928982
0.0614733960455662 -0.00198632900063981 -0.0830506815698244 0.12001646567813
0.081058083991403 0.0217579416495476 -0.124942812680386 0.146795925553648
0.0555367434819984 0.080707466884721 -0.20791171819571 0.0817454313990606
-0.0179732900104296 0.0922896265876941 -0.242450453791558 -0.0914281874185811
-0.0790804657772989 0.0842474567614419 -0.191897595342622 -0.240674116600686
-0.160509600969007 0.0359719483509685 -0.0935209201568874 -0.294744500288479
-0.227536164612799 -0.0579626472129105 -0.145020064716408 -0.223645805027285
-0.223304406524392 -0.0833884378935003 -0.107958702718279 -0.0986870920382166
-0.138454754696303 0.0398552295088965 0.0325046116216021 0.178498332570576
-0.0564120045145185 0.0782577644702145 0.280564342684865 0.0453720833082342
0.00452862711218846 0.0761768384696896 0.21124472210669 -0.237639741880926
0.0575365708583664 0.0758255855200263 -0.056523163419875 -0.281173020165494
0.0911053707128287 0.0245299776270039 -0.164524466670849 -0.135749510192792
0.0800147883400925 -0.0183252767353314 -0.13322385308711 -0.0169847271807339
0.0878866940873723 -0.0297879911833559 -0.0835620415732954 0.0605562284700934
0.0985294647336735 -0.0213040822305578 -0.0425251752533536 0.11695845606188
0.138967837726777 0.0153469421429222 -0.0690435978546195 0.169893464030971
0.118062375413645 0.110639051233939 -0.164365718167598 0.153726971766248
0.0137583989145285 0.159033862195031 -0.25165568814156 -0.0017991695334659
-0.123851372861886 0.155544248785738 -0.229479007181864 -0.184002056176208
-0.248699758996125 0.0425806202018635 -0.106664781113959 -0.260147656626568
-0.295750237397306 -0.106767207595795 -0.0892281147532299 -0.169064947957129
-0.246159786316291 -0.161459098074252 -0.0383951713686481 -0.0411844766607508
-0.221746133490452 -0.00466923953197853 0.0450080924698723 0.22524537985474
-0.141202193242938 0.108612952967233 0.305251051333577 0.129419553401387
-0.00653665871400353 0.146755944224231 0.270757016290504 -0.17845620914568
0.0945498509605347 0.117679739868683 0.0157959984774873 -0.26122243123776
0.138214385077811 0.0329916165586922 -0.108202854718361 -0.14886470378697
0.114056976707605 -0.0334995328519854 -0.0938029634301669 -0.0378012702567997
0.10830743526221 -0.051191831003209 -0.0455942755999161 0.0416701423710067
0.116854814177076 -0.0396419068412934 0.00613431769518636 0.101235401453138
0.168675018292158 -0.000718272788524632 -0.000794635356105393 0.175708309736953
0.163835449547444 0.109438491781516 -0.0958189986610453 0.209352236902006
0.0587008599866603 0.187322148645581 -0.228089804197805 0.09135772016502
-0.126064750664406 0.210611524267824 -0.245673861531303 -0.112353419500872
-0.289942549077387 0.0589222373169549 -0.111300610003767 -0.225146501990894
-0.321386272815937 -0.129907501428933 -0.0190351892611598 -0.109188904857781
-0.221773868844196 -0.213467411395272 0.03764174147222 0.0376022497663442
-0.259581298767089 -0.0686023357574849 0.0551643009980673 0.268492241775985
-0.211798662168573 0.0961328589044565 0.29439547996403 0.215777713025669
-0.0397869315642637 0.189889126431939 0.304816400168947 -0.0806442432752915
0.104746504970444 0.150699955478412 0.0971673845468321 -0.204766822209667
0.162799432246769 0.0442158374562836 -0.0319299104496101 -0.149257524004525
0.132812283601181 -0.0412620374436562 -0.0403711700242464 -0.0615868029835037
0.112521615907181 -0.0656306841714656 -0.000881928548796014 0.0174996589891726
0.115653767781462 -0.0532459174430062 0.0542010937200837 0.0762290153347072
0.169441329078192 -0.0151006516278121 0.0632042053292807 0.163992952863611
0.177517862787444 0.0939493417985695 -0.0214542937440992 0.235566904133714
0.0850539755893504 0.185046279015161 -0.182662763127607 0.160782287388314
-0.114960761264397 0.223568722510806 -0.234991760499929 -0.0460957804318371
-0.2879036849914 0.0533450256038725 -0.102466414772851 -0.189927456205313
-0.298794525776053 -0.140210229956527 0.0538415163692961 -0.0499946116742301
-0.157419997046879 -0.222232713986487 0.105788263912444 0.123275380286272
-0.235905715894672 -0.124446164554265 0.0618693821690541 0.299985313754119
-0.23325639410867 0.0510448197621678 0.250815594160323 0.276935082287963
-0.0707086093839396 0.184603097444956 0.294535762525155 0.025621142715385
0.0902733130611771 0.154233955806905 0.161669290789837 -0.123432023559812
0.156454654146475 0.0494448507857108 0.0477786376567605 -0.134323703989053
0.128140747590767 -0.0423147004471945 0.0185377363697998 -0.0822315236869793
0.098854866919138 -0.0698540381768804 0.042597286209824 -0.00777625839569486
0.100378525727448 -0.0598493303060452 0.0957955743548443 0.0484604398332978
0.148689683489152 -0.0223240701316035 0.112625344064562 0.143779907923006
0.162584591913563 0.0762161675265971 0.0384509761455719 0.239615715761935
0.0835901202491231 0.167097784027456 -0.136677865456976 0.199426067725978
-0.110798547637342 0.199282194367223 -0.209852733302644 0.0019120218463722
-0.257567939637732 0.0207821362292429 -0.0862731105436857 -0.154606992504123
-0.233705442766481 -0.146748893842244 0.113953805400234 0.00760299971813607
-0.0705952988638302 -0.182314768244609 0.155478423077598 0.193561692812982
-0.16272619446308 -0.14051880760341 0.0637426318403342 0.3160274234355
-0.192365953950682 0.00817442597446675 0.196818931606743 0.302144769715067
-0.0701160220192779 0.138763208970772 0.257123696975506 0.109095089908275
0.0643341111600195 0.119480138246512 0.201507227398061 -0.0463567962122556
0.120864577621572 0.0404866320594461 0.11297726377291 -0.114629239703452
0.100179952274377 -0.0376845516777944 0.0690504919906796 -0.0981913451036863
0.0713538609849456 -0.0632376797129386 0.0777045830463204 -0.0310083599987328
0.0736695754522208 -0.0574235173851786 0.127435712119564 0.0232790207266083
0.114982460288259 -0.0265759185112161 0.145910183257972 0.124813988078537
0.131141120604103 0.0579220798278453 0.0785802025221154 0.235632408679009
0.0661351076356191 0.141774330873003 -0.104191070266716 0.217891976922888
-0.110805989151457 0.153076721359152 -0.186006053758529 0.0335326618078884
-0.207249031148091 -0.0230975602741107 -0.0709275515946179 -0.11858580302254
-0.140731975138342 -0.14412642496776 0.151984939840963 0.0624155393421185
0.0246078711746587 -0.104492763036834 0.183258851160641 0.227145083941191
-0.0621479760665517 -0.11092435010621 0.0648037482551483 0.310309393455416
-0.103700723483111 -0.0128496480068091 0.159236720403537 0.299273911139503
-0.0359294369735431 0.0687230469575181 0.227951881198447 0.151051419054751
0.0361044987459687 0.0549341199282589 0.221216098837481 -0.00522847730113186
0.0643734177869847 0.018093198600595 0.149167254102 -0.103166512005989
0.0527517295529104 -0.0280123804518795 0.0997742170990418 -0.109359996653191
0.0334694932182573 -0.046911665554074 0.0992553500441124 -0.0488082903679907
0.041705297829491 -0.0471249770311393 0.145552836145746 0.00608865938197369
0.074538439876797 -0.0283299841083405 0.166104775330789 0.113824602516935
0.0920792033247964 0.0345982321500785 0.101581704911898 0.231071787207121
0.0438917722067855 0.108895514317394 -0.0889989707526299 0.229357726431224
-0.102559929674927 0.0965357884300923 -0.176355747253221 0.0536211842410874
-0.138300315633719 -0.0614101196013433 -0.0637313282314847 -0.090387402706487
-0.0320684149825371 -0.124605483201832 0.161623505295227 0.108137194584707
-0.0815039596706649 0.0749255115353444 -0.208184394068612 -0.135118328545361
0.0555422873356819 0.0536119244089153 0.0113140990014955 0.13173707264453
0.0654140577885999 -0.0409344139402676 0.223130613898081 -0.0448845240643773
-0.0317485875106146 -0.0540640377390839 0.135560491136779 -0.273455063081353
-0.044539910648181 0.0106370201469397 -0.134193522444508 -0.284320751112161
-0.0164136978501549 0.0234051647610631 -0.223951927862594 -0.117806152556373
-0.00239523180972658 0.026184197212423 -0.177181004390616 -0.0032121328908372
0.0151202787128251 0.0202212427207627 -0.130758606340654 0.073685353335385
0.0136992000726978 0.0158679910984706 -0.113389210929375 0.12230091554161
0.00825412812292369 0.0128712199027375 -0.163220272482756 0.128464461422813
-0.0014020577517642 0.0193523254353523 -0.234562046134132 0.0277995041421446
-0.0101300627828357 0.00489307704949323 -0.24029963766375 -0.155988358323258
0.0150044470718841 0.0329086718400106 -0.175838272400207 -0.290182265048071
-0.0425516180509208 0.066960632900497 -0.090680746569019 -0.353063749277798
-0.141443040707427 0.0231390405041963 -0.197244184081213 -0.28451880139114
-0.175909089539939 0.000704711584612459 -0.177035776051416 -0.135841735138707
-0.0429020126122514 0.0608397353180744 0.0215533459414927 0.151245394762718
0.0143485440269404 0.0231627499711352 0.260583798841318 -0.0178367301922683
-0.00802171512101315 0.00626800391616479 0.168318000463709 -0.280438962837711
0.00913440129640812 0.042607878068457 -0.11533801787078 -0.29667524259415
0.0405410467700339 0.0227183181884107 -0.21358366374633 -0.127452783634352
0.0429737226780492 0.00182913510781665 -0.169281747984438 -0.00394786160136953
0.0593755502180624 -0.00713089111653039 -0.117379709240047 0.0755375983015124
0.0690446614894168 -0.00288178076020842 -0.0872744699811032 0.129238584488026
0.0897368031277755 0.0231147953039131 -0.130618459375671 0.159651680099812
0.0627939272210252 0.0871479227143158 -0.222708015296068 0.0925566760363191
-0.0194957485307412 0.101902384532489 -0.266195405599929 -0.0964314983172235
-0.0865625245259224 0.0909863596910429 -0.212360600982656 -0.259396922971449
-0.173988659334347 0.0392143890294365 -0.105029710808039 -0.321497263557324
-0.247375429641053 -0.0615712139233319 -0.159849321351543 -0.243920690222032
-0.242915209948506 -0.0874726088639354 -0.120181126270544 -0.105469870946857
-0.149709635403993 0.0436140575244671 0.0350933499761816 0.191922328862367
-0.0613182721400527 0.0840882030695688 0.30463636666059 0.0461948335875488
0.00446980968387013 0.0826248774772066 0.227450163129982 -0.259940504992488
0.0637328254340971 0.0824864500684194 -0.0650210303965908 -0.303015181151937
0.0999147728123398 0.0252452119038724 -0.180914427366509 -0.144850867459299
0.0870155244658383 -0.0202108361228319 -0.144405971708383 -0.0172591314639456
0.0954949809371228 -0.0337101201336781 -0.0880596484714129 0.0654280520130663
0.108866083332487 -0.0239409644064174 -0.0425367744924618 0.125007511320678
0.15219160530476 0.0149008973657935 -0.0688494502360156 0.184293016207984
0.131188882209167 0.118376561695556 -0.173639618807399 0.170413723827508
0.015059292308686 0.173334539294209 -0.273890916019161 0.00137723431181573
-0.134028208730491 0.169412663879466 -0.253448735536454 -0.197438793132792
-0.269877821358728 0.0488987144664597 -0.11995352516914 -0.283603124787689
-0.321797251618936 -0.112980713478683 -0.0991643036111654 -0.18511005685293
-0.267973167464921 -0.172125075691546 -0.0448079938864388 -0.0442025464279632
-0.240469949549 -0.00337443590886628 0.0488244517782166 0.24240097273784
-0.152412920632809 0.11823041872651 0.332739093562967 0.136920705807505
-0.00661482272872131 0.159741908640507 0.29216441229635 -0.195846084629747
0.104624636905371 0.126973971735481 0.0128038874366356 -0.281898943418174
0.150868941150741 0.0339926962031705 -0.119942945311259 -0.158888381391303
0.123631568818925 -0.0377092091358182 -0.10154686289247 -0.0398117536094746
0.116734975787356 -0.0569209101072271 -0.0471052102661044 0.0451701298580203
0.127843430130186 -0.0443182330269254 0.0102730117879815 0.107567392817395
0.184384137505437 -0.00290477288421186 0.0051632600493357 0.189541029534133
0.180691838749645 0.115984537285648 -0.0966135890856272 0.230431451366034
0.0647942347741883 0.203034884162278 -0.247079786718909 0.102625247229196
-0.135312066823449 0.229501526128973 -0.270783897924964 -0.119183535767475
-0.313944892681655 0.0674586242305487 -0.125268816481454 -0.245190950952327
-0.351179503371492 -0.138152221528075 -0.0230173754169385 -0.120750439616189
-0.242774451810354 -0.229700536671904 0.0383797289228403 0.0413607230943321
-0.282576093427412 -0.0722115008759104 0.0604473904006238 0.289349076941524
-0.228822206720215 0.106107113576874 0.322416869318312 0.230503073833235
-0.0416103391209023 0.206040220469846 0.33007121181437 -0.0898572456885606
0.116246669512151 0.162005919319979 0.10312952044694 -0.222043986450859
0.178281911559398 0.0451108179060667 -0.0369130371230131 -0.160860166898178
0.143411436621949 -0.0465598011021459 -0.0438613892052747 -0.0653218739896643
0.120169904173047 -0.0720520396094076 0.000888741674018948 0.0179036089842496
0.126158329526598 -0.0587152286542711 0.0623946498953584 0.0798076099658059
0.184791475828701 -0.0185237072917678 0.0744157415166335 0.175727788900608
0.195153322506916 0.0986451281301061 -0.0153784845556137 0.257987364545827
0.093670178825686 0.199410817259034 -0.195774874174923 0.177527268928518
-0.121632462354001 0.242971066479205 -0.258028507947823 -0.0477925866797111
-0.311948185405518 0.0622571749326282 -0.115831930144714 -0.205950754591205
-0.327232040635905 -0.150102209055693 0.0562933473380126 -0.0563598861391001
-0.174439944402731 -0.239774232691053 0.113702567360131 0.133738722901241
-0.258352811122172 -0.131555524480006 0.0684827372477409 0.32447538484298
-0.252345242794261 0.0573699234836453 0.277033036106517 0.296909329446419
-0.0749827000693552 0.201270487136944 0.321058284139224 0.0257422902906055
0.100046327736944 0.165932755809967 0.175782351033843 -0.135279192119676
0.171299429469296 0.050843307376345 0.0498602849065928 -0.145768553394881
0.138346138826684 -0.047333988453923 0.0188685440053325 -0.0886528818893948
0.1049551577664 -0.076247701201064 0.0470905575475034 -0.0100627940648884
0.108303314611445 -0.0654989074073461 0.106516798733388 0.0496677176266854
0.161523198895695 -0.0271714061041097 0.127987482841911 0.15289417106748
0.178604883473751 0.0797771062591421 0.049079995168244 0.260666221831342
0.092113252141047 0.179086045774336 -0.145179770215702 0.218605106670607
-0.116903207589194 0.216644650958639 -0.229561604405669 0.00493218492538082
-0.279296084945411 0.0271061126136116 -0.0976577347634577 -0.166524392096649
-0.256302664116348 -0.156096111220622 0.122030895454417 0.00602699570583077
-0.0796812611363811 -0.197069265060364 0.169034683606188 0.21038735833219
-0.17984884551934 -0.150055709092976 0.0711541017257516 0.342832021993004
-0.208050971028858 0.0107746993409304 0.218374619713158 0.325138834815943
-0.074633266097341 0.150655096006159 0.281782330669696 0.11656871479003
0.0715603991504906 0.128582028123699 0.220172125782095 -0.05248943715824
0.13235496313955 0.0410810617313772 0.120198233313276 -0.12456335174876
0.107148532863827 -0.0415931240300891 0.0734122260561415 -0.106024435638943
0.0748589741544617 -0.0679496047407896 0.0851165720851761 -0.0351769908680026
0.0784254193084752 -0.0623168533381122 0.139205081143866 0.0225336384301363
0.124291501608731 -0.0300436869857364 0.162869528686651 0.133091062393784
0.142959517805931 0.0602091927139665 0.0924980574833122 0.255948404540627
0.0718574021075809 0.151834238821449 -0.109658757780496 0.238239387807424
-0.116385699989194 0.165888477320368 -0.203709040525585 0.0382346337523065
-0.224954566866208 -0.0212154072748943 -0.0798791027343935 -0.127901802227422
-0.154992721748103 -0.153426985399538 0.163808581495041 0.0644999122105724
0.0236712940784273 -0.11387439944907 0.199537093353024 0.246787381731338
-0.0706283812567376 -0.117927162480108 0.0729956758271474 0.338766199868166
-0.112062218309719 -0.0121454958863773 0.178607431806682 0.32292636728767
-0.0381212250536645 0.0743317359993622 0.250479142213271 0.162855414218522
0.0397810746722541 0.0581120840630504 0.241025031079548 -0.00919850904482219
0.0705524411733587 0.0179694190756362 0.160274443153264 -0.113469742696134
0.0559335927382513 -0.0308539611010007 0.10628090755208 -0.118685802660525
0.0340750213450458 -0.050051660088392 0.108098140471654 -0.0546825418430781
0.0433651319327095 -0.0513568367588778 0.15839991137636 0.00420152303275097
0.0792232708386371 -0.0320239432336915 0.184084351153461 0.120309626084007
0.0996525482484799 0.0362984180038421 0.11619483887784 0.249919957915978
0.048027160501195 0.115892334418621 -0.092758895397506 0.249588204099171
-0.108657054087394 0.105762777613752 -0.190961077651502 0.0604600066055934
-0.15076982393041 -0.0627995546096526 -0.0715962095470293 -0.0972618268774996
-0.0369392250809657 -0.13252371403968 0.175962695460918 0.114166432263389
-0.070070749179241 0.0977915103348339 -0.253920406643026 -0.116354093501539
0.0683554022212477 0.0476822647803488 0.0325095988987211 0.141044350471644
0.0596888209294129 -0.0550169495589174 0.231355221805412 -0.0865936283956655
-0.0419862264299468 -0.0479902700935601 0.0917438463526337 -0.321731483369174
-0.040432487847979 0.0186146680582645 -0.200253255680693 -0.278964019366751
-0.0108775946339133 0.02716025884394 -0.26542816679596 -0.0860345402111702
0.00336362792325873 0.028501798151366 -0.196661987532044 0.0296018461171878
0.0204895682440372 0.0175910280299487 -0.127136365868917 0.101111477307198
0.0178018092468768 0.0128191529507691 -0.100891412814723 0.150661593370131
0.012401056925043 0.0110800608687068 -0.151197958336076 0.167585554400386
0.00325290402066394 0.0188702531326239 -0.249018994685358 0.0725213089273153
-0.00860864615322834 0.0100802096452776 -0.291228042509254 -0.125800402621928
0.0211354330281512 0.031188415888694 -0.243063829397334 -0.282615066377323
-0.0319174271023313 0.0787174736688311 -0.159653189846793 -0.365794432853256
-0.144507893211708 0.052027488260526 -0.263790938524453 -0.277422650101542
-0.188852997280157 0.0355372621886146 -0.21015744520246 -0.124342819188009
-0.0373453374161721 0.0722145172058579 0.0502805043341543 0.156345186457033
0.0158786821387858 0.0238258507558116 0.277955442187225 -0.0689599762790503
-0.00701740957834492 0.0129040571961478 0.12341590984901 -0.336796418658748
0.0230881434266072 0.0440669930710678 -0.185154976463352 -0.297908508667483
0.0503141028531296 0.0169063381139505 -0.25877939926345 -0.097515612570584
0.0477958684946563 -0.0053309689494525 -0.187743851739613 0.027520400649934
0.0639972457491155 -0.0196162696898933 -0.111879235202624 0.100795112829211
0.073879855750771 -0.016803162512042 -0.0695713560905614 0.152779772649931
0.10078664197416 0.0064837843219897 -0.108816902666868 0.194068640531688
0.0835721392258555 0.0793113560005232 -0.22321267981554 0.138991399208879
-0.00228459718651904 0.114871812262446 -0.306394487978327 -0.0574822886401951
-0.0768495646858496 0.11270517044576 -0.276068353621997 -0.242085078584786
-0.177276109961397 0.0719754909719799 -0.170188525341753 -0.325798281866156
-0.27262513065051 -0.0199042139788707 -0.217454444938115 -0.240124956775922
-0.281327945709839 -0.0473344059681447 -0.13263824212066 -0.101418897901158
-0.157310415007132 0.0714655030482139 0.0772287638957926 0.195441711643623
-0.05562842620829 0.103075466335162 0.340657023461313 -0.0154907829927987
0.0183822310327067 0.0931299730178215 0.190830850360091 -0.330334041204816
0.088035680444969 0.0783577825112309 -0.135464465157537 -0.315950161153103
0.115158888506671 0.00953068019343 -0.228597571233113 -0.122192186715896
0.0915164497552971 -0.036566190876415 -0.164151229805394 0.00837363776316021
0.0972490631322448 -0.0539047488757552 -0.0820335931299658 0.0850203409337934
0.113115830268473 -0.0466641216413258 -0.0220200893464931 0.139777793193032
0.165346121010048 -0.0131981604464529 -0.0372858905356288 0.207865791327037
0.161529707294399 0.0991297209538792 -0.155718436168803 0.214301284749593
0.0476229827817675 0.185007144959424 -0.2965469139719 0.0488094796289501
-0.112464200269755 0.20536470548044 -0.308203438747272 -0.167638806433384
-0.278197792732549 0.0998022392435513 -0.180160114161563 -0.279830857460248
-0.362806808727189 -0.0626431648714871 -0.142964999167281 -0.185730971830313
-0.327608579285513 -0.13481349636525 -0.0312777019383207 -0.0449558398232135
-0.26536568865245 0.0363108647220692 0.106539011309019 0.247730498201387
-0.148749894490002 0.155779015293977 0.393237354215849 0.0734287130832166
0.0187090637521987 0.17768707302915 0.275212796874293 -0.277952691791791
0.138548508011431 0.119337163579563 -0.0485767124759774 -0.311729079579266
0.171189883303668 0.00959074172711524 -0.168370590375052 -0.149063485520312
0.127732462559322 -0.0613278563239337 -0.122551239373302 -0.0240362784310479
0.115608292619995 -0.081586882836034 -0.0412005364354192 0.0555042630145517
0.129543468807169 -0.0712908807213089 0.0324653582905178 0.111202791817708
0.195930654973996 -0.0372718798127062 0.044187241193258 0.199085109785311
0.212736188693282 0.0882028137446683 -0.0605133813954996 0.264953636934816
0.105258289479565 0.206732059104039 -0.249054150226291 0.152452431608792
-0.101542028709864 0.269095530033957 -0.312224240104962 -0.0793836935576955
-0.322078629476993 0.128901758835522 -0.17958762026872 -0.234900028579525
-0.397837896058191 -0.0843447319728206 -0.0500214638438427 -0.128266140083077
-0.312701720613145 -0.203076202133106 0.0784922209969307 0.03797457952944
-0.324157207657479 -0.0315333648125719 0.131818271428541 0.298162757520222
-0.234129302055797 0.155087108341302 0.405374624825568 0.174659125260977
-0.0126131521677406 0.234172820307891 0.338807792944031 -0.174367021117681
0.155840660622807 0.155605986877893 0.0603929843427515 -0.267123645998892
0.201801977787755 0.0170290151231557 -0.0796589880591733 -0.166331595020216
0.146934190619772 -0.0744263228168054 -0.0656715764650742 -0.0631710091226905
0.115841050645422 -0.0977404913759655 0.00543208812865106 0.0190848084729298
0.124684565837154 -0.0860214664854776 0.0832849428716772 0.0722267509149998
0.192691196343738 -0.0525801278439788 0.115844091844956 0.171323185401132
0.224239009858841 0.0675166510560535 0.0325226081074344 0.279107479409223
0.134680143202691 0.196189149793364 -0.179569977463195 0.224108487244788
-0.0839821604366631 0.280737182958368 -0.285501566846204 -0.00461401139430172
-0.320061797714408 0.123806098392587 -0.16244051431189 -0.192609798513574
-0.375339229783702 -0.100152047720503 0.0474414045285783 -0.0719140548349139
-0.242042004740531 -0.228161804552906 0.175192908480239 0.130025433933568
-0.308874217134535 -0.100300449019862 0.148562888243321 0.338623308320043
-0.268621886501135 0.106114174357672 0.371394738820401 0.258683743560442
-0.0501093210614596 0.232961362578852 0.355314338281971 -0.0480590720751809
0.13744830944534 0.163037122849789 0.157485926181399 -0.189242244368422
0.194835077898315 0.0247524868654176 0.0174437630028851 -0.167422015798994
0.141881624418734 -0.0742731625549198 -0.00181525902911451 -0.100380799064869
0.0986999734635872 -0.098511502638974 0.0501551285775122 -0.0200662873997017
0.103208349440501 -0.0891219290970914 0.125345640950917 0.0317668589522323
0.166013914935359 -0.0564963781617231 0.167808425242601 0.137750307328061
0.201854567070279 0.0513592871045218 0.103239612529735 0.27127725228406
0.128832634684089 0.1739275209632 -0.116271275441744 0.259112178859415
-0.0827403376206125 0.25004181946551 -0.245150446493007 0.0469250386260996
-0.291510811424489 0.0805467935351392 -0.136857843567341 -0.154364504792905
-0.300826422304272 -0.119472431000413 0.130078550989782 -0.0161919290125042
-0.131205473680534 -0.19983660640382 0.242114305210431 0.205977282468163
-0.225843424444256 -0.132505728357479 0.152945188358044 0.362861880522894
-0.228057564906736 0.0469073909029573 0.312068832896178 0.304236473305426
-0.0594241799785598 0.177157398660125 0.331190929948871 0.0609088212399345
0.0985281380973113 0.128217936876691 0.223543489780693 -0.10730218841389
0.150481175354783 0.0216461477764255 0.100222003492745 -0.157135365353838
0.108553068398893 -0.0626502220476348 0.054842264733242 -0.130154304238932
0.0677761085723398 -0.0840555613372624 0.0859192011472378 -0.0531169174750168
0.0714635152616228 -0.0796567548615875 0.156136374124212 -0.00217748238138665
0.12520302387606 -0.0532109394297399 0.202538607050674 0.11048866388154
0.160477765306395 0.0373707581496232 0.148945050233358 0.258155026977964
0.10303298854509 0.147146028563368 -0.0744466099616312 0.27518851145029
-0.0919439156000589 0.19702414392538 -0.210504677358303 0.079304619813951
-0.242432137715546 0.0192591016768723 -0.111222925200095 -0.116807590065103
-0.192219536310853 -0.134619683181284 0.186997152493984 0.0409154624519343
-0.00195359369287185 -0.12822854893803 0.271436159435766 0.241586857286181
-0.101638553279331 -0.116002834454504 0.149149005499311 0.3597991785033
-0.126644741845103 0.00565139066008921 0.264086919747435 0.313730376172969
-0.0324545827896694 0.0874995182434057 0.306369963469428 0.119595719173002
0.0514030071534538 0.0580167683988866 0.257519026862703 -0.0616414557210545
0.0793226103184065 0.00732161234237351 0.148612693312812 -0.15217088381958
0.0544292023710718 -0.0417578608615791 0.0896825105118496 -0.150608933948741
0.0268796239580319 -0.0570344072246653 0.106936903488014 -0.0779766804236891
0.0346612123175161 -0.0606604092335912 0.172868937469331 -0.0249100370238399
0.0759514244174751 -0.0468103438601159 0.222745325531478 0.0939674461809125
0.109440829579281 0.0196693889565634 0.172813759148441 0.247963523775946
0.0706757903378381 0.113130281758504 -0.0538158245376031 0.285943523815594
-0.0944482947730701 0.13068271986968 -0.19382310313458 0.101379854204527
-0.170058765069965 -0.0378225661037684 -0.0974510450748373 -0.0866661021783515
-0.0634530700541557 -0.132977472418586 0.208616022794302 0.0911420295628215
-0.061487419191114 0.110577395643034 -0.280703860287749 -0.0947043951954741
0.0765387043645085 0.0421898846235968 0.0478518218795009 0.146056356063838
0.0547045707483112 -0.0637023432143063 0.23332195603184 -0.115828794077033
-0.0495147457501179 -0.0433048872848876 0.0618688066036832 -0.349577336761549
-0.0378418623598668 0.0249996451860562 -0.243125274447408 -0.270009413464199
-0.00825650897959147 0.0293212960711757 -0.289477409351361 -0.0595680488197948
0.0076614416135043 0.0293744270672058 -0.205647193571078 0.0520471388369254
0.0244159323536147 0.014714667322606 -0.12319742343224 0.119190920939218
0.0214527416339157 0.00984360480144014 -0.0893902059718047 0.16695188863931
0.0156225531243613 0.00963323759799135 -0.138960342385254 0.190630374642721
0.00639449551422359 0.0205373380301706 -0.253285729959052 0.10235855400628
-0.00798393818918359 0.01371057420032 -0.320625608160887 -0.100030178164994
0.0238707022465721 0.0297324446953072 -0.285494733883731 -0.27037168611598
-0.0245187594759718 0.0829632495128903 -0.206689390865899 -0.369591358754862
-0.144376174290529 0.0697451708787125 -0.307114303870728 -0.265180966735911
-0.192617973825329 0.0580686905934144 -0.237562862090713 -0.108019827252257
-0.0314112626945211 0.0787669238357761 0.0673086319990623 0.160263082693245
0.0170534547259412 0.0229434851356548 0.283841703697314 -0.101841069634911
-0.00719930623051211 0.0164439231561769 0.0938230689792389 -0.369205884102066
0.0310061661652414 0.0446018357069313 -0.227710779259583 -0.290939533524758
0.0555294953716543 0.0118208733204748 -0.283281424697927 -0.073257861266926
0.0499706845773952 -0.0104649279338567 -0.195526944173135 0.0480018493461916
0.0661795596051325 -0.0279273093513856 -0.106480671213991 0.115714635089688
0.0775758793044327 -0.027438227410044 -0.0560770343516074 0.165463574875757
0.107983352983456 -0.00498993726805949 -0.0904227086902956 0.213599625971305
0.096878780086504 0.0743659265817571 -0.217225873469325 0.170250391630385
0.00996243671908677 0.123474781564183 -0.329465946016982 -0.0264512611307081
-0.0703053540816502 0.126820263353597 -0.317153389308504 -0.223387193564362
-0.178234701827178 0.0928446833593077 -0.215313598003987 -0.326415148699855
-0.287360644221598 0.00687058286078607 -0.255747815353392 -0.230890765839853
-0.299434991099725 -0.0183929132853171 -0.153600116933804 -0.0911083227195696
-0.156281615219677 0.0914533682406995 0.0990790203391076 0.197690173789246
-0.0484408298123572 0.113437033286194 0.356559469398503 -0.052283695427955
0.0279682785495087 0.0965903471944453 0.165460503681652 -0.36784612496789
0.102196379523381 0.0724041702212397 -0.176118990378005 -0.315374222648569
0.122202577360906 -0.00296780166041321 -0.25295934488113 -0.101476088637859
0.0924200140180263 -0.0482999173797316 -0.171567804623337 0.0259627705845457
0.0968270816424122 -0.0673696662565719 -0.0763283414815899 0.0959029986680829
0.115523029844175 -0.0625682106207948 -0.00662086429690378 0.145335501170102
0.173256782743243 -0.0330344209886268 -0.0127741235655221 0.219825991641005
0.181014932375942 0.0862418308711381 -0.135415382385683 0.24134781845597
0.0696548467222544 0.19049919935737 -0.307570938865902 0.0836084876848142
-0.096999562848737 0.228509609028335 -0.343625449032116 -0.141590725325766
-0.281291555031242 0.133606841452511 -0.220874229627243 -0.276157418350237
-0.386854961529209 -0.0279223095923631 -0.172605837740025 -0.181571834487507
-0.358084099776047 -0.104879987388355 -0.0405297673833498 -0.0429606515841959
-0.273460638296441 0.0656253347414227 0.135145095370708 0.24891797754917
-0.139940463530946 0.178744385850896 0.421662614538129 0.0337976846982514
0.0373700872007837 0.1852511430317 0.25936341718399 -0.321242867278545
0.159526203205072 0.109908766733158 -0.083882934625668 -0.320681230154572
0.181085446974093 -0.00994513382971821 -0.191990545738659 -0.136151647295577
0.127293116226346 -0.0783269846288462 -0.131164569134227 -0.0119142618236755
0.112838216453581 -0.0978688606686036 -0.0357461088328662 0.0607868018946505
0.129911827301761 -0.0892380604277489 0.0478349424159791 0.109516100095087
0.202427856274318 -0.0617412879850813 0.0717917339344016 0.201020578492577
0.234083365877354 0.0680691917633109 -0.0292956186709429 0.28393917432822
0.13200871120736 0.206431149992864 -0.245380575682364 0.187905831842305
-0.0780050984916582 0.293188682376038 -0.338913654772229 -0.048632243743292
-0.324533940166668 0.170969903075278 -0.215975413388086 -0.229115664068513
-0.427875360715532 -0.0458193641611557 -0.0685976281432171 -0.130105948915942
-0.351145710109252 -0.179125289742906 0.0831188982173913 0.0323606877311618
-0.343757164993427 0.00177410300112537 0.167572795813086 0.299790927649146
-0.230075147737761 0.187466700361577 0.444975097742114 0.139509910164518
0.0107018973438211 0.247482716353035 0.338571008314264 -0.219252750944094
0.181070290983139 0.146507252546912 0.0354728567470379 -0.286729963935716
0.214632501139799 -0.00506662553456942 -0.101379091945035 -0.164519709416526
0.14607972417563 -0.0940812371847705 -0.0752091211590694 -0.058169075672422
0.110908917123227 -0.113973446217428 0.00908258677247854 0.0170961863351216
0.122537842107609 -0.104487961210023 0.0971361795756518 0.0633068843730816
0.197193890112241 -0.0774717485400295 0.143619642392229 0.164071370666282
0.243661680418381 0.0451350932861669 0.0710737211012473 0.289122300033472
0.16219753580256 0.191514922921666 -0.163605057156731 0.254691592243452
-0.0571083348553611 0.302485353204188 -0.302726001500118 0.0278368146546731
-0.322397301437272 0.165753592679259 -0.194726908861155 -0.185407744134549
-0.405278546071009 -0.0647735248598622 0.0390597042161295 -0.081016705543277
-0.279098536483885 -0.213117631077974 0.195531108155671 0.118619358754494
-0.335133244818569 -0.0713709173493027 0.189593948739499 0.340900097520922
-0.270437392326673 0.139446768643606 0.418468805831675 0.229993256853761
-0.0281128611060538 0.250709555546322 0.369021755453244 -0.0883265308909025
0.162186880679897 0.155802960876817 0.146030728967265 -0.215971805987135
0.208065831365311 0.00262303601106577 0.000443211037151243 -0.176585586675696
0.139788619058132 -0.0930995332089865 -0.0120469000870432 -0.103812301087017
0.0925668958552657 -0.112725794436549 0.0513431487782158 -0.027915140350552
0.0988708710940951 -0.104435101873482 0.136116468747273 0.0161622036411276
0.16844287160483 -0.0781982869306949 0.194153522393537 0.123243082981269
0.218434128373055 0.030584244849304 0.143581702266069 0.272411114551043
0.152789162487513 0.167924068700097 -0.0926617495043865 0.285405929399008
-0.0594050254654811 0.270106779478607 -0.254712763302671 0.0772416917279701
-0.296112000164286 0.117406015712822 -0.162677454870642 -0.146692498968847
-0.328846314379786 -0.0917329911899999 0.132151744041388 -0.0306526088581562
-0.161390602029207 -0.194094689923324 0.27503825323504 0.192239198137316
-0.25182567450018 -0.113421657908979 0.198418869528056 0.365824202823832
-0.23413608595147 0.0738157190017993 0.360812267072719 0.284740847641805
-0.0431335694864593 0.19269067772486 0.35684047228686 0.0278068795942575
0.116940533811415 0.122912285980672 0.224363931214489 -0.137930540332612
0.16048808280646 0.00397204016684048 0.0884622433303964 -0.175718669733292
0.106046690426425 -0.0772364114715357 0.0437875077092211 -0.141486253116715
0.0611130173697667 -0.0931875730280887 0.0854573119566318 -0.066503746652477
0.0651680039007101 -0.0907303625215295 0.164573012205276 -0.0218682829359387
0.125166819245238 -0.0696962937711867 0.22734516109207 0.0916173380851847
0.172471427443325 0.0207048407239449 0.189508487416987 0.253343429555048
0.122978698505608 0.142452511589241 -0.0464481924905827 0.297401074469378
-0.0738484204761283 0.213879332990559 -0.213703743383039 0.107271750584535
-0.25144828393464 0.0486638186702671 -0.131262259105775 -0.110304739077111
-0.216281579804516 -0.118856983718779 0.197956163502422 0.0220401365117816
-0.0177453951446821 -0.132455609894265 0.311199495073933 0.226569839144455
-0.119542112567272 -0.108659214131676 0.196832130261596 0.364306790429361
-0.131461336966797 0.0193382276576579 0.312274236869683 0.299906097034815
-0.0245651335351684 0.0951336157963233 0.336593059589326 0.0925475942392627
0.0599367009309287 0.0545929918565282 0.264367017862866 -0.0941731250177304
0.0840024457261142 -0.00274676261744583 0.140005892674004 -0.175919233026012
0.0515901816867797 -0.049276315329648 0.0776249490935614 -0.166864818357422
0.020738038361298 -0.0603910998839078 0.104460638287309 -0.0939768713254217
0.0284229292538769 -0.0665905369865129 0.179636540257195 -0.0466083552828732
0.0730001503981543 -0.0571030503580586 0.24547169815186 0.0727729320678127
0.116687068598409 0.00802502383128346 0.21204734787159 0.240533076544357
0.085905616417761 0.109795177655811 -0.0255710660098458 0.305315345066671
-0.0839339334956023 0.145770601077575 -0.193317852936413 0.127471028444918
-0.181906036557676 -0.0194839933197617 -0.112495134074803 -0.0800140133086089
-0.0801677832249613 -0.131237014390617 0.227844078603983 0.0721624499321523
-0.0475139131440557 0.116218369611116 -0.291984177130881 -0.064454911826873
0.0808028015908374 0.0327532158629073 0.0617400879665021 0.143417207078116
0.0459549158069737 -0.0680694071178847 0.221307602260824 -0.138156327997959
-0.0536207852062375 -0.0352851781243611 0.0251182601883272 -0.357880548855901
-0.033812920904081 0.0293223492543762 -0.27092248525309 -0.24227610438222
-0.00449174168012069 0.0296036615204032 -0.295766977998162 -0.0277749001719541
0.0122687858597648 0.028550022147311 -0.202919097791729 0.0728633941489161
0.0264582115137202 0.0112278149112284 -0.112390703720265 0.130154466336329
0.0235533506508722 0.00611638260922763 -0.0723920790583135 0.174654380309551
0.0178710338731239 0.00776876303080145 -0.117825762558071 0.202104383180779
0.00888270313543173 0.0209866867111294 -0.242036864269758 0.127378543922351
-0.00604514661655599 0.0163666524709562 -0.33137932829143 -0.0665747980417328
0.0245793023073717 0.0268846905854583 -0.311413885273622 -0.23921661404478
-0.0165750887884188 0.0821662810097656 -0.244032399352609 -0.350773102099514
-0.135948856924651 0.0833938374938002 -0.333200254290878 -0.234348724298656
-0.184115149364914 0.0776628009202368 -0.249373379129097 -0.0820730459275493
-0.022873775492584 0.0804445563659449 0.0811009719135922 0.155178724734084
0.0177668130998841 0.0210144140878445 0.272860953395974 -0.129867552812503
-0.00596415209493942 0.0194784351352566 0.0562921706628295 -0.378129948348223
0.0366804709148916 0.0420898003575239 -0.256983723249195 -0.265472401255178
0.0569730425128279 0.0060276580747393 -0.289997130290222 -0.0426739029909311
0.0499519655084421 -0.015871930800125 -0.191660474742984 0.0671488556918221
0.0635226188621499 -0.0355316108886704 -0.0954762174384434 0.124596117725357
0.0759233475718769 -0.0368359366165006 -0.0394941717888631 0.168295220307887
0.108205834454838 -0.0167268028671265 -0.0665881325976822 0.219971762797347
0.105485484307332 0.0647034288590535 -0.197461622363925 0.191483934826345
0.0228018308910491 0.124686326866373 -0.333364671791926 0.00788557707331366
-0.058869513699219 0.133589889482258 -0.339730957658066 -0.190663481069111
-0.168573589285645 0.107920295888458 -0.248563906971279 -0.306575877893751
-0.285077541498656 0.0352213465450279 -0.279539252539175 -0.205284895587776
-0.298908112441859 0.0128328573363529 -0.165252479398328 -0.0736699147290435
-0.146749528398676 0.10580171454986 0.116224786002971 0.188459356339546
-0.0385448181779128 0.117225708928353 0.350585561426894 -0.0878954753128379
0.0366846970020556 0.0957143115231563 0.129056686484627 -0.384574560152687
0.110588243163998 0.0624750174214571 -0.207910540740403 -0.295319669056437
0.122179056016 -0.0163474786522804 -0.262653207876529 -0.0746818124662189
0.0880081712763457 -0.0575540337459811 -0.168972844152034 0.0424704103877854
0.09033106353668 -0.0775657717109173 -0.0663430331772935 0.101108398797483
0.110348679792005 -0.0754503183213236 0.00848019460975127 0.14229237329594
0.170767638112986 -0.0519531631702753 0.0120576988136674 0.21684446232287
0.190698353683846 0.0668025261705646 -0.106964311355318 0.25340243787872
0.088964362873701 0.185215323122512 -0.299432075135141 0.116383729617383
-0.0748776856771434 0.237475063930071 -0.359478646007315 -0.104860431693091
-0.267180262552149 0.160822442774767 -0.251096456100951 -0.254804361375884
-0.389359974701815 0.0106020230996664 -0.192180345234264 -0.164168231500292
-0.366866679854031 -0.0675021706576876 -0.048539760100464 -0.0362810362754015
-0.265776696574369 0.0926944594223504 0.156564469504517 0.235774650344416
-0.122739769307448 0.191635341473594 0.423562837492809 -0.0083837657451211
0.0550046478845876 0.182175946183795 0.226957013415464 -0.347252827433055
0.170805780889208 0.0935111966965541 -0.115753342813902 -0.310170379629303
0.180698198468298 -0.02942051846723 -0.204908126790744 -0.115017347749652
0.119265410728692 -0.0906808546900044 -0.131019972454539 0.0011969468699773
0.102546434877761 -0.108478161648451 -0.0290449305788582 0.0619181161269911
0.121535528687807 -0.103871486306526 0.0590379386626995 0.100348298351209
0.196582868852078 -0.083636438721645 0.0944531218267898 0.188726615971522
0.241196535472441 0.0422124277796859 0.00532570430346671 0.284522718964932
0.153372385410692 0.193640191340199 -0.225343554518771 0.213280156521502
-0.048041062145029 0.300195944229698 -0.346016457657903 -0.0127813386450853
-0.305709674043477 0.202448495737032 -0.241190166122991 -0.205927077705152
-0.4314182009699 -0.00258980667269626 -0.0846730442289635 -0.123168072870721
-0.367819289406086 -0.141771086038874 0.0832502300805526 0.0258682378232066
-0.342160392950942 0.0372781584976752 0.194076165954987 0.282699566057355
-0.210997143204888 0.209182360204188 0.457563794446471 0.092976271731035
0.0359664343488825 0.246352292785972 0.31656340010119 -0.253197088261275
0.19612314036453 0.127034678150205 0.00714527612895095 -0.289378408670165
0.213673294149668 -0.0296063928961832 -0.116847939498844 -0.15258590541101
0.136419969135598 -0.10859815520818 -0.0798977752216446 -0.0504131635717889
0.0990911728193948 -0.123694141154711 0.0113626150562129 0.0142857349629042
0.11215127874805 -0.116711279887287 0.10372814580557 0.049077860387219
0.189394042515867 -0.0988103232997788 0.162383405137427 0.14526641309105
0.248156284566038 0.0184730771801992 0.106385319285296 0.278350012523725
0.18133225995228 0.175493210503654 -0.136276992503052 0.271251699954266
-0.0266408514511566 0.306689173172982 -0.301019444671013 0.0595290144119398
-0.304301856679105 0.198257879398027 -0.216078305210402 -0.164673624981527
-0.410010846501997 -0.0234512578204832 0.0281714771973612 -0.0838121979339717
-0.300897593008932 -0.182979701064942 0.204340548096334 0.1008000930594
-0.342237255317444 -0.0368470028848162 0.221915516980432 0.322017494189383
-0.256222808983306 0.165952816221821 0.440427559257757 0.185649774488765
-0.00235264137884125 0.253625202248629 0.360036451902699 -0.126141577803108
0.177902558888872 0.138621249814204 0.124780864286913 -0.231365522935401
0.207909545113303 -0.0210413798227513 -0.0161895990357339 -0.175369270783016
0.129415086436047 -0.10652408529131 -0.0217525332302278 -0.101431922378798
0.0803734885324027 -0.12020474757481 0.0488996720709039 -0.0347887405876009
0.0872370953942999 -0.113760085568966 0.137763154569473 -0.000858169044264265
0.159830719226904 -0.0959125792420383 0.208531951428974 0.0990773449897542
0.221172243748406 0.00622402102939199 0.17702627210939 0.253351038435388
0.168962504631609 0.152341145895403 -0.0623475514106419 0.293937805304799
-0.0314248928513687 0.27324517591895 -0.24737458625012 0.103466810971961
-0.282690908125753 0.148504775637498 -0.180456555745736 -0.129136191167429
-0.336841436071428 -0.0577155931657103 0.126584415044807 -0.0430574300592521
-0.181225913129342 -0.17550947555472 0.292648438757992 0.165627625071889
-0.262619327601643 -0.0864451954484086 0.23388350027392 0.347263635725495
-0.226253727202917 0.0973070087009691 0.390173662847417 0.246646891756388
-0.0235659681201856 0.196792003383691 0.359462137077466 -0.00906087691609111
0.129411589373082 0.110457715227803 0.210485992511806 -0.16193816063676
0.160582136698655 -0.014654649317269 0.0718139884021318 -0.18415705393871
0.0978204664449265 -0.0876044867737846 0.0297718404057124 -0.144721395449767
0.0510348893425179 -0.0967960148273935 0.078539803209612 -0.0756844157881287
0.0549616999040186 -0.0956749876978688 0.162476579963161 -0.0409097570637718
0.117285768819687 -0.0819057101243326 0.238090583931532 0.0655234738593882
0.173937594773636 0.00201403110920272 0.21971121917942 0.230452447297698
0.136181953552237 0.129505945351978 -0.0153043955548064 0.300981608687644
-0.0524092057644978 0.218853653194689 -0.203319334531016 0.129284109416594
-0.244188536316445 0.0758655582124287 -0.144802239290486 -0.0957667474818239
-0.225821068855265 -0.0957728248175076 0.198244295178894 0.0027072561271451
-0.0317878454594347 -0.128203163156148 0.332812679936184 0.197344546903403
-0.130053151142779 -0.0938298888721264 0.233632350419348 0.344967977434142
-0.128417425580942 0.0328140582977665 0.342067995939338 0.266497953752489
-0.0149024256110031 0.0975750513895731 0.345774596184606 0.0574666380062801
0.064480615458033 0.0477935213591196 0.253841386634171 -0.1227555296826
0.0831498708692581 -0.0133937356673568 0.123292233523041 -0.189857633517949
0.0455268817578317 -0.0539060352524248 0.0603915117166545 -0.172946361118146
0.0142484338020973 -0.0600080455884345 0.0955584582317688 -0.104900088457273
0.0195315081462874 -0.0678402076369166 0.175255576942512 -0.0665573899309302
0.0655459122770986 -0.0638081848049875 0.254205995930594 0.0452909218430663
0.116524223504538 -0.00468957572112592 0.23921812165364 0.216124648377245
0.0965148224353699 0.100487806267342 0.00718027940787073 0.307724459751949
-0.0680024755669473 0.151930577605103 -0.180123956378783 0.147086586497666
-0.181500473540129 0.00128195432446446 -0.121873089949772 -0.0673024847179403
-0.0922902205680369 -0.121802729676693 0.233748113340896 0.0486170227242291
-0.0367030518848309 0.115115021918066 -0.290124054034819 -0.0427125040354952
0.0808541783439056 0.0263672806495359 0.0689059513104088 0.137844665709996
0.0388727470092422 -0.0681732826367941 0.207924179156543 -0.147903752167356
-0.0536956479011271 -0.0289898303727345 0.00141575167097087 -0.351489338787501
-0.0289371696186841 0.0304860964220206 -0.278532278992925 -0.217363772447261
-0.00282968766223543 0.0292726518433555 -0.28988667710603 -0.00684412554545043
0.0154059708873955 0.0260656489539175 -0.194502298512473 0.0841180312203464
0.0272343551850023 0.0084250411514477 -0.102772808293112 0.13340172367056
0.0237688854291506 0.00333710106996073 -0.0606532982788146 0.172875826871986
0.0190005400637447 0.00602580666997323 -0.10133779821736 0.202402337491974
0.0109685969840669 0.0207311248640558 -0.227014083155105 0.138620264549
-0.00455488524372778 0.0182763898349641 -0.327874075128669 -0.0435263252738608
0.0234503021476846 0.0242518093976993 -0.317748968516252 -0.213107430895902
-0.0119752293294768 0.077964848039159 -0.259228333823547 -0.327857964470788
-0.126226233390268 0.0884814238687234 -0.337761159728267 -0.208613755866292
-0.171772009338173 0.0867573945826013 -0.250992490478651 -0.0623976119953888
-0.017231298971677 0.0782256501178083 0.0871950492800722 0.148274664467306
0.0172392689718208 0.0196074733093381 0.258621565527516 -0.14228348611775
-0.00454039431903229 0.0215412940574687 0.0314476928306687 -0.373007652138045
0.0401445561367378 0.0387792285793004 -0.266686643710865 -0.240274730670328
0.0562141524705566 0.00136685123402962 -0.285203555205103 -0.022272389507801
0.0494149889442484 -0.0187134791058661 -0.184057921305129 0.0770244033417572
0.060371283697053 -0.0395332605683307 -0.085965332236237 0.126496108369976
0.0723708368248561 -0.0422382665663687 -0.0286083025919658 0.163639776946185
0.10571895338031 -0.024209091054566 -0.0494003519415337 0.214874481406991
0.107580826183128 0.0565681087060183 -0.177795088061783 0.197998894935158
0.0307175904471618 0.121979602265188 -0.324609188044859 0.0296023644765043
-0.0510395456956676 0.132884465499765 -0.342806477023308 -0.163821218054143
-0.157609317880529 0.112653113509997 -0.261246444727128 -0.284678827116915
-0.274627881054018 0.0499501709755371 -0.285711456243117 -0.183312732700723
-0.287540142077564 0.0315481702216543 -0.168455730620073 -0.0593552859442751
-0.13557910044712 0.110435151787503 0.122497901875256 0.178934286914757
-0.0314881903411439 0.115690311422329 0.335627645238093 -0.106374842102992
0.0408760821020422 0.0925371474834763 0.1018263598139 -0.382311815580304
0.113195748880877 0.0535979256030027 -0.219939850472752 -0.272644177185667
0.118427813123303 -0.0244710309745624 -0.260060628680027 -0.054817669884691
0.0831387194159152 -0.0614565281772884 -0.161900929591174 0.0515227134661963
0.0838769829844734 -0.0813743242696142 -0.0588814231344473 0.100363496346477
0.103293212977855 -0.0817257395181533 0.0165374605021999 0.134821815322493
0.163463779986153 -0.0630875032574915 0.0266129294686023 0.206375738621854
0.19083341345125 0.0524109902632885 -0.084336772160975 0.252087237246267
0.0987721105492752 0.176182584453444 -0.284350180283139 0.132617127606219
-0.0590743257706513 0.235443969121452 -0.357936739976905 -0.0790118030436135
-0.250428315153527 0.170997434015617 -0.26180117164059 -0.233701276548383
-0.378017258100126 0.0327261521485284 -0.199684240475075 -0.148070540758941
-0.358863019483361 -0.0423860780335126 -0.0525299853736112 -0.0297616778703906
-0.252548947966114 0.105893733689003 0.16356701288526 0.221466368907434
-0.108919966668191 0.192957676598917 0.411593544201194 -0.0340044048151893
0.0644294902639874 0.175301505746003 0.199873959812444 -0.352566582945199
0.173194622961407 0.0798186038911056 -0.130915802269751 -0.293487434295414
0.173593980410268 -0.0414790979165413 -0.205149342471384 -0.0988103079090873
0.110744498840495 -0.0960089934547023 -0.127139613359513 0.00904468539738303
0.0935387765979144 -0.112059173408211 -0.0250650135374428 0.060153640501669
0.11278644938743 -0.109411072604137 0.0633082463949297 0.0898374405170546
0.186915323668922 -0.0953673869147308 0.105196375217987 0.174209237799135
0.237966971606398 0.0246511053115522 0.0280208614012546 0.273828172462511
0.161347131962165 0.18075458384634 -0.205981379958712 0.221823334167263
-0.0296689814933129 0.29449272676513 -0.338763773650469 0.010760398616321
-0.284321145591524 0.214992546273644 -0.250855614984509 -0.185971488455114
-0.42058624686939 0.0219406542217318 -0.0918425097393487 -0.112864861752568
-0.365571326988406 -0.113068425060372 0.0796038836909533 0.0225316793642249
-0.329787465732787 0.0563964382096897 0.202766692091215 0.264962787159926
-0.193238385385745 0.215180027113253 0.451323718220809 0.0619761985547214
0.04963319548576 0.238263287280834 0.293067554456727 -0.266548139467697
0.199619830406482 0.111153547534828 -0.0102943818866463 -0.282253964077604
0.205568985317701 -0.0444276320792227 -0.122368146676027 -0.141050890834708
0.125455789573958 -0.114034825287522 -0.0792712121584861 -0.0436352129793593
0.0891516550051983 -0.125538889300361 0.0117578026751125 0.0112488053255528
0.101514623465872 -0.121169830166378 0.103653520278382 0.0376030493176176
0.178762918774174 -0.109651028766848 0.168242378553642 0.12709080783959
0.24287381095715 -0.000151062250049495 0.126320968674899 0.260246751171945
0.186709224395528 0.159544358510136 -0.115632501079114 0.272551205135506
-0.00662765166860816 0.298157058349209 -0.291451012946852 0.0786517648547684
-0.282295864401375 0.212046228649803 -0.223470076995141 -0.145577557429189
-0.400719258167751 0.00221507517787444 0.0202883387516782 -0.0821510568415954
-0.303250002275748 -0.15749406979954 0.202698342372926 0.0876482403183678
-0.334207396837424 -0.0142543877620959 0.233173471361213 0.301138627443832
-0.240437313002838 0.176508577771779 0.439776244378219 0.1534738772778
0.0128365626709638 0.247762557370419 0.342181911111684 -0.144797860928969
0.182009794268922 0.123191943795925 0.107766360923686 -0.233653847152253
0.200274530045265 -0.0357562248937354 -0.025854856216549 -0.170166139279566
0.119025326682505 -0.111797361160207 -0.0265667860842053 -0.0970438708029931
0.0709776838874761 -0.119568240854224 0.0458835327457823 -0.0375753587289183
0.0768200475185678 -0.115465065648307 0.133870335895208 -0.0126202537199425
0.149513954401225 -0.103752332593128 0.210302186881585 0.0804788086484579
0.215179474628743 -0.00949656113331013 0.192422007886037 0.232253417557984
0.173477480278178 0.137787636008831 -0.0421596633552926 0.289710793094763
-0.0137495192447218 0.26596045980725 -0.235621650147063 0.117401626612663
-0.264793696536315 0.162754010612785 -0.185326130980913 -0.113280108759372
-0.33088931824001 -0.0352097967629055 0.119413525999131 -0.0493835687552526
-0.186614112895111 -0.157878077593978 0.292934249901345 0.145160578603425
-0.260921638520092 -0.0662472118663304 0.247740869283462 0.323542161841911
-0.214517265870082 0.107806353781691 0.393622751289003 0.214538485757245
-0.0104230069310887 0.193527847360286 0.349596192050701 -0.0311786469970278
0.132513801299897 0.0989617133502856 0.194925122370357 -0.171215335068477
0.154154006427909 -0.0266052126295327 0.0589301172228153 -0.184419271885759
0.08928295186419 -0.09104659872949 0.020969457352 -0.141957886812782
0.0436523111021242 -0.0952649651549485 0.0727866140894105 -0.0791857652025436
0.0464544721315561 -0.0952967863691563 0.155442746310517 -0.0524631151447783
0.108060988104561 -0.0874688321573268 0.236773423052534 0.0467341444334001
0.16897415879774 -0.0104155902748103 0.232284226874616 0.20726991771177
0.13977242077289 0.117457443682579 0.00461044107583004 0.293987764508291
-0.0373559623185152 0.213947587364771 -0.190598861545864 0.138842779116618
-0.231129183387719 0.0894217700741154 -0.148691962201963 -0.0819291447670366
-0.225471736665871 -0.0794241454822484 0.192394677008951 -0.0101763971771062
-0.0392647406506598 -0.120510787405963 0.335659007815779 0.172758856132358
-0.131693994652833 -0.0806607656174329 0.248884943923865 0.322867812675082
-0.122160790003374 0.0393540407491123 0.348576110743188 0.236805777561146
-0.00821600523985802 0.0951169665718429 0.341475430048213 0.0341091835520751
0.0651210004264829 0.0421533103668279 0.2391698840934 -0.136228339308737
0.0788791111064529 -0.0201937779559947 0.108379055545488 -0.193691835769618
0.0407693075869042 -0.0548616172140174 0.0487165668576394 -0.171661583843719
0.00962122481402372 -0.0570942227738847 0.0875769599127905 -0.108404405575006
0.0131953162344028 -0.0649829414063934 0.166528673482146 -0.0770299122081608
0.0584130539142045 -0.0653164073418021 0.251951190890222 0.0266794235195136
0.112153311662115 -0.012760801110671 0.24979860180708 0.192659256057631
0.0989381136690921 0.0908771684041439 0.0272838292600202 0.298540793258325
-0.0564675667627283 0.15019967753853 -0.167119657157564 0.153696713643265
-0.174877881953769 0.0134288770224076 -0.124382470881424 -0.0562548793404592
-0.0965940625087105 -0.112317886587073 0.229343824374293 0.0323064299108523
-0.0311566021797485 0.112763879804699 -0.288654500577281 -0.0318069363601168
0.0793719368305388 0.0224532562513588 0.0715773891820323 0.137050632840471
0.0358783086768834 -0.0670577711946137 0.201567370329114 -0.150682248872242
-0.0521190137285217 -0.0253345825365337 -0.00776214988280968 -0.349196887170742
-0.0264882367977938 0.0311251543262666 -0.280886003455426 -0.206970053543126
-0.0021101815865306 0.0289113471770572 -0.286845854019844 0.00244257926865809
0.0170640555698648 0.0241790116514172 -0.192770071984718 0.0891150172873065
0.0275617259548385 0.00638135136606592 -0.100422612893219 0.134246529753116
0.0238560527288809 0.000857841884229995 -0.05677526925762 0.171627160547464
0.0198860845927529 0.00467703726930933 -0.095121620497727 0.200363931071439
0.0121967223942873 0.0212220123943971 -0.221248603288556 0.142263551327783
-0.00381168772359774 0.0193855238026435 -0.325678067005035 -0.0344961560006631
0.0220984074459163 0.0225314260320464 -0.318194351206487 -0.203056566561779
-0.011516769931942 0.0743363279390077 -0.263628919813628 -0.320024739189993
-0.121277503435352 0.0884519831889302 -0.338340079515776 -0.201351720105874
-0.165515538444688 0.0892358423349881 -0.251604152324661 -0.0510305830826081
-0.0153603539639758 0.0756522939953853 0.0888246255428463 0.147322928695492
0.0162606790800557 0.0189067247161148 0.251900892812465 -0.145898147518895
-0.00369410233473232 0.0232319642677328 0.0217633945492491 -0.370405508573464
0.0424462499975717 0.0372050609818257 -0.268670713135452 -0.22956281325636
0.0558155163007109 -0.000324965102449091 -0.282321525186122 -0.0136441157741358
0.0496472025542471 -0.0206646031201675 -0.181179243679817 0.0807417869586707
0.0595447277990785 -0.0414282318197164 -0.0835895683820441 0.12615531804436
0.0712477548631432 -0.0450827428043812 -0.0261084115042232 0.160978108473302
0.104643239014646 -0.0275813806235523 -0.04326899623316 0.211717317373497
0.108766882210466 0.0538209388109206 -0.169245215366947 0.199097358257022
0.0342333216641909 0.121775459809886 -0.320811854207882 0.0381233847402615
-0.0497579178319433 0.132318965176401 -0.343058309265602 -0.152570499292124
-0.154699035379108 0.112017829713366 -0.26585371435536 -0.277491609071335
-0.270085013743007 0.0541408582219275 -0.287515858343696 -0.17543803086932
-0.280626537713855 0.0371216397620698 -0.170596475133456 -0.0507755663113949
-0.13135685260286 0.110764161575227 0.122281175858657 0.176692027340849
-0.0297187939029436 0.114286364105931 0.329196754780317 -0.112207727268907
0.0427070164153719 0.0923712387345645 0.0913770969273167 -0.38060595291202
0.114875247833904 0.0499234469427587 -0.223546826065994 -0.263625425456558
0.116422931097167 -0.0282129308285817 -0.257538374089316 -0.047130834302913
0.081570243559732 -0.0637664588509453 -0.159192337553317 0.054581257258936
0.0815210865575346 -0.0824362470569001 -0.0571538443794012 0.0991091422001731
0.100880043132781 -0.0847307417840077 0.0185135667150806 0.129732621793021
0.160585945093909 -0.0676708865239946 0.0323802803884203 0.200722753691155
0.190564887539309 0.0464490282034695 -0.0736960802716975 0.248754089025931
0.102249783821608 0.173814682692572 -0.278322601062736 0.13900940190215
-0.055078000054665 0.233391668395086 -0.356679029625243 -0.0688233416797232
-0.243964298125726 0.172865510616948 -0.265935213251097 -0.225295577716722
-0.373277087505609 0.0383180425799374 -0.201965534772643 -0.141305649704785
-0.353102696863646 -0.0325477646831838 -0.0557952009337838 -0.0247162414566206
-0.246136461691892 0.10924227168412 0.163900666496478 0.217282223466235
-0.104508912714955 0.191969412760308 0.406468933477832 -0.0433970078867915
0.0675425305030992 0.173156222586436 0.18992339794534 -0.352749793214274
0.174604705557781 0.0748316892604219 -0.135737620058343 -0.286980777760336
0.170074858592356 -0.0471028474223931 -0.204634220743894 -0.0923770878761166
0.108282283070511 -0.0976220687628057 -0.124595024946858 0.0116217906227624
0.0904769815874149 -0.112466607572513 -0.0237286675335668 0.0584477860146122
0.108915751223453 -0.112171906074181 0.063923517854987 0.0839307637944695
0.182591496137882 -0.100630729173652 0.109606937185201 0.165299059006396
0.236068117260143 0.0170582275899046 0.03836196491956 0.266923580801258
0.164729108507998 0.175613262682362 -0.198109243516775 0.225313499296913
-0.0230943991142367 0.290830282660523 -0.336606913607571 0.0193025499936804
-0.276029028715658 0.217564398680134 -0.254415766003346 -0.176810624582968
-0.415964176266271 0.0300952780186927 -0.0945193346222583 -0.10876623932899
-0.36154911579925 -0.102014916192207 0.075731178600883 0.023257087074606
-0.324094927383959 0.0636533870175843 0.20392841285729 0.258628485813531
-0.187856486595049 0.216467734596814 0.445733350239288 0.0509773074065259
0.0546256426824517 0.235563286096178 0.283915633567583 -0.269741609232062
0.200736764460539 0.104310175049017 -0.0166636309765452 -0.278609771696904
0.201361747745637 -0.0508254375756099 -0.123738068309317 -0.136430218620741
0.121751380998392 -0.11590154837404 -0.0788378458534047 -0.0410640224462972
0.0854575607211172 -0.125288694999821 0.0113484929907325 0.00957240138152158
0.0974706687353648 -0.122110993071162 0.101920675693163 0.0309113148645446
0.174188870571009 -0.113493286522222 0.170490057374192 0.117302240510031
0.239645048037437 -0.00752016740798152 0.135466432671088 0.250395537397556
0.188594798709611 0.153357269726588 -0.107503404362357 0.272742518842646
-0.000472271168847244 0.293499818721389 -0.287401751830349 0.0852850840073679
-0.273685938171916 0.215278920771064 -0.226569937632181 -0.137040957749368
-0.396115936181534 0.0106843504853194 0.0170412742673838 -0.0803130250800142
-0.30145865644304 -0.146848504941068 0.199386086026663 0.0843393106408313
-0.330228903517397 -0.0062466573825167 0.234073214408028 0.292729459623188
-0.234431395356589 0.179038219596776 0.436326179542986 0.140105325646728
0.0186963335296476 0.244397568384034 0.335442936843976 -0.151316390228891
0.183465598067946 0.117517747904316 0.100698155114486 -0.233650724653324
0.195951290202669 -0.0424049009363008 -0.0295041511013539 -0.168078715084097
0.114731417928242 -0.113465669196933 -0.0279032097417712 -0.0952371177086329
0.0674537932208609 -0.118075269015971 0.0447648246389423 -0.0398556560611961
0.0730823953944251 -0.115083935873613 0.13067027612262 -0.0185121910815535
0.14507375112999 -0.106875401133417 0.210521703172383 0.071143495998698
0.212168936788843 -0.0159934919008903 0.200728308754497 0.220750515480988
0.174979972411659 0.131945955405077 -0.0337306070414765 0.287620011111602
-0.00802528319304725 0.260540721643812 -0.231581055531301 0.123014351101179
-0.255532162608559 0.166243376419801 -0.188590930899731 -0.104434004101342
-0.327116857433489 -0.0279466537227726 0.115567684705764 -0.0501672444355013
-0.187241299235277 -0.149952903507023 0.291217776165347 0.138994454429522
-0.258957583931828 -0.0571295005866988 0.25104284141224 0.314961531699744
-0.209215785784375 0.111251094463718 0.39221214185701 0.201837219756289
-0.00599644147501728 0.191823522134674 0.34491980337771 -0.0388597307383573
0.133684962799688 0.094226173036839 0.187405869172027 -0.174696074291787
0.150615691973787 -0.0319140316553221 0.0534158354721058 -0.184544579105269
0.0857600563877437 -0.0918494870052972 0.0178137164061742 -0.141073003188811
0.0414515505366153 -0.0932116917680896 0.0708096402228873 -0.0814147947821707
0.042736488577641 -0.0929802488582585 0.151568527852715 -0.0573150916070264
0.104165283527177 -0.089172295849432 0.236332180240391 0.0372204893483629
0.166464198228169 -0.0155423081026499 0.237988989341498 0.195496658472351
0.140703129171098 0.111987631505689 0.01300970455236 0.290211014717839
-0.0323544924903289 0.210136982312436 -0.18683447889128 0.141896784758303
-0.224415026991984 0.094092431627967 -0.150046985193775 -0.0750693121495087
-0.224285613368847 -0.0734971395573813 0.188674376672988 -0.0144771734762738
-0.0415393860085782 -0.115710023377534 0.334808151199507 0.165524674970606
-0.131516633038833 -0.0744310589841033 0.254151086762065 0.313447635474035
-0.119588652821812 0.0415774854997568 0.34935459881733 0.225055863305324
-0.00578264050906564 0.0940988087454352 0.338501035428899 0.025711504518268
0.0652371936645608 0.0396962406128692 0.232021773230666 -0.140804816120788
0.0759455538986215 -0.0237315095387765 0.10232277249454 -0.194862422312255
0.0382604256496379 -0.0549002653492536 0.0442949022651718 -0.171005032116264
0.0082520250387462 -0.0537312184976511 0.0842186986310441 -0.109540861250616
0.0103878468120699 -0.0623704694741903 0.1617649681961 -0.0817669093460215
0.0547874376026614 -0.0655125764639638 0.250678506191054 0.017576163932009
0.10980479782995 -0.0162028573752027 0.253780395768131 0.180841792228343
0.100191772475826 0.0862864708838926 0.0346717353379397 0.294325506421726
-0.052629970222766 0.148143603279168 -0.161961187204645 0.155108025185913
-0.170492241896977 0.0184336206729271 -0.1248676997533 -0.0508356647052894
-0.0977118382640352 -0.108297386376799 0.226683690375504 0.0246905117750282
-0.0418161496615622 0.108652022752304 -0.297638253836585 -0.0670640368429139
0.0759736862152938 0.0311651587264055 0.0539991012155014 0.154552835776239
0.0423065576624422 -0.0616669299528696 0.225753130275805 -0.124943307298032
-0.0460693216091348 -0.0308407824993359 0.0322242160895189 -0.354213657524729
-0.0284167536366088 0.0256121215452535 -0.258931516717966 -0.241736772011664
-0.00431191112619982 0.030386265623064 -0.294508764000313 -0.0321559395539746
0.0149840800235893 0.02721802028422 -0.208394715511249 0.0699569638183585
0.0279736446770721 0.0100008158416474 -0.120606446439899 0.122715434206836
0.0250720855871152 0.00484333277698186 -0.0823268439320618 0.166680254256384
0.0210087212480253 0.00882856077625986 -0.123217081221997 0.188863137710264
0.0100637534164556 0.0271269999857015 -0.244380285042333 0.11253236499355
-0.00735442374897259 0.0252003995120772 -0.328185106421251 -0.0803791028217773
0.0098458788271661 0.0288330331637358 -0.291235810679094 -0.251148549867732
-0.0290567899586061 0.0725164920418988 -0.220376328910167 -0.364644903011681
-0.137460186052139 0.0745003212722799 -0.314909384617035 -0.257970510835493
-0.173965661967715 0.0701018674437611 -0.251843801676368 -0.0907994526879026
-0.025932812546999 0.0725508238824691 0.068821239898476 0.161224881481709
0.0115844636263168 0.0225747116273853 0.272693374279842 -0.118709270292328
-0.00501131447290228 0.0249105522407817 0.0624414212933278 -0.372182670471382
0.0395156383671958 0.0412013262356621 -0.247085462196812 -0.263423858529607
0.0576838737310296 0.00810949724104341 -0.288206354148041 -0.0455909608062883
0.0544580144847413 -0.0137430637799033 -0.196522146947007 0.0629677595662855
0.066670484328633 -0.0338907605068204 -0.102365158963533 0.115533746962823
0.0791810051231145 -0.035301226571404 -0.0494926274495506 0.157635581065623
0.110409124221752 -0.0131527905991069 -0.0717239423192077 0.204258064484505
0.102802679167059 0.0722324571858729 -0.197526811741914 0.175073970528435
0.0166635006664867 0.133918218410809 -0.332863371373283 -0.00676103884118601
-0.0765234416469471 0.129843049707965 -0.324145469357044 -0.202595825563998
-0.176938404598729 0.0899587666159852 -0.22751307349863 -0.317266939329215
-0.282829089624413 0.0169072649829492 -0.2671367087291 -0.222143966504187
-0.284422134598933 0.00634655759909924 -0.162464020007853 -0.0869396752385042
-0.147366831598712 0.0926319653208205 0.100487906009672 0.188997727205863
-0.0469955266523325 0.111986677759441 0.344417148046756 -0.0807342237538935
0.0309868683759133 0.101058645282939 0.130145082653532 -0.37666479223415
0.109483846477739 0.0643523597239291 -0.199879995487685 -0.290674617939571
0.12192694884275 -0.0124364417556165 -0.260166769199658 -0.0749368274088045
0.0925754899527337 -0.052989880070367 -0.170615810817071 0.0388815087061823
0.0953881662340606 -0.0724279101022694 -0.0708196783958649 0.0915380636803241
0.114049252082783 -0.0715324003530723 -0.000985249141996729 0.131155851339897
0.172571055100108 -0.0463734579390862 0.00563070075541527 0.20144395705949
0.186026492212979 0.0747559145944572 -0.106853553628223 0.236914223421228
0.0802419669418637 0.19584108850308 -0.304937502877701 0.100996377290851
-0.0931220552876322 0.231426987650001 -0.348822098907694 -0.120103007883941
-0.274012800943963 0.138885019338635 -0.233249531642076 -0.262498933089681
-0.384505552706322 -0.0143126559947819 -0.183419602099218 -0.17192837341969
-0.349767497666097 -0.0723666110712338 -0.0419025378536921 -0.0507391576879743
-0.262704969641252 0.0767516502027895 0.140671170167319 0.22994371183888
-0.132326872703267 0.179882595080885 0.411233180996554 -0.00931715067937953
0.0440212096726041 0.185064806998127 0.22358077957143 -0.339485406349116
0.165577470675645 0.0976924708025289 -0.112452643682431 -0.305491866082846
0.178060585605842 -0.024477764409666 -0.201629472430712 -0.111939444796865
0.12398046762607 -0.0846555156100317 -0.130908394881715 -0.000529191535351192
0.108379365605866 -0.100706515233401 -0.0316379976631067 0.0545766574688567
0.125424625496971 -0.098092006362479 0.0508303559219291 0.0898058702136615
0.19883463447695 -0.0768226757625537 0.0877249354890106 0.175688186938219
0.236603379592799 0.0500533676962008 0.00566377687926081 0.268277380212037
0.14415397886365 0.205037907499136 -0.234582955665868 0.199854115154081
-0.0661233559449283 0.293272742468381 -0.340838294919351 -0.0278797768019705
-0.31122340780522 0.181360158643433 -0.226980203982125 -0.210187333287666
-0.424938118725446 -0.0293968623858566 -0.0780875802617918 -0.121712530281714
-0.351855531384642 -0.143783331495607 0.0921609570597063 0.0152423808385501
-0.335905560612569 0.02120082863202 0.180958841521109 0.27426203745394
-0.219269806576234 0.193469416800699 0.44273840389842 0.0865910306126446
0.0218086094379399 0.245509509943024 0.307345852436452 -0.248535431235277
0.186714436376029 0.132417426600457 0.00502191403951797 -0.28471053358287
0.209181421651143 -0.0249760144511147 -0.114730767041642 -0.14681238617756
0.139982025454451 -0.101400156681335 -0.0780591691837248 -0.0495055821028231
0.104923022349118 -0.113739417805971 0.0111169273317261 0.00992666715056922
0.11534698085525 -0.109542350512077 0.0969230832295037 0.0418419902611047
0.191646809721931 -0.091788781382231 0.156120053566487 0.134781847910833
0.243609114028245 0.0239848324546718 0.105708680458809 0.265092992261573
0.17158989444071 0.185123478833096 -0.148042452117102 0.260380257904726
-0.0426498231637109 0.298518522650475 -0.300919594408109 0.0452132023376839
-0.306469819801881 0.179299496762278 -0.20446827112151 -0.164198100987165
-0.402622520568074 -0.0482620999544861 0.0325349109678716 -0.0754803297386294
-0.287461475091925 -0.181744030461231 0.212624298549708 0.0965652228888359
-0.333061922024557 -0.0484991653834153 0.211388767225031 0.314820836954765
-0.261605850850087 0.150306956067673 0.425275195435921 0.174506455783733
-0.0156130916064613 0.249988974887347 0.347158949421402 -0.124780565573323
0.167634801211871 0.143363760898404 0.117620852578515 -0.226675984362209
0.201124094949058 -0.0177180200002586 -0.0153897054554473 -0.167791647440761
0.132089892432543 -0.100510465371797 -0.0199708831279024 -0.0982237809148664
0.0856990086662585 -0.108634244636337 0.0514974695499113 -0.0356273245501321
0.0892661717398964 -0.105410726154288 0.133474120198958 -0.00466693806572385
0.162009798269115 -0.089245585043385 0.203915064092573 0.0945129371079803
0.216928882149038 0.0110899061421965 0.176707023069747 0.244566940024369
0.16079690738649 0.15845967604247 -0.0741632142215057 0.285975579243016
-0.0442652413541628 0.264189033221717 -0.250188313681122 0.0906461423748481
-0.280630035062659 0.132479185088372 -0.171300784427494 -0.125257650672556
-0.326677188470361 -0.077735182269341 0.128702700241977 -0.030972571465053
-0.172907401122125 -0.171154464767557 0.295143128814046 0.170045360486092
-0.254714038464594 -0.0896941157249996 0.227034133159722 0.343267121607951
-0.227697994659299 0.0846760218863414 0.376249042135834 0.236154257147749
-0.0328566913609522 0.192710690073505 0.346182440227312 -0.00958301351184403
0.120957006692241 0.113960650416438 0.201727233002999 -0.157816072535117
0.153513641539659 -0.0135380107493631 0.0720855823624833 -0.176614289912011
0.0994370663280245 -0.0829636167500009 0.0319078010928209 -0.14072622237181
0.0552157909711929 -0.0872446789725842 0.0835884769840327 -0.0738011748900679
0.0554042710440491 -0.0870070992123912 0.160148850967941 -0.040524095798038
0.117129602390856 -0.076401643604161 0.234512645973719 0.0651409037412273
0.170861021473296 0.00509455448991723 0.216833384891348 0.225239412702734
0.129864466504891 0.132962129261341 -0.0273960877482366 0.295862654271508
-0.0608963591576296 0.209360602568958 -0.207207958081019 0.11716908647782
-0.238080125682537 0.0645868366565568 -0.137872889757006 -0.0900445849373576
-0.21479306033113 -0.109057350386116 0.196621251775571 0.0146083482553546
-0.02980664418825 -0.120570385269396 0.330535548793768 0.210249627976813
-0.124354822059447 -0.0895753692395226 0.228374493020087 0.348403932046026
-0.127489585057076 0.0264017163445749 0.330060171969859 0.261543571276717
-0.0196356185375885 0.0944772320845947 0.335218326332699 0.0590334939695943
0.0602369867898072 0.0499576714583553 0.246056168515763 -0.11631680963127
0.0765140305818433 -0.0150145587435051 0.125600013838717 -0.183838942003356
0.0458004812976418 -0.0516571098828771 0.0634907464909509 -0.169068084084602
0.0161587547292725 -0.0523134013060684 0.101441913896798 -0.100469101001604
0.0187016631004062 -0.0606824666489363 0.175188778177978 -0.0626069682397936
0.0641606773673715 -0.0594041071422084 0.252081561681344 0.0482594208255663
0.114271236175831 -0.00341103392577797 0.234305950472557 0.21461647498278
0.0925618377354461 0.100357679124089 -0.00516074737827016 0.303207214134072
-0.0713928113467856 0.145199402488297 -0.184535795491995 0.134504947530203
-0.172871746685269 -0.00324850713516453 -0.117229091746441 -0.0629133516849164
-0.0814642233499096 -0.125509162031006 0.22834069426644 0.0582803502539199
-0.0392003003391906 0.113280583704594 -0.314440151139844 -0.0572945295290154
0.0801533038297353 0.0290747833043493 0.0617832017494761 0.163918525397759
0.0416653231383973 -0.0648162121017252 0.23273100662306 -0.136891754850144
-0.0484027325747121 -0.02951524861041 0.0209209560806026 -0.374579389607973
-0.0269332631825673 0.0273159426881759 -0.279731032011643 -0.245418614691995
-0.00299555536625203 0.0329602481915129 -0.309849911707818 -0.0225165448301898
0.0173243779584513 0.0267310928953785 -0.218494216017287 0.0816934811940129
0.0303448455889499 0.00842129646267885 -0.124421121632138 0.133097186305911
0.0266056571714724 0.00306543865273433 -0.0827189350994023 0.178102923364169
0.023381128204911 0.00763353579014822 -0.123461803606512 0.200421575635524
0.0126901940817152 0.0291582979345355 -0.253420697048994 0.124892284492653
-0.00666501761039619 0.027567426927354 -0.347333331072672 -0.0726835907024981
0.00897455442986135 0.0296499920995076 -0.311879389057639 -0.255198046246038
-0.0302305166805238 0.0741878004649962 -0.242465090650648 -0.37790430292412
-0.141146477627867 0.0805013157734809 -0.338296444376761 -0.262749024612912
-0.178362075490895 0.0778511706667562 -0.267674327685913 -0.08237406641243
-0.0254517878864082 0.0748808131682787 0.0765073737083518 0.170974370882643
0.0113235686300381 0.0233027040494809 0.282459191290322 -0.131428137306047
-0.00382837008409912 0.0278839033231851 0.0527188139852885 -0.393237224815034
0.0449696438498 0.041627250702926 -0.267628908789432 -0.267430093110526
0.0615537477235938 0.00661422842192329 -0.304119025563015 -0.0373414425408793
0.0576047356396839 -0.0174333768634143 -0.205377024876224 0.0730032049486795
0.0701549226403354 -0.0389955115755784 -0.105126884294852 0.124329059762255
0.0824813109152462 -0.0409549843348169 -0.0487843639444249 0.166603927083734
0.116922787439711 -0.0190065127162431 -0.0689520213666346 0.214162782010308
0.111853980995967 0.0720932177517285 -0.200766733399007 0.187752584462434
0.0227200957006529 0.141065871087336 -0.349899203529684 0.00503038522662419
-0.0785193064112616 0.138047211284652 -0.346121213697752 -0.202909369914
-0.185032072238848 0.0968317381027913 -0.249163503432296 -0.327492358490166
-0.295379432770724 0.0246329638703352 -0.28718585277926 -0.224631884917687
-0.295552557264769 0.0134291496459497 -0.175332562471458 -0.0816603955427648
-0.151348963804893 0.099663830212695 0.10938700245891 0.199547345292688
-0.047394106075149 0.11819050513295 0.358568931098589 -0.0945392273537073
0.0357932950444077 0.10557902655457 0.124554410748833 -0.398185238097981
0.119179683424759 0.0629836846645169 -0.219452955849532 -0.298252124886462
0.128071089709675 -0.0178915692083029 -0.275470920434235 -0.0688494714948077
0.096500445520131 -0.0598734336617193 -0.178625349449442 0.0462031940676403
0.0988021062935002 -0.0800317434487736 -0.07287353463909 0.0975459997583333
0.118268966014384 -0.0804616844530529 0.000999298496332884 0.135904503101293
0.18055606426568 -0.056240075135726 0.012748286199191 0.208235240163016
0.198942815271335 0.0720034197629621 -0.102199942191953 0.249124756600236
0.0908591260172143 0.204227173110142 -0.316808823934986 0.11680687523158
-0.0925725832336707 0.245231095317278 -0.371460662836963 -0.113906682839093
-0.284164989516188 0.151592575422715 -0.254058916594502 -0.268578653914185
-0.404644131781964 -0.00448029839216944 -0.198339099457573 -0.173837787503162
-0.366985239867907 -0.0658011512971378 -0.0477173372108814 -0.0475208539002711
-0.273238452891394 0.0864525675078495 0.151505398480792 0.241841825177844
-0.135283650166854 0.191208576812678 0.43114734316085 -0.020577364800687
0.0521188514824467 0.193362144032425 0.223608670207072 -0.3629660423888
0.17772847491306 0.096178586950947 -0.128115714124881 -0.316492882671632
0.185603104600885 -0.0332510846438171 -0.215146405213642 -0.110438318780708
0.127773962806316 -0.0932322492921011 -0.136774760252074 0.00332300373985218
0.111853946576277 -0.109117110700254 -0.0322732282885134 0.0572440305094674
0.129392782520262 -0.107757777268349 0.0545213905428458 0.0910444114155803
0.206743413466016 -0.0896753981566619 0.0985633031603534 0.178181017024654
0.25064860309772 0.0438893040461018 0.0182377298476132 0.277589427948478
0.158616882053049 0.211286069580501 -0.240235396751422 0.217852945346909
-0.0624266803582315 0.309130735095999 -0.360880724560551 -0.0171035998953345
-0.32123871104574 0.197673693399652 -0.246522404348296 -0.211227124626348
-0.448368956718839 -0.0191755653564339 -0.086080830802345 -0.123504396236053
-0.369663985322478 -0.140587207394311 0.0938634416489964 0.0168596197174743
-0.35129226175216 0.0314734209703845 0.193413111030196 0.2858036911099
-0.22596253338955 0.208309730402266 0.465896219447283 0.077253071707673
0.0304839844724781 0.257263284508184 0.314622256705143 -0.269125899094801
0.201593667136228 0.132129280490068 -0.00429312751436606 -0.29836627111736
0.217375012099291 -0.0345462710575309 -0.125065509816471 -0.149408933300492
0.14348733552077 -0.11154468694747 -0.0831898673286556 -0.0492604041306202
0.107608989543172 -0.121409132945154 0.0121518954398155 0.00891756038345878
0.117444912966807 -0.118147678164165 0.101715762115514 0.0379939925770712
0.198592963501511 -0.104529114116748 0.168499963507491 0.133909420598243
0.257060181305043 0.0164630199708884 0.123625586553212 0.270024464657161
0.18661534135221 0.188616129111682 -0.146652955697625 0.278657568198804
-0.0365378760540779 0.313445863460724 -0.31707959252991 0.0585607130717399
-0.3158801694299 0.196627043098047 -0.220805179567939 -0.163850959227588
-0.424844717205105 -0.0382246357228679 0.0311934400540154 -0.0790537849928347
-0.304570520572929 -0.182367414774131 0.222767351443652 0.0978966593465725
-0.35019770998532 -0.0404291815530996 0.227232623021779 0.326909408997552
-0.271783503081995 0.164969827345766 0.450192909846659 0.170256961350713
-0.00853884952718954 0.263019370894166 0.360115730067738 -0.140087520089782
0.18199716239923 0.144539087007292 0.11608904681667 -0.24105876829428
0.209189168702755 -0.0273350004837614 -0.0218189663163327 -0.175325874056702
0.135286801001969 -0.110933521278308 -0.0238599665777081 -0.103196212974124
0.087940528140539 -0.115363368392446 0.0536694965002084 -0.0399240872130954
0.0906392805575715 -0.11200480067665 0.138701422865751 -0.010777573682087
0.167094398732115 -0.100319836999165 0.216968159577565 0.08938491074379
0.22809024521724 0.00354889931951923 0.196445107159762 0.246334010021274
0.174167645761535 0.161107129493902 -0.0690139476652398 0.30243772435291
-0.0398946852243937 0.275998725190734 -0.262274522582198 0.104535485915185
-0.289548513593268 0.147255923529458 -0.18453780246111 -0.123307992086351
-0.345660877410988 -0.0712636312720711 0.132954835833412 -0.0364518620312831
-0.18439641562619 -0.174229962654705 0.312295905689452 0.172313237874837
-0.268978233226633 -0.0851840245582611 0.24624969041531 0.355827792183959
-0.236985897846032 0.0957508409522022 0.400483241649576 0.235756490248488
-0.0280826908378475 0.203417877227038 0.363062097530171 -0.0192674448090665
0.131929737736633 0.11485497616091 0.205026298271703 -0.170601948371719
0.158958045512094 -0.0213058172922923 0.0698144754538399 -0.18769429510497
0.100573599134547 -0.0905308572340506 0.0293117753370936 -0.149147542400615
0.056262088214478 -0.0907897456246678 0.0868340482521614 -0.0815281466320535
0.0554542729269399 -0.0911955780320411 0.166288144896435 -0.0490423255653065
0.120044630331439 -0.0844086358875638 0.249020457358794 0.057656040029705
0.179449510751061 -0.00132475666734081 0.237385213692856 0.224703113828264
0.140298267962511 0.134649207672713 -0.018871325437588 0.310549926229348
-0.0583547024703251 0.220315255456563 -0.216060196921766 0.130065722637677
-0.246890036454378 0.0749597117211506 -0.147411801177807 -0.0871637292643555
-0.229550738099776 -0.107241702117507 0.206143817458997 0.00864329582301972
-0.0341389341537306 -0.123445420662284 0.352002907160645 0.212835823251769
-0.131390505259033 -0.0870790833724757 0.24943029590773 0.358307005618609
-0.132675035365058 0.0315035528737649 0.353200985863055 0.264469461591079
-0.0166239523780721 0.0989050772636792 0.35285555506241 0.0527796197922194
0.0649804706211369 0.0499716263392676 0.253647238702292 -0.128982850415704
0.0781087185000927 -0.0198468856465313 0.12540691642008 -0.196776553459516
0.04557384091168 -0.0559035437884188 0.0614583765469146 -0.179359263055632
0.0161666206820617 -0.0530185989519881 0.104927080781664 -0.109397653151471
0.0162225182356459 -0.0618004728271659 0.181065946456565 -0.0721448063330247
0.0642181820195818 -0.0638003772957871 0.266875136981766 0.0402537795070347
0.118798467699959 -0.00794763678188471 0.254984580943838 0.21489169136253
0.100377174620448 0.101033724883122 0.00505914843314856 0.318545798792971
-0.0706849719795674 0.152865642127821 -0.1918068474612 0.147159242145876
-0.180119266521498 0.00241514127567354 -0.12497699280697 -0.0607826663975063
-0.0896346034660362 -0.128388185309755 0.239608008199127 0.0521647549489337
-0.0326923983041509 0.119799665152275 -0.332300453512041 -0.0337788449221905
0.0847991243349489 0.0235431552518192 0.078362697868054 0.171004194509337
0.0388290743144096 -0.0701914488467378 0.235215060245578 -0.158693241363525
-0.0518736568553719 -0.0266748788598464 -0.00731980471726124 -0.396523228299088
-0.0243063501394908 0.0298131483540996 -0.312396156878446 -0.237322549004048
0.00038057226192314 0.0354438483448031 -0.326506563249581 0.000463300537494762
0.0209040745458509 0.0259374309831568 -0.224825365388485 0.103120113566923
0.0337369501430119 0.00483835700568903 -0.123005516601333 0.149918459221311
0.0288883185022609 0.000120072991108994 -0.0749369018393493 0.194471461866189
0.0256317300975133 0.00555745699499903 -0.115685036118823 0.218451696032145
0.0167298512226677 0.0305013185984049 -0.258262293277705 0.148151881112771
-0.00415229558046818 0.0303605147345966 -0.370815978577557 -0.0512667963001427
0.00880676201196383 0.0302657200079441 -0.344741828168318 -0.246236436689979
-0.0287219498616792 0.0776108924368807 -0.281183692901717 -0.382580622811558
-0.141391113841094 0.0928682108783338 -0.372277002656548 -0.254024777559006
-0.179844829209704 0.0920586987241963 -0.287811815505774 -0.0627226602837587
-0.0227181783337455 0.0787625800988069 0.0929480778204491 0.178974733591132
0.0126136400095536 0.0236995041879039 0.288024270887243 -0.156984976163377
-0.00123440811415427 0.0301580780747085 0.0257598344577156 -0.417658019562717
0.0519655289423737 0.038900691539691 -0.30008324417945 -0.260970238455024
0.0657527173764619 0.00219592654575259 -0.321734915388837 -0.0153547184789851
0.059866842469269 -0.0238361762256343 -0.211534518371457 0.0925740060973773
0.0721986938543364 -0.0473976536554048 -0.103462990181272 0.13891902169324
0.0844287865470895 -0.0507786985126929 -0.0402142283707212 0.178642165844123
0.121870844132616 -0.029714953232701 -0.0576450719689753 0.227856583747987
0.124476116755936 0.0683027658577472 -0.197488411411395 0.21025904438917
0.0348699039945787 0.147866687776283 -0.36844026353705 0.0306844595553631
-0.0760279473329132 0.150523091482494 -0.378507979899598 -0.187784588545602
-0.190086667068684 0.112371987600192 -0.285492632676917 -0.327134230418172
-0.309066878578865 0.0455261423010699 -0.317660167516183 -0.214791811798149
-0.306783002434347 0.0339522052276512 -0.19054805631271 -0.0676296974050177
-0.152184281879131 0.113841470894649 0.128194781837803 0.207365542281756
-0.0429287698018462 0.126746134912274 0.370358163851104 -0.12313916847637
0.0458243388982056 0.109518337505411 0.102049301346347 -0.427529483862552
0.130843887308602 0.0562748217710511 -0.250914377529291 -0.296319334609283
0.133058871724562 -0.0291815096758613 -0.293155213479353 -0.0511020336028745
0.0974805750639662 -0.0707362826056412 -0.184129085819605 0.0611690478873929
0.0994409617600561 -0.0918675038400128 -0.0711283702893648 0.1078685678641
0.11962031681959 -0.094536734881347 0.00924993820129887 0.142433222873967
0.186335177185989 -0.0745040620386013 0.0284425294113074 0.215118830703256
0.216114039341844 0.061415748358612 -0.0872075604076903 0.265632425057026
0.111880877514897 0.209148211391412 -0.324294022434591 0.146566918736096
-0.0835846516615663 0.263837958407162 -0.399524752494871 -0.0922696778643248
-0.290519613755742 0.177234166147585 -0.287717451402379 -0.263351220357235
-0.426638020826742 0.0232536314855025 -0.221238358631307 -0.167446241211138
-0.38584560313351 -0.0455699140747469 -0.0561620606618928 -0.0414157031271747
-0.279990199649122 0.108704686782937 0.173582794756872 0.248139028855148
-0.129953252664706 0.209909712088206 0.451090480204391 -0.0510056157870566
0.0681608054481578 0.200116439330389 0.209232507056993 -0.395926284172205
0.195462208401553 0.0870073423354677 -0.156395285556499 -0.321629544914101
0.191647728416984 -0.0499980481747582 -0.233546682422719 -0.0997227661658824
0.127577514429766 -0.108561518999315 -0.143651425517493 0.0128508122911891
0.110812625893837 -0.122560497525352 -0.0309819605804362 0.0617337425512703
0.129115555681541 -0.123532751573309 0.0611563036056447 0.0898426315255951
0.211130588016859 -0.111415552845358 0.11614708763173 0.176792671040151
0.267902734188495 0.0271777661735259 0.0409376584717952 0.285253942533542
0.182302691481319 0.210588084922953 -0.23655013993518 0.247165993641491
-0.0464031515209884 0.328713840988115 -0.382467917507613 0.00977417746794406
-0.324738799559953 0.228836784201544 -0.275042595582693 -0.203292152652312
-0.473594684058867 0.0111426721964839 -0.0992004714896521 -0.122294981758835
-0.39648601504182 -0.122555717980768 0.0973990428562231 0.0151075493936149
-0.365702682695845 0.0568584250618937 0.218828698211347 0.292099005939824
-0.224850553383592 0.234932763909689 0.494291850743476 0.049374079122583
0.0507570853005224 0.268905978828021 0.311026065663216 -0.30434960573351
0.22282551557263 0.12297245366142 -0.0264530724736456 -0.311582575250481
0.224475404069253 -0.0534819550255917 -0.14240154165336 -0.147708485307582
0.143160162853611 -0.128934320589194 -0.0899420562663318 -0.0467344689456321
0.106230933205659 -0.134642171354838 0.0129553871120772 0.00706117555209684
0.115551110616439 -0.132507366505983 0.107081519890059 0.0313482119209635
0.201547543409774 -0.126595967736239 0.186939077360478 0.12527309859696
0.271822408776117 -0.00282850902087232 0.151438647829713 0.269688302834429
0.210417986332566 0.183627148649011 -0.133925833653918 0.304600772035234
-0.0189082459832962 0.330747258325756 -0.33081349523713 0.0871910299388295
-0.318582025649579 0.227591565292435 -0.244808146227499 -0.152975675260988
-0.4503925550314 -0.00988779519152219 0.0269434574811417 -0.0840251024881608
-0.330660053172768 -0.169951443199648 0.237840434498016 0.090736862427068
-0.369536027065273 -0.0179002813706848 0.257238632820538 0.330697411671169
-0.275350455678391 0.19268206908138 0.483251394993902 0.148043094484491
0.0106331699965423 0.277577669329273 0.367310093738376 -0.172073217107585
0.20292404581313 0.137492905373467 0.104039437270148 -0.259567270676709
0.21553483024675 -0.0454869208828535 -0.035514186414433 -0.181990435999165
0.133984677489364 -0.126470939572721 -0.031605370536907 -0.10735620560289
0.0864130241551304 -0.126008704970726 0.0536847362925136 -0.0475312218128131
0.0875583243216369 -0.122440951403925 0.143649965142319 -0.0232601626495942
0.167900520446009 -0.118570264122062 0.235410507229538 0.0747950058517368
0.240637179323096 -0.0140427353933791 0.226751977832094 0.238906060032114
0.194906690507242 0.1556212723817 -0.0503079659688372 0.323514009864682
-0.0237177436837754 0.292193810206794 -0.270202181759293 0.131627719458362
-0.293512498144227 0.175381554296947 -0.20307217660502 -0.112750182028597
-0.36982998952803 -0.0497121158429953 0.136819691546661 -0.0469020379885394
-0.203793985616983 -0.169246888678881 0.338089940284383 0.161515238802736
-0.286920055562238 -0.0694297782751353 0.280148465440334 0.358125362402498
-0.24343995589452 0.118134765574863 0.436268170409972 0.219107328457229
-0.0140707623294033 0.215794530474955 0.379187491307588 -0.0449955513758748
0.147231681160092 0.110917192822442 0.203058137071863 -0.192349859819791
0.163140724555298 -0.0352569837970282 0.0590388005721451 -0.201317006519234
0.0985533238645151 -0.103269208894014 0.0203650545831204 -0.158562271292539
0.0543521346951541 -0.0978530991673689 0.0860128656617626 -0.0933344254569238
0.0520343777671933 -0.0974006405955735 0.169703664380358 -0.0656312943826625
0.119214598535609 -0.0973854444122331 0.265871346716469 0.0396489419739557
0.187581927274022 -0.0157946998786348 0.268123316903632 0.214294447405274
0.157107404677304 0.129684345823257 0.00347429932315729 0.327887053266141
-0.047018559773119 0.234933195705994 -0.220116501493611 0.154403594160156
-0.253449135326841 0.0967521634202229 -0.161065536967448 -0.0786666902712563
-0.248846680956824 -0.0948599728070773 0.215613655310966 -0.00590565971979794
-0.0433021911512289 -0.125916548763326 0.382795960153516 0.201196255238787
-0.141983392591846 -0.0803044974235752 0.284918643064687 0.360519140564852
-0.137180573538584 0.042427489636583 0.389047592749064 0.252522681867586
-0.0094507594947169 0.104633714181226 0.375096504904918 0.0308344578716147
0.0722138072017097 0.0470793367275383 0.25636155977524 -0.152652007222462
0.077903601572687 -0.0271510919193562 0.116529030215849 -0.215880546977997
0.0425771424579702 -0.0618357207235901 0.0519183884104796 -0.193286445543037
0.0146430682623924 -0.0550181456012726 0.103433852560317 -0.124350326631315
0.0129717872815234 -0.0634073938774409 0.18443165092792 -0.0909729617555932
0.0620976537561694 -0.0706831180912435 0.28385052883103 0.020306757706929
0.123327010865386 -0.018004840356081 0.284651668519087 0.203663022438923
0.112575369187807 0.0972629621082822 0.0288188966936671 0.334727441891061
-0.0635430113399208 0.165276944773681 -0.19258667722698 0.169583105075433
-0.187519082387468 0.0157608430601311 -0.134361902693144 -0.0531440635312397
-0.103803118463884 -0.127399339727297 0.253955678520967 0.0364550117110997
-0.0204210291236057 0.12315777850699 -0.339507402176181 0.0019812874057472
0.0880080632183222 0.0149682974580177 0.0983743814519164 0.169391763021599
0.0324901374616616 -0.0742420045015688 0.225180887463924 -0.18220636941533
-0.0541879440033149 -0.0218197721137375 -0.047586936139582 -0.402527860457207
-0.0204752811684269 0.0317552420076145 -0.34178060925894 -0.210461459326202
0.00516334050088926 0.0360306757302358 -0.332214535694415 0.034319043535239
0.0248102486522908 0.0234051523711669 -0.220293698168285 0.128783169852488
0.034996173912346 2.01211106903377E-06 -0.112877989582794 0.166981760384354
0.0300544613184118 -0.00426830083360197 -0.0585564658119858 0.205717044370457
0.0275830027897599 0.00279905966287448 -0.0980611050554669 0.232526116392699
0.0219882918354954 0.029814750395641 -0.249451409353243 0.175592495002196
-0.00157543908834139 0.0321624286721311 -0.381955449123035 -0.0163771166184564
0.00973071858454674 0.0302639288674228 -0.372072946630707 -0.219704449182426
-0.0244073685155897 0.0798801086973243 -0.322310826589974 -0.364947872650108
-0.134999964970901 0.10632437643194 -0.403222470034876 -0.223734857556205
-0.172169879068645 0.108335094956907 -0.297471016202128 -0.0321669058119771
-0.0161895881451664 0.0810338406868795 0.113136193324549 0.177647041964855
0.0136948968703066 0.0233143642208687 0.278920211703868 -0.185684184696107
0.00200623587425098 0.0318294215934878 -0.014459918330787 -0.427694800644983
0.058001065991341 0.0327939013881979 -0.331332080361395 -0.236698220619992
0.0679756751213861 -0.00447231692038458 -0.328047339315613 0.0166746674125639
0.0593653987741877 -0.0308630990448429 -0.207170951125244 0.115726676445831
0.0697780486979827 -0.0571326706344897 -0.0938877835185842 0.152497120046649
0.0815991837051098 -0.0617999766335847 -0.0255198820995014 0.186947102818594
0.12214002039753 -0.043857219172581 -0.0371835851279978 0.236042935074896
0.135574175040549 0.0573369344303719 -0.180683310223626 0.230784826173651
0.0507835134136496 0.148645928254317 -0.372251867756522 0.0677482749520041
-0.0663870298281675 0.161190138737371 -0.402790586571296 -0.155142001061542
-0.185755667724228 0.13023931811604 -0.323179966920012 -0.307566355589756
-0.311152042422143 0.0741509002635685 -0.342873293009236 -0.189428123947119
-0.307069656607326 0.0613227492600229 -0.200851346311865 -0.0458118648814124
-0.144579728553247 0.127700092280656 0.150010425881253 0.204100137598668
-0.0333372635636238 0.132925053556482 0.364847982282032 -0.159017266016124
0.0567908111343005 0.107712613257867 0.0631620767849909 -0.444849980783885
0.139454400988797 0.0428656169917676 -0.284510425700471 -0.277298552406757
0.13276199211691 -0.0430583133541818 -0.302720336699867 -0.0221822271916324
0.0923235881403437 -0.0816294327873269 -0.182081841627578 0.0806136452549893
0.0931756558646237 -0.104514113070342 -0.0631261250468505 0.11743295454387
0.113244602657656 -0.109564275012713 0.0206684442854905 0.144380878767899
0.182625694617511 -0.0957059156607042 0.0490428980418642 0.213677075959866
0.227831139059871 0.0404065547029418 -0.0628866196708244 0.275422414296527
0.135037927822783 0.202844682322743 -0.316965148235227 0.181746781081586
-0.0632607428428608 0.277381361832473 -0.416434737008371 -0.0531834371787989
-0.281427441842633 0.206409852983299 -0.318537410713931 -0.240079790821359
-0.432752727073048 0.0631065301219827 -0.240373845680288 -0.147293105778222
-0.395282131406783 -0.0121944948063731 -0.0624463783242453 -0.0316980008731852
-0.274343889402277 0.135573982541709 0.198273997934647 0.241629256111964
-0.114875215516428 0.226134877004769 0.454361802762186 -0.0938002725813521
0.0894032574299634 0.197723447382976 0.174940622144554 -0.422966587744306
0.20829805960171 0.0677808428332745 -0.190434986126691 -0.311516510176927
0.190134890753314 -0.0704642448785841 -0.247726224030222 -0.0780522680301912
0.119480558766401 -0.12299147568735 -0.144503439902176 0.0267797008400251
0.102454477162753 -0.136530154178143 -0.0258470508849188 0.0655005673871215
0.119874134494269 -0.138715499522955 0.0687352258429936 0.0850502945784465
0.204380111948039 -0.136366529674978 0.134713885947864 0.165574729057802
0.277063957430537 -3.1099726208135E-05 0.0698997531513677 0.281499243031071
0.206930624132136 0.196943324095604 -0.216966730103775 0.276168737385558
-0.019051867863077 0.339307650343929 -0.389370223115287 0.049551310253554
-0.310572723874139 0.26249920970514 -0.299109815654737 -0.178142143405282
-0.482254920677808 0.0567435799652898 -0.11207640019697 -0.112996011781146
-0.41238043971275 -0.0893808684869684 0.0980157547860383 0.0108440563186014
-0.365265089284256 0.0911002660461414 0.248267676139009 0.281030022647501
-0.208634729027257 0.260408463358 0.506906619120606 0.00353777119642371
0.0774829619810688 0.269193609012228 0.288022752440496 -0.338779445951366
0.23996792691834 0.102140397257382 -0.0562620095430348 -0.313201662776375
0.221796572210487 -0.0780225440822701 -0.158670590171746 -0.135544025029182
0.131769162731002 -0.145183150544543 -0.0955858382302683 -0.0391037528265269
0.0973081141666104 -0.147354788720084 0.0138593690221626 0.00480622975796215
0.105616450861245 -0.145885434491384 0.110284501336093 0.0204573073173866
0.192577354934482 -0.150905756838372 0.201717139401995 0.106007891368681
0.277919303993651 -0.0311613525945242 0.181907178995603 0.254286260377845
0.231847249009826 0.165877815998506 -0.106487194038372 0.323845804802568
0.00972188858832677 0.338574116664877 -0.330126707463126 0.123693264847027
-0.303316431094255 0.261191950711387 -0.26306322259371 -0.129600695332936
-0.459599584019148 0.0334966836353713 0.0202506416021366 -0.0862186811418237
-0.349958722567023 -0.143324217969565 0.248331155917245 0.0741310248186488
-0.376566450551166 0.017841194673243 0.290901001218213 0.31651404702981
-0.263574020996284 0.223269082869656 0.505154535457626 0.105574014612008
0.0374589600326001 0.28132506208352 0.35862547950354 -0.208319809668086
0.220745060013717 0.119587745459893 0.0810491082952122 -0.272716683053389
0.213187088055679 -0.067933339381649 -0.0540305780354304 -0.180356906334828
0.122722079144534 -0.142620751153306 -0.042117668167632 -0.107018126916285
0.0777077024292677 -0.135645061263578 0.0506752654969212 -0.0548396904125404
0.0786319925425776 -0.132285531150614 0.142129379334026 -0.0387179783863457
0.158930481129391 -0.138893327237443 0.245990855890537 0.0505753883528673
0.243100969871957 -0.0389472280855931 0.253570367285646 0.215168062240292
0.212960629888041 0.138540064880851 -0.0193667664848321 0.334808639702878
0.00191118748624669 0.30046928313752 -0.263720941006152 0.162672415898294
-0.282070092699795 0.205877623766776 -0.215946730179782 -0.092473843161494
-0.380570200239869 -0.0136607424524177 0.134499893380272 -0.0600506026915561
-0.221915001651073 -0.153446666261628 0.357429945497744 0.136763209577658
-0.296248405506399 -0.0424756461909146 0.316708048513666 0.341290851124234
-0.237880929567204 0.144678323149966 0.463308553280202 0.182846362652889
0.00704860906843942 0.220900159365692 0.381478998079111 -0.079328304653414
0.16182126946413 0.0972104611258236 0.188354305972825 -0.213239924650247
0.160343169871396 -0.0519945942234068 0.0406203469114915 -0.210298439529516
0.0892873068232545 -0.114417644430562 0.00547487136221368 -0.164520753973769
0.047928813159591 -0.103215373382144 0.0791534405789615 -0.105468416154092
0.0445038168974848 -0.101586203234047 0.165629420578119 -0.0844747002492603
0.111314100570308 -0.111520246770373 0.274885784413856 0.011181288959335
0.189070250568232 -0.0352582623463754 0.294656253914401 0.187438126674096
0.171475397931982 0.115590826419345 0.0358265602350892 0.335055639193177
-0.0266820169421039 0.24363057242575 -0.210246833600965 0.180543556374415
-0.247364982636734 0.121867782243844 -0.169995490887295 -0.0624375632438392
-0.262799459744338 -0.0714088888866349 0.218027701339459 -0.0269319071105834
-0.0543955798598265 -0.123007023469581 0.407065515612869 0.171501745219179
-0.149451180508036 -0.0670593472904712 0.323806269996531 0.341919639917651
-0.135068887813223 0.0574923651075818 0.419214461593784 0.219920293928647
0.000742295550246581 0.106885035024341 0.384235928735753 -0.00224257205007925
0.0781921380599615 0.0399661667720023 0.247095487443689 -0.17804637304176
0.0745180726183405 -0.0354738775489003 0.0972731944844892 -0.231233830911271
0.0361514572721884 -0.066799209051251 0.0342153196595335 -0.202045286524051
0.0113219376409195 -0.0558053295715407 0.0942856258599061 -0.13864462142646
0.00773366455301818 -0.0628792220583967 0.178815980545184 -0.11086907225615
0.0551076052570768 -0.0773294654233877 0.291431803546963 -0.00903823471738211
0.123253815510365 -0.031026558328027 0.310022097329305 0.175731345674247
0.122826806745248 0.0868530001915832 0.0621105423110109 0.337105251866043
-0.0490603464600806 0.174268155037056 -0.181610466824285 0.191642911406895
-0.187601224527675 0.0339489280411478 -0.140878295438504 -0.0407112210763078
-0.117727596686615 -0.118174715303225 0.260128253996783 0.01102427504793
-0.00870411214210455 0.119630219316897 -0.329006105464089 0.0336115221073497
0.0859168850076659 0.00518250620039244 0.113760375262864 0.159671765736601
0.0250908161118137 -0.0750338224677471 0.206746910847353 -0.195326681302466
-0.0546401871419671 -0.0160996651003794 -0.0822851354911405 -0.389904549213799
-0.0164690163287837 0.0317306750152075 -0.354744866216998 -0.176090084449985
0.0102782578970596 0.0344954634855629 -0.321518782798557 0.0637885114365798
0.0273794707743873 0.0198885508387138 -0.204713901152878 0.147725505116289
0.0349910499703401 -0.0051501000509645 -0.0962651733882458 0.175562653864272
0.0293747195462948 -0.00794796163645573 -0.0395987156301464 0.207752231550884
0.0277145978917319 -0.000796158270260181 -0.0761123413368058 0.235231943286099
0.0254964540043153 0.0268679937465207 -0.230182078139538 0.193552402415328
0.00129067354764953 0.0323464604684103 -0.37589379596864 0.0168450757310141
0.00989729782479116 0.0293640228737746 -0.382322465400171 -0.184292152481931
-0.0198389093034134 0.0792429546257688 -0.347301833717903 -0.331067417811499
-0.12272092502873 0.113837374450157 -0.411865266391024 -0.186550774728711
-0.157606782075282 0.118266862820095 -0.291756605700343 -0.0014331051410457
-0.0104278672394965 0.078492310659824 0.128025093181841 0.16764363440616
0.0144889685834564 0.0215155541853385 0.257811132920442 -0.203348181476545
0.00526647419241889 0.031369616960529 -0.0515968054489738 -0.416307760559754
0.0608202651642257 0.0251526176456629 -0.345224777253294 -0.201962473575043
0.0673675698477107 -0.011245602348049 -0.318936318359157 0.0473752353096611
0.0560746186411895 -0.0357674698538517 -0.193253433833543 0.132552366555537
0.0640092964772681 -0.0637649532716845 -0.0794811724726505 0.15913424506297
0.0745889586119895 -0.069350415050477 -0.00936851620126247 0.185622784801104
0.116003158372998 -0.0551449167547123 -0.016540531720678 0.233399202804849
0.139445867245833 0.0435653880158814 -0.157883861399372 0.240373521534445
0.0623732073402848 0.14132206626259 -0.358478059021115 0.0994360174758798
-0.0540551362499376 0.164452406496233 -0.407429430744634 -0.117046263454273
-0.173852564878136 0.141396340442009 -0.342660278100426 -0.274173970086695
-0.297720165305967 0.0979928714349474 -0.349897462372686 -0.156901775130187
-0.292966177853225 0.0825291478279327 -0.199360742186868 -0.0219290666700789
-0.131271022690879 0.134815102038701 0.165060838742461 0.19149617258689
-0.0229050309872789 0.13263911850644 0.344203169158974 -0.184505373421979
0.0652136002309505 0.100615242883701 0.023340866473866 -0.439524499784312
0.140849195388476 0.0277699135518606 -0.301823884797754 -0.245100962177395
0.126369673239073 -0.0551396725388504 -0.29744072584503 0.00586039906763685
0.0837994789295846 -0.0887462356895965 -0.17172519905005 0.094868464129804
0.0834733346554642 -0.112138440291968 -0.0529960870724013 0.120190720264901
0.101698197879319 -0.118645601723929 0.0319806482968671 0.139131003167278
0.170144110045523 -0.112007829375588 0.0654234200876656 0.203635825131213
0.228294777595812 0.0179521572375569 -0.0388950102909128 0.271847073318319
0.150448171308892 0.186920005213437 -0.293799913574795 0.205135306700568
-0.0407727927973996 0.278518653779108 -0.411951269807897 -0.0151275453552584
-0.260473143215582 0.224223186652923 -0.331384157412689 -0.207626636163603
-0.419005985486071 0.0981403459459661 -0.245850446548687 -0.124067065833902
-0.385630108506438 0.0186852355309818 -0.0640232738725546 -0.0204666610271458
-0.256436603435252 0.153284893220806 0.214479179383457 0.224066133070849
-0.0945555878921072 0.230799754043668 0.435837663789874 -0.127943192667136
0.104248359230047 0.186227492787736 0.136013240339128 -0.426855150519482
0.210616967635037 0.0462055396488378 -0.2121309097686 -0.286536060008601
0.178561050852666 -0.0864478680954149 -0.248327956221629 -0.0535869037723132
0.105560211384746 -0.131138095950503 -0.138792708114518 0.0377076784348201
0.0905315234876245 -0.143240165122416 -0.0210563208808361 0.0660961005970951
0.106332833333573 -0.14771945804304 0.0732888335195667 0.0770175869833556
0.187704755017084 -0.15401095045293 0.145178526055114 0.148376326368493
0.272031329020757 -0.0266282353854321 0.0922424429589367 0.265606068295151
0.220034991579864 0.174438025190521 -0.188181037747264 0.289630847030053
0.0075911479421191 0.334886334434179 -0.377199430715216 0.0846108073413235
-0.283369753899121 0.281999781162179 -0.306979528003155 -0.147226555371258
-0.467538478157064 0.0977595017992046 -0.117378753204337 -0.0995341329739791
-0.407857171994385 -0.0556112278600755 0.0952722675997535 0.00747750174565394
-0.34914612554277 0.118904181513052 0.265278032806434 0.25846011119493
-0.183934354126364 0.273439195664844 0.495179839703261 -0.0377454855455184
0.0991464883961406 0.256681140876323 0.252419916081512 -0.353641894250303
0.244430183050745 0.0776392215346729 -0.0812099733444662 -0.298973675785766
0.208494652430702 -0.095778699003037 -0.166913145501594 -0.118026580494432
0.116354205287506 -0.153701112383653 -0.0970302218248726 -0.0311111319313747
0.0842591442731141 -0.153207106838081 0.0133411769781774 0.00251163107868302
0.0922409086110101 -0.152114820665759 0.107623003332527 0.00979494622239199
0.174691293810068 -0.166648695695262 0.205823333071528 0.0830880647389146
0.269498319276573 -0.0561743943409113 0.199180369574028 0.227683684089478
0.241636621394431 0.141498174629341 -0.075238176278852 0.32649723888637
0.0368425631353467 0.331546147107094 -0.312450534625713 0.1531740060604
-0.275373009024216 0.281335642993086 -0.266357882855059 -0.102218090309765
-0.447850173438685 0.07348994349583 0.0133673857842381 -0.0850962962566979
-0.352607478794947 -0.112508955642825 0.246723804762044 0.0559735111124405
-0.364865273816675 0.0476235364305632 0.31001212740877 0.28887630499422
-0.240230486209215 0.242754974107073 0.50164243609204 0.0607746544830476
0.0622853158530091 0.271736763811583 0.332753807042814 -0.232692561957998
0.227285350947175 0.0960748161247836 0.0572547075808633 -0.27093711825869
0.200345602955909 -0.0855267754572157 -0.0683239795619637 -0.171608982311128
0.106523036580574 -0.149292215713211 -0.0500084095420787 -0.101567650742922
0.0660892892479606 -0.139483087211359 0.0446566632233291 -0.0598947848487108
0.0665631424055718 -0.134942729395193 0.134175639088405 -0.0507015377672192
0.142322824343509 -0.151414460287479 0.244411707040854 0.0251428785069541
0.234985488740762 -0.0620303552461942 0.267890894521728 0.183554757679708
0.219739981536453 0.116089157786455 0.0105095521168376 0.329535524056003
0.0258939869256285 0.29361751435357 -0.244296302343485 0.184976320508728
-0.258529736554631 0.225375394039198 -0.216780323393804 -0.0705632019222006
-0.373284289602762 0.0201093637235043 0.127529413852604 -0.0699178643069095
-0.227989506860625 -0.132128410988439 0.35952892120705 0.107104735875796
-0.290750882519555 -0.0167460270324852 0.337708835026786 0.309618975433757
-0.220510760857802 0.16272226998613 0.467322839879471 0.139319231909053
0.0263454643586538 0.214420528195304 0.366762936043379 -0.107624933876081
0.167168495726717 0.0793482429147055 0.167164812454242 -0.223060669362694
0.149621519795809 -0.0656815855196337 0.0218028032369309 -0.208248515599056
0.0756015811077845 -0.119131380257308 -0.00875683906843556 -0.162029275741036
0.0398282351231629 -0.105132872533093 0.0686798752662925 -0.112324877222015
0.036079079140036 -0.101509579110447 0.153521591302606 -0.0979676409370847
0.098680506911304 -0.118899937380015 0.269497675910569 -0.0157484804396272
0.181642703979897 -0.0528236380838661 0.303909087779431 0.153303915721252
0.176967322236695 0.09677574896285 0.0646258507371765 0.324556217885242
-0.00603311106451382 0.240761215216273 -0.190939837217629 0.197015699514552
-0.231004900550773 0.140591038021579 -0.168947633118283 -0.0454404478802441
-0.262367171114128 -0.0464883013049949 0.210120126322506 -0.0451932508912215
-0.0619307634900968 -0.115748763301494 0.410700417357162 0.136249370673846
-0.148828648570383 -0.0518905561204813 0.344302776283656 0.308299492118646
-0.126724158776851 0.0686701809102478 0.426429751052789 0.178951931399037
0.0106429572390565 0.103468140801388 0.376306661575318 -0.0333761989610375
0.0801678227717087 0.0305860974413936 0.226855526133676 -0.193599085650986
0.0670414681355267 -0.040953469836294 0.0749425674340748 -0.233665574969016
0.0284131226297876 -0.0680155731859259 0.0148988963422925 -0.20137970545479
0.00770400839112637 -0.0551033464839417 0.0806138154342295 -0.14649589651686
0.00316019839376224 -0.0595637107930497 0.164546049127847 -0.125204944496997
0.0463984083235726 -0.0794886821513951 0.282919799213677 -0.037187416045114
0.116337028731223 -0.0418356718055811 0.318634304018378 0.141614301927337
0.126467016559873 0.0725159762815185 0.0908240315631453 0.324408840021435
-0.0326179927429161 0.174604870290835 -0.161360153774987 0.204375111662996
-0.179064637034836 0.04914723160739 -0.139549160332186 -0.0279725151943269
-0.124797275336567 -0.104398682030503 0.253119190378481 -0.0129217264453788
-0.0182969855449604 0.108743234476047 -0.317751211207508 0.0126759983362977
0.0784948245681739 0.0121147084146158 0.101068563008347 0.165860561649669
0.0305676532052258 -0.0672593076715449 0.216850727882055 -0.166738753126686
-0.0476705857411669 -0.0212273106677746 -0.0463916107176308 -0.372571875598443
-0.0172935774711193 0.0260229183723719 -0.321893161928582 -0.193580869194494
0.0101812548750053 0.0311903617151947 -0.311367831759134 0.0389026692875243
0.0268442004097496 0.0210102367521736 -0.208388578248556 0.127680956740485
0.0351594225763358 -0.00341061934914634 -0.108361044612924 0.162369532546689
0.0305557295978691 -0.00666906335207524 -0.0561459500784631 0.198762951593875
0.0286060979348752 0.000719460418458697 -0.0956373464725688 0.221193822648911
0.0261108122648147 0.0279713227839968 -0.242878243195811 0.166709895401427
0.00302834282508387 0.0346913117722941 -0.369854512960677 -0.016176778706011
0.00656421480472633 0.0360444792604615 -0.355691844597766 -0.217396731433472
-0.0275044803408901 0.0776778938800902 -0.310985335389118 -0.35829780832791
-0.127101389103496 0.102443066876556 -0.388075589805161 -0.227966512955189
-0.157566934279107 0.0934261240104979 -0.283984469987754 -0.0256319677419675
-0.0183615462993711 0.070718055585881 0.107245979585234 0.173920465596468
0.0102301982791279 0.022027240301394 0.260789612506764 -0.168293618170414
0.00329481726576594 0.0301886337641211 -0.0158837681592992 -0.392290418795139
0.0558242753116857 0.0285957250823689 -0.311597139151062 -0.214576404347778
0.0685949922931646 -0.00636299167637156 -0.305790410814395 0.0235130530908811
0.0590412525801313 -0.0298860789747686 -0.195888487738104 0.11386226145689
0.0687217553934643 -0.0577194935713697 -0.0913754763608045 0.146912974646057
0.0802970628077366 -0.0621623447272436 -0.0276978553676883 0.180464234414502
0.117585922441022 -0.0447734209141006 -0.0406985649589337 0.223068233808657
0.134312179779881 0.0538821135342218 -0.179654528456623 0.215429113826381
0.0544273000946731 0.144776077954049 -0.362607418334138 0.0628118527038377
-0.0658754007287282 0.161965920130776 -0.383770487128466 -0.155398820303042
-0.182604749887596 0.124700303044431 -0.305760683880145 -0.304129741352107
-0.297545965687198 0.0721084271659513 -0.323112810278251 -0.194868608541746
-0.28020880906448 0.0471244750719623 -0.199505488962287 -0.0472757862576881
-0.137118223330561 0.111791234025916 0.133795293946018 0.196879080615872
-0.0370146931815033 0.123505970291644 0.333391303243328 -0.142972969561514
0.0522519211764341 0.10282011354421 0.0543143561077474 -0.405360781779311
0.132619820811176 0.040117936681769 -0.267569747948035 -0.249298094898361
0.128052900075366 -0.0419952580315844 -0.280275369082342 -0.0121167524320605
0.0900266061932323 -0.0778437058228689 -0.17277426921616 0.0793121215351923
0.0920107292084268 -0.102818045369966 -0.0632294455431504 0.110809985798639
0.110310787601568 -0.107444151167867 0.0152078314944494 0.138947307376141
0.174345222471923 -0.0953703267328436 0.0393526350606327 0.20168384911565
0.221622327420856 0.0358002476242158 -0.0700233580861292 0.255316201879065
0.134911732143591 0.194651851772234 -0.310729959250396 0.173010260080848
-0.0606872857254963 0.272635702959775 -0.397998801640279 -0.0583933113289398
-0.272734078978428 0.19744996542415 -0.296582151541763 -0.241467077661633
-0.415598489628997 0.0623580015384996 -0.218105213174914 -0.156342566571097
-0.361988373288841 -0.0201923849152296 -0.0711691298240393 -0.0427324431855029
-0.256377667515826 0.11650437406968 0.172418734542151 0.228436929772814
-0.115761583359668 0.208714430516632 0.407883425821756 -0.0842236487628513
0.0792062782868659 0.188192146417563 0.154103304713719 -0.38298616415101
0.196501341646659 0.0663860297495142 -0.180537486225093 -0.277517307437136
0.180339173317933 -0.0654937249471054 -0.22653186799944 -0.0633379653927261
0.114389839408612 -0.116385777702538 -0.136225536635649 0.0273105308062923
0.102407270846174 -0.131853848845738 -0.0274106557570868 0.0599353629692016
0.117052793400676 -0.134821287698253 0.0601834981306979 0.0815797918764237
0.194409125630694 -0.134135893832412 0.119616085364222 0.15541939474761
0.267347492435225 -0.003871676333062 0.0563652149885944 0.259956997631039
0.202303631344932 0.186630423250788 -0.215128597095468 0.263746151619258
-0.0166912918229286 0.330604914624211 -0.373087961930805 0.0407887744342959
-0.299256365116003 0.251985030552601 -0.276012076159013 -0.182163383960442
-0.463529285019547 0.0587132642889744 -0.0917731104226884 -0.122968039015249
-0.377161369664708 -0.0913874488580655 0.0802265033496498 -0.00810265868215427
-0.338734456677205 0.0748953994772227 0.216997408372374 0.259824117213237
-0.203343063083525 0.240655423766028 0.451418986953124 0.00160889206735065
0.0665736284413376 0.255456425742196 0.255206925530677 -0.30498111317466
0.225192452137344 0.100603846699712 -0.0583102614601288 -0.27756997386326
0.208394570110704 -0.0709977620785105 -0.143237905194564 -0.117143602123943
0.125178646796048 -0.137108721223278 -0.0906767716573182 -0.0356193255081745
0.0973876179200223 -0.141498687571345 0.0113665139118595 0.00160938739539716
0.103859384326745 -0.138860585655254 0.0999009214282107 0.0194766182040159
0.182653637025827 -0.147005788162098 0.184355128491226 0.097427492599652
0.265687379005195 -0.0342992416248212 0.163032921424717 0.232489730738805
0.224750817705911 0.155188046932518 -0.108486451983287 0.311090816921432
0.0129429436336341 0.327802367735431 -0.317117574796478 0.11275670189061
-0.289563690367329 0.250936968812505 -0.240060103362419 -0.134049585272047
-0.442860459162402 0.0368223411035132 0.0368473533740742 -0.0963974427650583
-0.318769504057191 -0.139598895301518 0.22386203017821 0.050453336246591
-0.345658567846599 0.00743622714074771 0.258577839058128 0.288543726244404
-0.252980506532298 0.205769183940131 0.44884052195633 0.091894781577394
0.0288872736252639 0.266039429761938 0.319459855217582 -0.185519860320373
0.206473111868582 0.116483236978697 0.0691225999863015 -0.240918570613411
0.198671526398282 -0.0602685832437135 -0.0458758847387984 -0.160765557339741
0.11470945865157 -0.134222962649527 -0.0403197945551456 -0.0994510159499407
0.0791682531022213 -0.129531961766724 0.0472042659697152 -0.0565529407788876
0.0773029835865424 -0.12394036640217 0.13148964873825 -0.0373986787503759
0.148929930867291 -0.134069836768713 0.228302224159077 0.0441899940056961
0.23176249323365 -0.0424505616276794 0.23418617163023 0.196798815462319
0.20470457072449 0.127231609691585 -0.0229687435119778 0.321312281777803
0.00476144062706437 0.288984310876658 -0.253333805697204 0.151542344302388
-0.268095700605985 0.198465381598233 -0.193613088815645 -0.0972486306426436
-0.367035938754013 -0.00952849445739494 0.145962938428927 -0.0682891363832309
-0.200295753971106 -0.14623721820532 0.330926849768796 0.113830192805132
-0.269600208151833 -0.0457362776402906 0.288258345361361 0.310229400536397
-0.225400666259989 0.132446026468195 0.41478709787092 0.162327894018884
0.00135448506150452 0.207262082456539 0.342778861482364 -0.0684845124570537
0.150593374772674 0.0941576780950905 0.170768564558388 -0.188944749171379
0.146961424649338 -0.0451435744085637 0.0412890407036352 -0.191079648960536
0.0818323415734691 -0.107280910655825 0.00395296806571429 -0.154568117418443
0.0499705334739627 -0.0983057446307456 0.0752589530585926 -0.105043929330764
0.0447412253269791 -0.0936150454660429 0.155016300986701 -0.0816429197808154
0.103441029606579 -0.106215584766492 0.256519520084333 0.00676899230603704
0.178031307136147 -0.0371720205761541 0.275099649410395 0.171305607518229
0.163337295406844 0.103979627816829 0.0314274820461361 0.320856462256616
-0.0207684348671766 0.233504729947944 -0.201797228646339 0.16934708339906
-0.232956561558428 0.118375922351822 -0.150356570312913 -0.0658225665071732
-0.252948310800165 -0.0657347703646213 0.221835943353009 -0.0334318536633462
-0.0462789837174827 -0.114251358661397 0.382199671960552 0.155177501295234
-0.132655032872974 -0.0632748770442406 0.301434458206389 0.313211064445982
-0.126195604975769 0.0531074849212031 0.381496006823547 0.198910373291431
-0.00161093903176094 0.0998479775641692 0.35064560513743 0.00219658489937897
0.0728508137571233 0.0374622346366744 0.227901045886883 -0.160040643630406
0.0660884690215207 -0.0296832813108849 0.0918329155966451 -0.214493895897256
0.0312594596612804 -0.0616857537899895 0.029793385054891 -0.191162640935959
0.0139753919438095 -0.0526461875344109 0.0899850762568298 -0.137034024377121
0.00825453585515636 -0.0555415040700751 0.168581307401783 -0.107470025095756
0.0497369196783327 -0.0718673067493827 0.274133864211555 -0.0131540657508605
0.113354109994486 -0.0323656469807702 0.293835420247581 0.161867535886324
0.115719464724975 0.076055478072157 0.0582975970597559 0.322987364289792
-0.0413168136911194 0.165987214279277 -0.174580505240548 0.180645918358749
-0.176153245115481 0.0332613708370029 -0.125194146313019 -0.0416397425651694
-0.114546540290683 -0.110966391258987 0.256048572594754 0.00779598493805337
-0.0165733389287509 0.104307256080907 -0.308664473250765 0.0190670103792477
0.0755767561966291 0.00911840008791564 0.103638349696528 0.16316679132839
0.0278027904256227 -0.0661276032488544 0.212644898694364 -0.165030688603138
-0.0467902176777073 -0.0193014575015761 -0.0510246097496279 -0.363578940633661
-0.0159184520101827 0.0248772440691156 -0.319972371424392 -0.183523985096365
0.0116876716080699 0.0300304296198482 -0.304448056216944 0.0438760942083673
0.028245867593509 0.0189904668510349 -0.202985307403443 0.130498541510976
0.0345984634925313 -0.0057751423228877 -0.10438131780349 0.163593493867413
0.0300177718423004 -0.00840300607918225 -0.0525481197899332 0.197220963460207
0.0286238846401892 -0.000989403028422455 -0.0907534152252009 0.218385427256328
0.0273803793520203 0.0270544546747633 -0.237680430987538 0.167222215013183
0.00362958636802921 0.0349231442148633 -0.363544127053537 -0.0109591787427477
0.00512501856846441 0.0356855601747443 -0.351373800753839 -0.209238937019232
-0.0285314033016283 0.07635636806634 -0.311057656048999 -0.349230305089531
-0.122851084814609 0.101166411784232 -0.382980228873935 -0.220909726877627
-0.15263797695939 0.0910174536568023 -0.27638077832724 -0.0177707048148429
-0.0188693814375121 0.0674550947395873 0.109431799289915 0.171793033920773
0.00856581071945878 0.0217656896776938 0.255013901639128 -0.166667578059462
0.00380872418490377 0.0301711558172167 -0.0219812231684671 -0.384578466182586
0.0560199753711336 0.0255896757027139 -0.308834010580933 -0.205128382271818
0.0677290957763684 -0.00813881127872136 -0.299070534320354 0.0297734899844296
0.0593805502096804 -0.0309852798700348 -0.191444455406144 0.115851387004525
0.067312062852003 -0.0597906185120503 -0.0883345479594377 0.147954780533844
0.0781745392097005 -0.0638531861726383 -0.0245885498490365 0.178384701105656
0.115508389970119 -0.0475800948497244 -0.0367121659018778 0.219539378470075
0.134115699116071 0.0494722989502276 -0.175101201498749 0.213601201771042
0.0549541596820062 0.142469789267881 -0.35571193244365 0.0675172891560604
-0.0642802992185333 0.16195684547881 -0.377821594822909 -0.148015569580222
-0.180547286074009 0.124416006840452 -0.303907385975908 -0.295221590755644
-0.29082521003605 0.0738920160830959 -0.317942526255322 -0.187665786692648
-0.273108886429052 0.047920719169144 -0.194399317521903 -0.0393740732263786
-0.134132171650968 0.109139317813017 0.135021061098914 0.195471610397982
-0.0364793762996147 0.12172474590437 0.325757737278457 -0.142411519296275
0.0528534877779905 0.100298936802921 0.0471363403752994 -0.39760382595712
0.13097070905779 0.0360105681237213 -0.265650223368248 -0.239010409097519
0.125324216508807 -0.0439557443798455 -0.274760946748598 -0.00709917706105787
0.0886278829272171 -0.0783754658193544 -0.16861176280943 0.081069019255528
0.090479558353578 -0.103824663128233 -0.0613108109969441 0.111133383948568
0.107225667787817 -0.108884385569357 0.0158223938113141 0.136364199189144
0.169980924090139 -0.0983954714902873 0.0412822135906971 0.196323571246671
0.220098585473008 0.0296883311976541 -0.0658532733075606 0.250073608063209
0.135506015781193 0.189970667104597 -0.301802476611256 0.175016753746656
-0.0575658031359963 0.271520234807493 -0.389991545390966 -0.0510445195476184
-0.267769426657935 0.197277440141835 -0.293660751753089 -0.233698845298527
-0.407497474626765 0.0673754627555319 -0.214144500455331 -0.15112995442622
-0.354134589573822 -0.0181710102230914 -0.0704919604437868 -0.0366206714468538
-0.25118489910675 0.114903743135009 0.171998811139762 0.225515736299579
-0.112264501254193 0.207462837894484 0.399290486280753 -0.08642829633723
0.0806301192299243 0.184042803450455 0.146464672007436 -0.377103145008068
0.194647962271968 0.0607955442552148 -0.180709620709387 -0.269014893581657
0.175218300883076 -0.0679895152035242 -0.222884460082632 -0.0573008645222512
0.11142827804679 -0.115961684166973 -0.134103252356251 0.0284996791455898
0.100458481593425 -0.132746086649539 -0.0266329909896325 0.0597357920386136
0.113497603384356 -0.135169115061299 0.0588484441718407 0.0789930179001467
0.187874404201978 -0.137455878089697 0.119738862556323 0.149404588204172
0.263583967558355 -0.0107415938964645 0.0577667065932557 0.251313391166372
0.201684861512574 0.180206346449239 -0.206687433236074 0.263020501715562
-0.0134078291018453 0.326845073197705 -0.365205745221304 0.04672321436702
-0.291678884931303 0.251817685341249 -0.272411798932204 -0.175939178190967
-0.45443031575709 0.0637378508863126 -0.0893679678856882 -0.11964354971157
-0.369916190962681 -0.0873855136958366 0.0776634018204266 -0.00479179952606377
-0.331266187807761 0.0753079237682998 0.214433018314229 0.256066442624392
-0.198105666260181 0.239876672566505 0.442034144904059 -0.00319704841811161
0.0687792327125388 0.250366400757929 0.247977656603432 -0.30137786567773
0.223245439824484 0.0934625784663274 -0.0593159187172535 -0.271230920557707
0.20223915796544 -0.0734749801442882 -0.141903400719633 -0.11204481266306
0.121616043852822 -0.136282511288829 -0.0899451700657854 -0.0345872034145484
0.0958870420868505 -0.141628697925284 0.0105894450395116 0.000459079806553519
0.101000499855162 -0.138891897055527 0.0965958593310922 0.0168786063674422
0.175219232774612 -0.149525746017699 0.181725577212436 0.0914887111632655
0.260761457626188 -0.0405772487557633 0.16242792824902 0.222499957743169
0.22222074686564 0.14848527422245 -0.100770297132112 0.307355338780678
0.0158430920092568 0.323654021918386 -0.3088309964842 0.117769301217137
-0.282157944308613 0.251627616121879 -0.235078185556857 -0.12891429281386
-0.433294959574295 0.0426390908786519 0.0362070400229594 -0.0960855872628797
-0.313971865310303 -0.134812086774049 0.219354263256394 0.0514273374605175
-0.338746291645723 0.00991319131992275 0.255988095745845 0.282081377348024
-0.246698255278278 0.206733490260564 0.440285409942694 0.0843588784247551
0.0323459153730154 0.260416950276494 0.31170011213427 -0.18449764648939
0.205216477549031 0.109246100275739 0.0670541722209735 -0.236225742798626
0.192434100094773 -0.0626180442936913 -0.0469534491461933 -0.156672561890818
0.11045833510311 -0.132944853636264 -0.0413578355916515 -0.0981024869550701
0.0782336636829822 -0.129150775300942 0.0450992869032915 -0.0579211096659859
0.0758499304551101 -0.121953888825033 0.126907757977675 -0.0391470810321765
0.142998707230583 -0.135664961564973 0.224080197189328 0.038029231256712
0.225524165453295 -0.0477768420602794 0.232091934781645 0.186083380960634
0.201257457006056 0.120488989951142 -0.0164588367242623 0.31632809936231
0.00849393554474814 0.285018729779909 -0.245734257674064 0.154218496835682
-0.260567044603918 0.199416243629915 -0.189089253249391 -0.0929698118562063
-0.35898604549984 -0.00328422551286935 0.142776965687159 -0.0701115836362574
-0.197458801123034 -0.141897781509092 0.324832598599652 0.110724818647835
-0.263906443078367 -0.0424756292213078 0.285452534338431 0.303155516793693
-0.218582831444653 0.134036854098706 0.407235646240641 0.154088437558994
0.00469869184018067 0.203235280574612 0.336780506934327 -0.0691643192776643
0.14916363037172 0.0885421784128639 0.167093293266206 -0.186133389403629
0.142176124722176 -0.0464371317459529 0.0377266863618509 -0.187735452081831
0.0782725011925984 -0.106414879460733 0.00062519878850515 -0.152558823890987
0.0498137051724173 -0.0975033896132053 0.0722147472353226 -0.106516046115941
0.0433939776413969 -0.0914172844434163 0.15038787469537 -0.0832107032941076
0.0991404100003197 -0.106516784227458 0.251528947453365 9.37874393158238E-05
0.173117934866083 -0.0410696885383673 0.27158129799664 0.160726879301125
0.161029277221707 0.099081350771438 0.0370187940302368 0.314600062028199
-0.0167831587043642 0.22964197329922 -0.195566929531682 0.170607902518131
-0.226983324893036 0.120213771023887 -0.14667679148271 -0.0634108358378915
-0.248258588180641 -0.0596667596125936 0.216888221045818 -0.0369382937402543
-0.0461764482323262 -0.111995898822431 0.376772062319248 0.15036190050326
-0.129098745119857 -0.0613359696759165 0.29876532999703 0.304348967915577
-0.121940435645605 0.0544443461743881 0.375203991314991 0.189270417835861
0.000248463119928566 0.0975212891628218 0.346287454472674 -0.00130695469875132
0.070923175568392 0.0342763634528551 0.223620766482496 -0.158860007554331
0.0624088393274619 -0.0292338071810577 0.0867673458772108 -0.211742654827026
0.0292006305576961 -0.0606341361030699 0.0252322634912283 -0.189067707499581
0.0144981441130963 -0.051710330342731 0.0863535912677399 -0.138999233859596
0.00870056561438161 -0.0529386820860341 0.163551442697931 -0.108668871564135
0.0466836288974854 -0.07082498804297 0.268145593316534 -0.0191569443505541
0.109579003285645 -0.0341443007140527 0.289454932582351 0.151576349640146
0.11353105859271 0.0715120099414985 0.0628546285868539 0.316810938832134
-0.0378236964461354 0.16316146717899 -0.16840975825023 0.180861938487773
-0.171859604820654 0.0356599948928165 -0.122154537045962 -0.0408069128832187
-0.112972719342667 -0.106178369059471 0.248996216792267 0.00267115361476444
-0.0166640832486465 0.104456832231852 -0.310430964253367 0.0222862196416939
0.0744078380046266 0.00807374745228724 0.108422616745464 0.166379128130133
0.026634604155717 -0.0670544546014642 0.217731444293098 -0.167542199896962
-0.0473045374834382 -0.0182965978526454 -0.0544750461112722 -0.36949369405535
-0.0156173647068171 0.0243955749918427 -0.328423555729495 -0.183131122178143
0.0133254580872624 0.0295481689153223 -0.308977756817343 0.0484088804498301
0.0296850063715434 0.0174614972037337 -0.206481368810015 0.136483323463812
0.0351615955600298 -0.00792187732646715 -0.105152683986764 0.170232381267449
0.0301814099672787 -0.0104672867283852 -0.0521017254118563 0.202301382559842
0.0298208679471119 -0.00191676385930183 -0.0909274879874243 0.222208875249591
0.0291926174421408 0.0268061827873574 -0.242005903226658 0.171809906341603
0.00427907488407394 0.0370557354585531 -0.370805924156781 -0.00917149328170568
0.0036209405378055 0.0372323084044118 -0.35780181875694 -0.214381144020161
-0.0308064689012101 0.077395696685664 -0.318541651826912 -0.356052281201101
-0.124114871059029 0.102107237480238 -0.389755410062813 -0.224656009256542
-0.154740156285756 0.0904155675939027 -0.278642337842666 -0.01427832934852
-0.020885216564519 0.0679542027377993 0.113580830446 0.176356817858227
0.00750949683463818 0.0222464281088665 0.260263824314298 -0.169150847079543
0.00380710588105977 0.0315325335939498 -0.023560857247256 -0.390137799947533
0.0578075740012325 0.0245340505569917 -0.316337740113278 -0.20546486176721
0.0696630784795184 -0.00976646770567915 -0.302843516823288 0.0330693843755607
0.0616611044881743 -0.0331663413381659 -0.194612569170161 0.120459445935839
0.0685772043876553 -0.0633083200883135 -0.0890345371696556 0.153070833390285
0.0792343339984694 -0.0678144593557241 -0.0246058824007207 0.182588828775415
0.117153038116717 -0.050809711059561 -0.0359121492015981 0.223187378728262
0.138018834918777 0.04798497006935 -0.178628118733115 0.217985236299485
0.0576143747174957 0.146067790351514 -0.36167360556263 0.070914874046099
-0.0671009974036289 0.166670062785091 -0.385394766349506 -0.149291214730296
-0.186334671292192 0.126819051018662 -0.310031578584571 -0.301366572533782
-0.295326983844212 0.0753136331302209 -0.322692114481086 -0.191334075053703
-0.277438564260167 0.0470146008615071 -0.196260330092126 -0.035460414928663
-0.137542413476044 0.109574285050074 0.138572102573887 0.20132766957182
-0.0382585729851276 0.124730690569384 0.331557561225792 -0.14473463673617
0.0536398533474076 0.10243423187666 0.0476616590928361 -0.403494215288868
0.134252557203928 0.0343007117964467 -0.271016831128095 -0.240747141452981
0.127245369315998 -0.0462620996888903 -0.278313136782788 -0.00407122192821969
0.0914533595260204 -0.0808602068058322 -0.171633244039493 0.0833347557048683
0.0926530969953162 -0.108784608921043 -0.0616798820906587 0.114730045093031
0.108544370340417 -0.113427022581789 0.0161246293299532 0.139042924173432
0.171988356301452 -0.104250201511206 0.0428896133721491 0.19885297020614
0.225202004340517 0.0263040326503807 -0.0671372736551909 0.253396197669932
0.139383673332096 0.193472217806307 -0.307293034296236 0.180317153256095
-0.0591637329549291 0.278193506766017 -0.396778348590896 -0.0492141778833167
-0.275640657883813 0.202346506657639 -0.299045370666575 -0.237647562867848
-0.412654441303768 0.0701634253245473 -0.217103870569257 -0.153318077754852
-0.360085724173618 -0.0191448015284371 -0.0709854924349372 -0.0321559816710779
-0.255881491071779 0.115890144723974 0.17496923454331 0.23291930759083
-0.1152182805033 0.212049021492897 0.405139370746446 -0.087783041815211
0.082310306303929 0.187511248889072 0.148830806043606 -0.383177562840454
0.199065136730161 0.0591103223867065 -0.184117853374715 -0.272203646223038
0.17757134282397 -0.071457778439192 -0.225757523439395 -0.0560210560277485
0.114042226332639 -0.11916710267035 -0.136756148295764 0.0291847381995735
0.103461483101874 -0.13715026366825 -0.0267788387100511 0.0611044904753666
0.115301101339968 -0.139521373017559 0.0589964761769507 0.0807901206780419
0.189560374056173 -0.143991201538109 0.122773329201671 0.149937761989223
0.268858272878832 -0.0154746679644799 0.0589329167111329 0.252869937677392
0.206064849537272 0.182244423603821 -0.209520760246218 0.268957951264794
-0.0127551312196141 0.335266141040355 -0.370497350106506 0.0503320560870242
-0.298450035778366 0.258338236581231 -0.275883148509844 -0.179418612303943
-0.461037969039639 0.0669072836654157 -0.0900960847017567 -0.123083102220697
-0.376220880330413 -0.0905869427308772 0.0788821160348342 -0.000720007416608946
-0.337632224326816 0.0751883190345351 0.21772650294316 0.263237926220881
-0.202338297987608 0.2461548432008 0.447343893365081 -0.00287878967255655
0.0713343217925854 0.254776927733574 0.251526346863255 -0.30624342201329
0.228027994630644 0.0920146293327999 -0.0597689007007377 -0.274312360809503
0.204696465395632 -0.0761923497777309 -0.144441844073977 -0.112194604334959
0.122730957970706 -0.139498865259268 -0.0925109496051962 -0.0355936720235212
0.0984245674618074 -0.146019681460232 0.0104252081117223 -0.000586878499581158
0.103072778491582 -0.142502657461016 0.0970387028604117 0.0164191216088987
0.175871677593334 -0.155906626222512 0.185306933569536 0.0901943551566838
0.265362737661873 -0.0465562896318567 0.165417272920486 0.222729780340636
0.22632670162611 0.149336546839363 -0.10086610421075 0.313021704353862
0.0181490179172416 0.331233571366038 -0.312359807828154 0.122071579036226
-0.286405712475743 0.258421610299116 -0.237417956098515 -0.131750398660553
-0.439098924852822 0.046292403558442 0.0378504268182359 -0.0995747897773711
-0.319484536994922 -0.138576951488162 0.222944360526374 0.0551463616319378
-0.34513284838898 0.0096822953903826 0.259698917367044 0.289453504649734
-0.250970400434465 0.212239993029849 0.444895625869739 0.0857773517871104
0.0341474517962457 0.265471215268514 0.317946285945523 -0.186522533815376
0.209307541255987 0.108393647936401 0.0691720863563784 -0.239730089318536
0.194042456482649 -0.0651489286864869 -0.0479657091815788 -0.158309341781346
0.111828355099963 -0.135429154099168 -0.0440060824097908 -0.100457029120252
0.0804247539060873 -0.132907755932212 0.0453221172746462 -0.0611906441383834
0.078021657014194 -0.124564721073858 0.12771235805912 -0.0411971881949734
0.143065843516341 -0.140613821596698 0.227595164311206 0.0355503753635014
0.229119935715846 -0.0524448156691441 0.236412116401088 0.184739366612998
0.204882598952936 0.120593422714628 -0.0137925138465183 0.321516354287497
0.0105502168211707 0.290360687018605 -0.248310203000667 0.159774080413685
-0.264054988169311 0.205191381139751 -0.191209192305836 -0.0954150877398913
-0.363085290128207 -0.000709623221268548 0.14541974369607 -0.074075134268086
-0.201441699192681 -0.14529675975859 0.329313344680085 0.116097276423188
-0.268521011369148 -0.0435600376956528 0.289546963054196 0.308523266931289
-0.221695629110769 0.138551725004059 0.41242655305307 0.155639129943746
0.00596716520428911 0.207045311049565 0.344365597244478 -0.0699079216313359
0.151418774668797 0.0872599059948281 0.171871704114707 -0.189171509800737
0.142823720581324 -0.0475873243010773 0.0374818500182541 -0.190886260901952
0.0783193964071424 -0.108000855395258 -0.00117510671357775 -0.155454243272826
0.0520975285382392 -0.100078548057608 0.0724016029539354 -0.111383137440122
0.0458149594896632 -0.0923977491348037 0.151447244204264 -0.0862302948698881
0.0986473772123818 -0.108967204107927 0.255303052958877 -0.0034492131338168
0.174667715049376 -0.0447212950953732 0.276835306287931 0.158900540685352
0.162776329958976 0.0981212323152504 0.0400846306893443 0.319286146411468
-0.0158097527163319 0.233934368933092 -0.197536882401776 0.175822909986368
-0.229632742413189 0.123781428427052 -0.148042269401641 -0.0658473427295321
-0.251438556886539 -0.0588066557493501 0.219384907825255 -0.0401352705558309
-0.0473173059766731 -0.114963543773177 0.383356706494263 0.155656667875509
-0.130812788069739 -0.061834948813199 0.303488927440167 0.30816257405169
-0.122625516013613 0.0561646258391907 0.37934904875148 0.192554230038188
0.000754617371318248 0.0987316828450699 0.353514762914903 -0.000390054465936482
0.0710328008714592 0.0330779612332625 0.22825259549171 -0.161513786801269
0.0616222360692933 -0.0292318193779523 0.0872781091202396 -0.215141726301513
0.0281964331613188 -0.0607979200803952 0.0233658323272324 -0.192812632489354
0.0159185439472343 -0.0528863764336395 0.0861119850855731 -0.144502097822133
0.0102686383738003 -0.0521757201500433 0.165297608755162 -0.112358462851199
0.0461311668542059 -0.0715112807110716 0.272733272349206 -0.0232230558401922
0.109429034253953 -0.0356408939474949 0.295388909739285 0.150069247390224
0.115104001681632 0.0707369377365783 0.0667054783009803 0.321848228328888
-0.0363495459615522 0.16616706261144 -0.170882485055271 0.185811506699805
-0.173008970163563 0.0375726958646154 -0.123769831310387 -0.0426660895563835
-0.114164289013065 -0.106826405294554 0.251682801955779 -9.19626108247004E-05
