TRXV5
3
4
4
9
string Extension=J
integer IsArchMeasurement=1
integer IsSpherical=1
string Generator=SPM
string GeneratorVersion=1.3.1 Dev
double ArchRadius=0.449999988079071
integer FrequencyAxisIndex=0
integer AzimuthAxisIndex=1
integer ElevationAxisIndex=2
Frequency
5 136 690000000 960000000 LIN
Azimuth
7 8 0 2.74889357189107 LIN
Elevation
7 15 -2.74889357189107 2.74889357189107 LIN
Polar H Real Part
13
Polar H Imaginary Part
14
Polar V Real Part
13
Polar V Imaginary Part
14
Polar H Magnitude (dB)
12 0xC0000002 0 1
Polar H Phase
7 0xC0000003 0 1
Polar V Magnitude (dB)
12 0xC0000002 2 3
Polar V Phase
7 0xC0000003 2 3
0.0435867309570313 0.0229415893554688 0.036407470703125 0.118949890136719
0.0661163330078125 -0.00941848754882813 0.0440406799316406 0.0516281127929688
0.0228996276855469 -0.0544815063476562 -0.00452613830566406 -0.0247859954833984
-0.0228424072265625 -0.0461997985839844 -0.065673828125 -0.00699996948242189
-0.0347824096679688 -0.0214481353759766 -0.067474365234375 0.0485572814941406
-0.0411453247070313 -0.000427246093749992 -0.0437469482421875 0.104164123535156
-0.0289840698242188 0.0162086486816406 -0.000717163085937494 0.1302490234375
-0.0264339447021484 0.00802993774414063 0.020050048828125 0.128776550292969
-0.0277462005615234 -0.000308990478515622 0.00799560546875001 0.119583129882813
-0.02166748046875 -0.00838470458984375 -0.0272369384765625 0.1004638671875
-0.00647163391113281 -0.0131158828735352 -0.0406990051269531 0.062744140625
0.00325775146484375 -0.01055908203125 -0.0318183898925781 0.0265121459960938
0.0123815536499023 0.00265026092529297 -0.00249481201171875 0.041748046875
0.0100879669189453 0.0274314880371094 -0.00562286376953126 0.138092041015625
-0.0119552612304688 0.037689208984375 -0.11572265625 0.1810302734375
0.0615882873535156 -0.0519218444824219 0.0414581298828125 0.116661071777344
0.0601654052734375 -0.076416015625 0.045135498046875 0.0539436340332031
-0.005401611328125 -0.09698486328125 0.00438499450683594 -0.0110654830932617
-0.0668296813964844 -0.0635147094726563 -0.0479927062988281 0.00143814086914063
-0.07672119140625 -0.010040283203125 -0.0479927062988281 0.0439300537109375
-0.0712738037109375 0.0408706665039063 -0.0296478271484375 0.0933303833007813
-0.0392570495605469 0.0641403198242188 0.0097198486328125 0.112861633300781
-0.034637451171875 0.0510406494140625 0.0292282104492188 0.111030578613281
-0.0400581359863281 0.0490875244140625 0.0190353393554687 0.106193542480469
-0.0488357543945312 0.037384033203125 -0.0141983032226562 0.094268798828125
-0.0500755310058594 0.0112953186035156 -0.0249748229980469 0.0616264343261719
-0.050201416015625 -0.0119361877441406 -0.020416259765625 0.0360260009765625
-0.0292167663574219 -0.0404396057128906 0.000450134277343744 0.0622062683105469
-0.000995635986328126 -0.04522705078125 -0.0110321044921875 0.147003173828125
0.00138473510742188 -0.0430526733398437 -0.118270874023438 0.184814453125
0.0694198608398438 -0.122047424316406 0.0502395629882813 0.0950241088867187
0.0433273315429687 -0.135200500488281 0.0452156066894531 0.0442276000976563
-0.0364837646484375 -0.127006530761719 0.00976753234863281 0.00243091583251952
-0.104049682617187 -0.0717315673828125 -0.0253410339355469 0.0120067596435547
-0.108253479003906 0.00314331054687502 -0.0204505920410156 0.0355644226074219
-0.0918655395507813 0.0764999389648438 -0.00936126708984376 0.0708847045898438
-0.043365478515625 0.102317810058594 0.0194854736328125 0.0784759521484375
-0.0382919311523438 0.0863723754882813 0.0333633422851562 0.0766448974609375
-0.0470657348632812 0.0917129516601563 0.0266876220703125 0.0759048461914063
-0.0701675415039063 0.07843017578125 0.001251220703125 0.0736160278320313
-0.0873794555664063 0.0348358154296875 -0.00475311279296876 0.0501861572265625
-0.0986175537109375 -0.0104827880859375 -0.00347137451171876 0.0407943725585938
-0.0684967041015625 -0.0784912109375 0.00524139404296874 0.0774383544921875
-0.0130157470703125 -0.111343383789062 -0.0178756713867188 0.139404296875
0.0124740600585938 -0.117851257324219 -0.112350463867187 0.162933349609375
0.065216064453125 -0.176437377929688 0.05926513671875 0.0538063049316406
0.0152130126953125 -0.177810668945313 0.0389060974121094 0.0230140686035156
-0.0698165893554687 -0.139625549316406 0.0111312866210937 0.0133543014526367
-0.131385803222656 -0.0653457641601563 -0.000823974609375008 0.02105712890625
-0.125068664550781 0.0200729370117187 0.00914955139160156 0.0225944519042969
-0.0980987548828125 0.10260009765625 0.0123939514160156 0.0378646850585938
-0.0412979125976563 0.126152038574219 0.0260581970214844 0.0329551696777344
-0.036712646484375 0.10882568359375 0.0336074829101563 0.0299434661865234
-0.0469131469726563 0.120391845703125 0.0303592681884766 0.0326576232910156
-0.08013916015625 0.107589721679688 0.0172996520996094 0.0387001037597656
-0.11199951171875 0.0537338256835937 0.0183658599853516 0.0287971496582031
-0.133071899414063 -0.00656127929687499 0.017669677734375 0.0384063720703125
-0.0991897583007813 -0.104454040527344 0.0121307373046875 0.0833816528320313
-0.0238189697265625 -0.160476684570312 -0.02386474609375 0.115791320800781
0.0199737548828125 -0.174667358398438 -0.0993576049804687 0.118988037109375
0.049652099609375 -0.20672607421875 0.0645790100097656 -0.00128173828125001
-0.015106201171875 -0.196746826171875 0.0270233154296875 -0.00663185119628907
-0.0960464477539063 -0.132293701171875 0.00867462158203125 0.0195217132568359
-0.141403198242188 -0.0474090576171875 0.0226936340332031 0.0249462127685547
-0.123390197753906 0.0359878540039063 0.0360527038574219 0.00439453125
-0.088897705078125 0.115158081054688 0.0300426483154297 -0.00174331665039062
-0.0318527221679688 0.13140869140625 0.0280570983886719 -0.0172977447509766
-0.0299606323242188 0.114784240722656 0.0278091430664062 -0.0212039947509766
-0.0407485961914062 0.1298828125 0.0296401977539062 -0.0165653228759766
-0.0771942138671875 0.118316650390625 0.0319633483886719 -0.00357055664062499
-0.116378784179688 0.0630416870117188 0.0402336120605469 0.00107955932617188
-0.144027709960938 -0.000915527343749994 0.0382919311523437 0.0291328430175781
-0.112709045410156 -0.111717224121094 0.0191192626953125 0.0790023803710938
-0.03094482421875 -0.181076049804688 -0.028839111328125 0.078460693359375
0.0209808349609375 -0.202667236328125 -0.0792388916015625 0.060699462890625
0.0301055908203125 -0.204864501953125 0.0669479370117188 -0.0624923706054688
-0.0370330810546875 -0.186264038085938 0.012237548828125 -0.0408477783203125
-0.1041259765625 -0.109443664550781 0.00311470031738281 0.0178298950195312
-0.130538940429688 -0.0251235961914063 0.04052734375 0.0204238891601563
-0.104057312011719 0.0454940795898438 0.054779052734375 -0.0182914733886719
-0.0673904418945313 0.110130310058594 0.0396499633789062 -0.04119873046875
-0.017913818359375 0.116958618164063 0.0232620239257812 -0.0650711059570312
-0.0181884765625 0.102783203125 0.0174217224121094 -0.0693092346191406
-0.0277862548828125 0.117050170898437 0.0251693725585938 -0.0641860961914062
-0.0602188110351562 0.108024597167969 0.043426513671875 -0.045623779296875
-0.0984344482421875 0.0605010986328125 0.0579261779785156 -0.0263481140136719
-0.126670837402344 0.00534820556640625 0.0544662475585937 0.0170936584472656
-0.104812622070313 -0.0967025756835937 0.0228347778320312 0.0654487609863281
-0.033447265625 -0.168487548828125 -0.0326747894287109 0.0335330963134766
0.0157318115234375 -0.197433471679688 -0.0557022094726563 -0.00202941894531251
0.0114898681640625 -0.169830322265625 0.068878173828125 -0.118492126464844
-0.043212890625 -0.146835327148438 0.00118255615234375 -0.0741195678710938
-0.0895843505859375 -0.0746078491210938 -0.00239658355712891 0.0077524185180664
-0.0981903076171875 -0.0058441162109375 0.0496101379394531 0.00927352905273438
-0.0711669921875 0.0447998046875 0.0615997314453125 -0.0390129089355469
-0.0393218994140625 0.0876846313476562 0.0399169921875 -0.0760421752929687
-0.00287628173828125 0.0849380493164063 0.0140151977539062 -0.102699279785156
-0.00440216064453124 0.0746994018554687 0.004974365234375 -0.107337951660156
-0.0110092163085938 0.0846633911132813 0.0189743041992188 -0.10125732421875
-0.0311508178710938 0.0796585083007813 0.05120849609375 -0.0779342651367188
-0.0617332458496094 0.0488624572753906 0.0682487487792969 -0.0452346801757813
-0.0867767333984375 0.01300048828125 0.0625495910644531 0.00798797607421875
-0.08221435546875 -0.0614013671875 0.0218276977539062 0.0483245849609375
-0.0350341796875 -0.126358032226563 -0.033843994140625 -0.00871276855468751
0.00270080566406251 -0.162567138671875 -0.0337181091308594 -0.0587043762207031
-0.00582122802734374 -0.107688903808594 0.072601318359375 -0.16156005859375
-0.035003662109375 -0.0858230590820313 -0.00295257568359376 -0.102043151855469
-0.0568809509277344 -0.0349617004394531 -0.00755023956298829 -0.00796842575073242
-0.0523033142089844 0.00735092163085938 0.0497474670410156 -0.0056610107421875
-0.0304069519042969 0.03265380859375 0.058807373046875 -0.0547409057617188
-0.00851058959960938 0.050140380859375 0.0332565307617187 -0.09881591796875
0.0108489990234375 0.040863037109375 0.00110626220703124 -0.125297546386719
0.0095977783203125 0.0352096557617188 -0.00794982910156251 -0.128089904785156
0.00844192504882812 0.0391921997070313 0.0110092163085937 -0.121673583984375
0.00470352172851562 0.0414505004882812 0.05230712890625 -0.0955123901367188
-0.0139865875244141 0.0349769592285156 0.0695648193359375 -0.05401611328125
-0.0352745056152344 0.0262260437011719 0.0625343322753906 0.00258255004882813
-0.0543174743652344 -0.0132713317871094 0.0169334411621094 0.0309829711914063
-0.0400657653808594 -0.0658721923828125 -0.0343551635742187 -0.0403213500976563
-0.0170211791992187 -0.106307983398438 -0.01751708984375 -0.0999374389648438
0.0520210266113281 0.0221214294433594 0.0544204711914062 0.116615295410156
0.0728530883789063 -0.018524169921875 0.0538825988769531 0.0472869873046875
0.0202865600585937 -0.0634651184082031 -0.00600624084472656 -0.0258369445800781
-0.0300140380859375 -0.0494575500488281 -0.0678443908691406 -0.000663757324218761
-0.0419349670410156 -0.0199851989746094 -0.0641098022460938 0.0556411743164063
-0.0471038818359375 0.00494384765624999 -0.0331268310546875 0.110588073730469
-0.0325794219970703 0.0216808319091797 0.0146102905273437 0.132392883300781
-0.0305233001708984 0.0124301910400391 0.0358352661132812 0.128227233886719
-0.0336074829101563 0.0034942626953125 0.0226898193359375 0.121360778808594
-0.0271110534667969 -0.00850868225097657 -0.0161056518554687 0.106513977050781
-0.00887393951416015 -0.0167217254638672 -0.0348739624023438 0.0692672729492188
0.00436496734619141 -0.0154571533203125 -0.0307903289794922 0.0326519012451172
0.0186595916748047 0.00167274475097656 -0.00156402587890625 0.0431404113769531
0.0185718536376953 0.03204345703125 0.00671386718750001 0.138359069824219
-0.00488662719726563 0.0461959838867188 -0.102127075195312 0.192794799804688
0.0619773864746094 -0.055999755859375 0.0603561401367188 0.115348815917969
0.0591888427734375 -0.0847396850585938 0.0569534301757813 0.0499153137207031
-0.0121612548828125 -0.102676391601563 0.00587940216064453 -0.0127248764038086
-0.0762100219726563 -0.0619354248046875 -0.0476264953613281 0.00644302368164061
-0.0830078125 -0.00351715087890625 -0.0422744750976563 0.0491523742675781
-0.07244873046875 0.0504074096679688 -0.0183639526367188 0.0972442626953125
-0.0361251831054687 0.071441650390625 0.02410888671875 0.112136840820313
-0.0332145690917969 0.0572891235351563 0.044281005859375 0.108306884765625
-0.0395545959472656 0.0551605224609375 0.033782958984375 0.105598449707031
-0.0492477416992188 0.0417327880859375 -0.00200653076171874 0.0988235473632813
-0.0506248474121094 0.0130538940429688 -0.0174407958984375 0.0677680969238281
-0.050323486328125 -0.0101242065429687 -0.017578125 0.042327880859375
-0.0286865234375 -0.0377388000488281 0.00441360473632812 0.0652999877929688
-0.000839233398437496 -0.0411148071289063 0.00215148925781249 0.1500244140625
-0.000289916992187498 -0.0377616882324219 -0.103851318359375 0.19830322265625
0.0613555908203125 -0.128005981445313 0.0687637329101563 0.0944976806640625
0.0344390869140625 -0.1416015625 0.055938720703125 0.0403327941894531
-0.0472869873046875 -0.128837585449219 0.0132369995117187 0.000538825988769523
-0.114227294921875 -0.0647735595703125 -0.0227642059326172 0.0147132873535156
-0.112319946289063 0.0130538940429688 -0.0143508911132813 0.0377388000488281
-0.087615966796875 0.0880203247070313 0.00141143798828125 0.0713043212890625
-0.03515625 0.10992431640625 0.0311508178710937 0.0756607055664063
-0.03155517578125 0.0933456420898438 0.0466232299804688 0.0720901489257813
-0.0400161743164063 0.0995864868164062 0.0398483276367188 0.0735702514648438
-0.0646743774414063 0.0866546630859375 0.0136795043945313 0.075592041015625
-0.0863571166992188 0.04254150390625 0.00352859497070313 0.0547904968261719
-0.0998764038085938 -0.00212860107421876 0.00148010253906249 0.0462493896484375
-0.0739364624023438 -0.0721359252929687 0.0125198364257812 0.0812149047851563
-0.0214767456054687 -0.108779907226562 -0.00512695312500001 0.145217895507813
0.00236511230468749 -0.116378784179688 -0.100296020507813 0.178192138671875
0.04840087890625 -0.184341430664063 0.0743331909179688 0.0540084838867187
-0.000671386718749993 -0.18182373046875 0.0484046936035156 0.0207633972167969
-0.0828475952148438 -0.13623046875 0.0166921615600586 0.0118284225463867
-0.140251159667969 -0.0544052124023438 0.00402832031249999 0.0222301483154297
-0.125717163085938 0.0325927734375 0.0161781311035156 0.0220241546630859
-0.0888671875 0.114791870117188 0.0210895538330078 0.0350704193115234
-0.0279464721679687 0.132972717285156 0.0342044830322266 0.0279884338378906
-0.0260009765625 0.115615844726563 0.0412979125976562 0.0242195129394531
-0.0349807739257812 0.129013061523437 0.0396270751953125 0.0286216735839844
-0.0703201293945313 0.118431091308594 0.0270805358886719 0.0386505126953125
-0.108726501464844 0.0656890869140625 0.0257434844970703 0.0303459167480469
-0.135337829589844 0.00717163085937499 0.0234870910644531 0.0418701171875
-0.108871459960937 -0.0950546264648437 0.0214157104492187 0.0874710083007813
-0.0385894775390625 -0.15899658203125 -0.0129623413085938 0.123298645019531
0.00251770019531251 -0.176239013671875 -0.0909881591796875 0.133758544921875
0.0275421142578125 -0.214691162109375 0.0739517211914063 -0.00115966796875001
-0.036651611328125 -0.197769165039063 0.03271484375 -0.00667381286621095
-0.110618591308594 -0.124794006347656 0.0150146484375 0.0188694000244141
-0.14886474609375 -0.033111572265625 0.0289897918701172 0.0235710144042969
-0.1207275390625 0.0504379272460937 0.0422706604003906 0.000217437744140628
-0.0754013061523437 0.126487731933594 0.0357398986816406 -0.00675964355468749
-0.015716552734375 0.135917663574219 0.0302162170410156 -0.0235424041748047
-0.0168609619140625 0.12078857421875 0.0293006896972656 -0.0271797180175781
-0.025634765625 0.137351989746094 0.0332145690917969 -0.0220909118652344
-0.0637893676757812 0.128990173339844 0.0378875732421875 -0.00635528564453124
-0.11090087890625 0.077362060546875 0.0456161499023437 -0.00136184692382812
-0.146484375 0.015777587890625 0.0441017150878906 0.0299263000488281
-0.124542236328125 -0.100120544433594 0.029266357421875 0.0823211669921875
-0.050048828125 -0.180252075195313 -0.0215225219726563 0.086212158203125
-0.00201416015625002 -0.20745849609375 -0.0770187377929688 0.0735549926757812
0.00599670410156249 -0.212860107421875 0.0686836242675781 -0.0629348754882813
-0.0615081787109375 -0.185455322265625 0.0130233764648437 -0.0391426086425781
-0.119194030761719 -0.0991058349609375 0.00948715209960937 0.0181350708007812
-0.13568115234375 -0.00923156738281253 0.0466842651367188 0.0177879333496094
-0.0989303588867188 0.060150146484375 0.0578689575195312 -0.0230026245117187
-0.0522003173828125 0.119537353515625 0.0409774780273438 -0.0480194091796875
-0.00126647949218749 0.119384765625 0.0197372436523438 -0.0714645385742187
-0.00432586669921874 0.106651306152344 0.0135040283203125 -0.0751190185546875
-0.0121002197265625 0.122413635253906 0.0232620239257813 -0.0699539184570312
-0.0454559326171875 0.117149353027344 0.0447196960449219 -0.0511665344238281
-0.09185791015625 0.0737457275390625 0.0604515075683594 -0.0312538146972656
-0.127632141113281 0.02197265625 0.0600395202636719 0.0150947570800781
-0.11688232421875 -0.0844268798828125 0.0324821472167969 0.0674400329589844
-0.0543365478515625 -0.167266845703125 -0.0298957824707031 0.0410690307617187
-0.00892639160156251 -0.203338623046875 -0.0602569580078125 0.00712585449218748
-0.00947570800781248 -0.1773681640625 0.0641021728515625 -0.12054443359375
-0.0643310546875 -0.14642333984375 -0.00283050537109375 -0.0715408325195313
-0.102691650390625 -0.0650177001953125 0.00206232070922851 0.00870466232299805
-0.102767944335938 0.00830841064453127 0.0540847778320312 0.00469970703125
-0.0658950805664062 0.0561599731445313 0.0615081787109375 -0.0454788208007813
-0.0250320434570312 0.0943527221679688 0.0363616943359375 -0.0820770263671875
0.0117034912109375 0.0859603881835938 0.0041351318359375 -0.107704162597656
0.00757598876953126 0.0759658813476562 -0.005157470703125 -0.111053466796875
0.0023956298828125 0.0869903564453125 0.0109634399414062 -0.106292724609375
-0.0185623168945312 0.0846633911132813 0.04742431640625 -0.0850677490234375
-0.0545425415039063 0.0587043762207031 0.0677871704101563 -0.0521430969238281
-0.0854415893554687 0.0269241333007813 0.0669975280761719 0.0036468505859375
-0.0907669067382813 -0.050323486328125 0.0296478271484375 0.049560546875
-0.0532379150390625 -0.124824523925781 -0.0365562438964844 -0.00177764892578126
-0.01995849609375 -0.168289184570312 -0.0439338684082031 -0.0532951354980469
-0.0206298828125 -0.114395141601563 0.0612030029296875 -0.16632080078125
-0.0500640869140625 -0.0863571166992188 -0.010894775390625 -0.100112915039063
-0.0666961669921875 -0.0293731689453125 -0.00541400909423828 -0.00756025314331055
-0.0549697875976562 0.0173568725585938 0.05255126953125 -0.0118637084960937
-0.0261039733886719 0.0404167175292969 0.055511474609375 -0.0622673034667969
0.00200271606445312 0.05377197265625 0.0241470336914063 -0.104896545410156
0.0209388732910156 0.0387916564941406 -0.012786865234375 -0.127861022949219
0.0180912017822266 0.0336742401123047 -0.0221176147460938 -0.13031005859375
0.0176200866699219 0.0377998352050781 -0.00152587890625 -0.125350952148438
0.0148048400878906 0.0413093566894531 0.0450057983398437 -0.102592468261719
-0.00638961791992187 0.0394477844238281 0.0669517517089844 -0.0611343383789063
-0.0311603546142578 0.0350666046142578 0.0648193359375 -0.00252151489257812
-0.0583686828613281 -0.00278472900390624 0.021514892578125 0.0318546295166016
-0.0538330078125 -0.0623092651367188 -0.0417938232421875 -0.0345420837402344
-0.035430908203125 -0.109870910644531 -0.0328140258789063 -0.09796142578125
0.0595893859863281 0.0180549621582031 0.0684890747070313 0.106193542480469
0.0762100219726563 -0.0286788940429688 0.0609703063964844 0.0386314392089844
0.0142364501953125 -0.0700340270996094 -0.00724220275878906 -0.0260734558105469
-0.0376853942871094 -0.0490989685058594 -0.0661468505859375 0.00499343872070313
-0.0482673645019531 -0.016143798828125 -0.057403564453125 0.0596237182617188
-0.0508804321289063 0.012451171875 -0.022430419921875 0.110809326171875
-0.0334320068359375 0.0282669067382812 0.0275115966796875 0.127243041992188
-0.0326061248779297 0.0182132720947266 0.049163818359375 0.121139526367188
-0.0382080078125 0.00898742675781249 0.0352249145507813 0.115715026855469
-0.0326251983642578 -0.00641441345214844 -0.00424957275390626 0.105888366699219
-0.0130538940429687 -0.0198287963867188 -0.0266265869140625 0.0732192993164063
0.00380325317382813 -0.0205459594726563 -0.0279579162597656 0.0367088317871094
0.0243244171142578 -0.00190925598144531 -0.000614166259765622 0.0432586669921875
0.0283050537109375 0.0329303741455078 0.0166015625 0.132209777832031
0.00559616088867187 0.0515899658203125 -0.0849761962890625 0.1932373046875
0.0610809326171875 -0.0576210021972656 0.0766372680664062 0.105575561523437
0.0556411743164063 -0.0912628173828125 0.0648269653320312 0.0410003662109375
-0.0200881958007812 -0.10479736328125 0.00615596771240234 -0.0146303176879883
-0.0834503173828125 -0.0570526123046875 -0.0449180603027344 0.00991821289062499
-0.0852813720703125 0.00318908691406249 -0.0353927612304688 0.0504875183105469
-0.0697784423828125 0.0578575134277344 -0.00737762451171875 0.094696044921875
-0.0316848754882812 0.076263427734375 0.0367584228515625 0.104843139648438
-0.0299186706542969 0.0614852905273437 0.056793212890625 0.0989608764648438
-0.0379295349121094 0.0598373413085937 0.0470046997070313 0.0982589721679688
-0.0479240417480469 0.0443038940429688 0.0114517211914063 0.0969314575195313
-0.0497856140136719 0.0139083862304688 -0.00822067260742188 0.0701942443847656
-0.0485153198242188 -0.00880813598632813 -0.0125312805175781 0.0465736389160156
-0.0256710052490234 -0.0346832275390625 0.00855636596679688 0.0656318664550781
0.00178146362304687 -0.0365867614746094 0.0141754150390625 0.145156860351563
0.000844955444335941 -0.0307407379150391 -0.085662841796875 0.201950073242187
0.0517196655273437 -0.127166748046875 0.0844573974609375 0.0857009887695312
0.0255584716796875 -0.142333984375 0.0644416809082031 0.0328216552734375
-0.0558395385742188 -0.125465393066406 0.0160531997680664 -0.00247192382812501
-0.118972778320313 -0.0559158325195313 -0.0186786651611328 0.0159587860107422
-0.111053466796875 0.0223770141601563 -0.00696563720703125 0.0368385314941406
-0.0793838500976563 0.0950927734375 0.0113601684570312 0.0662422180175781
-0.0254974365234375 0.11175537109375 0.040618896484375 0.06695556640625
-0.0238418579101563 0.0955276489257812 0.0559883117675781 0.0623512268066406
-0.031951904296875 0.102455139160156 0.0505142211914063 0.0651359558105469
-0.0568695068359375 0.0899887084960938 0.0252609252929687 0.072784423828125
-0.0811309814453125 0.0476150512695312 0.0124855041503906 0.0552940368652344
-0.0964202880859375 0.00511169433593752 0.007843017578125 0.049224853515625
-0.0742568969726563 -0.063385009765625 0.0191726684570313 0.0817947387695313
-0.0260543823242187 -0.100921630859375 0.008148193359375 0.143539428710938
-0.00544738769531249 -0.108726501464844 -0.0831451416015625 0.184112548828125
0.031097412109375 -0.180755615234375 0.0875244140625 0.0479278564453125
-0.014801025390625 -0.17633056640625 0.0558395385742188 0.0154838562011719
-0.091278076171875 -0.127204895019531 0.0210342407226562 0.00825500488281249
-0.142471313476563 -0.041473388671875 0.00898742675781249 0.0206966400146484
-0.120803833007813 0.0430984497070312 0.0219650268554687 0.0187549591064453
-0.0756072998046875 0.119857788085938 0.0285243988037109 0.0285911560058594
-0.0143814086914062 0.131980895996094 0.0387840270996094 0.0196456909179688
-0.01458740234375 0.116081237792969 0.0464668273925781 0.0156021118164063
-0.02166748046875 0.129776000976563 0.0463142395019531 0.0206375122070313
-0.0570449829101562 0.122177124023438 0.036224365234375 0.0346221923828125
-0.0998001098632813 0.0733718872070313 0.0332508087158203 0.0290737152099609
-0.130271911621094 0.0195159912109375 0.0301895141601562 0.0428237915039063
-0.111587524414062 -0.0819473266601563 0.0305023193359375 0.0874252319335938
-0.0499114990234375 -0.149154663085937 -0.000938415527343742 0.124031066894531
-0.0133056640625 -0.16802978515625 -0.077911376953125 0.141830444335938
0.004730224609375 -0.210006713867187 0.08258056640625 -0.00353240966796876
-0.055084228515625 -0.18682861328125 0.0381278991699219 -0.00866317749023439
-0.118728637695312 -0.111160278320313 0.0209369659423828 0.0157070159912109
-0.148025512695313 -0.01776123046875 0.0342159271240234 0.0202007293701172
-0.111625671386719 0.0606536865234375 0.0457191467285156 -0.00439071655273437
-0.0594558715820313 0.129058837890625 0.0390548706054687 -0.0133552551269531
-0.000137329101562505 0.132438659667969 0.0297775268554688 -0.0303287506103516
-0.00287628173828126 0.118537902832031 0.02947998046875 -0.0335426330566406
-0.00955963134765624 0.135955810546875 0.0345649719238281 -0.0285091400146484
-0.0474395751953125 0.132560729980469 0.0423622131347656 -0.0109062194824219
-0.100074768066406 0.0861129760742187 0.0502090454101562 -0.00441741943359374
-0.139862060546875 0.030181884765625 0.0504302978515625 0.0285072326660156
-0.1285400390625 -0.0842971801757812 0.0393829345703125 0.080780029296875
-0.065765380859375 -0.16986083984375 -0.0119094848632813 0.089935302734375
-0.0232086181640625 -0.199615478515625 -0.06951904296875 0.0831069946289063
-0.0176239013671875 -0.20794677734375 0.0704421997070313 -0.0616455078125
-0.0809478759765625 -0.172866821289063 0.0152206420898437 -0.0369300842285156
-0.12652587890625 -0.0833206176757812 0.0159177780151367 0.0159702301025391
-0.132911682128906 0.00696563720703125 0.0505447387695313 0.0126914978027344
-0.0884857177734375 0.0693511962890625 0.0582923889160156 -0.0288009643554688
-0.0347442626953125 0.120391845703125 0.0401573181152344 -0.0535697937011719
0.0141830444335938 0.114082336425781 0.0144271850585937 -0.074615478515625
0.00928497314453124 0.102836608886719 0.00745391845703125 -0.0782623291015625
0.00397491455078125 0.119354248046875 0.01898193359375 -0.0737457275390625
-0.0288543701171875 0.117874145507813 0.0437088012695313 -0.0557670593261719
-0.0796432495117188 0.0816192626953125 0.0612945556640625 -0.0360870361328125
-0.120231628417969 0.0360946655273438 0.0637321472167969 0.0118255615234375
-0.12103271484375 -0.0682754516601562 0.0415611267089844 0.0659904479980469
-0.0714263916015625 -0.156845092773438 -0.0242080688476562 0.0473709106445312
-0.031707763671875 -0.196502685546875 -0.0597114562988281 0.0172233581542969
-0.0313720703125 -0.174362182617188 0.058990478515625 -0.117393493652344
-0.0827789306640625 -0.135948181152344 -0.00428771972656251 -0.0664176940917969
-0.109588623046875 -0.0513381958007813 0.00705194473266601 0.00763320922851562
-0.0991592407226562 0.0225372314453125 0.05609130859375 -0.000827789306640624
-0.0552558898925781 0.0639839172363281 0.0587272644042969 -0.0508613586425781
-0.0090789794921875 0.0940017700195313 0.0306396484375 -0.0855484008789063
0.024688720703125 0.0789337158203125 -0.00546264648437501 -0.107658386230469
0.0188446044921875 0.07110595703125 -0.01507568359375 -0.110382080078125
0.0154037475585938 0.08251953125 0.0026397705078125 -0.10723876953125
-0.00402069091796875 0.0829391479492187 0.0418777465820313 -0.0887832641601563
-0.0433692932128906 0.063873291015625 0.0648918151855469 -0.0575637817382812
-0.0775833129882813 0.0382461547851562 0.0688819885253906 -0.000946044921874998
-0.0933151245117188 -0.0356369018554688 0.036285400390625 0.0478363037109375
-0.0683364868164063 -0.114669799804688 -0.0358428955078125 0.00540924072265625
-0.042388916015625 -0.162353515625 -0.05035400390625 -0.0429725646972656
-0.035980224609375 -0.113922119140625 0.0504150390625 -0.162734985351563
-0.0639190673828125 -0.0804061889648438 -0.0161285400390625 -0.0937042236328125
-0.0723953247070313 -0.0194931030273438 -0.00250482559204102 -0.00716400146484375
-0.0535392761230469 0.0267486572265625 0.0519371032714844 -0.0172691345214844
-0.0187034606933594 0.0456581115722656 0.049346923828125 -0.0674476623535156
0.0129203796386719 0.0522117614746094 0.0145111083984375 -0.105857849121094
0.0295543670654297 0.0329475402832031 -0.025177001953125 -0.124053955078125
0.0249977111816406 0.0285930633544922 -0.0354461669921875 -0.125457763671875
0.0264797210693359 0.0323276519775391 -0.0126266479492187 -0.122962951660156
0.0243911743164063 0.0368156433105469 0.0360870361328125 -0.105094909667969
0.002838134765625 0.0401496887207031 0.0612373352050781 -0.0654411315917969
-0.0231475830078125 0.041595458984375 0.0649490356445312 -0.0076141357421875
-0.0577125549316406 0.00820541381835936 0.0253143310546875 0.0301780700683594
-0.0646171569824219 -0.0530433654785156 -0.0456352233886719 -0.0255012512207031
-0.0533294677734375 -0.105010986328125 -0.045440673828125 -0.088287353515625
0.0655441284179687 0.0138206481933594 0.075836181640625 0.0920944213867187
0.0764083862304687 -0.0382308959960938 0.0638809204101563 0.0287513732910156
0.00811004638671875 -0.074432373046875 -0.00810432434082031 -0.0266304016113281
-0.0443115234375 -0.0479774475097656 -0.0634536743164063 0.00808715820312499
-0.0524749755859375 -0.0120925903320313 -0.0511436462402344 0.0598335266113281
-0.0519065856933594 0.0193977355957031 -0.0144119262695313 0.106605529785156
-0.0325679779052734 0.0344448089599609 0.0348663330078125 0.117874145507813
-0.0330924987792969 0.02325439453125 0.05535888671875 0.11041259765625
-0.0408821105957031 0.015380859375 0.0426864624023437 0.107322692871094
-0.0374069213867188 -0.00356292724609375 0.00389099121093749 0.10125732421875
-0.0173912048339844 -0.0223178863525391 -0.0195770263671875 0.0726470947265625
0.00240516662597656 -0.0252361297607422 -0.0244293212890625 0.0398101806640625
0.0286788940429688 -0.0061187744140625 -0.00148391723632812 0.0428466796875
0.0381050109863281 0.0317878723144531 0.0199050903320312 0.122840881347656
0.0162086486816406 0.0537872314453125 -0.0735931396484375 0.186172485351563
0.0608711242675781 -0.0569038391113281 0.0861434936523438 0.0921630859375
0.0538558959960938 -0.094512939453125 0.0687789916992188 0.0312042236328125
-0.0257949829101563 -0.104927062988281 0.00624370574951172 -0.0169277191162109
-0.0866546630859375 -0.0531463623046875 -0.0410995483398438 0.0111732482910156
-0.0858688354492188 0.00777435302734374 -0.029388427734375 0.0487480163574219
-0.0666351318359375 0.0627059936523438 0.000289916992187506 0.0886993408203125
-0.0278244018554688 0.0783538818359375 0.0421981811523438 0.0944137573242188
-0.0272903442382812 0.0636024475097656 0.0618362426757813 0.0870285034179688
-0.0362586975097656 0.0626564025878906 0.0538253784179688 0.0876998901367188
-0.0473175048828125 0.0457763671875 0.0203018188476562 0.0912628173828125
-0.0496292114257812 0.0130386352539063 -0.000301361083984383 0.0688934326171875
-0.0464515686035156 -0.009796142578125 -0.0075836181640625 0.0487861633300781
-0.0209522247314453 -0.0334434509277344 0.0107383728027344 0.06500244140625
0.00742149353027344 -0.0321788787841797 0.0201034545898437 0.137680053710938
0.00543212890625 -0.0234584808349609 -0.072540283203125 0.19671630859375
0.0465774536132813 -0.121345520019531 0.0943756103515625 0.0738372802734375
0.0207672119140625 -0.139228820800781 0.0688095092773438 0.0236358642578125
-0.0594711303710937 -0.1207275390625 0.0174226760864258 -0.00604534149169923
-0.118904113769531 -0.049102783203125 -0.0143890380859375 0.0147800445556641
-0.107780456542969 0.0275955200195313 -0.00205612182617188 0.0336189270019531
-0.0724563598632812 0.0967864990234375 0.017181396484375 0.0586509704589844
-0.0186386108398438 0.110260009765625 0.0443000793457031 0.0567855834960938
-0.0185317993164063 0.0949478149414063 0.0592689514160156 0.0505943298339844
-0.0262451171875 0.101638793945313 0.0561981201171875 0.05474853515625
-0.0511093139648437 0.0899658203125 0.0339164733886719 0.0666122436523437
-0.0761337280273438 0.047698974609375 0.020263671875 0.052978515625
-0.0908889770507813 0.00798797607421874 0.0135841369628906 0.0503349304199219
-0.0690574645996094 -0.057342529296875 0.0236968994140625 0.0806655883789062
-0.024383544921875 -0.092315673828125 0.0157318115234375 0.137847900390625
-0.00727081298828125 -0.0975341796875 -0.0700225830078125 0.181991577148438
0.021240234375 -0.170547485351563 0.0967483520507812 0.0396347045898437
-0.021484375 -0.166168212890625 0.0608139038085938 0.00862121582031249
-0.0926589965820312 -0.117912292480469 0.0241832733154297 0.00402832031249999
-0.138359069824219 -0.0325927734375 0.0133323669433594 0.0177669525146484
-0.112869262695313 0.0474014282226562 0.0263576507568359 0.0139503479003906
-0.0660018920898437 0.11846923828125 0.0322322845458984 0.0205421447753906
-0.00588226318359376 0.126579284667969 0.0401268005371094 0.0110206604003906
-0.00717926025390624 0.112373352050781 0.0474014282226563 0.00627517700195313
-0.0129013061523437 0.125717163085938 0.0491371154785156 0.0118026733398438
-0.0470657348632812 0.11962890625 0.042266845703125 0.0283164978027344
-0.0909194946289063 0.0749053955078125 0.0392494201660156 0.0261688232421875
-0.121803283691406 0.0251312255859375 0.035919189453125 0.0424461364746094
-0.107254028320312 -0.0719985961914063 0.0366287231445312 0.0852203369140625
-0.0526885986328125 -0.137603759765625 0.00756072998046875 0.121414184570313
-0.02069091796875 -0.154876708984375 -0.0657196044921875 0.1429443359375
-0.00863647460937498 -0.196929931640625 0.0894241333007813 -0.00717926025390626
-0.0636444091796875 -0.17181396484375 0.0432624816894531 -0.0112533569335938
-0.117927551269531 -0.0981826782226563 0.0249481201171875 0.0112533569335937
-0.140533447265625 -0.00699615478515625 0.0377845764160156 0.0156402587890625
-0.1015625 0.0637969970703125 0.0481338500976562 -0.00916290283203124
-0.0466766357421875 0.125045776367188 0.0402946472167969 -0.0201377868652344
0.00929260253906251 0.123855590820313 0.0282058715820312 -0.0356903076171875
0.00550842285156249 0.112373352050781 0.0277900695800781 -0.0395317077636719
0.00136566162109375 0.128974914550781 0.0343837738037109 -0.0344429016113281
-0.0349655151367187 0.127967834472656 0.0452728271484375 -0.0162849426269531
-0.0883255004882813 0.0884780883789063 0.0532379150390625 -0.00731277465820312
-0.12921142578125 0.0387649536132813 0.0547256469726562 0.0260696411132813
-0.125381469726563 -0.0714340209960938 0.0460357666015625 0.0776596069335938
-0.0717315673828125 -0.155609130859375 -0.00369262695312501 0.089874267578125
-0.03466796875 -0.184539794921875 -0.0607833862304687 0.0877761840820313
-0.033843994140625 -0.195281982421875 0.0743865966796875 -0.0597076416015625
-0.090789794921875 -0.155563354492187 0.0194110870361328 -0.0347614288330078
-0.125755310058594 -0.068389892578125 0.0203075408935547 0.0126247406005859
-0.124015808105469 0.0172882080078125 0.0527420043945312 0.00777435302734375
-0.0762405395507812 0.0719223022460938 0.0577774047851562 -0.032440185546875
-0.0216217041015625 0.11431884765625 0.0376815795898438 -0.0575447082519531
0.0230865478515625 0.10345458984375 0.010467529296875 -0.0762557983398438
0.0171966552734375 0.0954666137695313 0.00370025634765626 -0.078887939453125
0.0139923095703125 0.110382080078125 0.0159835815429687 -0.0755996704101563
-0.01617431640625 0.112197875976563 0.0430221557617188 -0.0586929321289062
-0.0676498413085938 0.0832061767578125 0.0607070922851562 -0.0390243530273437
-0.109077453613281 0.0443572998046875 0.0663871765136719 0.00815963745117188
-0.117202758789062 -0.054412841796875 0.0478363037109375 0.0621566772460938
-0.079071044921875 -0.142242431640625 -0.018310546875 0.050262451171875
-0.047271728515625 -0.181884765625 -0.0555038452148438 0.0257911682128906
-0.0465850830078125 -0.165054321289063 0.0581436157226563 -0.110710144042969
-0.09320068359375 -0.120948791503906 -0.00209808349609375 -0.0602378845214844
-0.110008239746094 -0.0379791259765625 0.0115547180175781 0.00611305236816406
-0.091888427734375 0.032501220703125 0.0563392639160156 -0.00594329833984375
-0.0445137023925781 0.0662727355957031 0.0554542541503906 -0.0531806945800781
0.002655029296875 0.0870895385742188 0.0258941650390625 -0.086151123046875
0.0323448181152344 0.0690040588378906 -0.0113677978515625 -0.104316711425781
0.0258712768554688 0.06317138671875 -0.0210723876953125 -0.106048583984375
0.0240249633789063 0.073394775390625 -0.00341033935546876 -0.104911804199219
0.00659942626953124 0.0758056640625 0.0379180908203125 -0.0895462036132813
-0.0325088500976563 0.0635948181152344 0.0620155334472656 -0.0593910217285156
-0.0669326782226563 0.0446205139160156 0.0687713623046875 -0.004150390625
-0.0891189575195312 -0.0229949951171875 0.0409622192382812 0.0443229675292969
-0.0766983032226562 -0.101158142089844 -0.0328159332275391 0.0124320983886719
-0.0574493408203125 -0.149246215820312 -0.0524520874023437 -0.0319938659667969
-0.0483245849609375 -0.109230041503906 0.0457916259765625 -0.153427124023437
-0.0732574462890625 -0.0713653564453125 -0.016357421875 -0.0855941772460938
-0.0748519897460938 -0.0101699829101563 0.00083541870117187 -0.00838756561279297
-0.0488662719726563 0.0343704223632812 0.0496406555175781 -0.0217781066894531
-0.0112495422363281 0.0475540161132812 0.0434494018554688 -0.068267822265625
0.0216751098632813 0.0470314025878906 0.00797271728515626 -0.102775573730469
0.0344161987304688 0.024749755859375 -0.032989501953125 -0.116844177246094
0.0291328430175781 0.0216503143310547 -0.0421066284179687 -0.117332458496094
0.0307598114013672 0.0243511199951172 -0.0197830200195312 -0.116683959960938
0.0315704345703125 0.0296535491943359 0.0296630859375 -0.102890014648438
0.0109405517578125 0.0379829406738281 0.0559921264648437 -0.0665435791015625
-0.0144729614257813 0.0446815490722656 0.0634307861328125 -0.0105247497558594
-0.0533638000488281 0.0173530578613281 0.0280265808105469 0.0285129547119141
-0.0710220336914063 -0.0417861938476563 -0.0452003479003906 -0.0169448852539062
-0.0660781860351563 -0.094818115234375 -0.0519332885742188 -0.0755767822265625
0.0699844360351563 0.0108985900878906 0.078155517578125 0.0800323486328125
0.076751708984375 -0.0464935302734375 0.0637474060058594 0.0206375122070312
0.00336456298828126 -0.0783538818359375 -0.00829124450683594 -0.0273265838623047
-0.0496292114257812 -0.0472564697265625 -0.0611610412597656 0.00889205932617188
-0.0557022094726562 -0.00790405273437501 -0.0483512878417969 0.0575942993164063
-0.0535774230957031 0.0257759094238281 -0.01171875 0.102272033691406
-0.0321006774902344 0.0398674011230469 0.0365066528320313 0.110603332519531
-0.0336151123046875 0.02838134765625 0.0565109252929688 0.102142333984375
-0.04296875 0.0217666625976562 0.0449981689453125 0.0997390747070313
-0.0423088073730469 -0.000343322753906249 0.00778961181640626 0.0962448120117188
-0.0225067138671875 -0.0236110687255859 -0.014984130859375 0.0713119506835938
0.000732421875000001 -0.0294818878173828 -0.0221405029296875 0.0411415100097656
0.0328102111816406 -0.0108852386474609 -0.00328445434570312 0.043426513671875
0.0470504760742188 0.0294532775878906 0.0178451538085938 0.116203308105469
0.0256500244140625 0.0539588928222656 -0.071441650390625 0.177627563476563
0.0650634765625 -0.0553817749023438 0.0899505615234375 0.0798263549804688
0.05426025390625 -0.0975341796875 0.06964111328125 0.0222511291503906
-0.0276336669921875 -0.106224060058594 0.00664138793945312 -0.0190048217773438
-0.0893783569335938 -0.051177978515625 -0.0382881164550781 0.0103034973144531
-0.0869827270507812 0.0111312866210938 -0.0257453918457031 0.045379638671875
-0.066375732421875 0.0661125183105469 0.00298309326171875 0.0816268920898438
-0.0264511108398437 0.0802230834960938 0.0431442260742188 0.08551025390625
-0.0268440246582031 0.0658187866210938 0.0631942749023438 0.077423095703125
-0.0364303588867188 0.0657157897949219 0.0559921264648438 0.0788650512695313
-0.0488853454589844 0.0461959838867188 0.0253372192382813 0.0851364135742187
-0.0507659912109375 0.0110855102539063 0.005584716796875 0.0666389465332031
-0.0450172424316406 -0.0125961303710937 -0.00370025634765625 0.0497360229492188
-0.0147438049316406 -0.0348415374755859 0.0107994079589844 0.0650901794433594
0.0157260894775391 -0.0305747985839844 0.019989013671875 0.131828308105469
0.0130786895751953 -0.0184974670410156 -0.067352294921875 0.189361572265625
0.0476226806640625 -0.115196228027344 0.100051879882813 0.063262939453125
0.0218124389648437 -0.136619567871094 0.0709381103515625 0.0154800415039062
-0.0587844848632812 -0.119194030761719 0.0178451538085937 -0.00974082946777344
-0.118247985839844 -0.046356201171875 -0.0117387771606445 0.0132312774658203
-0.105812072753906 0.028900146484375 0.00120544433593749 0.028778076171875
-0.0697174072265625 0.0968170166015625 0.0189285278320312 0.0509109497070313
-0.0166702270507813 0.108734130859375 0.0439910888671875 0.0475654602050781
-0.0170364379882813 0.0937728881835938 0.0593032836914063 0.0415420532226563
-0.0246963500976563 0.100814819335938 0.0575332641601562 0.0458717346191406
-0.0493316650390625 0.0876998901367188 0.0390625 0.0598831176757813
-0.074127197265625 0.0452804565429688 0.0260772705078125 0.0504798889160156
-0.0864639282226563 0.00627899169921877 0.01812744140625 0.0514907836914062
-0.0619735717773438 -0.0559730529785156 0.025665283203125 0.0800628662109375
-0.0181503295898437 -0.0877838134765625 0.0178375244140625 0.1334228515625
-0.00289916992187499 -0.0887527465820313 -0.06353759765625 0.176742553710938
0.0196533203125 -0.160003662109375 0.103462219238281 0.031280517578125
-0.0204315185546875 -0.158432006835938 0.0641860961914062 0.00263977050781249
-0.090087890625 -0.113319396972656 0.0256557464599609 -0.000276565551757819
-0.134368896484375 -0.0300827026367187 0.0155649185180664 0.0144901275634766
-0.108345031738281 0.0470352172851563 0.0290737152099609 0.00903892517089844
-0.0610198974609375 0.114707946777344 0.0333175659179687 0.0128669738769531
-0.00317382812499999 0.121696472167969 0.0393486022949219 0.00313568115234376
-0.00457000732421875 0.108558654785156 0.046600341796875 -0.00179672241210937
-0.00925445556640626 0.121192932128906 0.0495872497558594 0.00392150878906251
-0.0420455932617188 0.115409851074219 0.0471725463867188 0.0222663879394531
-0.0863494873046875 0.0731964111328125 0.0441856384277344 0.0227622985839844
-0.114616394042969 0.0256195068359375 0.0410270690917969 0.0421981811523438
-0.099945068359375 -0.0677337646484375 0.040435791015625 0.083892822265625
-0.049102783203125 -0.129249572753906 0.0118331909179687 0.118606567382812
-0.020050048828125 -0.143539428710937 -0.058502197265625 0.141738891601563
-0.0130462646484375 -0.183868408203125 0.0968093872070312 -0.0103073120117188
-0.063568115234375 -0.159759521484375 0.0481986999511719 -0.0142135620117188
-0.113571166992188 -0.0904006958007813 0.0278377532958984 0.00699043273925781
-0.133308410644531 -0.00308990478515624 0.0397453308105469 0.0116462707519531
-0.0942840576171875 0.062347412109375 0.0494422912597656 -0.014190673828125
-0.0403289794921875 0.118019104003906 0.0410232543945313 -0.0266609191894531
0.01251220703125 0.116050720214844 0.0266036987304688 -0.0404548645019531
0.00860595703125001 0.106246948242187 0.0255546569824219 -0.0440826416015625
0.00582122802734376 0.121864318847656 0.0336875915527344 -0.039398193359375
-0.0286483764648438 0.121971130371094 0.0477409362792969 -0.0210113525390625
-0.0816421508789063 0.0862655639648437 0.0567970275878906 -0.0114250183105469
-0.119918823242188 0.0395736694335937 0.0589866638183594 0.0245399475097656
-0.11798095703125 -0.0656509399414063 0.0506134033203125 0.07562255859375
-0.0712127685546875 -0.145187377929688 0.00109863281249999 0.0892333984375
-0.037384033203125 -0.171524047851563 -0.0545578002929688 0.0903091430664062
-0.04052734375 -0.18255615234375 0.0818557739257813 -0.0577926635742188
-0.0924835205078125 -0.141998291015625 0.0256576538085937 -0.0345954895019531
-0.121185302734375 -0.05877685546875 0.0239887237548828 0.00871086120605468
-0.115463256835938 0.0226058959960938 0.0539016723632812 0.0040740966796875
-0.0674324035644531 0.0698661804199219 0.0582847595214844 -0.0364913940429688
-0.0147933959960938 0.106002807617188 0.0368766784667969 -0.0609703063964844
0.0264816284179688 0.0939483642578125 0.008331298828125 -0.0774993896484375
0.0201492309570313 0.0877761840820312 0.00126647949218751 -0.0803375244140625
0.0185699462890625 0.101852416992188 0.0137252807617188 -0.0780487060546875
-0.00933074951171875 0.104393005371094 0.0434494018554688 -0.0614013671875
-0.0590744018554687 0.0810165405273438 0.0622062683105469 -0.0414352416992187
-0.0991287231445313 0.0464706420898437 0.0685844421386719 0.00677490234375
-0.11090087890625 -0.0462265014648438 0.0517654418945313 0.0594978332519531
-0.0808486938476563 -0.130485534667969 -0.0128173828125 0.0514450073242187
-0.05255126953125 -0.168197631835938 -0.0513343811035156 0.0314674377441406
-0.054473876953125 -0.154449462890625 0.0635528564453125 -0.104408264160156
-0.0971221923828125 -0.108734130859375 0.00370025634765625 -0.0564422607421875
-0.10760498046875 -0.0286102294921875 0.0153837203979492 0.00330829620361328
-0.0835800170898438 0.0380859375 0.0564842224121094 -0.00901031494140625
-0.0358200073242188 0.0656967163085938 0.0544929504394531 -0.0544319152832031
0.00915527343749999 0.0791244506835938 0.024078369140625 -0.085906982421875
0.0348739624023438 0.0593147277832031 -0.0138473510742187 -0.101295471191406
0.0277900695800781 0.0555305480957031 -0.0232162475585938 -0.103950500488281
0.0277366638183594 0.0651435852050781 -0.00534820556640624 -0.103439331054688
0.0125999450683594 0.0677833557128906 0.0360641479492188 -0.0894393920898438
-0.0238494873046875 0.0602531433105469 0.0614471435546875 -0.0604057312011719
-0.0573539733886719 0.0462760925292969 0.0699005126953125 -0.00629425048828125
-0.08355712890625 -0.014862060546875 0.0437240600585937 0.0417671203613281
-0.0795516967773437 -0.0890731811523438 -0.0284824371337891 0.0163936614990234
-0.0650100708007812 -0.13641357421875 -0.0507431030273438 -0.0229759216308594
-0.0565185546875 -0.103973388671875 0.0478973388671875 -0.144699096679688
-0.0789947509765625 -0.0632553100585937 -0.0117645263671875 -0.0793991088867188
-0.0748519897460938 -0.00295257568359374 0.00365924835205078 -0.00960350036621094
-0.0440864562988281 0.0398445129394531 0.0478897094726563 -0.0246696472167969
-0.00423049926757812 0.047821044921875 0.0394363403320312 -0.0679130554199219
0.0276069641113281 0.0414390563964844 0.0052337646484375 -0.0994796752929688
0.0367774963378906 0.0168876647949219 -0.035247802734375 -0.110641479492188
0.0308628082275391 0.0154151916503906 -0.0443954467773438 -0.110733032226563
0.0328483581542969 0.0166740417480469 -0.021636962890625 -0.111618041992188
0.0354461669921875 0.0219306945800781 0.02728271484375 -0.101104736328125
0.0175189971923828 0.0341758728027344 0.0543289184570313 -0.0657424926757813
-0.00614166259765625 0.0450935363769531 0.0628662109375 -0.011474609375
-0.0486412048339844 0.0243988037109375 0.0292510986328125 0.0275764465332031
-0.074432373046875 -0.0317611694335937 -0.042877197265625 -0.0104522705078125
-0.0739288330078125 -0.0843582153320313 -0.05328369140625 -0.0635185241699219
0.0768890380859375 0.006988525390625 0.0779037475585937 0.0707244873046875
0.0773696899414063 -0.05535888671875 0.0624542236328125 0.0140533447265625
-0.001739501953125 -0.0823822021484375 -0.009552001953125 -0.0287799835205078
-0.0560302734375 -0.0466880798339844 -0.0605735778808594 0.00881576538085937
-0.0601577758789063 -0.00458145141601563 -0.047088623046875 0.0561447143554687
-0.0543861389160156 0.0324134826660156 -0.0113525390625 0.0994491577148438
-0.0323410034179687 0.0460166931152344 0.0354232788085937 0.106788635253906
-0.0339412689208984 0.0341739654541016 0.0571517944335937 0.0970077514648438
-0.0450210571289063 0.0286102294921875 0.0458908081054688 0.0949783325195313
-0.0466384887695312 0.00341033935546876 0.0100784301757812 0.0928878784179688
-0.0275115966796875 -0.0248908996582031 -0.01202392578125 0.0707550048828125
-0.00279426574707031 -0.0347442626953125 -0.0199356079101562 0.0433731079101563
0.03662109375 -0.0168266296386719 -0.00533294677734375 0.0455360412597656
0.0562744140625 0.025421142578125 0.0129165649414063 0.113471984863281
0.0360832214355469 0.0536117553710938 -0.074981689453125 0.17236328125
0.0710678100585938 -0.0553436279296875 0.0919418334960938 0.0698318481445313
0.0566482543945313 -0.103652954101563 0.0694999694824219 0.0146980285644531
-0.0305557250976562 -0.109832763671875 0.00674057006835937 -0.0217418670654297
-0.0942840576171875 -0.05133056640625 -0.037353515625 0.00895309448242188
-0.0899658203125 0.0131759643554688 -0.024200439453125 0.0421218872070312
-0.06695556640625 0.0709152221679687 0.00294494628906249 0.077484130859375
-0.0263290405273437 0.0841522216796875 0.042022705078125 0.0794677734375
-0.0273818969726563 0.0697288513183594 0.0615921020507813 0.070587158203125
-0.0373764038085938 0.070465087890625 0.0564346313476563 0.0720062255859375
-0.0523948669433594 0.0485305786132813 0.02862548828125 0.080169677734375
-0.0547523498535156 0.00858688354492186 0.00954437255859374 0.0648384094238281
-0.0457077026367187 -0.017974853515625 0.000312805175781251 0.0512046813964844
-0.00923156738281249 -0.0390853881835937 0.0107231140136719 0.0672187805175781
0.0246658325195313 -0.0319328308105469 0.0181961059570313 0.130226135253906
0.0220813751220703 -0.0155925750732422 -0.068145751953125 0.18499755859375
0.0531234741210938 -0.111579895019531 0.1053466796875 0.0534286499023437
0.0249099731445313 -0.138267517089844 0.0727691650390625 0.00746917724609374
-0.0589599609375 -0.121894836425781 0.0186138153076172 -0.0132808685302734
-0.120285034179688 -0.0472946166992187 -0.00956153869628907 0.00999832153320312
-0.10736083984375 0.0290679931640625 0.00342941284179687 0.0243396759033203
-0.070648193359375 0.0982818603515625 0.0188941955566406 0.0453414916992188
-0.016143798828125 0.109886169433594 0.0427818298339844 0.0404815673828125
-0.017364501953125 0.0955047607421875 0.0573348999023437 0.03363037109375
-0.0252151489257813 0.102622985839844 0.0576324462890625 0.037750244140625
-0.0505752563476562 0.087799072265625 0.0427703857421875 0.0532646179199219
-0.0754623413085938 0.0435256958007813 0.03143310546875 0.0478324890136719
-0.08514404296875 0.00250244140625 0.0234756469726562 0.0517578125
-0.0561943054199219 -0.0581626892089844 0.0277786254882813 0.0820693969726563
-0.0107879638671875 -0.0862884521484375 0.0180511474609375 0.132705688476563
0.00410461425781251 -0.0830459594726563 -0.0615234375 0.175704956054688
0.0228118896484375 -0.152969360351562 0.111129760742188 0.0237655639648437
-0.0167083740234375 -0.155181884765625 0.0678329467773438 -0.00464248657226563
-0.0871734619140625 -0.113197326660156 0.0272350311279297 -0.00470542907714844
-0.132408142089844 -0.0301437377929687 0.018218994140625 0.0105476379394531
-0.107589721679687 0.0450820922851563 0.0308055877685547 0.00360488891601563
-0.0608444213867188 0.113395690917969 0.0327396392822266 0.00640869140625001
-0.002838134765625 0.119155883789063 0.0370903015136719 -0.00291442871093749
-0.00424194335937501 0.106727600097656 0.0446510314941406 -0.00859451293945312
-0.00897979736328125 0.120223999023438 0.0498886108398438 -0.00365829467773437
-0.0414962768554688 0.113128662109375 0.0504531860351563 0.0155105590820313
-0.0843505859375 0.0704498291015625 0.0496711730957031 0.019287109375
-0.111557006835938 0.022979736328125 0.0466995239257812 0.041778564453125
-0.0940704345703125 -0.0682830810546875 0.044189453125 0.084716796875
-0.0436630249023438 -0.125480651855469 0.0149688720703125 0.118309020996094
-0.015106201171875 -0.1351318359375 -0.05523681640625 0.142959594726562
-0.01275634765625 -0.175247192382812 0.105941772460938 -0.0149383544921875
-0.060638427734375 -0.15325927734375 0.053924560546875 -0.0192298889160156
-0.109336853027344 -0.0876388549804688 0.0302963256835937 0.00297164916992187
-0.128547668457031 -0.00300598144531252 0.0416946411132812 0.00775146484375
-0.0912399291992188 0.0594635009765625 0.0512123107910156 -0.0183906555175781
-0.0391464233398438 0.112998962402344 0.0403022766113281 -0.0325469970703125
0.0119552612304687 0.110877990722656 0.025360107421875 -0.0462265014648437
0.00938415527343751 0.102821350097656 0.0242691040039063 -0.0501594543457031
0.00711059570312501 0.118453979492188 0.0331993103027344 -0.0458717346191406
-0.0255584716796875 0.117591857910156 0.0499839782714844 -0.0270767211914062
-0.0774154663085938 0.0840835571289063 0.0607643127441406 -0.0142745971679687
-0.115135192871094 0.0385360717773438 0.0636825561523437 0.0239753723144531
-0.112297058105469 -0.063079833984375 0.0543060302734375 0.0745391845703125
-0.06805419921875 -0.139869689941406 0.00588226318359374 0.0894088745117187
-0.035980224609375 -0.161758422851563 -0.0495758056640625 0.09356689453125
-0.043304443359375 -0.17279052734375 0.0916748046875 -0.058990478515625
-0.0923080444335938 -0.132453918457031 0.0326385498046875 -0.0358924865722656
-0.116462707519531 -0.053436279296875 0.0273590087890625 0.00502967834472656
-0.109367370605469 0.0237655639648438 0.055694580078125 0.00101852416992188
-0.0626373291015625 0.0668182373046875 0.059844970703125 -0.0393943786621094
-0.0121078491210937 0.0992431640625 0.0368576049804688 -0.0656661987304688
0.0262451171875 0.0865478515625 0.00734710693359375 -0.0805130004882813
0.0209884643554688 0.0821304321289062 -0.00022125244140625 -0.0834503173828125
0.0197372436523438 0.0949859619140625 0.01287841796875 -0.0816421508789063
-0.00592041015625 0.0984573364257813 0.044769287109375 -0.0658454895019531
-0.0541610717773438 0.0771560668945312 0.0645256042480469 -0.044586181640625
-0.0918960571289062 0.0459442138671875 0.0724945068359375 0.00537109375
-0.105178833007813 -0.0428237915039062 0.0555992126464844 0.0574417114257812
-0.079864501953125 -0.122726440429688 -0.00828170776367188 0.0531044006347656
-0.0550537109375 -0.156646728515625 -0.0471839904785156 0.0369911193847656
-0.0610198974609375 -0.147476196289062 0.0730133056640625 -0.102180480957031
-0.0997390747070312 -0.099639892578125 0.0111770629882812 -0.0555191040039063
-0.105178833007812 -0.0212631225585938 0.0187053680419922 -0.000175476074218751
-0.0778045654296875 0.0416412353515625 0.0569953918457031 -0.0110282897949219
-0.0296745300292969 0.0636825561523438 0.0542030334472656 -0.056182861328125
0.0132675170898438 0.0722427368164063 0.0233993530273438 -0.0882339477539063
0.0359344482421875 0.0506439208984375 -0.0147323608398437 -0.101913452148437
0.0283355712890625 0.04901123046875 -0.0244140625 -0.103988647460937
0.028076171875 0.0563430786132813 -0.00648498535156249 -0.10394287109375
0.0158920288085938 0.0600357055664063 0.0365676879882813 -0.0918502807617188
-0.0184211730957031 0.0563735961914063 0.0627174377441406 -0.0622100830078125
-0.0493621826171875 0.0464553833007812 0.0719223022460938 -0.00710296630859375
-0.0773239135742188 -0.0100631713867187 0.0473556518554687 0.0408172607421875
-0.080657958984375 -0.0801849365234375 -0.0243415832519531 0.0191879272460938
-0.06939697265625 -0.125473022460938 -0.0476799011230469 -0.014678955078125
-0.0648651123046875 -0.100433349609375 0.0555191040039063 -0.140556335449219
-0.084320068359375 -0.0561065673828125 -0.00478363037109376 -0.0767440795898438
-0.075836181640625 0.00443267822265624 0.00682544708251953 -0.0130500793457031
-0.0395584106445313 0.0451622009277344 0.0472526550292969 -0.0264701843261719
0.00188446044921875 0.0473175048828125 0.0380401611328125 -0.067138671875
0.0320396423339844 0.0353775024414063 0.00434112548828125 -0.098785400390625
0.037353515625 0.00866317749023438 -0.0354080200195312 -0.107444763183594
0.0313301086425781 0.00930213928222656 -0.0440292358398438 -0.107887268066406
0.0334606170654297 0.00924491882324219 -0.0219955444335938 -0.109428405761719
0.0375251770019531 0.0140037536621094 0.0273056030273437 -0.100570678710937
0.0231456756591797 0.029815673828125 0.0547676086425781 -0.0656852722167969
0.00145339965820312 0.0449333190917969 0.0634689331054688 -0.0112876892089844
-0.0436325073242188 0.0294532775878906 0.0315799713134766 0.0272254943847656
-0.076263427734375 -0.0221099853515625 -0.0396194458007813 -0.00464630126953124
-0.0804214477539062 -0.075164794921875 -0.052520751953125 -0.0533294677734375
0.0841827392578125 0.00150299072265625 0.0769805908203125 0.06134033203125
0.0777664184570313 -0.0661163330078125 0.0598487854003906 0.00727462768554687
-0.0094451904296875 -0.0876541137695312 -0.0114345550537109 -0.0309047698974609
-0.0646018981933594 -0.0452461242675781 -0.0617752075195313 0.00872421264648437
-0.0649642944335938 0.000850677490234379 -0.0482444763183594 0.0557861328125
-0.0557174682617187 0.0410346984863281 -0.01202392578125 0.099395751953125
-0.0306243896484375 0.052734375 0.0354080200195313 0.105316162109375
-0.0331344604492188 0.0412254333496094 0.05645751953125 0.0944366455078125
-0.0455322265625 0.0370750427246094 0.046295166015625 0.0917434692382813
-0.0521278381347656 0.00951004028320311 0.0118255615234375 0.091339111328125
-0.0353851318359375 -0.0254631042480469 -0.00968170166015625 0.0706863403320313
-0.00741195678710937 -0.0395126342773438 -0.0176239013671875 0.0459823608398438
0.0398025512695312 -0.0250244140625 -0.00665283203125 0.04998779296875
0.0662345886230469 0.0185317993164063 0.00937652587890626 0.115135192871094
0.0465812683105469 0.0520362854003906 -0.080352783203125 0.172607421875
0.0785293579101563 -0.06011962890625 0.0938034057617188 0.0589752197265625
0.0583648681640625 -0.113105773925781 0.0686721801757813 0.00688934326171874
-0.0364990234375 -0.115463256835937 0.00509452819824219 -0.0255317687988281
-0.101554870605469 -0.0500411987304687 -0.0374565124511719 0.0071258544921875
-0.094757080078125 0.0169830322265625 -0.024627685546875 0.0390815734863281
-0.0684738159179687 0.077880859375 0.00181579589843749 0.074737548828125
-0.0246124267578125 0.0900192260742187 0.04022216796875 0.0759429931640625
-0.0271759033203125 0.0754165649414063 0.0600624084472656 0.0653724670410156
-0.038360595703125 0.0770950317382813 0.056060791015625 0.0664482116699219
-0.0561485290527344 0.0526008605957031 0.0310897827148437 0.0757980346679688
-0.0605430603027344 0.00807571411132812 0.0142707824707031 0.0631828308105469
-0.0488319396972656 -0.0220909118652344 0.00455856323242187 0.0536422729492188
-0.0052642822265625 -0.0465736389160156 0.0113754272460938 0.0714035034179687
0.0347518920898438 -0.0367431640625 0.016357421875 0.132240295410156
0.032989501953125 -0.0155391693115234 -0.0706329345703125 0.186599731445313
0.0600433349609375 -0.112091064453125 0.109390258789063 0.0423202514648437
0.0279541015625 -0.144790649414063 0.0728607177734375 -0.000694274902343759
-0.0617523193359375 -0.126533508300781 0.0190544128417969 -0.0178146362304688
-0.125198364257812 -0.0470809936523438 -0.0090169906616211 0.00666332244873046
-0.111488342285156 0.0315093994140625 0.00380134582519531 0.0187473297119141
-0.0717620849609375 0.103378295898438 0.0176124572753906 0.0399131774902344
-0.015960693359375 0.113235473632812 0.0400619506835938 0.0355072021484375
-0.0169525146484375 0.0989227294921875 0.05523681640625 0.0267753601074219
-0.0250015258789062 0.107170104980469 0.0568046569824219 0.0308494567871094
-0.053070068359375 0.0902252197265625 0.0454597473144531 0.0472488403320313
-0.0796051025390625 0.04254150390625 0.0367469787597656 0.0444679260253906
-0.0872573852539063 -0.000732421875000002 0.0298690795898437 0.0521354675292969
-0.0521202087402344 -0.0640296936035156 0.03131103515625 0.0852127075195313
-0.00229644775390625 -0.0895538330078125 0.0198287963867187 0.134925842285156
0.0129470825195312 -0.0809402465820313 -0.061187744140625 0.177642822265625
0.0282440185546875 -0.15069580078125 0.11834716796875 0.0135879516601562
-0.0137786865234375 -0.1578369140625 0.070556640625 -0.0128936767578125
-0.0872955322265625 -0.116279602050781 0.0280590057373047 -0.0101337432861328
-0.134689331054688 -0.0310287475585938 0.02008056640625 0.00639152526855468
-0.109275817871094 0.0452804565429688 0.0319156646728516 -0.00248527526855468
-0.0620956420898438 0.114738464355469 0.0316696166992187 -0.00015068054199218
-0.00318908691406251 0.119720458984375 0.034210205078125 -0.0102272033691406
-0.00357818603515624 0.108299255371094 0.0413093566894531 -0.0165176391601562
-0.00891113281249999 0.121376037597656 0.0479507446289062 -0.011688232421875
-0.0417556762695312 0.113304138183594 0.0527687072753906 0.00767898559570313
-0.0860824584960937 0.0695648193359375 0.0548973083496094 0.0144996643066406
-0.112159729003906 0.0209197998046875 0.0535964965820313 0.0405693054199219
-0.09051513671875 -0.0718841552734375 0.0489654541015625 0.0861129760742188
-0.0383453369140625 -0.127220153808594 0.0183563232421875 0.120338439941406
-0.00914001464843751 -0.131813049316406 -0.0518798828125 0.146392822265625
-0.0105133056640625 -0.169876098632813 0.1158447265625 -0.0238494873046875
-0.0580596923828125 -0.149856567382813 0.0585441589355469 -0.0264129638671875
-0.106887817382813 -0.0879898071289063 0.0325431823730469 -0.00313568115234376
-0.126907348632813 -0.00371551513671875 0.0443382263183594 0.00360870361328125
-0.090972900390625 0.0581436157226562 0.0530052185058594 -0.025482177734375
-0.0396804809570313 0.111404418945313 0.0385627746582031 -0.0396347045898437
0.01129150390625 0.108039855957031 0.0220832824707031 -0.0527839660644531
0.00941467285156249 0.100906372070313 0.0208969116210937 -0.0563888549804688
0.00672149658203125 0.11553955078125 0.0309486389160156 -0.0530586242675781
-0.0252838134765625 0.114845275878906 0.0519142150878906 -0.0349884033203125
-0.07659912109375 0.0818405151367187 0.0651435852050781 -0.0203094482421875
-0.112823486328125 0.0381393432617187 0.070953369140625 0.020782470703125
-0.10906982421875 -0.0632705688476562 0.0607223510742187 0.0742263793945313
-0.0658721923828125 -0.137825012207031 0.0104904174804688 0.0908432006835937
-0.03350830078125 -0.156005859375 -0.0445938110351562 0.097412109375
-0.045196533203125 -0.166946411132813 0.102996826171875 -0.0642013549804688
-0.0914840698242187 -0.126136779785156 0.039825439453125 -0.0410881042480469
-0.113479614257813 -0.050384521484375 0.0299854278564453 -0.000297546386718753
-0.10479736328125 0.0249862670898437 0.0583572387695312 -0.00362014770507812
-0.0595474243164062 0.0644989013671875 0.06146240234375 -0.0446014404296875
-0.0109100341796875 0.0946502685546875 0.0361328125 -0.0715866088867188
0.0251235961914062 0.0813140869140625 0.00362396240234375 -0.0855636596679688
0.0204315185546875 0.0778884887695313 -0.00360107421874999 -0.0880584716796875
0.0197677612304687 0.0904922485351562 0.010894775390625 -0.0871429443359375
-0.00441741943359375 0.0923995971679688 0.045684814453125 -0.0727920532226563
-0.051025390625 0.0742416381835937 0.0679550170898438 -0.0504875183105469
-0.0875091552734375 0.0449676513671875 0.078033447265625 0.00150299072265625
-0.10052490234375 -0.0404281616210938 0.0607147216796875 0.0557327270507813
-0.0797576904296875 -0.116935729980469 -0.00279998779296876 0.0539627075195312
-0.0551300048828125 -0.149505615234375 -0.0416793823242188 0.0427093505859375
-0.0674285888671875 -0.1416015625 0.0837478637695312 -0.105079650878906
-0.102691650390625 -0.0909652709960938 0.0188560485839844 -0.0577163696289063
-0.103164672851563 -0.0150070190429687 0.0217056274414062 -0.00427436828613281
-0.0720672607421875 0.0450286865234375 0.058685302734375 -0.0152626037597656
-0.0245170593261719 0.0613861083984375 0.0553436279296875 -0.0597686767578125
0.0161476135253906 0.0658302307128906 0.0225830078125 -0.0915908813476563
0.034271240234375 0.0434989929199219 -0.0163421630859375 -0.103538513183594
0.0278663635253906 0.0434074401855469 -0.0273056030273438 -0.105476379394531
0.0281143188476562 0.0506629943847656 -0.0087890625 -0.107246398925781
0.0173835754394531 0.0524139404296875 0.0364532470703125 -0.096527099609375
-0.0132827758789062 0.0516471862792969 0.0639305114746094 -0.0661849975585938
-0.0426979064941406 0.0449142456054687 0.0755615234375 -0.0102310180664062
-0.0724639892578125 -0.00528717041015626 0.0508003234863281 0.0385360717773438
-0.0816497802734375 -0.0709152221679687 -0.0194530487060547 0.0223064422607422
-0.0731430053710938 -0.115425109863281 -0.0433807373046875 -0.00707244873046876
-0.07415771484375 -0.096160888671875 0.0642852783203125 -0.140579223632813
-0.0904388427734375 -0.048553466796875 0.00235748291015624 -0.07867431640625
-0.0764312744140625 0.01220703125 0.00867652893066406 -0.0168666839599609
-0.0342330932617188 0.0501594543457031 0.0467872619628906 -0.0292205810546875
0.00858688354492187 0.0468826293945313 0.0372276306152344 -0.0687026977539063
0.036102294921875 0.028839111328125 0.00292205810546874 -0.0994186401367188
0.0370826721191406 0.00151443481445313 -0.0360946655273438 -0.106880187988281
0.0308971405029297 0.00239372253417969 -0.0457382202148437 -0.107025146484375
0.0324630737304688 0.00192070007324219 -0.0230789184570313 -0.110076904296875
0.0390090942382813 0.0052032470703125 0.0271377563476562 -0.102195739746094
0.0288028717041016 0.0244884490966797 0.0555000305175781 -0.0673637390136719
0.00964736938476563 0.0431594848632813 0.0661087036132813 -0.012725830078125
-0.0377159118652344 0.0351333618164063 0.0338935852050781 0.0263805389404297
-0.0776596069335937 -0.0115737915039063 -0.0357551574707031 -0.000617980957031253
-0.0861663818359375 -0.0647048950195313 -0.0499382019042969 -0.0435409545898438
0.0909576416015625 -0.00887298583984375 0.0749588012695313 0.0509796142578125
0.0736007690429688 -0.0796585083007813 0.0566596984863281 0.000915527343749995
-0.0194473266601562 -0.091400146484375 -0.0157051086425781 -0.0321178436279297
-0.0732269287109375 -0.0405426025390625 -0.0639915466308594 0.00976943969726562
-0.0691032409667969 0.00805664062500001 -0.0488090515136719 0.0568618774414063
-0.0536460876464844 0.0514717102050781 -0.011138916015625 0.100898742675781
-0.02532958984375 0.0617637634277344 0.0368881225585938 0.10406494140625
-0.029541015625 0.0488433837890625 0.057403564453125 0.0914306640625
-0.043365478515625 0.0476303100585938 0.0473709106445313 0.0893020629882813
-0.0550041198730469 0.018463134765625 0.01446533203125 0.0897216796875
-0.0443992614746094 -0.0227241516113281 -0.00577545166015625 0.0701942443847656
-0.0149269104003906 -0.0442466735839844 -0.0150985717773438 0.047882080078125
0.0401039123535156 -0.0349998474121094 -0.00641632080078125 0.054473876953125
0.0755844116210938 0.00753021240234375 0.00786590576171877 0.118980407714844
0.0589599609375 0.0469970703125 -0.0844573974609375 0.177566528320312
0.085418701171875 -0.0679397583007813 0.09375 0.0464096069335937
0.0551834106445313 -0.125480651855469 0.0663070678710938 -0.00190734863281251
-0.0451812744140625 -0.119529724121094 0.00197982788085938 -0.0286388397216797
-0.110420227050781 -0.0455856323242187 -0.0380210876464844 0.00653457641601562
-0.0991592407226563 0.0242919921875 -0.0252723693847656 0.0372200012207031
-0.0667190551757812 0.0879592895507813 0.00142669677734375 0.0736465454101563
-0.0206146240234375 0.0973358154296875 0.0387725830078125 0.072601318359375
-0.0247344970703125 0.0820541381835938 0.0589828491210938 0.0604972839355469
-0.0365447998046875 0.0856246948242188 0.0562210083007812 0.0608673095703125
-0.0593147277832031 0.059844970703125 0.033966064453125 0.0703659057617187
-0.0679054260253906 0.00997161865234375 0.0194358825683594 0.0602684020996094
-0.0545921325683594 -0.02557373046875 0.0107803344726562 0.0535469055175781
-0.003662109375 -0.0553970336914063 0.0150604248046875 0.0753173828125
0.0422706604003906 -0.0459976196289063 0.0179519653320313 0.134613037109375
0.0437698364257812 -0.0188331604003906 -0.0706787109375 0.19061279296875
0.0658035278320313 -0.117881774902344 0.112617492675781 0.0282516479492187
0.026519775390625 -0.15380859375 0.0712432861328125 -0.0110015869140625
-0.0679855346679688 -0.130661010742187 0.0171852111816406 -0.0221672058105469
-0.13287353515625 -0.0449981689453125 -0.00891685485839845 0.00321197509765625
-0.115333557128906 0.0368728637695312 0.00297069549560546 0.0142889022827148
-0.0709762573242188 0.111602783203125 0.0157852172851562 0.0349845886230469
-0.012939453125 0.119003295898438 0.0360183715820312 0.0299797058105469
-0.0142593383789063 0.104080200195313 0.0517539978027344 0.0199851989746094
-0.0230255126953125 0.113502502441406 0.0547065734863281 0.022491455078125
-0.0544509887695313 0.0956497192382813 0.0476226806640625 0.0385589599609375
-0.0843887329101563 0.0437088012695312 0.04193115234375 0.0396575927734375
-0.0906753540039063 -0.0032501220703125 0.03704833984375 0.050811767578125
-0.0515899658203125 -0.0703887939453125 0.03729248046875 0.087646484375
0.00312042236328125 -0.0961380004882813 0.0249404907226563 0.137840270996094
0.0215911865234375 -0.0832672119140625 -0.05731201171875 0.182052612304688
0.0315399169921875 -0.151931762695312 0.123970031738281 -0.00125122070312501
-0.0134735107421875 -0.161972045898438 0.07073974609375 -0.0236129760742188
-0.0911788940429687 -0.11956787109375 0.0277175903320312 -0.0162620544433594
-0.137794494628906 -0.0302352905273437 0.0206756591796875 0.0010528564453125
-0.11309814453125 0.0477981567382813 0.0315361022949219 -0.0100078582763672
-0.0613021850585938 0.119415283203125 0.0288677215576172 -0.00673675537109374
-0.00140380859375001 0.121559143066406 0.0292568206787109 -0.0165596008300781
-0.00229644775390626 0.111488342285156 0.0357780456542969 -0.0238304138183594
-0.00663757324218751 0.124496459960938 0.0438766479492188 -0.0205345153808594
-0.0413894653320312 0.116119384765625 0.0541725158691406 -0.00231933593749999
-0.0876541137695312 0.0707473754882813 0.0595474243164063 0.0073699951171875
-0.113479614257813 0.0198822021484375 0.0623092651367188 0.0367813110351563
-0.0896148681640625 -0.07562255859375 0.0573959350585937 0.086578369140625
-0.0352096557617188 -0.130538940429688 0.024810791015625 0.121749877929688
-0.00425720214843751 -0.130867004394531 -0.045257568359375 0.150436401367188
-0.00979614257812498 -0.166778564453125 0.12396240234375 -0.0368881225585938
-0.057647705078125 -0.149337768554688 0.0618057250976562 -0.0368194580078125
-0.106300354003906 -0.0890426635742187 0.0329227447509766 -0.0106315612792969
-0.126693725585938 -0.00315093994140623 0.0464134216308594 -0.0023651123046875
-0.091888427734375 0.0581512451171875 0.05218505859375 -0.03289794921875
-0.039031982421875 0.11151123046875 0.0351638793945313 -0.0475311279296875
0.0108566284179687 0.107109069824219 0.0164642333984375 -0.0590400695800781
0.00968933105468749 0.100265502929687 0.0141830444335938 -0.0633430480957031
0.00830078124999999 0.115303039550781 0.0262908935546875 -0.0611686706542969
-0.0238800048828125 0.113975524902344 0.0522308349609375 -0.0450630187988281
-0.0749435424804688 0.0821685791015625 0.0685386657714844 -0.0287551879882812
-0.111503601074219 0.0382461547851562 0.0777816772460938 0.0154953002929688
-0.107086181640625 -0.0638198852539063 0.0680923461914062 0.072174072265625
-0.0661773681640625 -0.13671875 0.0179443359375 0.0913619995117187
-0.031982421875 -0.15240478515625 -0.0377960205078125 0.101699829101562
-0.0481109619140625 -0.160186767578125 0.111030578613281 -0.075225830078125
-0.0917205810546875 -0.118820190429688 0.0456962585449219 -0.0489425659179688
-0.111381530761719 -0.0462570190429688 0.0321216583251953 -0.00616836547851563
-0.100982666015625 0.0266876220703125 0.0606040954589844 -0.0102157592773437
-0.0562896728515625 0.0625534057617188 0.06103515625 -0.0522956848144531
-0.01055908203125 0.0909347534179688 0.0319290161132813 -0.0795516967773438
0.0234527587890625 0.0766220092773438 -0.0010986328125 -0.0901947021484375
0.0205917358398437 0.0746307373046875 -0.0104598999023438 -0.092926025390625
0.0196075439453125 0.0868148803710937 0.00482940673828125 -0.0937652587890625
-0.003326416015625 0.0880889892578125 0.0426864624023438 -0.0820465087890625
-0.0481414794921875 0.0707931518554688 0.0687179565429688 -0.0585212707519531
-0.0826416015625 0.0446701049804688 0.0828399658203125 -0.00406646728515625
-0.0972900390625 -0.0391921997070312 0.0681610107421875 0.0520706176757813
-0.0802001953125 -0.110855102539063 0.0044097900390625 0.0542106628417969
-0.055908203125 -0.1422119140625 -0.0339126586914062 0.0479354858398438
-0.0739898681640625 -0.133781433105469 0.093505859375 -0.112586975097656
-0.104827880859375 -0.0808486938476562 0.0253067016601562 -0.0645027160644531
-0.100471496582031 -0.00708770751953125 0.0242652893066406 -0.0101089477539063
-0.0645904541015625 0.0477867126464844 0.0594596862792969 -0.0197715759277344
-0.0184364318847656 0.0588722229003906 0.0542411804199219 -0.0640830993652344
0.016876220703125 0.05914306640625 0.0201873779296875 -0.0971221923828125
0.0326118469238281 0.0366020202636719 -0.0211105346679688 -0.10699462890625
0.0269088745117188 0.0379524230957031 -0.0320892333984375 -0.107887268066406
0.0266838073730469 0.04376220703125 -0.0130996704101563 -0.110824584960938
0.0177383422851562 0.0451698303222656 0.0341796875 -0.104499816894531
-0.00900650024414063 0.0459976196289063 0.0653228759765625 -0.0728607177734375
-0.0363807678222656 0.0425949096679688 0.0793609619140625 -0.0151443481445312
-0.0662345886230469 -0.00148391723632814 0.0559272766113281 0.0357666015625
-0.080474853515625 -0.0613861083984375 -0.0137767791748047 0.0232105255126953
-0.0759963989257813 -0.104278564453125 -0.0363349914550781 -0.000583648681640632
-0.0838775634765625 -0.0886993408203125 0.07183837890625 -0.146148681640625
-0.095550537109375 -0.0373992919921875 0.00782012939453124 -0.0829620361328125
-0.0743865966796875 0.02142333984375 0.00952720642089843 -0.0215797424316406
-0.0263710021972656 0.0550498962402344 0.0465774536132813 -0.0327529907226563
0.0152511596679688 0.0440864562988281 0.0353546142578125 -0.0718231201171875
0.0386161804199219 0.0208358764648437 0.000396728515625013 -0.101676940917969
0.0343513488769531 -0.00756072998046875 -0.0396652221679688 -0.105972290039062
0.0285530090332031 -0.00380134582519531 -0.0491485595703125 -0.106681823730469
0.0288066864013672 -0.00619316101074219 -0.0258636474609375 -0.111907958984375
0.0369415283203125 -0.00473403930664062 0.0260391235351563 -0.106613159179688
0.0328884124755859 0.0166416168212891 0.0559463500976563 -0.0716094970703125
0.01788330078125 0.0393638610839844 0.0685768127441406 -0.0159568786621094
-0.0295333862304688 0.0400199890136719 0.0372085571289063 0.02484130859375
-0.0767135620117188 0.000114440917968739 -0.0310993194580078 0.00318145751953125
-0.0909576416015625 -0.0518875122070312 -0.0449943542480469 -0.0342140197753906
0.0941009521484375 -0.020904541015625 0.0693206787109375 0.0401954650878906
0.0637435913085938 -0.0912551879882813 0.0504570007324219 -0.00586700439453125
-0.0303878784179688 -0.090911865234375 -0.0180702209472656 -0.0329933166503906
-0.08050537109375 -0.0320816040039062 -0.0652885437011719 0.0127296447753906
-0.0702552795410156 0.01885986328125 -0.04718017578125 0.05877685546875
-0.0477523803710937 0.0606040954589844 -0.00753021240234376 0.101470947265625
-0.0183753967285156 0.0675239562988281 0.0385208129882812 0.102439880371094
-0.0241622924804687 0.05419921875 0.05865478515625 0.0873641967773438
-0.03704833984375 0.0561599731445312 0.048583984375 0.0831298828125
-0.0555648803710937 0.028778076171875 0.0165176391601562 0.0849990844726563
-0.0508842468261719 -0.0179252624511719 -0.00172042846679688 0.07000732421875
-0.0242996215820312 -0.0455970764160156 -0.009552001953125 0.04864501953125
0.037261962890625 -0.0464401245117187 -0.00340270996093749 0.0589485168457031
0.078704833984375 -0.006622314453125 0.00801086425781249 0.121803283691406
0.0694313049316406 0.0360107421875 -0.08245849609375 0.182754516601563
0.0885467529296875 -0.0779876708984375 0.090667724609375 0.0340118408203125
0.0459365844726562 -0.136581420898438 0.0586013793945312 -0.00880813598632813
-0.0565872192382813 -0.1197509765625 -0.00202178955078125 -0.0312442779541016
-0.117385864257812 -0.0372238159179687 -0.0389823913574219 0.00623321533203125
-0.0996475219726562 0.0338058471679688 -0.0254268646240234 0.0349578857421875
-0.060943603515625 0.0957717895507812 0.00167846679687499 0.0720291137695313
-0.0131988525390625 0.102615356445313 0.0358619689941406 0.0693588256835937
-0.017669677734375 0.0874252319335938 0.0558509826660156 0.0550270080566406
-0.0294342041015625 0.0941162109375 0.0528984069824219 0.0559501647949219
-0.057891845703125 0.0684013366699219 0.0352706909179687 0.0636634826660156
-0.0725860595703125 0.0154190063476562 0.0230140686035156 0.0556297302246094
-0.0608634948730469 -0.0266227722167969 0.0185089111328125 0.0496406555175781
-0.00597000122070312 -0.0650749206542969 0.0203857421875 0.0772552490234375
0.0473480224609375 -0.0582199096679688 0.020599365234375 0.136276245117188
0.05328369140625 -0.0269737243652344 -0.064910888671875 0.1947021484375
0.0694198608398438 -0.125 0.108024597167969 0.0121688842773437
0.02008056640625 -0.162841796875 0.0659904479980469 -0.0198249816894531
-0.0763778686523438 -0.132034301757813 0.0142459869384766 -0.0275249481201172
-0.138015747070312 -0.0381851196289063 -0.0110816955566406 0.000553131103515625
-0.11749267578125 0.04364013671875 0.00148677825927734 0.00829029083251953
-0.0659103393554687 0.11749267578125 0.0128822326660156 0.0307140350341797
-0.00786590576171874 0.122138977050781 0.0311279296875 0.0241584777832031
-0.00943756103515624 0.106575012207031 0.0453910827636719 0.0147018432617188
-0.0183563232421875 0.119117736816406 0.050933837890625 0.0154953002929688
-0.0513534545898438 0.10205078125 0.0473136901855469 0.0299835205078125
-0.08746337890625 0.0470657348632813 0.0445671081542969 0.0311660766601563
-0.0941543579101563 -0.00243377685546875 0.0433464050292969 0.0460166931152344
-0.0528335571289063 -0.076171875 0.0440902709960937 0.0862808227539063
0.00490570068359374 -0.105392456054687 0.0307159423828125 0.136985778808594
0.0285110473632813 -0.0860519409179687 -0.0493927001953125 0.183609008789063
0.0336456298828125 -0.1531982421875 0.1226806640625 -0.0197525024414063
-0.016632080078125 -0.166046142578125 0.0664443969726563 -0.034637451171875
-0.0946044921875 -0.121711730957031 0.0242290496826172 -0.0220947265625
-0.139816284179687 -0.026275634765625 0.0198497772216797 -0.00499916076660156
-0.113555908203125 0.0528793334960938 0.0287742614746094 -0.0170555114746094
-0.0576019287109375 0.12359619140625 0.0231914520263672 -0.0129375457763672
0.00215911865234376 0.122726440429688 0.0207366943359375 -0.0201530456542969
0.00151824951171874 0.111976623535156 0.0279273986816406 -0.0286216735839844
-0.00318145751953124 0.126319885253906 0.0373497009277344 -0.02838134765625
-0.0388946533203125 0.117050170898438 0.05029296875 -0.0120811462402344
-0.0888519287109375 0.07305908203125 0.0623779296875 -0.00304031372070312
-0.113052368164063 0.0224685668945312 0.0670814514160156 0.0288009643554687
-0.089111328125 -0.0779953002929687 0.0658798217773438 0.0825347900390625
-0.03497314453125 -0.132591247558594 0.0320510864257813 0.120651245117187
0.000335693359375002 -0.129638671875 -0.0346527099609375 0.1522216796875
-0.009307861328125 -0.162109375 0.126678466796875 -0.054443359375
-0.0575714111328125 -0.14495849609375 0.0601348876953125 -0.0476112365722656
-0.106246948242188 -0.08868408203125 0.0325965881347656 -0.0174388885498047
-0.126579284667969 -0.002044677734375 0.0443038940429688 -0.00954437255859375
-0.0912704467773438 0.0577392578125 0.0490264892578125 -0.0429496765136719
-0.0371780395507813 0.111709594726563 0.0288848876953125 -0.0551605224609375
0.011688232421875 0.106422424316406 0.00779724121093751 -0.0612945556640625
0.0118865966796875 0.099761962890625 0.00439834594726562 -0.0679130554199219
0.00997161865234375 0.112533569335938 0.0170707702636719 -0.0665321350097656
-0.0224380493164063 0.111587524414063 0.0451507568359375 -0.0538063049316406
-0.0726165771484375 0.080078125 0.067230224609375 -0.0378646850585938
-0.108497619628906 0.0369949340820312 0.0819778442382812 0.00640106201171875
-0.107398986816406 -0.0631637573242187 0.0753402709960938 0.0659637451171875
-0.0633468627929687 -0.134727478027344 0.025390625 0.0876617431640625
-0.029296875 -0.147491455078125 -0.025390625 0.103874206542969
-0.04986572265625 -0.152603149414063 0.116241455078125 -0.089691162109375
-0.0900650024414062 -0.110237121582031 0.0462684631347656 -0.0596580505371094
-0.108375549316406 -0.0417327880859375 0.0307445526123047 -0.0138111114501953
-0.094390869140625 0.0266342163085938 0.0589599609375 -0.0167198181152344
-0.0538253784179688 0.06005859375 0.0559654235839844 -0.0609703063964844
-0.0100326538085938 0.0846710205078125 0.0242996215820312 -0.0839004516601563
0.02197265625 0.0737762451171875 -0.00824737548828125 -0.0928497314453125
0.0179557800292969 0.0702056884765625 -0.01910400390625 -0.09423828125
0.0197982788085938 0.0819320678710938 -0.00295257568359375 -0.0983047485351563
-0.00345611572265624 0.08349609375 0.0373077392578125 -0.0909042358398437
-0.0446701049804687 0.0683631896972656 0.0655441284179688 -0.0659637451171875
-0.0778121948242188 0.0417404174804688 0.0835342407226562 -0.01348876953125
-0.0927276611328125 -0.0365676879882813 0.0744171142578125 0.0461807250976562
-0.0788803100585938 -0.104194641113281 0.0117874145507812 0.0524940490722656
-0.0565948486328125 -0.132003784179688 -0.0248451232910156 0.0499076843261719
-0.0798187255859375 -0.122055053710938 0.0955429077148438 -0.122894287109375
-0.104728698730469 -0.0682220458984375 0.0279541015625 -0.0728836059570313
-0.0946884155273438 0.000610351562499982 0.0237083435058594 -0.0160541534423828
-0.0559959411621094 0.0476951599121094 0.0589027404785156 -0.0278396606445313
-0.0130615234375 0.0543060302734375 0.0507736206054688 -0.0723419189453125
0.0163192749023437 0.0512504577636719 0.0127105712890625 -0.10321044921875
0.0261344909667969 0.0305709838867188 -0.0268783569335938 -0.107147216796875
0.021453857421875 0.03302001953125 -0.0386886596679688 -0.105072021484375
0.0225067138671875 0.0372314453125 -0.0187759399414062 -0.1143798828125
0.0146903991699219 0.0366439819335938 0.0295944213867188 -0.110076904296875
-0.006866455078125 0.0372161865234375 0.0610733032226563 -0.078033447265625
-0.0295181274414062 0.0373420715332031 0.0789413452148438 -0.0225143432617187
-0.0593376159667969 0.00135803222656251 0.0593376159667969 0.030303955078125
-0.0776443481445313 -0.0513153076171875 -0.00751304626464844 0.0220909118652344
-0.07598876953125 -0.0934906005859375 -0.0291633605957031 0.00404167175292969
-0.0934524536132813 -0.0761566162109375 0.0753936767578125 -0.152145385742187
-0.09722900390625 -0.0232925415039063 0.0102005004882812 -0.0894927978515625
-0.0708694458007813 0.0312042236328125 0.00928306579589843 -0.0271472930908203
-0.0164833068847656 0.0545082092285156 0.0439567565917969 -0.0377388000488281
0.0216941833496094 0.0398521423339844 0.0310897827148438 -0.0746536254882813
0.0392723083496094 0.0123443603515625 -0.00462341308593749 -0.101821899414063
0.0284500122070313 -0.0140666961669922 -0.0429153442382812 -0.105270385742188
0.0238590240478516 -0.00902748107910156 -0.0531768798828125 -0.104263305664063
0.0237903594970703 -0.0120067596435547 -0.0295181274414063 -0.110282897949219
0.0337543487548828 -0.0139274597167969 0.0218429565429688 -0.110939025878906
0.0353546142578125 0.00647354125976562 0.053924560546875 -0.07464599609375
0.0251731872558594 0.0323657989501953 0.069091796875 -0.0206260681152344
-0.0201454162597656 0.0433387756347656 0.0416488647460938 0.0210456848144531
-0.0699424743652344 0.0120964050292969 -0.0233039855957031 0.00416183471679688
-0.0918502807617188 -0.0378570556640625 -0.0376319885253906 -0.0263824462890625
0.0900650024414063 -0.03265380859375 0.05926513671875 0.0323295593261719
0.052734375 -0.0977020263671875 0.0414581298828125 -0.00881195068359376
-0.0409774780273438 -0.0859909057617188 -0.0228061676025391 -0.0303001403808594
-0.0836944580078125 -0.0220184326171875 -0.0639266967773437 0.0153579711914062
-0.0677528381347656 0.0260734558105469 -0.0455894470214844 0.0580215454101563
-0.0392341613769531 0.0662040710449219 -0.00514984130859375 0.100357055664063
-0.0099945068359375 0.068817138671875 0.0385818481445313 0.099609375
-0.0164794921875 0.0577659606933594 0.0567169189453125 0.0831375122070313
-0.0289154052734375 0.0611839294433594 0.046478271484375 0.080413818359375
-0.0522880554199219 0.0353584289550781 0.016387939453125 0.0815200805664063
-0.055206298828125 -0.0103187561035156 0.00177764892578125 0.0652732849121094
-0.0312995910644531 -0.0422286987304687 -0.0058441162109375 0.0475349426269531
0.0302658081054687 -0.0529899597167969 -0.000576019287109378 0.0615348815917969
0.077850341796875 -0.019775390625 0.00988006591796876 0.122802734375
0.0733718872070312 0.0247268676757812 -0.0808563232421875 0.183090209960937
0.087188720703125 -0.0869979858398438 0.0789108276367188 0.021728515625
0.0363311767578125 -0.141281127929688 0.0507850646972656 -0.01434326171875
-0.0650253295898438 -0.115921020507813 -0.00582313537597657 -0.0308742523193359
-0.119178771972656 -0.029022216796875 -0.0406684875488281 0.00608062744140624
-0.09771728515625 0.0411453247070313 -0.0272560119628906 0.0328559875488281
-0.0524215698242188 0.101585388183594 0.000904083251953116 0.06890869140625
-0.00581359863281251 0.102592468261719 0.0336494445800781 0.0662040710449219
-0.0112533569335937 0.0896835327148437 0.0513420104980469 0.0512733459472656
-0.0222702026367187 0.0977249145507813 0.0485115051269531 0.0494194030761719
-0.0547103881835938 0.0739288330078125 0.0321578979492188 0.0565338134765625
-0.076202392578125 0.0205841064453125 0.0254669189453125 0.0484504699707031
-0.0661201477050781 -0.0247764587402344 0.0209999084472656 0.0471839904785156
-0.01031494140625 -0.0711288452148438 0.0253677368164063 0.0764007568359375
0.0471992492675781 -0.0687446594238281 0.02532958984375 0.134872436523438
0.0586090087890625 -0.0346450805664063 -0.060516357421875 0.192642211914063
0.0687484741210938 -0.129623413085938 0.0997085571289063 -0.00124359130859376
0.0132293701171875 -0.165863037109375 0.0571403503417969 -0.0269126892089844
-0.0827407836914062 -0.128982543945313 0.00902366638183593 -0.0290412902832031
-0.139434814453125 -0.0314559936523438 -0.0130481719970703 -0.00198936462402344
-0.115402221679688 0.0497970581054687 -0.00284385681152345 0.00482892990112305
-0.0583267211914063 0.121536254882813 0.00895500183105468 0.028778076171875
-0.00190734863281251 0.1217041015625 0.0247726440429688 0.0235061645507813
-0.00424194335937501 0.1087646484375 0.0374526977539063 0.0101242065429688
-0.0122909545898438 0.119483947753906 0.0426712036132813 0.0103111267089844
-0.04925537109375 0.104354858398437 0.0423049926757813 0.0222969055175781
-0.088653564453125 0.0511245727539062 0.0455894470214844 0.022308349609375
-0.0972366333007812 -0.00189971923828126 0.0477561950683594 0.0386123657226563
-0.0545806884765625 -0.080596923828125 0.0503997802734375 0.0832443237304688
0.0066680908203125 -0.110923767089844 0.0351181030273438 0.133399963378906
0.0345230102539062 -0.0912399291992188 -0.0419921875 0.1810302734375
0.0361175537109375 -0.153793334960938 0.115257263183594 -0.0331039428710938
-0.0189666748046875 -0.165634155273438 0.0597457885742188 -0.0430488586425781
-0.0968246459960938 -0.118339538574219 0.0197315216064453 -0.0267524719238281
-0.141632080078125 -0.02288818359375 0.0159244537353516 -0.00940895080566407
-0.112380981445313 0.0555953979492187 0.0230064392089844 -0.0221672058105469
-0.053192138671875 0.12451171875 0.0171175003051758 -0.0157136917114258
0.00470733642578125 0.121658325195312 0.0125942230224609 -0.0229015350341797
0.00312042236328125 0.111030578613281 0.0178508758544922 -0.0305919647216797
0.000122070312499987 0.125137329101563 0.0281238555908203 -0.0311489105224609
-0.0366058349609375 0.117591857910156 0.0442047119140625 -0.0194854736328125
-0.0875167846679688 0.0739669799804688 0.0590934753417969 -0.0117073059082031
-0.113067626953125 0.0206298828125 0.0699195861816406 0.0196304321289062
-0.0893096923828125 -0.079376220703125 0.0707015991210938 0.0754241943359375
-0.033416748046875 -0.135551452636719 0.0386505126953125 0.113853454589844
0.00469970703125 -0.129440307617188 -0.02642822265625 0.147003173828125
-0.00598144531249999 -0.15765380859375 0.120277404785156 -0.068084716796875
-0.05474853515625 -0.142349243164063 0.0552330017089844 -0.0569648742675781
-0.103172302246094 -0.0860824584960938 0.0270919799804687 -0.0226268768310547
-0.122886657714844 -0.00196075439453127 0.0413017272949219 -0.0161514282226563
-0.0890579223632812 0.0576095581054688 0.0435714721679687 -0.0467567443847656
-0.0359268188476562 0.109649658203125 0.0204391479492188 -0.0566825866699219
0.0105972290039062 0.103179931640625 -0.00178909301757812 -0.0640068054199219
0.010955810546875 0.0966644287109375 -0.00362014770507812 -0.0671119689941406
0.0102386474609375 0.110397338867188 0.00921249389648438 -0.0687408447265625
-0.0207443237304687 0.109222412109375 0.0381126403808594 -0.0612640380859375
-0.0719070434570313 0.0773696899414063 0.0636444091796875 -0.046722412109375
-0.10528564453125 0.0354690551757812 0.0817031860351562 -0.002777099609375
-0.101554870605469 -0.0646209716796875 0.0791854858398438 0.0576934814453125
-0.0616302490234375 -0.131996154785156 0.0317153930664062 0.082489013671875
-0.0243682861328125 -0.141098022460938 -0.0167312622070313 0.0990447998046875
-0.0485076904296875 -0.14141845703125 0.113998413085938 -0.102264404296875
-0.084503173828125 -0.103202819824219 0.0438804626464844 -0.0684127807617188
-0.10052490234375 -0.0394515991210938 0.0281238555908203 -0.0204029083251953
-0.0886611938476563 0.0229721069335938 0.0555267333984375 -0.0230445861816406
-0.0522956848144531 0.0546188354492188 0.0512046813964844 -0.0652961730957031
-0.010955810546875 0.0811691284179688 0.01812744140625 -0.0867385864257812
0.0170516967773438 0.0699119567871094 -0.0168685913085937 -0.0922775268554688
0.0163078308105469 0.0682182312011719 -0.0264663696289063 -0.0934066772460938
0.0166397094726563 0.0784912109375 -0.010040283203125 -0.0968856811523438
-0.00531768798828124 0.0772018432617188 0.028656005859375 -0.0936050415039062
-0.0443534851074219 0.0617828369140625 0.0612869262695313 -0.0729293823242188
-0.0724945068359375 0.0386581420898437 0.0835647583007813 -0.0208587646484375
-0.086273193359375 -0.035858154296875 0.0745315551757813 0.0375900268554688
-0.0727691650390625 -0.0990524291992188 0.0163764953613281 0.046112060546875
-0.0507888793945313 -0.122543334960938 -0.0138816833496094 0.0485191345214844
-0.07763671875 -0.109321594238281 0.0968017578125 -0.131767272949219
-0.0974578857421875 -0.0575714111328125 0.0289306640625 -0.0793075561523438
-0.0859298706054687 0.00318145751953126 0.0212001800537109 -0.0224323272705078
-0.0478935241699219 0.0449104309082031 0.0558357238769531 -0.0317344665527344
-0.010711669921875 0.0467262268066406 0.0460739135742188 -0.0728912353515625
0.0148124694824219 0.0440292358398438 0.00801086425781251 -0.100570678710938
0.0208377838134766 0.0259761810302734 -0.0319900512695313 -0.104736328125
0.0189495086669922 0.0299930572509766 -0.0442123413085937 -0.104469299316406
0.0170612335205078 0.0343589782714844 -0.0250167846679688 -0.11090087890625
0.0100021362304687 0.0311622619628906 0.0215225219726563 -0.110527038574219
-0.00763130187988281 0.0308494567871094 0.0560302734375 -0.0820465087890625
-0.0244598388671875 0.0309066772460938 0.0781173706054688 -0.0282363891601562
-0.0496063232421875 -0.000541687011718752 0.0604705810546875 0.0233840942382812
-0.0698165893554688 -0.0433692932128906 -0.00128936767578126 0.019256591796875
-0.0701828002929688 -0.08013916015625 -0.0170469284057617 0.00592517852783203
-0.0925140380859375 -0.063262939453125 0.07568359375 -0.158294677734375
-0.0920944213867188 -0.0120925903320313 0.011444091796875 -0.093994140625
-0.0621719360351563 0.03680419921875 0.00673484802246094 -0.0307064056396484
-0.00815200805664062 0.0531692504882812 0.0409164428710938 -0.0394783020019531
0.0250053405761719 0.0316963195800781 0.0277099609375 -0.0731048583984375
0.0349521636962891 0.00295257568359375 -0.00812530517578125 -0.099700927734375
0.0210857391357422 -0.0181980133056641 -0.0444488525390625 -0.100776672363281
0.0179901123046875 -0.0132560729980469 -0.0552520751953125 -0.100730895996094
0.0163717269897461 -0.0158357620239258 -0.0318222045898437 -0.109664916992188
0.0248641967773437 -0.0205955505371094 0.0173416137695312 -0.110664367675781
0.0329990386962891 -0.00352287292480469 0.0504989624023438 -0.076629638671875
0.0283050537109375 0.0233688354492188 0.0680809020996094 -0.0243415832519531
-0.00989532470703125 0.0410079956054688 0.0410575866699219 0.0177650451660156
-0.0608177185058594 0.0201911926269531 -0.0177516937255859 0.00371551513671875
-0.08514404296875 -0.0236129760742187 -0.0260353088378906 -0.0213279724121094
0.0864181518554688 -0.0403213500976562 0.04742431640625 0.0291099548339844
0.0417098999023438 -0.0993728637695312 0.034149169921875 -0.0079326629638672
-0.0464248657226562 -0.0808868408203125 -0.0239467620849609 -0.0283622741699219
-0.0823440551757813 -0.0141830444335938 -0.0629653930664063 0.0160140991210937
-0.0639495849609375 0.0312080383300781 -0.0457763671875 0.0567283630371094
-0.0311775207519531 0.0678977966308594 -0.00543212890625001 0.0982818603515625
-0.00388336181640626 0.0684700012207031 0.0359878540039063 0.098114013671875
-0.0110549926757813 0.0586280822753906 0.0527420043945313 0.0809707641601563
-0.0217170715332031 0.0640983581542969 0.042205810546875 0.078399658203125
-0.0483665466308594 0.0414619445800781 0.0135345458984375 0.0780258178710938
-0.0571212768554688 -0.00382995605468751 0.00101852416992187 0.0610504150390625
-0.0354804992675781 -0.0399208068847656 -0.00381088256835938 0.0449752807617188
0.0238494873046875 -0.0574226379394531 0.00121307373046875 0.0626220703125
0.073577880859375 -0.0296249389648438 0.00867462158203125 0.123016357421875
0.0739898681640625 0.015350341796875 -0.0833282470703125 0.181121826171875
0.0852203369140625 -0.0928955078125 0.067047119140625 0.0158576965332031
0.028594970703125 -0.142593383789063 0.0417213439941406 -0.0154380798339844
-0.069183349609375 -0.111862182617188 -0.00877571105957032 -0.0303306579589844
-0.118194580078125 -0.0224838256835938 -0.040985107421875 0.00558090209960937
-0.0944747924804688 0.044830322265625 -0.0290203094482422 0.0307826995849609
-0.044921875 0.102767944335938 -0.00128936767578125 0.0669212341308594
-0.0008392333984375 0.102325439453125 0.0285797119140625 0.0659904479980469
-0.00720977783203124 0.0894546508789063 0.0448646545410156 0.0501251220703125
-0.01702880859375 0.098724365234375 0.0423851013183594 0.0474853515625
-0.0516738891601563 0.0775909423828125 0.0275726318359375 0.0526390075683594
-0.078155517578125 0.0239791870117187 0.0236015319824219 0.0424156188964844
-0.0698394775390625 -0.0243644714355469 0.0227279663085937 0.042755126953125
-0.01409912109375 -0.0761489868164063 0.027618408203125 0.0750885009765625
0.0455551147460937 -0.0770645141601563 0.0254135131835938 0.133079528808594
0.0624656677246094 -0.0418548583984375 -0.061279296875 0.188125610351563
0.0710830688476562 -0.132354736328125 0.0880584716796875 -0.00899505615234376
0.00982666015625001 -0.166015625 0.0480575561523438 -0.029937744140625
-0.0844802856445313 -0.127143859863281 0.00462722778320312 -0.0301570892333984
-0.138740539550781 -0.028076171875 -0.015345573425293 -0.0034027099609375
-0.11279296875 0.0518951416015625 -0.00701475143432618 0.00252246856689453
-0.0538711547851563 0.1217041015625 0.00441932678222656 0.0267124176025391
0.000976562500000001 0.120414733886719 0.0176162719726563 0.0239124298095703
-0.00233459472656251 0.107681274414063 0.0298309326171875 0.0112495422363281
-0.0089111328125 0.120262145996094 0.0351829528808594 0.00930404663085938
-0.0474472045898438 0.104682922363281 0.0361289978027344 0.0173912048339844
-0.0894546508789063 0.052276611328125 0.0429611206054687 0.015960693359375
-0.0986328125 -0.00328063964843749 0.0488243103027344 0.0329437255859375
-0.0549240112304688 -0.0861968994140625 0.0529403686523438 0.0788421630859375
0.00830841064453126 -0.117225646972656 0.0363616943359375 0.129707336425781
0.0404052734375 -0.0948333740234375 -0.0404205322265625 0.174728393554688
0.0412139892578125 -0.152816772460938 0.104721069335937 -0.0417709350585938
-0.0168304443359375 -0.165603637695312 0.0510673522949219 -0.046905517578125
-0.0951156616210937 -0.119438171386719 0.0150432586669922 -0.0283317565917969
-0.139762878417969 -0.022613525390625 0.0123176574707031 -0.0114316940307617
-0.11163330078125 0.0545730590820313 0.0173454284667969 -0.0250186920166016
-0.052001953125 0.123390197753906 0.0107965469360352 -0.0168972015380859
0.00339508056640626 0.121101379394531 0.00510215759277343 -0.0216312408447266
0.00298309326171874 0.109931945800781 0.00993728637695312 -0.0292015075683594
0.000465393066406255 0.123893737792969 0.020416259765625 -0.0316066741943359
-0.0371932983398437 0.116592407226563 0.0371017456054688 -0.0234642028808594
-0.0890121459960938 0.0718307495117188 0.0547256469726562 -0.0176048278808594
-0.113075256347656 0.01800537109375 0.0685348510742188 0.0134010314941406
-0.0873565673828125 -0.0836257934570312 0.071807861328125 0.0692825317382813
-0.0293426513671875 -0.138633728027344 0.0397491455078125 0.108070373535156
0.0124435424804688 -0.130538940429687 -0.022796630859375 0.141082763671875
0.00120544433593751 -0.1536865234375 0.113365173339844 -0.0764389038085938
-0.048583984375 -0.141372680664063 0.0495681762695313 -0.0624885559082031
-0.0985870361328125 -0.0880661010742188 0.0227584838867187 -0.0258235931396484
-0.120506286621094 -0.00536346435546878 0.0372581481933594 -0.0188865661621094
-0.0902328491210938 0.0540008544921875 0.0371017456054687 -0.0497550964355469
-0.0377120971679688 0.106857299804688 0.0146293640136719 -0.0568580627441406
0.00704193115234375 0.101394653320312 -0.00849914550781251 -0.0619697570800781
0.00841522216796875 0.0948867797851563 -0.0113029479980469 -0.0647010803222656
0.0074920654296875 0.108566284179688 0.00199127197265625 -0.0689010620117187
-0.0236434936523438 0.105758666992188 0.0314140319824219 -0.0634651184082031
-0.07330322265625 0.0745086669921875 0.0587577819824219 -0.0512771606445313
-0.103660583496094 0.0310821533203125 0.0798492431640625 -0.00875091552734375
-0.0968704223632812 -0.0670852661132813 0.079071044921875 0.0511703491210938
-0.055755615234375 -0.132896423339844 0.0334548950195313 0.0754852294921875
-0.0163497924804688 -0.138557434082031 -0.0112075805664062 0.0932388305664062
-0.0395278930664063 -0.134346008300781 0.109405517578125 -0.109016418457031
-0.0752410888671875 -0.100112915039063 0.041656494140625 -0.0744781494140625
-0.0932083129882813 -0.0426025390625 0.0246849060058594 -0.0243053436279297
-0.0844650268554687 0.0179901123046875 0.051849365234375 -0.0267601013183594
-0.0529136657714844 0.0493621826171875 0.0459556579589844 -0.066558837890625
-0.01544189453125 0.076812744140625 0.0125656127929688 -0.085968017578125
0.01123046875 0.0676155090332031 -0.0216293334960937 -0.0902099609375
0.0117759704589844 0.0659637451171875 -0.0311050415039062 -0.0894546508789063
0.0108108520507813 0.0763702392578125 -0.0153045654296875 -0.0958633422851563
-0.0105438232421875 0.0734481811523438 0.0232162475585938 -0.0945053100585937
-0.0459175109863281 0.0555610656738281 0.0565261840820312 -0.07501220703125
-0.0709075927734375 0.0312042236328125 0.08038330078125 -0.0255966186523437
-0.0789566040039063 -0.0394058227539062 0.0729904174804688 0.0316085815429688
-0.064422607421875 -0.0967025756835938 0.0187644958496094 0.0404930114746094
-0.0407791137695313 -0.116493225097656 -0.00643539428710937 0.0440139770507812
-0.0711288452148438 -0.0999908447265625 0.0974197387695313 -0.137466430664063
-0.0883560180664063 -0.052734375 0.028961181640625 -0.0852432250976563
-0.0774917602539063 0.00267791748046875 0.0185203552246094 -0.0259323120117188
-0.0423622131347656 0.0380134582519531 0.0524787902832031 -0.0336189270019531
-0.0110282897949219 0.0396461486816406 0.0417709350585938 -0.073760986328125
0.00970840454101563 0.0389633178710938 0.00451660156249999 -0.0997467041015625
0.0138339996337891 0.0252170562744141 -0.0335235595703125 -0.102127075195312
0.0130729675292969 0.0279254913330078 -0.04559326171875 -0.1009521484375
0.0104484558105469 0.0320701599121094 -0.0273818969726563 -0.109504699707031
0.00278854370117187 0.0268669128417969 0.0180282592773437 -0.110748291015625
-0.0107498168945313 0.0241527557373047 0.052947998046875 -0.0835800170898437
-0.022705078125 0.0232925415039063 0.0757293701171875 -0.0306549072265625
-0.0422477722167969 -0.00358581542968749 0.0589599609375 0.0190887451171875
-0.0590553283691406 -0.0410232543945313 0.0019693374633789 0.0147848129272461
-0.0606002807617187 -0.0722122192382813 -0.00725555419921875 0.00450611114501953
-0.088714599609375 -0.0531158447265625 0.078155517578125 -0.161056518554688
-0.0840835571289062 -0.00569915771484375 0.0135116577148437 -0.0981979370117188
-0.0538711547851563 0.038177490234375 0.00378227233886718 -0.0329132080078125
-0.00136566162109375 0.0489082336425781 0.0375747680664062 -0.0395927429199219
0.0258197784423828 0.02496337890625 0.0255661010742188 -0.0711746215820313
0.0305423736572266 -0.00181198120117188 -0.00904083251953125 -0.096954345703125
0.0142726898193359 -0.0200366973876953 -0.0435867309570312 -0.0993728637695313
0.0121536254882813 -0.0141229629516602 -0.0532760620117188 -0.0974655151367187
0.00883388519287109 -0.0165729522705078 -0.0317535400390625 -0.107826232910156
0.0173377990722656 -0.0235252380371094 0.0158538818359375 -0.109382629394531
0.0281658172607422 -0.00963211059570313 0.0487518310546875 -0.0763397216796875
0.0292701721191406 0.0153408050537109 0.0664710998535156 -0.0251388549804688
-0.00240325927734375 0.0362205505371094 0.0406608581542969 0.0147018432617188
-0.0507431030273437 0.0237960815429688 -0.0125360488891602 0.00179576873779297
-0.0765457153320313 -0.0154266357421875 -0.0146636962890625 -0.0204715728759766
0.0833358764648438 -0.0450820922851563 0.0364532470703125 0.0290565490722656
0.035430908203125 -0.099456787109375 0.0276813507080078 -0.00586891174316407
-0.0494003295898438 -0.0771636962890625 -0.0245532989501953 -0.0276775360107422
-0.0817337036132813 -0.009613037109375 -0.0627212524414062 0.0153427124023437
-0.061248779296875 0.0337791442871094 -0.0479621887207031 0.0553932189941406
-0.0257797241210938 0.0688743591308594 -0.0078125 0.0976638793945313
0.000396728515624994 0.0685882568359375 0.0328826904296875 0.0998153686523438
-0.00751113891601563 0.0589561462402344 0.04852294921875 0.0830154418945313
-0.0168952941894531 0.064666748046875 0.0379867553710938 0.0796432495117187
-0.04541015625 0.0448341369628906 0.00902557373046874 0.0776290893554688
-0.0581016540527344 0.000209808349609368 -0.000995635986328123 0.0587081909179688
-0.0389823913574219 -0.0378456115722656 -0.00370025634765626 0.0429954528808594
0.0189628601074219 -0.0600471496582031 0.00179672241210937 0.0642738342285156
0.0704421997070313 -0.0358734130859375 0.0054779052734375 0.125846862792969
0.07421875 0.00862884521484375 -0.0898284912109375 0.1805419921875
0.0863037109375 -0.0973052978515625 0.055328369140625 0.0148544311523437
0.0259246826171875 -0.143722534179688 0.0349521636962891 -0.0139083862304688
-0.0705795288085938 -0.110984802246094 -0.0104656219482422 -0.0299663543701172
-0.117630004882812 -0.0205154418945313 -0.0421562194824219 0.00431060791015625
-0.0937423706054687 0.0464096069335937 -0.032623291015625 0.0290336608886719
-0.0414276123046875 0.102760314941406 -0.00571060180664063 0.0662841796875
0.000946044921874993 0.102729797363281 0.0234146118164063 0.0684471130371094
-0.0054473876953125 0.0902252197265625 0.0387763977050781 0.0525398254394531
-0.0145797729492187 0.10003662109375 0.0369300842285156 0.0487785339355469
-0.0513229370117187 0.0797500610351563 0.0216941833496094 0.0510330200195313
-0.0809326171875 0.0263137817382813 0.0206146240234375 0.0398101806640625
-0.0732498168945313 -0.0253753662109375 0.0225296020507812 0.0394248962402344
-0.016204833984375 -0.0811996459960937 0.0281295776367187 0.0753326416015625
0.0459060668945313 -0.084442138671875 0.0225830078125 0.134521484375
0.0667877197265625 -0.048431396484375 -0.0669708251953125 0.185821533203125
0.0763626098632813 -0.136207580566406 0.0772171020507812 -0.0114059448242188
0.0110321044921875 -0.168624877929687 0.0413284301757813 -0.0293159484863281
-0.084136962890625 -0.129180908203125 0.00139045715332031 -0.0303897857666016
-0.138397216796875 -0.0287399291992187 -0.017308235168457 -0.00487041473388672
-0.113761901855469 0.0513763427734375 -0.0114202499389649 0.000691413879394534
-0.052825927734375 0.121429443359375 -0.000543594360351564 0.0265579223632813
0.000610351562499996 0.121871948242187 0.0120143890380859 0.0262203216552734
-0.00292205810546875 0.108474731445313 0.0233573913574219 0.0134544372558594
-0.0090484619140625 0.121444702148437 0.0286617279052734 0.0105133056640625
-0.0490264892578125 0.106857299804687 0.0299606323242187 0.0158157348632813
-0.0932388305664063 0.0525054931640625 0.0394172668457031 0.0126609802246094
-0.102348327636719 -0.00612640380859376 0.048004150390625 0.0285758972167969
-0.0557403564453125 -0.092681884765625 0.0534744262695312 0.0775680541992187
0.0110702514648437 -0.124916076660156 0.0350875854492188 0.128410339355469
0.048828125 -0.0998916625976563 -0.0443572998046875 0.17095947265625
0.0498809814453125 -0.155487060546875 0.097259521484375 -0.0450439453125
-0.0122833251953125 -0.169281005859375 0.0455207824707031 -0.0481491088867188
-0.0934677124023437 -0.124305725097656 0.0113391876220703 -0.0296058654785156
-0.140403747558594 -0.0262908935546875 0.0093250274658203 -0.0126771926879883
-0.114761352539063 0.0527725219726563 0.0124397277832031 -0.0266342163085937
-0.0542755126953125 0.122550964355469 0.00605010986328125 -0.0170269012451172
0.00115966796875 0.122314453125 -0.000555038452148435 -0.0190544128417969
6.10351562499924E-05 0.11102294921875 0.00450515747070312 -0.0263957977294922
-0.00230407714843751 0.125175476074219 0.0152873992919922 -0.0305042266845703
-0.0409393310546875 0.11663818359375 0.0314846038818359 -0.0249214172363281
-0.0930557250976563 0.0699539184570313 0.0519523620605469 -0.0211753845214844
-0.115631103515625 0.0130157470703125 0.06793212890625 0.00921630859375
-0.0858306884765625 -0.0909576416015625 0.0716018676757813 0.0673675537109375
-0.0240325927734375 -0.144912719726562 0.0387344360351563 0.105613708496094
0.0226669311523438 -0.1339111328125 -0.0242233276367187 0.135643005371094
0.011993408203125 -0.153793334960938 0.10919189453125 -0.0812149047851563
-0.0404052734375 -0.144866943359375 0.0451087951660156 -0.0653457641601563
-0.0945053100585938 -0.0942840576171875 0.0187854766845703 -0.0282077789306641
-0.120536804199219 -0.0117874145507812 0.0342025756835937 -0.0200481414794922
-0.0941238403320313 0.050018310546875 0.0333099365234375 -0.0509567260742188
-0.0421295166015625 0.1053466796875 0.0107841491699219 -0.0575180053710937
0.00186920166015625 0.103233337402344 -0.0123863220214844 -0.0598297119140625
0.00370025634765625 0.0963516235351563 -0.0150642395019531 -0.0625228881835938
0.00215911865234375 0.109451293945313 -0.00211334228515625 -0.0679740905761719
-0.0298690795898437 0.105209350585938 0.0267715454101563 -0.0643577575683594
-0.078399658203125 0.0703887939453125 0.0560226440429687 -0.0540504455566406
-0.105812072753906 0.0249404907226563 0.0777206420898438 -0.012237548828125
-0.0935440063476563 -0.074920654296875 0.0780105590820313 0.04766845703125
-0.0477066040039063 -0.13671875 0.0328826904296875 0.07098388671875
-0.00473785400390625 -0.140113830566406 -0.00930023193359376 0.0879745483398437
-0.0285720825195313 -0.132728576660156 0.110389709472656 -0.114158630371094
-0.0653839111328125 -0.102210998535156 0.0402145385742187 -0.07861328125
-0.0873947143554688 -0.0487289428710937 0.021728515625 -0.0265350341796875
-0.0836334228515625 0.0108489990234375 0.0492362976074219 -0.0278167724609375
-0.056915283203125 0.0442771911621094 0.043548583984375 -0.067230224609375
-0.0207748413085937 0.0748138427734375 0.0101776123046875 -0.0860061645507813
0.00544357299804687 0.0694007873535156 -0.0233688354492188 -0.0892105102539063
0.00617599487304688 0.0667877197265625 -0.0327529907226562 -0.08868408203125
0.00461578369140625 0.0774383544921875 -0.017364501953125 -0.095245361328125
-0.0172042846679688 0.0719528198242188 0.0202102661132813 -0.0949783325195313
-0.0509071350097656 0.0509147644042969 0.0551681518554688 -0.0771408081054688
-0.0723342895507813 0.0242385864257812 0.0793685913085938 -0.0275726318359375
-0.074249267578125 -0.0462799072265625 0.0719070434570313 0.029022216796875
-0.0557403564453125 -0.0995254516601563 0.0191802978515625 0.0366325378417969
-0.0291824340820313 -0.116104125976563 -0.0014190673828125 0.0394058227539062
-0.0622711181640625 -0.0962371826171875 0.1016845703125 -0.141891479492188
-0.0788726806640625 -0.0526123046875 0.0302200317382812 -0.0903167724609375
-0.07086181640625 -0.00142669677734376 0.0165348052978516 -0.0286941528320313
-0.0401687622070312 0.0310325622558594 0.0498771667480469 -0.0344314575195313
-0.0142498016357422 0.0340938568115234 0.040863037109375 -0.0735015869140625
0.003997802734375 0.0357856750488281 0.003631591796875 -0.099334716796875
0.00736808776855468 0.0261077880859375 -0.0328140258789062 -0.102523803710938
0.00732231140136719 0.0283470153808594 -0.0449142456054687 -0.100883483886719
0.00407218933105469 0.0323543548583984 -0.027008056640625 -0.109977722167969
-0.004608154296875 0.0249614715576172 0.0167388916015625 -0.11102294921875
-0.0159835815429687 0.0184154510498047 0.053131103515625 -0.0840225219726563
-0.0237197875976563 0.0161933898925781 0.0746307373046875 -0.0319976806640625
-0.036895751953125 -0.00957489013671876 0.0575942993164063 0.0172882080078125
-0.0502548217773438 -0.0420951843261719 0.00368499755859375 0.010711669921875
-0.050445556640625 -0.070220947265625 0.000866413116455075 0.000655829906463619
-0.0841522216796875 -0.0481643676757812 0.084808349609375 -0.163406372070313
-0.077239990234375 -0.00370788574218749 0.0159759521484375 -0.103233337402344
-0.0476150512695313 0.0375747680664062 0.00238037109375 -0.0351753234863281
0.001739501953125 0.0433883666992188 0.0365104675292969 -0.039581298828125
0.0248451232910156 0.0202102661132813 0.0267372131347656 -0.0691452026367188
0.0255184173583984 -0.00497627258300781 -0.00738525390625 -0.0962448120117187
0.00888633728027344 -0.0193195343017578 -0.039947509765625 -0.100112915039062
0.00758075714111328 -0.0142316818237305 -0.0499954223632813 -0.0988006591796875
0.00341796875 -0.0163640975952148 -0.0296478271484375 -0.108901977539063
0.0111408233642578 -0.0244503021240234 0.0173187255859375 -0.110420227050781
0.0232982635498047 -0.0146408081054688 0.0501937866210938 -0.076568603515625
0.0283203125 0.00914764404296875 0.0672683715820313 -0.0256080627441406
0.00220680236816406 0.0321540832519531 0.0410499572753906 0.0133018493652344
-0.0421600341796875 0.0237007141113281 -0.00882244110107422 -0.00164222717285156
-0.0679473876953125 -0.0121345520019531 -0.00405311584472657 -0.0222110748291016
0.0827865600585938 -0.0492172241210938 0.0268726348876953 0.0320587158203125
0.031585693359375 -0.101577758789062 0.0239105224609375 -0.00248908996582032
-0.05230712890625 -0.0762557983398438 -0.0254383087158203 -0.0274829864501953
-0.0825042724609375 -0.0064239501953125 -0.0648384094238281 0.0148468017578125
-0.060150146484375 0.0365333557128906 -0.0520782470703125 0.0563163757324219
-0.0219497680664062 0.0706024169921875 -0.01171875 0.100555419921875
0.00397109985351562 0.0697822570800781 0.0301132202148438 0.105171203613281
-0.00426483154296875 0.0604133605957031 0.0455474853515625 0.0878677368164063
-0.0126914978027344 0.0665969848632813 0.0347213745117188 0.0843505859375
-0.0437278747558594 0.0490188598632813 0.00461578369140625 0.080657958984375
-0.0597076416015625 0.00395202636718749 -0.00382614135742188 0.0584259033203125
-0.0426864624023438 -0.0371513366699219 -0.00386428833007813 0.0424613952636719
0.0152511596679688 -0.0635566711425781 0.00259017944335938 0.0677680969238281
0.0687522888183594 -0.0419654846191406 0.00262451171874999 0.13226318359375
0.07586669921875 0.0032501220703125 -0.100509643554688 0.185882568359375
0.089935302734375 -0.104148864746094 0.0456047058105469 0.0162734985351562
0.024139404296875 -0.148696899414062 0.0300540924072266 -0.0112495422363281
-0.073089599609375 -0.113296508789063 -0.0121421813964844 -0.029754638671875
-0.119850158691406 -0.0201263427734375 -0.0447616577148438 0.00362014770507813
-0.0957717895507813 0.0487518310546875 -0.0375289916992188 0.0288467407226563
-0.0407333374023438 0.104942321777344 -0.0100631713867187 0.0682716369628906
0.00215911865234374 0.106170654296875 0.019439697265625 0.073486328125
-0.0043792724609375 0.09381103515625 0.0350532531738281 0.0576133728027344
-0.013092041015625 0.104141235351562 0.0329399108886719 0.0528221130371094
-0.0518264770507813 0.0842056274414062 0.0168113708496094 0.0533256530761719
-0.085723876953125 0.0295562744140625 0.0178489685058594 0.0387535095214844
-0.0791702270507813 -0.0269699096679688 0.0221786499023437 0.0378036499023438
-0.0193405151367187 -0.0887908935546875 0.029266357421875 0.0784378051757813
0.04705810546875 -0.09332275390625 0.0196990966796875 0.13909912109375
0.0723800659179688 -0.0562362670898438 -0.0766448974609375 0.189559936523437
0.0833282470703125 -0.14398193359375 0.0697860717773438 -0.0118904113769531
0.0124053955078125 -0.176483154296875 0.0359230041503906 -0.0280532836914063
-0.08544921875 -0.135177612304688 -0.000890731811523443 -0.0307788848876953
-0.141632080078125 -0.0309295654296875 -0.0205078125 -0.00639152526855469
-0.1182861328125 0.0525054931640625 -0.0161418914794922 0.000459671020507817
-0.0545272827148438 0.124908447265625 -0.00484657287597656 0.0277233123779297
-0.000152587890624991 0.126846313476563 0.00757217407226563 0.0311031341552735
-0.00363922119140626 0.113433837890625 0.0191822052001953 0.0178089141845703
-0.00981903076171877 0.126579284667969 0.0243968963623047 0.0126419067382813
-0.0524139404296875 0.111068725585937 0.0244941711425781 0.0168418884277344
-0.100303649902344 0.054534912109375 0.0375556945800781 0.0105743408203125
-0.108871459960938 -0.00990295410156249 0.0480690002441406 0.0267295837402344
-0.0575790405273437 -0.102699279785156 0.054443359375 0.07916259765625
0.0142440795898438 -0.135650634765625 0.0333099365234375 0.131538391113281
0.057098388671875 -0.108924865722656 -0.0509033203125 0.172592163085938
0.0604705810546875 -0.163223266601563 0.0927047729492188 -0.0479202270507813
-0.00756835937499999 -0.178436279296875 0.0417251586914063 -0.0491981506347656
-0.093536376953125 -0.133377075195313 0.00879096984863281 -0.0304756164550781
-0.145187377929688 -0.031829833984375 0.00679969787597656 -0.0144519805908203
-0.120864868164063 0.0521163940429687 0.00846099853515624 -0.0278530120849609
-0.0579452514648437 0.125251770019531 0.00195884704589843 -0.01708984375
-0.00202178955078126 0.128334045410156 -0.00442981719970703 -0.0161762237548828
-0.002349853515625 0.116020202636719 9.53674316406457E-06 -0.0238971710205078
-0.00537872314453126 0.131065368652344 0.0112133026123047 -0.0301303863525391
-0.0458908081054687 0.120964050292969 0.0265998840332031 -0.0254116058349609
-0.101127624511719 0.0705490112304688 0.0507392883300781 -0.02398681640625
-0.122871398925781 0.00798034667968748 0.0682945251464843 0.0068511962890625
-0.0872268676757812 -0.101661682128906 0.0728225708007813 0.06707763671875
-0.0190582275390625 -0.156448364257813 0.0376815795898438 0.106544494628906
0.03350830078125 -0.14239501953125 -0.0277252197265625 0.1353759765625
0.0238037109375 -0.160598754882813 0.1083984375 -0.0854568481445313
-0.0335235595703125 -0.15423583984375 0.0432052612304688 -0.069244384765625
-0.0935897827148437 -0.104904174804688 0.0160598754882812 -0.0295085906982422
-0.125534057617188 -0.0189743041992188 0.0317268371582031 -0.0224113464355469
-0.102210998535156 0.0484771728515625 0.0308418273925781 -0.0526847839355469
-0.048248291015625 0.107864379882813 0.00839614868164062 -0.0577583312988281
-0.00241851806640625 0.109298706054688 -0.0151214599609375 -0.0595817565917969
-0.0009613037109375 0.100875854492188 -0.0186195373535156 -0.0619583129882812
-0.00300598144531251 0.114814758300781 -0.00525283813476562 -0.0687713623046875
-0.035888671875 0.108894348144531 0.0239295959472656 -0.06683349609375
-0.0861968994140625 0.0693740844726563 0.055419921875 -0.0575103759765625
-0.111473083496094 0.0186767578125 0.0788116455078125 -0.0151901245117187
-0.093292236328125 -0.0850906372070313 0.0780029296875 0.0472183227539062
-0.0422515869140625 -0.146469116210938 0.0324249267578125 0.069915771484375
0.00621032714843752 -0.146820068359375 -0.00955963134765625 0.0858230590820312
-0.0184249877929688 -0.13720703125 0.11376953125 -0.120338439941406
-0.0583648681640625 -0.109359741210937 0.0400619506835937 -0.0848464965820313
-0.0844955444335938 -0.057373046875 0.0191173553466797 -0.0292110443115234
-0.0875167846679687 0.00310516357421876 0.0480728149414062 -0.0299491882324219
-0.0635032653808594 0.0407638549804687 0.0430526733398437 -0.069122314453125
-0.0278472900390625 0.0755691528320313 0.00933074951171875 -0.0881195068359375
-0.000495910644531252 0.0737380981445313 -0.02532958984375 -0.0910110473632813
0.00121307373046874 0.0711746215820313 -0.0344161987304688 -0.0898666381835938
-0.00123596191406249 0.0813446044921875 -0.0194168090820312 -0.0984039306640625
-0.0238723754882813 0.0740127563476563 0.0196075439453125 -0.0986404418945312
-0.0586509704589844 0.0483207702636719 0.0560302734375 -0.08013916015625
-0.077392578125 0.0179443359375 0.08062744140625 -0.0301132202148438
-0.0725173950195312 -0.0549697875976563 0.0719223022460938 0.0279693603515625
-0.04901123046875 -0.106536865234375 0.0194187164306641 0.0337791442871094
-0.01910400390625 -0.120590209960937 0.00231170654296875 0.0357017517089844
-0.0550155639648438 -0.0969696044921875 0.10919189453125 -0.149154663085938
-0.0725250244140625 -0.0559310913085938 0.032470703125 -0.09783935546875
-0.0676193237304688 -0.00625991821289061 0.0147285461425781 -0.0317096710205078
-0.0407028198242188 0.0249595642089844 0.0504035949707031 -0.0355186462402344
-0.0183181762695313 0.030120849609375 0.0420303344726563 -0.0753936767578125
-0.00302886962890625 0.0358352661132813 0.00466156005859375 -0.101913452148438
0.00224113464355469 0.0289249420166016 -0.03253173828125 -0.106117248535156
0.00244331359863281 0.0308189392089844 -0.0448760986328125 -0.10418701171875
-0.00182723999023438 0.0353546142578125 -0.0268936157226562 -0.114097595214844
-0.0115089416503906 0.0262355804443359 0.0180816650390625 -0.114822387695312
-0.0221710205078125 0.0146446228027344 0.0550308227539063 -0.0871353149414062
-0.0266494750976562 0.00959014892578125 0.0770492553710938 -0.0330657958984375
-0.0340251922607422 -0.0161151885986328 0.0578727722167969 0.0167007446289063
-0.0434112548828125 -0.0459861755371094 0.0053105354309082 0.00681972503662109
-0.0414276123046875 -0.0713653564453125 0.00786590576171875 -0.00335693359375
-0.0814743041992188 -0.0457611083984375 0.09515380859375 -0.1710205078125
-0.0730972290039062 -0.00234222412109374 0.0199966430664062 -0.11151123046875
-0.0445976257324219 0.0372123718261719 0.00150680541992188 -0.0373687744140625
0.00391769409179688 0.0393218994140625 0.0371017456054687 -0.0402183532714844
0.023681640625 0.0164012908935547 0.0289230346679688 -0.0704269409179688
0.0213241577148437 -0.00723648071289062 -0.00490570068359375 -0.0986862182617188
0.00383377075195313 -0.0192909240722656 -0.0377349853515625 -0.103950500488281
0.0034952163696289 -0.0140132904052734 -0.0482559204101563 -0.103218078613281
-0.00128936767578125 -0.0154228210449219 -0.0279464721679688 -0.114280700683594
0.00553131103515625 -0.0254878997802734 0.0198974609375 -0.114646911621094
0.0192031860351563 -0.0183601379394531 0.0539169311523437 -0.0788345336914062
0.0272998809814453 0.00425148010253906 0.0691566467285156 -0.0262680053710938
0.006011962890625 0.0282878875732422 0.0408287048339844 0.0131034851074219
-0.036346435546875 0.0227584838867188 -0.00625038146972657 -0.00522375106811523
-0.062469482421875 -0.0108451843261719 0.00557136535644531 -0.0262527465820313
0.0825271606445312 -0.055694580078125 0.0189895629882813 0.036834716796875
0.0265121459960938 -0.106292724609375 0.0200901031494141 0.000770568847656243
-0.0575180053710937 -0.0758514404296875 -0.0277996063232422 -0.0275096893310547
-0.0843658447265625 -0.00159454345703126 -0.0681915283203125 0.0154457092285156
-0.0602836608886719 0.0417633056640625 -0.0560455322265625 0.0597991943359375
-0.0173110961914063 0.0733489990234375 -0.0132675170898438 0.106941223144531
0.00884246826171875 0.0723495483398438 0.0306625366210938 0.11285400390625
-0.000232696533203123 0.0634880065917969 0.0464019775390625 0.0947723388671875
-0.00811004638671875 0.0703048706054688 0.034820556640625 0.0910568237304688
-0.0416793823242187 0.0538063049316406 0.00207519531249999 0.0863876342773438
-0.0625724792480469 0.00951766967773437 -0.00518798828125 0.061309814453125
-0.0476341247558594 -0.0362892150878906 -0.00408935546875 0.0436553955078125
0.0106430053710938 -0.0686683654785156 0.00428009033203125 0.07257080078125
0.0675315856933594 -0.0492172241210938 0.001983642578125 0.14190673828125
0.0788955688476562 -0.00292205810546875 -0.110137939453125 0.19818115234375
0.0929794311523438 -0.114334106445313 0.038421630859375 0.0189018249511719
0.02093505859375 -0.157379150390625 0.0262565612792969 -0.00886535644531251
-0.0789794921875 -0.117637634277344 -0.0151329040527344 -0.030303955078125
-0.124931335449219 -0.0176162719726562 -0.0480003356933594 0.00358200073242188
-0.0991668701171875 0.0537567138671875 -0.042510986328125 0.0308647155761719
-0.038970947265625 0.110824584960938 -0.0130386352539062 0.0734710693359375
0.00582122802734374 0.112190246582031 0.0186920166015625 0.0807342529296875
-0.00119781494140624 0.0995330810546875 0.0344619750976563 0.0638236999511719
-0.00907897949218749 0.110641479492188 0.0310096740722656 0.0582351684570313
-0.0524520874023438 0.0924072265625 0.0133323669433594 0.0576896667480469
-0.0913467407226563 0.03515625 0.0164909362792969 0.0392646789550781
-0.0872650146484375 -0.0276260375976562 0.0232810974121094 0.0378570556640625
-0.0251235961914062 -0.0970916748046875 0.0324020385742187 0.0817642211914063
0.04669189453125 -0.105155944824219 0.0206146240234375 0.147705078125
0.078460693359375 -0.0664596557617188 -0.0844268798828125 0.200881958007812
0.089630126953125 -0.15692138671875 0.0635452270507812 -0.0125083923339844
0.011138916015625 -0.18792724609375 0.0322513580322266 -0.0281047821044922
-0.092132568359375 -0.143768310546875 -0.00396347045898438 -0.0313053131103516
-0.150100708007813 -0.031707763671875 -0.0236072540283203 -0.006500244140625
-0.124732971191406 0.0573348999023438 -0.0207500457763672 0.000284194946289068
-0.0552291870117188 0.131599426269531 -0.00902748107910157 0.0304851531982422
0.00165557861328124 0.135162353515625 0.00456619262695313 0.0365676879882813
-0.0020904541015625 0.121246337890625 0.0165348052978516 0.0230484008789063
-0.00787353515624999 0.135734558105469 0.0214557647705078 0.0160255432128906
-0.0545806884765625 0.119964599609375 0.020904541015625 0.0188465118408203
-0.108383178710938 0.06048583984375 0.0360603332519531 0.00902557373046876
-0.119132995605469 -0.0109786987304687 0.0496635437011719 0.0242996215820313
-0.0641937255859375 -0.112968444824219 0.058563232421875 0.081207275390625
0.0143585205078125 -0.150390625 0.0343704223632812 0.13818359375
0.0643768310546875 -0.121879577636719 -0.055877685546875 0.180755615234375
0.06805419921875 -0.17706298828125 0.0895919799804688 -0.0521469116210938
-0.00727844238281249 -0.1923828125 0.0376930236816406 -0.0513954162597656
-0.0992431640625 -0.1444091796875 0.00549697875976562 -0.0316753387451172
-0.154647827148438 -0.03485107421875 0.0040607452392578 -0.0155210494995117
-0.130104064941406 0.055938720703125 0.00488090515136718 -0.029541015625
-0.0616912841796875 0.133285522460938 -0.00198841094970704 -0.0168075561523437
-0.00203704833984375 0.137466430664063 -0.00822353363037109 -0.0132684707641601
-0.00225830078125 0.124717712402344 -0.00358390808105469 -0.0212860107421875
-0.00518798828125 0.141098022460938 0.00696754455566406 -0.0298004150390625
-0.04986572265625 0.130096435546875 0.0228691101074219 -0.0262966156005859
-0.110214233398438 0.07623291015625 0.0493659973144531 -0.02752685546875
-0.133293151855469 0.00721740722656249 0.0700187683105468 0.00319671630859375
-0.0938949584960938 -0.1131591796875 0.0766983032226563 0.067596435546875
-0.0194549560546875 -0.171463012695313 0.03936767578125 0.109550476074219
0.041351318359375 -0.156097412109375 -0.0297393798828125 0.139892578125
0.0315704345703125 -0.172653198242188 0.109306335449219 -0.0937652587890625
-0.0311126708984375 -0.167449951171875 0.040557861328125 -0.0745010375976563
-0.097991943359375 -0.116874694824219 0.0136013031005859 -0.0317020416259766
-0.134757995605469 -0.0237503051757813 0.0305194854736328 -0.0242710113525391
-0.111526489257813 0.0500411987304687 0.0286216735839844 -0.0557098388671875
-0.054290771484375 0.115013122558594 0.00494003295898437 -0.0604629516601562
-0.00435638427734374 0.118186950683594 -0.0194892883300781 -0.0594711303710937
-0.0022125244140625 0.109878540039063 -0.0229454040527344 -0.0619316101074219
-0.00443267822265626 0.1243896484375 -0.00936126708984375 -0.0711669921875
-0.0411529541015625 0.115974426269531 0.0201187133789063 -0.0696296691894531
-0.09552001953125 0.0730209350585937 0.0550918579101562 -0.0623970031738281
-0.121627807617188 0.0163345336914063 0.0810012817382812 -0.0187759399414063
-0.09820556640625 -0.096099853515625 0.0819015502929688 0.0462875366210938
-0.040802001953125 -0.160293579101562 0.0329475402832031 0.0700836181640625
0.0139617919921875 -0.159194946289063 -0.0085601806640625 0.085693359375
-0.011199951171875 -0.145126342773438 0.11871337890625 -0.131614685058594
-0.0547561645507813 -0.119049072265625 0.0397262573242188 -0.0927658081054688
-0.0862808227539063 -0.0672073364257812 0.0169868469238281 -0.0315589904785156
-0.0937576293945312 -0.00260925292968751 0.04791259765625 -0.0324134826660156
-0.0713119506835938 0.0409469604492187 0.0423507690429688 -0.0733718872070313
-0.0345382690429688 0.0810928344726563 0.00709533691406249 -0.0924606323242188
-0.00348663330078125 0.0808944702148438 -0.0288543701171875 -0.09368896484375
-0.00137329101562501 0.0777435302734375 -0.0382843017578125 -0.0922088623046875
-0.00507354736328124 0.0891799926757813 -0.0233306884765625 -0.103073120117188
-0.0309600830078125 0.0797271728515625 0.0164031982421875 -0.103858947753906
-0.0668220520019531 0.0492668151855469 0.0565185546875 -0.0861892700195313
-0.0841827392578125 0.01434326171875 0.0828399658203125 -0.033782958984375
-0.0741729736328125 -0.0641860961914062 0.0743026733398438 0.0267486572265625
-0.0460357666015625 -0.116844177246094 0.0198822021484375 0.0309257507324219
-0.0112533569335937 -0.129470825195313 0.00627517700195313 0.0321617126464844
-0.0510787963867187 -0.100296020507813 0.116485595703125 -0.16265869140625
-0.0695037841796875 -0.0605430603027344 0.0331344604492187 -0.107803344726563
-0.0667686462402344 -0.0115013122558594 0.0130558013916016 -0.0344276428222656
-0.0431709289550781 0.0200920104980469 0.0503425598144531 -0.038665771484375
-0.023345947265625 0.0290279388427734 0.042755126953125 -0.079132080078125
-0.008148193359375 0.0373344421386719 0.00355529785156251 -0.10693359375
-0.00229644775390625 0.0330295562744141 -0.0351409912109375 -0.111602783203125
-0.000808715820312501 0.0343475341796875 -0.047943115234375 -0.109077453613281
-0.00645065307617188 0.0402450561523438 -0.03045654296875 -0.120704650878906
-0.0177211761474609 0.0285835266113281 0.0170135498046875 -0.122154235839844
-0.0289421081542969 0.0133323669433594 0.0568923950195313 -0.09326171875
-0.0308322906494141 0.00501632690429687 0.0796356201171875 -0.0367965698242188
-0.0327854156494141 -0.02301025390625 0.0597648620605469 0.0149574279785156
-0.0392341613769531 -0.0513496398925781 0.00662946701049804 0.00343847274780273
-0.0347061157226563 -0.0752639770507813 0.0145969390869141 -0.00878238677978516
-0.081085205078125 -0.0436553955078125 0.103683471679687 -0.185195922851563
-0.0707321166992188 -0.000923156738281247 0.0212936401367188 -0.121978759765625
-0.041229248046875 0.0375137329101563 -0.00057220458984375 -0.0404586791992187
0.00578689575195313 0.037139892578125 0.0374107360839844 -0.042449951171875
0.0232048034667969 0.0129661560058594 0.0308151245117187 -0.0734939575195312
0.0167903900146484 -0.00928783416748047 -0.00421905517578125 -0.103675842285156
-0.000755310058593752 -0.0187053680419922 -0.0389251708984375 -0.111404418945313
-8.9645385742189E-05 -0.0132036209106445 -0.0502395629882813 -0.10955810546875
-0.00632858276367188 -0.0143003463745117 -0.0295333862304687 -0.121917724609375
-0.000802993774414061 -0.0263290405273438 0.020294189453125 -0.122360229492188
0.0149383544921875 -0.0226573944091797 0.056640625 -0.0846328735351562
0.0266819000244141 -0.000764846801757812 0.0729141235351563 -0.028564453125
0.00975799560546875 0.0247325897216797 0.0427513122558594 0.0119667053222656
-0.0314292907714844 0.0227470397949219 -0.00430583953857422 -0.00947761535644531
-0.0580062866210938 -0.0100898742675781 0.0142726898193359 -0.0318260192871094
0.0804519653320313 -0.0640869140625 0.0119552612304688 0.0425033569335937
0.0183563232421875 -0.111129760742187 0.0174436569213867 0.00402641296386718
-0.0643844604492188 -0.073577880859375 -0.0302371978759766 -0.0262355804443359
-0.0862808227539063 0.00496673583984374 -0.0711288452148438 0.0188674926757813
-0.0584869384765625 0.0480804443359375 -0.0582199096679688 0.0664138793945312
-0.0106887817382813 0.076385498046875 -0.011077880859375 0.114311218261719
0.0161895751953125 0.0747833251953125 0.0364608764648438 0.120613098144531
0.00603866577148437 0.0657577514648438 0.0512771606445312 0.101028442382813
-0.001220703125 0.0738449096679688 0.038360595703125 0.0973968505859375
-0.03802490234375 0.0609016418457031 0.0036468505859375 0.0936355590820313
-0.0643844604492188 0.0163993835449219 -0.00526046752929689 0.0645332336425781
-0.0541229248046875 -0.0334548950195313 -0.00318145751953125 0.0447921752929688
0.00344848632812501 -0.073516845703125 0.009521484375 0.0775985717773438
0.0651702880859375 -0.0583229064941406 0.00711059570312501 0.15228271484375
0.0816574096679688 -0.01190185546875 -0.113265991210938 0.217147827148437
0.0919876098632812 -0.128173828125 0.0319652557373047 0.0219039916992187
0.011810302734375 -0.167098999023438 0.0227108001708984 -0.00681114196777345
-0.0891494750976562 -0.119178771972656 -0.0181064605712891 -0.0295143127441406
-0.130966186523438 -0.0120086669921875 -0.0525016784667969 0.00542068481445312
-0.100830078125 0.0625152587890625 -0.0462532043457031 0.0353889465332031
-0.03338623046875 0.117881774902344 -0.0137405395507813 0.079437255859375
0.0140151977539063 0.118179321289063 0.0213241577148437 0.0882492065429688
0.00511169433593751 0.105484008789063 0.0368080139160156 0.0697059631347656
-0.0020599365234375 0.117782592773438 0.0322685241699219 0.0633621215820313
-0.0496673583984375 0.102134704589844 0.0128555297851562 0.0632553100585938
-0.09564208984375 0.044647216796875 0.0162849426269531 0.0398483276367188
-0.0963897705078125 -0.024261474609375 0.0248260498046875 0.0367813110351562
-0.0341949462890625 -0.104454040527344 0.0387954711914063 0.0851669311523438
0.0423812866210938 -0.119247436523438 0.0264434814453125 0.15631103515625
0.0815505981445313 -0.0801544189453125 -0.085845947265625 0.216522216796875
0.089874267578125 -0.1737060546875 0.0576095581054688 -0.0136566162109375
0.00305175781249998 -0.20184326171875 0.0280094146728516 -0.0273208618164063
-0.104080200195312 -0.149581909179688 -0.0075054168701172 -0.031209945678711
-0.159881591796875 -0.0272216796875 -0.0269527435302734 -0.00582504272460937
-0.129776000976563 0.0673751831054687 -0.0254707336425781 0.00231170654296875
-0.052093505859375 0.141860961914063 -0.0119590759277344 0.0342273712158203
0.00888061523437499 0.1441650390625 0.00413131713867187 0.0422630310058594
0.00396728515625001 0.129592895507813 0.0159282684326172 0.0280113220214844
-0.0015869140625 0.146026611328125 0.0199928283691406 0.0188770294189453
-0.0526046752929688 0.132102966308594 0.0181884765625 0.0212860107421875
-0.114723205566406 0.07061767578125 0.0352668762207031 0.00678253173828125
-0.129768371582031 -0.00680541992187502 0.0512924194335937 0.021392822265625
-0.0757217407226563 -0.121902465820312 0.0658187866210938 0.0819931030273437
0.00788879394531248 -0.166412353515625 0.0403289794921875 0.143585205078125
0.0670928955078125 -0.138412475585938 -0.055328369140625 0.192108154296875
0.0697784423828125 -0.194671630859375 0.0845260620117188 -0.0576858520507813
-0.0138397216796875 -0.207122802734375 0.0330924987792969 -0.0543479919433594
-0.11163330078125 -0.153411865234375 0.00193214416503905 -0.0326290130615235
-0.166961669921875 -0.0325164794921875 0.000942230224609363 -0.0165214538574219
-0.137886047363281 0.0654754638671875 -6.1035156250011E-05 -0.0304412841796875
-0.0618743896484375 0.144683837890625 -0.0065603256225586 -0.0165643692016601
0.00381469726562499 0.148147583007813 -0.0114536285400391 -0.00975990295410155
0.00246429443359374 0.134895324707031 -0.00696945190429688 -0.0183601379394531
-0.000610351562500016 0.152053833007813 0.00220870971679687 -0.0286102294921875
-0.049102783203125 0.142196655273438 0.0188407897949219 -0.0269222259521484
-0.117462158203125 0.0864410400390625 0.0479850769042969 -0.0327339172363281
-0.144866943359375 0.0107879638671875 0.0720291137695312 -0.0017547607421875
-0.105461120605469 -0.122077941894531 0.0834197998046875 0.0663986206054687
-0.025970458984375 -0.18804931640625 0.0444183349609375 0.111885070800781
0.0428466796875 -0.173141479492187 -0.0276641845703125 0.145889282226563
0.0338897705078125 -0.187942504882812 0.107040405273438 -0.105430603027344
-0.0359649658203125 -0.180877685546875 0.0364532470703125 -0.0811538696289063
-0.108245849609375 -0.125999450683594 0.00980567932128905 -0.0337791442871094
-0.146209716796875 -0.0242767333984375 0.0285739898681641 -0.0269737243652344
-0.120040893554688 0.05718994140625 0.0242271423339844 -0.0595321655273437
-0.0561676025390625 0.125350952148438 -0.00100326538085938 -0.0633125305175781
-0.000984191894531264 0.128616333007813 -0.0252265930175781 -0.0589523315429687
0.000427246093750002 0.119300842285156 -0.0287132263183594 -0.0609092712402344
-0.00167083740234375 0.135498046875 -0.0159530639648437 -0.0730133056640625
-0.0422210693359375 0.127365112304688 0.0143585205078125 -0.0736160278320313
-0.103469848632813 0.0813140869140625 0.0529670715332031 -0.0699691772460937
-0.132133483886719 0.0189666748046875 0.0827560424804687 -0.0256576538085937
-0.108360290527344 -0.104759216308594 0.08685302734375 0.043670654296875
-0.046630859375 -0.174285888671875 0.0362930297851563 0.0696754455566406
0.0162200927734375 -0.174148559570313 -0.00525665283203125 0.0863876342773437
-0.00976562500000001 -0.155975341796875 0.11859130859375 -0.147171020507813
-0.0571060180664063 -0.128639221191406 0.0357437133789062 -0.102592468261719
-0.0928878784179688 -0.0749588012695312 0.01385498046875 -0.0347537994384766
-0.102363586425781 -0.00487518310546876 0.0466346740722656 -0.0363006591796875
-0.0787429809570313 0.04534912109375 0.0394821166992187 -0.079376220703125
-0.0378189086914063 0.0881805419921875 0.00131988525390625 -0.0971603393554688
-0.00411224365234375 0.089447021484375 -0.03546142578125 -0.0967864990234375
-0.00107574462890626 0.0857162475585937 -0.0453109741210938 -0.094329833984375
-0.00463104248046876 0.0983123779296875 -0.0314788818359375 -0.1070556640625
-0.0337753295898438 0.0882949829101563 0.0100936889648438 -0.109962463378906
-0.074859619140625 0.0543594360351563 0.0544281005859375 -0.0944442749023438
-0.0924148559570313 0.0141983032226563 0.0847930908203125 -0.0409698486328125
-0.080291748046875 -0.0720748901367187 0.0773849487304688 0.0232925415039062
-0.048248291015625 -0.127082824707031 0.0213851928710937 0.0283908843994141
-0.00899505615234376 -0.140007019042969 0.0104713439941406 0.0286884307861328
-0.0502853393554688 -0.104339599609375 0.118362426757813 -0.1810302734375
-0.0693626403808594 -0.0639877319335938 0.0303268432617188 -0.119453430175781
-0.0677032470703125 -0.0150947570800781 0.010162353515625 -0.0375480651855469
-0.04669189453125 0.0171165466308594 0.0499191284179688 -0.0431976318359375
-0.02801513671875 0.0283775329589844 0.0409164428710938 -0.0853500366210938
-0.0127830505371094 0.0404472351074219 -0.000808715820312504 -0.11279296875
-0.00457763671875 0.0379486083984375 -0.0417022705078125 -0.116737365722656
-0.0029449462890625 0.0390892028808594 -0.0551605224609375 -0.113121032714844
-0.00880050659179688 0.0460281372070313 -0.0379714965820313 -0.12689208984375
-0.0231723785400391 0.0333232879638672 0.0110855102539062 -0.13006591796875
-0.0358047485351562 0.01422119140625 0.0557861328125 -0.101600646972656
-0.0355682373046875 0.00175857543945313 0.081451416015625 -0.0431289672851562
-0.0331268310546875 -0.0293159484863281 0.0620231628417969 0.0116195678710938
-0.0370368957519531 -0.0570335388183594 0.00652503967285156 -0.00034284591674805
-0.03155517578125 -0.0803604125976563 0.0202846527099609 -0.0155811309814453
-0.081573486328125 -0.0402984619140625 0.106277465820312 -0.204696655273438
-0.0687446594238281 0.00114822387695314 0.0177001953125 -0.134269714355469
-0.0377311706542969 0.0383071899414063 -0.00343322753906251 -0.0441093444824219
0.0081024169921875 0.0336971282958984 0.0371971130371094 -0.0466423034667969
0.0224151611328125 0.00970268249511719 0.0300445556640625 -0.0787506103515625
0.0125436782836914 -0.0104379653930664 -0.00740051269531251 -0.109504699707031
-0.00562191009521484 -0.0173807144165039 -0.0448074340820312 -0.117874145507813
-0.00450897216796875 -0.0121326446533203 -0.05694580078125 -0.115013122558594
-0.0109167098999023 -0.0119752883911133 -0.0359954833984375 -0.129425048828125
-0.00720024108886719 -0.0253963470458984 0.0165557861328125 -0.13214111328125
0.00909805297851562 -0.0261096954345703 0.0570068359375 -0.0930709838867188
0.0249423980712891 -0.00597763061523438 0.075897216796875 -0.0341339111328125
0.0133647918701172 0.0207271575927734 0.0451316833496094 0.010101318359375
-0.0259494781494141 0.0227317810058594 -0.00339317321777344 -0.0135660171508789
-0.0546112060546875 -0.00774002075195313 0.0218658447265625 -0.0398368835449219
0.0749588012695313 -0.072296142578125 0.00741195678710938 0.0489425659179687
0.00728607177734375 -0.112762451171875 0.0157976150512695 0.00771999359130859
-0.071197509765625 -0.06768798828125 -0.0328140258789063 -0.0235443115234375
-0.0852432250976563 0.0132675170898438 -0.0723190307617188 0.0238571166992188
-0.0537948608398438 0.0541114807128906 -0.0569305419921875 0.0727310180664063
-0.00276947021484375 0.0772552490234375 -0.00514984130859374 0.120582580566406
0.0251846313476563 0.073974609375 0.0444869995117188 0.124748229980469
0.0134010314941406 0.0659561157226563 0.058868408203125 0.103416442871094
0.00787353515625 0.074462890625 0.04461669921875 0.100341796875
-0.0309944152832031 0.0659675598144531 0.00812530517578124 0.099578857421875
-0.0633506774902344 0.0244064331054688 -0.00341796875 0.0669822692871094
-0.0592155456542969 -0.0283737182617187 -0.00118255615234375 0.0459022521972656
-0.00533294677734375 -0.0749740600585938 0.0167388916015625 0.0804672241210938
0.0586509704589844 -0.0665664672851563 0.016448974609375 0.159286499023438
0.0809326171875 -0.0222549438476562 -0.10736083984375 0.2342529296875
0.0847930908203125 -0.140625 0.0253868103027344 0.0252971649169922
-0.00228881835937501 -0.172195434570313 0.0196475982666016 -0.00412750244140626
-0.100326538085938 -0.115653991699219 -0.021209716796875 -0.0272045135498047
-0.134292602539063 -0.00231170654296875 -0.0543441772460938 0.00890350341796874
-0.097503662109375 0.0721511840820313 -0.0479545593261719 0.0406990051269531
-0.0244674682617188 0.122604370117188 -0.0116806030273437 0.0849456787109375
0.0249252319335938 0.120079040527344 0.0267868041992187 0.0933074951171875
0.0149459838867187 0.108100891113281 0.041534423828125 0.0736770629882813
0.00885772705078125 0.121818542480469 0.034942626953125 0.0663223266601563
-0.0417327880859375 0.110527038574219 0.0146522521972656 0.0672607421875
-0.09625244140625 0.0555267333984375 0.0170669555664063 0.0402030944824219
-0.1038818359375 -0.0171966552734375 0.0261898040771484 0.0351314544677734
-0.04638671875 -0.107612609863281 0.0466232299804688 0.0847015380859375
0.032989501953125 -0.130294799804688 0.0361480712890625 0.160354614257812
0.078826904296875 -0.093902587890625 -0.0789947509765625 0.230392456054688
0.082550048828125 -0.18896484375 0.0504875183105469 -0.0143318176269531
-0.0120391845703125 -0.2099609375 0.0234737396240234 -0.0265445709228516
-0.118392944335938 -0.1488037109375 -0.0110340118408203 -0.029937744140625
-0.167205810546875 -0.018218994140625 -0.0300941467285156 -0.00415992736816407
-0.129714965820313 0.0789108276367188 -0.0293807983398438 0.00531387329101563
-0.0440521240234375 0.149566650390625 -0.0135231018066406 0.0385017395019531
0.020111083984375 0.148666381835938 0.00574493408203125 0.0476455688476563
0.0139541625976563 0.1346435546875 0.0171337127685547 0.0323944091796875
0.01007080078125 0.151809692382813 0.0191593170166016 0.0220222473144531
-0.0445404052734375 0.141845703125 0.0170021057128906 0.0241489410400391
-0.115692138671875 0.0830001831054687 0.0338134765625 0.00449180603027344
-0.138450622558594 0.00144958496093751 0.0526924133300781 0.0164260864257813
-0.0896072387695312 -0.125015258789063 0.0732879638671875 0.0792465209960938
-0.003570556640625 -0.178756713867188 0.0501556396484375 0.144577026367188
0.0624847412109375 -0.153610229492188 -0.0491790771484375 0.20166015625
0.0631256103515625 -0.210662841796875 0.0769805908203125 -0.06390380859375
-0.027557373046875 -0.21697998046875 0.0268363952636719 -0.0555381774902344
-0.126235961914062 -0.155349731445313 -0.00244903564453126 -0.0323371887207031
-0.17620849609375 -0.0252227783203125 -0.00221443176269532 -0.0167675018310547
-0.140167236328125 0.077667236328125 -0.0056743621826172 -0.0305557250976563
-0.055206298828125 0.15484619140625 -0.0115690231323242 -0.013920783996582
0.0135345458984375 0.15533447265625 -0.0142536163330078 -0.00521659851074218
0.01171875 0.141220092773438 -0.00966072082519531 -0.0142745971679687
0.010101318359375 0.16009521484375 -0.00239753723144531 -0.0269775390625
-0.0421905517578125 0.152359008789063 0.0139007568359375 -0.0262317657470703
-0.118972778320312 0.0985946655273438 0.0439414978027344 -0.0375442504882812
-0.1529541015625 0.019134521484375 0.0716094970703125 -0.0086517333984375
-0.119575500488281 -0.124755859375 0.0892715454101562 0.06158447265625
-0.038421630859375 -0.19879150390625 0.0507278442382813 0.110877990722656
0.0378265380859375 -0.188873291015625 -0.0216827392578125 0.14990234375
0.0292510986328125 -0.201004028320312 0.09906005859375 -0.116470336914063
-0.0464935302734375 -0.19000244140625 0.028472900390625 -0.0859146118164063
-0.120704650878906 -0.129737854003906 0.00538063049316406 -0.0342655181884766
-0.1561279296875 -0.01959228515625 0.0248298645019531 -0.0291767120361328
-0.123741149902344 0.0675735473632812 0.0180892944335937 -0.0617332458496094
-0.0529403686523438 0.135887145996094 -0.00828552246093751 -0.0632247924804687
0.00661468505859376 0.136337280273438 -0.0313644409179688 -0.0558052062988281
0.00730133056640627 0.1259765625 -0.0348014831542969 -0.0577621459960938
0.00627136230468749 0.143310546875 -0.0249862670898437 -0.0721054077148437
-0.037841796875 0.136932373046875 0.00726318359375 -0.0748138427734375
-0.106239318847656 0.0920639038085937 0.0471115112304687 -0.0761032104492188
-0.139266967773437 0.0254287719726562 0.0811309814453125 -0.0336837768554688
-0.119827270507813 -0.107170104980469 0.0909042358398437 0.0375137329101562
-0.05706787109375 -0.184036254882813 0.03936767578125 0.0665969848632812
0.012298583984375 -0.186416625976563 -0.00060272216796875 0.0855865478515625
-0.011749267578125 -0.16375732421875 0.11138916015625 -0.1627197265625
-0.0625534057617188 -0.134490966796875 0.028076171875 -0.110267639160156
-0.100807189941406 -0.0787811279296875 0.00987625122070312 -0.0368804931640625
-0.10980224609375 -0.00326538085937499 0.0432090759277344 -0.0402183532714844
-0.0830917358398438 0.0514144897460937 0.0334014892578125 -0.0841751098632813
-0.0381698608398437 0.0960845947265625 -0.00680541992187501 -0.0994720458984375
-0.000152587890624995 0.0973129272460937 -0.0434036254882813 -0.0957870483398437
0.00212860107421875 0.0915069580078125 -0.0536270141601563 -0.0926132202148438
-0.00034332275390625 0.105819702148438 -0.0410995483398438 -0.10736083984375
-0.0330963134765625 0.0963668823242188 0.000968933105468752 -0.113243103027344
-0.0797195434570313 0.0612716674804687 0.0474853515625 -0.101234436035156
-0.09893798828125 0.0167999267578125 0.0827789306640625 -0.0489730834960937
-0.0877304077148437 -0.0759201049804688 0.0796737670898438 0.0174331665039063
-0.0539016723632812 -0.134140014648438 0.0219383239746094 0.0247917175292969
-0.01080322265625 -0.148361206054688 0.0147533416748047 0.0235939025878906
-0.0516433715820313 -0.105331420898438 0.111740112304687 -0.198928833007813
-0.0701141357421875 -0.0659828186035156 0.0220260620117188 -0.128868103027344
-0.0689048767089844 -0.0173988342285156 0.00619888305664062 -0.0404434204101563
-0.0494003295898438 0.0154037475585938 0.0472221374511719 -0.0474472045898438
-0.03076171875 0.029876708984375 0.0364227294921875 -0.0906295776367188
-0.0159454345703125 0.0448036193847656 -0.00835418701171876 -0.117034912109375
-0.00563430786132813 0.0434761047363281 -0.0506210327148438 -0.117988586425781
-0.00326919555664062 0.0440292358398438 -0.0645751953125 -0.113327026367187
-0.00913619995117187 0.0524940490722656 -0.049072265625 -0.128768920898438
-0.0265769958496094 0.03900146484375 0.001068115234375 -0.135307312011719
-0.0420265197753906 0.0162315368652344 0.0500869750976563 -0.109474182128906
-0.0410308837890625 0.000820159912109383 0.0803909301757813 -0.050506591796875
-0.0351524353027344 -0.0342063903808594 0.0628814697265625 0.00759506225585937
-0.0372123718261719 -0.0609245300292969 0.00620889663696289 -0.0041046142578125
-0.0304336547851562 -0.0829696655273438 0.0244026184082031 -0.0235424041748047
-0.0811233520507813 -0.0347061157226563 0.0998382568359375 -0.222702026367188
-0.0658302307128906 0.00445175170898438 0.010009765625 -0.143463134765625
-0.0333175659179688 0.038299560546875 -0.00779342651367188 -0.04547119140625
0.00953102111816406 0.0297889709472656 0.0343551635742188 -0.0496444702148438
0.0207462310791016 0.00602531433105469 0.0270004272460937 -0.0835342407226563
0.00746631622314453 -0.010441780090332 -0.0130844116210938 -0.113227844238281
-0.0101022720336914 -0.0146160125732422 -0.0529403686523438 -0.12030029296875
-0.0081338882446289 -0.00972652435302734 -0.0658340454101563 -0.116378784179688
-0.0152559280395508 -0.00836467742919922 -0.0462265014648438 -0.13299560546875
-0.0136528015136719 -0.0234146118164062 0.00727844238281249 -0.138992309570313
0.00239372253417969 -0.0278778076171875 0.0529327392578125 -0.101058959960938
0.0220699310302734 -0.0115623474121094 0.0759735107421875 -0.0408401489257813
0.0163745880126953 0.015477180480957 0.0456161499023438 0.00653839111328125
-0.0205001831054688 0.0214881896972656 -0.00353240966796875 -0.0175304412841797
-0.0504379272460938 -0.00568389892578125 0.0263710021972656 -0.0490264892578125
0.0669937133789063 -0.076568603515625 0.00349807739257812 0.0557022094726562
-0.00266265869140626 -0.109603881835937 0.0149450302124023 0.011627197265625
-0.0744171142578125 -0.0599441528320313 -0.0339164733886719 -0.0203132629394531
-0.0811233520507813 0.0198135375976562 -0.0713653564453125 0.0277938842773438
-0.0474395751953125 0.0580101013183594 -0.0535430908203125 0.076995849609375
0.00434112548828125 0.0748672485351563 0.00141143798828124 0.122421264648437
0.0320281982421875 0.069854736328125 0.0523529052734375 0.12432861328125
0.0198478698730469 0.0634956359863281 0.064910888671875 0.102653503417969
0.0151290893554687 0.07244873046875 0.0504302978515625 0.100761413574219
-0.0237312316894531 0.0685195922851563 0.0130233764648437 0.101341247558594
-0.0600128173828125 0.03125 -0.000701904296875009 0.0675811767578125
-0.0616798400878906 -0.0219764709472656 0.000728607177734368 0.0450820922851563
-0.01318359375 -0.07330322265625 0.022705078125 0.0794143676757813
0.0504074096679688 -0.0720901489257813 0.0250244140625 0.160369873046875
0.0764694213867188 -0.0313339233398438 -0.0970611572265625 0.243743896484375
0.0752716064453125 -0.147430419921875 0.0197238922119141 0.02947998046875
-0.014678955078125 -0.17071533203125 0.0171136856079102 -0.000538825988769542
-0.107391357421875 -0.108467102050781 -0.0230255126953125 -0.0241260528564453
-0.132659912109375 0.00617980957031247 -0.0548896789550781 0.0124740600585937
-0.0914382934570312 0.0785369873046875 -0.0470466613769531 0.045166015625
-0.0153350830078125 0.122566223144531 -0.00823211669921876 0.0882797241210938
0.0341949462890625 0.117477416992188 0.0320510864257813 0.0953216552734375
0.0236663818359375 0.10693359375 0.0452880859375 0.0743942260742188
0.0185165405273438 0.121177673339844 0.0376777648925781 0.0675544738769531
-0.0333023071289063 0.114295959472656 0.0167503356933594 0.0694541931152344
-0.0928497314453125 0.0644607543945313 0.0172500610351563 0.0391197204589844
-0.107048034667969 -0.00927734374999999 0.0269145965576172 0.0320053100585938
-0.0568466186523438 -0.106277465820313 0.0526657104492187 0.0815582275390625
0.02191162109375 -0.136398315429688 0.04443359375 0.159072875976563
0.0729293823242188 -0.104377746582031 -0.0695953369140625 0.23712158203125
0.072052001953125 -0.197891235351562 0.0426292419433594 -0.0128860473632813
-0.0257110595703125 -0.21026611328125 0.0188617706298828 -0.0242652893066406
-0.128219604492188 -0.143386840820313 -0.0138130187988281 -0.0272579193115234
-0.16845703125 -0.00866699218749997 -0.0322628021240234 -0.00155258178710938
-0.124771118164062 0.0876235961914063 -0.031454086303711 0.00874900817871094
-0.0347442626953125 0.152267456054688 -0.0139122009277344 0.0420875549316406
0.0310821533203125 0.1483154296875 0.00796890258789063 0.0516166687011719
0.0235137939453125 0.134696960449219 0.018524169921875 0.0353889465332031
0.0211029052734375 0.1529541015625 0.0182685852050781 0.0240097045898438
-0.0356903076171875 0.146926879882813 0.0162448883056641 0.0263175964355469
-0.112358093261719 0.0931549072265625 0.0313949584960937 0.00224113464355469
-0.142044067382813 0.00981140136718749 0.0515670776367187 0.0118370056152344
-0.100440979003906 -0.123504638671875 0.0777511596679688 0.0737533569335937
-0.016387939453125 -0.1842041015625 0.05645751953125 0.141952514648437
0.0546112060546875 -0.16485595703125 -0.04058837890625 0.205001831054688
0.05389404296875 -0.218963623046875 0.0673484802246094 -0.0664939880371094
-0.039947509765625 -0.219253540039063 0.0208168029785156 -0.0547523498535156
-0.137725830078125 -0.151870727539063 -0.00566482543945313 -0.0299873352050781
-0.180557250976563 -0.0160064697265625 -0.00562286376953126 -0.015538215637207
-0.137115478515625 0.087371826171875 -0.00987815856933595 -0.0282611846923828
-0.0472869873046875 0.159713745117188 -0.0153045654296875 -0.0100269317626953
0.0234222412109375 0.15655517578125 -0.015528678894043 -0.000178337097167956
0.0202178955078125 0.143173217773438 -0.0110387802124023 -0.00931167602539062
0.020416259765625 0.162216186523438 -0.00647354125976562 -0.0237064361572266
-0.0338897705078125 0.158477783203125 0.00978660583496094 -0.0242996215820312
-0.116661071777344 0.108222961425781 0.0388336181640625 -0.0400390625
-0.156158447265625 0.0279998779296875 0.0686111450195313 -0.0143585205078125
-0.130027770996094 -0.123176574707031 0.0920944213867187 0.0542221069335937
-0.0511932373046875 -0.2032470703125 0.0555038452148437 0.106658935546875
0.0294952392578125 -0.197479248046875 -0.015350341796875 0.149810791015625
0.0224609375 -0.2073974609375 0.0879592895507813 -0.122177124023438
-0.0557403564453125 -0.192962646484375 0.0202713012695313 -0.0865631103515625
-0.130630493164063 -0.128562927246094 0.00162696838378906 -0.0333881378173828
-0.16180419921875 -0.013031005859375 0.0205097198486328 -0.0299530029296875
-0.123184204101562 0.0762786865234375 0.0118293762207031 -0.0620880126953125
-0.047576904296875 0.141693115234375 -0.0142478942871094 -0.0604324340820312
0.01385498046875 0.139350891113281 -0.0349693298339844 -0.051239013671875
0.0141677856445313 0.128692626953125 -0.0386695861816406 -0.0528488159179687
0.014678955078125 0.147216796875 -0.031005859375 -0.0684661865234375
-0.0318145751953125 0.142959594726563 0.000602722167968753 -0.0729446411132813
-0.105079650878906 0.100326538085937 0.0403289794921875 -0.0790481567382812
-0.142730712890625 0.0322418212890625 0.075958251953125 -0.0394515991210938
-0.1285400390625 -0.106002807617187 0.0909957885742188 0.0301971435546875
-0.0672760009765625 -0.186782836914062 0.0407218933105469 0.0622367858886719
0.00575256347656249 -0.192947387695313 0.003387451171875 0.0820159912109375
-0.0155792236328125 -0.166778564453125 0.0997772216796875 -0.171630859375
-0.0672378540039062 -0.137130737304688 0.0191650390625 -0.113311767578125
-0.106048583984375 -0.0797348022460937 0.00555038452148436 -0.0366134643554688
-0.114311218261719 -0.00087738037109375 0.0384025573730469 -0.04254150390625
-0.0842437744140625 0.056396484375 0.025970458984375 -0.0854949951171875
-0.0362396240234375 0.101860046386719 -0.0138626098632813 -0.0975112915039063
0.00453186035156249 0.100898742675781 -0.0493011474609375 -0.091278076171875
0.00583648681640626 0.0953598022460938 -0.0599288940429687 -0.0870742797851563
0.0044097900390625 0.110214233398438 -0.049407958984375 -0.103851318359375
-0.0303192138671875 0.101943969726563 -0.00755310058593751 -0.111892700195313
-0.080963134765625 0.0672988891601562 0.039703369140625 -0.10498046875
-0.102424621582031 0.0204544067382812 0.0776138305664062 -0.0549240112304687
-0.0926132202148437 -0.0772933959960938 0.0785751342773438 0.0115890502929687
-0.0592880249023437 -0.136848449707031 0.0213165283203125 0.0211944580078125
-0.0133514404296875 -0.152252197265625 0.0169696807861328 0.0174379348754883
-0.0514678955078125 -0.10443115234375 0.100662231445313 -0.209213256835937
-0.0696296691894531 -0.0660667419433594 0.0128936767578125 -0.133316040039063
-0.0697593688964844 -0.0195732116699219 0.00218963623046875 -0.0404472351074219
-0.0520095825195313 0.0139541625976562 0.0423965454101563 -0.0502090454101563
-0.0331382751464844 0.0303821563720703 0.0297470092773438 -0.0929031372070313
-0.0172996520996094 0.0484619140625 -0.0159988403320313 -0.115829467773438
-0.00505828857421875 0.047698974609375 -0.0578536987304687 -0.114509582519531
-0.00302505493164062 0.0478591918945313 -0.0716094970703125 -0.109382629394531
-0.00814056396484375 0.0567817687988281 -0.0580062866210937 -0.12567138671875
-0.0278968811035156 0.0443153381347656 -0.00793457031250002 -0.135665893554688
-0.0466117858886719 0.0198135375976563 0.04248046875 -0.113029479980469
-0.0453376770019531 -7.62939453124983E-05 0.0760955810546875 -0.0560760498046875
-0.0375442504882813 -0.038665771484375 0.0616378784179688 0.00298690795898437
-0.0374984741210938 -0.0643959045410156 0.00496292114257812 -0.00764894485473633
-0.0288619995117188 -0.0850067138671875 0.0259914398193359 -0.0311756134033203
-0.0777587890625 -0.029449462890625 0.089569091796875 -0.233444213867188
-0.0611190795898438 0.00637054443359374 0.000946044921875007 -0.14794921875
-0.0287857055664063 0.0367050170898437 -0.0115623474121094 -0.0452384948730469
0.0100917816162109 0.0252571105957031 0.0303535461425781 -0.0518798828125
0.0180606842041016 0.0032501220703125 0.0223159790039063 -0.08489990234375
0.00306034088134766 -0.00952434539794922 -0.019134521484375 -0.113250732421875
-0.0137462615966797 -0.0106401443481445 -0.059478759765625 -0.118453979492188
-0.0111246109008789 -0.00657844543457031 -0.0724868774414062 -0.114151000976563
-0.0182552337646484 -0.00403404235839844 -0.0548324584960938 -0.131706237792969
-0.0187473297119141 -0.0193729400634766 -0.00161743164062499 -0.140899658203125
-0.00435638427734375 -0.0274600982666016 0.046875 -0.10528564453125
0.0177268981933594 -0.0153789520263672 0.0730667114257813 -0.0457916259765625
0.0173616409301758 0.00965976715087891 0.0454216003417969 0.00402069091796875
-0.0153522491455078 0.0188827514648437 -0.00427436828613281 -0.0206050872802734
-0.0449714660644531 -0.00449752807617187 0.0287895202636719 -0.0574607849121094
0.0600738525390625 -0.07733154296875 -5.72204589843649E-05 0.0614395141601562
-0.00930023193359376 -0.105117797851563 0.0132598876953125 0.0151958465576172
-0.074462890625 -0.0534744262695312 -0.0331878662109375 -0.0177478790283203
-0.0765609741210937 0.0233383178710938 -0.0698318481445313 0.0297317504882813
-0.0424079895019531 0.0584526062011719 -0.0507736206054688 0.07867431640625
0.00840759277343751 0.0713348388671875 0.00476837158203124 0.122177124023438
0.0358238220214844 0.0653800964355469 0.0559768676757812 0.123123168945313
0.0237617492675781 0.0601959228515625 0.0672607421875 0.10125732421875
0.0200958251953125 0.06903076171875 0.0523910522460937 0.100326538085938
-0.0181083679199219 0.0681877136230469 0.016571044921875 0.102615356445313
-0.0558090209960937 0.0352935791015625 0.000343322753906247 0.0675544738769531
-0.0624427795410156 -0.0171661376953125 0.000888824462890619 0.0441131591796875
-0.0186309814453125 -0.0703125 0.0263442993164063 0.0783157348632812
0.0431442260742187 -0.0734710693359375 0.0296630859375 0.160003662109375
0.0712127685546875 -0.0363693237304688 -0.091400146484375 0.247604370117188
0.06805419921875 -0.148956298828125 0.0138359069824219 0.0347423553466797
-0.0223541259765625 -0.166336059570312 0.0148477554321289 0.00283813476562499
-0.109443664550781 -0.102493286132813 -0.0228328704833984 -0.0219993591308594
-0.129219055175781 0.0110702514648437 -0.0550041198730469 0.0145225524902344
-0.0864181518554687 0.0805282592773438 -0.0462303161621094 0.0475387573242188
-0.0103302001953125 0.120368957519531 -0.0064239501953125 0.0899887084960938
0.0392379760742188 0.114028930664063 0.0351409912109375 0.0960845947265625
0.0281829833984375 0.104331970214844 0.0473785400390625 0.0750808715820313
0.0246505737304687 0.118690490722656 0.0386810302734375 0.06866455078125
-0.0269775390625 0.115211486816406 0.01824951171875 0.0711593627929688
-0.0889816284179687 0.069610595703125 0.0160980224609375 0.0387153625488281
-0.108131408691406 -0.00472259521484374 0.0258388519287109 0.0304279327392578
-0.0623245239257813 -0.104461669921875 0.0548171997070312 0.0783157348632813
0.01397705078125 -0.138740539550781 0.0478973388671875 0.15740966796875
0.0672149658203125 -0.110618591308594 -0.0645599365234375 0.23870849609375
0.0655517578125 -0.200653076171875 0.0351161956787109 -0.00948333740234376
-0.033294677734375 -0.207489013671875 0.015594482421875 -0.0207481384277344
-0.132652282714844 -0.138824462890625 -0.0148162841796875 -0.0247364044189453
-0.167587280273437 -0.00367736816406254 -0.0333633422851563 -1.7166137695311E-05
-0.120475769042969 0.0914764404296875 -0.0329971313476563 0.0116386413574219
-0.029388427734375 0.152389526367188 -0.0136032104492188 0.0453948974609375
0.0369110107421875 0.145843505859375 0.0099029541015625 0.0538063049316406
0.0287399291992187 0.133026123046875 0.0198287963867188 0.0376815795898438
0.0279541015625 0.151473999023438 0.0171184539794922 0.0267677307128906
-0.0290374755859375 0.148590087890625 0.0156478881835938 0.0279369354248047
-0.109199523925781 0.0988006591796875 0.0285453796386719 0.00158309936523438
-0.142959594726563 0.014434814453125 0.0487403869628906 0.00918197631835938
-0.107063293457031 -0.121665954589844 0.0789413452148438 0.0685806274414062
-0.024871826171875 -0.186279296875 0.0587005615234375 0.138992309570313
0.0500030517578125 -0.17022705078125 -0.0365142822265625 0.203872680664063
0.048583984375 -0.22271728515625 0.0588531494140625 -0.0642127990722656
-0.046600341796875 -0.218124389648437 0.0160865783691406 -0.0523605346679688
-0.143463134765625 -0.149154663085938 -0.00753593444824219 -0.0279331207275391
-0.18157958984375 -0.011322021484375 -0.00827789306640626 -0.0143108367919922
-0.134895324707031 0.0919342041015625 -0.012929916381836 -0.0260162353515625
-0.0423126220703125 0.161239624023438 -0.0174083709716797 -0.00629711151123046
0.0299835205078125 0.155242919921875 -0.0148725509643555 0.00373935699462891
0.0256805419921875 0.142730712890625 -0.0110702514648438 -0.00598716735839843
0.02655029296875 0.161865234375 -0.00893783569335937 -0.0197486877441406
-0.0283203125 0.160659790039063 0.00772857666015625 -0.0211906433105469
-0.114227294921875 0.1136474609375 0.03448486328125 -0.0407028198242187
-0.157760620117188 0.0316925048828125 0.0645904541015625 -0.0171699523925781
-0.136383056640625 -0.121620178222656 0.0914688110351562 0.049407958984375
-0.0589599609375 -0.205642700195313 0.0558090209960937 0.102821350097656
0.02618408203125 -0.201950073242188 -0.01251220703125 0.1474609375
0.019927978515625 -0.211105346679687 0.0793609619140625 -0.122779846191406
-0.0599822998046875 -0.193374633789063 0.015228271484375 -0.085601806640625
-0.135955810546875 -0.12835693359375 -0.000968933105468759 -0.0320701599121094
-0.164962768554688 -0.0100555419921875 0.0172595977783203 -0.0290660858154297
-0.122215270996094 0.0803604125976563 0.00718307495117186 -0.0600738525390625
-0.0445404052734375 0.144500732421875 -0.0178985595703125 -0.0564613342285156
0.0188369750976562 0.140487670898438 -0.03662109375 -0.0469284057617187
0.0182571411132813 0.129623413085938 -0.0401077270507813 -0.048614501953125
0.0194549560546875 0.148544311523438 -0.0349960327148438 -0.0638694763183594
-0.0279693603515625 0.145614624023438 -0.00374984741210938 -0.0700111389160156
-0.104705810546875 0.105140686035156 0.03460693359375 -0.0793685913085938
-0.144500732421875 0.035430908203125 0.0720977783203125 -0.041839599609375
-0.133262634277344 -0.105804443359375 0.0885848999023438 0.0263671875
-0.0723114013671875 -0.189376831054688 0.0394325256347656 0.0588188171386719
0.00352478027343749 -0.196746826171875 0.00478363037109374 0.0779190063476562
-0.0149993896484375 -0.168441772460938 0.091644287109375 -0.174606323242188
-0.06787109375 -0.138557434082031 0.0135879516601563 -0.113960266113281
-0.109306335449219 -0.0811309814453125 0.0029144287109375 -0.0362167358398438
-0.118034362792969 -0.000686645507812475 0.0348548889160156 -0.0421257019042969
-0.0857467651367188 0.0591812133789062 0.0214691162109375 -0.0837936401367188
-0.0355911254882812 0.104957580566406 -0.018463134765625 -0.0944061279296875
0.00703430175781251 0.103172302246094 -0.0525588989257813 -0.087860107421875
0.00834655761718749 0.09710693359375 -0.0622177124023437 -0.0833358764648438
0.007415771484375 0.112785339355469 -0.0541229248046875 -0.0995635986328125
-0.02880859375 0.105796813964844 -0.0126266479492188 -0.109306335449219
-0.0822219848632813 0.0710678100585937 0.0343017578125 -0.104896545410156
-0.105209350585938 0.0219573974609375 0.0733413696289063 -0.056610107421875
-0.0962905883789062 -0.0788650512695313 0.0759048461914063 0.00852966308593749
-0.06195068359375 -0.139488220214844 0.0196781158447266 0.0181732177734375
-0.013275146484375 -0.154449462890625 0.0176887512207031 0.0121440887451172
-0.0485687255859375 -0.104621887207031 0.093048095703125 -0.2137451171875
-0.0671348571777344 -0.0678329467773438 0.00772857666015625 -0.134910583496094
-0.06951904296875 -0.022369384765625 -0.000556945800781253 -0.0407485961914063
-0.054656982421875 0.0118789672851562 0.0391387939453125 -0.0501976013183594
-0.0354537963867187 0.0312843322753906 0.0257186889648438 -0.0916061401367188
-0.0187187194824219 0.0517578125 -0.0198211669921875 -0.113754272460937
-0.00460052490234374 0.0513687133789063 -0.0605239868164063 -0.111686706542969
-0.0028076171875 0.0500373840332031 -0.0739593505859375 -0.105354309082031
-0.0073089599609375 0.0606155395507812 -0.0629119873046875 -0.122550964355469
-0.0288848876953125 0.0483932495117188 -0.0140609741210938 -0.133163452148438
-0.0502281188964844 0.0230140686035156 0.0373001098632813 -0.113571166992188
-0.0485916137695313 -0.000160217285156258 0.0727386474609375 -0.058258056640625
-0.0395660400390625 -0.0420188903808594 0.0592422485351563 0.000404357910156248
-0.0360908508300781 -0.0674285888671875 0.00385379791259765 -0.0106649398803711
-0.0260696411132813 -0.0863189697265625 0.026824951171875 -0.0377845764160156
-0.0729141235351563 -0.0268478393554688 0.0831451416015625 -0.23785400390625
-0.0565071105957031 0.00584030151367187 -0.00416564941406251 -0.149856567382813
-0.0255107879638672 0.0333976745605469 -0.0134239196777344 -0.0448226928710937
0.00884819030761719 0.0212955474853516 0.0279045104980469 -0.0516471862792969
0.0149164199829102 0.00156307220458984 0.0193634033203125 -0.0842208862304688
-0.000523567199707031 -0.0078887939453125 -0.021575927734375 -0.112113952636719
-0.0152101516723633 -0.00695323944091797 -0.0627975463867188 -0.116806030273438
-0.0128650665283203 -0.00401210784912109 -0.0750732421875 -0.111007690429688
-0.0198841094970703 -0.000219345092773433 -0.0595626831054688 -0.129219055175781
-0.0221538543701172 -0.0150527954101562 -0.00787353515625001 -0.139984130859375
-0.00914192199707031 -0.0257244110107422 0.0423507690429688 -0.106178283691406
0.013615608215332 -0.0174541473388672 0.0706863403320313 -0.0485000610351563
0.0170431137084961 0.00411415100097656 0.0437736511230469 0.0020751953125
-0.0118608474731445 0.0149097442626953 -0.00508308410644531 -0.0235519409179687
-0.03973388671875 -0.00461578369140624 0.0305747985839844 -0.0643424987792969
0.0567245483398438 -0.0770263671875 -0.00454330444335938 0.0680427551269531
-0.0123138427734375 -0.1015625 0.0123004913330078 0.0187282562255859
-0.07427978515625 -0.0506515502929687 -0.0327167510986328 -0.0170383453369141
-0.0729217529296875 0.0244827270507813 -0.0701980590820313 0.0303916931152344
-0.0393257141113281 0.0583038330078125 -0.050262451171875 0.07989501953125
0.0105857849121094 0.0689163208007813 0.00611114501953126 0.123573303222656
0.0377540588378906 0.0624923706054688 0.057281494140625 0.124908447265625
0.0258636474609375 0.0579147338867188 0.0683746337890625 0.102615356445313
0.0229682922363281 0.0665359497070312 0.0532302856445313 0.101982116699219
-0.014404296875 0.0683822631835938 0.0173492431640625 0.104339599609375
-0.0537300109863281 0.0374946594238281 8.01086425781188E-05 0.067840576171875
-0.0629997253417969 -0.0143814086914063 0.000503540039062495 0.044036865234375
-0.0217933654785156 -0.0684471130371094 0.0280380249023437 0.0775146484375
0.0387344360351563 -0.0750045776367188 0.03076171875 0.161697387695313
0.0675086975097656 -0.0399894714355469 -0.09210205078125 0.2515869140625
0.06488037109375 -0.151290893554688 0.00895309448242187 0.0409393310546875
-0.025634765625 -0.164657592773438 0.0131731033325195 0.00664043426513671
-0.11029052734375 -0.100677490234375 -0.0230731964111328 -0.0203762054443359
-0.128280639648438 0.0121612548828125 -0.0553054809570313 0.0155525207519531
-0.0841598510742188 0.0814743041992187 -0.0469627380371094 0.0490875244140625
-0.00801849365234374 0.119377136230469 -0.00618743896484375 0.0923309326171875
0.0423507690429687 0.11199951171875 0.0367507934570313 0.098968505859375
0.0310211181640625 0.103424072265625 0.0480804443359375 0.0768585205078125
0.0284576416015625 0.117607116699219 0.0382537841796875 0.0713119506835938
-0.02325439453125 0.116607666015625 0.0187454223632812 0.0736083984375
-0.08795166015625 0.0726776123046875 0.0150489807128906 0.0391349792480469
-0.1103515625 -0.00170135498046877 0.0239639282226562 0.0295944213867187
-0.0671768188476563 -0.104110717773438 0.0557708740234375 0.076812744140625
0.00891113281249999 -0.141845703125 0.048675537109375 0.157989501953125
0.064697265625 -0.11541748046875 -0.0652313232421875 0.241195678710938
0.0638427734375 -0.204437255859375 0.0299816131591797 -0.00471115112304689
-0.036895751953125 -0.208053588867187 0.0134754180908203 -0.0179100036621094
-0.135940551757813 -0.138565063476562 -0.0146713256835938 -0.0234889984130859
-0.16827392578125 -0.002288818359375 -0.0349750518798828 0.00114822387695312
-0.119804382324219 0.0930938720703125 -0.0344009399414063 0.0133399963378906
-0.027618408203125 0.15301513671875 -0.0145378112792969 0.0482444763183594
0.0399017333984375 0.145553588867188 0.0107269287109375 0.0575904846191406
0.0315704345703125 0.133781433105469 0.0198173522949219 0.0402412414550781
0.0313262939453125 0.152084350585938 0.0158481597900391 0.0293922424316406
-0.0265655517578125 0.151687622070313 0.0154190063476562 0.0309925079345703
-0.109115600585938 0.103034973144531 0.0267124176025391 0.00170516967773438
-0.146133422851563 0.0172882080078125 0.046234130859375 0.00851058959960938
-0.11181640625 -0.123306274414062 0.078887939453125 0.0665206909179687
-0.0294036865234375 -0.19122314453125 0.0578384399414063 0.138404846191406
0.048583984375 -0.176010131835938 -0.03729248046875 0.20562744140625
0.0485687255859375 -0.22698974609375 0.0535163879394531 -0.0620803833007813
-0.0495452880859375 -0.220962524414062 0.0132255554199219 -0.0500755310058594
-0.147689819335937 -0.150726318359375 -0.00817871093750001 -0.0264911651611328
-0.184738159179688 -0.0107879638671875 -0.00987815856933595 -0.0132637023925781
-0.134963989257812 0.0943450927734375 -0.0151920318603516 -0.0241756439208984
-0.040924072265625 0.163864135742188 -0.0186328887939453 -0.00283622741699217
0.0324554443359375 0.156448364257812 -0.0144720077514648 0.0072765350341797
0.027435302734375 0.144302368164063 -0.0113077163696289 -0.0030221939086914
0.0298614501953125 0.164108276367188 -0.011016845703125 -0.0168094635009765
-0.02691650390625 0.164108276367188 0.00666427612304687 -0.0190773010253906
-0.115753173828125 0.118354797363281 0.0316886901855469 -0.0404777526855469
-0.161575317382813 0.0338897705078125 0.0617103576660156 -0.0179061889648438
-0.140556335449219 -0.124404907226563 0.0904464721679687 0.0471420288085937
-0.062744140625 -0.211578369140625 0.0548553466796875 0.101463317871094
0.0256500244140625 -0.207794189453125 -0.013336181640625 0.146255493164063
0.02197265625 -0.215438842773438 0.0743331909179688 -0.123382568359375
-0.06085205078125 -0.197433471679688 0.0126876831054687 -0.0855636596679688
-0.140640258789062 -0.131103515625 -0.00189781188964844 -0.03057861328125
-0.169479370117188 -0.00970458984374998 0.0150394439697266 -0.0284175872802734
-0.1243896484375 0.0829010009765625 0.00435638427734375 -0.0586395263671875
-0.04473876953125 0.148269653320313 -0.0202484130859375 -0.0537910461425781
0.02044677734375 0.1429443359375 -0.0370330810546875 -0.0438575744628906
0.0194320678710938 0.132354736328125 -0.0407447814941406 -0.0452232360839844
0.0215301513671875 0.1513671875 -0.0367889404296875 -0.0609130859375
-0.027099609375 0.149826049804688 -0.00580978393554688 -0.0678215026855469
-0.106971740722656 0.108657836914063 0.0317916870117187 -0.0792007446289063
-0.148605346679688 0.0364532470703125 0.0692329406738281 -0.042877197265625
-0.136985778808594 -0.109443664550781 0.0876235961914062 0.0243606567382812
-0.0756988525390625 -0.194915771484375 0.0377273559570312 0.0573348999023437
0.0048065185546875 -0.201797485351563 0.00455474853515625 0.0748214721679687
-0.012176513671875 -0.173110961914063 0.087310791015625 -0.177047729492188
-0.06732177734375 -0.143203735351562 0.0107421875 -0.115364074707031
-0.112632751464844 -0.0853271484375 0.00112915039062499 -0.0361213684082031
-0.122482299804688 -0.00130462646484376 0.0330657958984375 -0.0423774719238281
-0.0887069702148438 0.0606002807617188 0.0187606811523438 -0.0828628540039063
-0.03643798828125 0.109153747558594 -0.0206069946289063 -0.0928268432617188
0.00750732421875001 0.10662841796875 -0.053070068359375 -0.0854339599609375
0.00875091552734374 0.1004638671875 -0.0630416870117187 -0.0812454223632813
0.00824737548828125 0.11676025390625 -0.056732177734375 -0.0973968505859375
-0.0293807983398437 0.109909057617188 -0.0150909423828125 -0.107818603515625
-0.0859146118164063 0.0743179321289063 0.0315704345703125 -0.105339050292969
-0.109443664550781 0.0212860107421875 0.0706024169921875 -0.0582733154296875
-0.0990753173828125 -0.08349609375 0.0738983154296875 0.00700378417968749
-0.0624237060546875 -0.144821166992188 0.0174541473388672 0.0162839889526367
-0.0101776123046875 -0.159637451171875 0.0177669525146484 0.00772476196289061
-0.0444869995117188 -0.106529235839844 0.091461181640625 -0.217910766601563
-0.0650558471679688 -0.0709457397460938 0.00528717041015624 -0.137474060058594
-0.0709686279296875 -0.026214599609375 -0.00181961059570313 -0.040863037109375
-0.0585975646972656 0.00943756103515624 0.0375595092773437 -0.0503692626953125
-0.0387191772460938 0.0314903259277344 0.0236740112304687 -0.0914764404296875
-0.0208358764648438 0.0543937683105469 -0.0211105346679688 -0.113166809082031
-0.005340576171875 0.0545768737792969 -0.0619583129882813 -0.111076354980469
-0.0031585693359375 0.05364990234375 -0.0753631591796875 -0.104293823242188
-0.007904052734375 0.0643424987792969 -0.0652008056640625 -0.121200561523438
-0.0302963256835937 0.0529022216796875 -0.0166702270507812 -0.132766723632812
-0.0542449951171875 0.0253028869628906 0.0352401733398438 -0.114219665527344
-0.05303955078125 -0.00153732299804688 0.0711593627929687 -0.0593032836914062
-0.0415420532226563 -0.047088623046875 0.0574913024902344 -0.000129699707031253
-0.0354232788085937 -0.0723724365234375 0.00217342376708984 -0.0129919052124023
-0.0224761962890625 -0.0892410278320312 0.0282478332519531 -0.0438041687011719
-0.0693855285644531 -0.0266799926757813 0.08258056640625 -0.243362426757813
-0.0531044006347656 0.00391769409179687 -0.0057525634765625 -0.153106689453125
-0.0243873596191406 0.0307216644287109 -0.0146598815917969 -0.0455513000488281
0.0071258544921875 0.0185165405273438 0.0269851684570312 -0.0515060424804688
0.012237548828125 0.000646591186523438 0.0190658569335937 -0.08453369140625
-0.00287103652954102 -0.00585031509399414 -0.0222396850585937 -0.112525939941406
-0.0169162750244141 -0.00378322601318359 -0.0635528564453125 -0.117774963378906
-0.0146160125732422 -0.00105857849121094 -0.076202392578125 -0.111854553222656
-0.0209751129150391 0.00307273864746094 -0.06201171875 -0.128974914550781
-0.0246810913085938 -0.0113925933837891 -0.0102005004882813 -0.140304565429688
-0.0132007598876953 -0.0241794586181641 0.040740966796875 -0.107528686523438
0.0100784301757813 -0.0190944671630859 0.0699844360351563 -0.0494575500488281
0.0165128707885742 0.000332832336425781 0.0427780151367188 0.00156784057617188
-0.00955867767333985 0.0113964080810547 -0.00549697875976562 -0.0265026092529297
-0.0353240966796875 -0.00637817382812501 0.03302001953125 -0.0717010498046875
0.0551605224609375 -0.0777816772460938 -0.00867462158203125 0.0767898559570313
-0.0151596069335937 -0.100982666015625 0.0114459991455078 0.0228366851806641
-0.0750198364257812 -0.0493698120117188 -0.0328826904296875 -0.0159282684326172
-0.0718460083007813 0.0256195068359375 -0.071502685546875 0.0318756103515625
-0.0376701354980469 0.0590019226074219 -0.0513992309570313 0.0820388793945313
0.0120697021484375 0.0686264038085938 0.00704193115234376 0.127456665039063
0.0404243469238281 0.0610809326171875 0.0600662231445313 0.129417419433594
0.0283851623535156 0.0570602416992188 0.0707778930664063 0.106475830078125
0.0264701843261719 0.0659217834472656 0.0551986694335938 0.105941772460938
-0.0116958618164063 0.0691299438476563 0.0188064575195312 0.108230590820313
-0.0530891418457031 0.0402603149414063 -0.000946044921875007 0.07061767578125
-0.0645675659179688 -0.012664794921875 -0.000633239746093753 0.0452499389648437
-0.0248603820800781 -0.0688056945800781 0.0301971435546875 0.0789642333984375
0.0355758666992187 -0.0771560668945313 0.0319976806640625 0.166748046875
0.0658836364746094 -0.042938232421875 -0.0959320068359375 0.26080322265625
0.064788818359375 -0.155731201171875 0.00394058227539063 0.048065185546875
-0.0283203125 -0.16705322265625 0.0120391845703125 0.0102682113647461
-0.113670349121094 -0.101783752441406 -0.0234241485595703 -0.0193653106689453
-0.130111694335938 0.0125656127929687 -0.0573196411132813 0.0166168212890625
-0.0847320556640625 0.0832901000976563 -0.0486717224121094 0.051666259765625
-0.0071563720703125 0.121391296386719 -0.00628662109375001 0.0964508056640625
0.0451583862304688 0.113128662109375 0.0384979248046875 0.102958679199219
0.0336151123046875 0.105026245117188 0.04986572265625 0.0813446044921875
0.0318984985351563 0.120330810546875 0.0394287109375 0.0755538940429688
-0.0208663940429687 0.120635986328125 0.0197372436523437 0.0776290893554688
-0.08880615234375 0.0767288208007813 0.0134811401367187 0.04058837890625
-0.114837646484375 7.62939453126473E-06 0.022857666015625 0.0305385589599609
-0.072265625 -0.107315063476563 0.0572891235351563 0.0782546997070313
0.00511169433593749 -0.148269653320313 0.049163818359375 0.162490844726563
0.0638885498046875 -0.1220703125 -0.069061279296875 0.250076293945312
0.0645599365234375 -0.211532592773438 0.0251560211181641 -6.4849853515638E-05
-0.0397186279296875 -0.212936401367188 0.011601448059082 -0.0150880813598633
-0.141021728515625 -0.142044067382813 -0.0156631469726563 -0.0225429534912109
-0.173324584960937 -0.0022735595703125 -0.03668212890625 0.00246810913085938
-0.122161865234375 0.09649658203125 -0.0362548828125 0.0155563354492188
-0.0271759033203125 0.15704345703125 -0.015655517578125 0.0519866943359375
0.042938232421875 0.14874267578125 0.0118637084960937 0.0615158081054688
0.0338821411132812 0.137214660644531 0.0210952758789063 0.0443229675292969
0.034912109375 0.1568603515625 0.0159702301025391 0.033538818359375
-0.02490234375 0.1571044921875 0.0156135559082031 0.033721923828125
-0.112503051757813 0.108863830566406 0.0252723693847656 0.00212860107421876
-0.152877807617188 0.0193328857421875 0.0445594787597656 0.00837326049804688
-0.119300842285156 -0.127532958984375 0.080535888671875 0.0676116943359375
-0.0348052978515625 -0.199951171875 0.0585784912109375 0.141693115234375
0.048980712890625 -0.185409545898438 -0.0403900146484375 0.211929321289063
0.0509490966796875 -0.23699951171875 0.0493736267089844 -0.0600814819335938
-0.051788330078125 -0.228347778320313 0.0112419128417969 -0.0494461059570313
-0.154617309570312 -0.156234741210938 -0.00921630859375001 -0.0265426635742188
-0.192794799804688 -0.010528564453125 -0.0110979080200195 -0.0121221542358398
-0.139533996582031 0.09796142578125 -0.0176219940185547 -0.0225925445556641
-0.0419464111328125 0.169708251953125 -0.0199661254882813 0.00011825561523439
0.0343475341796875 0.162094116210938 -0.0145559310913086 0.0102071762084961
0.0296630859375 0.14935302734375 -0.0114593505859375 -0.000147819519042961
0.032806396484375 0.16998291015625 -0.0121822357177734 -0.0138339996337891
-0.025726318359375 0.171249389648438 0.00633430480957031 -0.0173130035400391
-0.11993408203125 0.124366760253906 0.0306854248046875 -0.0413360595703125
-0.16912841796875 0.0357513427734375 0.0608673095703125 -0.0196113586425781
-0.14862060546875 -0.13037109375 0.0918807983398437 0.0469436645507813
-0.0679931640625 -0.22076416015625 0.0539703369140625 0.103546142578125
0.0275726318359375 -0.218185424804687 -0.0156097412109375 0.1492919921875
0.0244140625 -0.225845336914063 0.0718765258789063 -0.124809265136719
-0.063018798828125 -0.206512451171875 0.00984191894531251 -0.0867691040039063
-0.1480712890625 -0.137863159179688 -0.00336265563964845 -0.0307846069335938
-0.177505493164063 -0.0107269287109375 0.0135765075683594 -0.0276832580566406
-0.129898071289063 0.0866317749023438 0.00296401977539062 -0.0580482482910156
-0.0457305908203125 0.15533447265625 -0.0223007202148438 -0.0522422790527344
0.02197265625 0.148757934570313 -0.0378532409667969 -0.0425834655761719
0.0209884643554688 0.138427734375 -0.0418281555175781 -0.0441322326660156
0.0237884521484375 0.158584594726563 -0.0395927429199219 -0.059417724609375
-0.027099609375 0.157302856445313 -0.0068206787109375 -0.0676765441894531
-0.112472534179688 0.115562438964844 0.0301437377929688 -0.081024169921875
-0.156158447265625 0.0383758544921875 0.0683975219726562 -0.0445747375488281
-0.144989013671875 -0.116363525390625 0.0879058837890625 0.0242538452148437
-0.0794219970703125 -0.204269409179688 0.0364112854003906 0.057525634765625
0.00753784179687501 -0.2115478515625 0.00373077392578126 0.0741119384765625
-0.00836181640625001 -0.181716918945313 0.0873565673828125 -0.183303833007812
-0.068359375 -0.15142822265625 0.00805664062500001 -0.119758605957031
-0.11846923828125 -0.091400146484375 9.53674316406189E-05 -0.0369758605957031
-0.130714416503906 -0.00279998779296877 0.0322418212890625 -0.041839599609375
-0.094024658203125 0.0638351440429688 0.017608642578125 -0.0836105346679688
-0.0390548706054687 0.115119934082031 -0.02191162109375 -0.0936050415039062
0.00836944580078124 0.112556457519531 -0.054443359375 -0.0865478515625
0.00971984863281251 0.105812072753906 -0.0647048950195313 -0.0813217163085938
0.00968170166015626 0.122390747070313 -0.0597000122070313 -0.0978240966796875
-0.0299911499023437 0.117095947265625 -0.0167160034179688 -0.109138488769531
-0.0907516479492188 0.0792465209960937 0.030914306640625 -0.108062744140625
-0.11614990234375 0.0218734741210938 0.0707626342773437 -0.0596160888671875
-0.105133056640625 -0.090057373046875 0.0738754272460938 0.00697326660156249
-0.0653228759765625 -0.153305053710937 0.0161275863647461 0.0148801803588867
-0.00697326660156252 -0.16729736328125 0.0184764862060547 0.00313949584960937
-0.0407180786132812 -0.111824035644531 0.0928802490234375 -0.226760864257813
-0.0640869140625 -0.0772552490234375 0.00390625000000001 -0.143798828125
-0.0738525390625 -0.0307540893554688 -0.00314331054687501 -0.042449951171875
-0.0634956359863281 0.00727462768554688 0.0369911193847656 -0.0507774353027344
-0.0425834655761719 0.0326271057128906 0.02337646484375 -0.0933990478515625
-0.0232925415039062 0.0591354370117187 -0.0224990844726563 -0.115013122558594
-0.0055999755859375 0.0594673156738281 -0.0632553100585938 -0.114036560058594
-0.00413894653320313 0.0577125549316406 -0.077301025390625 -0.106437683105469
-0.00782394409179687 0.0691452026367188 -0.068450927734375 -0.123306274414062
-0.0320701599121094 0.0582771301269531 -0.0183792114257813 -0.136032104492188
-0.058746337890625 0.0278892517089844 0.0344924926757812 -0.117378234863281
-0.0576248168945312 -0.00241088867187499 0.0717697143554688 -0.0612945556640625
-0.04461669921875 -0.0527839660644531 0.0578422546386719 -6.48498535156282E-05
-0.035400390625 -0.0785293579101563 0.001190185546875 -0.0154457092285156
-0.0177459716796875 -0.0949249267578125 0.029632568359375 -0.0505294799804688
-0.0664787292480469 -0.0279502868652344 0.085601806640625 -0.253341674804688
-0.0514602661132813 0.00112152099609375 -0.006195068359375 -0.160324096679688
-0.0241546630859375 0.0286922454833984 -0.0163803100585938 -0.0473442077636719
0.00524139404296875 0.01690673828125 0.0271034240722656 -0.0527305603027344
0.00975513458251953 -0.000278472900390625 0.0189590454101562 -0.086761474609375
-0.00612878799438476 -0.003631591796875 -0.0226821899414062 -0.115943908691406
-0.0181369781494141 -0.00121879577636719 -0.0655136108398438 -0.121871948242188
-0.0157976150512695 0.00140476226806641 -0.078704833984375 -0.115272521972656
-0.0218429565429688 0.00577735900878906 -0.06488037109375 -0.133033752441406
-0.0270137786865234 -0.00815010070800781 -0.0124359130859375 -0.144424438476563
-0.0172538757324219 -0.0232734680175781 0.041046142578125 -0.110893249511719
0.00747489929199219 -0.0205326080322266 0.07147216796875 -0.0514755249023438
0.0159120559692383 -0.00386714935302734 0.043548583984375 0.00121688842773437
-0.00788259506225586 0.00795698165893555 -0.00618934631347657 -0.0301132202148438
-0.0317192077636719 -0.00846481323242187 0.0357742309570313 -0.0800552368164063
0.0537796020507812 -0.0817642211914063 -0.011322021484375 0.0879440307617188
-0.0194625854492188 -0.101203918457031 0.0116462707519531 0.0282382965087891
-0.077362060546875 -0.0477523803710938 -0.034027099609375 -0.0153179168701172
-0.0721282958984375 0.028045654296875 -0.0740203857421875 0.035003662109375
-0.0365982055664063 0.0615997314453125 -0.052978515625 0.0870742797851563
0.0149650573730469 0.0698013305664063 0.0097808837890625 0.133644104003906
0.0440483093261719 0.0601806640625 0.066131591796875 0.134696960449219
0.0318565368652344 0.0573234558105469 0.0759963989257813 0.111274719238281
0.03057861328125 0.0663070678710938 0.06005859375 0.111076354980469
-0.00780487060546874 0.0717620849609375 0.0220184326171875 0.113784790039063
-0.052154541015625 0.0442237854003906 -2.28881835937493E-05 0.07379150390625
-0.0674705505371094 -0.00993728637695313 -0.000564575195312502 0.0475273132324219
-0.0286331176757812 -0.0688552856445313 0.0336761474609375 0.081024169921875
0.03192138671875 -0.0811920166015625 0.0361175537109375 0.175064086914063
0.0644340515136719 -0.0481491088867187 -0.097259521484375 0.277175903320312
0.063507080078125 -0.164230346679688 0.000614166259765627 0.0569381713867187
-0.034393310546875 -0.171722412109375 0.0104560852050781 0.0141887664794922
-0.12042236328125 -0.102325439453125 -0.0242099761962891 -0.0184574127197266
-0.134689331054688 0.0159072875976563 -0.0601425170898438 0.0188827514648438
-0.0863265991210938 0.0886383056640625 -0.0507278442382813 0.0554351806640625
-0.00450897216796875 0.126556396484375 -0.00475311279296875 0.1029052734375
0.0500946044921875 0.115303039550781 0.0428695678710938 0.109260559082031
0.0387039184570313 0.107856750488281 0.0539093017578125 0.0859832763671875
0.03814697265625 0.123771667480469 0.0424575805664063 0.0803604125976563
-0.0168228149414062 0.126968383789063 0.0225143432617187 0.082275390625
-0.090301513671875 0.084747314453125 0.0137405395507812 0.043182373046875
-0.121696472167969 0.00426483154296877 0.0229644775390625 0.0311660766601562
-0.0800857543945313 -0.110343933105469 0.0617141723632812 0.0798110961914063
-0.00192260742187501 -0.157028198242188 0.0533294677734375 0.170272827148438
0.06219482421875 -0.132400512695313 -0.0703582763671875 0.264862060546875
0.0637359619140625 -0.224578857421875 0.021026611328125 0.00531387329101561
-0.04718017578125 -0.220962524414063 0.00992298126220703 -0.0125751495361328
-0.1510009765625 -0.144866943359375 -0.0163784027099609 -0.0217685699462891
-0.181716918945313 0.00149536132812501 -0.0390510559082031 0.00469207763671874
-0.125633239746094 0.10394287109375 -0.0386543273925781 0.0184555053710938
-0.0249481201171875 0.165786743164063 -0.0158729553222656 0.0572586059570313
0.0485687255859375 0.154296875 0.0148162841796875 0.0668411254882813
0.0395355224609375 0.143096923828125 0.0225715637207031 0.0487480163574219
0.0417938232421875 0.16314697265625 0.0169563293457031 0.0379867553710938
-0.02093505859375 0.166122436523437 0.017547607421875 0.0370101928710938
-0.115592956542969 0.118476867675781 0.0249233245849609 0.00268554687500001
-0.161941528320313 0.0253143310546875 0.0447006225585938 0.00795364379882813
-0.130828857421875 -0.132499694824219 0.0846786499023437 0.0679702758789062
-0.04449462890625 -0.210968017578125 0.0625457763671875 0.147018432617188
0.0466156005859375 -0.19915771484375 -0.0402679443359375 0.223037719726563
0.0503692626953125 -0.251388549804688 0.0466079711914062 -0.0606536865234375
-0.05987548828125 -0.239120483398437 0.0081329345703125 -0.0495758056640625
-0.167266845703125 -0.160781860351563 -0.0107612609863281 -0.0259532928466797
-0.204421997070313 -0.00660705566406254 -0.0130548477172852 -0.0110044479370117
-0.14501953125 0.106201171875 -0.0206546783447266 -0.02142333984375
-0.0402984619140625 0.180206298828125 -0.0217189788818359 0.00255584716796876
0.0402374267578125 0.1690673828125 -0.0141878128051758 0.013514518737793
0.0350189208984375 0.156356811523438 -0.0120668411254883 0.00300979614257814
0.0391998291015625 0.179153442382813 -0.0138568878173828 -0.0107545852661133
-0.0216827392578125 0.181655883789063 0.0056610107421875 -0.0162353515625
-0.124427795410156 0.136054992675781 0.0289573669433594 -0.042724609375
-0.179367065429688 0.041900634765625 0.0605354309082031 -0.0214195251464844
-0.162002563476563 -0.135040283203125 0.09405517578125 0.04608154296875
-0.0789794921875 -0.232818603515625 0.0558395385742187 0.106536865234375
0.02587890625 -0.23370361328125 -0.015106201171875 0.155166625976562
0.0241851806640625 -0.241348266601563 0.0690383911132813 -0.130638122558594
-0.069732666015625 -0.218368530273438 0.00621032714843749 -0.0905609130859375
-0.1605224609375 -0.143325805664063 -0.00509643554687501 -0.0319957733154297
-0.19061279296875 -0.0068359375 0.0125217437744141 -0.0284976959228516
-0.136077880859375 0.0941162109375 -7.62939453125035E-05 -0.0594406127929687
-0.0459442138671875 0.16644287109375 -0.0248603820800781 -0.0520973205566406
0.0272216796875 0.157241821289062 -0.0396575927734375 -0.0414047241210937
0.0251617431640625 0.14605712890625 -0.04400634765625 -0.0428962707519531
0.029296875 0.167816162109375 -0.0430908203125 -0.0587425231933594
-0.024078369140625 0.168594360351563 -0.00922012329101563 -0.0680656433105469
-0.11688232421875 0.126251220703125 0.0281982421875 -0.0842437744140625
-0.1663818359375 0.0430450439453125 0.0683631896972656 -0.0483283996582031
-0.157073974609375 -0.121810913085938 0.0902328491210937 0.0230865478515625
-0.089691162109375 -0.215789794921875 0.0371131896972656 0.0580101013183594
0.00607299804687497 -0.226486206054688 0.00365447998046875 0.0742874145507812
-0.00787353515624999 -0.19329833984375 0.0848388671875 -0.193634033203125
-0.0736236572265625 -0.161666870117188 0.00402069091796876 -0.125900268554688
-0.128578186035156 -0.0967788696289063 -0.00218963623046876 -0.0389671325683594
-0.140914916992188 -0.00105285644531249 0.0312461853027344 -0.0431365966796875
-0.10009765625 0.069183349609375 0.0155410766601562 -0.0865097045898438
-0.0391998291015625 0.124961853027344 -0.0253982543945313 -0.094970703125
0.010986328125 0.12005615234375 -0.0585479736328125 -0.0885696411132813
0.0119552612304687 0.112937927246094 -0.0687255859375 -0.0825119018554688
0.0130615234375 0.131233215332031 -0.0650634765625 -0.09893798828125
-0.0292739868164062 0.126678466796875 -0.0205078125 -0.112571716308594
-0.095916748046875 0.0879440307617187 0.0286865234375 -0.113006591796875
-0.125053405761719 0.0247802734375 0.0706863403320312 -0.0644378662109375
-0.114646911621094 -0.0957489013671875 0.0750350952148437 0.00630187988281249
-0.0719757080078125 -0.162948608398438 0.0145282745361328 0.0138673782348633
-0.00605773925781251 -0.1788330078125 0.0177516937255859 -0.00122833251953126
-0.0402984619140625 -0.119422912597656 0.0921478271484375 -0.241928100585938
-0.0673751831054687 -0.083892822265625 -0.00059509277343751 -0.153823852539063
-0.0794525146484375 -0.034210205078125 -0.00513458251953126 -0.0449905395507813
-0.0703201293945313 0.00748443603515624 0.0373611450195312 -0.0536231994628906
-0.0469818115234375 0.0352439880371094 0.0217971801757813 -0.097015380859375
-0.0251235961914063 0.0643234252929688 -0.0259628295898437 -0.1190185546875
-0.00502395629882813 0.0654373168945313 -0.0688018798828125 -0.118133544921875
-0.00343704223632812 0.0631217956542969 -0.0831451416015625 -0.109580993652344
-0.00630950927734375 0.0751495361328125 -0.07452392578125 -0.12677001953125
-0.0329322814941406 0.0650253295898438 -0.0232086181640625 -0.140762329101563
-0.064056396484375 0.0337486267089844 0.0331039428710937 -0.124107360839844
-0.0644454956054688 -0.00255584716796876 0.0724411010742187 -0.0656204223632812
-0.0498580932617188 -0.0577049255371094 0.0588912963867187 -0.00115966796875
-0.0383377075195312 -0.0857925415039062 -0.00127792358398438 -0.0179176330566406
-0.0163497924804687 -0.10260009765625 0.0306549072265625 -0.0593643188476563
-0.06591796875 -0.0292510986328125 0.085052490234375 -0.270858764648438
-0.0507774353027344 -0.000698089599609386 -0.00994873046875002 -0.170425415039063
-0.0247936248779297 0.0270595550537109 -0.0179939270019531 -0.0499191284179688
0.00293922424316406 0.0156021118164062 0.026763916015625 -0.0545310974121094
0.008056640625 -0.000730991363525391 0.0179443359375 -0.0907211303710938
-0.00801897048950195 -0.00163888931274414 -0.0262374877929687 -0.120697021484375
-0.0202159881591797 0.00196647644042969 -0.07061767578125 -0.127334594726563
-0.0172319412231445 0.00408840179443359 -0.0847015380859375 -0.119369506835938
-0.0236110687255859 0.00899696350097656 -0.0713653564453125 -0.137626647949219
-0.0289211273193359 -0.00499153137207032 -0.0171356201171875 -0.149688720703125
-0.0216045379638672 -0.0213890075683594 0.0405731201171875 -0.117080688476563
0.00389862060546875 -0.0222091674804688 0.0732040405273438 -0.0559844970703125
0.0153284072875977 -0.00789833068847656 0.0445671081542969 0.000728607177734375
-0.00714015960693359 0.00466728210449219 -0.00780296325683594 -0.0345134735107422
-0.0291290283203125 -0.0107822418212891 0.0375900268554687 -0.0914230346679688
0.0499267578125 -0.0861053466796875 -0.0103073120117187 0.09954833984375
-0.0263595581054688 -0.100624084472656 0.0131340026855469 0.0335578918457031
-0.0812454223632812 -0.0441131591796875 -0.0348777770996094 -0.0134811401367187
-0.070892333984375 0.0318222045898437 -0.0752792358398437 0.0393600463867188
-0.0333290100097656 0.0648307800292969 -0.051177978515625 0.0930862426757812
0.0197601318359375 0.0703964233398438 0.0163650512695313 0.139251708984375
0.0485649108886719 0.0582237243652344 0.0761489868164063 0.138694763183594
0.0363349914550781 0.0559768676757813 0.0846481323242188 0.114089965820313
0.03662109375 0.0656623840332031 0.0674896240234375 0.115058898925781
-0.002227783203125 0.0742645263671875 0.0284194946289062 0.118324279785156
-0.0503196716308594 0.0491981506347656 0.00269317626953125 0.0773773193359375
-0.0702896118164063 -0.00484466552734374 0.000591278076171873 0.0502128601074219
-0.0345573425292969 -0.0689468383789063 0.0389556884765625 0.0825042724609375
0.0264053344726562 -0.08538818359375 0.044647216796875 0.18157958984375
0.0612754821777344 -0.05426025390625 -0.090179443359375 0.29681396484375
0.058013916015625 -0.174331665039063 -0.00052261352539062 0.0668258666992188
-0.0451202392578125 -0.17474365234375 0.0104694366455078 0.0184898376464844
-0.129585266113281 -0.0998382568359375 -0.0255470275878906 -0.0177555084228516
-0.138031005859375 0.0221710205078125 -0.0617446899414062 0.0230712890625
-0.0841140747070312 0.0955734252929688 -0.0508003234863281 0.061279296875
0.00213623046875001 0.131477355957031 -0.000610351562500002 0.108779907226563
0.0576248168945313 0.116355895996094 0.0506210327148438 0.113395690917969
0.045623779296875 0.10968017578125 0.0608062744140625 0.089508056640625
0.0472869873046875 0.126365661621094 0.0477447509765625 0.08428955078125
-0.00949096679687499 0.133293151855469 0.0275421142578125 0.0861282348632813
-0.0895462036132812 0.0942230224609375 0.0151786804199219 0.044830322265625
-0.127822875976563 0.0119476318359375 0.0236282348632812 0.0321598052978516
-0.091766357421875 -0.110740661621094 0.0669937133789063 0.0789794921875
-0.0133514404296875 -0.164169311523438 0.06219482421875 0.175384521484375
0.0568389892578125 -0.14337158203125 -0.06304931640625 0.28131103515625
0.056427001953125 -0.238922119140625 0.0181903839111328 0.0105934143066406
-0.06036376953125 -0.228073120117188 0.00775623321533203 -0.00989246368408204
-0.164596557617187 -0.143936157226563 -0.0184440612792969 -0.0209693908691406
-0.189865112304688 0.00985717773437503 -0.0407638549804688 0.00745391845703125
-0.126716613769531 0.114250183105469 -0.0407180786132813 0.0225181579589844
-0.017822265625 0.174346923828125 -0.0139007568359375 0.0624732971191406
0.0580596923828125 0.157867431640625 0.0193634033203125 0.07147216796875
0.048583984375 0.147018432617188 0.0268402099609375 0.0523109436035156
0.052886962890625 0.168441772460938 0.0193138122558594 0.0413703918457031
-0.0117950439453125 0.175369262695313 0.0198478698730469 0.03936767578125
-0.115020751953125 0.131683349609375 0.0244636535644531 0.0022411346435547
-0.170211791992188 0.034881591796875 0.0445594787597656 0.00670623779296875
-0.145843505859375 -0.133193969726563 0.0893096923828125 0.0654983520507812
-0.0600128173828125 -0.219772338867188 0.0692596435546875 0.150115966796875
0.0389404296875 -0.213211059570313 -0.0337677001953125 0.234420776367188
0.041656494140625 -0.267715454101563 0.0407943725585938 -0.0606422424316406
-0.0744476318359375 -0.248077392578125 0.00382614135742187 -0.0495223999023438
-0.183807373046875 -0.160537719726563 -0.0125484466552735 -0.0259761810302734
-0.215179443359375 0.00256347656249999 -0.0149669647216797 -0.00957012176513672
-0.147659301757813 0.118728637695313 -0.0232448577880859 -0.0193042755126953
-0.0335235595703125 0.1915283203125 -0.0228595733642578 0.0061473846435547
0.0504608154296875 0.175567626953125 -0.0131406784057617 0.0173540115356445
0.044830322265625 0.163299560546875 -0.0110301971435547 0.00674152374267579
0.0515289306640625 0.18597412109375 -0.0150794982910156 -0.00749206542968749
-0.0123291015625 0.192703247070313 0.00524330139160156 -0.0150394439697266
-0.123565673828125 0.1502685546875 0.0267524719238281 -0.0451545715332031
-0.18890380859375 0.05328369140625 0.0592689514160156 -0.0239410400390625
-0.179122924804688 -0.135711669921875 0.0985641479492187 0.043487548828125
-0.096710205078125 -0.241989135742188 0.0609130859375 0.107795715332031
0.0165252685546875 -0.24884033203125 -0.0108642578125 0.161056518554687
0.016571044921875 -0.25677490234375 0.0624008178710938 -0.137008666992188
-0.0830535888671875 -0.228042602539063 -0.000427246093750001 -0.0935897827148438
-0.176406860351563 -0.144607543945312 -0.00813293457031251 -0.0325679779052734
-0.202590942382812 0.00155639648437503 0.0106639862060547 -0.0286197662353516
-0.139938354492188 0.107025146484375 -0.00345230102539064 -0.0598068237304687
-0.039764404296875 0.178207397460938 -0.0282363891601562 -0.0508842468261719
0.03582763671875 0.164886474609375 -0.0429306030273438 -0.0396842956542969
0.033935546875 0.153640747070313 -0.0475578308105469 -0.0403594970703125
0.0402069091796875 0.175628662109375 -0.048370361328125 -0.05657958984375
-0.01611328125 0.179092407226562 -0.0130233764648437 -0.0697097778320312
-0.117462158203125 0.140167236328125 0.0238876342773437 -0.0892257690429687
-0.176162719726563 0.0533599853515625 0.0658988952636719 -0.0525703430175781
-0.17340087890625 -0.123001098632812 0.0920791625976562 0.0199050903320312
-0.10528564453125 -0.224380493164063 0.03826904296875 0.0582351684570312
-0.00155639648437501 -0.240951538085938 0.00518035888671875 0.0747528076171875
-0.0142822265625 -0.206283569335938 0.0776214599609375 -0.205963134765625
-0.08306884765625 -0.169540405273438 -0.00450897216796876 -0.133163452148437
-0.141159057617188 -0.0980224609375 -0.00554656982421876 -0.0403900146484375
-0.151702880859375 0.0052337646484375 0.0298194885253906 -0.0464630126953125
-0.1043701171875 0.0785064697265625 0.0115890502929687 -0.0889434814453125
-0.0355987548828125 0.1358642578125 -0.0309066772460938 -0.0969772338867187
0.0172271728515625 0.127761840820313 -0.0650787353515625 -0.0883026123046875
0.0178070068359375 0.119819641113281 -0.0752487182617187 -0.0815277099609375
0.0205459594726563 0.139144897460937 -0.0726242065429688 -0.0979232788085937
-0.0244903564453125 0.136474609375 -0.0271072387695312 -0.114830017089844
-0.0985565185546875 0.0987930297851563 0.0228347778320312 -0.118949890136719
-0.133155822753906 0.03173828125 0.0689506530761719 -0.0697441101074219
-0.127166748046875 -0.097869873046875 0.0766677856445313 0.00257110595703124
-0.0831146240234375 -0.170700073242188 0.0135250091552734 0.0120058059692383
-0.0112457275390625 -0.190399169921875 0.0178337097167969 -0.00676155090332032
-0.0432968139648437 -0.126724243164063 0.082916259765625 -0.258804321289063
-0.0718841552734375 -0.088531494140625 -0.00888061523437501 -0.16278076171875
-0.085235595703125 -0.03582763671875 -0.00901031494140626 -0.0478401184082031
-0.0769119262695313 0.0104751586914063 0.0357017517089844 -0.0567436218261719
-0.0507850646972656 0.039764404296875 0.0177078247070312 -0.100997924804688
-0.0242080688476563 0.0719985961914063 -0.0320587158203125 -0.12225341796875
-0.00216674804687501 0.0717391967773437 -0.0774307250976563 -0.120201110839844
-0.000240325927734376 0.0694236755371094 -0.091583251953125 -0.109619140625
-0.00307464599609376 0.082275390625 -0.0836944580078125 -0.127059936523438
-0.031097412109375 0.072845458984375 -0.03106689453125 -0.143768310546875
-0.0674476623535156 0.0408592224121094 0.0271682739257812 -0.130760192871094
-0.070709228515625 -5.34057617187376E-05 0.0713653564453125 -0.0723037719726563
-0.0569190979003906 -0.0613746643066406 0.06011962890625 -0.0031890869140625
-0.043609619140625 -0.0911178588867188 -0.003448486328125 -0.0207176208496094
-0.0176849365234375 -0.109725952148438 0.02935791015625 -0.069000244140625
-0.065826416015625 -0.0291366577148437 0.076934814453125 -0.289337158203125
-0.0507583618164063 -0.00156784057617187 -0.0193023681640625 -0.180633544921875
-0.0243568420410156 0.0266132354736328 -0.0221290588378906 -0.0521507263183594
0.00210285186767578 0.0143699645996094 0.024993896484375 -0.0582618713378906
0.00599241256713867 -0.00152921676635742 0.0152130126953125 -0.0945663452148438
-0.010035514831543 0.000486373901367189 -0.031524658203125 -0.125152587890625
-0.0206165313720703 0.00551986694335937 -0.0801925659179688 -0.130699157714844
-0.0181846618652344 0.00802040100097656 -0.0944442749023438 -0.121604919433594
-0.0244197845458984 0.0130691528320313 -0.08062744140625 -0.140716552734375
-0.0309352874755859 -0.000907897949218751 -0.025970458984375 -0.155197143554688
-0.0255622863769531 -0.0193691253662109 0.0356597900390625 -0.125106811523438
0.000459671020507814 -0.0238990783691406 0.073333740234375 -0.062042236328125
0.0141353607177734 -0.0119266510009766 0.0457992553710938 -0.00127029418945313
-0.00614356994628906 0.00184440612792969 -0.0106277465820313 -0.0378799438476562
-0.0268344879150391 -0.0132122039794922 0.03533935546875 -0.103561401367187
0.0447463989257813 -0.0887680053710938 -0.00563812255859375 0.109939575195313
-0.0333633422851562 -0.0977020263671875 0.0151405334472656 0.0375823974609375
-0.0832290649414063 -0.0385360717773438 -0.0348472595214844 -0.0109004974365234
-0.0684623718261719 0.0351905822753906 -0.0743331909179688 0.0442581176757812
-0.028839111328125 0.0673332214355469 -0.0469741821289062 0.09820556640625
0.0246124267578125 0.0691184997558594 0.0247039794921875 0.141952514648438
0.0522880554199219 0.0541839599609375 0.0863037109375 0.137680053710938
0.0406265258789062 0.0533638000488281 0.0931243896484375 0.112800598144531
0.0431404113769531 0.0626296997070313 0.075286865234375 0.115325927734375
0.00437164306640625 0.0746612548828125 0.0362701416015625 0.119979858398438
-0.0463752746582031 0.0538101196289063 0.00657653808593749 0.0796051025390625
-0.0715179443359375 0.000129699707031257 0.00288009643554687 0.0520439147949219
-0.0408935546875 -0.0661849975585938 0.0447235107421875 0.0817489624023438
0.018707275390625 -0.0881729125976562 0.05584716796875 0.183990478515625
0.0554008483886719 -0.0588226318359375 -0.07659912109375 0.31085205078125
0.046966552734375 -0.179946899414063 0.000701904296875001 0.0758438110351562
-0.0569305419921875 -0.17242431640625 0.0107975006103516 0.022857666015625
-0.137008666992188 -0.0935287475585938 -0.0264186859130859 -0.0153942108154297
-0.138801574707031 0.02996826171875 -0.0619964599609375 0.0270843505859375
-0.0797119140625 0.102142333984375 -0.0489997863769531 0.0662498474121094
0.00990295410156251 0.133186340332031 0.00597381591796876 0.111915588378906
0.0657501220703125 0.114631652832031 0.059234619140625 0.114906311035156
0.0539398193359375 0.108482360839844 0.0686187744140625 0.0904159545898438
0.05718994140625 0.124557495117187 0.0530929565429687 0.0860366821289063
0.00130462646484375 0.136337280273438 0.0337677001953125 0.0874404907226563
-0.0847091674804688 0.102958679199219 0.0172004699707031 0.04547119140625
-0.130531311035156 0.0214080810546875 0.0238819122314453 0.0327911376953125
-0.101570129394531 -0.107131958007813 0.0722427368164062 0.0760345458984375
-0.0270538330078125 -0.167465209960938 0.071685791015625 0.175811767578125
0.04681396484375 -0.152191162109375 -0.04962158203125 0.293182373046875
0.0426483154296875 -0.247665405273438 0.0157098770141602 0.0170478820800781
-0.075225830078125 -0.227691650390625 0.00540113449096679 -0.0067424774169922
-0.176406860351563 -0.136383056640625 -0.0198516845703125 -0.0192966461181641
-0.1944580078125 0.0211029052734375 -0.0412101745605469 0.0103111267089844
-0.122764587402344 0.124168395996094 -0.040435791015625 0.0267143249511719
-0.0066680908203125 0.179519653320313 -0.0101776123046875 0.0665855407714844
0.068450927734375 0.157913208007813 0.0249862670898437 0.073822021484375
0.059783935546875 0.14837646484375 0.0317153930664063 0.054046630859375
0.066070556640625 0.16912841796875 0.0220146179199219 0.0442276000976563
0.000457763671875011 0.180877685546875 0.0230712890625 0.0405197143554688
-0.108596801757813 0.144195556640625 0.0232620239257812 0.00144386291503907
-0.173446655273438 0.0481719970703125 0.04443359375 0.00570297241210938
-0.15985107421875 -0.12713623046875 0.0943527221679687 0.0613937377929687
-0.076995849609375 -0.222625732421875 0.076995849609375 0.149505615234375
0.0265350341796875 -0.223495483398438 -0.023193359375 0.241989135742188
0.02728271484375 -0.279144287109375 0.0344429016113281 -0.058868408203125
-0.0906524658203125 -0.249526977539062 -0.00156784057617188 -0.0481338500976563
-0.19866943359375 -0.153411865234375 -0.015188217163086 -0.0243988037109375
-0.2215576171875 0.0160675048828125 -0.0166635513305664 -0.00770378112792969
-0.144760131835938 0.130447387695312 -0.0252742767333985 -0.0163059234619141
-0.021392822265625 0.200485229492188 -0.0224742889404297 0.0104465484619141
0.061798095703125 0.177383422851563 -0.0106029510498047 0.0210018157958984
0.056182861328125 0.165328979492188 -0.00915813446044922 0.0104312896728516
0.0657501220703125 0.187667846679687 -0.015040397644043 -0.00357723236083983
0.000762939453125005 0.19866943359375 0.00519371032714844 -0.0145502090454101
-0.117813110351562 0.164398193359375 0.0231704711914062 -0.04730224609375
-0.192428588867188 0.06781005859375 0.0563850402832031 -0.0267562866210937
-0.1949462890625 -0.129623413085938 0.101211547851563 0.038970947265625
-0.115264892578125 -0.243087768554688 0.0653457641601562 0.106201171875
0.0029144287109375 -0.2591552734375 -0.00372314453125001 0.1640625
0.003387451171875 -0.266815185546875 0.0518035888671875 -0.140495300292969
-0.0985107421875 -0.23065185546875 -0.00814056396484376 -0.0932235717773438
-0.19097900390625 -0.138351440429688 -0.0114269256591797 -0.032073974609375
-0.210113525390625 0.014678955078125 0.00899505615234374 -0.0290012359619141
-0.138603210449219 0.118507385253906 -0.00786972045898439 -0.05865478515625
-0.0298919677734375 0.18756103515625 -0.0316696166992188 -0.0481033325195312
0.0468292236328125 0.16802978515625 -0.0452079772949219 -0.0359344482421875
0.04425048828125 0.1572265625 -0.0493392944335938 -0.0355148315429687
0.0530853271484375 0.17901611328125 -0.0528984069824219 -0.0520095825195312
-0.00444030761718748 0.185333251953125 -0.0166206359863281 -0.0684585571289063
-0.112457275390625 0.153045654296875 0.0175247192382812 -0.09210205078125
-0.17938232421875 0.0654754638671875 0.0615234375 -0.0557212829589844
-0.187850952148438 -0.116973876953125 0.0936431884765625 0.015594482421875
-0.122283935546875 -0.225326538085938 0.0392341613769531 0.0575180053710937
-0.014068603515625 -0.2498779296875 0.00816345214843751 0.0736083984375
-0.0240631103515625 -0.215011596679688 0.065032958984375 -0.214080810546875
-0.095489501953125 -0.172134399414063 -0.0158843994140625 -0.13525390625
-0.151412963867188 -0.0944976806640625 -0.00878524780273438 -0.0410194396972656
-0.158172607421875 0.014190673828125 0.0264053344726562 -0.0474090576171875
-0.104423522949219 0.0880508422851563 0.00620269775390624 -0.0896835327148438
-0.029083251953125 0.14398193359375 -0.0379714965820313 -0.0958175659179687
0.0262527465820313 0.132255554199219 -0.0706634521484375 -0.0844497680664062
0.02642822265625 0.123870849609375 -0.0808029174804687 -0.0773773193359375
0.0304412841796875 0.144439697265625 -0.0795974731445313 -0.0943527221679687
-0.0160980224609375 0.142532348632813 -0.0350189208984375 -0.113143920898437
-0.0965652465820313 0.110084533691406 0.0145645141601562 -0.122894287109375
-0.137214660644531 0.0408706665039063 0.0633926391601562 -0.0735931396484375
-0.138198852539062 -0.0952072143554688 0.0768356323242187 -0.00150299072265626
-0.0965423583984375 -0.172576904296875 0.0114192962646484 0.0114250183105469
-0.019805908203125 -0.198654174804687 0.0175991058349609 -0.0122394561767578
-0.048797607421875 -0.129989624023438 0.0681915283203125 -0.270797729492187
-0.0780181884765625 -0.0904159545898437 -0.0207061767578125 -0.167205810546875
-0.0910720825195313 -0.0340042114257812 -0.0140266418457031 -0.0487403869628906
-0.0814285278320313 0.0140457153320312 0.0317039489746094 -0.0597152709960937
-0.0529441833496094 0.045440673828125 0.0126571655273437 -0.102729797363281
-0.0210952758789063 0.0780563354492188 -0.039794921875 -0.121986389160156
0.00327301025390625 0.0763015747070313 -0.0859146118164063 -0.11773681640625
0.00354766845703124 0.0738296508789063 -0.100006103515625 -0.106658935546875
0.0021820068359375 0.087615966796875 -0.0932998657226563 -0.124618530273438
-0.0271530151367188 0.0784988403320313 -0.0408477783203125 -0.14447021484375
-0.0677413940429688 0.047698974609375 0.0195693969726563 -0.135345458984375
-0.0754852294921875 0.00408935546875001 0.0671463012695313 -0.0764007568359375
-0.0641250610351563 -0.0626411437988281 0.0597801208496094 -0.0059814453125
-0.05029296875 -0.093780517578125 -0.00716972351074219 -0.0225849151611328
-0.0207672119140625 -0.115180969238281 0.0251007080078125 -0.0781097412109375
-0.0652885437011719 -0.0280342102050781 0.06134033203125 -0.30328369140625
-0.0502700805664062 -0.00226593017578125 -0.0315093994140625 -0.186752319335938
-0.0234832763671875 0.0260066986083984 -0.0273056030273438 -0.0524749755859375
0.000207901000976562 0.0129556655883789 0.0221481323242187 -0.0613517761230469
0.00391077995300293 -0.00153064727783203 0.0106124877929688 -0.0967864990234375
-0.0112152099609375 0.0030965805053711 -0.038543701171875 -0.126922607421875
-0.020599365234375 0.00942611694335938 -0.0887832641601563 -0.130195617675781
-0.0178260803222656 0.0113449096679688 -0.10284423828125 -0.1185302734375
-0.0239543914794922 0.0172595977783203 -0.0910110473632813 -0.138542175292969
-0.0316085815429688 0.00443267822265625 -0.03607177734375 -0.156021118164063
-0.0289669036865234 -0.0162029266357422 0.0279693603515625 -0.1297607421875
-0.00310516357421875 -0.0248031616210938 0.0701751708984375 -0.06805419921875
0.0112886428833008 -0.0158281326293945 0.0461959838867188 -0.00286865234375
-0.00564432144165039 -0.00068807601928711 -0.0144386291503906 -0.0400772094726563
-0.0244522094726563 -0.0151767730712891 0.0301742553710938 -0.114547729492188
0.0404129028320313 -0.0870590209960938 -0.00159454345703125 0.116943359375
-0.0372772216796875 -0.0906524658203125 0.0187759399414062 0.0415573120117187
-0.08349609375 -0.0336990356445312 -0.0352668762207031 -0.00861358642578125
-0.0647048950195313 0.038787841796875 -0.0725631713867188 0.0484237670898438
-0.0246620178222656 0.0677947998046875 -0.0428085327148437 0.0993804931640625
0.0279731750488281 0.0651893615722656 0.0309371948242187 0.139533996582031
0.0543289184570313 0.0500526428222656 0.0929183959960938 0.133567810058594
0.0431938171386719 0.0510826110839844 0.0994949340820312 0.109611511230469
0.0463676452636719 0.0567893981933594 0.0810012817382813 0.112495422363281
0.0102462768554687 0.0721817016601562 0.0430374145507813 0.118385314941406
-0.0412483215332031 0.0557861328125 0.0111236572265625 0.07940673828125
-0.0713653564453125 0.00643157958984375 0.0049896240234375 0.0522651672363281
-0.0432167053222656 -0.0630569458007813 0.04779052734375 0.0772857666015625
0.0115737915039062 -0.0876922607421875 0.062896728515625 0.181594848632812
0.049224853515625 -0.0609397888183594 -0.0631103515625 0.316131591796875
0.0391082763671875 -0.182479858398437 0.0031890869140625 0.0833282470703125
-0.065185546875 -0.165283203125 0.0117683410644531 0.0257740020751953
-0.14141845703125 -0.0862274169921875 -0.0271873474121094 -0.0130786895751953
-0.136634826660156 0.03656005859375 -0.0599288940429688 0.0298500061035156
-0.0740280151367188 0.106246948242188 -0.0463027954101563 0.0693397521972656
0.0178375244140625 0.132369995117188 0.0114898681640625 0.111198425292969
0.07110595703125 0.110000610351563 0.0654296875 0.113700866699219
0.0603866577148437 0.105262756347656 0.073028564453125 0.0887069702148437
0.06475830078125 0.119865417480469 0.0579910278320313 0.0845947265625
0.0102767944335938 0.135063171386719 0.0377044677734375 0.0868453979492188
-0.0782546997070312 0.107658386230469 0.0177993774414062 0.0445976257324219
-0.129676818847656 0.0310287475585937 0.0260200500488281 0.0333442687988281
-0.107856750488281 -0.101158142089844 0.0752334594726563 0.071624755859375
-0.0377655029296875 -0.164215087890625 0.0774688720703125 0.17291259765625
0.0378265380859375 -0.154205322265625 -0.03680419921875 0.29541015625
0.0316925048828125 -0.249832153320312 0.0139408111572266 0.0232448577880859
-0.085662841796875 -0.221786499023438 0.00331878662109375 -0.00318861007690431
-0.182342529296875 -0.128021240234375 -0.0212497711181641 -0.0170650482177734
-0.192779541015625 0.0309600830078125 -0.0433578491210938 0.012725830078125
-0.116455078125 0.130699157714844 -0.039642333984375 0.0300979614257813
0.00270080566406248 0.180099487304687 -0.00831985473632812 0.0696487426757813
0.0769195556640625 0.153961181640625 0.030517578125 0.0731124877929688
0.0674285888671875 0.14483642578125 0.0367088317871094 0.0537376403808594
0.075958251953125 0.164413452148438 0.0244407653808594 0.0454025268554688
0.011566162109375 0.180206298828125 0.0252227783203125 0.038848876953125
-0.102020263671875 0.151641845703125 0.0210533142089844 0.000402450561523447
-0.171585083007813 0.057525634765625 0.0410804748535156 0.00468826293945313
-0.168853759765625 -0.119049072265625 0.0940628051757812 0.0557785034179687
-0.0908050537109375 -0.218093872070313 0.0811004638671875 0.145431518554688
0.014251708984375 -0.225845336914063 -0.0130157470703125 0.243576049804688
0.01446533203125 -0.282958984375 0.0291938781738281 -0.0527687072753906
-0.102951049804688 -0.24456787109375 -0.00614547729492188 -0.0445098876953125
-0.205413818359375 -0.14410400390625 -0.0166454315185547 -0.0227432250976563
-0.221908569335938 0.027374267578125 -0.0171489715576172 -0.00637626647949219
-0.139472961425781 0.140251159667969 -0.0272274017333985 -0.0140361785888672
-0.0115509033203125 0.202301025390625 -0.0228767395019531 0.0136203765869141
0.0714874267578125 0.176345825195313 -0.00838088989257812 0.0224533081054688
0.0648193359375 0.161819458007813 -0.00693988800048828 0.0119037628173828
0.07666015625 0.184112548828125 -0.0162267684936523 0.0014171600341797
0.0121612548828125 0.199234008789063 0.00504112243652344 -0.0131292343139648
-0.109054565429687 0.171859741210938 0.0190391540527344 -0.0484466552734375
-0.190475463867187 0.0784149169921875 0.0525474548339844 -0.0268745422363281
-0.2017822265625 -0.11956787109375 0.100349426269531 0.0345382690429687
-0.12896728515625 -0.237457275390625 0.067352294921875 0.103446960449219
-0.00762939453125 -0.262451171875 0.0030364990234375 0.163803100585937
-0.007232666015625 -0.2696533203125 0.0426025390625 -0.137130737304688
-0.10821533203125 -0.227615356445313 -0.0159225463867188 -0.0904541015625
-0.198638916015625 -0.12884521484375 -0.0141963958740234 -0.0301380157470703
-0.21099853515625 0.0262603759765625 0.00646018981933592 -0.0269870758056641
-0.133506774902344 0.128265380859375 -0.0106086730957031 -0.0562591552734375
-0.0190887451171875 0.190170288085938 -0.0331916809082031 -0.0429420471191406
0.054412841796875 0.168411254882813 -0.0447463989257812 -0.031524658203125
0.0525360107421875 0.155532836914063 -0.0486831665039062 -0.0312995910644531
0.0630035400390625 0.1781005859375 -0.0546760559082031 -0.0466384887695312
0.00622558593749998 0.186431884765625 -0.0192756652832031 -0.0662879943847656
-0.106216430664063 0.160369873046875 0.0107192993164062 -0.09375
-0.179046630859375 0.0770721435546875 0.0569038391113281 -0.0544776916503906
-0.194992065429688 -0.108566284179688 0.0924606323242187 0.0140533447265625
-0.13421630859375 -0.220535278320312 0.0408515930175781 0.0547752380371094
-0.02337646484375 -0.252166748046875 0.0104827880859375 0.0716552734375
-0.0334320068359375 -0.21600341796875 0.0522308349609375 -0.215103149414063
-0.102066040039063 -0.171585083007813 -0.02545166015625 -0.132270812988281
-0.15924072265625 -0.0911712646484375 -0.0137405395507813 -0.0389785766601563
-0.1614990234375 0.0234832763671875 0.0243186950683594 -0.0486373901367188
-0.100868225097656 0.09429931640625 0.000411987304687502 -0.0876998901367187
-0.02105712890625 0.14910888671875 -0.0415115356445313 -0.0908660888671875
0.0336151123046875 0.133010864257812 -0.0722427368164063 -0.0809860229492187
0.032867431640625 0.126655578613281 -0.0836639404296875 -0.0715103149414062
0.03814697265625 0.144012451171875 -0.0835113525390625 -0.0867538452148438
-0.00711059570312499 0.144912719726563 -0.039703369140625 -0.110000610351563
-0.0920867919921875 0.116615295410156 0.00823974609374999 -0.123672485351562
-0.139297485351563 0.05035400390625 0.0582733154296875 -0.0744476318359375
-0.1458740234375 -0.088592529296875 0.0742645263671875 -0.00260925292968751
-0.104934692382813 -0.170883178710937 0.0100126266479492 0.0101003646850586
-0.0252227783203125 -0.20037841796875 0.0129098892211914 -0.0161981582641602
-0.052093505859375 -0.131942749023437 0.0533599853515625 -0.273910522460938
-0.07952880859375 -0.0891799926757813 -0.031890869140625 -0.164840698242188
-0.0934829711914063 -0.0327301025390625 -0.0172805786132813 -0.0479316711425781
-0.0850677490234375 0.0189743041992188 0.0281829833984375 -0.0591049194335938
-0.0517692565917969 0.0488395690917969 0.00774383544921875 -0.101844787597656
-0.0186767578125 0.0808792114257813 -0.04559326171875 -0.118995666503906
0.00720214843749999 0.0779953002929688 -0.0916290283203125 -0.113487243652344
0.00909423828124999 0.0755996704101563 -0.104133605957031 -0.1015625
0.005828857421875 0.0886764526367188 -0.0997543334960937 -0.117233276367188
-0.02197265625 0.0830001831054687 -0.0466842651367187 -0.140495300292969
-0.0681571960449219 0.0540199279785156 0.0125732421875 -0.135940551757813
-0.0776443481445313 0.00904083251953124 0.0614852905273437 -0.0798110961914063
-0.0709991455078125 -0.0615158081054688 0.0572700500488281 -0.00898361206054688
-0.0560226440429688 -0.0924301147460937 -0.00921249389648438 -0.0232048034667969
-0.021942138671875 -0.115966796875 0.0187301635742188 -0.0836410522460938
-0.0619773864746094 -0.0273475646972656 0.046905517578125 -0.308502197265625
-0.0480003356933594 -0.00304031372070312 -0.0422515869140625 -0.18597412109375
-0.0222988128662109 0.0242900848388672 -0.0301666259765625 -0.0508804321289063
-0.00107383728027344 0.0131988525390625 0.0184478759765625 -0.0615692138671875
0.00129151344299316 -0.00160372257232666 0.00664520263671874 -0.0960693359375
-0.0108022689819336 0.00564670562744141 -0.0443801879882812 -0.123634338378906
-0.0194911956787109 0.0122146606445313 -0.0963973999023438 -0.126785278320312
-0.0175800323486328 0.0141830444335937 -0.107635498046875 -0.11346435546875
-0.0238666534423828 0.020416259765625 -0.0981979370117187 -0.134300231933594
-0.0313606262207031 0.00933265686035156 -0.0434112548828125 -0.152816772460938
-0.0304679870605469 -0.0120906829833984 0.0202255249023438 -0.130279541015625
-0.00766944885253906 -0.0235233306884766 0.0641937255859375 -0.0720672607421875
0.00837135314941407 -0.0178985595703125 0.04449462890625 -0.00618362426757813
-0.00440692901611328 -0.00318288803100586 -0.0163764953613281 -0.0426406860351563
-0.0222625732421875 -0.017913818359375 0.0246505737304687 -0.120368957519531
0.0362014770507813 -0.0863418579101563 0.00238037109375 0.122749328613281
-0.0386505126953125 -0.087371826171875 0.0198554992675781 0.0450286865234375
-0.0812835693359375 -0.0302658081054688 -0.0334625244140625 -0.00849342346191406
-0.0623512268066406 0.0376129150390625 -0.07037353515625 0.0491180419921875
-0.0214157104492187 0.065765380859375 -0.0400314331054687 0.100242614746094
0.0304336547851563 0.0629463195800781 0.03411865234375 0.138465881347656
0.0545272827148438 0.0471458435058594 0.095611572265625 0.131759643554688
0.0451469421386719 0.0458908081054687 0.101516723632813 0.10723876953125
0.0482521057128906 0.0532341003417969 0.0829925537109375 0.11151123046875
0.0130157470703125 0.0706863403320313 0.045135498046875 0.116600036621094
-0.0387115478515625 0.0572967529296875 0.0108871459960938 0.0794525146484375
-0.0687637329101563 0.00908279418945311 0.00572204589843749 0.0530967712402344
-0.0450973510742188 -0.0595626831054688 0.0496597290039063 0.0760726928710938
0.00728607177734375 -0.0858840942382813 0.0660552978515625 0.18060302734375
0.0448188781738281 -0.060699462890625 -0.05462646484375 0.317169189453125
0.033203125 -0.180557250976563 0.00413513183593751 0.0895919799804687
-0.0679931640625 -0.161575317382813 0.0125064849853516 0.0314903259277344
-0.139610290527344 -0.0814743041992187 -0.0258922576904297 -0.0123004913330078
-0.133468627929688 0.0389175415039062 -0.0586776733398438 0.0321083068847656
-0.0708694458007813 0.105484008789062 -0.0441398620605469 0.0697593688964844
0.0215988159179688 0.129859924316406 0.0140609741210938 0.11236572265625
0.0738067626953125 0.107223510742188 0.068695068359375 0.111305236816406
0.0621414184570313 0.101959228515625 0.0760345458984375 0.0877761840820313
0.068695068359375 0.116683959960937 0.060638427734375 0.08544921875
0.0150680541992188 0.133331298828125 0.040557861328125 0.0849990844726563
-0.0738601684570313 0.110549926757813 0.0181655883789063 0.0446434020996094
-0.128318786621094 0.0341873168945313 0.0247554779052734 0.0332965850830078
-0.110649108886719 -0.0972900390625 0.075103759765625 0.0698776245117188
-0.0440521240234375 -0.162734985351563 0.0792694091796875 0.171981811523437
0.03204345703125 -0.15472412109375 -0.030487060546875 0.2957763671875
0.024261474609375 -0.249862670898438 0.0132312774658203 0.0288600921630859
-0.0903167724609375 -0.216232299804688 0.00270032882690429 0.0021839141845703
-0.184066772460938 -0.122604370117188 -0.0205116271972656 -0.0157108306884766
-0.190414428710938 0.03515625 -0.0407981872558594 0.0154342651367188
-0.111488342285156 0.132568359375 -0.0384712219238281 0.031585693359375
0.00860595703124999 0.179107666015625 -0.0051422119140625 0.0702438354492188
0.0806884765625 0.15240478515625 0.0323944091796875 0.0748214721679688
0.0712432861328125 0.142120361328125 0.0388031005859375 0.0550308227539063
0.08056640625 0.16162109375 0.0259513854980469 0.0469474792480469
0.018585205078125 0.1778564453125 0.0259628295898438 0.0402603149414063
-0.095672607421875 0.154937744140625 0.0204734802246094 0.00080108642578126
-0.170761108398438 0.063751220703125 0.0418815612792969 0.00619888305664063
-0.171096801757813 -0.11566162109375 0.0936431884765625 0.054901123046875
-0.0977935791015625 -0.214630126953125 0.0822296142578125 0.1444091796875
0.00999450683593752 -0.226318359375 -0.00877380371093747 0.242095947265625
0.00827026367187503 -0.280899047851563 0.0256996154785156 -0.0489616394042969
-0.107345581054688 -0.240097045898438 -0.00830841064453126 -0.0392990112304688
-0.207733154296875 -0.139297485351562 -0.0171489715576172 -0.0208892822265625
-0.220199584960937 0.03314208984375 -0.0181941986083985 -0.00418853759765625
-0.134719848632813 0.142303466796875 -0.0272102355957031 -0.0108985900878906
-0.00418090820312498 0.202850341796875 -0.0214157104492188 0.0157699584960938
0.0763702392578125 0.173812866210938 -0.00694084167480468 0.0241889953613281
0.0700225830078125 0.1611328125 -0.00435352325439453 0.0139350891113281
0.0821380615234375 0.183029174804688 -0.0147218704223633 0.00275707244873048
0.019500732421875 0.197998046875 0.00501251220703125 -0.0119771957397461
-0.103744506835938 0.176742553710937 0.0164413452148437 -0.0464248657226562
-0.189056396484375 0.0845794677734375 0.0509681701660156 -0.0258636474609375
-0.206466674804688 -0.115158081054688 0.0994033813476562 0.0318450927734375
-0.13543701171875 -0.2342529296875 0.0671234130859375 0.102096557617187
-0.013427734375 -0.261322021484375 0.00408935546875 0.160934448242187
-0.0124053955078125 -0.26983642578125 0.037017822265625 -0.134674072265625
-0.113677978515625 -0.22412109375 -0.0205764770507813 -0.0859375
-0.201568603515625 -0.12615966796875 -0.0147953033447266 -0.0292530059814453
-0.21209716796875 0.03143310546875 0.00533294677734374 -0.0265102386474609
-0.130966186523438 0.131484985351563 -0.0117263793945313 -0.0533485412597656
-0.0127105712890625 0.192214965820313 -0.0340652465820312 -0.040863037109375
0.0616912841796875 0.167770385742187 -0.0442657470703125 -0.0305137634277344
0.0578155517578125 0.156402587890625 -0.0472335815429687 -0.0286750793457031
0.069427490234375 0.17645263671875 -0.0545883178710938 -0.0425224304199219
0.01336669921875 0.18743896484375 -0.0214195251464844 -0.0647964477539062
-0.10125732421875 0.1663818359375 0.00785064697265625 -0.0904617309570312
-0.177780151367188 0.082061767578125 0.0539474487304687 -0.0553398132324219
-0.198699951171875 -0.104583740234375 0.0895843505859375 0.0104293823242187
-0.139846801757812 -0.217697143554688 0.0381851196289063 0.0540046691894531
-0.0260467529296875 -0.253143310546875 0.00854873657226562 0.0684890747070312
-0.0338592529296875 -0.217422485351562 0.0444793701171875 -0.213134765625
-0.105575561523438 -0.170730590820313 -0.0300521850585937 -0.12982177734375
-0.160140991210938 -0.087921142578125 -0.0155906677246094 -0.0380439758300781
-0.161361694335938 0.0272979736328125 0.0221061706542969 -0.0471878051757813
-0.100227355957031 0.0976943969726563 0.000747680664062488 -0.0860443115234375
-0.0163421630859375 0.150390625 -0.0430679321289062 -0.087982177734375
0.0381622314453125 0.134819030761719 -0.0746002197265625 -0.0770034790039063
0.036651611328125 0.125961303710938 -0.0814895629882813 -0.0682220458984375
0.043243408203125 0.144851684570313 -0.0859375 -0.0834274291992187
-0.00146484375000001 0.146575927734375 -0.0425491333007813 -0.107658386230469
-0.0890274047851563 0.12213134765625 0.00298309326171875 -0.120475769042969
-0.138870239257813 0.05267333984375 0.0552825927734375 -0.073822021484375
-0.149734497070312 -0.08721923828125 0.0724563598632812 -0.00260162353515626
-0.108139038085937 -0.167678833007813 0.00841808319091796 0.00942993164062499
-0.027313232421875 -0.202835083007813 0.0111904144287109 -0.019918441772461
-0.0511932373046875 -0.132591247558594 0.045623779296875 -0.273452758789063
-0.0815811157226563 -0.091583251953125 -0.0373992919921875 -0.165115356445313
-0.0936126708984375 -0.0332489013671875 -0.0198783874511719 -0.0456199645996094
-0.0851364135742188 0.0205307006835938 0.0263748168945312 -0.060028076171875
-0.0531730651855469 0.0508613586425781 0.00640869140625 -0.100631713867188
-0.0155105590820312 0.0839080810546875 -0.04595947265625 -0.117042541503906
0.0107269287109375 0.0820541381835938 -0.0927276611328125 -0.110557556152344
0.010406494140625 0.0782852172851562 -0.10296630859375 -0.0972747802734375
0.0102462768554687 0.0909881591796875 -0.100456237792969 -0.113525390625
-0.0192489624023437 0.0843658447265625 -0.0503616333007813 -0.138023376464844
-0.0668373107910156 0.0578651428222656 0.00792694091796874 -0.133514404296875
-0.0798568725585938 0.0118484497070312 0.0589065551757812 -0.0779571533203125
-0.0723724365234375 -0.0613937377929688 0.0571098327636719 -0.00853347778320313
-0.0570144653320312 -0.094573974609375 -0.0110912322998047 -0.023773193359375
-0.0223922729492187 -0.120780944824219 0.0154876708984375 -0.0874404907226563
-0.0606689453125 -0.0272331237792969 0.039031982421875 -0.308074951171875
-0.0473060607910156 -0.00415802001953125 -0.0484619140625 -0.186386108398438
-0.021392822265625 0.0227298736572266 -0.0325241088867187 -0.0503768920898438
-0.00248432159423828 0.0117397308349609 0.0164985656738281 -0.0603446960449219
-0.000401198863983154 -0.00106543302536011 0.0053863525390625 -0.0955047607421875
-0.0122270584106445 0.00867652893066406 -0.0457305908203125 -0.122596740722656
-0.0179367065429688 0.0146408081054687 -0.0981674194335938 -0.123565673828125
-0.0163917541503906 0.017237663269043 -0.10943603515625 -0.111648559570313
-0.0221500396728516 0.0237789154052734 -0.101005554199219 -0.130508422851563
-0.0307254791259766 0.0116176605224609 -0.0472869873046875 -0.151046752929688
-0.0321178436279297 -0.00942039489746094 0.0174942016601562 -0.129379272460938
-0.0102481842041016 -0.0237979888916016 0.0625686645507813 -0.0719757080078125
0.00632476806640625 -0.0197315216064453 0.0446319580078125 -0.00537109375
-0.00553274154663086 -0.00563764572143555 -0.0182723999023438 -0.0422935485839844
-0.0189285278320312 -0.0198783874511719 0.0199966430664062 -0.125350952148438
0.0360031127929687 -0.085235595703125 0.00357818603515625 0.129570007324219
-0.038665771484375 -0.0843963623046875 0.0206985473632813 0.0487594604492187
-0.0803680419921875 -0.0296554565429687 -0.0326271057128906 -0.00836563110351563
-0.0614967346191406 0.0375251770019531 -0.0703582763671875 0.0494003295898438
-0.0207557678222656 0.065277099609375 -0.0408782958984375 0.1015625
0.031158447265625 0.0618705749511719 0.034332275390625 0.139755249023438
0.0555267333984375 0.0463676452636719 0.0977783203125 0.132774353027344
0.0455055236816406 0.0440483093261719 0.103523254394531 0.108680725097656
0.0490570068359375 0.0514488220214844 0.0840835571289063 0.113357543945313
0.0152130126953125 0.0690574645996094 0.0461502075195313 0.118072509765625
-0.0369758605957031 0.0587387084960938 0.0110931396484375 0.0798187255859375
-0.0683937072753906 0.0105705261230469 0.00624847412109375 0.0538101196289063
-0.0453910827636719 -0.0589256286621094 0.05010986328125 0.076446533203125
0.00443267822265624 -0.0854339599609375 0.06622314453125 0.183578491210938
0.0426483154296875 -0.0604743957519531 -0.055389404296875 0.32171630859375
0.0326385498046875 -0.18212890625 0.00457000732421876 0.0967254638671875
-0.068634033203125 -0.159774780273438 0.0130844116210937 0.0360908508300781
-0.139419555664062 -0.0812301635742188 -0.0250053405761719 -0.011383056640625
-0.133720397949219 0.0397796630859375 -0.0591468811035156 0.0330352783203125
-0.0697860717773437 0.106651306152344 -0.0444259643554688 0.0709304809570312
0.0231475830078125 0.130073547363281 0.0143814086914063 0.114334106445313
0.0749969482421875 0.107818603515625 0.0712814331054688 0.113265991210938
0.0639495849609375 0.101829528808594 0.0785675048828125 0.0891189575195313
0.0705032348632813 0.1156005859375 0.0611038208007813 0.0882339477539063
0.0172271728515625 0.132987976074219 0.0413284301757813 0.0861129760742188
-0.072357177734375 0.113388061523437 0.0178718566894531 0.0457763671875
-0.129508972167969 0.0371780395507812 0.0246753692626953 0.0349960327148438
-0.113746643066406 -0.0974273681640625 0.0750503540039063 0.070098876953125
-0.047088623046875 -0.163345336914063 0.0785980224609375 0.17413330078125
0.0305938720703125 -0.156539916992188 -0.031494140625 0.2996826171875
0.0238494873046875 -0.252182006835938 0.0124130249023437 0.0363616943359375
-0.09112548828125 -0.216400146484375 0.00263547897338867 0.00671768188476561
-0.185501098632813 -0.122940063476563 -0.0205020904541016 -0.0145702362060547
-0.192337036132813 0.03759765625 -0.0411338806152344 0.0158004760742188
-0.112236022949219 0.134269714355469 -0.0389671325683594 0.0331344604492188
0.0108795166015625 0.181121826171875 -0.00467681884765625 0.0725860595703125
0.0829010009765625 0.154220581054688 0.0344772338867188 0.0757980346679688
0.0735015869140625 0.14349365234375 0.0416526794433594 0.0563926696777344
0.084075927734375 0.162384033203125 0.0272140502929687 0.0502395629882813
0.0210418701171875 0.179458618164063 0.0275421142578125 0.0412940979003906
-0.0946807861328125 0.158782958984375 0.0197086334228516 0.00178146362304688
-0.17279052734375 0.0674591064453125 0.0412483215332031 0.0078582763671875
-0.174560546875 -0.115615844726562 0.0937957763671875 0.0549392700195313
-0.101287841796875 -0.216232299804688 0.080810546875 0.146530151367188
0.008544921875 -0.230194091796875 -0.00994873046875002 0.244720458984375
0.00900268554687501 -0.28472900390625 0.0243072509765625 -0.0436248779296875
-0.108840942382812 -0.241531372070312 -0.00908470153808594 -0.0350456237792969
-0.210845947265625 -0.140274047851562 -0.0174312591552735 -0.0195426940917969
-0.22308349609375 0.03582763671875 -0.0184268951416016 -0.00337791442871093
-0.134841918945313 0.145309448242187 -0.0267162322998047 -0.0104198455810547
-0.0013580322265625 0.20599365234375 -0.0210208892822266 0.0185642242431641
0.0803070068359375 0.176345825195313 -0.00517654418945312 0.0260868072509766
0.072845458984375 0.163406372070313 -0.00208568572998046 0.0153722763061524
0.08599853515625 0.184967041015625 -0.0137710571289062 0.00565338134765626
0.02276611328125 0.19970703125 0.00476360321044922 -0.0114536285400391
-0.103607177734375 0.181442260742187 0.0149459838867187 -0.0462379455566406
-0.192047119140625 0.0886383056640625 0.0510520935058594 -0.0240707397460937
-0.21038818359375 -0.115951538085937 0.09869384765625 0.0333404541015625
-0.139511108398438 -0.23590087890625 0.0653915405273437 0.103652954101562
-0.013397216796875 -0.266677856445313 0.00268554687499999 0.162521362304687
-0.0126953125 -0.274398803710938 0.0358810424804688 -0.130912780761719
-0.115859985351562 -0.226608276367188 -0.0222015380859375 -0.0831375122070313
-0.204742431640625 -0.128509521484375 -0.0154361724853516 -0.0274925231933594
-0.214950561523438 0.0339202880859375 0.00457382202148436 -0.0253562927246094
-0.132720947265625 0.134872436523437 -0.0117149353027344 -0.0533676147460937
-0.010223388671875 0.196319580078125 -0.0339164733886719 -0.0387535095214844
0.0654754638671875 0.170547485351563 -0.0442886352539062 -0.0279464721679688
0.06103515625 0.158203125 -0.0455818176269531 -0.0276832580566406
0.0726470947265625 0.179733276367188 -0.0542411804199219 -0.0402488708496094
0.0156097412109375 0.188644409179687 -0.0205955505371094 -0.0638465881347656
-0.100784301757813 0.170944213867188 0.00608062744140625 -0.08990478515625
-0.180572509765625 0.08599853515625 0.0542716979980469 -0.0538291931152344
-0.2037353515625 -0.105514526367188 0.0895538330078125 0.0117034912109375
-0.143020629882813 -0.219558715820313 0.0359916687011719 0.0546455383300781
-0.025421142578125 -0.258880615234375 0.00679397583007812 0.0674819946289062
-0.0333099365234375 -0.222000122070313 0.042633056640625 -0.2120361328125
-0.106536865234375 -0.173660278320313 -0.03240966796875 -0.129386901855469
-0.163925170898438 -0.0898895263671875 -0.0161590576171875 -0.0370750427246094
-0.16571044921875 0.029541015625 0.0207138061523437 -0.04644775390625
-0.102294921875 0.10150146484375 -2.28881835937489E-05 -0.0860366821289063
-0.0145416259765625 0.154510498046875 -0.0421905517578125 -0.0870361328125
0.0415267944335938 0.137672424316406 -0.0749664306640625 -0.0768508911132813
0.0398941040039063 0.129440307617188 -0.080657958984375 -0.0675735473632812
0.046630859375 0.147491455078125 -0.0853958129882813 -0.081817626953125
-0.000228881835937495 0.14935302734375 -0.0420455932617188 -0.107551574707031
-0.089935302734375 0.126548767089844 0.00203704833984374 -0.120933532714844
-0.141799926757812 0.0558013916015625 0.0555343627929687 -0.0728225708007813
-0.152725219726562 -0.08935546875 0.0736160278320312 -0.00234985351562501
-0.11041259765625 -0.170623779296875 0.00612831115722656 0.00902462005615233
-0.0254669189453125 -0.208114624023438 0.0090484619140625 -0.0221614837646485
-0.0499649047851563 -0.135467529296875 0.0437164306640625 -0.275222778320313
-0.0818328857421875 -0.0951004028320313 -0.04107666015625 -0.16546630859375
-0.096649169921875 -0.035308837890625 -0.0210151672363281 -0.0455055236816406
-0.0889663696289063 0.021514892578125 0.02569580078125 -0.0596046447753906
-0.0551795959472656 0.0531349182128906 0.00611877441406249 -0.100433349609375
-0.0148696899414063 0.0881423950195313 -0.0461502075195312 -0.116752624511719
0.0132369995117187 0.08331298828125 -0.0940628051757813 -0.11114501953125
0.0125045776367187 0.0802993774414063 -0.103561401367187 -0.097412109375
0.0127105712890625 0.0947799682617188 -0.102058410644531 -0.114166259765625
-0.017974853515625 0.087249755859375 -0.0506820678710938 -0.137580871582031
-0.0673408508300781 0.0611763000488281 0.00627136230468749 -0.134429931640625
-0.083282470703125 0.0132217407226562 0.0586700439453125 -0.07781982421875
-0.075775146484375 -0.062744140625 0.0578498840332031 -0.00762939453125
-0.0574188232421875 -0.0973129272460937 -0.0135383605957031 -0.0255813598632813
-0.020050048828125 -0.12554931640625 0.0134735107421875 -0.0914535522460938
-0.058746337890625 -0.0297737121582031 0.037750244140625 -0.31298828125
-0.0472450256347656 -0.006988525390625 -0.0507049560546875 -0.1884765625
-0.0217704772949219 0.0216407775878906 -0.0339813232421875 -0.0502471923828125
-0.00449466705322266 0.0115461349487305 0.0161628723144531 -0.06103515625
-0.00236272811889648 0.000280380249023438 0.00559997558593749 -0.0959320068359375
-0.012089729309082 0.0108766555786133 -0.0453872680664062 -0.123931884765625
-0.0170326232910156 0.0169849395751953 -0.0991592407226563 -0.12542724609375
-0.0156383514404297 0.0196380615234375 -0.110824584960937 -0.112846374511719
-0.0212860107421875 0.0264625549316406 -0.101585388183594 -0.132156372070313
-0.0300216674804688 0.0135078430175781 -0.0485076904296875 -0.150650024414062
-0.0337238311767578 -0.00766944885253906 0.0161972045898438 -0.130928039550781
-0.0133171081542969 -0.0229721069335938 0.0625534057617188 -0.0715484619140625
0.00433731079101563 -0.0216407775878906 0.0451126098632813 -0.00608444213867188
-0.00536489486694336 -0.00850152969360352 -0.0204048156738281 -0.0448036193847656
-0.0170707702636719 -0.0235557556152344 0.0176010131835938 -0.131332397460938
0.0361480712890625 -0.0868377685546875 0.004425048828125 0.138824462890625
-0.0398635864257813 -0.0838241577148437 0.0234336853027344 0.0538215637207031
-0.0820693969726563 -0.0299835205078125 -0.0328006744384766 -0.00841140747070313
-0.0613861083984375 0.0381240844726562 -0.0726470947265625 0.0513076782226562
-0.0206069946289062 0.0663871765136719 -0.0425643920898437 0.104667663574219
0.03271484375 0.062164306640625 0.035430908203125 0.14447021484375
0.0572624206542969 0.0466690063476563 0.102363586425781 0.137527465820313
0.0472793579101562 0.0438385009765625 0.107162475585938 0.112014770507813
0.050933837890625 0.049896240234375 0.0881271362304688 0.118118286132813
0.0170249938964844 0.069580078125 0.0480880737304688 0.121360778808594
-0.0364837646484375 0.0601539611816406 0.0113983154296875 0.0828628540039063
-0.0698966979980469 0.0120849609375 0.00647354125976562 0.056427001953125
-0.0474281311035156 -0.0596427917480469 0.051361083984375 0.0786895751953125
0.00231170654296875 -0.0863494873046875 0.06866455078125 0.192092895507812
0.0419387817382813 -0.0610237121582031 -0.05615234375 0.334075927734375
0.0327606201171875 -0.187179565429688 0.00453186035156251 0.106071472167969
-0.070831298828125 -0.162490844726563 0.0142288208007812 0.0410194396972656
-0.143768310546875 -0.08380126953125 -0.0249652862548828 -0.0114765167236328
-0.136543273925781 0.0415191650390625 -0.0610847473144531 0.0346336364746094
-0.0712356567382813 0.110115051269531 -0.0462188720703125 0.0739974975585938
0.0259933471679688 0.133293151855469 0.0149307250976563 0.11932373046875
0.0784912109375 0.110664367675781 0.0745162963867188 0.117721557617188
0.0673294067382813 0.103660583496094 0.0825653076171875 0.0918121337890625
0.074554443359375 0.117813110351563 0.0647201538085938 0.0928573608398438
0.020172119140625 0.135917663574219 0.0430679321289062 0.089111328125
-0.0731048583984375 0.1190185546875 0.0175323486328125 0.047607421875
-0.133094787597656 0.0401840209960937 0.025543212890625 0.037322998046875
-0.118827819824219 -0.100074768066406 0.0765914916992187 0.0718917846679688
-0.0518341064453125 -0.168380737304688 0.0811767578125 0.18170166015625
0.02978515625 -0.162704467773438 -0.032623291015625 0.31103515625
0.02423095703125 -0.260589599609375 0.0128517150878906 0.0428314208984375
-0.0944061279296875 -0.22125244140625 0.00310420989990234 0.0113687515258789
-0.191390991210938 -0.1270751953125 -0.0204181671142578 -0.0143318176269531
-0.19757080078125 0.03997802734375 -0.0425796508789063 0.0176773071289063
-0.11468505859375 0.139579772949219 -0.0406494140625 0.0345573425292969
0.0136871337890625 0.187255859375 -0.00408935546875001 0.076385498046875
0.0884246826171875 0.158294677734375 0.0375442504882813 0.0793838500976563
0.077606201171875 0.147811889648438 0.0448226928710938 0.0585784912109375
0.0894012451171875 0.167007446289062 0.0293350219726563 0.0539741516113281
0.024169921875 0.184371948242188 0.0288848876953125 0.0427818298339844
-0.0958404541015625 0.16644287109375 0.0192642211914062 0.00226783752441407
-0.178573608398437 0.0722503662109375 0.042449951171875 0.00979232788085938
-0.182479858398438 -0.119369506835938 0.0958023071289062 0.0561447143554687
-0.107406616210937 -0.2237548828125 0.08203125 0.152557373046875
0.00764465332031252 -0.239410400390625 -0.01153564453125 0.2530517578125
0.00872802734375002 -0.295379638671875 0.0245857238769531 -0.0399169921875
-0.112655639648438 -0.248916625976563 -0.0101413726806641 -0.0317611694335938
-0.2181396484375 -0.14599609375 -0.0177478790283203 -0.0185623168945313
-0.230377197265625 0.038909912109375 -0.0189151763916016 -0.00250625610351563
-0.13897705078125 0.152267456054687 -0.0283432006835938 -0.0100154876708984
0.00155639648437502 0.2127685546875 -0.0209693908691406 0.0216827392578125
0.0858306884765625 0.182296752929688 -0.0041522979736328 0.0284194946289063
0.0774993896484375 0.168624877929687 -8.01086425781192E-05 0.0162572860717774
0.0919189453125 0.19110107421875 -0.0131902694702148 0.00848484039306642
0.025848388671875 0.205581665039063 0.00568866729736328 -0.011296272277832
-0.104766845703125 0.190948486328125 0.0135993957519531 -0.0470848083496094
-0.198699951171875 0.094268798828125 0.0526771545410156 -0.0228843688964844
-0.219955444335938 -0.120040893554688 0.100967407226562 0.0341644287109375
-0.146270751953125 -0.243545532226563 0.065399169921875 0.108474731445312
-0.01312255859375 -0.2772216796875 0.00112915039062499 0.166793823242187
-0.011932373046875 -0.284088134765625 0.0352935791015625 -0.131011962890625
-0.119415283203125 -0.234756469726562 -0.024017333984375 -0.0821914672851563
-0.213226318359375 -0.13348388671875 -0.0165348052978516 -0.0265254974365234
-0.223739624023438 0.0375213623046875 0.0040149688720703 -0.0253677368164063
-0.13665771484375 0.141021728515625 -0.0130043029785156 -0.053863525390625
-0.00735473632812499 0.2041015625 -0.0345649719238281 -0.0376815795898437
0.070892333984375 0.177001953125 -0.0442962646484375 -0.0274734497070312
0.0654144287109375 0.16455078125 -0.0444068908691406 -0.0285263061523438
0.0783538818359375 0.186798095703125 -0.0548667907714844 -0.0394973754882813
0.0191802978515625 0.195388793945313 -0.0210456848144531 -0.0654067993164062
-0.102737426757812 0.179595947265625 0.00459289550781248 -0.0918350219726562
-0.187103271484375 0.0911102294921875 0.0559730529785156 -0.053314208984375
-0.21240234375 -0.109298706054687 0.0920944213867188 0.0127105712890625
-0.149368286132812 -0.227279663085938 0.0353050231933594 0.0575485229492187
-0.02508544921875 -0.27044677734375 0.004638671875 0.0689582824707031
-0.0326080322265625 -0.2310791015625 0.042388916015625 -0.216766357421875
-0.109588623046875 -0.181396484375 -0.0347976684570313 -0.131515502929688
-0.170074462890625 -0.095062255859375 -0.0173721313476563 -0.0370979309082031
-0.173736572265625 0.0326385498046875 0.0205116271972656 -0.0472602844238281
-0.106544494628906 0.107261657714844 -0.000137329101562498 -0.0882339477539063
-0.0125732421875 0.161346435546875 -0.0432357788085938 -0.0881805419921875
0.0460662841796875 0.14398193359375 -0.0769882202148438 -0.0781402587890625
0.0430374145507813 0.135093688964844 -0.0820465087890625 -0.0694427490234375
0.0506134033203125 0.155014038085938 -0.0879745483398438 -0.0831222534179687
0.0019683837890625 0.15521240234375 -0.0433349609375 -0.110237121582031
-0.0919952392578125 0.133781433105469 0.000427246093749981 -0.123886108398437
-0.148086547851562 0.0593719482421875 0.057037353515625 -0.0734100341796875
-0.159942626953125 -0.0927886962890625 0.0758132934570312 -0.00188446044921876
-0.115066528320312 -0.17742919921875 0.00478553771972655 0.0100183486938476
-0.024383544921875 -0.21875 0.00717926025390625 -0.024312973022461
-0.049957275390625 -0.14312744140625 0.0438232421875 -0.28338623046875
-0.084686279296875 -0.100929260253906 -0.0439910888671875 -0.17022705078125
-0.10101318359375 -0.0384292602539063 -0.0229377746582031 -0.0460319519042969
-0.0936355590820313 0.02337646484375 0.0250663757324219 -0.0608291625976562
-0.0582008361816406 0.0565338134765625 0.00688934326171875 -0.103729248046875
-0.01373291015625 0.0936279296875 -0.047088623046875 -0.11962890625
0.015411376953125 0.0880279541015625 -0.0970840454101562 -0.114486694335938
0.0147933959960938 0.0849456787109375 -0.105682373046875 -0.10040283203125
0.0148391723632812 0.100601196289062 -0.105453491210938 -0.116859436035156
-0.0174484252929688 0.0921401977539063 -0.051971435546875 -0.141586303710938
-0.0699691772460938 0.0662002563476563 0.00514984130859375 -0.137649536132813
-0.0878524780273438 0.0149765014648437 0.0601119995117188 -0.0797348022460938
-0.0803680419921875 -0.0658035278320313 0.0596504211425781 -0.00754165649414063
-0.059600830078125 -0.102745056152344 -0.0159740447998047 -0.0270919799804688
-0.0186309814453125 -0.133003234863281 0.01153564453125 -0.097381591796875
-0.0580825805664062 -0.0325202941894531 0.037353515625 -0.32354736328125
-0.0477943420410156 -0.00965118408203125 -0.0545501708984375 -0.195892333984375
-0.0221157073974609 0.0197086334228516 -0.0360221862792969 -0.0515518188476563
-0.0064840316772461 0.0120086669921875 0.0160865783691406 -0.0626945495605469
-0.00388956069946289 0.00115036964416504 0.00621795654296875 -0.0987167358398438
-0.0123977661132813 0.0132923126220703 -0.0463104248046875 -0.127937316894531
-0.0161609649658203 0.0182933807373047 -0.103233337402344 -0.129867553710938
-0.0150260925292969 0.0220355987548828 -0.114326477050781 -0.116241455078125
-0.0210380554199219 0.0304679870605469 -0.106224060058594 -0.136001586914063
-0.0302734375 0.0165042877197266 -0.0498046875 -0.154495239257813
-0.0355644226074219 -0.00579452514648437 0.0157012939453125 -0.134140014648438
-0.0154018402099609 -0.0225925445556641 0.0635147094726562 -0.074066162109375
0.00254440307617188 -0.0227069854736328 0.04681396484375 -0.00602340698242188
-0.00486278533935547 -0.0109367370605469 -0.0226478576660156 -0.0476875305175781
-0.0156536102294922 -0.0275630950927734 0.0163040161132813 -0.139114379882813
0.0362701416015625 -0.0903472900390625 0.00880432128906249 0.15045166015625
-0.0424880981445313 -0.0844345092773438 0.0272026062011719 0.0589981079101563
-0.0853424072265625 -0.0290985107421875 -0.0330352783203125 -0.00830268859863281
-0.0623703002929688 0.0400772094726562 -0.0752487182617188 0.0549468994140625
-0.0195388793945313 0.0688934326171875 -0.0422592163085938 0.110466003417969
0.0360755920410156 0.062774658203125 0.0398406982421875 0.150497436523438
0.0616493225097656 0.0469436645507813 0.110519409179688 0.142532348632813
0.0499916076660156 0.0433731079101562 0.115585327148438 0.115386962890625
0.054290771484375 0.0498504638671875 0.09576416015625 0.123619079589844
0.0204849243164063 0.0709152221679688 0.053070068359375 0.126869201660156
-0.0351219177246094 0.0644721984863281 0.013153076171875 0.0864105224609375
-0.0720672607421875 0.0152969360351562 0.00837326049804686 0.0596199035644531
-0.0515251159667969 -0.0608406066894531 0.0549163818359375 0.0813217163085938
-0.00202178955078125 -0.0894775390625 0.07611083984375 0.201980590820313
0.0406303405761719 -0.0633544921875 -0.05230712890625 0.353057861328125
0.030548095703125 -0.19659423828125 0.00794219970703124 0.116325378417969
-0.076812744140625 -0.16583251953125 0.0169219970703125 0.0471076965332031
-0.151931762695313 -0.0844879150390625 -0.0259513854980469 -0.0117721557617188
-0.14166259765625 0.0459442138671875 -0.0630416870117188 0.0376815795898437
-0.0717239379882812 0.116409301757813 -0.0474624633789063 0.0782928466796875
0.0311660766601563 0.138175964355469 0.018157958984375 0.125869750976563
0.0863265991210937 0.113861083984375 0.0825347900390625 0.1224365234375
0.0729827880859375 0.106369018554688 0.0897293090820312 0.0948410034179687
0.082000732421875 0.120292663574219 0.0707931518554687 0.0976409912109375
0.02545166015625 0.141006469726563 0.0470962524414062 0.0928878784179688
-0.0717697143554687 0.127143859863281 0.0186767578125 0.0498619079589844
-0.138565063476563 0.04644775390625 0.0274467468261719 0.0396804809570313
-0.128524780273438 -0.10235595703125 0.0810165405273438 0.0740585327148438
-0.0600433349609375 -0.174835205078125 0.08795166015625 0.190872192382813
0.027069091796875 -0.171737670898438 -0.02880859375 0.3280029296875
0.0210723876953125 -0.273330688476563 0.0141563415527344 0.0507736206054687
-0.103042602539063 -0.228240966796875 0.00418663024902343 0.0163755416870117
-0.203323364257813 -0.129776000976563 -0.0203018188476563 -0.01446533203125
-0.206069946289063 0.0468902587890625 -0.04443359375 0.0199851989746094
-0.116806030273438 0.149261474609375 -0.0423355102539063 0.0376663208007813
0.02093505859375 0.195068359375 -0.00261688232421875 0.0823593139648438
0.0984649658203125 0.163955688476563 0.0427627563476562 0.0834884643554688
0.086334228515625 0.152542114257813 0.0502357482910156 0.0603523254394531
0.0996551513671875 0.172286987304687 0.0331077575683594 0.0583534240722656
0.0316314697265625 0.192092895507813 0.0308189392089844 0.04449462890625
-0.0949554443359375 0.178741455078125 0.0184001922607422 0.00312805175781251
-0.185867309570313 0.0810394287109375 0.0447883605957031 0.0108680725097656
-0.195831298828125 -0.121337890625 0.100425720214844 0.0572357177734375
-0.119491577148437 -0.232177734375 0.0882110595703125 0.160186767578125
0.00382995605468748 -0.253067016601563 -0.00784301757812502 0.265853881835938
0.00469970703125003 -0.31005859375 0.0241661071777344 -0.03692626953125
-0.122695922851563 -0.257949829101563 -0.0106201171875 -0.029205322265625
-0.233200073242188 -0.149795532226562 -0.0182151794433594 -0.0186557769775391
-0.240737915039062 0.047210693359375 -0.0206737518310547 -0.00097846984863281
-0.142364501953125 0.16290283203125 -0.0302696228027344 -0.00907707214355468
0.00875854492187498 0.223297119140625 -0.0208206176757813 0.0251045227050781
0.09722900390625 0.189132690429688 -0.00169944763183593 0.0310173034667969
0.0869293212890625 0.175582885742187 0.00241756439208985 0.0166893005371094
0.103485107421875 0.198135375976563 -0.0121927261352539 0.0108890533447266
0.034027099609375 0.215011596679688 0.00555992126464844 -0.0117635726928711
-0.103958129882812 0.204986572265625 0.0120201110839844 -0.0479965209960937
-0.205978393554688 0.105010986328125 0.0551109313964844 -0.0235328674316406
-0.235198974609375 -0.121902465820312 0.105331420898437 0.033966064453125
-0.16009521484375 -0.2528076171875 0.0687026977539063 0.11358642578125
-0.01800537109375 -0.29388427734375 0.00248718261718749 0.175048828125
-0.016571044921875 -0.300079345703125 0.0336456298828125 -0.133705139160156
-0.12957763671875 -0.245071411132813 -0.0268478393554688 -0.0827865600585938
-0.22711181640625 -0.138198852539063 -0.0178794860839844 -0.0269947052001953
-0.2344970703125 0.0459747314453125 0.0032825469970703 -0.0255393981933594
-0.140701293945312 0.15277099609375 -0.014678955078125 -0.0555648803710937
-0.000564575195312493 0.215499877929688 -0.036285400390625 -0.0364265441894531
0.0806884765625 0.184783935546875 -0.0455360412597656 -0.0276908874511719
0.0739288330078125 0.172012329101563 -0.045135498046875 -0.0290908813476562
0.0897369384765625 0.1953125 -0.0573272705078125 -0.0380096435546875
0.02508544921875 0.205352783203125 -0.023590087890625 -0.0676956176757812
-0.102584838867187 0.193313598632812 0.00125122070312499 -0.0948333740234375
-0.19512939453125 0.100830078125 0.05792236328125 -0.0559349060058594
-0.226776123046875 -0.1114501953125 0.0966110229492187 0.0121307373046875
-0.162399291992188 -0.236953735351562 0.0361785888671875 0.0606231689453125
-0.02978515625 -0.28668212890625 0.00418853759765624 0.0713424682617188
-0.0372161865234375 -0.243972778320312 0.0397491455078125 -0.225448608398438
-0.119186401367188 -0.189804077148438 -0.0406723022460937 -0.135116577148438
-0.182113647460938 -0.0989837646484375 -0.01971435546875 -0.0376701354980469
-0.182327270507813 0.038818359375 0.0199928283691406 -0.0487747192382813
-0.110679626464844 0.116706848144531 -0.0025482177734375 -0.0915374755859375
-0.00735473632812498 0.171768188476562 -0.046356201171875 -0.090057373046875
0.054351806640625 0.150588989257813 -0.0813751220703125 -0.0795364379882812
0.0500030517578125 0.142730712890625 -0.08575439453125 -0.0713348388671875
0.0600433349609375 0.163238525390625 -0.0927581787109375 -0.0835189819335937
0.0067291259765625 0.163711547851562 -0.0473861694335938 -0.114105224609375
-0.0924835205078125 0.145217895507813 -0.00331115722656251 -0.128120422363281
-0.155502319335938 0.067474365234375 0.0585479736328125 -0.0773239135742188
-0.171661376953125 -0.094696044921875 0.0787734985351562 -0.00336456298828126
-0.12518310546875 -0.185317993164062 0.00271415710449218 0.0103874206542969
-0.0278778076171875 -0.233062744140625 0.00469589233398438 -0.0272769927978516
-0.0523223876953125 -0.1510009765625 0.03973388671875 -0.297454833984375
-0.0904693603515625 -0.106521606445313 -0.051483154296875 -0.177871704101563
-0.107254028320313 -0.0414505004882812 -0.0262031555175781 -0.0477142333984375
-0.0998077392578125 0.02740478515625 0.0246429443359375 -0.0632209777832031
-0.0611419677734375 0.062408447265625 0.00470733642578125 -0.108413696289063
-0.0111007690429688 0.100395202636719 -0.0514450073242187 -0.124343872070312
0.0197982788085937 0.0925445556640625 -0.104209899902344 -0.117721557617188
0.0187759399414063 0.0907821655273438 -0.11279296875 -0.1036376953125
0.0205841064453125 0.107467651367188 -0.112350463867188 -0.11944580078125
-0.0151901245117187 0.09796142578125 -0.057891845703125 -0.146743774414062
-0.072174072265625 0.073577880859375 0.0015106201171875 -0.143722534179688
-0.093231201171875 0.019561767578125 0.0620193481445312 -0.0838851928710938
-0.0873794555664063 -0.0680389404296875 0.06219482421875 -0.00876617431640625
-0.064971923828125 -0.108688354492188 -0.0186862945556641 -0.0285854339599609
-0.02020263671875 -0.143173217773438 0.00785827636718749 -0.104751586914063
-0.0593490600585938 -0.0346870422363281 0.031463623046875 -0.3408203125
-0.049835205078125 -0.0118484497070313 -0.06317138671875 -0.204971313476563
-0.0229415893554688 0.0190067291259766 -0.0401039123535156 -0.0528945922851563
-0.00779056549072266 0.0132827758789062 0.0149803161621094 -0.0655364990234375
-0.00538444519042969 0.00212860107421875 0.00502777099609374 -0.103263854980469
-0.0125589370727539 0.0160589218139648 -0.0513839721679687 -0.133995056152344
-0.0164546966552734 0.0213718414306641 -0.112190246582031 -0.13446044921875
-0.0142917633056641 0.0250205993652344 -0.122650146484375 -0.119979858398438
-0.0195770263671875 0.0347137451171875 -0.1143798828125 -0.139984130859375
-0.0307235717773437 0.0197162628173828 -0.05615234375 -0.160797119140625
-0.0377235412597656 -0.00286102294921875 0.01287841796875 -0.140609741210938
-0.0187320709228516 -0.0220603942871094 0.0652542114257813 -0.0780563354492188
0.000913619995117189 -0.0247936248779297 0.0491218566894531 -0.00725936889648438
-0.00579166412353516 -0.0133333206176758 -0.0266685485839844 -0.0513839721679688
-0.0153388977050781 -0.0324440002441406 0.012359619140625 -0.14996337890625
0.033447265625 -0.0945510864257813 0.0171966552734375 0.1612548828125
-0.0475540161132812 -0.0826034545898438 0.0326042175292969 0.0637664794921875
-0.0886154174804687 -0.0257415771484375 -0.0344963073730469 -0.00776863098144531
-0.062255859375 0.0433731079101563 -0.07574462890625 0.06060791015625
-0.0169754028320313 0.0710525512695313 -0.040252685546875 0.117050170898438
0.0405387878417969 0.0622978210449219 0.048492431640625 0.156005859375
0.0666389465332031 0.0443229675292969 0.122772216796875 0.143768310546875
0.05352783203125 0.0406417846679687 0.12579345703125 0.115234375
0.0586776733398438 0.046875 0.106063842773438 0.124954223632813
0.0255966186523438 0.0707015991210938 0.0611419677734375 0.129669189453125
-0.0315628051757813 0.0684661865234375 0.01715087890625 0.0897445678710938
-0.0733642578125 0.01971435546875 0.0110588073730469 0.0619964599609375
-0.0568962097167969 -0.060211181640625 0.0608444213867188 0.0827407836914063
-0.00774383544921875 -0.091033935546875 0.08905029296875 0.208969116210937
0.0378990173339844 -0.0667495727539062 -0.038482666015625 0.371307373046875
0.023345947265625 -0.204757690429687 0.0137252807617187 0.126296997070313
-0.08636474609375 -0.166732788085937 0.021331787109375 0.0525550842285156
-0.1612548828125 -0.08123779296875 -0.026824951171875 -0.0106601715087891
-0.1441650390625 0.0537567138671875 -0.0639266967773438 0.042449951171875
-0.0688018798828125 0.12396240234375 -0.0463180541992188 0.0842437744140625
0.040313720703125 0.140869140625 0.0256576538085938 0.131118774414062
0.0968704223632813 0.113174438476563 0.0924530029296875 0.124382019042969
0.0814285278320312 0.105606079101562 0.0984268188476562 0.09454345703125
0.09222412109375 0.11981201171875 0.0791473388671875 0.100051879882813
0.0347747802734375 0.14434814453125 0.053131103515625 0.0945281982421875
-0.0669021606445313 0.136825561523438 0.02032470703125 0.0517997741699219
-0.141494750976563 0.0556640625 0.0306472778320312 0.0405998229980469
-0.139503479003906 -0.100601196289063 0.08721923828125 0.0737533569335938
-0.0728302001953125 -0.17840576171875 0.10052490234375 0.196746826171875
0.0192108154296875 -0.180282592773438 -0.01507568359375 0.344268798828125
0.01080322265625 -0.286285400390625 0.0172958374023438 0.0578384399414062
-0.116485595703125 -0.230865478515625 0.00627136230468749 0.0215358734130859
-0.217300415039062 -0.126739501953125 -0.0218563079833985 -0.0134010314941406
-0.211181640625 0.0584259033203125 -0.045562744140625 0.0228652954101563
-0.114028930664062 0.1605224609375 -0.0436210632324219 0.0416717529296875
0.0326690673828125 0.201171875 0.00168609619140625 0.0874557495117188
0.112228393554687 0.165496826171875 0.0493087768554688 0.0857696533203125
0.097930908203125 0.1536865234375 0.0557937622070313 0.0601921081542969
0.113876342773438 0.174148559570313 0.03875732421875 0.0610427856445313
0.0438385009765625 0.197738647460938 0.0345878601074219 0.0446243286132813
-0.0881805419921875 0.19183349609375 0.0184459686279297 0.00352096557617189
-0.189300537109375 0.093719482421875 0.0479774475097656 0.00969314575195313
-0.212005615234375 -0.118728637695313 0.105941772460937 0.0551605224609375
-0.136917114257813 -0.235687255859375 0.097625732421875 0.16473388671875
-0.00761413574218748 -0.266311645507813 0.00288391113281247 0.277328491210938
-0.00738525390625002 -0.324493408203125 0.0236606597900391 -0.0339374542236328
-0.1380615234375 -0.262191772460938 -0.0122127532958984 -0.0256080627441406
-0.250213623046875 -0.147018432617188 -0.0199947357177734 -0.01806640625
-0.248306274414063 0.06134033203125 -0.0222091674804688 0.000776290893554692
-0.1402587890625 0.176773071289062 -0.0331020355224609 -0.00747299194335937
0.022216796875 0.232009887695313 -0.0197849273681641 0.0291213989257813
0.11138916015625 0.192779541015625 0.00113487243652344 0.0332889556884766
0.099945068359375 0.178131103515625 0.00486946105957032 0.0169944763183594
0.1201171875 0.201690673828125 -0.0107898712158203 0.0139636993408203
0.0465240478515625 0.222061157226563 0.00513935089111328 -0.0125608444213867
-0.096405029296875 0.220428466796875 0.00872802734375 -0.0491867065429687
-0.2100830078125 0.119705200195313 0.0570640563964844 -0.026641845703125
-0.252960205078125 -0.117507934570312 0.1104736328125 0.0311203002929687
-0.179519653320313 -0.256881713867188 0.0755767822265625 0.116836547851562
-0.030914306640625 -0.30859375 0.00891113281249999 0.182144165039062
-0.027587890625 -0.31353759765625 0.0289840698242188 -0.13726806640625
-0.145309448242188 -0.249755859375 -0.0317916870117187 -0.081787109375
-0.244903564453125 -0.135910034179687 -0.0205001831054688 -0.0265674591064453
-0.242385864257813 0.059326171875 0.0016498565673828 -0.0250072479248047
-0.139663696289062 0.166748046875 -0.019317626953125 -0.0560455322265625
0.011871337890625 0.224594116210938 -0.0381088256835938 -0.0347442626953125
0.0947723388671875 0.188720703125 -0.0471305847167969 -0.0253753662109375
0.0867156982421875 0.175537109375 -0.0469398498535156 -0.0288734436035156
0.10589599609375 0.199783325195313 -0.0605545043945312 -0.0357017517089844
0.037384033203125 0.213241577148437 -0.0278396606445312 -0.0689811706542968
-0.096343994140625 0.209121704101563 -0.00404357910156251 -0.0972518920898437
-0.19915771484375 0.115936279296875 0.0587310791015625 -0.0602340698242187
-0.243270874023438 -0.107635498046875 0.100082397460937 0.00785064697265624
-0.180572509765625 -0.24029541015625 0.0385475158691406 0.0623512268066406
-0.0416259765625 -0.3017578125 0.005645751953125 0.0737228393554687
-0.046875 -0.255218505859375 0.0306854248046875 -0.23370361328125
-0.132553100585937 -0.194595336914063 -0.048980712890625 -0.1370849609375
-0.195968627929688 -0.0973663330078125 -0.0229263305664063 -0.0374794006347656
-0.18988037109375 0.050445556640625 0.0179939270019531 -0.0502891540527344
-0.110137939453125 0.127830505371094 -0.0074462890625 -0.0944442749023437
0.0023651123046875 0.180068969726563 -0.051666259765625 -0.0900497436523437
0.0650787353515625 0.155380249023438 -0.0880279541015625 -0.0792007446289062
0.06072998046875 0.145919799804687 -0.0916900634765625 -0.0712509155273437
0.073577880859375 0.168624877929688 -0.100418090820313 -0.0811920166015625
0.016815185546875 0.17156982421875 -0.054412841796875 -0.116447448730469
-0.0890350341796875 0.158248901367188 -0.0105209350585938 -0.132034301757813
-0.159637451171875 0.0786590576171875 0.0583267211914062 -0.0823135375976563
-0.185028076171875 -0.0927276611328125 0.0815887451171875 -0.00683593750000001
-0.139022827148438 -0.18927001953125 0.00126266479492187 0.0112314224243164
-0.037567138671875 -0.24627685546875 0.00134849548339844 -0.0300121307373047
-0.0587005615234375 -0.157485961914063 0.027557373046875 -0.310272216796875
-0.0986862182617188 -0.109893798828125 -0.0626373291015625 -0.182083129882813
-0.115516662597656 -0.0417709350585937 -0.0300788879394531 -0.0474319458007813
-0.104270935058594 0.0339126586914062 0.0224952697753906 -0.0657997131347656
-0.06182861328125 0.0690269470214844 3.05175781250072E-05 -0.112579345703125
-0.00534820556640624 0.106727600097656 -0.0587921142578125 -0.126556396484375
0.0267562866210937 0.0967864990234375 -0.1141357421875 -0.118125915527344
0.0252685546875 0.0947647094726563 -0.121337890625 -0.103530883789062
0.0290298461914063 0.112823486328125 -0.122901916503906 -0.118690490722656
-0.00958251953125001 0.104545593261719 -0.0670928955078125 -0.149551391601563
-0.0709915161132813 0.082275390625 -0.00613403320312502 -0.148330688476563
-0.097869873046875 0.0257644653320312 0.0605850219726562 -0.08941650390625
-0.0956192016601563 -0.0679702758789063 0.0640945434570313 -0.0123786926269531
-0.0730133056640625 -0.111862182617188 -0.0232677459716797 -0.0292873382568359
-0.0255126953125 -0.152816772460938 0.0015411376953125 -0.111473083496094
-0.0605278015136719 -0.0350723266601563 0.017669677734375 -0.357513427734375
-0.0518875122070313 -0.0122718811035156 -0.076416015625 -0.211944580078125
-0.0231819152832031 0.0183067321777344 -0.0446395874023438 -0.0525894165039062
-0.00910758972167969 0.0142354965209961 0.0123634338378906 -0.0680809020996094
-0.00645542144775391 0.00353670120239258 0.000885009765625011 -0.107620239257813
-0.0117416381835938 0.0186138153076172 -0.0593032836914062 -0.137542724609375
-0.0157489776611328 0.0237636566162109 -0.123207092285156 -0.135589599609375
-0.0129413604736328 0.0277652740478516 -0.132713317871094 -0.119735717773438
-0.0174140930175781 0.0388412475585938 -0.126556396484375 -0.140884399414063
-0.0305538177490234 0.0240821838378906 -0.0659027099609375 -0.1639404296875
-0.0398902893066406 0.000518798828125 0.00627136230468751 -0.146759033203125
-0.0222244262695313 -0.0211830139160156 0.0641860961914063 -0.0841751098632813
-0.00145530700683594 -0.0264034271240234 0.0509300231933594 -0.0102043151855469
-0.0065460205078125 -0.0161304473876953 -0.031890869140625 -0.0532951354980469
-0.0158576965332031 -0.0364837646484375 0.00379943847656249 -0.159286499023438
0.0287322998046875 -0.097015380859375 0.0275726318359375 0.168014526367188
-0.0512542724609375 -0.0788116455078125 0.0388755798339844 0.0665359497070313
-0.090240478515625 -0.020660400390625 -0.0355491638183594 -0.006134033203125
-0.0606613159179688 0.0465507507324219 -0.0741119384765625 0.0657882690429688
-0.0129165649414063 0.0725173950195313 -0.034881591796875 0.121849060058594
0.045013427734375 0.0598945617675781 0.058074951171875 0.156707763671875
0.0707168579101563 0.0400009155273437 0.133979797363281 0.140357971191406
0.0561103820800781 0.0373878479003906 0.134674072265625 0.110984802246094
0.0616798400878906 0.04254150390625 0.11578369140625 0.122871398925781
0.0304489135742188 0.0687713623046875 0.0688552856445312 0.129058837890625
-0.0269699096679688 0.0712051391601562 0.0217437744140625 0.0907974243164063
-0.073150634765625 0.0241775512695312 0.0148849487304687 0.0628128051757813
-0.0618972778320312 -0.0577545166015625 0.0658950805664063 0.0810775756835938
-0.0144195556640625 -0.0911941528320312 0.102523803710937 0.209320068359375
0.0336837768554688 -0.0688514709472656 -0.0194091796875 0.38177490234375
0.0134124755859375 -0.209823608398438 0.0224227905273438 0.133514404296875
-0.0952301025390625 -0.162185668945313 0.0267066955566406 0.0567588806152344
-0.16827392578125 -0.0741119384765625 -0.0277175903320313 -0.00988197326660156
-0.14288330078125 0.0616607666015625 -0.06329345703125 0.0469207763671875
-0.0630645751953125 0.128944396972656 -0.0438308715820313 0.0889129638671875
0.0498199462890625 0.140296936035156 0.0333099365234375 0.133583068847656
0.106033325195313 0.108779907226563 0.102310180664062 0.122627258300781
0.088775634765625 0.101943969726563 0.105873107910156 0.0912551879882813
0.101417541503906 0.115509033203125 0.08758544921875 0.0988082885742188
0.0440826416015625 0.143585205078125 0.0591201782226563 0.0937728881835938
-0.0583953857421875 0.14385986328125 0.0229835510253906 0.0529327392578125
-0.140472412109375 0.0650253295898438 0.0342445373535156 0.0398597717285156
-0.14935302734375 -0.0955963134765625 0.09197998046875 0.07061767578125
-0.0857086181640625 -0.177459716796875 0.112777709960938 0.19720458984375
0.0096588134765625 -0.185623168945313 0.00210571289062497 0.3516845703125
-0.00253295898437499 -0.29296875 0.021240234375 0.06353759765625
-0.129013061523438 -0.22747802734375 0.00915527343749999 0.0260334014892578
-0.228271484375 -0.118362426757813 -0.022613525390625 -0.0125598907470703
-0.210922241210938 0.0706634521484375 -0.0448760986328125 0.0265998840332031
-0.107635498046875 0.169357299804687 -0.043304443359375 0.0458106994628906
0.04608154296875 0.202133178710938 0.007568359375 0.0906219482421875
0.124969482421875 0.161605834960938 0.0565948486328125 0.0859375
0.108261108398437 0.150802612304688 0.0609817504882813 0.0581512451171875
0.127777099609375 0.169845581054687 0.0440826416015625 0.0616188049316406
0.0562744140625 0.197967529296875 0.0370941162109375 0.0439529418945313
-0.0772705078125 0.201858520507813 0.0179119110107422 0.00406074523925783
-0.188552856445313 0.107330322265625 0.0496711730957031 0.00735473632812501
-0.224609375 -0.1103515625 0.109848022460937 0.0508193969726562
-0.1544189453125 -0.233444213867188 0.107452392578125 0.1650390625
-0.021209716796875 -0.272933959960937 0.016143798828125 0.282745361328125
-0.021820068359375 -0.332061767578125 0.0228710174560547 -0.0310001373291016
-0.152511596679687 -0.259292602539062 -0.0126094818115234 -0.0214881896972656
-0.26416015625 -0.138534545898438 -0.0213851928710938 -0.0167598724365234
-0.24951171875 0.0755767822265625 -0.0223846435546875 0.00286865234375
-0.133316040039063 0.18798828125 -0.0349617004394531 -0.00461769104003905
0.037506103515625 0.234176635742188 -0.0171890258789063 0.0326805114746094
0.12664794921875 0.189483642578125 0.00425720214843751 0.034759521484375
0.112533569335937 0.175979614257813 0.00691604614257813 0.016179084777832
0.136734008789063 0.1981201171875 -0.00856781005859374 0.0162239074707031
0.061248779296875 0.22344970703125 0.00433158874511719 -0.0130338668823242
-0.084228515625 0.231246948242187 0.00565719604492187 -0.048614501953125
-0.208084106445312 0.134246826171875 0.0570602416992187 -0.0301017761230469
-0.265823364257813 -0.107254028320313 0.113250732421875 0.0262527465820312
-0.198043823242188 -0.252822875976563 0.08154296875 0.116935729980469
-0.046661376953125 -0.316375732421875 0.01751708984375 0.185028076171875
-0.04205322265625 -0.3212890625 0.0225906372070313 -0.136940002441406
-0.160079956054687 -0.248794555664063 -0.036376953125 -0.0786514282226563
-0.259033203125 -0.128448486328125 -0.0221118927001953 -0.0252799987792969
-0.244491577148437 0.0738983154296875 -0.000347137451171893 -0.0243091583251953
-0.133331298828125 0.178207397460938 -0.0235862731933594 -0.0557136535644531
0.0259246826171875 0.227859497070313 -0.0395927429199219 -0.031982421875
0.109207153320312 0.187347412109375 -0.0486259460449219 -0.0223045349121094
0.0990753173828125 0.174453735351563 -0.0484237670898438 -0.0278739929199219
0.121917724609375 0.197723388671875 -0.0614852905273437 -0.0312538146972656
0.0516357421875 0.215240478515625 -0.0323677062988281 -0.0684623718261719
-0.0855865478515625 0.219818115234375 -0.0102081298828125 -0.0970611572265625
-0.197067260742188 0.129180908203125 0.0569801330566406 -0.064056396484375
-0.256393432617188 -0.0978851318359375 0.101081848144531 0.00331878662109374
-0.19757080078125 -0.236236572265625 0.0411605834960937 0.0634765625
-0.057159423828125 -0.309173583984375 0.00846099853515625 0.0740509033203125
-0.05767822265625 -0.26165771484375 0.019439697265625 -0.236846923828125
-0.14434814453125 -0.19378662109375 -0.0573196411132812 -0.135238647460938
-0.207595825195313 -0.0924072265625 -0.0258064270019531 -0.0359268188476563
-0.191665649414062 0.0624237060546875 0.0153884887695312 -0.0504722595214844
-0.106582641601563 0.137466430664063 -0.0130157470703125 -0.0953750610351563
0.01422119140625 0.183761596679688 -0.0567550659179687 -0.0881881713867187
0.0762481689453125 0.1552734375 -0.0926513671875 -0.0756683349609375
0.0708770751953125 0.146469116210937 -0.0957183837890625 -0.068695068359375
0.0879364013671875 0.1683349609375 -0.105209350585938 -0.0762786865234375
0.0274505615234375 0.17462158203125 -0.0621109008789063 -0.115768432617188
-0.0811614990234375 0.168472290039063 -0.0185012817382813 -0.132820129394531
-0.15911865234375 0.089813232421875 0.0550079345703125 -0.0868453979492188
-0.195709228515625 -0.0858306884765625 0.0817413330078125 -0.0114898681640625
-0.15203857421875 -0.187759399414063 0.000144004821777333 0.0122613906860351
-0.0496368408203125 -0.253768920898438 -0.00161552429199219 -0.0316123962402344
-0.0655059814453125 -0.161392211914062 0.01251220703125 -0.317657470703125
-0.105934143066406 -0.109489440917969 -0.07464599609375 -0.182357788085938
-0.121757507324219 -0.039947509765625 -0.033843994140625 -0.0457763671875
-0.105415344238281 0.04071044921875 0.0187149047851562 -0.0671043395996094
-0.0602569580078125 0.0751724243164062 -0.00612640380859376 -0.114173889160156
0.00170135498046874 0.109794616699219 -0.0663909912109375 -0.125900268554688
0.0331649780273437 0.098541259765625 -0.1224365234375 -0.114509582519531
0.0320205688476563 0.0958786010742188 -0.128730773925781 -0.0998001098632812
0.0388336181640625 0.114471435546875 -0.131317138671875 -0.11376953125
-0.00276947021484374 0.109222412109375 -0.07696533203125 -0.148651123046875
-0.0674972534179688 0.0904922485351563 -0.01458740234375 -0.150131225585938
-0.0992889404296875 0.0325164794921875 0.0574722290039063 -0.0942764282226563
-0.102546691894531 -0.066070556640625 0.0642051696777344 -0.0159797668457031
-0.0809707641601563 -0.112403869628906 -0.0272579193115234 -0.0287723541259766
-0.0334625244140625 -0.158843994140625 -0.00637054443359374 -0.115638732910156
-0.0613479614257813 -0.0350379943847656 -0.000335693359374999 -0.364990234375
-0.0534439086914063 -0.0124588012695312 -0.090087890625 -0.212615966796875
-0.0230617523193359 0.0172863006591797 -0.0484657287597656 -0.0508995056152344
-0.0092620849609375 0.0148696899414063 0.00859832763671875 -0.0694389343261719
-0.00721216201782226 0.00453901290893555 -0.00424194335937501 -0.110031127929688
-0.0107612609863281 0.0208301544189453 -0.0675201416015625 -0.137748718261719
-0.0143699645996094 0.0265064239501953 -0.1334228515625 -0.132400512695313
-0.0107364654541016 0.0301589965820313 -0.141876220703125 -0.11572265625
-0.0136642456054688 0.0418281555175781 -0.137290954589844 -0.136161804199219
-0.0292263031005859 0.02783203125 -0.0758514404296875 -0.163528442382813
-0.0411567687988281 0.00482940673828124 -0.0019378662109375 -0.1488037109375
-0.0250186920166016 -0.0194435119628906 0.0609130859375 -0.0890121459960938
-0.0034027099609375 -0.0282249450683594 0.0511360168457031 -0.0137100219726563
-0.00815963745117187 -0.0179576873779297 -0.0374908447265625 -0.0539207458496094
-0.0177116394042969 -0.0401687622070313 -0.00666809082031251 -0.164688110351562
0.0251083374023438 -0.0976409912109375 0.03533935546875 0.171234130859375
-0.0524139404296875 -0.0743331909179688 0.0445671081542969 0.068511962890625
-0.0897140502929687 -0.0168914794921875 -0.0355987548828125 -0.00532150268554688
-0.0582084655761719 0.0479164123535156 -0.07177734375 0.0686798095703125
-0.0102920532226563 0.0722274780273438 -0.0308303833007812 0.123649597167969
0.0475692749023437 0.0564956665039063 0.06451416015625 0.155364990234375
0.0725555419921875 0.03509521484375 0.1407470703125 0.135818481445313
0.0568389892578125 0.033966064453125 0.139533996582031 0.106727600097656
0.0634117126464844 0.0386085510253906 0.121742248535156 0.119277954101563
0.033966064453125 0.0659561157226563 0.0742340087890625 0.126693725585938
-0.022491455078125 0.072052001953125 0.0247879028320313 0.0906753540039063
-0.0714492797851563 0.0274124145507812 0.017913818359375 0.0627098083496094
-0.0650787353515625 -0.0546150207519531 0.06878662109375 0.0792236328125
-0.0192642211914063 -0.0893173217773437 0.111648559570313 0.207275390625
0.030487060546875 -0.0692100524902344 -0.00570678710937496 0.3837890625
0.00682067871093749 -0.211196899414063 0.0288619995117187 0.138046264648438
-0.098785400390625 -0.156814575195313 0.0312843322753906 0.0596466064453125
-0.170181274414063 -0.0682830810546875 -0.0273227691650391 -0.00866508483886719
-0.14007568359375 0.0666427612304688 -0.0615386962890625 0.0498275756835938
-0.0577316284179688 0.130882263183594 -0.0415573120117188 0.0918731689453125
0.0562973022460937 0.136528015136719 0.0397262573242188 0.133682250976563
0.111198425292969 0.103187561035156 0.10906982421875 0.1192626953125
0.0927505493164063 0.0979385375976563 0.109771728515625 0.0875701904296875
0.107063293457031 0.110221862792969 0.0926513671875 0.0969390869140625
0.0510940551757813 0.140205383300781 0.0626373291015625 0.0918426513671875
-0.051116943359375 0.14666748046875 0.0245819091796875 0.0529747009277344
-0.138519287109375 0.0712127685546875 0.0358085632324219 0.0387840270996094
-0.154632568359375 -0.090240478515625 0.0940780639648437 0.0682525634765625
-0.0942535400390625 -0.172866821289062 0.12091064453125 0.195220947265625
0.00245666503906249 -0.187026977539063 0.01446533203125 0.353240966796875
-0.01177978515625 -0.29473876953125 0.0247421264648438 0.0679359436035156
-0.134613037109375 -0.221633911132813 0.0119533538818359 0.0296993255615234
-0.234207153320312 -0.110580444335938 -0.0228424072265625 -0.01141357421875
-0.208236694335938 0.07781982421875 -0.0441436767578125 0.0293045043945313
-0.101303100585938 0.173355102539063 -0.0424652099609375 0.0485343933105469
0.0552825927734375 0.19903564453125 0.0123977661132813 0.0919342041015625
0.132827758789063 0.155807495117188 0.0619049072265625 0.0840606689453125
0.114593505859375 0.146453857421875 0.0639610290527344 0.0554122924804688
0.136367797851563 0.1639404296875 0.048492431640625 0.0611228942871094
0.065826416015625 0.195587158203125 0.0386581420898438 0.0427932739257813
-0.0670166015625 0.205657958984375 0.0179061889648438 0.00447845458984376
-0.1849365234375 0.114715576171875 0.0498123168945312 0.00585937500000001
-0.23138427734375 -0.102828979492187 0.110755920410156 0.047607421875
-0.164642333984375 -0.227691650390625 0.113357543945312 0.162979125976562
-0.03094482421875 -0.275115966796875 0.02496337890625 0.2828369140625
-0.032012939453125 -0.333892822265625 0.0228805541992187 -0.0269432067871094
-0.160629272460938 -0.2548828125 -0.0115280151367188 -0.0172395706176758
-0.271881103515625 -0.130569458007813 -0.0216751098632813 -0.0157222747802734
-0.246917724609375 0.0848541259765625 -0.0218505859375 0.00484275817871094
-0.126861572265625 0.193710327148438 -0.0362358093261719 -0.00201416015624998
0.04779052734375 0.232086181640625 -0.0150318145751953 0.0350418090820313
0.136245727539063 0.18426513671875 0.0070781707763672 0.0350532531738281
0.11962890625 0.172195434570312 0.00790882110595704 0.0154600143432617
0.14691162109375 0.192184448242188 -0.0063343048095703 0.0185489654541016
0.0716094970703125 0.221160888671875 0.00372123718261719 -0.012578010559082
-0.073577880859375 0.236373901367187 0.00325775146484375 -0.0474624633789062
-0.204010009765625 0.14288330078125 0.0560836791992187 -0.0320053100585937
-0.273178100585938 -0.0986785888671875 0.112586975097656 0.022216796875
-0.2093505859375 -0.246658325195312 0.0858993530273438 0.115638732910156
-0.057525634765625 -0.318634033203125 0.0230865478515625 0.184600830078125
-0.051055908203125 -0.32379150390625 0.018798828125 -0.134254455566406
-0.168060302734375 -0.244873046875 -0.0381927490234375 -0.074371337890625
-0.266815185546875 -0.121658325195313 -0.0236454010009766 -0.0234622955322266
-0.241928100585938 0.0840301513671875 -0.00101470947265626 -0.0232620239257812
-0.128036499023438 0.1846923828125 -0.0263137817382812 -0.0534934997558594
0.0371856689453125 0.226852416992188 -0.0390815734863281 -0.0289077758789062
0.11883544921875 0.184036254882813 -0.0481529235839844 -0.0204086303710938
0.106552124023438 0.171981811523438 -0.0491294860839844 -0.0269927978515625
0.13372802734375 0.192596435546875 -0.061676025390625 -0.0274314880371094
0.0616607666015625 0.214004516601563 -0.0352745056152344 -0.0668716430664062
-0.074859619140625 0.224609375 -0.013885498046875 -0.0952072143554687
-0.193618774414062 0.137313842773438 0.0545272827148437 -0.0666999816894531
-0.263229370117187 -0.089599609375 0.100250244140625 -2.28881835937555E-05
-0.207809448242188 -0.230209350585937 0.0427627563476562 0.0631523132324219
-0.06707763671875 -0.311553955078125 0.0101318359375 0.073577880859375
-0.065673828125 -0.263427734375 0.0112762451171875 -0.235809326171875
-0.15081787109375 -0.191482543945313 -0.0629730224609375 -0.131790161132813
-0.21484375 -0.0875091552734375 -0.0273895263671875 -0.0343399047851563
-0.190765380859375 0.0699462890625 0.01348876953125 -0.0502662658691406
-0.1024169921875 0.143081665039062 -0.0172653198242188 -0.0939483642578125
0.02288818359375 0.183990478515625 -0.0591888427734375 -0.0852432250976562
0.084930419921875 0.1533203125 -0.095733642578125 -0.0717315673828125
0.0774383544921875 0.145492553710938 -0.098480224609375 -0.06610107421875
0.0975799560546875 0.164840698242188 -0.107246398925781 -0.0716629028320312
0.0363616943359375 0.174591064453125 -0.0673294067382813 -0.112770080566406
-0.073089599609375 0.173583984375 -0.0238189697265625 -0.130538940429688
-0.157196044921875 0.09674072265625 0.0523223876953125 -0.0889739990234375
-0.201248168945312 -0.080169677734375 0.0808792114257812 -0.0139617919921875
-0.160324096679687 -0.183456420898438 -0.000823974609375009 0.0127410888671875
-0.0579376220703125 -0.2567138671875 -0.00414466857910156 -0.0323162078857422
-0.0691375732421875 -0.162307739257813 0.000518798828124985 -0.317413330078125
-0.11016845703125 -0.108482360839844 -0.0829315185546875 -0.179641723632813
-0.125686645507813 -0.0384521484375 -0.0361366271972656 -0.0438270568847656
-0.105552673339844 0.0454940795898438 0.0160903930664062 -0.0672645568847656
-0.0584564208984375 0.078857421875 -0.0105209350585937 -0.113853454589844
0.00703430175781251 0.110679626464844 -0.0701828002929688 -0.123344421386719
0.0385208129882812 0.0985107421875 -0.127677917480469 -0.110054016113281
0.0368118286132813 0.0964736938476562 -0.133377075195312 -0.0964584350585938
0.0461578369140625 0.11358642578125 -0.135307312011719 -0.107833862304687
0.00318145751953126 0.110267639160156 -0.0823822021484375 -0.145492553710938
-0.0636520385742188 0.0950241088867187 -0.02105712890625 -0.148223876953125
-0.0994033813476563 0.03729248046875 0.0534820556640625 -0.0966873168945312
-0.106895446777344 -0.063140869140625 0.0632095336914062 -0.0186614990234375
-0.085784912109375 -0.1116943359375 -0.0304241180419922 -0.027618408203125
-0.0379791259765625 -0.162200927734375 -0.0121612548828125 -0.117149353027344
-0.0605964660644531 -0.0349807739257813 -0.014129638671875 -0.366729736328125
-0.0542945861816406 -0.0129318237304687 -0.100234985351563 -0.210784912109375
-0.0237560272216797 0.0149822235107422 -0.0511093139648438 -0.0485610961914062
-0.00975990295410156 0.0153121948242188 0.00624847412109375 -0.0695304870605469
-0.00808477401733398 0.00588512420654297 -0.00797271728515624 -0.110115051269531
-0.00989151000976563 0.0224533081054688 -0.0724868774414063 -0.136054992675781
-0.0132465362548828 0.0287284851074219 -0.140205383300781 -0.127944946289063
-0.00895309448242188 0.0321235656738281 -0.146621704101563 -0.111343383789063
-0.0107994079589844 0.0433197021484375 -0.143386840820313 -0.130828857421875
-0.0268898010253906 0.0303268432617187 -0.0823516845703125 -0.160171508789063
-0.0411109924316406 0.00882720947265625 -0.0083465576171875 -0.14825439453125
-0.0273895263671875 -0.0173168182373047 0.0572662353515625 -0.0912094116210938
-0.00570487976074219 -0.0288600921630859 0.0500450134277344 -0.0159187316894531
-0.00892257690429688 -0.0197315216064453 -0.041656494140625 -0.0535354614257812
-0.0186614990234375 -0.0429534912109375 -0.0141754150390625 -0.167129516601563
0.0233001708984375 -0.0977325439453125 0.04022216796875 0.175308227539063
-0.0510940551757813 -0.0712051391601562 0.0493850708007812 0.0710830688476563
-0.0886383056640625 -0.0154876708984375 -0.0352745056152344 -0.00506973266601562
-0.0570640563964844 0.0483932495117188 -0.0710220336914063 0.0708160400390625
-0.00870513916015624 0.0720443725585938 -0.0292510986328125 0.125434875488281
0.0490760803222656 0.0544891357421875 0.0679168701171875 0.155197143554688
0.07379150390625 0.0318756103515625 0.144851684570313 0.13397216796875
0.0571441650390625 0.0321769714355469 0.141860961914063 0.105560302734375
0.0640983581542969 0.0360298156738281 0.125076293945313 0.118659973144531
0.0356330871582031 0.0635337829589844 0.0761947631835937 0.126167297363281
-0.0196304321289062 0.0717544555664063 0.026519775390625 0.0910186767578125
-0.0706939697265625 0.0291900634765625 0.019195556640625 0.0626449584960938
-0.066375732421875 -0.0532264709472656 0.0705795288085938 0.079193115234375
-0.0226364135742187 -0.0873031616210938 0.116180419921875 0.20819091796875
0.0291748046875 -0.0692214965820312 0.000457763671875034 0.38629150390625
0.00393676757812501 -0.212692260742188 0.0331573486328125 0.142547607421875
-0.0990142822265625 -0.154205322265625 0.0356979370117187 0.0629425048828125
-0.171524047851562 -0.065460205078125 -0.0274925231933594 -0.00822257995605469
-0.138816833496094 0.068359375 -0.0608634948730469 0.0520477294921875
-0.0559539794921875 0.132469177246094 -0.0407638549804688 0.093475341796875
0.0596542358398437 0.134605407714844 0.0426254272460938 0.134353637695313
0.114578247070313 0.100265502929688 0.113212585449219 0.118515014648437
0.09429931640625 0.0965728759765625 0.111991882324219 0.0866470336914062
0.110031127929688 0.107109069824219 0.0960159301757813 0.0967178344726563
0.0546035766601563 0.13897705078125 0.064178466796875 0.0913772583007813
-0.0470733642578125 0.148300170898438 0.0258331298828125 0.0532913208007813
-0.137954711914063 0.07415771484375 0.0368461608886719 0.0383148193359375
-0.159042358398437 -0.0878143310546875 0.0949859619140625 0.067352294921875
-0.0989532470703125 -0.171554565429688 0.124786376953125 0.195968627929688
-0.000778198242187496 -0.1885986328125 0.01885986328125 0.35479736328125
-0.015380859375 -0.29827880859375 0.0280303955078125 0.0727386474609375
-0.136688232421875 -0.220169067382813 0.0154399871826172 0.0335121154785156
-0.237548828125 -0.108566284179687 -0.0228977203369141 -0.0105400085449219
-0.207183837890625 0.0810089111328125 -0.0434608459472656 0.0310325622558594
-0.098968505859375 0.17584228515625 -0.0427970886230469 0.0504798889160156
0.0601043701171875 0.197525024414063 0.0153732299804688 0.0936965942382813
0.138519287109375 0.152786254882813 0.0652999877929688 0.08428955078125
0.117935180664063 0.145187377929688 0.0655899047851563 0.0548896789550781
0.142120361328125 0.160614013671875 0.05120849609375 0.0620269775390625
0.0708160400390625 0.19366455078125 0.0389938354492188 0.0427780151367188
-0.06158447265625 0.208328247070313 0.0179023742675781 0.00543403625488283
-0.184051513671875 0.118865966796875 0.0504341125488281 0.00529098510742188
-0.236724853515625 -0.100082397460937 0.111549377441406 0.0467300415039062
-0.170913696289063 -0.226028442382812 0.116729736328125 0.164108276367188
-0.034912109375 -0.278121948242188 0.029052734375 0.284210205078125
-0.03521728515625 -0.338470458984375 0.0241317749023437 -0.0228519439697266
-0.162979125976563 -0.253402709960938 -0.0100107192993164 -0.0136642456054688
-0.277130126953125 -0.128570556640625 -0.0219135284423828 -0.0146369934082031
-0.247482299804688 0.0895843505859375 -0.0220432281494141 0.00607872009277344
-0.125274658203125 0.197128295898438 -0.0375823974609375 -0.000389099121093732
0.0538787841796875 0.2318115234375 -0.012481689453125 0.0370292663574219
0.141799926757813 0.182373046875 0.00948715209960938 0.036102294921875
0.124298095703125 0.171951293945313 0.00850868225097657 0.015045166015625
0.153762817382813 0.189102172851563 -0.00440597534179687 0.0197315216064453
0.0775604248046875 0.220001220703125 0.00292205810546876 -0.0121288299560547
-0.0675506591796875 0.239273071289063 0.00238800048828125 -0.0468292236328125
-0.20367431640625 0.147781372070313 0.0559425354003906 -0.0331573486328125
-0.279022216796875 -0.0960998535156249 0.113014221191406 0.0214996337890625
-0.215789794921875 -0.244552612304687 0.0874481201171875 0.116836547851562
-0.0618896484375 -0.322540283203125 0.0243988037109375 0.18505859375
-0.053985595703125 -0.328125 0.0179367065429688 -0.131721496582031
-0.171463012695312 -0.244857788085938 -0.0383148193359375 -0.0713958740234375
-0.273284912109375 -0.119842529296875 -0.023946762084961 -0.0225334167480469
-0.242935180664063 0.08807373046875 -0.000831604003906266 -0.0221977233886719
-0.126510620117188 0.187911987304688 -0.0282936096191406 -0.0519561767578125
0.04266357421875 0.227279663085938 -0.0385322570800781 -0.026947021484375
0.124847412109375 0.182769775390625 -0.0471115112304688 -0.0189476013183594
0.111068725585937 0.171859741210938 -0.0499725341796875 -0.0268936157226562
0.139907836914063 0.190399169921875 -0.0605964660644531 -0.0255317687988281
0.067779541015625 0.213760375976563 -0.0366134643554687 -0.0657234191894531
-0.06964111328125 0.228134155273438 -0.0160598754882812 -0.0941162109375
-0.193679809570313 0.142242431640625 0.0538558959960937 -0.0676116943359375
-0.268447875976563 -0.087127685546875 0.0998001098632813 -0.00112915039062501
-0.213409423828125 -0.229583740234375 0.0427513122558594 0.0642662048339844
-0.07159423828125 -0.316680908203125 0.00968170166015625 0.0730819702148438
-0.0672149658203125 -0.267776489257813 0.00827026367187499 -0.235366821289063
-0.154403686523437 -0.192779541015625 -0.0652923583984375 -0.129493713378906
-0.220870971679687 -0.0875091552734375 -0.0284690856933594 -0.0333671569824219
-0.191543579101563 0.0738983154296875 0.0129013061523437 -0.04986572265625
-0.101654052734375 0.146453857421875 -0.0195693969726563 -0.0936431884765625
0.0275115966796875 0.184890747070313 -0.0597076416015625 -0.0835723876953125
0.0894012451171875 0.153167724609375 -0.09619140625 -0.0702438354492187
0.081817626953125 0.146163940429688 -0.100021362304688 -0.0652618408203125
0.103790283203125 0.163528442382813 -0.107559204101563 -0.0690078735351562
0.040802001953125 0.17529296875 -0.0690460205078125 -0.111419677734375
-0.0690765380859375 0.17724609375 -0.0259246826171875 -0.129753112792969
-0.157913208007813 0.100631713867188 0.0508804321289062 -0.0905914306640625
-0.205963134765625 -0.078643798828125 0.080291748046875 -0.0149612426757813
-0.165115356445313 -0.183624267578125 -0.00232696533203126 0.0132102966308594
-0.061614990234375 -0.261215209960938 -0.00624656677246094 -0.033681869506836
-0.069854736328125 -0.1654052734375 -0.00396728515624997 -0.31866455078125
-0.112442016601563 -0.110618591308594 -0.0871734619140625 -0.178543090820313
-0.130645751953125 -0.0388870239257812 -0.0370368957519531 -0.0431747436523438
-0.107292175292969 0.0473785400390625 0.01519775390625 -0.0673904418945313
-0.0587997436523437 0.0810775756835938 -0.0126800537109375 -0.113792419433594
0.0101852416992188 0.112060546875 -0.0721511840820313 -0.121902465820313
0.0421905517578125 0.0998077392578125 -0.129867553710938 -0.108497619628906
0.0399169921875 0.0978240966796875 -0.135490417480469 -0.0956878662109375
0.0503082275390625 0.113777160644531 -0.1376953125 -0.105796813964844
0.00637817382812501 0.111785888671875 -0.0855255126953125 -0.143783569335938
-0.0616302490234375 0.0982437133789063 -0.0238037109375 -0.147445678710938
-0.100608825683594 0.0400543212890625 0.0520172119140625 -0.0978546142578125
-0.110366821289063 -0.0633392333984375 0.0629158020019531 -0.0198898315429688
-0.0884170532226563 -0.1123046875 -0.032796859741211 -0.0274620056152344
-0.0401153564453125 -0.165786743164063 -0.015533447265625 -0.1190185546875
-0.0596694946289063 -0.0365447998046875 -0.0196533203125 -0.368682861328125
-0.0549964904785156 -0.0144386291503906 -0.105789184570313 -0.210647583007813
-0.0253868103027344 0.012908935546875 -0.0520553588867187 -0.0479812622070313
-0.0114850997924805 0.0151615142822266 0.0054168701171875 -0.0699729919433594
-0.00902175903320313 0.00665950775146484 -0.0093841552734375 -0.11029052734375
-0.00886726379394531 0.0234737396240234 -0.0755844116210937 -0.135749816894531
-0.0121555328369141 0.0306186676025391 -0.144149780273438 -0.1260986328125
-0.00754928588867187 0.0340805053710938 -0.14971923828125 -0.110626220703125
-0.00827407836914063 0.0446853637695313 -0.145919799804688 -0.128936767578125
-0.025177001953125 0.0323657989501953 -0.0852508544921875 -0.158782958984375
-0.0414810180664063 0.0106582641601563 -0.01129150390625 -0.147506713867188
-0.0283775329589844 -0.0161685943603516 0.0557785034179687 -0.0927047729492188
-0.0074920654296875 -0.0294189453125 0.0493545532226563 -0.0170440673828125
-0.00974082946777344 -0.0219497680664063 -0.0450019836425781 -0.0533599853515625
-0.0190582275390625 -0.0459747314453125 -0.018310546875 -0.169586181640625
0.0233535766601563 -0.0998687744140625 0.04388427734375 0.1834716796875
-0.0505142211914063 -0.0708847045898438 0.0544891357421875 0.0746002197265625
-0.0896453857421875 -0.0150604248046875 -0.0357017517089844 -0.00485992431640625
-0.0574989318847656 0.0486030578613281 -0.0718154907226563 0.073394775390625
-0.00870513916015625 0.0738906860351563 -0.0295562744140625 0.129379272460938
0.0512123107910156 0.0536079406738281 0.071014404296875 0.159149169921875
0.0754928588867188 0.030303955078125 0.150741577148438 0.137100219726563
0.0583877563476562 0.0317955017089844 0.146347045898438 0.108749389648438
0.0654792785644531 0.035003662109375 0.129478454589844 0.122283935546875
0.0373497009277344 0.063385009765625 0.0780181884765625 0.129676818847656
-0.0181961059570313 0.0732421875 0.0271759033203125 0.09307861328125
-0.0721282958984375 0.0310592651367187 0.01983642578125 0.0641517639160156
-0.0694084167480469 -0.0527915954589844 0.0732879638671875 0.0814590454101563
-0.0244827270507812 -0.0879135131835938 0.122406005859375 0.214141845703125
0.0289573669433594 -0.0700492858886719 0.00103759765624996 0.397613525390625
0.00361633300781249 -0.218673706054688 0.0363311767578125 0.150192260742188
-0.099456787109375 -0.156494140625 0.0410842895507813 0.0674209594726562
-0.175582885742188 -0.06683349609375 -0.0278606414794922 -0.00810623168945313
-0.14154052734375 0.0699005126953125 -0.061279296875 0.0544776916503906
-0.0571060180664063 0.135627746582031 -0.0417251586914063 0.0974349975585938
0.06304931640625 0.136199951171875 0.0457839965820313 0.138198852539063
0.118919372558594 0.0999832153320313 0.118278503417969 0.121444702148438
0.0977096557617188 0.0981216430664063 0.115432739257813 0.0892562866210938
0.114387512207031 0.10797119140625 0.100440979003906 0.100273132324219
0.057525634765625 0.140823364257813 0.0654144287109375 0.0941009521484375
-0.0453643798828125 0.151840209960938 0.0261421203613281 0.05523681640625
-0.141510009765625 0.07708740234375 0.037567138671875 0.0397834777832031
-0.166091918945312 -0.089202880859375 0.0978775024414062 0.0702743530273438
-0.104141235351563 -0.1741943359375 0.130050659179687 0.202743530273438
-0.0010986328125 -0.194381713867188 0.01904296875 0.36566162109375
-0.015228271484375 -0.307403564453125 0.0312652587890625 0.0790328979492188
-0.138153076171875 -0.224700927734375 0.0192108154296875 0.0376319885253906
-0.245681762695313 -0.110992431640625 -0.0230255126953125 -0.0103569030761719
-0.212692260742188 0.083526611328125 -0.0442428588867188 0.0326576232910156
-0.101470947265625 0.181304931640625 -0.0448455810546875 0.0536689758300781
0.0638885498046875 0.201141357421875 0.0173416137695313 0.0970840454101563
0.14361572265625 0.154769897460938 0.0693740844726563 0.0867462158203125
0.122207641601563 0.148483276367188 0.0671043395996094 0.0565338134765625
0.1483154296875 0.162246704101563 0.0541152954101563 0.06463623046875
0.075225830078125 0.197616577148437 0.0395736694335938 0.0446052551269531
-0.0607757568359375 0.213653564453125 0.0179653167724609 0.00641250610351564
-0.189834594726563 0.123458862304687 0.0512237548828125 0.00570678710937501
-0.246597290039062 -0.1015625 0.113677978515625 0.04852294921875
-0.177886962890625 -0.230728149414062 0.12091064453125 0.169525146484375
-0.036407470703125 -0.28741455078125 0.028289794921875 0.29217529296875
-0.034759521484375 -0.35040283203125 0.0263290405273437 -0.0195713043212891
-0.165618896484375 -0.260818481445312 -0.00820159912109376 -0.0102500915527344
-0.286834716796875 -0.13214111328125 -0.0222930908203125 -0.0146694183349609
-0.252883911132813 0.0924835205078125 -0.022003173828125 0.0070934295654297
-0.128921508789063 0.203353881835938 -0.0398635864257813 0.00149917602539064
0.0577850341796875 0.236480712890625 -0.0109748840332031 0.0391731262207031
0.148513793945313 0.185577392578125 0.0120506286621094 0.0376129150390625
0.12939453125 0.176773071289062 0.00912857055664063 0.0154190063476563
0.160934448242188 0.191802978515625 -0.00259399414062499 0.0212993621826172
0.08245849609375 0.22467041015625 0.00306320190429688 -0.0115184783935547
-0.066375732421875 0.247116088867188 0.0021820068359375 -0.0468673706054687
-0.209579467773438 0.15277099609375 0.0564231872558594 -0.0334701538085938
-0.290283203125 -0.0981445312499999 0.114967346191406 0.022796630859375
-0.223129272460938 -0.250167846679688 0.0898056030273437 0.121086120605469
-0.062744140625 -0.335174560546875 0.02374267578125 0.18963623046875
-0.054473876953125 -0.340789794921875 0.0198440551757812 -0.131858825683594
-0.174331665039062 -0.252609252929688 -0.0386734008789063 -0.070526123046875
-0.284698486328125 -0.12432861328125 -0.0246353149414063 -0.0226879119873047
-0.24993896484375 0.0920562744140625 -0.00106048583984377 -0.0220584869384766
-0.130935668945313 0.194671630859375 -0.0308341979980469 -0.0522499084472656
0.045684814453125 0.232879638671875 -0.0382003784179687 -0.0258331298828125
0.13092041015625 0.187393188476562 -0.0472793579101562 -0.0188217163085937
0.115951538085937 0.176864624023437 -0.0511322021484375 -0.0275192260742187
0.14764404296875 0.193893432617188 -0.06036376953125 -0.0250663757324219
0.0719451904296875 0.218673706054687 -0.0376358032226562 -0.0666275024414062
-0.068267822265625 0.236328125 -0.0167160034179688 -0.0956573486328125
-0.19915771484375 0.1470947265625 0.0545234680175781 -0.0692596435546875
-0.279129028320313 -0.0893707275390624 0.101478576660156 -0.000907897949218756
-0.220733642578125 -0.235702514648438 0.042938232421875 0.0667572021484375
-0.073211669921875 -0.329071044921875 0.00860595703124999 0.0745010375976562
-0.06719970703125 -0.27899169921875 0.00958251953124998 -0.23919677734375
-0.157882690429688 -0.19989013671875 -0.067291259765625 -0.131393432617188
-0.23089599609375 -0.0910491943359375 -0.0291500091552734 -0.0338535308837891
-0.19854736328125 0.0766448974609375 0.0126075744628906 -0.0507621765136719
-0.105514526367188 0.152389526367187 -0.0212173461914063 -0.0938873291015625
0.0305328369140625 0.189987182617187 -0.0602874755859375 -0.0846633911132812
0.0949859619140625 0.157974243164062 -0.0987014770507813 -0.0710983276367188
0.0861663818359375 0.150985717773438 -0.10308837890625 -0.0673599243164063
0.10992431640625 0.167160034179688 -0.109489440917969 -0.0698471069335937
0.0450592041015625 0.180206298828125 -0.0709075927734375 -0.113616943359375
-0.0687713623046875 0.183837890625 -0.028045654296875 -0.131523132324219
-0.162918090820313 0.10443115234375 0.0514755249023437 -0.0925216674804688
-0.214691162109375 -0.08123779296875 0.0815277099609375 -0.0154876708984375
-0.171035766601562 -0.18890380859375 -0.0036611557006836 0.0146617889404297
-0.062652587890625 -0.272613525390625 -0.00809478759765626 -0.0355873107910156
-0.069793701171875 -0.173385620117188 -0.00448608398437501 -0.325836181640625
-0.115760803222656 -0.115501403808594 -0.0908660888671875 -0.182235717773438
-0.137748718261719 -0.0423126220703125 -0.0381622314453125 -0.0437965393066406
-0.111618041992188 0.0488357543945312 0.0146293640136719 -0.0691757202148438
-0.0619354248046875 0.0846405029296875 -0.0142593383789063 -0.115608215332031
0.0111923217773437 0.115852355957031 -0.0741195678710937 -0.124290466308594
0.0449371337890625 0.104011535644531 -0.134178161621094 -0.110092163085938
0.0429763793945313 0.101516723632812 -0.139541625976563 -0.0979995727539062
0.0545120239257813 0.116256713867187 -0.141128540039063 -0.107391357421875
0.00850677490234375 0.115150451660156 -0.0880279541015625 -0.14715576171875
-0.0618896484375 0.103187561035156 -0.025238037109375 -0.15032958984375
-0.104606628417969 0.0424423217773437 0.0525970458984375 -0.10052490234375
-0.115447998046875 -0.0653228759765625 0.0634193420410156 -0.0204849243164063
-0.0917892456054687 -0.116607666015625 -0.0356330871582031 -0.0281829833984375
-0.0410919189453125 -0.174514770507813 -0.017669677734375 -0.123519897460938
-0.0590286254882813 -0.0402297973632813 -0.020843505859375 -0.378265380859375
-0.05633544921875 -0.0169677734375 -0.110763549804688 -0.2161865234375
-0.0275821685791016 0.0114212036132813 -0.0533943176269531 -0.0495033264160156
-0.0126581192016602 0.0157299041748047 0.00469207763671875 -0.0714187622070313
-0.0104656219482422 0.00739288330078125 -0.00997161865234374 -0.112861633300781
-0.00956916809082031 0.0255393981933594 -0.0782012939453125 -0.138954162597656
-0.0116062164306641 0.0335502624511719 -0.148849487304688 -0.12890625
-0.00681686401367187 0.0359306335449219 -0.154632568359375 -0.113632202148438
-0.00738906860351562 0.0468482971191406 -0.15087890625 -0.131332397460938
-0.0251579284667969 0.0345211029052734 -0.0876617431640625 -0.16259765625
-0.0425758361816406 0.0130538940429687 -0.012176513671875 -0.150650024414062
-0.0304088592529297 -0.0157375335693359 0.0566558837890625 -0.095367431640625
-0.00893783569335938 -0.0314159393310547 0.0501365661621094 -0.0186882019042969
-0.0105743408203125 -0.0244541168212891 -0.0489692687988281 -0.0554618835449219
-0.019561767578125 -0.0503883361816406 -0.0206298828125 -0.175994873046875
0.0223007202148437 -0.104698181152344 0.0511627197265625 0.194564819335938
-0.0515289306640625 -0.07220458984375 0.062103271484375 0.0789031982421875
-0.0923309326171875 -0.0148849487304687 -0.0369987487792969 -0.0046539306640625
-0.0591926574707031 0.0507431030273438 -0.0730361938476562 0.0789794921875
-0.00767517089843749 0.0772552490234375 -0.028900146484375 0.136856079101563
0.0544815063476563 0.0537872314453125 0.0774993896484375 0.165481567382813
0.0794143676757812 0.0280609130859375 0.162155151367188 0.1412353515625
0.0612030029296875 0.0313911437988281 0.155670166015625 0.1129150390625
0.0692481994628906 0.0341949462890625 0.13885498046875 0.127349853515625
0.0399665832519531 0.0640373229980469 0.0835037231445313 0.13568115234375
-0.016326904296875 0.0766830444335938 0.02978515625 0.0977630615234375
-0.0743255615234375 0.0341033935546875 0.0219383239746094 0.0675468444824219
-0.0745086669921875 -0.0534515380859375 0.0787506103515625 0.0853042602539063
-0.0281753540039062 -0.0894699096679688 0.133590698242188 0.22418212890625
0.0294723510742188 -0.0732421875 0.00570678710937499 0.418426513671875
0.000518798828124981 -0.230880737304688 0.0429534912109375 0.160842895507813
-0.103439331054688 -0.161590576171875 0.0474319458007813 0.0724716186523437
-0.185195922851562 -0.067535400390625 -0.0285377502441406 -0.0080413818359375
-0.146987915039063 0.07489013671875 -0.0629119873046875 0.0585899353027344
-0.0575714111328125 0.143341064453125 -0.0428924560546875 0.103706359863281
0.0686721801757812 0.140304565429688 0.0514373779296875 0.144729614257812
0.127395629882813 0.100738525390625 0.128097534179688 0.125480651855469
0.104621887207031 0.100547790527344 0.123428344726562 0.092926025390625
0.123138427734375 0.108924865722656 0.108100891113281 0.104957580566406
0.06317138671875 0.145416259765625 0.0694351196289063 0.0984954833984375
-0.0433807373046875 0.15997314453125 0.0279579162597656 0.0575447082519531
-0.147918701171875 0.0843353271484375 0.0398521423339844 0.041900634765625
-0.177764892578125 -0.0900115966796875 0.103713989257812 0.0730819702148438
-0.113571166992187 -0.1795654296875 0.1407470703125 0.21234130859375
-0.00370788574218752 -0.205078125 0.02447509765625 0.384063720703125
-0.01953125 -0.32513427734375 0.035858154296875 0.0866928100585937
-0.145492553710938 -0.234085083007812 0.0241432189941406 0.0422515869140625
-0.259796142578125 -0.113357543945312 -0.0237274169921875 -0.0105152130126953
-0.221145629882812 0.0903472900390625 -0.0452537536621094 0.0355720520019531
-0.104293823242188 0.19232177734375 -0.0470504760742187 0.0587882995605469
0.0712738037109375 0.209121704101562 0.0214996337890625 0.102561950683594
0.1553955078125 0.158416748046875 0.0763931274414063 0.0900650024414063
0.131637573242188 0.154708862304688 0.0722274780273438 0.0589599609375
0.15985107421875 0.166763305664063 0.0594215393066406 0.0683479309082031
0.083099365234375 0.2049560546875 0.0423736572265625 0.0471076965332031
-0.0581207275390625 0.22589111328125 0.0185565948486328 0.00710487365722658
-0.198318481445313 0.133392333984375 0.0535812377929687 0.00543594360351563
-0.26348876953125 -0.103240966796875 0.1201171875 0.0506820678710938
-0.191680908203125 -0.237884521484375 0.129669189453125 0.177993774414063
-0.0413818359375 -0.30419921875 0.032562255859375 0.306640625
-0.039764404296875 -0.37127685546875 0.0298328399658203 -0.0172348022460938
-0.174591064453125 -0.272567749023438 -0.00607013702392579 -0.0078716278076172
-0.306671142578125 -0.13555908203125 -0.0234928131103516 -0.0152339935302735
-0.264907836914063 0.100875854492187 -0.0227851867675781 0.0086193084716797
-0.133377075195313 0.216964721679687 -0.0427017211914063 0.00435256958007814
0.0653839111328125 0.24639892578125 -0.00896072387695312 0.0430755615234375
0.160888671875 0.19140625 0.0151329040527344 0.0393333435058594
0.13995361328125 0.183883666992188 0.010045051574707 0.0163021087646484
0.174423217773438 0.197341918945313 -0.000452041625976554 0.0236682891845703
0.0915069580078125 0.234176635742188 0.00280189514160157 -0.011225700378418
-0.0636444091796875 0.260406494140625 0.001312255859375 -0.0483474731445312
-0.219100952148438 0.16485595703125 0.058258056640625 -0.0354766845703125
-0.309722900390625 -0.0983886718749999 0.120635986328125 0.0228500366210937
-0.23974609375 -0.259780883789062 0.0960922241210937 0.127243041992187
-0.07025146484375 -0.355072021484375 0.0258941650390625 0.198883056640625
-0.059356689453125 -0.3616943359375 0.0209503173828125 -0.135856628417969
-0.184844970703125 -0.265304565429688 -0.039703369140625 -0.071075439453125
-0.304412841796875 -0.128021240234375 -0.0259742736816406 -0.0237102508544922
-0.262527465820313 0.100357055664062 -0.00152015686035158 -0.0228004455566406
-0.13580322265625 0.208175659179688 -0.0340003967285156 -0.0511398315429687
0.053375244140625 0.243545532226563 -0.0382308959960938 -0.0251121520996094
0.143356323242187 0.1939697265625 -0.0480461120605469 -0.0185546875
0.126541137695313 0.185867309570313 -0.0536384582519531 -0.0286979675292969
0.160934448242188 0.19952392578125 -0.0620460510253906 -0.0247154235839844
0.0809783935546875 0.228378295898438 -0.0405311584472656 -0.0683441162109375
-0.0664520263671875 0.249465942382813 -0.0190811157226562 -0.0988082885742188
-0.208770751953125 0.158843994140625 0.055267333984375 -0.0725479125976562
-0.298492431640625 -0.090423583984375 0.105827331542969 -0.00152587890625001
-0.2374267578125 -0.244979858398438 0.0451812744140625 0.0709304809570312
-0.080535888671875 -0.349884033203125 0.00850677490234375 0.077606201171875
-0.0728759765625 -0.29736328125 0.00772094726562499 -0.249786376953125
-0.167617797851562 -0.210723876953125 -0.07196044921875 -0.134956359863281
-0.248291015625 -0.09429931640625 -0.0316505432128906 -0.0354194641113281
-0.208724975585938 0.084075927734375 0.0121192932128906 -0.0530853271484375
-0.110443115234375 0.1634521484375 -0.0248947143554688 -0.0969619750976562
0.0361480712890625 0.19976806640625 -0.06219482421875 -0.0859375
0.105026245117188 0.165130615234375 -0.103744506835938 -0.0722274780273437
0.094940185546875 0.15875244140625 -0.108924865722656 -0.069854736328125
0.1207275390625 0.173324584960938 -0.115058898925781 -0.071075439453125
0.0513153076171875 0.188522338867188 -0.0757904052734375 -0.117233276367188
-0.0679931640625 0.19525146484375 -0.0309371948242187 -0.136283874511719
-0.170806884765625 0.113006591796875 0.0518417358398437 -0.0977020263671875
-0.229476928710938 -0.083282470703125 0.0845260620117187 -0.0171737670898438
-0.183624267578125 -0.197677612304688 -0.00531196594238283 0.0163164138793945
-0.068878173828125 -0.289947509765625 -0.0105438232421875 -0.0381889343261719
-0.0745697021484375 -0.184967041015625 -0.008148193359375 -0.341583251953125
-0.122947692871094 -0.122894287109375 -0.099029541015625 -0.188949584960938
-0.148117065429688 -0.04412841796875 -0.0417251586914063 -0.0460128784179688
-0.118438720703125 0.0539627075195312 0.0142593383789062 -0.0725555419921875
-0.0654678344726563 0.0913925170898438 -0.0173797607421875 -0.120071411132813
0.0144271850585937 0.122856140136719 -0.0786666870117188 -0.128242492675781
0.0508346557617188 0.10968017578125 -0.142013549804687 -0.113204956054688
0.048126220703125 0.107696533203125 -0.148056030273438 -0.101715087890625
0.0613479614257813 0.121490478515625 -0.149032592773438 -0.11041259765625
0.0124435424804688 0.122177124023437 -0.094207763671875 -0.152328491210937
-0.0629425048828125 0.110725402832031 -0.028839111328125 -0.156463623046875
-0.110633850097656 0.0472640991210937 0.0536041259765625 -0.106101989746094
-0.124420166015625 -0.0678863525390625 0.0652313232421875 -0.0223388671875
-0.0995330810546875 -0.122901916503906 -0.0405311584472656 -0.028106689453125
-0.0453643798828125 -0.186630249023438 -0.0222320556640625 -0.130813598632813
-0.0612220764160156 -0.0446434020996094 -0.026824951171875 -0.396575927734375
-0.0598564147949219 -0.0195960998535156 -0.1207275390625 -0.225875854492188
-0.03076171875 0.0103130340576172 -0.05816650390625 -0.0514259338378906
-0.0147237777709961 0.0163125991821289 0.00287628173828125 -0.0754547119140625
-0.0125207901000977 0.00866031646728516 -0.0117034912109375 -0.118354797363281
-0.00965118408203125 0.0283584594726563 -0.0830230712890625 -0.143707275390625
-0.0110054016113281 0.0371131896972656 -0.159210205078125 -0.133514404296875
-0.00579833984375 0.0393295288085938 -0.164810180664063 -0.118179321289062
-0.00567626953125 0.0505142211914063 -0.160354614257813 -0.135604858398438
-0.0247611999511719 0.0375251770019531 -0.0945587158203125 -0.168731689453125
-0.0447311401367188 0.0163383483886719 -0.0152740478515625 -0.156600952148437
-0.0337028503417969 -0.0149116516113281 0.0580520629882812 -0.100555419921875
-0.0108623504638672 -0.0342445373535156 0.05108642578125 -0.0203781127929688
-0.0123214721679688 -0.0278263092041016 -0.0556144714355469 -0.0573959350585937
-0.0212326049804687 -0.0554084777832031 -0.025604248046875 -0.186004638671875
0.0188446044921875 -0.110618591308594 0.0636138916015625 0.206405639648438
-0.054931640625 -0.0726852416992187 0.0729141235351563 0.0816192626953125
-0.0967788696289063 -0.01123046875 -0.0384674072265625 -0.00329971313476562
-0.0597686767578125 0.0553970336914063 -0.0726394653320313 0.0869216918945313
-0.00358581542968749 0.0820541381835938 -0.02471923828125 0.146347045898438
0.0596961975097656 0.0530662536621094 0.08966064453125 0.17169189453125
0.0845870971679687 0.0238571166992187 0.178207397460938 0.14251708984375
0.0657386779785156 0.0292091369628906 0.17034912109375 0.114013671875
0.0741195678710938 0.0315704345703125 0.152923583984375 0.13037109375
0.0452232360839844 0.0643272399902344 0.0938720703125 0.140594482421875
-0.0123443603515625 0.0807037353515625 0.0349197387695313 0.102005004882813
-0.0767135620117188 0.0397720336914063 0.0260238647460937 0.0710067749023438
-0.0817413330078125 -0.0513534545898437 0.0880661010742188 0.087493896484375
-0.0343093872070313 -0.0915679931640625 0.152938842773438 0.231491088867188
0.0274581909179687 -0.0781173706054688 0.024139404296875 0.44354248046875
-0.00892639160156252 -0.24462890625 0.053802490234375 0.171981811523437
-0.113143920898438 -0.16595458984375 0.0572662353515625 0.0762557983398437
-0.198379516601563 -0.0636444091796875 -0.0302524566650391 -0.00737571716308594
-0.151565551757813 0.084686279296875 -0.0628852844238281 0.064971923828125
-0.0548553466796875 0.154571533203125 -0.0413055419921875 0.113067626953125
0.07952880859375 0.143753051757813 0.06097412109375 0.151229858398438
0.139205932617188 0.0989532470703125 0.141876220703125 0.1273193359375
0.115066528320312 0.101760864257812 0.135025024414063 0.0939178466796875
0.135475158691406 0.108497619628906 0.120033264160156 0.107879638671875
0.0743865966796875 0.149551391601563 0.0778884887695313 0.102821350097656
-0.037078857421875 0.17047119140625 0.031707763671875 0.0600929260253906
-0.153076171875 0.095855712890625 0.0439529418945313 0.0435028076171875
-0.194320678710937 -0.086334228515625 0.113494873046875 0.073974609375
-0.128799438476563 -0.183349609375 0.160324096679688 0.219619750976563
-0.01263427734375 -0.218353271484375 0.04046630859375 0.40716552734375
-0.033355712890625 -0.345245361328125 0.0434646606445313 0.0932769775390625
-0.159774780273437 -0.24200439453125 0.0305252075195312 0.0461463928222656
-0.281158447265625 -0.109359741210937 -0.0255775451660156 -0.0103340148925781
-0.23046875 0.104202270507813 -0.0456695556640625 0.0400733947753906
-0.102783203125 0.209335327148438 -0.0478324890136719 0.0662651062011719
0.0858154296875 0.216079711914063 0.02899169921875 0.108131408691406
0.172393798828125 0.1585693359375 0.0865249633789063 0.0917739868164063
0.147003173828125 0.15753173828125 0.0791397094726563 0.0601272583007813
0.178634643554688 0.167129516601563 0.0676498413085938 0.0714111328125
0.0977935791015625 0.211990356445313 0.0466194152832031 0.0488662719726563
-0.050323486328125 0.241851806640625 0.0199241638183594 0.00709533691406252
-0.205123901367188 0.150466918945312 0.0566024780273437 0.00496292114257813
-0.286773681640625 -0.0964355468749999 0.128890991210937 0.0496597290039063
-0.214004516601563 -0.242874145507813 0.145477294921875 0.184478759765625
-0.055389404296875 -0.323089599609375 0.046234130859375 0.324676513671875
-0.056793212890625 -0.39532470703125 0.0326957702636719 -0.016510009765625
-0.1937255859375 -0.283477783203125 -0.00415468215942384 -0.00566339492797853
-0.331939697265625 -0.131317138671875 -0.025899887084961 -0.0152835845947266
-0.277145385742188 0.11737060546875 -0.0238361358642578 0.0107288360595703
-0.132781982421875 0.236724853515625 -0.0459327697753906 0.0095481872558594
0.08123779296875 0.256851196289062 -0.00467300415039062 0.0463142395019531
0.18096923828125 0.1943359375 0.0197067260742188 0.0408477783203125
0.157562255859375 0.1893310546875 0.0117044448852539 0.0165281295776367
0.195541381835938 0.199478149414063 0.00232505798339845 0.0256366729736328
0.108230590820312 0.242843627929688 0.00250720977783204 -0.0111532211303711
-0.054931640625 0.278350830078125 -0.000850677490234378 -0.0501976013183594
-0.225967407226563 0.1839599609375 0.0594520568847656 -0.0387840270996094
-0.335906982421875 -0.0906982421875001 0.127296447753906 0.0205078125
-0.265411376953125 -0.262847900390625 0.106544494628906 0.132148742675781
-0.088165283203125 -0.37744140625 0.0336456298828125 0.210556030273437
-0.076416015625 -0.386138916015625 0.0182037353515625 -0.142044067382813
-0.205368041992187 -0.27593994140625 -0.043487548828125 -0.0710296630859375
-0.331390380859375 -0.12359619140625 -0.0296688079833985 -0.0241813659667969
-0.274993896484375 0.117340087890625 -0.00355148315429689 -0.0235786437988281
-0.136337280273438 0.2281494140625 -0.0388374328613281 -0.0505523681640625
0.0690765380859375 0.25567626953125 -0.0389823913574219 -0.0239334106445312
0.162277221679687 0.1990966796875 -0.0499382019042969 -0.0175666809082031
0.143890380859375 0.191925048828125 -0.0581893920898437 -0.0285911560058594
0.181106567382813 0.202621459960938 -0.0652809143066406 -0.022705078125
0.0969390869140625 0.237945556640625 -0.0452461242675781 -0.0701255798339844
-0.0585479736328125 0.268035888671875 -0.0245513916015625 -0.102920532226562
-0.2161865234375 0.177597045898437 0.0547027587890625 -0.0783233642578125
-0.32305908203125 -0.0830078125 0.1104736328125 -0.00480651855468751
-0.26190185546875 -0.248565673828125 0.0497970581054687 0.0746383666992187
-0.09893798828125 -0.371673583984375 0.0103759765625 0.081756591796875
-0.087982177734375 -0.316497802734375 0.000244140624999968 -0.263168334960938
-0.18585205078125 -0.2198486328125 -0.0809249877929688 -0.138572692871094
-0.270172119140625 -0.090362548828125 -0.0360527038574219 -0.0366744995117188
-0.219314575195313 0.0986175537109375 0.00907135009765623 -0.0559844970703125
-0.111862182617188 0.180130004882813 -0.0307159423828125 -0.099029541015625
0.0481109619140625 0.210281372070312 -0.0674285888671875 -0.0875091552734375
0.120712280273438 0.17047119140625 -0.111320495605469 -0.0723342895507813
0.109207153320313 0.165283203125 -0.118904113769531 -0.0703201293945312
0.137619018554688 0.17718505859375 -0.12335205078125 -0.0698699951171875
0.064453125 0.197341918945312 -0.085052490234375 -0.120407104492187
-0.062744140625 0.211105346679688 -0.03839111328125 -0.142196655273438
-0.177597045898438 0.1282958984375 0.0502853393554687 -0.1048583984375
-0.249725341796875 -0.0788726806640625 0.0872573852539062 -0.0207366943359375
-0.203216552734375 -0.201339721679688 -0.00695419311523439 0.0189113616943359
-0.0843505859375 -0.308685302734375 -0.0144004821777344 -0.04071044921875
-0.084442138671875 -0.197891235351563 -0.021453857421875 -0.361358642578125
-0.135757446289063 -0.128578186035156 -0.11279296875 -0.195907592773438
-0.16253662109375 -0.0423736572265625 -0.0474319458007813 -0.0467872619628906
-0.125289916992187 0.0625457763671875 0.0104522705078125 -0.0764312744140625
-0.0672531127929687 0.101699829101563 -0.0233535766601562 -0.124870300292969
0.021453857421875 0.130126953125 -0.0869903564453125 -0.131660461425781
0.0605926513671875 0.1153564453125 -0.1552734375 -0.113418579101562
0.0571823120117188 0.113059997558594 -0.161483764648438 -0.102294921875
0.0725021362304687 0.125816345214844 -0.162063598632813 -0.110748291015625
0.0202484130859375 0.128822326660156 -0.105499267578125 -0.156982421875
-0.0615921020507813 0.121353149414062 -0.036956787109375 -0.162612915039062
-0.116233825683594 0.0554733276367188 0.051483154296875 -0.114013671875
-0.136459350585938 -0.0680389404296875 0.0663070678710937 -0.0261306762695313
-0.111213684082031 -0.127059936523438 -0.0469245910644531 -0.0264778137207031
-0.055267333984375 -0.200271606445313 -0.0306777954101562 -0.139236450195313
-0.0650177001953125 -0.0475349426269531 -0.044158935546875 -0.419921875
-0.065460205078125 -0.0206642150878906 -0.138137817382813 -0.233551025390625
-0.0347175598144531 0.00959205627441407 -0.0650100708007813 -0.0520401000976562
-0.0166187286376953 0.0184364318847656 -0.00156402587890625 -0.0794525146484375
-0.0145025253295898 0.0108432769775391 -0.0171585083007812 -0.123916625976563
-0.00846290588378906 0.0318698883056641 -0.0932464599609375 -0.148284912109375
-0.00823593139648438 0.0417900085449219 -0.174362182617188 -0.134170532226562
-0.00340652465820313 0.0430526733398438 -0.180557250976562 -0.11920166015625
-0.00244903564453125 0.0543441772460938 -0.17578125 -0.136749267578125
-0.0237197875976563 0.0420989990234375 -0.106231689453125 -0.174713134765625
-0.0465049743652344 0.020660400390625 -0.022430419921875 -0.16424560546875
-0.0375862121582031 -0.0131568908691406 0.0560989379882812 -0.109115600585938
-0.014556884765625 -0.0370864868164063 0.0516853332519531 -0.0234909057617188
-0.0155696868896484 -0.0305976867675781 -0.0637474060058594 -0.0573272705078125
-0.0248680114746094 -0.0607261657714844 -0.0362701416015625 -0.197601318359375
0.01123046875 -0.115150451660156 0.0820770263671875 0.213668823242188
-0.0590972900390625 -0.0707473754882812 0.085174560546875 0.0802841186523438
-0.0999526977539063 -0.00498199462890625 -0.0395393371582031 -0.000686645507812507
-0.0575332641601563 0.0607337951660156 -0.067626953125 0.0949935913085937
0.002838134765625 0.0856094360351563 -0.0157012939453125 0.154693603515625
0.0659065246582031 0.0494003295898437 0.10491943359375 0.172378540039063
0.0880203247070313 0.016845703125 0.196792602539063 0.135009765625
0.0692062377929688 0.0248870849609375 0.186477661132813 0.108306884765625
0.0790176391601563 0.0257415771484375 0.16973876953125 0.126754760742188
0.0513114929199219 0.0625801086425781 0.10675048828125 0.141281127929688
-0.0056304931640625 0.0835952758789062 0.0426177978515625 0.104042053222656
-0.0763015747070313 0.0470123291015625 0.0322418212890625 0.072845458984375
-0.088775634765625 -0.0452957153320313 0.099395751953125 0.0850296020507813
-0.0424270629882812 -0.0900421142578125 0.177719116210938 0.23101806640625
0.023284912109375 -0.0825424194335938 0.055389404296875 0.461944580078125
-0.026947021484375 -0.254898071289063 0.0694732666015625 0.178421020507813
-0.126022338867187 -0.165420532226562 0.0686569213867187 0.0770721435546875
-0.210464477539063 -0.05255126953125 -0.0315589904785156 -0.00579643249511719
-0.151885986328125 0.0977325439453125 -0.0597763061523437 0.0721588134765625
-0.045989990234375 0.164947509765625 -0.035003662109375 0.121955871582031
0.0932769775390625 0.141998291015625 0.0754852294921875 0.153060913085938
0.151565551757813 0.090789794921875 0.1580810546875 0.12158203125
0.126922607421875 0.0964431762695313 0.148284912109375 0.0893402099609375
0.1488037109375 0.100936889648438 0.134193420410156 0.105789184570313
0.0879974365234375 0.14892578125 0.0875091552734375 0.102279663085938
-0.0253753662109375 0.179107666015625 0.0364723205566406 0.0608329772949219
-0.1527099609375 0.111572265625 0.0484123229980469 0.0434494018554688
-0.209381103515625 -0.0738372802734375 0.12408447265625 0.069854736328125
-0.147140502929687 -0.179336547851563 0.183242797851562 0.217803955078125
-0.028289794921875 -0.228317260742188 0.0697021484375 0.423187255859375
-0.059051513671875 -0.3607177734375 0.0534133911132813 0.0981063842773437
-0.1800537109375 -0.243484497070313 0.0387611389160156 0.0474891662597656
-0.300994873046875 -0.0938720703125 -0.0277652740478516 -0.00942802429199219
-0.232757568359375 0.12384033203125 -0.0442428588867188 0.0454940795898438
-0.0924835205078125 0.225845336914062 -0.0455093383789062 0.0748443603515625
0.105621337890625 0.217117309570313 0.0402908325195313 0.110923767089844
0.1920166015625 0.15142822265625 0.0982284545898438 0.0891342163085938
0.1651611328125 0.15350341796875 0.0870285034179688 0.057403564453125
0.198974609375 0.15869140625 0.0777664184570313 0.07073974609375
0.118209838867187 0.212631225585938 0.0515365600585938 0.0485649108886719
-0.0332794189453125 0.254425048828125 0.0207710266113281 0.00662994384765627
-0.204208374023438 0.172149658203125 0.0589370727539062 0.00247955322265626
-0.30810546875 -0.078460693359375 0.137275695800781 0.0442276000976563
-0.24053955078125 -0.235870361328125 0.165481567382812 0.182693481445312
-0.080810546875 -0.336578369140625 0.068023681640625 0.336181640625
-0.086151123046875 -0.413238525390625 0.0344791412353516 -0.0162639617919922
-0.2191162109375 -0.284637451171875 -0.00153207778930665 -0.00331187248229982
-0.35784912109375 -0.1141357421875 -0.0288143157958985 -0.0141925811767578
-0.281768798828125 0.14129638671875 -0.0246715545654297 0.0137367248535156
-0.122970581054688 0.258041381835938 -0.0472793579101563 0.0159645080566406
0.104690551757812 0.260848999023438 0.000900268554687511 0.048980712890625
0.203872680664063 0.188430786132813 0.0249137878417969 0.0407485961914063
0.1785888671875 0.186264038085938 0.0131635665893555 0.016693115234375
0.219131469726563 0.191604614257813 0.00670051574707033 0.027242660522461
0.131484985351562 0.24395751953125 0.0019207000732422 -0.0112619400024414
-0.035858154296875 0.294525146484375 -0.00473785400390626 -0.0515060424804687
-0.224517822265625 0.209228515625 0.0587882995605469 -0.0432395935058594
-0.359039306640625 -0.069793701171875 0.133949279785156 0.0143585205078125
-0.2955322265625 -0.254669189453125 0.120155334472656 0.131355285644531
-0.1175537109375 -0.392364501953125 0.0476837158203125 0.21722412109375
-0.106689453125 -0.40252685546875 0.010986328125 -0.147430419921875
-0.231124877929688 -0.276809692382813 -0.0479545593261719 -0.0692176818847657
-0.357757568359375 -0.106719970703125 -0.0338535308837891 -0.0233840942382813
-0.280044555664063 0.1419677734375 -0.00587654113769533 -0.0227336883544922
-0.128036499023437 0.25 -0.0437049865722656 -0.0468101501464844
0.0912628173828125 0.260269165039063 -0.0389480590820312 -0.0215606689453125
0.185623168945313 0.195693969726562 -0.0520210266113281 -0.0155525207519531
0.165252685546875 0.189697265625 -0.062744140625 -0.0258941650390625
0.204864501953125 0.196624755859375 -0.0677986145019531 -0.0190391540527344
0.11962890625 0.239669799804688 -0.0520286560058594 -0.0695724487304688
-0.040924072265625 0.28375244140625 -0.03265380859375 -0.104499816894531
-0.214431762695313 0.201919555664063 0.051300048828125 -0.0839996337890625
-0.345184326171875 -0.063568115234375 0.114463806152344 -0.0114212036132813
-0.290924072265625 -0.24053955078125 0.0560989379882812 0.0761260986328125
-0.128082275390625 -0.386444091796875 0.0147171020507812 0.0845184326171875
-0.113372802734375 -0.329193115234375 -0.0164794921875 -0.273284912109375
-0.208724975585938 -0.220458984375 -0.0931015014648438 -0.13739013671875
-0.293060302734375 -0.0765075683593751 -0.0423126220703125 -0.0351943969726563
-0.223709106445312 0.118759155273438 0.00484466552734373 -0.0575294494628906
-0.105789184570312 0.198348999023438 -0.0391159057617188 -0.0987014770507812
0.06671142578125 0.215728759765625 -0.0732269287109375 -0.086700439453125
0.140167236328125 0.169219970703125 -0.120223999023437 -0.0681304931640625
0.127120971679688 0.165084838867188 -0.129074096679687 -0.0659255981445313
0.157577514648438 0.173568725585938 -0.132133483886719 -0.0650711059570313
0.0829315185546875 0.200439453125 -0.0963287353515625 -0.119285583496094
-0.0491790771484375 0.224838256835938 -0.0496368408203125 -0.144454956054688
-0.177642822265625 0.1473388671875 0.0443572998046875 -0.111701965332031
-0.267684936523438 -0.0650177001953125 0.0881271362304688 -0.026031494140625
-0.226318359375 -0.1956787109375 -0.00704574584960939 0.0224800109863281
-0.10968017578125 -0.321624755859375 -0.0192451477050781 -0.0415267944335938
-0.101226806640625 -0.204986572265625 -0.0455322265625 -0.374359130859375
-0.150726318359375 -0.128128051757813 -0.131301879882812 -0.195892333984375
-0.17620849609375 -0.0347137451171875 -0.0543746948242188 -0.0458564758300781
-0.127655029296875 0.0750808715820313 0.00396728515625 -0.079315185546875
-0.0648193359375 0.113212585449219 -0.0320663452148438 -0.127227783203125
0.0326766967773437 0.135101318359375 -0.0965042114257813 -0.131462097167969
0.0743179321289062 0.116531372070312 -0.168746948242188 -0.107406616210937
0.0693359375 0.114860534667969 -0.176345825195313 -0.0962371826171874
0.08575439453125 0.12554931640625 -0.175796508789063 -0.104110717773437
0.031402587890625 0.132537841796875 -0.120559692382813 -0.156646728515625
-0.0554351806640625 0.132255554199219 -0.0495147705078125 -0.166549682617187
-0.118751525878906 0.0675048828125 0.0450668334960937 -0.121978759765625
-0.149749755859375 -0.06243896484375 0.065643310546875 -0.0302810668945313
-0.125595092773438 -0.1248779296875 -0.0525054931640625 -0.0227890014648437
-0.071685791015625 -0.20880126953125 -0.043060302734375 -0.143478393554688
-0.0697288513183594 -0.0483245849609375 -0.0743408203125 -0.435882568359375
-0.0706634521484375 -0.0191192626953125 -0.161788940429688 -0.234405517578125
-0.0384254455566406 0.011474609375 -0.0732192993164063 -0.0497055053710938
-0.0175514221191406 0.0205764770507812 -0.00856781005859375 -0.08160400390625
-0.0157022476196289 0.0135364532470703 -0.0260467529296875 -0.12744140625
-0.00636482238769532 0.0347881317138672 -0.106124877929688 -0.148178100585937
-0.00335311889648438 0.0453948974609375 -0.191482543945313 -0.127609252929687
0.00109100341796875 0.0462265014648437 -0.19677734375 -0.112136840820312
0.00251388549804687 0.0573654174804688 -0.1929931640625 -0.131195068359375
-0.0201416015625 0.0465126037597656 -0.123077392578125 -0.17474365234375
-0.0468635559082031 0.0269584655761719 -0.034515380859375 -0.16851806640625
-0.0411796569824219 -0.0100975036621094 0.0502090454101562 -0.117172241210938
-0.01971435546875 -0.0394096374511719 0.0504264831542969 -0.0278587341308594
-0.0193939208984375 -0.0326099395751953 -0.0728988647460938 -0.0537872314453125
-0.0308914184570313 -0.0650787353515625 -0.05340576171875 -0.204376220703125
0.00252532958984375 -0.115936279296875 0.09906005859375 0.21240234375
-0.0625038146972656 -0.0668373107910156 0.0948944091796875 0.07489013671875
-0.0994338989257813 0.00217437744140627 -0.0393486022949219 0.00170516967773437
-0.0532341003417969 0.0650787353515625 -0.0602951049804688 0.099700927734375
0.00981140136718751 0.08551025390625 -0.00401306152343751 0.157211303710938
0.0693016052246094 0.0431594848632812 0.1180419921875 0.165939331054688
0.0880050659179688 0.00884246826171875 0.208648681640625 0.121414184570312
0.0706100463867188 0.0188674926757813 0.197052001953125 0.096893310546875
0.080413818359375 0.0181808471679688 0.18218994140625 0.1165771484375
0.0558853149414063 0.057708740234375 0.1180419921875 0.136154174804688
0.00167083740234374 0.083160400390625 0.04998779296875 0.102470397949219
-0.07330322265625 0.0536575317382812 0.0380935668945312 0.0719070434570313
-0.092193603515625 -0.0370254516601563 0.107528686523438 0.0774307250976562
-0.04949951171875 -0.085296630859375 0.197341918945312 0.218063354492188
0.01654052734375 -0.0845718383789063 0.0889892578125 0.46331787109375
-0.0466461181640625 -0.255859375 0.084808349609375 0.178878784179687
-0.136550903320313 -0.15802001953125 0.0782470703125 0.0730438232421875
-0.21563720703125 -0.03753662109375 -0.0319766998291016 -0.00364875793457031
-0.14593505859375 0.109024047851563 -0.0543441772460938 0.0764236450195313
-0.0339813232421875 0.170791625976563 -0.0263519287109375 0.127159118652344
0.104934692382813 0.134269714355469 0.08807373046875 0.148651123046875
0.159378051757813 0.0777740478515625 0.16912841796875 0.110931396484375
0.135032653808594 0.0872421264648437 0.15643310546875 0.0803680419921875
0.157211303710938 0.088836669921875 0.14556884765625 0.097930908203125
0.100341796875 0.142303466796875 0.0957794189453125 0.0980148315429688
-0.0106201171875 0.181442260742188 0.0403900146484375 0.0594825744628906
-0.146270751953125 0.12457275390625 0.0524520874023437 0.0411567687988281
-0.217620849609375 -0.0569915771484375 0.130844116210938 0.0615005493164062
-0.160797119140625 -0.1680908203125 0.202224731445312 0.205245971679688
-0.04638671875 -0.229660034179688 0.1002197265625 0.422454833984375
-0.086700439453125 -0.361541748046875 0.0622100830078125 0.0987319946289062
-0.196823120117187 -0.23394775390625 0.0461807250976562 0.0468559265136719
-0.31207275390625 -0.073211669921875 -0.0292930603027344 -0.00732612609863282
-0.226242065429688 0.14166259765625 -0.0410690307617188 0.0495071411132813
-0.077178955078125 0.236007690429687 -0.040130615234375 0.0810012817382813
0.123672485351562 0.2093505859375 0.04998779296875 0.108489990234375
0.20513916015625 0.136550903320312 0.106719970703125 0.0820236206054688
0.178314208984375 0.14202880859375 0.0923690795898438 0.0521163940429688
0.212890625 0.143341064453125 0.08563232421875 0.0664443969726563
0.1356201171875 0.203628540039063 0.0552864074707031 0.0461769104003906
-0.0141754150390625 0.258544921875 0.0207424163818359 0.0059947967529297
-0.194107055664063 0.189544677734375 0.0599212646484375 3.05175781250116E-05
-0.316925048828125 -0.0551757812499999 0.142181396484375 0.035675048828125
-0.258895874023438 -0.218353271484375 0.1806640625 0.172653198242187
-0.1064453125 -0.337921142578125 0.092437744140625 0.3358154296875
-0.11810302734375 -0.41400146484375 0.0355415344238281 -0.0154991149902344
-0.239913940429688 -0.274444580078125 0.00140810012817381 -0.00152230262756349
-0.372467041015625 -0.0888061523437499 -0.0316200256347656 -0.0121898651123047
-0.274566650390625 0.163299560546875 -0.0239486694335938 0.0167827606201172
-0.105972290039063 0.271728515625 -0.0461349487304688 0.0224342346191406
0.1258544921875 0.25360107421875 0.00673294067382813 0.0489578247070313
0.221328735351563 0.172943115234375 0.0293807983398438 0.0385780334472656
0.194808959960938 0.174560546875 0.0145530700683594 0.015843391418457
0.23638916015625 0.17510986328125 0.0108089447021485 0.0271492004394531
0.151641845703125 0.234649658203125 0.00137042999267579 -0.011026382446289
-0.0133056640625 0.2989501953125 -0.0093536376953125 -0.0513343811035156
-0.212387084960937 0.229095458984375 0.0562210083007812 -0.0461997985839844
-0.369873046875 -0.0425415039062499 0.135940551757812 0.00614166259765625
-0.316070556640625 -0.234619140625 0.130821228027344 0.125213623046875
-0.147918701171875 -0.391632080078125 0.0626678466796875 0.216690063476562
-0.13720703125 -0.40325927734375 0.00202941894531248 -0.147201538085938
-0.253158569335938 -0.267044067382813 -0.0507469177246094 -0.0648765563964844
-0.372711181640625 -0.081634521484375 -0.0375747680664063 -0.0204277038574219
-0.274124145507813 0.164031982421875 -0.0082225799560547 -0.0212249755859375
-0.112045288085938 0.26458740234375 -0.0471229553222656 -0.0415763854980468
0.112762451171875 0.254638671875 -0.0381126403808594 -0.0198822021484375
0.20391845703125 0.181732177734375 -0.0520210266113281 -0.0122451782226562
0.18218994140625 0.180511474609375 -0.0654792785644531 -0.0221939086914062
0.222244262695313 0.180816650390625 -0.0675849914550781 -0.0145301818847656
0.139923095703125 0.231155395507813 -0.0576896667480469 -0.0663375854492187
-0.019317626953125 0.289764404296875 -0.0410308837890625 -0.102561950683594
-0.202743530273438 0.2203369140625 0.045654296875 -0.086700439453125
-0.35595703125 -0.0384216308593749 0.114166259765625 -0.0174636840820313
-0.31036376953125 -0.2208251953125 0.0624847412109375 0.0746307373046875
-0.158905029296875 -0.385833740234375 0.0191802978515625 0.0845565795898437
-0.138580322265625 -0.32940673828125 -0.0354156494140625 -0.273635864257813
-0.226715087890625 -0.211410522460937 -0.103134155273438 -0.130462646484375
-0.305908203125 -0.055999755859375 -0.0474128723144531 -0.0319709777832031
-0.219573974609375 0.13739013671875 -0.000801086425781266 -0.0562362670898438
-0.093475341796875 0.211029052734375 -0.0452423095703125 -0.0943756103515625
0.0846099853515625 0.212387084960938 -0.0772323608398438 -0.0826950073242187
0.157119750976563 0.159652709960937 -0.125320434570313 -0.0607528686523438
0.142105102539063 0.1580810546875 -0.135963439941406 -0.0574264526367187
0.17364501953125 0.162063598632813 -0.136566162109375 -0.056121826171875
0.100311279296875 0.194915771484375 -0.106231689453125 -0.113822937011719
-0.0326080322265625 0.231109619140625 -0.060638427734375 -0.141632080078125
-0.16973876953125 0.162994384765625 0.0361480712890625 -0.114585876464844
-0.277816772460938 -0.046112060546875 0.08642578125 -0.030517578125
-0.242279052734375 -0.180618286132812 -0.00639343261718751 0.0253009796142578
-0.134765625 -0.321319580078125 -0.0240135192871094 -0.04107666015625
-0.117340087890625 -0.204315185546875 -0.07281494140625 -0.374420166015625
-0.162506103515625 -0.121170043945312 -0.14715576171875 -0.187149047851563
-0.184783935546875 -0.022430419921875 -0.0606117248535156 -0.0414886474609375
-0.125343322753906 0.0861282348632813 -0.00286865234375001 -0.0783615112304688
-0.0577774047851562 0.121513366699219 -0.0417709350585937 -0.12420654296875
0.0442886352539062 0.133949279785156 -0.104972839355469 -0.126472473144531
0.0862579345703125 0.112136840820312 -0.178253173828125 -0.0968475341796875
0.0801239013671875 0.111434936523438 -0.186187744140625 -0.0848388671875
0.0977706909179688 0.119132995605469 -0.184906005859375 -0.093109130859375
0.0429763793945313 0.130775451660156 -0.132980346679688 -0.149169921875
-0.0448684692382813 0.139236450195313 -0.0619049072265625 -0.163238525390625
-0.116439819335937 0.078216552734375 0.0358352661132812 -0.125602722167969
-0.158035278320313 -0.0525360107421875 0.0629081726074219 -0.0337333679199219
-0.136306762695312 -0.117668151855469 -0.0560150146484375 -0.0165863037109375
-0.0882720947265625 -0.209732055664063 -0.0550994873046875 -0.14215087890625
-0.0734405517578125 -0.0474624633789063 -0.10552978515625 -0.434967041015625
-0.0736541748046875 -0.0161209106445313 -0.181915283203125 -0.224105834960937
-0.0406379699707031 0.0133247375488281 -0.0795364379882813 -0.04376220703125
-0.0174655914306641 0.022979736328125 -0.0157089233398438 -0.0801162719726563
-0.0161504745483398 0.0163869857788086 -0.0347518920898438 -0.126632690429688
-0.00348281860351563 0.0363845825195313 -0.11614990234375 -0.143157958984375
0.00164031982421875 0.0472831726074219 -0.203033447265625 -0.115264892578125
0.0057830810546875 0.0472946166992187 -0.208450317382813 -0.100234985351563
0.00784683227539063 0.0586166381835938 -0.204559326171875 -0.118240356445313
-0.0160293579101563 0.0487480163574219 -0.137176513671875 -0.166885375976562
-0.0450439453125 0.0327072143554688 -0.0469970703125 -0.166946411132813
-0.0433235168457031 -0.00583267211914063 0.0413818359375 -0.121971130371094
-0.0251426696777344 -0.0394096374511719 0.047210693359375 -0.0303230285644531
-0.0232276916503906 -0.0325202941894531 -0.0795135498046875 -0.0469589233398438
-0.0362548828125 -0.0662612915039063 -0.070037841796875 -0.2037353515625
-0.00415802001953125 -0.112709045410156 0.109771728515625 0.208908081054688
-0.0625076293945312 -0.0627517700195313 0.0996246337890625 0.0687789916992188
-0.0967788696289063 0.0072784423828125 -0.0382080078125 0.003082275390625
-0.0484237670898438 0.0658416748046875 -0.054107666015625 0.100532531738281
0.01495361328125 0.08294677734375 0.0032958984375 0.156295776367188
0.0699996948242188 0.0375213623046875 0.124176025390625 0.157882690429688
0.0858001708984375 0.002471923828125 0.212478637695313 0.109024047851563
0.0692405700683594 0.0152626037597656 0.200576782226562 0.08734130859375
0.079254150390625 0.0127716064453125 0.187149047851563 0.108154296875
0.05780029296875 0.0532913208007813 0.123275756835938 0.130020141601563
0.00623321533203126 0.0808029174804688 0.0540237426757812 0.0993423461914063
-0.0692214965820313 0.0567893981933594 0.0420188903808594 0.0699615478515625
-0.09185791015625 -0.0300521850585937 0.110702514648438 0.070587158203125
-0.053253173828125 -0.07965087890625 0.207061767578125 0.20416259765625
0.0116958618164063 -0.0839614868164063 0.11083984375 0.45416259765625
-0.059814453125 -0.249618530273437 0.094146728515625 0.176116943359375
-0.140243530273438 -0.150283813476563 0.0842514038085937 0.0688018798828125
-0.21429443359375 -0.0258636474609375 -0.0325069427490235 -0.00271797180175782
-0.138351440429687 0.113853454589844 -0.0496902465820313 0.078155517578125
-0.0242919921875 0.1705322265625 -0.0193023681640625 0.128257751464844
0.110298156738281 0.125 0.0944976806640625 0.141738891601562
0.160675048828125 0.0672760009765625 0.173904418945313 0.100494384765625
0.1376953125 0.0793991088867187 0.159408569335938 0.0725250244140625
0.16009521484375 0.07745361328125 0.15087890625 0.090911865234375
0.106727600097656 0.133758544921875 0.0994644165039062 0.093597412109375
-0.000640869140625009 0.179290771484375 0.0418128967285156 0.0574989318847656
-0.138687133789063 0.131271362304688 0.0548057556152344 0.0392951965332031
-0.217849731445312 -0.0433197021484375 0.132987976074219 0.0543441772460938
-0.16668701171875 -0.155624389648438 0.210067749023438 0.193328857421875
-0.057891845703125 -0.226058959960938 0.119232177734375 0.415008544921875
-0.105316162109375 -0.3544921875 0.0686798095703125 0.0985031127929687
-0.204574584960938 -0.222991943359375 0.0512199401855469 0.0450477600097656
-0.3134765625 -0.05694580078125 -0.0305709838867188 -0.00568008422851563
-0.217391967773438 0.1513671875 -0.0379066467285156 0.0519294738769531
-0.06439208984375 0.238967895507812 -0.0347976684570313 0.084747314453125
0.1328125 0.197784423828125 0.0558624267578125 0.103782653808594
0.21026611328125 0.1219482421875 0.110786437988281 0.0750579833984375
0.183639526367188 0.131942749023438 0.094329833984375 0.0477447509765625
0.217529296875 0.12841796875 0.0895538330078125 0.0618515014648438
0.14471435546875 0.193069458007813 0.0568656921386719 0.0436592102050781
0.000396728515624975 0.255722045898437 0.0194721221923828 0.00543975830078126
-0.183120727539062 0.19891357421875 0.0593948364257812 -0.00185394287109374
-0.31768798828125 -0.037139892578125 0.1429443359375 0.029022216796875
-0.265945434570313 -0.202072143554687 0.187835693359375 0.16204833984375
-0.1239013671875 -0.331695556640625 0.106201171875 0.32861328125
-0.13800048828125 -0.407073974609375 0.0359306335449219 -0.0139236450195313
-0.250076293945313 -0.263076782226563 0.00439786911010741 -0.000495910644531266
-0.375244140625 -0.0690612792968749 -0.0337162017822266 -0.00977706909179688
-0.26483154296875 0.175674438476563 -0.0230674743652344 0.0191478729248047
-0.09130859375 0.276779174804688 -0.0435066223144531 0.027069091796875
0.138229370117187 0.242263793945313 0.0110664367675781 0.046661376953125
0.229202270507812 0.157730102539063 0.0321693420410156 0.0363845825195313
0.202072143554688 0.162933349609375 0.0150823593139649 0.0156211853027344
0.243484497070313 0.158737182617188 0.0135936737060547 0.0265560150146484
0.162429809570313 0.222320556640625 0.000279426574707041 -0.0104885101318359
0.002716064453125 0.29644775390625 -0.0122146606445313 -0.0492134094238281
-0.199905395507812 0.238693237304688 0.0534744262695312 -0.046875
-0.3695068359375 -0.0234375 0.134933471679688 0.0011444091796875
-0.32293701171875 -0.21514892578125 0.136337280273437 0.118278503417969
-0.16778564453125 -0.3841552734375 0.0711517333984375 0.212326049804687
-0.157135009765625 -0.396087646484375 -0.004058837890625 -0.143539428710938
-0.2635498046875 -0.25518798828125 -0.0516624450683594 -0.0603675842285156
-0.37725830078125 -0.0617675781249999 -0.04071044921875 -0.0175209045410156
-0.265594482421875 0.177047729492188 -0.00975227355957033 -0.0183544158935547
-0.09796142578125 0.27105712890625 -0.0480308532714844 -0.0362930297851563
0.125244140625 0.244415283203125 -0.0361404418945312 -0.0195541381835937
0.213394165039063 0.1668701171875 -0.0514106750488281 -0.0101699829101562
0.19085693359375 0.169723510742187 -0.0668601989746094 -0.0188255310058594
0.229888916015625 0.16632080078125 -0.0661239624023437 -0.0116233825683594
0.150848388671875 0.219772338867188 -0.0605926513671875 -0.0627784729003906
-0.00350952148437503 0.287841796875 -0.0459823608398438 -0.0988235473632812
-0.191635131835938 0.2296142578125 0.0401840209960937 -0.0871505737304687
-0.35546875 -0.019378662109375 0.112266540527344 -0.0209579467773438
-0.317413330078125 -0.203155517578125 0.0651092529296875 0.0722122192382812
-0.176910400390625 -0.378082275390625 0.0223312377929687 0.0833053588867187
-0.153472900390625 -0.324432373046875 -0.047393798828125 -0.26806640625
-0.2354736328125 -0.20147705078125 -0.107048034667969 -0.123390197753906
-0.31048583984375 -0.0406494140625 -0.0508041381835938 -0.0272254943847656
-0.212371826171875 0.148025512695313 -0.00355911254882813 -0.0531883239746094
-0.082183837890625 0.217361450195313 -0.0489883422851563 -0.0891342163085937
0.0955810546875 0.204360961914063 -0.0782012939453125 -0.0798568725585938
0.165924072265625 0.14825439453125 -0.126258850097656 -0.053863525390625
0.150344848632813 0.1497802734375 -0.138153076171875 -0.0507659912109375
0.180877685546875 0.149887084960938 -0.137435913085938 -0.04949951171875
0.109634399414062 0.1865234375 -0.111030578613281 -0.107833862304688
-0.019683837890625 0.231170654296875 -0.0675582885742188 -0.136192321777344
-0.161590576171875 0.1712646484375 0.0302963256835937 -0.114013671875
-0.279464721679688 -0.0317535400390625 0.084014892578125 -0.0326385498046875
-0.248123168945313 -0.16717529296875 -0.00533676147460939 0.0271282196044922
-0.1505126953125 -0.31610107421875 -0.0271720886230469 -0.0395965576171875
-0.126663208007812 -0.200454711914063 -0.089447021484375 -0.367340087890625
-0.1678466796875 -0.115341186523438 -0.154815673828125 -0.177200317382813
-0.188430786132812 -0.01318359375 -0.0645027160644531 -0.0362548828125
-0.122344970703125 0.09271240234375 -0.00769805908203126 -0.0752029418945312
-0.0519638061523437 0.125732421875 -0.046356201171875 -0.119926452636719
0.0515823364257813 0.1297607421875 -0.108024597167969 -0.121429443359375
0.093536376953125 0.105598449707031 -0.180709838867187 -0.0874786376953125
0.0866775512695313 0.106941223144531 -0.189727783203125 -0.0755462646484375
0.103530883789063 0.112739562988281 -0.186996459960938 -0.08349609375
0.050048828125 0.126785278320313 -0.139175415039063 -0.141021728515625
-0.0361175537109375 0.141403198242188 -0.0693359375 -0.157562255859375
-0.112281799316406 0.0845413208007813 0.0283737182617187 -0.124931335449219
-0.1617431640625 -0.0447235107421875 0.060638427734375 -0.0340461730957031
-0.140701293945312 -0.110427856445313 -0.0566825866699219 -0.0117111206054688
-0.099609375 -0.20703125 -0.062713623046875 -0.138679504394531
-0.0746688842773437 -0.046295166015625 -0.12542724609375 -0.426025390625
-0.075103759765625 -0.014434814453125 -0.192413330078125 -0.213241577148438
-0.0428276062011719 0.0144805908203125 -0.0821075439453125 -0.0376434326171875
-0.0181980133056641 0.024261474609375 -0.0199508666992187 -0.0766448974609375
-0.0160484313964844 0.0182895660400391 -0.0404129028320313 -0.1236572265625
-0.00119781494140625 0.0366249084472656 -0.120574951171875 -0.137031555175781
0.00629806518554688 0.0467109680175781 -0.206268310546875 -0.104354858398438
0.00957107543945312 0.0474624633789063 -0.2125244140625 -0.0897979736328125
0.0123329162597656 0.0577049255371094 -0.208969116210937 -0.107894897460938
-0.0124053955078125 0.0489006042480469 -0.143524169921875 -0.158721923828125
-0.0422134399414063 0.0364036560058594 -0.054290771484375 -0.162033081054688
-0.0443229675292969 -0.00252914428710937 0.0341720581054688 -0.122146606445313
-0.0294189453125 -0.0385513305664063 0.0441703796386719 -0.0307273864746094
-0.0258636474609375 -0.0320358276367188 -0.0816650390625 -0.0400314331054687
-0.0402488708496094 -0.06634521484375 -0.080780029296875 -0.199508666992187
-0.00733184814453125 -0.109954833984375 0.11590576171875 0.207107543945313
-0.0616645812988281 -0.0608062744140625 0.103034973144531 0.065643310546875
-0.0936431884765625 0.00898742675781251 -0.0377464294433594 0.00312042236328124
-0.0461883544921875 0.0653457641601562 -0.0507431030273438 0.10009765625
0.017578125 0.0812301635742188 0.00753784179687502 0.154693603515625
0.0697288513183594 0.0339241027832031 0.126174926757813 0.1534423828125
0.0828475952148438 -0.000274658203125 0.21405029296875 0.103225708007813
0.0680961608886719 0.0129051208496094 0.202484130859375 0.083160400390625
0.0775299072265625 0.00936126708984375 0.1898193359375 0.103668212890625
0.0579605102539063 0.050018310546875 0.125465393066406 0.127410888671875
0.00843811035156249 0.0781784057617188 0.055084228515625 0.097869873046875
-0.0667953491210938 0.0586624145507813 0.0440521240234375 0.0688552856445313
-0.0908584594726563 -0.0260696411132812 0.111259460449219 0.0662689208984375
-0.0539016723632813 -0.0753402709960938 0.20916748046875 0.196441650390625
0.00897216796874999 -0.0825653076171875 0.120269775390625 0.4486083984375
-0.0662689208984375 -0.245040893554688 0.099884033203125 0.176345825195312
-0.140548706054688 -0.147048950195312 0.0878829956054687 0.0661697387695312
-0.212722778320313 -0.021026611328125 -0.0329017639160156 -0.00199127197265624
-0.134117126464844 0.115440368652344 -0.0467300415039063 0.0784454345703125
-0.0189208984375 0.170303344726563 -0.015625 0.128471374511719
0.11212158203125 0.118812561035156 0.0970993041992188 0.137702941894531
0.159378051757813 0.0603790283203125 0.175552368164063 0.0955657958984375
0.138008117675781 0.0753631591796875 0.160690307617188 0.06964111328125
0.159423828125 0.0718231201171875 0.153274536132813 0.087066650390625
0.108253479003906 0.128036499023438 0.100021362304688 0.09185791015625
0.00402832031250001 0.176437377929688 0.0420341491699219 0.0569229125976563
-0.13470458984375 0.134765625 0.055816650390625 0.0386734008789063
-0.217147827148438 -0.03680419921875 0.133621215820313 0.0510635375976563
-0.168350219726563 -0.148941040039062 0.212997436523438 0.186325073242188
-0.0639495849609375 -0.2237548828125 0.12725830078125 0.40924072265625
-0.113800048828125 -0.349822998046875 0.0726470947265625 0.0994720458984375
-0.206497192382812 -0.219161987304688 0.0549087524414062 0.044036865234375
-0.31304931640625 -0.047943115234375 -0.0318012237548828 -0.00485992431640625
-0.211685180664063 0.154876708984375 -0.0362434387207031 0.0525360107421875
-0.0566864013671875 0.239944458007812 -0.0318222045898438 0.0863418579101563
0.136825561523437 0.190887451171875 0.0584335327148438 0.100593566894531
0.2115478515625 0.113082885742188 0.112747192382813 0.0720748901367187
0.1859130859375 0.126495361328125 0.0951461791992188 0.046112060546875
0.218612670898438 0.120071411132813 0.0923690795898438 0.0596847534179688
0.148406982421875 0.185882568359375 0.0569076538085938 0.0433425903320313
0.006988525390625 0.252975463867188 0.0187110900878906 0.00609588623046876
-0.178329467773438 0.202728271484375 0.0596580505371094 -0.00154113769531249
-0.31610107421875 -0.0278320312499999 0.143142700195312 0.026214599609375
-0.267181396484375 -0.1929931640625 0.18975830078125 0.156402587890625
-0.131591796875 -0.32891845703125 0.112396240234375 0.324554443359375
-0.14813232421875 -0.403411865234375 0.03680419921875 -0.0115203857421875
-0.25311279296875 -0.25750732421875 0.0074481964111328 7.00950622558436E-05
-0.3770751953125 -0.05902099609375 -0.0355873107910156 -0.00812149047851562
-0.259841918945313 0.180953979492187 -0.0219516754150391 0.0209693908691406
-0.0835723876953125 0.279678344726563 -0.0420417785644531 0.0298271179199219
0.142715454101563 0.234024047851563 0.0128326416015625 0.0444297790527344
0.231491088867188 0.148101806640625 0.0339641571044922 0.0342559814453125
0.206375122070312 0.1572265625 0.0150032043457031 0.01556396484375
0.245086669921875 0.148910522460938 0.0158138275146485 0.0256061553955078
0.166946411132813 0.21466064453125 -0.000676155090332021 -0.0100727081298828
0.010162353515625 0.294342041015625 -0.0149307250976562 -0.0473976135253906
-0.194183349609375 0.242996215820313 0.0525550842285156 -0.0462913513183594
-0.367523193359375 -0.013458251953125 0.135078430175781 -0.000785827636718751
-0.32373046875 -0.206329345703125 0.137931823730469 0.11474609375
-0.17645263671875 -0.380828857421875 0.0751953125 0.209930419921875
-0.165863037109375 -0.39373779296875 -0.00555419921875001 -0.140342712402344
-0.268325805664063 -0.25201416015625 -0.0504341125488281 -0.0580978393554688
-0.379425048828125 -0.0524902343749999 -0.0433845520019531 -0.0143508911132812
-0.261016845703125 0.18292236328125 -0.00973987579345705 -0.016061782836914
-0.091033935546875 0.274551391601563 -0.0471992492675781 -0.0322837829589843
0.130905151367187 0.23779296875 -0.035308837890625 -0.0201950073242187
0.21722412109375 0.157760620117188 -0.0502777099609375 -0.00957870483398437
0.194976806640625 0.164352416992188 -0.067138671875 -0.0172080993652344
0.232635498046875 0.157089233398438 -0.0646591186523437 -0.0109901428222656
0.154556274414063 0.212112426757812 -0.0620346069335938 -0.0605659484863281
0.00473022460937499 0.285797119140625 -0.0491409301757812 -0.0958328247070313
-0.186126708984375 0.23419189453125 0.0385055541992187 -0.0858306884765625
-0.354827880859375 -0.011016845703125 0.111930847167969 -0.0218048095703125
-0.31719970703125 -0.19488525390625 0.066558837890625 0.0706634521484375
-0.1859130859375 -0.375640869140625 0.0232467651367187 0.0819244384765625
-0.1614990234375 -0.321502685546875 -0.052154541015625 -0.2642822265625
-0.239776611328125 -0.198318481445313 -0.108207702636719 -0.119598388671875
-0.313446044921875 -0.032562255859375 -0.0533866882324219 -0.0242042541503906
-0.209304809570313 0.153900146484375 -0.00502395629882813 -0.0506401062011719
-0.0766143798828125 0.220596313476563 -0.0499801635742188 -0.0857925415039062
0.1002197265625 0.199203491210937 -0.07879638671875 -0.0792160034179687
0.17041015625 0.140869140625 -0.125946044921875 -0.05145263671875
0.1544189453125 0.145706176757813 -0.139389038085937 -0.047454833984375
0.184463500976563 0.142791748046875 -0.137016296386719 -0.0472259521484375
0.113433837890625 0.180435180664063 -0.113059997558594 -0.103866577148437
-0.0119476318359375 0.2301025390625 -0.0711441040039063 -0.132781982421875
-0.157760620117187 0.175506591796875 0.027191162109375 -0.112548828125
-0.27972412109375 -0.0250244140625 0.0834426879882812 -0.0328369140625
-0.249160766601563 -0.160873413085938 -0.00467109680175783 0.0286235809326172
-0.15814208984375 -0.314178466796875 -0.0288658142089844 -0.0393218994140625
-0.130096435546875 -0.199996948242188 -0.097808837890625 -0.36260986328125
-0.171127319335937 -0.113052368164063 -0.158004760742188 -0.172073364257813
-0.191360473632813 -0.00810241699218748 -0.0663566589355469 -0.0321197509765625
-0.120887756347656 0.096649169921875 -0.00921630859375001 -0.072021484375
-0.0494155883789062 0.128494262695313 -0.0479354858398438 -0.11688232421875
0.0541839599609375 0.127052307128906 -0.109268188476563 -0.119979858398437
0.097381591796875 0.101280212402344 -0.181442260742188 -0.083251953125
0.0902786254882813 0.104415893554688 -0.191574096679687 -0.0712890625
0.106758117675781 0.108718872070313 -0.187973022460938 -0.0794677734375
0.0535202026367188 0.123794555664063 -0.141571044921875 -0.13690185546875
-0.0314178466796875 0.141510009765625 -0.072784423828125 -0.154312133789063
-0.110466003417969 0.087310791015625 0.0249099731445312 -0.124053955078125
-0.163101196289062 -0.0410308837890625 0.0597648620605469 -0.0339469909667969
-0.142044067382813 -0.107223510742188 -0.0568962097167969 -0.00830078125000002
-0.104843139648437 -0.206024169921875 -0.0670852661132813 -0.136871337890625
-0.0746917724609375 -0.0475692749023437 -0.1348876953125 -0.421142578125
-0.076568603515625 -0.0142593383789063 -0.196151733398437 -0.207321166992188
-0.0448760986328125 0.0152130126953125 -0.0829238891601563 -0.033721923828125
-0.0191898345947266 0.0255374908447266 -0.0218124389648437 -0.0736160278320313
-0.0163154602050781 0.0197639465332031 -0.0422821044921875 -0.121734619140625
-0.000564575195312503 0.037384033203125 -0.122001647949219 -0.13458251953125
0.00910568237304687 0.0460166931152344 -0.208297729492188 -0.0990142822265625
0.0119438171386719 0.0467491149902344 -0.21392822265625 -0.0845947265625
0.01458740234375 0.0570602416992187 -0.210723876953125 -0.1024169921875
-0.0104598999023438 0.0490837097167969 -0.146072387695313 -0.153976440429688
-0.0400276184082031 0.0383720397949219 -0.057403564453125 -0.158416748046875
-0.0446815490722656 -0.000209808349609382 0.0298919677734375 -0.1214599609375
-0.0326957702636719 -0.0380592346191406 0.0433921813964844 -0.0298690795898438
-0.0274696350097656 -0.0323562622070313 -0.0824050903320313 -0.0365829467773437
-0.0427398681640625 -0.0673408508300781 -0.086151123046875 -0.196685791015625
-0.00791168212890624 -0.109146118164062 0.121322631835938 0.211990356445313
-0.0611190795898437 -0.0609931945800781 0.106201171875 0.0655364990234375
-0.0936431884765625 0.008819580078125 -0.0391845703125 0.00294494628906251
-0.045989990234375 0.0650215148925781 -0.0503463745117188 0.10089111328125
0.0193405151367188 0.080963134765625 0.00872802734375001 0.15704345703125
0.0702438354492187 0.0321083068847656 0.127593994140625 0.154510498046875
0.0813064575195313 -0.001800537109375 0.217926025390625 0.102676391601563
0.06768798828125 0.0123443603515625 0.207244873046875 0.0838623046875
0.0772781372070313 0.008056640625 0.195037841796875 0.105056762695313
0.0583877563476563 0.0492897033691406 0.127861022949219 0.129264831542969
0.00914764404296875 0.0774688720703125 0.0558700561523437 0.0994796752929688
-0.0666542053222656 0.0603485107421875 0.0459098815917969 0.0696449279785156
-0.0903167724609375 -0.0244369506835938 0.112884521484375 0.0658950805664063
-0.0543136596679687 -0.0739669799804688 0.213027954101563 0.196136474609375
0.00759124755859375 -0.0832138061523438 0.12506103515625 0.45343017578125
-0.0693206787109375 -0.2470703125 0.104995727539063 0.18048095703125
-0.1414794921875 -0.148300170898438 0.0915679931640625 0.0664215087890625
-0.214981079101562 -0.019683837890625 -0.0347557067871094 -0.00209617614746093
-0.134429931640625 0.117057800292969 -0.0462417602539063 0.0796356201171875
-0.016204833984375 0.172271728515625 -0.0143508911132813 0.131179809570312
0.113494873046875 0.11712646484375 0.0986175537109375 0.138328552246094
0.16033935546875 0.0576629638671875 0.179214477539063 0.0945892333984375
0.1395263671875 0.07501220703125 0.16436767578125 0.070587158203125
0.160903930664062 0.06915283203125 0.158096313476563 0.0884552001953125
0.109672546386719 0.127471923828125 0.102088928222656 0.093597412109375
0.00587463378906251 0.177047729492188 0.0418357849121094 0.0583000183105469
-0.135269165039063 0.138710021972656 0.0574913024902344 0.0397300720214844
-0.218948364257813 -0.0344696044921875 0.135917663574219 0.0502777099609375
-0.169784545898438 -0.148056030273438 0.21685791015625 0.186370849609375
-0.067230224609375 -0.226669311523438 0.131256103515625 0.41448974609375
-0.11932373046875 -0.353851318359375 0.0766143798828125 0.103652954101562
-0.209228515625 -0.221908569335937 0.0586318969726562 0.0442886352539062
-0.31842041015625 -0.046478271484375 -0.0345745086669922 -0.00351715087890625
-0.213912963867188 0.158004760742187 -0.0358085632324219 0.0545921325683594
-0.054595947265625 0.244857788085937 -0.03070068359375 0.089447021484375
0.13916015625 0.189224243164062 0.0601119995117188 0.100730895996094
0.214218139648437 0.110183715820312 0.115287780761719 0.0711898803710938
0.189544677734375 0.126266479492188 0.0969085693359375 0.046722412109375
0.222183227539063 0.117828369140625 0.096221923828125 0.0602569580078125
0.150909423828125 0.185012817382813 0.0575141906738281 0.0449981689453125
0.010101318359375 0.255294799804688 0.0177288055419922 0.00746345520019533
-0.17999267578125 0.207656860351562 0.061431884765625 -0.000514984130859362
-0.32080078125 -0.02581787109375 0.146102905273438 0.025543212890625
-0.270034790039063 -0.19384765625 0.193603515625 0.157241821289063
-0.136962890625 -0.33416748046875 0.11505126953125 0.329254150390625
-0.154144287109375 -0.40924072265625 0.0396919250488281 -0.0093498229980469
-0.258041381835938 -0.26190185546875 0.0100135803222656 0.000488281249999984
-0.3846435546875 -0.056640625 -0.0389633178710938 -0.00591659545898438
-0.262466430664063 0.185882568359375 -0.0219078063964844 0.0226993560791016
-0.08172607421875 0.285797119140625 -0.0408172607421875 0.032562255859375
0.146347045898438 0.233474731445312 0.0135574340820313 0.0435676574707031
0.236480712890625 0.144317626953125 0.0351676940917969 0.0337181091308594
0.211685180664063 0.157958984375 0.0145845413208008 0.0156984329223633
0.249923706054688 0.146942138671875 0.0175075531005859 0.0255966186523438
0.169692993164063 0.213729858398438 -0.00145530700683593 -0.00907993316650389
0.01385498046875 0.296478271484375 -0.0163459777832031 -0.0468673706054687
-0.196151733398438 0.249114990234375 0.0537185668945312 -0.0461196899414062
-0.37445068359375 -0.0110778808593749 0.137931823730469 -0.00145721435546875
-0.3271484375 -0.207000732421875 0.140235900878906 0.115371704101562
-0.18255615234375 -0.388397216796875 0.076324462890625 0.21270751953125
-0.17236328125 -0.400634765625 -0.00537109375 -0.140022277832031
-0.273788452148438 -0.256362915039062 -0.0495567321777344 -0.0586318969726563
-0.388946533203125 -0.0495605468749999 -0.0465774536132813 -0.012115478515625
-0.263885498046875 0.189041137695312 -0.00992488861083986 -0.0143022537231445
-0.089263916015625 0.28240966796875 -0.0474319458007813 -0.0307121276855469
0.134353637695313 0.23712158203125 -0.0356369018554688 -0.0220680236816406
0.222091674804687 0.154510498046875 -0.0505447387695312 -0.0102767944335937
0.20050048828125 0.165328979492188 -0.0691337585449219 -0.0172080993652344
0.237808227539063 0.1556396484375 -0.0651168823242187 -0.0119895935058594
0.1578369140625 0.2119140625 -0.0636520385742187 -0.0606117248535156
0.00842285156250003 0.28961181640625 -0.0512008666992187 -0.0958404541015625
-0.188186645507813 0.240020751953125 0.0390090942382812 -0.0862579345703125
-0.361297607421875 -0.00927734375000005 0.114326477050781 -0.0224761962890625
-0.322021484375 -0.19647216796875 0.0676193237304687 0.0714950561523437
-0.19256591796875 -0.3834228515625 0.022674560546875 0.082763671875
-0.16705322265625 -0.329437255859375 -0.0532073974609375 -0.266311645507813
-0.245880126953125 -0.203109741210938 -0.109619140625 -0.120315551757812
-0.321685791015625 -0.0294189453125001 -0.0563697814941406 -0.0212593078613281
-0.212646484375 0.158905029296875 -0.00505065917968751 -0.0492477416992187
-0.0763702392578125 0.227127075195313 -0.0503005981445313 -0.08538818359375
0.103225708007812 0.199691772460937 -0.0793075561523438 -0.08172607421875
0.174728393554688 0.138870239257813 -0.128242492675781 -0.0522842407226563
0.1593017578125 0.146575927734375 -0.143386840820313 -0.0476837158203125
0.188507080078125 0.1419677734375 -0.139266967773438 -0.0481643676757813
0.116226196289063 0.1802978515625 -0.115432739257813 -0.1041259765625
-0.00909423828124998 0.234649658203125 -0.0736923217773437 -0.133132934570312
-0.160171508789063 0.179763793945313 0.0271453857421875 -0.113059997558594
-0.285919189453125 -0.0244140625 0.0861053466796875 -0.0326919555664063
-0.252792358398438 -0.162887573242187 -0.00463294982910158 0.0298480987548828
-0.1640625 -0.319732666015625 -0.0303916931152344 -0.0404243469238281
-0.133941650390625 -0.20550537109375 -0.099853515625 -0.366973876953125
-0.175613403320313 -0.116134643554688 -0.161087036132813 -0.1729736328125
-0.197250366210938 -0.00643920898437501 -0.0684242248535156 -0.0296173095703125
-0.122871398925781 0.100349426269531 -0.009429931640625 -0.0710220336914062
-0.049713134765625 0.133399963378906 -0.0486602783203125 -0.117988586425781
0.0556411743164062 0.128181457519531 -0.110702514648438 -0.122596740722656
0.101600646972656 0.0998306274414063 -0.185012817382813 -0.0842437744140625
0.093994140625 0.105369567871094 -0.196395874023438 -0.0720977783203125
0.1099853515625 0.107833862304688 -0.1922607421875 -0.080322265625
0.054962158203125 0.123939514160156 -0.144760131835937 -0.137664794921875
-0.0291595458984375 0.144821166992188 -0.0752410888671875 -0.154678344726563
-0.112640380859375 0.0904006958007812 0.0238723754882812 -0.124588012695312
-0.168212890625 -0.040435791015625 0.061676025390625 -0.033966064453125
-0.144149780273438 -0.109115600585937 -0.0577125549316406 -0.00696182250976563
-0.108734130859375 -0.211227416992187 -0.0700759887695312 -0.139328002929687
-0.0760650634765625 -0.0512466430664063 -0.139862060546875 -0.42608642578125
-0.07916259765625 -0.0156936645507812 -0.201614379882812 -0.208297729492188
-0.0477180480957031 0.0163803100585938 -0.08465576171875 -0.0308303833007813
-0.0200557708740234 0.0273075103759766 -0.022125244140625 -0.07281494140625
-0.0173664093017578 0.0219554901123047 -0.0436553955078125 -0.123092651367187
-0.000240325927734375 0.0380821228027344 -0.124198913574219 -0.137092590332031
0.0110893249511719 0.0457038879394531 -0.21221923828125 -0.09991455078125
0.0135498046875 0.0476303100585938 -0.219741821289063 -0.084869384765625
0.0163383483886719 0.0576362609863281 -0.216064453125 -0.10357666015625
-0.00928878784179688 0.0498733520507813 -0.149276733398438 -0.155838012695313
-0.0389022827148438 0.0404586791992187 -0.05963134765625 -0.159896850585938
-0.0461349487304688 0.00123977661132813 0.028961181640625 -0.12255859375
-0.0358657836914062 -0.0389633178710938 0.0439682006835938 -0.0295753479003906
-0.0285320281982422 -0.0340099334716797 -0.0840072631835938 -0.0352401733398438
-0.0446205139160156 -0.0702476501464843 -0.08966064453125 -0.200027465820313
-0.00972747802734375 -0.110557556152344 0.131439208984375 0.220413208007813
-0.0619316101074219 -0.0626029968261719 0.113014221191406 0.0654296875
-0.0959854125976563 0.00957489013671876 -0.0411949157714844 0.00355148315429687
-0.0466804504394531 0.0664482116699219 -0.0504837036132813 0.104827880859375
0.0224685668945312 0.08245849609375 0.0116119384765625 0.162551879882813
0.0717926025390625 0.0308914184570312 0.133346557617188 0.159011840820313
0.082489013671875 -0.003082275390625 0.228057861328125 0.103302001953125
0.0696372985839844 0.011871337890625 0.217926025390625 0.0853271484375
0.0796356201171875 0.00592041015625 0.206817626953125 0.107742309570313
0.0606346130371094 0.049072265625 0.134254455566406 0.134559631347656
0.0103683471679687 0.0792465209960938 0.0587615966796875 0.102836608886719
-0.0680732727050781 0.0639381408691406 0.0495834350585937 0.0715408325195313
-0.092376708984375 -0.0231170654296875 0.117622375488281 0.066162109375
-0.0560836791992187 -0.074188232421875 0.222869873046875 0.199844360351563
0.00611877441406249 -0.0851364135742188 0.13568115234375 0.46954345703125
-0.0758056640625 -0.25396728515625 0.114654541015625 0.188323974609375
-0.146987915039063 -0.152877807617187 0.0988006591796875 0.0671920776367187
-0.222991943359375 -0.0182037353515625 -0.0376052856445313 -0.000499725341796876
-0.138351440429688 0.122001647949219 -0.04669189453125 0.0833740234375
-0.0135345458984375 0.178573608398438 -0.011810302734375 0.136985778808594
0.118606567382813 0.117294311523438 0.103652954101563 0.14208984375
0.16522216796875 0.055755615234375 0.187942504882813 0.095489501953125
0.146087646484375 0.0761871337890625 0.1728515625 0.072265625
0.167129516601563 0.0676727294921875 0.167984008789062 0.0902557373046875
0.115203857421875 0.128440856933594 0.107208251953125 0.0972518920898438
0.00874328613281248 0.182327270507813 0.0433311462402344 0.0605049133300781
-0.138992309570313 0.146392822265625 0.0615653991699219 0.0410385131835938
-0.22735595703125 -0.0320281982421875 0.141799926757812 0.0498199462890625
-0.176986694335938 -0.150665283203125 0.227401733398438 0.1895751953125
-0.0741119384765625 -0.235031127929688 0.142425537109375 0.429168701171875
-0.129241943359375 -0.365966796875 0.0843353271484375 0.109268188476562
-0.21923828125 -0.229461669921875 0.0638389587402344 0.0452041625976562
-0.33245849609375 -0.04364013671875 -0.0381622314453125 -0.00147247314453125
-0.219680786132812 0.166549682617188 -0.0355491638183594 0.057769775390625
-0.0518951416015625 0.255447387695313 -0.0291519165039063 0.0943756103515625
0.146224975585938 0.191543579101563 0.063140869140625 0.102706909179688
0.222259521484375 0.1077880859375 0.121604919433594 0.0717620849609375
0.199737548828125 0.1285400390625 0.102165222167969 0.04815673828125
0.231460571289063 0.11749267578125 0.102195739746094 0.06103515625
0.158523559570313 0.187469482421875 0.0597801208496094 0.0469627380371094
0.0139923095703125 0.263702392578125 0.017237663269043 0.00815677642822267
-0.185287475585938 0.219970703125 0.0649147033691406 -0.00107574462890624
-0.333892822265625 -0.02252197265625 0.152389526367187 0.0240478515625
-0.281005859375 -0.197479248046875 0.202117919921875 0.159881591796875
-0.1473388671875 -0.34747314453125 0.123016357421875 0.340423583984375
-0.166961669921875 -0.4248046875 0.0432052612304687 -0.0077629089355469
-0.271224975585937 -0.271957397460938 0.012232780456543 0.000404357910156233
-0.402496337890625 -0.0521545410156249 -0.0433273315429688 -0.00307083129882813
-0.270401000976563 0.196792602539063 -0.0215263366699219 0.0257148742675781
-0.07965087890625 0.30029296875 -0.0408821105957031 0.0362396240234375
0.154159545898437 0.237960815429687 0.0150718688964844 0.044158935546875
0.246551513671875 0.14300537109375 0.0378150939941406 0.0338783264160156
0.223358154296875 0.161026000976563 0.0153732299804688 0.0174446105957031
0.261550903320313 0.147171020507813 0.0195560455322266 0.0252819061279297
0.178131103515625 0.217376708984375 -0.0019698143005371 -0.00863218307495116
0.019775390625 0.3076171875 -0.0185585021972656 -0.0470046997070312
-0.202133178710938 0.262664794921875 0.0562362670898437 -0.0469627380371094
-0.390167236328125 -0.00631713867187505 0.144287109375 -0.0041046142578125
-0.34149169921875 -0.212127685546875 0.14703369140625 0.118011474609375
-0.19647216796875 -0.404449462890625 0.08123779296875 0.21923828125
-0.185943603515625 -0.41729736328125 -0.00552368164062502 -0.143600463867188
-0.289215087890625 -0.266510009765625 -0.0504722595214844 -0.0599403381347656
-0.40863037109375 -0.044189453125 -0.0510101318359375 -0.00846099853515626
-0.271987915039063 0.20074462890625 -0.0095186233520508 -0.012690544128418
-0.087310791015625 0.29681396484375 -0.0482444763183594 -0.0292282104492187
0.141510009765625 0.242935180664062 -0.0361595153808594 -0.0237159729003906
0.232635498046875 0.154388427734375 -0.0524215698242187 -0.0110397338867187
0.21270751953125 0.169189453125 -0.0735092163085937 -0.01629638671875
0.249160766601563 0.156646728515625 -0.0675544738769531 -0.0123634338378906
0.166366577148438 0.215927124023438 -0.0678901672363281 -0.0611991882324219
0.01422119140625 0.3001708984375 -0.0556182861328125 -0.0967254638671875
-0.19384765625 0.2540283203125 0.0402755737304687 -0.0889205932617187
-0.3780517578125 -0.00531005859374999 0.119979858398437 -0.0258255004882813
-0.335693359375 -0.201080322265625 0.07061767578125 0.0737457275390625
-0.206024169921875 -0.399688720703125 0.0237274169921875 0.084930419921875
-0.178955078125 -0.343231201171875 -0.0579986572265625 -0.274551391601563
-0.259521484375 -0.210845947265625 -0.114234924316406 -0.12261962890625
-0.338348388671875 -0.0250244140625 -0.0599708557128906 -0.0179710388183594
-0.219009399414063 0.16986083984375 -0.00535964965820314 -0.0493011474609375
-0.075439453125 0.240219116210938 -0.0523529052734375 -0.0864486694335937
0.108978271484375 0.20526123046875 -0.0829544067382813 -0.0858306884765625
0.184326171875 0.1385498046875 -0.133682250976563 -0.0539016723632812
0.16986083984375 0.14984130859375 -0.151168823242188 -0.047821044921875
0.198745727539063 0.143173217773438 -0.145706176757813 -0.0495147705078125
0.122848510742188 0.183273315429688 -0.122024536132813 -0.107147216796875
-0.004730224609375 0.243392944335938 -0.0788345336914062 -0.135650634765625
-0.165191650390625 0.190933227539063 0.0270309448242187 -0.117393493652344
-0.299713134765625 -0.0220947265625 0.0899124145507812 -0.0357818603515625
-0.263702392578125 -0.16796875 -0.00445175170898439 0.03167724609375
-0.175689697265625 -0.33453369140625 -0.0336227416992188 -0.0425605773925781
-0.1429443359375 -0.215011596679687 -0.109405517578125 -0.37945556640625
-0.1859130859375 -0.120925903320313 -0.169952392578125 -0.177017211914063
-0.208114624023438 -0.00286865234375002 -0.0715255737304688 -0.0264205932617188
-0.126533508300781 0.107337951660156 -0.0102462768554688 -0.071746826171875
-0.0492401123046875 0.141891479492188 -0.0517425537109375 -0.121322631835938
0.05963134765625 0.132316589355469 -0.116134643554687 -0.127525329589844
0.107749938964844 0.0999603271484375 -0.193557739257813 -0.0858917236328125
0.100669860839844 0.107879638671875 -0.207260131835938 -0.07220458984375
0.116279602050781 0.110397338867188 -0.202316284179687 -0.08209228515625
0.0589981079101563 0.126441955566406 -0.152328491210938 -0.141159057617187
-0.0268096923828125 0.151092529296875 -0.080169677734375 -0.158538818359375
-0.11669921875 0.0975418090820313 0.0232009887695313 -0.129463195800781
-0.177902221679688 -0.04095458984375 0.064422607421875 -0.0360603332519531
-0.151290893554688 -0.113006591796875 -0.0604591369628906 -0.00534439086914063
-0.117218017578125 -0.221206665039062 -0.0760650634765625 -0.14483642578125
-0.08013916015625 -0.0557098388671875 -0.151214599609375 -0.44073486328125
-0.0840377807617188 -0.0158309936523437 -0.212570190429688 -0.212173461914063
-0.051025390625 0.0177345275878906 -0.0874099731445313 -0.0289459228515625
-0.0206546783447266 0.0301303863525391 -0.0238037109375 -0.0742721557617187
-0.0184402465820312 0.0244827270507813 -0.0466232299804687 -0.127311706542969
-4.95910644531215E-05 0.0405731201171875 -0.13037109375 -0.142684936523438
0.0134315490722656 0.0468368530273438 -0.222564697265625 -0.102294921875
0.0158538818359375 0.0491104125976563 -0.231033325195313 -0.0859222412109374
0.0185127258300781 0.0595474243164063 -0.227691650390625 -0.105209350585937
-0.0081329345703125 0.0521202087402344 -0.156951904296875 -0.160202026367188
-0.0383262634277344 0.0435714721679688 -0.0634307861328125 -0.164581298828125
-0.0485610961914063 0.00327301025390624 0.0274429321289062 -0.127067565917969
-0.040191650390625 -0.0400772094726563 0.0460433959960938 -0.0309066772460938
-0.0312042236328125 -0.0359954833984375 -0.0878829956054688 -0.0339889526367188
-0.0483322143554687 -0.0747756958007813 -0.0973510742187499 -0.207382202148438
-0.0134811401367188 -0.113250732421875 0.148757934570313 0.226715087890625
-0.0655441284179687 -0.0639572143554688 0.122085571289062 0.0639572143554688
-0.0993423461914062 0.0121917724609375 -0.0442848205566406 0.00589752197265625
-0.0470695495605469 0.0699234008789063 -0.048614501953125 0.110542297363281
0.026702880859375 0.0837783813476563 0.0191497802734375 0.169769287109375
0.0752639770507812 0.0271987915039062 0.144271850585938 0.16217041015625
0.083953857421875 -0.0063934326171875 0.242752075195313 0.0994873046875
0.072509765625 0.00991058349609375 0.233871459960937 0.0813446044921875
0.0816574096679688 0.0021820068359375 0.223556518554687 0.105117797851562
0.0646514892578125 0.0477294921875 0.146331787109375 0.137039184570313
0.0130996704101563 0.0814208984375 0.0648574829101563 0.105865478515625
-0.0682144165039062 0.0694122314453125 0.0555953979492187 0.0727386474609375
-0.0958786010742188 -0.0203781127929688 0.125389099121094 0.0645217895507812
-0.0604019165039062 -0.0740203857421875 0.24090576171875 0.19964599609375
0.002960205078125 -0.0886154174804688 0.159515380859375 0.48614501953125
-0.08880615234375 -0.261581420898438 0.130142211914063 0.194290161132812
-0.157989501953125 -0.156173706054687 0.107673645019531 0.0661697387695312
-0.234405517578125 -0.01055908203125 -0.0410614013671875 0.00272750854492188
-0.140113830566406 0.131996154785156 -0.0445632934570313 0.088958740234375
-0.00610351562500002 0.186187744140625 -0.00627136230468749 0.144271850585938
0.127006530761719 0.115493774414062 0.112884521484375 0.1446533203125
0.172805786132813 0.0502471923828125 0.20086669921875 0.09295654296875
0.155532836914063 0.0734710693359375 0.185699462890625 0.06976318359375
0.176528930664063 0.062652587890625 0.181808471679688 0.087921142578125
0.124465942382812 0.128791809082031 0.115631103515625 0.0997848510742188
0.015716552734375 0.189407348632812 0.0467987060546875 0.0633354187011719
-0.140289306640625 0.159469604492188 0.0675430297851562 0.0407981872558594
-0.238250732421875 -0.0251007080078124 0.15081787109375 0.04620361328125
-0.189239501953125 -0.151290893554688 0.244400024414063 0.188461303710938
-0.0876312255859375 -0.243453979492187 0.164459228515625 0.4432373046875
-0.15045166015625 -0.378021240234375 0.095611572265625 0.113021850585937
-0.237503051757813 -0.233688354492188 0.0716171264648437 0.0447006225585937
-0.350738525390625 -0.031463623046875 -0.0423202514648438 0.00322723388671874
-0.223876953125 0.181915283203125 -0.03411865234375 0.0626182556152344
-0.0429534912109375 0.269683837890625 -0.0254135131835937 0.100845336914063
0.159332275390625 0.192123413085938 0.0694046020507813 0.104621887207031
0.235061645507813 0.101913452148437 0.131065368652344 0.0699234008789062
0.214614868164062 0.126434326171875 0.109703063964844 0.0480880737304688
0.246780395507813 0.111236572265625 0.111907958984375 0.0599288940429688
0.1715087890625 0.1884765625 0.0644493103027344 0.0481910705566406
0.0252838134765625 0.274826049804688 0.0176181793212891 0.00980758666992189
-0.185897827148438 0.239089965820312 0.0693893432617187 -0.00259780883789061
-0.351654052734375 -0.0108642578124999 0.161041259765625 0.0189361572265625
-0.29986572265625 -0.19696044921875 0.217529296875 0.159072875976563
-0.169647216796875 -0.3599853515625 0.1419677734375 0.352294921875
-0.19287109375 -0.439300537109375 0.0479164123535156 -0.0073204040527344
-0.294647216796875 -0.27679443359375 0.0152549743652344 -9.34600830078295E-05
-0.425567626953125 -0.0376586914062499 -0.0473251342773438 0.00307083129882813
-0.276504516601562 0.217147827148438 -0.0207786560058594 0.0285968780517578
-0.0693359375 0.319305419921875 -0.0396232604980469 0.0406761169433594
0.169601440429688 0.241180419921875 0.0176467895507813 0.0447502136230469
0.262237548828125 0.136871337890625 0.0416259765625 0.0333747863769531
0.241439819335937 0.160049438476563 0.0171489715576172 0.0185985565185547
0.27972412109375 0.141632080078125 0.0227584838867188 0.0252685546875
0.193756103515625 0.219070434570313 -0.00278520584106444 -0.00798845291137694
0.03338623046875 0.320220947265625 -0.022186279296875 -0.0466270446777343
-0.203033447265625 0.285308837890625 0.0585975646972656 -0.050933837890625
-0.411590576171875 0.00701904296874996 0.151092529296875 -0.0110931396484375
-0.364227294921875 -0.21075439453125 0.157974243164062 0.118057250976562
-0.22332763671875 -0.419677734375 0.0923919677734375 0.22613525390625
-0.212554931640625 -0.432952880859375 -0.008941650390625 -0.148529052734375
-0.31427001953125 -0.27130126953125 -0.0533447265625 -0.0599021911621094
-0.432647705078125 -0.0291748046874999 -0.0554428100585938 -0.00215911865234376
-0.277694702148438 0.222061157226563 -0.00958251953125002 -0.0114917755126953
-0.07879638671875 0.3175048828125 -0.0502090454101563 -0.0277748107910156
0.157272338867188 0.248291015625 -0.0388031005859375 -0.025115966796875
0.248931884765625 0.14892578125 -0.0548934936523437 -0.00998687744140623
0.230239868164062 0.16864013671875 -0.078460693359375 -0.013519287109375
0.267791748046875 0.151473999023437 -0.071502685546875 -0.01129150390625
0.1820068359375 0.217483520507813 -0.073516845703125 -0.0611648559570313
0.02734375 0.313018798828125 -0.0627670288085938 -0.0979385375976563
-0.194381713867187 0.275421142578125 0.0399017333984375 -0.093475341796875
-0.39923095703125 0.00845336914062494 0.124954223632812 -0.032623291015625
-0.358245849609375 -0.200531005859375 0.0760879516601562 0.0748519897460937
-0.23419189453125 -0.41455078125 0.02685546875 0.0867843627929687
-0.201995849609375 -0.355865478515625 -0.070587158203125 -0.28387451171875
-0.28179931640625 -0.213348388671875 -0.123947143554688 -0.124176025390625
-0.35888671875 -0.011932373046875 -0.0644493103027344 -0.011993408203125
-0.223556518554688 0.187896728515625 -0.00645828247070314 -0.0493698120117187
-0.0681304931640625 0.257431030273438 -0.056915283203125 -0.08709716796875
0.12176513671875 0.210067749023438 -0.0896682739257812 -0.0880126953125
0.198013305664062 0.134506225585938 -0.142501831054688 -0.0521392822265625
0.18585205078125 0.149642944335938 -0.162185668945313 -0.043487548828125
0.214614868164063 0.14013671875 -0.156402587890625 -0.0474090576171875
0.135299682617188 0.186325073242188 -0.132553100585937 -0.107276916503906
0.00640869140625003 0.254486083984375 -0.0880661010742188 -0.136802673339844
-0.166824340820313 0.208480834960938 0.0242767333984375 -0.122604370117187
-0.31817626953125 -0.0116271972656249 0.093231201171875 -0.0423126220703125
-0.281524658203125 -0.167755126953125 -0.00421905517578127 0.0340003967285156
-0.198577880859375 -0.3472900390625 -0.0385055541992188 -0.0444297790527344
-0.159042358398438 -0.223526000976562 -0.1282958984375 -0.392059326171875
-0.201202392578125 -0.1217041015625 -0.185012817382812 -0.178695678710938
-0.220550537109375 0.0060577392578125 -0.0758438110351563 -0.0216445922851563
-0.129013061523438 0.118972778320313 -0.0126190185546875 -0.07379150390625
-0.0452880859375 0.152862548828125 -0.0582351684570313 -0.124275207519531
0.0673828125 0.136833190917969 -0.125556945800781 -0.131126403808594
0.11639404296875 0.0984268188476562 -0.206787109375 -0.0835418701171875
0.111175537109375 0.108741760253906 -0.222076416015625 -0.0668487548828125
0.127517700195313 0.110275268554688 -0.216705322265625 -0.07916259765625
0.0668258666992188 0.129928588867187 -0.165542602539062 -0.142852783203125
-0.02081298828125 0.15869140625 -0.0899658203125 -0.161849975585937
-0.118919372558594 0.108078002929688 0.01904296875 -0.135307312011719
-0.190811157226563 -0.035919189453125 0.0662117004394531 -0.0412025451660156
-0.162628173828125 -0.11431884765625 -0.0636749267578125 -0.00235748291015625
-0.132644653320313 -0.23040771484375 -0.086669921875 -0.148818969726563
-0.0865249633789062 -0.057861328125 -0.174896240234375 -0.45526123046875
-0.0898513793945313 -0.01446533203125 -0.23193359375 -0.213775634765625
-0.0540580749511719 0.0208930969238281 -0.0909652709960938 -0.0250930786132812
-0.0207881927490234 0.0335311889648438 -0.0273056030273438 -0.0753173828125
-0.0188159942626953 0.0286769866943359 -0.0535507202148438 -0.131004333496094
0.00213241577148437 0.0435295104980469 -0.141494750976563 -0.145614624023437
0.0173149108886719 0.047821044921875 -0.23809814453125 -0.098968505859375
0.0198783874511719 0.0505752563476563 -0.248443603515625 -0.080718994140625
0.0228500366210938 0.0620994567871094 -0.245071411132812 -0.101394653320312
-0.00619888305664063 0.0551185607910156 -0.171356201171875 -0.162338256835938
-0.0367546081542969 0.0476875305175781 -0.072509765625 -0.169189453125
-0.0517311096191406 0.00685882568359374 0.0235595703125 -0.133277893066406
-0.0469398498535156 -0.0399818420410156 0.0474052429199219 -0.0349044799804688
-0.0348968505859375 -0.0376510620117188 -0.0934295654296875 -0.0306320190429688
-0.05474853515625 -0.0789718627929688 -0.111572265625 -0.21441650390625
-0.0197906494140625 -0.114944458007813 0.169677734375 0.225418090820313
-0.0704498291015625 -0.062469482421875 0.131637573242188 0.0584182739257812
-0.101852416992188 0.018341064453125 -0.0461921691894531 0.00935363769531251
-0.0454483032226562 0.0739593505859375 -0.0427627563476562 0.116432189941406
0.0329437255859375 0.0826339721679688 0.03045654296875 0.173233032226563
0.0780563354492188 0.02215576171875 0.158004760742188 0.159515380859375
0.0845489501953125 -0.0117340087890625 0.257431030273438 0.087860107421875
0.0744094848632813 0.00597381591796875 0.249664306640625 0.0701904296875
0.0826187133789063 -0.00392913818359375 0.241455078125 0.0950469970703125
0.0685386657714844 0.0445632934570313 0.16033935546875 0.134872436523438
0.0182266235351562 0.08270263671875 0.0727462768554688 0.106040954589844
-0.065582275390625 0.0761871337890625 0.0629653930664063 0.0714874267578125
-0.09881591796875 -0.0157318115234375 0.133781433105469 0.0585250854492187
-0.0659713745117187 -0.0721817016601563 0.260330200195313 0.190139770507813
-0.0029449462890625 -0.0912017822265625 0.19598388671875 0.492584228515625
-0.1072998046875 -0.264297485351563 0.149139404296875 0.19366455078125
-0.171829223632813 -0.153564453125 0.117355346679687 0.0612258911132812
-0.243209838867188 0.00325012207031252 -0.0436248779296875 0.00833892822265625
-0.138229370117188 0.1435546875 -0.0395355224609375 0.0940170288085938
0.006103515625 0.19183349609375 0.00334167480468749 0.149139404296875
0.136917114257813 0.109786987304688 0.124542236328125 0.143142700195312
0.17974853515625 0.0405731201171875 0.214004516601563 0.0831451416015625
0.165023803710937 0.066650390625 0.198501586914063 0.06158447265625
0.184967041015625 0.051910400390625 0.196304321289063 0.079742431640625
0.1348876953125 0.124046325683594 0.126785278320313 0.0975189208984375
0.027740478515625 0.194503784179688 0.051605224609375 0.0634727478027344
-0.1353759765625 0.174468994140625 0.073516845703125 0.0378036499023438
-0.247406005859375 -0.011932373046875 0.15869140625 0.0376129150390625
-0.20306396484375 -0.14459228515625 0.262924194335938 0.179946899414063
-0.105987548828125 -0.247589111328125 0.197021484375 0.447998046875
-0.178741455078125 -0.381378173828125 0.108528137207031 0.111976623535156
-0.25909423828125 -0.229766845703125 0.07928466796875 0.0417709350585937
-0.365081787109375 -0.01025390625 -0.0442962646484375 0.0101776123046875
-0.221405029296875 0.201400756835938 -0.0303306579589844 0.0669898986816406
-0.026153564453125 0.281585693359375 -0.0188217163085938 0.105735778808594
0.174667358398438 0.18658447265625 0.0780868530273438 0.103889465332031
0.247360229492188 0.088287353515625 0.140548706054688 0.0641708374023438
0.230087280273438 0.11749267578125 0.1177978515625 0.0441665649414063
0.261581420898438 0.0977783203125 0.121536254882813 0.0543060302734375
0.187820434570313 0.182785034179688 0.0699272155761719 0.0475578308105469
0.04327392578125 0.2816162109375 0.0174427032470703 0.0104751586914063
-0.178741455078125 0.260757446289063 0.0731735229492188 -0.00703430175781248
-0.366180419921875 0.01019287109375 0.167037963867187 0.00762939453125
-0.320892333984375 -0.187042236328125 0.233047485351562 0.150909423828125
-0.198974609375 -0.3646240234375 0.167633056640625 0.354217529296875
-0.227264404296875 -0.44366455078125 0.0523414611816406 -0.00915527343750003
-0.32269287109375 -0.271942138671875 0.0182647705078125 -0.0010204315185547
-0.4444580078125 -0.0116271972656251 -0.0489654541015625 0.0111351013183594
-0.273727416992188 0.241348266601562 -0.0180130004882813 0.0320396423339844
-0.050506591796875 0.335479736328125 -0.0369148254394531 0.0451507568359375
0.188949584960938 0.236892700195313 0.0208396911621094 0.0444145202636719
0.277511596679688 0.123336791992188 0.0456886291503906 0.0314865112304688
0.260818481445313 0.150405883789062 0.0191993713378906 0.0192298889160156
0.298370361328125 0.12701416015625 0.0261306762695313 0.0238857269287109
0.212646484375 0.213363647460938 -0.0036187171936035 -0.0065321922302246
0.05499267578125 0.328521728515625 -0.02630615234375 -0.0451812744140625
-0.193389892578125 0.310394287109375 0.0586471557617187 -0.055938720703125
-0.427764892578125 0.032257080078125 0.155258178710937 -0.0216827392578125
-0.38848876953125 -0.197479248046875 0.169052124023437 0.11260986328125
-0.258331298828125 -0.424041748046875 0.108428955078125 0.227767944335937
-0.248016357421875 -0.4365234375 -0.015869140625 -0.151748657226563
-0.34271240234375 -0.2640380859375 -0.0574264526367188 -0.0588874816894531
-0.452301025390625 -0.0018310546874999 -0.0567207336425782 0.00627136230468751
-0.274398803710937 0.247421264648438 -0.00935840606689455 -0.00939464569091795
-0.05987548828125 0.335052490234375 -0.0519943237304688 -0.0241813659667969
0.17694091796875 0.24591064453125 -0.0411415100097656 -0.024932861328125
0.26519775390625 0.135711669921875 -0.0567512512207031 -0.00830078124999999
0.251052856445313 0.160110473632813 -0.0825576782226563 -0.00791168212890625
0.286865234375 0.1383056640625 -0.0754318237304687 -0.00791931152343751
0.200515747070313 0.213119506835938 -0.0806350708007812 -0.0583724975585937
0.049072265625 0.321044921875 -0.0710678100585937 -0.0953598022460937
-0.185302734375 0.2998046875 0.0365676879882812 -0.0989303588867187
-0.415191650390625 0.0330505371093751 0.12664794921875 -0.0432662963867188
-0.3812255859375 -0.188201904296875 0.08203125 0.0737152099609375
-0.268890380859375 -0.418182373046875 0.0311965942382812 0.0877151489257812
-0.232452392578125 -0.35919189453125 -0.088653564453125 -0.28802490234375
-0.306365966796875 -0.206695556640625 -0.134407043457031 -0.1207275390625
-0.3751220703125 0.0115356445312501 -0.0664558410644532 -0.00411224365234374
-0.219985961914063 0.208709716796875 -0.00868988037109377 -0.0490875244140625
-0.053497314453125 0.273284912109375 -0.063018798828125 -0.0859451293945312
0.138687133789063 0.209793090820313 -0.0971603393554687 -0.0875091552734375
0.212432861328125 0.124679565429688 -0.150588989257813 -0.046356201171875
0.202362060546875 0.143417358398438 -0.172409057617187 -0.033721923828125
0.231246948242188 0.130599975585938 -0.166213989257812 -0.03912353515625
0.150238037109375 0.183212280273438 -0.144210815429688 -0.102783203125
0.0236358642578125 0.262237548828125 -0.0990219116210938 -0.13507080078125
-0.160293579101563 0.227859497070313 0.018157958984375 -0.127998352050781
-0.333404541015625 0.00610351562500001 0.0933609008789062 -0.0504074096679687
-0.301544189453125 -0.158843994140625 -0.00283432006835939 0.0363540649414062
-0.22833251953125 -0.35107421875 -0.04449462890625 -0.0434646606445313
-0.179962158203125 -0.224960327148437 -0.155120849609375 -0.396453857421875
-0.217437744140625 -0.115142822265625 -0.201461791992188 -0.17303466796875
-0.230255126953125 0.0205078125 -0.0780105590820313 -0.0149993896484375
-0.126213073730469 0.131805419921875 -0.0167617797851563 -0.0734405517578125
-0.0362396240234375 0.163909912109375 -0.0666656494140625 -0.123908996582031
0.0776901245117188 0.13818359375 -0.137458801269531 -0.129791259765625
0.127006530761719 0.0931854248046875 -0.219833374023438 -0.074737548828125
0.123275756835938 0.105659484863281 -0.236358642578125 -0.0547637939453124
0.139633178710938 0.105461120605469 -0.231674194335937 -0.0675201416015625
0.0765457153320313 0.129676818847656 -0.180755615234375 -0.13787841796875
-0.00984191894531251 0.16546630859375 -0.102630615234375 -0.160476684570313
-0.1171875 0.121482849121094 0.0117721557617187 -0.139968872070313
-0.2027587890625 -0.0246429443359375 0.0659065246582031 -0.0472984313964844
-0.175750732421875 -0.110336303710938 -0.0661697387695313 0.00255584716796874
-0.152420043945312 -0.233657836914063 -0.101089477539063 -0.148910522460938
-0.094451904296875 -0.0576858520507813 -0.207733154296875 -0.4600830078125
-0.0953369140625 -0.00985717773437499 -0.252426147460938 -0.20648193359375
-0.0559768676757813 0.0247268676757812 -0.0933074951171875 -0.01947021484375
-0.0186729431152344 0.0366973876953125 -0.0319366455078125 -0.0752182006835938
-0.0176639556884766 0.0324268341064453 -0.0630035400390625 -0.13153076171875
0.005035400390625 0.0467185974121094 -0.153656005859375 -0.144683837890625
0.0207862854003906 0.0475616455078125 -0.253616333007813 -0.089111328125
0.0249099731445313 0.0514297485351563 -0.264877319335938 -0.0684356689453125
0.0290298461914063 0.0632476806640625 -0.26220703125 -0.0891723632812501
-0.00234603881835937 0.0573768615722656 -0.187606811523438 -0.157928466796875
-0.0339736938476563 0.0514793395996094 -0.084564208984375 -0.1693115234375
-0.0530204772949219 0.0116310119628906 0.0154800415039063 -0.138603210449219
-0.0540199279785156 -0.0378532409667969 0.0466842651367188 -0.0386085510253906
-0.0395431518554688 -0.0383110046386719 -0.0985031127929688 -0.0251846313476563
-0.0627593994140625 -0.0803298950195313 -0.130523681640625 -0.214431762695313
-0.0262985229492188 -0.113304138183594 0.186065673828125 0.216171264648438
-0.0735549926757813 -0.05950927734375 0.137260437011719 0.0502243041992187
-0.100372314453125 0.0245285034179687 -0.0460548400878906 0.0141639709472656
-0.0418777465820313 0.076568603515625 -0.035491943359375 0.118316650390625
0.0380859375 0.0790481567382813 0.04119873046875 0.1708984375
0.077606201171875 0.0159835815429688 0.167251586914063 0.152053833007812
0.0828399658203125 -0.01715087890625 0.265640258789063 0.072174072265625
0.0744781494140625 0.00183868408203125 0.257369995117188 0.0540771484375
0.0811996459960938 -0.00989532470703125 0.251495361328125 0.079254150390625
0.0709304809570313 0.0394287109375 0.171493530273438 0.126754760742188
0.0227584838867187 0.0810012817382813 0.07904052734375 0.102439880371094
-0.0608139038085937 0.0806045532226563 0.0684318542480469 0.0668067932128906
-0.0990447998046875 -0.01007080078125 0.138412475585938 0.0494766235351562
-0.0696525573730469 -0.0669403076171875 0.272445678710938 0.17364501953125
-0.00934600830078125 -0.0902557373046875 0.226287841796875 0.480712890625
-0.124526977539063 -0.257766723632813 0.164276123046875 0.185440063476562
-0.181350708007813 -0.144790649414063 0.12371826171875 0.054229736328125
-0.244613647460938 0.01922607421875 -0.0430946350097656 0.0143089294433594
-0.130966186523438 0.152618408203125 -0.0333938598632813 0.095977783203125
0.018829345703125 0.191162109375 0.013275146484375 0.148574829101562
0.142257690429688 0.09930419921875 0.1329345703125 0.136970520019531
0.180801391601563 0.028839111328125 0.2220458984375 0.0701141357421875
0.170074462890625 0.0570526123046875 0.20599365234375 0.0490875244140625
0.187576293945313 0.038970947265625 0.20538330078125 0.066314697265625
0.142486572265625 0.115188598632812 0.13470458984375 0.0922317504882813
0.0393218994140625 0.19256591796875 0.0546531677246094 0.061798095703125
-0.125320434570313 0.185501098632812 0.077362060546875 0.0324935913085938
-0.25018310546875 0.00332641601562497 0.161422729492187 0.02630615234375
-0.212020874023438 -0.133071899414063 0.274765014648438 0.162979125976563
-0.123489379882812 -0.243057250976563 0.225311279296875 0.43634033203125
-0.20538330078125 -0.37261962890625 0.118949890136719 0.106407165527344
-0.274948120117188 -0.2164306640625 0.0844802856445312 0.0367431640625
-0.369049072265625 0.01422119140625 -0.0429840087890625 0.0177192687988281
-0.2108154296875 0.21624755859375 -0.0247154235839844 0.0688362121582032
-0.00674438476562497 0.284393310546875 -0.011077880859375 0.107307434082031
0.18597412109375 0.174652099609375 0.0842056274414063 0.0993804931640625
0.251739501953125 0.072052001953125 0.146652221679688 0.054779052734375
0.240036010742188 0.103591918945313 0.123420715332031 0.0369949340820313
0.267684936523438 0.07958984375 0.127426147460938 0.0461654663085938
0.198623657226563 0.17083740234375 0.0740966796875 0.0452728271484375
0.0611114501953125 0.279464721679688 0.0182228088378906 0.0113162994384766
-0.16265869140625 0.275604248046875 0.0743255615234375 -0.0119781494140625
-0.368927001953125 0.0324096679687501 0.167678833007813 -0.003936767578125
-0.333709716796875 -0.169281005859375 0.242996215820312 0.137039184570313
-0.225341796875 -0.354888916015625 0.189117431640625 0.344482421875
-0.257843017578125 -0.4337158203125 0.0544853210449219 -0.0115928649902344
-0.342559814453125 -0.254974365234375 0.0208511352539062 -0.00264549255371095
-0.450439453125 0.0189514160156251 -0.0470199584960938 0.0199737548828125
-0.259933471679688 0.260910034179687 -0.0147647857666016 0.0336780548095703
-0.026580810546875 0.3408203125 -0.0326881408691406 0.0485305786132813
0.2037353515625 0.224258422851563 0.02386474609375 0.0423355102539063
0.284881591796875 0.104400634765625 0.0492057800292969 0.0278244018554688
0.272857666015625 0.134765625 0.0215797424316406 0.0194129943847656
0.307281494140625 0.106170654296875 0.0279521942138672 0.0225315093994141
0.2265625 0.199569702148438 -0.00360584259033202 -0.00537681579589843
0.076629638671875 0.324981689453125 -0.0297050476074219 -0.0417594909667969
-0.17401123046875 0.3265380859375 0.0569190979003906 -0.0601272583007812
-0.430084228515625 0.058990478515625 0.153274536132812 -0.03350830078125
-0.402587890625 -0.177459716796875 0.175979614257812 0.102890014648437
-0.289276123046875 -0.413238525390625 0.120925903320313 0.221420288085938
-0.278900146484375 -0.4244384765625 -0.0233612060546875 -0.150405883789063
-0.36260986328125 -0.247100830078125 -0.0591239929199219 -0.0565185546875
-0.457611083984375 0.0294189453124999 -0.0546188354492188 0.0149459838867188
-0.260330200195313 0.26739501953125 -0.00833654403686525 -0.0081348419189453
-0.036285400390625 0.342529296875 -0.0527496337890625 -0.0202980041503906
0.1923828125 0.234329223632813 -0.0431175231933594 -0.0241622924804687
0.273147583007813 0.118331909179688 -0.057373046875 -0.00553512573242187
0.264175415039063 0.145034790039062 -0.083770751953125 -0.00118255615234375
0.298187255859375 0.119049072265625 -0.0769729614257813 -0.003021240234375
0.21392822265625 0.201019287109375 -0.0852203369140625 -0.0528335571289062
0.070465087890625 0.319305419921875 -0.0770187377929687 -0.0893020629882812
-0.16741943359375 0.315185546875 0.0309600830078125 -0.101150512695312
-0.41961669921875 0.0592651367187499 0.12310791015625 -0.0525283813476562
-0.394989013671875 -0.16796875 0.0867996215820312 0.0691757202148437
-0.29974365234375 -0.407684326171875 0.034637451171875 0.086181640625
-0.25872802734375 -0.349090576171875 -0.104461669921875 -0.28387451171875
-0.322784423828125 -0.190521240234375 -0.1416015625 -0.113418579101563
-0.379180908203125 0.03778076171875 -0.0643043518066407 0.00410079956054687
-0.208572387695313 0.225006103515625 -0.00981903076171876 -0.0478477478027344
-0.0335235595703125 0.279754638671875 -0.0673828125 -0.0809555053710937
0.152389526367188 0.2015380859375 -0.1036376953125 -0.0847702026367187
0.22003173828125 0.110336303710937 -0.154632568359375 -0.0378570556640625
0.21453857421875 0.131637573242188 -0.176345825195313 -0.02142333984375
0.241546630859375 0.115127563476562 -0.17132568359375 -0.0275726318359375
0.1624755859375 0.174591064453125 -0.152053833007813 -0.093902587890625
0.041534423828125 0.261032104492188 -0.108390808105469 -0.12774658203125
-0.14715576171875 0.241546630859375 0.010589599609375 -0.129219055175781
-0.33758544921875 0.028350830078125 0.0893478393554687 -0.0576858520507813
-0.313232421875 -0.14349365234375 -0.000583648681640648 0.0377349853515625
-0.25384521484375 -0.3421630859375 -0.0493392944335938 -0.0406570434570313
-0.196731567382813 -0.217437744140625 -0.179534912109375 -0.388519287109375
-0.227264404296875 -0.103256225585937 -0.212982177734375 -0.161956787109375
-0.23236083984375 0.036651611328125 -0.0767745971679688 -0.00789642333984373
-0.118362426757813 0.1405029296875 -0.0198974609375 -0.0715560913085937
-0.02508544921875 0.16888427734375 -0.07391357421875 -0.119171142578125
0.0872802734375 0.134361267089844 -0.145828247070313 -0.12481689453125
0.132736206054688 0.0845413208007813 -0.226837158203125 -0.0622100830078125
0.13189697265625 0.0981903076171875 -0.242813110351563 -0.0389556884765625
0.148086547851563 0.096466064453125 -0.23974609375 -0.0516510009765625
0.08514404296875 0.125259399414063 -0.19110107421875 -0.126876831054688
0.00186157226562501 0.165985107421875 -0.11212158203125 -0.153701782226563
-0.110076904296875 0.131309509277344 0.00294494628906249 -0.14080810546875
-0.2086181640625 -0.01141357421875 0.0624656677246094 -0.0523185729980469
-0.18359375 -0.101303100585937 -0.0666427612304688 0.00783538818359373
-0.170440673828125 -0.228103637695312 -0.112762451171875 -0.142562866210938
-0.0996932983398438 -0.0542144775390625 -0.2354736328125 -0.447052001953125
-0.0967178344726563 -0.00402069091796876 -0.266693115234375 -0.191726684570312
-0.0559806823730469 0.0288467407226562 -0.0924835205078125 -0.013519287109375
-0.0166091918945312 0.0379638671875 -0.0362091064453125 -0.07196044921875
-0.0148887634277344 0.0351905822753906 -0.0712356567382813 -0.127822875976563
0.00876998901367187 0.0476608276367188 -0.163558959960938 -0.137893676757813
0.0243911743164062 0.0460968017578125 -0.262451171875 -0.0742340087890625
0.0293159484863281 0.0499420166015625 -0.272796630859375 -0.05078125
0.0348472595214844 0.061553955078125 -0.272262573242187 -0.071044921875
0.0019378662109375 0.057586669921875 -0.199554443359375 -0.1474609375
-0.0295524597167969 0.0537261962890625 -0.09515380859375 -0.164566040039062
-0.0526123046875 0.016998291015625 0.0065765380859375 -0.13909912109375
-0.0587577819824219 -0.0331878662109375 0.0438270568847656 -0.0417442321777344
-0.0431785583496094 -0.0371894836425781 -0.10101318359375 -0.0183029174804687
-0.070281982421875 -0.07904052734375 -0.146102905273437 -0.206283569335938
-0.0298233032226563 -0.109992980957031 0.193679809570313 0.20635986328125
-0.0744171142578125 -0.056549072265625 0.139366149902344 0.0440521240234375
-0.0978546142578125 0.0283203125 -0.0448989868164063 0.0179405212402344
-0.0391464233398438 0.076934814453125 -0.0301666259765625 0.117454528808594
0.0402297973632813 0.0753631591796875 0.04669189453125 0.166702270507813
0.0756149291992188 0.0110931396484375 0.171188354492187 0.145767211914062
0.0798797607421875 -0.019927978515625 0.266738891601563 0.06048583984375
0.073272705078125 -0.00104522705078125 0.259445190429688 0.0424957275390625
0.0778579711914063 -0.0134658813476563 0.255096435546875 0.066192626953125
0.071014404296875 0.035552978515625 0.17596435546875 0.120346069335938
0.025360107421875 0.0786056518554688 0.0810089111328125 0.0994033813476563
-0.0566177368164062 0.0830612182617188 0.0707855224609375 0.0620040893554688
-0.0973663330078125 -0.00688934326171874 0.138984680175781 0.0422134399414063
-0.0708694458007813 -0.0627975463867188 0.27557373046875 0.159774780273437
-0.0131988525390625 -0.0883407592773438 0.242218017578125 0.463958740234375
-0.133758544921875 -0.248931884765625 0.171249389648438 0.176727294921875
-0.185623168945313 -0.137374877929687 0.127098083496094 0.0476913452148437
-0.240875244140625 0.0294952392578125 -0.0408058166503906 0.0193138122558594
-0.124053955078125 0.156478881835937 -0.028228759765625 0.0951309204101563
0.026763916015625 0.18707275390625 0.018798828125 0.145828247070313
0.142486572265625 0.090972900390625 0.136589050292969 0.131301879882813
0.178482055664063 0.020477294921875 0.223648071289063 0.0597076416015625
0.171051025390625 0.0496063232421875 0.208297729492187 0.0398712158203125
0.185287475585938 0.029815673828125 0.20819091796875 0.0563507080078125
0.1444091796875 0.107559204101563 0.138259887695313 0.08709716796875
0.046173095703125 0.188690185546875 0.0556716918945313 0.0605010986328125
-0.116653442382812 0.1890869140625 0.0788116455078125 0.0281143188476563
-0.248077392578125 0.01220703125 0.160079956054687 0.0186004638671875
-0.214447021484375 -0.123886108398438 0.276931762695313 0.150711059570313
-0.132980346679687 -0.23590087890625 0.2388916015625 0.420623779296875
-0.218963623046875 -0.35986328125 0.124305725097656 0.100753784179687
-0.2813720703125 -0.20501708984375 0.0878448486328125 0.0317611694335937
-0.364959716796875 0.0299072265625 -0.0393714904785157 0.0233993530273438
-0.20037841796875 0.223052978515625 -0.0209732055664063 0.0682563781738281
0.00607299804687503 0.2808837890625 -0.00635528564453126 0.106063842773438
0.1890869140625 0.162994384765625 0.0867462158203125 0.0953903198242188
0.2493896484375 0.0597686767578125 0.148590087890625 0.0475616455078125
0.24273681640625 0.0932159423828125 0.125762939453125 0.0318984985351563
0.266983032226563 0.0657196044921875 0.129852294921875 0.0399703979492188
0.202987670898438 0.160247802734375 0.0764923095703125 0.04327392578125
0.07183837890625 0.273544311523438 0.0176525115966797 0.0120677947998047
-0.1502685546875 0.280853271484375 0.0743408203125 -0.0155563354492187
-0.3662109375 0.0470581054687501 0.163986206054687 -0.011932373046875
-0.3363037109375 -0.155487060546875 0.245025634765625 0.1260986328125
-0.238555908203125 -0.345306396484375 0.199310302734375 0.332122802734375
-0.275726318359375 -0.418609619140625 0.0561676025390625 -0.01324462890625
-0.3502197265625 -0.241302490234375 0.0230426788330078 -0.00398826599121095
-0.4461669921875 0.0395507812500001 -0.0428466796875 0.0259170532226563
-0.246994018554687 0.26934814453125 -0.0121078491210938 0.0339164733886719
-0.010406494140625 0.3385009765625 -0.029632568359375 0.0492439270019531
0.2099609375 0.212478637695313 0.0242462158203125 0.0399551391601563
0.28466796875 0.0902099609375 0.0504570007324219 0.0239524841308594
0.277618408203125 0.122406005859375 0.0233745574951172 0.0189342498779297
0.306854248046875 0.089874267578125 0.0293006896972656 0.0207481384277344
0.231292724609375 0.187896728515625 -0.0034351348876953 -0.00392580032348632
0.0892333984375 0.318115234375 -0.0308876037597656 -0.0382308959960937
-0.159759521484375 0.3323974609375 0.0548896789550781 -0.0617866516113281
-0.42779541015625 0.076141357421875 0.1478271484375 -0.0396270751953125
-0.405548095703125 -0.16156005859375 0.177459716796875 0.0954437255859375
-0.306121826171875 -0.400665283203125 0.1268310546875 0.213775634765625
-0.295806884765625 -0.41070556640625 -0.026611328125 -0.147232055664063
-0.370849609375 -0.232666015625 -0.0591278076171875 -0.0543098449707031
-0.4537353515625 0.0504150390625 -0.0502777099609375 0.0207595825195312
-0.247665405273438 0.276412963867187 -0.00669956207275392 -0.00720643997192381
-0.019775390625 0.34149169921875 -0.0516433715820313 -0.0174140930175781
0.199630737304688 0.223495483398438 -0.0446090698242187 -0.0239219665527344
0.273757934570313 0.105026245117188 -0.05682373046875 -0.00457382202148438
0.26910400390625 0.1326904296875 -0.0823822021484375 0.00339508056640626
0.299163818359375 0.102783203125 -0.0767898559570312 0.00128936767578125
0.219528198242188 0.189254760742188 -0.0863876342773437 -0.04791259765625
0.083465576171875 0.31201171875 -0.0801467895507813 -0.0838394165039063
-0.152557373046875 0.32159423828125 0.0279541015625 -0.101692199707031
-0.41656494140625 0.07672119140625 0.117485046386719 -0.0572891235351562
-0.3985595703125 -0.152862548828125 0.0879592895507812 0.0666961669921875
-0.315093994140625 -0.394622802734375 0.0355377197265625 0.0845489501953125
-0.271881103515625 -0.336700439453125 -0.11328125 -0.275619506835937
-0.32928466796875 -0.178253173828125 -0.143569946289063 -0.107315063476562
-0.375946044921875 0.054718017578125 -0.0604171752929688 0.00915908813476563
-0.196990966796875 0.23223876953125 -0.0101776123046875 -0.0463638305664062
-0.020233154296875 0.280105590820313 -0.0690078735351562 -0.0764389038085938
0.158859252929688 0.193359375 -0.1065673828125 -0.0818023681640625
0.221054077148438 0.0994110107421875 -0.155624389648438 -0.0327301025390625
0.219406127929688 0.121505737304688 -0.176223754882813 -0.0125885009765625
0.243911743164063 0.102432250976563 -0.171966552734375 -0.01953125
0.1676025390625 0.165573120117188 -0.1552734375 -0.0863494873046875
0.0523834228515625 0.255905151367188 -0.111656188964844 -0.120864868164063
-0.134597778320313 0.247787475585938 0.00601196289062499 -0.127403259277344
-0.336944580078125 0.042999267578125 0.0844955444335937 -0.0611648559570313
-0.31622314453125 -0.1318359375 -8.01086425781432E-05 0.0387496948242188
-0.26806640625 -0.33154296875 -0.0522346496582031 -0.0372734069824219
-0.205108642578125 -0.20904541015625 -0.19134521484375 -0.37615966796875
-0.229354858398438 -0.0952301025390625 -0.21673583984375 -0.152114868164062
-0.230392456054688 0.04656982421875 -0.0736846923828125 -0.00415802001953126
-0.111907958984375 0.144821166992188 -0.0209274291992188 -0.0693321228027344
-0.0164031982421875 0.169662475585938 -0.0764312744140625 -0.114158630371094
0.0923995971679688 0.129776000976563 -0.1505126953125 -0.120208740234375
0.13421630859375 0.0777664184570313 -0.228683471679688 -0.053070068359375
0.135810852050781 0.091888427734375 -0.24365234375 -0.0267791748046875
0.151641845703125 0.088226318359375 -0.240982055664063 -0.0397796630859375
0.0897445678710938 0.120475769042969 -0.195297241210937 -0.117752075195313
0.00907897949218749 0.16424560546875 -0.116592407226563 -0.146728515625
-0.102989196777344 0.13653564453125 -0.00250244140625 -0.138626098632813
-0.210311889648438 -0.00167846679687498 0.0583381652832031 -0.0544776916503906
-0.186737060546875 -0.0954132080078125 -0.0655860900878906 0.0123519897460938
-0.180343627929687 -0.221160888671875 -0.117958068847656 -0.135261535644531
-0.101951599121094 -0.0512313842773438 -0.24993896484375 -0.43218994140625
-0.09637451171875 -0.000778198242187486 -0.2718505859375 -0.179031372070313
-0.0554962158203125 0.0302276611328125 -0.09033203125 -0.0106277465820312
-0.0147705078125 0.0374374389648438 -0.0374755859375 -0.0691909790039062
-0.0127677917480469 0.036895751953125 -0.0737380981445313 -0.122589111328125
0.0115165710449219 0.0483665466308594 -0.167617797851563 -0.132965087890625
0.0260429382324219 0.0446929931640625 -0.265396118164062 -0.0632171630859375
0.0317497253417969 0.0485076904296875 -0.274261474609375 -0.037506103515625
0.0385513305664063 0.0597915649414062 -0.273773193359375 -0.0574493408203125
0.0045166015625 0.0576324462890625 -0.205215454101563 -0.137847900390625
-0.0261917114257813 0.0544662475585937 -0.0997772216796875 -0.158767700195313
-0.0508766174316406 0.02056884765625 0.000282287597656246 -0.136817932128906
-0.0616607666015625 -0.0289115905761719 0.0411148071289062 -0.0432586669921875
-0.0459823608398438 -0.0363655090332031 -0.100364685058594 -0.0121841430664063
-0.0745315551757813 -0.076995849609375 -0.153091430664063 -0.197311401367188
-0.0314254760742188 -0.108123779296875 0.19671630859375 0.20269775390625
-0.0750045776367187 -0.0550079345703125 0.141632080078125 0.0413665771484375
-0.0967864990234375 0.0293426513671875 -0.0428886413574219 0.0197639465332031
-0.0382766723632813 0.077392578125 -0.0284805297851563 0.116302490234375
0.0408477783203125 0.0729751586914063 0.04803466796875 0.164276123046875
0.0729522705078125 0.0091705322265625 0.172576904296875 0.144515991210937
0.0774612426757813 -0.02142333984375 0.268218994140625 0.0557403564453125
0.0727157592773438 -0.0018463134765625 0.2618408203125 0.037750244140625
0.075164794921875 -0.0154800415039063 0.25726318359375 0.060333251953125
0.0706253051757813 0.033538818359375 0.178955078125 0.118362426757813
0.0261611938476563 0.0778579711914062 0.0815582275390625 0.0985336303710938
-0.0549850463867188 0.0837554931640625 0.0717620849609375 0.0597763061523438
-0.0970840454101563 -0.00663757324218749 0.138343811035156 0.0388946533203125
-0.071044921875 -0.060455322265625 0.275421142578125 0.153945922851562
-0.014556884765625 -0.086456298828125 0.245086669921875 0.455963134765625
-0.137298583984375 -0.244918823242188 0.174774169921875 0.173355102539062
-0.186599731445312 -0.134933471679687 0.129440307617188 0.0446319580078125
-0.239532470703125 0.0337982177734375 -0.0378227233886719 0.0226898193359375
-0.12158203125 0.158050537109375 -0.0267791748046875 0.0941619873046875
0.0295867919921875 0.184646606445313 0.0205078125 0.144485473632813
0.14129638671875 0.0873260498046875 0.137168884277344 0.130226135253906
0.176025390625 0.0170745849609375 0.22509765625 0.055328369140625
0.171737670898437 0.047088623046875 0.210739135742188 0.0357513427734375
0.182815551757813 0.0259246826171875 0.21063232421875 0.0516204833984375
0.144943237304688 0.104110717773438 0.140670776367188 0.0860748291015625
0.0495452880859375 0.186325073242188 0.0558700561523437 0.0606613159179688
-0.112838745117188 0.191909790039062 0.07952880859375 0.0261077880859375
-0.248519897460938 0.01593017578125 0.158737182617187 0.015167236328125
-0.21533203125 -0.120162963867187 0.277572631835938 0.144241333007813
-0.137405395507813 -0.233230590820312 0.2420654296875 0.41326904296875
-0.22344970703125 -0.3536376953125 0.127143859863281 0.0982284545898437
-0.284759521484375 -0.20208740234375 0.089996337890625 0.0291976928710937
-0.3636474609375 0.0376281738281251 -0.0360221862792969 0.0275993347167969
-0.195465087890625 0.225616455078125 -0.0186386108398438 0.0680084228515625
0.011932373046875 0.278732299804687 -0.0047760009765625 0.105628967285156
0.18878173828125 0.157806396484375 0.0870437622070313 0.094146728515625
0.247787475585938 0.0548858642578125 0.149856567382813 0.0436553955078125
0.243972778320312 0.08929443359375 0.127708435058594 0.0292282104492188
0.265167236328125 0.0596923828125 0.131446838378906 0.0373611450195313
0.203460693359375 0.155715942382813 0.0778884887695313 0.0429916381835938
0.07568359375 0.270767211914063 0.0173845291137695 0.0136442184448242
-0.14544677734375 0.284454345703125 0.0745697021484375 -0.0168609619140625
-0.366668701171875 0.05267333984375 0.1617431640625 -0.0145111083984375
-0.33740234375 -0.151519775390625 0.244888305664062 0.122039794921875
-0.246337890625 -0.34136962890625 0.200927734375 0.327850341796875
-0.282318115234375 -0.411895751953125 0.0576591491699219 -0.0139694213867188
-0.354461669921875 -0.237030029296875 0.0251121520996094 -0.0059795379638672
-0.445068359375 0.04931640625 -0.0384788513183594 0.0297813415527344
-0.242172241210938 0.2738037109375 -0.0100269317626953 0.0337085723876953
-0.00286865234374997 0.3377685546875 -0.0280342102050781 0.0502395629882813
0.210281372070313 0.206207275390625 0.023773193359375 0.0394134521484375
0.282745361328125 0.08441162109375 0.0515174865722656 0.0219612121582031
0.2811279296875 0.117630004882813 0.0247936248779297 0.0192470550537109
0.306671142578125 0.082855224609375 0.0303173065185547 0.0204658508300781
0.232467651367188 0.18267822265625 -0.00289988517761229 -0.00295567512512206
0.094207763671875 0.314971923828125 -0.03192138671875 -0.0355033874511718
-0.152923583984375 0.33636474609375 0.0550422668457031 -0.0627822875976562
-0.42779541015625 0.08404541015625 0.144989013671875 -0.04205322265625
-0.407073974609375 -0.157012939453125 0.177291870117187 0.093231201171875
-0.3135986328125 -0.396240234375 0.127090454101562 0.210968017578125
-0.3018798828125 -0.405426025390625 -0.027191162109375 -0.146072387695313
-0.375518798828125 -0.227294921875 -0.0580978393554688 -0.05426025390625
-0.453216552734375 0.0601501464843751 -0.0458335876464844 0.0244598388671875
-0.242904663085937 0.280136108398438 -0.0059185028076172 -0.00716543197631834
-0.012176513671875 0.341156005859375 -0.0503883361816406 -0.0153236389160156
0.201553344726563 0.218246459960938 -0.0457878112792969 -0.0243377685546875
0.272933959960937 0.0992889404296875 -0.0568084716796875 -0.00461578369140625
0.272445678710938 0.127777099609375 -0.082183837890625 0.00580596923828127
0.29937744140625 0.095611572265625 -0.0765762329101562 0.00368499755859374
0.221328735351563 0.1844482421875 -0.0871200561523437 -0.0454635620117188
0.088775634765625 0.30865478515625 -0.0801239013671875 -0.08038330078125
-0.146209716796875 0.3251953125 0.027069091796875 -0.10107421875
-0.4169921875 0.0854492187499999 0.114028930664062 -0.0589218139648437
-0.3997802734375 -0.148590087890625 0.088348388671875 0.066192626953125
-0.324432373046875 -0.39093017578125 0.03497314453125 0.08380126953125
-0.27752685546875 -0.332427978515625 -0.114608764648438 -0.27264404296875
-0.332763671875 -0.17449951171875 -0.14434814453125 -0.105667114257813
-0.37518310546875 0.0623779296875001 -0.05694580078125 0.0113945007324219
-0.193588256835937 0.234664916992188 -0.00944519042968751 -0.0452690124511719
-0.01361083984375 0.280364990234375 -0.0679779052734375 -0.0741348266601563
0.161727905273438 0.189498901367188 -0.108589172363281 -0.0821609497070313
0.22149658203125 0.0952911376953125 -0.1566162109375 -0.0303802490234375
0.223068237304688 0.117691040039063 -0.17620849609375 -0.00823974609375
0.245208740234375 0.0968017578125 -0.172775268554688 -0.01434326171875
0.1693115234375 0.161697387695312 -0.15673828125 -0.0825958251953125
0.0565032958984375 0.253189086914063 -0.112075805664063 -0.117561340332031
-0.129730224609375 0.250473022460938 0.004730224609375 -0.126518249511719
-0.338409423828125 0.0501708984375 0.0813217163085937 -0.0619125366210937
-0.317901611328125 -0.12884521484375 0.000595092773437484 0.0406455993652344
-0.275299072265625 -0.3284912109375 -0.0536880493164063 -0.0353317260742188
-0.209030151367187 -0.206207275390625 -0.194854736328125 -0.37200927734375
-0.231658935546875 -0.092559814453125 -0.21832275390625 -0.148818969726563
-0.230056762695313 0.0507659912109375 -0.0712127685546875 -0.00285339355468749
-0.109024047851562 0.146194458007813 -0.0208549499511719 -0.0683937072753906
-0.0129241943359375 0.170272827148438 -0.0764007568359375 -0.111625671386719
0.0943374633789063 0.128372192382813 -0.152587890625 -0.11968994140625
0.134529113769531 0.0752716064453125 -0.23089599609375 -0.0494537353515625
0.138595581054688 0.0898818969726563 -0.244659423828125 -0.0215301513671875
0.1533203125 0.0845794677734375 -0.242095947265625 -0.0332489013671875
0.0912246704101563 0.118278503417969 -0.197738647460938 -0.113998413085937
0.01251220703125 0.16253662109375 -0.117950439453125 -0.143661499023438
-0.100112915039063 0.139503479003906 -0.00461578369140627 -0.137046813964844
-0.211700439453125 0.00382995605468754 0.0561332702636719 -0.0547103881835938
-0.188690185546875 -0.094024658203125 -0.064849853515625 0.0151290893554687
-0.185211181640625 -0.219940185546875 -0.119857788085938 -0.131317138671875
-0.102821350097656 -0.0511093139648437 -0.253753662109375 -0.4273681640625
-0.0957107543945312 -0.000152587890624998 -0.273971557617188 -0.17474365234375
-0.0561752319335938 0.0309867858886719 -0.08929443359375 -0.01025390625
-0.0144500732421875 0.0372734069824219 -0.0370330810546875 -0.0678520202636719
-0.0120811462402344 0.0378303527832031 -0.074188232421875 -0.12109375
0.012969970703125 0.0486259460449219 -0.169952392578125 -0.132659912109375
0.0269241333007812 0.0445556640625 -0.268325805664063 -0.0590362548828125
0.03326416015625 0.0480194091796875 -0.275894165039063 -0.0312957763671875
0.0404472351074219 0.0584945678710938 -0.274917602539063 -0.0499725341796875
0.0058135986328125 0.0574073791503906 -0.207550048828125 -0.134353637695313
-0.0245895385742188 0.05450439453125 -0.100753784179687 -0.156478881835938
-0.0497169494628906 0.0222091674804687 -0.0019378662109375 -0.135215759277344
-0.0637092590332031 -0.0260047912597656 0.0397567749023437 -0.0431098937988281
-0.047393798828125 -0.0364456176757813 -0.100120544433594 -0.00933837890625001
-0.0766754150390625 -0.0771026611328125 -0.155380249023437 -0.192779541015625
-0.0320587158203125 -0.10882568359375 0.201034545898438 0.206192016601563
-0.07598876953125 -0.0554122924804688 0.146041870117187 0.0407562255859375
-0.0976104736328125 0.0303955078125 -0.0417556762695313 0.0223655700683594
-0.0391006469726562 0.078948974609375 -0.0287399291992187 0.117454528808594
0.0413894653320312 0.0727005004882812 0.0479278564453125 0.166824340820313
0.0731887817382813 0.0087890625 0.1766357421875 0.14898681640625
0.0773086547851563 -0.0218276977539063 0.275314331054688 0.0546417236328125
0.0736923217773438 -0.00215911865234375 0.269668579101563 0.03515625
0.0751876831054688 -0.0157089233398438 0.264434814453125 0.0592498779296875
0.0715179443359375 0.0330352783203125 0.184829711914062 0.120529174804687
0.0271148681640625 0.0794296264648438 0.0823287963867188 0.101348876953125
-0.0551528930664063 0.0859909057617188 0.0733566284179688 0.0595016479492188
-0.098785400390625 -0.00707244873046875 0.141143798828125 0.0381011962890625
-0.071624755859375 -0.060272216796875 0.279067993164063 0.154708862304688
-0.0155868530273437 -0.08746337890625 0.2476806640625 0.46343994140625
-0.139801025390625 -0.247909545898438 0.179351806640625 0.176010131835937
-0.1907958984375 -0.136764526367187 0.133583068847656 0.0440139770507812
-0.242904663085938 0.0363616943359375 -0.0356254577636719 0.0248756408691406
-0.123016357421875 0.1611328125 -0.0265731811523438 0.0960922241210938
0.03131103515625 0.186538696289063 0.0200653076171875 0.146804809570313
0.14178466796875 0.0867156982421875 0.140121459960937 0.1339111328125
0.177322387695313 0.01605224609375 0.231552124023438 0.0541839599609375
0.175872802734375 0.04742431640625 0.216934204101563 0.0345611572265625
0.185211181640625 0.0251922607421875 0.216598510742187 0.0508270263671875
0.147079467773438 0.104965209960938 0.145828247070313 0.088043212890625
0.0506744384765625 0.189651489257813 0.0567207336425781 0.0635452270507813
-0.113555908203125 0.197067260742188 0.0821914672851562 0.0254745483398438
-0.253936767578125 0.0168914794921875 0.160186767578125 0.014129638671875
-0.218643188476563 -0.122421264648437 0.281768798828125 0.145904541015625
-0.142059326171875 -0.2374267578125 0.2445068359375 0.420013427734375
-0.228790283203125 -0.35858154296875 0.131355285644531 0.099853515625
-0.291015625 -0.204864501953125 0.0940780639648438 0.0277023315429687
-0.36932373046875 0.04180908203125 -0.0322589874267578 0.0305938720703125
-0.198150634765625 0.231292724609375 -0.0184135437011719 0.0690956115722657
0.014404296875 0.282684326171875 -0.00458526611328125 0.10784912109375
0.190414428710938 0.15826416015625 0.0885391235351563 0.096771240234375
0.250564575195313 0.053955078125 0.154556274414063 0.0423736572265625
0.251190185546875 0.0897979736328125 0.132186889648438 0.0291824340820313
0.268539428710938 0.058685302734375 0.135894775390625 0.037017822265625
0.206924438476562 0.156890869140625 0.08123779296875 0.044281005859375
0.0779571533203125 0.274795532226563 0.0176429748535156 0.0159645080566406
-0.146484375 0.291839599609375 0.0779190063476562 -0.0182952880859375
-0.375518798828125 0.05621337890625 0.163330078125 -0.01531982421875
-0.343597412109375 -0.154541015625 0.249114990234375 0.123428344726563
-0.25372314453125 -0.347503662109375 0.202911376953125 0.33203125
-0.288421630859375 -0.418212890625 0.0604438781738281 -0.014190673828125
-0.363739013671875 -0.24139404296875 0.0272331237792969 -0.00731086730957033
-0.4530029296875 0.05328369140625 -0.0348472595214844 0.0325088500976563
-0.245315551757813 0.280609130859375 -0.00903129577636721 0.0346488952636719
0.000213623046874987 0.34429931640625 -0.02789306640625 0.0516090393066406
0.213623046875 0.2083740234375 0.0237770080566406 0.0401115417480469
0.28692626953125 0.083770751953125 0.0531692504882813 0.0203323364257813
0.288482666015625 0.118560791015625 0.0265750885009766 0.0195713043212891
0.311492919921875 0.082183837890625 0.0321083068847656 0.0212001800537109
0.2362060546875 0.184341430664063 -0.00208175182342528 -0.00158572196960448
0.097137451171875 0.31988525390625 -0.0324878692626953 -0.0342540740966797
-0.154144287109375 0.3453369140625 0.0572547912597656 -0.0640983581542968
-0.438446044921875 0.08984375 0.145828247070312 -0.042266845703125
-0.41436767578125 -0.160614013671875 0.180282592773437 0.0950164794921875
-0.323638916015625 -0.404937744140625 0.127609252929687 0.215316772460937
-0.3092041015625 -0.411956787109375 -0.0261383056640625 -0.148178100585938
-0.385467529296875 -0.232574462890625 -0.0583686828613281 -0.0562667846679688
-0.462158203125 0.06585693359375 -0.0427474975585938 0.0268173217773438
-0.246124267578125 0.2874755859375 -0.00500154495239259 -0.00655698776245115
-0.00906372070312497 0.348358154296875 -0.0496330261230469 -0.0145225524902344
0.205184936523438 0.221435546875 -0.0478248596191406 -0.0247955322265625
0.27789306640625 0.0990753173828125 -0.0582847595214844 -0.0052032470703125
0.281143188476563 0.129745483398438 -0.083038330078125 0.00711059570312502
0.3048095703125 0.095458984375 -0.0777130126953125 0.00528717041015627
0.225265502929688 0.186370849609375 -0.0887985229492187 -0.0448989868164063
0.091217041015625 0.313720703125 -0.0816421508789062 -0.0799026489257813
-0.147186279296875 0.333251953125 0.0288619995117187 -0.102912902832031
-0.4278564453125 0.0901184082031249 0.113975524902344 -0.059112548828125
-0.40863037109375 -0.152191162109375 0.0896759033203125 0.0684356689453125
-0.3331298828125 -0.399078369140625 0.0346527099609375 0.0865402221679687
-0.28436279296875 -0.339019775390625 -0.116485595703125 -0.277023315429688
-0.340850830078125 -0.178802490234375 -0.147293090820313 -0.10772705078125
-0.384185791015625 0.0666809082031249 -0.0547866821289063 0.0125465393066406
-0.196197509765625 0.241592407226563 -0.00894165039062501 -0.0455703735351562
-0.01123046875 0.28753662109375 -0.06768798828125 -0.074951171875
0.164764404296875 0.1927490234375 -0.112449645996094 -0.0844497680664062
0.2257080078125 0.09613037109375 -0.160858154296875 -0.0302734375
0.230361938476563 0.119613647460938 -0.1805419921875 -0.0059051513671875
0.250259399414063 0.0968170166015625 -0.17547607421875 -0.012054443359375
0.172286987304688 0.163360595703125 -0.16070556640625 -0.08258056640625
0.05889892578125 0.257156372070313 -0.114547729492187 -0.1175537109375
-0.13037109375 0.257537841796875 0.00534820556640625 -0.12847900390625
-0.3477783203125 0.0545349121093749 0.0806198120117187 -0.062286376953125
-0.3255615234375 -0.132110595703125 0.00128173828124998 0.0430107116699219
-0.284820556640625 -0.335601806640625 -0.0552864074707031 -0.0345726013183594
-0.214080810546875 -0.21099853515625 -0.197998046875 -0.377166748046875
-0.237945556640625 -0.0952606201171875 -0.223190307617188 -0.151123046875
-0.236160278320312 0.0535430908203125 -0.0710372924804688 -0.00286865234375001
-0.111312866210937 0.1494140625 -0.0206069946289063 -0.0688705444335937
-0.0114593505859375 0.175384521484375 -0.075531005859375 -0.113037109375
0.0968704223632812 0.130752563476563 -0.157272338867188 -0.124038696289063
0.1378173828125 0.0763397216796875 -0.237213134765625 -0.04901123046875
0.143707275390625 0.091461181640625 -0.251266479492188 -0.0187530517578125
0.157318115234375 0.08526611328125 -0.247756958007812 -0.030853271484375
0.0933074951171875 0.119850158691406 -0.203140258789062 -0.114044189453125
0.0135955810546875 0.165435791015625 -0.119552612304687 -0.144744873046875
-0.100341796875 0.143569946289063 -0.00453948974609375 -0.138816833496094
-0.217819213867188 0.00736999511718753 0.0555763244628906 -0.0546798706054687
-0.194076538085937 -0.0963287353515625 -0.0653877258300781 0.0175094604492187
-0.192550659179688 -0.223709106445313 -0.1221923828125 -0.132034301757813
-0.10540771484375 -0.0533905029296875 -0.2584228515625 -0.43280029296875
-0.0974807739257812 -0.000572204589843758 -0.2806396484375 -0.176437377929688
-0.0584983825683594 0.0311431884765625 -0.0906448364257813 -0.0116500854492187
-0.0151710510253906 0.0381431579589844 -0.0374908447265625 -0.0686149597167969
-0.01190185546875 0.0400810241699219 -0.073272705078125 -0.122390747070313
0.0144805908203125 0.0507965087890625 -0.175094604492188 -0.136993408203125
0.0281333923339844 0.045562744140625 -0.275848388671875 -0.0578460693359375
0.0349655151367188 0.0490875244140625 -0.28436279296875 -0.028564453125
0.0429191589355469 0.0594520568847656 -0.282135009765625 -0.047943115234375
0.00707626342773437 0.0584068298339844 -0.213333129882813 -0.135543823242187
-0.0244216918945313 0.0555229187011719 -0.102371215820312 -0.158584594726563
-0.05010986328125 0.0237007141113281 -0.0027923583984375 -0.136337280273438
-0.0666427612304687 -0.0244903564453125 0.0391807556152344 -0.0433235168457031
-0.0499916076660156 -0.0373611450195313 -0.101089477539063 -0.00698089599609375
-0.0804367065429688 -0.0789260864257813 -0.157989501953125 -0.194854736328125
-0.0342941284179687 -0.112312316894531 0.212890625 0.213348388671875
-0.0795364379882812 -0.0564804077148438 0.154815673828125 0.03912353515625
-0.100234985351563 0.0333709716796875 -0.0407524108886719 0.024261474609375
-0.0391464233398437 0.0826339721679688 -0.0281295776367188 0.12213134765625
0.0441665649414063 0.0742721557617188 0.050567626953125 0.174209594726563
0.0742263793945313 0.00698089599609375 0.187271118164063 0.1551513671875
0.0791778564453125 -0.023468017578125 0.290069580078125 0.051971435546875
0.0768356323242188 -0.00348663330078125 0.28521728515625 0.0311279296875
0.0760650634765625 -0.0175628662109375 0.279617309570313 0.056854248046875
0.0741653442382813 0.0329666137695313 0.197067260742188 0.124313354492188
0.029205322265625 0.0820083618164063 0.0865707397460938 0.106033325195313
-0.0560379028320312 0.0910110473632813 0.0778045654296875 0.0598983764648438
-0.103195190429688 -0.00660705566406248 0.147491455078125 0.03564453125
-0.074951171875 -0.06121826171875 0.291412353515625 0.1571044921875
-0.0179367065429688 -0.0904388427734375 0.2611083984375 0.477935791015625
-0.148895263671875 -0.255523681640625 0.19024658203125 0.181228637695312
-0.200775146484375 -0.140213012695313 0.142578125 0.0424652099609375
-0.251678466796875 0.04229736328125 -0.0336380004882813 0.0279426574707031
-0.125152587890625 0.170028686523437 -0.02606201171875 0.0996246337890625
0.03594970703125 0.193328857421875 0.0223236083984375 0.153488159179687
0.1470947265625 0.088470458984375 0.14862060546875 0.140029907226563
0.1837158203125 0.0143280029296875 0.244384765625 0.0514984130859375
0.185134887695312 0.0469970703125 0.230606079101563 0.031646728515625
0.19232177734375 0.0231475830078125 0.230087280273438 0.04913330078125
0.15380859375 0.10675048828125 0.155517578125 0.0909576416015625
0.054901123046875 0.197402954101563 0.0594329833984375 0.0676193237304688
-0.115890502929688 0.208419799804687 0.0872650146484375 0.0243148803710938
-0.266983032226563 0.02154541015625 0.16656494140625 0.01165771484375
-0.229965209960938 -0.126052856445312 0.294464111328125 0.148040771484375
-0.153060913085938 -0.245925903320312 0.255889892578125 0.435028076171875
-0.243255615234375 -0.370147705078125 0.139419555664062 0.10198974609375
-0.306976318359375 -0.209625244140625 0.100311279296875 0.0260772705078125
-0.38433837890625 0.0510864257812499 -0.029205322265625 0.033294677734375
-0.203125 0.244110107421875 -0.0170745849609375 0.0720748901367188
0.019989013671875 0.294525146484375 -0.00293731689453124 0.113616943359375
0.19891357421875 0.162338256835938 0.0935287475585938 0.100830078125
0.2607421875 0.0523529052734375 0.163040161132813 0.0404815673828125
0.265899658203125 0.0902252197265625 0.140945434570313 0.027801513671875
0.280441284179687 0.056610107421875 0.144744873046875 0.0364837646484375
0.217300415039062 0.160858154296875 0.0868911743164063 0.0460205078125
0.085296630859375 0.286041259765625 0.0183200836181641 0.0187416076660156
-0.148681640625 0.30877685546875 0.0823822021484375 -0.020904541015625
-0.39410400390625 0.065216064453125 0.168426513671875 -0.0178680419921875
-0.361236572265625 -0.157867431640625 0.260482788085938 0.125869750976563
-0.27191162109375 -0.360565185546875 0.21270751953125 0.345062255859375
-0.3070068359375 -0.432373046875 0.0642738342285156 -0.0154647827148438
-0.384735107421875 -0.247406005859375 0.0297164916992187 -0.00970077514648439
-0.47216796875 0.06549072265625 -0.0315437316894532 0.0358543395996094
-0.2515869140625 0.2972412109375 -0.00772476196289064 0.036407470703125
0.00640869140625003 0.359130859375 -0.0275001525878906 0.0551414489746094
0.224227905273438 0.21368408203125 0.0249366760253906 0.0420112609863281
0.2991943359375 0.083038330078125 0.0564613342285156 0.019439697265625
0.30670166015625 0.120086669921875 0.0296802520751953 0.020355224609375
0.3271484375 0.080596923828125 0.0359268188476563 0.0219192504882813
0.248764038085938 0.188339233398438 -0.000908076763153061 -0.00106257200241088
0.10552978515625 0.33233642578125 -0.0338115692138672 -0.0330181121826172
-0.156005859375 0.364776611328125 0.0610694885253906 -0.0684852600097656
-0.45989990234375 0.101776123046875 0.149673461914063 -0.045867919921875
-0.436248779296875 -0.164093017578125 0.188491821289063 0.098358154296875
-0.346832275390625 -0.41864013671875 0.133758544921875 0.224472045898437
-0.32891845703125 -0.427093505859375 -0.027862548828125 -0.153717041015625
-0.4075927734375 -0.238861083984375 -0.0614738464355469 -0.0593910217285156
-0.4840087890625 0.0771484375 -0.0406570434570313 0.0290641784667969
-0.252410888671875 0.305145263671875 -0.00408029556274416 -0.00625610351562498
-0.00286865234375004 0.36480712890625 -0.0508766174316406 -0.0143089294433594
0.2164306640625 0.227508544921875 -0.0514068603515625 -0.0257301330566406
0.29058837890625 0.099395751953125 -0.0611457824707031 -0.00601196289062499
0.299591064453125 0.130706787109375 -0.086212158203125 0.0100326538085938
0.320343017578125 0.0943603515625 -0.0796966552734375 0.00771331787109374
0.237411499023437 0.190948486328125 -0.0927734375 -0.0449447631835937
0.100372314453125 0.325775146484375 -0.0855178833007813 -0.08038330078125
-0.148101806640625 0.3516845703125 0.03076171875 -0.108024597167969
-0.4481201171875 0.10357666015625 0.11639404296875 -0.0617446899414063
-0.43017578125 -0.155487060546875 0.0944290161132812 0.0715484619140625
-0.35784912109375 -0.412841796875 0.0362548828125 0.0915908813476562
-0.301849365234375 -0.351593017578125 -0.12432861328125 -0.286834716796875
-0.36083984375 -0.183837890625 -0.155197143554688 -0.111907958984375
-0.40264892578125 0.0765686035156251 -0.05462646484375 0.014434814453125
-0.202301025390625 0.255050659179688 -0.00842666625976564 -0.046905517578125
-0.00616455078124999 0.3016357421875 -0.0700454711914063 -0.0769119262695312
0.174118041992187 0.199325561523437 -0.119842529296875 -0.0874252319335937
0.2366943359375 0.096923828125 -0.16961669921875 -0.0298614501953125
0.24578857421875 0.121841430664063 -0.189071655273438 -0.00128173828124999
0.26361083984375 0.0969085693359375 -0.183868408203125 -0.00802612304687501
0.181808471679688 0.1688232421875 -0.169448852539062 -0.0832977294921875
0.0657958984375 0.267837524414063 -0.11956787109375 -0.119781494140625
-0.1319580078125 0.272430419921875 0.00556182861328125 -0.133430480957031
-0.364288330078125 0.065582275390625 0.0825347900390625 -0.0644149780273438
-0.343109130859375 -0.13519287109375 0.00223922729492185 0.0466766357421875
-0.30487060546875 -0.347076416015625 -0.0579948425292969 -0.0338211059570313
-0.225830078125 -0.2196044921875 -0.2099609375 -0.390411376953125
-0.2509765625 -0.097991943359375 -0.235504150390625 -0.155746459960938
-0.248199462890625 0.0599822998046875 -0.07275390625 -0.00238800048828124
-0.115097045898437 0.157669067382813 -0.0220565795898438 -0.0712509155273438
-0.00856018066406251 0.18475341796875 -0.0789642333984375 -0.117286682128906
0.104232788085938 0.1365966796875 -0.167999267578125 -0.129119873046875
0.14508056640625 0.0777435302734375 -0.250640869140625 -0.047454833984375
0.154022216796875 0.0936431884765625 -0.2645263671875 -0.0133056640625
0.1671142578125 0.0863189697265625 -0.259628295898438 -0.0257873535156249
0.0987701416015625 0.124221801757813 -0.215011596679687 -0.115554809570313
0.01666259765625 0.172195434570313 -0.125381469726562 -0.149261474609375
-0.102081298828125 0.152084350585938 -0.00590515136718749 -0.143905639648438
-0.229751586914063 0.0131072998046875 0.0561332702636719 -0.0565338134765625
-0.2056884765625 -0.0987548828125 -0.0671958923339844 0.0209121704101562
-0.206375122070312 -0.23260498046875 -0.128280639648437 -0.135726928710938
-0.110748291015625 -0.0558090209960938 -0.2747802734375 -0.4466552734375
-0.102165222167969 -0.000587463378906249 -0.296478271484375 -0.17987060546875
-0.0622062683105469 0.0327949523925781 -0.0945510864257813 -0.0122528076171875
-0.0163993835449219 0.0391082763671875 -0.039215087890625 -0.0705947875976563
-0.0113754272460938 0.04376220703125 -0.076568603515625 -0.128265380859375
0.0172958374023438 0.0539474487304688 -0.186309814453125 -0.143630981445313
0.0309181213378906 0.047271728515625 -0.291748046875 -0.055419921875
0.0389976501464844 0.0514488220214844 -0.299560546875 -0.022796630859375
0.0469894409179688 0.0617637634277344 -0.2965087890625 -0.04315185546875
0.00790405273437501 0.0612945556640625 -0.2266845703125 -0.138107299804688
-0.0241508483886719 0.0588150024414063 -0.107894897460938 -0.163833618164062
-0.0512542724609375 0.0261955261230469 -0.004425048828125 -0.140884399414063
-0.0713348388671875 -0.0228958129882812 0.039886474609375 -0.0442390441894531
-0.0543785095214844 -0.03887939453125 -0.104995727539063 -0.00376129150390625
-0.0865631103515625 -0.08209228515625 -0.165435791015625 -0.20086669921875
-0.0400848388671875 -0.115592956542969 0.232879638671875 0.21624755859375
-0.0848617553710937 -0.0551986694335938 0.165817260742187 0.032989501953125
-0.102348327636719 0.0391159057617188 -0.03948974609375 0.0276908874511719
-0.0376205444335937 0.088409423828125 -0.0241165161132813 0.128433227539063
0.0486602783203125 0.0746841430664063 0.0584716796875 0.181915283203125
0.0767288208007813 0.003875732421875 0.204498291015625 0.157424926757813
0.0806198120117188 -0.0271377563476563 0.308837890625 0.041229248046875
0.0801849365234375 -0.00649261474609375 0.30377197265625 0.018646240234375
0.0775909423828125 -0.021575927734375 0.299957275390625 0.04638671875
0.078460693359375 0.0312042236328125 0.21453857421875 0.12310791015625
0.03369140625 0.08514404296875 0.0946044921875 0.110008239746094
-0.054229736328125 0.0987396240234375 0.0838775634765625 0.0581893920898438
-0.109527587890625 -0.00312805175781249 0.155197143554688 0.0299530029296875
-0.08001708984375 -0.0601959228515625 0.311126708984375 0.152587890625
-0.0229110717773438 -0.0936508178710938 0.288360595703125 0.49298095703125
-0.166152954101563 -0.26275634765625 0.20794677734375 0.183563232421875
-0.21661376953125 -0.138885498046875 0.15325927734375 0.03631591796875
-0.261627197265625 0.055084228515625 -0.0302104949951172 0.0309619903564453
-0.124786376953125 0.18328857421875 -0.0226364135742188 0.104499816894531
0.0460205078125 0.2001953125 0.02862548828125 0.161483764648438
0.155899047851563 0.0862884521484375 0.162704467773438 0.142608642578125
0.192031860351563 0.0083770751953125 0.260040283203125 0.042938232421875
0.197921752929687 0.0417022705078125 0.24615478515625 0.0223541259765625
0.2017822265625 0.016845703125 0.246475219726562 0.0406341552734375
0.165283203125 0.105422973632812 0.169357299804688 0.0898895263671875
0.065643310546875 0.205307006835938 0.0649948120117188 0.071319580078125
-0.113006591796875 0.225494384765625 0.0931243896484375 0.0204010009765625
-0.281158447265625 0.0335540771484375 0.174713134765625 0.0048675537109375
-0.245895385742188 -0.123977661132812 0.312713623046875 0.144195556640625
-0.172149658203125 -0.25250244140625 0.282958984375 0.4486083984375
-0.2685546875 -0.379119873046875 0.151657104492188 0.102127075195312
-0.331573486328125 -0.20880126953125 0.108085632324219 0.0210342407226562
-0.400909423828125 0.0699462890624999 -0.0250740051269531 0.0371589660644531
-0.202972412109375 0.264663696289063 -0.0143356323242188 0.0761260986328125
0.034149169921875 0.307830810546875 0.00138092041015624 0.120292663574219
0.214019775390625 0.161697387695313 0.102912902832031 0.103492736816406
0.274795532226563 0.0455780029296875 0.173507690429688 0.0339813232421875
0.2857666015625 0.0841064453125 0.151397705078125 0.0226898193359375
0.296966552734375 0.048583984375 0.156661987304688 0.03143310546875
0.233871459960938 0.159622192382813 0.09478759765625 0.045562744140625
0.101165771484375 0.297088623046875 0.0208358764648438 0.021240234375
-0.143463134765625 0.332275390625 0.0874176025390625 -0.02703857421875
-0.41339111328125 0.0859375000000001 0.174957275390625 -0.0251007080078125
-0.38531494140625 -0.1539306640625 0.277175903320313 0.122238159179687
-0.3021240234375 -0.369720458984375 0.234649658203125 0.35614013671875
-0.338104248046875 -0.443572998046875 0.0688858032226562 -0.0185813903808594
-0.414459228515625 -0.244842529296875 0.0322704315185547 -0.0134124755859375
-0.494415283203125 0.0892639160156249 -0.0272216796875 0.0396690368652344
-0.252166748046875 0.321746826171875 -0.00571060180664064 0.0389442443847656
0.02294921875 0.377105712890625 -0.0257186889648438 0.0599403381347657
0.2430419921875 0.215499877929688 0.0271873474121094 0.0439643859863281
0.316497802734375 0.075897216796875 0.0603561401367188 0.0166435241699219
0.33099365234375 0.1131591796875 0.0335140228271485 0.0201435089111328
0.3468017578125 0.07110595703125 0.0412368774414063 0.0218582153320313
0.268218994140625 0.187759399414063 0.000172555446624772 -0.00063347816467284
0.12451171875 0.345001220703125 -0.0359764099121094 -0.0307960510253906
-0.148223876953125 0.390838623046875 0.0633087158203125 -0.0759963989257812
-0.4825439453125 0.1275634765625 0.15423583984375 -0.052276611328125
-0.464996337890625 -0.1573486328125 0.201705932617187 0.09674072265625
-0.3834228515625 -0.427337646484375 0.147628784179687 0.231903076171875
-0.360870361328125 -0.436798095703125 -0.033355712890625 -0.160324096679688
-0.4403076171875 -0.23651123046875 -0.0660057067871094 -0.0612068176269531
-0.506500244140625 0.10260009765625 -0.0375709533691407 0.0331306457519531
-0.25335693359375 0.331207275390625 -0.00304174423217775 -0.00547933578491209
0.014068603515625 0.384429931640625 -0.052520751953125 -0.0120697021484375
0.236709594726563 0.230789184570313 -0.0559463500976562 -0.0254440307617187
0.308685302734375 0.09295654296875 -0.0651359558105469 -0.00481033325195313
0.3238525390625 0.125701904296875 -0.0890960693359375 0.0150909423828125
0.34197998046875 0.08575439453125 -0.0817413330078125 0.012451171875
0.255828857421875 0.191009521484375 -0.0994338989257813 -0.0428543090820312
0.118499755859375 0.337921142578125 -0.0923385620117188 -0.0793075561523438
-0.1412353515625 0.3779296875 0.0301971435546875 -0.115921020507812
-0.4700927734375 0.1300048828125 0.119216918945312 -0.0675811767578125
-0.4593505859375 -0.148345947265625 0.102569580078125 0.0732040405273437
-0.3956298828125 -0.421173095703125 0.0409088134765625 0.0958328247070312
-0.3309326171875 -0.358856201171875 -0.1400146484375 -0.296661376953125
-0.388916015625 -0.17999267578125 -0.167984008789063 -0.111892700195313
-0.4229736328125 0.09844970703125 -0.0545082092285157 0.0173606872558594
-0.20355224609375 0.277328491210938 -0.00972747802734376 -0.0479316711425781
0.007781982421875 0.319183349609375 -0.0747604370117188 -0.07843017578125
0.191436767578125 0.203262329101562 -0.131462097167969 -0.0892181396484375
0.25201416015625 0.09246826171875 -0.18157958984375 -0.0250396728515625
0.26715087890625 0.11773681640625 -0.19873046875 0.00781249999999997
0.282196044921875 0.090118408203125 -0.192657470703125 0.0013275146484375
0.197616577148438 0.169891357421875 -0.182113647460938 -0.07965087890625
0.0801544189453125 0.278427124023438 -0.129402160644531 -0.120048522949219
-0.127288818359375 0.292694091796875 0.00224304199218749 -0.141159057617188
-0.3829345703125 0.085968017578125 0.0826797485351562 -0.0689544677734375
-0.367523193359375 -0.12982177734375 0.00528717041015623 0.051239013671875
-0.33734130859375 -0.354583740234375 -0.0617294311523438 -0.0326919555664063
-0.246322631835937 -0.223907470703125 -0.23468017578125 -0.4013671875
-0.2691650390625 -0.094635009765625 -0.255584716796875 -0.1541748046875
-0.261764526367188 0.0736236572265625 -0.0758438110351563 9.15527343750157E-05
-0.115707397460938 0.170974731445312 -0.0248641967773437 -0.0727615356445312
-0.000411987304687485 0.196487426757813 -0.0859375 -0.121223449707031
0.11578369140625 0.140380859375 -0.184005737304687 -0.131683349609375
0.156387329101563 0.07598876953125 -0.267684936523438 -0.0395050048828125
0.169052124023438 0.0924835205078125 -0.279266357421875 0.000122070312499948
0.180831909179688 0.0832672119140625 -0.273880004882813 -0.014312744140625
0.108863830566406 0.127243041992188 -0.232177734375 -0.11212158203125
0.024871826171875 0.179977416992188 -0.137222290039063 -0.15142822265625
-0.100982666015625 0.164993286132813 -0.0107574462890625 -0.151031494140625
-0.242462158203125 0.0250091552734375 0.056060791015625 -0.0595741271972656
-0.22088623046875 -0.096893310546875 -0.0688896179199219 0.0272331237792969
-0.227813720703125 -0.2371826171875 -0.138633728027344 -0.136405944824219
-0.118782043457031 -0.05645751953125 -0.303955078125 -0.459686279296875
-0.108085632324219 0.0018768310546875 -0.32025146484375 -0.176910400390625
-0.06634521484375 0.0370559692382813 -0.101097106933594 -0.00932312011718748
-0.0166511535644531 0.0419044494628906 -0.0439224243164062 -0.0714797973632813
-0.00954437255859374 0.0482597351074219 -0.0838623046875 -0.133171081542969
0.02130126953125 0.0564956665039062 -0.203567504882813 -0.145965576171875
0.0352630615234375 0.0482139587402344 -0.311492919921875 -0.044403076171875
0.0448875427246094 0.0526542663574219 -0.3177490234375 -0.00900268554687496
0.0537796020507812 0.0630149841308594 -0.314117431640625 -0.0307617187500001
0.0112762451171875 0.0652542114257813 -0.245269775390625 -0.1348876953125
-0.0221138000488281 0.0625686645507812 -0.118927001953125 -0.169052124023438
-0.0525360107421875 0.0301856994628906 -0.010040283203125 -0.1470947265625
-0.0766754150390625 -0.0193634033203125 0.0397415161132812 -0.0465316772460938
-0.0599174499511719 -0.0391883850097656 -0.109161376953125 0.00151824951171874
-0.0955657958984375 -0.083587646484375 -0.179824829101563 -0.20440673828125
-0.0480728149414062 -0.11572265625 0.254348754882813 0.209945678710938
-0.0893936157226563 -0.0513763427734375 0.17510986328125 0.02203369140625
-0.101646423339844 0.046112060546875 -0.0364265441894531 0.0299835205078125
-0.0333328247070313 0.0934600830078125 -0.0176925659179688 0.132492065429687
0.0541839599609375 0.0732345581054688 0.0712890625 0.186248779296875
0.0777053833007813 -0.0008544921875 0.223373413085938 0.152450561523438
0.0809860229492188 -0.0320968627929688 0.324310302734375 0.021820068359375
0.0825881958007813 -0.0114593505859375 0.31829833984375 -0.00347900390625
0.0777587890625 -0.0262374877929688 0.316162109375 0.0267333984375
0.0826492309570313 0.0266952514648438 0.232757568359375 0.114364624023438
0.04052734375 0.0858230590820313 0.104133605957031 0.110336303710938
-0.049560546875 0.10614013671875 0.090118408203125 0.0539016723632813
-0.114410400390625 0.00316619873046873 0.161361694335937 0.019256591796875
-0.0856399536132812 -0.0570068359375 0.328887939453125 0.138671875
-0.0301895141601563 -0.094573974609375 0.3262939453125 0.493560791015625
-0.18707275390625 -0.260284423828125 0.22662353515625 0.177413940429687
-0.232467651367187 -0.13037109375 0.162185668945313 0.02581787109375
-0.266525268554688 0.0738677978515625 -0.0257034301757813 0.0333423614501953
-0.117340087890625 0.196517944335938 -0.0161972045898438 0.108757019042969
0.06005859375 0.203125 0.039703369140625 0.166763305664063
0.1644287109375 0.079254150390625 0.179061889648438 0.139495849609375
0.19879150390625 -0.002593994140625 0.273468017578125 0.0252838134765625
0.209503173828125 0.0311279296875 0.259170532226563 0.00469970703125
0.209716796875 0.0047760009765625 0.261489868164063 0.0245513916015625
0.176803588867188 0.098876953125 0.183364868164063 0.0826416015625
0.080718994140625 0.209487915039062 0.0719833374023438 0.0724716186523438
-0.102615356445313 0.241348266601563 0.098388671875 0.0136871337890625
-0.290771484375 0.052978515625 0.179733276367187 -0.0059967041015625
-0.26190185546875 -0.113327026367188 0.331146240234375 0.1298828125
-0.19500732421875 -0.25006103515625 0.318359375 0.4476318359375
-0.302093505859375 -0.376068115234375 0.16400146484375 0.0959625244140625
-0.3564453125 -0.19573974609375 0.114387512207031 0.0128402709960937
-0.409942626953125 0.098388671875 -0.0194969177246094 0.0395240783691406
-0.193756103515625 0.285491943359375 -0.00841522216796877 0.0789871215820313
0.05517578125 0.316070556640625 0.00917816162109376 0.125785827636719
0.22991943359375 0.154037475585937 0.11444091796875 0.102638244628906
0.28668212890625 0.030487060546875 0.182525634765625 0.0220489501953125
0.304290771484375 0.0684814453125 0.161087036132813 0.0120849609375
0.310516357421875 0.03155517578125 0.16802978515625 0.0214385986328125
0.251708984375 0.150054931640625 0.103065490722656 0.041290283203125
0.122833251953125 0.30242919921875 0.0235977172851563 0.02337646484375
-0.127655029296875 0.3548583984375 0.0901641845703125 -0.0357894897460937
-0.425994873046875 0.1171875 0.178756713867187 -0.0365447998046875
-0.41009521484375 -0.137542724609375 0.293243408203125 0.11065673828125
-0.337860107421875 -0.36334228515625 0.262298583984375 0.35638427734375
-0.37786865234375 -0.43878173828125 0.071197509765625 -0.0236740112304688
-0.4464111328125 -0.228912353515625 0.0332260131835937 -0.0179767608642578
-0.5054931640625 0.125946044921875 -0.021575927734375 0.0426101684570313
-0.24072265625 0.3482666015625 -0.00152206420898439 0.0406074523925781
0.048919677734375 0.389129638671875 -0.0223503112792969 0.0647773742675782
0.263473510742188 0.20819091796875 0.0311927795410156 0.0445442199707031
0.332275390625 0.058837890625 0.0634841918945313 0.0116691589355469
0.353790283203125 0.095794677734375 0.0384368896484375 0.0182647705078125
0.36492919921875 0.051971435546875 0.0473251342773438 0.0197982788085938
0.289459228515625 0.1783447265625 0.000861406326293963 -0.000343799591064442
0.151123046875 0.350921630859375 -0.0377197265625 -0.0279884338378906
-0.129119873046875 0.417022705078125 0.0625839233398437 -0.0844268798828125
-0.493865966796875 0.165283203125 0.156097412109375 -0.062408447265625
-0.49359130859375 -0.135986328125 0.214935302734375 0.08953857421875
-0.426483154296875 -0.418426513671875 0.16656494140625 0.233001708984375
-0.40240478515625 -0.431854248046875 -0.0430145263671875 -0.163925170898438
-0.4730224609375 -0.21832275390625 -0.0724945068359375 -0.0609283447265625
-0.520172119140625 0.141357421875 -0.0338859558105469 0.0366859436035156
-0.24267578125 0.358489990234375 -0.00136661529541017 -0.0050082206726074
0.0411376953125 0.398345947265625 -0.0544319152832031 -0.00875091552734373
0.258529663085938 0.225067138671875 -0.0604438781738281 -0.0227012634277344
0.32550048828125 0.077606201171875 -0.0688819885253906 -0.00220870971679688
0.348358154296875 0.1083984375 -0.090057373046875 0.0223541259765625
0.361297607421875 0.06646728515625 -0.0811996459960937 0.01910400390625
0.276687622070313 0.181777954101563 -0.105140686035156 -0.0374755859375
0.1441650390625 0.343597412109375 -0.0987091064453125 -0.0749816894531249
-0.122772216796875 0.40289306640625 0.0261459350585938 -0.123527526855469
-0.481109619140625 0.166961669921875 0.118865966796875 -0.0753326416015625
-0.48614501953125 -0.127166748046875 0.111488342285156 0.0717926025390625
-0.438079833984375 -0.412689208984375 0.0486984252929687 0.098358154296875
-0.366058349609375 -0.35443115234375 -0.1611328125 -0.298614501953125
-0.416290283203125 -0.163909912109375 -0.181442260742188 -0.106704711914063
-0.433746337890625 0.131072998046875 -0.0531730651855469 0.0216598510742188
-0.19415283203125 0.300445556640625 -0.0115089416503906 -0.0473899841308594
0.0308837890625 0.331512451171875 -0.0805435180664062 -0.0765762329101562
0.211944580078125 0.19940185546875 -0.14385986328125 -0.08428955078125
0.267196655273438 0.0803070068359375 -0.191162109375 -0.0140533447265625
0.2886962890625 0.104034423828125 -0.204910278320312 0.02294921875
0.300537109375 0.074951171875 -0.19757080078125 0.01544189453125
0.2152099609375 0.164352416992188 -0.194168090820313 -0.0705718994140625
0.100189208984375 0.28338623046875 -0.139411926269531 -0.115669250488281
-0.1134033203125 0.31231689453125 -0.00494384765624999 -0.147232055664062
-0.39276123046875 0.1168212890625 0.081390380859375 -0.0741729736328125
-0.389404296875 -0.113006591796875 0.00946807861328122 0.0546607971191406
-0.37371826171875 -0.346649169921875 -0.0648384094238282 -0.0290374755859375
-0.26995849609375 -0.219940185546875 -0.26580810546875 -0.403350830078125
-0.2861328125 -0.0830078125 -0.2752685546875 -0.143539428710938
-0.269027709960937 0.094970703125 -0.0777053833007813 0.0045166015625
-0.110763549804688 0.184967041015625 -0.02874755859375 -0.0725860595703125
0.01397705078125 0.205490112304687 -0.095001220703125 -0.121192932128906
0.129707336425781 0.139289855957031 -0.201171875 -0.126052856445313
0.166397094726563 0.068939208984375 -0.282745361328125 -0.0228881835937501
0.184097290039063 0.0843658447265625 -0.28973388671875 0.020172119140625
0.195053100585938 0.074737548828125 -0.28399658203125 0.00564575195312501
0.121086120605469 0.125251770019531 -0.24847412109375 -0.10089111328125
0.0375213623046875 0.18536376953125 -0.1500244140625 -0.14837646484375
-0.0940093994140625 0.177841186523438 -0.0188751220703125 -0.155624389648438
-0.250473022460937 0.04400634765625 0.0545997619628906 -0.0631065368652344
-0.236129760742188 -0.0877990722656251 -0.0675277709960938 0.0343284606933594
-0.252838134765625 -0.232192993164062 -0.1497802734375 -0.133132934570313
-0.126792907714844 -0.0539016723632813 -0.339752197265625 -0.457916259765625
-0.112510681152344 0.00711059570312502 -0.343292236328125 -0.163330078125
-0.0687370300292969 0.0433502197265625 -0.105979919433594 -0.00374603271484376
-0.0160369873046875 0.0450439453125 -0.0487747192382813 -0.0701408386230469
-0.00550460815429687 0.0517196655273438 -0.0938796997070312 -0.134330749511719
0.0275459289550781 0.0577125549316406 -0.223770141601563 -0.14129638671875
0.0396766662597656 0.0480270385742188 -0.32843017578125 -0.0255126953125
0.0514640808105469 0.0512809753417969 -0.33099365234375 0.014190673828125
0.0621147155761719 0.0607490539550781 -0.32879638671875 -0.00881958007812494
0.0167884826660156 0.0674705505371094 -0.263519287109375 -0.123123168945313
-0.0186042785644531 0.0665283203125 -0.132659912109375 -0.168594360351563
-0.0524444580078125 0.0349311828613281 -0.0190582275390625 -0.150680541992187
-0.08135986328125 -0.013519287109375 0.0381927490234375 -0.0490760803222656
-0.0655403137207031 -0.0374641418457031 -0.111282348632813 0.00997924804687499
-0.105033874511719 -0.0813217163085938 -0.196441650390625 -0.201187133789062
-0.0555038452148438 -0.112419128417969 0.269622802734375 0.198135375976562
-0.0922927856445313 -0.046234130859375 0.179183959960938 0.008697509765625
-0.0981826782226562 0.0516586303710938 -0.0328884124755859 0.0306415557861328
-0.0275497436523438 0.0955581665039063 -0.00986480712890625 0.134147644042969
0.0588035583496094 0.0691490173339844 0.0833892822265625 0.184921264648438
0.0769577026367188 -0.005950927734375 0.237930297851562 0.141555786132812
0.0800018310546875 -0.0375747680664063 0.330810546875 -0.000946044921875002
0.0834121704101563 -0.0165863037109375 0.32373046875 -0.027252197265625
0.0755386352539063 -0.03082275390625 0.3233642578125 0.00372314453125
0.084381103515625 0.021087646484375 0.24530029296875 0.100601196289063
0.0469741821289063 0.08428955078125 0.112579345703125 0.107452392578125
-0.0423202514648437 0.110992431640625 0.0934982299804688 0.0479278564453125
-0.115737915039063 0.0110855102539063 0.162216186523438 0.0079193115234375
-0.0887908935546875 -0.051513671875 0.339508056640625 0.119720458984375
-0.0368499755859375 -0.0922622680664063 0.35693359375 0.480438232421875
-0.205322265625 -0.2510986328125 0.239715576171875 0.165298461914062
-0.241531372070313 -0.116851806640625 0.166061401367187 0.0131683349609375
-0.263107299804688 0.0919647216796875 -0.0211219787597656 0.0337200164794922
-0.105850219726563 0.205062866210937 -0.00920104980468751 0.109397888183594
0.0732879638671875 0.200363159179687 0.0501556396484375 0.16790771484375
0.169769287109375 0.0692901611328125 0.192047119140625 0.13165283203125
0.200393676757813 -0.0145721435546875 0.279403686523438 0.0067291259765625
0.215835571289063 0.017425537109375 0.264358520507813 -0.014129638671875
0.212051391601562 -0.007965087890625 0.269210815429688 0.0049591064453125
0.184555053710938 0.08856201171875 0.193618774414063 0.0718536376953125
0.0955810546875 0.206771850585937 0.07781982421875 0.0710220336914063
-0.087249755859375 0.252197265625 0.100067138671875 0.00565338134765627
-0.2923583984375 0.073272705078125 0.179702758789062 -0.017669677734375
-0.271743774414062 -0.0992126464843751 0.341400146484375 0.11175537109375
-0.21392822265625 -0.239913940429688 0.34527587890625 0.43560791015625
-0.32843017578125 -0.360748291015625 0.172225952148437 0.0870208740234375
-0.37249755859375 -0.175567626953125 0.116844177246094 0.00331878662109374
-0.4073486328125 0.127044677734375 -0.013458251953125 0.0397186279296875
-0.17755126953125 0.300506591796875 -0.00256347656250001 0.0793304443359375
0.07696533203125 0.314178466796875 0.0172653198242188 0.127799987792969
0.240386962890625 0.141357421875 0.12286376953125 0.0978546142578125
0.291229248046875 0.013427734375 0.186477661132813 0.0089569091796875
0.315643310546875 0.0489501953125 0.165679931640625 0.000457763671875003
0.31658935546875 0.01171875 0.174530029296875 0.0084075927734375
0.263290405273438 0.135955810546875 0.108833312988281 0.0351486206054688
0.1436767578125 0.299163818359375 0.0265617370605469 0.0245704650878906
-0.1058349609375 0.368896484375 0.0893478393554688 -0.044281005859375
-0.42413330078125 0.146820068359375 0.177078247070312 -0.047454833984375
-0.42315673828125 -0.114349365234375 0.30255126953125 0.09515380859375
-0.3656005859375 -0.345947265625 0.285064697265625 0.344696044921875
-0.409576416015625 -0.421966552734375 0.0712966918945312 -0.0283737182617188
-0.465972900390625 -0.203704833984375 0.0322284698486328 -0.0223159790039063
-0.504058837890625 0.16143798828125 -0.0158004760742188 0.0435218811035156
-0.22210693359375 0.367523193359375 0.00341415405273436 0.0409317016601563
0.076873779296875 0.3902587890625 -0.0172462463378906 0.067352294921875
0.278640747070313 0.1939697265625 0.0349693298339844 0.0441513061523438
0.339324951171875 0.038970947265625 0.0640525817871094 0.00640487670898438
0.368408203125 0.07220458984375 0.0421104431152344 0.0150947570800781
0.373077392578125 0.027618408203125 0.0524978637695313 0.0153083801269531
0.30340576171875 0.161468505859375 0.00204372406005861 -0.000206351280212392
0.174835205078125 0.346435546875 -0.0382575988769531 -0.0238189697265625
-0.103118896484375 0.431549072265625 0.0592575073242188 -0.0923538208007812
-0.4913330078125 0.201263427734375 0.153167724609375 -0.0709228515625
-0.5087890625 -0.107757568359375 0.222625732421875 0.07879638671875
-0.458038330078125 -0.3974609375 0.181716918945312 0.2269287109375
-0.43505859375 -0.41412353515625 -0.05224609375 -0.163604736328125
-0.492919921875 -0.19183349609375 -0.0774612426757813 -0.0584716796875
-0.517852783203125 0.178985595703125 -0.0288619995117188 0.0386123657226563
-0.222930908203125 0.37884521484375 0.000950336456298815 -0.00428748130798338
0.06939697265625 0.400543212890625 -0.0537223815917969 -0.00497055053710936
0.275741577148438 0.211517333984375 -0.0633316040039063 -0.0186614990234375
0.334014892578125 0.0582275390625 -0.0714340209960937 0.00160217285156252
0.363189697265625 0.08538818359375 -0.0880279541015625 0.0288162231445312
0.371063232421875 0.042266845703125 -0.077911376953125 0.0240707397460937
0.2913818359375 0.166900634765625 -0.108482360839844 -0.03057861328125
0.168121337890625 0.338226318359375 -0.102622985839844 -0.06829833984375
-0.09783935546875 0.416412353515625 0.0194854736328125 -0.128913879394531
-0.476898193359375 0.202880859375 0.115371704101562 -0.0819625854492187
-0.500396728515625 -0.10003662109375 0.118179321289062 0.067474365234375
-0.47052001953125 -0.39019775390625 0.0559844970703125 0.09710693359375
-0.393585205078125 -0.33807373046875 -0.17987060546875 -0.2923583984375
-0.433349609375 -0.140380859375 -0.1915283203125 -0.096221923828125
-0.432464599609375 0.163360595703125 -0.0504226684570313 0.0255012512207031
-0.177978515625 0.31634521484375 -0.01214599609375 -0.0463485717773437
0.053375244140625 0.3343505859375 -0.0847549438476563 -0.0727081298828125
0.22747802734375 0.188705444335938 -0.152969360351562 -0.0765380859375
0.27557373046875 0.0650634765625 -0.196304321289062 -0.00169372558593753
0.302764892578125 0.0848388671875 -0.205062866210938 0.0380401611328125
0.310882568359375 0.054779052734375 -0.196334838867187 0.028778076171875
0.228652954101563 0.152633666992188 -0.200592041015625 -0.0576934814453125
0.119613647460938 0.280548095703125 -0.147445678710937 -0.107574462890625
-0.09454345703125 0.32452392578125 -0.0132598876953125 -0.150466918945312
-0.390350341796875 0.146392822265625 0.078216552734375 -0.0777435302734375
-0.4019775390625 -0.0916748046875001 0.0149269104003906 0.0564765930175781
-0.401611328125 -0.326934814453125 -0.0658454895019532 -0.0258522033691407
-0.287078857421875 -0.2088623046875 -0.29132080078125 -0.390411376953125
-0.29669189453125 -0.06756591796875 -0.288543701171875 -0.128326416015625
-0.268524169921875 0.11492919921875 -0.0783843994140625 0.0101089477539063
-0.101058959960937 0.195144653320313 -0.0319595336914063 -0.0697555541992188
0.0289764404296875 0.207473754882813 -0.102272033691406 -0.117813110351562
0.141342163085938 0.133087158203125 -0.214340209960938 -0.11578369140625
0.173324584960938 0.0604400634765625 -0.289520263671875 -0.00350952148437504
0.194503784179688 0.0720977783203125 -0.292144775390625 0.041961669921875
0.204238891601562 0.060882568359375 -0.285614013671875 0.02618408203125
0.130645751953125 0.119895935058594 -0.258377075195313 -0.0847015380859375
0.0499725341796875 0.18505859375 -0.160049438476563 -0.140975952148438
-0.0838470458984375 0.186798095703125 -0.02813720703125 -0.156539916992188
-0.250839233398438 0.0634765625 0.0523757934570312 -0.0650901794433594
-0.24542236328125 -0.075225830078125 -0.0638198852539063 0.0404129028320312
-0.271194458007813 -0.220077514648438 -0.15771484375 -0.125595092773438
-0.132064819335938 -0.04913330078125 -0.370758056640625 -0.4417724609375
-0.114143371582031 0.0126190185546875 -0.358062744140625 -0.143096923828125
-0.0692710876464844 0.0488739013671875 -0.108314514160156 0.00310516357421875
-0.0146141052246094 0.04742431640625 -0.0515861511230469 -0.0671272277832031
-0.00159454345703125 0.0536231994628906 -0.102630615234375 -0.131645202636719
0.0324211120605469 0.0576858520507813 -0.238677978515625 -0.130264282226563
0.043701171875 0.0469245910644531 -0.33624267578125 -0.00198364257812507
0.0565452575683594 0.0481147766113281 -0.334075927734375 0.0392761230468749
0.0683555603027344 0.0564765930175781 -0.33197021484375 0.015594482421875
0.0219497680664063 0.0678176879882813 -0.276046752929688 -0.10638427734375
-0.014404296875 0.0683784484863281 -0.144439697265625 -0.162857055664063
-0.0508460998535156 0.0389404296875 -0.028045654296875 -0.150711059570313
-0.083526611328125 -0.00651550292968751 0.0367393493652344 -0.050201416015625
-0.0701103210449219 -0.0340576171875 -0.109382629394531 0.0191421508789063
-0.112503051757813 -0.0766754150390625 -0.20855712890625 -0.19232177734375
-0.0599822998046875 -0.107803344726563 0.277938842773438 0.186676025390625
-0.0922698974609375 -0.0419921875 0.179611206054688 -0.00103759765625
-0.09454345703125 0.0539779663085937 -0.0296878814697266 0.0304279327392578
-0.0236282348632813 0.0957412719726563 -0.0046844482421875 0.132583618164063
0.0609512329101563 0.0654029846191406 0.091461181640625 0.182937622070313
0.0744247436523438 -0.00995635986328125 0.246063232421875 0.1324462890625
0.0774993896484375 -0.0407485961914063 0.330902099609375 -0.017547607421875
0.0832061767578125 -0.0201873779296875 0.32257080078125 -0.04473876953125
0.0732955932617188 -0.0330581665039063 0.32470703125 -0.013946533203125
0.0841217041015625 0.01702880859375 0.25262451171875 0.08917236328125
0.051055908203125 0.081695556640625 0.118087768554688 0.104385375976562
-0.0360488891601563 0.11285400390625 0.0947494506835938 0.042633056640625
-0.115432739257813 0.0164108276367188 0.160018920898438 -0.000366210937499999
-0.089141845703125 -0.0466079711914062 0.34161376953125 0.104461669921875
-0.0408172607421875 -0.0891952514648438 0.373870849609375 0.465545654296875
-0.213943481445313 -0.240402221679687 0.24609375 0.155502319335937
-0.24493408203125 -0.105331420898438 0.166259765625 0.00361633300781249
-0.257095336914063 0.1031494140625 -0.0172920227050781 0.0325508117675781
-0.0969085693359375 0.20819091796875 -0.00411224365234377 0.108413696289063
0.082061767578125 0.1953125 0.0571441650390625 0.16717529296875
0.170364379882813 0.06170654296875 0.19927978515625 0.1241455078125
0.198959350585938 -0.0234832763671875 0.2796630859375 -0.0083160400390625
0.218002319335938 0.006134033203125 0.264617919921875 -0.0300445556640625
0.2105712890625 -0.01702880859375 0.27105712890625 -0.0106964111328125
0.187164306640625 0.079864501953125 0.198623657226563 0.063079833984375
0.105361938476563 0.203079223632813 0.0823211669921875 0.0699996948242188
-0.07568359375 0.25714111328125 0.0998077392578125 -0.000732421874999984
-0.288909912109375 0.08746337890625 0.176589965820312 -0.0258636474609375
-0.275009155273438 -0.0876312255859375 0.344268798828125 0.09796142578125
-0.224746704101562 -0.230239868164063 0.361419677734375 0.421630859375
-0.342681884765625 -0.345703125 0.175552368164062 0.079345703125
-0.37890625 -0.157684326171875 0.115837097167969 -0.00458526611328126
-0.399932861328125 0.1458740234375 -0.00865173339843752 0.0382614135742188
-0.163970947265625 0.306640625 0.0024566650390625 0.0783843994140625
0.091644287109375 0.30987548828125 0.023345947265625 0.128517150878906
0.244232177734375 0.130203247070313 0.128570556640625 0.09375
0.2913818359375 0.00030517578125 0.186508178710938 -0.001220703125
0.320281982421875 0.032440185546875 0.166900634765625 -0.010009765625
0.316619873046875 -0.00341796875 0.177017211914063 -0.003326416015625
0.268234252929688 0.123367309570313 0.111785888671875 0.030242919921875
0.15777587890625 0.293060302734375 0.0294513702392578 0.02587890625
-0.089202880859375 0.3751220703125 0.0870437622070313 -0.050994873046875
-0.418701171875 0.1689453125 0.173660278320312 -0.054290771484375
-0.427642822265625 -0.097015380859375 0.305450439453125 0.0831298828125
-0.381011962890625 -0.329315185546875 0.298858642578125 0.334503173828125
-0.426971435546875 -0.40283203125 0.0702323913574218 -0.031494140625
-0.4752197265625 -0.181304931640625 0.0303516387939453 -0.0255050659179688
-0.4954833984375 0.187530517578125 -0.0106086730957032 0.0427398681640625
-0.20501708984375 0.37744140625 0.00711441040039061 0.0401191711425781
0.09521484375 0.38623046875 -0.0131950378417969 0.0694656372070313
0.28607177734375 0.18072509765625 0.0369644165039063 0.0436553955078125
0.340484619140625 0.02386474609375 0.0631141662597657 0.00309371948242188
0.374786376953125 0.05328369140625 0.0442161560058594 0.0120773315429688
0.374725341796875 0.009674072265625 0.05609130859375 0.0103683471679688
0.309478759765625 0.147430419921875 0.00269293785095217 0.000413894653320322
0.191314697265625 0.338165283203125 -0.0377540588378906 -0.0205726623535156
-0.084442138671875 0.43792724609375 0.0551910400390625 -0.09783935546875
-0.4813232421875 0.22552490234375 0.149368286132812 -0.0765533447265625
-0.51397705078125 -0.0874633789062501 0.226486206054687 0.0705413818359375
-0.476806640625 -0.377349853515625 0.191146850585937 0.219161987304687
-0.453460693359375 -0.394744873046875 -0.05828857421875 -0.16094970703125
-0.5018310546875 -0.16937255859375 -0.081268310546875 -0.05548095703125
-0.510101318359375 0.204498291015625 -0.0241889953613281 0.0388412475585938
-0.20623779296875 0.388153076171875 0.00317955017089843 -0.00527477264404294
0.08856201171875 0.396942138671875 -0.0526046752929687 -0.00220108032226559
0.284332275390625 0.1995849609375 -0.0649909973144531 -0.0150566101074219
0.33636474609375 0.04345703125 -0.072784423828125 0.00571441650390624
0.370635986328125 0.0660400390625 -0.0855026245117187 0.032928466796875
0.37371826171875 0.0233154296875 -0.0741424560546875 0.0259552001953125
0.2979736328125 0.1536865234375 -0.10931396484375 -0.0244979858398437
0.183319091796875 0.33148193359375 -0.103721618652344 -0.0624313354492187
-0.079254150390625 0.421966552734375 0.0136871337890625 -0.132453918457031
-0.468109130859375 0.227569580078125 0.111854553222656 -0.0845947265625
-0.506622314453125 -0.0787048339843749 0.122390747070312 0.0641098022460937
-0.4893798828125 -0.36883544921875 0.0608367919921875 0.0944671630859375
-0.408203125 -0.32354736328125 -0.191070556640625 -0.28436279296875
-0.440765380859375 -0.1212158203125 -0.19659423828125 -0.0874633789062501
-0.425994873046875 0.1861572265625 -0.0473594665527344 0.0270271301269531
-0.165557861328125 0.325408935546875 -0.0112991333007813 -0.0460128784179687
0.07080078125 0.331939697265625 -0.08697509765625 -0.069580078125
0.235687255859375 0.179290771484375 -0.157989501953125 -0.069732666015625
0.279006958007813 0.05413818359375 -0.198654174804687 0.00906372070312496
0.309600830078125 0.0684814453125 -0.202041625976562 0.0484466552734375
0.31475830078125 0.0374755859375 -0.192947387695312 0.0378875732421875
0.234695434570313 0.141693115234375 -0.203842163085937 -0.0472259521484375
0.132904052734375 0.27496337890625 -0.150527954101563 -0.10107421875
-0.0792236328125 0.329681396484375 -0.0195770263671875 -0.151901245117187
-0.3837890625 0.16668701171875 0.0753631591796875 -0.0792388916015625
-0.40673828125 -0.0748901367187501 0.0202789306640625 0.0570831298828125
-0.41656494140625 -0.310302734375 -0.0648727416992188 -0.022918701171875
-0.29656982421875 -0.19775390625 -0.305084228515625 -0.377685546875
-0.300872802734375 -0.05499267578125 -0.294342041015625 -0.11376953125
-0.264633178710937 0.12945556640625 -0.0766754150390625 0.0142364501953125
-0.093719482421875 0.200027465820312 -0.0321388244628906 -0.0687484741210937
0.0398101806640625 0.207046508789062 -0.106651306152344 -0.114479064941406
0.147293090820312 0.127182006835937 -0.222946166992188 -0.107177734375
0.176300048828125 0.0543670654296875 -0.291473388671875 0.01214599609375
0.200164794921875 0.061981201171875 -0.288787841796875 0.057891845703125
0.207962036132813 0.0500335693359375 -0.282745361328125 0.04034423828125
0.136604309082031 0.114395141601563 -0.262451171875 -0.0712432861328125
0.0586090087890625 0.182723999023437 -0.165695190429688 -0.133804321289063
-0.074615478515625 0.190902709960938 -0.0341949462890625 -0.155624389648438
-0.248077392578125 0.076263427734375 0.0502967834472656 -0.0655899047851563
-0.249649047851563 -0.0649566650390625 -0.0591888427734375 0.0448036193847656
-0.2816162109375 -0.207855224609375 -0.16094970703125 -0.120437622070312
-0.1353759765625 -0.0457229614257813 -0.385009765625 -0.4249267578125
-0.115264892578125 0.0165634155273437 -0.36456298828125 -0.1248779296875
-0.0681991577148438 0.0536346435546875 -0.107658386230469 0.00901031494140623
-0.0133857727050781 0.0484237670898438 -0.0527572631835937 -0.0639076232910156
0.0020294189453125 0.0542564392089844 -0.107475280761719 -0.129203796386719
0.0365676879882812 0.056854248046875 -0.2479248046875 -0.120376586914062
0.0464363098144531 0.0458946228027344 -0.3377685546875 0.01611328125
0.0601272583007813 0.045166015625 -0.331390380859375 0.058013916015625
0.0721435546875 0.0519866943359375 -0.33013916015625 0.0322265625
0.025390625 0.0675125122070312 -0.280807495117188 -0.092193603515625
-0.0112342834472656 0.0692901611328125 -0.151535034179687 -0.157073974609375
-0.0490989685058594 0.0422782897949219 -0.0338897705078125 -0.149215698242188
-0.0843276977539062 -0.00135040283203126 0.0359725952148437 -0.0499191284179688
-0.0733184814453125 -0.0314559936523437 -0.105369567871094 0.024139404296875
-0.116859436035156 -0.0727615356445313 -0.214767456054687 -0.185775756835937
-0.0612640380859375 -0.105171203613281 0.28326416015625 0.18218994140625
-0.0920867919921875 -0.0404586791992188 0.179885864257813 -0.0083770751953125
-0.092864990234375 0.0555801391601562 -0.0287551879882813 0.0293121337890625
-0.0215988159179688 0.096282958984375 -0.00222015380859376 0.132743835449219
0.0620841979980469 0.0630569458007813 0.0965728759765625 0.183486938476562
0.072601318359375 -0.011993408203125 0.254150390625 0.127304077148438
0.0760879516601563 -0.0434112548828125 0.33367919921875 -0.029388427734375
0.0835800170898438 -0.0227737426757813 0.32366943359375 -0.057769775390625
0.0726699829101563 -0.033966064453125 0.32745361328125 -0.026336669921875
0.083953857421875 0.01422119140625 0.2587890625 0.08209228515625
0.0538101196289063 0.0804672241210938 0.122589111328125 0.104713439941406
-0.0322723388671875 0.114891052246094 0.0958938598632812 0.0401153564453125
-0.115867614746094 0.0198135375976562 0.158294677734375 -0.004974365234375
-0.0889053344726563 -0.04400634765625 0.3436279296875 0.096527099609375
-0.0431060791015625 -0.0872116088867188 0.382965087890625 0.460357666015625
-0.22021484375 -0.23504638671875 0.250152587890625 0.150665283203125
-0.247482299804687 -0.099334716796875 0.16595458984375 -0.00318908691406251
-0.254745483398438 0.110153198242188 -0.0149593353271484 0.0314121246337891
-0.092620849609375 0.211868286132812 -0.00131988525390625 0.107826232910156
0.08740234375 0.193359375 0.06280517578125 0.168426513671875
0.170730590820312 0.05718994140625 0.2059326171875 0.120574951171875
0.1990966796875 -0.0289459228515625 0.281585693359375 -0.01727294921875
0.2213134765625 -0.00030517578125 0.266159057617187 -0.04022216796875
0.211746215820312 -0.02349853515625 0.274322509765625 -0.0218353271484375
0.189117431640625 0.0745697021484375 0.203659057617187 0.0570068359375
0.112045288085938 0.20172119140625 0.08648681640625 0.0714569091796875
-0.0684051513671875 0.261505126953125 0.099609375 -0.00504302978515624
-0.288665771484375 0.0968017578124999 0.17474365234375 -0.0301971435546875
-0.278076171875 -0.081451416015625 0.346435546875 0.090240478515625
-0.23150634765625 -0.224838256835938 0.3709716796875 0.418060302734375
-0.3519287109375 -0.3388671875 0.177902221679687 0.075927734375
-0.384002685546875 -0.14910888671875 0.115020751953125 -0.00981903076171876
-0.396575927734375 0.159149169921875 -0.00569534301757815 0.0368080139160156
-0.157623291015625 0.312164306640625 0.00488281249999999 0.0772857666015625
0.100341796875 0.3076171875 0.0279312133789063 0.131019592285156
0.247238159179688 0.124359130859375 0.133041381835938 0.0918045043945313
0.29248046875 -0.007415771484375 0.187332153320313 -0.0073699951171875
0.325958251953125 0.02215576171875 0.168670654296875 -0.0171661376953125
0.3189697265625 -0.01263427734375 0.18023681640625 -0.01165771484375
0.271530151367188 0.117385864257813 0.114990234375 0.027679443359375
0.16680908203125 0.29156494140625 0.0320949554443359 0.027395248413086
-0.078277587890625 0.38092041015625 0.0855865478515625 -0.0558090209960937
-0.416778564453125 0.181884765625 0.17242431640625 -0.0583648681640625
-0.432708740234375 -0.087738037109375 0.308563232421875 0.0780029296875
-0.39190673828125 -0.32171630859375 0.30584716796875 0.331878662109375
-0.440185546875 -0.394805908203125 0.0696258544921875 -0.0330009460449219
-0.48284912109375 -0.1705322265625 0.0281925201416015 -0.0272464752197266
-0.491729736328125 0.20404052734375 -0.0071220397949219 0.0418205261230469
-0.1976318359375 0.3837890625 0.00997161865234374 0.0387039184570313
0.10711669921875 0.3846435546875 -0.01031494140625 0.0720672607421875
0.2908935546875 0.174835205078125 0.0388374328613281 0.0439796447753906
0.343536376953125 0.01513671875 0.0627784729003907 0.00118637084960938
0.382232666015625 0.04010009765625 0.0456657409667969 0.00948333740234375
0.37799072265625 -0.00323486328125 0.0588226318359375 0.00537109375
0.31317138671875 0.14007568359375 0.00437974929809572 0.000768661499023446
0.20172119140625 0.335662841796875 -0.0362434387207031 -0.0178642272949219
-0.07269287109375 0.444366455078125 0.0522384643554687 -0.102981567382812
-0.478851318359375 0.242919921875 0.1478271484375 -0.0798492431640625
-0.519744873046875 -0.0765380859374999 0.230087280273438 0.06719970703125
-0.490020751953125 -0.366119384765625 0.197525024414063 0.217544555664063
-0.466552734375 -0.388397216796875 -0.062164306640625 -0.160186767578125
-0.50970458984375 -0.157745361328125 -0.084381103515625 -0.053955078125
-0.50604248046875 0.22308349609375 -0.0213508605957032 0.0388565063476563
-0.1981201171875 0.396484375 0.00551509857177733 -0.00658273696899412
0.102203369140625 0.396881103515625 -0.052276611328125 -0.000125885009765603
0.290802001953125 0.19305419921875 -0.0666007995605469 -0.0130157470703125
0.339874267578125 0.035888671875 -0.0745620727539062 0.00885772705078124
0.3782958984375 0.0531005859375 -0.0841064453125 0.03515625
0.3770751953125 0.0108642578125 -0.0718231201171875 0.0259552001953125
0.30291748046875 0.146240234375 -0.110336303710937 -0.0207366943359375
0.1942138671875 0.32818603515625 -0.104560852050781 -0.0593719482421875
-0.067901611328125 0.428375244140625 0.0104522705078125 -0.1368408203125
-0.464263916015625 0.243896484375 0.110916137695312 -0.0866470336914062
-0.512237548828125 -0.0680847167968751 0.126686096191406 0.0629730224609375
-0.502197265625 -0.358367919921875 0.0638580322265625 0.0936965942382812
-0.419677734375 -0.317352294921875 -0.19757080078125 -0.280792236328125
-0.44775390625 -0.1112060546875 -0.201202392578125 -0.0823211669921875
-0.42401123046875 0.202178955078125 -0.0451774597167969 0.0287284851074219
-0.15875244140625 0.3314208984375 -0.0102577209472656 -0.0468559265136719
0.081817626953125 0.332611083984375 -0.0887832641601563 -0.06787109375
0.242401123046875 0.17449951171875 -0.163070678710937 -0.0653076171875
0.282470703125 0.0478515625 -0.20050048828125 0.0162811279296875
0.316558837890625 0.05841064453125 -0.200851440429687 0.0559844970703125
0.317779541015625 0.0264892578125 -0.190826416015625 0.042724609375
0.239822387695312 0.136627197265625 -0.206146240234375 -0.0401763916015625
0.141342163085938 0.273422241210938 -0.152923583984375 -0.0968475341796875
-0.070465087890625 0.335418701171875 -0.0236663818359375 -0.15423583984375
-0.381622314453125 0.180450439453125 0.0748214721679687 -0.0797882080078125
-0.412261962890625 -0.06573486328125 0.0242424011230468 0.0585594177246094
-0.427520751953125 -0.3023681640625 -0.0645561218261719 -0.022918701171875
-0.305389404296875 -0.194671630859375 -0.315093994140625 -0.37158203125
-0.305511474609375 -0.048095703125 -0.299835205078125 -0.1053466796875
-0.263320922851563 0.1402587890625 -0.075653076171875 0.01654052734375
-0.090484619140625 0.20416259765625 -0.0316810607910156 -0.0681228637695312
0.0466766357421875 0.207870483398438 -0.109703063964844 -0.113983154296875
0.15325927734375 0.124923706054688 -0.230072021484375 -0.101425170898438
0.179977416992188 0.05078125 -0.29443359375 0.0233154296875
0.204605102539063 0.0557098388671875 -0.287689208984375 0.068634033203125
0.211196899414063 0.0420074462890625 -0.281219482421875 0.049072265625
0.140151977539063 0.111457824707031 -0.266006469726562 -0.062408447265625
0.0639495849609375 0.182632446289062 -0.169509887695313 -0.130844116210937
-0.0702667236328125 0.194976806640625 -0.0388641357421875 -0.156982421875
-0.2471923828125 0.0860137939453125 0.0502662658691406 -0.0655288696289063
-0.254287719726563 -0.059722900390625 -0.0552711486816406 0.0475044250488281
-0.289947509765625 -0.202392578125 -0.162460327148438 -0.119659423828125
-0.138938903808594 -0.044525146484375 -0.396636962890625 -0.41815185546875
-0.115676879882813 0.019500732421875 -0.369537353515625 -0.11376953125
-0.0684738159179688 0.0573539733886719 -0.108001708984375 0.01251220703125
-0.0125694274902344 0.0499496459960938 -0.0525474548339844 -0.0631027221679688
0.00425720214843749 0.0552711486816406 -0.111686706542969 -0.129112243652344
0.0395164489746094 0.0565223693847656 -0.255844116210938 -0.11492919921875
0.0490074157714844 0.0460319519042969 -0.341094970703125 0.0289306640625
0.0625839233398438 0.0434341430664063 -0.331451416015625 0.07086181640625
0.074676513671875 0.0489730834960937 -0.330078125 0.0442810058593749
0.0281333923339844 0.0673370361328125 -0.2852783203125 -0.083526611328125
-0.00932312011718751 0.070404052734375 -0.156387329101563 -0.154953002929688
-0.0485382080078125 0.0438079833984375 -0.0381622314453125 -0.148330688476563
-0.0848770141601563 0.00292205810546877 0.0361709594726562 -0.05035400390625
-0.0758209228515625 -0.0305404663085938 -0.102813720703125 0.0276107788085938
-0.120559692382813 -0.071075439453125 -0.218170166015625 -0.184478759765625
-0.0635147094726563 -0.104423522949219 0.292510986328125 0.182861328125
-0.093719482421875 -0.0399246215820313 0.182785034179687 -0.0139923095703125
-0.0935134887695313 0.05743408203125 -0.0289440155029297 0.0287208557128906
-0.0200271606445312 0.0985336303710938 -0.000480651855468744 0.13568115234375
0.0635795593261719 0.0622711181640625 0.103790283203125 0.187423706054687
0.0717620849609375 -0.0135421752929688 0.265899658203125 0.126113891601563
0.0759048461914063 -0.0455169677734375 0.341796875 -0.039825439453125
0.0854415893554688 -0.0254669189453125 0.33038330078125 -0.070068359375
0.0735855102539063 -0.0353851318359375 0.33587646484375 -0.03662109375
0.0859298706054687 0.0129470825195312 0.2684326171875 0.07781982421875
0.0570831298828125 0.0810775756835938 0.129165649414063 0.1068115234375
-0.0294418334960937 0.118385314941406 0.0982284545898437 0.0384292602539063
-0.117996215820312 0.0235137939453125 0.159027099609375 -0.0084381103515625
-0.0902099609375 -0.0428390502929688 0.350921630859375 0.0938720703125
-0.04583740234375 -0.0872421264648438 0.397125244140625 0.469024658203125
-0.229278564453125 -0.235855102539062 0.258071899414063 0.15081787109375
-0.254440307617188 -0.09759521484375 0.168304443359375 -0.0085906982421875
-0.256866455078125 0.118484497070312 -0.0135936737060547 0.0302104949951172
-0.0908966064453125 0.217788696289063 0.000419616699218732 0.109237670898438
0.0933685302734375 0.194564819335938 0.0685272216796875 0.173446655273438
0.17333984375 0.0558624267578125 0.216049194335938 0.120574951171875
0.201904296875 -0.0335235595703125 0.28839111328125 -0.02581787109375
0.228363037109375 -0.00701904296875 0.272109985351563 -0.0508270263671875
0.216644287109375 -0.0276947021484375 0.28118896484375 -0.031463623046875
0.194290161132813 0.0733642578125 0.211776733398438 0.0538482666015625
0.119415283203125 0.204376220703125 0.0919036865234375 0.0733795166015625
-0.0637969970703125 0.270751953125 0.101264953613281 -0.00862884521484373
-0.2943115234375 0.106201171875 0.176010131835937 -0.033966064453125
-0.2855224609375 -0.07861328125 0.354766845703125 0.087005615234375
-0.241729736328125 -0.225357055664062 0.384429931640625 0.424713134765625
-0.367828369140625 -0.3399658203125 0.18212890625 0.07550048828125
-0.394744873046875 -0.144500732421875 0.115608215332031 -0.0132675170898438
-0.401458740234375 0.172515869140625 -0.00331497192382815 0.0359077453613281
-0.15557861328125 0.322601318359375 0.00760650634765623 0.0768890380859375
0.1094970703125 0.312469482421875 0.0326080322265625 0.135688781738281
0.253219604492188 0.122772216796875 0.140472412109375 0.0925064086914063
0.29827880859375 -0.01385498046875 0.19171142578125 -0.0124053955078125
0.337066650390625 0.01214599609375 0.173355102539063 -0.023345947265625
0.3271484375 -0.02020263671875 0.185150146484375 -0.0196990966796875
0.279281616210938 0.115325927734375 0.120254516601563 0.0262680053710938
0.17816162109375 0.295562744140625 0.0359458923339844 0.0294151306152344
-0.072479248046875 0.39398193359375 0.0856170654296875 -0.0612716674804687
-0.423431396484375 0.1973876953125 0.17352294921875 -0.0616912841796875
-0.44525146484375 -0.0829772949218751 0.31695556640625 0.07568359375
-0.4083251953125 -0.32208251953125 0.3193359375 0.33624267578125
-0.460296630859375 -0.39617919921875 0.0700454711914062 -0.0342445373535156
-0.49700927734375 -0.164093017578125 0.0264701843261718 -0.0292129516601563
-0.497161865234375 0.22064208984375 -0.00466537475585941 0.0413818359375
-0.195709228515625 0.3966064453125 0.0121345520019531 0.0374870300292969
0.11871337890625 0.39117431640625 -0.00785827636718749 0.07568359375
0.299591064453125 0.173309326171875 0.0414199829101563 0.0455322265625
0.35186767578125 0.00927734375 0.0638961791992188 0.000225067138671876
0.395599365234375 0.029876708984375 0.0478134155273438 0.00709152221679688
0.3873291015625 -0.011932373046875 0.0614051818847656 0.00111007690429687
0.3226318359375 0.137603759765625 0.00573062896728518 0.00127935409545899
0.215087890625 0.340789794921875 -0.0350189208984375 -0.0157032012939453
-0.064422607421875 0.459136962890625 0.0495758056640625 -0.108901977539062
-0.484771728515625 0.260040283203125 0.149505615234375 -0.0822906494140625
-0.533355712890625 -0.06842041015625 0.23828125 0.06573486328125
-0.509918212890625 -0.367584228515625 0.2060546875 0.220245361328125
-0.486907958984375 -0.3900146484375 -0.0672760009765625 -0.161834716796875
-0.525634765625 -0.15093994140625 -0.08892822265625 -0.0530548095703125
-0.512451171875 0.2427978515625 -0.0186195373535157 0.03936767578125
-0.196380615234375 0.410919189453125 0.00745582580566405 -0.00857639312744138
0.114715576171875 0.405029296875 -0.0525741577148437 0.00239181518554691
0.300872802734375 0.193115234375 -0.0690422058105469 -0.0107040405273437
0.34906005859375 0.030242919921875 -0.0761260986328125 0.012298583984375
0.39208984375 0.043304443359375 -0.083984375 0.0377883911132812
0.386962890625 0.001617431640625 -0.0719223022460937 0.0254135131835937
0.311920166015625 0.143768310546875 -0.112464904785156 -0.0177841186523437
0.206756591796875 0.33349609375 -0.106521606445313 -0.05712890625
-0.060699462890625 0.441741943359375 0.00634765624999998 -0.142044067382812
-0.471405029296875 0.2608642578125 0.112358093261719 -0.0890655517578125
-0.527557373046875 -0.05987548828125 0.133140563964844 0.0637359619140625
-0.5216064453125 -0.359771728515625 0.0676727294921875 0.0943374633789062
-0.439544677734375 -0.317718505859375 -0.20672607421875 -0.28350830078125
-0.460601806640625 -0.10504150390625 -0.208175659179688 -0.0795440673828125
-0.429107666015625 0.21942138671875 -0.0437202453613282 0.0295295715332031
-0.157501220703125 0.3438720703125 -0.00937271118164064 -0.0491752624511719
0.092742919921875 0.33935546875 -0.0917129516601563 -0.0674285888671875
0.252410888671875 0.175125122070313 -0.17059326171875 -0.0625762939453125
0.29168701171875 0.04351806640625 -0.206039428710938 0.0242156982421875
0.32781982421875 0.0498046875 -0.203933715820312 0.063018798828125
0.326416015625 0.018768310546875 -0.194000244140625 0.046417236328125
0.246978759765625 0.13555908203125 -0.211410522460938 -0.0355224609375
0.151397705078125 0.277923583984375 -0.157135009765625 -0.0958099365234375
-0.06591796875 0.345794677734375 -0.0289306640625 -0.158859252929687
-0.386627197265625 0.194000244140625 0.0760650634765625 -0.0817489624023437
-0.42584228515625 -0.0592346191406249 0.0290870666503906 0.0603981018066406
-0.44573974609375 -0.302490234375 -0.065338134765625 -0.0240325927734375
-0.318939208984375 -0.19549560546875 -0.327728271484375 -0.375823974609375
-0.31414794921875 -0.0435791015625001 -0.30889892578125 -0.0998229980468751
-0.267364501953125 0.151397705078125 -0.0758590698242188 0.0183334350585938
-0.0899810791015625 0.212066650390625 -0.0317840576171875 -0.0705490112304687
0.0541534423828125 0.21295166015625 -0.115020751953125 -0.115242004394531
0.160140991210937 0.125473022460937 -0.24102783203125 -0.0982208251953125
0.186752319335938 0.0489654541015625 -0.3017578125 0.0332641601562499
0.213104248046875 0.05084228515625 -0.292999267578125 0.078948974609375
0.217544555664063 0.037384033203125 -0.286895751953125 0.057098388671875
0.145919799804687 0.112106323242187 -0.273544311523438 -0.057037353515625
0.069915771484375 0.185760498046875 -0.175888061523438 -0.130584716796875
-0.06829833984375 0.201828002929688 -0.0440826416015625 -0.160476684570313
-0.251296997070313 0.0947723388671875 0.0519485473632812 -0.0667533874511719
-0.263031005859375 -0.055999755859375 -0.052154541015625 0.0503158569335938
-0.301116943359375 -0.203155517578125 -0.167205810546875 -0.122238159179688
-0.14508056640625 -0.0449371337890625 -0.409423828125 -0.422119140625
-0.1185302734375 0.0211563110351563 -0.380157470703125 -0.10882568359375
-0.0692977905273438 0.0614433288574219 -0.109977722167969 0.0153350830078125
-0.0132942199707031 0.0516242980957031 -0.0540580749511719 -0.0640907287597656
0.00660324096679688 0.0573616027832031 -0.118095397949219 -0.132209777832031
0.0434799194335938 0.0581130981445313 -0.26837158203125 -0.111709594726562
0.0527610778808594 0.0471687316894531 -0.349945068359375 0.04083251953125
0.066131591796875 0.0425643920898438 -0.337310791015625 0.082763671875
0.07818603515625 0.047515869140625 -0.337249755859375 0.05487060546875
0.0313148498535156 0.0694160461425781 -0.29510498046875 -0.0780029296875
-0.00807952880859375 0.0721588134765625 -0.164276123046875 -0.156280517578125
-0.0492782592773438 0.0468406677246094 -0.0424041748046875 -0.150985717773438
-0.0869140625 0.0055999755859375 0.0379867553710937 -0.0514030456542969
-0.0798568725585938 -0.02923583984375 -0.101570129394531 0.0307693481445312
-0.125602722167969 -0.0716323852539063 -0.22491455078125 -0.188186645507813
-0.0673370361328125 -0.105682373046875 0.30938720703125 0.1824951171875
-0.0970916748046875 -0.0388412475585938 0.187820434570313 -0.0218963623046875
-0.0951690673828125 0.061859130859375 -0.0290489196777344 0.0293426513671875
-0.0175094604492187 0.102729797363281 0.00308990478515625 0.140213012695313
0.0672760009765625 0.0617141723632813 0.115585327148438 0.193572998046875
0.0718841552734375 -0.0159454345703125 0.283416748046875 0.121978759765625
0.0767669677734375 -0.049163818359375 0.35430908203125 -0.056121826171875
0.0887527465820313 -0.03033447265625 0.340667724609375 -0.087493896484375
0.0755233764648438 -0.0386199951171875 0.34869384765625 -0.052734375
0.0884170532226563 0.0102996826171875 0.284423828125 0.070770263671875
0.0623931884765625 0.0821533203125 0.139816284179688 0.109100341796875
-0.0254669189453125 0.124900817871094 0.102447509765625 0.0358505249023438
-0.121734619140625 0.0288848876953125 0.16229248046875 -0.0137481689453125
-0.0936203002929688 -0.0420608520507813 0.365447998046875 0.086273193359375
-0.0506057739257812 -0.0877609252929688 0.425689697265625 0.480072021484375
-0.244781494140625 -0.236831665039063 0.271331787109375 0.150772094726563
-0.2662353515625 -0.0926513671875 0.171493530273437 -0.015167236328125
-0.261734008789063 0.131851196289062 -0.0124378204345703 0.0304412841796875
-0.0876922607421875 0.228851318359375 0.00356292724609374 0.112648010253906
0.102828979492188 0.19830322265625 0.0795135498046875 0.18011474609375
0.179351806640625 0.0527801513671875 0.23162841796875 0.118255615234375
0.208419799804688 -0.0411529541015625 0.29901123046875 -0.0389404296875
0.238723754882813 -0.0170745849609375 0.2813720703125 -0.0657958984375
0.224639892578125 -0.0361480712890625 0.292938232421875 -0.046783447265625
0.203170776367188 0.0697174072265625 0.224716186523438 0.048309326171875
0.132339477539063 0.209152221679688 0.100662231445313 0.0754776000976563
-0.056304931640625 0.285400390625 0.103660583496094 -0.0137252807617187
-0.302215576171875 0.1217041015625 0.179061889648438 -0.0399322509765625
-0.298431396484375 -0.073760986328125 0.370330810546875 0.080718994140625
-0.259109497070313 -0.227081298828125 0.411407470703125 0.433624267578125
-0.392120361328125 -0.340362548828125 0.190811157226563 0.07440185546875
-0.413787841796875 -0.136383056640625 0.117042541503906 -0.0180892944335938
-0.4091796875 0.1942138671875 -0.00125122070312503 0.0360679626464844
-0.152313232421875 0.340179443359375 0.0101699829101562 0.0783843994140625
0.124481201171875 0.319488525390625 0.040435791015625 0.142044067382813
0.264663696289063 0.120697021484375 0.150619506835938 0.091827392578125
0.309600830078125 -0.023468017578125 0.199172973632813 -0.02056884765625
0.35369873046875 -0.001617431640625 0.179840087890625 -0.033294677734375
0.339569091796875 -0.03326416015625 0.192855834960938 -0.0306549072265625
0.29364013671875 0.111480712890625 0.127922058105469 0.0223846435546875
0.196929931640625 0.302032470703125 0.0410079956054688 0.0312156677246094
-0.061248779296875 0.413848876953125 0.0849609375 -0.0684585571289062
-0.433441162109375 0.220672607421875 0.177078247070312 -0.068145751953125
-0.46600341796875 -0.07330322265625 0.3323974609375 0.069610595703125
-0.4354248046875 -0.321990966796875 0.340545654296875 0.342376708984375
-0.49151611328125 -0.396759033203125 0.0710830688476562 -0.0362930297851563
-0.520660400390625 -0.15338134765625 0.0247039794921875 -0.0312423706054688
-0.507598876953125 0.24945068359375 -0.0019493103027344 0.0413856506347656
-0.19158935546875 0.418731689453125 0.0143623352050781 0.0367164611816406
0.137969970703125 0.401519775390625 -0.00335693359374999 0.080963134765625
0.31494140625 0.172271728515625 0.045166015625 0.0467300415039063
0.365478515625 -0.00201416015625 0.0666694641113282 -0.0016937255859375
0.4146728515625 0.01409912109375 0.0507240295410157 0.0047149658203125
0.403289794921875 -0.028076171875 0.0644798278808594 -0.00476837158203125
0.338897705078125 0.13275146484375 0.00734853744506838 0.00130653381347657
0.23651123046875 0.34698486328125 -0.0344009399414062 -0.0138835906982422
-0.051361083984375 0.482513427734375 0.0460281372070313 -0.116905212402344
-0.495880126953125 0.290283203125 0.152099609375 -0.089141845703125
-0.55804443359375 -0.0550231933593751 0.251296997070312 0.0621337890625
-0.54302978515625 -0.3660888671875 0.220504760742187 0.223098754882812
-0.520904541015625 -0.390045166015625 -0.074554443359375 -0.165191650390625
-0.550445556640625 -0.138885498046875 -0.0958251953125 -0.0516433715820313
-0.524658203125 0.273223876953125 -0.0168266296386719 0.0402107238769531
-0.192535400390625 0.433349609375 0.00838565826416014 -0.0106306076049804
0.134368896484375 0.416961669921875 -0.053070068359375 0.00566482543945314
0.318084716796875 0.191436767578125 -0.072479248046875 -0.00736236572265622
0.366180419921875 0.0205078125 -0.079315185546875 0.017669677734375
0.41192626953125 0.028076171875 -0.085601806640625 0.0422515869140625
0.403228759765625 -0.013275146484375 -0.0734939575195312 0.026336669921875
0.32843017578125 0.140899658203125 -0.116462707519531 -0.0139083862304687
0.227081298828125 0.339447021484375 -0.110313415527344 -0.0556488037109375
-0.047149658203125 0.46343994140625 -0.00025939941406249 -0.14996337890625
-0.48052978515625 0.290771484375 0.114189147949219 -0.0941085815429688
-0.54998779296875 -0.0450134277343749 0.14276123046875 0.0626983642578125
-0.55706787109375 -0.357421875 0.0739288330078125 0.0951995849609375
-0.468536376953125 -0.31707763671875 -0.222991943359375 -0.28729248046875
-0.483642578125 -0.094573974609375 -0.220169067382813 -0.0742034912109375
-0.43731689453125 0.245361328125 -0.0434074401855469 0.03155517578125
-0.15350341796875 0.363372802734375 -0.0101585388183594 -0.0522346496582031
0.109588623046875 0.350555419921875 -0.0969161987304688 -0.06573486328125
0.268096923828125 0.1751708984375 -0.181015014648437 -0.0577392578125
0.306121826171875 0.0362548828125 -0.212753295898438 0.03466796875
0.34576416015625 0.038543701171875 -0.208755493164062 0.0738983154296875
0.340240478515625 0.00640869140625 -0.200027465820313 0.05450439453125
0.261215209960938 0.134017944335937 -0.220413208007813 -0.0287322998046875
0.16796875 0.28369140625 -0.165573120117188 -0.0937194824218749
-0.056915283203125 0.363555908203125 -0.037445068359375 -0.165115356445312
-0.395782470703125 0.2177734375 0.0785675048828125 -0.0860519409179687
-0.445770263671875 -0.0479736328124999 0.0353965759277343 0.0623092651367188
-0.474273681640625 -0.301849365234375 -0.0672836303710938 -0.0253105163574219
-0.340545654296875 -0.19482421875 -0.35076904296875 -0.3798828125
-0.32794189453125 -0.035247802734375 -0.3245849609375 -0.093292236328125
-0.271499633789063 0.167984008789063 -0.0775527954101563 0.021575927734375
-0.0882110595703125 0.224151611328125 -0.0343704223632813 -0.0732650756835937
0.0646820068359375 0.21966552734375 -0.123786926269531 -0.116188049316406
0.172271728515625 0.1260986328125 -0.256561279296875 -0.0924224853515625
0.198654174804688 0.0455780029296875 -0.31298828125 0.0489501953125
0.225204467773438 0.044219970703125 -0.300079345703125 0.0947875976562501
0.228225708007813 0.029998779296875 -0.2957763671875 0.0695800781250001
0.155410766601562 0.112823486328125 -0.28692626953125 -0.0487976074218749
0.0795440673828125 0.190658569335938 -0.187042236328125 -0.129913330078125
-0.064697265625 0.213638305664063 -0.05181884765625 -0.165084838867188
-0.258529663085938 0.108901977539063 0.0538101196289062 -0.0699234008789063
-0.27691650390625 -0.0492553710937499 -0.0486793518066406 0.0536689758300781
-0.321868896484375 -0.202972412109375 -0.1767578125 -0.12554931640625
-0.154891967773438 -0.0434722900390625 -0.4364013671875 -0.426116943359375
-0.122825622558594 0.0248794555664063 -0.396942138671875 -0.0985717773437499
-0.0701637268066406 0.0664482116699219 -0.113311767578125 0.0197067260742188
-0.0130882263183594 0.0550804138183594 -0.0571479797363281 -0.0657539367675781
0.00931930541992187 0.0600013732910156 -0.127578735351563 -0.134757995605469
0.0488662719726563 0.0589752197265625 -0.2864990234375 -0.106781005859375
0.0586166381835938 0.0477828979492188 -0.362640380859375 0.05767822265625
0.0713348388671875 0.0427780151367188 -0.346405029296875 0.101226806640625
0.0831069946289063 0.04559326171875 -0.348236083984375 0.0704345703125
0.0355148315429688 0.0717544555664063 -0.3092041015625 -0.069976806640625
-0.005462646484375 0.0757369995117187 -0.177047729492188 -0.157882690429688
-0.0500946044921875 0.0511207580566406 -0.0496978759765625 -0.154006958007813
-0.0903549194335938 0.0103683471679687 0.0400428771972656 -0.0539894104003906
-0.0859146118164063 -0.027557373046875 -0.100837707519531 0.0343704223632813
-0.134407043457031 -0.0714340209960938 -0.239425659179688 -0.193252563476562
-0.089138160046725 0.0957653163272385 0.0409081492061955 0.379993158942704
0.0141210370026734 0.113284947245056 0.137959761360993 0.155575609181288
0.11249735302877 0.0385922681575409 -0.0475952255732682 -0.0412479900695382
0.0995546043895163 -0.0724836959318891 -0.15255810274217 0.0593133866275602
-0.021022329853753 -0.11287802186528 -0.125266844528835 0.233784980798588
-0.0857819230721351 -0.0611799919088854 0.0218962690544581 0.3308514163318
-0.108081286178713 -0.0379914024558466 0.184897616766997 0.335421063140662
-0.104843695558033 -0.0352015779028009 0.261169418594698 0.298120808999026
-0.105096473796265 -0.0464334851773962 0.203882693546225 0.3176683790808
-0.0686832072892974 -0.0757420577278041 0.0714124765875112 0.28979336482548
0.0101183151502029 -0.111583077125441 -0.0460243886396701 0.189270050150055
0.118157203372538 -0.061932151385843 0.00949311512326434 0.0953943919764094
0.0994134810382875 0.0578893675897666 0.109475888117187 0.113737694419073
0.00504588386799914 0.0908048315913807 0.122803062101267 0.365625443939989
-0.0664540964253329 0.0639496679569978 -0.106341422097919 0.638133014560929
-0.0942111181497199 0.317605706543103 0.0800402117809749 0.315607671976961
0.0840928564032345 0.287160818183234 0.153477847720165 0.123005142813828
0.273267813463972 0.135878392335314 -0.0369199991450656 -0.0717791331477716
0.262283537632312 -0.102308455268147 -0.151996100077558 0.0104714877931511
0.0563338877594535 -0.242904170309921 -0.157102189725761 0.193583304769934
-0.0971593970697616 -0.188865078567726 -0.01737735374061 0.292668626891701
-0.170444389110517 -0.162601277068938 0.129684739063961 0.301021549459602
-0.193120710782267 -0.156601999998712 0.200903686030195 0.264623425825295
-0.190126021408088 -0.178205826233413 0.160741457146556 0.27903880374154
-0.0944308778630374 -0.207791301288501 0.0417540932195874 0.2308342705522
0.056815379169723 -0.251775938760534 -0.054842382420143 0.129433770988762
0.278824917567894 -0.136151048203666 0.0431551900719354 0.0456584645783362
0.295894253963904 0.1118715184555 0.146208458654145 0.0934377471058554
0.107542773059304 0.268247552495954 0.154193167414571 0.360917824950232
-0.067369735796655 0.303118633709709 -0.0554085530698867 0.611361780597472
-0.0887858841584797 0.505085123862139 0.125171226475888 0.188982530833414
0.151415806594657 0.437453407591911 0.153841541679664 0.0512131593398779
0.416127174823081 0.221275787858157 -0.0340464401598881 -0.099121484125841
0.407364631704387 -0.124827348866379 -0.138427110949669 -0.0326541730882796
0.133178038387369 -0.349077645858262 -0.163516286613104 0.1350023854981
-0.0930267098735617 -0.295834122879966 -0.0470047445171164 0.214672551666809
-0.204586242152635 -0.266176025914655 0.0568249989144549 0.219878464994597
-0.251698425637125 -0.254197750033159 0.111050377899727 0.191950555509844
-0.251712590676453 -0.279850210624286 0.0905130492149321 0.200461883107816
-0.115693357124544 -0.307575334725616 0.000698673010064321 0.138231981894255
0.0835632425150391 -0.364169814777774 -0.0598522561537653 0.0466415450645769
0.396716410096553 -0.212955940238136 0.0710503408390376 -0.0186508816614905
0.460722159966343 0.128430963973606 0.169787767398035 0.0590711464243193
0.214023570131334 0.396885736413311 0.162521821630797 0.31394738706614
-0.0480978962025804 0.496293656595877 -0.00922448689312854 0.509689907117158
-0.0624231741940482 0.628828525966358 0.167412043216876 0.0116040792989135
0.218746934162808 0.536821084936789 0.134593966454206 -0.0592790230944402
0.524914899363818 0.269597824259356 -0.0416833010841761 -0.126029218608659
0.506817987771009 -0.14535428001274 -0.114269455895342 -0.0713767519027121
0.188470824070561 -0.417364135308846 -0.14617606383191 0.057788970606347
-0.0759299207699569 -0.364140893148619 -0.0675516477630363 0.100839554904056
-0.209331012184757 -0.331158517990337 -0.0217218498972961 0.103110799027947
-0.273475560737106 -0.313591520544128 0.0036062102077284 0.0896544761189955
-0.275074646374804 -0.337426622531677 0.0019392584126379 0.0941109603582323
-0.121334112733103 -0.3597297534224 -0.0486886173101306 0.0245115890468197
0.0927571631630635 -0.422466823530197 -0.0638337617714266 -0.0498653960058141
0.452325014526135 -0.261199839303868 0.087584531459757 -0.0884152264975172
0.556248044149464 0.121034593077664 0.172587073193048 0.0173929716402416
0.289337384079438 0.457144427836027 0.136462221769036 0.233014227984445
-0.0201505972375781 0.609078743302478 0.0218613620978654 0.346474840139778
-0.0200935599456754 0.662104494327384 0.196118598042232 -0.195663758655825
0.263947818609405 0.550986203147049 0.0927941989860194 -0.19100668814308
0.556384626062283 0.267554160689218 -0.0531306757881683 -0.146849452702682
0.523062531424579 -0.1515734384764 -0.0787040262588136 -0.104122761003359
0.209257438515594 -0.420294021600192 -0.106774550513707 -0.0342962451161444
-0.0512255416933539 -0.37243221871554 -0.0778155437593525 -0.0342353866326547
-0.179938956301776 -0.346002246739571 -0.0986893833155985 -0.0336163943758431
-0.252708613159329 -0.32535118147547 -0.104973997592684 -0.0252469353722823
-0.253628273576061 -0.345207831705585 -0.090957930936279 -0.0234524911957788
-0.101379510342907 -0.357791198630761 -0.097915828135741 -0.0921962943799308
0.0971359795721505 -0.407303799155185 -0.0623349417873803 -0.144564800076528
0.436746467124868 -0.251072249377357 0.0949742101087866 -0.146012861285443
0.546804758189033 0.111384404756568 0.154845089985798 -0.0158182520045126
0.297288723290724 0.446732085700758 0.0803102247563215 0.138249894053717
0.00161827081661023 0.62142736429759 0.0333569994124661 0.151414619944015
0.0296915013222121 0.593727683414953 0.202653191764998 -0.39776283269627
0.267715583140306 0.464657730713752 0.0334820299297942 -0.315153926460706
0.483626493826398 0.214676352104444 -0.0635196285894817 -0.154399972273996
0.435362634409641 -0.129510831449894 -0.0352391867270137 -0.123579275929547
0.185640705402354 -0.345273655281588 -0.0535950473765295 -0.121872478722501
-0.0222309546363663 -0.31676061303326 -0.077909692294215 -0.164247900700124
-0.124840856317656 -0.302640780063818 -0.160831554299725 -0.164713294403058
-0.192245744818838 -0.286793979946427 -0.197657143626422 -0.135373734396453
-0.187909667338023 -0.301858159431948 -0.170406106488212 -0.137635426081543
-0.054567018909469 -0.301619569393578 -0.129086327880456 -0.195667339144782
0.0996951822708396 -0.320949677302643 -0.0419366025386344 -0.217985601449123
0.357760338731869 -0.176975865959834 0.10227409742798 -0.175848432449324
0.43639360778995 0.108146059894448 0.127541289851609 -0.0287141191364919
0.237429542534962 0.366918202862161 0.0147955813645355 0.0494204943553154
0.0112905015586064 0.532673241611413 0.0311331068983467 -0.0397737415660262
0.0762879361246768 0.427819044777301 0.181863237048034 -0.556821657351179
0.222845793849509 0.297186288931156 -0.0318506823080739 -0.406790086053094
0.318224823946206 0.122057277171631 -0.0735371561811924 -0.144177527270489
0.267370711546115 -0.0820780225800378 0.000962207103355063 -0.121901374436995
0.127639651043491 -0.208089140021805 -0.000612712371527212 -0.18113385887826
0.010171695535859 -0.205544935917879 -0.0691648230767508 -0.26197244608335
-0.0508714216860522 -0.210973199891484 -0.199483290733468 -0.268177758057653
-0.100216159177143 -0.205404640730308 -0.261151182895368 -0.225847370248217
-0.0921174754469543 -0.216579182874254 -0.220767780449129 -0.232737688225595
0.00289138164782454 -0.203633221743126 -0.131367662598874 -0.2705937599388
0.0940974259505893 -0.187115601897434 -0.000978616543513022 -0.257144511839124
0.232269585417053 -0.0722965089637979 0.111867739625267 -0.170407405524309
0.26302536746447 0.0963115402023233 0.0996869021385128 -0.0214702901286208
0.136797758389991 0.24006508389011 -0.0387078412182051 -0.0212953631151428
0.0163073721529117 0.364668692210936 0.0259324660001096 -0.19699237673181
0.108158404831493 0.194983001943822 0.135349967357508 -0.648813136867445
0.142970368301812 0.0854321747375708 -0.100199827238724 -0.45399111494508
0.110329105657488 0.0137488746227905 -0.0914971891694451 -0.120660402251134
0.0657754873638269 -0.0236839721711355 0.0178078998177749 -0.0975989877733554
0.0527730677779867 -0.0427375528583682 0.0413280533116581 -0.201102360974037
0.0414879364526071 -0.0629201597771217 -0.052877330538327 -0.311615982018933
0.0322504149856098 -0.0859586781985923 -0.208806448103251 -0.32796267765808
0.00592450706912985 -0.0919405424355036 -0.285101332323401 -0.281749853840657
0.0142731422938969 -0.098874386322799 -0.23431700898501 -0.295021114496486
0.0518139703623491 -0.0795128171598853 -0.106753816383079 -0.307299667874937
0.0686892442793107 -0.0411468295486716 0.0507756440508513 -0.258854215852811
0.0805128553555753 0.0197993643031565 0.119009676685589 -0.138134065789163
0.0720860030881548 0.0559230287187125 0.0751035883436038 -0.00407581311420354
0.0391306249761521 0.0816251914119799 -0.0700414510966501 -0.0704953445934604
0.0262357551997 0.152304172772067 0.0196656859054068 -0.301584126854531
-0.0855954933669156 0.102519771820521 0.0656629739975516 0.386861431087188
0.0223529016559253 0.114201255846502 0.150437995077846 0.147592118124326
0.116520328579633 0.0315730909328775 -0.0507424490246402 -0.0398379983499001
0.0959121993162913 -0.0806030355032398 -0.152698090856621 0.0698727039361896
-0.0281849583902437 -0.112721208304487 -0.11165645949766 0.249071656781574
-0.0903160839368045 -0.0560498608151874 0.0469577540611754 0.338378751413102
-0.112188284477439 -0.0305695917152596 0.214419593530916 0.327479121026072
-0.110247848007246 -0.0275825280853988 0.291535341503701 0.283031386088094
-0.11139252806612 -0.0403549165120814 0.234659787040902 0.309445226257793
-0.0754266662258065 -0.0714942437088722 0.0957440833699507 0.293837882276712
0.00119207380527657 -0.11514759694233 -0.0335403830119505 0.199971391733277
0.115331561429217 -0.0726743076828862 0.0159582233681393 0.0952130497914899
0.105970722774892 0.0519072448356614 0.115936540096731 0.106837703154593
0.0101865593714528 0.09186662960221 0.147088719114145 0.364433884620933
-0.062730521147179 0.0687158218127245 -0.0704297754204347 0.661532574834188
-0.0751998615076199 0.329837346471049 0.0996154381113222 0.318074844283537
0.104729735072603 0.285722540481401 0.163231080660892 0.11347088297272
0.287269814300045 0.119086963683634 -0.041418904534169 -0.0714067336881381
0.261480256040459 -0.120752652198365 -0.153819501236283 0.0198529369434673
0.0411355282930546 -0.250895151975686 -0.146391381582561 0.21135352491948
-0.110678657810204 -0.186307277055432 0.00452594804438855 0.302618898030733
-0.184535856431689 -0.154492505658706 0.155590013074023 0.297640184058672
-0.210650353404313 -0.145359391052062 0.227403870332565 0.254137472926485
-0.208700148001977 -0.168833815257088 0.187171050723393 0.272630319473623
-0.109869062233144 -0.205417373613076 0.0609440493890545 0.234838948553687
0.0397418415569177 -0.26148732225464 -0.0457171870141887 0.139612349773026
0.276205006948389 -0.160569441350474 0.0460641922049044 0.0407464022429914
0.310893198198841 0.0934817135782277 0.152799240577922 0.0848562470659944
0.127383368600282 0.266823637372787 0.179310552003118 0.358796636385577
-0.0474903967609472 0.314851771199199 -0.0189510215199353 0.631561157334161
-0.0557727586585592 0.521138438702979 0.137948967437792 0.186338411489585
0.183298686060484 0.434722311890992 0.157875711120761 0.0405809048961654
0.43838842575183 0.195506618786621 -0.040125967297519 -0.0988726576654577
0.408646321169213 -0.15355974739694 -0.143058075243099 -0.0252772763776369
0.111682958569374 -0.365681273334686 -0.157411224307846 0.152988204853635
-0.112718909326274 -0.296710175750885 -0.0330718020853646 0.224364083951199
-0.227001296735977 -0.257888473127591 0.0750076549234273 0.220394610571807
-0.278973597364313 -0.240846070592636 0.12917590277326 0.186116068632916
-0.27877366370751 -0.267656764882426 0.109601107990198 0.195880454699078
-0.137281066631445 -0.306219399945015 0.0127094626475718 0.142093391989164
0.059063046220504 -0.377655951972642 -0.0561626012242218 0.0552365978235439
0.392110103274895 -0.246913131231564 0.0701127215711739 -0.0272081200532873
0.482388069724574 0.0988232467251473 0.174728637244418 0.0484695226784701
0.245320427793959 0.393419146671634 0.186617576592061 0.311297051012968
-0.0146678298648443 0.513319160814491 0.0237553680042977 0.522868856641862
-0.0218266036062132 0.646590258446152 0.16999484303758 0.00260677081343128
0.257766952502283 0.531499008444641 0.129933112843234 -0.0692441757812543
0.553931236736598 0.236468675600406 -0.0505214932512888 -0.125496584617383
0.509975378783833 -0.182648752510245 -0.120381826635943 -0.0663256971416889
0.163270783620156 -0.439554008632073 -0.144320137380377 0.0732161855863116
-0.100961612198514 -0.368119601181497 -0.0625321899021956 0.108846054645423
-0.236345871497655 -0.324869270320438 -0.0144693628935711 0.107255851555586
-0.305626207812442 -0.301375491161404 0.011407755908519 0.0912352784579301
-0.307848172978952 -0.325001962275124 0.0114824077427151 0.0942805585731411
-0.147361835259277 -0.360382312240129 -0.0469780294521329 0.0287455766409805
0.0636985431668637 -0.438560369928601 -0.0671503177322702 -0.043729234556912
0.446231646850959 -0.302507919708557 0.0813131646091127 -0.0996674003297868
0.577349471512774 0.0834915044085724 0.175463793834132 0.00726622590377658
0.326403731183644 0.449915750189612 0.156586909695386 0.230419354263108
0.0212923302832565 0.626504497603748 0.0452763888444113 0.352746262609512
0.0244696212272331 0.680369329029534 0.186507680151758 -0.211274701184834
0.303207795449932 0.54481157250545 0.0792021157434579 -0.200394542586352
0.586017369044898 0.231470034544329 -0.0642437869522369 -0.145532917747377
0.526561017691182 -0.190619563885968 -0.0854334730706963 -0.102180061233706
0.183563595595194 -0.44541818271345 -0.110862648730984 -0.0241456195585151
-0.0772759446115432 -0.378922782672605 -0.0830033596291448 -0.0286326416950441
-0.209665368765385 -0.341960256546021 -0.103178771487936 -0.0252944520136856
-0.28488415227379 -0.314086188554496 -0.108566210694154 -0.0172836724501965
-0.285492105362509 -0.333812197153802 -0.093345741531602 -0.0188885431442061
-0.126623048942815 -0.360163366974052 -0.106016558905019 -0.0872931724865472
0.0699830291231715 -0.423690304636882 -0.0720086490189464 -0.141250473877195
0.432085385754945 -0.288532809003323 0.0849622978734804 -0.158762083833234
0.56895527908598 0.0742361529649984 0.156723599077752 -0.0249564585688646
0.334182735430258 0.438140340556363 0.0942134272689421 0.138018414659652
0.0444248097742303 0.636385283177187 0.0451559300839119 0.150867762958177
0.0704044529901633 0.606243956651919 0.180976475237258 -0.417425976314199
0.303735954745497 0.456196744914687 0.0107295952671608 -0.323521112539105
0.50920857494853 0.184885142256423 -0.0747284307048045 -0.1526972931533
0.440018010101223 -0.161299631208477 -0.0423719120827476 -0.124844958463774
0.164006863394691 -0.367592394533169 -0.063090552970102 -0.118123183864235
-0.0435026089099271 -0.324845574927113 -0.0932522084897094 -0.162813672354718
-0.149777727024301 -0.303588769758772 -0.178064900776396 -0.154672536321995
-0.219793227219466 -0.279883117411813 -0.212191802007126 -0.121862173536985
-0.216156717147235 -0.294893177175565 -0.183600695847928 -0.128914859445217
-0.0756584401845343 -0.305675940199683 -0.146189457007228 -0.190992230275567
0.0789721542264547 -0.334495533930889 -0.0568059008386737 -0.219142320842629
0.355847540527353 -0.207552545740505 0.0900570676167326 -0.188167702718905
0.455706474832883 0.079321168479863 0.129096164226947 -0.0365514215565582
0.267862886430276 0.360784859805558 0.022190098059551 0.0517677561104183
0.0477045566317071 0.546107179945452 0.0317219030306653 -0.0454554863252728
0.107585189703411 0.434432134731149 0.151523915049041 -0.580348789003973
0.246431810139661 0.290050076239134 -0.0614961574205509 -0.4118544036403
0.33437766877041 0.103716997966605 -0.0846236233526286 -0.142148212030416
0.271005439757073 -0.101675761109597 -0.0060333454022223 -0.125560252698239
0.115630905652231 -0.222998791523784 -0.0125877509201101 -0.1847921261348
-0.00384746565350587 -0.212704043615757 -0.091274828862605 -0.264627840574375
-0.0679722064140757 -0.214707606961151 -0.224968500890203 -0.257544642886415
-0.119714509594743 -0.203115210608685 -0.284119737298507 -0.209732157337301
-0.110857637074913 -0.214875258016107 -0.243212455804329 -0.221806641720565
-0.0103060878958847 -0.209719584040891 -0.154143628983218 -0.26761411574789
0.0832064306601688 -0.198366457747252 -0.0187192791520349 -0.262241660414957
0.234996808885174 -0.0902484186482849 0.100716023674177 -0.182018307018049
0.276653652511714 0.0788122713482786 0.101660654140169 -0.0275235643928948
0.156692107176021 0.23693414108305 -0.0372104048582966 -0.016748347902778
0.0418706864378819 0.375266608859053 0.0156701854141971 -0.207148188160306
0.124223821793373 0.194450724796312 0.0990673729944533 -0.670719049137135
0.150409106826771 0.0792635922094003 -0.133175642011142 -0.454443365437121
0.114951391062029 0.00750355522715249 -0.101390579529616 -0.116671950233141
0.067208275359124 -0.0282836480085159 0.0127027844242935 -0.100798864227272
0.050836632712027 -0.04872904529125 0.0289731476214405 -0.209497338828991
0.037299160032539 -0.0686304844202227 -0.078356869346045 -0.316294888533251
0.0254597748917891 -0.0922390611144271 -0.239712405195045 -0.318353348705967
-0.00123937886474558 -0.0955993075203551 -0.312607148102906 -0.264807289746305
0.00682855287928795 -0.102282276206235 -0.26251763903815 -0.283711013710376
0.0475443824055923 -0.0864753499186179 -0.132130822947423 -0.306875001554613
0.0673038142160761 -0.0469097161823943 0.0330312251720378 -0.269290777315015
0.0861630101411745 0.0141178977182627 0.1103847361084 -0.148770749061273
0.0784044355601773 0.051140805027276 0.0788912418382424 -0.00787224184069937
0.0460181425643756 0.0818574314299953 -0.0726317367355316 -0.0659493655870532
0.0375853380925623 0.156139786584997 0.002514301206281 -0.31377807233069
-0.080057495028318 0.106395829217407 0.0870018423914005 0.384338422279665
0.0284655571873857 0.111737263237162 0.158292496170354 0.136899946379156
0.116937482736144 0.0242355000929467 -0.0527055113677346 -0.0376350411530119
0.0907832948814196 -0.0855522118728467 -0.148638997844761 0.0791562846845309
-0.034969034653082 -0.109422643202172 -0.0954122557095436 0.257966925223394
-0.0923346223023094 -0.0498222839560573 0.0698439002743269 0.337512674509108
-0.113207352378112 -0.0229856252716048 0.237882854047408 0.311572164700608
-0.112554384524841 -0.0196792569825103 0.311185814324745 0.260900266035971
-0.114778041661571 -0.0326973404284134 0.258388097846517 0.293489621773418
-0.0790981954175702 -0.0659900900909192 0.11753460349495 0.288387238123882
-0.00699590427662405 -0.114910895862299 -0.0206176380573097 0.204865427104778
0.109420754870681 -0.0807307451468182 0.0212727667036512 0.0924731323939074
0.10932994689996 0.0447521766865764 0.1191292546502 0.0987762783952715
0.0153167067324478 0.0909612888082828 0.166225987328588 0.355497770397381
-0.0574977497599123 0.0715359361697037 -0.0317670124720389 0.668118701379514
-0.0548342826866622 0.333436004989143 0.116728141963454 0.314570795609685
0.120179869389357 0.278577360504652 0.16784898604741 0.102146886836906
0.293085913912657 0.0993556341831583 -0.0455249294915601 -0.0691867224032297
0.254383925440175 -0.135884246636197 -0.152754658583544 0.0281343829532826
0.0246340171205434 -0.25209043320793 -0.132212149226047 0.223431576530786
-0.120293804168473 -0.179832662609641 0.0244657056191406 0.303871197168352
-0.19374899878886 -0.142593122210174 0.176070148713273 0.285948868287214
-0.222299363652716 -0.130832753836466 0.24627827684123 0.235858277252069
-0.221420418237428 -0.154716728552797 0.208191432550192 0.25860690379625
-0.121862570060229 -0.198473161669227 0.0788842374306357 0.231473240567815
0.0227368374700024 -0.264511850082124 -0.0355360707213017 0.145031409754505
0.266044711587718 -0.179440112381198 0.0473745687288602 0.0355369418916845
0.318649544727153 0.0733544064679338 0.154149958320823 0.0748280985184998
0.1430784600627 0.260391255451449 0.199318784832875 0.348152401705721
-0.0270197237861484 0.318217954124013 0.0170590982872672 0.635422508234384
-0.023430855071376 0.524837004310545 0.146879923935421 0.180306517719163
0.207797263176979 0.422708078831321 0.157495355600564 0.0311077716547163
0.449788805135339 0.16599394895086 -0.0461905332515437 -0.0967750291738498
0.401543331888165 -0.177897382046951 -0.143981604856547 -0.0183270100624156
0.0875333821168807 -0.371161129390542 -0.145913820586032 0.165790138129192
-0.129824565134156 -0.290351236195274 -0.0183601656813216 0.22838152310982
-0.243197194077712 -0.244333689227436 0.0908771204273303 0.214804893522043
-0.297934298522441 -0.221783839391079 0.143462930977021 0.175493256207494
-0.298564402525204 -0.24938909949409 0.125095400423016 0.187128051912252
-0.155464322437686 -0.29858733190459 0.0235652420982707 0.141434492822604
0.0332889574127841 -0.382151650759002 -0.0503264207823829 0.0612751563839637
0.377351250088126 -0.274335236032285 0.066147561498632 -0.0341725669789698
0.489787377072693 0.0682472528742606 0.175772030359249 0.0384546181302921
0.269414609364943 0.380100374392227 0.204772158712261 0.300557579658872
0.0187567690883623 0.515937431221943 0.0549325418128162 0.52278537573366
0.018310262682522 0.648741144876809 0.168809077161331 -0.00540524905968954
0.287576197460719 0.514993793086974 0.12299918712532 -0.076622270237742
0.567058888929865 0.199421856224351 -0.0576071111406732 -0.121919339246627
0.502171852686809 -0.212820611998648 -0.123029620293185 -0.0607585631450728
0.133980622756305 -0.450092628131509 -0.138207056987588 0.0858888155251004
-0.122849994571344 -0.363761263544636 -0.0556496946277618 0.114591525715913
-0.257121591487982 -0.311620798399013 -0.00673785162825024 0.108149004709131
-0.329568940647057 -0.279512980554589 0.0188129366694782 0.0899508740731612
-0.331708205019166 -0.303653032280763 0.0193030240995481 0.0914170645456192
-0.168455442641794 -0.353260625410949 -0.0439990110572616 0.0319160644143928
0.0352063861706544 -0.44378844805746 -0.0681328826209415 -0.0376526583840665
0.429184737405278 -0.331649562711066 0.0730284700164736 -0.107037047155262
0.585730549483872 0.0474291879099529 0.174478574613152 -0.00228347835071082
0.353498818006674 0.431823871641034 0.172643154258205 0.222478838866177
0.0607019918515569 0.628418045857085 0.067538003618695 0.350072554707229
0.068089524933822 0.678480402440243 0.173306995428208 -0.220466710345594
0.336188759719458 0.527955727079117 0.0644756601537766 -0.203830568317782
0.601383017926745 0.195360013436694 -0.0724020634275843 -0.141678776143888
0.519497234931112 -0.221448834217766 -0.0901851921130403 -0.0992151802931603
0.154015251010007 -0.457300585574462 -0.110276886060664 -0.0140893639203049
-0.100770012258149 -0.37709412725746 -0.0857706752501358 -0.0219064016156942
-0.231846172151442 -0.330325559631472 -0.104812232861118 -0.0176378575444336
-0.310660821045777 -0.295122756106949 -0.108818563205348 -0.00950666382737965
-0.310694408122704 -0.314906665040467 -0.0938397235747609 -0.0144209586264473
-0.148366335079777 -0.354225271916117 -0.111665052220563 -0.080687152050085
0.0422771846870134 -0.428679771791109 -0.0792563034862613 -0.136066125430079
0.416592604982515 -0.319785132012513 0.0726890578372079 -0.165979486184124
0.575187208376419 0.037638633559395 0.154827502358731 -0.0333133540632223
0.36164136627055 0.417687901111013 0.106108783378082 0.133717098663583
0.0850930945710663 0.639207762373028 0.0553498386541329 0.146408421437497
0.109049056028084 0.603286233301088 0.156226422839883 -0.426729653579178
0.32863783144494 0.441348442410121 -0.010345948276722 -0.321667454289666
0.5210350906067 0.1521814904567 -0.0837744803940413 -0.147159411653159
0.434359125411965 -0.188831654684376 -0.0489326038945445 -0.124370292781904
0.139597063911384 -0.379690478053467 -0.0693640827285298 -0.111741875710204
-0.0642712482875487 -0.323904989267174 -0.105327623388555 -0.156234886830246
-0.170629167035247 -0.29608788523839 -0.188340294691773 -0.140856178021967
-0.241881025882888 -0.26598402047461 -0.22013260591914 -0.106257467094893
-0.236666968175221 -0.280325996120411 -0.192719096616152 -0.117656132457891
-0.0945431600475779 -0.30337418080323 -0.159028013202781 -0.181799663161433
0.0574785628821478 -0.339507744577501 -0.0698646548308859 -0.214836312301766
0.344798147205736 -0.231714718056877 0.0761707029936707 -0.194858483836846
0.462479685888914 0.0488816887032908 0.12763746788159 -0.0431329773523621
0.289546131247399 0.345117578766377 0.0297928128637633 0.0516720175612761
0.0832737371256759 0.547572245141825 0.0297839268386775 -0.0506004318961404
0.135240227858054 0.430458680969841 0.118195658158046 -0.588371069949256
0.261852024120853 0.277044026051916 -0.087449627187791 -0.405518553615738
0.341566180914489 0.082450618391023 -0.0928249553722934 -0.135980176021755
0.268456910768296 -0.118792969767972 -0.0122923842469304 -0.126949868544044
0.100286834523137 -0.232248856339129 -0.0235110454493694 -0.183426074461529
-0.0180596238884568 -0.214798218508452 -0.109572586363402 -0.259404275923777
-0.0834084391232595 -0.213191053239116 -0.243341129995319 -0.240360062976195
-0.135684540520293 -0.196548232049024 -0.298378871688664 -0.187364876960945
-0.125692132909516 -0.208157384312454 -0.258395839312227 -0.205328818965383
-0.0236228210785601 -0.211027193345396 -0.17305011362683 -0.257861144706948
0.0707703796562179 -0.203756983921546 -0.0349827855070741 -0.261703994147718
0.230841899386458 -0.106830261396803 0.0877464180575808 -0.187989425567592
0.283130660694553 0.0597996800618643 0.101989803220499 -0.0324425497511871
0.171736650788297 0.227493478234206 -0.0333995074989334 -0.0140043070431445
0.0662241638529406 0.375791622896627 0.0044983642743099 -0.212346930216997
0.13701972159107 0.188494921599529 0.0614506395783158 -0.677049125634789
0.153574946756608 0.0722482085923805 -0.16053312044323 -0.443736683527382
0.116441539139642 0.00106055567699132 -0.107871920516972 -0.110417011722536
0.0678153817095014 -0.0325325983873138 0.00799187791332406 -0.102886101082655
0.0469834570634228 -0.0533807295686551 0.0168176810278067 -0.212585811574698
0.0318409340880584 -0.0723590079702893 -0.100383711361773 -0.312938777426507
0.0185313418121524 -0.0957537577689733 -0.26205561185973 -0.300238871704924
-0.00903497055691593 -0.0965603939086486 -0.330854195685405 -0.241216721910054
6.86919362131132E-05 -0.103578817277573 -0.28265143553285 -0.265879658688587
0.0418385376877038 -0.0912806391606449 -0.153195439206141 -0.298841148187103
0.0647236088129954 -0.051781965025957 0.0153928330066809 -0.272408776215465
0.088628513419253 0.00755984278772713 0.100471373500763 -0.154294737519402
0.0825710354682696 0.045804453242167 0.0807464804602796 -0.0122474343179498
0.0515617138366181 0.0792138159289517 -0.0727247908079914 -0.0613552227385297
0.0480253630352108 0.156142908193374 -0.0159498628725922 -0.318899180675644
-0.033988196380614 0.131092526548878 0.211209115214806 0.328751998065364
0.0691739655849081 0.0930206347438939 0.187782670304297 0.0721315294074699
0.116791287598727 -0.019125637683492 -0.0665222279709827 -0.0118132747475366
0.0513918802228167 -0.111267685458797 -0.110004047219958 0.132539240080173
-0.0696124623180514 -0.0854182691182587 0.00476221595063347 0.27514767853202
-0.0999345136527781 -0.00982964748311035 0.189179521087913 0.287574861565033
-0.112479780818971 0.0205362681106179 0.338444754455257 0.201752871680407
-0.108252724881132 0.0220193634232591 0.382325353876883 0.124008273841925
-0.117215874819398 0.0109833842558903 0.343304580202338 0.179221769666015
-0.0942072292476851 -0.0344412710033016 0.212085441436622 0.228476071241768
-0.0472475156759133 -0.102874378737927 0.0551610817533133 0.199895252634446
0.0726751360179267 -0.112940678172978 0.0470235705903837 0.0801154454089246
0.117183124710033 0.00382567530977927 0.138739501990365 0.0508412939138765
0.0434971158012005 0.0764099337907757 0.270935125037562 0.278087950630477
-0.0316128560789453 0.0812231485111489 0.184896789812214 0.632459065618271
0.0730882988989781 0.33788753947253 0.205789110351853 0.247502152776796
0.216947341850777 0.216474642666246 0.174702421647262 0.0366894343780895
0.307794384030154 -0.0135288041782238 -0.0778602633852679 -0.0342228214426586
0.184675219236402 -0.220349535451786 -0.130769554094395 0.0956272268260548
-0.0653563121677717 -0.238507517628705 -0.0349979096352857 0.260529252116876
-0.171350102148103 -0.121219614639204 0.14024365641841 0.273366734972421
-0.231782474079375 -0.0646702638071306 0.276621005761332 0.20329713470207
-0.248406534447781 -0.0424172602778019 0.316755042167103 0.123141872319673
-0.25894033789469 -0.0648956434677484 0.287721975921446 0.162989799328698
-0.179240239621363 -0.144504616272256 0.15885234840525 0.190766214509506
-0.0720909449642403 -0.252129672973886 0.0236936992193237 0.153255910432704
0.185761244859662 -0.259037915412369 0.0496020815005203 0.0216023116870843
0.321612599126681 -0.0401664657284076 0.160814963573883 0.0154848310293534
0.221937937642441 0.191266796230002 0.301917644168025 0.255389284007273
0.078334311116433 0.306974013330684 0.225292677505861 0.578907519896142
0.172016935144655 0.507450896259554 0.181640248132809 0.108340283143472
0.351502596174731 0.320198909703384 0.131753177730852 -0.0261934484946198
0.478396198581633 -0.00953679666826287 -0.0948644860825602 -0.0511334690135014
0.305644240896131 -0.315218927805813 -0.138678220930995 0.0572900684854448
-0.0498806058732737 -0.372038087094142 -0.0631074630750995 0.21673525251285
-0.219124233452361 -0.22167843705273 0.0776412627295454 0.219089620454702
-0.31520812185201 -0.144699828738123 0.174063099500637 0.171164813164047
-0.350454622779078 -0.100796753662149 0.203135810789249 0.104403918767415
-0.363152623975685 -0.125878480129039 0.186427851274845 0.124421090719147
-0.245546619649551 -0.226837381134405 0.0783048355644444 0.126701171264924
-0.101751257662843 -0.365052970180109 -0.0170012716230883 0.0827928788871214
0.258212148221579 -0.386585373628312 0.0416148648559766 -0.0466849677068571
0.480908458647694 -0.10423620757848 0.165874169997701 -0.0269813878776127
0.380591776129636 0.260109688605542 0.293698443328785 0.20564000158044
0.186101717010944 0.480506554993548 0.228220135903624 0.457012438930511
0.257848171987076 0.60841539875021 0.134404169515902 -0.0751619155061443
0.460740500566826 0.380035473692592 0.0577507563413572 -0.11393091220705
0.600863794394391 -0.0219309207924079 -0.117977002121917 -0.0642102638287302
0.387262592417952 -0.386383136934831 -0.134249308105688 0.0158080762908189
-0.0344425694304248 -0.462524076749438 -0.080061414251026 0.141517842128921
-0.239403784493428 -0.29320161390589 0.00482125193930379 0.127484940085424
-0.353437685268488 -0.2040856455514 0.0458665497849866 0.109806164320394
-0.400426390105589 -0.142632938518591 0.0588402042993291 0.0698607545811016
-0.413541611030793 -0.164247905607185 0.0555011054474704 0.0727377814305338
-0.276633845953418 -0.272243488581858 -0.0213162823450895 0.0483415487719651
-0.120999001441802 -0.422612264341084 -0.0659556515114346 -0.00188119681937412
0.286977594224208 -0.459572595354669 0.0228259103363325 -0.114674622649559
0.561573614332971 -0.156734869060891 0.149866396892745 -0.0651234047954559
0.478393494893545 0.280729620626051 0.238269890316295 0.140696675971828
0.267147974214321 0.575207167412036 0.187246265407727 0.288485717897024
0.312467978022263 0.619928819475754 0.0644291369426007 -0.277586896038126
0.509374969050891 0.372167773635886 -0.0419013983217962 -0.210943523224745
0.630513329641514 -0.0385076124976005 -0.138715629074552 -0.0753629403253536
0.400181626248705 -0.403878884457589 -0.115764459778187 -0.0304981301219174
-0.0201873772041741 -0.477221279559307 -0.0879572564210197 0.0390135373171689
-0.224568268369697 -0.315685961225335 -0.0722427946777841 0.0114391382891635
-0.338734830922876 -0.232418140112853 -0.0913932769673128 0.0304922163862786
-0.388285633595487 -0.163586630376239 -0.0937773223631921 0.0260735259000323
-0.397971071468343 -0.181641021600463 -0.0863549026617777 0.0146106357367399
-0.258540924462446 -0.280135491495257 -0.123345943217491 -0.0334457752282473
-0.108851940486854 -0.4106808161433 -0.111214104025624 -0.0891974324243461
0.279513210760796 -0.442004003143277 0.00384746886449236 -0.169251474931958
0.549076652206739 -0.162011166084762 0.122265438886811 -0.0873950576869777
0.481386262874631 0.265847465237031 0.148360523786418 0.0790969534308454
0.292335172758084 0.577668246238021 0.111183512772621 0.102010928286516
0.323286501423361 0.531930535136231 -0.0200630518440022 -0.463850571273679
0.470606262494425 0.294805734285257 -0.147186489860804 -0.294786094266442
0.541450651587777 -0.0495661387801163 -0.147425063655978 -0.0808089459168323
0.333830554458891 -0.340328743564918 -0.0857713735682151 -0.0744256158422354
-0.00632292975085101 -0.402221665639692 -0.0865357188811544 -0.0688284468875471
-0.173971618679323 -0.281388757821923 -0.14089703417164 -0.106557599007887
-0.270009029141211 -0.222807661987384 -0.216698176653096 -0.0540367755670743
-0.317022411203251 -0.161232150318516 -0.232369421875236 -0.0210744137924205
-0.31750287295003 -0.177070778580599 -0.214573685764925 -0.0447708788488634
-0.192022975412776 -0.251214222740037 -0.204674699966118 -0.110748475906458
-0.0641864438272194 -0.334838383104251 -0.132518052099592 -0.167209640967987
0.243578385152612 -0.336834073968939 -0.00113719314335935 -0.198768212508672
0.447706233619864 -0.113158783884286 0.0966200196501821 -0.0874459556671774
0.389428998475994 0.222818530888638 0.0502513905907134 0.0291129783937643
0.261645920622159 0.492197876093869 0.0228952376873169 -0.0713355771774552
0.282291101558774 0.357827584293462 -0.10526475733458 -0.599098136607369
0.345255210408114 0.165422869083756 -0.238327359219655 -0.346305637231261
0.350392330821536 -0.0482549418498397 -0.144588007003644 -0.0774670876718569
0.206081683318024 -0.213257258997611 -0.0529704471961295 -0.0996915787553929
0.00991592346749353 -0.252595922329042 -0.0749129783741749 -0.156544346157618
-0.0933760336526199 -0.197167087145156 -0.187519713959878 -0.201169386224909
-0.15876209146191 -0.175293555947975 -0.308427804328024 -0.127746003741917
-0.195933702835623 -0.135004468192681 -0.33635043906617 -0.0657547581351569
-0.189805999491912 -0.149367116483587 -0.308376247095778 -0.101436075260774
-0.095462218256169 -0.188607799654557 -0.246190231653875 -0.177610872086347
-0.00381879113464539 -0.213510059850669 -0.120370662784931 -0.224784144289191
0.179818353370294 -0.181151206821937 0.013797878676805 -0.199284873936249
0.284443618170034 -0.041794842053194 0.080726892655398 -0.0684810635943016
0.239474534509583 0.154495580751788 -0.0307340205374358 -0.00874800531496875
0.189602835768841 0.336901706949169 -0.0561303974860143 -0.210339707918174
0.194526329946059 0.127267509696946 -0.178183240936093 -0.656974627314964
0.166650420433222 0.0122990123066468 -0.30701723842333 -0.356540210183963
0.109658330408199 -0.0411320460360687 -0.140684280379136 -0.0600824474604335
0.0518344763013992 -0.0573397379614689 -0.0275038864957745 -0.096637810860192
0.0233855499763558 -0.0688304155853921 -0.0551112322566162 -0.203320926392957
0.00171142005869885 -0.0823771903235275 -0.203286923491579 -0.254505329983362
-0.0210532532804823 -0.10040774690221 -0.35289954657921 -0.179219403203923
-0.0448589658140031 -0.087144883448316 -0.388685698273704 -0.100473729677359
-0.0373818801412589 -0.0969096760379044 -0.353263697422659 -0.145395427374932
0.00569148201741282 -0.0994533264626144 -0.245259262724996 -0.222631652135123
0.0432046337304085 -0.0714536703822323 -0.0810684920961062 -0.25573174890408
0.0861864863463663 -0.0247985269813991 0.0401599505945658 -0.175036208753255
0.0929046410011993 0.0129937823135039 0.0716308269312987 -0.0410135637383048
0.0768700753179142 0.0574933086644793 -0.0846880892205942 -0.0366281305353019
0.0993258860389717 0.135627916724002 -0.11402340061441 -0.298343136308113
-0.030573868141643 0.131337669916039 0.219358906961734 0.326228531923446
0.0711985093124056 0.090774696744538 0.188372447577672 0.0665479097387082
0.115379704204866 -0.0213206533183445 -0.0669300014214281 -0.0102576140116066
0.0484465134414117 -0.112303620335392 -0.105751252115728 0.136559403433464
-0.0712570576360636 -0.0829598343209509 0.0148915960205365 0.277105564077893
-0.0987203733426919 -0.00660115338091261 0.201430274677315 0.283374494809882
-0.110891139095147 0.0241621661710894 0.346498792316261 0.188604914114014
-0.107419564446841 0.0266101044126342 0.386393256550906 0.108023187139422
-0.116968624318036 0.016150492346539 0.352609084280158 0.165424507087091
-0.0954555148328034 -0.031255902563104 0.222584350909508 0.221921011197877
-0.0511235688462166 -0.100040809531373 0.0636947184529209 0.199929180345625
0.0677598742802043 -0.114968642448691 0.0479114997223881 0.0784304337554955
0.117177868512465 -0.000191908042579857 0.137336977084248 0.0483668399909031
0.0459627430838778 0.0748864279692445 0.276704647613935 0.27284095281271
-0.0291949298360656 0.0808299764451117 0.202270094881396 0.631566830435932
0.0837156855998432 0.336137235924569 0.212649064607572 0.244610225282099
0.222114484592943 0.21034150225727 0.173639620077446 0.0330484913418217
0.305901550498963 -0.0224441188215863 -0.0787861305565689 -0.0316010290219921
0.179348671405153 -0.226830800558462 -0.127877628076192 0.0996726606048101
-0.0719775159498619 -0.236282659199501 -0.024845075365388 0.263901136465756
-0.174223416517144 -0.116800576119477 0.151352864925443 0.271659318583774
-0.234132083747296 -0.0579873131448023 0.28433786381204 0.19227189485938
-0.251522877366585 -0.0325824524026954 0.320120779508524 0.109659292240493
-0.262492044517404 -0.0543243419022924 0.29536355611093 0.150826950545711
-0.183892238199173 -0.139724584186198 0.168184164822321 0.184869899765282
-0.0804790671489577 -0.249879176509068 0.0307452427024805 0.154029084952451
0.177768016311436 -0.26685317507996 0.0476914449802367 0.019873829945495
0.322100905270437 -0.0516840793283843 0.158994689273977 0.0127578850397714
0.228432934507499 0.187042734012899 0.30838981813847 0.249260253895963
0.0893000778695687 0.305528870132955 0.24282305891306 0.57660344338064
0.188403299217994 0.503145911239401 0.18434612281704 0.105225475929088
0.359912534127381 0.312183683961622 0.130047759226715 -0.0285146973977919
0.476187643520932 -0.0253556904594069 -0.0961508326866659 -0.0482961982240283
0.299211245503535 -0.326695104165761 -0.137820696164489 0.0600699738312934
-0.0607793770878865 -0.370707773534751 -0.053875631051541 0.22013378040589
-0.225611984620826 -0.216643720200667 0.0863693338843136 0.218309799695045
-0.321403339752998 -0.136113791930733 0.180569299579526 0.164427647914819
-0.356747442629626 -0.0870464472671793 0.207253592035235 0.0948063340336104
-0.369577071102844 -0.110823948296485 0.192309322678538 0.1157740675341
-0.253026406622133 -0.221377225093407 0.0841036840084007 0.123614294753931
-0.113776850942778 -0.362246301948864 -0.0121362710996616 0.084020957123975
0.247316642635052 -0.397781434759834 0.0379143426221567 -0.0480118029530532
0.479834275325797 -0.120296687407118 0.163195375933599 -0.0299107357605229
0.389451578323787 0.251530634823695 0.300262214308225 0.197988629787075
0.204263182291558 0.478242450261588 0.242186938295722 0.4537775183331
0.275746360800125 0.602056967499031 0.133139995302365 -0.0776625307137659
0.470879262614206 0.368591318904154 0.0536434105664286 -0.113415871542836
0.598532702714711 -0.0410588062295017 -0.11963747598085 -0.0599209267372678
0.378718143191852 -0.400711270353224 -0.134475070692006 0.0181589779927391
-0.0491294939135379 -0.461680805901122 -0.0724565342750545 0.145328893067049
-0.248510174325215 -0.288885007266006 0.00958361807501785 0.128227282517513
-0.363100406736329 -0.195242239678711 0.0507395997223979 0.108343608129455
-0.408836463645648 -0.127079463739857 0.0623617186300939 0.0663703576419708
-0.420962582453205 -0.14764681528846 0.0587178255791825 0.0682538208887281
-0.28582892596307 -0.266126631047094 -0.0195307126250993 0.0489221768866206
-0.134728035089268 -0.419214235353801 -0.0642158880817554 -4.67040293421463E-05
0.274323171570935 -0.472346543935081 0.0166875049946169 -0.115204198982513
0.559817800036284 -0.175693225350613 0.148241759776558 -0.0682809357108799
0.48924348882018 0.270518948022412 0.244481204319084 0.133624490716771
0.286243602850182 0.570433515540694 0.195435500183654 0.283647498059604
0.332273627626087 0.613037384130426 0.0582782931285213 -0.27981624296222
0.519986508527919 0.361580951034193 -0.0480402726486847 -0.208317790092278
0.628777008819679 -0.0576118233879277 -0.140497523874211 -0.0705699383482484
0.391465211271297 -0.418976152801108 -0.118394530450219 -0.0293404075348411
-0.0359472648657244 -0.478351471333697 -0.0838623953881872 0.0429966192653024
-0.236167999297854 -0.311136910907488 -0.0716810278894561 0.0139104355643076
-0.349293406117952 -0.223611893833624 -0.0897688493488971 0.0335031128491626
-0.398314578863788 -0.149412398008513 -0.0917774310326074 0.0289350723769837
-0.406179482756839 -0.167053564075344 -0.0859473192430639 0.0164375746675477
-0.268143206115426 -0.275264609337413 -0.125036178150039 -0.0297298657285215
-0.122209266037597 -0.40729358980508 -0.113012948308454 -0.0862078449993778
0.26744613147971 -0.455612900521269 -0.00374732663524262 -0.168803052463722
0.54626188032383 -0.18109099948611 0.120837133998325 -0.0901024258054423
0.491465935159592 0.253998551303184 0.153315144472979 0.0728179800066856
0.313315701246904 0.573831435659893 0.11354920150902 0.0976850875218934
0.340530677405212 0.523614557230934 -0.0309179913983887 -0.464157284252726
0.479047556337197 0.286539971647228 -0.154582328151186 -0.289264811123569
0.540874563927392 -0.0658531801057637 -0.149448010387065 -0.076289764972188
0.327593073613663 -0.353894155351865 -0.0894958649343149 -0.0745748467651104
-0.0197836357571295 -0.403904671344344 -0.086663899040569 -0.0667471601927945
-0.184524686649164 -0.277662948379152 -0.144580222862843 -0.102628467006396
-0.280790643893799 -0.21598986753874 -0.217441218852076 -0.0457642093757639
-0.327550373853674 -0.14883746781617 -0.231353911226551 -0.0126581518298323
-0.325852059400788 -0.164811271267371 -0.216684310498536 -0.0372564738392585
-0.200933511227115 -0.247908107092152 -0.209466516182855 -0.104167652705521
-0.0744714429042681 -0.332747975614822 -0.137765677466948 -0.164276111836382
0.234686296102296 -0.347337520679555 -0.00879965737708886 -0.19854450455264
0.446092249155779 -0.128542862449877 0.0954424476527501 -0.0902053214689849
0.398057958011064 0.213974212145564 0.0542009345243479 0.0248395708857897
0.280609797564507 0.487980182317443 0.0196802473820414 -0.0749524993906497
0.294934092416397 0.351089463520401 -0.120083696516995 -0.597868776773451
0.351324298976829 0.159528019830214 -0.245893913036656 -0.339198592456185
0.3502170535434 -0.0589145952525352 -0.147054513244186 -0.0723701007572187
0.203000296923098 -0.221780280553104 -0.0575653181193388 -0.100045180866857
0.000396791410870987 -0.254527252525595 -0.078460253389929 -0.154761901212394
-0.102131205401002 -0.195818395916716 -0.19560619122865 -0.195688430950239
-0.168271888066355 -0.17202771206458 -0.312131498299822 -0.115776798013663
-0.203995720925087 -0.12843519514461 -0.337297554680632 -0.0522398651890243
-0.197149131394729 -0.142151080232775 -0.312862864781197 -0.0894802051007433
-0.102820156498426 -0.188284430795049 -0.253713782383858 -0.168814894215808
-0.0109527533657316 -0.213931703149654 -0.127899910122501 -0.22218641908869
0.176367087827444 -0.189643803664985 0.00740277301905741 -0.199336346055351
0.284185923340024 -0.052657695201465 0.0807700155313921 -0.0713663721019668
0.24592650954729 0.149378299179662 -0.0281169043326419 -0.0105728912198464
0.202394426925829 0.334278315226338 -0.063264367478453 -0.212300750739533
0.19891231769337 0.122878658025936 -0.193397128335095 -0.655698083806764
0.167817836539735 0.0111962275328628 -0.315499058443732 -0.348495543881414
0.110148425225816 -0.0443570027722278 -0.142588818989329 -0.0561674079170881
0.0513550778653605 -0.0599961207929849 -0.0310711808658895 -0.0973360719603159
0.0204373784743033 -0.0701399762082549 -0.0619641127413663 -0.204100389633655
-0.00265544284339608 -0.0829388790790967 -0.214447704709346 -0.249845725240623
-0.0270931388660851 -0.100960514371534 -0.35996680212566 -0.16502281424587
-0.0498239720676033 -0.0861548594315954 -0.391685916801396 -0.0846701497145088
-0.0420192403855201 -0.0962812788583934 -0.359162719332868 -0.131862425616307
0.000821190387785779 -0.101065265129314 -0.254649417886706 -0.214164754830818
0.0406671346970217 -0.0740064618559824 -0.0904605884641673 -0.253472954533643
0.0870202897055185 -0.0295129259018917 0.0353659759012806 -0.17574287174675
0.094098592369524 0.00858974351443111 0.0726353615531299 -0.0443622729617988
0.0792683563089372 0.0565829010855073 -0.0836329091622974 -0.0364813309590904
0.105429690641203 0.134880200278733 -0.123957995369343 -0.298809369717978
-0.0273189309850255 0.13370677028344 0.232109310377726 0.329626576732677
0.0737357790600536 0.0898820221692601 0.191978281229105 0.063186034351979
0.116533270444482 -0.0238481684294196 -0.0688109803941969 -0.00876149360311777
0.0466080176970026 -0.115590846895914 -0.102714868924726 0.142754183697947
-0.0734031066256953 -0.0818108457454928 0.0256869937707508 0.28356769633845
-0.099385037190713 -0.00351608290542903 0.217030699293614 0.283459240529075
-0.111714938929753 0.0279985217247251 0.358885217758662 0.178835201674681
-0.108714932646019 0.0316641504736742 0.395419760648777 0.0948464001377335
-0.118339125743338 0.0221470828108126 0.367350003675901 0.154078738381805
-0.0973817658310035 -0.0289403594436257 0.236954596374326 0.218187549354075
-0.0552609979132286 -0.0996974438347472 0.0725565231489021 0.203202959675696
0.064646681622352 -0.11876370240416 0.0499528158513722 0.0784312370857316
0.119570262902766 -0.0046634070689708 0.139123943336708 0.0473542711652453
0.0485966954189607 0.0740729310456929 0.287843119267883 0.272026830006269
-0.0270708927197312 0.0814629690721454 0.223367745827953 0.640541091919004
0.0946916655122289 0.338992963883024 0.221559018551464 0.246349211986763
0.23137372186305 0.208255199235331 0.17619073920221 0.0295010329969198
0.309727145363745 -0.0315608217176772 -0.0810379573208002 -0.029839407473096
0.177851978466848 -0.236310826955895 -0.127295452048725 0.104079045349333
-0.0791242238528672 -0.23826415094685 -0.0146993590205658 0.270797907928275
-0.179561751354164 -0.11438056680619 0.165145524139686 0.272551146148061
-0.24051684292188 -0.0527049276333734 0.29648715716971 0.185219008932869
-0.258641702006011 -0.0228637367972276 0.329612982876009 0.0978015794266635
-0.269318991248951 -0.0447696798180988 0.307928622515963 0.140376367958155
-0.190861469530519 -0.138338725949597 0.179275476769001 0.182093841936917
-0.0898765145458283 -0.25164411135447 0.0385708221080748 0.156297173826707
0.172799122727968 -0.279142665247843 0.0474087081568358 0.0189126945150945
0.328114320628437 -0.063847447340736 0.160492956082737 0.0106537817996441
0.238470833062529 0.184356145288446 0.319948580593988 0.246377522323566
0.10138887588529 0.308512405407146 0.262817491661866 0.583102629994612
0.206990206959304 0.507290137325186 0.190158926212849 0.103711668754424
0.374781583231873 0.308152110504738 0.130512857555134 -0.0305167175843884
0.482165531091962 -0.038565512211653 -0.0986648092326904 -0.0449871793688518
0.297533758781758 -0.341662742217122 -0.138310144518708 0.0636832905975033
-0.0728907727729387 -0.37497582019882 -0.0449760858310308 0.226882302922558
-0.235954026841997 -0.215355903724548 0.0969194686788731 0.220153150343882
-0.333249745946045 -0.12999844717161 0.189601913580557 0.160157454900789
-0.368936051645362 -0.0738916593012399 0.214117144944291 0.0870524314973558
-0.380985845226727 -0.0984389746046506 0.201335778427805 0.108142638209111
-0.263973276419647 -0.219518563886004 0.0913200508392841 0.121849893780048
-0.126408355236979 -0.36574433331998 -0.00805881673605496 0.085767342219491
0.240924017731874 -0.415633205921651 0.0351987623813143 -0.0499370660838734
0.487502323215586 -0.139267821065761 0.165177192317519 -0.0331236237589124
0.405569040888111 0.247583280577156 0.31119530854841 0.193518722762383
0.224047977343321 0.482167505033752 0.259298514174222 0.457152867082618
0.299222624060625 0.605552449541663 0.133221524749989 -0.0819927594262942
0.490299885925415 0.365982587461806 0.0511220742098728 -0.114941808985122
0.606486115928908 -0.0582072482381908 -0.122684892909533 -0.0563590428448933
0.376058804704908 -0.421491710547261 -0.136764620204407 0.0201511500074593
-0.0646316269873653 -0.468098211872575 -0.0660468427436189 0.150964719216221
-0.262821033739635 -0.288255936344199 0.015466431853934 0.13056952425485
-0.378237255840201 -0.189069484789251 0.0558072155156597 0.10759984658193
-0.424014778345751 -0.113328598566006 0.0668449071323894 0.0636295830484362
-0.43585520810069 -0.134820875257841 0.0627922247091116 0.0651013863393037
-0.298879140279328 -0.265327896834186 -0.0175572877016449 0.0492987244933732
-0.149932317382453 -0.422652928690891 -0.0638491775340444 0.00152673056581706
0.266770930979453 -0.492930625244824 0.0119369334093394 -0.11735992781719
0.567857214551218 -0.198009432967826 0.14913668877159 -0.0721900976346278
0.506729358294195 0.26294471561232 0.253510532967817 0.128536229114777
0.311456307700183 0.575655542150373 0.207233640552602 0.28338814707512
0.357772372754796 0.614189746809773 0.0523064973515167 -0.286816651219385
0.54045251870255 0.358480283975979 -0.0540878413492482 -0.209328367027971
0.638591147424575 -0.0797039184480613 -0.144320591179788 -0.065824415400016
0.389040863318783 -0.439563009185344 -0.122071269089656 -0.0283284786324092
-0.0515987983528627 -0.487003397710789 -0.0815106847198276 0.0465489035744134
-0.250960412077546 -0.311256779370924 -0.0724700360445429 0.0160930608504571
-0.365698662013981 -0.218565948883432 -0.0891681004798373 0.0362834036917388
-0.414516172959146 -0.136877813909723 -0.0912800789723209 0.0314789182674721
-0.42026753181831 -0.153651386986107 -0.0862911379128877 0.0178725237735487
-0.281886064192746 -0.27466765561038 -0.128866546696448 -0.026576542607475
-0.136685162322324 -0.411652997840708 -0.116442433921333 -0.0854130527078596
0.259168725657182 -0.476062825012849 -0.0103385888973179 -0.171015949425111
0.553244718887498 -0.203729537785207 0.121388415604476 -0.0946630708219731
0.50932384874265 0.248886335338433 0.160269865810258 0.0675405189667942
0.340103034763783 0.576798416628451 0.118216302300113 0.0949402949512023
0.363622463821576 0.5260902872106 -0.0413897646297238 -0.473648441409291
0.496912456101804 0.283314176770343 -0.164110242335589 -0.289989049815886
0.549560940900911 -0.0838284835886917 -0.153766691481035 -0.0720948308080363
0.326823550857972 -0.373552325937385 -0.0950928768388039 -0.0743521948817643
-0.0341121953325852 -0.411254250062816 -0.0880478217261968 -0.0652914127547687
-0.198360616828628 -0.279628131004879 -0.151748458147595 -0.100845724307843
-0.297144515837123 -0.212785503955953 -0.221899836732243 -0.0390007979016048
-0.341452893903088 -0.139227488693356 -0.23397537366911 -0.00506902421860565
-0.340438547738136 -0.156129992389875 -0.222097614207488 -0.0300594112541442
-0.213537647968944 -0.248874596504593 -0.218118012258477 -0.098867705643603
-0.0853008414337507 -0.337217515515121 -0.14537456642588 -0.163056714435545
0.229611440367734 -0.364933780350179 -0.0153611345522685 -0.200788008182956
0.451451891487545 -0.148317457797751 0.0961303810923004 -0.0942556362914965
0.412423352461557 0.208886661407435 0.0582434175879889 0.0210738343592185
0.304703100477738 0.490719443655125 0.0174050793762954 -0.0790908590079875
0.311536171293325 0.351299583317764 -0.13382232479372 -0.608984789201209
0.363507628655984 0.158115095148505 -0.257942186294268 -0.338086716744813
0.356070936753431 -0.070395834310776 -0.150932645362112 -0.0695544347089479
0.203414332755009 -0.235318421301005 -0.0642797239883953 -0.101665965460634
-0.00914217994677145 -0.2595350301827 -0.084432904715343 -0.15666940357903
-0.11199840713817 -0.197380073611623 -0.20722830238926 -0.195239330832335
-0.180919839680322 -0.170692417540661 -0.320982861024477 -0.106848366266718
-0.215530434276198 -0.12254619015735 -0.343542644825878 -0.0412578987503082
-0.207474905164295 -0.13784169647211 -0.322644553535084 -0.0794398160412933
-0.11200319140896 -0.190420777301566 -0.265664125079447 -0.162705064490085
-0.0179791547629366 -0.218435546008752 -0.137702114633031 -0.222677063307642
0.17428231709904 -0.201533825743278 0.00227072343121751 -0.201966373533183
0.28868804294774 -0.0639247911178976 0.0818636089415282 -0.0756468296774861
0.255482278278726 0.147055000096838 -0.0267679583153084 -0.0127033456204232
0.219492660490942 0.337152838515936 -0.0715550422319611 -0.216793578922689
0.206735426521117 0.120790274373018 -0.212267191491172 -0.665416860011643
0.171644782965498 0.00992615194400347 -0.328132320453858 -0.347933321586912
0.112191119780238 -0.0482739715371995 -0.146950299013455 -0.0523916235474329
0.0523644502671711 -0.0637862396777843 -0.0362471705999071 -0.099062974917512
0.0178759261884055 -0.0722891530254552 -0.0697597463546607 -0.207459678674538
-0.00666858589872164 -0.0847324936356252 -0.228714505182875 -0.249641425711032
-0.0331480252770114 -0.102013184339005 -0.370740610106042 -0.1548565686805
-0.055907650323196 -0.0864321629043252 -0.400036735180226 -0.0705547004331065
-0.047668440756899 -0.0976526912876328 -0.37117720333307 -0.120468659440852
-0.00336921181218549 -0.104198652481832 -0.267934944165661 -0.208371639091087
0.0386570904842686 -0.0772240487982801 -0.101000006517748 -0.255371067127511
0.0881349001462402 -0.0351815202066519 0.030930928118387 -0.179231794650266
0.0968636379376577 0.00465034669176854 0.0743075818588196 -0.0492219666406949
0.083505750577871 0.0565141681501252 -0.0843324297709587 -0.0368932249329577
0.113272734724159 0.13640612632789 -0.136940921229981 -0.304405541877916
-0.0221540255327397 0.137728253052173 0.252755480123367 0.331161426264465
0.0788288936546706 0.0879843786436706 0.198391947124847 0.0579952048575802
0.118352447437894 -0.0295237008437296 -0.07172829990865 -0.00562795931013336
0.0429466899228982 -0.120314730684418 -0.0978403529705122 0.150550854949357
-0.0784534782885563 -0.0807614904571642 0.0425125396538973 0.290835634678366
-0.100003658059588 -0.000120252612125386 0.240373599288612 0.282466256092445
-0.112920987867259 0.0340527687212099 0.377389610056921 0.164911162477609
-0.109775639399583 0.0386895874347362 0.408697813374995 0.0749794672940172
-0.119514483378226 0.0306998138881951 0.386888553551666 0.13560429296124
-0.100475946885665 -0.0245704553140819 0.256659192703926 0.210322075630692
-0.06115771238892 -0.0991243177372358 0.0858636406053356 0.205895045679271
0.059579283523134 -0.124626292888213 0.0534885244929743 0.0783376077009144
0.121708532291768 -0.0110291231306998 0.142142768628295 0.0448430138431121
0.0520814414611011 0.0727381537439687 0.306957205292955 0.267891007112606
-0.0246149801352791 0.0826596831975539 0.259185097798761 0.650581094448525
0.113938108025458 0.342037093330748 0.238312531970209 0.245452483120481
0.245793132502531 0.203063015032467 0.181468772475009 0.0244044730697494
0.315098841360403 -0.0463891880176058 -0.0844369122140119 -0.026364932926716
0.172101282944737 -0.251528296935859 -0.124935465166841 0.111932203718487
-0.0918885301975611 -0.240733175125727 0.000900347582717423 0.279487873059526
-0.188623658364644 -0.110069031146061 0.185657262066825 0.272694680852318
-0.250232448350207 -0.0433123337089741 0.313085714999099 0.174214185355838
-0.267420203218104 -0.0088076053255694 0.341263883378256 0.0815198009670977
-0.278399936086104 -0.0299302146630172 0.324103416825474 0.124908789206716
-0.202987539767569 -0.133855122447749 0.195307709773158 0.176754472666235
-0.103983967570336 -0.253355653961386 0.0485501077037906 0.159390335280666
0.164697035339607 -0.295659798738496 0.048564286595019 0.0179309972338439
0.334121969931952 -0.0826792836812603 0.163457254744451 0.00604249809881014
0.253981261961864 0.178663347998018 0.339465941276972 0.23980791260712
0.119651178654841 0.311323446063069 0.296787374591424 0.588550793295503
0.235985148698417 0.508373135834588 0.198512588019838 0.100746776827901
0.398815814877263 0.301006598221661 0.131994723772577 -0.0354870839613068
0.490958598293384 -0.0619649453124593 -0.102081305531578 -0.0405027716488199
0.290936946748147 -0.366274747247259 -0.139615247579481 0.0700234845994064
-0.0929337555859313 -0.381456608933932 -0.0315601861585679 0.236326444348494
-0.252007604380376 -0.211633669559856 0.111509617844913 0.222183233886954
-0.351123851355925 -0.118471653287186 0.203484202909974 0.1542876183668
-0.384372710882626 -0.0550267765655793 0.223073509983991 0.0757516450395427
-0.396850908450737 -0.0798107551737345 0.213052168883274 0.0972057436323375
-0.283254868883525 -0.216316648815183 0.100968729051555 0.11942594935832
-0.147404788119459 -0.368954944825898 -0.00242361768698905 0.0885071294280826
0.228146435607053 -0.441112786573179 0.0324575207966288 -0.0519828331514434
0.495275527313123 -0.16807157887166 0.167291364471428 -0.0391704729100957
0.42900974523922 0.236529980507419 0.328637342950788 0.185219534684094
0.255505989544031 0.48527476739724 0.286667114302954 0.456964463222195
0.33486600750374 0.606257668172305 0.13214435644431 -0.0891834554485304
0.518130792538158 0.355314753137286 0.047678938732164 -0.118867828399339
0.618309598289268 -0.0879351186745112 -0.127194944605191 -0.051070561297406
0.370907093810945 -0.451509525628349 -0.141200042743707 0.0247940999512144
-0.089128528665698 -0.478543142825296 -0.0569660273228706 0.158894954351023
-0.283812778432734 -0.285587580769044 0.0226706669609105 0.133365587417267
-0.400292379168135 -0.177360577670252 0.0633311240638738 0.106778077842288
-0.443408590994815 -0.0924082749307273 0.0713084382923516 0.0600695893659216
-0.454697338584795 -0.113519068355966 0.0684114351952478 0.0607206371785456
-0.321323859732147 -0.261882844736932 -0.0156858566399755 0.0503370036151716
-0.173734597324322 -0.427202990192403 -0.0642655655549122 0.00438516478081676
0.249615872788579 -0.521646157035911 0.0063309983444232 -0.119890269932298
0.573429554922091 -0.233056526443819 0.150136456309161 -0.0793527986779213
0.534683838268813 0.250616593664225 0.267082162883814 0.119315846903046
0.349413644882782 0.575756757646182 0.22484948765649 0.281907980828766
0.396298625437554 0.614073440421981 0.0406504895813026 -0.297081687145585
0.572966892226081 0.346722365308271 -0.0635508198292084 -0.21156511315954
0.650365789895835 -0.110325767437533 -0.149372920636355 -0.0601913761757562
0.383514539645177 -0.473522518916702 -0.129076205683364 -0.0253693320215637
-0.0780563916251987 -0.497808728813978 -0.0783873883558582 0.0517535578364786
-0.273510122727714 -0.309037381674585 -0.0738554701806506 0.0189059424835055
-0.391004125009801 -0.20910105371881 -0.0882569287683263 0.0415628029541023
-0.435296450927808 -0.116340810299613 -0.0905126770712525 0.0359538140912499
-0.440725225542324 -0.134350365024166 -0.0877158464350107 0.0212674283036298
-0.303938879181404 -0.27159113670031 -0.133893374716319 -0.0215686327363615
-0.158567637361345 -0.415994696485926 -0.122944433895239 -0.0831450040019119
0.245512636397397 -0.505308155123606 -0.0184698500660733 -0.174511652988013
0.560235685532122 -0.237932951055572 0.121092771393126 -0.10196726280573
0.537082300437909 0.23277644762957 0.168282701415907 0.059366813130832
0.381226407466745 0.577376585244097 0.125566009318334 0.0907877397368992
0.397986465577624 0.523054967675212 -0.063683485969892 -0.486163416163635
0.526093585586755 0.273024184931852 -0.180192526543462 -0.291255931888551
0.560985984309779 -0.111766416726392 -0.159936816796713 -0.066307331029954
0.322712871656277 -0.401214603108258 -0.103572861884658 -0.0739256298038031
-0.0556817471883363 -0.420963498846398 -0.0921394339523923 -0.0633662877347902
-0.219393448720191 -0.278448218633708 -0.162681600296045 -0.097527072389976
-0.320083361896215 -0.204733936632883 -0.228305017009686 -0.0290963027217332
-0.361036375140389 -0.122941109902249 -0.238668065809923 0.00659015867680673
-0.358805381352951 -0.140219051284375 -0.229311817731081 -0.0204134629841334
-0.233558994740154 -0.247402292406417 -0.229181629508618 -0.0901049199214106
-0.103524396205237 -0.341741507128779 -0.15656827992225 -0.161004335163777
0.218639072362776 -0.389505597985076 -0.0249607607087972 -0.204111922462343
0.458321062301654 -0.175406996663658 0.0957940607011914 -0.102248576125259
0.434843806044461 0.198122194459701 0.0620553571213822 0.0158532480277218
0.339064841508496 0.491522356110963 0.0134603735888548 -0.083614261131561
0.335990501405595 0.346063673352821 -0.164452445648137 -0.620441625705071
0.382080335327603 0.149692016550294 -0.279107099547881 -0.337010292877481
0.363344653785854 -0.0890788706728324 -0.15731981186121 -0.0633818006706538
0.200315565741687 -0.252350134117308 -0.0719265397614798 -0.10211902303151
-0.0227935436425592 -0.266879045428933 -0.0938901618165131 -0.158193943083802
-0.127143867550932 -0.197196796953558 -0.224866622019417 -0.192053818115619
-0.198122491997507 -0.167426696621604 -0.333243030535903 -0.093232569574067
-0.2298760171937 -0.113076323207709 -0.351336401067033 -0.0243132251187832
-0.222579938070539 -0.130068280028799 -0.334218289960243 -0.0631319467856612
-0.126302841852112 -0.191634261484739 -0.281715986730572 -0.152909069525708
-0.028632184135795 -0.223284987980221 -0.15268389889213 -0.221902626239356
0.170326632715577 -0.218564750152778 -0.00721921227031791 -0.206814710139177
0.293839568862567 -0.0826980134003043 0.0822011841293814 -0.0829710527000706
0.27077813139776 0.14105319661071 -0.0266120546246994 -0.0148055850277827
0.244803164914935 0.337393387070788 -0.0840924814499858 -0.222117784342469
0.217378534228213 0.115556477337125 -0.244718701910544 -0.676461302812399
0.177753667377157 0.005777025337717 -0.350427525289772 -0.343980316657756
0.11441584674957 -0.0546174800110888 -0.15257623174681 -0.047094229835297
0.0528995097460042 -0.0687458054186093 -0.0438143238887932 -0.0994852879242149
0.0137540470010951 -0.074498066508445 -0.0826200585141768 -0.211279894671834
-0.0130651536539947 -0.0866523972051423 -0.250295232315795 -0.247073896789055
-0.0413964642733784 -0.103320410970319 -0.388106346881581 -0.139591986777356
-0.063905794079589 -0.0858905627183836 -0.41138416484041 -0.051511014298192
-0.0564253872306938 -0.0980744689650331 -0.386692672276464 -0.100706048955413
-0.0105607879324377 -0.107952828979649 -0.286207946699806 -0.199062855283509
0.0360012202455272 -0.081871675495037 -0.117038085048168 -0.257069134890739
0.0889350186315321 -0.0427141201847865 0.0238947197296994 -0.184264207907036
0.100044724879964 -0.00110086043522812 0.0752000062075966 -0.0561946921542203
0.0901032581830215 0.0559996272456957 -0.0872637971824742 -0.0360920484202375
0.125890280696736 0.136071919204638 -0.156032315082938 -0.308996436652471
-0.0139458269789117 0.140004446040345 0.276785862950064 0.323455324625295
0.0842620749651481 0.0826358310208518 0.203444955990289 0.0477923383889808
0.117794113337403 -0.0371699986690721 -0.0739087760020369 -0.000884968247518071
0.0358139382183425 -0.124500617580098 -0.0878178897855168 0.157662849117926
-0.0838250362835034 -0.0766091525697243 0.0652450797254886 0.29258708147946
-0.0997619892663355 0.00533455298120291 0.266504670898709 0.271675427057463
-0.11253510415913 0.0417731120139524 0.394864948370598 0.14259317898516
-0.108378537880991 0.047302311567344 0.417742550859418 0.0471331594456501
-0.117902503429307 0.0397896036562212 0.402534094086486 0.108161489154339
-0.103322093659353 -0.0182734516089567 0.276523991275564 0.195854524613011
-0.068330579021828 -0.0960760114664971 0.102264267773957 0.204497825119284
0.0515921743382506 -0.129713640990694 0.058152923564412 0.0770672943987001
0.122573448127022 -0.0198319220466313 0.145739953180749 0.0397826633603999
0.0558384834204929 0.0696483576819587 0.327038088249763 0.256083578659459
-0.0207345780109261 0.0839035731726913 0.303624968954263 0.64657760549986
0.136511001425705 0.338518369523301 0.256554398907977 0.237768943399493
0.261951103137772 0.19016641833365 0.184899787344418 0.0150339442618962
0.315242862679733 -0.0667694839583722 -0.0865237892494977 -0.020386183250602
0.160339356192579 -0.266696882303321 -0.119862964178947 0.119896278506343
-0.108289846817078 -0.238604100355937 0.0227622463393988 0.284245473244085
-0.197685862742858 -0.101605972284528 0.209676211938659 0.265714208547429
-0.258529305486567 -0.0285312333020534 0.329715186103589 0.155731581750115
-0.272444074626153 0.00997995052391196 0.350029565079291 0.0584749130734418
-0.284186184642367 -0.00997466405878675 0.33846660326685 0.101009907513844
-0.215404997674006 -0.124271041987082 0.211258615944737 0.165038241966491
-0.121251845867617 -0.251550653496947 0.0608478619651428 0.159487914815849
0.148176543231297 -0.311824492692092 0.0493591328100771 0.015522330931406
0.333761406192914 -0.1065799639223 0.165822183864675 -0.000651437519229809
0.268944187684616 0.166028317557696 0.357984237040712 0.225224008316827
0.141657704714045 0.308789629734067 0.337955927255447 0.582987259670528
0.271196186364768 0.500446300807017 0.206605946242748 0.0921140292971943
0.423073393942784 0.281663961374613 0.131298160308384 -0.0427362937272566
0.49319309545885 -0.0938993542692332 -0.104887353671105 -0.034332656700259
0.275321700305097 -0.391877293727699 -0.138320137080538 0.0778527405920943
-0.118253457003915 -0.382310752904058 -0.0137469581846755 0.242124891102117
-0.269528586825449 -0.201052947301842 0.129681249321788 0.218906282563106
-0.366454607259693 -0.0980001985084501 0.217942558297285 0.142315363441701
-0.394929013038464 -0.0280940978290973 0.229834678091111 0.0612557429733007
-0.408320157850371 -0.0520130883304764 0.222944458864772 0.0810715955162913
-0.302368762276158 -0.203583557847969 0.110379389701572 0.113065345689521
-0.172834602304008 -0.366064861904643 0.00450542506991237 0.0900597693038338
0.20454132458144 -0.465865863151995 0.0292847577427832 -0.0541899685611784
0.493136138544756 -0.204180609734976 0.167472544642432 -0.0475480487076668
0.451858835030589 0.216669360797752 0.344095492704292 0.168680971863986
0.291723846697928 0.47655252901692 0.320472013237976 0.448160077773249
0.378299882897045 0.593594614345839 0.127545248588472 -0.0974347570773064
0.549511286858194 0.331593423960338 0.0410099557932956 -0.122793447466756
0.621551109062975 -0.127340948766766 -0.129862961529893 -0.0437876790858569
0.352547634424832 -0.485092714334671 -0.144010140024863 0.0322002339424311
-0.121514988442704 -0.479752040660669 -0.0444995086763076 0.164702518029571
-0.306463495408635 -0.273824038780305 0.032049000317247 0.134361962266585
-0.422832466576398 -0.154168901689345 0.072973787226613 0.103708797693923
-0.458881084508514 -0.0615632486117946 0.075148532101843 0.0543283262622326
-0.469603882074117 -0.0813741918399295 0.0735912659857144 0.0544199906024227
-0.345007409072051 -0.248077026487338 -0.0129333693215944 0.0509219918815346
-0.20274148869388 -0.423859596680021 -0.0640723937799336 0.00760537866539343
0.222057497758208 -0.552697465192294 -0.00163934491823449 -0.122052707361993
0.57008363298412 -0.276402114509769 0.148351769726726 -0.0887619561358119
0.560215750800281 0.223181957235615 0.277968997761931 0.103735374841972
0.394457857720715 0.564322000698607 0.246232532313774 0.271789323604111
0.43829083697037 0.598097012548733 0.0223175693442969 -0.304379359694072
0.604695885904627 0.321123801730478 -0.0770365568924583 -0.211151135116204
0.653754293788444 -0.151404117870132 -0.152906584205754 -0.0519204403759558
0.363357205271835 -0.508963664571194 -0.135378438957 -0.0190077230631125
-0.112469055527685 -0.499769319690967 -0.0732205468672446 0.0573432412663392
-0.299645009898961 -0.298936498762477 -0.0751622518911816 0.0241140634439717
-0.414859928303777 -0.187613161873633 -0.0860204105698174 0.0468678753644648
-0.452811576308561 -0.0857123569830254 -0.0892001098117257 0.0400568954851852
-0.457707070130802 -0.103911051965387 -0.0877638165854039 0.0255487690815824
-0.329797289518041 -0.259527697191798 -0.139004367831608 -0.0135533685395182
-0.187039685159586 -0.412816862068958 -0.129436387291504 -0.0767196233603468
0.218058385493893 -0.533974013255826 -0.029908459448502 -0.175964096287791
0.553322180864428 -0.280396210497826 0.117605261012366 -0.111239496932121
0.562772670360771 0.205730705068507 0.174373619096201 0.0482536613449
0.426043032873054 0.563383964369844 0.132997995696997 0.0829746506647502
0.436412187217385 0.50736443443809 -0.0948358616406844 -0.491391434918067
0.552923760407765 0.248804988119218 -0.199281364233228 -0.285941526935961
0.563397591996254 -0.14805986473401 -0.163440343328475 -0.0580772748662948
0.306336559138451 -0.431629706481635 -0.112393023709871 -0.0689907216294071
-0.0846242305961616 -0.424522002662779 -0.0962933198107914 -0.0593071434363728
-0.243069837480718 -0.270170587664972 -0.173766905880958 -0.0889144484625833
-0.342805317453668 -0.188287070669479 -0.232710904797432 -0.0155624584446302
-0.377840195421263 -0.0989382910489357 -0.240352815619749 0.0207203919747412
-0.374490785024944 -0.115802558119237 -0.233457161425637 -0.00577923135622823
-0.255270136461463 -0.238913434126333 -0.240209193925595 -0.0764927223771241
-0.126308285360334 -0.341721716468368 -0.169361094046086 -0.154127310578063
0.198589488070801 -0.414674523588415 -0.0377490724600596 -0.206269585544158
0.45320553004324 -0.211262802162654 0.0920194648311603 -0.110943824568508
0.456979029555922 0.175383113581791 0.0642664332113072 0.00962196155670176
0.379807268835744 0.478074216511495 0.00840642550158449 -0.0886520827795997
0.362857246494926 0.332288230638364 -0.203732513240841 -0.622498543632802
0.399240994203306 0.132873763445959 -0.302703955423238 -0.328075335038991
0.365159278915656 -0.112163066072718 -0.161552377509117 -0.0553471231256845
0.191239614998918 -0.271846451073583 -0.0817424100130957 -0.0989933677278119
-0.0414400917082538 -0.269047763665919 -0.104942763807519 -0.15513853503551
-0.144120744868492 -0.192952887135864 -0.244925208885608 -0.180658508160577
-0.215941289669403 -0.157559299429176 -0.344896819054125 -0.0730299965485442
-0.244030739530315 -0.0975279191660878 -0.355228150481006 -0.00195661792638582
-0.236700874910971 -0.11575364052437 -0.343095454294957 -0.0396745170731561
-0.143112201989239 -0.188791920840327 -0.298165403610531 -0.134986466054014
-0.0426864100368938 -0.226159547743058 -0.169361226371252 -0.215297709284242
0.15871820141661 -0.237404674183137 -0.0202775381251201 -0.208960170549774
0.293520952170626 -0.104924508987676 0.079287376158977 -0.0916330219564487
0.286138969273849 0.127305792754954 -0.0276065257998152 -0.0160533548800779
0.273906484886653 0.327559738292806 -0.100163362941604 -0.222934622314163
0.227940068821964 0.105163222835798 -0.289827894563607 -0.675887310407966
0.182956518239689 -0.00194080791270696 -0.375947483296879 -0.330754085027096
0.113961618977981 -0.0618602601500941 -0.156733874525448 -0.0389090162538377
0.0513427989190638 -0.0744970729365923 -0.0518898663257697 -0.0973828426105146
0.00847341748553588 -0.0763979904647627 -0.0991355898942914 -0.209666918659557
-0.0203702034805667 -0.0862731728137379 -0.274872859115891 -0.236329675389443
-0.0518446078757987 -0.102767507149167 -0.4030234570203 -0.116119516172129
-0.0728763059090293 -0.0817743300056027 -0.418227763025301 -0.0242856241131803
-0.0660837736250739 -0.0955906626811546 -0.398434374355048 -0.0734458025133784
-0.0195660216785885 -0.110263569935843 -0.306077336051435 -0.181114889848059
0.031321305616172 -0.0861758680992982 -0.136655854444818 -0.252898972157068
0.0876888544189454 -0.0521801872555298 0.013499416145441 -0.188365478077508
0.101633563993712 -0.00934636563017222 0.0733493853524226 -0.0641345381575598
0.0973494082286041 0.0519801763424228 -0.0900901600096594 -0.0337459069250639
0.139320989757912 0.131374579205119 -0.179219712215623 -0.306154644520558
0.0203678860615111 0.140598196556641 0.318802640875928 0.267997820524319
0.100975098161353 0.0615272394533427 0.201503956008036 0.0170534109319651
0.107063916432994 -0.0573345313937474 -0.0730167824615902 0.0193791194243187
0.0109559210336932 -0.124311986471688 -0.0540613661751245 0.173469854757808
-0.089361168702207 -0.0550934274442391 0.120157597595421 0.27251536279784
-0.0846601095621908 0.0225829503694316 0.310353317044817 0.214803581410617
-0.0976882597434539 0.0601305940621193 0.414714504856062 0.067799869081336
-0.0924599203171177 0.0595002717646812 0.411411692246755 -0.0242724375888672
-0.103719319716814 0.0570068847879848 0.412721790529577 0.0426990311337719
-0.102704293829868 -0.00395475226782319 0.306974023459196 0.151579228737822
-0.0814689280403853 -0.0832830824045715 0.133562827357712 0.188279245413494
0.0284526149609283 -0.137876323012297 0.0665610365423928 0.0725859987041171
0.115817671932145 -0.0424394934482395 0.145426119079837 0.0220375451821368
0.0631417157071198 0.0541419384876775 0.361811479035552 0.208438069958176
-0.00328728985057554 0.0799834832679883 0.382608513310212 0.596777587191486
0.204037879608711 0.30407088519796 0.271425932819797 0.189861847164265
0.293764333930214 0.131790761230736 0.169165447648992 -0.00584169526964028
0.294800806884523 -0.122494248278704 -0.0907224220274915 0.0125841895038904
0.104699483474004 -0.288806020417801 -0.0889522013734897 0.15123754863402
-0.143230245196457 -0.207316063773273 0.0859864434231523 0.272181657734196
-0.200562612674837 -0.0646076656853415 0.257593304541288 0.216984798943508
-0.259611840347921 0.0197669200740302 0.361834252011082 0.0928821553375051
-0.259827488748859 0.0521472927120142 0.348334099708448 -0.00570654717601238
-0.278048726543772 0.038594439479586 0.349399691804877 0.0432431246418252
-0.233430842189389 -0.0895494335277557 0.238958450701319 0.132116880399994
-0.16004725670268 -0.226734669059048 0.088659270571861 0.151105916209524
0.0926366115586503 -0.337521285462926 0.0471142887465318 0.0175757122068115
0.309536483089408 -0.162944696403824 0.153959797092387 -0.0204620028338363
0.28916210399663 0.115748367965067 0.389835029491621 0.16625508357846
0.192118729592856 0.277985020914453 0.411510130806248 0.520811975123819
0.363738648130918 0.43541191805495 0.189146223080095 0.0580869345962111
0.467853264325078 0.191134762506051 0.100874368409899 -0.0478444651527671
0.462590396598423 -0.182406915576806 -0.11292379576066 0.0123396628424681
0.192530080587575 -0.434610653661985 -0.112158030011283 0.123356449147369
-0.180088092079902 -0.346454362009627 0.0496058950325324 0.23809646019785
-0.289998173339281 -0.148997678940634 0.175083737312074 0.18397123269352
-0.382587611924547 -0.0292348573036965 0.253673169363887 0.100073378645207
-0.387610983016559 0.0362921838327514 0.232900468222032 0.014266284942276
-0.409553419254126 0.0209283827254943 0.231847964824949 0.0402439314717169
-0.334939648722194 -0.151918131398114 0.132345908134443 0.0963649690753439
-0.231261846415395 -0.330766367605617 0.0245319620568451 0.0920275321829201
0.121274093471737 -0.501424915165648 0.0165530147834301 -0.0447298372069543
0.448553772706931 -0.284762923124805 0.144824088301345 -0.0664426395359241
0.477973901821182 0.135330082270464 0.36647436704766 0.10627032492669
0.3666633823975 0.421666719604243 0.379821542365924 0.384761743973538
0.483498044421554 0.505093547104303 0.0741930467617422 -0.11261532161516
0.600122604684514 0.21529592656387 -0.00541884182084938 -0.107918240216477
0.581830697953692 -0.238910809366711 -0.139432743517284 0.0143615528430846
0.249792018617504 -0.542682249526618 -0.12345772429843 0.086094873571998
-0.20233462125532 -0.442644669521721 0.0109551618238767 0.16830588798148
-0.343381204091575 -0.213948887919723 0.066787833232019 0.11820565661453
-0.452851376596134 -0.0739958438928683 0.107608458840987 0.0888404588450525
-0.456378423551975 0.0163763188679732 0.0831523241913982 0.0319503917397057
-0.477086444738178 0.00399625928581205 0.0806435142660999 0.0364908703407095
-0.386435601782252 -0.187502075997957 0.000929764835742285 0.053639538848977
-0.270356287814455 -0.380571463430757 -0.0541949613380655 0.0210257489249734
0.122829306646902 -0.588814686799817 -0.023418134379948 -0.105397842444276
0.512319980836885 -0.367596398759913 0.117784583198639 -0.104566511666376
0.587712980466862 0.127289148920004 0.290585749012049 0.0468173010463153
0.48268207520929 0.495780602398788 0.284489719401617 0.215937076058171
0.539856200551127 0.496042449703233 -0.0627630723385623 -0.29518485605304
0.647921202161842 0.195103102702788 -0.136513532256584 -0.172763713729983
0.609938669029789 -0.269695795933439 -0.163248962962976 0.0117953691210161
0.25980336911723 -0.569296649252247 -0.124025159778263 0.0352084222891414
-0.198278106224566 -0.466958505398876 -0.0361082891775404 0.0685533852034383
-0.3444684187255 -0.239806493822706 -0.0573316165984694 0.0295180341611196
-0.454163705362651 -0.106403208028493 -0.0569624738296266 0.0614057732714405
-0.456438211638756 -0.007464487675718 -0.0785227578942595 0.0455279549532897
-0.470879430150939 -0.0180145236580772 -0.0816461102076105 0.0337426918343313
-0.373155020865678 -0.198662031585824 -0.133106059143161 0.00892088469598724
-0.254132745323721 -0.372618344924218 -0.131824966320953 -0.0523931051108897
0.120236001065272 -0.570236536233849 -0.0578105874972597 -0.15496961774066
0.495914549928942 -0.368547079240052 0.0845678838896145 -0.123580998803554
0.586642252471088 0.112212276095877 0.179683507873812 0.0058722126477285
0.513492021076484 0.489795136447945 0.148488808686411 0.043413259977123
0.51524669434365 0.407596114614528 -0.203662147862443 -0.457218835758296
0.581233936044652 0.137426712818664 -0.264782971581747 -0.227603365928592
0.521581450625593 -0.248634403668498 -0.172673850392359 0.00285935325459893
0.217034021393926 -0.486494974050007 -0.112219572657684 -0.0214090700592926
-0.160975621778274 -0.398761152204721 -0.0828281477479339 -0.0411040126912615
-0.288919971000034 -0.222007020493678 -0.175734320711379 -0.0620401352168944
-0.385542391852749 -0.119788163967822 -0.214936445447507 0.0262230631133875
-0.38775523516441 -0.0296724359665868 -0.227072485508719 0.0522833625741789
-0.393599190269176 -0.0435511847200202 -0.229449921679808 0.0269547318230527
-0.297115245239922 -0.189951193998075 -0.244805690965018 -0.0378280073426373
-0.182880624471923 -0.312610165441801 -0.183857432638826 -0.123396865576808
0.120519065205723 -0.449150691637448 -0.0696617719584143 -0.186783118429995
0.407776239095186 -0.283871229920094 0.0619713410374955 -0.121237036658412
0.480181961025505 0.10011791509392 0.0650760906383163 -0.0148009862077944
0.453026847015258 0.414978223964707 0.00197137744442452 -0.106859059501048
0.407306111864938 0.249157325234977 -0.322790730852527 -0.567565424823147
0.408448919061819 0.0543751728179164 -0.364374311691819 -0.257439976847737
0.33573162903026 -0.176263215909608 -0.16822819940996 -0.00667920700983771
0.135175382446461 -0.307503229181622 -0.0909119981393907 -0.0651058278933031
-0.0921141865857573 -0.257353357702081 -0.11762177423431 -0.133387125274587
-0.182410067123149 -0.163184315366715 -0.264478357316898 -0.13716714499069
-0.25330785036934 -0.112645732559378 -0.339531430152373 -0.0102235125684057
-0.259309735440363 -0.0495905999175033 -0.343017599683413 0.0517529053741196
-0.258917827034431 -0.0669036619810879 -0.341379129892216 0.0114621307595062
-0.178015252291809 -0.157821821799155 -0.311488480677811 -0.0869224335125431
-0.0830679744627505 -0.212956301281024 -0.195504291884736 -0.183689963360079
0.112424565347273 -0.26498247599374 -0.051565395081289 -0.197155824176266
0.267548835276353 -0.1529420430102 0.0566821455184687 -0.103377991634767
0.304105475520352 0.0796891005417672 -0.0290688051731669 -0.0222052533038326
0.3232917499192 0.284166502990879 -0.124653400986199 -0.219813877397805
0.230512057290167 0.0533101093209555 -0.400321363042871 -0.604596938508117
0.16908978111105 -0.034940499838991 -0.428046426801768 -0.253914983258875
0.0991422018990087 -0.0808481564833699 -0.158268546299945 -0.00549147100213079
0.0355257693743078 -0.0865009262674045 -0.0657034365720231 -0.0807075828664923
-0.00877562896840349 -0.0787787254616855 -0.131420435153486 -0.188461879955323
-0.0452876134196802 -0.0809257160635027 -0.308315924088164 -0.181656321291904
-0.0795668925877469 -0.0890645770859439 -0.411318437626195 -0.0415313510643787
-0.0905571898235851 -0.0626410566275217 -0.406837631974037 0.0433852287891838
-0.0879746569301808 -0.0776509634509045 -0.401346781598547 -0.0107964694584597
-0.0426426252869226 -0.101554557693873 -0.328351211593723 -0.131553613862824
0.0132725896566694 -0.0889907025862674 -0.171188959782385 -0.226941669154064
0.0741341146996091 -0.0689107967497663 -0.0148497505586231 -0.186154646461145
0.0969659310818144 -0.0275607291584547 0.0603037367399517 -0.0771738921399777
0.106981345082526 0.0363992736593308 -0.0936564025053851 -0.0253137807664346
0.158207753323193 0.111781826714991 -0.215808296391307 -0.285112545540532
0.0253454673701348 0.135175085198193 0.324395197816264 0.250775407986816
0.0985331906211007 0.0550948474826884 0.198203376102932 0.010422730681529
0.101795089167667 -0.0610091626326494 -0.0704229682450913 0.0230520700788923
0.00558950520942579 -0.12197927852709 -0.0452557604679825 0.170962767511039
-0.0898224660669896 -0.0504065939589002 0.132884443170177 0.259365244373209
-0.0814036680010473 0.0237518474477776 0.317744371339163 0.193731376128011
-0.0921862147574695 0.0642049173433719 0.410047950643752 0.0445832682428643
-0.0876650850307078 0.0631936603781875 0.399298192534654 -0.0430616121511159
-0.0967928216266468 0.060156968405172 0.4052022722185 0.0177615841173046
-0.0999988544447812 0.00134290797763979 0.308614753491948 0.131651288660957
-0.0838706741564655 -0.0773348074424216 0.140653116871222 0.178504931044774
0.0214873842085079 -0.13478463739988 0.0675819142376732 0.068395285421836
0.109799001886843 -0.0471667460800235 0.143638263800968 0.0184947802839169
0.0621396075477646 0.0503422771789951 0.363631630960439 0.190727335352104
-0.00113164855655237 0.0772434880123466 0.401587900031956 0.569366713850563
0.212164708010803 0.286626248220806 0.273788485998272 0.176820029404427
0.290768793113816 0.115552333291262 0.165683360218618 -0.0106115694807478
0.28174004130911 -0.132683860154055 -0.0875206344190025 0.0165921109659078
0.0905038247933983 -0.288633206889586 -0.0813780356118469 0.151008130531925
-0.14924381284748 -0.196369548929743 0.0992512047645356 0.26040688806901
-0.198853338300736 -0.0558763858545924 0.265530467473784 0.198660315053315
-0.254234938131537 0.0328790669222512 0.359307614796106 0.0703958138829702
-0.252231549264166 0.0654747936157787 0.338043358323324 -0.0223184426279636
-0.268577551495157 0.0519850230980153 0.341549732860528 0.021646771148288
-0.233532012620374 -0.0770452247352233 0.240605708014106 0.116159593098603
-0.167680784613449 -0.214420044510513 0.0961281048004903 0.143860749689603
0.0739198038448352 -0.336260589390017 0.0461709958711371 0.0154931029429156
0.294515782947796 -0.174318250008595 0.150620700612722 -0.0235708810015322
0.287045429085004 0.10082563198916 0.388969941484538 0.148378191208199
0.200597224640454 0.261819091129032 0.425596757720133 0.492915274096066
0.374287954969731 0.406958724957434 0.186886741203524 0.0514787578376528
0.464861391773177 0.166155724733847 0.0966199608727448 -0.0493970576228212
0.443252472601072 -0.198782271999042 -0.108126407818631 0.0166610018058401
0.170734176551781 -0.43743940015387 -0.106354933367589 0.124808040371727
-0.191756940069006 -0.330959625636888 0.0630666689329328 0.228437631781407
-0.291862902449366 -0.134275347181141 0.182254511602753 0.171769082990821
-0.37940105567888 -0.00779474791238038 0.254297354632799 0.0831958881622777
-0.379481885921746 0.056746808198558 0.226510358763317 0.00255054879434711
-0.398094218987359 0.042268814233657 0.226881768492535 0.0248687221239749
-0.337296111311711 -0.133532544944101 0.133839346133041 0.0869129496303485
-0.242051886762947 -0.314033575383835 0.0296962197144896 0.0886361177055085
0.0930463300047769 -0.499256877273235 0.0142048165649829 -0.0447068218060715
0.425569651691291 -0.300179869462623 0.139492330241864 -0.0698991092108194
0.474887348335723 0.112230797709592 0.36322442724665 0.0901350285842847
0.378479064944777 0.397054272968191 0.387204972564848 0.360626092162175
0.492381501942852 0.470894412417651 0.0668758664344997 -0.110106777711083
0.595090584883683 0.184917036541123 -0.0101843308187879 -0.103196898805608
0.558488356331518 -0.257997371818043 -0.134181740352851 0.0185255793971332
0.222216284920506 -0.549424684847728 -0.120552055696283 0.090022960055996
-0.218465492089718 -0.424210773567594 0.0213420136071359 0.16215840312131
-0.347267473406834 -0.195060366463103 0.0714011974027058 0.113192019299901
-0.451476852025502 -0.0484952949962447 0.110536600453984 0.0789400790920915
-0.448321729423677 0.0413127951701303 0.0809503817583959 0.0265438252132174
-0.465277437988406 0.0290146829383006 0.0793586127889035 0.028890362389119
-0.390125272476457 -0.16591925344567 0.00268286095392223 0.0524733357749169
-0.283053815229745 -0.361755754352697 -0.0510578067256377 0.0226357355386462
0.0907836647816516 -0.586563881070655 -0.0274934914462025 -0.1031656128937
0.484576226599585 -0.384633319316371 0.110516607570001 -0.106675634615616
0.58135678405575 0.0980659597583291 0.285772579907652 0.0350754448293984
0.495365875773442 0.461701330751354 0.287035865907898 0.198205068016532
0.547523547686761 0.460798339871688 -0.0750281135267788 -0.284332381597374
0.644975725622843 0.165424318894468 -0.141604782639178 -0.163009126938637
0.586086485177804 -0.28852019760106 -0.157252266665209 0.0163052318621132
0.230098281703659 -0.576713309949304 -0.123050756115929 0.0410300170013925
-0.215038299729114 -0.447303195819573 -0.0298349357155923 0.0670451934463961
-0.350102052606025 -0.219476486796194 -0.0556372388007363 0.0331914635384975
-0.45485843737964 -0.0796651047367617 -0.0520817222256751 0.0603231937697987
-0.449544670482493 0.0184428528412269 -0.0759173077684358 0.0471430040209947
-0.460315330643033 0.00790273234738494 -0.0791504601249231 0.0348568466450343
-0.377495565539525 -0.178051343841905 -0.13154665779082 0.0158492443737021
-0.266328206248596 -0.354292028810856 -0.130901005089632 -0.0463372069417002
0.0897501290455539 -0.568442930883433 -0.0639473620678844 -0.150055812923218
0.468831917595767 -0.385874072841879 0.077245567677139 -0.125299655261901
0.582097282697817 0.0837151714716002 0.175339135925316 -0.00224943259250651
0.526846680898434 0.454957583903159 0.145530582831762 0.0336872013833692
0.51915106591665 0.374341612572465 -0.219597980257659 -0.437931839302235
0.579061844104687 0.112409061274617 -0.27014043097674 -0.211846316185093
0.501467664041469 -0.265402221518603 -0.167925452185613 0.0082377138939842
0.192404378974402 -0.491418849834786 -0.112805218723422 -0.0143194388697803
-0.175576996887898 -0.38298596585602 -0.0818013227572201 -0.0379359851336943
-0.295293051126115 -0.20336725580921 -0.17690148039213 -0.0507755243777882
-0.387671543192212 -0.0962286181904694 -0.208808620494582 0.0345646159691511
-0.382998416529487 -0.00710134887851411 -0.220426136883652 0.0608191487707381
-0.386637243871152 -0.0216301937317873 -0.222846451952327 0.0363084846838058
-0.302796334910139 -0.172045413270266 -0.242519798793522 -0.0229786086824779
-0.193050384341913 -0.29790946093558 -0.185314957701269 -0.112594955224651
0.0954554899622409 -0.449432582933139 -0.076920062598529 -0.179974498344756
0.385785170368481 -0.296669447617827 0.0552726269620068 -0.123507883467513
0.475978194441515 0.0749067303050078 0.0617175842260361 -0.0182208507700453
0.462666251673824 0.384520298108504 -0.00489131355281848 -0.107246291515872
0.409193207434635 0.226504293175933 -0.340722592702241 -0.541840768264907
0.40464544771179 0.0382265942069251 -0.369216686100327 -0.23760428747345
0.322137537454287 -0.187413035135959 -0.164940610770553 -0.000995984106902018
0.119646475822741 -0.312611966404874 -0.0934100761542583 -0.058227180816217
-0.101582285020235 -0.247721937776885 -0.12124714302383 -0.126331752491295
-0.187509752883164 -0.150590989929327 -0.269529626801781 -0.119263345773955
-0.25735973051559 -0.0965972280510436 -0.332585568805495 0.00598978026497688
-0.257550682618531 -0.0343833544351103 -0.332468551396444 0.0654292640831459
-0.256995239392674 -0.0504289417881195 -0.332203678766129 0.0277056430556592
-0.184220658985649 -0.146632650279939 -0.309903982921165 -0.0681127654675771
-0.0905245610824463 -0.20526272930581 -0.200023714137269 -0.170564461854811
0.0959656889688711 -0.267622066549496 -0.0592051940033988 -0.19034657680874
0.253983977182707 -0.162736837870653 0.0500135308032434 -0.105136991378272
0.303762369312809 0.0637870028515145 -0.0304033754785968 -0.0220444777684799
0.330892822450771 0.261634473251495 -0.133564102452218 -0.212422538988425
0.228194832436661 0.0430381627149997 -0.417111442449011 -0.577608136225022
0.167209165233744 -0.0393915803377294 -0.430195048278956 -0.233751153696388
0.0954706659364382 -0.0833050521418302 -0.155511760140435 0.000223574756252822
0.0319745395504313 -0.0891894284670893 -0.0689049654091742 -0.07478605076881
-0.0125753373170746 -0.0766913497814985 -0.138147721772241 -0.178010061891732
-0.0486348375217784 -0.076142967044864 -0.314920786768193 -0.160820208990523
-0.0845414044199202 -0.0819388245106543 -0.404363854939912 -0.019121120707276
-0.0926446412104911 -0.0558469956589357 -0.394523031471975 0.0613201931018029
-0.0916085858834762 -0.0703107424417301 -0.389807685403976 0.0104943755084903
-0.048573596661445 -0.0974085976060465 -0.327516854664011 -0.109698674691931
0.00861848670851246 -0.0889338304662738 -0.178563206868301 -0.213395035849379
0.0677119822809256 -0.0728628378087285 -0.0223547730561043 -0.181121362430413
0.0936764992738171 -0.0326386400285747 0.0542743975588034 -0.0804335146488093
0.109209959500675 0.0301400053364681 -0.0937097761508873 -0.0222605406664208
0.162261729776184 0.102046042558439 -0.225148738384797 -0.271586583123907
0.0265783787193935 0.131280749177291 0.324526894820643 0.242699915571762
0.0952429574320111 0.0519243889308295 0.196667764384078 0.00849973667306918
0.097818211724125 -0.0619583272184808 -0.0682532862665164 0.0248366785494923
0.00404711605060303 -0.119526651154848 -0.0407466696380656 0.167739975332653
-0.089043978525758 -0.0478800573406495 0.138034784740977 0.250630068960031
-0.0798265605860544 0.0229566006603739 0.320191614110954 0.180656865885063
-0.0886096718262931 0.0654890643114071 0.405534666196321 0.031687584653146
-0.0848960675534297 0.0646602768165377 0.391134619359075 -0.0517585993345195
-0.0923424629135577 0.0612640546773112 0.397276811705808 0.00526819172801696
-0.0977863642874311 0.00335366911146439 0.308089877781678 0.11961323743111
-0.0847400587820923 -0.0735770235596605 0.144279179044369 0.172443777023675
0.0180208295226069 -0.132934475696264 0.0674074208908888 0.0666902168667067
0.106056830404018 -0.0486969039696294 0.143026744401497 0.0184999342836925
0.0599682357801147 0.0492708652933253 0.362499888406797 0.183455813066983
-0.00109326907208445 0.0751431125867665 0.406047688038785 0.555793250122019
0.213010481969292 0.276044281918504 0.27251090154602 0.171381613093478
0.286510457979683 0.107215062560712 0.163644578721794 -0.0111063902946121
0.27358238814575 -0.136017644423678 -0.0844840816380526 0.0180322195021826
0.0844437039582801 -0.287150556795784 -0.0781065403379727 0.149277185465932
-0.150360820775686 -0.190480922470665 0.105615856511921 0.251085934305871
-0.198130029446022 -0.0527318148883991 0.269873239762145 0.187639398390872
-0.249781785596985 0.0400474761922673 0.355629147240964 0.0581989929591134
-0.248535830521639 0.0721590359282967 0.33067623763172 -0.0292175451078093
-0.261594245746535 0.0581625188388636 0.335332177315298 0.0102707742322836
-0.232784981222214 -0.0709493084758282 0.24006946788615 0.107175379533713
-0.170408579629077 -0.20790605160914 0.0988369081551195 0.139311216766634
0.065359464132158 -0.334098210134126 0.0450534714324706 0.0144429360929267
0.28603755819605 -0.178622353759645 0.148918651318636 -0.0237286684131815
0.284593781736387 0.0949397724802971 0.386654835297846 0.141023550480032
0.20203330449133 0.25262996109208 0.428047173239958 0.479885825651427
0.373877465737956 0.392060547618047 0.184263592127552 0.0516561459488678
0.459534761930835 0.15444197674204 0.0944381327480053 -0.047182538192066
0.434500526812111 -0.202619828291718 -0.105678745251959 0.0166696153173289
0.160920853652083 -0.438410924904619 -0.104546431612499 0.12532357197706
-0.195252895595123 -0.321700568614831 0.069374908231919 0.220757999369014
-0.291654785467794 -0.127675378493261 0.185598843334767 0.164240497385755
-0.375662088467865 0.00393386318975461 0.253336386009255 0.0725104624161772
-0.373544837977827 0.0679430922387765 0.221144651936421 -0.0025207303270718
-0.389356619685125 0.0519130922444482 0.22160843694408 0.0157882844035523
-0.337627566289999 -0.124685764679506 0.133905129331577 0.0821566139785549
-0.24615164073722 -0.304492485106229 0.0323653429217311 0.0862232294809362
0.0809411336868838 -0.497212999801095 0.0118615149790115 -0.0448849904503425
0.413159724531215 -0.304839063994444 0.13697490271043 -0.0693653927074118
0.470950332200433 0.101790577087039 0.359798244644645 0.0844074880158131
0.381781476116838 0.381949064529166 0.388134145594459 0.347359845721003
0.491952615862507 0.452910918790269 0.0629508882208386 -0.105742599751784
0.59259976871535 0.170690530649881 -0.0129759773034821 -0.0996918976660355
0.546845968284002 -0.26444838224154 -0.131694735827848 0.0193692062352718
0.209698800005308 -0.552156484215986 -0.120216306819966 0.0926827452421962
-0.222796953315635 -0.413786966267227 0.0267467558767372 0.156278766617778
-0.348132168347983 -0.186619664473659 0.0738084601452426 0.110415418832159
-0.448696979589393 -0.0340238929120699 0.11117473400533 0.0719888109711053
-0.442269250729035 0.0537581483674849 0.077961236981967 0.0246440447085376
-0.455087442420334 0.0421351805762315 0.0761985244358433 0.0244937103783805
-0.389741970509835 -0.155659898796292 0.0025744098105217 0.0519849602642844
-0.287319338462692 -0.352153416539538 -0.0492953107568857 0.0221593572639316
0.0760289044885607 -0.585330353834894 -0.0306430611599515 -0.101840383536013
0.470017267367014 -0.38979065152248 0.107480566744612 -0.106338034581056
0.57699467381326 0.0859193451605748 0.282762463312471 0.0302349895139409
0.49825252084861 0.443434111351565 0.285281505083168 0.189180667119028
0.546528125492998 0.444303412981679 -0.0803884125925 -0.27575659634976
0.641304678726923 0.152005350249041 -0.144166305228019 -0.156725752714482
0.574410753660765 -0.295661339245644 -0.154863026693951 0.0169423892544449
0.216639774289063 -0.581942222005822 -0.123559447091136 0.0451313555793776
-0.222459384393108 -0.437498410395642 -0.0257845039793197 0.0641862274993367
-0.351811634838742 -0.2094101901256 -0.0547683533664402 0.0356451968791961
-0.453664595651457 -0.0650142858935612 -0.0502181503140327 0.058413069428804
-0.44433393920152 0.0323992813815488 -0.0755977076822658 0.0479157760897186
-0.452635570778962 0.0206130764741397 -0.0782359710037461 0.0347585536988082
-0.379256235192001 -0.16823865234834 -0.130475692195104 0.0205374790586328
-0.270583601002835 -0.344619115702864 -0.129211736778174 -0.0438624336786387
0.0737361729680044 -0.565432500199499 -0.0666456792810302 -0.14795863696023
0.453287887113233 -0.390312293027159 0.0728515215845921 -0.124804527474228
0.57594225221801 0.0699544057212604 0.172759179236957 -0.00469202125534334
0.528542385268958 0.437360584665316 0.14240167918045 0.0288988109157995
0.517223321924017 0.360410908372332 -0.224354373835966 -0.425678291967465
0.575523936340266 0.0994464535429459 -0.272221360597407 -0.203522513017544
0.491684951128224 -0.271067255736899 -0.16585084309307 0.0088647494657978
0.181427067298586 -0.495043881252483 -0.114168107276312 -0.00997981704242584
-0.181187346241981 -0.374203229325149 -0.079920853416712 -0.0372985512306539
-0.296448841727206 -0.193413746342644 -0.177812091025728 -0.0435834619287401
-0.387680913191334 -0.0824327931848263 -0.204979430848659 0.0366441257601266
-0.379263711286494 0.00418464172528852 -0.21675963888508 0.0640790669309306
-0.380213014254095 -0.00889167496565837 -0.21904110780357 0.0404536916145258
-0.305004062416877 -0.16266825321813 -0.239602824594146 -0.0150858594469811
-0.197576801504731 -0.290369726947308 -0.184379076395943 -0.107364683879313
0.0815613434157654 -0.447009737681942 -0.0791309699286316 -0.176725170392613
0.372653854389073 -0.301876949515927 0.0510832070341469 -0.12332320737178
0.47282155742618 0.0636644230710983 0.0604026407967258 -0.0193369934820769
0.465101454900544 0.366894158040272 -0.00839310884792842 -0.107693453880983
0.406970739801295 0.216600426652068 -0.34541244133324 -0.527710666644205
0.403328391721282 0.0308212396635172 -0.370103535408695 -0.228337980227199
0.317763891076426 -0.191277988837824 -0.163341308401051 -0.000330562471767175
0.113286205032776 -0.316042945907177 -0.0952528242284967 -0.0540627007499456
-0.105355112293271 -0.242327231311177 -0.121473055256268 -0.122245794175453
-0.188787793473907 -0.143392775648644 -0.27072181003422 -0.109089532463713
-0.25892079013697 -0.0862372240975641 -0.327899910270505 0.0131030260731968
-0.256728905215527 -0.0252491387527237 -0.325398706810625 0.0713445572192591
-0.253972731525095 -0.0421205906026288 -0.324715097570244 0.0358611541932821
-0.187372333373919 -0.140166059422094 -0.306428920996172 -0.0567833333744837
-0.0941937411124432 -0.201593465162513 -0.200673298695039 -0.163972652336782
0.0859819436977365 -0.26879912731714 -0.0622483607272296 -0.186661629930878
0.246322988028173 -0.166778013286545 0.0456893064004269 -0.105961097524559
0.301846695819328 0.0557752567554709 -0.0306427187741434 -0.0214860290379032
0.333558869322927 0.249591442902247 -0.137362763747389 -0.209397640694798
0.226118499492972 0.0397054049314998 -0.422651765686451 -0.562641402175811
0.167551444523144 -0.0402218827318433 -0.430497036500393 -0.224155211952244
0.0949419729282762 -0.084194725635188 -0.153730036308246 0.00209319177537911
0.030202950185442 -0.0915504727036461 -0.0696019562967972 -0.0709178282579934
-0.0134165078495182 -0.0754925583077665 -0.140677195060682 -0.172188116020708
-0.0489757228766488 -0.0725616296708399 -0.317439236727511 -0.148691985914389
-0.0876205354508593 -0.0780297671215796 -0.400323292988728 -0.00807405348235596
-0.0939785212689242 -0.0519876694993325 -0.386245329750159 0.0678881105067462
-0.0930598769390889 -0.0650226975243971 -0.381028161243711 0.020544838405193
-0.0521455171881178 -0.0946373807666429 -0.324843403923735 -0.0980111944285403
0.00603817289668749 -0.0888803207565893 -0.180989623278549 -0.205777411870814
0.0633927598202569 -0.0753867603528199 -0.0260831134353997 -0.178055004405971
0.0918253735717746 -0.0352870809049445 0.0500868814467766 -0.0818869915868788
0.1097696454971 0.0260568920151101 -0.0931109150918784 -0.0206488233382379
0.164169180409483 0.0969616250965588 -0.228191258261146 -0.265963422680668
0.0270147303120863 0.130587659483206 0.328688733824379 0.244459942730136
0.0933755185861331 0.0515032744624172 0.199158431060431 0.00868391782516388
0.0965181946406248 -0.0625241937808857 -0.0680041816593486 0.0259604234930681
0.00365455977318405 -0.120132579026151 -0.040429255956665 0.167879655815085
-0.0892112679468539 -0.0473161404443888 0.141931235670386 0.248769363684231
-0.0803435230436923 0.021816863979834 0.327431752702238 0.174555329669129
-0.0873228728467812 0.0674269399711559 0.407836288860036 0.0246218932880041
-0.0849888767392119 0.0669487345168684 0.391307282599109 -0.0549419677751498
-0.0912526160130103 0.061188643865483 0.398160182711131 -0.00169815155155737
-0.0975265680444695 0.00438667054330646 0.311282902456375 0.1140774464978
-0.0856692668149672 -0.0721144139763046 0.147995214350228 0.171683815173881
0.0169177834979216 -0.133144912553546 0.0677857858641952 0.067364904705639
0.104711960522558 -0.0495638038739307 0.145602229474347 0.01950793775129
0.0591587888423597 0.0508261201357358 0.367043110283027 0.182743423399138
-0.00176388734178608 0.0751810292558549 0.41187676094881 0.560243509100593
0.213976487631924 0.274818228736284 0.275871760213801 0.175079384740944
0.286246529176344 0.105968056978047 0.165975193478993 -0.0103866657563918
0.272911609372371 -0.138062875290298 -0.0847415937027101 0.0183720983610873
0.0829346951950649 -0.291936367065809 -0.0786437417368865 0.15055042332012
-0.152567987614363 -0.189974137913893 0.110109829032797 0.248537525180645
-0.200265661539023 -0.0527994232681975 0.275991248966615 0.183912511889347
-0.251210977307185 0.0455480252104348 0.358506311535625 0.0501144941265727
-0.249701926663125 0.0780417013041884 0.33097308742382 -0.0323491150583301
-0.261199771339144 0.0608824590320774 0.334297203186762 0.0036719513926252
-0.235287373286225 -0.0695808034222746 0.2425896957422 0.103488182735598
-0.174442584347709 -0.207307293658793 0.101717996279432 0.138770403672435
0.0615263627341337 -0.338474138943852 0.044406655984992 0.0144669173772646
0.285180503305208 -0.181716713134391 0.151000606171137 -0.0227547742373162
0.285864689199159 0.0943065506195852 0.391120571585931 0.141241475269189
0.204477351735899 0.252182538982641 0.433600292981185 0.480232301575944
0.376903566697534 0.390881093036793 0.18458105296451 0.05477336809831
0.462295930431148 0.15122977878769 0.0951770402743119 -0.0461383728562133
0.435280254601356 -0.206443086239459 -0.105644878408948 0.0166517364677458
0.158497372846494 -0.44680624613643 -0.106455559532188 0.127562406730853
-0.199039298603125 -0.322134930685736 0.0731215144435812 0.217862748187463
-0.296414637896974 -0.127261750448313 0.19057734727992 0.162171090050796
-0.379295089564654 0.0113496030710607 0.254693116949065 0.0663668509721561
-0.376854545034577 0.0770327875434423 0.220588553357027 -0.00362561419839154
-0.389379078958291 0.0581006183539109 0.220526784094392 0.011083724461991
-0.342320921216413 -0.122166889123718 0.135135480971243 0.0807780308715123
-0.251190320578691 -0.304936266222794 0.0342993542738659 0.0852227345959587
0.0751961830237065 -0.504460018085285 0.00992745449391381 -0.0457540904460817
0.412598021862979 -0.311479579277139 0.13804836267467 -0.0689319494641487
0.474262235255617 0.100100100701366 0.364641457094532 0.083918015671887
0.387335946371119 0.380512643786393 0.391181997730584 0.347817346933338
0.494808636039189 0.453666317260233 0.0623161673733765 -0.102901070693962
0.596825293395662 0.167839157942965 -0.0134659079319322 -0.0974160845911558
0.549219377761132 -0.270282352682321 -0.132443777686577 0.0184676543573899
0.206667924387731 -0.56148242544518 -0.122366280638891 0.0952286188654451
-0.228988140243483 -0.414991619185261 0.0298094965923715 0.153524418751748
-0.353438837810785 -0.18500319473903 0.076188010150517 0.110778820888394
-0.453803023364921 -0.0251195385017734 0.112373843281523 0.0670780115243347
-0.447073039376429 0.0640180820746292 0.0772046395910254 0.0247607607441209
-0.456606060277596 0.0485451165270479 0.0747107509972405 0.0219421037546284
-0.396656220012769 -0.152261704962877 0.00295669291893374 0.053155497147644
-0.292658109870716 -0.352494321501161 -0.049145114169437 0.0220900959060259
0.0675233558725493 -0.593155252476341 -0.0328898398789533 -0.102667127419552
0.46918753373739 -0.398203806450041 0.107304163725107 -0.106563226407427
0.582103134836721 0.0818613176735597 0.285831033528683 0.0296732993779775
0.504559458212024 0.443630525106101 0.287134472014583 0.187837843326029
0.550547037351908 0.442923971557925 -0.0824551229816815 -0.273014980922081
0.647372751552291 0.148696399935285 -0.146786327192133 -0.154579844055405
0.578706399151215 -0.300879430380373 -0.157136662765186 0.0161117220138943
0.213992216135829 -0.59263640416134 -0.126754416404661 0.0485450105705773
-0.227914350760306 -0.438888437138574 -0.0244407401750227 0.0616503570067928
-0.357443355651012 -0.208679230507444 -0.05513862116393 0.03776992956265
-0.459099461409446 -0.0564150832673368 -0.0511067900301161 0.0558317051787977
-0.449588116313709 0.0416338172092137 -0.0768119391661152 0.0497949181866034
-0.453146065030859 0.0266003619473449 -0.0804293313979578 0.0339019531047845
-0.385481376150278 -0.164933477637807 -0.130996142972849 0.0234367705513692
-0.275682277937698 -0.346111863860964 -0.131004195817737 -0.0438931588497294
0.0664747415926678 -0.575274327435615 -0.0700397079993098 -0.149120476423993
0.452107012386992 -0.39725770981568 0.0720198054568024 -0.125319113352154
0.580751389436958 0.0670539301267335 0.1750849261976 -0.00454428637806045
0.536008498938412 0.435442577729171 0.142055317560752 0.026115746907871
0.520994005679069 0.360156652333787 -0.228139370819132 -0.425074619108148
0.581646821224745 0.0975246756237765 -0.276864357573255 -0.20246761166719
0.496837647435491 -0.27601421406036 -0.168350827687744 0.00821422943961962
0.1788319160519 -0.507287508239991 -0.118093292774414 -0.00683960138922616
-0.185857829253941 -0.375526998318862 -0.0805131098125485 -0.0391492844225459
-0.301024683218289 -0.192641865561043 -0.1810323023112 -0.0394555001285518
-0.393804523864894 -0.0743572852810696 -0.20683375713916 0.0373295461843052
-0.384583855950458 0.0133401750246037 -0.217654968004015 0.0675500300254853
-0.38178298433443 -0.00234071699717437 -0.220405064594138 0.0417793575153258
-0.310957003442601 -0.16024270392709 -0.241082039460255 -0.010090047928183
-0.201288835663465 -0.292201552977078 -0.187279609335216 -0.107243117496465
0.0752531616349541 -0.454147058964339 -0.0821966556487403 -0.178059423271955
0.37289431157076 -0.30817896100312 0.049285383290701 -0.123920368875536
0.476740890884821 0.0603084020006456 0.0607794311857303 -0.0195643753533705
0.471912706857188 0.365956129400909 -0.010874228366026 -0.110827278931601
0.408869881764277 0.216936747719592 -0.349228793935562 -0.52788623982958
0.410297365825512 0.0306925298840698 -0.376274470856453 -0.227234800151936
0.321158071590767 -0.195189912037537 -0.165820415809178 -0.000530521509834956
0.110846731666265 -0.324149392315123 -0.0974585810970059 -0.051180310768204
-0.10803691695542 -0.243224795557241 -0.12391271253992 -0.122650027479861
-0.191565473574296 -0.141902710817343 -0.276968735700058 -0.103655719308903
-0.264421300310423 -0.0806820651435006 -0.330369306695465 0.0164485286417136
-0.260609169383808 -0.0198380412431839 -0.327294783810672 0.0756453880461773
-0.255811816244692 -0.0367449955072711 -0.325271985407742 0.0390752418328333
-0.192651078074402 -0.138686124991627 -0.308651537319091 -0.05000096360504
-0.0968713087884585 -0.202939257857808 -0.203681272523681 -0.163386070569313
0.0816228164886302 -0.273084142863967 -0.0642379374923218 -0.18787612211202
0.246620138370393 -0.170823062335215 0.0433025830261845 -0.107812462441876
0.304911977125493 0.0524731819542178 -0.0309561814440485 -0.0215196173636801
0.338960451925092 0.247940331632611 -0.141211608040375 -0.211983586280105
0.227781355025225 0.0403417253885546 -0.426362522942856 -0.565687979237561
0.171053058921468 -0.0404220153135259 -0.435656394212523 -0.223197977036919
0.097790202159753 -0.0860089214794848 -0.156114447206122 0.00179443904252696
0.0290970448588269 -0.0946487861209264 -0.0705888058212743 -0.0685672683231605
-0.0143324394192128 -0.0757485308561285 -0.144263504179497 -0.171910057684116
-0.0498028273264022 -0.0716328791831513 -0.324008429897338 -0.143642058860671
-0.090900009502859 -0.0759827457922929 -0.402708654911473 -0.00255430010758307
-0.0967544798410298 -0.0503492117332928 -0.386970101589386 0.0714744980012751
-0.0947428808821844 -0.0630750117190613 -0.381974729467674 0.0251583705846216
-0.0551363895933889 -0.0943399384542575 -0.326766223609588 -0.0916152906882939
0.00438514108497295 -0.0906704948639066 -0.183501608505652 -0.204421720224062
0.0617182189552641 -0.0778355190008241 -0.0272529556380182 -0.178938435673083
0.0923788749657786 -0.0377747117461536 0.0471932846635642 -0.0834347169792571
0.112261465774502 0.023712025664151 -0.0940621538955966 -0.0204303686972893
0.168091411144152 0.0951164321184795 -0.233802259941781 -0.268203926103462
0.0290255281061078 0.133337132855216 0.342737376779961 0.250143112812792
0.0942883130594265 0.0525637178124249 0.207951466889981 0.00632250757931249
0.0976030352317588 -0.0652742251885933 -0.069505554075247 0.0274493399448602
0.00253535771608054 -0.124039314237583 -0.0395042386291541 0.172363404394938
-0.0917562627207564 -0.0473953916525676 0.151337265571952 0.250778092685639
-0.0830857441415371 0.0226034925843251 0.34332244919338 0.17013063068602
-0.0875354340253357 0.0712902322401296 0.420257586022611 0.014699148632549
-0.0859677735365324 0.0723295860413415 0.401618385982804 -0.0637122469075879
-0.0925790617139713 0.0641683596733645 0.408335998417159 -0.0111823927245076
-0.0998754783078635 0.00672117806490346 0.323735946513662 0.109309638508527
-0.08967535262236 -0.0716984767839482 0.156703254263318 0.175144964894684
0.0149622179298105 -0.138019844333045 0.0706154674119244 0.0690508997344913
0.106152222526169 -0.0520718935644074 0.152260084180456 0.0199604373595743
0.0610215818082118 0.0535323219033864 0.382599310912376 0.184732493813306
-0.00174044819635078 0.0767082963952625 0.432032969811759 0.573153651114254
0.223084621704543 0.279584722671684 0.287013192678886 0.181503282919595
0.293995991987105 0.105130767357744 0.172423905761707 -0.0114284588842197
0.278715467421676 -0.146618187542021 -0.0872822413300856 0.0196169313624771
0.0815841703032113 -0.304274885960021 -0.0800325939020471 0.155950013389945
-0.159622954646571 -0.193362322698903 0.11833482140764 0.250706323169328
-0.209049376485975 -0.0519973605772717 0.289833856737197 0.181703231690036
-0.257304784012705 0.0531585743076652 0.368863963856821 0.0411893776113019
-0.256595238564508 0.0887562000705486 0.340038870234706 -0.0386155497120238
-0.266981773806164 0.0683164918418129 0.342805206130171 -0.00497810080262878
-0.245438845899696 -0.066892983122547 0.252192666066813 0.10025670400469
-0.183335470704799 -0.211179257582498 0.108556259125128 0.14155984056902
0.0566132824126056 -0.351917937295214 0.0451309036468781 0.0146499331254024
0.292076755291836 -0.192755929353763 0.156851682355021 -0.0235315513745049
0.296447301819824 0.0952214128161338 0.407076651834786 0.141526141988124
0.214823344202327 0.258242041738042 0.454829219439601 0.491802759555335
0.392093761616719 0.396473363926826 0.19177553470198 0.0587416972747332
0.476402225237981 0.149704190302118 0.0990342061294789 -0.0466732534064667
0.445107864940271 -0.220408371445995 -0.109629121268904 0.0185925931432377
0.156300567950524 -0.468369947505808 -0.109500495831724 0.134699708819789
-0.20998449331503 -0.328395903473501 0.0803204267501363 0.219774406915211
-0.308955075453789 -0.128095081325925 0.200929068240521 0.162941577990645
-0.391141825579406 0.0216553710239985 0.262389353872814 0.0592769554121582
-0.388635642774423 0.0903876360680177 0.226240024917641 -0.00668767329448081
-0.400284044750553 0.0674111455598493 0.225618428232345 0.00562452599356056
-0.357721878240461 -0.120369654948005 0.140639822599563 0.0798513751906637
-0.26429019775104 -0.311071376536638 0.0371466533210402 0.0866326259308348
0.0673837669558323 -0.524295523587184 0.00808826329234598 -0.0476902062370764
0.423006429540064 -0.328581091632529 0.143020311032396 -0.0713617702649669
0.490671406172104 0.0976787809544604 0.37892278667511 0.0832398256062279
0.405315252869575 0.388097513364797 0.408821902201889 0.354340187571365
0.514296308097789 0.461642252214462 0.0639891507476164 -0.102000471948742
0.617902163085423 0.164208336890477 -0.0149098267203822 -0.0979620503263582
0.563588166846841 -0.287970384435367 -0.137503722503242 0.0207777314398045
0.20338443997287 -0.590398123335942 -0.12727630749567 0.103058628300488
-0.24346594406208 -0.42497039253886 0.0338874949089769 0.154319763096459
-0.369942670889022 -0.186424583806322 0.0812596347857728 0.11306917526766
-0.470351821898696 -0.0142011692564692 0.114327564502731 0.0634507417936133
-0.462656633376506 0.0804863108830846 0.0792585626870106 0.0255496014114514
-0.469653506257311 0.0587091194440433 0.0745877069776812 0.0194447939747983
-0.414834610966223 -0.150186150471542 0.00433636667930199 0.0551258494969179
-0.309186874392502 -0.359750495528425 -0.0499666035866167 0.0222785577922614
0.0578295667008015 -0.616251133298958 -0.0373820486230878 -0.106110664207913
0.479312899747039 -0.419412035972175 0.109696703061686 -0.109620149043722
0.601367336855294 0.0766803158638441 0.297200969088924 0.0282658533584174
0.529522419320263 0.450605214029372 0.297359367796433 0.189130766566755
0.571107422442001 0.451779557187272 -0.0874544206334833 -0.277182400411199
0.672362136414634 0.14476906288592 -0.154329567034598 -0.155542560009155
0.595372444503291 -0.320531036933085 -0.163322363243983 0.0181781905076263
0.209306626258849 -0.623053992365224 -0.131910236733692 0.0557656133593322
-0.242071281419173 -0.450340440163089 -0.0241701449084799 0.0613330677404697
-0.374128827849747 -0.210859422605264 -0.0567648613796136 0.0421484060941839
-0.478359278078165 -0.0443556142313787 -0.0534249488119298 0.0554275427790984
-0.46541583583603 0.0567521092441236 -0.0792030595405027 0.0536858818886312
-0.465656653847396 0.0376234995954652 -0.0847050140742757 0.0358386748390105
-0.40345474010639 -0.162876442810844 -0.134498148908834 0.0281443939421379
-0.290572692302039 -0.353306102359065 -0.135834814322941 -0.0440043720014272
0.0553256381712687 -0.597827622626607 -0.0761018263230379 -0.154134053316315
0.463081112609759 -0.418547766350191 0.0720772534146361 -0.12877191547142
0.599391869005914 0.060359964300296 0.181298106201815 -0.00628747750866928
0.561781162479415 0.439912679647594 0.144513550035302 0.0231160917750677
0.541634779362978 0.366775615635376 -0.239135335649822 -0.433753020529232
0.606021767009735 0.0927672523171948 -0.289843540216393 -0.202955738139713
0.512845134679072 -0.293384400069935 -0.176029492305059 0.00975261662800233
0.175719276025782 -0.534019357240261 -0.123268573867091 -0.00147166403467764
-0.198411814413707 -0.385586770444559 -0.0843542343950028 -0.041112873821262
-0.315194268558613 -0.194701424069544 -0.189277429629752 -0.0341759062922182
-0.410941926582799 -0.0660961328581014 -0.214759381201739 0.040254126342283
-0.398687200179101 0.024994947116911 -0.22418768468447 0.073936287176569
-0.392727206025522 0.00513102279033517 -0.227602347665396 0.0477567123641178
-0.326696087178643 -0.160170668962136 -0.248365475210295 -0.00379217681569251
-0.213323803473803 -0.29884816672 -0.194752977008273 -0.108783220995231
0.0675180216916877 -0.473978680019357 -0.0895443928483908 -0.183352818017758
0.380592353234553 -0.326176299316122 0.0472688993758857 -0.127533883281887
0.491600961871848 0.054658066698225 0.0640164914132172 -0.0201986586568636
0.494339930254159 0.370397978411818 -0.015144402479864 -0.116899130052038
0.424346231044052 0.221004135835726 -0.366303344813691 -0.540005696224926
0.42715474255323 0.0262925587506212 -0.393317827209022 -0.228643239341196
0.332771028245556 -0.207811078129477 -0.173054755292194 0.00138110608641302
0.10884246888352 -0.342144344753163 -0.102440757133887 -0.0478439696812016
-0.115605587124144 -0.250250339997222 -0.130619926269092 -0.12553063256892
-0.200821623488019 -0.144282074166105 -0.289401747860845 -0.0983869573132093
-0.277497848238526 -0.075245269030039 -0.341774769014027 0.0232802228441813
-0.271645532251798 -0.0129144290643237 -0.336820798340648 0.0839302828112854
-0.264055253790039 -0.0320313230271988 -0.334108236877823 0.0469983606593866
-0.203302305983056 -0.138564997018421 -0.317126798700819 -0.0439797162681129
-0.103861198602069 -0.209053192675622 -0.212533466150388 -0.165251236713513
0.0772454355718387 -0.285177894142652 -0.0704691923103967 -0.193241698772651
0.252384216061735 -0.181986572491632 0.0414145847133319 -0.110706586979018
0.315028324736829 0.0482372429440179 -0.0314329921056988 -0.0215729275097825
0.355426294080179 0.250171055188159 -0.151518721889087 -0.219757921094552
0.236323338901093 0.0399973146833465 -0.445185997748897 -0.57980418738919
0.179457494563533 -0.043647152294536 -0.455211685151273 -0.224692798860103
0.102419157802178 -0.09131078561454 -0.16263779337918 0.00428986570284866
0.0279575006520166 -0.100927636377312 -0.0735512739897083 -0.0673485341052653
-0.0160378713617307 -0.078493724381368 -0.152412419074162 -0.173663954178139
-0.0521455626126168 -0.0732061862441255 -0.339894544715883 -0.138690680871292
-0.0978756731444506 -0.0745501159320482 -0.41517127702241 0.00631090003047957
-0.102119051733161 -0.0487300680945639 -0.397776474623867 0.0809726921082146
-0.0994237146124486 -0.0620697971215066 -0.391314618964184 0.033829491171293
-0.0603563371018178 -0.0957402410106745 -0.337008409378644 -0.0860620347625708
0.00218570518484154 -0.0944881676092112 -0.193453184716864 -0.207794540737602
0.0601692620941839 -0.0830008727868862 -0.0309729568688733 -0.184407913397962
0.0949887060304536 -0.0422948974861765 0.0455427521252676 -0.0868109214818783
0.117234826381877 0.0217270551514614 -0.0967615404446491 -0.0198093487932072
0.176732038467938 0.0947925640869229 -0.246849060782922 -0.275453707497951
0.0512096253927194 0.126103814519968 0.364033158451301 0.238419384870875
0.102149446241122 0.0387545222673659 0.213165883362738 -0.00585339864765647
0.0897457784456273 -0.0779975183765058 -0.0646762719062304 0.043907873763249
-0.0123979673053528 -0.124672849632803 -0.0160835314019711 0.182916131433898
-0.0933191199745885 -0.0365669010253678 0.184356074002225 0.235967161882032
-0.0780242394656607 0.028146967923358 0.370456958443692 0.134690354116699
-0.0763139852286305 0.0842070370754258 0.434784944462767 -0.0405427622390708
-0.0786064279400774 0.0811181575955604 0.407416391246295 -0.1095350863007
-0.0858946060826529 0.0775850455019321 0.428303841885182 -0.0562447592921606
-0.103884323701185 0.0209198066049887 0.356716121172824 0.0800852912082255
-0.102251114744528 -0.0609080471034751 0.18745532156329 0.170511055565661
-0.00363638138256304 -0.143099199126412 0.084926938006105 0.0726171973505737
0.102052372965133 -0.0622969487843092 0.161749665780137 0.0109301337460704
0.0633338019700803 0.0575526914769051 0.425592313074683 0.156561625317452
-0.0039672659060762 0.0870770463447982 0.505848140249903 0.571336335218487
0.265440803302953 0.248839145343455 0.289466144933506 0.185426288066488
0.310611386697738 0.0670519062608433 0.171094866391858 -0.00763946877729331
0.263542790477804 -0.185851460028042 -0.0784152893412837 0.053739470457862
0.0408089555981322 -0.321881668841302 -0.0458375636584498 0.181375756633999
-0.18066733143056 -0.176769910833048 0.159520333574185 0.233375214430342
-0.216030151407924 -0.0345948269608802 0.32089467273451 0.145715213967848
-0.255385643878709 0.0904593611755388 0.392974856383888 -0.0161333184125172
-0.251812718806965 0.117387683232958 0.343797056873249 -0.0783059846614543
-0.265601166272592 0.103931793364395 0.358985450622 -0.0415691730367274
-0.262919457333625 -0.0376780467691501 0.283484424441718 0.0788698248268552
-0.215261732401172 -0.193164680131755 0.136721189460475 0.139758482047871
0.0131584810279794 -0.371585387323984 0.0537312766714188 0.0243489415970645
0.280586405727435 -0.229490941477442 0.155808291884521 -0.0265834528320473
0.316610567479385 0.0771255645733033 0.437394991510972 0.0982241332231802
0.245291160956588 0.259510112833754 0.515783545034056 0.465409231422461
0.448707240373737 0.349016966565406 0.172752818856195 0.0785861728426078
0.502380874836802 0.0901773874377243 0.0881083889700943 -0.0263849920492378
0.424594709874972 -0.283310068705685 -0.0965282771051227 0.0703972459523144
0.0918715572826546 -0.501372710554265 -0.0657543211929212 0.172496324507148
-0.249530473721285 -0.308558015525329 0.126698685635644 0.200172660748975
-0.328763147247601 -0.0996675011842512 0.231597922819692 0.131640287867473
-0.400018333347673 0.07831912224968 0.292837807659687 0.0070747416662922
-0.388397506943594 0.134465277338706 0.228328695924149 -0.0348507707538473
-0.401241604607781 0.119749268523034 0.236014712577332 -0.0179773925316269
-0.38552475892838 -0.0798675353482039 0.165724811658544 0.0692940015187171
-0.309696617878314 -0.287073477077336 0.0581338130289452 0.0884361315074121
0.00100971170391949 -0.553553879096997 0.0106591300884506 -0.0328596612437275
0.401096398820407 -0.387707705397212 0.131437350362249 -0.0675257563296015
0.523530498504585 0.0591478777328835 0.392400297969037 0.0322527683654415
0.46499485716225 0.379738604145852 0.451044173603692 0.307305577652211
0.578736493251534 0.39864157554084 0.0234436809831404 -0.0707736245292108
0.64657364052336 0.089016994208519 -0.0354095265942514 -0.0599959722858283
0.538137346322195 -0.368702841126715 -0.120930068607647 0.0866597736126113
0.121651487058407 -0.635185098223773 -0.0772272096429268 0.149190906099414
-0.296524431180327 -0.402943960936404 0.0781569903172388 0.135323605608414
-0.399006207688525 -0.152481917461701 0.106466919788404 0.0907073297173879
-0.488714181588704 0.0543198057650762 0.146865971467288 0.0242965899186576
-0.465937854666024 0.133844159773219 0.0790633398784461 0.0131829300548561
-0.473041667823616 0.120274549025681 0.0786143528131474 0.0128044455773662
-0.448231767913809 -0.104602266397735 0.0194461759413776 0.0567382713600587
-0.358571515709711 -0.333630864951812 -0.0397125482618695 0.0290507212456002
-0.0196854792161295 -0.648148516028723 -0.041822445392101 -0.0890124310095851
0.451178632918742 -0.489685950001373 0.0904413021321009 -0.100604506460362
0.640784838114228 0.0247041896798318 0.292404230908044 -0.0218314026873287
0.606610620617508 0.432032582083327 0.315138392422092 0.130708439084833
0.633043933993015 0.384366051463444 -0.145174102218825 -0.238329283039724
0.698230803922846 0.0637412864542091 -0.183904208135923 -0.104568121823119
0.567779860644672 -0.406728713153393 -0.145740647289666 0.0893137644006235
0.122060267709206 -0.67089697469506 -0.0832354594752625 0.102884042064381
-0.301783032347606 -0.42996507209264 0.0108772935972774 0.0450931810067753
-0.408530880165667 -0.175416598764046 -0.0423667581071402 0.0321792983915705
-0.502108460271641 0.0241980260771033 -0.025480625158639 0.0364158233668204
-0.473179415098987 0.110992357624172 -0.0820315736852936 0.0593130884522702
-0.47249053743727 0.0984264566655578 -0.0875380245687865 0.0466679975062371
-0.437583781499439 -0.119652809717197 -0.130044051005981 0.0433393414097149
-0.339960743825337 -0.329849137330831 -0.138364321633111 -0.0337717537060718
-0.0173357836497221 -0.627029140612084 -0.0882988746660344 -0.136954003247979
0.433115840367857 -0.488686388944514 0.048399153381223 -0.117981259260643
0.637103909557563 0.00396373686137944 0.165061410994504 -0.0466251233558134
0.641024160878439 0.41683235602971 0.137975238196729 -0.033405286175641
0.589705925132223 0.303714698793419 -0.309064445149373 -0.392626999277683
0.625785932643052 0.0227972573874724 -0.326393152472212 -0.147176850346149
0.486353649711362 -0.369618949117011 -0.160926425744969 0.0748977881726841
0.099625560115871 -0.574629705177375 -0.0855820346122883 0.0385848297090058
-0.250707050121796 -0.37003124715259 -0.065769658391106 -0.0504774094578689
-0.348409844514743 -0.163499231830594 -0.18803262806176 -0.0297132278085152
-0.43815919134502 -0.00594770586353497 -0.195480372986618 0.043673206725335
-0.407850137444388 0.0717983337664577 -0.229070625367445 0.0954442110455723
-0.402451820032081 0.0563242687043691 -0.235997104760678 0.0734221154810298
-0.35586845115763 -0.126088666249198 -0.255167250401358 0.0212649654564874
-0.252237527943274 -0.284252696985598 -0.210329432859772 -0.0953801520968651
0.0107859985743775 -0.499727691842048 -0.107844968619242 -0.171368225197965
0.358502650599908 -0.381910366426031 0.0243999883239119 -0.119735192387762
0.524676411131356 0.00735107928327407 0.0427608160700746 -0.0470828470756042
0.56534011510355 0.343736385240673 -0.0414776482634283 -0.163814931404898
0.450116755189793 0.172236073065854 -0.436500893112015 -0.505251591739562
0.433714203610775 -0.0211055054027859 -0.43119625128719 -0.176723514458489
0.314029830768098 -0.256372288429515 -0.164343164570321 0.049086119553221
0.0592426868513098 -0.368580264351768 -0.0823899486819256 -0.0215808113399089
-0.152335275533858 -0.241791240527039 -0.130640557970482 -0.125892404310067
-0.22599632348062 -0.123153098909035 -0.301602294323186 -0.0800198279998396
-0.3017573753629 -0.0341442919856495 -0.333409458875361 0.0479527905164933
-0.281673150769434 0.0194208967652683 -0.342500497004331 0.118598559614534
-0.275233295939 0.00107237479625339 -0.347380631188124 0.0839498282663877
-0.226289850433625 -0.120899745962122 -0.335014570354142 -0.0131584989271954
-0.129306972376022 -0.205184509674573 -0.237864541590927 -0.153203473024649
0.0449535136867237 -0.305604801978868 -0.0920887374149755 -0.18995179818864
0.241764668928279 -0.218173354330781 0.0230445888074279 -0.109641606507807
0.338100644326377 0.0169624809199318 -0.0500326414675393 -0.0327368232412727
0.407500286004451 0.228818752023238 -0.18991868297062 -0.250874499308393
0.234525715344683 0.015250407882216 -0.507349333280995 -0.55330974778398
0.173076910954165 -0.0602803011357818 -0.490440276790114 -0.18223032509701
0.0935875194895058 -0.106827747549742 -0.160928234028001 0.0294060336004825
0.0124982578519839 -0.108809671516438 -0.0724552307228116 -0.056751336625159
-0.0298277895837273 -0.0787357354743884 -0.169549834028692 -0.165522773795217
-0.0661883144831154 -0.0657551581161848 -0.360658166784234 -0.108519942053087
-0.11628060710425 -0.0597762145018215 -0.419266542473059 0.050005798179581
-0.112718037386645 -0.035439947875563 -0.404019636752798 0.124115647513986
-0.110648327608934 -0.0501610862557834 -0.407321790476245 0.075672270286112
-0.0732157674978064 -0.0929692187657399 -0.362743819295944 -0.0554403298353123
-0.0068571160482361 -0.0995577558817721 -0.224688714272428 -0.199633426771246
0.0529555326882217 -0.093307054078393 -0.051830030231626 -0.190163269342329
0.0947914312901644 -0.0560987877220794 0.034177056297362 -0.092853789792181
0.127232625496432 0.00783406717985211 -0.110365374688464 -0.0163980745590836
0.203663812743555 0.0796441675788612 -0.291963360433289 -0.286283437300532
0.0604809106511906 0.124918380830511 0.391708917444374 0.224293975828639
0.105158130986645 0.0336656837955389 0.2195971720572 -0.0212353770572965
0.0863596326961894 -0.0853906128977827 -0.0645841811152367 0.050601687906928
-0.0213554816981555 -0.128507069016193 -0.00478572055308715 0.188441705290273
-0.0982693967904452 -0.0316000129151762 0.205223745133762 0.227185325469192
-0.0790278700068138 0.0336331362973824 0.39054147157005 0.106985842290767
-0.0705640270844627 0.0910087457418558 0.441871968035912 -0.0750410443047967
-0.0731180217514725 0.0902847303392373 0.410075670597085 -0.141937470118233
-0.0821699027831679 0.0856243032718635 0.434939288720376 -0.0907556719634313
-0.103923690898858 0.0287262364765534 0.37095381118782 0.0547748983453457
-0.109299587897144 -0.055086104364171 0.207141778992472 0.162070773502776
-0.0141694677304926 -0.145831881082133 0.0923783910715816 0.0686226579327293
0.100880798062923 -0.0695816235840329 0.168797045695159 0.000581561006351569
0.069224938380064 0.0557143708177048 0.448976895059634 0.13212416711235
0.00132759279945698 0.089373894131333 0.559931007925086 0.555748303314499
0.288373023664781 0.237661367975194 0.311993011328033 0.17560717627687
0.321374649539202 0.0490960909757502 0.176714206812778 -0.0192517072481137
0.258115902573063 -0.209163027425103 -0.0778158372991346 0.0623286596333517
0.0174789295339263 -0.337095503041459 -0.0356940214298169 0.190264735759927
-0.197796395239429 -0.169960031723184 0.179034756042445 0.225764551486853
-0.225859080739333 -0.0207547954063567 0.340656937452412 0.124046470469377
-0.25469905377056 0.112530107346895 0.398374333014458 -0.0478461199863617
-0.24913917259342 0.143142251255958 0.347710687745543 -0.105320243910806
-0.264720238942729 0.126311234030343 0.363633795519996 -0.070817666578421
-0.27369272650746 -0.0198779142819423 0.296103295623152 0.0584631780460973
-0.235623932990619 -0.18404371808313 0.151300880766912 0.134006444773593
-0.0155500522967792 -0.384700422592813 0.0571693381033805 0.0221093580761899
0.27284515132412 -0.256141645779189 0.161294972319163 -0.0372112147020983
0.332991837701689 0.0594067250861595 0.458297781956913 0.0711429081502389
0.271432055502532 0.250125704634832 0.564347206164112 0.44447733276182
0.48467041045516 0.328433474228164 0.185910739691884 0.0738234167513518
0.520270340708233 0.0598952810779067 0.0910708808497007 -0.0309907260554916
0.417563650699219 -0.322623012786841 -0.0960461314724868 0.0801260381826891
0.0561802073494099 -0.52674274882722 -0.055870026855238 0.183910977811174
-0.277629049951883 -0.300235592321232 0.142144041863154 0.194447169186053
-0.347669182284569 -0.0796420213324039 0.248714041538435 0.117121794995488
-0.404584238395726 0.111987706372087 0.296450974238869 -0.0161211175375586
-0.388522224505045 0.172863447227916 0.232487162869737 -0.051646454414482
-0.404118586427166 0.153482611330342 0.238008515155401 -0.037369837469126
-0.403915540696218 -0.0535728271616135 0.175142847202046 0.0579154695434654
-0.3406936190462 -0.274715477786983 0.0662954429514311 0.0871596170133923
-0.0426392603914352 -0.57307151422001 0.00757721784545519 -0.0334601763194644
0.384875139330857 -0.428475571654334 0.133535767709433 -0.0765498556585196
0.5448990983119 0.026334189621575 0.408158219423396 0.00617870727643766
0.50721282918587 0.357198580156801 0.484419299919272 0.285060944874872
0.623296728664212 0.37202009489598 0.0215107232268206 -0.0700654096648516
0.67165457812163 0.0485746187471848 -0.0384796455536312 -0.056998175559985
0.531004745267767 -0.420513089118701 -0.120481145457211 0.0986726774435308
0.0756337069989881 -0.668652201464087 -0.068832662207466 0.162149570729775
-0.333357480900003 -0.395054426366683 0.0877345219101151 0.130905250412266
-0.424991614141271 -0.128912644454996 0.117412117841951 0.0870351866889165
-0.498646739401885 0.0959232286835335 0.147226341067657 0.0128803520809097
-0.470579508149317 0.178634055482175 0.0822111564890547 0.00943295583806276
-0.478763002630803 0.159542104889055 0.0787874642877028 0.00766616736835291
-0.470925787332204 -0.0744813525501734 0.0246962733713964 0.0569674724893059
-0.39531981330421 -0.318798266112241 -0.0398199198114702 0.0319668074121004
-0.0704862717704651 -0.670444323166727 -0.0519765483158471 -0.0870599614920379
0.430020741776481 -0.538652503146912 0.0883172828408479 -0.107786465226594
0.661659332359627 -0.0169951497323769 0.303038753020428 -0.0428146295854703
0.657111846784081 0.401467382083439 0.331002995497858 0.113144318893537
0.676422889837125 0.355716183893178 -0.1636349665931 -0.233383694937396
0.725265124990858 0.0197379270695336 -0.195599734105687 -0.0917931665743628
0.557058142641433 -0.463685688003743 -0.145394638177288 0.104017908326143
0.0751246334066372 -0.70583567201713 -0.0777974069194328 0.114883204144094
-0.341372699645699 -0.421917916513727 0.012075991434755 0.0434648556027001
-0.436874586363259 -0.151480270300419 -0.0398438878545197 0.039426121188632
-0.516537705201689 0.0666371069320354 -0.0289599386128664 0.0375812116653578
-0.478645040892291 0.154933853122633 -0.0798327500237532 0.0680931711722839
-0.480133227033092 0.136880920247978 -0.0886819073159919 0.0551471263064767
-0.461804600863891 -0.0901257754911975 -0.129580045862533 0.0545629987411085
-0.374470389452106 -0.31764159741534 -0.146557408317259 -0.0250811560723506
-0.0675202081642328 -0.648789124190568 -0.102957168717239 -0.1334186863096
0.410994285108698 -0.535430691911324 0.0440002840313934 -0.122559238181106
0.658841196341387 -0.0382842475767621 0.169355901611626 -0.0609331058661733
0.691652372225038 0.381351495234739 0.136329244002398 -0.0453236799648203
0.626934798889957 0.274978799828018 -0.341416131447003 -0.382874290968581
0.648133888252827 -0.0181197628363323 -0.34531268127283 -0.127243573980605
0.478230905433832 -0.418234497824631 -0.162031324900996 0.0894845500773841
0.0588733051175405 -0.605348981707868 -0.0845053453980394 0.0488566525094709
-0.285445257317172 -0.36434652292252 -0.0723752687530853 -0.0481772255668553
-0.372947022122164 -0.144095974161641 -0.19487254346184 -0.012749125072345
-0.452593042115401 0.0306245977277049 -0.201597141786655 0.0587686651535198
-0.414994431469135 0.10969285523865 -0.229196057685148 0.116266229792148
-0.410226493308639 0.088396926140368 -0.238060111063345 0.0937549953316878
-0.37851216214283 -0.10300434626432 -0.259001986331761 0.0418047975445919
-0.28167551850652 -0.276581712471625 -0.224748429949525 -0.0839102695519754
-0.0294674005572232 -0.517825359049874 -0.124708531460473 -0.167856533953624
0.341624938896758 -0.421841194800351 0.0176995688012352 -0.123157573327161
0.540206130296026 -0.0286247229384168 0.0433965310250775 -0.0522899188526905
0.609203502437538 0.313659527504274 -0.0580031198135559 -0.16789946315326
0.474947017537752 0.149374685750339 -0.482635686443867 -0.491823277353287
0.449027172495368 -0.0499903051036796 -0.456084785498651 -0.151146471121199
0.308528496518593 -0.289896495554415 -0.167308191517659 0.0629763859899811
0.0330353780468283 -0.387703307675752 -0.0841523500429113 -0.0141124704445477
-0.174251297675828 -0.238861103815326 -0.143648791596162 -0.120119770429679
-0.242737534176075 -0.111249047302711 -0.315256237701246 -0.0554352380581037
-0.314575746443038 -0.00832903072736578 -0.341160748118312 0.0739711639499427
-0.289754448613162 0.045673081468254 -0.343254574813516 0.147585486290161
-0.28428084830806 0.022931351991771 -0.350605387087555 0.113168256405372
-0.243779225183664 -0.106678362220765 -0.343715076725905 0.0125615588916907
-0.147777025168046 -0.203452597417655 -0.25795039633449 -0.141119370392969
0.02112792396642 -0.319837518618463 -0.109333390022929 -0.188111436565571
0.232106161322692 -0.244844272883566 0.0165753697648372 -0.112709170320204
0.349306023160859 -0.00577131829977965 -0.0515671770745202 -0.0312927782936824
0.437943269293447 0.204137004435012 -0.21735626843351 -0.247393238247551
0.243943995867458 0.00154814334748764 -0.558591539470959 -0.539850589495956
0.177041429633577 -0.0734647863761367 -0.517694355712647 -0.154064350076866
0.0909093178093957 -0.118294802930999 -0.164329612076762 0.0414986483415566
0.00370871261370626 -0.114612140998347 -0.076564253166997 -0.0525782872234183
-0.0362336012398942 -0.0792939079498241 -0.186005652987413 -0.157893029413459
-0.072458989000175 -0.0636106243202861 -0.379868272757314 -0.0812410633689654
-0.125150113562282 -0.0499591983870916 -0.427022647480509 0.0826895919414135
-0.120373472275236 -0.0259690585462822 -0.406170786728803 0.157328006090005
-0.118587981623638 -0.0428182736297809 -0.412162677544029 0.109772639663571
-0.0841867280863092 -0.0892710964154629 -0.373884683602453 -0.0293209627804608
-0.0154479608404116 -0.10357641501848 -0.246935530785148 -0.189245188205255
0.0459253901252029 -0.100951712754714 -0.0671273867155327 -0.191334704760235
0.0928267046316651 -0.0671477045349086 0.0283857854137635 -0.0965770578651353
0.13252875657358 -0.0016852682533317 -0.1134661816379 -0.00992966472329809
0.217422517171098 0.0660458377408886 -0.323696335075325 -0.276991098004798
0.0688757902559408 0.119207279669803 0.410474590499882 0.199406206359585
0.105261403545817 0.0270642896165975 0.217886715797638 -0.0380721967502965
0.079553090878877 -0.0909678582927231 -0.0615159682329164 0.0569154405104406
-0.0315227263633389 -0.127937848044016 0.0081312045313457 0.189464292929003
-0.100425660562699 -0.0247070974571548 0.220562172651195 0.209076369159262
-0.0773446018050004 0.0386404714644764 0.397570338815751 0.0724729600404862
-0.0621996207712928 0.0953085326231379 0.432254223019739 -0.110485694495598
-0.0643446746763095 0.0966645505992332 0.397971405514967 -0.174012368605189
-0.0746972199805155 0.0917910589062264 0.424572370389999 -0.126834536865453
-0.100196811393629 0.0364821540301508 0.373682118686429 0.023756997281104
-0.113178438717301 -0.0457959980808999 0.220977933479271 0.14582216800985
-0.0256436578130311 -0.144453716559189 0.0977804367724743 0.0621443566888638
0.0955598091369824 -0.0757221513615573 0.170600317508362 -0.012030588930588
0.0731465534510846 0.0514068152691088 0.458785961326767 0.0991992388040259
0.00716214173555391 0.0889313430431501 0.603519300879607 0.516788466724858
0.304352757360251 0.215312201634614 0.327413554172908 0.157285664665067
0.321805447981693 0.0261165898766621 0.176015135277755 -0.0322060826246151
0.240625931557138 -0.228593051192065 -0.0735368843543511 0.069680023611525
-0.0105201751371403 -0.339571819453788 -0.0224182602295371 0.194181340850046
-0.209963819491097 -0.155701463410834 0.193858659246181 0.209900934174278
-0.229362425593784 -0.00347270322571681 0.350736183758823 0.094579830333314
-0.244172477582472 0.133364356421432 0.3896361852599 -0.0792675944590749
-0.236177282082495 0.165572719999648 0.338222058538391 -0.13222005728713
-0.254103329914934 0.147964245190363 0.354023285793533 -0.100769295536537
-0.274816528928535 0.00164756882271483 0.29870610699322 0.0339607412687456
-0.24976099351653 -0.166003707558282 0.162637849029193 0.122163147498626
-0.046951275876986 -0.384537631380606 0.0576175209479675 0.0185856536232827
0.253791773853097 -0.277168764784344 0.160864360713078 -0.0483436803727111
0.33750716313821 0.0346498058332973 0.464471654238218 0.0365461558285386
0.29139790859964 0.227665985626898 0.597026008394342 0.403374093088094
0.508270415809758 0.292063787861028 0.194131360578048 0.0645086680425165
0.522291824748448 0.0224704949143767 0.0903931865378532 -0.0363924374162995
0.391401237245499 -0.355605185119234 -0.0902297269251995 0.0896781291541083
0.0118424260384313 -0.53384433086794 -0.0423586296033131 0.189998680403735
-0.301062291495921 -0.280279919879 0.153777240043946 0.18146565756173
-0.356931971639766 -0.0527520926865824 0.25846448413522 0.0971551993282998
-0.394322711954263 0.146219752549698 0.288954964076321 -0.0393875520422097
-0.372676167047786 0.208411190352953 0.228063742933341 -0.0687838270749641
-0.391599299758431 0.186778591606368 0.23205330868235 -0.0561376564698424
-0.409076477710558 -0.0215734298055262 0.177801803727365 0.0438322988254502
-0.362950498922515 -0.249954163097604 0.0725857295404657 0.082152349817365
-0.0885932495390802 -0.57166935043897 0.00360033349183766 -0.0326045746864045
0.353249965585521 -0.461067863125894 0.130208509809832 -0.0853415474418197
0.548352211447585 -0.0137767641836155 0.410500344715264 -0.0250923957949983
0.534817678645788 0.316093075211576 0.502777773599385 0.250630253633539
0.650291150977498 0.32745647553133 0.0190011461272513 -0.0681919559814635
0.675027456158547 0.000518808988879455 -0.0404755273783549 -0.0528192651579439
0.499296810730514 -0.465694898209241 -0.113990479717022 0.110645410940197
0.0210771258370009 -0.677954449332718 -0.0560414639303705 0.169430074920893
-0.364292809737251 -0.371179032479772 0.0946106020296217 0.123384696060696
-0.438631457614716 -0.0957733109421337 0.126110332725686 0.0787093874685355
-0.489458034625579 0.138107009995945 0.142150918151111 0.0014753199446234
-0.451920180360829 0.22111759325354 0.0828363905027015 0.00389486005619729
-0.465705417070343 0.199532757272706 0.0768424413620864 0.0018089214683213
-0.478583871323946 -0.0357634592875264 0.0290057557831985 0.0550083078708809
-0.421949828836113 -0.290701256917886 -0.0389477994666298 0.0351625972816766
-0.127205626696001 -0.667046499785019 -0.0607061223692242 -0.0822474485249669
0.387904872359504 -0.574503275117034 0.083909116612806 -0.11273481779405
0.662682173656642 -0.0663721461578708 0.302095727301076 -0.0668207988315304
0.688392836712211 0.348030280528372 0.337179976472706 0.0882792775428822
0.702587118418011 0.304623307325852 -0.178148069102933 -0.218940436956019
0.72893791724991 -0.0329015310363218 -0.199927217101896 -0.0756932807641283
0.523083636743402 -0.507220393565102 -0.138511889856193 0.116555643820429
0.0158839534314333 -0.717102708546305 -0.0683181291846302 0.123734991343925
-0.374862628018716 -0.396919349816618 0.0127618656568895 0.0418705387541877
-0.452350591092977 -0.117811814970338 -0.0344763137170709 0.0450100644166546
-0.510485576533089 0.1110234466251 -0.0311393100694632 0.0408160938706922
-0.464222769940594 0.200131727256878 -0.0740915178311278 0.0756592340227987
-0.468975378704291 0.176324087937604 -0.0854493248397165 0.0633660540510079
-0.470085603707122 -0.0522726321488462 -0.12451910736184 0.0646868820285235
-0.401328490167166 -0.290842278007881 -0.150198854559234 -0.0132956297124928
-0.123746057657502 -0.645791031544233 -0.114919583190312 -0.124446009356001
0.368141296993503 -0.570797872764337 0.0381211871219683 -0.124122895765985
0.656416130065732 -0.0869552592634522 0.16737025106193 -0.075307167332444
0.723101583796117 0.327403314102686 0.128928086681445 -0.0558739003750737
0.649024390426889 0.231677281664464 -0.368374233605927 -0.358564605284731
0.649772627456636 -0.0654416704730535 -0.353837997747697 -0.0993454408375021
0.448780873765314 -0.458251354782446 -0.156731823870352 0.1030908111467
0.00828313925558738 -0.616334746959621 -0.0794956856101504 0.0571573072080134
-0.312894854202457 -0.343728456468517 -0.0783675606171389 -0.043142323459955
-0.387413526107733 -0.115357508024478 -0.193172061941297 0.00666075235130351
-0.450455383791697 0.0716630946255275 -0.200489217565715 0.0755386686014622
-0.405569958548762 0.148660010623528 -0.218984686103963 0.134113841117652
-0.403318768850702 0.122882964265283 -0.230354725823612 0.113383826015341
-0.387920977689565 -0.0718139457314899 -0.254074825051981 0.061879607820776
-0.304214554886193 -0.256922393891956 -0.233421285628717 -0.0657564935182401
-0.0741050567187543 -0.516946733938309 -0.139642029915905 -0.157156228897127
0.306908235869295 -0.450653378854016 0.0109593213969061 -0.122823337544196
0.537678812821025 -0.0681485198006068 0.0418079467283446 -0.0568310019962013
0.634195071016451 0.263140837254568 -0.074572291170029 -0.164491401657493
0.487800672788165 0.11659095702664 -0.516833887379355 -0.459316520123378
0.449165286586526 -0.0830083596654786 -0.467189679726574 -0.116344688285801
0.289857585998385 -0.316712499303598 -0.163612766079987 0.0758099095327418
0.0007322652357217 -0.393595199161015 -0.0837305482708206 -0.00666642776098468
-0.192104589330183 -0.226356404919018 -0.153539891407292 -0.108825178292936
-0.253360699573754 -0.0922629880508612 -0.316688420172919 -0.0261662773142373
-0.315598684273502 0.0205976151539199 -0.338068143881472 0.101385068335729
-0.285831143727194 0.0734132386484194 -0.330665213265673 0.174874930675708
-0.28314923560363 0.0470019340412935 -0.339646399644812 0.141365378327553
-0.253471052356204 -0.0855688305844809 -0.339611169003013 0.0395424286778057
-0.165851852731547 -0.19305755529394 -0.26983399058143 -0.12019537901745
-0.00743890786230129 -0.322057651021977 -0.124749854460563 -0.178535709490928
0.211023273660852 -0.265224060095388 0.00946857272332719 -0.112779872606609
0.349937189263617 -0.0318723009934693 -0.0521855719341716 -0.0292293866803026
0.45516923440724 0.16774090493804 -0.240044379764817 -0.232243090973076
0.245507797505553 -0.0155760351620888 -0.598738225468445 -0.502747242095803
0.174844071963388 -0.0865235893813636 -0.529739348172626 -0.115239148686208
0.0832902866350641 -0.127273416480484 -0.161161768693713 0.0536978056283901
-0.00596602398110228 -0.116667549263281 -0.0786259486682897 -0.0462127151768302
-0.0421314338168399 -0.0763791091396528 -0.19674931181189 -0.142753137109106
-0.0778961815497442 -0.0582648263579242 -0.384045121237667 -0.04769951939302
-0.129672364919095 -0.0366534253487876 -0.420138085550747 0.117230291635363
-0.122438755481352 -0.013588076385576 -0.392748997660807 0.188496115852682
-0.123169123468098 -0.0318859224978261 -0.400459170776353 0.141772855558
-0.09334451344193 -0.0808764079486969 -0.37316265969514 0.000185843735538436
-0.0248019664591695 -0.103248514189556 -0.262158242794453 -0.169952644522047
0.0354866005263531 -0.105259893961451 -0.0819239666111107 -0.185587626068205
0.0860463711134115 -0.0760990361506501 0.0210613779303526 -0.0979982385661419
0.132719403452774 -0.012348381783481 -0.112882558986935 -0.0018494648455086
0.223721276704908 0.0472385740071561 -0.347460176609394 -0.254150679463788
0.0724521796033133 0.111756153810406 0.415039103463361 0.175991500104596
0.102161755222615 0.0222271759206645 0.210335421651793 -0.0488303982047427
0.07138925743638 -0.0930943619600167 -0.0566639655551053 0.0617237565435581
-0.0383987097602379 -0.123501274505155 0.0183047289348225 0.185376854852263
-0.0995987483039261 -0.0200049002661958 0.225264366734704 0.190951160210665
-0.0746457045493443 0.0418304109568231 0.390611140807367 0.0453687158576944
-0.0548533189761483 0.0953652703415104 0.4138379597833 -0.132982328780573
-0.0555960094944482 0.0981794354122273 0.377919413772667 -0.191914999387927
-0.0668882780884805 0.0939719198330608 0.404721634336758 -0.149465780275389
-0.0945361704957213 0.0404295684747887 0.364487724746392 0.00123200542038655
-0.112573749041136 -0.037485235140925 0.226507764425929 0.130477910619424
-0.0329865296459149 -0.139204891596164 0.0988223456106151 0.0557641129079349
0.0900494091956557 -0.0786911038003604 0.166600228484281 -0.021136726011828
0.0744392476960943 0.0466293959476618 0.453930201410078 0.0725224706428023
0.0112194700725519 0.0862560758545641 0.61912434280472 0.47410205185719
0.308848081396285 0.193321810812958 0.332233079709187 0.140455475655578
0.314174921590767 0.0100055245778176 0.171188494266873 -0.0404996214748286
0.221475498279668 -0.237063126971979 -0.0680027185172696 0.0752738177593516
-0.0324065692777831 -0.33252578749213 -0.011350797774718 0.192478805492044
-0.213607002221955 -0.141849108395471 0.197835801763565 0.193930283175998
-0.22675344438063 0.00994924846680903 0.347583311686643 0.0707717652953438
-0.229589753925662 0.144380567498047 0.372196520849024 -0.0989912783460688
-0.218680790593405 0.177902102030121 0.321944486001846 -0.14776561167149
-0.239253076445454 0.160272205624387 0.337471164361881 -0.119353995656508
-0.268756943572979 0.0167651788895398 0.292066796034745 0.0153329519782581
-0.255371260625843 -0.148355302068028 0.167026183175774 0.110645505905224
-0.0696340667822083 -0.374188050874377 0.0570634209084027 0.0160337913166943
0.232765901267057 -0.284905870249174 0.156945321746902 -0.0558857419080333
0.333483399632241 0.0172284439136184 0.457508244309746 0.0112445833192459
0.297152896978529 0.205072552708953 0.605099288532545 0.366664396375753
0.511852972549004 0.260341376964903 0.196827593734446 0.0563950459468012
0.510687267336962 -0.00354122677332499 0.0885854101821612 -0.0399143449421941
0.361637207383986 -0.370749962425159 -0.0827398184608978 0.0955567778406601
-0.0229934728159938 -0.525138564322358 -0.0303643871986015 0.190854393226925
-0.309980767441019 -0.259469795721349 0.157174218094828 0.169205610928264
-0.354723008035572 -0.0304533870132374 0.259372186220004 0.0798763419208333
-0.375520040400574 0.168419761069423 0.275978768378144 -0.0536749195715941
-0.34964462615011 0.230945073392993 0.218836277794855 -0.0794511735018793
-0.371508403794374 0.207502441754205 0.220258201828677 -0.0676195021563801
-0.402756048213181 0.00350752000616844 0.17591677402189 0.0320584079197053
-0.370563470083074 -0.224678842474204 0.0759409362452601 0.0768908862635056
-0.124024985293443 -0.555985530421068 0.000846134677218106 -0.0303414250381566
0.320932380845336 -0.471939107160796 0.126259258842334 -0.0911771850047539
0.537535584644681 -0.0415260817023617 0.401525788466693 -0.0479672333029444
0.541682206817405 0.27916635257228 0.506040344747213 0.2193133776277
0.654408488637564 0.285821155574793 0.0186009774282392 -0.0646983887103856
0.661086234118935 -0.0341346789992971 -0.0398067786198224 -0.0479088232779629
0.461363453556913 -0.484399452832231 -0.105299443300741 0.116650479519996
-0.0241262867568094 -0.668002029606893 -0.044771587741147 0.172166756639855
-0.378310222872637 -0.344748605521585 0.0959851580188456 0.116242641009615
-0.43822882570662 -0.0673225824591066 0.13013613262782 0.0704645539181857
-0.469897123054695 0.167236029617618 0.134319177258477 -0.00424295931261576
-0.427147106962447 0.250496435431075 0.0819878179781205 -0.000337577363722327
-0.443788985371448 0.224968375036977 0.0733055956803884 -0.00156769740923139
-0.471919262010605 -0.0078447904121664 0.0310475933748136 0.0524057172422874
-0.431182148935108 -0.261588210977517 -0.0368999550088105 0.0380129593840741
-0.166863459889632 -0.647631898666962 -0.0651174350694243 -0.0745870835498462
0.34677413048231 -0.586520023327144 0.0789067247818077 -0.114449250726022
0.647299094951191 -0.100722324462197 0.293456033701797 -0.0835999495119945
0.695360094228234 0.300207725347655 0.331676042471149 0.0688585978929256
0.70481679221095 0.26438717978286 -0.183670585903787 -0.203624019964829
0.713766903720654 -0.0685526263132909 -0.197526751948587 -0.0628612822736722
0.483439281158503 -0.531491726648543 -0.130268465054619 0.124382320220516
-0.0310691720071532 -0.708539008424947 -0.0595088692361879 0.127572319248641
-0.388813993699428 -0.370727477098583 0.0118681651313601 0.0416855084477289
-0.452855924401933 -0.0878006284995326 -0.0278589369634232 0.0485631856963841
-0.491720091889016 0.142934331960745 -0.0330735653127248 0.0440276168268827
-0.440897043537945 0.229289615156366 -0.0673170220531377 0.0787275166117676
-0.447343956968434 0.202544325311414 -0.0812675720315438 0.0679925700279429
-0.46426356784682 -0.0232344811486654 -0.11734288336472 0.0710791067086301
-0.409950127046661 -0.263499506907038 -0.149621202430896 -0.0036020802836521
-0.163577612752516 -0.627007626503544 -0.121299379908653 -0.112777388411316
0.32777823530787 -0.580695102487061 0.0331149089207308 -0.122863452875852
0.640176718810559 -0.118693196375947 0.161326883945479 -0.0848920446997579
0.726623793858132 0.275450338519561 0.119988801209251 -0.0618706383100672
0.648481801670507 0.193886771687883 -0.378533443353671 -0.332222187479723
0.636164766881021 -0.097354800629371 -0.349239951323269 -0.0776448077273911
0.415095853358865 -0.477244989631647 -0.148686338459568 0.110835162998364
-0.0319285950223743 -0.607634128797491 -0.0735787653500725 0.0627739254122941
-0.326106986404061 -0.32105095587581 -0.081023438925548 -0.0359212825797694
-0.388876358909043 -0.0896972170666557 -0.185245438105444 0.0207647025233011
-0.43508881866147 0.1002527422908 -0.195944955334958 0.0879577443958392
-0.386333875363285 0.175335347597539 -0.204942475336901 0.144739953769314
-0.388146407093686 0.145465758787341 -0.217670344831235 0.125554989918429
-0.384889440308687 -0.0458254975991893 -0.243358928021631 0.075446280768627
-0.314638440075003 -0.235995331550605 -0.233537430261203 -0.0497775229193326
-0.106795257011887 -0.503940195487444 -0.146705375506125 -0.143752252166093
0.273363985483824 -0.460524089930364 0.00677808757339796 -0.12032467641834
0.524635120210739 -0.0956357512148373 0.0397510038571624 -0.0607560912420117
0.635598917209875 0.219784467528528 -0.0858035932975068 -0.157121093996818
0.485528083551206 0.090987292766972 -0.530396582492302 -0.424525379264246
0.439442102696547 -0.105309836584968 -0.463022518601429 -0.0879887391093835
0.267288212714039 -0.32940932636299 -0.156905833145322 0.0836908437740339
-0.0246042284669283 -0.388928898751006 -0.0813879737962779 -0.000298471639041061
-0.201288183474364 -0.212218208471327 -0.157034376090192 -0.097023994012993
-0.254909929415695 -0.0748906339112668 -0.308346621087293 -0.0040491238059058
-0.306839239032626 0.0423319124843497 -0.326639129667248 0.120852255516188
-0.274340991921102 0.0938363652039476 -0.313175877558634 0.189354912866866
-0.274720339687244 0.0647703614440271 -0.32233423465845 0.158332111626433
-0.253965034941576 -0.0666341309287141 -0.327136180903 0.0580298778837792
-0.175203814783572 -0.180547776795437 -0.272677509053476 -0.100810044473447
-0.0293181170352061 -0.315994262990307 -0.13257998604217 -0.166143450936366
0.189368012566634 -0.273377165226671 0.00456718088516213 -0.109911931779479
0.340955444611718 -0.0512053795569263 -0.0513738396014846 -0.02680276302357
0.455344558580254 0.135889381782285 -0.25092271163566 -0.214820086832121
0.240980891344251 -0.0269231460184554 -0.613013708037367 -0.465448058640549
0.170350986358245 -0.0948546641332182 -0.52529988489849 -0.0847936565917363
0.0763539807564472 -0.131102172018072 -0.155544342030005 0.0613009867758355
-0.0133145989405918 -0.11538532957755 -0.0784422847869678 -0.0405886024846389
-0.0447705268233886 -0.0733338002822453 -0.200472036722809 -0.128168008040391
-0.079394184603949 -0.0524259907828248 -0.376503638936951 -0.0215562186058985
-0.129216288115882 -0.0258068142371174 -0.403868597185707 0.13942267895748
-0.121063357033684 -0.0027653064566473 -0.371656828632444 0.206236214524257
-0.123327502025883 -0.02208867878099 -0.380118272375686 0.162018841837972
-0.0968726866806093 -0.071991096752254 -0.362302341959648 0.0217255803897027
-0.031811287946268 -0.10006333161499 -0.26730492776217 -0.149146425574603
0.026311849104204 -0.105282175828364 -0.0911433067120986 -0.176219972609675
0.0780683178447961 -0.081229250779363 0.015446643873449 -0.096364751433572
0.130543206502516 -0.0206545561751156 -0.108917870910563 0.00315239781780172
0.221651607396328 0.0318127643632689 -0.35710972504177 -0.23081025930061
0.0732499803016892 0.106269753327981 0.415500154585713 0.164292541627637
0.0984081906670985 0.0206112059543829 0.204986243137958 -0.0525915254129195
0.0663851142508122 -0.0929387168760256 -0.0525071670655526 0.0651512966573787
-0.0424267785974276 -0.12021547433404 0.0232979132613667 0.182027406180484
-0.09878561911457 -0.0174159335117013 0.224959819880668 0.180727625115304
-0.0729458372819263 0.043169290173617 0.382995983078426 0.029611793077965
-0.050189409113866 0.0934582527353528 0.399383036196697 -0.143514324369097
-0.0501208677346515 0.0979773832480367 0.364487728497847 -0.198608025463712
-0.0624171700186597 0.0938322038878494 0.388664851522476 -0.159100011349764
-0.0914416810750004 0.0414433084437435 0.35649198578403 -0.0106617822357169
-0.111214475609978 -0.0336347302819677 0.228131009540272 0.120577813273375
-0.0366047803947815 -0.134780319222864 0.0993112543781074 0.0522517311298391
0.0867504101122145 -0.0788091248601848 0.163960553130738 -0.0255056424568091
0.074116754309448 0.0451717169494075 0.447997850809809 0.0588106611541771
0.0133490500229692 0.0837239733518137 0.621505414690207 0.451418392163025
0.30723693315469 0.179935709224898 0.333365434331749 0.132358450174187
0.305768508015939 0.0027734439266403 0.168214742222215 -0.0430756726255795
0.208681826559717 -0.239605058831883 -0.0630113216185588 0.078513098378697
-0.0447344755289322 -0.326058838197845 -0.00452903692885445 0.190924156956608
-0.215396196749109 -0.134349487664821 0.197836917035915 0.18574238909236
-0.224119974154239 0.0175759051225695 0.342224532457911 0.0560456781054856
-0.219949586782583 0.149388012510724 0.359632074961935 -0.107172803658748
-0.207025002316168 0.184238859587213 0.311369740062011 -0.15327487947121
-0.229097929076015 0.165717644055451 0.324276632157376 -0.128017578816428
-0.263883487850563 0.0242698783652718 0.285821018750823 0.00638548070897394
-0.256167886790106 -0.138067169558471 0.168396748661554 0.103847371749274
-0.0819303507714875 -0.365549872940716 0.0567765780382841 0.0151994618062389
0.221403941708647 -0.287896790597052 0.154888815090526 -0.0593116853638476
0.328079569704127 0.00799323233718576 0.450121246146935 -0.00204371826211475
0.297669273770878 0.191778617800821 0.605277870966908 0.344277697262794
0.509054005765311 0.239883477872504 0.198669555768184 0.0534581141622537
0.499899793028977 -0.0172848523853806 0.0876618881893415 -0.040932671386334
0.34195117466226 -0.37648536204841 -0.0775605295688071 0.0994145301944583
-0.0430660196306333 -0.516787684660464 -0.023781295922756 0.190876369830115
-0.313387148080292 -0.247656473698334 0.156672755986031 0.164189206640584
-0.351132760947756 -0.0175730038528478 0.258809662525802 0.0691855665320531
-0.361814257781976 0.178867607530103 0.265327857408255 -0.0586469969952329
-0.332682682557524 0.242411900931025 0.212482995443572 -0.0841898950370658
-0.357610980949824 0.216579594036563 0.211462618313435 -0.0724807414293896
-0.396271995973859 0.0153691600046927 0.172766187573302 0.0266466516985168
-0.373471981338343 -0.208996892429017 0.0772275767928054 0.0738194116676387
-0.143846384888651 -0.543423599640349 -0.000500747069229072 -0.0275966761899637
0.300539714411838 -0.475321137991079 0.124186675827182 -0.0929778814637088
0.528364675355805 -0.0557931477676048 0.394168599439093 -0.0593985560030597
0.539800879609969 0.255097098536823 0.501659842580461 0.204303244628234
0.650253094084632 0.263156692123792 0.0193594300801924 -0.0617017712161146
0.648211827468715 -0.0509784048415833 -0.0381048670108324 -0.0454225170824533
0.436356590112349 -0.49236311745819 -0.0994133767193799 0.121469584630717
-0.0491706861780946 -0.657875210237417 -0.0380967588153587 0.173799157497074
-0.383145297192709 -0.329844493029718 0.0956301219909508 0.113991093031031
-0.434737856884639 -0.0506285949323101 0.133147599272201 0.0654145005276525
-0.453598690944368 0.181849796336288 0.127865829488368 -0.00484564251017328
-0.40876069334028 0.263524397168822 0.0806343468240953 -0.00226363793684837
-0.427553490057842 0.23782534248157 0.0701784644722884 -0.00291854962402517
-0.464794233433072 0.00832665409438226 0.0318686293995166 0.0510881595062107
-0.435632988857172 -0.244931203968956 -0.0351171067889622 0.039668607351672
-0.190585291704016 -0.632695233408951 -0.0667425438118378 -0.0685958660633207
0.322424346746545 -0.589088633911714 0.0776895113540598 -0.115339054949389
0.634142007914445 -0.116626918815209 0.287179511958287 -0.0926984339658037
0.691973541137433 0.269172855897262 0.325388145898274 0.0592257850520316
0.701622255210418 0.240680397884175 -0.183991990668452 -0.193689627833686
0.701630431093992 -0.0888973797101939 -0.193661400575523 -0.0554584273557291
0.459387440395106 -0.540599600668574 -0.12443489219362 0.129614419808122
-0.0574397483966218 -0.696878474230708 -0.0533969802611925 0.130777508857007
-0.394386690626541 -0.354980737376309 0.0110927199748181 0.0443661463179791
-0.4500384815536 -0.0703435750347683 -0.0217553947296276 0.0498262078999753
-0.476496557999278 0.16044196889397 -0.0342490113388549 0.0486731350124059
-0.421963229814784 0.24605996312736 -0.0626534029470831 0.0795803150671984
-0.433021213032761 0.21577706494253 -0.0779585292172187 0.0704739138355691
-0.458335970788954 -0.00682910815107459 -0.112961084754627 0.0736558799224083
-0.416079514700384 -0.24810367385891 -0.147849724372202 0.00419463512647067
-0.186790954422521 -0.611841693463507 -0.123205322580373 -0.104500243594733
0.301975135524028 -0.58416540449057 0.0319011860886205 -0.122272563267213
0.626351551068482 -0.1357040541161 0.157836391791641 -0.0903442713582932
0.72249626990512 0.2463742287832 0.112418976982535 -0.0639920407792837
0.644514769256704 0.174255893810259 -0.380362396557364 -0.316334323785383
0.626495212112482 -0.114449822629097 -0.344406536151695 -0.0664475199061647
0.394075320065795 -0.485959606013691 -0.143564356078964 0.116313203868214
-0.0547701671111914 -0.598238532214962 -0.0691593002816869 0.0670492857080035
-0.331980091573094 -0.308524937900569 -0.081526485439383 -0.0299622541206799
-0.386541995126596 -0.0744140968209647 -0.176660214131058 0.028149578382064
-0.422463945855845 0.117517414108738 -0.192293505374403 0.0957662116269448
-0.371330926387739 0.191376277474559 -0.195890760972513 0.148428327935963
-0.376014972539212 0.158499318283705 -0.209618950388898 0.130974495429793
-0.380306909826817 -0.03157489438091 -0.235819081936091 0.0822369793107999
-0.319064055280961 -0.222364042812014 -0.23211867364188 -0.0401683331490549
-0.126130803777708 -0.491167611550133 -0.148769147095805 -0.134105301572512
0.252010474730484 -0.463596157358499 0.00558132804706153 -0.118466093561824
0.51415016417094 -0.108542015644557 0.038320803789171 -0.0625166112788378
0.630915197205563 0.194821596811197 -0.0923926032303299 -0.152907799212993
0.48217310034178 0.0756907061497337 -0.53361266769953 -0.403975891761807
0.43385898858636 -0.116395704736966 -0.456863461971058 -0.0741614351792119
0.255042789682775 -0.335117743488803 -0.152853886157834 0.0881206622437203
-0.0385325474184848 -0.384231929203707 -0.078917154138977 0.00351395564369632
-0.204665209515888 -0.204952300031516 -0.157307959777506 -0.0886014442269978
-0.2531556419942 -0.0655271704115668 -0.299804403912168 0.00784702131665589
-0.299027457649478 0.0555758450681194 -0.318449452332954 0.1315385825116
-0.265157217761731 0.105787000871446 -0.30035679154119 0.195474419726532
-0.268077562913109 0.0751292500693762 -0.309418123461286 0.164579452542842
-0.252364419474212 -0.0556947081599439 -0.317955648788886 0.0668107701178558
-0.18004797505999 -0.172637950915164 -0.271411825733031 -0.0890746875033779
-0.0426450336703968 -0.309092060864672 -0.13614461591423 -0.15796968044133
0.175529615613044 -0.27592694856462 0.00297441612133683 -0.107839739422278
0.334224432204642 -0.0605120658285293 -0.0496274277046064 -0.0265470090020856
0.450108496846782 0.117656477252239 -0.25613081641775 -0.205050476072986
0.236873345179089 -0.0328862058943827 -0.61761599194157 -0.441950498324894
0.168483372701576 -0.0988904971441257 -0.518340936896326 -0.070075282528274
0.0730278004392535 -0.13377677121349 -0.151922080801375 0.0651630695186322
-0.0173681583103179 -0.114331673617953 -0.0768811187512743 -0.0372361617235545
-0.0456879387211321 -0.0714063478615706 -0.199378440299759 -0.119527000427457
-0.0796783320205243 -0.0497670532000938 -0.368045086387537 -0.00742651511486153
-0.126604447961212 -0.0181411985710947 -0.392887098711481 0.150488281403961
-0.118780431716318 0.00380628563167645 -0.358597304559028 0.213113090155483
-0.122567303300211 -0.0157170199800067 -0.365561555669762 0.169746817844298
-0.0979451369097715 -0.0659197860781347 -0.352943683816627 0.0320779937202412
-0.0361234119553181 -0.0979010867060556 -0.267682981267235 -0.137490639967016
0.0199809680019522 -0.104507998430964 -0.0955504497839182 -0.169582465104724
0.0719337794073609 -0.083733872639383 0.0128389630822018 -0.0956783711313458
0.127846823553031 -0.0251757073492926 -0.105137615584049 0.00505368640362668
0.218986189156528 0.0225922783913503 -0.360198667120601 -0.217769839747464
0.0892465328500017 0.0861376250380487 0.461582345075892 0.088943803303739
0.0958968855745295 -0.000298790513746581 0.201556146655163 -0.0902769604379754
0.0419981638515209 -0.0998434880493178 -0.0270444239834366 0.0769052169293729
-0.0658427279682441 -0.103729032554734 0.0682228452315185 0.171200465466611
-0.0952697320831136 0.00244449216317691 0.257442048114622 0.128304545461486
-0.0620394323924778 0.0516693248224885 0.38033901646893 -0.0507960676046345
-0.0256383858834352 0.096415374004781 0.356814514017434 -0.221718104834834
-0.0281244680356657 0.101467805223707 0.31814125007859 -0.270395603293498
-0.0376034301748383 0.099344156796852 0.353585490657947 -0.241246363012975
-0.0766967927139783 0.0573278458127023 0.356847105492362 -0.0909719947163202
-0.108996302655887 -0.00819038789281222 0.257886208885106 0.0683915264542407
-0.0608459888444941 -0.120164191815257 0.115341331254625 0.0309666926166595
0.0694874940819541 -0.0911078118135391 0.163441223590379 -0.0574469464435716
0.0855161938121482 0.0345671240116752 0.459126235138523 -0.0413011023197684
0.0348273088363052 0.0889533361532051 0.716705382605492 0.324568468743496
0.324964241821176 0.111125097905202 0.378239994334835 0.0875682828075404
0.290823704942113 -0.0599018573328858 0.172215862247944 -0.0654861226298323
0.145423794730546 -0.269691257455364 -0.0184915500497096 0.0950294663885715
-0.115237609763828 -0.29803247129683 0.0580219547020791 0.179212279393277
-0.231438390758522 -0.0861130531978971 0.231426702588713 0.128246883414901
-0.212199408576391 0.0585197142348201 0.342887290730193 -0.0244721474421319
-0.173828912675918 0.188673613902418 0.315614759901944 -0.188488127391523
-0.161934487030956 0.216479447608746 0.274620281008846 -0.214865729981614
-0.184278132265162 0.202581243816013 0.298710437485306 -0.196620885441152
-0.247621756322168 0.0760268843217873 0.294592202871882 -0.0612072691814836
-0.268186026249926 -0.0806461492880804 0.196218899355214 0.0627814838496239
-0.152156369524526 -0.334875125390781 0.0699977850284014 0.00536098141363488
0.154954401923519 -0.319027254661678 0.155597511670388 -0.0816586376685926
0.32709898142802 -0.0556546892411959 0.43809669950174 -0.0937157623826185
0.337793016235566 0.13300539058474 0.659210283986122 0.225316988681362
0.529778936608058 0.128749378835645 0.230100735363597 0.0484913222235867
0.473428719158061 -0.11858063745031 0.0988369485229801 -0.0392688213229643
0.24179639733427 -0.429007781024525 -0.0133670401530193 0.121004802125315
-0.158080708596364 -0.479093760662549 0.0545426566573099 0.177904559698708
-0.350789840427963 -0.173855130627068 0.187483306072148 0.105591150033502
-0.342800455201764 0.0522065849941299 0.261168981549051 -0.00148898095300497
-0.302652433895013 0.249418241079756 0.227015385211864 -0.131106020710156
-0.271014890336459 0.298892158750622 0.190990980819869 -0.127194629289591
-0.298160359224255 0.278645268840479 0.200221226987696 -0.118301988200436
-0.379099285564083 0.0941242503072494 0.18733080052481 -0.0176323668807436
-0.395395993411063 -0.127463072006328 0.0989357684278629 0.0523324717320224
-0.248496805120071 -0.4938874208778 0.00740133716351648 -0.0240175213901601
0.193609764198735 -0.51563895799386 0.124804812464548 -0.104254466305854
0.50976278282077 -0.161542219079554 0.361948908267303 -0.130652771729764
0.588987247949086 0.142156978143475 0.512291414619069 0.108714643844518
0.667397305533997 0.124641391738316 0.0277138323123333 -0.0251703358034724
0.609347753931644 -0.183108848438237 -0.0240762005103089 -0.0132583142881617
0.30890928696022 -0.561126720496301 -0.0189269587153038 0.148653610561192
-0.196862942188753 -0.611436904509723 0.0478344242203687 0.158153107491555
-0.435860201000255 -0.237992281330327 0.117137876550774 0.0616905202201224
-0.43119883801536 0.0381407422343916 0.135520317203745 0.0156155090956123
-0.389856129407133 0.276127418307108 0.0992628967096734 -0.057080384550542
-0.340127246997513 0.336385206368307 0.0770710292028308 -0.0202132677877553
-0.362872309892107 0.313147829169368 0.0750512038600955 -0.0187097827155084
-0.448460244554106 0.10053366257902 0.0522848036394072 0.0365011054359012
-0.462923474067699 -0.149665359535875 -0.0213240143810807 0.0421303770789094
-0.314939591577798 -0.571433405870145 -0.06538059180322 -0.0500437935447618
0.189222308175227 -0.628915754356425 0.0783880747454638 -0.113952540810163
0.599793052710645 -0.246525850173274 0.243854641715187 -0.134013051116057
0.741125934799027 0.122826285603772 0.296291868660857 0.00448166109136006
0.712687660668943 0.091121945446261 -0.205992120892045 -0.116253020159746
0.655323505928585 -0.229719916297185 -0.182034314446307 0.00922277578091123
0.322329770370557 -0.612706800204951 -0.0387779946250258 0.160827042038825
-0.214411472548639 -0.648047905457467 0.0267726452158035 0.116606796490638
-0.455337288888316 -0.259490420954026 0.0195407118875964 0.00710172354915677
-0.449490356513837 0.0241841119462614 -0.0204882088561439 0.0305812345536599
-0.41704751639458 0.261666033569953 -0.0489866280488056 0.0256801818192413
-0.356834393924169 0.324021528815496 -0.0473296847205415 0.088858804321173
-0.373272403907242 0.295087753966953 -0.0564838188081008 0.0853303778327714
-0.446344436487438 0.0851691285927092 -0.0888913617826091 0.0909332249146487
-0.446813357282867 -0.158072769759652 -0.142884193627251 0.0311411510096514
-0.305957420863672 -0.55249453673505 -0.131122453082521 -0.0739463497089105
0.170373192793555 -0.619863977421267 0.0312765555811285 -0.112723125292944
0.584985345888617 -0.264096513906 0.114704021640263 -0.102988074355015
0.761533814103151 0.0873887553687497 0.054549720824579 -0.0738611528296101
0.644922912328642 0.0396666708282014 -0.433513316389855 -0.205794127101473
0.578601007672141 -0.237239444885757 -0.340025538766454 0.0246072350071272
0.27354512336977 -0.549196031234084 -0.0691294933373426 0.15010951537776
-0.189670697877857 -0.558386004377175 -0.00954996626828926 0.0591775001919941
-0.386626938359657 -0.228090677611203 -0.0869969161292814 -0.0424656254991915
-0.389184523199275 0.00977233670815918 -0.176368950347364 0.0433261171024757
-0.37511213360136 0.210304360985867 -0.190580745739208 0.106330527300582
-0.319755149213036 0.260451116924737 -0.164439407762931 0.184818984123584
-0.330257970381408 0.229938856133887 -0.175922503187038 0.173343664379568
-0.376809692786022 0.0460520689369494 -0.211599486515299 0.127700276313616
-0.350670655946347 -0.152541663782903 -0.237929308093092 0.00853160568726835
-0.223217462744441 -0.450840542151462 -0.167363637137599 -0.0977178651841834
0.146281916766723 -0.495061099120271 6.08642670883681E-05 -0.105890867420777
0.480685013050126 -0.215876497422735 0.00504193209041019 -0.053272275094561
0.659550175038182 0.0527560637812464 -0.165412665853122 -0.121947997456298
0.471760264503617 -0.0214957271140863 -0.612504471974498 -0.277556320773003
0.392785935958089 -0.199082546430969 -0.462567586264668 0.0314074657567796
0.17224180188566 -0.375273707169962 -0.101593792352646 0.121588376040632
-0.12669379904881 -0.357411967137573 -0.048519798044178 0.00516085309820389
-0.242661388878528 -0.154323614578743 -0.173934606809612 -0.075381462696702
-0.258814799912224 -0.00752373548010019 -0.299472130201937 0.0545073845482614
-0.272190438150708 0.124962122431202 -0.300208276409677 0.173162731365499
-0.234322792911278 0.157291269405163 -0.256548451894251 0.251909271576309
-0.243838725323052 0.128398484185258 -0.269883775377185 0.228910935182118
-0.258676812790335 -0.00356026008392554 -0.299723220044426 0.132723472846317
-0.208142532477915 -0.132191990335598 -0.289284555518313 -0.0314282488748244
-0.10607077309764 -0.290627246321196 -0.164010142320542 -0.12474332310798
0.110710506017459 -0.30013000822558 -0.00871417135528289 -0.100104719943769
0.313230832081556 -0.131630612489767 -0.0683113251561701 -0.00444761406431574
0.463851889860181 0.0150488743653488 -0.330196249581665 -0.143846591766386
0.217249888682127 -0.0783723012509892 -0.7135201616786 -0.314529160020563
0.141907629038794 -0.126581176449494 -0.532895322166711 0.0392958415491398
0.0423728969057156 -0.144357411088351 -0.128419996726861 0.0954274233522451
-0.0443315577716168 -0.105403980914191 -0.0755897369529741 -0.0269935297223552
-0.0613485215480293 -0.059377090914126 -0.222413996730532 -0.0836751834129715
-0.0877320010130851 -0.0278770727296966 -0.36645418014139 0.0628491599637701
-0.125460532487656 0.0159362425974497 -0.359828801481283 0.217221973006233
-0.113506323855324 0.030821627724011 -0.310564231835364 0.281505006338322
-0.123224531737289 0.012818850487518 -0.326543658793208 0.246175880960313
-0.111336296789494 -0.0432864513440148 -0.34469452978554 0.107445739159045
-0.0575090986665885 -0.0883437042620283 -0.297122089556639 -0.0775676482244578
-0.00336923851724853 -0.106585982842517 -0.131666492493812 -0.146669425927235
0.0506991205494694 -0.0960705032228132 -0.00480206066763923 -0.0948288207116024
0.118413129246046 -0.0543805536198614 -0.108707030531965 0.0320472891697291
0.216115134971877 -0.0299186443043891 -0.423382981349037 -0.140038592867658
0.0917678750284791 0.0844608268208328 0.480065169305294 0.0814989571065002
0.0962071109462954 0.000222752926512225 0.204763384912397 -0.0978143803459444
0.0385314158453023 -0.100463790605697 -0.0223710487296951 0.0796408233548352
-0.0708914122357354 -0.103361964576722 0.0751565959306615 0.173264266357217
-0.0977572151312281 0.00530761164902598 0.26685663448814 0.125624058334611
-0.0629323281808147 0.0558047502419682 0.385930315848045 -0.0652762839272603
-0.0238144245567454 0.0984138063146834 0.357375668499173 -0.237311286077283
-0.0247173747452663 0.104295056377528 0.317561599574545 -0.285394083292312
-0.0353364184693092 0.102637894136148 0.353576118828659 -0.257031720058851
-0.0769313637914443 0.0600866665198877 0.361009813052743 -0.103233235802398
-0.112071899741198 -0.00534147754608631 0.267834187210629 0.0612518046232113
-0.0653150634163765 -0.1212944799872 0.119447548608027 0.0281775208566585
0.0694543315974343 -0.0949362991549059 0.166739521492934 -0.0631123065652615
0.0882130184095727 0.0339314775270108 0.469652887733048 -0.052523294788871
0.0372614514421132 0.0892884843027687 0.747328582564244 0.315133176120366
0.334585876785002 0.103946510479973 0.394762795753403 0.0821507924441583
0.294279003402818 -0.066369705597632 0.176360791849874 -0.0714166386815484
0.138515852141933 -0.27912168570408 -0.0123930895195322 0.0990697567197725
-0.12898513742134 -0.301187953849028 0.0669556293682654 0.182778622738087
-0.24162969277679 -0.0810198672997496 0.241419766059131 0.126942215623683
-0.216810799649639 0.0676973827254284 0.350041643439561 -0.0366369563960595
-0.171401295996952 0.198225363333862 0.316440068708455 -0.201079084314466
-0.155787422197076 0.227668697265217 0.275650640683248 -0.22718371252044
-0.181579966530562 0.214268464439251 0.298561313088176 -0.208623290507585
-0.253252879220861 0.0854110830149443 0.299347570193983 -0.0707702325322313
-0.278426827046492 -0.0744355575142023 0.204485733604958 0.0579725368846966
-0.168982380302157 -0.337400246276241 0.073472181466745 0.00398604757083819
0.150536498299657 -0.332401415147923 0.158935684681085 -0.0887933970828154
0.334893188625884 -0.0653904928758209 0.446961019204977 -0.10807642301805
0.348861947577271 0.125154330001314 0.685597044469105 0.215850958132532
0.54497087713555 0.117137240007823 0.241787241863254 0.0454668910392645
0.480697788980162 -0.133248131082547 0.102061756122596 -0.0429120011786305
0.2349296811771 -0.447311529586028 -0.00676945892051423 0.126708998410365
-0.180947930215635 -0.484998184618892 0.0646043329658847 0.18178098682154
-0.36752151820559 -0.168099101302776 0.196982211332203 0.105545693667876
-0.350192965520678 0.0656307596478467 0.268847195730585 -0.0116276563142748
-0.299882218535466 0.265595107119557 0.228143300291209 -0.136714754701069
-0.264000709366907 0.316817562388561 0.191866026859118 -0.134256758667285
-0.295644640757887 0.296499911127744 0.20044425742649 -0.124781266356336
-0.388100119393286 0.108124369513952 0.19093031746193 -0.0229691829914371
-0.41140395508142 -0.118365354187019 0.104422263348023 0.0509813646708406
-0.27485931640054 -0.498726145120623 0.00903178445213719 -0.0231709104152461
0.182635972613834 -0.535760981312361 0.128379879230559 -0.111441387291144
0.519527346318227 -0.180911699954726 0.368214035622607 -0.144786236886694
0.607872609743586 0.12627179865394 0.528905744976479 0.100480119608118
0.686502855996139 0.108297236552947 0.0321436259385774 -0.0242209241147388
0.619966313029908 -0.20356298479999 -0.0235093844823222 -0.0129632869985365
0.296222664412532 -0.586836515459453 -0.0114954234873138 0.155753662636552
-0.227160886304146 -0.62235229341682 0.058322478606031 0.163208452489187
-0.45917757657613 -0.231263350006814 0.125054117880039 0.0623537871763893
-0.441528958562202 0.054580539063147 0.142306837449039 0.00999998113062463
-0.388162521725897 0.295858089549316 0.0993824292354801 -0.0565827116161421
-0.332284757797812 0.359733010657634 0.079248040055841 -0.0221654656005065
-0.360886985465606 0.335613879396504 0.0759526922799043 -0.0196530860803802
-0.458509533932142 0.117301408819165 0.0544845314995723 0.0368495139002171
-0.481720884983815 -0.138587686909541 -0.0195816185337719 0.0456480703939188
-0.345655141109219 -0.575290942552952 -0.0667698789905364 -0.0468433191688801
0.175464773679964 -0.652495157606188 0.0802857086926703 -0.121263810199884
0.608517199408029 -0.268483867842688 0.247206465209042 -0.146222391193601
0.760703065672269 0.100444670397908 0.302272112106457 -0.00154300961175465
0.733405685283144 0.0765806386874365 -0.211972240604526 -0.112655839250795
0.667411391410962 -0.255522873243378 -0.185458986502242 0.0147400321920922
0.30952511259857 -0.643273582261952 -0.0320997056413737 0.169665447707941
-0.244993201159637 -0.660002650245497 0.0351940251262922 0.121047043395848
-0.478849503135782 -0.253941473302423 0.0238386439507166 0.00927155233577593
-0.461155392142446 0.0404956777112397 -0.0158044710292234 0.0295182063030437
-0.416355382292418 0.283366642165603 -0.049894971129255 0.0332319110639254
-0.350308721226491 0.347101154434081 -0.0455026612421341 0.0939406631405653
-0.370680466350306 0.318067785474522 -0.0556213738441174 0.0903623951936388
-0.45690195719067 0.101741240220878 -0.0874842898439548 0.0972214094510032
-0.465618571911054 -0.146654431847601 -0.144931187969892 0.0388529746203729
-0.335827711204405 -0.554696774530766 -0.134809374971205 -0.0687770568017668
0.153374261181187 -0.644266735080764 0.0314942862969727 -0.118013239337367
0.595642283664553 -0.28800462144872 0.114759079962787 -0.111627558612307
0.783063750377678 0.0651722923305231 0.0508133478627262 -0.0756685656280387
0.665066850706634 0.0240659394738833 -0.449623840194827 -0.19963780978325
0.590495043397482 -0.263260184469954 -0.347991108412738 0.0357917024801737
0.262687615008554 -0.576124960763333 -0.0652031007411738 0.158949050466332
-0.216540979868556 -0.568524274527712 -0.00421373679611734 0.0626306477115501
-0.406683336230125 -0.224281742798504 -0.0869919929099234 -0.0395560284100403
-0.400361698616032 0.0227005803517249 -0.175216568205902 0.0487219652261558
-0.375708833261813 0.230120655210095 -0.192331622439105 0.119762549501831
-0.313755144108254 0.281058714793143 -0.163237396816907 0.194907017349513
-0.329624582586882 0.248396308868287 -0.174677998456714 0.182438532659495
-0.386602456766735 0.0598494946964135 -0.211707601822296 0.13820195213903
-0.366727822063628 -0.144638955759492 -0.24315058572918 0.0185184631160523
-0.2481093168743 -0.453753029534967 -0.173296061458879 -0.0924453201924048
0.132269201100007 -0.512921579932878 -0.000934854423529175 -0.110193135181859
0.486914083776186 -0.234505580859265 0.00471559438451286 -0.0573445265355344
0.674663615456863 0.0324442638242448 -0.177268018955726 -0.119216065213755
0.484010535856681 -0.0348437525020272 -0.636992616103972 -0.268574121556451
0.400458623896412 -0.219451596874178 -0.474339517200705 0.0467931186782032
0.164927531898737 -0.39540702761108 -0.100047040988747 0.129992586007274
-0.143757527141446 -0.364473821617653 -0.0465150274204945 0.00812358311651268
-0.255689113905487 -0.153300748837042 -0.178524205674404 -0.0716070512625809
-0.266416366596713 -0.000533759663011148 -0.3020236940249 0.0645287774245558
-0.272457333126676 0.138305620118635 -0.302783525595304 0.190766687017817
-0.231341267575289 0.17215129963486 -0.256916978629966 0.266361786086916
-0.244644994170756 0.142192901689121 -0.267841122896972 0.241200266949003
-0.265488367527235 0.00602678688176785 -0.301853530075991 0.145272070497476
-0.220027398873644 -0.128150838736582 -0.297414131478327 -0.0204153696341472
-0.121010706956895 -0.293238462122499 -0.171001227140077 -0.12022047027902
0.101280942475031 -0.312228195138196 -0.0106947932756132 -0.103457087766159
0.31789795563478 -0.144805112005329 -0.0690584469539516 -0.00577973161344557
0.474746086175617 -0.00046046291626332 -0.346920685715989 -0.138209616665871
0.221668220266316 -0.0852173281277852 -0.74204680335668 -0.305195879285794
0.144688005056128 -0.137246924312757 -0.547167104634146 0.0554017529401486
0.0405693919565258 -0.153905426183176 -0.129935685883344 0.103406525000459
-0.049738538275988 -0.108357515782385 -0.0767903343101017 -0.0251459255154804
-0.0652267623883787 -0.0608043078829686 -0.228698313928911 -0.0798526688066784
-0.091242758625796 -0.0269233366747194 -0.370454246800811 0.075668897590663
-0.126249508793989 0.0219165207518439 -0.362257661610111 0.235037976048107
-0.114430942525266 0.037132867904603 -0.31066079655868 0.297521682684567
-0.125220271556491 0.019243639538837 -0.325791743863898 0.260713352120354
-0.115281450089101 -0.0393284479762345 -0.349405501539721 0.11968336678195
-0.063214588948928 -0.0881792680228226 -0.307103286347335 -0.068562992616588
-0.00896457174924022 -0.108441151544104 -0.139423956112149 -0.144458217972422
0.0469388123159296 -0.10111647148883 -0.00790447495825979 -0.0977850006626938
0.120090852359301 -0.0603540038035565 -0.108936750667301 0.032954928743769
0.220487260931742 -0.0378855285776991 -0.442916776618613 -0.131138444208913
0.0969817682009609 0.0806008637603857 0.50166039706295 0.0570788595728388
0.0976867917261229 -0.00169390750650092 0.205523843257647 -0.11287326253786
0.0332054496960446 -0.102524040660497 -0.0158814084788497 0.0825972619183117
-0.0796731492327354 -0.101106483445913 0.08732218977932 0.173362418370536
-0.100255696713841 0.0121605489909079 0.28129587924809 0.114220154036256
-0.0617257670751448 0.0619097986081407 0.389666121758005 -0.0898759163953148
-0.0187448835952935 0.101778266334113 0.352283502508941 -0.265463855801585
-0.018334998314901 0.107607333226136 0.310591180024875 -0.311839360055212
-0.0294369999362495 0.106543512899902 0.346374658852045 -0.284096177196123
-0.0763338860158701 0.0655647032295139 0.364206517933473 -0.128234535137223
-0.115850289541028 0.00161663791447168 0.280009580135427 0.0452427349767506
-0.0738913318833686 -0.120790044465188 0.124888722035035 0.0203944798544975
0.0673067434751761 -0.101506760228449 0.168629463361961 -0.0749167701424663
0.0929818677424892 0.0302148432777077 0.480136670409825 -0.0792182463095237
0.0417479268973288 0.0886514523775169 0.788650893281716 0.280839060351125
0.347426939279668 0.0869403301188093 0.414929138988131 0.064151884077871
0.297228916538875 -0.0817244438178764 0.179063862579447 -0.0836836473391068
0.123707287006761 -0.293162965919771 -0.00276131972917622 0.102550348479282
-0.152872640581169 -0.300512975846321 0.0812397419572887 0.183667743581107
-0.254610268673709 -0.0685244546867743 0.257024003110159 0.117002645908631
-0.218486551136941 0.0838822356712355 0.356810551122847 -0.0603701035073666
-0.163033263086028 0.21339654559879 0.312723044209383 -0.222660222811921
-0.142606525136159 0.244103593515426 0.269971030758163 -0.249078948488958
-0.172457934701821 0.231577989246313 0.292863441708383 -0.229885282628776
-0.256514790267031 0.102729713988312 0.302760896587605 -0.090095769676014
-0.292072107806119 -0.0588515168624812 0.214951135629602 0.0464030865858951
-0.1956141632081 -0.336478060725713 0.0775860640139747 -0.000506225844851764
0.134341483024703 -0.351916507903651 0.160091059400928 -0.101363580890808
0.34126571797063 -0.0863056753338562 0.453429674043174 -0.134746223389724
0.364619875802998 0.10620544628606 0.719186901531219 0.182560641030075
0.566005389942795 0.0881413738059733 0.256556184798019 0.0358825220925591
0.485628621066784 -0.16225842481516 0.10405055288943 -0.0493435993855918
0.210092274287608 -0.472286411128894 0.00586006513289448 0.131568276702021
-0.219016523126947 -0.486736939913094 0.0808552717702883 0.183495960684179
-0.39092887874253 -0.150790193075626 0.211616639547525 0.0979991524757128
-0.356214537791541 0.0900143513232518 0.276495637708183 -0.0305231369790174
-0.290598823350803 0.291457865977934 0.226019816719896 -0.151001076119029
-0.24667393836197 0.34410005724356 0.190405878835745 -0.148126346537689
-0.283643162425548 0.324902016637969 0.197282401224161 -0.138617740620047
-0.394423255222257 0.135616456483086 0.194849604610382 -0.0338194713657982
-0.431885177721227 -0.0957479196991781 0.111986009752286 0.0462896871175497
-0.315127896480914 -0.493858410252369 0.0103061279431362 -0.0238536142547163
0.154439742669001 -0.564383608153957 0.127754771721323 -0.123571010126227
0.526213988761146 -0.214800705459877 0.370513265474787 -0.170801550383062
0.629523255436139 0.0910198163942819 0.550066543858638 0.0760106354822035
0.712754941289952 0.0712859066798378 0.0357590049527714 -0.0238426924811821
0.625099450328556 -0.245200957378429 -0.02297882596178 -0.0111906615523046
0.268234811316339 -0.62261980773854 0.00205449489691306 0.162950507872723
-0.275495759031397 -0.626053194964357 0.074187570429925 0.164612787597633
-0.488579385630584 -0.212029522148871 0.135921528277696 0.0583961062233884
-0.451010499732268 0.0840359876611455 0.149185594155425 -0.00138943828670973
-0.378751171635657 0.328944562702652 0.0991664563816732 -0.0592073489181607
-0.313736587934767 0.392101667385747 0.0809332451276814 -0.0257218142850537
-0.345969738533127 0.368660535642437 0.0762072875125318 -0.0229838576549227
-0.466247484523197 0.150681437098093 0.0586062343150877 0.0358729857730354
-0.506643727640251 -0.112132605463508 -0.0154553817086778 0.04914823441819
-0.393524896331985 -0.569027383369709 -0.0684611873105803 -0.0433458603753047
0.137490277700667 -0.684657271563616 0.0777203830995403 -0.131256438320429
0.612137100939852 -0.310583267136605 0.246278740962159 -0.166769678174645
0.78717658608723 0.05603098397968 0.309207271208007 -0.0171458065440019
0.75860189579361 0.0355351448515044 -0.221406885518878 -0.10135756328344
0.672329594236341 -0.301404168052084 -0.188534903689079 0.027568811106214
0.276340433147727 -0.683606758067103 -0.0188304980362256 0.179400671159789
-0.298186337831295 -0.665872092908667 0.0485925472742675 0.123136288830753
-0.512946427765757 -0.232780312397949 0.0292720175182404 0.00937616535333151
-0.472914068219918 0.0708207094024742 -0.0117239967384615 0.0288024134208565
-0.407748457673302 0.318582764410625 -0.0483302478195213 0.0424869083238186
-0.331928858905326 0.380274664673439 -0.0406341875707509 0.10094225613585
-0.359250132026837 0.351613677672379 -0.0510502697329108 0.0972738058411541
-0.465282780965241 0.133006115607191 -0.0836357430080924 0.106102155825122
-0.489956519990305 -0.121613488453006 -0.145154977680982 0.0506431696915112
-0.384366673306425 -0.548426615757207 -0.138964000928089 -0.0610316217714364
0.115160783285115 -0.673609641985283 0.0274458233261952 -0.124997971641281
0.595896353449148 -0.331455801495622 0.111862204541777 -0.123506706613097
0.806121850559995 0.0179592660812651 0.0443508599860578 -0.0786057992289143
0.684078419773569 -0.0133491143526034 -0.473257679300701 -0.178325396244284
0.593321604446574 -0.306943585923341 -0.356363373740634 0.057919253794254
0.233365485327296 -0.614738367204483 -0.0541102303846245 0.170492104656368
-0.263457855583257 -0.573630888085701 0.00453492371927084 0.0655719066697031
-0.436649630576561 -0.207098165158214 -0.0883936196519576 -0.0351504443457724
-0.410637721055088 0.047423994280092 -0.174680148463603 0.0577378734072372
-0.368867300661319 0.260383155277882 -0.189963235739315 0.139892851077208
-0.300130068859211 0.310385407605314 -0.156214038157382 0.211225783058764
-0.320983383401619 0.278423681956636 -0.167753602817287 0.198889993675878
-0.394510828932979 0.0860538585918876 -0.209215345837896 0.155289782202559
-0.388193327614151 -0.126285167564159 -0.247808250846723 0.0355272548784588
-0.28649635844686 -0.447492410904968 -0.180626265749934 -0.0831721097696553
0.102967358702425 -0.536735911180062 -0.0059464970762049 -0.115378463923164
0.486760296322897 -0.270312989924985 0.00150976150878916 -0.0628250781911147
0.695242432381951 -0.010203198943538 -0.194468537981652 -0.110820812473254
0.498396552463756 -0.0625872659138606 -0.671890816844322 -0.240473839582972
0.40057425082837 -0.251124211140424 -0.486238115616072 0.0770215454639044
0.143927566355475 -0.422501680473591 -0.0937499700206279 0.142294434504326
-0.173719200401319 -0.368254401324727 -0.0439263107012256 0.0111607603802926
-0.275600625037597 -0.143973295981121 -0.18557396901436 -0.0637097778443102
-0.275210364927365 0.0151973495063673 -0.303968501045823 0.0829668259355577
-0.26917724205234 0.160666629155874 -0.29939696243987 0.217461854466594
-0.222987351665751 0.192487031260105 -0.248597075244148 0.290109092467517
-0.241173167128558 0.163288330499446 -0.260526393465128 0.263957723343843
-0.273611296820419 0.0236397853617376 -0.300332156776292 0.167045845049085
-0.235657114668837 -0.117769737704366 -0.3061808471134 -0.000593606901296971
-0.14559668946724 -0.291696102682704 -0.18098575723428 -0.111827000923768
0.0829918144643232 -0.327506123874095 -0.0164624513891118 -0.107537724974009
0.318161783908637 -0.168262063696167 -0.0711317523651181 -0.00503180991062182
0.487418074859632 -0.0307958013974137 -0.371142339100806 -0.120507974489556
0.224473661830794 -0.0982693312771817 -0.782882244158204 -0.273711109169519
0.142380069695457 -0.152523238308424 -0.561132109225842 0.0880811535243591
0.0320892993412362 -0.165526146653752 -0.127251044639051 0.115025944855741
-0.0584433526280224 -0.11033920287211 -0.0780271770999265 -0.0215329901564539
-0.0718310076867177 -0.0602724761612982 -0.239948147023696 -0.070308607153133
-0.0961849833912369 -0.0230923880607306 -0.375301684871314 0.0995970767035432
-0.126699845461849 0.030862179892371 -0.358157301848178 0.266014374980998
-0.112800163627286 0.046337672247433 -0.302207705823046 0.324992501357143
-0.127063164943302 0.0295327553997888 -0.31877331166494 0.285542250314635
-0.121457081814586 -0.0326707354139615 -0.350709521435439 0.144146799630102
-0.0719377364023799 -0.0866870161740108 -0.319426627987285 -0.0501923485427091
-0.0174620737879024 -0.109612775166492 -0.150590544753643 -0.138327890797947
0.0397470024371836 -0.107321919477197 -0.013651319632017 -0.100665342270646
0.12038239174904 -0.0703760686373923 -0.110187571869601 0.0373220241793203
0.224834234574495 -0.053537037235106 -0.468486162795275 -0.10801863218068
0.101198948568631 0.0726649505188139 0.512586186706145 0.0184669211904796
0.0973427609299114 -0.00505387459159853 0.197805531263316 -0.130100689794399
0.0258411803922704 -0.101096180625583 -0.00756157256905185 0.0823990632977792
-0.0885489162461672 -0.0935894889631315 0.102250033752453 0.166418240283885
-0.0993361465227201 0.0206746013172386 0.291136100687101 0.091871025506647
-0.0570263443419468 0.0679964095126366 0.381775316766466 -0.121923343667458
-0.0111242966798886 0.102813707428013 0.330555096148968 -0.29417884573745
-0.00858107503454597 0.108913062352249 0.286650719687814 -0.336287784598759
-0.0205656159601974 0.108689331814483 0.322434996039229 -0.310992758570189
-0.0713659399300286 0.0715748904529938 0.35392743407304 -0.15765071259338
-0.115313007808429 0.0116117316216084 0.28433725826946 0.0204318272370975
-0.0833974298460715 -0.115172185968706 0.126345858328008 0.00885969307432921
0.060028777981362 -0.10734701632819 0.163979616891285 -0.0887895589853051
0.0949521349120112 0.0240518594037235 0.475003160486334 -0.114780408684048
0.0464283673658369 0.0854467973245625 0.817027249311734 0.219979120830882
0.35268469170457 0.0589966958382498 0.427458831704288 0.0330895647961155
0.290311662088717 -0.100934110027805 0.173904564777889 -0.0982676993830829
0.0991824523769102 -0.299748333630411 0.00851498423539874 0.101656028003959
-0.180007378279784 -0.286209506292862 0.0978432351266558 0.176572832820406
-0.261212751517996 -0.0473181791011404 0.268990672605978 0.0972365780683049
-0.212389092062258 0.102619518903122 0.351585409846065 -0.0902903664960029
-0.145091187182535 0.226798360166785 0.295195385646406 -0.247453625676963
-0.12032940270982 0.255582992780139 0.252180558233499 -0.270193263026927
-0.151527716573659 0.246323835915591 0.2736091896173 -0.252217322109508
-0.249849449432753 0.124551017584937 0.295485073715232 -0.113539644893045
-0.298176988337467 -0.0349224467480398 0.21967941634559 0.0279046274788795
-0.225206054567365 -0.32011252853713 0.0791071390910785 -0.00764976327334383
0.106679368049644 -0.364550192080019 0.154046672110937 -0.116227700190903
0.335320844398279 -0.112823219024368 0.445249145585468 -0.171482180860124
0.371180826166445 0.0761808463341557 0.737480553619559 0.127662324362417
0.571849769432389 0.0421682359313786 0.266085379948108 0.017658783993522
0.472594606431849 -0.198378020558201 0.102840435676048 -0.0577990053298789
0.167820544829932 -0.488520974927111 0.0213916325951818 0.130597649019691
-0.262481478326795 -0.467745528575472 0.0987189740906921 0.176073480604941
-0.406018801283047 -0.118296155840717 0.223185753366408 0.08077423863503
-0.350190668934656 0.119940797745732 0.274832690409815 -0.0553332782765274
-0.265294167784699 0.316328435701569 0.21456647001125 -0.166722992406465
-0.214999485005048 0.364618654395578 0.17998467604842 -0.162910390794434
-0.25505935169361 0.349295273229206 0.186422061869537 -0.152846891232116
-0.38523112670868 0.168901238571835 0.19224593487883 -0.0486262966395518
-0.442904087277961 -0.0595756391215865 0.118005202322063 0.0368956583822217
-0.36082201246845 -0.467424695256476 0.0111002545745058 -0.0259177736405202
0.106099402147744 -0.577824746952098 0.120620467015915 -0.135846965002737
0.509905611259859 -0.257343680285407 0.358711986156508 -0.201923443389352
0.634958011885754 0.0383148989619552 0.557131412627069 0.0327460597250754
0.719440854002044 0.0156514874857161 0.0401237642009351 -0.0246726459958562
0.607333749464454 -0.292067783987095 -0.021906073507542 -0.00910484698779243
0.212077807493408 -0.645898526064094 0.0204837248160779 0.16332695670782
-0.332013512811753 -0.603800317811998 0.0916510395876737 0.157749457015784
-0.511278065613938 -0.169377466665684 0.144650774604984 0.0467856327699002
-0.445359081655715 0.12242584841332 0.15055307589375 -0.0171311015338256
-0.349856527865135 0.361651800214965 0.0958627038188595 -0.0632797916199786
-0.275552682890723 0.418386977532368 0.0803276688281654 -0.0307620062541285
-0.314131135011281 0.399350801557838 0.0745169057996215 -0.0275541186059559
-0.456542842603143 0.1896319488286 0.0623119533391705 0.0323917343848817
-0.51869425327813 -0.0698735848090369 -0.00961454733681568 0.0514103284539715
-0.444475293952002 -0.534629510466662 -0.0684621438628598 -0.0390180488645235
0.079356998961084 -0.697547681203683 0.0696445020534997 -0.139991623946843
0.590573899865834 -0.361202048581502 0.2337244171962 -0.188034258276254
0.788678120062054 -0.0117452049106757 0.306983576001364 -0.0383054141109925
0.764085676352751 -0.0240457074265694 -0.225867771501917 -0.082180170385864
0.65033576326921 -0.353540196829137 -0.184806774051071 0.0430915944558563
0.216547721013746 -0.709558467119341 0.000284958421512569 0.182435139495219
-0.358409321570051 -0.641927570436596 0.0629829917859086 0.117718257282042
-0.536154173038892 -0.190706572592632 0.0339458521571454 0.00598529332048907
-0.469404561330541 0.10995753477076 -0.00771138246266819 0.0260592701835161
-0.379565580671044 0.352835580599515 -0.0434061423686063 0.0510754810694482
-0.29517945931862 0.40848405795586 -0.0316741161074356 0.105963263473739
-0.326646097849608 0.383437696166138 -0.0427298839713205 0.102323865576309
-0.456331537083499 0.172895084165829 -0.0736936823783845 0.113854456694218
-0.503892009154154 -0.0817956771747738 -0.139925154493512 0.0641204844149356
-0.434135412682954 -0.514708460304477 -0.140889052992595 -0.050282168863759
0.0580749097871559 -0.684045579205185 0.0193482415556542 -0.129729925777106
0.570263319232424 -0.379618398123901 0.10158969436851 -0.135673976099214
0.806161071384427 -0.0534763557794182 0.0346947729754755 -0.078689930533736
0.686541826770169 -0.0652821752824044 -0.486109703972054 -0.141008587821108
0.570548779081884 -0.356242082290359 -0.351401868218832 0.0874869080138595
0.178776271037715 -0.638666751261388 -0.0367619039195311 0.176748498349127
-0.314751800851862 -0.553116887803214 0.0132106005146338 0.063603889310355
-0.458527765558669 -0.171826614806654 -0.0891229498383853 -0.0296339485041681
-0.408445463731399 0.0814087244708892 -0.168512336330454 0.0689842317338934
-0.345149439535705 0.291436191662216 -0.177615704083035 0.160187418117978
-0.26957540505256 0.33628172754593 -0.138554860095771 0.225229514065702
-0.295999568325034 0.307407829501008 -0.151023497174208 0.212656437564735
-0.388484304278653 0.120241918381006 -0.195103696870345 0.173047963357974
-0.40187368408143 -0.0936978269930923 -0.243857004571568 0.0583298689089321
-0.327498243753124 -0.421545183675171 -0.183736346796955 -0.0683113397963881
0.0546720480646926 -0.546477942326329 -0.0140370163126703 -0.117340770153229
0.466405638359941 -0.309725776425 -0.00443240710397791 -0.0659954224666949
0.691188941946426 -0.0698948085837113 -0.20809383799477 -0.0920581141722226
0.495080135511994 -0.100082760166685 -0.69234607998563 -0.18818464810666
0.383808488453239 -0.28545705624974 -0.480887090553845 0.115806869773315
0.108359050960049 -0.440012228555795 -0.0804428749230953 0.151548280816749
-0.207896769852223 -0.357004580701237 -0.0405032202038538 0.0134394215137038
-0.290892326177755 -0.122886795729175 -0.189722345255577 -0.0502133449856909
-0.275848082038677 0.0376217800155197 -0.296761208341318 0.105312602524377
-0.254230519926405 0.182971561521929 -0.280891373169077 0.245958150337648
-0.203642829706367 0.212712993475723 -0.225584578794729 0.311114863435793
-0.225982923885194 0.185337104058232 -0.239381202709397 0.284150800397674
-0.272646593067561 0.0469566730101514 -0.286059093258881 0.192484297442473
-0.247452281639189 -0.0984912268764032 -0.304659062378463 0.0269652665873907
-0.171854505577614 -0.277977288783825 -0.187457026968765 -0.09574914335114
0.0522910974904093 -0.334583200509951 -0.0242881648337851 -0.108010820552756
0.305631027841253 -0.194574714591999 -0.0723772615283637 -0.00275885381289326
0.483464139612014 -0.0723436607710281 -0.385617393982513 -0.0878443554730099
0.21896814715073 -0.115440823188165 -0.808041035392888 -0.214806536154014
0.131779344518291 -0.166845082288345 -0.555411219796035 0.134280830181679
0.0171897711019506 -0.172684336682298 -0.117560525378293 0.126636824649884
-0.069071377987885 -0.107245075851846 -0.0790225534154094 -0.0165108546051514
-0.0785791906839327 -0.0561196366017113 -0.24516684871545 -0.0528369859750276
-0.0993732796174914 -0.0160461373518184 -0.366453474032514 0.129336686870466
-0.123050920959836 0.0417891512921252 -0.336151752357945 0.296574599511324
-0.1072795378823 0.0565511217287393 -0.277449640339057 0.349975210529769
-0.123955294355228 0.0414544104680755 -0.295708226272833 0.309569363604527
-0.124633081113675 -0.0211336230031462 -0.337904055140424 0.172265873087451
-0.0798364239407724 -0.0800602381245732 -0.322394971291325 -0.0223174871125877
-0.0284475150368126 -0.106450049959638 -0.160350627040449 -0.124996105631774
0.0280310925416956 -0.111048015801361 -0.0223561476869522 -0.100065331369127
0.115648853129651 -0.081813284644534 -0.108422175027877 0.0423938931855647
0.220008042216967 -0.0731226420403476 -0.483426165449744 -0.0681808279487497
0.0995705117685068 0.0630517248931701 0.502201470195374 -0.0180749187735612
0.093873851326969 -0.00785829158891172 0.181681676459952 -0.139921971570354
0.0194170220367952 -0.0965064525477709 -0.000192641862776075 0.078734346057959
-0.091423634061195 -0.082665339187189 0.110401750779152 0.152477060316111
-0.0941253412307217 0.0270075146278491 0.288031153853502 0.0684896972478641
-0.0497381681627034 0.0702762694181508 0.358869687579985 -0.144991390313934
-0.00367600850239268 0.0995792383819668 0.296754081849818 -0.307225401762805
-0.000124630293178909 0.105010879273267 0.255001251753495 -0.344275331289438
-0.0116302039228148 0.104830398594133 0.287800342610629 -0.32121675943408
-0.0641169630150889 0.073446006510573 0.328581415965713 -0.175772550457548
-0.109622897464307 0.0203605679292075 0.275588173590815 -0.00293051649283625
-0.0882339895784827 -0.10555385503129 0.120834365023625 -0.00105956856265431
0.0515069383735154 -0.108421749990957 0.151952445258671 -0.0978778705704336
0.0927916694303841 0.0181225601378995 0.452709977169758 -0.141580194024867
0.0486105272414249 0.0792506254162006 0.803944729716026 0.155654619965769
0.341958402768522 0.03261275827353 0.420788380081671 0.00340459779272499
0.273796521695535 -0.112889240994211 0.161983177426376 -0.107255006201503
0.0742766462960672 -0.292370529787013 0.0178757413850954 0.0956399370392602
-0.194541579703474 -0.261716261730269 0.108427680867557 0.162136837411323
-0.255884321317789 -0.0265502518154712 0.267541633343362 0.0736872327458425
-0.197090504811997 0.114523054697948 0.331591617654296 -0.113759792549537
-0.122575344779537 0.22872192044234 0.267371039492842 -0.257927752304747
-0.0950681631044226 0.254696308311657 0.22691871607973 -0.277958742207699
-0.126943243856385 0.247611010934775 0.245273596793964 -0.261033055507283
-0.232887103638408 0.138278943214989 0.276523466158884 -0.129825509615118
-0.290236339881467 -0.0107698938760017 0.215301430677778 0.00938682620047263
-0.240722644729377 -0.292069214656511 0.0759863664903032 -0.0148533063257106
0.0771641307947316 -0.359412562132828 0.142022053767209 -0.123819658045132
0.315165171360975 -0.131480582843657 0.418765558914257 -0.193965858855397
0.358400146817765 0.0471981700036267 0.723239511062497 0.0733135512083806
0.551198550272657 0.00038502287665796 0.265098688217255 7.67797123857779E-05
0.442485718028856 -0.218885179817482 0.0967155953676344 -0.0628963784598856
0.125806163438793 -0.480568785369858 0.0330570513670776 0.123168668726588
-0.288938749217758 -0.430358891162806 0.109863045503676 0.160827584709398
-0.401841845377443 -0.0840364447333372 0.222718250396594 0.060768673423207
-0.329648074747406 0.141793379749432 0.26041582873385 -0.0755644960393319
-0.231546033940644 0.323020463997113 0.196705622492262 -0.173109590315034
-0.176383312684223 0.366033389441372 0.164494049856671 -0.169031630374758
-0.217962074221935 0.354782223800978 0.168109672231244 -0.158642029154143
-0.360065363096601 0.191547894895743 0.182581357326695 -0.0597312558325979
-0.432384009575785 -0.0255169722924584 0.117594396800247 0.0267517798129649
-0.384305058242124 -0.422764382179161 0.0108213784206519 -0.0278852376771658
0.0611246707511984 -0.567143418964107 0.108424196884038 -0.141769527451363
0.473761887363786 -0.282160702411836 0.332756540236638 -0.219195281054144
0.611344023860956 -0.00808790776427726 0.540836988101384 -0.0046345281250154
0.694114505515036 -0.0349089440924275 0.0431134512775316 -0.0257318816465918
0.566830848166885 -0.321251036759282 -0.0194776798866595 -0.00706161424213749
0.155004076280618 -0.635878837949774 0.0357234586297801 0.154462655803
-0.368200227886303 -0.556403260682651 0.101986703258604 0.143871809540708
-0.507654879937509 -0.126987242126892 0.145859077044627 0.0333560341119257
-0.421796100296231 0.150681179840435 0.143787740970764 -0.0300653658880484
-0.309810369303625 0.372538895475047 0.0903154087375295 -0.0638416976243694
-0.231320605547191 0.422985467947921 0.0775863602472262 -0.0342498902187203
-0.271148314905065 0.407455906221419 0.0703850660297366 -0.0303013891816501
-0.428603324285302 0.217309603903382 0.0633482875865942 0.0276807228818102
-0.507878581932686 -0.0305448391705666 -0.00403209790143452 0.0505739579489642
-0.470996172499769 -0.47920694111518 -0.0666022587790349 -0.0348124264707909
0.0252063598106155 -0.679528040922328 0.0587331719964968 -0.14192933844187
0.543007052337335 -0.389353624733349 0.211792909874873 -0.199366106143423
0.755168174436256 -0.0677695046206385 0.292756898968079 -0.0554823133060038
0.735929673200657 -0.0761039501509621 -0.218664525971128 -0.0627849138331059
0.603576320876125 -0.385699898028796 -0.1731385920088 0.0550002783790592
0.15357501525063 -0.700258787258586 0.0175928999262207 0.175295403726369
-0.397174328730348 -0.592330946698691 0.071948923922979 0.107873173788728
-0.535159095858207 -0.145190621982971 0.0356787976074198 0.00145890724281251
-0.445867688543535 0.14123458081553 -0.00461560234582998 0.0224053558198534
-0.337833634327129 0.367501917485572 -0.0358381154904032 0.0563432541977926
-0.251000434826513 0.415818671062206 -0.0210559628471058 0.105000374949825
-0.284734329290826 0.39424710320464 -0.0335914064015734 0.103105290226947
-0.428682248920714 0.201422652367183 -0.062176539494641 0.115962987295464
-0.492401773383736 -0.0397588181935629 -0.127324535294671 0.0727386412539381
-0.458545854595513 -0.460870191403232 -0.136353585704233 -0.0404599963504754
0.00335853240230399 -0.664613541715125 0.0111543523159389 -0.128123445404377
0.523482802474854 -0.405738206577673 0.0875937497038619 -0.139805634840755
0.767285123891147 -0.109468666386655 0.0251382032880503 -0.0744133438196613
0.659090545175862 -0.109329716935611 -0.475809493874629 -0.102271374456143
0.528686567643 -0.381806961608823 -0.330809144581154 0.109231293392408
0.123638929430102 -0.631121764376143 -0.0199158997905824 0.173086264456589
-0.349483716313349 -0.512685947955002 0.0196603989928015 0.0592149274544194
-0.458910925353127 -0.132522055909259 -0.0855680373822113 -0.0236890016232604
-0.390668098710262 0.108665971310115 -0.15667722972454 0.0760535467993818
-0.31007239492931 0.305913340366499 -0.15688301428641 0.17062987899065
-0.231437454329073 0.344497942748229 -0.116875952016821 0.227598371272472
-0.259455690630035 0.318453203119452 -0.13021977248783 0.215408365997117
-0.367122650707176 0.144915932119431 -0.174550987725562 0.180946463277486
-0.396133301738634 -0.0610685340830011 -0.227805383741415 0.0756013643791147
-0.347698264579552 -0.378957849762038 -0.178710031895194 -0.0547876293672543
0.00989883858819741 -0.529877351210429 -0.0204779406122478 -0.113791879224944
0.427620941393186 -0.332819489598492 -0.0104640836803763 -0.0659663932286399
0.656627945670638 -0.119229408447444 -0.210488895294991 -0.0698762275525482
0.473473050616118 -0.128878886805202 -0.681496864922304 -0.134284739313531
0.352263065941266 -0.30364277494028 -0.45552385422301 0.145920987540648
0.0691443996341898 -0.435868754698795 -0.0650301770244385 0.152463491498146
-0.230190094297591 -0.33181567056397 -0.0365201302162795 0.0145576513424299
-0.292434376596737 -0.0975806494763276 -0.185472225467566 -0.0366883459264012
-0.265412277663618 0.0554476518119427 -0.277601240736482 0.121206325002688
-0.229635803853871 0.195465361135424 -0.251346220153418 0.260266082556305
-0.177922119877331 0.219896064443214 -0.195842245169113 0.316855579105126
-0.201565302458862 0.196266432158357 -0.210186635283952 0.290447350089698
-0.259315142870119 0.0665501472360579 -0.260874482758731 0.204430381591446
-0.247623575263638 -0.0769361690204957 -0.289756615263594 0.049285882328365
-0.187624379630905 -0.251865488525425 -0.184185882053514 -0.0798715652130164
0.0238968563703174 -0.325219411758652 -0.0307940103802652 -0.103511362036579
0.280891212546599 -0.209162337075939 -0.0717384357222495 -0.000537838975929099
0.457231384792735 -0.105059204030332 -0.381676709873234 -0.053966935383161
0.206108905564476 -0.12482267193812 -0.798139933150194 -0.153385153503998
0.116397080853175 -0.17163358556476 -0.527850999446566 0.167873820185044
0.000912376360390297 -0.171378545785681 -0.103866671393735 0.130829038561594
-0.0769249056643115 -0.10076273298819 -0.0762658195653129 -0.0111308142721883
-0.0814037308681129 -0.0493757779970117 -0.24132813331638 -0.0343343786140109
-0.0981820733935139 -0.00886703668534083 -0.343883173531475 0.150417904984415
-0.114474956698818 0.0489753937708602 -0.302601880520764 0.311548981778932
-0.0976573333249144 0.0630489448984551 -0.244800214758111 0.358160685300047
-0.114718228077552 0.0510981774532379 -0.262693039179127 0.318101257652228
-0.121281580273927 -0.0104076344112184 -0.31411239026963 0.188677578816427
-0.0846064084528059 -0.0711202460826994 -0.311293296715959 0.00334331493517634
-0.0365201739497607 -0.0993005111797108 -0.161699105384178 -0.108744555096264
0.0169822474073615 -0.108637917556512 -0.0291848845511902 -0.0952493323927353
0.106078176837702 -0.0883572644529988 -0.103290059658421 0.0456651031156205
0.206221845908798 -0.0877008456883259 -0.475097949584775 -0.0301563237224067
0.103853804676078 0.0385636035676352 0.471727194400878 -0.103629733111296
0.0850802492236884 -0.0217046570635557 0.150177782122197 -0.164066834611679
0.00797998694995313 -0.088744053443627 0.0171180968997798 0.0674019099682045
-0.0919238625536793 -0.0618150306683427 0.128531053990824 0.117548839611658
-0.0793727811704509 0.0326774871457902 0.278979370631325 0.0165512056435068
-0.0386730243616486 0.0683370309085457 0.314241510623527 -0.19315396883932
0.00858332976699226 0.0892362896849983 0.233223989822019 -0.336642049372902
0.0127239174826717 0.0951150152488808 0.187105957508594 -0.367303027986583
0.00239583369318815 0.0970239522256928 0.219219344745113 -0.354610481819859
-0.0484263322534553 0.0754626616848962 0.279597299433339 -0.226486505485085
-0.0969884239503966 0.0311858430038475 0.259247127353133 -0.0524235895611741
-0.0965184222224891 -0.087669184290166 0.114712616873292 -0.0199356263781605
0.0366473539551634 -0.107946421582321 0.128684870911704 -0.119514472527678
0.0959008988542846 0.0048546836494395 0.398093544247752 -0.208329048940056
0.0663907952709201 0.0676535362648438 0.779316944410341 0.0230670588821467
0.323548987883455 -0.0193242284497588 0.414267088540176 -0.0705326170737198
0.236275235792705 -0.143771471569714 0.1458753632343 -0.132654751664897
0.0285678328915881 -0.275360382431086 0.0446681261166686 0.0675952868039331
-0.214810383201117 -0.207875154247608 0.128903299342887 0.110947476235646
-0.237127322424588 0.0074035838637088 0.249714179992009 0.0190509546132254
-0.170473279097425 0.130810720388809 0.286714683501657 -0.158713171117521
-0.0814693088791429 0.22690976194123 0.207269202170584 -0.281119187298899
-0.0551488400121589 0.247127021668209 0.169368640125859 -0.298678447157229
-0.0848232583453126 0.247786257629275 0.18876425774254 -0.293673498204433
-0.198001949461223 0.162143567023329 0.237944208624101 -0.178047003173774
-0.270714642730918 0.0246037784094883 0.206154635510543 -0.0304937668173121
-0.268136190020829 -0.239770290416477 0.0749798102161633 -0.0246515805043349
0.0276701085963128 -0.345069819836215 0.118371292427471 -0.145432896652721
0.282524116193408 -0.167775972676712 0.357221302902131 -0.24729556054322
0.353840669355646 -0.00476379234901878 0.68770285486849 -0.0379749193057021
0.512504655004822 -0.0742432168699392 0.279062750213546 -0.0467967336529874
0.377169761809555 -0.265760032428751 0.100937941421361 -0.0822257246956038
0.0475794826794839 -0.455172655250617 0.0712990986661302 0.0778433007575453
-0.329304924806483 -0.346537071592326 0.130342471521891 0.0946562468127476
-0.38097142242087 -0.0227536803193941 0.197043492849911 0.00929637494494546
-0.290049037996355 0.175486908440897 0.219796060849796 -0.110677719530494
-0.16720299802231 0.331871518979306 0.146455288401052 -0.18704623063949
-0.114539145206098 0.363114294797818 0.126729599421133 -0.186031372709572
-0.152465782106972 0.362610641651514 0.132328734054879 -0.187021906000314
-0.311023682560118 0.232958156380647 0.161445875267725 -0.0984823630058847
-0.407363617154868 0.0303552792711713 0.11854898360245 0.00339504120014707
-0.421910102073181 -0.342970206984064 0.0155910285872377 -0.0256891642199427
-0.0156745847877937 -0.535158917285257 0.0862393981028432 -0.159408724801845
0.408065953135622 -0.331011785159698 0.272636276338651 -0.251792321540177
0.579573652295146 -0.0903490164496638 0.506086162004026 -0.0786388342655463
0.637196037456478 -0.123355489301433 0.0734229885927805 -0.0320542502027137
0.477726194656501 -0.377034676280421 0.00623160604732139 -0.0121565962288944
0.0508548042833378 -0.60300387161386 0.0840365516827583 0.097288901513138
-0.423300118779108 -0.447294164678157 0.120695544032153 0.0689443923700341
-0.487060202574323 -0.0432012380185961 0.112549995200502 -0.0076006428017569
-0.374687417038934 0.19848519560043 0.112590578998102 -0.0485637499179959
-0.230319970925713 0.390445362312236 0.0579308885142681 -0.0647560937755761
-0.155671701935414 0.424473765199361 0.0646170336321651 -0.0447266277762581
-0.194138865259155 0.421190155803411 0.0605319506539782 -0.0500847190165886
-0.373072019522939 0.268267300045667 0.0633355520005306 0.00370316257865394
-0.480057186768203 0.0357239719511914 0.00906867844526678 0.0468877654302752
-0.513783051123917 -0.382244607224154 -0.0551422483931277 -0.0192717471034138
-0.0648408244040594 -0.633928037005279 0.0411085659863536 -0.153399434991718
0.455071019875569 -0.442906433806799 0.163119173695815 -0.210077296759414
0.703092103030516 -0.166710620820142 0.263641771460501 -0.086158241502539
0.66808408739988 -0.163130288237833 -0.176927835066122 -0.0218972209291825
0.502733120047035 -0.440289854796119 -0.126263463773028 0.0711775653115791
0.0380727318858295 -0.661768206842277 0.0709958558925241 0.115850114831411
-0.457524664535909 -0.477695728007223 0.0857042223426422 0.0364113208716836
-0.516663857166765 -0.0542313069920515 0.00125197661295167 -0.0204198673774053
-0.398569125086771 0.194726838001917 -0.0206797995564929 0.0254741887478262
-0.256333155229061 0.391596796540598 -0.0452584828041786 0.0706632675770699
-0.175260394449245 0.420736918980072 -0.00708531983048947 0.103307169425328
-0.207155640977758 0.411630749883674 -0.0157940902994331 0.0941081404011025
-0.374183874836318 0.255011950042907 -0.039373968844988 0.109069758424947
-0.469244417056931 0.0242475202472156 -0.103104161924647 0.0905202862552988
-0.502418100890922 -0.367484143797317 -0.121386969448838 -0.0127599095598262
-0.0833298120359121 -0.617029497737774 -0.00243884532970159 -0.132632244689122
0.430856652468129 -0.456407842203506 0.0569467376963789 -0.13272534824546
0.706870393145653 -0.203181898067244 0.0107350961277285 -0.0622614232034128
0.58996693597657 -0.182314819640799 -0.429532152606173 -0.0142009139992592
0.434069128145142 -0.424176013729582 -0.269033994756598 0.150367818321991
0.0210617501146779 -0.595843053941523 0.0317633260124098 0.125321910537368
-0.401521842730402 -0.412562441929451 0.0270887922517927 0.00641572945823597
-0.445612152924988 -0.0525315862118964 -0.113439493679293 -0.0219546957094017
-0.350490981616144 0.158273536184308 -0.154094817590786 0.100331293504174
-0.238154691850085 0.332520752371275 -0.141412491351506 0.197452286623862
-0.16653414547893 0.352820161838476 -0.0783380434151166 0.235697138273616
-0.193374053680061 0.338370398242198 -0.0889292032942713 0.218053039593732
-0.324819278887904 0.192435904286268 -0.133862192968324 0.191980311595199
-0.380443945618273 -0.00640625095899075 -0.197812525779192 0.110968266041689
-0.385297394133953 -0.305846446642782 -0.166178485551148 -0.0196090469976911
-0.0611592280466143 -0.491687541982317 -0.0311273617462437 -0.111379164236466
0.351029309968392 -0.373332365941263 -0.0223907300470784 -0.0490577888119917
0.598824629695976 -0.197955008479135 -0.209908870303126 -0.0225559490967914
0.413259418066654 -0.173489629254638 -0.637087899323706 -0.0101285762826346
0.282387128131405 -0.323893182552228 -0.389159547563571 0.20841064839566
-0.00134318436410876 -0.408522112242017 -0.0221660445540259 0.126012741252666
-0.266131560750844 -0.266049886879094 -0.0333518283403355 -0.0105906027799228
-0.28753941100264 -0.0433822995953017 -0.200692209667609 -0.0130747346109766
-0.240542833328602 0.0927776054359509 -0.255745488992359 0.161858392716145
-0.180801122171547 0.218254016585672 -0.212553749614082 0.294412718420069
-0.133508092779895 0.231070526334123 -0.138173194694137 0.332279903171141
-0.157661605994403 0.216810681396315 -0.152026091307819 0.304852946701597
-0.235361403152971 0.103965879735399 -0.210812776681287 0.233236599505426
-0.244760346534013 -0.0389270105226223 -0.261425124860686 0.0975437133150286
-0.215687865936806 -0.209869543400339 -0.180065621887181 -0.0423191438391955
-0.0224432240611024 -0.304054711523029 -0.0421444033355345 -0.0966334372482454
0.230482593258475 -0.237301426209793 -0.0690346799704313 0.0180535947320486
0.41083305396678 -0.159717765303448 -0.36826517870368 0.0166600568668897
0.164597020046139 -0.133620012039361 -0.763802882772669 -0.00812003038411935
0.0830709986115605 -0.167480050920928 -0.463371138739373 0.244990917777536
-0.025099978123124 -0.156520389238379 -0.0728839290574446 0.129543207665827
-0.0898047508157924 -0.0791351957581481 -0.0750808984990902 -0.00787672214351585
-0.0853158365873143 -0.0292248487981845 -0.240114376417433 0.00419361091542631
-0.0924580191101644 0.0104131048658456 -0.307010408381459 0.198680620722753
-0.095752100962981 0.0663940608518982 -0.2466559494571 0.3479785516276
-0.08057692132333 0.0749324523629321 -0.17693392682142 0.379444453898034
-0.0971386948723568 0.0686837189009625 -0.196419255742718 0.343644066416873
-0.116819581683664 0.01197276621964 -0.26304330096523 0.230013542150449
-0.0917262169147034 -0.0535362020755779 -0.291034972693694 0.0588603567867017
-0.0506629466764746 -0.0878612636125447 -0.166998841373488 -0.073763185784933
-0.000406089977707565 -0.102521326688565 -0.0430681285920661 -0.0858920331162202
0.0841854829935374 -0.099820817855923 -0.0906261888662304 0.0620761033021082
0.175829297354341 -0.108403151956346 -0.451375450767961 0.0501535392199935
0.0969778637107064 0.0385029315148725 0.459994074275782 -0.098568126165002
0.0839454960668224 -0.0176310170749494 0.144761448342227 -0.156262971259345
0.0104707583019226 -0.0847993413425109 0.0174677075863865 0.0641765936654849
-0.087152165415986 -0.0588443304741794 0.124332328683711 0.112458720916508
-0.0767870144423373 0.0310169933942761 0.268875961520157 0.0161341086750159
-0.0376240651381257 0.0664213575171075 0.3018804957191 -0.184874779558238
0.00800145533073495 0.0855835857840807 0.225122684612771 -0.323771384831946
0.0122614620360684 0.0909916541367362 0.183656926905786 -0.354581094896196
0.0013779589644747 0.0924219285664019 0.213043754096941 -0.340741696884299
-0.047502602611522 0.0721072742435607 0.270058731451458 -0.21672162391351
-0.0920709050030513 0.0299983929171766 0.249067201595682 -0.0512112583274837
-0.0928144256479671 -0.0849407311453477 0.109515056786693 -0.01839297616198
0.0362386450781521 -0.104445600864373 0.124826496461261 -0.114738572600598
0.0932635019493215 0.00699554116745346 0.38648831302134 -0.198488935035845
0.0624476515913774 0.0670206239023349 0.753359022662486 0.0256628064856184
0.308917652694424 -0.0169854736773015 0.40487426445394 -0.0673838623232926
0.230209038340275 -0.134057226600466 0.14226006144269 -0.126055301104926
0.0293691557030129 -0.263226892334433 0.0442199070108441 0.0636743914151295
-0.206563235153336 -0.199230269952407 0.123995935320745 0.105529883115106
-0.228892601304109 0.00641959991886485 0.241102111871798 0.0184948650599257
-0.164860255190881 0.126167371458046 0.274984991256117 -0.152872249570076
-0.0789336800378249 0.21797033659181 0.20087509223514 -0.269919412608982
-0.0521044389092135 0.237476741125208 0.166382071551242 -0.289488945847872
-0.0813596046450546 0.237881331055342 0.183299488338062 -0.281375475929829
-0.191959621583872 0.156188630593594 0.230918468997611 -0.169708521803821
-0.260763924831076 0.0240328776859827 0.198374493290429 -0.0301786161485202
-0.258596036849793 -0.231879897055374 0.0712851955027433 -0.0243242687961198
0.0267202207134378 -0.333443324275787 0.116106955845871 -0.14157201266185
0.274571313838612 -0.158054525488697 0.346894297658183 -0.237114340096404
0.338107918769568 -0.000899252793802242 0.665500326369912 -0.032264837994283
0.4911455890587 -0.068828949309684 0.275476141795412 -0.0454086497155503
0.366604342551247 -0.25152912029478 0.0988255755523174 -0.0788255091745123
0.046356202223524 -0.436364198169581 0.0703391474841834 0.0735562703852398
-0.317990047743455 -0.331677725854401 0.125887627630477 0.0903123856272746
-0.368003668204898 -0.0226797355664027 0.189995288832272 0.00865939198921731
-0.281120660334443 0.168723013119118 0.210783173108057 -0.107762270705087
-0.161196796740337 0.318730385040952 0.143143849604642 -0.178362240429447
-0.108537499942194 0.348528764425576 0.125333597930477 -0.179993425954226
-0.146632419790778 0.348477233633493 0.128509150439749 -0.178214209687403
-0.301994012538176 0.224338677270615 0.156742556756257 -0.0928230289541606
-0.39346248167404 0.0299050869528773 0.114477491298964 0.002584152736431
-0.406513886224614 -0.329507110736304 0.0137863425974149 -0.0268142132110747
-0.0155193948525476 -0.516741231842065 0.0852445385314759 -0.155315007424111
0.396129711358432 -0.316947503309378 0.264427235989126 -0.242148864834165
0.556371297435362 -0.0826956115795528 0.489269863772145 -0.0721558684159551
0.614241863354124 -0.116872735395295 0.0766576396675032 -0.0324151004759231
0.464201109364289 -0.360649542196002 0.00825333877737441 -0.0119676192571624
0.0474625124957531 -0.579315028657635 0.0829589022774403 0.0924554427334014
-0.41082734867665 -0.430952400538119 0.11684007673387 0.065859552663753
-0.471570476404831 -0.0425292615272051 0.108697882735445 -0.00844518056672379
-0.363434963355163 0.191600986519685 0.107463036354527 -0.0486649383187867
-0.221475565847209 0.376544936256599 0.0584167592195976 -0.0600961317791014
-0.148552411972785 0.408623715183565 0.0644320592484233 -0.0432668554925485
-0.185277577974298 0.404829624478808 0.0585944834820343 -0.0465722385289649
-0.359334982894617 0.259693140590915 0.0622552456892881 0.00435119158388165
-0.464228444460887 0.034534898254868 0.00972215608749042 0.0450308188042302
-0.495187348317297 -0.366761397640298 -0.0543268118524757 -0.0218054624291101
-0.0633219563574288 -0.611875914200129 0.0422988691148221 -0.150077813010493
0.442190840594201 -0.423980675723987 0.157309701082014 -0.202976635579432
0.675096276381483 -0.153966552361171 0.256145033162079 -0.079268930510298
0.645726728565518 -0.155657013074247 -0.166054417595962 -0.0233754747186716
0.489435145323955 -0.423331537105649 -0.120003927518423 0.0677088932737103
0.0350576865538311 -0.636323450164454 0.07053762782238 0.11072436389593
-0.44528682947443 -0.461534241991105 0.0828252870273046 0.0351578669264931
-0.501538914718643 -0.0520125215109141 0.00170205771493667 -0.0210706038850777
-0.386851242848166 0.188051972534046 -0.0211228162923929 0.0222916738032233
-0.246804197690612 0.377769980366519 -0.0403743605017008 0.0700921260003956
-0.16568001893671 0.404222074733844 -0.00610788129943036 0.0998333641232955
-0.197910364738826 0.395998061871653 -0.0158880660727129 0.0914365356549119
-0.361985173169254 0.246018603114473 -0.0374066033146925 0.106107640451612
-0.454201120089255 0.024168338283733 -0.0983096159704169 0.0865452831839266
-0.482544056623512 -0.352142471279625 -0.118004096563619 -0.0161207033581996
-0.0815850588600679 -0.593793561676508 -0.000152676079461752 -0.130758309862388
0.418167669863451 -0.436893054686298 0.0543251950574281 -0.129010803065017
0.67729967876823 -0.192460106490257 0.0104900428911539 -0.056034739389502
0.572137835609179 -0.174698642661595 -0.411465835567762 -0.0167627058251208
0.421944249464664 -0.408591702494643 -0.259016406972898 0.142660026706705
0.0173378132833278 -0.574978008746548 0.0316807461539985 0.120260721640743
-0.391179251747679 -0.397173178047563 0.0266612409887358 0.00622268337343424
-0.431995960654982 -0.0516197915219306 -0.109379415293703 -0.0226899438465508
-0.340265601238006 0.152627938414806 -0.148465693857877 0.0940442380257976
-0.22912614263686 0.319886530622402 -0.133669580457491 0.192662358216504
-0.158258562583814 0.339580015259581 -0.0758213277970499 0.227730174028259
-0.184886014978343 0.325353842508617 -0.086943969441232 0.210799617051791
-0.314199957649257 0.186384283229627 -0.128435761795656 0.185552983646659
-0.369556720548851 -0.00515018302219216 -0.189254953463365 0.106067440194929
-0.371385478288335 -0.293273137566162 -0.160344492861795 -0.021865234647372
-0.0604456611960167 -0.472049099690064 -0.0288552212668099 -0.109915167311316
0.340418197234307 -0.35852540685486 -0.0229817246986822 -0.0487379312718062
0.573605079408574 -0.18724659088144 -0.203109692701323 -0.0190124333882829
0.401498616776722 -0.166270880415994 -0.613816917939437 -0.0129990799369171
0.27525840612012 -0.312984777552419 -0.375275173674739 0.198082590855677
-0.00394580666047987 -0.394645189281952 -0.0212725440596158 0.121278490598406
-0.260520429423248 -0.256572132197891 -0.0317708612763152 -0.0104953607910597
-0.280219550505687 -0.0423329092254131 -0.194239018060928 -0.013663246612334
-0.233581535847681 0.0891470474859277 -0.247300784847277 0.153741175249699
-0.173674682392436 0.210684799156221 -0.202755639360637 0.285424776521897
-0.127081263278298 0.222816029582714 -0.134507217916419 0.321794160885197
-0.149654720361499 0.209108953959295 -0.148951624306341 0.293857772581964
-0.227296370248882 0.100966289137504 -0.203226997433395 0.223740671811785
-0.237210514989737 -0.0363904215534736 -0.25060371110848 0.093478780859346
-0.20752891253926 -0.201565533601586 -0.172834909367276 -0.0437376854423979
-0.0229621390974738 -0.291627116932089 -0.0400819641287364 -0.0947242486924151
0.222358015750122 -0.228349652812792 -0.0683330305692979 0.0162503627920424
0.393564059302097 -0.151204357755896 -0.356804153072072 0.0180236766003291
0.162142143285151 -0.128724746683592 -0.739761998664145 -0.0125560671596348
0.0811672240193692 -0.162270696923949 -0.450109295430125 0.2329389041414
-0.0267873579304547 -0.152144080629416 -0.0707199117705596 0.124812517517297
-0.0892774146685374 -0.0764163552265582 -0.0726590868209105 -0.0082056337903254
-0.0840362832242496 -0.0283460811439852 -0.232092653105709 0.00293243962578368
-0.0901282597403729 0.00944453606362042 -0.296016885330538 0.190159329357843
-0.09104168026582 0.0643896570544576 -0.237459840044817 0.336701333026987
-0.0766732765898155 0.0720735975915045 -0.172783216139702 0.367486357728845
-0.0917333484996578 0.0668215034017574 -0.192049356107401 0.330363156221027
-0.111713780481509 0.012833722427947 -0.25456671907885 0.220896814592224
-0.0896547349200002 -0.0501875406701395 -0.27831046173832 0.0558988061560489
-0.0491899827316471 -0.0831642381154616 -0.160106627973436 -0.0725148353811223
-0.00232923889578488 -0.0976675168972717 -0.0415368034708689 -0.083035204449031
0.0804964854205186 -0.0976684154903084 -0.0889885440024924 0.0585853308406714
0.168353708283804 -0.10393198435529 -0.438130893339212 0.0499211017578505
0.093282826941991 0.0423502648595187 0.466521495615526 -0.0906933575750384
0.0858177369741448 -0.0137788375393442 0.149249111490688 -0.151476202915337
0.0147804578211427 -0.0838559046380224 0.0172253419336404 0.0639683443990186
-0.0849683208204694 -0.0605694858704584 0.121944995157296 0.113432941845548
-0.0777299790989561 0.0287606556785164 0.268868044765644 0.0210817543630361
-0.0390035081279462 0.0664661503315181 0.304311976494679 -0.178812940051928
0.00589872853662179 0.0853074412440861 0.230043895349683 -0.319742944000375
0.0106473280067777 0.0909630523599772 0.191959296090654 -0.35385516693305
-0.00133441460785479 0.0916785630672043 0.220684474480434 -0.335370451871474
-0.0496166673006952 0.0703117232018007 0.275168419663443 -0.210782742798759
-0.0917673869446042 0.0272778611674674 0.248732602179729 -0.0469535999661587
-0.0914612606312974 -0.0872817711642032 0.109353854509846 -0.0155469386133619
0.0384938871474171 -0.104466827704804 0.12766073133104 -0.112619989148038
0.09418956951502 0.0110887115921523 0.391884308227597 -0.190367477724452
0.0603718316811769 0.0689222563712341 0.754346481874759 0.0422430472682979
0.306345310120475 -0.00886717164387119 0.412308821430435 -0.0610482354205222
0.235699137650319 -0.127462111304567 0.146079293628795 -0.122372253088001
0.0361500339782912 -0.261429561404936 0.0444186771773177 0.063431066381073
-0.202222547872642 -0.202765194233254 0.121678206651208 0.106973912272506
-0.230340456624802 0.00217754487396143 0.240652362266788 0.0227487132004472
-0.168392318593203 0.123696886081488 0.276782303080944 -0.147097606708649
-0.0830684555425566 0.215610855140232 0.20654775651741 -0.264467641563702
-0.054898810660187 0.235898435725759 0.17414265814855 -0.287397227452121
-0.0855473160638981 0.235165098180633 0.189640744082175 -0.276683889661422
-0.195912549392594 0.152029662501098 0.235161937637702 -0.164397170653259
-0.26135435823729 0.0189727679952617 0.198770775307649 -0.0264167099854956
-0.254115946120499 -0.237218797120364 0.0700488886961665 -0.0237389167725812
0.0332760580567558 -0.333633623332934 0.119658783148227 -0.139974232663966
0.2799139485764 -0.15051598265187 0.352917400659088 -0.230107752976371
0.337165460636093 0.00732367969026029 0.668384886962347 -0.0173690153391333
0.490636229585148 -0.0584298042532728 0.28238336176777 -0.0426872273771707
0.374424115531034 -0.243595570727167 0.102420333778773 -0.076501173207397
0.0529745028585124 -0.4329104557496 0.0707937411971357 0.0734518143881219
-0.313591874475417 -0.338000847494407 0.124479623265614 0.0923347796360855
-0.370170197910397 -0.0290308030762651 0.189596763553387 0.0114864960939881
-0.285859778758275 0.164362520755466 0.210812874893153 -0.103846950293001
-0.165813533895693 0.315935995938153 0.14796591571687 -0.174085240329325
-0.112843550335726 0.34602242466554 0.130273233039107 -0.178570968699323
-0.151838722429233 0.344456986460421 0.132370633184738 -0.174215793891387
-0.307294069947257 0.219099135145921 0.16000675874934 -0.088877141275105
-0.394350746070095 0.0230343163555361 0.114565852325329 0.00434533827157626
-0.401876967911342 -0.337732001128509 0.0124147277640005 -0.0280367849286672
-0.005185334297579 -0.517409315910157 0.0905339336510029 -0.155787102299382
0.405224474856621 -0.307087453797018 0.269993463832457 -0.237400554559436
0.555679218062988 -0.0691164522847107 0.49245032560306 -0.060385207502419
0.615065373953104 -0.104051962736911 0.0827742880058744 -0.0334461329592756
0.47287205559918 -0.350493088411286 0.0103239812916934 -0.0129830225646393
0.0577056274886254 -0.574664450547179 0.0820370344560323 0.0928984109315436
-0.405830764341637 -0.436154343296713 0.115962163538039 0.0680715191534304
-0.474053380078552 -0.0510447877098021 0.10898442743602 -0.0067323730338045
-0.369010031644737 0.185959249565759 0.106974672599587 -0.0477921615751328
-0.227442319157988 0.371612693549742 0.0626815704497378 -0.0568398028485884
-0.153301872218198 0.404301095770189 0.0666678968981689 -0.0420754258228251
-0.190824728815591 0.399448126972811 0.0590881215636284 -0.0438299232836981
-0.366126291754871 0.252749793793376 0.0635577194672442 0.00688596455127772
-0.465661036130652 0.0284610538563859 0.00972381432841133 0.0449349352397336
-0.488967224146254 -0.376686742597218 -0.056072731969852 -0.0245734869620037
-0.0533238337707097 -0.613865898049171 0.0466450954140283 -0.152262458027678
0.453406985873007 -0.41260102035031 0.161683236951962 -0.200860724785388
0.675302732855678 -0.137485896296282 0.25778875358554 -0.0709961552281306
0.648546447773149 -0.141960546719631 -0.161537507196897 -0.0295787077286919
0.501040007299188 -0.413824597376778 -0.120069657940441 0.0636861270245175
0.04508028788279 -0.634875363087164 0.0691620891662712 0.111095860391596
-0.440901801686242 -0.467807350400588 0.0828127200495029 0.0373567360179762
-0.502538151531098 -0.0612337270787847 0.00222653652365045 -0.0217179700658834
-0.393507598705036 0.182070732507483 -0.0225363574239393 0.0199984950245049
-0.252509898691144 0.373314565009518 -0.038146303910738 0.0718449575272691
-0.169362055983499 0.401712536178878 -0.00649740302780545 0.100349622773312
-0.202187322123062 0.390007740002658 -0.0185853265438608 0.0922256071556255
-0.367719710984527 0.240231603704129 -0.0380681944796845 0.106285080392076
-0.456508911863203 0.0180310819484595 -0.0986026503812052 0.0845154220239311
-0.476412179962198 -0.360568089973287 -0.120384306986953 -0.0210524677901666
-0.0729120865076189 -0.594070863495597 0.00395334838012179 -0.133708205701897
0.428696215895995 -0.426456162990958 0.0567524539622535 -0.129280653772074
0.6765253648214 -0.176315329741126 0.0117143233596357 -0.0529075031332408
0.577856024982181 -0.162388216221489 -0.410220203472555 -0.0275954753196178
0.43447373284473 -0.401456179956416 -0.262276543309753 0.135587732124544
0.0257069896321401 -0.573459817156194 0.0302274825833517 0.120791544070758
-0.389552503457094 -0.404748738905608 0.0272682359389273 0.00794998620163516
-0.434926632644205 -0.0585704511397857 -0.108984732323506 -0.0248802194663359
-0.346552533548684 0.146383976222265 -0.151403666586756 0.0903975945555028
-0.233289776360817 0.315850924997846 -0.133635537738026 0.19189706803542
-0.160905224631767 0.336975270251627 -0.0791080118030356 0.227927470614859
-0.188492215257093 0.321787151292445 -0.0930187002495433 0.209734664787432
-0.318234328318769 0.181805743624616 -0.131137353161435 0.182990241736335
-0.37100030348439 -0.0103756659689855 -0.189705017623429 0.101959484402088
-0.364977866663916 -0.299213053497094 -0.162432694405731 -0.0279091787568974
-0.0529650638441673 -0.472826472788157 -0.0257233131264709 -0.113492176918336
0.347674645817795 -0.349329636050958 -0.0228702994501852 -0.0505486086770221
0.574073542727322 -0.172193391654054 -0.20366554614375 -0.0196217382364776
0.407658677557988 -0.158452591415382 -0.615532639201951 -0.0273424139542779
0.285004140326361 -0.308839667037687 -0.381882870436831 0.188526031396404
0.000652795139279998 -0.394832139309528 -0.0234741957561394 0.121044829876744
-0.260875788381988 -0.261242600387906 -0.0308153006260619 -0.0101155545430433
-0.281631355797497 -0.0472236549335825 -0.193854951915667 -0.0178482636470863
-0.237182297834752 0.0855108196469768 -0.250266870341341 0.147886436663258
-0.176284796949423 0.207893021360492 -0.20611966797841 0.283044221169657
-0.12914828298457 0.220986805597449 -0.141114147888748 0.32140206452503
-0.151705081561136 0.206130930702659 -0.156000940367489 0.290841233199399
-0.228797355943853 0.0971156436281845 -0.207251816855042 0.219519916572663
-0.237922483423636 -0.0392854623212226 -0.250546937623819 0.088302004394766
-0.203644411755414 -0.202962812447363 -0.172675981832566 -0.0498391892480363
-0.0191857404057246 -0.290141729518246 -0.0380083504157945 -0.0973844869716561
0.226482633126613 -0.22437843207193 -0.0697603852056504 0.0136265139836852
0.39429967575097 -0.141272120274623 -0.35939524202739 0.0135928339497856
0.167821776416529 -0.125849669425996 -0.740990842365861 -0.0278058294223326
0.0860207629622012 -0.162556624705597 -0.459297909976583 0.222697997030344
-0.0269673251836748 -0.153203326308375 -0.0738426874769297 0.123741600180509
-0.0908045543297174 -0.0773224663867155 -0.0720082137733422 -0.00920376922602279
-0.0844015699784869 -0.0301865122682319 -0.232951239463729 -0.00164811329859691
-0.0914660551022001 0.00768328443001536 -0.29996563307484 0.183271546206247
-0.091396007850431 0.063270836331121 -0.241959654373021 0.333036479622355
-0.0767968908817122 0.0715601764252195 -0.18079475359121 0.366367256359649
-0.0913922407765246 0.0660671621039998 -0.200235023398792 0.325930883010716
-0.111702447228414 0.01172207314406 -0.259084091496339 0.215283981224987
-0.0901065546606587 -0.0504228204221239 -0.277561058225924 0.0503470927199681
-0.0481074638470614 -0.0824328443868447 -0.158421315028356 -0.0769950666269255
-0.00173678637535039 -0.0967463809368609 -0.0398918207085751 -0.0847583714461074
0.0810148529208659 -0.0975988931053911 -0.0916140618176649 0.0560041927612331
0.169607140995313 -0.100769200795261 -0.441651974321882 0.0426197959225547
0.0940974738516023 0.0468496311182353 0.489699627477513 -0.0926016259812091
0.0907385173793465 -0.0109669923384397 0.158182941447286 -0.154588411217068
0.0179291306094811 -0.0866373746811564 0.0179878722534436 0.065570640457069
-0.0861272719369312 -0.0636609016331305 0.12511337966719 0.117467962078645
-0.0816326751875914 0.0296068149738493 0.279353616569207 0.0238571328844777
-0.0405860640606923 0.0695880711753637 0.318072320067631 -0.18228386025672
0.00447518029108291 0.0884094983513669 0.242333497624918 -0.328502921262196
0.0109596355330404 0.0944075570872516 0.202904654745669 -0.368915495515414
-0.00250277701812714 0.09418339478913 0.233063714367921 -0.346302967438089
-0.0530263874843363 0.072202824336593 0.28845046517668 -0.215926323695841
-0.0945397606100473 0.0271097177204899 0.258370906841922 -0.0463579787246915
-0.0949021877895197 -0.0917655514361399 0.113459905467839 -0.0146775291101694
0.0414150899940302 -0.108988424053799 0.134518561684527 -0.116114696901289
0.0996873835660191 0.0135993423576929 0.411023475942907 -0.193784180007212
0.0613051678345935 0.0732881317046518 0.787664175545024 0.0511713395477364
0.315570726531868 -0.00503031223696613 0.434505390332325 -0.0620909428688239
0.247391324582306 -0.127645277393281 0.155288445619468 -0.124760284168857
0.040034535138085 -0.269670129027165 0.0466357530881319 0.0644166725876754
-0.209010864439017 -0.21161862005158 0.125637060702483 0.111489587269876
-0.240378169595225 0.000250748038427243 0.250153999554374 0.0259593446357388
-0.176496423685198 0.128233020924547 0.287898537227783 -0.150450737545926
-0.0876251318730273 0.222978629509247 0.217316478012973 -0.27250786941244
-0.0572760051886089 0.244398712175379 0.185257030862313 -0.300050013049648
-0.0915009603473138 0.242569261259854 0.20040007396669 -0.284865225258002
-0.206425888275413 0.156301199483012 0.247152973922401 -0.168331240451883
-0.271228317624896 0.0173492293648318 0.206035834773534 -0.025044477422279
-0.263822799630182 -0.249041781776393 0.0713323499003275 -0.023962089342568
0.0363731974450996 -0.347253740048955 0.126842083602323 -0.146385312053581
0.295235097581696 -0.151839892912749 0.369688845664521 -0.235676779310817
0.34938160761082 0.013061107454711 0.697799328352656 -0.0101285495578855
0.50765704344535 -0.0553857979995455 0.299263259366946 -0.0440353110712682
0.392927940048455 -0.247423820071965 0.108899424198874 -0.0790857164404315
0.058843190089991 -0.44755776095103 0.074022056173754 0.0754499324332702
-0.323958364313778 -0.351446009298807 0.128848917080445 0.0967923244943686
-0.386445970699067 -0.0332146750462337 0.197079403866133 0.0141754834526346
-0.299909030109643 0.169729274381728 0.218866425620723 -0.106343753453323
-0.174778178960839 0.325640899057754 0.158139515536154 -0.178112522652865
-0.117047159241245 0.358110200685964 0.13859480509158 -0.186500923214408
-0.159811435344348 0.35505320510246 0.139574788863156 -0.178042486750467
-0.322162447493365 0.225750886143975 0.16858296921451 -0.0904835933016606
-0.410738324160781 0.0215057967312514 0.119419983500972 0.00598099406730982
-0.415022621312487 -0.354878005077957 0.010578594498296 -0.029530305873284
-0.00373935442666811 -0.539074718911041 0.0963908949472815 -0.164072857549227
0.427109067652413 -0.313143534179079 0.283705199224013 -0.245833718784156
0.577044610657926 -0.0644528129485781 0.515126655504854 -0.0573685419804308
0.638871435507174 -0.102472794362316 0.0909540873751032 -0.0369909969860368
0.499114213035132 -0.358343718471678 0.0125533665954134 -0.014149027169354
0.0618539251938092 -0.59619596956679 0.0866261815617335 0.0963276610069839
-0.421724866721611 -0.456042476696577 0.12126915655718 0.0726182670497209
-0.49547227333851 -0.056634158233278 0.114175665354759 -0.0054130333594921
-0.3869757298381 0.191867459450743 0.109729292541174 -0.0496009424457584
-0.238233977563889 0.383584652838403 0.0687375954437655 -0.0565284235877359
-0.159336919238771 0.419291745065915 0.0713181613421402 -0.0437339715747693
-0.200129679334812 0.413169107616153 0.0615031303474799 -0.0427047947307257
-0.383534493981945 0.260979601984607 0.0677316443019715 0.00874724971421831
-0.484897545651037 0.026179149289541 0.0101078397097173 0.0469223597973489
-0.506772260508467 -0.395296673260673 -0.0612634287798866 -0.0271843883884945
-0.0517620149910423 -0.637153295103997 0.0518259464293072 -0.162458482542087
0.477760352821919 -0.423074433545916 0.16998566492267 -0.208679505893629
0.700764680952436 -0.133264559772063 0.269800248827543 -0.0691291908192153
0.675789031580711 -0.143021055381252 -0.164711410635933 -0.0350740241417256
0.527231649406219 -0.426464166442085 -0.124932957519266 0.0634412060641393
0.0495518250573504 -0.657570261711943 0.0730041704505284 0.115768946101775
-0.459375398017419 -0.487331873450365 0.0877047813427379 0.0409318515656504
-0.525565102657928 -0.0663271570578332 0.00287608436677556 -0.0218676001850785
-0.412560900258849 0.187790050292514 -0.025208910557976 0.019603337702761
-0.263463943482938 0.384984652869178 -0.0366012950448089 0.0764137541289182
-0.176861184188947 0.414947736484483 -0.00672887129108679 0.104877351918055
-0.213142102200182 0.403526848145073 -0.0206255808084363 0.0980728704422327
-0.38541077870663 0.24705067185105 -0.0390629698284571 0.110661840873446
-0.474644705019637 0.0164410515873337 -0.102216267231929 0.0859387853711504
-0.491548082370954 -0.37788774358354 -0.12848426996639 -0.0246332259090381
-0.0725623373062077 -0.61704795501256 0.00661915352197015 -0.143318878077353
0.45252409998674 -0.437066004607233 0.0591942727906739 -0.136122242059492
0.703168095376721 -0.173958473794812 0.0120043516744965 -0.0516835429013513
0.602804568322855 -0.163659981639816 -0.425477831963611 -0.035341342820695
0.45829785278157 -0.414510635745117 -0.275168873772239 0.137422196688817
0.0289041711478335 -0.594868387476986 0.0316791174291768 0.12606787442148
-0.406801394351789 -0.422489100002007 0.0304364016064436 0.00958916026211163
-0.454256146286619 -0.0643191155116933 -0.113040954474386 -0.0270230891138253
-0.363959815490242 0.151705488895161 -0.159632837583265 0.0904249975974022
-0.243866384916078 0.327192675154434 -0.137193654622425 0.200478536298532
-0.16681716262279 0.349400029449715 -0.083700450137703 0.237563242833811
-0.196371421321047 0.332593566553119 -0.0993870879860551 0.218911654281802
-0.332506911495729 0.187182740820544 -0.137120753746923 0.189498612600442
-0.386780617959727 -0.0115690486892478 -0.196485282194865 0.103867104600263
-0.378797733869927 -0.31323623329423 -0.170634152352627 -0.0316009804413359
-0.0531951349892116 -0.488840909490054 -0.024776312440128 -0.121854714879818
0.36618386199574 -0.359137677582628 -0.0245654280456437 -0.0547340377446266
0.595914882346676 -0.172901705933377 -0.213193297791074 -0.0192371336955641
0.427745435585409 -0.161327377286121 -0.641141322049327 -0.0364338427727273
0.301598724862483 -0.320597876132545 -0.401034617248876 0.191030299106706
0.0016237924476522 -0.410701269464796 -0.0242933659571179 0.126848288741461
-0.272857779089952 -0.27253007917464 -0.0304391559385835 -0.00957111495217053
-0.294633975795206 -0.0511706890872244 -0.201278024041923 -0.0202980831168851
-0.249980329244431 0.0877529592260581 -0.262717400785675 0.150024097833125
-0.183100303192963 0.214680718836745 -0.21411851802551 0.294217448412126
-0.133685477643495 0.229411114710392 -0.14912695018924 0.335473343768973
-0.156470236933742 0.213449720586387 -0.165651710606597 0.3025716487805
-0.238185965278145 0.10105539912674 -0.216979241755275 0.225941079953033
-0.248526890568342 -0.0405957280144962 -0.259249340900052 0.0890621994702657
-0.210744069431014 -0.211781753135624 -0.180172128919036 -0.0544317763046025
-0.019928374427613 -0.299454910398203 -0.0381555316717058 -0.104060802172713
0.236570717448083 -0.230125216866123 -0.0736430747687799 0.0117658920552274
0.409856649082133 -0.141799452948757 -0.375753897041117 0.0138408493538657
0.177719786944549 -0.130484195171297 -0.774311943268845 -0.0376810758434527
0.0918067552610448 -0.170396318709073 -0.48233756957156 0.226193197080634
-0.028657409753086 -0.15973727884705 -0.0776119384214255 0.128657552247705
-0.0964921761404664 -0.0803417949838594 -0.0732367923675333 -0.0101772053585853
-0.0885634743812213 -0.0321511736584578 -0.24259263128669 -0.00436050068701387
-0.0966635069429864 0.00716592408449455 -0.313706047459189 0.186501112483183
-0.0945895680681616 0.0656225916611222 -0.253095309524129 0.345401748606365
-0.0791161403878905 0.0747357925803944 -0.190733655865541 0.382789053834252
-0.093214544723819 0.0691872256394045 -0.212993804110892 0.337133233540216
-0.115128790828577 0.0124446472554819 -0.271038439122313 0.220190412418672
-0.0943172396649418 -0.0507670477895563 -0.287017186684849 0.0483159047904925
-0.0497160540713329 -0.08442435963659 -0.164061815750833 -0.0827927299908778
-0.00243248386242537 -0.0989930639373239 -0.0411206742821176 -0.0893349825440343
0.0835963444133588 -0.100881464581778 -0.096491239176223 0.0562726550345623
0.176856674043187 -0.102600453720855 -0.462571336995919 0.0443478348287059
0.0984185759909175 0.049525663782336 0.522695523691643 -0.113379720978446
0.0972596248405202 -0.0118882274133154 0.165336458073273 -0.167594975378267
0.0182092219027442 -0.0925768665409251 0.0213985157646299 0.0673278366784461
-0.0924800254850824 -0.0657130252454494 0.134435342975296 0.119433286313994
-0.0857993782600247 0.034160403212054 0.296574020781832 0.0172586014597315
-0.0408188136002867 0.0755824277536383 0.332032580156229 -0.201795473086007
0.00673203638838631 0.0934976103335348 0.246166341193114 -0.356005486008733
0.0143527390859573 0.099514171850018 0.205265918304932 -0.401230410386776
-0.000974567231016164 0.0999674705622599 0.239490162790382 -0.375592813709237
-0.055232667327404 0.077526224794061 0.300584062161105 -0.23669324076722
-0.0986064705029666 0.0298472047796547 0.271785151131805 -0.0560526158597982
-0.103038242001026 -0.0948674265372955 0.118332380846697 -0.0183347634965076
0.0408816463860012 -0.118076717967893 0.139162348091729 -0.126918317690711
0.107753267121483 0.012591682705818 0.431661146824999 -0.215840310430101
0.0663831824230306 0.0768696953185884 0.839735628067593 0.031676429055836
0.331738919746972 -0.0115381358378776 0.464316586038473 -0.0820584153694681
0.260747758304944 -0.140898239280796 0.163298375769075 -0.137462850967776
0.0349229009305605 -0.286272169224622 0.0524927006360283 0.0657741193705276
-0.228537316660854 -0.217757108200091 0.136338934179286 0.113484263661805
-0.256731235296959 0.00826904700393041 0.266209073669177 0.0201936204397101
-0.184147408039002 0.142415788684912 0.300749227976538 -0.167165790260321
-0.0869944234782494 0.238878517642033 0.224136377756809 -0.294097681840021
-0.0524386237665083 0.26037402558659 0.187787116546602 -0.327000401676694
-0.0897322037083497 0.260009723553463 0.205573421922032 -0.30708047664484
-0.215960424621309 0.17234661727615 0.259021467994761 -0.185122258326758
-0.287053886696091 0.0260993779888047 0.21767143794045 -0.032381451167994
-0.287432873784394 -0.257026239215114 0.0731411288424226 -0.027631617440778
0.0280380943785095 -0.370165765901797 0.131232700122463 -0.160902247783778
0.312531655486748 -0.168417143920293 0.386817836554427 -0.261224471048812
0.370298804168067 0.00563777824881494 0.742852446456061 -0.0309942906768444
0.533378380907143 -0.0709843346461926 0.32138692281591 -0.0593159842679723
0.412276948910337 -0.27268762430017 0.115426734535414 -0.0873941783417376
0.0495709774492289 -0.473826521282013 0.0815474869960461 0.0764112261212892
-0.357666854841248 -0.362174047581602 0.14067193366197 0.0989406244731851
-0.413572342082273 -0.0223910902207258 0.210466038297023 0.00926078372376412
-0.313521733674098 0.191383584241556 0.228272590483397 -0.119335215318137
-0.17529350515297 0.350523572843609 0.164766641811188 -0.192043815577267
-0.10992835232632 0.383475398495115 0.143060615702042 -0.203977172492762
-0.158659407678563 0.3819645703149 0.143949266184073 -0.191760276917794
-0.33661247609781 0.250579418177199 0.178741564912873 -0.100454074787368
-0.435330138104988 0.0348468023476161 0.127070263236864 0.00335836719829205
-0.453158308861035 -0.364270053499941 0.00714021341511933 -0.0318010057966872
-0.0215679210615 -0.571082954851744 0.0989068826334472 -0.18118145247557
0.449154996632394 -0.343047577790461 0.293553257837644 -0.269459553717481
0.610294112667507 -0.0833294803812786 0.544658295346444 -0.0730796663742895
0.672571433605828 -0.125555468156109 0.0993477454308065 -0.0449891488858374
0.521464397887066 -0.396603485895139 0.0136013787791959 -0.0154080142491587
0.0462945374092172 -0.63079653389349 0.096629405205618 0.0982583416214284
-0.464338989108662 -0.467796211038884 0.133195044682678 0.0735555789189228
-0.529847795116153 -0.042812859432832 0.12191492945221 -0.00860265199488003
-0.407440471197822 0.217771028278166 0.113976840358579 -0.0561551355144193
-0.240237686195257 0.414661270635772 0.0751292093776916 -0.0608126117496027
-0.152128690045429 0.449604042575739 0.0757002137981077 -0.0494463450168165
-0.199166298287954 0.443353311578734 0.0652218197215945 -0.0448029731970747
-0.400831723042738 0.289718332034261 0.074051647221536 0.00727736867921574
-0.51434777170582 0.0433318029047861 0.0126118632001368 0.0501526029367482
-0.551885333368073 -0.404681190189409 -0.070248849400207 -0.0271718103715216
-0.0775521822952881 -0.674307032579613 0.0509463282606694 -0.178645355532456
0.499505547763866 -0.460591205388632 0.17276107505378 -0.228448730752351
0.739190336207327 -0.160653776965213 0.285306483527951 -0.0792399737427271
0.710919511190028 -0.170221674292762 -0.173274094177632 -0.0355099486620545
0.550694206117866 -0.469093221526621 -0.131084589324528 0.0713873456569634
0.030535107454529 -0.699735585327262 0.08271501072229 0.120520472138649
-0.507658711915773 -0.501224289670604 0.0973804149445415 0.04127354253393
-0.564261600006799 -0.0530211204507841 0.00351618492499169 -0.0226311167421699
-0.434348042599884 0.214255075624486 -0.027762622955556 0.0207272266637566
-0.26740219369172 0.416415976653811 -0.0319471611203972 0.0836535447888366
-0.170843796387758 0.446473592489392 -0.00224241428447681 0.112503551346496
-0.211429015059795 0.433460875612266 -0.0192364369134437 0.107812053005067
-0.40229418020414 0.275245569188677 -0.037038426195828 0.118940276903235
-0.502995017281041 0.032639922069569 -0.10520666100393 0.09524182167364
-0.538992046708353 -0.384986288949139 -0.139801488826877 -0.0220227133189843
-0.098029847522717 -0.65055205542645 0.00329233793406854 -0.157974638352719
0.470863531781291 -0.47396424059973 0.0571972795076098 -0.14807625193942
0.740524158966522 -0.202003054043599 0.011035822690344 -0.0519492881137959
0.635519882523767 -0.191358031018238 -0.451850149888257 -0.0274636007495624
0.478467016363691 -0.4569387549911 -0.289289069510687 0.153730571626661
0.0100801885372718 -0.631721762123313 0.0397748117380886 0.133121527180807
-0.450822595482763 -0.434111750644627 0.036449070202268 0.0100886886360023
-0.489501629507965 -0.0524376424612791 -0.120057059489409 -0.0252543807559507
-0.38481509899035 0.174484520191201 -0.168432198037974 0.100081438059735
-0.247285870171659 0.35396651207122 -0.13527174130619 0.218326263187065
-0.162971460335599 0.376234530381267 -0.0808064341336582 0.256965226395115
-0.195785974556023 0.357700537174164 -0.0998064597133288 0.238393925305513
-0.347884633934659 0.209963011810347 -0.13876249771878 0.204884110573106
-0.410937429933491 0.00111016454575519 -0.204775901018795 0.116171103486719
-0.411449020005123 -0.321143716087365 -0.185462563039957 -0.0287585221436638
-0.0742662379359041 -0.515997163126725 -0.0299856160814903 -0.133241827250596
0.377614264829281 -0.389382820519576 -0.0290477176409888 -0.0592856540616201
0.625859971104506 -0.198124183096848 -0.228341581247316 -0.0105730799617555
0.450817026531827 -0.184305483205423 -0.684063255148855 -0.0217739350467871
0.313296430164079 -0.351743839594691 -0.423828165326889 0.214486058018843
-0.0134434277691932 -0.43662412638268 -0.0203424604373289 0.135935843803388
-0.302610033964747 -0.279671376001166 -0.0292090596802565 -0.00911682554591521
-0.317811488799658 -0.0447356343359913 -0.213908306375456 -0.0159762476347825
-0.265716177788076 0.102977403881932 -0.27627824591608 0.166436330137864
-0.186555412878833 0.233339008182091 -0.215552610641632 0.32043030733853
-0.131437927554345 0.247996678281648 -0.146995221751034 0.363969368659807
-0.157439922420292 0.230503307045037 -0.169007586845993 0.328228712518667
-0.249252532553248 0.115497277779197 -0.223687984918335 0.245466993312017
-0.26501191481008 -0.0333952951232784 -0.271555251929722 0.100911806191282
-0.231525803229838 -0.216805280567687 -0.194370366014173 -0.0531892191240677
-0.0311902479341692 -0.314613919953858 -0.0437945917917382 -0.112516575918559
0.245054595564211 -0.249942432301945 -0.0788796328419447 0.0127006946234262
0.428380174265666 -0.161498157604214 -0.401558863326275 0.0296132716625022
0.187131394046813 -0.145361616064592 -0.827820163155828 -0.0177592332563782
0.0943199462351461 -0.185795464613292 -0.509354616899485 0.25490490341903
-0.0368778142828737 -0.169320898032546 -0.0774808441230393 0.139693674831439
-0.107831381157938 -0.0810039866269176 -0.076316768631777 -0.00825435748015888
-0.0968360925279152 -0.0318845018076758 -0.256925882606785 0.00209014612796974
-0.104682379966279 0.0115526343193312 -0.328850654254069 0.207302906891855
-0.0969488433841556 0.0722403160322568 -0.256870934605209 0.374895862082081
-0.0796330797026387 0.0825848707977437 -0.191033453984288 0.415590029169841
-0.0944391856817053 0.076381907776856 -0.217981537327755 0.365820295581815
-0.120655110143769 0.0176297674326328 -0.281530413322825 0.241004070708062
-0.101498465724524 -0.0482835013543884 -0.302148967320221 0.0589528518406183
-0.0558681153231816 -0.0867846681297182 -0.176891424664745 -0.0833041017323086
-0.00731012602349359 -0.102987973450688 -0.0461275783441966 -0.0945042102993863
0.0838629721259132 -0.109703891557226 -0.101378780379113 0.0608253523693342
0.18439768435711 -0.113400107877698 -0.492694396261324 0.0639433250292405
0.0952937567278191 0.0594732701593937 0.560935355834148 -0.0346301306261562
0.100146547239094 0.00296717251817574 0.202616131879303 -0.149496171344466
0.0371603270299111 -0.0902530812370943 0.0134745404163254 0.0673998388698868
-0.0792484004410523 -0.0834108815412436 0.117689809229306 0.13839923766957
-0.0916128361520427 0.0148181634691299 0.302632843647069 0.0639349703235051
-0.0541201861435075 0.0671965816971629 0.375736740646154 -0.159450220666573
-0.00853407453399136 0.0954757207324534 0.310708593002367 -0.334112420146133
-0.00391912702168351 0.101565212228083 0.276879983090699 -0.391114755328145
-0.0188731907985633 0.103013856459889 0.305604643535637 -0.361865808444751
-0.0704793738485925 0.069332660897623 0.349948780044138 -0.206132247586785
-0.105984905086497 0.0112222467831605 0.29423824840347 -0.0195623101607416
-0.0908195048787173 -0.115925207859896 0.133079266807318 0.00274405414105292
0.0684979385944292 -0.116055928864099 0.162646893196673 -0.10874227592085
0.119768960834579 0.0334605224973678 0.475767702912555 -0.156433362518745
0.0646526936008502 0.093880685955733 0.871281062936235 0.169309973415667
0.34259458448779 0.0380044177692493 0.506234780977985 -0.0122288657603341
0.287777055844013 -0.102560531080337 0.200431313794028 -0.121467197578734
0.0860987225947857 -0.283842325171976 0.0471805719462133 0.0578788978450446
-0.195565956625441 -0.25644829318501 0.115418155714442 0.119704509241142
-0.263163990142473 -0.0392641135213185 0.260936254895663 0.0640602376088535
-0.21391615649727 0.114097834585324 0.334457958250865 -0.126876335334965
-0.126846587406551 0.229774018439742 0.272856893768865 -0.271682783867351
-0.102342108051714 0.255989946001244 0.2482843080922 -0.316084390543532
-0.137978180103428 0.253414492973528 0.261707622314277 -0.298047132623565
-0.254933095803198 0.141413354948103 0.300665417492053 -0.162731331893047
-0.303544926206295 -0.0301775491001725 0.241280736579542 -0.00156312763802438
-0.25961815956989 -0.316298679126647 0.100155369126191 -0.00864900453429162
0.104322647938873 -0.38238298465926 0.158760394032382 -0.140886626259759
0.367791461064673 -0.119328351234747 0.424740130443625 -0.202371824667648
0.40386619846886 0.0757656700149405 0.762954083099551 0.0863480388501315
0.558274035552894 0.0134598481073864 0.364777308326674 -0.0126101124795631
0.463955440321624 -0.211379573450033 0.147951953549136 -0.0818200886823394
0.131166831313828 -0.472708266461003 0.0782519195018705 0.0615028261944977
-0.305862156176425 -0.421698543769263 0.119199780788799 0.0928607055144092
-0.419972839905053 -0.0942309948322754 0.196046789772771 0.0444413015706323
-0.358053599302779 0.144827776554366 0.246911921912006 -0.0879217571020066
-0.235564805855036 0.33087720444441 0.192205095111204 -0.171861917068812
-0.184859386215076 0.373742222589388 0.181354436552838 -0.192133234403236
-0.229808397902773 0.367857585054475 0.178137603009694 -0.186976441847886
-0.39436020798963 0.202359426814867 0.205658117555851 -0.089535143296405
-0.46179827322498 -0.0489539974188409 0.148120737907808 0.0223699024914916
-0.416352749595402 -0.456345049621437 0.0432474459300115 -0.0206921382068049
0.0918299388675156 -0.600928758268702 0.12781900278292 -0.162833442846491
0.542062883193765 -0.276658655727783 0.322627478350173 -0.219509329091647
0.674867984004021 0.0263974983951898 0.550836201090542 0.00832629911668008
0.706624050052951 -0.0129955400856733 0.140061405422987 -0.0337379962861049
0.595049940853742 -0.318205920970664 0.0344164273710737 -0.0257834932724856
0.153963065862421 -0.631892798860222 0.090840763871417 0.0774303593657339
-0.401657339727664 -0.544861136280485 0.111616401876485 0.0559376516548492
-0.536683108091859 -0.133180287705592 0.0999634313948797 0.0122362245011821
-0.460182081585905 0.157727168601067 0.115526844867897 -0.0385110382033358
-0.312415170194176 0.387104306462988 0.075537920194901 -0.0464498745927583
-0.239167504353416 0.435577720281289 0.0874251142803219 -0.0401147753303747
-0.281645863336233 0.425324526703819 0.0736155280469865 -0.0443367315069391
-0.467965729342138 0.233628324591637 0.0810212275870765 0.00641493339566727
-0.548376409013356 -0.0544063088077453 0.025841442752321 0.0542379169620527
-0.51300138678751 -0.51538994136526 -0.032021805953543 -0.0275072523898883
0.0528134293317628 -0.71784642087248 0.0786828458445812 -0.166054074761914
0.613556027846319 -0.390125057584365 0.188376187451041 -0.190408117922866
0.825809199838907 -0.0300580234920398 0.269614842289054 -0.0400183164889881
0.751985212875906 -0.0470200035195378 -0.14103095728102 -0.0660865759348032
0.637727871164358 -0.38669699127597 -0.129138271553347 0.0413634547408906
0.150162137600085 -0.704365180344105 0.0726094598240503 0.0947074069137304
-0.441319300106852 -0.582052866895649 0.078262382829571 0.0143459687914208
-0.572630901028171 -0.147215737707256 -0.0232259727115024 -0.0209232647849009
-0.488289243807006 0.152462272878647 -0.0447644694693755 0.0205063734944397
-0.339789622939005 0.385911471403494 -0.0594174572789885 0.0896363699661985
-0.257752363981882 0.431071544618044 -0.0191517494818924 0.119084198368929
-0.292298963126838 0.412662971101819 -0.0379234282075745 0.104113910235752
-0.467290352701364 0.219043615806862 -0.0512582843224896 0.107103895892885
-0.534915720593129 -0.0627399946140434 -0.104149681757493 0.0844614984347083
-0.502643588703309 -0.493547647777961 -0.10682775040038 -0.0339069832630464
0.0248149411345515 -0.697228885194476 0.0262748687549867 -0.152971375263322
0.583412720374292 -0.410903789013421 0.0573533368969761 -0.125153997565738
0.830490207624942 -0.0755952230565017 -0.023174817983792 -0.0558985435674467
0.676224849022524 -0.079492735692413 -0.431314014430294 -0.102004411353661
0.562912132729262 -0.383766557498687 -0.309766093505103 0.104611925191941
0.11841951273747 -0.640815966536511 0.0244100378223007 0.105167374645125
-0.394713625141433 -0.50776084920495 0.0212965077447619 -0.0222008292123642
-0.496309092952925 -0.131389665641624 -0.14794387604426 -0.0426307403337464
-0.431258157331944 0.121101179034071 -0.202442644136988 0.082285053098233
-0.310408069865321 0.32618577013329 -0.186967248817234 0.214630128193697
-0.235415597955313 0.3611249382605 -0.122793195130461 0.258579208465753
-0.263310340350946 0.336357774070825 -0.141298681867744 0.23115008317262
-0.399325484383771 0.161053255675231 -0.171423774956874 0.183963499171266
-0.43290092016959 -0.0771709107663969 -0.213114724004283 0.0924877019736177
-0.383443228297812 -0.404003598420372 -0.1604400200232 -0.0488442241843819
0.0233552571638564 -0.55037037663961 -0.0124430433577321 -0.134413136492205
0.469291966734213 -0.337422060180062 -0.0417196084981421 -0.0513944680858643
0.707040239078123 -0.0901784471087128 -0.275188240010034 -0.0512758938338557
0.482716553292898 -0.100238637918967 -0.67816443992834 -0.133566851401452
0.378887624970571 -0.302556002249702 -0.465465863207306 0.15236386019241
0.0601559127093409 -0.44498608916151 -0.0402642299940046 0.110802465937738
-0.268505803275558 -0.326523939517216 -0.039278678847231 -0.0392364605690564
-0.321893301537468 -0.0935684229662441 -0.238611068560485 -0.0479487298301779
-0.295037119377439 0.0680109520669222 -0.322139903932863 0.134057553169618
-0.22867549275189 0.211277620699992 -0.282814313695942 0.307764832114045
-0.178966651314376 0.235895952596636 -0.209404117133677 0.361497379940174
-0.200986141892266 0.212032672808372 -0.226802301781559 0.316627659299179
-0.280795739106424 0.0799201053368576 -0.266812776504097 0.217138195653251
-0.274073165527507 -0.0847128094768077 -0.28582793642632 0.0678154739862299
-0.209701414247342 -0.265263489272495 -0.178077871971086 -0.0775380527074769
0.0281623351845531 -0.332404887633936 -0.0303357890193712 -0.119258667191235
0.299999712631323 -0.215535014594524 -0.0967924872564137 0.00913257203625898
0.48652990279674 -0.0889014889402711 -0.451559531438845 -0.0351341284442236
0.205834451610425 -0.103161990130292 -0.838869200608109 -0.150624483077716
0.128084765320782 -0.166983001023532 -0.568716730083167 0.185349268972672
-0.0099170950113912 -0.176774545179127 -0.102451890697018 0.122956388750169
-0.100502647417152 -0.0949473753246805 -0.0817901967576906 -0.0291531565649682
-0.0966638758667236 -0.0435461284464332 -0.274946047382387 -0.0374463373708474
-0.112069484512373 -0.000513732015026299 -0.379280758945801 0.167069045089938
-0.110817472720326 0.0608489115157735 -0.329506486110311 0.355933634840092
-0.0956582007444653 0.0752189506242471 -0.263195461954638 0.408947991383352
-0.109256996413573 0.0629184945971626 -0.283704238998166 0.352599175988674
-0.129891319543373 0.000647486604876022 -0.328410837800436 0.209307366612852
-0.0998461911864334 -0.0687780486749076 -0.318653591062931 0.0186438708783473
-0.046570256012836 -0.100537198670641 -0.166361507436389 -0.110496573641783
0.0115437099128852 -0.10861712185134 -0.0353343437796828 -0.103957192026428
0.104392683001899 -0.0992675217314045 -0.119447378667226 0.0500869573656266
0.21450868117037 -0.0844274336665296 -0.539273666412304 -0.012080853493655
0.0995306302510897 0.0531399960948544 0.563182006059073 -0.0908434672620963
0.102724181494621 -0.00350717051277108 0.192446715938987 -0.169428245646133
0.030809284490464 -0.0939603040276264 0.0198387417529865 0.0665042156653221
-0.0869688157478389 -0.0774454569289205 0.129628267434441 0.127726948098737
-0.0907270540451081 0.0235564545320576 0.310680113864537 0.0366662835433057
-0.0473579745628325 0.0730463916581026 0.363966717949876 -0.194929978197285
0.000200459188142137 0.0971959816728322 0.281296673427677 -0.364523366282151
0.00555863871361857 0.101820375554773 0.240786596894222 -0.421212241073985
-0.010595451724401 0.104963093134779 0.275099697148908 -0.392558216371803
-0.0654247440739493 0.0761236533315472 0.334203137528038 -0.23965481654804
-0.105334647128385 0.0190376548818592 0.292993889397224 -0.046725462153667
-0.102681457882312 -0.108716722183293 0.133565239505224 -0.00883962240072081
0.0577111362907082 -0.123655453376783 0.153707403321601 -0.124032785727631
0.125388200432861 0.0229135056634818 0.464921816281034 -0.19981200967952
0.0727431083274449 0.0889064419875974 0.893007405743617 0.0895998025274569
0.346127273328821 0.00917762117001582 0.51143336710524 -0.0642090066034015
0.280774724111 -0.126837443722327 0.192825523647767 -0.141843415106144
0.0610036123301002 -0.291138718248397 0.0535482552337547 0.0533848038208867
-0.221094344764214 -0.239386296844623 0.126405271012188 0.10865779337378
-0.269087118795003 -0.0141207550262818 0.268599145224947 0.0408341937188101
-0.203883995690565 0.135564461597997 0.32376142793219 -0.157949875323839
-0.106480398335048 0.243024735285426 0.251932021196694 -0.297363974358413
-0.07709136676528 0.266010723388012 0.220441327271306 -0.343470566425138
-0.115521465819641 0.26744605216282 0.236025225074134 -0.323620172316745
-0.245161159819505 0.166160964448879 0.288722419155433 -0.191721249518281
-0.307783265670172 -0.00399446489164094 0.243398614839147 -0.0236130894337691
-0.291705170741829 -0.293996600109856 0.0980444072437319 -0.0165002042113978
0.0679951860879763 -0.393267634003281 0.146549388984058 -0.158372534922149
0.362352335398664 -0.15270405496701 0.408129031158816 -0.241675081225368
0.411071364626645 0.0395264812121016 0.776262050173416 0.0157352963321577
0.560004619815049 -0.0341889717362362 0.369070255817818 -0.0509467018301662
0.447500991249324 -0.253805466142585 0.143916424983971 -0.0959556079716694
0.0866663322592323 -0.482076907617679 0.085874265729065 0.0537152191028598
-0.347892760606636 -0.392611206030347 0.129123491157842 0.0809629735485398
-0.432912920816065 -0.0539270332866142 0.20260839875284 0.0266760903060091
-0.346168728790079 0.181230736783405 0.24044007186982 -0.110079630124743
-0.205270018741675 0.355231461944365 0.181047738733743 -0.189616974433381
-0.147724029730669 0.392125771178332 0.165564235276535 -0.212358493038779
-0.19626865197159 0.391017126163397 0.163965719533192 -0.203394307762334
-0.379047530959559 0.241343333068517 0.19991738626699 -0.110000347302917
-0.469202953161533 -0.00690937003474562 0.151822885199553 0.00911030691662512
-0.462742455692634 -0.417567464295379 0.0385029598848043 -0.0238553117542825
0.0352069727876736 -0.611425105997962 0.113501125611248 -0.179647554001888
0.523879659803724 -0.32709278958266 0.302569047154133 -0.249939556879365
0.677470721683971 -0.0344036435345563 0.55540279009375 -0.0410456944090285
0.705965470624216 -0.0763257207109445 0.140679589195477 -0.0494990230515846
0.570081168196169 -0.374480868795556 0.0346652379467248 -0.0293358591574247
0.0950517567351774 -0.646133601004377 0.100282716693336 0.0674759581112083
-0.457317036981876 -0.5072028335289 0.119533183440291 0.0451087787364397
-0.554644905070257 -0.0800914495407631 0.103345642018161 0.00349802453029115
-0.447677918720569 0.205313550123185 0.112223578452198 -0.049179346978515
-0.276451635833997 0.418825600435499 0.0762978593037974 -0.053327307494765
-0.194568303577569 0.460088112649958 0.0860544375360532 -0.0497849692896278
-0.243264032204012 0.453446902644254 0.0722558337834837 -0.049586344835096
-0.449313568508135 0.279213605283266 0.0831078539060786 -0.00178472064376959
-0.556652781275755 -0.00309613508864748 0.0324354010960372 0.0524604988763252
-0.567432116688094 -0.469232328911965 -0.0379140701825023 -0.0233658133239394
-0.014972933508337 -0.722963573427659 0.0623841566274928 -0.179698254932012
0.585901517451668 -0.449037185958707 0.168962990444087 -0.210094662493478
0.822662819642824 -0.106247297377782 0.267387866780898 -0.0618580291561334
0.750044062525733 -0.116025040894688 -0.145302006837387 -0.0549384462517306
0.608375670559827 -0.448862071070309 -0.125268225427211 0.0536372826212652
0.0838914338921258 -0.719068644041002 0.0838313496133398 0.0865021592521276
-0.503124433365685 -0.54044668258503 0.0827436724471735 0.00580820597906222
-0.592679566367123 -0.0906682032805805 -0.0233685259569459 -0.0185115711030687
-0.479062405359963 0.201612976791585 -0.0443032567185866 0.0244371672908413
-0.305177948005094 0.419872716634909 -0.0465186153346593 0.0953864253444006
-0.212961107358857 0.456637087402158 -0.00608114391456909 0.121110835443695
-0.25483108442749 0.441898842535019 -0.0258539602712289 0.111235622668589
-0.451010313069011 0.264962774446494 -0.0401733432537464 0.110968115113318
-0.546002580073798 -0.0121990418538798 -0.0947686150454929 0.0946899782411491
-0.553048324098398 -0.447276974684144 -0.11435562961136 -0.0228893695516026
-0.0411887996901233 -0.699439534406695 0.0103834746720237 -0.161595823486666
0.553347703859367 -0.465445165749925 0.0421145046136962 -0.133106563683681
0.825453788168166 -0.150123916248844 -0.0289197918816202 -0.0506933204947523
0.67308305853037 -0.139776515436777 -0.442529955106412 -0.0630410349285285
0.532905967599597 -0.440074779547444 -0.301765724983593 0.134760697594283
0.0555817564006068 -0.654077773993002 0.0364591394327563 0.101885783234254
-0.449899934513559 -0.468525866509675 0.0224759193301933 -0.0258587645294268
-0.514409115494666 -0.0822855302006912 -0.151043406438127 -0.0292745077592394
-0.42377991873517 0.165281178326923 -0.197241016143272 0.101155869093846
-0.280833326171046 0.356430914811902 -0.164176098228913 0.233828515938252
-0.198987937856482 0.384899776111946 -0.0971041707225124 0.27278159808817
-0.231213493597596 0.363169484970544 -0.119329790987596 0.248907086951003
-0.387125051813249 0.199662219797812 -0.154779593637829 0.199966877137656
-0.442505573832314 -0.0366888900656361 -0.204432899187643 0.112695875165354
-0.425324869288398 -0.367317621717347 -0.168122871906879 -0.0335401806436135
-0.0289888408580489 -0.549843206721448 -0.0266938390399815 -0.139421855940143
0.443061622422949 -0.380415684402035 -0.0496820637398613 -0.0498323341687202
0.698233476993364 -0.155338734142579 -0.282609625204174 -0.0212806031612991
0.477398013873835 -0.145125193764281 -0.69351626036997 -0.0697960426788776
0.354258282093756 -0.342194688910929 -0.45477649358007 0.196372410262134
0.016681930871087 -0.452650621388948 -0.0294985963152471 0.113943508445063
-0.304210819668163 -0.298926969245693 -0.0405892013419438 -0.037262967210648
-0.335354284826628 -0.062535832293352 -0.243548770169197 -0.0270155127858254
-0.29216159658448 0.0983099422354124 -0.313226019322293 0.165218787490467
-0.209443353081042 0.234475100918044 -0.253626692284493 0.335771024705528
-0.154975893697691 0.254157231538132 -0.174584890273989 0.384840612166003
-0.180097814789313 0.231863778825662 -0.198438357653685 0.342700192197821
-0.274521708399505 0.107003224180579 -0.248916139907525 0.242674174960885
-0.283095760537585 -0.0582790154526876 -0.281164554491379 0.093936799878811
-0.236555335968791 -0.245647126277512 -0.188128462189428 -0.0612521026902974
-0.00356956589880384 -0.333242086102285 -0.04316458783789 -0.120531847483565
0.282921786699195 -0.243134146478404 -0.0992466492550586 0.0159509532728372
0.480321431833129 -0.133164411211299 -0.459331013070518 0.0104438423260944
0.198236587795194 -0.123491482203615 -0.859669488608879 -0.0739003398459328
0.113507633372641 -0.182317224655948 -0.556695984345995 0.240442541986877
-0.0283815408901466 -0.176773649320592 -0.0910599913846379 0.13248718432838
-0.111629290591881 -0.0834195280310745 -0.0833552572274949 -0.0224286842603418
-0.103104158309496 -0.0344181482895065 -0.280518157003386 -0.0129945528034046
-0.11398642866021 0.0113678474972921 -0.366813554960113 0.202751790051108
-0.105283492011575 0.0714977347386378 -0.297507100257285 0.390338790829632
-0.0866183747377432 0.084441978772455 -0.224239045109677 0.437993137108473
-0.101969003952484 0.0744006832196165 -0.251670302611639 0.381513929764885
-0.12978649048462 0.0134780186617984 -0.312134323818353 0.24004694957118
-0.106736244678503 -0.0575646837257857 -0.318608790997408 0.0471336974939343
-0.0565956229847583 -0.0948501766190672 -0.178297893359448 -0.0958160617045148
0.000763240242483448 -0.10838493858103 -0.0465296582566246 -0.10277307508179
0.0948044897783372 -0.108844681477109 -0.116806513448918 0.0590452522252394
0.207823317699813 -0.104551147764707 -0.545156599838931 0.0423899447977742
0.098779906278978 0.0470030451489339 0.542494118146253 -0.13174740144841
0.101729963857173 -0.00824117759034288 0.176502378801972 -0.179028689414282
0.0247234578966095 -0.092646709884557 0.0243739098009204 0.0627939715843949
-0.0890043145616355 -0.0699203007007229 0.133069442385454 0.11489255333453
-0.0863494100287162 0.0289712207467009 0.304147756392945 0.0139871947174235
-0.0394587744444055 0.0742787838298324 0.339954053160657 -0.214866721602226
0.0064498511109085 0.0945873503340323 0.247539060954138 -0.373242430268574
0.0124037324075466 0.0980219222898791 0.203065085252149 -0.427747222985455
-0.00348050976653359 0.102503135462721 0.238276973238598 -0.402066149544909
-0.0594607885616547 0.0784499830009567 0.308165989859165 -0.255841249941071
-0.100528902174083 0.0247150433611298 0.280045502380527 -0.0651079491717166
-0.107296030265891 -0.0981351887518647 0.128273943181032 -0.0176038205587089
0.0462239377026211 -0.123961136363392 0.140600105331175 -0.130594992448905
0.123526893513182 0.0128326625357454 0.437565770755125 -0.223951809951394
0.0755842424435945 0.0816293757141476 0.872153691770548 0.0240111840415424
0.333693489588723 -0.0126194400512542 0.493761151151148 -0.102448262554271
0.265950070543215 -0.140541113816763 0.178936169901464 -0.152569551062605
0.0388185928629684 -0.283819188368175 0.0560542566398527 0.0467581769197012
-0.231863435319404 -0.214739256173653 0.12989084726562 0.0955794901137655
-0.262505667622269 0.00655872110307412 0.264087144619227 0.0201670167304636
-0.187017037042609 0.147065008255086 0.303486183752545 -0.176373720376105
-0.0859465058719732 0.243608208627554 0.22483997326468 -0.307489933079949
-0.0544748829427365 0.263235251208968 0.188480240863779 -0.350550883475076
-0.0933431549788739 0.267327752756521 0.207427572904582 -0.331371712652027
-0.227752265127233 0.179131321828681 0.268497740836581 -0.207558801632426
-0.299552018457872 0.0173869417216278 0.234743690546722 -0.039541098555596
-0.303989051385592 -0.264174827373414 0.0921545553495713 -0.0221457424817709
0.0381099563016042 -0.384382965350403 0.130657245321507 -0.166044297396355
0.343158505805524 -0.173795333830683 0.378760812841782 -0.26206680657478
0.398794693374472 0.0102001462997799 0.753130443408538 -0.0382447254356003
0.538160635034971 -0.069114430174864 0.35522828200673 -0.0792675400056477
0.417977392909626 -0.274792546782181 0.134142133688813 -0.105414228953853
0.0490159931328344 -0.470840504088386 0.0872304510792404 0.0440518289753953
-0.367435332470861 -0.351391262301199 0.131073892121882 0.067332049511824
-0.424303987639432 -0.0188108285696781 0.19958676708678 0.0115964997816208
-0.321287248490183 0.20142568463982 0.225408886065344 -0.124572944304095
-0.174056272703231 0.358789635328393 0.165746126881004 -0.198042846953179
-0.111924510780897 0.389234217363738 0.145632514176142 -0.219858515282351
-0.162608088403738 0.393574974860693 0.146432562901817 -0.208693502569715
-0.352339356534347 0.26196971649486 0.187563619243982 -0.121801183127791
-0.456594386338369 0.0256379027325198 0.149909667115913 -0.00173491812091919
-0.480918407354293 -0.372365433770482 0.0341043978834661 -0.0240804587080209
-0.00885581422032323 -0.591355549385412 0.0961128912462007 -0.186329647775179
0.488147031600052 -0.354306517768703 0.273725514701073 -0.262459409625973
0.650319851611944 -0.078847772710202 0.535874948655944 -0.0772110003559093
0.67635996814715 -0.12145507371183 0.135143992990291 -0.0612688179724491
0.526971589144313 -0.402116193269917 0.0335518467457257 -0.0318095264373987
0.0435362588954336 -0.629116380351339 0.102606521801675 0.0561918391937442
-0.482536910793461 -0.452559972037403 0.120112024586094 0.033570922528675
-0.544861605376112 -0.0353961126939974 0.102535700964785 -0.0040771931804061
-0.418723649286383 0.233320376907384 0.105333576274898 -0.0562419092130014
-0.237849725006508 0.426112738710861 0.0749357141954907 -0.0582964608252888
-0.151974679192049 0.457576300969566 0.080938016868121 -0.0557992092091221
-0.200294553486495 0.458283807266793 0.0687857557430453 -0.0526100089212398
-0.417983531757144 0.303349854818803 0.0809839192156803 -0.00861253471809113
-0.540646471173624 0.0361441721712845 0.0376954467520615 0.0479326090845134
-0.585033077576024 -0.414005164109495 -0.040924241697261 -0.0177813846526364
-0.0661042492593258 -0.697907525369878 0.0454906214075786 -0.1831092252673
0.541358337186129 -0.474888965889237 0.145833705898357 -0.214507913017869
0.785932360949098 -0.159543146183397 0.25461757808427 -0.0766165488026672
0.718004761476289 -0.163498346878328 -0.142382634940451 -0.0452388958604991
0.558221478054989 -0.478230424473042 -0.116036068569025 0.0603499385830488
0.0256247423329671 -0.699970955289086 0.0879981888766782 0.0754749062934254
-0.530088218443097 -0.483866462990874 0.0824919556367257 -0.00181491283122632
-0.584071816085977 -0.0429414755255515 -0.0217244754143216 -0.0160670512670958
-0.448907603724488 0.232930820995333 -0.0415024893956304 0.027059823067839
-0.264881839287429 0.430302028695273 -0.0334252332971366 0.0946589935479777
-0.170392671197454 0.45632874780479 0.00479880693982074 0.116498755710165
-0.213498886120172 0.447432519665857 -0.0143053137439363 0.110930415912322
-0.41983573481297 0.289543141395961 -0.0312231182984203 0.109736322354916
-0.529304391120918 0.0271003819679756 -0.0822851713358215 0.0971932643462746
-0.569896235695087 -0.39288645527418 -0.114764614116628 -0.0118773691727882
-0.0887304963395505 -0.670540079835262 -0.00429980222922391 -0.162681880033512
0.506078540047762 -0.490251916133084 0.0286164773119247 -0.131298531731555
0.784355091179967 -0.201988479584181 -0.0318123685305413 -0.0424466613635506
0.642437252126739 -0.18316162710853 -0.431800784395723 -0.0293918615119845
0.484273910145048 -0.465528695606512 -0.28271952107488 0.15168071652647
0.00560054139709148 -0.635996586060723 0.0426591956789027 0.0947170732808221
-0.472406625655102 -0.416496203064073 0.0220671634262274 -0.0280221557282265
-0.5070272545593 -0.041080028548385 -0.14742511918424 -0.0174697322087749
-0.399195133656094 0.193480875004224 -0.184604352077121 0.111334166973465
-0.246274154740671 0.36641214985111 -0.137921931554744 0.236751344823577
-0.160612144369579 0.386089054376417 -0.0727404211545764 0.271364395309908
-0.196366097961871 0.36781868264855 -0.0953261352375739 0.250743287550102
-0.361600989512931 0.222218622623733 -0.136798291576432 0.203625876328236
-0.432479643942616 -0.00330306081492833 -0.18880767260478 0.122450502541111
-0.4384486290913 -0.323590973019114 -0.168130283701599 -0.0196571569228914
-0.0650715358184912 -0.527482017017574 -0.0393109969308688 -0.137979164420189
0.40578593735851 -0.399841764343902 -0.0548484126324334 -0.045464152072844
0.663052052027833 -0.197424855222132 -0.275968837146587 0.00410783684010438
0.452769110397886 -0.175113440557453 -0.677020718619243 -0.0194113809957128
0.319674574191689 -0.357975764997604 -0.427333790713717 0.224462763478947
-0.0179372939388318 -0.439307143559896 -0.0204202254835491 0.11099021320993
-0.319327551548479 -0.264216898303152 -0.0405808252164533 -0.0341609359933066
-0.33147904742301 -0.0345697893209827 -0.238075693022583 -0.00930629677527675
-0.276649121263797 0.118140444512997 -0.293133086997258 0.182049338105789
-0.185218880848075 0.24251607999582 -0.218782248675834 0.343837681285994
-0.128105377036887 0.25649760782153 -0.138886010064531 0.385548815808869
-0.155694544307341 0.237259384446235 -0.167034227719571 0.347816209898867
-0.258556472944323 0.123950835799908 -0.224765575514275 0.252514242019962
-0.278789121205761 -0.0356282315864867 -0.264508891766225 0.109756554924745
-0.248188801574075 -0.218883894986312 -0.187607058934074 -0.0453910438568178
-0.0274002609592335 -0.320074365707114 -0.0532778984041433 -0.116960245287465
0.258334193475205 -0.253890644027207 -0.0979664284889089 0.0210574973974139
0.452502550699128 -0.161629276142696 -0.445002453851747 0.0481666900700053
0.18476496685984 -0.134447703386293 -0.835535454399218 -0.00794464884994671
0.0968239724740055 -0.187079612446587 -0.523406446748249 0.273967171188889
-0.0422182476121055 -0.169081424212312 -0.0791995549356654 0.133029876881704
-0.11488367890111 -0.0701997965999442 -0.0814957845143 -0.0170409627936721
-0.103469821960849 -0.0256206924390742 -0.273152107473257 0.0065530477512177
-0.110610179727933 0.0203795812023143 -0.343032220939675 0.222677253861454
-0.0964875029349015 0.0768085869194434 -0.260167809290712 0.399869690363958
-0.0754569672927515 0.0872322550861495 -0.185143592523265 0.441643322311792
-0.0911816669961364 0.0793112480878263 -0.217413070392534 0.390206401672422
-0.124143079402858 0.0228962224156004 -0.287619470371732 0.254510676948975
-0.107226075647288 -0.0467595730226738 -0.305052813369588 0.0673376196016126
-0.0621581858983275 -0.0862865487609769 -0.180166212405364 -0.079928203935182
-0.00709154283368763 -0.103667355173472 -0.0545715234760065 -0.0971664633778898
0.0840797957651125 -0.11141683119613 -0.110616525957281 0.0635386074334709
0.193366225169816 -0.115182640535271 -0.527400071497726 0.0857567316455493
0.0961045781095091 0.0442975046912462 0.517562249788973 -0.150475605915627
0.100157504097265 -0.0102055126514329 0.165170059433783 -0.179457224263411
0.0221289565836967 -0.0899585499072009 0.0265291309928699 0.0599834566148189
-0.0887746682342772 -0.0653888348976734 0.130894704708005 0.105685437992231
-0.0818310127512872 0.03086749416875 0.293777569308564 0.00252651595083824
-0.0350969311615156 0.0729462981621254 0.321195855310945 -0.21952505638269
0.00997813703108427 0.091073812293011 0.226879224275669 -0.368111295696383
0.0148877114204035 0.0943348711478098 0.179084397212001 -0.42170167029518
-0.000854851034404913 0.0990055185834321 0.21661502403106 -0.396699922229254
-0.0557198749375739 0.0774697319211489 0.290458478762079 -0.257453759849315
-0.0962658017681792 0.0263351572834624 0.267684930145472 -0.0713269016865127
-0.106980569491407 -0.090548125397679 0.122253647700884 -0.0208158693588463
0.0397634876877923 -0.120603111669937 0.131971031987527 -0.131367980471055
0.120331524860845 0.00871399144182034 0.41614164368857 -0.228557486448829
0.0742856605640667 0.0763380498693196 0.840836642097623 -0.00673680339191582
0.320121289305557 -0.0211366263560782 0.472182272754319 -0.119724060619385
0.252871205726252 -0.142948404625044 0.168937019270428 -0.154934899980834
0.028952065262895 -0.273208164765345 0.0559894809690971 0.0423667462561219
-0.231266933600967 -0.197157620622666 0.12705876597303 0.0866627289783615
-0.253021049166589 0.0170962118602535 0.256315795656648 0.0107738554704735
-0.174154724577666 0.148572004234885 0.287393640067897 -0.180381132979483
-0.0738613030987193 0.237926830473121 0.208215489641244 -0.304442568737854
-0.0421043615773798 0.254906937129396 0.168721375254888 -0.346689829192291
-0.0812628416891304 0.261999972055142 0.188851457726125 -0.32796988205621
-0.2147265397316 0.181158732598101 0.25282701356742 -0.210043295001437
-0.288522257753004 0.0259610513232395 0.225920748910952 -0.0463165620065225
-0.304040602429381 -0.243465358846939 0.0869970440176702 -0.023622537213621
0.0233991217967233 -0.370862485700908 0.11995028301564 -0.166301765071945
0.328293711390198 -0.180094644064171 0.356361154739361 -0.263517435199959
0.381885329790313 -0.0021583474719919 0.724618133010771 -0.0626933996793261
0.514454862671244 -0.0828630408968482 0.340719554875416 -0.0923870908975114
0.395124018233605 -0.278466564984662 0.127498765235424 -0.107718418743293
0.0325030365178121 -0.452297171131697 0.0847984808894674 0.0383151829834721
-0.367361474711842 -0.322769025830407 0.128492641040281 0.0596027212826957
-0.410567135743142 -0.00178517879400138 0.194385186208428 0.00446775610944707
-0.301621348669441 0.206356962043162 0.213207533448282 -0.128337242171949
-0.154215110780045 0.35312228547254 0.156502092819192 -0.198643186827035
-0.0923440555210178 0.378343130415572 0.132221272905628 -0.219436268676089
-0.141535909064086 0.385833625548626 0.136361421846945 -0.207069914270872
-0.332552689299975 0.266827009255916 0.177186850246295 -0.125097342907024
-0.439681033560764 0.0403529135843122 0.145412256403623 -0.00746191000442664
-0.478233419018277 -0.341455200859463 0.029883145948744 -0.0228577695986984
-0.0291008408801217 -0.567633220728484 0.0845856090898023 -0.186545780441783
0.463239587475901 -0.358928166486848 0.253767472068254 -0.260126895558119
0.621577382038583 -0.0973663891781948 0.512397271044444 -0.0915575909614368
0.646493296070301 -0.138271061326015 0.129537167893731 -0.0665197630437511
0.495521302669522 -0.404514907989902 0.0320194740859088 -0.0339671217768739
0.0198835762386681 -0.603782681625722 0.0999695848473783 0.0490982647923956
-0.481596643064545 -0.415278435220257 0.117306223531383 0.0271419865002099
-0.527962788487974 -0.0124909707136677 0.100956537258797 -0.00739024725632127
-0.394694438662367 0.24088568184209 0.0997155148299516 -0.0587122092954664
-0.213560264909412 0.420560006994196 0.0737803197821394 -0.0614014743387245
-0.126971384043242 0.445322022284543 0.0767654501601173 -0.0581536152833375
-0.176911471935849 0.447949599469665 0.0665397453313124 -0.0536465771822433
-0.394711354125724 0.309195410231376 0.0784147898958718 -0.0119665562928309
-0.520281525862133 0.0538015147690216 0.0396320287541558 0.0434846678800781
-0.580761409473917 -0.377000647271489 -0.0423396064188692 -0.0138054152441389
-0.0847302512285706 -0.665823790844185 0.0345913368635279 -0.183809565101477
0.510282231324746 -0.476694734868113 0.131511618435026 -0.210758841919258
0.749745622571787 -0.176025695910133 0.243308231793414 -0.0799517129960288
0.685458154690695 -0.179723949171676 -0.136888631743371 -0.0402983321725299
0.521658271629092 -0.480944653693406 -0.109173384410227 0.0609006664017721
-4.53172793348541E-05 -0.672266433866453 0.0866681745786673 0.0679689129219554
-0.529425135553096 -0.441760117633882 0.0806943514849396 -0.00606303248567998
-0.565995917931772 -0.0163039478537741 -0.0195762009821336 -0.0147441675671729
-0.425483496182675 0.24308911117678 -0.0386218774998582 0.0261522837777293
-0.239601147699529 0.42443414159583 -0.0250597577035169 0.0903892894531886
-0.143324699594489 0.444992820237523 0.00978769073178131 0.111094482829624
-0.188010329738875 0.43932840266748 -0.00815526690485726 0.106864474723087
-0.395432432009962 0.294660174753001 -0.0267237928189762 0.106568402520203
-0.511296129328638 0.044474758845918 -0.0744596280006693 0.0952154742749033
-0.56494162953163 -0.357227418730236 -0.113179390713547 -0.00580990762883912
-0.107197974605334 -0.640742070793796 -0.0137129729994351 -0.161518720560514
0.475708010335995 -0.489041842692222 0.0201363724410432 -0.12727963933202
0.746476870634289 -0.218150842125012 -0.0319447243597487 -0.0368020704092669
0.613435373564724 -0.196658494767108 -0.414381599531803 -0.0143124450408038
0.452179647285074 -0.467019548387424 -0.266989137610518 0.156531319453395
-0.0193857571092323 -0.609942676869532 0.0439737984077452 0.0885826040281681
-0.472590736104424 -0.379825268322044 0.0220952897899766 -0.0289977824808152
-0.492642553214064 -0.0180165793230559 -0.140981309193833 -0.0118060001849938
-0.378800797859852 0.202213531072077 -0.174759645000696 0.113820280456952
-0.223531243540674 0.363261996588739 -0.121382526282262 0.231505195678088
-0.137197446760848 0.375998070365202 -0.0592369954110167 0.263794159818437
-0.175350126047233 0.361935219761036 -0.0819354549470661 0.245456968445473
-0.342212324568239 0.227578723252987 -0.125888275202915 0.201075562687046
-0.417582291492952 0.0130952209460053 -0.175974771167299 0.122202122671794
-0.436535697864364 -0.293781814920265 -0.164334168295618 -0.0114971344463267
-0.0806695739250448 -0.502558000049555 -0.0462563927750509 -0.135188914449189
0.380110289109101 -0.398666236559627 -0.0573439087512431 -0.0416915345118599
0.627098929624602 -0.210334490888162 -0.265371320558905 0.0178518858592606
0.431644011733911 -0.18354669945146 -0.65060723916862 0.00670348264232647
0.29618559562329 -0.358101319010729 -0.404453820049531 0.232155841048529
-0.0344228564791916 -0.421859400487176 -0.0163309706321518 0.106826673130377
-0.317858044455908 -0.240734237681603 -0.0384719221689034 -0.0324668864420644
-0.32290845677378 -0.0194903972012564 -0.229349022010565 -0.000483469544717953
-0.26355141556845 0.125515543172859 -0.277319688305615 0.185514886374479
-0.169541116690037 0.241533083589146 -0.196833984121731 0.33921028408427
-0.111301484010932 0.250233688435793 -0.119922198894845 0.377481643314557
-0.139809510177643 0.23464439753678 -0.147092181502857 0.342216166851487
-0.245180949031613 0.129248039740891 -0.209815795628605 0.251800172597646
-0.270685354359362 -0.0229962095750124 -0.249715523214543 0.113373550428889
-0.248049193647799 -0.199986350468894 -0.184167788855975 -0.0356537379106891
-0.0364011869092769 -0.305914854681211 -0.0580760975060724 -0.112773151824484
0.241236527506578 -0.253719939228914 -0.0958919832105857 0.0228964671546829
0.428428449163668 -0.17090214329303 -0.427971686145082 0.0661079257921284
0.174751470292564 -0.136594571800393 -0.806112996974964 0.0221905908272917
0.0867282600679182 -0.184883060302511 -0.49537788665404 0.284882084315831
-0.0482795512313953 -0.161140291543249 -0.0726366049846228 0.130362227928702
-0.113251115273274 -0.0615486118822651 -0.0775253650313719 -0.0138691979574252
-0.101802998986027 -0.0203199506579691 -0.263239155312924 0.0158760068598335
-0.107141662530002 0.0249821084681482 -0.323943117392185 0.227649220830497
-0.0899895019232773 0.0780531532672753 -0.235666062372764 0.39546030581685
-0.0677675742749043 0.0858005729831402 -0.161204302779524 0.434284041293875
-0.0830055675564172 0.079069732781391 -0.196173885481166 0.385483317746976
-0.118501741961172 0.0268397952937318 -0.270337778381049 0.256481763338818
-0.104647628309839 -0.0399299157755119 -0.291230068362825 0.0743038052233547
-0.0633791276658001 -0.0791626656509256 -0.177056730277836 -0.0702199458591997
-0.0111199246468398 -0.098758595713469 -0.0566204197649984 -0.0924059419812512
0.0771383576183669 -0.11053183467513 -0.106623994579163 0.0636926672792
0.182783360078687 -0.116760209142734 -0.504812707158037 0.104297545357004
0.0945238946346303 0.0444882524634182 0.506335538000153 -0.157911830173778
0.101052380738618 -0.0092616872550721 0.16140908244524 -0.180357161948329
0.0229513073047397 -0.0890207048478024 0.0269622870588259 0.0587042261833622
-0.0880574224881563 -0.0634739447328886 0.128597735029269 0.103252540995216
-0.0809773273756867 0.031582424943158 0.289985646523284 -0.000713005362371095
-0.0328473512524826 0.0720101553051963 0.314462739950583 -0.22067825372656
0.0107284228653152 0.090207358386938 0.219740033108372 -0.36659083163422
0.0158800327117843 0.093400926968778 0.170766850336058 -0.420212004789774
-0.000470074992969617 0.0981959381850989 0.209138846851171 -0.395337416371607
-0.0550140763257642 0.0776963129699038 0.284387012410956 -0.258601352726367
-0.0947375487484987 0.0258710470150512 0.262756381978332 -0.0727880174651805
-0.106553205517612 -0.0884717727812349 0.119632009328013 -0.0216256201749539
0.0378017661602914 -0.118594330488131 0.128953584914501 -0.131128016016815
0.119361037062922 0.00680030858725755 0.409727888800916 -0.228324450160702
0.0726590147946412 0.0749127270737323 0.828602096934224 -0.0189362700367469
0.314000661091585 -0.0220409335032742 0.463633349699458 -0.127204231761037
0.249715186203462 -0.141337929213031 0.164971694657718 -0.156384596358754
0.0265030272842723 -0.267461138115541 0.0550159832584006 0.0408656227489403
-0.230656899324962 -0.190074054169687 0.125054576150562 0.0839360603781683
-0.249010266814347 0.0204616675961897 0.254022763357529 0.00751688763045951
-0.168608107174887 0.147992906088915 0.281987492472724 -0.182264295178114
-0.0693754688264148 0.235994372096734 0.203343984251689 -0.304638728177923
-0.0370233922653051 0.251384208370047 0.161541459911699 -0.345643930588277
-0.0766994792366506 0.260770350377415 0.184446025717291 -0.32695929643662
-0.210911915495489 0.182402194145237 0.247282681274819 -0.211507564718049
-0.284444270898848 0.0283332861465728 0.222227606728998 -0.0488169755012376
-0.30396266365169 -0.236677056712693 0.0841870526507758 -0.0236921131552593
0.0198207127681296 -0.364380402303832 0.115053762802989 -0.167577023264772
0.323706009947888 -0.180923269274454 0.349376771733933 -0.261326161243298
0.374348040044093 -0.00467516512799177 0.713536506247328 -0.0692184973132547
0.504131754541078 -0.0856695705532634 0.335034060527588 -0.0981697236867147
0.386811219133155 -0.277129190779637 0.124970852677615 -0.109994358375765
0.0269005037096902 -0.441330695996522 0.0831602667215733 0.0363983940240538
-0.365407357233311 -0.30905221865359 0.126319931641307 0.0569549739175365
-0.405115733362773 0.00554860007904125 0.193450834245971 0.00252704732603264
-0.293948774492476 0.206498874854538 0.208360289203241 -0.130017949875808
-0.146064815699934 0.35056784036425 0.153936011907983 -0.200820209820083
-0.0834976186373078 0.373129860682706 0.127704945572644 -0.219765912928012
-0.135092605683046 0.382817220698881 0.132848300042304 -0.207720455280736
-0.326610985202586 0.267849075244993 0.173204161654288 -0.126073440345818
-0.433869807399309 0.0446082891915273 0.144830061981758 -0.0103564576448864
-0.47654708252255 -0.330189042334727 0.0274781848149696 -0.0217247017180818
-0.0323841892603158 -0.558161498829063 0.079200632120886 -0.188489026554193
0.45641819186375 -0.358206599192535 0.247312829917151 -0.257695198910383
0.608824931868562 -0.0993900833477551 0.504018718264537 -0.0951306995765472
0.635288218091669 -0.141395162444747 0.128389578865458 -0.0690877050653043
0.483993383128288 -0.403134792685761 0.0321816440548934 -0.0360400279980662
0.0127916220576682 -0.591652310497028 0.0981843726590839 0.0467978283919201
-0.481021598463983 -0.397764773762378 0.116645947349569 0.0245991447610507
-0.521144699540073 -0.00213963096989742 0.101928746270465 -0.00834869467473087
-0.385476707663865 0.24271145190161 0.0979900776397203 -0.0605955106613158
-0.204843442339278 0.417015196499543 0.0751343726179503 -0.0645660791771933
-0.116128489217682 0.439155597021719 0.0753291806542193 -0.0601066500306542
-0.16711803561491 0.444671973526781 0.066502029158315 -0.0546238054856162
-0.387526189469494 0.311307093715888 0.0772135767776881 -0.0129126350149421
-0.512900401021418 0.0604474576545253 0.0407961283212034 0.0402425322582449
-0.57952993224374 -0.363074155004434 -0.0432962529228511 -0.011106640165015
-0.0901464016375153 -0.653128386903055 0.0290994405773018 -0.185382430287221
0.501619759364398 -0.476197149763647 0.126377594481906 -0.20749362291742
0.732649853302886 -0.178664158010121 0.238726426673805 -0.0784521863598109
0.674434581313652 -0.184248057006706 -0.133266476539871 -0.0389225462446056
0.510730067541753 -0.478341738326323 -0.10612030330335 0.0595271063535446
-0.00836460450078664 -0.657912422740657 0.0851187920225307 0.0662319777411177
-0.527275175837237 -0.423461065453855 0.080459568029825 -0.00757061026590389
-0.558874119105287 -0.00658286476503202 -0.016537176507705 -0.0144099706281651
-0.416505127809317 0.245087074756073 -0.0384374089309566 0.0247550961227209
-0.229913384465149 0.422547790383224 -0.0204939585740782 0.0864064741438474
-0.131754072629874 0.437961943261254 0.0117853929596671 0.108242059905604
-0.178910094054913 0.435281526344738 -0.00492779949224862 0.104837061496656
-0.388719230786237 0.298053182071687 -0.0250361364459032 0.104913185137667
-0.503470581354267 0.0507031250458637 -0.0705944143539946 0.0924337344573516
-0.563480799604381 -0.341551358001872 -0.112590747855689 -0.00239711067461133
-0.110196732502501 -0.627229015063161 -0.0185620356508617 -0.163621978109821
0.467020023694527 -0.486554192384389 0.0165864049246782 -0.124585360025071
0.728406586267495 -0.219020437289455 -0.0318598350198843 -0.0322840774869746
0.601790576657044 -0.19944140501348 -0.405573765633522 -0.00979897837034012
0.442644983537667 -0.464453292932174 -0.260758254836784 0.156824321521793
-0.0263971455953627 -0.599105623778818 0.0436031075808291 0.0862203062218369
-0.47051690946004 -0.365154364669719 0.0229586582197802 -0.0298677874609252
-0.487384194708765 -0.00905715795905582 -0.13669548907947 -0.0107126099708498
-0.37053588262685 0.205583030034448 -0.171679133349236 0.113362470492915
-0.21492372019456 0.361530450897722 -0.114176442084517 0.227870386513896
-0.127613836556304 0.370780492010322 -0.0537289901773984 0.260494900327869
-0.166055288404832 0.359524606796431 -0.075739618941563 0.24308005955552
-0.335801160045348 0.230063488672274 -0.121936722888098 0.20001247411806
-0.412125931930955 0.0182343215013102 -0.170681529434606 0.120853308772315
-0.436675967376265 -0.28204904353082 -0.162481347704074 -0.00684377209477211
-0.0826736041389201 -0.491804037735442 -0.0505404587041727 -0.136392785633346
0.372022495660792 -0.39668910177091 -0.0585173868878186 -0.0400488441597552
0.6140753611495 -0.211666465880194 -0.261421086259951 0.0245687765679043
0.423933300855558 -0.185405313194053 -0.637663337148572 0.0147425807393076
0.288379935566904 -0.35691726392543 -0.39650430448407 0.234340937568003
-0.0407973767373863 -0.41418000124646 -0.015598089326844 0.10484615728825
-0.316874212196534 -0.229409388700459 -0.0361455298533248 -0.0329891519980951
-0.320158629343652 -0.0139901734283939 -0.224481427442153 0.00180930970621905
-0.25987125489766 0.128179443481092 -0.272346586026334 0.186431614851886
-0.163610833375872 0.240578716905786 -0.188397016074675 0.33589017590376
-0.103421175912192 0.246203372182127 -0.111544956566552 0.374060684873039
-0.132859338183369 0.233055746048606 -0.140254070638835 0.340307681292231
-0.240919905243622 0.131449489160067 -0.204902018558662 0.251308001527142
-0.267527469158638 -0.0179126444350054 -0.243933583329548 0.113105960287672
-0.248874092910265 -0.19208001843523 -0.182091449604917 -0.031684003681608
-0.0381501861335356 -0.298790311868158 -0.0610518620949841 -0.112874096308784
0.236220950054927 -0.252794893673362 -0.0964486730289585 0.0234593282674702
0.420185888267718 -0.170163682283463 -0.421091808771335 0.0743879057739367
0.171673689889434 -0.137420240917728 -0.789291496098315 0.0311114457591509
0.0826706264649622 -0.184057150127379 -0.485584500801291 0.288121880622864
-0.0511621280533504 -0.157384050486388 -0.0706126275534368 0.12920131920906
-0.112439026966336 -0.0573224890924211 -0.0748488415481534 -0.0139145853565023
-0.101634764916992 -0.0179989009258475 -0.258598607121983 0.0181975081633514
-0.106299897446068 0.0265755815486184 -0.317989148070887 0.228738707902944
-0.0869636124301173 0.0779934947332864 -0.227268992294066 0.393710070758965
-0.0643424593911334 0.0844407506357774 -0.151626331399663 0.431634676650466
-0.0788706800181024 0.0784684026455321 -0.188030792175932 0.383646500061226
-0.115845478996294 0.028438870611265 -0.264348342029672 0.25711315098049
-0.103801273244893 -0.0363308514265208 -0.285916739586956 0.0756504438001113
-0.0638961538161636 -0.0757978783511412 -0.174748985545889 -0.0655492400903731
-0.0120961055358845 -0.0972794547310528 -0.0589061018046659 -0.0904246691813899
0.0748301941170059 -0.109302778189969 -0.106209942830219 0.0622982264641035
0.179091223124394 -0.117012903716512 -0.497058250742746 0.112587084974521
0.0970132847866483 2.95393178750495E-05 0.398608404946091 -0.367245856714629
0.0862075920368591 -0.049083046480158 0.0666202527993299 -0.240612667410358
-0.0137159061199862 -0.0925182718720749 0.0471764879881552 0.0388841117225796
-0.105921982648364 -0.0227296022459061 0.158066976675221 0.0390077270765094
-0.0633694766187369 0.0594223763264209 0.264004430568187 -0.126947717756099
-0.00186272482360267 0.0780689756047298 0.188724083928408 -0.34107149641364
0.048984966997498 0.0771636474163181 0.0394771961587007 -0.431441535845886
0.0522559308414845 0.0826490899454305 -0.0349775227125632 -0.460124396722796
0.0428267253327001 0.0913878249162507 0.0100548808931758 -0.456022438600809
-0.0178402416819701 0.0949762273550062 0.140393658627189 -0.36512326415928
-0.0776755294615957 0.062963854769626 0.204479142995476 -0.185488316278228
-0.133970922062919 -0.0346592360090733 0.100454234196822 -0.0818643402426613
-0.0131457911873914 -0.127317450010905 0.0633951756500145 -0.175418840173659
0.119424023641323 -0.0485126733691722 0.276909017741001 -0.379674522437146
0.108595965224311 0.0356490503986775 0.748786386747775 -0.370553042265775
0.27216403162642 -0.149502513273831 0.374229496810491 -0.330652606119784
0.166436436382884 -0.230045001089252 0.0779794834868812 -0.225473468568123
-0.0842560875735412 -0.254651289132016 0.0563860249361901 0.00838929676470202
-0.285311095531913 -0.074119168015125 0.137028152392693 0.0242541374881906
-0.219587422682207 0.121754711448535 0.231804486970385 -0.0976115283603346
-0.0933734291129327 0.206385043327529 0.174763948606175 -0.287087856626221
0.0376236518231023 0.244465037709838 0.052041600908619 -0.363250145482962
0.0705239525834799 0.25185470746939 -0.0128679060729518 -0.387864608660887
0.0417234495723948 0.274910759400823 0.0154543428506998 -0.382684589865271
-0.117628275482326 0.260541868188288 0.123291177392148 -0.306990616585843
-0.255330239808088 0.149221869959923 0.178067411009432 -0.155443743217606
-0.38007296188376 -0.0815488077147606 0.0698334880670349 -0.0846137711598086
-0.135832458450644 -0.350274274469263 0.0433302099334921 -0.205742472730964
0.225644531352462 -0.314915178812318 0.216615816371654 -0.37358346496264
0.354093011856899 -0.17899190147277 0.620887249414725 -0.351786093037595
0.422831579359465 -0.282950566174085 0.272693375734576 -0.256284607724097
0.235023956689571 -0.409431554182843 0.0589076329326414 -0.168717130951726
-0.156887042078056 -0.413132198503013 0.0716512142542662 -0.0104245166655449
-0.456244502960686 -0.122172719475458 0.117501332130874 -0.000766516748159429
-0.365797810746401 0.175462024134066 0.17248809583838 -0.0698903515975516
-0.182010306852782 0.314270419020591 0.131113189404217 -0.202795259750744
0.0169411490943815 0.380462283124912 0.0526401883779879 -0.241011890007277
0.078978761442372 0.383647971332234 0.0133264191353133 -0.256861056949156
0.0408473895429922 0.413544591683184 0.0209073189165121 -0.250618464640345
-0.18776025977037 0.391111723227234 0.08985789285646 -0.197082780804426
-0.387771651994558 0.229652866844944 0.122171821962805 -0.0934723249608759
-0.579790042258981 -0.0881934355888308 0.0193690081947312 -0.0722830645232188
-0.26915149628427 -0.507855844023396 0.00638379909599712 -0.212407814045094
0.269559544088476 -0.539585709275338 0.134714821229476 -0.317769389035524
0.52766511276744 -0.377525769331637 0.421076282807764 -0.267036592160679
0.523048820763298 -0.385035585174262 0.0971061570759385 -0.146811873847251
0.274022566456497 -0.5629127791368 0.00422200632392858 -0.0633380226967548
-0.231622016286285 -0.542146985354305 0.0824332540078529 -0.00933715353105333
-0.594246648731568 -0.14977362773339 0.0873077131286296 -0.0250018486091998
-0.473645631274269 0.220951492982805 0.0833691225839729 -0.0342771183466269
-0.249064761459333 0.387891745908118 0.0598244710003807 -0.0871470199595191
-0.00744724576200461 0.466879847872314 0.0408349374994785 -0.0785475591839903
0.0771073588925168 0.45825174957207 0.0373674063203328 -0.0870055038609236
0.0371836689858444 0.484964875234649 0.0291913688397446 -0.0813813514289832
-0.224400422889244 0.457854490584453 0.0510551016041624 -0.050589238728371
-0.454611055414305 0.280105453000697 0.0488483714167491 -0.00567448886205281
-0.687660218206978 -0.0715919759124504 -0.0425160836540038 -0.0392076428884843
-0.364978659791649 -0.572473494289812 -0.0354547543646723 -0.191104374037657
0.257232974667776 -0.666820942894029 0.0510864464733454 -0.217474685554396
0.604223983158608 -0.508286037307772 0.18784529296926 -0.129735104277407
0.545079653889949 -0.437643322791209 -0.129110015582991 -0.00965524640299521
0.26809055770655 -0.643766827422724 -0.0810779737841564 0.0846272865527113
-0.277267322416596 -0.596014551718292 0.0755502422900628 0.0139572108143072
-0.649076646596987 -0.152734079229406 0.0390279912715495 -0.0378800430516249
-0.508508544677328 0.233156754595054 -0.0275996392637495 0.0148621541914041
-0.274801460457108 0.403516878350032 -0.0263884004369635 0.0523647628319804
-0.0284739488326605 0.48146822570773 0.0202219662011723 0.103384694406446
0.0637783294234676 0.461968769347049 0.055833860626261 0.0953852656708833
0.0230129763770447 0.480914876240665 0.0357231754175197 0.0965166090631943
-0.230854738195148 0.446899430465784 0.01082039820981 0.103485924923189
-0.450430728338146 0.269203354085205 -0.0295357201686653 0.0913800700696631
-0.665885089322514 -0.0591253223777431 -0.102349626904209 0.00207567838155793
-0.372641930352681 -0.539057494788703 -0.0703032073017116 -0.149684327091747
0.219302423751867 -0.660370276258283 -0.0133597194670732 -0.0964175832823236
0.579883509740847 -0.543007063207894 -0.0379830923337273 0.031153040121814
0.475671995752924 -0.421056819191906 -0.36806066153557 0.136927817969406
0.214315719421688 -0.603633564904369 -0.179362144985273 0.243981298854598
-0.270464423314086 -0.53454303531846 0.0486562719869524 0.0517266652737223
-0.572953772455064 -0.123395098800072 -0.0195787190913718 -0.0335433910418648
-0.443568993701822 0.20181586781938 -0.134720799672398 0.0700692094973766
-0.249766514941921 0.349893935204113 -0.10900003661188 0.191702537950484
-0.0413394053592511 0.420760885385352 -0.00263989967922976 0.273181119230548
0.0399694399910206 0.396173138156168 0.0657086088504934 0.263666039529889
0.00216759939064121 0.404330765268179 0.0348444436298442 0.255068408953349
-0.21153160660149 0.361623459260111 -0.0323012184158162 0.234378494121036
-0.377663146860958 0.199688040478167 -0.106014719006223 0.165212943928867
-0.523112029608435 -0.0613550698624205 -0.148325412227355 0.0291649331724883
-0.289574982470266 -0.425173602931916 -0.0918325695739297 -0.109025145823856
0.16861896868249 -0.533253721445872 -0.0507507595397662 0.00801583851358906
0.474429532703348 -0.481932067818357 -0.223367894565555 0.176736400237104
0.322792504891377 -0.334415931191303 -0.574512406326243 0.266315131871297
0.121923259749371 -0.441443935293895 -0.266508996116391 0.380309175508101
-0.207227876424982 -0.35975668085281 0.0117161504189755 0.0979908249602172
-0.379151489363028 -0.0684690923955987 -0.0652469611219983 -0.0112771849784694
-0.292972313275404 0.126946605697827 -0.20775891648593 0.113852250896707
-0.179347231715496 0.23180538702463 -0.167597047505448 0.299713739113627
-0.0464760474048682 0.288522294942788 -0.0218629566503951 0.402123488511261
0.00986322385721674 0.269906973338967 0.0669293339909553 0.393883375837307
-0.0228449966552685 0.272535900107238 0.0219814553096588 0.373846919655909
-0.165473198539958 0.228149207785181 -0.0804670797948981 0.319127280500419
-0.258561752787704 0.102437738288404 -0.173232092303517 0.197546768800088
-0.312894863476951 -0.0617927785486898 -0.175485827374579 0.0292278063070437
-0.165290791966654 -0.263204103000216 -0.0960227111683018 -0.0790183565787018
0.105701671830697 -0.339244041726815 -0.0662372922858797 0.075078990308102
0.311242293160303 -0.3541644609287 -0.347749272360502 0.280390960418523
0.112519605093988 -0.186479285327591 -0.711230889991948 0.358421343592459
0.00825552038548717 -0.200416910548481 -0.31960078826728 0.476879121104536
-0.110694156354888 -0.1216529588696 -0.0165780072979767 0.147943654311207
-0.123406163785314 -0.00152114469502441 -0.0794481365276211 0.0218453103648837
-0.0970236724183899 0.0302668929725329 -0.229087509552153 0.13605325338407
-0.0825285429366966 0.073122052839868 -0.188797439996263 0.354320556847258
-0.0462527540195777 0.108183552706851 -0.0321503810315183 0.466442947412774
-0.0219720312896449 0.1020925767174 0.0577703969017295 0.463764264519705
-0.0389932365644736 0.105475828544532 0.00169478018739033 0.434978470113806
-0.0938444748126676 0.0786246734629876 -0.127915207650825 0.352882849843744
-0.113112891237818 0.0144560833666929 -0.226043831707415 0.190545777329951
-0.0934685592438734 -0.0391626449669561 -0.185013887878776 0.0106378536773814
-0.0548030721184671 -0.0857750794614625 -0.090011994574118 -0.0572523142935453
0.0188179608729938 -0.133974645537467 -0.0660236185642031 0.106987165172384
0.109728028618418 -0.192333687556348 -0.400973770225819 0.333545678094792
0.100340107569994 -0.00186120469360667 0.392463633362565 -0.394021482326397
0.0892947260455109 -0.0539744550859958 0.0591641901614151 -0.251606407970116
-0.0160176755845888 -0.0964055787266827 0.0510508521474325 0.0385668121766987
-0.109218557761562 -0.0201965338212579 0.164021024949812 0.0351699579854479
-0.0631382535803456 0.0644129063110786 0.267514856251923 -0.141622130572269
0.000958924393166264 0.0796552647437828 0.18329671827153 -0.36000130528131
0.0537446785081119 0.0782449868021787 0.0241448574759943 -0.447185996642021
0.0577946223058455 0.0834390326854464 -0.0570524711096991 -0.473828081513494
0.0470939852506725 0.0938968484037882 -0.00825986190770654 -0.470910641747392
-0.0152617081390761 0.0992033041056824 0.130554892321624 -0.382902181900898
-0.078745590445454 0.0667346230236759 0.204782773482375 -0.197293842369726
-0.139701687815492 -0.0307489303467867 0.0991201994285856 -0.0867235868980043
-0.0170867159475526 -0.130278855782253 0.0583974456407945 -0.183740088051944
0.121857235061935 -0.0543380195788456 0.274245516455307 -0.400518980103006
0.112250858363084 0.0346714405447214 0.755758036867954 -0.411248318881156
0.273672272608478 -0.162075378303654 0.371864583562352 -0.355336271223595
0.165289082932926 -0.241520083365961 0.0705178040908591 -0.235491538255367
-0.0948247374385094 -0.258209149394258 0.0592735004196358 0.00689900183292595
-0.294798409149808 -0.0638284760781935 0.142306873580279 0.0204462141812627
-0.220959980210412 0.135345280779121 0.237984312538087 -0.110175797484465
-0.0885579466969526 0.215573369159656 0.169799476497307 -0.303503123900789
0.0490075136908746 0.249926656855452 0.0389334340053701 -0.378490371975998
0.0827895003995533 0.255658148896389 -0.0303260420880136 -0.400158241891915
0.0542806309584253 0.282310667384325 9.32114260538927E-05 -0.396530418528422
-0.112305025169842 0.274974462735344 0.115198287163909 -0.322676479378745
-0.258318194459226 0.163079570831143 0.177486699321255 -0.167008664907673
-0.394547303114489 -0.068284741895715 0.068032817268249 -0.0886558289881992
-0.151245774236306 -0.355454319423499 0.0336219628855099 -0.214024879645716
0.221851268494149 -0.333683326228928 0.212410603477597 -0.390813246532822
0.355542475778724 -0.194336112475331 0.624723763363518 -0.384024501708209
0.423322881334401 -0.305486148745033 0.27012271314198 -0.276680902331125
0.228945276863082 -0.427356482939593 0.0531146528546604 -0.177069192416931
-0.174143455656939 -0.416662026134529 0.0747873042849562 -0.0124309486954861
-0.471423598635003 -0.105469062023753 0.122321047789853 -0.00475671485756312
-0.3683574140675 0.196236905665888 0.178496353418717 -0.0803770266775172
-0.17602794200711 0.330472454277232 0.127013586513082 -0.215155906376234
0.0325551611961079 0.391509498642189 0.0442356971571234 -0.253313790841319
0.0979250464437254 0.38991874499419 0.00248315093614626 -0.266324917951757
0.059551293258712 0.425055957210205 0.0109623717228063 -0.260552647770621
-0.179490045167125 0.413778709137181 0.0853913503663896 -0.207389885495332
-0.391424399141888 0.251875813040189 0.121762940936591 -0.102794715181925
-0.602112845069226 -0.0662331986258982 0.017064962293992 -0.0728476692036162
-0.292952339199373 -0.512178075374978 -0.0062603317935913 -0.220377853490076
0.259453670753554 -0.566335606196943 0.129390151542535 -0.331598430506921
0.526539605849362 -0.40261366833601 0.423991233274257 -0.289241387759338
0.522193730164915 -0.414080274294692 0.0959168888249921 -0.157991163638192
0.261125192116807 -0.588136001231481 0.00129734133124269 -0.0666697347180279
-0.256704474021681 -0.545582754861929 0.0862059873472852 -0.0112675284775687
-0.614996381315755 -0.127989733288974 0.0910395094461911 -0.0295859070616988
-0.478147920323552 0.246644626348104 0.0884465322479526 -0.0411462038032549
-0.242370521194769 0.409995604437633 0.057397454307438 -0.0928491379140094
0.0117335189321827 0.48088103387151 0.0381254489047361 -0.0857327347258642
0.0991946801171223 0.464984758544162 0.0340538873662862 -0.0923675834890576
0.0605712882891097 0.497961861985502 0.0260624590415852 -0.0868539723417541
-0.214593135920752 0.485884220162347 0.0514050670611895 -0.0551528072011052
-0.458924396597035 0.307028931085295 0.0494902647615245 -0.0105771107301949
-0.712287307723462 -0.0443208617048761 -0.0442761271348125 -0.0365292382365925
-0.394066719305958 -0.577210132763859 -0.0496552521482135 -0.19572202757796
0.24138941932725 -0.695655662958004 0.046867145835124 -0.225135935686266
0.601079636554694 -0.540012361827724 0.189777431978589 -0.137606596282925
0.543507238434447 -0.470130366875191 -0.130208649017631 -0.00858395425977823
0.255239454817564 -0.671095867619688 -0.0808849622638808 0.0889203312116987
-0.308549394886292 -0.598468264381867 0.0799851743749483 0.0121824400224902
-0.67228221444097 -0.128160008779712 0.0408528769782221 -0.0416529553773943
-0.512783999196092 0.263240261291531 -0.0237848814098767 0.0137491398253414
-0.268172196224578 0.42930500301036 -0.0267787259312038 0.0543943682213784
-0.00994250524546919 0.4980844600041 0.0247209048239451 0.102233637477217
0.0842596421941394 0.469098132947314 0.0618316177533318 0.0948790906217061
0.0462208476470069 0.49332441772886 0.0404639993716302 0.0970662628097964
-0.22151553404339 0.473172628307635 0.0162713271512378 0.106396639580384
-0.45315441995327 0.294763830709143 -0.0282132490061857 0.0920652328345067
-0.688960853905865 -0.0303759440072413 -0.103769413208102 0.00786239719952751
-0.402151239911626 -0.541215872156908 -0.0836975813023359 -0.152475834548383
0.202381241792864 -0.68935788918158 -0.0167148387369148 -0.0980607878263005
0.576315907778793 -0.575285120857917 -0.0347421685571376 0.0368451669927763
0.474682908028703 -0.450153649821752 -0.369404483998275 0.150587789883204
0.198860790325988 -0.628450013847519 -0.174847756007169 0.257457375800414
-0.298349477414278 -0.536657809271035 0.0534140068782726 0.0527106708768281
-0.592573022792677 -0.100254409122889 -0.0193600520649865 -0.0352173800556402
-0.449211636658695 0.228208827397408 -0.13252456930756 0.0746779653143773
-0.244301775189794 0.372673200029496 -0.106869346060175 0.201417579267272
-0.0250689949594027 0.435515454635393 0.00797949825360563 0.279723352774925
0.0572820510598626 0.402931832942148 0.0796022486624862 0.267522622686313
0.0203417628034559 0.41488363954925 0.0460381951430712 0.260683690470547
-0.204245738679865 0.383490717246646 -0.0231379088022266 0.242996879813571
-0.38239468123708 0.221456414385933 -0.103491272564069 0.171007982116075
-0.540660143637527 -0.0384791314490163 -0.150756615959346 0.0368390671434795
-0.313985331773215 -0.425678831671904 -0.10299912907511 -0.108895565083153
0.155763570279027 -0.556508362381526 -0.0529361173081845 0.0103776642035578
0.470010282641456 -0.508303195747259 -0.219397910809277 0.194347977243385
0.320411834498899 -0.355705151844969 -0.575338530446964 0.291648689750211
0.110193104634513 -0.46033625486277 -0.25873628055504 0.401324566793116
-0.227360721038867 -0.359632295262348 0.0159075508367951 0.101293913213826
-0.391943495983464 -0.0527839419637159 -0.0659162010849629 -0.010926139725526
-0.297353851973193 0.144244092377874 -0.20769653316512 0.123602249112276
-0.1765560901967 0.247992032530994 -0.162438100647757 0.316150941846113
-0.0355687710262979 0.299584466006875 -0.00666248363593928 0.413347458334386
0.0207960813839794 0.274731280611167 0.0855294782009465 0.402229615567788
-0.0100123217070554 0.280237300532579 0.0381877317317427 0.384015877901251
-0.161636747622381 0.243644837392186 -0.0702074363005281 0.33329747681481
-0.261798883877438 0.116774509977653 -0.172226416585601 0.207225334619312
-0.323833728737003 -0.0479557478358484 -0.178574605969297 0.0381165358353803
-0.180167101853377 -0.264183188202013 -0.105197200242057 -0.0776303879768119
0.0972936847639004 -0.352217505853549 -0.0667100735602354 0.079276951306265
0.307530281932383 -0.372714609442116 -0.343546203371505 0.306277348192181
0.108693790962512 -0.196453655362476 -0.714059275422094 0.390020719159125
0.000190226823361767 -0.207624458344351 -0.309381870893249 0.501950636388428
-0.11939998089571 -0.119565314220018 -0.0125259716982542 0.153435342406836
-0.12674841066747 0.00530980815026656 -0.0804661133186614 0.0228646239409113
-0.10001453739231 0.0355902108406659 -0.230253551017009 0.147969424046211
-0.0822326773887456 0.0795573923488857 -0.182180721382023 0.373819245031014
-0.0431739876272173 0.113695229557881 -0.0140433288189177 0.48197700742297
-0.0188207369059735 0.103955500383774 0.0792752951250388 0.474625771249069
-0.0351204075635972 0.108681676659929 0.0195567007865694 0.449675831324432
-0.0924419475188576 0.0854883271428332 -0.117357953264867 0.369440932429307
-0.114802423075284 0.0202925894125294 -0.226287425809341 0.203609291107639
-0.0970787591506729 -0.0339933540682357 -0.188544809300949 0.0184154375512494
-0.0610920683207314 -0.0854853236351254 -0.0955944074331622 -0.0550398900184211
0.0142085373796146 -0.138430160568253 -0.0657093600581304 0.112252222715853
0.1055814960602 -0.203028365233217 -0.39716843411847 0.36291776306305
0.101533983187663 -0.00701299722529762 0.371381580778333 -0.425663621646773
0.0894845644984568 -0.0608743587713554 0.0419813421819965 -0.259666026020832
-0.0220134299527021 -0.0983836172464987 0.0562948157907521 0.0361174351841072
-0.112339136610215 -0.014273392708699 0.170012286855096 0.0261502085129032
-0.0595092487856307 0.0694767425161839 0.264579280661197 -0.163374072386714
0.00584445103745714 0.0804276598652712 0.162603262153933 -0.379516157595204
0.0607049993491413 0.0763163561815258 -0.00437538200314239 -0.458325724117729
0.0646275452154948 0.0817398893677092 -0.0913636433682499 -0.477888355617518
0.0542672653868935 0.0940985863682221 -0.0401874465288176 -0.48016155015736
-0.00985835115747668 0.103139656951951 0.107875841358986 -0.399708596353019
-0.0770752290469396 0.0719859010391464 0.196833007491578 -0.212920756103333
-0.144101794734814 -0.0222717763643936 0.0942789989501512 -0.0937453045723299
-0.0241937193929514 -0.131558603908588 0.0465322192439854 -0.189728623395456
0.120039613743434 -0.0632212064832998 0.256358502072832 -0.425147993473939
0.115209901423491 0.0308551222879269 0.738726158644843 -0.466140728767749
0.266270967686809 -0.17991665727677 0.351176486696163 -0.384789083457164
0.154257158858 -0.255690948421863 0.0548211077296322 -0.244862524217465
-0.11152256447585 -0.255435077658825 0.0631948612242026 0.00410618567740777
-0.302281686912556 -0.0453735132846855 0.146882533573121 0.0113713255007669
-0.21516501362338 0.152580690090566 0.237359969012525 -0.12997353599338
-0.0766424820739353 0.22497381384715 0.153393306346323 -0.321558595212839
0.0668549734721572 0.251809821923193 0.0145624485018952 -0.3895175881159
0.101945822409218 0.254097645683205 -0.0588136333984929 -0.405269477385308
0.0748415766200864 0.284772071697524 -0.0277428847377126 -0.404572436041172
-0.0962431606153259 0.289265238774347 0.0962657351308994 -0.336744152746182
-0.253449421943098 0.181658481376477 0.170136021697248 -0.182720274077105
-0.406372816827873 -0.0425346241284181 0.0630806663528896 -0.0928404501503794
-0.17472945494445 -0.352519246947947 0.0178537469295734 -0.219566030393149
0.204715381461305 -0.353583318063763 0.194231657221359 -0.412165989669346
0.347566699331436 -0.216004047418851 0.608966122489418 -0.430390262168192
0.407752763657575 -0.334390800801383 0.255637982129272 -0.300874841689829
0.206731192440269 -0.448693253092338 0.041363951303779 -0.184154990930892
-0.203000419020455 -0.409913545546882 0.0780563259886709 -0.0167378272413771
-0.483659242699553 -0.0734909133023102 0.125210685108367 -0.0139238782439205
-0.360328137432272 0.225784071461289 0.18035760106606 -0.0970350560916409
-0.158480505913789 0.349255137794651 0.114700957564766 -0.228716990384922
0.0597254377116017 0.396561799725586 0.0267585555221972 -0.263238141358577
0.12469767128368 0.388432091614834 -0.0165462631551677 -0.271451026261125
0.0911261215399769 0.429301571338365 -0.00729332900892564 -0.267100636511542
-0.156070381889826 0.435037213216875 0.0743682003993484 -0.21764837060181
-0.384083157944838 0.28214305139874 0.116944432317666 -0.114574254899769
-0.616703621672228 -0.0261015090036515 0.012854594103039 -0.0732410369787331
-0.32887286864451 -0.503621584004463 -0.0255017426417556 -0.222371360590854
0.227883221637437 -0.593826436333159 0.112532924642577 -0.345396049322855
0.508951916412222 -0.437362738198227 0.412570176837428 -0.319363405768681
0.500951918312126 -0.452125746838339 0.0883563292265026 -0.170119090734778
0.231070930553087 -0.613609438588694 -0.00419696596977344 -0.0681221323351354
-0.293081571953991 -0.53269911981141 0.0892110138295355 -0.0163458446729759
-0.630976760493949 -0.0869018253275927 0.0931815994594966 -0.0373817648381519
-0.467851695811189 0.285429426474674 0.0916798334287618 -0.051453398470441
-0.220788660801699 0.435036277599785 0.0512940779078226 -0.0991521819210421
0.0452920907489222 0.489051243766458 0.0313850124188562 -0.0926462579025755
0.130789524292121 0.463904357192693 0.0282236574315409 -0.0961856468706908
0.0962818569166859 0.502478033708123 0.0200669740075487 -0.0909440784299124
-0.185996858584821 0.509712104696886 0.0495779018956157 -0.0600420940488849
-0.449036169189994 0.341479512131902 0.0482036093639359 -0.0160502847913518
-0.726457862202423 0.00572703718991924 -0.0465430506800418 -0.0322057383593431
-0.434979403677902 -0.560527549407215 -0.0691420747692564 -0.194707104014871
0.201840631967195 -0.724763243439394 0.0347811124868282 -0.231568600815877
0.576105227250236 -0.580240530477901 0.186703296608429 -0.149416239101849
0.519749621060114 -0.511063108336155 -0.130022721318481 -0.00478289452452045
0.21715188757038 -0.696766300493441 -0.0766260320616304 0.0956132343918892
-0.350068406958258 -0.583834779679048 0.0846687289083996 0.00781383791777683
-0.686924568233331 -0.0819306732515428 0.0418830456195444 -0.047473442330046
-0.503646320784387 0.303791818821146 -0.0183059873058954 0.0108851659200381
-0.244916891722252 0.455545610359603 -0.0241417031669834 0.0569281140788984
0.0238761300022537 0.50823808582518 0.0302427247833785 0.0996966898060506
0.116884792263803 0.469243709612581 0.0690857884870592 0.0916561490951887
0.0817404885906682 0.497472646800936 0.0472946014718639 0.0949428201473087
-0.194713186452906 0.499068528661072 0.0244216668254818 0.106272768340206
-0.443229392064102 0.330770073162061 -0.0242843063918986 0.0925202949171204
-0.701519346829682 0.0188042136240214 -0.103511656675746 0.0160468025198119
-0.441478819110685 -0.524594788088479 -0.101525665311337 -0.148437554669503
0.162508495130456 -0.713267648653371 -0.022366887663819 -0.0991804829537877
0.547471839221257 -0.61633675460133 -0.0291339040405142 0.0431930644057863
0.451748494637963 -0.487923151871538 -0.361716100430463 0.170798489038204
0.162751132612054 -0.652523891646067 -0.16113734861933 0.272906345763178
-0.33708198335284 -0.522398179475297 0.0592495586441555 0.050375962672418
-0.607841489599063 -0.0599106189418759 -0.0194257233353098 -0.0373239792617943
-0.440895545033722 0.262685174676684 -0.12607332642802 0.0806244942832666
-0.22479741943064 0.398304737327159 -0.0967288509107836 0.21273325246764
0.00410222637546001 0.44577730009404 0.0255751977229221 0.282074482626882
0.0841239896082923 0.403309553486219 0.0992307744548414 0.266297259903396
0.0500891018627828 0.418911069321689 0.0646182286201059 0.261840200636249
-0.181535734631126 0.405697596037813 -0.00644851185483937 0.248618548332627
-0.374058894215191 0.251918725014806 -0.09623656226983 0.178621006979672
-0.550725466536061 8.90280628631016E-05 -0.148729017498912 0.048422686005031
-0.344400510657856 -0.411906058197679 -0.116956671846662 -0.103349768505052
0.124162999059843 -0.574582634712313 -0.0538596185783696 0.0132968903443826
0.444104928664174 -0.544119829259352 -0.206173944978331 0.214740460651985
0.301114906663908 -0.383092710030324 -0.562973768024075 0.32617232002296
0.0832804873898497 -0.475091361930321 -0.236394744189461 0.424578708246154
-0.253894754277146 -0.348793057633175 0.0235887578117797 0.101854415854494
-0.399755302739412 -0.0248885420301918 -0.0665647817543611 -0.00926644222221606
-0.293609119705157 0.167984127187261 -0.200935335249993 0.136532568022231
-0.163438232599925 0.265874726916342 -0.145026963593235 0.334222621213121
-0.0162459827206432 0.307510908721285 0.0206858797348244 0.420545046848818
0.0392064593807596 0.275167078554388 0.115843315408132 0.402693373509282
0.00897508150710472 0.283158286507226 0.0654456479065293 0.388320994053071
-0.146787942149028 0.259801253155369 -0.0484427271996833 0.344146075647499
-0.256970620862483 0.137586944301015 -0.163062480673176 0.22057392340614
-0.330795692667151 -0.0245499121002908 -0.177255251912931 0.0501510233740047
-0.200254489764871 -0.255188995172461 -0.114785688393931 -0.0719739043000758
0.0770392068923517 -0.36398079840895 -0.0639353669209062 0.0848497512485822
0.286390381914391 -0.397107009829693 -0.324325498248636 0.337184770719793
0.0980334170542906 -0.207743070766683 -0.696185326872468 0.436274308805488
-0.0137780535296122 -0.211698675020881 -0.281234943673174 0.53025125035757
-0.12916354119878 -0.111714479699714 -0.0035643389290307 0.157036677845366
-0.127248099744776 0.0149741497522263 -0.0791748116355989 0.0268478503811264
-0.100069410588703 0.0438607092624318 -0.224616349117051 0.16439609030378
-0.0783113569644278 0.0879855918755934 -0.161829943755806 0.394399171584514
-0.0364897351240101 0.118146664106978 0.0188378097512354 0.492010481954627
-0.0130199911794503 0.105298224669739 0.114834565676095 0.477347233065285
-0.0273083462429746 0.110530828446054 0.0509760052491652 0.456961558275229
-0.0873758617412617 0.093874558346109 -0.0946582420992831 0.384400869830501
-0.114166891272556 0.0296121088231629 -0.217776644832263 0.221898945378448
-0.100399438504658 -0.0261887658852937 -0.18881655809641 0.0310939059968777
-0.0693624427097913 -0.0814002925846333 -0.10166545030831 -0.049654122861307
0.00584335060043332 -0.141268319813293 -0.0617255323818955 0.117973502779915
0.0942407990243346 -0.213522256225094 -0.375386035259457 0.397461070489323
0.0999358778874326 -0.0124535072192394 0.333841535404867 -0.444007444424251
0.0866278793963202 -0.0663206748085585 0.0227430688111422 -0.259644068073126
-0.0285533937698526 -0.0964366222459008 0.05997928105108 0.0311388884538358
-0.11246963474431 -0.00812620965282715 0.170609437142689 0.0138900505141557
-0.0529202318185641 0.0730493137123559 0.250066508706017 -0.181179232732871
0.0112314661031819 0.0788990273438092 0.134468072007352 -0.389297779845391
0.065648066609702 0.070701286991135 -0.0369779285766902 -0.453377122713115
0.0701939706407472 0.0766700737280528 -0.125010653709195 -0.465162646647703
0.0605844174618073 0.0905834708540703 -0.0753262358358883 -0.471911375573301
-0.00314400187383641 0.103498734053892 0.078452527359283 -0.4036793531666
-0.0726830170259161 0.0757649647760737 0.180940684936445 -0.224235054184728
-0.144552376397153 -0.0120911007286943 0.0856896114340062 -0.0969841916051215
-0.0310708877264858 -0.128435590400833 0.0326830441335052 -0.18973387516075
0.113897928386375 -0.0695835019215418 0.226871352964481 -0.437724177704607
0.115597428332839 0.0251868665194723 0.694503421190478 -0.511038733301527
0.248800886951797 -0.193202949999561 0.318395500440227 -0.405444551003213
0.137099727941606 -0.262710192470773 0.0357136108686965 -0.244812081933637
-0.125995020954591 -0.242499720815813 0.0657220003145691 -0.000565835189767105
-0.300717741680612 -0.023520937378037 0.147214394485162 0.00028449155708458
-0.200542038891705 0.166635040958831 0.226734998082416 -0.148365247932731
-0.0605616131798778 0.227978639882132 0.128985164648726 -0.330217275977997
0.0842998160804676 0.243170783285469 -0.0142332677173579 -0.387355379037967
0.118934887644847 0.24289709950487 -0.0881844001520789 -0.395859929207708
0.0953130990924335 0.276508939970994 -0.0575585642413237 -0.397842214693751
-0.0751627660553489 0.2956064638939 0.0722442234328599 -0.340650237496698
-0.239790395844164 0.197826252930742 0.15593679637809 -0.192743721406919
-0.404451298717774 -0.0131000039855614 0.055923734325767 -0.0939799207534044
-0.193913680344635 -0.336281423972548 0.000337075553145021 -0.216507608341788
0.17844712595242 -0.363055566151845 0.167013164842069 -0.420106952813487
0.328014163070813 -0.232025066184181 0.571610582646397 -0.465365239785064
0.376892665640528 -0.355195335524022 0.230578156322421 -0.316080596121466
0.176699490883137 -0.45569449311523 0.0269313380311507 -0.184312750500685
-0.22598385982372 -0.386242949157444 0.079448399747325 -0.0219827047936967
-0.480347290063077 -0.0375270912930745 0.125373664238973 -0.0238135397354354
-0.339452276798654 0.249430284017344 0.17360934192563 -0.113683804169693
-0.132761934061876 0.357662268208223 0.0978520898506248 -0.235224635580575
0.0882312793888278 0.386819046920756 0.00712655613884463 -0.263737864533262
0.151100778965426 0.372581996244364 -0.0360818904739459 -0.266846940649046
0.122671802119813 0.416538580671567 -0.0277761207398467 -0.263557871161208
-0.122573021491653 0.444885761656316 0.0584600048431136 -0.221877542094317
-0.361282667504446 0.306410377891914 0.106365454663264 -0.123371591475988
-0.609383564349392 0.0200706936656139 0.00868163756236566 -0.0707470196715235
-0.356892283042557 -0.476685131196233 -0.0444972914979427 -0.215740061233009
0.185694738620097 -0.601307138691875 0.0904121152564211 -0.349384851427943
0.47200494218162 -0.459405439803498 0.38634634177259 -0.341829390845868
0.45910479361442 -0.47780458142789 0.0762185836513631 -0.177969626660049
0.188539437783362 -0.620663007990848 -0.00961083123053082 -0.0670074416561513
-0.323736240524917 -0.502937798494915 0.0909582738215186 -0.0224244565742863
-0.624745537535 -0.0381592636658945 0.0920599443059032 -0.0464415777993846
-0.440618327594874 0.316091360210931 0.0910204388490972 -0.0644263715550032
-0.188791748096784 0.447405885941692 0.0432340671170886 -0.102671325033666
0.0792099963744161 0.47943874323926 0.0238417074839998 -0.0949888167086632
0.161797140094942 0.446389653768585 0.0215698232981047 -0.0974794928989192
0.13176332745993 0.487314021197701 0.0120582557697223 -0.0914911713450723
-0.147967411643425 0.520155120826725 0.0458228778099326 -0.0643550702202718
-0.42002246023677 0.36970362829123 0.0449459252662206 -0.0213618885318717
-0.716274712705834 0.0597092336581714 -0.0460583981638266 -0.0266326505456988
-0.466645958373368 -0.524097306435471 -0.0870907379544775 -0.185866824020654
0.151854412270104 -0.72694718314517 0.0196464225285727 -0.232263051641102
0.528503433481214 -0.605093906445191 0.177497180115692 -0.158286272918514
0.473807692547351 -0.536076885693356 -0.126650618645543 -0.0017676022043017
0.167985452150822 -0.703619423858904 -0.0685891342584678 0.0989185426850476
-0.383463891121807 -0.549362408449853 0.0877358087503882 0.00202464543007287
-0.680041901202947 -0.0304444138365932 0.0407827402965992 -0.0532478011147446
-0.474436378216493 0.336463908189679 -0.0134578916987253 0.00502315355824146
-0.211366943574939 0.470598109081993 -0.0210587107825895 0.057434815030127
0.060632008200009 0.499917217400686 0.0362161713455782 0.0952154276564787
0.146778140183437 0.451946178549761 0.0757944536955896 0.0856885364688251
0.117705998399715 0.482733615571564 0.0528616812160872 0.0906238567485383
-0.15628758048744 0.510376381484211 0.0332117545911261 0.101841381248901
-0.415619013084483 0.359518750792122 -0.0198093089054549 0.0909618539567523
-0.690687426078261 0.0708053393188042 -0.0985548235378704 0.0241076851255641
-0.469389547121846 -0.487507312705648 -0.115968845261754 -0.13759788693118
0.115382676237462 -0.715255294723796 -0.0288214328203169 -0.097384502827968
0.496944917126129 -0.638927897117932 -0.0210260135056531 0.0463535562877074
0.40878684441813 -0.510799452088791 -0.342760124221497 0.187341201390829
0.118747900362093 -0.65580372888835 -0.139455278578327 0.279479002574647
-0.367098721872734 -0.488759969546697 0.0648100710565846 0.0454226416579348
-0.600104778665562 -0.014456196872651 -0.0195232948478844 -0.0388388189593513
-0.417148223959615 0.293992627638413 -0.115350471588766 0.0827142538282185
-0.19400541812969 0.412654601674363 -0.0812421534606681 0.217292734774005
0.0365553382772034 0.438965138492565 0.045302145534276 0.276019002733064
0.110798126886054 0.388837283272787 0.118272136909507 0.256140689157652
0.0810631623141487 0.406026456580698 0.0822278758455475 0.254322678660577
-0.150208346167549 0.415752038883928 0.0125782140180463 0.245576174243686
-0.35187116406499 0.275732089362045 -0.0850626046934797 0.181112399840266
-0.54153357006965 0.0428849033800684 -0.141264243852595 0.0578998943143258
-0.368153849435477 -0.381985305536217 -0.126700134764602 -0.0929566616096222
0.0842148002399965 -0.576072459778365 -0.0527344036870494 0.0167384262146106
0.401065214404854 -0.562306045438607 -0.182831612962389 0.228227924240521
0.269726629376521 -0.397712524045889 -0.529738807936216 0.354087954381096
0.050692483835046 -0.476053130423054 -0.203488646972674 0.434342283060973
-0.27385261739065 -0.32438838330885 0.0314102040896588 0.0994396066934851
-0.395656971520911 0.00596441011440476 -0.0646580997575259 -0.00760396629323013
-0.278478416714767 0.189099703046415 -0.186687284284226 0.145348772637652
-0.142891172754729 0.276763547416632 -0.121280013193634 0.341687208864162
0.00607972109685202 0.304959279723943 0.0500111496417199 0.414015813731651
0.0565900601687888 0.266741903206446 0.144252287029345 0.38912956785863
0.0300594504856825 0.275576574052763 0.0928235505861715 0.379483896288433
-0.125749976396425 0.268307989409263 -0.0222633737934665 0.343460376725153
-0.244035469165707 0.154458510423998 -0.147966357652573 0.228976986936389
-0.326407730878629 0.00245325029602213 -0.169433934033994 0.0612787013906094
-0.215709835265651 -0.235750131977969 -0.121036370081108 -0.0633338111409796
0.0513164762035742 -0.363790757820008 -0.0590161712332531 0.0880646236250591
0.254941651805361 -0.409445515718908 -0.291461363271641 0.35719821252282
0.0817999344478956 -0.212198791626179 -0.653824643088648 0.472050367080322
-0.0286076600641843 -0.208811489572164 -0.239490470749348 0.541257871404924
-0.135080236308541 -0.100221863397224 0.00691800859912412 0.155639010339425
-0.123306552917114 0.0258370231407807 -0.0758301880570466 0.0301638683726749
-0.0967526326458603 0.051831654328116 -0.209394407830551 0.176673221913179
-0.0713002005941151 0.0939098087686019 -0.132603574920902 0.402825014079685
-0.0276061932133927 0.119294381481665 0.0544705739312772 0.485348634805281
-0.00674057085245041 0.103287304597635 0.149570083015851 0.462766906263503
-0.0192288968717078 0.108033104813738 0.084700596795818 0.448616346275032
-0.0783066490041711 0.0986008782627616 -0.0648141383442377 0.387823544972041
-0.108929593319464 0.0378994189443124 -0.200616322422521 0.234206933395508
-0.0995479930752072 -0.0168239422355159 -0.182761746580491 0.0428374719344459
-0.0756513973880158 -0.0733336744447831 -0.104794344237377 -0.0421373596197643
-0.00402472651640715 -0.140295836109802 -0.0547824275480619 0.121792382857293
0.0770488351369444 -0.218421115212733 -0.337399432449989 0.42053065244317
0.0957728879012552 -0.0149583496290937 0.299651706952242 -0.443443898865379
0.0823207731005439 -0.0689150830522009 0.00816297934001035 -0.251144144719862
-0.0318064310021835 -0.092437809156636 0.0619806979405574 0.0267160662874705
-0.110263484085672 -0.00316250761454627 0.166419018134346 0.00512404982077611
-0.04720304485152 0.0726340337560324 0.233463068769878 -0.190000959495815
0.0143524360582959 0.0756659245443993 0.110107389134737 -0.385566332103993
0.0678038809766581 0.0649765241478252 -0.0591990937038478 -0.439538986499755
0.0726254840897667 0.0707956996653972 -0.14619179359934 -0.442903495805463
0.0634612785404604 0.086011253193536 -0.0981983517167272 -0.452600807622477
0.00126308222030818 0.101495195811623 0.0561039670103204 -0.394466481778944
-0.0684583802380917 0.0764105528302702 0.164487553910065 -0.224929633349746
-0.140896757085379 -0.00418528044867143 0.0775175007873851 -0.095958838131789
-0.035160415708912 -0.123744222756889 0.0228607901140459 -0.183477458851019
0.106831441070811 -0.0715234750602904 0.201208650481401 -0.436123870414374
0.112962698790864 0.0214795637719149 0.643303189991891 -0.52497733131231
0.228593635704616 -0.195205988497091 0.286051281047878 -0.406323827253029
0.122491487620863 -0.259806744520942 0.0222343554353136 -0.238102964210122
-0.132431064996867 -0.226987184244677 0.0669804303603638 -0.00509660551791997
-0.290545843409316 -0.00760354192492355 0.143349593892534 -0.00792085979978885
-0.184541929248001 0.171000671182255 0.212209519320275 -0.159062760405643
-0.0484602987085911 0.224678085601105 0.107772913869831 -0.328626154227932
0.0940464732872104 0.230697168146512 -0.0344335484319948 -0.37543336805206
0.128349558621544 0.228416430351335 -0.105610738564335 -0.378722381760635
0.107222974213911 0.263156262710175 -0.0771177929334294 -0.382031008815767
-0.0583973675314473 0.292025612217156 0.0530253044948709 -0.334781395048629
-0.223929717982985 0.203236533016305 0.140944766110238 -0.194374069810456
-0.391392652060853 0.00816229157779704 0.0501544327532908 -0.0918756007335732
-0.202543230589019 -0.317638139002511 -0.0115397254997506 -0.206824947784675
0.156294978986985 -0.358167824015627 0.144597259324404 -0.416246721387121
0.306195022479004 -0.233944750726278 0.529656914338826 -0.475065660916214
0.342982700212307 -0.355946178546044 0.206505151589601 -0.317626912891106
0.150412187820165 -0.447758854498823 0.0168817622963163 -0.178396204950989
-0.234404380326974 -0.357914945426174 0.0800559104147136 -0.026605352208188
-0.462738085242763 -0.0107919458724971 0.121282527607271 -0.0325309616222081
-0.313440579743621 0.259130661906202 0.163176599076049 -0.124889027855032
-0.111223077644328 0.354248068590183 0.081776834464222 -0.234364548418307
0.104667501627537 0.369342896713489 -0.00755426172698005 -0.25674879983275
0.16460332709168 0.351572919518747 -0.0483174723615168 -0.256596820277958
0.140716775006411 0.395491458864214 -0.0405553377477399 -0.253436505518574
-0.0965841465652219 0.439389116126183 0.0465049523618222 -0.219352170597379
-0.335495072943788 0.314275260035048 0.0958361171159072 -0.12473847978343
-0.587335821742314 0.0502639288757116 0.0065779654434468 -0.0676482411590391
-0.366521343360921 -0.444793728252249 -0.0559586040926847 -0.203269678761623
0.152865551765562 -0.589741322122476 0.0717517933126966 -0.342863833597624
0.43413952115543 -0.459096621844882 0.358959012966978 -0.347719732038487
0.41707803232626 -0.478251310712782 0.0651628508235441 -0.179458456554879
0.152962470104748 -0.60672102007033 -0.011691746483691 -0.0646586978243969
-0.334291093668409 -0.465253426079426 0.0915610200939986 -0.027984064957865
-0.601571648616298 -0.00492150543649945 0.0883691944223294 -0.0531033262300662
-0.409631760201815 0.328894362246026 0.0866611911211309 -0.0752212360211619
-0.160938432037331 0.445593006832558 0.0363274087581141 -0.102971501540841
0.100822678956708 0.458952938679052 0.0177004581334066 -0.0945874665951104
0.178235641278335 0.422171312467551 0.0168280704699792 -0.0957287862681928
0.153761796350612 0.462149443977317 0.00651665625481524 -0.0880941495975325
-0.116796097342768 0.514266965952088 0.0419828361357282 -0.0664807958950219
-0.391301434316887 0.379211713511461 0.0403075745702559 -0.0239396760284733
-0.688641077029272 0.095571524277374 -0.043686720184245 -0.0228363681671226
-0.47532897798602 -0.485675616220838 -0.0966338212335069 -0.172392483436869
0.114903484188555 -0.710230061832322 0.00849355811412607 -0.226812264510537
0.480024851892773 -0.602268999084673 0.16756889118815 -0.159738920858643
0.428102454048261 -0.536483605962613 -0.121215305369731 -0.00120850744389554
0.130716640944656 -0.687486339688475 -0.061014284163177 0.0980127170259291
-0.392607249998126 -0.508888988892647 0.0888132920992543 -0.00386396691779642
-0.653794489720585 0.00742438501444069 0.0388302548023354 -0.0578826885800343
-0.441334231019088 0.351089740545808 -0.0107716391830645 -0.00294504107636276
-0.181464202291331 0.468919537489964 -0.0178909062229263 0.0558831630766503
0.0838472369577045 0.480632314291771 0.0397434043223605 0.0890017502338046
0.164499593628947 0.428305874566294 0.0786557131803537 0.0778869519712036
0.13800255861016 0.457452463530847 0.0552907986484962 0.0853732194025441
-0.125465266299236 0.503255852138388 0.0377830816706979 0.0950617934143646
-0.385698016477097 0.369019891476923 -0.0173707738915184 0.0878910408090046
-0.660505737193267 0.105276968718051 -0.0916892681403127 0.0285849974090373
-0.476487618620055 -0.447876849870314 -0.122400045558648 -0.124706394181291
0.0795119873323616 -0.695545112546962 -0.0330676288200082 -0.0936002327277257
0.450333264782929 -0.635081385780316 -0.0136211885048712 0.0468145748546574
0.368159594429636 -0.509008532017705 -0.319646977522236 0.189411674469679
0.0846716133697995 -0.639210108629061 -0.119686024448651 0.275939824018704
-0.376456842781427 -0.452996180591263 0.0678941589455863 0.0397347849269712
-0.578059530048567 0.0200926983166125 -0.0191193989573383 -0.0405440134441144
-0.38794024643876 0.3072961248654 -0.10592580468971 0.0779603423295783
-0.167779277825337 0.411622692913811 -0.0683645933938115 0.214482809733427
0.0568722216104918 0.42360390073436 0.0575546369348207 0.264253004748467
0.125215125791596 0.368854847340449 0.129222128719047 0.240708885186317
0.0982322251963767 0.38608499158941 0.0928583187729292 0.242370266820132
-0.122710235880763 0.412201413898623 0.0248724456618077 0.235243844783111
-0.326965025233321 0.284866266533857 -0.0761202597504506 0.178972302331927
-0.521013741339056 0.0714341751113723 -0.131141947062439 0.0624707788659995
-0.373333154150471 -0.351111687059267 -0.130995485010748 -0.0817433880300474
0.0564168903521333 -0.560010573918671 -0.0516595175703744 0.0182852735640132
0.357761933882859 -0.558438491534629 -0.160067584380602 0.2306183164946
0.240455196606616 -0.39477679550948 -0.493098376880738 0.360086651956719
0.0259915473462484 -0.463784014892371 -0.174500031592161 0.428187642353459
-0.279560462690185 -0.298192272324297 0.0360363717505772 0.0946147941560099
-0.378121920861041 0.0266362612757859 -0.0623084671373709 -0.00762680389573022
-0.260022740883803 0.198898474848008 -0.171918814956022 0.144455320000007
-0.124700472529615 0.277439359297505 -0.100313598692051 0.337836664563799
0.0210162279993242 0.295231713047899 0.069915670228302 0.39815919716698
0.0661198164551463 0.253737356097105 0.16158157672842 0.36785649288723
0.0424743209910761 0.261326989349582 0.109287534376783 0.362171750113405
-0.106603174933522 0.266831762852681 -0.00400818335519379 0.332307633124412
-0.227082231009695 0.163074968546961 -0.133305715145043 0.227925027964423
-0.313356765464191 0.0210386470410746 -0.15905455105198 0.0666900195863888
-0.220091841878388 -0.21555994022842 -0.122573595633583 -0.054162724213904
0.0329004315321151 -0.354664522883431 -0.0543832303238316 0.0889675178068741
0.224009468580297 -0.405674908973811 -0.257771500404234 0.360095628629826
0.0685125202117631 -0.209521144586076 -0.606119903099262 0.479897219646005
-0.0382696717862944 -0.200800986813551 -0.204805599214151 0.531849913811197
-0.134848183667963 -0.0897975802316561 0.0131260697009418 0.15121626950067
-0.115305940399015 0.0317744299250731 -0.0715029601172441 0.0308238994378158
-0.0914921553989533 0.0568512824520182 -0.193731557980236 0.179389140989297
-0.0638437488832932 0.0959585744351561 -0.108862410040997 0.398507397784385
-0.0207012602687052 0.116785887808458 0.0779356525961006 0.466736865078753
-0.00270087294485365 0.0992938881311795 0.169562764894687 0.439096691539793
-0.0144822800555188 0.102607853804563 0.105903162957193 0.428867022561188
-0.0691818184500011 0.0987053285021284 -0.0420138274053975 0.378653881240956
-0.10204141233349 0.0434426656526292 -0.182923323226522 0.236491751835773
-0.094935807609154 -0.00920213084465016 -0.172907099299396 0.0495241256328541
-0.0775696736942827 -0.0645351986350638 -0.104076170392842 -0.0363811749327983
-0.0103356855089377 -0.136204565130581 -0.0490188666963377 0.120875879484062
0.0632054218923934 -0.215050685213157 -0.301312755315767 0.423747519733115
0.0888148842991908 -0.00864153870555783 0.305719458521764 -0.418725495046064
0.0831881141664474 -0.061556980631985 0.0130004386859829 -0.243871978864939
-0.0260723767524067 -0.0931147264336214 0.0568869647618937 0.0277695043010285
-0.107496795435646 -0.00940223442021666 0.158379542124446 0.0127264838327553
-0.0518266924096923 0.0664934726398889 0.22907786909885 -0.175526568977309
0.00879137245203448 0.0738545358630416 0.116044824498094 -0.368496148537379
0.0636544077194313 0.0615486899689503 -0.0466888372193547 -0.427441980358996
0.0703940383824872 0.0717448207672188 -0.135912619422255 -0.429535593232247
0.060554589193211 0.0836394204735817 -0.0913264196200741 -0.439041680063551
-0.00233395277654977 0.0984197340892192 0.0578039974833732 -0.381672554833256
-0.0706710624224378 0.072136819175511 0.161362069721772 -0.214523335243932
-0.135616666956187 -0.0101049274572271 0.0723786508151021 -0.0930590859814731
-0.0290360689335084 -0.125215595261813 0.0313830080719998 -0.177344651319728
0.110149817548007 -0.0718685037586388 0.213268771595813 -0.411794284589745
0.11228251732372 0.0158649383779967 0.63650288094088 -0.469683921740053
0.228786984960823 -0.176358976110198 0.28695661418823 -0.392996245990779
0.131632128760995 -0.245397585148716 0.0199284420727013 -0.231120688238478
-0.116812508910742 -0.227411157785624 0.0579314154068621 0.00106289044975608
-0.278174935577135 -0.0195667006839228 0.13159417303206 0.00381283502655612
-0.187020013514152 0.156558138529867 0.209254312766115 -0.141182166416855
-0.0566989666127551 0.21753974210525 0.115082834025585 -0.309641850449263
0.0835309496291232 0.224242623047079 -0.020392460366013 -0.363268418421476
0.118656068410703 0.228721003377272 -0.096023805011171 -0.364427093261325
0.100170053246917 0.258385416930032 -0.0731852048108681 -0.368750953345033
-0.0641007824474931 0.287097468670476 0.04990769738297 -0.323531279508192
-0.227389234927093 0.194837624448589 0.130761302368551 -0.18934734807463
-0.378022944407626 -0.00152130072338126 0.0369718970895484 -0.0971281888661772
-0.187731183705883 -0.31942821856361 6.9357200401662E-05 -0.208460337385497
0.164460380048627 -0.350448916887782 0.166263575715598 -0.39357447622405
0.301856212972956 -0.228483170424458 0.535783587405137 -0.422790151561843
0.349646812307378 -0.327552179494319 0.202736618580065 -0.3197159722196
0.168691310425276 -0.426009639993905 0.00835144041896631 -0.174469757303493
-0.209057914725234 -0.358880246534512 0.065900520366604 -0.0154179694261688
-0.441444437326262 -0.0283544977887267 0.106253266409034 -0.0151961683526923
-0.314478792048381 0.237808032732413 0.161439295825186 -0.10336088246701
-0.12197343979908 0.342099199223127 0.0899224864890787 -0.216510699356325
0.0884635568247237 0.360021443475637 0.00643454689229589 -0.244869861854998
0.1501977794583 0.352101833036817 -0.0408563507883197 -0.244719875432645
0.12907094205257 0.389367541691811 -0.0409135560697207 -0.24139595941107
-0.103300339785618 0.432526911753697 0.0396204015539377 -0.210718914968293
-0.340390897926852 0.302909441352931 0.0794204692539146 -0.125767232231095
-0.569077476705333 0.0357992632236481 -0.0133939505360456 -0.0802855467588987
-0.344152442925216 -0.447530417778693 -0.0426445772429851 -0.213334392454349
0.16604533352648 -0.576184553265115 0.100581100303416 -0.327185180860887
0.427081878797895 -0.442725851793547 0.376275522882309 -0.30550037349426
0.430867709860747 -0.440830842917876 0.0570968590830482 -0.197608264694444
0.179433860354186 -0.583451569472145 -0.0278020353458829 -0.0648545847321214
-0.301096835234985 -0.467515698576983 0.072177230532599 -0.0121208943477237
-0.572565638793881 -0.0263918125227286 0.0722471563835053 -0.0327088038291679
-0.407815997050248 0.302084760548685 0.0869717053055504 -0.0533901632242874
-0.172425285331771 0.430151156733348 0.0439664661668073 -0.0890737439950709
0.082064603697993 0.448986237877539 0.0291199654734908 -0.085771651221943
0.160129101928792 0.423402138036058 0.0211313982122446 -0.0882593595585601
0.140650197190172 0.455482598699643 0.00277960629710884 -0.0807062283256877
-0.124050775157448 0.507290624720872 0.0318555556581064 -0.0626260358697487
-0.394938839126426 0.366622916512983 0.0203163680805117 -0.0300341033163717
-0.665239195847769 0.0796950541430453 -0.0674130438600716 -0.0407501362045214
-0.450146219599183 -0.491245250833948 -0.084745132228458 -0.187968288847442
0.131858379270526 -0.692241841126103 0.0380511611224275 -0.218540484968992
0.47341168603759 -0.575780556089258 0.190401632337062 -0.135383621821619
0.44909527032166 -0.498110857649953 -0.131955311985046 -0.0357950972439211
0.162141996752311 -0.66326756991781 -0.0825889370782606 0.0910382964587491
-0.357829042862805 -0.514177385262482 0.0658844027773562 0.0132712597498479
-0.625649359502904 -0.015852377689785 0.0235902191684402 -0.0368761338114143
-0.438659760861627 0.325670676487937 -0.00783558205894711 0.0150671958582138
-0.191307706027496 0.454031870627503 -0.0116946503529893 0.06348891277623
0.0645687417219663 0.470319955339545 0.0474080847427246 0.0938803489567434
0.146381526474025 0.427346332335437 0.0793634954820526 0.0805184931032817
0.12513106757723 0.452470570156491 0.0481600995979998 0.0879527846234857
-0.130573620905579 0.497976050896321 0.0260220813541826 0.0943398949145529
-0.388946058690914 0.357388768108028 -0.0376506485166409 0.0766302134975384
-0.640675064409039 0.0899229177348475 -0.114540475436435 0.007393063101706
-0.453116056455811 -0.452869292629238 -0.112768781487244 -0.142716397422695
0.0948368901968651 -0.678536118155934 -0.00920904610515987 -0.0916586323122224
0.443270871876293 -0.606341609293708 0.0100156782858732 0.0536921897431991
0.390878426727607 -0.475797545139897 -0.331614923589899 0.142423497066169
0.117607604764777 -0.6197437293256 -0.144411409064968 0.261148512706126
-0.343388382135239 -0.459230656462714 0.0458457270362955 0.0551309445050178
-0.551852384295844 -0.0031117647500948 -0.0305968795009309 -0.024311468990963
-0.38353137986628 0.28395983632975 -0.101687866525025 0.0882617901527299
-0.175083934191918 0.397372001470886 -0.0640188177489067 0.213879298537847
0.0404721180328833 0.417438550449194 0.0600342942969403 0.263499072868503
0.108905402398923 0.368648252211685 0.125524995135963 0.238033579046964
0.088273826228197 0.38022820925002 0.0833014224249926 0.239821140524482
-0.126471116616596 0.406738675280039 0.0127983486554243 0.229353629054124
-0.328489032070198 0.277722073222999 -0.0926024043826091 0.163589523011872
-0.503396389406668 0.0618048625662862 -0.147478491185968 0.0419694152550891
-0.356561947254089 -0.352478322059386 -0.12303717144033 -0.0976192956145779
0.067904301212937 -0.543762691374135 -0.034788431525479 0.0152918618856332
0.354533533787568 -0.530856372186311 -0.140341569701432 0.220906839835752
0.262774356269799 -0.37231520487289 -0.504397286473122 0.307092860674329
0.0525203386997153 -0.452795816319687 -0.196620156272293 0.408057445416493
-0.25694424905928 -0.304670285069559 0.0186906649349245 0.103134422527153
-0.361184173122354 0.0131679997805647 -0.0680092139556115 0.00120554297852931
-0.255762548818808 0.184751543517874 -0.167075343269526 0.145230090071746
-0.127237924233911 0.267701690681832 -0.101137242402003 0.329386274885792
0.0110437517695318 0.292282510986693 0.0676736374858691 0.392100837461593
0.0551541414484896 0.253581586522066 0.154337615013183 0.360520404226561
0.035877678986103 0.25829843628882 0.1003254251759 0.354807385537346
-0.10712357932421 0.263244635091745 -0.0133222585975075 0.322838884280368
-0.227015365599113 0.159096811559043 -0.143254452369595 0.212542800110664
-0.303107211169549 0.0172568904960814 -0.16563228566038 0.0497509872224986
-0.211236929353945 -0.215263876388055 -0.11672548097939 -0.0652446365531645
0.0398096213060223 -0.344027256059882 -0.0464927530022935 0.0836910019910047
0.220782238341618 -0.38503466729489 -0.243820277902234 0.338670719627061
0.086710206830623 -0.199605603622777 -0.614774991038787 0.427306505824405
-0.0220671674225399 -0.199580962214313 -0.221398297586615 0.508327328940966
-0.125851487278841 -0.0942671083969541 0.00236368070620085 0.15202375978969
-0.10955249349957 0.0268889955784504 -0.0717981612766847 0.0304462433119941
-0.0874106266896137 0.0538120067585385 -0.190155519853243 0.170648437566219
-0.0622199665030198 0.0920035089357187 -0.11153915490318 0.383534400607506
-0.0242623531023542 0.117379424163862 0.0700045451155002 0.457333742607839
-0.00761029681312399 0.0986068654698151 0.160128225298121 0.42672037172113
-0.0166387401469373 0.10169375195053 0.0970019261765088 0.417864499459229
-0.0677184989760706 0.0974786736854446 -0.0476146842497842 0.36648705602804
-0.0998513874527834 0.043404851326093 -0.184842814144387 0.22249438775978
-0.0923381004672081 -0.00754519369953743 -0.170528653328569 0.0388905802242944
-0.076538053973139 -0.0635388867839635 -0.100477662528991 -0.0413489560707524
-0.00890579132516139 -0.132119617986078 -0.0489543813872437 0.115252682341033
0.061282330262819 -0.203025029466067 -0.293817481346568 0.394640065265575
0.0880855793745985 -0.00601589077178573 0.302282825245591 -0.413931269603446
0.0845451972283527 -0.062050949668014 0.0111323281012951 -0.241088899952172
-0.0257058614880016 -0.092593731415144 0.0590578286967746 0.0258113531838934
-0.108575898125614 -0.00938592625410362 0.157825554825349 0.010747188977229
-0.0513746124940883 0.0650782527512659 0.225120145119638 -0.177341816272097
0.00877362279646247 0.0724239878205596 0.111926370767127 -0.369620174093691
0.063207505829119 0.0602316977431625 -0.0495504555371372 -0.42607618769863
0.0713341407665182 0.0703011972475043 -0.138485252061092 -0.425572918923215
0.0618786671387992 0.0840286387608337 -0.093247683696938 -0.435697687451706
-0.00264430993766704 0.0993938477303718 0.0560358684848453 -0.380652385403046
-0.0716712466698571 0.071848241044931 0.161365133989389 -0.213216672938681
-0.135127288137117 -0.00996141822189715 0.0714974540847888 -0.0906307937745482
-0.0283773747195234 -0.125403339155435 0.0319667930576329 -0.174894436888862
0.110755007492839 -0.0693581174749701 0.213524606981504 -0.410943167500292
0.112138890770629 0.0174387861971485 0.628508535220203 -0.464201179926065
0.224919876270163 -0.170558670918991 0.283437361490972 -0.388941210991174
0.131909834175229 -0.242907617902771 0.0191408220207994 -0.228599687148464
-0.114766582769378 -0.223579608373802 0.0607005650749397 -0.00173945146332071
-0.276293611916258 -0.0176235377312687 0.131074990849467 0.00158430384043419
-0.184377084048177 0.155751845823271 0.205377532067174 -0.14415797989689
-0.0551385166191048 0.217319550386846 0.11116232112094 -0.309635033091017
0.083688279861748 0.222171455735576 -0.0225235640966864 -0.361610020668367
0.11993050375432 0.226458029173142 -0.0985048637401603 -0.36177533078165
0.101726782382512 0.256701489969522 -0.0750505172308442 -0.365181162723269
-0.062209600586688 0.287869627042199 0.0488691046956382 -0.322434413958894
-0.227705823265288 0.195050134709669 0.129277551407732 -0.188095780634382
-0.375877842162305 -9.18551713855209E-05 0.0374824878082722 -0.0953798518477489
-0.185699632717033 -0.318012534674696 -0.000356257048152707 -0.204747724641121
0.164368129876037 -0.346774029794188 0.166001192281925 -0.392705595228616
0.301045785392146 -0.222599544446238 0.530913648016523 -0.418932055642051
0.343828485063393 -0.317425100257718 0.199457167187916 -0.318554940283392
0.168330458281133 -0.422560001495746 0.00735020934950279 -0.172790527754138
-0.204711030788591 -0.352763247993803 0.0694924773796861 -0.0191284183106769
-0.435984563774151 -0.0258477699011793 0.106037356451145 -0.0185646659462623
-0.309556975806063 0.237503554711141 0.158255408021076 -0.109065032554215
-0.119365071334911 0.34313068744591 0.0864252588780268 -0.217234856449525
0.089189369231918 0.35820485099924 0.00471811469991401 -0.244649538194068
0.150681770274805 0.348557587034662 -0.0412698838519667 -0.243907791837747
0.131265156072948 0.385544630675859 -0.0415717913153368 -0.239112198459081
-0.0997658897065326 0.432726981295416 0.0383792641865148 -0.210953914499903
-0.339091046337035 0.302621011411382 0.0778526851025806 -0.125336098804091
-0.564509938631224 0.0394264650250609 -0.0115257046347418 -0.0794846934925013
-0.342610110115939 -0.445844059883294 -0.0434583981801131 -0.209183965141125
0.16679381188228 -0.57042927689282 0.100806407039062 -0.326574065835532
0.42526634180851 -0.432047755542594 0.373938305731112 -0.302514710174107
0.42357827187723 -0.430803781716816 0.0557820562080267 -0.19914342833449
0.178980671521103 -0.577094632910774 -0.0275039075499104 -0.0649221196819858
-0.295613519841213 -0.460100217298685 0.075518259212506 -0.0160048582480652
-0.565011620957283 -0.0234241919704412 0.0722155052999428 -0.0366379740866317
-0.401711564685379 0.302666548396699 0.0845390722993826 -0.0606491436374988
-0.169016035930999 0.431425823944626 0.0420219416866904 -0.0896329704734675
0.0830076305409173 0.446670741239625 0.0284142897604351 -0.0863085870692507
0.160590779530932 0.417722860818551 0.0217027877703873 -0.0895463697652008
0.141104316453563 0.45061151604746 0.0035455726253108 -0.0791908640096152
-0.119377555102095 0.506803911097244 0.0310427540674786 -0.0637497811201583
-0.39268429335427 0.366721978941162 0.0185680926497325 -0.0296257242009923
-0.659471912156204 0.0820569199739336 -0.0645640910799733 -0.0405390238654479
-0.448002246353826 -0.486322883564342 -0.0861485001143565 -0.183816268866678
0.132045790615534 -0.687362720928282 0.0377416653800252 -0.218276052560452
0.470375461525588 -0.564385165020203 0.192444281418272 -0.133784398659089
0.440427884454487 -0.486827042368476 -0.130655547498307 -0.0410713675252607
0.162126308126217 -0.65708130166383 -0.0818978219059127 0.0888429551026405
-0.351981309027663 -0.504986417910016 0.0690371541823582 0.0100806963731372
-0.617070034137284 -0.0132036596647886 0.0238875268858077 -0.0408243961423824
-0.432203653087364 0.324854330935795 -0.0089414250012903 0.00682712190226533
-0.18723500018813 0.455429637515428 -0.0127771969101293 0.0631504216607364
0.0660418138077614 0.468703618711092 0.0476349627866372 0.0920612095905574
0.145052889743205 0.42330792227372 0.0810937112756473 0.0774160691182849
0.126975460206872 0.446074546717604 0.0490475226067317 0.0878354169571381
-0.126943281754442 0.496525605126405 0.0256263404925785 0.0921774232560547
-0.385514736628817 0.357080184793576 -0.0393427268720045 0.0769996993139545
-0.633785864311972 0.0945508320525127 -0.111633045907648 0.00676971339198691
-0.449487356487094 -0.44788754863087 -0.114884478365467 -0.139224463150931
0.0970108475566057 -0.672900668177704 -0.00902734671486869 -0.0918566461757359
0.441163702258939 -0.593706695456445 0.014346937915415 0.0531897942777128
0.385166940647924 -0.466985098995307 -0.328345155029877 0.134950183155886
0.116476620783257 -0.615642720131257 -0.142823909717554 0.258042113693929
-0.339441092024557 -0.451691531640005 0.0475593660318261 0.0523138511078484
-0.544677460920444 -0.000488026202383953 -0.0300909108031591 -0.0275992454221513
-0.377637998589427 0.287528568798224 -0.100861045073048 0.0810952133265394
-0.170713950583261 0.399370068087974 -0.063822047715682 0.213819229896159
0.0419969005701323 0.415184412365016 0.0617980200162125 0.2613034744213
0.108949589020097 0.365036682700241 0.127923782617012 0.233291220759947
0.0878669048432899 0.375255407426215 0.0851338587962361 0.23787943415213
-0.123381282198324 0.405715739479454 0.013565662633431 0.227371165364364
-0.32416807967938 0.276932711588191 -0.0939323013334687 0.163689693807917
-0.496195627822075 0.0658932785081687 -0.14508063050594 0.0409033523188284
-0.353448675399997 -0.347473079366497 -0.125614016125537 -0.0944711668211538
0.0686947746628371 -0.54029781159032 -0.035831124410283 0.0157913820120387
0.350935063666575 -0.522024499889332 -0.133696034621387 0.219609808016297
0.259987590811673 -0.365619899678752 -0.498913312155543 0.297065469884069
0.0519752976134793 -0.449203430040103 -0.193915504544209 0.403937743207722
-0.254082123094124 -0.299689645921572 0.0199479707221292 0.101784376669407
-0.355936530212133 0.0145591966982845 -0.0673695544578339 -0.00189843684708649
-0.25142741526015 0.186894006464923 -0.165824877508461 0.140349797327805
-0.124351398025486 0.269785001789059 -0.0979689233376618 0.328985360100964
0.012343644360325 0.291106625497384 0.0698673738307805 0.389875579656185
0.0546439887929095 0.250304259390808 0.157258493354819 0.354846168445714
0.0350748383919103 0.254318071736284 0.102777531884962 0.352357742938893
-0.10407873551543 0.261613730918953 -0.0119022190054659 0.320426869026685
-0.22305941311998 0.159537019038595 -0.143050050821642 0.212267692042941
-0.298349758638194 0.0216002842119843 -0.163465044247485 0.0484773873542725
-0.209742314649843 -0.210191153748893 -0.11913859862339 -0.0631757991381465
0.0393764098238774 -0.342000348152786 -0.0469875811469403 0.0841231016983985
0.217138991212395 -0.379368266473556 -0.23578350831404 0.33591319158174
0.0855033620936069 -0.19784265375049 -0.609002809279687 0.417504348499825
-0.0224555311461852 -0.198474306485011 -0.219709181324324 0.504041544830887
-0.125764386948968 -0.0925962059330916 0.00225220638794271 0.152267054084734
-0.106534554739857 0.026735062745664 -0.0703743701066194 0.0285926807423536
-0.0858468461283782 0.0549796107832525 -0.187961583079529 0.167458082533573
-0.0608268681939381 0.0930660189203255 -0.109190408548051 0.383848090474874
-0.0229374154952444 0.117339171014002 0.0730256576385085 0.453554976433859
-0.00830617272317264 0.0977801973269406 0.163370325428506 0.421697057709342
-0.0177024232640796 0.098814390035188 0.100274517750499 0.414266739464237
-0.065945727515549 0.0960617249588067 -0.0452751922112808 0.364319730498863
-0.0965583886289369 0.0434986753438628 -0.183308131923071 0.221970521087723
-0.0899563125815207 -0.0053199620725507 -0.168642911418387 0.0377167225452793
-0.0766227088402475 -0.060196664462985 -0.101737605596181 -0.0407063160166512
-0.00977832434883163 -0.131913932237527 -0.0489635898316691 0.115882287952537
0.0595124186951976 -0.201018641842853 -0.28545965901421 0.392906089158884
0.089900396037553 -0.00462004387982256 0.304583120051281 -0.419750142266579
0.0876544795994179 -0.064391508962922 0.00938001865838437 -0.244423984371899
-0.0261317818906287 -0.094729699568254 0.0631426606803599 0.0237509873357372
-0.112177718434993 -0.00898961216326955 0.161787194451914 0.00875014482564473
-0.0526510132862436 0.0660610679218248 0.22639289099568 -0.184745014422727
0.00907292752286493 0.0739722638049148 0.108968123338724 -0.380273295509497
0.0648863274640552 0.0605083499351482 -0.0561622994823955 -0.435393594618363
0.0741419848986289 0.0711713558772448 -0.146175737495062 -0.43262260705781
0.065692936863648 0.0859121072702352 -0.10005185838501 -0.44297726396009
-0.00210005844792686 0.103334515152352 0.0546589612773516 -0.390169738942177
-0.0748638099504669 0.0745365635801596 0.164586097601215 -0.218328093330504
-0.138295190897005 -0.00970173603142845 0.0724618862252949 -0.0908398451059561
-0.0286527905744793 -0.128861446547773 0.0334401725714531 -0.178134443871481
0.114009606871897 -0.070330048219004 0.216649893383638 -0.422960368087779
0.115330185090741 0.0189262681480435 0.63419651826004 -0.475165111532015
0.227991434694769 -0.169396660851813 0.284495468233251 -0.396566378645273
0.135339429514869 -0.24832045109396 0.0180180444400034 -0.231273130492422
-0.115458058207135 -0.225604061803367 0.0651171210703082 -0.00544247719862392
-0.281611417932502 -0.0158192560607766 0.134303774270928 -0.00088148339669474
-0.187064714967907 0.160447578374965 0.20564414026518 -0.152031037871524
-0.0552408421504002 0.223220353356093 0.108943503129829 -0.319073457079052
0.0869707867433705 0.225616050111307 -0.0280008375893989 -0.371303755552784
0.124754368239968 0.229581934595191 -0.103990613039916 -0.368312323803642
0.107472991183122 0.261145145551587 -0.0797530170389165 -0.371591429966931
-0.0605566182846874 0.297549349653772 0.0466604818733738 -0.331258250304531
-0.23303382975895 0.200618304413038 0.131218459738195 -0.192642752378474
-0.383093266713893 0.00278261997237016 0.0390704346537962 -0.0966586265124903
-0.191224271823739 -0.325107641264216 -0.000114388829891542 -0.207382098691406
0.169486613783353 -0.354949551610679 0.168843450415299 -0.404610411343944
0.306250403643489 -0.223191947264912 0.537293170890968 -0.427017566739618
0.347878704719914 -0.317935813187788 0.200849330122831 -0.325972118208858
0.171345300069946 -0.429227730045542 0.00730757786946122 -0.175957619030562
-0.206875452170612 -0.354679004021841 0.0743492559855332 -0.023947895763935
-0.441725212107444 -0.0228992757232667 0.107932828448289 -0.0223219627411508
-0.312194854549932 0.244733816465818 0.158176860399834 -0.117508743595928
-0.118820526875043 0.353174197277555 0.0849936715723518 -0.223830406331843
0.093710703564188 0.364984884576474 0.00157899532235228 -0.251400246672798
0.156715842276314 0.352935986403887 -0.0444561562451626 -0.249969269697407
0.138039829567062 0.391591308119951 -0.0438451132459235 -0.242970351385784
-0.0977326252419669 0.445474818092307 0.0368763381963923 -0.217239473478373
-0.346020987688855 0.31199491358191 0.0781868638861896 -0.127839744912559
-0.574580481049695 0.044378804040866 -0.0104318665969117 -0.0808406569877533
-0.350159922324967 -0.453450578305661 -0.0461213486009317 -0.209973062365465
0.171073230045393 -0.58159982801474 0.102582305342639 -0.33536930045048
0.432502893434407 -0.436926091775401 0.382538735225757 -0.30863878633753
0.429012555555878 -0.43272477177722 0.0558816171558379 -0.206941544313614
0.181497567742832 -0.587966130430534 -0.0280826422240149 -0.066518946935464
-0.29980441667293 -0.462325250977106 0.0800449570623509 -0.0205918412193382
-0.573892436286233 -0.0192441226783778 0.0738053853745666 -0.0411048067869695
-0.406191283759141 0.312188293786108 0.083752776472054 -0.0690663322258743
-0.167043201154243 0.443914846510556 0.0404181304739539 -0.0926389471207455
0.0882396654905296 0.456121422886361 0.0273967211380364 -0.0897933891097888
0.165613411572366 0.424271904052743 0.0217513414710135 -0.0943695453075854
0.148016950749731 0.457389375252858 0.00383336341631042 -0.080631097867515
-0.11635409505631 0.522958397471705 0.0310730694207703 -0.0670068287924112
-0.39924891138206 0.377971959523807 0.0174225390576067 -0.0299464838093552
-0.671472072127558 0.089239773411326 -0.0647865756374995 -0.0421840673218096
-0.457531530506472 -0.495851604219303 -0.090615996937724 -0.183984220777457
0.135898216655694 -0.702248443087274 0.0379279921525907 -0.223943090048904
0.480606550080355 -0.570287854926604 0.197806298287265 -0.136829776642017
0.446546317797243 -0.490048435828137 -0.13385655179756 -0.0466217083332411
0.164275421797216 -0.67005953322695 -0.0831200010811975 0.0899052933139771
-0.358846747347512 -0.509942815717523 0.0735636824816216 0.0065450637717205
-0.626710307237379 -0.00914836850531175 0.0242909274219535 -0.0453139989002071
-0.435770783629734 0.337533030136772 -0.0109109544847548 -0.000527533591125937
-0.18609166105555 0.468669424746244 -0.0132599461817117 0.0638760846057335
0.0716972435096195 0.480265206604737 0.0494675040466811 0.0925661263442317
0.151900734708187 0.429524307006398 0.084540105622777 0.0748555870678939
0.13270492962185 0.451658792282162 0.0521179616102869 0.0890463397098689
-0.125818993146206 0.509991786909016 0.0265871952721797 0.0924888708837217
-0.392537003135069 0.36793345887008 -0.0416560050309477 0.0798957683657079
-0.643990936402829 0.102902180118062 -0.112257062798427 0.00572421063563516
-0.459434590818199 -0.454107101157 -0.121112686470972 -0.138002157755515
0.0981854011484553 -0.68700195695797 -0.010142881534716 -0.0945707183060386
0.44561896955029 -0.599833929483178 0.0201462518862916 0.0543663081941671
0.389474668311219 -0.471195772965685 -0.334210965265816 0.13122278340356
0.117003857841173 -0.628501339578076 -0.143846146624561 0.262188593977464
-0.347334916072932 -0.45589384189967 0.0511779101961405 0.0508158343309551
-0.552294394978388 0.00395513199589255 -0.0307134112926702 -0.0317676390608158
-0.381881099159346 0.295141331992076 -0.10350175249749 0.076533069591126
-0.16901631659067 0.412962149815769 -0.063999222699203 0.219529250303378
0.0480033116900193 0.424964939964341 0.0661637414191014 0.265040640947811
0.113303201004401 0.371111890991236 0.134086304472928 0.233906662527617
0.0915550202369986 0.380527933139516 0.0902854052924596 0.242233556942676
-0.121337108682393 0.415768111446206 0.0151175921154364 0.231880350185979
-0.328962487266315 0.285532752193778 -0.0963358433935279 0.169110747267553
-0.504710181547818 0.0741422078766032 -0.146769382306035 0.0403862193685821
-0.361588431933419 -0.350611125702103 -0.132359029931359 -0.0937439870953254
0.0683937711412479 -0.552315337124438 -0.0369022191171132 0.0161603852779226
0.356011329646064 -0.528062397024551 -0.128528765902426 0.224159982278095
0.262157625729497 -0.371442424256338 -0.507697977721514 0.297576882083544
0.0514393835641824 -0.45926006631929 -0.196259981184615 0.411803878515226
-0.259960532814018 -0.302737557387274 0.0220358773329381 0.103269226511451
-0.360725033953404 0.0169765436967927 -0.0688298143936045 -0.00411517402714636
-0.253665994580272 0.19403256333226 -0.169162842473212 0.138332396177837
-0.122882007020786 0.278975196639747 -0.0967018824957713 0.338620936219367
0.0166156305240026 0.297921095465053 0.0769244769965774 0.397403158420026
0.0569289403831247 0.254613330238362 0.164775089067397 0.358742464510137
0.0361175866816456 0.256366969606293 0.108892703515202 0.358217321910102
-0.103295848032928 0.267624424777376 -0.00985547781544471 0.326961880403089
-0.225407439940396 0.163785720618423 -0.145806457124164 0.218222541008487
-0.300771715534418 0.026030477772422 -0.166178451006904 0.0488697097349309
-0.214169582877902 -0.211164401836141 -0.12516903913675 -0.0623299015820513
0.0382274994401895 -0.349787068051392 -0.0480813670922392 0.0866301373583516
0.218490928654524 -0.384861660712632 -0.232117835970884 0.34409352796145
0.086519801513439 -0.202203475376786 -0.620483906365964 0.418651382582723
-0.0241046415821627 -0.202816472327109 -0.221220063816224 0.513883276627391
-0.129156737310131 -0.0935112236465147 0.00339291200172623 0.156749190506052
-0.106676842364096 0.0274105610364922 -0.0721884575670542 0.0282646918976811
-0.0861908625833384 0.0579392671700689 -0.190337944838868 0.169726370115263
-0.0603595955028686 0.0965511601173823 -0.107211033765433 0.393768640903083
-0.0217567949084221 0.120145614038645 0.0806406116058077 0.464140955953254
-0.00894376980235714 0.0994238794586912 0.172482298973632 0.427535292710764
-0.0190898151358209 0.0997486004612918 0.107235535183386 0.421507072287264
-0.0659660594200157 0.0965425618210796 -0.0428718920731557 0.372934043244436
-0.0960160506187683 0.0448351465811336 -0.186657090278417 0.228432165409895
-0.0891051826738281 -0.00360371735418107 -0.171808282534159 0.0388136736856694
-0.0787110155831695 -0.0581579692673848 -0.106632531196791 -0.040245658808519
-0.0120759346855056 -0.135508079445277 -0.0501000901388223 0.119700288081819
0.058240827344125 -0.204172735792946 -0.282555116588155 0.401381955859364
0.0936301615663098 -0.0048500268721023 0.304528799719026 -0.439685868137189
0.0905696363275334 -0.0699262596020466 0.00279441632645265 -0.251531751465263
-0.0288627897632669 -0.0977620405946059 0.0683829107323644 0.0200425096199056
-0.118589172243045 -0.0055287070230576 0.16830469758418 0.00268319372462124
-0.0539469214511719 0.0697190028548025 0.227060239872613 -0.198745853036187
0.0108467387125309 0.0755594400929683 0.0978730305470736 -0.400031885067355
0.0685377056757624 0.0603055273109969 -0.074266322903737 -0.450360121539464
0.0799437280666739 0.0708354216643923 -0.166645152741012 -0.443199202333913
0.0724075356391381 0.08752995152625 -0.118736464472446 -0.456224953297472
0.00177163039457883 0.109035219728188 0.0446572506668778 -0.408029648827872
-0.0772147123670701 0.0801825405684416 0.166184769270949 -0.231368117636565
-0.144757139359289 -0.00544628502569049 0.0732700660556547 -0.0947059595492923
-0.0323779190058839 -0.133957819884646 0.0312543774720705 -0.186305074003206
0.117590329421025 -0.0754695121964558 0.213069347830227 -0.446903851528896
0.119849177720586 0.0183372295514707 0.642104073406751 -0.506024172741527
0.231982904630614 -0.176831886280594 0.283911715299459 -0.417278403003465
0.135356615613943 -0.261727920989648 0.012721500070787 -0.239439254356546
-0.123281399315198 -0.229365465632432 0.070129311955367 -0.011196283690405
-0.292085559209023 -0.00703744967650509 0.138753580155668 -0.00753461366196027
-0.189433131383433 0.171351761879959 0.205784605473961 -0.166578077801883
-0.0501208740825411 0.233436303549272 0.0999321895302178 -0.336122495728119
0.0970079923304157 0.232007551779641 -0.043034907448533 -0.384873579474328
0.136933407921645 0.233726648654865 -0.120112817809765 -0.379281787903016
0.121171358199576 0.267496442314128 -0.0951147808370137 -0.381830766907767
-0.0524793079274572 0.312993204816197 0.0380454034345627 -0.347208251738544
-0.238029094082286 0.216610856774503 0.13197474466203 -0.204215248467718
-0.397499352061291 0.0146988751408116 0.0390941960326737 -0.100732128464372
-0.20605059555225 -0.333132153190931 -0.00484775358520601 -0.214015926668303
0.168336303967866 -0.371600834424695 0.165793514070289 -0.427454002020725
0.313117923290427 -0.237033347670707 0.544622435833538 -0.45414157783569
0.351434088100244 -0.330892433657712 0.197816722598587 -0.344891082672492
0.16857923421962 -0.45066179386296 0.00282396024741079 -0.181730737256639
-0.220398342072077 -0.359348064667636 0.0791053184703843 -0.0313917670819328
-0.457144508382185 -0.00915610221670315 0.111390549975549 -0.0293940925115064
-0.315861080407811 0.262749067467228 0.157429624012183 -0.131399126631803
-0.111454917458077 0.371039617784278 0.0788041184004342 -0.235679355456171
0.110099856343312 0.377029158408883 -0.00830245828993764 -0.261831422564397
0.173748081689334 0.360642620159729 -0.0547572738637242 -0.259391625986724
0.156255583675748 0.401566013048294 -0.0525624191469607 -0.250296923804213
-0.0860238717226576 0.46890204841285 0.0316513764482007 -0.22860725887456
-0.351874718499133 0.334779886078202 0.0776118029022963 -0.134458399473915
-0.594880402597399 0.0653503572248199 -0.0118217375360793 -0.0845509855713351
-0.374873883882613 -0.461778403789303 -0.0542497189031153 -0.215022355544888
0.163049999082334 -0.610393231567682 0.0976584249852769 -0.352694893959384
0.439112943330945 -0.459663563761709 0.387400154472763 -0.329798881556913
0.431282166829213 -0.450512596594844 0.0513264784754387 -0.219391027568437
0.174060699329592 -0.614936826409291 -0.0308947757783094 -0.0681314857530008
-0.319133891290133 -0.468385752997439 0.0851741556377103 -0.0280815373151882
-0.593073870486661 -0.00198129636745495 0.0751774729102845 -0.0483864005921231
-0.409806597202495 0.335480719902007 0.081658517871019 -0.0812988473157869
-0.158168229183668 0.468574423983994 0.037194808469264 -0.0980531099966803
0.107240365425183 0.472334827666614 0.0250502698122915 -0.0950811284868532
0.186027472829934 0.433776663069534 0.0191683907246296 -0.101145611744462
0.167979741248354 0.468499241682203 0.00209636552041633 -0.0834103052446459
-0.103674713240551 0.548389135877884 0.0295794244290347 -0.071768966790369
-0.405492716803906 0.404912165558548 0.0167596517745895 -0.0307411545808377
-0.691830107964666 0.115111017237728 -0.0672869117088233 -0.0428649120556788
-0.486120114952072 -0.502357156728407 -0.101165847313217 -0.185076892710243
0.123604517103054 -0.732812827141171 0.0334442813797099 -0.234463618576877
0.482873476845294 -0.596985270503229 0.205414221659419 -0.146663621918552
0.450548513777405 -0.514162883565099 -0.141341686595743 -0.0514440430697065
0.154453496367047 -0.700150795055606 -0.0834146091115664 0.095065929808402
-0.380129775389156 -0.515814130011316 0.0783825157931851 0.0010842532226401
-0.645499318612995 0.00916835448135924 0.0239316627348695 -0.0513807178945975
-0.439341870979309 0.361489248871494 -0.0141110684931532 -0.00790602959389503
-0.176274580608302 0.496357059785702 -0.0129968038388915 0.0668157750554587
0.091301471709458 0.498137867512156 0.0545035109361886 0.0936695572609438
0.169303998920592 0.440271958714395 0.0899667544393197 0.0724472843741507
0.149287609499424 0.462483911111675 0.0577083448572946 0.0911946350431825
-0.111825011126925 0.534344583940249 0.0301139035801425 0.0949364864460762
-0.398811679774683 0.393017959516307 -0.0416061947302604 0.0855457446158008
-0.661130140654971 0.127947650436824 -0.115486144934951 0.00752788138738016
-0.489325697779775 -0.457577547157993 -0.131660526196853 -0.137107682747262
0.0854526655242826 -0.716329861937401 -0.0130477875740757 -0.0982903076250385
0.451398009489921 -0.628057302324332 0.0266827278482369 0.054586349608919
0.391317968740209 -0.494940422542849 -0.344816116333592 0.137896230398465
0.106734979907233 -0.655327297565621 -0.1423512780049 0.274901631030233
-0.369579307672411 -0.460550049486127 0.0559617105208107 0.0488911304640408
-0.569994415786424 0.0201576291029867 -0.0327640017615423 -0.0351687502615397
-0.385079460031865 0.319996248454761 -0.107447186910366 0.075271685255083
-0.161180072549263 0.437012294711654 -0.0597153452057904 0.229986091465158
0.0657854167855786 0.440739902438561 0.0781408957525619 0.273392270820471
0.128648850661102 0.380215289377102 0.146869247709524 0.235320590182985
0.105996872642929 0.389313659002481 0.101751639614731 0.24849476164883
-0.111769586255126 0.435566095477358 0.0225927639893646 0.240460337593519
-0.333406607338694 0.305696455319747 -0.0964224643799387 0.18016540136107
-0.517064602593077 0.0926736694274991 -0.150560913007013 0.0443111726529109
-0.383493979894566 -0.352654079031704 -0.142549337236802 -0.089998896275211
0.0582058376128081 -0.57476866533772 -0.0386771030157374 0.0177670064851506
0.355532266528667 -0.552477220497677 -0.121712115272115 0.234756815878626
0.262038052441193 -0.38809519308083 -0.5215164042761 0.312396539992863
0.0419590119200384 -0.478578195731538 -0.192407181469717 0.429637451047845
-0.277741896091524 -0.305321390405422 0.0261301978643878 0.106518498589221
-0.371456783860716 0.0277580358771132 -0.0714118080182468 -0.00479216164295002
-0.255318894874266 0.209518067785749 -0.172568641508503 0.143219861262997
-0.116771977821856 0.29550449247617 -0.0895088021068662 0.355386967465019
0.0283975545583187 0.309485984984373 0.09498085429615 0.40951867755986
0.0664432417419186 0.262085525132647 0.183290218481608 0.362932697644071
0.043989576402198 0.263484024790711 0.125935249320965 0.367208195701247
-0.0986025066488166 0.28045091609021 0.000603514904191576 0.341669961553528
-0.227791293427925 0.17675689542257 -0.146180663797707 0.232709082938331
-0.307214394142279 0.0377960934670864 -0.171205724120432 0.0542666528710195
-0.227928257567364 -0.209690623971023 -0.13465557308981 -0.0589867163977564
0.0293528076364378 -0.36374370576059 -0.0478326363926906 0.0919983692016873
0.217297704322454 -0.401276734781039 -0.224376050499465 0.361349197109519
0.0836057483311235 -0.21149595472173 -0.633728654108004 0.443332794723232
-0.0308806082076165 -0.210028327266456 -0.216306975308698 0.53709098264917
-0.136786296658192 -0.0920905224088876 0.00811014388058533 0.163479358883389
-0.108185757486413 0.0307059233283898 -0.0738831112059199 0.0291559144559649
-0.08642294148744 0.0632548121203404 -0.193120527060272 0.178367446662999
-0.0583404474909905 0.103137810339769 -0.0975115634176806 0.413613256008107
-0.0174961680418164 0.125389672801205 0.100620772961641 0.478204919515815
-0.00707587025367496 0.103196783709139 0.194189993827214 0.435925324023816
-0.0187655747685047 0.102863907118723 0.125424246723349 0.432758208658106
-0.0653757752376525 0.100873591744113 -0.0315933310032298 0.389926732834824
-0.0963298340550547 0.0488339876362161 -0.186671109626571 0.244340424120667
-0.0899463542945704 0.000251993771389415 -0.177483016675902 0.0446139598735491
-0.0835107344044604 -0.0551744672001043 -0.114404045346241 -0.0375889424735346
-0.0176871923017948 -0.140921269285781 -0.0489139579959367 0.126756999153608
0.0542310246952322 -0.21326441676677 -0.274732409601459 0.423058736400647
0.097708137430397 -0.00842909106314383 0.288264707914234 -0.468707645471287
0.0906843807800047 -0.0783430239293491 -0.0114728399780071 -0.258793837905603
-0.0344255344298487 -0.0998285415233773 0.0735939945684162 0.0131455080012602
-0.124364303486241 0.0024496492947112 0.17336841088472 -0.00914987855653036
-0.0524751544715023 0.0752508926346048 0.219080785061714 -0.219182962098781
0.0143147381331059 0.0775046664932103 0.072588064700475 -0.419085193384447
0.0735818533996761 0.0576319957667209 -0.107921565202769 -0.460111235953695
0.0877636282647007 0.0673770139357224 -0.200476528847116 -0.445151216935739
0.082498853172869 0.0855474048682327 -0.151792659215103 -0.461635815217977
0.0090446374674623 0.114193106105645 0.0192760664596 -0.424712725412536
-0.0766008530658375 0.0883209679806931 0.159120180572484 -0.24935339708822
-0.150372269356896 0.00281497149127293 0.0708648792464092 -0.10073435594694
-0.0408022005720129 -0.138240509532645 0.02283842656206 -0.193313787462034
0.118929668442234 -0.0839321729952184 0.19359405611992 -0.476253153809646
0.125353828911044 0.0131846269704768 0.628350489124929 -0.554908343580998
0.229662972381052 -0.190982163226664 0.267857460535655 -0.444823658664026
0.126482185294915 -0.277551455412101 -0.000488032644725084 -0.246531377207973
-0.137390122983786 -0.227964438337792 0.0736925185880338 -0.0202310907570415
-0.301170861629988 0.0114550376941767 0.14243428007352 -0.0185513884250082
-0.184854988546887 0.188271732818751 0.199082088793362 -0.186503743557521
-0.0374991706775803 0.244774346142497 0.0790626157665802 -0.354088978414537
0.114867533103153 0.233605075711603 -0.0698325782302604 -0.393986666788259
0.156550182495804 0.231304506411874 -0.14951057979188 -0.383476096715366
0.143821079300798 0.267654656540018 -0.122595180783778 -0.387113678226035
-0.033433619032922 0.328400618150764 0.0173390751767958 -0.361986813571292
-0.235375398607503 0.239270618914178 0.125252031940799 -0.218548756775344
-0.409184402207119 0.0415645738317353 0.0345796240229025 -0.106410480750559
-0.231073353948052 -0.333595087821524 -0.0168008238351753 -0.219689980585755
0.1542989519834 -0.393967717451362 0.146622545710399 -0.451457308654549
0.310824132387559 -0.258163106913337 0.534058364258183 -0.498895738320426
0.345574425819038 -0.353688583143638 0.183974101535911 -0.367222678630787
0.149693546546599 -0.47440326271825 -0.0070269470344298 -0.186971211828892
-0.243896078606612 -0.355803181414762 0.0816590317045112 -0.0417688527812715
-0.470379690299019 0.0185421159127801 0.112397187281385 -0.0402297510855585
-0.310092919605791 0.289786434067157 0.15016611741205 -0.149544401038492
-0.0903654080135188 0.3918205464795 0.0642282805101586 -0.249177786963368
0.138155383944914 0.383286053976071 -0.026352425690825 -0.269139161912807
0.20189322239514 0.360140291589285 -0.0742280898269734 -0.265129484354881
0.187034432182299 0.403660364202124 -0.07018824905787 -0.253856125951937
-0.0582967434748256 0.491400759193979 0.0170376790408695 -0.239233443784006
-0.345017702873852 0.368411570405167 0.0730204168652386 -0.143302454040237
-0.608024246977376 0.10452421857979 -0.0169978364929238 -0.087414327892988
-0.414407596568453 -0.456696002446147 -0.0683148979506933 -0.216398017493839
0.136777136843181 -0.639628881029436 0.0801159771902048 -0.372440522120912
0.429706354252186 -0.494515784684694 0.38185805516159 -0.359800012524301
0.42126008019876 -0.48136185304086 0.0385215633939106 -0.23285870724548
0.147901468690005 -0.642470363574684 -0.0353213083593193 -0.0690182250709672
-0.349923393797419 -0.460199132942425 0.0879544168557462 -0.0387216763861764
-0.608331229904857 0.033915900374303 0.0743131083914905 -0.0582706972485224
-0.400208309975376 0.370906451545083 0.0754352922105421 -0.0952169497594077
-0.132969474432324 0.494817909409876 0.0304744351014754 -0.10420160664068
0.142169379828996 0.481058630623393 0.0187374945462637 -0.0998226481813876
0.219347785342706 0.435518125871968 0.0116799619971945 -0.107681373805462
0.203322829813426 0.471687728055764 -0.00262287555277616 -0.0857759895775049
-0.071080518270744 0.573945715593993 0.0251419037858937 -0.0770102260120636
-0.398230073455233 0.443513735079601 0.0158876428573572 -0.031707206356787
-0.705179706567405 0.162783551886131 -0.071952917826794 -0.0431550239468597
-0.531168921671789 -0.488929400911785 -0.115955445886568 -0.182377818733393
0.0882400877535425 -0.765223426761134 0.0202543913980997 -0.245834229060982
0.467791156405025 -0.639434616052303 0.205762836571733 -0.163550076740114
0.434963752984423 -0.548135228739759 -0.151016192397569 -0.0502024024356686
0.121077142175116 -0.730786666437857 -0.0806889059112969 0.101710415949085
-0.417208683179658 -0.506305407460015 0.082294029842683 -0.00747840698615834
-0.662502170772126 0.0489864081289156 0.0210530040600219 -0.0586020484772227
-0.429710602583987 0.401489022700713 -0.0189848917087052 -0.0148668804084781
-0.1486773012693 0.5247206453599 -0.0105824828595165 0.0696210888133755
0.129248426430246 0.508688755641144 0.062059274814456 0.0926984694625918
0.202855703755069 0.441811998065423 0.0956425766418612 0.065924588927301
0.182366733433349 0.46696946932325 0.0659538260308154 0.0910558630248698
-0.0807003583001354 0.559030809860638 0.0359427309109666 0.0951924799001396
-0.388513426075342 0.43124767537692 -0.0375975827752217 0.0921061817536035
-0.671710464385417 0.173657342641408 -0.11906275763002 0.012099743311499
-0.528779170098297 -0.442717355053635 -0.147541326615385 -0.130047069758279
0.0472194917998004 -0.745193763275742 -0.0202725075837826 -0.101117639765888
0.431451852948009 -0.668524040965956 0.0352773830916392 0.0537828233036216
0.376895698322725 -0.526222459362727 -0.350213957883378 0.154929994585186
0.0718537145902244 -0.68461634046645 -0.131609480886029 0.290922165302326
-0.404467181185114 -0.451790052265478 0.0617334581793828 0.0449313035319753
-0.583965890220472 0.0545855841363038 -0.0365281587863462 -0.0380077859089052
-0.375666998258291 0.35364345932428 -0.109956174691508 0.0770815818162675
-0.135070009182284 0.462276847510899 -0.0474046522373684 0.241680897892751
0.0984662406725888 0.451703048694544 0.0990090780097958 0.276296385982419
0.156338621348247 0.383271069852436 0.165096838058646 0.230352317773861
0.131883463810072 0.393800445316477 0.121730038288551 0.249760547308607
-0.087215512662909 0.457209915681542 0.0384417084919278 0.246736370530047
-0.325973991031796 0.336830846456534 -0.0886113089242853 0.1937788999792
-0.52265570403172 0.128656135852837 -0.153263002494547 0.0522612776052338
-0.41494118336126 -0.338855507316209 -0.155750603499373 -0.0810797254015518
0.0267671157232269 -0.597048280114435 -0.0392899458790724 0.0207585486217276
0.335112556319518 -0.585795560284816 -0.105782795656978 0.247113529743826
0.247816241901857 -0.412873369119262 -0.523107770282758 0.344777824458863
0.0143834534838749 -0.499098327174495 -0.175074406358444 0.453769530652641
-0.302185330029577 -0.296965049645262 0.0341775616721503 0.107465055671767
-0.379398624402074 0.0508135375419142 -0.0744383195648547 -0.00340016142168616
-0.249651340937211 0.232317480017121 -0.172571716384416 0.152253894196585
-0.099705675211285 0.31353185897553 -0.0691589415454227 0.373005205381801
0.0512752199876853 0.317486977577455 0.125376806303691 0.415447741121283
0.0843022234089535 0.26610923572541 0.211834468230692 0.360075400864331
0.0598643668332842 0.267486006872781 0.153149625823675 0.370381183397231
-0.0834581618173353 0.293611213523232 0.0225626455668016 0.352563417687074
-0.223313914563128 0.195769933431013 -0.136853765720772 0.25047927262455
-0.310724530977779 0.0595123063665848 -0.174144841839214 0.0645823864379768
-0.246688372519076 -0.200591776936803 -0.145635338140784 -0.0502841534701785
0.00872159107390885 -0.377319885690925 -0.0448570813206058 0.0986809430314495
0.198852495740043 -0.423118964215781 -0.203368091263494 0.383764338473833
0.0736382237145638 -0.223256578648344 -0.630238602206588 0.48743477436558
-0.0441063530839285 -0.216089286946533 -0.193251911852271 0.564893484337067
-0.146500898083926 -0.0852439363609753 0.0182794146578606 0.169939220133428
-0.108161937601097 0.0370395012273472 -0.0746832384516769 0.0327780551831859
-0.084113546619072 0.0705185130451817 -0.190224939832037 0.191652893850128
-0.0521348587525693 0.110708293147825 -0.0725696081818455 0.433445241553195
-0.00882577080623014 0.129765102686022 0.1367561136732 0.486840911319025
-0.0015521428801588 0.106749412972688 0.227770381515941 0.43453936735426
-0.0153246932294428 0.106553204489888 0.157598586913026 0.437638020978177
-0.0613714955577265 0.106640920579046 -0.00781398219160952 0.405147220314277
-0.0947912257797028 0.0551290202053278 -0.177468642616556 0.265584039689054
-0.0893911686138618 0.00651561376889893 -0.180581116829332 0.0559014064309674
-0.0890290438410363 -0.0491029415167779 -0.12356230102393 -0.0300672379791886
-0.0286152143891715 -0.144391267006325 -0.0435063194788604 0.134587915120962
0.0423655432955138 -0.22213901643119 -0.251566925981167 0.449740747489033
0.086348013760665 0.0371730338181472 0.469732351016744 -0.307200528784219
0.117043097634834 -0.030183294433754 0.0963037708182678 -0.240643234772719
0.0121627624941776 -0.109066999165665 0.0629037351661152 0.0439878003683578
-0.117278836704029 -0.0511489087745255 0.163804403571548 0.0666381479756664
-0.085574039511145 0.0445243426833417 0.295001570041617 -0.105316255132211
-0.0239106511669789 0.0763550568901594 0.24623644167683 -0.35242805219267
0.0406219859264595 0.0802718187350755 0.0977429845548849 -0.46738345232788
0.0511767664070282 0.099108529523022 0.00160805778265975 -0.485986082527909
0.0384065952933521 0.112261178117247 0.049999529226376 -0.482017794555784
-0.0405652000856369 0.107784620947022 0.19234137250898 -0.377071711247667
-0.109485210024514 0.0477188791266362 0.24804712472441 -0.160756923802377
-0.137555095712285 -0.0622062140143187 0.103716680395671 -0.0622332225141621
0.0246245706293047 -0.147288414626014 0.111518337110708 -0.16888977737699
0.148649609863641 -0.0318404759300664 0.392482389673027 -0.350164526591443
0.108155599389764 0.0644837855328973 0.826410713293386 -0.210036270781056
0.286368226145195 -0.0691536198731667 0.435592187152279 -0.299541776642239
0.234986866381658 -0.197810579365596 0.0974713652124651 -0.22135138365513
-0.0262870190529846 -0.268208551844752 0.0759843289699301 0.0181268830162331
-0.279740813653934 -0.117062970053702 0.139514354235172 0.049363371398023
-0.25394386486831 0.0904067165888357 0.267736191316531 -0.0783663464876581
-0.141394274119365 0.208296740298563 0.229666512565052 -0.289754259739078
0.00536473849624361 0.260733432078338 0.105375703180912 -0.39016105742168
0.0447261033194259 0.280223284927031 0.0240220231237484 -0.408657316975836
0.0188651993167634 0.304386216493574 0.0468218211213255 -0.4014254674279
-0.166615961011395 0.288396648333276 0.159604576492703 -0.321376628597031
-0.320253812797677 0.121470229182171 0.197288549077271 -0.150319618698995
-0.388040176993225 -0.134926391807436 0.0681721161187194 -0.0891927091880876
-0.065618583276849 -0.407257982982177 0.0887061158204353 -0.216142607861412
0.313033001596779 -0.299596566942288 0.344959058362366 -0.345397250148998
0.392848574534941 -0.102495012413724 0.715547957002308 -0.197434174876126
0.463945081532715 -0.167279069500132 0.319527370538978 -0.269751877655243
0.341165828936987 -0.368447771973954 0.0616491060283303 -0.165148184972424
-0.067502371507555 -0.429201726829499 0.0908765996947277 0.00674427490203043
-0.434320677364977 -0.180239941693125 0.121074380899315 0.0214241171561732
-0.409074675487934 0.130173872853726 0.212013365021842 -0.0612816746730414
-0.250110181467971 0.32204208722624 0.175498960239068 -0.200432366545182
-0.035811927002356 0.409238159732303 0.0951185346536422 -0.257807869708237
0.0312988436193417 0.419833043971621 0.0451648174078477 -0.270698704724705
0.00378581721771619 0.446005929546351 0.0383997449046446 -0.259426944162351
-0.255753387301094 0.429314702369255 0.107214767514027 -0.210033463275018
-0.477740304307588 0.194532740926934 0.112908875948349 -0.104195076712927
-0.594756697464906 -0.157992093366516 0.00736241053844824 -0.0988647499824575
-0.178663586827646 -0.598263695806033 0.039450815684928 -0.241026879748047
0.401197462473022 -0.531273212884566 0.254697571618081 -0.298362008507237
0.599263683828985 -0.26466517290579 0.517526974177228 -0.139394590965001
0.592133257151462 -0.249548444865787 0.123560701399646 -0.213327672000203
0.411981171873889 -0.525808280817904 -0.0176972445656708 -0.0651155495614372
-0.121546327362829 -0.573588214342481 0.0941865167124087 0.0177753155331268
-0.564543473391818 -0.22381523610382 0.0946399076823341 -0.00787161779695741
-0.524917408340319 0.165603466622883 0.122930510434093 -0.0405018525041944
-0.329760041231108 0.400367866933861 0.0855949725231882 -0.0818470728945862
-0.0709917195831903 0.503682784957354 0.0652075316448455 -0.0836988536771341
0.0163428634276343 0.495600572746363 0.0582059510901557 -0.092501980175529
-0.00990712660665985 0.513979388263088 0.029156878969532 -0.0777704127588401
-0.299679223600375 0.499212448077023 0.0462073561852332 -0.0592935256515524
-0.554620435774815 0.242971915057391 0.010657145044547 -0.0267015742227148
-0.70666222851702 -0.145868187007614 -0.0652767234008371 -0.0831607634456097
-0.270667669503608 -0.678389366207649 -0.0215298946226828 -0.233297948780217
0.40955706407326 -0.665497799864673 0.145779472228133 -0.208252681303595
0.698348253666097 -0.380468054307481 0.268485403998739 -0.0400627086836522
0.638544643349331 -0.30359511868029 -0.132921450572064 -0.129094072019327
0.427317859987952 -0.622593273064891 -0.133585488377966 0.0747391173910458
-0.163877686628864 -0.644449837707159 0.0747450164613547 0.0474472301929213
-0.621367463848624 -0.232182155391168 0.0458860268628268 -0.0291704588531938
-0.563315485948109 0.181789177123923 0.00400474656054418 -0.00639137247467894
-0.355184108337625 0.42063672756506 -0.0256017745423189 0.0594701571454777
-0.0939985734379024 0.523642364027279 0.0229369196656391 0.110740904781717
-0.00315759546208771 0.497833544685735 0.0621367566199614 0.0990057318499051
-0.0264720716651353 0.50153710575365 0.0201027198531962 0.110914077672931
-0.302777091968448 0.484011119742317 -0.0148857428303098 0.101548555162658
-0.54063409146325 0.236445814207715 -0.0908427358115336 0.0641040510066186
-0.680601551031005 -0.119443508151334 -0.132069477946561 -0.0538444425681526
-0.290565781831755 -0.634564033463826 -0.0751108867599325 -0.19809689548666
0.361756541844199 -0.661684528497127 0.0438150535442958 -0.0938961699306446
0.676233991342154 -0.423631393895294 0.0150488669310289 0.0778337699538762
0.577892016744763 -0.312585366906813 -0.406310069785411 -0.0268250102156356
0.364272055823056 -0.603307015868984 -0.260102655152488 0.225880404874602
-0.175754657540185 -0.587476056079009 0.03380929952313 0.0853936890353734
-0.550377153947293 -0.194707254856863 -0.0153603937241244 -0.0361014048114825
-0.491129478778728 0.160373284588867 -0.120615088976454 0.0358820836327215
-0.316190940671754 0.370491946557909 -0.13479872827276 0.201264804043055
-0.0961672030342108 0.460600124951221 -0.0219767446343169 0.293556749638793
-0.0195381058791235 0.422311162395753 0.0571175321528144 0.276649144271691
-0.0424937963378881 0.413627301700424 0.00499751641124987 0.278255135941555
-0.265182632887105 0.386136612740786 -0.0744002752298547 0.239016583913196
-0.442080135144893 0.175912671245675 -0.176527014869567 0.135653001752324
-0.52574471259659 -0.0970935343008705 -0.17685883226302 -0.0294894848487928
-0.232309100453697 -0.488241885326978 -0.107178064965974 -0.154265192869516
0.278634580870209 -0.534384884750926 -0.0322832117662397 0.0084271303736396
0.554774334622839 -0.386385862378713 -0.201331963833935 0.185952764727037
0.415959901531709 -0.266515323431325 -0.644015479299846 0.0769698009323626
0.233639254809119 -0.457049065425526 -0.365550831666797 0.353701145643702
-0.148608539798158 -0.403244835441098 -0.0171936421638297 0.12638296171108
-0.363213018051571 -0.113001589874542 -0.0657735986965011 -0.0261647744640659
-0.322793333686368 0.105491509523034 -0.214506189497071 0.0730550591682856
-0.219043263596693 0.247802499372554 -0.215115858085066 0.311549148204343
-0.0820045100226281 0.318450410408972 -0.0587601876399199 0.431705643992601
-0.035165050745014 0.282993351514346 0.0463251496130655 0.413767276301075
-0.0551984589762878 0.268946331076271 -0.0142608042974589 0.400946683249718
-0.195304395531276 0.237678726398946 -0.129531232349029 0.329331914209048
-0.286386138168705 0.0889100565351749 -0.239886060885522 0.168920427130936
-0.30465578350284 -0.0716264448879442 -0.193890330663217 -0.0229772903651994
-0.139377434332644 -0.286974694990356 -0.113495681938597 -0.116274349720443
0.166611445273433 -0.340346095585838 -0.0764702415801087 0.0754291122908607
0.36181644649671 -0.29984689277145 -0.353835468074874 0.262528053732686
0.17517725709181 -0.17054863765163 -0.800933037546505 0.165351428680392
0.0590672425351589 -0.224118991146198 -0.42287982929312 0.441101017786244
-0.0969942882594737 -0.142444309124492 -0.0563910668608049 0.169727431078691
-0.111085221233588 -0.012264712284215 -0.0815717432830664 0.000615324798302579
-0.102393261716997 0.0293243103668633 -0.25449176555845 0.0951658608048364
-0.090105620767832 0.0805650468467716 -0.25012284173957 0.365493300513886
-0.0591960137049038 0.119786705985098 -0.0800055825316337 0.502149766964649
-0.0469044945264799 0.0991592320239923 0.0285972985767404 0.48677795549717
-0.0570774462296215 0.0910943449804945 -0.0367676576600821 0.461970456691441
-0.0978813070939504 0.0736487735149447 -0.175320470071555 0.364632833601442
-0.10839560475648 0.0130796327443104 -0.27705066197168 0.166221101194871
-0.0834440986341382 -0.0282428662881379 -0.190032823847576 -0.0296379876358963
-0.0625844401274724 -0.0806698475770987 -0.102563875301674 -0.082787369639848
0.0329333574353166 -0.142367285680337 -0.0966622669363561 0.106290420585162
0.132780036092229 -0.183615470340167 -0.429996750168843 0.29530940552016
0.0877946017782009 0.0323276410750119 0.441806706607024 -0.331494526278154
0.115212131846071 -0.0383781488452613 0.0790850262287782 -0.242425057343852
0.00565553121253535 -0.108658623751219 0.0670827395546206 0.0363781752220831
-0.120242673930776 -0.0413383239510312 0.16558389048747 0.0518403806067616
-0.0822283213831089 0.049860985770953 0.281510491141808 -0.123387207455647
-0.0196328638021694 0.0765342698554302 0.215497757030177 -0.36549467377986
0.0443945818634691 0.0764766052464831 0.0604262595300604 -0.465321219039201
0.0585866068133168 0.093250626343843 -0.0333909559747231 -0.476102171758401
0.0474720719628595 0.107351289862915 0.0150733772214745 -0.476616484893056
-0.0319151193184508 0.109934890077151 0.161804664448738 -0.38506363014627
-0.107141339232681 0.0551211291044623 0.23478907455774 -0.175713558486496
-0.139700453066161 -0.0520360077863245 0.0980429888041467 -0.0662446060608503
0.0151755636406764 -0.147925444752714 0.100092286943581 -0.173563514850241
0.145532389352892 -0.0398646906718031 0.363157379004614 -0.373483821074143
0.110254972318021 0.0584303605987605 0.794080468340895 -0.255250600405138
0.276819699815366 -0.0825262116643304 0.408184019888433 -0.322328224058168
0.219526415531014 -0.210373047596632 0.0810330279429749 -0.22358808512158
-0.0401848865015022 -0.261038001033942 0.0791254556365402 0.00886255769406849
-0.282628056497327 -0.0940115238323763 0.140171112604205 0.0357146633229962
-0.243917938624015 0.106258301959013 0.255921444258728 -0.0985717663474757
-0.124915415206999 0.215625924104982 0.203468684180089 -0.302023986651739
0.0233410943531085 0.257039453026086 0.0749466205760633 -0.390137588037959
0.0645350698197393 0.271941814430635 -0.00554116544297527 -0.402768660012733
0.0415003211624672 0.29631945822764 0.0166563757998491 -0.395664956068417
-0.143102795669328 0.296563755123614 0.134070656018309 -0.32869600272311
-0.309528010118 0.14242140602818 0.185425563524153 -0.161581570791248
-0.390882700830235 -0.105948870902712 0.060671359063975 -0.0925127762350654
-0.0904857888325444 -0.398519255345045 0.073580430603677 -0.217492539774153
0.290211758100691 -0.314584063373689 0.3163993482096 -0.364546614358683
0.379849580220972 -0.122886647685731 0.68840143056 -0.236666876877862
0.445498027804433 -0.187831830267945 0.295131237757572 -0.28744573380625
0.312042370143136 -0.384994885258144 0.0494321486806188 -0.166465726758303
-0.090820999725713 -0.414400390713289 0.092927940517615 -0.00333491681600219
-0.438028709799411 -0.145643550720394 0.120710185962923 0.00908965029160676
-0.393448619199241 0.156479459490413 0.201667896697001 -0.0799543889787796
-0.22370637453549 0.335173669141117 0.156247403020577 -0.210792906319178
-0.00482333438909419 0.404940318988041 0.0741509016488048 -0.259796305755788
0.0613103933112428 0.40936373231801 0.0235872012283106 -0.269409214303896
0.0349417249910717 0.437273767013708 0.0198306632498798 -0.255432069187841
-0.220091356318084 0.441707226693819 0.0904601388825307 -0.215847206068979
-0.459171199840409 0.225455436960821 0.104818866655471 -0.110645750656472
-0.594301201465404 -0.1157127111386 0.000213244484829586 -0.0986791638729351
-0.213971734131581 -0.577385830630409 0.0223688884773978 -0.237636721994598
0.362877671204879 -0.548894744811813 0.230416759737025 -0.312452561837148
0.575147238770234 -0.293151819212023 0.500154360425725 -0.168100029844192
0.564461489189184 -0.275255941950813 0.106053937280764 -0.221083162955544
0.371401424135206 -0.545104956548787 -0.0218391345863569 -0.0634872274316335
-0.150045439603847 -0.55189197352633 0.0966518358425921 0.00708239531499329
-0.568144114415167 -0.179202282544004 0.0923735323016402 -0.0176735175023035
-0.50539474552773 0.200536160496209 0.11486110570675 -0.0555486031856949
-0.295463083713843 0.417654077840331 0.0757392831789855 -0.0876184631043855
-0.0321529009653996 0.499933200994618 0.0578497777529391 -0.0866030521053864
0.050913952751327 0.485807270787166 0.0491172195107966 -0.0960702444993091
0.0262268958214984 0.504963333486149 0.023970586368669 -0.076868425624791
-0.259807798153313 0.514190600839452 0.040587227606174 -0.0631196724740639
-0.531554668384836 0.279013037539622 0.00856397710490377 -0.0271747129185829
-0.702088326101776 -0.0931291991774382 -0.0706946635741934 -0.0799185759105611
-0.311183757669791 -0.649247190904097 -0.0383606589811552 -0.225729365648018
0.361560510264968 -0.680257804242618 0.129217773349893 -0.216660871684237
0.660837580110196 -0.412666143254327 0.264926108769722 -0.0557086493296971
0.605778388333849 -0.332330591237873 -0.140428964557925 -0.124086870503507
0.38004982995543 -0.641461205782548 -0.127699678177008 0.0809070763580061
-0.197827363503281 -0.617443563694649 0.0786827543767572 0.0383802595209754
-0.620889276921933 -0.183995248657998 0.0433071685406036 -0.0352123900343922
-0.540336957423503 0.217048190767043 -0.000560670251957217 -0.0157945352298274
-0.317632121234991 0.439769637126244 -0.0234855091665312 0.0590772653280798
-0.0518974249262684 0.521252851063623 0.0306031443313844 0.10718923939372
0.0336919625861604 0.488857297515968 0.0665089408796899 0.0910922072360955
0.00856887943261308 0.492993022015655 0.0272575835759633 0.108705091740239
-0.262071713068824 0.497437937314884 -0.00908153984306327 0.0998481960226757
-0.517597086106977 0.271790301963005 -0.0854841466252639 0.0696503170364969
-0.673202965190439 -0.0695981440877974 -0.134915041098133 -0.0462002232159085
-0.326217379188795 -0.60384533961318 -0.0902075364752147 -0.187027962991828
0.316059313137777 -0.675175807711094 0.0353494465469531 -0.096960814356116
0.636322558567152 -0.455539668824132 0.0246319254984242 0.0757264706625132
0.547917236452218 -0.338749796960332 -0.403079717520276 -0.00765266308770326
0.320588665529122 -0.617299092256551 -0.241618203958733 0.237236289644048
-0.20707866208409 -0.563003913050953 0.0402042578963465 0.0804055742948308
-0.552097410484619 -0.153932115862201 -0.0173016926213039 -0.0375623329418196
-0.472265140587652 0.193255771396283 -0.119558824702579 0.0351399250332951
-0.28252304522716 0.386233321907967 -0.120205738846838 0.206885951199098
-0.0590878947523009 0.459132081804109 1.84345152460682E-05 0.290370770940876
0.0105147515748782 0.415767511471497 0.0740698067818669 0.265728234105463
-0.0139641671362083 0.407686535003975 0.0249017180338348 0.273536297263889
-0.232996993223473 0.397668900898522 -0.0569142601123585 0.240247606716837
-0.423305003632048 0.204717118820223 -0.165465906781405 0.146121365109455
-0.521130071332321 -0.0576935196807181 -0.177031898616897 -0.0190624528320593
-0.260000187300922 -0.462420315011525 -0.119817465783081 -0.142028161164346
0.23952444807375 -0.543710734939073 -0.031821410922872 0.0100633801266312
0.518959711764976 -0.413915159974753 -0.179836355056319 0.195192310674961
0.390199918711937 -0.284600166656654 -0.631274934878639 0.110944617100062
0.199980237846199 -0.467112309574267 -0.337419061314683 0.369485032731005
-0.170964107397116 -0.383734129749045 -0.00794922858567944 0.12560410614702
-0.363008213575612 -0.0870118934186532 -0.0660800553059623 -0.0227713947379985
-0.309673992457165 0.126259416529549 -0.208911503538079 0.0799038050349411
-0.195564747916036 0.259627134827759 -0.190568399830736 0.321255603437768
-0.055575522652691 0.317502793759241 -0.0262621904923331 0.429040886982868
-0.0154733464953247 0.280036793001952 0.073066829698376 0.400179857602356
-0.0372712171955863 0.26666078693362 0.014370483031336 0.3948595150462
-0.175185993900586 0.246429425583016 -0.104377337426597 0.333303975882149
-0.274977066799659 0.107845988068436 -0.22446443164509 0.183790978937883
-0.300677076742025 -0.0475613266316299 -0.19404080563518 -0.0115921954562109
-0.155697575487454 -0.269518856435186 -0.123503745569099 -0.104559853667333
0.14156517585681 -0.345256038113402 -0.0704766735470862 0.0799847753701389
0.335440507033051 -0.314235500069961 -0.323503667382102 0.278874479484933
0.160481329459963 -0.178739661840292 -0.778019299214281 0.208576899252154
0.0434101452827637 -0.225020800583574 -0.386936267216152 0.461482657765254
-0.105029847801505 -0.131804042706625 -0.0444029454071978 0.171733419175966
-0.108429988583553 -0.00570987847511607 -0.0795563599195767 0.00481048228097705
-0.0980214958859892 0.0357513708698448 -0.245283706363769 0.106734598363523
-0.0810455217982949 0.0855339490401465 -0.220953477953398 0.377264243282484
-0.0481739888305543 0.12068795705614 -0.0417500295088935 0.498231546022588
-0.0398526777557976 0.100615473742831 0.0625087193982652 0.47445358255067
-0.0513347617408518 0.0929362977716716 -0.00400637905023416 0.456169587513353
-0.0908783251845292 0.078068935798739 -0.146215204687583 0.371924113315784
-0.102913452168511 0.0201281501545079 -0.261426903317416 0.184115896415839
-0.080655935488219 -0.0201934538248273 -0.190100409337261 -0.0167335032415647
-0.0671354203936435 -0.0713610389103024 -0.110354338051183 -0.0730074794185008
0.0215778047316975 -0.14289308444758 -0.0878903057234705 0.111606299435884
0.117827437419404 -0.189213994315063 -0.397359253637976 0.317173167039131
0.0868573913993371 0.0284884541789764 0.413637948346012 -0.342840650409203
0.111302147045296 -0.0437318487287021 0.06485639759762 -0.239253889589215
0.000732275783090011 -0.107287362553294 0.0694196537776911 0.0291230124655214
-0.119909528347747 -0.0329144390999835 0.162833615846615 0.0397800812581268
-0.0790910336101754 0.0525672824505364 0.266790801079843 -0.134904226962238
-0.0166924667127905 0.0762764635458603 0.187746966793397 -0.367283476520845
0.0470627275001663 0.0733103926963101 0.0328676314481294 -0.45595464598888
0.0622167647103293 0.0869634163430397 -0.057111994909266 -0.45938118997142
0.0532199923469732 0.101053326937749 -0.0101860086402106 -0.461251618630349
-0.0254284284501979 0.109764461874455 0.13740178597458 -0.384991622382999
-0.10336174500607 0.0607034839275739 0.221671821053675 -0.183699600221161
-0.139148097183899 -0.0443333323056147 0.0922940507400475 -0.0677140520815965
0.00812288197716546 -0.146515971134716 0.0913300463521742 -0.174766060104754
0.141213059133169 -0.0447467242145922 0.333786341851751 -0.382805299571786
0.110038942312164 0.0532142398766944 0.757129109548013 -0.282445974418319
0.265224881754018 -0.0893766008809749 0.380638057061914 -0.332887574252836
0.204352949794686 -0.215328621279603 0.0677875519808741 -0.220785001762052
-0.0490706651875477 -0.25164352219061 0.0799493520449194 0.000679778399993456
-0.279175535833932 -0.0755112318985555 0.137438218684825 0.0245588917281266
-0.232757318714421 0.116896104785158 0.241483397133356 -0.111195938594362
-0.111136628256152 0.217351505205296 0.179457761877024 -0.305511675904435
0.0371650578125269 0.248720119453589 0.0512810037990468 -0.383452691813591
0.0772956654229856 0.260573853897492 -0.02691530634229 -0.39041295309031
0.0568695465374311 0.285854923716575 -0.00368012032787526 -0.384012666094768
-0.12352083771643 0.298096617517868 0.113367790422179 -0.328954268732994
-0.296780924580577 0.156343444292785 0.173742978272279 -0.167910051777867
-0.385193529404161 -0.0835229171285934 0.0541047325382598 -0.0925567053843949
-0.106606092059824 -0.38516773106895 0.0631445529190409 -0.215034407407255
0.269493577946007 -0.321101759123063 0.289000617888838 -0.372393981053842
0.364394384242757 -0.133576943704136 0.658816801650977 -0.260508283254349
0.42382306156065 -0.196173576204535 0.272243797702986 -0.295490540709904
0.286211992374719 -0.388502613835508 0.0394161864423112 -0.164949441843662
-0.103753157702398 -0.396732181446418 0.0928751902355166 -0.0121676266032347
-0.431382288190396 -0.116940091035113 0.117116488085619 -0.000379355224807971
-0.375589736481825 0.17362245973783 0.188608293507203 -0.0929254916891141
-0.199251634408073 0.338926574356549 0.137950214848115 -0.213763025922463
0.0185712389415768 0.394651381547868 0.0577364432571221 -0.255561907265238
0.0819435052313265 0.394250750876274 0.00848060259636952 -0.263338239321915
0.0577571159933525 0.422912250408955 0.00654990454421901 -0.24779059236605
-0.190957611184831 0.442378752438469 0.075630274066383 -0.216254820079364
-0.438604676829961 0.245304978048357 0.0967680360962124 -0.114195823334876
-0.583383708971866 -0.0805218492568778 -0.00590214212121388 -0.0971378747149289
-0.235695331974161 -0.552838579373859 0.0106306382003085 -0.231701748966607
0.329297909809639 -0.552116936089695 0.208275310412875 -0.317636752921192
0.54597196696742 -0.307811515043706 0.480005153125146 -0.18561491226056
0.53752407928667 -0.28658561639066 0.0907754422062167 -0.223978933655359
0.337028590810053 -0.547534435037624 -0.02571130252483 -0.0612679270094635
-0.168273800663447 -0.527451637269987 0.0966120552207747 -0.0013773043964787
-0.559154634896245 -0.143810839446931 0.0885028907165167 -0.0255381134553946
-0.480750442124382 0.222220910207585 0.104145811782137 -0.0668453329665219
-0.264861061608671 0.422983095404712 0.0658021582348214 -0.089730030259573
-0.00252499094903821 0.487751561431695 0.0515637180329877 -0.0866648038369187
0.0748818564576038 0.468445883136191 0.041542159241194 -0.0963337054047772
0.0527258559095089 0.4891452314866 0.0201191702050065 -0.0749408145573177
-0.225513174996971 0.515007670890736 0.0350214289418375 -0.0649935191232916
-0.506675438185536 0.300504967290301 0.00734395283061463 -0.0271012517378705
-0.685974422177991 -0.0532685228351277 -0.0747200966677609 -0.075463891670587
-0.3325987885059 -0.617167135031865 -0.0498366245959728 -0.216388169144767
0.323372145734805 -0.681419739764386 0.113864674000404 -0.219413212602129
0.627689752197175 -0.427289299647646 0.258595747331795 -0.0667506372172085
0.574756432527534 -0.34413160056292 -0.144874448433098 -0.119155704980291
0.339150367212271 -0.642585836674387 -0.122001780839604 0.0839176685388551
-0.217312597941193 -0.590585322065988 0.0803857511918769 0.031266510281058
-0.612554119298003 -0.148910448840977 0.0406663650989377 -0.0393640624977944
-0.513918434961098 0.240048597265401 -0.00613930369274246 -0.0229604586510709
-0.284398307046272 0.446467514108041 -0.0230231251801088 0.0586769214561779
-0.0196463876691845 0.510106368442255 0.0358528786885923 0.102917738544314
0.0571489631821674 0.471949295225044 0.068021831367385 0.0839187893904875
0.0335603364545739 0.478591761405209 0.0331920702113958 0.105852327445471
-0.230505539777126 0.498233221825781 -0.00450583258791856 0.096867306620231
-0.492169550327413 0.29203997656242 -0.0801472089211773 0.0724813122629972
-0.657297799681715 -0.0318682691895833 -0.13560127213446 -0.0401790960388793
-0.34587146001472 -0.572036740108877 -0.0997323125517184 -0.174934763317247
0.278280411875339 -0.67385166610279 0.0285312250097775 -0.0973095241951676
0.600911170405523 -0.467571160522576 0.0323543576116807 0.0717323148042295
0.518679885894012 -0.347797878280077 -0.39446202739968 0.00630558344687365
0.283283766217473 -0.617845778071706 -0.226510362746539 0.242421303869625
-0.224177168142311 -0.535849305377308 0.0440140121500002 0.0752999237371008
-0.5431058506731 -0.120126679038657 -0.0188750489906131 -0.0380524726746805
-0.450063095771431 0.212611520856066 -0.119938733799099 0.0327124488286128
-0.252919713465247 0.391552645407716 -0.108016967264881 0.207495093735374
-0.0299130322828955 0.44807978170228 0.0161801452755258 0.282508669746167
0.0319738627513408 0.403668784844742 0.0848987842631656 0.252557759373126
0.00573572080799783 0.397071859670145 0.0386872957115913 0.266163057824867
-0.206503421157819 0.399546567917409 -0.0432767354782301 0.236170581335362
-0.402576690857608 0.222026367363289 -0.154123730525275 0.151827835711353
-0.505966576303282 -0.0270895756671685 -0.175462152011099 -0.0116615495881696
-0.273960354357498 -0.435822435040058 -0.127143242112828 -0.128872195927001
0.209162030343502 -0.5411759330628 -0.0317676138286326 0.010573807190941
0.484883079156432 -0.422803145237678 -0.160103945055382 0.196882622456401
0.366568195404947 -0.292521571815951 -0.611610243513749 0.130125365244629
0.172406971526378 -0.465373739105446 -0.311488775498135 0.375070566828052
-0.182403333850184 -0.363745961790278 -0.00123043915186299 0.122893451451462
-0.356051028076999 -0.0667096285924686 -0.0648684950404278 -0.0207876793446084
-0.294216891868148 0.139213585705027 -0.203935751029589 0.0820566890687687
-0.175046234771342 0.263378162758686 -0.169999689068959 0.323363043088923
-0.0355143627250155 0.310140391891256 -0.00135557095993378 0.417770594427171
-6.35114292944928E-05 0.273079053531556 0.0906240904169475 0.383889281068437
-0.0238824608942261 0.260946678226012 0.0340775794455325 0.383468486402241
-0.157946410672121 0.247966687250946 -0.0844430115877215 0.330105675632722
-0.260781507478412 0.119751485386406 -0.210585853788796 0.19224386218355
-0.2905762032442 -0.0295003846726287 -0.191166194667513 -0.00279149060442693
-0.163941239131368 -0.251454363464551 -0.129090625004591 -0.093057853601098
0.120663981051453 -0.343184135685765 -0.0653574173173128 0.0808330663104986
0.310139756723722 -0.319460393986517 -0.295010969627392 0.28518484585925
0.147397388048839 -0.180347538163412 -0.748564714383016 0.233329469993913
0.0314220883873099 -0.222076992716784 -0.358115288159354 0.466090031267128
-0.107864074642447 -0.121785182608054 -0.0350672263189379 0.171513270848936
-0.105062085923403 -0.00115933632826778 -0.0766871653328283 0.00767712872895112
-0.0926988524281289 0.0397612230071726 -0.236049158351422 0.112455739133504
-0.0729213637242416 0.087430368287683 -0.194662995728344 0.378869299812179
-0.0395877479002095 0.118937908097693 -0.0133451300936309 0.486571480238435
-0.033869269342931 0.100208983746622 0.0842061334288262 0.454863870817965
-0.0470273779078356 0.0928470125140165 0.0202800066440153 0.443211944875957
-0.0849117060300484 0.0794369560716586 -0.122667784219684 0.369715607286687
-0.0977338845106533 0.0240163979017448 -0.246363276534259 0.194198950386882
-0.0762068933518184 -0.0141375135471694 -0.187164440886535 -0.00695721322245318
-0.068637637853641 -0.0629350563926176 -0.114989392498035 -0.0635085953121393
0.0126902350618398 -0.140083301279258 -0.0801794348661762 0.113474803864416
0.104905932058876 -0.18942436013589 -0.363774060843977 0.325302030136315
0.0857907634573204 0.0267521669637962 0.392087743961051 -0.348286582943818
0.108417394716792 -0.0473800131844863 0.0540936733555584 -0.235040240725301
-0.00281987381099786 -0.106213904598442 0.071177080912047 0.0226698211768472
-0.119384424771658 -0.026573980171871 0.16025466516064 0.0309302073212932
-0.0767568232495 0.0552542619058689 0.254872038089658 -0.141961141800335
-0.0145399768878149 0.0762444673230965 0.167503431793229 -0.367184706711606
0.048857184595101 0.0705078894256651 0.0134596705273426 -0.446469338153626
0.0648676973013643 0.0826350611955408 -0.0734850908002642 -0.445492742932282
0.0570062966735087 0.0961408941104788 -0.0275626208187173 -0.449914678561604
-0.0200916428323819 0.110173582801107 0.119700400537826 -0.383088977907872
-0.100923786317532 0.0642051855258712 0.211217923518809 -0.188598476484903
-0.139078625370658 -0.0388093661074219 0.0884187146415436 -0.0681281876205408
0.00253444277425908 -0.145703299368278 0.08550879610912 -0.175895778168552
0.138174655184494 -0.0483105964911361 0.311280906276447 -0.386139919380762
0.109204315206173 0.049950490111943 0.728020044921063 -0.296952749756494
0.257396527673576 -0.0915512750726969 0.360004767780565 -0.340822436454445
0.194206616881127 -0.217677080770833 0.0570037750229712 -0.218293969498709
-0.0538453523866526 -0.244655282936214 0.0802321489495164 -0.00645979732395405
-0.274355179822055 -0.0619489609201009 0.133669289759084 0.0161587012216761
-0.223741327031766 0.124017026118689 0.229090133989708 -0.12003800341705
-0.101040261733211 0.218135445387493 0.160841050370266 -0.305239242281195
0.0466198630709557 0.242387007817949 0.0342545489435297 -0.376467797999986
0.0856037033395871 0.251211902004125 -0.0418062288917963 -0.378441558425168
0.0675727185595798 0.276754539774186 -0.0175654526093178 -0.374464827314705
-0.10813435234953 0.298046940794329 0.0972491675788889 -0.327122311269898
-0.287037348345179 0.165947108476872 0.164440709076236 -0.172371031780851
-0.380439263914925 -0.067425041907307 0.0487614267646329 -0.0920714054251008
-0.117389956297311 -0.375147251553637 0.0550973485898474 -0.214009323484194
0.255723712588538 -0.323210577609019 0.268898222858564 -0.376997022249792
0.351863119200045 -0.140296518697754 0.6340710016833 -0.273313943524995
0.409261376084757 -0.200037526571414 0.253089395450012 -0.300368919215948
0.268320105938769 -0.389689302464807 0.0319558530739068 -0.162619986575316
-0.110386577108899 -0.384715641026556 0.0923184683094811 -0.0197277617328791
-0.421632449871098 -0.0972131093713945 0.113535081447868 -0.00785892134562424
-0.360346897569403 0.184525883350656 0.176508426367139 -0.102154525467409
-0.181669421083637 0.340555866890937 0.123373883689166 -0.214312436106888
0.0341962409546095 0.385037079734811 0.0461691715478028 -0.252318978449605
0.0954111970480858 0.381315152503885 -0.00276165718196085 -0.256520206560088
0.0732015535105814 0.409756686668128 -0.00236116556443907 -0.240765844786415
-0.169094631965941 0.442200606629028 0.0643036937019617 -0.216289369812201
-0.422839383628344 0.258571207105837 0.0908428865864897 -0.116756778249115
-0.574321322537401 -0.0579119756915388 -0.0105536846873419 -0.0951797611861014
-0.249694610427869 -0.534270758679612 0.00254207868976848 -0.227499730162323
0.30800300920619 -0.552150205300218 0.191491281788942 -0.320639132000302
0.523506995378239 -0.315298856522769 0.464964751086496 -0.1959486931226
0.517050583900463 -0.292023427187146 0.078218244686793 -0.225776932140136
0.310963226323444 -0.547361360838877 -0.029211887631705 -0.0595342127928978
-0.176606020883641 -0.507631541408043 0.0964224289339854 -0.00851110637612742
-0.548247117042912 -0.119819824917114 0.0848169426753528 -0.0312572107940201
-0.460894373283752 0.234929616823491 0.0941683926301534 -0.0751519221086005
-0.241481586971727 0.425177880735567 0.0578556920694694 -0.0896800656179814
0.0187948806707731 0.476613804847227 0.0474689365077039 -0.086540627576286
0.0930167054472768 0.454115915095966 0.0357931956685463 -0.0963064156696493
0.0699213836367387 0.475515018075215 0.018042430222743 -0.0725342989403759
-0.20098928105074 0.514320183452076 0.0298813245726145 -0.0664545764326755
-0.487274106831925 0.315552927229804 0.00547160757724065 -0.0274947226974986
-0.672976319149685 -0.0270587338904675 -0.0781307282009714 -0.0727798298889374
-0.345626382814593 -0.593995834364513 -0.0573174471991659 -0.20828922023882
0.29518537553793 -0.678902665023373 0.102027408721895 -0.220048900341934
0.59969108202197 -0.433863079270733 0.253933999269472 -0.0741977045299306
0.552799334444845 -0.349636700537741 -0.149123645213292 -0.116896079316604
0.31212133127812 -0.64169749210121 -0.118646711632792 0.0863289212526761
-0.226881858061696 -0.567905225760837 0.0815583676964711 0.0247210138910261
-0.601944919742319 -0.121815126653922 0.0381894954457088 -0.0433312151373553
-0.493775305368077 0.255287183596319 -0.013198953538812 -0.0294297510713263
-0.260521797681668 0.449424263930401 -0.022750587646544 0.0589855007030767
0.0020844911416792 0.497088233837213 0.0398957756422306 0.099432847738078
0.0742697757619006 0.458482217677544 0.0685216576188485 0.07849161703644
0.0512338413505699 0.466143445125735 0.0370122549986731 0.103882122764638
-0.205059285959421 0.497974621418484 -0.00224288770200325 0.0943655174881939
-0.473102218481547 0.306742354825355 -0.0766786841386098 0.0742222173303491
-0.640518759678438 -0.00592121053978648 -0.137119321708401 -0.0355545983627728
-0.357125720208315 -0.546805426963201 -0.10609006406512 -0.16513427492149
0.250840429296603 -0.669855565407512 0.0230595819539847 -0.0972801077306161
0.57288494944008 -0.474615826996198 0.0385606047138189 0.0670495691349099
0.496513620749588 -0.35318321056901 -0.389166556084598 0.0137735700437531
0.257178420111546 -0.614534040257052 -0.215628005115678 0.244433260854791
-0.233084771136477 -0.516725802835811 0.0472035879135887 0.0712612199235863
-0.533675902597182 -0.0983871708994548 -0.019441437233731 -0.0397143735556687
-0.430403434274493 0.226632788335386 -0.121963421912248 0.0295729579035075
-0.229783458743728 0.394405654613066 -0.100532232688671 0.208107753469965
-0.00922897998235769 0.437505737779973 0.0276296915293853 0.276043645364556
0.0474112778664047 0.39253449398389 0.0912461694326922 0.242107552747977
0.0204207989256864 0.387847234800454 0.0489674732949972 0.260012415535329
-0.187441995860782 0.399376019708475 -0.0342715183044387 0.233358012757649
-0.385168880134962 0.233354914615231 -0.145853801608092 0.156104030063937
-0.491880961488809 -0.00850545931753816 -0.175733027007979 -0.00647229586752146
-0.282151618878944 -0.413328477713479 -0.13230420063191 -0.118474646416868
0.186539440090163 -0.538971008546494 -0.0314761604711014 0.010700603485105
0.459647115890584 -0.427203499356293 -0.144342163013945 0.19563948848559
0.349434894070322 -0.294654728640792 -0.595486381333864 0.142533664864713
0.152984096175021 -0.462208011810297 -0.294276069852023 0.378087500377489
-0.187605785686866 -0.348937076198246 0.00397245532735118 0.121308202394161
-0.349548507439373 -0.0526716478796286 -0.0630116123220432 -0.0203431856681766
-0.282122148963677 0.148056699606585 -0.200989299039025 0.0829774905346127
-0.159185123591777 0.26488199560779 -0.154771334646403 0.32425174389322
-0.0205618847562238 0.302557750922128 0.0165895099535581 0.409617424066335
0.00979885939218443 0.265916761463103 0.101804246963845 0.370225945317489
-0.0150581171745191 0.255958876415951 0.0485528790901774 0.374828120801
-0.14545043758405 0.248427410644635 -0.0702127298443904 0.327026344939637
-0.249884892762985 0.127340747374329 -0.199089280095649 0.19674288079979
-0.281363373279978 -0.0170499821095774 -0.18988190829872 0.0036149333378856
-0.168029030774128 -0.236989684969115 -0.133555369485548 -0.0829613093802345
0.106081854244144 -0.340743768337939 -0.0611079233896563 0.0809326263604795
0.291886817212594 -0.321668207131601 -0.273267410515611 0.285749589504909
0.138048816215634 -0.180430577844504 -0.725872407923244 0.248148997772598
0.0233725810267271 -0.218811665763883 -0.335747686434363 0.468795802678007
-0.108128523952749 -0.113794549506668 -0.0281447200220727 0.170697596694144
-0.101754639150402 0.00175585009787613 -0.0735513073777225 0.00846597274895434
-0.0883378118696071 0.0425497128907254 -0.22986792444204 0.115808344891587
-0.0664787279874776 0.087869296437439 -0.176579691973283 0.379201711331825
-0.0333560733546828 0.116275280038376 0.00712201466519823 0.475611800978436
-0.0298537046517893 0.0994014042657867 0.0985111436240081 0.439914422373379
-0.0431256604768386 0.0930676733380503 0.0363656535712717 0.432024848886531
-0.080432774294129 0.0804607285946446 -0.105286319013227 0.368585918224131
-0.0921125658678273 0.0267480291689702 -0.233779651912035 0.201213665464536
-0.0717982625557241 -0.0101682581853271 -0.184362240611197 -0.00046007068114439
-0.0687414248211659 -0.0554721969900559 -0.118381076340528 -0.0554959955680211
0.00663584319645022 -0.137947369412433 -0.0741950151851531 0.113637462419812
0.0957619792183974 -0.188329850411927 -0.340779809423774 0.328711150960062
0.0852361626125634 0.0250210691649371 0.372842095786034 -0.355985978580127
0.106676821656261 -0.0509207516896182 0.0454727234807963 -0.232825210435725
-0.00654556641495986 -0.105706480039429 0.0724962998519552 0.0158757784478893
-0.119377766134067 -0.0213188002815878 0.156876558566726 0.0229301101430295
-0.0747589579241808 0.0585054428109285 0.245316731897422 -0.149142560619766
-0.0126960733512851 0.0770587696452571 0.149616856660587 -0.367260769829395
0.050366004567627 0.0685878459555054 -0.00554319889350691 -0.440906289296698
0.0672218225499417 0.0789596246910926 -0.086872585976589 -0.43393283936787
0.060053326731009 0.0920861763984546 -0.0416701686173816 -0.441779015228104
-0.0157098753340196 0.110445143267666 0.103141212723704 -0.383146127208377
-0.0988470716101761 0.0686887843761605 0.203602381639522 -0.194030278147752
-0.13989078663123 -0.0338807914072949 0.0856265502891533 -0.0685744045413817
-0.00243380633467 -0.144911910301871 0.0800642823454186 -0.177712043654521
0.136399663036106 -0.0513203008570767 0.292054231469681 -0.392858461021273
0.108985670954973 0.0473284922683545 0.705266926411983 -0.311377047474386
0.251567512493348 -0.094204535548645 0.341652336823409 -0.345741462843249
0.184940938311222 -0.221427680958096 0.047576610861634 -0.216067724287933
-0.0591798438118685 -0.239527292851592 0.080251237703193 -0.0136649595458107
-0.271249873727296 -0.0499388747498225 0.130868185700228 0.00889720827299056
-0.216725671980909 0.131402430641932 0.21914798349935 -0.128288134243497
-0.0923837585117995 0.2206070788787 0.145294082795498 -0.307352764787378
0.0554152489169631 0.237097718492128 0.0196564919989071 -0.372587246562575
0.0935825328578479 0.243701421614899 -0.0531633971761899 -0.371463611782134
0.0771678473445212 0.269467754745993 -0.0293608144055307 -0.366945401890778
-0.0959306935533778 0.299237291976289 0.0829425854648824 -0.327906572620343
-0.279694814689854 0.176002299982395 0.156992981741802 -0.176345077081654
-0.37900516277347 -0.0529910283710803 0.0448039301373009 -0.0920949296011871
-0.127645560753366 -0.366695192585477 0.0490527557011586 -0.213329596476479
0.243959150929877 -0.32778114050255 0.2502325854998 -0.379318718346824
0.342457639799517 -0.146474561089854 0.616380590365123 -0.286115167134624
0.398826119379867 -0.203363612054083 0.237768875999061 -0.30549787231433
0.253107895491763 -0.39238537916479 0.023921115997277 -0.160189268286241
-0.117371888592785 -0.374479484134365 0.092410050320605 -0.0273777563184145
-0.415059891002803 -0.0788536871235983 0.110001348678904 -0.0148203523160541
-0.348153848531107 0.195604207514536 0.166242153916489 -0.110805253143621
-0.167570499507879 0.342388246658333 0.111291632581106 -0.215131902882119
0.0481778899691977 0.3776561055959 0.0365758190223115 -0.250047112775408
0.107670913311062 0.372539756173439 -0.0118773703176141 -0.252695072370983
0.0879379249517838 0.400926505623048 -0.00891711089317753 -0.236862415685609
-0.151282440937304 0.44486868394468 0.0536503674711402 -0.216597127804149
-0.411409555065525 0.2725270909169 0.0854672404518749 -0.118589882113977
-0.56770822647597 -0.0367244862375855 -0.0152929793313243 -0.0938645977129231
-0.26183454621227 -0.520410777707665 -0.00488379031811158 -0.223828292690916
0.287544252490003 -0.556003257266489 0.176440779078281 -0.324717940527557
0.507562840495084 -0.323479886692118 0.454856958725904 -0.206509071743175
0.503102119343266 -0.295890034692685 0.0661971791381329 -0.22747848690992
0.291651732807658 -0.55003308756055 -0.0334987425640776 -0.0568228372649138
-0.185460651185197 -0.495036572670675 0.0970583669009819 -0.0154173299780445
-0.540492996849959 -0.0993179641925818 0.0818595962923485 -0.0368772191714242
-0.445728113923546 0.248660449622021 0.0838005718768098 -0.0825277680684652
-0.221095772957153 0.430173940046433 0.0508753259707012 -0.0893047133940807
0.0363927019042859 0.46772983146822 0.0445966415030589 -0.0865216951834561
0.106572168730502 0.44367316517129 0.0307999054290067 -0.0963532087858409
0.0855874860245482 0.466263113073061 0.0170827525277822 -0.0710352368064875
-0.179868597365424 0.516621034682481 0.0248408364241717 -0.0674027013737753
-0.472162923455441 0.33162626193304 0.00411351402931393 -0.0279376503316814
-0.663695232471974 -0.00289385895690105 -0.0819854980131109 -0.0698100656223095
-0.359297953543047 -0.576409611979727 -0.0645869832901034 -0.202075562989792
0.273199837523576 -0.683281051426009 0.0912565040411545 -0.221056762027527
0.577005869420461 -0.442285596302526 0.251547150982755 -0.0821952029837804
0.535466154616537 -0.353469015647961 -0.154692869275476 -0.114750435638675
0.287848444281266 -0.642817785551207 -0.117003154220886 0.0899620947225652
-0.237403755019831 -0.553425159574993 0.0832038401459228 0.0195542543001595
-0.592878477950226 -0.100742296697224 0.0362934590956722 -0.0473697785799021
-0.477598625102803 0.269596347478107 -0.0212395748501566 -0.0347574263509367
-0.238597423367628 0.453732868190628 -0.0235042533505113 0.0604980442348009
0.0224770936756302 0.488650455985048 0.0444739602532532 0.0971205790511627
0.0892401224872386 0.448255254264372 0.0683180272781804 0.0743876801537457
0.0660983856016588 0.457822530311053 0.042330682522417 0.101468411198553
-0.184427109348712 0.499351795021724 -0.00164653723633003 0.0928847382164137
-0.456742198476671 0.322459414305424 -0.0737576375313679 0.0758015918194262
-0.629616163022311 0.0156823513063497 -0.139148444019057 -0.030872937293945
-0.369679936755968 -0.527699118623888 -0.112172781162402 -0.15701526899685
0.226671745342587 -0.671577643037462 0.0182361145282596 -0.097503617369232
0.549519179486296 -0.479635177761514 0.0448283287316514 0.0623258528945209
0.481365013313941 -0.356440116082899 -0.388216052074674 0.019920121214764
0.235068202478836 -0.616575376007735 -0.2078606083746 0.248676018629848
-0.24188099919589 -0.501256563782646 0.0507927294432821 0.0672732969102934
-0.526448316385055 -0.0787890382446768 -0.019890125031822 -0.0414436995194527
-0.415918274332837 0.23731862157539 -0.126199199725848 0.0274549935659785
-0.209661458851233 0.397982433058583 -0.0934623317067479 0.210558649230561
0.00865627016328495 0.429740797517655 0.0397170825525885 0.271025148868283
0.0602267742764491 0.384155567851818 0.0962638303424404 0.234347963302631
0.0337831594320432 0.381629701666739 0.0587175717693117 0.255038119498063
-0.169883223649913 0.400904734179564 -0.0272110254871624 0.231726800260048
-0.371811307373815 0.245427045625477 -0.139191661455113 0.159675012428132
-0.48154482854328 0.00936866133882178 -0.176713830059444 -0.000515135508110638
-0.289107354615974 -0.396951301944687 -0.13766603400868 -0.109525724719349
0.166178279060958 -0.536469954957299 -0.0309446834009726 0.0101535406331627
0.439151453466111 -0.429299472312706 -0.130483253217527 0.193796043941813
0.336565999963387 -0.298475953765403 -0.587287937900934 0.153594253032429
0.137047217023047 -0.462008581953799 -0.281332068651843 0.383470809948499
-0.193923610785094 -0.339010978813027 0.00890687862017349 0.119581897250085
-0.344754468583398 -0.0422015988909172 -0.0625972298469106 -0.0208180496635277
-0.271775569084777 0.155693192164883 -0.200900053154257 0.0845301428961425
-0.145470297189701 0.266368594750401 -0.141434187111464 0.327414536356493
-0.00853492421656606 0.297081505598066 0.0323237829259662 0.404355880251141
0.0188954570040704 0.26217656037934 0.112840555762291 0.359190624223034
-0.0056786618834246 0.252829648416456 0.0626475726981686 0.36726227214283
-0.134349576446469 0.251011315065334 -0.0581938241925972 0.325455415062063
-0.240899799745867 0.134243143944453 -0.190033320260902 0.203131561800047
-0.273711479798569 -0.00644695705412468 -0.188988017026779 0.0095475978202269
-0.171342726914911 -0.224728667077657 -0.13777256296085 -0.0742074655832665
0.092509636042799 -0.339990827172407 -0.0576014349270136 0.0814541845857718
0.277186598827646 -0.324681146581848 -0.254456081210564 0.286549329798004
0.131091930735459 -0.181806776608984 -0.711533175949288 0.261435080337536
0.0160024286880395 -0.217562893057531 -0.316922552950674 0.473380510713671
-0.108769361380517 -0.108601017113935 -0.0216717179941973 0.171330489354632
-0.0999692179914764 0.00370450720055409 -0.0714001420947456 0.00904001638429119
-0.0847378778750249 0.0447703519948782 -0.225634664852715 0.119431163850897
-0.0613637758944701 0.0885025702868131 -0.160623740473209 0.381741112813869
-0.0286914023854314 0.114558313902642 0.0254244769378231 0.467912880855881
-0.0266720757410354 0.0991219204442445 0.111352647076148 0.428506568027432
-0.0401489385796534 0.0937373395648943 0.0501863814132999 0.424514027521757
-0.0769491756055188 0.0826603823040894 -0.0890364205249506 0.368014586119124
-0.0872730005109468 0.028131570162285 -0.223318948585399 0.208589667726051
-0.0675171294308554 -0.0075527256490626 -0.183412796324331 0.00677066952467359
-0.069048761326701 -0.0490473214135037 -0.121203407484592 -0.0478803763393036
0.000822537446213426 -0.136289902424371 -0.0690628426673773 0.114054917086934
0.0881907417493914 -0.188893304891746 -0.318828008699431 0.331298378579374
0.0769706576994038 0.0483628453369346 0.425087642497584 -0.282047501898205
0.11281423353366 -0.0282034894586901 0.0832111759915456 -0.213465097087733
0.010539414510538 -0.101491957709366 0.0716152470865211 0.0250118699831378
-0.111254712458434 -0.0378943442865475 0.147681304234741 0.044772059169341
-0.0851744917593937 0.0472675866090606 0.263475239240292 -0.104794020942683
-0.028086265149443 0.0763180124756415 0.207504609023311 -0.33393507612481
0.0348506086156281 0.0758443298477577 0.0761463263511871 -0.43165873749042
0.0522987692099435 0.0906638728069164 -0.00327692176686194 -0.433874475042604
0.041214060890639 0.100999911775484 0.04016009631731 -0.433453596343901
-0.0362624678666949 0.104400159912704 0.169184109905972 -0.348758883181952
-0.111300830072942 0.0485595818124764 0.230540621008812 -0.149525880793025
-0.128588657180764 -0.060653240523036 0.0923732852961705 -0.0503304752556366
0.0276313152164045 -0.144594502593738 0.112192717920246 -0.166255500560159
0.142144940752053 -0.026125464422154 0.362345550945897 -0.335320283801893
0.0954004140896395 0.0695186532274314 0.76814901100698 -0.164456771305339
0.257162798851043 -0.0332823066908979 0.393558052468384 -0.279365056508572
0.214876866583517 -0.176763650844975 0.0876216696057271 -0.192529288176032
-0.0146546593055168 -0.237317824072376 0.089473081673994 -0.00397354553869472
-0.247396596695677 -0.0910299763340216 0.125269191919612 0.023275550698646
-0.232766160259942 0.0920328332939455 0.235450775943337 -0.0921437891223935
-0.128531534511045 0.199437608315392 0.191382621549902 -0.278014754667016
0.0114683777374521 0.2385911157007 0.0854940998417647 -0.359966638013911
0.0485993132650572 0.256234514110801 0.0166141505364649 -0.367927181833414
0.0240588107912845 0.275085117329218 0.0375145827338808 -0.358825325074063
-0.14753764484242 0.272418289895104 0.135363194079324 -0.297772869734947
-0.306609680399799 0.118701261617642 0.17519251397942 -0.138400467831787
-0.353264234255601 -0.124977994371529 0.0485372726947781 -0.0809844641030089
-0.0481362352657641 -0.387803945011471 0.0834704966472452 -0.213404995723705
0.302037838200269 -0.273575360528619 0.324013723888758 -0.332127277068701
0.361348486647463 -0.0706917399519028 0.674882278163688 -0.160785371010473
0.418543851810692 -0.110261087189827 0.286493745005789 -0.258842553281891
0.306380139091539 -0.32852236055174 0.0605877335421532 -0.138632360661686
-0.0450795782652107 -0.375468729639481 0.108106607978857 -0.0156821952555446
-0.376416676606304 -0.142524523218113 0.109801925675177 -0.00675676768576963
-0.368475755447151 0.129548469992107 0.181984086828018 -0.0867245732111222
-0.220896867761458 0.303267912155985 0.140163082444826 -0.19733609803089
-0.0172250670798989 0.372267137916563 0.0792791303357542 -0.236278139260213
0.0396357101827438 0.383928962287319 0.0350920336402853 -0.246880261586044
0.00930770626186677 0.403882734991202 0.0329591087654916 -0.22749342398857
-0.22617544623969 0.402512724956864 0.0844611080120675 -0.194319443468172
-0.451513275713932 0.188364276610024 0.0908965162104508 -0.092230004580755
-0.534919678404197 -0.147139648323277 -0.0162624785995977 -0.0940780934301184
-0.147279873302513 -0.563829150054586 0.0269485092948051 -0.23678971943833
0.38743582666944 -0.486558747128443 0.24455535725263 -0.293116870349006
0.558294503567346 -0.209195781508104 0.499247561886301 -0.117263744553749
0.535251381734548 -0.181046128437773 0.108495104444345 -0.213765523401079
0.368944261473535 -0.474727612638812 -0.0075198839406578 -0.0447153937889808
-0.0888377831140537 -0.502558862316566 0.114511302208468 -0.00491143636329017
-0.488893032801523 -0.181857931777768 0.08763360634069 -0.0354972611198594
-0.46994042875559 0.162342794597531 0.0979299998611112 -0.0759937958452632
-0.286637035558553 0.376015625201943 0.0584933884722161 -0.0877795969730217
-0.0441153165441354 0.457183612094351 0.055898548409955 -0.0742870937202175
0.0252064114474331 0.453460952120204 0.0474199394489929 -0.0884760235078768
-0.00475658817966726 0.466330640928881 0.0277752567986208 -0.0628315443588442
-0.267700239279764 0.465874261855865 0.0280329739982448 -0.0543124870268485
-0.521730478133997 0.232466792012873 -0.00779927162217701 -0.0165436560608041
-0.631123991374503 -0.132446770688164 -0.0902588662923178 -0.0819725038306145
-0.230849823980287 -0.636287679605765 -0.0405623755669775 -0.226783763365687
0.400623939932503 -0.610247732652877 0.143430540627881 -0.207958085444509
0.647424277559388 -0.310341988135478 0.272102761004382 -0.035176687022581
0.579130393452599 -0.233184985011773 -0.12588426415869 -0.143135576530483
0.380898821268564 -0.565946436673481 -0.11082500038294 0.0843953246640992
-0.127645351167446 -0.567914963259144 0.0967736233872811 0.0264556715992565
-0.537945822544283 -0.192830586480548 0.0457260122281864 -0.0549609656331554
-0.502380469030081 0.175701807498529 -0.0125643502722366 -0.0481266560428082
-0.305307862216897 0.395344702658292 -0.039662104082984 0.0459530198568988
-0.060345065851843 0.473609258762118 0.0219236382288757 0.106367199465668
0.00775489372552789 0.454174768678182 0.05171213815981 0.082370463442814
-0.0223816579951424 0.452843489819222 0.0205057378080702 0.109269755511178
-0.268015630669447 0.450066400422144 -0.0270734881216418 0.0954736969310741
-0.504806042263198 0.227190256988558 -0.101102156960501 0.0704854546995046
-0.602632649485878 -0.108176217026296 -0.152654906609088 -0.0550891915336095
-0.248955021066039 -0.58967809861942 -0.0966095796974025 -0.188541629205186
0.353407671996165 -0.606221631743245 0.0466671409158566 -0.0998546554592901
0.628106127802878 -0.353014721559763 0.0371697520822281 0.0658273220074618
0.527056059412896 -0.252035438643192 -0.378367954963557 -0.0527235891670573
0.324671381204706 -0.553635801410753 -0.225863076797898 0.221887114381555
-0.143509332291978 -0.52097424821636 0.0553508455075661 0.0679480018210701
-0.478678328025562 -0.163430054555595 -0.00915883020504127 -0.0578343082282774
-0.435666407135331 0.1542854033767 -0.125895726322396 -0.00455851037179835
-0.269127890290113 0.343737476676901 -0.133434872884504 0.181262693699905
-0.062263571852048 0.41419484863207 -0.0138746818469497 0.275546811252733
-0.00939067761748134 0.386564397329277 0.048953241469608 0.241676769876807
-0.0390642097490766 0.373472913772398 0.00892342591569883 0.259661920220298
-0.23604605239857 0.35673247963088 -0.0765974975540424 0.223536720778308
-0.406510385213796 0.167359015188529 -0.177532520954512 0.138050182585021
-0.457260951418942 -0.082837721993645 -0.19008062431666 -0.0323074901882562
-0.199637118570555 -0.44579877422408 -0.128093886200262 -0.141590095277997
0.266796267725656 -0.489459235967452 -0.0249845327333161 -0.000779644550923631
0.5124958168449 -0.327549729894413 -0.164392426583442 0.161314341489676
0.378053272312372 -0.227419234322045 -0.596686055369436 0.042506674985205
0.205307396752123 -0.423852347103183 -0.325882323587831 0.335553057497051
-0.126272576996218 -0.357305781256279 0.000476386056478226 0.113414404392334
-0.315573118705086 -0.0972094297727753 -0.0546085647320628 -0.0409318897350561
-0.28389404507644 0.0989608663601612 -0.209487341273596 0.040695102697908
-0.183055078696029 0.228329271091599 -0.19884244224296 0.288319042282765
-0.0557885544618094 0.28319306864219 -0.042735340655135 0.402475323170611
-0.0275189941594566 0.25913645107531 0.041431597060466 0.364981518429795
-0.0541890593350478 0.24239072478323 -0.00612159828824316 0.368585625591888
-0.174204215457927 0.217072325409695 -0.120648206361856 0.30639196445158
-0.256755608501551 0.0841404100549676 -0.230023820595354 0.168236398945447
-0.256343607887706 -0.0573134341390717 -0.197616611651647 -0.0261620777035951
-0.120892947777879 -0.251460838110957 -0.131259854884054 -0.101934756194449
0.156222508151817 -0.310122459702944 -0.0661894045345341 0.0662859637672049
0.331888513720052 -0.258556461385801 -0.306470084119162 0.229606112527978
0.161752284544737 -0.158089463092096 -0.738622842755432 0.125275579604478
0.0483736318597257 -0.213621798570507 -0.382437403742254 0.410231710040859
-0.0864478503615009 -0.124264762479212 -0.0460283962322887 0.160927036182886
-0.0931350875329239 -0.0148722787499478 -0.0697448611928768 -0.00816544456270825
-0.0859473883175917 0.0243832209286439 -0.240607404826305 0.0738567930863386
-0.0725971425862811 0.0708874912074254 -0.223880821202641 0.343030084268103
-0.0447494570448607 0.104378411986927 -0.0609548486008425 0.463929275439364
-0.0437795441995409 0.091734536113108 0.0274860300947483 0.4323884475652
-0.0578635671221623 0.0825851881436132 -0.0286493131459723 0.420662198902025
-0.0879349072996502 0.0648564574067619 -0.154907391706519 0.339995725001352
-0.0878993051770504 0.010110012164371 -0.257086561689045 0.164599161706799
-0.0595833773738541 -0.0179967008928754 -0.183071006798352 -0.0285786461457655
-0.0577625295507307 -0.0579769342126862 -0.115964678330252 -0.0676071780246965
0.0265860341521095 -0.131025926526131 -0.0871856085261223 0.0983133762190178
0.123302059553271 -0.167211763702594 -0.38189941271575 0.261655568938989
0.0769790218191751 0.0470914475406063 0.406116229941562 -0.288283511956212
0.110272597910301 -0.031233474107361 0.0732302481286365 -0.210353860291454
0.00702872886527626 -0.0988615837155581 0.0725582561426541 0.018269697487852
-0.110916397474195 -0.0318332867360723 0.144822168937264 0.0377416695318156
-0.0826974590776252 0.05038486530105 0.254023877297859 -0.111914800845767
-0.0261992565194727 0.0774805581713475 0.191103843582018 -0.334949795427012
0.0369534400165365 0.0740103787482876 0.056952078479588 -0.424719729995025
0.0549405544202942 0.0865006719767422 -0.0178335838545462 -0.425044723302626
0.0441107948630833 0.0976360962280833 0.0245953433993528 -0.425092705311328
-0.0313908380976722 0.104727786731969 0.152181822321966 -0.348555940467079
-0.108760088549719 0.053559746273261 0.22175565553896 -0.155887104609719
-0.129067855295101 -0.0553221633183154 0.0890114456370174 -0.0508764301396899
0.0223269924103814 -0.144257453024818 0.105790835363258 -0.16820311048582
0.139912108539927 -0.0288584124515282 0.343013472064459 -0.33902268450406
0.0944829334419358 0.067703323055468 0.744182030205548 -0.179163533845333
0.251681528302121 -0.0356167676535161 0.373387259846087 -0.284758994310439
0.205558774313144 -0.179369103443862 0.0783232801671672 -0.189556638522606
-0.019410304173269 -0.230519976269428 0.0892144412231604 -0.010979837177945
-0.243852678196316 -0.0790222251552932 0.121638130123387 0.0167155579685452
-0.224687114550591 0.0995265863952339 0.224255400815687 -0.100710943562763
-0.119375584888071 0.201167955511182 0.176198055189031 -0.279274690411803
0.0198527481779587 0.233662409436169 0.0707809818464993 -0.354886253556358
0.0574235600523589 0.249605738100218 0.00472471753588101 -0.36063711082326
0.0346530197590893 0.269041664786707 0.0256929703475873 -0.351610051050816
-0.133888829296691 0.274101399264371 0.119989552614169 -0.297625721701952
-0.298797863788799 0.128841421746901 0.167151130132978 -0.142899160687338
-0.349998330216293 -0.110457435601821 0.0439590203213414 -0.0811758307085407
-0.059309655245786 -0.380105255220943 0.0754607215030356 -0.213276698557781
0.28860024994147 -0.275803366140623 0.306044906244589 -0.337330196559774
0.349988040289017 -0.0756401171442979 0.655878256628392 -0.175204212763613
0.406956873113084 -0.116038493393544 0.269169083360048 -0.261583333597406
0.290396550578449 -0.330976924312518 0.0528575824155418 -0.135510433975803
-0.0512789476292182 -0.364853091507755 0.10744077661344 -0.0239908703977924
-0.370148150623518 -0.126713228824434 0.106475561585499 -0.01307801653262
-0.356167479615788 0.140504520010332 0.169644876970222 -0.0941966539131934
-0.206886034068515 0.306523902665984 0.128245231006728 -0.197132961197298
-0.00312425768524772 0.364889162274622 0.0690659476418835 -0.234174523730446
0.0512776491872178 0.375428335220031 0.0257076027765804 -0.242619656239001
0.024887155071612 0.39467753376549 0.026442421475709 -0.223904513297805
-0.206084680886262 0.404250199577206 0.0730345335928211 -0.193652430463667
-0.438565829040631 0.202341216096104 0.0853174665177172 -0.0945075568611652
-0.530013992496996 -0.124411056908126 -0.0213959584413912 -0.0921880553757078
-0.160791060238221 -0.547862860864586 0.0184528305941737 -0.233688206363259
0.366702882635202 -0.488045457278668 0.228449153251323 -0.295828306603686
0.537757669159002 -0.215127647129671 0.486696483487929 -0.129112378793315
0.520668277828328 -0.187032374159624 0.0954397411893388 -0.213552055478553
0.347750220625417 -0.476405293832245 -0.0112555848910328 -0.0408542130353968
-0.0978200725515561 -0.487900466586099 0.114146822845888 -0.0130077295963951
-0.481465920770112 -0.160957437643612 0.0841687832080016 -0.041477065722559
-0.453390826581967 0.174673400489566 0.0863498177101574 -0.0823406271469748
-0.266671230007741 0.378846046506758 0.0526077292002782 -0.0863455617278879
-0.0240264947758988 0.447705773924402 0.053425408280813 -0.0743945234023534
0.0395365994193326 0.443040302295984 0.0418361959203187 -0.0890295724711351
0.0120445425919595 0.455237394333304 0.0264685497912086 -0.0624176714882612
-0.244233232656591 0.469259814077019 0.022467053005676 -0.0540973596089326
-0.505512669154076 0.247458250116601 -0.00843915527199707 -0.0163516793818595
-0.620684893812705 -0.106036104121672 -0.0941141674456909 -0.0783710196851448
-0.243470963398429 -0.616455041742753 -0.0485655661654241 -0.22023260249472
0.375330856199024 -0.611370572370597 0.131061756121888 -0.210168241678123
0.624314339244276 -0.31837871341911 0.268564703447311 -0.0446230857294694
0.56214872634509 -0.240053258111435 -0.13252995241871 -0.139476215556979
0.355882778230781 -0.567166508400271 -0.108735539672406 0.0886340527902395
-0.137951493746302 -0.552594272367997 0.0989168750492064 0.0195357211134054
-0.530972446817028 -0.170511455452679 0.0428877866840349 -0.0590098809895883
-0.483609219481861 0.188762848751258 -0.0210408891661659 -0.0518832693995506
-0.285951126288642 0.397301375194497 -0.0390520578057819 0.0473216591665574
-0.0409389780009903 0.464184628460954 0.0273998286637624 0.102879028069448
0.0234759703644404 0.444539653230032 0.0515573724322092 0.0788501529548197
-0.00570363974584989 0.445764501997993 0.0257831909664123 0.10558402765955
-0.246862204195247 0.450604500963533 -0.025599413690947 0.0945385690727129
-0.487905177822341 0.241722251450631 -0.09781484116008 0.0727896069228824
-0.590835534971089 -0.0834280865093025 -0.154873848202106 -0.04964124319895
-0.260878499301082 -0.568954703388846 -0.103297898316064 -0.179571355258586
0.329256179846532 -0.607296344997496 0.0403339519913656 -0.101082364325471
0.604216754980004 -0.357904347390491 0.0419445004967925 0.0593813491496943
0.511014304862557 -0.258297442489511 -0.376162017024771 -0.0438524334366613
0.299410891494248 -0.55378337355357 -0.216385729576022 0.226861745693531
-0.153462951358302 -0.506375527814755 0.0597749059168891 0.0625953562440368
-0.472599062700501 -0.144134739039371 -0.0110194669590539 -0.0599980516197708
-0.421101733339982 0.166454732300545 -0.130624264269356 -0.00564954404692903
-0.250212451820922 0.345056844371567 -0.125201994650604 0.183597810040916
-0.0461189931228384 0.406698234233787 -0.000667490952012754 0.269886478557768
0.0046411744902527 0.378753910723946 0.0539989116004637 0.235009761684311
-0.0254869133306415 0.366818372534795 0.0191530813031017 0.253806494893758
-0.219538718812384 0.358912587695231 -0.0684683154382165 0.222157426873485
-0.392243019849766 0.179321528525279 -0.169457414687499 0.142812675098124
-0.446238056024473 -0.0640209027604717 -0.190682257561014 -0.0261759399364657
-0.208881540367711 -0.426463388975627 -0.133501177089676 -0.132014164609328
0.246638982108364 -0.486590799618808 -0.0256533130424001 -0.00161308211624824
0.49094223625316 -0.331560994345588 -0.15125997394311 0.158092451280109
0.365497269892138 -0.232319831419256 -0.586558456157281 0.0535051483691292
0.187174040067937 -0.424762658930672 -0.308767913035044 0.341841186481585
-0.133534751906689 -0.346919675050679 0.00668045915056007 0.110115492095438
-0.310647905301432 -0.0862068644456554 -0.054858440137348 -0.0413846050247092
-0.274137610443784 0.106361954810187 -0.209448558170861 0.0426532680312727
-0.170690546767542 0.229019683017602 -0.183878352056352 0.290447562074509
-0.0438274336240637 0.277637606034253 -0.0250613621105123 0.395534040588623
-0.0186059760035983 0.254511491699213 0.0503893978417855 0.355470016142786
-0.0444974469119945 0.238339372691443 0.00614102644339787 0.359658820062395
-0.162984049684797 0.219195332170378 -0.107643327250691 0.30515642969991
-0.247779602690042 0.0915356142789949 -0.218852846723148 0.174571786028996
-0.248790295842443 -0.046892091975661 -0.197192107454773 -0.0192967602762737
-0.124495215319666 -0.23843144871352 -0.134294241718987 -0.0920568688317208
0.143138718704671 -0.308224458482573 -0.0632085502612876 0.0648727657705071
0.316859747486914 -0.261010170289179 -0.288135099209874 0.230051649423081
0.153218773851864 -0.159255815935044 -0.721660975977087 0.140266007974844
0.0407366711542677 -0.212928927679353 -0.361509242335613 0.413034610144579
-0.088095997043133 -0.119492539759961 -0.0380458319972938 0.160642658177731
-0.0911954813643202 -0.0127513528877378 -0.0672704941858413 -0.00832423499489383
-0.0830902815368967 0.0267262335329511 -0.236270310075592 0.077773686673489
-0.0674854495887205 0.0707334154450258 -0.205736334420948 0.344310878917078
-0.0395768489489656 0.102617194858125 -0.041261046857596 0.455671117543056
-0.0395361394437557 0.0918752516315239 0.0415202522803013 0.421447477123363
-0.0541196849832469 0.0825206224872075 -0.0130309785725076 0.412560123236436
-0.0841002333942458 0.0664798310276756 -0.139178681905144 0.339483745950308
-0.083757020813818 0.0113977421284082 -0.245571222490003 0.173090835614213
-0.0555283419271841 -0.0152148879227321 -0.182093919777993 -0.0206634420143176
-0.0570180620511282 -0.0512207125258882 -0.11851481379485 -0.0596812089061452
0.0204009512216643 -0.129599838638451 -0.0822321522500035 0.0975543305392295
0.11519930113952 -0.167240082192753 -0.359614937323718 0.265399110916727
0.0766958337980566 0.0470661620325338 0.389841615407859 -0.288402135084517
0.10898428920967 -0.0316408948224427 0.066740878663851 -0.205712497366016
0.00586096501270152 -0.096541901516854 0.0720410739342793 0.013706215738702
-0.108804651061815 -0.0274333068694202 0.141190712519843 0.0319928615493052
-0.0796325965828771 0.052805079602721 0.245826890445674 -0.117003346719339
-0.024534853637853 0.0792327148430439 0.176682394733451 -0.331831680584294
0.0378074361059135 0.0722632360705341 0.0443276538884348 -0.417996268987719
0.0564883414061602 0.0830382981214889 -0.0241280352395283 -0.41550931359609
0.0458058017050179 0.0952866525014687 0.0156694788605953 -0.415511272827589
-0.0280798633537307 0.104114933506195 0.139583645513388 -0.3448212550822
-0.107121557293724 0.0562548158672689 0.21421263556844 -0.158427075942719
-0.129395451411463 -0.0506125088102981 0.0862666272738354 -0.0508648350845699
0.0187044623174567 -0.142678184022432 0.101366254773925 -0.168551261454517
0.137929890323901 -0.0300832197180657 0.327953408806925 -0.340223077901809
0.0926321330145833 0.0672620064054837 0.72480592098046 -0.184719615716001
0.247007725135623 -0.0357272628057807 0.357740299317094 -0.284326459128288
0.198762570187023 -0.178046630685963 0.0716990981255047 -0.184805606011284
-0.0204071393354443 -0.224407341563397 0.0879069087877441 -0.0176015467741514
-0.23872119240412 -0.0705656966922785 0.117824557154311 0.0114776532413012
-0.217250670952297 0.103315840420495 0.214039493446496 -0.104781162066302
-0.112321935334382 0.202105315985517 0.163543996598024 -0.2771979316594
0.0255527549422855 0.228139032552675 0.0600108557360692 -0.349524604216992
0.0624542589898725 0.24262075208133 -0.00340724524834695 -0.353055073527316
0.0407875673362792 0.261839500092525 0.018814955545201 -0.34468956431955
-0.124300988118097 0.272187929140506 0.108534843465849 -0.293805242499064
-0.29165659318857 0.136027926586665 0.160486806786056 -0.144981303923033
-0.345465190131729 -0.0994604341989587 0.0405373090153638 -0.080275067022347
-0.0652710996180139 -0.371469766840913 0.0699335069230626 -0.211891323293977
0.279405738067112 -0.275639924895576 0.290821465022812 -0.3367567507392
0.341061210822095 -0.0749202371072759 0.639158281941162 -0.180956378357892
0.399027955890528 -0.114151176965993 0.254808830936173 -0.260215441239171
0.279419974771852 -0.329615493395702 0.0476965054332183 -0.130990958873771
-0.0532820508701825 -0.355321787303518 0.106547784903309 -0.0305910532577569
-0.362495340691094 -0.115485615534968 0.101851907039682 -0.0174213261508089
-0.344541580329179 0.144253410662481 0.158209127617051 -0.0986085802809472
-0.194040094931996 0.306289896375804 0.119686596971358 -0.195141103303393
0.00608566878263964 0.355283021763228 0.0630388876835106 -0.231184815521498
0.0605248388109822 0.365354063352983 0.0196912564588993 -0.238344153243296
0.0334395621770446 0.385268743240673 0.0226123651666276 -0.21952957374164
-0.192156735480663 0.401045175803734 0.064432760475836 -0.191613664102642
-0.427665563989702 0.211269183697245 0.080915987290346 -0.0958187174638532
-0.5202803214261 -0.1085768028187 -0.0253267617988018 -0.0900455168751455
-0.166992393835931 -0.535001757480706 0.0125664922739469 -0.229640567336673
0.352619757444879 -0.48596211248923 0.215445455234459 -0.295288699374213
0.520751025139974 -0.213121674300149 0.474616868449662 -0.135967645561606
0.50978495765871 -0.186644875780504 0.0848633436137024 -0.211046120727607
0.332019109395604 -0.472336372912043 -0.0133040163865843 -0.0367605668314584
-0.101221246369222 -0.475840139271838 0.113964971885362 -0.0200287997483545
-0.471465667923382 -0.146108183576104 0.0799429418735254 -0.0448582764645778
-0.438647912418605 0.179718360145356 0.075757214582523 -0.0860050250769274
-0.252272021912062 0.378378710027782 0.0483442258460565 -0.0847134370488046
-0.0144588694254759 0.437072083036173 0.0522002447956637 -0.0752344221040183
0.0490443884415093 0.432711636010643 0.0382254748007927 -0.0879214495208597
0.0225680953831946 0.445046672110118 0.0267755125862153 -0.06191295056698
-0.228882661333555 0.464729134169009 0.0175696232418349 -0.0530965518237296
-0.492336832674657 0.258219127218103 -0.00934764327961314 -0.0166249039514682
-0.609334417436259 -0.0901833735969356 -0.0966545736050536 -0.0746212281874782
-0.249294632045347 -0.598268319446198 -0.0532820660791573 -0.21355105766141
0.358382515261628 -0.605759494023865 0.121492470487324 -0.210062810958848
0.604658163255684 -0.316100277954649 0.262993193464562 -0.0517994844972134
0.548475214448795 -0.238265463399521 -0.137433167228157 -0.135237322338249
0.337415050032376 -0.561639480089591 -0.10580737207231 0.0914478702941516
-0.142976608507194 -0.5381721742819 0.0996858232223582 0.01254751348167
-0.520087768502437 -0.156161415112401 0.0401105805632693 -0.0617241995986712
-0.468208972532058 0.194577028972172 -0.029925065517598 -0.0543138227613887
-0.268769365049653 0.396166202895765 -0.0376852033523261 0.048801228377354
-0.0281182391994194 0.454118900580492 0.03229814800578 0.0996252385478572
0.0331111358474162 0.434186352481947 0.0507954155549545 0.0764648047608841
0.00562673193562122 0.434044889740396 0.0291894087197826 0.102716737481145
-0.231472054478626 0.44761163870056 -0.0253841828699202 0.0946363749359174
-0.474154648658637 0.250493354729247 -0.094753912753596 0.0736831050779963
-0.577240189691782 -0.0659829023542654 -0.156732222919535 -0.0449750888243002
-0.265619764387109 -0.549982548675827 -0.107830250419471 -0.171389180155926
0.313292983736578 -0.600514311021732 0.0346583302516031 -0.101950378441477
0.582993698340815 -0.354890372175141 0.0456939372032705 0.0535856489226587
0.49724024431611 -0.257716057485988 -0.372787272491961 -0.039733832605038
0.283404851750392 -0.549767827422693 -0.207864892851586 0.228060213629395
-0.158412402681637 -0.49328913134515 0.0621346163958542 0.0565453099366622
-0.464234571935668 -0.132146764967047 -0.0124604542039462 -0.0615574846092975
-0.407597608545229 0.171762592190869 -0.135707465245469 -0.006151870759238
-0.236365603753388 0.34338584779914 -0.118061456878269 0.183709558582875
-0.0338827730957791 0.397639839162275 0.00880505784375796 0.263291684014523
0.013108037240938 0.37055025003578 0.056629379343144 0.228978850356305
-0.0169527809764868 0.358414908214438 0.0259293615571017 0.248017073399717
-0.205311815688705 0.356753596371969 -0.063475088690973 0.220547501172437
-0.380507977132697 0.185936593141723 -0.162628060948334 0.144646778393613
-0.435250573393058 -0.0516911503793457 -0.190558068590981 -0.020796090764645
-0.209955718131319 -0.410747402317796 -0.136162138345413 -0.123352971334388
0.233348056217742 -0.481118130644572 -0.0268615392422543 -0.00336441598568037
0.472716465037212 -0.328771632338761 -0.140925259316598 0.152744270037791
0.355776860321239 -0.230659546709539 -0.576165861265459 0.0604312896089693
0.17448984437216 -0.421382179961918 -0.297089210821891 0.341046752815575
-0.136204683690076 -0.337932914060866 0.0108998902455404 0.106038940931986
-0.305181654424921 -0.0783513636732289 -0.0551544804501577 -0.0426079938960175
-0.265500514830667 0.109747766708418 -0.210123387063976 0.0428196637107195
-0.16125324984716 0.22672864132409 -0.173155351895204 0.290153032332344
-0.036522421578501 0.271062421996679 -0.0129980464019808 0.38664246625804
-0.0116411587039142 0.249082873944699 0.0547421422130194 0.346539577822765
-0.0389554945100102 0.234587467457546 0.0151012703692289 0.352456413789545
-0.154730860575223 0.218435754424243 -0.0979036589848401 0.302694859974588
-0.240222361303988 0.0945788036329515 -0.209450186911355 0.177263883813954
-0.240319802553975 -0.0401828520198762 -0.195563094370628 -0.0131107287957165
-0.124856010167715 -0.227497250783573 -0.136326491050879 -0.0839878774474485
0.133187697081485 -0.304421065103931 -0.0621119530184607 0.0623857894963184
0.304542984384881 -0.258542696639179 -0.272136785172037 0.225412158133252
0.147329881062615 -0.157731781645369 -0.706774157075756 0.143966992963375
0.0346686764256047 -0.210761077772175 -0.346673320685227 0.412828244025582
-0.0892127592081657 -0.11507931491931 -0.0319334672063787 0.158078789215559
-0.0895518506470415 -0.0113725018259348 -0.0664607649629149 -0.00941878351147818
-0.0805680455678123 0.0270557746255128 -0.232935465337291 0.0787779911224255
-0.0640594432549345 0.0688386874790926 -0.192916505869285 0.341365541282563
-0.0368081234807288 0.0999320321942636 -0.0275090122038339 0.445831785026391
-0.0366665634717568 0.090450633566464 0.047208359804265 0.411749464993591
-0.0520119422039235 0.0819636457106335 -0.00391655311322643 0.403900303136519
-0.0808663143555931 0.0665010929549134 -0.127535050062646 0.336549154808735
-0.0803312806369183 0.0117692731048205 -0.235461664120242 0.176513507402619
-0.0518982087806842 -0.0139441731555829 -0.179545855362119 -0.0145833011711267
-0.0556904483521273 -0.0458103728091988 -0.120049847588055 -0.0527446734049171
0.0165161013993417 -0.126882578579056 -0.0787288529049624 0.0953904459347151
0.109088671358951 -0.166364973317825 -0.341889176323748 0.263136441100517
0.0769150293569374 0.0475447002363449 0.381777778477379 -0.284857458144553
0.109571358692284 -0.0321557101656707 0.0631458331931321 -0.201203103000716
0.00743111193632518 -0.095038731909056 0.0721277018556576 0.00989369758120083
-0.107592061613256 -0.0250124921785921 0.138967766526712 0.029833643752786
-0.0784070603316 0.0542016030438952 0.241293615286802 -0.118509070585241
-0.0232111564035704 0.0807101343695129 0.168229443268868 -0.330450853790061
0.0387692189748158 0.072609344807428 0.037629658267113 -0.413563250348156
0.0576091691405556 0.0812826365911439 -0.0279331510544908 -0.411032500776228
0.0474898199128393 0.0937247536347409 0.0134290025701377 -0.410730053045126
-0.0264560680402529 0.103951104788175 0.133434223110409 -0.341825211189612
-0.106591898195873 0.0586117320531501 0.209487183810712 -0.160601302566957
-0.128926990664331 -0.0481185028016029 0.0845036716129106 -0.0509301611614075
0.0168352246222743 -0.141880656042502 0.0993346043128093 -0.169416580725414
0.13742400332497 -0.0301033508055914 0.319482181660438 -0.336892536536281
0.0916662140708812 0.0698419715400702 0.711716553526516 -0.183526611987485
0.245380316314726 -0.0334521068448175 0.348923457571534 -0.280858083910298
0.196355983358046 -0.176919731076073 0.0683027740056864 -0.180080338954309
-0.0184676567826872 -0.220726759298018 0.0875734799216316 -0.0223684358188299
-0.23415644395817 -0.0665446731890856 0.114970814864113 0.00916014312859083
-0.213562647798732 0.105037179938491 0.206889255370239 -0.106940174009695
-0.10859927682703 0.202665396856132 0.15656952121881 -0.275294463641949
0.0278911132068721 0.225618978576768 0.0544256939135665 -0.345665982271012
0.0649448231934043 0.238775593654791 -0.00572928523516025 -0.349993403189927
0.0439268952685402 0.258155840320004 0.016175361270846 -0.340760616159767
-0.119237097048877 0.271913051016457 0.101484991896602 -0.291023086438965
-0.288462057080935 0.140143672560628 0.156625437592123 -0.146600922878686
-0.342129743598164 -0.0926342972737797 0.0372841151553408 -0.0795785798344934
-0.0668137445430007 -0.366891566604995 0.067807871367501 -0.210834130015672
0.275744226987563 -0.27438548181736 0.283147283046465 -0.334908788765161
0.335590951804531 -0.069345382971276 0.628892737833569 -0.181675215844748
0.395713531878004 -0.109307465860787 0.247330328384399 -0.256713770689484
0.274049759771823 -0.325821350062739 0.0447138326034715 -0.126046004017107
-0.0502360730542657 -0.34904756678612 0.105985301391844 -0.0367870315935847
-0.355700917656604 -0.109350090203493 0.0986236162681665 -0.0195759051712649
-0.337814790891916 0.146666856179502 0.149994760023067 -0.100704725767385
-0.1878047401186 0.305605744814685 0.114400377482606 -0.193147385961777
0.00967574785236714 0.351848686858678 0.0605493772239877 -0.229352848370767
0.0643378190299499 0.360078831973717 0.0167037979116832 -0.235784573216124
0.0389352755088177 0.380485069073551 0.0214761836170371 -0.217881159104378
-0.185613146009274 0.401061852093554 0.0585666658646494 -0.188586333038633
-0.421711952955941 0.217218358408702 0.0785179191712424 -0.0968866305825433
-0.513350633022989 -0.101419969616439 -0.0290885342574418 -0.0885579090736502
-0.168288991941514 -0.527624711750289 0.0102525831511282 -0.227497769238807
0.346798355442333 -0.482283670888906 0.209107691032765 -0.294395302498754
0.513975550250329 -0.20720910489845 0.468758996873102 -0.138323323097465
0.505154704860119 -0.180709712054752 0.0787990967206956 -0.207963167299216
0.323854719708311 -0.467085683839413 -0.0146961740639609 -0.0325311460158498
-0.0985757882182321 -0.468592982246323 0.114379629547536 -0.0261201976780235
-0.463635516985144 -0.140872371997348 0.0771894359991776 -0.0474889808786233
-0.431563397827131 0.182179468172345 0.0662761228646783 -0.0872720790616145
-0.244688601603017 0.376801715241376 0.0456126787014444 -0.0833491862725028
-0.00982515845937761 0.432208601607178 0.0532052399457489 -0.0751880075892754
0.0549468200320333 0.427508258691608 0.0363988265460746 -0.0873274394802439
0.0275038820155932 0.438618873760821 0.0271184866111746 -0.0619046949276248
-0.219918011312918 0.463229245390772 0.0141117100360586 -0.0514657669623498
-0.484743602790713 0.262939559841193 -0.0102389193609973 -0.0170513823654098
-0.600243682427073 -0.0815731817087215 -0.100401719906005 -0.072839128265627
-0.248875188849918 -0.588507470784664 -0.056291087391913 -0.209924790068247
0.353554059520954 -0.600924074720892 0.115880324030001 -0.210546154650596
0.594334799797011 -0.306207598569769 0.262291654342733 -0.0551394136234178
0.544017236885346 -0.234019999862088 -0.14115509030682 -0.133365783455486
0.32719527623542 -0.557055214202247 -0.104325393364538 0.0948946249246199
-0.140532112854204 -0.530996998546026 0.100159775870919 0.00652357081164404
-0.512157569927605 -0.149750327498933 0.0379903077808489 -0.0638291267203976
-0.460504591614743 0.196521485004975 -0.0383782080259946 -0.05530806981894
-0.261384175272544 0.393805354147273 -0.0373934691436506 0.0492678788166084
-0.0234350693524296 0.44699971019241 0.0358219115935582 0.096798895491668
0.0385941795667099 0.428952124268155 0.0494308919173355 0.0751684548216708
0.00961906208108228 0.427453199968448 0.0311727061196687 0.101252879022038
-0.222025741824926 0.447121669145626 -0.0268738387041208 0.0953011680275185
-0.466921228886519 0.255288088158355 -0.0928818907129599 0.0735016289998282
-0.567596355175093 -0.0603583004290725 -0.159141450472583 -0.0431731176964156
-0.26350711312119 -0.540669376020613 -0.110035202638968 -0.167175272641314
0.30534110356884 -0.594917261784202 0.0309761568785048 -0.10236978870987
0.573080017058654 -0.346147392931906 0.0483468881197522 0.048258722075605
0.492901969468782 -0.252148747675203 -0.372662684606774 -0.038295616498014
0.274753486861873 -0.545719774687501 -0.205263153084723 0.230406505635902
-0.156778846442691 -0.485978849656243 0.0633753512871893 0.0513051354766436
-0.457924136653634 -0.125877498675427 -0.0139193063262769 -0.063481774861067
-0.402297154334049 0.171837587360417 -0.142415019747152 -0.00678983476041456
-0.230262911332509 0.340530794443271 -0.114616258403853 0.183583797302739
-0.0284883653965885 0.391303024981238 0.015159313922468 0.258364367770391
0.0180143547014782 0.365087734051018 0.0565287031165305 0.226830900019552
-0.013536792011556 0.353634965219717 0.0291068952607538 0.244328626985391
-0.200078422879337 0.355038640563518 -0.0614640550567512 0.220571032307013
-0.372799508665856 0.189910549448331 -0.159132170827798 0.14509704211654
-0.426560403828651 -0.0467159687392139 -0.192483911126879 -0.0182068435657819
-0.207705673379305 -0.40215577659884 -0.13779492462996 -0.117727322566009
0.227294814767433 -0.477996662479629 -0.0294601578399449 -0.00480629086525099
0.464317659309875 -0.323285292301206 -0.134763214693714 0.146911884352422
0.351109710624265 -0.227697771327507 -0.573246742716728 0.0602952097383174
0.166701316139264 -0.418840119212247 -0.291617544471976 0.341833344834165
-0.136513353948024 -0.333301969691762 0.012951983429268 0.102566048689544
-0.301782104318041 -0.0748771681866618 -0.0551454993964 -0.0440243237141113
-0.261259840737302 0.110154647253602 -0.213378037194044 0.0429532725026937
-0.157122058806887 0.224391550014583 -0.167473485800404 0.288014548303952
-0.0332268104299482 0.26643258308239 -0.00444828422024755 0.380470364460517
-0.00874167468825944 0.246107944209766 0.0571738249386116 0.343082497531065
-0.0364073454015976 0.230956207212135 0.0193703970187453 0.348526532677365
-0.150694616869482 0.217363221062382 -0.0934427499871114 0.301064553467903
-0.23518134504006 0.0965428346926104 -0.204830763463644 0.17876034231927
-0.234221032868705 -0.0375665864085964 -0.19578784695768 -0.0101630558279892
-0.122891193207114 -0.221410198771141 -0.13767158188106 -0.0785745546367859
0.128092447751911 -0.301657726269511 -0.0622237304967061 0.0606063906790923
0.296390947633536 -0.255394159298342 -0.263099794048431 0.220026569727838
0.145264375272918 -0.156067190926945 -0.700606934585199 0.142249386729056
0.0306898339237985 -0.209641277889506 -0.339689355524827 0.411343955576093
-0.0903035165536472 -0.113471464944169 -0.0297781028351195 0.155767331241398
-0.0890889363676471 -0.0108157089317857 -0.0659782665772916 -0.0114586792258869
-0.0791248980118322 0.026287775377562 -0.233123192086306 0.0781502824992844
-0.0634731111946668 0.0672081207872508 -0.186080779695491 0.338825328157046
-0.0356235741764025 0.0980022334759817 -0.0187413185362852 0.439314271540089
-0.0349242638767008 0.0892759073268426 0.0494270389983706 0.406217450216131
-0.0510570270710569 0.0815666011685654 0.00111608853187827 0.39901998511831
-0.0792434850731527 0.0672092341383982 -0.120206047965027 0.335497568271342
-0.0788038160501844 0.0112850267970984 -0.229151117922763 0.179230204269272
-0.0483918643859399 -0.0139356574599892 -0.178441206894144 -0.0118190414721285
-0.0543574526230008 -0.0416906044597971 -0.120992629636174 -0.0476571393425451
0.0135064942205575 -0.125518103515405 -0.0771862945500574 0.0937979609712998
0.105227647066339 -0.166601462443723 -0.331922445189462 0.258706898508224
0.0781520271513894 0.0493310516901822 0.382820371020156 -0.287044530941317
0.112810269856236 -0.0331635040396918 0.0627208956248186 -0.200549483055702
0.00954588987212416 -0.0964926472924452 0.0743267405880874 0.00642796197824113
-0.107767062581954 -0.0238585107119459 0.139018087505839 0.0275843416960511
-0.0784602277914037 0.056402004115619 0.241039723623484 -0.123381586691957
-0.021932243227638 0.0837839012172431 0.164137312583339 -0.333949189782502
0.0405758074380546 0.0740425824874385 0.0326858905772493 -0.415083852925938
0.059558093310744 0.0815467692752798 -0.0313254818786425 -0.413602212012431
0.0499639525453679 0.0945180756097196 0.0115146011701136 -0.415253733217852
-0.0252578247320325 0.105782534960697 0.12958808574349 -0.344473621011015
-0.108535194136071 0.0619544441315276 0.210233674058349 -0.163601327930303
-0.130905842032459 -0.0468589728385975 0.0843307874734429 -0.0511106272760536
0.0162073406924509 -0.144306548440552 0.100373249572001 -0.173146390432056
0.140269550435649 -0.0297837100140286 0.320445339284044 -0.34196711097051
0.093155149043519 0.0734517591402777 0.716287343715886 -0.181529836354546
0.248787380077476 -0.0303920677782308 0.347879724218281 -0.281905273204427
0.199202920263107 -0.178373378232292 0.0674722893390662 -0.177642859894837
-0.015578845596197 -0.222781061627618 0.0886974255411062 -0.0272714454433089
-0.233745881554144 -0.0651473496181 0.114533086898642 0.0069145674508523
-0.214333424934571 0.107820935833585 0.204938097337802 -0.109766712134195
-0.107306963171106 0.207131338666485 0.153111355430212 -0.278072780726561
0.0306805521921312 0.228392125659984 0.0514122548378415 -0.348139737278034
0.0684222149916203 0.239894089840388 -0.00892984662843051 -0.352559424291701
0.0478521272319143 0.259445702636548 0.0155315078237391 -0.343699110145141
-0.117672935012773 0.275292733028168 0.0974845395280572 -0.293033517734991
-0.290769518043944 0.146835591049692 0.155556245661633 -0.149972173948652
-0.344671278312688 -0.0901536135593154 0.0347496375366585 -0.0801327692500895
-0.0685583583952754 -0.369795391431891 0.0670580070538337 -0.214745590421175
0.278972233862784 -0.276053728041865 0.282110077435364 -0.339259130206403
0.338920275056751 -0.0645604618695624 0.632502519121797 -0.181888474381417
0.401912578495871 -0.107585953289293 0.244584868552536 -0.257414202847319
0.275747590960301 -0.327540631655633 0.0436766056562104 -0.123338807754567
-0.0481313957007314 -0.352208599401552 0.107327537488166 -0.0424170905984839
-0.355099280304752 -0.108016360327144 0.0985687399152704 -0.0223219970725267
-0.339681113505016 0.150627750756242 0.145645187533577 -0.103277761711801
-0.186324319620247 0.311131405881733 0.111562016600734 -0.194524271345815
0.0121326733881769 0.355918042832822 0.0595137027591394 -0.231975772548755
0.0687614764734932 0.362307980269859 0.0143809973713732 -0.238090833657169
0.0433018589256977 0.381558846369908 0.0217086083517805 -0.220094592057211
-0.183298073495704 0.405983560710921 0.0547254291028658 -0.18921704985176
-0.42528421538334 0.22578947988586 0.0778345473472992 -0.0994388032140094
-0.516078525416263 -0.0974827765921232 -0.0326260662183929 -0.0887820706564489
-0.17028346888112 -0.53212672200004 0.00818370359338189 -0.230199198427724
0.351750839735518 -0.486024793668167 0.205612241789843 -0.298280578411502
0.518854379547709 -0.201370945687746 0.472037478589848 -0.142074554033145
0.511859980993456 -0.178235306659088 0.0742658225565799 -0.20828113642165
0.324343519024141 -0.471087023895013 -0.0159570218441979 -0.0287106242444308
-0.0964895795452939 -0.471202705679646 0.115447646042307 -0.0323498489739881
-0.464140425285296 -0.139699481798024 0.0767430703741008 -0.0501122864671436
-0.433252597663859 0.187692988723444 0.059952115555283 -0.0901592141019088
-0.244535829461902 0.381858727084295 0.044382262483044 -0.0833567159357325
-0.00625922699320907 0.434696531618458 0.0550067159616835 -0.0778660770779588
0.0586789516890909 0.429324121660603 0.0349799876562016 -0.0873562696041052
0.0316558278177109 0.440612726084296 0.0276739059484037 -0.0631820652196771
-0.217748120977884 0.469738014458432 0.0105536845807671 -0.0496323894800179
-0.487864094234519 0.272073967361122 -0.010997605416777 -0.0179213532325365
-0.603111308071365 -0.0772089800359888 -0.105091707159521 -0.0717856553880549
-0.251054042545553 -0.593317605987257 -0.0590424383713943 -0.210404404591541
0.354604409444948 -0.607901932732063 0.111944803907851 -0.212741133632619
0.598807129633093 -0.301285023512268 0.26606273441599 -0.0595162818464404
0.550489891010893 -0.23222447327714 -0.146126302103157 -0.133313666094776
0.32834924775102 -0.562545161627191 -0.10622740166306 0.100257547968121
-0.140607808228756 -0.534738709206646 0.101774071126807 0.000911877202483121
-0.513127406210906 -0.148039865383086 0.036871206162811 -0.0667222629099103
-0.463175330652556 0.200502615829124 -0.0461854546605859 -0.0569898316775548
-0.260493673085816 0.398781274746974 -0.0377538647092103 0.0510964249693697
-0.0194190080472853 0.449760009160094 0.0403368438230548 0.0947335641980718
0.0428681642997506 0.431321634213301 0.0499367968454206 0.0768213415796269
0.0127741704857038 0.430188632329335 0.0328439732142814 0.100958008250393
-0.221083769335567 0.453291604388114 -0.0285024605141396 0.0988240944429059
-0.467984035627665 0.262364417859134 -0.0938290062191968 0.0749241655060609
-0.567928495916796 -0.0561950456977661 -0.164296967847809 -0.0409235618584101
-0.266058017686628 -0.542717556400351 -0.113727061244336 -0.16628247901736
0.307871781082782 -0.601565549362431 0.027199189209012 -0.104510747945629
0.576749455011135 -0.343060036265688 0.051011407736916 0.0442343113760434
0.498827480243463 -0.252309614839171 -0.381290367265918 -0.0377498252081465
0.273432940991086 -0.550443453922589 -0.206187946397058 0.236849919633928
-0.157777691083262 -0.489522562114814 0.0647613113154596 0.047934479149278
-0.460228739595171 -0.125189853488759 -0.0150076067047863 -0.0658155271144898
-0.403496185346463 0.175017634432692 -0.149787809617972 -0.00721662597909534
-0.230212547041642 0.345841424236538 -0.114054474084179 0.186032604928792
-0.0270063213992996 0.393413562126227 0.0214233612868734 0.257571752675086
0.0205930050026773 0.367153654847869 0.0586590334216241 0.228672689995074
-0.0118371137672618 0.355084441710932 0.0319995522565449 0.245393174963107
-0.198630740454649 0.359411911640869 -0.0614184018433801 0.224724693492747
-0.373740507075123 0.194625972629499 -0.159029197390591 0.147815259941281
-0.42569018924874 -0.0454022597505076 -0.196621991531856 -0.0157374809492169
-0.209751745881594 -0.402017612450046 -0.141572575301684 -0.115042031016636
0.227668167708835 -0.482984714562135 -0.032538775601688 -0.00610738114974326
0.466440395988901 -0.320968846371074 -0.131952152201401 0.143090628010961
0.354961831628408 -0.22735889881771 -0.580826155046189 0.0590806644755206
0.164571487573941 -0.423937333480651 -0.291437580818924 0.347019954741464
-0.139010751112243 -0.334273733528382 0.0136037093341257 0.100977858582512
-0.304150198897105 -0.0744005802072944 -0.0562985495671671 -0.0465477846945852
-0.263694252829166 0.112437993908223 -0.220294202310887 0.0433946782636593
-0.157775941695021 0.226406405166013 -0.165914385854689 0.291168716286271
-0.0321734782242624 0.267580100819214 0.0026201205805578 0.38080813342009
-0.00712290813491246 0.246616368516781 0.0597164664354256 0.345945004249168
-0.0358183222931479 0.233050554336142 0.0227812177221835 0.349630136894798
-0.150453888134487 0.22067417787324 -0.0919063698867631 0.305661944452462
-0.235033792611004 0.0988656090498354 -0.203642760233451 0.182682096874381
-0.23178742987724 -0.036461040382122 -0.19839880128977 -0.00744658125925875
-0.122869763594787 -0.21904158150137 -0.141678329923625 -0.0750880558319015
0.127599213750683 -0.304425879404906 -0.0642298718533911 0.0601014216898476
0.296064395252335 -0.255098809636439 -0.260169790966508 0.217444630112112
0.146062903871993 -0.156881831787327 -0.707240823190407 0.142925948263775
0.0281492546007485 -0.212369959187703 -0.339438665433056 0.417625459724255
-0.0928788474082885 -0.112449941912281 -0.0284207077455683 0.156697776753057
-0.0904719906218517 -0.0109043148357416 -0.0666894624209045 -0.0131087195966534
-0.0808725091615475 0.0265382130250205 -0.23787365356271 0.0790010454739138
-0.0644211765612889 0.067156969870607 -0.18442376830716 0.341083861124391
-0.036002069000443 0.0980578398653019 -0.0133105907147325 0.441097338216587
-0.0352842123386187 0.089934004392616 0.0531002795081142 0.40925384956121
-0.0519919574385578 0.0825417433755808 0.00450895742451241 0.401529344910796
-0.0791779066656969 0.0679605285161468 -0.116916819161222 0.338688198579852
-0.0774705448943045 0.0100442755944175 -0.227290854694518 0.183906014147818
-0.0457942118816854 -0.0146998099862956 -0.180152920657667 -0.0089612970126687
-0.0532356083861021 -0.0389695037466699 -0.124565268440077 -0.0431214758386207
0.0113279620801799 -0.126589018513461 -0.0787860803470694 0.0939910435936829
0.103524890186523 -0.169793936873541 -0.329692322228747 0.257138660590955
0.0957578349808094 -0.00555206377182386 0.13265331662085 -0.471898593633772
0.0712003241159968 -0.0948738428409875 -0.0703647768197166 -0.203183803612061
-0.0481308801617497 -0.0868903741112691 0.0598339300896831 -0.0463963455479702
-0.0991751994019944 0.0422957912545939 0.125579573926392 -0.0622966860394121
-0.0300306774334585 0.0921031630801435 0.11466308613529 -0.246481347014361
0.0338353772482624 0.0818743910622618 -0.0771657870941029 -0.366933916853511
0.0767984356379316 0.035746575034698 -0.236984944171428 -0.355489207147782
0.0996024293103775 0.0270749386059707 -0.286083173095546 -0.314713945505666
0.0991640194188225 0.0430288965817865 -0.253889843222587 -0.34046240939085
0.045822614429134 0.102407810380396 -0.1116811531763 -0.361646362360624
-0.048574520061951 0.121098152307811 0.0665734714685048 -0.264140802698437
-0.139051377261988 0.0432325173809723 0.0375497941133292 -0.0934018438540954
-0.0814247063144083 -0.135321589114394 -0.0307506474368861 -0.204310096285121
0.099292587362655 -0.122999265022501 0.037095823972017 -0.479123702175385
0.138044032432996 -0.000824811290017704 0.464551741636799 -0.608345440586546
0.193385075075019 -0.170312137648944 0.100336483475416 -0.456408170294859
0.0559613452258992 -0.259701336127759 -0.0547564802961756 -0.193677690290468
-0.141855513797133 -0.17525327687202 0.0447246908313024 -0.0855395853167843
-0.223280314836428 0.0811160621394287 0.0874123315476796 -0.0590983083843322
-0.108529948964288 0.214356498621396 0.0929395997422279 -0.20895347651699
0.040337848140501 0.233036239240759 -0.0525850781485976 -0.310599388764351
0.16367572203876 0.164701347982886 -0.176497401368678 -0.312225135473333
0.206192369795665 0.150310137013284 -0.229289249215285 -0.278990094853534
0.202220317656568 0.179716601982491 -0.207721027994703 -0.288121962372338
0.0791789187681445 0.299917137976853 -0.106480565754953 -0.298771921762254
-0.144386213930222 0.308140785827825 0.0339423866312367 -0.217278142703173
-0.34276736716361 0.140325572134659 -0.020019514499328 -0.0842003470043651
-0.299708214953561 -0.272715161726029 -0.0824336107740052 -0.213448926678553
0.0548360667308623 -0.417855402033571 0.0136037507752019 -0.449455554197827
0.255315068649476 -0.27577115751204 0.395832713993365 -0.541754470664518
0.277381539995683 -0.321955201948338 0.0249920195048164 -0.381763326275676
0.0320490276470999 -0.422278757751739 -0.0407814443031939 -0.140787852348668
-0.244110108850842 -0.26157035010064 0.0439258273809526 -0.110908703220643
-0.344785548572755 0.116726832278321 0.0513001385091895 -0.0692698593106821
-0.182837166340759 0.323681924420003 0.0477150796872856 -0.162662359278649
0.038864824818587 0.364632213777706 -0.034180840776717 -0.214695817680716
0.227761952627351 0.275688050326381 -0.0932445152567355 -0.22330888988851
0.283053949597235 0.24985714797958 -0.138767519715165 -0.201129148786469
0.275550455403596 0.283869571866108 -0.126212973461821 -0.191936253800004
0.108538389651782 0.448077269583703 -0.0761108116238989 -0.186817870167382
-0.205716691745216 0.459926692199924 0.00434441897753643 -0.12693509660131
-0.489406967450521 0.242947849205369 -0.0784587636503616 -0.0476480509243662
-0.491653248868467 -0.342575165481342 -0.13786330060847 -0.185361057487868
-0.0230104303296508 -0.639368444878466 -0.0133892100391007 -0.366228734231488
0.316997486811511 -0.505603585900855 0.291580549192398 -0.396288428305731
0.328804633064364 -0.443817457782412 -0.0887983092537468 -0.2439652775503
-0.0121108427773022 -0.565057592390274 -0.033010162146172 -0.0322368777539704
-0.353922154691115 -0.330488363269612 0.0508818812574398 -0.108029769948219
-0.450351864369791 0.153464848549024 0.0127258827048389 -0.0755801750666449
-0.237205275658156 0.408337637017216 -0.0133930106529304 -0.0960857346657315
0.0358642590035112 0.455322459803917 -0.0192942787672859 -0.0798940552694205
0.262167688702501 0.351265926317728 0.00217935154473651 -0.0957121989357677
0.317916494268356 0.30977902044107 -0.0279158536727344 -0.0924556784852739
0.305013317470587 0.340231200909385 -0.0219887510519351 -0.0699485440731141
0.121672006284226 0.523289669581764 -0.0242824486283542 -0.0454952497077549
-0.226839186670309 0.538550965809929 -0.0147044474143968 -0.00494851997688477
-0.5483165254863 0.31216197492703 -0.1259499748988 0.0121987199121312
-0.601348370838247 -0.342558525212907 -0.17854222328168 -0.124948021907263
-0.098122884226812 -0.741058163228259 -0.0301329010232461 -0.235603837078951
0.316983351405692 -0.63929816078721 0.175727149621 -0.191979702015571
0.328478955396278 -0.509431498470578 -0.223818222642551 -0.0485489266304339
-0.063256172441737 -0.638253025058983 -0.028295650411283 0.124453675652513
-0.425876146545273 -0.354107950716745 0.0571287531932264 -0.0710840211618249
-0.4962809564437 0.176246326952078 -0.0318591548429509 -0.0627769218460836
-0.253275402887521 0.437815501731972 -0.0795428500567084 -0.00251404071609478
0.0320643421198782 0.480129478398464 -0.0010854644646393 0.079692586220201
0.259914256672482 0.371750120605895 0.100498959716917 0.0524666886061615
0.304956031238168 0.321808389118326 0.0868997104464959 0.0306969310567109
0.282965450480671 0.343350547937132 0.0853951123439936 0.0594741993931183
0.108010788352705 0.512243172005052 0.0385802385516331 0.0995162364718029
-0.215692605941565 0.51946908587406 -0.0221258745566659 0.120940599898438
-0.50686369544456 0.309370113300684 -0.154599564884267 0.0746673974595116
-0.579162528398744 -0.288003970711514 -0.193590665195065 -0.0528202695552319
-0.134680552985204 -0.702196645761206 -0.0296365798115017 -0.0935250332699881
0.267070437389565 -0.658295379834367 0.06885600645024 0.0311364898838181
0.271320066718244 -0.496075175520098 -0.355578118136958 0.175246740676776
-0.10001327767093 -0.595929990743891 -0.0253569570907638 0.298156498731391
-0.416119867079129 -0.306219579481251 0.0577696948642661 -0.00750187839285235
-0.441422791212192 0.166524892779043 -0.0711616399403948 -0.0311384254554163
-0.221292118712462 0.382761160991078 -0.131378859733893 0.100290916975819
0.0253791604731453 0.41757393689003 0.0225178684013123 0.232931794408081
0.21958053904711 0.327784880605632 0.187343769630298 0.195408998473507
0.246919971277857 0.284931506207985 0.189528619043698 0.148427935514225
0.215166773495264 0.299117011631585 0.177292287472414 0.176733290220691
0.0668724115403476 0.422616594957511 0.0912518437200715 0.222375844584987
-0.184089242938516 0.402526022961051 -0.0289866332476772 0.221228484937383
-0.379130399691574 0.228420939690282 -0.166053780086064 0.114860611836567
-0.438344205266386 -0.203285155843104 -0.184339206219912 0.00525642657377496
-0.123862166296976 -0.547282513950357 -0.0172611377413823 0.0224567248174206
0.182464324008077 -0.564988142112585 -0.0146639426228162 0.224091775975171
0.165167603947539 -0.391543659866559 -0.454183961872703 0.386185003912694
-0.112832509689189 -0.431487766725662 -0.0261176701308462 0.445828046143014
-0.310374108002937 -0.188149729361119 0.0566189587919598 0.0713196143249629
-0.287476870906102 0.117275340037789 -0.0870784259164145 0.00651090002577274
-0.145541126200111 0.247655380408694 -0.155029422348829 0.180088030382433
0.0107828508092326 0.27897231659194 0.0464352331828232 0.344830984072888
0.138836835046637 0.231395822759042 0.248024016028198 0.306344251405075
0.149215936041849 0.204543909662984 0.264331399258421 0.241769103727182
0.118106624649237 0.214993034754173 0.237458696879912 0.267669027731664
0.0186064561016092 0.277117435791345 0.119415480597376 0.306002151163067
-0.130121918758992 0.23233820297485 -0.0437535059063155 0.276724396783379
-0.213774944416566 0.113954448294651 -0.163619110035465 0.122240758972269
-0.245097554011676 -0.103485540485189 -0.159468961863713 0.0367362825733263
-0.092730368128644 -0.332893935204147 -0.00542881430260462 0.0937568964235286
0.077582431957233 -0.400832393580493 -0.0694150822305684 0.359203434110086
0.0291124804404141 -0.211865709684739 -0.497696716330432 0.544389414852317
-0.100598779886947 -0.182598270467766 -0.0199458207673394 0.540880839110202
-0.141022184573002 -0.033366492839989 0.0671027002529052 0.147229060071575
-0.079648143306692 0.044972546850299 -0.0667859025847444 0.0337721721058821
-0.0490687185426787 0.070110837351755 -0.145591108379185 0.214835712392218
-0.0107438019967519 0.0932987430550618 0.0638721232442832 0.391228873714436
0.0322673260692383 0.0985435789693166 0.269187744497291 0.364761391393843
0.0276579338802485 0.0949750456818509 0.299020740143362 0.296470472377595
0.010617177025809 0.103250374968351 0.257159459258641 0.320826935797495
-0.0205467199598867 0.106916611463962 0.118724796816016 0.348633996115425
-0.0580158822405975 0.0576909111859194 -0.0633062957152768 0.292158681017564
-0.0462843444426467 0.0160012974968654 -0.149711289266924 0.108029376263178
-0.0688700837019322 0.00456592614506944 -0.125960092818493 0.0490517942344847
-0.0746146323490736 -0.109545943736438 -0.000116521797569967 0.126795646324827
-0.0313667145409377 -0.204554028490962 -0.0983842806116364 0.426946050470189
0.101436366851382 -0.00840038374742208 0.117281737312393 -0.488790919427413
0.070464068919006 -0.103462633721881 -0.0800080876380198 -0.203890808421877
-0.0533887777517305 -0.0907796555553126 0.0582518512096578 -0.0547625023993638
-0.100332048814883 0.0474152709892977 0.124292661162453 -0.070480113900396
-0.0259602543680289 0.0966379444435076 0.104620082626302 -0.25963449154886
0.0409027802040665 0.0832410805060975 -0.0986231682275969 -0.371413267471727
0.0823628179235964 0.033197486296931 -0.26124538338476 -0.35237556202431
0.104613335536719 0.0220293031293007 -0.309062657823573 -0.311202219628908
0.105578520371009 0.0384717484060661 -0.276212342820239 -0.340285193476417
0.0529299856371529 0.103634969824979 -0.131673197171337 -0.366362315988549
-0.0432316312442738 0.129446767679516 0.0562342687650866 -0.275152931682713
-0.141255919564427 0.0519065924959638 0.0344045934832631 -0.0961334406996107
-0.0905451833973809 -0.138042415847635 -0.0427996644223841 -0.211802426049556
0.0990196841792674 -0.132477600196173 0.014839340299587 -0.494114537050641
0.146542160864678 -0.00506159653932043 0.456987213197545 -0.640135636383138
0.197321741313422 -0.182542190715461 0.0840462330170247 -0.46989015335844
0.048519644835623 -0.271531403047294 -0.0616031996242367 -0.194166033362309
-0.152688495239614 -0.178520292640548 0.0392579123926543 -0.0942876976528395
-0.225385869220827 0.0917490861807454 0.0859131077305092 -0.0661244121418824
-0.100930650223041 0.226436036924735 0.0832823954382166 -0.218651374627017
0.0544191906375028 0.238584654257852 -0.0693401213626151 -0.31485105086655
0.177476459566202 0.161475358249573 -0.195836561092565 -0.313276077150657
0.220380725527326 0.143695438763663 -0.249605106746438 -0.276508224161216
0.217424988364513 0.173706384898347 -0.227280103056325 -0.288279719755726
0.0969728413419598 0.305835653521397 -0.123422856405896 -0.300267119668743
-0.132761216213847 0.326914022917509 0.0233963327638471 -0.225108500342953
-0.346899136152127 0.159350712729983 -0.0250306636978443 -0.0830478546527695
-0.321488125899103 -0.269761838095483 -0.0961388047460154 -0.217920627197192
0.040184579675295 -0.434768912441453 -0.00726712786012326 -0.462140083949295
0.258804667499935 -0.29166124345612 0.385214065829977 -0.573082031241709
0.279159003353729 -0.343277245341996 0.0103596804037935 -0.390287794695399
0.0156970811780523 -0.437662646355851 -0.044218875486916 -0.139828214131776
-0.259957381424932 -0.263584182917446 0.0366479543733419 -0.121375577949323
-0.348939382651962 0.132982541225567 0.0478105931897214 -0.0751622702550303
-0.173686600680911 0.341414164637962 0.0380517140965888 -0.167756866878446
0.057885273466537 0.3748967966978 -0.0456568144574535 -0.217362342616149
0.248105406940088 0.27262451327714 -0.10704328876264 -0.22730452395464
0.303781652276652 0.242523434675439 -0.152135194387312 -0.199865405089248
0.29843679613255 0.278131584918478 -0.139220841260173 -0.192847326490579
0.13341723218957 0.458820450677054 -0.0866817104349977 -0.185813876743798
-0.187815076305509 0.484983256191572 -0.00327768886512405 -0.130314224726496
-0.493043964780191 0.27109483119322 -0.0845104950507068 -0.0417577611209358
-0.521418334216528 -0.333022926663838 -0.151484674407327 -0.185111110332208
-0.049733896986025 -0.660537235073525 -0.0318917964623053 -0.374940560166241
0.313236395599712 -0.529495799164446 0.282495060637455 -0.420145313389645
0.326400289846802 -0.471695064427608 -0.101452173955941 -0.243183480795438
-0.0342417572366406 -0.580976608672777 -0.0303499559394569 -0.0278943923172718
-0.375860458130274 -0.329296847337511 0.044559427928256 -0.118194403489966
-0.456071361447912 0.176504965063195 0.00820627883114761 -0.0800938065303047
-0.225638470136187 0.433371275466526 -0.0230230508997649 -0.0949811666442257
0.0598904286729341 0.469613096627682 -0.0233685201848405 -0.0796097147584488
0.285662713040974 0.347966738139063 -0.00278035956644925 -0.101800599396592
0.342217370537861 0.303324689292595 -0.0325829056640849 -0.0925072019780139
0.328466605494874 0.333875145129529 -0.0262805469584115 -0.0714572780178864
0.149748786134577 0.535797975530243 -0.0253982566087584 -0.0414306353432557
-0.207433303287997 0.567040923376773 -0.0163786645051626 -0.00402835639803411
-0.5508431283879 0.344017074987697 -0.131402504388155 0.0225938422623097
-0.634860929915607 -0.32798732376901 -0.190542316213473 -0.118488103206914
-0.133342833590145 -0.761795150121538 -0.0440091576252857 -0.23835377624561
0.3083308377318 -0.668545223228903 0.171476810089877 -0.20713725047837
0.323172424750909 -0.540877416777277 -0.233571902120162 -0.037462697641933
-0.0907807540895786 -0.654823081520844 -0.018690347734586 0.132876347313519
-0.453399054071836 -0.348729170650452 0.0527224383979161 -0.0793610453156209
-0.502962110373326 0.201846619649377 -0.0366147341731414 -0.065093750553321
-0.24123052559797 0.463611410214503 -0.0866651513743735 0.00429565117587432
0.0576706962966792 0.494557423863309 0.00307644287692705 0.0833998476611426
0.285727534443797 0.369192833190202 0.104900388606578 0.0453425662086734
0.329760181503903 0.316101645866692 0.0918816968323046 0.0287646452580787
0.306250046527836 0.340022799034958 0.0905592564250623 0.0567961689684401
0.135831716258799 0.524660556290171 0.0461854654639392 0.104866464961288
-0.198388463023728 0.546089939145416 -0.0173594207128467 0.126468042248281
-0.505999950467249 0.337963949421584 -0.157954448711732 0.0884973087826786
-0.606946199840187 -0.272962241788528 -0.202686664726394 -0.0420360505114226
-0.169053763455639 -0.719364130047677 -0.0372567683860798 -0.09273748373266
0.255126900764532 -0.684198697312193 0.069239073770314 0.0247225845959496
0.26449663521779 -0.524325709448063 -0.36128273426443 0.197863689271466
-0.130701425428092 -0.610473284671002 -0.00843039546289013 0.309565761765374
-0.440460827454712 -0.297953449949159 0.0572971936105067 -0.0123821388046252
-0.447501199223497 0.189743831206597 -0.0754099555524298 -0.0300399233816001
-0.210666245359975 0.405862880622643 -0.135521441700935 0.113099874314647
0.0444964995328732 0.431652354443641 0.0338874480219546 0.239214376668882
0.241383315147304 0.327177634593235 0.200968947034685 0.187302490908006
0.267463103352361 0.280481134333101 0.202480837669818 0.144411263550503
0.235054760868788 0.297334878782658 0.191562247391807 0.173821157251888
0.0888124432659853 0.433218026265455 0.107430383088722 0.227771807461671
-0.169516643319534 0.422578933645917 -0.018870820150121 0.229382816948198
-0.37846183038955 0.249431661670338 -0.166368913606392 0.129764973422372
-0.457394406480323 -0.191262369800937 -0.189729069736626 0.0193587385975253
-0.15224451005747 -0.559660322681202 -0.0192812708543533 0.0263878433705479
0.170353606673542 -0.585560935562073 -0.00892202565590618 0.225543278582885
0.156464171537558 -0.411449806743665 -0.454396892122885 0.418279569077825
-0.137140664851396 -0.439203420418826 -0.00325982111584868 0.462080147819375
-0.326391065474059 -0.180012700733496 0.0609022958059588 0.0702424312937092
-0.28982471267442 0.133841148970535 -0.0901271907224745 0.00981899364933674
-0.138595933240274 0.263029446164632 -0.155741535490729 0.196032063014666
0.0234569492115511 0.288610733233296 0.0634012688870298 0.353378809659187
0.153195100008694 0.2312466830754 0.267816225905642 0.299258551636621
0.16250860740188 0.203516481589103 0.283635138823816 0.237543481333058
0.130779392574882 0.216524165226753 0.257885179586682 0.26414922298678
0.0325380424839725 0.285483535017296 0.139394518380197 0.311729819771911
-0.122852964342648 0.243670222803722 -0.0311447532021835 0.286695394225036
-0.213479448865046 0.123557860435772 -0.162712095295017 0.135380423142518
-0.253518399071463 -0.0956940556238578 -0.162059046469213 0.0507383537287591
-0.111007262030878 -0.33850875903049 -0.00245720417135161 0.0981302902654086
0.0647363428819949 -0.414040732467608 -0.0584841962886636 0.366680765029531
0.0216624210872615 -0.220186391570359 -0.495883109178235 0.581592987172045
-0.113593930461331 -0.182963069333624 0.00590991181767515 0.558724025928816
-0.145771045478324 -0.0263950588909633 0.0769792517169104 0.149243421484729
-0.0797382603789799 0.0507320888276821 -0.0685716019028405 0.0368883928991729
-0.047516146317561 0.0751181263655449 -0.143975056795251 0.22948748810358
-0.00789960894911429 0.0978711353661567 0.0838952762613089 0.399400216146168
0.03627305376401 0.0999588763081181 0.293073492199327 0.358972715891665
0.0317735368191117 0.0972999399905317 0.321212348216706 0.292326137916805
0.015202883222151 0.106344234178307 0.280376501020478 0.317703514055427
-0.0159483855250979 0.110474482487901 0.141562738090712 0.352791179088583
-0.0578815861319901 0.0600825636834967 -0.0497120413318816 0.303327208418525
-0.0456647655418888 0.0161760227640722 -0.147595413541571 0.11932306579441
-0.0672724417848951 0.00926936565100273 -0.126315732424665 0.0615479080437878
-0.0830694950772744 -0.107878662723262 0.00499216975311957 0.131081140196999
-0.0431183685704417 -0.207127744946818 -0.0832547390863452 0.436686246370605
0.104645995515693 -0.0147359408480268 0.0872426135516895 -0.498577960572263
0.0654685090215977 -0.112378504249402 -0.0921589633261241 -0.19890247540929
-0.0608015372422479 -0.0916042336071358 0.0530626361810224 -0.0638150475367977
-0.0985669502963536 0.0543301922246367 0.118621332170775 -0.0809638717568959
-0.0194199043485747 0.0997312963606654 0.0855924477259021 -0.269676901154232
0.049479398911074 0.0809250025913195 -0.126407801251338 -0.366985873990141
0.0866530767442034 0.0265888818205918 -0.288605033448395 -0.336399626336424
0.107943768370184 0.0137601187904408 -0.332842110888143 -0.293986814533773
0.110443446574141 0.0296847438122503 -0.304063000844357 -0.326831167597104
0.0616258840290343 0.101941608592288 -0.157803459813959 -0.360409083218432
-0.0326855510054563 0.135724726426282 0.0373284272021058 -0.281821977438887
-0.139789386261187 0.0624585025314058 0.0289594864793285 -0.0970319901303055
-0.10130875930249 -0.135076821612689 -0.060282675136948 -0.214382137113745
0.0943634818635208 -0.141776320660597 -0.0196201987158509 -0.498077915023774
0.152125699786714 -0.0138812752252009 0.4245476632946 -0.675091820520025
0.192181418831162 -0.19813807192832 0.0561699838066447 -0.477800375837457
0.0332760632771492 -0.280858912849182 -0.0721609958318256 -0.189791266055283
-0.165503128146808 -0.174978455611093 0.0301467850762303 -0.102741902366075
-0.222333047108416 0.106383752339072 0.0797343279419008 -0.0736899365969933
-0.0861717169224254 0.23628009250166 0.0657406771449714 -0.225692414365103
0.0738263062282654 0.237938872323494 -0.0921476181959664 -0.312596176480138
0.191817112152311 0.149479500887324 -0.219905037164991 -0.30369595637559
0.233900870037642 0.128504305341697 -0.27044229503808 -0.262254120392547
0.232532872800309 0.15893157326687 -0.250244203028964 -0.275781020343155
0.120505771459168 0.303780369069557 -0.143980058795238 -0.293204955000635
-0.109582737698668 0.342056736582488 0.00729144717937267 -0.228767454997133
-0.339825946183305 0.185556040420254 -0.0315951239439861 -0.0791394152820002
-0.34423880448008 -0.253682343151255 -0.113529166122512 -0.21575737383096
0.0148353524043048 -0.444466844772243 -0.0388965059789334 -0.465611463091558
0.2501218412646 -0.309299943272441 0.356086276478268 -0.602759645263443
0.264975237197879 -0.366641537165029 -0.0140542939208985 -0.391896547626472
-0.0104093993373203 -0.444962329556694 -0.0492066178926901 -0.135586719382849
-0.27957968415593 -0.254268814081502 0.0255276008826725 -0.129117178351647
-0.344573311382464 0.155053920617688 0.041695781886157 -0.0810980949118849
-0.150874408914566 0.358048022339797 0.0232830621617557 -0.16983899379639
0.0874499535145306 0.375987840884323 -0.0611236239593651 -0.215525399767473
0.269058529396078 0.256011005834872 -0.125122166539071 -0.224151014283524
0.324749802050263 0.223539465546158 -0.166918571694146 -0.191367175795736
0.320420050687186 0.257147938721451 -0.154924495560421 -0.185299009437573
0.169239875336988 0.45486305351483 -0.0984092400285349 -0.178253948751458
-0.155444809783086 0.506527839539671 -0.0134498838718285 -0.130558395041323
-0.479527772070793 0.304711038597163 -0.0895499187929942 -0.0316569644726123
-0.549304300949351 -0.305898843307861 -0.168421154901605 -0.176761504759654
-0.0920341389445189 -0.668161142522218 -0.0602387884303801 -0.372526058039004
0.293730011548282 -0.55484730395556 0.258373395212129 -0.443630257292185
0.306053803391615 -0.500547082438811 -0.117501682336592 -0.236210649713323
-0.0728309638512952 -0.586020083052049 -0.0262214002895435 -0.0238775381414737
-0.399560099638951 -0.313767113507865 0.0336041773748158 -0.126643985778196
-0.448461645432523 0.206216063991098 0.00128810234038473 -0.0838191387864723
-0.198852867213821 0.454515710474025 -0.0342712063820834 -0.0920027974539758
0.0944245270671907 0.472485938062028 -0.0289665310081061 -0.0781486269302464
0.312971961359702 0.33040025172503 -0.0111089913008228 -0.106604841955455
0.36660648792096 0.281893314660067 -0.0378264133225694 -0.0909640276014998
0.354579549926234 0.312792650873696 -0.032169614524658 -0.0697504614417785
0.189744448720886 0.532433419768707 -0.0259247371795995 -0.0363995215353297
-0.169393415959027 0.59083726003698 -0.018134111961956 -0.00182536264960598
-0.53233530333831 0.383882616628189 -0.13234432338311 0.0370553631407486
-0.662302034424561 -0.294459301521341 -0.202487872510378 -0.104355993677929
-0.18334700040842 -0.766671942997582 -0.0628418050156452 -0.235156479024837
0.279777746602101 -0.694594079127998 0.157536019396077 -0.222302206668956
0.298748641125717 -0.569445598567247 -0.238132484624654 -0.0199624974834661
-0.134452192160726 -0.658601573602989 -0.00318051722350392 0.138052528145647
-0.478056924211687 -0.327185972185508 0.0455622354592962 -0.08738743309488
-0.495384025849243 0.237558062681287 -0.042408733007105 -0.0657833629125651
-0.211782048924572 0.487576158705711 -0.0925377552363931 0.0139481619661459
0.0928318949623762 0.499786396398083 0.00878667272443526 0.0850791424762627
0.312683534881073 0.351571082066178 0.106866181492547 0.0332334228218631
0.356293057424406 0.296537547382024 0.0962454960351032 0.0235186536591351
0.332850549660139 0.32230329557512 0.0959002279746716 0.0518232730626144
0.174752974237237 0.522536757114378 0.0576811982690228 0.106507516789991
-0.161863199068264 0.566739091346727 -0.0102100664247786 0.130179431137201
-0.487196746890237 0.373578690794747 -0.154818362768424 0.105141469704247
-0.630517300340971 -0.238694117733694 -0.20803474197576 -0.0242895007579669
-0.21744404095188 -0.719828050235679 -0.0452881780067528 -0.0877253985806261
0.223256206231515 -0.706745292647176 0.0678394816419109 0.0170506608156737
0.23784223581166 -0.550668580734374 -0.352759769838706 0.224388025399557
-0.170958065053967 -0.60891826166535 0.017402103074108 0.314919472717754
-0.463507654049099 -0.274997894511066 0.0556637383221793 -0.0181815648725175
-0.439229768383137 0.221413097374641 -0.0792564117157596 -0.0273422589708061
-0.184541776101747 0.426075140502081 -0.134311430689335 0.126934485809437
0.0758124391119611 0.435363503432463 0.0505786410833612 0.240268891492019
0.26491975861558 0.313306978920734 0.213529266926511 0.170026098171821
0.288741554776052 0.265502775390705 0.215842069623077 0.133297383567315
0.256664209525254 0.283425817667801 0.206221329159315 0.163289518956682
0.120382253818185 0.432923051009789 0.127882561007071 0.226259779788648
-0.142147583261927 0.439562677420751 -0.00402386615744543 0.234341455066409
-0.365808256698636 0.273736798572116 -0.160754103215386 0.146285199551381
-0.472606245335617 -0.163813648029488 -0.190162067341131 0.0382297531353248
-0.190153391262419 -0.557289449295713 -0.0189074338756722 0.0299950749453969
0.139694538547348 -0.599417674206445 0.00126152661802091 0.22357972539964
0.133263129487463 -0.428644211862362 -0.435630185071808 0.453549908617549
-0.168287214494151 -0.433775020570754 0.032288332476194 0.466611513524014
-0.339996619109003 -0.160761322425294 0.066239275357469 0.0662584735843475
-0.283492998910639 0.155474234798458 -0.0910088066851888 0.0146628652244543
-0.12223969906888 0.277334318951623 -0.148890583229122 0.212136528976463
0.0438814933697012 0.292300935301963 0.0878418191905369 0.353183667556483
0.169445343879785 0.223676303675291 0.288487517838861 0.278959251850924
0.177001307482635 0.194850574686506 0.303768583821729 0.221109834762413
0.145243865788646 0.209827300630797 0.279604163377017 0.249983051628351
0.0527548766052599 0.287002858049978 0.165079351532665 0.306854465936862
-0.109178426949735 0.25466183541322 -0.0107653934131885 0.292889877369739
-0.205754770816974 0.135698116179214 -0.155687320117191 0.151224023672467
-0.259471133492445 -0.0802245193876319 -0.158466414890189 0.0685289972414029
-0.135585914499981 -0.333815674875497 0.00293182957960154 0.100339175282593
0.0426597240133505 -0.41855690525353 -0.039609270320024 0.367771676171635
0.00668548895579411 -0.225739966587644 -0.467886658744375 0.619005519122297
-0.128874930350056 -0.17706051254362 0.0441927931566961 0.562162937223265
-0.147947949287218 -0.0155796595889434 0.0889356187207912 0.14675806951979
-0.0763833223535063 0.0578605471165738 -0.066821988107542 0.04161436491937
-0.0428090581108942 0.0802843800900133 -0.132994828075518 0.243907137928476
-0.00186267712252632 0.100416155949238 0.109844261906218 0.399623142044901
0.0428359348958646 0.0988967324604362 0.319267071435843 0.340336068016938
0.0377719558790947 0.0969277586367055 0.344915147580308 0.273814393106879
0.0218305809428212 0.107439439558322 0.306076319010192 0.303092684274722
-0.00869756100752217 0.112923346328453 0.169658481366729 0.346894279463415
-0.0564535852029296 0.0634512288665898 -0.0271468532877834 0.30981745018982
-0.0438655748402339 0.0168099678387841 -0.140725349867403 0.131349884048752
-0.0638236590440052 0.0147414971018851 -0.121445985777654 0.076112775163189
-0.0928952547355397 -0.101351016098407 0.0135890741442988 0.132212106110286
-0.0592102112122063 -0.204698606582815 -0.0590360909645434 0.441342267233833
0.105977223018955 -0.0222853382947048 0.0545559478123725 -0.494496623640856
0.0576019767171875 -0.118438791236233 -0.102086085401836 -0.187269373670422
-0.0674122794958898 -0.0894412716300389 0.0443393411629437 -0.0701395332589842
-0.0950442198418866 0.0598318124553441 0.108662277884235 -0.0887404150317759
-0.0121947539633019 0.0999776810283908 0.0627863851557208 -0.271565012193691
0.0565392722127459 0.0757530689045733 -0.151691141803053 -0.353583721957365
0.0892937640708656 0.0193650412593459 -0.306706360917883 -0.309569575721631
0.108301374206516 0.00404449611186589 -0.348757979222238 -0.267474122622359
0.111443831113175 0.0198601191678068 -0.321728270534157 -0.301207929059635
0.06944538804886 0.0965641251404139 -0.180272753399877 -0.343363508268133
-0.0207988760786183 0.137636663303369 0.0180758669874427 -0.279773313742259
-0.133141253058116 0.0722245725747151 0.0232428784998419 -0.0953918189155069
-0.109757979378039 -0.127506524233234 -0.0773680563377722 -0.209665725678145
0.0854456903723171 -0.148047331088366 -0.0535867806620698 -0.488762457820291
0.153254346942646 -0.0232965999741466 0.379702032610873 -0.690362969734535
0.181271121143961 -0.209802837108934 0.0257701522345656 -0.471937688474898
0.0146573931960478 -0.281420794424484 -0.0798967116163694 -0.180117082258225
-0.176271353577362 -0.165416623420712 0.0181926734660963 -0.1073177756911
-0.212827130564146 0.118754762041043 0.0710390382227629 -0.0789928600169327
-0.0692883380932191 0.238887256089836 0.045963942782744 -0.224591593336278
0.0916633450565206 0.229771957138032 -0.11354020714233 -0.300791475558695
0.199998509585893 0.132890360201245 -0.238459619245065 -0.283874137496958
0.240226030137182 0.108188069022622 -0.283907223080784 -0.239510216473422
0.240150867248238 0.137872458242855 -0.266085911878579 -0.254453385635491
0.141217475616706 0.290909610696183 -0.160524976282868 -0.27707590954396
-0.0824372248593553 0.346893919333582 -0.00925537945795136 -0.22557580759634
-0.322024546010147 0.206396033219174 -0.0356155897679778 -0.0720676065858081
-0.356701617646579 -0.230088132179332 -0.130325514149127 -0.205814802990977
-0.01254696519727 -0.44174453024583 -0.0716671924729099 -0.453409241276359
0.234568735847952 -0.321949557836128 0.313253669925495 -0.615107697371062
0.242616329364651 -0.380996945195122 -0.0372343870302693 -0.381673026120067
-0.0382739223003226 -0.439574963675276 -0.052138119664235 -0.128729155388014
-0.292310899711796 -0.236356543113319 0.0110992236730364 -0.132650768959432
-0.330334277469936 0.173949491298896 0.0331218426027565 -0.0839435794520619
-0.125592465230364 0.3651905162134 0.00715248847920632 -0.166394700946022
0.114693620017696 0.365604660278231 -0.0750883127563771 -0.207248491726554
0.2842392190804 0.232761115390507 -0.140744816130102 -0.214009135747665
0.336318602811174 0.19541525061109 -0.176623330072102 -0.176382417151606
0.332470082324623 0.229273568184007 -0.164800066224985 -0.171053732673988
0.20089904362449 0.438481593190714 -0.106354602068204 -0.166366936556463
-0.117172333896564 0.511378537539816 -0.0233859544198164 -0.126931246029737
-0.452392332139522 0.332985375970733 -0.0902203312462577 -0.0196150220177957
-0.563338632470952 -0.267843054615057 -0.179990093279679 -0.161443217961774
-0.132256723209476 -0.654975603810966 -0.0848749111437491 -0.360651601598929
0.264886162905299 -0.566132340454218 0.224529190657618 -0.453076602522127
0.273458019796776 -0.516809085596862 -0.129367870737851 -0.221826848475142
-0.109436305920512 -0.575605410223665 -0.0207623971732257 -0.0209733631967124
-0.415404020594324 -0.288392067748292 0.0196133602915367 -0.13057826474672
-0.428781716213085 0.232012919181467 -0.00593857044043603 -0.0846774004672823
-0.164606842080589 0.46287039621817 -0.0448912884048138 -0.0849113718991195
0.127850836285502 0.460862432198425 -0.033958737794844 -0.0735261509873899
0.331007604402424 0.30292630448217 -0.0213471918522534 -0.107402917003807
0.382270471669548 0.251876364470326 -0.0421190236317429 -0.0862434469553199
0.37201589837964 0.282730693951013 -0.0358430875266959 -0.0662318152988379
0.225856164935048 0.513679030892538 -0.0239314247067702 -0.031045831647032
-0.125109072894029 0.596159094203393 -0.0193564243795458 0.00102071144190897
-0.498322656157459 0.411486558028242 -0.128425300950886 0.0521192247805045
-0.673840948017422 -0.248798734435834 -0.207567317242749 -0.0863816092072257
-0.229515916374308 -0.747142105091344 -0.0787138779625173 -0.224487270023522
0.243087104625959 -0.703066414194074 0.13767224012648 -0.229251784356563
0.261629528604196 -0.584634941456255 -0.235833803028688 -0.00184362519719415
-0.176018827077371 -0.64061235549707 0.0127738671278701 0.136089842320302
-0.494357518993895 -0.295404513408776 0.0352868042913803 -0.0916269467133499
-0.471984661487308 0.265988615208157 -0.0471459998845946 -0.064481534577856
-0.17592228953424 0.49564925912539 -0.0949615626080744 0.0243286749274596
0.128455372555961 0.487548313583844 0.0141718802522628 0.0837582671652986
0.332102422355603 0.32406965769157 0.104286991807249 0.0216887833451297
0.371072146448422 0.266248759559711 0.0980770824977196 0.0171187402038687
0.348112807862316 0.292380649374935 0.0992336937328306 0.0457328749682446
0.209694430978896 0.505148357742751 0.0686427371364205 0.103819270757452
-0.12050255193831 0.5728206357463 -0.0011169646809254 0.130729641335664
-0.455775461512732 0.397830185439499 -0.145800591239804 0.120074293386198
-0.638089201787616 -0.196111454928506 -0.206007865386861 -0.00428067591443549
-0.261759388672538 -0.698468867496929 -0.0517741080196057 -0.0797676079196614
0.18440119835267 -0.708719049549406 0.0635038200148774 0.0102426259776467
0.20200286547321 -0.561444241878721 -0.334246586639191 0.246421702531673
-0.209847311259855 -0.588936298150075 0.0443409166206734 0.30838892146505
-0.473755992792557 -0.242277925752981 0.0516434614019978 -0.0235463138930767
-0.417194290349884 0.247681875058118 -0.0802783735618371 -0.0238529139348778
-0.1533347747566 0.435737802361225 -0.128427633649906 0.138670889250402
0.106644380265594 0.425848953456144 0.0661835223446957 0.234404351691854
0.281714529928255 0.290176863598273 0.218136462336075 0.149001968915958
0.30174480373729 0.241337945374877 0.223956724583089 0.116406364881013
0.270968265421035 0.261506822185064 0.21589997721438 0.147481332462382
0.150842564310522 0.419995984201591 0.146234164847611 0.215191186343929
-0.11023009542461 0.444003124137985 0.0128110483918749 0.232677148170132
-0.341829426736378 0.292518005720865 -0.147960857401554 0.159827364958531
-0.475057012657619 -0.134280247821034 -0.181992421685782 0.0570436022560059
-0.224632507127245 -0.537101840644542 -0.0179259708723098 0.0330714552774059
0.105818759655353 -0.60025475878695 0.0107234829792155 0.21714309073121
0.104642219005447 -0.433310739281959 -0.403175158903408 0.475536444062287
-0.19640809396847 -0.41757065194379 0.0673612560952606 0.456619496666707
-0.344831402613158 -0.136355024781581 0.0695471030282537 0.06038829409087
-0.268961495039583 0.171915007244117 -0.0886302363224795 0.0193589566576696
-0.101511325051069 0.283146498106638 -0.135480541014151 0.223217279882372
0.0644611654122245 0.286694684601509 0.110535311151416 0.343232337283619
0.181223757686492 0.208418208652111 0.300839239520843 0.251915696526521
0.186792638216578 0.180412772339876 0.315593957890257 0.197387880520996
0.156326228154184 0.197598285467283 0.295018275423595 0.227251926643694
0.0717829322281194 0.279907185862677 0.188995256489974 0.290998413871538
-0.0908578821622793 0.258155886767501 0.0106216925012332 0.2900907613764
-0.193470264974988 0.144781231181808 -0.143123742394094 0.162615146932476
-0.257616081281985 -0.0629537847667211 -0.148527711895333 0.0843195863092203
-0.156545395525079 -0.318092900405095 0.00898960194514099 0.0995882003202012
0.0161024581518861 -0.413824110259766 -0.0201213764965012 0.361057759203548
-0.00935362470250997 -0.223686242175242 -0.425944695113891 0.640330399668973
-0.14048508048255 -0.164638232661388 0.0831471000165567 0.54861060027896
-0.145062885723952 -0.00430245210739961 0.0999781461665692 0.138478952200536
-0.0702150204320677 0.0622772512880446 -0.0633801799112594 0.0451340748258356
-0.036642957363099 0.0822450538265066 -0.117215267989647 0.252059234105596
0.00517964456904699 0.100493163628122 0.135011548755072 0.386837308571929
0.0475125259734463 0.0953697014651651 0.335615227685147 0.310106310928531
0.0426422058170906 0.0936818820984151 0.359522845223495 0.247283154160812
0.0282071667786551 0.10567427010414 0.325502483676056 0.277528074134516
-0.00150508080847603 0.111957871107788 0.19416247898989 0.329292410508277
-0.0522646866629911 0.0652863031336835 -0.00350967929522842 0.306849823501525
-0.0418647287040488 0.017012780980064 -0.128646793151933 0.140612699562871
-0.058357683964513 0.0189444051309086 -0.110439631479309 0.0887464650285049
-0.100780631357238 -0.0912242370430277 0.0217471500228564 0.12867250759188
-0.0736075389679789 -0.195457072876653 -0.0311186114608177 0.433217769631452
0.104288706461011 -0.0278757846186302 0.0313914028113861 -0.478267133773251
0.0493774706559942 -0.120965590674755 -0.104853847670086 -0.17456191638854
-0.0720658460299252 -0.0865167280614616 0.0358632299457002 -0.073564731203901
-0.0901689965895062 0.0636968519287459 0.097926415765034 -0.0912594928884078
-0.00693325973652409 0.0987320325568891 0.0441551122343406 -0.265370838444854
0.0603823369223348 0.0698382411589148 -0.166014017858503 -0.332105707333115
0.0889658519745079 0.0127351349247524 -0.313117370377318 -0.28293787271227
0.10502076923261 -0.00362728197492357 -0.351362169717761 -0.241526678837853
0.109079685341645 0.0106930522809133 -0.328651024281516 -0.276606228389407
0.0733180631964505 0.0899840093681888 -0.19139753226953 -0.323121276700699
-0.01141161407788 0.135511618375906 0.00317883587563128 -0.271602731535669
-0.125542144888601 0.0778262943135873 0.0186365491036688 -0.0914732858692592
-0.113552252700639 -0.119612086974623 -0.0897234401892905 -0.200053054023954
0.0772842138112793 -0.149692938690745 -0.0782811940436696 -0.467858338284004
0.151654045452284 -0.0305698661338001 0.338852669161803 -0.68448836293413
0.168665338214833 -0.213930617811879 0.00507077557773811 -0.452970490729982
7.6829195452457E-05 -0.275988773116071 -0.0813836386508309 -0.168397232973496
-0.180755930044922 -0.15576186002792 0.00694890523234905 -0.107283021498749
-0.201097010609513 0.124668817298748 0.0617301712026298 -0.0805931978854598
-0.0543184551989903 0.236430771873741 0.0293217727110737 -0.218142168713776
0.103255561205478 0.217268202051364 -0.126223078417138 -0.284315437008323
0.201998437231029 0.116793000765902 -0.247613528967612 -0.262665158534527
0.23841857518882 0.090618153438885 -0.287406793409743 -0.217820722539704
0.239255262543385 0.118558670478957 -0.270956752525623 -0.232923325846951
0.154091532574694 0.275745005495505 -0.168571203196389 -0.258214806359094
-0.0606315156809388 0.341557619562137 -0.0207991308055141 -0.216850118622177
-0.301704522222469 0.215726328620435 -0.0377320285713989 -0.0641458350600085
-0.358474801849459 -0.207474292064321 -0.140253268073058 -0.192549581975168
-0.0320308688089569 -0.430605770403089 -0.0935942338912247 -0.432691778848417
0.220052559141622 -0.324552381079218 0.276229009326303 -0.609185811493173
0.22056543993398 -0.384503011220786 -0.0517984727778053 -0.364437495600877
-0.0587216416168917 -0.42609697025877 -0.0506463704486511 -0.121443742221965
-0.29617878199331 -0.220085035054291 -0.000987498641721482 -0.13214398669972
-0.310510669467675 0.183558588555832 0.02511353337877 -0.0850519678774
-0.102121574955937 0.361733682039014 -0.00582445974224831 -0.158313284952372
0.131791172539575 0.348219726795929 -0.0845335411600394 -0.195915787550403
0.286807596287815 0.210257477268072 -0.149488034861536 -0.201143874418528
0.337266571946156 0.169483534326245 -0.17898840329512 -0.162334982404463
0.333873486805297 0.203144173400399 -0.168332913961182 -0.157044198711433
0.217878541464975 0.415773747752673 -0.109022604127502 -0.15370280730952
-0.0857627117723276 0.504948185958935 -0.0301282123167952 -0.120037678099103
-0.422112258293996 0.344260732619371 -0.0874328568977715 -0.00933246066629033
-0.56173292113741 -0.235816604594912 -0.184854747610926 -0.144793683545372
-0.159508618922054 -0.633096615920022 -0.100725063883218 -0.341867862855574
0.238434041674023 -0.562995762705081 0.197595171935036 -0.447404566810019
0.243434688487667 -0.517438086514221 -0.133625017883343 -0.206021533153255
-0.13320331918636 -0.55274203766151 -0.0146127024983489 -0.01943513335856
-0.416290445390797 -0.264244521076428 0.00796841819718131 -0.129945513993962
-0.404506131699246 0.243780301376048 -0.0123236385342259 -0.084236062984609
-0.136641798751674 0.458634846532451 -0.0528637534819034 -0.0755457662044822
0.151337304256171 0.441528528859565 -0.0374279564637097 -0.0687364236272062
0.336465274674671 0.275197921063804 -0.0298591568580642 -0.104813639129572
0.384692129310485 0.222650669539972 -0.0433071173251245 -0.0817840782903234
0.37185655621591 0.252708808062471 -0.037019814668386 -0.0608536871805092
0.247594366225419 0.487514027172327 -0.020383753810907 -0.0271956479517198
-0.0899188402809676 0.587187927645898 -0.0189958801605539 0.00385609817694369
-0.464561859256132 0.422823712482984 -0.121004761121784 0.062615580050191
-0.666653268653161 -0.211575457474595 -0.205774266586072 -0.0686551248867183
-0.259403418874592 -0.714842610082883 -0.088310268501216 -0.210191057580219
0.212737891747717 -0.693998619226475 0.119548648647838 -0.229246012225327
0.228058582684863 -0.583726991793341 -0.227020509579606 0.0105783616441472
-0.200778096996022 -0.613135048808695 0.0255583477888344 0.129706403329931
-0.493788920202755 -0.266540748696944 0.0259230967331292 -0.0921240014785481
-0.444148465646236 0.278966028662629 -0.0498706874385239 -0.0630322375737648
-0.145404268359514 0.491085409885703 -0.0960196839982384 0.0329436102649234
0.151098320306814 0.466900589993882 0.0175061667216433 0.081740569894017
0.336696962974765 0.296509021852503 0.0983299664876645 0.0126677518334931
0.373435880072373 0.237845419803939 0.0978794334577777 0.0117231187253379
0.350049278907592 0.264747947902441 0.100641852839856 0.0408579584663628
0.23094860685 0.479598049990752 0.0769026702777032 0.0980503633527568
-0.086220625055567 0.562165664371903 0.00496070999376289 0.129003979675453
-0.422062489528094 0.406550388668644 -0.134330861411685 0.130150796224125
-0.629080475197023 -0.162095951410907 -0.198243884970505 0.0114444505921494
-0.286870429612987 -0.665700978557145 -0.054883774327932 -0.0725217173341565
0.156021921889563 -0.69706450657953 0.0578825847059906 0.00518701263013933
0.169899804439528 -0.556023559882651 -0.312775425397019 0.255918470871339
-0.233218498925262 -0.558606686170066 0.0630295525978187 0.294700088854423
-0.471107007298111 -0.215712280173644 0.0469295429999069 -0.0263331546068679
-0.391598383740428 0.259709627527424 -0.0790454675706014 -0.0219550002347437
-0.125788167917254 0.430292996312779 -0.122268493364624 0.14509311377444
0.126612592060703 0.409179975754562 0.0755629249287218 0.225646285244602
0.286316379278953 0.267822278784258 0.214834063975825 0.130369657688854
0.304929676831011 0.217389678414172 0.224734180927152 0.100896670620059
0.273718014503935 0.240541374747479 0.218913461228773 0.132522961270309
0.168694327308436 0.401609847631841 0.15868929043374 0.201276394877135
-0.0841755739734082 0.436769950943259 0.0243323608471429 0.225857747889674
-0.316554172557822 0.296842879793721 -0.134681362599131 0.168002589168841
-0.466107656697563 -0.107934181596459 -0.169624533234089 0.0701555913976154
-0.244264825489097 -0.508772921177607 -0.0163970899948894 0.0349609727141224
0.0800839900568093 -0.585874127085926 0.0163946116296829 0.207815816313206
0.0801987933860534 -0.426991880222219 -0.369977744175117 0.480473698897092
-0.212042485488327 -0.393374936721966 0.0894100444645561 0.435794709184365
-0.340262465252649 -0.11654836157208 0.0709151386673221 0.0546014562757598
-0.250658048725559 0.180011322901413 -0.0844325523771948 0.020706058915349
-0.0840296634994214 0.280185012401818 -0.123235507930313 0.226569214852788
0.0784097252300909 0.275630950239714 0.1243339855392 0.328438470246233
0.184430843649216 0.192851830022552 0.302189635869995 0.225810381473029
0.189620295459664 0.16548346259451 0.31729328775991 0.174977871109399
0.160888421435129 0.184284428753288 0.299560139657831 0.20522356344166
0.0846756841972949 0.269178797804499 0.202519907763213 0.272165943118828
-0.0760287331442956 0.255046793393871 0.0268725908843395 0.281184200984789
-0.180284011198304 0.146635599350136 -0.129376317362258 0.16809045467171
-0.249886014504572 -0.0497376319757433 -0.134791130250931 0.0941731884994994
-0.168222663874839 -0.298926095037809 0.0129434923431573 0.096354938887759
-0.00129377983975343 -0.399816107564473 -0.0068424572233091 0.346991052646555
-0.0213293056476598 -0.216675730204393 -0.386751406826956 0.640543661175308
-0.145945966140658 -0.150184622845239 0.107474626790085 0.524625345267313
-0.138943108886416 0.00313708598295052 0.106092964464752 0.129134487958031
-0.0632559629782166 0.0635768391789332 -0.0583495318764779 0.0455620867942153
-0.0310464359580045 0.0814336235269738 -0.10292698123729 0.252682280171289
0.0107325535181398 0.0982368985443292 0.149132522580978 0.369247497255297
0.0492259309245819 0.0905220391391925 0.33879038132973 0.282647214288104
0.0455192611315122 0.0904796434883732 0.361826382054529 0.220731061234707
0.0321672847004689 0.102381635063052 0.332302900968051 0.251969485912739
0.00419710508053765 0.108492466045626 0.20861484675491 0.307595480144724
-0.0491111960767679 0.0651165392610095 0.0155975234775791 0.297592950995308
-0.0394440140872398 0.0157142975396465 -0.11600090612619 0.143882331197955
-0.0524846907718042 0.0210688244451825 -0.097376091186504 0.0959632056090991
-0.103151555418308 -0.0812828894791359 0.026588437647198 0.122846508643896
-0.0821420755108866 -0.18313117862906 -0.0139979781963531 0.416582044367013
0.109349919070108 0.0193444052039267 0.213278056433558 -0.422329589007609
0.0947894516202722 -0.0884163813741852 -0.0287139838925103 -0.198384248876052
-0.0311066441850004 -0.110118790465458 0.0525749716449653 -0.0518705864199867
-0.106918546633486 0.0184950994845159 0.123367888218785 -0.0398181404410947
-0.0478810719249719 0.0874708382782673 0.145387194781852 -0.218572580466411
0.0276547558889029 0.0856300725512622 -0.0151733474747828 -0.360607617670238
0.0753197622059397 0.044628101421195 -0.16855991915507 -0.376703425702706
0.0959973064343853 0.0348049209805815 -0.220493679079711 -0.35222388061983
0.0916962626258839 0.0494536717119915 -0.185211188265435 -0.371405970823549
0.0306958104164459 0.108874806373068 -0.0463267717170639 -0.361368268064839
-0.0616196712754395 0.11746782988466 0.108338705944087 -0.237629523829299
-0.142958035413341 0.0229006161286424 0.0510795798977256 -0.0730093734358296
-0.0647579631051198 -0.153052924246443 -0.00419551557463795 -0.217096055179539
0.119669654509405 -0.114011211692037 0.114657104440177 -0.444523118568572
0.155664871787421 0.0150423674520551 0.575609916082596 -0.471674604648247
0.249830484536875 -0.122082311403158 0.158760748301648 -0.413664806199599
0.116352062488808 -0.244148882029278 -0.0179492806547386 -0.182026473591154
-0.0981289409792926 -0.217023321617579 0.0342789140391332 -0.0872669197157274
-0.22814969345651 0.0262007776318398 0.088070006075573 -0.0368428343816775
-0.144902197971074 0.189031777861396 0.119767189491514 -0.176584887066591
0.00689883615530917 0.233203568533023 0.00766375394223066 -0.299649487083104
0.133233289054158 0.179847656632625 -0.11571426237967 -0.331777986991154
0.179517667102347 0.171085750812118 -0.171212741474392 -0.306327881157674
0.166942152497115 0.194155938262911 -0.152264795284473 -0.307208889500947
0.0350097959634082 0.305216823870661 -0.0516366479332809 -0.291889971713546
-0.182439094981767 0.285431784607831 0.0636758321982776 -0.196855641648569
-0.352301627458747 0.0801256660812569 -0.0136903545467708 -0.0706808749041379
-0.258771247047447 -0.323754836895106 -0.0515846575558766 -0.23434030270795
0.122336262595168 -0.406195035661654 0.100196571515524 -0.427987271172559
0.323541153107711 -0.229031358755791 0.500338726048145 -0.419809285568511
0.370726514247677 -0.25379534066934 0.0532899909021745 -0.35857519121962
0.127280036203123 -0.39827618717822 -0.0156093259761946 -0.125308335419641
-0.172510878632701 -0.320868514371463 0.0314990261259089 -0.105682928788787
-0.347431972462495 0.0316441709906385 0.0580972215698378 -0.0478490757077357
-0.236185083072693 0.279081821719058 0.0694012790734307 -0.132794070092339
-0.0203251585824565 0.360277713178713 0.0146272976294796 -0.20177834634996
0.172066521267639 0.295879588717057 -0.0506911394981052 -0.239887857189089
0.237106184340672 0.280931547069518 -0.0950708130993457 -0.214765115279157
0.218633075235238 0.307053080946194 -0.0910418460484176 -0.197456393914237
0.0436222428828553 0.454719095000682 -0.0409544888526849 -0.172157245429305
-0.263444736556194 0.423187157664757 0.0168271949700085 -0.113503613556157
-0.507401743961283 0.150775167118086 -0.0835839002225099 -0.0407117065885257
-0.433318504441915 -0.422343510459235 -0.109609989594176 -0.211796584620382
0.0784262681044765 -0.632722225285977 0.0661830121153913 -0.358378806424174
0.42608926993713 -0.436625052320596 0.375763179735987 -0.302588351652021
0.450132693453461 -0.365019870205747 -0.0980815783943689 -0.25046281681146
0.114321646931395 -0.541098093245202 -0.0301799275569131 -0.0178066073076891
-0.260449179954612 -0.409243060870298 0.0354665804836861 -0.0922085903365544
-0.453396691341988 0.0451175899670992 0.0271467816889896 -0.0565141652957696
-0.305857450003003 0.349186040714312 -0.00179183067570474 -0.0739174304346762
-0.0407432537795901 0.448346434586719 0.0101835120833624 -0.0685808546869578
0.187637123433655 0.371883639981713 0.0193408600034964 -0.107252481887521
0.259574452754762 0.345704771684073 -0.00531478854948448 -0.0904525783953333
0.235114324199758 0.365905128256756 -0.0112618804929942 -0.0596811584306456
0.0423953518305684 0.530965085517212 -0.0112674927090287 -0.0237577601319933
-0.298005269480125 0.496906439389718 -0.0226533304271145 0.00147979226486113
-0.575213593473134 0.206138088938909 -0.143543118830683 0.0119221420879647
-0.537325050813446 -0.439205631930741 -0.158706711999344 -0.15165696049315
0.019757006600478 -0.740297823262015 0.0291570519332395 -0.239718560886858
0.448435999331936 -0.562662257394406 0.225022365605637 -0.136949376742446
0.465255045621123 -0.431674394204195 -0.275006274250551 -0.0907463450026687
0.0802753248819694 -0.620816764107382 -0.0570431834112614 0.134098674247754
-0.32878890116893 -0.44274721504744 0.0374671605665551 -0.0451180177626957
-0.501218600908433 0.0594765697988629 -0.0127829479889445 -0.0492121081354509
-0.32644292046656 0.374227716039245 -0.0819620377789405 0.00790962492734624
-0.0496938537373614 0.471953956023021 0.000671436871610938 0.0879719798305303
0.179644108866956 0.391253278144226 0.0875253382322104 0.0477424046032962
0.243073116527333 0.355595895999585 0.084716221748258 0.0473799695988439
0.211847331499332 0.368079310608137 0.072354810830331 0.0830985460012138
0.0307846245917163 0.517479554008841 0.0279714482893899 0.12626291990639
-0.284669795762873 0.475547569032372 -0.0499520693138498 0.121264074853896
-0.529868759781091 0.206525027696818 -0.181882418283227 0.0672111525664102
-0.518702449056666 -0.376877737266348 -0.181746905809313 -0.0749580834301694
-0.0227964232366578 -0.704423628704925 0.00363496916317138 -0.105330618413283
0.395434252740908 -0.58380145647778 0.0768111044926859 0.0460500764349243
0.397717804741437 -0.431708195447699 -0.445937811451579 0.0994680408439838
0.0285763504461981 -0.589397493923777 -0.0869455409309649 0.297308139349291
-0.328915308826534 -0.387011444944977 0.0346623795963067 0.0224078290540434
-0.446634025448538 0.0654232744211243 -0.0547520919106815 -0.0265224369797414
-0.283532161239574 0.326642062086801 -0.152158760184708 0.0968943006952805
-0.0487654168729754 0.411309974758816 -0.00634019072946185 0.238166972445204
0.146297946992106 0.346041264000954 0.144846583573311 0.199267788010983
0.189501911437145 0.312362394293259 0.162163634797262 0.177009918803762
0.154061311123711 0.31866145496633 0.1424090762042 0.208812061375462
0.00482595023464763 0.421766782885544 0.0619200142853327 0.248824155189954
-0.235381323036924 0.364739764254933 -0.0694214516935214 0.213903491185396
-0.39457874151221 0.147256179820964 -0.19429979282672 0.100362543689876
-0.386332669928118 -0.266266238582388 -0.17809266850122 -0.00833757359430983
-0.0396308404492946 -0.546626314077828 -0.00891416562670837 0.00879836182834552
0.285526594866273 -0.50172702660483 -0.0448597752188713 0.203557240270334
0.258095184192352 -0.353763576721978 -0.572509914795596 0.282247098405906
-0.0240440616751639 -0.43245070328334 -0.111713845418766 0.434958238183602
-0.25269853784434 -0.243716030126176 0.0322093771891259 0.0975907714019876
-0.29067287572684 0.0538475010902154 -0.0778973479764122 0.00151657029724904
-0.185247646915648 0.210724771845572 -0.190989235197976 0.16367839768046
-0.0401772317819624 0.273201483529083 -0.0091640773419735 0.347163507221907
0.0848966847743847 0.242265034854974 0.18258300927643 0.318530183123926
0.105812649093752 0.222319579829016 0.215649364121104 0.278630206384436
0.074821115752996 0.226761235624793 0.186523736495064 0.302236882574114
-0.0206798662364219 0.272470917690864 0.0753232538427735 0.325783332792733
-0.159969294255154 0.202429557951473 -0.0861691974036165 0.261982345136379
-0.214914534362338 0.0641435257700343 -0.185119551819111 0.101935367368248
-0.208462587597466 -0.133461357207686 -0.154169364765671 0.0319957401360684
-0.0453101902606597 -0.327004222260464 -0.0140909939824833 0.0791387328424869
0.142199285324001 -0.359392220133159 -0.127267950745583 0.311481941520524
0.0740250849049644 -0.205214391731301 -0.628925309977481 0.424227100474875
-0.0671212053193574 -0.192226997401181 -0.119188729492968 0.519436327751712
-0.12270595645731 -0.0526221592759375 0.0457071175320702 0.167910535190955
-0.0791654396663762 0.0289377150963294 -0.0665044628817504 0.0218354043623464
-0.0585123455181035 0.0571810198149692 -0.191487065993602 0.189378456408204
-0.0302251294988911 0.0896765332561476 -0.0104699415488154 0.390097308856794
0.00631829034260241 0.0995919466251364 0.19183408487751 0.385528625274556
0.00574505053642467 0.0996736029015145 0.237836654902685 0.336813090097512
-0.00802218786514748 0.104427740443947 0.198331470245377 0.352342295811138
-0.0335042063833653 0.0980968671200712 0.068446740540551 0.356800390522783
-0.0660834204226579 0.0409170528330762 -0.100752373535931 0.27064156510798
-0.0395918150369967 -0.000552048224971785 -0.160413186881612 0.0845554284613074
-0.0522550197409066 0.00335239161960874 -0.121200203243196 0.0523953719119957
-0.0648877209061828 -0.106718445080731 -0.0208137259377408 0.113232004864508
-0.0123684758004633 -0.188212669237444 -0.167732552635526 0.364085431448279
0.110962165544776 0.0158863619826403 0.201707869449298 -0.417929872986477
0.0914417967388036 -0.092924246054127 -0.0292457719484943 -0.19318556470507
-0.0352263546255634 -0.111467557554645 0.0472704205797469 -0.0564139548128571
-0.107623641437838 0.0225491637386873 0.117119369795023 -0.0433098322036684
-0.0451150808311463 0.0897534259736258 0.134015843508802 -0.219956412511873
0.0312835043605864 0.0840983943049706 -0.0280897348984261 -0.354365810646546
0.0770174611086122 0.0403498128606915 -0.178553411122987 -0.36577737055795
0.0963997385568199 0.029952916913099 -0.227676547134447 -0.342220100480965
0.092728123110945 0.0443562716092693 -0.195827331413393 -0.361776456158771
0.0341039375619633 0.107099967146248 -0.0545794414556517 -0.355997223800055
-0.0561510705431512 0.118647986541678 0.101494713257332 -0.237926815187315
-0.14094155456802 0.0275055903386638 0.0497218009450821 -0.0713478037764613
-0.0694052374343512 -0.151309241526597 -0.013815038221975 -0.215837901097069
0.1179394274624 -0.117550673566103 0.100342356158209 -0.439601980625688
0.158628969752316 0.0109050285217639 0.560809098285653 -0.477722216722854
0.246435749721028 -0.128029263535928 0.149354982115973 -0.408613242310069
0.109226308807612 -0.246268780329855 -0.0173113871407748 -0.177620631077258
-0.103966763559005 -0.215748738254956 0.0273951107338521 -0.0901432425428178
-0.225574769062788 0.0323918190339758 0.0825934126951667 -0.040178127664057
-0.138110094196672 0.192931881449822 0.108807572891151 -0.176993947080392
0.0153129516542201 0.230356512368968 -0.00370137764371511 -0.295396808300599
0.137827628120848 0.17277237561807 -0.125876847534374 -0.325225694531672
0.182884165363288 0.16160917964297 -0.177153921880109 -0.298234928790287
0.170795117066974 0.185855871717115 -0.159669998558055 -0.299162916742284
0.0444266210539094 0.301661606686053 -0.0576751159838422 -0.285995199372217
-0.170412197834115 0.289676454263631 0.0566103567033404 -0.195536940122404
-0.347208589289895 0.0896659333335497 -0.014994594352765 -0.065327453701948
-0.264772936740489 -0.315131121761057 -0.0607969271873652 -0.230200701547055
0.113953039259088 -0.406745481904961 0.0869055697268414 -0.421881901268057
0.322675528494692 -0.234544527941864 0.487943159545466 -0.425403898850979
0.362791514304681 -0.261189189516197 0.0468350424346143 -0.352061571081906
0.116006233311826 -0.398535710993381 -0.0125735838926881 -0.122200679833691
-0.180222770114547 -0.31822820043877 0.0240898652565995 -0.10804012761676
-0.343229150908013 0.0389215049758894 0.053670526549579 -0.0515920880248439
-0.226921959909548 0.28399585202072 0.0591626772636412 -0.130806263798874
-0.00719107317833682 0.357996946992267 0.00646670249597609 -0.198857525893649
0.177714250211568 0.287030188429064 -0.060137840490393 -0.236271452490987
0.242268498828182 0.267889144514882 -0.0987285883444288 -0.210672172602942
0.224497286495007 0.294492886464863 -0.0945620245340493 -0.192141996170625
0.0559404052016734 0.449697230259761 -0.0422614286156703 -0.167467614269642
-0.248110308080152 0.43017296052924 0.0118535026316417 -0.110940755649698
-0.499159173397812 0.162141567162119 -0.0832571850117936 -0.0318750323015037
-0.441204209785751 -0.409190870371955 -0.11645156558879 -0.204857555486592
0.0661551023710456 -0.629704180396034 0.0531597392597288 -0.352872505681001
0.420737655422914 -0.443273624222616 0.364402040190656 -0.306657187344383
0.439775699346525 -0.373567655183944 -0.100393221778235 -0.242926846640374
0.100368403404096 -0.538538758180537 -0.0240205027146424 -0.0159129935761256
-0.268875078457976 -0.403488495906691 0.0289143816141137 -0.0943411716855516
-0.447655913040413 0.0545037960587552 0.0230328438120282 -0.0601183089647894
-0.292820771598016 0.356106080229939 -0.0103476433890111 -0.0695923993084811
-0.0245387641748563 0.446438563735405 0.00625645829959079 -0.0662284277541259
0.195333814882027 0.363396960724456 0.0126147722669369 -0.10800423011672
0.266857106218841 0.332924920089434 -0.0058708413276068 -0.0901089769537045
0.241506569395551 0.354151567959212 -0.0109423491882871 -0.0574155567182728
0.0601715590212311 0.52528139123892 -0.00784930606131173 -0.0210096209415793
-0.279684358800812 0.504106670156501 -0.0237068703460321 0.00463427591356084
-0.56338138548482 0.2183479807399 -0.141380041051936 0.022558413953857
-0.544099792102448 -0.422326724426446 -0.160812244145969 -0.141471496938985
0.00355011459566612 -0.736965273739269 0.0207341438646963 -0.23608049959746
0.439936837597634 -0.571399315855828 0.216898176447755 -0.140137155735074
0.450060200790104 -0.439845246207492 -0.273451938887304 -0.0814446772873233
0.0632488696621236 -0.615415596334852 -0.0469675789995098 0.13414555687015
-0.335911173991578 -0.434026486940126 0.0330997067706742 -0.0482030333325153
-0.493612734444197 0.0706090725053522 -0.0153280655279694 -0.0528088115615357
-0.312684139471264 0.381508765382033 -0.0875215196516844 0.0138788719923376
-0.0343324577650858 0.47043179133164 0.00192180092239886 0.0888357520649718
0.187631470596358 0.383455973461781 0.0839890388229771 0.0431645201211914
0.251529302507581 0.344064125441633 0.0872297414519578 0.0437062434469311
0.216682032727987 0.358814682219092 0.0765420152163526 0.0814610192913362
0.0477919542093048 0.513453845117188 0.03548208570856 0.125862700746167
-0.266803130130182 0.48076236602914 -0.0473237660352448 0.123433174038293
-0.519685877827083 0.216632459722239 -0.177234195073556 0.078440275974803
-0.524257297765775 -0.362361424865896 -0.179939177742732 -0.0635738661902128
-0.0403965545966279 -0.698049923375771 -0.000288603093364126 -0.102268840629539
0.384821459727963 -0.586809189346718 0.0739300160059149 0.0427967626551065
0.384398143310879 -0.438364185164564 -0.43896487680318 0.108509352545427
0.012339395607142 -0.581950401569059 -0.0745820516668823 0.29509720915155
-0.33372329700911 -0.378782276801189 0.0327453459172853 0.0198860418267282
-0.439213626416726 0.0752728120242436 -0.0541472910729522 -0.0289407430246264
-0.271904696720344 0.332044738150697 -0.153467277320017 0.102825073627436
-0.0347713255322416 0.409362984798373 -0.000618458814812479 0.237311483604793
0.152181589430966 0.339853190342348 0.145223475627537 0.190538939695002
0.196020408404963 0.30260585946876 0.166705170793707 0.16966354641077
0.158544353569665 0.311381838336878 0.150027430078172 0.204023259470367
0.0184914770147456 0.419567881862417 0.0725440858695168 0.244998424185215
-0.22297114727127 0.367192781567558 -0.0621704782835178 0.216257292998725
-0.385172213185155 0.154238988447739 -0.189004019307878 0.111472257307581
-0.388053677867178 -0.255481389757968 -0.173786427458207 0.00333971052583796
-0.0530902977122646 -0.540228382574797 -0.0100526718409428 0.00995361498502685
0.276807245060569 -0.504825534476043 -0.043728394750717 0.200297259518045
0.247149317139545 -0.355729647933082 -0.561442975734459 0.291524964581293
-0.0347114320731732 -0.425810665628664 -0.0966252957263532 0.42957478908004
-0.255494946230887 -0.23563467236648 0.0348809465398408 0.0954017509864531
-0.284613171132749 0.0595438342883245 -0.0756692529601408 4.3258249573035E-06
-0.177586604982615 0.214050716540625 -0.189109581259206 0.17029328943655
-0.0307658154649637 0.272435075468275 -0.000264791806306826 0.345109252057813
0.0897480175510662 0.238247566777124 0.185950653296982 0.307944900308092
0.110436607579462 0.216969755660578 0.2223627119572 0.270198718315481
0.0791329054236056 0.222601252666321 0.196189077923928 0.294162342192739
-0.0116130344026498 0.270962398255572 0.0880994580451993 0.320156592977555
-0.152851760807044 0.204816688226283 -0.0769782885531407 0.263524548287233
-0.210308433714307 0.0664675628202519 -0.180035153310087 0.109926868962108
-0.207547457232125 -0.126778623929286 -0.147813383665881 0.0414665950227936
-0.0548155553368656 -0.321153784565385 -0.013003833166513 0.0787785687626368
0.132928068055304 -0.356825766493024 -0.122056212441261 0.307954584782433
0.0665020741760881 -0.20507602923111 -0.616809057450151 0.434090846740386
-0.0725806490138739 -0.18645346373624 -0.10627316326127 0.513704955601358
-0.121513137676026 -0.0486546034469779 0.0513089629311253 0.164631200906668
-0.0758971193486052 0.0301616575557361 -0.0639631397084416 0.020500235070492
-0.0570550032545928 0.0570632742928955 -0.187267577476344 0.193984485231179
-0.02707741289794 0.090123208407261 -0.000602596775021924 0.388503808962671
0.00755099616852757 0.0991336168874734 0.199136140788727 0.373854167264509
0.00775392572112368 0.0991491146460172 0.243145110996766 0.328159779865605
-0.00541091754671982 0.104888380520827 0.207783526570917 0.342884340772359
-0.0302373501422918 0.09769523811473 0.0807664539309653 0.350698580892887
-0.0652312430648225 0.0410810245538332 -0.0891554248008167 0.270285855732494
-0.0388086285750705 -0.00199015107050785 -0.155474479295441 0.0899532778631372
-0.0481967460051241 0.00566781100281469 -0.114376149427743 0.0597419172750131
-0.0692028038674477 -0.101247814342399 -0.0184063940259653 0.11156182202177
-0.0186259306125664 -0.183734660374101 -0.160043595196921 0.359074994313111
0.11421110697546 0.0113785217513753 0.189486503339065 -0.421908376817381
0.0876411931799709 -0.0999319085081202 -0.0328517864879309 -0.18961757798064
-0.0427547999646954 -0.112543475426633 0.041556968636932 -0.0615199304127135
-0.107988993161422 0.0281084030917936 0.111571624741204 -0.0477466445867301
-0.0409298651793739 0.0933497115083224 0.120916893772234 -0.223998453122507
0.0365671836970407 0.0825240774357181 -0.0449523983487832 -0.352733436743991
0.0795335221711571 0.0354445142577176 -0.193596887166146 -0.355937363967818
0.0975218622154514 0.0243871567453593 -0.242214125763709 -0.332785394044407
0.0943465728394483 0.0383121482510142 -0.210863246295162 -0.353161044611803
0.0398356519384265 0.106253492012791 -0.0682818115774432 -0.352467209398194
-0.0497918568701362 0.12303221943383 0.0929364137299227 -0.241208582188049
-0.139108935195937 0.0337601838474108 0.0483963952134997 -0.0711188844674344
-0.0761857595504408 -0.149720321472185 -0.0269852587963882 -0.215625170942995
0.115976266732555 -0.12419006206017 0.0823657842412923 -0.441153650357393
0.162893940994789 0.00402217104563493 0.547722079563477 -0.495044822048065
0.244215506000525 -0.138179382646649 0.137409344459105 -0.410443829712195
0.0995231221142869 -0.252085878662226 -0.0181103194869943 -0.175773248262537
-0.114599237513761 -0.215273327163485 0.0196074618340253 -0.0936859906335709
-0.22583252575128 0.0416573917262713 0.0768022536911359 -0.0439283200865523
-0.129886872831576 0.200640787131346 0.0962648820432267 -0.178439619640429
0.0267548813900689 0.230031992306224 -0.0182960285730357 -0.292992390075481
0.145721043946237 0.166481444535845 -0.14101733807245 -0.318313902216373
0.190267782548919 0.152055058725446 -0.187843515956703 -0.291794984112434
0.17709552628113 0.176863792592512 -0.170620118390028 -0.291650985430574
0.0578818572086527 0.300342257938191 -0.0676159948119441 -0.282383676447955
-0.156844721188415 0.298038478314367 0.0482909473080348 -0.196585330887255
-0.342723624634792 0.102813017731238 -0.0169883105447167 -0.0607977661236126
-0.279443921466425 -0.309315708138821 -0.0725906917565156 -0.227365085844996
0.100856811809098 -0.4147922051885 0.0702086033360265 -0.422345715229095
0.320614207071181 -0.248572196061866 0.472517144828773 -0.44229429720931
0.356136832640586 -0.276374152054915 0.0370038520808748 -0.350100051044887
0.101318245166145 -0.402454820688379 -0.0110547979381379 -0.121209451584573
-0.193658084154831 -0.314970214242594 0.0152587648696185 -0.111271187163882
-0.342400121845256 0.0514786780497645 0.0476047079541063 -0.0560367788283473
-0.214690431580261 0.295099705586077 0.0479933958827439 -0.128933486869124
0.0100044922289806 0.357804699961423 -0.00383616924134123 -0.19661874657741
0.189554130371532 0.279399498072919 -0.0725865754089355 -0.233147985915008
0.254366703368473 0.256567010107835 -0.105755686056295 -0.207543255615766
0.234041912749893 0.284272596763106 -0.100325926854718 -0.186959449882147
0.0766418006192975 0.449049819169384 -0.0459388338649221 -0.16392331979267
-0.229507534369178 0.441770556055767 0.00661739130990813 -0.1094515244225
-0.494410422336719 0.18179669029223 -0.0832134380334003 -0.0233817394928315
-0.459318789159064 -0.395540769360875 -0.125650935855455 -0.197609614491321
0.0448481470053202 -0.636305607751379 0.0394136729572863 -0.351999553714283
0.412108857324643 -0.462903164621208 0.352899638663514 -0.319250487600844
0.427505044230585 -0.391730623569343 -0.106487969112726 -0.236095027202215
0.0810356205088635 -0.541958344136516 -0.0179120330090203 -0.0154980833130369
-0.286193674373401 -0.397288965633852 0.0219920405730571 -0.0973787076507042
-0.444771839582777 0.0715195186287398 0.0179161297412164 -0.0654142366990528
-0.278561530356451 0.370171485965032 -0.0195039718592482 -0.0642314836911903
-0.00406578705821002 0.447960326561701 0.0014948528166429 -0.0638273559084398
0.209227755399046 0.35483370964936 0.00424636828555641 -0.108831403675503
0.280196123506711 0.319351373599339 -0.00810330784241246 -0.0914794986450289
0.253848724334588 0.343263568800833 -0.0104050683869659 -0.0559811016791683
0.0842291398307804 0.524119000119832 -0.00489117562294197 -0.0194184540474557
-0.257140912318985 0.51724380187613 -0.0248329360761458 0.00775031206764361
-0.554447803552917 0.241130296756079 -0.138886063320585 0.0349692390708841
-0.5634145573417 -0.40388811927921 -0.165364286606954 -0.131514440562026
-0.0223449373781648 -0.742205768048435 0.0109111510277099 -0.233198186551737
0.427627901489323 -0.588923025573389 0.211171793640248 -0.147253458543045
0.433592027766998 -0.457015134303202 -0.274876686057394 -0.0701672578236494
0.0396641016184743 -0.61675909065531 -0.0371141574973435 0.134295422203541
-0.352211581104679 -0.425640408142447 0.028875450915611 -0.0509676594455498
-0.489937152106776 0.0886765685249879 -0.0187771819763738 -0.0567272132055003
-0.297257681488955 0.395153115950394 -0.0934054264525289 0.0218440376018261
-0.0126738562554701 0.471858269352445 0.00394219261232451 0.0916852740166567
0.201733453392268 0.375649004050298 0.0812782208196424 0.0387467097025615
0.263491991089715 0.332245288212656 0.0904248929677572 0.0388407737447301
0.229719561647956 0.349797076279664 0.0831105099883948 0.0786618514575599
0.0707764191254403 0.513415943431279 0.0452050454356495 0.124848314284624
-0.247104128585036 0.495629071533539 -0.0425650494978363 0.128684835762105
-0.510887194635696 0.235680239397937 -0.172016421536187 0.0926784239720094
-0.539143679006687 -0.344667074944701 -0.180415477526663 -0.0513171340477241
-0.065280112263059 -0.699921022981033 -0.00505672177126253 -0.099499842396893
0.372341264448038 -0.604784179421789 0.0715547040601376 0.0394370841106073
0.368535018747454 -0.453574757639839 -0.435651879956395 0.124535777407072
-0.009072531635266 -0.579949818551389 -0.060166628775854 0.296293394346867
-0.350373917275841 -0.368016763145131 0.0330841110172317 0.017746542761564
-0.435727578552404 0.0892822668501406 -0.0562825535077514 -0.0319858008840548
-0.259413359215657 0.344180279421177 -0.154207508902071 0.113688472492867
-0.0157155563423133 0.410888317009743 0.00773127026114185 0.2400776757154
0.164850163952865 0.333235943346028 0.148750728075336 0.183660841593662
0.208143083970462 0.294051039741864 0.175030132485142 0.161821349199343
0.17014488908553 0.30516667675447 0.161808257203523 0.197886382074538
0.0375199508448789 0.419253259444997 0.0870353322149133 0.242015610030194
-0.206919424092885 0.378570051736343 -0.0530926313382489 0.221787576838671
-0.380428568870495 0.168059480697055 -0.182481216227939 0.124688180004758
-0.39727390779464 -0.241617753837347 -0.169219206576081 0.0151802928147872
-0.0735240832722621 -0.538491023932173 -0.0110089174516188 0.0113426790959784
0.262480398388431 -0.51417951522009 -0.0407652865379943 0.200221687797805
0.233039828608339 -0.364825168489067 -0.554215048527683 0.31106480744482
-0.0524707493549572 -0.422325685062181 -0.0792695358965742 0.432405828412242
-0.263835210289253 -0.2268724685706 0.0390630252245766 0.0938913247233334
-0.28068369936675 0.0692514546375983 -0.0751156117871161 -0.00178482868977913
-0.168978816252399 0.221805154968501 -0.186121065363792 0.181658407886543
-0.0187666400195759 0.273774390302578 0.0128603263568 0.347230781896115
0.0977535680165223 0.235562069946222 0.195452432004939 0.2990955800886
0.118206853383109 0.212210491060451 0.233910664716711 0.259503796172939
0.0869268887435646 0.220620434935799 0.212052260007633 0.285193178631535
0.00104160843557447 0.271795250539533 0.104500499646762 0.315487889343041
-0.14524134970224 0.211566976147506 -0.0648550337318522 0.268683240467853
-0.207029768224673 0.0726835114870816 -0.173844221681432 0.121750611117266
-0.210028620103551 -0.118959781690176 -0.141400409324531 0.0525400123128294
-0.0684525340307418 -0.316532027149707 -0.0116674399797071 0.0792455609667101
0.121120640212179 -0.360054196441501 -0.114241400248824 0.310380859699591
0.0567922930002663 -0.20726367504876 -0.605541830801734 0.455036925271205
-0.0809640153736863 -0.181315652043642 -0.0873524759903346 0.5160268043252
-0.121627582227092 -0.0439271049224013 0.0600830235980505 0.16217255619597
-0.0731908575374018 0.0313600029078052 -0.0618881624512051 0.0200406552720597
-0.0544847099375316 0.0588706932551457 -0.181701186873907 0.203379164195616
-0.0238906156568681 0.0908367087864186 0.0155700796515522 0.390323158771889
0.0102178195376815 0.0998092189836287 0.212258157065205 0.365481897908111
0.0106162003681051 0.0993558018049564 0.257397293727062 0.3182952364463
-0.00202572751936299 0.106414332604436 0.22409230767663 0.332178869030089
-0.0256484987412932 0.098297166941299 0.0987583252396863 0.345361709681156
-0.0644521062185894 0.0427589956854543 -0.0751504938788516 0.274685748290911
-0.0383678771994815 -0.00238367888746101 -0.149677803854186 0.0982657960038183
-0.0449025958754517 0.00837442961821174 -0.106987726443291 0.0680126485097934
-0.0757905575578396 -0.0948074190000051 -0.0153345442685313 0.110657687304927
-0.0273036088686221 -0.180215517034408 -0.149807950170831 0.361406448719227
0.116129542184408 0.00376954508181832 0.167515239132438 -0.42427720320392
0.0794967561180986 -0.106649242409952 -0.0384132952972178 -0.185470542142304
-0.0523395462045709 -0.110338430113555 0.0337765318822116 -0.0659039865142145
-0.10607986019195 0.0367167730255576 0.103735893650695 -0.0534963401614148
-0.0338749737600982 0.0969387135671252 0.102334524943653 -0.226855562679612
0.0424239925562622 0.0788153301261428 -0.068963999606413 -0.342043984708733
0.0818314290114858 0.0289167340330012 -0.212995539374686 -0.337353999140936
0.0976913952678653 0.016174458334361 -0.258157186805474 -0.314547990339046
0.094765521533778 0.0303368815580515 -0.22976807415645 -0.33558804458381
0.0466614785412195 0.102979437418237 -0.0879770036501961 -0.342885000790991
-0.0398864520526062 0.125159082527275 0.07750394138241 -0.244495742589384
-0.135461410383692 0.0420452249146203 0.0444212715971891 -0.0712639184650856
-0.0852239906986502 -0.145560810203487 -0.0435667694440983 -0.211122392157757
0.10991366616103 -0.132279720083466 0.0547328223133762 -0.436434517332238
0.16511713807742 -0.00674172177755398 0.516192992269047 -0.520052269572792
0.236502508783537 -0.150939903969982 0.117675331844494 -0.410414885287642
0.0834779177147532 -0.256572170339089 -0.0225506314229262 -0.172059089388843
-0.129126177941284 -0.208125579281997 0.00961606413509902 -0.0964491276650655
-0.221021708794351 0.0557682546689827 0.0696734407187564 -0.0486408205968258
-0.114671539611466 0.207839549247692 0.0803996000410431 -0.178632440889155
0.042388262073498 0.225597681782042 -0.0376939133510299 -0.285486779203677
0.154098013797525 0.154364081481656 -0.160134760004709 -0.303892691924973
0.196965826920826 0.136921148332444 -0.203174073635489 -0.27793857284466
0.184585575167097 0.162759404766457 -0.185489735000886 -0.276849247616436
0.0778966722781868 0.293967455732062 -0.082247321844171 -0.27383500754096
-0.135561693269335 0.306139796992529 0.0353507551431391 -0.196139092676017
-0.332853224135879 0.122354739749923 -0.018463058865315 -0.055525660807887
-0.296265136052862 -0.289432332955264 -0.0889688266062493 -0.218862000591111
0.0776386196029616 -0.419215852564053 0.0428928092881224 -0.416987050262324
0.308142587046257 -0.26638691331373 0.443736032018583 -0.462446366927756
0.338143758382232 -0.293762780715355 0.0211354498874599 -0.345750740646149
0.0779462295440125 -0.405286039232449 -0.0114531182423395 -0.119504474644293
-0.213254301206402 -0.302239813740216 0.00487312224950793 -0.112712695744389
-0.334334246911917 0.0720436458414383 0.0403625187903542 -0.0603519662271646
-0.193938758945812 0.306633532373139 0.034367243571049 -0.125125634685219
0.0336419669605919 0.353368320299115 -0.0174285916187976 -0.190544627897281
0.204335904463771 0.264263458824162 -0.0887287411226154 -0.224644016275785
0.26644695910775 0.235646772672495 -0.116833518088743 -0.200144880420879
0.247675841624708 0.265235226782875 -0.108112845455654 -0.178173824082807
0.10498528128419 0.438952471814191 -0.0523298123669653 -0.158749899235769
-0.198174056974652 0.452683309461198 -0.00110110063869101 -0.106488847179407
-0.476968024149057 0.207751885165521 -0.0813440745964086 -0.0127821140117463
-0.478523689557839 -0.367256914444033 -0.137483014154401 -0.185483362667738
0.00883608366388832 -0.635763100042897 0.0183029715473616 -0.345700831470386
0.388934746542556 -0.483208940882731 0.331612481935475 -0.334003883000295
0.400145669119376 -0.411361032891346 -0.11532180892629 -0.225624939183798
0.0486755550791931 -0.540325717883818 -0.0130133515545555 -0.0147461970063515
-0.308222155917135 -0.380319056219274 0.0117357872007974 -0.0989922584960151
-0.4350724516296 0.0943627748008425 0.0106474125156367 -0.0695522687110132
-0.25202499983679 0.384532134550204 -0.0285659065597539 -0.0565703126814848
0.0255274987340145 0.442863872706303 -0.00370582143232616 -0.059666403971282
0.228719429510399 0.338275226014809 -0.00556297341600435 -0.106671351417761
0.29591756794547 0.297602078020305 -0.0126937855781816 -0.0918981523013941
0.269562022071797 0.324019232850633 -0.0104774132022588 -0.0545366898466438
0.117383952437003 0.513762795668457 -0.00187430833424575 -0.0184854987867051
-0.221530533078329 0.529281499486782 -0.0245377754380595 0.0121632257987088
-0.53504951340319 0.269143344832824 -0.131814512537055 0.0490620601173705
-0.582799830004571 -0.369587440360265 -0.171115488087984 -0.116074137642866
-0.062922551366635 -0.734364117350005 -0.00364544802999514 -0.22793593212372
0.397282272638301 -0.609356763529707 0.198613007228823 -0.157438830238658
0.404819277915003 -0.477526258140024 -0.27418704509561 -0.0539700356427138
0.00589430494289855 -0.611055273226392 -0.0238181906711486 0.133748694972769
-0.375617102829508 -0.404468018767972 0.0226813269454727 -0.0528257324736568
-0.479393171554717 0.114324530800473 -0.0250578530749576 -0.0609012902013246
-0.269935158409037 0.410187936013828 -0.0962187702162014 0.0337244468134675
0.0175733710917896 0.468000448107415 0.00852164273209137 0.0935655846365437
0.223637128646547 0.359304822794416 0.0793085707680599 0.0335741068361033
0.279211817445326 0.310758837713337 0.0923335505428464 0.0311729398914868
0.245315815308589 0.334289363191585 0.0903735743173232 0.0722715468289218
0.104270005496925 0.503611372638304 0.0565667404343069 0.12100626660035
-0.213242842186867 0.507583639518365 -0.0337960061165423 0.13282715987149
-0.491495360032041 0.26169407890714 -0.16107229029706 0.108003032588604
-0.553423980356501 -0.3102031147281 -0.178328421550968 -0.0356123769599194
-0.104845358986195 -0.689340224409752 -0.012614900113373 -0.0956384233592089
0.339697713179401 -0.620814036674512 0.06990807664321 0.0350228920108794
0.337430310545384 -0.468756114971706 -0.424682999578019 0.147833572487236
-0.0430272964527381 -0.570332759337128 -0.0391162932113995 0.294637319764853
-0.368141401443786 -0.345701318873579 0.0321716338117403 0.0150889022803471
-0.425356799941671 0.112229239975157 -0.0594221663600697 -0.0342130751752661
-0.234614823019401 0.356026820816152 -0.150836053115934 0.127237704952364
0.00992932892314348 0.40710014470224 0.0219997474893243 0.239281102262951
0.182210598713876 0.321167803596422 0.154545514905932 0.171717950393989
0.220671820824127 0.277498460598652 0.183751054913158 0.148372411026745
0.184560689574307 0.29272305467324 0.174934645856611 0.184132987807712
0.0653442046074433 0.414012012383284 0.104548836640433 0.233398637743049
-0.182534412581139 0.388206088584182 -0.0380329589641062 0.22403398414631
-0.364925109074561 0.187296367959334 -0.170085338427328 0.140150490536347
-0.407430052950553 -0.215920254261544 -0.162109367851873 0.0301393077362593
-0.104107293623538 -0.527348965582016 -0.0121118464879467 0.0133360341337612
0.233087080206041 -0.523990711087077 -0.0326974854188082 0.200022506237122
0.207616815877218 -0.37396767928986 -0.534038532269657 0.338568972270239
-0.0765854450657608 -0.412170315137697 -0.053141591844888 0.429387630445867
-0.273402730928517 -0.210451305657967 0.0446166563445243 0.0900687300529457
-0.272051099365708 0.0830890501460282 -0.0749436725887696 -0.0022317222704524
-0.154033733802733 0.229754639392171 -0.176428691745827 0.194445320642086
-0.00199345052002449 0.272058553717457 0.0330222199541295 0.344495403337912
0.110193893897199 0.227641283959496 0.208512880065234 0.283865421949957
0.12806366742008 0.202398495306331 0.246945355898083 0.242311575253139
0.0978965175515374 0.214200964452291 0.22914981809566 0.267381424089376
0.0190725304982672 0.267863817800529 0.126248929871438 0.304060124090716
-0.130661268277752 0.218113833011597 -0.0453615371659031 0.270598785381269
-0.200403070175051 0.0824101753504671 -0.16161743627514 0.135387998470932
-0.212433415287108 -0.10501844877647 -0.130717282497759 0.0643130411772136
-0.0869451290178476 -0.306433532072057 -0.00902984454066617 0.0790266689205048
0.101468132314517 -0.360860295385955 -0.0994412874486767 0.311108184147111
0.0413821407311666 -0.206923393642822 -0.577631393352292 0.484260311885261
-0.0911896716297207 -0.172375213098126 -0.0578534133079783 0.514220330476422
-0.121617428274423 -0.0363034874301013 0.07091471486115 0.156238709202513
-0.0698204117090859 0.0332911067618357 -0.0594091116438267 0.0195379245388638
-0.0514626073425764 0.0613264544969086 -0.169161622273014 0.213965558526424
-0.0187010496053707 0.0908652860845223 0.0389460532520625 0.386334416745798
0.0158802783741091 0.099369390692131 0.229721368010623 0.347569095913179
0.0152281215178876 0.0986459100111065 0.273639462539798 0.298502058698464
0.00417562802179015 0.10675990658883 0.244114559642543 0.312986664952062
-0.0191045599727655 0.0977545832643725 0.12051916033273 0.333487880027207
-0.0620585364890642 0.0449799624102372 -0.0540407763156539 0.276646649885022
-0.037321070717861 -0.00176844855691336 -0.140122437607638 0.108219031054081
-0.0408215821846621 0.011463409536105 -0.0961864927038658 0.0778211126912058
-0.0821631505305586 -0.0851582430750998 -0.0106370708147156 0.109172430302629
-0.0394985162507368 -0.173758238953118 -0.129734498352876 0.362801751988091
0.114816559185927 -0.00488752500875188 0.142066271197466 -0.416179840449041
0.0690253842477096 -0.110063322383158 -0.0433566944584449 -0.176401147918953
-0.0598735080602683 -0.1039335895998 0.0250050691277231 -0.0674050181861447
-0.0999543184142118 0.0438773682262627 0.0933465474025388 -0.0566229063513014
-0.024775460997577 0.0967715288746046 0.0815983521141902 -0.221486812278454
0.0471626296621162 0.0728409399406764 -0.0881239111010597 -0.321682273807546
0.080324696221433 0.0207948358318363 -0.22588954656468 -0.310549338032343
0.0943959800326339 0.00806295034522505 -0.266710276612056 -0.28592136615838
0.0919942166582173 0.0211857804071671 -0.239988271281529 -0.307020295255232
0.0520311106499777 0.0961083959526807 -0.103636273900187 -0.324671080581602
-0.0290251640107474 0.123881116386646 0.0601629492260327 -0.238569323489113
-0.127627397474185 0.049119547990111 0.039340925574452 -0.0697566998202923
-0.0918384895050293 -0.136002517920436 -0.059129411604094 -0.198455341615198
0.0991416977703905 -0.136363933187894 0.0264852067658395 -0.417151561173892
0.161552301221765 -0.0173749775509493 0.468933119753275 -0.528808264798662
0.22063405340345 -0.160329592640029 0.0944522319722935 -0.397620383096774
0.0649221679883376 -0.252652546736613 -0.0261757184592632 -0.164879354240566
-0.139433490124368 -0.193424201708684 -0.000546302021628224 -0.0943762452401593
-0.209261028823421 0.0678532003660905 0.0605365091641445 -0.0507998280612975
-0.0957759324029664 0.208273067349155 0.0627571512982956 -0.171843706780958
0.0563052120738402 0.213512313524903 -0.0547520256366611 -0.268562228086853
0.157619599668136 0.137468674167596 -0.172808448376702 -0.279407261428603
0.1965826528888 0.117811302900222 -0.212002500551891 -0.255879503003638
0.185660575086483 0.14345006227331 -0.193648879179944 -0.25434356227197
0.0943955314994402 0.277939590362743 -0.0928946670124762 -0.257810571793825
-0.109390618634248 0.30308841578882 0.0221872490681321 -0.188851040859644
-0.312458500754457 0.137625681094481 -0.0194303106130388 -0.0491315589002463
-0.302415975807281 -0.260650016534439 -0.101179854915211 -0.203496684495025
0.0528994903618714 -0.410820868937498 0.0170568930960372 -0.39822981387697
0.286264827647611 -0.276258826805255 0.402436149022735 -0.469767111331145
0.31067381725692 -0.302722551528327 0.00492734123217926 -0.332286427264293
0.0522805832155405 -0.392935473867754 -0.0120501934092494 -0.115179795071547
-0.224696114734059 -0.279889177872615 -0.00594377546173432 -0.109920836532751
-0.317707729240358 0.0892161872366269 0.0304123165895722 -0.0620869608127038
-0.164707640731538 0.30825422254641 0.0218924141468106 -0.116600542781675
0.0563669218484498 0.337350368614971 -0.0282586093233666 -0.178187740608584
0.212775753125192 0.240849605501928 -0.0999579172501689 -0.208784160303689
0.269394811471703 0.208493410398207 -0.123628963401969 -0.186826727523922
0.251829622770811 0.238954697383209 -0.112166671591627 -0.164221067935282
0.129930219805479 0.41659982512523 -0.0566551390019026 -0.14900716044547
-0.160052099299282 0.448688384153451 -0.00776061915015851 -0.0998279846432496
-0.446143766444126 0.228495746588126 -0.0759091930368058 -0.00276267465171842
-0.483017060304209 -0.326581322064397 -0.14427880648567 -0.166996827100512
-0.0276818986107904 -0.615135844537303 -0.00309270866316118 -0.329061666437617
0.351621765734203 -0.490277509783436 0.301135204169173 -0.338362566393767
0.362441964945326 -0.419079159872694 -0.12091147056837 -0.209897755573801
0.0179988203846216 -0.520268423659203 -0.00689807489112706 -0.0154718423433784
-0.319114819854794 -0.348346514828894 0.00287438643295819 -0.0974499651433713
-0.411698203682494 0.114558142611628 0.00139757624370753 -0.0708913981873136
-0.217621501452274 0.384403871253258 -0.034957078928143 -0.0461721633159643
0.0529999183978061 0.423564825679844 -0.00732811274413794 -0.0528468511834693
0.23969492600572 0.311788824148966 -0.0140907080511339 -0.100720782221428
0.300730654833155 0.265833527556536 -0.0177754295733748 -0.0890084915267797
0.276470543690069 0.29582633977408 -0.0104476064301015 -0.0526590098471214
0.146102020040145 0.487468173155228 0.000692010248566026 -0.0174231572279824
-0.179309773724189 0.524320604962979 -0.0231532041566581 0.0159221254698827
-0.499772046143837 0.290555754507265 -0.120204125628946 0.0599781516470464
-0.581791433473805 -0.322715277087246 -0.170147367901209 -0.0984264295968433
-0.101868184966709 -0.703883669051072 -0.0170990959112976 -0.215657236349047
0.352932469192145 -0.611688478300263 0.180961171427438 -0.1613280842364
0.360855402772359 -0.480691924276831 -0.26518779157057 -0.0359361393718886
-0.0277110188332722 -0.585292557023291 -0.0102053974939322 0.127926653578851
-0.386288078005213 -0.367345850247073 0.0169079575414457 -0.0527234317723744
-0.453822420402567 0.136026216638046 -0.031511088434407 -0.0620084811722545
-0.233392960858015 0.411650072002901 -0.0944726491388789 0.0441823862713828
0.0467090970383861 0.447337960321432 0.013884244452101 0.093343011262084
0.234151470040111 0.333038950381531 0.0751759284680695 0.0282886883568264
0.286883589762632 0.281556205542747 0.0905506989297895 0.022476166689717
0.25580543222271 0.305334460538576 0.0939702212443153 0.0626033352013236
0.133186706493462 0.477555297540456 0.0656141900761815 0.111999084532608
-0.173170302338173 0.501343695570836 -0.0243671953325501 0.131835527623265
-0.457675660260511 0.281444815298976 -0.144655748545214 0.11881336110284
-0.549869157142846 -0.267724107797699 -0.170108713831369 -0.019886234577438
-0.140197321125131 -0.658225729529025 -0.0188235811779663 -0.0885936559599876
0.296239416090418 -0.617363848724978 0.0669138097572499 0.030838498692351
0.29707180256801 -0.468680184785417 -0.400269706661711 0.165309810635025
-0.0715529790745159 -0.543052301929123 -0.0173399181148315 0.284069324054475
-0.374451207322698 -0.311739715399317 0.0313275257512889 0.0126255300068575
-0.401690188756181 0.131567083649775 -0.0621921815358828 -0.0353490368009668
-0.203786024448817 0.357197229192946 -0.14036940642644 0.136425146567626
0.0355517995700897 0.390315507501238 0.0352960831738376 0.231928464086567
0.194658117486166 0.297941027267755 0.155737162304357 0.156365583745378
0.227982178591486 0.252608947034702 0.184931437916619 0.130717796608217
0.194284157911458 0.271388031620619 0.18189303649491 0.164613435856422
0.0906851273677778 0.393345272217791 0.11855335946004 0.215940295339055
-0.151064249824566 0.384788302437867 -0.0214505086910407 0.220283271657428
-0.339783959848206 0.200226850359513 -0.15031908821124 0.149352776644311
-0.402937258724786 -0.184093322904506 -0.148515475672805 0.041705506291172
-0.129327498300197 -0.500342655677892 -0.0124380030475145 0.0151849585414875
0.198345546251726 -0.518191496173352 -0.0233477570695494 0.194723446574436
0.177887558537525 -0.369174546568507 -0.497872377577466 0.354964257894486
-0.0970429931634362 -0.387636434502132 -0.0247125776870576 0.415053861751838
-0.275176688197794 -0.187191618666082 0.0484117431057234 0.0837747472400692
-0.256999423172727 0.093862546426462 -0.0744077228005503 -0.00272124160722449
-0.134099573714684 0.23000317574471 -0.160613644913027 0.201038973840341
0.0153629948656061 0.260739964381453 0.0531919455312309 0.330977104470273
0.11877193374948 0.213862447254687 0.213794400122063 0.259840306691994
0.134414159189994 0.187673784125171 0.251204231489573 0.216993383272542
0.106556593849344 0.201013479968535 0.237615030361428 0.240135388623089
0.0355942445387174 0.255226187935766 0.142863531319585 0.282650952011899
-0.112745332355011 0.216708561460879 -0.0245306079166795 0.263918014886189
-0.186826146846762 0.089764679654153 -0.143452577655561 0.142411776113673
-0.207478944675576 -0.0885781352864214 -0.115310546027619 0.0729502518628529
-0.101257029540727 -0.286531681833963 -0.00630223587038621 0.0771303550773829
0.0776962247675475 -0.352642155537037 -0.0817451589141873 0.304238925712831
0.0260446610824339 -0.198981024274174 -0.53357343530979 0.496415270324002
-0.0978170072298488 -0.157524686915297 -0.0258561913893429 0.496259400676926
-0.117818574727718 -0.0279239096076998 0.0795121182780804 0.145223476405464
-0.0647828644207174 0.0338863258772087 -0.0566277097669146 0.0181953292389106
-0.045653536641544 0.0616269606812321 -0.151963534904008 0.217291361980958
-0.012869502607421 0.0883002679336314 0.0585191318055411 0.369938865787275
0.0203934342440292 0.0959013945005163 0.238312887678446 0.319229478262161
0.019798554803532 0.0949440298971042 0.280034869064385 0.270112124485421
0.0105840485805858 0.102940205766948 0.254203211382116 0.282011103623507
-0.0125737584260081 0.093289009227361 0.139100872299729 0.310107659715965
-0.0586429977184517 0.0463603987121358 -0.0316161990499996 0.268504594510255
-0.0352753470923729 -0.00125725732123724 -0.125113353748437 0.114189057979876
-0.0352536627119544 0.013885777698427 -0.0814811337539998 0.0825206689864319
-0.0836185283583687 -0.0728865298185401 -0.00683993961279182 0.104898872561634
-0.04824903429558 -0.160995509706611 -0.107193158304206 0.354803440831504
0.110068240134237 -0.0259580858369546 0.0755620690603382 -0.403714903717289
0.0492028756537278 -0.113354221072057 -0.0611454706006553 -0.157826210984145
-0.0722715748200213 -0.0901096035052676 0.0130980019701124 -0.0635767347016326
-0.0876894711029254 0.0536061547774549 0.0814969733304513 -0.064460710339534
-0.00908667283832115 0.094101733079037 0.0464327339517195 -0.21810719156821
0.0528324504707502 0.0613940876235637 -0.122323162027376 -0.29117965173713
0.0745390703724098 0.0080117378137008 -0.251196602265742 -0.265773757984957
0.087777134869837 -0.00555340312192944 -0.282874063164599 -0.232273577454173
0.0867654402824183 0.00847386876537516 -0.258703413222962 -0.257537081815386
0.0602899256317838 0.0845237410149143 -0.134979832214447 -0.288148523099437
-0.011515017310688 0.120130886097051 0.0313075707435788 -0.229026850435817
-0.112731309585298 0.0604228614270441 0.0292987395787708 -0.0649693654843771
-0.106337717194079 -0.112201869631353 -0.0891030896566823 -0.175924547321436
0.0690717048175836 -0.137552862906201 -0.0276593152587758 -0.396198872354624
0.140436233722367 -0.0444654346871347 0.381748506353671 -0.556493435989823
0.190092315640054 -0.188464350217286 0.0266414900408408 -0.36745181509993
0.0311116891585254 -0.245693778828607 -0.0425713120273327 -0.144789041028878
-0.156451288929884 -0.164587922606332 -0.0119654295225398 -0.0803290920728341
-0.186058072648399 0.0869664585885795 0.0528128933681152 -0.0539545936231624
-0.0624128388323018 0.205893696318963 0.0417449903308513 -0.170106666474025
0.0782392142572746 0.19154038388868 -0.0793524871532779 -0.248664037487718
0.159958365346437 0.107473742404568 -0.192810505392254 -0.247046168566146
0.196216277816441 0.0837261378419161 -0.22715248115501 -0.211702273320139
0.188359714880221 0.110420990800304 -0.205524644516116 -0.214655188709907
0.122445672278408 0.245634088319585 -0.111572983961979 -0.225449761852881
-0.0621920867074663 0.296594577034184 0.0059257266668873 -0.173975338597402
-0.271221087187616 0.164185599213994 -0.0227075776855102 -0.0314890537313073
-0.316667392383336 -0.199316661620425 -0.135815181774269 -0.172353245201935
-0.00625631900022258 -0.381365438300936 -0.044054463289734 -0.387781121756172
0.221562589124848 -0.296729974367102 0.33084066228166 -0.497319576792436
0.255668600521829 -0.335303901586716 -0.0543139771416247 -0.2809707972108
0.00539463417559436 -0.375017212465554 -0.0220697302916518 -0.0967902255435977
-0.246647688849194 -0.235500794557639 -0.0153282646514967 -0.0899830397550597
-0.285087859833447 0.116402882977577 0.0261218604119557 -0.0600265590813787
-0.115681006127118 0.307050445820561 0.0146657091653473 -0.114401883344955
0.0931733021897927 0.305830954196999 -0.0398501758262391 -0.169701751124353
0.223297978334383 0.197162285875346 -0.11258235102663 -0.188993947477181
0.274984705253523 0.159398016698724 -0.136725215266262 -0.159457748786322
0.262528853966795 0.191239383332854 -0.115987420860684 -0.140761260201668
0.173449757616893 0.367515279165693 -0.059564872822237 -0.12785065311171
-0.0899309433190418 0.437027225674073 -0.00819414370918517 -0.0840871794548066
-0.38297409401717 0.263475414639689 -0.0684490948743542 0.0242910689542943
-0.492004059390164 -0.234851329386341 -0.174842086676737 -0.12929916078764
-0.102759136499495 -0.558544048194706 -0.062458248918314 -0.327693185580376
0.255896651860841 -0.50100351825135 0.252591625736988 -0.368842256949741
0.291991058681042 -0.45181656111712 -0.160650911730207 -0.140674012154163
-0.0404885351244059 -0.488656550893055 -0.00326348186891065 -0.000399412438993852
-0.343587512847961 -0.287033307340583 -0.000652050083591089 -0.0751170999370848
-0.371039392086257 0.151444300547709 0.000380094930796991 -0.0646268956048099
-0.155660685110498 0.384435570854507 -0.025301085298988 -0.0408806941364883
0.100269427144022 0.388350879235242 -0.00157899375726635 -0.0570009726960304
0.257711111547194 0.261275119710171 -0.0166353402274737 -0.098017435009854
0.311895926809 0.209807841556129 -0.0261033417958772 -0.0822350030557148
0.293782229159426 0.23974432538006 -0.00654461852328722 -0.0495551706099268
0.198008931128551 0.430467814659621 0.012391962384941 -0.0119546405377277
-0.0982048004271934 0.509934046266048 -0.00607539722159734 0.0272227601026659
-0.424695168475655 0.325954649337586 -0.100357952800775 0.0917468127380267
-0.582947311271883 -0.218715038115561 -0.190575754169923 -0.0590202450516543
-0.180799781781699 -0.632127752941249 -0.066959462110393 -0.221655507000766
0.244075220986657 -0.610786804809929 0.161154919494293 -0.190141240570673
0.281374094016669 -0.508922209278392 -0.274853413942619 0.0455004209003094
-0.0907281692263716 -0.542246892550115 0.0130907361152681 0.136628377055651
-0.406724204847015 -0.298948114604531 0.0224309646371133 -0.0341996402135309
-0.408395590410416 0.173624069664474 -0.0273951276299506 -0.05252286269015
-0.168844821203006 0.410207157007586 -0.0675506848280377 0.0517299683831112
0.0969518076096837 0.412156705968352 0.0381507297681932 0.077075500317605
0.256799746060676 0.281740149276912 0.0840818981556143 0.0134491455450199
0.3006044576437 0.225752488647775 0.0893123882436286 0.00840192137611217
0.275087430055813 0.252902548338604 0.105626250045077 0.0448518622360776
0.183052600026336 0.421957261111193 0.0901657870765321 0.100276811311277
-0.0936118400180863 0.487201345183977 0.00698426848975422 0.13605715848922
-0.385425307329183 0.312869229005134 -0.115026925540404 0.148894152832103
-0.544204707155229 -0.172134242729469 -0.176658224560041 0.0145645119337242
-0.207516326075787 -0.584939049958173 -0.0527850902942217 -0.0998828884641596
0.19213802091672 -0.605512054708298 0.0749884659987494 0.00368668576615
0.221035135022286 -0.484849616611899 -0.373778963569814 0.248432944958495
-0.125899596447964 -0.497018565098703 0.0255993739398897 0.282988067080511
-0.387591566794006 -0.248142698228102 0.0452725294341313 0.0230729412489752
-0.359879311314911 0.164007152671851 -0.0534421789663942 -0.0239518731219768
-0.147803592819405 0.356816570958014 -0.100362307329654 0.144287518129397
0.0800138346531007 0.359751302129179 0.0737083569973069 0.206359995917374
0.215235118576284 0.255288809030847 0.174705255586098 0.125604912220313
0.242233082076106 0.207279615436458 0.189826608324578 0.0971816079841062
0.214333730462399 0.228251119202428 0.196905468066576 0.129665825078362
0.133815523798048 0.3480518240672 0.150521679709055 0.188663232199157
-0.089310317631514 0.373301606968299 0.0174562689386819 0.216341216326487
-0.287479743911444 0.223014531140885 -0.118227097987983 0.173848318545809
-0.393288643938427 -0.116413610382706 -0.141930147025737 0.0663477853756159
-0.178624028059133 -0.440078911566127 -0.0298750927806211 0.00176328721807245
0.117468335766517 -0.498166513663875 0.0067001755815539 0.172180749769263
0.1192284487461 -0.370633450834767 -0.432744257988771 0.427625402722334
-0.131538650531551 -0.348126031662569 0.0336388732851729 0.402297734715974
-0.278023307215734 -0.14123243521749 0.0684595756717835 0.081755991220648
-0.22866755319212 0.113391169806792 -0.0634785584580581 0.0058915146602979
-0.098445661090963 0.229402201015166 -0.115344002502241 0.208486519588401
0.0448789378194106 0.241494537673508 0.0994915526127861 0.299447203569806
0.136638126965213 0.185316296834941 0.240043004043427 0.217472278471652
0.147699471575318 0.158092776529885 0.26248442945753 0.169935838988772
0.124706891717955 0.173905605686163 0.25662727344888 0.193231649160891
0.0648423846432014 0.228516410342164 0.177847284145604 0.245720492295193
-0.0756530016629311 0.213072267550255 0.0169283033960351 0.253608717054781
-0.158671199975932 0.103074706233491 -0.113677148796739 0.160173647131749
-0.199492610028483 -0.0536016629655026 -0.100452218932451 0.0877874484598495
-0.124952927960714 -0.246795016640641 -0.009853049828281 0.0650949586878643
0.0285335762201115 -0.327293079906864 -0.0384017578400572 0.286079140314988
-0.00280774901315743 -0.186522459690316 -0.439777234837598 0.550654358298577
-0.107754830425022 -0.131511240753328 0.0412997849501796 0.471791474641427
-0.112047746575432 -0.0119846613078254 0.0999150927496222 0.12710782790673
-0.0573593000194792 0.0370564052754954 -0.0498795769323184 0.0218714412813227
-0.0370355532638365 0.0626280933688177 -0.112394614969987 0.224630983445178
-0.00145608500648154 0.0841871830276254 0.104071064655274 0.339207463368139
0.0315424539281981 0.0881045208058963 0.266590840910903 0.273697198989264
0.0297805207402339 0.0876916313704291 0.295533488723495 0.216292859069416
0.0236021211174212 0.0940415789396948 0.272443940318738 0.231992122812185
-0.00092554782732083 0.0850471321491805 0.173015052661619 0.269838311999404
-0.0479957983690022 0.0471598238822415 0.00692504758129645 0.254857491990472
-0.0303230311157885 0.00102239799511729 -0.100488019947662 0.124922784549809
-0.0263628261526393 0.0174280163012825 -0.0612753873707102 0.0889869131705296
-0.0833320550676484 -0.0525869640468186 -0.00102088492559023 0.0985789386354621
-0.061862535203134 -0.135553559173042 -0.0605908904148352 0.340447398792459
0.104933011436682 -0.0260483912731862 0.07737877264045 -0.380073153390765
0.0448802025914666 -0.108774551325519 -0.0539947983624461 -0.151370057744457
-0.0701505877492133 -0.0846335582261172 0.00871908988722165 -0.0614410995201478
-0.0822605749271699 0.0523949004394828 0.074003330120828 -0.0597747149560162
-0.00740140556487906 0.0895191221839574 0.0430824580346501 -0.201972457628719
0.0508949415125504 0.0569813553001078 -0.115531184218788 -0.271877361648848
0.0697373323025184 0.00711369098261293 -0.234396654844916 -0.249186942674714
0.0820561773869977 -0.00630135731103328 -0.266550530787158 -0.219967643955671
0.0805940604357503 0.00730410132108754 -0.242109774282679 -0.243052534240542
0.0581113968382022 0.0800854045910916 -0.126099987194122 -0.272673600023635
-0.00949452502040939 0.11356832094387 0.030762368435531 -0.216284488323317
-0.106197671900852 0.0577370939902119 0.028656481147914 -0.0594823737079475
-0.101276311838163 -0.106385023665262 -0.0865217407349929 -0.16287276395187
0.0665526274346839 -0.131617842772636 -0.0247227051968083 -0.370298545837825
0.134866121927102 -0.0434926467948588 0.362232625545348 -0.522691178701585
0.180939039367415 -0.178318897244748 0.0303170552095358 -0.346506574820478
0.0293646618122362 -0.232785117260746 -0.0356881781799293 -0.139672423828025
-0.149744774668677 -0.154911580414827 -0.014992786413851 -0.0773679704848649
-0.17493488982624 0.0826146041587789 0.0467939852620312 -0.0498864952509369
-0.0567987395660495 0.194881789806914 0.038137038501438 -0.155637501316731
0.0749968474678484 0.179393103359324 -0.0744436952424885 -0.232141312378885
0.150540102074694 0.100914637672945 -0.182107237625517 -0.23154244902121
0.184191830238768 0.0779528741831777 -0.214757634120735 -0.201087669423311
0.176337115568942 0.104238341315362 -0.191101746632267 -0.202922453766184
0.116976119329188 0.231882981174033 -0.102989114404114 -0.212954407293501
-0.0560715455857522 0.280611653112286 0.00541288250247765 -0.162766514388459
-0.255857994403237 0.155225846018199 -0.0194115717608615 -0.0274024733588352
-0.300023220509879 -0.18956753000044 -0.129675549300106 -0.159403377580389
-0.00433160430907623 -0.363043497928144 -0.0382300399488339 -0.362723509205708
0.213884578494844 -0.281848145891474 0.315910107426009 -0.466766187679262
0.243407320640609 -0.31618310189744 -0.0470767720443463 -0.266085236024779
0.00692739673484448 -0.354250428256773 -0.0153810119308051 -0.0947777690313663
-0.233998589829795 -0.222300782107503 -0.0173765236461707 -0.0855713429091218
-0.267862938059378 0.109705332823415 0.0197519445540615 -0.0565083360050834
-0.107576133712823 0.289328507580106 0.0126395573468345 -0.101934754220945
0.0885463465875479 0.288134940015843 -0.0369148513017955 -0.158183360451376
0.210486062848642 0.18591893241102 -0.106809164708437 -0.177194981516261
0.258900948910941 0.149420242232988 -0.129181296864107 -0.151439595561322
0.245860642945216 0.180777047986229 -0.107138394181353 -0.134379411948839
0.164981957906066 0.346578929686347 -0.0541464949407578 -0.121293632698798
-0.0831178874370969 0.413995400897694 -0.00749870127305176 -0.0775833949643107
-0.360788773374352 0.247840124901543 -0.0615570887676204 0.0254007555460416
-0.464868099801422 -0.222669983378777 -0.164689686251842 -0.119802952204043
-0.0947850431263223 -0.532064584204562 -0.056270032439856 -0.305529376346752
0.246218191743572 -0.476169264505361 0.240992204361187 -0.347313250113095
0.276248859306149 -0.424559952220312 -0.148377226182532 -0.134040345316653
-0.0350892378181197 -0.460087951624363 0.00233664786370293 -0.00397292820125106
-0.323830018484179 -0.272393936494247 -0.0031999789157292 -0.0721100571700404
-0.350601729909305 0.141237149055754 -0.00541969957445218 -0.0620358404767573
-0.145846798101427 0.363842607325886 -0.0248399088772097 -0.0324089698080475
0.0950695196629274 0.365623826483702 0.000478445722732672 -0.051686429064963
0.243454545557753 0.245574429030016 -0.0169103809998762 -0.0914608546680405
0.292367371828975 0.197382758806758 -0.0246477594113877 -0.0783627703717565
0.275401027346362 0.227041009107215 -0.00379617537859139 -0.0489840826244926
0.18725028115408 0.4054296337587 0.0147075387968756 -0.0130750292647099
-0.0901086561928808 0.48166025710785 -0.00489428101628602 0.0284405058937939
-0.399675536731434 0.306099928024608 -0.0901656480866996 0.0890875744922159
-0.550474064786744 -0.207882808672672 -0.178019136316796 -0.0538748644544522
-0.168184822927087 -0.599740555630097 -0.0625987490062156 -0.205988833238778
0.23594301725396 -0.579354319244131 0.152744588571981 -0.179047769297885
0.269864442864194 -0.477858567245729 -0.259384139785702 0.0403346448167781
-0.082739605254091 -0.511128605816624 0.0165816375463811 0.125479810598949
-0.384087478105667 -0.282761457535166 0.0196436821040405 -0.0327234106219975
-0.384878907544632 0.162730832243352 -0.0323283458671951 -0.0518000108140922
-0.157970182693065 0.386747145016117 -0.0654613505083507 0.0547433872617077
0.0923851340391816 0.38706911815086 0.0377869110400869 0.0754122294878383
0.242491934744938 0.267007235649327 0.0773611682997974 0.0138605491258772
0.282737397441138 0.21293724790932 0.0833348377594336 0.00771142034030191
0.25759602259012 0.239496397887039 0.10090513165885 0.040440699423332
0.173987617669631 0.398506594206397 0.0880514025997989 0.0920612488497696
-0.0880457970824086 0.460301587464796 0.00794383828125225 0.130468382915135
-0.363091770658908 0.293072824135119 -0.103964783558738 0.143081220205556
-0.513617276860841 -0.164726394787795 -0.162900233797926 0.0152476528699051
-0.19449393628747 -0.55275448504976 -0.0503517838593443 -0.0915244662607486
0.185796554327645 -0.573348455187704 0.0701557451993986 0.00454458139411567
0.210681440813773 -0.455890697652656 -0.354901986360608 0.233501077960726
-0.115146122932328 -0.467856899801802 0.0269582872330144 0.264650805105262
-0.366251817797101 -0.233493055177951 0.0426834976795119 0.0212296528764675
-0.33900039562439 0.152498002371518 -0.0561223271188979 -0.0262358381416491
-0.139100317380966 0.337355796953367 -0.0963049237024775 0.141481899416894
0.0745823521077964 0.339751447322734 0.0711551361024917 0.196824293237531
0.20373987167476 0.241182373738297 0.162115446860334 0.119502476503902
0.228116674509636 0.196171504027232 0.178702140801105 0.091839396428959
0.201661306188685 0.217264487015501 0.187341311077762 0.120449025534686
0.125401835521152 0.328382989985579 0.145195463557221 0.17581256913489
-0.0820614621794545 0.354816003984993 0.0185953984848186 0.204869488542078
-0.269800067966867 0.208789220038147 -0.106621690418707 0.165575891868267
-0.369554387590002 -0.110538043385907 -0.129338558462885 0.0633177080468337
-0.166247535961828 -0.414578925268262 -0.0294641779915311 0.00338876496896679
0.11389361675676 -0.471174089022815 0.00379872452377468 0.16291550021311
0.114463254494601 -0.347003184933028 -0.414079150494314 0.40315449838352
-0.12132424932203 -0.326605109343247 0.0313657072421165 0.378185598564018
-0.262060888112386 -0.133422059032001 0.0654918495237767 0.0762876633912479
-0.216424860268494 0.10520089288146 -0.0645712462368386 0.00225891024365127
-0.0925618734486677 0.216158395832837 -0.110646221469605 0.200683971972975
0.0421834601970607 0.227422827667643 0.0941433414553493 0.284583179387678
0.128909804198517 0.176439336196227 0.223841563203404 0.206145307110384
0.138111614489058 0.15089808588424 0.247047404352567 0.161025228887381
0.11744975950635 0.164297880591056 0.242373332397111 0.181785535523489
0.0614027919793111 0.214315640048243 0.169951143541915 0.228638351416654
-0.0718239410006521 0.201201192392371 0.0191182151667331 0.238811816198406
-0.149312498274123 0.0945221079370928 -0.102822035987133 0.152693506147987
-0.185717827038929 -0.0517016931974384 -0.0894682867171933 0.0818550470732824
-0.115986069656616 -0.230789645066761 -0.0114934530416109 0.0628870417145249
0.029441729344643 -0.307467258282052 -0.0396657533056513 0.269582687915663
-0.00177109795109631 -0.17348975516383 -0.422147285590087 0.517812805952859
-0.100238316694268 -0.12193213062848 0.0371326807109133 0.445796886364014
-0.104803431066084 -0.0106393940306136 0.0964044113939262 0.118629355571931
-0.0546823937512814 0.033655102923699 -0.0493212145823752 0.0173044310498777
-0.035104227745615 0.0588548162531644 -0.107302194943931 0.213742589809698
-0.00246245301740109 0.0798435829013723 0.0979640349801961 0.321276719684025
0.0296861741821425 0.0842844327952348 0.249701255798052 0.259000145773635
0.0277233762145527 0.0839923874490234 0.277928963008095 0.205432857028625
0.0221782484044801 0.0893096691723323 0.256198361502083 0.217885009021151
-0.00167019095069424 0.0789832007023896 0.164424048423446 0.251725165471139
-0.0466205322662893 0.043832284505503 0.00905743949538499 0.238594976156552
-0.0283185281156032 -0.00125945769569015 -0.0916571628699487 0.117682295516288
-0.0214308110216231 0.015703818709221 -0.0521826225161713 0.0837137586229367
-0.0771886270278767 -0.0463437590875779 -0.00376513076162267 0.0940522175909574
-0.0579302961889698 -0.12447120195076 -0.0602998565422053 0.319875059150973
0.10295756738472 -0.024637818931136 0.0889635576926324 -0.366868722272931
0.0447687151031755 -0.105112821672979 -0.0451849782833744 -0.150706387188673
-0.0685543946349138 -0.0837970957610435 0.0064804472673556 -0.0603433612341112
-0.0801538542960064 0.0501822738389837 0.0712783618222784 -0.054728292170408
-0.00797844314412814 0.0873363256597538 0.0451016155399399 -0.191702015476165
0.0491052327417042 0.0555675725419213 -0.104849896799181 -0.265121000205647
0.0673983791541171 0.00726989041904416 -0.21972099620416 -0.247084528221106
0.0791280957471815 -0.00509665893343946 -0.252604761605899 -0.22171852231593
0.0759844724918022 0.0087906349239774 -0.226313256107639 -0.242325989700961
0.0552847499089328 0.0797931986141124 -0.113737616561299 -0.268322857213345
-0.0104186911647643 0.110661819064098 0.0360323652648156 -0.208783143195489
-0.104560019208663 0.0538888994682044 0.0308395351925471 -0.0543990297504545
-0.0966432587349822 -0.106516128241226 -0.0817337154939292 -0.157154092096426
0.0686181817802654 -0.128794118016747 -0.0112635854055156 -0.356060386552464
0.134101144724899 -0.0403522480009586 0.370145960897458 -0.495095211958771
0.181687291063093 -0.169292486202614 0.0435062207497348 -0.336169361261882
0.034429079623787 -0.225557592166366 -0.027465559588512 -0.140177178560368
-0.143267889453268 -0.154464384681802 -0.0163006231777974 -0.0760309677246532
-0.171078094686656 0.0761264012781607 0.0427632604195959 -0.0466366888570992
-0.0586823929072999 0.188550742674202 0.0400924062321543 -0.145821731970869
0.0694775930659507 0.175353889495247 -0.0660740158688719 -0.225271940855003
0.143726140747146 0.101323482372141 -0.169786143439229 -0.227823633170927
0.176086814687385 0.0794478936145935 -0.202254425129688 -0.201571147328793
0.166706233952473 0.105172544091488 -0.178213136434706 -0.203472750799991
0.108593567688221 0.228360400401192 -0.0923541355878833 -0.2099477972269
-0.0602114217182176 0.271185835055118 0.0103209724535491 -0.156082324863999
-0.252026861948367 0.143204593260693 -0.0152897202593708 -0.0241016141857109
-0.286570030284288 -0.193135561001034 -0.122842107790474 -0.155442923711107
0.0075197497849821 -0.355030872523776 -0.0259645534977195 -0.349473115251319
0.218301543146655 -0.269994410488215 0.32266053201865 -0.442709256990429
0.247758495193513 -0.300348786289446 -0.0348476635651567 -0.260331621605787
0.0170467512413819 -0.343958756605561 -0.00743672079180232 -0.0965010776710808
-0.221103238364614 -0.222091637476005 -0.0183972780483472 -0.0849676398753609
-0.262543545840128 0.0987764557895982 0.0151965827781795 -0.0532806861895675
-0.110390082735349 0.278098425103377 0.0139769887077871 -0.0928920947560021
0.0799190386978084 0.281601571329167 -0.0300138943435754 -0.152360241650303
0.199143387435282 0.185701926506261 -0.099858698494831 -0.173508683002648
0.245745690980444 0.150661305327734 -0.121640535428608 -0.151249618204304
0.23218493523738 0.18223624551134 -0.0981636676474427 -0.134932283518327
0.151562321893523 0.34241939234866 -0.0462774631946762 -0.120479257363365
-0.0893823670743874 0.400428711319254 -0.00444120864209834 -0.0728969607217344
-0.356676393849029 0.230536958873675 -0.0569703719758232 0.0264630735697466
-0.445311392344017 -0.22951791611545 -0.156431976057985 -0.118248931708984
-0.0754324750604031 -0.520796340694243 -0.0451377406895494 -0.295206186494321
0.256933564230918 -0.456328150495444 0.246095440542076 -0.329445776757151
0.284200558957611 -0.404806220484031 -0.138965654336846 -0.135948132984369
-0.0189832352580616 -0.447275209756037 0.00703251529803688 -0.00855631732020916
-0.307070115237996 -0.273736578112413 -0.00417251761046569 -0.0716785969845358
-0.342731102392326 0.126869424852417 -0.0100730398565713 -0.0609697570685776
-0.149775419409664 0.348523254179833 -0.0245628511847213 -0.025716713530868
0.0837637165979563 0.356558304497087 0.00322541264827286 -0.0480027424061472
0.229994117487852 0.245773152736283 -0.0155287050371773 -0.0878937500905671
0.278578508952198 0.198971280651701 -0.0224780767160864 -0.0775426078950664
0.259378330507043 0.228518974667776 -0.000787225152850649 -0.0496181024179734
0.173857148036929 0.398873972837586 0.0174502499624155 -0.0137301911414148
-0.0981774478792495 0.467430267887775 -0.00439773249382694 0.0295039083267796
-0.395826330244974 0.284930748153689 -0.0856214214294322 0.0870788671213985
-0.527272504785485 -0.216344341735623 -0.16893990782141 -0.0553679916315849
-0.145819679784506 -0.590225098716428 -0.0545125598679605 -0.198946024630825
0.24941558195875 -0.556657955591117 0.153917257549923 -0.168741971754636
0.276792557801161 -0.454943310122108 -0.2523941326879 0.031548913726658
-0.06181807265735 -0.497669506514644 0.0169064536259266 0.118238006222729
-0.362766822361673 -0.28482326373118 0.0182208943140157 -0.0326300262799946
-0.378699542686169 0.146404356623165 -0.0368368489431261 -0.0527335143038762
-0.163369101450873 0.37109800763719 -0.0659535884509382 0.0573956678155244
0.079658275537466 0.377892145244495 0.036005047177056 0.0760348802989841
0.229338411123354 0.265828948556326 0.072303943747391 0.0163404741287965
0.268263076867043 0.214974739524999 0.0802332248198778 0.00906093296834125
0.243097489309668 0.240912580460374 0.0981578693282649 0.0399336544259873
0.160649075084468 0.391616992335336 0.0854538511607701 0.0897429156896387
-0.0947757345715343 0.446115229843358 0.00593868882078382 0.128593973773669
-0.360393128383598 0.273781537495309 -0.0998307505075897 0.138187863084344
-0.493051860304231 -0.174544585214201 -0.15549967097825 0.011574926347779
-0.171738110380391 -0.544573790993259 -0.0472007931642542 -0.0878769122179572
0.201964678134149 -0.552605273589656 0.0665154274806175 0.00617734123147542
0.220282571706916 -0.433538672834164 -0.352892016155445 0.215515586683411
-0.0966322722356548 -0.456146087611312 0.0213465068768641 0.254591478721989
-0.346428280845851 -0.237054928003754 0.0403642744210324 0.0204898598072214
-0.333947533809565 0.136671187698143 -0.05921202480465 -0.0295530247141432
-0.143472132610179 0.323034490350283 -0.098135368514208 0.139709756186168
0.0639270780749271 0.330955158164657 0.0644182593680929 0.194437363707452
0.191775470920882 0.240367064218172 0.152154065073476 0.121396396612575
0.215195886688746 0.196970405902657 0.170299782533661 0.0937739086780343
0.18938725415211 0.217544060633857 0.179566823891729 0.119615696858451
0.115061689612482 0.321189816879892 0.138459946993061 0.172270379052179
-0.0891470873169417 0.343172655224048 0.0154987979239132 0.20084916775258
-0.266805038251748 0.193692757464477 -0.103628210372453 0.16010972530506
-0.353639694170885 -0.117926320953961 -0.122689292831904 0.0579574375173439
-0.149595616152487 -0.407746765108732 -0.0298900042591211 0.00516192021452244
0.126406737161949 -0.453264355785055 -0.00268189382227051 0.15779473796743
0.121980200369152 -0.331209344183544 -0.417358152273839 0.379571992453907
-0.106985475401157 -0.317555499116996 0.0213078503425472 0.366081891325892
-0.248693231496658 -0.135470830760741 0.0628069348143111 0.0743143937265607
-0.21259496191076 0.0950092272523955 -0.0667616083515846 -0.00218185791460623
-0.0956685359967816 0.207050345660928 -0.113993699345724 0.194936400003146
0.0343741754288208 0.222198600392256 0.0838382653949973 0.280513272170008
0.120608337097704 0.175118157349193 0.209259351094629 0.20637529429687
0.13014183948144 0.151169119983122 0.235658285809971 0.163194442821917
0.109335580736001 0.163931627432707 0.22968659438476 0.180599960594459
0.0535817852502496 0.209373546500636 0.160704235851982 0.223397294962816
-0.0754375222809619 0.193288228597561 0.0144747675282202 0.231754604421118
-0.146608167433487 0.0849948202723949 -0.100544443994966 0.146568644039943
-0.175497138376514 -0.0557931018150409 -0.083942785459247 0.0770325747000344
-0.105393657740615 -0.225223185283923 -0.0148985148909205 0.0628674762093855
0.0385435911442059 -0.295641738769888 -0.0479160572320906 0.259514620155398
0.00401832469587125 -0.166124462565518 -0.427666083633221 0.491975158644679
-0.0931869973946263 -0.118653772788975 0.0227362438232572 0.432964638769263
-0.0996851815538043 -0.01241685899024 0.0921057832479161 0.115569245329178
-0.0541135170376844 0.029893460482704 -0.0507768926119076 0.0129636064937118
-0.0359824694967636 0.0557361066444642 -0.11195031841312 0.205864481273385
-0.00529851243284533 0.0781740547614518 0.0873268259061851 0.316077693445533
0.0264699410731349 0.083609911991655 0.233064037573762 0.258505132811785
0.0245852764492897 0.0838087763842319 0.26362227827052 0.207458524325756
0.01955418485194 0.0880500020450337 0.242037880107173 0.217024766810902
-0.00493884683615649 0.0760569708524706 0.153472113936681 0.245269420961591
-0.0483042595900501 0.0414043651341608 0.005848584582717 0.228992078261214
-0.0276538205646324 -0.00426149818566172 -0.0891855015216099 0.111750967305806
-0.0177489766956609 0.0135984995909817 -0.0482029543035816 0.0797259225238337
-0.0723791161101771 -0.043661875776199 -0.00900396499118269 0.0926575140817247
-0.0519658006599774 -0.119070572107573 -0.0705652787455969 0.307174377442614
0.104410268982586 -0.0236474752276577 0.105243914135077 -0.367932933100347
0.0461656866521767 -0.10572124096393 -0.0384249314568781 -0.155552182241435
-0.0698252092164561 -0.0861851344137359 0.00427364060527251 -0.0612656105969464
-0.0816736239219179 0.0497846751827327 0.0709721775274869 -0.052375700180869
-0.00942875418096158 0.0886964375638407 0.0497347868062593 -0.188874835211963
0.0490979437081027 0.0561404632990923 -0.0987636739711879 -0.267551872471764
0.0679505354811646 0.00894972054212688 -0.212887782235856 -0.254285424358917
0.0791594735676589 -0.00369388668400729 -0.247943366444709 -0.231268880533742
0.0752983691421401 0.0108016840893949 -0.220065475067284 -0.253157900719002
0.0545298577750813 0.082448208815393 -0.105774510970684 -0.273854493952883
-0.0118333272892479 0.111569913435571 0.0425525798177324 -0.207984501657604
-0.10653952243934 0.052003362020634 0.0346713289418512 -0.0519052113772955
-0.0962428554330125 -0.110553715522464 -0.0795678109588267 -0.15677121893116
0.0731220606028466 -0.130181349589486 0.000883195004059339 -0.355454610854632
0.13825214357145 -0.0385729475421037 0.391813781793103 -0.486972020267512
0.189567747721962 -0.165519527478997 0.0579382456342092 -0.338216211243133
0.0414423458029823 -0.227785026565009 -0.0194270742845869 -0.145041629283141
-0.141548243373186 -0.15946068380491 -0.0179714310110236 -0.0778318835139196
-0.174278969084621 0.0727408490120719 0.0406708362070094 -0.0442157665697153
-0.0632184712177033 0.188798116135051 0.0439131823710593 -0.141183524226607
0.0664771387843184 0.17789228759338 -0.0589401141069134 -0.226473705116708
0.142554965759581 0.105996831831726 -0.163934369338374 -0.233610305361479
0.174074518797512 0.0841381095089886 -0.19835790070659 -0.209170060402527
0.163039097947603 0.111447738037907 -0.172013300051915 -0.211898681331361
0.104074803745044 0.233381944393814 -0.0852496981316177 -0.21521866502541
-0.0662361912553623 0.271881108740581 0.0156725206054597 -0.154958376392607
-0.257903280783396 0.136829179093881 -0.0118966514598591 -0.0219510309239459
-0.284281321451397 -0.203563226134865 -0.119476275630093 -0.156626376553586
0.0184264025892684 -0.361196449763396 -0.0126046594441043 -0.350179961996191
0.231492780216118 -0.267357095437991 0.341569747815091 -0.437162299678292
0.260135887858888 -0.294425819701407 -0.0241451316342611 -0.264135558161412
0.0285505987855761 -0.346012446964621 -0.00074529385469283 -0.102075606515204
-0.217229778749722 -0.230039276476163 -0.0195467163963008 -0.08695166278467
-0.267115374960577 0.0920772330580947 0.0117758157241163 -0.0524301838046987
-0.117969545030865 0.277691776796684 0.0167012690285565 -0.0877682977057473
0.0736634924777027 0.284913745667297 -0.0247779848305567 -0.15256478838633
0.196584689496798 0.193420180243323 -0.0956564893725264 -0.17677392639488
0.242586558092231 0.158020291870199 -0.118107028662227 -0.156657284305458
0.226982993849654 0.19145023123362 -0.0931825375016744 -0.140642002663346
0.145144733383531 0.349204141474856 -0.0414399000473087 -0.124319690866095
-0.0992832164235707 0.401919633082784 -0.00142531401930613 -0.0712862782187404
-0.366230345344936 0.221917791589691 -0.053763131122878 0.0273208237243408
-0.443947743710007 -0.247324916128515 -0.153661429404002 -0.121195572855462
-0.0596460435475685 -0.531753884089388 -0.035550425108742 -0.296259154385002
0.276427760489158 -0.455097820731599 0.258701098577148 -0.325762982236661
0.299259268551423 -0.397599103116263 -0.133812185142431 -0.141752588041068
-0.00383902661302124 -0.451723516729778 0.0123065171432558 -0.0133316743794312
-0.301625889456482 -0.284032544111477 -0.0048890736205446 -0.0732563823441617
-0.349415773505218 0.117434638419155 -0.0140831736502603 -0.0612134611589139
-0.158817375114583 0.347877382091734 -0.0243088021295937 -0.0208049210224648
0.0754814935390535 0.363889953351985 0.00639191940197368 -0.0467481336765872
0.225677569456085 0.254503193166946 -0.0147962746320711 -0.0880880874006381
0.273497013786551 0.207938371438292 -0.020345459185303 -0.0793415675535229
0.2540935097331 0.239475755358179 0.00248683521292191 -0.0521185435905765
0.164815951752761 0.408168571563803 0.0207262980298809 -0.015664718016216
-0.110179158558554 0.468978269332865 -0.00423572273448845 0.0319280833064725
-0.407626832701668 0.276014515521734 -0.0836955677522236 0.0882034475102292
-0.526110373445173 -0.236333451248735 -0.166863947954739 -0.0585516322202384
-0.129405643711141 -0.602771922073323 -0.0484273452749565 -0.199269358183419
0.271427998845371 -0.556584275522165 0.160255573035844 -0.16636806154538
0.295411549908474 -0.448757620501538 -0.254848468773412 0.0229952767856961
-0.0425204002518322 -0.504190825980633 0.0171845760467586 0.114470098348962
-0.357540373347741 -0.298178355625897 0.0178228063771668 -0.0339066639938776
-0.385000751156629 0.135249178593699 -0.0411294404748209 -0.0550740820006977
-0.174711242049667 0.370035732743698 -0.068504954397175 0.0618982214378812
0.0701470642892066 0.384631095321805 0.0359533672796741 0.0792756249929734
0.22354289339708 0.274976886377917 0.0700986773702007 0.019863028405445
0.262498387441499 0.223971673828951 0.0803527650096454 0.0113586471371498
0.238232161708935 0.251482874649732 0.0993191957122131 0.0409440412897428
0.15111180653118 0.400107543726993 0.0863111795931614 0.0903883327347553
-0.107523852734887 0.448905789074756 0.00425630816303089 0.132212553678838
-0.372235126470377 0.264099592045746 -0.0998417784972647 0.138011509216633
-0.490179959091452 -0.19134197667058 -0.153819639857256 0.00798553850590782
-0.156929244613748 -0.555544630139235 -0.0444548627683422 -0.0874396676772478
0.223622484951416 -0.552503974497413 0.0662347818645241 0.00757813378267586
0.237446922886698 -0.428328984790566 -0.363021187550415 0.206091353556902
-0.0798374419446069 -0.461537684439715 0.017435999350563 0.252982558195842
-0.340992176810413 -0.248607893472224 0.0401258637066032 0.0199516651341085
-0.339924053559465 0.127792122276008 -0.0646896155106051 -0.0328663797903514
-0.153002003640698 0.321881248689942 -0.103562183155818 0.142853981307303
0.0552920732645531 0.335578490238887 0.0610693591776462 0.200295247270775
0.186769795643125 0.248660996060121 0.147133833457397 0.12801458489261
0.210359949920515 0.205710631357983 0.169310352782423 0.0987169161968651
0.185081250228138 0.226059876259932 0.178896838622288 0.124239263308258
0.107189937608362 0.326539728996075 0.136778741006556 0.174876731051049
-0.0983869382525404 0.343118461360274 0.0122213990326284 0.203375879378768
-0.27405127972576 0.185511610268604 -0.104087871075964 0.159005364526075
-0.352132955762359 -0.130696257794036 -0.120982414362615 0.055378526290774
-0.137327160250956 -0.4160483323842 -0.0312863762863101 0.0068876519210876
0.143862511476726 -0.45292734018158 -0.00917677159287573 0.158658497028805
0.135318442043564 -0.328073698185553 -0.43289942798654 0.369894146309883
-0.0949644296884378 -0.321742952473706 0.0123222887558438 0.366211964084056
-0.244883992697156 -0.143989007315675 0.0619034101176488 0.0745629095409808
-0.217232682239502 0.0881525326329407 -0.0717064220498035 -0.0062222676157193
-0.102260772706803 0.205722271489298 -0.121194178185423 0.196869975801469
0.0276043333306172 0.225580435821634 0.07778108207266 0.286953214229345
0.116274436317896 0.180782796262405 0.20238149786307 0.216099666192725
0.126165689515164 0.15779682677797 0.232415894471226 0.171519611304361
0.105872337517251 0.169757514472347 0.226694324396615 0.187474727623107
0.048032410481965 0.212217702211635 0.157009737461547 0.227029004769666
-0.0815881310544186 0.193018575255358 0.0105057068006275 0.233288431761353
-0.15051944108281 0.0795955348632185 -0.101401378979894 0.144800160011574
-0.171031826319744 -0.0624305312055857 -0.0832555544370067 0.0745541563633985
-0.0977898701397016 -0.228661127055645 -0.0189832524406675 0.0653569105062878
0.0497129812725796 -0.295125987507173 -0.0588959339756633 0.259485249242249
0.00946610220063582 -0.165472458952055 -0.450879959110994 0.483815498670913
-0.0884047360355085 -0.120288503590306 0.0106079126007426 0.43431656222235
-0.0985797788790854 -0.0150049504883186 0.0909767085397235 0.117017469690994
-0.0552813320778013 0.0273801896836271 -0.053583646924078 0.00898480216817306
-0.038351878789594 0.0548685270290284 -0.119885829599456 0.205698536612189
-0.00858260768481258 0.0790636025025019 0.0787782955714814 0.322824636915891
0.0239212614077175 0.0862253051593769 0.225698170521105 0.268520929282617
0.0225494751108196 0.0871676228145832 0.260662829466761 0.216382531651783
0.0173895143770046 0.0900435595296698 0.237241321710462 0.225200132779843
-0.00844422989750425 0.0761136020049982 0.149037356035845 0.248113908067253
-0.0513900418560296 0.0398372826475843 0.00259696821069722 0.22864520614875
-0.0277626205337704 -0.00806418373938422 -0.0899925517196405 0.109961175794184
-0.0147201518039455 0.0123616427798924 -0.0464630763518471 0.078038185553034
-0.0697413329159847 -0.0428743901168223 -0.0134141351448015 0.0952970433704242
-0.0485095225921646 -0.118157720562715 -0.0829781420133098 0.306001665138654
0.109419870017968 -0.025477629799246 0.115595695138032 -0.384102939249113
0.0462649984238212 -0.11103733095655 -0.0363129160965733 -0.165301010841425
-0.0750078296524795 -0.0890069778776904 0.000704249428660207 -0.0648130505478137
-0.0844514439588286 0.0531743054611346 0.0714553307379163 -0.0530656166293391
-0.00877488494085697 0.0930226040728302 0.0517460801467907 -0.19309986519296
0.0520437612482677 0.0578548556338328 -0.101530669720291 -0.277233166022687
0.0711124443833225 0.00829096166395934 -0.219382540424477 -0.265769733866305
0.0818535628324672 -0.00444475981381179 -0.256347212262551 -0.243331542369712
0.0769678159708626 0.011922656090616 -0.226478861370167 -0.266065442995911
0.0584713248133068 0.0866538320545833 -0.107091460307392 -0.287498946204581
-0.0108742946381808 0.116226680472851 0.0472235090179427 -0.215897577922159
-0.111124165623528 0.0544802420973127 0.0387704201812799 -0.0517004978715342
-0.1014308072096 -0.116191269462739 -0.0830471912496306 -0.159769785421417
0.0764265550916839 -0.137498813383821 0.00507947336941438 -0.366915220875806
0.145929654066262 -0.0412036686407477 0.413354285261186 -0.503000824976235
0.198672443584726 -0.172775232278038 0.065392085767994 -0.352734080639066
0.0430801539633954 -0.238071535567591 -0.0158592386902102 -0.155251836761001
-0.148573642164153 -0.165409496556158 -0.0219705110518986 -0.0816848361305566
-0.180779161981945 0.0758424197497813 0.0388024911520435 -0.0439173936917095
-0.0650177891157246 0.197465647825629 0.0460914693605503 -0.142556162885318
0.0694301581672583 0.184355552884029 -0.0598593340703564 -0.23503249718469
0.148075278450486 0.109934156792037 -0.168623410391286 -0.243388508564816
0.180365514938622 0.0872449665693985 -0.205023628872842 -0.219902660397436
0.168104301422378 0.117538122518124 -0.17646842874714 -0.223846466116734
0.108853372953051 0.244315552776046 -0.0856966791435543 -0.226035862433635
-0.0686012909851312 0.283948368885428 0.0186694877922962 -0.159922203495002
-0.268845005164948 0.141454764344881 -0.00912168548400449 -0.0205936241419611
-0.295896687914803 -0.213706758286273 -0.124238173990125 -0.160981114860667
0.0208015085694708 -0.378753781496135 -0.00971751993462529 -0.361951916523074
0.246170199512655 -0.279382454997548 0.360051978908938 -0.45377698383377
0.274158779324717 -0.306141275493026 -0.0203800618919779 -0.276449931937325
0.0323361805884758 -0.361759656937801 0.00406722100420265 -0.111220685279044
-0.22558791341107 -0.240410345661079 -0.0237718284556776 -0.0918472090334215
-0.277686082360398 0.0946332053105215 0.00775637774561114 -0.0528927883060875
-0.123056255121946 0.289862446606479 0.0177617098302914 -0.0857671339196112
0.0765408171537675 0.297139388216739 -0.0233569829687842 -0.157823216533033
0.2042421652953 0.201708032722256 -0.0986946682761393 -0.183098201551185
0.25090613455145 0.165350597781072 -0.121944344039041 -0.164819960585715
0.234231529760249 0.201327887882361 -0.0949043374141847 -0.14983233360127
0.151000034761493 0.364846122586545 -0.040124628828907 -0.130978979678534
-0.102869637862529 0.418841478130144 0.000444966240457795 -0.0723933876972955
-0.383162145641358 0.228333877233491 -0.0520496818645892 0.0307619158725392
-0.460515444275954 -0.259166822962294 -0.158781710692586 -0.124543863295222
-0.0588767715894389 -0.556051381585217 -0.0335602975885755 -0.307029992518979
0.295805969385677 -0.474011079626818 0.273850111656943 -0.337681150761634
0.316307546577924 -0.413554086492959 -0.136827037353928 -0.14910899207086
0.00241440820560215 -0.472292400871043 0.0165015302390092 -0.0198137192044603
-0.311835352373594 -0.298069702447807 -0.00756317280712828 -0.0778796600582909
-0.363990211094279 0.119390656943508 -0.0210086968542596 -0.0629305843225023
-0.166715327564818 0.361907925979309 -0.0251504952013442 -0.0157578051070928
0.0780948488195669 0.379388230988926 0.00931762371441878 -0.0463735369188102
0.234723722534719 0.266678605129807 -0.0157242144105747 -0.090205310867189
0.282984864800897 0.217210368567466 -0.0205935018582507 -0.083594936452229
0.262446391610759 0.252320342012726 0.00445443669617503 -0.0571065168512102
0.171439187626608 0.426526718906374 0.0241397882237853 -0.0185655295834483
-0.115896095952952 0.489494456777609 -0.00242768808927017 0.0353859154552119
-0.424160943369843 0.283627323697641 -0.082978119183611 0.0927961690542827
-0.54635636390995 -0.250085539266944 -0.171557599964882 -0.0606412739392601
-0.131445840790557 -0.632157497019821 -0.0482760380565683 -0.205576162862113
0.289946948137159 -0.58027674165681 0.168498130719204 -0.17345351800915
0.311241717364604 -0.464639306104049 -0.265395957017858 0.022142176353095
-0.0391938366213702 -0.525357478307513 0.0212513457048134 0.113772791773001
-0.368683651661134 -0.31257452796528 0.016562574935449 -0.0374188918328832
-0.401770931875056 0.136420146863463 -0.0492159263850959 -0.0573009172680047
-0.18258643010839 0.384636875459348 -0.0714051536685161 0.0696929681175326
0.0716113608516423 0.402300811162149 0.0389275254357213 0.0845227803060457
0.232409537130391 0.288273066570473 0.0715117605346028 0.0231820756446488
0.272458988315159 0.235133380437765 0.0836646502284963 0.0111260365533167
0.246266990418641 0.26484963022475 0.104730296486228 0.0411820499845597
0.157921700347491 0.417446567652779 0.0920956662943478 0.0918281235255092
-0.112492033832543 0.468185253456925 0.00592887364411902 0.139297486519366
-0.38852584971198 0.271885336791471 -0.0988094878442815 0.145011933015716
-0.509859391292821 -0.203776708885095 -0.156358356712206 0.00837660066254593
-0.160543474386877 -0.583081959377102 -0.0457197872901006 -0.0883690506754432
0.238542821672211 -0.576116238524851 0.0678603442853653 0.00725389953540183
0.251528741479247 -0.443467147333848 -0.381258153512195 0.212493230689615
-0.0761070609649673 -0.480018432689877 0.0184070889842182 0.259239024037888
-0.351868504045908 -0.261319376987835 0.0410534426344982 0.0190951591660524
-0.354768191860814 0.128853324625727 -0.0728491207263209 -0.0352482863760792
-0.160354287133022 0.333147629600607 -0.109349470927807 0.153610051849537
0.0553058997593756 0.352222642107449 0.0648465990119227 0.210545741851334
0.194199604686124 0.260790789522446 0.14980352675952 0.135902174759635
0.217945462127384 0.216208547517467 0.176071518089242 0.103724830043269
0.191414556076768 0.238325197138619 0.186574938720554 0.128152237406093
0.111415127911067 0.34211408210955 0.144194126916003 0.178941191370035
-0.102476795690144 0.359285641577138 0.0145418755317378 0.211856455083564
-0.285849337599721 0.189649579671366 -0.104435530724735 0.165752867477791
-0.363318875642813 -0.138732170812297 -0.122244081439219 0.0568869601776924
-0.141109423306232 -0.434248839138279 -0.0329102845071667 0.00967613338461651
0.156622441171961 -0.470354876064276 -0.0129425500569205 0.163523208213571
0.144410180616708 -0.339118090933891 -0.456732611339062 0.382890862692846
-0.0943761949170606 -0.333519660595927 0.0109238518255854 0.37845981562603
-0.251750231105618 -0.150567633511048 0.064763163911624 0.075928299791562
-0.226488967981275 0.089221276162159 -0.0785576260200691 -0.00901009856723467
-0.107718907510474 0.213164879016394 -0.128126335348996 0.207172396851454
0.0273310187430271 0.236574897840374 0.0799826678481544 0.301409581477184
0.120670956876002 0.190597800260756 0.206798372433657 0.228139058976626
0.130668064531983 0.166148659956139 0.240973018076859 0.17972253017085
0.109860628995085 0.178097513625045 0.235517666074628 0.194414391104995
0.0479353656714241 0.220843409473011 0.163864013685013 0.233701579089282
-0.0863156919419801 0.201470643761074 0.012578350331911 0.241359732683306
-0.1567262551524 0.078794535966177 -0.102298552114967 0.150145161608554
-0.17510227851045 -0.0669831153851858 -0.0818304911426321 0.0769526044163981
-0.0991515122501243 -0.236298481168376 -0.020787970756983 0.0700544651368909
0.0555171718091008 -0.303690298529659 -0.0653764930772994 0.268366311922332
0.0114832852197901 -0.170043927019254 -0.475918243024663 0.50165557034207
-0.0895081953258896 -0.123412166682631 0.00782198618860546 0.452274624522381
-0.100218077681442 -0.015502795892739 0.0954596689772622 0.119283678145561
-0.0587133505224592 0.0268062288537506 -0.0589414773752857 0.00622186313694945
-0.0403692061469538 0.0564324817988654 -0.127939030909119 0.215032969997854
-0.00976834043829925 0.0840172689597514 0.0803040583582719 0.339064818391926
0.0241460666366595 0.0914872473228934 0.231571443132613 0.282067651191239
0.0232484087474522 0.0925307016339299 0.269607248864912 0.227130877919161
0.0182523470237896 0.0945189068477171 0.246041274906844 0.234488422918599
-0.0107630348215074 0.079036352933798 0.154258774852204 0.256083418915895
-0.0551995295446694 0.0418859289313861 0.00333094181344956 0.234626741668818
-0.0295066791656172 -0.0110380653266572 -0.0909845719502259 0.112714438034805
-0.0113315821591077 0.0114744719011672 -0.0447177321969398 0.0801469733217008
-0.0701819876021213 -0.0417690378978487 -0.0161953175109255 0.101359590474276
-0.0482849935909652 -0.119486892376465 -0.0908843329683471 0.316681085504565
0.113690797898227 -0.0439947947825098 0.0547468280696449 -0.415083402445379
0.0311528299464816 -0.123204097439337 -0.0612008789658128 -0.16559370636116
-0.0940824704126587 -0.0799554940667099 -0.00745881337002031 -0.0654519215851259
-0.0792539243338727 0.0697019896838805 0.0653564544528885 -0.0688907077036472
0.00863558262609735 0.0989003522678557 0.0200764638427171 -0.210912796128325
0.0648743088662528 0.0512374593239483 -0.1535433566907 -0.274004014262401
0.0761630284576714 -0.00266218298921708 -0.277275079218648 -0.243318814437647
0.0852371835169399 -0.0187271631195508 -0.302939392552017 -0.213015788550748
0.081960422099089 -0.00138420799570738 -0.277203333962254 -0.24500300218611
0.0772363971333084 0.0798597571400666 -0.153666749311053 -0.283891270356046
0.0102082521465029 0.122031675641352 0.0191796094235878 -0.233951326378343
-0.106789172168617 0.0731219949629139 0.0380627638791776 -0.0581591385544374
-0.124275389640939 -0.102559980682294 -0.11279582336012 -0.146544848143932
0.0569024493523839 -0.153172524780566 -0.051193733012934 -0.379950331383974
0.139836825924612 -0.0655088022707976 0.360137593623059 -0.585842621498002
0.183874998967842 -0.214700867967236 0.0113833292764586 -0.360240163955644
0.011621852180263 -0.255386093134411 -0.0352129209042047 -0.154180277123594
-0.181317791977994 -0.149176931631453 -0.0283742897060918 -0.0771236441457687
-0.176116020092194 0.105222786536497 0.0368436177712312 -0.0539140130320554
-0.0351677875184022 0.214839725806124 0.0259840514233829 -0.161934375281467
0.101188566406667 0.181527007932142 -0.103795588862899 -0.242563406629684
0.170478266922912 0.0924592056181213 -0.221314916395433 -0.231886743713934
0.200307657927074 0.0621295152319731 -0.245986697660616 -0.197440116244967
0.19170249467386 0.0951970026283162 -0.217666555527853 -0.20929642563206
0.152168268396809 0.234875737269945 -0.120065761080321 -0.224806700880844
-0.0238569968876555 0.302143131683941 -8.12937547593291E-05 -0.17190217301314
-0.256394666789741 0.18377038585757 -0.00238025086805922 -0.0180118346197555
-0.339183866386447 -0.172759332020511 -0.154107144108996 -0.137691337680404
-0.0346726721159893 -0.391586588164934 -0.072620237064931 -0.370773732472206
0.207655931822394 -0.324166068295234 0.313366880120125 -0.528631970409522
0.240535576527469 -0.370638289331047 -0.0639124144381105 -0.251262782622788
-0.0174216339198665 -0.383643020210896 -0.00322905254281427 -0.109125265653396
-0.272040121603729 -0.216523785504806 -0.024666832542656 -0.0855019583118271
-0.274480524915669 0.136851105896371 0.00694492538453852 -0.0591361972968779
-0.0834277796195821 0.317967395991183 0.00968768581557551 -0.102647735433668
0.124786428006419 0.298569055165773 -0.053577292016057 -0.173128872251912
0.241758954753723 0.180745689065218 -0.138024039550475 -0.183211989978044
0.284988331884805 0.133506608179756 -0.152872225010335 -0.152928117251461
0.273056286029654 0.172181702408967 -0.121556810619366 -0.146409568547996
0.212984130433796 0.352336521341451 -0.0566030768124998 -0.134207028143608
-0.0395209823114022 0.446660818133753 -0.00372519133826556 -0.0794034137842556
-0.361189902309538 0.287022608194638 -0.0361759421628775 0.0416550728872998
-0.51399900800329 -0.195041904638298 -0.18232157422333 -0.0922333293369765
-0.144007254883369 -0.562752377115665 -0.0936750757130503 -0.307606676684153
0.229371873176045 -0.530176505750951 0.238379420748841 -0.397306434137692
0.26751808887485 -0.490174230714829 -0.161235610891647 -0.0881696347211214
-0.0645747759530454 -0.496192415273226 0.027998639483808 -0.0117134687906795
-0.371423591288793 -0.26426581748905 0.00162722544015838 -0.0742225255260449
-0.361400427220797 0.172605275065767 -0.0210830030834665 -0.0659312318743698
-0.119849522000446 0.397696414698995 -0.0209083846965647 -0.0256617411134179
0.137979798282338 0.383626971693504 -0.00196393819270617 -0.0666433497793851
0.28264899412213 0.244245855011031 -0.0353287934508043 -0.101266567158705
0.325464784481818 0.183399677239026 -0.0364007513574038 -0.0847145835167878
0.309886154581401 0.221195063267657 -0.00274919244462815 -0.0644959201213961
0.242115770417208 0.413506625853765 0.0282758899017637 -0.0273588144663597
-0.0427368473104665 0.520293697959043 0.00987842146469304 0.0328738171738735
-0.398971806645484 0.351023149059782 -0.0566580238935865 0.109922288277786
-0.601737897748839 -0.17140294557608 -0.183870492434708 -0.0226884338216829
-0.227692661728526 -0.628374058106535 -0.0955982112705543 -0.198662130686157
0.209124374257836 -0.637946351183299 0.150022558732866 -0.210302944655267
0.254358328073164 -0.546701274499615 -0.265369357855298 0.117386909720319
-0.116495786734747 -0.546019161910644 0.0570962633037396 0.129552482207828
-0.43112830139696 -0.270646613675426 0.0384179504306636 -0.037765206389006
-0.397980597733127 0.19663632380984 -0.0480805980324838 -0.0570061295301348
-0.13398797351296 0.42378322892966 -0.053677829424776 0.0695508457092578
0.133367273970714 0.407795015754512 0.0507680866797165 0.0644993371821491
0.282817222005603 0.267154653465691 0.0757875305655766 0.00301708347205596
0.316433267455883 0.204086420706905 0.0861872344084933 -0.00296148065709739
0.294865235419045 0.236519101106448 0.116766275982829 0.0220910098548881
0.225595261850175 0.405891390362135 0.115938940542753 0.0761723454661807
-0.0428078939138897 0.498906714177143 0.0345229747147203 0.139603919961186
-0.360541900245104 0.332638821361005 -0.0662564579316456 0.165811775818842
-0.553952249983445 -0.128899062774005 -0.155849433915732 0.0440367672962066
-0.251876900608485 -0.573508972558362 -0.0743112718492282 -0.0765307735912673
0.159002021688283 -0.624758668017052 0.0703710008679277 -0.00572850114161448
0.192105102395 -0.513814839044195 -0.35264700706679 0.332446617123153
-0.147973783945283 -0.494470370919324 0.0775148891148713 0.280214012265409
-0.405057526256172 -0.219929310238328 0.0722648167985776 0.014198109318148
-0.34996230500767 0.180186212032247 -0.0714859364830097 -0.0314017680852934
-0.12065047277896 0.365795808245324 -0.0801827548903143 0.164699440416505
0.10902395710892 0.359088336825194 0.0997644587803538 0.193744272754295
0.238539105629675 0.244866623993638 0.178879698755605 0.110465941657714
0.257657941383301 0.194087797183169 0.19579230586292 0.0786045582479814
0.234322984638055 0.218078488902738 0.214617618550763 0.100795815601572
0.164372132458669 0.335357287886861 0.182440312870944 0.15854820406487
-0.0519204748535788 0.383821995937756 0.0531836727563415 0.214139378315497
-0.267379636742901 0.232955168431457 -0.0719014627414336 0.188858762115072
-0.392570527485631 -0.086503775919421 -0.112386581470183 0.0850071724482317
-0.207733741985653 -0.421998161148045 -0.0427449304098291 0.022632427517672
0.0921217654790757 -0.502800357374066 0.00826480875481256 0.170096357402157
0.0961598729850408 -0.38783083769159 -0.404546755590532 0.510512472014505
-0.147409165212168 -0.337369788138674 0.0851990861715407 0.402275707193092
-0.283512618706538 -0.120029721963328 0.0982058568344622 0.0667004234956454
-0.222658256153402 0.120745331346533 -0.0778124761342472 -0.00136727589732082
-0.0833883102154141 0.232874564926495 -0.0934816922311921 0.228716830115346
0.0613961977659064 0.24226417890054 0.132403038274867 0.292283751730073
0.151454988138031 0.182815075449946 0.256382169952277 0.200871314549062
0.158274198137845 0.155770603832335 0.275312332482975 0.14814366591049
0.139966316136851 0.169836339859065 0.27547547091926 0.164132255130776
0.0803328195888486 0.220759687395685 0.209267472553892 0.212640792520759
-0.0604465137128967 0.22007258153927 0.0548050520318227 0.24593308928861
-0.150431400717607 0.100241201298623 -0.0763284574542929 0.172043393826694
-0.186329957630149 -0.0437086715714848 -0.0684202811736814 0.0946819993133437
-0.134039713901571 -0.226511322597406 -0.0165744662247449 0.0819503026488294
0.0146268179840242 -0.316606102222547 -0.0323790137452707 0.288118067331868
-0.0164529856191562 -0.187454743042666 -0.408038669923283 0.619846450080442
-0.112927246085779 -0.11753510564698 0.0874862906372517 0.474038921795335
-0.105926057623089 -0.00153130149470644 0.125402827478065 0.103981268420154
-0.0572715803078684 0.0340708535677979 -0.0606628023006702 0.0124288304977188
-0.0371468804273165 0.0613752365100272 -0.0958071853760624 0.243983238529944
-0.000141959643040463 0.0884622550565735 0.139779804379426 0.338876295546565
0.0372878464050021 0.0935644847859004 0.29273062603977 0.257640285839149
0.0364834967239496 0.0960295775080235 0.313409836193326 0.193985028005234
0.0322024270260624 0.0968693443356252 0.292161858627793 0.20576944435432
-0.00356162963342039 0.0835782659756822 0.200589485888701 0.23905674066596
-0.0541827182033189 0.0510587044879237 0.0414795665749228 0.240389987445027
-0.032806330252944 -0.0105912418659472 -0.0745625197276689 0.131191934119305
-0.00655917953298744 0.010192713010346 -0.029059080157568 0.0888142291857589
-0.07476289943186 -0.0303281015753779 -0.0030125001355781 0.111511085895738
-0.063438066551726 -0.111785209958839 -0.0523245803787326 0.343072218042253
0.11130396031977 -0.0556456094689709 0.0240356826456854 -0.426585650460754
0.0192151249356577 -0.126869964633981 -0.07391163926464 -0.167381011157605
-0.104432432888996 -0.0705491112255264 -0.0169905191931381 -0.0652678696751371
-0.0733235201085572 0.0786208153641309 0.0580626382990307 -0.0721679480971014
0.0186245329625381 0.0998072266727361 0.00350045385535834 -0.211614403829866
0.0696108295642382 0.0450013949258863 -0.177326329103246 -0.263099103117282
0.0760595598697917 -0.0105324770716979 -0.299252487157132 -0.222822377722215
0.083047550231729 -0.0268113647845168 -0.322949084538996 -0.191804190180021
0.0813611233066551 -0.00701139451002018 -0.299638429959165 -0.226654633311288
0.0864497216965458 0.0739422257128493 -0.17795983571029 -0.276575631880088
0.0218339237403391 0.121750534292823 0.00308670569413987 -0.238639630683312
-0.101509014255783 0.082796116236173 0.0375606896743783 -0.060441601527065
-0.135602454970268 -0.0928577794298568 -0.124660901763811 -0.135123214177751
0.0439167683458845 -0.161377062532198 -0.0796088092443753 -0.376234354177026
0.136421095767676 -0.0805371384971849 0.320955931794161 -0.622147905898322
0.168835239528329 -0.233618666690405 -0.0153238605660893 -0.366062807049843
-0.010869186809539 -0.25975956183876 -0.0463673154594685 -0.159825733804707
-0.196975962687802 -0.134262638681285 -0.0389668585250428 -0.0746866467286693
-0.168327147002411 0.121596473108863 0.0300457681724781 -0.0543020579837338
-0.0165264887604366 0.220357392335594 0.0144208533765453 -0.161528172148327
0.117586279333313 0.174597971078752 -0.124119869726674 -0.235864806991891
0.179547088943667 0.0779370557901992 -0.241715893020513 -0.215827883103752
0.205859447867831 0.0459779176075403 -0.264408201747842 -0.18187021890384
0.200938172321161 0.08178977226005 -0.236729200168069 -0.196609544534266
0.174770128253081 0.224470756614307 -0.138471235074069 -0.219683133948052
0.00280144555695606 0.306727124285005 -0.0113546683871068 -0.172940704003546
-0.243909129389697 0.205675256063362 0.000793257571584048 -0.0171842290642582
-0.357550620485178 -0.14717570309209 -0.165934053457413 -0.123662969289623
-0.0679896203375976 -0.394865229300616 -0.100014938966728 -0.36728652166384
0.186483570107994 -0.347252859317086 0.275374418811457 -0.560167971971144
0.213480151322115 -0.394419660847282 -0.0816181199073614 -0.25040403710348
-0.0487354497466834 -0.389818888441851 -0.0106550756197358 -0.117142010107581
-0.293380271610117 -0.19583077266812 -0.0363664595222037 -0.0845138047213526
-0.265714092512366 0.159825218786128 -0.00189123397048439 -0.0564647407723244
-0.0570429876748598 0.329157620726234 0.00388388016695955 -0.0997146380813564
0.151759988184692 0.290995750795183 -0.066400064958969 -0.16993000361556
0.259909788547377 0.161911477403369 -0.154243419642121 -0.173186296973268
0.297779237374414 0.111974956878226 -0.167079696284028 -0.144240394268632
0.28931542781667 0.153765191780106 -0.133864583112914 -0.141033668726142
0.245167085376629 0.340060027841015 -0.0662288673559447 -0.13387680636143
-0.00205513288617484 0.45469128904831 -0.00742207106605569 -0.0786104213106938
-0.342640381995819 0.319393202135619 -0.0274561724796968 0.0447560398170591
-0.53723214340617 -0.154763340955659 -0.189721818457134 -0.0757551671283676
-0.191820208288391 -0.560985813175772 -0.117315202993269 -0.301258215928736
0.193136257294537 -0.558442525562497 0.20921707403207 -0.422433154208224
0.233189262155765 -0.518840688975326 -0.168117554452233 -0.0773280741816318
-0.104165206759536 -0.498091347817163 0.0293741723662387 -0.0219392392782885
-0.396213366557947 -0.237812308373755 -0.0081754017386529 -0.0754036032881009
-0.351235619768248 0.203137953016409 -0.0314136887614359 -0.0615764286547936
-0.0888658276983016 0.413241628938345 -0.0196399368320456 -0.0189063155638023
0.172512577172293 0.3775573007216 -0.00457361343357622 -0.0668256858630145
0.306859495772584 0.223066662027508 -0.0434075839805471 -0.0975404772704335
0.343787593600179 0.159438697306509 -0.0433557315857265 -0.0840197559076128
0.331929053055647 0.200882256327242 -0.00807321635606053 -0.0684390952900838
0.280121700576999 0.398200697223298 0.0281757796978432 -0.0336504719022223
0.00188760691881425 0.53167777750846 0.0156805781406045 0.0336231058123683
-0.375276683506656 0.386085598202355 -0.0425131754098082 0.115276466249329
-0.621838759363543 -0.126393217992262 -0.184511165414521 -0.00702853978179252
-0.282487314516526 -0.618254584090466 -0.110282871215312 -0.190782362444966
0.167166638876642 -0.665575657932418 0.133164735186294 -0.226121778716476
0.214740702652 -0.572934708930426 -0.257388959108698 0.139271267340934
-0.158928729507816 -0.54368861122226 0.0694440393874969 0.118049326651552
-0.456436282497139 -0.240904585897319 0.0329977595971747 -0.0418356691337172
-0.388266866045183 0.22931206240706 -0.0591502170443049 -0.0517940027874645
-0.101884268880833 0.439666189201099 -0.0460064431809275 0.0800228436862336
0.170303530807339 0.403773101882176 0.0602817252359383 0.0619675802617275
0.309000010339871 0.247689604943579 0.0771920524600219 -0.000565058578560011
0.336030775164636 0.181602973177822 0.0866499045622454 -0.0112052159446483
0.318571287065392 0.21731594578598 0.120082924923558 0.00954893340264868
0.262955610743954 0.393070996354703 0.125015969698364 0.0636549547608078
-0.000612994230271793 0.508394674086289 0.0494106627485334 0.139092752273824
-0.339269625463825 0.363984777055916 -0.047397844975418 0.172002390592922
-0.570285367190508 -0.0863603117995461 -0.150211668426871 0.0572585525325953
-0.301472255936497 -0.560513638157568 -0.0797671777032323 -0.0685034169078132
0.115138724291708 -0.644981679455756 0.0679150133238244 -0.0135372755296201
0.156789677535987 -0.53499235320277 -0.330806761321115 0.364515304080076
-0.186683356615713 -0.487737461004706 0.102138013298506 0.270827135202323
-0.423308932256092 -0.192951561222648 0.0728300241336115 0.00606996662213737
-0.340421483519386 0.208672289531939 -0.0798213963007852 -0.0244482315954708
-0.09328178527396 0.379816672807872 -0.0657652862956156 0.177596009721154
0.140516862061708 0.35548587662432 0.119571401727267 0.18946802723395
0.261911651927374 0.229121939520401 0.190576175560909 0.0996925484418613
0.276001980594548 0.176252996017599 0.2046733913388 0.0634488652067122
0.254817625459169 0.203002756704942 0.225811297903129 0.0816777726300925
0.194997009741105 0.326273525164003 0.198302618526561 0.141533830237076
-0.0192545466827558 0.393926529848308 0.0740604795233896 0.211697366132194
-0.252283399743534 0.254980106006263 -0.0525667447444003 0.194767067729569
-0.40084288833148 -0.0589013302634008 -0.102639497111607 0.0936390830653025
-0.243341253687506 -0.410336842315802 -0.040399743029322 0.0283585739847169
0.0556870078379722 -0.515398677665855 0.0191901000753249 0.170498407000033
0.0683374888246852 -0.397852608715707 -0.369271230697858 0.551790399958516
-0.171784708984296 -0.329656374383228 0.119061172594646 0.39656578921224
-0.293053127889569 -0.0994730873662664 0.10429220242768 0.0565867461504557
-0.215670382399408 0.137941937894684 -0.0835189852729856 0.00425631138253866
-0.0665780632065189 0.242354616927108 -0.0758108731066744 0.242259708676635
0.082884645785975 0.241838745020418 0.160960375700155 0.285709303868902
0.169065115951638 0.173438872249603 0.275153747373932 0.185061678762125
0.173428704241686 0.146383332689637 0.290623839084225 0.127098545708018
0.15615072321138 0.161546791125038 0.292502722852884 0.141135834436964
0.0992099283327291 0.217788129151285 0.229441446279298 0.193731153156089
-0.0427191641054055 0.228550655230809 0.0773353048511292 0.241594259934487
-0.145584358443869 0.111405544013944 -0.0594319937598884 0.177666892039814
-0.189478275302193 -0.0323756703425556 -0.0570383746265491 0.0989573065443567
-0.151893127292331 -0.215809086992363 -0.0099224513070059 0.0859659420122145
-0.00700571600221671 -0.319301894069079 -0.012539074486415 0.293404700993304
-0.030310286465278 -0.186212155972828 -0.36301593421619 0.663985469846961
-0.119903853932008 -0.108465260205782 0.12591129762703 0.470128450998836
-0.103954413514511 0.00628214155763365 0.135444343808257 0.0914811421759468
-0.0557373470332502 0.0378795353313605 -0.0642031371307324 0.0154209230085644
-0.0333829677450005 0.0650708003908281 -0.0783008081986411 0.256144382419565
0.00771134685523209 0.0911582914928441 0.170761432897064 0.333338020420727
0.0466642474352482 0.0936034491547465 0.31570706559951 0.238270457071758
0.0459607577829372 0.0958947071497927 0.331454307307687 0.171883110578987
0.040547248820231 0.0960630208727159 0.311935952599202 0.183586669554944
0.00196084688188759 0.0856845915268037 0.221466666934843 0.222189279794789
-0.0514273489617498 0.0571161741953011 0.0628882136443745 0.23616489872953
-0.0353263225882098 -0.00932312970924672 -0.0617350680174606 0.136556579434089
-0.00250477209882025 0.00717141629672621 -0.0178024988980783 0.0893530705488881
-0.0741825834006297 -0.0221729427081359 0.00570210546432931 0.1152017980381
-0.0705535075974529 -0.104845254271819 -0.0285208532384765 0.350821282423894
0.102130393303936 -0.0631503666042267 -0.00528686494686221 -0.414578862055043
0.00649619671920109 -0.122994450229199 -0.0833406037536282 -0.161076467858653
-0.107787299038373 -0.0579564000362202 -0.0255237834283449 -0.0609264739024075
-0.0631806774551839 0.0820352884118734 0.0488774570210925 -0.0708775477335098
0.0274964539110112 0.0950151869143444 -0.011672172297275 -0.200152887075641
0.069629047878731 0.0374282936162887 -0.189772245655098 -0.238492258105982
0.0716248446752547 -0.0173892224145066 -0.303220132807643 -0.193649443921045
0.0770421527409698 -0.032081127057389 -0.324452446096641 -0.163576831565951
0.0773431064312864 -0.0118383014484594 -0.305950352362205 -0.198650812450542
0.0897619735134109 0.0638983531833386 -0.190206452185859 -0.255367966500596
0.03129778145141 0.114564936969772 -0.0128958824763764 -0.231223398414401
-0.0912306735077058 0.0872617933218319 0.0358022403705467 -0.0601308755611097
-0.138901988287445 -0.0776256135126153 -0.128327362566343 -0.117122102798158
0.0293694063526967 -0.159633549646163 -0.0996125930372896 -0.353634032033562
0.125234265565525 -0.0896881118012876 0.266703881066462 -0.620902017783126
0.145540340212004 -0.238234259887893 -0.0392819520250654 -0.354174914701436
-0.0310078245791003 -0.249044796470737 -0.0557419493317465 -0.157192366626531
-0.200743862518434 -0.113415578476663 -0.0464831764389578 -0.0677021700059138
-0.152325223718648 0.129174775793321 0.0231868183416693 -0.0508355850591605
0.00217131645623415 0.213796817851318 0.00386091638451277 -0.153440332150671
0.126605326066567 0.159007755592823 -0.135216070072247 -0.21689216106053
0.17860187174978 0.0606924818931941 -0.247223285574508 -0.190883740297639
0.199981386172988 0.0295198991458358 -0.268153473726098 -0.157591770018957
0.199049172681594 0.0649247889857048 -0.242540013231691 -0.175220694691426
0.185476142282601 0.202966003416261 -0.147252171525675 -0.20401950290848
0.026477516760949 0.294165862255663 -0.0206791426859998 -0.165742043078514
-0.220241328562505 0.214506096433516 0.00416247490307161 -0.0157984705810437
-0.355318466306725 -0.115087515058908 -0.167123918823622 -0.104369980725019
-0.0943569762327953 -0.376624629007954 -0.118616967173813 -0.34328881264549
0.155582665305926 -0.350575629585949 0.226062073904676 -0.55938407874646
0.176999405218439 -0.39519589348501 -0.0941300783822611 -0.237440852639915
-0.0758646972975137 -0.370878279688999 -0.0181130638684642 -0.119567685569833
-0.29655273670797 -0.167042806533526 -0.0446854435025754 -0.0775503967138824
-0.244539118172839 0.172673939638758 -0.00843306054061443 -0.0500131971890564
-0.0291875295312651 0.321299592489373 -9.46198030663763E-05 -0.0923202713221695
0.168385836220988 0.270244852689651 -0.0742142814539229 -0.158576494738038
0.261548626171687 0.135786367191622 -0.159904331017539 -0.154897344020078
0.293086504425834 0.086164128263148 -0.171466948519289 -0.128390307049463
0.290692705470353 0.12829662063256 -0.139254445410522 -0.129431235286899
0.262456033605707 0.309288757038728 -0.0715109848195249 -0.127162387899647
0.0343118816093799 0.438347147054072 -0.00915665638394565 -0.0740526892224199
-0.306035761396584 0.330176561978858 -0.0179165535314106 0.0441708429762233
-0.527842281199341 -0.111370149382004 -0.185640930891182 -0.0579442566793983
-0.224678727060782 -0.525514341207082 -0.130631265052494 -0.280198474370031
0.148556635785253 -0.554051771491836 0.16998180538378 -0.421904478594281
0.188085055937714 -0.515695860944433 -0.165344054063271 -0.0646422835276815
-0.135589621804494 -0.472428426512372 0.0266470084592465 -0.0318256025829688
-0.396771991254675 -0.201376366636238 -0.017146107932615 -0.0722698547672728
-0.324358108860455 0.2202686754152 -0.0382763711932398 -0.0532742389045942
-0.0536214709731852 0.404363352018335 -0.016995019157341 -0.0128204663930328
0.194243553907481 0.350697894719204 -0.00671570296455683 -0.0636937025393776
0.311813724754002 0.1918097992559 -0.0481033404843262 -0.0896664771991634
0.341488232731394 0.12845779724915 -0.0480638645867409 -0.0794638223778836
0.334609555298385 0.169460298063519 -0.0120570341063905 -0.0686897856604646
0.300104549324928 0.364351797349371 0.0260339650872158 -0.0382348417891616
0.0435867773144395 0.512833252467769 0.0209660750505281 0.0319361020857514
-0.334026294032401 0.397555538343506 -0.0265113916883765 0.112457523845159
-0.607660981927382 -0.0767616430106239 -0.174415948290901 0.00701857372711016
-0.316842440888208 -0.575880577443055 -0.117521419403969 -0.173864539012749
0.115767258162059 -0.654645026667485 0.109768048106518 -0.228723975742899
0.166355432995364 -0.56691984577969 -0.236151728398019 0.151746342449509
-0.191445922290686 -0.514423072035174 0.0752283815972542 0.101859530124982
-0.453204755509758 -0.201052799232081 0.0260058996883652 -0.0441199165441019
-0.357320707062072 0.246061986030891 -0.0651470229744954 -0.0426523126684988
-0.0650819668275589 0.43186812822601 -0.0351301479817508 0.0840831338464348
0.19490791632822 0.376712814920845 0.0662244352024939 0.0555237123396478
0.316405414246372 0.215127947229 0.0752274602963038 -0.00428216464082519
0.336205188652481 0.15141230220875 0.0829954509269956 -0.0179021977234575
0.323547928434937 0.18681022250233 0.116767654211435 -0.00288358186299168
0.282978179652003 0.360290184050881 0.126682432658432 0.0480430867760248
0.0406045598864597 0.491417511019573 0.0609624758101801 0.130227690934069
-0.301044365872426 0.373953969221836 -0.0284610594639006 0.167061207066936
-0.553173600785958 -0.0458019276814086 -0.136342893530562 0.0644453228983912
-0.32961872697344 -0.51565024997173 -0.079643674495985 -0.0587700368196678
0.067599761794669 -0.630954872886795 0.0617658385443576 -0.018387182063459
0.112968477898291 -0.525204260162272 -0.290656506329457 0.374626355764653
-0.210879718801716 -0.457032307289382 0.118170896880061 0.24730495731117
-0.419508413311799 -0.156836150520126 0.0683345442904671 -0.000782608453282189
-0.313654238413277 0.22353334987317 -0.0834218488755507 -0.0159485497322779
-0.0618063124584117 0.373785074185846 -0.0484407927822945 0.178738260824637
0.1629002937814 0.332770837899684 0.133178723121407 0.173584094401398
0.269825522045483 0.201635915903955 0.191306707994101 0.0845005273626534
0.2784194449133 0.151205472721899 0.20125892819243 0.0459843528393268
0.260946464475928 0.177938516914091 0.223840775292854 0.059528890249059
0.212743627782527 0.300301047896728 0.201489289482697 0.117241834799338
0.0128427849213808 0.381982255339927 0.0895031443932995 0.197293826824242
-0.226096037256625 0.262112064957429 -0.0319413129846539 0.18915052291317
-0.388447188638485 -0.0292781892623969 -0.0876430712562549 0.0950127428133967
-0.262724146616457 -0.375277240494036 -0.0358369955592791 0.0319717886339515
0.0199552896896119 -0.499809877433113 0.0279571782478639 0.162290215248502
0.0380424282318476 -0.386393609736312 -0.315437107669995 0.558195210574857
-0.18515594612328 -0.305347847377591 0.14255998333362 0.368998896423967
-0.285706600209228 -0.0771168434503083 0.103257268712874 0.043896731370766
-0.199059734845765 0.146772307996133 -0.08444190326194 0.00974419765521008
-0.0479828227677926 0.238885672905189 -0.0541875712816361 0.241411716261068
0.0986872946812555 0.228279594242268 0.178703268199689 0.264423879308005
0.176534247192187 0.156137428916533 0.279521028569306 0.161057507847963
0.178176123961494 0.129660658141977 0.288892306119923 0.101986898719855
0.161998832671049 0.145297575479789 0.291853875208205 0.113205818534046
0.110888086363158 0.203442687813387 0.234083011481243 0.165899462767246
-0.0235799967178996 0.224294752810549 0.0938131366446361 0.224672726121267
-0.133974880895879 0.115901380823352 -0.04061963856269 0.172836539739741
-0.181818943301478 -0.0207906845947513 -0.0437266593575056 0.0962653942853557
-0.158949373421036 -0.194933485643685 -0.00291834998226981 0.084852058066159
-0.0253136975607412 -0.304729704504507 0.00657765100931858 0.283226737925043
-0.0415608198264433 -0.175509925627028 -0.304826606303745 0.665689171158199
-0.120095849889076 -0.0960033911807992 0.154797980059625 0.442438718939903
-0.0967503473011236 0.011616517211745 0.135978535760602 0.0750318305251698
-0.0519297615366105 0.0394047130561087 -0.0652375113084168 0.0178014669815717
-0.0288324038044977 0.0650668314219236 -0.0577726268946231 0.254137184848582
0.0151818306709042 0.0885024198663135 0.190958282550426 0.310144876235479
0.0534036524790271 0.0881747713950506 0.322657586736062 0.210401700962917
0.05211442510547 0.090412271867401 0.33198232423987 0.143139551785985
0.0457829053973847 0.0901059573075445 0.313268412953936 0.153770417950456
0.00679225617784671 0.0835573303805102 0.228508021589992 0.194305775106651
-0.0461588138429203 0.0602417542362219 0.0776548695593551 0.219248245673075
-0.0368522539566146 -0.00848597488327812 -0.0476680797942232 0.133515630298888
0.000664028769898018 0.00325939016194539 -0.00650950928730699 0.08420993880252
-0.069720157055894 -0.0147276574323066 0.0139731574178739 0.112107697876089
-0.07141189148128 -0.0930272928738245 -0.00526619991621997 0.33967738606748
0.0931357671459838 -0.0639926336478505 -0.016581554323126 -0.391644263215946
-0.000369304811695236 -0.114411258232758 -0.0841918358249331 -0.15381104637006
-0.10489890248596 -0.0481169270751573 -0.0294587105699138 -0.0543097431022904
-0.0554476680416292 0.0800507289767855 0.042068862694645 -0.0652937621950067
0.0309560651289106 0.0883446111004763 -0.0166689574328864 -0.185128918362511
0.0664184095118316 0.0319817394020973 -0.186430811281347 -0.216567992290467
0.0655779288361896 -0.0196426753456802 -0.290495148197933 -0.173913053569656
0.0702128788795939 -0.0326387243231687 -0.311410734673344 -0.145517731646575
0.0723141344867327 -0.0126462109547849 -0.293373520130563 -0.180078201081192
0.0877929982628882 0.0568542848504587 -0.185731856181541 -0.236336345216957
0.0340110888387382 0.105403693176006 -0.0172028948754359 -0.218174109831771
-0.0822899679266231 0.0842011248637359 0.0351536651421736 -0.0579752360391467
-0.133864286396687 -0.0669113631378647 -0.122796112524161 -0.102452745013028
0.0209981335355691 -0.152357140406485 -0.0996419266574833 -0.326872626599047
0.114903628978242 -0.090122405217401 0.233979439966407 -0.593871517049769
0.128086232594117 -0.229929516101187 -0.0455227081303524 -0.333529640271825
-0.0386864746119204 -0.232871117953155 -0.0587007347665612 -0.151671724482847
-0.193780305551516 -0.0981853148993936 -0.0494334132877566 -0.0599158513537159
-0.138176812452031 0.126870109812519 0.0183861412607052 -0.0450073367742393
0.0113204467365049 0.20133955640538 0.00123335317254481 -0.141323354961733
0.124166036385969 0.145015833880237 -0.133416109003133 -0.199446637688583
0.168670504238928 0.0508131779733473 -0.238028927451252 -0.172127108809609
0.188295867754211 0.0213514178428747 -0.257644960317362 -0.142796265272445
0.189154685435693 0.0566621404610109 -0.233865954544692 -0.159911304515931
0.182480485262788 0.185210350519168 -0.143966771603414 -0.190543910616631
0.0357825603020368 0.275502692429918 -0.021732498794792 -0.155272294098898
-0.200379661877628 0.208452950602376 0.00758838524870995 -0.0158440467944623
-0.337667338636573 -0.0966149512926355 -0.158496813550923 -0.0902798419387902
-0.100607140945466 -0.352708025123873 -0.118505149607935 -0.31793182727697
0.136729357711049 -0.336603418256135 0.196867089281696 -0.534765223247597
0.153008417054762 -0.378125676972134 -0.0941564802542803 -0.222846350928918
-0.0841998933518615 -0.346683844127268 -0.0216790912443172 -0.118908650844594
-0.28426134615464 -0.147172604817965 -0.0481121513624311 -0.0702743336143894
-0.224266226791169 0.170022792214719 -0.0114114661293734 -0.0435870436570525
-0.0148741777006956 0.303412138008142 5.21725514013435E-05 -0.0837177107172707
0.168415918593396 0.248434161131593 -0.0729854210662934 -0.147243453351931
0.250452716368505 0.118406864644601 -0.15499444072175 -0.140867663485562
0.277891402678084 0.0719299750060699 -0.165735721122267 -0.117773133394114
0.277790815906711 0.113168035866741 -0.135002716874216 -0.120500730173696
0.256788231919234 0.282762009664512 -0.0705234122701396 -0.120557687647457
0.0474537577889062 0.410518162151974 -0.00795900981469664 -0.0694044811778134
-0.28009017164333 0.319144587283367 -0.00993981386368254 0.0412919072989339
-0.500024761089245 -0.0893034295303365 -0.17340182244941 -0.0472676262422185
-0.22759155518724 -0.488039901659766 -0.128671336540192 -0.258348150907137
0.124131161377137 -0.526951847813366 0.144865605706267 -0.403318929791878
0.159769034773465 -0.489030040399353 -0.154769178605161 -0.0571063778344963
-0.141615559594937 -0.440670467783363 0.0230758047317462 -0.0385338023540118
-0.377623053105017 -0.178277385605063 -0.0223711591812584 -0.0664408410626492
-0.299317717748533 0.215850417461716 -0.0407178922937494 -0.0449944007106072
-0.0361838820759063 0.383619118697716 -0.0126889734146826 -0.00815812434346496
0.196907902317556 0.324562864281637 -0.00512497408806071 -0.0603864201270001
0.299830752266784 0.170224325602396 -0.0470714660374945 -0.0826106065597778
0.325313743910268 0.111285584028156 -0.0480729693970565 -0.0751247062810217
0.320619665260269 0.150128376699439 -0.0135011090719768 -0.0672414753622358
0.296260247342209 0.332445772546686 0.0241433167280675 -0.0402184342874211
0.059336083249203 0.480479276031196 0.0242973579678647 0.0301329649751472
-0.303039815524012 0.383180579035567 -0.0167873105237003 0.10408607625024
-0.573026956787972 -0.0547024630014624 -0.160057409512357 0.0118847239411723
-0.316232385400844 -0.531398366964754 -0.113364278209011 -0.159274055640088
0.0899279670318657 -0.621831439593807 0.0932422185756882 -0.21942309002592
0.13858874409177 -0.534812932465686 -0.214983828562976 0.148469124720296
-0.192767986049129 -0.477433823995604 0.0730863653715303 0.0853841616206723
-0.431093271792658 -0.176914581841801 0.0196996262718613 -0.0431505993035577
-0.329922316433901 0.241154393543106 -0.0666316173976564 -0.0349301541399413
-0.0456986102138473 0.409408700416714 -0.0269129350971943 0.0830403303447796
0.198949411668021 0.349462566224934 0.0677757259909712 0.0495171109729824
0.305472431222293 0.191823499925319 0.0719928752072775 -0.0051765226651939
0.320782027784879 0.132217761782989 0.0770699931127997 -0.0200278872492748
0.310399812100331 0.166553353199008 0.109798684920524 -0.00897034450242612
0.279843199059539 0.330827093033666 0.120893466907348 0.0371410804869761
0.0566353473165346 0.461353754922682 0.0645419414488805 0.120620456773438
-0.273142283698376 0.360636256341931 -0.0166973189285241 0.154983645922481
-0.521424958382349 -0.0265739543422794 -0.12229176299625 0.063289276170474
-0.326764347930562 -0.475473366691758 -0.0748539557106233 -0.0517262453093012
0.0473252232302684 -0.596634480213428 0.0540978538285349 -0.0193476626697085
0.0912276766867664 -0.493911889832869 -0.260265216024025 0.359943909422349
-0.209764966273449 -0.424569746694551 0.117438371520389 0.223283833583766
-0.396487010401381 -0.138923058047706 0.0615475397346338 -0.0046161344766538
-0.289546453178611 0.217285327111993 -0.0840662752189953 -0.0108432361107333
-0.0469290366794732 0.355061509183461 -0.0366185264253478 0.172185310473356
0.166956694656991 0.308755511675114 0.134311718338024 0.158312898132133
0.261470167553185 0.181559993719791 0.184356848909916 0.0749742034492878
0.267076382684407 0.134447536934192 0.19089608418644 0.0366311945666531
0.251676861641854 0.160119667251418 0.212513577902139 0.0468499369905923
0.210506334937826 0.27673407788058 0.193176028964494 0.0999796703662585
0.0265415930410899 0.359209258412732 0.093596223385567 0.181816946988263
-0.206085443122781 0.252302868571076 -0.0200968405189081 0.176131916628963
-0.364941354527218 -0.0188190722943861 -0.0755275641688039 0.0890888451492823
-0.256125950384356 -0.344196570198522 -0.0319019059973494 0.0318620712161892
0.00805524687287459 -0.471042609420504 0.0278926159165392 0.151790954239299
0.0258525422733044 -0.362365494446069 -0.278993810013896 0.534030957573023
-0.181197838819139 -0.282639108863149 0.144782197896746 0.338955769807816
-0.268143231022122 -0.0665867027649963 0.0964054183878971 0.0352367420282475
-0.183959914287966 0.142446243780183 -0.0837453646852281 0.0124700600440423
-0.0378907875389191 0.226248359322865 -0.0432428601141095 0.230928058451713
0.101180250985253 0.212954247387347 0.180110725958723 0.242926182508207
0.172369509190355 0.1421652132898 0.26987790079839 0.144228186702017
0.173097116925585 0.118153615817993 0.275405750311799 0.0880820704465558
0.157199800775767 0.131813681051294 0.27783918338127 0.0958746341118732
0.110753862869487 0.18857036747764 0.224485951176955 0.145522035328217
-0.0144524271913677 0.212873958271529 0.0964992228701863 0.206232967798919
-0.124473044944454 0.112114448155413 -0.0299882756162492 0.161227896924196
-0.170225606982918 -0.0183619438365492 -0.0346741165511895 0.0882070910511969
-0.152727124557675 -0.176960261852838 3.17958503416014E-05 0.0812371575003495
-0.0288288716993037 -0.285164193387984 0.0124197108061404 0.266936963353047
-0.0425532251389639 -0.161739494604988 -0.26607524795141 0.635455366117698
-0.113486456142097 -0.0867695218432093 0.158946432289872 0.408947390276683
-0.0882029380965572 0.0118434159738516 0.129141763174068 0.0627811687324628
-0.0489082884818229 0.0380507159094449 -0.064683424467748 0.0180965145548531
-0.0260523502313638 0.0625067052304522 -0.0472825765908867 0.242718132176137
0.0174818048813921 0.0840594845208666 0.192391827356784 0.28640645345783
0.0541742337908702 0.0822041525991691 0.311924421703984 0.189910528444487
0.0536545832452752 0.0848885307854243 0.317098538418112 0.125856001698169
0.0464191033597067 0.0843341155339356 0.299239994153241 0.133763204514694
0.00829007482506586 0.0793749969979325 0.2191700894041 0.172716835781464
-0.0416157168952202 0.0594929670420536 0.080280748849471 0.200178212549764
-0.0369356995979266 -0.00731885050273849 -0.0386307249966699 0.124434432615595
0.00184988995291599 -0.000764530716509957 2.49848994792098E-05 0.0758439899766786
-0.062269802206647 -0.0102916115898933 0.0160047021185051 0.106406728453227
-0.0661460312237417 -0.083796303177368 0.00369571493598658 0.320404590230557
0.0885301088918658 -0.0621316980431956 -0.0111604297052293 -0.375794958500217
-0.000448136598689454 -0.108407224170349 -0.0812889116412909 -0.151681609120697
-0.101243105615817 -0.0443261846141843 -0.0307973525186859 -0.0499890822051092
-0.0520262946297584 0.0768590828561007 0.0393420686970198 -0.0589719426083404
0.030816204169254 0.0844285859356622 -0.0134681162993864 -0.173221038232006
0.0626056598424488 0.0305115280264341 -0.176940874772695 -0.207122045936323
0.0617648487016327 -0.0189929764796517 -0.276678717344337 -0.168874644157994
0.0665342042472263 -0.031394196838279 -0.297459141540918 -0.144609361344393
0.0691344359261734 -0.0111744667129795 -0.280727393464671 -0.176736055350754
0.084392727627893 0.0542520876581499 -0.175914616859733 -0.229892100878446
0.0324770708707606 0.0998619511229924 -0.0130439464179514 -0.210054443781541
-0.0799548084337132 0.0799079483287284 0.0378862947750908 -0.0550806357102306
-0.128209182138483 -0.0636556832235346 -0.114970882594403 -0.095341074003194
0.0197347982833028 -0.147068209485396 -0.0876912371278809 -0.311277788274909
0.109998629990859 -0.0869335872558784 0.2291635648427 -0.564594403919027
0.123682465062841 -0.219451261522364 -0.038880779654344 -0.321333812055249
-0.0362187777118355 -0.221821450168018 -0.0563594847317184 -0.151297074897827
-0.184443941473504 -0.0939917996454035 -0.0494703496745548 -0.0561956096246345
-0.132726283317843 0.120153721959726 0.0164028716300308 -0.0396179776888586
0.0115868879419748 0.192681035794521 0.00450605424936284 -0.132306158337421
0.118537715468176 0.139824066093451 -0.125501092005845 -0.190939147167407
0.160553525363838 0.0486331337763715 -0.226798080211188 -0.167445592379459
0.179039462740187 0.021934847445011 -0.246955055430041 -0.141181378421867
0.181123583857466 0.0565628041054101 -0.223114900758 -0.158023512106862
0.1752302759182 0.178430688543604 -0.135939046780984 -0.186400022986641
0.0326820406926871 0.2628405019796 -0.0166496044498277 -0.149605436849866
-0.195071123724869 0.196024165560945 0.0117566160093183 -0.0160025730117293
-0.321662175288988 -0.0959707930855669 -0.1483900569887 -0.0853145957898762
-0.0933027245295142 -0.339568754749998 -0.10621062981464 -0.304240036758682
0.135046083526865 -0.323284219217216 0.192012491826934 -0.510649498110953
0.14922848020662 -0.358932510375868 -0.085968985802374 -0.215325386157347
-0.0779806192158422 -0.331825575598735 -0.0216866409570815 -0.121021137772373
-0.270242624600133 -0.142683431526508 -0.0483439377484816 -0.0653553127598365
-0.215967155906322 0.160127894317367 -0.0127427839268375 -0.0373803811311275
-0.0141752849581115 0.291406915115376 0.00403600997306714 -0.077320616491055
0.160747453543922 0.239310513758574 -0.0676349173021172 -0.14134011410309
0.238067935514907 0.114610293643221 -0.146445212272195 -0.135906506771755
0.264533007783411 0.0717755315690321 -0.158289534447807 -0.116483119899352
0.265046320450382 0.111420751249319 -0.12907094231113 -0.119346807020861
0.24596944509323 0.273374186021948 -0.0663144220556018 -0.119866928754536
0.0433509668383201 0.39353857374396 -0.00354768274842845 -0.0666334944271435
-0.273204441470204 0.302811468910866 -0.00603216236684855 0.037558382210955
-0.476476668059207 -0.0897855958882606 -0.163690807930336 -0.0465496798747753
-0.213039192937071 -0.469058351471799 -0.117833195632062 -0.247861513325837
0.127296059186935 -0.50659857212465 0.138817807011147 -0.386278061934531
0.156998710017168 -0.465289933316102 -0.145521032927504 -0.0571775753754744
-0.13112902437598 -0.422769976581791 0.020762280450744 -0.043940084896713
-0.359318066444681 -0.174990574769802 -0.0237534918002796 -0.0629601820756733
-0.288895791012732 0.203280077715691 -0.0417901161517373 -0.039780484301421
-0.0355312665245401 0.368297926284638 -0.00872912302384055 -0.00578583044918967
0.188275616675962 0.313221412354234 -0.00249819290450968 -0.0590991637448231
0.28620016324034 0.164572598181553 -0.0436696680192272 -0.0784382445789665
0.309435174100854 0.109720398188044 -0.0459975890403899 -0.0736137224590071
0.306395384517567 0.147218403554627 -0.0127513128732923 -0.0675538331005254
0.283212468212879 0.322015923034257 0.0239155770451199 -0.0419699534359643
0.0559053746904111 0.46034498739517 0.0265758790854252 0.0289429693422761
-0.29519731905968 0.36413400194507 -0.012740017505953 0.0977686964377412
-0.548185290421814 -0.059316903513274 -0.150434956156346 0.00907203009006987
-0.297075529429058 -0.512063563901757 -0.105292178608867 -0.152276460798192
0.0948434254513873 -0.595644763470175 0.0884902887739999 -0.209272806776382
0.138017167066738 -0.507237029092678 -0.204824750164754 0.138295104946311
-0.178217748459565 -0.459321648701458 0.0674498737758829 0.0749652627339455
-0.41058703758936 -0.176418138464349 0.0159450541669009 -0.0408957201300422
-0.319678718747709 0.227087822656635 -0.0674054268739923 -0.0311788282846429
-0.0469453460559836 0.39224052483146 -0.0236077587945578 0.0814054398110808
0.188570932297455 0.336605073749493 0.0678254543309184 0.0461226711156542
0.290922042164995 0.186388434001105 0.0699662971745759 -0.00380184410567906
0.305707483160496 0.130080917387219 0.0741601131801082 -0.0193533570232337
0.296160213313662 0.16308560937494 0.105264097611413 -0.0107110457106084
0.268368727962773 0.319188648219388 0.115450288710697 0.0328413130742717
0.0524669911432505 0.441777460768304 0.064719621944481 0.115662533336097
-0.265383933838932 0.34177397982731 -0.0139729201611564 0.145958573233244
-0.497586393525795 -0.033299507549461 -0.114613205095573 0.0569199515288646
-0.306714130643445 -0.45595972636649 -0.070286188362085 -0.0499097730976668
0.0537734472279464 -0.572750551288475 0.0488022922977587 -0.0177153734035999
0.0933380877515722 -0.468566849571676 -0.250451875711838 0.340478439385479
-0.194868534467454 -0.409284761112319 0.10871533063776 0.207920782178291
-0.376303389274262 -0.13947635561557 0.0561923188371555 -0.00566748289764535
-0.281558999147336 0.204830994115326 -0.0844047361649167 -0.00948426920893604
-0.0474719014002961 0.340455204773635 -0.035237318493276 0.166837209409521
0.15936642814847 0.297647783196381 0.131074363447732 0.150741220637261
0.248849403015509 0.176438781617495 0.177280316289628 0.0754581419101888
0.255166977304889 0.131997753957301 0.182535811763335 0.0370150248328034
0.240533327924101 0.155897023490361 0.202873453019096 0.0438583400730858
0.200859408195721 0.267111092835088 0.183496476001984 0.0932871348007168
0.0244018532475403 0.344429061053094 0.0910320820913316 0.173425100040523
-0.201639023187122 0.239059724219329 -0.016942214872379 0.164821947249248
-0.347999077059333 -0.024512168289073 -0.0699759772069682 0.0811122867244573
-0.239190212354913 -0.33016465338197 -0.0303480564843397 0.0308687740757238
0.0167690467671505 -0.451664804079083 0.0220804112277937 0.14618887997014
0.0300316104281682 -0.343499146636642 -0.272642454532875 0.506741286855737
-0.167983790882521 -0.272846274001845 0.13425656717508 0.321431163459071
-0.253627541702376 -0.0703992005252612 0.0895454702767599 0.0330760695763249
-0.178543809897093 0.132633154789726 -0.0851625934412948 0.0113520944801153
-0.0387278755889181 0.217093089284022 -0.0430523122611549 0.221417270988295
0.0967681247128571 0.205388638053704 0.173381169752378 0.232601665889614
0.16469684993261 0.137967410265379 0.258759743877298 0.14144143098358
0.165709442724499 0.11603974813479 0.263387942843584 0.0874247270319995
0.150256707426368 0.128764098451096 0.264618017175789 0.0925561002201648
0.104634688071308 0.182535006238622 0.213239849611744 0.137484074145157
-0.0139852675034189 0.204454605280437 0.0925728920919571 0.195195738192763
-0.121903119733088 0.105210261698549 -0.0274128733721658 0.151451035710693
-0.161556359374396 -0.0224901333670367 -0.0308161850412817 0.0803100990281792
-0.140755596427495 -0.16976326712424 -0.00100300949379956 0.078839755387196
-0.0204444187278445 -0.272990050266224 0.00639523778352345 0.255860014742131
-0.0379252169652771 -0.152998686535947 -0.259977527674839 0.606466053588057
-0.106078184523681 -0.0846294443757811 0.147622138722262 0.391070842198124
-0.0826364593640221 0.00787203105176667 0.120782624947552 0.0586738796581667
-0.0480591572180994 0.0347044745518815 -0.0666430843976634 0.0161899558603166
-0.026323617866496 0.0600186282950552 -0.0488078772328212 0.233578094621611
0.0170552054115265 0.0812213703975949 0.184524322180311 0.275533714397354
0.052414747773272 0.0798152179684837 0.298959010311154 0.18591918532951
0.0521205579533787 0.0824992763569274 0.30402695337493 0.125215189686762
0.0440551268023052 0.0820553756720045 0.285545244828784 0.131004416200118
0.00599428645134936 0.0777362315883193 0.20751499709991 0.164620906348852
-0.0407072964410281 0.0582176746200535 0.0750704998104204 0.188991686481532
-0.0372591018203287 -0.00827835388894085 -0.0360156930162023 0.116452915492988
0.00218872882516336 -0.00485833660882727 0.00186780828726788 0.0686339571469232
-0.0557541303323894 -0.00999634396580054 0.0144765951555195 0.104090781146177
-0.0584545639450999 -0.0796766731985749 -0.000917491028116328 0.306869111997217
0.0941817140405966 -0.0481745926838134 0.0457134265673578 -0.365419136658431
0.0165319880049963 -0.104741881102274 -0.0555343684426608 -0.163603584456635
-0.0929068297293192 -0.0563531415987007 -0.0200195083461033 -0.0559809852268488
-0.0619815328637452 0.066798767423627 0.0453765325399872 -0.0534587572902519
0.0177921288290447 0.0862143090272811 0.0107309778486644 -0.171090896354824
0.0552644114333687 0.0412318432994218 -0.146200436580719 -0.229153985926759
0.0613222439935388 -0.00902680841057463 -0.251374705441285 -0.207429503968272
0.0677665052671778 -0.0199051055676636 -0.267404958523279 -0.193137012475585
0.0653143395680547 0.00245357640027436 -0.247619414022017 -0.222730368514885
0.0712484659334669 0.0656341135426151 -0.132980560236031 -0.259349544957986
0.0122387169480631 0.0989568925529156 0.0260846956463448 -0.210930412363388
-0.0923855935156034 0.0632005225627395 0.0520041242948381 -0.0483761265592576
-0.11648788385907 -0.0813929316831694 -0.0941847171715521 -0.107014581495473
0.0394460155171467 -0.140324059902445 -0.0317425433757613 -0.317317985339668
0.114973572853782 -0.0717690265982849 0.326569680199059 -0.519998653362604
0.15180049150262 -0.195414322677024 0.0190066971272937 -0.307006007130881
0.000699410050935123 -0.221733782667197 -0.0248394824116834 -0.158398595728078
-0.165354581900219 -0.119092100455291 -0.0322452557601733 -0.067478107751464
-0.148024905124594 0.094434062574585 0.0227964035811708 -0.040787055592958
-0.0197682585869234 0.187839133839743 0.0223437505192455 -0.133489714723583
0.0928222343777248 0.155818033471823 -0.10246473554405 -0.208871564567636
0.147063254422926 0.0751045313585691 -0.202826806956173 -0.200253457579551
0.169807353609442 0.0521423979291444 -0.217808389080624 -0.180834483051197
0.162676099452412 0.0866188932169856 -0.192981416568417 -0.196240938530709
0.138383780270596 0.201330594652449 -0.0979562641404788 -0.211329626845556
-0.013840238327088 0.256739245627786 0.0157961943584642 -0.152295212572506
-0.225366537016093 0.156204511977374 0.0225588972205336 -0.0148773958603123
-0.299210176243874 -0.144814315422408 -0.128438203058211 -0.100594266991421
-0.035918867387148 -0.346533615667899 -0.0563326871619107 -0.309513548883591
0.182797690402475 -0.297192020844506 0.276221446973865 -0.470224583013132
0.197756671814292 -0.327695875070669 -0.0336165047782021 -0.203546880183375
-0.0217192290410331 -0.335441794547284 0.0102807563854471 -0.122909478156406
-0.240651404001448 -0.181360689853504 -0.0244698193026709 -0.0792541798575005
-0.236458942247931 0.117831928639431 -0.00437730965277636 -0.0461658156472241
-0.062489763190575 0.278538101461891 0.0139423112332295 -0.0850981544235024
0.11876577494161 0.260514125145818 -0.0559468176787734 -0.154260873994854
0.213660481744662 0.153373077715514 -0.129601947573323 -0.159595747329269
0.244991039364237 0.115032826328611 -0.136058020082633 -0.14124979065418
0.235685437551693 0.153320407478289 -0.106092260835623 -0.143589845173816
0.193635167504012 0.305571507339645 -0.0390880381426958 -0.136003432845446
-0.0234043252374611 0.386030204916183 0.0171217415331776 -0.0679922947981009
-0.319012799232485 0.246097897020389 -0.00128036534137611 0.0332244504873064
-0.449404267257312 -0.165191296137317 -0.147984793807874 -0.0629072679528148
-0.128813892868326 -0.493080030440727 -0.0809634151106878 -0.251366815308399
0.209925037518153 -0.47708142219189 0.199701737277901 -0.354860123130395
0.221106453641997 -0.428775043659067 -0.108864540726673 -0.0524953778886512
-0.0595654726784836 -0.433521756205723 0.0462674351724169 -0.0407998584730937
-0.321690252340202 -0.228614146712069 0.00410185847455791 -0.0765517396875876
-0.31536126542161 0.145271056606387 -0.03107614421877 -0.0560257610506426
-0.097012452942268 0.349085491519538 -0.00870815490796436 -0.020821589432461
0.13437481188158 0.336422836705227 -0.00631252894803245 -0.0656592465229966
0.253085835140967 0.210677848970511 -0.0367993357935907 -0.0890213606293013
0.284272622169886 0.160790506671619 -0.0326078211912321 -0.0796403142045907
0.271221001983519 0.194299965439081 0.000321141116418161 -0.0736162143903102
0.222622045160236 0.359101788957889 0.0372112603104619 -0.0459707312307431
-0.0210169329712658 0.454507531411115 0.0326805432662965 0.0300239694292722
-0.351406095880867 0.30149689446183 -0.0171896145992228 0.0899437386241817
-0.523360108068983 -0.148515158811184 -0.143251337313195 -0.0075165821881175
-0.200348295096346 -0.547120172212702 -0.0863057474155953 -0.15373030944774
0.198656554924935 -0.569070745422235 0.114697047339 -0.186948138676832
0.210581822016862 -0.472855798651825 -0.192619108278317 0.132520416530134
-0.0998075060116211 -0.476830273758017 0.078319819463286 0.0843327694706675
-0.370749362792122 -0.239463062100527 0.042755810713685 -0.0526245042444924
-0.350752789903091 0.162668449929068 -0.0575434468378701 -0.053316244376042
-0.114206707725377 0.37076543666282 -0.0368237889115268 0.0606900489225258
0.131650085543903 0.359027809004448 0.0458968716619813 0.0473709750625777
0.255624338225704 0.233423488318309 0.06557948026286 0.00127698518634779
0.278451371941152 0.180349664626997 0.0756940960327434 -0.00588660476515142
0.260869065583757 0.207443464953078 0.107138163514743 0.00143380440923484
0.207860423754024 0.353992448213792 0.114457558412457 0.0422174348760178
-0.0202240702140117 0.435336805700086 0.054858506343878 0.121288824381991
-0.31753976136488 0.285764048394929 -0.0272193883179314 0.137118403125395
-0.477295748257907 -0.112887369727455 -0.115836713546632 0.0434732970365428
-0.215659248014759 -0.493584031467958 -0.0690501949398863 -0.0471189846286774
0.156509586182862 -0.551374705006324 0.0422533643405546 -0.00344000677062901
0.161651957542466 -0.443040132093266 -0.268409635119507 0.321116923660686
-0.124179612441791 -0.431035568916986 0.0975090634101941 0.22067562458465
-0.342064997397361 -0.199208095071844 0.0734565230650816 -0.0119182823358629
-0.309208719937781 0.146687451823629 -0.0786409518675611 -0.0334730031275099
-0.106706540746132 0.318499376903959 -0.0608947241115475 0.143508407687314
0.108139653778396 0.315395855683107 0.0944943279700992 0.161401850563935
0.216843073900524 0.216038454195285 0.161571893997952 0.0946658699930875
0.228683742413225 0.173830805801782 0.172714125298001 0.0678200466840072
0.208535533730799 0.19119121321532 0.193736927944286 0.07284458376197
0.152756517960852 0.291919369397115 0.169633357661974 0.114927868395405
-0.0298931772144523 0.336764417238476 0.0678134997768458 0.182310898715958
-0.237038037663927 0.197876346754781 -0.0365754010828978 0.156475330142821
-0.331076385743534 -0.0827417640613817 -0.0775516041441385 0.0708062292782337
-0.1733321390781 -0.35900708742615 -0.041247459191292 0.0361876034583809
0.0993396951687447 -0.437695181661523 -0.0108985912123348 0.153422046493172
0.081149491419173 -0.330405731544424 -0.319236914106456 0.473016917218448
-0.118160780649333 -0.293913723652746 0.0996867476269048 0.335528229541903
-0.233842854418515 -0.112291677246482 0.0937858224174917 0.0333302773835426
-0.198360118214756 0.095760632689699 -0.0843540391976504 -0.00937473012674853
-0.0781490239229707 0.202852925291959 -0.0761420546917219 0.20187101399547
0.0620805399796284 0.215117619437492 0.128364841477761 0.250488130647133
0.141035220097714 0.163835475469869 0.233865000403364 0.174752587763455
0.144894858433159 0.142929465326167 0.24353516814178 0.131364166196991
0.126587525707505 0.149536921174423 0.246460494133875 0.132552743130871
0.0732320748754073 0.195088245820372 0.189209184179909 0.165390010774097
-0.0447169587425067 0.195701129275368 0.0626817303499733 0.204915251864487
-0.13685488559015 0.081801538356419 -0.0468900843125347 0.141979317544861
-0.151172090503295 -0.0509761237628525 -0.0402286404897468 0.0729325636176723
-0.103493056198327 -0.186799472365897 -0.0182001985879343 0.0845475236812705
0.0343867483102548 -0.268000521173834 -0.0430966870854315 0.258101731248755
-0.0129175874674132 -0.155338540662307 -0.333408194462319 0.562314774873102
-0.0893691795457043 -0.100781424529628 0.092646047372946 0.405044661405756
-0.0802671859212206 -0.00794194584462815 0.110624192535276 0.0690166123932304
-0.0539694713225603 0.0243486752719487 -0.0704990094310059 0.00333441552775563
-0.0380868689365038 0.0537370759948936 -0.0832527142647419 0.219623069031225
0.00426486958657308 0.0806125486605798 0.138421693413576 0.298613041145117
0.041209464409063 0.0879159894793907 0.269418200726408 0.226462715689952
0.0403642336259247 0.0906426915211296 0.277358336270482 0.175345518967096
0.0320423964235262 0.0862226844310745 0.259811655962775 0.175521719173012
-0.00521814946800081 0.0772886765211699 0.176629608775993 0.194517199723848
-0.0469189666005568 0.0506424303271911 0.0432139416648972 0.19608639206471
-0.0344633548085424 -0.0141943166587016 -0.0529095884214117 0.10733717268149
0.00451388548739226 -0.00708666050880379 -0.00688331305885437 0.0645111467965751
-0.047083465894127 -0.0182341495331906 -0.00388548215439526 0.108481580923009
-0.0354167681781865 -0.0858111268272761 -0.0573787025491872 0.30641035315554
0.0960158573382849 -0.050188337614811 0.0503015087367631 -0.375073845880038
0.016573059463254 -0.106365573687777 -0.058990437340401 -0.171462028216464
-0.0962429386579681 -0.0550454415253527 -0.0240766561167955 -0.0565251918101022
-0.0619565662016635 0.0686524900787609 0.0452269158866401 -0.0513629334352293
0.0198721890686971 0.0883152733557606 0.0130007026914757 -0.17163989491135
0.0565676893501691 0.0425663291620478 -0.14893174747609 -0.23224380216501
0.0615494448223041 -0.0102649114683068 -0.257179445876388 -0.213961103732741
0.0691533955029322 -0.0207760641550997 -0.274955646458563 -0.203581713284485
0.0672982779940599 0.00333993289795535 -0.253770327655229 -0.232924950726023
0.0740009842918546 0.0670636509924431 -0.135833402158499 -0.268970549108205
0.0128667654177328 0.100592018477303 0.0300039869172923 -0.218019784226586
-0.0952410298851928 0.0640649223250943 0.0566798243343196 -0.0493403784850301
-0.118364040611033 -0.0830398254029231 -0.0938490109203671 -0.10722247654041
0.0400257572192953 -0.145190923562372 -0.0247797493400974 -0.324371951223417
0.117992149807382 -0.0737966344891276 0.337926582699308 -0.529442377668052
0.156938712114746 -0.198922802056159 0.0231404573292005 -0.315644169783582
0.00122605733917664 -0.226809540577985 -0.027942736817716 -0.167657868359777
-0.169148897871088 -0.120897340131384 -0.0355514570521133 -0.0677237467347184
-0.151288471470392 0.0960589295993881 0.0210164011064477 -0.0372968848926172
-0.0186068403116102 0.192745701081743 0.0254652180162876 -0.133149810692159
0.0961790582490657 0.160625150314683 -0.104351170780224 -0.212977791556015
0.149536480616399 0.0769575564228209 -0.207848595447386 -0.206308620049088
0.172277249592756 0.054293975703803 -0.224022343996204 -0.190144731243853
0.166885830796667 0.0910253429266093 -0.197575294565928 -0.206283237083354
0.142669604219105 0.207460118549426 -0.0994757183499707 -0.220252514179705
-0.0153948940822484 0.262071278241867 0.0199889645668171 -0.156921655895279
-0.232888018993336 0.157768405720357 0.0269106859113702 -0.0158731744972574
-0.304531700706535 -0.151661288166787 -0.129196644419383 -0.102118268575906
-0.0339247833260785 -0.357484191468858 -0.052195519674475 -0.316503392808
0.191576663405391 -0.30650482937165 0.284696922516523 -0.480151363248448
0.205409964716634 -0.332235588912593 -0.0316266780161255 -0.210255016648602
-0.0203088112833605 -0.344057622457259 0.00774583912277622 -0.131749218368708
-0.245469292473719 -0.187946596792175 -0.027609807953409 -0.079716165202179
-0.243551702486138 0.11911758107207 -0.00705947921887774 -0.0428480071223725
-0.0626995827842788 0.285497225682565 0.0169709410731094 -0.0846929194071635
0.122561432979179 0.267172763147063 -0.0560487457261036 -0.158496122559484
0.218568001559913 0.157252653449656 -0.132744920778248 -0.164027293671646
0.251133919622962 0.119631715526389 -0.139682431268245 -0.148216960171162
0.241990035726801 0.160812213508742 -0.108727195479268 -0.151590066217297
0.199806810216136 0.31478412940198 -0.0393326828490607 -0.143035485259258
-0.0256509770241372 0.394094053115749 0.021843870027572 -0.0704444780112357
-0.330566778591962 0.249018060293413 0.00248748248799003 0.0331388863067745
-0.458237705114173 -0.175337382810948 -0.149657550656307 -0.0662008000818441
-0.124955544077989 -0.508665413715969 -0.0792290951648551 -0.25778953385944
0.220957348284278 -0.489980698512043 0.202456661607284 -0.361585906951632
0.231992114867222 -0.435292994797646 -0.109823602042685 -0.0566119688224438
-0.0565075655086332 -0.444563070383489 0.0445123380162631 -0.0479071477482705
-0.328743503093717 -0.238171299896254 0.00233700035477209 -0.07750983548134
-0.326201281971489 0.146063554569617 -0.0353281407180981 -0.0528522647189312
-0.0998456509885022 0.357227812483099 -0.00683475996281831 -0.0189103923181657
0.137950302512218 0.346070323896924 -0.00517400794000115 -0.0689336514285257
0.258991634720436 0.217511762609706 -0.0372995408677862 -0.0916233836084407
0.290084275079947 0.166973364572185 -0.0336115794598528 -0.083659678752335
0.277311365773141 0.202289553466531 0.000134588826866311 -0.0791367681409367
0.229269846892956 0.369971191744867 0.03874335843912 -0.0506783937660503
-0.0231189476933408 0.463995019037387 0.0368120632697125 0.0305141328418313
-0.364831786008965 0.306938558737072 -0.0143801188678418 0.0899984776688653
-0.533042122405126 -0.158796298431316 -0.145207715774605 -0.0109055550630094
-0.199401407826992 -0.564250281925605 -0.0864692530283644 -0.156947002935802
0.209572325758373 -0.585144427763253 0.11488229292995 -0.18956191438408
0.221798162670196 -0.479215109205114 -0.196616501107884 0.131636982160014
-0.0964245685146713 -0.490715496496948 0.0759249699974435 0.0798676551991655
-0.376245031838602 -0.252024630363686 0.0410315830941904 -0.0532584855561806
-0.362284500293539 0.16306973103741 -0.0630143523259411 -0.0514269882703985
-0.118216286369028 0.37964100260837 -0.0366113060341537 0.0640552657971896
0.13520362287954 0.36878027449771 0.0489883740007917 0.0465469501394267
0.261934169596817 0.240759269474328 0.0678476270487547 0.00179768470266933
0.284479410776726 0.187898821314422 0.0777440828975842 -0.00656474466869268
0.265988460465458 0.215066571484182 0.109023607385524 -0.000619407291571714
0.213944418555421 0.364022613713169 0.116888904958281 0.0406482278388251
-0.0207359511408004 0.445442632376385 0.0589244740012972 0.123689902811498
-0.330330558946259 0.290678382102722 -0.0249664696482815 0.138114191703687
-0.48785055899795 -0.123516424614494 -0.117113206545597 0.0404410670682733
-0.216377480624493 -0.508127814873373 -0.0707488725543042 -0.0474406604518036
0.166980065299865 -0.566492364799659 0.0381780633573837 -0.00259241770081525
0.172216675276236 -0.448613439221211 -0.27702432836614 0.323934461036619
-0.119941553499369 -0.443560042767637 0.0954724911979154 0.221319363476295
-0.348332526572649 -0.21122494316302 0.0730356278595791 -0.012112955152995
-0.320570097463633 0.146464034613343 -0.0849147160737095 -0.0319856866839113
-0.111782612165639 0.326849935805651 -0.0637065586899669 0.14847829622426
0.112102983431412 0.324725755559018 0.097884903066435 0.163639322399743
0.222221987031116 0.223928583515408 0.165913955495609 0.0986599026544197
0.234304437232668 0.181034616601294 0.177509136590557 0.0714326470067908
0.212919276492791 0.19820231803974 0.197936402341972 0.0738127581990256
0.155817291872945 0.302068916507034 0.172814298337658 0.115485908077744
-0.0312355981729697 0.345351601449216 0.0714725933195451 0.186323835783433
-0.246121432790235 0.200765135781147 -0.0352683775671337 0.157990179790074
-0.338329628989998 -0.0903449617236897 -0.0783770858717922 0.0672339232365038
-0.170671332785322 -0.369637765792785 -0.0436978465722021 0.0384333518954438
0.10930548848328 -0.449589428035845 -0.016183503877595 0.157900767132578
0.0892809795519634 -0.334168683169306 -0.33157566046136 0.480724897779194
-0.116216727238828 -0.30209545427496 0.097876350693413 0.34059065447774
-0.236893801634428 -0.121125344808763 0.0930520014368478 0.0340386871768823
-0.2061647955664 0.0956190846592206 -0.0909582388007657 -0.00935882827274297
-0.0819055570394285 0.207946546810393 -0.081358497063477 0.208265803080778
0.0642053055531345 0.22121417303819 0.132132519252495 0.256503555313154
0.145422996432041 0.170317699932311 0.240014196804898 0.181103618034036
0.148998314689308 0.149441310436455 0.250305037691323 0.1380389018586
0.129516581660941 0.155286811818929 0.252063017088593 0.136173136083774
0.0749034532181467 0.201319725474161 0.192089205398178 0.168535987831661
-0.0460724588589125 0.200745089612502 0.063990078995301 0.208108631907764
-0.142831945450332 0.0820900853880824 -0.0464201988820067 0.143011264776445
-0.15446623152841 -0.0570908027014033 -0.0397745034968483 0.0703219421057583
-0.100388771137634 -0.19219125708541 -0.0198452576846483 0.0883728720519174
0.0403657598760038 -0.275158108515071 -0.0491324481035783 0.264112891171072
-0.010100553940179 -0.156997555666541 -0.3465109331538 0.57183877752727
-0.0894732720696358 -0.103891087839964 0.0917570379235482 0.413869197927674
-0.0809331873467458 -0.0115476181441942 0.110358864594823 0.0702027752307239
-0.0575293192937687 0.0237811791538193 -0.0767409390033651 0.00295436412900969
-0.0408660862399839 0.0553131161233735 -0.0895877255089057 0.22640632324961
0.00425594615343108 0.083192391125184 0.142335401146832 0.306982276120256
0.0427594259471812 0.0910036830002672 0.276489264434331 0.235354508835313
0.0416943303004157 0.0946129522041173 0.285719558830925 0.184151731810752
0.0326099573838714 0.0895799812537422 0.265937322767789 0.181567675940939
-0.00646574407353203 0.0806699329585353 0.179169513649629 0.198215879323423
-0.0483424014921621 0.0523383209139593 0.0430032310332003 0.198394749943208
-0.037068510581402 -0.0158139997222489 -0.0527766479792479 0.107019139751157
0.00445431638626435 -0.010974586099063 -0.00526005460637246 0.0615843592371227
-0.044432048889528 -0.0187355354179471 -0.00508323311270749 0.113486446555043
-0.0331408590763469 -0.0875363440562839 -0.0615401846291438 0.313295008933934
0.0960905677189117 -0.0556428311141355 0.0403104464536181 -0.389728457669485
0.0129146523245017 -0.109717503942826 -0.0704931304562712 -0.17829490983842
-0.10104458446273 -0.0502802466576713 -0.0295427559736462 -0.0568680680120769
-0.0598347640184163 0.0733838627793032 0.0440022220747479 -0.050421747447631
0.0259754782029192 0.0897660125968555 0.00989711858780594 -0.174405810340972
0.0603645427248896 0.0416136678995052 -0.161634795785301 -0.231815839891356
0.0620301490355083 -0.0135641795119836 -0.273486806911957 -0.21259741359075
0.0702340120991782 -0.0236517641318809 -0.292891202044096 -0.203382108911628
0.0702226603962858 0.00169933024508585 -0.270991408760307 -0.23329061939137
0.080262287680776 0.0656514043686627 -0.149809617256233 -0.27598503339577
0.0169091054068671 0.102724536634399 0.0247884627636524 -0.228196429578538
-0.0967704924340156 0.0696808358787199 0.0605035772736678 -0.0534665349978924
-0.124543636989547 -0.0812498720365538 -0.0979131542131949 -0.104796764203031
0.0356127158903973 -0.151869123745102 -0.0313663222282847 -0.333681858353248
0.119620295077411 -0.0817109940959929 0.331737073772187 -0.555383589616927
0.155324972945152 -0.209955048666383 0.0147289448734024 -0.328064759626525
-0.00614643090545844 -0.233059768403999 -0.0385444324465589 -0.175956951830642
-0.178955482626759 -0.11715013765829 -0.0421114462995431 -0.0675077237349291
-0.151560800140141 0.104640483873476 0.0191483437857169 -0.0353025018950194
-0.00963610303233903 0.199064718071462 0.0245157797534161 -0.135270909093276
0.106381439384894 0.162535188248265 -0.115113396846744 -0.214919857233243
0.15662902273952 0.073791823320359 -0.222381051737103 -0.206047182985302
0.179714266806218 0.0503142223695429 -0.239945237536972 -0.191705735773436
0.176519752425492 0.0890603345088703 -0.213132054814869 -0.209345971618161
0.156284732253843 0.209101297445822 -0.110796485376645 -0.227556402520548
-0.0077417261173001 0.270840272524285 0.0185764748645652 -0.163958273224076
-0.236618203450543 0.170732189165856 0.030430215846654 -0.0181500504243422
-0.318110384990667 -0.14894838068666 -0.135165802845341 -0.0998675884856304
-0.0454227700625481 -0.36960673052758 -0.060907623393079 -0.323996551494113
0.188716029855676 -0.324741766058358 0.27616286205562 -0.503781371785222
0.203602023197846 -0.348252311025164 -0.0381489074515325 -0.218434669906474
-0.0314746712463815 -0.353870090678669 -0.000638759920055921 -0.141241100735091
-0.259115002515073 -0.185767410376929 -0.034006452156599 -0.0802807693899775
-0.247429382807098 0.131904045136856 -0.0104125142865505 -0.0391150652888527
-0.0527531936616441 0.296928444557998 0.0174550286317597 -0.0850046771068593
0.137895914150339 0.271996876313161 -0.0633872183589585 -0.162437109159353
0.230818822773992 0.155286178100611 -0.142474351244035 -0.165016039112385
0.262531228196949 0.116375426828788 -0.150882736619833 -0.150874693368233
0.255623242845491 0.158193944450668 -0.118923876955622 -0.156812542610145
0.218661179498876 0.318370115324976 -0.0461232191320109 -0.150244390919746
-0.0132988024817484 0.408710051763667 0.023962302797358 -0.0747153611407494
-0.335173976666741 0.269147217498219 0.00696835014624187 0.0321769856957222
-0.477127929187751 -0.169901075527784 -0.155681746449672 -0.0632876612244875
-0.143955121472409 -0.523744990569651 -0.0893515872743397 -0.262283462861199
0.21453698168862 -0.516320665525913 0.193301231819233 -0.377584749364513
0.228643055160195 -0.452960608722504 -0.112987495121241 -0.0579607697178919
-0.0704827037928365 -0.457489209347282 0.0393684105101911 -0.0564722828381349
-0.345741287419755 -0.237502695638478 -0.00334993771946917 -0.0784224844200409
-0.332252307354552 0.163924342831483 -0.0408240456728338 -0.0488997357143712
-0.0882923760244 0.37270966397418 -0.00633044148208549 -0.0170082632260164
0.157343636848932 0.350882550341263 -0.00666079078404118 -0.0719057460958619
0.27527612385714 0.21525217073388 -0.0411467651697039 -0.092485107220559
0.305157145571896 0.163403324099128 -0.0384660004009451 -0.0865698548078419
0.294487529372169 0.200982943326832 -0.003717144496769 -0.0856729015524091
0.251477583144878 0.375097607852786 0.0371980144395654 -0.0570887319333013
-0.00786174973520155 0.482019133186782 0.0435323088731311 0.0291705751545751
-0.367326743584986 0.328770753077001 -0.00861788310284283 0.0908702185413379
-0.556748612641623 -0.150969863546878 -0.149673442850128 -0.00818121574860791
-0.221039006197076 -0.577522168621241 -0.0952218184414775 -0.157719022580814
0.198849100769312 -0.613649526509914 0.106821661907306 -0.196319226388919
0.21790841854713 -0.498320788974764 -0.198239739881079 0.138578349144738
-0.11260185389481 -0.503793075503971 0.0761389385736319 0.0742063704794854
-0.396663303522465 -0.252615848724929 0.037880635286796 -0.0550192372593545
-0.371037539884265 0.180576272711518 -0.0707496704686481 -0.046386481156137
-0.108325880171072 0.395842604258403 -0.0350097949364806 0.0700700436559058
0.156034283457016 0.375964859568803 0.0528846712807585 0.0439994727785917
0.279071073553649 0.239836502117555 0.0701406753703396 0.000562992356191124
0.300305442599924 0.185674486019966 0.0801609534176757 -0.00967073840063509
0.28286229630767 0.214585482279369 0.11167935392345 -0.00734348596913225
0.235681216425055 0.369507447600847 0.121025894127918 0.0342807881384518
-0.00464941360393199 0.461595002967372 0.0688182897374066 0.124454218516641
-0.333331544093724 0.310524087553671 -0.0185062525279677 0.140817747430514
-0.506834087730993 -0.115783892506778 -0.119416494073085 0.0424572570187916
-0.235985798338397 -0.518601951282096 -0.075710852685882 -0.0440818903393077
0.155933838143076 -0.593193185127603 0.034872323638436 -0.00167876328217457
0.167629535870725 -0.464893666159262 -0.275582453094421 0.339846349426977
-0.134826831958529 -0.455566892290872 0.101994166750815 0.220291213133868
-0.364822213673789 -0.212641511709441 0.0729283674788575 -0.0144640228227229
-0.328430150902409 0.161530942560115 -0.093476052567636 -0.0270854220914851
-0.104168996497355 0.342039107280224 -0.0620904601001337 0.158494676059102
0.127267223596955 0.33089279387923 0.107782871247557 0.16377549508431
0.238324982435963 0.224171881660096 0.175445646237118 0.0974061151556613
0.248669538801682 0.180643617904156 0.186610073939129 0.0682615267987693
0.226516746364802 0.199156397352985 0.205945212685258 0.0674392725557732
0.1735478197775 0.307130798990009 0.180823306661812 0.109711585561949
-0.019205791342577 0.35774951044954 0.0832792075400782 0.187491431914648
-0.248698195565916 0.215180156177321 -0.027964082418095 0.16085265507572
-0.352340678619958 -0.0871458521493018 -0.0785211067151828 0.0683121535929042
-0.184968693923556 -0.376961819574448 -0.0454553232441243 0.0438887146659583
0.0985584466652676 -0.468944155212361 -0.0153282600419398 0.164858746292241
0.0862316123461928 -0.344673196676299 -0.326965210984915 0.504806839467977
-0.127776427128391 -0.309459594365666 0.108948955070375 0.344495149151078
-0.247515248871047 -0.122348815997513 0.0960255169080523 0.0318534646236856
-0.211994668106527 0.104480992266389 -0.0990222367424534 -0.00393562420512874
-0.0791732943341511 0.218362293393084 -0.0791770288045879 0.219914400537312
0.0746459772777103 0.225935988226122 0.146280431394818 0.257929182406797
0.15722990422486 0.171788836457236 0.255860838272675 0.180306576402627
0.159748822329493 0.150556835952189 0.264889955298778 0.136085130481085
0.13884947511507 0.157590266771556 0.264655971960166 0.131363043190113
0.0846990300559046 0.207030062069022 0.202554689122685 0.164604483980174
-0.0397540502949775 0.209269254688072 0.0747620073525675 0.210431492584833
-0.146135503661368 0.0896035604509045 -0.0409394570701966 0.146239687645027
-0.161722287274302 -0.0575589632596082 -0.0377030900576592 0.0698272907996179
-0.10623233193266 -0.195799142490634 -0.0189447246031121 0.094799947172997
0.0346485831956411 -0.285731642227678 -0.0441178224541278 0.275486487329816
-0.0121235119988414 -0.159888399147385 -0.340090264645127 0.59882126365168
-0.094053208469799 -0.105199579369439 0.105636783054159 0.421361241505272
-0.0827725377820478 -0.0127379818702251 0.114759407963876 0.0682586413838891
-0.0598242568540653 0.0264860162305415 -0.0838010295064158 0.00617018213585739
-0.0415159176914845 0.0589657588836652 -0.0877678931801488 0.239310658386061
0.00846084208872722 0.0855479275863599 0.158888518006139 0.310797119386955
0.049288027079476 0.0936591064138942 0.294967554064601 0.235504064169811
0.0477503136513755 0.0972351399535524 0.303770021629188 0.183013243760616
0.0371823117221473 0.0925256066558982 0.280353641596604 0.178430736344289
-0.00417110412472013 0.0857262164757922 0.190218545728289 0.195854387194398
-0.0480309489220775 0.0563898153013561 0.050829993233946 0.200381495886226
-0.0408296566568987 -0.0156445688913435 -0.0491248747904969 0.109219940656714
0.00403592006002966 -0.014725847516495 -0.00239032870356551 0.0601008437990122
-0.0428040949527623 -0.018207278484488 -0.0012939459584355 0.12004130960553
-0.0343459405884888 -0.0887941622880875 -0.0545315342323957 0.326233586501403
0.0925025130896091 -0.0625170557361381 0.0185635169379528 -0.393837460754401
0.00593142574425766 -0.110254960857706 -0.085992842056483 -0.176663458968547
-0.10441349109379 -0.0412743345020825 -0.0372338779594884 -0.0531162799017341
-0.0539889652568536 0.0770824878903945 0.0401145375822065 -0.0490803818865718
0.0340693219865949 0.0869723084407912 0.00272336903545404 -0.173278610819677
0.0639365074066414 0.0378004375529435 -0.175513962440678 -0.220131800467819
0.0593432327849253 -0.0175054192887829 -0.288462592812779 -0.197107981208334
0.0679042423815334 -0.0289387222371092 -0.309834590996546 -0.189768410296765
0.0716898089852463 -0.002512716882557 -0.289010395882048 -0.220959187658668
0.0853747135368957 0.0598470000137413 -0.168561280505064 -0.270635520268364
0.0232370152214428 0.101574510506202 0.0124360546734719 -0.233134801860915
-0.0922342305446156 0.0760335067128135 0.0606163326933933 -0.0579024783924727
-0.129353719177314 -0.0744048817929712 -0.10102658162676 -0.0970337887923463
0.0258295596268461 -0.155608002950729 -0.0462923582733654 -0.332689603745937
0.114525204615852 -0.0907473297795948 0.299282724997481 -0.574709663028247
0.144307074176881 -0.220149067068932 -0.00390179781473038 -0.331952835849689
-0.0204843971626921 -0.23334645073532 -0.0537521044202592 -0.176947158570314
-0.186016639881801 -0.105279903665278 -0.0489228928286031 -0.0633184502191547
-0.144493094332696 0.114607276376772 0.0166658184668534 -0.0315317065084219
0.0049999927687004 0.199056234298979 0.0190405014264625 -0.135077261967766
0.118142259866759 0.156281263665181 -0.127977329705554 -0.207784794040107
0.160679895503937 0.0640215235145395 -0.236200348578251 -0.193981700400409
0.18324463981553 0.0396561987029916 -0.25620989037241 -0.181563848951018
0.183945289696677 0.0793417894522537 -0.229437772719669 -0.201244577520574
0.171316812367407 0.200490766146422 -0.12631458301419 -0.224922498789997
0.00822667322806777 0.272266244002286 0.0111778575298307 -0.167943741257407
-0.228058101588121 0.18561165663538 0.0332574661577989 -0.0213642189780934
-0.328810103037025 -0.132707802119136 -0.140282908578676 -0.0907541796686001
-0.0668241226818718 -0.37103576222499 -0.0770650621427873 -0.321151809596269
0.171329343970383 -0.3400596317165 0.245241136474541 -0.518159426211649
0.185009696239079 -0.359919635847418 -0.0500505804014698 -0.218932157675862
-0.0519721064129804 -0.35362336844657 -0.0146253029304813 -0.145594915391482
-0.270107945291661 -0.171423974914442 -0.0417347885071107 -0.0763180381949928
-0.239704653980518 0.147226055009148 -0.0140073760062333 -0.0329638134269956
-0.0324909264694473 0.300614795199589 0.0149301842758811 -0.083618143044102
0.15800976160112 0.263443852200024 -0.0736210145735459 -0.158406180239969
0.240357583663207 0.141111878448185 -0.153876755873289 -0.15708262228701
0.270441583106969 0.101656547838023 -0.163728597329904 -0.144663609197865
0.267247535130978 0.144740486029047 -0.131352774076315 -0.153492967223509
0.242773570178848 0.307508040461 -0.0565330186134392 -0.151828555349268
0.0104126805680147 0.411664957246042 0.023036992001809 -0.0780997516566918
-0.322063474295495 0.289661667390447 0.0123963172999683 0.0295439176613529
-0.491271303878443 -0.146357105006911 -0.159909801096106 -0.0544463426474464
-0.174117852197971 -0.521201272469721 -0.103941669531897 -0.256170429210428
0.185162886517547 -0.535226806032024 0.168568332970667 -0.386703212673205
0.207194332389914 -0.466410547687092 -0.116573555275091 -0.0545165390904249
-0.0959776595082635 -0.455459966073978 0.0306068536215758 -0.0640426769114714
-0.360553506662854 -0.221538165078044 -0.0106682366849415 -0.0765781779868297
-0.324726389360975 0.183939224736516 -0.0459137793566869 -0.0408595544718322
-0.0652326439403409 0.379469334490794 -0.00538835742323876 -0.0130428546991459
0.18216138541841 0.341867283563475 -0.0109965191120696 -0.072535795773797
0.290408425237581 0.198989837632677 -0.0467740521339328 -0.0903211131750719
0.316480573538776 0.147524399049349 -0.0460265567948855 -0.0868110433519411
0.308077973931347 0.186448137686376 -0.0113450263033333 -0.0886246459968369
0.277190629033781 0.362083509970464 0.032714373252277 -0.0632057177311154
0.0220911004984719 0.484107599596426 0.0493964975404296 0.0247268262913927
-0.350857824435211 0.353823544509877 -0.000201670942434757 0.0888682446017343
-0.568601882746167 -0.124348936710751 -0.151502472802323 -0.000865716980258874
-0.25452696682476 -0.572147859107616 -0.104872918827195 -0.149498535872047
0.164825595696813 -0.63024194195055 0.0908879982180164 -0.200357880517444
0.195362014335228 -0.511114566091418 -0.191223126590874 0.147445883979618
-0.140127515338756 -0.501892682710018 0.07571763730462 0.0651005546845323
-0.412858709967815 -0.234692417771226 0.0326576965011142 -0.0561020591776876
-0.364667069327161 0.203496610310458 -0.0763589678804427 -0.0360110206816598
-0.0832881470488329 0.40503664400177 -0.0305871844700452 0.0765825868626827
0.180993008737785 0.36650750689446 0.0559015553182187 0.0401755799298857
0.296460972640964 0.223425770779114 0.0709890109584484 -0.00363662269923026
0.31291699925961 0.170078990392538 0.0798177596606617 -0.0156654642584353
0.298136592068039 0.200346850837807 0.11037116444339 -0.0165229442332729
0.263534959094141 0.357816768673288 0.121897652156281 0.0239275367535858
0.0247386615789465 0.464116060803744 0.0800816040999485 0.118799963909647
-0.316991871777329 0.331972085653517 -0.00756244677035286 0.139104814801884
-0.518958084096924 -0.0925716151095923 -0.118490646274791 0.047019626749306
-0.265384307095601 -0.511949886439416 -0.0791710330442069 -0.0367546821020116
0.122392794965221 -0.606167524965255 0.0296753455122149 9.2977122318862E-05
0.148095994141675 -0.474109931252287 -0.257958168569624 0.353425837415262
-0.160231717024445 -0.45061071990472 0.110806249662103 0.210563542897573
-0.378502471195399 -0.197580722732174 0.0711008091402802 -0.0180672971894926
-0.324140119219625 0.181599990285998 -0.0989643776544216 -0.0166029761946388
-0.0841274113097187 0.351239691674476 -0.0534235838476239 0.166808378415134
0.149246172314094 0.323785465576462 0.118264706221729 0.156362595208773
0.255366874355017 0.210437300621516 0.183143989273096 0.0878635219863007
0.261201274150254 0.168468152934567 0.192767746221922 0.0576996824566687
0.240327285807494 0.188070955626074 0.209787156081332 0.0528018527727598
0.1954617926574 0.298478842472027 0.186775423846628 0.0965199402177556
0.00387126614271869 0.360805727474208 0.0975860129104209 0.180610736771547
-0.238287946479686 0.23165218541036 -0.0168891812859922 0.159874660069478
-0.360675163235638 -0.0711356929713697 -0.0757413066272058 0.070098303842359
-0.20467776045561 -0.369648293741771 -0.0435275693739625 0.0502205117796939
0.0728604756332751 -0.478275375061011 -0.0096758290233679 0.169538641420913
0.0713660338237206 -0.349010055222737 -0.3020426495908 0.521565709888534
-0.143640418186531 -0.304718785273503 0.126620065910773 0.335959871215647
-0.255862535931602 -0.113592189995146 0.096834692481494 0.026148165040058
-0.208693170407771 0.117764497279832 -0.103797673051638 0.00486382829737989
-0.0673209710838812 0.224817512419891 -0.068676685225988 0.230014992117771
0.0894488299226497 0.22188603547172 0.162963596032958 0.24939607476003
0.171099391479845 0.162822737532522 0.268584265946237 0.166781888114465
0.171122082143293 0.142738679079268 0.277239529179231 0.122102186229511
0.149517929010976 0.151089865240737 0.272809499032065 0.114946111561815
0.0991834724075655 0.203672998181136 0.21170026367034 0.150586616262756
-0.0264334749497849 0.212946906824073 0.0895023644682028 0.204655351409008
-0.143491290591059 0.0983320517505699 -0.0306277440904982 0.145540382380937
-0.166934211970177 -0.0522359834307057 -0.03480427223275 0.0682989894799012
-0.114948231050906 -0.191677570691771 -0.0138472036323722 0.0994766999298945
0.0203291669667754 -0.289463626341783 -0.0303337993764388 0.281221963370408
-0.0180794819138094 -0.158313528965419 -0.310540492700421 0.61771856608082
-0.099565664665054 -0.10013703647614 0.130543526750026 0.41475250010453
-0.0844866014433201 -0.0112040434216175 0.117513014904612 0.0609697829218013
-0.0601553019586638 0.0305273785270798 -0.0877855946337533 0.0124215016190413
-0.0389749554345994 0.062765617334656 -0.0772158462984984 0.249741878070353
0.0137943585460801 0.0851484291510502 0.179649229930904 0.30313333611183
0.0572119242802935 0.0908942904521991 0.31312588923408 0.218739742512199
0.0548523531179619 0.0955664211981703 0.319519827627122 0.167341383768185
0.0431190486968057 0.091469062387508 0.29360324989313 0.163065752453823
0.00108424303722234 0.0877355786674795 0.201737388040379 0.184181337807077
-0.045550430192643 0.0601524497369815 0.0623315651668892 0.195650486041294
-0.0436379784978721 -0.0133512091412653 -0.0417405580602584 0.10941661681223
0.00178777205901176 -0.0180423856826413 0.00155290203649072 0.0567807121014477
-0.0410241934561173 -0.0169254227293829 0.00656190160399094 0.12347963943492
-0.0367387486426971 -0.0863130678737901 -0.0365414405031761 0.330453197384495
0.0847973974774845 -0.0657951208192527 -0.00166389055111158 -0.382553454037623
-0.000182078843655866 -0.106657993000892 -0.0956650945558384 -0.166862991193233
-0.101526763170105 -0.0315745127368092 -0.0419181767312927 -0.0475003316919883
-0.0460242702829565 0.077505486235429 0.036151752777179 -0.0461083649731065
0.0391062391786328 0.0805954069896904 -0.00362410023009316 -0.166078637006583
0.0643452066865909 0.0335039588870672 -0.180446103138012 -0.200975045214163
0.0549411409285566 -0.0202267586494253 -0.289827806504525 -0.175251721856576
0.0635020804417131 -0.0313832866211828 -0.313357947123843 -0.169357171820411
0.0697532932250437 -0.00651835375702574 -0.294336603518968 -0.200590650160665
0.0862798777241939 0.0521354644151164 -0.178958569926536 -0.255224212144788
0.0278687208703944 0.0970897808374717 0.000708991809893976 -0.229473396311027
-0.084693110113481 0.0787455008836137 0.059091926863753 -0.0603084254445036
-0.128198985459707 -0.0652288825569094 -0.0995823610315092 -0.0867749054469144
0.0157641383687488 -0.152751209953673 -0.0577598117141005 -0.320249252133406
0.10561958674079 -0.0954751665264286 0.261444254001576 -0.568780529324476
0.128245777151657 -0.219932188640085 -0.0196509151928178 -0.322764689021528
-0.0323388370823011 -0.224294256363106 -0.0654787917600533 -0.169765641893136
-0.184059401941541 -0.0903207950673788 -0.0539290587585341 -0.0564904550328362
-0.132581289061934 0.118468818278636 0.0146597518341392 -0.0266463467610921
0.0178658183505977 0.190274702604986 0.0145659159170068 -0.130603517762259
0.124164674710554 0.14381437855786 -0.134741062386295 -0.192599172425148
0.157896879729783 0.0526078413545051 -0.23973415671781 -0.175016079621458
0.178908130168452 0.0294426911866878 -0.261754681662032 -0.164413739752705
0.183023143660342 0.0675019677213733 -0.234572000972666 -0.184034370100501
0.178677779985141 0.183920645814131 -0.136085376446895 -0.213180537021176
0.022827314328946 0.263790640802601 0.00370304291617029 -0.165571817667555
-0.211617624206066 0.191472297141778 0.0343371942730371 -0.0238486654476382
-0.324691676263469 -0.114498017232327 -0.138691483986955 -0.0792605879993031
-0.0837785437029393 -0.357979752377968 -0.0887829753287693 -0.306294844187559
0.147371665359542 -0.338919927763358 0.20887152364662 -0.508545285950125
0.164852522340413 -0.357025480384901 -0.0595163283755968 -0.211856839209606
-0.0676372002123975 -0.339829706022884 -0.025693307282821 -0.142793923874214
-0.270126548302116 -0.151320356055053 -0.0466643061104293 -0.0701311433813013
-0.223885849457272 0.155382459591799 -0.0151767573897492 -0.0260111137589599
-0.013628745092475 0.290737152691179 0.0127401368639993 -0.0796677566805796
0.168815590630294 0.245444055791401 -0.0792771931109975 -0.149555803298724
0.240139580192328 0.123071112814711 -0.157290951368347 -0.143868386411018
0.267499175222245 0.0851161222960963 -0.169482025893703 -0.134025091172506
0.267440887816033 0.127043045008947 -0.137760315412817 -0.143975046938958
0.253158699479491 0.284475102082362 -0.0645875174185259 -0.14631419543482
0.0326503045058159 0.398757223141256 0.0211210355424832 -0.0797333704364556
-0.297986200586723 0.297122606280189 0.016339087198362 0.025778402263228
-0.483277105991326 -0.121402253931312 -0.157685079380144 -0.0437630419726428
-0.194846701744574 -0.498347180902564 -0.111701185999555 -0.240809473551111
0.151743330424992 -0.527974936690552 0.140551936053625 -0.377254432481453
0.17990286840019 -0.460350575844389 -0.115762468047817 -0.0498510199927718
-0.116528105812856 -0.436790546593627 0.0212486168737556 -0.0663171043266935
-0.360568455699114 -0.197378184361704 -0.0167014279361849 -0.072718807893282
-0.305160946042468 0.194618097314538 -0.0468182313321348 -0.0309728723631792
-0.0417696647795115 0.370329810238844 -0.00342537565035636 -0.00904760596753356
0.195497635830737 0.319153756091249 -0.0150300238062182 -0.0703002666793592
0.291323779846465 0.17680260289807 -0.0503455466684711 -0.0840762092192314
0.314340724255612 0.127121919075445 -0.0505740206871467 -0.0831131355491733
0.30932325217972 0.164711168442628 -0.0184021434335442 -0.0872937372955678
0.291900247051787 0.335641610679382 0.0266171433833411 -0.0661272197911141
0.0485463623709864 0.468677612251661 0.0523220822361745 0.0182800060791461
-0.323134224009523 0.360368600034918 0.00673688171802173 0.0829310332509701
-0.557852557151979 -0.0952224049507887 -0.14768494758089 0.00710782884832401
-0.273982858588413 -0.542495111540635 -0.108532632257124 -0.135835521557461
0.127111437590076 -0.620470185874898 0.0742081291685036 -0.192131972417741
0.169018457666467 -0.504442879250861 -0.178280453516394 0.148845873825311
-0.159579553555974 -0.479421498645471 0.0716876337500762 0.0556685223831761
-0.412556374414439 -0.210176114421409 0.0271403112152329 -0.0556078352134313
-0.342409140014992 0.215950617796326 -0.0770652494967872 -0.0253218541672285
-0.0587086878567779 0.397120531977425 -0.0239263667537078 0.0796875042575991
0.195485791968559 0.343325725310133 0.0560718557422925 0.0350713003724073
0.298743078176594 0.199666447793255 0.0689681988488494 -0.00593255360268346
0.312890652026903 0.149494235124586 0.076017826757863 -0.0198301622919186
0.300304359535048 0.179452676048545 0.103851886659443 -0.0243858591048383
0.277180283611871 0.330958725356084 0.117296980417409 0.013391155347023
0.0489649179943937 0.449168892351785 0.0871902377668025 0.10736215843011
-0.290375276859674 0.338970103124633 0.00195133786156816 0.13115797979454
-0.508991370931287 -0.0664748461376483 -0.114233848168693 0.0504916887683493
-0.281301938005867 -0.484583756588538 -0.0786221402251705 -0.0270770455321946
0.0876194130619776 -0.593777160398526 0.0252360401964556 0.00383355425107522
0.124456510855759 -0.465235155824394 -0.233076082493237 0.350854104864645
-0.175758614030536 -0.430813920161783 0.114021551544229 0.195169094502073
-0.37928806215243 -0.175407314230521 0.0664991003877974 -0.0214936350134603
-0.304772487543401 0.192836016305927 -0.0988406255594962 -0.00591022969920182
-0.0641818430420264 0.345450226685406 -0.04203475101605 0.169077724719225
0.162015676166954 0.304999715753835 0.122856356815779 0.143818007322416
0.258626805295378 0.189811521687036 0.183001671500371 0.0764949298604704
0.263669529286604 0.150722252791689 0.191156819058957 0.0454421499452346
0.243464348084036 0.170590915813071 0.204255171289428 0.0391327579298071
0.207978695117527 0.2794366561479 0.183925805155377 0.0810738898786697
0.0239845178347474 0.349417080269877 0.10591647217597 0.166513284740087
-0.219708772223301 0.237204374894468 -0.00709424151566294 0.151957285189826
-0.354638041661183 -0.0532583325390788 -0.0712650514486643 0.0699013308546133
-0.215195097048969 -0.349770551075892 -0.0396290842787999 0.0551570363657291
0.0473267659697117 -0.466724837482924 -0.00373461962081994 0.168464766679288
0.055276080962812 -0.340410537121826 -0.266867872533474 0.516827345359881
-0.152968437927009 -0.28793442905376 0.136616705890624 0.315667193051062
-0.255363613588143 -0.100829592312799 0.0942490925895058 0.0196866689888557
-0.197576552469223 0.124746149894917 -0.10370680144933 0.0132702105528655
-0.0535833727587837 0.222553849819057 -0.0548480933717811 0.231379059402346
0.0981424520293608 0.209477831302942 0.171893053611265 0.232222159822994
0.174651326758622 0.148447589517518 0.271314045075525 0.148330982723711
0.174321551003261 0.131048003191468 0.27777771229255 0.103775158754808
0.153595307310059 0.139156344345554 0.270005125742042 0.095798030540858
0.108335842250003 0.192830738160689 0.211525326168706 0.132768659047809
-0.0133331378949864 0.208032526539892 0.0978554480007708 0.189851805795231
-0.13486015333429 0.103063949779586 -0.0214189519764706 0.139352717758237
-0.166500785068987 -0.0443306042174017 -0.0308881593649095 0.0651663921228929
-0.11853096568888 -0.181260691014049 -0.00698276245431709 0.101021011814839
0.00698409772310699 -0.281031352959403 -0.0168799698112454 0.275564646134465
-0.0229970065880027 -0.151795113066266 -0.271643607556324 0.611756867670461
-0.100453629721897 -0.091475249242868 0.146259094074695 0.391677972952239
-0.0832438240788074 -0.00955264478376374 0.115546011017486 0.0521888131894038
-0.0572273920254209 0.033045345705456 -0.0881042580830887 0.0184972196932763
-0.0356573305398298 0.0635440585490194 -0.0621076021087582 0.251284777022104
0.0170005307998504 0.0813821129536371 0.190601231289133 0.283538885547181
0.0617879308658896 0.0848940425664624 0.317429442033864 0.196837297056688
0.0601092989660666 0.0906055071670455 0.323063822507495 0.146281064419318
0.0473095609266429 0.0873783021005877 0.29398597727125 0.143408879830538
0.00633746633915867 0.0863277724591445 0.203726455126378 0.16594350274123
-0.0405378300933929 0.0615063048232959 0.0703829495590395 0.183047400351444
-0.0451013201338875 -0.010740111738091 -0.0339972957097267 0.105163379173681
-0.000206842868834036 -0.0199556676475941 0.00488896004962671 0.051524052452753
-0.0375971951175288 -0.0155678747068948 0.0142489251473536 0.121472406339058
-0.0375565516370545 -0.0818872218263995 -0.0186265142557289 0.321788914130892
0.0854454002485615 -0.0514209541611945 0.0459448230581934 -0.352398289383494
0.0130176807306041 -0.098758570533104 -0.0716131027108777 -0.169904490236627
-0.0881185110881207 -0.0399096727591526 -0.0376664187996222 -0.0524901536362717
-0.0526777181278811 0.065614108241448 0.0358416262827306 -0.0365650974690117
0.0268215253264051 0.0800734057726276 0.0132933641600136 -0.15338058829777
0.0592029011895537 0.0401288773138068 -0.147924944788417 -0.202566838412222
0.0528817196636438 -0.0111967076871865 -0.256091909311337 -0.195300547062785
0.0622929723301496 -0.0228212991181488 -0.281303045058551 -0.200133339152729
0.0681109290891472 0.0044600759309101 -0.261066822913101 -0.227884520864848
0.0766030979477793 0.0608919485308185 -0.144685848220144 -0.268601223726228
0.0134627787235514 0.0968190186125618 0.0286010321407826 -0.22532917522847
-0.0921260843378281 0.0653289689615346 0.0691067185810652 -0.0551528793760473
-0.115286327820178 -0.0752233516989042 -0.0788215759087882 -0.0903577251170464
0.0299724630751479 -0.14242459110431 -0.0156032765744784 -0.30900973354789
0.107901166704189 -0.0785542825783243 0.317984023599569 -0.514995752932373
0.145180732815483 -0.188661422054774 0.03264291833962 -0.300650232725507
-0.00160127119551682 -0.210606137602023 -0.0395640977631714 -0.175175675231247
-0.157258132843174 -0.105953418006294 -0.0461711712651703 -0.0689284451045956
-0.138600057554906 0.0918763045595978 0.0127641226920777 -0.0247028681008178
-0.00944390260240583 0.180236558691336 0.0223786443122102 -0.120196306551799
0.101177837061458 0.150669954143362 -0.109707050217163 -0.186861486539234
0.142274263610728 0.0697902740410488 -0.210558779962543 -0.18987251814472
0.165921879574014 0.050015337356369 -0.231345491083466 -0.190065662196074
0.166406755809559 0.0892548536623876 -0.207217943913432 -0.208143300656415
0.148357341400773 0.19736614080198 -0.10864615979157 -0.229964386574351
-0.0118211202174464 0.255310399232314 0.0281133818978804 -0.170357008543101
-0.226709177914965 0.157645564563086 0.044335137567326 -0.0266271595290447
-0.297875664980559 -0.145054827713073 -0.112853090573885 -0.0846422524218253
-0.0396179566432356 -0.350983906704255 -0.0435058949570167 -0.28922410670577
0.177400380993316 -0.309099716921934 0.263060250113695 -0.452093428875383
0.195280143011734 -0.309817087694807 -0.00594800089404623 -0.203640405850101
-0.019503162091474 -0.322681381627541 -0.00137945367395874 -0.151501363932458
-0.229653132719038 -0.175105703556059 -0.0367384186863255 -0.0863995257102612
-0.229384647250978 0.112639939880782 -0.0163353531213044 -0.03035769870587
-0.0532936353264661 0.270157690409267 0.0121835184725297 -0.0756708773917884
0.12939066444427 0.250518610938249 -0.0667455640261552 -0.138986146697878
0.212267518019454 0.145701971413702 -0.137144682852208 -0.151620321782405
0.244680880214642 0.114235104892107 -0.145408233880152 -0.150263009076392
0.240222099767944 0.155708884813921 -0.119244579713489 -0.161091318592417
0.207333773550575 0.301319023273156 -0.0483587356574054 -0.161417933435689
-0.0190711412439445 0.384732641860209 0.0364341229934253 -0.0907414095665072
-0.321400681308708 0.248171778658131 0.0236102187460811 0.015171907254758
-0.449813171811213 -0.169319083701831 -0.130860838094738 -0.0510400736045353
-0.127720946396466 -0.499022679980332 -0.0685778610246598 -0.220738031078998
0.204661755460176 -0.492031577829089 0.184438846527833 -0.322750048767607
0.225297674748943 -0.403982114049101 -0.0686430283302114 -0.0611981956006838
-0.0503445156323078 -0.418552355595116 0.0378189606011773 -0.0804410880837524
-0.308933623388239 -0.232521504351078 -0.00688983470452408 -0.0917039874315212
-0.312184224853936 0.138352096021628 -0.0464634718750167 -0.0417594123092771
-0.0925112279945241 0.340785246362979 -0.013248949395084 -0.0142114018349809
0.144362978763448 0.324249647296694 -0.016814093334237 -0.0571316961726224
0.254908782085728 0.201816190759671 -0.0433974603751087 -0.0847171492324455
0.285463429794941 0.161578353392235 -0.0373569785257085 -0.0878004907733692
0.274485926027596 0.196216724933903 -0.0110399740432004 -0.0938638240705238
0.238863221439346 0.353182675208943 0.0288854823932603 -0.0766172743312898
-0.0121218990225979 0.452801520900615 0.0557194937359803 0.00405026954157948
-0.354166184774187 0.304392910536261 0.00831017422569215 0.0670831900647948
-0.523688021451468 -0.153833330596546 -0.126242552650195 -0.00201921159628575
-0.198961396047924 -0.551230677220231 -0.0742811723206029 -0.117218914569069
0.1923989302365 -0.582395807680907 0.101082112490399 -0.147703075710591
0.220932029635465 -0.444009791204752 -0.146059207052512 0.11438717532266
-0.0840776428190788 -0.46331543451621 0.072613718715737 0.0366086201156232
-0.356637761735765 -0.251539418877011 0.0320500045501553 -0.0747345466350936
-0.350231743191366 0.151731655073822 -0.0764367177181809 -0.0414633694725971
-0.114752859256849 0.363972116855854 -0.0434436729062948 0.0659506608104566
0.139656792877144 0.346056492595637 0.037670909740686 0.0488105665279354
0.259811077217776 0.224234430845042 0.0610608229941093 0.00186527943601699
0.282236569562166 0.182234729378978 0.0758720028388816 -0.0122323131851633
0.263656972169251 0.208574073334681 0.0986511101031898 -0.0187715844827644
0.224063218568136 0.348001872244108 0.106854414703095 0.0105362888406628
-0.0071926114669325 0.432734648779851 0.0777258108396669 0.0937425474935195
-0.318672625563195 0.287109569380464 -0.00396214172734435 0.113481343451149
-0.477943694707071 -0.122044626215516 -0.101108954633278 0.0413767023893455
-0.212041609897816 -0.496092525955553 -0.0576908362130237 -0.0104620680870342
0.152674853748207 -0.562372410087691 0.0313188891623914 0.0356334828485289
0.175315174632563 -0.4144693632317 -0.222459896151065 0.295542930856431
-0.105316925934068 -0.419593428997221 0.0951268860743116 0.172630701097945
-0.329834989026875 -0.215514421473863 0.0642875462603728 -0.0373001653824443
-0.313133886472547 0.136173841386143 -0.0984911399384212 -0.0259610024208763
-0.110895246433491 0.314949578468965 -0.0691039252252838 0.148022669633409
0.110913635989278 0.303763541167665 0.0898919967047629 0.156201244373228
0.224332612951886 0.209671950288489 0.160692529619547 0.0914110777709207
0.23526515663775 0.177499106942208 0.179383274535633 0.0637028145284716
0.211165499187028 0.192081948907719 0.188654261235991 0.054602404891182
0.165220914800272 0.288684696602051 0.163534331128009 0.0855215864287349
-0.0191945518665642 0.3344929718523 0.0874599390422979 0.15672451624369
-0.239061981827104 0.198406825101931 -0.0167428721268325 0.135401996875086
-0.333978471395841 -0.0930941950850956 -0.0670597565347053 0.0636812049989491
-0.163729351419057 -0.359256291000787 -0.0326183934887132 0.0680015630817579
0.0992821837722782 -0.445429133453753 -0.016599411790454 0.185831995965709
0.0962298057619426 -0.307059212250034 -0.282195240158177 0.44488851453644
-0.102006070134362 -0.285825091111875 0.0994261878618799 0.293035682323601
-0.224301576444185 -0.129646032274141 0.0844500498333498 0.0121591997198062
-0.202715670154155 0.0872134954090504 -0.103058330781491 -0.00479623061604325
-0.0846461794798763 0.201467220258946 -0.0839793111650064 0.207214509566746
0.0623194903056278 0.207168673902608 0.129058430362983 0.241209913154263
0.149715808283747 0.160388388951333 0.237562960588355 0.168771958084296
0.152956412150979 0.146946050524346 0.255081219038376 0.130720463962505
0.129101988776461 0.150584467428286 0.246773092720209 0.119418603845721
0.081347372052909 0.195289336008602 0.184818344452318 0.142070532696204
-0.0374242455900568 0.195477598397114 0.0751022210099698 0.183465890340243
-0.14159240344962 0.0808873253982777 -0.032455322957336 0.125811174348451
-0.154367259540313 -0.0632523091276889 -0.0334715144988686 0.0606684137425725
-0.089174010204132 -0.18863250609091 -0.0111633713495972 0.108066841897574
0.0415851080948214 -0.271163170607019 -0.043858776756119 0.278297854460767
-0.000725425218481174 -0.142455663077838 -0.309019926221334 0.532952616468115
-0.0801723667407654 -0.0973346383023598 0.0941058718715532 0.373291678437821
-0.0764076664401688 -0.0215054244098762 0.0996556010325499 0.0552614797962762
-0.0584861799451322 0.0219798703896806 -0.0873160646056565 0.00706251180229545
-0.0439585520953131 0.0551383500999328 -0.087905580044368 0.22740634999294
0.002207246013378 0.0766576360910546 0.145940742547129 0.287566604705518
0.0492098592545953 0.0856749616530141 0.278366109903684 0.219169909005242
0.0489445953193123 0.0941498002700625 0.292991048918111 0.177247580933409
0.0343141233223441 0.0873723070929987 0.26515242306035 0.169532147540311
-0.00481517003054154 0.0821433902453432 0.175770028864044 0.177589168010656
-0.0459339047317398 0.0523069956443523 0.0473490675049365 0.179718963476427
-0.0417654856204387 -0.0164795916478187 -0.0431301590301824 0.095026004344501
0.000797331348909808 -0.0212296015661271 -0.00160465614437663 0.0484895882652737
-0.030801399792826 -0.0214175198393793 0.00335274906547147 0.122931222274666
-0.0230796050673038 -0.0842831983411045 -0.0530147438989649 0.313164084995849
0.0826483357183666 -0.0491962760702926 0.0508017285415149 -0.341936861573306
0.0127797759704861 -0.095448239690249 -0.0700218288150531 -0.166448073619164
-0.0841432171104533 -0.0386175411090216 -0.0392366962928442 -0.0491703652809369
-0.0504710465524939 0.0632831714382891 0.0360440816151068 -0.0325606037770759
0.0260006775255494 0.0768753516626201 0.0172984308731843 -0.14750569024644
0.0577974875527833 0.0391436901705613 -0.1392037051161 -0.19639572966129
0.0505648787047139 -0.00941590217474482 -0.246793639389471 -0.193547910983343
0.0599314423757506 -0.0212002003989529 -0.274512262587097 -0.199569735177621
0.0663773563014798 0.00426172531167591 -0.253202415035331 -0.227086481475969
0.0746285682474171 0.0597315243500759 -0.137960435659382 -0.264589343216631
0.0119340816105855 0.09428021441877 0.0314759519928406 -0.221457622338139
-0.0903526983658428 0.0623948389771381 0.0712451173851794 -0.0539584997797299
-0.110837862470634 -0.0750185147990731 -0.0716072664872079 -0.0875554303766571
0.0302152750869802 -0.138265291263353 -0.00641730537195714 -0.300132989251134
0.104901073662659 -0.0755163458359972 0.316804788244736 -0.491503117123079
0.143917224331686 -0.180948857329695 0.0372072945352175 -0.291529529821126
0.00134814074107274 -0.204639980267138 -0.0389194610946648 -0.17180540317865
-0.150585452012483 -0.104370477324482 -0.0464897364146925 -0.0652453474543785
-0.134413452584189 0.0873258260228642 0.0140260771567323 -0.0203604807752462
-0.0100919951073293 0.174022613486442 0.0264764752122747 -0.11507479867909
0.0979525606285684 0.146723471939935 -0.103415098949064 -0.181486595085215
0.135751484352917 0.0703248163598748 -0.202349644656517 -0.187192089861975
0.159994735964426 0.051298232685665 -0.225861955764558 -0.189405649998732
0.161303522861221 0.0892311684635194 -0.201304695626262 -0.208039591532186
0.143487490283127 0.19372614904316 -0.104301472998809 -0.226605414800914
-0.0147903712633496 0.248323491457334 0.0308683066785027 -0.167906545730798
-0.222860978597943 0.149249690737295 0.0465706627252887 -0.0268888183879682
-0.287179497174596 -0.147649194381136 -0.106525425820122 -0.0816739519181404
-0.0332304525392536 -0.343859803775373 -0.0343438306340961 -0.280208176967164
0.176120695080909 -0.298346835244288 0.262034569310906 -0.428974689404109
0.196763527002461 -0.299656072694211 -0.00247081154569437 -0.198561199067871
-0.0136126210796229 -0.312662777659806 -0.00297969919601749 -0.148985437971422
-0.220209214733734 -0.174480416667269 -0.0363186793267132 -0.0833890025784445
-0.223506597257214 0.106448995914902 -0.0139872636971306 -0.0255471410744071
-0.05417234745514 0.261877632504567 0.0162482869481326 -0.0709623505173216
0.123948575107352 0.244289520029537 -0.0620967101466283 -0.134943379107285
0.203256055278266 0.145207760235025 -0.131561999015474 -0.148702599675353
0.235763434972996 0.115958793359578 -0.143283103629664 -0.149701358354632
0.231653723139932 0.15561847184332 -0.116055558476499 -0.159992195076116
0.200513582738468 0.295113388913742 -0.0467051641729298 -0.159712699271252
-0.022511096422251 0.375571146713725 0.0386179332678934 -0.0911457080473355
-0.317894429252671 0.235195854750058 0.0256850406453 0.0131523807589252
-0.437080961841072 -0.175652041334415 -0.125876228404395 -0.049940501601932
-0.115875984384484 -0.4900245808275 -0.0607312784323572 -0.212336989154945
0.205816658239814 -0.475321349606415 0.183193802313748 -0.30418367941029
0.228199592885091 -0.389233666062097 -0.0657455022961438 -0.062056563184547
-0.0419492185009025 -0.407888166672482 0.0334974502709074 -0.0797197605312144
-0.296541239851484 -0.231231835716521 -0.00734617075100607 -0.0886214377213017
-0.304415018547864 0.129015062784178 -0.0443034159160106 -0.0366043800874896
-0.0934171019817754 0.329934164408798 -0.00958193782329758 -0.0109390767330192
0.136286450395429 0.316379322809784 -0.015264094434262 -0.0557121905957948
0.244047586514107 0.200250564135898 -0.0411313498963192 -0.0825491616940673
0.276032290587434 0.161949525011 -0.0373152283910982 -0.0876957458523628
0.264920218338143 0.195943701466205 -0.0115965754425678 -0.0932073609605329
0.229875262021959 0.346479606032861 0.0270391978502964 -0.0762925799427357
-0.0161110088678676 0.439680188597148 0.0556013705006581 0.000952982248120001
-0.349844485501457 0.291015145494058 0.00850661809372476 0.0626474289290041
-0.508855097385818 -0.161816557203429 -0.1229085192896 -0.00243133319493846
-0.18423938147473 -0.542970232642111 -0.0681637994060763 -0.110662017042209
0.196160562488605 -0.563703248399397 0.0986730079361238 -0.135334620196768
0.226160318722768 -0.427663259567581 -0.144416980098203 0.106476416962343
-0.072086471950418 -0.451450508779806 0.0660631547988839 0.0335550557411737
-0.342537729982783 -0.253050840457699 0.0305082211230051 -0.0720189943500246
-0.344170815000253 0.142514057752478 -0.0732178470280432 -0.0374104753539201
-0.115808042836701 0.351777745442902 -0.040797156795961 0.0673538733556773
0.131671222793294 0.338135449904977 0.0358678938735568 0.0476192165402077
0.249205098944412 0.222030407251867 0.0600523289151121 0.0030198419199953
0.272685117489942 0.18373589260355 0.0736462997612586 -0.0121350044234854
0.253840313746066 0.208242188287615 0.0942468455336241 -0.0180419000367631
0.216173431540932 0.341264895601079 0.101331261891001 0.00964735773948577
-0.0121026228495095 0.421709915543407 0.0763226913458433 0.0886561856166209
-0.31596879610857 0.274640906302692 -0.00434242386961889 0.107288194664947
-0.466031202192006 -0.127516449330769 -0.100159793842561 0.040032267296943
-0.197408228142095 -0.488141235708793 -0.0537442060177961 -0.005933102342336
0.156825889963617 -0.543292416191442 0.0287012362996337 0.0402207770733059
0.18221189053582 -0.398123491260878 -0.222204035909516 0.280773373347102
-0.0934297925073695 -0.409158640660563 0.0863366314199305 0.166264291228394
-0.317033776348064 -0.218567837798823 0.0616380291725503 -0.0361613592250903
-0.307335893959821 0.126920721237889 -0.0959679410744944 -0.0225529211366644
-0.112455718465771 0.305663868633188 -0.0677714506747374 0.147376856607349
0.104102943363684 0.297146671844201 0.0851446328046498 0.152792181217475
0.215073577015655 0.206783330238644 0.156004514394081 0.0913786960743313
0.227527103359538 0.178137055066585 0.174112436659676 0.064601330772395
0.20298927549055 0.191165380566817 0.183013094380861 0.0548178057374156
0.159380450951941 0.282453306726375 0.156163139966824 0.0834779069645846
-0.021546789187001 0.324959418103143 0.0841256778305201 0.150524729856625
-0.23571748710565 0.189506605656218 -0.0176515533591661 0.128149905544609
-0.325222772027017 -0.0978023138257576 -0.0671481152649115 0.0601419259310867
-0.151420182056694 -0.354761135047188 -0.0307092075837726 0.0703369144380591
0.105389928480023 -0.430805781272257 -0.0198233167030566 0.184191734329381
0.103172367167397 -0.296530653921927 -0.28363153522788 0.425353600965232
-0.0925348577931557 -0.27949837027251 0.0889101793881752 0.283738193853027
-0.216697080243575 -0.132228479958997 0.0805110023860871 0.0117063732508188
-0.199059282807372 0.0811772755736274 -0.102151899597049 -0.00272926758169509
-0.0857899739400581 0.195395759482643 -0.0843846585462623 0.204570296744909
0.0574687491076783 0.202203146562909 0.121678224426109 0.235374149764898
0.143701702156653 0.157425833742212 0.229720044229742 0.167763429183532
0.148240084611866 0.146515530772157 0.247887978307256 0.131043953173791
0.12384095748233 0.149703525805453 0.238399036769881 0.119299231366584
0.0772895761563245 0.190788991851495 0.176260619666627 0.138734468218351
-0.0381116344147063 0.189484472044039 0.0706988660043818 0.176664742551784
-0.139408190056035 0.0771976371479395 -0.032476175128721 0.118883683944153
-0.150635728760242 -0.0653961918983182 -0.0338033742702957 0.0570581133952186
-0.0818158393316927 -0.186939084985558 -0.00993808180911076 0.108982828683173
0.0461462317160944 -0.262266235276477 -0.0470201189631314 0.271559883524013
0.00453719196079842 -0.137620407004049 -0.312060371783665 0.510523848338198
-0.0746959125053435 -0.0951573332517928 0.0834654684105029 0.362282853843734
-0.0748785935633432 -0.0235232226862996 0.0940118665067716 0.0540984240071832
-0.0575439375969608 0.0201163222641118 -0.0880835722074454 0.00745537586118845
-0.0442793973026085 0.0534249877467146 -0.0897319088657593 0.223731454028005
0.000424150930138353 0.0746364721594622 0.138326327522946 0.281555976065202
0.0483495935105668 0.0830729983772084 0.269029768975949 0.217945837092295
0.0473978439590252 0.0931071575826005 0.285872413096622 0.176862149174501
0.0320809200370897 0.0862914851176223 0.257056051827341 0.167866847729309
-0.0053602988942876 0.0803440020973415 0.166728605049137 0.174666547376679
-0.0452432646141264 0.0505549620637911 0.0423101267248247 0.172865534286967
-0.0415842419760985 -0.0166830979928606 -0.0430425150104673 0.0893959826495232
-0.000128310468313798 -0.0220677122878533 -0.00186915185736473 0.0454730710278323
-0.0268681773706496 -0.0232305091293536 0.00320361971245945 0.122308599824805
-0.0185646174192812 -0.0825366740712149 -0.0559108795057259 0.303182920753869
0.0825073765281893 -0.0483755292304741 0.0613005837622139 -0.34368338610344
0.0138672214452353 -0.0959722646343574 -0.0692193826816158 -0.169815525669655
-0.0827788466788024 -0.0396817723745376 -0.0406779535063213 -0.048440578484533
-0.0506860118421766 0.0623333519125252 0.038032616672656 -0.0292387420166677
0.0253645824172814 0.0774144563773679 0.0237740078113864 -0.147544450219019
0.0580882451050527 0.0404872985771939 -0.133494237088763 -0.198735975497122
0.0498575076050662 -0.00789418755472569 -0.244607545044898 -0.199908675858949
0.060120386736785 -0.0196752026913124 -0.27699572404479 -0.208350203683823
0.0675002526746979 0.00579917584744517 -0.251257465886996 -0.236066789052382
0.0746739113349123 0.0610420457464899 -0.134519908597419 -0.272085077241307
0.00993850151775317 0.0956217204141559 0.0373466940411628 -0.224554448480383
-0.0926948233139228 0.0601375802380666 0.0755940609978657 -0.0538727542284453
-0.109991549090768 -0.07915372865112 -0.0667096478948265 -0.0888408411415579
0.0325380685851634 -0.138517953225895 0.00512219863591206 -0.302107375804507
0.106436133408576 -0.0742863235690599 0.331831764563186 -0.482513282257891
0.148776682463334 -0.179624865326689 0.0459233410461569 -0.294072546417455
0.00555085453031652 -0.205397947479048 -0.0378867891526304 -0.175028003381926
-0.14814408804499 -0.108363274409747 -0.047636598822253 -0.0653085269603733
-0.135751671074115 0.0843668898864531 0.0162089245737843 -0.0172585836917457
-0.0128195205292875 0.174299010100822 0.0327219642848257 -0.113964819771146
0.0960620840647994 0.148909565656242 -0.0982531792912898 -0.183432287965227
0.134288364644488 0.0747325716683484 -0.199932051592303 -0.193164963952684
0.160025692307905 0.0568052917160519 -0.227526300641945 -0.196884437096208
0.160730562159836 0.0936214752642077 -0.199997813889408 -0.216627103866058
0.141604001445943 0.197660279199661 -0.10131357162126 -0.232222441543891
-0.0203374222292723 0.25123389332025 0.0355236359819571 -0.171962455987413
-0.229661639328319 0.144731385649335 0.050530692713282 -0.0284721961733831
-0.287530715233777 -0.158373612694538 -0.102911108232263 -0.0829826272244893
-0.0247224233511977 -0.350183722143271 -0.0235375086570025 -0.281124521406206
0.184976072490855 -0.296697988731065 0.274106138720351 -0.42099372332437
0.206280925916593 -0.296571128487353 0.00383017188805725 -0.201585825386685
-0.0062406176935237 -0.314076464498103 -0.00257969972391357 -0.151986286557015
-0.217659482423002 -0.181400699222723 -0.036837359711125 -0.0836936116161415
-0.226678742782033 0.101368095811033 -0.0120319862608785 -0.0226905689730925
-0.0595256328745834 0.261822222979885 0.021602398395158 -0.0692881699539884
0.120234585611543 0.248155060896542 -0.0585265128630235 -0.136283556398325
0.200410328606348 0.152123322415943 -0.129585781153234 -0.152483053595886
0.235354717538201 0.124451188929749 -0.143708523411001 -0.155318996578973
0.230825661999574 0.162271253868004 -0.115437628771939 -0.166372252569618
0.197744933161016 0.301570709641588 -0.0456548049331989 -0.163927267362608
-0.0299302940951777 0.379121992708021 0.0422055119912047 -0.0945722870535983
-0.32614219457451 0.228914587349612 0.0274838961750525 0.0118463938707133
-0.437087744669215 -0.191821512803826 -0.125062044500566 -0.05089467963208
-0.105332120252969 -0.501174638973729 -0.0522372266111196 -0.211589929796163
0.218697654052495 -0.474516024777027 0.19054026992101 -0.295506783935886
0.243131989765173 -0.385602697967771 -0.0635584840306188 -0.0666343033840845
-0.029838547597333 -0.411206846500184 0.0322606542412689 -0.0827115377361141
-0.29457610397558 -0.24251377483847 -0.00709676549583489 -0.0891086431806089
-0.310628570702238 0.122917410738312 -0.0416721438698935 -0.0342865295051043
-0.100291879571865 0.330819725773707 -0.00595390966491154 -0.00818521688204053
0.13113566021134 0.320628885907562 -0.0134655355406717 -0.0562171460752933
0.241013362936297 0.208600980721622 -0.0393581971004218 -0.0840904963527672
0.274170660935135 0.172614909499236 -0.038360783266996 -0.0896056080876795
0.263645853431272 0.204905533906643 -0.0112617557134228 -0.0961792070078052
0.226689815451757 0.353975637433929 0.0267146315468619 -0.0777475623040034
-0.0251236349533813 0.446161023858054 0.0570634319734705 -0.00124873491265617
-0.360186788499187 0.284927884050181 0.00873326115119113 0.0606768034590719
-0.513655937301147 -0.177870638967161 -0.123681312617738 -0.00299286931407456
-0.171672844852562 -0.55614186398908 -0.0623143323603136 -0.108433167675075
0.212748515479326 -0.563421049820953 0.102347290768298 -0.128212521522554
0.242853245309262 -0.425540457436374 -0.148263375400766 0.10202772339775
-0.0587393150603552 -0.457484235002763 0.0623449468683578 0.0324045879254959
-0.340660306164527 -0.267357156392365 0.0304526537040199 -0.072523792349027
-0.350226855118229 0.134602491256232 -0.0723543952290018 -0.0357523361355128
-0.124612257315758 0.353241992830678 -0.039507859844473 0.0713585371498481
0.124387913511824 0.344039958925287 0.0354441026001311 0.0485544130234329
0.245942266264088 0.230694407828097 0.0609432455593353 0.00488373127061133
0.27177678941016 0.193729491217417 0.073614111275089 -0.0110035186886618
0.251665805717186 0.216850671965501 0.0945058666776572 -0.0170519086400691
0.213749286885664 0.347450368726582 0.0999512184653453 0.0101460777682264
-0.0201394221613797 0.425495193579749 0.0749950249432498 0.0882435336730113
-0.32476633507779 0.269293664229127 -0.00557805506647678 0.105207712678068
-0.468834830620646 -0.143620076856633 -0.101819946387773 0.0394298866506878
-0.187142189593424 -0.500503294439082 -0.0509139252101985 -0.0019556389952758
0.173720778798799 -0.543063079949811 0.0277334327132861 0.0471669965347133
0.199640050883128 -0.396486000193448 -0.232686800613711 0.275789073411389
-0.0803127771977356 -0.415350965520139 0.0793626041016749 0.16742766199184
-0.314929436493392 -0.231930971454121 0.0611091717186709 -0.0358191361327042
-0.314134110284905 0.118694803434474 -0.0966839866779351 -0.0219902385738759
-0.121142065049233 0.306350134402682 -0.0699225388943595 0.151687717281321
0.0976096401912086 0.302223290676883 0.0821445300081596 0.155778246766068
0.211602678250903 0.214227380553893 0.155898048029109 0.0964598760999681
0.226549842048483 0.18637799654046 0.174238600835315 0.0689796536476203
0.200729632859208 0.1992018856812 0.182021216374211 0.0585148737752119
0.156309683169094 0.287448890650536 0.152734838124028 0.0858361196459106
-0.0273981304503131 0.327861991480692 0.0808693380351777 0.150285874793466
-0.242255189950237 0.185204790243972 -0.0196874389275908 0.126333094683765
-0.327486141902851 -0.107774479178464 -0.0696425515637621 0.0595045691004172
-0.143452501538768 -0.363624427705651 -0.0296062022490891 0.0749328941535295
0.119246258812864 -0.431015130704892 -0.0248701515623486 0.188213720754938
0.114861751758937 -0.295724321355191 -0.299825380572132 0.41910981350229
-0.0833047119804533 -0.283710294071376 0.0798949834643875 0.285622162155581
-0.214911798321977 -0.142056638819223 0.079362957734455 0.0125847047107801
-0.203378225922738 0.0755890390485543 -0.1044225217771 -0.00270286799276629
-0.091522776801148 0.195878701493182 -0.0890479016067928 0.208524828043145
0.0524781971065071 0.205663567944314 0.117252687849217 0.240716412541639
0.14172047290002 0.162066326541576 0.228940071025352 0.175399052000751
0.148378179211705 0.153010178189396 0.249464048559387 0.137891055594116
0.121868097881265 0.155327861453774 0.237753560838936 0.125684243492692
0.0743343143164716 0.194030024769992 0.172555178189033 0.142766683999207
-0.04174629076666 0.190447958870133 0.0664990304497648 0.177444414866004
-0.14274975992012 0.0740892736017598 -0.035335668259267 0.116722724007018
-0.151611182961954 -0.0712600682769756 -0.0359119656424678 0.0562389025968211
-0.0760283979580859 -0.192365240297203 -0.0103539675376664 0.113272582931994
0.0553155299375046 -0.262496755600536 -0.0542904777393067 0.273611823631214
0.0107163775964278 -0.137936560884306 -0.329804733925374 0.504787667270659
-0.0710153104873504 -0.0972829713238295 0.0723118024473131 0.36453045122844
-0.0753187697834423 -0.0271181779377518 0.0916870015262529 0.0561367323119846
-0.0590425245483235 0.0186182467623093 -0.0914857288495439 0.00719419571141072
-0.0463883333489244 0.0536747179012415 -0.0964206325183428 0.228169441449935
-0.00199763587532088 0.0757522024990447 0.133754865068306 0.287428336925579
0.0470314842743974 0.0847534957305012 0.268292928250388 0.22645033882459
0.047238979253641 0.0958036640112662 0.287229976834587 0.184989560885901
0.0307178940241004 0.0895412497525759 0.255844990498187 0.175102957133034
-0.00758327596119567 0.0813023945268896 0.162256056791827 0.178547367192724
-0.0468603877962172 0.0502655634293515 0.0378547078848929 0.173623183681786
-0.042607168551743 -0.0171631122087314 -0.0452340052712703 0.0862356213807526
-0.00029245441491389 -0.0234146340609266 -0.00230826304142675 0.0441082021467045
-0.0248535494169141 -0.0258039986086375 0.00267485489532434 0.125714091626016
-0.0138851677276652 -0.0834371202046792 -0.0640293956428731 0.302432594311751
