TRXV5
3
4
4
9
string Extension=J
integer IsArchMeasurement=1
integer IsSpherical=1
string Generator=SPM
string GeneratorVersion=1.3.1 Dev
double ArchRadius=0.449999988079071
integer FrequencyAxisIndex=0
integer AzimuthAxisIndex=1
integer ElevationAxisIndex=2
Frequency
5 136 690000000 960000000 LIN
Azimuth
7 8 0 2.74889357189107 LIN
Elevation
7 15 -2.74889357189107 2.74889357189107 LIN
Polar H Real Part
13
Polar H Imaginary Part
14
Polar V Real Part
13
Polar V Imaginary Part
14
Polar H Magnitude (dB)
12 0xC0000002 0 1
Polar H Phase
7 0xC0000003 0 1
Polar V Magnitude (dB)
12 0xC0000002 2 3
Polar V Phase
7 0xC0000003 2 3
-0.0178184509277344 0.00906562805175781 0.0244140625 0.0118293762207031
0.000813484191894532 0.0168113708496094 0.00860500335693359 0.00756168365478516
0.00764322280883789 0.00516510009765625 0.000796318054199218 0.0113668441772461
0.00700569152832031 0.000317573547363281 0.00955009460449219 0.0164995193481445
0.00656461715698242 -0.00395917892456055 0.0182628631591797 0.0116291046142578
0.00393772125244141 -0.00818157196044922 0.0215263366699219 0.00333976745605469
0.00273466110229492 -0.00707483291625977 0.0196666717529297 0.000597000122070312
0.00306940078735352 -0.00626182556152344 0.0148181915283203 0.00133323669433594
0.00696039199829102 -0.00718212127685547 0.00808811187744141 0.00395727157592773
0.0105361938476562 -0.000618934631347656 0.00106573104858398 0.00374674797058105
0.00866079330444336 0.00826454162597656 -0.00350761413574219 -0.00602245330810547
0.000904083251953124 0.0123071670532227 0.00414752960205078 -0.013279914855957
-0.00995922088623047 0.00861263275146484 0.02252197265625 -0.0102691650390625
-0.0152673721313477 0.00510597229003906 0.0246810913085938 0.00260543823242188
-0.0231952667236328 -0.00102424621582031 0.00727653503417968 0.00489377975463867
-0.0237751007080078 0.00435256958007812 0.0172386169433594 0.014857292175293
-0.00780296325683594 0.0157594680786133 0.00262641906738281 0.0122766494750977
0.00181818008422852 0.00840282440185547 -0.000903129577636718 0.0163440704345703
0.00423717498779297 0.00567388534545898 0.00903892517089844 0.0202407836914062
0.00751066207885742 0.00165987014770508 0.0176734924316406 0.0142898559570313
0.00821208953857422 -0.00327014923095703 0.0213088989257813 0.00598716735839844
0.00816249847412109 -0.00399017333984375 0.0186061859130859 0.00367927551269531
0.0077815055847168 -0.00325822830200195 0.0123376846313477 0.00385665893554687
0.0117835998535156 -0.00345039367675781 0.00474834442138672 0.00613117218017578
0.0137939453125 0.00402545928955078 -0.00299358367919922 0.00487518310546875
0.00928783416748047 0.0135297775268555 -0.00761651992797851 -0.00610971450805664
-0.000950813293457031 0.0174551010131836 -0.000384330749511718 -0.0141458511352539
-0.0145292282104492 0.0107507705688477 0.0174837112426758 -0.012242317199707
-0.0214519500732422 0.0037994384765625 0.0169916152954102 0.000910758972167969
-0.0285701751708984 -0.00389671325683594 -0.00145983695983887 0.00323200225830078
-0.0281276702880859 -0.00203704833984375 0.00740718841552734 0.0158100128173828
-0.0161170959472656 0.0120372772216797 -0.00601577758789062 0.0153980255126953
-0.00585556030273438 0.0107240676879883 -0.00494194030761719 0.0212059020996094
0.000452995300292969 0.0119800567626953 0.00697517395019531 0.0237312316894531
0.00720596313476563 0.00853586196899414 0.0161046981811523 0.0164709091186523
0.0118017196655273 0.00281143188476563 0.0195293426513672 0.00814628601074219
0.0128488540649414 7.15255737304687E-05 0.0143575668334961 0.004974365234375
0.0112800598144531 0.000255584716796875 0.0078730583190918 0.00523757934570313
0.0142145156860352 0.000820159912109375 9.53674316407218E-07 0.0076756477355957
0.015416145324707 0.00760459899902344 -0.00766563415527344 0.00573825836181641
0.0089111328125 0.0154705047607422 -0.01251220703125 -0.00531196594238281
-0.00123786926269531 0.0192852020263672 -0.00531196594238281 -0.0141201019287109
-0.0160074234008789 0.0123090744018555 0.0118942260742187 -0.0132837295532227
-0.0229892730712891 0.00354576110839844 0.00746583938598633 0.0010981559753418
-0.0301551818847656 -0.00601959228515626 -0.0115995407104492 0.00134754180908203
-0.0273303985595703 -0.00824928283691406 -0.00388050079345703 0.0131635665893555
-0.0217247009277344 0.00594139099121094 -0.016749382019043 0.015960693359375
-0.0130271911621094 0.0105314254760742 -0.0109424591064453 0.0245990753173828
-0.00485420227050781 0.0161733627319336 0.0041656494140625 0.0256900787353516
0.00559616088867188 0.0137414932250977 0.0124006271362305 0.0169267654418945
0.0133886337280273 0.00910472869873047 0.0150785446166992 0.00877094268798828
0.0150432586669922 0.00405216217041016 0.00878715515136719 0.0054168701171875
0.0126714706420898 0.00376224517822266 0.00214529037475586 0.00576019287109375
0.0151205062866211 0.00420570373535156 -0.0056157112121582 0.00818014144897461
0.0144739151000977 0.00952720642089844 -0.0120868682861328 0.00576210021972656
0.00760746002197266 0.0160026550292969 -0.0161352157592773 -0.00433540344238281
-0.00242996215820312 0.0186424255371094 -0.00882816314697266 -0.0126438140869141
-0.0157079696655273 0.0115470886230469 0.00584888458251953 -0.0113611221313477
-0.0219287872314453 0.00236320495605469 -0.00105977058410645 0.00253462791442871
-0.0279483795166016 -0.00832366943359374 -0.0204296112060547 2.28881835937523E-05
-0.0222873687744141 -0.0122604370117188 -0.0144309997558594 0.00790309906005859
-0.0215206146240234 -0.000110626220703122 -0.0264739990234375 0.0129356384277344
-0.0169897079467773 0.00794410705566406 -0.0170879364013672 0.0250415802001953
-0.00925254821777344 0.0165281295776367 -3.05175781250031E-05 0.0249404907226563
0.00218009948730469 0.0161266326904297 0.00869274139404297 0.0143651962280273
0.011378288269043 0.0122566223144531 0.00885963439941406 0.0067586898803711
0.0143461227416992 0.00778961181640625 0.00212240219116211 0.00425410270690918
0.011138916015625 0.00638198852539062 -0.00419998168945312 0.00582981109619141
0.0130519866943359 0.00681304931640625 -0.0103044509887695 0.00821971893310547
0.0118350982666016 0.0107927322387695 -0.0160188674926758 0.00584983825683594
0.00509071350097656 0.0154457092285156 -0.0186347961425781 -0.00311088562011718
-0.00401687622070313 0.0161590576171875 -0.0106573104858398 -0.0113372802734375
-0.0148601531982422 0.00806808471679688 0.00209617614746094 -0.00866317749023438
-0.01812744140625 -0.00114822387695312 -0.00771236419677734 0.00513839721679688
-0.0234413146972656 -0.0111637115478516 -0.0280361175537109 -0.00122642517089843
-0.0125017166137695 -0.0127754211425781 -0.0198078155517578 0.0026702880859375
-0.0152721405029297 -0.00460052490234375 -0.0323085784912109 0.00774192810058593
-0.0147294998168945 0.0030660629272461 -0.021759033203125 0.0214824676513672
-0.010986328125 0.0116434097290039 -0.0042572021484375 0.0214424133300781
-0.00104618072509766 0.0136804580688477 0.00434303283691406 0.0109882354736328
0.00728607177734375 0.0131673812866211 0.00326824188232422 0.00406169891357422
0.0105695724487305 0.00963020324707031 -0.00418639183044434 0.00246787071228027
0.00855875015258789 0.00796794891357422 -0.009552001953125 0.0041036605834961
0.00985336303710938 0.00831890106201172 -0.0145902633666992 0.00645542144775391
0.00818061828613281 0.0113058090209961 -0.0184192657470703 0.00393867492675782
0.00174045562744141 0.0137615203857422 -0.0189056396484375 -0.00424003601074219
-0.00654983520507812 0.0131216049194336 -0.0105714797973633 -0.00969791412353515
-0.0140504837036133 0.00358772277832031 -0.000487327575683594 -0.00653600692749024
-0.0137462615966797 -0.00590991973876953 -0.0122003555297852 0.00515174865722656
-0.0154314041137695 -0.0144214630126953 -0.0319728851318359 -0.00458908081054688
-0.00159263610839844 -0.00941276550292969 -0.0226516723632812 -0.00256156921386719
-0.00336980819702148 -0.00575971603393555 -0.0333614349365234 0.00341796875
-0.00804328918457031 -0.00239944458007813 -0.0234413146972656 0.0182838439941406
-0.00812673568725586 0.00387287139892578 -0.00556755065917969 0.0172157287597656
-0.00358200073242188 0.00696611404418945 0.00239276885986328 0.00644111633300781
-2.86102294921874E-05 0.00986862182617188 -0.00189888477325439 0.000138401985168457
0.00433826446533203 0.0101814270019531 -0.00920677185058594 -1.71661376953137E-05
0.00408458709716797 0.00823020935058594 -0.0142192840576172 0.0023193359375
0.00520944595336914 0.00867986679077148 -0.0177497863769531 0.00462722778320313
0.00348567962646485 0.010767936706543 -0.0205593109130859 0.00165748596191407
-0.000917434692382813 0.0120439529418945 -0.0196495056152344 -0.00539016723632812
-0.00828647613525391 0.0105724334716797 -0.00997638702392578 -0.0101480484008789
-0.0143108367919922 -0.000749588012695312 -0.00112581253051758 -0.00645971298217773
-0.00899410247802734 -0.0104331970214844 -0.013214111328125 0.00445938110351562
-0.00691604614257812 -0.017186164855957 -0.0337448120117188 -0.00651931762695313
0.0102119445800781 -0.00558662414550781 -0.018524169921875 -0.00425529479980469
0.00783729553222656 -0.0051732063293457 -0.0298404693603516 0.000768661499023441
0.00102949142456055 -0.00655031204223633 -0.0222682952880859 0.0148124694824219
-0.00371885299682617 -0.00506925582885742 -0.00525283813476562 0.0139780044555664
-0.00526714324951172 -0.00118541717529297 0.00206279754638672 0.00405168533325195
-0.00567913055419922 0.00497961044311523 -0.00311708450317383 -0.00275349617004394
-0.00237369537353516 0.00846147537231445 -0.0109348297119141 -0.00243759155273438
-0.00113105773925781 0.00726985931396484 -0.0161037445068359 -0.000130653381347658
4.19616699218756E-05 0.00776863098144531 -0.0196189880371094 0.00150299072265625
-0.000523090362548829 0.00858259201049805 -0.0210380554199219 -0.00176048278808594
-0.00324916839599609 0.00864505767822266 -0.019134521484375 -0.00788688659667969
-0.00870704650878906 0.00674819946289063 -0.0101432800292969 -0.0117912292480469
-0.0118961334228516 -0.00417995452880859 -0.00232028961181641 -0.00796127319335938
-0.00422477722167969 -0.013519287109375 -0.0130844116210938 -0.000513076782226563
0.00172805786132812 -0.0178337097167969 -0.0312366485595703 -0.0114536285400391
-0.0172243118286133 0.0122718811035156 0.0274467468261719 0.0137348175048828
0.00342750549316406 0.0185985565185547 0.0109901428222656 0.0087575912475586
0.00983333587646484 0.00454235076904297 0.00186920166015625 0.0114641189575195
0.00809240341186523 -0.00200176239013672 0.0105047225952148 0.0169897079467773
0.0062098503112793 -0.00621891021728516 0.0195541381835938 0.0118503570556641
0.00266838073730469 -0.0102386474609375 0.0230560302734375 0.00269889831542969
0.00119209289550781 -0.0085296630859375 0.0216789245605469 0.000444412231445312
0.00215768814086914 -0.00759315490722656 0.0169353485107422 0.00137710571289062
0.00597286224365234 -0.00945568084716797 0.0102720260620117 0.00493144989013672
0.0114412307739258 -0.00248241424560547 0.00214147567749023 0.005035400390625
0.0112924575805664 0.00732517242431641 -0.00421237945556641 -0.00472354888916016
0.00362586975097656 0.0129995346069336 0.00268363952636719 -0.0134134292602539
-0.00923538208007813 0.0118961334228516 0.0228061676025391 -0.0133399963378906
-0.0169839859008789 0.00837993621826172 0.0273342132568359 0.00174140930175781
-0.0256862640380859 0.00264549255371094 0.00869512557983398 0.00622415542602539
-0.0247821807861328 0.00694465637207031 0.0200614929199219 0.0174560546875
-0.00610160827636719 0.017542839050293 0.004791259765625 0.0140342712402344
0.00320529937744141 0.00794792175292969 0.00060844421386719 0.0171747207641602
0.00492668151855469 0.00496816635131836 0.0102825164794922 0.0209903717041016
0.00716924667358398 0.000586509704589844 0.0192718505859375 0.0148601531982422
0.00791168212890625 -0.00470972061157227 0.0233554840087891 0.0059661865234375
0.00808954238891602 -0.0054163932800293 0.0207157135009766 0.00333976745605469
0.00776100158691406 -0.00382089614868164 0.0152072906494141 0.00422286987304688
0.0117950439453125 -0.00504684448242188 0.00724935531616211 0.00741481781005859
0.0148649215698242 0.00296783447265625 -0.00160074234008789 0.00674867630004883
0.0111989974975586 0.0132637023925781 -0.00812101364135742 -0.00365447998046875
0.00110054016113281 0.0189685821533203 -0.00191211700439453 -0.013422966003418
-0.015110969543457 0.014012336730957 0.0169458389282227 -0.0141992568969727
-0.0239219665527344 0.00665855407714844 0.0187911987304688 0.00067138671875
-0.0319862365722656 -0.00125503540039063 -0.000560760498046877 0.00516128540039063
-0.0297527313232422 -0.000507354736328125 0.00979042053222656 0.0192718505859375
-0.0158700942993164 0.0132589340209961 -0.00393104553222656 0.0182399749755859
-0.00547218322753906 0.0110940933227539 -0.00327301025390625 0.0224533081054687
0.00070667266845703 0.0119190216064453 0.0085906982421875 0.0251750946044922
0.00744915008544922 0.00828123092651367 0.01812744140625 0.0175895690917969
0.0122814178466797 0.00247669219970703 0.0219230651855469 0.00804328918457031
0.0135593414306641 -0.000737190246582031 0.0171012878417969 0.00515174865722656
0.0115461349487305 0.000148773193359375 0.0101127624511719 0.0061187744140625
0.0152597427368164 -1.1444091796875E-05 0.00224685668945313 0.00919246673583984
0.0167703628540039 0.00724315643310547 -0.00639486312866211 0.00843620300292969
0.0107145309448242 0.0161619186401367 -0.0131998062133789 -0.00276565551757812
-8.20159912109355E-05 0.0213603973388672 -0.00702381134033203 -0.0130290985107422
-0.0169744491577148 0.0152120590209961 0.0107078552246094 -0.0141916275024414
-0.0259895324707031 0.00530052185058594 0.00880908966064453 0.00193500518798828
-0.0342121124267578 -0.004425048828125 -0.011754035949707 0.00405216217041015
-0.0299739837646484 -0.0086212158203125 -0.00301074981689453 0.0170440673828125
-0.0232086181640625 0.00639724731445312 -0.0158061981201172 0.0196704864501953
-0.0139522552490234 0.01153564453125 -0.00917625427246094 0.0268115997314453
-0.00504875183105469 0.0171613693237305 0.00554656982421875 0.0277538299560547
0.00572967529296875 0.0149316787719727 0.0144138336181641 0.0177497863769531
0.0142660140991211 0.00897789001464844 0.0175342559814453 0.00926589965820313
0.0168981552124023 0.00418472290039063 0.0113983154296875 0.00565624237060547
0.0140228271484375 0.00397300720214844 0.00433874130249024 0.00714588165283203
0.0164728164672852 0.00410175323486328 -0.00316333770751953 0.0100927352905273
0.0161323547363281 0.00993156433105469 -0.0110034942626953 0.00866127014160156
0.00897121429443359 0.0173540115356445 -0.0163888931274414 -0.00171756744384766
-0.00222587585449219 0.0208282470703125 -0.0102052688598633 -0.0109233856201172
-0.0165481567382813 0.0135335922241211 0.00477409362792969 -0.0119218826293945
-0.0248050689697266 0.00264167785644531 -0.000754117965698243 0.00349140167236328
-0.0319290161132813 -0.00827217102050781 -0.0217437744140625 0.00323295593261718
-0.0248069763183594 -0.0137538909912109 -0.0153274536132813 0.0121231079101562
-0.0238780975341797 -0.000783920288085935 -0.0270519256591797 0.0171470642089844
-0.0191535949707031 0.00883293151855469 -0.0161094665527344 0.0279083251953125
-0.0101470947265625 0.0182857513427734 0.00147438049316406 0.0267868041992188
0.00250434875488281 0.0177040100097656 0.010009765625 0.0151376724243164
0.013275146484375 0.014134407043457 0.0105476379394531 0.00755119323730469
0.0166788101196289 0.00825023651123047 0.00380182266235352 0.00530147552490234
0.0132427215576172 0.00760746002197266 -0.00302219390869141 0.00664329528808594
0.0154857635498047 0.00807094573974609 -0.0088043212890625 0.0098276138305664
0.0138492584228516 0.0124015808105469 -0.0152978897094727 0.00825214385986328
0.00626277923583985 0.0174465179443359 -0.0188102722167969 -0.000938415527343747
-0.004608154296875 0.0186653137207031 -0.0117654800415039 -0.00938796997070312
-0.0168132781982422 0.00958919525146484 0.00135231018066406 -0.00839853286743164
-0.0213985443115234 -0.00157356262207031 -0.00766181945800782 0.00699758529663086
-0.0268306732177734 -0.0119915008544922 -0.0304069519042969 0.00211715698242188
-0.0143594741821289 -0.0157289505004883 -0.0222015380859375 0.00557136535644531
-0.0175418853759766 -0.00671577453613281 -0.0337562561035156 0.0114421844482422
-0.0177440643310547 0.00275421142578125 -0.0212516784667969 0.024688720703125
-0.0131511688232422 0.0136308670043945 -0.00320243835449219 0.0234451293945312
-0.002044677734375 0.0159702301025391 0.00554180145263672 0.0114927291870117
0.00870418548583984 0.0154905319213867 0.00457143783569336 0.00448513031005859
0.0128641128540039 0.0111112594604492 -0.00374221801757812 0.00319147109985352
0.0106382369995117 0.00923919677734375 -0.00965976715087891 0.0049276351928711
0.0123395919799805 0.0101547241210938 -0.0139789581298828 0.00793743133544922
0.0101814270019531 0.0134925842285156 -0.017822265625 0.00571060180664063
0.00230693817138672 0.0162534713745117 -0.0193862915039062 -0.00234222412109375
-0.00704288482666016 0.0156669616699219 -0.0114946365356445 -0.00867366790771484
-0.0170307159423828 0.00523662567138672 -0.00113487243652344 -0.00564479827880859
-0.0170660018920898 -0.00701427459716797 -0.0127353668212891 0.00739097595214844
-0.019012451171875 -0.0168895721435547 -0.0345821380615234 -0.00204086303710938
-0.00101089477539062 -0.0132608413696289 -0.0250759124755859 -0.000738143920898436
-0.00487327575683594 -0.00933074951171875 -0.0360984802246094 0.00606155395507812
-0.0102081298828125 -0.00379371643066406 -0.0231971740722656 0.0210590362548828
-0.0111703872680664 0.00410556793212891 -0.00493621826171875 0.0181789398193359
-0.00497817993164062 0.00921916961669922 0.00248050689697266 0.00644826889038086
0.00156879425048828 0.0128145217895508 -0.00181066989898682 8.02278518676769E-05
0.00692367553710937 0.0119094848632813 -0.00972747802734375 8.5830688476562E-05
0.00621986389160156 0.0103511810302734 -0.0148162841796875 0.00304317474365234
0.00733757019042969 0.0111570358276367 -0.0178661346435547 0.00574302673339844
0.00573158264160156 0.0136213302612305 -0.0203647613525391 0.00351333618164063
-0.000449180603027343 0.0145483016967773 -0.0201568603515625 -0.00405693054199218
-0.00922203063964844 0.0133762359619141 -0.0109872817993164 -0.00965404510498047
-0.0169553756713867 9.05990600585947E-05 -0.0018000602722168 -0.00602006912231445
-0.0127372741699219 -0.0124845504760742 -0.0141143798828125 0.0056009292602539
-0.0100383758544922 -0.0204105377197266 -0.0366935729980469 -0.00569534301757812
0.0112934112548828 -0.00916194915771484 -0.0213794708251953 -0.00411224365234375
0.00795173645019531 -0.00911998748779297 -0.0321502685546875 0.00220870971679687
-0.000127792358398437 -0.00864791870117188 -0.0218982696533203 0.0175914764404297
-0.00624608993530274 -0.0050959587097168 -0.00462436676025391 0.0145902633666992
-0.0071253776550293 0.000159263610839844 0.00229310989379883 0.00317478179931641
-0.00597095489501953 0.00815153121948242 -0.00386857986450195 -0.00326824188232422
-0.000247001647949218 0.0108966827392578 -0.0128774642944336 -0.00291156768798828
0.000576972961425782 0.00945091247558594 -0.0177364349365234 0.000217437744140627
0.00177383422851562 0.00998115539550781 -0.0208854675292969 0.00237274169921875
0.00108528137207031 0.0112285614013672 -0.0220012664794922 -0.00129127502441406
-0.00263023376464844 0.0112619400024414 -0.0199260711669922 -0.00729179382324218
-0.00964641571044922 0.00919818878173828 -0.0109844207763672 -0.0114765167236328
-0.0151348114013672 -0.00353527069091797 -0.00311899185180664 -0.00800371170043945
-0.00696754455566406 -0.0156354904174805 -0.0149459838867187 -0.000248908996582032
-0.000234603881835939 -0.0213661193847656 -0.0345935821533203 -0.0118503570556641
-0.0151863098144531 0.0158491134643555 0.0309429168701172 0.0137729644775391
0.00675201416015625 0.0190010070800781 0.0134334564208984 0.0085897445678711
0.0117988586425781 0.00236415863037109 0.00297737121582031 0.0110301971435547
0.0083928108215332 -0.00380325317382813 0.0115175247192383 0.0167722702026367
0.00507783889770508 -0.00780296325683594 0.02044677734375 0.0115966796875
0.000197410583496094 -0.0114946365356445 0.0243396759033203 0.00228309631347656
-0.000592231750488282 -0.00921344757080078 0.0235919952392578 -0.000347137451171875
0.000689506530761718 -0.00861167907714844 0.0186290740966797 0.000823974609374999
0.00389957427978516 -0.0109434127807617 0.0123929977416992 0.00496578216552734
0.0109939575195313 -0.00519752502441406 0.00377845764160156 0.00658464431762695
0.0128498077392578 0.00539302825927734 -0.00389409065246582 -0.0024561882019043
0.00586891174316406 0.0127162933349609 0.00171566009521485 -0.0124931335449219
-0.00758171081542969 0.0140924453735352 0.021881103515625 -0.0149631500244141
-0.0169887542724609 0.0124244689941406 0.0289211273193359 -0.000347137451171874
-0.0264110565185547 0.00709724426269531 0.011012077331543 0.00746250152587891
-0.0243873596191406 0.00978660583496094 0.0242042541503906 0.0195140838623047
-0.00371932983398437 0.0178070068359375 0.00806903839111328 0.0147609710693359
0.0050506591796875 0.00718450546264648 0.00192737579345703 0.0169076919555664
0.00555801391601562 0.00313520431518555 0.0112819671630859 0.0212230682373047
0.00668764114379883 -0.000455856323242188 0.0210208892822266 0.0147457122802734
0.00649642944335938 -0.00544309616088867 0.0249099731445313 0.00555419921875
0.00714683532714844 -0.00574588775634766 0.0234565734863281 0.00251007080078125
0.00715732574462891 -0.00460577011108399 0.0175590515136719 0.00388431549072266
0.0108146667480469 -0.00609016418457031 0.00937271118164063 0.00800132751464844
0.0154628753662109 0.000796318054199219 0.000739574432373047 0.00860452651977539
0.0131216049194336 0.0125303268432617 -0.00800323486328125 -0.00144767761230469
0.00362777709960938 0.0193538665771484 -0.00313854217529297 -0.0118045806884766
-0.0141334533691406 0.0165262222290039 0.0161552429199219 -0.0154352188110352
-0.0250568389892578 0.0101051330566406 0.0200462341308594 4.38690185546881E-05
-0.033782958984375 0.00230789184570313 0.000635147094726561 0.00785493850708008
-0.0305728912353516 0.00115966796875 0.0127182006835937 0.0223751068115234
-0.0154647827148438 0.0140151977539063 -0.00110626220703125 0.0194416046142578
-0.00505256652832031 0.0110445022583008 -0.00137138366699219 0.0231494903564453
0.00115776062011719 0.0114870071411133 0.0107345581054688 0.0258216857910156
0.00767421722412109 0.00749969482421875 0.0196304321289063 0.0174961090087891
0.0122003555297852 0.00160980224609375 0.0237293243408203 0.00792121887207031
0.0137481689453125 -0.00163650512695313 0.0197601318359375 0.00464248657226563
0.0121545791625977 -6.77108764648438E-05 0.0134391784667969 0.00578975677490234
0.0156784057617188 -0.000885009765625 0.00529384613037109 0.00989341735839844
0.0176239013671875 0.00614738464355469 -0.00382709503173828 0.0101823806762695
0.0127706527709961 0.0160903930664063 -0.0124654769897461 -3.24249267578129E-05
0.00124931335449219 0.0224399566650391 -0.00797843933105469 -0.0109281539916992
-0.0169944763183594 0.017578125 0.00967979431152344 -0.0141448974609375
-0.0278987884521484 0.00759124755859375 0.00972652435302734 0.00225925445556641
-0.0370941162109375 -0.0017547607421875 -0.0110082626342773 0.00709819793701172
-0.0317840576171875 -0.00771331787109375 -0.00110435485839844 0.0207881927490234
-0.0243873596191406 0.00727272033691407 -0.0133380889892578 0.0221767425537109
-0.0147275924682617 0.0122861862182617 -0.00677299499511719 0.0280799865722656
-0.00506401062011719 0.0183048248291016 0.00723838806152344 0.0286064147949219
0.0062875747680664 0.015324592590332 0.0165271759033203 0.0180950164794922
0.0154218673706055 0.00894260406494141 0.0199337005615234 0.00886917114257813
0.0181026458740234 0.00386428833007813 0.0136661529541016 0.00568199157714844
0.0151872634887695 0.00405597686767578 0.00656318664550781 0.00695466995239258
0.0178394317626953 0.00391960144042969 -0.000717163085937499 0.0110855102539062
0.0179996490478516 0.0103225708007813 -0.00826740264892578 0.0104970932006836
0.0103855133056641 0.0181236267089844 -0.015406608581543 0.00110816955566407
-0.00101852416992187 0.022552490234375 -0.0110111236572266 -0.00893783569335937
-0.0173845291137695 0.0153570175170898 0.00396823883056641 -0.01116943359375
-0.0272102355957031 0.00400352478027344 0.000231742858886717 0.0051884651184082
-0.0352706909179688 -0.00656890869140625 -0.0211772918701172 0.00666046142578125
-0.0272731781005859 -0.0145835876464844 -0.0142831802368164 0.0156526565551758
-0.0268611907958984 -0.00109481811523437 -0.0257053375244141 0.0208225250244141
-0.0211315155029297 0.00954437255859375 -0.0134925842285156 0.0294952392578125
-0.0107631683349609 0.0204238891601563 0.00331306457519531 0.0278453826904297
0.00308990478515625 0.0198631286621094 0.0119113922119141 0.0159120559692383
0.0149478912353516 0.0151214599609375 0.0128049850463867 0.00714683532714844
0.0188331604003906 0.00837326049804688 0.00522041320800781 0.00536727905273438
0.0154905319213867 0.00794792175292969 -0.00112390518188476 0.00708103179931641
0.0178375244140625 0.00827598571777344 -0.00657463073730468 0.0110979080200195
0.0160284042358398 0.0133857727050781 -0.0125293731689453 0.0101423263549805
0.00777244567871094 0.0192375183105469 -0.0183181762695313 0.00156211853027344
-0.00402641296386719 0.0213356018066406 -0.0120420455932617 -0.00710487365722656
-0.0186195373535156 0.0113868713378906 0.000790119171142577 -0.00768518447875976
-0.0248394012451172 -0.000720977783203127 -0.00679397583007813 0.00865793228149414
-0.0305805206298828 -0.0122852325439453 -0.0304393768310547 0.00535583496093749
-0.0166206359863281 -0.0180072784423828 -0.0229778289794922 0.00898933410644531
-0.0206832885742188 -0.00822067260742188 -0.0339736938476563 0.0150966644287109
-0.0201416015625 0.00330924987792969 -0.0194644927978516 0.0266227722167969
-0.0142860412597656 0.0153598785400391 -0.00164222717285156 0.0240726470947266
-0.00154685974121094 0.0184650421142578 0.00684070587158203 0.0115756988525391
0.0108699798583984 0.0176773071289063 0.00523138046264649 0.00454092025756836
0.0163297653198242 0.0112972259521484 -0.00284624099731445 0.00340509414672852
0.0134916305541992 0.0101718902587891 -0.00860691070556641 0.00557470321655274
0.0150527954101563 0.0108938217163086 -0.0127105712890625 0.0085000991821289
0.0128002166748047 0.0151033401489258 -0.0162601470947266 0.00682353973388672
0.00393295288085938 0.0186595916748047 -0.0186290740966797 -0.000850677490234377
-0.00707244873046875 0.0186252593994141 -0.0113315582275391 -0.00688838958740234
-0.0189361572265625 0.00650215148925781 -0.000999450683593751 -0.00485467910766602
-0.0210990905761719 -0.00724792480468751 -0.0124273300170898 0.00912761688232422
-0.0226306915283203 -0.0181713104248047 -0.0357894897460937 0.00102233886718751
-0.00276470184326172 -0.0166664123535156 -0.0272655487060547 0.00134849548339844
-0.00774860382080078 -0.0124101638793945 -0.0370941162109375 0.00940704345703126
-0.0134258270263672 -0.00438404083251953 -0.0220985412597656 0.0231151580810547
-0.0133285522460938 0.00618267059326172 -0.00368499755859375 0.01849365234375
-0.00585174560546875 0.0113821029663086 0.00300502777099609 0.00564813613891602
0.0030517578125 0.0155220031738281 -0.00178444385528564 -0.000104069709777831
0.00971031188964844 0.0133256912231445 -0.0100584030151367 0.000839233398437501
0.00913810729980469 0.0116109848022461 -0.0148191452026367 0.00368595123291015
0.0102624893188477 0.0118808746337891 -0.0174465179443359 0.00684070587158203
0.00847530364990234 0.0151567459106445 -0.0195655822753906 0.00392913818359375
0.000944137573242186 0.0168428421020508 -0.0198936462402344 -0.00291633605957031
-0.00922870635986328 0.0161495208740234 -0.0113773345947266 -0.0086517333984375
-0.0195217132568359 0.002044677734375 -0.00181961059570313 -0.00502204895019531
-0.0168781280517578 -0.013463020324707 -0.0145225524902344 0.00754833221435547
-0.0137977600097656 -0.0226955413818359 -0.0389022827148438 -0.00388336181640626
0.0115127563476563 -0.0136184692382813 -0.0234909057617188 -0.00333213806152343
0.00638771057128906 -0.0129985809326172 -0.0339984893798828 0.00438880920410157
-0.00229549407958984 -0.0103120803833008 -0.0210838317871094 0.0191059112548828
-0.00875234603881836 -0.00457477569580078 -0.00321388244628906 0.0146541595458984
-0.00844192504882813 0.00281333923339844 0.00258898735046387 0.00206804275512695
-0.0048685073852539 0.0103445053100586 -0.00465726852416992 -0.00405025482177734
0.00221061706542969 0.0123453140258789 -0.0140590667724609 -0.00254631042480468
0.00300121307373047 0.0104436874389648 -0.018768310546875 0.00139045715332032
0.00464153289794922 0.0109853744506836 -0.021484375 0.00291061401367187
0.00377082824707031 0.0129165649414063 -0.0222587585449219 -0.000755310058593746
-0.00121498107910156 0.0130577087402344 -0.020660400390625 -0.00628089904785156
-0.00984382629394531 0.0121860504150391 -0.0114278793334961 -0.011042594909668
-0.0175180435180664 -0.00180625915527343 -0.00328683853149414 -0.0075230598449707
-0.0107564926147461 -0.0165510177612305 -0.0160961151123047 0.000970840454101564
-0.00316429138183594 -0.0239372253417969 -0.037200927734375 -0.0113601684570313
-0.0129575729370117 0.0174179077148438 0.0338935852050781 0.01385498046875
0.00990486145019531 0.0182132720947266 0.0159835815429688 0.00758457183837891
0.0126314163208008 0.000529289245605469 0.00387287139892578 0.0105419158935547
0.00796031951904297 -0.00605678558349609 0.0115976333618164 0.0169401168823242
0.00371742248535156 -0.00885295867919922 0.0210475921630859 0.0116443634033203
-0.00196647644042969 -0.0117759704589844 0.0249671936035156 0.002166748046875
-0.00193214416503906 -0.00931549072265625 0.0250473022460937 -0.00119400024414063
-0.00090932846069336 -0.00827360153198242 0.0201778411865234 0.000171661376953124
0.00217533111572266 -0.0117549896240234 0.0147609710693359 0.00473880767822266
0.0102787017822266 -0.00721359252929688 0.00589799880981445 0.00708532333374023
0.0137434005737305 0.00316047668457031 -0.00351500511169434 -0.00101637840270996
0.0083465576171875 0.0118427276611328 0.000969886779785156 -0.0117301940917969
-0.00565624237060547 0.0159730911254883 0.0208301544189453 -0.015655517578125
-0.0160055160522461 0.0158824920654297 0.0304908752441406 -0.00144767761230469
-0.0259799957275391 0.0106887817382813 0.0135936737060547 0.00798892974853516
-0.0234737396240234 0.0114803314208984 0.0271244049072266 0.0200424194335937
-0.00246620178222656 0.0179004669189453 0.0107402801513672 0.0146560668945313
0.00532865524291992 0.00579214096069336 0.00333786010742187 0.0164957046508789
0.00539684295654297 0.00235462188720703 0.0123844146728516 0.0213699340820313
0.00586271286010742 -0.0012516975402832 0.0224380493164063 0.0149974822998047
0.00502777099609375 -0.00580167770385742 0.0268630981445312 0.00539207458496094
0.00628042221069336 -0.00577354431152344 0.0255031585693359 0.00173377990722656
0.00641107559204102 -0.00485754013061524 0.0198745727539063 0.00272369384765625
0.00966835021972656 -0.00695705413818359 0.0127620697021484 0.00802707672119141
0.0153541564941406 -0.000399589538574219 0.00329208374023438 0.00955867767333985
0.0141115188598633 0.0110549926757813 -0.00706195831298828 0.000750064849853517
0.00514793395996093 0.0194797515869141 -0.00345611572265625 -0.0100269317626953
-0.0128192901611328 0.0185928344726562 0.0148582458496094 -0.0154247283935547
-0.0251102447509766 0.0131149291992188 0.0212478637695313 -0.000263214111328124
-0.0345249176025391 0.00582885742187499 0.00322723388671875 0.00967216491699219
-0.0307407379150391 0.00255966186523437 0.0163936614990234 0.0240325927734375
-0.0148077011108398 0.0145235061645508 0.00217819213867188 0.0203189849853516
-0.00468730926513672 0.0107593536376953 0.000623703002929685 0.0230998992919922
0.000787734985351562 0.0116519927978516 0.0113716125488281 0.0258617401123047
0.00698423385620117 0.00783920288085938 0.0213794708251953 0.0179004669189453
0.0115890502929688 0.00168704986572266 0.0261974334716797 0.00698471069335937
0.0139169692993164 -0.00172233581542969 0.022216796875 0.00394439697265625
0.0125465393066406 -0.000524520874023438 0.0158720016479492 0.00516414642333984
0.0157260894775391 -0.00110912322998047 0.00807666778564453 0.010162353515625
0.0185890197753906 0.00555801391601563 -0.00127887725830078 0.0112533569335938
0.0137367248535156 0.0162467956542969 -0.0106849670410156 0.00229835510253906
0.00249481201171875 0.0230064392089844 -0.00737285614013672 -0.0086827278137207
-0.0162601470947266 0.0189781188964844 0.00888252258300781 -0.0141105651855469
-0.0290718078613281 0.0103416442871094 0.0109586715698242 0.00257015228271484
-0.0381851196289063 0.000545501708984372 -0.00876712799072266 0.00981330871582032
-0.0334987640380859 -0.00750732421874999 0.00156784057617187 0.02325439453125
-0.0256519317626953 0.00768089294433594 -0.0102291107177734 0.0236473083496094
-0.0151882171630859 0.0128917694091797 -0.00472450256347656 0.0282611846923828
-0.00499725341796875 0.0193386077880859 0.00874900817871094 0.0287952423095703
0.00668716430664063 0.0162143707275391 0.0184097290039063 0.0180912017822266
0.0164585113525391 0.00951385498046875 0.0219211578369141 0.00831031799316406
0.0194568634033203 0.0033416748046875 0.0157766342163086 0.00504779815673828
0.0164451599121094 0.00414085388183594 0.00887298583984375 0.0066070556640625
0.0193748474121094 0.0038909912109375 0.00222301483154297 0.0108127593994141
0.0194664001464844 0.0103530883789063 -0.0057373046875 0.0114507675170898
0.0118598937988281 0.0192470550537109 -0.0139932632446289 0.00284099578857422
0.000165939331054689 0.0242519378662109 -0.0102100372314453 -0.0065155029296875
-0.018035888671875 0.0176944732666016 0.00375938415527344 -0.010676383972168
-0.0295925140380859 0.00606155395507813 0.00176334381103515 0.00623512268066406
-0.0377845764160156 -0.00513839721679688 -0.0196247100830078 0.00998306274414063
-0.0300331115722656 -0.0154533386230469 -0.01275634765625 0.0188636779785156
-0.0292491912841797 -0.0007781982421875 -0.0232353210449219 0.0226097106933594
-0.0226306915283203 0.0107345581054688 -0.0115623474121094 0.0301494598388672
-0.0112171173095703 0.0223236083984375 0.00426483154296875 0.028076171875
0.00364494323730469 0.0212516784667969 0.0130405426025391 0.0155353546142578
0.0168190002441406 0.0156393051147461 0.0142555236816406 0.00698566436767578
0.0214729309082031 0.00805282592773438 0.00706672668457031 0.00491905212402344
0.0178260803222656 0.00798225402832031 0.000714778900146485 0.00702905654907227
0.0198287963867188 0.0080718994140625 -0.00465011596679687 0.0109167098999023
0.0183525085449219 0.0138740539550781 -0.0102167129516602 0.0106697082519531
0.00893783569335938 0.0206680297851563 -0.015960693359375 0.00292778015136719
-0.00304031372070313 0.0235214233398438 -0.0107622146606445 -0.00575923919677734
-0.0196914672851563 0.013641357421875 0.00123023986816406 -0.00637531280517578
-0.0279941558837891 -5.14984130859352E-05 -0.00544357299804688 0.0102014541625977
-0.0341110229492188 -0.0114974975585938 -0.0292472839355469 0.00821304321289062
-0.0194587707519531 -0.0204143524169922 -0.02252197265625 0.0117588043212891
-0.0243453979492188 -0.00930213928222656 -0.0328865051269531 0.0176258087158203
-0.0231761932373047 0.0040130615234375 -0.0174617767333984 0.0278091430664063
-0.0153980255126953 0.0179615020751953 -0.000652313232421874 0.0245475769042969
-0.00131034851074219 0.0207767486572266 0.00725460052490234 0.0116376876831055
0.0132007598876953 0.0186252593994141 0.00640010833740234 0.00406360626220703
0.018951416015625 0.0117931365966797 -0.00216484069824219 0.00337719917297363
0.0162439346313477 0.0102577209472656 -0.00773191452026367 0.00565433502197266
0.0181636810302734 0.01080322265625 -0.0111932754516602 0.00874805450439453
0.0155982971191406 0.0160989761352539 -0.0148210525512695 0.00707626342773437
0.00564956665039063 0.0205955505371094 -0.0171051025390625 0.000297546386718752
-0.00658035278320313 0.0214500427246094 -0.0101003646850586 -0.00581741333007812
-0.0210723876953125 0.009002685546875 -0.000431060791015626 -0.00401639938354492
-0.0251235961914063 -0.00697135925292969 -0.0113630294799805 0.0105772018432617
-0.0262603759765625 -0.0184879302978516 -0.0358619689941406 0.00370407104492188
-0.00507354736328125 -0.0199699401855469 -0.0282115936279297 0.003753662109375
-0.0111541748046875 -0.0142393112182617 -0.0374488830566406 0.0118446350097656
-0.0160512924194336 -0.00405502319335938 -0.0204944610595703 0.0242500305175781
-0.0151052474975586 0.00828075408935547 -0.00289154052734375 0.0191020965576172
-0.00546836853027344 0.0140266418457031 0.00336980819702148 0.00560760498046875
0.00527763366699219 0.0178050994873047 -0.00176584720611572 -0.000326275825500487
0.0131626129150391 0.0136871337890625 -0.0104999542236328 0.00107097625732422
0.0119686126708984 0.0113964080810547 -0.0147562026977539 0.00466632843017578
0.0132999420166016 0.0121660232543945 -0.0170965194702148 0.00686454772949219
0.0112943649291992 0.015965461730957 -0.0192127227783203 0.00402259826660157
0.002532958984375 0.0189342498779297 -0.0191135406494141 -0.00224494934082031
-0.00840950012207031 0.0191459655761719 -0.0104837417602539 -0.00783920288085937
-0.0217494964599609 0.0045623779296875 -0.00152015686035156 -0.00422024726867676
-0.0204620361328125 -0.0128898620605469 -0.014317512512207 0.0086812973022461
-0.0174102783203125 -0.023345947265625 -0.0396308898925781 -0.00183486938476563
0.00982570648193359 -0.0169582366943359 -0.0259685516357422 -0.00224685668945312
0.003509521484375 -0.015925407409668 -0.0345687866210937 0.00635528564453125
-0.00519180297851562 -0.0110578536987305 -0.0196590423583984 0.0203437805175781
-0.0109796524047852 -0.00304508209228516 -0.00248813629150391 0.0142402648925781
-0.00895786285400391 0.00481796264648437 0.00220012664794922 0.00146102905273438
-0.00257205963134766 0.012913703918457 -0.00561714172363281 -0.00414419174194336
0.00490570068359375 0.0129299163818359 -0.0154199600219727 -0.00210094451904297
0.00558948516845703 0.0112504959106445 -0.0200481414794922 0.00218582153320312
0.0075225830078125 0.0113868713378906 -0.0220775604248047 0.00363540649414062
0.00634956359863281 0.013575553894043 -0.02239990234375 -0.000438690185546871
0.000614166259765625 0.0151586532592773 -0.0203361511230469 -0.00631332397460937
-0.00892353057861328 0.0144500732421875 -0.0110311508178711 -0.0105571746826172
-0.0190372467041016 0.000585556030273434 -0.00326776504516602 -0.00678253173828125
-0.0146284103393555 -0.0165519714355469 -0.0171442031860352 0.00219535827636719
-0.00665473937988282 -0.0252914428710938 -0.0392036437988281 -0.0104751586914063
-0.0107460021972656 0.0186595916748047 0.0369453430175781 0.0140762329101562
0.0120820999145508 0.0174074172973633 0.0176239013671875 0.00648689270019531
0.0126104354858398 -0.00135421752929688 0.00359344482421875 0.0104169845581055
0.00723886489868164 -0.00752353668212891 0.0117511749267578 0.0176887512207031
0.00191879272460937 -0.00982284545898438 0.0224132537841797 0.0120201110839844
-0.00416278839111328 -0.0114374160766602 0.0266361236572266 0.00274085998535156
-0.00374650955200195 -0.00846099853515625 0.027191162109375 -0.00160026550292969
-0.00216197967529297 -0.00761795043945313 0.0227489471435547 -0.0004425048828125
0.000158309936523438 -0.0117778778076172 0.0169897079467773 0.00432205200195312
0.00877857208251953 -0.00858068466186523 0.00780820846557617 0.00752782821655273
0.0144462585449219 0.00145721435546875 -0.00226950645446777 0.000396966934204101
0.0102634429931641 0.0110893249511719 0.00157070159912109 -0.0100288391113281
-0.00300025939941406 0.0173416137695313 0.0202751159667969 -0.0155467987060547
-0.0144367218017578 0.0183887481689453 0.0316066741943359 -0.00258636474609375
-0.0248394012451172 0.0144729614257813 0.0164451599121094 0.00858592987060547
-0.0217933654785156 0.0123062133789063 0.0304431915283203 0.0213756561279297
-0.000476837158203124 0.017521858215332 0.0132064819335937 0.0136613845825195
0.00508213043212891 0.00453948974609375 0.00417423248291016 0.0158376693725586
0.00471973419189453 0.00118541717529297 0.0130500793457031 0.0222301483154297
0.0047149658203125 -0.00131320953369141 0.0234870910644531 0.0155315399169922
0.00353002548217773 -0.00538015365600586 0.0291309356689453 0.00513076782226563
0.00564813613891602 -0.00539970397949219 0.0280513763427734 0.000852584838867187
0.0058741569519043 -0.0045475959777832 0.0220222473144531 0.00208854675292969
0.00918674468994141 -0.00690078735351563 0.0153188705444336 0.00708675384521484
0.0150947570800781 -0.00137424468994141 0.00597286224365234 0.0101165771484375
0.015167236328125 0.0103673934936523 -0.00552558898925781 0.00221967697143555
0.00670623779296875 0.0190792083740234 -0.00252246856689453 -0.00808477401733398
-0.0118865966796875 0.0199623107910156 0.0146751403808594 -0.0145502090454102
-0.0249671936035156 0.0157985687255859 0.0228195190429688 -0.000455856323242186
-0.0349216461181641 0.0083904266357422 0.00592613220214844 0.0105485916137695
-0.0313014984130859 0.00313377380371093 0.0195903778076172 0.0254936218261719
-0.0150671005249023 0.0143985748291016 0.00457954406738281 0.0206775665283203
-0.00561618804931641 0.0105915069580078 0.00174713134765625 0.0224723815917969
0.000141143798828126 0.0120849609375 0.0121784210205078 0.0267620086669922
0.00653600692749024 0.00806188583374023 0.0228176116943359 0.0180473327636719
0.0113897323608398 0.00203418731689453 0.0283489227294922 0.00704383850097656
0.0142507553100586 -0.00156974792480469 0.0247020721435547 0.00299453735351563
0.0131673812866211 -6.67572021484375E-06 0.0182209014892578 0.00388717651367188
0.0162029266357422 -0.00123786926269531 0.0113897323608398 0.00920391082763672
0.0192127227783203 0.00543975830078125 0.00193309783935547 0.01165771484375
0.0150775909423828 0.0165138244628906 -0.00892257690429687 0.00409698486328125
0.00381660461425781 0.0240955352783203 -0.00654315948486328 -0.00707149505615234
-0.0167655944824219 0.0208053588867188 0.00899505615234375 -0.0129423141479492
-0.0303020477294922 0.0123329162597656 0.0124969482421875 0.00268840789794922
-0.0402984619140625 0.00270462036132812 -0.00623321533203125 0.0116920471191406
-0.0361099243164063 -0.00713348388671875 0.00426864624023437 0.0249710083007813
-0.0273628234863281 0.00813102722167969 -0.00803184509277344 0.0242843627929688
-0.0169200897216797 0.013392448425293 -0.00357627868652344 0.0282363891601563
-0.00572586059570313 0.0206050872802734 0.00965690612792969 0.0292701721191406
0.00672721862792969 0.0173788070678711 0.0197296142578125 0.0185222625732422
0.0172414779663086 0.00977516174316406 0.0238876342773438 0.00776100158691406
0.0206317901611328 0.00308418273925781 0.0181884765625 0.00442886352539062
0.0184135437011719 0.00445365905761719 0.0108413696289063 0.00583934783935547
0.0209789276123047 0.00411033630371094 0.00465202331542969 0.00999164581298828
0.0209426879882813 0.0107860565185547 -0.00295352935791016 0.0116357803344727
0.0132579803466797 0.0200920104980469 -0.0121564865112305 0.00408935546875
0.000963211059570311 0.02587890625 -0.00922489166259766 -0.00469684600830078
-0.0189208984375 0.0190639495849609 0.00446033477783203 -0.00929069519042968
-0.0320873260498047 0.00740432739257812 0.00327253341674804 0.00696706771850586
-0.040252685546875 -0.00400161743164063 -0.0178642272949219 0.0119190216064453
-0.0332717895507813 -0.01580810546875 -0.0107231140136719 0.0213241577148438
-0.0323162078857422 -0.000745773315429687 -0.0219287872314453 0.0241470336914062
-0.0248775482177734 0.0117721557617187 -0.0104827880859375 0.0299530029296875
-0.0120677947998047 0.024261474609375 0.00507736206054688 0.0284900665283203
0.00461959838867188 0.0230922698974609 0.0145187377929687 0.0157270431518555
0.0193843841552734 0.0167160034179688 0.0158472061157227 0.006439208984375
0.0239658355712891 0.00765419006347656 0.00856161117553711 0.0047149658203125
0.0203399658203125 0.00823020935058594 0.00229310989379883 0.0060887336730957
0.022369384765625 0.00854682922363281 -0.00320625305175781 0.0102987289428711
0.0206985473632813 0.0149288177490234 -0.00820732116699218 0.0101823806762695
0.0110740661621094 0.0226364135742188 -0.0144739151000977 0.00380229949951172
-0.00198173522949219 0.0259132385253906 -0.00932216644287109 -0.00435161590576172
-0.0212917327880859 0.0158958435058594 0.00212240219116211 -0.00613069534301758
-0.0314350128173828 0.0010528564453125 -0.00423622131347657 0.0110492706298828
-0.03729248046875 -0.0112075805664062 -0.0285091400146484 0.0105476379394531
-0.023284912109375 -0.0220012664794922 -0.0224132537841797 0.0143985748291016
-0.0281391143798828 -0.00940513610839843 -0.0323677062988281 0.0195446014404297
-0.0256690979003906 0.00497817993164062 -0.0166091918945312 0.0284023284912109
-0.0168209075927734 0.0205860137939453 0.000122070312499997 0.0247421264648438
-0.000387191772460938 0.0235805511474609 0.00831699371337891 0.0118503570556641
0.0157394409179688 0.0197715759277344 0.00728273391723633 0.00355005264282227
0.0220546722412109 0.0112667083740234 -0.00160765647888184 0.00333142280578613
0.0190067291259766 0.0103073120117188 -0.0070347785949707 0.00587844848632813
0.0207347869873047 0.0109081268310547 -0.0108041763305664 0.00829982757568359
0.0186653137207031 0.0165996551513672 -0.0136470794677734 0.00656700134277344
0.00744247436523437 0.0225543975830078 -0.0163459777832031 0.000131607055664064
-0.00570487976074219 0.0244083404541016 -0.00890350341796875 -0.0052042007446289
-0.0224418640136719 0.0109405517578125 0.000105619430541991 -0.00376367568969726
-0.0289039611816406 -0.00543022155761718 -0.0102376937866211 0.0117921829223633
-0.0302677154541016 -0.0187320709228516 -0.0356521606445313 0.00531005859375
-0.00862693786621094 -0.0226879119873047 -0.0293788909912109 0.00604248046875
-0.0150127410888672 -0.0156354904174805 -0.0370941162109375 0.0132408142089844
-0.0191688537597656 -0.00400352478027344 -0.0196743011474609 0.0242099761962891
-0.0166091918945313 0.0103292465209961 -0.00311851501464844 0.0187969207763672
-0.00466537475585938 0.0170574188232422 0.00313949584960938 0.00567626953125
0.00848197937011719 0.0189628601074219 -0.00134539604187012 -0.000475287437438964
0.0160646438598633 0.0132656097412109 -0.0110769271850586 0.00126552581787109
0.0143566131591797 0.0115604400634766 -0.0152616500854492 0.00515079498291016
0.016510009765625 0.0123691558837891 -0.0180530548095703 0.00642013549804687
0.0139741897583008 0.016688346862793 -0.0188522338867188 0.00317001342773437
0.00474166870117187 0.0205802917480469 -0.0182342529296875 -0.00241470336914062
-0.0076751708984375 0.0218353271484375 -0.00992488861083985 -0.00743389129638672
-0.0228080749511719 0.00671768188476562 -0.000737190246582033 -0.00453853607177734
-0.0244693756103516 -0.0121383666992187 -0.0139150619506836 0.0097646713256836
-0.0212192535400391 -0.0238742828369141 -0.0408134460449219 -0.00118255615234375
0.00767135620117188 -0.0203037261962891 -0.0278072357177734 -0.00121688842773438
0.000749588012695314 -0.0176925659179688 -0.0358047485351563 0.00759124755859376
-0.00788116455078125 -0.0119476318359375 -0.0187435150146484 0.0202178955078125
-0.0129165649414063 -0.00137710571289063 -0.00294303894042969 0.0135412216186523
-0.00875616073608399 0.00781106948852539 0.0011824369430542 0.000413298606872559
8.01086425781247E-05 0.0145626068115234 -0.00701570510864258 -0.0042572021484375
0.00766849517822266 0.0130043029785156 -0.0169582366943359 -0.00129795074462891
0.00815677642822266 0.0101785659790039 -0.0211925506591797 0.00333595275878906
0.00990009307861328 0.0109004974365234 -0.0231494903564453 0.00415420532226562
0.00865840911865235 0.0135669708251953 -0.0234451293945312 -0.00102806091308593
0.00226402282714844 0.0163612365722656 -0.0206470489501953 -0.00643157958984375
-0.00773048400878906 0.016514778137207 -0.0107345581054687 -0.0105886459350586
-0.0203151702880859 0.00294876098632812 -0.00299215316772461 -0.0067286491394043
-0.0177211761474609 -0.0161418914794922 -0.0179767608642578 0.00318717956542969
-0.0104808807373047 -0.0261421203613281 -0.0413703918457031 -0.0105438232421875
-0.00852584838867188 0.0195331573486328 0.0404853820800781 0.0137138366699219
0.0144367218017578 0.0162687301635742 0.01947021484375 0.00545692443847656
0.0134983062744141 -0.00301265716552734 0.00429153442382813 0.00982284545898438
0.00650215148925781 -0.00892448425292969 0.0120353698730469 0.0184116363525391
0.000497817993164062 -0.00996589660644531 0.0239009857177734 0.0132694244384766
-0.00667095184326172 -0.0110692977905273 0.0286045074462891 0.00254440307617187
-0.00506830215454102 -0.00801324844360351 0.0297985076904297 -0.00281715393066406
-0.00316524505615234 -0.00723457336425781 0.0249156951904297 -0.00148391723632813
-0.00204944610595703 -0.0115165710449219 0.0192012786865234 0.00323486328125
0.00742244720458984 -0.00985908508300781 0.0104455947875977 0.00749301910400391
0.0138139724731445 -0.000387191772460937 -0.000873804092407226 0.00141751766204834
0.0112323760986328 0.00989437103271484 0.00213527679443359 -0.00884723663330078
-0.0013275146484375 0.0178508758544922 0.0207653045654297 -0.0157928466796875
-0.0123729705810547 0.0211009979248047 0.0340061187744141 -0.00361442565917969
-0.0238780975341797 0.0171394348144531 0.0199222564697266 0.00862503051757813
-0.0216464996337891 0.013214111328125 0.0347652435302734 0.0217628479003906
-0.000354766845703125 0.0168771743774414 0.0156831741333008 0.0135211944580078
0.00458049774169922 0.00392246246337891 0.00460147857666016 0.0159578323364258
0.00372195243835449 0.00100946426391602 0.0137252807617188 0.0230693817138672
0.00394177436828613 -0.00132298469543457 0.0253448486328125 0.0166530609130859
0.00308847427368164 -0.00514459609985352 0.0314865112304688 0.00501823425292969
0.00522089004516602 -0.00522327423095703 0.0309982299804688 -0.000507354736328125
0.00559616088867188 -0.00403833389282227 0.0246295928955078 0.000545501708984375
0.00860261917114258 -0.00659799575805664 0.0183162689208984 0.00580215454101562
0.0148229598999023 -0.00176429748535156 0.008941650390625 0.0102119445800781
0.0157613754272461 0.00952339172363281 -0.00298404693603515 0.00370287895202637
0.00800132751464844 0.0191097259521484 -0.00167369842529297 -0.00663614273071289
-0.0106601715087891 0.0214481353759766 0.0151433944702148 -0.0149927139282227
-0.0253486633300781 0.0180454254150391 0.0251960754394531 -0.000909805297851562
-0.0352745056152344 0.0118446350097656 0.00924205780029297 0.0117521286010742
-0.0332050323486328 0.00379180908203125 0.0233135223388672 0.0269374847412109
-0.0157365798950195 0.0154438018798828 0.00725173950195312 0.0198802947998047
-0.00602245330810547 0.0103168487548828 0.00203514099121094 0.0229034423828125
-0.000367164611816406 0.0125560760498047 0.0138530731201172 0.0280380249023438
0.00695991516113281 0.00928688049316406 0.0249366760253906 0.0189151763916016
0.0119533538818359 0.00287818908691406 0.0306072235107422 0.00654029846191406
0.0147151947021484 -0.00123310089111328 0.0277729034423828 0.00182723999023438
0.0145120620727539 0.000203132629394531 0.0207290649414063 0.0028228759765625
0.0169010162353516 -0.0014495849609375 0.0138349533081055 0.00835609436035156
0.0201416015625 0.00517463684082031 0.00469684600830078 0.0117425918579102
0.0160846710205078 0.0170497894287109 -0.00652599334716797 0.00479936599731445
0.004608154296875 0.0253410339355469 -0.00566673278808594 -0.00526666641235351
-0.0161552429199219 0.0231056213378906 0.00916099548339844 -0.0126619338989258
-0.0319633483886719 0.0150241851806641 0.0149402618408203 0.00288867950439453
-0.0421600341796875 0.00509262084960938 -0.00313377380371094 0.013641357421875
-0.038787841796875 -0.00733184814453124 0.00772285461425781 0.0274295806884766
-0.0295791625976563 0.00922775268554687 -0.00619125366210937 0.02508544921875
-0.0185623168945313 0.0147705078125 -0.00255584716796875 0.0285453796386719
-0.00647735595703125 0.0228996276855469 0.0105361938476563 0.0305938720703125
0.00738716125488281 0.0188312530517578 0.021484375 0.0191879272460938
0.0193157196044922 0.0109214782714844 0.0260295867919922 0.00682830810546875
0.0223617553710937 0.002960205078125 0.0197181701660156 0.00308609008789063
0.0200004577636719 0.00432586669921875 0.0132045745849609 0.00427913665771484
0.0230350494384766 0.00400924682617187 0.00641250610351563 0.0096282958984375
0.0236568450927734 0.0116081237792969 -0.000231742858886718 0.0112581253051758
0.0152549743652344 0.0217933654785156 -0.00970077514648438 0.00409793853759766
0.00201225280761719 0.0282573699951172 -0.0074000358581543 -0.00436258316040039
-0.0199241638183594 0.0221595764160156 0.00506973266601562 -0.009033203125
-0.0350093841552734 0.00992012023925781 0.00512504577636719 0.00762033462524414
-0.0437049865722656 -0.00200271606445313 -0.0158405303955078 0.0135707855224609
-0.0374526977539063 -0.0163078308105469 -0.00919723510742188 0.0235481262207031
-0.0361862182617188 -3.0517578125003E-05 -0.0206127166748047 0.0256023406982422
-0.0272006988525391 0.0136337280273438 -0.00958824157714844 0.0306053161621094
-0.0126857757568359 0.0271244049072266 0.00583648681640625 0.030029296875
0.00511550903320312 0.0251045227050781 0.0155582427978516 0.0164937973022461
0.0218067169189453 0.0174293518066406 0.0175371170043945 0.00549793243408203
0.0264644622802734 0.007293701171875 0.00969791412353516 0.00390148162841797
0.0231819152832031 0.00773429870605469 0.00320816040039063 0.00606775283813477
0.0254497528076172 0.00821304321289063 -0.00141143798828125 0.00932121276855469
0.0235824584960938 0.0153026580810547 -0.00695133209228516 0.00970554351806641
0.0130672454833984 0.02423095703125 -0.0125064849853516 0.00378036499023438
-0.00095176696777344 0.0290317535400391 -0.0083155632019043 -0.00414562225341797
-0.0228729248046875 0.0185317993164063 0.00335168838500976 -0.00569009780883789
-0.0350322723388672 0.00322914123535157 -0.00220966339111328 0.0122861862182617
-0.0418586730957031 -0.0103340148925781 -0.02734375 0.0122013092041016
-0.0275592803955078 -0.0230216979980469 -0.0225315093994141 0.0165328979492188
-0.0330791473388672 -0.00917816162109375 -0.0323257446289063 0.021484375
-0.0288658142089844 0.00677871704101562 -0.0164394378662109 0.029083251953125
-0.0173625946044922 0.0236263275146484 0.000295639038085939 0.0257396697998047
0.000518798828124998 0.0259952545166016 0.00876903533935547 0.0115423202514648
0.0189056396484375 0.0211334228515625 0.00786876678466797 0.0030508041381836
0.0247516632080078 0.0107212066650391 -0.000965356826782225 0.00318598747253418
0.0217552185058594 0.009796142578125 -0.0068974494934082 0.00561428070068359
0.0243110656738281 0.0111293792724609 -0.0105962753295898 0.00779247283935547
0.0221996307373047 0.0169353485107422 -0.0127735137939453 0.00639820098876953
0.0103626251220703 0.024871826171875 -0.0151891708374023 9.15527343749983E-05
-0.0042724609375 0.0275325775146484 -0.00851202011108398 -0.00545644760131836
-0.0243606567382813 0.0140933990478516 0.00150227546691894 -0.00358986854553223
-0.032989501953125 -0.00413894653320313 -0.00939083099365235 0.0130472183227539
-0.0349845886230469 -0.0178108215332031 -0.0361137390136719 0.00703048706054687
-0.0119400024414062 -0.0251579284667969 -0.0307483673095703 0.00753974914550781
-0.0197887420654297 -0.0160923004150391 -0.0393028259277344 0.0151901245117187
-0.0220203399658203 -0.00254058837890625 -0.0194911956787109 0.0255699157714844
-0.0179100036621094 0.0136260986328125 -0.0025634765625 0.0188274383544922
-0.00417327880859375 0.0197010040283203 0.00286960601806641 0.00493288040161133
0.0117588043212891 0.0206432342529297 -0.00209081172943115 -0.00100243091583252
0.0188751220703125 0.0128917694091797 -0.0123872756958008 0.0019683837890625
0.0172872543334961 0.0107803344726563 -0.0159702301025391 0.00530624389648438
0.0197734832763672 0.0124187469482422 -0.0184822082519531 0.00724983215332031
0.016937255859375 0.0166454315185547 -0.0197925567626953 0.00323104858398437
0.00766944885253906 0.0219879150390625 -0.0187759399414063 -0.00350761413574219
-0.00551605224609375 0.0248069763183594 -0.0100278854370117 -0.00875759124755859
-0.0246315002441406 0.00987625122070313 0.00041985511779785 -0.00439071655273437
-0.0287876129150391 -0.0105266571044922 -0.0142488479614258 0.0112371444702148
-0.0258960723876953 -0.0245285034179687 -0.04254150390625 0.000274658203124999
0.00544548034667969 -0.0224246978759766 -0.0309066772460938 -0.000179290771484371
-0.00312995910644531 -0.0194110870361328 -0.0375251770019531 0.00905990600585937
-0.0106563568115234 -0.0115966796875 -0.0189132690429688 0.0209293365478516
-0.0142993927001953 0.000706672668457029 -0.00371456146240234 0.0137090682983398
-0.00908279418945313 0.00995922088623047 5.03584742546076E-05 7.36862421035773E-05
0.00232887268066406 0.0159997940063477 -0.0083465576171875 -0.00522565841674805
0.00975799560546875 0.0128555297851562 -0.018768310546875 -0.000885009765624996
0.0105791091918945 0.0101423263549805 -0.0229377746582031 0.00379180908203125
0.0121879577636719 0.0108089447021484 -0.0254154205322266 0.00440406799316406
0.0111083984375 0.0138444900512695 -0.0248260498046875 -0.000713348388671878
0.00454139709472656 0.0175952911376953 -0.0218048095703125 -0.00763130187988281
-0.00642204284667969 0.018524169921875 -0.0110664367675781 -0.0112981796264648
-0.0211238861083984 0.00513648986816406 -0.00251865386962891 -0.00689411163330078
-0.0211372375488281 -0.0151195526123047 -0.0186500549316406 0.00480842590332032
-0.0135879516601563 -0.0268802642822266 -0.0445518493652344 -0.009490966796875
-0.00647354125976562 0.0207138061523438 0.0445289611816406 0.0130691528320313
0.0166473388671875 0.0146627426147461 0.0214214324951172 0.00377845764160156
0.0132942199707031 -0.00523471832275391 0.00393199920654297 0.00987625122070313
0.00488853454589844 -0.0102825164794922 0.0133819580078125 0.0193386077880859
-0.00092315673828125 -0.0105438232421875 0.0260181427001953 0.0139102935791016
-0.00848484039306641 -0.0100412368774414 0.0316295623779297 0.00198745727539062
-0.00649595260620117 -0.00682401657104492 0.0322322845458984 -0.00502586364746094
-0.00437784194946289 -0.0065460205078125 0.0272941589355469 -0.00391960144042969
-0.00409221649169922 -0.0109338760375977 0.0216236114501953 0.00162124633789062
0.00619220733642578 -0.0103206634521484 0.0127935409545898 0.00695896148681641
0.0139970779418945 -0.00237274169921875 0.00138819217681885 0.00213479995727539
0.0128622055053711 0.00839900970458985 0.00305366516113281 -0.00838756561279297
0.0012664794921875 0.0185298919677734 0.0213031768798828 -0.0167026519775391
-0.0102672576904297 0.0237236022949219 0.036285400390625 -0.00577163696289062
-0.0224285125732422 0.0203266143798828 0.0237216949462891 0.00788307189941406
-0.0218772888183594 0.0145988464355469 0.0390968322753906 0.0212974548339844
0.000723838806152343 0.0169200897216797 0.0177650451660156 0.0123023986816406
0.00429630279541016 0.00278425216674805 0.00465011596679687 0.0162887573242188
0.00299572944641113 0.00114727020263672 0.0152263641357422 0.0244102478027344
0.00329995155334473 -0.000916957855224609 0.0277061462402344 0.0167503356933594
0.00176882743835449 -0.00433230400085449 0.0344924926757813 0.00432586669921875
0.00479936599731445 -0.00496530532836914 0.0336971282958984 -0.00275039672851563
0.00612974166870117 -0.00376367568969727 0.0277366638183594 -0.00214195251464844
0.00809288024902344 -0.00681495666503906 0.0211982727050781 0.00431442260742188
0.0148410797119141 -0.00232982635498047 0.0120067596435547 0.00953197479248047
0.0167446136474609 0.00891590118408203 -0.00099658966064453 0.00424528121948242
0.00935554504394531 0.0193290710449219 -0.000598907470703125 -0.00617504119873047
-0.00939369201660156 0.0233421325683594 0.015533447265625 -0.0148220062255859
-0.0248241424560547 0.0216484069824219 0.0275096893310547 -0.00202560424804687
-0.0360641479492188 0.0145797729492188 0.0128622055053711 0.0116968154907227
-0.0352897644042969 0.00548934936523438 0.0280838012695312 0.0275192260742188
-0.0172548294067383 0.0160007476806641 0.00966453552246093 0.0200786590576172
-0.00755500793457031 0.011505126953125 0.00285911560058594 0.0230255126953125
-0.000192642211914064 0.0140848159790039 0.014923095703125 0.0295906066894531
0.00735569000244141 0.00967884063720703 0.02801513671875 0.0184688568115234
0.0125055313110352 0.00269508361816406 0.0335025787353516 0.005218505859375
0.0158529281616211 -0.00150871276855469 0.0303726196289063 -0.000576019287109375
0.015507698059082 -0.000243186950683594 0.0231857299804688 -3.24249267578125E-05
0.0183258056640625 -0.001708984375 0.0167179107666016 0.00648403167724609
0.0221633911132813 0.00501441955566406 0.00811386108398438 0.0107707977294922
0.018463134765625 0.0172576904296875 -0.00480461120605469 0.0053257942199707
0.00679588317871094 0.0265865325927734 -0.00411272048950195 -0.00452041625976562
-0.0161266326904297 0.0258293151855469 0.0102214813232422 -0.0131120681762695
-0.0335521697998047 0.0186233520507812 0.0169191360473633 0.00244712829589844
-0.0445671081542969 0.00810623168945313 0.000255584716796872 0.0141315460205078
-0.0423774719238281 -0.00587844848632812 0.0113487243652344 0.028900146484375
-0.032806396484375 0.0106868743896484 -0.00426673889160157 0.0257396697998047
-0.020538330078125 0.0167617797851563 -0.00190353393554688 0.028839111328125
-0.00638961791992187 0.0253925323486328 0.0128211975097656 0.0319042205810547
0.00871658325195312 0.0208644866943359 0.024078369140625 0.0193157196044922
0.0211830139160156 0.0109329223632813 0.0285358428955078 0.00566673278808594
0.0247287750244141 0.00215339660644531 0.0224628448486328 0.0014190673828125
0.0230712890625 0.00370979309082031 0.0149650573730469 0.00262546539306641
0.0259761810302734 0.00349998474121094 0.00912857055664063 0.00753116607666016
0.0259132385253906 0.0109367370605469 0.0019369125366211 0.0101213455200195
0.0179061889648438 0.0229530334472656 -0.008331298828125 0.00494384765625
0.00407218933105469 0.0306987762451172 -0.00634288787841797 -0.00357866287231445
-0.0206413269042969 0.024810791015625 0.00572299957275391 -0.00933265686035156
-0.037872314453125 0.0135917663574219 0.00765562057495117 0.00758075714111328
-0.0470657348632812 0.000495910644531255 -0.0137138366699219 0.0155467987060547
-0.0424232482910156 -0.0158042907714844 -0.00702667236328125 0.0263080596923828
-0.0409011840820313 0.0022430419921875 -0.01934814453125 0.027313232421875
-0.0301570892333984 0.0164260864257812 -0.00885009765625 0.0323963165283203
-0.0124073028564453 0.0309257507324219 0.00743865966796875 0.0313892364501953
0.00705909729003906 0.0283298492431641 0.0171689987182617 0.0164060592651367
0.0246257781982422 0.017669677734375 0.0192966461181641 0.00452423095703125
0.0297966003417969 0.00629997253417969 0.0110588073730469 0.00280475616455078
0.0263385772705078 0.00641822814941406 0.00449562072753906 0.00451993942260742
0.0287685394287109 0.00751495361328125 -0.000629901885986326 0.00826358795166015
0.0272731781005859 0.014801025390625 -0.00545597076416015 0.00888538360595703
0.0162773132324219 0.0256633758544922 -0.0121536254882812 0.0030508041381836
0.000646591186523436 0.0323200225830078 -0.00744485855102539 -0.00407218933105469
-0.0235691070556641 0.0219173431396484 0.00432300567626953 -0.00635623931884766
-0.0390853881835938 0.00659942626953125 -0.000455856323242189 0.0127973556518555
-0.0460014343261719 -0.00785446166992187 -0.0265045166015625 0.0146522521972656
-0.0329055786132813 -0.0232353210449219 -0.0222434997558594 0.0189571380615234
-0.0377349853515625 -0.00780868530273438 -0.0322418212890625 0.0242137908935547
-0.0322742462158203 0.00996208190917968 -0.0158653259277344 0.030426025390625
-0.0179557800292969 0.0283241271972656 0.00122451782226562 0.0264797210693359
0.00284576416015625 0.0292110443115234 0.00922393798828125 0.0118303298950195
0.0227527618408203 0.0215492248535156 0.00855636596679688 0.00260448455810547
0.0282402038574219 0.00914192199707031 -0.000705480575561522 0.00284457206726074
0.0252094268798828 0.00868797302246094 -0.00719976425170898 0.0055999755859375
0.0281143188476563 0.00972938537597656 -0.0105352401733398 0.00783252716064453
0.0260334014892578 0.0167140960693359 -0.0133495330810547 0.00564289093017578
0.0137100219726563 0.0268096923828125 -0.0152559280395508 -0.000880241394042966
-0.00185585021972656 0.0309429168701172 -0.00801897048950195 -0.00562238693237305
-0.0256996154785156 0.0179500579833984 0.00254559516906738 -0.00410199165344238
-0.0374641418457031 -0.00109863281250001 -0.008453369140625 0.0141439437866211
-0.0397529602050781 -0.0162849426269531 -0.036865234375 0.00870895385742187
-0.0166015625 -0.025787353515625 -0.0328006744384766 0.0105133056640625
-0.0245552062988281 -0.0153179168701172 -0.0401420593261719 0.0178108215332031
-0.02630615234375 -0.000556945800781244 -0.0196323394775391 0.0267620086669922
-0.0191726684570312 0.0176029205322266 -0.00263404846191406 0.0201282501220703
-0.00296401977539062 0.0227222442626953 0.00284481048583984 0.0050969123840332
0.0153331756591797 0.0211963653564453 -0.00274229049682617 -0.00115799903869629
0.0226364135742188 0.0115013122558594 -0.0123167037963867 0.00251865386962891
0.0208091735839844 0.00989913940429688 -0.0177040100097656 0.0065460205078125
0.0230865478515625 0.0106906890869141 -0.0194835662841797 0.00736427307128907
0.0211620330810547 0.0160236358642578 -0.0204811096191406 0.00300407409667969
0.0105094909667969 0.0241050720214844 -0.0195026397705078 -0.0042572021484375
-0.00379180908203125 0.0274925231933594 -0.0100641250610352 -0.00914573669433594
-0.025970458984375 0.0130844116210937 0.000755310058593748 -0.00526714324951172
-0.0333003997802734 -0.00850677490234376 -0.0138540267944336 0.0127191543579102
-0.0304813385009766 -0.0230751037597656 -0.0448265075683594 0.00195693969726561
0.00238990783691406 -0.0249118804931641 -0.033233642578125 0.00252723693847656
-0.00638008117675781 -0.0208473205566406 -0.0392875671386719 0.0113868713378906
-0.0136260986328125 -0.010441780090332 -0.0192852020263672 0.0216197967529297
-0.0159521102905273 0.00338459014892578 -0.00411033630371094 0.0133428573608398
-0.00805377960205078 0.0121231079101563 -0.00113034248352051 3.01599502563482E-05
0.00504589080810547 0.0168895721435547 -0.0102996826171875 -0.0047006607055664
0.013092041015625 0.0118703842163086 -0.0206222534179688 0.000556945800781253
0.0125131607055664 0.0093231201171875 -0.0248832702636719 0.00549888610839844
0.0150156021118164 0.00971889495849609 -0.0272865295410156 0.00602340698242188
0.0142498016357422 0.0131416320800781 -0.027069091796875 -0.000518798828124999
0.00657272338867188 0.0182609558105469 -0.0233097076416016 -0.00786209106445312
-0.00482559204101563 0.0215930938720703 -0.0121335983276367 -0.0123977661132812
-0.0220680236816406 0.00787544250488281 -0.00216531753540039 -0.0075531005859375
-0.0250873565673828 -0.0134258270263672 -0.0192661285400391 0.00648880004882812
-0.0182170867919922 -0.0274772644042969 -0.0483055114746094 -0.00858688354492187
-0.00362968444824219 0.0216598510742188 0.0493011474609375 0.00923919677734375
0.0191326141357422 0.0123081207275391 0.0230579376220703 0.00166511535644531
0.0126638412475586 -0.00678920745849609 0.00442028045654297 0.0102825164794922
0.00281906127929688 -0.0113935470581055 0.0151920318603516 0.0202274322509766
-0.00345897674560547 -0.0101814270019531 0.0295619964599609 0.012603759765625
-0.0103940963745117 -0.0085906982421875 0.0347785949707031 -3.05175781250005E-05
-0.00764656066894531 -0.00517129898071289 0.0342674255371094 -0.00822639465332031
-0.00552034378051758 -0.00539445877075195 0.0291423797607422 -0.00743484497070313
-0.00525093078613281 -0.0099649429321289 0.0239524841308594 -0.0017242431640625
0.00423240661621094 -0.0109453201293945 0.015690803527832 0.00533866882324219
0.0134553909301758 -0.00448131561279297 0.00369381904602051 0.00306391716003418
0.0131521224975586 0.00702476501464844 0.00420904159545899 -0.00855445861816406
0.0037841796875 0.0186176300048828 0.0215015411376953 -0.0181655883789063
-0.00718879699707031 0.0258045196533203 0.0379791259765625 -0.00899887084960937
-0.0201816558837891 0.0232906341552734 0.0281124114990234 0.0050201416015625
-0.0219573974609375 0.0162429809570313 0.0441322326660156 0.018768310546875
0.00204563140869141 0.0169076919555664 0.0200424194335938 0.00994873046875
0.00399875640869141 0.00249266624450684 0.00575542449951172 0.0161657333374023
0.00263237953186035 0.000905990600585937 0.0178661346435547 0.0247116088867188
0.00289201736450195 -0.00120449066162109 0.0313587188720703 0.0160961151123047
0.00167942047119141 -0.00367498397827148 0.0376701354980469 0.00161361694335937
0.00484418869018555 -0.00490236282348633 0.0365333557128906 -0.00662612915039062
0.00621318817138672 -0.00387191772460938 0.0296707153320313 -0.00567054748535156
0.0077362060546875 -0.00725793838500977 0.0244369506835938 0.000741958618164062
0.0150537490844727 -0.00356960296630859 0.0156335830688477 0.00801849365234375
0.0173206329345703 0.00737476348876953 0.00119853019714356 0.00411558151245117
0.0111274719238281 0.0192012786865234 0.000816822052001954 -0.00580310821533203
-0.00716781616210938 0.0246200561523438 0.0158567428588867 -0.0154581069946289
-0.0233917236328125 0.0248146057128906 0.0293846130371094 -0.00501823425292969
-0.0352973937988281 0.0195693969726563 0.0177459716796875 0.0110530853271484
-0.0364303588867188 0.00802230834960938 0.0327205657958984 0.0261859893798828
-0.0178604125976563 0.0178050994873047 0.0128421783447266 0.0189800262451172
-0.00799274444580078 0.0126867294311523 0.00418281555175781 0.023284912109375
0.000756263732910156 0.0154962539672852 0.0188140869140625 0.0297050476074219
0.00755977630615234 0.0110464096069336 0.0310153961181641 0.0174732208251953
0.0133590698242187 0.00309944152832031 0.0368576049804688 0.001800537109375
0.0174322128295898 -0.00312137603759766 0.0330543518066406 -0.00440025329589844
0.0171527862548828 -0.00135231018066406 0.0248126983642578 -0.00349807739257813
0.0202865600585938 -0.00319480895996094 0.0188407897949219 0.00317573547363281
0.0236454010009766 0.00353813171386719 0.0110931396484375 0.00919628143310547
0.0199050903320313 0.0173530578613281 -0.00258350372314453 0.00487947463989258
0.00966835021972656 0.0279865264892578 -0.00251698493957519 -0.00411272048950195
-0.0154094696044922 0.0287189483642578 0.0106983184814453 -0.0142536163330078
-0.0343189239501953 0.0226879119873047 0.0199680328369141 0.000726699829101564
-0.0463294982910156 0.0125694274902344 0.00385570526123047 0.0143203735351563
-0.0469932556152344 -0.00275421142578125 0.0155849456787109 0.0297412872314453
-0.0354156494140625 0.0144233703613281 -0.00169563293457031 0.0266799926757813
-0.0213985443115234 0.0196437835693359 -0.000867843627929691 0.029388427734375
-0.00494956970214844 0.0284385681152344 0.0153541564941406 0.0327625274658203
0.0111618041992188 0.0227241516113281 0.0271644592285156 0.0182361602783203
0.0237388610839844 0.0106830596923828 0.0307350158691406 0.00297927856445313
0.0273418426513672 -0.0001220703125 0.0246658325195313 -0.00164222717285156
0.0256748199462891 0.00147438049316406 0.016423225402832 0.000146865844726563
0.0283603668212891 0.000993728637695313 0.0105037689208984 0.0056304931640625
0.0290870666503906 0.009033203125 0.00374889373779297 0.00862932205200195
0.0211753845214844 0.0231494903564453 -0.00625896453857422 0.00429344177246094
0.00722885131835938 0.0328826904296875 -0.00517654418945313 -0.00287389755249023
-0.0203170776367188 0.0282974243164063 0.00676441192626953 -0.0100269317626953
-0.0399169921875 0.0181465148925781 0.0104408264160156 0.00681591033935547
-0.0505332946777344 0.00513458251953125 -0.0106697082519531 0.0173254013061523
-0.0482292175292969 -0.0128707885742188 -0.00357818603515626 0.0280303955078125
-0.0447502136230469 0.00670623779296874 -0.0185604095458984 0.0286312103271484
-0.0320663452148438 0.0202999114990234 -0.00695419311523438 0.0331363677978516
-0.0115299224853516 0.0347900390625 0.00948715209960937 0.0321807861328125
0.0105743408203125 0.0302085876464844 0.0189075469970703 0.0151882171630859
0.0278968811035156 0.0170574188232422 0.0207843780517578 0.00225067138671875
0.0322933197021484 0.00370597839355469 0.0125312805175781 0.00135231018066406
0.0291976928710938 0.00464248657226563 0.00487422943115235 0.00300979614257813
0.0321559906005859 0.00488662719726563 -0.000196456909179686 0.00731611251831055
0.031646728515625 0.0124778747558594 -0.0043497085571289 0.00850963592529297
0.0205631256103516 0.0262985229492188 -0.0110273361206055 0.00331592559814453
0.00463294982910156 0.0349845886230469 -0.00732612609863281 -0.00460004806518555
-0.0242080688476562 0.0274734497070313 0.00414514541625976 -0.00695133209228516
-0.0420761108398438 0.0111045837402344 0.0014963150024414 0.0131559371948242
-0.0506095886230469 -0.00333404541015624 -0.0246524810791016 0.0165061950683594
-0.0387306213378906 -0.0225028991699219 -0.0216598510742188 0.0234737396240234
-0.0431632995605469 -0.00377273559570312 -0.0317058563232422 0.0270099639892578
-0.0348129272460938 0.0142974853515625 -0.0146942138671875 0.0319499969482422
-0.0171737670898437 0.0325794219970703 0.00277328491210938 0.0276527404785156
0.00609588623046875 0.0313034057617188 0.0103187561035156 0.0114660263061523
0.0273265838623047 0.0208396911621094 0.00932693481445313 0.00161170959472656
0.0324230194091797 0.00647926330566406 -0.000942468643188475 0.00241613388061523
0.028717041015625 0.00623321533203125 -0.00733470916748047 0.00555086135864258
0.0316982269287109 0.00716018676757813 -0.0109643936157227 0.00814533233642578
0.0296573638916016 0.0148143768310547 -0.0131711959838867 0.0054473876953125
0.01776123046875 0.0270442962646484 -0.0154209136962891 5.34057617187484E-05
0.0017242431640625 0.0338268280029297 -0.00809669494628906 -0.00629329681396484
-0.0260391235351562 0.0223770141601563 0.00283050537109375 -0.00497055053710937
-0.0408935546875 0.00385665893554688 -0.00623416900634766 0.0149431228637695
-0.0457077026367188 -0.0128288269042969 -0.0371322631835938 0.01202392578125
-0.0210838317871094 -0.0256290435791016 -0.0330772399902344 0.0148963928222656
-0.0286083221435547 -0.0138320922851563 -0.0405731201171875 0.0219268798828125
-0.0284461975097656 0.00331497192382812 -0.0185127258300781 0.0282745361328125
-0.0187568664550781 0.0220470428466797 -0.00195121765136719 0.0208091735839844
0.000329971313476562 0.0252475738525391 0.00330829620361328 0.00545930862426758
0.0195388793945313 0.0199985504150391 -0.0033564567565918 -0.000636100769042967
0.0261993408203125 0.00905227661132813 -0.0129222869873047 0.00388431549072266
0.0235157012939453 0.00779914855957031 -0.017852783203125 0.00798416137695313
0.0263843536376953 0.007843017578125 -0.0209503173828125 0.00917625427246094
0.0254611968994141 0.0145111083984375 -0.0219821929931641 0.003631591796875
0.0148639678955078 0.0238838195800781 -0.0211143493652344 -0.00360870361328125
-0.000539779663085937 0.0303134918212891 -0.0108661651611328 -0.00977039337158203
-0.0265617370605469 0.017486572265625 0.00164747238159179 -0.00545883178710937
-0.0370941162109375 -0.00473022460937499 -0.0133552551269531 0.0136251449584961
-0.0359840393066406 -0.0208244323730469 -0.0467605590820313 0.0050506591796875
-0.00153732299804688 -0.0263729095458984 -0.0362396240234375 0.00548553466796875
-0.0112075805664062 -0.0203914642333984 -0.0411796569824219 0.0153770446777344
-0.017359733581543 -0.00915908813476562 -0.0190658569335938 0.0240802764892578
-0.0171737670898437 0.00724124908447266 -0.00464534759521484 0.0145721435546875
-0.00647735595703125 0.0149393081665039 -0.00223398208618164 -0.000178098678588866
0.00821208953857422 0.0167856216430664 -0.0115976333618164 -0.00341987609863281
0.0154352188110352 0.00991916656494141 -0.0228328704833984 0.00277328491210937
0.0145645141601563 0.00728225708007813 -0.0262622833251953 0.00837516784667969
0.018341064453125 0.00772666931152344 -0.0291481018066406 0.00848960876464844
0.0170049667358398 0.0115938186645508 -0.0290164947509766 0.001434326171875
0.00999641418457031 0.0185642242431641 -0.0252647399902344 -0.00774765014648438
-0.00229263305664063 0.0234241485595703 -0.0133371353149414 -0.0131092071533203
-0.0223789215087891 0.0112342834472656 -0.00226640701293945 -0.007476806640625
-0.0281391143798828 -0.0108623504638672 -0.0198650360107422 0.00888824462890625
-0.0224628448486328 -0.0264987945556641 -0.0516929626464844 -0.00536346435546876
-0.00121688842773437 0.0216655731201172 0.0520744323730469 0.0054473876953125
0.0203056335449219 0.0101242065429688 0.0227756500244141 -0.00164604187011719
0.010645866394043 -0.00760841369628906 0.00547695159912109 0.00937461853027344
0.00153827667236328 -0.0107898712158203 0.0166893005371094 0.0206832885742188
-0.00436496734619141 -0.00982761383056641 0.0310516357421875 0.0120410919189453
-0.0118904113769531 -0.0076751708984375 0.0358734130859375 -0.00222396850585938
-0.00762844085693359 -0.00269651412963867 0.0350418090820313 -0.0126705169677734
-0.00613689422607422 -0.00418233871459961 0.0289592742919922 -0.0110492706298828
-0.00674247741699219 -0.00912380218505859 0.0256233215332031 -0.00467300415039063
0.00247764587402344 -0.0114908218383789 0.0180892944335938 0.00301361083984375
0.0127191543579102 -0.00657463073730469 0.00472402572631836 0.00083017349243164
0.013340950012207 0.00469303131103516 0.00466537475585938 -0.00977420806884766
0.00633621215820313 0.0183277130126953 0.0203838348388672 -0.0207042694091797
-0.00316619873046875 0.0269794464111328 0.0393028259277344 -0.0126419067382812
-0.0147304534912109 0.0245304107666016 0.0303325653076172 0.00169181823730469
-0.0204315185546875 0.0187816619873047 0.0486412048339844 0.0150299072265625
0.00403022766113281 0.0155868530273437 0.0205154418945313 0.00768280029296875
0.00290513038635254 0.00129532814025879 0.00610923767089844 0.0162353515625
0.00182068347930908 0.00117480754852295 0.0211563110351562 0.0245838165283203
0.00206112861633301 -0.00068354606628418 0.0343303680419922 0.0136966705322266
0.000802159309387207 -0.00208842754364014 0.0395965576171875 -0.001617431640625
0.00488615036010742 -0.00426769256591797 0.0369148254394531 -0.0112380981445313
0.00598669052124023 -0.00432395935058594 0.0305385589599609 -0.0104351043701172
0.00703859329223633 -0.00708198547363281 0.0248889923095703 -0.00332260131835938
0.0147247314453125 -0.00468826293945313 0.01763916015625 0.00491523742675781
0.0186176300048828 0.00673103332519531 0.00444412231445313 0.00396537780761719
0.0133819580078125 0.0183258056640625 0.00243043899536133 -0.00509119033813476
-0.00565147399902344 0.0259819030761719 0.0156307220458984 -0.0176849365234375
-0.0200099945068359 0.0281505584716797 0.0324058532714844 -0.0087890625
-0.0334606170654297 0.02276611328125 0.0201454162597656 0.00864219665527344
-0.0386581420898438 0.0109748840332031 0.0365333557128906 0.0227127075195313
-0.0166225433349609 0.0196666717529297 0.0140457153320312 0.0170345306396484
-0.00724124908447266 0.0150470733642578 0.00615882873535156 0.0231552124023438
0.00125217437744141 0.0161008834838867 0.0212268829345703 0.0295429229736328
0.0104875564575195 0.0114917755126953 0.0338325500488281 0.0150241851806641
0.0155735015869141 0.001708984375 0.038818359375 -0.001312255859375
0.0183258056640625 -0.00412178039550781 0.0344600677490234 -0.0077362060546875
0.0175189971923828 -0.00331783294677734 0.0258045196533203 -0.00841522216796875
0.0203132629394531 -0.00556373596191406 0.0204105377197266 -1.71661376953128E-05
0.0255107879638672 0.00259590148925781 0.0132255554199219 0.00703048706054688
0.0227909088134766 0.0156631469726563 -0.000720024108886717 0.00404214859008789
0.0125751495361328 0.0268516540527344 -0.00102686882019043 -0.00420928001403808
-0.0133762359619141 0.0316524505615234 0.0103626251220703 -0.0142488479614258
-0.0331287384033203 0.0274105072021484 0.0219211578369141 -0.00166511535644531
-0.0452842712402344 0.0164451599121094 0.00758457183837891 0.0144433975219727
-0.0488052368164062 0.00131988525390625 0.0199604034423828 0.0288982391357422
-0.0350608825683594 0.0182914733886719 0.000726699829101561 0.0256061553955078
-0.0215091705322266 0.0230293273925781 0.00255012512207031 0.0294685363769531
-0.00218009948730469 0.0300521850585938 0.0180187225341797 0.0313987731933594
0.0139942169189453 0.0222511291503906 0.0277462005615234 0.0158977508544922
0.0256557464599609 0.00939369201660156 0.0320320129394531 -0.000534057617187499
0.0285263061523438 -0.00244140625 0.0251808166503906 -0.00462150573730469
0.028167724609375 -0.00170326232910156 0.0164957046508789 -0.00382232666015625
0.0308475494384766 -0.00133895874023438 0.01177978515625 0.00283527374267578
0.0304145812988281 0.00618171691894531 0.0050206184387207 0.00645637512207031
0.0249595642089844 0.0215740203857422 -0.00466251373291016 0.00398588180541992
0.0106773376464844 0.0332050323486328 -0.00301766395568848 -0.00319099426269531
-0.0174942016601562 0.0325984954833984 0.00714778900146484 -0.0112791061401367
-0.0397987365722656 0.0237579345703125 0.0116195678710938 0.00538444519042969
-0.0518150329589844 0.0110282897949219 -0.00650215148925782 0.0181159973144531
-0.0512275695800781 -0.00938415527343751 -0.001983642578125 0.0293750762939453
-0.0454864501953125 0.0124740600585937 -0.0151882171630859 0.0305328369140625
-0.0311241149902344 0.0267581939697266 -0.00436592102050781 0.0334529876708984
-0.0081787109375 0.0383186340332031 0.0135459899902344 0.0324211120605469
0.0135326385498047 0.0290908813476563 0.0202369689941406 0.0150833129882813
0.0311069488525391 0.0145320892333984 0.0213813781738281 4.57763671875009E-05
0.035308837890625 -0.00034332275390625 0.0129690170288086 -0.00166511535644531
0.0322360992431641 0.00133895874023437 0.00386977195739746 0.00178647041320801
0.0342636108398438 8.0108642578125E-05 4.29153442383078E-06 0.00549221038818359
0.0347862243652344 0.00790214538574219 -0.00327587127685547 0.0069584846496582
0.0253238677978516 0.0252799987792969 -0.00936031341552734 0.00321865081787109
0.0094146728515625 0.0355606079101563 -0.00627517700195313 -0.0044403076171875
-0.0217361450195312 0.0297069549560547 0.00481176376342773 -0.00867128372192383
-0.0435371398925781 0.0176849365234375 0.00386619567871093 0.013300895690918
-0.0521011352539062 0.002777099609375 -0.022735595703125 0.0188407897949219
-0.0434188842773438 -0.0190658569335937 -0.0191001892089844 0.0241794586181641
-0.0454177856445313 0.00151443481445312 -0.0287628173828125 0.0295124053955078
-0.0349845886230469 0.01971435546875 -0.0135269165039062 0.0331039428710938
-0.013580322265625 0.0363960266113281 0.00408744812011719 0.0286827087402344
0.0105495452880859 0.0323886871337891 0.0107212066650391 0.0106067657470703
0.0312099456787109 0.0184669494628906 0.00837802886962891 -0.000737667083740233
0.0335044860839844 0.00259590148925781 -0.00117635726928711 0.00303912162780762
0.0300750732421875 0.00283432006835938 -0.00737524032592773 0.0054783821105957
0.0341587066650391 0.00349998474121094 -0.0110702514648437 0.00883197784423828
0.0334796905517578 0.0104045867919922 -0.0136356353759766 0.00581741333007813
0.0222587585449219 0.0259723663330078 -0.016444206237793 -0.000885009765624996
0.00600242614746094 0.0349788665771484 -0.00843286514282227 -0.00715351104736328
-0.0253238677978516 0.0272655487060547 0.00307750701904297 -0.00639057159423828
-0.0430679321289063 0.00929260253906249 -0.00453662872314453 0.0155553817749023
-0.0477256774902344 -0.0074615478515625 -0.0352439880371094 0.015045166015625
-0.027069091796875 -0.0244636535644531 -0.0326957702636719 0.0188770294189453
-0.0320034027099609 -0.0110111236572266 -0.039825439453125 0.0260124206542969
-0.0305404663085937 0.0066375732421875 -0.0166835784912109 0.0295372009277344
-0.0175762176513672 0.0251636505126953 -0.00187301635742187 0.0208377838134766
0.00276756286621094 0.0279121398925781 0.00181388854980469 0.00562810897827149
0.0231208801269531 0.0184726715087891 -0.00493574142456055 -0.00021839141845703
0.0274543762207031 0.00501251220703125 -0.0130624771118164 0.00461769104003906
0.0249423980712891 0.00426101684570313 -0.0187587738037109 0.00949668884277343
0.0291538238525391 0.0045166015625 -0.0209674835205078 0.00948905944824219
0.02740478515625 0.0116729736328125 -0.0212230682373047 0.00612831115722656
0.0185432434082031 0.0228729248046875 -0.0205574035644531 -0.00285530090332031
0.00256919860839844 0.0310077667236328 -0.0101766586303711 -0.00994491577148437
-0.0258369445800781 0.0209827423095703 0.00137710571289062 -0.00630474090576172
-0.0376091003417969 0.000782012939453128 -0.0113325119018555 0.0149545669555664
-0.0390815734863281 -0.0154876708984375 -0.0461006164550781 0.00878524780273438
-0.0063018798828125 -0.02703857421875 -0.0386314392089844 0.00997543334960937
-0.0141677856445312 -0.0186939239501953 -0.0399208068847656 0.0202369689941406
-0.0184917449951172 -0.00688362121582031 -0.0168609619140625 0.0251083374023438
-0.0162353515625 0.009124755859375 -0.002777099609375 0.0144290924072266
-0.00417709350585937 0.016810417175293 -0.00357794761657715 0.000679016113281252
0.011204719543457 0.0148735046386719 -0.0131893157958984 -0.00153541564941406
0.0181903839111328 0.00688934326171875 -0.0220870971679688 0.00557327270507812
0.0167446136474609 0.00483798980712891 -0.0266227722167969 0.0114936828613281
0.0199680328369141 0.00532913208007813 -0.0294380187988281 0.0124149322509766
0.0191650390625 0.0088043212890625 -0.0309600830078125 0.00227165222167968
0.0132560729980469 0.0189094543457031 -0.0268516540527344 -0.00605392456054688
0.000783920288085939 0.0243072509765625 -0.0143260955810547 -0.0112037658691406
-0.0219230651855469 0.0154628753662109 -0.00400209426879883 -0.00773477554321289
-0.0306301116943359 -0.00643730163574218 -0.0184192657470703 0.0108547210693359
-0.0263118743896484 -0.0228157043457031 -0.0543174743652344 5.34057617187433E-05
0.000616073608398436 0.0196189880371094 0.051513671875 0.000236511230468751
0.0194091796875 0.00637245178222656 0.0221920013427734 -0.00401496887207031
0.00954627990722656 -0.0103073120117188 0.00492382049560547 0.00975513458251953
-0.000410079956054687 -0.0114059448242188 0.0182209014892578 0.0183563232421875
-0.00610923767089843 -0.00912952423095703 0.0325508117675781 0.00861358642578125
-0.0114774703979492 -0.00357151031494141 0.0364189147949219 -0.00629043579101563
-0.00820207595825195 -0.00250482559204102 0.0338020324707031 -0.0163192749023438
-0.00607967376708984 -0.00329303741455078 0.0280551910400391 -0.0147876739501953
-0.00803232192993164 -0.00714778900146484 0.0247325897216797 -0.00824165344238281
0.00024127960205078 -0.0105247497558594 0.0189628601074219 -0.000391006469726563
0.0105428695678711 -0.00753211975097656 0.00673913955688477 -0.000162601470947266
0.0134763717651367 0.00255584716796875 0.00502204895019531 -0.00855255126953125
0.00845623016357422 0.0162067413330078 0.0192375183105469 -0.0198917388916016
4.38690185546878E-05 0.0256519317626953 0.0364227294921875 -0.0162734985351563
-0.0128879547119141 0.0258026123046875 0.0314197540283203 -0.00159454345703125
-0.0187835693359375 0.0194721221923828 0.0492630004882813 0.00972366333007813
0.00309467315673828 0.0147581100463867 0.0209903717041016 0.00429725646972656
0.00188469886779785 0.00209295749664307 0.00719738006591797 0.0150470733642578
0.00147950649261475 0.00119340419769287 0.0222835540771484 0.022705078125
0.00210225582122803 3.13520431518555E-05 0.0351715087890625 0.0106124877929687
0.000574111938476563 -0.00159811973571777 0.0389518737792969 -0.00664901733398437
0.00472021102905273 -0.00467681884765625 0.0353012084960938 -0.0160408020019531
0.00636959075927734 -0.00427007675170898 0.0283851623535156 -0.0139427185058594
0.00701665878295898 -0.00708723068237305 0.0240669250488281 -0.00714874267578125
0.0137701034545898 -0.00505828857421875 0.0184421539306641 0.00104141235351562
0.0183448791503906 0.00392341613769531 0.00513076782226563 0.00165271759033203
0.0138254165649414 0.015925407409668 0.00295257568359375 -0.00582027435302734
-0.00205039978027344 0.0251331329345703 0.0145587921142578 -0.0179824829101563
-0.0172901153564453 0.0292549133300781 0.0306186676025391 -0.0114612579345703
-0.0299491882324219 0.0251007080078125 0.0235786437988281 0.00449752807617188
-0.0364112854003906 0.0145492553710937 0.039886474609375 0.018951416015625
-0.0159149169921875 0.0209121704101563 0.0154857635498047 0.0141916275024414
-0.00764942169189453 0.0153570175170898 0.00630950927734375 0.021881103515625
0.00285148620605469 0.0170392990112305 0.0221290588378906 0.0271778106689453
0.0104703903198242 0.0112409591674805 0.0346584320068359 0.0128250122070313
0.0147876739501953 0.0018310546875 0.0377998352050781 -0.00540542602539062
0.0178318023681641 -0.00577354431152344 0.0330753326416016 -0.0131130218505859
0.0181350708007813 -0.00463485717773438 0.0245494842529297 -0.0102272033691406
0.0202884674072266 -0.00631332397460937 0.0196018218994141 -0.00351142883300781
0.0252094268798828 -0.000455856323242188 0.0144815444946289 0.0031890869140625
0.0240802764892578 0.0133476257324219 0.00256991386413574 0.00221943855285645
0.0150127410888672 0.0260448455810547 0.000268936157226564 -0.00504255294799805
-0.00982475280761719 0.0315151214599609 0.00996303558349609 -0.0151710510253906
-0.0296058654785156 0.0302276611328125 0.0209999084472656 -0.00416946411132812
-0.04296875 0.0214729309082031 0.0103750228881836 0.0110111236572266
-0.0493392944335937 0.00713729858398437 0.0227527618408203 0.0252933502197266
-0.0343685150146484 0.0217494964599609 0.00334358215332031 0.0239372253417969
-0.0199089050292969 0.0257492065429688 0.00319290161132812 0.0284557342529297
0.000576019287109375 0.0319309234619141 0.0204849243164063 0.0304851531982422
0.0166492462158203 0.0217437744140625 0.0300884246826172 0.0131759643554688
0.0267124176025391 0.00623703002929688 0.0316791534423828 -0.00373077392578125
0.0282688140869141 -0.00572013854980469 0.0243301391601562 -0.00827598571777344
0.0273361206054688 -0.00409889221191406 0.0157222747802734 -0.00487709045410156
0.0302581787109375 -0.00540351867675781 0.0109968185424805 8.39233398437497E-05
0.0325603485107422 0.00362014770507813 0.00654029846191406 0.00472259521484375
0.0273170471191406 0.0194969177246094 -0.00311136245727539 0.00209879875183106
0.0146923065185547 0.032562255859375 -0.00314474105834961 -0.00407791137695312
-0.0154991149902344 0.0342769622802734 0.00661277770996094 -0.0116186141967773
-0.0373306274414063 0.02777099609375 0.012883186340332 0.00347900390625
-0.0506134033203125 0.0159263610839844 -0.00365447998046875 0.0160732269287109
-0.0535697937011719 -0.00383758544921875 0.00284957885742187 0.0280628204345703
-0.045562744140625 0.0169830322265625 -0.0121879577636719 0.0305080413818359
-0.0302944183349609 0.0288906097412109 -0.00373649597167969 0.032470703125
-0.00383377075195313 0.0401611328125 0.0149097442626953 0.0304946899414063
0.0174732208251953 0.0293636322021484 0.0207061767578125 0.0122604370117188
0.0323619842529297 0.0110607147216797 0.0197391510009766 -0.00258255004882812
0.0342426300048828 -0.00343894958496094 0.0124616622924805 -0.00283718109130859
0.0318851470947266 -0.00252723693847656 0.00485897064208984 0.000829696655273437
0.0355949401855469 -0.00348281860351563 0.000411510467529299 0.00442171096801758
0.036376953125 0.00531387329101563 -0.00292539596557617 0.00505781173706055
0.0279102325439453 0.0228767395019531 -0.00945568084716797 0.00189495086669922
0.0127143859863281 0.0351047515869141 -0.00548601150512695 -0.00466489791870117
-0.0192546844482422 0.0328655242919922 0.00546121597290039 -0.00869369506835937
-0.0412712097167969 0.0227203369140625 0.00588512420654297 0.0110969543457031
-0.0526390075683594 0.00786590576171875 -0.0180759429931641 0.0186691284179688
-0.0463218688964844 -0.0132598876953125 -0.0164737701416016 0.0263519287109375
-0.0463829040527344 0.00610351562500001 -0.0263347625732422 0.0311050415039063
-0.0340232849121094 0.0230083465576172 -0.0103378295898438 0.0325698852539063
-0.00972747802734375 0.0384254455566406 0.006103515625 0.0272998809814453
0.0134716033935547 0.032257080078125 0.0108003616333008 0.00992679595947266
0.0330009460449219 0.0142230987548828 0.00775051116943359 -0.000437736511230468
0.0341053009033203 -0.00122833251953125 -0.000561952590942381 0.00250601768493652
0.0314903259277344 -0.00105476379394531 -0.00717353820800781 0.00606298446655273
0.0346660614013672 -0.00192070007324219 -0.0108213424682617 0.00869941711425781
0.0348911285400391 0.007171630859375 -0.01275634765625 0.00542640686035157
0.025543212890625 0.0235824584960937 -0.0156135559082031 -0.000627517700195311
0.0100307464599609 0.0344486236572266 -0.00828981399536133 -0.00705766677856445
-0.0217533111572266 0.0298309326171875 0.00283050537109375 -0.00712823867797851
-0.0423469543457031 0.0143623352050781 -0.00245189666748047 0.0149450302124023
-0.0495223999023438 -0.00226211547851563 -0.0330848693847656 0.0165786743164062
-0.0305194854736328 -0.0208625793457031 -0.0314521789550781 0.020263671875
-0.0350360870361328 -0.00520896911621094 -0.0361671447753906 0.0280418395996094
-0.0311431884765625 0.0103015899658203 -0.0143566131591797 0.029876708984375
-0.0137805938720703 0.0281085968017578 -0.000438690185546876 0.0207347869873047
0.00697135925292968 0.02642822265625 0.00169610977172852 0.00498723983764649
0.025665283203125 0.0154075622558594 -0.00530958175659179 0.000197410583496094
0.0284061431884766 0.00150299072265625 -0.0130462646484375 0.00620174407958984
0.0265941619873047 0.000638961791992188 -0.0172567367553711 0.0114669799804687
0.0299568176269531 0.000768661499023438 -0.0210056304931641 0.0124683380126953
0.0293979644775391 0.00700569152832031 -0.0214157104492187 0.00598716735839844
0.0217552185058594 0.0209732055664063 -0.0223903656005859 -0.00175285339355468
0.00723838806152344 0.0307521820068359 -0.0120267868041992 -0.00912857055664062
-0.0226097106933594 0.0239315032958984 2.86102294921865E-05 -0.00782632827758789
-0.0389404296875 0.00594329833984375 -0.00915718078613281 0.0154275894165039
-0.0417556762695313 -0.0111656188964844 -0.0440254211425781 0.0119857788085938
-0.009979248046875 -0.0247211456298828 -0.0360031127929688 0.0135650634765625
-0.0183773040771484 -0.0160884857177734 -0.0387039184570312 0.02264404296875
-0.0204086303710938 -0.00362586975097656 -0.0162277221679687 0.0248222351074219
-0.0152215957641602 0.0124292373657227 -0.00378036499023437 0.014373779296875
-0.000984191894531251 0.0171680450439453 -0.00488138198852539 0.000609397888183596
0.0136966705322266 0.0129213333129883 -0.0145702362060547 -0.000395774841308593
0.0185031890869141 0.00403213500976563 -0.0225257873535156 0.00876617431640625
0.0165319442749023 0.00263786315917969 -0.0249977111816406 0.0146484375
0.0200595855712891 0.00162696838378906 -0.0289421081542969 0.0145854949951172
0.0206260681152344 0.00600051879882812 -0.0301742553710937 0.00537681579589844
0.0151643753051758 0.0153694152832031 -0.0279788970947266 -0.00429534912109374
0.00428009033203125 0.0233058929443359 -0.0149288177490234 -0.0118780136108398
-0.0197353363037109 0.0169696807861328 -0.00339174270629883 -0.00869083404541015
-0.0309200286865234 -0.00211906433105469 -0.0175418853759766 0.0129623413085938
-0.0283756256103516 -0.0193462371826172 -0.0525474548339844 0.0037841796875
0.00184822082519531 0.0181751251220703 0.049835205078125 -0.0024261474609375
0.0183773040771484 0.00442123413085938 0.0205764770507813 -0.00574302673339844
0.00835323333740234 -0.010441780090332 0.00432682037353516 0.00901889801025391
-0.00150203704833984 -0.0110445022583008 0.0192012786865234 0.01763916015625
-0.0066981315612793 -0.00763893127441406 0.0329608917236328 0.00682830810546875
-0.0118169784545898 -0.00215816497802734 0.0357513427734375 -0.00810623168945312
-0.00772523880004883 -0.00152015686035156 0.0323963165283203 -0.0186443328857422
-0.00550127029418945 -0.00257396697998047 0.0272235870361328 -0.0170860290527344
-0.00776290893554687 -0.00571060180664062 0.0235214233398438 -0.0104522705078125
-0.00066375732421875 -0.00943470001220703 0.0188407897949219 -0.002471923828125
0.00875520706176758 -0.00787544250488281 0.00771141052246094 -0.00102710723876953
0.0129079818725586 0.00110816955566406 0.00601863861083984 -0.00900840759277344
0.00944232940673828 0.0140628814697266 0.0181655883789063 -0.0194664001464844
0.0021820068359375 0.0232925415039063 0.0355644226074219 -0.0178794860839844
-0.00994682312011719 0.0251922607421875 0.0318031311035156 -0.00428390502929687
-0.0172786712646484 0.0190887451171875 0.0482444763183594 0.00667190551757813
0.00317668914794922 0.0133752822875977 0.0202007293701172 0.00249290466308594
0.00133609771728516 0.00213515758514404 0.0066680908203125 0.0136270523071289
0.00110673904418945 0.0020594596862793 0.022125244140625 0.0208034515380859
0.00185310840606689 0.000720500946044922 0.0350799560546875 0.00828170776367188
0.000977277755737305 -0.000988900661468506 0.0381889343261719 -0.00880050659179688
0.00508022308349609 -0.00442647933959961 0.0338497161865234 -0.0185661315917969
0.00622463226318359 -0.0043950080871582 0.0272865295410156 -0.0162696838378906
0.00641870498657227 -0.00687313079833984 0.0231418609619141 -0.00898933410644531
0.0127716064453125 -0.00551319122314453 0.0187149047851562 -0.00108718872070313
0.0173187255859375 0.003448486328125 0.00637149810791016 0.000422954559326172
0.0143699645996094 0.0144634246826172 0.00412464141845703 -0.00629472732543945
-0.00058937072753906 0.0246238708496094 0.0138053894042969 -0.0176658630371094
-0.014495849609375 0.0285072326660156 0.028564453125 -0.0130424499511719
-0.0268573760986328 0.0253028869628906 0.0239505767822266 0.00261116027832031
-0.0352897644042969 0.0156593322753906 0.0397720336914063 0.016082763671875
-0.0150241851806641 0.0212497711181641 0.0154304504394531 0.01220703125
-0.00781536102294922 0.0158853530883789 0.00644683837890625 0.0202865600585937
0.0030679702758789 0.0171623229980469 0.0231552124023438 0.0250492095947266
0.0107393264770508 0.0104961395263672 0.0343761444091797 0.00976181030273438
0.0150489807128906 0.00126838684082031 0.0363845825195313 -0.00790786743164063
0.0176353454589844 -0.00669288635253906 0.0307502746582031 -0.0152988433837891
0.0180034637451172 -0.00581741333007813 0.0228404998779297 -0.0128154754638672
0.0198516845703125 -0.007568359375 0.0189037322998047 -0.00594520568847656
0.0247344970703125 -0.00163841247558594 0.0143299102783203 0.000957489013671875
0.0240821838378906 0.0116386413574219 0.00273418426513672 0.00112533569335938
0.0157375335693359 0.0244064331054687 0.00128746032714844 -0.00514698028564453
-0.00808525085449219 0.0315914154052734 0.00979423522949219 -0.0154476165771484
-0.0272006988525391 0.0310096740722656 0.0209007263183594 -0.00582695007324219
-0.0405349731445312 0.0232391357421875 0.0123682022094727 0.00903415679931641
-0.0485763549804687 0.00849151611328124 0.0236625671386719 0.0227527618408203
-0.0326499938964844 0.0231971740722656 0.00457954406738281 0.021514892578125
-0.0188941955566406 0.0267620086669922 0.00341033935546875 0.0267829895019531
0.00217056274414062 0.0314006805419922 0.0213794708251953 0.0283412933349609
0.0177478790283203 0.0208663940429687 0.0294532775878906 0.0111045837402344
0.0269241333007813 0.00514602661132813 0.0302009582519531 -0.00559043884277344
0.0279045104980469 -0.00703048706054688 0.0229949951171875 -0.0100860595703125
0.0268421173095703 -0.00605201721191406 0.0148849487304688 -0.00734710693359375
0.0295524597167969 -0.00718307495117188 0.0103549957275391 -0.00172519683837891
0.0326614379882813 0.0008697509765625 0.00656700134277344 0.00222539901733398
0.0281810760498047 0.0175952911376953 -0.0027461051940918 0.000886917114257813
0.0165195465087891 0.0311832427978516 -0.00208854675292969 -0.00473117828369141
-0.0132217407226562 0.0345916748046875 0.00664901733398438 -0.0121212005615234
-0.0351219177246094 0.0301036834716797 0.0133256912231445 0.00185871124267578
-0.048187255859375 0.0184783935546875 -0.00139236450195313 0.0146961212158203
-0.052886962890625 -0.000576019287109374 0.00388145446777343 0.0265350341796875
-0.0437049865722656 0.0196342468261719 -0.0103340148925781 0.0285110473632812
-0.0287322998046875 0.0306377410888672 -0.0026397705078125 0.0312557220458984
-0.00180435180664063 0.0399932861328125 0.0146942138671875 0.0284709930419922
0.0198707580566406 0.028106689453125 0.0212802886962891 0.0104827880859375
0.0333881378173828 0.00854301452636719 0.0193309783935547 -0.00353240966796875
0.0334529876708984 -0.00639724731445313 0.0116119384765625 -0.00401496887207031
0.0310802459716797 -0.00532150268554687 0.00442886352539063 -0.000663280487060547
0.0347862243652344 -0.0063323974609375 0.000243425369262697 0.00388216972351074
0.035980224609375 0.00289535522460937 -0.00280618667602539 0.00427889823913574
0.0291347503662109 0.0209693908691406 -0.00921154022216797 0.000508308410644532
0.0151824951171875 0.0338001251220703 -0.00488710403442383 -0.00561285018920898
-0.0170822143554688 0.0341320037841797 0.00438213348388672 -0.00942039489746094
-0.0397796630859375 0.0254783630371094 0.00664329528808593 0.00916194915771485
-0.0507698059082031 0.0109710693359375 -0.01629638671875 0.0176658630371094
-0.0466384887695313 -0.00997924804687501 -0.0141735076904297 0.02593994140625
-0.0455589294433594 0.00971221923828125 -0.0237503051757813 0.0302906036376953
-0.0328083038330078 0.0253849029541016 -0.00918960571289063 0.0310688018798828
-0.00694656372070313 0.0390167236328125 0.0065155029296875 0.0259475708007813
0.0166187286376953 0.0302505493164062 0.0102005004882813 0.00901985168457031
0.0335445404052734 0.0118846893310547 0.00688934326171875 -0.00123023986816406
0.0334281921386719 -0.00387954711914062 -0.000751852989196776 0.00165176391601563
0.0307083129882812 -0.00383949279785156 -0.00663471221923828 0.00612878799438477
0.0341148376464844 -0.00437545776367188 -0.0105695724487305 0.00802040100097656
0.0350418090820313 0.00401115417480469 -0.0128889083862305 0.00502300262451172
0.0271797180175781 0.0208530426025391 -0.0157108306884766 -0.000875473022460937
0.0126914978027344 0.0331611633300781 -0.00778484344482422 -0.00694370269775391
-0.0197353363037109 0.0308284759521484 0.00272846221923828 -0.00773143768310547
-0.0406913757324219 0.0180625915527344 -0.00118160247802735 0.0136537551879883
-0.0481376647949219 0.0016937255859375 -0.0296421051025391 0.0169010162353516
-0.0310211181640625 -0.0178680419921875 -0.0287380218505859 0.0219440460205078
-0.0351982116699219 -0.00289154052734376 -0.0340156555175781 0.0280323028564453
-0.0292892456054688 0.0131893157958984 -0.0136470794677734 0.0286846160888672
-0.011322021484375 0.0291328430175781 0.000303268432617188 0.0202236175537109
0.0094757080078125 0.0252838134765625 0.00101804733276367 0.0047903060913086
0.0264644622802734 0.0129127502441406 -0.00584173202514648 0.000123023986816407
0.027740478515625 -0.000667572021484375 -0.0128622055053711 0.00705242156982422
0.0253734588623047 -0.00150108337402344 -0.0164766311645508 0.011906623840332
0.0291709899902344 -0.0022735595703125 -0.0199661254882812 0.0125694274902344
0.0297012329101563 0.0041046142578125 -0.0220508575439453 0.00645065307617188
0.0227298736572266 0.0186538696289063 -0.0222396850585938 -0.00166893005371094
0.00965690612792969 0.028961181640625 -0.01171875 -0.00910282135009765
-0.0203666687011719 0.0247879028320313 0.000465869903564452 -0.00799751281738281
-0.0376319885253906 0.00931930541992188 -0.00791645050048828 0.0154685974121094
-0.0406951904296875 -0.00765609741210938 -0.0419387817382813 0.013336181640625
-0.011383056640625 -0.023681640625 -0.0348072052001953 0.0151596069335937
-0.0191154479980469 -0.0136795043945313 -0.0364532470703125 0.0231704711914063
-0.0202617645263672 -0.00121307373046875 -0.0150299072265625 0.0243663787841797
-0.0131683349609375 0.0138149261474609 -0.00430393218994141 0.0139074325561523
0.00079059600830078 0.0164709091186523 -0.00573825836181641 0.00161409378051758
0.0145988464355469 0.0111808776855469 -0.0146055221557617 0.000719070434570316
0.0177364349365234 0.00208091735839844 -0.0211181640625 0.010406494140625
0.0166940689086914 0.00107192993164062 -0.0234012603759766 0.0160140991210938
0.0193996429443359 -0.000110626220703125 -0.0274028778076172 0.015533447265625
0.0205364227294922 0.00326728820800781 -0.0298480987548828 0.00636482238769531
0.0160942077636719 0.013615608215332 -0.0273418426513672 -0.00350570678710938
0.00631141662597656 0.0221977233886719 -0.0153932571411133 -0.0113124847412109
-0.0175113677978516 0.0176868438720703 -0.00301122665405274 -0.00845241546630859
-0.0301227569580078 0.000892639160156247 -0.0152597427368164 0.0128402709960938
-0.0287971496582031 -0.0160846710205078 -0.0504417419433594 0.00576400756835938
0.0023794174194336 0.0173768997192383 0.0488471984863281 -0.00300979614257812
0.0174894332885742 0.00322151184082031 0.0195369720458984 -0.00620079040527344
0.00746440887451172 -0.0100536346435547 0.00421810150146485 0.00914382934570313
-0.00217819213867188 -0.0104618072509766 0.018798828125 0.0171222686767578
-0.00673294067382813 -0.00731134414672852 0.0326423645019531 0.00613975524902344
-0.0114154815673828 -0.00131416320800781 0.0360183715820313 -0.009124755859375
-0.00712060928344727 -0.00104475021362305 0.0318431854248047 -0.0198726654052734
-0.00507879257202148 -0.00192689895629883 0.0260238647460937 -0.0182456970214844
-0.00715923309326172 -0.00452423095703125 0.0225048065185547 -0.0117778778076172
-0.00102996826171875 -0.00897312164306641 0.0188388824462891 -0.00411605834960938
0.00818872451782227 -0.00788211822509766 0.00843477249145508 -0.00215482711791992
0.012019157409668 0.000280380249023438 0.00693988800048828 -0.0088043212890625
0.00972366333007813 0.0126247406005859 0.0181694030761719 -0.0193099975585938
0.00342559814453125 0.0224990844726563 0.0345363616943359 -0.0181961059570313
-0.00817298889160156 0.0237960815429688 0.0321445465087891 -0.00551986694335937
-0.0164089202880859 0.0185146331787109 0.0475387573242187 0.00585556030273438
0.00309181213378906 0.013279914855957 0.0200252532958984 0.00116539001464844
0.000816583633422852 0.00237655639648438 0.00636386871337891 0.0136957168579102
0.00158047676086426 0.00260543823242188 0.0224132537841797 0.0206069946289063
0.00191569328308105 0.000672698020935058 0.0348529815673828 0.00742721557617188
0.00146162509918213 -0.000313401222229004 0.0380477905273438 -0.00934982299804688
0.00555801391601562 -0.00420141220092773 0.0326938629150391 -0.0194187164306641
0.00688457489013672 -0.00484895706176758 0.0262222290039062 -0.0175342559814453
0.0070195198059082 -0.00627899169921875 0.0222740173339844 -0.0107345581054688
0.0123252868652344 -0.00533103942871094 0.0186443328857422 -0.00284957885742188
0.016688346862793 0.00244617462158203 0.0075836181640625 -0.00104475021362305
0.0141067504882813 0.0138006210327148 0.00495576858520508 -0.00694990158081055
-0.000640869140625002 0.0232925415039063 0.0140752792358398 -0.0168609619140625
-0.0137157440185547 0.0280818939208984 0.0287094116210938 -0.0135040283203125
-0.0257282257080078 0.0247459411621094 0.0249824523925781 0.000858306884765626
-0.0349445343017578 0.0162162780761719 0.0394248962402344 0.01458740234375
-0.0152130126953125 0.0207309722900391 0.0147686004638672 0.0107545852661133
-0.00811290740966797 0.0164575576782227 0.00618362426757812 0.0198154449462891
0.00348281860351562 0.0173702239990234 0.0232715606689453 0.0248832702636719
0.0112991333007813 0.0108280181884766 0.03399658203125 0.00905227661132813
0.0157632827758789 0.00185871124267578 0.0356559753417969 -0.00870895385742188
0.0174713134765625 -0.00700664520263672 0.0294914245605469 -0.0163650512695313
0.0182704925537109 -0.0062255859375 0.0218372344970703 -0.0141029357910156
0.0200138092041016 -0.00827217102050781 0.0178337097167969 -0.00729179382324219
0.0241966247558594 -0.00244712829589844 0.0143709182739258 -0.0010986328125
0.0243492126464844 0.0109348297119141 0.00355124473571777 -0.000665903091430663
0.0165195465087891 0.0238723754882813 0.00239753723144531 -0.0058903694152832
-0.00747299194335938 0.0312137603759766 0.00999641418457032 -0.0154094696044922
-0.0264186859130859 0.0312309265136719 0.0209922790527344 -0.00687789916992187
-0.0388107299804688 0.0235404968261719 0.0136680603027344 0.00752735137939453
-0.0487899780273438 0.0100593566894531 0.02398681640625 0.0215969085693359
-0.0321407318115234 0.0240535736083984 0.00451850891113281 0.0202484130859375
-0.0185909271240234 0.0278663635253906 0.00312995910644531 0.0261611938476563
0.00337028503417968 0.0312328338623047 0.0208187103271484 0.0274753570556641
0.0181198120117187 0.0203742980957031 0.0289630889892578 0.0105381011962891
0.0270004272460938 0.00411796569824219 0.0288944244384766 -0.00642776489257812
0.0276412963867187 -0.00824737548828125 0.0220184326171875 -0.0113887786865234
0.02667236328125 -0.00722885131835938 0.0134592056274414 -0.00832748413085938
0.0298328399658203 -0.00823783874511719 0.00959968566894531 -0.00264167785644531
0.0325279235839844 -0.000223159790039063 0.00648355484008789 0.000660419464111328
0.0286216735839844 0.0163993835449219 -0.00217771530151367 -0.000500440597534179
0.0175094604492188 0.0304031372070313 -0.00105476379394531 -0.00573539733886719
-0.0124664306640625 0.0348777770996094 0.00645923614501953 -0.0121297836303711
-0.034088134765625 0.0309906005859375 0.0138530731201172 0.000594139099121096
-0.0471305847167969 0.0192184448242188 0.000494956970214841 0.013087272644043
-0.05267333984375 0.00141143798828126 0.00486564636230468 0.0253543853759766
-0.0435142517089844 0.0208358764648438 -0.00966835021972656 0.0270957946777344
-0.0278415679931641 0.0319194793701172 -0.00282669067382813 0.0299606323242188
-2.67028808593787E-05 0.0399131774902344 0.0146007537841797 0.0279197692871094
0.0208034515380859 0.0276947021484375 0.0200347900390625 0.0103969573974609
0.0334815979003906 0.00780296325683594 0.0183353424072266 -0.00387763977050781
0.0325756072998047 -0.00763893127441406 0.0110712051391602 -0.00465202331542969
0.0308876037597656 -0.0070648193359375 0.00390934944152832 -0.000835180282592774
0.0343971252441406 -0.00766563415527344 -0.000197887420654295 0.00240111351013184
0.0359840393066406 0.0011749267578125 -0.00304913520812988 0.00336313247680664
0.0300750732421875 0.0192737579345703 -0.00914382934570312 -0.000496864318847654
0.0168437957763672 0.0330867767333984 -0.00433635711669922 -0.006011962890625
-0.0162010192871094 0.0351638793945313 0.00438976287841797 -0.0100774765014648
-0.0388603210449219 0.0269012451171875 0.00697183609008789 0.00825738906860352
-0.0501861572265625 0.0121879577636719 -0.0143909454345703 0.0163059234619141
-0.046905517578125 -0.00843429565429688 -0.0129756927490234 0.0253696441650391
-0.0448455810546875 0.0111770629882813 -0.0230541229248047 0.029693603515625
-0.0322647094726563 0.0266609191894531 -0.00957870483398437 0.0303001403808594
-0.00534439086914062 0.0393447875976563 0.00652313232421875 0.0251007080078125
0.0176963806152344 0.0297718048095703 0.00977230072021485 0.00853824615478516
0.0337142944335938 0.00997543334960938 0.00589990615844727 -0.00109672546386719
0.0330142974853516 -0.00521469116210938 -0.000735402107238768 0.00185775756835938
0.0304660797119141 -0.00526237487792969 -0.00658607482910156 0.00577402114868164
0.0339221954345703 -0.00638198852539063 -0.0107641220092773 0.00795364379882812
0.0351047515869141 0.00196456909179688 -0.0131101608276367 0.00476837158203125
0.0277614593505859 0.0197734832763672 -0.0155153274536133 -0.00120353698730469
0.0139293670654297 0.0321102142333984 -0.00773048400878906 -0.0078272819519043
-0.018402099609375 0.0316162109375 0.00238418579101562 -0.0079813003540039
-0.0393638610839844 0.0203475952148438 -0.000561714172363284 0.0130271911621094
-0.0474662780761719 0.00360488891601563 -0.0279445648193359 0.0160179138183594
-0.0323715209960938 -0.0161075592041016 -0.0278167724609375 0.0216293334960937
-0.0351066589355469 -0.000600814819335944 -0.0325870513916016 0.0277996063232422
-0.0294647216796875 0.0147075653076172 -0.0131454467773437 0.0277671813964844
-0.009490966796875 0.0295982360839844 0.00011634826660156 0.0201663970947266
0.0104007720947266 0.0253257751464844 0.000218391418457032 0.00496387481689453
0.0268154144287109 0.0110206604003906 -0.00615167617797851 0.000480175018310548
0.0271530151367188 -0.00250816345214844 -0.0120744705200195 0.00798606872558594
0.0253334045410156 -0.00313568115234375 -0.0158233642578125 0.0121145248413086
0.028564453125 -0.00399589538574219 -0.0197792053222656 0.0130653381347656
0.0295143127441406 0.002899169921875 -0.0223522186279297 0.00642585754394531
0.0231761932373047 0.0171642303466797 -0.0223636627197266 -0.0019073486328125
0.0109214782714844 0.0279674530029297 -0.0114355087280273 -0.00980377197265625
-0.0191764831542969 0.025726318359375 0.000339508056640624 -0.00804615020751953
-0.0366249084472656 0.0113410949707031 -0.007415771484375 0.0146999359130859
-0.0404434204101562 -0.00590133666992188 -0.0405082702636719 0.0133781433105469
-0.0127544403076172 -0.0221214294433594 -0.0338706970214844 0.0156173706054687
-0.0197353363037109 -0.0123271942138672 -0.03594970703125 0.0233078002929688
-0.0202846527099609 -7.62939453124571E-06 -0.0149517059326172 0.0238399505615234
-0.0120706558227539 0.0145998001098633 -0.00466156005859375 0.0142183303833008
0.001983642578125 0.0160150527954102 -0.00592327117919922 0.00178289413452149
0.0156803131103516 0.00956439971923828 -0.0145301818847656 0.00209331512451172
0.0175323486328125 0.0007171630859375 -0.0203800201416016 0.0111904144287109
0.0165548324584961 -0.000515937805175781 -0.0227584838867187 0.0162334442138672
0.0190010070800781 -0.00153160095214844 -0.027099609375 0.0158710479736328
0.0206432342529297 0.00216484069824219 -0.0300006866455078 0.00673294067382813
0.0163307189941406 0.0128049850463867 -0.0271625518798828 -0.00297737121582031
0.00708770751953125 0.0211830139160156 -0.0157480239868164 -0.0113534927368164
-0.0166282653808594 0.0174846649169922 -0.00333023071289063 -0.0086221694946289
-0.0295219421386719 0.00214767456054687 -0.0148963928222656 0.0128450393676758
-0.027923583984375 -0.0140247344970703 -0.0496406555175781 0.00580978393554687
0.00249481201171875 0.0169496536254883 0.0497398376464844 -0.00300979614257812
0.0170879364013672 0.00288295745849609 0.0196018218994141 -0.00679397583007813
0.00686264038085938 -0.0102348327636719 0.00429821014404297 0.00939750671386719
-0.00226402282714844 -0.0100288391113281 0.0193672180175781 0.0176811218261719
-0.00708627700805664 -0.00705051422119141 0.0335407257080078 0.00606918334960937
-0.0106563568115234 -0.000495910644531252 0.036773681640625 -0.0102767944335937
-0.00687551498413086 -0.000499725341796876 0.0324211120605469 -0.0201950073242187
-0.00542497634887695 -0.00210762023925781 0.0261745452880859 -0.0192146301269531
-0.00686407089233398 -0.00356864929199219 0.0226783752441406 -0.0128974914550781
-0.00128793716430664 -0.00842761993408203 0.0190525054931641 -0.00532913208007813
0.00756072998046875 -0.00771474838256836 0.00950050354003906 -0.00287151336669922
0.0114908218383789 0.0001983642578125 0.0081777572631836 -0.00899028778076172
0.00987148284912109 0.0120744705200195 0.0192737579345703 -0.0191154479980469
0.00334548950195312 0.0216426849365234 0.0353240966796875 -0.0184860229492188
-0.00771903991699219 0.0233173370361328 0.033447265625 -0.00663375854492187
-0.0167961120605469 0.0184249877929688 0.0482292175292969 0.005279541015625
0.00224685668945312 0.0132160186767578 0.0193557739257813 0.00100135803222656
-4.50611114501951E-05 0.00285887718200684 0.00587558746337891 0.0139350891113281
0.00109457969665527 0.00264787673950195 0.0224437713623047 0.0209064483642578
0.00185096263885498 0.00169157981872559 0.0358009338378906 0.00760269165039062
0.00203990936279297 2.58684158325195E-05 0.0382308959960938 -0.0107002258300781
0.00576448440551758 -0.00440549850463867 0.0331916809082031 -0.020599365234375
0.00710487365722656 -0.00495719909667969 0.0256633758544922 -0.0189495086669922
0.00748825073242188 -0.00628471374511719 0.0221977233886719 -0.0122241973876953
0.0124244689941406 -0.00521659851074219 0.0191516876220703 -0.00446510314941406
0.0169820785522461 0.00260257720947266 0.00839567184448242 -0.00212526321411133
0.0139741897583008 0.0137882232666016 0.00605201721191406 -0.00738334655761719
-0.000574111938476561 0.0230903625488281 0.0146055221557617 -0.0166444778442383
-0.0134296417236328 0.0278186798095703 0.0291728973388672 -0.0142936706542969
-0.0253677368164063 0.0246868133544922 0.0264034271240234 0.000242233276367189
-0.0355873107910156 0.016754150390625 0.0399818420410156 0.0144691467285156
-0.0160980224609375 0.0216274261474609 0.0143165588378906 0.00967788696289063
-0.00834369659423828 0.017481803894043 0.00551986694335937 0.01983642578125
0.00359535217285156 0.0178489685058594 0.0235366821289063 0.0244960784912109
0.011845588684082 0.0108795166015625 0.0345458984375 0.00878334045410156
0.015625 0.00145626068115234 0.0360488891601563 -0.00923538208007813
0.0181255340576172 -0.00758743286132812 0.0294723510742188 -0.0177135467529297
0.01885986328125 -0.00730133056640625 0.0212574005126953 -0.0151634216308594
0.0200786590576172 -0.00830078125 0.0175600051879883 -0.00911045074462891
0.0247287750244141 -0.00251007080078125 0.0143318176269531 -0.00263881683349609
0.0250148773193359 0.0106163024902344 0.00412321090698242 -0.00197482109069824
0.0169239044189453 0.0240535736083984 0.00338125228881836 -0.00642728805541992
-0.00739097595214844 0.0316734313964844 0.010584831237793 -0.0151576995849609
-0.0260219573974609 0.0316123962402344 0.0217361450195313 -0.00799751281738281
-0.0390625 0.0238456726074219 0.0151100158691406 0.00650405883789063
-0.0494804382324219 0.0109939575195313 0.0247611999511719 0.0207748413085938
-0.0328006744384766 0.0249900817871094 0.00422096252441406 0.0196132659912109
-0.0190067291259766 0.0288543701171875 0.0021514892578125 0.0258636474609375
0.00383377075195313 0.0322418212890625 0.0207271575927734 0.0276718139648438
0.0190162658691406 0.0209770202636719 0.0291252136230469 0.0104236602783203
0.0277538299560547 0.00387763977050781 0.0289268493652344 -0.00682830810546875
0.0282611846923828 -0.00880622863769531 0.0219745635986328 -0.0122241973876953
0.0273857116699219 -0.00853347778320313 0.0136632919311523 -0.00906753540039063
0.0301132202148438 -0.00959396362304688 0.00907039642333985 -0.00419712066650391
0.0333671569824219 -0.0010986328125 0.00625991821289063 -0.000636577606201172
0.0302085876464844 0.0163764953613281 -0.00191068649291992 -0.00152790546417236
0.018280029296875 0.0303993225097656 -0.000214576721191406 -0.00662946701049805
-0.0122451782226563 0.0364952087402344 0.00723075866699219 -0.0128507614135742
-0.0346965789794922 0.0323715209960938 0.0145931243896484 -0.000332832336425779
-0.0473823547363281 0.0199623107910156 0.00146770477294922 0.0124893188476563
-0.0541267395019531 0.00245285034179687 0.00511741638183594 0.0253009796142578
-0.0443611145019531 0.0219230651855469 -0.0095672607421875 0.0265579223632813
-0.0286941528320313 0.0337905883789063 -0.00323104858398437 0.0301246643066406
0.000957489013671874 0.0405502319335938 0.0145969390869141 0.0284080505371094
0.0222339630126953 0.0278759002685547 0.0202178955078125 0.0102996826171875
0.0348262786865234 0.006927490234375 0.0181083679199219 -0.00419807434082031
0.0342006683349609 -0.00878334045410156 0.010838508605957 -0.00520896911621094
0.0318088531494141 -0.00835418701171875 0.00379300117492676 -0.00150632858276367
0.0350856781005859 -0.00946617126464844 -0.00102221965789795 0.00204885005950928
0.0368843078613281 -0.000339508056640625 -0.0033268928527832 0.00214028358459473
0.0316963195800781 0.0190143585205078 -0.00911140441894531 -0.00112056732177734
0.0180892944335937 0.0332317352294922 -0.00415754318237305 -0.00741720199584961
-0.0160903930664063 0.036376953125 0.00463581085205078 -0.010523796081543
-0.0390243530273438 0.0290756225585938 0.00763082504272461 0.00740289688110352
-0.0502967834472656 0.0134391784667969 -0.0132722854614258 0.0157623291015625
-0.0485763549804688 -0.00718688964843749 -0.0131053924560547 0.0253353118896484
-0.0455780029296875 0.0124015808105469 -0.0231533050537109 0.0289630889892578
-0.0324993133544922 0.0285396575927734 -0.0099945068359375 0.0303058624267578
-0.00450515747070313 0.0406455993652344 0.00644874572753906 0.0251979827880859
0.0189609527587891 0.0298824310302734 0.00912761688232422 0.00886631011962891
0.0344715118408203 0.00936126708984375 0.00558710098266602 -0.00126457214355469
0.0333957672119141 -0.00683784484863281 -0.00106251239776611 0.00179123878479004
0.0313014984130859 -0.00640487670898437 -0.00668621063232422 0.00573444366455078
0.0342903137207031 -0.00773239135742188 -0.0115718841552734 0.00739765167236328
0.0357704162597656 0.00093841552734375 -0.0135412216186523 0.00400447845458984
0.0294361114501953 0.0192604064941406 -0.0158910751342773 -0.0019683837890625
0.0154781341552734 0.0324172973632813 -0.00771713256835938 -0.00863552093505859
-0.0183124542236328 0.0327415466308594 0.0028076171875 -0.00871801376342773
-0.0398521423339844 0.0218849182128906 -0.000205039978027347 0.0121021270751953
-0.0479240417480469 0.00455093383789063 -0.0277385711669922 0.01544189453125
-0.0337677001953125 -0.0154380798339844 -0.0282230377197266 0.0216121673583984
-0.0357246398925781 0.000156402587890632 -0.0330944061279297 0.0275421142578125
-0.0300712585449219 0.0160865783691406 -0.0138301849365234 0.0276126861572266
-0.00882911682128906 0.0307636260986328 -0.000274658203125001 0.0199069976806641
0.0121803283691406 0.0248241424560547 -0.000152587890624999 0.00564861297607422
0.0277309417724609 0.0101413726806641 -0.00700616836547851 0.00139665603637696
0.0276241302490234 -0.00352668762207031 -0.0127458572387695 0.00778961181640625
0.0257015228271484 -0.00460052490234375 -0.0158977508544922 0.0125198364257812
0.029083251953125 -0.00525474548339844 -0.0202808380126953 0.013153076171875
0.0300254821777344 0.00161361694335938 -0.0225791931152344 0.00634765625
0.0242805480957031 0.0168285369873047 -0.0231952667236328 -0.00237655639648437
0.0121822357177734 0.0278682708740234 -0.0117788314819336 -0.0103282928466797
-0.0187740325927734 0.0264663696289063 -8.67843627929696E-05 -0.00889968872070312
-0.0366706848144531 0.0130157470703125 -0.00645732879638672 0.0143442153930664
-0.0407524108886719 -0.00513839721679687 -0.0403480529785156 0.0128326416015625
-0.0133876800537109 -0.0218963623046875 -0.0347080230712891 0.016204833984375
-0.0201797485351563 -0.0114841461181641 -0.0359268188476562 0.0233993530273438
-0.0205612182617188 0.00128936767578125 -0.0155563354492187 0.0231742858886719
-0.0109214782714844 0.0156621932983398 -0.00535011291503907 0.014286994934082
0.00289726257324219 0.0161666870117188 -0.00664520263671875 0.00247812271118164
0.0158853530883789 0.00894832611083984 -0.0149297714233398 0.00272941589355469
0.0175952911376953 -0.000213623046875 -0.0205821990966797 0.0122833251953125
0.0163660049438477 -0.00186061859130859 -0.0227470397949219 0.0172786712646484
0.0195522308349609 -0.00256919860839844 -0.0272941589355469 0.0169296264648437
0.0204925537109375 0.00137138366699219 -0.0302963256835937 0.00722885131835938
0.0171651840209961 0.0117626190185547 -0.0284290313720703 -0.00345802307128906
0.00837516784667969 0.0206298828125 -0.0156497955322266 -0.0121002197265625
-0.0157203674316406 0.0185604095458984 -0.00311756134033203 -0.00914955139160156
-0.0291213989257813 0.00351333618164063 -0.0138216018676758 0.0126676559448242
-0.0281295776367188 -0.0132923126220703 -0.0500068664550781 0.00565338134765624
0.00318145751953125 0.0169706344604492 0.0516471862792969 -0.00373077392578125
0.0172300338745117 0.00286197662353516 0.0194015502929688 -0.00714874267578125
0.00653457641601562 -0.0107669830322266 0.00402069091796875 0.00962352752685547
-0.00289726257324219 -0.0103206634521484 0.0202980041503906 0.0183525085449219
-0.00776147842407227 -0.00648975372314453 0.0350303649902344 0.00510025024414063
-0.0110530853271484 0.00020122528076172 0.0385055541992187 -0.0116157531738281
-0.00672006607055664 -0.000146865844726561 0.0327129364013672 -0.0226364135742188
-0.00511360168457031 -0.00179958343505859 0.0260181427001953 -0.0207347869873047
-0.00729656219482422 -0.00360631942749024 0.0234794616699219 -0.014556884765625
-0.00165891647338867 -0.0078883171081543 0.0199756622314453 -0.006805419921875
0.00725269317626953 -0.0083613395690918 0.0104246139526367 -0.00398731231689453
0.0119047164916992 -0.000230789184570313 0.00901317596435547 -0.00999736785888672
0.0103340148925781 0.0118217468261719 0.0197391510009766 -0.0197525024414063
0.00440788269042969 0.0212631225585938 0.0366363525390625 -0.0195884704589844
-0.00684738159179688 0.0235767364501953 0.0356597900390625 -0.0080718994140625
-0.0174369812011719 0.0192165374755859 0.0504264831542969 0.00471115112304688
0.00229549407958984 0.0136089324951172 0.0197105407714844 0.000387191772460938
0.000412702560424804 0.00373315811157227 0.00595569610595703 0.0145378112792969
0.000928640365600586 0.00330615043640137 0.0238056182861328 0.0215778350830078
0.00253582000732422 0.00183010101318359 0.0368461608886719 0.00646591186523438
0.00271368026733398 0.000355958938598633 0.039886474609375 -0.0120735168457031
0.0064091682434082 -0.00428056716918945 0.0338401794433594 -0.0224952697753906
0.00744915008544922 -0.0055079460144043 0.0259914398193359 -0.0207843780517578
0.00774955749511719 -0.00631856918334961 0.0221004486083984 -0.0138149261474609
0.0134048461914063 -0.00531291961669922 0.0195865631103516 -0.00638580322265625
0.0171442031860352 0.00260639190673828 0.00926589965820313 -0.00331497192382813
0.0146055221557617 0.0138931274414062 0.00768947601318359 -0.00822019577026367
-0.000127792358398438 0.02398681640625 0.0154781341552734 -0.0178012847900391
-0.0134773254394531 0.0287837982177734 0.0304279327392578 -0.0155124664306641
-0.0254955291748047 0.0258636474609375 0.0286216735839844 -0.001190185546875
-0.0368728637695313 0.0181465148925781 0.0417938232421875 0.0140342712402344
-0.0163021087646484 0.0229911804199219 0.0147972106933594 0.009765625
-0.00853157043457031 0.01922607421875 0.00525474548339843 0.0203819274902344
0.00440216064453125 0.0189323425292969 0.0247020721435547 0.0252513885498047
0.0129623413085938 0.0112018585205078 0.0357589721679687 0.00877761840820312
0.0170469284057617 0.00138282775878906 0.0369949340820313 -0.0105628967285156
0.0191135406494141 -0.008514404296875 0.0300540924072266 -0.0195808410644531
0.0195236206054688 -0.007965087890625 0.0214176177978516 -0.0169410705566406
0.0216560363769531 -0.00945472717285156 0.0172958374023438 -0.0104188919067383
0.0258960723876953 -0.00318717956542969 0.0147180557250977 -0.00463390350341797
0.0261745452880859 0.0108013153076172 0.00487613677978516 -0.00296783447265625
0.0181331634521484 0.0246067047119141 0.00417423248291016 -0.00767278671264648
-0.00728225708007813 0.0334815979003906 0.0111579895019531 -0.015751838684082
-0.0264854431152344 0.0338726043701172 0.0224990844726563 -0.00885772705078125
-0.0396842956542969 0.0250358581542969 0.0166196823120117 0.00510978698730469
-0.0513076782226563 0.01287841796875 0.0260028839111328 0.0210132598876953
-0.0338592529296875 0.0273056030273437 0.00403022766113281 0.019317626953125
-0.0193386077880859 0.0316200256347656 0.00234222412109375 0.0270957946777344
0.0052032470703125 0.033782958984375 0.0215873718261719 0.0283565521240234
0.0211353302001953 0.0211429595947266 0.0301342010498047 0.0102977752685547
0.0293426513671875 0.00353431701660156 0.0298385620117188 -0.0079498291015625
0.0296745300292969 -0.0106964111328125 0.022186279296875 -0.0133457183837891
0.0286483764648438 -0.00970458984375 0.0134057998657227 -0.0105838775634766
0.0317668914794922 -0.0108127593994141 0.00839567184448242 -0.00495147705078125
0.0350208282470703 -0.00235176086425781 0.006591796875 -0.00179147720336914
0.03192138671875 0.0160331726074219 -0.00192928314208984 -0.00246644020080566
0.020263671875 0.0311908721923828 0.000380992889404298 -0.00768375396728515
-0.0119247436523437 0.0385284423828125 0.00743579864501953 -0.0134687423706055
-0.0353736877441406 0.0352668762207031 0.0148410797119141 -0.00115585327148437
-0.0488967895507813 0.0218582153320313 0.00257492065429687 0.01141357421875
-0.0567817687988281 0.00400924682617187 0.00591850280761718 0.0256557464599609
-0.0452384948730469 0.0242958068847656 -0.00966072082519532 0.0269050598144531
-0.0288925170898438 0.0363349914550781 -0.003570556640625 0.0307331085205078
0.00218963623046875 0.0426979064941406 0.0153408050537109 0.0286426544189453
0.0240821838378906 0.0285491943359375 0.0203361511230469 0.0105972290039063
0.0366554260253906 0.00606155395507813 0.0182895660400391 -0.004180908203125
0.0352706909179687 -0.0105934143066406 0.0114469528198242 -0.00553703308105469
0.0333003997802734 -0.0099029541015625 0.00343823432922364 -0.00203418731689453
0.0367889404296875 -0.0110244750976562 -0.00141429901123047 0.00147640705108643
0.0390396118164063 -0.00178909301757812 -0.00360012054443359 0.00167417526245117
0.0340652465820313 0.0185794830322266 -0.00945091247558594 -0.00249671936035156
0.02032470703125 0.0337314605712891 -0.00412511825561523 -0.00811004638671875
-0.0155563354492188 0.0390090942382813 0.00513172149658203 -0.0113630294799805
-0.0400276184082031 0.0319709777832031 0.00832319259643555 0.00660228729248047
-0.0521392822265625 0.0156021118164063 -0.0129919052124023 0.0154914855957031
-0.0513916015625 -0.00603866577148438 -0.0133934020996094 0.0264339447021484
-0.0474472045898438 0.0147056579589844 -0.0234127044677734 0.0298881530761719
-0.0335826873779297 0.0316734313964844 -0.0101585388183594 0.0310592651367188
-0.00312042236328125 0.0425643920898438 0.00629425048828125 0.0259037017822266
0.0212631225585937 0.0306797027587891 0.00925636291503906 0.00936412811279297
0.0361213684082031 0.0089111328125 0.00553321838378907 -0.000624656677246093
0.0347862243652344 -0.00868606567382813 -0.000952005386352537 0.00196945667266846
0.0321731567382813 -0.00858879089355469 -0.00679445266723633 0.00609779357910156
0.0356712341308594 -0.0098419189453125 -0.0118122100830078 0.00824260711669922
0.037384033203125 -0.000774383544921875 -0.0142984390258789 0.00376605987548828
0.0315170288085938 0.0186119079589844 -0.0172224044799805 -0.00246715545654297
0.0176143646240234 0.0330333709716797 -0.00816535949707031 -0.00945568084716797
-0.0179977416992187 0.035247802734375 0.00240993499755859 -0.00927162170410156
-0.0407218933105469 0.0245857238769531 0.000530242919921872 0.0120649337768555
-0.0496025085449219 0.00620269775390626 -0.0279541015625 0.0155715942382813
-0.0355567932128906 -0.0144004821777344 -0.0286464691162109 0.0230083465576172
-0.0377540588378906 0.00200653076171875 -0.0337543487548828 0.0283641815185547
-0.0306301116943359 0.0182876586914063 -0.0147228240966797 0.0284423828125
-0.00812149047851563 0.0322856903076172 -0.000932693481445312 0.0204582214355469
0.0137481689453125 0.0259456634521484 -0.000834465026855468 0.00626993179321289
0.0293197631835938 0.00954627990722656 -0.00741291046142578 0.00192785263061523
0.0289516448974609 -0.005218505859375 -0.0122652053833008 0.00885581970214844
0.0268802642822266 -0.00572776794433594 -0.0163745880126953 0.0135774612426758
0.0299873352050781 -0.00720787048339844 -0.0210189819335937 0.0143280029296875
0.0314674377441406 -0.0001678466796875 -0.0239276885986328 0.00679969787597657
0.0264129638671875 0.0159912109375 -0.0240306854248047 -0.00247001647949219
0.013824462890625 0.0286674499511719 -0.0124111175537109 -0.0109920501708984
-0.0183944702148438 0.0286293029785156 -1.90734863281271E-05 -0.0096750259399414
-0.0378684997558594 0.0149803161621094 -0.00637054443359375 0.0145540237426758
-0.0419998168945313 -0.00342178344726563 -0.0412330627441406 0.0129585266113281
-0.0151424407958984 -0.0216484069824219 -0.0362472534179688 0.0174789428710938
-0.0213603973388672 -0.0106887817382812 -0.0371360778808594 0.0250129699707031
-0.0212955474853516 0.00252151489257812 -0.0156669616699219 0.0242252349853516
-0.0106382369995117 0.0168561935424805 -0.00611686706542969 0.014470100402832
0.00444126129150391 0.0167770385742188 -0.0078272819519043 0.00372886657714844
0.0170173645019531 0.00831127166748047 -0.0157785415649414 0.00418853759765625
0.0181293487548828 -0.00149345397949219 -0.0209560394287109 0.0132637023925781
0.0170927047729492 -0.00261306762695313 -0.0228691101074219 0.0186920166015625
0.0201148986816406 -0.00349235534667969 -0.0280742645263672 0.0182628631591797
0.0215072631835938 7.43865966796875E-05 -0.0318260192871094 0.00806427001953124
0.0185565948486328 0.0116291046142578 -0.0298614501953125 -0.00311088562011718
0.00934410095214844 0.0211524963378906 -0.0163364410400391 -0.0127677917480469
-0.0156440734863281 0.0194168090820313 -0.003173828125 -0.00995922088623047
-0.0298690795898438 0.00518608093261719 -0.0138587951660156 0.0133094787597656
-0.029266357421875 -0.0125560760498047 -0.0512161254882813 0.00675964355468749
0.00390911102294922 0.0170011520385742 0.0536918640136719 -0.00566482543945313
0.017242431640625 0.00187206268310547 0.0194988250732422 -0.00794219970703125
0.00618553161621094 -0.0110712051391602 0.00476837158203125 0.0104732513427734
-0.00379467010498047 -0.00977993011474609 0.0221900939941406 0.0185337066650391
-0.00860071182250976 -0.00584506988525391 0.0371017456054688 0.00344085693359375
-0.0111713409423828 0.00097942352294922 0.0398139953613281 -0.0149040222167969
-0.00713396072387695 0.000564098358154296 0.0327987670898438 -0.0256252288818359
-0.0052800178527832 -0.00141334533691406 0.0258140563964844 -0.0236072540283203
-0.00702190399169922 -0.00287199020385742 0.0232639312744141 -0.0170097351074219
-0.00223445892333984 -0.00778961181640625 0.0207118988037109 -0.00902938842773438
0.00638294219970703 -0.00873374938964844 0.0119342803955078 -0.00584506988525391
0.0118484497070313 -0.00131797790527344 0.00998878479003906 -0.0108489990234375
0.0113973617553711 0.0116682052612305 0.0207939147949219 -0.0212078094482422
0.00549507141113281 0.0214214324951172 0.0373687744140625 -0.0223655700683594
-0.00583076477050781 0.02471923828125 0.0374221801757813 -0.0108451843261719
-0.0173492431640625 0.0209751129150391 0.0525398254394531 0.00300979614257813
0.00241661071777344 0.0144367218017578 0.0196762084960938 -0.000570297241210937
0.000367164611816407 0.0046687126159668 0.00650787353515625 0.014836311340332
0.00149250030517578 0.00413990020751953 0.0253639221191406 0.0214900970458984
0.00263690948486328 0.00206327438354492 0.038665771484375 0.00500106811523438
0.00344443321228027 0.000406980514526367 0.0410270690917969 -0.0149192810058594
0.00645256042480469 -0.00510787963867188 0.0335845947265625 -0.0254287719726563
0.00800323486328125 -0.00632429122924805 0.0252246856689453 -0.0231952667236328
0.00857257843017578 -0.00747299194335937 0.0222511291503906 -0.0163116455078125
0.0135107040405273 -0.00545978546142578 0.0198879241943359 -0.00846672058105469
0.0175933837890625 0.00189018249511719 0.00992012023925781 -0.00489711761474609
0.0156593322753906 0.0134954452514648 0.00817775726318359 -0.00941658020019531
0.000940322875976562 0.0248928070068359 0.0163478851318359 -0.0190620422363281
-0.0127716064453125 0.0303001403808594 0.0311393737792969 -0.0175056457519531
-0.0254974365234375 0.0274620056152344 0.0311145782470703 -0.00363349914550781
-0.0375785827636719 0.0208320617675781 0.0440101623535156 0.0130233764648438
-0.0160446166992188 0.0249404907226563 0.0153589248657227 0.00905513763427735
-0.00825119018554687 0.0212154388427734 0.00583839416503906 0.0211448669433594
0.005767822265625 0.0201416015625 0.0262680053710938 0.0251502990722656
0.0143766403198242 0.0113964080810547 0.0372161865234375 0.00745391845703125
0.0183620452880859 0.000942230224609375 0.0379714965820313 -0.0128860473632813
0.0195751190185547 -0.0103130340576172 0.0300693511962891 -0.0222282409667969
0.0201225280761719 -0.0100002288818359 0.0209503173828125 -0.0191230773925781
0.02215576171875 -0.0112514495849609 0.0168972015380859 -0.0125503540039063
0.0271186828613281 -0.004913330078125 0.0150585174560547 -0.00666141510009766
0.0281505584716797 0.0095672607421875 0.00511026382446289 -0.00435543060302734
0.0204849243164062 0.025115966796875 0.00480937957763672 -0.00872087478637695
-0.00602340698242187 0.0355033874511719 0.0114173889160156 -0.0170793533325195
-0.0260047912597656 0.037078857421875 0.02325439453125 -0.0109405517578125
-0.0400772094726562 0.0280914306640625 0.0191555023193359 0.00342178344726563
-0.0529632568359375 0.0161781311035156 0.0278968811035156 0.0206699371337891
-0.0341358184814453 0.030242919921875 0.00457572937011719 0.0194759368896484
-0.0187854766845703 0.0349140167236328 0.00287437438964844 0.0276355743408203
0.00749588012695313 0.0356292724609375 0.0236358642578125 0.0283870697021484
0.0232772827148438 0.0211029052734375 0.031402587890625 0.00953292846679688
0.0313224792480469 0.00207901000976563 0.0300025939941406 -0.00906944274902344
0.0303001403808594 -0.0130290985107422 0.0225257873535156 -0.0154533386230469
0.0296401977539063 -0.0122776031494141 0.0129528045654297 -0.0119218826293945
0.0325164794921875 -0.013824462890625 0.00824642181396485 -0.00630331039428711
0.0366172790527344 -0.00429534912109375 0.00623416900634766 -0.003875732421875
0.03460693359375 0.0146827697753906 -0.00218033790588379 -0.00371479988098144
0.0231781005859375 0.0316486358642578 0.000501632690429689 -0.00892543792724609
-0.0101699829101562 0.0415420532226563 0.00736236572265625 -0.0145273208618164
-0.0347175598144531 0.0390892028808594 0.0159711837768555 -0.0028076171875
-0.0496864318847656 0.025360107421875 0.00448131561279297 0.0107355117797852
-0.0593986511230469 0.00807952880859375 0.00701332092285156 0.0262317657470703
-0.0466995239257813 0.0278472900390625 -0.00941848754882813 0.0276012420654297
-0.0282058715820313 0.0408782958984375 -0.00290679931640625 0.0321826934814453
0.0050811767578125 0.045074462890625 0.0161323547363281 0.0292339324951172
0.0274753570556641 0.0284328460693359 0.0215530395507813 0.0104236602783203
0.0385971069335938 0.00442886352539063 0.0180091857910156 -0.00455093383789063
0.0359840393066406 -0.0133476257324219 0.0111589431762695 -0.00650787353515625
0.0341434478759766 -0.0128517150878906 0.00332140922546387 -0.00274038314819336
0.0375099182128906 -0.0144844055175781 -0.00198829174041748 0.00159859657287598
0.0404281616210938 -0.0043487548828125 -0.00416421890258789 0.000625371932983399
0.0365486145019531 0.0171890258789063 -0.0101528167724609 -0.00263214111328125
0.0236740112304688 0.0343341827392578 -0.00451374053955078 -0.00944137573242187
-0.0140037536621094 0.0423965454101563 0.00490093231201172 -0.0122442245483398
-0.0398178100585937 0.0358123779296875 0.00870513916015625 0.00589179992675781
-0.0534858703613281 0.0186767578125 -0.0114660263061523 0.0157289505004883
-0.0543403625488281 -0.00287246704101561 -0.0126438140869141 0.0277385711669922
-0.0488014221191406 0.0181961059570313 -0.0234298706054687 0.0312938690185547
-0.0337085723876953 0.0351409912109375 -0.00993919372558594 0.0320453643798828
-0.000518798828125003 0.0450592041015625 0.00707626342773437 0.026336669921875
0.0244235992431641 0.0308265686035156 0.00940036773681641 0.00972366333007813
0.0385971069335938 0.00698089599609375 0.00504732131958008 -5.43594360351558E-05
0.0355873107910156 -0.0112686157226563 -0.0009082555770874 0.00187647342681885
0.0333213806152344 -0.0111732482910156 -0.00683736801147461 0.00633716583251953
0.0369529724121094 -0.0130195617675781 -0.0124301910400391 0.00921058654785156
0.0392074584960938 -0.00344467163085937 -0.0151796340942383 0.00444698333740235
0.0345172882080078 0.0173625946044922 -0.0183696746826172 -0.00275611877441406
0.0205020904541016 0.033355712890625 -0.00934314727783203 -0.00994682312011719
-0.0164680480957031 0.0383834838867187 0.00250625610351562 -0.0101737976074219
-0.0411834716796875 0.028961181640625 0.00133705139160156 0.0120401382446289
-0.0511207580566406 0.00952529907226562 -0.0277214050292969 0.0166435241699219
-0.0386161804199219 -0.0130691528320313 -0.0293598175048828 0.0250034332275391
-0.0390548706054688 0.00476837158203126 -0.0340862274169922 0.0307292938232422
-0.0312271118164062 0.0217552185058594 -0.0142288208007813 0.0293712615966797
-0.00601005554199219 0.0345783233642578 -0.000549316406249999 0.0209407806396484
0.0169448852539063 0.0257968902587891 -0.00108623504638672 0.00686931610107422
0.030792236328125 0.00827217102050781 -0.00770330429077148 0.00364923477172851
0.0294780731201172 -0.00753021240234375 -0.012354850769043 0.0100545883178711
0.0273342132568359 -0.008575439453125 -0.0161523818969727 0.014714241027832
0.031280517578125 -0.00945663452148438 -0.0214691162109375 0.0161323547363281
0.0326023101806641 -0.00293159484863281 -0.0250492095947266 0.00798797607421875
0.0288066864013672 0.0151424407958984 -0.025726318359375 -0.00168418884277344
0.0165748596191406 0.0288162231445313 -0.0137767791748047 -0.0109548568725586
-0.0172691345214844 0.0311412811279297 -0.000509262084960939 -0.010096549987793
-0.0378074645996094 0.01824951171875 -0.00584030151367188 0.0151777267456055
-0.0435333251953125 -0.000934600830078118 -0.0422439575195313 0.0148773193359375
-0.0168724060058594 -0.0209636688232422 -0.0372505187988281 0.0202560424804688
-0.0232334136962891 -0.00917816162109375 -0.0377044677734375 0.0269889831542969
-0.0223903656005859 0.00474357604980469 -0.0156631469726563 0.0251541137695313
-0.00924110412597657 0.0186214447021484 -0.00588417053222656 0.015380859375
0.00636959075927734 0.0168695449829102 -0.00835180282592773 0.00510549545288086
0.018218994140625 0.00737762451171875 -0.0165281295776367 0.00579452514648438
0.0185356140136719 -0.002685546875 -0.0199241638183594 0.0155048370361328
0.0180225372314453 -0.00411605834960938 -0.0223484039306641 0.020721435546875
0.0208053588867188 -0.0054473876953125 -0.0286216735839844 0.020538330078125
0.0227909088134766 -0.00180244445800781 -0.0329399108886719 0.0100173950195312
0.0204429626464844 0.0106468200683594 -0.0318889617919922 -0.00158119201660156
0.0112724304199219 0.0209808349609375 -0.0179214477539063 -0.0128135681152344
-0.0150127410888672 0.0212459564208984 -0.0038900375366211 -0.0105066299438477
-0.0302810668945312 0.00776100158691407 -0.0131616592407227 0.0142917633056641
-0.0302562713623047 -0.0110454559326172 -0.0530204772949219 0.00867080688476563
0.0050506591796875 0.0168523788452148 0.0545501708984375 -0.00878143310546875
0.0176029205322266 0.000921249389648438 0.0189533233642578 -0.00904464721679687
0.00573348999023437 -0.0112800598144531 0.00492000579833984 0.0104093551635742
-0.00441169738769531 -0.00953197479248047 0.0234699249267578 0.0177955627441406
-0.00952434539794922 -0.00465679168701172 0.0377769470214844 0.00145721435546875
-0.0108633041381836 0.00276851654052734 0.0395088195800781 -0.0183143615722656
-0.00649356842041016 0.0014500617980957 0.0318622589111328 -0.0288352966308594
-0.0054931640625 -0.000824928283691407 0.0246982574462891 -0.0260124206542969
-0.00713014602661133 -0.00185585021972656 0.0223045349121094 -0.0196418762207031
-0.00260162353515625 -0.007080078125 0.0200786590576172 -0.0115318298339844
0.00525379180908203 -0.00865554809570313 0.0117559432983398 -0.007080078125
0.0118093490600586 -0.00192451477050781 0.0104961395263672 -0.0121116638183594
0.0121383666992187 0.0105743408203125 0.0203495025634766 -0.0220947265625
0.00682640075683594 0.0214061737060547 0.03729248046875 -0.02532958984375
-0.004119873046875 0.0246124267578125 0.0384750366210938 -0.0142059326171875
-0.0165233612060547 0.0222911834716797 0.0539093017578125 -0.000125885009765624
0.00259590148925781 0.0149259567260742 0.0197238922119141 -0.00206756591796875
0.000541210174560546 0.00498199462890625 0.00723934173583984 0.0152263641357422
0.00193476676940918 0.00426411628723145 0.0270004272460938 0.0203132629394531
0.00302052497863769 0.00228357315063477 0.0398101806640625 0.00295257568359375
0.00405359268188476 0.000850915908813476 0.0406074523925781 -0.017852783203125
0.00685501098632812 -0.00574827194213867 0.0321578979492188 -0.0288429260253906
0.00761604309082031 -0.00664758682250977 0.0235176086425781 -0.0261898040771484
0.00858783721923828 -0.00765228271484375 0.0207843780517578 -0.0188331604003906
0.0135459899902344 -0.00653076171875 0.0196418762207031 -0.0110282897949219
0.0180568695068359 0.00091552734375 0.0103845596313477 -0.00693798065185547
0.0165615081787109 0.0130186080932617 0.0084228515625 -0.0106067657470703
0.00261497497558594 0.0256023406982422 0.0155315399169922 -0.0201530456542969
-0.0110988616943359 0.0320358276367188 0.0310230255126953 -0.0204448699951172
-0.0240383148193359 0.0291633605957031 0.0320281982421875 -0.00652122497558594
-0.0373039245605469 0.0238113403320312 0.0457305908203125 0.0103302001953125
-0.0154857635498047 0.0268344879150391 0.0154409408569336 0.00798892974853516
-0.006744384765625 0.0230484008789063 0.00700569152832031 0.0214672088623047
0.00757789611816406 0.0205059051513672 0.0282058715820313 0.0242786407470703
0.0154953002929687 0.011260986328125 0.0383148193359375 0.00500106811523438
0.0192584991455078 -0.000286102294921875 0.0375823974609375 -0.0159378051757813
0.0196247100830078 -0.0119686126708984 0.0285892486572266 -0.0249423980712891
0.0195274353027344 -0.0118980407714844 0.0190963745117188 -0.0213794708251953
0.0220832824707031 -0.0134696960449219 0.0157289505004883 -0.0146389007568359
0.0273685455322266 -0.00718498229980469 0.0144691467285156 -0.00901603698730469
0.0290641784667969 0.00813865661621094 0.00512790679931641 -0.00607681274414062
0.0221481323242188 0.02410888671875 0.00516223907470703 -0.0102224349975586
-0.003814697265625 0.0369873046875 0.0108566284179688 -0.0178623199462891
-0.0244560241699219 0.0398330688476562 0.0232315063476562 -0.0132865905761719
-0.0391502380371094 0.0313072204589844 0.0205860137939453 0.001129150390625
-0.0535049438476563 0.0205230712890625 0.0298500061035156 0.0192356109619141
-0.0331802368164063 0.0335903167724609 0.00553131103515625 0.0190639495849609
-0.0165863037109375 0.0377845764160156 0.00392723083496094 0.0279216766357422
0.0102081298828125 0.0361061096191406 0.0250873565673828 0.0273036956787109
0.0256023406982422 0.0201053619384766 0.0324916839599609 0.00767135620117188
0.0321903228759766 5.7220458984375E-06 0.0300731658935547 -0.0110569000244141
0.0299758911132813 -0.0155563354492188 0.0214290618896484 -0.01727294921875
0.0291786193847656 -0.0151252746582031 0.0120153427124023 -0.0136423110961914
0.0322513580322266 -0.0170249938964844 0.00743532180786133 -0.00722265243530274
0.03704833984375 -0.00783920288085938 0.00572538375854492 -0.00510978698730469
0.0367431640625 0.0127830505371094 -0.00217247009277344 -0.0046544075012207
0.0262241363525391 0.0310077667236328 0.000124931335449221 -0.00967693328857422
-0.00751876831054687 0.0435218811035156 0.00671195983886719 -0.0153017044067383
-0.0328178405761719 0.0428199768066406 0.0162019729614258 -0.00420284271240234
-0.0487632751464844 0.0292778015136719 0.00591373443603515 0.00918769836425781
-0.0602455139160156 0.0128211975097656 0.00871849060058593 0.0261421203613281
-0.0455055236816406 0.0322723388671875 -0.00826644897460938 0.0282306671142578
-0.0263633728027344 0.0445671081542969 -0.00181770324707031 0.03228759765625
0.00879669189453126 0.0455856323242188 0.0181713104248047 0.0288448333740234
0.0306987762451172 0.0272026062011719 0.0222530364990234 0.0096893310546875
0.0405044555664063 0.0014190673828125 0.0178985595703125 -0.00531578063964844
0.0359344482421875 -0.016876220703125 0.0108346939086914 -0.00755119323730469
0.0337429046630859 -0.0162239074707031 0.00266575813293457 -0.00336790084838867
0.0375251770019531 -0.0179824829101563 -0.00256252288818359 0.00159072875976562
0.0410499572753906 -0.00799560546875 -0.00454092025756836 0.000296115875244141
0.0395011901855469 0.0143394470214844 -0.0107965469360352 -0.00295162200927735
0.0266380310058594 0.0337352752685547 -0.00509071350097656 -0.00977134704589844
-0.0111961364746094 0.0444755554199219 0.00429153442382813 -0.0129013061523437
-0.0380859375 0.0406417846679688 0.00949192047119141 0.00496196746826172
-0.0530242919921875 0.0234336853027344 -0.0105142593383789 0.0155048370361328
-0.0557365417480469 0.00157928466796875 -0.0115509033203125 0.0289535522460938
-0.0485115051269531 0.0227317810058594 -0.0221920013427734 0.0326423645019531
-0.0319252014160156 0.0398101806640625 -0.00846099853515626 0.0331802368164063
0.00286483764648437 0.0464324951171875 0.0085296630859375 0.0265693664550781
0.0277118682861328 0.0293025970458984 0.0097808837890625 0.0101852416992188
0.0404319763183594 0.00386810302734375 0.00510978698730469 0.000349998474121094
0.0357170104980469 -0.01458740234375 -0.000707387924194334 0.00202643871307373
0.0326213836669922 -0.0148696899414063 -0.00687599182128906 0.00676870346069336
0.0367469787597656 -0.0165290832519531 -0.0127391815185547 0.0100727081298828
0.0396804809570312 -0.00701522827148437 -0.0155916213989258 0.00523471832275391
0.0369720458984375 0.0147819519042969 -0.0189952850341797 -0.0014801025390625
0.0238285064697266 0.0325813293457031 -0.0099029541015625 -0.0101823806762695
-0.0138397216796875 0.0409431457519531 0.00142574310302734 -0.0105819702148437
-0.0394783020019531 0.0333213806152344 0.00205039978027343 0.0113334655761719
-0.051177978515625 0.0135765075683594 -0.0265159606933594 0.0179004669189453
-0.0401344299316406 -0.00955963134765626 -0.0288314819335938 0.0278434753417969
-0.0400962829589844 0.00817871093749999 -0.0330162048339844 0.0331020355224609
-0.0299797058105469 0.0253753662109375 -0.0133705139160156 0.0309371948242188
-0.0029449462890625 0.0360298156738281 -0.000183105468749999 0.0212059020996094
0.0189037322998047 0.0253429412841797 -0.000994682312011717 0.00808382034301758
0.0326347351074219 0.00546455383300781 -0.00738954544067383 0.0047602653503418
0.0295219421386719 -0.0103836059570313 -0.0118904113769531 0.0114126205444336
0.0270023345947266 -0.0110683441162109 -0.0150051116943359 0.016357421875
0.0305156707763672 -0.0133209228515625 -0.0210914611816406 0.0185413360595703
0.0331668853759766 -0.005340576171875 -0.0250587463378906 0.00992012023925782
0.0305652618408203 0.0132732391357422 -0.0266933441162109 -0.000265121459960935
0.0193328857421875 0.0281620025634766 -0.0148439407348633 -0.0111989974975586
-0.0154933929443359 0.0332775115966797 -0.00093364715576172 -0.00989246368408203
-0.03741455078125 0.0226211547851563 -0.00475311279296875 0.0151128768920898
-0.0439262390136719 0.00232315063476562 -0.0415763854980469 0.0171089172363281
-0.019012451171875 -0.0192794799804688 -0.0375137329101562 0.0229568481445313
-0.0242099761962891 -0.00676155090332031 -0.0372734069824219 0.0295524597167969
-0.0221748352050781 0.00709915161132812 -0.0145606994628906 0.0263633728027344
-0.00806236267089844 0.019744873046875 -0.00627994537353516 0.0165748596191406
0.00803375244140625 0.0164194107055664 -0.00841808319091797 0.00598812103271484
0.0192584991455078 0.00562858581542969 -0.0162172317504883 0.00846099853515625
0.0187816619873047 -0.00446891784667969 -0.0194149017333984 0.0172252655029297
0.0172843933105469 -0.00612735748291016 -0.0211524963378906 0.0229396820068359
0.0203533172607422 -0.00770187377929688 -0.0275459289550781 0.0233402252197266
0.0224285125732422 -0.003631591796875 -0.0334434509277344 0.0126934051513672
0.0213508605957031 0.00925445556640625 -0.0328140258789063 0.000469207763671872
0.0130805969238281 0.0205192565917969 -0.0193061828613281 -0.0119647979736328
-0.0138778686523438 0.023101806640625 -0.004730224609375 -0.01043701171875
-0.0297698974609375 0.0101394653320313 -0.0123891830444336 0.0151596069335937
-0.0308284759521484 -0.00878715515136719 -0.0532379150390625 0.0120506286621094
0.00580501556396485 0.0161256790161133 0.0538787841796875 -0.0115509033203125
0.0169486999511719 8.0108642578125E-05 0.0178089141845703 -0.00995635986328125
0.00494289398193359 -0.0115585327148438 0.00515556335449219 0.0104694366455078
-0.00502681732177734 -0.00904560089111328 0.0243244171142578 0.016693115234375
-0.00948715209960937 -0.00335216522216797 0.0379447937011719 -0.000476837158203125
-0.0101966857910156 0.0035247802734375 0.0378761291503906 -0.0206146240234375
-0.00641727447509766 0.00224447250366211 0.0294399261474609 -0.0305900573730469
-0.00537395477294922 -0.000493526458740234 0.0220680236816406 -0.0275745391845703
-0.00678777694702148 -0.00182771682739258 0.0202770233154297 -0.0213108062744141
-0.00309562683105469 -0.00632047653198242 0.0188484191894531 -0.0136756896972656
0.00414514541625976 -0.00859832763671875 0.0120420455932617 -0.00853347778320313
0.0109291076660156 -0.00239753723144531 0.0105142593383789 -0.0130882263183594
0.012568473815918 0.00958061218261719 0.0191993713378906 -0.0228500366210938
0.00824737548828125 0.0204715728759766 0.0356559753417969 -0.0273246765136719
-0.00228691101074219 0.0238151550292969 0.0381126403808594 -0.0166854858398438
-0.0150260925292969 0.0231895446777344 0.0536689758300781 -0.00258636474609375
0.00329685211181641 0.0150632858276367 0.018798828125 -0.00270462036132812
0.000634193420410156 0.00513601303100586 0.00724983215332031 0.0149698257446289
0.00222587585449219 0.00436925888061523 0.02783203125 0.0192928314208984
0.0034332275390625 0.00281190872192383 0.0395393371582031 0.000743865966796875
0.00434398651123047 0.000557661056518555 0.0389938354492188 -0.0205230712890625
0.00659656524658203 -0.00591087341308594 0.0295524597167969 -0.0307197570800781
0.00717830657958984 -0.00717353820800781 0.0210742950439453 -0.0275955200195313
0.00816535949707031 -0.00850868225097656 0.0189323425292969 -0.0201797485351563
0.013361930847168 -0.00708675384521484 0.0181789398193359 -0.0133380889892578
0.0178489685058594 0.000261306762695312 0.0102434158325195 -0.00830364227294922
0.0170669555664063 0.0122556686401367 0.00887775421142578 -0.0114536285400391
0.00353050231933594 0.0252494812011719 0.0151576995849609 -0.0206413269042969
-0.00907135009765625 0.0320510864257813 0.0296955108642578 -0.0217666625976562
-0.0223789215087891 0.0300216674804687 0.0324954986572266 -0.00886917114257812
-0.0355987548828125 0.0263214111328125 0.0459518432617187 0.0078277587890625
-0.0137996673583984 0.0279884338378906 0.0152196884155273 0.00699806213378906
-0.00581550598144531 0.0241470336914063 0.00755691528320312 0.0206966400146484
0.00901031494140625 0.0202198028564453 0.0286102294921875 0.0229740142822266
0.0166006088256836 0.0102205276489258 0.0379104614257813 0.00326156616210938
0.0196609497070313 -0.00142478942871094 0.0361289978027344 -0.017852783203125
0.018951416015625 -0.0132408142089844 0.0265178680419922 -0.02691650390625
0.018646240234375 -0.0132522583007813 0.0170059204101563 -0.0228042602539063
0.0212173461914063 -0.0149497985839844 0.0139799118041992 -0.015568733215332
0.0270099639892578 -0.0086212158203125 0.0133867263793945 -0.0109701156616211
0.0299873352050781 0.00653457641601563 0.0046086311340332 -0.00754261016845703
0.0235557556152344 0.0228347778320313 0.00465202331542969 -0.0105867385864258
-0.0013580322265625 0.0371284484863281 0.0100727081298828 -0.0183506011962891
-0.0216102600097656 0.0413665771484375 0.02294921875 -0.0149974822998047
-0.0373268127441406 0.0330924987792969 0.0213832855224609 -0.00115394592285156
-0.052001953125 0.0239791870117187 0.0303955078125 0.0176963806152344
-0.0311126708984375 0.0355224609375 0.00605392456054687 0.0183525085449219
-0.0142669677734375 0.0393333435058594 0.00500106811523437 0.0275993347167969
0.0130386352539063 0.0354843139648438 0.0257301330566406 0.0262203216552734
0.0270309448242188 0.0185871124267578 0.0322990417480469 0.00622177124023438
0.0327224731445313 -0.00197792053222656 0.0289630889892578 -0.0121917724609375
0.0289497375488281 -0.0176506042480469 0.0199775695800781 -0.0185451507568359
0.0278682708740234 -0.0173225402832031 0.0105094909667969 -0.0143241882324219
0.0313091278076172 -0.0193328857421875 0.00595474243164063 -0.0081171989440918
0.0364646911621094 -0.0102195739746094 0.00460290908813477 -0.0065464973449707
0.0371742248535156 0.0103683471679687 -0.00270032882690429 -0.00568056106567383
0.0279178619384766 0.0290546417236328 -0.000628471374511717 -0.0104770660400391
-0.00506591796875 0.0445327758789063 0.00645732879638672 -0.0157651901245117
-0.0300979614257813 0.0453376770019531 0.0158815383911133 -0.00559425354003906
-0.0469818115234375 0.0317535400390625 0.00728273391723633 0.00751781463623047
-0.0592422485351562 0.0167083740234375 0.00997543334960937 0.0254344940185547
-0.0434226989746094 0.0353736877441406 -0.00714111328125 0.0275478363037109
-0.0234375 0.0469551086425781 -0.000843048095703128 0.0318355560302734
0.0115165710449219 0.045562744140625 0.0187397003173828 0.0275535583496094
0.0316829681396484 0.0247058868408203 0.0224113464355469 0.0086822509765625
0.0404319763183594 -0.00110626220703125 0.01763916015625 -0.006072998046875
0.0343570709228516 -0.01947021484375 0.0101375579833984 -0.00828933715820313
0.0323848724365234 -0.0185890197753906 0.00223326683044434 -0.00382614135742188
0.0355796813964844 -0.0208702087402344 -0.00305557250976562 0.00177764892578125
0.041015625 -0.0111732482910156 -0.00526142120361328 -0.000286102294921876
0.040313720703125 0.011688232421875 -0.0113706588745117 -0.00278186798095703
0.029144287109375 0.0313777923583984 -0.00588512420654297 -0.00974369049072265
-0.00818634033203125 0.04559326171875 0.0037841796875 -0.0132303237915039
-0.0353584289550781 0.0433158874511719 0.00969123840332031 0.00367069244384766
-0.0512199401855469 0.026336669921875 -0.00881958007812501 0.0148630142211914
-0.0553321838378906 0.00518798828125 -0.0103054046630859 0.0295143127441406
-0.0468711853027344 0.0259056091308594 -0.0206985473632813 0.0336074829101562
-0.029083251953125 0.0425148010253906 -0.00705337524414063 0.0326690673828125
0.00603485107421875 0.0464210510253906 0.00877189636230468 0.0254669189453125
0.0294876098632812 0.0275249481201172 0.010258674621582 0.00973987579345703
0.0404930114746094 0.00109100341796875 0.00513076782226563 0.000975131988525391
0.03436279296875 -0.0175552368164063 -0.000618577003479002 0.00203549861907959
0.0314102172851563 -0.0170974731445313 -0.0064549446105957 0.00744533538818359
0.0355987548828125 -0.0198516845703125 -0.0122766494750977 0.0108957290649414
0.0386199951171875 -0.0100631713867188 -0.015772819519043 0.00563335418701172
0.0379142761230469 0.012237548828125 -0.0195255279541016 -0.00117111206054688
0.0261726379394531 0.0305728912353516 -0.0104999542236328 -0.00988197326660156
-0.0109443664550781 0.0422325134277344 0.000952720642089843 -0.0107793807983398
-0.037109375 0.0360488891601562 0.00287055969238281 0.0109691619873047
-0.0503158569335938 0.0171432495117188 -0.0248470306396484 0.0184783935546875
-0.0409774780273438 -0.00634765625000001 -0.0275325775146484 0.0290546417236328
-0.0387916564941406 0.0109481811523438 -0.0314121246337891 0.0344429016113281
-0.0284862518310547 0.0278987884521484 -0.0121040344238281 0.0303802490234375
-0.000659942626953129 0.0369491577148438 0.00038337707519531 0.0213260650634766
0.0208873748779297 0.0234546661376953 -0.000762939453124998 0.00881385803222656
0.0330314636230469 0.00307273864746094 -0.00748205184936523 0.00609922409057617
0.0279865264892578 -0.0128269195556641 -0.0105829238891602 0.0120935440063477
0.0256156921386719 -0.0128307342529297 -0.0140848159790039 0.0169744491577148
0.0293159484863281 -0.0152378082275391 -0.0199604034423828 0.0193920135498047
0.0323448181152344 -0.00790214538574219 -0.02484130859375 0.0106735229492187
0.0315647125244141 0.0108470916748047 -0.0267448425292969 0.00136947631835938
0.0209770202636719 0.0263805389404297 -0.0157079696655273 -0.0102386474609375
-0.0128993988037109 0.0342655181884766 -0.00193023681640625 -0.00996303558349609
-0.03515625 0.0253257751464844 -0.00360488891601563 0.0152912139892578
-0.0428810119628906 0.00513076782226562 -0.0398826599121094 0.0186347961425781
-0.0205478668212891 -0.0175189971923828 -0.0363235473632813 0.0253028869628906
-0.0244350433349609 -0.00486373901367187 -0.0353622436523437 0.0314254760742188
-0.0212535858154297 0.00938796997070312 -0.0137367248535156 0.0266799926757813
-0.00635719299316406 0.0202159881591797 -0.00578880310058594 0.0165529251098633
0.00929450988769531 0.015629768371582 -0.00846099853515625 0.00769138336181641
0.0193614959716797 0.00396347045898437 -0.0154457092285156 0.0101947784423828
0.0176773071289063 -0.00620079040527344 -0.0178260803222656 0.0188941955566406
0.0165109634399414 -0.00725269317626953 -0.0189743041992187 0.0240001678466797
0.0196990966796875 -0.00922012329101563 -0.0257816314697266 0.0253658294677734
0.0217361450195313 -0.00536727905273438 -0.0327987670898438 0.0145549774169922
0.0219554901123047 0.00744247436523438 -0.0327358245849609 0.00239372253417969
0.0143604278564453 0.0191154479980469 -0.0198230743408203 -0.0110912322998047
-0.0121250152587891 0.0237808227539063 -0.00508594512939453 -0.0100336074829102
-0.0288333892822266 0.012908935546875 -0.0113468170166016 0.0151987075805664
-0.0309066772460938 -0.00646400451660156 -0.0521316528320312 0.0145530700683594
0.00628757476806641 0.0152883529663086 0.0530357360839844 -0.0124893188476562
0.0162429809570313 -0.000672340393066406 0.0170135498046875 -0.00963783264160156
0.00403690338134766 -0.0113353729248047 0.00554847717285156 0.0107412338256836
-0.00531196594238281 -0.00828266143798828 0.0247936248779297 0.015899658203125
-0.00954341888427735 -0.002593994140625 0.036590576171875 -0.0019073486328125
-0.00954532623291016 0.00401496887207031 0.0363922119140625 -0.0216255187988281
-0.00549697875976563 0.00229549407958984 0.0277671813964844 -0.0311737060546875
-0.00522375106811524 -4.62532043457025E-05 0.0204238891601563 -0.0279884338378906
-0.00637102127075195 -0.000804901123046874 0.0188484191894531 -0.0219306945800781
-0.00316143035888672 -0.00585699081420899 0.0175838470458984 -0.0148048400878906
0.00367498397827148 -0.00823020935058594 0.0117864608764648 -0.00963401794433594
0.0102119445800781 -0.00261497497558594 0.0105190277099609 -0.0131340026855469
0.0121726989746094 0.00868320465087891 0.0188350677490234 -0.0221881866455078
0.00852203369140625 0.0192985534667969 0.0343723297119141 -0.0278301239013672
-0.00184440612792969 0.0232830047607422 0.0379257202148438 -0.0184783935546875
-0.0144863128662109 0.0233383178710938 0.0527610778808594 -0.0036773681640625
0.00302886962890625 0.0143337249755859 0.0179309844970703 -0.00331687927246094
0.000746250152587891 0.0057072639465332 0.007232666015625 0.0147132873535156
0.00239753723144531 0.00450229644775391 0.0279712677001953 0.0186080932617188
0.00333261489868164 0.0030217170715332 0.0382003784179688 -0.000335693359375
0.00486993789672852 0.000609397888183594 0.0374069213867188 -0.0214385986328125
0.00658702850341797 -0.00613641738891602 0.0277671813964844 -0.0312366485595703
0.00674724578857422 -0.00713443756103516 0.0193729400634766 -0.0278244018554687
0.0080876350402832 -0.0081181526184082 0.0175590515136719 -0.0214176177978516
0.0130319595336914 -0.007049560546875 0.0171089172363281 -0.0146598815917969
0.0176105499267578 9.918212890625E-05 0.00975990295410156 -0.00915336608886719
0.0172119140625 0.0115346908569336 0.00889205932617188 -0.0117712020874023
0.00407791137695313 0.0244998931884766 0.0146617889404297 -0.0203685760498047
-0.0082855224609375 0.0321254730224609 0.0287990570068359 -0.022369384765625
-0.0210342407226563 0.0297927856445313 0.0321941375732422 -0.0112419128417969
-0.0345191955566406 0.0269756317138672 0.045440673828125 0.0064239501953125
-0.0130653381347656 0.0281963348388672 0.0147190093994141 0.00649070739746094
-0.00456809997558594 0.0246143341064453 0.00757789611816406 0.0203571319580078
0.00971221923828125 0.0197029113769531 0.0282993316650391 0.0220279693603516
0.0165328979492187 0.00968360900878906 0.0370941162109375 0.00226211547851563
0.0195884704589844 -0.00215721130371094 0.0345516204833984 -0.0185470581054688
0.0181045532226563 -0.0134124755859375 0.0251064300537109 -0.027008056640625
0.01776123046875 -0.0141105651855469 0.0154476165771484 -0.0232582092285156
0.0206336975097656 -0.0153217315673828 0.0125255584716797 -0.0163068771362305
0.0265731811523438 -0.0100116729736328 0.0120973587036133 -0.0120687484741211
0.0294322967529297 0.00503158569335938 0.00444841384887695 -0.00844717025756836
0.0240612030029297 0.0217723846435547 0.00491142272949219 -0.0112514495849609
3.05175781249998E-05 0.03704833984375 0.0097808837890625 -0.0185909271240234
-0.0200157165527344 0.0414695739746094 0.0218544006347656 -0.0154495239257812
-0.0357170104980469 0.0335769653320313 0.0216522216796875 -0.00282859802246094
-0.0503578186035156 0.0255584716796875 0.0304927825927734 0.0163822174072266
-0.029571533203125 0.036529541015625 0.00567817687988281 0.0177783966064453
-0.0127525329589844 0.0400390625 0.00471115112304688 0.0266838073730469
0.0137214660644531 0.0347061157226563 0.0255126953125 0.0253467559814453
0.0276088714599609 0.0172252655029297 0.0315113067626953 0.00536155700683594
0.0323925018310547 -0.00319862365722656 0.0279178619384766 -0.0129375457763672
0.0279006958007813 -0.0186786651611328 0.0184173583984375 -0.0191631317138672
0.0265007019042969 -0.0182170867919922 0.00909519195556641 -0.0145502090454102
0.0299453735351563 -0.0204544067382813 0.00501728057861328 -0.00831890106201172
0.0355262756347656 -0.0121269226074219 0.00399112701416016 -0.00737619400024414
0.0379066467285156 0.00860595703125 -0.00329399108886719 -0.00616931915283203
0.0287094116210938 0.0277900695800781 -0.000495910644531249 -0.0104913711547852
-0.00356292724609375 0.0443954467773437 0.00587368011474609 -0.0157613754272461
-0.0283279418945313 0.0460319519042969 0.0156469345092773 -0.00654792785644531
-0.0453414916992188 0.033111572265625 0.00824499130249023 0.00610876083374024
-0.0579719543457031 0.0187530517578125 0.0105953216552734 0.0247745513916016
-0.0415725708007812 0.03643798828125 -0.00671005249023438 0.0271854400634766
-0.0213546752929687 0.0476112365722656 -0.000810623168945314 0.03131103515625
0.0132102966308594 0.0448875427246094 0.0183925628662109 0.0265140533447266
0.0328578948974609 0.0231781005859375 0.0214157104492188 0.00855255126953125
0.0403938293457031 -0.00268936157226563 0.0172529220581055 -0.00526905059814453
0.0329227447509766 -0.0208148956298828 0.00932502746582032 -0.008575439453125
0.0306301116943359 -0.0197563171386719 0.00145220756530762 -0.00385880470275879
0.0342674255371094 -0.022491455078125 -0.00310444831848144 0.00186324119567871
0.03955078125 -0.0129241943359375 -0.00576305389404297 -0.00115728378295898
0.0406837463378906 0.0097808837890625 -0.0112123489379883 -0.00285148620605469
0.0302238464355469 0.0300121307373047 -0.00601005554199219 -0.00988674163818359
-0.00590133666992187 0.0457115173339844 0.00329875946044922 -0.0131769180297852
-0.0327987670898438 0.0444068908691406 0.00970458984375 0.00297355651855469
-0.0495834350585938 0.0277366638183594 -0.00794410705566407 0.0138053894042969
-0.0545234680175781 0.00812911987304686 -0.00951194763183594 0.0295581817626953
-0.0452346801757813 0.0270576477050781 -0.0202293395996094 0.0332088470458984
-0.0273246765136719 0.0436592102050781 -0.0069580078125 0.031829833984375
0.0078125 0.0454025268554688 0.00856399536132813 0.0252170562744141
0.0302562713623047 0.0259208679199219 0.00984859466552735 0.00957775115966797
0.0400009155273438 -0.0007171630859375 0.00516843795776367 0.00129079818725586
0.0326442718505859 -0.0187721252441406 -0.000603437423706053 0.00223422050476074
0.0299339294433594 -0.0183639526367188 -0.00637531280517578 0.00708389282226563
0.0334434509277344 -0.0212802886962891 -0.0116548538208008 0.0114755630493164
0.0379486083984375 -0.0121116638183594 -0.0157003402709961 0.00546169281005859
0.0382804870605469 0.010345458984375 -0.0195388793945312 -0.000516891479492188
0.0270862579345703 0.0289440155029297 -0.0110177993774414 -0.00940036773681641
-0.009063720703125 0.0425300598144531 0.000443458557128905 -0.0110435485839844
-0.0350914001464844 0.0372505187988281 0.00313568115234375 0.00988388061523438
-0.0484962463378906 0.01849365234375 -0.0234909057617188 0.0181694030761719
-0.0404167175292969 -0.004241943359375 -0.0272235870361328 0.0292091369628906
-0.0380744934082031 0.0125083923339844 -0.0303134918212891 0.0340671539306641
-0.0264682769775391 0.0293750762939453 -0.0112934112548828 0.029937744140625
0.00118255615234375 0.0364112854003906 0.000234603881835938 0.0210494995117188
0.0219135284423828 0.0226402282714844 -0.000952720642089842 0.00915050506591797
0.0322303771972656 0.00111579895019531 -0.00663232803344726 0.00709009170532226
0.0272407531738281 -0.0138683319091797 -0.0106096267700195 0.0121994018554688
0.0250396728515625 -0.0139808654785156 -0.0131673812866211 0.0168161392211914
0.0282649993896484 -0.0165538787841797 -0.0192737579345703 0.0200271606445313
0.0313930511474609 -0.00948143005371094 -0.0245380401611328 0.0117111206054688
0.0317840576171875 0.00965690612792969 -0.0266246795654297 0.00223350524902344
0.0217990875244141 0.0253677368164063 -0.0160465240478516 -0.00983142852783203
-0.0111751556396484 0.0347862243652344 -0.002044677734375 -0.0100955963134766
-0.0336017608642578 0.0264606475830078 -0.0029745101928711 0.0144929885864258
-0.0414924621582031 0.00654983520507812 -0.0386466979980469 0.0191268920898438
-0.0208644866943359 -0.0160408020019531 -0.0359115600585937 0.0266342163085938
-0.0241279602050781 -0.00353813171386719 -0.0344028472900391 0.0311737060546875
-0.0203742980957031 0.0106258392333984 -0.0131301879882813 0.0261383056640625
-0.00502967834472656 0.020751953125 -0.00591182708740234 0.016728401184082
0.00980949401855469 0.0147800445556641 -0.00823450088500977 0.00858020782470703
0.0192890167236328 0.00269508361816406 -0.0145435333251953 0.0112628936767578
0.0170326232910156 -0.00685787200927734 -0.0165634155273438 0.0187702178955078
0.0154495239257813 -0.00809383392333984 -0.0178890228271484 0.0240974426269531
0.0186080932617188 -0.0105400085449219 -0.0246391296386719 0.0262184143066406
0.0208530426025391 -0.00664329528808594 -0.0320072174072266 0.0157833099365234
0.0217266082763672 0.00636482238769531 -0.0321617126464844 0.00301933288574219
0.0149192810058594 0.0180683135986328 -0.0205268859863281 -0.01019287109375
-0.0113277435302734 0.0242424011230469 -0.00539684295654297 -0.0101232528686523
-0.0273056030273438 0.0133438110351563 -0.0104970932006836 0.0151138305664063
-0.0302696228027344 -0.00529098510742187 -0.0504379272460937 0.0154075622558594
0.00631904602050781 0.0150671005249023 0.0527725219726563 -0.0125694274902344
0.0155954360961914 -0.000150680541992188 0.0169210433959961 -0.00984287261962891
0.00396060943603516 -0.0114612579345703 0.00494861602783203 0.0106410980224609
-0.00551033020019531 -0.00826072692871094 0.024505615234375 0.0160160064697266
-0.00903415679931641 -0.00192928314208984 0.0366020202636719 -0.00207901000976563
-0.00875616073608398 0.00447177886962891 0.0353240966796875 -0.0222206115722656
-0.00527763366699219 0.00246906280517578 0.0272216796875 -0.0319709777832031
-0.00510835647583008 0.000294208526611329 0.0194416046142578 -0.02850341796875
-0.00616455078125 -0.000899791717529296 0.0181198120117188 -0.0223960876464844
-0.00353145599365234 -0.00551795959472656 0.0171031951904297 -0.0149917602539063
0.00319671630859375 -0.00796079635620117 0.0118179321289062 -0.0103521347045898
0.0100927352905273 -0.00276374816894531 0.0113277435302734 -0.013728141784668
0.0123910903930664 0.00824546813964844 0.0191917419433594 -0.0219745635986328
0.00847816467285156 0.0191822052001953 0.0342674255371094 -0.0277767181396484
-0.00167655944824219 0.0228939056396484 0.0382118225097656 -0.0194244384765625
-0.0143165588378906 0.0232639312744141 0.0526008605957031 -0.00376129150390625
0.00323200225830078 0.014622688293457 0.0178852081298828 -0.00293922424316406
0.000926017761230469 0.00612735748291016 0.00719261169433594 0.0149459838867188
0.00224542617797852 0.00450372695922851 0.0273571014404297 0.0184459686279297
0.00332498550415039 0.00280141830444336 0.0380134582519531 -0.000701904296875
0.00539684295654297 0.00092315673828125 0.0366630554199219 -0.0217323303222656
0.00655412673950195 -0.00619935989379883 0.0270767211914063 -0.0317249298095703
0.00654458999633789 -0.0074620246887207 0.0183200836181641 -0.0279560089111328
0.00793266296386719 -0.00884342193603516 0.0165023803710938 -0.0214099884033203
0.0126609802246094 -0.00775909423828125 0.015955924987793 -0.0156354904174805
0.0173225402832031 -5.05447387695312E-05 0.00989627838134766 -0.0103082656860352
0.0171451568603516 0.0114803314208984 0.00883579254150391 -0.0122337341308594
0.00427627563476562 0.0247058868408203 0.0149650573730469 -0.0198879241943359
-0.00830078125 0.0319156646728516 0.0287189483642578 -0.0229415893554688
-0.0211830139160156 0.0296630859375 0.0326747894287109 -0.0121612548828125
-0.0343494415283203 0.0275382995605469 0.0453529357910156 0.00646209716796875
-0.0126724243164063 0.0289058685302734 0.0143852233886719 0.00614452362060547
-0.00442123413085938 0.0250663757324219 0.00660133361816406 0.0203342437744141
0.00993537902832031 0.0197982788085938 0.0277957916259766 0.0220203399658203
0.0164690017700195 0.00933647155761719 0.0366706848144531 0.00223541259765625
0.0200290679931641 -0.00250816345214844 0.0344276428222656 -0.0183849334716797
0.0179653167724609 -0.01409912109375 0.0240631103515625 -0.0276298522949219
0.0177879333496094 -0.0142383575439453 0.0145721435546875 -0.0233650207519531
0.0202522277832031 -0.0161590576171875 0.0114650726318359 -0.0169277191162109
0.0262889862060547 -0.0103530883789063 0.0110692977905273 -0.0130767822265625
0.0297698974609375 0.00494384765625 0.00398349761962891 -0.00891876220703125
0.0243110656738281 0.0217666625976562 0.00476264953613281 -0.0116329193115234
0.000251770019531251 0.0374526977539062 0.0102329254150391 -0.0183773040771484
-0.0200233459472656 0.0419464111328125 0.0218524932861328 -0.0160179138183594
-0.0360679626464844 0.0334434509277344 0.0221748352050781 -0.00431060791015625
-0.0502204895019531 0.0265541076660156 0.0301742553710937 0.0162143707275391
-0.0286750793457031 0.0372543334960937 0.00570201873779297 0.0173702239990234
-0.0120620727539063 0.0411109924316406 0.00444412231445313 0.0266036987304688
0.0147018432617187 0.0351486206054688 0.0248489379882812 0.0252132415771484
0.0279884338378906 0.0171604156494141 0.0310497283935547 0.00593376159667969
0.0326709747314453 -0.00398826599121094 0.0278224945068359 -0.0128936767578125
0.0271205902099609 -0.0193519592285156 0.0178337097167969 -0.0194835662841797
0.0257682800292969 -0.0186862945556641 0.0082693099975586 -0.0143680572509766
0.0292644500732422 -0.0214309692382813 0.00483846664428711 -0.00849151611328125
0.0356712341308594 -0.0126495361328125 0.00295305252075195 -0.00803279876708984
0.0379524230957031 0.00788497924804688 -0.00336122512817383 -0.00716781616210937
0.0294971466064453 0.0273494720458984 -0.00053119659423828 -0.0111875534057617
-0.00246810913085938 0.0451126098632813 0.00590991973876953 -0.0159931182861328
-0.0278816223144531 0.0470085144042969 0.0156955718994141 -0.00670528411865234
-0.0453224182128906 0.0333671569824219 0.00851631164550781 0.00475168228149414
-0.0580711364746094 0.0197982788085938 0.0104007720947266 0.0247611999511719
-0.0413742065429687 0.0371170043945313 -0.00701141357421876 0.0269660949707031
-0.0201644897460938 0.0486412048339844 -0.0011444091796875 0.0307979583740234
0.0140609741210938 0.0451469421386719 0.0180454254150391 0.0268611907958984
0.0330543518066406 0.0228862762451172 0.0216255187988281 0.00869178771972656
0.0400276184082031 -0.00344085693359375 0.0175914764404297 -0.00555801391601563
0.0324840545654297 -0.0210838317871094 0.00902843475341797 -0.00881767272949219
0.0299491882324219 -0.0205821990966797 0.000841140747070315 -0.0041508674621582
0.0338993072509766 -0.0236473083496094 -0.0034029483795166 0.00199508666992187
0.0390281677246094 -0.0139427185058594 -0.00659322738647461 -0.00124025344848633
0.041046142578125 0.00864028930664063 -0.0120515823364258 -0.00347042083740234
0.0306644439697266 0.0293235778808594 -0.00593185424804687 -0.0102071762084961
-0.00535964965820313 0.0467529296875 0.00346660614013672 -0.0130882263183594
-0.0323982238769531 0.0459251403808594 0.00973892211914062 0.002227783203125
-0.0495452880859375 0.028106689453125 -0.00731754302978516 0.0124855041503906
-0.0542678833007813 0.00901412963867188 -0.00966835021972657 0.0296001434326172
-0.0450477600097656 0.0279617309570312 -0.0201759338378906 0.0323944091796875
-0.0263290405273437 0.0446853637695313 -0.00806999206542969 0.0316886901855469
0.00854110717773438 0.0459060668945313 0.00785064697265625 0.0252037048339844
0.0306663513183594 0.0252113342285156 0.00949287414550781 0.0105724334716797
0.0400848388671875 -0.00133132934570313 0.00529909133911133 0.00204610824584961
0.0319671630859375 -0.0193538665771484 -0.000604391098022459 0.00228095054626465
0.0293636322021484 -0.0191707611083984 -0.00666904449462891 0.00707197189331054
0.0333080291748047 -0.0222702026367188 -0.0116109848022461 0.0111284255981445
0.0374526977539063 -0.0130615234375 -0.0162286758422852 0.00528812408447266
0.0387458801269531 0.00926971435546875 -0.0200042724609375 -0.000694274902343745
0.0278091430664062 0.0285549163818359 -0.0111255645751953 -0.00967216491699219
-0.00808334350585938 0.0432510375976562 0.000362396240234375 -0.0108041763305664
-0.0343132019042969 0.0390281677246094 0.00387001037597656 0.00964069366455078
-0.0479278564453125 0.0191154479980469 -0.0233745574951172 0.0172576904296875
-0.04095458984375 -0.00326919555664062 -0.0271759033203125 0.0302333831787109
-0.037994384765625 0.0135307312011719 -0.0299758911132813 0.0337085723876953
-0.0263233184814453 0.0304851531982422 -0.0119915008544922 0.0293292999267578
0.00210952758789062 0.0367164611816406 -0.00102043151855469 0.0210838317871094
0.0221424102783203 0.0220146179199219 -0.00121593475341797 0.00992870330810547
0.0322818756103516 0.0007171630859375 -0.00644636154174805 0.0077052116394043
0.0263195037841797 -0.0143642425537109 -0.010014533996582 0.0124740600585937
0.0244426727294922 -0.0150909423828125 -0.0128517150878906 0.017033576965332
0.0272579193115234 -0.0175304412841797 -0.0183906555175781 0.0204963684082031
0.0311927795410156 -0.0102996826171875 -0.02471923828125 0.0118350982666016
0.0318355560302734 0.0080108642578125 -0.0269966125488281 0.00216484069824218
0.0221538543701172 0.0246772766113281 -0.0163259506225586 -0.00961875915527344
-0.0109100341796875 0.0354423522949219 -0.00239849090576172 -0.00965595245361328
-0.0326461791992188 0.0276393890380859 -0.00271320343017578 0.0145177841186523
-0.0414085388183594 0.00722122192382813 -0.0386543273925781 0.0185813903808594
-0.0210189819335937 -0.0153827667236328 -0.0363121032714844 0.0270118713378906
-0.0245532989501953 -0.00303459167480468 -0.0347175598144531 0.0315608978271484
-0.0203647613525391 0.0111331939697266 -0.0142803192138672 0.0253639221191406
-0.0045928955078125 0.0206298828125 -0.00647735595703125 0.0172100067138672
0.0103960037231445 0.0142107009887695 -0.00856685638427734 0.00920867919921875
0.0193901062011719 0.00209236145019531 -0.0135087966918945 0.0115585327148437
0.0162019729614258 -0.00733470916748047 -0.0157852172851562 0.0192337036132813
0.0154323577880859 -0.00868892669677734 -0.0174484252929688 0.0244998931884766
0.0179882049560547 -0.0108089447021484 -0.0238189697265625 0.0265350341796875
0.0206508636474609 -0.0068359375 -0.03192138671875 0.0158634185791016
0.0222301483154297 0.00582122802734375 -0.0325279235839844 0.00354385375976563
0.0154991149902344 0.0176868438720703 -0.0206737518310547 -0.0103607177734375
-0.0106601715087891 0.0244312286376953 -0.00515365600585938 -0.0101699829101562
-0.0267696380615234 0.0145530700683594 -0.00977611541748047 0.0147209167480469
-0.0294265747070312 -0.0049896240234375 -0.0506439208984375 0.015625
0.00615787506103516 0.0152797698974609 0.0545616149902344 -0.0134811401367187
0.0160140991210938 -0.000487327575683594 0.0171022415161133 -0.0100698471069336
0.00368785858154297 -0.0109891891479492 0.00505638122558594 0.011871337890625
-0.00583934783935547 -0.00843191146850586 0.0252914428710937 0.0168991088867188
-0.00932788848876953 -0.00178337097167969 0.0369491577148438 -0.002197265625
-0.008636474609375 0.00465250015258789 0.0364494323730469 -0.0227279663085938
-0.00544929504394531 0.00232219696044922 0.0273094177246094 -0.0331192016601563
-0.00512838363647461 -8.86917114257818E-05 0.0194320678710938 -0.0290584564208984
-0.00592851638793945 -0.000545024871826171 0.0175590515136719 -0.0231685638427734
-0.00305032730102539 -0.00535154342651367 0.0166997909545898 -0.0157985687255859
0.00291299819946289 -0.00752925872802734 0.0117721557617188 -0.0117416381835938
0.00974559783935547 -0.00293254852294922 0.0120964050292969 -0.0144462585449219
0.0123529434204102 0.00836277008056641 0.0200443267822266 -0.0226058959960938
0.0087890625 0.0190505981445313 0.035369873046875 -0.0289230346679687
-0.00209999084472656 0.023345947265625 0.0397987365722656 -0.02093505859375
-0.0150833129882813 0.0240383148193359 0.0546073913574219 -0.00478744506835937
0.00320625305175781 0.015192985534668 0.0183563232421875 -0.00291061401367187
0.00112438201904297 0.00639629364013672 0.00686836242675782 0.0157108306884766
0.00245189666748047 0.00507354736328125 0.0281620025634766 0.0189590454101562
0.0035703182220459 0.00306820869445801 0.0387916564941406 -0.000240325927734375
0.00593709945678711 0.00111103057861328 0.0371932983398438 -0.0222244262695313
0.00669670104980469 -0.0064854621887207 0.0277614593505859 -0.0328273773193359
0.00670242309570313 -0.00761651992797851 0.0178680419921875 -0.0289649963378906
0.00794506072998047 -0.00945091247558594 0.0158061981201172 -0.0225143432617188
0.013117790222168 -0.00786113739013672 0.0159873962402344 -0.0161838531494141
0.0178050994873047 0.000146865844726563 0.00969219207763672 -0.0118942260742187
0.0175266265869141 0.0119609832763672 0.0097188949584961 -0.0132045745849609
0.00460624694824219 0.025299072265625 0.0157470703125 -0.0206222534179688
-0.00797080993652344 0.0330448150634766 0.0297260284423828 -0.0238876342773437
-0.0215358734130859 0.0305309295654297 0.0343723297119141 -0.0136070251464844
-0.035186767578125 0.0284614562988281 0.0469207763671875 0.00653076171875
-0.0130100250244141 0.0297107696533203 0.0144634246826172 0.00653076171875
-0.00408744812011719 0.0259685516357422 0.00694847106933594 0.0213775634765625
0.0106468200683594 0.0207672119140625 0.0283699035644531 0.0224761962890625
0.0174589157104492 0.00975608825683594 0.0372352600097656 0.00239181518554688
0.0206832885742188 -0.0027923583984375 0.0348758697509766 -0.0186824798583984
0.0181255340576172 -0.0146846771240234 0.0241184234619141 -0.028564453125
0.0178451538085938 -0.0150871276855469 0.0138912200927734 -0.0240230560302734
0.0207576751708984 -0.0172443389892578 0.0111684799194336 -0.017359733581543
0.0272407531738281 -0.0111141204833984 0.0102968215942383 -0.0142936706542969
0.030303955078125 0.0042877197265625 0.00377464294433594 -0.0105857849121094
0.0254096984863281 0.0222244262695312 0.00493049621582031 -0.0127143859863281
0.000457763671874998 0.0382156372070312 0.0106678009033203 -0.0187149047851562
-0.0198783874511719 0.0434303283691406 0.0220966339111328 -0.0164947509765625
-0.0369949340820313 0.0347251892089844 0.0234165191650391 -0.00574684143066406
-0.0515823364257813 0.0278892517089844 0.0311355590820312 0.0162677764892578
-0.0295791625976562 0.0384597778320312 0.00495719909667968 0.0170869827270508
-0.0114326477050781 0.0426292419433594 0.00346183776855469 0.0268764495849609
0.0156517028808594 0.0358200073242187 0.0254268646240234 0.0261363983154297
0.0288887023925781 0.0167694091796875 0.0312976837158203 0.00621795654296875
0.0336875915527344 -0.00416755676269531 0.0286045074462891 -0.0129127502441406
0.0274181365966797 -0.0202884674072266 0.0179405212402344 -0.0200920104980469
0.02593994140625 -0.0197048187255859 0.00788974761962891 -0.0152349472045898
0.0299415588378906 -0.0232353210449219 0.00433635711669922 -0.00836801528930664
0.0360870361328125 -0.0137443542480469 0.0023488998413086 -0.00908660888671875
0.0393104553222656 0.00685501098632813 -0.00382041931152343 -0.00760889053344727
0.030731201171875 0.0279903411865234 -7.34329223632793E-05 -0.0114097595214844
-0.00198745727539062 0.0469284057617188 0.00626373291015625 -0.0164270401000977
-0.0280609130859375 0.049407958984375 0.0161247253417969 -0.00769615173339843
-0.0463027954101562 0.0346260070800781 0.00927639007568359 0.0036916732788086
-0.0597991943359375 0.0214271545410156 0.0108451843261719 0.0254650115966797
-0.0421638488769531 0.038665771484375 -0.007904052734375 0.0276031494140625
-0.0206108093261719 0.0507049560546875 -0.0021820068359375 0.0313224792480469
0.0152549743652344 0.0464019775390625 0.0178184509277344 0.0275554656982422
0.0346164703369141 0.0230121612548828 0.0215339660644531 0.00951766967773438
0.0413932800292969 -0.00424957275390625 0.0179443359375 -0.00523948669433594
0.0324878692626953 -0.0223903656005859 0.00871467590332031 -0.00896835327148438
0.0302791595458984 -0.0220870971679688 0.000830173492431643 -0.00385642051696778
0.0343666076660156 -0.0253887176513672 -0.00401425361633301 0.00159716606140137
0.0399322509765625 -0.015411376953125 -0.00734472274780273 -0.00188970565795898
0.0425529479980469 0.00824356079101563 -0.0126523971557617 -0.00396537780761719
0.0321807861328125 0.0298671722412109 -0.0068511962890625 -0.0107860565185547
-0.00481414794921875 0.0488395690917969 0.00338077545166016 -0.0139360427856445
-0.0326271057128906 0.0483169555664063 0.0102758407592773 0.00202465057373047
-0.0508270263671875 0.0292510986328125 -0.00666046142578125 0.0117530822753906
-0.0559577941894531 0.00984573364257814 -0.00998306274414063 0.0307655334472656
-0.0461883544921875 0.0291595458984375 -0.0208625793457031 0.0335712432861328
-0.026611328125 0.0464324951171875 -0.00886344909667969 0.0321674346923828
0.0096435546875 0.0476303100585938 0.00740432739257812 0.0260276794433594
0.0320587158203125 0.0253219604492188 0.00929641723632813 0.0111398696899414
0.0413970947265625 -0.00241470336914063 0.00553417205810547 0.00233316421508789
0.0323162078857422 -0.0205650329589844 -0.000736713409423826 0.0023188591003418
0.0298862457275391 -0.0203437805175781 -0.00701189041137695 0.00742673873901367
0.0333061218261719 -0.0234909057617188 -0.0123891830444336 0.0125541687011719
0.0382347106933594 -0.0142173767089844 -0.0167751312255859 0.00542449951171875
0.0397567749023438 0.0087127685546875 -0.0206184387207031 -0.000820159912109376
0.0291481018066406 0.0288906097412109 -0.0121145248413086 -0.0103492736816406
-0.00759506225585938 0.044891357421875 0.000439643859863281 -0.0115327835083008
-0.0346488952636719 0.0403861999511719 0.00318622589111328 0.00911140441894531
-0.0491294860839844 0.0200691223144531 -0.0240497589111328 0.0168876647949219
-0.0427017211914062 -0.002655029296875 -0.0284004211425781 0.0314998626708984
-0.0392875671386719 0.0144424438476562 -0.0315475463867188 0.0344085693359375
-0.0265159606933594 0.0321006774902344 -0.01312255859375 0.0295448303222656
0.002899169921875 0.0382347106933594 -0.00132369995117188 0.0218791961669922
0.0228023529052734 0.0218162536621094 -0.00158023834228515 0.0104560852050781
0.0331287384033203 -9.918212890625E-05 -0.00605010986328125 0.00853252410888672
0.0263137817382813 -0.0154132843017578 -0.00972652435302734 0.0127391815185547
0.0241146087646484 -0.0159835815429688 -0.0134048461914063 0.0174112319946289
0.027801513671875 -0.0186176300048828 -0.0187530517578125 0.0210800170898438
0.0310764312744141 -0.0116424560546875 -0.0256481170654297 0.0121726989746094
0.0331249237060547 0.00820541381835938 -0.0277671813964844 0.00248908996582031
0.0236110687255859 0.0246410369873047 -0.0167675018310547 -0.0101690292358398
-0.0105209350585937 0.0364456176757813 -0.002227783203125 -0.0104713439941406
-0.0327892303466797 0.0293159484863281 -0.00269508361816406 0.0140504837036133
-0.0419235229492187 0.00776672363281249 -0.0393104553222656 0.0185546875
-0.0219287872314453 -0.0150375366210938 -0.0379486083984375 0.0282325744628906
-0.0249900817871094 -0.00193977355957031 -0.0360260009765625 0.0323753356933594
-0.0203819274902344 0.0120563507080078 -0.0151157379150391 0.0256443023681641
-0.00415420532226563 0.0213222503662109 -0.00784111022949219 0.0178184509277344
0.0107240676879883 0.014683723449707 -0.00870323181152344 0.00965499877929688
0.0196342468261719 0.00156211853027344 -0.0137948989868164 0.0125646591186523
0.0167922973632813 -0.00803184509277344 -0.0159912109375 0.0201549530029297
0.0153789520263672 -0.00888633728027344 -0.0175704956054688 0.0249443054199219
0.0180740356445313 -0.0116634368896484 -0.0242748260498047 0.0273075103759766
0.0208263397216797 -0.00783920288085938 -0.0329837799072266 0.0164642333984375
0.0230388641357422 0.00568580627441406 -0.0333099365234375 0.00393104553222657
0.0157356262207031 0.0179882049560547 -0.0212345123291016 -0.0103740692138672
-0.0100440979003906 0.0254230499267578 -0.00524616241455078 -0.0107936859130859
-0.0269546508789062 0.0152816772460938 -0.00987434387207031 0.0148258209228516
-0.0298118591308594 -0.00513267517089844 -0.0518302917480469 0.0154380798339844
0.00683116912841797 0.0161294937133789 0.0569267272949219 -0.0147933959960938
0.0163183212280273 -0.000653266906738281 0.0179901123046875 -0.010345458984375
0.00374698638916016 -0.0116453170776367 0.00571250915527344 0.0122737884521484
-0.00716304779052734 -0.00874090194702148 0.0265083312988281 0.0169181823730469
-0.00961017608642578 -0.00117778778076172 0.0385475158691406 -0.00271224975585938
-0.00840950012207031 0.00533485412597656 0.0376510620117188 -0.0247650146484375
-0.00500726699829102 0.00305080413818359 0.0275421142578125 -0.0354042053222656
-0.00517797470092773 0.000697612762451171 0.0191440582275391 -0.0313301086425781
-0.00626802444458008 -0.000849723815917968 0.0176258087158203 -0.0248661041259766
-0.00370073318481445 -0.00545167922973633 0.0169334411621094 -0.017822265625
0.0028076171875 -0.00817680358886719 0.0125837326049805 -0.0129327774047852
0.00998401641845703 -0.00314807891845703 0.0131349563598633 -0.0164480209350586
0.0130100250244141 0.00806331634521484 0.0208892822265625 -0.0240554809570312
0.00893592834472656 0.0195751190185547 0.0365982055664063 -0.031219482421875
-0.00159072875976563 0.0238704681396484 0.0423164367675781 -0.0232467651367188
-0.0154056549072266 0.0249462127685547 0.0570945739746094 -0.00585556030273437
0.00384616851806641 0.0159416198730469 0.0189762115478516 -0.0034637451171875
0.00115871429443359 0.00742673873901367 0.00719833374023437 0.0157918930053711
0.00279331207275391 0.00549793243408203 0.0296821594238281 0.0198040008544922
0.00398015975952148 0.00397014617919922 0.0402793884277344 -0.00147247314453125
0.0068359375 0.000279903411865234 0.0383224487304688 -0.0245437622070313
0.006927490234375 -0.00695657730102539 0.0268459320068359 -0.0347003936767578
0.00712251663208008 -0.00829553604125977 0.0175209045410156 -0.0303878784179687
0.00844097137451172 -0.0101985931396484 0.0154438018798828 -0.0236434936523438
0.0136451721191406 -0.00819969177246094 0.0156040191650391 -0.0181484222412109
0.0183544158935547 -0.000370025634765625 0.0100498199462891 -0.0131998062133789
0.0184879302978516 0.0118846893310547 0.0108366012573242 -0.014857292175293
0.00535964965820313 0.0265426635742188 0.016998291015625 -0.0214309692382813
-0.0080718994140625 0.0350189208984375 0.0305843353271484 -0.0255947113037109
-0.0222434997558594 0.0324420928955078 0.0362815856933594 -0.0160903930664062
-0.0365180969238281 0.0306777954101562 0.0492362976074219 0.00572586059570313
-0.0124549865722656 0.0316734313964844 0.0147905349731445 0.00635719299316406
-0.00336647033691406 0.0279254913330078 0.00658416748046875 0.0220394134521484
0.0114116668701172 0.0215873718261719 0.0299530029296875 0.0233612060546875
0.0186119079589844 0.00973892211914063 0.0388641357421875 0.00226974487304688
0.0222969055175781 -0.00362205505371094 0.0363845825195313 -0.0205574035644531
0.0184459686279297 -0.0158309936523437 0.0240707397460938 -0.0305385589599609
0.0185031890869141 -0.0159702301025391 0.0138225555419922 -0.0250377655029297
0.0209407806396484 -0.0186882019042969 0.0105533599853516 -0.0185508728027344
0.0278682708740234 -0.012481689453125 0.010284423828125 -0.0155830383300781
0.031890869140625 0.00424766540527344 0.00380229949951172 -0.012115478515625
0.0271205902099609 0.0224018096923828 0.0057058334350586 -0.0137424468994141
0.001739501953125 0.0404701232910156 0.0115756988525391 -0.0195388793945312
-0.0194206237792969 0.0466041564941406 0.0229644775390625 -0.0181941986083984
-0.037994384765625 0.0366973876953125 0.0249824523925781 -0.00762748718261718
-0.0532760620117188 0.0307426452636719 0.0329093933105469 0.0169353485107422
-0.0301170349121094 0.0410499572753906 0.00513267517089844 0.0179882049560547
-0.0104522705078125 0.0454750061035156 0.00372695922851563 0.0282497406005859
0.0177345275878906 0.0372390747070313 0.0263557434082031 0.0266361236572266
0.0307197570800781 0.0174369812011719 0.0326213836669922 0.00654220581054688
0.0353126525878906 -0.00651168823242188 0.0289211273193359 -0.0138587951660156
0.0285072326660156 -0.0221900939941406 0.0177192687988281 -0.0215873718261719
0.0262317657470703 -0.0216083526611328 0.00726890563964844 -0.0158309936523437
0.0302619934082031 -0.0250377655029297 0.00379753112792969 -0.00959491729736328
0.0370101928710938 -0.0160865783691406 0.00146865844726563 -0.0102338790893555
0.0414276123046875 0.00592803955078125 -0.00493144989013672 -0.008880615234375
0.0330314636230469 0.0277194976806641 -0.000683784484863279 -0.0126304626464844
-0.000720977783203123 0.0494499206542969 0.00670719146728516 -0.0171613693237305
-0.0276107788085937 0.0529632568359375 0.0165166854858398 -0.00902557373046874
-0.0478515625 0.0376014709472656 0.0100498199462891 0.00221633911132813
-0.0616836547851563 0.0241241455078125 0.0116863250732422 0.0265235900878906
-0.0431747436523437 0.0412445068359375 -0.00793075561523438 0.0288238525390625
-0.0195274353027344 0.05419921875 -0.00279426574707031 0.0328044891357422
0.0178680419921875 0.048065185546875 0.0184440612792969 0.0282096862792969
0.0367546081542969 0.0232162475585938 0.0225048065185547 0.00971603393554688
0.0435028076171875 -0.00612640380859375 0.0188083648681641 -0.00565147399902344
0.0333881378173828 -0.0247974395751953 0.00914478302001953 -0.00931930541992188
0.0308551788330078 -0.0242271423339844 0.000429391860961916 -0.00426983833312988
0.0343799591064453 -0.0276107788085938 -0.00447559356689453 0.00128364562988281
0.0411376953125 -0.0178413391113281 -0.00847339630126953 -0.00160598754882813
0.0445671081542969 0.0070953369140625 -0.0141716003417969 -0.00429821014404297
0.035369873046875 0.0301399230957031 -0.00713253021240234 -0.0112104415893555
-0.003143310546875 0.0511703491210937 0.00342845916748047 -0.0145025253295898
-0.032318115234375 0.0515632629394531 0.0108747482299805 0.00132560729980469
-0.0521888732910156 0.0317573547363281 -0.00692558288574219 0.0113296508789063
-0.0585670471191406 0.0129547119140625 -0.0102100372314453 0.0326709747314453
-0.0476837158203125 0.0324249267578125 -0.0216827392578125 0.0351200103759766
-0.0261993408203125 0.0497169494628906 -0.00920295715332031 0.0332202911376953
0.0122756958007813 0.0497817993164062 0.00775146484375 0.0275382995605469
0.0342597961425781 0.0256366729736328 0.00986957550048828 0.0117883682250977
0.0430030822753906 -0.00416946411132813 0.0062093734741211 0.00224971771240234
0.0332050323486328 -0.0224380493164063 -0.000846862792968748 0.00259566307067871
0.0300102233886719 -0.0224113464355469 -0.00695180892944336 0.00758552551269531
0.0339813232421875 -0.0261688232421875 -0.0128450393676758 0.0126676559448242
0.039276123046875 -0.016693115234375 -0.0183200836181641 0.00592613220214844
0.0423049926757813 0.00720977783203125 -0.0222511291503906 -0.000423431396484372
0.0319118499755859 0.0291728973388672 -0.0122518539428711 -0.0102872848510742
-0.0062408447265625 0.0474929809570313 0.000413894653320313 -0.0116758346557617
-0.0345230102539063 0.0442276000976562 0.00379848480224609 0.00942039489746094
-0.0509414672851563 0.0217971801757812 -0.02447509765625 0.0165786743164062
-0.0438957214355469 -0.000373840332031256 -0.0300788879394531 0.0340099334716797
-0.0407028198242188 0.0170822143554688 -0.0330772399902344 0.0366172790527344
-0.0258140563964844 0.0343704223632813 -0.0143260955810547 0.0308818817138672
0.00447463989257813 0.0396842956542969 -0.00172233581542969 0.0231685638427734
0.0250606536865234 0.0226268768310547 -0.00156879425048828 0.0114259719848633
0.0348014831542969 -0.00145721435546875 -0.00605678558349609 0.00893306732177734
0.0273914337158203 -0.0170001983642578 -0.00988388061523437 0.0133934020996094
0.0248031616210937 -0.0174598693847656 -0.0128421783447266 0.0183486938476563
0.0279560089111328 -0.0210838317871094 -0.0190410614013672 0.0223960876464844
0.0325813293457031 -0.0139045715332031 -0.0263919830322266 0.0136775970458984
0.0348033905029297 0.0069732666015625 -0.0290718078613281 0.00347709655761719
0.0247211456298828 0.0248546600341797 -0.0184879302978516 -0.0101165771484375
-0.00951766967773437 0.0389747619628906 -0.00286293029785156 -0.011322021484375
-0.0331096649169922 0.0320415496826172 -0.00252914428710938 0.0143098831176758
-0.0439109802246094 0.00903701782226563 -0.0408744812011719 0.01947021484375
-0.0232086181640625 -0.0149421691894531 -0.0392913818359375 0.0311622619628906
-0.0262012481689453 -0.000982284545898432 -0.0374259948730469 0.0343742370605469
-0.0205631256103516 0.0135364532470703 -0.0159225463867188 0.0271205902099609
-0.00270652770996094 0.0226783752441406 -0.00834083557128906 0.0186939239501953
0.0120849609375 0.0144281387329102 -0.00946426391601563 0.0116310119628906
0.0208053588867187 0.000623703002929688 -0.0135526657104492 0.013606071472168
0.0167646408081055 -0.00895977020263672 -0.0161037445068359 0.0210075378417969
0.0155353546142578 -0.0102872848510742 -0.0177440643310547 0.0258712768554688
0.0183963775634766 -0.0128803253173828 -0.0247287750244141 0.0292510986328125
0.0215587615966797 -0.00876426696777344 -0.0336685180664063 0.0184745788574219
0.0240840911865234 0.00516128540039062 -0.0349082946777344 0.00499153137207031
0.0167217254638672 0.0178318023681641 -0.0224342346191406 -0.0104885101318359
-0.0103912353515625 0.0271263122558594 -0.00549030303955078 -0.0108642578125
-0.0274581909179687 0.0165805816650391 -0.00959587097167969 0.0153284072875977
-0.0309791564941406 -0.00441169738769532 -0.05389404296875 0.0167808532714844
0.00829410552978516 0.0156755447387695 0.0591773986816406 -0.0186843872070313
0.0168552398681641 -0.00179195404052734 0.0184116363525391 -0.0120868682861328
0.00270748138427734 -0.0123615264892578 0.00644683837890625 0.012446403503418
-0.0074772834777832 -0.00869941711425781 0.0288143157958984 0.0167808532714844
-0.0101528167724609 -0.000717163085937499 0.0401344299316406 -0.00424957275390625
-0.00782585144042969 0.00581169128417969 0.0372810363769531 -0.0277519226074219
-0.00475740432739258 0.00350522994995117 0.026519775390625 -0.0383148193359375
-0.00565958023071289 0.000912189483642578 0.0178394317626953 -0.0336933135986328
-0.00638151168823242 -0.000394821166992186 0.0163421630859375 -0.0271663665771484
-0.0038609504699707 -0.00511026382446289 0.0163726806640625 -0.0196876525878906
0.00227546691894531 -0.00801944732666016 0.0123977661132813 -0.0149936676025391
0.0101633071899414 -0.00364589691162109 0.0135078430175781 -0.0179939270019531
0.0140571594238281 0.00733089447021484 0.0212783813476563 -0.0258293151855469
0.0104179382324219 0.0196113586425781 0.0366439819335938 -0.0339012145996094
-0.000308990478515625 0.0249767303466797 0.0431594848632813 -0.0272750854492188
-0.0140304565429688 0.0270900726318359 0.059661865234375 -0.00912094116210937
0.00446796417236328 0.0169296264648438 0.0196876525878906 -0.00502777099609375
0.00173091888427734 0.00766324996948242 0.0081024169921875 0.0167388916015625
0.00332784652709961 0.00549793243408203 0.0318412780761719 0.0192852020263672
0.00450658798217773 0.0035400390625 0.041839599609375 -0.00279998779296875
0.00762319564819336 -0.000439167022705078 0.0385398864746094 -0.0272254943847656
0.0074615478515625 -0.00772666931152344 0.0258522033691406 -0.0381584167480469
0.00691986083984375 -0.00887775421142578 0.0161895751953125 -0.0329418182373047
0.00806140899658203 -0.0108518600463867 0.0146312713623047 -0.0256500244140625
0.0138778686523438 -0.00943470001220703 0.0146484375 -0.0204677581787109
0.0192813873291016 -0.00109672546386719 0.0094747543334961 -0.0149946212768555
0.0200614929199219 0.0115795135498047 0.0112504959106445 -0.0166769027709961
0.00705528259277344 0.0272617340087891 0.0169410705566406 -0.0232772827148438
-0.00630950927734375 0.0364875793457031 0.0308017730712891 -0.0284442901611328
-0.0212764739990234 0.0345020294189453 0.0374679565429688 -0.019744873046875
-0.0360336303710938 0.034088134765625 0.0522308349609375 0.00350570678710938
-0.0113620758056641 0.0338153839111328 0.0157499313354492 0.00584506988525391
-0.00161361694335938 0.0294609069824219 0.00766372680664062 0.0228729248046875
0.0135688781738281 0.0222492218017578 0.0320034027099609 0.0232887268066406
0.0205326080322266 0.00917625427246094 0.0402755737304688 0.000671386718750001
0.0235919952392578 -0.00565910339355469 0.0361671447753906 -0.0233726501464844
0.0185508728027344 -0.0182228088378906 0.0230140686035156 -0.0332260131835938
0.0180320739746094 -0.0178947448730469 0.0125465393066406 -0.0273361206054688
0.0206851959228516 -0.0211009979248047 0.00986671447753906 -0.0201683044433594
0.0276451110839844 -0.0149040222167969 0.008575439453125 -0.0176162719726563
0.0340957641601563 0.00236129760742188 0.00296974182128906 -0.0131673812866211
0.0296344757080078 0.0217761993408203 0.00581550598144532 -0.0152988433837891
0.0042572021484375 0.0428504943847656 0.0112838745117188 -0.0211696624755859
-0.0181732177734375 0.0496940612792969 0.0233840942382813 -0.0204353332519531
-0.0378532409667969 0.0404243469238281 0.0261116027832031 -0.0104103088378906
-0.0537490844726563 0.0348930358886719 0.0356025695800781 0.0158195495605469
-0.0286827087402344 0.0449638366699219 0.00663948059082031 0.0182647705078125
-0.00823211669921875 0.04827880859375 0.00443649291992188 0.0294914245605469
0.0206718444824219 0.0380134582519531 0.0282440185546875 0.0270423889160156
0.0335025787353516 0.0160713195800781 0.0343894958496094 0.00533294677734375
0.037139892578125 -0.00852584838867188 0.0295944213867188 -0.0157985687255859
0.0280418395996094 -0.0249767303466797 0.0170040130615234 -0.0234394073486328
0.0264759063720703 -0.0244827270507813 0.00686264038085938 -0.0170087814331055
0.0298442840576172 -0.0284214019775391 0.00281906127929688 -0.00985240936279297
0.0377616882324219 -0.019561767578125 -0.000147819519042967 -0.0110311508178711
0.043853759765625 0.00373077392578125 -0.00591945648193359 -0.00950241088867188
0.0365829467773438 0.0271034240722656 -0.000658988952636718 -0.013671875
0.0029144287109375 0.0517654418945313 0.00650405883789063 -0.0184803009033203
-0.0252265930175781 0.0569038391113281 0.0166702270507813 -0.0107412338256836
-0.0483589172363281 0.0414962768554687 0.0107364654541016 0.000480651855468753
-0.0628280639648438 0.0285720825195312 0.0135555267333984 0.0274391174316406
-0.042083740234375 0.0461463928222656 -0.0070648193359375 0.0299301147460938
-0.0169944763183594 0.0575523376464844 -0.00198745727539062 0.0339450836181641
0.0216217041015625 0.0493316650390625 0.0199756622314453 0.0291767120361328
0.0398788452148438 0.0219917297363281 0.0239028930664063 0.00943756103515625
0.0448379516601563 -0.00937271118164063 0.0189018249511719 -0.00652122497558594
0.0331516265869141 -0.0279560089111328 0.00860214233398438 -0.0107345581054688
0.0302829742431641 -0.0269775390625 -9.48905944824196E-05 -0.00464534759521484
0.0342235565185547 -0.0315036773681641 -0.00473785400390625 0.00187540054321289
0.0417098999023438 -0.0218849182128906 -0.00970935821533203 -0.00230884552001953
0.0472564697265625 0.0044708251953125 -0.0149898529052734 -0.00463199615478516
0.0384292602539063 0.0292625427246094 -0.00726985931396484 -0.0117645263671875
0.000431060791015619 0.0545501708984375 0.00325584411621094 -0.0153846740722656
-0.0298233032226563 0.0561180114746094 0.0115642547607422 0.000232696533203128
-0.0529060363769531 0.0366401672363281 -0.00641441345214844 0.0107440948486328
-0.0606498718261719 0.0168266296386719 -0.00925636291503907 0.0348320007324219
-0.0473594665527344 0.0368423461914063 -0.0211639404296875 0.0373458862304687
-0.0242767333984375 0.0537185668945313 -0.00901985168457032 0.0350265502929688
0.0162010192871094 0.0510101318359375 0.00868415832519531 0.0282993316650391
0.0373420715332031 0.0247268676757812 0.0108909606933594 0.0121917724609375
0.0449066162109375 -0.00783157348632813 0.00686883926391602 0.0028533935546875
0.032928466796875 -0.0258388519287109 -0.00118041038513183 0.00271439552307129
0.0295524597167969 -0.0254917144775391 -0.00692605972290039 0.00837516784667969
0.0332450866699219 -0.0299587249755859 -0.0124940872192383 0.0140457153320312
0.039825439453125 -0.0204086303710938 -0.0192642211914062 0.00738716125488281
0.0447616577148438 0.00486373901367188 -0.0233154296875 0.000556945800781249
0.0347919464111328 0.0284080505371094 -0.0133371353149414 -0.0101137161254883
-0.00322723388671875 0.0503768920898438 -0.000202178955078125 -0.0125141143798828
-0.0327491760253906 0.0481834411621094 0.00431442260742187 0.00902462005615235
-0.0519676208496094 0.0259742736816406 -0.0247440338134766 0.0182838439941406
-0.0460700988769531 0.0019989013671875 -0.0290336608886719 0.0373306274414063
-0.0409889221191406 0.01983642578125 -0.0325126647949219 0.0398368835449219
-0.0252494812011719 0.0379486083984375 -0.0141792297363281 0.03271484375
0.0074920654296875 0.04095458984375 -0.00139427185058594 0.0245780944824219
0.0274238586425781 0.0216636657714844 -0.00121879577636718 0.0124349594116211
0.0362358093261719 -0.00461959838867188 -0.00527000427246094 0.0102386474609375
0.0269489288330078 -0.0196342468261719 -0.00946235656738281 0.014683723449707
0.0243911743164063 -0.0198326110839844 -0.0124664306640625 0.0200614929199219
0.0271739959716797 -0.0238151550292969 -0.0187644958496094 0.0246257781982422
0.0326423645019531 -0.0159797668457031 -0.0279407501220703 0.0151176452636719
0.0367698669433594 0.00438690185546875 -0.0305824279785156 0.00490379333496093
0.0282535552978516 0.0243091583251953 -0.0194206237792969 -0.00943946838378906
-0.0068206787109375 0.0415573120117188 -0.002899169921875 -0.0113134384155273
-0.0320053100585937 0.0352859497070313 -0.00150108337402344 0.0142488479614258
-0.0449600219726563 0.0118293762207031 -0.0418930053710938 0.0217704772949219
-0.0249557495117188 -0.0132350921630859 -0.0405082702636719 0.0354232788085938
-0.0274391174316406 0.000738143920898436 -0.0379295349121094 0.0376853942871094
-0.0204257965087891 0.0151824951171875 -0.0162258148193359 0.0284042358398438
-0.00116920471191406 0.0236415863037109 -0.00820732116699219 0.0204486846923828
0.0131063461303711 0.0145454406738281 -0.00852775573730469 0.012542724609375
0.0214920043945313 -0.000894546508789063 -0.0131721496582031 0.0155973434448242
0.0167436599731445 -0.0109567642211914 -0.0152740478515625 0.0232276916503906
0.0150108337402344 -0.0114097595214844 -0.0164070129394531 0.028106689453125
0.0179119110107422 -0.0145511627197266 -0.0234565734863281 0.0316009521484375
0.0216789245605469 -0.0110969543457031 -0.0342121124267578 0.0207653045654297
0.0250530242919922 0.00343704223632813 -0.0361366271972656 0.00705337524414063
0.0185089111328125 0.017303466796875 -0.0242385864257813 -0.00975608825683594
-0.00849723815917969 0.0291671752929688 -0.00647068023681641 -0.0118865966796875
-0.0271034240722656 0.0190315246582031 -0.00931739807128906 0.0158405303955078
-0.0322818756103516 -0.00323104858398437 -0.0555038452148437 0.0201225280761719
0.00912380218505859 0.0145435333251953 0.0588569641113281 -0.0235404968261719
0.0171270370483398 -0.00314807891845703 0.0185699462890625 -0.0136260986328125
0.00183010101318359 -0.0129232406616211 0.00647640228271484 0.0123176574707031
-0.00830650329589844 -0.0077662467956543 0.0304145812988281 0.0153121948242188
-0.0100164413452148 0.000544548034667969 0.0406455993652344 -0.00687408447265625
-0.00734710693359375 0.00639867782592773 0.0360870361328125 -0.0302047729492187
-0.00415635108947754 0.00341343879699707 0.0240135192871094 -0.0408515930175781
-0.00580024719238281 0.00140523910522461 0.0156288146972656 -0.0355453491210938
-0.00634050369262695 0.00029754638671875 0.0147037506103516 -0.0290164947509766
-0.00357341766357422 -0.00460577011108398 0.0152339935302734 -0.0213279724121094
0.00140953063964844 -0.00759744644165039 0.0117368698120117 -0.016693115234375
0.00966072082519531 -0.00469112396240234 0.012908935546875 -0.019989013671875
0.0142803192138672 0.00667572021484375 0.0206432342529297 -0.0276222229003906
0.0121192932128906 0.0192642211914063 0.0357017517089844 -0.0373382568359375
0.00128746032714844 0.0251388549804688 0.0429725646972656 -0.0314598083496094
-0.0127048492431641 0.0287876129150391 0.0600929260253906 -0.0131454467773437
0.00545692443847656 0.016200065612793 0.0195236206054688 -0.00631904602050781
0.002716064453125 0.0081634521484375 0.00928306579589844 0.0168113708496094
0.0038909912109375 0.0056309700012207 0.0332088470458984 0.0181121826171875
0.00507211685180664 0.00335788726806641 0.0429153442382813 -0.00579833984375
0.00780439376831055 -0.00102806091308594 0.0369110107421875 -0.0304718017578125
0.00755786895751953 -0.00842046737670898 0.0234718322753906 -0.0406608581542969
0.00641441345214844 -0.0101385116577148 0.0137367248535156 -0.0342292785644531
0.00737953186035156 -0.0124702453613281 0.0119743347167969 -0.0278720855712891
0.0130634307861328 -0.010981559753418 0.0132961273193359 -0.0217647552490234
0.0196399688720703 -0.00221633911132813 0.0084524154663086 -0.0166873931884766
0.0210456848144531 0.0103912353515625 0.0106887817382813 -0.0179214477539063
0.00907516479492188 0.0271434783935547 0.0160808563232422 -0.0248622894287109
-0.00349044799804687 0.0375747680664063 0.02972412109375 -0.0313129425048828
-0.0201416015625 0.03717041015625 0.0375785827636719 -0.0229301452636719
-0.0344009399414063 0.0371894836425781 0.0535392761230469 6.48498535156273E-05
-0.00926589965820312 0.0355644226074219 0.0164957046508789 0.00410556793212891
0.00057220458984375 0.0297622680664063 0.00865364074707031 0.0227851867675781
0.015228271484375 0.0209636688232422 0.0338783264160156 0.0211772918701172
0.0214424133300781 0.00812721252441406 0.0416183471679688 -0.00149154663085937
0.023223876953125 -0.00769805908203125 0.0354576110839844 -0.0261726379394531
0.0185890197753906 -0.0201435089111328 0.0204734802246094 -0.0359344482421875
0.0170364379882813 -0.0197963714599609 0.0106639862060547 -0.0278778076171875
0.0190467834472656 -0.0229854583740234 0.00820732116699219 -0.0208702087402344
0.0280380249023437 -0.0176410675048828 0.00667190551757813 -0.0182342529296875
0.0341358184814453 -0.000356674194335938 0.00148105621337891 -0.0145235061645508
0.0322017669677734 0.0201187133789063 0.005889892578125 -0.0161600112915039
0.00761795043945313 0.0431861877441406 0.0106925964355469 -0.023040771484375
-0.0144462585449219 0.0515937805175781 0.0229701995849609 -0.0223274230957031
-0.0358772277832031 0.0443496704101563 0.0266876220703125 -0.0135135650634766
-0.0525398254394531 0.03936767578125 0.0377960205078125 0.0139923095703125
-0.0255165100097656 0.0471000671386719 0.00766372680664062 0.0182743072509766
-0.00429534912109375 0.0495109558105469 0.00586318969726563 0.0298404693603516
0.0242843627929687 0.0372581481933594 0.0299186706542969 0.0260581970214844
0.0356025695800781 0.0141792297363281 0.0347843170166016 0.00357627868652344
0.0371513366699219 -0.0117568969726563 0.0288143157958984 -0.0178928375244141
0.0265522003173828 -0.0271282196044922 0.0153656005859375 -0.024932861328125
0.0250644683837891 -0.0271968841552734 0.00543022155761719 -0.0180606842041016
0.0278739929199219 -0.0317802429199219 0.00181198120117188 -0.0103330612182617
0.0364189147949219 -0.0231208801269531 -0.00150012969970703 -0.0114402770996094
0.0447998046875 0.0001220703125 -0.0071563720703125 -0.00981235504150391
0.0396156311035156 0.025115966796875 -0.00136089324951172 -0.0142135620117187
0.00755691528320312 0.0526123046875 0.00638580322265625 -0.0194416046142578
-0.0212249755859375 0.0594482421875 0.0172605514526367 -0.0126180648803711
-0.0463829040527344 0.04559326171875 0.0117292404174805 -0.0016632080078125
-0.0612945556640625 0.0334854125976563 0.0160064697265625 0.0261650085449219
-0.0388755798339844 0.0495185852050781 -0.00553703308105469 0.0301151275634766
-0.0126380920410156 0.0600433349609375 -0.000640869140625002 0.035247802734375
0.0264663696289063 0.0490913391113281 0.0219783782958984 0.0291919708251953
0.0430679321289062 0.0195083618164062 0.024139404296875 0.00909614562988282
0.045166015625 -0.0132598876953125 0.0187091827392578 -0.00734901428222657
0.03167724609375 -0.0313720703125 0.00763034820556641 -0.0113916397094727
0.0287303924560547 -0.0297470092773437 -0.0016021728515625 -0.00485944747924805
0.0322952270507813 -0.0353317260742188 -0.00487613677978515 0.00271368026733398
0.0405006408691406 -0.0256500244140625 -0.0104293823242187 -0.00162601470947266
0.0492477416992188 0.000331878662109375 -0.0167598724365234 -0.00325298309326172
0.0423240661621094 0.0269432067871094 -0.00722980499267578 -0.0123176574707031
0.00503921508789063 0.055023193359375 0.0023813247680664 -0.0157289505004883
-0.0258255004882812 0.0595550537109375 0.0115556716918945 -0.000774383544921871
-0.0507316589355469 0.0408859252929687 -0.00571918487548828 0.0100278854370117
-0.0594749450683594 0.0211296081542969 -0.00646209716796876 0.0364341735839844
-0.0456733703613281 0.0409164428710937 -0.0191459655761719 0.0389442443847656
-0.0199966430664062 0.0568809509277344 -0.00753402709960937 0.0363922119140625
0.0206108093261719 0.0506515502929688 0.0100536346435547 0.0288105010986328
0.0409355163574219 0.021820068359375 0.0120658874511719 0.0119295120239258
0.0454902648925781 -0.01123046875 0.00752496719360352 0.0024409294128418
0.0316638946533203 -0.0281200408935547 -0.000452756881713865 0.00248122215270996
0.0284175872802734 -0.0281276702880859 -0.00648880004882812 0.00867795944213867
0.0314674377441406 -0.0333518981933594 -0.0113658905029297 0.0153207778930664
0.0384635925292969 -0.0241127014160156 -0.0199260711669922 0.00841712951660156
0.04608154296875 0.00118255615234375 -0.0242958068847656 0.00200080871582031
0.0375595092773438 0.0261268615722656 -0.0142593383789062 -0.0094289779663086
0.000782012939453129 0.0515823364257813 -0.000730514526367188 -0.013153076171875
-0.0284461975097656 0.0511627197265625 0.00564384460449219 0.00764656066894532
-0.0506515502929687 0.0300102233886719 -0.0238361358642578 0.0196666717529297
-0.0458641052246094 0.00508499145507813 -0.0267181396484375 0.0403099060058594
-0.0404815673828125 0.0239715576171875 -0.0316734313964844 0.0424690246582031
-0.0228996276855469 0.0395927429199219 -0.013092041015625 0.0342388153076172
0.0114364624023438 0.0416069030761719 -0.000558853149414062 0.0247325897216797
0.0298576354980469 0.0195655822753906 -0.000793457031249999 0.0138874053955078
0.0370979309082031 -0.00750350952148438 -0.00416278839111328 0.0109119415283203
0.0263195037841797 -0.0224208831787109 -0.00856590270996094 0.0154094696044922
0.0237369537353516 -0.0217494964599609 -0.0116062164306641 0.0204410552978516
0.0260143280029297 -0.0262222290039063 -0.0173702239990234 0.0273303985595703
0.0321388244628906 -0.0192489624023438 -0.0269374847412109 0.0167598724365234
0.0380706787109375 0.00140762329101563 -0.0301799774169922 0.00679969787597656
0.0295543670654297 0.0232677459716797 -0.0197582244873047 -0.00960159301757813
-0.00333786010742187 0.043243408203125 -0.00349330902099609 -0.0116252899169922
-0.02935791015625 0.0389900207519531 -0.000827789306640626 0.0143489837646484
-0.0452003479003906 0.0153236389160156 -0.0413856506347656 0.0243263244628906
-0.0263919830322266 -0.0118141174316406 -0.0388259887695313 0.0391044616699219
-0.027557373046875 0.00229454040527343 -0.0362434387207031 0.0402603149414063
-0.0188999176025391 0.0177764892578125 -0.0152168273925781 0.030670166015625
0.00135993957519531 0.02398681640625 -0.00737571716308594 0.0221176147460938
0.0147743225097656 0.0138521194458008 -0.00781917572021484 0.0138969421386719
0.0219192504882813 -0.00277328491210938 -0.011866569519043 0.0167436599731445
0.0166540145874023 -0.0113487243652344 -0.0137786865234375 0.0247993469238281
0.0137014389038086 -0.012578010559082 -0.0154876708984375 0.0297927856445313
0.0169315338134766 -0.0166015625 -0.0217838287353516 0.0338401794433594
0.0208377838134766 -0.0127143859863281 -0.0328845977783203 0.0234222412109375
0.0257148742675781 0.00129508972167969 -0.0359764099121094 0.00968551635742188
0.0204582214355469 0.0160236358642578 -0.0259761810302734 -0.0084686279296875
-0.0060577392578125 0.0298557281494141 -0.00723934173583984 -0.0117578506469727
-0.0259647369384766 0.0219669342041016 -0.008331298828125 0.0162239074707031
-0.0320415496826172 -0.00152969360351563 -0.0543899536132813 0.0244979858398437
0.00977420806884765 0.0138978958129883 0.0575027465820313 -0.0260543823242188
0.0165500640869141 -0.00468921661376953 0.0167036056518555 -0.0157384872436523
0.00165367126464844 -0.0132846832275391 0.00576877593994141 0.0110368728637695
-0.00773811340332031 -0.00723934173583984 0.0306110382080078 0.0137310028076172
-0.0105886459350586 0.00118350982666016 0.0396080017089844 -0.00928878784179688
-0.00736665725708008 0.00671148300170899 0.0345268249511719 -0.0322494506835938
-0.00450325012207031 0.00459480285644531 0.0211563110351563 -0.0418014526367188
-0.00516939163208008 0.00163125991821289 0.0134696960449219 -0.0363426208496094
-0.00563144683837891 0.000978469848632812 0.0120449066162109 -0.0288105010986328
-0.00390481948852539 -0.00392293930053711 0.0144729614257813 -0.0234279632568359
0.00101375579833984 -0.00744771957397461 0.0114688873291016 -0.0182170867919922
0.0096282958984375 -0.00563526153564453 0.011993408203125 -0.0191192626953125
0.0149612426757812 0.00427436828613281 0.0197906494140625 -0.0277328491210938
0.012908935546875 0.0169200897216797 0.0332450866699219 -0.03936767578125
0.00286674499511719 0.0257225036621094 0.041656494140625 -0.0345611572265625
-0.0104198455810547 0.0288791656494141 0.0589218139648438 -0.0161361694335937
0.00640010833740234 0.0169677734375 0.0190296173095703 -0.00768852233886719
0.00332117080688477 0.00867652893066406 0.00873756408691406 0.0156488418579102
0.00463771820068359 0.00454092025756836 0.0349941253662109 0.0163249969482422
0.00679922103881836 0.00319957733154297 0.0420341491699219 -0.00811386108398438
0.00843524932861328 -0.00336503982543945 0.0355911254882813 -0.0326995849609375
0.00571537017822266 -0.00993061065673828 0.0210342407226563 -0.0424537658691406
0.00574684143066406 -0.0100126266479492 0.0128250122070313 -0.0357589721679688
0.00783824920654297 -0.0125961303710938 0.00947189331054688 -0.0276908874511719
0.01220703125 -0.0115280151367187 0.0115318298339844 -0.0226192474365234
0.0197582244873047 -0.00386238098144531 0.00754547119140625 -0.0179824829101562
0.0218181610107422 0.008575439453125 0.0107688903808594 -0.019012451171875
0.00963973999023438 0.0268115997314453 0.0148372650146484 -0.0252609252929688
-0.001922607421875 0.0364723205566406 0.0290317535400391 -0.0319118499755859
-0.01751708984375 0.0380821228027344 0.0364875793457031 -0.0260009765625
-0.0322418212890625 0.0382804870605469 0.051116943359375 -0.00302886962890625
-0.0071563720703125 0.0358924865722656 0.015690803527832 0.00361919403076172
0.00318527221679688 0.0293731689453125 0.0102214813232422 0.0226345062255859
0.0171031951904297 0.0201950073242188 0.0344409942626953 0.0196743011474609
0.0217666625976563 0.00593185424804688 0.0405616760253906 -0.00410079956054688
0.0239200592041016 -0.00904273986816406 0.0332756042480469 -0.0266532897949219
0.0174217224121094 -0.0215091705322266 0.0188484191894531 -0.0359039306640625
0.0148563385009766 -0.0201454162597656 0.00851821899414063 -0.0280418395996094
0.0180702209472656 -0.0232887268066406 0.00595474243164063 -0.0207252502441406
0.0266647338867188 -0.0191936492919922 0.00584793090820313 -0.0191631317138672
0.0357666015625 -0.00152969360351563 -0.000137329101562497 -0.0151653289794922
0.0326519012451172 0.0176334381103516 0.00451469421386719 -0.0171632766723633
0.010101318359375 0.0413742065429688 0.0106220245361328 -0.0225772857666016
-0.0108566284179687 0.0521354675292969 0.0219268798828125 -0.0233192443847656
-0.0330772399902344 0.0464744567871094 0.0261440277099609 -0.0159454345703125
-0.0489120483398438 0.0427284240722656 0.0369987487792969 0.0103034973144531
-0.0229263305664062 0.0478591918945313 0.00782585144042969 0.0179710388183594
-0.00114059448242188 0.0502738952636719 0.00678634643554688 0.0283164978027344
0.0254020690917969 0.0362358093261719 0.0306415557861328 0.0240440368652344
0.0354499816894531 0.0110092163085938 0.0346508026123047 0.0020599365234375
0.0367393493652344 -0.0149002075195313 0.0287971496582031 -0.0190887451171875
0.0241260528564453 -0.0287761688232422 0.0141696929931641 -0.0252857208251953
0.0234794616699219 -0.0288753509521484 0.00379562377929688 -0.0182285308837891
0.0265769958496094 -0.0332412719726563 0.00075817108154297 -0.0105924606323242
0.0340709686279297 -0.0257301330566406 -0.00247097015380859 -0.0114917755126953
0.0447235107421875 -0.0031585693359375 -0.00843715667724609 -0.0098428726196289
0.0405235290527344 0.0222320556640625 -0.00167465209960937 -0.0152101516723633
0.0107994079589844 0.0515556335449219 0.00566482543945313 -0.0197696685791016
-0.0164260864257812 0.0605010986328125 0.015498161315918 -0.0141897201538086
-0.0425300598144531 0.0476341247558594 0.0121116638183594 -0.00290298461914062
-0.0569419860839844 0.0372543334960938 0.0169296264648438 0.0265026092529297
-0.0350875854492188 0.0520706176757813 -0.00369644165039063 0.0307331085205078
-0.00810623168945313 0.0588150024414063 -0.000873565673828125 0.0355072021484375
0.0295867919921875 0.0476036071777344 0.0242061614990234 0.0276737213134766
0.0439262390136719 0.0165519714355469 0.0250034332275391 0.00619697570800781
0.0433273315429688 -0.017547607421875 0.0200939178466797 -0.00737762451171875
0.0303878784179688 -0.0330810546875 0.00774002075195313 -0.0111560821533203
0.0272254943847656 -0.0323352813720703 -0.00211143493652343 -0.00416684150695801
0.0295295715332031 -0.0361099243164063 -0.00487422943115234 0.00194311141967773
0.0365638732910156 -0.0275459289550781 -0.0100927352905273 -0.000467300415039063
0.0488510131835938 -0.00223922729492188 -0.0151948928833008 -0.003204345703125
0.0453300476074219 0.0234298706054688 -0.00792503356933594 -0.0113525390625
0.00883102416992188 0.0548324584960938 0.00149345397949219 -0.0166015625
-0.0228004455566406 0.0604133605957031 0.0117301940917969 -0.00297260284423828
-0.0473747253417969 0.0437431335449219 -0.00470066070556641 0.00973129272460938
-0.057586669921875 0.02593994140625 -0.00418090820312501 0.0361366271972656
-0.041229248046875 0.0437507629394531 -0.0163002014160156 0.0406265258789062
-0.016082763671875 0.0573768615722656 -0.00597763061523438 0.0370063781738281
0.0240287780761719 0.0486831665039063 0.0106372833251953 0.027587890625
0.0417098999023438 0.0195274353027344 0.0125417709350586 0.0124416351318359
0.0443649291992188 -0.015106201171875 0.00786781311035157 0.00310039520263672
0.0294933319091797 -0.0315399169921875 -0.000743627548217772 0.00214123725891113
0.0260066986083984 -0.0302219390869141 -0.00519561767578125 0.00916290283203125
0.0282707214355469 -0.0347194671630859 -0.0106191635131836 0.0154275894165039
0.0365791320800781 -0.0261993408203125 -0.0198707580566406 0.00842857360839844
0.0449485778808594 -0.0017852783203125 -0.0242176055908203 0.0036163330078125
0.0392951965332031 0.0226554870605469 -0.0142707824707031 -0.00954055786132812
0.0039520263671875 0.051116943359375 -0.000202178955078125 -0.013153076171875
-0.0250625610351563 0.0529441833496094 0.00661754608154297 0.00712776184082032
-0.0472755432128906 0.033203125 -0.0222759246826172 0.0195713043212891
-0.0452957153320313 0.0103721618652344 -0.0245208740234375 0.0411224365234375
-0.0366897583007813 0.0248184204101563 -0.0287208557128906 0.0435066223144531
-0.0210113525390625 0.0413169860839844 -0.0120315551757813 0.0348701477050781
0.0143241882324219 0.0383529663085938 0.000690460205078123 0.0248870849609375
0.0300312042236328 0.0177593231201172 -0.000858306884765623 0.0143108367919922
0.0361671447753906 -0.0109100341796875 -0.00297927856445312 0.0106754302978516
0.0243396759033203 -0.0241260528564453 -0.0076141357421875 0.0158271789550781
0.0213088989257813 -0.0218048095703125 -0.0105915069580078 0.0199165344238281
0.0245227813720703 -0.02886962890625 -0.0139808654785156 0.0290985107421875
0.0292243957519531 -0.0198097229003906 -0.0250988006591797 0.0199565887451172
0.0383491516113281 -0.0013580322265625 -0.0304050445556641 0.00897789001464844
0.0328311920166016 0.0194492340087891 -0.0189476013183594 -0.00678443908691406
-0.00141525268554688 0.04296875 -0.00372123718261719 -0.0104131698608398
-0.0257949829101562 0.0382347106933594 -0.000375747680664066 0.0150003433227539
-0.0434913635253906 0.0165176391601563 -0.0401077270507812 0.025543212890625
-0.0265102386474609 -0.00833702087402344 -0.0370330810546875 0.0418243408203125
-0.0274333953857422 0.00601768493652344 -0.0338973999023438 0.0421028137207031
-0.0180892944335938 0.0187282562255859 -0.0132694244384766 0.0296630859375
0.00283622741699219 0.0229969024658203 -0.00763130187988281 0.0230236053466797
0.0152835845947266 0.0117483139038086 -0.00676059722900391 0.0141515731811523
0.0208911895751953 -0.00520706176757813 -0.00922298431396484 0.0172014236450195
0.0151424407958984 -0.0130729675292969 -0.0116481781005859 0.0247554779052734
0.0141830444335938 -0.0136232376098633 -0.0128345489501953 0.0295124053955078
0.0156135559082031 -0.0182952880859375 -0.0189666748046875 0.0351600646972656
0.0190296173095703 -0.0152168273925781 -0.0318470001220703 0.0255661010742188
0.0258693695068359 -0.000684738159179688 -0.0354194641113281 0.0123291015625
0.0203113555908203 0.0138950347900391 -0.0252532958984375 -0.00743865966796874
-0.00381851196289062 0.0301361083984375 -0.00847530364990234 -0.0106954574584961
-0.0235214233398438 0.0215740203857422 -0.00711536407470703 0.0159988403320313
-0.0319995880126953 0.00141525268554687 -0.0532112121582031 0.0263595581054688
0.010157585144043 0.0133199691772461 0.054901123046875 -0.0278358459472656
0.0160980224609375 -0.00444126129150391 0.0159816741943359 -0.014643669128418
0.000780105590820313 -0.0111312866210938 0.00767040252685547 0.0117130279541016
-0.00902938842773438 -0.00586414337158203 0.0307884216308594 0.0124015808105469
-0.00938892364501953 0.00212860107421875 0.0389022827148438 -0.0102310180664063
-0.00603866577148438 0.00717067718505859 0.0318450927734375 -0.0327644348144531
-0.00352120399475098 0.00413656234741211 0.0188522338867187 -0.0413856506347656
-0.00497055053710937 0.00252151489257812 0.0123176574707031 -0.0356063842773438
-0.00593090057373047 0.000949382781982422 0.0109500885009766 -0.0293674468994141
-0.0040745735168457 -0.00390720367431641 0.0119552612304688 -0.0224285125732422
0.00117397308349609 -0.00764751434326172 0.00915145874023437 -0.0187549591064453
0.00867271423339844 -0.00492238998413086 0.011871337890625 -0.0218791961669922
0.0136756896972656 0.00414848327636719 0.0186538696289062 -0.0278759002685547
0.0126075744628906 0.0173587799072266 0.0319023132324219 -0.039154052734375
0.00361442565917969 0.0239009857177734 0.040435791015625 -0.0364265441894531
-0.0103549957275391 0.0285720825195313 0.0571937561035156 -0.0185279846191406
0.00684642791748047 0.0151329040527344 0.0191993713378906 -0.00793075561523437
0.00317955017089844 0.00815629959106445 0.00940322875976563 0.0154800415039063
0.00508880615234375 0.00570201873779297 0.0345859527587891 0.0148963928222656
0.00612163543701172 0.0027461051940918 0.0405426025390625 -0.00860977172851563
0.00777292251586914 -0.00275611877441406 0.0331287384033203 -0.0322895050048828
0.00649070739746094 -0.00936412811279297 0.0190086364746094 -0.0417327880859375
0.00537204742431641 -0.00996780395507813 0.0103607177734375 -0.0338153839111328
0.00625419616699219 -0.0121335983276367 0.00894355773925781 -0.0282936096191406
0.0118131637573242 -0.0127544403076172 0.00896644592285156 -0.0230216979980469
0.0187149047851563 -0.00350379943847656 0.00679779052734375 -0.0185127258300781
0.0215110778808594 0.00819587707519531 0.00996589660644531 -0.0201416015625
0.0112438201904297 0.0259838104248047 0.0150318145751953 -0.0249462127685547
-0.000301361083984376 0.0370216369628906 0.0263023376464844 -0.0325775146484375
-0.0158805847167969 0.0377693176269531 0.03582763671875 -0.028076171875
-0.0308189392089844 0.0393867492675781 0.0521736145019531 -0.00528717041015625
-0.00592613220214844 0.0346851348876953 0.0158443450927734 0.00291919708251953
0.00324630737304688 0.0299186706542969 0.0095977783203125 0.0215511322021484
0.0181999206542969 0.0195884704589844 0.0342006683349609 0.0184822082519531
0.0229167938232422 0.00612640380859375 0.0395240783691406 -0.00458908081054688
0.022674560546875 -0.0110569000244141 0.0327434539794922 -0.027252197265625
0.0156593322753906 -0.0212516784667969 0.0165863037109375 -0.0357246398925781
0.0145835876464844 -0.0209293365478516 0.00719070434570313 -0.0282630920410156
0.0165386199951172 -0.0245800018310547 0.00535392761230469 -0.0216045379638672
0.0241851806640625 -0.0205974578857422 0.00415611267089844 -0.0188102722167969
0.0341548919677734 -0.00374984741210938 -0.000315666198730466 -0.0146636962890625
0.0330410003662109 0.0163288116455078 0.00459098815917969 -0.0176353454589844
0.0115585327148437 0.0412826538085938 0.0094146728515625 -0.0226154327392578
-0.00860595703125 0.0525703430175781 0.0211372375488281 -0.0246162414550781
-0.0310859680175781 0.0462074279785156 0.0247020721435547 -0.0179424285888672
-0.0468406677246094 0.04351806640625 0.0384521484375 0.009490966796875
-0.0206260681152344 0.0480918884277344 0.00852584838867187 0.0159854888916016
0.000926971435546878 0.0497627258300781 0.00650215148925781 0.0289573669433594
0.0280933380126953 0.0344676971435547 0.0308761596679688 0.0233860015869141
0.0361900329589844 0.0100898742675781 0.0336933135986328 0.000965118408203126
0.0347785949707031 -0.0160961151123047 0.0266819000244141 -0.01922607421875
0.0238590240478516 -0.0293903350830078 0.0123748779296875 -0.025726318359375
0.0212135314941406 -0.0285758972167969 0.00224876403808594 -0.0181407928466797
0.0239601135253906 -0.0340499877929688 2.76565551757838E-05 -0.010101318359375
0.0328807830810547 -0.0264434814453125 -0.00392627716064453 -0.0111713409423828
0.0442047119140625 -0.00474929809570313 -0.00841426849365234 -0.00931072235107422
0.0420188903808594 0.0203094482421875 -0.00167083740234375 -0.0157842636108398
0.0125160217285156 0.0504226684570313 0.00506210327148438 -0.0196590423583984
-0.0140800476074219 0.0602684020996094 0.0155544281005859 -0.0144643783569336
-0.0414466857910156 0.0488853454589844 0.0108585357666016 -0.0042581558227539
-0.0567169189453125 0.0388679504394531 0.0183620452880859 0.0243320465087891
-0.0331993103027344 0.0515251159667969 -0.00259399414062501 0.0293426513671875
-0.00651168823242187 0.0598182678222656 0.000732421875000002 0.0345191955566406
0.0304756164550781 0.0445289611816406 0.0224723815917969 0.0265998840332031
0.043548583984375 0.0152778625488281 0.0247898101806641 0.00677490234375
0.0426864624023438 -0.0178642272949219 0.0190048217773438 -0.00913429260253906
0.0276641845703125 -0.0339832305908203 0.00636959075927735 -0.0117273330688477
0.0249462127685547 -0.0320682525634766 -0.00170421600341797 -0.00437569618225098
0.0271339416503906 -0.0377731323242188 -0.0045323371887207 0.00311517715454101
0.0366172790527344 -0.0303535461425781 -0.0117225646972656 -0.000554084777832033
0.0476417541503906 -0.00501632690429688 -0.0165157318115234 -0.00173568725585938
0.0441703796386719 0.0211372375488281 -0.00791740417480468 -0.0121803283691406
0.0113143920898438 0.0530929565429688 0.00216007232666016 -0.0166378021240234
-0.0182304382324219 0.0600051879882812 0.0109701156616211 -0.00262641906738281
-0.0454826354980469 0.0446243286132813 -0.00432395935058594 0.00845718383789063
-0.0552406311035156 0.0278739929199219 -0.00278854370117188 0.0361366271972656
-0.0397834777832031 0.0438880920410156 -0.0156021118164063 0.0398139953613281
-0.0141181945800781 0.0576324462890625 -0.00592041015625 0.0358161926269531
0.0251197814941406 0.0467529296875 0.0111503601074219 0.0278091430664063
0.0419502258300781 0.017242431640625 0.0122556686401367 0.0125064849853516
0.0428390502929688 -0.0165557861328125 0.00854778289794922 0.00197935104370117
0.0277843475341797 -0.0315303802490234 -0.000463247299194334 0.00308847427368164
0.0249919891357422 -0.0304164886474609 -0.0060124397277832 0.00867080688476562
0.0261688232421875 -0.0359001159667969 -0.0104522705078125 0.015380859375
0.0340919494628906 -0.0277271270751953 -0.0185184478759766 0.00940322875976562
0.0448188781738281 -0.00415802001953125 -0.0230827331542969 0.00459671020507812
0.0403633117675781 0.0207862854003906 -0.0139188766479492 -0.00927543640136718
0.00663375854492187 0.0501480102539063 -0.00133228302001953 -0.0138444900512695
-0.0223617553710938 0.0526847839355469 0.00590991973876953 0.00648307800292969
-0.0465888977050781 0.0340538024902344 -0.0214691162109375 0.0199337005615234
-0.0444679260253906 0.0101242065429687 -0.0235443115234375 0.0416526794433594
-0.0358085632324219 0.0278892517089844 -0.026824951171875 0.0436859130859375
-0.0179481506347656 0.0409469604492188 -0.0112476348876953 0.0347862243652344
0.0151901245117188 0.0387687683105469 0.000101089477539065 0.0254878997802734
0.0314445495605469 0.0160446166992188 0.000904083251953126 0.0127725601196289
0.0350933074951172 -0.0114402770996094 -0.00225830078125 0.0113906860351563
0.0224018096923828 -0.024169921875 -0.00672435760498047 0.0160703659057617
0.0199069976806641 -0.0235424041748047 -0.00876235961914063 0.0214614868164063
0.0223865509033203 -0.0291213989257812 -0.0145778656005859 0.0267143249511719
0.0279006958007813 -0.0223026275634766 -0.0252323150634766 0.0193386077880859
0.0376930236816406 -0.00266265869140625 -0.0296726226806641 0.00912284851074219
0.0328826904296875 0.0189247131347656 -0.0197105407714844 -0.00761222839355469
0.001922607421875 0.0419464111328125 -0.00391483306884766 -0.0120601654052734
-0.0240707397460937 0.039794921875 0.000568389892578125 0.013585090637207
-0.04217529296875 0.0189933776855469 -0.0373115539550781 0.0272865295410156
-0.0253105163574219 -0.00733566284179688 -0.0343818664550781 0.0428085327148437
-0.0254783630371094 0.00626373291015625 -0.0324020385742188 0.0433883666992188
-0.0162925720214844 0.0188579559326172 -0.0136451721191406 0.0306739807128906
0.00440788269042969 0.0224876403808594 -0.00658226013183594 0.0225620269775391
0.0160112380981445 0.0108022689819336 -0.00607490539550781 0.0146751403808594
0.0207576751708984 -0.00615882873535156 -0.00896263122558594 0.0179176330566406
0.0141754150390625 -0.0138816833496094 -0.0107135772705078 0.0256385803222656
0.012700080871582 -0.0142412185668945 -0.0117759704589844 0.0297565460205078
0.0145854949951172 -0.0178699493408203 -0.0178146362304688 0.0350551605224609
0.0189857482910156 -0.0145244598388672 -0.030487060546875 0.0259838104248047
0.0251808166503906 -0.00187110900878906 -0.0346317291259766 0.0128402709960937
0.0209579467773437 0.0136375427246094 -0.0248260498046875 -0.006378173828125
-0.00249862670898437 0.0290851593017578 -0.00838661193847656 -0.0111551284790039
-0.0220260620117188 0.0229129791259766 -0.00664615631103516 0.0153932571411133
-0.0323009490966797 0.00225067138671875 -0.0505447387695313 0.0276260375976563
0.00995826721191406 0.0134983062744141 0.054290771484375 -0.0282745361328125
0.0155372619628906 -0.00428962707519531 0.0149164199829102 -0.0155353546142578
0.000895500183105469 -0.0113410949707031 0.00719642639160156 0.0124950408935547
-0.00854253768920898 -0.00593900680541992 0.0312290191650391 0.0122032165527344
-0.00909996032714844 0.00226497650146484 0.0383224487304688 -0.010162353515625
-0.00604867935180664 0.00648736953735351 0.0312042236328125 -0.0325965881347656
-0.00333714485168457 0.00375199317932129 0.0181007385253906 -0.0418548583984375
-0.0050201416015625 0.00256776809692383 0.0106430053710937 -0.0355682373046875
-0.00547456741333008 0.00143909454345703 0.0102062225341797 -0.0289783477783203
-0.00403380393981934 -0.00320363044738769 0.0114994049072266 -0.0224399566650391
0.000879287719726563 -0.00659513473510742 0.00899505615234375 -0.0195484161376953
0.00821256637573242 -0.00496816635131836 0.0113277435302734 -0.0220966339111328
0.0137929916381836 0.00418663024902344 0.0188503265380859 -0.0275859832763672
0.0125532150268555 0.0169191360473633 0.0316009521484375 -0.0392074584960938
0.003814697265625 0.0239658355712891 0.0400428771972656 -0.0364913940429688
-0.00990104675292969 0.0283164978027344 0.05743408203125 -0.0198516845703125
0.00678443908691406 0.015599250793457 0.0177021026611328 -0.00854110717773437
0.00346565246582031 0.00806856155395508 0.00936317443847656 0.0163869857788086
0.00502300262451172 0.00558280944824219 0.0339679718017578 0.0147838592529297
0.00649118423461914 0.00333356857299805 0.0405616760253906 -0.00838851928710938
0.00806760787963867 -0.00259733200073242 0.0322036743164063 -0.0322227478027344
0.00657463073730469 -0.00957489013671875 0.0177268981933594 -0.0412712097167969
0.00508403778076172 -0.0102243423461914 0.00907516479492187 -0.0341415405273438
0.00603485107421875 -0.0123891830444336 0.00802421569824219 -0.027801513671875
0.0115375518798828 -0.0118474960327148 0.0083160400390625 -0.0232944488525391
0.0188350677490234 -0.0042724609375 0.00595664978027344 -0.0184898376464844
0.0213756561279297 0.00800514221191406 0.00963020324707031 -0.0204696655273438
0.0113601684570313 0.0249843597412109 0.0147724151611328 -0.0256919860839844
-0.000270843505859376 0.0365867614746094 0.0269451141357422 -0.0329360961914063
-0.015472412109375 0.037384033203125 0.0357017517089844 -0.0291023254394531
-0.0294189453125 0.0395698547363281 0.0519828796386719 -0.0060882568359375
-0.00548744201660156 0.0345535278320313 0.0158929824829102 0.00214481353759766
0.00417900085449219 0.0301589965820313 0.009185791015625 0.0220241546630859
0.0186367034912109 0.0192584991455078 0.0344905853271484 0.0187664031982422
0.0226860046386719 0.00538063049316406 0.0390586853027344 -0.00467300415039063
0.0220222473144531 -0.0113353729248047 0.0310840606689453 -0.0280570983886719
0.0153350830078125 -0.0217800140380859 0.0154609680175781 -0.0356864929199219
0.0138931274414063 -0.0211143493652344 0.00626373291015625 -0.0278491973876953
0.0158157348632813 -0.0252094268798828 0.00465774536132812 -0.0214157104492188
0.0239238739013672 -0.0205211639404297 0.00276374816894531 -0.0191593170166016
0.0340080261230469 -0.00413894653320313 -0.000990867614746092 -0.0151090621948242
0.0337295532226563 0.0156803131103516 0.0043487548828125 -0.0186023712158203
0.0118865966796875 0.0411872863769531 0.00990676879882812 -0.0228958129882812
-0.00779724121093749 0.0520591735839844 0.0206508636474609 -0.0246620178222656
-0.0300941467285156 0.0465507507324219 0.0250034332275391 -0.0190944671630859
-0.0457992553710938 0.0436363220214844 0.0379600524902344 0.00861740112304688
-0.0193023681640625 0.04815673828125 0.00876617431640625 0.0159196853637695
0.0010986328125 0.0493354797363281 0.0064697265625 0.0289802551269531
0.0286407470703125 0.0331287384033203 0.0302619934082031 0.0230770111083984
0.0363883972167969 0.00905990600585938 0.0336856842041016 0.00124549865722656
0.0346126556396484 -0.0173225402832031 0.027008056640625 -0.0194988250732422
0.0229206085205078 -0.0306720733642578 0.0118541717529297 -0.0254325866699219
0.0208263397216797 -0.0291156768798828 0.00187301635742188 -0.0179023742675781
0.02276611328125 -0.0344429016113281 -0.000217437744140624 -0.0104618072509766
0.0319576263427734 -0.0272731781005859 -0.0047454833984375 -0.011347770690918
0.0438461303710937 -0.00555038452148437 -0.00886726379394531 -0.00919628143310547
0.0416793823242188 0.019195556640625 -0.00174236297607422 -0.0161514282226563
0.013885498046875 0.0501060485839844 0.00498580932617188 -0.0199775695800781
-0.0133132934570312 0.0600929260253906 0.0156631469726563 -0.0143604278564453
-0.0401649475097656 0.0489921569824219 0.0110139846801758 -0.00524330139160156
-0.0557823181152344 0.0394706726074219 0.0185451507568359 0.0239830017089844
-0.0324592590332031 0.0519142150878906 -0.00259590148925782 0.0291004180908203
-0.00517654418945312 0.0596809387207031 0.000934600830078123 0.0343151092529297
0.0316352844238281 0.0438957214355469 0.0221824645996094 0.0271015167236328
0.0438919067382813 0.0132369995117188 0.0240802764892578 0.00691413879394531
0.0417060852050781 -0.0194015502929688 0.0184345245361328 -0.00867271423339844
0.0268020629882813 -0.0346088409423828 0.00644397735595703 -0.0117130279541016
0.0239334106445313 -0.0324630737304688 -0.00217342376708984 -0.00445842742919922
0.0260887145996094 -0.0386085510253906 -0.00525999069213867 0.00259685516357422
0.0349674224853516 -0.0301876068115234 -0.0120515823364258 -0.000474929809570315
0.0474929809570313 -0.00626373291015625 -0.0165414810180664 -0.00211334228515625
0.0442428588867187 0.0201568603515625 -0.00794601440429687 -0.0123252868652344
0.01239013671875 0.0524063110351563 0.00178337097167969 -0.0168304443359375
-0.0169754028320312 0.0599632263183594 0.0116109848022461 -0.00324440002441406
-0.0456047058105469 0.0449790954589844 -0.00458431243896484 0.00834798812866211
-0.0548439025878906 0.0281028747558594 -0.00260543823242188 0.0363197326660156
-0.0386695861816406 0.0439605712890625 -0.0151329040527344 0.0391921997070313
-0.0129013061523437 0.0574836730957031 -0.00595474243164063 0.0356941223144531
0.0266990661621094 0.0460052490234375 0.0108108520507813 0.0281715393066406
0.0418167114257813 0.0164718627929688 0.0125179290771484 0.0120210647583008
0.0418128967285156 -0.0175361633300781 0.00819063186645508 0.0023808479309082
0.0267295837402344 -0.0322246551513672 -0.000341176986694334 0.00281453132629394
0.0236740112304688 -0.0303363800048828 -0.00622844696044922 0.00890731811523437
0.025146484375 -0.0367393493652344 -0.00992870330810547 0.0159091949462891
0.0328865051269531 -0.0283489227294922 -0.0192146301269531 0.0101413726806641
0.0452003479003906 -0.00594711303710938 -0.0230369567871094 0.00464248657226563
0.0406265258789063 0.0198783874511719 -0.01409912109375 -0.00927543640136718
0.0083160400390625 0.0497474670410156 -0.00121116638183594 -0.0138969421386719
-0.0213127136230469 0.0529212951660156 0.00608491897583008 0.0061635971069336
-0.0460624694824219 0.0345230102539063 -0.0211029052734375 0.0196762084960938
-0.0433921813964844 0.0111312866210938 -0.0223579406738281 0.0426139831542969
-0.0350971221923828 0.02764892578125 -0.0259590148925781 0.0439071655273438
-0.0171051025390625 0.0419502258300781 -0.0112323760986328 0.0343704223632813
0.0163497924804688 0.0382423400878906 0.000597000122070312 0.0256805419921875
0.0317916870117188 0.0153675079345703 0.00129508972167969 0.014674186706543
0.0339488983154297 -0.0126743316650391 -0.0018777847290039 0.0116748809814453
0.0216274261474609 -0.0247001647949219 -0.00655078887939453 0.0160007476806641
0.0194416046142578 -0.0247001647949219 -0.00953292846679687 0.0209140777587891
0.0216331481933594 -0.0294380187988281 -0.0138359069824219 0.0270175933837891
0.0267200469970703 -0.0230865478515625 -0.0249519348144531 0.0196495056152344
0.0371475219726563 -0.0041656494140625 -0.0291519165039062 0.00986862182617188
0.0324287414550781 0.0172481536865234 -0.0198955535888672 -0.0073089599609375
0.00272750854492188 0.0423507690429687 -0.00421142578125 -0.0122919082641602
-0.0228271484375 0.0400199890136719 0.000306129455566406 0.0127105712890625
-0.0410995483398438 0.0192794799804687 -0.0368576049804688 0.0268363952636719
-0.0251617431640625 -0.00698280334472656 -0.0338783264160156 0.0434684753417969
-0.0250492095947266 0.00683975219726563 -0.0317955017089844 0.0432205200195313
-0.0162620544433594 0.0194797515869141 -0.0138511657714844 0.0306816101074219
0.00531387329101563 0.0223102569580078 -0.0066680908203125 0.0231437683105469
0.016596794128418 0.0107793807983398 -0.00665283203125 0.0157222747802734
0.0198459625244141 -0.00637435913085938 -0.00835800170898437 0.0180740356445313
0.0129804611206055 -0.0138912200927734 -0.00990104675292969 0.0251579284667969
0.0118303298950195 -0.014409065246582 -0.011199951171875 0.0296897888183594
0.0138721466064453 -0.0185585021972656 -0.0169830322265625 0.0347309112548828
0.018280029296875 -0.0153064727783203 -0.0299644470214844 0.0264816284179687
0.0254154205322266 -0.002471923828125 -0.0339279174804687 0.0136032104492188
0.0215244293212891 0.0131244659423828 -0.0245418548583984 -0.00608253479003906
-0.00160598754882812 0.0289936065673828 -0.00782489776611328 -0.0112457275390625
-0.0210952758789063 0.0231056213378906 -0.00653362274169922 0.0154390335083008
-0.0315341949462891 0.00185585021972656 -0.0504035949707031 0.0280113220214844
0.00962162017822266 0.0133275985717773 0.0551490783691406 -0.0299568176269531
0.0155019760131836 -0.00464534759521484 0.0147867202758789 -0.0159883499145508
0.000714302062988282 -0.0109548568725586 0.00709438323974609 0.0126981735229492
-0.00901699066162109 -0.00526523590087891 0.0313777923583984 0.0125846862792969
-0.00898361206054687 0.00236225128173828 0.039215087890625 -0.0102348327636719
-0.00588464736938477 0.00689363479614258 0.0313644409179688 -0.0331344604492188
-0.00298762321472168 0.00377607345581055 0.0177764892578125 -0.0421333312988281
-0.00445318222045898 0.00301074981689453 0.0103111267089844 -0.0355644226074219
-0.00565290451049805 0.00183629989624024 0.00944137573242188 -0.0297966003417969
-0.00388669967651367 -0.00318288803100586 0.0108280181884766 -0.0235347747802734
0.000790119171142578 -0.00656843185424805 0.00880050659179688 -0.0203838348388672
0.00826358795166016 -0.00464677810668945 0.0115299224853516 -0.0228366851806641
0.0139846801757813 0.00436687469482422 0.0199661254882812 -0.0282173156738281
0.0127534866333008 0.0174369812011719 0.0320701599121094 -0.0400314331054688
0.00411796569824219 0.0242099761962891 0.0407142639160156 -0.0385284423828125
-0.00988197326660156 0.0292129516601563 0.0573654174804688 -0.0202484130859375
0.00722026824951172 0.0154170989990234 0.0178680419921875 -0.00935173034667968
0.00373554229736328 0.00899696350097656 0.00928306579589844 0.0168237686157227
0.00536394119262695 0.00555324554443359 0.0345745086669922 0.0147476196289063
0.00689697265625 0.00328159332275391 0.0408439636230469 -0.00841140747070313
0.00829553604125977 -0.0031280517578125 0.0327281951904297 -0.0327949523925781
0.00623130798339844 -0.0101404190063477 0.017547607421875 -0.0417518615722656
0.0052042007446289 -0.0103988647460938 0.00828933715820312 -0.0346813201904297
0.00588512420654297 -0.0127115249633789 0.0077056884765625 -0.0285415649414063
0.0115013122558594 -0.0120124816894531 0.00808525085449219 -0.0237274169921875
0.0191154479980469 -0.00451469421386719 0.00580978393554688 -0.0190982818603516
0.0220413208007812 0.00792694091796875 0.00974464416503907 -0.0216598510742188
0.0114192962646484 0.0253734588623047 0.0153141021728516 -0.0256748199462891
-0.000164031982421877 0.0375022888183594 0.0275154113769531 -0.0337028503417969
-0.0156402587890625 0.0381507873535156 0.0359725952148438 -0.0306968688964844
-0.0298843383789062 0.0405502319335938 0.0522193908691406 -0.00703048706054687
-0.00513648986816406 0.0345554351806641 0.0158357620239258 0.00188159942626953
0.00535392761230469 0.0308723449707031 0.00899505615234375 0.0225048065185547
0.0195655822753906 0.018890380859375 0.0346260070800781 0.0192737579345703
0.0234813690185547 0.00509071350097656 0.0392837524414063 -0.00412750244140625
0.0222625732421875 -0.0122795104980469 0.0311641693115234 -0.0283031463623047
0.0153656005859375 -0.0225448608398438 0.0153617858886719 -0.0364837646484375
0.0139331817626953 -0.0215854644775391 0.00519371032714844 -0.0284786224365234
0.0154914855957031 -0.0257778167724609 0.00382232666015625 -0.0218334197998047
0.0239105224609375 -0.0211563110351563 0.00207328796386719 -0.0195732116699219
0.0339870452880859 -0.0052642822265625 -0.00141239166259765 -0.0158071517944336
0.0339164733886719 0.0156841278076172 0.004547119140625 -0.0200214385986328
0.0124893188476563 0.0411491394042969 0.0102901458740234 -0.0233287811279297
-0.00778961181640625 0.0527114868164063 0.0211238861083984 -0.0250606536865234
-0.0306129455566406 0.0472869873046875 0.0247611999511719 -0.0203075408935547
-0.0463600158691406 0.0444602966308594 0.0386428833007813 0.00837326049804688
-0.0195236206054687 0.048583984375 0.00839996337890625 0.01580810546875
0.00193405151367188 0.0499229431152344 0.00644302368164063 0.029571533203125
0.0297317504882813 0.0330562591552734 0.0302333831787109 0.0235767364501953
0.0373458862304688 0.00870513916015625 0.0341739654541016 0.00176429748535156
0.0342845916748047 -0.0185928344726563 0.0270366668701172 -0.0200519561767578
0.0226726531982422 -0.0316123962402344 0.0115756988525391 -0.0258121490478516
0.0203800201416016 -0.0298976898193359 0.00114631652832032 -0.0177154541015625
0.0219650268554688 -0.0352096557617188 -0.000422477722167967 -0.0105047225952148
0.0313720703125 -0.0280914306640625 -0.00566005706787109 -0.0113105773925781
0.0446929931640625 -0.0069122314453125 -0.00925922393798828 -0.00969028472900391
0.0428962707519531 0.0185089111328125 -0.00203323364257812 -0.0169553756713867
0.0142593383789063 0.0508460998535156 0.00548362731933594 -0.0204200744628906
-0.0122184753417969 0.0611000061035156 0.0160608291625977 -0.0148696899414062
-0.0404090881347656 0.0504531860351562 0.0108842849731445 -0.00596809387207031
-0.055755615234375 0.0411376953125 0.0191059112548828 0.0236854553222656
-0.0319023132324219 0.053070068359375 -0.0029754638671875 0.0297584533691406
-0.00439834594726563 0.0614204406738281 0.000257492065429684 0.0344161987304688
0.0330581665039063 0.0436897277832031 0.0217151641845703 0.0275344848632813
0.0447006225585937 0.0131607055664062 0.0246429443359375 0.00754165649414063
0.0419158935546875 -0.0210800170898438 0.0187320709228516 -0.00913429260253906
0.0266189575195313 -0.0356063842773438 0.0057973861694336 -0.0118551254272461
0.0235710144042969 -0.0334072113037109 -0.00298166275024414 -0.0043034553527832
0.0252799987792969 -0.0395965576171875 -0.00567150115966797 0.00290107727050781
0.0343189239501953 -0.0315704345703125 -0.0124940872192383 -0.000291824340820315
0.0482177734375 -0.00825881958007813 -0.0170507431030273 -0.00208568572998047
0.0454673767089844 0.0193939208984375 -0.00849723815917968 -0.013728141784668
0.013397216796875 0.0535736083984375 0.00142288208007812 -0.0174617767333984
-0.016082763671875 0.0614509582519531 0.0113039016723633 -0.00344276428222656
-0.0458946228027344 0.0463371276855469 -0.00477266311645508 0.00783348083496094
-0.0549087524414063 0.0294609069824219 -0.0023651123046875 0.03631591796875
-0.0386314392089844 0.0450325012207031 -0.0154190063476562 0.0392990112304688
-0.0122756958007813 0.0585174560546875 -0.00652694702148438 0.0362930297851563
0.02801513671875 0.0463523864746094 0.0106983184814453 0.0285987854003906
0.04254150390625 0.0160446166992188 0.0124540328979492 0.0125522613525391
0.0419769287109375 -0.0189743041992188 0.00879001617431641 0.002044677734375
0.0266628265380859 -0.0336170196533203 -0.000669956207275389 0.0028696060180664
0.0233421325683594 -0.0315494537353516 -0.00683784484863281 0.00921916961669922
0.0248641967773438 -0.0379714965820313 -0.0101776123046875 0.0159721374511719
0.0326557159423828 -0.0296440124511719 -0.0197353363037109 0.0105018615722656
0.0459136962890625 -0.00732421875 -0.0235366821289062 0.00490188598632812
0.0416107177734375 0.0193252563476563 -0.0142192840576172 -0.0100154876708984
0.00930023193359374 0.0503883361816406 -0.00154781341552734 -0.0143756866455078
-0.0204734802246094 0.0541343688964844 0.00652980804443359 0.00550651550292969
-0.0463638305664062 0.03582763671875 -0.0210018157958984 0.0192642211914063
-0.0438575744628906 0.0121307373046875 -0.022369384765625 0.0434188842773437
-0.0354461669921875 0.0281295776367188 -0.0262870788574219 0.04437255859375
-0.0164909362792969 0.0428924560546875 -0.0119266510009766 0.034698486328125
0.01788330078125 0.0381622314453125 0.000238418579101561 0.0267200469970703
0.0317764282226563 0.0151176452636719 0.00110340118408203 0.0149192810058594
0.0333957672119141 -0.0134124755859375 -0.00174808502197265 0.0115633010864258
0.0217037200927734 -0.0259838104248047 -0.00622940063476562 0.0164451599121094
0.0189590454101563 -0.0250968933105469 -0.00929450988769531 0.021820068359375
0.0210590362548828 -0.0305023193359375 -0.0134487152099609 0.0276947021484375
0.0271015167236328 -0.0239448547363281 -0.0256805419921875 0.0204238891601563
0.0380744934082031 -0.0052490234375 -0.0297126770019531 0.0105686187744141
0.0333843231201172 0.0171394348144531 -0.0199756622314453 -0.00745582580566406
0.00312423706054688 0.04248046875 -0.0044097900390625 -0.0126256942749023
-0.0219955444335938 0.0407829284667969 0.00077247619628906 0.0129528045654297
-0.0419120788574219 0.0203132629394531 -0.0373268127441406 0.0272979736328125
-0.024993896484375 -0.00651741027832031 -0.0343894958496094 0.0448265075683594
-0.0251846313476563 0.00693130493164062 -0.0320053100585937 0.0439796447753906
-0.0160350799560547 0.0201988220214844 -0.0147609710693359 0.0311298370361328
0.00581741333007812 0.0224514007568359 -0.00684547424316406 0.0238399505615234
0.0170211791992188 0.0101814270019531 -0.00641918182373047 0.0159387588500977
0.0197505950927734 -0.00708770751953125 -0.0083770751953125 0.0181427001953125
0.0130767822265625 -0.0146589279174805 -0.00991439819335938 0.0258693695068359
0.0117282867431641 -0.0150613784790039 -0.0111637115478516 0.0305023193359375
0.0136795043945313 -0.0189342498779297 -0.0168571472167969 0.035552978515625
0.0179080963134766 -0.0157299041748047 -0.0303745269775391 0.0273895263671875
0.0258560180664063 -0.00286483764648438 -0.0342483520507812 0.0139751434326172
0.0220603942871094 0.0128860473632813 -0.024932861328125 -0.00630760192871094
-0.00127792358398437 0.029632568359375 -0.00803565979003907 -0.0118265151977539
-0.021148681640625 0.0234336853027344 -0.00639724731445313 0.0159158706665039
-0.031768798828125 0.00219154357910156 -0.0506629943847656 0.0291900634765625
0.00990486145019531 0.0135374069213867 0.0556144714355469 -0.0319862365722656
0.0153026580810547 -0.00550079345703125 0.0144414901733398 -0.0165996551513672
0.000597000122070313 -0.0113763809204102 0.00726509094238281 0.0135173797607422
-0.0089874267578125 -0.00500106811523438 0.0324687957763672 0.0121841430664063
-0.00890827178955078 0.00285530090332031 0.0399246215820312 -0.0113143920898437
-0.00551986694335938 0.00744533538818359 0.0309734344482422 -0.0346870422363281
-0.00327086448669434 0.00376749038696289 0.0170173645019531 -0.0440864562988281
-0.00448989868164063 0.00342416763305664 0.009429931640625 -0.036651611328125
-0.00579929351806641 0.00187444686889648 0.00910568237304687 -0.0311756134033203
-0.00428271293640137 -0.00322055816650391 0.0107402801513672 -0.0241069793701172
0.000606536865234375 -0.00646829605102539 0.00827980041503906 -0.0215549468994141
0.00846099853515625 -0.00501394271850586 0.0117912292480469 -0.0241851806640625
0.0140247344970703 0.00429248809814453 0.0204429626464844 -0.0291614532470703
0.0134315490722656 0.0172700881958008 0.0320777893066406 -0.0421218872070312
0.00487518310546875 0.0249252319335938 0.0412101745605469 -0.0414886474609375
-0.0103244781494141 0.0301990509033203 0.0584983825683594 -0.022613525390625
0.00776863098144531 0.0155925750732422 0.0177364349365234 -0.00958824157714844
0.00436592102050781 0.00925159454345703 0.00926876068115234 0.0174198150634766
0.00594282150268555 0.0055689811706543 0.0355262756347656 0.0146369934082031
0.0075383186340332 0.00263690948486328 0.0415534973144531 -0.0093536376953125
0.00836467742919922 -0.00366353988647461 0.0328598022460938 -0.0344638824462891
0.00601768493652344 -0.0111198425292969 0.016357421875 -0.0437126159667969
0.00492763519287109 -0.0104150772094727 0.00754928588867188 -0.0355339050292969
0.00557327270507813 -0.0131139755249023 0.00690650939941406 -0.0294303894042969
0.0114822387695312 -0.0128173828125 0.00707054138183594 -0.0245494842529297
0.0195369720458984 -0.00506210327148438 0.00483131408691407 -0.0201358795166016
0.0226497650146484 0.00769615173339844 0.00967216491699219 -0.0233001708984375
0.0120315551757813 0.0261154174804688 0.0159587860107422 -0.0272617340087891
0.00135040283203125 0.0385284423828125 0.0277671813964844 -0.0358543395996094
-0.0150070190429688 0.039794921875 0.0365371704101563 -0.0334854125976563
-0.0303077697753906 0.0423698425292969 0.0530548095703125 -0.00861740112304688
-0.004852294921875 0.0361366271972656 0.0161752700805664 0.00156402587890625
0.00581741333007813 0.0314559936523438 0.00932121276855469 0.0232334136962891
0.0209732055664063 0.0192070007324219 0.0356369018554688 0.0190963745117188
0.0243034362792969 0.00465011596679688 0.0405731201171875 -0.00468063354492188
0.0225009918212891 -0.0135498046875 0.0316963195800781 -0.0299243927001953
0.0150527954101562 -0.0239143371582031 0.0142250061035156 -0.0379447937011719
0.0134658813476563 -0.0225849151611328 0.00407218933105469 -0.0288715362548828
0.0146865844726562 -0.0272712707519531 0.00269699096679688 -0.0221977233886719
0.0235137939453125 -0.0222396850585938 0.000635147094726562 -0.0199813842773438
0.0351753234863281 -0.00636672973632812 -0.00182533264160156 -0.0164203643798828
0.0353622436523438 0.0151748657226563 0.0038604736328125 -0.0213623046875
0.0138435363769531 0.0425491333007813 0.0101222991943359 -0.0244865417480469
-0.00656509399414063 0.0545120239257812 0.0216312408447266 -0.0269336700439453
-0.0303382873535156 0.0495681762695313 0.0255241394042969 -0.0221710205078125
-0.046722412109375 0.0473442077636719 0.03948974609375 0.00719833374023438
-0.018768310546875 0.0501556396484375 0.00891780853271484 0.0155391693115234
0.00337982177734375 0.0519981384277344 0.0062103271484375 0.0306148529052734
0.0318965911865234 0.0328941345214844 0.0313434600830078 0.0239810943603516
0.0383453369140625 0.00762176513671875 0.0349998474121094 0.00114822387695313
0.0345516204833984 -0.0205059051513672 0.0272064208984375 -0.0210399627685547
0.0217742919921875 -0.0333766937255859 0.0108604431152344 -0.0267391204833984
0.0197868347167969 -0.0315151214599609 0.000312805175781251 -0.0178356170654297
0.0209732055664062 -0.0372772216796875 -0.00123500823974609 -0.0109319686889648
0.0311660766601563 -0.0299186706542969 -0.00616836547851562 -0.0113496780395508
0.04534912109375 -0.009033203125 -0.00988960266113281 -0.00993251800537109
0.0442008972167969 0.0177497863769531 -0.00252342224121093 -0.0179710388183594
0.0158462524414062 0.0519790649414063 0.00549507141113282 -0.0215988159179688
-0.0109176635742188 0.0632057189941406 0.0159130096435547 -0.0163021087646484
-0.04034423828125 0.0528945922851562 0.0108051300048828 -0.00761890411376953
-0.05633544921875 0.0431900024414062 0.0197772979736328 0.0237979888916016
-0.0313835144042969 0.0541610717773438 -0.00251579284667969 0.0294017791748047
-0.00308609008789063 0.0628814697265625 0.000301361083984376 0.0359649658203125
0.0353469848632813 0.0439071655273438 0.0226173400878906 0.0281925201416016
0.0463333129882813 0.0118255615234375 0.0251312255859375 0.008148193359375
0.0419044494628906 -0.0234184265136719 0.0190296173095703 -0.00940895080566406
0.0260353088378906 -0.0378379821777344 0.00514316558837891 -0.012603759765625
0.0230064392089844 -0.0352249145507813 -0.00365638732910156 -0.00448322296142578
0.0242500305175781 -0.0422859191894531 -0.00568389892578125 0.0027775764465332
0.0334587097167969 -0.0334453582763672 -0.0140132904052734 8.86917114257822E-05
0.0490875244140625 -0.0105476379394531 -0.0177040100097656 -0.00206375122070312
0.0471954345703125 0.0179557800292969 -0.00915145874023437 -0.0141057968139648
0.0152511596679687 0.0542831420898438 0.00156974792480469 -0.0187950134277344
-0.0147933959960938 0.0630874633789062 0.0118446350097656 -0.00454521179199218
-0.0460395812988281 0.0485115051269531 -0.00470876693725586 0.00749492645263672
-0.0559272766113281 0.0313377380371094 -0.00191879272460938 0.0375900268554688
-0.0384941101074219 0.0470237731933594 -0.0153732299804687 0.040435791015625
-0.0110626220703125 0.060821533203125 -0.00653839111328125 0.0378341674804688
0.0303001403808594 0.0461235046386719 0.0107345581054688 0.0294971466064453
0.0442276000976563 0.0151634216308594 0.0127534866333008 0.0133943557739258
0.0421333312988281 -0.021087646484375 0.00902652740478516 0.00218009948730469
0.0257835388183594 -0.0356369018554688 -0.00094175338745117 0.00328254699707031
0.0223770141601563 -0.0338420867919922 -0.00691413879394531 0.0097208023071289
0.0240287780761719 -0.0401573181152344 -0.00980758666992188 0.0163860321044922
0.0319862365722656 -0.0320587158203125 -0.0206508636474609 0.0117988586425781
0.0467185974121094 -0.009307861328125 -0.0239734649658203 0.00588798522949219
0.0434684753417969 0.0178718566894531 -0.0151815414428711 -0.0104856491088867
0.0109024047851562 0.0513954162597656 -0.00193119049072265 -0.0148019790649414
-0.0190696716308594 0.0559120178222656 0.00649309158325195 0.00526142120361328
-0.0469818115234375 0.0377693176269531 -0.0213527679443359 0.0196552276611328
-0.0442047119140625 0.0137786865234375 -0.022216796875 0.0449600219726563
-0.0358200073242187 0.0298538208007813 -0.026519775390625 0.045928955078125
-0.0153732299804688 0.0449676513671875 -0.0122489929199219 0.0357818603515625
0.0195426940917969 0.0384941101074219 0.000396728515624999 0.0276432037353516
0.0337390899658203 0.0140781402587891 0.000761985778808597 0.0159635543823242
0.0338001251220703 -0.0154495239257812 -0.000965118408203124 0.0118722915649414
0.0211639404296875 -0.0273628234863281 -0.00660896301269531 0.0169267654418945
0.0186614990234375 -0.0264034271240234 -0.00941658020019531 0.0225353240966797
0.0206451416015625 -0.0323448181152344 -0.0138797760009766 0.0285186767578125
0.0263919830322266 -0.0258445739746094 -0.0257015228271484 0.0220088958740234
0.0386924743652344 -0.0066986083984375 -0.0299949645996094 0.0119743347167969
0.03460693359375 0.0161247253417969 -0.0208644866943359 -0.00783729553222656
0.00521087646484375 0.0430564880371094 -0.00496864318847656 -0.0128631591796875
-0.0210456848144531 0.0422210693359375 0.00123310089111328 0.0131740570068359
-0.0427093505859375 0.0216903686523437 -0.0376739501953125 0.0282669067382813
-0.0257549285888672 -0.00596046447753907 -0.0342979431152344 0.0475807189941406
-0.0252361297607422 0.00802230834960937 -0.0322608947753906 0.0463333129882813
-0.0157146453857422 0.0212192535400391 -0.0151023864746094 0.0326366424560547
0.00679206848144531 0.0230846405029297 -0.00672340393066406 0.0254783630371094
0.0171976089477539 0.00943470001220703 -0.00640869140625 0.0174322128295898
0.0196399688720703 -0.00853347778320313 -0.00772476196289062 0.0189533233642578
0.0124807357788086 -0.0154924392700195 -0.00933074951171875 0.0268611907958984
0.0110683441162109 -0.0154581069946289 -0.0107307434082031 0.0316448211669922
0.0132560729980469 -0.0201301574707031 -0.0167350769042969 0.0369834899902344
0.0175743103027344 -0.0169467926025391 -0.0307083129882812 0.0287799835205078
0.0262641906738281 -0.00408554077148438 -0.0347270965576172 0.0150737762451172
0.0232982635498047 0.0124015808105469 -0.0260047912597656 -0.00633811950683593
-4.38690185546851E-05 0.0305500030517578 -0.00889205932617187 -0.0122966766357422
-0.0207080841064453 0.0243663787841797 -0.00640201568603516 0.0156469345092773
-0.0323257446289063 0.00307846069335938 -0.0508842468261719 0.0310287475585938
0.0101232528686523 0.0136613845825195 0.0549583435058594 -0.0352630615234375
0.0151948928833008 -0.00585079193115234 0.0137310028076172 -0.0176353454589844
3.1471252441406E-05 -0.0114898681640625 0.00798797607421875 0.0138969421386719
-0.00942230224609375 -0.0044393539428711 0.0340099334716797 0.0113506317138672
-0.008544921875 0.0030364990234375 0.0403633117675781 -0.0136184692382813
-0.00531387329101563 0.00739431381225586 0.0301704406738281 -0.0365867614746094
-0.00277304649353027 0.0041501522064209 0.0153083801269531 -0.0458717346191406
-0.00405073165893555 0.00345635414123535 0.00777053833007813 -0.0379867553710938
-0.00570917129516602 0.00251626968383789 0.00725555419921875 -0.0321884155273438
-0.0043032169342041 -0.00267314910888672 0.00928688049316406 -0.0252437591552734
3.67164611816403E-05 -0.00658607482910156 0.00727653503417969 -0.0229167938232422
0.008148193359375 -0.00536441802978516 0.0106906890869141 -0.0255527496337891
0.0140705108642578 0.00381755828857422 0.0201816558837891 -0.0310764312744141
0.0142316818237305 0.0171260833740234 0.0314865112304687 -0.04437255859375
0.00575637817382812 0.0247097015380859 0.0406951904296875 -0.0451126098632813
-0.00935173034667969 0.0315876007080078 0.0583038330078125 -0.0257110595703125
0.00824928283691406 0.0158014297485352 0.017298698425293 -0.0112514495849609
0.00520801544189453 0.00963020324707031 0.0100135803222656 0.0178756713867188
0.0065007209777832 0.00560379028320313 0.03680419921875 0.0134696960449219
0.00778675079345703 0.00265979766845703 0.0422210693359375 -0.0112800598144531
0.00800657272338867 -0.00461339950561524 0.031646728515625 -0.0364036560058594
0.00550365447998047 -0.0119438171386719 0.0149002075195312 -0.0451774597167969
0.00478935241699219 -0.0107631683349609 0.00516891479492188 -0.0362892150878906
0.00515651702880859 -0.013758659362793 0.00527572631835938 -0.0303497314453125
0.0109949111938477 -0.0134906768798828 0.0058746337890625 -0.0255031585693359
0.0192089080810547 -0.00592994689941406 0.00346183776855469 -0.021392822265625
0.0233249664306641 0.00724601745605469 0.00899505615234375 -0.0243167877197266
0.0130176544189453 0.0263290405273438 0.0155029296875 -0.0284194946289063
0.00245285034179687 0.0392646789550781 0.0269737243652344 -0.0379791259765625
-0.0139999389648437 0.0413017272949219 0.0359840393066406 -0.0368003845214844
-0.0292282104492188 0.04449462890625 0.0539169311523438 -0.0113563537597656
-0.00299835205078125 0.0364341735839844 0.0159111022949219 0.000105857849121096
0.00754547119140625 0.0324001312255859 0.00968360900878906 0.0239353179931641
0.0221633911132813 0.0186042785644531 0.036956787109375 0.0180206298828125
0.0247821807861328 0.00316238403320312 0.0413818359375 -0.0062103271484375
0.0220241546630859 -0.0151824951171875 0.0310268402099609 -0.0313568115234375
0.0139617919921875 -0.0258712768554688 0.0130386352539062 -0.0390243530273438
0.0126953125 -0.0237445831298828 0.00276756286621094 -0.0292778015136719
0.0134449005126953 -0.0286235809326172 0.00157737731933594 -0.0229129791259766
0.0227012634277344 -0.0241012573242188 -0.000568389892578126 -0.0206279754638672
0.0353889465332031 -0.00850677490234375 -0.003509521484375 -0.0169458389282227
0.0369148254394531 0.0134696960449219 0.00299644470214844 -0.0225257873535156
0.0158538818359375 0.0431289672851563 0.00991249084472657 -0.0257587432861328
-0.00408554077148437 0.0559768676757813 0.0210800170898438 -0.0292987823486328
-0.0294265747070312 0.0521697998046875 0.0247898101806641 -0.0246105194091797
-0.0458831787109375 0.0501785278320313 0.0404319763183594 0.0052947998046875
-0.0171661376953125 0.0517387390136719 0.00932598114013672 0.0150232315063477
0.00563430786132813 0.0528411865234375 0.00684165954589844 0.0313949584960938
0.0340232849121094 0.0322208404541016 0.0332431793212891 0.0237941741943359
0.0397987365722656 0.00587844848632812 0.0357208251953125 0.00072479248046875
0.0338134765625 -0.0227127075195313 0.0269451141357422 -0.0224628448486328
0.0204544067382813 -0.0353507995605469 0.00938224792480469 -0.0274887084960938
0.0186405181884766 -0.0329570770263672 -0.00131416320800781 -0.0183601379394531
0.0194358825683594 -0.0392189025878906 -0.00220012664794922 -0.0111513137817383
0.0298309326171875 -0.0322227478027344 -0.00791645050048828 -0.0112628936767578
0.0457420349121094 -0.0116500854492188 -0.0109100341796875 -0.00959014892578125
0.0462570190429688 0.0156059265136719 -0.00386810302734375 -0.0190010070800781
0.0185546875 0.0521240234375 0.004547119140625 -0.0224666595458984
-0.00778961181640624 0.0648422241210938 0.0157184600830078 -0.0176143646240234
-0.0393943786621094 0.0556678771972656 0.0106906890869141 -0.00897979736328125
-0.0552940368652344 0.0469589233398438 0.0212841033935547 0.0232906341552734
-0.0294342041015625 0.0569725036621094 -0.0016021728515625 0.0299777984619141
-0.000354766845703131 0.0650711059570313 0.00110244750976562 0.0368881225585938
0.0382156372070313 0.0426521301269531 0.0242366790771484 0.0284557342529297
0.0474319458007812 0.0100135803222656 0.0259761810302734 0.00778388977050781
0.0410232543945313 -0.0258827209472656 0.0190887451171875 -0.0107765197753906
0.0241508483886719 -0.0400772094726563 0.00432682037353516 -0.012507438659668
0.0213127136230469 -0.0372695922851563 -0.0044550895690918 -0.00414609909057618
0.02215576171875 -0.0444602966308594 -0.00620794296264648 0.00331258773803711
0.032012939453125 -0.0359306335449219 -0.0147466659545898 0.00104045867919922
0.0493888854980469 -0.0135154724121094 -0.0182037353515625 -0.00101852416992187
0.0489273071289063 0.0158615112304688 -0.0103492736816406 -0.014918327331543
0.0182113647460937 0.0549659729003906 0.000638961791992187 -0.0191078186035156
-0.0119895935058594 0.0653915405273438 0.0120706558227539 -0.00574779510498046
-0.0450286865234375 0.0517997741699219 -0.00466585159301758 0.0069265365600586
-0.0551605224609375 0.0347824096679687 -0.000205993652343754 0.0381317138671875
-0.0369491577148437 0.0496253967285156 -0.0142326354980469 0.0410079956054688
-0.008514404296875 0.062896728515625 -0.00568389892578125 0.0387077331542969
0.0329055786132813 0.0451545715332031 0.0117130279541016 0.0298709869384766
0.0456809997558594 0.013092041015625 0.013453483581543 0.0138731002807617
0.0412216186523438 -0.0236930847167969 0.00948047637939453 0.00201034545898437
0.0241355895996094 -0.0377426147460938 -0.000607728958129881 0.00346660614013672
0.0211944580078125 -0.0356597900390625 -0.00736427307128906 0.0105161666870117
0.0219841003417969 -0.04278564453125 -0.00993824005126953 0.0173940658569336
0.0307998657226563 -0.0343856811523438 -0.0209732055664063 0.01275634765625
0.0468101501464844 -0.0124702453613281 -0.0246944427490234 0.00675582885742188
0.0450401306152344 0.0157203674316406 -0.0163688659667969 -0.0104846954345703
0.0137825012207031 0.0518760681152344 -0.00286388397216797 -0.015202522277832
-0.0166244506835938 0.057769775390625 0.00680398941040039 0.00500774383544922
-0.0462112426757813 0.040863037109375 -0.0208854675292969 0.0205135345458984
-0.0443534851074219 0.0161209106445313 -0.0206184387207031 0.0471649169921875
-0.0345802307128906 0.0316619873046875 -0.02557373046875 0.0476112365722656
-0.0138168334960938 0.0468788146972656 -0.0116767883300781 0.0376663208007812
0.0216293334960938 0.0377960205078125 0.00114059448242187 0.0285854339599609
0.035003662109375 0.0122032165527344 0.00158119201660156 0.01702880859375
0.0331363677978516 -0.0176181793212891 -0.000620841979980467 0.0124092102050781
0.0194301605224609 -0.0288867950439453 -0.00581550598144531 0.0178680419921875
0.0170135498046875 -0.0281848907470703 -0.00889205932617188 0.0238170623779297
0.0184555053710938 -0.0350189208984375 -0.0127830505371094 0.0299301147460937
0.0254116058349609 -0.0277595520019531 -0.0259304046630859 0.0233898162841797
0.038787841796875 -0.00937271118164063 -0.0300312042236328 0.0131568908691406
0.0360794067382813 0.014617919921875 -0.0220909118652344 -0.00710678100585937
0.00699996948242187 0.0437583923339844 -0.00567722320556641 -0.0133562088012695
-0.0196113586425781 0.0440025329589844 0.00144290924072266 0.0130729675292969
-0.0423583984375 0.0242881774902344 -0.0368270874023437 0.0301399230957031
-0.0260868072509766 -0.00499725341796875 -0.0327186584472656 0.0506782531738281
-0.0254840850830078 0.00908851623535156 -0.0316009521484375 0.0484886169433594
-0.0147533416748047 0.0225811004638672 -0.014068603515625 0.0339450836181641
0.00785446166992188 0.0229110717773438 -0.00641059875488281 0.026214599609375
0.0183563232421875 0.00884437561035156 -0.00563430786132812 0.0182437896728516
0.0191478729248047 -0.00922203063964844 -0.00728988647460938 0.0199775695800781
0.0117530822753906 -0.0161066055297852 -0.008392333984375 0.028045654296875
0.0104589462280273 -0.0167312622070313 -0.00967597961425781 0.0328216552734375
0.0119571685791016 -0.0215740203857422 -0.0151710510253906 0.0386734008789063
0.0166091918945313 -0.0181770324707031 -0.0297527313232422 0.0311298370361328
0.0264511108398438 -0.00619125366210938 -0.0349788665771484 0.0167579650878906
0.0240802764892578 0.0112247467041016 -0.0271244049072266 -0.00540161132812501
0.00162887573242188 0.0305843353271484 -0.00980281829833985 -0.0123090744018555
-0.0196399688720703 0.0257015228271484 -0.00556087493896484 0.0165586471557617
-0.0329761505126953 0.00471115112304687 -0.0504226684570312 0.03369140625
0.0105504989624023 0.0133085250854492 0.0531845092773437 -0.0376968383789062
0.0147809982299805 -0.00685596466064453 0.0126972198486328 -0.0185699462890625
-0.000265121459960938 -0.0114603042602539 0.00841331481933594 0.0143337249755859
-0.00969600677490234 -0.00368404388427734 0.0344333648681641 0.0100193023681641
-0.00821399688720703 0.00377273559570313 0.0398788452148438 -0.0153312683105469
-0.00486516952514649 0.00770378112792969 0.0282630920410156 -0.0374908447265625
-0.00274872779846191 0.00373649597167969 0.0129318237304687 -0.0462570190429687
-0.00367164611816406 0.00417876243591309 0.0057220458984375 -0.0381584167480469
-0.00506448745727539 0.00292015075683594 0.00559806823730469 -0.0324001312255859
-0.0041964054107666 -0.00230860710144043 0.00766754150390625 -0.0260391235351563
-0.00026702880859375 -0.00631618499755859 0.00589942932128906 -0.0233745574951172
0.00762271881103516 -0.00572919845581055 0.00980949401855468 -0.0264682769775391
0.0139999389648437 0.00308609008789063 0.0191001892089844 -0.0323009490966797
0.0147552490234375 0.0165214538574219 0.0295829772949219 -0.0463027954101563
0.0069122314453125 0.0243644714355469 0.038604736328125 -0.0478057861328125
-0.00834465026855469 0.0321941375732422 0.0573081970214844 -0.02874755859375
0.00851249694824219 0.0153875350952148 0.0163774490356445 -0.0117425918579102
0.00591373443603516 0.00938892364501953 0.0110282897949219 0.0178794860839844
0.00687551498413086 0.005279541015625 0.0371322631835937 0.0120429992675781
0.00801849365234375 0.00203466415405273 0.0418434143066406 -0.0132255554199219
0.00798463821411133 -0.00483798980712891 0.0301399230957031 -0.0376358032226563
0.00438022613525391 -0.0123739242553711 0.012237548828125 -0.0456504821777344
0.00418663024902344 -0.01116943359375 0.00345611572265625 -0.0362892150878906
0.00437259674072266 -0.0138330459594727 0.0035552978515625 -0.0309009552001953
0.0101394653320313 -0.0140752792358398 0.00415420532226563 -0.0258159637451172
0.0191612243652344 -0.00711631774902344 0.00225830078125 -0.0221061706542969
0.02374267578125 0.00603675842285156 0.00769615173339844 -0.0253047943115234
0.0143508911132813 0.0259056091308594 0.0148582458496094 -0.0293331146240234
0.00448226928710937 0.0393104553222656 0.0255699157714844 -0.0396041870117188
-0.0121650695800781 0.0418281555175781 0.0338096618652344 -0.0393905639648438
-0.0273551940917969 0.0462074279785156 0.0529594421386719 -0.0141868591308594
-0.00157928466796875 0.0364875793457031 0.0157318115234375 -0.000927925109863279
0.0093994140625 0.0321998596191406 0.0106639862060547 0.0240039825439453
0.0233211517333984 0.0171642303466797 0.0372200012207031 0.0168685913085937
0.0253028869628906 0.00164794921875 0.0409011840820313 -0.00789642333984375
0.0207023620605469 -0.0168972015380859 0.0290737152099609 -0.0329151153564453
0.0118484497070313 -0.0267753601074219 0.0108604431152344 -0.0392303466796875
0.0113658905029297 -0.0242767333984375 0.000619888305664066 -0.0289649963378906
0.0121707916259766 -0.0294342041015625 1.33514404296887E-05 -0.0230121612548828
0.0209980010986328 -0.0254154205322266 -0.00237464904785156 -0.0208549499511719
0.0346889495849609 -0.0105514526367188 -0.00411033630371094 -0.0172176361083984
0.0373458862304688 0.0118865966796875 0.00197982788085938 -0.0233402252197266
0.0177841186523437 0.0423507690429688 0.00950241088867188 -0.0263824462890625
-0.00127029418945312 0.0563888549804688 0.01971435546875 -0.0305519104003906
-0.0271339416503906 0.0533790588378906 0.0233402252197266 -0.0265102386474609
-0.0432815551757813 0.0521011352539063 0.0406990051269531 0.0030364990234375
-0.0148468017578125 0.0520286560058594 0.00960922241210937 0.0138530731201172
0.00835418701171875 0.0530967712402344 0.00787162780761719 0.0315074920654297
0.0358123779296875 0.0299758911132813 0.0335483551025391 0.022613525390625
0.0398101806640625 0.00380325317382813 0.03533935546875 -0.000324249267578125
0.03228759765625 -0.0246257781982422 0.0259742736816406 -0.0235996246337891
0.0182571411132812 -0.0368118286132813 0.00791168212890625 -0.0277290344238281
0.0166797637939453 -0.0338497161865234 -0.00253200531005859 -0.0175304412841797
0.0169029235839844 -0.0405616760253906 -0.00335502624511719 -0.0111293792724609
0.0277118682861328 -0.0338687896728516 -0.00897026062011718 -0.0105886459350586
0.0448875427246094 -0.0145606994628906 -0.0118093490600586 -0.00964069366455078
0.0469436645507813 0.0132598876953125 -0.00501632690429687 -0.0194492340087891
0.0214881896972656 0.0513114929199219 0.00364494323730469 -0.0229568481445312
-0.00464630126953125 0.0649261474609375 0.0154228210449219 -0.0188236236572266
-0.0368843078613281 0.057525634765625 0.0100498199462891 -0.0102910995483398
-0.0531425476074219 0.0489578247070313 0.0215625762939453 0.0215492248535156
-0.0275421142578125 0.0578117370605469 -0.0005340576171875 0.0293083190917969
0.00293731689453125 0.0649375915527344 0.00217056274414063 0.0370903015136719
0.0400581359863281 0.0403671264648437 0.0246009826660156 0.0275077819824219
0.0476303100585938 0.00667190551757813 0.025970458984375 0.00725936889648437
0.0390586853027344 -0.027984619140625 0.0188007354736328 -0.0116500854492188
0.0217247009277344 -0.0412025451660156 0.00417804718017578 -0.0124359130859375
0.0189781188964844 -0.03839111328125 -0.00521183013916016 -0.00359201431274414
0.0189781188964844 -0.0461311340332031 -0.00622892379760742 0.00342988967895507
0.0297431945800781 -0.0379104614257813 -0.0150613784790039 0.00152206420898437
0.0480766296386719 -0.0165176391601563 -0.0184307098388672 -0.000495910644531249
0.0495796203613281 0.0130691528320312 -0.0114479064941406 -0.0143537521362305
0.0208778381347656 0.0541229248046875 4.76837158203145E-05 -0.0189094543457031
-0.008514404296875 0.0660018920898438 0.011815071105957 -0.00635814666748046
-0.0431594848632812 0.0540199279785156 -0.00461816787719727 0.00657987594604493
-0.0536575317382812 0.0371551513671875 0.00131225585937499 0.0378646850585938
-0.034332275390625 0.0505523681640625 -0.0125198364257813 0.0415725708007812
-0.00531387329101563 0.0636863708496094 -0.00496292114257812 0.0390052795410156
0.0352935791015625 0.04339599609375 0.0129890441894531 0.0296421051025391
0.046234130859375 0.0105705261230469 0.0138750076293945 0.0137462615966797
0.0393142700195313 -0.0260658264160156 0.0100088119506836 0.00134658813476562
0.0218963623046875 -0.0387802124023438 -0.000410079956054686 0.00362658500671386
0.0187950134277344 -0.0364608764648438 -0.00705528259277344 0.011134147644043
0.0184364318847656 -0.0440330505371094 -0.00929641723632812 0.0174636840820312
0.0285377502441406 -0.0361175537109375 -0.0204734802246094 0.0139923095703125
0.0458145141601563 -0.0156211853027344 -0.0244331359863281 0.00760841369628906
0.0456619262695313 0.0133476257324219 -0.0173854827880859 -0.00968456268310547
0.0166473388671875 0.0508499145507813 -0.0037851333618164 -0.0155792236328125
-0.0133476257324219 0.0586090087890625 0.00747060775756836 0.0041193962097168
-0.0445785522460937 0.0430374145507813 -0.0201301574707031 0.021240234375
-0.0436477661132813 0.0184822082519531 -0.0188026428222656 0.0477867126464844
-0.0330066680908203 0.0334415435791016 -0.0234870910644531 0.0485763549804687
-0.0117950439453125 0.0476264953613281 -0.010498046875 0.0379257202148438
0.0236167907714844 0.0365753173828125 0.00200843811035156 0.0287799835205078
0.0354080200195313 0.0106239318847656 0.00229358673095704 0.0173454284667969
0.0315055847167969 -0.019805908203125 4.00543212890655E-05 0.0126237869262695
0.0178279876708984 -0.0301570892333984 -0.00428962707519531 0.0185394287109375
0.0153388977050781 -0.0290756225585938 -0.00815200805664062 0.0241355895996094
0.0155677795410156 -0.03564453125 -0.0109672546386719 0.0302963256835937
0.0233249664306641 -0.0293235778808594 -0.0247097015380859 0.0251121520996094
0.0377159118652344 -0.0121955871582031 -0.0295696258544922 0.0144538879394531
0.0369071960449219 0.0127639770507813 -0.0225238800048828 -0.0063018798828125
0.00931930541992188 0.0429458618164063 -0.00664615631103516 -0.0133304595947266
-0.0173072814941406 0.0449104309082031 0.00222873687744141 0.0124120712280273
-0.0412712097167969 0.0261039733886719 -0.0355110168457031 0.0316009521484375
-0.0258693695068359 -0.0037841796875 -0.0306892395019531 0.051727294921875
-0.0246849060058594 0.0103664398193359 -0.0296134948730469 0.0501594543457031
-0.0137081146240234 0.0234737396240234 -0.0134830474853516 0.0344352722167969
0.00914382934570312 0.0216827392578125 -0.00572776794433593 0.0269851684570313
0.0185928344726563 0.00739860534667969 -0.00509071350097656 0.0188541412353516
0.0184307098388672 -0.0103969573974609 -0.00614356994628906 0.0203094482421875
0.0109472274780273 -0.0166683197021484 -0.00727081298828125 0.0287303924560547
0.00952529907226563 -0.0169706344604492 -0.00800514221191406 0.0331916809082031
0.0104198455810547 -0.0223865509033203 -0.01287841796875 0.0392074584960938
0.0153656005859375 -0.0191249847412109 -0.0283126831054687 0.0325603485107422
0.0255336761474609 -0.00748443603515625 -0.0336189270019531 0.0185508728027344
0.0242424011230469 0.0102443695068359 -0.0272560119628906 -0.00434112548828125
0.00287437438964844 0.0305042266845703 -0.0102920532226563 -0.0121927261352539
-0.0183639526367188 0.0261554718017578 -0.00443172454833984 0.0168390274047852
-0.0325279235839844 0.00617980957031251 -0.0484733581542969 0.0357322692871094
0.0101442337036133 0.012908935546875 0.0508956909179688 -0.0387306213378906
0.0141162872314453 -0.00718498229980469 0.0113658905029297 -0.0183010101318359
-0.000563621520996093 -0.01116943359375 0.00874710083007813 0.0138607025146484
-0.00919151306152344 -0.00290679931640625 0.0342750549316406 0.00873947143554688
-0.00794839859008789 0.00401878356933594 0.0383224487304688 -0.0159568786621094
-0.00444173812866211 0.00748062133789063 0.0268669128417969 -0.0380744934082031
-0.00252127647399902 0.00390338897705078 0.0108604431152344 -0.0460281372070313
-0.00330615043640137 0.00381660461425781 0.0045166015625 -0.0376396179199219
-0.00474882125854492 0.00304651260375976 0.00405502319335938 -0.0323314666748047
-0.00448322296142578 -0.00213527679443359 0.00693130493164062 -0.0261554718017578
-0.000180244445800782 -0.00606584548950195 0.00502395629882812 -0.0229549407958984
0.00742340087890625 -0.00568532943725586 0.00938987731933594 -0.0265026092529297
0.0137367248535156 0.00278568267822266 0.0188541412353516 -0.0322399139404297
0.0144214630126953 0.0158367156982422 0.0278549194335938 -0.0465927124023438
0.00742149353027344 0.0237636566162109 0.0370063781738281 -0.0480766296386719
-0.00725173950195313 0.0322628021240234 0.0544509887695313 -0.0302238464355469
0.00848960876464844 0.0140037536621094 0.0153675079345703 -0.0125703811645508
0.00634956359863281 0.00918006896972656 0.0108489990234375 0.0178604125976562
0.00706386566162109 0.00502157211303711 0.0370559692382813 0.0110740661621094
0.00824880599975586 0.00145053863525391 0.0404434204101562 -0.0135612487792969
0.00716876983642578 -0.0055232048034668 0.0285453796386719 -0.0378761291503906
0.00404167175292969 -0.0122957229614258 0.0107383728027344 -0.0451087951660156
0.00388336181640625 -0.0111303329467773 0.0023040771484375 -0.0354461669921875
0.00377845764160156 -0.0138788223266602 0.00203514099121094 -0.030029296875
0.00962352752685547 -0.0142097473144531 0.00317192077636719 -0.0259475708007813
0.0185813903808594 -0.00754928588867188 0.00131607055664062 -0.0220432281494141
0.0236091613769531 0.00546455383300781 0.00668907165527344 -0.0256385803222656
0.0146617889404297 0.0254325866699219 0.0142307281494141 -0.0295753479003906
0.00531005859375 0.0382537841796875 0.024322509765625 -0.0401420593261719
-0.011260986328125 0.0413398742675781 0.0326118469238281 -0.0402565002441406
-0.0258140563964844 0.0462226867675781 0.0514297485351563 -0.0153732299804687
-0.00139617919921875 0.0356674194335938 0.0149688720703125 -0.00161170959472656
0.0105133056640625 0.0317497253417969 0.010650634765625 0.0240936279296875
0.0234947204589844 0.0158920288085938 0.0367584228515625 0.0159111022949219
0.0244655609130859 0.00101280212402344 0.0399513244628906 -0.00846481323242188
0.0196170806884766 -0.0170097351074219 0.0281791687011719 -0.0329990386962891
0.0109806060791016 -0.0267982482910156 0.00899505615234375 -0.0388870239257813
0.0104045867919922 -0.0242881774902344 -0.000661849975585939 -0.0285606384277344
0.0106620788574219 -0.0291976928710938 -0.00100517272949219 -0.0226020812988281
0.019317626953125 -0.0255832672119141 -0.00310516357421875 -0.019927978515625
0.0338172912597656 -0.01165771484375 -0.00478649139404297 -0.0172796249389648
0.0373420715332031 0.0101242065429688 0.00104904174804688 -0.0236568450927734
0.0191383361816406 0.041534423828125 0.00867652893066407 -0.0268707275390625
0.000579833984374998 0.0552139282226562 0.0187759399414063 -0.0310592651367188
-0.0252838134765625 0.0531845092773438 0.0224018096923828 -0.0275516510009766
-0.0416412353515625 0.0530128479003906 0.0394630432128906 0.00151824951171875
-0.0133819580078125 0.0509834289550781 0.00918865203857422 0.0130605697631836
0.00995635986328125 0.0521278381347656 0.00794410705566406 0.0307979583740234
0.0357208251953125 0.0283126831054688 0.0331878662109375 0.0215320587158203
0.0390968322753906 0.00258636474609375 0.0352210998535156 -0.00078582763671875
0.0301399230957031 -0.0255641937255859 0.0247802734375 -0.0240135192871094
0.0163383483886719 -0.0367202758789063 0.00690460205078125 -0.0274848937988281
0.0150527954101563 -0.0341358184814453 -0.00328540802001953 -0.0168886184692383
0.0147628784179687 -0.0406646728515625 -0.00389575958251953 -0.0107975006103516
0.0256690979003906 -0.0340557098388672 -0.00983715057373047 -0.010101318359375
0.0430030822753906 -0.0162086486816406 -0.0121288299560547 -0.00952816009521484
0.0465164184570313 0.0108985900878906 -0.00612258911132812 -0.0194683074951172
0.02252197265625 0.05023193359375 0.00345611572265625 -0.0229988098144531
-0.00276947021484375 0.0639305114746094 0.0147190093994141 -0.0196781158447266
-0.0349197387695313 0.0578231811523437 0.00978279113769531 -0.0109214782714844
-0.051177978515625 0.0497207641601563 0.0216407775878906 0.0204925537109375
-0.0252342224121094 0.0570297241210938 -0.000665664672851562 0.0280570983886719
0.00475692749023437 0.0642356872558594 0.00243377685546875 0.0366058349609375
0.0405044555664063 0.0383186340332031 0.0244522094726563 0.0266017913818359
0.0472488403320313 0.00571823120117187 0.0257339477539063 0.00709152221679688
0.0370750427246094 -0.0289230346679688 0.0181980133056641 -0.0118274688720703
0.0194854736328125 -0.0415267944335938 0.00340938568115235 -0.0126352310180664
0.017608642578125 -0.0382118225097656 -0.00529336929321289 -0.00302934646606446
0.0166435241699219 -0.0459403991699219 -0.00668764114379883 0.00313138961791992
0.0276870727539063 -0.0384101867675781 -0.0151786804199219 0.0023813247680664
0.0466995239257813 -0.018463134765625 -0.0181427001953125 -3.05175781250049E-05
0.0491905212402344 0.0112838745117188 -0.0119781494140625 -0.0142402648925781
0.0223922729492187 0.0528488159179688 -0.000579833984374998 -0.0190563201904297
-0.00609588623046876 0.0649642944335937 0.0114994049072266 -0.00775623321533203
-0.0405807495117187 0.0548248291015625 -0.00471687316894532 0.00596475601196289
-0.0516319274902344 0.0377426147460938 0.00222396850585937 0.0369758605957031
-0.03253173828125 0.0505409240722656 -0.0114707946777344 0.0408897399902344
-0.0033721923828125 0.063018798828125 -0.00455474853515625 0.0385894775390625
0.0359001159667969 0.0413475036621094 0.0130329132080078 0.0291213989257813
0.0456504821777344 0.00881195068359375 0.0139102935791016 0.0138816833496094
0.0375823974609375 -0.0268287658691406 0.00967693328857422 0.000993728637695311
0.0198211669921875 -0.0394477844238281 -0.000229120254516601 0.00350213050842285
0.0170745849609375 -0.0367012023925781 -0.0069427490234375 0.0115537643432617
0.0166206359863281 -0.0441856384277344 -0.00859642028808593 0.0176258087158203
0.0261802673339844 -0.0368080139160156 -0.0195770263671875 0.0145549774169922
0.0442962646484375 -0.0173606872558594 -0.0235233306884766 0.00832176208496094
0.0452880859375 0.0112762451171875 -0.0175666809082031 -0.00928306579589844
0.0180702209472656 0.0497665405273438 -0.00396537780761719 -0.0152721405029297
-0.0114707946777344 0.0577468872070313 0.00753068923950195 0.0035395622253418
-0.0425987243652344 0.0439453125 -0.0191631317138672 0.0206050872802734
-0.041534423828125 0.0194091796875 -0.0170364379882813 0.0475082397460938
-0.0314960479736328 0.0336685180664063 -0.02227783203125 0.0484275817871094
-0.00998306274414063 0.0472831726074219 -0.0100669860839844 0.0375785827636719
0.0242538452148438 0.0345840454101563 0.0021820068359375 0.0288486480712891
0.0349826812744141 0.00902366638183594 0.00261402130126953 0.0173683166503906
0.0300369262695313 -0.0201492309570313 0.000627517700195314 0.0122041702270508
0.0161933898925781 -0.0307731628417969 -0.00416183471679687 0.0180759429931641
0.014068603515625 -0.0289516448974609 -0.00737380981445313 0.0241565704345703
0.0134811401367187 -0.0355415344238281 -0.0101490020751953 0.0300483703613281
0.0218029022216797 -0.0298995971679687 -0.0233669281005859 0.0255298614501953
0.0366363525390625 -0.0134048461914063 -0.0286083221435547 0.0152931213378906
0.0361785888671875 0.0104446411132813 -0.0227127075195313 -0.0059967041015625
0.0109291076660156 0.0419120788574219 -0.00700664520263672 -0.013092041015625
-0.0154762268066406 0.0439491271972656 0.00241756439208984 0.0120477676391602
-0.0399589538574219 0.0269279479980469 -0.0334434509277344 0.0317707061767578
-0.0255794525146484 -0.00264358520507812 -0.0289344787597656 0.0519561767578125
-0.0243358612060547 0.0106563568115234 -0.028045654296875 0.0503005981445313
-0.012939453125 0.0237045288085938 -0.0126743316650391 0.0341434478759766
0.00955390930175781 0.0211296081542969 -0.00536727905273437 0.0264549255371094
0.0183258056640625 0.00664710998535156 -0.00450515747070312 0.0191612243652344
0.0174875259399414 -0.0108814239501953 -0.00530242919921875 0.0202808380126953
0.00975608825683594 -0.0167007446289063 -0.0058135986328125 0.0284652709960937
0.0086517333984375 -0.0170688629150391 -0.0069122314453125 0.0331344604492188
0.00895309448242188 -0.0225162506103516 -0.0114364624023438 0.0387458801269531
0.0141487121582031 -0.0193958282470703 -0.0270671844482422 0.0328350067138672
0.0250778198242188 -0.00849533081054688 -0.0328845977783203 0.01904296875
0.0242023468017578 0.00865364074707031 -0.0275535583496094 -0.003387451171875
0.00372695922851562 0.0296821594238281 -0.0107793807983398 -0.0122060775756836
-0.0173149108886719 0.0260601043701172 -0.00364303588867187 0.0160799026489258
-0.03179931640625 0.00735282897949219 -0.0462875366210937 0.0363311767578125
0.0101423263549805 0.0132999420166016 0.0493888854980469 -0.0384788513183594
0.0132207870483398 -0.00689983367919922 0.0107917785644531 -0.0188484191894531
-0.00061798095703125 -0.0112495422363281 0.00904178619384766 0.0140876770019531
-0.00873041152954102 -0.00352859497070313 0.0337657928466797 0.00889396667480469
-0.0075221061706543 0.00365781784057617 0.0378646850585938 -0.016082763671875
-0.00421857833862305 0.00715446472167969 0.0265083312988281 -0.0374641418457031
-0.0022280216217041 0.00346994400024414 0.0103187561035156 -0.0454444885253906
-0.00301933288574219 0.00377750396728516 0.00430679321289063 -0.0372428894042969
-0.00430583953857422 0.00303173065185547 0.0035858154296875 -0.0316658020019531
-0.00426816940307617 -0.00181746482849121 0.00629234313964844 -0.0258922576904297
-0.000136375427246093 -0.00571584701538086 0.00491905212402344 -0.0232944488525391
0.00763320922851563 -0.00537538528442383 0.00917816162109375 -0.0269966125488281
0.0133295059204102 0.00273227691650391 0.0186004638671875 -0.0318126678466797
0.0142955780029297 0.0154142379760742 0.0275459289550781 -0.0458297729492188
0.00742149353027344 0.0231494903564453 0.0363235473632813 -0.0485610961914062
-0.0073089599609375 0.0320587158203125 0.0535812377929688 -0.0301246643066406
0.00830459594726563 0.0142726898193359 0.0146255493164063 -0.0127477645874023
0.00617885589599609 0.00887012481689453 0.0107612609863281 0.0182380676269531
0.00724983215332031 0.00459432601928711 0.0365180969238281 0.0114669799804688
0.00824546813964844 0.00159502029418945 0.0397872924804688 -0.0132331848144531
0.00726699829101563 -0.00561904907226563 0.0281524658203125 -0.0376625061035156
0.00375461578369141 -0.0125799179077148 0.0101432800292969 -0.0446357727050781
0.00399494171142578 -0.0113096237182617 0.00194168090820313 -0.0352325439453125
0.00352859497070313 -0.0141267776489258 0.00123023986816406 -0.0295658111572266
0.00884723663330078 -0.0140209197998047 0.00226020812988281 -0.0251941680908203
0.0181198120117188 -0.00734901428222656 0.000944137573242191 -0.0214881896972656
0.0233364105224609 0.00514030456542969 0.00642585754394531 -0.0257701873779297
0.0146083831787109 0.0251941680908203 0.0149078369140625 -0.0296096801757813
0.00555038452148438 0.0380058288574219 0.0242576599121094 -0.0404930114746094
-0.0111579895019531 0.0412750244140625 0.0318946838378906 -0.0405311584472656
-0.0257911682128906 0.0462265014648438 0.0499992370605469 -0.0156364440917969
-0.00106048583984375 0.0347347259521484 0.0138864517211914 -0.0022745132446289
0.0106353759765625 0.0315952301025391 0.0105800628662109 0.0239067077636719
0.0231304168701172 0.0157566070556641 0.036773681640625 0.016143798828125
0.0245590209960937 0.00075531005859375 0.0395622253417969 -0.00802230834960938
0.0189132690429688 -0.0174751281738281 0.0277824401855469 -0.0329017639160156
0.0100746154785156 -0.0268821716308594 0.0088348388671875 -0.0386543273925781
0.0102252960205078 -0.0244560241699219 -0.000757217407226562 -0.0276050567626953
0.0097503662109375 -0.0293483734130859 -0.00134658813476562 -0.0220260620117188
0.0190792083740234 -0.0253887176513672 -0.00377273559570313 -0.0196723937988281
0.0331935882568359 -0.0120086669921875 -0.00514125823974609 -0.0169878005981445
0.0368576049804688 0.00972747802734375 0.000654220581054688 -0.0238151550292969
0.0188560485839844 0.04107666015625 0.00902175903320313 -0.0269527435302734
0.000732421874999998 0.0546989440917969 0.0188751220703125 -0.0313224792480469
-0.0251617431640625 0.0529975891113281 0.0217952728271484 -0.0275363922119141
-0.0408210754394531 0.0520782470703125 0.0388221740722656 0.00112152099609375
-0.0136566162109375 0.0501556396484375 0.00866603851318359 0.0121335983276367
0.010223388671875 0.0521392822265625 0.00742912292480469 0.0309810638427734
0.0355148315429688 0.0275802612304688 0.0324802398681641 0.0212745666503906
0.0387458801269531 0.00223922729492188 0.0348148345947266 -0.000650405883789062
0.0296001434326172 -0.0253562927246094 0.0248775482177734 -0.0234642028808594
0.0155258178710938 -0.0368537902832031 0.0063323974609375 -0.0270862579345703
0.0148220062255859 -0.0336265563964844 -0.00368213653564453 -0.0162515640258789
0.0139007568359375 -0.0400581359863281 -0.00416278839111328 -0.0106496810913086
0.024871826171875 -0.0339813232421875 -0.0100116729736328 -0.00980472564697266
0.0423583984375 -0.0166473388671875 -0.0121898651123047 -0.00966072082519531
0.0459480285644531 0.0109786987304687 -0.00598907470703125 -0.0194530487060547
0.0227622985839844 0.0498085021972656 0.00369453430175782 -0.0230064392089844
-0.00180435180664063 0.0631103515625 0.0146675109863281 -0.0198307037353516
-0.0346412658691406 0.0575790405273438 0.00931644439697265 -0.0115499496459961
-0.0501251220703125 0.0494117736816406 0.0211887359619141 0.0196266174316406
-0.0247306823730469 0.0561485290527344 -0.000717163085937499 0.027008056640625
0.00536346435546875 0.063690185546875 0.00164794921875 0.0364570617675781
0.0404434204101563 0.0371742248535156 0.0239105224609375 0.0266056060791016
0.0465126037597656 0.00540542602539063 0.0256481170654297 0.00745582580566406
0.0360679626464844 -0.0293502807617188 0.0181427001953125 -0.0115737915039063
0.0186653137207031 -0.0414657592773438 0.00305652618408203 -0.0120229721069336
0.0168418884277344 -0.0378265380859375 -0.00568294525146484 -0.00240516662597657
0.0153274536132812 -0.0455513000488281 -0.00656986236572266 0.00337886810302734
0.02630615234375 -0.038299560546875 -0.0153970718383789 0.0024728775024414
0.045562744140625 -0.0189628601074219 -0.0184001922607422 -0.000305175781249997
0.04827880859375 0.0104141235351563 -0.0122432708740234 -0.0141429901123047
0.0227890014648438 0.0522270202636719 -0.000383377075195313 -0.0190334320068359
-0.0050811767578125 0.0638275146484375 0.0111980438232422 -0.00778865814208984
-0.0401573181152344 0.0538597106933594 -0.00432634353637696 0.00514841079711914
-0.0509529113769531 0.0376129150390625 0.00183486938476562 0.0360603332519531
-0.0320243835449219 0.0496559143066406 -0.0119400024414063 0.0398025512695313
-0.00279617309570313 0.0628662109375 -0.00519180297851562 0.0383796691894531
0.0354995727539063 0.0405807495117188 0.01239013671875 0.0292224884033203
0.0450706481933594 0.00831985473632812 0.0142908096313477 0.0142526626586914
0.0364532470703125 -0.0269508361816406 0.00982284545898438 0.00122642517089844
0.0189437866210938 -0.0390167236328125 -0.000330686569213866 0.00345897674560547
0.0166015625 -0.0363044738769531 -0.00673484802246094 0.0118217468261719
0.014984130859375 -0.0437049865722656 -0.00853252410888672 0.0173072814941406
0.025177001953125 -0.0365486145019531 -0.0197639465332031 0.014617919921875
0.0429534912109375 -0.0178718566894531 -0.0234584808349609 0.00818443298339844
0.0443916320800781 0.0107994079589844 -0.0173244476318359 -0.00933074951171875
0.0183753967285156 0.0490188598632813 -0.0041656494140625 -0.0154743194580078
-0.0104789733886719 0.0567588806152344 0.00724458694458008 0.00278091430664063
-0.0421028137207031 0.0437698364257813 -0.0189723968505859 0.0201396942138672
-0.0414085388183594 0.0189476013183594 -0.01690673828125 0.0472564697265625
-0.0311126708984375 0.0330314636230469 -0.0216026306152344 0.0477981567382813
-0.00937271118164063 0.0476150512695313 -0.0102310180664063 0.0371818542480469
0.0241565704345703 0.0339431762695313 0.00191497802734375 0.0287399291992188
0.0345554351806641 0.00845146179199219 0.00280952453613282 0.0176124572753906
0.0291767120361328 -0.0203990936279297 0.000938415527343753 0.0123023986816406
0.0154323577880859 -0.0302734375 -0.00401687622070312 0.0181179046630859
0.0137214660644531 -0.0285873413085938 -0.00693130493164062 0.0243663787841797
0.0124015808105469 -0.0353889465332031 -0.00999641418457032 0.0294952392578125
0.0206298828125 -0.0298938751220703 -0.02288818359375 0.0252952575683594
0.0356712341308594 -0.0140266418457031 -0.0279884338378906 0.0149250030517578
0.0358085632324219 0.0101280212402344 -0.0223331451416016 -0.005767822265625
0.0109634399414062 0.0412445068359375 -0.00698089599609375 -0.0128812789916992
-0.0147285461425781 0.0431632995605469 0.00258541107177734 0.0115852355957031
-0.0392112731933594 0.0268745422363281 -0.0332851409912109 0.03106689453125
-0.0248374938964844 -0.00293731689453125 -0.0287818908691406 0.0513687133789062
-0.0238513946533203 0.0108909606933594 -0.0276336669921875 0.0496139526367187
-0.0125980377197266 0.0233650207519531 -0.0127754211425781 0.0340843200683594
0.00958824157714844 0.0204696655273438 -0.00555801391601562 0.0271472930908203
0.0178356170654297 0.00642204284667969 -0.00430107116699219 0.0195274353027344
0.0170259475708008 -0.0108423233032227 -0.00499534606933594 0.0203437805175781
0.00926589965820313 -0.0164518356323242 -0.00525283813476562 0.0281085968017578
0.00824928283691406 -0.016998291015625 -0.006622314453125 0.0326442718505859
0.00844001770019531 -0.0223503112792969 -0.011260986328125 0.0383567810058594
0.0135688781738281 -0.0197544097900391 -0.0262279510498047 0.0325698852539063
0.0243244171142578 -0.00870132446289063 -0.0318737030029297 0.0188789367675781
0.0241374969482422 0.0082244873046875 -0.0269718170166016 -0.00337028503417968
0.00396156311035156 0.0290184020996094 -0.0104427337646484 -0.0117893218994141
-0.0169658660888672 0.0252037048339844 -0.00335597991943359 0.0157394409179688
-0.0315113067626953 0.00701904296875 -0.0456085205078125 0.0355262756347656
0.0105276107788086 0.0138444900512695 0.0502052307128906 -0.0380516052246094
0.013371467590332 -0.00693035125732422 0.0106601715087891 -0.019012451171875
-0.000826835632324218 -0.0114564895629883 0.00882148742675781 0.0149984359741211
-0.00855588912963867 -0.0035405158996582 0.0345058441162109 0.00912094116210938
-0.00747966766357422 0.0036015510559082 0.0387535095214844 -0.0154266357421875
-0.00453472137451172 0.00723552703857422 0.0274734497070312 -0.0376739501953125
-0.00242853164672851 0.00376629829406738 0.0111351013183594 -0.0459365844726563
-0.00292444229125977 0.00390696525573731 0.00454330444335938 -0.0374259948730469
-0.00402712821960449 0.00304317474365234 0.00383567810058594 -0.0322532653808594
-0.0044856071472168 -0.0019378662109375 0.00650787353515625 -0.0263099670410156
-0.000104904174804688 -0.00597858428955078 0.00514984130859375 -0.0235004425048828
0.00761604309082031 -0.00556421279907226 0.00969505310058594 -0.0275936126708984
0.0133171081542969 0.00319194793701172 0.0200748443603516 -0.032623291015625
0.0143871307373047 0.0159854888916016 0.0288925170898438 -0.0466766357421875
0.00692939758300781 0.0235137939453125 0.0379409790039063 -0.0491409301757813
-0.00765800476074219 0.0331802368164063 0.0541229248046875 -0.0297737121582031
0.00788307189941406 0.0146427154541016 0.0144681930541992 -0.0132961273193359
0.00637245178222656 0.00896453857421875 0.0103530883789063 0.0186138153076172
0.00752782821655273 0.00476551055908203 0.037078857421875 0.0118598937988281
0.00841331481933594 0.00127077102661133 0.0406990051269531 -0.0129356384277344
0.00716209411621094 -0.0060577392578125 0.0288200378417969 -0.0376472473144531
0.00331592559814453 -0.0129194259643555 0.0103759765625 -0.045318603515625
0.00402069091796875 -0.0113191604614258 0.00244522094726562 -0.0350799560546875
0.00388717651367188 -0.0142631530761719 0.00176620483398438 -0.0301132202148438
0.00889110565185547 -0.01385498046875 0.00269699096679688 -0.0255966186523438
0.0183086395263672 -0.00728034973144531 0.00139045715332031 -0.0219573974609375
0.023284912109375 0.00506782531738281 0.00689506530761719 -0.0265979766845703
0.0147037506103516 0.0258216857910156 0.0157203674316406 -0.0300178527832031
0.0054168701171875 0.0383262634277344 0.024932861328125 -0.0411453247070313
-0.0118942260742188 0.0410690307617188 0.0330619812011719 -0.0409698486328125
-0.0267181396484375 0.0465583801269531 0.05059814453125 -0.0151634216308594
-0.0021514892578125 0.0355567932128906 0.0140056610107422 -0.002288818359375
0.0108432769775391 0.0319271087646484 0.00978469848632813 0.0248355865478516
0.0237159729003906 0.0159854888916016 0.0366477966308594 0.0168190002441406
0.0249786376953125 0.000934600830078125 0.0406150817871094 -0.00715255737304687
0.01885986328125 -0.0174217224121094 0.0287284851074219 -0.0325489044189453
0.00992965698242188 -0.0276222229003906 0.009185791015625 -0.038909912109375
0.0106010437011719 -0.0246181488037109 -0.000583648681640623 -0.0277519226074219
0.0101184844970703 -0.0296077728271484 -0.00145149230957031 -0.0225448608398438
0.0188808441162109 -0.0255661010742188 -0.00388717651367187 -0.0198307037353516
0.0332984924316406 -0.0119762420654297 -0.00544452667236328 -0.0174131393432617
0.0374031066894531 0.0103683471679688 0.00124168395996094 -0.0243072509765625
0.0190200805664062 0.0421218872070313 0.0100364685058594 -0.0275993347167969
0.000621795654296872 0.0550537109375 0.0197372436523438 -0.0321636199951172
-0.0264358520507813 0.0531959533691406 0.0225944519042969 -0.0283222198486328
-0.0424880981445313 0.052642822265625 0.0385894775390625 0.0013580322265625
-0.0146560668945313 0.0503501892089844 0.00788307189941406 0.0121326446533203
0.0103034973144531 0.0526237487792969 0.00672721862792969 0.0314292907714844
0.0360145568847656 0.0278701782226562 0.0323371887207031 0.0227546691894531
0.0393867492675781 0.0027313232421875 0.0354118347167969 0.00023651123046875
0.0296096801757812 -0.025421142578125 0.0253696441650391 -0.0234756469726563
0.0155487060546875 -0.0377235412597656 0.00614738464355469 -0.0272121429443359
0.0155010223388672 -0.0341911315917969 -0.00368690490722656 -0.0159902572631836
0.0140914916992188 -0.0406494140625 -0.00441455841064453 -0.010859489440918
0.0249996185302734 -0.0341396331787109 -0.010075569152832 -0.00985908508300781
0.0423736572265625 -0.01654052734375 -0.0123128890991211 -0.0100564956665039
0.0464248657226563 0.0113029479980469 -0.00589752197265625 -0.0200176239013672
0.02294921875 0.0510368347167969 0.00455665588378907 -0.0238285064697266
-0.0028076171875 0.0640106201171875 0.0152301788330078 -0.0209941864013672
-0.0359840393066406 0.057647705078125 0.00983715057373047 -0.0116825103759766
-0.05169677734375 0.04931640625 0.0207538604736328 0.019561767578125
-0.0263442993164063 0.0562171936035156 -0.00161361694335937 0.0269317626953125
0.00460052490234375 0.0650672912597656 0.0004119873046875 0.0371017456054688
0.04071044921875 0.0381660461425781 0.0235080718994141 0.0276145935058594
0.0470237731933594 0.00592422485351563 0.0263004302978516 0.00825309753417969
0.0362510681152344 -0.0292320251464844 0.0187625885009766 -0.01171875
0.0189056396484375 -0.0416412353515625 0.00297164916992188 -0.0120964050292969
0.0177116394042969 -0.0383033752441406 -0.00574398040771484 -0.0018610954284668
0.01568603515625 -0.0461463928222656 -0.00670671463012695 0.00333309173583984
0.0267143249511719 -0.0386123657226563 -0.0155477523803711 0.00256919860839844
0.0457534790039063 -0.0194091796875 -0.0185127258300781 -0.000909805297851567
0.0484733581542969 0.0108985900878906 -0.0123176574707031 -0.0150699615478516
0.0230369567871094 0.0530853271484375 7.43865966796892E-05 -0.0196857452392578
-0.00593566894531251 0.0644645690917969 0.0117321014404297 -0.00839710235595703
-0.0420074462890625 0.0542106628417969 -0.00492143630981446 0.00484085083007813
-0.0519142150878906 0.0375556945800781 0.00127792358398437 0.0363006591796875
-0.0336761474609375 0.04962158203125 -0.0127067565917969 0.0397300720214844
-0.00320816040039063 0.0637588500976563 -0.006195068359375 0.0389480590820313
0.0355987548828125 0.0411529541015625 0.0116729736328125 0.0303440093994141
0.0455856323242188 0.00896072387695313 0.0142183303833008 0.0150232315063477
0.0367927551269531 -0.0268135070800781 0.010009765625 0.00142192840576172
0.0193405151367188 -0.0394401550292969 -0.000636100769042968 0.0037236213684082
0.0171394348144531 -0.0366477966308594 -0.00718021392822265 0.0121335983276367
0.0152053833007812 -0.0441207885742188 -0.00887203216552734 0.0171737670898437
0.0251846313476563 -0.03662109375 -0.0199108123779297 0.014495849609375
0.043365478515625 -0.0180168151855469 -0.0236854553222656 0.00761032104492187
0.0453033447265625 0.0106887817382813 -0.0174531936645508 -0.00985527038574218
0.0183563232421875 0.0499343872070313 -0.00390815734863281 -0.0156030654907227
-0.0108680725097656 0.0572319030761719 0.00751304626464844 0.00272703170776368
-0.0431556701660156 0.0439529418945312 -0.0194873809814453 0.0200653076171875
-0.0417823791503906 0.0185279846191406 -0.0182533264160156 0.0473060607910156
-0.0316619873046875 0.0329322814941406 -0.023193359375 0.0476036071777344
-0.00972366333007813 0.0480499267578125 -0.0115585327148438 0.0380020141601562
0.0242938995361328 0.0344924926757813 0.000940322875976563 0.0293140411376953
0.0346946716308594 0.00878143310546875 0.00276756286621094 0.0185832977294922
0.0291252136230469 -0.0203819274902344 0.00107765197753906 0.0123815536499023
0.0154666900634766 -0.0302085876464844 -0.00376319885253906 0.0184917449951172
0.0140361785888672 -0.0291023254394531 -0.00727653503417969 0.0248012542724609
0.0122718811035156 -0.0355720520019531 -0.0103721618652344 0.0297393798828125
0.0206470489501953 -0.030029296875 -0.0234775543212891 0.0254268646240234
0.0359268188476563 -0.0140419006347656 -0.0282669067382813 0.0145549774169922
0.0358695983886719 0.0106735229492188 -0.0225868225097656 -0.00601005554199218
0.0113372802734375 0.0421028137207031 -0.00700855255126953 -0.013249397277832
-0.0149383544921875 0.04364013671875 0.00299739837646484 0.0119209289550781
-0.04058837890625 0.0264968872070313 -0.0335483551025391 0.0305900573730469
-0.0248775482177734 -0.003204345703125 -0.0296592712402344 0.0517959594726563
-0.0240459442138672 0.0103626251220703 -0.0285148620605469 0.0498809814453125
-0.0122261047363281 0.0236854553222656 -0.0140228271484375 0.0341911315917969
0.0096282958984375 0.0208015441894531 -0.00652122497558594 0.0275840759277344
0.0174989700317383 0.00645065307617188 -0.00452041625976562 0.0200996398925781
0.0171470642089844 -0.0111293792724609 -0.00462722778320312 0.0207462310791016
0.00984859466552734 -0.0166358947753906 -0.00537681579589844 0.0286998748779297
0.00866508483886719 -0.0172567367553711 -0.00732803344726562 0.0332527160644531
0.00817298889160156 -0.0220718383789063 -0.0120124816894531 0.0383110046386719
0.0140209197998047 -0.019683837890625 -0.0265293121337891 0.0327224731445313
0.0248565673828125 -0.00881767272949219 -0.0325717926025391 0.0186061859130859
0.0243701934814453 0.00862693786621094 -0.0272388458251953 -0.00406646728515625
0.00391006469726563 0.0291881561279297 -0.0106182098388672 -0.0119295120239258
-0.0171031951904297 0.025054931640625 -0.00346088409423828 0.0163440704345703
-0.0315189361572266 0.00667190551757813 -0.0459518432617187 0.0353240966796875
0.0107307434082031 0.0148735046386719 0.0517349243164063 -0.03955078125
0.0136604309082031 -0.00689506530761719 0.0111026763916016 -0.0197811126708984
-0.000415802001953125 -0.01202392578125 0.009613037109375 0.0158023834228516
-0.00868892669677734 -0.0038299560546875 0.0356407165527344 0.0100936889648438
-0.00750303268432617 0.00392055511474609 0.0400962829589844 -0.0161666870117188
-0.00465250015258789 0.00710916519165039 0.0283355712890625 -0.0389404296875
-0.00253677368164063 0.00377154350280762 0.0111503601074219 -0.0475921630859375
-0.00271415710449219 0.00393342971801758 0.00475311279296875 -0.0389251708984375
-0.00406575202941894 0.00309491157531738 0.00379180908203125 -0.0332527160644531
-0.00423359870910645 -0.00181174278259277 0.00641250610351563 -0.0275115966796875
0.000203609466552734 -0.00596523284912109 0.00475692749023438 -0.0244560241699219
0.00790691375732422 -0.00551509857177734 0.0102920532226563 -0.0286445617675781
0.0142679214477539 0.00330257415771484 0.0209331512451172 -0.0338611602783203
0.0150213241577148 0.0163297653198242 0.03021240234375 -0.048736572265625
0.00685310363769531 0.0245208740234375 0.0397682189941406 -0.0515480041503906
-0.00849723815917969 0.034759521484375 0.0558700561523437 -0.03082275390625
0.00751304626464844 0.0153675079345703 0.0146207809448242 -0.0136232376098633
0.007110595703125 0.00973987579345703 0.0108547210693359 0.0197715759277344
0.00823354721069336 0.00483083724975586 0.0382537841796875 0.0126190185546875
0.00872039794921875 0.00110435485839844 0.0424537658691406 -0.0131416320800781
0.00721216201782227 -0.00592470169067383 0.030242919921875 -0.0387840270996094
0.00355148315429688 -0.0133762359619141 0.0106582641601563 -0.04681396484375
0.00455951690673828 -0.0119695663452148 0.00262832641601563 -0.0361824035644531
0.00394725799560547 -0.0150346755981445 0.001434326171875 -0.0311946868896484
0.00949478149414063 -0.0141687393188477 0.00240707397460937 -0.0265216827392578
0.0191459655761719 -0.00786781311035156 0.00106620788574219 -0.0234260559082031
0.0243415832519531 0.00554275512695313 0.00781440734863282 -0.0281696319580078
0.0153560638427734 0.0274639129638672 0.0170135498046875 -0.0315971374511719
0.00553131103515625 0.0398445129394531 0.026275634765625 -0.0429878234863281
-0.0129470825195313 0.0428657531738281 0.0348243713378906 -0.0432815551757813
-0.027740478515625 0.0482139587402344 0.0518531799316406 -0.0159454345703125
-0.00265884399414062 0.036865234375 0.0137042999267578 -0.00288677215576172
0.0113258361816406 0.0335369110107422 0.0101318359375 0.0265140533447266
0.0245990753173828 0.0165462493896484 0.0377120971679688 0.0179443359375
0.0263023376464844 0.000852584838867188 0.0418624877929688 -0.00722503662109375
0.0192165374755859 -0.0181140899658203 0.0300788879394531 -0.0336112976074219
0.0101375579833984 -0.0283145904541016 0.00941848754882812 -0.0402259826660156
0.0108318328857422 -0.0259132385253906 -0.000753402709960939 -0.0283164978027344
0.0103645324707031 -0.0310897827148437 -0.0016326904296875 -0.0235843658447266
0.0195999145507813 -0.0259761810302734 -0.00413894653320312 -0.0204582214355469
0.0341854095458984 -0.0124549865722656 -0.00561714172363281 -0.0184726715087891
0.0392570495605469 0.0106697082519531 0.00138664245605469 -0.0256862640380859
0.019989013671875 0.0441665649414063 0.0111846923828125 -0.028961181640625
0.000370025634765624 0.0573196411132813 0.0206623077392578 -0.0339126586914062
-0.0278053283691406 0.0552597045898437 0.0239448547363281 -0.0300235748291016
-0.0446815490722656 0.0544662475585938 0.0396347045898438 0.00117111206054688
-0.0157852172851562 0.0520210266113281 0.0078277587890625 0.0120677947998047
0.0106315612792969 0.055267333984375 0.00625228881835938 0.033599853515625
0.0375556945800781 0.0290451049804688 0.0335025787353516 0.0240077972412109
0.041168212890625 0.00285720825195313 0.0372352600097656 0.00103759765625
0.0307159423828125 -0.0266132354736328 0.0263881683349609 -0.0245647430419922
0.0158958435058594 -0.0388717651367188 0.0068206787109375 -0.0284080505371094
0.0160789489746094 -0.0358505249023438 -0.00366687774658203 -0.0160484313964844
0.0141258239746094 -0.0424728393554687 -0.00507926940917969 -0.0111417770385742
0.0257186889648438 -0.035247802734375 -0.0111169815063477 -0.0105018615722656
0.0439605712890625 -0.0174446105957031 -0.0128707885742187 -0.0105199813842773
0.0481452941894531 0.0112190246582031 -0.00592803955078125 -0.0214824676513672
0.0238914489746094 0.0534553527832031 0.00516510009765625 -0.0251445770263672
-0.00257492065429687 0.0664634704589844 0.0157833099365234 -0.0220375061035156
-0.0383453369140625 0.0600967407226563 0.00991058349609375 -0.0126514434814453
-0.0542945861816406 0.051025390625 0.0210437774658203 0.0205669403076172
-0.0280342102050781 0.0582656860351563 -0.00211906433105469 0.0276012420654297
0.00508880615234375 0.0678367614746094 -0.000152587890624996 0.0390701293945313
0.0417747497558594 0.0396003723144531 0.02410888671875 0.029388427734375
0.0489997863769531 0.00612258911132813 0.0273838043212891 0.00929069519042969
0.0374069213867188 -0.0302810668945312 0.0195465087890625 -0.0120525360107422
0.0193367004394531 -0.0436248779296875 0.00297927856445313 -0.0125703811645508
0.0181427001953125 -0.0401954650878906 -0.00581884384155273 -0.00150012969970703
0.0156974792480469 -0.0480918884277344 -0.00775337219238281 0.00361347198486328
0.0270843505859375 -0.0399093627929688 -0.016352653503418 0.00243568420410156
0.0471153259277344 -0.0205078125 -0.0193500518798828 -0.000478744506835936
0.0510406494140625 0.0112876892089844 -0.0127105712890625 -0.0160055160522461
0.0242919921875 0.0549850463867187 0.000288009643554691 -0.0207271575927734
-0.00638198852539062 0.0667076110839844 0.0119447708129883 -0.0089874267578125
-0.0438575744628906 0.0566978454589844 -0.00525951385498047 0.0049576759338379
-0.0541839599609375 0.0388603210449219 0.000423431396484368 0.0375480651855469
-0.0354385375976563 0.051177978515625 -0.0137252807617188 0.0408248901367188
-0.00304794311523437 0.0660438537597656 -0.00719070434570313 0.0404205322265625
0.0371780395507813 0.0425338745117188 0.0115242004394531 0.0317211151123047
0.0470848083496094 0.00967788696289063 0.0153322219848633 0.0164890289306641
0.0375747680664063 -0.027984619140625 0.010380744934082 0.00121402740478515
0.0197830200195313 -0.0412940979003906 -0.000437021255493163 0.00413703918457031
0.0176544189453125 -0.03814697265625 -0.00738239288330078 0.0131750106811523
0.0148162841796875 -0.0459938049316406 -0.00926399230957031 0.0178260803222656
0.0258979797363281 -0.0385208129882813 -0.0210781097412109 0.0150947570800781
0.0446548461914063 -0.0188369750976563 -0.0246467590332031 0.00788688659667969
0.04656982421875 0.0110931396484375 -0.0182056427001953 -0.0106410980224609
0.0196990966796875 0.051788330078125 -0.00372982025146484 -0.016596794128418
-0.0109710693359375 0.0592803955078125 0.00761985778808594 0.00266361236572266
-0.0449867248535156 0.045379638671875 -0.0201930999755859 0.0203456878662109
-0.0433731079101563 0.0195121765136719 -0.0189971923828125 0.0486984252929687
-0.0333023071289063 0.0337944030761719 -0.0243377685546875 0.0488357543945312
-0.00978469848632812 0.050079345703125 -0.0130691528320312 0.0387649536132813
0.0250282287597656 0.035552978515625 0.000205993652343751 0.0311546325683594
0.0360832214355469 0.00960159301757813 0.00343704223632813 0.0200138092041016
0.0304508209228516 -0.0214195251464844 0.00115966796875 0.0129222869873047
0.0162563323974609 -0.0320510864257813 -0.0037384033203125 0.0189151763916016
0.0145015716552734 -0.0305347442626953 -0.00753402709960937 0.0260257720947266
0.0126113891601563 -0.0369873046875 -0.0106697082519531 0.0305538177490234
0.0207500457763672 -0.0313053131103516 -0.0247783660888672 0.0259685516357422
0.0369911193847656 -0.0150566101074219 -0.02960205078125 0.014923095703125
0.0373153686523438 0.0109596252441406 -0.0234050750732422 -0.0063323974609375
0.0115966796875 0.043487548828125 -0.00727748870849609 -0.0135879516601562
-0.0154953002929687 0.0449790954589844 0.00340652465820312 0.0118503570556641
-0.0418624877929687 0.0278358459472656 -0.0352363586425781 0.0316390991210938
-0.0257625579833984 -0.00329971313476563 -0.0313606262207031 0.0535888671875
-0.0251102447509766 0.0107212066650391 -0.0299072265625 0.0516471862792969
-0.0128002166748047 0.0250282287597656 -0.0151481628417969 0.0357704162597656
0.0101318359375 0.0214462280273438 -0.00730514526367187 0.0293903350830078
0.0186309814453125 0.00670814514160156 -0.00450325012207031 0.0212516784667969
0.0173444747924805 -0.011322021484375 -0.00462150573730469 0.0216827392578125
0.0102005004882813 -0.0175857543945313 -0.00514984130859375 0.0297927856445312
0.00911521911621094 -0.0179996490478516 -0.00702476501464844 0.0346469879150391
0.00821304321289062 -0.0234413146972656 -0.0123443603515625 0.0398101806640625
0.0143260955810547 -0.0203018188476563 -0.0278186798095703 0.0334587097167969
0.0253314971923828 -0.00924491882324219 -0.0336494445800781 0.0190067291259766
0.0248832702636719 0.00851821899414063 -0.0283699035644531 -0.00419807434082032
0.00393867492675782 0.0304832458496094 -0.0106058120727539 -0.0127649307250977
-0.0176410675048828 0.0263252258300781 -0.00310134887695313 0.0167322158813477
-0.0325813293457031 0.00685310363769531 -0.0477409362792969 0.036285400390625
0.0118246078491211 0.0153589248657227 0.0536918640136719 -0.0422210693359375
0.0141077041625977 -0.00749874114990234 0.00992965698242187 -0.0209159851074219
-0.000631332397460937 -0.0123319625854492 0.0107154846191406 0.0168485641479492
-0.00898075103759765 -0.00405216217041016 0.0377006530761719 0.00973892211914063
-0.00772523880004883 0.0036158561706543 0.0416603088378906 -0.0176467895507812
-0.00457000732421875 0.00772809982299805 0.0291290283203125 -0.0412330627441406
-0.00292849540710449 0.00390362739562988 0.0106658935546875 -0.0505523681640625
-0.00273966789245606 0.00396180152893066 0.00423049926757813 -0.041107177734375
-0.00398063659667969 0.00347471237182617 0.0031890869140625 -0.0353622436523437
-0.00452709197998047 -0.00148200988769531 0.00667190551757813 -0.0289096832275391
-0.000217437744140625 -0.00619792938232422 0.00499725341796875 -0.0263309478759766
0.00840187072753906 -0.00638818740844727 0.0104255676269531 -0.0308895111083984
0.0150651931762695 0.003326416015625 0.0219993591308594 -0.0370063781738281
0.0158138275146484 0.0169134140014648 0.0308341979980469 -0.0525550842285156
0.00774574279785156 0.025482177734375 0.0410003662109375 -0.0555953979492187
-0.00801849365234375 0.0370712280273438 0.0578498840332031 -0.0333251953125
0.00829792022705078 0.0159702301025391 0.0141029357910156 -0.0149192810058594
0.00787734985351563 0.0100317001342773 0.0118331909179688 0.0209941864013672
0.00887298583984375 0.00467109680175781 0.0403785705566406 0.0123786926269531
0.00980377197265625 0.000949859619140625 0.0445709228515625 -0.0146217346191406
0.00699186325073242 -0.00674295425415039 0.03118896484375 -0.0414848327636719
0.00334358215332031 -0.014251708984375 0.0101890563964844 -0.0494270324707031
0.00449085235595703 -0.01300048828125 0.001861572265625 -0.0380477905273438
0.00356674194335937 -0.0157041549682617 0.000864028930664064 -0.0331439971923828
0.00954818725585938 -0.0147314071655273 0.00150299072265625 -0.0280246734619141
0.0198116302490234 -0.00872039794921875 0.000574111938476564 -0.0247459411621094
0.0259990692138672 0.00527763366699219 0.00756263732910156 -0.0302524566650391
0.0169830322265625 0.0284156799316406 0.0175571441650391 -0.0340099334716797
0.0068511962890625 0.0416717529296875 0.0267753601074219 -0.0464210510253906
-0.012939453125 0.0455818176269531 0.0360450744628906 -0.0465431213378906
-0.0287590026855469 0.0525588989257812 0.0535888671875 -0.0178489685058594
-0.00233078002929687 0.0381660461425781 0.0138425827026367 -0.00349807739257812
0.0129585266113281 0.0353126525878906 0.0106639862060547 0.0276336669921875
0.0264453887939453 0.0164775848388672 0.0398178100585938 0.0183219909667969
0.02801513671875 0.000303268432617188 0.0443878173828125 -0.00800323486328125
0.0196132659912109 -0.0197486877441406 0.0306854248046875 -0.0361480712890625
0.00923538208007813 -0.0300731658935547 0.00876998901367188 -0.0420455932617188
0.0110988616943359 -0.0275077819824219 -0.0011749267578125 -0.0294895172119141
0.0098419189453125 -0.0326557159423828 -0.00252342224121094 -0.0244026184082031
0.0196781158447266 -0.0282154083251953 -0.00533294677734375 -0.0214614868164063
0.0357666015625 -0.013946533203125 -0.00667762756347656 -0.0193195343017578
0.0411453247070313 0.0101547241210938 0.00117301940917969 -0.0275344848632812
0.0225944519042969 0.0463371276855469 0.0114974975585938 -0.0310459136962891
0.00202560424804688 0.0603866577148438 0.0211715698242187 -0.036468505859375
-0.0288352966308594 0.0590095520019531 0.0247039794921875 -0.0325508117675781
-0.0459022521972656 0.0587577819824219 0.0412216186523437 0.000396728515625004
-0.0162544250488281 0.0552787780761719 0.00786304473876953 0.0120811462402344
0.0126838684082031 0.0581855773925781 0.00671768188476563 0.0354385375976563
0.0399818420410156 0.0295066833496094 0.0353546142578125 0.025360107421875
0.0435791015625 0.00231170654296875 0.0397834777832031 0.0007781982421875
0.0312576293945313 -0.0288009643554688 0.0275077819824219 -0.0263309478759766
0.0154228210449219 -0.041748046875 0.00642967224121094 -0.0297870635986328
0.015716552734375 -0.0382575988769531 -0.00428485870361328 -0.0163917541503906
0.0134468078613281 -0.0448684692382812 -0.00556468963623047 -0.0114917755126953
0.0259056091308594 -0.0378761291503906 -0.0120019912719727 -0.0101699829101563
0.0454330444335938 -0.019439697265625 -0.0141792297363281 -0.0104236602783203
0.0511703491210938 0.011016845703125 -0.00666046142578125 -0.0228424072265625
0.0267829895019531 0.0556716918945313 0.00470352172851563 -0.0270328521728516
-0.000915527343750004 0.0697135925292969 0.0163383483886719 -0.0241470336914062
-0.0391807556152344 0.0643043518066406 0.0103178024291992 -0.0140171051025391
-0.0561943054199219 0.0556106567382812 0.0219268798828125 0.0210590362548828
-0.028778076171875 0.0616531372070313 -0.00214958190917969 0.0286064147949219
0.00750732421874999 0.0716323852539062 4.57763671874974E-05 0.0413360595703125
0.0447998046875 0.0406875610351563 0.0254554748535156 0.0310802459716797
0.0519599914550781 0.00531387329101563 0.0295467376708984 0.00989151000976563
0.03839111328125 -0.0327949523925781 0.0201053619384766 -0.0131740570068359
0.0187339782714844 -0.046295166015625 0.00296497344970703 -0.0130538940429688
0.01806640625 -0.0422859191894531 -0.00629520416259766 -0.00108432769775391
0.0142631530761719 -0.050750732421875 -0.00773286819458008 0.00375795364379882
0.0270423889160156 -0.042449951171875 -0.0176429748535156 0.00305557250976562
0.0487174987792969 -0.0228042602539063 -0.0207328796386719 -0.000768661499023439
0.053924560546875 0.0103492736816406 -0.0133781433105469 -0.016667366027832
0.0269775390625 0.0579910278320313 6.48498535156275E-05 -0.0222492218017578
-0.00411224365234374 0.0704803466796875 0.0125703811645508 -0.00989818572998047
-0.0451545715332031 0.06121826171875 -0.00496864318847656 0.00475692749023438
-0.0563926696777344 0.0423011779785156 0.00103378295898438 0.039031982421875
-0.0362625122070312 0.054656982421875 -0.0138893127441406 0.0424995422363281
-0.00171661376953125 0.070159912109375 -0.0076904296875 0.0433921813964844
0.0398826599121094 0.0440177917480469 0.0125751495361328 0.0339164733886719
0.0504074096679688 0.00897979736328125 0.0167827606201172 0.0172529220581055
0.0387496948242187 -0.0303611755371094 0.0114974975585938 0.00119590759277344
0.0191421508789062 -0.0440330505371094 -0.00036334991455078 0.00464725494384765
0.0176811218261719 -0.0409736633300781 -0.00752449035644531 0.0146703720092773
0.0139846801757813 -0.0487289428710938 -0.00968170166015625 0.0194492340087891
0.0251502990722656 -0.0408248901367187 -0.0220756530761719 0.0165443420410156
0.0457496643066406 -0.021514892578125 -0.0258712768554687 0.00876426696777343
0.0492591857910156 0.0102272033691406 -0.0194187164306641 -0.0103569030761719
0.0221328735351563 0.0543937683105469 -0.00407981872558593 -0.0174493789672852
-0.0097808837890625 0.0623092651367188 0.00826644897460938 0.0019373893737793
-0.0469436645507813 0.0492668151855469 -0.0206737518310547 0.0215721130371094
-0.0455436706542969 0.0214729309082031 -0.0195121765136719 0.0517654418945313
-0.0344810485839844 0.0359458923339844 -0.0250244140625 0.0518150329589844
-0.00911331176757813 0.0533027648925781 -0.013763427734375 0.0416145324707031
0.0271644592285156 0.0369720458984375 0.000738143920898436 0.0334033966064453
0.0383720397949219 0.00944900512695313 0.00432586669921875 0.0212059020996094
0.0305156707763672 -0.0229988098144531 0.00167083740234375 0.0136146545410156
0.0158958435058594 -0.0341453552246094 -0.00350761413574219 0.0208549499511719
0.0144462585449219 -0.0321540832519531 -0.007843017578125 0.0280570983886719
0.011566162109375 -0.0390739440917969 -0.0106487274169922 0.0328960418701172
0.0207424163818359 -0.0334053039550781 -0.0255298614501953 0.0283908843994141
0.0381088256835938 -0.0165290832519531 -0.0307998657226562 0.0163707733154297
0.0395774841308594 0.01007080078125 -0.0249214172363281 -0.00638198852539062
0.013702392578125 0.0456008911132813 -0.00772953033447266 -0.0142660140991211
-0.0151786804199219 0.0479011535644531 0.00408840179443359 0.0122385025024414
-0.0430870056152344 0.0302963256835937 -0.035858154296875 0.0338325500488281
-0.0272445678710938 -0.00319290161132812 -0.0317916870117187 0.0570487976074219
-0.0259876251220703 0.0119991302490234 -0.0307731628417969 0.0551643371582031
-0.0125102996826172 0.0269317626953125 -0.0154495239257812 0.0381355285644531
0.0110149383544922 0.0222835540771484 -0.00669288635253906 0.0317516326904297
0.0196666717529297 0.00700187683105469 -0.0040740966796875 0.0231037139892578
0.0178318023681641 -0.0122871398925781 -0.00426292419433594 0.0227890014648437
0.00989723205566406 -0.0191631317138672 -0.00473976135253906 0.0314998626708984
0.00893592834472656 -0.0193214416503906 -0.00673675537109375 0.0370979309082031
0.00821113586425781 -0.0243453979492188 -0.0119094848632813 0.0420875549316406
0.0139102935791016 -0.0217075347900391 -0.0282135009765625 0.0363006591796875
0.0262966156005859 -0.0102615356445313 -0.0344333648681641 0.0203189849853516
0.0264110565185547 0.00875473022460938 -0.0296039581298828 -0.00405311584472656
0.00477981567382812 0.0320777893066406 -0.0114727020263672 -0.0130386352539062
-0.0181770324707031 0.0276870727539063 -0.00262832641601563 0.0172052383422852
-0.0336837768554687 0.00824356079101562 -0.0491294860839844 0.0389671325683594
0.0135822296142578 0.0156288146972656 0.05340576171875 -0.0466690063476563
0.0142602920532227 -0.00818061828613281 0.00887870788574219 -0.0222835540771484
-0.00118350982666016 -0.0128545761108398 0.0120182037353516 0.0168323516845703
-0.00915813446044922 -0.00368881225585938 0.0395545959472656 0.00792312622070313
-0.00766229629516602 0.00402975082397461 0.0424041748046875 -0.0202827453613281
-0.00443506240844726 0.00854349136352539 0.0280685424804688 -0.0444145202636719
-0.00289011001586914 0.00431966781616211 0.00830078125000001 -0.0530586242675781
-0.00197553634643555 0.00404930114746094 0.00221633911132813 -0.0429573059082031
-0.00358247756958008 0.00352692604064941 0.00167465209960937 -0.0368232727050781
-0.00437641143798828 -0.00129413604736328 0.00520706176757812 -0.0304660797119141
-0.00065135955810547 -0.00647878646850586 0.00421333312988281 -0.0277252197265625
0.00852632522583008 -0.00711774826049805 0.00967025756835938 -0.0328750610351563
0.0158805847167969 0.00262260437011719 0.0211410522460937 -0.03973388671875
0.0172996520996094 0.0168561935424805 0.0294227600097656 -0.0560531616210938
0.00948905944824219 0.0265445709228516 0.0400428771972656 -0.0605239868164063
-0.0060272216796875 0.0391998291015625 0.0582656860351563 -0.0374183654785156
0.00883293151855469 0.0163822174072266 0.0131931304931641 -0.016911506652832
0.00863170623779297 0.0103769302368164 0.0135841369628906 0.0215053558349609
0.0095672607421875 0.00360012054443359 0.0426406860351563 0.0109825134277344
0.0104494094848633 0.000432968139648438 0.0454978942871094 -0.0172615051269531
0.00677633285522461 -0.00761508941650391 0.0299186706542969 -0.0447883605957031
0.00186443328857422 -0.015009880065918 0.00796890258789062 -0.0517807006835938
0.00423526763916016 -0.0140104293823242 -0.000183105468749998 -0.0396385192871094
0.00310707092285156 -0.0167036056518555 -0.000856399536132809 -0.0341148376464844
0.00895118713378906 -0.0160341262817383 0.000436782836914061 -0.0291900634765625
0.0205097198486328 -0.0100612640380859 -0.000688552856445314 -0.0255966186523438
0.0274257659912109 0.00421142578125 0.00649833679199219 -0.0320415496826172
0.0192890167236328 0.0290336608886719 0.0169715881347656 -0.0367851257324219
0.009185791015625 0.0428810119628906 0.0256004333496094 -0.0497322082519531
-0.0111732482910156 0.0483894348144531 0.0354652404785156 -0.050750732421875
-0.0269317626953125 0.0563583374023438 0.054595947265625 -0.0214347839355469
-0.000949859619140624 0.04034423828125 0.0134420394897461 -0.00467395782470703
0.0155677795410156 0.0363960266113281 0.0123558044433594 0.0286521911621094
0.0284194946289063 0.0156803131103516 0.0425910949707031 0.0176620483398437
0.0294609069824219 -0.00144195556640625 0.0457496643066406 -0.0106620788574219
0.0192890167236328 -0.0212783813476563 0.0300712585449219 -0.0390548706054688
0.00771713256835937 -0.0318641662597656 0.006866455078125 -0.0439109802246094
0.00989913940429687 -0.0296859741210937 -0.00233078002929687 -0.0300788879394531
0.00824546813964844 -0.0345306396484375 -0.00369071960449219 -0.0248069763183594
0.0188388824462891 -0.0298748016357422 -0.00673484802246094 -0.0216732025146484
0.036102294921875 -0.0163764953613281 -0.00813865661621093 -0.0202732086181641
0.0431480407714844 0.00847625732421875 -0.000219345092773437 -0.0293006896972656
0.0259590148925781 0.0470695495605469 0.0104503631591797 -0.0334548950195313
0.00509643554687499 0.062255859375 0.0198478698730469 -0.0395660400390625
-0.0274543762207031 0.0635452270507813 0.0242347717285156 -0.0355911254882813
-0.0447959899902344 0.0638198852539063 0.042449951171875 -0.00173568725585937
-0.0149993896484375 0.0583267211914062 0.00791835784912109 0.0114736557006836
0.0165214538574219 0.0603981018066406 0.00840377807617188 0.0372467041015625
0.0432662963867188 0.028717041015625 0.0377006530761719 0.0252494812011719
0.0456466674804687 0.0001983642578125 0.0417709350585938 -0.000659942626953125
0.03045654296875 -0.0314998626708984 0.0272445678710938 -0.0286769866943359
0.0133094787597656 -0.0439453125 0.00504493713378906 -0.0306663513183594
0.0145149230957031 -0.0405731201171875 -0.00499248504638672 -0.016326904296875
0.0113258361816406 -0.0476417541503906 -0.00670433044433593 -0.0112619400024414
0.024169921875 -0.0406837463378906 -0.0129537582397461 -0.00977134704589844
0.0460777282714844 -0.0229835510253906 -0.0154914855957031 -0.0105924606323242
0.0536041259765625 0.008514404296875 -0.0079498291015625 -0.0236263275146484
0.0312385559082031 0.0566787719726562 0.00406265258789063 -0.0288524627685547
0.00273132324218749 0.0721054077148438 0.0155982971191406 -0.0262546539306641
-0.0378952026367188 0.0691261291503906 0.0100584030151367 -0.0156383514404297
-0.0561676025390625 0.060638427734375 0.0235157012939453 0.0206890106201172
-0.0272483825683594 0.0653343200683594 -0.00168991088867188 0.0292282104492188
0.0115203857421875 0.0745468139648438 0.00135040283203125 0.0438194274902344
0.048919677734375 0.0394821166992187 0.0276374816894531 0.0320758819580078
0.0546684265136719 0.003173828125 0.0312252044677734 0.00896453857421875
0.0374794006347656 -0.0358924865722656 0.0201663970947266 -0.0149326324462891
0.0165023803710938 -0.0490798950195313 0.00234222412109375 -0.0133695602416992
0.0161781311035156 -0.0454521179199219 -0.00646734237670898 6.7710876464841E-05
0.0119209289550781 -0.0533561706542969 -0.00829839706420898 0.00491571426391601
0.0251312255859375 -0.0457077026367188 -0.0183887481689453 0.00455665588378906
0.049163818359375 -0.0262794494628906 -0.0213356018066406 0.000408172607421873
0.0563735961914063 0.00775527954101563 -0.0149726867675781 -0.0168628692626953
0.0316390991210937 0.0588264465332031 -0.000762939453124997 -0.0237331390380859
-0.000717163085937504 0.0729446411132813 0.0127420425415039 -0.0119218826293945
-0.0442771911621094 0.0659561157226562 -0.00474691390991211 0.00498628616333008
-0.0563201904296875 0.0471954345703125 0.00238418579101562 0.0406379699707031
-0.035736083984375 0.0584869384765625 -0.0127983093261719 0.044525146484375
0.00205230712890625 0.073638916015625 -0.006622314453125 0.0458717346191406
0.0436058044433594 0.0434646606445313 0.0145263671875 0.0353927612304687
0.0530853271484375 0.00681686401367187 0.0188064575195313 0.0174274444580078
0.0382003784179688 -0.0336112976074219 0.0117311477661133 0.000486373901367185
0.0170555114746094 -0.0469512939453125 9.05990600585944E-05 0.00485992431640625
0.0158462524414063 -0.0434608459472656 -0.0066070556640625 0.0159854888916016
0.0113182067871094 -0.0512123107910156 -0.00965499877929688 0.0207176208496094
0.0233955383300781 -0.0437965393066406 -0.0223464965820313 0.0185031890869141
0.046112060546875 -0.0250015258789063 -0.0265541076660156 0.00979804992675781
0.0520095825195313 0.00798797607421875 -0.0207881927490234 -0.0102043151855469
0.0262947082519531 0.0551948547363281 -0.00493240356445312 -0.0182075500488281
-0.00670242309570312 0.06512451171875 0.00916767120361328 0.00145149230957032
-0.0460128784179688 0.0538368225097656 -0.0205020904541016 0.0231895446777344
-0.0461769104003906 0.0247688293457031 -0.0180778503417969 0.0547752380371094
-0.0342140197753906 0.0396766662597656 -0.0239639282226563 0.0547981262207031
-0.00603866577148438 0.0563507080078125 -0.0121269226074219 0.0446357727050781
0.0301895141601562 0.0367507934570313 0.0024871826171875 0.0352096557617188
0.040740966796875 0.007781982421875 0.00540542602539063 0.0224342346191406
0.0309791564941406 -0.0261554718017578 0.00261592864990234 0.0140047073364258
0.0141716003417969 -0.0359458923339844 -0.00231552124023438 0.0216827392578125
0.0126705169677734 -0.0347709655761719 -0.00614166259765625 0.0301113128662109
0.00986099243164062 -0.0413970947265625 -0.00966072082519531 0.0348834991455078
0.0191726684570313 -0.0353317260742187 -0.0251197814941406 0.031005859375
0.038330078125 -0.0196151733398438 -0.0308952331542969 0.0180091857910156
0.0415763854980469 0.00836181640625 -0.0260372161865234 -0.00565719604492188
0.0166702270507813 0.0465240478515625 -0.00873851776123047 -0.0148983001708984
-0.0132179260253906 0.0500221252441406 0.00513553619384766 0.0121688842773438
-0.0435333251953125 0.0342864990234375 -0.0354690551757813 0.0364570617675781
-0.0280609130859375 -0.0016632080078125 -0.0307769775390625 0.0615005493164063
-0.0263633728027344 0.0138607025146484 -0.0293617248535156 0.0583572387695313
-0.0113964080810547 0.0284767150878906 -0.0146713256835937 0.0406837463378906
0.0125598907470703 0.0224037170410156 -0.00554466247558594 0.0340938568115234
0.0209732055664063 0.00630950927734375 -0.00286293029785156 0.0245246887207031
0.0176773071289063 -0.0139274597167969 -0.00294113159179688 0.0235195159912109
0.00901222229003906 -0.020416259765625 -0.00320053100585937 0.0332851409912109
0.00841903686523437 -0.0205917358398438 -0.00484466552734375 0.0388298034667969
0.00674057006835938 -0.0256729125976563 -0.01031494140625 0.0443954467773437
0.0130290985107422 -0.0229034423828125 -0.0280036926269531 0.0388107299804688
0.026702880859375 -0.0125026702880859 -0.0349826812744141 0.0227985382080078
0.0276412963867188 0.00719451904296875 -0.0310306549072266 -0.00297737121582031
0.00647354125976563 0.0332508087158203 -0.0121049880981445 -0.0132007598876953
-0.017425537109375 0.0297031402587891 -0.00110626220703125 0.0179939270019531
-0.0345401763916016 0.0102272033691406 -0.0489463806152344 0.0426750183105469
0.014521598815918 0.014988899230957 0.0509910583496094 -0.0499916076660156
0.0135517120361328 -0.00901412963867187 0.00695991516113281 -0.0221271514892578
-0.00216102600097656 -0.0127487182617188 0.0129604339599609 0.0167665481567383
-0.00951004028320313 -0.00351428985595703 0.0404319763183594 0.006103515625
-0.00735712051391602 0.0042581558227539 0.041259765625 -0.0225028991699219
-0.00352096557617188 0.00897407531738281 0.0261497497558594 -0.0462760925292969
-0.00258493423461914 0.0048213005065918 0.00523376464843751 -0.0539436340332031
-0.00170493125915527 0.00403356552124023 -8.01086425781225E-05 -0.0432052612304688
-0.00312638282775879 0.00390768051147461 -0.000652313232421878 -0.0373039245605469
-0.00421619415283203 -0.0010678768157959 0.00341606140136719 -0.0317878723144531
-0.000782012939453125 -0.0066075325012207 0.00232696533203125 -0.0286006927490234
0.00794744491577148 -0.00735902786254883 0.00751113891601563 -0.0345287322998047
0.016021728515625 0.00190258026123047 0.0193595886230469 -0.0414581298828125
0.0182952880859375 0.0161476135253906 0.0261001586914063 -0.0580520629882813
0.0107288360595703 0.0263786315917969 0.0373916625976563 -0.06396484375
-0.00416946411132812 0.0396804809570313 0.0566940307617188 -0.04071044921875
0.00945663452148438 0.0160293579101562 0.0114374160766602 -0.0173463821411133
0.00974369049072266 0.00989341735839844 0.0143394470214844 0.0212154388427734
0.0101041793823242 0.00359249114990234 0.0431404113769531 0.0097503662109375
0.0106182098388672 -0.000649452209472656 0.0450515747070312 -0.019683837890625
0.00649833679199219 -0.00794267654418945 0.0279083251953125 -0.0466156005859375
0.00117206573486328 -0.0150299072265625 0.00485229492187501 -0.0526962280273438
0.00346946716308594 -0.0139713287353516 -0.00238037109375 -0.0397148132324219
0.00201797485351562 -0.0168218612670898 -0.00303840637207031 -0.0345401763916016
0.00819873809814453 -0.0162363052368164 -0.00128555297851563 -0.0293827056884766
0.0195636749267578 -0.0113010406494141 -0.00164604187011719 -0.0260391235351562
0.0281276702880859 0.00253677368164062 0.00492095947265625 -0.0333843231201172
0.0215892791748047 0.0282745361328125 0.0152778625488281 -0.0388069152832031
0.011932373046875 0.0428504943847656 0.0230331420898437 -0.0520515441894531
-0.00898361206054688 0.050140380859375 0.0328102111816406 -0.0540351867675781
-0.0244407653808594 0.0587310791015625 0.0539588928222656 -0.0243453979492187
0.000717163085937501 0.0412139892578125 0.0127220153808594 -0.00539112091064453
0.0182380676269531 0.0359077453613281 0.0138149261474609 0.0290756225585938
0.0296897888183594 0.0140628814697266 0.0434532165527344 0.0159225463867188
0.0300636291503906 -0.00321769714355469 0.0460090637207031 -0.0129966735839844
0.0179729461669922 -0.0226402282714844 0.0279884338378906 -0.0408782958984375
0.005767822265625 -0.0328254699707031 0.00409317016601563 -0.0446357727050781
0.00827598571777344 -0.0303573608398438 -0.004058837890625 -0.0297508239746094
0.0061187744140625 -0.0352287292480469 -0.00544166564941406 -0.0252513885498047
0.0169200897216797 -0.0316295623779297 -0.00790786743164062 -0.0218105316162109
0.0352706909179688 -0.0192375183105469 -0.00928688049316406 -0.0199699401855469
0.0443115234375 0.00647354125976563 -0.00182914733886719 -0.030303955078125
0.0292320251464844 0.0463371276855469 0.00922393798828125 -0.0351753234863281
0.00894546508789062 0.0623016357421875 0.0177497863769531 -0.0417976379394531
-0.0240745544433594 0.0659370422363281 0.022705078125 -0.0378036499023438
-0.0420684814453125 0.0672836303710938 0.042449951171875 -0.003814697265625
-0.0122337341308594 0.0598030090332031 0.00786972045898437 0.0111675262451172
0.0204277038574219 0.060211181640625 0.0105056762695313 0.0377960205078125
0.0450630187988281 0.0267066955566406 0.0391998291015625 0.0241317749023438
0.0468063354492188 -0.00258636474609375 0.0421676635742188 -0.00292587280273438
0.0285568237304688 -0.0335330963134766 0.0254631042480469 -0.0304660797119141
0.0102767944335937 -0.0456161499023438 0.00327301025390625 -0.0310153961181641
0.0120391845703125 -0.0421600341796875 -0.00553417205810547 -0.015833854675293
0.0079193115234375 -0.0486030578613281 -0.00757408142089844 -0.0110149383544922
0.0217056274414062 -0.0419540405273438 -0.0141887664794922 -0.00923919677734375
0.0450592041015625 -0.02606201171875 -0.0162315368652344 -0.0102720260620117
0.0547866821289063 0.00553131103515625 -0.009490966796875 -0.0245170593261719
0.03521728515625 0.0554885864257813 0.00267410278320313 -0.0302963256835937
0.00724029541015625 0.0726470947265625 0.0142383575439453 -0.0283603668212891
-0.0345535278320312 0.0730361938476563 0.00962448120117188 -0.0163993835449219
-0.0529327392578125 0.0647010803222656 0.0247859954833984 0.0196704864501953
-0.0244331359863281 0.0677337646484375 -0.000637054443359377 0.0292758941650391
0.016448974609375 0.0751876831054688 0.00373077392578125 0.0441665649414063
0.0517654418945312 0.0373725891113281 0.0298976898193359 0.0309009552001953
0.0563545227050781 -5.340576171875E-05 0.0326023101806641 0.00761795043945313
0.0355186462402344 -0.0384063720703125 0.0190811157226563 -0.0161933898925781
0.0130157470703125 -0.0510177612304687 0.00174140930175781 -0.0132131576538086
0.01373291015625 -0.0472221374511719 -0.00615930557250976 0.000868797302246091
0.00862503051757813 -0.05426025390625 -0.00805330276489258 0.00542926788330078
0.02197265625 -0.0475387573242188 -0.0188617706298828 0.00616645812988281
0.0475311279296875 -0.0294227600097656 -0.0220775604248047 0.00136566162109375
0.0573654174804688 0.00455093383789063 -0.0162115097045898 -0.016474723815918
0.0358543395996094 0.0575408935546875 -0.0020294189453125 -0.0240383148193359
0.00354766845703125 0.0736160278320313 0.0125904083251953 -0.0134057998657226
-0.0411949157714844 0.0702438354492188 -0.00422239303588867 0.0047454833984375
-0.054443359375 0.0508613586425781 0.00434875488281249 0.0408859252929688
-0.03277587890625 0.0611305236816406 -0.0110664367675781 0.0452156066894531
0.00687408447265625 0.0747604370117188 -0.00436782836914063 0.0473480224609375
0.0464973449707031 0.04119873046875 0.0165367126464844 0.0358505249023438
0.0546340942382813 0.00423812866210938 0.0198249816894531 0.0168533325195313
0.0359764099121094 -0.0360488891601563 0.0116405487060547 -0.000388145446777346
0.0138587951660156 -0.0484390258789063 0.000248432159423829 0.00534725189208984
0.0132637023925781 -0.045074462890625 -0.00582122802734375 0.0171232223510742
0.00810623168945313 -0.0518379211425781 -0.00863838195800781 0.0217704772949219
0.0205574035644531 -0.0450019836425781 -0.0216636657714844 0.0201339721679687
0.0446662902832031 -0.0282516479492188 -0.0261707305908203 0.0116653442382812
0.0527572631835938 0.00500106811523438 -0.021331787109375 -0.00957298278808593
0.0297927856445313 0.0542335510253906 -0.00559616088867187 -0.0182838439941406
-0.00290679931640625 0.0657997131347656 0.00963783264160156 0.000678062438964848
-0.0437431335449219 0.0576820373535156 -0.0193042755126953 0.0244464874267578
-0.0451316833496094 0.0275688171386719 -0.015869140625 0.0565567016601563
-0.0324172973632813 0.0418624877929688 -0.021331787109375 0.0562362670898438
-0.00272369384765625 0.0576171875 -0.0104560852050781 0.0460357666015625
0.0326576232910156 0.0353469848632813 0.0042266845703125 0.0358428955078125
0.0415687561035156 0.00573348999023438 0.0072784423828125 0.02252197265625
0.0293979644775391 -0.0273818969726563 0.00300216674804688 0.0138311386108398
0.0115165710449219 -0.0375900268554688 -0.000808715820312502 0.0220394134521484
0.0109672546386719 -0.0360603332519531 -0.00424766540527343 0.0311374664306641
0.00680160522460938 -0.0416641235351562 -0.00811004638671875 0.0358543395996094
0.0169754028320313 -0.0369148254394531 -0.0237560272216797 0.0327816009521484
0.0372390747070313 -0.0223655700683594 -0.0301303863525391 0.0203990936279297
0.0424346923828125 0.00601577758789063 -0.0265407562255859 -0.00421142578125
0.0194244384765625 0.0462760925292969 -0.00894069671630859 -0.0147867202758789
-0.0103073120117187 0.0510406494140625 0.00646781921386719 0.0116357803344727
-0.0420074462890625 0.0374183654785156 -0.0337104797363281 0.0384445190429687
-0.0281009674072266 -9.72747802734395E-05 -0.028045654296875 0.0639572143554687
-0.0258445739746094 0.0155010223388672 -0.0264167785644531 0.0609397888183594
-0.0100688934326172 0.0300121307373047 -0.0128326416015625 0.0421676635742188
0.0144405364990234 0.0217037200927734 -0.00369453430175781 0.0349769592285156
0.0214920043945313 0.00513076782226563 -0.00123786926269531 0.0250530242919922
0.0170497894287109 -0.014556884765625 -0.00185394287109375 0.0240612030029297
0.00739860534667969 -0.0211029052734375 -0.000864028930664058 0.0338134765625
0.00697708129882813 -0.0213985443115234 -0.00263214111328125 0.0401191711425781
0.0052642822265625 -0.02618408203125 -0.00791168212890625 0.0458221435546875
0.0111312866210937 -0.0237197875976563 -0.0261077880859375 0.0412025451660156
0.0261611938476563 -0.0144901275634766 -0.033721923828125 0.0250873565673828
0.0285301208496094 0.00608444213867188 -0.0317096710205078 -0.00126266479492187
0.00859260559082031 0.0332679748535156 -0.0131769180297852 -0.0127887725830078
-0.0155315399169922 0.0312061309814453 0.000303268432617185 0.0180988311767578
-0.0344772338867188 0.0125389099121094 -0.0467071533203125 0.0457649230957031
0.0149393081665039 0.0145101547241211 0.0485916137695313 -0.0511283874511719
0.0128278732299805 -0.00913906097412109 0.00543403625488282 -0.0222663879394531
-0.00215625762939453 -0.0127086639404297 0.0133113861083984 0.0164213180541992
-0.00972747802734375 -0.00333404541015625 0.0397491455078125 0.00514984130859375
-0.0073847770690918 0.00421619415283203 0.0400772094726563 -0.0237045288085938
-0.00292873382568359 0.00911521911621094 0.0243759155273438 -0.0466537475585937
-0.00233364105224609 0.00493144989013672 0.00325775146484376 -0.0538177490234375
-0.00165891647338867 0.00421476364135742 -0.00157546997070313 -0.0434532165527344
-0.00281286239624024 0.00387430191040039 -0.002227783203125 -0.0371208190917969
-0.0038609504699707 -0.000162839889526368 0.00233078002929688 -0.0316219329833984
-0.000742435455322266 -0.00591373443603516 0.00182151794433594 -0.0286312103271484
0.00811862945556641 -0.00774383544921875 0.00645065307617187 -0.0347137451171875
0.0159034729003906 0.00110244750976563 0.0176200866699219 -0.0421829223632813
0.0186767578125 0.0156059265136719 0.0241012573242188 -0.0590896606445312
0.0123138427734375 0.0258808135986328 0.0351448059082031 -0.0654640197753906
-0.0024871826171875 0.0401039123535156 0.0541152954101563 -0.0427284240722656
0.00951385498046875 0.0163784027099609 0.0100307464599609 -0.0176830291748047
0.00987720489501953 0.00957107543945313 0.0151195526123047 0.0209617614746094
0.00997447967529297 0.00280570983886719 0.0430526733398438 0.008392333984375
0.010650634765625 -0.0010833740234375 0.0443038940429688 -0.0210762023925781
0.00594902038574219 -0.00791120529174805 0.0259590148925781 -0.0469512939453125
0.000118255615234374 -0.0148372650146484 0.0028533935546875 -0.0522651672363281
0.00257682800292969 -0.0147371292114258 -0.00304031372070313 -0.0392074584960938
0.00150394439697266 -0.017186164855957 -0.004180908203125 -0.0343856811523437
0.00758266448974609 -0.0162220001220703 -0.00238609313964844 -0.0292472839355469
0.019073486328125 -0.0117149353027344 -0.00307083129882812 -0.0259437561035156
0.027679443359375 0.00155448913574219 0.003631591796875 -0.0338497161865234
0.0223789215087891 0.0270729064941406 0.0134620666503906 -0.0393180847167969
0.0127143859863281 0.0419845581054687 0.0204238891601563 -0.0528488159179688
-0.00699234008789062 0.0500831604003906 0.0311813354492188 -0.0553054809570313
-0.0221290588378906 0.0594215393066406 0.0523643493652344 -0.0262031555175781
0.00218963623046875 0.0413322448730469 0.0114049911499023 -0.00605487823486328
0.0194168090820313 0.035552978515625 0.0147304534912109 0.0288238525390625
0.0299396514892578 0.0127944946289063 0.0436744689941406 0.0148963928222656
0.0300235748291016 -0.00491142272949219 0.0452079772949219 -0.0142784118652344
0.0166358947753906 -0.0233516693115234 0.0262298583984375 -0.0415763854980469
0.00382423400878906 -0.0325794219970703 0.0027313232421875 -0.0443382263183594
0.00706291198730468 -0.0308704376220703 -0.00502967834472656 -0.0291328430175781
0.00420379638671875 -0.0356178283691406 -0.00664901733398438 -0.0244274139404297
0.0154304504394531 -0.0313968658447266 -0.00855827331542969 -0.0211906433105469
0.0343093872070313 -0.0197544097900391 -0.00988578796386718 -0.0193271636962891
0.044647216796875 0.00430679321289062 -0.00302886962890625 -0.0305347442626953
0.0309562683105469 0.0447502136230469 0.0074920654296875 -0.0356674194335938
0.01104736328125 0.061004638671875 0.0160369873046875 -0.042449951171875
-0.0219535827636719 0.06695556640625 0.02142333984375 -0.0389862060546875
-0.0393447875976562 0.0689506530761719 0.0418586730957031 -0.00535964965820312
-0.0102729797363281 0.0602989196777344 0.00742816925048828 0.0102386474609375
0.0229835510253906 0.0596656799316406 0.0112380981445313 0.0377883911132813
0.0459403991699219 0.024688720703125 0.0396003723144531 0.0230560302734375
0.0463790893554688 -0.00443267822265625 0.041778564453125 -0.00436782836914063
0.0271167755126953 -0.0345878601074219 0.0238819122314453 -0.0310783386230469
0.00773239135742188 -0.0452156066894531 0.0020904541015625 -0.0308742523193359
0.0102195739746094 -0.0423774719238281 -0.0056924819946289 -0.0149936676025391
0.00574874877929688 -0.0485496520996094 -0.0080718994140625 -0.0104389190673828
0.0194053649902344 -0.0425262451171875 -0.0146522521972656 -0.00809764862060547
0.0433425903320313 -0.0271797180175781 -0.0163450241088867 -0.00936698913574219
0.0549201965332031 0.00347137451171875 -0.0101528167724609 -0.0242404937744141
0.037353515625 0.0535697937011719 0.00137901306152344 -0.0303382873535156
0.00960540771484376 0.0716018676757813 0.0129718780517578 -0.0288314819335937
-0.0317535400390625 0.0742263793945313 0.00912189483642578 -0.0175065994262695
-0.0503387451171875 0.0664482116699219 0.0242652893066406 0.01824951171875
-0.0219573974609375 0.0680923461914063 -0.000862121582031248 0.0285110473632813
0.0192794799804688 0.0742111206054688 0.00469970703125 0.0450630187988281
0.0526084899902344 0.0349502563476563 0.0306434631347656 0.0307350158691406
0.0560493469238281 -0.002166748046875 0.0329704284667969 0.00673484802246094
0.0334587097167969 -0.0394973754882812 0.018096923828125 -0.0165729522705078
0.0103187561035156 -0.050811767578125 0.00106334686279297 -0.0132570266723633
0.0117263793945313 -0.0478668212890625 -0.00599861145019531 0.00179338455200195
0.0057525634765625 -0.0537643432617188 -0.00838947296142578 0.00598478317260742
0.0195732116699219 -0.0475730895996094 -0.01824951171875 0.00723457336425781
0.0456085205078125 -0.0312347412109375 -0.0218601226806641 0.00226211547851562
0.057220458984375 0.002105712890625 -0.0167970657348633 -0.0167217254638672
0.0378952026367188 0.0557212829589844 -0.002960205078125 -0.0246315002441406
0.00640106201171874 0.0723419189453125 0.0116443634033203 -0.0137977600097656
-0.0381698608398438 0.0714950561523438 -0.00400018692016602 0.00421881675720215
-0.0525054931640625 0.052581787109375 0.00515365600585937 0.0403556823730469
-0.0305671691894531 0.0618782043457031 -0.0100669860839844 0.0445976257324219
0.00960540771484375 0.0743942260742188 -0.00294113159179687 0.0477180480957031
0.0477790832519531 0.0393524169921875 0.0173721313476563 0.0352554321289063
0.0543861389160156 0.0016632080078125 0.0206565856933594 0.0164165496826172
0.0341033935546875 -0.0370597839355469 0.0111484527587891 -0.000663757324218752
0.0113258361816406 -0.0484046936035156 0.000261783599853517 0.00542736053466797
0.0113296508789063 -0.0453910827636719 -0.00488853454589844 0.0178794860839844
0.00519943237304688 -0.0516319274902344 -0.00782203674316406 0.0221443176269531
0.01812744140625 -0.0456390380859375 -0.0211582183837891 0.0212326049804687
0.0429306030273438 -0.0297737121582031 -0.0257453918457031 0.0123252868652344
0.0525093078613281 0.002655029296875 -0.0214729309082031 -0.00906753540039063
0.0320663452148438 0.0529823303222656 -0.00642967224121093 -0.0183544158935547
-0.000587463378906256 0.0651321411132813 0.00915813446044922 -0.000476837158203121
-0.0413017272949219 0.0592918395996094 -0.0180339813232422 0.0242424011230469
-0.0435981750488281 0.0292282104492187 -0.0143089294433594 0.0567665100097656
-0.0305290222167969 0.0427398681640625 -0.019683837890625 0.0565643310546875
-0.000164031982421873 0.0573310852050781 -0.00856781005859375 0.046661376953125
0.0341453552246094 0.0340766906738281 0.00581741333007813 0.0360488891601563
0.0416526794433594 0.00398635864257813 0.00832557678222656 0.0220108032226563
0.0271358489990234 -0.0283832550048828 0.00333118438720703 0.0135307312011719
0.0096282958984375 -0.0377044677734375 4.57763671875013E-05 0.0224056243896484
0.00916290283203125 -0.03607177734375 -0.00258827209472656 0.031829833984375
0.00530242919921875 -0.0417823791503906 -0.0064239501953125 0.0362510681152344
0.0146141052246094 -0.0371742248535156 -0.0224418640136719 0.0337486267089844
0.0360641479492187 -0.0232315063476563 -0.0290660858154297 0.0210075378417969
0.0424041748046875 0.00415420532226563 -0.0264530181884766 -0.00341224670410156
0.02099609375 0.0453109741210938 -0.00931930541992187 -0.0145225524902344
-0.00816726684570313 0.0505561828613281 0.00657558441162109 0.0105800628662109
-0.040252685546875 0.0389671325683594 -0.0318603515625 0.0393180847167969
-0.0278472900390625 0.000637054443359371 -0.0259284973144531 0.0642547607421875
-0.0250453948974609 0.016448974609375 -0.024139404296875 0.0611228942871094
-0.00838470458984375 0.0302467346191406 -0.0114250183105469 0.0425872802734375
0.0151290893554687 0.0208950042724609 -0.00249481201171875 0.0351219177246094
0.0217952728271484 0.00440788269042969 -0.000495910644531249 0.0251045227050781
0.015864372253418 -0.0154628753662109 -0.000905990600585939 0.0241317749023438
0.00620651245117188 -0.0213623046875 0.000150680541992184 0.0337886810302734
0.00579452514648438 -0.0216732025146484 -0.000766754150390624 0.0401191711425781
0.00377845764160156 -0.0261173248291016 -0.00626373291015625 0.0461502075195313
0.0100517272949219 -0.023773193359375 -0.0239143371582031 0.0419731140136719
0.0247840881347656 -0.0152111053466797 -0.0325279235839844 0.0258827209472656
0.0285205841064453 0.00509452819824219 -0.0311508178710937 -0.000381469726562499
0.00966644287109375 0.0326175689697266 -0.0130329132080078 -0.012578010559082
-0.0145092010498047 0.0308685302734375 0.00124073028564453 0.0172719955444336
-0.0336418151855469 0.0140495300292969 -0.0447502136230469 0.0466690063476563
0.0152730941772461 0.0141696929931641 0.04754638671875 -0.0517768859863281
0.0124979019165039 -0.00891685485839844 0.00456428527832032 -0.0215244293212891
-0.00260734558105469 -0.0124654769897461 0.0138864517211914 0.0164594650268555
-0.0102081298828125 -0.00324153900146484 0.0397834777832031 0.00490951538085937
-0.00762796401977539 0.00419092178344727 0.0400657653808594 -0.0237007141113281
-0.00267314910888672 0.00883007049560547 0.0239486694335937 -0.0467338562011719
-0.00186586380004883 0.00533056259155273 0.001953125 -0.0534896850585938
-0.00133681297302246 0.00378131866455078 -0.0020904541015625 -0.0435676574707031
-0.00249958038330078 0.00332260131835937 -0.00258255004882813 -0.0375328063964844
-0.0036623477935791 -0.000399827957153321 0.00169563293457031 -0.0317649841308594
-0.000907421112060547 -0.00560522079467773 0.0013885498046875 -0.0288314819335937
0.00779485702514648 -0.00739479064941406 0.00624465942382813 -0.0350246429443359
0.0157585144042969 0.000927925109863281 0.0169754028320313 -0.0416603088378906
0.0187625885009766 0.0153541564941406 0.0231437683105469 -0.0590362548828125
0.0120677947998047 0.0255699157714844 0.0341758728027344 -0.0659828186035156
-0.00156402587890625 0.0399932861328125 0.0530052185058594 -0.0432014465332031
0.00976085662841797 0.0160923004150391 0.00891208648681641 -0.0174837112426758
0.0102910995483398 0.00927829742431641 0.0152702331542969 0.0212898254394531
0.00979232788085938 0.00276756286621094 0.0435638427734375 0.00789260864257813
0.0104293823242188 -0.00154304504394531 0.0437507629394531 -0.0213813781738281
0.00592660903930664 -0.00805139541625977 0.025360107421875 -0.0469169616699219
-0.000384330749511719 -0.0148687362670898 0.00185394287109375 -0.0519256591796875
0.00249576568603516 -0.0145978927612305 -0.00394821166992188 -0.039306640625
0.00126171112060547 -0.0173549652099609 -0.004608154296875 -0.0341567993164063
0.00745391845703125 -0.0164594650268555 -0.00300979614257813 -0.0294895172119141
0.0186367034912109 -0.0118770599365234 -0.00309181213378906 -0.0266876220703125
0.0278091430664062 0.00122261047363281 0.00307083129882813 -0.0340518951416016
0.0226840972900391 0.02685546875 0.0131378173828125 -0.0393409729003906
0.0132637023925781 0.041656494140625 0.0196533203125 -0.0531959533691406
-0.0065460205078125 0.0499992370605469 0.0307502746582031 -0.0562896728515625
-0.0210990905761719 0.0599632263183594 0.0514144897460938 -0.0272064208984375
0.00185394287109375 0.0414543151855469 0.0101556777954102 -0.00610923767089844
0.0204753875732422 0.0351371765136719 0.0148239135742188 0.0294551849365234
0.0300617218017578 0.0121574401855469 0.0435562133789063 0.0145530700683594
0.0301170349121094 -0.00602912902832031 0.0451316833496094 -0.0146903991699219
0.0160293579101563 -0.0235767364501953 0.0256423950195312 -0.04150390625
0.00297355651855468 -0.0324764251708984 0.00190353393554688 -0.0441932678222656
0.00649070739746093 -0.0310726165771484 -0.00486564636230469 -0.0292472839355469
0.0036163330078125 -0.0353775024414063 -0.00701904296875 -0.0242176055908203
0.0150260925292969 -0.0316982269287109 -0.0091552734375 -0.0208358764648438
0.0338115692138672 -0.0201873779296875 -0.0101337432861328 -0.0193939208984375
0.0444068908691406 0.00357818603515625 -0.00332450866699219 -0.0309772491455078
0.0316200256347656 0.0443382263183594 0.00692367553710938 -0.0358467102050781
0.0116424560546875 0.0606346130371094 0.0152702331542969 -0.0430412292480469
-0.0209579467773437 0.0674629211425781 0.0208816528320313 -0.0396080017089844
-0.0383720397949219 0.0695075988769531 0.0413055419921875 -0.00667953491210937
-0.0102043151855469 0.0603103637695312 0.00639247894287109 0.0099334716796875
0.024200439453125 0.059295654296875 0.0113716125488281 0.0384712219238281
0.0463371276855469 0.0241928100585938 0.0396614074707031 0.0228958129882813
0.0469779968261719 -0.00572586059570313 0.0415878295898438 -0.00442123413085938
0.0258903503417969 -0.0348548889160156 0.0232276916503906 -0.0308303833007813
0.0068206787109375 -0.0450515747070313 0.00187492370605469 -0.0302848815917969
0.0094757080078125 -0.0430870056152344 -0.0056924819946289 -0.0145978927612305
0.00460052490234375 -0.0483055114746094 -0.00825405120849609 -0.00997543334960938
0.0182991027832031 -0.0423126220703125 -0.0148849487304688 -0.00757408142089844
0.0424156188964844 -0.0276832580566406 -0.0167446136474609 -0.00916576385498047
0.054473876953125 0.00265884399414063 -0.0107612609863281 -0.0243148803710938
0.0384521484375 0.0531234741210938 0.00112342834472657 -0.0309658050537109
0.0103836059570312 0.07098388671875 0.0126552581787109 -0.0292148590087891
-0.0311050415039062 0.0750198364257813 0.00916671752929687 -0.0184535980224609
-0.049652099609375 0.0675582885742187 0.0239830017089844 0.0178604125976563
-0.0215263366699219 0.0685882568359375 -0.00117874145507813 0.0282955169677734
0.0208206176757813 0.07452392578125 0.00499343872070312 0.0457534790039063
0.0529670715332031 0.03448486328125 0.0302352905273438 0.0305080413818359
0.0560302734375 -0.00316619873046875 0.0329494476318359 0.00639915466308594
0.0322761535644531 -0.0395050048828125 0.0174798965454102 -0.0164089202880859
0.00883865356445312 -0.050811767578125 0.000900268554687499 -0.0128297805786133
0.0104789733886719 -0.0480003356933594 -0.005401611328125 0.00217819213867187
0.00449752807617188 -0.0537300109863281 -0.00816488265991211 0.00650548934936523
0.0180702209472656 -0.0473365783691406 -0.0180854797363281 0.00753402709960937
0.0446662902832031 -0.0319404602050781 -0.0219001770019531 0.00253868103027343
0.0570602416992188 0.00133514404296875 -0.0171575546264648 -0.0165472030639648
0.03875732421875 0.0551567077636719 -0.00341606140136718 -0.0251350402832031
0.0073699951171875 0.0715103149414063 0.0115556716918945 -0.0147371292114258
-0.0374755859375 0.0719223022460938 -0.00423359870910645 0.00406360626220704
-0.051483154296875 0.0534934997558594 0.00534820556640624 0.0400276184082031
-0.0304222106933594 0.0623283386230469 -0.0103225708007813 0.0443305969238281
0.0111923217773438 0.0743408203125 -0.00245285034179687 0.0480804443359375
0.0482521057128906 0.0382957458496094 0.017822265625 0.0353507995605469
0.0546875 0.00106048583984375 0.0207366943359375 0.0160541534423828
0.0329742431640625 -0.0372390747070313 0.0103960037231445 -0.000605583190917971
0.00941085815429687 -0.0483283996582031 0.000524997711181641 0.00581645965576172
0.0101203918457031 -0.0454673767089844 -0.00403022766113281 0.0181121826171875
0.00397872924804687 -0.0516815185546875 -0.007659912109375 0.02264404296875
0.0164718627929688 -0.0451545715332031 -0.0207195281982422 0.0219631195068359
0.0420379638671875 -0.0299034118652344 -0.0251960754394531 0.0126609802246094
0.0520744323730469 0.0015411376953125 -0.0216770172119141 -0.00919723510742188
0.0328788757324219 0.0521202087402344 -0.00654792785644531 -0.0187911987304688
0.000228881835937505 0.0649032592773438 0.00934600830078125 -0.000982284545898434
-0.0404014587402344 0.0600204467773438 -0.0175838470458984 0.0241222381591797
-0.0432853698730469 0.0301780700683594 -0.0141410827636719 0.0568695068359375
-0.0302963256835938 0.043304443359375 -0.0193367004394531 0.056182861328125
0.000835418701171876 0.05743408203125 -0.00841522216796875 0.0468063354492188
0.0343894958496094 0.0330963134765625 0.00611114501953126 0.0362205505371094
0.0422248840332031 0.00300979614257812 0.00811958312988281 0.0222549438476563
0.02685546875 -0.0284214019775391 0.00285911560058594 0.0138044357299805
0.00775146484375 -0.0378608703613281 0.000659942626953125 0.022796630859375
0.00839996337890625 -0.0363349914550781 -0.00211143493652343 0.0316028594970703
0.00342941284179688 -0.0413742065429688 -0.00616836547851562 0.0367050170898438
0.0136947631835938 -0.0366668701171875 -0.0223026275634766 0.0341339111328125
0.0349597930908203 -0.0240993499755859 -0.0287532806396484 0.0213108062744141
0.0423049926757812 0.003662109375 -0.0268383026123047 -0.00328826904296875
0.02191162109375 0.0446128845214844 -0.00965499877929687 -0.0149469375610352
-0.007598876953125 0.0504531860351563 0.00681209564208984 0.01025390625
-0.0394859313964844 0.0397148132324219 -0.0308647155761719 0.03924560546875
-0.0277652740478516 0.000804901123046872 -0.0255393981933594 0.0652046203613281
-0.0245990753173828 0.0167064666748047 -0.0235328674316406 0.0610542297363281
-0.0074005126953125 0.0305728912353516 -0.0111732482910156 0.04296875
0.0151634216308594 0.0207080841064453 -0.00212860107421875 0.0353965759277344
0.0219020843505859 0.00364875793457031 1.90734863281354E-06 0.0253887176513672
0.0149946212768555 -0.0153579711914063 -0.000795364379882811 0.0240821838378906
0.00535392761230469 -0.0214481353759766 0.00119972229003907 0.0339832305908203
0.00517845153808594 -0.0216655731201172 -8.77380371093715E-05 0.0406379699707031
0.00286293029785156 -0.0258598327636719 -0.00568771362304688 0.0465621948242188
0.00931739807128906 -0.0238285064697266 -0.0235366821289063 0.0421905517578125
0.0246963500976563 -0.0158214569091797 -0.0323467254638672 0.0259132385253906
0.0282135009765625 0.00428199768066406 -0.0310783386230469 0.000362396240234375
0.0102367401123047 0.0322666168212891 -0.0129375457763672 -0.0129156112670898
-0.0142383575439453 0.0310611724853516 0.00176048278808594 0.0162630081176758
-0.0326728820800781 0.0140838623046875 -0.0436477661132813 0.0469245910644531
0.0156822204589844 0.0144186019897461 0.0477714538574219 -0.05279541015625
0.0126142501831055 -0.00905990600585938 0.00381278991699219 -0.0215625762939453
-0.00288009643554687 -0.0125932693481445 0.0141410827636719 0.0171518325805664
-0.0101242065429687 -0.00337886810302734 0.0406150817871094 0.00498199462890625
-0.00791072845458984 0.00458383560180664 0.040771484375 -0.0237808227539063
-0.00294589996337891 0.00887012481689453 0.0243492126464844 -0.0477561950683594
-0.00154733657836914 0.0058441162109375 0.00195693969726563 -0.0546112060546875
-0.00139999389648438 0.00390887260437012 -0.0024566650390625 -0.0446052551269531
-0.0021054744720459 0.00330829620361328 -0.00275039672851562 -0.0382575988769531
-0.00322103500366211 5.483627319336E-05 0.00182151794433593 -0.0326862335205078
-0.00116300582885742 -0.00551319122314453 0.00151443481445312 -0.0299339294433594
0.00785160064697266 -0.00819110870361328 0.0064239501953125 -0.0361557006835938
0.0160980224609375 0.000851631164550781 0.0174903869628906 -0.0421028137207031
0.0189571380615234 0.0156059265136719 0.023651123046875 -0.0599517822265625
0.0123462677001953 0.0257797241210938 0.0350494384765625 -0.0678367614746094
-0.00168609619140625 0.0411605834960938 0.0536117553710938 -0.0443038940429688
0.00983428955078125 0.016657829284668 0.00838661193847656 -0.0171909332275391
0.0106945037841797 0.00969219207763672 0.0156917572021484 0.0223579406738281
0.00979232788085938 0.00254344940185547 0.0439414978027344 0.0085906982421875
0.0106983184814453 -0.00187397003173828 0.0447463989257813 -0.0211563110351563
0.00556659698486328 -0.00793361663818359 0.0255317687988281 -0.0476531982421875
-0.000518798828125 -0.0146760940551758 0.0017852783203125 -0.0528984069824219
0.00274658203125 -0.015009880065918 -0.003631591796875 -0.0402793884277344
0.00113677978515625 -0.0176544189453125 -0.00502586364746094 -0.0350914001464844
0.00767230987548828 -0.0164852142333984 -0.00327682495117187 -0.0300426483154297
0.0192794799804688 -0.0120429992675781 -0.00312423706054687 -0.0272140502929688
0.0285320281982422 0.00126838684082031 0.00319671630859375 -0.0355644226074219
0.0230579376220703 0.0271205902099609 0.0133171081542969 -0.0401992797851563
0.0132789611816406 0.0420494079589844 0.020416259765625 -0.0544776916503906
-0.00661849975585938 0.0511894226074219 0.0313491821289063 -0.058135986328125
-0.0212554931640625 0.0612983703613281 0.0519981384277344 -0.027801513671875
0.00152587890625 0.0424880981445313 0.00949192047119141 -0.00626754760742187
0.0212974548339844 0.0363349914550781 0.0152606964111328 0.0301380157470703
0.0304908752441406 0.0122146606445313 0.0445480346679688 0.0153465270996094
0.0308036804199219 -0.0060577392578125 0.0462112426757813 -0.0147895812988281
0.0161380767822266 -0.02392578125 0.0259284973144531 -0.0421791076660156
0.00281715393066406 -0.0324554443359375 0.00152206420898438 -0.044952392578125
0.00625419616699219 -0.0317726135253906 -0.00475502014160156 -0.0296306610107422
0.00319290161132812 -0.0358657836914063 -0.0073699951171875 -0.0249557495117188
0.0151004791259766 -0.0318279266357422 -0.00923347473144531 -0.0213031768798828
0.0341320037841797 -0.0207290649414063 -0.0104732513427734 -0.020172119140625
0.0455970764160156 0.003631591796875 -0.0036468505859375 -0.0318984985351563
0.0325546264648438 0.0449714660644531 0.00685501098632813 -0.0370025634765625
0.0119819641113281 0.0618095397949219 0.0153694152832031 -0.0439262390136719
-0.0213546752929687 0.0691871643066406 0.0215225219726562 -0.0412940979003906
-0.0394134521484375 0.0713729858398438 0.041351318359375 -0.00633621215820312
-0.0105247497558594 0.0619087219238281 0.00576305389404297 0.0096435546875
0.0251312255859375 0.0608863830566406 0.0119209289550781 0.0400390625
0.0471687316894531 0.0243759155273438 0.0404205322265625 0.0239753723144531
0.0477638244628906 -0.00617218017578125 0.0426368713378906 -0.00434494018554688
0.0258026123046875 -0.0354194641113281 0.0234375 -0.0313625335693359
0.00607299804687499 -0.0454940795898438 0.0013427734375 -0.0307559967041016
0.00954437255859375 -0.0442581176757813 -0.00557136535644531 -0.0143957138061523
0.00407409667968751 -0.0490646362304688 -0.00838088989257813 -0.0101585388183594
0.018218994140625 -0.043060302734375 -0.0151510238647461 -0.00760173797607422
0.0431480407714844 -0.0286903381347656 -0.0171117782592773 -0.00934028625488282
0.0560226440429687 0.00267410278320312 -0.0110149383544922 -0.0252761840820313
0.0392570495605469 0.0540084838867188 0.000829696655273443 -0.0319137573242188
0.010711669921875 0.0719451904296875 0.0126171112060547 -0.0302276611328125
-0.0318222045898438 0.0766983032226562 0.00891876220703125 -0.0192909240722656
-0.0509567260742187 0.0689697265625 0.0239181518554687 0.0180854797363281
-0.0228195190429688 0.0701751708984375 -0.001953125 0.0283222198486328
0.0214996337890625 0.0762252807617188 0.00516128540039063 0.0469589233398438
0.0540695190429688 0.0347633361816406 0.0309505462646484 0.0311870574951172
0.0574226379394531 -0.00389862060546875 0.0338230133056641 0.00679206848144531
0.0327377319335938 -0.0398788452148438 0.0178756713867188 -0.0161666870117188
0.00826644897460937 -0.0512542724609375 0.000741004943847656 -0.0124750137329102
0.0101394653320312 -0.0488052368164063 -0.00486946105957031 0.00253534317016601
0.00409698486328125 -0.0546073913574219 -0.00875329971313476 0.00718069076538086
0.0179786682128906 -0.0476799011230469 -0.0189228057861328 0.00791358947753906
0.045196533203125 -0.0326347351074219 -0.0220413208007812 0.0026397705078125
0.058197021484375 0.00102615356445313 -0.0176830291748047 -0.0173530578613281
0.0396690368652344 0.0560302734375 -0.00315666198730469 -0.0259628295898437
0.0073089599609375 0.072845458984375 0.0114898681640625 -0.0151510238647461
-0.0381317138671875 0.0738143920898438 -0.00461864471435547 0.00335025787353516
-0.0525970458984375 0.055023193359375 0.0045928955078125 0.0407218933105469
-0.0309867858886719 0.0635528564453125 -0.0112266540527344 0.0448150634765625
0.0122451782226562 0.075927734375 -0.00258636474609374 0.0498161315917969
0.0490036010742188 0.0389518737792969 0.017822265625 0.0360984802246094
0.0560302734375 1.1444091796875E-05 0.0209846496582031 0.0166301727294922
0.0331916809082031 -0.0374412536621094 0.0102806091308594 -0.000332832336425783
0.0087432861328125 -0.0488548278808594 0.000486373901367189 0.00607538223266601
0.0100212097167969 -0.046875 -0.00384902954101562 0.01873779296875
0.00325393676757812 -0.0522079467773438 -0.00779533386230469 0.0232391357421875
0.0160865783691406 -0.0455551147460938 -0.0214271545410156 0.0222663879394531
0.0423126220703125 -0.031219482421875 -0.0257339477539062 0.0130405426025391
0.0532341003417969 0.00167465209960938 -0.0222702026367187 -0.00947761535644532
0.0333137512207031 0.0530548095703125 -0.0074005126953125 -0.0197067260742187
0.000141143798828124 0.06549072265625 0.00976943969726563 -0.001800537109375
-0.0406074523925781 0.0614356994628906 -0.0181903839111328 0.0238761901855469
-0.0441970825195313 0.030853271484375 -0.0147476196289063 0.0578498840332031
-0.0310554504394531 0.0442008972167969 -0.0204620361328125 0.0572395324707031
0.00135421752929687 0.0588836669921875 -0.0084686279296875 0.0481414794921875
0.0349617004394531 0.0333919525146484 0.006317138671875 0.0370597839355469
0.042694091796875 0.00331878662109375 0.00824928283691407 0.0231800079345703
0.0268287658691406 -0.0291862487792969 0.00258064270019531 0.0141620635986328
0.00766754150390625 -0.0382003784179687 0.000234603881835936 0.0232124328613281
0.00800704956054688 -0.0372581481933594 -0.00162506103515625 0.0324897766113281
0.00293350219726563 -0.0421371459960938 -0.00611495971679687 0.0375862121582031
0.0131988525390625 -0.0367889404296875 -0.0226612091064453 0.0348854064941406
0.0354652404785156 -0.0248756408691406 -0.0291347503662109 0.0212898254394531
0.04296875 0.003692626953125 -0.0274715423583984 -0.00350952148437499
0.022430419921875 0.0455360412597656 -0.00971412658691406 -0.0158872604370117
-0.00799179077148437 0.0507774353027344 0.00721073150634766 0.0097951889038086
-0.0399589538574219 0.0406379699707031 -0.0313835144042969 0.0398025512695312
-0.0283699035644531 0.0014190673828125 -0.0264739990234375 0.066558837890625
-0.0251960754394531 0.0172004699707031 -0.02471923828125 0.0620231628417969
-0.00771713256835938 0.0311374664306641 -0.0110855102539063 0.0435791015625
0.0155811309814453 0.0205764770507813 -0.00196456909179687 0.0362129211425781
0.0224227905273438 0.00358963012695313 -0.000331878662109372 0.0263595581054688
0.0154991149902344 -0.01507568359375 -0.00128173828125 0.0246200561523438
0.00471305847167969 -0.0216445922851563 0.00131607055664063 0.0346450805664063
0.00481986999511719 -0.0222892761230469 0.000438690185546875 0.0415420532226563
0.0026702880859375 -0.0265903472900391 -0.00553131103515625 0.047454833984375
0.00900459289550781 -0.0243911743164063 -0.0242500305175781 0.0434455871582031
0.0251064300537109 -0.0160083770751953 -0.0327568054199219 0.0264739990234375
0.0290718078613281 0.0042877197265625 -0.0316638946533203 0.000307083129882817
0.0101947784423828 0.0331668853759766 -0.0133142471313477 -0.0135202407836914
-0.0145454406738281 0.0313892364501953 0.00220489501953125 0.0164394378662109
-0.0334358215332031 0.0148296356201172 -0.0437507629394531 0.0474586486816406
0.016230583190918 0.0148439407348633 0.0485954284667969 -0.0554313659667969
0.0126972198486328 -0.00937461853027344 0.00340461730957031 -0.0217990875244141
-0.00287246704101562 -0.012721061706543 0.0149555206298828 0.017791748046875
-0.0107269287109375 -0.00304794311523437 0.0426216125488281 0.00487899780273438
-0.00839519500732422 0.00483846664428711 0.0419998168945312 -0.0247039794921875
-0.00278854370117188 0.00959014892578125 0.0248870849609375 -0.0495948791503906
-0.00146627426147461 0.00583219528198242 0.00134658813476563 -0.056976318359375
-0.00124239921569824 0.00381851196289062 -0.0030670166015625 -0.0467758178710938
-0.00248098373413086 0.00301432609558106 -0.00312423706054688 -0.0401496887207031
-0.00301384925842285 -0.000334501266479492 0.00160026550292969 -0.0343532562255859
-0.000945568084716797 -0.00549602508544922 0.000888824462890626 -0.0315570831298828
0.00821495056152344 -0.00832223892211914 0.0062255859375 -0.0383758544921875
0.0165729522705078 0.000903129577636719 0.0177879333496094 -0.0440292358398438
0.0198707580566406 0.015869140625 0.0238304138183594 -0.0628509521484375
0.0129547119140625 0.0270843505859375 0.0359420776367188 -0.0714950561523438
-0.001434326171875 0.043121337890625 0.054901123046875 -0.047027587890625
0.00982093811035156 0.0177116394042969 0.00809478759765625 -0.0175361633300781
0.0114755630493164 0.0105705261230469 0.0169239044189453 0.0235195159912109
0.010441780090332 0.00252819061279297 0.045928955078125 0.0084075927734375
0.0106277465820313 -0.00268173217773438 0.0465164184570313 -0.022552490234375
0.00580596923828125 -0.00850725173950195 0.0265922546386719 -0.0494422912597656
-0.000411033630371093 -0.0148048400878906 0.000732421874999995 -0.0552558898925781
0.00276565551757813 -0.0159997940063477 -0.00419998168945312 -0.042083740234375
0.000833511352539061 -0.0182571411132813 -0.00553131103515625 -0.0366477966308594
0.00799655914306641 -0.0172033309936523 -0.0035247802734375 -0.0310764312744141
0.0198993682861328 -0.0122394561767578 -0.00374603271484375 -0.0283966064453125
0.0296688079833984 0.00100326538085938 0.00291824340820312 -0.0374946594238281
0.0245170593261719 0.0280933380126953 0.0132293701171875 -0.0419921875
0.0141258239746094 0.0434761047363281 0.0200691223144531 -0.0569839477539063
-0.0063323974609375 0.0536231994628906 0.0318641662597656 -0.0614814758300781
-0.0215301513671875 0.0647964477539063 0.0529670715332031 -0.0295791625976562
0.00183868408203125 0.0444526672363281 0.00926971435546875 -0.00640010833740234
0.0228424072265625 0.037628173828125 0.0166053771972656 0.03240966796875
0.0323066711425781 0.0126304626464844 0.0464820861816406 0.0155105590820313
0.0320453643798828 -0.00709915161132813 0.0480918884277344 -0.015289306640625
0.0160694122314453 -0.0248985290527344 0.0263328552246094 -0.0439567565917969
0.00172042846679688 -0.0335807800292969 0.00121307373046875 -0.0463714599609375
0.00609016418457031 -0.0332908630371094 -0.0050811767578125 -0.0306663513183594
0.00262832641601563 -0.0377655029296875 -0.00771903991699219 -0.0261592864990234
0.0153465270996094 -0.0328559875488281 -0.0102863311767578 -0.0219993591308594
0.0352249145507813 -0.0217857360839844 -0.0111217498779297 -0.0211734771728516
0.0479583740234375 0.00341796875 -0.00406646728515625 -0.0338630676269531
0.0347442626953125 0.046722412109375 0.00664901733398437 -0.0388908386230469
0.0129165649414063 0.0637397766113281 0.0154266357421875 -0.0463066101074219
-0.0219497680664062 0.0726776123046875 0.0219306945800781 -0.0439643859863281
-0.0396804809570313 0.0750961303710938 0.0420417785644531 -0.00763320922851562
-0.0110435485839844 0.0649147033691406 0.00521755218505859 0.0103673934936523
0.027923583984375 0.0635757446289063 0.0128593444824219 0.0418930053710938
0.0493354797363281 0.0248870849609375 0.0422401428222656 0.0245513916015625
0.0501022338867188 -0.00774383544921875 0.0447540283203125 -0.00476455688476563
0.0262603759765625 -0.0369300842285156 0.0239734649658203 -0.0325050354003906
0.004913330078125 -0.0470161437988281 0.00101089477539063 -0.0315265655517578
0.00930404663085937 -0.0460472106933594 -0.00516128540039063 -0.0149412155151367
0.0034027099609375 -0.0508804321289062 -0.00933361053466797 -0.0101480484008789
0.0183143615722656 -0.0447731018066406 -0.0159873962402344 -0.00767803192138672
0.0440902709960938 -0.0306625366210938 -0.0181598663330078 -0.0100784301757813
0.0583152770996094 0.0019989013671875 -0.0122261047363281 -0.0271224975585938
0.0416717529296875 0.0561294555664063 0.000232696533203124 -0.0333938598632813
0.0115432739257813 0.0747222900390625 0.0127334594726562 -0.0317821502685547
-0.0321884155273438 0.08062744140625 0.00909996032714844 -0.0207099914550781
-0.052032470703125 0.0730209350585938 0.024658203125 0.0183010101318359
-0.0236434936523438 0.0733108520507813 -0.00267982482910156 0.0294628143310547
0.0240325927734375 0.0794601440429688 0.0060882568359375 0.0497474670410156
0.0573158264160156 0.0356025695800781 0.0327205657958984 0.0330009460449219
0.0602149963378906 -0.0048065185546875 0.0352554321289063 0.0067901611328125
0.0326156616210938 -0.0417594909667969 0.0179443359375 -0.0170459747314453
0.00692367553710937 -0.0533943176269531 0.00081348419189453 -0.012751579284668
0.00987243652343749 -0.0513229370117187 -0.00482988357543945 0.00272798538208008
0.0027618408203125 -0.0565834045410156 -0.00872945785522461 0.00746583938598633
0.0180435180664063 -0.0496673583984375 -0.019500732421875 0.00881195068359375
0.0463790893554688 -0.0351028442382813 -0.0229282379150391 0.00290107727050781
0.0610504150390625 0.00025177001953125 -0.0186710357666016 -0.0183620452880859
0.0420341491699219 0.0581626892089844 -0.00432586669921875 -0.0268707275390625
0.0083465576171875 0.0753021240234375 0.0116615295410156 -0.0164594650268555
-0.0393218994140625 0.0782623291015625 -0.00471830368041992 0.00324583053588868
-0.0538558959960938 0.0583610534667969 0.00448989868164063 0.0424118041992188
-0.0321807861328125 0.0667533874511719 -0.0120010375976563 0.0464668273925781
0.0143585205078125 0.0788955688476562 -0.002105712890625 0.0520858764648438
0.0519371032714844 0.0397415161132812 0.0192146301269531 0.0376548767089844
0.0587806701660156 -0.000728607177734375 0.0226402282714844 0.0171718597412109
0.0337333679199219 -0.0395736694335938 0.0106067657470703 4.76837158202883E-06
0.008056640625 -0.0503692626953125 0.000551700592041016 0.00645065307617187
0.00933456420898438 -0.0489921569824219 -0.00310325622558594 0.0201339721679687
0.00222396850585937 -0.0542678833007813 -0.00793075561523438 0.0249729156494141
0.0161361694335937 -0.0471992492675781 -0.0219154357910156 0.0239982604980469
0.0429153442382813 -0.0331764221191406 -0.0266971588134766 0.0135993957519531
0.055145263671875 0.000675201416015625 -0.0234222412109375 -0.0098876953125
0.0357513427734375 0.05499267578125 -0.00798797607421875 -0.0209732055664062
0.000736236572265629 0.0678024291992188 0.0100183486938477 -0.00213813781738281
-0.0418319702148438 0.0647354125976563 -0.0184879302978516 0.0251235961914062
-0.0456695556640625 0.0329666137695312 -0.0152435302734375 0.0604896545410156
-0.0322074890136719 0.0466842651367188 -0.0210762023925781 0.0590057373046875
0.002349853515625 0.0612602233886719 -0.00818252563476563 0.0499458312988281
0.0365219116210938 0.0343055725097656 0.00650405883789063 0.0383186340332031
0.0449562072753906 0.00184249877929688 0.0091400146484375 0.0242366790771484
0.0269012451171875 -0.0301742553710937 0.0030050277709961 0.0147361755371094
0.006500244140625 -0.0390815734863281 0.000801086425781253 0.0241260528564453
0.00716018676757813 -0.0391082763671875 -0.000459671020507813 0.0343189239501953
0.00252914428710938 -0.0441551208496094 -0.00595855712890625 0.0395736694335938
0.0131492614746094 -0.0386466979980469 -0.0228500366210938 0.0370826721191406
0.0361709594726563 -0.0266189575195313 -0.0300083160400391 0.0226974487304687
0.0447196960449219 0.00325775146484375 -0.0286045074462891 -0.0036468505859375
0.0240821838378906 0.0472984313964844 -0.0112066268920898 -0.0164613723754883
-0.00773239135742188 0.053131103515625 0.00757789611816406 0.00973606109619141
-0.0412139892578125 0.0431022644042969 -0.032379150390625 0.040985107421875
-0.0292396545410156 0.00206184387207031 -0.0267219543457031 0.0695953369140625
-0.0255699157714844 0.0183048248291016 -0.0245590209960938 0.0647850036621094
-0.00689506530761719 0.0321693420410156 -0.0110397338867188 0.045013427734375
0.0162696838378906 0.0208206176757813 -0.00197601318359375 0.0375251770019531
0.0236167907714844 0.00330543518066406 0.000265121459960942 0.0272998809814453
0.0156431198120117 -0.016291618347168 -0.00152778625488281 0.0256423950195313
0.0044097900390625 -0.022216796875 0.00210952758789063 0.036529541015625
0.00441932678222656 -0.0234317779541016 0.00123214721679688 0.0435714721679687
0.00220489501953125 -0.0276679992675781 -0.0053253173828125 0.050140380859375
0.00891494750976562 -0.0252037048339844 -0.0246620178222656 0.0456275939941406
0.0253486633300781 -0.0174999237060547 -0.0334415435791016 0.0273303985595703
0.0298118591308594 0.00450515747070312 -0.0333251953125 0.000244140625000005
0.0113372802734375 0.0347576141357422 -0.0146703720092773 -0.0146799087524414
-0.0148429870605469 0.0327396392822266 0.00207996368408203 0.0161991119384766
-0.0340366363525391 0.0155162811279297 -0.0449447631835937 0.0495414733886719
0.0176868438720703 0.0146331787109375 0.0487136840820312 -0.0595664978027344
0.0130195617675781 -0.00940322875976563 0.00250244140625 -0.0225505828857422
-0.00344562530517578 -0.0129327774047852 0.0162906646728516 0.0181884765625
-0.0116443634033203 -0.00284957885742187 0.0444145202636719 0.00348281860351563
-0.00887775421142578 0.00534915924072266 0.0435295104980469 -0.0274734497070313
-0.00242233276367188 0.00999832153320313 0.0247764587402344 -0.0525588989257812
-0.00101900100708008 0.00610828399658203 -0.00112533569335938 -0.0596923828125
-0.00087285041809082 0.00397062301635742 -0.00539779663085938 -0.0495834350585938
-0.00242352485656738 0.0029599666595459 -0.00555038452148438 -0.0429039001464844
-0.00298142433166504 -0.000141382217407226 0.000267028808593748 -0.0360031127929688
-0.000795841217041016 -0.00557184219360351 -0.000110626220703127 -0.0334510803222656
0.00811576843261719 -0.00924205780029297 0.00501251220703125 -0.0406837463378906
0.0176925659179688 0.000211715698242187 0.0172157287597656 -0.046722412109375
0.0209693908691406 0.0159549713134766 0.0229568481445312 -0.06640625
0.0143280029296875 0.0278129577636719 0.0349655151367188 -0.0768280029296875
0.000400543212890625 0.0455131530761719 0.0547523498535156 -0.0512847900390625
0.0110664367675781 0.0186767578125 0.00693702697753906 -0.0184326171875
0.0127344131469727 0.0108489990234375 0.0189590454101562 0.0245018005371094
0.0108547210693359 0.00211429595947266 0.0481452941894531 0.00738525390625
0.0112104415893555 -0.00313663482666016 0.0480728149414063 -0.0246391296386719
0.0056610107421875 -0.00897789001464844 0.0261039733886719 -0.0525436401367188
-0.000757217407226562 -0.0153741836547852 -0.00123977661132812 -0.0574417114257813
0.00205039978027344 -0.0168619155883789 -0.00613784790039063 -0.0441246032714844
-3.05175781249983E-05 -0.0197372436523438 -0.00774383544921875 -0.0384407043457031
0.00773239135742188 -0.0181941986083984 -0.00492286682128906 -0.0327415466308594
0.0201568603515625 -0.0137157440185547 -0.00513076782226563 -0.0301837921142578
0.0313606262207031 -0.000530242919921875 0.00144577026367188 -0.0398368835449219
0.0266151428222656 0.0283794403076172 0.0123100280761719 -0.0444259643554688
0.01611328125 0.0449447631835937 0.0187263488769531 -0.0602569580078125
-0.00497817993164063 0.0566520690917969 0.0308036804199219 -0.0663948059082031
-0.02008056640625 0.068939208984375 0.0532608032226563 -0.0330657958984375
0.003265380859375 0.0474929809570313 0.00835227966308594 -0.00694942474365234
0.0259437561035156 0.0388298034667969 0.0190639495849609 0.0334625244140625
0.0345478057861328 0.0116996765136719 0.0491905212402344 0.0152931213378906
0.0334014892578125 -0.00925064086914063 0.0499916076660156 -0.0178184509277344
0.0158329010009766 -0.0267162322998047 0.0260124206542969 -0.0464668273925781
0.000572204589843752 -0.0351238250732422 -0.000446319580078121 -0.0482978820800781
0.0050506591796875 -0.0353851318359375 -0.00616455078125 -0.0320339202880859
0.000816345214843746 -0.039520263671875 -0.00956535339355469 -0.0273075103759766
0.0146827697753906 -0.0349407196044922 -0.0115718841552734 -0.0224227905273438
0.0355186462402344 -0.0244369506835938 -0.0124473571777344 -0.0218048095703125
0.05029296875 0.00154495239257813 -0.00617599487304687 -0.0358505249023438
0.0382461547851562 0.0475921630859375 0.00539016723632813 -0.0407180786132813
0.0155601501464844 0.0665168762207031 0.0145263671875 -0.0494346618652344
-0.020050048828125 0.0772323608398438 0.0214195251464844 -0.048065185546875
-0.038726806640625 0.080535888671875 0.043121337890625 -0.00974273681640625
-0.00926971435546875 0.0689620971679688 0.00470352172851563 0.0106239318847656
0.0320053100585938 0.0657272338867187 0.0156898498535156 0.0440750122070313
0.0528335571289062 0.0244827270507813 0.0453834533691406 0.0243873596191406
0.0521469116210938 -0.0105781555175781 0.0464820861816406 -0.0066070556640625
0.0257530212402344 -0.0392570495605469 0.0233631134033203 -0.0341682434082031
0.00310897827148438 -0.049041748046875 0.000293731689453128 -0.0330352783203125
0.00714492797851562 -0.04876708984375 -0.00589561462402344 -0.0155143737792969
0.00100326538085937 -0.0536880493164063 -0.0099935531616211 -0.0102510452270508
0.0171318054199219 -0.0470237731933594 -0.0169820785522461 -0.00704479217529297
0.0446662902832031 -0.0337333679199219 -0.0192394256591797 -0.00980377197265625
0.0614166259765625 -0.000225067138671875 -0.0135498046875 -0.0282859802246094
0.0459747314453125 0.0573921203613281 -0.00129699707031249 -0.0354766845703125
0.0147933959960937 0.0778884887695313 0.0117874145507813 -0.0341224670410156
-0.030792236328125 0.0866470336914062 0.00835800170898437 -0.0223121643066406
-0.0517349243164062 0.0788421630859375 0.0256175994873047 0.0177860260009766
-0.0219497680664062 0.0782928466796875 -0.00287818908691406 0.0308189392089844
0.0292892456054688 0.08251953125 0.00897216796875 0.0520973205566406
0.0609779357910156 0.03466796875 0.0352668762207031 0.0337715148925781
0.0632057189941406 -0.00824737548828125 0.0375022888183594 0.00622177124023437
0.0327186584472656 -0.0450668334960938 0.0180416107177734 -0.0176963806152344
0.00497817993164062 -0.0556602478027344 0.000111579895019531 -0.0130224227905273
0.00761032104492188 -0.0543479919433594 -0.00435638427734375 0.0033113956451416
0.000247955322265623 -0.0595970153808594 -0.00907707214355469 0.00862121582031249
0.0163764953613281 -0.05224609375 -0.0199851989746094 0.0103073120117188
0.0464439392089844 -0.0386695861816406 -0.0241832733154297 0.00409317016601563
0.0637435913085938 -0.0021820068359375 -0.0206222534179688 -0.0190486907958984
0.0471000671386719 0.0593376159667969 -0.00600814819335937 -0.02862548828125
0.01129150390625 0.0787124633789062 0.0113544464111328 -0.0180683135986328
-0.0380783081054688 0.0838088989257813 -0.00493144989013672 0.00320100784301758
-0.0541954040527344 0.0635185241699219 0.00580215454101562 0.0438919067382813
-0.0312347412109375 0.0714797973632813 -0.0117225646972656 0.048828125
0.01824951171875 0.0823822021484375 0.000465393066406252 0.0547218322753906
0.0553016662597656 0.0396194458007813 0.0212745666503906 0.03875732421875
0.06146240234375 -0.00403594970703125 0.0242042541503906 0.0178508758544922
0.0332832336425781 -0.0422401428222656 0.0106182098388672 0.000214576721191404
0.006011962890625 -0.052276611328125 0.000648975372314454 0.00697708129882812
0.00752258300781249 -0.0518150329589844 -0.00191307067871094 0.0213623046875
-0.000240325927734371 -0.0567092895507812 -0.00726509094238281 0.0269660949707031
0.0143775939941406 -0.049468994140625 -0.0222492218017578 0.0264263153076172
0.0429878234863281 -0.0364151000976563 -0.0269393920898437 0.0150947570800781
0.0581855773925781 -0.00133514404296875 -0.0252437591552734 -0.00990867614746094
0.0397529602050781 0.0562286376953125 -0.00950431823730469 -0.0217628479003906
0.00343322753906249 0.0709457397460938 0.0103788375854492 -0.00326442718505859
-0.0415916442871094 0.0699539184570312 -0.0188179016113281 0.0267887115478516
-0.0461959838867187 0.0364952087402344 -0.013763427734375 0.0640487670898438
-0.0317306518554688 0.0502090454101563 -0.0201187133789063 0.0622291564941406
0.00563812255859374 0.0643081665039063 -0.006500244140625 0.052490234375
0.0394668579101563 0.0338478088378906 0.00808334350585938 0.0400161743164062
0.047332763671875 -0.000339508056640625 0.0103054046630859 0.0252189636230469
0.0272693634033203 -0.0321731567382813 0.00273704528808594 0.0160541534423828
0.00509262084960938 -0.0407867431640625 0.0014801025390625 0.0255107879638672
0.00632095336914063 -0.0409126281738281 0.00114822387695313 0.0364608764648438
0.00019073486328125 -0.0462150573730469 -0.00493621826171875 0.0425300598144531
0.011932373046875 -0.0404434204101563 -0.0224685668945313 0.0401153564453125
0.0357742309570312 -0.0296058654785156 -0.0308132171630859 0.0243339538574219
0.047027587890625 0.00125885009765625 -0.0298480987548828 -0.00303268432617188
0.02703857421875 0.0485954284667969 -0.012420654296875 -0.0171318054199219
-0.00647354125976562 0.0558738708496094 0.0083160400390625 0.00918769836425782
-0.0415725708007813 0.0466728210449219 -0.0322189331054688 0.0439567565917969
-0.0306415557861328 0.00325775146484375 -0.0260543823242188 0.0737075805664063
-0.0261001586914063 0.0201282501220703 -0.0238456726074219 0.0678901672363281
-0.00574874877929688 0.0342044830322266 -0.0103416442871094 0.047332763671875
0.0182209014892578 0.0213088989257812 -0.000808715820312501 0.0395431518554688
0.0248546600341797 0.00238418579101563 0.00141716003417969 0.0294246673583984
0.0159425735473633 -0.0171518325805664 -0.000452041625976562 0.0270900726318359
0.00338554382324219 -0.0228996276855469 0.00362396240234375 0.03778076171875
0.00344467163085938 -0.024658203125 0.00348281860351562 0.0457916259765625
0.00105476379394531 -0.0286178588867188 -0.00302886962890625 0.0533638000488281
0.00791358947753907 -0.0265865325927734 -0.0243644714355469 0.0487327575683594
0.0254039764404297 -0.0194778442382812 -0.0341548919677734 0.0299606323242188
0.0312442779541016 0.00301742553710938 -0.0352134704589844 0.00109100341796875
0.0133781433105469 0.0357933044433594 -0.0160684585571289 -0.0148983001708984
-0.0146045684814453 0.0348873138427734 0.00343799591064453 0.0165472030639648
-0.0351371765136719 0.0171546936035156 -0.0453300476074219 0.0533828735351562
0.0190315246582031 0.0143318176269531 0.0455818176269531 -0.0637474060058594
0.0125627517700195 -0.0106077194213867 0.000682830810546877 -0.0226593017578125
-0.00403881072998047 -0.0129060745239258 0.0184307098388672 0.0181293487548828
-0.0119781494140625 -0.00198173522949219 0.0462875366210938 0.001312255859375
-0.00871944427490234 0.00598001480102539 0.0429954528808594 -0.0307655334472656
-0.00167942047119141 0.010711669921875 0.0224494934082031 -0.0555419921875
-0.000126838684082031 0.00623893737792969 -0.00517654418945312 -0.0612831115722656
-0.00070333480834961 0.00409340858459473 -0.00934982299804688 -0.0508041381835938
-0.00184416770935059 0.00345849990844727 -0.00911331176757813 -0.0440521240234375
-0.00261425971984863 -0.000189304351806641 -0.0021820068359375 -0.0380783081054688
-0.00107049942016602 -0.00550127029418945 -0.00272941589355469 -0.0346927642822266
0.00779247283935547 -0.0100069046020508 0.00262069702148437 -0.0426445007324219
0.0179576873779297 -0.000631332397460937 0.015594482421875 -0.0490341186523438
0.0222702026367188 0.0154075622558594 0.0194969177246094 -0.0698738098144531
0.0166645050048828 0.0276508331298828 0.031341552734375 -0.0817489624023438
0.00334548950195313 0.0467796325683594 0.0524787902832031 -0.0557937622070313
0.0122547149658203 0.0189990997314453 0.00535774230957032 -0.0188312530517578
0.0142593383789063 0.0104770660400391 0.0213642120361328 0.023895263671875
0.0118694305419922 0.00178718566894531 0.0500564575195313 0.0051727294921875
0.011042594909668 -0.00417995452880859 0.0477218627929687 -0.0285110473632813
0.00499820709228516 -0.00910282135009766 0.0236854553222656 -0.0554313659667969
-0.00200462341308594 -0.0155401229858398 -0.00522994995117188 -0.0589866638183594
0.00105476379394531 -0.0180835723876953 -0.00958633422851562 -0.0454368591308594
-0.00127792358398437 -0.0201625823974609 -0.0107460021972656 -0.039581298828125
0.00752449035644531 -0.0192546844482422 -0.00721931457519532 -0.0337924957275391
0.0201320648193359 -0.0150299072265625 -0.00711250305175781 -0.0307464599609375
0.0323944091796875 -0.00251388549804688 -0.00133514404296874 -0.0411911010742188
0.029388427734375 0.0281105041503906 0.0102348327636719 -0.0463638305664063
0.0191764831542969 0.0456695556640625 0.0155181884765625 -0.0636444091796875
-0.00138092041015625 0.0594825744628906 0.0279006958007813 -0.070587158203125
-0.016021728515625 0.07257080078125 0.0518150329589844 -0.0373191833496094
0.00608062744140625 0.0490341186523438 0.00733327865600586 -0.00693273544311523
0.0301437377929688 0.0389137268066406 0.0222911834716797 0.0335235595703125
0.0360946655273437 0.0101089477539062 0.051177978515625 0.01287841796875
0.0331249237060547 -0.0119876861572266 0.0502433776855469 -0.0210037231445312
0.0143394470214844 -0.0281715393066406 0.0242576599121094 -0.0490188598632813
-0.00201034545898437 -0.0357093811035156 -0.00394439697265625 -0.0496826171875
0.00282669067382813 -0.0372581481933594 -0.00860404968261719 -0.0328521728515625
-0.0019073486328125 -0.0410575866699219 -0.01171875 -0.0274829864501953
0.012725830078125 -0.0366859436035156 -0.0133533477783203 -0.022613525390625
0.035369873046875 -0.0273895263671875 -0.01422119140625 -0.0218372344970703
0.05255126953125 -0.00201797485351563 -0.00881958007812499 -0.0369987487792969
0.0425491333007813 0.0468940734863281 0.00317382812500001 -0.0425376892089844
0.0196914672851563 0.06787109375 0.0116958618164062 -0.0518875122070313
-0.01617431640625 0.0819091796875 0.018646240234375 -0.0513381958007813
-0.0346755981445313 0.0859756469726563 0.0431137084960938 -0.01251220703125
-0.00574493408203124 0.0724411010742187 0.00448036193847656 0.0107603073120117
0.0379371643066406 0.0663185119628906 0.0197715759277344 0.0445213317871094
0.0561714172363281 0.0213356018066406 0.0481033325195313 0.0228385925292969
0.0531349182128906 -0.0145416259765625 0.0478286743164063 -0.008819580078125
0.0239219665527344 -0.0418777465820313 0.0221519470214844 -0.0365180969238281
-0.000110626220703126 -0.0503044128417969 -0.00205421447753906 -0.0341205596923828
0.00447463989257812 -0.05120849609375 -0.00649547576904297 -0.0156993865966797
-0.00303268432617187 -0.0551109313964844 -0.0113544464111328 -0.0096282958984375
0.0145835876464844 -0.0494346618652344 -0.0177993774414063 -0.00622749328613282
0.0437965393066406 -0.0374565124511719 -0.0203227996826172 -0.009246826171875
0.0636405944824219 -0.00493621826171875 -0.0166549682617188 -0.0287799835205078
0.05169677734375 0.0562362670898438 -0.00339889526367187 -0.0362739562988281
0.0195541381835937 0.0792694091796875 0.0100784301757813 -0.0366401672363281
-0.0265121459960937 0.091949462890625 0.00720596313476562 -0.0243358612060547
-0.048309326171875 0.0850601196289062 0.0263080596923828 0.0172042846679688
-0.01806640625 0.0830764770507813 -0.00175857543945312 0.0320816040039063
0.0358200073242188 0.0834197998046875 0.0132331848144531 0.0531883239746094
0.0653228759765625 0.0324630737304688 0.0380630493164063 0.0324325561523438
0.0644149780273438 -0.0131378173828125 0.0392303466796875 0.00437545776367187
0.030242919921875 -0.0484428405761719 0.0172061920166016 -0.0185718536376953
0.00111770629882813 -0.0564079284667969 -0.000605583190917969 -0.013422966003418
0.00460433959960938 -0.0567665100097656 -0.00363302230834961 0.00373721122741699
-0.0043182373046875 -0.0613136291503906 -0.00861454010009766 0.00968837738037109
0.0135650634765625 -0.0543441772460938 -0.0198783874511719 0.0121612548828125
0.0449905395507813 -0.0424423217773438 -0.0243473052978516 0.00511550903320312
0.0663719177246094 -0.00682449340820313 -0.0228385925292969 -0.0185756683349609
0.0526161193847656 0.0585365295410156 -0.00816535949707031 -0.0289058685302734
0.0162887573242187 0.0803680419921875 0.0107517242431641 -0.0197296142578125
-0.0340194702148438 0.08953857421875 -0.00507831573486328 0.00322771072387696
-0.0518341064453125 0.0689697265625 0.00799560546875 0.0447883605957031
-0.0281829833984375 0.0756607055664063 -0.0099334716796875 0.0506210327148438
0.0250015258789063 0.0838546752929688 0.003875732421875 0.0560264587402344
0.0597457885742187 0.0368614196777344 0.0239524841308594 0.0391807556152344
0.0631179809570313 -0.00844955444335938 0.0258560180664063 0.0171546936035156
0.0314559936523438 -0.0453987121582031 0.010584831237793 0.000145912170410153
0.00203704833984375 -0.0537757873535156 0.00163793563842774 0.00741434097290039
0.004119873046875 -0.0537109375 -0.000329971313476561 0.0219612121582031
-0.00452041625976562 -0.0582313537597656 -0.00562667846679688 0.0287094116210937
0.0115127563476562 -0.0517730712890625 -0.0208015441894531 0.0291614532470703
0.0416908264160156 -0.0407295227050781 -0.0271415710449219 0.0169410705566406
0.0601272583007813 -0.00539779663085938 -0.0269699096679687 -0.00909996032714844
0.044891357421875 0.0557365417480469 -0.0114078521728516 -0.0215206146240234
0.00798034667968749 0.07275390625 0.0107669830322266 -0.00396060943603515
-0.0383224487304688 0.0753326416015625 -0.01751708984375 0.0281333923339844
-0.0449867248535156 0.040557861328125 -0.0111465454101563 0.0666580200195313
-0.0297355651855469 0.0536079406738281 -0.0175399780273438 0.0650138854980469
0.0107269287109375 0.066009521484375 -0.00365447998046875 0.0537872314453125
0.0428276062011719 0.0322799682617188 0.0102920532226563 0.0407562255859375
0.0484733581542969 -0.00374603271484375 0.0122756958007813 0.0255355834960938
0.0255126953125 -0.0350208282470703 0.00411033630371094 0.0168657302856445
0.00251007080078125 -0.0417633056640625 0.00389289855957032 0.0263271331787109
0.003082275390625 -0.0426292419433594 0.00441741943359375 0.0374755859375
-0.0030059814453125 -0.0469703674316406 -0.0014495849609375 0.0448188781738281
0.009246826171875 -0.0420074462890625 -0.02069091796875 0.0426673889160156
0.0347518920898438 -0.0328960418701172 -0.0298633575439453 0.0268630981445313
0.0486679077148438 -0.0019073486328125 -0.0310955047607422 -0.00121307373046875
0.0313339233398438 0.0485763549804688 -0.0142192840576172 -0.0168066024780273
-0.00327682495117187 0.0577125549316406 0.00947856903076172 0.00856781005859375
-0.0397224426269531 0.0508079528808594 -0.0303153991699219 0.0475311279296875
-0.0309677124023437 0.00539779663085937 -0.0224838256835938 0.0781478881835937
-0.0256175994873047 0.0225067138671875 -0.020904541015625 0.0713348388671875
-0.00342178344726562 0.0352897644042969 -0.00789642333984375 0.0491218566894531
0.0194339752197266 0.0202007293701172 0.00151824951171875 0.0403480529785156
0.0258541107177734 0.000461578369140625 0.00304222106933594 0.0301227569580078
0.0150146484375 -0.0188503265380859 0.000881195068359377 0.0287551879882812
0.0016326904296875 -0.0235557556152344 0.00628662109375 0.0392227172851563
0.00191307067871094 -0.025238037109375 0.00709915161132813 0.0467910766601563
-0.00118255615234375 -0.0300998687744141 0.000717163085937496 0.055450439453125
0.00660133361816407 -0.0277690887451172 -0.0215835571289062 0.0522232055664063
0.0244617462158203 -0.0216503143310547 -0.0337982177734375 0.0324535369873047
0.0329990386962891 0.00147628784179688 -0.0358543395996094 0.00330352783203124
0.0163116455078125 0.0362701416015625 -0.0175437927246094 -0.0144586563110352
-0.0130233764648438 0.03668212890625 0.004730224609375 0.0159749984741211
-0.0353279113769531 0.0197830200195313 -0.042816162109375 0.0574531555175781
0.0197486877441406 0.0130596160888672 0.0407600402832031 -0.0665130615234375
0.0124311447143555 -0.0108642578125 -0.000724792480468751 -0.0222072601318359
-0.00457859039306641 -0.0126218795776367 0.0198783874511719 0.0170421600341797
-0.011988639831543 -0.00137519836425781 0.0462532043457031 -0.00156021118164063
-0.00856971740722656 0.00706243515014649 0.0413627624511719 -0.0331916809082031
-0.000626564025878906 0.0108804702758789 0.0190315246582031 -0.0570220947265625
0.000566005706787109 0.00590372085571289 -0.00906753540039062 -0.0609016418457031
-9.84668731689457E-05 0.00363326072692871 -0.0129852294921875 -0.050140380859375
-0.00175166130065918 0.00319910049438477 -0.0124397277832031 -0.0434684753417969
-0.00220322608947754 -2.02655792236324E-05 -0.004730224609375 -0.0378761291503906
-0.00115776062011719 -0.00539255142211914 -0.00464248657226563 -0.0345211029052734
0.00720500946044922 -0.0105705261230469 -0.000370025634765627 -0.0426826477050781
0.0177822113037109 -0.00147819519042969 0.0129432678222656 -0.0499382019042969
0.0235366821289063 0.0142154693603516 0.0146408081054687 -0.07073974609375
0.0182552337646484 0.0270767211914062 0.0258255004882812 -0.0839309692382813
0.00640487670898438 0.0468406677246094 0.0475273132324219 -0.058624267578125
0.0134201049804687 0.0185375213623047 0.00371932983398438 -0.0182380676269531
0.0152854919433594 0.00952911376953125 0.0232105255126953 0.0229701995849609
0.0116691589355469 0.0013885498046875 0.0505180358886719 0.00228500366210938
0.0107383728027344 -0.00487709045410156 0.0461158752441406 -0.03094482421875
0.00456714630126953 -0.00956058502197266 0.020538330078125 -0.0563583374023438
-0.00280857086181641 -0.0154476165771484 -0.00881195068359376 -0.0585289001464844
-0.000196456909179687 -0.0183506011962891 -0.0127792358398438 -0.0450210571289063
-0.00319862365722656 -0.0197544097900391 -0.0136795043945312 -0.0389823913574219
0.00593757629394531 -0.0197181701660156 -0.00932884216308594 -0.0334701538085938
0.0190887451171875 -0.0161895751953125 -0.00925827026367188 -0.0304660797119141
0.0322399139404297 -0.00441169738769531 -0.0041961669921875 -0.0415534973144531
0.0315017700195313 0.0262088775634766 0.00763320922851563 -0.0471458435058594
0.021881103515625 0.0445976257324219 0.0112991333007813 -0.0646476745605469
0.00202178955078125 0.0596656799316406 0.0225830078125 -0.0727691650390625
-0.0111923217773437 0.0733261108398438 0.0485916137695312 -0.0403404235839844
0.00917434692382812 0.0491104125976562 0.00597047805786133 -0.00718498229980469
0.0329399108886719 0.0367164611816406 0.0248794555664063 0.0320224761962891
0.0369453430175781 0.00735092163085937 0.0523338317871094 0.0099945068359375
0.0324249267578125 -0.0138797760009766 0.0489120483398438 -0.023681640625
0.0122261047363281 -0.0282821655273438 0.0212554931640625 -0.0503158569335938
-0.00396347045898437 -0.0353584289550781 -0.00711822509765626 -0.0491142272949219
0.000148773193359374 -0.0374832153320313 -0.0106830596923828 -0.0326557159423828
-0.0052032470703125 -0.0403556823730469 -0.0137901306152344 -0.0264911651611328
0.0102615356445313 -0.0374031066894531 -0.0148944854736328 -0.0215930938720703
0.0332374572753906 -0.0295906066894531 -0.0160007476806641 -0.0212116241455078
0.0523681640625 -0.0054779052734375 -0.0115127563476563 -0.0367965698242188
0.0455093383789063 0.0443840026855469 0.000419616699218752 -0.0425758361816406
0.0235061645507813 0.066925048828125 0.00798797607421875 -0.0530776977539062
-0.0109100341796875 0.08319091796875 0.0153388977050781 -0.0525703430175781
-0.0290756225585938 0.0883331298828125 0.0413284301757813 -0.0154495239257812
-0.000923156738281251 0.0732955932617188 0.0042572021484375 0.010584831237793
0.0427818298339844 0.0633049011230469 0.0231056213378906 0.0429611206054688
0.0580062866210937 0.0177383422851563 0.0490608215332031 0.0202522277832031
0.0521583557128906 -0.01861572265625 0.0472145080566406 -0.0120353698730469
0.0207252502441406 -0.04315185546875 0.0201301574707031 -0.037139892578125
-0.00373077392578124 -0.0497207641601563 -0.00468063354492187 -0.03338623046875
0.000495910644531256 -0.051361083984375 -0.00733757019042969 -0.0152511596679688
-0.00734710693359375 -0.0547943115234375 -0.0117149353027344 -0.00883293151855469
0.0112648010253906 -0.0503120422363281 -0.0181312561035156 -0.00470542907714844
0.0407447814941406 -0.0405540466308594 -0.0213394165039063 -0.00765800476074219
0.0634422302246094 -0.00884246826171875 -0.0187492370605469 -0.0281867980957031
0.0554237365722656 0.0536117553710938 -0.00588607788085937 -0.0356178283691406
0.024505615234375 0.0782089233398438 0.00751876831054688 -0.0373687744140625
-0.0207595825195313 0.0942459106445313 0.00505256652832031 -0.0247650146484375
-0.0424957275390625 0.0877609252929687 0.0266761779785156 0.0154628753662109
-0.0130538940429688 0.084564208984375 -0.00101470947265625 0.0319271087646484
0.0420989990234375 0.0807723999023438 0.0165328979492188 0.0516395568847656
0.0674362182617188 0.0279884338378906 0.0396080017089844 0.0305747985839844
0.0634117126464844 -0.01806640625 0.0390815734863281 0.00217056274414062
0.0269622802734375 -0.0497970581054687 0.0158309936523437 -0.0190773010253906
-0.00264358520507812 -0.0561408996582031 -0.00131511688232422 -0.0131158828735352
0.00026702880859375 -0.0571212768554688 -0.00265359878540039 0.00397157669067382
-0.00881195068359375 -0.0604057312011719 -0.0074148178100586 0.0110330581665039
0.00927734374999999 -0.0551414489746094 -0.0186080932617188 0.0135250091552734
0.0415878295898438 -0.0456390380859375 -0.0239448547363281 0.00649452209472656
0.0652351379394531 -0.0113029479980469 -0.0242233276367188 -0.0175361633300781
0.0563316345214844 0.0551834106445313 -0.0100975036621094 -0.0281200408935547
0.0213623046875 0.0792770385742188 0.00909233093261719 -0.0204963684082031
-0.028106689453125 0.0925369262695313 -0.00515508651733399 0.00341796875000001
-0.0468978881835938 0.0725784301757812 0.00967025756835937 0.0443534851074219
-0.0230178833007813 0.0775299072265625 -0.00770950317382813 0.0507621765136719
0.0311965942382813 0.082000732421875 0.00798797607421875 0.0547676086425781
0.0619430541992187 0.0327720642089844 0.0259132385253906 0.0375480651855469
0.0623397827148438 -0.0131263732910156 0.0269317626953125 0.0157089233398438
0.0280876159667969 -0.0475616455078125 0.0104970932006836 0.000150680541992185
-0.00119781494140625 -0.0530891418457031 0.00202655792236328 0.00750017166137695
0.000324249267578125 -0.0545463562011719 0.00224685668945313 0.0219898223876953
-0.00870513916015624 -0.0576896667480469 -0.00291061401367187 0.0290355682373047
0.00786972045898438 -0.0516586303710938 -0.018768310546875 0.0305767059326172
0.0380058288574219 -0.0434722900390625 -0.0261669158935547 0.0185127258300781
0.0594520568847656 -0.00969314575195313 -0.02777099609375 -0.00745964050292969
0.0489768981933594 0.0526885986328125 -0.0129070281982422 -0.0205821990966797
0.0121078491210938 0.07244873046875 0.0100412368774414 -0.00536537170410156
-0.032989501953125 0.0783843994140625 -0.0156497955322266 0.0290546417236328
-0.0422897338867188 0.0437736511230469 -0.00740814208984375 0.067352294921875
-0.0261383056640625 0.0553245544433594 -0.0142135620117188 0.0654144287109375
0.0152511596679688 0.0645561218261719 -2.28881835937478E-05 0.0535163879394531
0.0448646545410156 0.0289306640625 0.012420654296875 0.0403594970703125
0.0482330322265625 -0.00718307495117188 0.0140151977539063 0.0250358581542969
0.0231742858886719 -0.0363540649414063 0.00459098815917969 0.0172252655029297
-0.000675201416015622 -0.0413551330566406 0.00573158264160157 0.0265102386474609
-0.000209808349609375 -0.0429306030273437 0.00739669799804688 0.0369338989257813
-0.00645065307617188 -0.0463676452636719 0.00194549560546875 0.0448875427246094
0.00662612915039062 -0.0420646667480469 -0.0174980163574219 0.0446624755859375
0.0319595336914063 -0.0350074768066406 -0.0280609130859375 0.0284042358398437
0.0481605529785156 -0.00491714477539063 -0.03143310546875 8.20159912109395E-05
0.034820556640625 0.0466690063476563 -0.0155172348022461 -0.0157852172851562
0.000358581542968756 0.0579299926757812 0.0100059509277344 0.00716972351074219
-0.0360221862792969 0.0536651611328125 -0.0267410278320313 0.0486602783203125
-0.03021240234375 0.00740242004394532 -0.0177383422851563 0.0798187255859375
-0.0236072540283203 0.0237178802490234 -0.0165863037109375 0.0721435546875
-0.000774383544921873 0.0355911254882813 -0.0055694580078125 0.048675537109375
0.0205726623535156 0.0185737609863281 0.00353622436523437 0.0406455993652344
0.0254650115966797 -0.00104904174804688 0.00521278381347656 0.0301151275634766
0.0135707855224609 -0.0199451446533203 0.00248336791992188 0.0291690826416016
1.33514404296892E-05 -0.0232524871826172 0.00941467285156249 0.0384368896484375
-0.000101089477539064 -0.0255661010742188 0.0110092163085937 0.0463333129882813
-0.003204345703125 -0.0298919677734375 0.00499343872070312 0.0560035705566406
0.00486373901367188 -0.0278587341308594 -0.0181159973144531 0.0538520812988281
0.0225982666015625 -0.0233039855957031 -0.0316658020019531 0.0345916748046875
0.0326118469238281 -0.00112342834472656 -0.0355873107910156 0.00576782226562501
0.0188446044921875 0.0353965759277344 -0.0187759399414062 -0.0130882263183594
-0.0107002258300781 0.0372734069824219 0.00586700439453125 0.0150747299194336
-0.0336341857910156 0.0222702026367188 -0.0388107299804688 0.0597915649414062
0.0194816589355469 0.0117702484130859 0.0371170043945313 -0.0661888122558594
0.0118646621704102 -0.010798454284668 -0.00226974487304688 -0.0211715698242188
-0.00473976135253906 -0.0117902755737305 0.0199756622314453 0.0158615112304688
-0.01171875 -0.00084972381591797 0.0453338623046875 -0.00300216674804688
-0.00793266296386719 0.0076303482055664 0.0390853881835938 -0.03399658203125
5.62667846679696E-05 0.0104808807373047 0.0169868469238281 -0.056732177734375
0.00129413604736328 0.00564479827880859 -0.0116691589355469 -0.0591583251953125
6.31809234619141E-05 0.00350379943847656 -0.0150909423828125 -0.0484352111816406
-0.00103998184204102 0.00363397598266602 -0.0145149230957031 -0.0424232482910156
-0.00205671787261963 0.000184297561645508 -0.00627517700195313 -0.0374183654785156
-0.00108098983764648 -0.00472640991210938 -0.00620651245117188 -0.0337467193603516
0.00659942626953125 -0.0102720260620117 -0.0023040771484375 -0.0421066284179688
0.0172891616821289 -0.00189208984375 0.0107994079589844 -0.049102783203125
0.0232429504394531 0.0131282806396484 0.0115394592285156 -0.0694236755371094
0.0192699432373047 0.0256481170654297 0.0219802856445312 -0.083251953125
0.00807571411132813 0.04541015625 0.0438041687011719 -0.0586814880371094
0.0142307281494141 0.0181961059570313 0.00210666656494141 -0.0174665451049805
0.0159006118774414 0.00886249542236328 0.0235691070556641 0.0215644836425781
0.0117149353027344 0.000653266906738281 0.0493698120117188 0.0007171630859375
0.0103845596313477 -0.00486373901367187 0.044189453125 -0.0315628051757813
0.00435256958007812 -0.00942707061767578 0.0181694030761719 -0.0562362670898437
-0.00331401824951172 -0.0149679183959961 -0.0111961364746094 -0.0569801330566406
-0.000984191894531249 -0.0178623199462891 -0.0146865844726563 -0.0435028076171875
-0.00376319885253906 -0.0194854736328125 -0.0156745910644531 -0.0377883911132813
0.00535392761230469 -0.0192356109619141 -0.0109004974365234 -0.0325832366943359
0.0183792114257813 -0.0165882110595703 -0.0104961395263672 -0.029998779296875
0.0316276550292969 -0.00573921203613281 -0.00595474243164062 -0.0405654907226563
0.0316390991210938 0.0246334075927734 0.00617218017578125 -0.0461578369140625
0.0229644775390625 0.0430145263671875 0.00820159912109376 -0.0634269714355469
0.00450134277343749 0.0587272644042969 0.0191192626953125 -0.0721054077148438
-0.00782012939453126 0.0730514526367188 0.0449790954589844 -0.0413436889648437
0.0108871459960938 0.0487060546875 0.00507974624633789 -0.00699758529663086
0.0345973968505859 0.0349617004394531 0.0259647369384766 0.0301933288574219
0.0368499755859375 0.0060882568359375 0.0514602661132813 0.00801467895507813
0.0311660766601562 -0.0154037475585938 0.0471305847167969 -0.0245323181152344
0.0107498168945313 -0.0281391143798828 0.0193443298339844 -0.0498809814453125
-0.00572586059570312 -0.0340843200683594 -0.00890350341796875 -0.0478553771972656
-0.00177001953125 -0.0371017456054688 -0.0118980407714844 -0.0318775177001953
-0.00689315795898437 -0.0391883850097656 -0.0149765014648437 -0.0255527496337891
0.0088653564453125 -0.0366744995117188 -0.0153923034667969 -0.0207157135009766
0.0317287445068359 -0.0302696228027344 -0.0163860321044922 -0.0203399658203125
0.0510826110839844 -0.00789642333984375 -0.0136299133300781 -0.0360183715820313
0.0463981628417969 0.0422286987304688 -0.00101470947265625 -0.041778564453125
0.0255279541015625 0.0646095275878906 0.00536346435546875 -0.0520401000976563
-0.0071258544921875 0.0827255249023437 0.0125350952148437 -0.0522842407226562
-0.0246429443359375 0.0881271362304688 0.03851318359375 -0.0164146423339844
0.00159454345703125 0.0724029541015625 0.00383663177490234 0.0104913711547852
0.0453071594238281 0.0602302551269531 0.0239944458007813 0.04046630859375
0.0574874877929688 0.01483154296875 0.0486679077148438 0.0182723999023438
0.0500831604003906 -0.0206527709960937 0.0457344055175781 -0.0129852294921875
0.0185737609863281 -0.0427513122558594 0.0180511474609375 -0.0363845825195313
-0.005523681640625 -0.0483207702636719 -0.00587272644042969 -0.0322608947753906
-0.00152969360351563 -0.050750732421875 -0.00771999359130859 -0.0151042938232422
-0.00980377197265625 -0.05291748046875 -0.0119237899780273 -0.00811958312988282
0.00875473022460937 -0.0490646362304688 -0.0180587768554688 -0.00409507751464844
0.038055419921875 -0.0413627624511719 -0.0213565826416016 -0.00719833374023438
0.0620918273925781 -0.0118408203125 -0.0200691223144531 -0.0269241333007813
0.05670166015625 0.0505104064941406 -0.00729942321777343 -0.0347251892089844
0.0269393920898437 0.0757064819335938 0.00561523437500001 -0.037109375
-0.0163497924804688 0.0941009521484375 0.00374984741210937 -0.0247554779052734
-0.0374984741210938 0.0885086059570313 0.0257740020751953 0.0142250061035156
-0.00937652587890626 0.0835494995117188 -0.00101470947265625 0.0316410064697266
0.045379638671875 0.0773544311523438 0.0184555053710938 0.0494155883789063
0.0675125122070313 0.0241775512695312 0.03985595703125 0.0285797119140625
0.0611686706542969 -0.0204048156738281 0.0383872985839844 0.0010223388671875
0.0238723754882813 -0.0498199462890625 0.0148792266845703 -0.0184726715087891
-0.00499343872070312 -0.0545806884765625 -0.00161457061767578 -0.0124502182006836
-0.00230407714843749 -0.0561065673828125 -0.00246906280517578 0.00392365455627441
-0.0119209289550781 -0.0583953857421875 -0.00702762603759766 0.0108623504638672
0.00674819946289063 -0.0538215637207031 -0.017852783203125 0.0139980316162109
0.0384788513183594 -0.046478271484375 -0.0231647491455078 0.00729179382324219
0.0637741088867188 -0.0139198303222656 -0.0247173309326172 -0.01666259765625
0.0580177307128906 0.0521659851074219 -0.0109329223632812 -0.0269832611083984
0.0234527587890625 0.0772171020507813 0.00768661499023438 -0.021240234375
-0.0238037109375 0.0926055908203125 -0.00495767593383789 0.00323200225830079
-0.0428695678710938 0.0730972290039062 0.0103797912597656 0.0429954528808594
-0.0197982788085938 0.0773696899414063 -0.00655746459960937 0.0499649047851563
0.0346527099609375 0.0787277221679688 0.00927734375 0.0525283813476563
0.0618667602539062 0.0292892456054688 0.0262489318847656 0.0359458923339844
0.0601119995117187 -0.0157623291015625 0.0273323059082031 0.0145835876464844
0.0253868103027344 -0.0472831726074219 0.0101203918457031 0.000522613525390622
-0.00386810302734375 -0.0512962341308594 0.00228786468505859 0.00761318206787109
-0.00226593017578125 -0.0531578063964844 0.00310897827148438 0.0213985443115234
-0.0119781494140625 -0.055206298828125 -0.00136375427246094 0.0290012359619141
0.00531005859374999 -0.0508041381835938 -0.0168571472167969 0.0307140350341797
0.0351295471191406 -0.0436515808105469 -0.0246429443359375 0.0189666748046875
0.057769775390625 -0.0121536254882813 -0.0277576446533203 -0.00626373291015625
0.0504722595214844 0.0499610900878906 -0.0134105682373047 -0.0194511413574219
0.0146713256835938 0.0701637268066406 0.00971031188964844 -0.00621223449707031
-0.029388427734375 0.0783767700195313 -0.0145587921142578 0.0289440155029297
-0.0389938354492187 0.0443153381347656 -0.00512313842773438 0.0667572021484375
-0.02337646484375 0.0555572509765625 -0.0121421813964844 0.0644493103027344
0.0181503295898437 0.0624313354492187 0.001190185546875 0.0514183044433594
0.0448875427246094 0.0267715454101562 0.013458251953125 0.0389251708984375
0.0461692810058594 -0.00915145874023438 0.0149173736572266 0.0239543914794922
0.0212059020996094 -0.0363807678222656 0.00518417358398438 0.0177459716796875
-0.00214767456054688 -0.0403938293457031 0.00663185119628906 0.0262336730957031
-0.00222396850585938 -0.0420570373535156 0.00919723510742188 0.0360984802246094
-0.00901412963867188 -0.0449867248535156 0.00415420532226563 0.0437850952148438
0.0041351318359375 -0.04150390625 -0.0153656005859375 0.0446319580078125
0.0292854309082031 -0.035430908203125 -0.0268402099609375 0.028564453125
0.0470466613769531 -0.00774765014648438 -0.0306930541992187 0.00116539001464844
0.0366897583007813 0.0441055297851562 -0.0156745910644531 -0.0146636962890625
0.00225448608398437 0.056884765625 0.0101222991943359 0.00604629516601563
-0.0328025817871094 0.0543632507324219 -0.0240745544433594 0.0484771728515625
-0.0289020538330078 0.00811195373535157 -0.014801025390625 0.0785675048828125
-0.0220146179199219 0.0236835479736328 -0.0138397216796875 0.071136474609375
0.000793457031250001 0.0344963073730469 -0.00420761108398437 0.0475349426269531
0.020477294921875 0.01715087890625 0.00487899780273437 0.039520263671875
0.0246238708496094 -0.00271224975585938 0.00630378723144531 0.0294456481933594
0.0125274658203125 -0.0198707580566406 0.00333213806152344 0.0288543701171875
-0.00120353698730469 -0.0225658416748047 0.0109786987304688 0.0382423400878906
-0.00153732299804687 -0.0250034332275391 0.0131950378417969 0.0448722839355469
-0.00500869750976563 -0.0285434722900391 0.0081329345703125 0.0543479919433594
0.00315666198730469 -0.0271091461181641 -0.0150985717773438 0.0536003112792969
0.0204257965087891 -0.0236263275146484 -0.0297279357910156 0.0347023010253906
0.0319004058837891 -0.00276565551757813 -0.0343303680419922 0.00669670104980469
0.0199451446533203 0.0338382720947266 -0.0187206268310547 -0.0121955871582031
-0.00883865356445313 0.0373306274414062 0.00643348693847656 0.0136232376098633
-0.0317955017089844 0.0233879089355469 -0.0351982116699219 0.0593490600585938
0.0193405151367188 0.0114288330078125 0.0347518920898437 -0.0652084350585938
0.01129150390625 -0.0105972290039063 -0.00246620178222656 -0.0202827453613281
-0.00432968139648438 -0.0115652084350586 0.0199489593505859 0.0152969360351562
-0.0119199752807617 -0.000210762023925784 0.0445556640625 -0.00323486328125
-0.00737333297729492 0.00761175155639648 0.0378761291503906 -0.033111572265625
0.000298500061035156 0.0105733871459961 0.016204833984375 -0.0565986633300781
0.00123357772827148 0.00502586364746094 -0.0126304626464844 -0.0578956604003906
1.40666961669924E-05 0.00316405296325684 -0.0161170959472656 -0.0479965209960938
-0.00139403343200684 0.00326299667358398 -0.0155372619628906 -0.0415611267089844
-0.00197994709014893 7.20024108886718E-05 -0.00699234008789063 -0.0369796752929688
-0.000692367553710937 -0.00464582443237305 -0.00656318664550782 -0.0332355499267578
0.00601959228515625 -0.0101184844970703 -0.00278091430664063 -0.041290283203125
0.0169582366943359 -0.00151538848876953 0.0100288391113281 -0.0483970642089844
0.0229682922363281 0.0127849578857422 0.0101814270019531 -0.0682029724121094
0.0191535949707031 0.0251026153564453 0.0202713012695312 -0.0816726684570313
0.00863265991210937 0.0449447631835938 0.0413780212402344 -0.0583229064941406
0.0146484375 0.0185413360595703 0.00154781341552735 -0.0170021057128906
0.0160932540893555 0.00857257843017578 0.0237140655517578 0.0204372406005859
0.0114984512329102 0.000424385070800781 0.0487174987792969 0.000202178955078125
0.0098733901977539 -0.00504493713378906 0.0429039001464844 -0.0317001342773438
0.00428915023803711 -0.00866460800170898 0.0172958374023438 -0.0560188293457031
-0.00323963165283203 -0.014801025390625 -0.0121231079101562 -0.0555572509765625
-0.00112724304199219 -0.0181007385253906 -0.0154647827148437 -0.0428619384765625
-0.00418472290039062 -0.0188007354736328 -0.0163803100585937 -0.0366554260253906
0.0049591064453125 -0.0191497802734375 -0.0113258361816406 -0.0322265625
0.0179538726806641 -0.0165500640869141 -0.0105018615722656 -0.0291824340820312
0.0308818817138672 -0.00621223449707031 -0.00701904296875 -0.0401687622070313
0.0317115783691406 0.0242710113525391 0.00500488281250001 -0.0454978942871094
0.0225868225097656 0.0418891906738281 0.00688934326171876 -0.0619239807128906
0.00509643554687501 0.0581741333007813 0.0173492431640625 -0.071197509765625
-0.00677490234374999 0.0720977783203125 0.0423431396484375 -0.0403480529785156
0.01141357421875 0.0482254028320312 0.0040283203125 -0.00639104843139648
0.0350379943847656 0.0334796905517578 0.0255508422851563 0.0290279388427734
0.0362701416015625 0.00518417358398437 0.0505599975585937 0.00733566284179688
0.0296707153320313 -0.0160160064697266 0.0460586547851563 -0.0245018005371094
0.0100288391113281 -0.0276222229003906 0.0186767578125 -0.0488548278808594
-0.00604438781738281 -0.0333671569824219 -0.00983428955078125 -0.0463829040527344
-0.00235366821289062 -0.0370101928710937 -0.0120429992675781 -0.0312786102294922
-0.0078582763671875 -0.0381660461425781 -0.015380859375 -0.0247459411621094
0.00812911987304688 -0.0361404418945313 -0.0155887603759766 -0.020111083984375
0.0305271148681641 -0.0297183990478516 -0.0164756774902344 -0.0198154449462891
0.050079345703125 -0.00856781005859375 -0.0139541625976562 -0.035430908203125
0.0469589233398438 0.0410842895507813 -0.0015106201171875 -0.0408058166503906
0.025665283203125 0.063446044921875 0.00424575805664063 -0.0509490966796875
-0.00591278076171874 0.0820846557617187 0.0113449096679688 -0.0515060424804687
-0.0227127075195313 0.0871047973632813 0.0369453430175781 -0.0161056518554687
0.00274658203125 0.071502685546875 0.00274276733398437 0.01031494140625
0.0465965270996094 0.0583915710449219 0.024169921875 0.0392799377441406
0.0568656921386719 0.0135879516601562 0.0479583740234375 0.0176544189453125
0.0488204956054688 -0.0210952758789062 0.0448722839355469 -0.0130844116210938
0.0175628662109375 -0.0420761108398438 0.0177154541015625 -0.035797119140625
-0.0063018798828125 -0.0471305847167969 -0.00623703002929688 -0.0316734313964844
-0.0031280517578125 -0.050384521484375 -0.00767707824707031 -0.0147008895874023
-0.0107917785644531 -0.0514564514160156 -0.0118627548217773 -0.00811767578125
0.00797653198242187 -0.048553466796875 -0.0178012847900391 -0.00360488891601562
0.0364418029785156 -0.0408287048339844 -0.0210800170898437 -0.00665092468261719
0.0606956481933594 -0.0128707885742188 -0.0204200744628906 -0.0266876220703125
0.0574111938476563 0.0490798950195313 -0.00731277465820312 -0.033905029296875
0.0272369384765625 0.0743331909179688 0.00478744506835938 -0.0364227294921875
-0.0145416259765625 0.0935440063476563 0.00349807739257813 -0.0245704650878906
-0.035369873046875 0.0877609252929687 0.0245380401611328 0.0138053894042969
-0.00820159912109374 0.0829391479492187 -0.000947952270507811 0.0307960510253906
0.0466461181640625 0.0753021240234375 0.0183677673339844 0.0476341247558594
0.0664749145507813 0.0227203369140625 0.0389251708984375 0.0280380249023438
0.0593452453613281 -0.0214996337890625 0.0378913879394531 0.00103759765625
0.0228157043457031 -0.0489425659179688 0.0145263671875 -0.0177326202392578
-0.00598907470703125 -0.0526618957519531 -0.00174999237060547 -0.0120172500610352
-0.00368118286132813 -0.0556793212890625 -0.00203490257263184 0.00380277633666992
-0.01287841796875 -0.0564842224121094 -0.00634670257568359 0.0108118057250977
0.0055694580078125 -0.0525665283203125 -0.0174360275268555 0.0145330429077148
0.0367088317871094 -0.0462455749511719 -0.0229568481445312 0.00688552856445312
0.0622634887695313 -0.0152015686035156 -0.025115966796875 -0.0161590576171875
0.0583877563476563 0.050262451171875 -0.0110225677490234 -0.0264472961425781
0.0244598388671875 0.075714111328125 0.00753593444824219 -0.0207901000976562
-0.0217437744140625 0.091766357421875 -0.00501012802124024 0.00347137451171875
-0.0407485961914063 0.0721511840820313 0.0102806091308594 0.0425376892089844
-0.0183944702148438 0.076904296875 -0.00652313232421875 0.0494842529296875
0.0355453491210938 0.0768203735351562 0.00915145874023438 0.0513763427734375
0.0611572265625 0.0279769897460937 0.0260543823242188 0.03515625
0.0585784912109375 -0.0167770385742188 0.0267829895019531 0.0143775939941406
0.0242996215820313 -0.0466499328613281 0.00983047485351563 0.00134944915771484
-0.00456619262695312 -0.05023193359375 0.00284862518310547 0.00811147689819336
-0.00320816040039063 -0.052734375 0.00421714782714843 0.0210094451904297
-0.0126838684082031 -0.054168701171875 -0.000398635864257813 0.0284442901611328
0.00411224365234375 -0.049560546875 -0.0160198211669922 0.0306816101074219
0.032989501953125 -0.0432929992675781 -0.0240936279296875 0.0187892913818359
0.0566596984863281 -0.01324462890625 -0.0274715423583984 -0.00666046142578126
0.0510063171386719 0.0484237670898438 -0.0131034851074219 -0.0189743041992187
0.015106201171875 0.0688247680664063 0.00930404663085938 -0.00629425048828124
-0.0272293090820312 0.0781173706054687 -0.0133533477783203 0.0283737182617188
-0.0378379821777344 0.0441665649414062 -0.00484848022460938 0.0654678344726563
-0.0219192504882813 0.0545921325683594 -0.0123214721679688 0.0634231567382813
0.0190505981445313 0.0609855651855469 0.00110626220703125 0.0505409240722656
0.0441703796386719 0.0252838134765625 0.0133781433105469 0.0383338928222656
0.0452041625976563 -0.0098724365234375 0.0145683288574219 0.0234336853027344
0.0202064514160156 -0.0357475280761719 0.00532341003417969 0.0179729461669922
-0.002838134765625 -0.039154052734375 0.00760650634765625 0.0260791778564453
-0.003082275390625 -0.0412101745605469 0.0102005004882813 0.03515625
-0.0097808837890625 -0.0438156127929687 0.00554656982421875 0.0435371398925781
0.00330734252929688 -0.0403327941894531 -0.0141029357910156 0.044342041015625
0.0277748107910156 -0.035308837890625 -0.0258045196533203 0.0283946990966797
0.0459976196289063 -0.0084075927734375 -0.0304946899414062 0.00151634216308593
0.0369911193847656 0.0428581237792969 -0.0154905319213867 -0.0144224166870117
0.00308990478515625 0.0559539794921875 0.010228157043457 0.0055389404296875
-0.0311317443847656 0.0540351867675781 -0.02301025390625 0.0478134155273438
-0.0281848907470703 0.00823783874511719 -0.0137252807617187 0.0776748657226563
-0.0215930938720703 0.0232734680175781 -0.0137901306152344 0.0700111389160156
0.00156402587890625 0.0338134765625 -0.00406646728515625 0.0465812683105469
0.0200843811035156 0.0166397094726563 0.00464630126953125 0.0390090942382813
0.0241069793701172 -0.00293922424316406 0.00673103332519531 0.0288276672363281
0.0118179321289063 -0.0195846557617188 0.00397300720214844 0.0289058685302734
-0.00135612487792969 -0.0218944549560547 0.0118179321289063 0.0375251770019531
-0.00205421447753906 -0.0244407653808594 0.0143814086914063 0.0440330505371094
-0.00579643249511719 -0.0278282165527344 0.00897979736328125 0.0532302856445313
0.00259590148925781 -0.0264568328857422 -0.0139541625976563 0.0533981323242188
0.019500732421875 -0.0234642028808594 -0.0287761688232422 0.0342559814453125
0.0309886932373047 -0.00338554382324219 -0.0341510772705078 0.0067901611328125
0.0204753875732422 0.0331401824951172 -0.0185489654541016 -0.0118350982666016
-0.00845718383789062 0.0368919372558594 0.00683307647705078 0.0130987167358398
-0.0309181213378906 0.0234375 -0.0332756042480469 0.0582237243652344
0.0190105438232422 0.0115680694580078 0.0350265502929687 -0.0646247863769531
0.0117654800415039 -0.0101394653320313 -0.00230598449707031 -0.0200004577636719
-0.00377559661865235 -0.0120248794555664 0.0198516845703125 0.0156631469726563
-0.0114574432373047 -0.000231742858886717 0.0445480346679687 -0.00294876098632812
-0.0074772834777832 0.00793600082397461 0.03863525390625 -0.0325736999511719
0.000806808471679686 0.0100307464599609 0.0160598754882813 -0.056793212890625
0.00136947631835938 0.00482845306396484 -0.0129165649414062 -0.0578765869140625
-2.36034393310548E-05 0.00283694267272949 -0.0167274475097656 -0.0482673645019531
-0.00154542922973633 0.00301361083984375 -0.0161705017089844 -0.0415916442871094
-0.0017772912979126 -2.92062759399416E-05 -0.00734710693359375 -0.0374221801757813
-0.000360012054443359 -0.0051116943359375 -0.006103515625 -0.0336170196533203
0.00586128234863281 -0.0100240707397461 -0.00301742553710937 -0.0414009094238281
0.0166530609130859 -0.0018310546875 0.0104255676269531 -0.0482559204101563
0.0230751037597656 0.0131492614746094 0.0103797912597656 -0.0679817199707031
0.0190086364746094 0.0252132415771484 0.0206375122070313 -0.0823440551757813
0.008056640625 0.0449409484863281 0.0408477783203125 -0.0573806762695313
0.0148410797119141 0.0184535980224609 0.000782012939453127 -0.0168075561523438
0.016606330871582 0.00858211517333984 0.0237808227539063 0.0203952789306641
0.0118036270141602 0.000576972961425781 0.0488929748535156 0.0006866455078125
0.00969219207763672 -0.00493621826171875 0.0432929992675781 -0.0307884216308594
0.00448036193847656 -0.00930118560791016 0.0176048278808594 -0.0558395385742187
-0.00354576110839844 -0.0149679183959961 -0.0123825073242188 -0.0560150146484375
-0.00155448913574219 -0.0185165405273438 -0.0158767700195313 -0.0431900024414063
-0.00419425964355469 -0.0189323425292969 -0.0167427062988281 -0.0370826721191406
0.00513458251953125 -0.0194091796875 -0.0119037628173828 -0.0324878692626953
0.0179576873779297 -0.0163402557373047 -0.0102386474609375 -0.0295562744140625
0.0306529998779297 -0.00614738464355469 -0.007049560546875 -0.0403327941894531
0.0314998626708984 0.0248794555664063 0.00548553466796875 -0.0453605651855469
0.0225067138671875 0.0427398681640625 0.00686264038085937 -0.0620689392089844
0.00551986694335937 0.0583839416503906 0.0175247192382812 -0.0715789794921875
-0.00704193115234375 0.0720291137695313 0.041900634765625 -0.0398330688476562
0.01190185546875 0.04913330078125 0.00330877304077149 -0.00645112991333008
0.0358543395996094 0.0333480834960938 0.0254688262939453 0.028900146484375
0.0364341735839844 0.00487136840820313 0.0506782531738281 0.00806808471679688
0.0297679901123047 -0.0159626007080078 0.0464096069335938 -0.0240135192871094
0.0101604461669922 -0.0280609130859375 0.0188255310058594 -0.04876708984375
-0.00621223449707032 -0.0334606170654297 -0.00979232788085937 -0.0466728210449219
-0.00288009643554687 -0.0375137329101563 -0.0124378204345703 -0.0316562652587891
-0.00786972045898438 -0.0376930236816406 -0.0156326293945313 -0.0250968933105469
0.007781982421875 -0.0363578796386719 -0.0155506134033203 -0.0206756591796875
0.0303993225097656 -0.0300025939941406 -0.0163955688476562 -0.0199947357177734
0.05029296875 -0.00853347778320313 -0.0145301818847656 -0.0356330871582031
0.04754638671875 0.0417366027832031 -0.00134658813476563 -0.0408668518066406
0.0253524780273437 0.0639381408691406 0.00400543212890625 -0.0513381958007812
-0.0057830810546875 0.0828781127929688 0.0112113952636719 -0.051727294921875
-0.0230484008789063 0.0867767333984375 0.0361251831054688 -0.0159645080566406
0.00275421142578125 0.0729446411132813 0.00179958343505859 0.0107555389404297
0.0471420288085938 0.058441162109375 0.0232200622558594 0.0386123657226563
0.0570220947265625 0.0133476257324219 0.047882080078125 0.0178604125976563
0.048736572265625 -0.0214729309082031 0.045135498046875 -0.012664794921875
0.0173912048339844 -0.0418891906738281 0.0182647705078125 -0.0353240966796875
-0.00645828247070312 -0.0470504760742188 -0.00650215148925781 -0.0315494537353516
-0.00345611572265625 -0.0508956909179688 -0.00792407989501953 -0.0148782730102539
-0.0114517211914062 -0.0514411926269531 -0.0118827819824219 -0.00757408142089844
0.00756454467773438 -0.0481796264648437 -0.0176239013671875 -0.00381278991699219
0.0364189147949219 -0.0408592224121094 -0.0210475921630859 -0.00713729858398437
0.06072998046875 -0.0132064819335937 -0.0210037231445312 -0.0269126892089844
0.0581932067871094 0.0491600036621094 -0.00720405578613281 -0.0341720581054688
0.0273666381835937 0.0751266479492187 0.00468444824218751 -0.036773681640625
-0.0144195556640625 0.0937957763671875 0.00300407409667969 -0.0248508453369141
-0.0358123779296875 0.0873489379882813 0.0235767364501953 0.0146217346191406
-0.008270263671875 0.0835647583007813 -0.00224876403808594 0.0312213897705078
0.0472030639648437 0.0750656127929688 0.0176010131835938 0.0472030639648438
0.0669097900390625 0.022705078125 0.0390472412109375 0.0284614562988281
0.0597877502441406 -0.021575927734375 0.0383949279785156 0.00160598754882812
0.0230255126953125 -0.0489540100097656 0.0148859024047852 -0.0170164108276367
-0.00569152832031251 -0.052947998046875 -0.00196933746337891 -0.0119094848632813
-0.00384521484375 -0.0564002990722656 -0.00172638893127441 0.0031735897064209
-0.0135498046875 -0.0569190979003906 -0.00615882873535157 0.0109376907348633
0.00553131103515625 -0.0524978637695312 -0.0172529220581055 0.0143032073974609
0.0364875793457031 -0.0460624694824219 -0.0229663848876953 0.00677299499511718
0.0622062683105469 -0.0156631469726563 -0.0256137847900391 -0.016693115234375
0.0592880249023437 0.0505180358886719 -0.0108795166015625 -0.0266551971435547
0.0239639282226562 0.0759048461914063 0.00712966918945313 -0.0214691162109375
-0.02142333984375 0.0929412841796875 -0.00470209121704102 0.00272417068481446
-0.0408859252929688 0.0719985961914063 0.00890731811523437 0.0427932739257813
-0.018646240234375 0.0768280029296875 -0.00771331787109375 0.0497283935546875
0.0358505249023438 0.076385498046875 0.00872802734375 0.0508079528808594
0.0610237121582031 0.0280609130859375 0.0256500244140625 0.0356826782226563
0.0586471557617188 -0.0167999267578125 0.0266857147216797 0.0146484375
0.0241889953613281 -0.046478271484375 0.0105295181274414 0.0019683837890625
-0.00441741943359374 -0.0499725341796875 0.00264930725097656 0.00809574127197265
-0.00395584106445313 -0.0531501770019531 0.00448989868164062 0.0207767486572266
-0.0132598876953125 -0.0540390014648437 0.00016021728515625 0.0283603668212891
0.00413894653320312 -0.0493354797363281 -0.01580810546875 0.0308704376220703
0.0329513549804688 -0.0436439514160156 -0.0242061614990234 0.0185146331787109
0.0563697814941406 -0.0134506225585938 -0.0280895233154297 -0.00690460205078124
0.0518150329589844 0.0485954284667969 -0.0127182006835937 -0.0191574096679687
0.0149269104003906 0.0694389343261719 0.00920677185058594 -0.00681018829345703
-0.0270767211914062 0.0786666870117187 -0.0137119293212891 0.0278816223144531
-0.0372428894042969 0.0437126159667969 -0.0059051513671875 0.0656585693359375
-0.0220565795898437 0.0544662475585938 -0.0129547119140625 0.0635795593261719
0.0192489624023438 0.0609664916992188 0.000411987304687502 0.0499038696289063
0.0438499450683594 0.0257759094238281 0.0126876831054688 0.038604736328125
0.0452308654785156 -0.00976943969726563 0.0145816802978516 0.0238819122314453
0.0202980041503906 -0.0357475280761719 0.00526618957519531 0.0186119079589844
-0.003173828125 -0.0388412475585938 0.00794601440429687 0.0264377593994141
-0.0031585693359375 -0.0416069030761719 0.0106887817382812 0.0348644256591797
-0.0101318359375 -0.0435752868652344 0.00653076171875 0.0431442260742187
0.0032806396484375 -0.0401840209960937 -0.0141105651855469 0.0446319580078125
0.0274295806884766 -0.0349922180175781 -0.0259838104248047 0.0282859802246094
0.0457496643066406 -0.00843048095703125 -0.0305576324462891 0.000658035278320316
0.037384033203125 0.0431022644042969 -0.0154685974121094 -0.0146999359130859
0.00317001342773438 0.0563888549804687 0.0101947784423828 0.00463581085205078
-0.030548095703125 0.0545463562011719 -0.0225944519042969 0.0467376708984375
-0.0279216766357422 0.00787925720214844 -0.014617919921875 0.0775985717773438
-0.0215129852294922 0.0230655670166016 -0.0141067504882813 0.0703277587890625
0.00190162658691406 0.0335273742675781 -0.00481796264648437 0.0463714599609375
0.0200214385986328 0.0166225433349609 0.00405502319335938 0.0391731262207031
0.0239315032958984 -0.00299072265625 0.00638389587402344 0.0290813446044922
0.0116195678710937 -0.0198097229003906 0.00391960144042969 0.0300064086914063
-0.00123405456542969 -0.0219993591308594 0.0122451782226562 0.0383224487304688
-0.0022430419921875 -0.0245552062988281 0.0150032043457031 0.04425048828125
-0.00590705871582031 -0.027618408203125 0.00986480712890625 0.0534133911132813
0.00226020812988281 -0.0262317657470703 -0.0136947631835938 0.053466796875
0.0191707611083984 -0.0234127044677734 -0.0288448333740234 0.0335140228271484
0.0307750701904297 -0.00337600708007813 -0.0338687896728516 0.0062255859375
0.0206451416015625 0.0327816009521484 -0.0182056427001953 -0.0118789672851563
-0.00862884521484375 0.036865234375 0.00682926177978515 0.0120487213134766
-0.0303497314453125 0.0232639312744141 -0.0338096618652344 0.0577812194824219
0.0186805725097656 0.0123882293701172 0.0347251892089844 -0.0658187866210938
0.0120630264282227 -0.0106487274169922 -0.00315666198730469 -0.0201740264892578
-0.00390052795410156 -0.0119686126708984 0.0201797485351563 0.0156135559082031
-0.0116910934448242 -0.000123023986816406 0.0451393127441406 -0.003265380859375
-0.00753116607666016 0.00816822052001953 0.0397796630859375 -0.0333709716796875
0.000764846801757813 0.0102310180664063 0.0163764953613281 -0.0584335327148438
0.000859260559082031 0.00448369979858398 -0.0136299133300781 -0.0599403381347656
-6.41345977783204E-05 0.0028071403503418 -0.01824951171875 -0.0495033264160156
-0.0013582706451416 0.00336861610412598 -0.0171585083007812 -0.0426483154296875
-0.00188672542572021 -0.000305414199829102 -0.007598876953125 -0.0386581420898438
-0.000308513641357421 -0.00524044036865234 -0.00683212280273438 -0.0345458984375
0.00610828399658203 -0.01031494140625 -0.0032806396484375 -0.0422210693359375
0.0175228118896484 -0.00122165679931641 0.0104751586914063 -0.0493202209472656
0.0235328674316406 0.0134296417236328 0.0102615356445313 -0.06915283203125
0.0194950103759766 0.0261821746826172 0.0207366943359375 -0.0844650268554688
0.00830841064453126 0.0463104248046875 0.0409011840820312 -0.0582199096679687
0.0149784088134766 0.0194721221923828 0.000362396240234376 -0.016880989074707
0.0178813934326172 0.00876045227050781 0.0234165191650391 0.0206298828125
0.0120878219604492 0.000588417053222656 0.0496902465820313 0.00067138671875
0.00994968414306641 -0.00533199310302734 0.0444831848144531 -0.0312004089355469
0.00443267822265625 -0.00937175750732422 0.0185089111328125 -0.0573043823242188
-0.00362205505371094 -0.0153093338012695 -0.0134429931640625 -0.0575752258300781
-0.00212478637695313 -0.0189208984375 -0.0169677734375 -0.0443496704101562
-0.00424957275390625 -0.0191574096679688 -0.0178985595703125 -0.0378265380859375
0.00518608093261719 -0.0198287963867188 -0.0120124816894531 -0.0334720611572266
0.0185337066650391 -0.0169086456298828 -0.0110435485839844 -0.0307369232177734
0.03204345703125 -0.00674247741699219 -0.00798416137695312 -0.0417060852050781
0.0328216552734375 0.0256881713867188 0.00539398193359375 -0.0459861755371094
0.0234527587890625 0.0440292358398437 0.00682067871093751 -0.0636367797851563
0.00510406494140625 0.0604019165039063 0.0178298950195313 -0.073516845703125
-0.00722503662109375 0.0744247436523438 0.0422821044921875 -0.0407791137695312
0.0122108459472656 0.0504608154296875 0.0021204948425293 -0.00611066818237304
0.0375938415527344 0.0339775085449219 0.0257472991943359 0.0289821624755859
0.0374259948730469 0.004913330078125 0.0518608093261719 0.00835418701171875
0.0309295654296875 -0.0167694091796875 0.0479927062988281 -0.0241546630859375
0.0100078582763672 -0.0281772613525391 0.0193977355957031 -0.0499916076660156
-0.00701332092285156 -0.0343742370605469 -0.01068115234375 -0.0473251342773438
-0.00381851196289063 -0.0385055541992188 -0.0134296417236328 -0.0325107574462891
-0.00879287719726562 -0.0386543273925781 -0.0166339874267578 -0.0258464813232422
0.00791168212890625 -0.0370674133300781 -0.0167236328125 -0.0210533142089844
0.0315666198730469 -0.0308437347412109 -0.0166568756103516 -0.0211410522460938
0.0516700744628906 -0.00944137573242188 -0.0156059265136719 -0.0369644165039063
0.0495643615722656 0.0422744750976563 -0.00157546997070312 -0.0418014526367188
0.0265655517578125 0.0660972595214844 0.003662109375 -0.0527496337890625
-0.00563812255859376 0.0854568481445312 0.0111732482910156 -0.0536689758300781
-0.0234222412109375 0.0898666381835938 0.0362510681152344 -0.0157127380371094
0.00329589843750001 0.0750503540039063 0.000798225402832031 0.0111989974975586
0.0492820739746094 0.0594444274902344 0.0234909057617188 0.0393257141113281
0.058746337890625 0.0133056640625 0.0488128662109375 0.0186653137207031
0.0494918823242188 -0.0228462219238281 0.0464935302734375 -0.0125694274902344
0.01788330078125 -0.0426559448242188 0.0186233520507813 -0.035858154296875
-0.00709915161132812 -0.0481605529785156 -0.007049560546875 -0.0319919586181641
-0.004058837890625 -0.0522232055664063 -0.00812530517578125 -0.0155487060546875
-0.0124931335449219 -0.0524978637695313 -0.0121679306030273 -0.00828838348388672
0.00743865966796875 -0.0490951538085938 -0.0182647705078125 -0.00377082824707032
0.0366706848144531 -0.0424766540527344 -0.0215873718261719 -0.0075531005859375
0.0625648498535156 -0.014312744140625 -0.0226802825927734 -0.0280513763427734
0.0605010986328125 0.0499153137207031 -0.00679397583007812 -0.0350837707519531
0.0280685424804688 0.0770111083984375 0.00431442260742188 -0.0380592346191406
-0.0142135620117188 0.0974044799804688 0.00310325622558594 -0.0258884429931641
-0.0365066528320313 0.089996337890625 0.0231742858886719 0.0151290893554688
-0.00847625732421874 0.0863494873046875 -0.00314521789550782 0.0322723388671875
0.04949951171875 0.0769424438476562 0.0174713134765625 0.0469322204589844
0.0686302185058594 0.0229339599609375 0.0398979187011719 0.0293998718261719
0.061065673828125 -0.0233306884765625 0.0388832092285156 0.00188064575195312
0.0233001708984375 -0.0504341125488281 0.015385627746582 -0.0169286727905273
-0.00648880004882813 -0.0537147521972656 -0.00192928314208985 -0.0118541717529297
-0.00481796264648437 -0.0581016540527344 -0.0014193058013916 0.00335884094238281
-0.0146026611328125 -0.0578193664550781 -0.00609111785888672 0.0106573104858398
0.00494384765624999 -0.0537300109863281 -0.0177326202392578 0.014892578125
0.0368843078613281 -0.0472145080566406 -0.0237998962402344 0.00681877136230469
0.0635452270507813 -0.0166549682617188 -0.02667236328125 -0.0172824859619141
0.06195068359375 0.0513687133789063 -0.0108394622802734 -0.0275154113769531
0.024688720703125 0.0783309936523438 0.00735092163085938 -0.0223045349121094
-0.0215072631835937 0.0958404541015625 -0.00493144989013672 0.00259733200073243
-0.0419540405273437 0.0741806030273438 0.0082244873046875 0.0443229675292969
-0.0188064575195312 0.0793991088867188 -0.00868988037109375 0.0506858825683594
0.0376205444335937 0.0782852172851563 0.00820159912109375 0.0517539978027344
0.0626640319824219 0.0280570983886719 0.0263175964355469 0.0370750427246094
0.0601844787597656 -0.0177688598632813 0.0273952484130859 0.0154476165771484
0.0244026184082031 -0.0476036071777344 0.0107412338256836 0.00239467620849609
-0.00521087646484374 -0.0512847900390625 0.00339698791503906 0.00909423828125
-0.00479888916015624 -0.0548057556152344 0.00509452819824219 0.0208721160888672
-0.0139236450195313 -0.0549545288085938 0.000890731811523437 0.0290107727050781
0.0036163330078125 -0.0502662658691406 -0.0159225463867188 0.0318756103515625
0.0335006713867188 -0.0446357727050781 -0.024810791015625 0.0184364318847656
0.0574684143066406 -0.0143470764160156 -0.0293502807617187 -0.00739479064941406
0.0537834167480469 0.0489082336425781 -0.0132369995117187 -0.0200767517089844
0.0159072875976563 0.0714340209960937 0.00963878631591797 -0.00716495513916015
-0.0272369384765625 0.0812911987304688 -0.0137290954589844 0.02813720703125
-0.0383796691894531 0.0451431274414062 -0.006622314453125 0.0678749084472656
-0.02288818359375 0.0564041137695313 -0.0135688781738281 0.0651435852050781
0.0203781127929687 0.0622711181640625 -8.01086425781228E-05 0.0512313842773438
0.0448417663574219 0.0257987976074219 0.0128250122070313 0.0402984619140625
0.0463638305664063 -0.0103607177734375 0.0149555206298828 0.0246524810791016
0.0204734802246094 -0.0370712280273438 0.00626564025878906 0.0203113555908203
-0.0035400390625 -0.0395050048828125 0.00846290588378906 0.0273780822753906
-0.00358200073242187 -0.0432891845703125 0.0115623474121094 0.0356979370117188
-0.0109748840332031 -0.0445365905761719 0.00736236572265625 0.0440444946289063
0.00297927856445313 -0.0410537719726562 -0.0139122009277344 0.0462379455566406
0.0274276733398438 -0.0356216430664063 -0.0265464782714844 0.0284767150878906
0.0465507507324219 -0.00953292846679688 -0.03204345703125 0.000844955444335932
0.0393180847167969 0.0432929992675781 -0.0149698257446289 -0.0148487091064453
0.00357055664062499 0.057403564453125 0.0105323791503906 0.004791259765625
-0.0308609008789062 0.0557327270507813 -0.0233879089355469 0.0472030639648438
-0.0287322998046875 0.00781822204589844 -0.0150527954101563 0.079559326171875
-0.0221920013427734 0.0237598419189453 -0.0142059326171875 0.072021484375
0.00213050842285156 0.0343894958496094 -0.00558853149414063 0.0476799011230469
0.0203227996826172 0.016845703125 0.00437164306640625 0.0406227111816406
0.0246639251708984 -0.00296783447265625 0.00657844543457031 0.0301971435546875
0.0121135711669922 -0.0199909210205078 0.0039215087890625 0.0312671661376953
-0.00148773193359375 -0.0221958160400391 0.0131416320800781 0.0387954711914063
-0.00216293334960937 -0.0250053405761719 0.0162696838378906 0.0448036193847656
-0.00606536865234375 -0.0283985137939453 0.0113182067871094 0.054229736328125
0.00243186950683594 -0.0266551971435547 -0.0131988525390625 0.0550079345703125
0.0190715789794922 -0.0237617492675781 -0.0297260284423828 0.0347251892089844
0.0313777923583984 -0.00377845764160156 -0.0353507995605469 0.00592803955078125
0.0218925476074219 0.0334300994873047 -0.0186214447021484 -0.0123214721679687
-0.008270263671875 0.0381851196289063 0.00710868835449219 0.0120372772216797
-0.03106689453125 0.0236492156982422 -0.0341110229492187 0.0581130981445313
0.0197105407714844 0.0125522613525391 0.0342445373535156 -0.0678443908691406
0.0123691558837891 -0.0110998153686523 -0.0041961669921875 -0.0207080841064453
-0.00426101684570312 -0.0123863220214844 0.0206108093261719 0.0156650543212891
-0.0115480422973633 0.000607490539550779 0.0466804504394531 -0.00400543212890625
-0.0077977180480957 0.00863933563232422 0.0404701232910156 -0.0354347229003906
0.00126743316650391 0.0101642608642578 0.015716552734375 -0.0610504150390625
0.000941038131713867 0.00430464744567871 -0.0168075561523438 -0.0611610412597656
-0.000449895858764649 0.00278663635253906 -0.0209465026855469 -0.0505561828613281
-0.00155973434448242 0.00317978858947754 -0.0198860168457031 -0.043609619140625
-0.00140893459320068 -0.000420928001403809 -0.00923538208007812 -0.0405960083007813
-0.000366210937499999 -0.00548553466796875 -0.00750732421875 -0.0363616943359375
0.00622081756591797 -0.0104961395263672 -0.00438690185546875 -0.0435142517089844
0.0177993774414063 -0.00144386291503906 0.0100746154785156 -0.0509414672851563
0.0247058868408203 0.0131607055664063 0.00904083251953126 -0.0717086791992188
0.0207023620605469 0.0265159606933594 0.0196304321289063 -0.0875625610351563
0.00919723510742187 0.0481338500976562 0.0407867431640625 -0.0609703063964844
0.0162525177001953 0.0197906494140625 -0.000706672668457029 -0.0169734954833984
0.0189399719238281 0.00803947448730469 0.0246238708496094 0.0205402374267578
0.0121774673461914 7.2479248046875E-05 0.0514183044433594 -0.000423431396484375
0.0102806091308594 -0.00575637817382813 0.0460281372070313 -0.0334014892578125
0.00429534912109375 -0.0100688934326172 0.0175323486328125 -0.0599708557128906
-0.00469875335693359 -0.0159330368041992 -0.0160179138183594 -0.0584945678710937
-0.00325393676757813 -0.0200939178466797 -0.0195426940917969 -0.0455894470214844
-0.00529670715332031 -0.0200691223144531 -0.0205421447753906 -0.0393714904785156
0.00478363037109375 -0.0204753875732422 -0.0136375427246094 -0.034942626953125
0.0188503265380859 -0.0182456970214844 -0.0120296478271484 -0.0318412780761719
0.0328617095947266 -0.00793075561523438 -0.0097503662109375 -0.0425529479980469
0.0347652435302734 0.0259628295898438 0.0048065185546875 -0.0478248596191406
0.0252189636230469 0.0448875427246094 0.00516891479492188 -0.0656661987304687
0.00711441040039063 0.0623855590820312 0.0167999267578125 -0.0762939453125
-0.00559234619140625 0.0769195556640625 0.0417976379394531 -0.0420074462890625
0.0143051147460937 0.0523872375488281 0.00127935409545898 -0.00610780715942382
0.0399284362792969 0.0336990356445313 0.0268592834472656 0.0290889739990234
0.038787841796875 0.00407028198242188 0.0535087585449219 0.00723648071289063
0.0307350158691406 -0.0180835723876953 0.0497207641601563 -0.0261497497558594
0.0096435546875 -0.0298728942871094 0.0190086364746094 -0.0521659851074219
-0.00811004638671874 -0.0352592468261719 -0.0128517150878906 -0.04876708984375
-0.00538253784179688 -0.0399169921875 -0.0150394439697266 -0.0336818695068359
-0.0101318359375 -0.0399055480957031 -0.0185337066650391 -0.0264301300048828
0.00712203979492187 -0.0386085510253906 -0.0177097320556641 -0.0220165252685547
0.0315837860107422 -0.0327033996582031 -0.0181941986083984 -0.0218887329101563
0.0533027648925781 -0.0113296508789063 -0.0177879333496094 -0.0377464294433594
0.0529632568359375 0.04315185546875 -0.00228500366210937 -0.0432624816894531
0.02899169921875 0.0678062438964844 0.00262451171875 -0.0541038513183594
-0.0035247802734375 0.0889892578125 0.00995635986328125 -0.0557403564453125
-0.0223236083984375 0.0939483642578125 0.03570556640625 -0.0164794921875
0.00571441650390625 0.0780715942382812 2.47955322265616E-05 0.0117464065551758
0.0529251098632813 0.0596427917480469 0.0245704650878906 0.039306640625
0.0608329772949219 0.01226806640625 0.0508804321289063 0.0184555053710937
0.05047607421875 -0.0251197814941406 0.048248291015625 -0.0139236450195313
0.0168724060058594 -0.0448455810546875 0.0187835693359375 -0.037689208984375
-0.00910186767578125 -0.0494194030761719 -0.00780105590820313 -0.0327320098876953
-0.00666427612304688 -0.0546379089355469 -0.00902938842773438 -0.0164690017700195
-0.0143699645996094 -0.0542793273925781 -0.0130538940429688 -0.00881767272949219
0.00629043579101563 -0.0506820678710937 -0.0191230773925781 -0.00372123718261719
0.0369224548339844 -0.0445175170898438 -0.0224418640136719 -0.00782203674316407
0.0638885498046875 -0.0161895751953125 -0.0245761871337891 -0.0285911560058594
0.0646629333496094 0.05023193359375 -0.00801849365234375 -0.0363082885742188
0.0312271118164063 0.0792922973632813 0.00318527221679688 -0.0396499633789063
-0.0118179321289062 0.101661682128906 0.00228500366210937 -0.0268421173095703
-0.035491943359375 0.09442138671875 0.0231342315673828 0.0157222747802734
-0.0062255859375 0.089569091796875 -0.00377845764160157 0.0331687927246094
0.0531005859375 0.077972412109375 0.0184364318847656 0.0480117797851563
0.071319580078125 0.0218048095703125 0.0411720275878906 0.0295372009277344
0.0626754760742188 -0.0254592895507813 0.0407905578613281 0.00136566162109375
0.0225563049316406 -0.0520515441894531 0.0155067443847656 -0.0182094573974609
-0.00840377807617188 -0.0555915832519531 -0.00232124328613281 -0.0119075775146484
-0.00752639770507812 -0.0603828430175781 -0.00112009048461914 0.00294113159179687
-0.0170478820800781 -0.0595207214355469 -0.00562572479248047 0.0109758377075195
0.00383758544921875 -0.05584716796875 -0.0177764892578125 0.0160274505615234
0.0364608764648438 -0.0499725341796875 -0.0243701934814453 0.00712013244628905
0.0656547546386719 -0.0190162658691406 -0.0287513732910156 -0.0177555084228516
0.0665435791015625 0.05120849609375 -0.0118579864501953 -0.0283012390136719
0.027862548828125 0.0804595947265625 0.00675010681152344 -0.0231704711914062
-0.0194015502929688 0.0999526977539062 -0.00551843643188477 0.00265789031982422
-0.041473388671875 0.077484130859375 0.00868606567382812 0.0460166931152344
-0.0172882080078125 0.0830001831054687 -0.008758544921875 0.0527229309082031
0.0410842895507813 0.07989501953125 0.00904083251953125 0.0525398254394531
0.0653877258300781 0.0274543762207031 0.0275917053222656 0.0377655029296875
0.0617713928222656 -0.020355224609375 0.0286178588867188 0.0158672332763672
0.0242538452148438 -0.0498237609863281 0.0114059448242188 0.00312137603759765
-0.006683349609375 -0.0525093078613281 0.00384330749511719 0.00945758819580078
-0.00699615478515624 -0.0571403503417969 0.00657463073730469 0.0213584899902344
-0.0165481567382813 -0.0564460754394531 0.00203323364257813 0.0297641754150391
0.00241851806640625 -0.0518684387207031 -0.0151538848876953 0.0334415435791016
0.0329017639160156 -0.0468177795410156 -0.0251865386962891 0.0194759368896484
0.0590553283691406 -0.0167274475097656 -0.0311336517333984 -0.00712203979492187
0.0576400756835938 0.049041748046875 -0.0138664245605469 -0.0203742980957031
0.0186691284179687 0.073272705078125 0.0100040435791016 -0.00845813751220703
-0.0252685546875 0.084716796875 -0.0136775970458984 0.0286617279052734
-0.0391616821289063 0.0474357604980469 -0.0063018798828125 0.070526123046875
-0.0216751098632812 0.0582771301269531 -0.01312255859375 0.0673179626464844
0.0225639343261719 0.0633735656738281 4.57763671874976E-05 0.0524635314941406
0.0467567443847656 0.0255928039550781 0.013824462890625 0.0411224365234375
0.0475807189941406 -0.0122451782226563 0.0157413482666016 0.0256595611572266
0.0197563171386719 -0.0386695861816406 0.00676727294921875 0.0214080810546875
-0.00437545776367188 -0.0408477783203125 0.00997161865234375 0.0283126831054687
-0.0055694580078125 -0.044891357421875 0.0136909484863281 0.0363426208496094
-0.0130882263183594 -0.0456390380859375 0.00927734375 0.0446853637695312
0.00170516967773437 -0.0422210693359375 -0.0123558044433594 0.0477027893066406
0.02703857421875 -0.0379524230957031 -0.0269126892089844 0.0296401977539063
0.0474205017089844 -0.0111274719238281 -0.0338077545166016 0.00139617919921874
0.0418853759765625 0.0437507629394531 -0.0162315368652344 -0.0153017044067383
0.00492477416992188 0.0597953796386719 0.0112619400024414 0.00362110137939453
-0.0304527282714844 0.0586357116699219 -0.022430419921875 0.0491600036621094
-0.0291404724121094 0.00819969177246094 -0.0142898559570313 0.0828094482421875
-0.0222320556640625 0.0245456695556641 -0.0134353637695312 0.0747451782226563
0.00322723388671875 0.0349788665771484 -0.0054473876953125 0.0492515563964844
0.0209808349609375 0.0172080993652344 0.00519180297851563 0.0420646667480469
0.0249195098876953 -0.00404930114746094 0.00702857971191406 0.0318031311035156
0.0118503570556641 -0.0213756561279297 0.00536727905273438 0.0332698822021484
-0.00228500366210937 -0.0227546691894531 0.015716552734375 0.0398063659667969
-0.00353050231933594 -0.0262889862060547 0.018707275390625 0.045989990234375
-0.00789260864257813 -0.0290775299072266 0.0134658813476563 0.0556144714355469
0.00177764892578125 -0.0277214050292969 -0.0117263793945312 0.057373046875
0.0189094543457031 -0.0250873565673828 -0.0298881530761719 0.036041259765625
0.0321502685546875 -0.0047607421875 -0.0361213684082031 0.00679397583007812
0.0233840942382812 0.0335903167724609 -0.0192089080810547 -0.0128097534179687
-0.00770950317382813 0.0393867492675781 0.00764560699462891 0.011601448059082
-0.0308151245117187 0.0251312255859375 -0.0338516235351562 0.06024169921875
0.0204524993896484 0.0125846862792969 0.031585693359375 -0.0701980590820313
0.0118341445922852 -0.0117073059082031 -0.00584793090820312 -0.0201702117919922
-0.00493049621582031 -0.0129680633544922 0.0216617584228516 0.0155963897705078
-0.0121545791625977 0.00102996826171875 0.0475807189941406 -0.00600814819335938
-0.007354736328125 0.00915336608886719 0.0401878356933594 -0.0378265380859375
0.00179195404052734 0.0101470947265625 0.0131874084472656 -0.0634117126464844
0.00150442123413086 0.00435566902160645 -0.0204544067382813 -0.0618476867675781
-0.000352382659912109 0.00235438346862793 -0.0245895385742187 -0.0506973266601563
-0.00149989128112793 0.00307416915893555 -0.0229721069335938 -0.0439796447753906
-0.0015033483505249 -0.000560283660888672 -0.0114669799804687 -0.0411796569824219
-0.000218391418457031 -0.00572347640991211 -0.00960540771484375 -0.0371017456054687
0.00559043884277344 -0.011199951171875 -0.00616073608398438 -0.0440750122070313
0.0182647705078125 -0.00177192687988281 0.00879287719726563 -0.0524139404296875
0.0257835388183594 0.0130825042724609 0.00672149658203125 -0.0732498168945312
0.0218963623046875 0.0263004302978516 0.0169296264648438 -0.08990478515625
0.0112762451171875 0.0492324829101563 0.0382347106933594 -0.062469482421875
0.0177040100097656 0.0200901031494141 -0.00210189819335937 -0.0167684555053711
0.0201702117919922 0.00719451904296875 0.0253410339355469 0.0200462341308594
0.0127134323120117 -0.000383377075195313 0.0521011352539063 -0.00259780883789063
0.0100183486938477 -0.00646686553955078 0.0457077026367188 -0.035797119140625
0.0041046142578125 -0.0103578567504883 0.0150985717773438 -0.0620765686035156
-0.00509929656982422 -0.0160903930664063 -0.0191726684570312 -0.0593338012695313
-0.00433540344238281 -0.0207138061523438 -0.0228347778320313 -0.0457115173339844
-0.00643157958984375 -0.0201244354248047 -0.02374267578125 -0.0389900207519531
0.00453758239746094 -0.0212860107421875 -0.0159797668457031 -0.0353927612304688
0.0188388824462891 -0.0197658538818359 -0.0137424468994141 -0.0324192047119141
0.0330181121826172 -0.0095062255859375 -0.0120086669921875 -0.0433197021484375
0.0369415283203125 0.0252227783203125 0.00351715087890625 -0.04913330078125
0.0273857116699219 0.0451431274414063 0.00236892700195313 -0.0668296813964844
0.00976181030273437 0.0637550354003906 0.0139083862304688 -0.0787200927734375
-0.00266265869140624 0.0797576904296875 0.0400390625 -0.04412841796875
0.0170745849609375 0.0528221130371094 0.000379085540771486 -0.00551080703735351
0.0431442260742188 0.0320854187011719 0.0274143218994141 0.02838134765625
0.0397834777832031 0.00219345092773438 0.0548248291015625 0.00604248046875
0.0306968688964844 -0.0202693939208984 0.0497627258300781 -0.0284042358398438
0.00860977172851563 -0.0308647155761719 0.0174102783203125 -0.0542106628417969
-0.0102157592773437 -0.0355567932128906 -0.0153274536132813 -0.0493583679199219
-0.007904052734375 -0.0412826538085938 -0.0174274444580078 -0.0339012145996094
-0.0126724243164062 -0.0404777526855469 -0.0204792022705078 -0.0263557434082031
0.0055999755859375 -0.0396080017089844 -0.0193672180175781 -0.0218162536621094
0.0309104919433594 -0.0349502563476563 -0.0195732116699219 -0.0218372344970703
0.0540428161621094 -0.013946533203125 -0.0199546813964844 -0.037841796875
0.0567054748535156 0.0415878295898438 -0.00386810302734375 -0.0435562133789063
0.0324325561523438 0.0681266784667969 0.000209808349609373 -0.0556831359863281
0.000190734863281244 0.0913925170898438 0.00750732421875 -0.057373046875
-0.019073486328125 0.0968399047851563 0.0349025726318359 -0.0177097320556641
0.00955200195312499 0.0796737670898437 -0.000337600708007811 0.012110710144043
0.0573959350585938 0.0582351684570312 0.0253715515136719 0.0388298034667969
0.0624465942382813 0.00957870483398438 0.0522956848144531 0.0170822143554688
0.0502662658691406 -0.0284767150878906 0.0489997863769531 -0.0155830383300781
0.0151557922363281 -0.04644775390625 0.0179901123046875 -0.0388832092285156
-0.0116310119628906 -0.0498580932617187 -0.00941276550292969 -0.0326271057128906
-0.00990676879882813 -0.0560111999511719 -0.0101194381713867 -0.0166254043579102
-0.0175666809082031 -0.0542106628417969 -0.0140886306762695 -0.00832366943359375
0.00411605834960937 -0.0521888732910156 -0.0198192596435547 -0.00293350219726563
0.0357742309570313 -0.0472488403320312 -0.0234432220458984 -0.00766372680664063
0.0650596618652344 -0.0200309753417969 -0.0270328521728516 -0.0284194946289063
0.0689582824707031 0.0482978820800781 -0.00922775268554687 -0.036865234375
0.0354690551757813 0.0796661376953125 0.00177383422851563 -0.0406150817871094
-0.00721740722656249 0.104667663574219 0.00080680847167969 -0.0280303955078125
-0.0326385498046875 0.097503662109375 0.0237770080566406 0.0154876708984375
-0.00206756591796875 0.091888427734375 -0.00310134887695312 0.0343208312988281
0.0586624145507813 0.0766067504882813 0.0196495056152344 0.0479545593261719
0.0738525390625 0.0188522338867188 0.0428428649902344 0.0287895202636719
0.0623817443847656 -0.0295372009277344 0.0419273376464844 0.000217437744140623
0.0209617614746094 -0.0541000366210938 0.0161762237548828 -0.0180854797363281
-0.0110054016113281 -0.0557632446289063 -0.00252819061279297 -0.0115547180175781
-0.010955810546875 -0.0616912841796875 -0.00109982490539551 0.00289320945739746
-0.0206069946289062 -0.0598411560058594 -0.00533866882324219 0.0111455917358398
0.00115585327148438 -0.0566635131835938 -0.0170793533325195 0.0170125961303711
0.0345268249511719 -0.0525283813476563 -0.0252189636230469 0.00767326354980468
0.0659980773925781 -0.0226783752441406 -0.0311527252197266 -0.0169010162353516
0.0707244873046875 0.049224853515625 -0.0127029418945313 -0.0287036895751953
0.0323867797851563 0.0814743041992187 0.00634956359863282 -0.0243415832519531
-0.0144424438476563 0.103103637695313 -0.00522947311401367 0.0022878646850586
-0.0393905639648438 0.0813446044921875 0.00989151000976562 0.0470314025878906
-0.014007568359375 0.0854110717773438 -0.00724411010742188 0.0543975830078125
0.0460586547851563 0.0792617797851563 0.00996017456054688 0.052734375
0.0681686401367188 0.0254249572753906 0.0290870666503906 0.0376739501953125
0.0620880126953125 -0.0239982604980469 0.0298748016357422 0.0155162811279297
0.0222587585449219 -0.0521163940429687 0.0124654769897461 0.00317001342773437
-0.00914382934570313 -0.0526962280273437 0.00452518463134766 0.00960063934326172
-0.0102920532226562 -0.0581779479980469 0.00806045532226562 0.0211467742919922
-0.019927978515625 -0.0567512512207031 0.00352859497070312 0.0294322967529297
0.000190734863281255 -0.0533027648925781 -0.0137100219726562 0.0345687866210938
0.0313224792480469 -0.0490608215332031 -0.0254058837890625 0.0203685760498047
0.0596771240234375 -0.019927978515625 -0.0324668884277344 -0.00642204284667969
0.0611572265625 0.0470771789550781 -0.0143775939941406 -0.0208892822265625
0.02215576171875 0.0740127563476563 0.009246826171875 -0.00953292846679687
-0.0218048095703125 0.087738037109375 -0.01263427734375 0.0295791625976563
-0.0375900268554688 0.0496368408203125 -0.00371551513671875 0.0725173950195313
-0.0201034545898438 0.0605621337890625 -0.0109291076660156 0.069610595703125
0.0263481140136719 0.0635528564453125 0.00149154663085938 0.0533027648925781
0.0489044189453125 0.024261474609375 0.0156707763671875 0.0414924621582031
0.0477294921875 -0.0152969360351563 0.0172176361083984 0.0262775421142578
0.0186576843261719 -0.0401992797851563 0.00851058959960938 0.0222568511962891
-0.00639724731445312 -0.0409927368164063 0.0122184753417969 0.0287685394287109
-0.008148193359375 -0.0453910827636719 0.015838623046875 0.0357284545898438
-0.0161819458007813 -0.0462913513183594 0.0119514465332031 0.0450363159179688
0.000419616699218748 -0.0428314208984375 -0.0101280212402344 0.0492668151855469
0.0259017944335937 -0.0396080017089844 -0.0266151428222656 0.0315837860107422
0.0480575561523438 -0.0133056640625 -0.0342350006103516 0.00227737426757812
0.0450096130371094 0.0423316955566406 -0.0167102813720703 -0.0152568817138672
0.00805282592773438 0.0601425170898438 0.0114545822143555 0.0027313232421875
-0.0284194946289062 0.0609779357910156 -0.0214614868164063 0.0501670837402344
-0.0298652648925781 0.00980377197265625 -0.0118865966796875 0.0854339599609375
-0.0217113494873047 0.0259990692138672 -0.0111770629882813 0.0761947631835938
0.00475692749023438 0.0359039306640625 -0.00362396240234375 0.0501022338867188
0.0223274230957031 0.0165271759033203 0.00647735595703125 0.0428810119628906
0.0255184173583984 -0.00559616088867188 0.00851249694824219 0.0321998596191406
0.0108928680419922 -0.0226459503173828 0.00721359252929687 0.0343780517578125
-0.00328254699707031 -0.0229072570800781 0.0181198120117188 0.0406684875488281
-0.0050201416015625 -0.0267314910888672 0.0218582153320313 0.0457077026367188
-0.00953865051269531 -0.0293006896972656 0.0173263549804688 0.055755615234375
0.000442504882812498 -0.0280780792236328 -0.0092926025390625 0.0588531494140625
0.0181407928466797 -0.0263195037841797 -0.029205322265625 0.0375022888183594
0.0324459075927734 -0.00623130798339844 -0.0368766784667969 0.00819778442382812
0.0257625579833984 0.0330772399902344 -0.0199298858642578 -0.0125560760498047
-0.00586318969726562 0.040496826171875 0.0088043212890625 0.0102548599243164
-0.0303421020507812 0.0267391204833984 -0.03216552734375 0.0625152587890625
0.0211524963378906 0.0122261047363281 0.0288238525390625 -0.0705642700195313
0.011444091796875 -0.0123367309570313 -0.0072174072265625 -0.0195808410644531
-0.00495052337646484 -0.0130558013916016 0.0214462280273438 0.0154609680175781
-0.0116891860961914 0.00164985656738281 0.047119140625 -0.00735092163085937
-0.00650691986083984 0.00886249542236328 0.0390625 -0.0394515991210938
0.00219345092773438 0.00944042205810547 0.0108757019042969 -0.0639877319335938
0.00133609771728516 0.00376200675964355 -0.0232391357421875 -0.0609664916992188
-0.000446319580078125 0.00266742706298828 -0.027587890625 -0.0493049621582031
-0.0015876293182373 0.00318503379821777 -0.0256729125976562 -0.0425300598144531
-0.00148415565490723 -0.000821113586425781 -0.0139350891113281 -0.0414314270019531
-0.000462055206298828 -0.00614118576049805 -0.0112800598144531 -0.0372886657714844
0.00514602661132813 -0.0115480422973633 -0.00795364379882813 -0.0439262390136719
0.0186786651611328 -0.00251197814941406 0.00712203979492188 -0.052093505859375
0.0267219543457031 0.0117664337158203 0.00386047363281249 -0.0726242065429688
0.0227680206298828 0.0252094268798828 0.0134963989257813 -0.0907058715820312
0.0134429931640625 0.0491676330566406 0.0353660583496094 -0.0633697509765625
0.0185623168945313 0.0193462371826172 -0.00353050231933594 -0.0162076950073242
0.0206451416015625 0.00585746765136719 0.0255889892578125 0.0193843841552734
0.012847900390625 -0.000860214233398438 0.0523033142089844 -0.003692626953125
0.00995922088623047 -0.00712490081787109 0.0451164245605469 -0.0380935668945312
0.00369644165039063 -0.0108613967895508 0.0129508972167969 -0.0631484985351563
-0.00601768493652344 -0.0163068771362305 -0.0220260620117188 -0.0583953857421875
-0.00568389892578125 -0.0207462310791016 -0.0251541137695312 -0.0445175170898438
-0.00758934020996094 -0.0202293395996094 -0.0255050659179688 -0.0376625061035156
0.00360298156738281 -0.0219936370849609 -0.0176773071289062 -0.0352745056152344
0.0182723999023438 -0.0206680297851563 -0.0154075622558594 -0.0324344635009766
0.0324554443359375 -0.0110397338867188 -0.0135078430175781 -0.0424575805664063
0.0389060974121094 0.0240707397460938 0.00189208984375001 -0.0488510131835938
0.0293846130371094 0.043853759765625 -5.34057617187494E-05 -0.0665130615234375
0.0127601623535156 0.063507080078125 0.0108489990234375 -0.0790328979492188
0.000495910644531245 0.0798416137695313 0.0374641418457031 -0.0445137023925781
0.0195541381835938 0.0525665283203125 -0.000673294067382811 -0.00506401062011718
0.0445976257324219 0.0297355651855469 0.0275287628173828 0.0271987915039063
0.0399551391601563 0.00037384033203125 0.0547904968261719 0.00402069091796875
0.0294666290283203 -0.0218257904052734 0.049285888671875 -0.0305557250976563
0.0073089599609375 -0.0314121246337891 0.0155105590820312 -0.0549201965332031
-0.0113658905029297 -0.0351409912109375 -0.0177345275878906 -0.0483779907226562
-0.0101356506347656 -0.0408477783203125 -0.0194931030273438 -0.0331516265869141
-0.0144691467285156 -0.0396842956542969 -0.0221710205078125 -0.0255069732666016
0.004150390625 -0.03985595703125 -0.0202865600585938 -0.0213527679443359
0.0294456481933594 -0.0365333557128906 -0.0204067230224609 -0.0215187072753906
0.0534934997558594 -0.0163116455078125 -0.0222740173339844 -0.0366020202636719
0.0590591430664063 0.03912353515625 -0.00513076782226562 -0.0438652038574219
0.0352363586425781 0.06671142578125 -0.00201797485351563 -0.0552787780761719
0.00469970703125001 0.0914382934570313 0.00569915771484375 -0.0573310852050781
-0.0152359008789063 0.0983352661132813 0.0336208343505859 -0.0181941986083984
0.0129776000976562 0.0794219970703125 -0.000915527343749998 0.0128984451293945
0.060455322265625 0.0556526184082031 0.0265312194824219 0.0378570556640625
0.0629692077636719 0.0068359375 0.0525703430175781 0.0150871276855469
0.0491523742675781 -0.0311431884765625 0.0488395690917969 -0.0174903869628906
0.0135498046875 -0.0470390319824219 0.0169486999511719 -0.0395965576171875
-0.0135612487792969 -0.0489959716796875 -0.0107536315917969 -0.0320587158203125
-0.0133323669433594 -0.0557327270507813 -0.0110721588134766 -0.0163784027099609
-0.0201950073242188 -0.053375244140625 -0.0148286819458008 -0.00791549682617188
0.0015411376953125 -0.0523300170898438 -0.0200271606445313 -0.00235748291015626
0.0335464477539063 -0.0490150451660156 -0.0239944458007812 -0.00706100463867188
0.0641212463378906 -0.02301025390625 -0.0289630889892578 -0.0270824432373047
0.07196044921875 0.0449752807617188 -0.0107192993164062 -0.0368995666503906
0.0386962890625 0.0782928466796875 0.000194549560546878 -0.0406570434570312
-0.00272369384765625 0.105094909667969 -0.000482559204101562 -0.0282173156738281
-0.0284500122070313 0.100013732910156 0.0232505798339844 0.0153217315673828
0.00165557861328126 0.0924911499023438 -0.00280952453613282 0.0346584320068359
0.0621414184570312 0.0735702514648437 0.0203170776367188 0.0467109680175781
0.0742340087890625 0.015716552734375 0.0439834594726563 0.0273246765136719
0.0614051818847656 -0.0322074890136719 0.04205322265625 -0.00134658813476563
0.0184249877929688 -0.0551834106445312 0.0158405303955078 -0.0183467864990234
-0.01348876953125 -0.0556488037109375 -0.00275135040283203 -0.0110311508178711
-0.0143699645996094 -0.0614204406738281 -0.000555753707885743 0.0025184154510498
-0.0236282348632812 -0.0587348937988281 -0.0050811767578125 0.0109834671020508
-0.0012359619140625 -0.0563583374023437 -0.0160007476806641 0.017669677734375
0.0327072143554687 -0.0540351867675781 -0.0250530242919922 0.00864028930664062
0.0650711059570313 -0.0261421203613281 -0.0325565338134766 -0.0155963897705078
0.0732574462890625 0.04541015625 -0.0133533477783203 -0.0284748077392578
0.0358047485351563 0.0795745849609375 0.00499916076660156 -0.0249118804931641
-0.0100021362304687 0.10357666015625 -0.00581645965576172 0.0023036003112793
-0.0363311767578125 0.0825958251953125 0.0113105773925781 0.0470085144042969
-0.0100326538085938 0.0856246948242187 -0.00608444213867187 0.0546226501464844
0.0498199462890625 0.076629638671875 0.011138916015625 0.0520744323730469
0.0688018798828125 0.0225677490234375 0.0301513671875 0.0367202758789063
0.0605735778808594 -0.0265769958496094 0.0308303833007813 0.0147533416748047
0.0199737548828125 -0.0532112121582031 0.0128679275512695 0.00335311889648437
-0.0113182067871094 -0.0525550842285156 0.00571155548095703 0.0100774765014648
-0.0136451721191406 -0.0578193664550781 0.00879096984863281 0.0204868316650391
-0.0228500366210938 -0.055694580078125 0.00490760803222656 0.0290927886962891
-0.00224685668945312 -0.0529022216796875 -0.0116729736328125 0.0352783203125
0.029022216796875 -0.0503349304199219 -0.0249252319335937 0.0213565826416016
0.0583877563476563 -0.0225563049316406 -0.0334243774414062 -0.0049591064453125
0.0638198852539063 0.0439453125 -0.0151710510253906 -0.0203456878662109
0.0251617431640625 0.0732269287109375 0.00988674163818359 -0.0107192993164062
-0.0177078247070312 0.0883941650390625 -0.0117359161376953 0.0297260284423828
-0.0357093811035156 0.0515022277832031 -0.00159454345703125 0.0727615356445312
-0.0178108215332031 0.0611915588378906 -0.0084686279296875 0.0699996948242188
0.0292396545410156 0.0619277954101562 0.00272369384765625 0.053009033203125
0.04974365234375 0.0220870971679688 0.0166435241699219 0.0411338806152344
0.0472946166992188 -0.0170440673828125 0.0182781219482422 0.0259628295898437
0.0168075561523437 -0.0411758422851563 0.00989532470703125 0.0225830078125
-0.00844192504882812 -0.0407600402832031 0.0136795043945313 0.0281295776367187
-0.0105934143066406 -0.0452499389648438 0.0180892944335937 0.0348949432373047
-0.0178909301757812 -0.0452880859375 0.0145683288574219 0.0439071655273438
-0.00164031982421875 -0.04266357421875 -0.00786972045898437 0.0497245788574219
0.0240554809570313 -0.0403671264648438 -0.0256862640380859 0.0320091247558594
0.0469284057617188 -0.0151329040527344 -0.0343074798583984 0.00367164611816407
0.0472679138183594 0.0402450561523438 -0.0167007446289063 -0.0149927139282227
0.0103111267089844 0.0596771240234375 0.0116729736328125 0.00143527984619141
-0.0251350402832031 0.0618782043457031 -0.0196037292480469 0.0506744384765625
-0.0293369293212891 0.0110225677490234 -0.00913238525390626 0.0862503051757813
-0.0206108093261719 0.0268363952636719 -0.00826263427734374 0.076751708984375
0.00651359558105469 0.0349674224853516 -0.00241851806640625 0.0505027770996094
0.0229778289794922 0.0162315368652344 0.00824356079101563 0.0424079895019531
0.0250720977783203 -0.00681114196777344 0.00968360900878907 0.0322589874267578
0.0101776123046875 -0.0230751037597656 0.00916862487792969 0.0345726013183594
-0.004241943359375 -0.0224227905273437 0.0206298828125 0.0395431518554688
-0.0065155029296875 -0.0264053344726562 0.0241508483886719 0.0437507629394531
-0.0110721588134766 -0.0287322998046875 0.0198593139648438 0.0545158386230469
-0.00066184997558594 -0.0279140472412109 -0.0062713623046875 0.0594596862792969
0.0170230865478516 -0.0266189575195312 -0.0281486511230469 0.03863525390625
0.0317287445068359 -0.00760650634765625 -0.0365524291992188 0.00909042358398437
0.0272674560546875 0.0315570831298828 -0.020233154296875 -0.0122547149658203
-0.00409698486328125 0.0403099060058594 0.00932025909423828 0.00963878631591797
-0.0295143127441406 0.0273399353027344 -0.0297279357910156 0.0629501342773438
0.0215435028076172 0.0123157501220703 0.0272140502929688 -0.0702667236328125
0.0111713409423828 -0.0123958587646484 -0.00760269165039062 -0.0187740325927734
-0.00549697875976563 -0.0129251480102539 0.0217342376708984 0.014862060546875
-0.0109453201293945 0.00141143798828125 0.0460968017578125 -0.00768661499023437
-0.00642681121826172 0.00917148590087891 0.0380859375 -0.0396347045898438
0.00196456909179688 0.00914192199707031 0.00931167602539062 -0.0638351440429688
0.00152087211608887 0.00363063812255859 -0.0248146057128906 -0.0598373413085937
-0.000499010086059571 0.00251221656799316 -0.0290908813476563 -0.0480613708496094
-0.00109457969665527 0.00280117988586426 -0.0266189575195312 -0.0415725708007813
-0.000837326049804688 -0.00134289264678955 -0.0150299072265625 -0.0410308837890625
-0.000860691070556641 -0.00604724884033203 -0.0119132995605469 -0.0369644165039063
0.00501441955566406 -0.0114765167236328 -0.0083770751953125 -0.0432319641113281
0.0185661315917969 -0.00258064270019531 0.00658035278320313 -0.0515594482421875
0.0268096923828125 0.0110549926757812 0.0023651123046875 -0.071533203125
0.0225448608398437 0.0246753692626953 0.0116195678710938 -0.0897293090820313
0.0143470764160156 0.0489616394042969 0.0333595275878906 -0.0627975463867188
0.0188121795654297 0.0186233520507813 -0.00416278839111328 -0.0153837203979492
0.0204639434814453 0.00530624389648438 0.0253238677978516 0.0191249847412109
0.0131034851074219 -0.00146389007568359 0.0513992309570313 -0.00467300415039063
0.00986289978027344 -0.00751590728759766 0.0439910888671875 -0.0381546020507813
0.00308322906494141 -0.0107622146606445 0.0117759704589844 -0.0629539489746094
-0.00662422180175781 -0.0159149169921875 -0.0234565734863281 -0.0567817687988281
-0.00655555725097656 -0.0207538604736328 -0.0267524719238281 -0.0432586669921875
-0.00774955749511719 -0.0198459625244141 -0.0263671875 -0.0366058349609375
0.00356292724609375 -0.0216579437255859 -0.018341064453125 -0.0347518920898438
0.0178298950195312 -0.0212173461914063 -0.0158576965332031 -0.0320529937744141
0.0320663452148437 -0.0114669799804687 -0.0144767761230469 -0.0418472290039063
0.0393791198730469 0.0227241516113281 0.00136947631835938 -0.048553466796875
0.0299568176269531 0.0431900024414063 -0.00119400024414062 -0.065704345703125
0.0132598876953125 0.06268310546875 0.00902557373046875 -0.0781021118164063
0.0023651123046875 0.0794601440429687 0.0359992980957031 -0.0441627502441406
0.020751953125 0.0517959594726563 -0.00159549713134765 -0.00396871566772461
0.0454025268554688 0.0285720825195313 0.0273532867431641 0.0269565582275391
0.0399665832519531 -8.7738037109375E-05 0.0541458129882813 0.00324630737304688
0.0287742614746094 -0.0225868225097656 0.0481948852539062 -0.0311622619628906
0.00634765625 -0.0309829711914063 0.0147018432617188 -0.0548477172851562
-0.0123119354248047 -0.0345706939697266 -0.0185508728027344 -0.0474510192871094
-0.0119590759277344 -0.0405769348144531 -0.0202827453613281 -0.0324745178222656
-0.0156478881835937 -0.0391616821289063 -0.0229034423828125 -0.0248031616210938
0.00322723388671875 -0.0397300720214844 -0.0210094451904297 -0.0208053588867188
0.0286331176757813 -0.0368385314941406 -0.0208454132080078 -0.0213565826416016
0.0526924133300781 -0.0179290771484375 -0.0233192443847656 -0.036041259765625
0.0595932006835938 0.0372314453125 -0.00558853149414062 -0.0433921813964844
0.0361518859863281 0.0655326843261719 -0.00326156616210937 -0.0544776916503906
0.00633239746093751 0.0903396606445313 0.0042877197265625 -0.0570335388183594
-0.0125503540039063 0.0978012084960937 0.0324363708496094 -0.0179347991943359
0.0147552490234375 0.0786666870117187 -0.00142669677734375 0.0130290985107422
0.0617256164550781 0.0531539916992188 0.0256080627441406 0.0370979309082031
0.0627593994140625 0.00554275512695313 0.0521583557128906 0.0144500732421875
0.0477561950683594 -0.0323295593261719 0.0485763549804688 -0.0180320739746094
0.0119400024414062 -0.0469398498535156 0.0160675048828125 -0.0396156311035156
-0.0146903991699219 -0.0483245849609375 -0.0113811492919922 -0.0312404632568359
-0.0149955749511719 -0.0551376342773437 -0.0115938186645508 -0.0160388946533203
-0.0218124389648438 -0.0523796081542969 -0.0153589248657227 -0.00778579711914063
0.000617980957031253 -0.0516128540039063 -0.0196704864501953 -0.00207710266113282
0.0325546264648438 -0.049468994140625 -0.0240573883056641 -0.00697517395019531
0.063232421875 -0.024658203125 -0.0298938751220703 -0.0264225006103516
0.0725936889648438 0.042633056640625 -0.0109901428222656 -0.0367164611816406
0.0400772094726563 0.0766067504882813 -0.00073623657226562 -0.0406341552734375
3.05175781250093E-05 0.104537963867187 -0.000986099243164063 -0.0279006958007812
-0.0260467529296875 0.0993728637695313 0.0229568481445313 0.0155773162841797
0.00422668457031251 0.0913619995117188 -0.00305747985839844 0.0349044799804688
0.0638275146484375 0.07110595703125 0.0197296142578125 0.046173095703125
0.0738983154296875 0.01397705078125 0.0435295104980469 0.0264930725097656
0.0597763061523438 -0.0336189270019531 0.0423851013183594 -0.00161361694335938
0.0169944763183594 -0.055023193359375 0.0158729553222656 -0.0186882019042969
-0.0144615173339844 -0.0548095703125 -0.00238227844238281 -0.0105037689208984
-0.0160140991210938 -0.0606422424316406 -0.000695586204528809 0.00200462341308593
-0.0250930786132812 -0.0575103759765625 -0.00465774536132813 0.0107297897338867
-0.00238800048828124 -0.0553741455078125 -0.0155582427978516 0.0173559188842773
0.0313301086425781 -0.0540199279785156 -0.0246601104736328 0.00827026367187499
0.0638465881347656 -0.0270195007324219 -0.0327472686767578 -0.0146675109863281
0.0741653442382813 0.0430221557617188 -0.0139808654785156 -0.0284404754638672
0.037017822265625 0.0782852172851563 0.00428199768066407 -0.0254459381103516
-0.00753021240234375 0.103004455566406 -0.00543785095214844 0.00196361541748047
-0.0338897705078125 0.0828704833984375 0.0111808776855469 0.0471343994140625
-0.00841522216796876 0.0853118896484375 -0.0058135986328125 0.0545806884765625
0.0513458251953125 0.0745162963867188 0.0110206604003906 0.051483154296875
0.0687103271484375 0.0212593078613281 0.0301742553710938 0.0359268188476563
0.0599479675292969 -0.0279502868652344 0.0310592651367188 0.0143852233886719
0.0188026428222656 -0.0529136657714844 0.0136537551879883 0.00377464294433593
-0.0124168395996094 -0.0515632629394531 0.00643062591552734 0.00987529754638672
-0.0153121948242187 -0.0569267272949219 0.00958251953125 0.0194530487060547
-0.0244331359863281 -0.05426025390625 0.00599861145019531 0.0282306671142578
-0.00333023071289062 -0.0516815185546875 -0.0103683471679687 0.0350055694580078
0.0273361206054687 -0.0504150390625 -0.0242462158203125 0.0210037231445313
0.0570411682128906 -0.0236740112304688 -0.0337162017822266 -0.00434494018554687
0.0644721984863281 0.0415802001953125 -0.0150814056396484 -0.0203418731689453
0.0259246826171875 0.0718841552734375 0.00908088684082031 -0.0111293792724609
-0.0156478881835937 0.0872344970703125 -0.0114383697509766 0.0291290283203125
-0.0339889526367188 0.0515556335449219 -0.000572204589843751 0.0728683471679688
-0.0161018371582031 0.0607109069824219 -0.00796127319335938 0.0697212219238281
0.0306358337402344 0.06036376953125 0.00326538085937501 0.0521583557128906
0.0494308471679687 0.0215530395507812 0.0169715881347656 0.0406150817871094
0.0461158752441406 -0.0183944702148438 0.0186977386474609 0.0255451202392578
0.01556396484375 -0.0410690307617188 0.0104694366455078 0.0233325958251953
-0.00899124145507812 -0.0400962829589844 0.015167236328125 0.0277786254882812
-0.0121421813964844 -0.044586181640625 0.0192070007324219 0.0337619781494141
-0.0196762084960938 -0.0436744689941406 0.0153121948242188 0.0427284240722656
-0.0023193359375 -0.0420570373535156 -0.00613784790039062 0.0490875244140625
0.0227622985839844 -0.0402336120605469 -0.0250225067138672 0.0315608978271484
0.0462493896484375 -0.0163078308105469 -0.0344181060791016 0.00407600402832031
0.0472831726074219 0.03826904296875 -0.0167255401611328 -0.0152263641357422
0.0114059448242188 0.0588836669921875 0.0118198394775391 0.000190734863281254
-0.0236396789550781 0.0612373352050781 -0.018646240234375 0.0500679016113281
-0.0288963317871094 0.0117664337158203 -0.00745391845703126 0.0858078002929688
-0.0200405120849609 0.0265388488769531 -0.00730133056640626 0.0756149291992188
0.0074005126953125 0.0345897674560547 -0.00192260742187499 0.0498886108398438
0.0230617523193359 0.014984130859375 0.00854873657226563 0.0420036315917969
0.0250473022460938 -0.00733757019042969 0.0104999542236328 0.0319957733154297
0.0091094970703125 -0.0230751037597656 0.0101032257080078 0.0343875885009766
-0.00496292114257813 -0.0220298767089844 0.0216560363769531 0.0385246276855469
-0.00738906860351563 -0.0260772705078125 0.0254478454589844 0.0424423217773438
-0.0120353698730469 -0.0280380249023438 0.02166748046875 0.0530662536621094
-0.00131988525390625 -0.0278892517089844 -0.00439834594726562 0.0585098266601563
0.016632080078125 -0.0266990661621094 -0.0274581909179687 0.0387496948242188
0.0309906005859375 -0.00792884826660156 -0.0360183715820313 0.00989913940429687
0.0274887084960938 0.0300312042236328 -0.0199260711669922 -0.0124034881591797
-0.00333023071289063 0.0398635864257813 0.00940990447998047 0.00807571411132813
-0.0279808044433594 0.0277061462402344 -0.028564453125 0.0623054504394531
0.0213680267333984 0.0126762390136719 0.0271797180175781 -0.0696983337402344
0.0111865997314453 -0.0120429992675781 -0.00788497924804688 -0.0181522369384766
-0.00530624389648437 -0.0131425857543945 0.021697998046875 0.0152721405029297
-0.0109195709228516 0.00153732299804688 0.0465431213378906 -0.0073394775390625
-0.00631141662597656 0.00915050506591797 0.0386848449707031 -0.0400772094726563
0.00205135345458984 0.00919342041015625 0.00925064086914062 -0.0642318725585938
0.000769376754760742 0.00357174873352051 -0.0256538391113281 -0.0594520568847656
-0.000969648361206055 0.00261878967285156 -0.0300674438476562 -0.0475845336914063
-0.000992774963378906 0.00225281715393066 -0.0270614624023438 -0.0408973693847656
-0.0012519359588623 -0.00151717662811279 -0.0157241821289063 -0.0418205261230469
-0.000683307647705077 -0.00656747817993164 -0.0119705200195313 -0.0377540588378906
0.0049896240234375 -0.0114936828613281 -0.00838851928710938 -0.043060302734375
0.0190753936767578 -0.00251960754394531 0.00741958618164062 -0.0509223937988281
0.0264263153076172 0.0105304718017578 0.0025634765625 -0.0712051391601563
0.0225315093994141 0.0248928070068359 0.01251220703125 -0.0892410278320313
0.0149765014648437 0.0491218566894531 0.033416748046875 -0.0622367858886719
0.0188236236572266 0.0190219879150391 -0.00491523742675781 -0.0145893096923828
0.0209426879882813 0.00488471984863281 0.0247001647949219 0.0197219848632813
0.0132341384887695 -0.00134468078613281 0.0512657165527344 -0.00439453125
0.00918769836425781 -0.00767040252685547 0.0446243286132813 -0.0383262634277344
0.00281524658203125 -0.0109891891479492 0.0117225646972656 -0.0633926391601563
-0.00678253173828125 -0.0159482955932617 -0.0238075256347656 -0.0567283630371094
-0.0070037841796875 -0.0204505920410156 -0.027618408203125 -0.0430946350097656
-0.00811958312988281 -0.0201072692871094 -0.0275306701660156 -0.0367240905761719
0.00324249267578125 -0.0220451354980469 -0.0193119049072266 -0.035064697265625
0.0177059173583984 -0.0214691162109375 -0.015899658203125 -0.0327911376953125
0.0320396423339844 -0.0115489959716797 -0.0143852233886719 -0.0417327880859375
0.0399398803710938 0.0226058959960938 0.00212097167968751 -0.0480461120605469
0.0298004150390625 0.0430259704589844 -0.000679016113281246 -0.0650978088378906
0.0133476257324219 0.0630111694335938 0.0096435546875 -0.07806396484375
0.00268554687499999 0.07989501953125 0.035888671875 -0.0430679321289062
0.0209693908691406 0.0519332885742187 -0.00276374816894531 -0.00339436531066894
0.0460090637207031 0.0279197692871094 0.0265064239501953 0.0272274017333984
0.0398750305175781 -0.0006866455078125 0.0540351867675781 0.00377273559570313
0.0284519195556641 -0.0228614807128906 0.0490913391113281 -0.0309944152832031
0.00622177124023437 -0.0308208465576172 0.0148582458496094 -0.055084228515625
-0.0124359130859375 -0.0342273712158203 -0.0189132690429688 -0.0472183227539062
-0.0125541687011719 -0.0408287048339844 -0.0211143493652344 -0.0322189331054687
-0.0158309936523438 -0.0390434265136719 -0.0237789154052734 -0.0245800018310547
0.00299072265625 -0.0399093627929687 -0.0209903717041016 -0.0210933685302734
0.0287742614746094 -0.0377540588378906 -0.02081298828125 -0.0219039916992188
0.0527915954589844 -0.017974853515625 -0.02301025390625 -0.0358200073242187
0.0604400634765625 0.0366249084472656 -0.00492477416992187 -0.0436286926269531
0.0363273620605469 0.0657310485839844 -0.00321197509765625 -0.0543708801269531
0.00666046142578124 0.0908279418945312 0.00481414794921875 -0.0568580627441406
-0.0126953125 0.0982894897460937 0.0319957733154297 -0.0169029235839844
0.015167236328125 0.0789413452148438 -0.00223922729492188 0.0138149261474609
0.0621757507324219 0.0527420043945313 0.0248565673828125 0.0375823974609375
0.06317138671875 0.00545883178710937 0.0517044067382813 0.0150909423828125
0.0474700927734375 -0.0325965881347656 0.04888916015625 -0.0181007385253906
0.0119361877441406 -0.0469551086425781 0.0166854858398438 -0.0391654968261719
-0.0152397155761719 -0.0485458374023438 -0.0110588073730469 -0.0309619903564453
-0.0160789489746094 -0.0551490783691406 -0.0118856430053711 -0.0158615112304688
-0.0223236083984375 -0.0522003173828125 -0.0158872604370117 -0.00788688659667969
0.00042724609375 -0.0515174865722656 -0.0198516845703125 -0.00203323364257813
0.0322418212890625 -0.049652099609375 -0.0242786407470703 -0.00724029541015625
0.0629386901855469 -0.0244674682617188 -0.0301933288574219 -0.0263843536376953
0.0732650756835938 0.042236328125 -0.0105743408203125 -0.0367393493652344
0.0400466918945313 0.0771408081054687 -0.000659942626953119 -0.0403900146484375
0.000160217285156239 0.104156494140625 -0.00112342834472656 -0.0282077789306641
-0.026336669921875 0.0998077392578125 0.0225830078125 0.0165328979492188
0.00460052490234376 0.0912322998046875 -0.00371932983398437 0.03564453125
0.0645675659179688 0.070648193359375 0.0189552307128906 0.0461654663085938
0.0741348266601563 0.0142440795898437 0.0429954528808594 0.0267333984375
0.0591163635253906 -0.0343132019042969 0.0426483154296875 -0.00133514404296875
0.016845703125 -0.0549964904785156 0.0165596008300781 -0.0182209014892578
-0.0146331787109375 -0.0539894104003906 -0.00193500518798828 -0.0101709365844727
-0.0173530578613281 -0.060638427734375 -0.000677824020385743 0.00237298011779785
-0.0257682800292969 -0.0572280883789063 -0.00504207611083984 0.0106220245361328
-0.00249099731445312 -0.0552558898925781 -0.0150613784790039 0.0175609588623047
0.0307960510253906 -0.0538406372070312 -0.0244293212890625 0.00815200805664062
0.0635185241699219 -0.0271377563476563 -0.0334796905517578 -0.0145111083984375
0.074493408203125 0.042572021484375 -0.0134525299072266 -0.0286197662353516
0.037261962890625 0.0780868530273438 0.00475311279296875 -0.0255298614501953
-0.00710296630859375 0.103034973144531 -0.00604724884033203 0.00191545486450196
-0.0339431762695313 0.0836029052734375 0.0105819702148438 0.0479850769042969
-0.00761413574218751 0.0847320556640625 -0.0067291259765625 0.0548667907714844
0.0522384643554687 0.0738525390625 0.00991058349609375 0.0513153076171875
0.0687828063964844 0.0209388732910156 0.0297584533691406 0.0360374450683594
0.0593109130859375 -0.0283088684082031 0.0315933227539063 0.0147514343261719
0.0186309814453125 -0.0527153015136719 0.0139646530151367 0.00422096252441406
-0.0123329162597656 -0.0513076782226562 0.00737571716308594 0.0104265213012695
-0.0163497924804688 -0.05712890625 0.00947189331054688 0.0188980102539062
-0.0246543884277344 -0.0537605285644531 0.005859375 0.0279769897460937
-0.00342559814453126 -0.0514030456542969 -0.0100555419921875 0.0347328186035156
0.0277175903320312 -0.0503768920898438 -0.0245475769042969 0.0211124420166016
0.0572967529296875 -0.023590087890625 -0.034128189086914 -0.00398063659667969
0.064849853515625 0.0411643981933594 -0.0146026611328125 -0.0207538604736328
0.0266265869140625 0.0717239379882813 0.0091705322265625 -0.0118703842163086
-0.0155029296875 0.0875625610351563 -0.0115566253662109 0.0288848876953125
-0.03448486328125 0.0516357421875 -0.00122070312500001 0.0730133056640625
-0.0159645080566406 0.0606231689453125 -0.00838470458984376 0.0694160461425781
0.0307998657226563 0.0595474243164063 0.00157546997070313 0.0520515441894531
0.0492019653320312 0.0210723876953125 0.016510009765625 0.0403213500976563
0.0465087890625 -0.018524169921875 0.0188922882080078 0.026336669921875
0.0156936645507813 -0.04119873046875 0.0118427276611328 0.0234222412109375
-0.00897979736328125 -0.039520263671875 0.0160427093505859 0.0281753540039062
-0.0125236511230469 -0.0446205139160156 0.0197200775146484 0.033203125
-0.0199394226074219 -0.0435104370117188 0.0156517028808594 0.0424232482910156
-0.00267791748046875 -0.0415725708007812 -0.00534439086914063 0.0490531921386719
0.0228424072265625 -0.0402183532714844 -0.0251083374023438 0.0318717956542969
0.0461235046386719 -0.0159873962402344 -0.0348415374755859 0.00410842895507812
0.0480804443359375 0.0379905700683594 -0.0161285400390625 -0.0153884887695312
0.0120315551757812 0.0591888427734375 0.0114240646362305 -0.000668525695800778
-0.0238380432128906 0.0609970092773438 -0.0189094543457031 0.0495872497558594
-0.028717041015625 0.0118389129638672 -0.00810241699218751 0.0859298706054688
-0.0195198059082031 0.0261993408203125 -0.00728607177734375 0.0753860473632813
0.00779342651367188 0.0338592529296875 -0.00290679931640625 0.0499038696289062
0.0227775573730469 0.0153274536132812 0.00796127319335938 0.0422210693359375
0.0247592926025391 -0.0074920654296875 0.0103797912597656 0.0327262878417969
0.00902175903320312 -0.0230388641357422 0.0112266540527344 0.0352668762207031
-0.00448989868164063 -0.02178955078125 0.0228424072265625 0.0386085510253906
-0.00760078430175781 -0.0255584716796875 0.0260009765625 0.0420188903808594
-0.0121040344238281 -0.027740478515625 0.02197265625 0.0523109436035156
-0.00134658813476563 -0.0276851654052734 -0.00358200073242187 0.05841064453125
0.0161857604980469 -0.0262165069580078 -0.0276679992675781 0.0388069152832031
0.0310955047607422 -0.00747871398925781 -0.0361289978027344 0.00985336303710938
0.0277442932128906 0.0300636291503906 -0.0196361541748047 -0.0128383636474609
-0.00308609008789063 0.0396842956542969 0.009674072265625 0.00759029388427735
-0.0281829833984375 0.0271396636962891 -0.0292816162109375 0.0617103576660156
0.0219593048095703 0.0131492614746094 0.0285186767578125 -0.0705947875976563
0.0114679336547852 -0.012150764465332 -0.00838661193847657 -0.0181903839111328
-0.0052032470703125 -0.0134496688842773 0.0218391418457031 0.01605224609375
-0.0112543106079102 0.00118827819824219 0.0475807189941406 -0.00710678100585938
-0.00656318664550781 0.00955486297607422 0.0403518676757813 -0.0405807495117188
0.00202846527099609 0.00923919677734375 0.00965118408203124 -0.0661888122558594
0.0010676383972168 0.00356960296630859 -0.0264930725097656 -0.0610122680664063
-0.000881671905517578 0.00259304046630859 -0.0308189392089844 -0.048126220703125
-0.00133466720581055 0.00225520133972168 -0.0282135009765625 -0.0421104431152344
-0.00120782852172852 -0.00189244747161865 -0.0159683227539063 -0.0432167053222656
-0.000478744506835938 -0.00655126571655273 -0.0121498107910156 -0.0389595031738281
0.00510692596435547 -0.0115413665771484 -0.00777053833007812 -0.0440788269042969
0.0199661254882813 -0.00240707397460938 0.00852584838867188 -0.0520591735839844
0.0267047882080078 0.0113124847412109 0.00388336181640625 -0.0721435546875
0.0229663848876953 0.0258197784423828 0.0142898559570313 -0.0912857055664063
0.0150413513183594 0.0505485534667969 0.0345535278320313 -0.06243896484375
0.0197677612304688 0.0196037292480469 -0.0052337646484375 -0.0140838623046875
0.0216922760009766 0.00476837158203125 0.0249977111816406 0.0208721160888672
0.0136346817016602 -0.00140380859375 0.0526046752929687 -0.00350570678710937
0.00960063934326172 -0.0078125 0.0461387634277344 -0.0389595031738281
0.00335693359375 -0.0108680725097656 0.01239013671875 -0.064971923828125
-0.00722312927246094 -0.0164175033569336 -0.0242729187011719 -0.0577507019042969
-0.00764083862304687 -0.0211715698242187 -0.0284957885742188 -0.043792724609375
-0.00804328918457031 -0.0207614898681641 -0.0285415649414063 -0.037353515625
0.00349998474121093 -0.0228443145751953 -0.0194320678710938 -0.036468505859375
0.0185718536376953 -0.0220508575439453 -0.0160675048828125 -0.0339336395263672
0.0330257415771484 -0.0116729736328125 -0.0145492553710938 -0.0427398681640625
0.0409164428710937 0.0232810974121094 0.00313186645507813 -0.0492362976074219
0.0298843383789063 0.0440635681152344 -0.00025558471679688 -0.06622314453125
0.0132522583007812 0.064910888671875 0.0108642578125 -0.0799636840820313
0.00252532958984375 0.0820541381835938 0.0367889404296875 -0.0432090759277344
0.0212860107421875 0.0530509948730469 -0.00254964828491211 -0.00264549255371093
0.04718017578125 0.0282974243164063 0.0266590118408203 0.0288486480712891
0.0412139892578125 -0.00020599365234375 0.0552024841308594 0.00487899780273438
0.0289058685302734 -0.0233840942382813 0.0509490966796875 -0.0314559936523438
0.00680351257324219 -0.0316162109375 0.0157585144042969 -0.056304931640625
-0.0127105712890625 -0.0352134704589844 -0.0188522338867188 -0.0480918884277344
-0.0135688781738281 -0.0421028137207031 -0.0221061706542969 -0.0326919555664062
-0.0164680480957031 -0.0398941040039062 -0.0244731903076172 -0.0250587463378906
0.00354385375976563 -0.0407638549804688 -0.0216484069824219 -0.0219306945800781
0.0295257568359375 -0.0386619567871094 -0.0216445922851562 -0.0230522155761719
0.0541229248046875 -0.0184440612792969 -0.0237312316894531 -0.0366363525390625
0.0621528625488281 0.0375480651855469 -0.00446319580078124 -0.0445632934570313
0.0368194580078125 0.0673713684082031 -0.00250625610351562 -0.0556373596191406
0.00628662109375001 0.0931472778320313 0.00551605224609375 -0.0582771301269531
-0.013092041015625 0.100914001464844 0.0323524475097656 -0.0158786773681641
0.0151824951171875 0.0806503295898438 -0.00324630737304687 0.0150012969970703
0.0637893676757813 0.0536384582519531 0.0242691040039063 0.0388984680175781
0.0646476745605469 0.00588226318359375 0.0528831481933594 0.0162086486816406
0.0486984252929688 -0.0332756042480469 0.0511474609375 -0.0178794860839844
0.0125007629394531 -0.0477752685546875 0.0177803039550781 -0.0400505065917969
-0.0152587890625 -0.0490913391113281 -0.0113067626953125 -0.0315990447998047
-0.0169448852539062 -0.05645751953125 -0.0123090744018555 -0.0164613723754883
-0.02288818359375 -0.0532379150390625 -0.0164451599121094 -0.0078582763671875
0.00106811523437501 -0.0527801513671875 -0.0202407836914063 -0.00255012512207031
0.0332183837890625 -0.0509529113769531 -0.0250358581542969 -0.00805473327636719
0.0649375915527344 -0.0248603820800781 -0.0307807922363281 -0.0270462036132813
0.0754928588867188 0.0431137084960937 -0.0100288391113281 -0.0379791259765625
0.040557861328125 0.078948974609375 -0.00035476684570312 -0.04168701171875
-0.00030517578124999 0.106849670410156 -0.000740051269531248 -0.0287227630615234
-0.0271530151367187 0.102218627929688 0.0225715637207031 0.0179958343505859
0.00402832031250001 0.093170166015625 -0.00457763671875 0.0372123718261719
0.0663223266601563 0.0716323852539063 0.0177040100097656 0.04730224609375
0.0757217407226562 0.0149154663085937 0.0430183410644531 0.0283050537109375
0.0611801147460938 -0.0351066589355469 0.0440025329589844 -0.000736236572265627
0.0174407958984375 -0.0558662414550781 0.0173435211181641 -0.0181026458740234
-0.0145263671875 -0.0556373596191406 -0.00119495391845703 -0.0104408264160156
-0.0184822082519531 -0.0622406005859375 -0.00088787078857422 0.00219035148620605
-0.0263595581054688 -0.0579986572265625 -0.00549697875976563 0.0109882354736328
-0.00198745727539062 -0.0564117431640625 -0.0150089263916016 0.0173768997192383
0.0316352844238281 -0.0552635192871094 -0.0255832672119141 0.00756072998046874
0.0655937194824219 -0.0273399353027344 -0.0344505310058594 -0.01483154296875
0.07659912109375 0.043182373046875 -0.01300048828125 -0.0299015045166016
0.037841796875 0.0803680419921875 0.00501441955566406 -0.0266380310058594
-0.00787353515625001 0.105552673339844 -0.00583410263061524 0.00163555145263673
-0.034820556640625 0.0854034423828125 0.0102653503417969 0.0501632690429688
-0.00872802734375001 0.0863189697265625 -0.00718307495117188 0.0561485290527344
0.053314208984375 0.0749664306640625 0.00846481323242188 0.0525360107421875
0.0700721740722656 0.022064208984375 0.029144287109375 0.0375480651855469
0.0608673095703125 -0.0289726257324219 0.0324630737304688 0.0159511566162109
0.0193519592285156 -0.0537071228027344 0.0152082443237305 0.00475788116455078
-0.0125160217285156 -0.0524253845214844 0.00822639465332031 0.0108489990234375
-0.0171165466308594 -0.058380126953125 0.0104007720947266 0.01953125
-0.0254325866699219 -0.05511474609375 0.00572013854980468 0.0284252166748047
-0.00312423706054687 -0.052276611328125 -0.0100784301757813 0.0351638793945313
0.0280265808105469 -0.0510635375976563 -0.0255985260009766 0.02117919921875
0.0585250854492188 -0.0235595703125 -0.0349254608154297 -0.00410652160644531
0.0667152404785156 0.0419273376464844 -0.0145969390869141 -0.0220298767089844
0.0271377563476562 0.073516845703125 0.00963497161865235 -0.0125865936279297
-0.0161972045898437 0.0899581909179688 -0.0122623443603516 0.0291671752929688
-0.0348625183105469 0.0530357360839844 -0.00243377685546876 0.075439453125
-0.0163803100585938 0.061553955078125 -0.009552001953125 0.070587158203125
0.0314292907714844 0.0608673095703125 0.000431060791015627 0.0534820556640625
0.050079345703125 0.0222816467285156 0.015899658203125 0.0420074462890625
0.0475273132324219 -0.0188789367675781 0.0193653106689453 0.0277023315429688
0.01629638671875 -0.0420188903808594 0.0125923156738281 0.0250453948974609
-0.00898361206054688 -0.0406341552734375 0.0170745849609375 0.0287590026855469
-0.0132408142089844 -0.0456390380859375 0.02008056640625 0.0336475372314453
-0.0203666687011719 -0.0442657470703125 0.0162506103515625 0.0427780151367188
-0.00186538696289063 -0.0421600341796875 -0.00529098510742188 0.0493888854980469
0.0230865478515625 -0.040802001953125 -0.0260658264160156 0.0320720672607422
0.0469894409179687 -0.0159759521484375 -0.0359840393066406 0.00390625000000001
0.048919677734375 0.0386085510253906 -0.0163097381591797 -0.0169048309326172
0.0117835998535156 0.0600738525390625 0.0114278793334961 -0.000888824462890621
-0.0243949890136719 0.062255859375 -0.020721435546875 0.0500602722167969
-0.0290737152099609 0.0122432708740234 -0.00972747802734375 0.08819580078125
-0.0202598571777344 0.0262813568115234 -0.00862884521484376 0.0768508911132813
0.00783538818359375 0.0339641571044922 -0.00405120849609375 0.0510177612304687
0.0230731964111328 0.0159912109375 0.00716781616210938 0.0434341430664063
0.0254077911376953 -0.00774002075195313 0.0104503631591797 0.0342254638671875
0.00940895080566406 -0.0236854553222656 0.0117225646972656 0.0368194580078125
-0.00455474853515625 -0.0222816467285156 0.0238990783691406 0.0398368835449219
-0.00768089294433594 -0.0263805389404297 0.0266456604003906 0.0425338745117187
-0.0126228332519531 -0.0279216766357422 0.0224533081054687 0.0533447265625
-0.001007080078125 -0.0279731750488281 -0.00362396240234375 0.059234619140625
0.0167064666748047 -0.0265636444091797 -0.0288124084472656 0.03924560546875
0.0320262908935547 -0.00734519958496094 -0.0378608703613281 0.00951766967773438
0.0280933380126953 0.0307178497314453 -0.0198287963867187 -0.0136203765869141
-0.00347137451171875 0.040313720703125 0.00965309143066406 0.00650215148925782
-0.0288352966308594 0.0275135040283203 -0.0306930541992187 0.062744140625
0.0231838226318359 0.0138072967529297 0.0291900634765625 -0.0732345581054688
0.011845588684082 -0.0127191543579102 -0.00878334045410156 -0.0184898376464844
-0.00581455230712891 -0.013646125793457 0.022705078125 0.0176811218261719
-0.0111560821533203 0.001220703125 0.049530029296875 -0.00708389282226562
-0.00662422180175781 0.0101299285888672 0.0421943664550781 -0.0429267883300781
0.00247287750244141 0.00970077514648438 0.00978851318359375 -0.0692024230957031
0.000781297683715821 0.00388646125793457 -0.0282707214355469 -0.0626716613769531
-0.00115633010864258 0.00253939628601074 -0.0333786010742188 -0.0490379333496094
-0.00108695030212402 0.00234866142272949 -0.0302619934082031 -0.0437126159667969
-0.00125992298126221 -0.00217282772064209 -0.0181617736816406 -0.0452537536621094
-0.000492572784423828 -0.00710153579711914 -0.0131378173828125 -0.0408744812011719
0.00507450103759766 -0.0120754241943359 -0.0081024169921875 -0.0459861755371094
0.0210666656494141 -0.00286865234375 0.00929641723632812 -0.0542564392089844
0.0276775360107422 0.0114459991455078 0.0038299560546875 -0.074310302734375
0.0234966278076172 0.0272998809814453 0.0150833129882813 -0.0953521728515625
0.0160102844238281 0.0533218383789063 0.0355644226074219 -0.0647239685058594
0.0205612182617188 0.0203647613525391 -0.0059356689453125 -0.013911247253418
0.0224876403808594 0.00457191467285156 0.02593994140625 0.0219802856445313
0.0146265029907227 -0.00195884704589844 0.0546684265136719 -0.0035552978515625
0.00934886932373047 -0.00811576843261719 0.048736572265625 -0.041107177734375
0.00313282012939453 -0.0117826461791992 0.0125236511230469 -0.0680007934570313
-0.00747108459472656 -0.0167741775512695 -0.0264167785644531 -0.0600357055664063
-0.00849533081054687 -0.0221805572509766 -0.0308647155761719 -0.045013427734375
-0.00920677185058594 -0.021453857421875 -0.0304641723632813 -0.0383453369140625
0.00347137451171875 -0.0240211486816406 -0.0213584899902344 -0.038330078125
0.0192012786865234 -0.0234050750732422 -0.0176200866699219 -0.0362281799316406
0.0344371795654297 -0.0125694274902344 -0.0155906677246094 -0.0445938110351563
0.0435600280761719 0.023529052734375 0.00375747680664063 -0.0508651733398438
0.0315170288085938 0.0459213256835937 -0.000331878662109368 -0.0683212280273438
0.0138969421386719 0.0681114196777344 0.011383056640625 -0.0834121704101563
0.00316619873046876 0.0864105224609375 0.0376625061035156 -0.0444526672363281
0.0233802795410156 0.0552215576171875 -0.00344014167785644 -0.00188755989074707
0.0497512817382813 0.0286445617675781 0.0269680023193359 0.0302028656005859
0.0428543090820312 -0.000881195068359375 0.0570640563964844 0.00518417358398438
0.0301322937011719 -0.0247440338134766 0.0531005859375 -0.0331230163574219
0.00688934326171875 -0.0325603485107422 0.01605224609375 -0.0589141845703125
-0.013824462890625 -0.0364265441894531 -0.0201759338378906 -0.049713134765625
-0.0150489807128906 -0.0435371398925781 -0.0238800048828125 -0.0336456298828125
-0.0179481506347656 -0.0415763854980469 -0.0266475677490234 -0.0254955291748047
0.003387451171875 -0.0424041748046875 -0.0233039855957031 -0.0234355926513672
0.0300636291503906 -0.0411262512207031 -0.0232219696044922 -0.0247783660888672
0.0562820434570313 -0.0196876525878906 -0.0252876281738281 -0.03790283203125
0.0652275085449219 0.0384025573730469 -0.00427627563476562 -0.0463600158691406
0.0385322570800781 0.0702781677246094 -0.00287246704101562 -0.058013916015625
0.00693511962890626 0.097900390625 0.00564956665039062 -0.0608139038085938
-0.0127944946289063 0.10552978515625 0.0334110260009766 -0.0161476135253906
0.0174331665039063 0.08392333984375 -0.00387477874755859 0.0165233612060547
0.06768798828125 0.0543594360351563 0.024658203125 0.0408706665039063
0.0672073364257813 0.00566482543945313 0.0543060302734375 0.0172920227050781
0.05029296875 -0.0352020263671875 0.05352783203125 -0.0189056396484375
0.012603759765625 -0.0498847961425781 0.0186614990234375 -0.0422325134277344
-0.0163497924804687 -0.0513572692871094 -0.0115509033203125 -0.0328311920166016
-0.0189132690429688 -0.0588569641113281 -0.0130882263183594 -0.0166749954223633
-0.0247802734375 -0.0551948547363281 -0.017852783203125 -0.00806617736816407
0.000377655029296876 -0.0546340942382813 -0.0210819244384766 -0.0031280517578125
0.0339088439941406 -0.0536003112792969 -0.0267143249511719 -0.00860023498535157
0.0676155090332031 -0.0269126892089844 -0.0326652526855469 -0.0273380279541016
0.0794448852539063 0.0439834594726563 -0.010101318359375 -0.0396614074707031
0.04315185546875 0.0820083618164062 -0.000652313232421873 -0.0433883666992187
0.000625610351562504 0.11199951171875 -0.000507354736328122 -0.0301151275634766
-0.0271453857421875 0.107589721679688 0.0234088897705078 0.0194244384765625
0.00518035888671876 0.0972442626953125 -0.00514602661132813 0.0392875671386719
0.0694198608398437 0.0734786987304688 0.0178871154785156 0.0496559143066406
0.0793914794921875 0.0149612426757812 0.04461669921875 0.0296630859375
0.0632057189941406 -0.03741455078125 0.0463333129882813 -0.0012054443359375
0.0181770324707031 -0.0585746765136719 0.0185623168945313 -0.0187759399414063
-0.0160026550292969 -0.0577049255371094 -0.000935554504394532 -0.0111026763916016
-0.0203666687011719 -0.0640182495117188 -0.000647544860839845 0.00205469131469726
-0.0284767150878906 -0.0602264404296875 -0.00609683990478516 0.010991096496582
-0.00237274169921876 -0.058441162109375 -0.0159091949462891 0.0177288055419922
0.0320892333984375 -0.0581169128417969 -0.0269432067871094 0.0078754425048828
0.0680046081542969 -0.0291786193847656 -0.0361862182617187 -0.0146751403808594
0.0803604125976562 0.0443878173828125 -0.013427734375 -0.0315876007080078
0.0402984619140625 0.083404541015625 0.00498008728027344 -0.0282993316650391
-0.00719451904296876 0.110374450683594 -0.00680160522460938 0.00149869918823243
-0.0356063842773438 0.0892791748046875 0.0106582641601563 0.0528297424316406
-0.00823211669921876 0.0898895263671875 -0.00788879394531249 0.0590972900390625
0.0557861328125 0.0773468017578125 0.00851821899414063 0.0552291870117188
0.0734710693359375 0.022613525390625 0.0301284790039063 0.0395545959472656
0.062896728515625 -0.0306282043457031 0.0344295501708984 0.0164451599121094
0.0195960998535156 -0.0562400817871094 0.0166358947753906 0.00537681579589843
-0.0134735107421875 -0.0549278259277344 0.00962352752685547 0.0109052658081055
-0.0193367004394531 -0.0601081848144531 0.0111045837402344 0.0199375152587891
-0.0277366638183594 -0.0566902160644531 0.00640487670898437 0.0296173095703125
-0.00371932983398437 -0.0547447204589844 -0.00994491577148437 0.0363349914550781
0.0288200378417969 -0.0536270141601563 -0.0266761779785156 0.0220565795898437
0.0610542297363281 -0.025360107421875 -0.0369110107421875 -0.00387954711914063
0.0700607299804688 0.0428237915039063 -0.0150108337402344 -0.0234317779541016
0.0290145874023437 0.0763778686523438 0.00961494445800781 -0.0137872695922851
-0.0160140991210938 0.0938186645507813 -0.0129413604736328 0.030364990234375
-0.0360260009765625 0.0559539794921875 -0.002288818359375 0.0790252685546875
-0.0170555114746094 0.0638504028320313 -0.00981140136718751 0.0738372802734375
0.0333099365234375 0.0628280639648438 0.000240325927734376 0.055633544921875
0.0523948669433594 0.0231056213378906 0.0164375305175781 0.04425048828125
0.0489349365234375 -0.0204544067382813 0.0204830169677734 0.0291423797607422
0.0161056518554688 -0.0441207885742188 0.0137786865234375 0.0262222290039062
-0.00968170166015625 -0.042144775390625 0.0188446044921875 0.0293350219726562
-0.0144157409667969 -0.0471839904785156 0.0219459533691406 0.0342044830322266
-0.0215492248535156 -0.0452003479003906 0.0171699523925781 0.0443115234375
-0.00239181518554687 -0.0441703796386719 -0.00493621826171875 0.0513343811035156
0.0241661071777344 -0.0426368713378906 -0.0276279449462891 0.0337734222412109
0.0491523742675781 -0.0166168212890625 -0.0370941162109375 0.00465774536132813
0.0514068603515625 0.0395050048828125 -0.0171279907226562 -0.0179214477539062
0.0131912231445313 0.0625495910644531 0.0117177963256836 -0.00248908996582031
-0.0249519348144531 0.0655517578125 -0.0211410522460937 0.0521430969238281
-0.0296230316162109 0.0129604339599609 -0.00989532470703126 0.0924224853515625
-0.0207481384277344 0.0275535583496094 -0.00891876220703125 0.0799407958984375
0.00849723815917969 0.0349273681640625 -0.00474929809570312 0.0531044006347656
0.0240821838378906 0.0166683197021484 0.00707244873046875 0.0458869934082031
0.0261344909667969 -0.00809478759765625 0.0114707946777344 0.0362663269042969
0.00928306579589844 -0.0248584747314453 0.0134620666503906 0.0390167236328125
-0.00475692749023438 -0.0231742858886719 0.0261650085449219 0.0409469604492188
-0.00850486755371094 -0.0268802642822266 0.0289115905761719 0.0435676574707031
-0.0134449005126953 -0.0288791656494141 0.0246772766113281 0.0550193786621094
-0.00102996826171875 -0.0292873382568359 -0.00324630737304687 0.0615921020507812
0.0174007415771484 -0.0277061462402344 -0.0302658081054687 0.0414505004882813
0.0330944061279297 -0.00758934020996094 -0.0391578674316406 0.0100021362304687
0.0292034149169922 0.0314426422119141 -0.0203266143798828 -0.0144729614257813
-0.00300979614257813 0.0418815612792969 0.00986957550048828 0.00626754760742188
-0.0298538208007813 0.0288639068603516 -0.0320205688476562 0.0653266906738281
-0.00297041471329373 -0.0179914707228312 0.0777612886009631 -0.0144993936795919
-0.0167707792981045 -0.000441462875005887 0.0130011587839734 -0.0141234392551686
-0.0115214789504566 0.0123655316720208 -0.00108519637167562 0.0318700095268811
0.00482241610683916 0.0107832187528384 0.0330684553120563 0.0397415464900753
0.00923493711803542 0.00216315822426956 0.0638960656173681 0.0142508375388205
0.00403559203583181 -0.000951251739989758 0.067436560490515 -0.0232893283158921
0.0046067596561856 0.00123228120721423 0.0498322075625048 -0.0509447594754127
0.00546607305402198 0.0026535102809021 0.0316794354344355 -0.0579499508666318
0.00354114281638567 0.0037198194314579 0.029195565946624 -0.0480498875269171
0.000598991058289114 0.00509715870601491 0.032065748996157 -0.0385014790758594
-0.00487382104408471 0.00772383982258825 0.0344303285300469 -0.0328441907182109
-0.0140428459925695 0.00544411137569385 0.0408730667554159 -0.0286936792485208
-0.0193874623881499 -0.00906072487066983 0.0504659525683243 -0.0201337162594944
-0.00816472153051939 -0.0242413086844609 0.0648951382262866 -0.0331100777832024
0.0102698089858767 -0.0278978088844891 0.0830930257308539 -0.0477374577165132
0.0329076829940396 -0.0340396177834871 0.0692760318202762 -0.0081715148430445
0.00481399617919616 -0.0297860486599943 0.00314889760243807 -0.0122023746544896
-0.0133618393745316 -0.0239326111386253 -0.0118122728981822 0.0422067740846821
-0.0172906734117145 -0.0108582120703906 0.0293866814849936 0.0538612457187434
-0.0176492949428384 0.00378382136271286 0.0681186929289575 0.0248605824958213
-0.0136914573516586 0.0118575862332409 0.0703744602388792 -0.0184446571132812
-0.00997216022842098 0.0203569727480654 0.051677946419638 -0.0457490760333982
-0.00820392199003997 0.0242305828739285 0.0313280967461603 -0.0526612814378883
-0.0125928636217543 0.0245161251280185 0.0266155899798723 -0.0451943988506885
-0.0201157535685197 0.0151840400133136 0.0257183289376919 -0.0352672962523466
-0.0309417140336955 0.00394040479094473 0.0269474296103815 -0.0309396716224118
-0.0318917859822285 -0.0203481969808054 0.031723621913552 -0.0314517385018113
-0.0171500695160334 -0.0441609469419688 0.0412744539490857 -0.0233267067738245
0.0167176643519122 -0.0482596609490645 0.0553559824153008 -0.0376051826647255
0.0475251689443714 -0.0414227472162332 0.0719670587144817 -0.0477854681205178
0.0666921105739358 -0.0435491566639829 0.0488113797582396 0.000857240114790051
0.0324624322110248 -0.0557814601951606 -0.012963801999293 -0.00799021672238388
-0.00933343155545454 -0.0624401039280738 -0.0279490753275214 0.0514238336959221
-0.0373898370832439 -0.0372525338552832 0.0183932115332771 0.0679564958698727
-0.0462705516465201 0.000231409305746396 0.0658520448240537 0.0378107973455648
-0.0331107073747671 0.0217089502058066 0.06685678344863 -0.00851222480548316
-0.0245025700788796 0.0354688833306044 0.0467650096615421 -0.0342470516970196
-0.0205841891985812 0.0427313557107232 0.0259277969342999 -0.0396619843646493
-0.0249915003569739 0.0432433611392301 0.0184279660419234 -0.0345396670309631
-0.0354090009267318 0.0267302729966231 0.0133019351024814 -0.0268157372411503
-0.0515240068733905 0.00683852016265632 0.0132567891682947 -0.0273035667765596
-0.0521643876967112 -0.0358921733669123 0.0180981343607536 -0.0342419025361357
-0.0228357112896437 -0.070229586688834 0.0303486745677249 -0.0271686793450491
0.0313385266812141 -0.0694017067393261 0.0430460333071179 -0.0371049966370558
0.0754285742876791 -0.0519172263072796 0.0511092686529004 -0.0425319113198488
0.0917353553834564 -0.044208983498591 0.02011691472065 0.0096037070965063
0.0599722368541858 -0.0711359651884807 -0.0347695648834441 -0.00368295006640724
0.00218768000506963 -0.0946905008540635 -0.0481149427430462 0.0553835143010207
-0.0492337638135106 -0.0654184827802171 0.000433303651640257 0.077637846565265
-0.069801306964392 -0.00855100060947448 0.0533786757475099 0.0500248839821526
-0.0505108282634285 0.0259208014194357 0.0541043347823646 0.00347772725649424
-0.0378448207719487 0.0449026818502466 0.0352483300959932 -0.0172806480451669
-0.0301386157065297 0.0543624115906362 0.0166517675355998 -0.0206114233015778
-0.0330849036303253 0.0560804885510361 0.00668455007876903 -0.0178875371354376
-0.0435626637006377 0.035394433547663 -0.00228919168815431 -0.0139890369973526
-0.0636337970715039 0.0122456139026526 -0.00306453793001848 -0.0214324831155067
-0.0650355069565161 -0.0418623006444809 0.00347508160920896 -0.0341331422287237
-0.0285609979291796 -0.0844370329508265 0.01971359994142 -0.0278290538439015
0.038115090772583 -0.0810292029413133 0.0302637829827469 -0.0293295964105812
0.0902453313743215 -0.0556600053361247 0.0234013242273714 -0.0311358970800817
0.101592770160389 -0.0371981298848142 -0.0163573162573246 0.0190061459554407
0.0784420671773968 -0.0719559285063914 -0.0577967018736915 0.00171682757080509
0.0176249976267818 -0.109028597746607 -0.0654509283987731 0.0516959156327152
-0.0481978329002821 -0.083942775875709 -0.0205853933274026 0.0764202508507733
-0.0808107986707925 -0.0188020388333671 0.0317254144349598 0.05579956909829
-0.0603936972895005 0.0247995862057387 0.033483885508621 0.0157358626048711
-0.044600529186836 0.046486592717001 0.0187242458622893 0.00183401842334614
-0.0341361311020827 0.0581363661739199 0.00479937888640746 0.00113917895511183
-0.0354604912352014 0.0610287385188158 -0.00588327025910927 0.00183327934641602
-0.0450961605709837 0.0394826820751879 -0.0174254575574593 0.00122707696547932
-0.0651546823937952 0.0156739350067704 -0.0188000375411008 -0.0133492632799127
-0.0674400676844757 -0.0409766364820897 -0.0103647935942866 -0.0307801887540511
-0.0289918901184155 -0.0858799427128177 0.0108578942470232 -0.0261222216246917
0.0406547640702826 -0.0806220616352252 0.0197658238673144 -0.0170498464151147
0.0926196513509779 -0.0501929169981797 -0.0049032091952344 -0.0159239183769123
0.0921077964787525 -0.0246599108537032 -0.0501491554432177 0.0268850448717299
0.0809620991837281 -0.0574941292986271 -0.0754682782551872 0.00791905211303478
0.0303425828601062 -0.0996627934843695 -0.0745915863076603 0.0413676011325013
-0.0352063209943272 -0.0853868471440677 -0.0385311203053377 0.065079305283245
-0.0750466905282349 -0.0259370110377873 0.00669681147613124 0.0541023753255396
-0.0589929732245618 0.0195663134080322 0.00953492817363474 0.0252629414532888
-0.0441922712629623 0.0414558751236095 0.000284567900987025 0.0198150904121987
-0.0333938642018118 0.0530437052804564 -0.00784399090187668 0.0218455668220643
-0.0335969673595979 0.0557638353489946 -0.0184556758306845 0.0213489530535723
-0.0420503883242681 0.0360089348620513 -0.0316613537830242 0.0148819106032786
-0.0594290373778477 0.0147676025680345 -0.0323599604658989 -0.00696419017035525
-0.0586796487840627 -0.0382156450367369 -0.0203667950111907 -0.0275497295152953
-0.0213264070245911 -0.0779576940618985 0.00375511028262941 -0.0238870942910164
0.0415436748290943 -0.0684699192600937 0.011263462646716 -0.00545403748194271
0.0838067984857953 -0.035773507443019 -0.0304036838532372 -0.00223330517084147
0.064992589344009 -0.00990039109749179 -0.0766506711114738 0.033408746578368
0.0642740206456411 -0.0343174238599124 -0.085067505016143 0.0150363691834519
0.0325812038546414 -0.0716084554935064 -0.0739674167313339 0.030380271408565
-0.0187365561199231 -0.0674888921361073 -0.0473447944155323 0.0486856465837154
-0.0551649076054407 -0.0245776551867878 -0.0148625026909573 0.0457079029508116
-0.0464472380309737 0.0118213961291506 -0.0128273292764797 0.0312013957485378
-0.0350651909186709 0.0297537700442057 -0.0164843228191865 0.03427702137718
-0.0272225343127847 0.0398567150299231 -0.0185000233687904 0.0395404671705556
-0.0276267897657844 0.0430717420604456 -0.029556170499487 0.037498011058306
-0.0348200678526033 0.0278630591884319 -0.0429953264023257 0.0255177660499875
-0.0472380500268845 0.0100236549498177 -0.0447384554673443 -0.00292270567808208
-0.0437657135529996 -0.0338444456748649 -0.0282519519252204 -0.0261423649882856
-0.00949283580822163 -0.0630827087424971 -0.000416312157837156 -0.0238850767057078
0.0402549643924018 -0.0479561710704214 0.00397006630876675 0.00341566724649653
0.0658641827557439 -0.0153984028973824 -0.0520663212202733 0.00741946547340954
0.0266391752818599 0.00667200107663691 -0.087222471136948 0.0386100593316119
0.0356071725526588 -0.0075751435274233 -0.0836535753099018 0.0235910539386889
0.0245156882591078 -0.033295366570147 -0.0642743755237255 0.0216931176937902
-0.00332660870314455 -0.037655061059659 -0.0474558249396605 0.0343592450247043
-0.0278343621771297 -0.0173370901947079 -0.0280954364763352 0.0366506691359409
-0.0263327191377343 0.00431973413341284 -0.0269988355975572 0.0337341841800907
-0.0203316016365334 0.0141475234211389 -0.0274640401019404 0.043662217800897
-0.0171864108204099 0.020931149765109 -0.0259266288290262 0.0508165117378628
-0.0175231463882172 0.0244013453435248 -0.0384486027117297 0.0482602640108348
-0.0240907201199849 0.0165408334842109 -0.0528263668149358 0.0308324112777148
-0.0317653768436147 0.00424935490456315 -0.0546334775969903 -0.00366443304022967
-0.0252907641357774 -0.0253973107388291 -0.0328383230614848 -0.0280890122243762
0.00123776454476554 -0.0417474286170933 -0.0029241932340412 -0.0259860990927235
0.0338857994868217 -0.0233124472446958 -0.00195098101245193 0.00643039547707747
0.0393346775317322 0.00649332455904491 -0.0684476003988956 0.0104525316855365
-0.003608220783577 -0.0188347241204345 0.0787677948076343 -0.0183830693015511
-0.017130428140538 -1.28301811638558E-05 0.0117141173489066 -0.0154703837586329
-0.0114627892880675 0.0129599055876278 -0.000293964933245457 0.0334938201227998
0.0054344109159101 0.0105991744410683 0.0357796815220332 0.0401249289133953
0.00943692199270383 0.00184184586974901 0.0668288290316499 0.0114444615028076
0.00406202731463196 -0.00092569095443509 0.0683704576428914 -0.0277896545160446
0.00503812441331262 0.00162107371606184 0.0485530515792723 -0.0554250561050984
0.00607143466099228 0.0024501632225479 0.0289442937415123 -0.0615015649809865
0.00401804172887347 0.00395774919270872 0.027341402208499 -0.0515753482435925
0.00114586455002427 0.00545446861528489 0.0312970478701914 -0.0420179138968013
-0.00485853080835327 0.00816575686206443 0.0335928431849005 -0.0359787499750809
-0.0140605852264929 0.00639636738408418 0.0410107864357325 -0.0313030405433319
-0.0208089116326155 -0.00833930862655121 0.05145403655707 -0.0222588055810615
-0.00911035211785578 -0.0247053894327221 0.0647991354665974 -0.0366798913478704
0.00961431953309537 -0.0295812716780923 0.0840427502010478 -0.0528028813586401
0.032503095076367 -0.036709189903671 0.0704358950248742 -0.0111088271251314
0.00354865464285772 -0.0310373178828678 0.0023503117617017 -0.012285182500329
-0.0154083532215202 -0.024155165834738 -0.0109471527520755 0.0441441600054648
-0.0182733685786932 -0.00975722923486696 0.0323698038830779 0.0549538470702607
-0.0183213913038538 0.00519242021427544 0.0720346171875743 0.022377495266242
-0.0135259328184342 0.0130282657754563 0.0718577155078539 -0.0227281134440574
-0.0093937571762636 0.0217337299301493 0.0503098418382889 -0.0505078784191052
-0.00652647118712445 0.025870137427849 0.0288248817915479 -0.0564359578662027
-0.0116051270926782 0.0265742435312 0.0248536867731383 -0.0484183524930516
-0.0200257652064057 0.0164633346110582 0.0247195218084548 -0.0383501670666151
-0.0320116875660992 0.00591804807007507 0.0266396066801564 -0.0337803975195703
-0.0346695300522601 -0.0197214160798246 0.0308641766346743 -0.0335956931411019
-0.0204660213580703 -0.0446928795808562 0.0418879551640571 -0.0253086575132092
0.0154274306488937 -0.0505262231092802 0.054965381012758 -0.0409450720915329
0.0477630747358603 -0.0450236826329555 0.0723740069072152 -0.0528125049098672
0.0671937987225937 -0.0483069008367216 0.0494373422736069 -0.00143501936285383
0.0305787435218726 -0.0596523572685439 -0.0148170562101296 -0.00742350897541147
-0.0130493246168645 -0.0642324751182874 -0.0274349412357299 0.0539893287942775
-0.0404634876618446 -0.0371008019849573 0.0218290515005684 0.0696777600785275
-0.0476587696623104 0.00264096602297985 0.0701190937786022 0.035684538240587
-0.0333768212145605 0.023637310642838 0.0686947042462351 -0.0121850545950572
-0.0239014189677297 0.0380628043560009 0.0463850845844124 -0.0374950243916269
-0.0182040047294787 0.0451629950654653 0.0242982598222632 -0.0428814798048967
-0.0233720224247287 0.0463965277355923 0.016629579624177 -0.0372185980363045
-0.0351352459245378 0.0292515815115226 0.0125820861500995 -0.0287867672392549
-0.0531578119697428 0.0101694284455063 0.0126893128700914 -0.0296010090659889
-0.0553553216785179 -0.0343083926751984 0.0170884536669183 -0.0360876974765561
-0.0273608638179296 -0.071907245384013 0.0305799824044827 -0.0290591208629762
0.0294218589920373 -0.0731954784461594 0.0426517752578494 -0.0397362492807383
0.0755561963949747 -0.0575193821982767 0.0508438030341244 -0.0465722849573932
0.0928906792183958 -0.0505372565466752 0.020284947273376 0.00935571667578153
0.05832288470873 -0.0763612557159627 -0.0368693101271523 -0.00225285348872791
-0.00302343121654767 -0.0974451619566678 -0.048085248296774 0.0591966877547428
-0.0538046360602709 -0.0655633322942533 0.00337062638755339 0.0801139493989512
-0.0730456481875745 -0.00529740517672313 0.0578853697600759 0.0489558213012755
-0.0508202917380603 0.0292382169050415 0.0561763253349505 0.00135791881503186
-0.036270422953039 0.0485193875540626 0.0355589693701227 -0.0196747403042341
-0.0274347515141065 0.0583042096271381 0.0156693931299049 -0.0222899136524331
-0.0308018226752205 0.0601841440443973 0.0058848468167127 -0.0190182226690687
-0.043129645194805 0.0386842664139563 -0.00285628110147139 -0.014867967121515
-0.064916006775221 0.0162460176122473 -0.00390021401419071 -0.0229099817940705
-0.0696850751085472 -0.0396360505878817 0.00158544228842365 -0.0353412578795526
-0.0343391621792218 -0.0857742564625472 0.0194479283516226 -0.0294336966594512
0.0356031251260198 -0.0857347712489047 0.0299488116800976 -0.0315467927800621
0.0907663595725133 -0.0621131826850378 0.0225056372523772 -0.0330960176157237
0.103012289497472 -0.0437840115062528 -0.0162335656530852 0.0207197778767985
0.0777641741022168 -0.077829920026753 -0.0603100236860095 0.00462559988837679
0.0123454582694636 -0.11304721865838 -0.0661287847274961 0.0558693623344922
-0.0534640016069627 -0.084917998088748 -0.0187251666392021 0.0797064323441865
-0.084373065832224 -0.0151539625908142 0.0354920944299628 0.056879033408277
-0.0613746560812627 0.0290817873755299 0.0353393235113586 0.0151123179367935
-0.0438790337683704 0.050562768798427 0.0194884131519103 0.000977950890250214
-0.0317965628353776 0.0621303466772381 0.00468993088036714 0.000682355102318351
-0.0327040515831679 0.0648009838810335 -0.00616562168543999 0.00227990229507066
-0.0448699938475557 0.0428797548463995 -0.0177910727829722 0.00165096778086087
-0.0667697985733777 0.0199356951640048 -0.0201382585859842 -0.0135315198171903
-0.0721888060689553 -0.0391641702176875 -0.0121780158590255 -0.0313787655900239
-0.0345895631111961 -0.0870423531623835 0.0104535902211147 -0.0276322722633756
0.0378688740797285 -0.0847208953709632 0.0200650717573297 -0.0189866858441823
0.0931021798977041 -0.0564800672587987 -0.00569922846942599 -0.0163769039069625
0.0938803887546335 -0.0304110104812789 -0.0510067220995848 0.0309479451563684
0.0805879325695372 -0.062591582585485 -0.0777144780428254 0.011458672602186
0.0262754824695963 -0.104273244814465 -0.0759208083229831 0.0456341637292932
-0.0405597626890443 -0.0869826066175291 -0.0377634804181049 0.0685589844472333
-0.0787564635277832 -0.022223929761846 0.0095015197681848 0.0558582760962818
-0.0601103722118563 0.0233189076913061 0.0109191364997699 0.0265243084233426
-0.0433166444995622 0.04454209600014 0.00176464838532426 0.0209424957603908
-0.0311727600487379 0.0565597670128619 -0.00626591862252404 0.0227740212403491
-0.0314547102848652 0.0598246310640391 -0.0177940956024424 0.0231198743512531
-0.0416818814907224 0.0397625455022989 -0.0313289812237795 0.0170944085114847
-0.0602586630822027 0.018205791566892 -0.0338489810939613 -0.00574908644962646
-0.0629112275942336 -0.0368636194216797 -0.0227967335420523 -0.0268291099183064
-0.0261826885150701 -0.0794510967730362 0.0034517295931579 -0.0253931792364088
0.0396370123813175 -0.0724220594183814 0.0112994992111438 -0.00692580126372613
0.0849449545809844 -0.0415053161649214 -0.0320490669975864 -0.000647103327163279
0.0662710876677026 -0.0133594345981631 -0.0777595698961036 0.0383521776164378
0.0649198639613737 -0.0377950855863997 -0.0868902252579798 0.0194057733417634
0.0297620202313081 -0.0748211690132781 -0.0749553306604521 0.0337525956317412
-0.0227758118213278 -0.0691808062254439 -0.0475547966801051 0.0517639551303229
-0.0580472578856502 -0.0226638855821176 -0.0129892345037293 0.0478804334026352
-0.0476042411443574 0.0151156213307019 -0.01154766435279 0.033433504812783
-0.0346918438704319 0.0327798024961629 -0.0146368524337827 0.0368354459268823
-0.0259902309451075 0.0423718510295045 -0.0161975760033022 0.0418728156358382
-0.0260169484977844 0.0459101067722063 -0.0280489949374386 0.040616465067367
-0.0348318850699743 0.0306632162411113 -0.0428020422253883 0.0284839558491872
-0.0484511949432077 0.0125558671519373 -0.0460218483693099 -0.00142676753453505
-0.047044303182687 -0.0325830918988172 -0.0302944069203882 -0.0256527169563243
-0.013247616953211 -0.0647039942662503 -0.00115434408814961 -0.0244424181931108
0.0392019827418711 -0.0513387546237844 0.00490386585233534 0.00232269920078355
0.0669732462614561 -0.0196981540940216 -0.0541625327137258 0.0100089151607386
0.0274297424472494 0.00545666934022925 -0.0884938301743185 0.0437913061896612
0.0362200757659473 -0.0093192381487184 -0.0851237818837363 0.0278363609780921
0.0232152761437614 -0.0353655321138695 -0.06519678099483 0.0247460619781358
-0.00519418903750595 -0.0391121091762776 -0.0479772140023132 0.0373622174634021
-0.029535784646693 -0.0164917947053426 -0.028056506475201 0.0395870776050012
-0.0267117825608342 0.00585675912292285 -0.0261003305905919 0.0373140951006528
-0.020223482607939 0.0159681281135099 -0.0254612193898163 0.0467233677520133
-0.0164728828766929 0.0226530416996871 -0.0233007967757205 0.0537693268668085
-0.0171683207334658 0.0259930102623276 -0.0366754139939292 0.0519701889690884
-0.0240994882416047 0.0178952364741121 -0.0526769830025186 0.0339781884907897
-0.0318990005862453 0.00597410763872652 -0.0566738674398852 -0.00160945018957353
-0.0272114579645078 -0.0253853782477703 -0.0350781219992391 -0.0275438434383661
-0.000858028947301186 -0.0434265505083473 -0.00371412618199072 -0.0271013136050978
0.0337113959417748 -0.0255089973677609 -0.00131864340397542 0.00589684430246557
0.0409042474988736 0.00445205277487254 -0.0710287952027815 0.0141071327716359
-0.00446278615209008 -0.0191458386875023 0.0787525886844315 -0.0218648898150573
-0.0172731757395453 0.000313009551119054 0.0101343164331994 -0.0159796779246453
-0.0110684867656301 0.0136425620798462 0.000314168966219095 0.03389385989594
0.00530446514972427 0.01093981480311 0.0376441078041002 0.0393490477099793
0.00966335643678508 0.00118517843099789 0.0683147638146131 0.00882399048031146
0.00434772887230615 -0.000827291124923158 0.0682872646333498 -0.0313586090597698
0.00525183381412839 0.00130383036951383 0.0453673436647627 -0.0585848773006246
0.00646881837040697 0.00241704283017541 0.0250733105596305 -0.0636536080731255
0.00461876813616291 0.00426569821816011 0.0247333559605301 -0.0544001185533593
0.00132982876047036 0.00593117941658904 0.0295542389007815 -0.0446776393247625
-0.00484072589227613 0.0090180652388545 0.0328679045788249 -0.0382341312901736
-0.0140925983334711 0.00686302057312861 0.0403574227177038 -0.0330823952324041
-0.0216787619752674 -0.00740042100866687 0.0514414327050396 -0.023493189799553
-0.00981501669113896 -0.0245400521054013 0.0640851086106462 -0.0388251304619208
0.00842446114858472 -0.0306949255520014 0.083351247137477 -0.0571389109072585
0.0314731153138852 -0.0392013323713515 0.069967243530968 -0.0144263608190385
0.00246079919091749 -0.0325028082726362 0.000609911745374095 -0.0123836280447071
-0.0166877355779966 -0.0235630270170426 -0.00968624219017269 0.0455090250360856
-0.0193553581121765 -0.00930452825660682 0.0345483183569018 0.0539806532648695
-0.0181777651168639 0.00562260150141607 0.0743346867790814 0.0191967385737306
-0.0133077483709787 0.0140174740267583 0.0721953310956351 -0.0263759603236631
-0.00772729867919164 0.0224688345899709 0.0478386463995029 -0.0534727859958305
-0.00523296854279001 0.026314890462001 0.0253083831432211 -0.0583293611945983
-0.0100269738710643 0.0278800028819099 0.0222573226111642 -0.0507009967684877
-0.0194911992933464 0.0179320451121885 0.0231308568470133 -0.040293877643505
-0.0318517744745162 0.00791278864404978 0.025541984812155 -0.03601427970386
-0.0361078240353091 -0.0178216320113346 0.0297352177322048 -0.0351412994309188
-0.0230823488596611 -0.0440939842629947 0.0418404466065203 -0.0273896643743941
0.0139114420335392 -0.0520817381312453 0.05359458190922 -0.0432918496988298
0.0463357365651508 -0.0481315402447047 0.0715127535479664 -0.0562191573411012
0.0658755035164196 -0.0525754628895732 0.0491955588242239 -0.00333936558231705
0.0282922838021827 -0.0614577483920997 -0.0162971494429059 -0.00650109788237299
-0.016882968453028 -0.0638808827594365 -0.0260851622657843 0.0558608628081563
-0.0428754695569285 -0.0363127301461936 0.0240843412097801 0.0700008581588328
-0.0482522786809765 0.00511828406752563 0.0727922347627269 0.0332795710617351
-0.0324453438909416 0.0257237767835493 0.0689484757635035 -0.0154761398548592
-0.0221149588576743 0.0399558025014837 0.0448064868815518 -0.0403733032101408
-0.0154812413369813 0.0470587325858231 0.0219395584873154 -0.0442611155431304
-0.0206030209096573 0.0481896683548134 0.0147949812846935 -0.0388037363342947
-0.034567086296508 0.0311737912747773 0.0110644232705806 -0.0306547397773717
-0.05300495068364 0.0132342768025078 0.0112681696818822 -0.0316329870646845
-0.0583938323130315 -0.0323205547254063 0.0154254950920383 -0.0369306187717369
-0.0317132679999849 -0.0712419814221963 0.0301907956383374 -0.0306160533332684
0.026585016128143 -0.0756914934970213 0.0406463800291655 -0.0420372339780554
0.0742009727552439 -0.0622511066066981 0.0498278260094359 -0.0492895341997189
0.0917409735445683 -0.0557650230558439 0.0198956607448391 0.00874693510418095
0.0556322625176545 -0.0797302512794674 -0.0378321634441681 -0.000627379938320549
-0.00805890201993001 -0.0982336167300555 -0.0466050773341009 0.0619496921871702
-0.0576804990906456 -0.0638334716568885 0.00588720217886175 0.0810252382564733
-0.0738112578130937 -0.00118197554196451 0.0614022843925991 0.0468409285882696
-0.0503617830768768 0.0324172544315662 0.057331976565347 -0.00107279150771353
-0.0342648770565328 0.0507149090610754 0.0348960373516376 -0.0217508223909419
-0.0242118176612962 0.0607790797206325 0.0142915993499152 -0.0235767898048072
-0.0274778720051739 0.0625846943407642 0.00466882191963221 -0.0197787180694963
-0.041896680791376 0.0411734357712786 -0.00391564411028863 -0.0156219367383345
-0.0645321484515294 0.0197447870886669 -0.00473048798208586 -0.0237020278537192
-0.0728800868892689 -0.0366376678665117 -0.000336075818296558 -0.0354126802236249
-0.0393057929757584 -0.0848445723280273 0.0194399799041006 -0.0306088423746459
0.0320220927803948 -0.0883411936193863 0.0286959995584867 -0.0333075849956842
0.0893650966170394 -0.0675397482965235 0.0212431840722443 -0.0347795453856661
0.102051568585366 -0.0498086038341809 -0.0164572696855342 0.0217722315782942
0.0747654072542937 -0.0818557541701695 -0.0610006521793721 0.00722486757873687
0.00692266651605677 -0.114461751081906 -0.0651418254401733 0.0590384296915263
-0.0583075492906322 -0.083977807621177 -0.0169031782088721 0.0814547646660054
-0.0862132359245622 -0.0104760061240994 0.0393498928033519 0.0554875497275454
-0.060648352583853 0.0322226508271644 0.0368292610737392 0.014290166733241
-0.0416375314514309 0.0532811314719141 0.020177444349688 0.000240956161833431
-0.0284972512258274 0.0648942829673307 0.00465948225146691 0.000458855774327985
-0.0293588603884191 0.067436383675804 -0.0061145074895532 0.00253625209166573
-0.0433680713455886 0.0452621118864942 -0.0176614164835905 0.00232159546866209
-0.066271927659665 0.0237258471762403 -0.0208613336094792 -0.0131882465596364
-0.075106066104541 -0.0361416713538409 -0.0138303097471456 -0.0308581240434405
-0.0394793689636307 -0.0860733299425772 0.00988119695996152 -0.0286802676476519
0.0343779891758225 -0.0878483681838124 0.0193814123886491 -0.0203872158578022
0.0921434373373679 -0.062063182907077 -0.00673667399466953 -0.0165281943697872
0.0933061434987497 -0.0358820940804679 -0.0511746639302804 0.033003122461407
0.0786984058593588 -0.0667044442571979 -0.0784023745242202 0.0147249089464584
0.0211436924480449 -0.106231877362832 -0.0754317929559713 0.0490083576261685
-0.0448822468791002 -0.0865520305796334 -0.0362469701457215 0.0705798551771016
-0.0810002110390387 -0.018414521470364 0.0123524654028383 0.056017922981412
-0.0599370331054182 0.0265151497036977 0.0127876770986455 0.0268286889322362
-0.041676149023625 0.0477940605628539 0.003228547116375 0.0210695752155189
-0.0285375027860489 0.0590867112812267 -0.00519281577957615 0.0236064184758531
-0.0280319707933294 0.0624197034151491 -0.0166337557967555 0.0243724700221426
-0.0405991748581487 0.0420497552098861 -0.0304902735202535 0.0183594405344895
-0.0600041330175231 0.0215389418900661 -0.0345879908367813 -0.00468693191505066
-0.0653891393564544 -0.0342838604567394 -0.0239461516157542 -0.0266807797133782
-0.0308742642789365 -0.0787998833868627 0.00316590611945006 -0.0258116827586249
0.036453565287881 -0.0748555818370715 0.0114707126771197 -0.00837318642087448
0.0845948848559721 -0.0464940591015808 -0.0328333683759106 0.000382764822579823
0.0664225156478732 -0.0170922226862 -0.0774895185570424 0.0419042258423535
0.0639782152295142 -0.0406539726425859 -0.0872877001470288 0.0226522632366359
0.0264152091826319 -0.0767801466103202 -0.0748479418101967 0.0365304351570737
-0.0259459364654046 -0.0697683612713827 -0.0470687940244646 0.0543265286505726
-0.059883058823497 -0.0195380319262924 -0.0107828937864251 0.0493566622979119
-0.0472956382108713 0.0177447707911547 -0.00987248761879647 0.0350007844063473
-0.0337125362272149 0.0345183593320455 -0.0122380506032999 0.0385326990287649
-0.0237523972744476 0.0444517271974033 -0.0135576761931635 0.0426875016548749
-0.0233125428902029 0.0479729004986848 -0.0260539772547984 0.0423550025369693
-0.0336390173275865 0.0328730840295992 -0.0416136653293493 0.0305818818233654
-0.0483209589187813 0.0149952875900923 -0.0473486761275004 0.000688731333432137
-0.0489676009952865 -0.0314980830455133 -0.031611049695374 -0.024562235211367
-0.016837105764868 -0.0646261215635273 -0.00160244642455937 -0.0256223120961624
0.0369733092104444 -0.0533756156952944 0.00508696309746165 0.00124362877989563
0.0669982010141028 -0.0228485614671282 -0.0543221550952085 0.0125390967563251
0.0274503786696824 0.00400216976356947 -0.088459454035522 0.0483239309332326
0.0369286558878727 -0.010517863053872 -0.0845214308102153 0.0310505488912725
0.0218635797801753 -0.0364638241608716 -0.0654533835879282 0.0271141837945887
-0.00696999827732781 -0.0396373095817813 -0.0480131021546595 0.0393431030429156
-0.0305225872815668 -0.015196945074596 -0.0264916956270354 0.0417154657705409
-0.0271349339597241 0.00782842057622626 -0.0245285079686792 0.039581202146701
-0.0197658093645365 0.017186588690304 -0.0228337612943102 0.0492066448668316
-0.0151669532621779 0.0239961643191984 -0.0203475925703769 0.0553930129832614
-0.0158557713117483 0.0272269380190221 -0.0339018975052707 0.0545326576956131
-0.0236152995993095 0.0195889379914189 -0.0513145179848641 0.0371790666732394
-0.0323007318162325 0.00717412916688533 -0.0580594752335385 0.00124074518830906
-0.0285991438315381 -0.0250192871613016 -0.0364658603332854 -0.0263286510786134
-0.00282200139394393 -0.0436192106122793 -0.00444076749935376 -0.0279836145281433
0.0327290836252001 -0.0267921742393748 -0.000735560106864272 0.00500091334396614
0.0412543300953201 0.00266327759918699 -0.0710507980548145 0.0177116241272023
-0.0106991074806814 -0.0177749564562375 0.0684636987234748 -0.0463747777807125
-0.0167825128024945 0.00605294287304821 0.00460650497838516 -0.0190540609333023
-0.00537652038503637 0.0170173882049603 0.0108484425505928 0.0312900032871757
0.00933253868013393 0.00890644691953389 0.048257477424848 0.0254627797159653
0.00971740953141187 -0.00253701345022912 0.0676854418580633 -0.0132525966151194
0.00470288302414396 -0.00256476911507037 0.0536133174454836 -0.0530791877002966
0.00598836743461868 -0.000797256550944436 0.0217417840738203 -0.0711817949142089
0.00714223374657238 -0.000238910604345347 0.000819417454369724 -0.0677815072880001
0.00606304161155397 0.00249957655661679 0.00439317145103898 -0.0596465532839869
0.00284630074003301 0.00568966911998473 0.0124800629211601 -0.0528772910621651
-0.00157607233102868 0.0100129261968797 0.0178748667541895 -0.0476298831615553
-0.011293316613319 0.0110918643285434 0.0279461818383623 -0.0442717609528079
-0.0233543393397813 -0.00032234787115341 0.0421877510693867 -0.0385808632501127
-0.0175833332715621 -0.0198822853389474 0.0486274689610918 -0.0557906658177236
-0.0017361941156841 -0.0313124922865969 0.0603828666145819 -0.0790219264694674
0.0171059526421143 -0.0503882433784591 0.0617365796973832 -0.034477837789421
-0.00942365260655649 -0.0323564932328071 -0.00279853500619805 -0.0106189497085978
-0.0241636566881436 -0.0159754382417111 0.00705494923813506 0.0463337633109263
-0.0213766955906394 -0.00153054064316558 0.0519741327332662 0.039876244460506
-0.0144110204684756 0.011484824910042 0.0771020890764713 -0.00737843675436767
-0.00685754798290313 0.0172915634181077 0.058725787205685 -0.0506709872586972
0.000454941038433668 0.0238342947864383 0.0261661294178331 -0.0677799321961967
0.00447540757613255 0.0260631295685169 0.00216540115547769 -0.0633446809037621
0.000381071811583449 0.0296675369737499 0.00314651086475147 -0.0556950635424615
-0.0126353566912457 0.0233468552219769 0.00817954648140873 -0.04720749272496
-0.0273668009099253 0.0184017499761705 0.0119310836802452 -0.0432946589125716
-0.0406140787429665 -0.00502958073606883 0.0180073390600701 -0.0422084480214578
-0.0364843147353841 -0.0343203579952686 0.0317307086859806 -0.0380980788598728
-0.00455694079531934 -0.0540861411413597 0.0362537841116665 -0.0573019881879687
0.029110688932867 -0.0608355808954144 0.047895008784351 -0.0757169767898002
0.0452642135038195 -0.0752666806481002 0.0456755804348349 -0.0153489374635014
0.00462886139095451 -0.0691423300976233 -0.0160419505489108 0.002452651778278
-0.0387290697258753 -0.0540150419938742 -0.00301682693662942 0.0627364707970273
-0.0536837638665609 -0.0174632037964026 0.048803871695281 0.0574338982374403
-0.0427884433883839 0.0217446931577881 0.0809578493383486 0.00517832695920957
-0.0212203119650146 0.0352659027855638 0.0594826904012258 -0.0395854808090516
-0.00708972090511499 0.0453006058902692 0.0278665766144167 -0.055165531681213
0.00176335197341229 0.048790677223533 0.00362116243046693 -0.0494980493325709
-0.00240484283262746 0.052435271643994 -0.000327397473330507 -0.0424848174488079
-0.0218329140835309 0.040736274948847 7.81710227355605E-05 -0.0341559758988976
-0.0452253885088016 0.0302148869495948 0.000498107921247736 -0.0352288383113315
-0.0662852292893063 -0.0105475582630411 0.00400343907178286 -0.0393077836153631
-0.0535014018709328 -0.0565223211392851 0.0197267065719568 -0.0373899323169114
-0.000485999727479474 -0.0806894962668256 0.0239422287719951 -0.0522331629940318
0.0512860357775582 -0.083499713603597 0.028529543591424 -0.0624826622211264
0.0685199419409337 -0.0871798972556526 0.0214784835201188 0.00630805212126189
0.024153449044641 -0.096362541104334 -0.0348546260354865 0.0173324599392486
-0.0429534547065666 -0.0890778349690998 -0.0191126635153966 0.076004470456641
-0.0776695681142809 -0.0386918442551372 0.0364934198582735 0.0735692550197616
-0.068994758403194 0.0246056275602767 0.0749275850740901 0.0211946135482208
-0.0360562589847735 0.0469032396846892 0.0531114801526923 -0.0224973307810768
-0.0151268602069669 0.060231263083222 0.0258624260678651 -0.034868847496372
-0.00198537523313901 0.0647440160186859 0.0037155481780524 -0.0282229444019981
-0.00385588790484649 0.0680710409030373 -0.00350946493985894 -0.0210755305815796
-0.0259170003125747 0.0529199039842893 -0.00862406833772758 -0.0153125469618709
-0.053575182833293 0.0407930508159899 -0.0120157732754891 -0.0227083463368603
-0.081466578116018 -0.0103789283482108 -0.00980743539729946 -0.0327205987894936
-0.0655142584246048 -0.0668490994370511 0.00893192532374733 -0.0334761083154043
0.000487663291039886 -0.0944298952295407 0.0148974819561701 -0.0405025577623045
0.064066721107795 -0.0935225242061689 0.00559918562562881 -0.0401105611503805
0.0812088677973385 -0.084573180601033 -0.010004749364825 0.0308314706274661
0.0418271485414242 -0.104877273746592 -0.054469731019379 0.0325272177785208
-0.0341582927339527 -0.109911206537303 -0.0368764081700206 0.080335455297229
-0.085674542502662 -0.0568178144047473 0.0164187898837075 0.081871366973387
-0.0840398756564348 0.0200664981942698 0.0572906605588543 0.0364903042155025
-0.0456371470242912 0.0507629085374469 0.0393621413958637 -0.00118138871974025
-0.021516002918739 0.0658174387521259 0.0198580083206063 -0.00872965682086584
-0.00439341718900601 0.0698686297327292 0.00377475427222195 -0.00261713311020492
-0.00429846478015454 0.073182416108302 -0.00594727171090002 0.00348306187624884
-0.0255463436570669 0.0573964618562502 -0.0157713445134086 0.00614832859904147
-0.0538877755249152 0.0444180287325562 -0.0236312908145056 -0.00796345250443438
-0.0835458826532634 -0.00915330814113482 -0.021275707643783 -0.0243486008353118
-0.0662982146007053 -0.0677843741039422 0.000880318296345794 -0.0288390355290491
0.00288006374958023 -0.0949322223005232 0.00955295228994975 -0.0256022431106644
0.0684657718593194 -0.0897270358381657 -0.0153484757709237 -0.0145593896268141
0.0774014631788732 -0.0673308955649029 -0.0393829825388598 0.0523491196428668
0.0510161154180317 -0.091262429210911 -0.0696284506640009 0.0449872132962161
-0.0179446287066289 -0.107229003039414 -0.0508554944622244 0.0745546849853502
-0.0742396227243143 -0.0645711945590815 -0.0063611807796053 0.0792460456421981
-0.0819928563820379 0.0108605854812436 0.0322563058588486 0.0463191306374747
-0.0471637736624034 0.0456098208437278 0.0212754378079983 0.0192243272527677
-0.0238095064750149 0.0602832185502324 0.0118639279723531 0.0168794985577884
-0.00634815962495787 0.0651353806728377 0.00273276566776231 0.0222528082644134
-0.00465011355197365 0.0678517180552735 -0.00818563098010787 0.0275027675436829
-0.0239366699626361 0.0532822799844694 -0.0224938874877015 0.0260233314560714
-0.048906051854409 0.0401750396983233 -0.0336586689581942 0.0055305031310236
-0.0737116106550635 -0.0103828969055244 -0.0295881236346578 -0.0168514410243532
-0.0551957392256484 -0.0638805209531511 -0.00504145166976899 -0.0241081664390041
0.00946155264312015 -0.0831927112901624 0.00623759584870336 -0.0118780500217097
0.0664512585856172 -0.0721611034698138 -0.033670663411272 0.00914312579953979
0.0574889819662857 -0.0393242198301951 -0.0618682101553289 0.0677822720975922
0.0463694801346364 -0.0609164413841881 -0.0758844948099871 0.0539524171615263
-0.0019939470597522 -0.0814094269124466 -0.0561325515654727 0.0617826525125326
-0.0500630535560501 -0.0556613928873242 -0.0230506829954737 0.0676312025000336
-0.0629473133471732 0.00282321572244103 0.00741983604065827 0.0488810113579964
-0.0386661291403583 0.0333418553409456 0.00330409615082507 0.0355432254373005
-0.0202331477367472 0.0453778107790164 0.00334442315634437 0.0391377348323095
-0.00739338791760027 0.0499939511259667 0.00168157764459214 0.0434341915536907
-0.00552472080167255 0.052797165423698 -0.0101652493670761 0.0474673896755643
-0.0207385057413504 0.0425416825012258 -0.0288360298256789 0.041465128241027
-0.0400419357684373 0.0299653016351454 -0.0436922170903113 0.0151456670731943
-0.0569755416917232 -0.0132580739696588 -0.0362978948210501 -0.012926777673304
-0.0371384434010031 -0.0550487627231618 -0.00993615843782599 -0.0231024129847846
0.0170946089365184 -0.0626752471938918 0.00366787053239203 -0.000928777861182533
0.0571457162809901 -0.0442256923211747 -0.04953803116841 0.0275361195307859
0.027740703160158 -0.00483134919904004 -0.0695838409408626 0.0759076422356256
0.0313329321312099 -0.0220469019987019 -0.0711219098743658 0.0583908859908062
0.00790051314550952 -0.0416584175230666 -0.052583743065149 0.0491651551216242
-0.0210179050669075 -0.0343469975860766 -0.0311660491276045 0.0542242991855849
-0.0340230823274105 -0.00304575851708549 -0.0104044159454885 0.0477607620836838
-0.0228122608505065 0.0167062359025454 -0.00926337888827424 0.0453819015350263
-0.0130676142068724 0.0238857612982935 -0.00306291827553246 0.053690480290088
-0.00664651215222155 0.0275792491574346 0.000875024613410308 0.0575998976186141
-0.00538928769365002 0.0311547256683584 -0.0135327218006279 0.062041979926617
-0.0154970995912526 0.0266304043139257 -0.0355469310988314 0.0513752105751786
-0.0280639600207663 0.0174926444164439 -0.0533132148260858 0.0191267646760764
-0.0355694075646169 -0.0146908091320086 -0.0422783948158907 -0.0130140083572107
-0.0167813022714446 -0.0397821544055394 -0.0135955740026433 -0.0248903721224727
0.0218277674937079 -0.0364908923518682 0.000289323617569586 0.00448051710392694
0.0409650308095484 -0.0108692941724383 -0.0623385819314647 0.0375837152367521
-0.0107696092169099 -0.0183439209702266 0.0680726162071609 -0.0478881445459283
-0.0167729931514041 0.00635922910215208 0.00388916026230161 -0.018829343406995
-0.00499885027046414 0.0171957724253188 0.0108635527916983 0.0320703485731238
0.00954466612144798 0.00899718877515617 0.0496653096139323 0.0255500498438689
0.00941288090826212 -0.0024597262307887 0.0688683379282235 -0.0150378980491874
0.00460562526986396 -0.00274115344599684 0.0529190666705372 -0.0550563328513409
0.00640702266551221 -0.0014140921306138 0.0195842536672881 -0.0717261117300224
0.00759807869924046 -0.000636330318937189 -0.00152747842100493 -0.0676866354642479
0.00633592728166214 0.00264826385021973 0.00230677759220139 -0.0607522955745448
0.00291212160636662 0.00562792209621814 0.0109530518157396 -0.0545505959640358
-0.00111564877598086 0.010805810109669 0.0172622613739086 -0.0486884187815822
-0.011226306522289 0.0119686621061887 0.0277283572336969 -0.045161836040533
-0.0237187629164699 0.000549278805804908 0.0425644160117145 -0.0393575552134669
-0.0182749524870486 -0.0202869644632981 0.0481380696027846 -0.0563738935548855
-0.00234944946561423 -0.0316704245266949 0.0607771618252392 -0.0813558390004594
0.016130932644784 -0.0520060915426159 0.0615270240759347 -0.0352471090350343
-0.0105170472744632 -0.032655153528928 -0.00374012259711963 -0.0100599188773763
-0.0251112856262983 -0.0156434953861571 0.0074809127891522 0.0473259292558728
-0.0224833053974805 -0.000715143293659219 0.0532438456382639 0.0396713587721224
-0.014618007007494 0.011662631225099 0.0782604137420624 -0.0086878773971232
-0.00653610642826959 0.0176155570726336 0.0583551927704653 -0.0523185161402438
0.00129118732493478 0.0244129587188374 0.0242392693809722 -0.0692198671146641
0.00583422255937256 0.0262431215524788 -9.42550953856913E-05 -0.0636026319382904
0.00181265366879698 0.0300022577760087 0.00107661363500508 -0.0566142314962159
-0.0122850578258533 0.0246127077569896 0.00672380644049872 -0.0483891008070819
-0.0270407321454992 0.0192188363918619 0.0113537816045449 -0.0450737062637397
-0.0413881968794827 -0.00415426799224107 0.017372665113846 -0.0430475295887504
-0.0380734232088642 -0.0340110510631684 0.0318348424911118 -0.0386536535808969
-0.00564013412492366 -0.055026077505657 0.0361023448428194 -0.0576916177609307
0.0281838679781852 -0.0628179368444683 0.0475861459235507 -0.0773945466642436
0.0440998044967724 -0.0774785500306522 0.0452748572137944 -0.0161075671842316
0.00333458590826053 -0.0706821864405593 -0.0169345450878854 0.00326570499095396
-0.0406292159413751 -0.0536190420888205 -0.00281412032267942 0.0635845992765177
-0.0550270329804251 -0.0171798640623787 0.0498599477875178 0.0580007378167138
-0.0426579104446734 0.0229806973005719 0.0819093927802716 0.00355276924472337
-0.0206533781943503 0.0360707965737565 0.0592141885900681 -0.0415480810767956
-0.00575388540894534 0.0464927289370589 0.0266702313307541 -0.0561837075203039
0.00358313382099581 0.0495293419388332 0.00159282000884777 -0.0498644063229781
-0.000177675160959901 0.0529993881663857 -0.00193891069893595 -0.0427068644575557
-0.0215034374285639 0.0420971948611771 -0.00134152696571388 -0.0349968986881726
-0.0447469203564319 0.0320843624067541 2.11667318228838E-05 -0.0363983323243062
-0.06754929949616 -0.0090726932354873 0.00414592988902033 -0.039713176106154
-0.0556925454657795 -0.0560521215345085 0.019501400069419 -0.0380715107386783
-0.00184785222451469 -0.0820333879046879 0.0234019887693721 -0.0527034092485786
0.0505321065186091 -0.0858979652244369 0.028012533208648 -0.0638920843878553
0.0674700351009992 -0.0903242716812493 0.021068044941037 0.00652310338503985
0.0225913389054035 -0.0980076913071583 -0.035514536455719 0.0181365323742344
-0.0452356835148802 -0.0891502835294592 -0.0188336055392385 0.0776292016899864
-0.0800214377825043 -0.037541842360831 0.037762526106991 0.0745492943844749
-0.0690697998483454 0.0268952978654299 0.0763240350829664 0.0195532031876869
-0.0352529132140626 0.048749593077259 0.0537250971325515 -0.0237186640570941
-0.014090278760684 0.0618620994201435 0.0250387718069238 -0.0355304526486831
0.000699388023118525 0.0657815359561919 0.00269293503531495 -0.0287387120075006
-0.00123154553296277 0.0688425791995124 -0.00448257473699461 -0.0213200259243762
-0.0251176163452724 0.0541797739396732 -0.00950218133260888 -0.0155552987850507
-0.0529087241413621 0.0424646107474032 -0.0130614018302537 -0.0234687802910464
-0.0833061701046572 -0.00804637611999881 -0.0102365528910239 -0.0327936094170431
-0.0681522154109758 -0.0655127418175221 0.00900210516289112 -0.0349994659767481
-0.00129582348778365 -0.0960678399248524 0.0142202348984657 -0.0412509815368452
0.0630169213847159 -0.0967497837974822 0.00508488704646279 -0.0410275342467061
0.0798381709484601 -0.0879202469216132 -0.00994340470817581 0.0319606744917187
0.0406586762281079 -0.106923669577848 -0.0551100979571925 0.0338959920745676
-0.0373690354358154 -0.110185854691041 -0.0368550939722347 0.0819422150245095
-0.0881504603764226 -0.0567296638958318 0.0166040003301594 0.083797068403365
-0.0845545485194564 0.0227493378136117 0.0591441462308347 0.0355590145237449
-0.0453939455809684 0.0527433037052858 0.0400476667470385 -0.00172587276565882
-0.0203251960825489 0.0672308768387455 0.0202529111541363 -0.00930770877513414
-0.00216223247238905 0.0711186514656661 0.00334066381363954 -0.00287347711838961
-0.00160903820944914 0.0743434498499698 -0.00571906070995102 0.00349991560531423
-0.0246708265297077 0.0588156096707654 -0.0160835455232907 0.00649567982359612
-0.0530808911929861 0.046412285697799 -0.0240273863410724 -0.00795153904601439
-0.0848723332528789 -0.00696496345614962 -0.0212919560093318 -0.0244255312801662
-0.0686526549571011 -0.0671144985593071 0.000700904392007452 -0.029851152694849
0.000889384083462222 -0.0958850279547773 0.00932291693884431 -0.0263425916991362
0.0674231609415244 -0.0927001288189886 -0.0158506671906373 -0.0144136593310351
0.0763789248672027 -0.0701020728791262 -0.0394579949794023 0.0537757893755787
0.0504987579800833 -0.0932215431842364 -0.0696068253542662 0.0462558083584056
-0.0202813239749486 -0.107777581074062 -0.0509729398297585 0.0761123712480854
-0.0776098031425437 -0.0639516417338174 -0.00601132709247235 0.0807949846958705
-0.0827242553458362 0.0129214981376133 0.0339894592074061 0.0464811507272417
-0.0464808115057283 0.0475221361917415 0.0222059343052254 0.019549014443244
-0.0223360644971459 0.0616745460597179 0.0126380949854224 0.017107486470472
-0.00396390447401164 0.0660383851745732 0.00369152342431478 0.0220157773514169
-0.00261027507778804 0.0686371847725555 -0.00743921993117719 0.0275485041679252
-0.0230164211564063 0.0546158158794067 -0.0218360599285686 0.0263964157177214
-0.0482312989305096 0.0419163756057245 -0.0342010393909682 0.00591855431391098
-0.0749710339974411 -0.00882192590404357 -0.0301480837482696 -0.0165373089671242
-0.0575118337474162 -0.0631726649791023 -0.0056045425945811 -0.0255379598982981
0.00755635547253792 -0.084034268894268 0.00587569077014227 -0.0121841269635137
0.0656818681743932 -0.07491678767311 -0.0341082418650253 0.0100071744374368
0.0569107530134482 -0.0406541626289616 -0.0616903958088444 0.0700754686529452
0.0464668489399923 -0.0622172156245777 -0.0764477401209023 0.0554506278738041
-0.00346966805347104 -0.0816401301867208 -0.056510817279248 0.0635734813705143
-0.0517335586001005 -0.0555889462511136 -0.0233237986811156 0.0690920038792348
-0.0638675380569328 0.00418072921012176 0.00857281690872145 0.0491501179539417
-0.0379365488278179 0.0350943996300894 0.00401615492635258 0.0363442043363215
-0.0196574351339225 0.0465151646480984 0.00499899387292179 0.0395906730960861
-0.00570236221224437 0.0508415093235053 0.00378928085312409 0.0433095707926899
-0.0038373617738926 0.0536825973372744 -0.00861490131382576 0.0480730291492902
-0.0200172656613817 0.0434850752271979 -0.0281039660422428 0.0425447620775827
-0.0401050973780383 0.0317717287288499 -0.0440080895587694 0.0157806098447777
-0.0585313526815026 -0.0127725625324182 -0.0370838442477858 -0.012516838347288
-0.0389259353794348 -0.0543047288975251 -0.010150552607982 -0.0237256311911509
0.0162911924300349 -0.0637951184330639 0.00332492534162365 -0.00161391419322961
0.0568026671156974 -0.0463251258928246 -0.0498735095551117 0.0286944434236851
0.0274403180782173 -0.00525320685855462 -0.0698427216202548 0.0778376557431986
0.0317571978068603 -0.0221786648311368 -0.0711139077161076 0.0601225360705025
0.00749854791050473 -0.0421453877008754 -0.0524905656105266 0.0499566267854194
-0.022293830847347 -0.0344942199567725 -0.0314125426852943 0.0560713913073999
-0.0344567447507919 -0.00177847701743618 -0.00975410598077154 0.0490663517264668
-0.0224097561656802 0.0177087136489524 -0.00820240723594158 0.0469489348111047
-0.0128334852465098 0.0243738094845189 -0.000704171168537316 0.0544259927479513
-0.00555354305322993 0.0287720680227187 0.00306735774732009 0.0580726602403368
-0.00482527942217333 0.0315226270642888 -0.011113144704225 0.0625893609315399
-0.0150278828868204 0.0272760155665305 -0.0346965354483253 0.0523841460820329
-0.0278725707458063 0.018362522485791 -0.053750116668213 0.0207480650042424
-0.0366710531180143 -0.0138188905415611 -0.0429477258765649 -0.01276348043992
-0.0179201603241821 -0.0398754212236513 -0.014072065909882 -0.0258791405822377
0.0218090284122215 -0.0370147021862351 0.000229596904341563 0.00421844774258755
0.0412083924715401 -0.0122099290690905 -0.0626512379269089 0.0393272517547415
-0.011273926174534 -0.0186164258478954 0.0685511445930928 -0.050049032762583
-0.0173494699351427 0.00624838916485344 0.00262351712011884 -0.018793852263919
-0.00521284515804143 0.0176610609734019 0.0113927036696887 0.0338033319790888
0.00973825036551969 0.00908198418435896 0.0516730908103632 0.0254184584757492
0.00921646685625817 -0.00269582759879616 0.0704791504394607 -0.0170910700593363
0.00528050673388534 -0.00286700625969451 0.0530875887611122 -0.0583888724795735
0.00634544476545576 -0.00125144904592319 0.0186642347062842 -0.0740504221889078
0.0080313987074781 -0.000968104968381858 -0.00416694836624369 -0.0686995135932766
0.00683111725878403 0.00260735169116738 0.000343730402209411 -0.0630458978817433
0.00337418434569662 0.00580416266570535 0.00947601534028506 -0.056968466581388
-0.000856474978063857 0.0109656219497581 0.0167455225484596 -0.0512328602528807
-0.0117971516436559 0.012288839847585 0.027825866250399 -0.0469737964490515
-0.0244882341823937 0.000935651355060872 0.0435914363249376 -0.0408167890382953
-0.0189142050680134 -0.0207930065571641 0.0489306819486764 -0.0579303442952806
-0.00306993748272058 -0.0328724452180122 0.0607767245777184 -0.0850327161132646
0.0157579944488115 -0.0544253745357804 0.062597491713715 -0.0372987899101074
-0.011264374442661 -0.0340864552840306 -0.00412086552250718 -0.0101475781672969
-0.026488986626958 -0.0153704392549479 0.00816926634708634 0.0492664849998289
-0.0230795721265108 -0.000373640109102604 0.0552016648369972 0.0402158998563851
-0.0146923763240229 0.0131021555977142 0.0804551165194308 -0.010978372870003
-0.00633058060249788 0.0181284224359374 0.0589481133990947 -0.0552452369702077
0.00205246566001667 0.0249635910005074 0.022730480875699 -0.0712512739209692
0.00697489044224326 0.0266021321475669 -0.00252152859330757 -0.0646247814770736
0.00284315365295379 0.0306993300068663 -0.00087739157133317 -0.0584598666009522
-0.0122293823166088 0.0255385020766679 0.0052351127608699 -0.0506196558684277
-0.0271823800788741 0.0209983575570303 0.0104538348071565 -0.0466597953187767
-0.0432965132588364 -0.00355724963741481 0.0174563736869142 -0.0438657269218558
-0.0404775835378901 -0.0335697131780732 0.0331881297981026 -0.0403210656596132
-0.0064864493005595 -0.0568161729718532 0.0358668251424959 -0.0593444228410699
0.0278159049522515 -0.0651514284456703 0.0476465637697212 -0.0808216732757069
0.043484063546823 -0.0808556554185143 0.0454828113437474 -0.0165770258925483
0.00183363615095292 -0.0729756567391194 -0.0176430440043126 0.00383821984932732
-0.0432666395736674 -0.0540463289444141 -0.00213671041161589 0.06569172886845
-0.05745007784392 -0.0164530418009971 0.0522331712598199 0.0591922424225734
-0.0435828996557193 0.0249519984942727 0.0844935733202122 0.00184170217541984
-0.0205963991312807 0.0376073646226309 0.0604175023386562 -0.0440734597942423
-0.00489717630620873 0.0480245768726005 0.0256341621573905 -0.0581317315701399
0.00571787102319142 0.0506386151568017 -0.000404022202287622 -0.0503524833696158
0.00164646453348259 0.0544460894768146 -0.0035430977363176 -0.0442910848267126
-0.0212615126300123 0.0435749927674885 -0.00263999694394956 -0.0364242109409344
-0.0450678497139701 0.0343962491535842 -0.00149709746768105 -0.0378001299957927
-0.0698629617946034 -0.00803615896324818 0.00329747188814699 -0.0406848413017499
-0.0598105523873566 -0.0557914219732091 0.020225908507437 -0.0395101275063111
-0.00335280186180289 -0.0845495157121891 0.022512991902056 -0.0540430765842587
0.0497852788473171 -0.0900002197885261 0.0272883187783281 -0.0659260875548711
0.0670641214097012 -0.094165915034282 0.0209870440218431 0.00674347359886833
0.0212546900121699 -0.101441082329135 -0.0363330336670633 0.0191996126230869
-0.0485908321911546 -0.0900431706247339 -0.0182937228924257 0.0801192113194684
-0.0836498116202767 -0.0371772755276896 0.0390427461293434 0.0766452216851414
-0.0707265963861615 0.0294477919262474 0.0789297410333027 0.01863508515794
-0.0350348425606128 0.0508526680100448 0.0546205379800832 -0.0251845822027707
-0.0130068307498309 0.0638952487675518 0.0249209785280383 -0.0365080177121006
0.00319882788916087 0.0670149254792002 0.00144663595562715 -0.0292050641123928
0.00110199628363445 0.0706623526912055 -0.00568315131879663 -0.0218997300015712
-0.0243685700684095 0.0562738969577584 -0.0105895354151908 -0.0163026052790347
-0.0531587712194147 0.0450796430548961 -0.0142938052249878 -0.0241841420841012
-0.0859767578817398 -0.00618761666270061 -0.011087684740488 -0.0339068934432515
-0.0720350626250048 -0.0656130347035383 0.0090711395670693 -0.0361427402096329
-0.00347133304260177 -0.0985711069922046 0.0133896339203632 -0.0423622508628516
0.0625482057046296 -0.101435560452751 0.00415140625728028 -0.0421267861939997
0.0797587713000422 -0.0920556140930326 -0.0110642007711768 0.0334039882804482
0.0401845271332707 -0.110593541249809 -0.0558982911959096 0.0356212667529886
-0.0408625767424139 -0.111638038297627 -0.0370895228742791 0.0847138500634239
-0.0928127181853406 -0.0561417628016226 0.0179033350433845 0.0866078656645194
-0.0860697860991918 0.0256016599437326 0.0610348772489984 0.035057790957558
-0.0454014344977089 0.0555523936932885 0.04112384683833 -0.00214043395581215
-0.0193108782424156 0.0699017051028013 0.0205321305984969 -0.00995206565292009
0.00048556083303992 0.0732244132355587 0.003142854655775 -0.0033694179210629
0.0012449994011778 0.0764226087905195 -0.00630725867093216 0.00346317975385362
-0.0239466525977765 0.0609422520627626 -0.0163949054088068 0.00671588129281595
-0.0529694398558805 0.0491215091717794 -0.0256247286551001 -0.00771196696174468
-0.0879182255289846 -0.00489288885664203 -0.0226448580696376 -0.0243643513426924
-0.0732622982649149 -0.0669590835997259 0.000525403324859974 -0.0313042537389889
-0.000634391776845578 -0.098845841982649 0.00848430978053051 -0.0274978609592594
0.0669805649305566 -0.0977813443720786 -0.016617500961805 -0.0147208564423928
0.0767768752320679 -0.0737940993969311 -0.0406330490930872 0.0560932633584615
0.0503485146225315 -0.0967445347241308 -0.0712584440319631 0.0483768064615566
-0.0231683517477769 -0.109455810770076 -0.051693089044498 0.0786673215266696
-0.0807054462737025 -0.0647169365378474 -0.00562872165696173 0.0840252091239707
-0.0841801782408867 0.0160712698072247 0.0355978560293036 0.0467656681781345
-0.0466326260229487 0.0502267886625776 0.0231252550740947 0.0201471640237516
-0.021612619513677 0.064264920907068 0.0135236719956431 0.0171753992587827
-0.0018776191208399 0.0683716800761432 0.00478308356489845 0.0224835072517976
5.41316583944668E-06 0.0701849925208198 -0.00670404007824688 0.0287362187514364
-0.0224642685589724 0.0570251475624686 -0.0215665825810344 0.0276444562783094
-0.0483278532803756 0.04452553487388 -0.0353670973653768 0.00641220005207384
-0.0775408544768152 -0.00759935994840919 -0.0311901125658897 -0.0167407937964991
-0.0612980755190839 -0.0633344718545888 -0.00572641594080481 -0.0267013466450189
0.00618252723690333 -0.0867057266433086 0.00553171769439137 -0.0129565261252968
0.0654326635347818 -0.0793799828457792 -0.0352378192525272 0.0111461011339571
0.0575986458924322 -0.0433867096091317 -0.0633751949137036 0.0733240864159683
0.0466831732104017 -0.0645870384573853 -0.0775400005701245 0.0573245914318424
-0.00545575225669733 -0.0831286156742334 -0.0570869683083922 0.0655281605114132
-0.0553195250539433 -0.0563197635124464 -0.0234474584297561 0.0724423421184617
-0.0652234855043041 0.00631925307356039 0.00982171251986234 0.0508098317385925
-0.0381074220447386 0.0367675875123161 0.00514315428055462 0.0381668395037406
-0.0191815040428928 0.0484928709215245 0.00629863349415089 0.0404706965296475
-0.00410599436026359 0.052912368128718 0.00487092360570415 0.0439159607417505
-0.00194256285076197 0.055125166318205 -0.00745274799577583 0.0492106179653201
-0.0199386012696031 0.0456473852811953 -0.0271869948363657 0.0442626536770028
-0.0402126939540624 0.0332816059528201 -0.044611229006156 0.0174997806514514
-0.0605384100067581 -0.0114981040301861 -0.0381585984857873 -0.0125678876182772
-0.0413369570077288 -0.0547774652809148 -0.010637467783699 -0.0248924893985532
0.0153372324757384 -0.0654567432518642 0.00332165097377401 -0.00216895531301121
0.0570928920552376 -0.0493777196757699 -0.0509355085904081 0.0306278454624065
0.0272895895771151 -0.00582262970443309 -0.0708875019055575 0.0813539176055729
0.0325817289686149 -0.02347619203542 -0.0729016371786926 0.0621835191944153
0.00675561744907653 -0.0427429792719583 -0.0534714208239218 0.0519586234346507
-0.0232643129060178 -0.035288630253173 -0.0313653621343308 0.0586126314419548
-0.0352320613980252 -0.00108467567185009 -0.00886904919465636 0.0507293559774843
-0.0221835362368523 0.0186382326991759 -0.00732498221786581 0.0494790789082311
-0.0123958068312554 0.0254408180889086 0.0010628721077424 0.0559157886432343
-0.00457558970246978 0.0294775615316382 0.00478102191750121 0.0583919530716988
-0.00366850973512409 0.0326328823575659 -0.0093792120894262 0.0641099672828855
-0.0146236621942048 0.0289528883560518 -0.0335969446813958 0.0547267585127933
-0.0281727972580901 0.0199098924794909 -0.0543802382593847 0.0224082680376689
-0.0378586610031241 -0.0137576405761295 -0.0446368826213814 -0.0128552518761147
-0.019478855925972 -0.0404787909455357 -0.0147213525499488 -0.0266986251720018
0.0214995863383463 -0.0381028702180517 0.000192703916715185 0.00369567657540497
0.0415196716829026 -0.0132419802470495 -0.063434305222023 0.0418266097837293
-0.0125562035017873 -0.0193190967103873 0.0690796794057466 -0.0540123042707314
-0.0175957812226717 0.00663840460124749 0.00152556305991267 -0.0190768546305669
-0.00467812221430882 0.0183528226608596 0.0126654141525953 0.0347738930784916
0.0101911422472921 0.00922677172015832 0.0541624254377891 0.0243321916885522
0.00935666935983218 -0.00277989586847731 0.0722823164508309 -0.020535863682644
0.00509495995618329 -0.0032478241234665 0.0524442769152058 -0.0631974825492235
0.00720553208255048 -0.00144098030084356 0.0154751786221276 -0.076610577970922
0.00808299363022685 -0.00148710938411967 -0.00744819490799791 -0.0696716330999346
0.00750355884588902 0.00214181106495254 -0.0035889188034674 -0.0652474651358615
0.00382576842184963 0.00586192042051557 0.00673994419313348 -0.059480532518696
-0.000255339421414942 0.0116134389187237 0.0153497994490889 -0.0541213515797791
-0.0117879197655016 0.0134939346265242 0.0272032195062124 -0.0490284423681833
-0.0255812407143661 0.00222924483754595 0.0450387525532559 -0.0433553497156737
-0.0203947443277574 -0.0210742234871902 0.0485862137950662 -0.0608716270594468
-0.0044224979403737 -0.0340035695343188 0.060295816677655 -0.0902927762169538
0.0140975240326838 -0.0572090779543081 0.0626924784666491 -0.0399309021971189
-0.0134103554373367 -0.0349535328412634 -0.00544887237885097 -0.00940773543964371
-0.0280189427441608 -0.014855725290228 0.00969492253597467 0.050581887696571
-0.0243789423908578 0.00058284867247642 0.058340879007819 0.0401445256011976
-0.0147967671299253 0.0138283420196089 0.0826652445778775 -0.0145163131105667
-0.00557038424204173 0.019134017623743 0.0585704980662375 -0.0601729380215011
0.00322676363337058 0.0261833292189681 0.0204301581663681 -0.074327617680683
0.00849497308388634 0.0273330649583493 -0.00539472898821227 -0.0655439998034041
0.00499431534060159 0.0311738451102595 -0.00463114936219708 -0.0603578891519982
-0.0115132795012063 0.0271517574283172 0.00243622730301537 -0.052883995020109
-0.0272611424517254 0.0229735776790745 0.00891697530268161 -0.0491675889338113
-0.0451915467352255 -0.00164785568747712 0.0170341757751991 -0.0463250792774143
-0.0435417121095255 -0.03296251852927 0.0334456447842546 -0.0429067898161825
-0.00893364239421968 -0.058488069733023 0.035376276897729 -0.0617502759498094
0.0262944417826604 -0.0687302541622773 0.0463879077008815 -0.0853325356147585
0.0415952942380344 -0.0856142059987622 0.0458984823693884 -0.0183918916723255
-0.00056358006502013 -0.0760510388587937 -0.0186678590657389 0.00522404894978436
-0.0469048800665581 -0.0536253805404356 -0.000237024290076054 0.0685291709649397
-0.0600562438657875 -0.0143022470198207 0.0555931125034604 0.0603597145788701
-0.0436392293276111 0.0276636733194846 0.0873070079702517 -0.00173258178484704
-0.0193495199859258 0.0395118567931663 0.0603700424289189 -0.047892123879979
-0.00266848197919533 0.0499464460740515 0.0241041686597655 -0.0606449704942621
0.00858363079705885 0.0516452672007382 -0.00302964497980023 -0.0514138136036693
0.00486767746646354 0.0559868089218553 -0.00642848192398382 -0.0454069770357231
-0.0198221663733359 0.0463932102125302 -0.00464289218272102 -0.0379948371503403
-0.0450176421413148 0.0373487861324101 -0.0029464774797957 -0.0394345705509333
-0.0727942774027349 -0.00478200981681338 0.00208259027112367 -0.0422816263295958
-0.0637231832732936 -0.0548863625890262 0.0199771988283354 -0.041759357741415
-0.00683565327773924 -0.0876119065670939 0.0212211766414108 -0.05644883508595
0.047551571283186 -0.0956536148878382 0.0257561184443742 -0.0697891126927551
0.0653732584729725 -0.100370173681474 0.0215722853304806 0.00678157802665798
0.018265333376805 -0.105926107577785 -0.0374764131937463 0.0217084906467824
-0.053961987694069 -0.0906103031168474 -0.0166566353647448 0.0833566688992115
-0.0885657071521668 -0.0347807487322633 0.042977931147149 0.0788759789569472
-0.071433743499983 0.0339391817087784 0.0823417177884172 0.015888618067572
-0.0340175075344545 0.0545044652410956 0.0556346226958018 -0.0281664655976337
-0.0104290682689666 0.0668119114166141 0.024002473657188 -0.0386437098840554
0.00679967960891132 0.0689729572314548 4.37593249221556E-05 -0.0296063346894347
0.00551295477780634 0.0723964688816935 -0.00753545773590186 -0.0229955549532136
-0.0230581405339347 0.0593616276699755 -0.0116586695096341 -0.0165227613256117
-0.0527106839136611 0.048732028715433 -0.0163050789010473 -0.024514933090167
-0.0895509593326785 -0.00264879530420625 -0.0120306032765766 -0.0344683832849793
-0.0778595826727879 -0.0644562502521315 0.00849304724425634 -0.0379083937118239
-0.00792571549915108 -0.102452266885399 0.0120813397564308 -0.0434939511764649
0.0599691436697323 -0.108230151531764 0.00256582858520737 -0.0438593462816961
0.0781871189867212 -0.0986403840168265 -0.0104587749147886 0.0355535119670644
0.0374892175828842 -0.116049954389537 -0.0574954667757186 0.0389990608564421
-0.0467263244801903 -0.113027014283063 -0.0355914363631751 0.0884652862485726
-0.0982140340593172 -0.0544942429347434 0.0212240498749015 0.0892678085456792
-0.087727577916105 0.030536932560888 0.0645815632447217 0.0337556799510433
-0.0442894855549824 0.0593973382316553 0.0431201243518249 -0.00361926030993588
-0.016342923742192 0.0731034642479355 0.0206988165967022 -0.0111008193638529
0.00470592503480745 0.0753257683955933 0.00296282616484821 -0.00333162911973699
0.00535099764171829 0.0780442128257703 -0.00678154297380633 0.00346052323165158
-0.0224874369906706 0.0641952997980615 -0.016778325829563 0.00758537166144875
-0.052377232197788 0.0528686792585041 -0.0266460349353803 -0.00726886602128996
-0.0912242043418575 -0.00101698271094788 -0.0240227329054082 -0.0247500145549554
-0.0788397870286593 -0.0656725520614076 -0.000279048940095625 -0.0331201333129702
-0.00543827214822932 -0.102454266682812 0.00756121072340339 -0.0279928196010967
0.0651712013191247 -0.104290449029513 -0.0179157298883137 -0.0142461104061454
0.0757711452446182 -0.0792700546223474 -0.0406123957575011 0.0602270807923231
0.0492460840450661 -0.101953951459638 -0.0721826822881935 0.0522564717486332
-0.0280963648813502 -0.111143077587091 -0.0512269563336775 0.0823410050673208
-0.0862065675148372 -0.0636330441078337 -0.00342834348273961 0.0876545144714349
-0.0863262167526559 0.0203648468142847 0.0384338054627803 0.0472076079126618
-0.046002531140522 0.0537240773005712 0.0250655566082169 0.0207375668388182
-0.0194854739288326 0.067725844048164 0.0152839668039647 0.0171974835989694
0.00198100990232378 0.0703786337820111 0.00530953067691176 0.0223998939398829
0.00389058273551144 0.072234006871406 -0.00542844174303337 0.0292859484400206
-0.0206216912508258 0.05960214447946 -0.0211343183879753 0.0294432075322228
-0.047769548910957 0.0474547424839496 -0.0365777470672029 0.00770531520388933
-0.0812882826957411 -0.0044923152012754 -0.0326909187634829 -0.0162393740355626
-0.0660461975462116 -0.0621660396880959 -0.00669536060417321 -0.0281683168789179
0.00272104854782205 -0.0897902441122487 0.00504152609576434 -0.0137192741655258
0.0637171626687568 -0.0848032841942369 -0.0357971197582277 0.0130775638835302
0.0570023158348245 -0.0470881527912976 -0.0632820598734437 0.0783298086850799
0.0466168973922682 -0.0687362758725926 -0.0787566227313069 0.0614212812937399
-0.00873101704727757 -0.0854219155148334 -0.0569675386747036 0.0696479406975375
-0.0589439975273013 -0.0566059926637762 -0.0220954210868375 0.0763318529858688
-0.0668037898870352 0.0095401638091339 0.0117122682825373 0.0524409208976328
-0.0372722348780506 0.039857954132514 0.00729010334226986 0.0395143401971314
-0.0173251615826682 0.0515990719680406 0.00893896243728087 0.0416362951966173
-0.00124895195843987 0.0546760921247883 0.00744051426862944 0.0447320053925568
0.00059623451106186 0.0568117741025237 -0.00498152331213522 0.0508427092605477
-0.0186470891030238 0.0476598527398438 -0.0262516208710523 0.0469148381367912
-0.0399337026755926 0.0363551974031743 -0.0457444877195043 0.0198236341086787
-0.0637719417601584 -0.00943929983777436 -0.0396896539721426 -0.011516520149005
-0.0457586691770897 -0.0545101406406365 -0.0121778034861588 -0.0259881895692412
0.013127754809376 -0.0684493064805346 0.00287020524650363 -0.00269822175035225
0.056541603671535 -0.053690007156067 -0.0513175943368591 0.0341071032845286
0.0277613354862207 -0.00679360319969552 -0.070773940272347 0.086767392686997
0.0328934999062857 -0.0251254692280945 -0.0732547943197194 0.0663603728013407
0.00540901858218271 -0.0442464352614832 -0.05393730042855 0.0547257895137943
-0.0255776265087738 -0.0359164142718733 -0.0308906603163013 0.062118055509122
-0.036410209280926 9.37828798936065E-05 -0.00721689154419789 0.0538995914674639
-0.0220153620997492 0.0203389198626017 -0.00497164591936398 0.0516701433742051
-0.0115578436060516 0.026747401013316 0.00392994152655603 0.0576185440831217
-0.00333551119740224 0.0308994023560829 0.00798708284536007 0.0598286770822531
-0.00206373656303755 0.0339429590520192 -0.00623809735145041 0.0657055845978716
-0.0142366477738775 0.0308080881813908 -0.0317218801721205 0.0578333392614772
-0.0283901736350219 0.0209451570900702 -0.0551370326912326 0.0255121242288933
-0.0404947051970478 -0.0125079570877784 -0.0461345462170264 -0.0117124502586251
-0.0215341536817403 -0.0405335027732921 -0.0163220898415695 -0.0276447035592265
0.0205006998983272 -0.0400170870971938 0.000412291831498045 0.00385656601789363
0.0418363029107699 -0.0155271505198937 -0.0640348637366936 0.046312282532445
-0.0133866520917644 -0.0193924585234699 0.0670462914188305 -0.0590353472852492
-0.0176694686802151 0.00775847498630214 0.000312044565383903 -0.0187784666052029
-0.00402121680540663 0.0186888367957543 0.0142067181343104 0.035844950251725
0.0110601326318405 0.00903149707297764 0.0560380149407517 0.0221604374345267
0.00927737749065606 -0.0035272994013594 0.0723771324529958 -0.0253737591318475
0.00523316447869991 -0.00383540278485538 0.0497465303499323 -0.0676758233492459
0.00755374048791616 -0.00231538199270974 0.0110030584424964 -0.0789514539531969
0.00813798977869772 -0.0023368910384997 -0.0119080877658958 -0.0695143572284723
0.00839445639610352 0.00138378735282108 -0.00831405322644654 -0.0662592401253793
0.00441323931603652 0.0061163570774805 0.00292808762606604 -0.0616294195891587
0.000402817832311258 0.0124635506137133 0.0123890817804376 -0.0563140792649532
-0.0111043310647142 0.0145382820080228 0.0256861941043618 -0.0513415724024323
-0.0261738793095442 0.00354058014813739 0.0442972374254604 -0.0467465179555262
-0.02173737306434 -0.0201820129203684 0.047217056067791 -0.0639868309798719
-0.00620439414755521 -0.0343362526826627 0.0572625767698857 -0.0955724213785452
0.0116155319589676 -0.0592948487891466 0.0609970146897955 -0.0438161873309417
-0.0156546921426139 -0.0350292606190041 -0.00634103951857336 -0.00905782782969175
-0.0297219085286112 -0.0133480335546837 0.0123767133323811 0.0521847304823136
-0.0251079035715581 0.00215250403074162 0.0616112290143689 0.038131720828687
-0.0141520230031491 0.0152483987393983 0.0835487566360661 -0.0195646939308918
-0.00502018852798932 0.0199543723915724 0.0562879484012646 -0.0648607181076047
0.00551024566046172 0.0257939602912961 0.0160679417909608 -0.0763378416399639
0.0106699662072504 0.0267977412510237 -0.00986790196080791 -0.0655102341221823
0.00712159657603139 0.031079546112918 -0.00957479651636031 -0.0609443071515475
-0.00992392452002593 0.0284546933083819 -0.00121628246646036 -0.0545029386689974
-0.0261883075411881 0.0254108165937934 0.00628871381732168 -0.0510090869587436
-0.0460299450994058 0.00120539169959077 0.0149834842375671 -0.0481709645508246
-0.0463373773492994 -0.0308652524091172 0.0325831791364825 -0.0454449530163802
-0.0130269395715298 -0.0595732571239634 0.0325953301172173 -0.0642466911584084
0.0226001022283289 -0.0718972947976499 0.0428224463365228 -0.0897827657953484
0.0371872168605661 -0.0897079372207701 0.0452249690151418 -0.0201894737752403
-0.00547621882521128 -0.0773142036896912 -0.0191723972486053 0.00670879252547593
-0.050720313542159 -0.0517256866158791 0.00332381011655342 0.0701539588700918
-0.0632872666244122 -0.0110436283152839 0.0598045548913188 0.0587977674602134
-0.0431206570027629 0.0313851885826565 0.0887881560634748 -0.00736724290812627
-0.0178578213479891 0.0416329538623122 0.0591548574190784 -0.0523432694768173
0.000214566713253232 0.0512929503876291 0.0205994896906521 -0.0633296548730235
0.0124680177463213 0.051928707528269 -0.00619410596258531 -0.0512033419812839
0.00888361184749714 0.0561908400151251 -0.0103285965175118 -0.0455015771697591
-0.0175624023697316 0.048653408578836 -0.0075543766891715 -0.0386092168924176
-0.0432541384941307 0.040665437103647 -0.00515303106102987 -0.0406890834957225
-0.0752265546693925 -4.89494509798875E-05 0.000182611133321512 -0.0430470520502139
-0.0688340403688486 -0.0520844793796197 0.0187087737511762 -0.0438913306433839
-0.0124290646354976 -0.0892629935224585 0.0187914018088145 -0.05763013567459
0.0428198367193661 -0.100836046188756 0.0219328056297225 -0.0727122301757825
0.0604434412658047 -0.1062913096573 0.0213890652677503 0.00690459057766703
0.0129354376564577 -0.109399690312376 -0.0376255240599918 0.0238893943383907
-0.0601115959673257 -0.0885877135622778 -0.0130402112400273 0.0857580785997942
-0.0927896279006264 -0.0309013400563306 0.0471953677178164 0.0789752137820051
-0.0704090305200909 0.0391806840052286 0.0846040592429317 0.0114504543280143
-0.0317497195760705 0.0574607343033834 0.0553513821991265 -0.0314669368151671
-0.00596883278244791 0.069223083848411 0.022392416503585 -0.0408794097441555
0.01218840570795 0.069852488457401 -0.00191762821932492 -0.0297069932667873
0.0107751272708243 0.0729773624718896 -0.0095582919520813 -0.0224447167051734
-0.0199326057064534 0.0625571903032257 -0.0132589616546107 -0.0162081320995241
-0.0507452100188629 0.0527951376514899 -0.0180582301178744 -0.0245048465533262
-0.0917149913517088 0.00293255596714701 -0.0144708303614474 -0.0345959342261049
-0.0832425186347265 -0.0608847903559138 0.00681003376476881 -0.0399131319938238
-0.0138553453228859 -0.103923403994613 0.0101900978911417 -0.0443045951298656
0.0545114760439233 -0.114179510501564 -0.000118475595277468 -0.0447372377141191
0.0736057158291372 -0.104942758677178 -0.00969176770853179 0.0375419808492457
0.0316279854961341 -0.120899619359813 -0.0570519239327415 0.0424861126258501
-0.0538009146283162 -0.111761467226723 -0.0326961174605178 0.0916517963235367
-0.10385706735122 -0.0507576591507018 0.0252774304707551 0.0911277248906482
-0.0868908970942577 0.0364897111038547 0.0671511455326366 0.0308324720131208
-0.0416533360852243 0.0632876339785318 0.0438395011098689 -0.00534343692148136
-0.012664886629165 0.0761178306422197 0.0207270297912195 -0.0120964898330193
0.0102371490936694 0.0765041536507751 0.00264918365362681 -0.00349463314858844
0.0113498104584837 0.0784322157458584 -0.00657689269034489 0.00411487802334191
-0.0186886788548965 0.066723650032757 -0.0168692113591625 0.0082860078830012
-0.0499202775684036 0.0568929989473223 -0.0280450347777401 -0.00626136012686708
-0.0935217419095556 0.00430221973401505 -0.0259647918742815 -0.0241690642496054
-0.0841173953245163 -0.0615312891084472 -0.00225548384732489 -0.0344027262174354
-0.0116272569901542 -0.10421960534315 0.00567831161039822 -0.0286251849278661
0.0592775492281866 -0.110601536836728 -0.0194187163493944 -0.0135390788116394
0.0715276068266856 -0.0848412623232758 -0.0387004358412981 0.064584979264316
0.0445419059108701 -0.106775273713366 -0.0714689881992574 0.056702434182457
-0.034895422535208 -0.111514776517925 -0.0483895320953179 0.0867818570541487
-0.0919384181683623 -0.0604040536664269 0.000454397950723754 0.0905078526360625
-0.086571854279009 0.0259240213797127 0.0416700055305701 0.0459854906726615
-0.0431752396359463 0.0577146954466104 0.0272838623791033 0.0202055952093
-0.0153088490171182 0.0707120477114129 0.0169041383297252 0.0165870166375273
0.00732027050152049 0.0714619988474505 0.00676878061298156 0.0222960130897549
0.00911618795283939 0.0731071348918569 -0.00402853051748445 0.0297757193880566
-0.0174429427841461 0.0623843269305155 -0.0196332576428568 0.0309370316400009
-0.0453757146946437 0.0511461982283302 -0.0366065560434894 0.0101244248514164
-0.0835844042177098 0.000510361027732849 -0.0342112159008107 -0.015036821671992
-0.0713652880929365 -0.0588691675000656 -0.00864054046875889 -0.0285070969174041
-0.0028181857736711 -0.0914958395465502 0.00430415846301003 -0.0141441189169207
0.0592100470620724 -0.0907392753619906 -0.0360439575732045 0.0155610648405008
0.0550193081932525 -0.0509531183681055 -0.0612731835423685 0.0839110926697871
0.0441486647376246 -0.0728888442094022 -0.0774355189853904 0.0664134474903971
-0.0133704417089953 -0.0858962250893336 -0.0555540329539798 0.0732607081104332
-0.0633168019344289 -0.0548476217277445 -0.0189031190085161 0.0797158338078791
-0.0674205792888643 0.0137492806003787 0.0153076244037525 0.0530900949274412
-0.0354732879815597 0.0426503403987033 0.00998592362360873 0.0410345953074171
-0.0144397058373606 0.0537018349454771 0.0118368101719864 0.0415136779895054
0.00243245762996971 0.0556917059888366 0.010472736538623 0.0443072061111144
0.00501538524892101 0.0573204279713406 -0.00148760147398925 0.0511937065135127
-0.0159733934957983 0.0502461878713999 -0.0230012168026909 0.0487909220101254
-0.0380412052872638 0.0389511818151769 -0.0451138290733791 0.0224977119719617
-0.0659360358797707 -0.00626568970450144 -0.0412672725563232 -0.00956629499795218
-0.0494028767911478 -0.0525592973868816 -0.0137190339270191 -0.0262762891611257
0.00926082620411929 -0.0704816624030269 0.00273588682112582 -0.00280297522980728
0.0540240889283376 -0.057858445008458 -0.0503831347563244 0.0374782715605887
0.0274250550346102 -0.00799694263727831 -0.0682169290085466 0.0925161021037013
0.0327347939040339 -0.0273034879426494 -0.0714709504331367 0.0712708822888789
0.00388056861939349 -0.0447809450630301 -0.0526517657082878 0.0581733203044903
-0.0277323933853955 -0.0354693263046491 -0.0282912378724243 0.0651616323485438
-0.0369520322156784 0.00195331591298694 -0.00415486727709736 0.0554257104213401
-0.0206502335359523 0.0218427977947442 -0.00154174100343503 0.0539920329981663
-0.0100722598165094 0.0281919087186919 0.00817636140104313 0.0582794180563509
-0.00151470214356841 0.0315319311424022 0.0122451361133879 0.0596301232481536
-3.9644105307672E-05 0.0341394788201699 -0.00201590238602283 0.0666683592087992
-0.0124409175393522 0.032175367837649 -0.0284900104041363 0.0609696614513474
-0.0280306311631128 0.0230886398289415 -0.054810292944949 0.0289577503265594
-0.0421779834488246 -0.0108573317837736 -0.0478458868941398 -0.0100005300324576
-0.024178523168128 -0.0399457039002133 -0.0181717178161421 -0.0275443353383242
0.0186141387924837 -0.0416290932995153 0.000748881082054023 0.00364600675354535
0.0419310477375575 -0.0182999866504097 -0.0628705184900565 0.0507528855809406
-0.0163391955196239 -0.0186718258372265 0.0570816197523509 -0.0676533997124991
-0.0164557871120419 0.0102130145849875 -0.00294932202226007 -0.0190026258576483
-0.000367676842495941 0.0195817112303741 0.0195091883777064 0.0326725843107926
0.0134331153880572 0.0066079369086743 0.058137121576003 0.0136605791493208
0.00939899544079765 -0.00642270123807942 0.0666218254054023 -0.0360523838784546
0.00395352220673215 -0.00678443940942799 0.0371364363977272 -0.0740271414947334
0.00669723948300086 -0.00460590312009326 -0.00262681525500018 -0.0783290158424183
0.0066634966212771 -0.0040133606148409 -0.0221150042951584 -0.0651266661661982
0.00731868990657083 -0.000517728655876934 -0.0184130577717158 -0.0635432572962258
0.0048169450355796 0.00500139573682954 -0.00613841266935051 -0.062269940947867
0.00206950698787843 0.0120732258295266 0.00450464645797145 -0.0573694043461651
-0.00964426438834683 0.0157033656823296 0.0193471905658682 -0.0544942986884856
-0.0262935754508311 0.00733868196480514 0.0389909421850493 -0.0520186862792281
-0.0254429132905167 -0.0163420510247269 0.0383560451249492 -0.0684074436083754
-0.0118200939464805 -0.0335042032509303 0.0439637106815951 -0.100597175505761
0.000423685102224365 -0.0621123331241456 0.0547782948918746 -0.0499822476020084
-0.022315887905005 -0.0319053483862931 -0.00609707153051508 -0.00737641831740341
-0.0312217234798864 -0.00730579698886744 0.02140656071687 0.0484710725876073
-0.0227237883028035 0.00737329825617021 0.0672847871313666 0.0270926907780027
-0.00995432624096546 0.0162154459288121 0.0784019326579224 -0.0341102087204115
-0.00126884101500189 0.0176392794971565 0.043347290120674 -0.0730151601302522
0.00988100506677746 0.0242628198238667 0.00268707851399866 -0.0778522909004338
0.0142467608875412 0.0235168468510202 -0.0204370858939839 -0.061694677817016
0.0123059087535802 0.0288063020673149 -0.0194045632039358 -0.0585904354925553
-0.00550197150047936 0.0301401379081478 -0.00914201711332306 -0.0545563060634504
-0.0218396797759757 0.0291054062390844 -0.00111770113784903 -0.0520597759755893
-0.0465954500745687 0.00898919901690605 0.00996781857005677 -0.0494046767972893
-0.0516695061621921 -0.0233459138398418 0.0277725557794898 -0.0484126300247218
-0.0222315241751329 -0.0565834379010534 0.0231611642860968 -0.0668657393908385
0.011253371156793 -0.0752733796046282 0.029015695529204 -0.0932409438187525
0.0204561782556027 -0.096716155896692 0.0432837134211386 -0.0227141392514982
-0.0197496835791917 -0.0747482059000266 -0.0145135120299497 0.0112277690854091
-0.0584966793036241 -0.0404803589054833 0.0173473059011932 0.0671006887131572
-0.0624184380895078 0.00155117539137087 0.0700003996332683 0.0466428947707907
-0.0345326329283087 0.036677832886913 0.0848203121056025 -0.023802614713697
-0.00992634254865211 0.0414959092931151 0.0476502128224964 -0.0618042678403909
0.0100587529759974 0.0501207329814889 0.00883109120235335 -0.0670933739287695
0.0203115059778771 0.0479308857803646 -0.015010239609667 -0.0483487286561859
0.01811942198173 0.0533321045425389 -0.0178212778486041 -0.0431389045544809
-0.0100012761996454 0.0511542575690385 -0.013464256826979 -0.0382060685752597
-0.0357390671581698 0.0473433063188196 -0.0112639309710545 -0.0404702968516484
-0.0760113665525886 0.0127313799044726 -0.00312539359382314 -0.0425758640216855
-0.076749964496109 -0.03983152414193 0.0146064852953059 -0.0438854131497576
-0.0261925674797799 -0.0857106835989726 0.00891761682994681 -0.0583939550533898
0.0266424699801313 -0.106329570334196 0.00996580606121181 -0.0734582876248691
0.0399476606064091 -0.115371463433824 0.0243903169709275 0.00921347366433592
-0.00841135173488042 -0.108507883270148 -0.0288665656953439 0.0324180007993443
-0.074258001966363 -0.0746925269774372 0.00565840767332086 0.0855047397310519
-0.0954633823400722 -0.0115079499868809 0.063316911286788 0.0676863473966678
-0.05966533220323 0.0493831768257186 0.0837808011675462 -0.00626051852348339
-0.0205541593715782 0.0594612408655617 0.0476302634563625 -0.0412649098511069
0.00680792658437449 0.0693638544300336 0.0140700402621211 -0.0460594014668936
0.0226947342766214 0.0651783295597429 -0.0076704634580219 -0.0277645869595881
0.0234180536212403 0.0693288405521216 -0.0137472102618181 -0.0207246318666672
-0.00971915994298689 0.0647585766766496 -0.0157658875487658 -0.015573614050074
-0.0409679766348411 0.060470252382114 -0.021267698437738 -0.0233100830933472
-0.090924971169763 0.0193053358277504 -0.0163722360182621 -0.0330532194951097
-0.0924723130680005 -0.0461455510640741 0.00350494276945053 -0.0384038315104111
-0.0300276027668528 -0.100093337643155 0.00137388389431398 -0.0439840146676753
0.0366070366422592 -0.121365991021836 -0.00926197686133375 -0.0436109297507099
0.0531405662161529 -0.115237528964394 -0.00106962859817719 0.0443962401672155
0.00841948480587024 -0.122455075754616 -0.0446743068076096 0.0544982511963699
-0.0719241817869356 -0.0981692469732615 -0.0112766129833831 0.0946855165742398
-0.110101837033746 -0.0283105441778769 0.0447072723143119 0.0827240823061154
-0.0769611691140094 0.0506746057334608 0.0704248519472161 0.0155233081683897
-0.028957073486518 0.0677109379218333 0.040401290682229 -0.0137872400334564
0.00254449018970875 0.077970593775459 0.0177792342565269 -0.0186039485179872
0.0224709396335836 0.0720220399539384 0.000638498392767672 -0.003784324014708
0.0250612750051223 0.0750827429725839 -0.00694843838362876 0.00481787653022464
-0.00734943638937153 0.0698520032649855 -0.0159418072785172 0.0092106710283124
-0.0396288471456431 0.0642081278431891 -0.0286135041816318 -0.00364453144676166
-0.0926737244937008 0.0208843468638347 -0.0262258336743486 -0.0206684606110843
-0.0927216030126783 -0.0466588447418313 -0.00492600908916422 -0.0313875785166559
-0.0280322221832583 -0.100694550005671 -0.000626535159592942 -0.0280679550106718
0.041811733143815 -0.118358749384756 -0.0244940546481163 -0.0105374781972915
0.0546287867532907 -0.0941333988238931 -0.0265057657425873 0.0744767255761646
0.0236752528612748 -0.110591089831395 -0.0575683125379379 0.070988090589722
-0.0532855601967505 -0.101110392564731 -0.028603528385674 0.0927954897080453
-0.101074045541065 -0.0409962646802347 0.0201600893161531 0.0872190159378111
-0.0780185736574724 0.040791748506613 0.0481239131544542 0.0343762966406297
-0.0312787986642586 0.0633242499071711 0.0289281061199715 0.0139201599262505
-0.00172516758986897 0.0731346982931559 0.0191905006323254 0.0104603294296462
0.0187242181451871 0.0683064283566392 0.00904752540762111 0.0205272655544248
0.0222514029139373 0.0702723446281363 -4.10481496957329E-05 0.0291357122487975
-0.00635629735675315 0.0648462033367397 -0.0151214044779931 0.031784774914687
-0.0358908359439559 0.0574940032373984 -0.035161187872196 0.0136534169773854
-0.0830901163268092 0.0155890128083244 -0.0332495933715468 -0.0107887018414669
-0.0795173161846481 -0.0457904517836952 -0.0111081350736659 -0.0256606363317477
-0.0170174929011002 -0.0896870000832404 -7.92290973891691E-05 -0.0135972172063327
0.0455217332092582 -0.0984618105101857 -0.0366162188806166 0.0194642164754364
0.0441384142946679 -0.0570701551051859 -0.0457505596971224 0.0952436019183893
0.029557609703743 -0.0770087948236716 -0.0633209132987509 0.0806619167661091
-0.0275755022573665 -0.0803916324440692 -0.0392681371231069 0.0812101857556306
-0.0718927148387677 -0.0405447683988805 -0.00188984109518324 0.0799722770070845
-0.0620893885981359 0.0254609456635513 0.0234995961399187 0.0470978374341304
-0.0262929083373466 0.0477927849111365 0.0160863564449922 0.0375082308348984
-0.00365679483814432 0.0565967643917953 0.0188223630868615 0.0366881518890184
0.012230682929861 0.0542798544430273 0.0158916454550966 0.0410812863845528
0.0154328421017634 0.0560322577948654 0.005431594730356 0.0500889656126849
-0.00619365697064045 0.0528014279566814 -0.0160503608025268 0.0503008763014391
-0.0307423181621506 0.0446677039643871 -0.0419611023732963 0.0274042317039487
-0.0664237224321786 0.00593030508929931 -0.0406081588459699 -0.00462002310346068
-0.0570849590219409 -0.0430510405747107 -0.0163757555964724 -0.0226510036196777
-0.00168398170220141 -0.0707540573072111 0.000403745673392018 -0.00291677013250698
0.0453544161695916 -0.065323251953752 -0.0471448167971047 0.0427023434007464
0.0253483168619771 -0.00974403186642257 -0.0523830498432496 0.102563237747582
0.0271210292148098 -0.0305309106318209 -0.0586781666145868 0.0825550322088795
-0.00408324998010061 -0.0427922636922208 -0.0408100880517688 0.0662784630373931
-0.0337746063421927 -0.0286014087342144 -0.0154550404705741 0.0688706930111939
-0.0349356302417446 0.00980581963711983 0.00532927282515499 0.0538051849076068
-0.0154840804984321 0.0257094266064305 0.00686222969608371 0.0526823583165889
-0.00416249239923133 0.0303309504990438 0.0178028566206643 0.0541946970175355
0.00430471373249256 0.0316106986653465 0.0204052910902884 0.0549123506037468
0.00682992812097442 0.0343371971146255 0.00761164137890053 0.0653575501818904
-0.00617615342270602 0.0344775392583237 -0.0192656805055161 0.0629482617409246
-0.0228385348718482 0.0276997717420101 -0.049198721112363 0.0356083683801103
-0.0442098064335079 -0.002591554814616 -0.0476677201754191 -0.00358105367609317
-0.0300831425174543 -0.0350635347819356 -0.0217591013109447 -0.023891206531534
0.0121379023156377 -0.0440897231163156 0.000184990082807066 0.00300309616956598
0.0390358671096629 -0.0237892136423874 -0.0560484684399287 0.056929105422113
-0.0164697827323896 -0.0184621220400603 0.053193439006877 -0.0677443848509929
-0.0161002298304456 0.0100734166171976 -0.00345470563912774 -0.0179748994991452
-0.000525241742969738 0.0189393876225974 0.0200833912539124 0.032337493950825
0.0138270231853072 0.00629819816254465 0.0566774611301133 0.0114954899720181
0.00872126084786288 -0.00610673397544011 0.063437318957766 -0.0377250205434619
0.0033805449056274 -0.00679343186487008 0.0326708088679194 -0.0740798378134361
0.00631399678756591 -0.00514546445025256 -0.00565796866618641 -0.0760359072922039
0.0062023769341702 -0.0046389421019176 -0.0235245442552536 -0.0620510261208694
0.00721447911265461 -0.000696076656471232 -0.0213794059693593 -0.060937173315532
0.00499975212477466 0.00454967594781749 -0.00942260367850977 -0.0603352120970456
0.00288941821780249 0.0118476975494098 0.00174411495493517 -0.0565943041463611
-0.00930482959472002 0.0161696659676845 0.0178665187426962 -0.0532295710232171
-0.025696517795256 0.00807645324329252 0.0371627813731781 -0.0518921287520204
-0.0249030897793517 -0.0152944205958149 0.0353452403645641 -0.0678004024376598
-0.0122596260902259 -0.0326708336973507 0.0396654713907847 -0.0995786205785051
-0.0019274360210506 -0.0613179804197301 0.0518298282443722 -0.0504040157765658
-0.0230174477820575 -0.0308290750832605 -0.00613596778148144 -0.00648593518592996
-0.0313632708975751 -0.00634294820792379 0.0225523870182301 0.0472794876907857
-0.0222728858176622 0.00806798412433627 0.0661599947468021 0.0248469379212102
-0.00869374645926136 0.0161426779971926 0.0744124976015156 -0.0360944359182964
-0.000481035588155656 0.017358849905226 0.039591442164278 -0.0732513912707037
0.0111288743459073 0.0231187179168057 -0.00125636096536487 -0.075945177717781
0.0151886576994857 0.0223054952348795 -0.02205679276336 -0.0578450246853194
0.013016941581571 0.027211487028885 -0.0218057596803153 -0.0557361259467972
-0.00408278546983396 0.0295905224489147 -0.0118299500194292 -0.0529963888629658
-0.019855592444369 0.0294420333500134 -0.00317214665483964 -0.0511296306455124
-0.0451745745324333 0.0110491800140459 0.00852173389995672 -0.0484042752981949
-0.0512601621736311 -0.0203816468937915 0.0262526095088104 -0.048059369068696
-0.0237463877496959 -0.054611988209519 0.0205721578871784 -0.0655041037453595
0.00865994402819139 -0.073817283535096 0.0252773793784973 -0.0921628790569605
0.0165720226219999 -0.095084579909492 0.041648170283905 -0.0230194671754014
-0.022610627338634 -0.0725984335838562 -0.013806822585311 0.0116272697137119
-0.0587402283726679 -0.0375480090049914 0.0188281814319538 0.0657311039849631
-0.0617320805820493 0.00396556601342662 0.069606615640308 0.0443377875948105
-0.0323143679527835 0.0369235098936063 0.081465391324358 -0.0261708632610493
-0.00844007854867847 0.0411539271424255 0.0445275487368668 -0.0622838094501212
0.0124531239791659 0.0483320780087926 0.00577721953528836 -0.0656331661164337
0.0219710330655344 0.0459066227262824 -0.0166919096349265 -0.0458062761096584
0.020428453650696 0.0504754244539127 -0.0198706665358525 -0.0407662521355285
-0.00741921118106463 0.0503891322518009 -0.0153475787052424 -0.0369337017533954
-0.0331168743791142 0.0474014736147575 -0.0127439265171665 -0.0393373812319856
-0.0738294833827783 0.0158433010077241 -0.00455313957871363 -0.0415982573603011
-0.0762499763403443 -0.0359257254745341 0.0131432604097218 -0.0435681970320192
-0.0288891644256922 -0.0828146714977175 0.00746472026310708 -0.0568271092881649
0.022421813600233 -0.104980892161663 0.00688800268467038 -0.0718340565849972
0.034725498389544 -0.113717245654431 0.0240900708365912 0.00932578904091383
-0.0117943607295447 -0.105923938294726 -0.0270863880946483 0.0324058071477965
-0.0748430861665834 -0.0701806397844058 0.00771764241461676 0.0836823501802942
-0.0946201016312267 -0.00828914800614529 0.0637568715913703 0.0651982720939585
-0.0563342966717764 0.0506644943897556 0.0809056147948068 -0.00873143436019596
-0.017682179658648 0.0593612640390562 0.044864943671588 -0.0419146667460785
0.010100706585812 0.0678035357844375 0.0116192228407292 -0.0455222534557075
0.025467330755547 0.0622695899414472 -0.00836425812795733 -0.0262559936299057
0.0259607108499786 0.0660526481147929 -0.014634404369716 -0.0190082443184383
-0.00662444188558166 0.0646407274077753 -0.0163904629671095 -0.0148513382309257
-0.0375219500166573 0.0602668794183113 -0.0220301415065299 -0.0224151557486541
-0.0889052079387921 0.0224937796731619 -0.0169596322127785 -0.0312587502802874
-0.0915586806695109 -0.0408940732188335 0.002470061633663 -0.0378904113242456
-0.0334002622866644 -0.0967604359548635 0.000226675638749273 -0.0421517837898929
0.0308361490890943 -0.119922081456823 -0.0106314925616819 -0.041573334622008
0.0471860424695789 -0.113998596867601 -0.000139371477727874 0.0445018721627994
0.0041696913046443 -0.120377798779328 -0.041765610385849 0.0545751668420797
-0.0729472331746534 -0.0932976180216505 -0.0092025283018394 0.0929703202295577
-0.109590245047436 -0.0237673790626098 0.0462036642256138 0.0809575246008039
-0.0726877540831893 0.0520229992925133 0.0687152557934048 0.0127478086751189
-0.0255724698516728 0.0670182560791632 0.03966437720478 -0.0146985442989031
0.00578401679246448 0.076538163537168 0.0162451847216634 -0.0188137269229205
0.0253882739570413 0.0693974914901186 0.000657439687955659 -0.00328278997388568
0.0280776913088402 0.0710952380141278 -0.00735087187808338 0.00523462209280016
-0.00415812766113155 0.0686224141543599 -0.0148392099768853 0.00959441323433906
-0.0360122165243145 0.0640516913449876 -0.0286367660390868 -0.00281982587112976
-0.0899647163269956 0.0246735470116399 -0.0264658130750476 -0.0198566932707897
-0.0923131976053091 -0.041180638312874 -0.00559370267608794 -0.0308955924822787
-0.0315235999268815 -0.096969376184062 -0.00121397554854579 -0.0268196287150348
0.0360150695603136 -0.117433309989489 -0.0244461260308603 -0.00908814221097397
0.0500608060749419 -0.0935063795308554 -0.0238556485992667 0.0746210673858105
0.0193743500135573 -0.109466746988633 -0.0540610121917396 0.0713392046525555
-0.054660614996355 -0.0968696579690085 -0.0262744044578636 0.0916625585646922
-0.100826960666835 -0.0362627177303356 0.0222479419445093 0.0854479428760427
-0.0742833438387007 0.0423559427999654 0.0478414051927441 0.0321046392626955
-0.0282426777269261 0.0625173497210273 0.0293625939777271 0.0132782436405648
0.00211650823747115 0.0722942578420156 0.0195374196025746 0.00963724733605245
0.0215875472163604 0.0656611249592768 0.00935416048287612 0.019644170053734
0.0253551366019545 0.0665557180252826 0.000683517270271876 0.0285511803816401
-0.00307169574810148 0.063603678896361 -0.0134608335483172 0.031414825762223
-0.0327649878106351 0.0575693157891232 -0.0335746274162703 0.0144005315574646
-0.0806055940841872 0.0188486751969806 -0.0335564779362459 -0.00940401567416585
-0.0793812856412193 -0.0412631671339341 -0.0118546495510553 -0.0246460910613671
-0.0203646441442583 -0.0867667690769778 -0.00023856987847216 -0.0129348449119107
0.0400929209995375 -0.0978359478029225 -0.0356351440095965 0.0207657002444517
0.0407612888518112 -0.0570413065208664 -0.0417889264843559 0.095441622268694
0.0267060468805045 -0.0767254041035112 -0.0596678518264764 0.080688559182496
-0.0293975046382642 -0.0771029834001774 -0.0370106442458621 0.0804160818965697
-0.0723077839795503 -0.036926018020862 0.000832308574776916 0.0791010304478984
-0.0592309496444739 0.0272717167887564 0.0244556839995187 0.0455213573276686
-0.0234797739863914 0.0474891286572668 0.0178010681841616 0.0366098717188656
-0.00070253590502245 0.0554874536136783 0.0203450257168191 0.0349815181965953
0.0146713850098198 0.0519252924121049 0.0169324220993085 0.0390440043503354
0.0176591987110268 0.0534988120889759 0.00698137538828101 0.0478066124691909
-0.00379800146315257 0.0515032668188931 -0.0132142775923367 0.049440525348588
-0.0283028941358946 0.0446213713502944 -0.0393694626841886 0.0284798184605166
-0.06471417914671 0.00877953917707135 -0.0401393753468064 -0.00335014944786788
-0.0572059162929569 -0.0395774433764728 -0.0172684682524475 -0.0219017047047369
-0.00452680841750306 -0.068494715636654 0.000644074130371454 -0.00291044994782013
0.0412205098299623 -0.0653082513407473 -0.0447762601061554 0.0437660309004469
0.0242216272141629 -0.0101267574573411 -0.0482797581594589 0.102395168902837
0.0254029708413738 -0.0310637588323395 -0.0546589845221256 0.0825020733241374
-0.0050400362088349 -0.041834772378303 -0.0390665774971183 0.0655219526944655
-0.0340353543727817 -0.0267491617672986 -0.0130008007061717 0.0681734040277244
-0.033526053722559 0.0106556349063081 0.00717034855059251 0.0528001706029088
-0.0138497161925264 0.0251582655746364 0.00960568404486216 0.0520737459650637
-0.00305355380282327 0.0302121455528048 0.0204287646675385 0.0523252969748301
0.00603147682821327 0.0308525813722935 0.0218514540611038 0.0521026794444446
0.00800853716648931 0.0327172831855607 0.0102733324159146 0.0624065306215599
-0.00454625185427215 0.0337717847958183 -0.0157653646481165 0.0619268930864683
-0.0212847094477131 0.0278282646766043 -0.0469558436355412 0.0359380495234827
-0.0435174842317015 -0.00109311006990106 -0.0471017084258556 -0.00205473034454469
-0.03035717874594 -0.0330993959256817 -0.0222642256722153 -0.0226995340277823
0.0100197284728382 -0.0425881508172835 0.000313021158080611 0.00305320129601659
0.0370440438919499 -0.0244772554127482 -0.052920745548498 0.0574918487470983
-0.0163141924011954 -0.0184410615902877 0.0514496275733626 -0.0667452353939161
-0.0160806623099947 0.00980513440398648 -0.00381949988516039 -0.0181782547173353
-0.000691951071270563 0.018428026481793 0.0201172611962099 0.032148176152933
0.0131362092269047 0.00571952583219863 0.05523425960533 0.0114747795077247
0.0084063411002114 -0.0058186265473088 0.0617387688302133 -0.0375468271932845
0.00295807276950387 -0.00687288563040795 0.0308298830687124 -0.0735440024546204
0.0068043029875813 -0.00541600106265544 -0.00740643201788042 -0.0743295206701567
0.00615899502438269 -0.00453351406237465 -0.0240556193821344 -0.0601758002000945
0.00699361264529629 -0.00102602300947166 -0.0224292033090487 -0.0590552447918971
0.00521150514521897 0.0048953736961389 -0.0108218944729925 -0.0595949933883994
0.00334013394381488 0.0115404662639057 0.000855071088200525 -0.0557081626471539
-0.00896595847393328 0.0158505996288789 0.0177017360290534 -0.0522572086524685
-0.0248996149584063 0.00854523958157461 0.0368922069774389 -0.0514495477895522
-0.0243472814236293 -0.0149649799161205 0.0347149649188406 -0.0662472958580273
-0.0121081696400398 -0.0317530301072881 0.0382799933698281 -0.0984695744478987
-0.00240166738779382 -0.0602183236251952 0.0505653462740195 -0.0490528473330873
-0.0234807142102964 -0.0301760971039833 -0.0062485102925202 -0.00659280970752098
-0.0312588206874748 -0.00533747967679534 0.0222719415337014 0.0467041005304495
-0.0221023057829802 0.00848070309436042 0.0652046515938824 0.0248539794558546
-0.00865127866435255 0.0163102438714454 0.0721025890109762 -0.0360445116692651
-0.000659580457460458 0.0172500029058082 0.0375993516015078 -0.0725729265571782
0.0113479809764982 0.0223631168882751 -0.00233687955031483 -0.0741357082160229
0.0155305874993305 0.0217343878597287 -0.021923205235526 -0.0562714528669439
0.0134889243278569 0.0262081229975015 -0.0230535139200033 -0.0538898488458597
-0.0034409111198518 0.0289004327599339 -0.0130656361240992 -0.0516631560385207
-0.0189474059046014 0.0291408881838502 -0.00412899975749402 -0.0502906498408785
-0.0446379014016774 0.0116244621525593 0.00876132764793672 -0.0472269986072032
-0.0505086618501397 -0.01953241685063 0.0255888512456401 -0.0475818026280681
-0.0231950328472943 -0.053673323672797 0.0201083451652579 -0.0640771029548324
0.00787886386666115 -0.0727728515875269 0.0243173682177025 -0.0903196974753685
0.015075664420307 -0.0936115614228532 0.0407296141788656 -0.0219228091534646
-0.0225729099045322 -0.0714844550450268 -0.0138640123944767 0.0117248691299004
-0.0582711743763995 -0.0362337951224024 0.0184322019085843 0.0650792955871634
-0.0608105666021409 0.00448246780428274 0.0687705038195612 0.0441648435234729
-0.0313189174954386 0.0368910544961635 0.0795455828187305 -0.0259247769603114
-0.00776114382269583 0.0402818190571926 0.0429010692609038 -0.0614208384188098
0.0134863357481769 0.0478448491532722 0.00441159162978869 -0.0638651948062144
0.0227564995506605 0.0441907564711492 -0.0163123033867526 -0.0438138992026398
0.0207422898597688 0.048826648618776 -0.0205006989006134 -0.0390006452725227
-0.00667085010050293 0.0500715436266054 -0.0153930019358587 -0.0358106316289532
-0.0315486118642866 0.0470891274029116 -0.0131854038076365 -0.0390700041007674
-0.072296958501368 0.0167775029836164 -0.0044035523808002 -0.0406599562036223
-0.0756836948598141 -0.0344139185871205 0.013043400558022 -0.043206168109235
-0.028741505781769 -0.0811318712317969 0.00739932337916811 -0.0555356265903166
0.0211560519896159 -0.103508617312388 0.0063761368267698 -0.070474835943662
0.0330934106235542 -0.112043653944923 0.0240042633000884 0.00983189528952155
-0.012833366645131 -0.103869407530788 -0.0263546719449355 0.0321220004817785
-0.0743274499777524 -0.0681010936389593 0.0068325885083079 0.0827250973482764
-0.0939296003886314 -0.00688105075623233 0.0631639342120014 0.0646698910477896
-0.0546566208949723 0.0499942333163632 0.0786319711408495 -0.00909345986701686
-0.0168603869651266 0.0584686954328384 0.0439963184523715 -0.04136046146283
0.011378886188855 0.0665970704485506 0.0107697703801323 -0.0445343713823849
0.0265168923920385 0.0607581902388484 -0.00854168524619087 -0.0251390162817946
0.0266978504735743 0.0635210359439201 -0.015314152716862 -0.0179605456563644
-0.00511871027599005 0.063669320845539 -0.0166101919201602 -0.0141052031856056
-0.0355534006896533 0.0598168725613691 -0.0223056933158952 -0.0219066943961566
-0.087291210132538 0.0242161002502087 -0.016550000294352 -0.0309050010109142
-0.0906006780249176 -0.0387226829782342 0.00231946065121901 -0.0371210829336806
-0.0336750460688432 -0.0944195450065375 0.000474526191127042 -0.0414909814807412
0.0289484972272113 -0.118064292170795 -0.0110921060066543 -0.040625580793942
0.0454911174675601 -0.111688966653294 0.000399533971102597 0.0442394085607434
0.00286826827383187 -0.118036542778436 -0.0409972040008983 0.0542553644858174
-0.0729252390118826 -0.0909722370164262 -0.00999043423027926 0.0920479527881375
-0.108472649357627 -0.0225184271737078 0.0455563058589196 0.0800421330926488
-0.0705458082421163 0.0518748991726295 0.0668283922998593 0.0120950741523424
-0.0245887648555551 0.0660816643661653 0.0394180766684753 -0.014507081618802
0.00793281074307017 0.0749311800535524 0.015850964000356 -0.0186185143044099
0.0267134807954134 0.0672223520594064 0.00046353134602511 -0.00279996605988543
0.028755259549042 0.0687276704758272 -0.006995689457213 0.0054084270586241
-0.00280524118315377 0.067379297725076 -0.0145018622978113 0.00918691731150819
-0.0339056311800014 0.0630264848731438 -0.0280956805047284 -0.00317987332751214
-0.0883138261820835 0.0261749315761272 -0.0262554312455931 -0.0191972743089167
-0.0911167753894521 -0.0393863146141139 -0.00544466698743161 -0.0304220529019296
-0.0318328123412459 -0.0944971549661085 -0.0010475429856252 -0.0264257741902061
0.0341110381164415 -0.115854938416709 -0.0241322036860266 -0.00855701208410099
0.0480435864295737 -0.091709532722316 -0.0226287686007362 0.0737882065756252
0.0184436779436219 -0.107555483710504 -0.0531567369116512 0.0703499523692639
-0.0544809897344296 -0.0943760305479138 -0.0261860852543992 0.0903794708384733
-0.100231863740311 -0.0345353680213194 0.022504874468069 0.0848938232996525
-0.0720696586469817 0.04235789847148 0.04683015831577 0.0314259476818255
-0.0266788642067534 0.0617989259793281 0.0300186162028948 0.0133453289658528
0.00364177863295801 0.0706073015167312 0.0187904281887808 0.00914464081466977
0.0227852821570516 0.0639047283858161 0.00928152636011219 0.019254569405116
0.0259713635174402 0.0644550049635933 0.00043646129295976 0.027802529961613
-0.00190899809198156 0.0626348837300465 -0.0125148962746584 0.0304944135517777
-0.0313808298901855 0.0568287216823185 -0.0331160342893837 0.0140912863534462
-0.0792435313127512 0.0199803969353854 -0.0328892111584886 -0.00903684546062485
-0.0779373208406003 -0.0395091127263052 -0.0118801071712682 -0.0242530363430924
-0.0207328117780005 -0.0844455880827339 -0.000249628197568683 -0.0130780547954858
0.0381275361006981 -0.0961812274100037 -0.03474982332401 0.0210248618436662
0.039858902822121 -0.0556703211588101 -0.0409813534590218 0.0941014959910737
0.0256166746132425 -0.075452549713949 -0.0584464200628517 0.0793185040306258
-0.0291180767209356 -0.075810643085718 -0.0370851710378751 0.0791696865478711
-0.0722602283272049 -0.035540497487979 0.000862289744463184 0.0782612883303337
-0.0579827448411781 0.0269688573427094 0.0247769810561254 0.0442581180333996
-0.0225904182840216 0.0460698524132609 0.0189646629036137 0.0364379588411207
0.000492535117918716 0.054126491475325 0.0205333082968 0.0338991013266956
0.0156583023315057 0.0509770196597864 0.0170551329558823 0.0384096268671631
0.019058912671779 0.0513692577030413 0.00711707844622077 0.047005051939121
-0.00320163893626189 0.0509016027401742 -0.0118997633330652 0.0483688821089962
-0.0270849393296234 0.043833438805589 -0.038646737929817 0.0272903605928433
-0.0640170057453523 0.0100119832948915 -0.0392714286426454 -0.00315886469662604
-0.0561060693648107 -0.0382604489447629 -0.0172375028733836 -0.0213887162222195
-0.00507234899618708 -0.066610706378321 0.000547063793896395 -0.00284544488019697
0.0394398316811593 -0.0641545595358419 -0.0436713620402395 0.0437072855039805
0.0231436644201977 -0.00973835796712731 -0.0471663595754735 0.1012843471866
0.0250339702856263 -0.0307802885991842 -0.0534195568084618 0.081304561795439
-0.00500935753286197 -0.0415193425931846 -0.0390282302640201 0.0644395802442605
-0.0348147015077788 -0.0257815637936742 -0.0124851404764809 0.0675755128773792
-0.032967716374556 0.0108594224887761 0.00765527296737558 0.0520764179175762
-0.0131798338457428 0.0244376422336005 0.0110175958617232 0.0516194698584912
-0.00178271966117631 0.0292523610856167 0.0209876815104629 0.0509148409685097
0.00631324687970353 0.0297815730421267 0.0217587831297535 0.0502816665498035
0.00890379376852402 0.0317072127451169 0.0106092535568367 0.0605974092734778
-0.00362620676249027 0.0332994010353036 -0.014432846556464 0.0600058011272558
-0.0205238230924495 0.027490618482241 -0.0459678985655839 0.0356456761927858
-0.0428463786695949 -0.000488135955185478 -0.0462952969855875 -0.00196334926519096
-0.0298099760297502 -0.0318541536444801 -0.0218586144211984 -0.0227705233123755
0.00968178326376444 -0.0418643819689635 0.000231205576273104 0.00284353846260477
0.0359541328053969 -0.024255798964378 -0.0517583992977604 0.0569196956343167
-0.0164040801527807 -0.0191037144348529 0.0521357774186413 -0.0664549928085279
-0.0162579956671362 0.00953000047143429 -0.00413451683136229 -0.0184509750702778
-0.00146716058564225 0.0189447661215873 0.0198294271178894 0.0328907525163896
0.0132471064765449 0.00622896324683941 0.0556466955805926 0.0126747191876694
0.00849781211911544 -0.0058499988853756 0.0617037778915611 -0.0366330912099488
0.00282124536250863 -0.00670477359995068 0.0304382835962166 -0.073579391629354
0.00665145207268964 -0.00586700989473046 -0.00729429530735544 -0.0741472254689114
0.00641584199900399 -0.00491730763519067 -0.0241564572864761 -0.0598304923304309
0.00699261842098173 -0.00131318713747045 -0.0229378510100226 -0.0587219309713474
0.00545296049448093 0.00455626108711272 -0.0110686511991757 -0.0599378191719103
0.00338881351072219 0.0116134055038344 0.00173054927645351 -0.0561793235249081
-0.00858377524383931 0.0159277867098197 0.0189297737427239 -0.0522589615194831
-0.0253057528239053 0.00829690930832098 0.03775016623474 -0.0513382256283971
-0.0236672318865438 -0.0154616547654189 0.0356069835005191 -0.065458425001073
-0.0116052835175481 -0.0325377765295534 0.0401226695375477 -0.0985017967246437
-0.00211471704053209 -0.0607799670352503 0.0508126632594647 -0.0483152791788775
-0.0234129014221525 -0.0304019618306907 -0.00638368904021007 -0.00667727307235182
-0.0313661896374949 -0.00527157768980009 0.0217219020651089 0.047771456572611
-0.0228049862001394 0.00871677356312382 0.0652685868244507 0.0259698294370197
-0.00849774473047892 0.0163147914368985 0.0718996542780448 -0.0355912921579022
-0.000704454866008234 0.0173066233323966 0.0371130094917474 -0.0724626895379824
0.0119391597841398 0.0219253262947963 -0.00266120950399472 -0.0738008342347876
0.0160243955740438 0.0216860698882648 -0.0217294540082614 -0.056111213397566
0.0134787501963829 0.0259747768318832 -0.0232050826554324 -0.0534533516786357
-0.00392717379538352 0.0294674759359403 -0.0131219109393698 -0.0525910599473864
-0.0183951744466469 0.0291774223980366 -0.00376414016234406 -0.0507116786494198
-0.0450288808984331 0.0118321540999448 0.00985555907060074 -0.0472079601738424
-0.0503859075954528 -0.0196680760689242 0.0271500782401574 -0.0475534285235172
-0.0223840348296791 -0.0543194190185457 0.0209494096468627 -0.0634860457063665
0.00888391756130644 -0.0732990754400714 0.0253058144018718 -0.0901583214299701
0.0162111141936002 -0.0940538729041145 0.041224864425494 -0.0209520807597152
-0.0227161765170381 -0.0721416075684444 -0.0141071749224187 0.0109909033528826
-0.0589321861347886 -0.0365935639480677 0.0171131309565308 0.0663496262892507
-0.0617727324695237 0.00469615790219124 0.0689533890839195 0.0455089751517345
-0.0311365456786613 0.0368074708869646 0.0790019317486145 -0.0254422090041568
-0.00807647235213558 0.0404103696039594 0.0429779609958413 -0.0618566637973896
0.0139183190329462 0.0474623993232746 0.00393019506612494 -0.0637009497126232
0.0231961583215869 0.0440699303135334 -0.0160206831150405 -0.043594599384214
0.0208549112253373 0.0485516797489746 -0.0209080707597069 -0.0389765393280774
-0.00657544088057345 0.0505612021625595 -0.0160183666256076 -0.0364539479791996
-0.0315541436890304 0.0470548759969289 -0.0135470698586702 -0.0390480711892603
-0.0728172766109329 0.0171065176974978 -0.00378194807450204 -0.0407862923035734
-0.0756070117611874 -0.0342637130456926 0.0141551493983259 -0.0433316348864356
-0.0281012176653972 -0.0817093276906074 0.00798027039976224 -0.0552981148775062
0.0217801230968457 -0.103796844586993 0.00686969398977237 -0.0703459713520162
0.0334171913922003 -0.112181241497232 0.0242910901709134 0.0106148868437799
-0.0119880632584522 -0.104791174305646 -0.0271186488435962 0.0320270887057519
-0.0739560003451979 -0.0688869298636047 0.00497034392816952 0.0834789859506426
-0.0949566557781945 -0.00714794707194192 0.0628971337242478 0.0663623257521759
-0.054575792030054 0.0498795063089942 0.0781310955607827 -0.00835723351726301
-0.0172140601191067 0.0585840018552156 0.0444066738811914 -0.0411175142779767
0.0120336007083595 0.0666685633436141 0.0102974344910222 -0.0443663740930747
0.0270690560585544 0.0605023773644539 -0.00815934990868716 -0.0247346368656957
0.0267691874846575 0.062953666323993 -0.0155024216643624 -0.0177319504917882
-0.00513499841488858 0.0634811687024317 -0.0164737623512454 -0.0147303411971905
-0.035645783436699 0.0596247992343252 -0.0226531060021481 -0.0225455633113255
-0.0876843394338344 0.0241908027069275 -0.0167906534543873 -0.0307973783571209
-0.0904313047666435 -0.0393506555935682 0.00312753641824845 -0.0377665542241445
-0.0328933736834421 -0.0948769674433855 0.00121202914471658 -0.0413963979625599
0.0300182300365117 -0.118289382698232 -0.011139483565077 -0.0402365733469843
0.0463596517014726 -0.111601284748002 0.00030277615975744 0.0449883768581565
0.00374259948071681 -0.118965609220584 -0.0421810619977531 0.0532591104132831
-0.0721869571929402 -0.0920334122701527 -0.0121419869425345 0.0927559670065583
-0.110333641459162 -0.0227918141876566 0.0453121771592308 0.0818534230621368
-0.0703884922485075 0.0515652439176074 0.0662107152760895 0.0129110231484361
-0.0245821414785284 0.0663418117320902 0.0402013464742153 -0.0143355876336358
0.00853670388056165 0.0750342393450618 0.0157505158941251 -0.0184257199312861
0.0269017326929014 0.0673223765857578 0.00123160288394842 -0.00265745409277561
0.0289500368645014 0.0680801476941264 -0.0077479033252726 0.00563739553714217
-0.00275575491080956 0.0672239338081953 -0.0147521860614133 0.0087124803926784
-0.0341613307481866 0.0624266532313404 -0.0287033180896643 -0.00325103321503802
-0.0889075662719712 0.0261572566875904 -0.0260355454692313 -0.0193772220958096
-0.09115009443932 -0.0397567362137125 -0.00516130701251598 -0.0305047504310129
-0.0309169168476054 -0.0947469418776116 -0.000402911184124942 -0.0264064853115222
0.034677117608095 -0.115367597852374 -0.0243886329080287 -0.00787210961878299
0.0487504052560285 -0.091169372419163 -0.0231605819335965 0.0742027797480113
0.0196716841862438 -0.107785001185905 -0.053833402169586 0.0694926885998204
-0.0534405411815856 -0.0956243461461687 -0.0287653695935118 0.0905713496830041
-0.10076253437174 -0.0350855483931784 0.021566666872885 0.086149369554227
-0.072302684640358 0.0425512811593344 0.046064008824406 0.0320533478831912
-0.0268092057702036 0.0612204364884073 0.0304842702969674 0.0137812342993393
0.00430698766450563 0.0706338984243169 0.0189249742110972 0.00934626609397653
0.0237202554213829 0.063825818442115 0.00977828103901965 0.0192236152772348
0.0257960543798075 0.0636014877668227 0.000572572774878334 0.0277088938698335
-0.00196537820558833 0.0627854847157216 -0.0125486944921195 0.0301906470732723
-0.0313867471604521 0.0564942853249056 -0.0336496194742324 0.0137538155454338
-0.0797161865775657 0.0200871685060035 -0.0332484288567906 -0.0101254326677187
-0.0778707027488229 -0.039720381458802 -0.0113817139464312 -0.0246432843261211
-0.02004602838475 -0.0846463364322098 2.7385418769363E-05 -0.0130855009304062
0.0382791467445191 -0.0959747366195252 -0.0352715616166973 0.0212806252788601
0.0400634594477416 -0.0550431722345102 -0.0416425963486301 0.0941401951427437
0.026951889951164 -0.0752717112279452 -0.0594764115787073 0.0791213809067719
-0.0288650637458163 -0.0764465241032671 -0.0389874274247608 0.0792353758900423
-0.0724838607269507 -0.0360878636620956 0.000268291683032321 0.0794433104865226
-0.0580086646888296 0.0266191018260227 0.0237587361020878 0.0451720317536533
-0.0223237121674022 0.0458611799246362 0.0193627439070533 0.0370130697159518
0.000422450484148166 0.0548384387867016 0.0207192200374523 0.0338979396857186
0.0157272580923139 0.0510095817017859 0.0170476506489781 0.0380557331058043
0.0184837074515269 0.0513611732195219 0.00700409481900499 0.0459726698417632
-0.00280337180555283 0.0508636901999321 -0.0114016578151468 0.047244620512195
-0.0270005748290727 0.0437583406286893 -0.0388318178890216 0.0269609878195008
-0.0640439763884276 0.00975985085666633 -0.0395305122643191 -0.00381272598267985
-0.0558270196707009 -0.0386703637452374 -0.0166688458435423 -0.0218425370751692
-0.00452150667231577 -0.0662776189358237 0.0011369880135054 -0.0029481100812427
0.0396452450627249 -0.0639276704187384 -0.0444130483828451 0.0435554497674742
0.0239110094414875 -0.00973585639351217 -0.0486435689000112 0.101143046112976
0.0253851630553151 -0.0305565500228508 -0.0547923026509718 0.0803172114780334
-0.004455670543222 -0.0416700307539754 -0.0403834680460672 0.0640268970865031
-0.0346600667584968 -0.0263289101510611 -0.0132367732092432 0.0676760080532615
-0.0328844640574029 0.0108355336392987 0.00720883136043465 0.0523788096614917
-0.0132890466623591 0.0238538887302431 0.0114993370176957 0.0520636225932513
-0.0018366947179821 0.0293342518927265 0.0213683264239106 0.0508024862549507
0.00630562670943648 0.0300391166470171 0.0215630647348456 0.0500061109968677
0.00881630033766743 0.0319888306340097 0.010281875482321 0.0596116403573506
-0.00379432766853593 0.0334223280087217 -0.0143549252458746 0.0592041311726515
-0.020819320438773 0.0274913932565103 -0.0460187944630421 0.0348231546900679
-0.0429354044299832 -0.00030380760065636 -0.0466542939969888 -0.00269697073038185
-0.0297764375265747 -0.0325003797859689 -0.0218528745095134 -0.0229878067383579
0.0103028280887662 -0.0413798790276124 0.00101302830005917 0.00241919202150587
0.0360520103748994 -0.0237124631172616 -0.0520528397732231 0.0570343672974103
-0.0164353327197586 -0.0204408370333559 0.0537987859004617 -0.0674027411278461
-0.0167226946800064 0.00959986408902273 -0.00485673588754387 -0.0191904420733106
-0.00167733372739043 0.0196387236385702 0.0201854835514835 0.0344186325172325
0.0135123580711279 0.00703105814586622 0.056895300167923 0.0136778615639063
0.00899486297473012 -0.00607201424528836 0.063086629904453 -0.0373804688384209
0.00285050487674372 -0.00662995322780215 0.030226736905457 -0.0753626610201201
0.00624898221925409 -0.00615295478860555 -0.00800124436720437 -0.0754432000514238
0.00692082818226564 -0.00486188949577286 -0.0244316205355953 -0.0612007165103438
0.00709280973926598 -0.00121969317744522 -0.0239265585464574 -0.0599817259741216
0.00578406196454727 0.00496266575796893 -0.0125443911311795 -0.0617356661217371
0.00386252663604036 0.0117011353996312 0.00169534462499713 -0.0584894570986453
-0.0090078060063676 0.0163675528708237 0.0208059331311526 -0.0538313602267723
-0.0259306734543149 0.00880156646931505 0.0401524754110374 -0.0532160703418669
-0.0234635883541508 -0.0168187468368345 0.0368944306431191 -0.066543779223826
-0.0112113215703059 -0.0340752327379096 0.042208276566378 -0.101277433674112
-0.00197705043170461 -0.0632161844837514 0.0528368312025537 -0.0489397035923638
-0.0242049622636115 -0.0313858445249877 -0.00748739787728868 -0.00705162460393891
-0.0328763354682283 -0.00552258946357607 0.0215874534202702 0.0496162573999409
-0.0235109729134813 0.00918236645338303 0.0672299096418582 0.027821155607479
-0.00863638072993057 0.0169483551807441 0.0736012505179769 -0.0358542432362659
-0.000878242550059118 0.0180251508335109 0.0373810252635118 -0.0749798462248634
0.0128807926871693 0.021674153930407 -0.00351599375357927 -0.0755066443221009
0.0170546686846639 0.021652978424432 -0.0220200600414204 -0.0573912608143104
0.0136948910424367 0.0265523769995397 -0.0244509808436784 -0.0547139449658412
-0.00330459563449265 0.0303169510347835 -0.0144489484489218 -0.05391314515623
-0.018921339432538 0.0299856669262671 -0.0037653859825378 -0.0528801257004447
-0.0461252440853186 0.0121480208135176 0.010773114722773 -0.0489828339246424
-0.0519062291274724 -0.0202118902559951 0.0289078691873189 -0.0490901834590404
-0.0224915838686583 -0.0563257372930499 0.0221456379447733 -0.0645681179081077
0.00948301719057631 -0.0757745261081733 0.0268952948507168 -0.092859874588825
0.0165140377302714 -0.0968860022481942 0.0425359709265099 -0.0208175714588243
-0.0231368733889026 -0.0742392417017824 -0.0151674514214873 0.0108530530312421
-0.0604409498111208 -0.0377619843530813 0.0168274259430137 0.0688350379943761
-0.0643645213067755 0.0053273123397581 0.0710425497223529 0.0481408101730811
-0.0320579748032005 0.0378357265305925 0.0808546068382208 -0.0253140005970215
-0.00820763722048051 0.0422120452711857 0.0439219345334876 -0.063575319578015
0.0154920692394114 0.0483604167072837 0.00335787439581077 -0.0650259540587546
0.0248556469536891 0.0450630497240709 -0.0158826620017319 -0.0447246001456447
0.0215987741896704 0.0491214164113844 -0.0222495109511926 -0.0391239755419319
-0.00622351901244436 0.0515165665082174 -0.0169549831323801 -0.0379345384258669
-0.0321898029622076 0.0483459307248899 -0.0141912176942955 -0.0409600660542934
-0.0751651813350956 0.0180779464713257 -0.00300152061855694 -0.0417707960449574
-0.0776835244226758 -0.0353473900277837 0.0152821516722606 -0.0451498568377533
-0.0281913139749455 -0.0845888124436957 0.00872833331828539 -0.0565603505112652
0.022934913625411 -0.106780945630573 0.00754846583791415 -0.0719694648121266
0.0350420098156203 -0.114777287781402 0.0250732417895165 0.0116280487016108
-0.0119349595321552 -0.107887564688437 -0.0287047204830831 0.0321602145817355
-0.0761943688856666 -0.0712326923695119 0.00420414635726643 0.0865926292420488
-0.09860498819891 -0.0069794988539671 0.0644719780420863 0.0697687293042387
-0.0562255383937322 0.0517312568532704 0.0799816888766414 -0.00734679434324739
-0.0177767760086013 0.0604184187717651 0.0458575912097719 -0.0425283179592016
0.0132530056825911 0.0677783804907545 0.010016302028423 -0.0451907528979106
0.028954462946371 0.0618182940312287 -0.00794362286186914 -0.0254197730473582
0.0278976959414854 0.0641045894925778 -0.0162133944189633 -0.0178505108366905
-0.00500303673662176 0.0655404938923084 -0.0174552945608188 -0.0153399509756695
-0.0362398537193235 0.0614297545205686 -0.0234679130447703 -0.0230975201462035
-0.0904867100358089 0.0255537459324527 -0.016574576561447 -0.0319333389780696
-0.0929242418553271 -0.0401244930878251 0.00407731038752078 -0.0392252403136837
-0.0334824982428517 -0.0975916282166346 0.0013355948166447 -0.0424398034419681
0.0307176758062227 -0.121820639080692 -0.011059161466349 -0.0409820041904749
0.0483438499734286 -0.114017443313545 0.000174832638164076 0.0463896511698559
0.00446962647510472 -0.122253063379694 -0.0435751837087034 0.0541861023356268
-0.0740144897408069 -0.0951176172054742 -0.0140001031462504 0.0958465576663057
-0.114071005564134 -0.0232076639862399 0.0462340134048707 0.085896639676709
-0.0724196720049109 0.0531604690480981 0.0675841275919844 0.0142285156855024
-0.025744663649526 0.0682441319015483 0.0418761890543532 -0.0140904448539116
0.00983453995953087 0.0772607658207581 0.0157675919740535 -0.0185555368801402
0.0289559308943782 0.0690506930787445 0.00152816635793963 -0.00272012856791739
0.030043169497495 0.0693531383708983 -0.0080614383289565 0.0059752384420058
-0.00226457514169939 0.0697427212001773 -0.0151453969701651 0.0085913557164999
-0.0353651140984444 0.0644438490151221 -0.0298741504367625 -0.00377965771047991
-0.0915356412097932 0.0276955568050449 -0.0267307279307827 -0.0200048988766207
-0.0938119908784225 -0.0402270949679384 -0.00454857644041464 -0.0322434000518064
-0.0315915921825685 -0.097256269725871 0.000132381894653829 -0.0267850973105018
0.0357299664647912 -0.118636863161501 -0.0252871247493931 -0.00789263126401116
0.0512019296580166 -0.0931921489841884 -0.0242360103436865 0.0767233927584904
0.0206215516714736 -0.110733716068059 -0.0556765698386003 0.0710387211011188
-0.0549744805936322 -0.0986411829236487 -0.0309637775615116 0.093149305243427
-0.104638037334146 -0.0358628956881655 0.0219913362448997 0.089474099871666
-0.0742792932240966 0.0431045365003563 0.0467817579152428 0.0337205309129474
-0.0279543771533043 0.0629930965137748 0.0325279077584237 0.0144450091355361
0.00489827064357482 0.0724913895600524 0.0191712178543405 0.00967646996167983
0.0244517745654672 0.065831215126913 0.0103461908610963 0.019782445346248
0.0269976122013462 0.0647556107611285 0.000274224335122008 0.0282004202937171
-0.00181061168182061 0.0646415475728767 -0.0125472660397355 0.0301556260607104
-0.0319768709781669 0.0580576270907688 -0.034684912816017 0.0135684199354108
-0.0824003271139469 0.0214398957030128 -0.0342492238849515 -0.0100928612113686
-0.0799152669248579 -0.0405875923127187 -0.0108441395916206 -0.026118509542949
-0.0202717739043986 -0.0863353561432409 0.00062819750784369 -0.0132613121849359
0.0396442837134466 -0.0986247783665872 -0.0365239742100718 0.0220057305123961
0.0419828809777413 -0.0564187842507662 -0.0439772731802828 0.0968698643911038
0.0280167870421187 -0.0777367801989144 -0.0613320758866689 0.0802955819522508
-0.0288343354900066 -0.0788166990128304 -0.0414202571619703 0.0812373908055943
-0.0753609272975449 -0.0374289033368475 -6.38123928403967E-05 0.0824654049664293
-0.0594093858366623 0.0277291567028208 0.0242880273176378 0.0468091347644577
-0.0237037136193258 0.0469822779277277 0.0207121606363783 0.0384256866923899
0.00143159800440019 0.0562539013041615 0.0212266060966265 0.0347379631623547
0.0170152431840071 0.0527188684452465 0.0175690570349516 0.0390123514875222
0.0193706250299418 0.0521503615709474 0.00718662254494936 0.0471179371720767
-0.00266364626704598 0.0523668333121459 -0.0117459154814486 0.0478052482177409
-0.0281595549064411 0.0448915020997351 -0.0403206922886293 0.0274967679465979
-0.0662131876721039 0.0104014826184243 -0.0406853156038102 -0.00381163605923648
-0.0571834182212795 -0.0395027799812848 -0.0164902417451835 -0.0229566019742684
-0.0045501861684176 -0.0675587220237805 0.00164227570740658 -0.00344144390069509
0.040803157529418 -0.0654185223323955 -0.0458412106647786 0.0452922614873931
0.0247627936569228 -0.00914583695874953 -0.0509039565726161 0.103596329204678
0.0265558390735663 -0.0312580934917971 -0.0563008898361174 0.0821214301500267
-0.00401894921605685 -0.0433525086414666 -0.0430781315316893 0.0655553203820695
-0.0357194719160302 -0.0272880271283797 -0.0141343106031578 0.0702762665804522
-0.0336929349079774 0.0107330433954801 0.00739031403104106 0.0540900399468931
-0.0135879641883205 0.0241796478808235 0.0124309354617095 0.0539238003835415
-0.00223803252584079 0.030728002774717 0.022863227552663 0.0515740394755455
0.00709353392274205 0.0311631612516585 0.0222698475750303 0.0512497212654492
0.00882216832931947 0.0323964706177113 0.0102822667588266 0.0611615466812908
-0.00359331215876903 0.0343601584233188 -0.0145947808196997 0.0597936408490461
-0.0213926592428985 0.0283386562304585 -0.047903668448311 0.0355622200047961
-0.044517560986915 -0.000543926270768816 -0.0475109276197524 -0.00315458796857012
-0.0303702415626309 -0.0333574160784865 -0.021886299463711 -0.0239368403884499
0.0108147234598969 -0.041734244012584 0.00103682947553713 0.00207713735307218
0.0369038644941044 -0.0243257810175655 -0.053771115290204 0.0588540044788512
-0.0200687782816335 -0.0205513720778913 0.0533540052565876 -0.0741663314260715
-0.0162928110621151 0.0115329721876883 -0.00775520410381118 -0.0206020958549944
0.00100739962276225 0.0209732480786941 0.0214660867492703 0.0338116067015316
0.0158564398253265 0.00520314784397372 0.0593152808951845 0.012028622964665
0.00868150002460553 -0.00778762049145108 0.062967667721093 -0.0426213846190728
0.0012457814298523 -0.0081161033996845 0.0248711864831153 -0.0798273542020838
0.00528569973482338 -0.00791535820108486 -0.015237847287905 -0.0762874247806758
0.00628063790681368 -0.00603140817375916 -0.0305261965468763 -0.0610990409065464
0.00746592174398997 -0.00223923191586448 -0.0309681732786072 -0.0611120519243488
0.00703320044021524 0.0047165021355642 -0.018921160174003 -0.0648533651357823
0.00611058532809298 0.0119214307983653 -0.00307854591659034 -0.062580353747239
-0.00660324775812824 0.019284882443802 0.0188476173644752 -0.0598898526765673
-0.0256842408530201 0.0126567918236516 0.0401658125881597 -0.0606214533664955
-0.0252715504287499 -0.0151772075251093 0.0358533265693055 -0.0712564581154031
-0.0130473977566418 -0.035220012573442 0.0385129182930892 -0.107749521905053
-0.00954900815692315 -0.0651169208930822 0.0568979429982024 -0.0532519651389278
-0.0285817782495137 -0.0293899076892988 -0.00676268106135413 -0.00884663080463218
-0.0336320819026288 -0.00129625771744796 0.0262399796755924 0.0478683155857783
-0.0221350286532585 0.0124659512181414 0.0711337449068633 0.0223467475075595
-0.00698425247336107 0.0165534136486076 0.0722793608132632 -0.0429583161065122
-0.000144099760553692 0.0177930542950834 0.031749700320805 -0.080011928168303
0.0159031176950485 0.0204707018332196 -0.0123055048284458 -0.0774799441609029
0.0194886205798267 0.0203850159729002 -0.0276370846569996 -0.0571730094810908
0.0174937723018725 0.0253042321096628 -0.0305402122253274 -0.0552469029602501
8.4625625050014E-05 0.0318772960863138 -0.0206512562853077 -0.057219210388905
-0.0152994738714788 0.0325715192080772 -0.00868312823249251 -0.0567274015447265
-0.0459401793464884 0.0182832170378938 0.0101177152976433 -0.0546487099293728
-0.0551611897313019 -0.0144907539140416 0.0301125279280712 -0.05487803135397
-0.0272155700191133 -0.0573149674464887 0.0181637640095473 -0.0661843596046845
0.00577652393140426 -0.0817984883787575 0.0198829059844213 -0.0961763377892741
0.00580016295205876 -0.101135417158134 0.0503531861968591 -0.0218024220417624
-0.0314456184805317 -0.0729116405059071 -0.0117263650416117 0.0110611179165207
-0.0657930876280387 -0.0311086028731846 0.0254565095933402 0.0658928596807215
-0.0640922974992469 0.0141109029699454 0.0779165644834349 0.0397710465670156
-0.027662996026911 0.0408806966052421 0.0789393343919975 -0.0340878120948512
-0.00504925529898645 0.0430498491668145 0.0381482940296148 -0.0693655004486186
0.0216286381728787 0.0471776388809715 -0.00578367287421725 -0.0682328905826484
0.0296998392740207 0.0436053462296343 -0.0207432960446441 -0.0439880786799973
0.027998316293331 0.0482581623376734 -0.0264577564660855 -0.0392972705118469
-0.00049969474843098 0.0541623896807697 -0.0220094120723379 -0.0400895828399586
-0.026965654227313 0.052093407263852 -0.0187860466120905 -0.0440850136577855
-0.0752019913409152 0.0274281663055351 -0.00406481388380596 -0.0469108144113885
-0.0835495219192122 -0.0279702792336982 0.0176936883099732 -0.0487644975671343
-0.0360519635758238 -0.086362136591898 0.00408365137841377 -0.0553383044785513
0.0177927834705588 -0.115976295393228 -0.00130247350442144 -0.0716230589591688
0.0233755115667787 -0.120926457488553 0.0349556986205366 0.0141442198008942
-0.023464333964408 -0.108007431715001 -0.0215157737850555 0.0345251806022413
-0.0855415190322819 -0.0634445668938687 0.0162457465327982 0.0838186122928642
-0.100372323933423 0.00633499305547218 0.0748631839547668 0.0604376762500709
-0.0510421157422868 0.0571829627881776 0.0781362693476787 -0.0169839910268703
-0.0129463801711414 0.0631121021733353 0.0412879846461444 -0.0484611711681342
0.0223834027106837 0.0680764231463244 0.00189748828557549 -0.0492055580982272
0.0355196594498414 0.0608040342385538 -0.0108594510259818 -0.0247410002705563
0.0356052821055859 0.0621318748879335 -0.0188274830014551 -0.0170334758051255
0.00205412668160679 0.0680846177944953 -0.0209232426330075 -0.0165830007395594
-0.0307117533955828 0.0661225996662009 -0.0277313377703558 -0.0247048712862651
-0.090240092565911 0.0366668024748801 -0.017059253941716 -0.0354759334598045
-0.0994262851282215 -0.0319133472221819 0.00664772050637066 -0.0419489490726011
-0.0426906149991104 -0.0998930734779516 -0.00298918649560653 -0.0389633224655306
0.0243094722938603 -0.132488777370028 -0.0201614706067369 -0.0369225585625594
0.0372268864142244 -0.120406942562085 0.011350051271718 0.0526449274922217
-0.00780258406849153 -0.123814050150382 -0.0347845730908265 0.0593515219982147
-0.085531538093876 -0.0876447495053129 0.000399451149490615 0.0946041609204189
-0.118725949561341 -0.00869056727917551 0.0583374059830849 0.0765335186261428
-0.0673508225160288 0.0610027295103805 0.0670085483285702 0.00558593611876642
-0.0199190476516709 0.0716540390292483 0.0390900888012423 -0.0193846663453625
0.019864071604738 0.0782954567685335 0.0102544264788424 -0.0237068348346496
0.035752475323221 0.0681597198000853 0.000445907650771408 -0.00146027831126345
0.038084585172211 0.0667451198819657 -0.00789564966499752 0.00722323472293588
0.00466535906378332 0.0716637420722439 -0.0161883925835041 0.00803148676893227
-0.029296485606666 0.0691439228827366 -0.0330256435372588 -0.00341296634553099
-0.0910819290740623 0.0385836747025379 -0.0275287630712797 -0.0225314324994951
-0.100129317528059 -0.0324417576897712 -0.00230115282602364 -0.0337290425079673
-0.0409361683613342 -0.0991520246955479 -0.00336254378975761 -0.0222499779114508
0.0295045212589855 -0.12973373466154 -0.0335020259997467 -0.00162651915265669
0.0427199601575377 -0.0991418010333216 -0.0147727245600643 0.0848147968993537
0.010204373389118 -0.113270677881509 -0.046793007824546 0.0783313597588098
-0.0663226158396328 -0.093706252630927 -0.017650489410551 0.094891651796557
-0.11081408222725 -0.0227867582550944 0.0340254397975677 0.083535408799032
-0.0701626975615975 0.0513974367763632 0.047786120083475 0.0269737316504969
-0.0226373444755663 0.066576823500487 0.0320758611473422 0.0109698742177805
0.0148899688329242 0.0748121264460563 0.0166716599059068 0.005101732914935
0.0316012810751428 0.0649934679095039 0.0117177731126906 0.0203921988409467
0.0346773934027984 0.0630095585091986 0.00264629964058109 0.0294373960879123
0.0046670210675472 0.0663249474831518 -0.011578070231954 0.0306631763889786
-0.0270203247744865 0.0618643601791285 -0.0365917472190678 0.0154663427109861
-0.0823883818968024 0.0302546331374882 -0.0349261391871019 -0.0104278449785886
-0.0864138559064372 -0.0343779740823147 -0.00924024523762236 -0.0264964152245422
-0.0282741525720949 -0.0886688962897572 -0.0019971111280602 -0.00941523468265211
0.0340679121045009 -0.108722963827907 -0.0432908962012374 0.0299175641287202
0.0379795285946954 -0.0601397347951584 -0.0363480105571988 0.106204030375974
0.0216122965588464 -0.0796318204668349 -0.0541355949386869 0.0885681586323265
-0.0376067799456192 -0.0767823789741323 -0.030782746089011 0.085294964308357
-0.0804139908042648 -0.0274143994427787 0.0105477322055381 0.0797334107316557
-0.0567710484076133 0.0344321217512443 0.026284903806492 0.0436492046309966
-0.0192520499812864 0.0500153781385344 0.022909730628852 0.0369482983106606
0.00872514112035865 0.0579030051320295 0.0224356182970879 0.0312515004211153
0.0224477975411914 0.0521348638175009 0.0210850208957793 0.0388246405473043
0.0256316924596392 0.0512429952117359 0.0113568085428881 0.0484882581042569
0.00268393588189069 0.0538816058289202 -0.00963063363584022 0.0495161936358931
-0.0242573766367969 0.0482654053238994 -0.0409150840611076 0.0304875779207163
-0.0666659219406675 0.0175292560138938 -0.0419697342439488 -0.00319141554536075
-0.0627039539522748 -0.0351568590054707 -0.0159534097761013 -0.0228677622670899
-0.00961811731162464 -0.0704759617907804 -0.000551435214875423 -0.000379291954881215
0.0377549477678064 -0.073863406248972 -0.0507475791192837 0.0528315230354429
0.0249399360508439 -0.0105985377961487 -0.0472481425485699 0.112655207076074
0.0253010750857729 -0.0334198381056042 -0.0523585746050105 0.089419986257487
-0.00848051402560161 -0.0427740880776676 -0.0369508956442404 0.0704430015818576
-0.0392336897087055 -0.0223939669626993 -0.00698226371405849 0.0712294184853482
-0.032384458715875 0.0149556743500981 0.0105489716912186 0.0537231816094782
-0.0111211650864109 0.0259872139773761 0.0169051969650416 0.0539203704253537
0.00211549421223107 0.0319740958456428 0.0265191648866886 0.0489557430282024
0.0100682737867697 0.0311126625272427 0.0267410289754871 0.0511005174826546
0.0129873135124961 0.0320730461237369 0.015982577533751 0.0628120618802011
-0.000392683046617066 0.0354791503888847 -0.0107473276657896 0.0634271043308011
-0.0193052773713087 0.0305108874407481 -0.048172596188791 0.0403052846478663
-0.0458328851293652 0.00402276432926067 -0.0498211953162863 -0.000864001412207477
-0.034074452404826 -0.0317570199667194 -0.0231210745122878 -0.0232165600288919
0.00822847783828401 -0.0447111665803335 3.07845145322756E-05 0.00349943421321405
0.0361455331572811 -0.0293277833979702 -0.0565078764012745 0.0654732764928927
-0.0218624107060481 -0.02126214438582 0.0519364531057728 -0.0786328164906085
-0.0167611149374973 0.0121811710032177 -0.00938628072928613 -0.021039573698535
0.00185563093119662 0.0218076727536141 0.0232427793355964 0.0350932660279104
0.0165827698081438 0.00489599322742979 0.0616206026584303 0.0101353917461159
0.00857732425638879 -0.00842948091576868 0.062877908284931 -0.0462656069491019
0.00110644275880094 -0.00773778501212476 0.0209328731455799 -0.0830739870487862
0.00531686630208565 -0.00911618211446525 -0.0193445134449912 -0.0773432862615852
0.00640363664679103 -0.00686479116130442 -0.0347630578505738 -0.0610685208888454
0.00788802737934607 -0.00260411962252495 -0.0349182356053939 -0.0609311931283861
0.00747137361811617 0.0044476642660285 -0.0234920177991362 -0.0654639293794673
0.00745060282795498 0.011502059523107 -0.00610785224754396 -0.0646122052570103
-0.00665767278280954 0.0200328148706257 0.0175590400165562 -0.0631680643845153
-0.0256534245567203 0.0143966834068242 0.0389804839932036 -0.0644911113864011
-0.0265509293939802 -0.0156030271293022 0.0339807256368588 -0.0740410396622218
-0.0153251848708444 -0.0359735363863484 0.0352784627358818 -0.112889441414981
-0.0134514360165519 -0.0674101218160517 0.0564862701645766 -0.0572408640129119
-0.0306883249195574 -0.0293484775833507 -0.00847616717566686 -0.00872488838996359
-0.0352887382280607 0.000980342683641123 0.0290077233850092 0.049215294002743
-0.0221189165113069 0.0147399533214783 0.0749015006636331 0.0207255970763701
-0.00601501667954635 0.0177272668875683 0.0723608098433848 -0.0466361497583244
0.000896284697451732 0.0184528818001613 0.0279266347131348 -0.0836975840177479
0.0173182089290336 0.0199649813071985 -0.0166795518395494 -0.0784239120968623
0.0212967160277924 0.0195381265811273 -0.0315032211743498 -0.0571166263514554
0.0193351661371187 0.025382570895619 -0.0346078017828649 -0.0544335481006092
0.0019593655761571 0.0331123395457489 -0.0247596995788991 -0.0578154365855334
-0.0134809938417898 0.0341447947624269 -0.0120451661868142 -0.0587207933351231
-0.0466936160614435 0.0220068961695263 0.00866669274163051 -0.05661818647852
-0.0575155825652288 -0.0121858843713338 0.0287482418850919 -0.0584479612889443
-0.0308111537582637 -0.0585723549835953 0.0162630462498755 -0.0680928964716434
0.00220097556089083 -0.0851448170733756 0.0166134198515789 -0.0999227561609372
0.00132140695356553 -0.105210784896035 0.0512084372390116 -0.0247231793682685
-0.0360824078701351 -0.0738872040210708 -0.0114873864134306 0.0116176010372502
-0.069911806773574 -0.0284996566535818 0.0289306775017147 0.0675842485118041
-0.0659497467388499 0.0187974402050777 0.0826494261142541 0.038167696269707
-0.0271367265980097 0.0436079846210658 0.0795576988973246 -0.0377210316549141
-0.00305756326932387 0.0453783063145112 0.0358061430159071 -0.0733560084084377
0.0251732796472313 0.047597652411626 -0.00965766033841221 -0.0692119640041138
0.0333370124128119 0.0429652720773466 -0.023670087228872 -0.0441894639660917
0.0311801395569676 0.0477463059497232 -0.0301425305773344 -0.038187066899355
0.00247136515027177 0.0560118875004341 -0.0256190493425135 -0.0400408781549332
-0.0251535293519232 0.0556187318337842 -0.0215004482894908 -0.0447187173364317
-0.0763647823610216 0.0330260487896881 -0.0053737324185874 -0.0483764917604524
-0.0873359831354519 -0.0248207456318323 0.0162192851633816 -0.0522191919250054
-0.0409356719745017 -0.0881446597025147 0.00174704136421071 -0.0563313828565402
0.0117687124450364 -0.121381294175923 -0.00476030720588333 -0.0728615927617661
0.0186894608889714 -0.125723984146419 0.0372053660401969 0.0130262651434346
-0.0295373597335853 -0.110389861246487 -0.0209534598884898 0.0358340326342406
-0.0916355768291018 -0.0610848337635543 0.0201298062241023 0.0865213151207063
-0.104155330577627 0.0123885148978328 0.0800777027905593 0.0596583227204755
-0.0493324508044963 0.0618246640232689 0.079600659747824 -0.0200691180523243
-0.0103658334176155 0.0662822063052567 0.0403423931043984 -0.0517026730600215
0.0273780018783095 0.0684718822585314 -0.000635502927511192 -0.0503152919329242
0.0405980104596102 0.0601035252966439 -0.0122228872197563 -0.0251096235903734
0.0401611174791552 0.0619906598344624 -0.0204199433007573 -0.0165262196130695
0.00595215550040423 0.0700422659599683 -0.0224163512164906 -0.0164559011567288
-0.0278470895394258 0.0697862215422552 -0.0302629551526269 -0.0243147943583061
-0.0911379582529537 0.0433708696709331 -0.0184592256342599 -0.0358664126156242
-0.104438487718805 -0.027832461421219 0.00509177034950265 -0.0447018824715624
-0.0486502162949044 -0.101280637007055 -0.00438779890582666 -0.0396460561106256
0.0180599506032966 -0.1382581651408 -0.0226152182433195 -0.0370302485851841
0.0328482535042869 -0.125902173913329 0.0141060341839814 0.053969891514822
-0.01354939521445 -0.127459107040958 -0.033434601778308 0.0617328045812127
-0.0928182070654242 -0.0863543839673115 0.00359153321336638 0.0981626909151714
-0.1233169082536 -0.00285985669808609 0.0641658562530445 0.0770596415554294
-0.0662884544034797 0.0659075307838944 0.0694238015581202 0.00344741361990184
-0.016810667997389 0.0753228475710365 0.039883740492638 -0.0217422356438457
0.0250392298413412 0.0791132189704087 0.00938425791661664 -0.0236457669387034
0.0419813904262422 0.0676577908977409 0.000992530945207334 -0.00200029319009203
0.0430089374670879 0.066889517346213 -0.00796034240619564 0.00777061276203568
0.00932262914119374 0.0738621977398479 -0.016808165373528 0.00872880713953839
-0.0265232569137009 0.0726353226040994 -0.0345280583129086 -0.00229702269713596
-0.0922413331405037 0.0453030061834047 -0.0292530698065787 -0.0219468086135724
-0.105362781660944 -0.0283989549287174 -0.00361464072571202 -0.0355384508060596
-0.0468778964188309 -0.100548399547588 -0.00451713764066279 -0.0230946870395878
0.0228994616908374 -0.135455826833229 -0.0344974694775241 0.000812615833269862
0.0398469405889881 -0.104158995153901 -0.0115336592639433 0.0887641800314545
0.00552331186340001 -0.117757045950687 -0.0451219185383775 0.0820799654378573
-0.0730341772160746 -0.0936696361409421 -0.0148711604595117 0.0991636391499239
-0.115440124500425 -0.0173771958240983 0.0388803885913961 0.0848794649333622
-0.0697673698426731 0.0564102272806226 0.0502329850501288 0.0265513561958096
-0.0200309447852573 0.0700367364600086 0.0340933221724269 0.00931505911364056
0.0196463810453255 0.0757102700637686 0.0177636337594022 0.00490588351259662
0.0368364066633413 0.0648839337233682 0.0128650441249507 0.0197902652264032
0.0390655201158545 0.0631891663992706 0.00389625658042319 0.0301586809286251
0.00899727204561956 0.0682621830660839 -0.0110199681730011 0.0314693607098159
-0.0245542609175739 0.0646995377722644 -0.0374550001045384 0.0174647490748232
-0.0833626215461507 0.0363823101088419 -0.0362153786113226 -0.00943204651718098
-0.0906119314309181 -0.0308770171783981 -0.0105350421746224 -0.0279771878134371
-0.0328439076439257 -0.0897805753670172 -0.00199243196779166 -0.00985811527351431
0.0295282144031627 -0.113968852797727 -0.0432310135737487 0.0333368239363006
0.0363742820768218 -0.0641053578750945 -0.033606813015062 0.111542910165625
0.0188202054875229 -0.0837458889079655 -0.0525009578203743 0.0933981845431033
-0.0423602177608548 -0.0771958084068475 -0.0293982243630502 0.0892386631683047
-0.0847360316680904 -0.0241583864000281 0.0141169112176184 0.082107681755184
-0.0568158977872881 0.0383399881357045 0.0287458804189925 0.0434706778155204
-0.017550496945253 0.0523592963343859 0.0260777458973685 0.0366739578899357
0.0121716279673802 0.0594351560570464 0.0250276644286126 0.0310482151762291
0.0269550051517597 0.0521011178850133 0.0235079934070635 0.0387603554176559
0.0288011908501779 0.051294765694195 0.0143209941876048 0.0491242931158171
0.00566741720553693 0.055362750954467 -0.00729425630167899 0.0508369363447653
-0.0225474571804474 0.0509806213187889 -0.0413301636103908 0.0332369576925814
-0.0686880346601888 0.0215736687150338 -0.0434010113221523 -0.00122456640190458
-0.0662269774903479 -0.0333613199283528 -0.0177012206026435 -0.0232918136169521
-0.0133121586605985 -0.0719347077255849 -0.000296636106196935 -0.000521581416385228
0.0341330837747711 -0.0777437232453804 -0.0492439703850605 0.057550225976665
0.0258625240215558 -0.0118155506802082 -0.0446398650176686 0.118019064974934
0.0246098683342385 -0.0354124702313778 -0.0503235596560696 0.0941860835155007
-0.0107028153478846 -0.0432464434792671 -0.0359499281215088 0.0743888330499662
-0.0418824891123971 -0.0214403071607829 -0.00405637271400224 0.0735701025726334
-0.0321173080834249 0.0167139116204802 0.013678483912016 0.0548164678655347
-0.0105510047867113 0.0268990008912754 0.0209878747440445 0.0546726686523272
0.00421718278368833 0.0331874145977475 0.0303008943796509 0.0491907213917489
0.0128161447006939 0.0318844235911548 0.0301792006193253 0.0510412446434716
0.0151572048412025 0.0325033102811665 0.0195343325403341 0.0632007941785915
0.0016603755521504 0.0366111140156096 -0.00809003510376612 0.064373904587651
-0.0185284556855597 0.0323247386017723 -0.0480826445503499 0.043689746070627
-0.0473783047556666 0.00625555955730742 -0.0513938784968022 0.00107754404751685
-0.0365936538723446 -0.0311599564417478 -0.0245426438010097 -0.0237171074305009
0.00661597558664222 -0.0462958989297468 0.000335253180909014 0.00347290421789502
0.0354989878170847 -0.0317939985787217 -0.0546747513352687 0.0706337368538545
-0.0234832667284014 -0.0207575742301753 0.0483925928327417 -0.0816708771679692
-0.0167655513945946 0.0128909057177868 -0.0117164165036752 -0.0197022254023709
0.003169386838561 0.0226132961845204 0.0254566786568222 0.0347669712599558
0.0173163198443166 0.00429845948185383 0.0631925116153198 0.00743075471937006
0.0082474714199126 -0.00838286602485984 0.0604721538997961 -0.0493197158890354
0.00104677949917101 -0.00739916938592393 0.0161564935609296 -0.0842073972321064
0.00485624856657302 -0.00928427620362072 -0.0243382375682488 -0.0759587690100765
0.00603628941432638 -0.00761735352997549 -0.0380239350512186 -0.0588945010685098
0.0078334793035043 -0.00306576849637746 -0.0391760710739417 -0.0584745591673832
0.00773931042766422 0.0041212160326955 -0.0280160492539047 -0.0644136375275222
0.00827351986645583 0.0113063066971327 -0.0095144669964405 -0.065013708121695
-0.0053229988723345 0.0213288518783779 0.0151886857692713 -0.0649739141118849
-0.0246818616928483 0.0161788991789578 0.0361923152636865 -0.0670041979790042
-0.0281520553262801 -0.0151585612729041 0.0311055239546753 -0.0750077070052631
-0.0171664509893909 -0.0356652262211553 0.0298900963011364 -0.115804640766882
-0.0172054288648471 -0.0680529322095189 0.0539696732233207 -0.0608456718513834
-0.0328302094131583 -0.0281747190964365 -0.00973636735990247 -0.00784514772783252
-0.0357070144723243 0.00331284869062958 0.0320552237398002 0.0487077812816003
-0.0217188566411002 0.016589813243569 0.0768146121967743 0.0174845800157258
-0.00509045564229511 0.0183820527768073 0.0700450495015362 -0.0497916977359957
0.00226383238550371 0.0191764382442183 0.0231002671892159 -0.0854113559876639
0.0187796390482362 0.0184551108705285 -0.021390959833192 -0.0767433323651832
0.0233482143229797 0.0176268112097228 -0.0347083158655069 -0.055330405935165
0.021175988538563 0.0240718961823852 -0.0382695451475892 -0.0522750811913166
0.0044983089015875 0.0332652340935468 -0.0288132455015641 -0.0563980341151222
-0.0114937477102609 0.0350881201427911 -0.0150664630524893 -0.0585007878684061
-0.0459915866668581 0.0252998014575294 0.00654506231135214 -0.0583097596395462
-0.0586844749765791 -0.00911437380326556 0.0263170008753944 -0.0605147688865883
-0.0337379464535309 -0.0580366950526747 0.0135658840905284 -0.0687731145494123
-0.00279192160657142 -0.0858564982678021 0.0115858045677961 -0.101182090132673
-0.00461820812140749 -0.106283216532402 0.0505020419378335 -0.0270883432553181
-0.0403794222356377 -0.0726034622317134 -0.011953189197171 0.0118649947097505
-0.0721455668005171 -0.0244555746291185 0.0324150918000248 0.0669545314012074
-0.0655977303669683 0.0231814959103821 0.0857058395186618 0.0349167417730229
-0.0243369579406765 0.0453874311417781 0.0774261832148105 -0.0410670861915221
4.91248825947727E-06 0.0463947930305514 0.0315656535888826 -0.0754957738711616
0.0284271916642706 0.0457652413976783 -0.0135307271401567 -0.0678844932356037
0.0367889402424676 0.0405238662571715 -0.0255617389179514 -0.0428592688533754
0.0345471492758385 0.0456373450669796 -0.0323296057173456 -0.0363427598048525
0.00587675765042251 0.056291878513294 -0.0283403756441851 -0.0391059974001647
-0.0216935551537316 0.057489060506093 -0.0248241352462384 -0.0441517028537755
-0.0745146381588335 0.0379635650672398 -0.00732660031164922 -0.0491852020973792
-0.0890376419917214 -0.0196974279623887 0.0140822976594662 -0.0541691827565764
-0.045797980247607 -0.0868105980575029 -0.000417472648947023 -0.0562370884841724
0.00537612683953491 -0.122893598896055 -0.00845196061353261 -0.0732996405358317
0.0120392496153696 -0.127515236762448 0.0381619149114923 0.0117449201036908
-0.0354797500107043 -0.109456723457394 -0.0200109149918958 0.0366113154566623
-0.0958389200611497 -0.0563561139602037 0.0241270064274282 0.0866355729540111
-0.104445153414696 0.019240546582912 0.0841883766998051 0.0561853804109444
-0.0461739055001488 0.0649420363537156 0.0789485200493979 -0.0230809265541526
-0.00612776966121709 0.0672739972259426 0.0380632083706876 -0.054344871075833
0.0316940831192443 0.0665597942493363 -0.00308694757896542 -0.0492460431593894
0.0449708427077831 0.0574403151079572 -0.0129281283482828 -0.0243512948833734
0.0437656474746721 0.0597109154101525 -0.0213221099085649 -0.0147370793376478
0.0104013586811425 0.0701465236347199 -0.0242978597611742 -0.0156395249206074
-0.0242709544392346 0.071546709582077 -0.0318169259434708 -0.0228712812285749
-0.0888244890660178 0.0494930847402916 -0.0205312932808145 -0.0357011372203225
-0.106516572731583 -0.0211994341762613 0.00324596640137318 -0.0460867383042381
-0.0542667967223675 -0.0995598152458113 -0.00600121085191749 -0.0391123340491221
0.0102223959473336 -0.140334761892272 -0.024182191835168 -0.0353091038892967
0.0268361633430698 -0.12834701071763 0.0166204001308548 0.0537270705517966
-0.020348521085051 -0.127819215398449 -0.0315024028476713 0.06340242140477
-0.0983140566942458 -0.0817837686388751 0.00809460401620654 0.0993113222540187
-0.124125908803254 0.00550253758048999 0.0683200659585266 0.0742477010055677
-0.0630818746524514 0.0700477667269847 0.0693081322360752 0.00141016599434647
-0.0125958743404633 0.0769709602742456 0.0391920371194612 -0.0245021837817634
0.0305421279360044 0.0775512083960678 0.00787527721377692 -0.0236308631907916
0.0466868438982715 0.065047691786314 0.000812787983320965 -0.00291365651032814
0.0472445319527514 0.0646361784635185 -0.00753197919562767 0.00811078604188247
0.0139742075146412 0.073421607822285 -0.0166742158811832 0.00911103072139935
-0.0226215721016837 0.0744500499572795 -0.0350036248064778 -0.000634785216697922
-0.089914236163618 0.0513637849981221 -0.030365240762612 -0.0207533922814536
-0.107663181793703 -0.0218530765617925 -0.00527744752336306 -0.0364908475330324
-0.0517943420403595 -0.0986599378773425 -0.00528494465286804 -0.0229548312927001
0.0153815703561253 -0.137515474519773 -0.0342907950340466 0.00299750538771905
0.0351090727009347 -0.106385920929465 -0.00718043750091512 0.0898009307066148
-4.22853466442129E-05 -0.118933799898535 -0.0422337164101548 0.0838234376035234
-0.0785398181402886 -0.0901747409023459 -0.0110620187629301 0.100649735410447
-0.117476767578096 -0.0103816681479299 0.0437890562040057 0.083939829822566
-0.0667147364775958 0.0603657066644512 0.051466891183607 0.0250786543041931
-0.0164010836705567 0.0720555704426251 0.035747563787507 0.00768938927858308
0.0248936222796064 0.0744196629600601 0.0185224867463301 0.00429837171453346
0.0415688012231262 0.0625932382740349 0.0144231159021879 0.0184626924941187
0.0426514782924473 0.0607748857366977 0.00548697955597552 0.0298126023551194
0.0132802228362702 0.0678460277413819 -0.00981964362332565 0.0317366245922829
-0.0210907294829216 0.06677467886836 -0.0370661228866936 0.0196635799630497
-0.0820854782578883 0.0420748877692308 -0.03691368482092 -0.00777171159638933
-0.0931376262410105 -0.0256761775120178 -0.0117473359023946 -0.028281505186708
-0.037329561330936 -0.0885659123094454 -0.00237141180742417 -0.00988628306589037
0.0227137312381564 -0.115720233273185 -0.0410226931308231 0.0359999567768851
0.0337978596303226 -0.0659560092546644 -0.0284238111138144 0.113725912176539
0.0150062798308109 -0.0856766322343038 -0.0483565855566605 0.0958320348570835
-0.0469608175228091 -0.0756583035865842 -0.0262905115617911 0.0911806370500414
-0.0864487339836355 -0.0195839903907474 0.0180204127549386 0.0815339730951244
-0.0546180234511458 0.0411122230546993 0.0312453653425193 0.0430170299226129
-0.0147047083335403 0.0539004058855982 0.0293320902037167 0.0352672181816626
0.0165580161459128 0.0584961172702616 0.0270387959624296 0.0297059497042679
0.0305134684737739 0.0510379272835777 0.0258392544343545 0.0369293266776781
0.0321149089068289 0.0492668214557038 0.0167238402381602 0.0481612373946095
0.00904417346261325 0.0553179294764982 -0.00477138878481261 0.0507505430940109
-0.0199210735905693 0.0523310069533027 -0.0400664353784844 0.0355340195019404
-0.0678504917023602 0.0263126081098592 -0.0430286217426085 0.000412737719813259
-0.0683806344796798 -0.0295565510188777 -0.0188283885130856 -0.0236439036198086
-0.0165595551941109 -0.0712397864886212 -6.57587227461061E-05 -0.00108403063286019
0.0301614216985511 -0.0793309727000344 -0.046391576248557 0.0604681576453976
0.0258086978888541 -0.0131971514489294 -0.0395889523489238 0.12117715160837
0.0234541332051743 -0.0370042664470936 -0.0458764064885338 0.096568309029616
-0.0126024118240741 -0.0431027251583421 -0.0337819482031164 0.0762208304061125
-0.0429040937332167 -0.0190840118898775 -0.000577126588080103 0.0737739592964895
-0.0311445782226333 0.0181586466362975 0.0165133886198369 0.0549270240780367
-0.00902809434074819 0.0275723130836361 0.0250139659170392 0.0537196597922195
0.00613333034639255 0.032593191222607 0.0331793217686947 0.0473639927173361
0.0149649027303033 0.0313940013031191 0.0330240295339797 0.0489250870987211
0.0169331471408813 0.0321209332608776 0.023196218624999 0.0616617908625356
0.00402897776096462 0.0363704018321187 -0.00501920210977115 0.0644835488551483
-0.0170621943404114 0.0334283788793089 -0.0461658278958502 0.0466350153457469
-0.0476996990478429 0.0100302024023696 -0.0515627241578318 0.0036153204384805
-0.0383560057053763 -0.0287678136968236 -0.025969885388655 -0.0231911206543579
0.00471831188909194 -0.0465602561261611 0.00101848656134129 0.00271534092791745
0.0335594459982848 -0.0333405697533933 -0.0509591757555374 0.0736330613512459
-0.0245599439341366 -0.0201967439850118 0.0453387536943379 -0.0823816743401149
-0.0165522114855342 0.0128890058981404 -0.0129541360837128 -0.0187140665976085
0.00363074150573977 0.0220397470022738 0.026572014465289 0.0344307949680411
0.0174228497134903 0.00414145843681854 0.062795461367366 0.00570455405399031
0.00795466591932627 -0.00851978750971081 0.0580214763567434 -0.0496364818811211
0.000632379428640584 -0.00726717412885217 0.0124028981683992 -0.0821612083244769
0.00393042021535342 -0.00921350003325134 -0.0266281417038853 -0.0728848937245913
0.00540344096908889 -0.00814405444999614 -0.0393202041248957 -0.0568137005441333
0.00745645170787301 -0.00359330021170149 -0.0409565133369071 -0.0554313658305746
0.00773944997207142 0.00351999420460891 -0.0301384886636648 -0.0621374240479097
0.00882415866827533 0.0108163760276747 -0.0116296847254345 -0.0645870888521109
-0.0044814680864159 0.0213839092237816 0.0137062097186493 -0.0653514521506294
-0.0236618705222065 0.0167280237272461 0.0336002120380378 -0.0674095723234075
-0.028116038722647 -0.0149520214276225 0.0290596455161168 -0.074005373775405
-0.0179550853515289 -0.0351551669742042 0.0265026695680448 -0.115721788820789
-0.0200263578600424 -0.06640046788103 0.0520458500837465 -0.0613811588516697
-0.0341387471395273 -0.0272965184114595 -0.010607288040353 -0.00727582105006538
-0.0356951082234214 0.00507064151369609 0.0337122222572732 0.047555273332397
-0.0204463124439547 0.0179512081145822 0.0766127245461787 0.0153352610686873
-0.00459246737197349 0.0185691558603326 0.0676668857563934 -0.0505677440865063
0.00306319227581801 0.0192371206582622 0.0190692044762485 -0.0841981602995278
0.0193139403042685 0.0169413290655091 -0.0237163178257227 -0.0737511682902349
0.023514929465261 0.0159093230775846 -0.035665022943504 -0.0527681049292304
0.0218418917579974 0.0228411550681876 -0.0398929594994676 -0.0491637756272554
0.00554924365500741 0.0322917512965185 -0.0309621794143313 -0.0543457354031942
-0.0100413485143381 0.0348441625254303 -0.0166677602713288 -0.0575950335250711
-0.0442983792846432 0.0273705659551344 0.00532292558535915 -0.0581526319880521
-0.0576365075994422 -0.00712421983284769 0.024092407428221 -0.0608054729840175
-0.0357982078750656 -0.0572215034514765 0.0115786526577155 -0.0671331963265186
-0.00556480792068298 -0.0850500335001356 0.00845981363061379 -0.10058235574139
-0.0081969005301607 -0.104852890399651 0.0492320665668503 -0.02866287823101
-0.0419906476389412 -0.0706830379747683 -0.0122893607384404 0.0120044142267958
-0.0726032422020055 -0.0211909289986414 0.0343824021743583 0.0667636826396627
-0.0640569298557515 0.026560024945823 0.0862612272338407 0.0324497674633301
-0.0224457440591977 0.0455880548454164 0.0757628999590865 -0.0418106775310151
0.00188407604548418 0.0458356998454022 0.0281708496481415 -0.0751976029685123
0.0297936665947492 0.0428892058505671 -0.0159075519755363 -0.0654407580692268
0.0385369027730187 0.0376398861604729 -0.0270488853448402 -0.0413301768143435
0.035635715595059 0.0432331321543258 -0.0333744059183606 -0.0342385034761136
0.00805004424994484 0.0551134791577522 -0.0298062508270801 -0.037275739517654
-0.01896756294038 0.0574399216823758 -0.0257198260952034 -0.0427803074666729
-0.0723170160979175 0.0412464115941833 -0.00817056879256256 -0.0486662663825529
-0.0884701472816172 -0.0162068543543474 0.012122065923385 -0.0540431843936235
-0.0481876635185545 -0.0851911181762598 -0.00179891566640229 -0.0547567822634204
0.000743369532295689 -0.122049854426385 -0.00987951974560083 -0.0715130829192304
0.00759073459289637 -0.126586406260908 0.0380214752040636 0.0103098519536201
-0.0386017866553922 -0.107587291974712 -0.0197598167223884 0.0365461791564923
-0.0970323924042226 -0.052171110040646 0.0261989828657269 0.0861379051331371
-0.10242274716267 0.0237632899088009 0.0849645484344396 0.0535569653852662
-0.0432742963580531 0.0660554429456948 0.077287289501593 -0.0243757769444492
-0.00326057088097272 0.0672556801880777 0.0356472445395253 -0.0548239790830247
0.0343608474413457 0.0639048174537885 -0.00475631210788007 -0.0473849218179291
0.0475286933671128 0.0540251753384839 -0.0137296161368275 -0.023820295080098
0.0455540122821266 0.0565216115278684 -0.0216088409167539 -0.0133746912165028
0.0130968630097084 0.0687055447979885 -0.0250066855710336 -0.0144092858735116
-0.0210972639478767 0.0718098612525562 -0.0321572413193522 -0.022066152927898
-0.0859123012890608 0.0531833577719791 -0.0207949277833624 -0.0353396991925267
-0.106216658489001 -0.0170115867777153 0.00195859736956759 -0.0461246666870441
-0.0568245480428075 -0.0964504107457198 -0.00683175851763648 -0.0379358394164137
0.00477144052338242 -0.138764106537669 -0.024666958009879 -0.033439306278999
0.0225443023752666 -0.128135311451793 0.0181058954492262 0.0527082652331496
-0.0234593028327237 -0.12602071708613 -0.0296490353162528 0.0628841928284282
-0.0996931215143148 -0.0771314325228682 0.0101245859683695 0.0991552553549219
-0.122359890061009 0.0109808066166386 0.0699165413363885 0.0719309002077383
-0.0596960553622462 0.0715384349366948 0.0688535904570174 -0.00024447961619298
-0.00935096241288866 0.0767787109175989 0.0387424653408345 -0.0258679383574017
0.0334363697783904 0.0744162533529024 0.00768439518257622 -0.0228403085410916
0.0491778804018301 0.0611674635060582 0.000694989072810569 -0.00256869864236205
0.0492142083875575 0.0610116299327081 -0.0070781292738918 0.00816140091361021
0.0166666093443342 0.0716537520932249 -0.017034573163702 0.00932468717645952
-0.0191519769195332 0.0743609818729032 -0.0351386716050589 0.000728541042462787
-0.0866710296856843 0.0551408866943955 -0.0294086329850582 -0.0198194843161075
-0.106335516453208 -0.0174026573927391 -0.00623630993351323 -0.0372219025117169
-0.0542101583441475 -0.0957450937769326 -0.00543054288827041 -0.0226196286707305
0.00991331190650266 -0.136106561827019 -0.0330537137005124 0.00444687830347443
0.0310143388239757 -0.106373948012937 -0.00432410375802955 0.0895916893519471
-0.00407724190053185 -0.117938156189903 -0.0393478866626075 0.0834385382076487
-0.0806271663578364 -0.0859797156143983 -0.0087905429611059 0.100361289562182
-0.116186986038636 -0.00580168260372842 0.0459391615179047 0.0817163908059393
-0.0633992593290957 0.0619096123249703 0.0518508883732638 0.0242578215934149
-0.0131977328509292 0.0715437901725596 0.0361810534294962 0.00573637292428767
0.0278171266063424 0.0716358108253988 0.0187937129244785 0.00375253042686286
0.044328052708701 0.0598442022162347 0.0146915206336476 0.0176003494463799
0.0449646747379502 0.0577388452226173 0.00673420404543534 0.0288118066047705
0.0156613477649152 0.0663753596040546 -0.00872341731447368 0.0311939270771612
-0.0184298919240914 0.066824312574364 -0.0355019310947598 0.0204795016803497
-0.0792304228428411 0.0451523837684374 -0.0362021304411254 -0.00691367480557494
-0.092335810694673 -0.0213111826928148 -0.0124779900181714 -0.0285227832387023
-0.039391225148644 -0.0857502330860684 -0.00218716850881878 -0.0100529832337008
0.0180300379887082 -0.11492559162432 -0.0388821128664493 0.0372814329708983
0.0313743322010418 -0.0662350258531003 -0.0249893682009097 0.113902190188756
0.0126043571389337 -0.0851325037273513 -0.0451685533284625 0.0950387875287231
-0.0487879908186556 -0.0729357995944863 -0.0243258045098064 0.0912654252686683
-0.0865767940860688 -0.0157760318874563 0.0206600503671563 0.0800945633967015
-0.0524093503065825 0.0421554491794389 0.0319576270374956 0.0424450058815109
-0.0126091822052306 0.0535369661817983 0.0308620157041209 0.0334695273235693
0.0190591952788111 0.056297646691405 0.0280796723468907 0.0282581793323094
0.0329423606010321 0.0487540452242214 0.0269996980823062 0.0346039205543858
0.0340837957939787 0.0477500412610653 0.017994168610601 0.0465318565034609
0.0113245530843375 0.0541700425941226 -0.00328306912969324 0.0492909509743381
-0.0179598579473962 0.0523233818361643 -0.0380471818642611 0.0366693461329685
-0.0657003239002014 0.0296765353040358 -0.0421343699789089 0.00156352107907045
-0.0684476670605176 -0.0266454348569615 -0.0192536511227465 -0.0235879553510857
-0.0182596258626606 -0.0699123188835359 0.000106120904786114 -0.00174044369066019
0.0264611819871708 -0.0792677369112153 -0.0432954597114214 0.0615062099289889
0.0250359502640251 -0.0141805317795444 -0.0355993860617597 0.121350526172986
0.0220657604930965 -0.0376923048094212 -0.0430868446729716 0.0960376652707369
-0.0136611113166695 -0.0424149099162072 -0.0318164196548264 0.0765244952754686
-0.0430851681078794 -0.0171982699149601 0.00150036426364278 0.0732490439749728
-0.0302535710430367 0.0188579338957521 0.0177703240996119 0.0542342364925758
-0.00817386050418121 0.027562336898212 0.0273642624625276 0.0518264651094893
0.00770821840992316 0.0315563699688073 0.0344815467205617 0.0451331922566344
0.0162177300562912 0.0300021685104584 0.0339442770583892 0.0465828715098584
0.0182649711493688 0.0304750929768503 0.0245417936920352 0.0592620061873192
0.00586412887577354 0.0361880086392323 -0.00294437588029571 0.0626822686562185
-0.0153002969495112 0.0343141214423498 -0.04355858808258 0.0470130534593755
-0.0466735819468098 0.0118917856371212 -0.0503907608841181 0.00459171813681942
-0.0385945453709332 -0.0271266985376507 -0.0262656482513658 -0.0230377245475142
0.00368359540323795 -0.0459510456568643 0.00135377757684042 0.00174123877335888
0.0315252552661087 -0.0335242540298839 -0.047396002902183 0.074517231436243
-0.0252270407206437 -0.0201523958057101 0.044698971822785 -0.0820845058822653
-0.0168052721878178 0.012868385505661 -0.0136200624739196 -0.0180427103751932
0.00357776520737999 0.0224525910919506 0.0273313741459866 0.0340539230568456
0.0173030638777191 0.00383732104867623 0.0628155833284496 0.00562371373903854
0.00827597718799582 -0.0082322043610442 0.0575936407925534 -0.0498464467836315
0.000591292096035114 -0.00700440826337306 0.0114599018814618 -0.08102437496124
0.00369809243164144 -0.00978462181348613 -0.027370787665385 -0.0715912943407831
0.00520025532773924 -0.0080808361282533 -0.039551903369449 -0.0556168520505634
0.0072046101659938 -0.00375704989512223 -0.0416403389894189 -0.054137341344572
0.0079379822332705 0.00355071239602196 -0.0309857309265427 -0.0611058752855467
0.0090234852631626 0.0100236759474612 -0.012098272319414 -0.0642794251172847
-0.0042879572925523 0.0214414011453367 0.0132422255930784 -0.0657651740718316
-0.0232184700733708 0.0167177134752247 0.0331212621450501 -0.0669302185066894
-0.028671590411725 -0.0152601549342701 0.0296908689082075 -0.0723249400269394
-0.0183162956013866 -0.0349110985161745 0.0257649276486061 -0.115065112576604
-0.020765521554782 -0.0664285493877946 0.0514434931566784 -0.0614228481211217
-0.0339658062018595 -0.0265348070635662 -0.0112178893776435 -0.00712977754969174
-0.0358779752396859 0.00609552299273499 0.0336890923737985 0.0480023494944272
-0.0197279039361545 0.0186958403865703 0.0770738069852097 0.015003355901597
-0.00372459008222104 0.0190213487785108 0.0673569254482693 -0.0497077004369278
0.00382867400004379 0.0190386873175525 0.0181037146414601 -0.082790294615976
0.0190651208116352 0.0162558219876973 -0.0242160678019283 -0.0723210328280674
0.0238538700688527 0.0151327571887661 -0.0363014706481758 -0.0518093012404369
0.021952219607321 0.0217818614682213 -0.0402859244113243 -0.0473600152234849
0.00604304417904859 0.0320328511734092 -0.0315544513916692 -0.0532570101183867
-0.00907554860446182 0.03471189082793 -0.0176721607241437 -0.0573938342957683
-0.0431852714422472 0.0285698947464741 0.00562815813607644 -0.0588830277251352
-0.0576469521482869 -0.00622095688418995 0.0235643810488491 -0.0609836254527305
-0.0362252667409806 -0.056904875630279 0.0119210629582337 -0.0657992176461883
-0.00659026448260371 -0.0850830040536954 0.00827095908046729 -0.0996979533777303
-0.00954302256239499 -0.104468764268012 0.0493056577781446 -0.0289389712993853
-0.0429222382103315 -0.0700333992960888 -0.0129045553267408 0.0121535571898262
-0.0724227363514124 -0.0195811343834209 0.0348101051235425 0.0663094917967403
-0.0632491055076437 0.0279295235889223 0.0865280578535423 0.0317365440373548
-0.0220228687122373 0.0461335494969764 0.0752614829592969 -0.0411951787292027
0.00266928920896981 0.0460951770396506 0.0273350024558864 -0.0744497268823172
0.0302755123662184 0.0419515648629394 -0.0157260288414241 -0.0638925807454484
0.0389647143622614 0.0359355663659469 -0.0268250716840122 -0.0403967339995515
0.0362123814449117 0.0420152681020131 -0.0334290476945354 -0.0327566675738224
0.00888920882625216 0.0544909437190591 -0.0306195210297519 -0.0366303212241036
-0.0180163233058154 0.0573421084568824 -0.0257668131097658 -0.0428431820623215
-0.0711086441783173 0.0429443171468448 -0.00765924431690248 -0.0492270287247936
-0.0881049961589453 -0.0153544507523947 0.0116512459800877 -0.0546261181795254
-0.0489591843514799 -0.0842954958844941 -0.00154878078260652 -0.0536092284989669
-0.00113847869680598 -0.121250712836414 -0.00979465168515228 -0.0705663756051331
0.00676888300546257 -0.126163342655466 0.0387406088215732 0.00997751160073116
-0.0392906327692042 -0.106673021110042 -0.0197678695174732 0.0362016560782375
-0.0971031047098718 -0.049910343314498 0.0265326884740293 0.0859726102392384
-0.101490821656881 0.0257708633399929 0.0857065310070698 0.0530992022847413
-0.0422943686904631 0.0659616276477909 0.0770752395746265 -0.0235674457042323
-0.00221137328253419 0.067115676820503 0.035045256937487 -0.0547239961112392
0.0352876373952963 0.062297623855024 -0.00441815597371005 -0.0462961128373673
0.048368896853438 0.0518092326617305 -0.0140674162681425 -0.0234888569679281
0.0461501447391679 0.0549053504810161 -0.0214256984105291 -0.012653914559429
0.013813534804624 0.0677980416263996 -0.0254097157421686 -0.0138603289050335
-0.0193267582827046 0.0711544369773916 -0.0326174615611256 -0.0218626020202449
-0.0838357239382205 0.0544673002890047 -0.020400682087447 -0.0353205242396719
-0.105326463840843 -0.0154550641882412 0.00160412479550567 -0.046749317157025
-0.057470875742313 -0.0956668664593086 -0.00645125899788003 -0.0374301577533011
0.00290648750302938 -0.138041140736245 -0.0243621567759192 -0.0328184808919755
0.0212117665938334 -0.127668134093732 0.0185114041170739 0.0526601103514498
-0.0242719436796208 -0.125566407383964 -0.0299837412141439 0.062236751854818
-0.100346222613021 -0.0758221200813019 0.0102651443336371 0.0991222016957056
-0.121856378058292 0.0131544881319917 0.0704038919838811 0.0716915965185277
-0.0582627141033823 0.0716194083049546 0.0691686311035752 0.000500073458297519
-0.00773832593775388 0.07643265094242 0.03801070530856 -0.0261740710984156
0.0344148784499182 0.0727692566394234 0.00773087087817763 -0.0222024931829089
0.0503440310062196 0.0592862563183361 0.00105349050425242 -0.0031111896656132
0.050030745291719 0.0594491213205322 -0.00686977219503381 0.00861328809674046
0.0173360284192999 0.0706277156291544 -0.0169884908015741 0.00920766891295943
-0.0182021885215492 0.0740781578838513 -0.0347387926246964 0.000550389633491881
-0.0850542885382729 0.0567241295613747 -0.0294892723640262 -0.0203183578616178
-0.106120702338631 -0.0160258772446225 -0.00659759518530246 -0.037351536648247
-0.0544717073594656 -0.0943981396830115 -0.00524191408294124 -0.0222010181406998
0.00812105281701752 -0.134993503352358 -0.0325879923670947 0.00521425850027633
0.0304501253383292 -0.106359202965062 -0.00416681458578145 0.0889935809283363
-0.00444293661214244 -0.117668819596927 -0.0394029072084683 0.0825514428253421
-0.0808614503647129 -0.0849496079317976 -0.00845601571206532 0.100065345055002
-0.115432446654099 -0.00402768674931241 0.0459017458604454 0.0808811068480908
-0.0626463040168789 0.0619602935172818 0.0520314966970764 0.024331681667018
-0.0126377783262121 0.0710600892406417 0.0367162672033946 0.00526275602493053
0.0287032681181527 0.0705112166365868 0.0190841289338816 0.00431636258591533
0.0454618323828336 0.0575506448916971 0.0149810506293115 0.0169224209706894
0.0456011322826939 0.0560883441744091 0.00699661355723756 0.0283172726926069
0.01664595570965 0.0656486178382064 -0.0085347705504553 0.0304184013894395
-0.0174801696810365 0.0665273228861779 -0.0350493890478951 0.0203994588269266
-0.0777340562935529 0.0467128409553854 -0.0352743433994427 -0.00720437376079575
-0.0917391121533046 -0.0199675349305352 -0.0131416408239577 -0.0293319100331815
-0.0397140128689946 -0.0851846537963713 -0.0021141001524855 -0.00979474321837213
0.0160877463940735 -0.113311806128295 -0.0380400180025186 0.0377271134935139
0.0308551216546205 -0.0661889808118268 -0.0242927149825785 0.113681425179029
0.0118870836365907 -0.0851684546938366 -0.0453175659667874 0.0941327841909975
-0.0488953360370679 -0.0719121216924671 -0.0239677888328383 0.0909109368718863
-0.085377296383487 -0.01503784545805 0.0204680522260521 0.0794284830872307
-0.0520747110328062 0.041971234566188 0.032331097349028 0.0423387476402563
-0.0119896784105534 0.0530941037976495 0.0314779105962405 0.0324024779519445
0.0196899825248462 0.0551962300106711 0.0283138518902355 0.0278588220693952
0.0337272558736088 0.0469585061200267 0.0264121011493933 0.034223820575893
0.0344993129410452 0.0461724994279626 0.0185169650529793 0.0452488518101619
0.0122579415357968 0.0533102029303954 -0.00338516245851764 0.0482569268193964
-0.017144559320338 0.0523996188250524 -0.0380427973817747 0.0362287871394452
-0.0648692115120195 0.0305173333395083 -0.0418109868282598 0.00107200264189635
-0.0678329515760208 -0.0250240442262898 -0.019079362118811 -0.0243053143004076
-0.0181832237189369 -0.0689101800695983 0.000316297030515164 -0.00184264484165156
0.0251153735903299 -0.0784006754974454 -0.042398389191749 0.0618152170500007
0.0246048422044524 -0.0141216097335604 -0.0354782261150281 0.121036439638596
0.021541041969031 -0.0380051146655883 -0.0422400563718201 0.0946516493663645
-0.0139921188476008 -0.0423422282699742 -0.032316633491606 0.076095799884362
-0.042804064153677 -0.0168605154047107 0.0015598123225671 0.0725259898025723
-0.0296450199854381 0.0187100479218587 0.0177051464572127 0.0540804764214467
-0.00816697207944292 0.0272825793758307 0.027630490825557 0.0506230174097499
0.00801278015199666 0.0313353970129267 0.0352185409508243 0.0438300495419527
0.0171142891109053 0.0292899460047139 0.0339963310764378 0.0455985430796172
0.0184361913529277 0.0301407389630026 0.0247920663395303 0.0580298039264864
0.00629050749142396 0.0356668612285952 -0.00248123083451413 0.0617586036732459
-0.0150417823056098 0.033931526634472 -0.0429812595271896 0.0464541498674585
-0.045973779883926 0.0127348348207257 -0.0504644898870042 0.00435173410027083
-0.0383411588226361 -0.0263130847290616 -0.026195279079639 -0.0234467360529503
0.00329092048444563 -0.0454434489282127 0.00157430982697706 0.00131703217740733
0.0307430877523174 -0.032901578048094 -0.0462739297324738 0.0745114813638384
-0.0287827446696829 -0.0151140805332842 0.0303568393950374 -0.0963172158077105
-0.01428455416699 0.0158435702746017 -0.0185945587781651 -0.015893748989401
0.00830819727403305 0.0215762009796647 0.0331045425467269 0.0314942310555835
0.0185999219222038 -7.5517098982594E-05 0.065885089794594 -0.00365048911371341
0.0065796919312079 -0.0102738586022941 0.0507634736699545 -0.0609309630890313
-0.00148268443405145 -0.00701323916944381 -0.00312981664337599 -0.083074729129325
0.000520963851097555 -0.0104163293579724 -0.0391987592954852 -0.0663633985103509
0.00262384907911911 -0.00925219463119287 -0.0500162615672178 -0.0476690917976995
0.00609094099276599 -0.00543772649547837 -0.0529405790263711 -0.0465085720504245
0.00848406430957273 0.00116474027900781 -0.0446599147296633 -0.056060616486201
0.0105779098197903 0.00724274179900487 -0.0252792201867767 -0.0637292149388368
0.00140602803020104 0.0211933018384514 1.70484903471328E-05 -0.071339913042277
-0.0184722404449201 0.0199578540995688 0.020325223395892 -0.0760270123883459
-0.0312275469734353 -0.0104115647741611 0.0184584167616628 -0.0798688024098354
-0.0239276772577285 -0.0331295167446899 0.00703123433543132 -0.12219040040907
-0.0326038892426454 -0.0609506347202713 0.0436883827622355 -0.0776806036562789
-0.0383374628024067 -0.0193748190635356 -0.0136391138463558 -0.00678222665654698
-0.0327769373585997 0.0133722369361059 0.0420294910223565 0.0406397082580725
-0.0140863997874589 0.0222114541150077 0.0797460610229566 0.000617894048769325
0.000170652232681961 0.0183394830393582 0.0585671205670286 -0.0621337011398367
0.00636267489461739 0.0179981832424037 0.00259953064714985 -0.0857226638714037
0.0210515311977563 0.0112591043054935 -0.0375850031651786 -0.0657254427169035
0.0257343182507121 0.010090671109517 -0.0455384338811873 -0.0448809035173369
0.0257633430739899 0.016847880634556 -0.0501814722387705 -0.0403919668228766
0.0117476567978352 0.0297559448334895 -0.0444342115337866 -0.0486932048129739
-0.00283728500840267 0.0339541913667141 -0.0299810924734822 -0.0560110160023937
-0.0360466782117305 0.0351102500380041 -0.00615216911185182 -0.0636184494242318
-0.0559578215907098 0.00394020006042502 0.0133776951100786 -0.0695063788336495
-0.0468378835429794 -0.050371394668529 0.00340079802877701 -0.0673333386541201
-0.0224073336497747 -0.0853607941625113 -0.00655849738558463 -0.0997999963844049
-0.0276892786014276 -0.0992427212283659 0.0500114991673541 -0.0445198110416811
-0.0554196148294043 -0.0600895293529742 -0.0103612859494606 0.0116107703666266
-0.073944259975106 -0.00374226696880861 0.045758709431548 0.0557970015534066
-0.0534016340881199 0.0401231609702405 0.0904124194977942 0.0131448291361037
-0.0120051183723974 0.0482427551517175 0.0665861681999318 -0.0548181924088658
0.0107589458847584 0.0440802606416977 0.0120905927045713 -0.0785574476542711
0.037217828647231 0.0334392645903788 -0.0293031445719811 -0.0576046266518555
0.0444792424494113 0.0275810137897691 -0.0346127002728297 -0.0353893557381806
0.042609736312444 0.0337478297530879 -0.0402826467683603 -0.0272463559643041
0.0185700932117 0.0517186339258377 -0.0402791059255278 -0.0321757444695043
-0.00754637936210819 0.0575712873878143 -0.0366473072092526 -0.0387777574826046
-0.0606112064081582 0.05451283141282 -0.0175628066206969 -0.0515380678671116
-0.0871999814583503 0.00137421566431302 0.00282082014796366 -0.0623752162387929
-0.0646661266928407 -0.0751331590494125 -0.006917864090812 -0.0515414060651755
-0.0242362802760429 -0.121941161987607 -0.0187259188106511 -0.0644984833643158
-0.0164542232925606 -0.123243372153573 0.0475762258980482 -0.00205413175389476
-0.0584163527052698 -0.0961437855958071 -0.0115466996940545 0.0366968696627897
-0.103289400241889 -0.0286332218462055 0.0415081687816082 0.0744768643149839
-0.0910002112136189 0.0463621168085474 0.092321667990226 0.0319875407992804
-0.0279711862194372 0.0715388804958442 0.0696423595769488 -0.0369673243163904
0.0102415984107073 0.065776164986147 0.0220402195784721 -0.0597699492437281
0.0465585074653941 0.0523660129330117 -0.0160049819379035 -0.041169022181622
0.0565605820766837 0.0411236374586515 -0.0183385330346659 -0.0207034439223123
0.0548880516936152 0.0444580943583907 -0.02458279332657 -0.00959916502590802
0.0260740258041896 0.0636564271439565 -0.0307732500415705 -0.010331567217703
-0.00675827616831701 0.0717856268956111 -0.0386345757320683 -0.016578753295701
-0.0713680725162942 0.06890097144113 -0.0280347127311091 -0.035880121992285
-0.104484524756685 0.00409207925084336 -0.00628369803280009 -0.0532737438847504
-0.0752306247775887 -0.0841972468069933 -0.00795581250548132 -0.0338249692209286
-0.0239670684972589 -0.139150026901685 -0.026251961720536 -0.0219026360797071
-0.00210801091140325 -0.126507084127655 0.0358388277122278 0.046070059674213
-0.0477677715092427 -0.117534330431104 -0.0155946428730199 0.0645815428912076
-0.111342433864053 -0.0527268696785131 0.0286682412759438 0.0889845225502889
-0.11350122616255 0.0385142495369344 0.0804771829159124 0.0513916787542186
-0.0427107112791048 0.0803818251786375 0.0650377427485996 -0.0115004292105749
0.00617478744983317 0.0759233587288066 0.0303705711113214 -0.031637295002219
0.048191204107517 0.0624466711376948 -0.000610037661889774 -0.0192290762372911
0.0602254787996657 0.0483413235885133 -1.57540626693593E-05 -0.00352623892531278
0.0593420715248574 0.0481092527481857 -0.00605878246890337 0.00903352611306863
0.0299545098964433 0.066163671569734 -0.0174777114528022 0.0116267932098524
-0.0049844809728273 0.0745013982950798 -0.036669906230638 0.00705461020046996
-0.0722732714891244 0.0708970208063263 -0.0342436709730462 -0.0185251710251505
-0.105076662578309 0.00422979375659521 -0.012764918481164 -0.0427349462933137
-0.0726338303398679 -0.0832081570589153 -0.00401259865696369 -0.0186127258159004
-0.0189003953361997 -0.13638920607559 -0.0277754544690453 0.0184251842795945
0.00995235921594974 -0.107854003145618 0.0187805659316743 0.0905303073773306
-0.0261106374243312 -0.113648279350519 -0.0212934716376995 0.0886486343454897
-0.0944094650990362 -0.0658379170919112 0.0112952244344464 0.0954872563148883
-0.111048769744091 0.0209800345925303 0.058436871385937 0.0655970253812413
-0.0485866274007658 0.0717575468023598 0.0516680370056967 0.014928463073073
0.00142534493151726 0.0715712321817676 0.0344795638016248 -7.75914781466283E-05
0.0425960710959021 0.0614776497734038 0.0156879396714373 0.00444768464292313
0.0551670719401948 0.0478671889020523 0.0179556769592574 0.0143603053486643
0.054624671450322 0.0463382961767471 0.011846202982839 0.0261444728089923
0.0281578492347806 0.0612863041535683 -0.0046365199401578 0.0316183568416318
-0.00578788787088606 0.06723865127286 -0.0335202269416036 0.0272122324502528
-0.0671333492475383 0.0596407634618317 -0.0380712639051545 -0.00329935966570723
-0.0919222345136388 -0.00237126324208348 -0.0177938113481449 -0.0318385475500591
-0.0558793079669601 -0.0765431068092847 0.00085984575110609 -0.00742484124984548
-0.00677899300274486 -0.115895121238727 -0.0283262015821623 0.0521479628651066
0.0174310769776678 -0.069245789217628 0.000803697003415701 0.121303111954811
-0.00400031028114092 -0.0850399488023959 -0.0255898081259573 0.103291862562281
-0.060770415129103 -0.0595959870458623 -0.00620006224418029 0.0913210502733094
-0.0847883730233761 0.00385627914461296 0.0337016345234621 0.070582674589944
-0.0420541516914082 0.0508176576072361 0.0364079797687503 0.0370042687186766
-0.00134018435569877 0.0539309339355993 0.0354253672511851 0.0279487704798212
0.0307145788130146 0.0489231101143934 0.0299103106832277 0.0253383486925134
0.0418396389620075 0.0399304926183608 0.0322764701975601 0.0291456499010223
0.0423826501042073 0.0388175629668646 0.0263423119268481 0.0412313715806557
0.021976141817256 0.0502287425817055 0.00432779718676377 0.048914189585227
-0.00777825567945181 0.0537065960590245 -0.0323370897771916 0.0435569707977052
-0.0580821513513861 0.0414169127611913 -0.0431299954749316 0.00725627286348126
-0.0700132033956667 -0.0117025832770659 -0.0230443400897474 -0.0243971825388875
-0.0313958892129749 -0.0646519050302157 0.00352251684789235 0.00026643279439667
0.00924030139224626 -0.0816668068738586 -0.0299645975928728 0.0757849574408626
0.0210382273730563 -0.0178264817825178 -0.0119633744557462 0.133708071571329
0.0148046106131172 -0.040360632365059 -0.0245312254781365 0.10548454974542
-0.0213225153522453 -0.0379251002933173 -0.0171287990568936 0.0812816194569265
-0.0443568452567818 -0.0068722782513053 0.0139427702044088 0.0700184195212742
-0.0252129949813127 0.0238957260869636 0.0258693522127517 0.050795888286373
-0.00271503752201838 0.0275955520232608 0.0368779726822837 0.0464635376452213
0.0150858893236392 0.0284979647575829 0.0409836639897819 0.0391000430657832
0.022485444066898 0.0255718685477041 0.0418306071194282 0.0392379397307473
0.0240711233683558 0.0261210688092749 0.0356276861277255 0.0529549273674045
0.012951715685191 0.0343035705022135 0.00781016789992637 0.0620918602617835
-0.00924337283955172 0.0358317199771513 -0.0355617087004586 0.0557864908760063
-0.0435201843968598 0.020407594161461 -0.0502261161922635 0.0131693479026955
-0.0420051107914694 -0.0186857771877908 -0.0300311888155847 -0.0209426479977026
-0.00521105221752047 -0.0455541226865544 0.00348020627212687 0.00243168894333176
0.0235847875335029 -0.0375349870904854 -0.0330320424524228 0.0876754572503377
-0.0307510422003058 -0.0157246525527687 0.031085284278534 -0.10038812313888
-0.0153140317189016 0.016648674835257 -0.019939296767007 -0.0156449817831159
0.00920377341088118 0.0229928873478364 0.0352546953464034 0.0322195839399668
0.0192514296969228 -0.00024707391070996 0.0686853699375838 -0.00441230531996801
0.00718090344144369 -0.0109763171687908 0.052122097873893 -0.0633582947368747
-0.00122723219151031 -0.00695930987673657 -0.00420860637470801 -0.0857480290194508
7.00430996305292E-05 -0.0107210920829421 -0.0408156524832265 -0.0676045577718667
0.00257050289323392 -0.00989891201273485 -0.0522808898257377 -0.0492343555326762
0.00602569523846636 -0.00548247038493318 -0.055573462636653 -0.047013316543911
0.00894804981929335 0.00109757842922207 -0.0473881777196193 -0.0572497853822993
0.0109805882968921 0.00679203751263763 -0.0274849968732483 -0.0667236439429304
0.0019934074266086 0.022360906854835 -0.000519942124684062 -0.0752886536518328
-0.0186493579896861 0.0206684308682683 0.0209846142707581 -0.0791545815823888
-0.0330078929049891 -0.0109443874126 0.0198197239798883 -0.08234836093325
-0.0256201075521664 -0.0347435185598168 0.00645019659217358 -0.127478888896915
-0.0353331835360798 -0.0624358694665046 0.0449960337350994 -0.0815309539725374
-0.0409399725336381 -0.0200273817822773 -0.0145703850788201 -0.00670260765995507
-0.0338891426472374 0.0154722062033891 0.0442606912494736 0.0413552876722864
-0.0139397259240083 0.0239174703931427 0.0832777057405279 -3.674905374674E-05
0.000741128011599632 0.0191417135503187 0.0610998517703871 -0.0653529982713495
0.00742057518845108 0.0186934850351241 0.00139432495957035 -0.0889883883611619
0.0218356991120263 0.0106414466028735 -0.0394672386884073 -0.0670864111253939
0.0265933636998179 0.00942521802448876 -0.047397446189685 -0.046014199910958
0.0266451656769222 0.0167783662419091 -0.0524517875962519 -0.0411060107955545
0.0130689062680878 0.0309834124956918 -0.0468812570684614 -0.0503870198446685
-0.00236690726398769 0.0354018532608166 -0.0322261364508718 -0.0584538415683128
-0.0368126985015182 0.0375367943421902 -0.00681655845751246 -0.0671287996397267
-0.0579830766709946 0.00496290596960616 0.0134398247914913 -0.0727891480302725
-0.049888872283517 -0.052535958580498 0.00425621102910539 -0.069318317786646
-0.0248760882522959 -0.08839787444553 -0.00747791494800751 -0.104057233169956
-0.0304435323997308 -0.103050406982095 0.0518776392044755 -0.0467328558832968
-0.0585638925789183 -0.0618618368733534 -0.0113026075497371 0.012419183722608
-0.0769016672763031 -0.00214962562332403 0.0484436136785974 0.0577303718884932
-0.054804769719824 0.0430475018581359 0.0946341483537713 0.0130376810537732
-0.0112332820563899 0.0508058945455608 0.0693856339647426 -0.0576694964024056
0.0124783772292992 0.0458419452310605 0.0115517357408916 -0.0814489791946846
0.0391415043750155 0.0339093185029521 -0.0303542441464991 -0.0589744204946812
0.046511213557051 0.0268805581358818 -0.0361863086668504 -0.0365224710349749
0.0451402919579798 0.0337257134898848 -0.0424017946932976 -0.0274546844933974
0.0200694886190108 0.0531793030255887 -0.0425667219937433 -0.0326272006870367
-0.00680291240628998 0.0598572268719523 -0.038616552727191 -0.0405519701838422
-0.0614871108684735 0.0585048725759285 -0.0184171476222665 -0.0547425093594
-0.0908727329494649 0.00283433988752735 0.00254317484099035 -0.0651618719633435
-0.0685815260892617 -0.0777109659185155 -0.00643898712908377 -0.0531716554256107
-0.0271448324220812 -0.127292878929933 -0.0196400773759027 -0.0669408246870243
-0.0186539954475326 -0.128254238645887 0.0502076980832254 -0.00254629000825579
-0.0619729333808741 -0.0998780760382578 -0.0127995835307307 0.0380566666167047
-0.108492816390219 -0.0275621827047812 0.0439892504866323 0.0775922499497221
-0.0936849616923245 0.0501548031724487 0.0963567048786122 0.0322429217569131
-0.0282434052860248 0.0753410394933193 0.0731881844321116 -0.0390244935146073
0.0118017076511673 0.0681490693383983 0.0225236359926523 -0.0621655479554313
0.0492294491406888 0.0533237125331347 -0.01634285643953 -0.0422406313054416
0.0597276592147038 0.0409758785800976 -0.019567957832885 -0.0216463405021701
0.0580483973634502 0.0451190486292052 -0.0256906338527309 -0.00952950887547046
0.028091439090743 0.0657158669003023 -0.0325473411757489 -0.0107203246002035
-0.00572515647975917 0.0748700484548959 -0.0409943066432315 -0.0170039941722181
-0.0725907927743567 0.0735654880176629 -0.0293490320381241 -0.0378381315644201
-0.108511773006145 0.00631484719201332 -0.00718694377240693 -0.055542898030001
-0.0793077013148368 -0.087191819947896 -0.00798377588803012 -0.0352417391241449
-0.0269828667649265 -0.14444322367975 -0.0266613706258528 -0.0224278892428183
-0.00349810977051641 -0.132095986078664 0.0381346824587048 0.048003986239283
-0.0509068362059264 -0.121801823954931 -0.0164223355229837 0.0673627962720911
-0.117070884417636 -0.0532361611961694 0.0306072524292053 0.0930789509516124
-0.117278022181272 0.0420430544407885 0.0841456045178322 0.0528157413819228
-0.0432741266100066 0.0847279919060164 0.0681060318854214 -0.012425419019094
0.00760319973616777 0.0786599840679787 0.0314812976749159 -0.0335866940920578
0.0511707276623702 0.0635611776240759 0.000130306760690608 -0.0195947440525236
0.0636887426308334 0.0477380597539616 -0.000334341537736367 -0.00346968036025192
0.0623341647369736 0.0489591741061737 -0.00622074972770745 0.00932050938325652
0.031935691994322 0.068441049912469 -0.0182796445098847 0.0118622035330459
-0.00399177572073796 0.0774290415576697 -0.0378539097370606 0.00690747574472958
-0.0732205561414736 0.0753153851590916 -0.0357488247218233 -0.0199063261801877
-0.108997816163138 0.00579200826636601 -0.0139566971537484 -0.0444655459345143
-0.0766304802120176 -0.085981815793319 -0.00324506936381079 -0.0197134473313902
-0.021345322776734 -0.140942401708648 -0.0282593499936797 0.0198625556749502
0.00959535810242026 -0.11248780099778 0.020347110242608 0.0943469678802529
-0.0286535571394422 -0.118086573210714 -0.0221098865114153 0.092548237585079
-0.0994827096487397 -0.0669744501859217 0.0117555001353886 0.0989735757671177
-0.115206346755768 0.0236224170090073 0.0608063218690056 0.0677058624781134
-0.0502630492775254 0.0756092263391093 0.0546024717644952 0.0155204704070239
0.00234974871965922 0.0743793483034408 0.0359003006767911 -0.000658515803442647
0.044863667935548 0.0625729953532173 0.016805125352712 0.00451106642262566
0.0581410798993942 0.0477847512563502 0.0184406748101061 0.0143710356065306
0.0581234870292459 0.0469275460284577 0.0122749120065137 0.0267147366338677
0.030256412234197 0.0630012387150672 -0.00497326191833209 0.0327440678036042
-0.00496644733518561 0.0700928377424728 -0.0344342822030543 0.0283725845135816
-0.0687467388132908 0.0639906318524685 -0.039661947955554 -0.00411986777220439
-0.0956724302715111 -0.00102440112236056 -0.019021928884307 -0.034049394566705
-0.0586486593709073 -0.0792662178039553 0.000927989400042338 -0.00815839186718253
-0.00867103448650818 -0.119596067289953 -0.0280894393521891 0.0547958710144382
0.0175705404571867 -0.0719495258184219 0.00134781751566848 0.127354650851923
-0.00539344675947379 -0.0887272371516594 -0.0266356740469783 0.107314221115664
-0.0640376634823457 -0.0610157566562174 -0.00611943427544882 0.0950864584998658
-0.0884712325101808 0.00547822620847744 0.0349660008221747 0.0733185566550354
-0.0435548915448321 0.0533164052651501 0.0387083215959993 0.0381002487737345
-0.00123066740977261 0.0561271316073158 0.0368480245491543 0.0281655066402227
0.0325670074309277 0.0506411157876188 0.0319158582709602 0.0258444799766026
0.0445081398847597 0.0399213326241808 0.034017054745032 0.0301295895711343
0.0448238756740578 0.0393715088846956 0.0274844876352998 0.0419946045257041
0.0234749368416042 0.0518630264296532 0.00496669971566276 0.0501227969910677
-0.00752768248601859 0.0559456023364226 -0.0333124982586086 0.0454226057237892
-0.0591770880205736 0.0443762609733346 -0.0445769130850418 0.00739751872328943
-0.0724926517475452 -0.011211882175241 -0.0246240620385233 -0.0258290272830918
-0.0327588051629852 -0.0669237655471933 0.00366169972748255 -0.000489500071816947
0.00834756319133141 -0.0846323702109468 -0.0303298878059088 0.0796850508492359
0.0212336414351237 -0.018881789301553 -0.0111268655196442 0.139543105577724
0.0142963222756191 -0.0427513938772219 -0.0249343304881123 0.109898699694223
-0.022744339401704 -0.0392805617073297 -0.0181384841651696 0.085403788453631
-0.0463240861721892 -0.00671235595256574 0.0146500600534913 0.0727608836870637
-0.0261308903384811 0.024943898071895 0.0274682613614101 0.0532991573591193
-0.00252367358036685 0.0285272151557767 0.038750448701083 0.0476447546646915
0.0159643360274602 0.0287962710067051 0.0430567360352828 0.0398344777840571
0.0241277507799086 0.0259767647876743 0.043863093110617 0.0402894855698109
0.0257371901745898 0.0267327416660923 0.0373295618615095 0.0544850954586754
0.0140371424551246 0.0352585785468694 0.00897773453109687 0.0641214440697327
-0.00927612375463701 0.0376165713718572 -0.0362956900184638 0.0578866451146033
-0.0444458449758827 0.0222312393300313 -0.0523124627583273 0.0133574837138555
-0.0435196478391408 -0.0189180613431084 -0.0320749705747886 -0.0223257935389002
-0.00552671157155388 -0.0472768532721897 0.00368950742705513 0.00205405533234394
0.0240483756325624 -0.0389459498210563 -0.0337722088695106 0.0921284130486795
-0.0335686828533586 -0.015052941359281 0.0280140965214014 -0.106715537032564
-0.0159335133099059 0.0181269017691681 -0.0223962376178091 -0.0154041262889115
0.0110297606540759 0.0243193333272148 0.037775020031433 0.0321674759224275
0.0205374455248023 -0.000902514550447835 0.0715048463080001 -0.00711580770219861
0.00743095197179177 -0.0120616064006053 0.0525520309702758 -0.0679014951057645
-0.00144528362735953 -0.00718946201351656 -0.00776437191685967 -0.0886722238642426
-0.000424936179287407 -0.0112193024426363 -0.0457649593640846 -0.068635517168725
0.00240554151071531 -0.0105785087136895 -0.0569020855818896 -0.0488460011720622
0.00652204831160569 -0.00614757411136336 -0.0597945490834703 -0.0461741585928903
0.00958797603990271 0.000844207625874245 -0.0525137069132967 -0.0575878927083118
0.011826876198864 0.00650426093450629 -0.0322087175524408 -0.0687907653094819
0.00334990041945938 0.0231560489122451 -0.00406413174867041 -0.0790770420475802
-0.0188777947966857 0.0223291856621255 0.0190930796750152 -0.0835140977927664
-0.0359297287893612 -0.0103882097867094 0.0183801630399431 -0.0863002474090825
-0.0283635952605999 -0.0351812333501829 0.0012834240959682 -0.134128192948867
-0.0399787187896638 -0.0638142549934149 0.043992150638992 -0.0876538423274463
-0.0440341118829816 -0.0183903186987066 -0.0159117910291836 -0.00631313317245372
-0.0343306673838291 0.0181009056526517 0.0480741431019715 0.0420812814791856
-0.013083168240933 0.0258159953049428 0.0871780511647835 -0.00306804640625701
0.00193788287421718 0.0199480078336313 0.0615389840814897 -0.0703471578179884
0.00931879113213146 0.0191014126029346 -0.00237356451212085 -0.0921940015639462
0.0230777995447931 0.0105252160763711 -0.0435376887464028 -0.0681501727882225
0.0279391595866675 0.00761191767859387 -0.0521200641335438 -0.0457395413928127
0.0286478795531519 0.0159458392156164 -0.0563663213416538 -0.0399684508273272
0.0152027575880333 0.0317002829134912 -0.0520088498140526 -0.0498657632208333
-0.00100621037483701 0.0368628856102358 -0.0366149239861638 -0.0601650293836112
-0.0353167080415287 0.0410310976948449 -0.0103007858696106 -0.0713451101884028
-0.0604131785700132 0.00747253153493862 0.0112641901888949 -0.0766400135312943
-0.0548981791945524 -0.0527223771722722 0.00271994626492679 -0.0723631925523247
-0.0302940922058944 -0.0913669645525642 -0.0116378564762093 -0.108816000429821
-0.0369049506300286 -0.106287880893276 0.0529919015215276 -0.0515400369658825
-0.0645245158472028 -0.062120976149855 -0.0115857151263448 0.0134495580847433
-0.080398491789327 0.0019851706562213 0.0531134651082476 0.0584352465426254
-0.054670094400972 0.048742653946751 0.0999043695272363 0.00951259423713362
-0.00914041220292388 0.0536544552649377 0.0707707926381474 -0.0630438440485551
0.0153428363080462 0.0470105228639675 0.00825394837069841 -0.0852462752734753
0.0423897200222267 0.0326141568637772 -0.0337738077751236 -0.0598403722197936
0.0500046282706041 0.0247907211562687 -0.0392864986949315 -0.0367037713515915
0.0487478812673301 0.0329651347924392 -0.0451936833691395 -0.0265422503150084
0.0242082201661637 0.0547482007862437 -0.0462733305442326 -0.0318512228132035
-0.00443329981668835 0.0628473769890462 -0.0421782093741197 -0.0415156188902114
-0.060742969092755 0.0641828443248603 -0.0223592447108548 -0.0577208434435161
-0.0949131427896215 0.00710556721541045 -8.14841720985215E-05 -0.068680636559877
-0.0756388736192413 -0.077936352689236 -0.00742965837234368 -0.0551483557087389
-0.0345886172889763 -0.131374302087536 -0.0226521745422093 -0.0692956877710925
-0.025258832447998 -0.133312459841052 0.052905510962653 -0.00473322649334341
-0.0696437936708536 -0.101898060936399 -0.0123862282928074 0.0401857366394726
-0.114720537334815 -0.0233755437745271 0.0493222100826457 0.0792510693664885
-0.0954618036685626 0.0578513344199582 0.102506363980895 0.0299470913888277
-0.0255637686058451 0.0805604736372241 0.075982467021578 -0.044333099593516
0.0162827776388598 0.0705882177475895 0.0205689939400448 -0.0662677332579864
0.053906372452754 0.0528452432943515 -0.0181739365755679 -0.0434822117160779
0.0639620886969017 0.0384272051351489 -0.0211790751439038 -0.0217146809222855
0.0623931044320049 0.0434014687305475 -0.0270694723813649 -0.00857981286910626
0.0323711561512367 0.067135836390312 -0.0345006914333317 -0.00925907587111905
-0.0021895144501854 0.0784228356152197 -0.0435240700923073 -0.0165885953917115
-0.0715193288715515 0.0807695138331362 -0.032974286112358 -0.0400709570837635
-0.113356667976482 0.0117960523477697 -0.0095061893912782 -0.0587112566128936
-0.0875482325307807 -0.0876646736495453 -0.00842190931779497 -0.0363456034064497
-0.035621836459531 -0.149552106850128 -0.0281436318508909 -0.0222084237597563
-0.00982503965881977 -0.138331609309631 0.0423543660761378 0.0486800383263875
-0.0587338301450137 -0.125475407402659 -0.0148157370956244 0.0712061172690139
-0.125160878153914 -0.0497426159975666 0.0356871381307637 0.0958718540657649
-0.120048582141929 0.050285042809618 0.0900647145481631 0.0519848570163863
-0.0410611739524168 0.0908241369822145 0.0716929224897479 -0.0159751204817554
0.011967378571195 0.0820948121192068 0.0309504509808251 -0.0365948133814296
0.0564371027023328 0.0635865661248773 0.00020742479375245 -0.0205962816476629
0.0685906034323737 0.0456520313992021 0.000165095444506837 -0.0036563473497746
0.0679022609580263 0.0471287288094153 -0.0059575099472114 0.00965272533191854
0.037168346696044 0.0695691083363446 -0.019094350287338 0.0131398525565915
-0.000548339885077269 0.0811875526403263 -0.0401567362240349 0.00884693579469992
-0.0722377583334878 0.0829350546251885 -0.0387740583706143 -0.0204989353252753
-0.113703661501014 0.0123344192230479 -0.0165159388187707 -0.0471274760809946
-0.0838892728707637 -0.0867104873858133 -0.00417317316529478 -0.0204995516449128
-0.0292096000800556 -0.145948139828839 -0.0279818013087383 0.0225415597468467
0.00493550752345513 -0.118189591416351 0.0255997107639033 0.0977920322857533
-0.0353419201707291 -0.1228857695015 -0.0195649525350076 0.0967340702144926
-0.107101944747043 -0.0649667648657211 0.0160597579283325 0.103056545561946
-0.119254311009625 0.0304234136373779 0.0662717680636307 0.0683598038499513
-0.0488427040942694 0.0816041245775276 0.0582585348815889 0.0141408014319629
0.00578795784942294 0.0778099173021643 0.037372459138557 -0.00261351939768091
0.0497885140340969 0.0629354721781363 0.0186247594018055 0.00358564278954535
0.0631779993898459 0.0457425854972874 0.0202486027603869 0.0140047699085041
0.0628693375371673 0.0455424587241987 0.0138707258794359 0.027095729649457
0.0345124265962903 0.0642600657214097 -0.00407559494704022 0.0337412803008884
-0.00176119645224167 0.0732174669760534 -0.0352008441575263 0.0306189814925463
-0.0677300523800001 0.0704422724134643 -0.0420588283172582 -0.00410297897422319
-0.0997153584379257 0.00370036888720859 -0.0217775852630727 -0.0356380891750396
-0.0645965177331156 -0.0799513014707536 0.00109437344529666 -0.00873485497307796
-0.0146736890964793 -0.124171013255226 -0.0270043510641057 0.0589934681197972
0.0148416510210314 -0.0762518270567079 0.00700981533358305 0.13333288347784
-0.00980759579330688 -0.0926791603979282 -0.0234063021547407 0.113167135450843
-0.0697841052975212 -0.0611586688343992 -0.00266849172950869 0.0999738193297554
-0.0922738578029842 0.00963744989930089 0.0389466059604132 0.0752747240770135
-0.0430227387427944 0.058300556590379 0.041801040084608 0.0392241735035743
0.00057861740200075 0.0585818378771372 0.0402133401225211 0.0276453453921551
0.0365038855918016 0.0509431232360921 0.0349802839987813 0.0258502657625973
0.0486155503187651 0.0385847201580361 0.0368380529080043 0.029898217366623
0.0487989841657488 0.0381949226429618 0.030461464254336 0.0422531852329421
0.0272923216198582 0.0528728136086254 0.00689980516961652 0.0515349327107114
-0.00541554660885928 0.0583104053690537 -0.033116470786379 0.0487422959989693
-0.0596311751695636 0.049331795605168 -0.0463312292522845 0.00839575363705359
-0.0762322288743802 -0.0084420928696666 -0.027536044266515 -0.0266132337266903
-0.0369010766360455 -0.0681707720340906 0.00358879491245652 -0.0013840539835888
0.00473910991530908 -0.0879727926844401 -0.0276033805811822 0.0849511795199315
0.0208399197242458 -0.0205418289607502 -0.00602204318678052 0.147273577674317
0.0128398310749538 -0.0454558212298955 -0.0220214050774933 0.114940540928024
-0.0255336167617322 -0.0401009431469944 -0.0159272853455885 0.089623543659551
-0.0491519530485481 -0.00516372029324907 0.017678591335307 0.0755693596985673
-0.0267574953318044 0.0274711812942502 0.0312581734709637 0.0555012658723992
-0.00195983233530312 0.030078260089938 0.0427208053416231 0.0480680851279918
0.0177638776325088 0.0292855947456491 0.046938956095945 0.0395404748547307
0.0268652045298974 0.0255195309945343 0.0473304774737325 0.0402375680017248
0.0283760267245177 0.0266934005052531 0.0409938499125976 0.054177801201808
0.0162071216495477 0.0359976694769803 0.0113875966014081 0.0659911772771857
-0.0081188335710077 0.0394366042857758 -0.0356120619811935 0.062182835893737
-0.0452166583294251 0.0257543796147429 -0.054304916102705 0.0153564995274117
-0.0461419454383869 -0.0177402372286395 -0.0345834408628644 -0.0224704515008224
-0.00755038307404261 -0.0490585378263805 0.00347919957428322 0.00112517877620032
0.0233888968221857 -0.041489429465526 -0.0307627145143777 0.0982602535862122
-0.0358715295866308 -0.0122066359789423 0.0213623913735676 -0.111149322016173
-0.0155231156934352 0.0195677966248116 -0.0241789542439976 -0.0138045332853457
0.0132902614561083 0.0242695288668849 0.0403527539387321 0.0303396841406663
0.0218209989753617 -0.00251416638567787 0.0725648758567262 -0.0114922723021359
0.00690990846427834 -0.0126928128049718 0.0495394768622024 -0.0726651133858212
-0.00160335208034367 -0.00699723942752857 -0.013757361394291 -0.0891582373181921
-0.00140322833495725 -0.0110460043939868 -0.0516980705667023 -0.0661942033403084
0.00106515337435596 -0.0110620257756713 -0.0613502953469573 -0.045098137086502
0.00579818289202527 -0.00674833569967637 -0.0638905019961335 -0.0421776252787152
0.00973508324720633 0.000310426058464242 -0.0575890623296566 -0.0547337006401524
0.0124034056342737 0.00552110427560743 -0.0379282848584087 -0.068349022030728
0.00540093812194896 0.0233734377944915 -0.00984365241756652 -0.080797537020234
-0.0173753701471831 0.0235396164055654 0.0142904678534167 -0.0862450877234397
-0.0376388748542801 -0.00830998077694936 0.0150030133706268 -0.0887485002490869
-0.0317910090342453 -0.033753829610897 -0.00709707861911404 -0.13725377160412
-0.0457886040854204 -0.0617718446484807 0.0390138501036876 -0.0931091211883785
-0.0462651649263363 -0.0156527360885806 -0.0176494045949785 -0.00537391992177252
-0.0329924360736838 0.0218511802256682 0.051524711374598 0.0391775369409641
-0.0105716516502494 0.0278996515539037 0.0891095685175945 -0.00897984432766949
0.00405092990587839 0.0200633179514711 0.0581334526359621 -0.0761089622300152
0.0109595778440736 0.0189344650321887 -0.00867622750039215 -0.0931798606306491
0.0242094921750083 0.00891557911348272 -0.0488070440161508 -0.0660354767756923
0.0288881244073817 0.00498534901143253 -0.055799413061179 -0.0426071335437388
0.0303152275810297 0.0137157837083918 -0.0599605580695044 -0.036580689922226
0.0179052268409435 0.031113235579696 -0.0562027039353055 -0.0469963388194989
0.00212113209981755 0.0371750545306505 -0.0419100699060561 -0.0593227107817327
-0.0330100531854455 0.0450620234947075 -0.0156578661963737 -0.0724368833109177
-0.060988220144138 0.0119674885964386 0.0069816301896859 -0.0788506245837545
-0.0602216838385703 -0.0503843446299087 -0.000788383275403597 -0.0733518482744433
-0.0378552972939264 -0.0910991504530203 -0.0192259937628422 -0.110304119702336
-0.0454939243036508 -0.105446888104525 0.0501776009508112 -0.0567977112648572
-0.0702575392356518 -0.0586599056138751 -0.0119987313377874 0.0142336452241574
-0.0814386520415875 0.00907869543005069 0.057659761899879 0.0559097933330353
-0.0514786972083293 0.0540156701146305 0.102426810989546 0.00335563028606563
-0.00502623178898428 0.0554710538513196 0.0684471058812367 -0.068945807311934
0.0194245019000909 0.0466908883254975 0.00255748414109129 -0.0867190116705441
0.0456679728976271 0.0300897192942497 -0.0374267716870258 -0.0586676277139462
0.0523892912392769 0.0205775193050134 -0.0420407960477544 -0.0343671224703295
0.0522487411221162 0.0291341233081474 -0.0473710291942028 -0.0238104960037763
0.0288812832770922 0.0541780682373528 -0.0499473703479088 -0.0292462643760487
0.000482902001153341 0.0641750899485151 -0.0463294248947404 -0.0397361408460436
-0.0564401118722925 0.0702445225309205 -0.0270751181519322 -0.0583188012936986
-0.0959364732422822 0.0145387583514284 -0.00418062760151957 -0.0702768359680233
-0.082857816390442 -0.0747589085647949 -0.0103102473875706 -0.0553319506190037
-0.0447703524962599 -0.131123052491358 -0.0273096301588302 -0.0692843862232243
-0.0355505895959252 -0.133976596951099 0.0541810899001221 -0.00928895572662377
-0.0780740596159049 -0.0990559401615517 -0.0105715029939041 0.0413380255658363
-0.117957793041887 -0.0145957708525956 0.0546410101878966 0.0770052989314351
-0.0924598560809766 0.0666416884040489 0.106034350457914 0.0235641972141552
-0.0200340369462612 0.0838859566929345 0.0745732055077702 -0.0500848159374803
0.0220558900547155 0.0705967742247319 0.0162040050284224 -0.0690513763898168
0.0583147648117667 0.0491493334588526 -0.0203944872002439 -0.042751078750404
0.0677627519490302 0.0332824552071725 -0.0227936647039357 -0.0208408598886122
0.0670031928878477 0.0387287793512389 -0.0278516978928111 -0.00698754543227027
0.0378998596848463 0.0662793501609983 -0.036270247417501 -0.00704370726324988
0.00357316851761727 0.0798888186602911 -0.0461652771091262 -0.0143522360032202
-0.0660340639889642 0.088380808186472 -0.0366035294302113 -0.0395623166135447
-0.114288451733218 0.0203385695620737 -0.0141150788273607 -0.0596197676999118
-0.0951110019385262 -0.0830362264963876 -0.0102246296689493 -0.03665606211739
-0.0471904087369642 -0.149085593679097 -0.0295000016888993 -0.0205601656651153
-0.0199034339069397 -0.140414279718449 0.0470471809924751 0.0466195872219756
-0.0686303255560743 -0.123874830587802 -0.0106535378719836 0.0727093229870613
-0.130718305617606 -0.0406984038213058 0.0421339572294605 0.0951250924112542
-0.118684757397991 0.060069108110733 0.0948831159353127 0.0474928806884047
-0.0354604933743838 0.095657521547627 0.0716999369435914 -0.02065746981992
0.0180663768635285 0.0828054002055674 0.028975366806996 -0.0392338754201544
0.0613829617801579 0.0600242412302634 -0.000398679640951609 -0.021233837786069
0.0731229317073347 0.0401919245167211 -3.6085225090888E-05 -0.00406623168709443
0.0721529774703966 0.0420597519857903 -0.00511233934081974 0.0102816106318047
0.0425912506885068 0.0681962962180171 -0.018922235126805 0.0144979668707222
0.00552285634758817 0.0826377499623994 -0.0406242132140855 0.0108739431760048
-0.0664715442360078 0.0900463845810171 -0.0418476940766202 -0.019572387637882
-0.114419961543834 0.02080627576484 -0.0202692174880098 -0.0472503188363928
-0.0911332622320004 -0.0825699918569246 -0.00453511477918231 -0.0207780949201076
-0.0406477213876924 -0.146053647897521 -0.0262079228621986 0.0249810928299924
-0.00356353651794404 -0.120143550953065 0.0329318931564628 0.0979895300036766
-0.0442309453956981 -0.122450558273206 -0.0135632060943794 0.0993443186951745
-0.113857936478577 -0.0579206184398137 0.0231945236417015 0.103922800670144
-0.119236550678463 0.0396342577568974 0.0713659511925188 0.0653705354415705
-0.0433918858973657 0.0867407111004498 0.0605035823000231 0.0105515776760958
0.01149555347795 0.0786930626924922 0.0379764298748341 -0.00515579256395781
0.0550665279783093 0.0599977060721839 0.0199151946555951 0.00245787231781669
0.0674446085867248 0.0409052520295497 0.0212947105741477 0.0127373863368989
0.0669392904303866 0.0405947282628756 0.0158357922711425 0.0264762110082749
0.0400375905653988 0.0628513298994145 -0.00239362164946945 0.03415877506599
0.00324118045146672 0.0747255350247562 -0.0336789585552014 0.0332099278626888
-0.0633297263493436 0.0771880747509177 -0.0437655945464342 -0.00208243923444498
-0.100814709405004 0.0112393040451572 -0.0248038476768295 -0.0356687865336389
-0.0710001118878319 -0.0767408099055877 0.000580277328458533 -0.00974300219340097
-0.0240030041305861 -0.124988181696814 -0.0224480403664704 0.0622384717882417
0.00980470252207208 -0.0784048717409085 0.0162108135585111 0.135728132181521
-0.0161660913078687 -0.0935295432647435 -0.0168418420776104 0.115114888391525
-0.0755385167220624 -0.0570346640488378 0.00272733371953401 0.102081421088022
-0.0935674727230366 0.0167494922298498 0.0438652342314985 0.0743469532223672
-0.0398082770125438 0.0625347503559105 0.0457462250408677 0.036967720469031
0.00462014173768967 0.0599112044969654 0.042914478534907 0.0255763126636643
0.0401678065522284 0.0484700040397159 0.0379208800855052 0.0232701936658763
0.0521496284664401 0.0350492758192595 0.0394439400829045 0.0271407269931377
0.0524959187089076 0.0348413543532464 0.0335519112152691 0.0404071845830598
0.0312773851678391 0.0515565908761526 0.00986362626255764 0.0514848233127708
-0.00105412591425968 0.0601683858779465 -0.0305281610489702 0.0516727008130051
-0.0563677605945214 0.0546098502993091 -0.0472194138826336 0.011001976891786
-0.0774420881516032 -0.00322780074955875 -0.0300217072427412 -0.026391409770062
-0.0417908022317537 -0.0671426112042819 0.00380392582801582 -0.00198453510107467
-0.00165175900518131 -0.0893525031478915 -0.0213263124080824 0.0891168516768034
0.0198512198505164 -0.0220423176400296 0.00312080488264184 0.150521885321331
0.0100940938821008 -0.0468567429983883 -0.0149506714830954 0.117639260009291
-0.0294877859981802 -0.0386553677885814 -0.0115368385558177 0.0924778158058178
-0.0506202766330564 -0.00220459273129206 0.0220314148134814 0.0764698008254804
-0.0257156500090415 0.0300437883539131 0.0352996803130877 0.0542266396464859
-5.93866423334527E-05 0.0307704892004443 0.0469326107515981 0.0456000549545899
0.0201351709306735 0.028863703509484 0.0507283189853736 0.0369548522183787
0.0291616798685846 0.023637193989106 0.0513160686041565 0.0379317784033972
0.0306228133386085 0.0247311104140875 0.0452974800346017 0.0520985334561559
0.0195281646139157 0.0350921910913952 0.0153474560482589 0.0656719242399101
-0.00504288070991363 0.0406278096074503 -0.0320110375081595 0.0652717815674331
-0.044079037664665 0.0295003973433938 -0.0551182838809749 0.0187197185888692
-0.0476418670487771 -0.0150532849231499 -0.0374085817750026 -0.0213608212833787
-0.0101885460576266 -0.0497984974618786 0.00363569296208448 0.000132766465470897
0.0207389004779869 -0.0433261333855639 -0.0242763955659037 0.102514011462876
-0.0359740521639356 -0.00912674366862696 0.0139671480988414 -0.111222317524181
-0.0143798978402792 0.0203073992170604 -0.0255455609311095 -0.0120969862757986
0.0150865572685138 0.0230346788121474 0.0407545317637939 0.0272871745948939
0.0215093575729146 -0.00371891037320257 0.0711519751647746 -0.0147806778265859
0.00600828042132954 -0.0131868468612446 0.0444127505827147 -0.0739253748958171
-0.00142158739346149 -0.00717006087086803 -0.0185282318395374 -0.0861579989629407
-0.00223501897631099 -0.0102467254143714 -0.0542652334763053 -0.0611676753898236
0.000157920600127979 -0.0105222387940105 -0.0627005113259213 -0.0400242675054752
0.00507323489617473 -0.00705283446292401 -0.0652824041501613 -0.0373188946104947
0.00956198743434322 -0.000453117133473804 -0.060082401385923 -0.0496866270644687
0.012773662154801 0.00466470302732367 -0.0418107455462091 -0.0648885176966742
0.00689380541512688 0.0226007929665133 -0.0145814361331661 -0.0784561636323676
-0.0161255087051282 0.0242906325523032 0.00959448869649758 -0.0852844916115445
-0.0382107328232656 -0.00577207879242635 0.0110406072301915 -0.0876967476103076
-0.0330887239808715 -0.0310297149069544 -0.0150797594411412 -0.134664353661609
-0.0493488593180832 -0.057272302128058 0.0325982304528325 -0.0943797511284693
-0.046676306059121 -0.0124919177210364 -0.0182063840460923 -0.00351192089564309
-0.0302672201041687 0.0239141420458349 0.0523268804718742 0.0357981532782776
-0.00823129915570034 0.0281010902460595 0.0869860435288065 -0.0136876800281851
0.0053605389401908 0.0192271652286935 0.0528988321578343 -0.0782689395567199
0.0123597641465962 0.0177057236092153 -0.0143733032740614 -0.0902168824929637
0.0242502336466025 0.00701350311017705 -0.0514889488339989 -0.0616627929965276
0.0280230671172501 0.00277781640482136 -0.0571053241243114 -0.0382989232616915
0.0302984963810824 0.0112252016929894 -0.0605447162325325 -0.0315770187265779
0.0195730759513831 0.0291142430072459 -0.0580800240062242 -0.0421302080604377
0.00458872875784227 0.0363445958207393 -0.0449546381307684 -0.0554451071292719
-0.028984206323471 0.0457029807476374 -0.0204718383578359 -0.0704705044207364
-0.0588753752964899 0.0155611244522316 0.00253219438220222 -0.0775031653291309
-0.0624003293574936 -0.0456359118035844 -0.00328838167202062 -0.0719010214976653
-0.0427734536323507 -0.0863213454890151 -0.0248058594865696 -0.107409961491063
-0.0516839535819814 -0.100257204415194 0.0466120351657992 -0.0598849001905488
-0.0723705920982279 -0.0532831678050045 -0.0116189463713858 0.0150793157884298
-0.0785028920903694 0.0147782290111341 0.0593314101833679 0.0518677350380225
-0.0465113416064505 0.0566918599587904 0.100787918741521 -0.00273261990649313
-0.000814012627681031 0.0548345803271737 0.0629960287545313 -0.0721366270870586
0.0223719609739691 0.0447801687431928 -0.00306021933125747 -0.0852243133337576
0.0461146723396088 0.0264560639034351 -0.0402927049591108 -0.054995940452378
0.0520809973956418 0.0157206906362458 -0.0432171458695735 -0.0308655626239612
0.052500756127408 0.0245996617956653 -0.0477834850636919 -0.020129185546348
0.0318015032664937 0.0508872491786537 -0.0505428354316851 -0.0253078910984436
0.00470049172186654 0.0628626411579321 -0.0483662981405411 -0.0364306094843529
-0.0495579130057025 0.072564448299159 -0.0306213686234145 -0.0564010758973061
-0.0930446090468658 0.0202418370337348 -0.007850013145896 -0.0690025654148521
-0.0859134872491611 -0.0677853650467016 -0.0118807933920698 -0.0537069767660824
-0.0526727869485181 -0.124803280647986 -0.029917400167748 -0.066401352750831
-0.0433675042342257 -0.128625893911598 0.0527259780216155 -0.0128097654162043
-0.082583816189107 -0.0927437190458645 -0.00821677916207081 0.0406614566025728
-0.116111550921065 -0.00614591026293757 0.0571515599482816 0.0722051234711247
-0.0858284791275701 0.0718946700058259 0.105454365343732 0.0173126858989717
-0.0139383198486047 0.0836922509827015 0.0703273366989655 -0.0537731321960645
0.0262668007858843 0.0676236162064253 0.0115891544805721 -0.0679115563742272
0.0597080376025965 0.0440637513953892 -0.0222690588088815 -0.0407197490244536
0.0679646528139137 0.0274029076772523 -0.0234384737144036 -0.0193001853205898
0.067572441871721 0.0327098358540177 -0.0276308787193405 -0.00539121339253109
0.041828878521596 0.0624362765622472 -0.0360025554143462 -0.00495896544062143
0.00851788092304178 0.0776008374899819 -0.0465618533811118 -0.0117368758395912
-0.0581141057715893 0.090499592491217 -0.0392797806684878 -0.0376043294440773
-0.11013815885637 0.0276420528814112 -0.0167672169954291 -0.0584127505065749
-0.0984532872406041 -0.0753698654007528 -0.0114675251384176 -0.0356277864411721
-0.0561182096839152 -0.142059312841674 -0.0292420768679544 -0.01853916998161
-0.028343347005337 -0.135861069819725 0.0492439230173428 0.0424185142666094
-0.0747225098081259 -0.117366997259156 -0.00722251852111743 0.0709969552823273
-0.130320148999999 -0.031012439581171 0.0461881792088247 0.0905515896944195
-0.112207875873606 0.067384214360104 0.0956074889803959 0.0411876038107504
-0.0282972009673947 0.0963409169406295 0.0692389884551326 -0.0250299564048187
0.0231189210320929 0.0799958170092042 0.0257813022399893 -0.0402307930781401
0.0637790384042577 0.0544236723604324 -0.00092856364823579 -0.0212445219054397
0.0738259435369307 0.0336104249290213 -0.000128749822590938 -0.00422612459820391
0.0729886312395609 0.0358063857818927 -0.00468303081007112 0.0103777860023648
0.0468288504528837 0.0634686023583427 -0.0181956048079472 0.0147186549888333
0.0108062344936419 0.0802335905528511 -0.0395286370995186 0.0125449342334871
-0.0581077344421282 0.0927553927468745 -0.043061119938067 -0.0172847134936307
-0.110516631874895 0.0279722708631409 -0.0232571137213227 -0.0455353926578557
-0.0941267416276243 -0.074876379615689 -0.00574993562458845 -0.0206557616161245
-0.0494429357786726 -0.139568411903629 -0.023163039357206 0.026049691292458
-0.0112086547733716 -0.117629506290995 0.0383558761503243 0.0940520788049504
-0.0509769319177303 -0.117343053874426 -0.00806787169818541 0.096742003720462
-0.114783986595301 -0.0488031214961905 0.0274001270142398 0.100100258060337
-0.114401878408268 0.0469709467078385 0.073133317404922 0.0606261753624345
-0.037411921251306 0.0881458017039974 0.0600868698522292 0.00716277393439317
0.0161536991951987 0.0763754196271447 0.0363532914055554 -0.00749332048695541
0.0575086330851284 0.0548855028673473 0.0206078896472895 0.000416718960762195
0.068682834661097 0.0347280186718377 0.0219298095643483 0.0108637519338375
0.0679817635005586 0.0348427738791028 0.0169040166713642 0.0246827386423189
0.0432056197179001 0.0586277417864523 -0.000722383656224884 0.033344641731085
0.00788880838903659 0.0727891188361523 -0.0314793889190261 0.0336829688453671
-0.0563853122551239 0.0793246754542845 -0.0441618124545319 -0.000194838528458074
-0.0975468808910375 0.017540457305928 -0.0270256132049212 -0.0339730161392046
-0.0736417942017958 -0.0710406145118713 0.000445516871646628 -0.00956905451897831
-0.0316858061737693 -0.120014698714526 -0.0171966771614415 0.0625817780529472
0.00448358743558094 -0.0773753709907399 0.0233715919879461 0.131851431145024
-0.02145707618998 -0.0904898398165922 -0.010185119600847 0.112618866600493
-0.0771491565148734 -0.0504316945392919 0.007690716291634 0.0995837810548865
-0.0904796158386124 0.0223847874895299 0.0470077589363145 0.0709622179068981
-0.0355315216955615 0.0637496993433587 0.0464853369041971 0.0339684726145202
0.00844039893055447 0.0587069281677734 0.0435203138284585 0.0226177483634458
0.0424232446252892 0.0444529738028593 0.0390002174248207 0.020528158844574
0.0532193080909167 0.0299266190907429 0.0400449242356619 0.0243975729467929
0.0534347555024325 0.0303731379068634 0.0352112979673925 0.0374507083903714
0.0342676837794461 0.047997666638723 0.0118946650727399 0.0494996685344892
0.00282433355406994 0.0594572892353934 -0.0268307113115875 0.0513771807557835
-0.051739108665844 0.0573463929319091 -0.0466865516158874 0.0128592466574001
-0.075471343461575 0.00210252613986851 -0.0315971545397368 -0.0245149007518693
-0.0448490681856954 -0.0631852008236643 0.00361613526175072 -0.00263126463935134
-0.00705683619764994 -0.0869174006768689 -0.0149630250226705 0.0885039019046281
0.0179874107192193 -0.0226302409824519 0.0123080433351885 0.148403539264574
0.00671679923119954 -0.0463558635383498 -0.00861075026140514 0.115282370192263
-0.031082993441047 -0.0360396493982218 -0.00686042490524549 0.0913485977609854
-0.0506503839983705 0.00171387483217841 0.0259947251468255 0.0738740425431047
-0.023148797178297 0.0313924759083068 0.0381813432258666 0.0516440134678988
0.00144887080279862 0.0305370684680128 0.0491733411435123 0.0419761035874035
0.0211015216221173 0.0269988806935379 0.0521794734106517 0.0325673549603697
0.0301062910853337 0.0206428505846721 0.0524302649417835 0.0338107810210241
0.0316465576358376 0.0218587598315937 0.0466970757438225 0.0478002869626462
0.0213600065360388 0.0328585419021868 0.0183354761187231 0.0632457938715227
-0.00264550590687271 0.0404187986591607 -0.0275684726454504 0.0655538525000527
-0.0409615531130075 0.0317400705367878 -0.0533130816705998 0.0212783835303672
-0.0474973306409571 -0.011787133494927 -0.0379624528578205 -0.0189643954642116
-0.0128512458973836 -0.0478751753826122 0.00361150886059361 -0.000406667962341974
0.017531162707577 -0.043496079708398 -0.0167882231286161 0.102334121187188
-0.0369261873265936 -0.00527996284674251 -0.00781203081716838 -0.10851651295646
-0.0111170811590566 0.021971802643514 -0.0280267137809448 -0.00600732659186731
0.0180333914018814 0.0187657074836 0.0441655218736808 0.0218152127714748
0.0197227738543359 -0.00802223027593709 0.0681786707725194 -0.0249032612354459
0.00242512658128339 -0.014759178227315 0.0320055738248804 -0.0792401308746535
-0.00330947822039605 -0.00621242281731158 -0.0309769678428342 -0.079360557286634
-0.00403990343669176 -0.00898867517425729 -0.0619421799023466 -0.0509942835997324
-0.00200387125875262 -0.0102120554684824 -0.0659204226381444 -0.0286438140662539
0.00338739398775346 -0.00708205324211535 -0.0688719639935046 -0.025124990026256
0.00851234753296288 -0.00174570847875694 -0.066479305744098 -0.0372242356578842
0.0116487957676097 0.00247277172145102 -0.0513273737197443 -0.0553199234322163
0.00957568450293676 0.0195990160248992 -0.0269217609470809 -0.0728143513085221
-0.0120819296139325 0.0239058120868162 -0.00465606942218347 -0.0830332207752033
-0.0366686678902313 -0.00116898735467388 -0.00209905451309037 -0.0851700793941112
-0.0367452754867528 -0.0273273895578275 -0.0340032855492468 -0.126153593473239
-0.0542576101236205 -0.0487254414842264 0.012340459438167 -0.0984124420051606
-0.045398437070322 -0.004558165811414 -0.0203815387019572 -0.000934898870240048
-0.023971933513123 0.0257665643196731 0.0530867856548132 0.0273674026337726
-0.00263552816390891 0.0257900706540865 0.0804260058797006 -0.0254728410484648
0.00629573627573125 0.0156740563098013 0.0382971188306266 -0.082702128392484
0.0128589193702465 0.0153349516966163 -0.0272596050321304 -0.0836764702525612
0.0230989732986746 0.00344494678942072 -0.0581084082084134 -0.0510464862451081
0.0258731690200074 -0.00108297802709824 -0.0604879913853795 -0.0278309677413365
0.0294614059176857 0.00664410109748297 -0.064431478732973 -0.0203559116527831
0.0224508948376381 0.0248634588508869 -0.0641312234138383 -0.029665681380079
0.00784553241973798 0.0336890987536105 -0.0526587233319371 -0.0460896185876047
-0.0211100618417578 0.0467690205063404 -0.0309788555512807 -0.0648714546978063
-0.053904574604587 0.0210980803415974 -0.010439423022438 -0.0755526708434368
-0.0657565767093451 -0.0354425182860549 -0.0124466551016979 -0.0684485824654678
-0.0528267420252083 -0.0786848553964553 -0.0381230029082633 -0.0990626908732659
-0.0615179941767824 -0.0888707568148353 0.0314495092475434 -0.0705588461199251
-0.0747889362443464 -0.0393564404202442 -0.0115913564514994 0.0138972211401999
-0.069000355135272 0.0239585983899037 0.0589095172064598 0.0394576703808301
-0.0330994617096193 0.0581156916974015 0.0916669791467147 -0.0165090866205665
0.00575258801323434 0.049551210782646 0.0483765905678438 -0.0760161063321479
0.0264125345907539 0.0390614467948248 -0.0152137405226849 -0.0795834450776479
0.0465955247577702 0.0183929998416572 -0.0452275063656924 -0.0455318431485666
0.0502434902811097 0.00809469830560229 -0.0458425158403759 -0.022451902962878
0.05271293886419 0.0156202246959238 -0.0501368237602827 -0.0110186191598493
0.0375935434832993 0.0443377904111089 -0.0547356914515118 -0.0153091810944755
0.0114984854195677 0.0586854215134908 -0.0532698439254656 -0.0271080710550746
-0.0372610726237578 0.0753235216126552 -0.0387640039532186 -0.0509984800221819
-0.0848840130189794 0.030245486309613 -0.0204559382588607 -0.0661635665101011
-0.0911385241879423 -0.0530347027346264 -0.0169616758617494 -0.049907319316493
-0.0672165405954111 -0.113031240668451 -0.0364001290001359 -0.0592387319974804
-0.056301065175811 -0.116038156071028 0.0461732385033093 -0.0285483757989388
-0.0898724419338043 -0.0745264808911561 -0.00451557483190565 0.0361399806559983
-0.106507276354864 0.0107578699401301 0.0582087354282342 0.0575083809294865
-0.0669825551272507 0.0780036313916084 0.0963609903187051 0.00121665341103021
-0.00169945382842068 0.0786977270514559 0.0572684660234886 -0.0574170102962112
0.0332782433593269 0.0608989217136656 0.0014222729410153 -0.0641753179591457
0.0624474373556683 0.0324877864127995 -0.0255789982123333 -0.0332284849510553
0.067073636264097 0.016079534121415 -0.0249316281642747 -0.0144087391509444
0.0681843850867119 0.0212308730378405 -0.0291152449338907 -7.89333384691869E-05
0.0487612900781033 0.0535517985972789 -0.0377096397347836 0.00199598007005572
0.0173532538304718 0.0728813762145849 -0.0475188258752111 -0.0042706508177145
-0.0424174178774365 0.094339299457655 -0.0444603615334866 -0.0319230956726214
-0.100149599573087 0.0392462685271909 -0.0274167175799375 -0.0547499550169987
-0.103924878551964 -0.058142232738012 -0.013234379030935 -0.0327461664436962
-0.0722019734833362 -0.12878210621004 -0.0281157316002119 -0.0135308264286744
-0.0422542269950194 -0.12413541558656 0.0530818312156201 0.0246334157846979
-0.0855628068929747 -0.099008636081379 0.0022661470303315 0.0633445986920833
-0.123347611727261 -0.00978264379259921 0.0495948709537723 0.0751906663130817
-0.0914280099640813 0.0787502769482128 0.0886863289242327 0.0248829683548834
-0.0127338810772561 0.0925952161084598 0.0603978704896824 -0.0285942941647796
0.0325067973248975 0.0725660281193078 0.0196377090438212 -0.0390109543142439
0.0676420794215997 0.0418229872251185 -0.00192735561682477 -0.0170916993051006
0.073474604678823 0.0215807098470884 -0.000791556753503444 -0.00317830069312016
0.074489846544358 0.0233107286765831 -0.00457941015986179 0.0107876953796109
0.0533337976576961 0.0542832517719169 -0.0173251774399447 0.0183857748989805
0.0194644001795979 0.0751274771384955 -0.0362796474088391 0.0182180307457826
-0.0430955461891375 0.0965092246401304 -0.0442610426710793 -0.0120037781402422
-0.100394029331044 0.0399250909634471 -0.0315320931938128 -0.0419251849639971
-0.0994236513321827 -0.0578749225460965 -0.00541568631655505 -0.0199086092852134
-0.065411163252276 -0.12626097824609 -0.015881289939678 0.0277535225008183
-0.0235115078225519 -0.108143167606881 0.05274423449296 0.0766031463182632
-0.0624272050449736 -0.102022091737219 0.00631807413419235 0.0885463698999659
-0.111376164625735 -0.0288661018178596 0.0351052968639416 0.0866848732388804
-0.0971346109946261 0.0600589655706448 0.0710168157101164 0.0456820368426902
-0.0221959932849727 0.0865947212425851 0.0563182922112107 0.00294686019442741
0.025472127163608 0.070197544840506 0.0351427159324657 -0.00924936623532485
0.0615284333570061 0.0427476908697429 0.0219276206444257 0.000859167213354022
0.0692009491806145 0.0233862904748217 0.022969093236267 0.00772083637598346
0.069429740590316 0.0227063120564795 0.0184668347203233 0.0211386410585287
0.0494997602519776 0.0503024400338411 0.00263448566529561 0.0327907494955211
0.016310957743327 0.0688790662387882 -0.0255790629494996 0.0368082561524285
-0.0427302278946822 0.0831847305294914 -0.0427577864962132 0.00493759690936064
-0.0894365910986954 0.0282419074149109 -0.033248827247462 -0.0296384797908129
-0.079706172910863 -0.0570576431724945 0.00130773968695107 -0.0102053132318706
-0.0449648120080664 -0.109254212450576 -0.00516922701763439 0.0618472643525141
-0.00384715273979933 -0.071465843927388 0.046020960150377 0.11718989145725
-0.031218937127048 -0.0807233267141915 0.00830464218384208 0.105331043887216
-0.0768923674054882 -0.035306623502353 0.0182947328724243 0.0893102943276959
-0.0789909907959161 0.0345045328714956 0.0496624211548881 0.0593263619405069
-0.0232404166353337 0.0643063036689702 0.0480163133761865 0.0295551320824928
0.0161321837908223 0.0538117210855527 0.045959900309854 0.0176872712961403
0.046667930156613 0.0354554617238575 0.0422885847779731 0.0162642021381754
0.0545807320936266 0.0211142906096856 0.0426259411989413 0.0177965512159612
0.0552021624407542 0.0206653316617121 0.0384772122761595 0.0306938325392026
0.039705411702361 0.0413131372442896 0.018000666485769 0.0460117017224471
0.00932149366445749 0.0564777696984233 -0.017761518646336 0.0533134748877592
-0.0414417789902446 0.061808648921263 -0.0427485908887197 0.0178877226467847
-0.0708651639273539 0.0109763688565206 -0.0354093409115864 -0.0197269620127513
-0.0510249343870002 -0.0537202623405679 0.00499660935122894 -0.00354089356099133
-0.017468706162776 -0.0806317654466106 0.000413051345238404 0.0865209752133428
0.0161534710679086 -0.0211630986195831 0.0383775216355811 0.137746343750133
0.00182493986965427 -0.0430283851028137 0.0109911391528125 0.109276851328878
-0.0319094859612414 -0.0280122826769288 0.00614786426924524 0.0859540231565822
-0.0452193614198531 0.00920942638747771 0.0326269261186003 0.0658667554267064
-0.0160384036638474 0.0319008876196074 0.0434920351629958 0.0457802140210841
0.00597430393922434 0.0283051181553563 0.0548162281909211 0.034422627975715
0.0240359416720586 0.0214227135947995 0.0566635279777081 0.0251150405254994
0.0318300254600665 0.0153436060915337 0.0558260599242339 0.0249164035419473
0.0336313967678955 0.0158980352805835 0.0519378504829727 0.0387830240878227
0.025513325632557 0.0285238348493027 0.02691534725678 0.0576465616714541
0.00231659931972106 0.0392663263844903 -0.0155697802814429 0.0670181336525692
-0.0354817819775207 0.0362428546039256 -0.0475321382148539 0.0272745004030932
-0.0460268316414914 -0.00591026325209993 -0.0407298174703959 -0.0137162532656538
-0.0186700293398362 -0.0440245070485506 0.00421909189963035 -0.00061027051465989
0.0116112072060938 -0.0416325008527313 0.000612241978363176 0.099947885392018
-0.0359729965708155 -0.00470963376235638 -0.00699722363768642 -0.106347490001649
-0.0111840446110663 0.0216993983055487 -0.0278119425556097 -0.00586799597066221
0.0180400426501306 0.0186973817360369 0.0424331883137765 0.0224318001413324
0.0195399319863757 -0.00770012944478004 0.0673632663467164 -0.0235273474656446
0.00246904090475166 -0.0139048252551924 0.0324478298432565 -0.0764331734178851
-0.00291136508832024 -0.00619288412238098 -0.0289619358226876 -0.0774142710703442
-0.00409356536880178 -0.00873692057526946 -0.0596902910854295 -0.0499856913594734
-0.00229799661998237 -0.00964828010344487 -0.064455550070191 -0.0284156913003347
0.00308816150225072 -0.00721756694098633 -0.0668467777959442 -0.0248010828911428
0.00806938007489154 -0.00177913890353847 -0.0646179131933198 -0.0367600696955992
0.0113591922526655 0.00237252480057539 -0.0493609676015406 -0.0544588858882946
0.00926026850181491 0.0191959611237487 -0.0248463879563875 -0.0717117789620971
-0.0125025634809839 0.0229821349853234 -0.00287425403877521 -0.0809140571652241
-0.0362404652028415 -0.00182878900500108 0.00033263287217264 -0.0830002088931474
-0.0352462568082548 -0.0270109471373157 -0.0317815650047194 -0.123753788611542
-0.0527777162894468 -0.0477864589016706 0.0130020963100154 -0.0969323257896614
-0.0449942422996231 -0.00481008950635918 -0.0208342428388094 -0.000808891273207762
-0.0226003251379589 0.0253583435711729 0.050616967260092 0.0275603181545472
-0.00201265214183385 0.0251885675341119 0.0791355263539622 -0.0233843068113541
0.00617721495440973 0.0155944726862304 0.0385734880844397 -0.0796820505289171
0.0127499240515052 0.0150749406123409 -0.0253575425232202 -0.0811740111565002
0.0222521979907547 0.00335890212084194 -0.0558055084399243 -0.0500458741762667
0.0245377760012002 -0.00125827550465025 -0.0587601371190244 -0.0275245799460529
0.0286497869518811 0.00634042420423685 -0.0620259804635587 -0.0202404905745218
0.0217002078112477 0.0244079246673445 -0.0621362685651815 -0.0298321830818765
0.00733793851092569 0.0324605716394698 -0.0512692966249513 -0.0454086730677887
-0.020265887828538 0.0454129702437726 -0.029329588230687 -0.0640711093250776
-0.0526979113276677 0.0205004791312742 -0.00895078433476612 -0.0738859885787786
-0.0636519422427504 -0.0349081426601094 -0.00994305203685981 -0.0667439872962302
-0.0506642362355414 -0.0770320532398285 -0.0359013161755904 -0.0972421141858296
-0.0590721051349374 -0.0864787195018169 0.0309477151987023 -0.0693987728112128
-0.0731874867143614 -0.0386791478395725 -0.0124410012918078 0.0128557947925005
-0.0668104244997078 0.0236514524911131 0.0562984085254913 0.0401064173112219
-0.0321398807058546 0.0564676621225244 0.0896155529469552 -0.0147659745527612
0.00557798458775417 0.0484953358350302 0.0485191918403433 -0.0732637570700439
0.025848383017925 0.0384410335964575 -0.0139763574103233 -0.0767665059184954
0.0450032017773293 0.0178789948034472 -0.0434097866251441 -0.0447275964764523
0.0485442253901261 0.00730751739212704 -0.0441295531777758 -0.0222534246032673
0.0506017827989214 0.0151185477811941 -0.0484846000415279 -0.0111420351671681
0.0362970452260638 0.0429026720656413 -0.0535012795407037 -0.0153348900365102
0.0110430791356437 0.0571469428259177 -0.0518488612176787 -0.0273032244795458
-0.0366504980220584 0.0729498976049185 -0.0376669753221607 -0.0502814808834039
-0.0831448639984358 0.0291957714471906 -0.0187975770700032 -0.0652051652945821
-0.0886916623794801 -0.0524090037538263 -0.0146125873576256 -0.0487923495016725
-0.0643030373867448 -0.110696149591333 -0.0345920157175912 -0.0584516897354007
-0.0540584486488879 -0.113319640470917 0.0454401851375672 -0.0279207313564913
-0.0873007048699504 -0.0736926858394918 -0.00628966082292219 0.0343622888468349
-0.103543342701258 0.0101373107969103 0.0553881635881488 0.0574691763628284
-0.0652141421554025 0.0762141819154929 0.0942846121172161 0.00317406754612713
-0.00212038160970319 0.0766758988231474 0.0568588214735724 -0.0551843894622055
0.0323159322488209 0.0591775813222451 0.00218358830096783 -0.0617576850762284
0.0600938826736991 0.0319076510698418 -0.0241852172591875 -0.0330540896627952
0.0647659652226876 0.0157328438031593 -0.0242467310916289 -0.0141983652814825
0.0659779466995069 0.0207198741496894 -0.028386159882453 -0.000278716424118826
0.0472230799285559 0.052175125300635 -0.0373725001398308 0.00146392048398057
0.0165917403717171 0.0710337805476849 -0.0466011673717385 -0.00442145781676092
-0.0412376385035747 0.0913526675802933 -0.0434797634684529 -0.0318492478003078
-0.097617281459482 0.0378713069216494 -0.0262567023628558 -0.054670120095157
-0.100524155019223 -0.0576088472249401 -0.0116140023478921 -0.0326074074092784
-0.0693497107625739 -0.125376208836979 -0.0264172956298732 -0.0142012290873984
-0.0404879594165174 -0.120895886939231 0.0510648219804485 0.024212909959487
-0.0826446246991655 -0.0977957474337522 -0.000143721376028005 0.0608967659778967
-0.119665208021715 -0.0104739231408299 0.0466978971226853 0.0741898053885693
-0.0896812505694012 0.0763934651127127 0.0868879862452796 0.0262867052066105
-0.0130682354220025 0.0906057646656192 0.059342130054287 -0.0271700974479957
0.0312117732108844 0.0714241772117743 0.0195855780705627 -0.0371744313485679
0.0653035546061684 0.04102739959555 -0.00124835914390001 -0.0170810996649526
0.070915482314682 0.0209494772192743 -0.000671928319379571 -0.00331689404394019
0.0716152956084732 0.0224857533703825 -0.00495661951901745 0.0103221948924964
0.0516406244138217 0.0533195868583934 -0.0172585066908691 0.0175113498596664
0.0185111775200517 0.0731771262921061 -0.0361459566822292 0.0172163457038384
-0.0416993225386643 0.0933807882388341 -0.0445383503898149 -0.0125490193558789
-0.0976926438134396 0.0385493834321026 -0.0302249293657073 -0.0418714046093585
-0.0962568982601904 -0.0576532977867814 -0.00427593182310116 -0.0193143008743393
-0.0622959550067229 -0.122813375412937 -0.0145170589003112 0.0269201795164859
-0.0220597652433373 -0.105296897102628 0.0498779175952619 0.0750301938608571
-0.0603326121816475 -0.100110752537981 0.00406133361508077 0.0852178072471798
-0.107378297969543 -0.0289264207714723 0.0318577035079637 0.0851032075793051
-0.0946461532366448 0.0582028840927617 0.0687289305537794 0.0465555318991518
-0.022072715805653 0.0845673016860034 0.0545560578186405 0.00414334089718367
0.0247028996434455 0.0689033795290123 0.0342692626751196 -0.00831288483318714
0.0598405265341297 0.0419485564335115 0.0218977671743619 0.00049912409077231
0.0667864852413487 0.0223281095818658 0.0224828887046944 0.00780112788470981
0.0666907479311251 0.022055293506636 0.0175957715655218 0.0206905124591535
0.0482408385462743 0.0491986723266492 0.00162336544842804 0.0314570373769164
0.0154018480624514 0.0671303722380752 -0.0254608396502834 0.0357750265325652
-0.0422410963990383 0.0808404380233839 -0.0425928887122811 0.00423240806531162
-0.0869158024086262 0.0267677468066245 -0.0325765354233819 -0.0298169822207848
-0.0770005400621765 -0.0562707701076149 0.00180408764747608 -0.010274665193642
-0.0428684788192458 -0.106057446847902 -0.00461091449230312 0.0601408397027907
-0.00293931463797428 -0.0693431616866101 0.043001987250679 0.114771446748196
-0.0296110612167938 -0.0791595255430254 0.00494341134439516 0.10179420233525
-0.0742246986793249 -0.0348441235290589 0.0159882927599681 0.0877372102268929
-0.0773830307131408 0.0332640574001917 0.0476905203048142 0.0591382803516411
-0.0230509037435364 0.0624851365201397 0.0466805348245253 0.0301567859564471
0.0151667779703631 0.0531130649280193 0.0454019376567169 0.0179052649983462
0.0449697550122122 0.0345672723924393 0.0416244118689442 0.0159830123728203
0.0524554788801198 0.0204197421643524 0.0417511298171197 0.0177865542638283
0.0533850419088004 0.0203975429229374 0.0367810925916212 0.0305478099863003
0.0386082141247491 0.0403241827962774 0.0160667473434867 0.0446494178872247
0.00870702874710614 0.0551520958246486 -0.0182086041113416 0.0518329013564639
-0.0406600576424309 0.0600475667053872 -0.042996893681344 0.016540532232159
-0.068986234340002 0.00968862481586762 -0.0349110923967417 -0.0204580576771913
-0.0484376084867534 -0.0529305292391225 0.00480722869231249 -0.00362319998883879
-0.0161401801680917 -0.0776257255446965 0.000598936471757514 0.0845393678490829
0.0156461133210745 -0.0200376783946816 0.0353957909203717 0.135182553033959
0.00240570188142065 -0.0415755246575327 0.00812795549407371 0.105872700880217
-0.0308031919403804 -0.0272914550069366 0.00409799347665171 0.0844922600308663
-0.0443423398777778 0.00897512079294989 0.0311997001892862 0.0650106338129841
-0.016070047096235 0.0312244337223492 0.0424170695669669 0.0458802284212185
0.00533389669736787 0.0280995812449262 0.0533410138106656 0.0341011384493016
0.0233334038462133 0.0209795803977118 0.0552426357294485 0.0247650136101071
0.0310529033994666 0.0144918208358556 0.0544942819044683 0.0249952753282971
0.0325578131654545 0.0154688184616716 0.049641782993587 0.0376815072257592
0.0244736238896656 0.0280098596741675 0.0247140374003713 0.0560953462381127
0.00193233982570883 0.0385695685618314 -0.0166268881139387 0.0645842694996112
-0.0347887528355281 0.0350032308619945 -0.0472269984186751 0.0261478609328842
-0.0446148903779317 -0.00642437902388676 -0.0395677334723585 -0.0138201498034881
-0.0173846696451581 -0.0429618858463479 0.00417389679686086 -0.00101027602071148
0.0117055011467904 -0.0401132519583726 0.000325687219182735 0.0972822485625044
-0.0359701420633971 -0.00517728165674389 -0.00474820416911198 -0.108404948081757
-0.0121991971209843 0.0218682315902815 -0.0285633470792653 -0.00629952350551145
0.0178404844018509 0.0190180295798905 0.0419260240337525 0.0245638712241331
0.0201420733310292 -0.0075941634535848 0.0688005193736258 -0.0218293795003745
0.00306996713018434 -0.0139859700429569 0.0352903306548809 -0.0767624921172798
-0.0025279404551767 -0.00611280717446854 -0.0265746730018984 -0.0786135356918053
-0.00389704825817299 -0.00871051255613497 -0.0584415546175576 -0.0514381544508821
-0.00228446802925153 -0.00990279583143425 -0.063657623839704 -0.0304620975561709
0.00317877917101591 -0.00691130107446344 -0.0664890946416237 -0.0269075432702579
0.00817093243535381 -0.00153740026950892 -0.0642625368618407 -0.0388496489448785
0.0113515717413309 0.00231506362172448 -0.0486068673281376 -0.0565138132970583
0.00882680828258906 0.0193324823851586 -0.022178744804043 -0.0731466201076738
-0.0134838239079853 0.0231019367673729 0.000691641132388877 -0.081417161914602
-0.0370763938478683 -0.00284256309371217 0.00405906535424004 -0.0839332625922
-0.0349686844163199 -0.0284283373156987 -0.0281500548941441 -0.125928648620871
-0.0518958718477267 -0.0488070064920211 0.0151619810049646 -0.0980937391890086
-0.0457361703242962 -0.00614918210084882 -0.0218577547587 -0.00147019527390117
-0.0232177666824393 0.0253764109660322 0.0500267662539186 0.0297916588143678
-0.00243355061535664 0.0255842566101572 0.0807818886274562 -0.0215276431620518
0.00609258949806783 0.0160639397570507 0.042257628579164 -0.0794595042770158
0.0130981264546524 0.0153395553134436 -0.0232861696602469 -0.0818003718684986
0.022371554747783 0.00415054733946401 -0.0545558710300586 -0.0519284611075937
0.0244333395501189 -0.000959773587845558 -0.057893266287379 -0.029465010382856
0.028221072905147 0.00668637805320385 -0.061872804866317 -0.0219507023072799
0.0213869948663188 0.0250596250990899 -0.0621158328209183 -0.0319831793801571
0.00685911245536023 0.032695452215897 -0.0503460516290221 -0.0475932218426144
-0.0213694218190379 0.0455662643185817 -0.0276354263246881 -0.0658779004337153
-0.0538404731295849 0.0194232247568363 -0.00585176069693368 -0.0751014728248438
-0.0638017606867402 -0.0375529290777424 -0.00676157309106395 -0.0678632632101172
-0.0491014960734257 -0.0786048482305716 -0.033098409596151 -0.0996066377031634
-0.0574244930100038 -0.0886442723860595 0.0329576603591595 -0.0699394466908701
-0.073269620015869 -0.0415566713054403 -0.0143325110612018 0.0124988832403223
-0.0676945144775915 0.0224180635866502 0.0549184637966834 0.0424383086834984
-0.0334400768719303 0.0569325383549605 0.0917400302057234 -0.0118855772161562
0.00465955129876937 0.0492128935451472 0.0519255815888988 -0.0723522639890119
0.0253481019247455 0.0392271168660506 -0.011784346242056 -0.0773747943776602
0.0450624937057111 0.0189340368915045 -0.0423477609433325 -0.0464258333838242
0.0481145826316546 0.00796361770878257 -0.0443229904465893 -0.0241304429098524
0.0500156700023537 0.0160655526141082 -0.0485200639757945 -0.0128589652743771
0.0353421117612261 0.0440576059800505 -0.053224898306637 -0.0170461538154618
0.00967735650749677 0.0577546079845892 -0.0514685512429363 -0.0291918142872323
-0.0378289625496362 0.0729770613969305 -0.0366896949793804 -0.0520952574903162
-0.0843974842622727 0.0276364497310011 -0.0162931039823861 -0.0671092574110387
-0.0878734941592558 -0.0555491272799692 -0.0127315410525197 -0.0504339959470158
-0.0617498313819866 -0.112972308267634 -0.0324384530951588 -0.0603415785795883
-0.0518661560556171 -0.115901370161832 0.0462787056131804 -0.0279836122386866
-0.0866617500767098 -0.0772064422727257 -0.00859108992629883 0.0340800551057818
-0.104835922824479 0.0080999895056588 0.0533231334353222 0.0602467264863563
-0.0671271410454625 0.0759807303841101 0.0952489194672563 0.00679577903453065
-0.00364311664864998 0.0777244500492931 0.0597820444352724 -0.0538502505769871
0.031348303353298 0.0605935378700887 0.00422050451004059 -0.0618861343007682
0.0597730856312398 0.033565087762823 -0.0225917272885984 -0.0345712053767002
0.0641230553738692 0.0162754295069819 -0.023647404961206 -0.0151089844863209
0.0649441617497344 0.0217595270384646 -0.0281164114258953 -0.00090878212530398
0.0462175276240066 0.0539107872285471 -0.037829934190046 0.000434374740888926
0.0146703867298365 0.0718924869721277 -0.0472659197347316 -0.00633709911672989
-0.0438391978269735 0.0909339745823969 -0.0432412846087967 -0.0329261759483526
-0.0992605108873072 0.0363523422603527 -0.0248782855048315 -0.0560732139396498
-0.0998199514618283 -0.0609704040250433 -0.0101167656321855 -0.0334605104231209
-0.0665162066493402 -0.127957753138931 -0.0257713184282714 -0.0154689509627119
-0.0379909710107873 -0.12285801457664 0.050608161096186 0.0250428284150587
-0.0814066658634515 -0.100653045139481 -0.00318317471144695 0.0606675650999984
-0.119791618615577 -0.0133277563404542 0.0435613964152455 0.0774555933134728
-0.0919662511197108 0.0756324668132865 0.0868574397241951 0.0294599073276269
-0.0151028957616959 0.0914406993532403 0.0616431760910754 -0.0252512916940841
0.0298972604602633 0.0728961775675132 0.0216767685988196 -0.0367792519862309
0.0646307942750489 0.0426358545026538 4.59982349799971E-05 -0.0175441316154612
0.0707376410808947 0.0219185439613125 -0.00031096751814513 -0.00365282194992863
0.0709084150303595 0.023763107646277 -0.00523422726606493 0.0104024497969433
0.050615132225238 0.0547810575114083 -0.018407957987288 0.0168277521482298
0.0173797982895635 0.0747078355879988 -0.0372643885363712 0.0162991122227383
-0.0443860957210796 0.09325892155504 -0.0448096548149177 -0.0134451164425147
-0.0992514299393389 0.0365531532889807 -0.0302629276528547 -0.0442772297082978
-0.0951385127201561 -0.0608547924833895 -0.00332931389122846 -0.0203612811007631
-0.0591783290685663 -0.125412924589387 -0.0149707065708205 0.0262299889985003
-0.0196820705514168 -0.106541867808133 0.0484527512571345 0.0769340577120552
-0.0585335558964899 -0.103046069579346 -0.00043027434257551 0.0856796926526219
-0.107185302951109 -0.031344323693846 0.0285982917074906 0.0876183520459728
-0.0972919714428819 0.0570064393918958 0.0683772609517964 0.0495018937596567
-0.0245528049804878 0.085271794736442 0.0559606653289844 0.00635297537229604
0.0231105397401108 0.0705031120629201 0.0355778394408747 -0.00682253607310497
0.0589985673924703 0.0436148017271472 0.0229800234113896 0.000738974611701038
0.0662691567534163 0.0233348013141978 0.022460840805268 0.00824404421736419
0.0663814158135013 0.0232721541394502 0.0173468919593608 0.0212179154249763
0.0473978346875373 0.0503528548093802 -2.68883423556514E-05 0.0315057355473352
0.0140228689779007 0.0679999463219197 -0.0268844061847809 0.035382487429856
-0.0444809223493223 0.0806440094162827 -0.0436650494065217 0.00307363595363639
-0.0881537533788087 0.0247763846950193 -0.0323444792283011 -0.0318113815084628
-0.0758178690006642 -0.0591541569914529 0.00239718703522926 -0.0106547878378537
-0.0402395800731107 -0.107694253451999 -0.00546148736984989 0.0603526353053006
-0.00106079634778473 -0.0694727506179781 0.03972501864168 0.117448787430525
-0.0274906873536097 -0.0807426887328945 0.000751854152385337 0.102065286888224
-0.0734775867378784 -0.0368021616684778 0.0125516028070517 0.0895329688949924
-0.0787467068477482 0.0323227450843834 0.04625760244387 0.0618055034015141
-0.0247504020648206 0.0626110765573916 0.0468210916952404 0.0321796992786498
0.0139467778199738 0.0540777283261704 0.0458488201384853 0.0193257799434296
0.0444040368161488 0.0357671214457373 0.0421689959670705 0.0168175665692191
0.0523338435535767 0.0210633178904164 0.0421175840104739 0.0187170456255718
0.052660193466709 0.021134990287737 0.0361237162027268 0.0313202425210759
0.0376288882065125 0.0414207155268644 0.0145170729082208 0.0457060500552001
0.00760244087321859 0.05599953860653 -0.019744577650732 0.0514434903873572
-0.0429782445725487 0.0593111559100598 -0.0441887087111378 0.0158571634658307
-0.0693444492197454 0.00821840003573074 -0.0354834517235668 -0.0219849010761599
-0.0474368291840668 -0.055285762030025 0.00505975553144362 -0.00385754601052226
-0.0139536929323367 -0.0784610455536757 -0.000965440211866697 0.0849193217713985
0.0159924452610297 -0.0191932221063285 0.0318261670677727 0.138095824733065
0.0034935549327338 -0.0417065291203695 0.00368271058235339 0.106558370507519
-0.0298319446339938 -0.028242001609997 0.000261285474382008 0.0857060683632284
-0.0452411286899564 0.0080584610265737 0.0292155150171751 0.0674481256377458
-0.0174258061032367 0.0312400608932439 0.0412674468735003 0.0480220273410113
0.00462394898312819 0.0285456020665749 0.0535317837109128 0.0359018964431367
0.0232255802314032 0.0219166577665503 0.0557281590238503 0.0263346646917588
0.0307287278013991 0.0151526562038614 0.0546709398839753 0.0260681171786461
0.0323699694654772 0.0159864172646965 0.0489673306802886 0.0395540376163597
0.0238653588312851 0.0285839523141118 0.0227497456533703 0.057183016093442
0.00111764404718716 0.0393916812411109 -0.0188791689337758 0.0646067811021464
-0.0358557196678013 0.0343467890384148 -0.0490265519710711 0.0247843237328908
-0.0444183044326375 -0.00802227553888427 -0.0402241113387011 -0.0158987979735879
-0.0162290000853131 -0.0438335660985217 0.0049095851864656 -0.00149668712196978
0.0128945836519918 -0.0392633605103406 -0.00154529452942822 0.0981270982174652
-0.0375162615167192 -0.00556233401175437 -0.00339466414177796 -0.114042600995521
-0.0135694092271209 0.0231783963189095 -0.0305646762385489 -0.00618494972932088
0.0187950183041711 0.0203417390444608 0.0434327704131917 0.0271611309371345
0.0216710371331867 -0.00770311473355606 0.072885633812821 -0.0211794289776047
0.00344439935812451 -0.0145936926695514 0.038323090321768 -0.0791764618588653
-0.00229305897406169 -0.00686381773039152 -0.0255234522139687 -0.0822155255868699
-0.00415451704811873 -0.00927684465115154 -0.0599578226957592 -0.0541755137598164
-0.00284165647893857 -0.0103157196832586 -0.0660560719748371 -0.0326034903529677
0.00310058473664508 -0.00722088434081849 -0.0690438884803777 -0.0288262694724172
0.00852039403263409 -0.00161710457434025 -0.066919645320981 -0.0418095840746497
0.0114020604272833 0.00256382665551286 -0.0493443758816937 -0.06084277894153
0.00941315873884203 0.0209110035397845 -0.0216588073170112 -0.0770781358061912
-0.0146428441965783 0.0237152442762516 0.00278754485254897 -0.0849876365338247
-0.0396640955057493 -0.0037527340536997 0.00763032508675885 -0.0876569969051473
-0.0361671722928672 -0.0303466293277979 -0.0264769039443896 -0.133068224023169
-0.0536998741280547 -0.0514020468292164 0.0166235548903577 -0.103769786679651
-0.047902537686466 -0.00647264199930184 -0.0240699666961945 -0.00127820012697995
-0.0242346234889692 0.0262274118719358 0.0514127640624847 0.0328620395281161
-0.00248488695569885 0.026926455454609 0.0857138620484855 -0.0204311803349252
0.00624232947639434 0.0168784713336542 0.0463021340428053 -0.0821324130195622
0.0134262969164848 0.015788284009289 -0.0218842750592713 -0.0858675207289848
0.0227047606663046 0.00405576372661735 -0.0558936926877031 -0.0547408958931189
0.0252333150532744 -0.000828686398675359 -0.0604573655840146 -0.0316127505958222
0.0289815097821431 0.00721954340476145 -0.0643858535295853 -0.0242551499263525
0.0219360113644484 0.0266270276047445 -0.0648456570113902 -0.034073914364425
0.00613505619626586 0.0340947582396819 -0.0521858153564199 -0.051240508853503
-0.022899444260187 0.047264931323334 -0.0268656383809759 -0.0691739953800439
-0.0570594493855761 0.0196947064692716 -0.00466484306440563 -0.0786863321298777
-0.0664245791031145 -0.0409117160781025 -0.00464981408693841 -0.0710750254524478
-0.0502127978721713 -0.0829972185363392 -0.0322773125380279 -0.105254183224866
-0.0586904630150619 -0.0927897820079173 0.0347945834269014 -0.073546648778143
-0.0766929770086405 -0.0445289986499163 -0.0168191672692168 0.0132962906521569
-0.0706693241344845 0.0227347756033135 0.0559413844730453 0.0462233924983706
-0.0351838204424968 0.0592909494761255 0.0968598818153799 -0.0100252040806743
0.00429731471487178 0.0516108793055278 0.0559410233303859 -0.0747897260122287
0.025919851268597 0.0411409941778736 -0.0102161716810298 -0.0809387269441717
0.0462257376161866 0.0200656577049142 -0.0425050370172417 -0.0488737897883376
0.0492903616342913 0.00840744280315445 -0.0455494571997072 -0.0258444951535113
0.0513902328182269 0.0173040623557087 -0.0501607000732719 -0.0138103775361307
0.0365263806888636 0.0462792399395197 -0.0562978912798361 -0.018910850230169
0.00925426273344878 0.0600938641631045 -0.0536600159436551 -0.0318716370897874
-0.0401124793577545 0.0757288972428911 -0.0372388407534828 -0.0554787381525313
-0.0888095853677219 0.0276301329721231 -0.0160204568156048 -0.0707476947602341
-0.0911612003576403 -0.0598945715365047 -0.0109829302931338 -0.0528309165327914
-0.0629246794439589 -0.118682924935771 -0.0323254261541684 -0.0639925550521956
-0.0522024242627779 -0.121239000495819 0.0482585516073068 -0.0293926137111123
-0.090112401971188 -0.0820341317225206 -0.0113366265852076 0.0355038751601792
-0.108786568532932 0.00749026146225427 0.0538810481572935 0.065247227364974
-0.0707909957806653 0.0793090597128411 0.100527019991356 0.00950545729652628
-0.00477203791580245 0.0817494264042483 0.0644007432892994 -0.055123453753055
0.0322869702314631 0.0642293509054699 0.00644452982929471 -0.0642369553242066
0.0615424281598995 0.0353185467741706 -0.0228460242686584 -0.0364446556719889
0.0661629499604491 0.0174374274054245 -0.0242853384176349 -0.0160342116386142
0.0670640998364597 0.0231153811716682 -0.0291138123768022 -0.00158676604636515
0.0478140431357142 0.0566636725415299 -0.0397902275021525 -0.000460530351972625
0.0149565223160969 0.07508156629548 -0.049417234803034 -0.00748371271480277
-0.0464981650424073 0.0944622775834121 -0.0451291158029989 -0.035777897424964
-0.104197635335848 0.0368788713213642 -0.0252976301529381 -0.0604987393337052
-0.10371175764546 -0.0658417899142226 -0.00905169565712572 -0.0351677334540029
-0.0671575685970302 -0.134643999148137 -0.0260278094171157 -0.016962173756
-0.0376280067026345 -0.128824371890029 0.0520600285111787 0.0265748347256242
-0.0842216572893994 -0.107030187020621 -0.0062070151713574 0.0630845187267409
-0.124819775824701 -0.015253092347647 0.043270830826169 0.0822213507309786
-0.0970632013310571 0.0783984947082371 0.0910154598063962 0.0333403405427911
-0.0170395466260151 0.0955432407176671 0.0660524697713944 -0.0247624036336965
0.0307916807869129 0.0765503810175449 0.0238257538775477 -0.0378483839018818
0.0670651459922396 0.0451369309303895 0.001143673705965 -0.0184686352517445
0.0730558076920733 0.0229141026286395 0.000132548135755151 -0.0040613393585091
0.0729071323339543 0.0252604254108909 -0.00474240274942985 0.0105679883836654
0.0522626026240951 0.0579051841722218 -0.0198989784726569 0.0172898110669641
0.0170555240396313 0.0779622609063342 -0.039392836152798 0.0164987672573815
-0.0473213201948909 0.0969056148768669 -0.0466442769347567 -0.0150063417395237
-0.103850800750879 0.0369968471702936 -0.0310969301159031 -0.0472570634615586
-0.0990539517988731 -0.0654347317955064 -0.00257023859154426 -0.0219650831511711
-0.0599924411464976 -0.131274551929111 -0.0150504895069443 0.0267711753296415
-0.0190985282293189 -0.111185080843646 0.0490823725794291 0.0814082584604352
-0.0593132539182149 -0.10879168404482 -0.00395856769775457 0.0890938261455735
-0.111084128879116 -0.0337039131949109 0.027146958207512 0.0927598783576703
-0.102218886695608 0.0590377650965589 0.0707960684023419 0.0536845386220335
-0.0269057742946704 0.0893027331144289 0.059079463477547 0.00847890155843666
0.0230815460257109 0.0746215571140533 0.0380590201531578 -0.00641376650026114
0.0607509850607066 0.0457878399171086 0.0244830478153358 0.00106109402634005
0.0688710329625233 0.0247219225748474 0.0241047440360359 0.0085814674592026
0.0686163042095801 0.0244649994293571 0.0177744836177439 0.022705208185925
0.0487922171059399 0.0528143951886532 -0.000939370981703426 0.0328577221225456
0.0136387337789966 0.0713204256298947 -0.0294184899435918 0.0362637432019926
-0.0474371652254435 0.0837892576029702 -0.0459975386024132 0.00287160678181683
-0.092111747976601 0.0250929425283427 -0.0342123231553035 -0.0347189415628076
-0.0780891624118563 -0.06342562726642 0.00325210763696736 -0.0118202772455851
-0.039986209237501 -0.112763427194208 -0.00599949270318736 0.0629895099645339
0.000165882608378546 -0.072407208891085 0.0397802574715058 0.124068064677994
-0.0272891473792756 -0.0848327258580373 -0.00292930695865396 0.106607312865098
-0.0755192839105144 -0.039613698480707 0.0100974924447975 0.0944964438473548
-0.0833045725726235 0.0331828923953139 0.0475640103833761 0.0655695611460204
-0.0269299098434574 0.06552125358141 0.0493994267848995 0.0347164497189637
0.0138849926515072 0.0573494266250459 0.0483661468233246 0.0215770277449973
0.04584217962187 0.0381043296714109 0.0444231979874722 0.0180758234579753
0.0543746191295898 0.0221885156301916 0.0440096919602882 0.0199413879776777
0.0547446823275333 0.02217142082049 0.0370462192096701 0.033587851217734
0.0388573677923172 0.0439118863834745 0.0141110274131259 0.047517496432274
0.00756271701240795 0.0589750023914421 -0.0223651732880514 0.0529099324516967
-0.045867258410919 0.0617396978976139 -0.0469328001320726 0.0161521190101414
-0.0723958021489591 0.00732799450958378 -0.0368351881210532 -0.0242910680053305
-0.0483842647146822 -0.0587157983028872 0.00574421593346779 -0.00456632857131153
-0.0134213406320862 -0.0815027594732044 -0.00154188847383844 0.0890296643266824
0.017085700945451 -0.0193864109252779 0.0303979618683849 0.145713285332514
0.00483370390332268 -0.0430912356657089 0.000394739706880619 0.111024903957636
-0.0303440918837792 -0.0301926026461703 -0.00200164100553124 0.0900592919644762
-0.0476476683271549 0.0084401485303989 0.0293491621061749 0.0717969751328422
-0.0187697332177489 0.0322571918377336 0.0430618633927062 0.0515497157749695
0.00441154109982503 0.0302484954174834 0.0560741033156397 0.0387841582855437
0.0239814220002624 0.0230912295252004 0.0582294637933471 0.0285223574061693
0.0321322291093449 0.0160592229388046 0.0574880271262418 0.0278220177407696
0.0335924157627636 0.0169534014392486 0.0503600026348722 0.0423470616637098
0.024819296147954 0.0299975783884943 0.0220679250334726 0.0603744382774823
0.000901037415066643 0.0412244109585647 -0.0212056674520361 0.0667862248072605
-0.0383790047619152 0.0353686345569594 -0.0527237135779113 0.0245538338580731
-0.0461589846992935 -0.00892730515832377 -0.0423079658230479 -0.0178061846476601
-0.0156850378283154 -0.0462104631848051 0.0047698574137714 -0.00222653383662114
0.0139099576839426 -0.0403221182441595 -0.00212142177703292 0.102972889446388
-0.0394993436249157 -0.00460913030633799 -0.00698012397946998 -0.122523026299898
-0.013888437062806 0.0253483209552747 -0.0340470755586725 -0.00510965738834852
0.0205102461593612 0.0211148738200042 0.0465500844882214 0.0296514100146045
0.0229077892148052 -0.00872391958698825 0.0776183992710151 -0.02324503063405
0.00360806094045114 -0.0156187294162304 0.0403832962203694 -0.0850832274355002
-0.00262599958222828 -0.0073078595664267 -0.0280833351178965 -0.0871087270272212
-0.00492396597358803 -0.00947422053665125 -0.0642754206522617 -0.0557592939368672
-0.003731070907447 -0.0105381471901675 -0.0712215195176989 -0.0333560156035051
0.00327927723874256 -0.00715475759112553 -0.074315447709934 -0.0295457547029353
0.00869598091118324 -0.00192643243000844 -0.0720679833822189 -0.0430534041232988
0.0119036012381447 0.00211997847550902 -0.0543776212142275 -0.063736474427312
0.0104402001761072 0.0218428706250415 -0.0235053646237956 -0.0827137937173737
-0.0158845062701605 0.02580761595632 0.00270300762496237 -0.0907908588131084
-0.043207404997148 -0.00345404167164213 0.00836494406295562 -0.0933596756056525
-0.0390349175672618 -0.0316552033655811 -0.0312974844461919 -0.1419244809848
-0.057948730872619 -0.0530123148262185 0.0148818258767034 -0.111927385972861
-0.0515199565127109 -0.00590012797631059 -0.0263739677734973 -0.000987834123974771
-0.0249419887877237 0.0282817909002856 0.0553336439110861 0.0356380744952412
-0.00164111096482446 0.028821504550679 0.0914945267719715 -0.023130192812835
0.00740170587013229 0.0177936177469011 0.0484045527559855 -0.0885611661267547
0.0148708102989021 0.0164863050388662 -0.0243449961893936 -0.0908337765396899
0.023987354933692 0.00378832699069068 -0.0601786257348383 -0.0566271110300486
0.0255896110039568 -0.00165483517146835 -0.0648670992240955 -0.0322090493862379
0.0305094412764235 0.00738245151077062 -0.0689809063557638 -0.024254534993136
0.0234725909803256 0.0277380184371801 -0.0695151661372077 -0.0350842791855712
0.00735429476386294 0.0361200163611645 -0.0564540791822134 -0.0542180669304338
-0.0230475953895571 0.0509612984490829 -0.0299697251171067 -0.0741282966680824
-0.060152294516148 0.0224800688145774 -0.00569274156622055 -0.0841051397258868
-0.0725747876421588 -0.0422782283825916 -0.00424504790549467 -0.0760817641655661
-0.0551756982960533 -0.0874884467862134 -0.036458414904689 -0.111962292676276
-0.0644781783286725 -0.0976269217825984 0.0345797921862677 -0.0799852378011313
-0.0832052738513631 -0.0459909214528639 -0.0190744370843117 0.0148180880958641
-0.074904831647375 0.0262612366446046 0.0601967544579903 0.0497253160993469
-0.0358375148680894 0.064623415939861 0.103809486741425 -0.0122551055485456
0.00591832151125892 0.0552653164580601 0.0598062722423494 -0.0810280044459174
0.0292384066622388 0.0433614974229526 -0.0117839277135196 -0.0855413091002422
0.0497114383747111 0.0198610922586581 -0.04632419742801 -0.0512330126172411
0.0518933963454977 0.00745692190500076 -0.0491406939890482 -0.0269417379345582
0.054643074396405 0.0174152820761128 -0.0534092151879685 -0.0142852941894035
0.0398777387261385 0.0484358925059307 -0.060388574567898 -0.0187490390902388
0.0112570114399754 0.0637053753908123 -0.0584356812502133 -0.0331108884167867
-0.0409678892545698 0.0821061117876667 -0.0404900948422374 -0.0581771272267999
-0.0938000208685994 0.0321363818075249 -0.0180726364978243 -0.0758331076749488
-0.0992449268300861 -0.0628279052096867 -0.0115369990955938 -0.0562716644313133
-0.0694714500274118 -0.125066762573942 -0.0353059916090263 -0.0683476917568769
-0.0588066788141941 -0.128056113252846 0.0498181942197718 -0.0328275027086627
-0.0986841848852462 -0.085745227299155 -0.0130533540220095 0.0384288226919486
-0.115737075325017 0.0104013698974967 0.0583260811889209 0.0696583852666317
-0.0731815824325028 0.086542442171381 0.108010643021707 0.00835158004445175
-0.00276308276789687 0.0874333097572173 0.0686669897898598 -0.0599356459581257
0.0363118177507964 0.0675346819534961 0.00609530076159319 -0.0684211650034102
0.0664891808616007 0.0358597702959516 -0.0244679290103978 -0.0387305246605805
0.0702966128738869 0.0161055200850964 -0.026076090339893 -0.0169511871638904
0.07117426376841 0.0225686162921661 -0.030809010176266 -0.00160351201114746
0.0522270854352205 0.05908425578319 -0.0431539005121757 0.000168809145209045
0.0174111109327067 0.0796294350274562 -0.0531685076405995 -0.00718957011368188
-0.0474446351269374 0.102181874653477 -0.0485819796319195 -0.0373066640959951
-0.1099642500328 0.0420503780130838 -0.0285933737399798 -0.064444064192242
-0.112547435560794 -0.0687082608078266 -0.00930874654484903 -0.0374249199633309
-0.0744889806061237 -0.14185572828494 -0.0274780253160562 -0.0177732751344201
-0.0429935646125627 -0.136060386645372 0.0555972180561039 0.0274420348055229
-0.0926747511219472 -0.112646960463063 -0.00718145877718235 0.0675400649509209
-0.132562175509849 -0.0129791325207083 0.046755066556767 0.0878438584139041
-0.101405418058995 0.0866033980013745 0.0980926267712143 0.0342158641206525
-0.0158325947083335 0.102899764808357 0.0708270657980553 -0.0275633031912199
0.0346156308142144 0.0812794404752574 0.0249408850486412 -0.0402801875665184
0.072178415899742 0.0459537274162578 0.00141905603732161 -0.0203229588453603
0.0781037485557959 0.0220109252073041 0.000281203770176188 -0.00489777588410871
0.0773383096792077 0.0247026785049357 -0.00460100197074619 0.0117202834897547
0.0569730727659603 0.0602506641235321 -0.0216945589356866 0.0186492606807617
0.0202677042376351 0.0823970392057291 -0.0426597579447176 0.0178517284917376
-0.0481981451394111 0.104429164462383 -0.0506984618407911 -0.0155403709663219
-0.109461880116441 0.0421110269484962 -0.0347709985630954 -0.0504128849321053
-0.106655020552785 -0.0684864065726102 -0.00262012835624711 -0.0232993353523373
-0.0668707027270539 -0.138298548973133 -0.0146035624630668 0.0287205825108639
-0.0227857692299824 -0.117812653138157 0.0533011981032847 0.0862433562603245
-0.0657693783301509 -0.114855810099697 -0.00431040989938932 0.0951362588233201
-0.118787226014429 -0.0340099266910783 0.0298958792313542 0.099269194258074
-0.107853606482581 0.06585302263107 0.0767634995830544 0.0564716658853852
-0.0264663599504421 0.0961939511035974 0.0640758717880858 0.00796518522304509
0.0266292381406118 0.0792609146301817 0.0411372486383863 -0.00727562344062061
0.0654969145024202 0.047515516874678 0.0269902890014824 -0.000275937584351706
0.0738626101027221 0.023953100106762 0.0265453912432061 0.00819509403116909
0.0730604228846979 0.0244603174956133 0.0194486007357203 0.0239611249052499
0.0530473647537924 0.0552099574257308 -0.0014611570948004 0.0350116096632474
0.0164351677350226 0.0755588521284151 -0.0312160064300181 0.0389934382758904
-0.0489765243245425 0.0905782840447986 -0.0491691594192485 0.00360907194689844
-0.0972448933895798 0.0287851044267735 -0.0383615047809093 -0.0368316928628877
-0.0844819697439515 -0.0668841920199806 0.00327163037343483 -0.0129788822189585
-0.0450977062306617 -0.118997763428001 -0.00423819278029484 0.0676235886705238
-0.00200188401824288 -0.0759300066671169 0.0442367138556677 0.132036477989664
-0.0305476552136352 -0.0898908078919206 -0.00231494787200024 0.114180786652863
-0.0810009554535146 -0.0404414171842702 0.0115419516731817 0.101245113023411
-0.0882442756588672 0.0380475254068445 0.0516393482080448 0.0694820287042602
-0.0272087776154922 0.0714000010842155 0.0538912195176096 0.036511748301606
0.0160401866732694 0.0613991178714427 0.0526094124369787 0.02206494767621
0.0496411432958912 0.0390517727351422 0.0482058985858574 0.0178386766389378
0.0585266166292823 0.0215250012858744 0.0481775207510537 0.0201140874040436
0.0585324136802291 0.0218413216584197 0.0403006909185152 0.0351837903634321
0.0426187365059995 0.0452176895493136 0.0149349958766463 0.050512271741468
0.00936860572690063 0.0626145300073036 -0.0236297429291411 0.0569275343575559
-0.0474496500277912 0.0675564689059212 -0.0501621597345986 0.0173496196146236
-0.0766804096943477 0.00925515766985638 -0.0409564382068178 -0.0257670636847192
-0.0526783070505382 -0.061873392401268 0.00610431397686451 -0.00542461930336855
-0.0159755420597162 -0.0860596106697789 0.00137562264294584 0.0950840950265144
0.0174710152916857 -0.0202528530975529 0.0358349319072841 0.15545451644827
0.00448730491504869 -0.0457519806447417 0.00113611408804109 0.118403073817605
-0.0327035310200297 -0.0315580205189174 -0.00145650897149397 0.0969238931883269
-0.0505319627791121 0.011057449996401 0.0322982669484052 0.0760337275495889
-0.019605536520045 0.0353333664815793 0.0472018041068232 0.0544622403546882
0.00536501095335115 0.0325149819366524 0.0610009383407377 0.0402372146745763
0.0257640059881084 0.0236667758569144 0.063316615728915 0.0286070391987896
0.0343704945896722 0.0153469701075771 0.0623044981993368 0.0285264737275335
0.0362396514917049 0.0169723101014194 0.0545580266661145 0.0440565827180123
0.0272307092385692 0.0314690714117179 0.0241956466231267 0.0643047620144591
0.00190769178918501 0.0442774908616712 -0.0219397264392868 0.0714145613533188
-0.0404061792159296 0.0392017447409944 -0.0558541952868081 0.0272268966067669
-0.0493896383501031 -0.00900847172489375 -0.0456913634422577 -0.0190984543673572
-0.0178415921176403 -0.0495014009640415 0.00525492039145953 -0.00272631683662914
0.0143660150622163 -0.0426024161316041 0.000974636814812761 0.109864791004456
-0.041444251097448 -0.0130900461571105 0.0110592129811087 -0.127885679006901
-0.0195116116639985 0.0242704212458853 -0.03578999682912 -0.00912226896046345
0.0176739356638692 0.0246964440128271 0.0446674127675149 0.0402581898406181
0.0250351423903039 -0.00638211149664857 0.0870976693203241 -0.0114207844048271
0.00554136233839304 -0.0165467909754119 0.0566623342190344 -0.0835584328918539
-0.00241292777702095 -0.00853059732394531 -0.0146934846692715 -0.0957339278117889
-0.00373657470486554 -0.0105965326720369 -0.0582570450183765 -0.068984996396438
-0.00301984163681101 -0.01180732040412 -0.0693938352106991 -0.0468934157851987
0.00438580595751449 -0.00675994655942696 -0.0734646371400537 -0.0429114304717019
0.0089595628753033 -0.000523970141634059 -0.06923316419485 -0.0563629619341037
0.0114942698135041 0.00381680735768706 -0.0469696156189562 -0.0760368025477621
0.00764512382985182 0.0237650095065112 -0.0115880635518479 -0.0916665883593883
-0.0217256710132261 0.0228144215459071 0.0193551901308302 -0.0942822290557445
-0.0449490840928322 -0.01316356877197 0.0285978690534068 -0.0948983929287447
-0.0364027914733054 -0.0435087937711498 -0.00550611682141428 -0.151069853828858
-0.0508480715839587 -0.0661450840348232 0.0312792759225681 -0.11542975901338
-0.0524906972846415 -0.0142439409321983 -0.0309414129638546 -0.00430405850721736
-0.0292118647676775 0.0243326575531739 0.0500879203873825 0.0488889820456382
-0.00582682352147846 0.0274877105464802 0.0995909036194572 -0.00642673685089076
0.00298715233255481 0.0182247415523062 0.0664242128788533 -0.0840374828995977
0.0119334103500051 0.0192597702812355 -0.0102584707097983 -0.0980377743178889
0.0233645078053478 0.0077224013149686 -0.0533526825273424 -0.0683138344469449
0.0258282619336423 0.0031270735920997 -0.0626660477217229 -0.0448656305033135
0.0300938947511857 0.0131249299829021 -0.0694841141359352 -0.036537321774881
0.0191742863860829 0.0333106934681535 -0.0687987396532797 -0.0483892327309014
-0.000188074487018626 0.0386099837022996 -0.0505920056197068 -0.0675268944917126
-0.03254375224485 0.0483448293057253 -0.0178513171499395 -0.0862378363751666
-0.0673619534314387 0.0104426070824067 0.0101094196691056 -0.0890487082537357
-0.0681278158050109 -0.0597034785185908 0.0127726912738162 -0.076426018059184
-0.0423389933327189 -0.106208718555695 -0.0164804390427401 -0.118144901605641
-0.0492277730612109 -0.112677039013313 0.0463901296201505 -0.0815640047904719
-0.0774164254992031 -0.0605741327064274 -0.0264988929045229 0.0111155461283661
-0.0792384292121961 0.0127306246897589 0.0495555011595437 0.0641344245005117
-0.0455450465030112 0.0585043644292637 0.107503947727133 0.00776663145576006
-0.00484713372732111 0.0564987049691446 0.0764496807070464 -0.0717184822682042
0.0222802057313814 0.0492060785213417 0.00211312418372409 -0.0899287711275516
0.0468219143632456 0.0285308198247013 -0.0391670547734031 -0.0598565953301698
0.050997689191059 0.0172180246908459 -0.0470133310488039 -0.0361808844587487
0.0536251608239104 0.0277712044870487 -0.0552593180326122 -0.0233167570515864
0.0323104891887251 0.0576834459931996 -0.0622913424507477 -0.0298654655598776
-0.00194200559269022 0.0682125734618457 -0.0556869907516289 -0.0465325408786404
-0.0567320763745946 0.0778640989809797 -0.0319024908281886 -0.0737434398878586
-0.103765737344016 0.0137718772369296 -0.00376196088396558 -0.0828001432231508
-0.092120320145057 -0.0857936683054884 0.0033369094896177 -0.0566039288394036
-0.049965002740372 -0.148837325768242 -0.0228246238051136 -0.0698089431026739
-0.0361887850927822 -0.142256636243309 0.0544431695301332 -0.0310544187134529
-0.0856784578253531 -0.104013539290403 -0.0246902086468217 0.0351161129512182
-0.117887472743583 -0.0100385291115664 0.0409679489674782 0.0834553053566248
-0.0871557274554843 0.0748455645568726 0.105484370045281 0.0311838622104015
-0.0186312336325908 0.0881276988991747 0.0830158738608927 -0.0462985314494359
0.025593246343586 0.0759058650298446 0.0188117950925361 -0.068605051672146
0.062005000366764 0.0473799430709003 -0.0179286917950413 -0.042344103267117
0.0683884450416331 0.0299483121980291 -0.0243807030775581 -0.0221206308935082
0.0691696445231328 0.0361583408052918 -0.0332758144144448 -0.00629546682292721
0.0436278927713674 0.0707515574733867 -0.0477242869912606 -0.00665030794398483
0.00167112939882574 0.0865239518860018 -0.0550224797231779 -0.0193621050091785
-0.067024004979193 0.0983186552177562 -0.0435862219135625 -0.0542577183228734
-0.122781754316405 0.020791197155772 -0.0166501764232105 -0.0728497577455478
-0.104980232051044 -0.0943230500132275 0.00320656459473409 -0.0368687597160493
-0.0517510494935673 -0.167192670433235 -0.0240614197951603 -0.0151058370693952
-0.0174307468987968 -0.147065001409482 0.0517233597878133 0.0311828639979556
-0.0741413205062311 -0.12991792203935 -0.023136772720989 0.0657081329413925
-0.130715987615285 -0.0369379595709324 0.0252629600095243 0.0984577396789366
-0.115328805671876 0.0707629909985085 0.0889926298988652 0.0558716932568769
-0.0346119252347492 0.101528661761858 0.0793299734589019 -0.0104167247625818
0.021581900666513 0.0901100230031926 0.0340027177085921 -0.0353434357322128
0.0660469661178858 0.059065993488527 0.00621497907949958 -0.0191626795169373
0.0761522829307184 0.0374041177973237 0.00176347797613337 -0.00522607102160256
0.0756240814935679 0.0391744463295151 -0.00852127108174265 0.011465141470091
0.0486285396960666 0.0731309825947791 -0.0283131071390545 0.0161252090993701
0.00379712934940429 0.0903595228740572 -0.0477510856037323 0.00827471179493399
-0.0687336911538207 0.10127931896722 -0.0495339437273087 -0.031358688226342
-0.122313436952585 0.0209592896207964 -0.0257090815706897 -0.0590917292465368
-0.0986167619669645 -0.0930202255277937 0.00700716097903723 -0.0208723273710986
-0.0439060597097751 -0.161553049011822 -0.0194800419939107 0.0360561469441101
0.000862708725708867 -0.123443396937681 0.039722333204323 0.0928880135505528
-0.0459562176729044 -0.127688798720818 -0.0230942634682544 0.0946494989127123
-0.112457444202037 -0.0558299618762141 0.00599610526889024 0.106207142924428
-0.118422734689519 0.0489661789823579 0.0624591977606978 0.0737860592514297
-0.0433228529380758 0.0929253233446243 0.0657125990731044 0.0246997776411226
0.0141223290479758 0.0868621549289306 0.0454977493591616 0.00149246027335917
0.0593218961486244 0.0595863507858483 0.0299690399597288 0.00643296461836855
0.0715656416082567 0.0385140343642268 0.0268580900633107 0.01252168448828
0.0710248124925932 0.0382799872239362 0.0160597289202143 0.0284142829329449
0.0452523814218999 0.0671605014912294 -0.00914720081041362 0.0367364525692557
0.00141301665429313 0.0832548808591763 -0.0394509704812087 0.0326203007969039
-0.0673639317454003 0.0869519191594965 -0.0509193940993384 -0.0108768897591067
-0.106583945933869 0.00926641755759672 -0.0321263380262055 -0.0453987751398433
-0.0750659650440348 -0.0869928937783354 0.00952473597766912 -0.00961797321877227
-0.0244721530781386 -0.1356875806754 -0.0160346659867048 0.0768097869358866
0.0151133987134666 -0.0763061430706852 0.0240282480249357 0.140301065495396
-0.0139419656049891 -0.0962518679808589 -0.0231218291335658 0.114560090034312
-0.0729363160207555 -0.0555277552355989 -0.0105464573215432 0.104827333987601
-0.0940181990702272 0.0240862192454813 0.0352224582186236 0.0824084811406214
-0.0400569365406627 0.0672142412530324 0.0494579787968011 0.051666025575947
0.00643547991647937 0.0663794173366178 0.0524164902643562 0.0334573935730333
0.0446117678291711 0.0482954121506726 0.0487683159956317 0.0281527294613479
0.0566001813989968 0.0329123431885862 0.0482445132503078 0.0284246245617348
0.0564827639083751 0.0333823180851534 0.0362052570978592 0.043443836745015
0.0362161530896248 0.0549377987267878 0.00572515123311954 0.0554467028945325
-0.00310512939428615 0.0679290651851435 -0.033699845261205 0.0528327379236078
-0.0621297993300161 0.0626565326454583 -0.0543230261561438 0.00454936723143178
-0.0812522086157473 -0.00706033738069236 -0.0375778897299483 -0.0336494808472851
-0.042360354267556 -0.0755771393836498 0.00947707299933307 -0.00183532508603154
0.000514735576071338 -0.0944343654531638 -0.0160895351677929 0.104694748508725
0.0251157194395049 -0.0151870410307174 0.0112598882784518 0.165537490895217
0.0144164146503851 -0.0456809262632196 -0.0186464967865714 0.122059451017781
-0.0258234049177502 -0.0377082275899655 -0.0201839226938495 0.0986730084988338
-0.051666794689812 0.00288859111738384 0.0169486128624659 0.0851027872061115
-0.0248535606103746 0.0322706843893213 0.0398047079132925 0.0674826258970812
0.000510037928518381 0.0349078954848087 0.0583310818673172 0.0529171322836305
0.0224485126615204 0.0291027627868683 0.0629974791643695 0.0414542850966589
0.0334634395031651 0.0223444847219451 0.06171019269313 0.0392816645984291
0.0346578042799639 0.0237831655367847 0.0496353208134481 0.0551056419664028
0.0230417381855147 0.0375856258236328 0.0130837925654903 0.0714297297151054
-0.00722737148070785 0.0473473245347348 -0.0343748577111473 0.0689380976033259
-0.0503405582939576 0.0341653242539169 -0.0617707992194651 0.0157740011597392
-0.0491062108835144 -0.0208496711613286 -0.0445621677820742 -0.0270848568205605
-0.00847646336651564 -0.0550696496342329 0.00658685503243729 -0.00014630303417551
0.0241129915662885 -0.040767242278983 -0.0196806854071655 0.116442031062182
-0.0426427424709906 -0.00945302404351663 -0.000617749473769616 -0.130213370773282
-0.0177892971380921 0.0260338473062067 -0.03785636267485 -0.00578696601231016
0.01995241338756 0.02387397735939 0.0486152145937125 0.038609310129548
0.0249761559926741 -0.00840952451749445 0.0874741596096628 -0.0172916840506175
0.00423440494444887 -0.017335068819132 0.0516127856460119 -0.0882634852066504
-0.00294785841525544 -0.00875308065663437 -0.02186835047013 -0.0952391205859663
-0.00490250527152411 -0.0105048104792718 -0.0640031131110686 -0.0641747527516352
-0.0045231527120829 -0.011219359223928 -0.0735606655341312 -0.0413761689193303
0.00365787320137455 -0.0072314073998177 -0.0780905770386805 -0.0369069260153047
0.00913941270351157 -0.0012857603233879 -0.0746643216675228 -0.0511510661076484
0.0117661346221126 0.00277192475220819 -0.0535440043454834 -0.0734492781226194
0.00985759347835274 0.0233865630952395 -0.0179514574766418 -0.0923563258412703
-0.0204821105110128 0.0250956553405888 0.0132170222495721 -0.0967845268670075
-0.0476776976526652 -0.009943307777213 0.0232563433168115 -0.0977931601717259
-0.0399865263259842 -0.0411403725743987 -0.0174558963186382 -0.152668117950311
-0.0564451361030701 -0.0627400783376739 0.0210366435841419 -0.119443751972178
-0.0546179553599903 -0.00988840298022411 -0.0326544585081385 -0.0011947048965749
-0.0275596373714953 0.0271230682888452 0.0539055958224461 0.0465932180521952
-0.00302925171191059 0.0286243982703158 0.10026570604703 -0.0142749617612703
0.00512232224097142 0.0180199443360195 0.0613045216681633 -0.0897851521545015
0.0134676176953642 0.0182974141154913 -0.0171066630717688 -0.0980951144214822
0.0238035077606157 0.00570624211596168 -0.0590992038728363 -0.0643877571272845
0.0254285555739774 0.000820701476682409 -0.0667908892656066 -0.0400727971382416
0.0311876666920714 0.0107784165701383 -0.072635154726542 -0.0310809279351893
0.0218115817931677 0.0316378473089997 -0.0735234466147446 -0.0428320924551859
0.00263286809676586 0.0383838964468636 -0.056850184901325 -0.0645502331850316
-0.0280632976113424 0.0514293703397501 -0.0249598793745275 -0.086323725313632
-0.066824622004044 0.0161001532532791 0.00417809466742864 -0.090255877596442
-0.074555107345008 -0.0552195252453643 0.00923559498764032 -0.0779656915096264
-0.0508806769454875 -0.103743743244994 -0.0257258945186229 -0.118503316428611
-0.0582130546834848 -0.109657563103024 0.039158298854597 -0.0861688230108729
-0.0836172040094801 -0.0548141113361983 -0.0273768131948974 0.0138623598200326
-0.0785695913664742 0.0202015411138817 0.0544905966884672 0.0621936654752892
-0.0404806755802733 0.063318834691282 0.109688709638376 -7.53565256080649E-05
0.000499534012823845 0.0574262101047959 0.0729011901709244 -0.0784384850112619
0.0269714148369709 0.0477970541113967 -0.00426601346707307 -0.0904868304414936
0.0493439456137593 0.0243648271400496 -0.0434299880205256 -0.0575323500828195
0.0520776959316767 0.012590552371489 -0.0504891243664384 -0.0330854402100357
0.0556308389459196 0.0234697210639533 -0.0571082396928644 -0.0190539420514886
0.0372058518032497 0.0554076490235034 -0.0659637579701003 -0.0248580270253083
0.00341364695855896 0.068608816720306 -0.060201586685421 -0.0437110747945646
-0.0501715876819711 0.0831570130311076 -0.0378544067265087 -0.0728699089714024
-0.103367877331728 0.0223706300154048 -0.0104020631994771 -0.0830839486738337
-0.100446246728737 -0.0797813454095105 0.00050231422001593 -0.0574431212861638
-0.0625454211136867 -0.146042815205457 -0.0281193231754827 -0.0689551580393837
-0.0475662588885908 -0.140441995589172 0.0515124490913506 -0.0359396773390791
-0.0957071272621322 -0.0979286897023238 -0.0232396582016279 0.037187227584937
-0.119443833616933 0.000157607671080636 0.0467440842386795 0.0821354566352481
-0.0805184577145451 0.0836266629356018 0.108482402594631 0.0238789632861285
-0.0106142577420983 0.0904908971022153 0.0810897452890664 -0.0530906191471796
0.0322699986553701 0.0742861534489112 0.0138417946702567 -0.0701578251874291
0.0662083354523894 0.0423745198936462 -0.0209240597120543 -0.0419867159188619
0.0710258943329699 0.0235491734638865 -0.0263893326610402 -0.0211024150888793
0.072444290145255 0.0304360716610602 -0.0340816857496035 -0.00387839150560407
0.0498040593434622 0.0675792381505049 -0.0496858175412872 -0.00279811404495717
0.00831148405824626 0.0867737060608399 -0.057735384313286 -0.0161388662738234
-0.0586802857933348 0.105113247368163 -0.0481164695443442 -0.0516840093489359
-0.121552256389961 0.0311931695208981 -0.0225591879999353 -0.0722403706336357
-0.11339355690612 -0.0873875254038711 0.00147257695172636 -0.0373238339224418
-0.065626199406819 -0.163459084461562 -0.0246324515937106 -0.0134881758770311
-0.0293593759239346 -0.146644077504073 0.0538703410976656 0.0277078030097716
-0.0853344458310561 -0.125708541987093 -0.0202618586390564 0.0680981453251034
-0.134660803958532 -0.0263352318782835 0.0315746065964452 0.0982233092852476
-0.109842691739196 0.0816878915325866 0.0935752262527828 0.0498918509990071
-0.0255194586793123 0.105802965494445 0.0799194916766539 -0.0166009333439822
0.0301072441192666 0.0891680537457094 0.0324916969212799 -0.0385344043839172
0.0716021927833245 0.053999793448448 0.00505319895780958 -0.0202907557291338
0.0787589665302673 0.0302027262224017 0.000965456019906408 -0.00603442577174861
0.0788397632158769 0.0334053810063283 -0.00704832247483656 0.0116799459887311
0.0553648153532516 0.0697102034522176 -0.028284827719835 0.0183407951456111
0.010809922707597 0.0904990762249492 -0.0478511657808649 0.0116081696872788
-0.0604274361852331 0.108010046824651 -0.0525449112582456 -0.0278687358962756
-0.121275186634532 0.0311504631537033 -0.0313015681360283 -0.0576603073019522
-0.107376328657624 -0.0864869593900857 0.00593506831700508 -0.0216778178397454
-0.0573786424877197 -0.158579911780484 -0.0162150038945574 0.0375037936517165
-0.00903571841499535 -0.124496165242323 0.0475931392314779 0.0905938042692969
-0.0563585792449772 -0.125380497861519 -0.0171085850327468 0.0971751563491886
-0.117719941052061 -0.0471814051153286 0.0127873973808782 0.106967207623476
-0.114547848386784 0.0600530390331793 0.0681136403924176 0.0704529444231721
-0.035795467290186 0.0976569711988355 0.068879591849133 0.0205235719380347
0.0218590681654509 0.0863306161566457 0.0472024740873146 -0.00193961664062442
0.064825493658584 0.055054177282315 0.0308591664890258 0.00364950210646483
0.0750189636963041 0.0318813559154336 0.0279693112595747 0.00977870741149428
0.0742302517797728 0.0322488456252663 0.0184019256381463 0.0269483777302579
0.0513398989749167 0.0637242477477678 -0.00723776226949878 0.0380588789427769
0.0082058948861862 0.0834018966672251 -0.0375732247279494 0.0355157256868209
-0.0605953000252628 0.09349422033911 -0.052792020290133 -0.00711873249779658
-0.106443141736425 0.017813035444292 -0.0366037530296968 -0.042969620321508
-0.082791957829383 -0.0821881582722572 0.00972707807900069 -0.0101975386540806
-0.0357765078908332 -0.13418955526602 -0.00897849228071713 0.0787550367573462
0.00940424594527198 -0.0778363704435353 0.0352559032446149 0.140287755191023
-0.0214849564567541 -0.0956324476151099 -0.0154234320808348 0.117503540084693
-0.0770247097811565 -0.0504447730689629 -0.00429093891276677 0.107199561551031
-0.0921373275158582 0.0329694098452868 0.0413842121948949 0.0812919109690956
-0.0343785243160523 0.0712268425680219 0.0543439829918794 0.0492508843455619
0.0125019066798684 0.0666934518909574 0.0563986557037097 0.0303086747180852
0.0487655595474132 0.04544485101905 0.0521946121995712 0.0243087971593985
0.0597511819342088 0.027872861939154 0.0509377218190938 0.0238308613704313
0.0592895933059926 0.0285846835781284 0.0402672029327517 0.0404205551892756
0.0411432255261946 0.0523914509411813 0.00899223271721954 0.0558635765587657
0.0022392665083769 0.0685529878987961 -0.0305910724530208 0.05588589991026
-0.0574861012575027 0.0684789387016989 -0.0550163412806845 0.00886759158924428
-0.0824712171416292 -0.00103309504984584 -0.0411240758439073 -0.0315399733343185
-0.0487798770356338 -0.0734218755155363 0.00978581303749363 -0.00255930512058452
-0.00697162812474479 -0.0937036105885236 -0.00622067702216485 0.106818075357065
0.0244862275922762 -0.0167470053806777 0.0250386868067381 0.166721487892519
0.0112220863388822 -0.0466991504567327 -0.0106192604349359 0.124184902469137
-0.0285590885843519 -0.0360031632974047 -0.0148047101243005 0.100842421422311
-0.0517409025183884 0.00818432532940607 0.0224948201498076 0.085466343173086
-0.0227120991352034 0.0350133637719712 0.0456276860496514 0.0658295351072156
0.00322987763804224 0.0352667802179179 0.0642260603804795 0.049136235886582
0.0253918729564159 0.0272042986346286 0.0670368604477535 0.0365662422189155
0.0351518687949074 0.0190252237892204 0.0661218406427175 0.0341401964258407
0.0365202319769027 0.0210204319809588 0.0543952081513098 0.0511166280082843
0.0263871382102628 0.0355425499263036 0.0187311867401252 0.0710537965884764
-0.0031164690699265 0.0483446532395552 -0.0299562630774055 0.0720493966863402
-0.0475863244006085 0.0387140549223919 -0.0615328654235554 0.02012175249177
-0.0512565049052438 -0.0173440829105456 -0.0474731917372912 -0.0243097451452515
-0.0126264224056222 -0.0549991133697042 0.00683448548008442 -0.000949714127634848
0.0210691731982023 -0.0421589290327644 -0.00896037078371506 0.118939475425522
-0.0414422855071541 -0.00739033360651415 -0.00923520297102814 -0.126323559054656
-0.0160845933380715 0.0263863509862141 -0.0382739623567909 -0.00234957553353295
0.0206386700971533 0.0216406218664678 0.0492869770159468 0.036085188057185
0.0238457083692939 -0.00980285653712654 0.0843261830787466 -0.021017335174339
0.00302407218762753 -0.0172828070401852 0.0464552656226926 -0.0886470597360558
-0.00331036552316205 -0.00864818363066594 -0.0259471067633117 -0.0913783271102162
-0.0051713305833221 -0.00999447948147014 -0.0657943277740697 -0.0584215646345977
-0.00531388233207163 -0.0105076763669737 -0.0737944653123729 -0.0361116054523136
0.0035679678385567 -0.00696493663408784 -0.0786389535530595 -0.0316072804444578
0.00832917780576005 -0.00167388391829262 -0.0757568393187374 -0.0455715601980978
0.0115549113081655 0.00227013433643783 -0.0565111097347528 -0.0691518052937914
0.0114037922114638 0.0217638604983141 -0.0222206990180684 -0.0895429068813098
-0.0190766256938114 0.0259371550242326 0.00922508834972536 -0.0948380366057569
-0.0479709715799479 -0.00648877138167974 0.0194988246116424 -0.0967515172503309
-0.041392085861925 -0.0376268494396909 -0.0255507422840094 -0.148025560195119
-0.0579395463855847 -0.0578705677669845 0.0119480737541977 -0.11723858511996
-0.0539291647868357 -0.00660282898212807 -0.0333959675956882 0.00149369026933155
-0.0247774728555234 0.0278390946713569 0.0547655165128271 0.0438696893090399
-0.000778249475918322 0.0285481704382546 0.0972446763868284 -0.018657757589292
0.00632195905329083 0.0172186847653672 0.055619247563563 -0.0906703764109621
0.0146419826118063 0.0162442868995144 -0.021718030839734 -0.0941282103715288
0.0235241070865832 0.00414959729818854 -0.0608832539815722 -0.0596420784165678
0.0241624386013428 -0.0011662670155156 -0.0674449182677683 -0.0349549774963165
0.031230523949898 0.00869377391392142 -0.0732030387818484 -0.0265137668042818
0.0231371668687128 0.0293981927053912 -0.0741870856704987 -0.0377880610544577
0.00436946162923344 0.0372712291661472 -0.0591427602135137 -0.060699156657788
-0.0234353190891368 0.0511525354521423 -0.028376166206175 -0.0834293772686828
-0.0642413781642215 0.0197615168381022 -0.000165295671308568 -0.0884280522411974
-0.0762759761430688 -0.0495818991838933 0.00614847146489397 -0.0765971362578304
-0.0553907415636044 -0.097542094173646 -0.0315203946323703 -0.114046507800679
-0.0625318548919287 -0.103154003431412 0.0322045649857055 -0.0860532353349433
-0.0845043299353352 -0.0487189937314051 -0.0277252975461044 0.0159424162790739
-0.0746843009851785 0.024172689585601 0.0557145216267814 0.0590824220533514
-0.034657355535791 0.0645545961097929 0.106993928643607 -0.00519690263754283
0.00450872340419791 0.0559447160500799 0.0675419754701699 -0.0801233051568594
0.0292681911918514 0.0442386211838457 -0.00807689554896195 -0.0877046967726866
0.0494824387554411 0.0207722777727518 -0.0455133615522457 -0.0534352956525424
0.0504322671791447 0.00891766021860772 -0.0510310932185557 -0.0293685306195154
0.0553063185615726 0.0191059806134494 -0.0575580342268233 -0.0159030435161365
0.0393795364848307 0.0517172086829899 -0.0657163712565639 -0.0207976386246001
0.00710075307809669 0.0663322198113765 -0.0619827218500592 -0.0399826843167287
-0.0431443691387565 0.0837629246487744 -0.0406509741310687 -0.0692930655654007
-0.0988511025557043 0.0276897218252286 -0.0138766120293389 -0.0805003122583332
-0.102972017633355 -0.0721194016918321 -0.0010663595261096 -0.0558956460714635
-0.0688742111481661 -0.137437977072149 -0.0308908736248782 -0.0658054782915943
-0.0540314717094875 -0.133362048543254 0.04756596677473 -0.0378023453535341
-0.0985544583395309 -0.0895299015851952 -0.0224714765102862 0.0379713839683602
-0.115157958286004 0.00738122182490629 0.0487126897099966 0.078488519396753
-0.0724720940016747 0.0867519142406301 0.107222558363674 0.0179890090417649
-0.00461379731985425 0.0887959340810953 0.0768901548074496 -0.0560000514960132
0.0365806905848765 0.0699868737262918 0.0103154635829413 -0.0689989510512642
0.066696847959925 0.0371386960819304 -0.0224858498599489 -0.0403217172998471
0.0695734242808498 0.0179710415219093 -0.0272756108925142 -0.019342402702689
0.071875387580964 0.025031614580798 -0.0336573216962266 -0.00248575542831389
0.0525740508049554 0.0628924541069899 -0.0488088647849191 -0.000258852922739052
0.013372756797108 0.0838935456966792 -0.057491026173979 -0.013100555659649
-0.0501845090629984 0.10577671404482 -0.05005935278806 -0.0480939428173684
-0.11584050940605 0.0373507472242819 -0.026238397831353 -0.0692684303478096
-0.116022132801114 -0.0791019549620733 0.000177321035101669 -0.0363774148488473
-0.0732323265738311 -0.154345412889641 -0.0241241915570843 -0.012025529324974
-0.0360491655779899 -0.141253083421268 0.0528086424317788 0.0238299357964968
-0.0905031979984355 -0.117193308184621 -0.0173751458258622 0.0672614346214467
-0.131738434556227 -0.0173757099864287 0.0349214255964819 0.0955149081747566
-0.100895620306715 0.0867202927679015 0.0935874027350953 0.0444849915010547
-0.0177118680333348 0.104787319258851 0.0778621302114428 -0.0203898250258978
0.0349738529006015 0.0847496159646245 0.0300776813526896 -0.0389120427117556
0.0727257347051401 0.0480292009173066 0.0040546834045106 -0.0207772295421182
0.0779137038344665 0.024082755700241 0.00117414856590702 -0.00629763583142563
0.0785020771503077 0.0271623962194622 -0.00656010990183892 0.0111652633034885
0.0575459467159109 0.0642561050401616 -0.0268932907922656 0.019869220388526
0.0161880372234463 0.0874792531007487 -0.0470940531823209 0.0135294762428201
-0.0518961220475175 0.109130366055344 -0.0525853928115646 -0.0247773111585834
-0.115257392162221 0.0368997446036739 -0.0343126266290647 -0.0549392219792622
-0.109453606768234 -0.0786659241282792 0.00565572740603063 -0.0216572894342178
-0.0647428443993771 -0.149365370432393 -0.011929402775978 0.0373024214431076
-0.0151004470666778 -0.120252138113729 0.050804088274921 0.0856468176762227
-0.0622455375964205 -0.118721382027721 -0.0131713199134913 0.0954891520964145
-0.116438608027718 -0.0389868083544107 0.0165703663720061 0.104760437191577
-0.106966245934638 0.0658033179287458 0.0692770408180709 0.0658833801039137
-0.0283568543467511 0.0973662040737754 0.0691647225519497 0.0168455836815679
0.0269276898225831 0.0826684462412398 0.0464720182065396 -0.00429154046034987
0.0666426743006584 0.0499240397388011 0.0307491272406053 0.000861105086398047
0.0741855661908381 0.0256437444197456 0.0281782324933822 0.00722954382232325
0.0740928183462173 0.0266768445140155 0.0190887777210012 0.0243475517273409
0.0539778389185833 0.0585919910911276 -0.00551118028808126 0.0376750337566827
0.0124793413558918 0.0807434903351841 -0.0351474462155637 0.0363164059664054
-0.0524054793724591 0.095053381276682 -0.052124821773689 -0.00429604844665543
-0.101602087390234 0.0230171071466086 -0.0389849707116841 -0.0400322438699174
-0.0850385381402432 -0.0757023093802607 0.00947418767152338 -0.0106509530619611
-0.0417279109386727 -0.127065330174687 -0.00308424143192389 0.0768537372405447
0.00546504690747895 -0.0755812885763603 0.0421713674255792 0.134845637893305
-0.0261048589524583 -0.0920303265477655 -0.0104770860348044 0.115058311074901
-0.0775612576439535 -0.0444835691676928 0.000229640180299983 0.105735359289424
-0.0869440032911823 0.0378534179395713 0.0440944960395022 0.0775238947098321
-0.0290094859490845 0.0714172200759449 0.0560689475820702 0.0458868213463103
0.0162614545917449 0.0641897950851295 0.0577561285021493 0.0264718909927492
0.0501792247734924 0.0409891981429718 0.052537446897748 0.0201412178631491
0.059538005602079 0.0228472738173935 0.0512225144249171 0.0196640073288301
0.0594770530473162 0.0236998195728276 0.0412394236014368 0.0365344397562989
0.0434931449298463 0.0480773225409747 0.0110842367579209 0.0543161943337199
0.00598156979365628 0.0668125514642752 -0.0271930103573551 0.0552798597084634
-0.0515792970616196 0.0702457349397465 -0.0532294167814563 0.0111891756364651
-0.0797580690143455 0.00333138077748993 -0.042731134377094 -0.0281240649576351
-0.0514468620387656 -0.0688520773076112 0.00994324282987836 -0.00302641270476637
-0.0115148999798104 -0.0897664251432793 0.000894788861469468 0.103883434303107
0.0235916194049872 -0.0169239471795438 0.0337909055370907 0.161039951975452
0.00900010554933746 -0.0457633433402317 -0.00462615429782346 0.121276757608607
-0.0295412253905822 -0.0337717327698506 -0.0103418161356176 0.100175797181974
-0.0492713305435152 0.0109819006450914 0.025985646929752 0.0822324458583875
-0.0199357133495823 0.0354773233143068 0.0484874537604942 0.0622741592726734
0.00562644715655289 0.0341439538839118 0.065271788431019 0.0446178178579009
0.0262486042408072 0.024773072823118 0.0679746208140612 0.0315809167797535
0.0352992181571234 0.0158160763812649 0.0660053425572643 0.0284472338272925
0.0371229593973567 0.0179065020931545 0.0558030484051526 0.0458207001774483
0.0275425347188602 0.0329201343609717 0.0219526680714879 0.0687672521392881
-8.15480763961909E-05 0.0477697097422503 -0.0258341623567523 0.0713592957690116
-0.0440677582521324 0.0409982967029204 -0.0595567934187819 0.0226493039549722
-0.0504833148431019 -0.0149578385320125 -0.0484214519872925 -0.0211068059985898
-0.0148847819978246 -0.0532991653055639 0.00693446107690994 -0.00139331457236499
0.0184383113428183 -0.0413532820572688 -0.00135151818501141 0.116080848021085
-0.0398369274422632 -0.00632296864068036 -0.0123083641241264 -0.121726399201315
-0.0150878176353974 0.0264715506239882 -0.0380466147179166 -0.000544219098911889
0.0204893443263764 0.0206519140352057 0.0488224639305289 0.0351693112700582
0.0233103481524114 -0.0100044042666294 0.0823534818112542 -0.0207096990049726
0.00286847639306713 -0.0168871653027569 0.0445041727283109 -0.0867403827087129
-0.00309494434408617 -0.00864184090421531 -0.0256777514428443 -0.0881841568305573
-0.00503008123859461 -0.0094757340964272 -0.0642241639347049 -0.055415716849413
-0.00565768685621753 -0.00963230512868568 -0.0727592701861139 -0.0328155104460157
0.00318246213249002 -0.00686246446766431 -0.0772799281475418 -0.0289612216280902
0.0083219041831885 -0.00148883589009172 -0.0745587792299396 -0.0433197073084173
0.0114525834082003 0.00178134254870227 -0.0563274335674729 -0.0662613187418018
0.0115275687393113 0.0210252405832117 -0.0229269155701888 -0.0875125434807099
-0.0179480222757004 0.0257141432586225 0.00829170788430007 -0.0920192136532944
-0.0471028235513456 -0.00505531381613039 0.0190401748670562 -0.0941255968874585
-0.0403453250202161 -0.0359320980666337 -0.0268061502600912 -0.143241257013929
-0.0567713931865102 -0.0549693649945089 0.00854826768354724 -0.113755299764679
-0.0526717419345016 -0.00514053255467282 -0.0334638189785707 0.00290586663888489
-0.0233809338605375 0.027541496003053 0.0542381990581554 0.0427784419249603
0.000860138654921802 0.0274227834579853 0.0941932608685265 -0.0190807644292348
0.00674224778429272 0.0165320279338505 0.0527685008087656 -0.0886257664397399
0.0143692390905347 0.015174384971109 -0.0215572035670857 -0.0904566242396697
0.0228011205573124 0.00310327362570614 -0.0598822477039248 -0.056066395688018
0.0229075671457838 -0.00111973642236705 -0.0665393913776821 -0.0327333856922743
0.0300846624007903 0.00750836222939881 -0.0716977736545285 -0.0243581256839411
0.0229488562180767 0.028302201189029 -0.0732293842252334 -0.0354336195288896
0.00500660468032281 0.0359365648384926 -0.0590839522695865 -0.0586766584440704
-0.0213310317456381 0.05003691699273 -0.0286417060470891 -0.0809461139480639
-0.0617323836669036 0.0204560165826364 -0.000251712736572015 -0.0858921091000659
-0.0755345418575337 -0.0463956857269097 0.00622644682064423 -0.0739464657453429
-0.0550565284750412 -0.0935858633953062 -0.0323091828837734 -0.110063812273248
-0.0619974401942202 -0.0989811278113638 0.0282608027659659 -0.0837325440472765
-0.0834241415238913 -0.0451309872217137 -0.0283322354685509 0.016518474259564
-0.0712799977673341 0.0252501686414548 0.0540976340075305 0.0576052181124408
-0.0312484974725877 0.0635996472187608 0.10355027408916 -0.00632206244924786
0.00606649795790725 0.0539020018756415 0.0647031122536429 -0.0791560427978828
0.0293561807510767 0.041823476285788 -0.00870859284200858 -0.0845567639363295
0.0484328880228533 0.0187986284485108 -0.0451747148570212 -0.0510495348239317
0.0484233075628731 0.0074856227352489 -0.0505848535223995 -0.0276035371495146
0.0538633642825075 0.0172308786076516 -0.0562569478213544 -0.0146306753815628
0.0391617792828325 0.0492077297212201 -0.064393971828715 -0.0185561425986951
0.00806901794657467 0.0640656417432392 -0.061507929758681 -0.0386776029341772
-0.0393083579654843 0.0816622148134928 -0.0407180155819281 -0.0665091981240991
-0.0948544971057437 0.0290200760391333 -0.0145053860780073 -0.078060488070993
-0.101406928397502 -0.0680443161218675 -0.000302042980994578 -0.0538425937374627
-0.0687123447834752 -0.131441101803167 -0.0307290662830499 -0.0632544848596364
-0.0538808832664317 -0.128561773689183 0.044419808831803 -0.0372870531213577
-0.097470467573581 -0.0852036472012509 -0.0233849438794778 0.0376280549827213
-0.11078228713331 0.00999104436501269 0.0475683929716198 0.0768638383339456
-0.0670433951818639 0.0862737152466491 0.104294165398404 0.016804618060767
-0.00180720305964843 0.0862172317673677 0.07465424469578 -0.0552836063057578
0.0370054169667184 0.0665729066283717 0.00970830854510469 -0.0670823917190665
0.0653645569018882 0.0343248693940627 -0.0231852719121145 -0.0390608704333075
0.0672247769311523 0.0152570675391192 -0.0271550406087935 -0.0184803888967388
0.0697946465209591 0.0223893445713494 -0.0333855582592022 -0.00255344083924828
0.0519471900347807 0.059509353230352 -0.0478624854317711 0.00134358472164708
0.0143481612102751 0.0805076676115861 -0.0572604877445564 -0.01226415858669
-0.0456175464085353 0.103239466649785 -0.0492188348482857 -0.0465072117820845
-0.110518789828109 0.0382665864790351 -0.0270394002592891 -0.0668578027920023
-0.114260372415576 -0.074659433682865 0.00128854777687546 -0.0353623540557394
-0.073249199426156 -0.147538477990384 -0.0224832528251939 -0.0116676795981735
-0.037082209456535 -0.135718777442215 0.0515066625275987 0.0226919806056946
-0.0900933126558763 -0.111435739258459 -0.0176209118490806 0.0653941997981839
-0.127041981294964 -0.0146120686496565 0.0341120513099449 0.0937702394500426
-0.0943950731645418 0.0864579766102625 0.0912088428213783 0.0428398350430758
-0.0145100621961536 0.101754025568529 0.0764396169936986 -0.0208121405311591
0.0358057315586718 0.0807479598675646 0.0295166888770812 -0.0383354048790503
0.071491019186384 0.0446409654118836 0.00347810016386513 -0.0207102868052051
0.075118453322396 0.0207419233367148 7.5379636942486E-05 -0.00652587657951781
0.0765688730477775 0.02422656584017 -0.00691457785544647 0.0101591929125843
0.0573568424700147 0.0605432723890625 -0.0265531778745489 0.0200036262782391
0.0173784511573958 0.0842357617952612 -0.0463525006348146 0.0133326952027572
-0.0473841144151961 0.107085350414527 -0.051589867313513 -0.0235654834618402
-0.11011113282641 0.0378852616567535 -0.0345349120487182 -0.0525620750108529
-0.107867233173491 -0.0745303734771931 0.0062564392657011 -0.0212129374929242
-0.064484193860133 -0.142752149833537 -0.0102578115888594 0.0356006580122878
-0.016454105215944 -0.116283391323785 0.0506981503749297 0.0822696051558894
-0.0620419427360547 -0.113833750986638 -0.013152479158265 0.0924769246236029
-0.112492373170515 -0.035199518934122 0.0166318934858364 0.102487682273403
-0.101077586809132 0.0659033713859072 0.0680035741042466 0.0639459054016602
-0.0250192162661418 0.0951425806182724 0.0679886239033843 0.0157355832392022
0.0280567055825171 0.0793802419793165 0.045641736881862 -0.00494320109880185
0.0656257864223165 0.0464473698529478 0.0296326766117586 9.21771811624973E-05
0.0722964629476788 0.0222872519857362 0.0268836960274126 0.0059452172859761
0.0721676734002821 0.0240678191489077 0.0185511298976284 0.022518591876734
0.0534124220600887 0.0556211057131675 -0.00528353320992378 0.0369969465270887
0.0140964982206131 0.0779008632328961 -0.0343925623002198 0.0351984610675249
-0.0483992357713979 0.0937763307822238 -0.0511354767056238 -0.00402656688297348
-0.0976541179592973 0.0237247930859082 -0.038820192847161 -0.0380846052230765
-0.0840992742640278 -0.0722747523323944 0.0101505132485867 -0.0105438235134837
-0.0425497919562617 -0.121150759924104 -0.000202093445522842 0.0738618641252274
0.00398705975439846 -0.0728092930793566 0.0436311443310987 0.129847366948494
-0.0267701147424112 -0.0882015314165046 -0.00941817638630101 0.111106753512656
-0.0754870736153099 -0.0419465279012698 0.00100570035785154 0.103199472911774
-0.0826774261314014 0.0387333573095188 0.0433165655587219 0.0753158057328286
-0.0260424368916686 0.0698926508747047 0.0559056892001732 0.0444349113258404
0.0175346938495785 0.0618681460959355 0.0572697757998639 0.0245857547217316
0.0494162088996441 0.0383381562202555 0.0516387193222978 0.0177825081665838
0.0576677706291424 0.0199753580135049 0.0498375414146053 0.0174085096232403
0.0579273082911008 0.0212225599129755 0.0395771809687915 0.0342246609493555
0.0429154417710227 0.045684673105068 0.0116362578896054 0.0525209306181193
0.00757070723149343 0.0646875803216429 -0.0263027107732143 0.0538664089773609
-0.0480450380344093 0.0701627831346054 -0.0518327253612824 0.0112269844983493
-0.0769525885920035 0.00371797640174137 -0.0427819690734707 -0.0264258013617404
-0.0508967877756469 -0.0659714439395951 0.0103118803926767 -0.00365221092856822
-0.0126659977169358 -0.0854461707353578 0.00389384518678617 0.100193335784721
0.0225750874374476 -0.0165614255320803 0.0357648880876296 0.156195388541498
0.00808226244148136 -0.0443349613772577 -0.00400465424299913 0.116909254633897
-0.0287974127613172 -0.0322663471220912 -0.00905735719010788 0.097943773516122
-0.0470031352832058 0.0123110423237573 0.0263235037778376 0.0801152526350415
-0.0188208971724839 0.035003164089454 0.0482534544134231 0.0606038793781013
0.00602880035699292 0.0332494363556028 0.0654772108679715 0.0422685269707915
0.0258872493604071 0.0233846494075722 0.066790951102161 0.02891816441043
0.0345691851559457 0.0142349280403002 0.0646513275327393 0.0258614089839232
0.0365190708842848 0.016075936977546 0.0544803179747426 0.0430664330812863
0.0273891934994161 0.0308215161293677 0.0221103080964769 0.0662533702015189
0.00111225283079734 0.0461533279081039 -0.0244870488839457 0.0693017596756342
-0.0419350201044113 0.0407315651166285 -0.0579861041027018 0.0227559816319885
-0.0493876681784269 -0.0143631361446018 -0.0477227151028689 -0.0198238482362557
-0.0152875021111595 -0.0515945611170643 0.00707878348345089 -0.00173138295093632
0.0177948397894544 -0.039285019866019 0.00239773217940938 0.111935618427058
-0.0393161270391657 -0.00656867928038834 -0.0122725697752261 -0.120435550997725
-0.0155160594901626 0.0262417103055764 -0.0385923111752223 0.000808984131485297
0.020296136025723 0.0208165639395386 0.0482348911616175 0.0366276193099114
0.0235652690425514 -0.00979228357716973 0.0819906880226835 -0.0185830595428925
0.00302939092538469 -0.0169753955797812 0.0457429284624001 -0.0852905614939172
-0.0029413854487216 -0.00852003904650567 -0.0241829003454189 -0.0873556704166227
-0.00549361942833257 -0.00935038872317978 -0.0629004513516235 -0.0543656904716014
-0.0056272165572343 -0.00907312700060501 -0.0722659322184226 -0.0332473159253397
0.00324359619829517 -0.00681566944478653 -0.0770364659221021 -0.0289738750794784
0.00839540843290102 -0.00143646278780389 -0.0743696158405536 -0.0435919376499244
0.0111593158001908 0.00144030351736597 -0.0556161724140211 -0.067144646132922
0.011970135260565 0.0206129609194649 -0.0217394242434014 -0.0875512376558853
-0.0181225326868748 0.0255550153672999 0.0109968918143598 -0.0910848981732379
-0.0475462804593262 -0.00464574332946065 0.0213022250132589 -0.093366217010482
-0.0390134988023318 -0.0361006261459059 -0.0256976213748156 -0.142295066776233
-0.0555293312769455 -0.0549506369838401 0.00851775642331308 -0.111927658303486
-0.0523981331697367 -0.00502556716303682 -0.0341078905343778 0.00387734578434226
-0.0229773586291448 0.0275283757685788 0.0533713658947806 0.0443909872984963
0.00149394552384338 0.0272213827193093 0.0940255581725919 -0.0169873479074843
0.00714125977026855 0.0162958612034475 0.0543893288075536 -0.087844452861509
0.0140941573651768 0.0147394488885515 -0.0203962721664077 -0.0900619972730085
0.0225797760917268 0.00322915634683383 -0.0584148104598089 -0.0557393632619383
0.0220588548150405 -0.00114176751215776 -0.0663486453167039 -0.032277127409899
0.0296634331701852 0.00763471516404361 -0.0716407788037154 -0.0243695786954342
0.0230572558223851 0.0283648486050783 -0.0730500784674571 -0.0359893950383866
0.00467222894566833 0.0353912882470569 -0.0590240493736207 -0.0586734894526687
-0.0209900952533026 0.0490219117328011 -0.0277607641163252 -0.0813279662477682
-0.0608591695538879 0.0202872936796379 0.000868136326160531 -0.0851677819112701
-0.0750975278534183 -0.0465522611669138 0.00932930620390516 -0.0735388632321868
-0.0529372627087385 -0.0923833869413589 -0.0309610047164205 -0.109713427338958
-0.0605590555076675 -0.0987358868478369 0.0278118239412822 -0.0825135127498899
-0.0825140060375179 -0.0454614299884088 -0.0301872307611031 0.0172801871348797
-0.0705505309016029 0.024524427820849 0.0534064009888503 0.0595208856473794
-0.0299311694150855 0.0628351943071531 0.103186830580156 -0.003858116641239
0.00632824169683817 0.0533246950085608 0.0663217090220943 -0.0780678940988582
0.0290369063125169 0.0411929908356513 -0.00772936757826643 -0.0838488710026231
0.0475682248363452 0.0181616881033461 -0.0443172366150098 -0.0511939328262376
0.0475691309151733 0.00711991152023425 -0.0502591150868054 -0.027850934807882
0.053266298405483 0.0170069989010808 -0.0567024893296989 -0.0146906835629118
0.0386166314061651 0.0490163518891641 -0.0646808912434905 -0.0188901045265302
0.00786476681903511 0.0629442824452984 -0.0616300723380874 -0.0391290493617039
-0.0390045426336132 0.0807689323623508 -0.0397238883327281 -0.0674633933389259
-0.0936104675822955 0.0278633472121293 -0.0133528545873408 -0.0774332803825779
-0.100788987589448 -0.0682018571448288 0.00212887151035743 -0.053512406571193
-0.0666073240275259 -0.13007192755651 -0.0292714839278218 -0.0630628200912108
-0.0523713542191428 -0.127999198886117 0.0434130265493742 -0.0363842952057267
-0.0965963147197195 -0.0848308432002232 -0.0252399688092591 0.0378547200757006
-0.109242225737357 0.00926775082073955 0.0457732642424661 0.0790079169717109
-0.0657175000096947 0.0847853517191706 0.10333399144612 0.0187140187534064
-0.0014390945203462 0.085094786241218 0.0755266177294837 -0.0546090585069332
0.0363359810186273 0.0656831735072111 0.0102345217847424 -0.0666887265680313
0.0648051143699495 0.0339058761330411 -0.0227745163641434 -0.0391474674915309
0.0654942687433806 0.0148760451112299 -0.0269072000914503 -0.0187455782461542
0.0695244146207664 0.0219919302332733 -0.0338584482494607 -0.00274007794746011
0.0514045293023087 0.0592953195944219 -0.0480527971422103 0.000832138654493414
0.0143873902786172 0.079477448273775 -0.0577547890355935 -0.0133926748576926
-0.0447210045083473 0.102260106291672 -0.0489060066056198 -0.0470396141427194
-0.109263557611463 0.0374000674145659 -0.0260193078321174 -0.0664171179989108
-0.11306539743938 -0.0747502827621878 0.00295570668791458 -0.0357341048786951
-0.0707989424928635 -0.146141865164963 -0.0214753977263772 -0.0119944728770359
-0.0358542538040643 -0.134829331593826 0.0502834502819668 0.0228861877262433
-0.0885654401181299 -0.111157187553731 -0.0199975668508618 0.065585792096429
-0.124941054307945 -0.0148168575013114 0.0315488163800911 0.0946261290517153
-0.0930076321399791 0.0851115964279183 0.0899061411420239 0.0446680174085552
-0.0139083741552836 0.100589591315552 0.0772299170671983 -0.0199825504258051
0.0352787197607117 0.0799186037073144 0.0303558022729848 -0.0379702410893741
0.070881563757088 0.0441488529328185 0.00343907631233223 -0.0212249305793759
0.0738282888790351 0.0200680422331478 -0.000265812547605407 -0.00699139105942489
0.0753912276404537 0.0239129445347291 -0.00784022753400991 0.00967057063241326
0.0565390684956727 0.0603825126593328 -0.0269492249409182 0.0195013727760403
0.0169044588932643 0.0835958588209898 -0.0471840750330456 0.0125164100167071
-0.0462952288869789 0.106172120801896 -0.0512355373100911 -0.0246642365202975
-0.108871178068495 0.0364200167549696 -0.0344997343462258 -0.0524852245946879
-0.106657480889227 -0.0748385547936044 0.00785312418989833 -0.0214158829472671
-0.0619647345045276 -0.141186692953338 -0.00975807949398895 0.035098443924886
-0.0148987748513141 -0.115199031212034 0.0493482413844541 0.0820990461639918
-0.0605838823908076 -0.113334446486492 -0.0150640466991115 0.0913955656533471
-0.110609626936105 -0.0359088326762251 0.0147388900842116 0.102969166279395
-0.0993884390580271 0.0649619166858525 0.0666377169531053 0.065236758807233
-0.0247211698586239 0.0938080496240046 0.0683544344757696 0.0163828926807977
0.0276136543266413 0.0786857544025952 0.0461468957335243 -0.00478909274188391
0.0649973308911915 0.0462627388917905 0.0294301951491939 -0.000325906621686965
0.0709453192882424 0.0215880428981961 0.0263191923900071 0.00547104336819228
0.0715947128830526 0.0232893873056815 0.0173893243657932 0.0221479515946684
0.0527938284414492 0.055443273035564 -0.0057979480235543 0.0364563500102694
0.0141701180459257 0.07722151188781 -0.035437628247149 0.0343076811332293
-0.0475376470217641 0.0930659141810278 -0.0507907940569495 -0.00492513073636775
-0.0967075632949176 0.0227597163711016 -0.0388388939316247 -0.0378659811575192
-0.0830371663363927 -0.0722183144659588 0.0110212694680074 -0.0109986277578337
-0.0406045835114082 -0.119226743460392 0.000272554445488735 0.0729498365565163
0.0052435143279316 -0.0721991893133675 0.0421362183934742 0.128943739154948
-0.0251165552035921 -0.0876425690521582 -0.0114571903175699 0.11020629184187
-0.0739764344665333 -0.0420296194975193 -0.00124751362280144 0.102817567810758
-0.0814880263768686 0.0376264872325571 0.0416772301244092 0.0758405688700998
-0.0262437706751927 0.0690979102791045 0.056012582940576 0.0452930231820244
0.0170013437734253 0.061580902029939 0.0571853463159094 0.0246619775587248
0.0493470441223685 0.0382520430953874 0.051680076807017 0.0180777934933974
0.0566797427373071 0.0192803374856151 0.0489658340475199 0.0169146423082912
0.0577057395241426 0.0205708020330149 0.038791709667771 0.0332540088981441
0.0419414507142454 0.0450214620866505 0.0109290928611919 0.0525458076873932
0.00760700727693998 0.0642621084372289 -0.0277323165953921 0.0528354445104307
-0.0474519071272508 0.0692515262341153 -0.0522862693552389 0.0104760995239589
-0.0761569304842516 0.00312844986498409 -0.0425446898085842 -0.026953533698451
-0.050068596345845 -0.0663829277857852 0.010665264121079 -0.00407047834618278
-0.0106792298988672 -0.0839054579440987 0.00444961415845976 0.0987283694691985
0.022940820601794 -0.0158564972431799 0.0344237306290434 0.154136100922828
0.00890013652082015 -0.0436238961030579 -0.00559189352534638 0.115670329356789
-0.0279043694584616 -0.032291762078317 -0.0112082370996245 0.0974971080406123
-0.0464578385432865 0.0115810081577053 0.0243977106042365 0.0805141983729033
-0.0187381108185019 0.0352331666809229 0.0478709266846733 0.0615260656196925
0.00553391519893283 0.0330626122469836 0.0654082921353083 0.0420296842102058
0.0259554625280619 0.0231148704159801 0.0666829784500765 0.0288121885644821
0.0340234310998213 0.0135918982052744 0.0641823471870322 0.0251507545116787
0.0361702682469159 0.0151492293573044 0.0532388371321359 0.0428147805990875
0.0267377458211531 0.0308767914197072 0.0212491298102971 0.0660662783099338
0.00143382290920706 0.0459294763593784 -0.0255524775783701 0.0685700553861305
-0.0414562774044214 0.0402358537485402 -0.0583481638379745 0.022021571700833
-0.0489030096175793 -0.0149692449517158 -0.0475716470093593 -0.0205184720742889
-0.0142877505357278 -0.0510560950399214 0.00740216414548577 -0.00233640737390755
0.0187267862207405 -0.0379080768753149 0.00255498760157565 0.109883140868475
-0.0404486477197839 0.0100566288012522 -0.0629619708712425 -0.105837272133783
-0.00385050591942611 0.0309130919264715 -0.0355076040527006 0.0188787844087437
0.0266292402582471 0.0102275558965108 0.0620329756906674 0.0134235073364514
0.0167421805565697 -0.0199508641321681 0.0699565670467651 -0.0536249382870555
-0.00529916631332181 -0.0167037286673469 0.00490421362015435 -0.0997757962285734
-0.00721046913734014 -0.00629755099376671 -0.0599569397951618 -0.0708757693563265
-0.00891522900036877 -0.00676479189821531 -0.0821294748483226 -0.0235389322113164
-0.00865702942892888 -0.00575299044758469 -0.0812393421160627 0.00147507628300782
-0.000134954410065589 -0.00819189029035273 -0.0841135843769212 0.00754137811337821
0.00712990125016221 -0.00478280619852168 -0.0885065184546682 -0.00823167603583497
0.0103813458172308 -0.00340876862207926 -0.0807102610472292 -0.0376215108050486
0.0196224468846317 0.0125951513481407 -0.0581329946781638 -0.071084506028931
-0.00581716883042542 0.0318459892163774 -0.0287561572128551 -0.0895857733768677
-0.0465582698538131 0.015224691588189 -0.0175466788166599 -0.0987044457492678
-0.0541918234357926 -0.0181138001634632 -0.0810446240814526 -0.124473563002147
-0.0751553381010354 -0.0288287720633976 -0.0424185258466603 -0.10678199127064
-0.049863324004769 0.0166044897702008 -0.030976218028545 0.0217053482774491
-0.010501071823742 0.0333975105586112 0.0697371373790109 0.0211046214352893
0.0119240264616643 0.0224850317381588 0.0826280247401719 -0.0548361431226697
0.0117931798121208 0.0120744998201112 0.0137878050775413 -0.105132285589685
0.01886367209498 0.00817128826469973 -0.0566732592909154 -0.0745893630790884
0.0219327337921993 -0.00704819172839121 -0.0779206174522861 -0.0263159262755191
0.0208264216866864 -0.00968485220961531 -0.0754474049539361 -0.000879769630306719
0.0305271162564486 -0.00577694136477362 -0.0773212314021868 0.0096953009398976
0.0333644586496605 0.0173113767959759 -0.0841071160173296 -0.000306585163226606
0.0186876184222205 0.0313032733408294 -0.0820778129565025 -0.0290585998069391
0.00138716482970662 0.0525951473963232 -0.0643071196809727 -0.0637848145745507
-0.0488760188724863 0.0436100607672296 -0.0356284975034877 -0.0817152306961851
-0.0906683947839975 -0.0118218748196739 -0.0186155514591101 -0.0773524698379644
-0.0931310288472001 -0.0651394655948032 -0.0685265021814407 -0.0916329655378841
-0.096318581837615 -0.0678557593072045 -0.013839843765157 -0.0880110281301154
-0.0934517619225139 -0.00829054620133567 -0.0232104386626843 0.0322849348769383
-0.0544900838258152 0.0498022074086958 0.0751420027239241 0.0374744341770687
-0.00158473261707116 0.067468296679594 0.0970545034081313 -0.044146560750472
0.0264401525417567 0.046019346562981 0.0303031239290061 -0.101476081147558
0.0433737198855684 0.0263157429768879 -0.0415910202131439 -0.0750098649675996
0.0511857182122679 -0.00318461061376543 -0.0614316971744835 -0.0283182560930171
0.0473100223819178 -0.0120020012805329 -0.058598938241626 -0.00284530567401827
0.0563550311346018 -0.00650484746863586 -0.0593287742880712 0.0121773236309939
0.0570549512973836 0.0300308848155892 -0.0691853335257181 0.0127338944298998
0.0338176428659231 0.0565953973618775 -0.0776383495432314 -0.00928234540070708
-0.00161044633504545 0.0893036824760545 -0.0721727076844069 -0.0460308737945119
-0.0766100231144567 0.0648290787112107 -0.0468235218108225 -0.0694345691437452
-0.124166496123627 -0.021278491963354 -0.0157887834248918 -0.057102584155966
-0.122675177754505 -0.0944220167263372 -0.0452154979053331 -0.049564776324351
-0.100297972232411 -0.0993661060470103 0.0193981840189899 -0.0524702161086135
-0.12203699223139 -0.0394733135206962 -0.0113938697455272 0.0499772953446074
-0.0966578161190147 0.0505271950349974 0.0744750726120743 0.0599469104445788
-0.0245128274450894 0.101629544322214 0.105998049431097 -0.021038977184892
0.0324014870959757 0.0779025892968063 0.0505854585149395 -0.0827159872540465
0.0606608201544866 0.0459479427568074 -0.0166677129438681 -0.0661108277009913
0.0732576279980503 0.003811758027476 -0.0350511553195072 -0.0264377316624787
0.0674910267346296 -0.0127667826275391 -0.0329412817949391 -0.00478293681056894
0.073340873617765 -0.00821914918025523 -0.033461554113511 0.0136410908771516
0.0730735601523304 0.0346280144366649 -0.0455391740816231 0.0240596501301481
0.0467425756217736 0.0697242489313918 -0.0635773938056876 0.0138523656709457
0.00254407499322592 0.112569321851272 -0.0742401815721932 -0.0230885548958787
-0.0877718062500846 0.0800431511169026 -0.0547131403402817 -0.0544248873498223
-0.138406309290437 -0.0220913209579721 -0.00682581427166297 -0.0410104293066991
-0.13360821819354 -0.106809588880519 -0.0155406093619904 -0.00500108275219234
-0.0863440802645757 -0.112919480723381 0.0502558487460408 -0.00100545531126592
-0.124818155125339 -0.0676471874680423 0.00426947279273197 0.0717278532838025
-0.120064228568252 0.0343025746073147 0.0666337335025084 0.0812618212922773
-0.0491694473217728 0.112967725871135 0.103105664037623 0.00951864007678901
0.0277076430450742 0.0971070122821328 0.0674272371145883 -0.0502384839296152
0.0660765343392994 0.0595822570990982 0.0141335524439915 -0.0479895230038674
0.0837247114669411 0.0109494381721178 -0.00280050861550538 -0.0211866796095925
0.0772644893370011 -0.0115224131022465 -0.00360477754699445 -0.00548782437205911
0.0802760143070246 -0.00934419970863971 -0.00344925658947455 0.0137228319713603
0.0782763857576158 0.0334085690314426 -0.017612649027163 0.0324736045102153
0.0516710214356509 0.0721022117064651 -0.0431452219783324 0.0327117650045368
0.00298696440565965 0.117630621071133 -0.067400530185201 -0.000762784397891312
-0.0879053094830523 0.0792810521953218 -0.0563947024626594 -0.0376060959102785
-0.132302014442471 -0.024745471910068 0.00268978849626422 -0.0294275451619415
-0.122704385358287 -0.105482113829591 0.0151699805561975 0.034141784722708
-0.0583984834208706 -0.103340039735441 0.0752945844030478 0.0538637439144135
-0.0994251550299562 -0.0812550677846064 0.0206571813031813 0.0930085302917227
-0.11458239613874 0.00894875094366967 0.0528697683830732 0.0951575532401798
-0.0626547729442918 0.0974466289872456 0.0891516301773176 0.0387858793948965
0.0153176315820842 0.0951471211588654 0.0748339529443216 -0.0123470169193724
0.0584787921195211 0.0615785106801056 0.0436017257311025 -0.0240037409450874
0.0790710807264062 0.0153247802833755 0.0303757420163432 -0.0128326509816369
0.0753120735223949 -0.00892442315359798 0.0266607252428308 -0.00610440837926871
0.0764739165481557 -0.00812157727849071 0.0250399644960655 0.0141168590610459
0.072966675781112 0.0298490772479277 0.00952077231327686 0.0388372369427678
0.0462503582699967 0.067543519374168 -0.0227495790415181 0.0479435869535039
-0.00437292059219869 0.106371366655806 -0.0572709750157138 0.0166402385378588
-0.0824169602331396 0.060918303654959 -0.0541050106357683 -0.0221056848405935
-0.108786419478035 -0.0327824559557553 0.00963173014683441 -0.0200485789885452
-0.0919408240607528 -0.0942926292192829 0.038884397798095 0.0664529860351248
-0.0219928178586633 -0.0712994883993353 0.0897945250710077 0.101289609240003
-0.0564391534921197 -0.0725903322080339 0.0321945680657827 0.107429784086628
-0.0830094939784501 -0.0113732293788458 0.0388465196776511 0.0994638015566391
-0.0576146870915131 0.0654233141414605 0.0699560131741092 0.058030942487566
0.00392327672213268 0.0735129110666177 0.0746363888900389 0.0193805599762792
0.0416616184422201 0.0496382601477195 0.0662395062249545 -0.00185164291657717
0.0613295548796175 0.015082169466361 0.0583849678221028 -0.00549957998354163
0.0608560172071806 -0.00525534061134203 0.052733164120962 -0.00593219816911812
0.0627427632325874 -0.00501545684652926 0.050123753294927 0.0151900579924786
0.0589220034741479 0.0247584727387667 0.0321474222984923 0.0454034454696225
0.0348928840431046 0.0581145542847215 -0.0068156467170293 0.061008271119317
-0.0141953607730636 0.0846316442974116 -0.0504659848713559 0.0309972651516724
-0.071712346753266 0.0337901972348277 -0.0518304805765902 -0.00961380054383694
-0.0752235887226757 -0.0410597233915612 0.0122045386785325 -0.0118544268999236
-0.0473952535591748 -0.073831528166908 0.050911712305628 0.0900156798716768
0.0171538633709833 -0.0258221142615178 0.0959862320815079 0.12849768218814
-0.00745507080536286 -0.0455054431359657 0.0416790503703495 0.109152277195517
-0.0371190358333389 -0.0205687237879176 0.0282086509077664 0.0963002459634983
-0.0363461792551876 0.0282803243683343 0.0561377525550069 0.0677564744034839
-0.00277024478455152 0.0387930232248684 0.0727567356164826 0.0380703162226256
0.0192139528838101 0.0280111651272226 0.0802826222868645 0.0110661144610043
0.0336530336149004 0.0109851906519074 0.0761823381714547 -0.00234875692595295
0.0376061369355323 -0.00163065804404368 0.0701354857964097 -0.00516309382907516
0.0406125612356898 -0.000777308092644783 0.0677151514128439 0.0168714111197663
0.0386022709594497 0.0175691942491219 0.0477250080843046 0.0530827675680498
0.021380297630516 0.0434010304073961 0.00255144261693134 0.0746376650690561
-0.0211725392042812 0.0555031418014766 -0.0496499942786149 0.0427739520958938
-0.0536265041804949 0.00559177399218098 -0.0528966591503369 -0.000875653362340631
-0.0348633250770897 -0.0420560094887975 0.00880042139518619 -0.00674935971886193
0.00181654621159763 -0.0439375852769845 0.0502857411720903 0.102424808545071
-0.0416757693558076 0.0111426538114029 -0.0677577284020845 -0.107642972271606
-0.00326973532136657 0.0328267469948186 -0.0361786886945089 0.0221653548886171
0.0280025087632149 0.0103522464315134 0.0661998658735598 0.0140731006976355
0.0175755860293257 -0.0215419453081058 0.0733760295058749 -0.0563200517201798
-0.00597791323885121 -0.0174640788028084 0.00426222113216437 -0.104531180392893
-0.00765627589578665 -0.00675163599004881 -0.0633190672479922 -0.0736234388456234
-0.00958487599441936 -0.00685376482709558 -0.0851750891543642 -0.0227452765787087
-0.00935083859488672 -0.0052022330675957 -0.0847026222432917 0.00328812491385864
-0.000437046754931839 -0.00867231568068452 -0.0878120406687475 0.00967174182797655
0.00761203262452198 -0.00506635908929981 -0.0929597869707716 -0.006393735080205
0.0104715211219916 -0.00364202009355195 -0.0847226540440759 -0.0381976879945673
0.0205752260770411 0.0119655617992425 -0.061747332180555 -0.0735815409574754
-0.00521971509776698 0.0330585148789143 -0.0305112711852775 -0.0935837448431662
-0.0482918289611367 0.0170541764485181 -0.0184387312120766 -0.103340125458511
-0.0563312253773082 -0.0183581641998056 -0.0863544151381572 -0.128051609397771
-0.0782292406884954 -0.0285304338723288 -0.0463739405280375 -0.108929237892615
-0.0516317445253693 0.0187762355554715 -0.0323524383566767 0.0244331057215194
-0.00987402191674155 0.0349932602827652 0.0737306975242448 0.0218911433779776
0.0135077361664632 0.0224672575962456 0.0862618467549656 -0.0578719695662266
0.0124653922651225 0.0118737465655262 0.0136439508815523 -0.110981027305116
0.0194819909621876 0.00776931479699309 -0.0595955233263302 -0.0775845520621235
0.0218927528792904 -0.00773887414525832 -0.0808782999264092 -0.0258600891951772
0.0207099414816672 -0.00999470071810568 -0.0784883087728163 0.00100532041254713
0.0316770277926027 -0.0071330283183193 -0.0807636781460662 0.0120026901044458
0.0352044061448968 0.0173628841775586 -0.0882929076217823 0.00137560471082685
0.0198251774144465 0.0324884404586784 -0.0867517600199688 -0.0288911912603691
0.00279059616841308 0.0542686362301577 -0.0682173628443214 -0.0660277743578134
-0.0496930752578142 0.0463321143975301 -0.0375152654984793 -0.0848325044327428
-0.0945724281935808 -0.0100473267799568 -0.0194745745519221 -0.0813284656926269
-0.0973865605898031 -0.0665843429709422 -0.0728028965701202 -0.094382002548171
-0.101194671036889 -0.0686889344432359 -0.0166945257812841 -0.0907067370136991
-0.0977439559534665 -0.00666377015990338 -0.0239356243360451 0.035775844824026
-0.0553908529674053 0.0525072213278935 0.0795728114184955 0.0390779714956208
0.000634669433344318 0.0694818067756473 0.101310003192091 -0.0468075849463426
0.028708438274811 0.0469567204704611 0.0307962749485596 -0.107058881880372
0.0457599235099528 0.0265269081137747 -0.0439874857304366 -0.0771583158473324
0.0526911464858165 -0.00455022605309523 -0.0644611607627324 -0.0278373178232049
0.0484259917505824 -0.0136257300898219 -0.061211678445897 -0.00200119356572858
0.0582071621427796 -0.00851745099604556 -0.0622292479101091 0.0144662486705164
0.0601525912236896 0.0299316615452735 -0.072611323814133 0.0147278461911885
0.0356820874414555 0.0581061655988139 -0.0823562932831297 -0.0081884242780484
0.00043118553209985 0.0923303823240237 -0.0763906867560571 -0.0476341679688167
-0.0780784631656138 0.0687897496208134 -0.0492057315834127 -0.0718758771116736
-0.130089164368762 -0.0199404878467347 -0.0159027124053416 -0.0604525912661584
-0.128113684671529 -0.0962125741133012 -0.0476940545126875 -0.0511043725761741
-0.106075460900865 -0.100838417981585 0.0190486763314078 -0.0545901939400355
-0.127896741001397 -0.0384764706495052 -0.0120724012629006 0.0531199754741543
-0.0987859761443593 0.0544061898692612 0.0787021433651006 0.0628092154883964
-0.02238318949111 0.105669720819881 0.111203080688878 -0.0230586996762116
0.0358174378727064 0.0799719181591944 0.0520673964242527 -0.0882952057514451
0.0640182586540037 0.0464030512598613 -0.0177119862150005 -0.0687090498695369
0.0759653442349302 0.0022550274059731 -0.0374299327464611 -0.0267196734428278
0.068978836450858 -0.014495630734584 -0.0348989141729102 -0.00399504642887685
0.076048013171171 -0.0107115741221234 -0.0355973453637082 0.0149799833992285
0.0770965276249403 0.0342881402254659 -0.0476486459375695 0.0264435631658824
0.0500886309132625 0.0711985950639202 -0.0673586287479909 0.0154706588662718
0.00541215961888601 0.116440657072599 -0.0778890917330715 -0.0233354438070578
-0.0894834986187256 0.0845499244856577 -0.0578553013194766 -0.0556723655070775
-0.144880686045975 -0.0206126685413116 -0.00692055373287256 -0.044001360604911
-0.139839397791938 -0.108546497891706 -0.0159336008487813 -0.00541189493882737
-0.0918460069617831 -0.115331462212107 0.0522362583453942 -0.00179537794721691
-0.131280810484829 -0.0684809768388285 0.0044582465547858 0.0759859605022875
-0.123326820801967 0.0376329215141528 0.0701064409580919 0.0849354951429663
-0.0475518795086446 0.117996998505698 0.108545461764852 0.00974429922785839
0.0311095330673385 0.10030521538583 0.0700746955219805 -0.0542326386273251
0.070054560552263 0.0603929253283789 0.0146736102096929 -0.0502704171735808
0.0871048530604558 0.00964069377546817 -0.00276665889227491 -0.0216898515523952
0.0796362075236857 -0.0134175875406509 -0.0038954495592812 -0.00590801109334518
0.0828570602333076 -0.0119734627716729 -0.00443027150237968 0.0150038467075008
0.0827309721724659 0.0329053195495099 -0.0183981705122587 0.0344213162684246
0.0549999933809025 0.0736671949997356 -0.0460853994015582 0.0348892085428432
0.0058846576280054 0.121369535790238 -0.0708834800926275 -0.000453873033831042
-0.0899763287934006 0.0836970106396442 -0.0595494752701283 -0.0380338026756988
-0.138296392356453 -0.0233483000906036 0.00302413647207336 -0.0321977985535329
-0.128441441046564 -0.107307173755768 0.0169803425077395 0.0344632029542635
-0.0625621644979855 -0.105857391983673 0.0786527007243951 0.0549830335522143
-0.10470111721456 -0.0830702784925436 0.0217052806320488 0.0969480383029307
-0.118370694076183 0.011257428244385 0.0561637515252497 0.0993234880252296
-0.0622615464935334 0.102138450474939 0.0935893599977148 0.0399689250859654
0.0181128801005718 0.0987085667243766 0.078174153245973 -0.0148775570459181
0.062543782182211 0.062655120569522 0.0456296942268596 -0.0258549077162921
0.0823528773425672 0.0141153743137629 0.0317368077586466 -0.0142283201801502
0.0771737772600275 -0.0111277281088261 0.0277655857855505 -0.00687113903396592
0.0787855707503078 -0.0106653692159715 0.0257297554988595 0.0141805008147898
0.0764277494012102 0.0294331499014833 0.0100520100865883 0.0403170412874221
0.0491643295558645 0.0691163112469512 -0.0242577253621499 0.0504648894162247
-0.00128675353620391 0.11023187683102 -0.0605144142647294 0.0174247743597646
-0.085059537326184 0.0645918280621131 -0.0567953011252343 -0.0217997140501261
-0.114142062460978 -0.0323537462874894 0.0100835926080397 -0.0221603930575143
-0.0958826160630356 -0.0964570205153915 0.0421922545201926 0.0673808280769241
-0.0238944391735856 -0.0734047699646846 0.094896053160986 0.103333751592997
-0.0595981179876425 -0.0748138273487912 0.0345100260268219 0.11103269448362
-0.0865144381877035 -0.010935251707219 0.0407813427450103 0.103854163565381
-0.0578057525192667 0.069106072872513 0.0738580640249273 0.0602281754151337
0.00594455660534536 0.0764012830313487 0.0786999389535445 0.0184831607850054
0.0445412173318756 0.0506178769110354 0.0694187349884568 -0.00321966394147497
0.064007108308107 0.0139711286677322 0.0608920849178603 -0.00741422601170848
0.0628050481288369 -0.00723017147634033 0.0549134190265797 -0.00760457650718699
0.0645155129905154 -0.00696050332561251 0.052168992830165 0.0145536487645767
0.0616184977585881 0.0244137438359118 0.0336985969123436 0.0469397654038516
0.037726238956841 0.0597287031194918 -0.0070767791511632 0.0639407748748331
-0.0124812784716662 0.088129421086688 -0.0532346431154571 0.0319640816163091
-0.0745520074792938 0.0362498662950422 -0.0539784994170132 -0.00954504322031384
-0.0785442600425485 -0.0414316267320155 0.0123328023740147 -0.0134681050771781
-0.0492501018905589 -0.0759026089677571 0.0550308711322181 0.0913487580668274
0.0175962688741361 -0.0269633458521325 0.101684043173829 0.131504522679833
-0.00804948692682934 -0.0471796978200345 0.044204746090002 0.112452856963596
-0.0385894381580955 -0.0210592878500408 0.0298580118663739 0.100798381169151
-0.0365245287723575 0.0296532949274301 0.059045991227036 0.0701666110972178
-0.0018630726295325 0.0407484918268092 0.0773400362682338 0.0387508531133949
0.0210648806474418 0.0292171045365899 0.084488077516815 0.00910886424968046
0.0352181087397535 0.0104630541035234 0.0800733724874592 -0.00433017423814404
0.0380540154244358 -0.00261995468919513 0.0726999057456213 -0.00717906412072144
0.0416911292668718 -0.00239717810047476 0.070353406765431 0.0160208109743389
0.0404444037582126 0.0174586273948266 0.0507255675941566 0.0543645976477784
0.0232006277444885 0.0446362435425794 0.00288927193950977 0.0777353499362438
-0.0208220962754635 0.0582545900896858 -0.0520156938224131 0.0455494631241079
-0.0560403486235933 0.00653444200832112 -0.0555597614749067 -0.000522755326046803
-0.036558980616217 -0.043377441648038 0.00915393602822886 -0.00831714289469785
0.002171642542447 -0.0454784360708402 0.0546864834532423 0.104596176412196
-0.0420320448715543 0.0129772331233658 -0.0749579880077868 -0.10672973435873
-0.00224254767886371 0.0342296190005016 -0.0361254520462848 0.025222505361325
0.029593159529561 0.00975467260285832 0.0693631128520567 0.0121737259729061
0.0169964274954815 -0.0238107717864635 0.0748200451867501 -0.0611960249274311
-0.00670485076180569 -0.0183388933003871 0.000694767417825975 -0.109316736528495
-0.0084622488205121 -0.00649989456016257 -0.0683386091258873 -0.0739070940958237
-0.0103994501932482 -0.00691358539549642 -0.0878683543043698 -0.0194811277591301
-0.00984975319557258 -0.00496121135187313 -0.0867580230250902 0.00752159109575202
-0.000853203311926783 -0.00902037320005 -0.0904431928539047 0.0147610725895068
0.0079864315735256 -0.0058173553179003 -0.0970341667315248 -0.00215044413209597
0.010318301387348 -0.00442223538507593 -0.0898079531821635 -0.0357952360799994
0.0218029217093177 0.0114782247980282 -0.0668504915645565 -0.0738610666181887
-0.00366229639124907 0.0349592610724552 -0.0339797371433957 -0.0960543059391224
-0.0491771801465029 0.0207829453119645 -0.0217227736421378 -0.106723197603691
-0.0585180823361757 -0.0164066204006567 -0.0948363317224999 -0.127692077346607
-0.0817248153299665 -0.0256605890310412 -0.0531622047945561 -0.109689053175498
-0.0527917578507225 0.0219983009499893 -0.0325145706171476 0.028086708593927
-0.00814190467740642 0.0370662138805534 0.0775964811633248 0.0202156261398478
0.0155036987907879 0.0219327589660695 0.0876658425203348 -0.0632008997056879
0.0140103815800688 0.0112235992888835 0.00912878615634443 -0.115768092136437
0.0206286704349478 0.00718085597768429 -0.0645483039837537 -0.0775848508088516
0.0223516181220172 -0.00907332378870788 -0.0837884542043399 -0.0226801929058693
0.02094987742331 -0.0112358334116296 -0.0810211070108509 0.00525781768497208
0.032108377866868 -0.00852681082026938 -0.0830310834394139 0.0169084588772403
0.0374806936993895 0.0160774467425254 -0.0920152139819436 0.00595823858688961
0.0215359020903946 0.032345924220971 -0.0918030755681786 -0.026017703145908
0.00536074111176525 0.0549638089682893 -0.0732129549787862 -0.0656930691369242
-0.0489087586696074 0.0499306741662152 -0.0411180358671468 -0.0859591675136175
-0.0984140111568747 -0.0056313883521621 -0.0218242725455661 -0.083913215163405
-0.102317858158048 -0.0641031869280651 -0.078916838271121 -0.0939042267498252
-0.107268305961842 -0.066373887952914 -0.0213958577354262 -0.0918223362102453
-0.10129958243868 -0.00228190674938561 -0.023803731339272 0.0397551325217676
-0.054073928973885 0.0569327447027187 0.0841057521803011 0.0376577990552316
0.00458577141741686 0.0698354936014741 0.103301487921126 -0.0527606216688649
0.0326181503532715 0.0464895031231348 0.0273881112015993 -0.113187734292606
0.0484955830342263 0.0249603396960786 -0.0485992023450777 -0.0781832194769981
0.0536120264782231 -0.00741090613121122 -0.0672957325962183 -0.0256443172731168
0.0484610852660206 -0.0160132259204877 -0.0629558030473178 0.00142228674637899
0.0588926901407507 -0.0118534868305124 -0.0640959426760496 0.0185516144929075
0.0640302742400382 0.027751163278817 -0.0753750425903372 0.0192258927609316
0.0392812220567731 0.0579548991499484 -0.0863984461492329 -0.00454578395485733
0.0057111691758714 0.0943287280158203 -0.0813973885587669 -0.0461344377439619
-0.0772482026317233 0.0737222305485376 -0.0531852507152374 -0.0722611228472449
-0.134879047135164 -0.0144421007605624 -0.0180183292572416 -0.0633145191499849
-0.13514832154118 -0.0931818988372907 -0.0513011533552189 -0.0513115552036631
-0.113743168621164 -0.0988527338007166 0.0161256058518728 -0.0567420994405058
-0.133159615976812 -0.0336467451331977 -0.011146629476928 0.0569485694058765
-0.0979189973173098 0.0603599967829774 0.0844566864618837 0.0625851946116796
-0.0167331495511086 0.108922054399051 0.114595810924758 -0.0276382648791847
0.0412288439951202 0.0803307587064865 0.050480402991517 -0.0945499430877767
0.0687408459331202 0.0449816830304925 -0.0207080970222141 -0.0708686663498914
0.0783001223743759 -0.00174536056940141 -0.0394022001460836 -0.025481534678434
0.0695007136440721 -0.018013279660013 -0.0363923735184565 -0.00253279077968148
0.0768462314682303 -0.0148149379013372 -0.0362325621688542 0.0177065059911955
0.0815403928195124 0.0315323437125483 -0.0487350874521656 0.0294687162396014
0.0542671413718967 0.0707787332517083 -0.0705284362719753 0.0191741947550257
0.0117961015096807 0.119070255757618 -0.0820338597249284 -0.0217966041893417
-0.0881258131171697 0.0909443098101855 -0.0610906063810643 -0.0550035765487508
-0.149964905337865 -0.0142442459978244 -0.00795498332964576 -0.0466519617684778
-0.147966278996832 -0.105238584419122 -0.015845412857949 -0.00602921902668482
-0.0995781109021607 -0.114397694412429 0.0529698399016161 -0.00393550648107026
-0.138148010243242 -0.0642315115349563 0.00693759198217799 0.0788274306737408
-0.124505693035696 0.0443684167544366 0.0757302815439696 0.0858645328252797
-0.042149905611045 0.122642262559396 0.113173087715052 0.00585969507988814
0.0370327590504648 0.101390913113935 0.0705116986416911 -0.0605255261975643
0.0754960920462111 0.0588912549687539 0.0132458232088943 -0.0533906453963868
0.0900502177492105 0.00508286042543855 -0.00402739619480272 -0.0223859918803333
0.0801804061706709 -0.0179183263664941 -0.00456903304451065 -0.00618423546076658
0.0840939499040153 -0.0167163284883764 -0.00464438418801034 0.0159774538996862
0.0871873706525473 0.0295144569864558 -0.0177913296903619 0.0361681767756417
0.0600241637486389 0.0730583451210016 -0.0476603903632976 0.0389225716330704
0.0134220164107589 0.124110471997785 -0.0737292234524291 0.00180479838118203
-0.0887332378726885 0.0901306919256644 -0.0628899862267556 -0.0366493042702552
-0.14317613937563 -0.017671922650646 0.00248468714983824 -0.0344864162749577
-0.135925812966056 -0.103958987205591 0.0195468048467585 0.0334055887436535
-0.0689114406342869 -0.105528177997704 0.0829373110208172 0.0530440322196295
-0.111554187364201 -0.0810181381163576 0.0247051172299486 0.0995043393639735
-0.120591719190944 0.0164684128828047 0.061460134906034 0.101068934321889
-0.0584171994642535 0.107337948249371 0.0989120118957451 0.0378949826932703
0.0237536426751742 0.100908280052675 0.0811609331468971 -0.0193332141651655
0.0678020038262719 0.0615649054117374 0.0468811008223282 -0.029525814622372
0.0855045342521599 0.0100723275620446 0.0321681824110448 -0.0163979213479144
0.0778002845791993 -0.015377146909829 0.0279330467171848 -0.00887360656113297
0.0799789306643902 -0.0155750785925904 0.026295434219606 0.0136547730377925
0.0806947327951536 0.0263779250913217 0.0114036530779656 0.0411529856009288
0.0541435649798766 0.0689022791642709 -0.0241759871335736 0.0537845478945097
0.00493699723945949 0.113258018372362 -0.0619996703496093 0.0201395487154821
-0.084508720756906 0.0703324283848972 -0.0594476237130443 -0.019972531428033
-0.118565017656357 -0.0277446978079695 0.00999275052342524 -0.024376808783015
-0.10162964044255 -0.0945460394853072 0.0469773579998441 0.0659568103704185
-0.0276202938845292 -0.0738616882840115 0.101287421534529 0.102391389236365
-0.0642941404114932 -0.0744262974121039 0.0385836710827837 0.11281812706041
-0.0888628288762433 -0.00766820445690084 0.045367882281986 0.105850789854868
-0.0558269920597251 0.0731772842219101 0.0789675557056197 0.0605062750014452
0.0100374781380848 0.0785392376134758 0.082839238404652 0.0155929499143502
0.048628484006939 0.050269691006772 0.0720632454602796 -0.00696094544152503
0.0666727945879806 0.0112358269594653 0.0629224048619092 -0.0110014152836226
0.0633351252957866 -0.0105222375272978 0.055741693889005 -0.0105105970533932
0.0655531754663529 -0.0109522179657264 0.0538141225631351 0.0125403724257959
0.0648281489944379 0.0218399207010135 0.0364413777879295 0.0464061298939299
0.0415410029715531 0.0590233792491965 -0.00589450548449532 0.0669971555145878
-0.00820127075652317 0.0913850005644131 -0.054250257957195 0.0353653019329942
-0.0753628102018242 0.0403180139367527 -0.0566075318437459 -0.00711135473991511
-0.082265824810689 -0.0392181010506205 0.0126767803265332 -0.0152096103776945
-0.0533895964866791 -0.0756981763000346 0.0617018125527558 0.0902475151240354
0.017966019591876 -0.0281060739568242 0.110057051018283 0.130687405199344
-0.0104965885625647 -0.048456597794229 0.0490063705310299 0.113492788283472
-0.040704212417813 -0.0203010006529042 0.0339776819337991 0.103100809937349
-0.0355159696931289 0.0317905769272876 0.0637482370490784 0.0705662277675659
7.64040915404744E-05 0.0427607804347762 0.0820129253707861 0.0363107521863543
0.023070396986395 0.0289248747535699 0.0884177739561032 0.00516367767592441
0.0365711465888172 0.00882152802768598 0.082701423562019 -0.00933491699238704
0.0388015579410534 -0.00471192233949455 0.0740451844626353 -0.0120588084340929
0.0423804901424433 -0.00467035658130018 0.0726128506403648 0.0133708179018037
0.0424235814558456 0.0160012874009462 0.0541182843057201 0.0533277027244076
0.0263022258261167 0.0444179822028027 0.00543374493899472 0.0803133871263688
-0.0180939572903872 0.0609869968806572 -0.0525955275781783 0.0488236385266659
-0.0577333836142832 0.00925542796688666 -0.0576546999044649 0.00160628838475901
-0.0393177177903132 -0.0436238255765437 0.00892609824102862 -0.00972954775278505
0.00111704294315243 -0.0467614455815156 0.061892634998801 0.103831734390162
-0.0414266952342629 0.0144950885120342 -0.0801883160824953 -0.102142995891572
-0.000228454878587004 0.0350143022643122 -0.0346280865431911 0.0284490449234946
0.0301777070277502 0.00827788245943748 0.0709238203725743 0.00948801303854904
0.0160078107322401 -0.0252813969729855 0.0734953872445849 -0.0646721177736577
-0.00792932569478696 -0.0185202645107121 -0.00487617237761387 -0.110441996825802
-0.00849123639561417 -0.00652565087497499 -0.0726384746553691 -0.07144515768644
-0.010971754826103 -0.00599795826283634 -0.088466015138958 -0.0153868030594486
-0.00999262030768907 -0.00378330029448184 -0.086418783321092 0.0125313469923208
-0.0017118140434617 -0.00866718554688941 -0.0903865802405471 0.0199948624917495
0.00778126502862698 -0.00648380962201147 -0.0977058728873442 0.0033682267189303
0.00983315388358093 -0.00525625695628017 -0.0924570571615638 -0.0316842077873565
0.0220842302138419 0.0100426222983992 -0.0706973854802631 -0.0712774875974365
-0.0016143161659546 0.0349903561861157 -0.0373443924956032 -0.0952270887523366
-0.0484948382656857 0.0239688715414344 -0.025735496131086 -0.107072983246434
-0.0588880507967435 -0.0142975631313085 -0.101664056978137 -0.122716892591853
-0.0825385240004063 -0.0217300395371967 -0.0587506992235692 -0.106058239536206
-0.0516621264223942 0.0250688381639163 -0.031222445385249 0.0313005684462211
-0.0055627229680988 0.037897721045526 0.0799652246041679 0.0174147184714938
0.0172861131341647 0.0201251196201998 0.0860188630466747 -0.0671659634330013
0.0146942108306365 0.00980119736332119 0.00308779077260947 -0.117528777051321
0.0211405616560808 0.00571781374270819 -0.0688736343540328 -0.0754449372685774
0.0214501173596515 -0.0104213628252278 -0.0844520989288346 -0.0183755839417384
0.0199452651096347 -0.0119023337993773 -0.0806243471170515 0.00962956066787859
0.0314324378475212 -0.0112002113526281 -0.0826226798888951 0.0222648110877849
0.0385716436069702 0.0137900963127704 -0.0924270855884957 0.0113928956017882
0.0228953050337973 0.0312509188058113 -0.094324001011081 -0.0215330280862607
0.00867272880213642 0.0544981993367594 -0.0766539907340678 -0.0629087516784113
-0.0459250612654627 0.0521845167384527 -0.0447032470246733 -0.0847624982923108
-0.0989188814659074 -0.000321849033349032 -0.0249511423821127 -0.0839030720201422
-0.105397897561557 -0.0597248669705407 -0.0839327858812928 -0.0901229947869877
-0.110900054517162 -0.0602775643526503 -0.0263350568605228 -0.0903660475077845
-0.101242940406968 0.00384262245070566 -0.0223479925791544 0.042205653511497
-0.0505049243689362 0.0598920783329813 0.0869479498418682 0.0346295493584543
0.00920867509682538 0.0693328753163618 0.102295666056363 -0.0578691573865406
0.035259794402846 0.0443009759233689 0.0214109543644991 -0.115479324647223
0.05032768253119 0.0223875144912462 -0.0524538767142428 -0.0763963822096466
0.052956805367938 -0.0106666265846222 -0.0680378801400243 -0.0221140724023537
0.047193954272597 -0.0184537637719199 -0.0634281799185931 0.00479450128608333
0.0580822463526611 -0.0151576115869888 -0.0633891793804206 0.0229292043368416
0.0656826025591034 0.0245978272648907 -0.0752817307167593 0.0230259586265757
0.0421742712119525 0.056109866038366 -0.0883005713128988 0.000412772798926283
0.0111453055497995 0.0938365043391713 -0.0842838921040139 -0.0435829044172263
-0.0729311680632751 0.0775631360977985 -0.0563586766704931 -0.0700649497898922
-0.135659795594278 -0.00707012739801064 -0.0204158095152657 -0.0638525744859821
-0.139415271140689 -0.0864874884566736 -0.0536034135111613 -0.0489899829084212
-0.118368076319041 -0.0925291953472588 0.0129280493030597 -0.0572920641292848
-0.135038020346521 -0.0268123177424307 -0.00930849795054842 0.0583957682199092
-0.0942821875511245 0.0652707611107134 0.0877845800378322 0.0597047275487392
-0.0100290639267308 0.108581747372203 0.114356819582582 -0.0333527819182381
0.0460963901672225 0.0776773249430041 0.0453022763903096 -0.0986867464343826
0.0717843332818337 0.0409092063610791 -0.0244489810141783 -0.0704792770804635
0.0777486135102782 -0.00633820558152471 -0.0405529734354239 -0.0235887409084567
0.0679434654007893 -0.0217650683566637 -0.0367174537909964 -0.000217499218190377
0.0753528394416194 -0.0193263334014669 -0.0357928704415566 0.0205214853876407
0.0833216389329016 0.0272499287644656 -0.0483119452697472 0.0321694143175209
0.0582705729024247 0.0680532476185028 -0.0714790359233859 0.023941937148638
0.0192170191439993 0.118240456824731 -0.0839121785211069 -0.0186494151797056
-0.0827930761469409 0.0952857894560874 -0.063772649723836 -0.0521998271414351
-0.151002614068491 -0.00644694044864135 -0.00978771372936832 -0.0475619403412795
-0.151840317119869 -0.0978775976301515 -0.0162172869108276 -0.00624303123135826
-0.105239374267807 -0.109118396857627 0.052597970508194 -0.0066257798970175
-0.141752185504573 -0.057794217238598 0.00911890965964826 0.0793195228352596
-0.121231569189644 0.0503866284736029 0.080387207613596 0.0833219179920232
-0.0349350613817484 0.124061356114885 0.114267923949081 0.00103296464693799
0.0433380442076493 0.0993375685874174 0.0674279228174786 -0.0656086586008922
0.0793534731440167 0.0551712042678356 0.0106436383495678 -0.0550391221451877
0.0900101605928652 -5.82696214734295E-05 -0.00486857175486294 -0.0227472945212864
0.0781524392123961 -0.0218779260893944 -0.00474177703929548 -0.0061235475237254
0.0824680171514442 -0.0216178374660334 -0.00426312367607163 0.0168639592706949
0.0890252988256876 0.0249346047955761 -0.0170862621904308 0.0377563727376541
0.0639094446754347 0.0699923427749771 -0.0473013709907148 0.0425544697857922
0.0208497537403303 0.122983619725557 -0.0747722501089085 0.00437665050597376
-0.0835517273605162 0.0944669107671048 -0.0649906227175602 -0.03353155260546
-0.14430473073168 -0.0103932361931383 0.00075133495784876 -0.036354546315151
-0.140082644877968 -0.0976439454842272 0.0218734568438524 0.031187562295557
-0.0734664463162682 -0.101689626689624 0.0855848200135963 0.0490693218321991
-0.115481599723473 -0.075613666330966 0.0282968450218618 0.098356304419101
-0.119546813591884 0.0219877580344725 0.0658478676707955 0.0993747152191421
-0.0524016264858372 0.109550527088305 0.101360178422021 0.0341875314488925
0.0299869297611515 0.0995715309465535 0.0807578083307995 -0.0248141927624053
0.0718608432438576 0.0582109365745777 0.0458055748815617 -0.0329369564148987
0.0862371752498799 0.0051911813412731 0.0320924701309092 -0.0191311119825953
0.0765537474314187 -0.019791420718498 0.0270213368051866 -0.0108932847328847
0.078435508749039 -0.0200198804122985 0.0269676947567023 0.0126241823565047
0.0822736403367197 0.0219280287697682 0.0128124441448616 0.0409198054324895
0.0579977586422393 0.0659020893631596 -0.022968754582142 0.0560247199739351
0.0122384353012775 0.11287533138228 -0.0628549035912933 0.022547307088762
-0.0808346494261373 0.0749830909764772 -0.0610440016478927 -0.0170560897118006
-0.120211989915103 -0.0223662709666461 0.0088680816291374 -0.02620461340997
-0.105833101327939 -0.0897669812751845 0.0507257661381838 0.0624090942328921
-0.030721707840536 -0.0719627658214982 0.106610606526848 0.0971677653435089
-0.0681969605709404 -0.0716744493575068 0.0431632601946982 0.110831071160172
-0.0889677118980253 -0.00380867483906539 0.0495893622111266 0.105156584487911
-0.0514112775661569 0.0753685860122071 0.0820187222400684 0.0569892598237801
0.0146647858457619 0.0782371749363201 0.0839353613413196 0.0107356863001908
0.0519127558690171 0.0481223196761206 0.073020585927573 -0.0116065326691732
0.067406693507218 0.00757854909197129 0.0632807333238717 -0.0153515521714735
0.0623774272192255 -0.0143084768826777 0.0548011181527304 -0.0145885366036625
0.0645026630798566 -0.0150340948176044 0.0541396483120798 0.00986792381655859
0.066371591260431 0.0184605599078444 0.0379414673559052 0.0449405515899704
0.0449828923535673 0.0568129652125668 -0.00350858041266855 0.0678671906699628
-0.002185799120292 0.0914161545946567 -0.0542260492374058 0.0372836613435035
-0.0736187254157776 0.0444450003831991 -0.0573733877108432 -0.00455667312535151
-0.0841417837859904 -0.035604292277086 0.0114880566207609 -0.0170477507727981
-0.0562017818522578 -0.0733383990076021 0.066588890418599 0.0858627546999051
0.0167090606759834 -0.0285780795115511 0.116326208632282 0.124701313904637
-0.0123310072955864 -0.048183228319865 0.0533925000753171 0.110547419477831
-0.0418281269233523 -0.0186372029563095 0.0379446209331486 0.10244646676881
-0.0338396864249909 0.0334305901182467 0.0674865171439406 0.0688522920735036
0.00286720953841678 0.0432174168040979 0.0847957944176139 0.0322650690358121
0.0252351324954212 0.027950715033023 0.0899979608510856 -2.43902932803705E-05
0.0371204071933963 0.00672396819180074 0.0834710453639629 -0.0146268896635199
0.0382702933297667 -0.00680030657207243 0.0732091998267483 -0.0165518853928232
0.0416447012674739 -0.00754009652967413 0.073399850025339 0.00914162347816624
0.0434756283730251 0.013051698116721 0.0559031792541331 0.0508333365476778
0.0288793220881688 0.0429436088353051 0.00888283424638355 0.0807183773456639
-0.0145182965121438 0.0625411482114649 -0.0513801162207973 0.0511634147344885
-0.0577829058280303 0.0123511626205447 -0.0582056626530271 0.00433120832558048
-0.0411683565362238 -0.0419639034742714 0.00859478221031715 -0.0113265679664723
-0.000812852397661773 -0.0471431683719797 0.0675481025989998 0.099737264058433
-0.0397608174894715 0.0152599529446862 -0.0820653111957959 -0.0969774650188762
0.000767145039803769 0.0348418347029445 -0.0336183038068616 0.0300852754762976
0.0303727624747521 0.00753383493286052 0.0707112538012931 0.0078493517292811
0.0148772616230215 -0.0261341800752087 0.0715943517361759 -0.0658664038809365
-0.00831661512275106 -0.0186901504363659 -0.00820007857577432 -0.108736366687168
-0.00847796649525457 -0.00634986432006795 -0.0734203383322348 -0.0683573540239558
-0.0112778749016738 -0.00583987307117252 -0.0868112725813163 -0.0121727873808664
-0.0101161052778612 -0.00320334611003438 -0.0842728747725255 0.0163134629292981
-0.00189494647369827 -0.00868711040106503 -0.0879064232710017 0.0231749737576047
0.00737923476460756 -0.00696300323299471 -0.0966150007444155 0.0071368263663407
0.0089635901329992 -0.00514801229076633 -0.0921840591754905 -0.0287102891562736
0.0221872841204729 0.00887581154963296 -0.0718697254767607 -0.0685724719291147
2.94936969137778E-05 0.0343499922148804 -0.0381454587761454 -0.0935951116761003
-0.0465463120768859 0.0256938624120082 -0.0274280122731646 -0.105554905553253
-0.0579344548839035 -0.0126505858969126 -0.10348200989611 -0.117019281215771
-0.0814906466619805 -0.0185536143499715 -0.0612743574138182 -0.101310956625241
-0.0499152951765869 0.0264715561640295 -0.0299575832194385 0.0328148617829482
-0.00345180311795833 0.0372861317901952 0.0795006999051416 0.0152049783479237
0.0178117337566328 0.0181363276890671 0.0839633376249943 -0.0688626055000172
0.0146742404854886 0.00835622964700089 -0.000390779959201025 -0.116621652760835
0.0212999834585253 0.00447392941224217 -0.0699919434943368 -0.0723416760690395
0.0205368274903953 -0.0111954308085404 -0.0833314488429671 -0.0156774568853293
0.0188138288034684 -0.0120952811404672 -0.0789070958688435 0.012979462330263
0.0300991982430691 -0.0117169112868936 -0.0808825800563902 0.0248709759099654
0.0389047605458068 0.0117957857950485 -0.0913260162989033 0.0144603421081511
0.0230913795077824 0.0296982898185241 -0.0937889631949341 -0.0187891659524574
0.0102653309559411 0.0526648314351201 -0.0780588488623471 -0.0605379132796976
-0.0432439838802299 0.0526282701740271 -0.0451449990155614 -0.0829271790950712
-0.0967384080271511 0.00278759638361001 -0.02638396857869 -0.0832219912158424
-0.104351040222529 -0.0556685392129567 -0.0849577066453636 -0.0860025911525833
-0.110031575242448 -0.0556950300673174 -0.0292090839367688 -0.0870940858554961
-0.0993170611652873 0.00691010467590661 -0.021213568847099 0.043168464922714
-0.0466126885761017 0.0602033912364163 0.0869435440656043 0.0326589568093975
0.0118767125957364 0.0666184030666635 0.0994185084699648 -0.0594004987944616
0.0365860190231109 0.04134390762183 0.0166645187791839 -0.115311245704229
0.0504461430076225 0.0201651860070749 -0.0541109003272571 -0.0740553186576025
0.0513726555146638 -0.012337204928425 -0.067268146161797 -0.019455770350567
0.0450535834344178 -0.0191721840403557 -0.0619237934941705 0.00719788111344668
0.0560268066231994 -0.0171163797462471 -0.0617219003219295 0.0251369881972396
0.0654708373126796 0.0213718869628311 -0.0737816550557634 0.0256307605343158
0.0427748399479117 0.0535534789044631 -0.0877614656485552 0.00328717481639161
0.0142485145149189 0.0907708236187601 -0.0846851193616045 -0.0407512419618775
-0.0688100647224189 0.0780810976528483 -0.0562330124562196 -0.0680772434995215
-0.133792170339576 -0.00220018378293172 -0.0207744798074167 -0.0631652060403505
-0.138153826613084 -0.0807045728795835 -0.0538734107896868 -0.0469788739065993
-0.118484586456458 -0.0866686315600193 0.0103227644849823 -0.0560136711419092
-0.133760111001857 -0.0217648158282751 -0.00796775709013383 0.0588058878804937
-0.0895656912500057 0.0669736716261028 0.0884345423259005 0.0570874818763702
-0.00556826606541189 0.1060006238424 0.112058086529132 -0.0358020789359627
0.0484796538728834 0.074212985254637 0.0410120128854346 -0.0994280769539189
0.072315748990571 0.037806240377884 -0.026048844458661 -0.0691704667962761
0.076234038338356 -0.00923243925981791 -0.040011841217894 -0.0221267259212403
0.0651709366975816 -0.0234005896370502 -0.0364821889267617 0.000405214257884772
0.072564985173094 -0.0216778364992972 -0.0345956547487347 0.0221029046715123
0.0832139166662998 0.0236426683036112 -0.0473597990129802 0.0338843778885924
0.0592003391670604 0.0647394314466598 -0.070559751515174 0.025886089753871
0.0234112866492436 0.114273743333821 -0.084211966188779 -0.0166978449590767
-0.0783738474884599 0.0960953326688552 -0.063711291594738 -0.0497894354238547
-0.148666705831095 -0.00163338478214886 -0.0108618397903983 -0.0480649834253434
-0.150969918117709 -0.0914362141203603 -0.0159930858228968 -0.006457172306798
-0.105984679388396 -0.102896579834975 0.0506195452785296 -0.00773690924325188
-0.140409699919759 -0.0522248176795854 0.0102315189774856 0.0779483658312447
-0.116731626539531 0.0529905353662745 0.0809153744123666 0.0804683582254818
-0.0294311143882825 0.121692189058664 0.112687031629609 -0.00154646103331427
0.0462855617113291 0.0952404628402915 0.063890111527816 -0.06774941564806
0.0806360659907636 0.0511599857989141 0.00947508186534158 -0.0550509493913003
0.088198321831719 -0.00334545972647401 -0.00502767571276108 -0.022296320715369
0.0753265447109201 -0.02442469738627 -0.00547749489704855 -0.00611912044637051
0.0795074807358046 -0.0245923313172835 -0.00401148929682298 0.0170779189670807
0.0885923984280969 0.0209370539995962 -0.0168686896843372 0.0382356440937809
0.0651259358856634 0.0664308842876035 -0.0463200992522957 0.044009198478148
0.0255549540497806 0.119448609118318 -0.0747240889928928 0.00590129766141109
-0.0791598420692609 0.0954060103606444 -0.0645774697615044 -0.0311907613481213
-0.142305682554552 -0.00549031338614977 0.000159390090608938 -0.036536110716027
-0.139596660193024 -0.0914992954109714 0.0224451993175158 0.0285686478065138
-0.0746910772865406 -0.0968916530521352 0.0845619881800768 0.0455361325022086
-0.115785813025289 -0.0707588139285349 0.0291374738360356 0.0957029689495668
-0.11571173701054 0.024858753933165 0.0669849908557224 0.0966430766990611
-0.0468218734586111 0.108426460465402 0.100606523828999 0.0309889442863712
0.0333248417891317 0.0964363950167838 0.0784956053226741 -0.0277750047788031
0.0729966973630094 0.0549040087879202 0.0444050308632674 -0.0343859666343853
0.0851322606121834 0.00184573307510636 0.0312671163445833 -0.0204429937809682
0.0739463539819045 -0.0215387335363609 0.0260383399336494 -0.0121841474660402
0.0753943525518571 -0.0230016765114778 0.0262696174690402 0.0119774458407542
0.0816907276354775 0.0183627624117978 0.0129320191877127 0.0403374584169729
0.0591883944511008 0.0624910976466751 -0.0219400465900503 0.0565027841053478
0.0160991665785112 0.109416354236827 -0.0625162810077621 0.0237511576111458
-0.0769048754113967 0.0757115542884371 -0.0604126051882585 -0.0150850488434599
-0.118518249703995 -0.0183390306269389 0.0079150971275409 -0.0269355226246015
-0.105706849094386 -0.0845265929584997 0.0522161936262449 0.0583430630813029
-0.0317085835844947 -0.069415435334999 0.106967299133854 0.0918641809819413
-0.0687964769565077 -0.0682447753734744 0.0436249011565505 0.106839565015102
-0.0871092224635498 -0.00176428555211968 0.0511761336311388 0.102599082296163
-0.0471922511176162 0.0747312050421797 0.0819184287048296 0.054531720684628
0.0178561639696098 0.0768375304861745 0.083262330918244 0.00799787224036612
0.0532350338595661 0.0455086883271557 0.0717358166573402 -0.0144506010430599
0.0663742961049779 0.00484550303079738 0.0624289884385916 -0.0177163486249486
0.059798289240429 -0.0162407032716171 0.0529369776985117 -0.0164987236384071
0.0619139479919798 -0.0171594354786264 0.0527905597383636 0.00764186402439925
0.0659726821074268 0.0152632477380475 0.0378904373786534 0.0428565284977985
0.0459709759723871 0.0543006197343215 -0.00243698890351125 0.0679897572037656
0.00135812092468052 0.0898349462551939 -0.053259266181479 0.038273766330542
-0.0708134524996582 0.0462636023644638 -0.0568852720524413 -0.00250955872420563
-0.0840219418836105 -0.0326748631476649 0.0114106101387166 -0.0179954692019698
-0.0567208609123167 -0.0703045936137489 0.068466084978592 0.0807186949361266
0.0160806866144707 -0.0284549986896198 0.117363613016078 0.118820919219512
-0.0129686989939655 -0.0469537290639064 0.053541445955385 0.106585941436437
-0.0418203141066129 -0.0176650383093891 0.0389360984282937 0.100873285819341
-0.0318788233555487 0.0338977350534828 0.0685209367138429 0.0663802187006576
0.0048308227601342 0.0424186608020155 0.0852997405428736 0.0293349594016869
0.0259693349112247 0.0265497505291635 0.0892116640083267 -0.00304053360149993
0.036885384736145 0.0051526713413806 0.0815964156219283 -0.0182226720994315
0.037081111104565 -0.00792149980526307 0.0713119924272817 -0.019571562674413
0.0400160492789408 -0.00889873319374119 0.0716532762601825 0.00614905257722484
0.0432131847875065 0.0112861048730375 0.0566552283013821 0.0480655173342322
0.0298376178327168 0.0407995417549642 0.0105369713545894 0.0794491480614771
-0.0121443666001446 0.0616819562198358 -0.0503182477836755 0.0519125481011048
-0.0563847462817599 0.0137487754813499 -0.057798163089045 0.00606656698984082
-0.0415066174915631 -0.0403881868464974 0.00827642254495701 -0.012188216829418
-0.00121338653746154 -0.0455999131342321 0.0697501966571387 0.0941153851115605
-0.0418116779792823 0.0131702253152735 -0.0750037805507745 -0.097363350246862
-0.0008276759352996 0.0348332915978683 -0.033064539851248 0.0287659046410694
0.029816704267209 0.00867881530248884 0.0695310655854649 0.0110063918612438
0.0145680550090813 -0.0256234077640228 0.0742157188896212 -0.0623460786340431
-0.00872347489888844 -0.0181656963831416 -0.0038725261118479 -0.107566867831332
-0.00883421398469321 -0.00689190489659339 -0.0686129314951174 -0.0700583846016572
-0.0118160918665408 -0.00639064573272987 -0.0846970277392584 -0.0151923538493121
-0.0101685560695435 -0.00370086816285441 -0.0830898302408017 0.0136688051710397
-0.00212881085065034 -0.00844251894303971 -0.0876366801269019 0.0209806370574602
0.00708924155518353 -0.00628996819744714 -0.0957179041487374 0.00459455053927483
0.0082316517555829 -0.0044229287316701 -0.0895217779519557 -0.0315669677850457
0.0201080097926896 0.00833275672403665 -0.0663848398381288 -0.0698100979188499
-0.00174948927656453 0.0327699017872799 -0.0318397344858343 -0.0931052532561293
-0.047175649138199 0.0227542148323613 -0.0208643584674106 -0.107268809345495
-0.0585929218858599 -0.0153785918664713 -0.0936792306485695 -0.121423791028361
-0.081000073160451 -0.0232984582123667 -0.0565453996694154 -0.0999900678229242
-0.0505093080714187 0.023573198371262 -0.0304105209822631 0.0334586503523866
-0.00500856279138197 0.0359453432657381 0.0786649064879793 0.0198675955882048
0.0152682076295467 0.0175146780638478 0.0877511022002002 -0.0632494389998541
0.0127785969390724 0.00939994415474414 0.00496803605928734 -0.114763430120791
0.0205294196562447 0.00562302682277536 -0.0647866555923063 -0.0738566072447346
0.0197221576215183 -0.0101956053272434 -0.08108656418553 -0.0192417801051272
0.0191844558666539 -0.011128125337337 -0.0778002211879741 0.0101643979240513
0.0294380798802813 -0.0103154503138809 -0.0803621004961708 0.0233219365836759
0.0381965358043996 0.013530148032762 -0.0908642538367446 0.0131865770602119
0.0208608842529253 0.0311183828711404 -0.0930991949901119 -0.0200335032401413
0.00632087103586609 0.050553167209752 -0.0748917178798149 -0.0606677065764803
-0.045390568404801 0.0487222424991179 -0.0404572407636561 -0.0842123838455836
-0.0961233112457333 -0.00145106582598207 -0.0207552896138466 -0.0863283078825325
-0.102588257139255 -0.0583577920481719 -0.0762319839007826 -0.0919182031663181
-0.106335082533737 -0.061871275422979 -0.0281809615772085 -0.0832885780678909
-0.0979443927203206 0.000876269253474782 -0.0233663638056587 0.0456296575681325
-0.0489698789843819 0.0558127875355813 0.0856451448517887 0.0397083803283702
0.00765223153615472 0.06394343327479 0.103304552975142 -0.0519563269277991
0.0322688457965249 0.042456090444522 0.0231097755636143 -0.112916214657973
0.0490336619336044 0.0223003244576801 -0.0480439679002414 -0.07542922182372
0.0504148652797684 -0.00967586080047938 -0.0643905732493918 -0.0231130910563483
0.045527565222407 -0.0168929187568089 -0.0603294503164619 0.00503310545223701
0.0551892187819195 -0.0146757789846773 -0.0613794429460452 0.0241439775551563
0.0651933409017377 0.0236926449636033 -0.07397715463401 0.025114077520127
0.0401930311064973 0.0552937824445984 -0.0884845460781848 0.00254594358734151
0.00912126271092925 0.088644104799391 -0.0842061291342889 -0.0409069737383953
-0.0722308635406268 0.0734507414412516 -0.0539248654463728 -0.0701728453401896
-0.131956725616163 -0.00837650761868027 -0.0169923806965163 -0.0678986360323545
-0.134935420687034 -0.0839982850041456 -0.048353923991562 -0.0535819021462555
-0.112648466348304 -0.0939182486578796 0.00804840803861222 -0.0508825615399561
-0.130156298489945 -0.0303633549143993 -0.012878685898854 0.0622301836759349
-0.0910812083560116 0.0588374559290415 0.0853314934589259 0.0654349115509019
-0.0113647776860193 0.100953103082235 0.115377191434059 -0.0256872582264311
0.0424250619031013 0.0746303275151757 0.047589272073162 -0.0960414191083501
0.0695993961611065 0.0403025936167762 -0.0203172929223506 -0.0699616670687085
0.074620445042808 -0.0054419675676875 -0.0370955845660168 -0.0250513153780329
0.0659947250745933 -0.0197721343413014 -0.0350171939602132 -0.00112079785679424
0.0723771252670413 -0.0190666480785689 -0.0345171165029658 0.0219854205613865
0.0827027943967817 0.0259257116521671 -0.0482627598616887 0.0342206944638693
0.0564368570972837 0.0678760968769402 -0.072534485920659 0.0264144855571139
0.0172203168248963 0.112278303388841 -0.0852344183624324 -0.0158229206190524
-0.0823279811814365 0.0906043345051464 -0.0631318686174891 -0.052415447254025
-0.146696218225349 -0.00803624018226608 -0.00797220651853367 -0.0530098864778191
-0.145915655202854 -0.0944208850689225 -0.0132192542391426 -0.0128476996488982
-0.0984692568579193 -0.110134352234051 0.0443636226022863 -0.00204845616445592
-0.13490911993288 -0.0612564414385427 0.00312542474459654 0.081838024637165
-0.117781816033966 0.043509969506001 0.0756801978485642 0.0894038670441324
-0.0350311980537296 0.115336317182413 0.114425315405642 0.00895381097478216
0.0398408526780416 0.0950649500457411 0.0696628685512303 -0.0627949985233416
0.0775170187740911 0.0546456857851086 0.0142062781598356 -0.0547317272464127
0.0870658912669799 0.000765630964669495 -0.00216418605453726 -0.0244521936794854
0.0760804077902457 -0.0204747345737875 -0.00443000737705784 -0.00705852275644979
0.0791364347976661 -0.0214266699168022 -0.00372342829903626 0.0179050561455512
0.0881359044828141 0.023606477333943 -0.0179883861124532 0.0393237646678351
0.0624305587611302 0.0692535922576561 -0.0494454510562692 0.0453598003300951
0.0197708715814121 0.118007480503744 -0.077959213994733 0.00754325626424878
-0.0829397337504893 0.0904357906109229 -0.0649454016972222 -0.0344667515900781
-0.140506859140331 -0.0117891696186073 0.00175681320230982 -0.0412938419189618
-0.13420760129673 -0.0940483979612834 0.0220077634074514 0.0237738447537706
-0.0673413590348347 -0.102446777758841 0.0757045678433619 0.0508146746406317
-0.109068222538371 -0.0788938570849648 0.0205136915514431 0.0993940861974539
-0.114876435923206 0.0152891821285073 0.059507462670572 0.103981954652406
-0.0512048739116198 0.100889490486684 0.0998210075078651 0.0406591088160302
0.0274330718626373 0.0953399677244501 0.0821621461848182 -0.0229364802181948
0.0695679450026414 0.0570235578161813 0.047271627906763 -0.033175070988574
0.0837772683683313 0.005659338250338 0.0330382461665475 -0.0212319874157601
0.0744875538563738 -0.0180803704490253 0.0261691380472612 -0.0121498719177237
0.0750858231022671 -0.0201379696631291 0.0258702547593957 0.0135281482749761
0.0817414219204122 0.0209391276755707 0.0111140965220638 0.0417909479586015
0.0572227005253812 0.0651656676756982 -0.0256940596941026 0.0580211582092939
0.0118292573952992 0.108783817554873 -0.0666855059735726 0.0244584584256538
-0.0799335491425845 0.0717533966069334 -0.0614577163905126 -0.0188020674031052
-0.11620806278454 -0.0231988165952013 0.00926581831669423 -0.0305386396944746
-0.100619362717903 -0.0860257640996677 0.0492997356380257 0.0547001242709913
-0.0252718688426844 -0.0729815660370254 0.0966428894862391 0.0960936079088733
-0.062596217259953 -0.073343456425142 0.0337185553251392 0.109403207778798
-0.0850421990963791 -0.00884695777434443 0.0424322631410553 0.107827528323917
-0.0496963011149309 0.0687022590046835 0.0791754167805311 0.0620881263437794
0.0131022620348114 0.0751205351099926 0.0848336632659252 0.0120647866275045
0.050788622022766 0.0468247482421557 0.0730945296407023 -0.0121001044089766
0.0658716050735227 0.0076141579712779 0.0633387016730728 -0.0178042214713424
0.0605479130574668 -0.0130714253203597 0.0526307294391815 -0.0160178854428695
0.0620573614293875 -0.0146889028566821 0.0518476149930277 0.00975179425577094
0.0660092122604864 0.017384742539704 0.0359442380697647 0.0451001785075554
0.0445196281679396 0.0561978273960483 -0.00712236306444463 0.0693246233054596
-0.00203727229385347 0.0888523042987148 -0.0585260315931355 0.037976466692316
-0.0728979537432328 0.0421948100233828 -0.0579858629591253 -0.00669622300123662
-0.0818665162096062 -0.0359970588488497 0.0127002787052466 -0.0203265609551915
-0.0524086747710755 -0.0701725563248433 0.063969199598856 0.0793218013554675
0.0192090936925308 -0.0289955208536936 0.107436496907911 0.122098249846592
-0.00875287881106857 -0.0487994026981766 0.0438856028483146 0.10737078658938
-0.0390515041658411 -0.021334648269378 0.030329051411378 0.103063168322555
-0.0321489097968286 0.0295400331093755 0.0636281078551458 0.0714594447222547
0.00257024922628699 0.0410899450648427 0.0848016325877027 0.0327986687212554
0.0245872329992346 0.0269030069132271 0.0888912306045954 -0.000199597070249185
0.0368222298176192 0.0069208677103809 0.0824751161228875 -0.0169875082448131
0.0370167456681128 -0.0062462325057025 0.0700860383906055 -0.0179968243648717
0.0403042980578009 -0.00746157235366893 0.070583636771771 0.0085328292308175
0.0429598242846688 0.012907064553891 0.053630534955148 0.0500146537753659
0.0287242139675341 0.0425391290411727 0.00541580298267166 0.0807244495112669
-0.0144202208082483 0.0610402832399289 -0.0556311727838695 0.0503665828964669
-0.0583469708729908 0.0108876852927199 -0.058420343255844 0.00175173959024761
-0.0394002265824982 -0.0419714149569852 0.00968003856736279 -0.0135669229795315
0.00141836563884241 -0.0448325895910341 0.0636960571150838 0.093806276711244
-0.0420265928720486 0.0122397610724885 -0.0746490774801289 -0.0987831922840663
-0.00132922115205515 0.0355224725627934 -0.0339188799539286 0.0302920275776799
0.0306457755618382 0.00937314534560713 0.0711242087791035 0.0130574777015112
0.0149855137965776 -0.025913430249872 0.0773438250324028 -0.0619728055843773
-0.00886161292712516 -0.019185675455707 -0.00219487221944514 -0.108735030163979
-0.0090193922927483 -0.00749424949069688 -0.0688687956695392 -0.0716626910688452
-0.0123427761706833 -0.00616862478197653 -0.0850048541861052 -0.0166973262262019
-0.0100632662968426 -0.00350534403494707 -0.0842014576813686 0.0138361905752317
-0.00244421862860705 -0.0085526240621553 -0.0891431937929691 0.020859897544836
0.0074666451688979 -0.00664967474668083 -0.0975269664233967 0.0038835737794592
0.00794156368111291 -0.00399101584764711 -0.090635209144155 -0.0330791959360942
0.0200904617628544 0.00831834600422337 -0.0663206450804641 -0.0719328198072824
-0.00209042898231239 0.0329725086808774 -0.0293074494062173 -0.0957734753631216
-0.0478855214447162 0.0224074262850563 -0.0185007054621316 -0.108831220491484
-0.059299658645584 -0.0169798600477179 -0.0921529587659832 -0.123051048360928
-0.0809286643255765 -0.0246565887090441 -0.0561042745777808 -0.100611137200141
-0.0514648135520683 0.0234310729454174 -0.0315943958858708 0.0344517037992569
-0.00471551962004981 0.036116252198248 0.0798600276911624 0.0220313354659728
0.0156478562161749 0.0173281503154735 0.0907084024710699 -0.0627029033849202
0.0128117967653429 0.00843395251009948 0.00638696266601044 -0.116369525600112
0.0202282785589521 0.00517796195058224 -0.0643821755813827 -0.0758395162053822
0.0195073583501826 -0.0101342311262247 -0.0813424573422903 -0.0201695425001882
0.0189734468834615 -0.0103812859809269 -0.0784226216065887 0.0103009343127015
0.0293053253445077 -0.0106757280725951 -0.0814266931676616 0.023189908097235
0.038589474702128 0.0135802842948741 -0.0926714288040558 0.012563499138157
0.0208269066347137 0.0318479035526109 -0.0946754787508274 -0.0215048138751361
0.00590204604938245 0.0507721180831765 -0.0745626770583549 -0.0634324458710962
-0.0463019039784913 0.0484574576728124 -0.0376936744461586 -0.0864425635602735
-0.0966958764023594 -0.00249902614069849 -0.018377177336498 -0.0887046737272895
-0.103085398555275 -0.0611402370852665 -0.0756352321757579 -0.0936632170360434
-0.105886048298045 -0.0633416323576109 -0.0272561944169546 -0.0841829823871419
-0.09916168735118 0.000296207091067447 -0.0251721265997362 0.0474313131243755
-0.0488500143365551 0.0556637662163185 0.0861271059860531 0.0421883752160671
0.00749142637498071 0.0640565186071738 0.106721771303457 -0.0505387106944183
0.0321240171888575 0.0420860205801703 0.0244901668831791 -0.114147162972586
0.049560469007764 0.0221739530629078 -0.0473282662523151 -0.0774690462065225
0.0503923934299375 -0.00951636213521138 -0.0643982556257724 -0.0240071086145929
0.0458747299831385 -0.0165821648480057 -0.0616780694329989 0.00472181155662428
0.0550713422742994 -0.014428014351357 -0.0621733746709292 0.0244309937807917
0.0659643919411013 0.0241017164117067 -0.0760090312933462 0.0248943285261202
0.039820722665444 0.0565323726670266 -0.0905163076328605 0.00174768644631269
0.0086684246132393 0.0889233444026529 -0.0850543840947973 -0.0431766403471294
-0.0737824749663022 0.0729152316239131 -0.0524739142605664 -0.0724916288482088
-0.132668670695613 -0.00993550454031113 -0.0152779253978373 -0.0699499370393375
-0.134688930323536 -0.0869745599423574 -0.0475578793906795 -0.0548535605998965
-0.111526429313645 -0.0957705755607915 0.0081054041277974 -0.0513240804646363
-0.13100525058213 -0.0314645604991577 -0.0151455718459912 0.063931269606683
-0.0920797892784302 0.0580435437234839 0.0852848083415355 0.0689316055778749
-0.0120397655044007 0.100864777953614 0.118280230754674 -0.0237616107398933
0.0426721942676204 0.0746625957396062 0.048857338487781 -0.096948747664208
0.0705081549387372 0.0406811124485204 -0.0195278283405696 -0.0711443295052578
0.0753426018475323 -0.00509313033364995 -0.0372384641531203 -0.0260839079640699
0.066214298901661 -0.0195263856043409 -0.0361529317222443 -0.00168734036072141
0.0723142856206236 -0.0181343516160984 -0.0353419792632908 0.0223103772531159
0.0835039506259792 0.0264513411304123 -0.0499846701739194 0.0349856933173192
0.0561745699414747 0.0687998488499922 -0.0745302860222793 0.0262835032358777
0.0169547880656946 0.112529205808597 -0.0871094502445407 -0.0177011079168167
-0.0835665226422818 0.0903378680736126 -0.0622068748645307 -0.054764479759175
-0.148401882570647 -0.0100546499517727 -0.00677123180088005 -0.0548411602770952
-0.145290943463001 -0.0973134880559028 -0.0129120647499211 -0.0144033691758474
-0.0967863013826497 -0.111568519102031 0.0438553939837153 -0.00155277904806717
-0.135742949593261 -0.0630315695451373 0.000686315400783148 0.0833132782867482
-0.118376914288295 0.0417711832267403 0.0743004372807605 0.0928218151980973
-0.036115008746058 0.114697787859847 0.11614509062194 0.0114886352410844
0.0395995651364827 0.0957655662775224 0.0708499401801194 -0.0636329936542847
0.0788093623436017 0.0548381245455906 0.0152201118423737 -0.055324438123846
0.0878975593944794 0.00135280164852178 -0.00209681589610092 -0.0251947745989482
0.0763115802847781 -0.0197937361136363 -0.00518512351263317 -0.00737957720511132
0.079288987864836 -0.0210237065941491 -0.00454507033982822 0.0184386291575995
0.089230811407551 0.0244271841525422 -0.019515517577894 0.0400290830890771
0.0622309608762945 0.0703601305882209 -0.0517685964197604 0.0457938436514583
0.019644341936321 0.118127784265613 -0.0802202722434973 0.00569668118197672
-0.0844274951819976 0.0900892422097131 -0.0647336242755865 -0.0359194954296694
-0.141414579338008 -0.0136275342667714 0.0028873080862681 -0.0424341917619405
-0.133230563413108 -0.0968778233184879 0.021977995902877 0.0232866121495292
-0.0653010116104445 -0.103643189960142 0.074723263197406 0.0520620960042262
-0.108911927687874 -0.0806530765118523 0.0171355449459088 0.100569600438079
-0.11526270370513 0.0135003801408203 0.057716298373487 0.107089316765845
-0.052375324889546 0.100432810986282 0.100715297142758 0.0435281312332987
0.0270386224016821 0.0961423692500332 0.0831422576019931 -0.0228883142120044
0.0709450899950296 0.0575425741897293 0.048848538274525 -0.033518983329138
0.0848424504484374 0.00628988840579255 0.034259543603447 -0.0219798579342587
0.0748816398874595 -0.0175199214811961 0.0256853987739127 -0.0129165104490064
0.075293707822801 -0.019874688950383 0.0254784974628256 0.0138349454705759
0.0820358269231866 0.0214206355401318 0.0100813953445147 0.0429104873530269
0.056802270848184 0.0664612551441925 -0.0278528622496914 0.059177650716739
0.0114228005941709 0.108742295928578 -0.0695566185934242 0.0235548433910825
-0.0815080084329639 0.0713873647995008 -0.0615953247065451 -0.0200721434275278
-0.117133878661737 -0.0251867005275369 0.0102820739815013 -0.0316386039321437
-0.0992445995778043 -0.0876575535876306 0.049385953183408 0.0544014169123293
-0.023971010333857 -0.0735199605196336 0.0951671369868222 0.0985651073492118
-0.0620080420395801 -0.0750133436919407 0.0302720988661272 0.110644551086465
-0.0849872061375116 -0.0107363739136212 0.0401943327183473 0.110288888004096
-0.0510025263754555 0.0680651999901212 0.0788083983466575 0.0645587120641255
0.0129755033005715 0.0758260250047767 0.0854850940118325 0.0126691253789837
0.0514028929941326 0.0475162859940795 0.0748936037394082 -0.0119814076700322
0.0666308685663221 0.00785666073654458 0.0645959654719969 -0.0184757375263077
0.0604787375112417 -0.0126175959130801 0.0524125222025386 -0.0167229784296567
0.0623458904004146 -0.0146216711085672 0.0514909616185357 0.0101001567893951
0.0660827118337384 0.0179733164427109 0.0351302958589463 0.0467372752218794
0.0442574993187806 0.0570227466890807 -0.00879428545472819 0.0704161602117629
-0.00285551609927932 0.0889724515603079 -0.0606312258702711 0.0377623570024278
-0.0743254937570572 0.0421218396264942 -0.0583308563991951 -0.00806690975048816
-0.0818469628655427 -0.0373913634807125 0.0135127434002214 -0.0213953356643122
-0.0508787601865811 -0.0711446191111167 0.0638192357982873 0.0789448352255552
0.0206326439040509 -0.0286629599997145 0.10542453817873 0.12417435538647
-0.0077304624814168 -0.0496208412016366 0.0407752300215805 0.108820651992517
-0.0391016538190101 -0.0225738426561387 0.0283060316129178 0.106038421280266
-0.0330370887310581 0.0294068570866004 0.0633245389455608 0.0736511350621814
0.00251879780172258 0.0416321611808653 0.0855970527235989 0.0343963167960949
0.0249217999603296 0.0272340456900317 0.0906600942837283 -3.02785454337124E-05
0.0372786346923574 0.00739935967654631 0.0834930349135049 -0.0174965023105781
0.0372231295338793 -0.00581913034451482 0.070367929386291 -0.01849056304689
0.0399311042602567 -0.00673699833548682 0.0701775637400465 0.00880061327763298
0.0432188793666645 0.0133519418238715 0.0531279209948532 0.0510153972337061
0.0285343458640963 0.0430792041697025 0.00357039216267397 0.0818714985981865
-0.0149531802512274 0.0615201558154085 -0.0580182233927777 0.0502385967026641
-0.058883584203986 0.0104475925756896 -0.0590727294029175 0.000346548594564879
-0.0388829437793823 -0.0432038214310238 0.010411480717569 -0.0146451683032896
0.0027790859365216 -0.0451445990708843 0.0633331866791781 0.0939490399351824
-0.0438176898005916 0.0120866057256459 -0.0761831486089873 -0.102437287376799
-0.00144128320044256 0.0377425864325826 -0.0356927515291554 0.0326261611028977
0.0322882867295627 0.00955190606145043 0.0744920042810791 0.0146058964012901
0.0153549766638095 -0.0272487227536871 0.082566724806474 -0.0640401507349594
-0.0099113526298733 -0.0202671102625527 -0.000807193777003498 -0.113134894736077
-0.00989920519813487 -0.00799809074457728 -0.0713372288015285 -0.075190180909281
-0.012939469491476 -0.00655510921021697 -0.0882287188608386 -0.0174926889130659
-0.0105986980630853 -0.00356828478687226 -0.08713330937984 0.0147258008952239
-0.00302755810159404 -0.00932276943208783 -0.0925570860390527 0.0225795911428455
0.00782467473357481 -0.00765343312729399 -0.101709412292543 0.00390794364728682
0.00834376650885076 -0.00390967091416717 -0.0946392107921693 -0.0359373237621867
0.020737705198088 0.0085592614410783 -0.0679054328118674 -0.0754459988990101
-0.00241511639929959 0.033864325548155 -0.028212936222083 -0.101114354883213
-0.0499114117239925 0.0237289155264016 -0.0167599208493653 -0.113877677151487
-0.0617074125342154 -0.0187711927968934 -0.0937924858165598 -0.1276577524167
-0.0831044606366426 -0.0264827867338749 -0.0573547568473864 -0.104327478251586
-0.0534192282051486 0.0247595477470176 -0.0334603398067197 0.0374350917663858
-0.00437964886113613 0.0373566528361915 0.0835852431413813 0.024705515798135
0.0163900192239374 0.0172393803208912 0.0963881231248639 -0.0645679289051699
0.0127623771381904 0.00822907348550967 0.00770712173822995 -0.120533914975315
0.0209572741399337 0.00484375937858627 -0.0666245901165893 -0.0799046787514706
0.0198608622622936 -0.0101712126050424 -0.0837888985080753 -0.0211759231892142
0.0193265251506189 -0.010714117653982 -0.0815067361477108 0.010800907240067
0.0301927917924998 -0.0108663382867434 -0.0851711767754663 0.0245134157318363
0.0402241093480788 0.0138547728780975 -0.0968641635772056 0.0131822066126695
0.0210833101115983 0.0334377062155935 -0.0987487474938853 -0.0231734814208141
0.00584721861866514 0.0521722428792819 -0.0774061516197307 -0.0673783491376882
-0.0476033719710267 0.0495580772118294 -0.0375580757259834 -0.0911969439918196
-0.100225094930146 -0.00335472353629608 -0.0168060746440513 -0.0931707094458485
-0.105875944821787 -0.0646682013890179 -0.0769336008417109 -0.0976641979570763
-0.107999832174537 -0.066399168101398 -0.0282062165785563 -0.0870259376014092
-0.103205620972991 -9.422468473186E-05 -0.026996259454127 0.0500379076631983
-0.0501904740742528 0.0570196723896855 0.0894693080326307 0.0461444915328615
0.00788615467855886 0.0653709593918649 0.112767275025443 -0.0510326475831345
0.0333567705682288 0.042685569449578 0.0261857234919568 -0.118252675415124
0.0513049098076165 0.0224064845124405 -0.0483656483177312 -0.0810924509981198
0.0524077119721358 -0.0100531176899365 -0.0664676076181365 -0.0254938762949536
0.0470630304469421 -0.0168498455275777 -0.0643036589665499 0.00463700463274646
0.0565657117445771 -0.0149132903965426 -0.0649743034124703 0.0257556123713176
0.0684813048679912 0.0247628575143926 -0.0800317870758258 0.0262139868747486
0.0407289150977445 0.0590881055620963 -0.0946376816897933 0.0014280691773557
0.00850496436256859 0.0912551408606233 -0.0891725244988636 -0.0467961613168093
-0.0763011932021554 0.0747198506777826 -0.0522270839893615 -0.0772732540999774
-0.138280817313627 -0.011478074778097 -0.0139996614788485 -0.0736685207693557
-0.138183052576574 -0.0920896762781431 -0.0484534223943725 -0.057563908918424
-0.113443279872691 -0.0994901079207921 0.00833595455393715 -0.0526061399254651
-0.13577043120702 -0.0334560604183372 -0.0177266711609975 0.0671403076907701
-0.0945133418971155 0.0593717012896477 0.0874885716145533 0.0738694240039931
-0.0121016910225535 0.103655551707271 0.123869963054136 -0.0231970054015383
0.0441884729287487 0.0768168865723964 0.0509711270051531 -0.100075211411254
0.0735037299731639 0.0417273700078019 -0.019654880523983 -0.0749749254053
0.0779977202219308 -0.00509667594580193 -0.0381430271436229 -0.027517141402823
0.0679653754350235 -0.0194343226423109 -0.0379636171616598 -0.00180670728761013
0.0743128940581064 -0.0188303774606074 -0.0370318214196858 0.0233615204217529
0.0869433673046641 0.0274312655298082 -0.0529769685646398 0.036447108813858
0.0576465139873813 0.0719114884542443 -0.0784809108191226 0.0276041424661509
0.0172226714901834 0.116207823408925 -0.0918920956847577 -0.0199554219205016
-0.0871195440486658 0.0929329618551773 -0.0630042117620194 -0.0583868424794742
-0.15374039251933 -0.0113937097813106 -0.0057747649808386 -0.0579749164324835
-0.149047946040029 -0.102587624076689 -0.0127879236223629 -0.015435649868235
-0.098014999504901 -0.115421829301842 0.0447303345351981 -0.00106936842149721
-0.140320223809161 -0.0664801294480728 -0.00212591069079638 0.0873540628837948
-0.121985412620584 0.0417020898413619 0.075912375410435 0.0984676338232792
-0.0376303444637879 0.118152482991216 0.121563785225966 0.0140180083067462
0.0412058647896349 0.098545698801378 0.0737840787654596 -0.0655502906758284
0.081678253731334 0.0563900540136314 0.0163095882511777 -0.0583243230841119
0.0912742440887619 0.0013766976574183 -0.00151372593393159 -0.0269720988108865
0.0788614448162835 -0.0198270451864576 -0.0061641047320686 -0.00836013463455868
0.0814463463613464 -0.0211232818207893 -0.00544432391731831 0.0194590031527322
0.0921220312878504 0.0250887703549498 -0.0216968997197361 0.0422248907241754
0.0640848725883731 0.0734851405743231 -0.0549029308698533 0.0481592540434013
0.0200828294615248 0.122081375618352 -0.084990175160696 0.00488352606406023
-0.0875190301472356 0.0930044828132015 -0.0668459884048178 -0.0389958437366368
-0.146620993190477 -0.0155299604193084 0.00363797307824389 -0.0451856104250986
-0.136387947192149 -0.101963302029933 0.0231234438701415 0.023160146164099
-0.0656369483166914 -0.107594646592296 0.0758825979283075 0.0548693876133415
-0.112356796335001 -0.0846172358800102 0.0146390664824388 0.104735510536456
-0.118962566047435 0.0120744796431108 0.0576277238336837 0.113646025120795
-0.054804364238428 0.103097489588236 0.104523953847307 0.0473007944229536
0.0279154069377848 0.0990673881753542 0.0859944965599416 -0.0238842086480658
0.0738086893098147 0.0591196365960101 0.0512824484553556 -0.0352109796242877
0.0879755845767135 0.00645357496984776 0.035634551820935 -0.0235355142901108
0.0769881519448609 -0.0178310089014213 0.02603737394658 -0.0134924878208596
0.0771976701835288 -0.020116227397103 0.0256677577597912 0.0145137988550319
0.0852279188713287 0.021760224466307 0.00908645164085943 0.0453114574581389
0.0586947860249488 0.0692638210508416 -0.0299575395536776 0.0621063374082857
0.012043123279318 0.1123473367779 -0.0738153179419966 0.0236727310319744
-0.0847152333038026 0.0732028010450335 -0.0637090950892693 -0.021986548653453
-0.121534755201248 -0.0270520411788953 0.0112098021269053 -0.0338516871115909
-0.101388009312733 -0.0920849049520522 0.0512213493204308 0.0554022119025901
-0.0233178465073356 -0.0757096056092039 0.097214255974918 0.102890206649928
-0.063165368793028 -0.0787194747298602 0.0284905493235996 0.114974272452086
-0.0877787922229442 -0.0123761526411072 0.0393178829132086 0.116418822978754
-0.0531608586493136 0.0694908792122417 0.081365866865919 0.0689054633035322
0.0137575968402283 0.0781664606046943 0.0889628334127924 0.0134574245798017
0.053463991336669 0.0489583239275375 0.0781927467764059 -0.0128699271419433
0.0696035742024482 0.00812708727483123 0.0674729425078585 -0.0203429256978866
0.0624445656641593 -0.0128683902593773 0.05370450205915 -0.0177495466248358
0.0635451514060409 -0.0146983622966978 0.0525821014022179 0.0106250851701438
0.06814998295704 0.0184341938582368 0.0352765929201408 0.0484569636243542
0.0455112584749123 0.0595541823016007 -0.0107207191861757 0.0741079602589354
-0.00242179589450271 0.0918582196920712 -0.0650425857350199 0.0384454215790178
-0.0772893572077646 0.0430289741156908 -0.0606327592072638 -0.00909526159652716
-0.0844354528785585 -0.0397882185444691 0.0139460375853141 -0.0233023424527703
-0.0510609868572607 -0.0738143981399761 0.0661983318159598 0.080913768767945
0.0224062926382089 -0.0294289707486244 0.107788559628205 0.12954746896086
-0.00730575987588871 -0.0519371808647754 0.0388390232186261 0.112883561869638
-0.0408219644396217 -0.0243872570970562 0.0272928291532465 0.111650079450147
-0.0346411325812392 0.0298594204258241 0.0647884088664529 0.0779872479494939
0.00304074568574461 0.0428720178675519 0.0891395605212045 0.0354321049086464
0.0262172962994919 0.0278591007295326 0.09491514707872 -9.95968806512885E-05
0.0390339597025652 0.00742479605758626 0.0870968987668381 -0.0191571660015824
0.0383563367503363 -0.00591311539432918 0.0720846090729893 -0.0196331575603296
0.0412796760143183 -0.0072275029135689 0.0718850354060578 0.00913867595256683
0.0445806438217611 0.0134906744358601 0.0540355720949039 0.0534462162767337
0.0295541480918328 0.0442788103386454 0.00236722951009092 0.08586255737451
-0.0153301470076957 0.0635286630452058 -0.0618787025608199 0.0517673365167298
-0.0614554098401992 0.0106628927583553 -0.0616665876797018 -0.000590726844601393
-0.0401306610454824 -0.0456324445894214 0.0109151193172353 -0.0160182901616238
0.00407318320621505 -0.0464230061064719 0.0653365820750066 0.0962797638095982
-0.0456719870432147 0.0125961255458841 -0.0815692022331705 -0.105955598785046
-0.0011246222699592 0.0402706174152316 -0.0365389070288154 0.0362846284098841
0.0350787153606612 0.00963079973144102 0.0796896819912358 0.0151212795349098
0.015550020105796 -0.0291460910963686 0.0879734960878169 -0.0695811392753048
-0.0116319471159426 -0.0215539730664871 -0.00268363921386965 -0.120215631972686
-0.011225623498805 -0.00888109618956566 -0.0765411302912688 -0.0780244906387752
-0.0140175611788169 -0.00612850071567661 -0.0927023904734922 -0.0164846545881666
-0.0114949310057909 -0.00296239268107171 -0.0906171706596781 0.0180892485685975
-0.00340713150435774 -0.00929992500888879 -0.0970453834824459 0.0266535336108054
0.0079224795115657 -0.00863452793934611 -0.108216064959136 0.0065992177095455
0.00869050003134098 -0.00400036937986049 -0.101013958423692 -0.0363492682381397
0.0220888638987215 0.00784557071638709 -0.0721862989601067 -0.0793066708603871
-0.00167337831863398 0.0356657452916271 -0.0294296195766942 -0.10765571246618
-0.0519789295868669 0.0262635317740008 -0.0177965583218405 -0.120686887598632
-0.0657059112096563 -0.0191332386405602 -0.100718564706714 -0.132639061009675
-0.0871572013396573 -0.0271094153808615 -0.0621248856260016 -0.108155482654235
-0.0561438390791601 0.0277827226717977 -0.0344702365069454 0.041339951587309
-0.00284585858238122 0.0388036319418473 0.0892059807930431 0.0261571558522772
0.0177611803352273 0.0173510213226901 0.101907778298811 -0.0695386216913609
0.0132478750126686 0.00796961722214294 0.00618153914112525 -0.127269996451359
0.0216234073942107 0.00401794442461737 -0.0716381539718531 -0.0834933142728423
0.0205568464723324 -0.0110270935943045 -0.0886424864113378 -0.020837024869244
0.0197411851132413 -0.0115415721607932 -0.0854923689778409 0.0136983972324084
0.0309932197961677 -0.0121377816173819 -0.0890963617787204 0.0283983733905243
0.0424485450037934 0.0130220103719877 -0.103158191461755 0.0159948576313158
0.0229864081454455 0.0350025781218378 -0.105373399515927 -0.0227722343589806
0.00758824450623757 0.0541993412042484 -0.0830853295774183 -0.0706996537157536
-0.0493047726729519 0.0529172590571407 -0.0391768956785701 -0.097591854608737
-0.105894200532219 -0.00130470594697962 -0.0179097469629236 -0.0987605836751381
-0.112343847944877 -0.0668494796360762 -0.0820733593021494 -0.101284671473815
-0.113761575941722 -0.0678917616828481 -0.0318408787803282 -0.0903982964807773
-0.108383431309498 0.00214743144663793 -0.0283902096509479 0.0549273742190371
-0.0504469974794337 0.0601193446942598 0.0954659243846364 0.0480423651326255
0.00955900126139804 0.0679726918492546 0.119830011625236 -0.0557944500963835
0.0355484954365276 0.0435556362061037 0.0257608861688361 -0.125416465753228
0.0544629467700194 0.0218245450346168 -0.0528774309890337 -0.0849037060860354
0.0545431440210186 -0.0116436424701593 -0.0705595208485638 -0.0252977683672083
0.0485951902153602 -0.0183534999152779 -0.0680753605427792 0.00689560972567096
0.0584288295631794 -0.0167608215393393 -0.0681311562587781 0.0285398753416924
0.0728198963863891 0.0242757479196787 -0.0850498410825496 0.0298090689186851
0.0440731858138669 0.0618159099352859 -0.100705577986535 0.00366361701264111
0.0112015893464646 0.0952436660636155 -0.0953789956815082 -0.0487662882208108
-0.0785332951111827 0.0795348029257278 -0.0555389288621916 -0.0819409860508856
-0.146031556427793 -0.0096335596152582 -0.0149444652138628 -0.078341076897323
-0.146642023099583 -0.0952637757706891 -0.0517134430700844 -0.0604245291136291
-0.119487436848912 -0.102749794651857 0.00758676069039793 -0.0551389930889268
-0.143519729559831 -0.0328556485760278 -0.019249500710867 0.072400081009263
-0.0974181627086289 0.0633781017178423 0.093562521374462 0.07808172472008
-0.0103457293431737 0.108582915052372 0.131973460572667 -0.0258624144947717
0.0476068388150376 0.0791731454938685 0.0515061724790751 -0.106599174660893
0.0786939103424212 0.0414559226823537 -0.0217866827813543 -0.0789611218202139
0.0820800491002656 -0.00730452664277529 -0.0403062615609269 -0.0289185049260056
0.070898929532597 -0.0221862925248709 -0.0410522786847383 -0.0008411514606675
0.077152740692442 -0.0212635260929366 -0.0393399390748632 0.0256783606381163
0.0927342160056619 0.0267560054557241 -0.0563884525494729 0.0401861578050575
0.0622006075434804 0.0747745139403768 -0.083601282034092 0.0310989741732578
0.0210683690569918 0.120966152890112 -0.0989454132823591 -0.0204759272972975
-0.0895989028246748 0.0990205370134191 -0.0668457121678472 -0.0625298506277862
-0.162298685352711 -0.00990326739005163 -0.006337095500803 -0.0622916112262658
-0.158449015472877 -0.106312650747387 -0.0136424372776531 -0.0167759265387507
-0.103691098535967 -0.120021533203028 0.0460895381934641 -0.001566624455138
-0.149029062001719 -0.0675954905247235 -0.00274252437993983 0.0929462529751384
-0.126829390423964 0.0454486379344125 0.0808482482293756 0.104974359221586
-0.0368087003203227 0.124014902216019 0.128771196477563 0.0140004646958207
0.0454986910233849 0.102307518179833 0.0758129212627091 -0.0710938700505089
0.0875593646040591 0.0563919134544671 0.0164769340830564 -0.0624992663983421
0.0967199375474392 -0.0011234726573597 -0.00218011375459537 -0.0288678795965461
0.0818986553769918 -0.0230466381787192 -0.00816499045771842 -0.00843169191734467
0.0844810982503258 -0.0239396534462785 -0.00583147597324743 0.0207079268346839
0.0978187766177973 0.0238694311660711 -0.0228545807644211 0.0459122033688472
0.0690164502057186 0.0769798093724696 -0.0576840499508516 0.0528381434787186
0.0243343711561405 0.127166851559854 -0.0911651055421197 0.00592348541394507
-0.0905761565374607 0.0995605201269338 -0.0702407499668315 -0.0410624262725653
-0.155040263472975 -0.0138668568639263 0.00349528826947691 -0.0488379615704585
-0.144891382454455 -0.105419348742608 0.0251722451230237 0.0225967430891688
-0.0692629755995073 -0.111881886580674 0.0802361639384153 0.0564461455037122
-0.119852544236097 -0.0874580441336122 0.0146457866942836 0.110643808977389
-0.124122973304781 0.0138602161335999 0.061857257945788 0.120359328671891
-0.0557304647000495 0.108675459660847 0.111657855669098 0.0494030326913215
0.0315570906645756 0.10295433009425 0.0895715270946893 -0.0269202464384081
0.0795216583198108 0.0601730035102374 0.0539377793652434 -0.0391143318647737
0.0934485055416525 0.00380609160611678 0.0372444353596649 -0.026566148966777
0.080189783096708 -0.0205596415714591 0.0254238747620718 -0.0148638016090347
0.0803671422497765 -0.0223860574051131 0.0267892655429553 0.0152916296798694
0.0900267431555682 0.0206759146351829 0.00956177167811835 0.0483713219198223
0.0633957213479986 0.0715951112223841 -0.031762424500374 0.0671355594779844
0.0155385416387089 0.117289706480662 -0.0788776887375868 0.026030327390869
-0.0879514142534716 0.0786180245804121 -0.0674167193388995 -0.0223467741343485
-0.128430805598211 -0.0266379306038326 0.0116210339944119 -0.0368748374320277
-0.107126446630477 -0.0954578902126812 0.0550779218901504 0.0557871529540043
-0.0241524149185947 -0.0795922872871068 0.102523497304106 0.106543324592252
-0.0674891585808783 -0.0821724212796133 0.029039253437187 0.120809840242703
-0.092556764461135 -0.0126031505652596 0.0422437470827174 0.124011267429706
-0.0551418421822812 0.0737305503636743 0.0873961521655367 0.0720744216671491
0.0160852785728996 0.0818952887802848 0.0933835983447441 0.0119605433694182
0.0581261477614862 0.0498897212475373 0.0828704728593053 -0.0162170584784747
0.0736013219096489 0.00649228926058758 0.0707953346556653 -0.023997888476846
0.0652741257449976 -0.0150313075870707 0.0547377444170716 -0.0200267858054691
0.0661727817900678 -0.0170213583718063 0.0550800623103486 0.0101328494276243
0.0721777906050448 0.0174213435573236 0.0371419030383368 0.0510727673940056
0.0494413204060236 0.0617915457113137 -0.01069925107666 0.0793456771467363
-0.000819760736637162 0.0967695504842492 -0.0693429188616192 0.041946147567379
-0.0807088204322866 0.046872096561603 -0.0644200018542278 -0.00887825294892114
-0.089913367321945 -0.040629792979264 0.0152267059936484 -0.0260966386486111
-0.0542499542813381 -0.0773711905222595 0.0715989084358382 0.0823141677468866
0.0239153496179461 -0.0314759118920466 0.114237878278668 0.134931310244947
-0.00802957922552945 -0.0551994835649707 0.0404255612978696 0.118062586711433
-0.0435575104984737 -0.0250595359050253 0.0297271385227585 0.118750583650258
-0.0359895541969971 0.0318274259893167 0.0696774837862741 0.0821742198955868
0.00453610408223498 0.0450220337648246 0.0946369552782302 0.0353072223480015
0.0287129202748573 0.0290090308086456 0.10073675706041 -0.00317373546390565
0.0416561720804959 0.00673205150309595 0.0912775086444374 -0.0237049480788851
0.0401497208701333 -0.0067180675440475 0.0747115397444589 -0.0225237075338076
0.0429438440599162 -0.00793003440137796 0.0747566600231368 0.00801356715905245
0.0467694730986548 0.0132568009864015 0.0573247815707054 0.0557745521930698
0.0321011047537758 0.0465023839676782 0.003043537912863 0.0910998168803367
-0.0147200161425544 0.0673077156864534 -0.0659330323044875 0.0561614677557791
-0.0647973142962925 0.0119932708765504 -0.0657431240995797 4.90940839305052E-05
-0.0425949691626997 -0.0475797382734966 0.0115267663223216 -0.0186829760305744
0.00420539090538025 -0.0488592390872521 0.0706334709044708 0.0990937447250918
-0.0476007027506233 0.0141981029027739 -0.0900631081832169 -0.106859008844366
0.00115501620699628 0.0428686964566114 -0.0363718030040518 0.0410076099659277
0.0372888347655055 0.00770882205526573 0.0854309749018733 0.0123144680648009
0.0151805633979168 -0.0317183332139623 0.0901236647127226 -0.0778454487584897
-0.0135350197231972 -0.022101463768585 -0.00779173426670769 -0.126067590850808
-0.0129506068949991 -0.00865634258019796 -0.0844720575662256 -0.0777548417888993
-0.0158979728691773 -0.00544186113339473 -0.0974586144478395 -0.0125785642228435
-0.0123921202790111 -0.00230334496228723 -0.0935627816757753 0.0246768029542794
-0.00439528729351291 -0.0100391602300656 -0.10048189248031 0.0338496927445022
0.0074830747071403 -0.00952801462243151 -0.114072984582208 0.0133200519318526
0.00883287564108347 -0.00478146917739665 -0.108514407759292 -0.0336163789340567
0.0236018924529469 0.00694108679515663 -0.0792295095870838 -0.08066963466893
-5.12708824771911E-05 0.0377073009104889 -0.0348553273777145 -0.113290908362539
-0.0531603122178009 0.0306135748491655 -0.0230779481942386 -0.126657357901126
-0.0700769177883598 -0.0177059536513857 -0.111168888395365 -0.133661340779986
-0.0919610697376962 -0.0245911380130919 -0.0703424592318579 -0.109567690785793
-0.0568913208439028 0.0324313481094357 -0.0344635434265506 0.0460556950613753
-6.57119506437226E-05 0.0401647782863527 0.0959751763214464 0.0236314869612246
0.0198152852805946 0.0165459717257283 0.105483983084456 -0.0787541826424805
0.0133850501887017 0.00732878667885241 0.000490823973368321 -0.134383380457375
0.0222588247460515 0.00271773976247805 -0.0796930946141791 -0.0841592412185827
0.0202580695170282 -0.0125597649484483 -0.0933095519527384 -0.0171966726874412
0.0196693284982512 -0.0126431825162857 -0.0888374236866001 0.0192341753536095
0.031277394718882 -0.0142208163207215 -0.091812506202061 0.0352364568552194
0.0452838033121464 0.0111761987516776 -0.107679443660928 0.0228684309152238
0.0251640666114576 0.0356598847193153 -0.112649962705045 -0.0191519135601159
0.0107524605191884 0.0559016301424824 -0.0907164449875502 -0.0711923043784375
-0.0488418617429041 0.0577320120028658 -0.0446276355593308 -0.101566082766548
-0.111238223206328 0.00400533522893471 -0.0221750052779297 -0.103558582175096
-0.121229375449111 -0.065028820226163 -0.0903904360284843 -0.102102839180972
-0.121461363751997 -0.0660751130617497 -0.0375380713287645 -0.0923129289606701
-0.113190402350571 0.00822749984074161 -0.0280750833720292 0.0607048880331207
-0.0488257839495104 0.0646960078837276 0.103056676172104 0.0474324404044789
0.0142989345613775 0.0697727776412602 0.124096192426391 -0.0643042403596065
0.0391803023844126 0.0435408408945653 0.0203420937319124 -0.132797090564693
0.0579550339714295 0.0192214482131032 -0.0598997606251037 -0.086406298931039
0.0562759139699513 -0.0154267407061156 -0.0747500572607668 -0.0230780683725645
0.0491843615372726 -0.0212692523536806 -0.0712083212131351 0.0115437607494939
0.0597827321437892 -0.020459460501885 -0.0702145752467588 0.0345297061527062
0.0776275017831115 0.0206336497270283 -0.0880843188674341 0.0368293664576746
0.0490558962146298 0.0631124947304251 -0.106735532307062 0.00937071546762009
0.0167383689276816 0.0984846199014208 -0.103707659419111 -0.0468605532855616
-0.078463330027372 0.0868924522935654 -0.061040121773736 -0.0841650647034886
-0.153293509965309 -0.00287494020099137 -0.0187970147184544 -0.0832136863611497
-0.157802727638152 -0.0926747335002051 -0.0564235983069997 -0.0612480132995779
-0.128652718554185 -0.101958984320829 0.00427566582545026 -0.0572196379464039
-0.151966301391928 -0.0266153454502096 -0.0178769627614068 0.0780962153630639
-0.0978410320842986 0.0703425827337868 0.101901931053941 0.0791938892712711
-0.00501112877270177 0.113103206767324 0.137985336869211 -0.0330491157491077
0.0541785845585445 0.0793155636236233 0.0484715220108097 -0.114866622295623
0.0843274639849265 0.0383725316942035 -0.027152751045933 -0.0821303233337804
0.0853126812901057 -0.0131102732797712 -0.0437376604360439 -0.0284935112634492
0.0721317642577254 -0.0267240122388492 -0.0436125269853679 0.00197870042279201
0.0785697386726827 -0.0262451439636741 -0.0395509755750326 0.0298046741090476
0.0981986862402237 0.0221754349975313 -0.0581644730055494 0.0462233294898687
0.068790633997418 0.0757592574938648 -0.087162712062078 0.0372081284527085
0.0291435604220276 0.124577910755002 -0.105928181355109 -0.0167429654891649
-0.0890227206926314 0.107709980993466 -0.0726161358408984 -0.0629516389402305
-0.170969769968339 -0.00213752213067405 -0.00907221256510949 -0.0661636155845867
-0.170511016471564 -0.104009752085095 -0.0146496477592817 -0.0179234515778396
-0.112648780589195 -0.120643288770314 0.0478148718220826 -0.00337571859394652
-0.159664845662025 -0.0630484631595319 -0.000484323389497599 0.0987020125815869
-0.129323487348842 0.0529658263500459 0.0894119668617129 0.107913936792056
-0.0316630670734272 0.130544949108828 0.137260712169908 0.0087350076807225
0.0528463364882786 0.103938636273181 0.0753296468584017 -0.0779184088808288
0.0955578799339318 0.0534245936140754 0.013967304758506 -0.0672870097897274
0.100877616263205 -0.0074162161575001 -0.00351029372694377 -0.030568748940495
0.0837986146388658 -0.0280386834013325 -0.00945979234638145 -0.00798086574258962
0.0864893041251766 -0.0298173127201922 -0.00546783052657653 0.0226159954966002
0.103671703865407 0.0190765760414287 -0.0225670720448235 0.0507063304980605
0.076319784060418 0.0766992393224914 -0.0587631471027182 0.0587671861734623
0.0333444179688468 0.130926865026928 -0.0973252120383544 0.0106156263005807
-0.0895531314119153 0.108150513914966 -0.0754996778080015 -0.0401438055962872
-0.16320950240748 -0.00717954430689468 0.00216707978526594 -0.0528853798776056
-0.155618049126439 -0.10338466379103 0.0275111214737125 0.02076061013017
-0.076496953433586 -0.113859797481332 0.0856737983187279 0.0557052233323856
-0.129820861890429 -0.0859826650820869 0.0186458372802226 0.115511772482841
-0.129142748093291 0.0200314534722164 0.0698396635770107 0.125444792162487
-0.0526795978290706 0.115583611439939 0.119557371536374 0.0470286143704404
0.0386429245068767 0.105715595464066 0.0920837453534734 -0.0325493818980719
0.0870390911269867 0.0577289065126734 0.0544104873926498 -0.0448819717869479
0.0982960849265595 -0.00182808087042849 0.037915266091895 -0.0311486320733983
0.0823041315306385 -0.025886248377537 0.0250354828359288 -0.0171151815369077
0.0821276324988296 -0.02782066820541 0.0279711793419082 0.0146967926838863
0.095198394195582 0.0162170545600905 0.011360444045794 0.0512414214600136
0.0702990757111252 0.0715921904250606 -0.0305415105175338 0.0732379449705734
0.0225803617241367 0.12131959927856 -0.0838710419350256 0.0313965064872054
-0.0876509173196477 0.0863841312606845 -0.0718670363817345 -0.0212245308751596
-0.135707224610972 -0.0214723591481712 0.0109364347468875 -0.0408599629052823
-0.115896653864515 -0.0947475568031688 0.060704026213388 0.0540811856485938
-0.0278272728639941 -0.0822976369458893 0.111521402878368 0.106701171739678
-0.0747949943676262 -0.0830075798206749 0.0342489284926523 0.125474394361491
-0.0971695508111844 -0.0095279880417642 0.0488943527544084 0.12943205298002
-0.0538867317624421 0.079126025947497 0.0951267768770292 0.0725329321078287
0.0213020816345019 0.0844356912578719 0.0981204097598769 0.00819543682344718
0.0637098792357374 0.0480355044956833 0.0865226017544856 -0.0218761094983516
0.0773193173572472 0.00194902347047602 0.0726643542614556 -0.0303680194903476
0.0672452234494656 -0.018933663647766 0.0552958213720038 -0.0244977697651673
0.067722803097431 -0.0208215731856769 0.0572211929198976 0.00781137418181865
0.0759282207608423 0.0141081805647682 0.0408234560153086 0.0520961063733478
0.0549607196555707 0.0618228295946383 -0.00781399805436705 0.084348036530148
0.00499876462330131 0.101061768718538 -0.072659670821019 0.0477295374110851
-0.0822360476715089 0.0526580593279328 -0.0684329102028091 -0.00639665324891066
-0.0961125589037727 -0.0387158855398578 0.0143609171258651 -0.0291721455146767
-0.0593594394815591 -0.0781188133454808 0.0789353579765588 0.0807820346914326
0.0241123596618345 -0.0344138731378565 0.125450685724413 0.135947587573938
-0.0111995205425409 -0.0577516954382321 0.0450589594563556 0.121738395652786
-0.0467252984237625 -0.02461120867778 0.0347457500881864 0.124653870766181
-0.0362925329988368 0.0347916803266222 0.0769479596069343 0.0838430387663454
0.00759415773876235 0.0467812095304185 0.100952912955576 0.0321901195313205
0.0318752565827194 0.0281246745680737 0.1059529556369 -0.00964328880548729
0.0434341303414712 0.00400586795823757 0.093533448982365 -0.0308115755102426
0.0415829204536232 -0.00972121466652285 0.0758533438353418 -0.0283066780239285
0.0445009450053055 -0.0109642064369935 0.0778921728691245 0.00438985786407732
0.0497777579999703 0.0114098842205095 0.0620140542556802 0.0560522694641383
0.03624199622064 0.0465411595929237 0.00654641658676859 0.0961849364755342
-0.0120233014747438 0.0716635461548333 -0.0677167055820368 0.0622569456835626
-0.0677147102533769 0.0157601506010438 -0.0692085778702526 0.00312075899220458
-0.0468208582469545 -0.0481164380123103 0.0115113934054041 -0.021564578993203
0.00311017102919393 -0.0515262334469814 0.0787906798822759 0.0980107939861508
-0.0511095374823515 -0.00752298786064869 -0.0357665276071034 -0.138454129650933
-0.0169832229517104 0.0406566140909411 -0.0513539005512485 0.0215718089291454
0.0310324432005123 0.0224680691194755 0.0735486564375923 0.0493023243327546
0.0262487182063795 -0.0233329156334375 0.118889585992435 -0.0329160202971496
-0.00458589764976913 -0.0256735147346298 0.048234954934279 -0.119724771916853
-0.00947682271475594 -0.0131378452780134 -0.043090684634825 -0.109138144936281
-0.0139239951826474 -0.0120224477266434 -0.0837626995910216 -0.0544021360474502
-0.0113450801994089 -0.00684588241192451 -0.0957536330577037 -0.0171288110133423
-0.000324370217529277 -0.0100619423005064 -0.106921710263017 -0.0111023658971335
0.0103551870699096 -0.00550240811509216 -0.110147366857425 -0.0360169424873017
0.00986795716061824 -0.000642146216972246 -0.0854416868513088 -0.0794978512653842
0.017009968109151 0.0153417531007702 -0.0352886466964236 -0.109117061213251
-0.0171466920638207 0.0331940746128355 0.0208700796431273 -0.120609539010873
-0.0628812407812793 0.00361097215432006 0.0391174851503267 -0.129592953596231
-0.0577490639545187 -0.0471876699764175 -0.0367419631227408 -0.17615946763702
-0.07445945002003 -0.0632980034985721 -0.0165092415514607 -0.130752805342939
-0.0666533189113743 0.0054586113556538 -0.0509348400199713 0.0286612555188595
-0.0183003002177785 0.035479002004466 0.0791771204672114 0.0647477462515871
0.00967134293297324 0.0226517712159164 0.134169647271264 -0.0267372490238604
0.00702128516260578 0.0134722109076668 0.060812650596506 -0.125186578921002
0.0185007758359912 0.012484970703333 -0.0356100482024621 -0.113758707608419
0.0228419870205533 -0.00285576071504611 -0.0778683926743322 -0.056862773691392
0.0234130016293999 -0.002308791007782 -0.0893876699153996 -0.0192836455009997
0.034201794260953 0.000948407500620771 -0.0994654363844019 -0.00615071978411573
0.0368438846835466 0.029151621839123 -0.109721040554787 -0.0243650500136731
0.00763231136542523 0.0446230965186923 -0.0968954995436516 -0.0660575672909358
-0.0158422422352845 0.054325311938926 -0.0523616445617135 -0.105148538195878
-0.0708077105454076 0.0293808597181871 0.00552525452117145 -0.116084192169316
-0.104722934622852 -0.046277338285373 0.0307930929365029 -0.109023902795026
-0.0840402321337796 -0.112839379600564 -0.0315709449223945 -0.137914991400134
-0.082008835386996 -0.115150695933091 0.00426317420624896 -0.0995636872734678
-0.108329675683294 -0.0420777521265191 -0.0512714581967945 0.0463356174820333
-0.073674737752408 0.0362693960147128 0.076274999245708 0.0910724532857141
-0.0180942563925923 0.0686802882706366 0.147310570840975 -0.00460659260121794
0.0145660987191288 0.0569230468033355 0.0797699264037736 -0.1160815819768
0.0443211160721827 0.042673438380452 -0.016030945037102 -0.10906648860936
0.0578449744735662 0.00968122824822659 -0.0583123140179265 -0.0551409954625778
0.054544509020896 0.00238151397079383 -0.0698680556199797 -0.0197686162607937
0.0632969687378506 0.00745423350835432 -0.0795168574532075 0.00245129039273318
0.0630830699160884 0.0523634260571985 -0.0976274804217821 -0.00271496390957315
0.0178927194174073 0.0801861695298096 -0.10391906961925 -0.0363424165131596
-0.0283871688504538 0.096240719983642 -0.0764773157135511 -0.0883043674662442
-0.110988858663962 0.0437495951240536 -0.0186008491329741 -0.107889234316944
-0.140561578026064 -0.0709534085725902 0.0252487165796709 -0.0902004279187767
-0.105052465817919 -0.154628606231004 -0.0189368054876004 -0.0848889855958491
-0.072707131659447 -0.152245127093741 0.0266153345717904 -0.0477815038837529
-0.128808419434186 -0.0924694486150778 -0.0497649924019717 0.0684567616892904
-0.121459280480443 0.0192339238621691 0.0615226922409949 0.121888920317966
-0.0549495779628623 0.0999104436090006 0.147047227214353 0.0316702309967808
0.0125444425231383 0.096562780719852 0.0993688589722487 -0.0874103985778185
0.0611435995454251 0.0718564403823665 0.0127633974527319 -0.0906967433735233
0.084332467116081 0.0248331692877921 -0.0272821075908058 -0.0461946103557723
0.0781958328257777 0.00736797651835962 -0.0409625157523389 -0.0170263327557328
0.0834332507926898 0.00994841587107204 -0.0503018496398682 0.011424003063391
0.0813205988351586 0.0619564475716196 -0.0743334621245989 0.0197504665200329
0.0310107728773261 0.100438497151369 -0.0986285470542166 -0.000775884786490418
-0.0284898412336106 0.125864337420237 -0.0934834442674426 -0.0609855940769428
-0.130338854584826 0.0584517819894479 -0.0402238356874473 -0.0933785510168704
-0.156836114370968 -0.077951510263086 0.0257938499939327 -0.0706569694066394
-0.111106236045444 -0.17103306960048 -0.00118669506089158 -0.0252874955001344
-0.049338471091563 -0.163395758470784 0.0415167302638351 0.021291064014537
-0.119497969076446 -0.130447511182146 -0.0435219523005029 0.0956349019060769
-0.142796517698616 -0.0118164392692836 0.0366032786502677 0.143629408064435
-0.0864815554481965 0.103951628121087 0.128059218883334 0.071086577427708
0.00116528713270682 0.117772826332867 0.109181168456664 -0.0409968907139896
0.0644825935159875 0.0902209162881223 0.0442846378324969 -0.0587731439470286
0.0969136800621024 0.0357355731233897 0.0108493426691246 -0.0317014628910393
0.0905669939451584 0.0106853657454286 -0.00584604084915803 -0.0119156933420217
0.0915438106995178 0.00961191904425373 -0.0155911394264936 0.0196258295000464
0.0880996512340558 0.0611145639744338 -0.0434308598958651 0.0384512029647506
0.0377464148026846 0.105075167068674 -0.0823992363241761 0.0318833610944337
-0.0266209642932933 0.13421435262112 -0.0979471156758472 -0.0317126368490198
-0.130807973960866 0.0585934494793041 -0.0540096879583254 -0.0731115649445233
-0.147644238488997 -0.0790772852101382 0.0296331037963871 -0.0530592295783877
-0.0976659541313169 -0.1632534334345 0.0189671886642146 0.0305728301115261
-0.018193378798536 -0.141406538804813 0.0506261015757564 0.092250797988347
-0.0815893795518502 -0.138874280339077 -0.0349099037192908 0.119441572996241
-0.127638394179046 -0.0420278016454978 0.00957786344679145 0.150753138765751
-0.0990898441997939 0.0803620367699803 0.0933055766100312 0.0993543633513957
-0.012253648754531 0.112815922917178 0.103621338228717 0.00926153678565939
0.0554778990246789 0.0901089787382114 0.0719255337225121 -0.0196798911954899
0.0921493703932011 0.0394538767273349 0.0491504063017998 -0.0134561592553168
0.0880721288497625 0.0120744386138357 0.0294725527934853 -0.00566676775138353
0.0873402506248323 0.00915927712794497 0.0187607278113975 0.0258661080347902
0.0813907133020645 0.0551418098343449 -0.0124322507741186 0.0537732705912988
0.0344446138506829 0.097758142844064 -0.0622897881374685 0.0569962508293742
-0.0315876996923796 0.121215075221963 -0.0951623250959372 -0.00647984746374066
-0.119916902687462 0.0399288066721838 -0.0594535155331178 -0.0539408438325724
-0.115793969666417 -0.0803342376741978 0.0322823768921632 -0.0369983196083286
-0.0646045941377095 -0.138328651525632 0.0325531549059968 0.0767433590630274
0.0126845682810314 -0.0908780708769036 0.0529263419807922 0.150317393370407
-0.0319823966682947 -0.11258146448471 -0.0263359860288637 0.133476072790844
-0.0845028230785074 -0.0547294162880368 -0.0129054617021954 0.144829823774552
-0.0836792186584189 0.0464336174523967 0.0583054934501788 0.111582268658383
-0.0180877631886801 0.0850452800678752 0.0901947143669976 0.0505362461339508
0.0380408136869068 0.0711288581105803 0.0911547126812653 0.0157989803077216
0.0718930343841952 0.0342781499945925 0.0808556199042828 0.00214471874153054
0.0713932709128315 0.0115935513459622 0.0603587613112901 0.000268603023496223
0.0717806892044427 0.00931342356932321 0.0480738526148952 0.0319427324394977
0.0653014948162922 0.0452263136408583 0.0133408977152273 0.0666375650214413
0.0251389189093936 0.0820572058879753 -0.0459670168542983 0.0769597507126451
-0.0387858566867872 0.0950271504720208 -0.0919708218414588 0.0126718695671221
-0.0996268911078564 0.0114114817409408 -0.0616932010076618 -0.039116504256026
-0.0708510344097108 -0.0783172992048352 0.030179789937486 -0.023452216200689
-0.018847225494568 -0.0977151129481889 0.0358699207765881 0.110232796767181
0.0391849897628249 -0.0231650413861136 0.0536041528548303 0.18170383787419
0.0161953542679374 -0.0606347676583608 -0.0154471940080698 0.133484004415758
-0.0315379432254278 -0.0463531335080967 -0.0251387551846562 0.132898185530458
-0.0486166835266059 0.014014154210218 0.0344499839575602 0.113410812651737
-0.013677979114766 0.0446888351246524 0.0806084193653162 0.0743616959805889
0.0171316087670463 0.0389777155695631 0.103025802963423 0.0373360728182449
0.0399913872865368 0.021726333018037 0.100433621029689 0.0111556738503194
0.0434482663573861 0.00885608294500057 0.0808739487055354 0.00545977055292211
0.045808967226831 0.00867493410293327 0.0687880613093154 0.0367308713142683
0.0416924586831796 0.031543235378808 0.0323564006995433 0.0783597553089415
0.013749450629505 0.0593630339347106 -0.0372779466067681 0.0937648907756236
-0.0420842236521856 0.0616683626204915 -0.0937827729832286 0.0276055052362624
-0.0706354150941916 -0.0160818042611144 -0.0662905318902687 -0.0305229423832095
-0.0213336912215938 -0.0656268139010246 0.0231047147979418 -0.0162586554180242
0.0267989663978938 -0.0458419554401178 0.0265312248271482 0.126922408511869
-0.0521240868087236 -0.00570942859224904 -0.043273800635453 -0.13561877251163
-0.0146650672134696 0.0422314442657917 -0.0509954430619337 0.0246795965963871
0.0321082700490699 0.0203970654981985 0.0763565672991861 0.0459590768271465
0.024868561297069 -0.0248076258945873 0.117900241582322 -0.0398136019635033
-0.00670625830082652 -0.0252593856373606 0.0418356138505728 -0.122277357676882
-0.0111146039479564 -0.0127280993796507 -0.0492773761782862 -0.106395080433446
-0.0152691642773069 -0.0103540074900467 -0.0859860315151992 -0.0488215673790014
-0.0119791941993692 -0.00580044657774953 -0.0957071994645918 -0.0105426218069209
-0.00120834657464901 -0.0103322960333438 -0.107103810576001 -0.0040005402823574
0.00991921352298149 -0.00617905247388168 -0.112798933428607 -0.028973505611434
0.00927198506543193 -0.0010096595982248 -0.0905256809984704 -0.0746074889641872
0.0176003922522177 0.0136564730087166 -0.0403480710651509 -0.107662560825416
-0.0154201203339632 0.0340760586711948 0.0161292852980442 -0.122646558146219
-0.0628482718874817 0.00812715144822601 0.0334052160409987 -0.131772561708512
-0.0605891636361677 -0.043968623157728 -0.0461759640549472 -0.172504094871494
-0.0772174672355315 -0.0598568156022636 -0.0242506801603304 -0.128844684882219
-0.0660212032890334 0.00979152025454034 -0.0503386241176897 0.0323524048231388
-0.0153731132603993 0.0356755853626235 0.0834837100251039 0.0608402901692971
0.0112633140940701 0.0216891303259179 0.134013126043968 -0.0342099597542149
0.00745032661378245 0.0120147526812708 0.0534862404106092 -0.128417654304585
0.0187327302309391 0.0109205972723016 -0.0423929732938407 -0.111332615869258
0.0217430185836814 -0.00418840105117214 -0.0800408192151044 -0.0517633080251009
0.0223288751884273 -0.00345174018381341 -0.0897741006241056 -0.0132474999619315
0.0335479788424641 -0.000985567469857428 -0.100031845227536 0.000519833800938906
0.0384363376516602 0.0268006464883648 -0.111716377743514 -0.0170704110608567
0.00982057313553452 0.0445454116601238 -0.101429377579589 -0.0609925742858227
-0.01267130954879 0.0540660975990544 -0.0580643067450876 -0.103220389962035
-0.0688661722549552 0.0331940950932298 0.0010568417234247 -0.11690581882771
-0.107146054749065 -0.0393156620123679 0.025961857107647 -0.111814443766277
-0.0896732113970432 -0.107470716296638 -0.038624694394878 -0.135327050352483
-0.0873422307299609 -0.110285294121803 -0.00179232183874746 -0.0990064803881748
-0.110295250044333 -0.035274059044317 -0.0499415315942284 0.0497163043988476
-0.07042572045202 0.0393640693289144 0.0815902742777828 0.0877656932796319
-0.0134040611949312 0.068857385477177 0.147712304098455 -0.0128759291802244
0.0177903868036837 0.0553288721564307 0.0730374255359692 -0.119900940767996
0.0466540830721183 0.0388211025559484 -0.0222283154895983 -0.107322298825446
0.057497414331565 0.00551404406872557 -0.060886534323378 -0.0512399809176414
0.0538933646165926 -0.00100018329289451 -0.0709132694392321 -0.01466479862461
0.0628292238661658 0.0030574701198145 -0.0792873627095713 0.00786334778845956
0.0654939551322102 0.0474315742444676 -0.098891980130208 0.00352238518687631
0.0222871292536212 0.0790572137543496 -0.107204545700995 -0.0307748887651534
-0.0222290663214753 0.0962236674975731 -0.0819344372447453 -0.0846414715779844
-0.107938257917847 0.0496827522494187 -0.0226477670053464 -0.10798554330576
-0.144462563954089 -0.0626979586825119 0.0216435750948319 -0.0920858377325565
-0.112755608759159 -0.148074785008925 -0.0231507966680069 -0.0834550100008676
-0.0795468068303009 -0.147803961889215 0.0228970113220598 -0.0483204710854424
-0.134001275716106 -0.0842538601051421 -0.0477051201006041 0.0715240954314603
-0.118636203064269 0.0254746880172895 0.067749376560753 0.119142836026515
-0.0473191566705554 0.101481951378749 0.149646976884628 0.0242056711591503
0.0185058636232539 0.0942048656300173 0.0931990723288647 -0.091998819995623
0.0653687913193233 0.0669065530866342 0.00744354063128117 -0.0914877697654169
0.0851553909293637 0.01849017600519 -0.0295391412758007 -0.0450553968355502
0.0775446179191819 0.00223162606209272 -0.0420315474008529 -0.0138948744556092
0.0826163519014587 0.00440381117080955 -0.0491674078555823 0.0150578056459406
0.0846989299185594 0.056194972204315 -0.0740393812859584 0.0247755923867365
0.0366556488138439 0.0984397384344656 -0.0995620523872058 0.00504884277248519
-0.0200834956633336 0.125682949102237 -0.0979888173755921 -0.0562533551184144
-0.126202108770759 0.0655475195069439 -0.0441322430394987 -0.0916958771254349
-0.160982641181673 -0.0684892457162377 0.0231195180377086 -0.0730962149654258
-0.119716379638197 -0.16366622036936 -0.00187081603398035 -0.0265175626224016
-0.0561148560737709 -0.159904475738597 0.0420464764094578 0.0192932167170471
-0.12618338908042 -0.123064607885851 -0.0403412951501192 0.0977906555158646
-0.141813303944696 -0.00465958562958863 0.0434958482713703 0.142796655343229
-0.0796603095178555 0.107534678492797 0.131694774113876 0.0650732811283937
0.00830179768546891 0.116167426966157 0.105075875201453 -0.0465496540110236
0.0702218611283361 0.0845761163738458 0.0405376986816985 -0.0615469113681106
0.0983950997075902 0.0287308197091119 0.00921261970115066 -0.0328636278474718
0.0896843276586449 0.00476207340443664 -0.00745382491831673 -0.0112905277398305
0.0909074947569309 0.00360889096892262 -0.0148503369754878 0.020666761155778
0.0914070536109531 0.0551659209515088 -0.0422917728689724 0.0417399721187081
0.0443306004437421 0.102418111420497 -0.0815093174074134 0.0368129858795689
-0.0180997704332391 0.133842608134293 -0.101252188668362 -0.0261017748211834
-0.126766948958272 0.0657018044437096 -0.0571972726796029 -0.0705282686056544
-0.151803846312581 -0.0704678963253233 0.0278817945656312 -0.0556193536020018
-0.105945631394054 -0.157059780706215 0.0211474261964703 0.0280121251018678
-0.0241522918551276 -0.139693951016179 0.0548237818061719 0.089442196043955
-0.0889843476056301 -0.133675966466352 -0.0307812682048288 0.120334589490833
-0.128705378043976 -0.0356533074777396 0.0164675423325671 0.151290141973164
-0.0932553210271014 0.0851727043801498 0.0988910480402881 0.0952226563405489
-0.00475669836073563 0.112182254833806 0.102662472398187 0.0038587138292103
0.0608422392280255 0.0853791287400599 0.0709466816935509 -0.0243487723107764
0.0939126321788159 0.0325420907769074 0.0484639219146976 -0.0176932683516112
0.0876049015632717 0.00598640481213631 0.0278660324080551 -0.0076715954259324
0.0870343545272684 0.00343062764350706 0.0193934253026707 0.0250256515144038
0.0846363936483363 0.0494149666184003 -0.0107356034608958 0.0547078542953142
0.0404881528867275 0.0953190871398865 -0.0601874128560568 0.0606657612241324
-0.0236641560426909 0.121831076354561 -0.0971512535153792 -0.00143039598747234
-0.11687179856832 0.0462871754771107 -0.0616644026553233 -0.0508254800761978
-0.120087348736245 -0.0736600133468431 0.0309188864641429 -0.0399232972900299
-0.0710094625401268 -0.133408664146709 0.0374788745086565 0.0728481142477294
0.00867968506602375 -0.0914333717295739 0.0601049109763275 0.146734478639275
-0.0373724919069016 -0.110832054161813 -0.0216724187491067 0.133678397700203
-0.0871776099714298 -0.0509074506992949 -0.00656136490576757 0.146422987272087
-0.081050695078707 0.0509520651355921 0.0633137540201209 0.109577722667485
-0.0120147782076044 0.0856044868995106 0.0919167058121941 0.0455119216276988
0.0421339952299097 0.0676637187413242 0.0921257840898912 0.00997498211688831
0.0732871992623091 0.0283596678558356 0.0807141197989994 -0.00431301056132872
0.0712060489540459 0.00661860614738514 0.0586385526619252 -0.00382771015704037
0.0714372913873435 0.00470612031646509 0.0487630552306967 0.0289520945484753
0.0673075432187475 0.0404151736210844 0.0164969352038294 0.0658383683804026
0.0299927205709412 0.0799624801265904 -0.0425691756895008 0.0797475683272717
-0.0325589054892118 0.0967593974631392 -0.0932681423724672 0.0182826702270118
-0.0989756262063677 0.01677763049402 -0.0637177877680777 -0.0358574379442911
-0.0750529606213642 -0.0744609739479671 0.0292509308496061 -0.0268256136345833
-0.0236017501146686 -0.0961433283639728 0.0420422632053094 0.105821552283591
0.0388119708208204 -0.0254586591806362 0.0633735565281893 0.177576233760903
0.0131704014231622 -0.0615738422000417 -0.0107463784956371 0.132632454642289
-0.0338903422702876 -0.0446556857322528 -0.0199231901665952 0.134763184546839
-0.0477146498293068 0.0166330846539501 0.0394004353300011 0.112495359388769
-0.0104433474544963 0.0452624032053744 0.0839421289881684 0.0701522666853083
0.0193126250975101 0.0370911894139104 0.105428291939585 0.0305937586366044
0.0408565553944405 0.0183591992482412 0.100448382464431 0.00371874097580056
0.0435575195274608 0.0059155181129111 0.0796202453943344 -0.000370232738387785
0.0463616102326005 0.00566584133993304 0.0692867367340805 0.0324150081515128
0.0434344392877256 0.0288030010488774 0.0356363788687317 0.0766282656445292
0.0176442998508024 0.0579697177813737 -0.0330255133499723 0.096075622189137
-0.0382163932105563 0.0641003700945686 -0.0935336189478457 0.0326454737524763
-0.0714865815368207 -0.0119706471802625 -0.0681627535478004 -0.0273146345791727
-0.0247146670134659 -0.0644763795280304 0.0227114261789421 -0.019207387528635
0.0255174375951576 -0.0470965047215712 0.0335526378321615 0.122533979609857
-0.0524716385249264 -0.00439277910763878 -0.0475025207649491 -0.131921603359844
-0.0128336711760963 0.0428339519432034 -0.0499915725415264 0.0272305723648213
0.0324806495027893 0.0189704907401555 0.077475632972349 0.0426663776056459
0.0237532981737622 -0.0260756442238079 0.116575416337041 -0.044137864957708
-0.00824597784104014 -0.0248209535454419 0.0371608257981824 -0.122410780657693
-0.0121340527239927 -0.0117126883077208 -0.0528458922341115 -0.102839858569869
-0.0165226073175288 -0.00912721953719024 -0.0859353227513964 -0.0447885282042756
-0.0122595316163824 -0.00478699052439509 -0.093673270306276 -0.00567785733645658
-0.00225009423806996 -0.0103850850894153 -0.105674950744673 0.00163905233855085
0.00922275854993489 -0.00705336749746264 -0.11341284852774 -0.0235183936696434
0.00878407436792885 -0.00125830381888794 -0.0929060561529426 -0.0706805951577163
0.018169897616571 0.0124152099892875 -0.0434752878126055 -0.105907332970775
-0.0138288636553188 0.0348534247064492 0.0135744475547186 -0.123327795052846
-0.06142245419033 0.0111158812269076 0.0300477080263597 -0.131318458901939
-0.0618156272761841 -0.0413767066502338 -0.0514738825038291 -0.167149770652441
-0.0785060964958333 -0.0570932215893633 -0.0286002354520467 -0.126052616097985
-0.0650137183250713 0.0130800687493458 -0.0497417374258565 0.0349421651532431
-0.0132869344639879 0.0359759394387199 0.084126528186307 0.057717891315348
0.0129450143912993 0.0202420770479181 0.132140436827241 -0.0389807744976064
0.00734950678655726 0.0113053827251701 0.0486881874231209 -0.128774430458078
0.0182194715180541 0.0095988746434703 -0.0462583819253326 -0.10805353278623
0.0209898017175014 -0.00503583896155761 -0.0801689632484381 -0.0477081255599419
0.0211828368136126 -0.00377043825161744 -0.0884957285207094 -0.00903424886132301
0.0326004793091796 -0.0028463110909646 -0.0986225802939526 0.0053777468302886
0.0385967168800812 0.0242300529590123 -0.111719767904833 -0.011425296491125
0.0113333598718911 0.0433011295288036 -0.10367108192775 -0.0569762067112732
-0.0100453204035522 0.0531158872672491 -0.0611126234416633 -0.100175209913809
-0.0667268176410658 0.0354210550463138 -0.00101509122826116 -0.117077272039076
-0.107190360124051 -0.03448888568447 0.0233474044124058 -0.111666381124046
-0.0924949436692223 -0.102747665743803 -0.0423142460547558 -0.131813272040831
-0.0895216855921211 -0.106373168291819 -0.00534801611140822 -0.096802571170318
-0.11034108465786 -0.029611125594246 -0.0488690718589938 0.0520643973232246
-0.0673285178874395 0.0410588537915569 0.0841384058108492 0.0843969629257333
-0.00970801020662402 0.0675485341657254 0.146508903720607 -0.0179805276081347
0.0194365860295921 0.0531643239322388 0.0668808433815975 -0.121063787867375
0.0470381639436597 0.035755664870142 -0.0263509971868216 -0.105483164985341
0.0562988227147967 0.00285240837523737 -0.0609444390402002 -0.0482406735104295
0.0519986067943945 -0.00302486640230606 -0.0705814422924413 -0.0111467377901903
0.0614294139310925 0.000384655706195558 -0.0780533467073874 0.0117428447474004
0.0664055614513971 0.0434095867982565 -0.0985935472070753 0.00895094407556925
0.0254242457217524 0.0773456144640449 -0.108322039496082 -0.0264145014646327
-0.0183828805161868 0.0948751411645994 -0.0846228249748212 -0.0810128751629572
-0.104558519935188 0.0529508126503281 -0.0248787383688041 -0.107023877163479
-0.144870306382259 -0.0561305303102824 0.019323863660465 -0.0925278809283307
-0.115946015735823 -0.141489452947002 -0.0250059001453563 -0.0820895986334268
-0.0824878278387652 -0.143427158321247 0.0204590626684607 -0.0481591929028041
-0.135039568697356 -0.0772191214611998 -0.0465136544016216 0.0735926794214381
-0.115413094312402 0.0283676750396893 0.0707479094258794 0.116807874260599
-0.0417841135907581 0.101327924194309 0.149423976098884 0.0187374829964287
0.0218918186807348 0.0916934185315965 0.0879508262135476 -0.0940117411528062
0.0667010208072617 0.0617141552203261 0.00343329947140847 -0.0903886877469391
0.0837212384812284 0.0135216430151626 -0.0301943524637673 -0.0433369330782251
0.0755922283194237 -0.00126953608220522 -0.0426237521892699 -0.0115508555193033
0.0809478102420198 0.000805794906641996 -0.0482689317006319 0.0171182168150251
0.085647403006297 0.0511965920624063 -0.0732772910308333 0.0283307530082568
0.0404695801173135 0.0955755074005729 -0.0998398722801463 0.00964938056568689
-0.014106962879172 0.12376701240855 -0.100184816148317 -0.0523801865056554
-0.12171725262927 0.0689825455338492 -0.0457835325479341 -0.0900452320106084
-0.161620061055574 -0.0612719101527805 0.0214653205934829 -0.0742063044372221
-0.123584568585621 -0.156958623178691 -0.00254336484584158 -0.0265324165505589
-0.0600659467389456 -0.156160224215006 0.0416055944871632 0.0177020755399917
-0.129281985982285 -0.115737259391964 -0.0388099057127589 0.098030012557127
-0.139345692756431 -7.58225685732403E-05 0.0468327901399806 0.140583460263122
-0.0727375911720904 0.107894893147897 0.133412645727489 0.059997516059419
0.013097021862059 0.113503874671931 0.10108655803145 -0.0490847625702251
0.0724282831910679 0.0794147185280207 0.0378454898275297 -0.0624705015952704
0.0972908628657704 0.0224224835875163 0.00834149173223989 -0.0332590265994728
0.0875752628503787 0.000598013463020992 -0.008545362295676 -0.0105627085951268
0.0892009959917518 -0.000103348957008313 -0.0140360475133484 0.0213446834357334
0.0921440615381032 0.0498234505834611 -0.0412384372228336 0.04406158935053
0.0477491915903599 0.0991691677792253 -0.0803006381559855 0.0401295337727608
-0.0115647910984387 0.131389176788177 -0.103452145956913 -0.0219214202244722
-0.122089739709948 0.0693593859307317 -0.0580014536842043 -0.0689040207701086
-0.152469193262469 -0.0641556091869746 0.0261912811579611 -0.0571067534547317
-0.109354880583829 -0.150597589134167 0.0220615160931389 0.0250030943058807
-0.0277459702305481 -0.137138399001695 0.0566961662553804 0.0858556388299682
-0.0927633153345911 -0.128191116516601 -0.0290283606651238 0.119597389473079
-0.127584283260785 -0.03174331226063 0.0201430849521224 0.150039500969936
-0.0879099683587526 0.0868685186255286 0.101407102152729 0.0909537513708376
-0.00016264310873888 0.110285403358254 0.100557077058789 0.000846602512692188
0.0633458899611098 0.0803313244789697 0.0688331100033799 -0.0266705972699684
0.0930511860985355 0.0266514096591905 0.0469064098861293 -0.0203273060547021
0.085725016690306 0.00185710321236561 0.0262145074178208 -0.00864349057997496
0.0848727555686914 -0.000649013461470186 0.0195625390493856 0.0242487537141114
0.0850328213485468 0.0443078037193571 -0.0092250224529573 0.0553479674245576
0.0440238288264025 0.0919344042129653 -0.0581591397221325 0.0630239978737939
-0.0172018989539172 0.12013495881217 -0.0980280070953064 0.00266973371351204
-0.113277598453169 0.0498648963409258 -0.0622519040315574 -0.0489743121580405
-0.121089337649566 -0.0679037167815089 0.0292200781456463 -0.0421175650425406
-0.0739757379640371 -0.128618782842221 0.0403427672611589 0.0687222411392073
0.00627232598515949 -0.0902657559514024 0.0643114248850375 0.142399602981705
-0.0406774090268304 -0.107467172513942 -0.0193853738685995 0.132000456878043
-0.0873156191995265 -0.0477610776079831 -0.00321124875972453 0.145924096997017
-0.0777505963443284 0.0530401469940339 0.0664367946873967 0.106563287076293
-0.00830511601083395 0.0845110158612985 0.0911836480880989 0.0428717584460428
0.0445632163264188 0.0643290254628374 0.0913429541764685 0.00570334967019319
0.073229502446739 0.0236208695100464 0.0792676571173896 -0.00866320347712534
0.0698706502223893 0.0030289524885988 0.0560754018621872 -0.00649258770284079
0.0700916513274238 0.000836513789711075 0.0483017627742387 0.0264006091567562
0.0675187662005796 0.0364766624795405 0.0179880805122789 0.0647709940385023
0.032872546358557 0.07731892821085 -0.0402857507385916 0.0814029764789898
-0.0273859457160994 0.0967281702838943 -0.0934427990159514 0.0214563383236923
-0.096978481955863 0.020562835500575 -0.0643116216883782 -0.0333331879929593
-0.0764671153941992 -0.0707754107760028 0.0279818187071348 -0.0288282382707756
-0.025953338982634 -0.0936699215273905 0.0456818712487951 0.100984613554626
0.0378890092187785 -0.0267934562010678 0.0677538178617103 0.172386044852662
0.011342205136079 -0.0612282199066384 -0.00815491177898522 0.130031786579627
-0.0353086837172381 -0.0433635769738771 -0.0165955691209123 0.135058971358519
-0.0466354149698801 0.0183429918228906 0.0427956799912152 0.110509706005951
-0.00817448168628784 0.0446216584363138 0.0849302480740148 0.0668534431626852
0.0211030609065915 0.0353637446142924 0.105957076174682 0.0253385602750992
0.0406873459576097 0.0161311526101926 0.0989778331934247 -0.00173720584174351
0.0428160322929219 0.00384489382678803 0.0769602102636151 -0.00442002151509885
0.0455856934577511 0.00340528961501292 0.0685677058512305 0.0292422364858199
0.0437254478543488 0.0265876147617105 0.037023598669767 0.0740675726698516
0.0200804685733002 0.0562800793080301 -0.0296089930606681 0.0962754663914105
-0.0344764121942199 0.0650424286964924 -0.0932430679696808 0.0364512014343736
-0.0710632714866499 -0.00895715131908334 -0.0686170876515952 -0.0247875540483639
-0.0262887328027814 -0.0633090152039287 0.0220618626432808 -0.0219651941113712
0.0243032616961162 -0.0473006547703095 0.0376868483479182 0.117707314751311
-0.052953259791228 -0.00367625805774278 -0.0497435333234403 -0.129171209516793
-0.0118226439398957 0.0438746195568127 -0.0499187936942847 0.0292577486866485
0.0328902041256665 0.0181856168068196 0.0777199416189154 0.0412075866581732
0.022837714992498 -0.0272564761684986 0.115386060422725 -0.0466271742821166
-0.00950351563125148 -0.0245771544097244 0.0353689011313878 -0.122292508734236
-0.0130644256999169 -0.0108689342193527 -0.0550883303810609 -0.100699377641218
-0.0165924870131402 -0.0079297625248963 -0.0860380035286614 -0.0419826178360923
-0.0127943547741123 -0.00326661188629012 -0.0921651824389453 -0.00337329472946044
-0.00336845194393452 -0.0100356596194343 -0.104653866186268 0.004832440784302
0.00866541171209838 -0.00739470201071344 -0.113913313180849 -0.0195041918660845
0.00872116135670609 -0.00171318391856784 -0.0951367588381741 -0.0681043924612004
0.0181936824110793 0.0115234191661027 -0.0449217963680942 -0.104628259089962
-0.0128332949712157 0.0348448302622627 0.0124883706046059 -0.123639447542187
-0.0607715413155036 0.013739497745327 0.0288169073490348 -0.131102719424104
-0.0618031276141445 -0.0395546238135301 -0.0538904648637773 -0.16359599509501
-0.079332666545667 -0.055032656526284 -0.0311142010289624 -0.123718618954447
-0.064120207505464 0.0153269899085853 -0.0495869081151961 0.0369494321429039
-0.0119328319498406 0.0354611727981056 0.0847806356985808 0.0559666101245911
0.0136908009468627 0.0186636456864693 0.131301040267668 -0.0418526299628136
0.00687755566977184 0.0107117203550438 0.0457594220500211 -0.128615660266966
0.0174907293099479 0.00885446564382642 -0.0484618511925633 -0.105546589217303
0.0196277209342518 -0.00512757861281934 -0.0805063057452209 -0.0453429456021177
0.0203470621152504 -0.00375806061352157 -0.0872117986249367 -0.00602668745292935
0.0310195076387056 -0.00337289210149117 -0.0976041605708324 0.00878715430436542
0.0386885478022873 0.0229955063559302 -0.112339907627397 -0.00746390344767365
0.0123914784178684 0.0429335368230942 -0.105210193928764 -0.054176682550392
-0.00873348168345221 0.0524861475320124 -0.062665433826614 -0.0993256619708069
-0.064740392890312 0.0369157694367773 -0.00157355817670646 -0.117441672277543
-0.107003198867408 -0.0311952297910811 0.022261206419413 -0.111533165330045
-0.0932932015583284 -0.0997483391978737 -0.0445471013300191 -0.129352140240617
-0.0903451045778032 -0.103846622415199 -0.00794184594164864 -0.0950165954321796
-0.110161338838073 -0.0262201967340305 -0.0492731302690055 0.0542177873847422
-0.0650042620956087 0.0417267152835261 0.0846624790081288 0.0831713064753716
-0.00696361719648317 0.0658234039207161 0.146025985242245 -0.0204845199718217
0.0203437843364481 0.0518233142402269 0.0639268361826119 -0.121141555068812
0.0473232740344196 0.0334401678587893 -0.0287235971396434 -0.103436402735903
0.054417137856901 0.00119875968087487 -0.0614069899533937 -0.0463993087996919
0.0502142116747544 -0.00371081900142502 -0.0696680417288702 -0.00854622797532087
0.0598138804719574 -0.00115210255758094 -0.0773063215285383 0.0140841577357292
0.0667463725346661 0.040836624261012 -0.0985473109021418 0.0122481759192297
0.0270160785874113 0.0762710727794358 -0.109436689956023 -0.0238224910268976
-0.0156252916645228 0.0936844416795333 -0.0867046355201178 -0.0794202263727338
-0.102039298581145 0.054748891533177 -0.0253643774889023 -0.107128379017653
-0.144640598886328 -0.0518036964271947 0.0182953426005569 -0.0928200443317262
-0.117755861585629 -0.137710317436587 -0.0261872693891084 -0.0810931910926478
-0.083866828554106 -0.14085332439686 0.0184362392521279 -0.04782235214589
-0.13541034946141 -0.0724554884607131 -0.0469312254407533 0.074884837663432
-0.112756945283871 0.029823240070081 0.0721063905146983 0.115777929627304
-0.0378025329159732 0.10009780109665 0.149520005341476 0.0160987381606925
0.0240423455829372 0.0891700384446664 0.0846438629955326 -0.0943424925455363
0.067575605712943 0.0586709887972042 0.0011673762660035 -0.0892943870080092
0.0823760433699073 0.0105299118650742 -0.0306215007802414 -0.0427343369545191
0.0737069512472312 -0.00316123092385897 -0.042757655459785 -0.00965771182418672
0.0793728758554149 -0.001474489456758 -0.047754114855288 0.0185143834583841
0.0862549274250763 0.0479497090831313 -0.0733109691697528 0.0314522267663447
0.0428479663067852 0.0939135119988614 -0.100396025781805 0.0117804099466117
-0.0108574686253045 0.121754352897908 -0.102258670371305 -0.0501441516611116
-0.118618857038615 0.0710996321895458 -0.045959873229485 -0.0899465921122459
-0.161697663377922 -0.056752173874878 0.0208108032781604 -0.075252094431369
-0.125559800413358 -0.152414506934944 -0.00288286093662273 -0.0272750497230861
-0.0617387639365489 -0.153607933678246 0.0411584620937559 0.0172757271993512
-0.130820570161886 -0.111530813306265 -0.039733333905943 0.0987796576785022
-0.137275805208104 0.00212021838673545 0.0485918467884768 0.139955323661438
-0.0691203536514534 0.107680004808405 0.133793882353255 0.0573717377318401
0.0162154115781169 0.111107512457452 0.0986115895963288 -0.0500070162927374
0.0737238434494532 0.0752169596624023 0.0359581705775131 -0.0628367123371363
0.0958053574442044 0.0186662885135423 0.00779612139920656 -0.0334783233418985
0.0858525056201253 -0.00189871284832825 -0.00927958974469679 -0.00947866712623884
0.0872812044836291 -0.00298943834953071 -0.0141483443486002 0.0217937298607149
0.0927441792840495 0.0463119802139153 -0.0416611966389855 0.0459294371349277
0.0504540192463215 0.0969359065061134 -0.080403340215428 0.0425349673105262
-0.00763373635781493 0.129353005004896 -0.104855721639936 -0.019158863039033
-0.11925414068897 0.0713878453347241 -0.0581586444519549 -0.068303944110855
-0.152862013273779 -0.0592610918907942 0.0253254763468721 -0.0585780496955617
-0.11115142859163 -0.146512893624636 0.0225289731228882 0.0229300444284127
-0.0290057669194921 -0.135538173136789 0.0573630612260521 0.0841864953991251
-0.0945441048342831 -0.124849626122727 -0.0289287915300316 0.119438848437479
-0.126351991421127 -0.0297065073477934 0.0213357393399484 0.150078096870628
-0.0849190929383196 0.0869675643082487 0.102618851923137 0.0894081294135123
0.00277475866473214 0.108871302572695 0.0990934453126423 -5.32024663551835E-05
0.0647943677575392 0.0770237321309601 0.0678136190137731 -0.0282303665323979
0.0922055504302109 0.0228065531676424 0.0462358668331411 -0.0224172097038125
0.0838362106510576 -0.000928797173073835 0.0245413588044492 -0.00865290863973217
0.0832743597508627 -0.00344298541028096 0.0189309043613028 0.0237172222847929
0.0849135251940784 0.0412624724141342 -0.00930850601245724 0.0560013246919066
0.0462060767166769 0.089975104681769 -0.0576629163894208 0.0649427130410865
-0.0132551071152395 0.118249596135319 -0.0994206773759905 0.00527023352994273
-0.110828056246345 0.052046203060606 -0.0622677856019814 -0.0477317767471468
-0.121503817812818 -0.0644632766734097 0.0286493528161347 -0.043939742449527
-0.0750860833708764 -0.125386008449208 0.041091258289227 0.0652302960146882
0.00518890704221682 -0.0898223532497341 0.0660500133822741 0.139038364772657
-0.0426476404378281 -0.1058848678788 -0.0193904230504866 0.130357764247757
-0.087789727230792 -0.0467118555763421 -0.00166881859729388 0.146191135748697
-0.0754819855882562 0.0535664124636697 0.0678505512768064 0.105122654765185
-0.00595053664334337 0.0831727690231723 0.0907666783959311 0.0412870440155286
0.045335755190688 0.0617262980567713 0.091597191706475 0.00336120024584671
0.072038871151361 0.0212025313409971 0.0779640407101014 -0.0119278704087831
0.0685813623783366 0.000908198778240318 0.0539987252697419 -0.00770555673481138
0.0692303539979451 -0.00154774694262563 0.0471716327929509 0.0250801589124079
0.067973506495654 0.0338795144269499 0.0181394586118742 0.0642856146843216
0.0348505600370069 0.0757099248126654 -0.0392234250323836 0.0823552874438963
-0.0242745906545369 0.0954455646938903 -0.0942633769646683 0.0243133691873985
-0.0952045018700047 0.0221582791495721 -0.0641824302384802 -0.0323150739812911
-0.0774036948700201 -0.0686223341881949 0.0274329892410662 -0.030866245128752
-0.0263387878051903 -0.0921451572007551 0.0474667657960004 0.0967368848344196
0.037541715200995 -0.0276818286142534 0.0703950238758299 0.168393818866987
0.0101728400580916 -0.0615950374725554 -0.00878864438489531 0.128530234019669
-0.035600047899007 -0.0429400147375379 -0.0146396958208865 0.135813192763085
-0.0457483314078366 0.0191532204167992 0.0441261014609567 0.109604892336198
-0.00630733806140732 0.0443430453279896 0.0854821740000666 0.0656884472765026
0.0213232123117131 0.0341481735804162 0.105944646796208 0.02198018577984
0.0405762394236035 0.0145262674651762 0.0974968013028132 -0.00559679566028295
0.042330815003391 0.00235134995153518 0.0741548191088862 -0.00620195284730251
0.0455672347875337 0.00178026225645123 0.0669770251736167 0.0272940598782686
0.0439356072225428 0.0251024095416083 0.0372974639420942 0.072658390006284
0.0211268510964894 0.0552520301962536 -0.0282337712806248 0.097389798825291
-0.0318219636048016 0.0652118146058705 -0.093220042151197 0.0387675104516772
-0.0710157268523043 -0.00720932274305138 -0.0682765264245515 -0.023545918032988
-0.027157847254726 -0.0622036662614805 0.0214199274942995 -0.0239472770126305
0.0238411067855921 -0.0471920553775159 0.0400248958011563 0.11437556495114
-0.0542960161698881 -0.00310038086450237 -0.0522777109592771 -0.127633761683146
-0.0108451265963314 0.0451645624550222 -0.0501706846156063 0.0316901398162515
0.0335233948693104 0.0176534035693359 0.078508998608748 0.0408665610365824
0.022544075449477 -0.0281799715663702 0.115828289652543 -0.0487103961056529
-0.0105583247744959 -0.0242140062448433 0.0337351903459975 -0.123592562942541
-0.0141921781900819 -0.0103990875284608 -0.0565872203291544 -0.0989219041483908
-0.0169888319594773 -0.00654726142685807 -0.0861621949542434 -0.0395223699878143
-0.0129026580818365 -0.00243428909033809 -0.0909978701695585 -0.00066481977131761
-0.0041869595461148 -0.00953025831843891 -0.104955923280179 0.00794661315391891
0.00850775695908826 -0.00799620035981803 -0.114778319974669 -0.0164352814257689
0.00875497680108579 -0.00185389831346534 -0.0977051015815997 -0.0667826556716924
0.0184448790205952 0.0110718635552885 -0.0459846053454393 -0.104531084902118
-0.0119418061153509 0.0354217796691641 0.0120496951474382 -0.125254869700601
-0.0599132386709314 0.0152319224059434 0.0284420526452511 -0.131412885319677
-0.0627319350003972 -0.0384008350023264 -0.0555217432236437 -0.161303475231783
-0.0805874906133633 -0.0540482356146431 -0.0328210601792492 -0.122090154504932
-0.0633925655901659 0.0175969908297274 -0.0500065672038379 0.0391773100170469
-0.0106301078084321 0.0351061349680191 0.0856717704329092 0.0555965267638146
0.0146013747550252 0.0173266168392337 0.131968586410172 -0.0439738815939379
0.00663496029499029 0.0103923158793237 0.0437328845609045 -0.129314847160001
0.0168733434629857 0.00879652874526423 -0.0501091414485502 -0.103801675891725
0.01891368440145 -0.00540587174212944 -0.0813553201671236 -0.043989136115368
0.0196660360450614 -0.00341864789527473 -0.0863214808811894 -0.00366623363249851
0.0296952634735495 -0.00415784302926112 -0.0975131023190172 0.0118606839556152
0.0384887024745282 0.0211917011037424 -0.113329719985796 -0.00466272994215571
0.0133710256832291 0.042382173586641 -0.107519448477477 -0.0523911122869538
-0.00778923550678897 0.0517194626689677 -0.0641800478339974 -0.0988216962321404
-0.0637945562081732 0.0380111244401901 -0.00211726573271238 -0.119140411958951
-0.107346062214906 -0.0285912179169377 0.022118998293673 -0.112128265074143
-0.0945519456125287 -0.0978741833109563 -0.0460597726827711 -0.12773700285297
-0.0919837645475693 -0.102876445592752 -0.00965544930983622 -0.0943114725232864
-0.110041168521554 -0.0227767328659344 -0.0497805528574019 0.0562114503742625
-0.0635777705799954 0.0420146024485261 0.0856954892974925 0.0830552883687143
-0.00459016518893535 0.0645691719610623 0.146710037170833 -0.0231857076912382
0.0210409208515059 0.0504686532126262 0.0619506319802386 -0.121565568661928
0.0469831313403103 0.0320364207061002 -0.0305540672263086 -0.102218693170414
0.0539514083735002 -0.000285895992923022 -0.0623445432756349 -0.0449835500763556
0.0497756825264452 -0.00426794315042837 -0.0693130636192056 -0.00655508222600937
0.0584527571365865 -0.0029418444434667 -0.0772711264134632 0.0160408668871566
0.0671716725826259 0.0389110886655765 -0.0994202600945179 0.0154076882725265
0.0287628966030632 0.0756990354413615 -0.110970288606086 -0.0212742519194758
-0.0135540320492519 0.0934515497850236 -0.0888262372193962 -0.0783397038248444
-0.100379970898586 0.0564079629254221 -0.0264009240248805 -0.108443716093504
-0.146211890769721 -0.0488775077410077 0.0179426598612574 -0.0940504613066879
-0.119331856491713 -0.134586094237741 -0.0277265480848349 -0.0805960334018286
-0.0856338588727575 -0.139442068333568 0.0173542806787338 -0.047176681246942
-0.137001634066701 -0.0698361817146077 -0.0480664616954376 0.0772941705537583
-0.111615680854471 0.031197007651005 0.0729748671625232 0.115989352613619
-0.035218649322972 0.0990686983872339 0.150734162662182 0.0140225257019992
0.0257777504135871 0.0876790139521918 0.0828860893821451 -0.0950771939384309
0.0679502256956321 0.0561661182892501 -8.80270489050764E-05 -0.0891117606007207
0.0812540687836164 0.00833775496262074 -0.0314957911761781 -0.0421938891049721
0.072405547726187 -0.00408472440120417 -0.0425999068282593 -0.00833083327627993
0.0775367897020375 -0.00351870149273568 -0.0477785675255239 0.0200936602210576
0.0870750657706313 0.0448956312206332 -0.0739848315733389 0.0346686618208495
0.0452316493753313 0.0931552211149477 -0.101476168984826 0.0140820000689951
-0.00757130320322588 0.120876477303602 -0.104363249234723 -0.0478946138707189
-0.117348207582577 0.0733631370586665 -0.0464921581139128 -0.0902924960236213
-0.162836460474971 -0.0533305447046613 0.0204487544031523 -0.0762294726588409
-0.127189296563663 -0.149603888177254 -0.00336994181906094 -0.0280391321751186
-0.0628285380854182 -0.152935111794599 0.0410514455853134 0.0171011827270589
-0.132567382103301 -0.107822744145933 -0.0402225145681348 0.100390901597837
-0.135956209902934 0.00357069905986211 0.0494471350090138 0.141493747201217
-0.0660367726224266 0.107560454716961 0.135795189816873 0.0561092692454817
0.0189168331824098 0.1101043503348 0.0969774522077591 -0.0501095379842299
0.0750142295940768 0.0731044528530553 0.0351159522965446 -0.0629039818552806
0.0950464926195279 0.0158002276375115 0.00686773432606694 -0.034889990546511
0.084253580706669 -0.00370265518419296 -0.00997454520926569 -0.00869383394627689
0.086014674877257 -0.0058563604468428 -0.0141057634961337 0.0227113698616283
0.0929440138415792 0.0433925129776684 -0.041709972664504 0.0481514119972555
0.0526277318967561 0.0957037614814907 -0.0807393054261489 0.0448313654691079
-0.00445897081127474 0.128287180561455 -0.106431591377845 -0.0174834528829982
-0.117461702086739 0.0735162707688279 -0.058814115016849 -0.0682468530351593
-0.154026984862341 -0.0563005825249932 0.0247938509941604 -0.0602876847371053
-0.112770693051038 -0.143735728199632 0.0228829817341294 0.0210270401281524
-0.030489121969142 -0.135263211765416 0.0582217514931222 0.0829695713870859
-0.096334497058588 -0.122878124976318 -0.030088823022351 0.119713209528724
-0.126275582949259 -0.0288535234878962 0.0220865958586255 0.151566233359828
-0.0824143162749486 0.0878251257089275 0.104273850046955 0.0882681750846624
0.00481832614182223 0.107118289157608 0.0985993487983042 -0.000591672356708097
0.0655710503107164 0.0746811824280751 0.0678844377974848 -0.0293394461798204
0.0918905679780066 0.0201788445234839 0.0454078243378465 -0.0243894718629766
0.0829187888884966 -0.00262869590449118 0.0233315792967511 -0.00881172131520803
0.0820648494703768 -0.00565127782841098 0.0187555068769778 0.0238674435718195
0.0857869908818849 0.0384378388641957 -0.00918802035125086 0.0569252608551074
0.0479171970012235 0.0885691627863306 -0.0575601156346013 0.0667930693759853
-0.0102491101769456 0.117528186479409 -0.101226261271626 0.00787242658080413
-0.10915912435023 0.053676584526006 -0.0627115870914008 -0.0472498354039031
-0.122113655285594 -0.0623024148973268 0.0280565147562808 -0.046037919465605
-0.0760185830671718 -0.123410829406236 0.0420639647708838 0.0625971647198223
0.00492673743252136 -0.0904988143753017 0.0671178570473741 0.136782211002854
-0.0443290386284538 -0.105044217752025 -0.0203782158032429 0.130188892685672
-0.0883314108515512 -0.0457659874945427 -0.000857944912258208 0.147787418666162
-0.0745581748454212 0.0539437169249907 0.0693316317594274 0.104437888675358
-0.00361633820911297 0.0832244072595144 0.091240915121634 0.0413498687178212
0.0464537953478823 0.0598180806072333 0.0925668379667062 0.00158938477767393
0.0716527057732024 0.0189306087125607 0.0775046828164069 -0.0148478497278733
0.0680481168259377 -0.000618123934229557 0.0525976097027665 -0.00869853000652442
0.0681182179310492 -0.00361910406681431 0.0468281837865398 0.0246344472378867
0.0682242161799548 0.0323779063632982 0.0184301556244516 0.0651781967171105
0.0369128455231191 0.0743685106116046 -0.0384821431847345 0.0838726029087924
-0.0213539990490131 0.096029101898149 -0.0956270365702031 0.026964386801734
-0.094706975326046 0.0239058914248738 -0.0646605498235081 -0.0315910296638255
-0.0784740842875364 -0.0669981910224639 0.0268457502774746 -0.0330815746683188
-0.027167211490566 -0.0912351882930718 0.048142121034364 0.0938324621584895
0.0374049464502583 -0.0282103650460635 0.0717079153405998 0.165944042655123
0.00934500687868544 -0.0619832498121795 -0.0099227849000627 0.127999370892132
-0.0369555069173802 -0.0432006017075479 -0.0143429847581555 0.137685956289573
-0.0455931057915775 0.0198837263122813 0.0454054560447119 0.109145705838822
-0.00579521870542431 0.0443458721522133 0.086649948648695 0.0646856434225264
0.0221975030468472 0.033620414480593 0.107340875272025 0.0197564084226375
0.0401974354360433 0.0133545935541692 0.0967393695006954 -0.00860161813803821
0.0423787661987872 0.00156394020543102 0.072500076191881 -0.00766952439507742
0.044998621242552 -8.28447338632075E-05 0.0662627081135924 0.0262830133958234
0.0444069016494861 0.0236944285786138 0.0379710198376918 0.072005740716818
0.0226430295442699 0.0544752380179259 -0.0270527538458818 0.0986615162361413
-0.0300820284592925 0.0653505223186235 -0.094038762895542 0.0414343762896981
-0.0713121046634745 -0.00592749586569754 -0.0687271271889723 -0.0230788314671115
-0.0280141117347249 -0.0624120769282145 0.0210899472802682 -0.0256558799947085
0.0245092076802474 -0.0481269987534008 0.0416139779721958 0.111843233924597
-0.0505388941160066 -0.0130089026770474 -0.0278068426052957 -0.136508548437436
-0.0179626990231877 0.0413901599342112 -0.0585157751178023 0.0219691079755418
0.0281692023837736 0.0240287010488715 0.0678812986315654 0.0570752239155613
0.0257804339737956 -0.0217778480622902 0.124753081216489 -0.0256835510387573
-0.00570302384247427 -0.0233339074493972 0.0579281148735349 -0.114565208979728
-0.0116063912450116 -0.0112174889939144 -0.0358656295265741 -0.108367228441517
-0.0159414627157197 -0.00835439473870842 -0.0770978930863478 -0.0569652976988852
-0.0124305461518804 -0.0037770935410711 -0.0880225392930868 -0.0187559549742162
-0.00286650769001548 -0.00977452562354591 -0.104328264604397 -0.0119212282477994
0.00909399206811233 -0.00623619382775126 -0.108521105581584 -0.0386258279657073
0.00839239491453658 0.000191541484002537 -0.0822480842856987 -0.0852217144923279
0.0147422026133334 0.0139786921053942 -0.0218508198401864 -0.11339017419157
-0.0202875677954036 0.0319605041449813 0.0393211212199667 -0.122359249209637
-0.0628322153955696 0.00209997523734089 0.0566404133616595 -0.126351960320369
-0.0533828069828947 -0.0505263007681175 -0.0203363445787063 -0.173756859132003
-0.0657861625196048 -0.0673147593395323 -0.00993888361701671 -0.127713816637961
-0.0635550026164047 0.00543366798786309 -0.0582594741824816 0.0283719117488664
-0.0177768437997614 0.0325358543064205 0.0717816522887065 0.0719365433991741
0.00996892383748021 0.0198566667217299 0.138436480746769 -0.0174661498500494
0.00409108045793282 0.012939468082452 0.068408515958159 -0.118351245539824
0.0150770911914318 0.0124907703636515 -0.0293070838528251 -0.11220413859575
0.0187351082020526 -0.000678952224756463 -0.0708868956728555 -0.059310127008785
0.019915784303114 0.00156039274814264 -0.0832602412180731 -0.0206551826904553
0.0295074222075886 0.00212733695192124 -0.0978626991372766 -0.00686855035121149
0.0331649623242826 0.0285548515097836 -0.110065017408408 -0.0258145653172401
0.0042047396662966 0.0444033307404054 -0.0955405371472505 -0.0712104436220503
-0.0194397823321345 0.0479459393309698 -0.0427146616227769 -0.109830500281565
-0.0720360406475177 0.0226993735833477 0.0216642668909608 -0.119182390059571
-0.0996907396210284 -0.0507106953044606 0.0458587581147298 -0.110045524502947
-0.0716523061343325 -0.11582988838807 -0.0183579954609908 -0.138866877009231
-0.0668077820010745 -0.116924973681836 0.00781686467161052 -0.0963259803999132
-0.101778638319323 -0.0420636213826201 -0.0600487628422364 0.0435506489078294
-0.0704113468831983 0.0286617508427682 0.0660035188988289 0.0969128077406865
-0.0175115452910461 0.0610665932833553 0.148135622395013 0.00577919767150701
0.0102813446275349 0.0545323367467225 0.0839434672282691 -0.108194738366495
0.039054218730885 0.0406539382307851 -0.0110971810842231 -0.105962528678259
0.0515243864250968 0.00953877535106458 -0.0520741818848494 -0.0572170015538302
0.04880047261383 0.00610639865089405 -0.0662308197313351 -0.0201136083580552
0.0571318622631406 0.00933200279290538 -0.0790586718501831 0.00132348638941017
0.0576412688385159 0.0506246054759327 -0.100103096394602 -0.00285884383786721
0.01228199778951 0.0801843236858501 -0.105528468564311 -0.0402488591402015
-0.033655069410064 0.0865849689494206 -0.0717613801017167 -0.0938040405473276
-0.111724015368088 0.0319224174857613 -0.00535566967227581 -0.112843078147469
-0.133233309603815 -0.0789132396920351 0.0381911138510348 -0.0933902635298833
-0.0877501162929661 -0.15734771545025 -0.010676839521977 -0.0878476052481998
-0.0532494362124369 -0.150954156756348 0.0258195988555572 -0.044876332816754
-0.119463185349694 -0.0921463261927401 -0.0605152876626101 0.063929978312174
-0.114848281167447 0.00807738244561179 0.0472828108584183 0.125514456937193
-0.0529782091501381 0.0875234753899747 0.144026578518601 0.0428955596331415
0.00724654964707986 0.0908589598303083 0.0989811890069959 -0.0781862461050245
0.0548182323407892 0.0676410389467572 0.0154024252664481 -0.0868927549421483
0.076670951426377 0.0226311801373524 -0.0222163514117213 -0.0477504927838408
0.0718222639938299 0.0106514378375128 -0.0404327222259984 -0.0157792677259003
0.07533648024528 0.0121813698886059 -0.0513334965029025 0.0112553298077038
0.0752019288857241 0.0609618531297791 -0.0792270758476119 0.0212958765490057
0.0248566453798775 0.0998045434028555 -0.102528672872916 -0.00264212661737379
-0.0336973295857161 0.114825209759885 -0.094073970702183 -0.0655525464115615
-0.131618405207903 0.0448116499579369 -0.0305572127042902 -0.0983339598359796
-0.14858661559861 -0.0873769608317093 0.0363075532488935 -0.0760503939549986
-0.0921535903464075 -0.172986220888265 0.00199339144777434 -0.0305025534219532
-0.0297993902752781 -0.159520573499505 0.0368386414260765 0.0216940910116721
-0.108281841073051 -0.128812016641787 -0.0564729899644099 0.0882922660037334
-0.133743429098553 -0.0239609652103393 0.0202394614815014 0.145057360640156
-0.0842311996603443 0.0891018723884485 0.120408178799129 0.0808024620486562
-0.00434659433738539 0.109770366754127 0.10414677705313 -0.0318735675934784
0.0579681994322978 0.0845589359373338 0.0455687083260311 -0.0545764449637146
0.0889868903799785 0.0322771469274721 0.0142079195527024 -0.0329370527121553
0.0832393015223677 0.012952124139201 -0.00859115592340942 -0.0101798305851358
0.0840543653439066 0.0117209155874476 -0.0186829661451032 0.0201666637185855
0.0818635909223234 0.0601665260740848 -0.0506426565649321 0.0409650807420503
0.0319926670754833 0.104214301437089 -0.0878500408935958 0.032026092218707
-0.031282535059355 0.122355996300312 -0.102807117844362 -0.0351112590249683
-0.131902382316913 0.0456751613354469 -0.0475922585308651 -0.0785445690200899
-0.139012696246694 -0.08791727979486 0.0376825184732452 -0.0595344955067272
-0.0794432748027254 -0.164236298552904 0.0177251721317568 0.0247707217485227
-0.00258714650703652 -0.136373666493646 0.0417797521598628 0.0905198892062553
-0.0710630610328022 -0.136612843355335 -0.0498364352736531 0.109692961017899
-0.118037580823593 -0.0535664471181144 -0.00772558927112939 0.1498208704206
-0.0962328500591478 0.0666052273228391 0.0829230847081248 0.1062747038926
-0.0170367868147998 0.104330975848917 0.0964490240146568 0.0177696967821305
0.0488702071328564 0.0847663408509479 0.0713624031112556 -0.0153691566693181
0.0845674512997717 0.0355232399804707 0.0502224620714723 -0.0148186703437948
0.0817495206348254 0.0135956688701969 0.0238689890107473 -0.00390296152400933
0.0804479613870159 0.010550740125439 0.0129386919477031 0.0275602816711539
0.0752145457599537 0.0538194365154582 -0.0212906237433866 0.0559021557543312
0.0289468108606361 0.0960566359643677 -0.0698408167744047 0.0577377860132528
-0.0347121156524558 0.11081018469521 -0.102888848806358 -0.00947931199811801
-0.11989085901347 0.0279839662146651 -0.0556993631240671 -0.0590404444933283
-0.106714724606568 -0.087383866422045 0.0379243149903062 -0.0440336476780057
-0.0471000273673623 -0.136774874823002 0.0277689803717064 0.0707417543819071
0.0216557903146963 -0.0868210130114816 0.0403263537560908 0.145653352632285
-0.0245040946319612 -0.11028874534974 -0.0432732066918477 0.122956282300649
-0.0779126824806927 -0.0636599859193078 -0.0295743373918457 0.142756982591952
-0.0824646364343191 0.036359665058324 0.0462988898129523 0.115126277814467
-0.0210154357460319 0.0790752506893514 0.0814724822278713 0.0573426154116106
0.0325229450275906 0.0669447592474797 0.0899342390623245 0.0195373626650714
0.0656853499177339 0.0309033625014455 0.079594613104411 0.000903879392674156
0.0663237548012724 0.0124122420083441 0.0516543895373534 0.00216093217258716
0.0665005820677301 0.0100831555824659 0.039789376415056 0.0340295793769542
0.060084554185495 0.0445044172609549 0.00421404663507206 0.0685066052501571
0.0208220484440932 0.0802164335301648 -0.0546150574732078 0.0778145974546295
-0.0403437658931873 0.0875678705943478 -0.101637345819091 0.00987587300280581
-0.0990310050213938 0.00195985541585773 -0.0604413810143853 -0.0443988218762196
-0.0621114552443871 -0.0828971615887214 0.0343620024695295 -0.0314733511713459
-0.00586968031728421 -0.0951562893861157 0.0279124969436491 0.103459853010311
0.0399591975134791 -0.0209886509986975 0.0395934092213356 0.176114698645859
0.0190788927521184 -0.0591013089144603 -0.0342676767334783 0.124485950457064
-0.0290583262486047 -0.0509111793104556 -0.0403904526748341 0.132387860209203
-0.0485494069163476 0.00947829005436267 0.022212830348654 0.115888003546138
-0.0149249133312874 0.0412760529250133 0.0726215522883978 0.0798436544193864
0.0138699692993701 0.0364053447662606 0.102250259189185 0.0400285279574353
0.0365893167327288 0.0196817270058019 0.0976084410615898 0.0101934585608397
0.0412562283541141 0.0097306160884968 0.07111790241408 0.00690974731266949
0.0437630154490626 0.00915813895611418 0.0585672060393404 0.0390477201390884
0.0387672000580691 0.031987835149038 0.0214732985792809 0.0787899977766572
0.0115094372972412 0.0576476873026021 -0.0463920883199656 0.0935802312263227
-0.042472676987659 0.0572675306208368 -0.103288860503295 0.0238521245712306
-0.0694928010010192 -0.0219065546993321 -0.0665283479757711 -0.0375294545575885
-0.0138166978947999 -0.0673933349318957 0.0267811395306403 -0.0242527968690147
0.035514300687365 -0.0414896845415392 0.0176118368418264 0.120314457158864
-0.0513009656212876 -0.0125607640799594 -0.0294198512242479 -0.135391835688676
-0.0169973773927083 0.0424079864908295 -0.0590751663242712 0.0242722071585401
0.0289767900712564 0.0235662157601159 0.0683979940239272 0.0574724309164639
0.0253893845444668 -0.0227815955172191 0.124985442353451 -0.0270295551356081
-0.00619138696746103 -0.0228024791439178 0.0574714492458038 -0.114844293026551
-0.0118720129050831 -0.0105235811644864 -0.0370187442610273 -0.106650406611235
-0.0157607053976116 -0.00728363786159083 -0.0776111345637909 -0.0548772264621764
-0.0121967257935555 -0.00291450177887428 -0.0871406682961724 -0.0169138946925368
-0.00357082017413833 -0.00922485989444008 -0.103636196400756 -0.00889812876293811
0.00858970560783923 -0.00661719379136855 -0.109754720118818 -0.0356024024785692
0.00849678589297248 -0.000183606188002656 -0.083912277212449 -0.0838020414854927
0.0150565358544355 0.0132088666869843 -0.0228593186433163 -0.112759110063813
-0.0195470427708062 0.0319117965169812 0.0390372088125351 -0.12341150509748
-0.0624783699821413 0.00406584055395724 0.0566168312853568 -0.126196210180969
-0.0531238888472733 -0.0497238806060153 -0.0221416188979016 -0.171145497902916
-0.0663376663498391 -0.0659835480552975 -0.0121200165832447 -0.126503317504514
-0.0631371667424917 0.00737983193653324 -0.0597928830807576 0.0305582704054084
-0.0166320767940461 0.0327071906521338 0.072161289116235 0.0720580094154739
0.0106633467437656 0.0182841752764893 0.13846934366467 -0.0195729434460801
0.0044330824508456 0.0127355815204689 0.0666417493202789 -0.119159613395682
0.0146988204338082 0.012172860168483 -0.0309493651866062 -0.110678696409167
0.0180704047647896 -0.00103723714499956 -0.0712864871135224 -0.0574951201303423
0.0197568969381209 0.00160553202178514 -0.0827638223690226 -0.0188469724510951
0.0284446929205562 0.00191766822115104 -0.098043924556379 -0.00414638810985936
0.0334101861993746 0.0270528529762959 -0.111060172824397 -0.0228385535525461
0.00475898635454842 0.0443273275877925 -0.0974425098073484 -0.06976270871513
-0.0181146419576632 0.0471921085261182 -0.04406462258694 -0.109372274080043
-0.0706883375556939 0.0235541058558013 0.021269474316033 -0.12015906992396
-0.0997828209132381 -0.0481537101790104 0.0455875572863118 -0.109873712843166
-0.071550773330998 -0.113337795810343 -0.0197190153370801 -0.1370884354812
-0.0680119970589205 -0.115608298345092 0.00709867899146284 -0.095598387215481
-0.101719766230551 -0.0397110051948956 -0.0605422885602191 0.0460290256616541
-0.0691044903952203 0.0292584468320364 0.0663455733814745 0.0974577630426666
-0.015825837170352 0.0597263578332517 0.148185468108638 0.00392506835668019
0.010973192454257 0.0534039048170638 0.0820238541218161 -0.108381439094039
0.0393102118029908 0.039490008703229 -0.0130927124352215 -0.104782638387099
0.0506672058320952 0.00854321515521815 -0.0522531781409505 -0.0556468978962964
0.0483158330396313 0.00588298358819823 -0.0662020500576931 -0.0187345076174066
0.0556768991921859 0.00850585320941241 -0.0789574606359079 0.00405500097732312
0.0579259295591925 0.0489688374260739 -0.100503913845677 0.000159932447408387
0.0137969422334121 0.0792304449914269 -0.106904600402797 -0.0383139201191491
-0.03115916437636 0.0857342016580752 -0.073560924324928 -0.0926303614765502
-0.110314422846405 0.0332459450779089 -0.00541122994050186 -0.113630134933923
-0.133742839783878 -0.075845636804725 0.0381667088026116 -0.093490147267782
-0.0883427724476498 -0.154253187009931 -0.0119673843454438 -0.0873448528428981
-0.0547664443900229 -0.149887859522173 0.0251962534421918 -0.0445916349423001
-0.120034322137395 -0.0888941000061255 -0.0612183121149351 0.0655010132187132
-0.113256950854795 0.00956394368961736 0.0479182645722981 0.12594702740034
-0.0503989184253884 0.0867132803929742 0.14466388126572 0.0416922695592064
0.00893584470905432 0.089291772954942 0.0976634822317401 -0.0777024829906387
0.055575489150204 0.0654033683429495 0.0145005966557648 -0.0865892188160262
0.0759181656099284 0.0203567668727695 -0.0222893406682897 -0.0473784223961095
0.070818642727569 0.00951620273564753 -0.040562700259644 -0.014696558235419
0.0744089444485632 0.0107919756445786 -0.0515597741536611 0.0123483357654968
0.075821557489722 0.0579444929388274 -0.0795287779664297 0.0241948156181582
0.0267415747052416 0.0987543980225282 -0.103496630172534 -0.000258101539022371
-0.0306568158558012 0.113225871369841 -0.0961835260420008 -0.064229096375182
-0.130037259749713 0.0468737605034695 -0.0302756026058625 -0.0991893884134838
-0.1488568471978 -0.0842624210635908 0.0362017217866917 -0.0767350774179732
-0.0930435443348926 -0.169287105140219 0.00169514067018601 -0.0307165809815833
-0.0311349622140059 -0.158438595138746 0.0367500800716308 0.0216847365862785
-0.109633959379108 -0.125601212770478 -0.0574397927645522 0.0889456147037324
-0.132764230263128 -0.0227679083615459 0.02060266432951 0.14563959831224
-0.0819611165941454 0.0887710320927861 0.121607156473954 0.0795607932655938
-0.00188120041211887 0.108246055809918 0.103246120735673 -0.0318438673585464
0.0588079438364717 0.0823020027594465 0.0450583129073811 -0.0544702673428998
0.0883698416735102 0.0298364726089294 0.01329452674421 -0.0334381234860168
0.0822759463600514 0.0115116359818673 -0.00942357223442908 -0.00932198790666352
0.0821848931744611 0.010033661818666 -0.0188639959246544 0.0206392965187559
0.082061847933161 0.0574921157071186 -0.0506999737867868 0.0432730815001315
0.0342922941811894 0.103066650871912 -0.0884198490283202 0.0337660106604557
-0.0278916224291539 0.121259988872389 -0.105016671756087 -0.0335043429772598
-0.130115337128246 0.0473391933388701 -0.0475808129058032 -0.0782895481551831
-0.13942831383544 -0.0854309001943854 0.0371644330752294 -0.0601119240513654
-0.0798812275005466 -0.161288900095946 0.0179103431406432 0.0233890055619115
-0.00355868752578798 -0.135911433976783 0.042372192592171 0.0891316376326093
-0.0729106805167355 -0.134377127111693 -0.050596357292454 0.109649696711312
-0.117989452191681 -0.053184146833797 -0.00730927123369066 0.150672860007445
-0.0944383161062533 0.0669287115940605 0.0840172714853836 0.105397677160679
-0.0148095142645528 0.102889981800899 0.0958125424549174 0.0177884871276678
0.0498874287764691 0.082588223981745 0.071887889729701 -0.0166386502539323
0.0842230921883936 0.0330716145135917 0.0495158969404052 -0.01716118922946
0.0809780357322732 0.0120660409776795 0.0223445926098477 -0.00375866289581755
0.0793078849780433 0.00855754096856395 0.0123794892033698 0.0275296978421156
0.0758998263147101 0.0513530225880865 -0.0212487429676275 0.0577587106726233
0.0310871272013153 0.0948605232558855 -0.0694986255639699 0.059462025776653
-0.0314899182345963 0.110266023942114 -0.104173393901206 -0.00742818518256054
-0.118639485930574 0.0297687137765976 -0.055916174659601 -0.0585968616292961
-0.107453199194939 -0.084937315706944 0.037942352258332 -0.0454385981486179
-0.0479064683535028 -0.134559393106589 0.0288042933990197 0.0686991017837357
0.0207759601546292 -0.0867735895536457 0.0412068215061996 0.143401047385961
-0.025714798081309 -0.109546834132622 -0.0446907617757728 0.122789462096413
-0.0788505830234875 -0.0632412618123606 -0.0292810839544856 0.14356863919947
-0.081666845695211 0.0371114766988714 0.0470534893010646 0.114953960170748
-0.0194994154107238 0.0784325915884488 0.0820551268607065 0.0570603941650301
0.0332235203084802 0.0657329702051654 0.0910699024387699 0.0178188207566732
0.0656271672028935 0.0284176745457223 0.0789738060346707 -0.00142784743865998
0.0663512409861871 0.0107480298134412 0.0503774544208245 0.00188854125421245
0.0655668857072304 0.00778956403585689 0.0392847305034242 0.0331828311667022
0.0602698273866807 0.0426506831903739 0.00440214544487173 0.0689877821220094
0.0224351549884392 0.0790165110108719 -0.0540118091542682 0.0788254003604575
-0.0380996086591736 0.087609691750579 -0.102689959873099 0.0117169345269301
-0.0986612876208837 0.00346266595129295 -0.0605922234157287 -0.0439449098868926
-0.0627734345633901 -0.0816517434381896 0.033827786663689 -0.0327132668050085
-0.0059646665992897 -0.094169130254622 0.0291721382750211 0.100982878457666
0.0400810009653035 -0.0212045916351788 0.0405933367706598 0.173615039090582
0.0186978886891414 -0.0598998180208778 -0.0352695549870612 0.123505053940628
-0.0301386274666237 -0.0504568721780513 -0.0397388034489887 0.132360167775387
-0.0486539655590295 0.0106017873063404 0.0230541096561228 0.115968851169006
-0.0141535438594214 0.0413013950582509 0.073250265652292 0.0797365713269574
0.0144556681273449 0.0356102698061892 0.103502506262915 0.0375367767276207
0.0363301484053004 0.0184160213839346 0.0973523893073916 0.00729353433643137
0.0412561168992667 0.00877218099963189 0.0698567021479472 0.0056565735690292
0.043211466651706 0.00767984715371526 0.058183627314911 0.0383216728849223
0.0390733332397654 0.0307370491927456 0.0216357353049385 0.0785201827523291
0.0124206928501909 0.0570395771559431 -0.0453605894690997 0.0941615224661422
-0.0404000078373554 0.0574346458715959 -0.104134184245319 0.0259251780524119
-0.0696850593038684 -0.0205023021651192 -0.0662435123047635 -0.0369299579630525
-0.0139685701331462 -0.067245498632041 0.0267209548134493 -0.02607161812623
0.0353342923352171 -0.0424497348009086 0.019319003108929 0.118006853166761
-0.0519468351081809 -0.0122126497929499 -0.0297371127216306 -0.134867326921344
-0.0157771849425003 0.0427889211293466 -0.0596552472311844 0.0261953795092127
0.0290524656402869 0.0235398667709117 0.068395957161148 0.0582087302456116
0.0250364814948793 -0.0233863802565984 0.1254517681447 -0.02770256068119
-0.0069010138025072 -0.0227835602119771 0.0584773773684885 -0.115058026609447
-0.012295882181355 -0.00996208513565355 -0.0366410201318611 -0.105501400518383
-0.0160907183384945 -0.00645086887463455 -0.0769309822978782 -0.0531961593734957
-0.0122020522592539 -0.00200203303494266 -0.086544983074365 -0.0162903963840462
-0.00398887387866356 -0.00848618486103022 -0.103779622964214 -0.00769710152286919
0.00780532829890345 -0.00671139792860609 -0.109866731114472 -0.0343661097357963
0.00844909961015335 -0.000473063762650562 -0.0846561575063348 -0.0833526410034379
0.0151778863161828 0.0126016919857095 -0.022540892006592 -0.113387281003676
-0.0189769030091923 0.0326420578711986 0.0404733167188926 -0.124275225935643
-0.0616655651818019 0.00494364619827105 0.0582702808471396 -0.125174894586294
-0.0523537938817304 -0.0493127682380692 -0.0214277999803478 -0.168326925271585
-0.0667137451699189 -0.0661643997172822 -0.0116686713542957 -0.126386144685149
-0.0617715659465425 0.00857899772599275 -0.0601385772977737 0.0323233406712847
-0.0160099158414006 0.0325442906046102 0.0718389316174061 0.0728639720917376
0.0107880500898786 0.0178224406520203 0.13934012232825 -0.0195110721353691
0.00411702604010728 0.0123993363360955 0.0672614723676082 -0.118893430692512
0.0143603615229455 0.0120342408691485 -0.0305768617287315 -0.109415949746047
0.0172177781757517 -0.000407989306340126 -0.070880714251561 -0.0565151351563668
0.0192404947981477 0.00258877853495476 -0.0823511676510653 -0.0176966136483339
0.0277836252987371 0.00240666214209214 -0.0977208794895331 -0.00269918040551518
0.0328600574673819 0.0259820908359421 -0.110912356391923 -0.020722676922811
0.00517122074774156 0.0438458354432884 -0.0983484071047407 -0.0692312697097664
-0.0175282273737142 0.0463377690942741 -0.0438646569273499 -0.109571522170503
-0.0698740122653131 0.0234197575696585 0.023165303005791 -0.121270561954732
-0.0987975935992795 -0.0468305384947228 0.0473251678376917 -0.109750707692392
-0.0707856860632982 -0.112241290499143 -0.018887804759259 -0.135285451105892
-0.0675225353820261 -0.115372570105334 0.00620930894914642 -0.0953276047931051
-0.10057798836907 -0.0379645325796037 -0.0623979193486939 0.0472986230148396
-0.0678272611555559 0.0289209487343116 0.0658586701029435 0.0986792074768453
-0.0150913171744493 0.0582325645272633 0.148664643846269 0.00411483859160785
0.0111933650435179 0.0526409358244818 0.0824995372894146 -0.107483024137015
0.0391236984053007 0.0388936531711957 -0.0123084340719861 -0.104033145871949
0.0494770889337507 0.0080291456568408 -0.0517823801987988 -0.055450922633655
0.0478557674574036 0.00620668372841132 -0.0657518883985598 -0.0172921570596552
0.0542929829207729 0.00822150831381407 -0.079490771641524 0.00483800075264866
0.057170022019136 0.0477733691595352 -0.101264316851077 0.00222429294991156
0.0146424661877179 0.0789051218083493 -0.107838826255384 -0.0372460542161273
-0.0309698598016129 0.0843233333669647 -0.0742651787262359 -0.0925090091189914
-0.10916561447052 0.0334981567786022 -0.00437673301830578 -0.114670360489609
-0.132985984228907 -0.0746866254382082 0.0398726598227291 -0.093275468801196
-0.0868008203426926 -0.152210266533543 -0.0113362444111288 -0.0866090134016055
-0.0542298294126252 -0.149140038741313 0.0252368154521738 -0.0443581228049302
-0.11952514231241 -0.0873161134053179 -0.0632684210625165 0.0665376969560679
-0.11196699398654 0.00898656447995302 0.0465431069636654 0.127169172278284
-0.0497116300947772 0.0850259003510331 0.145174307344957 0.0414769391530858
0.00861735066692561 0.08817240918029 0.0973123258347884 -0.0763542996556163
0.0553373604084607 0.0641994595914947 0.0150695036728737 -0.0858519309418913
0.0746618429677667 0.0192734591085181 -0.0227819875822213 -0.0473700384533027
0.0695867391052489 0.00919228544028197 -0.0410735576435739 -0.0140371807535355
0.0725027242811399 0.0104315798171953 -0.0521194845630178 0.0133625178533732
0.0755071689853459 0.0567860527038584 -0.0799291670736977 0.0258852103148308
0.0275828780417918 0.0986226498830131 -0.104324282504053 -0.000144934630836184
-0.0297212018461343 0.111730745460487 -0.0969277686678513 -0.0636217684222103
-0.12851883614238 0.0466817510907394 -0.0294441840579968 -0.100391672105839
-0.148674035318128 -0.082808812108206 0.0371219718631136 -0.0770678253560639
-0.0907489474067853 -0.167382726928241 0.00107563664136002 -0.0312352959442475
-0.0300442037042887 -0.15824380547728 0.036355226050016 0.0219237222682454
-0.10927375780236 -0.12421121316576 -0.0598165452743587 0.0893177301795914
-0.132291730517202 -0.0229775708693166 0.019800233129144 0.146731447228775
-0.0807176995204836 0.0871112655335213 0.121232130341058 0.0799268327775102
-0.00180106163238241 0.107708351596646 0.102375077275399 -0.0302023699545305
0.0590010129552561 0.0811064278258812 0.0454768519919149 -0.0542829472041865
0.0871145215947096 0.0283842319406845 0.0133800398129973 -0.034086651272209
0.0816020972540976 0.0111105687994866 -0.0100244728788949 -0.0086062054916363
0.0807804786462651 0.00927401425866599 -0.0203326194603981 0.0211272843977047
0.0813701899553668 0.0557627102487535 -0.0511253928108359 0.0450056240120446
0.0347509796955503 0.102184779239344 -0.0892227448052299 0.0348725601241949
-0.026344827079075 0.11962407343156 -0.106165617796874 -0.0323599299559641
-0.129029196399726 0.0467508829391749 -0.0462666298936227 -0.0791107122551332
-0.138644657973226 -0.0840592051515146 0.0379144014987979 -0.0612060620437521
-0.0776284687454353 -0.159685207589386 0.0179203990125598 0.0222935101759528
-0.0024611479941042 -0.135515554646797 0.0416030135438026 0.0887235708077759
-0.0724483391921938 -0.133518288249264 -0.0536936030316895 0.109833598288419
-0.117888442683008 -0.0529816264359647 -0.00866134614237941 0.151161986334952
-0.0936198834040385 0.0659843033350858 0.0840511268172473 0.10573872366725
-0.0145994036146977 0.102567722189215 0.0957841162407153 0.0190880155808822
0.0497378211298346 0.0816089456150376 0.0728826966067079 -0.0167371516626783
0.0829492459513225 0.0319421053816478 0.0493021461233105 -0.0176636937337897
0.0800375262218841 0.0110128317099096 0.0220813274642291 -0.00318134511797
0.0775275067594633 0.00778025528321924 0.0118478650997127 0.0276769842348336
0.0749404447843222 0.0498228451983197 -0.021631928354635 0.0584092332422306
0.0317799982979025 0.0938614677685097 -0.0702847551416634 0.0598516354737127
-0.029611766422057 0.108455207303171 -0.105711464026959 -0.00633999613928164
-0.117357530535476 0.0295985510421411 -0.0548925864690208 -0.0595664998585862
-0.106471746592224 -0.08464800722713 0.0376469194878835 -0.0463708290233079
-0.0460116177891919 -0.133466592236244 0.0282670779495669 0.0666774084217633
0.0217900482761373 -0.086517085872372 0.040337262930421 0.142839585439561
-0.0256043963037883 -0.108802700203055 -0.0470348710057081 0.121891134424443
-0.0784537407911761 -0.0627811509701037 -0.030698813151302 0.144059482151972
-0.0811384224511298 0.0366113057197596 0.0464851691653866 0.115333952577304
-0.0188886594083476 0.0779447785128496 0.0818397909180648 0.0578969426441343
0.0332177161535691 0.0646702369389722 0.0920469752666953 0.0164986933957859
0.0650128855686375 0.0280848548243784 0.078473308161548 -0.00347104582660282
0.0656912342936112 0.0101958497904797 0.0491228855521716 0.00160745009724569
0.0642938885127676 0.00740318409218898 0.0383032714645105 0.033609184291378
0.0601396243458676 0.0412232137070275 0.00338960718494304 0.069623215696041
0.0228516505090787 0.0781531608304329 -0.0545343898517191 0.0793805657995036
-0.036843986980546 0.0866211060933764 -0.103718195200555 0.012769196050825
-0.0978896518948565 0.00362376902753835 -0.0600954453453434 -0.0444319100374859
-0.0621520248986468 -0.0812091994396523 0.0334041003635673 -0.0341542695760016
-0.00468874675981846 -0.0934333230470447 0.0287116516306505 0.0987528417963145
0.0404274102956865 -0.0212880933201611 0.0391113591746828 0.171899576564241
0.0183116077695815 -0.0599712976827989 -0.0375432733149447 0.122680303456318
-0.0310073219769176 -0.0505957525663148 -0.0413110142047733 0.132880369421288
-0.0487224789097911 0.0105840619219666 0.0220472027543056 0.116400140025639
-0.0134142926791893 0.0410139906803124 0.073634216069561 0.0804793105783492
0.0140503696319063 0.0355950906404613 0.104900440084553 0.0356385789476755
0.0363257530909998 0.017951277925145 0.0966447223254559 0.00605559722010861
0.0413820686927388 0.00812275096100746 0.0684745958049756 0.00557563718084644
0.0426120774419893 0.00703554108161096 0.0567763918640105 0.0381246714567686
0.0395189990451467 0.0301158879424361 0.0207498126898391 0.0781136057043239
0.0129319906929499 0.0564588556581268 -0.0452657389653615 0.0943715972298995
-0.0393637785397538 0.0577094028044832 -0.10488778751485 0.0263096341926602
-0.0698082928922593 -0.0205817853400991 -0.0656077121866721 -0.036984414792108
-0.0140491059222242 -0.0671141331120916 0.0264556460160808 -0.0277355807547561
0.0356385505014816 -0.0429341040302359 0.019201909837692 0.115882756013888
-0.0528369323204027 -0.0126123749939627 -0.0284720410899429 -0.136332002457857
-0.0158268734181202 0.0435959554534638 -0.0616322381784629 0.0273291157152013
0.0296403483463351 0.0235508218056759 0.0687916463141894 0.0609137821798548
0.0252918223641717 -0.0239556962751465 0.127660051763762 -0.0264368563000917
-0.00643277024082626 -0.0227293029541921 0.0612481598620493 -0.116357060142392
-0.0119939823793982 -0.00988019853960622 -0.0353671464007099 -0.106706268824199
-0.0161001104282437 -0.00580047489039059 -0.0761924067885556 -0.0533704506913162
-0.0119944215800323 -0.00124675825889476 -0.086732852053738 -0.0165265198959177
-0.00440810145724339 -0.00763065821792019 -0.10407741670072 -0.00729030354413981
0.00688886946873136 -0.0065716304529098 -0.110377024571507 -0.0346938235331864
0.00835410350847977 -0.000202495776575686 -0.0852796930695253 -0.0847833689030664
0.0158425021678362 0.0122024148404066 -0.0200185782118934 -0.115206647328585
-0.0194527185640022 0.0327829469074865 0.0440972897676493 -0.125242702515135
-0.0618413876932281 0.00544406494587879 0.062385889943373 -0.124442179114975
-0.0513985000377236 -0.050714384053413 -0.0177516116913149 -0.167770745387664
-0.0664752375276573 -0.0672232616071328 -0.0102652026644288 -0.127613889727078
-0.0623395777148915 0.00863527480229113 -0.062207111917547 0.0338820523025644
-0.01547351590046 0.0320624046064905 0.0714540675236232 0.0754765901517201
0.0107997985511347 0.016769137913001 0.141407648058172 -0.0183792776651646
0.00372061440339303 0.0127441531524298 0.0703327181090862 -0.11886323614889
0.0141352208430395 0.0125286934740271 -0.0295019042592314 -0.110341367089113
0.016760142063786 -0.000120206481153936 -0.0708189565909157 -0.0567496871982592
0.0194453744055932 0.00316597725094024 -0.08263716365229 -0.018182329182788
0.0271504098113265 0.00304770295403743 -0.0983507334460051 -0.00254283337209976
0.0319174402388587 0.0263796213455708 -0.112217140826078 -0.0205297193311358
0.00505431207636841 0.0438813079110324 -0.0998725327065363 -0.0705394585030511
-0.0174453374961337 0.0455969453794002 -0.0425772190357326 -0.111282609507528
-0.069960396571821 0.0233896244461047 0.0265689855125677 -0.123145385341758
-0.098602704370275 -0.0470863062658489 0.0509215051870367 -0.109745642453143
-0.0683130375740867 -0.113654269596085 -0.0171488641097939 -0.135188268542252
-0.0662822179865862 -0.117214022101895 0.0080711317448935 -0.0956171981178861
-0.100228582638911 -0.0381716354141978 -0.064838136998355 0.0491410318704575
-0.0676823156038562 0.0279538785675328 0.0646402368321525 0.101580120886054
-0.0153616402211821 0.056942158916628 0.151130690278045 0.00598253149203907
0.0106321154338988 0.0525228204321828 0.0853395569043018 -0.106236427181789
0.0388787334396739 0.0389009049029033 -0.010853151175034 -0.10413814536166
0.0486696855033111 0.00856964387543033 -0.0520262065706599 -0.0555269671779283
0.0480461574272019 0.00715069033211792 -0.0664388486303864 -0.0176371470802853
0.0535937792266241 0.00900904580601213 -0.0806144000067123 0.00514663140257591
0.0563857540073896 0.0474036904422959 -0.102725173453589 0.00309990943212764
0.0141862100821207 0.0793416517795158 -0.109635259452058 -0.038868518499937
-0.0304406362594814 0.083112341655003 -0.07428137687257 -0.0945933918860569
-0.109570379659217 0.032518836713666 -0.00147319313578558 -0.117107853675468
-0.132718803751849 -0.0758604016550935 0.0425054436364164 -0.094378924548533
-0.0836477876870415 -0.154133382358881 -0.0103214541994806 -0.0871645073195782
-0.0519263578229816 -0.151178340495074 0.0256279274457909 -0.0441851131753367
-0.118587053231791 -0.0876802909701167 -0.0667570244828647 0.0678120449518981
-0.112573752953178 0.00726969458578962 0.0450514569817991 0.130292942469278
-0.0499463007286721 0.084226222511586 0.14676625022193 0.0442683278522087
0.0080427239477715 0.0879321144494634 0.0996276167780337 -0.0751949326665937
0.0548875193239352 0.0648437841835343 0.0168845906202964 -0.0861381184808681
0.0741469562658973 0.019814623095876 -0.0222903139446899 -0.0479886400733732
0.0698147666463642 0.0101774461894395 -0.041282555179487 -0.0141953863645277
0.0722008206804012 0.0109360780751192 -0.0533527693189106 0.0134010337538047
0.074622924523673 0.056816830004184 -0.0814400976611917 0.0271365321518247
0.0270662791513965 0.0993243988410291 -0.106230729631937 -0.000479323788931617
-0.0297057010227849 0.110779871669324 -0.0977221537338039 -0.0652986353716621
-0.12946990726893 0.0455670194167367 -0.0270417212195079 -0.102408344429086
-0.148393287988522 -0.0845489617299576 0.0397586703215528 -0.0776265301133398
-0.0879801590186406 -0.169125863945556 0.00184781690571853 -0.0316027914685383
-0.0279489866989238 -0.159851351233441 0.0359583089262986 0.0221434502655466
-0.108435724379491 -0.125443499230528 -0.0637119058632128 0.0906528564046301
-0.132667320035551 -0.0253941589398434 0.0165226497176066 0.149890611506547
-0.0818506358550698 0.0860495182955095 0.121953700397994 0.082794404369915
-0.00274807973388056 0.107130495304825 0.104538504913248 -0.0275374611548662
0.0583189422581017 0.0818166042220116 0.0476383685362879 -0.0544128072694398
0.0861594791612561 0.0285599649739203 0.0140096550866386 -0.0346426952113899
0.0814899318701351 0.0112902748421373 -0.010230215494437 -0.00831605416449977
0.0802293679142629 0.0100570796424344 -0.0212221006227827 0.0214578735379562
0.0807017127229473 0.0557608943296284 -0.0525557384963283 0.0465609835557512
0.0345649839111032 0.102968644884151 -0.0913796454109296 0.0345182617690937
-0.0267862387552063 0.118633695842791 -0.107844248949452 -0.0332678883427611
-0.129953805850052 0.0456097380110059 -0.045018044150295 -0.0822403496712778
-0.138589003270253 -0.085880139785458 0.0399329044223643 -0.062069012040086
-0.0740651051596174 -0.160876030151701 0.0173578118867159 0.0217643321221614
-0.000221875797408011 -0.136732096660055 0.040077663361885 0.0893884682399296
-0.0713412454403584 -0.134354487336477 -0.0577003855241342 0.10992288525254
-0.117724341420416 -0.0554650959489725 -0.0122899178530992 0.153909678922241
-0.0952295350201033 0.0646419252411164 0.0834246381959873 0.108503169651926
-0.0157745710012399 0.102903765289967 0.0966194109129232 0.0219080913634992
0.0492333694919076 0.081816555667335 0.0744117722606117 -0.0168426596895519
0.0826203068204654 0.0319066413697384 0.0498340041351582 -0.0183180183110448
0.080405961523933 0.0113489402769209 0.0213515682052914 -0.00250912834372129
0.0770111982103998 0.00827357672382878 0.0102514578714515 0.028286945598095
0.0750830036439955 0.0501117616936179 -0.0229339157336607 0.0599141104619863
0.0318587089643351 0.0943595369236241 -0.0722186516417556 0.0602844768756654
-0.0300876964197263 0.108026762580742 -0.107957425680027 -0.00681268395100031
-0.118247849813506 0.0281251476685503 -0.05406095527162 -0.0618679610864643
-0.105574874649107 -0.0858856226788747 0.0389346034943841 -0.0474407410982015
-0.0432394578226596 -0.134517274903853 0.0271710668588998 0.0660816178749634
0.0239297357976336 -0.0868437638066088 0.0379104130977424 0.143136611946909
-0.0242858631998633 -0.109665446689495 -0.051758675408841 0.122062437719276
-0.0788905314106736 -0.0647060750735426 -0.0338379039966599 0.145656041675137
-0.0819023650943173 0.0359941264394619 0.0445755762435803 0.117566065184747
-0.0197832230382012 0.0777834081283069 0.0821163761267926 0.060797511436728
0.0327489990459159 0.0651496120331791 0.0936704014640667 0.0168007035967843
0.064653459540361 0.0276922179742582 0.0790861964817002 -0.00346460961208563
0.0660388654768586 0.0100512662829138 0.0490568264261519 0.0025509012314649
0.064090835541599 0.00769713772390933 0.0369618108939041 0.0343670670708818
0.059562809715924 0.0419271249806976 0.00207469226755337 0.0702975663661011
0.0230693894168715 0.0785941873308579 -0.0564782341100887 0.0792577921785133
-0.0366474410667364 0.0857404858203045 -0.10598272979934 0.0125541444737328
-0.0989720399248103 0.00248676198707672 -0.0590077052169511 -0.0463709690295191
-0.0610906603369417 -0.0824450243266488 0.0346509476334195 -0.0351870495843695
-0.00267179165498449 -0.0942416942876495 0.0277298971441147 0.0987033629566861
0.0419526836252237 -0.0212827965591002 0.0355529850122689 0.172962504028235
0.0192277999002745 -0.0599529588007262 -0.0425361150579308 0.122159692979014
-0.0310795651597392 -0.0515317270458778 -0.0445566280343409 0.134459372143746
-0.0489674918182251 0.0103508494850496 0.0197837954136131 0.117862861133322
-0.0137598684071908 0.0408939619455046 0.0735715090520905 0.0831651272817419
0.0138603821615079 0.0357305904005761 0.10607548441608 0.0360187785271509
0.0360352054593105 0.0182001050755714 0.0972970738904153 0.00566307009206194
0.0414502350159184 0.00787989867780257 0.0679314897399848 0.00647950772386029
0.0422569518010536 0.00721963726815666 0.0556738543607495 0.0392790015577251
0.039083552483676 0.0302423928770496 0.0194496376156542 0.0796049548571647
0.0131067255274391 0.0564325020032573 -0.047254107838278 0.0950499851621173
-0.0395875915952099 0.0576140073542749 -0.107181751544106 0.0263788286296121
-0.0703672019408634 -0.0216245705797266 -0.0653162427011908 -0.0390348762520898
-0.0126951396650102 -0.0681259603693732 0.0268838236247341 -0.0287381476904324
0.0371376674755162 -0.0428355115222042 0.0178038932003608 0.115101008864554
-0.0547566951955344 -0.0135378092183505 -0.027210321192965 -0.140336902389648
-0.0158891448496939 0.0453275027491684 -0.064583015385346 0.0294982034827164
0.0307884646144752 0.024831916896112 0.070490607301799 0.065152681024492
0.0256521171369345 -0.025002616056074 0.132643472083199 -0.0260760733990076
-0.00658159733476755 -0.0238944704341831 0.0662860402423603 -0.119618534734603
-0.0122857395118081 -0.010172338981337 -0.03389833248809 -0.110271881073573
-0.0165634826391833 -0.00581621478402211 -0.0768758838252324 -0.0549064257232015
-0.0123165699273448 -0.000581924514590682 -0.0879453440058437 -0.0176225959774738
-0.0048058054192949 -0.00760518780581785 -0.107089941898528 -0.00701298715101479
0.0070999149287574 -0.0068989973384247 -0.113274646845249 -0.0359007137038585
0.00840623360353374 -0.000633739046518573 -0.0867838075346285 -0.0889068075653378
0.0156538435505431 0.011775319598796 -0.0177124820916108 -0.119457620963427
-0.0203258703306986 0.0337561518223921 0.0493708214119901 -0.129669591457287
-0.0629319849873534 0.00582301068600754 0.0679833966882001 -0.127096654468435
-0.0519591753998794 -0.0533685925590045 -0.0150046893049366 -0.171178107355194
-0.0675638342722439 -0.0700691547344817 -0.00856368928614689 -0.131193870774883
-0.0627859975696499 0.00901889614312636 -0.0654642080812634 0.0356282580825169
-0.0159207844713254 0.0324744397239217 0.0720571661025151 0.079969341076662
0.01139482978071 0.0159374138079942 0.147090959995404 -0.0170679831372442
0.0039453224747222 0.0128199014930502 0.0757565445488254 -0.121818921890204
0.0144532728093171 0.0127550743512597 -0.0276771943907324 -0.113570936965419
0.0168906794169913 0.000347801279858328 -0.0716515891738864 -0.0583375348352267
0.0195822800241425 0.00414179232986494 -0.0845401484946511 -0.0192779944636437
0.0273825113363512 0.00397696487753198 -0.101820208895845 -0.00261372563305884
0.0319476977952417 0.0275280793223262 -0.115071257117188 -0.021522276098153
0.00474585321995465 0.0449151320892629 -0.102740510542157 -0.0740675281039257
-0.0184061875276245 0.0451755883514592 -0.0417602897071737 -0.115912947498091
-0.0717937661049969 0.0228040992355774 0.0314606936437677 -0.128008401738853
-0.10044742979056 -0.048696740363661 0.0564542524959992 -0.111988884472717
-0.0675595350042909 -0.118109502778927 -0.0147725792376577 -0.138184796024886
-0.0663893637245378 -0.121759430865325 0.00962660965684231 -0.0981220786551044
-0.101675808962898 -0.0398725278974808 -0.069242308651352 0.0511033552567512
-0.0692766028107795 0.0268421944532311 0.0646333671910315 0.107155060158781
-0.0161370544439321 0.0568082249213105 0.156405431380628 0.00846299059808932
0.010289952236217 0.0536330142279531 0.0902259852047604 -0.107801976441862
0.039262872718536 0.0398639965891273 -0.00871969696118951 -0.107166128683499
0.0494378483568072 0.00974622952876792 -0.0524756737887606 -0.0573200448140455
0.0487158940210267 0.00820016636250705 -0.0678393721722336 -0.018251736073083
0.0545538515507386 0.01052259248791 -0.0838608590134749 0.00558130285523712
0.0569414790528332 0.0495155319286983 -0.10625030793094 0.0033728964203587
0.0134206634853005 0.0815876124617371 -0.113982806887929 -0.0412756981342894
-0.0325320427332207 0.0839270881594768 -0.0752566285436642 -0.098111281097348
-0.112992050749053 0.0316490217132047 0.00200752791486625 -0.12258575989135
-0.135131173137623 -0.0789295358968659 0.0470843325370446 -0.0964238281787029
-0.081964888518179 -0.159522295757473 -0.00870119774370713 -0.0894322564783464
-0.0505898549781411 -0.156858068030441 0.0271056925064534 -0.0452406990937022
-0.120377355340223 -0.0914781227658739 -0.0713053351456122 0.070472353620046
-0.114767122513862 0.00508552662185907 0.0436041435680568 0.136768866240249
-0.0525446293983236 0.0842888349369041 0.151245733344245 0.0482107319825869
0.00701679025794609 0.0902454035999408 0.105166690798052 -0.0750053934171257
0.0555424888027421 0.0668421958706761 0.0193793318397673 -0.0881735975119917
0.0748172397736527 0.0210455137613476 -0.0220139059157352 -0.0494993735860123
0.0712519854282699 0.0111777654899743 -0.0423891943077384 -0.0140032717319397
0.0729149457761356 0.0121285129331508 -0.0562350463042756 0.0141845234636151
0.0749875499251686 0.0588678408298057 -0.0846378137166827 0.0287632234720466
0.0272809344495945 0.102108140067144 -0.111149404129454 -0.00132352439902793
-0.0315062566595759 0.112088358058508 -0.101142281435467 -0.0680694269223029
-0.132999549663263 0.0448357784801781 -0.0249543848596927 -0.108044178167498
-0.151353292835072 -0.0884384607982645 0.0435696507497325 -0.0798756882833588
-0.0854969070612333 -0.174787487081561 0.00256291904918625 -0.0329246569216163
-0.0249059569870099 -0.165275764262161 0.0365111359387843 0.0231259484000249
-0.108885081558401 -0.129602816473356 -0.0690855267309454 0.0935848946191541
-0.135087657363378 -0.0289222313266993 0.0136083262822304 0.155979789092671
-0.085167110984253 0.0855672125994075 0.125021166175928 0.0879677250841427
-0.00470021672378851 0.109579920893979 0.109445002210451 -0.0259991907017284
0.0585073259480752 0.0837788387911102 0.0509717989352432 -0.0559746452994963
0.0874760766626327 0.0295770635965799 0.0147752484404878 -0.0361804778678525
0.08312561062043 0.0125677139641326 -0.0109541834418676 -0.00821592969559347
0.0813393778282445 0.0111059661907383 -0.0234727882848553 0.0224890347611538
0.0820115171580201 0.0577487997477079 -0.0553669507984879 0.0490642418759649
0.0346395878351329 0.105689078632181 -0.0964787472879971 0.0350929128419671
-0.0284310706930231 0.119939418683914 -0.111881669336764 -0.0350000928019764
-0.133458081153195 0.0450003886843874 -0.0437833944716822 -0.0865501348043226
-0.140837534056517 -0.0898450811817889 0.0435014136106312 -0.0642569350023577
-0.0721101905829284 -0.166230647607821 0.017590739135427 0.0217660442056382
0.00310819591520592 -0.141088022546496 0.0394719611231169 0.0917447609508631
-0.070823021638915 -0.138598438738192 -0.0642961363372119 0.112626498224878
-0.120068945483323 -0.0592432224293604 -0.0166407789283463 0.159108267347478
-0.0982420564086558 0.0645960080232992 0.0842938509003681 0.114334462402491
-0.0173480070724395 0.104677036294609 0.10026019313574 0.0255811029904948
0.0491189184694939 0.0848294303057193 0.0785043553685753 -0.0172105692543259
0.0833984505447012 0.0330959530228469 0.0512773735009084 -0.0195280620436762
0.0817922464134431 0.012179926642171 0.0210600676105277 -0.00170613549353739
0.0783285834208571 0.0092299629512049 0.00910365322427071 0.0294796295922492
0.0754872548978457 0.051939839071653 -0.0249509824988867 0.0630371184012595
0.0320712070162179 0.0969656096572313 -0.0766018624483987 0.0615370466107953
-0.0317914627913274 0.108971998721474 -0.112072073593555 -0.00742118261313519
-0.122063551532199 0.0272452288538364 -0.0534608184715387 -0.065673658824801
-0.107214714530106 -0.0899571057106341 0.0417346296546717 -0.0489945096901685
-0.0403999702026423 -0.138423048500432 0.0270544089994118 0.0672500626973811
0.0267916480678596 -0.0895429725854088 0.0355583449901691 0.147969327649234
-0.022835079973814 -0.112740606526357 -0.0576502541516962 0.124806819246318
-0.0802658491173247 -0.0682388884084215 -0.0390947389215226 0.15108933686026
-0.0850787520286282 0.0352797973950621 0.0433938947659559 0.1221913356406
-0.0209622251003805 0.0797417480978303 0.0839753444980135 0.0653865159547442
0.0327506037054571 0.0675922966532259 0.0972256203638721 0.0170037017161703
0.0654160591719795 0.0289366067406943 0.0807244238118542 -0.00451037376052494
0.0671127225525036 0.010973029880375 0.0496162513462261 0.00340840666975827
0.0647990417347395 0.00802836053284752 0.0363084682695028 0.0357112403630136
0.0604473910058039 0.0432564928499958 0.000104453542040869 0.0732551353543066
0.0232745513566425 0.0809651986592766 -0.0602700460362165 0.0816431864806327
-0.0383323963912414 0.087023605830883 -0.11058859605028 0.0125151993643734
-0.10152526741752 0.000915503204777342 -0.0599051006070686 -0.0494955090173074
-0.0615222918276072 -0.0861573360725547 0.0361996255305952 -0.0369978495957311
0.000186661416517598 -0.0968071370910069 0.0265414106249447 0.100041316725651
0.0440628812734962 -0.0215223679205582 0.0324279751556594 0.177771756232855
0.021282408180647 -0.0616489531955204 -0.0485129341150907 0.12455246761379
-0.0321426214904986 -0.0531704019760392 -0.0499545710358508 0.138513567940802
-0.0507462259111579 0.010317985594572 0.0172109037188056 0.122962404174013
-0.0144541488757631 0.0420291128883306 0.0743653071410982 0.0876689558913526
0.0134681532003443 0.0370186891066773 0.109725596401052 0.0371840559617665
0.0366416907343269 0.0190076658580157 0.0998837060133371 0.00533596398135363
0.0428410224292058 0.00784514439719968 0.069195730398819 0.00763667624214041
0.0434387157798765 0.00737107707165189 0.0556405323665102 0.0409437212965219
0.0394247032073909 0.0309604071059772 0.0178626911620521 0.0824395715950171
0.0131460934235777 0.0575850189582255 -0.0509233126932546 0.0972590868506481
-0.040661684694653 0.058142401856556 -0.111382561159344 0.0263257513849467
-0.0727704280445708 -0.0230791491580105 -0.0663989047426232 -0.0421516027753961
-0.011251410481885 -0.0711272872709816 0.0276383508657375 -0.0307207680830043
0.0398461868473306 -0.043665748054226 0.0162357125434088 0.117342920882779
-0.0560508550312576 0.0202130334923458 -0.110718850656903 -0.0963213588646278
0.0140119855339497 0.0466859566326037 -0.0345359785951438 0.0688553556445665
0.0414821594598243 0.00216170335024744 0.102074355051308 0.0123354932345823
0.00626409213536124 -0.037210939274683 0.0968105833479837 -0.107230440023799
-0.0204760761867454 -0.015628246272539 -0.0195968676610128 -0.142848775561284
-0.0170520061959868 -0.000156477999868945 -0.0967685880640733 -0.0713062270707082
-0.0171189577655407 0.00703427889504211 -0.0986932382632492 0.00245651238852218
-0.00958098362480056 0.00749313257829458 -0.0837879086273663 0.0403479481180242
-0.00889893438970455 -0.00187978914222143 -0.093372583183835 0.0626692173791721
0.000651567848274694 -0.00941280954609585 -0.118725241288577 0.0414420223429126
0.00516764722104798 -0.00585529957411128 -0.129408168209489 -0.0195095845570701
0.0191910658607543 -0.000817659152362732 -0.0900968654380111 -0.09073307483392
0.00401278411449608 0.0408492727670235 -0.0407732874303159 -0.142673168490653
-0.0496709390629155 0.0437802556993149 -0.023914538637253 -0.154378535151827
-0.0806326475442042 -0.0157943646862996 -0.117442196068654 -0.136578480514392
-0.0992547808786972 -0.0215222206476452 -0.0934270227369284 -0.0989275733172734
-0.0459517463513519 0.0444761812796267 -0.0341250898536024 0.0757250016894793
0.00723869826335298 0.0361162000688788 0.111787935821672 0.0264487627622478
0.0180557852868187 0.00509517796520143 0.116011269187008 -0.10659630872703
0.00948106496311131 0.00784822761824515 -0.0112465478882823 -0.149799255103136
0.0189879781988913 0.0023236277083647 -0.0932962270467191 -0.0777657564379859
0.01380191184058 -0.00902494654346916 -0.0963044545012209 -0.00402935523616339
0.0190300763908218 -0.00826865616691745 -0.081952077485127 0.0374265148792219
0.0248310073188109 -0.0126488948223769 -0.0864333503156637 0.0634555608596552
0.0438602739452532 0.00355847859870025 -0.111268899969331 0.0558901276908899
0.030930087772003 0.0357867523719219 -0.133237263768933 0.00336299882864972
0.0102831382647235 0.0495260691809758 -0.108365468738341 -0.0725583125676392
-0.0492248851543201 0.0644435102449331 -0.0544254881180043 -0.129818756733891
-0.11735655067156 0.0210749543892771 -0.023114797713058 -0.135509937480271
-0.135240975766436 -0.0615872123483635 -0.0936904669819391 -0.107750198705003
-0.127847230837722 -0.0673907375336458 -0.060951002416653 -0.0824559640389457
-0.106304681509058 0.0270450700715619 -0.0300588055661699 0.0908861937666004
-0.0408627574326889 0.0629175797152642 0.120772084672296 0.0563472270250974
0.0195246457166621 0.0544364604821828 0.140531424840108 -0.0882186157582885
0.0392513185453206 0.0386101324311297 0.0110202688763209 -0.14682543747129
0.0559929272062417 0.00992742505384913 -0.072072358902827 -0.0839897030684325
0.0460556441925674 -0.021166376181697 -0.079496445668512 -0.015639508581108
0.0458545179103317 -0.0233578955172375 -0.0675752900395619 0.02845307110022
0.0522228101859421 -0.0247879008647067 -0.0667769777603772 0.0596531530243779
0.0788314962962952 0.00662964945707629 -0.0877606500811397 0.07116525189839
0.0625654047467763 0.0609895844551301 -0.121963794872226 0.0380719652533971
0.0229105836664263 0.0919114116780172 -0.126017026277181 -0.0360185475272042
-0.0794931989847323 0.0995359502913038 -0.0754237936904276 -0.10700641621055
-0.167630342523354 0.0177796385574366 -0.0202738192643005 -0.117393851689219
-0.174701452116948 -0.0879711552688266 -0.0555108767233959 -0.0693518366396776
-0.133954826830903 -0.107069293735596 -0.0161281992518891 -0.0492179099409952
-0.15133670730003 -0.00545788853042014 -0.0227138408361393 0.107053164590187
-0.0929906884735912 0.0720585602227408 0.118341810359445 0.0962063351985872
0.00562483864503239 0.097921481709712 0.161514416526568 -0.0494599701736758
0.058359768220331 0.0705108344436512 0.0447031186094562 -0.126999379467784
0.0857544363435272 0.0219698457621985 -0.0363020601058065 -0.0857388744515508
0.073327159963508 -0.0281020866873225 -0.0491097010508159 -0.0293692874751707
0.0666773941130083 -0.0344627948712652 -0.043665561796364 0.0160505193895168
0.0689057885747495 -0.0347386095681496 -0.0382670497920192 0.0501575099758063
0.100183613171239 0.00251861926987659 -0.0532633145404702 0.0793854052901875
0.0877829328560587 0.0697945473560972 -0.0940403722258845 0.069562624685724
0.0410965477164666 0.115804572589972 -0.129091807861579 0.00564470948954181
-0.0888905944313755 0.124630413734985 -0.0890201315072416 -0.0776774141160029
-0.187488527493015 0.0201092071680251 -0.0122420488956922 -0.102035153455824
-0.187003326578903 -0.098041243933739 -0.00897301894016367 -0.028580924970217
-0.116159315371322 -0.129031529031933 0.0332506540129973 -9.96997219347698E-05
-0.164545392176576 -0.0438374682712951 -0.00849625857957178 0.122890525363433
-0.130033553277564 0.0556147488720717 0.102763319580251 0.130809610756711
-0.0207001153785288 0.119087045355431 0.162469659267695 0.00278469148607416
0.0605264808518818 0.0934587846837148 0.0792386149399627 -0.0881210360599034
0.099021090356511 0.0341277463146765 0.0110309748972255 -0.0778729496612147
0.0893275337986598 -0.0286619478940626 -0.00973129540062071 -0.0414483801537365
0.0769998643097098 -0.0414313527566839 -0.0140194925220413 0.000708821025621291
0.0751997855143899 -0.0410233966158576 -0.00606595324315472 0.0364409963821522
0.10512346150541 -0.00236756049708621 -0.0162268673887267 0.0780613764146721
0.0970023386923711 0.0683038155175535 -0.05884182654863 0.0902032441038951
0.0492568428297835 0.120958541645534 -0.117048751002984 0.0407721594522856
-0.0894428157179654 0.125771823717594 -0.0912405175500067 -0.0474358754505548
-0.179658325312615 0.0131458042772588 -0.00258208379581483 -0.0883781966907114
-0.169324690543191 -0.0979984045374598 0.0380049208635584 0.00797337896587636
-0.0775894431988132 -0.124342786589078 0.0793686727413442 0.0537111269333489
-0.137684967027537 -0.0734367329348454 0.00830872229923315 0.134486470028394
-0.135814613722907 0.0216008081686658 0.077855528549567 0.150772976447791
-0.0442318881001167 0.109450412862343 0.142739598762288 0.0507514174814894
0.0473696507961583 0.0970050716851997 0.102434046718581 -0.0392132349001474
0.0917548363521282 0.0405106493513665 0.0567337430550729 -0.0628301583641242
0.088148407488822 -0.0239470395778375 0.0312889315515547 -0.0510964558341328
0.0752774844940658 -0.0410495789342695 0.016556872505403 -0.0139923240232693
0.0714723056567324 -0.0410033662406302 0.0257893130217549 0.0213909076074721
0.0964281260537831 -0.00358695515710067 0.0176650507439175 0.0712307009181131
0.0892198011796498 0.0628271247386326 -0.0254182519954474 0.0998282630354291
0.0401222475228011 0.114035621593468 -0.0997466218932681 0.064955781257166
-0.0907088349952594 0.103281150417199 -0.0862699665811619 -0.0228671672044633
-0.150481881398637 -0.00939934512423292 0.00518206597522055 -0.0734305427065003
-0.123567930949306 -0.0943894454579654 0.0728311139887575 0.0411524472102118
-0.027338056550885 -0.0929622492341713 0.113380217660199 0.10040890987387
-0.0826789506992154 -0.0802345952121061 0.0223357989093458 0.139616961388658
-0.10784030954378 -0.00911789450023885 0.0540614294198334 0.155281515982746
-0.0496228976156183 0.0781574947751957 0.112580377923382 0.0822656969303147
0.0296644314680075 0.0784635029547659 0.11305072903147 0.00447470563159201
0.0678580948240634 0.036053387858403 0.0934704116794359 -0.0464601852136851
0.0708998964930715 -0.0166284133994613 0.0658731345891875 -0.0566461618778808
0.0630680032392119 -0.0336755806561161 0.0431563932179095 -0.027094492225752
0.0599621054132474 -0.0334759468150775 0.0519682515490245 0.00860587996047903
0.078843810006965 -0.00182874180534371 0.0459930264956531 0.0634576582649807
0.0717026390871167 0.05456032050341 0.000646013628869785 0.10615474026195
0.021161843432121 0.0991030611614931 -0.0852551152074373 0.0805692182363177
-0.08962964823335 0.0675864466271283 -0.0815912979371029 -0.005072841570225
-0.10856841750091 -0.0354210136100836 0.00816923732404463 -0.0581578365812071
-0.0618867618338558 -0.0843623731508268 0.0905763335848745 0.0695983365774102
0.0265913968285435 -0.044149724224354 0.134075220099625 0.125401858681674
-0.0172628300540533 -0.0630477225165937 0.0334987570226837 0.133195338355123
-0.0584666833977279 -0.0248072506022746 0.0394717108690669 0.149819522953949
-0.0352565302955815 0.038870985031051 0.0903394379507851 0.0975491654690547
0.0133569736389027 0.0427458056430321 0.117570627279573 0.0282190409631094
0.0338240555957286 0.0223306395979026 0.115156319303644 -0.0382815053662172
0.0415382310747236 -0.00775178876552596 0.0875704068851997 -0.060721795355336
0.0406351328786285 -0.0206268404166121 0.0618867694554867 -0.0362611386288638
0.0410654029333425 -0.0213555601664338 0.0712321047524852 0.000789747601752075
0.053850014904835 0.00092898211484145 0.0658095673317887 0.0593426504688588
0.0483502309657443 0.0414332828002039 0.0183748608243702 0.113039926020674
0.00115662571606408 0.0764714167466073 -0.0771855975996523 0.0929448338628168
-0.0800655021631069 0.0277190049228611 -0.082116710565686 0.00574907183522238
-0.0559331890234811 -0.0550071083977499 0.00473699721503296 -0.0459801498924265
0.00712219811764194 -0.0630530617226909 0.090078683117375 0.0907835453790699
-0.0587620263307253 0.0238643950741215 -0.121067701416646 -0.0988151551882109
0.0170430622245955 0.0491575222987597 -0.0337211470520119 0.0765372502757933
0.0441363192704003 0.000396484344303873 0.109380614336927 0.0115508447159483
0.00475975962921861 -0.0396792730425402 0.10038255599624 -0.116630751328761
-0.0223423382790574 -0.0164045191598535 -0.0241644775253014 -0.152931141132205
-0.018187959849265 0.000422964185152268 -0.103783804739107 -0.0731536639745727
-0.017643964235373 0.00829457517345412 -0.102621902458656 0.00556880287201261
-0.0100902038958458 0.0084780692744091 -0.0870643210964597 0.0450805830637897
-0.00940662690490958 -0.00134449786518468 -0.0956591205925243 0.0700377282151922
0.000148392505344729 -0.00937596210239102 -0.124232439332578 0.048516742852358
0.00459805207835767 -0.00647401779321767 -0.138152061924393 -0.0165491037958442
0.0195031324291024 -0.00176928121584008 -0.0967868290470745 -0.0959072759978957
0.00600579445411975 0.0431263824969191 -0.0463774072558236 -0.153479516725696
-0.0496700477870313 0.0477288610396461 -0.0268504273360766 -0.163696981318476
-0.0865361000635464 -0.0153578811520847 -0.124852751748623 -0.141351444975321
-0.106100875993213 -0.0199458259720978 -0.101253457633731 -0.102064376962128
-0.0461345776765554 0.0483289103030191 -0.0331578558943139 0.0834421836494507
0.00866573500589107 0.0367539307715394 0.120200361096306 0.0260906473303396
0.0181408962822002 0.00380874483298776 0.119681002736941 -0.11694554959902
0.00983116632208793 0.00795184945362034 -0.0158600000706701 -0.159963462758898
0.0198033968701215 0.00208902474336708 -0.0999643651861882 -0.0803159792360138
0.0141823544850979 -0.00900564550181747 -0.101083814589139 -0.00169191528901122
0.0200298247729619 -0.00913042663171426 -0.085038865865554 0.0427777671747389
0.025828413671441 -0.0138089130660195 -0.0884478610443181 0.0713927408609748
0.0452326287145534 0.00261539082609211 -0.11559638975709 0.0635784524982079
0.0331329243356462 0.0369401424507245 -0.142172741038757 0.00789768618852137
0.0113740195414996 0.0507898376576481 -0.116276430588495 -0.0749755937754793
-0.0499929352162336 0.0689695286379338 -0.0607124188605582 -0.138677457674686
-0.122379751510486 0.0249818046250986 -0.0262028395145861 -0.143701534378541
-0.144786277560874 -0.0637964761827617 -0.0996739674498062 -0.110599213419386
-0.136912092139194 -0.0679651381748966 -0.0669491162926211 -0.0855240270524604
-0.110490217707845 0.0312869475274102 -0.0291933478066925 0.0994748519632495
-0.041805588659875 0.0671363501571743 0.129441974631814 0.0583085839913687
0.0212226325190324 0.055766674031 0.147554227570548 -0.0990294754218694
0.0425363371450859 0.0392926133070953 0.00772597232859896 -0.157417659941778
0.0592486076758862 0.00842768321476291 -0.0785868791648044 -0.0872093961770611
0.0466923925991231 -0.0234015953470527 -0.0841455949409775 -0.0145213484427963
0.0475553792794361 -0.0255530824361524 -0.0702693261522686 0.0329016044837887
0.0534609137167796 -0.0271004592251177 -0.0681865817424653 0.0671083789746644
0.0833404059165738 0.00442307850391232 -0.08967099354287 0.079382613479935
0.0676396418314366 0.0624861857408086 -0.128735414206269 0.0449510236677767
0.025625063693695 0.0948855376178563 -0.134172629083455 -0.0352970935191415
-0.0811539659190785 0.106439857919125 -0.0825547661943471 -0.114151130517092
-0.175352812450077 0.0235797198192539 -0.0233809334848126 -0.12585525962776
-0.185832278585014 -0.0903947501058702 -0.0591881051499411 -0.0715408545742064
-0.144488562183366 -0.110461681420805 -0.0186096880850277 -0.0521775533308424
-0.159445687736716 -0.001212585111489 -0.0216644132759 0.11662239061236
-0.0964348634098944 0.0779269533861352 0.128141223773483 0.101261585864441
0.00762538650352628 0.102277249661806 0.17058552587437 -0.0568499765759378
0.0635729737821068 0.0726961015393729 0.0455619685055764 -0.136973982044492
0.0910904978300465 0.0205699464246504 -0.0403193026646452 -0.0904437966141856
0.0757060568655773 -0.0313503794995077 -0.0531391119450848 -0.0300861812858539
0.0682726257851004 -0.0382862049671272 -0.0456427495111813 0.0186973944376833
0.0707524164152832 -0.0381696055429842 -0.0389619213080888 0.0560265106223229
0.105674116814925 8.37302906834197E-05 -0.0534048771926626 0.0871176880150369
0.094451207795886 0.0702734854444079 -0.0988239580561781 0.0778866647111337
0.0460082817252582 0.119863522480028 -0.136129796315086 0.00986087310427984
-0.0903148060349583 0.133641103351588 -0.0967991051312296 -0.0824835848080676
-0.197056703398083 0.0262028321460949 -0.0153287111740697 -0.109368748667493
-0.198871181737605 -0.101012441139576 -0.0101857422355707 -0.0301088816069556
-0.126285960386694 -0.134246414292123 0.0348933377109748 -0.000922305448214068
-0.173699705543368 -0.0421886935338564 -0.00655938913062443 0.132875699641163
-0.136577378074512 0.0619660678111953 0.112103219831584 0.138756844545553
-0.0190154242876649 0.125687387724089 0.17385315696831 -0.0012996911941618
0.0664826299631512 0.0970546954537609 0.0833710665453556 -0.0958162379865727
0.105086592541773 0.033134964759415 0.00906643108114286 -0.0838468445326466
0.0920823433420143 -0.0326527255327136 -0.0127109624845459 -0.0446671350381956
0.0793489194570871 -0.0458852824192501 -0.0143894888233654 0.00204056708039694
0.0767743855963073 -0.0451360172717615 -0.0055220970976716 0.0405100874599546
0.110527159243538 -0.00553113743963191 -0.0136268648028309 0.084831754565534
0.104005561564924 0.0688377534453737 -0.0600585287758926 0.098900428829924
0.0548166392001597 0.124760393987954 -0.123500405076228 0.0474962132135916
-0.0909987473939471 0.13529618680941 -0.0983797628735419 -0.0499780398212629
-0.189027822074032 0.0181371807252424 -0.0046704652959368 -0.0947608509636038
-0.180209264612615 -0.101387581305115 0.0400011402210389 0.00766480603619636
-0.0848055901272996 -0.130010487937221 0.0845764693959927 0.0549840781417285
-0.146738044028911 -0.0743028939091795 0.0109490799299518 0.143839914789085
-0.143404219320937 0.0257878937614609 0.0859255992051958 0.160615431196429
-0.0440978612356403 0.116792571440397 0.1529821174079 0.0506758951299777
0.052821783459486 0.101083876865975 0.108829910240888 -0.0436637957050221
0.0983627685913757 0.0400454371332818 0.058431011066843 -0.0695850070070302
0.0916036183861591 -0.0280747444852773 0.0302366410634566 -0.0555814279122373
0.0778948190203416 -0.0456591647367971 0.0172422224910463 -0.0151858787934745
0.073148750950161 -0.0449061855138077 0.0269308768258927 0.0237732570444796
0.101215528714615 -0.00674510279607776 0.0214289359437478 0.0760004276100813
0.0954000931545658 0.0626945060328157 -0.0250101646335043 0.107879211087451
0.0449057089090051 0.117914849940365 -0.104299778132214 0.0727975455581478
-0.0927463833909575 0.111385971406304 -0.092049296323543 -0.0240105037509429
-0.159068977641843 -0.0057049314110806 0.00365303577309916 -0.0791163531595745
-0.131625447240044 -0.0976707613948011 0.0769534936487642 0.0407820250394479
-0.030884026999008 -0.0986389909864205 0.121213857590168 0.103013484220592
-0.0893889975259365 -0.0831142971664655 0.0255926093409006 0.148292469382831
-0.11450519092477 -0.0071410739160631 0.060056233120394 0.16548884876728
-0.0508318535952793 0.0840298730601802 0.120695568583574 0.0863426924472795
0.0343067413242093 0.0815745405513798 0.120663739177694 0.00187316207006562
0.0727416785156205 0.0364476130374046 0.0976821360569092 -0.0530632431029387
0.0741196046047064 -0.0196752151223371 0.0660712310114399 -0.0627809544932409
0.0649795007207842 -0.0375298865586546 0.0445747632878835 -0.0294066938870378
0.0617119393347951 -0.0373265866381115 0.054834186001496 0.00911563296846825
0.0823142203341994 -0.00467123868335489 0.0504928304124672 0.0676566299745726
0.0765812758754932 0.0554189062956992 0.00292224470490464 0.113719038564607
0.024753683476216 0.103603261395608 -0.0883525296957571 0.0892489823662158
-0.0932163854200419 0.0740525090401876 -0.0863284931472495 -0.00483681300441939
-0.115743596887358 -0.0352103551242478 0.00659096179827567 -0.0629162407342699
-0.0662899525118387 -0.088946735789031 0.0966786226975373 0.0710929848709185
0.0268594711073516 -0.0480306395056298 0.142877547241389 0.129152084487056
-0.0200696991338433 -0.0667054902483741 0.0356254279027279 0.141884194331071
-0.0627180142400705 -0.0242015863999771 0.0448362975750014 0.159452143529819
-0.0357495092695727 0.0420559406785059 0.0975990491248445 0.102204992750392
0.0158117794476883 0.0447554400333162 0.126332199687871 0.0272860269988085
0.0369292246806384 0.0231606773809075 0.120221203618073 -0.0449020658873896
0.0434644502068335 -0.00954789889458956 0.0886832876903939 -0.0675449338356776
0.0420817790062426 -0.0238144043164973 0.0638717330295814 -0.039687073405859
0.042675967206905 -0.0237057415177344 0.0749551205195893 6.79628453065011E-05
0.0570503055343867 -0.0010261049005798 0.0706973968796707 0.0619887118175099
0.0521469804933973 0.0425407367846301 0.0215824194640741 0.120486928717607
0.00330433150990077 0.0801511127770064 -0.0797492548046018 0.10168879470105
-0.0846336650989066 0.0324860051809913 -0.0876356682036848 0.00724570906946275
-0.0611646565083998 -0.0576027721210394 0.0031991032210618 -0.0494813356692322
0.00601199858333554 -0.0676950836426114 0.0967620712406706 0.0929981161581346
-0.0597974903319697 0.02835417161065 -0.131021484937774 -0.0961197202516979
0.0209864233588909 0.049610916091889 -0.0298299077682661 0.0840334028090188
0.0463715165476666 -0.00171024180458262 0.116109765506755 0.00697448533588637
0.00189575017049029 -0.0421115834839646 0.0987302979693429 -0.12734042797648
-0.0251626010707333 -0.015293031637283 -0.0335667053460945 -0.15981656643245
-0.0191204283899678 0.00177492121898369 -0.111664558272285 -0.071206535162415
-0.0173836254459264 0.0103132661391629 -0.104642009245317 0.0110655427132103
-0.00902589123650443 0.00983128177834752 -0.0870823023805675 0.052020274181458
-0.00945669665239241 6.13881168672354E-05 -0.0946523251762623 0.0783289844051357
-0.00074715251165666 -0.00967033044314323 -0.127163112444041 0.0580142773597954
0.00399821084479983 -0.00657829045336867 -0.145585521106274 -0.00960073516907497
0.0194927155292466 -0.0036815500009432 -0.105651905102807 -0.0973315844969914
0.00912866515012535 0.0442091546717704 -0.0558268446822419 -0.159617233586094
-0.0480469302859264 0.052357417509029 -0.0341848681415942 -0.171359563317269
-0.0919609642839798 -0.0124799065942139 -0.133803040652458 -0.141287257029527
-0.111195589164459 -0.0151921984566027 -0.111459497384289 -0.100493024632559
-0.0443046395924725 0.0524355657627931 -0.0292472602154882 0.0912304525235256
0.0111852523920387 0.0371427587773571 0.128076456026932 0.0229786810260853
0.0181235152774916 0.00236544370231881 0.119664766269884 -0.128823719895359
0.0100744948227807 0.00768605437430231 -0.0248278886390422 -0.167524807884609
0.0204606670369056 0.000889391244161394 -0.10792010175814 -0.0791712429186846
0.0138448585096347 -0.00933613304789668 -0.104612433027165 0.0036696034874075
0.0207943426955469 -0.00994481768094991 -0.0850366477640365 0.0489088275927657
0.0258727299084886 -0.0145168231605668 -0.0865983402909263 0.0804585240700334
0.0476215808879629 0.000702205814342525 -0.116787728777757 0.0735415656893594
0.036119217815324 0.0365907933164337 -0.148779430332693 0.0165622259489529
0.0133752240498107 0.0514565959900196 -0.124377045148813 -0.0736446623910987
-0.0471361473794404 0.0737661620853796 -0.0702758462902471 -0.144868253398645
-0.124910757352865 0.032327950911369 -0.0322597654536006 -0.150017205915856
-0.153680379221403 -0.0600240562077585 -0.106861130455448 -0.111216330124108
-0.146495597256529 -0.0643283427224738 -0.0748014044161344 -0.0853911869456555
-0.112346458951039 0.0382539010051535 -0.0243052188249389 0.107672298426365
-0.0400745075562944 0.0710444874871539 0.138990094815479 0.0569360151615101
0.0240924617520574 0.0561070561998701 0.149400725958026 -0.110923437351746
0.0453776566844534 0.0382704104702243 0.000453600927646533 -0.165564071588542
0.0614810082553163 0.00547417876534188 -0.0860616760430216 -0.0878902894130627
0.0467711555699872 -0.0260333084576733 -0.0878841294529554 -0.0103686277530164
0.0478465375475525 -0.0288880979407203 -0.0705394372529115 0.0381339482729631
0.0534650634772305 -0.0299124260232447 -0.0659811304245367 0.0748623879863222
0.0862691579411779 0.000371109883484185 -0.0887024980433212 0.0887377992176017
0.0732862898755172 0.0613219093882971 -0.132649588606479 0.0557473539151016
0.0306140296677208 0.0964461046497589 -0.141635294101917 -0.0302062778012398
-0.0782535640362419 0.113911848771684 -0.0924738660054359 -0.117793344458957
-0.179850594353232 0.0331863622177201 -0.0291421805872293 -0.131559717197822
-0.197355968045838 -0.0872486814500423 -0.064127509023276 -0.0712825069050783
-0.156182288400599 -0.108636285790574 -0.0219455331809382 -0.0539948547863329
-0.165191466348122 0.00656825959520934 -0.0166745544034418 0.124851662872839
-0.0965396425415631 0.0848281214254621 0.138944331554753 0.101566918834471
0.0126646009622765 0.105268072962906 0.175933795603268 -0.068713963665844
0.0695852723984628 0.0716335120032056 0.0409258370403113 -0.146042661119124
0.0949630312769944 0.0161172743174092 -0.0467473354656887 -0.0933619067375432
0.0755404492147434 -0.0361340060204697 -0.0572907126720759 -0.0289729908962034
0.0681620047947047 -0.0431389167842492 -0.046116743257946 0.0227594032580352
0.0704535331579128 -0.0426513001426828 -0.0364056296843026 0.0626245925582917
0.109236045096224 -0.0059892537047485 -0.0495068245071182 0.0949911627206755
0.10138875066008 0.0683535187685667 -0.100081551175463 0.0886371374537325
0.0533439246700769 0.120674885187448 -0.141769884180328 0.0178470038099269
-0.0871755372847224 0.143143428239717 -0.105539627365721 -0.0838613548148215
-0.202774451561321 0.0376233414998123 -0.0201730734329476 -0.11522514959261
-0.210534225783529 -0.0964396120209097 -0.0112785520599098 -0.0311182691097014
-0.138136677316376 -0.134560242740849 0.035636995523482 -0.00323540047672592
-0.182275890567078 -0.0349632798892038 -0.000730785217265072 0.140690707621577
-0.139315446891961 0.0707338742464203 0.123544534622858 0.141755914830914
-0.0142195417416126 0.131028402520763 0.181303088527287 -0.0100712720425256
0.0743436517246736 0.0970229582658161 0.0826652006439272 -0.10498919193758
0.111286110534543 0.0283923970981389 0.00528894361291645 -0.0894668239739725
0.0928422856057723 -0.0390958367991991 -0.0161506198750007 -0.0458536422038418
0.0789020840138712 -0.051425506764285 -0.0146286018118121 0.00339952929243013
0.0761634035554177 -0.05047759485568 -0.0027866917844578 0.0446141259871469
0.11395300257123 -0.0116265505911051 -0.00842338798419049 0.0902401222248363
0.111292094409922 0.0655335521743061 -0.0589401360438941 0.108268012154488
0.0624021645178444 0.126000426279487 -0.126589930678688 0.056976958051615
-0.0873391393406648 0.145129895067465 -0.106072918839998 -0.049524703347687
-0.195066958126545 0.0286834970384522 -0.0097562248687556 -0.100614534461352
-0.191110792534306 -0.0989066112422142 0.0417909508555866 0.0053251700596258
-0.0948974451511494 -0.132688833560599 0.0895817809764838 0.052804138913278
-0.155825424446315 -0.0702377096330586 0.0170922120726949 0.151377803078264
-0.147939163136534 0.0339504124645489 0.0970881296275037 0.165231721758358
-0.0399252163906826 0.123063096172139 0.162164604356778 0.0456805889019323
0.0603475561259075 0.101961914173745 0.112420975787016 -0.051265070533571
0.104167533318529 0.0370028734525117 0.057088658897336 -0.0767783260968135
0.092087647362236 -0.0339552728381914 0.026900673900119 -0.0599768693388566
0.0776545337504701 -0.0516046545769936 0.0171854139126588 -0.0155995843165123
0.0723081301443859 -0.0499920368448691 0.0295091826607907 0.0254237618565312
0.103985250111123 -0.0125878651192706 0.0272260880505986 0.0795705496308012
0.102398798100671 0.0601395113145641 -0.0215973285520641 0.115931683754968
0.0524866273614653 0.119129555994124 -0.105393138542039 0.0822905603955822
-0.0908099083022037 0.120886908652341 -0.0983323742086399 -0.0222771700720761
-0.165572009097863 0.00161232502839654 -0.000653604379720014 -0.0846236674829521
-0.141185176827507 -0.0971646758521784 0.0817142379915536 0.0384552947884995
-0.0372903209245802 -0.10206283670352 0.13050925022322 0.101655520054652
-0.0967483278417983 -0.0828720771416893 0.0321251322660878 0.154563589263668
-0.120058566219173 -0.00166793299244052 0.0705736943271402 0.17162331163451
-0.0483354636910658 0.0902865820748406 0.129609437353403 0.0845924368021
0.0400393819363968 0.082889791748469 0.126979403249129 -0.00378893691083291
0.0782712104898101 0.0341462425708976 0.0979662783650191 -0.0618196349769044
0.0752717144596498 -0.024344125571702 0.0638683667917235 -0.0697942321105114
0.0645878089892716 -0.0430379815766029 0.0446669936527511 -0.0324637838169627
0.0612561372588544 -0.0421332114243333 0.056895885219673 0.00834193384035336
0.0851106348954682 -0.00913937180102256 0.0564132807418916 0.0687421775569043
0.0824291333986424 0.0528402349883204 0.00780004757400864 0.120325766348681
0.031208427930807 0.105208311140999 -0.0879382987730442 0.0989817350331252
-0.0936344385506226 0.082525147099812 -0.0915692726504103 -0.00243564914748283
-0.122021075854117 -0.0314252719628478 0.00324674326516552 -0.0677252421985367
-0.0730001052569747 -0.0905633982634406 0.103306382808084 0.0686897728339199
0.0251117598747235 -0.0522245165410451 0.154002413901339 0.128150915195422
-0.0241183047379322 -0.069016665680356 0.0419912306948222 0.147401141606932
-0.0662101448059416 -0.0214277212239275 0.0539342947411855 0.166046008074996
-0.0346363860841381 0.0458878601040569 0.106315560130146 0.103758178238545
0.0195517917965909 0.0454941757252633 0.134968353054114 0.0225964663805284
0.0397813033710206 0.0224211410263273 0.122140149998466 -0.0546682610927369
0.0445435197593169 -0.0124686749830601 0.0869700131468013 -0.0755753759631373
0.0421744372384076 -0.0274566337621468 0.063856314667785 -0.044260908528167
0.0426838448514298 -0.0270439840694813 0.0776974835639665 -0.00224289670674676
0.0592313184763378 -0.00391828519145813 0.0770480366278512 0.0625073178042261
0.0567063949221501 0.04123182897432 0.0277464986274748 0.125827679601217
0.00825352860893096 0.0830201860079444 -0.0787518114987604 0.111157615625982
-0.0861098349956183 0.038372682694655 -0.091255957276197 0.010937432552913
-0.0666783178254564 -0.0577822227017883 -0.000496419155045662 -0.0529715470009528
0.00340773240868595 -0.0718799218295052 0.10448106905483 0.0914468577211819
-0.059656873029783 0.0323910308583972 -0.138713889450823 -0.0896068927234805
0.0247732120462976 0.0488719042217874 -0.0235924210153933 0.088842096121831
0.0471672930797769 -0.00462202650470599 0.119915728278996 0.00241283375867261
-0.00158173367510067 -0.0430679193102066 0.0942327608514501 -0.135069144011916
-0.0274256729171257 -0.0141519248171374 -0.0433565183988107 -0.16224488386555
-0.0198173439274296 0.00327494702702613 -0.116959698760253 -0.0669425517571731
-0.0162568252173895 0.0121290923605261 -0.104579879244913 0.0161364430497378
-0.00832157718192642 0.0107958610170374 -0.0847529774419803 0.0571714696170311
-0.00947899386292216 0.00117652173717095 -0.0895305407513634 0.0856814054784405
-0.00170609601617419 -0.00949743158884226 -0.125505390302537 0.068150137029477
0.00324999849027365 -0.00650728955282407 -0.148627114950753 -0.00118165703843626
0.0187214700784944 -0.00530989406219175 -0.112666757251756 -0.0958678004750299
0.012542255746243 0.0440380883548063 -0.0660662794229359 -0.16291246559272
-0.0449184636428332 0.0550405373906595 -0.0407721999676517 -0.173059982427582
-0.0942820448488318 -0.00789275623075573 -0.140739133418915 -0.137422643816148
-0.113949700666131 -0.00958744549455722 -0.119094166199155 -0.0959144805524809
-0.0413621206322431 0.0553836140610917 -0.0227575605476666 0.097002220249877
0.0134900919494271 0.0367485964178214 0.132649116327843 0.0183975582579753
0.0169892000510493 0.000810352960462308 0.115027271564121 -0.138097767936865
0.0100573482680223 0.0073299281004873 -0.0353167125809357 -0.170778844581375
0.0201208111714491 0.000254701719871849 -0.1139189931297 -0.0751540303436266
0.0135703010474706 -0.00913264512335933 -0.10487015227579 0.00956492148655696
0.0208092229658718 -0.0109583923045395 -0.0824267998531358 0.0544340092418872
0.0256724544240913 -0.0155026903637732 -0.0817583567678173 0.0878297859306255
0.0479541994169548 -0.00184793430165846 -0.114457249326937 0.0832700423310385
0.038431372007211 0.0354319280856035 -0.150976651390185 0.0264414135986775
0.0153916865719996 0.050588906288002 -0.131107788646137 -0.0697860787689881
-0.0436243417399263 0.0770563295543879 -0.0800575660249498 -0.146963833482835
-0.123221564360678 0.0388640323247549 -0.0395324738445326 -0.152252979548209
-0.160107646255671 -0.0542900784390717 -0.112611441201422 -0.107191954524361
-0.152067317379973 -0.0577231309205259 -0.0803091216910024 -0.0832197873546846
-0.111050055184059 0.044977851776779 -0.0179821860619366 0.113361942684638
-0.0368751022971723 0.0739731874523751 0.145908846383732 0.052135842451375
0.0266402046130686 0.0548606693878547 0.146493069334105 -0.121547654907399
0.0483224180757019 0.035978570257367 -0.00786498215146325 -0.170379064717613
0.0624175006532028 0.0017700544351234 -0.0923535577224703 -0.0857814306039287
0.045888976880238 -0.0281649184651867 -0.0897689825573715 -0.00582728297086038
0.0466277653811648 -0.0312717954812321 -0.0684971403839051 0.0432625289916131
0.0519575862260984 -0.0323818259417103 -0.0608644068696472 0.0817226557577612
0.0870547924354285 -0.00417250095078241 -0.0839897888436387 0.0966201848085081
0.0773089835840657 0.0581832885833182 -0.133444433991839 0.065727772729639
0.0353527942480658 0.0951503330086625 -0.146080447602114 -0.0240222211742952
-0.0729757443779481 0.119539755833954 -0.101595524765806 -0.118050578740421
-0.180240740802694 0.0433270653718869 -0.0353497814277789 -0.13361612276704
-0.205513253942471 -0.0796688506147408 -0.0671846219949288 -0.0693311754078653
-0.164773748253828 -0.102459161598459 -0.0252831416513014 -0.0538373027874492
-0.166348703525681 0.0157664340051793 -0.00978535578905964 0.130813802187301
-0.0939289137753741 0.0913642027500032 0.148349285745848 0.098347965799856
0.0178146077299814 0.105364962441564 0.175481671387768 -0.0794599836483854
0.074670095411077 0.0683631328363182 0.0342916132867413 -0.151829230748329
0.0971397113463775 0.0106324315695948 -0.0525296824691299 -0.0933105635040834
0.0738436751302874 -0.0400109950923063 -0.0602304306721302 -0.0254529541256594
0.0668773840024856 -0.0470162154089222 -0.0446753647954813 0.0260208927248044
0.0679287208374112 -0.046116617543029 -0.0320263461510184 0.0676248094526102
0.109848074668705 -0.0120414954381262 -0.0447100307263864 0.100787979127342
0.106404142320055 0.0637145588019361 -0.0970982776400359 0.0981511499874536
0.0593697486351175 0.118481403516581 -0.143571529730819 0.026092423046772
-0.0801042101757658 0.149568536221504 -0.113585362249138 -0.0823484584033672
-0.203451583398113 0.0494612504295681 -0.025786029176866 -0.117927803190521
-0.219613021153138 -0.0898729386481363 -0.0120847942363856 -0.031061163962945
-0.147809828749427 -0.130034801931073 0.035865426234159 -0.00532624151952854
-0.186816281591803 -0.025644974968116 0.00610115594238931 0.145595841772815
-0.138066235985702 0.0794181068256294 0.13352364078068 0.140723390777569
-0.00791199780646168 0.133489568359347 0.184967144145984 -0.0197915868281069
0.0804819963696056 0.0939658102886042 0.0796852600500767 -0.111813720992556
0.114217898596761 0.0222889693300073 -1.09659167423377E-06 -0.0925451168927126
0.0907744750408295 -0.0434222490942908 -0.0207054390923605 -0.0459769481374868
0.0764650829946396 -0.0562971134170973 -0.0142482344167404 0.0046961438567054
0.0733937502904068 -0.0542221746289451 0.000791432901052916 0.0475422275004726
0.114652061055594 -0.0181685563217793 -0.00223465330621172 0.0936499235208084
0.116732358886408 0.0598227653911233 -0.0546635298637579 0.115908010137754
0.0696026932403871 0.122793003633154 -0.125546767314698 0.0656576264307238
-0.0802624494762611 0.151621456485428 -0.111912547426577 -0.0470829145680597
-0.196471465490101 0.0392902304155339 -0.0148115399834567 -0.104034651344343
-0.199449421651522 -0.0921256489989654 0.0430434274762141 0.00311925554125863
-0.104447168806384 -0.130565414364373 0.0936012414550176 0.0493034775715163
-0.1614482257374 -0.0633497883708621 0.0237526712460018 0.154562670687456
-0.149152545460248 0.0424034400568589 0.107725127716619 0.166263437127787
-0.0347157242136226 0.127044494111904 0.168046713233302 0.0388670442039598
0.0668758327056556 0.099646537326781 0.113339782731866 -0.0587955986717302
0.108122730269844 0.030651984785356 0.0531436564180914 -0.0824711189426045
0.0908779959364652 -0.0395620635198851 0.022484865532638 -0.0628076236021561
0.0751559816611042 -0.0564066438902221 0.0164068124077438 -0.0165870363989975
0.0695843831912203 -0.0544498334590096 0.0321873974719246 0.026108488516125
0.104748707657339 -0.0184827831534089 0.0332449479297488 0.0806492494020346
0.107260932645049 0.0553726338567688 -0.0159174783589558 0.121809064666998
0.0592017285909535 0.117145752456006 -0.102776454193108 0.0907246328562084
-0.0855599394717973 0.127681843841821 -0.102532801423634 -0.0194049102938774
-0.16787677192694 0.0104598234344418 -0.00506478225061977 -0.0875618121842589
-0.148103246415049 -0.0938377074251047 0.0847482729191456 0.0343873926525281
-0.0434178086553618 -0.102780471714369 0.136749182985536 0.0966514724089771
-0.102416520537203 -0.0792117759366271 0.0385310782722935 0.157415767030488
-0.122436954284176 0.00484737790869138 0.0803062046097069 0.173397553776445
-0.0443025078963923 0.0940641664820078 0.137398046179835 0.0808306170088422
0.0456353021626225 0.0812309405918323 0.130675623208587 -0.0101952191843359
0.0818228913022774 0.0300075531748262 0.0957853323902635 -0.069753995038167
0.0741042479072946 -0.0292218161873325 0.0590911308754755 -0.0745467601959914
0.0623320615893914 -0.0476153974895911 0.0428702049414446 -0.0351761037608125
0.0583153606807682 -0.0459168898367249 0.0587578525838906 0.00736848963431459
0.0854001746650428 -0.0141449696475885 0.0614447913061189 0.0682220347155826
0.0863586692493871 0.0491042750289767 0.0133145934332638 0.123925277175262
0.0369623282980794 0.104102797239878 -0.0842008170003079 0.107011804497897
-0.0899714620791404 0.0890128578671668 -0.0944158543152192 0.00130972810840563
-0.125946496758285 -0.025970648414049 -0.000955363942941286 -0.0700664413313848
-0.0782686163428085 -0.0902418947362947 0.107366259068695 0.0636254652275258
0.0230982144394103 -0.0550229137940114 0.16208799145249 0.122915421181627
-0.0284841330211092 -0.0692822653287184 0.0473951979904304 0.148447979458683
-0.0687252054297769 -0.0178421909793032 0.0634829691274979 0.168413406349671
-0.032118869811266 0.0485181538676107 0.113761867140031 0.102160214425784
0.0231368190192713 0.0441497115643976 0.139426979080127 0.0165946104035556
0.0427299580127969 0.0200053794933863 0.120223376105805 -0.063614972150614
0.0437164173617668 -0.0153767910386185 0.0817235018836304 -0.0822015370925957
0.0405029816947356 -0.0308590111611233 0.0615527136729309 -0.0477329493508987
0.0410716523862921 -0.0299137822271681 0.0789671352373071 -0.00540002075195919
0.0593174832357101 -0.00762243229647839 0.0817192658536408 0.0605405926652993
0.0595836480940627 0.0383328104865891 0.0339825517299627 0.127961855826194
0.0133448179233151 0.0836702526746097 -0.0740447833610235 0.118615502755953
-0.0852172652238193 0.0440825611220592 -0.0939530241433951 0.0145781931615511
-0.0715484976352419 -0.0559005059773765 -0.00418529251636252 -0.0552306146298017
-0.000176350922953905 -0.0746992131751116 0.109854038246819 0.0870884157773213
-0.0578730960736708 0.0351724557018054 -0.142248838385657 -0.0835061284836914
0.0275705387686621 0.0474173010114571 -0.0183910477760582 0.0916673190928328
0.0476819276374736 -0.00721741731081837 0.122120709712098 -0.00173840054674274
-0.0038425235566697 -0.0427422100139565 0.0894300108823042 -0.139233658795677
-0.0286962765605637 -0.0129348719920225 -0.0511002549315628 -0.162045142621127
-0.0195457859282665 0.00508170996005373 -0.119536673469227 -0.063527030037868
-0.0145950465604165 0.0134789102631123 -0.101733114023371 0.019898712430357
-0.00683286187377613 0.0111602294672022 -0.0814490956694904 0.0603704253917438
-0.00890014867721196 0.002602150856601 -0.0845815046784499 0.0894517117036869
-0.00225726955218746 -0.00864746657711891 -0.122535469471092 0.0740272866485736
0.00253375387594852 -0.00660068933920763 -0.149713186390113 0.00543607696886786
0.0177695749366378 -0.00622711907748141 -0.116546037476668 -0.0939643478484805
0.0151592492139477 0.042614875309536 -0.0734788074161217 -0.162922130285625
-0.0418887906620941 0.0561764167220079 -0.0453537812486407 -0.173367148201354
-0.0966219352995856 -0.00448365813838239 -0.142845075360526 -0.133643608079562
-0.11454686112781 -0.00504762686929236 -0.12245652330126 -0.0911875113525458
-0.0382949615098255 0.0560712561359665 -0.0170888762219792 0.100185033163842
0.0150897474716108 0.0354473644004038 0.135543792622463 0.0145169763651221
0.0166025504215192 -0.000311944109619224 0.110583952300208 -0.143287446633714
0.00956848896107144 0.00698210374116526 -0.0425730774989574 -0.170787599881553
0.0194788725610005 -0.000262330533471023 -0.116834089771941 -0.0711798248214296
0.0138327011150029 -0.0087721788253881 -0.103057174334739 0.0137223344432008
0.0208067686919735 -0.0110345921621601 -0.0791660672127636 0.0578002953368122
0.0247844401509566 -0.0156067334615455 -0.0763662454919253 0.0919945495499346
0.0469521285834537 -0.00329002108606435 -0.109946306872752 0.0888598469115325
0.0388469499049944 0.0339808234539139 -0.1503123229796 0.0338061715702257
0.016303174917825 0.0495435669714073 -0.134554703382295 -0.0670205169693331
-0.0399450773777321 0.0774158306545512 -0.0865802503243771 -0.146712552561016
-0.12101010531566 0.0430501814490497 -0.0427126165781078 -0.152578842131047
-0.163404350516514 -0.049239838326512 -0.114542370047015 -0.103805531551304
-0.15516848262707 -0.0525176207358655 -0.0840806269713964 -0.0803207306405341
-0.108128813530693 0.0490968783385613 -0.0123160420734588 0.116419480007599
-0.0337818695032605 0.0746282501790504 0.150162553690812 0.0492984048533041
0.0277490010026847 0.0529259356830894 0.142352803294709 -0.128130476905079
0.0485025082295341 0.0337969520778723 -0.0158537926158126 -0.171397320391047
0.0615629957362095 -0.00050570324477641 -0.0962323528977874 -0.0829974642239427
0.043900569169048 -0.0287204393816612 -0.0895258414518942 -0.00200935455587067
0.0452730150209389 -0.0327395856891528 -0.0658253111674919 0.0462209754673308
0.0501908101468274 -0.0332840987683204 -0.0555182677247173 0.0854835457414817
0.0864920299943453 -0.00712529572713739 -0.0796269425131471 0.10179589675146
0.0795316586743273 0.0548141487548115 -0.131097870235376 0.0732879600433241
0.0371814182124162 0.0928050139609582 -0.147558404128609 -0.0193218207877098
-0.0680085115135103 0.121811513909716 -0.107677462714277 -0.117224752251894
-0.177477486978997 0.0497707417129344 -0.038930033381097 -0.134863945336565
-0.209075133371979 -0.0741168418090982 -0.0677985678863963 -0.0676409196218122
-0.169263415186304 -0.0965731210840795 -0.0279362912689843 -0.0528212536086822
-0.164261215951986 0.0224886157218205 -0.00430004839950307 0.133488945360705
-0.0902533977964808 0.0946535906798113 0.153336811919224 0.0960392164380337
0.0212068007589305 0.103992589911955 0.173460050989036 -0.0864014815694241
0.0766375455780637 0.0650821456077576 0.0282080444300046 -0.154649106812529
0.0969205618002068 0.00656877265860187 -0.0569803110878771 -0.0926657107092844
0.0713124343091728 -0.0417218414844712 -0.0617785179611918 -0.0227684099938669
0.0642462400655791 -0.0493503959596285 -0.0426000971895736 0.0279556874292908
0.0656083251785776 -0.0472881636251483 -0.027396221620247 0.0704570042135587
0.108827497085828 -0.0164280578742706 -0.0393167517232157 0.103784269497791
0.108941764217784 0.0594281213492036 -0.0941988503991936 0.104702309961288
0.0626473338013905 0.115231980777771 -0.142564852858282 0.0311335798684957
-0.0740059157880696 0.152154800628813 -0.117940145889186 -0.0807382410835994
-0.200528430824243 0.0565674712315343 -0.0296382088465622 -0.119779157015886
-0.222757726505697 -0.0834804749335546 -0.0125575896751784 -0.0318347423328023
-0.153226149517437 -0.125153448873165 0.0355102807497294 -0.00718683645326025
-0.186429796035416 -0.0181225008636711 0.0114408816194847 0.146805800327012
-0.135245875338277 0.0842920626176706 0.140185493427358 0.139429354595041
-0.0029802931408362 0.13319864338276 0.18505069719707 -0.0267655997944714
0.084580474387119 0.0903712960565849 0.0758307589324616 -0.11608315826606
0.115272417000766 0.0172954568586441 -0.00461919653085819 -0.094367576394689
0.0879726400582404 -0.046273556229723 -0.023195738995847 -0.0445827734085385
0.0732410294483461 -0.0592170795267036 -0.0136459791938584 0.00583238557720672
0.069900436948998 -0.0558458680803012 0.00417703952552702 0.0494250111058667
0.112780604410265 -0.0223090240902663 0.00204118510087396 0.0947700796804771
0.118536832956065 0.0549414417451713 -0.0502325611626495 0.121049696555916
0.0729361585970644 0.118785648036992 -0.122568229447906 0.0714030709140649
-0.0741156301781317 0.154974649202291 -0.115206213115495 -0.0451539260544692
-0.19452731921568 0.046324598036769 -0.0185936852653226 -0.105744544703859
-0.202715276478557 -0.0869177472561293 0.0429956118054726 0.00055535506014189
-0.109232664227582 -0.127201126113586 0.0949184852468764 0.0448786584448948
-0.163060263809612 -0.0573642496666662 0.0286150847778587 0.15566093966709
-0.147887132846693 0.0475204420424315 0.114854399826082 0.165560422606748
-0.0300708004903006 0.128194374841452 0.170227352351323 0.0333938112397935
0.0713197774622111 0.0965603709025285 0.111738584668508 -0.0631669174429728
0.109564243793359 0.0257340176874118 0.049294720856718 -0.085641794465533
0.088151102740578 -0.0418633770988841 0.0182614037436075 -0.0633919275644424
0.0720927626120214 -0.0598242251547583 0.0158605561616479 -0.0166886988689411
0.0658855968775822 -0.055503656931188 0.0346017978543157 0.0264854015770608
0.103221026108139 -0.0226686703691443 0.0373800128727742 0.0804920799639667
0.109217141131073 0.0504976008381184 -0.0118346023713274 0.125303216365683
0.0626357095050027 0.113792951710206 -0.099343804503501 0.0959463738585841
-0.0798650040326861 0.131176149470828 -0.105250824323471 -0.0174771958890305
-0.167447144196213 0.0158874479088259 -0.00934530436619146 -0.0900018629784379
-0.151295168690921 -0.0902928351064303 0.0853869392336526 0.0302959212755763
-0.0474715304624578 -0.101912051816376 0.139668332998755 0.091437669689096
-0.105433665125666 -0.0755403349395239 0.0424820636358591 0.157618142232344
-0.122220232257527 0.00982969210029331 0.0870322791040281 0.173186883865651
-0.040127997503701 0.0959733094595368 0.140543360696383 0.0776594967109703
0.0487122866293617 0.078520937398481 0.131225846118589 -0.0152824791000889
0.0831843273735355 0.0262932559268698 0.0917254602168612 -0.0741838052251086
0.0719112833138033 -0.0310892052562943 0.0539495539086735 -0.0765315465633583
0.0594292540539611 -0.0502090043152713 0.0412361363646694 -0.0361376318214585
0.0555403108761221 -0.0475406918907517 0.0601858944718803 0.00622543045816367
0.0845702726867645 -0.0175063268146603 0.064620567702828 0.0666670856973987
0.0884895182161691 0.0448481867804396 0.0178755054631871 0.12614539964686
0.0410698215359082 0.10245157190464 -0.0802358663645412 0.111146624490562
-0.0863401368600207 0.0927165194736851 -0.0955980643185104 0.00280798258503795
-0.127137672933781 -0.0221939701670494 -0.00433359941567104 -0.0714074493621944
-0.0811764751779434 -0.0886054278082604 0.109237980887183 0.058479664159343
0.0207868131377753 -0.0565594333392788 0.165328160644552 0.117338375772359
-0.030839541498332 -0.0688590202868545 0.0507100384585365 0.148593189472761
-0.0692514816698419 -0.0147980721074328 0.0696511676693302 0.16852996900211
-0.0295161408054044 0.0497242964877239 0.118765412797395 0.100218496715355
0.0249368232179243 0.0425946789644163 0.142005333669404 0.0108375044242402
0.0441012180053814 0.0178203989175078 0.117084542022764 -0.0695059639972346
0.0428446465273591 -0.0171498507695122 0.0770417900297421 -0.0851638093168229
0.0387883699432118 -0.0331925905973497 0.0590457797190946 -0.049640182078907
0.0392779253806574 -0.0319899542872947 0.0787628943387641 -0.00740427059969946
0.0592133274529831 -0.0101922456937261 0.0839869200022725 0.0580899516655972
0.061272065147515 0.0356189453649978 0.0391911159068446 0.128941254766959
0.0166121477371807 0.082733046329838 -0.0698276660647027 0.122125648116865
-0.0832940864781379 0.0484966380617093 -0.0945125351129468 0.0170026849262385
-0.0741533810684663 -0.0546673459210006 -0.00761038905987627 -0.0559118170060425
-0.00329553117760184 -0.0759970446462913 0.112277781796154 0.0821936456173676
-0.0703325673805709 0.00655798793861736 -0.0913703839862933 -0.130267582211893
0.00461244609870672 0.0545436898799367 -0.050093389401897 0.0784053886587236
0.0476378545328498 0.0134867719211684 0.11494186313303 0.0482049745768244
0.0134162400717085 -0.0404729096006114 0.139432314651353 -0.0933839319018516
-0.0211205505389923 -0.0218326784844369 0.0198988847895851 -0.170533119825418
-0.0196604822158842 -0.00331163982064442 -0.0825432324729499 -0.107682173123185
-0.0185309977012604 0.00668470934910698 -0.100302810182242 -0.024013206003346
-0.01105222714398 0.00844143973663739 -0.0979854427311518 0.0220552142850742
-0.00852212408099826 0.000253592242882327 -0.112785160335006 0.0477008431303847
0.00114602330921091 -0.00745065866274943 -0.143425727997722 0.0192260830191546
0.00298057542757818 -0.00336575741018076 -0.138655594581758 -0.0565970123194164
0.0162067369774453 0.000889606943294088 -0.0670920262345479 -0.137457170999875
-0.0036851010242232 0.0452344554888561 7.51089265214486E-05 -0.180288158280056
-0.0611472808435733 0.034141105749189 0.0282496452112188 -0.179384032650317
-0.0926696469485656 -0.041343334665792 -0.0722440938239483 -0.187086802536011
-0.105091015842703 -0.0567928311967426 -0.0731287243313682 -0.121866955394159
-0.0579990419278736 0.0337999791368782 -0.0531972616185529 0.0900590541230516
-0.000803761237552268 0.038681709316803 0.122921914144293 0.0722362924661292
0.0132660726818127 0.00579905200708491 0.162910856066071 -0.088937983829313
0.00441181116356686 0.0117037598675206 0.032857679257967 -0.17619155044325
0.0173798483910206 0.00837699618942861 -0.0763109980715644 -0.114755616249497
0.0160549180418826 -0.00155593679270534 -0.0988617498877561 -0.0300878430119971
0.0235285145305793 -0.00136934724029948 -0.0948296088584198 0.0209635027504687
0.0289626636734358 -0.0024519798356465 -0.105334109683762 0.0546548268991516
0.044626439828057 0.0169523872508511 -0.138019736799333 0.0387316743879327
0.0220175158883105 0.0485434620596755 -0.151520828974512 -0.0295500750611207
-0.00781333791539226 0.0520121851240314 -0.0954771844298937 -0.118651415859996
-0.0691742037684416 0.0567348838007812 -0.0198722726881758 -0.17225089953387
-0.128890142036734 -0.00779322537186258 0.0214538757396037 -0.163978619673748
-0.137532434659986 -0.109077939136113 -0.0545423161236422 -0.150898704226947
-0.1206986826177 -0.119702406380056 -0.0460652867169901 -0.090649142798961
-0.11804632764701 -0.00357076848239699 -0.0572004519018462 0.111033087234283
-0.0622595064211192 0.0529268622031066 0.123843118850047 0.113958225744007
0.00075385945723832 0.0582436679283184 0.189791117447949 -0.0607610160797536
0.0281240655213218 0.0523028064283223 0.059803046150554 -0.166785187505729
0.0555481636751323 0.0256448517335855 -0.0516129845215715 -0.118043173833569
0.0512695201782502 -0.00716146183766797 -0.080051351926875 -0.0397457224825422
0.0546312273456002 -0.0110454003141581 -0.0784932042588513 0.0158659033698812
0.0587817495185328 -0.00865648743745845 -0.0836599019427225 0.0579581811385259
0.0824098549742586 0.0278594826481807 -0.114579224535064 0.064421433746217
0.0511108744401967 0.0836255174989367 -0.150378328183323 0.0151629756155146
-0.00467830722954235 0.100717386171902 -0.127431803067231 -0.0789913356411875
-0.112620702058307 0.0880140380601064 -0.0520105552517947 -0.154637543797564
-0.183819179748071 -0.0229485184867002 0.0162606629153645 -0.148706406708788
-0.170080654026358 -0.149251618784371 -0.0254749412292881 -0.0995401594727274
-0.11419680239393 -0.168580307971702 -0.011075303239898 -0.0401915358100795
-0.156760133425896 -0.051723416957094 -0.058974329457091 0.133019011408512
-0.122889279510273 0.047623362786858 0.107221437889286 0.16388215318796
-0.0271627851720077 0.100933628235335 0.204761747322752 -0.00786397241913451
0.0401298541028099 0.0918104742320466 0.0957491616015016 -0.133990968227099
0.0843426519236142 0.0458711147426292 -0.0105066445507441 -0.111749550986914
0.0803723891924782 -0.00750541848671168 -0.0471311636937035 -0.0476693872492276
0.0782532011715711 -0.0188000259326313 -0.0496167897816298 0.00881885239931919
0.0777411829759561 -0.015843962412989 -0.0514003000963178 0.0562020773341263
0.106385658863786 0.0284657462471989 -0.0779117437881484 0.083026291805666
0.0776730803635775 0.098537150222533 -0.129628909307174 0.0596426614589912
0.0107685774438398 0.131854750062498 -0.145005936583495 -0.0293028533637039
-0.129883771986982 0.115007564890946 -0.0777767813177834 -0.125036201685431
-0.20767751492176 -0.0242910372536814 0.0175255743713941 -0.132323686158932
-0.178722840827102 -0.164333674627909 0.0107280850390516 -0.0436142066361522
-0.085734097500847 -0.187424760813436 0.0245724189533353 0.0271321036792414
-0.159059844741589 -0.0986418299363225 -0.054274989278242 0.152210713702862
-0.159035615180579 0.0185180431118302 0.0758047432434036 0.20115005542874
-0.061240791541166 0.116588260857972 0.191444537885469 0.0553780905289969
0.0360928872882196 0.117514325561195 0.125082348198747 -0.0783219270610004
0.0964762766389484 0.0636245022897818 0.0386550156539948 -0.0923655528988184
0.0971649507881388 -0.00524255479920679 -0.00311904015872251 -0.052136799411549
0.0907905894195225 -0.024309545871795 -0.0144852744821361 0.000371573531967414
0.0857231592658585 -0.0218111022152822 -0.0139189675344298 0.0496948044291728
0.112951859621759 0.0238057239686016 -0.0356119800746221 0.0909452993374063
0.0887239315195478 0.098135914449839 -0.0963986500901339 0.0928650764302609
0.0194644539132559 0.139404343023706 -0.143580600214163 0.0167313541148795
-0.129908088645742 0.117916391091368 -0.0903193643231854 -0.0914668040740441
-0.198260323908578 -0.0310390435857022 0.0219962667679781 -0.115866007939965
-0.15633333072346 -0.159390250279566 0.0477610047908723 0.00926007140579119
-0.0433211679319502 -0.169966047813985 0.055304599457859 0.0953190552897089
-0.120542835653603 -0.124191438401446 -0.0452285243306949 0.165532920009324
-0.155126314790949 -0.0207550851306626 0.0370265088116772 0.215015123148726
-0.082859094609012 0.100719349430733 0.151852058904588 0.107009397643744
0.0217327018328336 0.116963010605295 0.135563807097567 -0.0138998224796591
0.0882470617941516 0.0685457352286487 0.084277501696632 -0.0621095465182468
0.0960992957826214 -0.00131875899522851 0.0421961071421396 -0.0520467588820389
0.0893779423270989 -0.025795368020197 0.0207462788966587 -0.00858398718827108
0.0825667303358525 -0.0241436173085043 0.0222077147122245 0.0408972075325085
0.103739556098505 0.0193400662377262 0.00178920324083471 0.0923456407683492
0.0823695193681131 0.0897917290728996 -0.0629780332330288 0.112731487341687
0.0127814402395835 0.130335774571334 -0.132228768103205 0.0496198614567175
-0.126085687755351 0.0941097645218586 -0.0922041039735664 -0.0618591059899984
-0.161931776038107 -0.0499163213810257 0.0254312984976653 -0.0960604235103722
-0.107041810902753 -0.142692633542439 0.073390822375 0.0572511742054849
0.00280251754885594 -0.117324006749297 0.0784009818821597 0.148961899049397
-0.0602455250276885 -0.115618896596184 -0.034830763884036 0.168427690604941
-0.11472216331014 -0.0443016372378337 0.00605239838676315 0.207839505856325
-0.0774347805530344 0.0675971821393409 0.103732410321067 0.136380361488513
0.00918315919459752 0.0912762392295244 0.132422379272467 0.0400624019863687
0.0649115090345127 0.0581106185140246 0.118206003212034 -0.0331936776423527
0.0778385763348514 0.00153961745882198 0.0806558802176064 -0.0499137766559561
0.0747147292366594 -0.0227443461611832 0.0521208956682212 -0.015955532193382
0.0699092392899755 -0.0213418181873446 0.0531144910009942 0.0323775756980801
0.0852755376262086 0.0165652792298978 0.0323091287264273 0.0907932629573017
0.0654800556576 0.0760384686012321 -0.0363109279676676 0.125367984876895
-0.00221803108127925 0.11130087184405 -0.121469632608929 0.0706504331415739
-0.117373930957485 0.0563428548594556 -0.0920351763359507 -0.0394624704403626
-0.110407644366938 -0.0702682308869103 0.0239140011100732 -0.0758454758603548
-0.0415356330251981 -0.11477021957827 0.0816644006254253 0.0962141584654401
0.0454026994421286 -0.0436718353816143 0.0949311045585254 0.175026091121443
0.00316759210905373 -0.0763151362562149 -0.0229513782462333 0.160112447808081
-0.0563087728335659 -0.0427794996369842 -0.00967488842500025 0.191123230055289
-0.0478250390109806 0.0313405348737985 0.0707801243037677 0.147866058251196
0.0037707984999912 0.0481658534860239 0.129313112216536 0.0700471669890398
0.0328839463968037 0.0346151623092518 0.137404214142885 -0.0169244110792372
0.0458614045473666 0.00212546316285343 0.105043759389433 -0.0476759116811129
0.0487281396291825 -0.0158726875047949 0.0732062039139711 -0.0209388734550733
0.0487522910878021 -0.014133424095741 0.0757641799028461 0.0269258340341323
0.0591232840558214 0.012723350744468 0.0528258234877992 0.0902978253625385
0.0447727204575996 0.0571191892688835 -0.0185067709128563 0.135556660168182
-0.0162435163408681 0.0837533217287003 -0.116431004881145 0.0851250228508867
-0.0974176535388589 0.0152912180157811 -0.0961872599165242 -0.0262850636958798
-0.049524189759882 -0.0799411393315749 0.0169106303320277 -0.0606908723597338
0.0271786302565905 -0.0729550336855562 0.0728161089161619 0.122359915608712
-0.0719761026824107 0.00857722102277534 -0.0952058749326804 -0.130482413117982
0.00643764130933525 0.0548442829742532 -0.0478123267196697 0.0824275055637114
0.0496439779175432 0.0124972938543508 0.120358623360812 0.0488865134086605
0.0122048597415497 -0.0420191608479332 0.141927579040114 -0.0976709981411157
-0.0229679348482614 -0.0216256799431089 0.0163675290723831 -0.17650664197912
-0.0206183985595005 -0.00188973136041074 -0.0862861622476515 -0.109162969589461
-0.0180776815173862 0.00795314625356147 -0.100715274139015 -0.0231027382987171
-0.0103700233648949 0.00940873393774098 -0.0984347136883338 0.0243679336659027
-0.00889873427427521 0.00165501375161486 -0.112379385688123 0.0519882244563414
0.000244535749795219 -0.00677447353744615 -0.145551964220599 0.0244742413320821
0.00239261780955438 -0.00309463319952053 -0.14289620040687 -0.0552357279214209
0.0154674033073969 0.000156819355874863 -0.0708802639525449 -0.142739763650898
-0.00201130346781093 0.0457506007036555 -0.00278797241596863 -0.186197824806751
-0.0606819091191049 0.0355333285527698 0.0290758267939785 -0.185188782510512
-0.0963303667875862 -0.0401825592774935 -0.0739456159045831 -0.190526900844408
-0.108710598727194 -0.0561026741398656 -0.076700110773267 -0.122611746259228
-0.0577068552265258 0.0357799128133178 -0.050996953821291 0.0947187727267748
0.000706204084126157 0.0389764763342068 0.129150543337367 0.0736760599428948
0.0129154686215144 0.00505125870690694 0.165869137839754 -0.0935251203655256
0.00415811391681012 0.0117279158381955 0.0294084436293135 -0.182209876202177
0.0176123369398246 0.00863850648043499 -0.0799387993564004 -0.116520097562614
0.0168439773002006 -0.000892550455505294 -0.0997835655061557 -0.0282803095980425
0.0239972639082586 -0.00106925380949618 -0.0956349970327917 0.0238160527696261
0.0295147484189418 -0.00204081676614053 -0.105312214588652 0.0583599229675437
0.045255724923246 0.016857407323142 -0.139871004250822 0.0444508363872074
0.0228680696332447 0.0489366853865838 -0.156093763864044 -0.0264370959782576
-0.00781253483945176 0.0522578001255182 -0.0991733190846458 -0.122584621531932
-0.0687817566926995 0.0580568915874851 -0.0233174738425029 -0.178516889081249
-0.130977192631859 -0.00593135074148332 0.0224283049798071 -0.169094080714453
-0.142741134587929 -0.109242538588052 -0.0561044519722342 -0.153471257780163
-0.125927164230297 -0.120852978870043 -0.0488910969128356 -0.0918946027501868
-0.119050187653932 -0.000958531781119887 -0.0552406615692809 0.116922676946996
-0.0623524808560485 0.0550153245529602 0.130450111969772 0.117471949968761
0.00121936408966837 0.0589601612954491 0.193428240711515 -0.0659411823343492
0.0292863383629432 0.0524078558031679 0.0578305899858765 -0.172698092229523
0.0565706938495708 0.024709424273889 -0.055234800687774 -0.120349337848127
0.0518343551073073 -0.00691887121574254 -0.0817774278623471 -0.0380043333586362
0.0552909626108154 -0.0116964213105557 -0.0788670241472693 0.0184124483996535
0.059660654682554 -0.00904473890179141 -0.0827522465294465 0.061785055572872
0.0842999432659472 0.0270288530729968 -0.114949383692161 0.0696982779734999
0.053728675152103 0.0843976138155723 -0.153842500583424 0.0204032417552359
-0.00399394976911955 0.102278209887193 -0.132465036255789 -0.0805962603571787
-0.112601144683373 0.0912020894436885 -0.056213869621298 -0.159832560423914
-0.18685967725235 -0.0204156655115583 0.0164388858009434 -0.153759940017282
-0.176758021782643 -0.150840060961382 -0.0260807511526238 -0.102055515720719
-0.120142580425706 -0.170063491506063 -0.0116613608842654 -0.0406102970427362
-0.159953066578254 -0.0498259514249886 -0.0581896143455431 0.138451896033734
-0.124397783772209 0.0504072459622598 0.113575379958113 0.168573644426238
-0.0262174034274645 0.102926277985418 0.210013356459146 -0.0118430154966831
0.0420150057021004 0.0926624283948414 0.0959558989088822 -0.139422600186795
0.0870029925047758 0.0449346680054475 -0.0133125894592595 -0.115286418947442
0.0816372532768765 -0.00851876621469168 -0.0489459303941419 -0.0470836764041946
0.07879062386392 -0.020165012277321 -0.050460272030578 0.0102401876471437
0.0783615816467038 -0.0162956484547692 -0.0494654155291139 0.0598096248102454
0.109115640472294 0.0270745940757759 -0.0776517884869266 0.0879225750923967
0.0813847276845266 0.0990450383852605 -0.131916760919 0.0663695584724107
0.0125392304213772 0.133203895262879 -0.148986315193877 -0.0279824278414206
-0.129616023145 0.119469219453889 -0.0824500666017441 -0.12946701645451
-0.211784268089341 -0.021184254466615 0.0173668903175015 -0.137964336817561
-0.185155586919672 -0.166334281182874 0.0113726897485954 -0.0452996526055525
-0.0912669567495252 -0.190594779393132 0.0250484837637284 0.0264874631207756
-0.162680317844771 -0.097847094602938 -0.0543541560104917 0.158413153021
-0.162520688320712 0.0214348748265918 0.08192036902108 0.207859695894828
-0.0609999820082722 0.119363252237877 0.197121864702743 0.0532216088482512
0.0393589335233444 0.118462025700377 0.126641171704764 -0.0825006358183274
0.0998555631009413 0.0623094667708292 0.0371431619653455 -0.0960374204699028
0.0986386682003148 -0.00649493928348611 -0.00481176482833991 -0.0528431126258064
0.0908821073292446 -0.0266660288038929 -0.0153350320336382 0.000885154895167573
0.08584482872267 -0.0229120577251775 -0.0118616646603023 0.0526135759511811
0.115155089731176 0.0223484779437345 -0.0347133263999884 0.0958392790319609
0.0926144518290663 0.0979129728696094 -0.0980563968169168 0.0999743444601018
0.0216808062224519 0.141051103426204 -0.146561915885014 0.0194163022455252
-0.130573065967535 0.122721026782704 -0.0951982500472184 -0.0948639067722394
-0.202772051922912 -0.029152599203519 0.0213984008572716 -0.121308730908853
-0.162079859488218 -0.162150760027769 0.0495126543252721 0.00810460063651829
-0.046881686285972 -0.173266147910445 0.0573380410261307 0.0953325007895191
-0.124429878025891 -0.124518335518178 -0.0447856277012667 0.170596806810546
-0.158940326987742 -0.0183717097274735 0.0417921768230727 0.222283417063865
-0.0829890006859651 0.104127373506347 0.157672253307427 0.108108997031615
0.0243356944037443 0.118431565920468 0.139760203942543 -0.0164607487586324
0.0918586335587898 0.0676807917037493 0.0841841214611251 -0.0668241293185967
0.0972736170484432 -0.00282194345613924 0.0410738358480262 -0.0539148244876722
0.0896872250259778 -0.0286160643933308 0.0207989792068352 -0.00858385562835474
0.0823721892135102 -0.0255679928912331 0.024593781904781 0.0428976371345401
0.105752036736686 0.0176039356818878 0.00351411875337546 0.0955466692627795
0.086225127329654 0.0895083236654044 -0.0630184580697349 0.118963406992801
0.0150610202727353 0.131723957131525 -0.134146137613434 0.0535855764433819
-0.127117502748125 0.0987505701135463 -0.0961897319682466 -0.0641366114923324
-0.166192134879818 -0.0487574889328236 0.0250040181066485 -0.10134890606657
-0.111166400845999 -0.14597781067625 0.0759521863759303 0.0559160112514849
0.000606476444889252 -0.120698938020789 0.0812088744104436 0.150649265149845
-0.063271918954873 -0.117360207348434 -0.0351946283787405 0.173680346640805
-0.118215808143442 -0.0428907535668594 0.00907695439590871 0.215064617500005
-0.0778636927544137 0.0701080159963641 0.107817372605589 0.139408906420611
0.0110561737182256 0.0921943313223532 0.137849993775412 0.0391870269224518
0.0680131882670842 0.0576046711714831 0.119683556036868 -0.0374292031685473
0.0786891974634784 0.000209427468449315 0.0799045159638972 -0.0521986275228423
0.0746413569066289 -0.025453953989048 0.0520927845840816 -0.0169461773925018
0.0699943881976691 -0.022943337312018 0.055306463819682 0.0333740870644167
0.0870444325496964 0.0144883453433788 0.0339236361714906 0.092998377929148
0.0685127351491297 0.0760093556464674 -0.0356669635798148 0.131729962506782
0.000294437179259482 0.113272139913176 -0.122947697556786 0.0752201801913882
-0.118504234396148 0.0596505658837917 -0.096115536164732 -0.0408025943861919
-0.114325805663581 -0.0706150106782028 0.0228421154346529 -0.0803168435201017
-0.0445508313631274 -0.118167270899087 0.0846797897861151 0.0957850351903626
0.0457842682709572 -0.0462344768869428 0.0972601756667091 0.177036472318392
0.00195925521645279 -0.078964178828306 -0.0243899599332657 0.164521557980722
-0.0579804270150434 -0.0425566397818425 -0.00745046759438879 0.197627616995192
-0.0473485172900881 0.0329832201035755 0.0750618176385827 0.151921975727563
0.0044932958317456 0.0483182326310531 0.134386270115635 0.0699683498684931
0.0347736227600777 0.0339180844679769 0.139465888426139 -0.021605750604381
0.0472262671094255 0.000848054430424584 0.104979463609273 -0.0516480671355467
0.0486924737947852 -0.0181998942891455 0.0735901131672588 -0.0218331431643977
0.0494097824455393 -0.0158741574776303 0.077645729638975 0.0267350898833858
0.0609115759136898 0.0112557731046628 0.0550639858705994 0.0923254793624732
0.046969777509162 0.0568163456979892 -0.0172900503948681 0.141239065229287
-0.0145794611663554 0.0861946163682144 -0.118094562854542 0.0899182672158192
-0.099545814857246 0.0181912489194324 -0.0998910845422621 -0.0271052954284467
-0.0532412828823786 -0.0817103539935998 0.0155635873900266 -0.0642874694104461
0.026791502505244 -0.0760271010665292 0.0757699416503425 0.122979686619989
-0.0738770733054687 0.0117243955443179 -0.102688243723819 -0.131330670338379
0.00929072497182466 0.0562263568412802 -0.0442051791159607 0.0875340546053861
0.0522378632151739 0.0105129456571125 0.12752059485101 0.0468471034091862
0.0106034554177688 -0.0436831780079873 0.143915934458383 -0.105592316158748
-0.0256595263655373 -0.0208098586654272 0.0107803931429261 -0.183897856883809
-0.0212593269176103 -0.000733463466410871 -0.0924856441665968 -0.110094615710157
-0.0176020682730357 0.00970869956298996 -0.102645609823636 -0.021604181153547
-0.00974772622462288 0.0106365095190318 -0.0999692892099906 0.0280562565232035
-0.00801852439013888 0.00280231765814187 -0.113000090342985 0.0578715242399259
-0.0010846068902087 -0.00632758566930725 -0.148906722216116 0.0315454971280196
0.00204121263279917 -0.00308573181009892 -0.150794532063833 -0.0524654834133532
0.0148407982955056 -0.00114078307076462 -0.0781476675763642 -0.147479473695226
0.000592898504949136 0.0466790668702489 -0.00921368807923592 -0.194902339660148
-0.0611262470220995 0.0383671448805489 0.0271829915018311 -0.193650270804433
-0.101178640660776 -0.037899466155147 -0.0794818634233763 -0.19537763896507
-0.113920591280563 -0.0538349763256748 -0.0826106700549702 -0.124460105665652
-0.0570344982451892 0.0389671918966431 -0.0472147463191569 0.100855084743058
0.00285333532958753 0.0395014971338768 0.137722646371053 0.0734280006426107
0.0126881843978668 0.00392112208547376 0.168352456706224 -0.102010116436603
0.00404963601359504 0.012345836622355 0.0236001207756229 -0.190355485879822
0.0180866889573181 0.00887532331078123 -0.086484994775174 -0.117391356763332
0.0176720905889656 -0.000731724543064498 -0.102773342159921 -0.0261404815384657
0.0246831144303941 -0.00108467587734642 -0.0969128016572497 0.0276030662156902
0.0298389502850685 -0.00208929925092343 -0.104130883486267 0.0648799264900702
0.0464185961924173 0.0163762798142171 -0.141868073004943 0.0527000779060823
0.0244255387581484 0.0499184409573589 -0.162418328811901 -0.0207459507788811
-0.00760524761148925 0.0532662446159476 -0.107251000583021 -0.126227845588302
-0.0684347213495886 0.0614526894686356 -0.0303435562258072 -0.186266905618494
-0.134415999871877 -0.00235594984950666 0.0205717339267724 -0.176526602690987
-0.151164029646174 -0.108888363400945 -0.0598111930206653 -0.156826149255519
-0.134542864218241 -0.12030166232338 -0.0533656082292542 -0.0939359759459297
-0.121796550023167 0.00299082512177267 -0.0520617688654602 0.123494176057951
-0.0619416008312727 0.05879125941806 0.140757886267326 0.119200608961603
0.00275548518094586 0.0593890488172821 0.197590901478659 -0.0744585420160786
0.0318190908900347 0.0532283015525128 0.0540346597545828 -0.18128023954751
0.0589474549359468 0.0231536187007844 -0.0613498557357641 -0.122485732293822
0.0533145434475217 -0.008331133207972 -0.0851553398576903 -0.0358675486424283
0.0562810463950207 -0.0134762709722968 -0.07937170631788 0.0218254329028806
0.0602921924343311 -0.00979945680970527 -0.080466407404424 0.0682571913544453
0.0872453961197679 0.0255763588557137 -0.115914227305719 0.0777238513704463
0.0582638060179274 0.0851248969485978 -0.159168135393211 0.0285474997548305
-0.00222451411228761 0.104540215018541 -0.139445337694651 -0.0806846238939758
-0.112380675153839 0.0967564839761814 -0.0638694504174238 -0.166424103768046
-0.193172245431658 -0.0153244542076825 0.014637817983102 -0.161479929103405
-0.187500789067835 -0.15155201084788 -0.0284190929225336 -0.104768595405801
-0.129751048734084 -0.171672881647453 -0.0135245248463532 -0.0428382118720787
-0.165200244137349 -0.0461112889053575 -0.0553854544739309 0.146428748225731
-0.125836747706284 0.0559432604282287 0.124563532034893 0.173523232787636
-0.0243269198877685 0.105875739958384 0.216115580800436 -0.0188242959643932
0.0466659045355962 0.0937551535779631 0.0942219846787764 -0.147854412508711
0.0907523153750699 0.0427787844453103 -0.0185392006283267 -0.118832318626136
0.0831007098338751 -0.011104149708798 -0.0520309902520482 -0.0462391962106836
0.0800231308602868 -0.0232088757193126 -0.050913862001011 0.0123982882515899
0.0794716081032722 -0.0180637860030003 -0.0473353627611602 0.0652805196709439
0.112829266614901 0.024232142564024 -0.0764080233867486 0.0951459681266071
0.0868946698316089 0.0990354346819941 -0.134613094815955 0.0756891089365227
0.0161526422600231 0.135820412080818 -0.155489312140283 -0.0251202436584064
-0.129694870939357 0.12679964388983 -0.0901141097510715 -0.134298496339373
-0.218604089113552 -0.0154925162081613 0.0150609718771059 -0.145540801568806
-0.197095033906119 -0.166962709464422 0.0116770293582648 -0.0485263905141643
-0.101301125928868 -0.194235090857429 0.0263863347916872 0.0256261766609652
-0.169790635068824 -0.0953062081991149 -0.0515313845743385 0.166153462483009
-0.166454829226477 0.0274987032307332 0.0915311942835094 0.215370251475893
-0.0590529484835461 0.124707868655601 0.205692466246041 0.0496184359032126
0.0440577237697766 0.120538417044651 0.128345705426252 -0.0896549062375785
0.105076730889266 0.0596423529465126 0.0342549681774694 -0.101238992689183
0.100400703847501 -0.00970436597355543 -0.00752186555217857 -0.0532533616910113
0.0916143172639136 -0.0304126399746593 -0.0154122437297963 0.00176937221175824
0.0865912273877326 -0.0254447015502878 -0.00856553221570756 0.0562895057491611
0.118818917098296 0.0183728080760616 -0.0321868670133094 0.102003206652998
0.0990700337968897 0.0974285593984047 -0.0979893227447849 0.109464726793968
0.0267027569109406 0.143716099541087 -0.151225510955589 0.0247544423318299
-0.129375736104038 0.130768207528245 -0.102246390415855 -0.0980771563250958
-0.209676345375755 -0.0240845638055267 0.0189191766574963 -0.128927677238034
-0.173094132394695 -0.163874335595618 0.0519583756515715 0.00548290523835698
-0.0549283043725954 -0.177346883178056 0.0616900364112502 0.0957718755418925
-0.131212679791061 -0.125264761705535 -0.0430806270488918 0.178483011116766
-0.164415794806755 -0.0139706032414857 0.050367122954558 0.231031865559287
-0.0823117962829118 0.109319628288631 0.165846685854707 0.107818684932442
0.0288595713643566 0.120984041486733 0.144426122294172 -0.0212307451495957
0.0970076289834269 0.0654738492231954 0.0841378787386979 -0.0725858528313266
0.100072743007021 -0.00606201201790081 0.0391752667372088 -0.0569652572840299
0.0900566099015124 -0.0326425116646039 0.0207848978491831 -0.0091926521946169
0.0832641619197199 -0.0282176787001915 0.0279142522778993 0.0447393363676678
0.109292235910968 0.0141451717314426 0.00741514955830674 0.100053447859629
0.0915517288475949 0.0890647374119809 -0.0615987790553429 0.128222302553397
0.0195572832352927 0.134499846146134 -0.137329763600939 0.0604366682784275
-0.126796210353881 0.105866211923107 -0.102739247349392 -0.0655740631024084
-0.173645532509259 -0.0457905861387638 0.0223706986276527 -0.10778215393542
-0.119362780513167 -0.148887912222253 0.0801424826076551 0.0546120488476319
-0.00366720567448054 -0.12546193042019 0.0869913538352487 0.151976460512927
-0.0681918068614668 -0.11999254252138 -0.0335472327023853 0.181125500689318
-0.12379242484785 -0.0404604052026344 0.0155770363477081 0.22412498311494
-0.0779105707939382 0.0747140962548932 0.115589408156928 0.142537009678671
0.0145326864845438 0.0949008014023696 0.14452888727767 0.0362201998143802
0.0721069836807188 0.056242990146496 0.121298017728352 -0.0438888621773763
0.0810693544760154 -0.00285314704826853 0.0792558033065978 -0.057106293464134
0.0746871393859251 -0.0293438082342994 0.0524125477377302 -0.0184910499043979
0.0702844381611896 -0.0259962933546678 0.0587921007406181 0.0338986917364846
0.0900822421796069 0.0118256088759156 0.0377623034282393 0.0965707454294083
0.0732435004569375 0.0756273453336122 -0.0324398877768804 0.140011550338175
0.00392307097030259 0.11596847735986 -0.124832677794649 0.0827469157623712
-0.119869887044543 0.0661062983319728 -0.101979948417843 -0.0412903404397197
-0.121116401509988 -0.0701461395428435 0.0204668524609784 -0.0858059884049464
-0.0492289269384325 -0.122183594751659 0.0902841312772786 0.0955410165164273
0.0449870508394532 -0.0500438864059714 0.104173604020363 0.179495846770914
-0.000972755877139503 -0.0828059307387946 -0.0238629426322155 0.17148225529689
-0.061619823687382 -0.0418466738388483 -0.00244065342028574 0.206622524373621
-0.0474724343315346 0.0356808725231166 0.0818802468833186 0.156422380136105
0.006713319592568 0.0493469994212797 0.142523667655536 0.0680559270054611
0.0374021755057869 0.0331602847393856 0.142337026309912 -0.0280918513693697
0.0487159412676057 -0.00105615180562114 0.104530738781275 -0.0571226194438634
0.0483785273633869 -0.0209857595753117 0.0747899706884351 -0.0253791120963278
0.0493512745472746 -0.0184263331599307 0.0809652836269641 0.0258187709366769
0.063842066090359 0.00862700320482005 0.0588659092866486 0.0948449392066273
0.050091122571667 0.0564258709630176 -0.0133666601448322 0.148399710830539
-0.0115246997656806 0.0894295624535691 -0.119631250601352 0.0975754400049107
-0.101785625885597 0.0227008468985046 -0.105226512557203 -0.0258242895267414
-0.0585704948177955 -0.0840046438554308 0.0129686579606063 -0.0690612037286665
0.0244512897911211 -0.0805437693791775 0.0822057883197075 0.123746179193642
-0.0755021664307756 0.0163665953711825 -0.111054829650078 -0.127963878163598
0.0129061899467197 0.0569727073254032 -0.038541803944168 0.0920536142547384
0.0547105761417367 0.00677344566984489 0.135077152930598 0.0410562662486611
0.00737085446939405 -0.0453597356256188 0.142660722314771 -0.114896858320454
-0.0278088245540297 -0.0190142566523287 -0.000477718685638127 -0.189441246736968
-0.0213316430305218 0.00112638691110072 -0.0998492397856455 -0.10738727520087
-0.0166421387652386 0.010663077402554 -0.103853874114976 -0.0173481813640572
-0.00871146810907232 0.0121250426869215 -0.098687561971415 0.0337424247806108
-0.00782459780905707 0.00427754512520568 -0.109684923594509 0.066411328229472
-0.00148693523863052 -0.00533856833861331 -0.149247223617399 0.0423187302463057
0.00115714331004375 -0.00301415603800704 -0.156986640482568 -0.0445387411759683
0.0138535072587204 -0.00256947789429121 -0.0887317889202479 -0.149329185748011
0.00456072237533383 0.0465304568815067 -0.0200824922335958 -0.200286384127639
-0.0594602196958037 0.0421035482489534 0.0208981836554181 -0.200593136064902
-0.106441144665762 -0.0327032963947788 -0.0887915838577145 -0.195557195932302
-0.119705950628863 -0.0481680494780982 -0.0918105793720911 -0.123008986568246
-0.0551225490711966 0.0422863097107508 -0.0414045009919385 0.105562793447745
0.00614680945311771 0.0395305810046106 0.146762391768402 0.067742957969826
0.0124044844478585 0.00268774428442842 0.16676241689517 -0.113015899004452
0.00379104140954894 0.0128982539948911 0.0127617653774517 -0.196075409405855
0.0184173451486335 0.00815106049842194 -0.0947944061701897 -0.115252218926473
0.0180061278206417 -0.00130960527212835 -0.104412552582227 -0.0211803455807993
0.0253876769533112 -0.00214571044197099 -0.0956183712943133 0.0337866709268142
0.0307938366105004 -0.00261840551657242 -0.100892436883311 0.0729913054718723
0.047897400533746 0.0144182682570629 -0.140871939534602 0.0634733139777048
0.0277502903389911 0.0496276115066586 -0.16751885492454 -0.0111263867643606
-0.00657359794304256 0.054516453686355 -0.116976787548186 -0.125596214968758
-0.065028635148319 0.0653006185075471 -0.0414815570731631 -0.191215334339306
-0.135980772421691 0.00405736018115819 0.0143815668002588 -0.183401782580934
-0.160982619088617 -0.102686824291334 -0.0674522480731562 -0.157679297035296
-0.144020632684243 -0.114810912223305 -0.0591180230288807 -0.0943488205858185
-0.122927125003878 0.00989225625332796 -0.0448166808092315 0.129937979936372
-0.0589253335639666 0.0630523794516091 0.15245347616929 0.11594499575417
0.00537376796824981 0.0594135044099917 0.198727741715889 -0.0868314800352365
0.0344021857195687 0.0523120013464952 0.0439121609194264 -0.188560958960203
0.0606628533392981 0.0202842485898794 -0.0696740659292653 -0.121743015618019
0.0534817655540841 -0.0107042517829727 -0.0874374843826115 -0.0317467997842672
0.0565624083724828 -0.0159441449892102 -0.0790872892756549 0.0269767094830257
0.0607808870817453 -0.0124437110047461 -0.0762031188976702 0.075531372236125
0.0898892158595618 0.0211971636770827 -0.112648156169962 0.0879613156639083
0.0638570424789932 0.0833438137406853 -0.16086165973339 0.0401194496136665
0.0020803792241638 0.105901197833653 -0.148028081352139 -0.0767463499782596
-0.108136225367678 0.103763446472832 -0.0753465507640113 -0.169440781777839
-0.196719269100402 -0.00561101404947093 0.00887746602568716 -0.168047912894243
-0.200571465663726 -0.144945351472092 -0.0326895362407254 -0.106533434953585
-0.141966398831203 -0.16754958961755 -0.0166516519795837 -0.0445385051145221
-0.169976527022466 -0.037725703773162 -0.0484862033272509 0.153719597615358
-0.124954835384919 0.0638549610276548 0.138643668723111 0.173039343142127
-0.0191021989507224 0.108920048624251 0.220176834939132 -0.0295949574778235
0.0525262196758192 0.092428237423617 0.0878818030332305 -0.156502023203089
0.0941316486788651 0.0378232743597618 -0.0262173954778768 -0.120509068289033
0.0837100495447609 -0.0154310463614877 -0.0550316918567339 -0.0434554916061897
0.079664148537343 -0.0275336256463697 -0.0508073516851367 0.0162200717150439
0.0799406778290522 -0.0216573377595197 -0.0423690808814886 0.070531627195143
0.115774440918682 0.0185463379199263 -0.0715208539299741 0.103688248677439
0.0945107099977546 0.0960324991322194 -0.133555559705531 0.0880446047327681
0.0226097683115853 0.136520125573095 -0.16080586994582 -0.0181010583574453
-0.123783359392243 0.135695915183513 -0.101013894157811 -0.135480118710135
-0.223875212754487 -0.00487190042753947 0.00922524424211091 -0.152275894288425
-0.209609482638862 -0.161242481120082 0.0102014006310905 -0.0511598521284427
-0.114032726850176 -0.193025008436911 0.0274942374273199 0.0232673394017831
-0.176740497488779 -0.0884191262092857 -0.0445998052418912 0.173375416165937
-0.168302196020537 0.037005134003227 0.106256570185329 0.218249685765863
-0.0538622830821919 0.12925091919699 0.212191874277288 0.0406327312028169
0.0514443882205581 0.120022526004538 0.126435331397061 -0.0986910745796294
0.109762677416809 0.0534899337827624 0.0286968752760908 -0.106090992245201
0.10161073154899 -0.0152458727842641 -0.0112428279930078 -0.0537122910336184
0.0905636989565922 -0.0359042446981856 -0.0153747592136505 0.00350846881807075
0.0861392807672789 -0.0295345605004904 -0.00441834362031745 0.0587959360861297
0.121928432284191 0.0123999989435274 -0.0264556730302379 0.107678681903924
0.106023807486209 0.0933977744175195 -0.0939371709344823 0.120322299816757
0.0336301177268873 0.143858156727786 -0.152983566262721 0.0333082064208147
-0.124432322701983 0.140533370885608 -0.111525600936151 -0.0968243144770305
-0.215124673412124 -0.0132583387461208 0.0127537483697842 -0.135421585282943
-0.185475784401863 -0.15943690043486 0.0534833653460768 0.00232743983166576
-0.0661386008477077 -0.177819585154217 0.067043730378182 0.0933323295361569
-0.139874946470676 -0.121109510114037 -0.0363896985663361 0.185701923884249
-0.168462139322372 -0.00518271640786004 0.0650614799475124 0.236102899556912
-0.0778497882345674 0.115622999591401 0.174390566305511 0.102319031864908
0.0361095307228507 0.121478175704216 0.147219637236494 -0.029694079042725
0.102613339098374 0.0604819920687935 0.0811190632219423 -0.0791593675585572
0.100677466829327 -0.0118119517807419 0.0358150102494751 -0.0597602312417386
0.0885444762162848 -0.0386297234648126 0.0201109409763468 -0.00982513741199977
0.0824881097126853 -0.0324757775334218 0.0321693355513465 0.0444557045676516
0.111701921346218 0.00805942108825391 0.0134539332959818 0.103160547917258
0.0980837697772229 0.0848950102682068 -0.0555945202476959 0.137606624882861
0.0273076205725107 0.13529916518563 -0.136963521190964 0.0687506642367723
-0.122547538563934 0.115133347623901 -0.110472784911767 -0.0636291510346297
-0.179758146636966 -0.0373902046836523 0.0164583052401082 -0.113984634850547
-0.130461057530903 -0.147030930101468 0.0846129323791203 0.0506651339436976
-0.010933463258563 -0.128002499947886 0.095278293001648 0.150053488715529
-0.0756592745062023 -0.119354353479881 -0.0284942528419144 0.187739057228462
-0.128273213042367 -0.0347209815829467 0.0276742628454604 0.230445216852627
-0.0751785759207925 0.0801666548950492 0.125128119596709 0.140896987330304
0.0203161520904527 0.0955406827879282 0.150466646784517 0.0296652379106021
0.076826621159471 0.052528806140673 0.120556608175202 -0.0522407053385728
0.0823593643485299 -0.00796395588598935 0.07579252294177 -0.0622235456204697
0.0730238753615503 -0.0349270906541537 0.0514865766924859 -0.0210971269656125
0.0695228861288143 -0.0300302978669645 0.0623199480843993 0.0312511067463781
0.0920851276761541 0.00628371035796019 0.0440418848754285 0.0983148743288789
0.0789497683487392 0.072233571596028 -0.0254215828628596 0.147269889358654
0.0105509185587187 0.117677306713406 -0.123364938912567 0.0919230979659431
-0.117764363362036 0.0746110654252577 -0.106939685943606 -0.0380618315876587
-0.128479099811493 -0.0651215433049898 0.0154907147574184 -0.0911086060591311
-0.0578787294879478 -0.123591293644228 0.0970746837680747 0.0920650469685744
0.0426130688462911 -0.054059844152338 0.113658310435757 0.177713550197533
-0.00530795770082964 -0.0845999482080168 -0.0188374273295514 0.177797076050615
-0.0651532783480201 -0.0392881965022404 0.0076101820475944 0.213777266839028
-0.0456439091970328 0.0387065764536664 0.0920477874855951 0.157534346388193
0.00969175801553698 0.0499432672491192 0.150517071122998 0.0624047702707872
0.0398649522745307 0.0309972037290571 0.143015992697089 -0.0373860208918656
0.0492152997513996 -0.00421501788352877 0.102088425757694 -0.0644595393856863
0.0468915137611279 -0.0250324977646807 0.0736515510611545 -0.0289271472722368
0.0489760948883703 -0.0219286756798394 0.0841330111615051 0.0224186766541951
0.065082070238308 0.00441902778279169 0.0652709359688078 0.0953285150798084
0.0548857303352176 0.0545049695994737 -0.00539850440678723 0.154846503115822
-0.00567967448751063 0.0914368772965983 -0.117001482384432 0.106421262180664
-0.102290198940905 0.0297649614106517 -0.110758920782585 -0.022082644385777
-0.0658254860023857 -0.0824985460403565 0.00819087434003942 -0.0729194967641145
0.0203920907469723 -0.0846666802266865 0.0899263499212078 0.120911985055623
-0.0739342604100509 0.0210711282632938 -0.117377710765868 -0.120519974582181
0.0168999358947313 0.0549965400994323 -0.0321553837759597 0.0931010162311533
0.0549419239355913 0.00262658911828725 0.137794022972991 0.0334216071832287
0.00396388144975321 -0.0454246140376482 0.136449718042751 -0.121770636755779
-0.0291902302971348 -0.0167769463392477 -0.0115813500293426 -0.188715083801059
-0.0210846896208142 0.00271880082220569 -0.104639498229669 -0.101542834838002
-0.0150586529163166 0.0115176345645933 -0.102335236294845 -0.0129542626851472
-0.00746090814956922 0.0128695929467313 -0.0946794401075723 0.0386427594212534
-0.00684080789338158 0.00539091184447966 -0.102731335547832 0.0715934859831701
-0.00167466340235814 -0.00458903418968724 -0.144815031089536 0.0517910192077829
0.00045669581781374 -0.00232352385406552 -0.158199578525136 -0.0351199579685906
0.0123758385281508 -0.00364044728999734 -0.0983522388309162 -0.145896391419642
0.00802764533080663 0.0445924657707935 -0.030984914275353 -0.198976875860785
-0.0551854438300292 0.0445632590517586 0.0128041896921349 -0.201924415075263
-0.107307387933929 -0.0256444730228674 -0.096827534506853 -0.189215639538289
-0.121362912961441 -0.0409548471638831 -0.0979308507506425 -0.117687428194571
-0.0513704935837674 0.0447798107902571 -0.0336905023651946 0.107221588985456
0.00898351345828817 0.0380323701015281 0.151187786634789 0.0603936522451814
0.0117307610924828 0.00160477198430352 0.160029399675333 -0.120838849700472
0.00377521418781708 0.0130638427589852 0.00138789902986134 -0.19563911812817
0.0184874315286787 0.0076559324487774 -0.10010073026741 -0.109235930463808
0.0183783675209508 -0.00203421200409322 -0.103113839247267 -0.0158806153174787
0.0255906034959348 -0.00284501661462007 -0.0920606717511919 0.0389691768967039
0.0305434551629105 -0.00319715373697906 -0.0931163904864413 0.0786314825404878
0.0478063793350798 0.0122731282168578 -0.134673990190628 0.0728715442001421
0.0296052967055453 0.0480286411228665 -0.166746044408306 -0.000762199481919696
-0.00475791714802923 0.0534538967585143 -0.124752226848515 -0.120264622175193
-0.060279329733206 0.0666034947701718 -0.0523762355868372 -0.189520898856252
-0.133665943711504 0.0108506027728453 0.00680680919099508 -0.184545896799028
-0.165602864441793 -0.0926162705163087 -0.0739707820310654 -0.153469716160432
-0.149244175890658 -0.104861202770379 -0.0644856165193481 -0.0909236529304221
-0.119162711320575 0.0164214645555189 -0.0368168568029004 0.131389552465467
-0.0539364943146937 0.0652154679704891 0.159431210291602 0.107644350198715
0.00773194207257356 0.0578986530006882 0.1929938062227 -0.0958171413620224
0.0365999579649999 0.0497240659546694 0.0324598430445793 -0.189710179968414
0.0606337881861035 0.0169535850500688 -0.0759692153922218 -0.116733899190623
0.0524305771549152 -0.0135464538843528 -0.0873118077238132 -0.0262170737087456
0.0549414038258359 -0.0183870848897056 -0.075671490487013 0.0315627726791474
0.0593049783354097 -0.013912654395146 -0.0687949669008742 0.0793154784790941
0.0901192275388964 0.0160669837188936 -0.105336193143439 0.0959794188911145
0.0682031543943615 0.0792847042830596 -0.157352885408425 0.0506017331351972
0.00634203600538485 0.104123089211493 -0.152101630455396 -0.06955054885429
-0.100911320459282 0.107962763633603 -0.0851386185921282 -0.166312358379964
-0.194413766197353 0.00455177478047951 0.00107535457690074 -0.16901662066714
-0.206356855329206 -0.132693185911887 -0.0370707958370629 -0.104728239214906
-0.150943369407362 -0.157523489725745 -0.0197125251720627 -0.0443603437148953
-0.168497971901334 -0.0279780942001983 -0.0392763176333175 0.155928165526838
-0.119149296590015 0.0701909388614452 0.149297656069387 0.166219730820203
-0.0133968514552856 0.107992060853256 0.216505379863683 -0.0412513078182952
0.0567955567096194 0.0885684944955501 0.0786632967803756 -0.159931259415703
0.0950103159907603 0.0312969815532684 -0.0328333979622565 -0.118198637787636
0.0819595552382523 -0.0194609576556713 -0.0565935464759762 -0.039787074530585
0.0761345991852453 -0.0314668558258222 -0.049084579863989 0.0194648823872807
0.0773217645201924 -0.0244815652348773 -0.0361843832241051 0.0726328423937323
0.115118374835367 0.0116606225354534 -0.0632945823859304 0.108815691933619
0.0988380330373614 0.0891724722823683 -0.127034114724594 0.0975394514894787
0.0288400123484654 0.13329968890006 -0.161449559136609 -0.0105762062550879
-0.114436127883983 0.140665513872864 -0.10873902310898 -0.131232846021858
-0.221491461473446 0.00721030481726108 0.00139069602000303 -0.15426765845836
-0.217370058937674 -0.149050812229412 0.00820510432902145 -0.0522777754752197
-0.123545042613769 -0.184069632707021 0.0277016540660233 0.0196035636792617
-0.178871858447059 -0.0777260535140737 -0.0357878122489119 0.175666315798644
-0.163599336044445 0.0464217448447558 0.119302302556707 0.212676609358754
-0.0460796639500874 0.130922311792638 0.21272648647866 0.0295177688516076
0.0577896074116249 0.115083393701329 0.120252106270287 -0.104896572694724
0.111173208399929 0.0467300528856522 0.0218159537014057 -0.106265890210316
0.0991935624295937 -0.0205100723489132 -0.0144882275781147 -0.0519488939755884
0.0867041378256458 -0.040375894433666 -0.0152006394805214 0.00471803753189429
0.0834691480630813 -0.0329145107033955 0.000747911354358024 0.0594587896147576
0.120547830514922 0.00514437085546503 -0.0190259473680105 0.110302696597951
0.110241492468713 0.0858091556009397 -0.085727138288243 0.127780521979035
0.0410553692787907 0.140035880760582 -0.150952062052538 0.0415047142284187
-0.114385288193711 0.145087772482706 -0.117896670435988 -0.0924109607895281
-0.213748292469385 -0.00161552695007257 0.00496346948551427 -0.137787495977578
-0.193384997729087 -0.148899287627761 0.0533577706761095 -0.00167668949045004
-0.0751571572653503 -0.172760609915505 0.0697571829949016 0.0874735533244253
-0.14409707518626 -0.112849341910234 -0.0279678445964977 0.187177127146349
-0.166755616736913 0.00404332994135432 0.0781208514039787 0.233612908519476
-0.0710622481482252 0.118591021150978 0.178672759395019 0.094143113324203
0.0427434940493603 0.117760419756657 0.145168807578318 -0.0366861921606936
0.104191171455835 0.0535702661518627 0.0750552477161137 -0.084055393460187
0.0986428969202068 -0.0171473761443511 0.0311074496068569 -0.0604657639800073
0.0838209599009924 -0.0428874218063054 0.0195871707055762 -0.00980594978150601
0.0787984780166176 -0.0361080066350963 0.0355241163874146 0.0432767388263192
0.110462375123631 0.00161298144257516 0.0199033394413784 0.103945428591748
0.10215328453921 0.0781066809976601 -0.0463479368787572 0.14265955660704
0.0343369871885642 0.132073785729835 -0.132745811742963 0.0764136059714873
-0.11391005683172 0.120773210191875 -0.114423874594053 -0.058757579515452
-0.18039735914352 -0.0274768470194326 0.00909709981248555 -0.116797178781749
-0.138379800660077 -0.139922487527303 0.0862620759885229 0.044677274909986
-0.0179022870394576 -0.126264551916258 0.100873037875057 0.142941659656207
-0.0810116309109271 -0.115001264364468 -0.020282512423381 0.188866867033068
-0.128751913361847 -0.0276423773846543 0.0402443037124318 0.229243914667196
-0.0702797702518569 0.0834667934862536 0.132155665218878 0.135278125455683
0.0257309997081664 0.0930940557523688 0.152102430843975 0.0217785395399904
0.0789455195051642 0.0468643326696975 0.116065850664461 -0.059606988491316
0.0803186136352261 -0.0127966868137015 0.0705504985102644 -0.0657695827927754
0.0687542670237309 -0.0386931424676206 0.0492730186188196 -0.0230473586871775
0.0660579948538292 -0.0331210278421529 0.0641531871952344 0.0282431801214263
0.0910729151760405 0.000336199061333209 0.0493574208515743 0.096965014383713
0.0823548340731161 0.0666791426963114 -0.0162845265321477 0.150619396569016
0.0174154697167594 0.11514314576859 -0.11783801531437 0.0982899368502357
-0.111634145366554 0.0807412378389015 -0.110529599011157 -0.0327798589547557
-0.131958364599454 -0.057783882812872 0.00861164435335588 -0.093162391247723
-0.0647636688547996 -0.120340681975861 0.100598559384204 0.0845249404604349
0.0389277688905345 -0.0555826969263952 0.120082195430955 0.170418950620403
-0.010525130367082 -0.0845189535213091 -0.012397894029053 0.179338109228595
-0.0665127571489674 -0.0348065041181436 0.0191418300171438 0.213217535381648
-0.0427318846999264 0.0406017084475378 0.100297384244012 0.153761882341766
0.0125408532306099 0.04850953922236 0.154225838708883 0.0536057419384468
0.0417917631425212 0.0278084553504271 0.138583492088998 -0.0458817306988464
0.0484407940259735 -0.00766235185040303 0.0959517400074831 -0.0696913637371307
0.0435205514113561 -0.0278780070132882 0.0704224991938347 -0.032094930440214
0.0466494377416879 -0.0251924018574203 0.0841250814664003 0.0183051104025275
0.0644211195961989 -0.000591498687451856 0.0697511425463932 0.0927985855231239
0.0570292453990817 0.050454380051994 0.00343150577555433 0.155786893386369
-5.74874727686438E-05 0.0909482808839743 -0.110439841567861 0.112534371887422
-0.0989102798755059 0.0357848825185663 -0.112407687663567 -0.0168029304747934
-0.0711494834190884 -0.0779823382089669 0.00316533179548904 -0.0739334155850746
0.0145884437480055 -0.0862581581857077 0.0959534162614688 0.113899823153091
-0.0711480886316411 0.0307887089177254 -0.122702835400378 -0.10507439371793
0.0229171245215852 0.0508488297871207 -0.0190135099552204 0.0916183689309861
0.0542697118955557 -0.00596089962292811 0.136357650222533 0.0144012271273421
-0.00188352663091907 -0.0445158805627035 0.115375688667431 -0.1359593434497
-0.0291820608346419 -0.0120832776752717 -0.036110039018952 -0.179966511053544
-0.0200925193520122 0.00579690199257212 -0.113062415325576 -0.085717501238357
-0.0134563829650288 0.0131848719632909 -0.100140211874734 -0.00104303875182953
-0.00431055082863201 0.0133815799893431 -0.0847501380642289 0.0489208845518843
-0.00480350484034929 0.00681243000887969 -0.0887088606582966 0.0815190840253915
-0.00163078167193218 -0.00313343469845944 -0.130506692149186 0.0695405284033091
0.000667295549287373 -0.000657804522761716 -0.157363024345118 -0.0139865958086877
0.00945882244342524 -0.0029123710547688 -0.114646849074692 -0.132289825411785
0.0126330359409981 0.0414021187286838 -0.0536662371308993 -0.189203804234806
-0.048290631284731 0.0495823948310017 -0.0127763342557604 -0.19496796762853
-0.106362840160427 -0.00737329336522635 -0.118448460641664 -0.173877246684654
-0.126988534257663 -0.023411049969144 -0.0982190757025977 -0.0997785547126016
-0.0432804458341835 0.0488737562112455 -0.016344611711356 0.105815491112758
0.0146204067237682 0.033440759853261 0.155564163023367 0.0369482832860761
0.011015952954768 -0.000742339040399254 0.138303007226974 -0.140049314897598
0.00506948329797869 0.0122909556939335 -0.0251708240301899 -0.189663672075617
0.018044063838904 0.00601077907935732 -0.110512255074636 -0.094159636486749
0.0168308600960484 -0.00331797295843808 -0.100733632035898 -0.00439804507746779
0.0246908862520351 -0.00511394937796496 -0.0817111933613413 0.0483251207156554
0.0293243409894427 -0.00582791135230012 -0.0773538298199497 0.0862403260135133
0.0475849847195424 0.00681320001293118 -0.117066670079362 0.0880262443458795
0.0352008802219345 0.0430394950664817 -0.159987947601528 0.0205178799450037
0.000407042324233619 0.0532071306788896 -0.136419057385201 -0.102454550546552
-0.0492151432762365 0.0710687784326838 -0.0742976407549497 -0.175753221781676
-0.125590134966786 0.0274864598680708 -0.020197577286379 -0.177446462494512
-0.169819160424522 -0.0632671042516202 -0.0935466475673812 -0.144026504259929
-0.162533046476458 -0.0825360687632021 -0.0599621476167382 -0.0736382524345339
-0.112361414061003 0.0296789195128629 -0.01390083401908 0.131415984222841
-0.0426705263568935 0.0677055372547315 0.172529521099418 0.0824723540666703
0.0138268297511822 0.0533066121898664 0.174124416781394 -0.121608615468315
0.0412576778219952 0.0432455600614132 0.00652363142455407 -0.190409978615474
0.0592866281458933 0.00940575692426823 -0.0892043093413488 -0.106074684238323
0.0477984352996751 -0.0177896492383523 -0.0871460991384773 -0.016958287454374
0.0503521589350053 -0.0237848719261768 -0.0672287871339254 0.0404904517201219
0.0557266784813962 -0.0201474702350161 -0.0535503473020987 0.0840774782241787
0.0881146306558822 0.00457988499232741 -0.0847572515392637 0.105784077085247
0.0755601828450785 0.0674022386452049 -0.143294418416501 0.06857864711764
0.0173646822883627 0.0999013461594532 -0.155537593518748 -0.0493856633419089
-0.0818730177350493 0.115960601487262 -0.103049432788818 -0.147504959593307
-0.183603601071051 0.0286912780706332 -0.026993038924166 -0.160622799912031
-0.213496515240977 -0.0966394276866506 -0.0535649325471926 -0.102623008921434
-0.170618398832479 -0.134591642335087 -0.0103238106813669 -0.0303809535197787
-0.164375061147882 -0.00790359483383477 -0.0121762596286214 0.156736123021434
-0.104133135815161 0.0808059687936629 0.173526887801813 0.140808646925794
-0.000965538178661464 0.103803618055 0.206639717257261 -0.072773358318379
0.0647713119219755 0.0776702490792017 0.0544818164569991 -0.169766399230532
0.0935610686069152 0.0195322706989778 -0.0475221420877992 -0.114269434570799
0.0753840626933121 -0.0273970127134738 -0.0601485412592389 -0.034260852700325
0.0692619837041625 -0.0384448022965448 -0.0433457572693276 0.0255695789811992
0.07156840773875 -0.0324745655017587 -0.0227467214702639 0.0730940180346682
0.110823076251988 -0.00381237077280809 -0.0430219578265993 0.112707411223494
0.106615417473149 0.0718449020555058 -0.107053432058043 0.109360135877264
0.0431797724345301 0.124325975416008 -0.155938897610889 0.0106952500438217
-0.0894654300259559 0.14955533632138 -0.122092628713375 -0.109905033010395
-0.20884666220415 0.0341730651746145 -0.0273592353661678 -0.145369361734463
-0.225329754938702 -0.111613046855216 -0.00438866872324749 -0.0576229370983261
-0.147174916578366 -0.16500342709621 0.0410856562894476 0.0288741672888676
-0.17984323365585 -0.0546972884556286 -0.00677823933090867 0.176956377270146
-0.150067875086594 0.0640836836705714 0.152427427433065 0.19149423948112
-0.0296432232316155 0.129845547251171 0.214465960481253 -0.00338421543333761
0.0692926925696898 0.103824809966142 0.102826812241048 -0.123002538703315
0.111513369660833 0.0311011087206512 0.0061860384839029 -0.110718152315433
0.0915839845647374 -0.0306015027702582 -0.0204205376576639 -0.0520330995426366
0.07716508772051 -0.0486508523024183 -0.0131185983396738 0.00723071984268428
0.0757633446881035 -0.0405729600196287 0.0106477200048358 0.0560051338218855
0.11479427360781 -0.0109618335443382 0.000266337239534179 0.10820637128044
0.117299632369042 0.0671238070508138 -0.062762079528377 0.134386307474779
0.0558038504376585 0.128535252327747 -0.138787312366775 0.0590997308057474
-0.0881201751857882 0.154046046867147 -0.125711059571383 -0.0709420512659218
-0.202635554099749 0.0253085411691921 -0.0224532475345391 -0.130089341509708
-0.202387201534527 -0.115131572667963 0.0462182376779433 -0.0144363101088068
-0.0970062047108382 -0.160280355097491 0.0857904320776305 0.0893419267707238
-0.151049191387587 -0.0926006824225429 0.000310714065948782 0.189002280359694
-0.158307280801762 0.0235885396221773 0.113756988780674 0.219075787774116
-0.0549039546792528 0.121108602430797 0.191024782733375 0.0650610333663682
0.055071899177503 0.107830962420134 0.137877604108487 -0.0601990123489164
0.106082721053874 0.0385581121266038 0.0608595147930523 -0.0954898266410755
0.0920077992028832 -0.0279775482243032 0.0220819675928079 -0.0661844261025931
0.0740381622558906 -0.0510557540664697 0.0176476305927267 -0.011495628823572
0.0706747473763592 -0.0437121008845863 0.0409704740521117 0.0359623062837689
0.104646824876387 -0.0128529809129085 0.0355711717536206 0.0974137722429781
0.108068350534333 0.0602017737942449 -0.0240919669299131 0.143766030823537
0.0493514895764932 0.121137623579966 -0.116791559160449 0.09212013750652
-0.0911473553532338 0.130843500633564 -0.119768039919621 -0.0388085561950305
-0.174944923271254 -0.00253908147970548 -0.0159868943513214 -0.111841037628785
-0.148824022894787 -0.114008003964974 0.085384574085902 0.0267598778828971
-0.0337296689307096 -0.122026208424048 0.116752664633539 0.13569961061793
-0.0909954864221935 -0.101828461802027 0.0055249419593303 0.190156247768914
-0.126284517835872 -0.0113661570274228 0.074473654528012 0.221362577184206
-0.057725589898551 0.087337639008606 0.150725139551057 0.112751928658953
0.0356127745163602 0.0865173581195375 0.152283413724869 -0.00305821687392813
0.0807895783222084 0.0351983680114283 0.103666501220981 -0.0759392680460649
0.0751123219698271 -0.022421692140751 0.0597913045960692 -0.0750920699438713
0.0597595332980506 -0.0454836289987834 0.0444994870485442 -0.0270532835707715
0.0586880073146138 -0.0399398413825333 0.06593294421413 0.019160862226895
0.0857988150823097 -0.0119936402302547 0.0624372129768905 0.0872212882213588
0.0875719631689664 0.0519068199145103 0.00565544894477582 0.147689510836273
0.0317579064900755 0.10659827251392 -0.0992260921762654 0.111987851968221
-0.0937962822943373 0.0923605959987372 -0.113133755655654 -0.0149730413539982
-0.132712762512886 -0.037483839792893 -0.0121681589483395 -0.0908615055847036
-0.0771530032219666 -0.105717852770037 0.106284512931159 0.0648885340234612
0.0318166576756639 -0.0598849780584102 0.132771668442922 0.155046456367818
-0.0197342342617446 -0.080262661116462 0.00886929240112577 0.179131263271081
-0.0674402667478376 -0.0251690892073689 0.0490071665344696 0.20865297986314
-0.0356489645836199 0.0435956846340172 0.121611804532051 0.136444284367975
0.0182466659350448 0.0455929934543781 0.158900015862649 0.0293890913050646
0.0433984563607261 0.0211872952186473 0.127298810710284 -0.0640711351545187
0.0449660988277733 -0.0142554968815514 0.0837529834921505 -0.0807495588181579
0.0365612002382596 -0.0324520713296545 0.0631904419086663 -0.0392980623847913
0.040303296894733 -0.0307702237526554 0.0834053303316524 0.00690333842092757
0.0601648851648649 -0.0098497214978083 0.0806265696681266 0.0807504078401981
0.0609962210231319 0.0388679006430253 0.0242044491552631 0.150993438505595
0.0130612476630728 0.0852531646829239 -0.091304145567137 0.12483031701752
-0.0880184128262616 0.0487081234572171 -0.113349607277453 0.000523847863647413
-0.0786933902551212 -0.0642008447773455 -0.0140764807227508 -0.07353065988428
0.00239388097542952 -0.0842450800169978 0.107681922739671 0.0952956801217376
-0.0698378613883746 0.0307471856979786 -0.1184737340778 -0.102545167414402
0.0222767710797012 0.0497260304316492 -0.0181733313799743 0.0888027570264797
0.0527195319269878 -0.00640802490724791 0.133999810528123 0.0142382148225191
-0.00222203897049244 -0.0434897387518113 0.115143059610978 -0.13142610831318
-0.0288738215448367 -0.0105695575638919 -0.0348474259249821 -0.176513373199008
-0.0193854426318651 0.00611673546138697 -0.109499243405693 -0.0845962808635287
-0.012723001935236 0.0131978242108806 -0.0961533157062326 -0.00353234184674889
-0.0035237656970093 0.0130567709844599 -0.0811071304740548 0.0461595615304764
-0.00388980295318211 0.00722277399240699 -0.0846317013545902 0.0781758628866994
-0.00111780117090212 -0.00191892092857949 -0.126170320852223 0.0674813661394713
0.000392098727882166 -0.000804369869345759 -0.153842169623532 -0.0144360564981657
0.00793679992000392 -0.00262969882421773 -0.112899060500165 -0.130839042675673
0.0124888293814549 0.0386507593182049 -0.0506163689949081 -0.18538075611251
-0.0467693380203951 0.0475577217734826 -0.00827637938845529 -0.19270878340721
-0.103390922223246 -0.0073632424077375 -0.112040704716127 -0.171226768006102
-0.123190502037321 -0.0225977968388571 -0.0953992846976194 -0.0980280496649923
-0.0415915884532916 0.0466322072245208 -0.0159541852391359 0.102497248572958
0.0144327608350903 0.0313423761797664 0.152780961358358 0.0370235471084919
0.00976160265206549 -0.00125415587117179 0.136740088566731 -0.134800605373188
0.0047567695028842 0.012229910107942 -0.0236465731277311 -0.185369971227102
0.0175237272799789 0.00632011091077127 -0.106492072597907 -0.0929125283150184
0.0165525154674249 -0.00265029515989196 -0.0966475316856315 -0.00620107675842672
0.0245662267612541 -0.00445623639886642 -0.0785670677413203 0.0463993010198743
0.0292451500739266 -0.00446849095882385 -0.0739286965203447 0.0826394519465809
0.0465233853642033 0.00709283509290487 -0.112578865972867 0.0863173262643155
0.0338218133202417 0.042401705021256 -0.15552677364428 0.0202147844907331
-0.00156923445470901 0.0515533696327381 -0.134195013795871 -0.102462858809771
-0.0480064421956347 0.0670850821293485 -0.071860517986281 -0.173439281545543
-0.121899750420894 0.0250118091976845 -0.0163965601436223 -0.175350103656836
-0.164085096489223 -0.062768671636028 -0.0888999494158252 -0.141646133179287
-0.157849094039362 -0.0809345636357801 -0.0592776079867313 -0.0729352187495226
-0.107776503711818 0.0272520956837173 -0.0144922561488829 0.127522645447458
-0.0403200247858553 0.0645188210428706 0.169474858530877 0.0814501333452212
0.0125063545614721 0.0509794536840905 0.17082330088506 -0.116806758945683
0.0389922834549414 0.0423168069372394 0.00691714790762135 -0.18503939317574
0.0571338630120305 0.0100223133950825 -0.0854755204148538 -0.103784645720049
0.0468414026848739 -0.0167240684872244 -0.0839596721657125 -0.017437829752475
0.0490437980373188 -0.0222184922946508 -0.0643764610778743 0.0386918967019705
0.0547740926578266 -0.0178184832948505 -0.0501942044772339 0.0809343074527314
0.0848285086927629 0.00493638315972252 -0.0810675023195045 0.103915208227485
0.0733076392095295 0.0658597132003042 -0.139022394164915 0.0683792413914008
0.014782515330821 0.096632908193667 -0.153445160844126 -0.0500760190128013
-0.0799594010343605 0.110884533439035 -0.10098481620749 -0.146253409403395
-0.178316832435029 0.026028574490201 -0.0243227802416152 -0.159714582787386
-0.206350895225603 -0.0958743969874707 -0.0505121959964959 -0.101598891560551
-0.165263725289606 -0.131812645250078 -0.0111799870536667 -0.0305480941897641
-0.158531876160918 -0.00943501007244592 -0.0129863373766027 0.15251234609864
-0.100773346289184 0.0771682269003354 0.16984432848099 0.139295187863389
-0.00206828576269928 0.099733682250801 0.202013853170674 -0.0684893503901594
0.0623889556960222 0.0755703587907126 0.0543152487869052 -0.165040325813146
0.0904753173529259 0.0193553840093179 -0.0461422664213383 -0.111447706386446
0.072414655025501 -0.025829225464437 -0.0570436124112915 -0.0336552325567195
0.0665632787192475 -0.0363434461113861 -0.0414973156169899 0.0249351463650915
0.0697900402437559 -0.0293343679153574 -0.0207501645031053 0.0709532197413388
0.10710295560384 -0.00246923476361028 -0.0402444123072688 0.110906691116833
0.103397231756707 0.0703160642384838 -0.103755212303361 0.10833701592302
0.0397769033718758 0.120256414377412 -0.153767785214629 0.00890256200026126
-0.0873989545784854 0.143550876203543 -0.120406097975251 -0.109768986376251
-0.203354090590097 0.031345320872887 -0.0252434232430196 -0.144772422939532
-0.218684768887959 -0.110224693648374 -0.00319703367864265 -0.0575837789949382
-0.141310474549887 -0.160676394958838 0.0378670269556829 0.0273331709756672
-0.173389546364646 -0.0549887718898057 -0.00841240410148486 0.17312144236029
-0.145009419334479 0.0604039690565933 0.148848138177687 0.189148982003039
-0.0300231233768468 0.125269608931423 0.209280735280621 -0.000130869326045461
0.0666653799464224 0.100588095979486 0.102485488703014 -0.11936210698222
0.107388452263775 0.0303400205090473 0.00644441925452371 -0.108039029501219
0.0888148004730959 -0.0292553576393767 -0.0197519544645455 -0.0501347112064969
0.0743450824527953 -0.0461956326607275 -0.0120795031853319 0.00807673082062509
0.0738821728659559 -0.038061209276816 0.0113656457991321 0.054250114953528
0.111211239139529 -0.00939738328155479 0.000972485308052387 0.106483261123951
0.113718684224849 0.065495319595016 -0.0608446811610897 0.132543133041876
0.0533048534105027 0.124427274390516 -0.136821092524451 0.0568610706227518
-0.085967030631212 0.148578169463654 -0.124232277459339 -0.0714223445177528
-0.196991951218829 0.0229513305438237 -0.0219153420387186 -0.129724436807272
-0.196871761587619 -0.11406412807071 0.0448301154677492 -0.0149304240539273
-0.0927112671379461 -0.155990102366945 0.0808903827401108 0.0863792395126461
-0.14557402552863 -0.0922890097369743 -0.00242361994137888 0.184717167816424
-0.153242316171995 0.0215063206825893 0.110451223671062 0.2158259288223
-0.0539472601572839 0.11689650142803 0.185751942165102 0.0665134938687736
0.0527393567419368 0.104666521764341 0.135295467453229 -0.0578237496683861
0.102410973088702 0.0372350367319201 0.058855695255435 -0.0931532842731699
0.0886568481048671 -0.026865747182854 0.0214986490853199 -0.0635666456233841
0.0708056295108806 -0.0487747523197755 0.017764148342446 -0.0100161869719194
0.0688781198530833 -0.0414767127213316 0.0403221979395565 0.035879612409556
0.10102163606028 -0.0122682141936129 0.0356463080709375 0.0965453615388103
0.104553676857678 0.0585702470853807 -0.0225429876010344 0.142139887000446
0.0471660202591295 0.116791461823771 -0.115113381552545 0.0888330135199138
-0.0884867640885231 0.126071021153175 -0.118916653702303 -0.0400601095403462
-0.170546688630438 -0.00412728636499439 -0.0158777000808398 -0.110789753628354
-0.144893324287117 -0.112941145283841 0.0825485708423702 0.0258770112167811
-0.0311913408202293 -0.118742218627259 0.110463536148579 0.132641086609817
-0.0878254770055791 -0.100760840295662 0.00138768100463959 0.18666548272171
-0.121939250916025 -0.0115026777332468 0.0715961923480946 0.217403971942948
-0.0564427276431723 0.0845050998175098 0.146745746794841 0.113790087864193
0.0342592421492915 0.0835563935631832 0.14918637908071 -0.00160454009410496
0.0780875140048441 0.0338415896671928 0.10042032430991 -0.0734329557866501
0.0726237695253931 -0.0214331491015258 0.0572576162967665 -0.0718612794945077
0.0567078949722639 -0.0435216322576713 0.0431097953843971 -0.0249247769979247
0.0564068609286619 -0.0386037681981911 0.0643814632663354 0.0198149931377296
0.0827924657729549 -0.0115661965214204 0.0612479377946626 0.0864584605755535
0.0847707556044384 0.0506099015189202 0.00574913262511928 0.145941534616954
0.0301687494452509 0.10346594007279 -0.0978786859219139 0.108453968766731
-0.0907612114063304 0.0889542877190885 -0.112174243234939 -0.0165380619480838
-0.129182521473017 -0.0374418724313445 -0.012750056985048 -0.0897040860287862
-0.0751114636536662 -0.104395308522944 0.102333378567836 0.0628527769750164
0.0315131839760148 -0.0580383315043329 0.125934214028002 0.152910882971685
-0.0198728506887705 -0.0789494203769217 0.00506345726623456 0.176520912058037
-0.0654011971205622 -0.0243542211109864 0.0463227002611631 0.205183647759413
-0.0344891567751615 0.0422579584444297 0.118511077680146 0.135462168119675
0.0176811704040855 0.0436087186278635 0.155983019490526 0.0295075151565811
0.0422858800623695 0.0208475864385238 0.123120167807378 -0.0623443763179726
0.0433056500105583 -0.0142991362234805 0.0803974746632307 -0.0783368416444887
0.034454774121785 -0.0317686791685288 0.0612838444729173 -0.0366554859576864
0.0385257753733657 -0.0295754825014423 0.0811187567425892 0.00790998289573178
0.0584818887969114 -0.00976606356260292 0.0782677412097307 0.0806743355877025
0.059530528014511 0.0381362469107357 0.023789609848501 0.148586058685184
0.0127614176449913 0.0827448896675554 -0.0900994053635164 0.121308877046341
-0.0854382932592185 0.0471095129396551 -0.112074197664527 -0.00154077666711401
-0.0772194797267927 -0.062095286921288 -0.0148224886283041 -0.0727607441829096
0.00190482213814774 -0.0821924101614881 0.103756186140895 0.0925933640322109
-0.0706526618734892 0.0290929140473985 -0.115521354839411 -0.106487989215161
0.0208969490882973 0.0500565892362441 -0.021797478690272 0.0876560991150424
0.0529432440700441 -0.00601507208102377 0.134652967974123 0.0185047798601241
-0.00228227468874385 -0.0434703071664921 0.121558817811973 -0.128727833331324
-0.0288415508729819 -0.0106247930824664 -0.0297657317292507 -0.178221349394245
-0.0191038940507508 0.00608881914265722 -0.106873023557689 -0.0894354694828024
-0.0125686432991486 0.0129603406089387 -0.0956181606231764 -0.00879371673070294
-0.00273776550587621 0.0132871435079639 -0.081816686931252 0.0424084723470798
-0.00302812203369874 0.00777392311179181 -0.0858227301458909 0.0749423949445616
-0.000713383001942804 -0.00140718549369099 -0.126369724068592 0.0646022258675739
0.000257369362425714 0.000437758783435462 -0.153314874417836 -0.019332707858609
0.0074535288096048 -0.00232809200651836 -0.110654908909338 -0.135702540965859
0.0115891494377448 0.0375753740777438 -0.0441693828640629 -0.188062583830795
-0.0470120113863414 0.0460761132452953 0.000680103833370227 -0.194756499781584
-0.103134724222042 -0.0100142429990426 -0.104589740126701 -0.175924663568703
-0.122231610663052 -0.0261452908617848 -0.0934408185105619 -0.101399995520753
-0.0424048009355397 0.0448188443872184 -0.0195673550403469 0.101236036702927
0.0137946279157282 0.0303375579104131 0.152608717935402 0.0421691102102898
0.0086768564390203 -0.00157313378106842 0.143008377478393 -0.130710680940499
0.0039806387725249 0.0129471207320119 -0.0182298167168064 -0.186828967372292
0.0173973960094352 0.007698786504139 -0.10331518900042 -0.0966780262716073
0.0167135929921758 -0.00183726099469262 -0.0952450268122845 -0.0105018731318892
0.0250712854547968 -0.00325053339716916 -0.0783908416674094 0.0432421239755364
0.0299270617409552 -0.00264116020264968 -0.0746070264788874 0.0798746312005182
0.046176921561182 0.00927747762216591 -0.113318852164832 0.0836762151166715
0.0323586627172299 0.0437419214807804 -0.155944317902544 0.0164390964225817
-0.00486889188674893 0.0516438115602129 -0.133013937814544 -0.108098016560716
-0.0496267934986626 0.0636205396439029 -0.0664550447706748 -0.177118170253669
-0.121633157855379 0.0204737198186184 -0.00851068931505832 -0.178761695951916
-0.161770262293039 -0.0680184578833154 -0.0822815634364727 -0.146107565598894
-0.154963268725758 -0.0854404917896671 -0.0581648352319328 -0.075419342567746
-0.107483558937571 0.0236315071246981 -0.018311957123639 0.126713510324659
-0.0421083104058906 0.0617379912143475 0.168945406874163 0.087759772789103
0.00998742119113368 0.0501260086662633 0.175396934264301 -0.110382667862489
0.0371896101733859 0.0435884666657318 0.0128565699841967 -0.185510823054675
0.0562402549146684 0.0119321548246621 -0.0823856276920478 -0.106690697031969
0.0469093160633951 -0.0148495692433742 -0.0824343002850649 -0.020714706287223
0.0498943400671774 -0.0200289432041731 -0.0643430604782118 0.0360993483410737
0.0561830168842194 -0.0146887920578289 -0.0517196420448846 0.0788947246519667
0.0846562509443739 0.00816624110871632 -0.0824503454298379 0.102829562301145
0.0715169527601365 0.0678823826712393 -0.140538623854632 0.0656226852158073
0.0103943880648345 0.0967387045032148 -0.153588510659013 -0.0560024539928891
-0.0835715644029369 0.106309653312613 -0.0976752450385345 -0.152140304968856
-0.178674739955271 0.0197010160987754 -0.0178924368042354 -0.163356864650768
-0.203533099655763 -0.10263187072651 -0.0467060190532874 -0.10431078593057
-0.160505823283668 -0.136337436221941 -0.011958526098843 -0.0317843770440339
-0.157446376848867 -0.0147388265808437 -0.0185114238057066 0.151766815455988
-0.102220098919079 0.0727295635528707 0.167378410265054 0.145305388581369
-0.00553297311592701 0.0985787795532974 0.20587536380959 -0.0606060921626956
0.0598305257363751 0.0773780273866683 0.059618973394167 -0.163765074205156
0.0887454781834138 0.0222712133167371 -0.0434628555072077 -0.112985051314231
0.0733303173304255 -0.0232192065535823 -0.0555704002354789 -0.0353984035354082
0.0674765818363263 -0.0335156587593477 -0.0408996368489677 0.0242979342051885
0.0711028454073814 -0.0256996460992316 -0.0211397327514893 0.0697284516025821
0.107172216627444 0.00123478655096849 -0.0418289165094141 0.111160977858452
0.101098556839294 0.0732888768421134 -0.10654552553525 0.107692414506286
0.0352777040304251 0.120844970269379 -0.155653707498782 0.00335040540810213
-0.0917574374200578 0.139005491938479 -0.118460031062103 -0.115900458256362
-0.203738518704808 0.0249505064390576 -0.020619166840269 -0.148225707427181
-0.215345463663927 -0.118304106247845 -0.00111391712393791 -0.058378404647666
-0.136120033569426 -0.164784913244171 0.035058955091736 0.027962161654927
-0.171319767266698 -0.0614972954343878 -0.0150849431950996 0.172731223572299
-0.146212279923675 0.0546201120606091 0.144010713766665 0.195250806344822
-0.0340020061977866 0.123031816942645 0.210339505846988 0.00837546262337464
0.0633269022445982 0.101842306803646 0.106875706553612 -0.115924027015388
0.105852301702639 0.0333300535474124 0.0091968288223729 -0.108374593764275
0.0890423382149867 -0.0263584816880182 -0.0179376849623908 -0.0503266384589445
0.0748465917628009 -0.0431311113329094 -0.0113002040457095 0.00796954679527811
0.0748919160765555 -0.0346093065569097 0.0112656084982464 0.0550176751438254
0.111094874035075 -0.00585834971105068 -0.000962265742017805 0.108297262071756
0.111788490201227 0.0683215834659279 -0.0634136086759093 0.133621867331837
0.0485974477188902 0.125571347081044 -0.140374441924937 0.0533661109773087
-0.0900101360558152 0.144436657133996 -0.124384315977612 -0.077405261227372
-0.198517031587931 0.0170566975085163 -0.0186170673273168 -0.132915989025699
-0.193602019554904 -0.120454530190903 0.0454731854919769 -0.0146047946116194
-0.0873074624088518 -0.159232791406647 0.0758861315668082 0.0888471064631183
-0.142272375127443 -0.0980990479175552 -0.0103878179289966 0.185112070430041
-0.153575783011457 0.0157818809327096 0.105182900971121 0.221307453847398
-0.0581045044523975 0.114411702480721 0.184827601309158 0.0748082191595955
0.0494878118479671 0.105543089998668 0.137923195630711 -0.0531502109181694
0.101030491089766 0.0402585172995502 0.0608506260665289 -0.0917626942888969
0.08876228964792 -0.0244003269770162 0.0227891661083386 -0.0621800432330895
0.0713162408845606 -0.0461732214330366 0.0187254852606343 -0.00864866401286997
0.0696543668000766 -0.0384591156490101 0.0406406498384432 0.0375775407979457
0.101092162992083 -0.00886848927203195 0.0341325010233351 0.0991490735589263
0.102995346970218 0.0612041641959662 -0.0260100942387957 0.144407802446128
0.0428465172325049 0.117515852651736 -0.118782696478284 0.0858076975469309
-0.0915574337674228 0.122580397846202 -0.119244779237297 -0.0452892313784878
-0.171085758363347 -0.00937453640110614 -0.014137594571754 -0.113071360137717
-0.14183711948787 -0.117978587383982 0.08110514424158 0.0273270721242569
-0.0270123307498991 -0.120558529809531 0.103998721383361 0.136328007681663
-0.0846674291391589 -0.104396525734187 -0.00690360402771195 0.187615303631709
-0.121522161246667 -0.016147288310744 0.0648414245696371 0.222262937222849
-0.059040304529736 0.0819597477491094 0.144275760481568 0.121273647139626
0.0317611972908859 0.0840738967157246 0.150871298845423 0.00349046692087981
0.0771024663461112 0.036200308674932 0.101524322177375 -0.0714039099310468
0.0724510920478564 -0.0198482925434921 0.058793542385479 -0.0702456638267502
0.0567043598866356 -0.0420161449533128 0.0442174060200047 -0.0228886914395996
0.0572769417494455 -0.0363340091617708 0.0645811258508503 0.022014526184301
0.082269137046663 -0.00926084693757956 0.0600660846533048 0.0896902078086517
0.0831257495405536 0.0523419854209747 0.00214158528196397 0.148385213447255
0.0270398882750988 0.103432448393181 -0.102127899827402 0.106565677651139
-0.0930794847465047 0.0860460107034195 -0.11334627184221 -0.0215531770709965
-0.12881782976018 -0.0409081395665002 -0.0115397213429755 -0.0913357495507457
-0.0723101741643353 -0.106389238023189 0.100154178661717 0.0654088302462907
0.0331594122596131 -0.0578576706467567 0.119076490356436 0.15700760863061
-0.018333129751753 -0.0798286801148722 -0.00320245553006835 0.17887507347777
-0.0643003478116086 -0.0265351705929537 0.0396478270754909 0.208501253553965
-0.0355510297985266 0.0405543552592778 0.115190836585062 0.142412166402405
0.0164780808697924 0.0433713154846565 0.156024283604501 0.0341217142443017
0.0415295190312105 0.0216207873944896 0.124338195829252 -0.0588220898887589
0.0427676968315196 -0.0131742661313179 0.0818966146346883 -0.0752902891400367
0.0341431998141765 -0.0309197271372541 0.0624841423366231 -0.0335198519866423
0.0387915381457179 -0.0290146849475224 0.0810631342263426 0.0113887702462362
0.0579914004935382 -0.00876339890744421 0.0769880050192627 0.084701198006072
0.0584656499262093 0.0391078695936381 0.0201800529401606 0.151215654029405
0.0103683032894711 0.0819987091206137 -0.0946844113205569 0.119482567058673
-0.0861238780733417 0.0447221487559188 -0.113765851597041 -0.0057756267057328
-0.0762794881134307 -0.0640992829540053 -0.0135617832198082 -0.073412924261987
0.0034650090525401 -0.0817807572036813 0.100332810741085 0.0945898674037219
-0.0744835834158571 0.0289569682586266 -0.116731004741957 -0.114834916052334
0.0201755154407697 0.0520119110237137 -0.0264002070398523 0.0907103130183358
0.054836084423178 -0.00562389936877265 0.139806997113867 0.0243133242880497
-0.00189702993347233 -0.0452014161459876 0.13303878482881 -0.13017937788267
-0.0302604844267148 -0.0108764732354466 -0.0247196817113413 -0.187335237566322
-0.0193926639237437 0.00629562473519916 -0.107943464301853 -0.0977018261420465
-0.0128979138050929 0.0137892997217036 -0.0983485935649344 -0.0149771025238003
-0.00248723538922801 0.0136676357277262 -0.08568537237619 0.0405921905004018
-0.00235299341043768 0.00839141950129226 -0.0901521014766069 0.0739835489453137
-0.00119784975898935 -0.000617066010070149 -0.132041818089943 0.0631318768112792
-0.000261857801883536 0.000483567755546325 -0.158861776676638 -0.0249354941396254
0.00665969059335661 -0.00192531040971857 -0.112183715383138 -0.146725023699516
0.0106306574808378 0.0381148629688563 -0.0396071005702112 -0.199062553784345
-0.0494464796359702 0.0459817519454569 0.00960656979213422 -0.204969633301371
-0.106533591812915 -0.0131648605409891 -0.0999473715586392 -0.187959274850025
-0.12642212123797 -0.0299631910751435 -0.0943502698398744 -0.109371491255252
-0.0446270493044361 0.0447023383345585 -0.0241766231187426 0.104845577407693
0.0134452401381383 0.0304540679326513 0.158130384502958 0.0494622538812025
0.00776099753360284 -0.00188304990429134 0.154604551185505 -0.130839858523284
0.00263022660653177 0.0145046269081429 -0.0130581730989586 -0.195487446031227
0.0175544274212806 0.00870501542955764 -0.104223645152492 -0.105091407435939
0.0174468974600225 -0.000743861964126386 -0.097617445084078 -0.0160880263319605
0.0270552323738141 -0.00189295247845414 -0.0820354153040739 0.0417074320420973
0.032541507178103 -0.000635087828259922 -0.0787353496457424 0.0800297621486565
0.0476679225155551 0.0119139555668876 -0.119062229795902 0.0842723429984064
0.0317535792295228 0.0471132928626858 -0.162645734742122 0.0129978092579561
-0.00856671280947373 0.053358294966279 -0.136638288058464 -0.117800687913655
-0.0539799969862803 0.0629848161481109 -0.0628248510077534 -0.188953458437169
-0.125918005228151 0.0168140715648667 -0.000845045264011465 -0.188768771186162
-0.165835761579467 -0.0761558482370799 -0.0791123789763848 -0.155946383681627
-0.158052031241334 -0.0932258994586968 -0.0592691752523928 -0.0813964237447285
-0.111765534523674 0.0200973232854122 -0.0239750302819743 0.130842151825983
-0.0449551924516398 0.0614064149572064 0.173882137297808 0.0975694488305913
0.0074518296256781 0.0514522657081197 0.188564732279607 -0.108842675710851
0.0365732362597073 0.0469437812379892 0.0196506656282924 -0.193193880248349
0.0577739144585807 0.0147713813433815 -0.082293947253751 -0.114733059433693
0.049275474726998 -0.0136208371748776 -0.0837956731944988 -0.0252288057176747
0.0524296197803068 -0.0185438959847585 -0.0663703783843259 0.0357807184758111
0.0593683781224406 -0.0121578716435147 -0.0540444545603971 0.0799171968959229
0.0883208324114588 0.0118680869871559 -0.0870238792607618 0.10484726174734
0.071446108429108 0.0728223058200149 -0.148074639035717 0.0653875297042382
0.00623625693389783 0.1006889650636 -0.159718225942197 -0.0647847727693551
-0.090915378360602 0.106180151700494 -0.097696009255262 -0.16403308526474
-0.185628903955645 0.0139299387258111 -0.0121505651538755 -0.173726486219331
-0.207942733113089 -0.113962527145786 -0.0431759915352994 -0.111107540578483
-0.162041629287894 -0.146888597438828 -0.0136932637803446 -0.0343726294607799
-0.162209957127142 -0.0215799691161792 -0.0257485763876855 0.157009736275828
-0.10765022684165 0.0711385539887887 0.17066763789417 0.158508346989122
-0.00974424483960849 0.101186437726825 0.217853241117277 -0.0547333631953009
0.0586380572906302 0.0822543409857168 0.067928134391129 -0.168541695726299
0.0914378291499534 0.025639187650591 -0.0413142365209149 -0.119211437146783
0.0764990467132713 -0.0214660826617731 -0.056215192458593 -0.0386898866766053
0.0712969136780595 -0.0322372582894929 -0.0417599877779436 0.0241874255318042
0.0756878595206091 -0.0235397586442757 -0.0228575648004839 0.0726267670721271
0.111011516886744 0.00526687708876592 -0.0454255056717951 0.115380935065965
0.102816757706003 0.0795275071048768 -0.113014757400457 0.111022060745982
0.0317925443304753 0.126480114516008 -0.164061017511651 -0.0024106336663358
-0.100058477575776 0.140214017687096 -0.121242105866885 -0.127160330005961
-0.212196083135565 0.0181793297356134 -0.0167859572910839 -0.158107644096621
-0.220174730067248 -0.130774082420909 0.00128380457437664 -0.0624160147235907
-0.135223073109395 -0.176120228914213 0.0330877576641097 0.0289398392570628
-0.175171245141104 -0.0707634058084373 -0.0236171559490426 0.179259520335797
-0.153170311854066 0.0506898481882958 0.144535308488097 0.209671243537931
-0.0403211244807494 0.12629863955205 0.2206152748521 0.0181113785350415
0.0616651107617349 0.107800694863 0.115598507446676 -0.117524080852509
0.108430917506645 0.0379689932000615 0.0121172097713102 -0.112420275611099
0.0928184153630926 -0.0243952443988013 -0.0171989032193526 -0.0525977331784569
0.0780640461869852 -0.0416684980391641 -0.0104952955895938 0.00867130362842524
0.0793896767540198 -0.0328841717894419 0.0110714240146042 0.0578875148977248
0.115520361215031 -0.00216110408949904 -0.0024825231492951 0.11391654849831
0.1137945408647 0.0743585900505829 -0.0692738207687698 0.139666383077848
0.0453018397315886 0.130942876568085 -0.14884772507238 0.0508007955859582
-0.0979779700198488 0.145930953513788 -0.129257463309713 -0.0871805999023095
-0.207411489347684 0.0107259014974008 -0.0158784539054814 -0.141257681713403
-0.197399339032513 -0.132999101462748 0.0477191381032092 -0.0144796049256187
-0.0847450075830176 -0.168880244805147 0.073883694585204 0.0937865508524765
-0.144513056524319 -0.107493692464871 -0.0195174429019244 0.192384708226813
-0.159698923285884 0.0100890082849717 0.102143134471742 0.235753805567789
-0.0642622256726467 0.11617946868483 0.191677724254598 0.0861200012722906
0.0476370024008189 0.111112312637513 0.146677895632477 -0.050597391837855
0.103475580424515 0.0451614804364259 0.0651742280594594 -0.0937237803922354
0.092393340502728 -0.0223094530418807 0.0254279942680042 -0.0635838236671213
0.074207736826497 -0.0454595839373637 0.0206172118220205 -0.00772540121086967
0.0734630294942601 -0.0372515154521586 0.0421121370721833 0.0407830658455872
0.104401551302246 -0.00583477122620175 0.033729969527146 0.105425614911373
0.105251087116593 0.0666492785583814 -0.030152017859922 0.152030025163233
0.0399592985774986 0.123050110955309 -0.127580783410644 0.0859211369070763
-0.0989699467057164 0.122896413533462 -0.125333658749957 -0.0526702716967501
-0.17751014628626 -0.015012332514182 -0.0118509328776369 -0.120416153014424
-0.144227341800167 -0.127424300916088 0.0837634655651176 0.0303045877254864
-0.024515031842093 -0.126355129881998 0.101144839343947 0.145523975552801
-0.0855339599289943 -0.112309823932332 -0.0162848029599285 0.195815635620221
-0.125891382098824 -0.0217032008061508 0.0596484949156659 0.2346936554586
-0.0642165743525941 0.0826500635062051 0.147330137866311 0.133026101368927
0.0300759514215804 0.0879826604293808 0.158932783742895 0.00857989587354458
0.0790646206651149 0.0398174405803674 0.107043076855764 -0.0709760716275602
0.0751819129459016 -0.0181691100675053 0.0623652653872045 -0.070456077811792
0.05896106858578 -0.0411196591823128 0.0476420941775768 -0.0214083069248957
0.0597017799755629 -0.0360734842853795 0.0673199056505109 0.0261542481273745
0.0852290585452375 -0.00702840039422679 0.0604054510120247 0.0974204671760425
0.0848408211691191 0.0568949984776088 -0.00101992675159259 0.156624721538141
0.0244549218750621 0.107538304036591 -0.110622228559499 0.108081568075334
-0.0989458752454278 0.0857263936952115 -0.11964830261762 -0.0268230784203713
-0.133195747699234 -0.0460282266843468 -0.0103755196474904 -0.0966453820734963
-0.0723273661155019 -0.113037335084996 0.101533175397866 0.0707704499459703
0.0360967611611883 -0.0595160907954251 0.116386326474663 0.168222121137366
-0.0171787576160043 -0.083620468375673 -0.0123320413905838 0.187360068732375
-0.0659978229795303 -0.0295662679500559 0.0338780575528081 0.220279704465675
-0.038205468722252 0.0404068604290235 0.116429298864604 0.153789500062952
0.0160256050503804 0.0456365508820239 0.162980938823322 0.04080460531185
0.0432747277245531 0.0236857709321018 0.130351124031084 -0.0573569126007678
0.044427480077789 -0.0127273808607333 0.0864619640388283 -0.0748729954221725
0.0351904039828462 -0.0306515016733211 0.0658218699342664 -0.0321494006882741
0.0407226915766163 -0.0290281285367489 0.083864215502482 0.0153015885140615
0.0598564444346168 -0.00764571355365448 0.0780833749159491 0.0923130224470451
0.0598705754605817 0.0423623520470004 0.0167683730235412 0.159760744840195
0.00818454556442726 0.085183495775329 -0.10289030598609 0.122206420039183
-0.0903008392515036 0.0435078956795998 -0.119540435843676 -0.0107109817259446
-0.0777932452285972 -0.0689170245520798 -0.0132026328247628 -0.0776811987508717
0.00613938468815585 -0.0839735952206207 0.100667810584501 0.101204333335252
-0.0800683734471742 0.0315979184761401 -0.124908258297849 -0.124954711757043
0.0218696915329824 0.0565300671525534 -0.0295266666642864 0.0973684750492029
0.058647514976486 -0.00672567211603819 0.151085571204868 0.0276192737803143
-0.00309178762478817 -0.0486468649936111 0.14588687720929 -0.140713314013237
-0.0324012276448 -0.0107857551337538 -0.0264407285797651 -0.202864641606291
-0.0211259094852 0.00675581114860823 -0.116026412519071 -0.107673739265862
-0.0138912213500158 0.0151818865223606 -0.105290671293688 -0.0199335123107039
-0.00204583392388172 0.014894519264881 -0.0918171483111004 0.0416366260497369
-0.000887439800335996 0.00980188778910332 -0.0970093918569127 0.0778561664324386
-0.000600819996671953 0.000321785423918406 -0.1414702397661 0.0672223734267863
-0.000485708016842586 0.00121466851444728 -0.171326333683421 -0.0280568643398416
0.00558480357807792 -0.00190460203884516 -0.121320362937217 -0.160513211117
0.0113162440213711 0.0398708971556393 -0.0403571983247649 -0.215830702029839
-0.0518801149339793 0.0486981857818982 0.0151616448554465 -0.223576549523082
-0.114116140293685 -0.0148248853949931 -0.103756034118347 -0.204812123742578
-0.135457917607992 -0.0322286133128468 -0.1010250460798 -0.118607838398529
-0.0478356924307649 0.0473948192286857 -0.0282287633874152 0.11183090617211
0.0140089912102728 0.0318966735651035 0.171075547849891 0.0552854183901915
0.006544879207246 -0.00294538521579424 0.169840437954121 -0.14018084322602
0.00262252551589679 0.0166497817593531 -0.0119859712154126 -0.211005070651688
0.0187918699522313 0.0102085949929254 -0.111201465369842 -0.115134877620185
0.0186615030950558 0.000373530825362979 -0.104226241146378 -0.0199937496531242
0.0295128701944432 -0.00117417742410878 -0.0872720204534952 0.043454888397452
0.0361830268225131 0.000643937665539291 -0.0835589669168798 0.0843791844436443
0.0514534176269313 0.0138992440043316 -0.126779042544512 0.0901550828286968
0.0333086782651656 0.050867359021349 -0.174988561345945 0.0135778694935058
-0.0108918244981947 0.057589978291915 -0.147981201019495 -0.129800061384751
-0.0590872360462233 0.0653965811603668 -0.0665777797398348 -0.205797670123252
-0.134827826524737 0.0160289401038152 0.00301681198909527 -0.206216921829573
-0.177111596107061 -0.0837902011092085 -0.0809766169907271 -0.17042904767083
-0.168936035400407 -0.100205478723617 -0.0645207539624854 -0.0886741274130932
-0.119397775189187 0.0199148058317921 -0.0288155143015491 0.139854946447492
-0.0482506077507672 0.0639471696227834 0.187475763315334 0.107610596481077
0.00625445630087655 0.0545254041940035 0.205430161268856 -0.115056123323014
0.0386289560300849 0.0510086724845268 0.0221981494985478 -0.207973880292685
0.0617123926558291 0.016423217113646 -0.0876463522068146 -0.124667061231749
0.052765582898427 -0.0132178951958696 -0.0882872382612838 -0.0289131108880426
0.0566776326004249 -0.0183587945526637 -0.0702119030827148 0.0376115707903583
0.064607078609661 -0.0116134063198877 -0.0569317949406185 0.0846885426574692
0.0943554278483138 0.0147064089735813 -0.0922617558650709 0.112898839428876
0.076013938424676 0.0786151874207373 -0.158639884956369 0.0716304556686323
0.00421571950038292 0.108603340983001 -0.173855754351599 -0.0713871469298571
-0.0989155130533701 0.111275714724636 -0.104854765047664 -0.179972859431212
-0.199147219651903 0.0123391535417758 -0.0105292755775777 -0.189639450786024
-0.221724481459975 -0.124851059236457 -0.0445044149664653 -0.121669186819905
-0.172312291655726 -0.158832385269481 -0.0162468852679557 -0.037887869064427
-0.173179890366518 -0.025105581027635 -0.0314418902426059 0.168774327088522
-0.115786455641761 0.0741442185311579 0.184101479063652 0.173031910246814
-0.0123056496810617 0.107539447818738 0.236323761310717 -0.0561001156466945
0.0620415760148663 0.0886826713520924 0.0750618861799305 -0.181100695732952
0.0977743181415188 0.0286359530462875 -0.0444744239218502 -0.12920903771742
0.0818669717817257 -0.0217272916483352 -0.0597655794870298 -0.0422084027755946
0.0762629690855652 -0.0331229796017695 -0.0435899206240599 0.0251845995533173
0.0819813038347876 -0.0234905185781955 -0.0233917830169635 0.0771877972540061
0.11942236870682 0.00687589083028543 -0.0469907642477144 0.124633254576109
0.109760531039811 0.0859492241465584 -0.120700688772131 0.1213421803908
0.0312147450229555 0.135961697941691 -0.17854325793656 -0.00484999276797658
-0.108594084591882 0.148450645775018 -0.131864601850912 -0.140310801480948
-0.228582053239776 0.0180739441879643 -0.0168983923747561 -0.173601159945522
-0.235583918419868 -0.143176169258773 0.00213962602734875 -0.0683443360685505
-0.143430894950841 -0.190163503539627 0.0329301534888936 0.0309238930079503
-0.187402913137311 -0.0782241396215109 -0.029364913451935 0.192584166466018
-0.164375592499401 0.0517595398395429 0.155163802699277 0.228505816249602
-0.0444300721185988 0.134087769257627 0.238914258129983 0.0224465562001274
0.0652866213321334 0.115977845339214 0.12619612555199 -0.12561035783768
0.116247143809582 0.0417623988665415 0.0126218311473146 -0.121198210140225
0.0991248387756306 -0.0251952494357123 -0.0183958042924937 -0.056322000230051
0.0833787311117884 -0.0438378279823908 -0.0105811809888247 0.00940237117115092
0.0858560342666453 -0.033887223576966 0.0131968206298672 0.0621219634013346
0.12378763894092 -0.00128579440547988 -0.00110114775053002 0.123633851921849
0.122082381906948 0.0809474316150515 -0.0742102372696003 0.152606518886969
0.0464305529733713 0.140904608570006 -0.161649245860797 0.053161039610842
-0.106109623375245 0.154952849342073 -0.141462688204577 -0.0972460786028742
-0.222533664314985 0.0101846086609923 -0.0168319963231979 -0.155174468305583
-0.211082610825814 -0.145103635541276 0.0509037736119347 -0.0162426732514419
-0.0896522099374559 -0.18275887494833 0.0757601987291682 0.101834118742696
-0.154236116972964 -0.117297429945767 -0.0254525955205163 0.207549579159945
-0.171682917841877 0.00856197126333316 0.108555666990213 0.255613932091109
-0.0706918927139073 0.123763816315574 0.207132166195112 0.0969507258943037
0.0501430541094045 0.119238367273907 0.16015673963302 -0.0534193572719458
0.111001782449571 0.0491019328526046 0.0704426058142077 -0.100435461082467
0.0990491933210184 -0.0235849929744779 0.0269092977213557 -0.0677449014821797
0.0784951550519157 -0.0473695832266324 0.0226238107861613 -0.00733137310193638
0.0787271913850339 -0.0388081546513457 0.0461339353967845 0.044667713388797
0.112085723617694 -0.00518376862183704 0.0372828737572986 0.115088157886848
0.11239366150007 0.0721622232383626 -0.0319026841873333 0.166009917486963
0.0417952588095246 0.13104152326737 -0.139172999791389 0.0921608028181334
-0.106515724925116 0.130734567338544 -0.137071474526561 -0.0597561568261365
-0.191164226279824 -0.0175311469984833 -0.0135061846395103 -0.131489279403608
-0.154203738541933 -0.138813193755056 0.0885347336436428 0.0321679883125708
-0.0254068349791952 -0.13702592561684 0.104726700356845 0.157138380252309
-0.091430261224601 -0.122173423144224 -0.0226587672000321 0.211548915530463
-0.135385986792309 -0.0253403564431564 0.0626750185731826 0.254967076159918
-0.0702571411989197 0.0877807605052525 0.159026257358734 0.146826233799054
0.0317217741570498 0.0939612064382129 0.172469240868316 0.0101769903265536
0.0850716675800587 0.0432112736087602 0.114875985322125 -0.0759667717557278
0.080301293165839 -0.0190422988176433 0.0670460121691099 -0.0747352613785062
0.0620392200482232 -0.0433328871935503 0.0517586516667289 -0.0219595902329267
0.0635263117923816 -0.0380341896480116 0.0723807490917196 0.0292980594439119
0.090966020302656 -0.0070778566025143 0.0661212797301452 0.106474369210941
0.09112521523292 0.0619061825312417 -0.000627619884915698 0.170828342551792
0.0251087292626428 0.114488903364238 -0.120837636855856 0.116029595782536
-0.106850963289258 0.0907569652123522 -0.130887975556957 -0.0310410154566933
-0.143248962145253 -0.0501883879876633 -0.0116098117721201 -0.105678408097966
-0.0771972618562022 -0.122019524228635 0.108081523627479 0.075757976950077
0.0388350205522294 -0.0641382748440554 0.121571718563964 0.182512738146149
-0.0191588745259553 -0.0898092867958529 -0.0180821171814385 0.203910642889565
-0.070570805288633 -0.0325229281406403 0.0344008750661138 0.239160323161798
-0.0410438560175227 0.0424126825762213 0.125854082074671 0.169250857642771
0.0167049548623948 0.0483446167307853 0.176514938065283 0.0448638648807542
0.0470766244967833 0.0254499545468082 0.14034438747104 -0.060581842335578
0.0469731162400867 -0.0139552023814262 0.0923257648980927 -0.0797108509865546
0.036298212806223 -0.0324584189598602 0.0714991962430721 -0.0336549478719564
0.0421366030589184 -0.0311617597239662 0.0907738253408089 0.0184032112730298
0.063419764411042 -0.00807506068152994 0.0841438004009684 0.100914202634856
0.0639762570157216 0.0456900994388863 0.0178548193096681 0.173333645649875
0.00841072810661022 0.0911970064311506 -0.112226069240596 0.131231229613819
-0.0968814036317301 0.0463557393851903 -0.130494433512962 -0.0131542210419065
-0.0837265497473697 -0.0738682094878866 -0.0141660056235779 -0.0845426860191878
0.00671760629392072 -0.0901064944797247 0.107464881551184 0.108103288236515
-0.0794225090176858 0.0495181585840552 -0.154350773457033 -0.121495699194808
0.0316486947874502 0.0568370068857108 -0.0190545311617181 0.110077219941651
0.0602196207058268 -0.0169029708129157 0.166453895032113 0.00752857249409221
-0.0106372167286317 -0.0488161085067578 0.13358231890418 -0.17643055146705
-0.0329203777016098 -0.00519183491396546 -0.0628343659880182 -0.213875921450883
-0.0198773945405646 0.0108780783646661 -0.142773032451821 -0.0986357211658757
-0.0121441227522798 0.0188178912524626 -0.118910126797603 -0.00601423351341949
0.000931660647971773 0.0162503930969813 -0.0909291909223421 0.0571248389886917
0.000841489419251193 0.0101384289876591 -0.0902910202383545 0.097716521457927
-0.000208616971269645 -2.2481868331248E-05 -0.139455919303089 0.0941416371950679
5.01503028561951E-05 0.000477680251724683 -0.189785760182174 -0.00314345099768707
0.00547972575920421 -0.0013029404152165 -0.158106222437846 -0.155539847991408
0.0185417048059294 0.0388753017949328 -0.0772681079538033 -0.229559969252803
-0.0464384685895939 0.0601858360618404 -0.0157124157987473 -0.244244471008341
-0.12234132090409 0.00405746622746072 -0.141192057061064 -0.206457512234486
-0.15074114009821 -0.0108759939610838 -0.120675469128754 -0.118642516100862
-0.045001559163939 0.0571011326595708 -0.0127664726353451 0.123929961338694
0.0178682818877013 0.0314092311817395 0.194360717821566 0.0298991049075907
0.00574205535516869 -0.0012686360577788 0.158296783266511 -0.18213452985249
0.00824996313039133 0.0185463490205573 -0.0512303926805784 -0.226436626490768
0.0230375698390114 0.00832736586838533 -0.14024332542733 -0.106850014984169
0.0209057592851329 -0.00164880914815794 -0.117352585184586 -0.00609985190587816
0.0319505664130982 -0.00577183076254613 -0.0852354917631118 0.0584139038314107
0.0389593654386869 -0.00523484218655902 -0.0751692638974489 0.103092214093694
0.0568116381912657 0.00618907638050644 -0.119888746712012 0.11630013699324
0.0435246801894135 0.0473567906024888 -0.186989205982653 0.042231289493458
-0.00361835767289904 0.0643248709136839 -0.182404618337952 -0.119063904390617
-0.0521821951776253 0.0773488940832407 -0.103687792768788 -0.213600705444341
-0.138405582036903 0.0383078947695928 -0.0273613156290308 -0.222010112973112
-0.199493049850116 -0.0591707780844319 -0.11299914074333 -0.173032806418615
-0.199949233359456 -0.0790892329948021 -0.069736796195517 -0.0895904126018029
-0.126743714634927 0.0375781719903002 -0.00534025074947437 0.153346627959048
-0.0453044651481023 0.0756207063645048 0.224208285092059 0.0802420678745733
0.0128306441153664 0.0602631214337468 0.200733253470484 -0.163369122608278
0.0509030698400684 0.0504676129500779 -0.0147223433286634 -0.230389262837987
0.0696989679997319 0.00877557839922439 -0.118657101538375 -0.120253378279582
0.0546383385014315 -0.020967333290865 -0.102818345286017 -0.0174250198820719
0.0583155688516531 -0.0281391745671545 -0.067979124637378 0.0503707130798311
0.0675039652170123 -0.02213145119932 -0.0461566724622933 0.0990925326039064
0.102296174933116 -0.000184889535442695 -0.0784667989604851 0.135322285988301
0.0930899708622138 0.0698942694309839 -0.159644032934924 0.101536391936266
0.0203308037109031 0.115904149195891 -0.200999469902212 -0.0524344321948857
-0.0870559712444055 0.133075596427531 -0.140900945983465 -0.179309017730732
-0.207900038916904 0.0445315219340383 -0.0397719432963013 -0.200732825716058
-0.254103749191891 -0.0971617596866974 -0.0668149299798111 -0.126676242071987
-0.215535737056898 -0.141934288577117 -0.00442733330605447 -0.0392130505041664
-0.192079118246095 -0.00324099415548388 -0.000122235371209944 0.185803826123653
-0.116601072374748 0.0960171703639228 0.234994747717473 0.149935748667367
-0.000294249723003413 0.119333639792231 0.24628871381762 -0.108395802066004
0.0807890468383917 0.0873101190120054 0.0458124135080665 -0.212570938874738
0.109735179275406 0.0165912710927776 -0.0745674869893258 -0.132896802305135
0.0846764041635783 -0.0344480514553565 -0.0741908746119234 -0.0367637122545559
0.0761340081045052 -0.0466289995791786 -0.041291569886649 0.0342880597799845
0.0837273351427893 -0.0374690430091587 -0.0107200267926871 0.085840491226262
0.127606088304917 -0.0115938107945763 -0.0282644557536787 0.1408189407944
0.129334183872337 0.0713290732225181 -0.110823804960136 0.150438454844694
0.0529044289144423 0.140603934162515 -0.195292123479871 0.02078916534372
-0.0910248660058787 0.173567842581256 -0.163225311958604 -0.13200428405328
-0.238785463117071 0.0549671019242975 -0.0450396416818321 -0.180736529442304
-0.270864979033315 -0.114297911192251 -0.0089687034709099 -0.0764298629749509
-0.190071975509365 -0.182193382729101 0.060508757455774 0.0311223209856697
-0.215644597508593 -0.0589878949946822 0.00709913228107264 0.212583883354428
-0.172739946614553 0.0791431257154382 0.21601838871359 0.215061383844194
-0.031627098621502 0.152001152332476 0.26432002557817 -0.0249800870131855
0.0873608616097293 0.116242355793227 0.110557509974669 -0.162898948855421
0.131577135970798 0.0277885180527188 -0.0127392861933701 -0.133786583778402
0.102322908330251 -0.0406181412084783 -0.0326761905469246 -0.0588442784230989
0.0821177309825931 -0.0581646810473894 -0.00858378102280317 0.012448341708215
0.086075003130791 -0.0485020996686197 0.0257958763683869 0.0641320447967832
0.130273820016543 -0.0197525495496911 0.0209270644468609 0.132467697291501
0.140553358473899 0.0639259774226891 -0.0548686678126117 0.176939343891141
0.06977088962103 0.142123560687478 -0.168026937530558 0.0811613972821521
-0.0870556170769134 0.179665233717669 -0.167289895691684 -0.0831903760238627
-0.234158132991998 0.0455278343159895 -0.0436126557030746 -0.160252188424668
-0.246819811990435 -0.119954318941067 0.0511231885241108 -0.0271688766666016
-0.131130039012479 -0.184330002755382 0.115127980696734 0.103765614489615
-0.186806109923225 -0.106429012838547 0.0126500584464471 0.231299109241846
-0.186759183746023 0.0329117548274435 0.171531214422945 0.25454600332966
-0.0615912985395236 0.143928720308221 0.244805534249872 0.0616566334024473
0.0709264917729795 0.121847212859071 0.160341158664802 -0.0922590528443572
0.126364984118678 0.0365850891864409 0.0527004998128085 -0.121546988862241
0.101724540087713 -0.0388459085323116 0.0146900248643976 -0.0786112701101067
0.0754457724179821 -0.0612812412581567 0.0242379106310572 -0.0107623803036664
0.076952539583186 -0.0531528650130948 0.0580098145471064 0.0405037791602841
0.116948471643627 -0.0226015045541084 0.0605363385316125 0.117539063336024
0.129209546160251 0.0572668565566027 -0.00726273753180166 0.184485066872379
0.0629296687215907 0.132067240998894 -0.137140746209364 0.119667309570676
-0.0910708926178726 0.154751189315838 -0.157167159149354 -0.0428456110010947
-0.204951244191294 0.0114708303471252 -0.0370994721974245 -0.13604548200635
-0.184754492349915 -0.122429422863652 0.099397138634328 0.0197638517178868
-0.0535839032846113 -0.145422189114136 0.149040101921835 0.160603347564199
-0.119726773620508 -0.120121080920935 0.0142525880514666 0.238077710222703
-0.152168402951509 -0.00879177071184382 0.120047770506013 0.264966900566657
-0.0660277800364786 0.104715896606018 0.202570064282434 0.12510752117434
0.0468589779007263 0.0980282600236837 0.186552244494451 -0.0245336469695016
0.0982960164211065 0.03393240473133 0.10619145890234 -0.102027772729304
0.0824075925104249 -0.0321356250408833 0.056262765095333 -0.0932751399736441
0.0583164787406477 -0.0538978466051607 0.052037648999606 -0.0308606360180841
0.0605944971711939 -0.0503983183053607 0.08349718437967 0.020045513810704
0.0939731836674238 -0.0212171389013958 0.0891358683802567 0.104206013498492
0.104547266433781 0.049827793103844 0.0266031800935214 0.185530920087098
0.0433311819036772 0.117375708087369 -0.112615632764071 0.142991239627069
-0.0972759822678953 0.112231320148285 -0.145868821974134 -0.0124608592299332
-0.159735894813352 -0.0303796799999902 -0.0321707058454719 -0.108674518751202
-0.101048582809604 -0.117358305638006 0.126487676328379 0.0639055145842024
0.0272683333731477 -0.0774044380640112 0.162614025896318 0.185355095136932
-0.0367235342040229 -0.0956865316196866 0.0145449606097868 0.22989983880987
-0.0834350047034135 -0.0260764379754557 0.0831679828441584 0.255648558500343
-0.0410445804848701 0.0516499756240976 0.169364700534314 0.158392241968372
0.0238393067546854 0.0507421659667754 0.197861989096825 0.0140276094824263
0.0543467624765571 0.0203319169362101 0.138194489975494 -0.0896216138572509
0.0478447597102561 -0.0216386046445429 0.0839237081385961 -0.102848262753074
0.0326562198365867 -0.0391959615768016 0.0707566401148008 -0.0457229867280563
0.0385379604926891 -0.0396976374808973 0.101050577466712 0.00566729149536016
0.0642991282938479 -0.0184736631010238 0.107431521290595 0.0961052029755001
0.0733920788169286 0.0368849753006778 0.0471723953473755 0.185516143703007
0.0230534631609715 0.0936848659968343 -0.101201822327539 0.158884247939003
-0.0943635407416274 0.0643954583145944 -0.143322448787803 0.00757595575011753
-0.100350542405604 -0.0642625122672592 -0.0317755806338933 -0.0871832154825281
-0.00704775751999998 -0.0968826679197416 0.130693913448605 0.0996414200101144
-0.0778464319791701 0.0598924670797144 -0.172677648024719 -0.114514912482912
0.0385265342366084 0.0568229463587116 -0.0118457196505333 0.117737287345498
0.0605413552906086 -0.0233348693880713 0.175954904626425 -0.00540422861622965
-0.0169414825827488 -0.0488890819571555 0.127089376471432 -0.198414795544749
-0.0342480815942209 -0.00220048752655482 -0.0847579611408796 -0.219686602004168
-0.0194841955425098 0.0131636104253484 -0.158928686694977 -0.0915609128122496
-0.0100692312012573 0.0213339745482541 -0.126238469373375 0.00109788493865418
0.00315741608764181 0.0166787287885476 -0.0903031025070391 0.0655526398808697
0.00304586583128079 0.00993221317763669 -0.0862715360284025 0.108766855406227
0.000509261542636953 0.000419535346951264 -0.136061979371396 0.110166746357911
-0.000595138448468489 0.00136328231582962 -0.198795357650656 0.0126098966863716
0.00485868868337544 -0.00074538081635369 -0.180991552549625 -0.150460533490914
0.0223982325245171 0.038018268042844 -0.0995175086564319 -0.235281589775694
-0.0419475692861044 0.0658411680698171 -0.0350687120762388 -0.257777250732769
-0.126928571264605 0.0152171122650333 -0.163588216098517 -0.206343749942315
-0.157961210393555 0.00312724570708147 -0.137831575640222 -0.11420092707413
-0.0415291328795388 0.0633762824824654 -0.00384748746932886 0.13169785967489
0.0201959341426021 0.0301658759320003 0.207241688643363 0.0159741662811903
0.00395550552075099 -0.000903676276173144 0.152558950806403 -0.205105624924595
0.00982996154459221 0.0200296410307278 -0.0725494198862058 -0.233363474158152
0.0249267433943354 0.00761663655754672 -0.156893838154349 -0.100713216942939
0.0220306442508315 -0.00264834679638881 -0.124117518934397 0.00133401707679418
0.0338553781831594 -0.00853587727877758 -0.0835566535422438 0.0668438427812533
0.0415630995334371 -0.00856546790571803 -0.0687228437198796 0.112580857347492
0.0604611489586936 0.00189963397804539 -0.113180878356029 0.131452338106588
0.0493217538870045 0.0467646892279917 -0.190678906506336 0.0605147294085099
0.000327568645906621 0.0685750235127206 -0.203321835163151 -0.110325670819979
-0.0487125373444286 0.0839301186150797 -0.127237123825766 -0.217331594739944
-0.140689244496895 0.0499370352797109 -0.0457712239243729 -0.234065702256329
-0.212931400998535 -0.0451850762209395 -0.131676464725848 -0.173971453758634
-0.215236992807973 -0.0649068210135585 -0.0824248079505835 -0.0884790213175889
-0.128531515452959 0.0500736954571125 0.00521186660841747 0.162415165109058
-0.0410429329051447 0.0810259997157923 0.242506683195246 0.0661344707344964
0.0163083804804291 0.0616664046319552 0.198915772078521 -0.18848848832754
0.0568616780219901 0.049084058410075 -0.0349115159486894 -0.240738944066179
0.0735155581572917 0.00408499463874992 -0.134938677555078 -0.116174615312704
0.0554369533049334 -0.025665077827532 -0.108847122950946 -0.0109814846752002
0.0582383197897269 -0.0331006706549081 -0.0654992272939688 0.0564905600859303
0.0702068865336874 -0.0279659356553292 -0.0381184448499484 0.106087123369582
0.107201347673771 -0.00840355671459774 -0.0683030276262958 0.148200259202759
0.102661314964651 0.0657466984235589 -0.157053415954097 0.120840831522394
0.0286686661039639 0.120380956199025 -0.217200840057591 -0.0388782597347122
-0.080817343774033 0.144848112754582 -0.164497360841084 -0.178240800010465
-0.212503113285095 0.0625770481989729 -0.0584305144043655 -0.210459948967723
-0.273179682434932 -0.080359397688631 -0.0802926372440425 -0.128217284769569
-0.236566485579814 -0.129357503884824 -0.011012580209878 -0.0407260929220651
-0.200124697728187 0.0122934605769198 0.0127225980926486 0.195389720788295
-0.113504337043212 0.108711203272271 0.259391972018534 0.138445971549621
0.0080084995643922 0.12434663195769 0.25179909952712 -0.133963645793098
0.0915903122011385 0.0843191802398802 0.0301961002825164 -0.226664678238288
0.116264116426887 0.00819950665059959 -0.0894738161496515 -0.132766988614146
0.085272176313616 -0.0420866023938153 -0.0800565237801231 -0.0326961203487429
0.0756267481286824 -0.0532966523597446 -0.0392130885776194 0.0377779073090514
0.0853253256807593 -0.0455123574868321 -0.00200031063965958 0.0892767539472606
0.131841728151529 -0.0224548821823064 -0.0146857897859351 0.149950362630363
0.140770899917258 0.0637719460407366 -0.100857427494375 0.168605796830723
0.0655166482730733 0.142426164473392 -0.204958548391538 0.0385863390093267
-0.0808065938655002 0.188042272597173 -0.185562076235655 -0.126346391051496
-0.243586525411803 0.0769483686804546 -0.0639520041223671 -0.189050497403037
-0.292703650421562 -0.0970438796913793 -0.0164731667271614 -0.0804131554617677
-0.213727635991256 -0.174470188857727 0.0628324204834564 0.0266293835468714
-0.229815610923362 -0.0437233309183198 0.0219746897643791 0.224006683803408
-0.173543587941218 0.0952544258973155 0.244956879283131 0.208638008543388
-0.0218953430868177 0.161078953566731 0.27730711439698 -0.047604962487196
0.101092698469633 0.113606411704096 0.102746740345718 -0.18079401188334
0.139671620628374 0.0172903132211654 -0.0251343295273147 -0.13897208527565
0.102656748253338 -0.0502082095054788 -0.0389280994362199 -0.0584548308568249
0.0801919120673538 -0.066105078008321 -0.00708684135186508 0.0128404947370604
0.086235399966709 -0.0572364356632338 0.034000794947853 0.0644115617635406
0.134341924674708 -0.0321004721995909 0.0357934611809922 0.137504043760863
0.152531437461195 0.0549648183184595 -0.0392115112863961 0.191636958986353
0.0838979220723958 0.142478248707675 -0.171150134229989 0.100026719290811
-0.075526587842971 0.19450336467743 -0.185984259960774 -0.074343497775066
-0.240349498954408 0.0673631717676408 -0.0609258801853353 -0.166776116233286
-0.267357188989659 -0.10540249269871 0.0502145899870369 -0.033878442491024
-0.153169753451837 -0.181852113439952 0.126208638019661 0.0985947623333148
-0.204057859886757 -0.095851964508069 0.0292198543656756 0.242737277198462
-0.192840711106565 0.0482399036864605 0.201882911704752 0.253808227529345
-0.0530533971768285 0.155335077958553 0.263996117651473 0.0443216038488585
0.0840545165514234 0.121841674102519 0.162141652818901 -0.110907858732424
0.1354903752644 0.0265178863378997 0.0438573227040744 -0.131101616501689
0.102435634329308 -0.0485770644235347 0.0082316782973227 -0.0826337741330726
0.0731044940263814 -0.068957788509783 0.025143660565473 -0.0133478784547463
0.0754697500111134 -0.0610695917123809 0.0656267867872454 0.03742047051295
0.120234166604923 -0.0332413196565982 0.0752517651848764 0.118620074642086
0.139652654636768 0.0485238705390034 0.0114922785926875 0.19604473352735
0.0756611531181221 0.132963464096576 -0.134306961043327 0.138014593987083
-0.0818328442439973 0.168044726996946 -0.171429449515234 -0.032537249905383
-0.21314601462811 0.0301747325458117 -0.0524965650157704 -0.140852236567632
-0.203799653416986 -0.112734055043487 0.103902892434395 0.0115426791344008
-0.0693010508437134 -0.14799156481348 0.166634842991771 0.156179558068448
-0.136103018733192 -0.115413910743893 0.0321383633163304 0.250829419021031
-0.160071917945463 0.00247801515528243 0.148235073615638 0.269263813894252
-0.0610124024130485 0.114490040681711 0.224358402505018 0.114504697810429
0.0567398213693028 0.0984806714289792 0.194552198981396 -0.0425171831710673
0.106277137938125 0.0258307737297553 0.101882538957331 -0.115574918351169
0.0828289011032618 -0.0399020099107582 0.0509002255946642 -0.101458512670496
0.0553872351592809 -0.0598867212207484 0.0523052749555406 -0.0363510865401193
0.0577370491320335 -0.0569238890433464 0.0905306006299238 0.0146979856868248
0.0961170358726429 -0.0300032834921618 0.104208156517873 0.10232971897424
0.113863285172415 0.0426239708095696 0.0461058073715813 0.193419648384622
0.0545916460008547 0.118362028813054 -0.106576765980035 0.160521886551644
-0.0916374032996823 0.124647714599662 -0.156590187631954 -0.000776437170139827
-0.170026314215125 -0.0174240562935072 -0.044782554170329 -0.111925869719497
-0.115152102885117 -0.113874999844976 0.136838502924335 0.0556390197855933
0.0215166758642608 -0.0825855184376408 0.183489154582299 0.180988126205311
-0.0472629736269853 -0.0958986146929245 0.0325665438703102 0.242808915926678
-0.0892437397885375 -0.0200616328789575 0.109133316158117 0.26258567493731
-0.038646049758444 0.0579974619225927 0.193073914175949 0.152494729469129
0.0292878416065602 0.050836422497617 0.209413812671046 -0.00349436239535268
0.0591524066511145 0.0152616412042535 0.136755102694631 -0.105509014477481
0.0475477093591525 -0.0267243760333298 0.0784276450728135 -0.114291277429812
0.0293606630681673 -0.0430237040735178 0.0710539407870386 -0.0538978066673978
0.0352839086062924 -0.0447178149982132 0.107006009672547 -0.0020684874663466
0.0650195820442783 -0.0250226583845195 0.122650580996304 0.092067892205099
0.0801745170774106 0.0317814022304467 0.0670208912769737 0.192265918610215
0.0316152590867352 0.0960832173905417 -0.0937030130258532 0.175999277012376
-0.0928795698756152 0.0752051412688376 -0.151172717263012 0.0201833038843907
-0.11056294199585 -0.0578575287022385 -0.0429093689940403 -0.0893377835157384
-0.0159182616915898 -0.0997726923709345 0.144840327775341 0.092044450761562
-0.0716910650979274 0.0666423306764382 -0.183023173370892 -0.100729240421862
0.0436833300364947 0.0530808586227357 -0.00363789062101311 0.120137273564913
0.057720921834657 -0.0286834235950654 0.176994460203344 -0.0188054931424737
-0.0218791095295797 -0.0458453765814384 0.11365486417662 -0.210442283075211
-0.0339059800072808 0.00154298627445703 -0.101850073884661 -0.213188458213147
-0.0184867899428008 0.015025292237986 -0.167003550608742 -0.0797211357666978
-0.00716601427342118 0.0230231930474173 -0.127137555394601 0.00939653676144654
0.00550265007044305 0.016151496732788 -0.0859479659002518 0.070410042417166
0.0045557417800152 0.0095893612031398 -0.0774957874989901 0.11323488932483
0.00107260572811572 0.000574278793849609 -0.126038992820864 0.119107770867532
-0.000958048192429585 0.00233048311380789 -0.197382135326297 0.0272942973699685
0.00397409565517103 7.24873348523468E-05 -0.194048443489634 -0.136491149718967
0.0250429816216172 0.0346295281879825 -0.117799126428 -0.22871301374317
-0.0358255990203884 0.0664492999979671 -0.0524102928165283 -0.257820429129332
-0.124285677338189 0.0252947987371523 -0.176777472271982 -0.195047067543956
-0.155891969350912 0.016667514302102 -0.148045592744903 -0.103596980063657
-0.0353436542633921 0.0654685134301373 0.00457523202895995 0.133487889362518
0.0219878876433266 0.0270972134297656 0.209371511440547 0.000643093307704642
0.00224267263823099 -0.000345910160648437 0.138540131001049 -0.219160480330533
0.011646429093747 0.0200476254866881 -0.0911065148021474 -0.226986667581499
0.0253896642833959 0.00572945662019481 -0.164644466549079 -0.0880380908081427
0.0221873895274101 -0.00295376487998886 -0.123949832337802 0.00909076202309014
0.0340159597739865 -0.0105013395994495 -0.0778251395718492 0.0708885492705402
0.0423228479787291 -0.0117718030866866 -0.0589938196993673 0.115443472898922
0.0610745781112472 -0.00223110086330566 -0.10094471936062 0.138798391795451
0.0517259178600202 0.0437756035156613 -0.18508894120513 0.0758441734347183
0.00351597635583077 0.0695202344132985 -0.213529801883324 -0.0942811076642272
-0.0430578543264511 0.0857674596220985 -0.145038134165541 -0.20833581605887
-0.134958311301759 0.059011197882738 -0.0621785580494825 -0.233334793531383
-0.214830930553495 -0.0292748113363442 -0.143870695332236 -0.165418777388919
-0.218284101966094 -0.0467523215763738 -0.0917249879608754 -0.0822254538114384
-0.122930196838774 0.0591155789265214 0.0155897025688226 0.163329517560122
-0.0351201253016012 0.0826963684188128 0.248137331616492 0.0484123359915087
0.0193576388983712 0.0605567669328827 0.186462277167149 -0.204225812774313
0.0605989794388291 0.0449781766510237 -0.052999172271983 -0.23763025916879
0.0733728596573146 -0.00130935118445494 -0.143546388276278 -0.105681739259153
0.0535844016531443 -0.028394021846233 -0.109596395138628 -0.00417148366200627
0.0563360446684967 -0.0365551069338104 -0.0607146971316037 0.0595904295215827
0.0694112139529715 -0.0332580018348549 -0.0284887448851722 0.106805773073314
0.106544210729522 -0.0162285989853645 -0.053958233389013 0.151883363087684
0.107016307917952 0.0580142529932846 -0.144853702925604 0.134311205772887
0.0359729306158361 0.118671936971517 -0.222493741894463 -0.0215552480594
-0.0701786817369726 0.14892962458194 -0.179950309910229 -0.166706930099049
-0.205661264838721 0.0774552542635415 -0.0749916796859384 -0.20937252417158
-0.277920820620186 -0.0601048862161437 -0.0898852592693929 -0.123790755096622
-0.244667430744134 -0.109879691403853 -0.0170049180675327 -0.0397163150295488
-0.197324633345396 0.0269574635206866 0.0245593345410952 0.195682828362366
-0.105230098301517 0.115240408432548 0.271159186250234 0.119230892380363
0.0157959489838291 0.12281388155746 0.242718569381568 -0.153377383866127
0.0971808858547433 0.0772627977693439 0.0134509688189231 -0.229274123431428
0.116015697075959 -0.000923128946638208 -0.099894635062552 -0.124942944579836
0.0808382792004121 -0.0473140951932032 -0.081876509848341 -0.0268749087292565
0.0710808916317592 -0.0577369970443386 -0.0352986153481364 0.0391724692607035
0.0824479064454669 -0.0514685494846936 0.00624991210654447 0.0874145245801852
0.129984231351488 -0.0319144012207636 -0.000692108406977352 0.14995000978692
0.14506398758265 0.0524762737487346 -0.0844486498946328 0.177445436835011
0.0746167901537579 0.137689771259011 -0.203776241395403 0.0548396875088226
-0.0668184732607675 0.191540757095994 -0.198340807506798 -0.112765129996361
-0.235371660203849 0.094315204701675 -0.0798403688553654 -0.18602760565401
-0.298696297339623 -0.0744488598766155 -0.0233540604536615 -0.0797518294847567
-0.226142872257527 -0.15666629885909 0.0616368135699565 0.0223099108323476
-0.231485620300681 -0.0266651813301866 0.0359501057665034 0.223910098094592
-0.166433873529896 0.106738893899668 0.261891180815454 0.190207049983109
-0.010760917950312 0.162117965129231 0.275917265046989 -0.0688991876742455
0.108999176224301 0.105681603673104 0.0894806152876844 -0.189179186408345
0.140133291428467 0.00626056489054857 -0.0355541317693487 -0.135882125551577
0.0977026281649977 -0.0572415324363983 -0.042824758263887 -0.0550976900639545
0.0744153891653417 -0.0705378628636665 -0.00509787069852854 0.0124949408616391
0.0815692462518865 -0.0633302207661938 0.0407294658868105 0.060428975838766
0.131695242452201 -0.041790592624809 0.0484221989530387 0.133651694546177
0.156095949796478 0.0419111033536057 -0.0202766168910609 0.195672991878207
0.0924899043632349 0.136117721551711 -0.164684699134744 0.11400498189679
-0.0603950601495999 0.197938723718399 -0.194572244641952 -0.0601146659810493
-0.233395468280186 0.0856843304534444 -0.0762331019915715 -0.164313458836517
-0.273879423082909 -0.08482235917018 0.0460072367437638 -0.0377928595816296
-0.165834244974161 -0.168122167072188 0.130083592154712 0.0889157029741809
-0.210486958194487 -0.0802713150980169 0.0449887644895482 0.24260334484403
-0.188922931559225 0.0613455662943698 0.221749444845579 0.239269693438854
-0.0423967874222004 0.158973612077452 0.269446659183802 0.024589489170802
0.0924208567143199 0.114099145441557 0.153379370124268 -0.124137024434335
0.136996724216515 0.0148199463612888 0.0334993392051558 -0.133758593783006
0.0973101314128166 -0.0557781881476598 0.00179936228050363 -0.0830126087309489
0.0666236867843444 -0.0723912525292335 0.0252344076674188 -0.0156423097887673
0.0698677510312372 -0.0661368810289034 0.069528163226574 0.0317325196750349
0.117295710189511 -0.0424412324447433 0.086360654968528 0.112470582733522
0.142935248148414 0.0366096936080354 0.029940192648913 0.19553620403207
0.0848191405529034 0.126619552387802 -0.124417316926744 0.14930289801709
-0.068108100941552 0.172622209252185 -0.176627894320551 -0.0188619022746962
-0.209195371702094 0.0463835504716242 -0.0660243464296722 -0.137545813874367
-0.210797735697628 -0.0962612212793988 0.103256573364661 0.00347669764046825
-0.0807484839766713 -0.14146964074874 0.175527354310061 0.143154850736611
-0.144289995749647 -0.104942044040208 0.0486793867514956 0.250287576550167
-0.159878561778595 0.0142071659364416 0.169302759182196 0.258556843774635
-0.0527123779382324 0.119246556404835 0.235561765865262 0.0987277995364078
0.0637526301772037 0.0935037439141325 0.191815240018208 -0.0591603334192538
0.10765799733166 0.0161328381271291 0.0925500727200437 -0.123435673841921
0.0783571175122008 -0.0458280757443454 0.0419312670752826 -0.10446332837819
0.0489306136279124 -0.0624670056942658 0.0504866771327154 -0.0404256269142908
0.0517103644081506 -0.0603705383575618 0.0918021209719725 0.00714247442646978
0.0931886835355997 -0.0374416048314353 0.11379299040181 0.0948775141055037
0.116292575106808 0.032830154284555 0.0640284863474511 0.191361338670708
0.0630276143276581 0.113293723781568 -0.0948858805825078 0.169789338189529
-0.0816290689583203 0.130363269055388 -0.158566761791895 0.0108860878120346
-0.170730059725212 -0.00407860310574643 -0.0556664571325978 -0.108887446497781
-0.122959947688842 -0.104437414645095 0.139436809240483 0.0444531781525424
0.0140146775032357 -0.0836498919993612 0.194465409168891 0.167803603290158
-0.0554319012391032 -0.091445958377385 0.0490385305111615 0.242966260974794
-0.0904516782852443 -0.0135914641653882 0.129175451004592 0.255017995974775
-0.0343618183771642 0.0609360928786175 0.206246110332258 0.13839087550463
0.0328271547755913 0.047741055544148 0.209931933015797 -0.0208562914363467
0.060435827012352 0.00924639993648008 0.128202551391919 -0.115564305254336
0.0443460238596546 -0.0300362078735969 0.0689387498225364 -0.118434339718269
0.0241127975520202 -0.043979597277407 0.0674740807667999 -0.058457303140102
0.0297790910514666 -0.0467884094307733 0.107594390932813 -0.0101047150212087
0.061981517039363 -0.0307567632288273 0.130620624004272 0.0832807210335238
0.0828411523627236 0.0245116316080846 0.0838353244052621 0.187204327721504
0.0389274267575489 0.0928102500236116 -0.0800221119550601 0.183593180863007
-0.0860922475703325 0.0817081806143724 -0.151660042917183 0.0314695576071914
-0.114716962849063 -0.048114092708673 -0.0511828683104438 -0.0863776042953554
-0.0228222076950137 -0.0986709192659187 0.150945321930563 0.0803177268171595
-0.0659799790964057 0.0675541619004775 -0.183548493663341 -0.0908042801568824
0.0453329920336046 0.0495396826811549 0.000655617834371129 0.119946215358847
0.0541795833572424 -0.03038650855289 0.173152101962409 -0.0235014950237117
-0.0236591039866287 -0.0422486433775109 0.103652734882269 -0.211939545083543
-0.032740375579892 0.00404881599680477 -0.107565173011611 -0.204336988379241
-0.0173644931054647 0.0161677023365751 -0.165949552241626 -0.0723366072032744
-0.00501100969267327 0.0230655756207091 -0.125924566033684 0.0125169667863811
0.00698675717190412 0.0156940559840281 -0.0814500572541715 0.070115458566229
0.00569917627479463 0.00856874545776319 -0.0709671703199769 0.111649174812851
0.00134319256880987 0.00119322957326408 -0.117425168037579 0.120279760324116
-0.00134315408987153 0.00349264415022204 -0.191269980299268 0.0340207349555309
0.00331769105234431 0.000727511424454022 -0.195821565597647 -0.126635247201263
0.0246032789619524 0.0312362626818265 -0.122365939440081 -0.219693631657634
-0.0316445968950634 0.0640809715022335 -0.0596927990994886 -0.253053212471615
-0.119705002085858 0.028935325638935 -0.176921752366596 -0.184450722414538
-0.149447032465867 0.0227936149403997 -0.15076795973744 -0.0942818229991668
-0.0308241571419835 0.0637756613747962 0.00796444347200969 0.132412695091578
0.0215244226357142 0.0249566306732568 0.206130371473232 -0.00669926836433602
0.000704625799407534 0.000833258360067374 0.128863797359588 -0.220166887121704
0.0124276848847842 0.0194435123560027 -0.097076931802267 -0.218922696959313
0.0251765141967357 0.0052435567602412 -0.164074005698448 -0.0802232493115401
0.0226197602114645 -0.00301960289372714 -0.122001552452176 0.0114070648457007
0.0335468252114497 -0.0115871826484487 -0.0739578179860452 0.0698947212113015
0.0419260011239817 -0.0129765668568883 -0.0528225459120701 0.112676413947284
0.0595713696000199 -0.00395282575244449 -0.0912806218384455 0.138316937239759
0.052180874755303 0.0412536888181583 -0.177133600760403 0.0803249050343266
0.00524196962658958 0.0687016602603883 -0.214153584952455 -0.0854619099138737
-0.0397352799452171 0.0833685609733251 -0.149818434966213 -0.199871583983309
-0.128349171361538 0.0600611414916517 -0.0687518736547931 -0.228885384930337
-0.209279667176813 -0.021445676422713 -0.145383226791525 -0.156971630052717
-0.212908617595636 -0.0368108031429027 -0.0950728658285105 -0.0761043723209828
-0.116118290315816 0.0605522482042157 0.0191516352012604 0.161275861232896
-0.0316496041222695 0.0798160196048245 0.246262880412825 0.0391659245500063
0.0193700353857609 0.0592400127850463 0.176846853666758 -0.207352567743062
0.0605020746758147 0.0423031521917373 -0.060228514085393 -0.229786770479596
0.0713974742889411 -0.00379599118027252 -0.144499092472316 -0.0978734094018065
0.051549114684627 -0.0283321138796842 -0.106965691681911 -0.000953687915521978
0.0544667013150857 -0.0370838785792447 -0.0566297018312291 0.0591274751351154
0.0672758247820007 -0.034869570618368 -0.0228357048704355 0.102947341221134
0.10382358508667 -0.0193409000884692 -0.0451507426351874 0.149137706758234
0.105643962547929 0.0528227662324734 -0.134416180332042 0.136933062904843
0.0380875797006506 0.11490139942912 -0.220251634043917 -0.0122163366061405
-0.0634383431527388 0.145526047435264 -0.183980473090016 -0.157197868114619
-0.196359791544357 0.0805261250727396 -0.0809374610969677 -0.204733343602124
-0.271763028524101 -0.0486715361637727 -0.0922047676493716 -0.118276007394785
-0.240691439717373 -0.0976007396343468 -0.0212065009748819 -0.0374211351273953
-0.189993764844191 0.0322553140659211 0.0290701605902803 0.192477631562943
-0.0984820436519296 0.114126670856924 0.270331943910071 0.107557032001614
0.0186830246687508 0.11933235940528 0.233611491988324 -0.159417645410732
0.0978668076450179 0.0718476455555103 0.00473409528047622 -0.224446650063814
0.112485693564651 -0.00548401630763548 -0.101967259889074 -0.118248197470548
0.0771836141169041 -0.0479287254005439 -0.0806593416183655 -0.0237640027063834
0.0675946987689526 -0.0572953793231795 -0.0322534086855597 0.0381592131743937
0.0789288588015912 -0.0528328761387752 0.0106217588602076 0.0830516159797083
0.125726025434709 -0.0361203486876958 0.00714059240776077 0.145535221357145
0.142576114325918 0.0458062447130923 -0.0729278968466684 0.176428004172657
0.0764786586969355 0.132220763938912 -0.199305144644966 0.0621991086399895
-0.058306707401111 0.187683937698602 -0.200228386181574 -0.104094266568338
-0.225456258393149 0.0995723983883442 -0.0858513378047828 -0.181992887435166
-0.292862757474492 -0.062810814198609 -0.0265577342943551 -0.077392865497009
-0.224259937370983 -0.143592704068766 0.0570792928238319 0.0200862066819125
-0.226244349626506 -0.0185152593286668 0.0404865921633093 0.218746748470294
-0.158132473237905 0.108300973237737 0.263310302399704 0.176799672524734
-0.00578820487723881 0.158519241982603 0.269089684232924 -0.0770483564787493
0.109366175404902 0.0988037332479607 0.0810447909380556 -0.189310763817545
0.136226849765059 2.63305338460331E-06 -0.0403354898788357 -0.131323521612059
0.0929875089481237 -0.0582743533880639 -0.0437131375913434 -0.0521907107154462
0.0695662790414099 -0.069752644749 -0.00400738945815695 0.0119378067076489
0.0773376971454668 -0.0637247999189452 0.0427833409031024 0.0554397262977876
0.126330348007859 -0.0456718659989728 0.0542482186081242 0.128455161052708
0.153343221313785 0.0351783885110074 -0.00953646358972993 0.191898638244189
0.0941703491757163 0.12942812200053 -0.158410934318177 0.117919770722414
-0.0522113869364882 0.192825171541036 -0.194851299991507 -0.0517090856294567
-0.223331011254573 0.0906310643139932 -0.0824946095720614 -0.158534940153575
-0.269363255835417 -0.0732439926707053 0.0428797263164522 -0.0385366695149072
-0.167112801419301 -0.157484359363891 0.126264996755135 0.0822670290344619
-0.207381948556919 -0.0711505480119087 0.0496607806917869 0.236466096429327
-0.182697410049308 0.0648794940309858 0.225663520516248 0.226120310889039
-0.0364157736423335 0.155920989746883 0.265974167693267 0.0148984633767221
0.0942551591155187 0.107881265323462 0.145657361456409 -0.128096175753791
0.133844905146951 0.00836010992865256 0.0281152685218997 -0.131933826689784
0.0926992979447758 -0.0570160412078108 -0.00128867851495739 -0.0796604093655171
0.061452421840974 -0.0713912260421124 0.0243835571668481 -0.016226768313795
0.0653081286243044 -0.0664119530060295 0.0698646690725475 0.0270207233574127
0.112323432571406 -0.0451564835349805 0.0910613243884307 0.106820760946967
0.140441521812668 0.0292515564181088 0.0398366972756249 0.190452315222778
0.0865228482461612 0.120466398541571 -0.116894870986889 0.151303343383221
-0.060883150950435 0.168551842089161 -0.17585713232349 -0.0124242415225334
-0.201394042685121 0.0529414257539804 -0.0723245543586632 -0.132492591068849
-0.208264198708617 -0.0865960511182973 0.100288189854098 -0.000500422619962361
-0.0835482090901553 -0.133749635474673 0.172721229210881 0.133680120256632
-0.144541914374962 -0.0967531597498658 0.0540368297747355 0.244685257010958
-0.155493158393348 0.0184651961641717 0.174550454150872 0.246916386850779
-0.0478960807985192 0.118293761564558 0.235673482980072 0.088266673355933
0.0650091524024224 0.0888499133978636 0.185236707343047 -0.0660217201010586
0.1052432831152 0.0105337045415924 0.0855531511733353 -0.123690389575365
0.0741304928839344 -0.0472480450545972 0.0375974451953 -0.102222910188065
0.0447634557292856 -0.0611407138836064 0.0480514022432375 -0.0404246703255947
0.0473415033408457 -0.0600516740838703 0.0908187007008167 0.00331943846386926
0.0884573923836485 -0.0398815855283496 0.116281069670231 0.0888593448909619
0.11430207957738 0.0264565633195503 0.0726904561322166 0.184966929036356
0.0649804584109754 0.108433123740614 -0.0872930131273057 0.170044981529497
-0.0750061619507497 0.128461795353705 -0.156660651198691 0.0167477241069197
-0.1653881283449 0.00242823217362157 -0.0607076787174154 -0.104317453699069
-0.123104307838106 -0.0975175207720552 0.137075633270214 0.0380277900089652
0.0097925020709901 -0.080683595783225 0.193212462909225 0.157296193038122
-0.0583399851596895 -0.0860704852502612 0.0555739680408254 0.237268987816863
-0.0892269145195378 -0.00988105534394143 0.136006219941795 0.24470392894088
-0.0314840795721045 0.0604476144286261 0.20777397360559 0.128239524063654
0.0331614625496582 0.0453146578660086 0.204360714832668 -0.0294257857757965
0.0593619234701176 0.00515893277773831 0.120191126783252 -0.117715191234655
0.0417560492860385 -0.030886680115673 0.0619324396882271 -0.117257927065898
0.0211668940372639 -0.0425531412526686 0.063726471862854 -0.058614934942212
0.0258945227218067 -0.0459034780261189 0.105293230990352 -0.0134412272882984
0.0581595099379116 -0.0320355061288733 0.132634716859126 0.0770144480788904
0.081347961182651 0.0205188980659961 0.0906796138694853 0.180274688978042
0.0416161672433845 0.0888471727157365 -0.0725517720223406 0.182616412280531
-0.0810024974750111 0.081737383665786 -0.148564137379972 0.0365129934715408
-0.11339203901125 -0.0414209693436187 -0.0546309718647703 -0.0816869352555533
-0.0252860475568101 -0.0950552994646294 0.149450557207659 0.0724419044052795
-0.0638811427904043 0.0675812600420706 -0.183036348459085 -0.0887838006441067
0.0457200926395561 0.0478226434797198 0.00035442485423964 0.121417044585367
0.0526207610323207 -0.0300841239944462 0.173210680545648 -0.0232438524007634
-0.0237346940133316 -0.0405995753868978 0.104730504315956 -0.212736440070145
-0.0317699001226033 0.00467874821885422 -0.106508984054962 -0.204103151462973
-0.0169403386546723 0.0161682060241045 -0.165870372512941 -0.0721411319726243
-0.00352350169777578 0.023195410975258 -0.127022659475446 0.01097714718482
0.00793769490115096 0.0154041471744285 -0.0826474473695574 0.0685918143813006
0.00630591658296009 0.00806787818556566 -0.0710392751176678 0.109764509680463
0.00189273497570254 0.00133675465182555 -0.115978408335726 0.117775187872841
-0.0017107875313089 0.00461782274016278 -0.189417466959304 0.0337148099447528
0.00273033674113243 0.00145624271362108 -0.195798371614425 -0.126250451044263
0.0234117585818771 0.0296956983317795 -0.120693469768407 -0.220254973209936
-0.0310840797162723 0.0614027633875819 -0.0556214119537541 -0.254775344802322
-0.117983880239851 0.028954937153555 -0.173233952349323 -0.184764987148639
-0.146270447709162 0.0225730376551409 -0.151106131289793 -0.0927070972332384
-0.0299224365784693 0.0621980376587093 0.00699834835015631 0.133397395271979
0.0204665263847571 0.0233789420902883 0.206101995751945 -0.00491284914868941
-0.000357482695133216 0.0021731874276334 0.129112440673554 -0.219922105775181
0.0125208689729286 0.0206652301160401 -0.09631856379458 -0.218023640200513
0.0250370703558264 0.0055270023493737 -0.162842340569829 -0.0807352333744393
0.0237398769856891 -0.00257412767485365 -0.121812893986136 0.00992614341376571
0.0346428320191702 -0.0104878183930713 -0.0740909545622725 0.067945837308892
0.042806819766706 -0.0131632421202338 -0.0527795166160579 0.110061735758111
0.0595320529835003 -0.00353125256849053 -0.0897590840559863 0.136149705439887
0.0510436835866918 0.0422019293236843 -0.174904509282715 0.0798132675531501
0.00408430564548075 0.0691362060398784 -0.214652711844566 -0.0848835914410135
-0.0410987820623774 0.0804737742658412 -0.148709726413675 -0.200639463799543
-0.12676520218329 0.0560943290602973 -0.0670680206489015 -0.230830535982947
-0.207411777736712 -0.0221850272384508 -0.141982358616487 -0.157051810270013
-0.209257582892837 -0.0356532870117065 -0.0971116347867721 -0.074135599187537
-0.113981282364362 0.059004975767244 0.0165547483301362 0.161731597880641
-0.0321424014124036 0.0777566632830317 0.245601534206194 0.0404281396314033
0.0176096886182695 0.0594577813082874 0.177623614684552 -0.206991671791014
0.0606263391364502 0.0427996556566618 -0.0594660353247597 -0.229166132612725
0.070753546292104 -0.00351280887747838 -0.142441447402086 -0.0973267592078488
0.0521659848049302 -0.0276635697953572 -0.105964435623504 -0.002044459829113
0.0550615683210827 -0.0357989767483459 -0.0562527502487049 0.0568058210618139
0.0675013497061463 -0.0345656659723609 -0.0223111000480247 0.100118743693186
0.103166916855708 -0.0185830823943591 -0.0432564032777309 0.147832772271355
0.104372034664142 0.0535383456014159 -0.13165111682086 0.135504073526611
0.036768247823524 0.115392378035499 -0.220530106934555 -0.0128342400830231
-0.0649468231040981 0.142580707376565 -0.184422846936159 -0.157962364702417
-0.194741913475739 0.0774327066292491 -0.0809167015341865 -0.206197982322526
-0.26865783783388 -0.0506631272032194 -0.0909672552165445 -0.118116648296421
-0.236872278979442 -0.0962163874649413 -0.0242416344811274 -0.0360558495147286
-0.186842759057957 0.0303020556697758 0.0258001878987528 0.193300810922342
-0.0985979049801175 0.111060405802463 0.269479853617655 0.108467998334641
0.0167778516965619 0.119030084164135 0.233869617213053 -0.157796119601807
0.0964589134682728 0.0717704298723004 0.00545196978229653 -0.223914875200055
0.111183516787202 -0.00538194432898816 -0.100660711703594 -0.117713732368827
0.0768942640914588 -0.0465341529443982 -0.0799217892658696 -0.0241104145028582
0.0672245253566867 -0.0553079006327965 -0.0317103289599808 0.0369835456735155
0.0791322354150186 -0.051680235847735 0.0110944017125991 0.0806830556490161
0.124801180506011 -0.0351118921054519 0.00874123747125841 0.142887010875997
0.141041406008388 0.0456535408523897 -0.069681691472118 0.175356746424139
0.0741223713954675 0.131902683270896 -0.199632435882508 0.061945952157937
-0.0594853769700037 0.183821599059815 -0.20180183140691 -0.10482723592909
-0.222618407628082 0.0962449144578849 -0.0870479058593418 -0.182133715653742
-0.289447947052096 -0.0644193133530093 -0.0256776331686144 -0.0769528338039683
-0.220581660501509 -0.141777061293245 0.0529072609027269 0.0207640118295187
-0.222603445776248 -0.0197725214407184 0.0364557925357148 0.219852691632162
-0.157903228594541 0.104740570373967 0.262166134900557 0.177055861273822
-0.00737080435302019 0.156989808812564 0.26902287678893 -0.0765387892030899
0.107934396290424 0.0987875838675531 0.0804518984368555 -0.188057727425123
0.134746056729858 -0.000757043704324665 -0.0397286256949032 -0.130815343825869
0.0921181554217671 -0.0565303840106887 -0.0425806897437092 -0.0516754982211065
0.0689575147976597 -0.0671555647970337 -0.00330229105291426 0.0113616783189761
0.0766909789099058 -0.0625838341894443 0.0428692493847948 0.0538384243507366
0.125796865491114 -0.0448901153628533 0.0557195750033933 0.126922771049133
0.150931817666482 0.0342802112861149 -0.00605600165044883 0.190810024745183
0.0922317457830021 0.128823927767552 -0.158691302300278 0.118539366830359
-0.0530515934251333 0.189496553623919 -0.196888657261861 -0.0525598017685011
-0.220562748205455 0.0885205356185753 -0.0842723267709221 -0.158567452853883
-0.267250917270294 -0.0741340765384935 0.0419518286173822 -0.0376262735972627
-0.164055376906802 -0.156022666926618 0.121750578123524 0.082594181130821
-0.205512420491103 -0.0715709141767761 0.0455973419275914 0.237443311687977
-0.181841162432893 0.0623818812202865 0.22388217271788 0.22559818675698
-0.0376919335043442 0.155349367767252 0.265766651742912 0.0151386217784018
0.0924393139076002 0.107577114868138 0.14468459925568 -0.127814352169093
0.132050704908495 0.00689415077409679 0.0274954450491059 -0.131014708992938
0.0917686102054661 -0.0560208818507014 -0.00124329198648862 -0.0787274613151486
0.0607068540325082 -0.0686406918505866 0.024753765992049 -0.0160662390103808
0.0644937881647111 -0.0642880093677042 0.069481784108029 0.0260709286276021
0.111271519155693 -0.0448364677834908 0.0922186031066852 0.105889084161311
0.138654118626693 0.029033003187942 0.0424950605705063 0.189704267111309
0.0847571163886328 0.11953740022267 -0.117440608648797 0.151432663034916
-0.061073399886455 0.165376181469849 -0.177679585567508 -0.0123775519545987
-0.199355920845007 0.0514717703649729 -0.0737948708372379 -0.132013912761177
-0.205830352539461 -0.0873777597903067 0.0985219471536888 -0.000411963899960588
-0.0815741073078282 -0.132251002042481 0.167881925017423 0.134213324032841
-0.143403799970391 -0.0964498434082825 0.050460498374207 0.245707419386239
-0.155288771306553 0.0170689046198753 0.172967058341991 0.24679514803975
-0.0477985758154331 0.117354982808793 0.234632563033777 0.0887454706556553
0.0642095781648237 0.088347893028008 0.184296262641538 -0.0662763036827381
0.104012667009618 0.00925309923889924 0.0849340244271558 -0.123094214114301
0.0732761964660685 -0.0466500977803157 0.0374546132689697 -0.100864578389966
0.0433480735143437 -0.0585863901064853 0.0485560720815136 -0.0399154846932606
0.0456971218404546 -0.0582565436363522 0.0909915740073759 0.00281301307110475
0.0877639036899793 -0.0394613860666702 0.116772278490867 0.0889268037914852
0.113460592078022 0.0258133550446071 0.0746007853945108 0.184488156622567
0.0640246008699748 0.107370859739275 -0.0875113853329532 0.170199081063803
-0.074614186437765 0.12643720212693 -0.157920870831377 0.0156059285266793
-0.164225656938227 0.00247613783369545 -0.0617505522062899 -0.103899792693891
-0.121487215872357 -0.0974416350692101 0.13543849464602 0.0377747540426922
0.0102369863127928 -0.0795063191269683 0.188533913414544 0.157555512062884
-0.0577386840442492 -0.0846144924454882 0.0524718906472021 0.237919701832258
-0.0882688924947225 -0.00992767180480958 0.134529327334929 0.245092551508512
-0.0310378208705654 0.0598839275128796 0.20808099964845 0.128260045923278
0.0329850278238024 0.04502218043352 0.203132753622284 -0.0298337299729394
0.0578734469308381 0.00347512207765097 0.118793074703342 -0.117399416141254
0.040686088617062 -0.0305952891833617 0.0619105487117071 -0.115479730506366
0.0200068685066325 -0.040409376466799 0.0640172834411415 -0.0575858871146888
0.0237938111839077 -0.0446501151370551 0.10459815253775 -0.012964113688566
0.0566965087289924 -0.0321893824030171 0.133296653039461 0.0773394317568096
0.0803804286681647 0.0195761433040861 0.0925724686176349 0.180284571836331
0.0412453042423592 0.0874021244323444 -0.0726596143132168 0.182743754801619
-0.0802687167966148 0.0805256895517199 -0.14954332553402 0.0356535872390441
-0.111737416173176 -0.0413535022528245 -0.0557605751500606 -0.0809469552503256
-0.0251945444182732 -0.094731499605416 0.14768949208636 0.0708556117328207
-0.0718384596483601 0.0597411458747082 -0.179018249960572 -0.122176535260006
0.0383526527022907 0.0542947073722318 -0.0214660226645536 0.128473062837157
0.0565705215377069 -0.0223433380940737 0.182319048626412 0.00548768658600736
-0.0163227746420832 -0.0428852495175417 0.138493447748798 -0.202641190362553
-0.0312825991384368 -0.000500793211533954 -0.077358639735745 -0.224042673582511
-0.0197907108777022 0.015211215110412 -0.159579821451777 -0.100726146344606
-0.00639270319877044 0.023600690926145 -0.133160556659574 -0.00780505791293887
0.00626036822571725 0.0175594917287953 -0.0955118219533086 0.0550091935703289
0.00591046737490006 0.0102051455222651 -0.090659995780416 0.0994470116634111
0.00204205968283701 0.00390771515858453 -0.136180247627086 0.10080856372266
-0.0032121518696936 0.00744379042950061 -0.199231019837942 0.00171116600563723
-0.000688807515338102 0.00492889230354286 -0.181058078704583 -0.163625536093651
0.0126813250532543 0.0319850355326166 -0.0842335849645712 -0.24706560726368
-0.0450577962231757 0.0542004457864005 -0.0105451260772223 -0.272742074044328
-0.125723760632993 0.0103197815827803 -0.141378077615469 -0.221711920229498
-0.148989602427777 0.00240814297713839 -0.140086993238367 -0.124958638537364
-0.0394262615893111 0.0564520678935681 -0.0154110494308054 0.138217694689907
0.0155446981272692 0.0265492785878172 0.211221652502409 0.0252245020522346
-0.000456054132571132 0.00384955458695225 0.163218008485873 -0.206550314267359
0.0105873126531147 0.0231602001758361 -0.0670800119145218 -0.236026548125392
0.0242751722458231 0.0110608543878443 -0.156911758228532 -0.107007330023554
0.0249435179646924 0.00278711792416923 -0.127565926507959 -0.0084114126935254
0.0378593104502858 -0.00448914596555468 -0.0866137524702501 0.056222142542541
0.045581409573042 -0.00490707509760707 -0.0723710760235854 0.102050559875328
0.0610217081739597 0.00805295112691866 -0.112470563982735 0.12190418761901
0.0430304938359451 0.0540391580207524 -0.19047833580294 0.0513086572053908
-0.0112167200678252 0.0747387346032087 -0.207111472473783 -0.124140783846738
-0.0609770677186858 0.0726662204953182 -0.116627354648635 -0.23140601660366
-0.139597253380452 0.0328497631195857 -0.0256420413918092 -0.247614584987525
-0.206810041073042 -0.0576001130534491 -0.115380129807973 -0.185779789255836
-0.204461003761423 -0.0647151928220711 -0.0813647612151745 -0.100724085788687
-0.124099695375501 0.0397673043907417 -0.0082761895221668 0.164840693401099
-0.046467372616494 0.072357595465495 0.244945510437419 0.0735820239804015
0.00712842852054224 0.0641176266056672 0.207602889614599 -0.187332845436499
0.0540954274555906 0.0531188100108804 -0.0301686961715289 -0.242450931113181
0.0717479813605535 0.0091317175930492 -0.134174063920641 -0.119747846595977
0.0577102777218458 -0.0178514586031004 -0.109852841607135 -0.0180670487148952
0.0623582030979906 -0.0259829206756438 -0.0661524093966379 0.0475405364434409
0.0749548822197947 -0.0220038548708086 -0.0395728461939003 0.0964819683187739
0.107853451561759 -0.000313999725576239 -0.0665487337011741 0.139801694009503
0.0951881605756302 0.0739241128880353 -0.154584376809148 0.114411389675867
0.0151366762579787 0.126905095277438 -0.22690308493134 -0.0509485789935634
-0.0943648510098462 0.132265550836953 -0.159847751234148 -0.193671463976302
-0.211129265065816 0.0421206535193613 -0.0431074426128897 -0.222140172367162
-0.264174661438746 -0.0978485590708814 -0.0698348407332508 -0.134905481623985
-0.224359891927228 -0.130224788012341 -0.00743742971136229 -0.0511389316843529
-0.193373710500145 -0.000666988587409199 -0.000222615834675999 0.195908480844108
-0.118727084837237 0.0950617639546 0.259239259260624 0.141302799855178
-0.00417444616722025 0.123407583324554 0.256597543044125 -0.132451637091933
0.0847654658665115 0.0883375034571223 0.0321107774007303 -0.228575544298475
0.113069651988797 0.013187517701176 -0.0892164194627564 -0.132670280364938
0.0863752145078519 -0.0332609186492649 -0.0799404314269137 -0.0359245923890764
0.0778940735686025 -0.0434365015826334 -0.0376030970332481 0.0313202376359939
0.0889426706662499 -0.0377482333400051 -0.00180209773685857 0.0817677017797211
0.132384580202112 -0.013663222289995 -0.0131801246757367 0.144224533554156
0.134159648276612 0.0711047857639349 -0.0975238423108721 0.165160994821402
0.051541493023333 0.149749313829059 -0.217083640914685 0.028688182628001
-0.0949255710615094 0.175865112958584 -0.186978639304971 -0.141868100665716
-0.241871989870746 0.0580991691088533 -0.0546966565713014 -0.197577360019897
-0.282495791852228 -0.115985557545809 -0.0108035737787811 -0.0812535571275297
-0.202005737557887 -0.174437229282474 0.0657410003124927 0.0206040102400136
-0.221971171632995 -0.0564322186820229 0.00914633121585367 0.223755768095591
-0.177866671497535 0.0788574856464767 0.244093098581993 0.208135535350036
-0.0350355933304846 0.157518625123608 0.281262366359045 -0.0469199981232753
0.0915510872190314 0.117472454656473 0.10308227110318 -0.183136968276443
0.135253300095474 0.0213022717870469 -0.02610755696353 -0.135999286022691
0.103139024349765 -0.0416423529391065 -0.0383488270213881 -0.0583317136707446
0.081295980356279 -0.0550666164602939 -0.00430550304896427 0.0105501300342022
0.0882675279411973 -0.0491808868040095 0.0350259490020494 0.0598189567086607
0.135161778093435 -0.0240529273963372 0.0369799134044498 0.135639034443475
0.146853170066139 0.0606282703798541 -0.0352604673600075 0.191302763107732
0.0714976120456348 0.149058986828626 -0.184611057564118 0.0934888332646794
-0.0881856848991646 0.182990171475626 -0.191231752178211 -0.0878305275048803
-0.237903080183928 0.0510143788443886 -0.0569115389585703 -0.172197661492866
-0.256098474098037 -0.122750484235312 0.051953355612785 -0.0289202106669015
-0.143333847353172 -0.180777929419734 0.125476347571841 0.0982545253384079
-0.196289088868322 -0.105348628172979 0.017606557609925 0.246303906726824
-0.195842967493099 0.0329013246110587 0.199829159097097 0.252849665819237
-0.0652051187171919 0.150634059897259 0.265869946444343 0.0448165113384899
0.0743492826898417 0.124194599642989 0.160401963632694 -0.113444286838
0.131149099859287 0.0279346516226612 0.0425109459728847 -0.126792441364082
0.10242113284199 -0.0417297654264824 0.0081770449226542 -0.0800589537530022
0.0728774488780114 -0.0577812357785735 0.0288150301128527 -0.0118608530979088
0.0752857506909828 -0.0534044059241313 0.0670505383513252 0.036264195579242
0.120182620493606 -0.0267911904929087 0.0773918375932208 0.12053385896011
0.135592462236578 0.0526052296435653 0.0150785670872475 0.198489949648069
0.0665071404949785 0.13772123285823 -0.146987712731474 0.134743110677851
-0.0906443221962396 0.157948161266313 -0.178498759878753 -0.0432125056242033
-0.210172031784368 0.0181009972194064 -0.0520561417921832 -0.141934761448169
-0.192075490775884 -0.126246715042029 0.102395167562336 0.0193949457256105
-0.0641084898431861 -0.145566130203733 0.160982877666388 0.161833272112631
-0.130813293488738 -0.119915841136835 0.0206905889986706 0.257776048443982
-0.161125768545562 -0.00850338208004782 0.145645203865131 0.269948432771587
-0.0691938134718471 0.11121590122398 0.225974022303986 0.116216741783969
0.0495922364558624 0.100751805963688 0.192348873851548 -0.0447607868552701
0.102429423187302 0.0249544324531734 0.100052671172395 -0.110842914016305
0.0822606304101576 -0.0357884794840278 0.0505140823644007 -0.0969944314140909
0.0540000105192113 -0.0510958146999622 0.0565964797946465 -0.0318563576814117
0.0550823133606546 -0.0505949973412428 0.0924737063216814 0.0175159859269348
0.0950284611678652 -0.0256980902787289 0.105525052827203 0.108078117617169
0.111185467491166 0.0448285945883309 0.0480268292795524 0.198709465093222
0.0486383379530589 0.121008061108163 -0.119093519622033 0.158874974649131
-0.0975536078796048 0.116948645456138 -0.164058247233427 -0.0103225843271811
-0.166162464098045 -0.0250446152506116 -0.0460121559370521 -0.111593072718249
-0.105092710372062 -0.121926694131689 0.133484886537319 0.0639352187531779
0.0208193781413732 -0.0784673250085274 0.171636787448267 0.193425520507508
-0.0460819390778531 -0.0937224449909411 0.0220403702979575 0.254304590561646
-0.0889226447580301 -0.0250026125393902 0.105666141373514 0.26678075177337
-0.0420373752360988 0.0558039520585827 0.193756922517551 0.155990015785699
0.0258089419717079 0.0514255474389931 0.207973127562571 -0.00351042758140484
0.0564898380009657 0.0112349132513626 0.136611401232615 -0.10106892723458
0.0456278960803057 -0.0253838725711106 0.0780687611866395 -0.109168860823319
0.0262599076033336 -0.0369031307296888 0.0752849537821629 -0.0469951214191015
0.0307564804119889 -0.0410977369687242 0.109004065917958 0.00358923498787598
0.0632508281463214 -0.0233939317380472 0.124293477439786 0.10009072192212
0.0795412238771053 0.0321566372628851 0.0662378898281154 0.198241845718974
0.0296055415908849 0.0968011522697923 -0.10504239691677 0.174651744637526
-0.094820931133753 0.0709532612076578 -0.15806825635518 0.0113242628437059
-0.107516517272023 -0.0590460042344535 -0.0443967996134961 -0.0884371122737478
-0.00759990216801069 -0.102350116551033 0.139357715446144 0.0985934619856457
-0.0748183135131857 0.0633613748345244 -0.191151400475069 -0.125596505885293
0.0414447549387623 0.0566120596192657 -0.0217951177418405 0.139716127137438
0.0595852921454157 -0.0242876380517477 0.194759565019711 0.0058384896436913
-0.0178404294315381 -0.0447684411127317 0.147157363858361 -0.218246790350928
-0.0324302132887909 0.000102604531212819 -0.0835041472875407 -0.238751365875456
-0.0210658642599446 0.0172308303690607 -0.171132401909355 -0.106210941114347
-0.00531445876501669 0.0252096221552913 -0.143231354642863 -0.00859776528374044
0.00821236952083329 0.0184873627154045 -0.102948298857787 0.0582326581654913
0.00738943826744482 0.0107562294385657 -0.0970458342088213 0.105158595780177
0.00268032369045896 0.00419759763623942 -0.143823818379866 0.10649764865109
-0.00344641951737987 0.00959742996220772 -0.212035698893211 0.00218225006666053
-0.0013399973348275 0.00593448820734846 -0.194884134559048 -0.17311255310282
0.0126058114647401 0.0319271052018071 -0.0893140367110405 -0.263672608034594
-0.0474235789457452 0.0552995012907131 -0.0108730169039602 -0.292523162716998
-0.132387099246155 0.0113835351907554 -0.149045864317957 -0.235762380348412
-0.156150118480005 0.00374821168794205 -0.150926998997134 -0.129716689755631
-0.0408879137099485 0.0589801194382473 -0.0171670171486518 0.149777183684223
0.0159981907380907 0.026854402772497 0.225935566470098 0.0268775500509236
-0.00123029775851922 0.0045312589603141 0.172776463315824 -0.222020772425513
0.0121752666274075 0.02498732213945 -0.0725421212459442 -0.251993943188855
0.0256367118115708 0.0125247621345878 -0.167470285011232 -0.113458042532305
0.0281023048519547 0.00323931557157662 -0.136712675625336 -0.00909168921836682
0.0411605319231855 -0.00432712108653874 -0.0925463391161443 0.058807694551353
0.0496079627112641 -0.00533792520501221 -0.0761376869696094 0.107637223794089
0.0657291678847178 0.00859848353878766 -0.117654006842371 0.129720654521681
0.0455974300332557 0.058496226866809 -0.201569971522974 0.0545153404758253
-0.0119710219602242 0.0797119769184153 -0.223544424416104 -0.131206539458905
-0.0659547020668766 0.0750070539179423 -0.125518048194331 -0.246209306059203
-0.148072060846616 0.0328586525637238 -0.0277657010653608 -0.266030285019477
-0.218576077620841 -0.0611357070456891 -0.121647562969844 -0.197478856680942
-0.214740477805181 -0.0679919967871648 -0.0893019929479754 -0.104163403492704
-0.130203645528673 0.0410774371931477 -0.010094109833814 0.179010950065533
-0.0494247693349883 0.0752264652854598 0.261758673594344 0.077312034181818
0.0068325422707954 0.0685487889612185 0.221557746378415 -0.201966207414353
0.0581079195552047 0.0562974540354685 -0.0332042082524304 -0.257968341628858
0.0761177508118784 0.00957490064668686 -0.143436336051036 -0.126518707376668
0.0623250043363689 -0.0186428809486632 -0.117035902268448 -0.0191404921394872
0.0675697848267734 -0.0269421920886564 -0.0702776816901141 0.0497304520901616
0.0800749868886856 -0.0237812497526978 -0.042073878490853 0.100987053444797
0.114954726091284 -0.000664806279021999 -0.0687873047070736 0.148428610548098
0.101170378997399 0.078838824955774 -0.161848427331088 0.121949361486125
0.0149916337126043 0.135920533201064 -0.243263924462358 -0.0529424351617334
-0.101183130457697 0.138122631233363 -0.173181102765824 -0.206755199256101
-0.22296633350444 0.0435935470098359 -0.0476302440209444 -0.238219806061626
-0.280177428012066 -0.103759526516371 -0.0736002563071701 -0.14364121985786
-0.23541121974867 -0.136764747314083 -0.0115134323146157 -0.0526288257987734
-0.204121303493751 -0.000831246883185052 -0.00281189817497654 0.211511420483199
-0.126289088330243 0.099318223004022 0.277517297256388 0.150252845847445
-0.00460184266188028 0.131315494573062 0.274992183218904 -0.143179883629031
0.0907239513552677 0.0936559952650712 0.033362611738786 -0.243346184689362
0.119178023581829 0.0125278961765279 -0.0958815673946126 -0.14041774223517
0.0919946092433871 -0.0353246919473602 -0.0846677738546543 -0.0383270984348034
0.0833679303726254 -0.0448221306949963 -0.0399641399432841 0.0327673216311797
0.094532278208189 -0.0398721114019304 -0.00192999416579971 0.0852448561171929
0.14099549051303 -0.0151115650408628 -0.0116463029068031 0.152346943611595
0.142077968295825 0.0755865652959287 -0.0998111377668288 0.175934026311816
0.0546458445523435 0.1594744836219 -0.233848238107713 0.0325388669894116
-0.101205039200386 0.184162230817503 -0.202744183956846 -0.1505960653434
-0.255628467630703 0.0599028851306728 -0.0605483061655768 -0.211019656343585
-0.299871097726089 -0.123021928788981 -0.0113222855697369 -0.0854518998782654
-0.212200046013093 -0.18423813467615 0.0660459371713433 0.0231531243888336
-0.234288275799025 -0.0599016523548343 0.00662047829678922 0.241045859678153
-0.189666903934173 0.0825791278659555 0.260681838224821 0.221658434330675
-0.0370522223670493 0.167301430830897 0.300529054018412 -0.0515166255502532
0.0973047423543276 0.124968703215854 0.109009273543942 -0.195956089143299
0.14276506078461 0.020954214488353 -0.0289629390922837 -0.144080849316608
0.109353255048094 -0.0444249431284509 -0.0404872287389685 -0.0617989406520937
0.0865087129336121 -0.0565379736140513 -0.00375847793150483 0.0103155922711508
0.0932013681560081 -0.0513974860387157 0.0375960928051785 0.0623436917158256
0.143579624660859 -0.025964834919423 0.0421497415384339 0.143624940488392
0.155692155853785 0.0635251495691411 -0.0333349244635458 0.203237017174682
0.0757936831425972 0.157789323770396 -0.197669614740771 0.101874992185722
-0.0939986320401488 0.192408639190334 -0.207725867145479 -0.0926752165930686
-0.251768837586098 0.053743571822118 -0.0633992003258039 -0.182344590764642
-0.272851722517359 -0.130486499697114 0.0547815186328267 -0.0307958713354713
-0.15056399569451 -0.191216931383384 0.129462096659136 0.105258582776148
-0.208260147292679 -0.11175147051893 0.015398063858346 0.26381700620759
-0.209016804851536 0.0341441926154314 0.213110349755366 0.269497562646637
-0.069271554612732 0.160154333557031 0.284289484298847 0.0467330534562713
0.079717825474773 0.132233401927895 0.168951948514367 -0.121589944482966
0.138418452467008 0.0276123989144699 0.043025843498316 -0.134729618441155
0.108522919615467 -0.0444811247410813 0.00874141775247525 -0.0848982374434017
0.0769852651335601 -0.0594147890062349 0.0314645710145549 -0.0129656139455877
0.0786300315510205 -0.0553607295249161 0.0712738677562675 0.0380853497732411
0.127249330210571 -0.029134785405053 0.0848941102167046 0.127651094546055
0.14389300424584 0.054961856174456 0.0206220059256293 0.210942948293834
0.0712005411985881 0.145780431685828 -0.157330889975473 0.145573730362934
-0.0967650474495477 0.166157177152616 -0.193491117657106 -0.0446716519924832
-0.22319820508178 0.0187495945426878 -0.057989630711024 -0.150328695648113
-0.205096877857355 -0.133230474936844 0.108697699060098 0.0202610598859161
-0.0673552199605848 -0.153591262636896 0.167272777673346 0.172724624483156
-0.138709174616029 -0.126654921944903 0.0190414584769194 0.276311871524607
-0.172301203909915 -0.00977601073429601 0.154893896821075 0.287756773829793
-0.0735770717023954 0.118000161554486 0.24090228503344 0.123188817268389
0.0534288003783374 0.106483618746148 0.203379872361541 -0.0489682402990487
0.107986256503348 0.0244072247308451 0.105087070567628 -0.118598679997037
0.0867002416709744 -0.0386769881181028 0.0525767761934986 -0.102580006392252
0.0558597576823433 -0.0525293124282738 0.0608829159146492 -0.0337763479424391
0.0571563979016307 -0.0524033055403819 0.0984704482196701 0.0175427479970659
0.100171608909458 -0.0279194877631151 0.114882526782802 0.114543075965778
0.117852628905694 0.0458465771240075 0.0555961074690831 0.211237710045654
0.0525390694147588 0.128039021804775 -0.127142853341042 0.171693651125021
-0.103345541020536 0.12309837979251 -0.177526182883558 -0.00983930669033812
-0.176219966342174 -0.0260773880587717 -0.0510462738432632 -0.117125774348121
-0.11203699756258 -0.129276423921917 0.140509023894764 0.0661721818576965
0.0223541569868935 -0.0828098670786012 0.179522587551244 0.205959895017857
-0.0497601387377137 -0.0979116726403936 0.021519667485263 0.272434796761202
-0.0948596684441734 -0.0258211022476337 0.112598288771052 0.285018855819999
-0.0437528194947049 0.0593596506874153 0.207810393142079 0.165911572615476
0.0279447571664587 0.0542793644505938 0.220642984756034 -0.00517580780911353
0.0595731686424564 0.0101158394166488 0.144292608869444 -0.108493882087033
0.0482713796988611 -0.0277457121655581 0.0818935612786595 -0.11608891424518
0.0268531122632941 -0.0376173915094732 0.0809261461657219 -0.0495278754459397
0.0310518582830037 -0.0421589600331876 0.116097429639832 0.00357871367564925
0.0654493078446916 -0.0254659823046916 0.134212141860491 0.105953121845083
0.084505277880598 0.0322530977895469 0.0731822524143134 0.210900276735047
0.0327161387349649 0.102312551629183 -0.112222883205494 0.187903431974989
-0.100198093442464 0.0755956974131828 -0.170373407088678 0.0124235737265216
-0.113647874058513 -0.0618571383215571 -0.0483445196259765 -0.0933470144295914
-0.00899402912115336 -0.108703143901879 0.147714742495292 0.101905370245545
-0.0757520563487982 0.0711509657200044 -0.210363574753939 -0.122577190276389
0.0477145538882609 0.0569080406380184 -0.016261369042408 0.153321741880022
0.0615598261634693 -0.0290324125901947 0.209210264900642 -0.00164206934777091
-0.0213496496504325 -0.0462048627915592 0.147287615434582 -0.243159768781901
-0.0334855034953003 0.00267344825135799 -0.101375091497619 -0.253263649118086
-0.0212339743724384 0.020528981992877 -0.18830845328644 -0.105525146718723
-0.00335568638974657 0.0269869496611473 -0.15532184700472 -0.00295960497089374
0.0110539458596595 0.0191164212032481 -0.108349054183257 0.0664290000371189
0.00920061792896871 0.0105893662581259 -0.0985887306351119 0.117301928495462
0.00336120656191447 0.00496442652209578 -0.147939601815467 0.120212490221658
-0.00351198138054892 0.0114573362996341 -0.22683176863035 0.0120484687405018
-0.00175402264424266 0.00620224116597211 -0.217838743321063 -0.176742574238969
0.0135215119966993 0.031777712491569 -0.106772937621713 -0.280015984994797
-0.0486152737220715 0.0594866696404146 -0.0229811262794124 -0.315623109049271
-0.139732202270814 0.0181407119794269 -0.166811315615649 -0.24651171493995
-0.164264719363853 0.010846625152273 -0.16891175042645 -0.127993358149026
-0.0402599023954282 0.0627736741771906 -0.0113994520646599 0.165503112760036
0.0176142693432117 0.0262494503264159 0.244060879602496 0.0191249671530689
-0.00142508688201055 0.00594836010572417 0.174859392380661 -0.247712450815192
0.0149254552583228 0.0261733919029 -0.0886187329977173 -0.266345082953741
0.0284556418533284 0.0129242213798703 -0.184714966185066 -0.112935354384088
0.0310454843573468 0.00209887578224315 -0.147672362577686 -0.00357181074973308
0.0456877654598391 -0.00638343640574484 -0.0968829345322738 0.0665091319474444
0.0539093466933507 -0.00805987705507131 -0.0774988731673496 0.118269013017219
0.0708683338614516 0.00645183202772146 -0.118537610815244 0.143122368341535
0.0518216944931795 0.0617015622111446 -0.212237451935432 0.0677555808646797
-0.0102732884141551 0.0862573899674972 -0.246948335660278 -0.129384429745867
-0.0691773668072961 0.0807129116080045 -0.146524876865638 -0.259191023800654
-0.156379580761535 0.0384559853797807 -0.0415120832998225 -0.285532566306063
-0.235601302690028 -0.0556960196481577 -0.137170678456878 -0.206250165646165
-0.229342266914209 -0.0628158689424096 -0.103814561422715 -0.105001381365023
-0.135391168325484 0.0480708427548314 -0.00407141718691171 0.19618425964095
-0.0501767152659491 0.0809067997594217 0.28401393188585 0.0719740542891699
0.0099821648475752 0.0733542531839056 0.228366193246672 -0.227566489523569
0.0653996482776097 0.0573771637580294 -0.0484175921999416 -0.275093441217143
0.0813793030245702 0.00699194428029902 -0.159902904323656 -0.128403525766489
0.065988935591292 -0.0225035236417181 -0.126656958488726 -0.0159868003716562
0.0719879138078406 -0.0311438012363784 -0.0736788717815416 0.0555264221347255
0.0857038904054312 -0.0285346243541378 -0.0403994611290709 0.109253091534314
0.123098423341706 -0.00641561321909455 -0.065072119859188 0.160941350359484
0.112236904007297 0.0806583878144269 -0.165393311013046 0.137918773350603
0.0220352310147545 0.145070094716126 -0.265356520263507 -0.0440708467292897
-0.103601849167564 0.149517435986384 -0.196935041055664 -0.214127604572836
-0.236228629513301 0.0536864533809265 -0.0622684370566991 -0.254790296569794
-0.303639773760236 -0.098471497403735 -0.0846608130015621 -0.149451218437134
-0.254322867321372 -0.135426771254704 -0.018620574086496 -0.0527664581332977
-0.215617762303478 0.00703766928686662 0.00363137801683203 0.230025203219903
-0.130554601031516 0.109808080610339 0.304084280405068 0.149457806113907
0.000126724962556234 0.140391744551581 0.28833637738669 -0.166233918481952
0.101328068487993 0.0960626498086792 0.024164862962523 -0.262968264855706
0.127174011656348 0.00792479616176399 -0.110049367579187 -0.14519828109074
0.0966328707744209 -0.0411794201311214 -0.0919156761717417 -0.0373852435964943
0.0880398520576628 -0.0503336789184833 -0.0406576471245471 0.0361728117094491
0.100495908750679 -0.0460583788679108 0.00140031439600808 0.089997380655892
0.150447199472439 -0.0234856767638831 -0.00365480556009931 0.163378993590611
0.155202038128819 0.0744244029882969 -0.0958020175667159 0.191678354484454
0.0653750749551647 0.168286342221271 -0.25012776866185 0.0480047053962956
-0.101633662924232 0.199506955695333 -0.227935248201079 -0.152004557597504
-0.270481101903707 0.0732668509661767 -0.07575470083076 -0.223944311508
-0.326188091174619 -0.117403069544063 -0.0157584541706813 -0.0905223159491279
-0.232310641252958 -0.186900076980972 0.0679472365192883 0.0237033204108661
-0.251782492251574 -0.0544842387752661 0.0140099807371504 0.26085651448595
-0.199989095961541 0.0950834628525047 0.289300757421378 0.226738157229382
-0.0330067653672042 0.180469797880806 0.319326155056911 -0.0691289250127586
0.110693424810474 0.12851044335014 0.106359394773023 -0.214716548483302
0.15222189516244 0.0149564196855 -0.038683662972281 -0.152705480573533
0.114471774006543 -0.0519558243057247 -0.046273882212984 -0.064475511062399
0.0902566564105359 -0.0626509658862923 -0.00335404817784999 0.0111303459150025
0.0976233775426586 -0.0584778818649494 0.0429413134595959 0.0637111227082394
0.152009427994252 -0.0352670142268794 0.053451954729646 0.151045679193889
0.169647484570287 0.06109381776902 -0.0226586597989392 0.21806571947795
0.0881786155440143 0.165136591612663 -0.208810914191851 0.119928160424907
-0.0924878072507024 0.207860210167382 -0.230648092052876 -0.0884753194223431
-0.265985135189685 0.0669431583314621 -0.0784013029930429 -0.191873271244939
-0.297318606472554 -0.126669208927778 0.056800760293958 -0.0353780114887513
-0.167060957368679 -0.19693517964705 0.138746615993131 0.107869016975533
-0.22650340277054 -0.109612685498555 0.0243531246140346 0.284472883886212
-0.22268922284548 0.0447383831769322 0.240707340755915 0.278684719534497
-0.067231412590149 0.174727296021383 0.306972581871634 0.0376675824579172
0.0919719036050381 0.137138480003781 0.173908049823084 -0.138478765867743
0.147828351917989 0.0218734402241687 0.0390744873394546 -0.145974198108329
0.112798258235436 -0.0526570506322583 0.00505891366654992 -0.0903976795806306
0.0797371930564171 -0.0650595837468977 0.0336343109796214 -0.015368909306221
0.0812358894923938 -0.0618703647563338 0.0782452276827756 0.0370866577819074
0.135147229853679 -0.037459358481858 0.0983304081101459 0.132413864887523
0.156751554606176 0.0510119639093432 0.0347525426303415 0.223498812326208
0.0829230312713009 0.151970388495969 -0.163148652005697 0.164949929603915
-0.0967047722385594 0.180267900656389 -0.213327394599596 -0.0381616284268421
-0.236847794158115 0.0296597432693275 -0.0706432231691804 -0.157094352808283
-0.22524492879597 -0.133223649531522 0.117055761405226 0.0163109165980399
-0.0773648990195145 -0.16047222420363 0.182587698142022 0.178155294378158
-0.153361350315328 -0.128172739534243 0.0291883037280883 0.296747405471814
-0.185772497110606 -0.00266503171732098 0.179350861853623 0.301939933387944
-0.0727407796340731 0.1297334853972 0.263829627120345 0.121601075157557
0.062468699016227 0.111156901895106 0.214866305877544 -0.0621636869991554
0.114959280311385 0.0191854885132294 0.105526589258094 -0.130900084539228
0.0898625172663504 -0.0456355623637296 0.0511197450287415 -0.111927391492908
0.0575979131307541 -0.0565330206937918 0.0647267777636504 -0.0387877014998855
0.0576198787269329 -0.0566745516985926 0.105845173432256 0.0141690406123759
0.105564948952283 -0.0348411674456417 0.130392303475378 0.117315218483386
0.127915413006387 0.0428738897522692 0.0721058045071836 0.222812360619778
0.0623651035148424 0.133395146624637 -0.128827150414123 0.190232246891503
-0.105775531348607 0.136046073526175 -0.193742083354242 -0.00124418565577824
-0.189342396858541 -0.0197373456131071 -0.0613644425201801 -0.122120969093819
-0.126189955759034 -0.132916342548771 0.152978733749063 0.0634463486842001
0.0200699820979124 -0.0885061114652126 0.197779878220927 0.213074519000676
-0.0573063230420926 -0.10105064140134 0.0321649686050436 0.292934357455454
-0.10359452593147 -0.0228496729361371 0.133941558749862 0.300698485308711
-0.0433637529913204 0.0657142615914382 0.229700288030634 0.168146962896856
0.0333491686522182 0.0564905598470684 0.234967783387755 -0.0166177706909738
0.0628600918083105 0.00622897572330963 0.147677219348376 -0.122834778445417
0.0492388168427601 -0.0324238720218083 0.0813109414049027 -0.127176030173823
0.0265319838510146 -0.0394503344344858 0.0847067839825568 -0.0571048579062553
0.0294534345722656 -0.0451527815862254 0.12432087628624 -0.0014917850235899
0.0679519275280503 -0.0306504534089488 0.150044202068149 0.107289333779575
0.0914269597994842 0.0294244915894924 0.0904503096875107 0.221835059900803
0.0406909683816986 0.106686607706111 -0.111656109305977 0.207565806851469
-0.103775786138733 0.0854665917184132 -0.183852258603356 0.0216088624304304
-0.124170631156684 -0.0602629783537851 -0.0573273073503394 -0.0962568729473821
-0.0152313742557891 -0.115560722651848 0.161625678118322 0.100484582361472
-0.0719313897794311 0.0789773989606607 -0.227331491837379 -0.107716153685374
0.0541784097308147 0.0546992406573468 -0.00358527688223682 0.164255181305953
0.0613817729629209 -0.0352365735260635 0.218378391890475 -0.0160805810066161
-0.0258099282245332 -0.046013467710437 0.133737072504614 -0.2662933352018
-0.0337396767322624 0.00566069689086549 -0.126180057833888 -0.257971495545863
-0.0195451677458055 0.0244321443707072 -0.204075473890703 -0.0951444878237658
-0.000632850822297837 0.0288259132767913 -0.163570933231075 0.00840739040662295
0.0143939050538621 0.0186447368366482 -0.109026822914665 0.0770123378260103
0.0109029572361354 0.00987949662051275 -0.0939078226177923 0.129300236991542
0.00426490593959579 0.00549591443773306 -0.143487163928263 0.134582317769839
-0.00230474720569361 0.0134823066249483 -0.235845984586665 0.029646620183945
-0.00201310278755586 0.00704557097325152 -0.24170758405198 -0.165752237282651
0.0149033237993101 0.0304017833638614 -0.131181061412655 -0.283962037119899
-0.0458696812890721 0.0629392996386141 -0.0469222852247151 -0.329497055516906
-0.142774479339696 0.0286159066576162 -0.188826967749071 -0.245173593613133
-0.167631293945362 0.0231742087200872 -0.185581994292329 -0.117029340648102
-0.0361839664703317 0.0665654599920328 0.00064047116232513 0.176194117469624
0.0192893731908577 0.0251226916085735 0.256027179650481 0.00214864041390476
-0.00168946834884931 0.00626108447701173 0.163356808001964 -0.272648352842533
0.0182908965721485 0.0264474385191709 -0.113680721881567 -0.271117620919241
0.0308083657941806 0.0122260988430262 -0.201054270088387 -0.103476190489433
0.0332032698454884 0.000487609981575837 -0.155253695294349 0.00663727478611744
0.0480791160268602 -0.0101413024657649 -0.0969748943254838 0.0761052504865815
0.0562064976289144 -0.0126964680110192 -0.0722330093365218 0.128353697666242
0.0745994612769861 0.00169706244196697 -0.11095405769817 0.156514824805862
0.0586746868281238 0.0615971109038031 -0.214944354190735 0.0864403860530933
-0.00477409894485543 0.0913432093820815 -0.268208388826211 -0.114130369322
-0.0683297339410836 0.0872767200354972 -0.173137218611214 -0.259969902867849
-0.159608683890579 0.0488484169598164 -0.0633523240999854 -0.296556342818883
-0.247548709082039 -0.0409029311168889 -0.155879542166044 -0.204358362402224
-0.239417549411658 -0.0487054640961214 -0.117395841909428 -0.0976357975298343
-0.135790368274797 0.0582830345949463 0.00981641840739353 0.208429855021052
-0.0465955678243253 0.0860247117875777 0.302442977664795 0.0536967892332167
0.0149810544608252 0.0750493750368697 0.220801072184799 -0.255335096432037
0.0725227508922418 0.05447447754253 -0.0709430434305852 -0.283245871658744
0.0849763986114003 0.00151676897731853 -0.176285109307376 -0.121672488116451
0.0672419855967932 -0.0278420732682902 -0.133547811498581 -0.00795137660737487
0.0740265512687236 -0.0371224199409 -0.072697220602823 0.062577279016389
0.0879517440376693 -0.0362520093859341 -0.034235459906811 0.116299619591875
0.127706790699637 -0.0157417870428737 -0.0541937489685077 0.171531729447525
0.122422820628 0.0761476051159168 -0.160512768958259 0.154689602876351
0.0327634855940925 0.148974724461794 -0.280531685454962 -0.0241180538808777
-0.0995758446184003 0.160890643158718 -0.223732945533415 -0.208609896584637
-0.240928497252359 0.0702269793545532 -0.0846938844733173 -0.261829651580845
-0.321941668122756 -0.0802414418391302 -0.0973411434955769 -0.148824588604748
-0.271327477236377 -0.122159440079035 -0.0261442970715682 -0.0506192133783219
-0.221661655974779 0.0216726059275837 0.0192760326804108 0.243013981081099
-0.128632324782131 0.12188681911304 0.328679852220701 0.133571956854493
0.00981056392653932 0.145649473574102 0.286951378083945 -0.195518432042955
0.113011458116646 0.0914306577043052 0.00412033964888382 -0.275071099413794
0.131999822226887 -0.00144193192158197 -0.125305865797255 -0.142286832289637
0.0970426610236691 -0.0493599595429158 -0.0982424995208046 -0.0328834980502632
0.0887427965350383 -0.0574879158089135 -0.0397278344707553 0.0400079414486703
0.101520325117472 -0.05500588445671 0.00800049135356547 0.0930895012860384
0.154525210801021 -0.0362754734454384 0.0104792567880492 0.168899851817931
0.167559599709092 0.0660768316115449 -0.0823654596362711 0.205145920358379
0.0794552031750173 0.169900621606685 -0.257985988307079 0.0703648772425964
-0.0926906968713645 0.212606218186601 -0.251660821642625 -0.140647661105255
-0.275037841779802 0.0935412029592298 -0.0965380510690119 -0.226790394802484
-0.346517364597966 -0.0979931402748136 -0.0221401045607556 -0.0923642110415144
-0.252440177388612 -0.177529527308983 0.0683059553398146 0.0218396915505394
-0.264123240322717 -0.0388233610831147 0.031046556856031 0.274676464960733
-0.201856611024907 0.111975362032396 0.318092009110842 0.214643470246809
-0.0209273693665783 0.18916230206004 0.328096418500838 -0.0963830035157334
0.124390259415087 0.12455693895879 0.0934486539997906 -0.231383998713106
0.15803346002511 0.00336239339624776 -0.0521272413288079 -0.155202906911493
0.114348469852508 -0.0621786635698951 -0.0523906597975449 -0.0635868339763928
0.0902491147830868 -0.0702157029180123 -0.00234355718439703 0.0112524940817497
0.0970385513817859 -0.0662876662769544 0.0489256349488322 0.0624137197283633
0.155596877227988 -0.0487796638124706 0.0687300354550996 0.151551180496347
0.180775419851564 0.0504178605410866 -0.00419281186148547 0.227224072316853
0.103220368865923 0.164899990049881 -0.208844223284102 0.142783329186308
-0.0834143721846566 0.221055885742418 -0.250012974915915 -0.073065869571238
-0.271747836111082 0.088049650454781 -0.0974717701625213 -0.192925910834738
-0.317662124924359 -0.108604904121053 0.0567941191423473 -0.0404634604922172
-0.185748222083875 -0.192341897292751 0.147378100314884 0.103814441619315
-0.241190701737702 -0.0976218048953083 0.0423404001280599 0.297899420731616
-0.229148971380746 0.0617189022241984 0.270932488077417 0.27319218483632
-0.0567014130781842 0.185725596884378 0.322171245609408 0.0155144868689314
0.105909294231892 0.135077322703153 0.1693045082155 -0.157089163456465
0.153213356248328 0.0107758273445515 0.0284627636505879 -0.153687016961882
0.112002676994486 -0.063268355826583 -0.0018293269174323 -0.0944660925890117
0.0787913024689186 -0.071240933643461 0.0342981416431807 -0.0187678361586202
0.0797801514833309 -0.0681123088298157 0.0837456280654948 0.0319975128488625
0.136786799629437 -0.0492849656619876 0.113755996988045 0.129504418091323
0.16643205949413 0.0408440567553189 0.0560997653145898 0.228460114892481
0.097466282650931 0.150676493272434 -0.158273605416741 0.185159759672196
-0.0885476452014814 0.19368681090356 -0.227678389543309 -0.0213335071273031
-0.243810606263041 0.0475832681865086 -0.0867958814537996 -0.156502659431176
-0.24309715598946 -0.120966986326988 0.122384259140953 0.00786816863796228
-0.0906264001989995 -0.16076515754777 0.198400234683205 0.173036021497576
-0.16686626721459 -0.121038435000229 0.0496274006964731 0.310039051266752
-0.194019498419106 0.0115110851610773 0.208957946971398 0.301040586685977
-0.0653796069715042 0.139927502104482 0.283885453843867 0.107378402596165
0.0741879269955041 0.110035824725012 0.216970405226641 -0.080458528495144
0.119215596501515 0.0103575205035342 0.0982249155147974 -0.143647779200051
0.088651582320352 -0.0543696709820459 0.0442269147606007 -0.119975555641236
0.0562976514246579 -0.0609163036823122 0.0651762882483124 -0.0456580113620665
0.0547096795099483 -0.0610719735893434 0.111185207993756 0.0067267236032739
0.106160815433105 -0.044369110367819 0.145895127426926 0.110665176093659
0.136252756572002 0.0338212521807548 0.0938673484645491 0.22490490992113
0.0754597489023908 0.132745714793689 -0.12030901343998 0.210132541332224
-0.100350197596595 0.148871027781495 -0.204569014488463 0.0144167318758425
-0.197863568363849 -0.00599993356327234 -0.073573285898154 -0.121274766858888
-0.14103014771121 -0.12822580685279 0.162719169108366 0.0534296231898872
0.0152430713803494 -0.0924033947998555 0.217336214612614 0.20803741703794
-0.0654050235599044 -0.098846353894446 0.0531394965212216 0.304287960454337
-0.109402196461306 -0.0151629810543945 0.161721737255927 0.303770379445397
-0.0394058205139149 0.0713191987148268 0.252564193080811 0.158457904154129
0.0395815091769067 0.0554244026506492 0.241729774612689 -0.0345059740621782
0.0640713285511504 0.000669544419750966 0.14267334250268 -0.13874954473397
0.0475215772949426 -0.037951126180329 0.0746256685842658 -0.138204362784575
0.0248242121192942 -0.0412909604695094 0.0847095153654144 -0.065186209670974
0.0260207098932146 -0.0468642479719273 0.129038888041994 -0.0104178730443981
0.067096914014737 -0.0368265873282661 0.165966592481684 0.0996021454235618
0.0970027852684212 0.0223912457609283 0.112936996795537 0.223378085896099
0.0506700140878135 0.106297788687359 -0.100814767337158 0.226400615508971
-0.101628178361337 0.0962585488801107 -0.192507489411334 0.0374936596238798
-0.132911991520158 -0.0524289014122958 -0.0671155631146765 -0.0962820988435337
-0.0253980445469847 -0.118167380823483 0.174561087179553 0.0901528726243988
-0.0641589890379879 0.0829921459768357 -0.233748472845682 -0.0892233382687763
0.0583349242995423 0.0490945307625152 0.00969143299766373 0.167338058154402
0.0584145907004483 -0.0403532829110772 0.21870903812311 -0.0300491392807696
-0.0297122497590077 -0.0434558754752179 0.114185826704812 -0.277182543573074
-0.0321913104283039 0.00798016623050328 -0.146199061544173 -0.249498011039933
-0.0164583993710864 0.0263443882389811 -0.211461624056886 -0.0813517961408569
0.00268935287285643 0.0284288228357091 -0.164965980645424 0.0200413262731206
0.0172059586486987 0.016587608932852 -0.105380198242891 0.0854351337655791
0.0127688683748637 0.00906147327892748 -0.0848014858294069 0.135265714527098
0.00523583219850913 0.00568152028167667 -0.134174463088298 0.144198568775508
-0.000679157703462479 0.0148282556515936 -0.234363421364569 0.0453147003224309
-0.00239578392679723 0.00743677387338037 -0.253915531155207 -0.149795099163156
0.0154809321406897 0.0280298075065172 -0.150594645029786 -0.27743235324908
-0.0422767680205728 0.0638944835975153 -0.0680305019788434 -0.329239662036153
-0.139498454724008 0.0383424515238452 -0.202266592092326 -0.233707769776791
-0.16317643773653 0.033733553020634 -0.193077248703484 -0.100805185261441
-0.0308232464124167 0.0668973237126526 0.014162832976765 0.17963309365663
0.0204528572316509 0.0226251053300547 0.256833392654924 -0.0139933316385077
-0.0024227824179811 0.00704529400224986 0.144089927699086 -0.284860592890597
0.0205699669104199 0.0251218419024944 -0.133505302040358 -0.26409465746673
0.0325711256051002 0.010577332546637 -0.208442608380844 -0.0890829499657521
0.0342453772032659 -0.000960589580886248 -0.156246483695175 0.0168174803473901
0.0489282786896196 -0.0134151065083605 -0.0926716409992273 0.0826384006946623
0.0565000117791169 -0.0170856226223775 -0.0630844911668721 0.13368963192882
0.0750893306969761 -0.00392081993638648 -0.10006383443925 0.163052962260853
0.0643831494615352 0.058373227157335 -0.208988246463895 0.10077297928531
0.000657030594156876 0.0916374772119925 -0.277844014393403 -0.0957544749794515
-0.0647348851312363 0.0900493535867775 -0.191078336907186 -0.249091941776773
-0.156945830171414 0.0567772358883554 -0.0832284457096204 -0.29487072444681
-0.248941887651581 -0.0240201344027703 -0.167076473360477 -0.194282143530249
-0.240013224710088 -0.0332363985370245 -0.12473944152972 -0.0854870451349327
-0.130321423054118 0.0648850662154958 0.023283144399635 0.21144586791241
-0.0418508636494322 0.0867673268883047 0.30670489345455 0.0351235033648013
0.0193665294390535 0.0743170026598893 0.203893033951788 -0.270773246811882
0.0768312226339429 0.0491083472440595 -0.0921935843957924 -0.277644918931386
0.0855085147325631 -0.00364121552814086 -0.184771379086128 -0.10882005466924
0.065785295520221 -0.0308241565672256 -0.133787832217227 0.000518399960748032
0.0732043717818311 -0.0421559806725543 -0.0692735266104404 0.0674684089844059
0.0868264674990567 -0.0421796824323406 -0.0265651925121167 0.117878313849605
0.127046186438218 -0.0250622623843012 -0.0415587946970889 0.173823821150544
0.129063850708614 0.0678067557208101 -0.148860360024041 0.165088953542552
0.0424600345332492 0.146875947545857 -0.284070821998345 -0.00328031794361109
-0.0916463775498525 0.166114981680413 -0.240172169151389 -0.192714958659383
-0.236837278517228 0.0836437495755448 -0.10255250110657 -0.256849376177736
-0.325771154668371 -0.0581495959308023 -0.105577842637515 -0.142410396249548
-0.275827374393543 -0.10485142686648 -0.0321195051990947 -0.0454703110392663
-0.218313233006739 0.0345078258926857 0.0343434287830324 0.246313968873492
-0.121809693243276 0.128881402804115 0.338752684063806 0.111566621913831
0.0190667559452632 0.144456542668615 0.274615813360609 -0.216334645979909
0.119512447204525 0.0833321234670437 -0.0151145159371439 -0.274756616858707
0.131013841362182 -0.0105918662273543 -0.135664816232385 -0.132918104715192
0.0931065129160855 -0.0551269959768066 -0.100675145146341 -0.0263030796201897
0.0865275432183613 -0.0631513011450166 -0.0371872242755792 0.0424270973965772
0.0985395844779534 -0.0615504942707251 0.0141326915662155 0.0919647912425721
0.152025400521522 -0.04752370469547 0.0232175115129342 0.167227338872674
0.172572687705082 0.0544325144542638 -0.0666712233997869 0.209084157539961
0.0898964373644235 0.163971477884589 -0.254646580025143 0.0907412167576567
-0.0817334411235962 0.217310018054611 -0.263248186977206 -0.121178748809463
-0.269143690590988 0.109903802960087 -0.113292300511275 -0.220631502287239
-0.35246640971617 -0.0746168592168296 -0.0275205748325812 -0.0909525527638346
-0.261000956703399 -0.161124427626949 0.0662835313109021 0.0202608885508642
-0.263783950719825 -0.0224963352944717 0.0475104689503763 0.276884309133419
-0.195230074231696 0.124214771596715 0.333347658069931 0.193314809822297
-0.00883148757181123 0.190190233094947 0.322325672654367 -0.119141100392995
0.133250089309093 0.115320060975696 0.0772264403617772 -0.236978915056844
0.156731767631769 -0.00726326452704446 -0.0634115079496586 -0.15078455077387
0.109612827616531 -0.0691540131152052 -0.0563030041128258 -0.0603974911386065
0.0871945072033557 -0.0750638856233176 -0.00135814487003952 0.0108704511204206
0.0929470243612476 -0.0719863124921422 0.0530317337024791 0.0594372476965901
0.152173278195143 -0.0601800942527682 0.0807453576484 0.146145716067448
0.184243873869506 0.0376741242689071 0.0137004187591337 0.225374348492667
0.113507944125723 0.157314495966085 -0.199961466053145 0.159347496405395
-0.069376005458982 0.225614006285213 -0.257641088438208 -0.0537548316892656
-0.265233915459513 0.10469614824669 -0.110715669398822 -0.185009709294903
-0.325169093874734 -0.0870389919470144 0.0554884040377236 -0.0441939339311713
-0.195851140375158 -0.18050232712364 0.150398609247999 0.0959545926185092
-0.245716837455724 -0.082321688069075 0.0598529414116535 0.29882417592791
-0.225998784820124 0.0769560959401005 0.289715352286333 0.256107650577056
-0.0442010183236833 0.188785583003166 0.324101342005428 -0.00601063956710358
0.115875173545302 0.127287888552346 0.158835195838141 -0.168006456081858
0.15238771501685 -0.000302119013173994 0.0170584054673336 -0.154527337679627
0.106891760515682 -0.0703488106332497 -0.00779385199421202 -0.093994380043033
0.0749692624404002 -0.0744807875174623 0.0341081293566254 -0.0219683637232411
0.0749522827207304 -0.0717588241208255 0.0857622792802679 0.0262487147434123
0.13334477076949 -0.0594771013780956 0.124904703517618 0.120492988333538
0.169242972401963 0.028496551274213 0.0739159285280881 0.222636857909911
0.10748180890361 0.14292060041543 -0.145320310808954 0.198909471152648
-0.0767000672476138 0.199510428024089 -0.231741011801371 -0.00333792981641792
-0.239837684207691 0.0636696684939396 -0.0976508087035835 -0.149428467310364
-0.250761641867653 -0.104197254934821 0.123120818864769 -0.000333578491442304
-0.0994515875314532 -0.154606934011365 0.20575554306346 0.161284209096971
-0.173468555544329 -0.109401125531818 0.0677297150591898 0.309621436962756
-0.193856394031758 0.0246323062544848 0.229324259354063 0.28673763189387
-0.0558138453414767 0.14350259728751 0.291833003599688 0.0884707180198003
0.082587467628025 0.103979352601203 0.211585143690811 -0.0943824820091608
0.118236360330719 0.00163263792113399 0.0878465539264748 -0.149712717245835
0.0833232828962103 -0.0602577568439437 0.0358048246703221 -0.122678684978281
0.0530160807983931 -0.0631650959780615 0.0633433617719836 -0.0508056619313816
0.0506088153197458 -0.0624076659235904 0.111856392881303 -0.000802139496950821
0.10218944192861 -0.0525353874256789 0.155245025544628 0.0999671807096674
0.138416758036808 0.0231361731630661 0.111858651858712 0.21698584249453
0.0841250717385718 0.126339581836882 -0.105728109605363 0.22012342939225
-0.090600695698032 0.155491353766341 -0.205492318754324 0.0302684011002959
-0.197807661811119 0.00733705825864072 -0.0817187622134149 -0.114876458492805
-0.149769575313902 -0.117613110232422 0.165692683140311 0.0409190611662158
0.0103344194942726 -0.0931769729719672 0.227709041967618 0.194746676805965
-0.0708378630340067 -0.0932937418012284 0.0705786314923952 0.303719309960611
-0.11016282597891 -0.00690915338299278 0.181776642672133 0.293592867495316
-0.033707514784241 0.0735026968824205 0.263846275983333 0.141843918422782
0.0438067388483589 0.0514298312202966 0.23964764366436 -0.0513725812142235
0.0625149229966263 -0.00455002720367419 0.131849508949856 -0.148176071470151
0.0430177135569326 -0.0412194279738456 0.0642796967021064 -0.142709907472442
0.0225391432377698 -0.0415541750147769 0.0811338248841651 -0.0719938944895743
0.0224444896733214 -0.0467169831349098 0.128118544472713 -0.019421709947165
0.0632558270996945 -0.0417046031904046 0.1736669674124 0.087425015325376
0.0980176509074791 0.0145460033328165 0.131017113019869 0.214315324691007
0.0582017751949955 0.101375351411865 -0.0849531121065274 0.234147368992967
-0.0946969125510481 0.103496362217473 -0.191562381126371 0.0517809039702062
-0.135989132919678 -0.0435136900144696 -0.0739891414759235 -0.0903796185538427
-0.033545730375519 -0.115975926938427 0.178514915645602 0.0761064737211838
-0.0684792526542249 0.0710773170607396 -0.222296703458516 -0.106290613839705
0.0501464826768565 0.0519412282802769 -0.00480578619600194 0.169711395233767
0.059752487019543 -0.0320243526239664 0.218960371737266 -0.00422887115038008
-0.0219006765497758 -0.0447906464720342 0.137443935818145 -0.255478901187308
-0.0307914173334767 0.00338147413131874 -0.117217200438095 -0.255957584687763
-0.0157737382815821 0.0246188367277546 -0.199772267074149 -0.0997818968024416
0.00207493945188465 0.0294608103969474 -0.163837395406911 0.00330537790801153
0.0167650993830214 0.0178379179166806 -0.11308852179788 0.0728299632738494
0.012941267525592 0.00982845676961938 -0.0985195526175142 0.124819849247952
0.00642222970207658 0.00648818324993435 -0.146989232156869 0.127264310006758
4.33410084053783E-05 0.0162595598214695 -0.237731136557881 0.0200365409416408
-0.0014631644590765 0.0109152147543383 -0.239737390897784 -0.175790841176426
0.00888454553493357 0.0329575578783204 -0.119430051527012 -0.295769913579618
-0.0495821155801282 0.0596719848162405 -0.0325608393942659 -0.341152215044839
-0.141226990072727 0.0260392197874346 -0.171379533150762 -0.262347554783283
-0.156642786174027 0.0134787393560616 -0.183630515220849 -0.120866122847233
-0.0370476845327937 0.0582746438211686 -0.00583572746496273 0.179930410040799
0.0153423612049017 0.0231431317950195 0.249727049133916 0.014488004724742
-0.00247897952944902 0.00732916427418325 0.165563103312439 -0.258995908198728
0.0183763947677517 0.0268746910147402 -0.105257529979216 -0.266763800423967
0.0331987486972833 0.0150681745459068 -0.194108389084402 -0.104873694182524
0.0356969320967315 0.00389410089832508 -0.154901341849217 0.00115952660516036
0.0517249582184359 -0.00839999035543093 -0.100668489242904 0.0708388127002626
0.0595240319249765 -0.0111444614773034 -0.077426905458002 0.124633481724559
0.0753704093553265 0.00452010441006713 -0.116616209206705 0.149036530008598
0.0586369398843377 0.0658753023900375 -0.21972674079601 0.0733028038806241
-0.00773086644059036 0.0943576400118507 -0.269649537531365 -0.126285480921588
-0.0761468976693417 0.0861639727236934 -0.161750261981525 -0.272270906584008
-0.162135036159127 0.0400362533425501 -0.0465997420390921 -0.30839560181083
-0.244217679559557 -0.0477057122569837 -0.135461867508446 -0.218878018577172
-0.222430881852643 -0.0585602100460393 -0.117969527025418 -0.106473371981482
-0.131403525964922 0.0447452396974774 -0.00254542863296459 0.207856262815213
-0.0524421222724032 0.0772864546868402 0.287500296578683 0.0636470223425061
0.00947757673838026 0.075040775500239 0.217825593974251 -0.238935601031422
0.0688526826707273 0.0576025837030494 -0.0650095768264272 -0.274076189141557
0.085038576342263 0.00683619680886805 -0.168512017902321 -0.118967928844869
0.0690581961225188 -0.0222069438289149 -0.132121907889459 -0.0120086069966361
0.0784326816816271 -0.0330684962827633 -0.0758669670793962 0.0579261851242606
0.0922026441189685 -0.0316595873356998 -0.0401842934075084 0.11294713581923
0.128367665533242 -0.0114886750736232 -0.0611979546931633 0.165239047967625
0.121699967260527 0.0815174602187439 -0.168737332814191 0.142747506969612
0.028500093162173 0.153098832488985 -0.286351366285147 -0.0353967534042147
-0.109229019211451 0.158550976945548 -0.21573324902898 -0.222399256833326
-0.243112184475968 0.0578531073424039 -0.0660379162144949 -0.273293412464703
-0.317528226979213 -0.0891434168553305 -0.0762984462533343 -0.159967526528952
-0.249573369724652 -0.131128393308024 -0.0302651865301455 -0.06358306218683
-0.210891739358574 0.00542353828239878 0.00145190181534748 0.238298484589082
-0.133982898752361 0.107649050625355 0.305987220678371 0.137942977535177
-0.000471702177481694 0.142223037827835 0.276998242501915 -0.178881013482265
0.105409526944266 0.0962617018861489 0.00608338666437751 -0.261588030258105
0.129110773612464 0.00613314263868375 -0.117882837169229 -0.13661957547711
0.098074593104724 -0.0422654515748755 -0.0960752258336357 -0.0349026265769905
0.0940443015121815 -0.0517024577620538 -0.0415947443205115 0.0363533540379127
0.105396931127494 -0.0492131547380245 0.00257118849161415 0.091618598617738
0.154931628164993 -0.0312976646870266 0.00210010604896648 0.165904621054313
0.165611366513875 0.0718569220692696 -0.0924651954114314 0.194670070630864
0.0741272703827345 0.172552218574217 -0.268054210413287 0.0611800654488717
-0.103307735406226 0.210170863845434 -0.247784423324007 -0.154715981790675
-0.277258263960143 0.0814312621715338 -0.0789836014719826 -0.238241982869445
-0.342378241479683 -0.10868249357147 -0.0014234732635657 -0.0998118126407245
-0.228812974978734 -0.182931023161096 0.060848884079665 0.00715732731624646
-0.247507217778498 -0.0539667044074582 0.0116544620060242 0.265442398908264
-0.204309058181248 0.0947994110959206 0.291214318170185 0.21204856816229
-0.0338383246198406 0.183380710073433 0.311528747411002 -0.0829535631439456
0.114848225074479 0.129644808857981 0.0897877686047072 -0.21675103973217
0.1527439712024 0.0123364894473919 -0.0458072308456412 -0.145860071199398
0.114085061471584 -0.0547002130814038 -0.0494825929604742 -0.0628454396206014
0.0953633475381768 -0.0629064790026053 -0.00214566728870002 0.00931053028407735
0.100521524451017 -0.0594697753691552 0.0443340429557383 0.0635796549720118
0.155815637116742 -0.0433381294452862 0.0612847342037458 0.151154972825042
0.178899896791603 0.0552296673695804 -0.0147016388192407 0.219175731945355
0.0985227412715061 0.166380318190999 -0.220857256145877 0.136898734423693
-0.0909852659693259 0.218679972682877 -0.248862254997659 -0.0866386809375258
-0.272716133879632 0.0771343743842104 -0.0813124721465808 -0.201381652714051
-0.313864633057938 -0.118727536264933 0.0748311993996795 -0.0440675907209019
-0.164954478738012 -0.19436171636387 0.137390233508056 0.091263036574371
-0.223374305094252 -0.108759750529351 0.024150181898547 0.286765228096525
-0.228106835405554 0.0463520155883852 0.245477958459619 0.264842569519076
-0.0677809898941244 0.17783969113173 0.302040173689268 0.0248021611784167
0.0961984028059104 0.138803010219154 0.160308131650511 -0.142675136922084
0.146291504759941 0.0185007156751276 0.0318799738787607 -0.141577892041466
0.111108461027629 -0.0565041834681352 0.000644849029356976 -0.0911209290793452
0.0836802667776838 -0.0639160237395094 0.0359072638790319 -0.0189364599741538
0.0825050097085194 -0.0609376203822997 0.0806325712300385 0.0348861022742123
0.13619066697922 -0.0451397611863615 0.107813929547924 0.130276752492036
0.164236962873629 0.0443095992776348 0.0460236373449284 0.223831440536077
0.0935048563128533 0.15035729263364 -0.169332049043844 0.182825416923628
-0.0941904684036932 0.191627100932099 -0.228413367069787 -0.0325745783393749
-0.243259691855113 0.0397587886721154 -0.0716542587531664 -0.161988414382108
-0.239682201733817 -0.128028400039526 0.136546252442052 0.0094380494077048
-0.0764461246459842 -0.158853543205793 0.185904589651493 0.165733153141155
-0.151445711139516 -0.125717925195069 0.0337392024293074 0.300281897408133
-0.190249078210499 0.000699719954082918 0.186958809084977 0.289754883983094
-0.0727324108304248 0.132255898269208 0.263435045837861 0.112099916614159
0.0660791554021334 0.112301772982761 0.206455288042987 -0.0679815375573868
0.112435379628936 0.0165240305993104 0.0994149584710495 -0.130925232287543
0.0864749316776867 -0.049772066527167 0.0461579017747789 -0.115032313254772
0.0595185812142891 -0.0550549592797695 0.0673571616772477 -0.0438142663505822
0.0562192783712837 -0.0542785237598848 0.110059799419567 0.0112901925405915
0.104551115503553 -0.0412924969422871 0.14078971413501 0.114067825871508
0.133698760357791 0.0354393319716773 0.0855701920297975 0.223087931667808
0.0720330214961855 0.130396528810185 -0.130831666704038 0.207745756277359
-0.102471880463635 0.147319683233746 -0.205837002350965 0.00554061263087023
-0.195744840602347 -0.0115406567535936 -0.0616205694977292 -0.12398256226512
-0.138221629704524 -0.131880218121078 0.170314700659407 0.0580203209111244
0.0209301538306192 -0.0872644989904091 0.20318942091134 0.208282680129968
-0.0555478813099514 -0.0971286572244938 0.0402367510214286 0.298177815199145
-0.105610908049442 -0.0190378190363515 0.14480606087942 0.295449410941906
-0.0425545836071372 0.0668923956896476 0.234577830472649 0.161594524246122
0.0363985592386909 0.0550008521461147 0.231096885915676 -0.0242811743111768
0.0590903314475932 0.00405709770408181 0.141224808587918 -0.127999362442949
0.0448970805982867 -0.0353015521878584 0.0753404923213026 -0.132321874941841
0.0270700089202734 -0.0375988551288915 0.0877385406534972 -0.0627349855946034
0.0259670385112362 -0.0420793944820879 0.128097280769847 -0.00552070224708562
0.0649281929158489 -0.0345344059196149 0.161354113758496 0.103420898805927
0.0946122127283816 0.0222247763412355 0.10525843859524 0.223182996668328
0.0494816546428639 0.101843453874583 -0.110550453052954 0.224046025014789
-0.10009508419223 0.0952818891683794 -0.194353471715001 0.0297129211840959
-0.129505491694966 -0.0547894884424159 -0.0580386394674333 -0.0966720871664415
-0.0227900053858348 -0.118387063435736 0.175339594384377 0.0966040033178062
-0.0667072284972302 0.0703088508762586 -0.221599935567606 -0.1036592482056
0.0502497479268234 0.049899805395438 -0.00298118689997495 0.172534086525163
0.0587257918533905 -0.0335404118407256 0.221024846658209 -0.00320487193593236
-0.0232118463693597 -0.0438249298598154 0.136835606169714 -0.257573884728235
-0.0302151294446683 0.00352755294368174 -0.120221527483527 -0.256854592611393
-0.0145383476946712 0.0249746224125138 -0.201075951326598 -0.0994224145589755
0.00396386638620377 0.0293360230271139 -0.166367336689627 0.00359906826023976
0.0183070601336343 0.0166154911132331 -0.1143107667902 0.0740073275230497
0.0143515507152211 0.00909425461202842 -0.0982254264199424 0.124962180582216
0.00689661655131941 0.00659461197360601 -0.146443194453596 0.127648115434959
0.00055311710044944 0.0170872991932825 -0.238809476937863 0.0197525746870908
-0.00310308116487332 0.0113400664515175 -0.241772480356972 -0.176051085001044
0.0076053957142574 0.0319041756723355 -0.119883049848958 -0.298872308964664
-0.0503005803814062 0.0582874354488328 -0.0316765739961122 -0.34532366751251
-0.140219580604056 0.0256494409931866 -0.16911953191543 -0.264607559848386
-0.154835801841039 0.0126546994369332 -0.183084659294779 -0.116973577930869
-0.0363399915285717 0.0561604373441465 -0.00398496600894708 0.183558850840482
0.0140957164502256 0.0215440641490068 0.251542084397088 0.015637161308179
-0.00339204232854723 0.00755949848714932 0.165126143683422 -0.260488757728953
0.0188997026101054 0.0264839540071859 -0.107463373865194 -0.267632177229355
0.0338252444089285 0.0153245312563189 -0.195800562248919 -0.10454527380375
0.0374185227296379 0.00455663977534446 -0.156543347399419 0.00130681873469798
0.0533746101412484 -0.00855270251419928 -0.101838566707156 0.0715042124270282
0.0607132234924668 -0.0113423032275879 -0.0773259368225126 0.125109432477053
0.0759515248012659 0.00442819127776768 -0.116103183721787 0.149373515283479
0.0595555785156784 0.0661464629802716 -0.221015822943633 0.0743074916120883
-0.00903424199713876 0.0952328874850832 -0.272395663629789 -0.125596006227204
-0.0786107225897699 0.0855207707584947 -0.161897502813438 -0.274154144243829
-0.163227155267122 0.0378698536600135 -0.0460514359386008 -0.311603481745083
-0.243077912117676 -0.047809466891188 -0.133273041910971 -0.220630779182491
-0.220087768927702 -0.0594673725203992 -0.11891930036083 -0.10328691394016
-0.130676295060395 0.0426875531515197 -0.00254724338334303 0.211807919522593
-0.0533568508345648 0.0760223881350442 0.289494835944401 0.0653534590042884
0.00809130769895606 0.0744832650010749 0.218753413159615 -0.239570024315287
0.0693101713347934 0.0576364223414855 -0.0661586613400524 -0.274919086975762
0.0854061899398676 0.00700936997009137 -0.169132250304895 -0.118846232200695
0.0707564256114969 -0.020567392465657 -0.132812953202548 -0.0124972392007914
0.080599152661776 -0.0330508390328773 -0.0759594281867428 0.0580643595905112
0.0933270738285209 -0.0322845535075574 -0.0404818541023062 0.112994010892416
0.128886602530942 -0.0117061633175193 -0.0607658514105134 0.165836906198623
0.123113591007406 0.0820462440222547 -0.168645730116244 0.143085435605498
0.0269504204145172 0.153356953705332 -0.289560762588509 -0.0338339934301949
-0.112371646478043 0.158163922670476 -0.21756707426811 -0.222905559037334
-0.244672946553845 0.0557507488984074 -0.0656548554484725 -0.275799060788681
-0.316275120194084 -0.0894334564325666 -0.0740437656605607 -0.160968447302315
-0.246913470390453 -0.132447065174892 -0.0324612288536949 -0.0605786534179928
-0.209843145337597 0.00301529893898063 0.000901679153755619 0.242591191135099
-0.135625071546134 0.106721640415677 0.307904092385815 0.139532410370953
-0.00168683080748021 0.141583006382663 0.278484231521843 -0.178716572029626
0.106124748051744 0.09589740120634 0.00610910621677317 -0.261753145650853
0.128443150502287 0.00614706697608969 -0.118468729385326 -0.136495765622787
0.0984740450135884 -0.0409595927756107 -0.096585076506863 -0.035368126183225
0.0962537311465811 -0.0510234195953077 -0.0414977172903618 0.0362215055033382
0.106646672386846 -0.0488289570120562 0.00257501747652008 0.0914786576605185
0.155481174824397 -0.0318778470931988 0.00284746560950561 0.165761722083935
0.16680402444451 0.0713615859305409 -0.0919502115185556 0.194763974647899
0.0732793253233838 0.17299913373387 -0.270148051350713 0.0638536068265478
-0.105509015714308 0.210250352344525 -0.2498119781826 -0.154396777644185
-0.279054558622705 0.0799990308361743 -0.0785753636205835 -0.239713759108495
-0.341603642836928 -0.107931609747404 0.000362668869652881 -0.101168008940365
-0.22662348163066 -0.184535905761168 0.0581138389779815 0.00996079039871326
-0.246010948542922 -0.056387219933613 0.00986506556847255 0.269844055620326
-0.20625690683349 0.0941998976392785 0.292205084783387 0.214034154105729
-0.03510960816765 0.183405844450671 0.312850684358632 -0.0827463203264211
0.115188749946499 0.129120996034515 0.0896579995672004 -0.216205760105789
0.151305524228687 0.0119047400310195 -0.0467357335572847 -0.145296380728885
0.114313450494563 -0.0538495677185103 -0.0496461251941091 -0.0636674624822757
0.0974622519350595 -0.0615214446326937 -0.00191268936599829 0.00899038078522955
0.101638452646518 -0.0588241625293205 0.0448346787182273 0.0635049206997409
0.155750686960459 -0.0445116852920679 0.0630990907706403 0.150983999649321
0.179798518096652 0.0542675822848528 -0.013552341650799 0.218198291502222
0.0980539037847445 0.165640630634647 -0.222007929084359 0.139715275444109
-0.0929491132009796 0.219383690761796 -0.251432120452698 -0.0847956716958802
-0.273993309198933 0.0762948742248825 -0.0803418625358597 -0.202361571728867
-0.313700908952725 -0.117347642746571 0.0769766930552677 -0.0446041705705676
-0.16259362084459 -0.195915547527989 0.134095583983144 0.094321198936289
-0.221835469672315 -0.110939131528324 0.0227770577885505 0.29044040797916
-0.230017727160539 0.0459516570194581 0.245456883085795 0.266472247581104
-0.0687672710320686 0.177436393111366 0.303176475611835 0.025949449793553
0.0969931038260884 0.138261772888484 0.16137472923933 -0.142518021731755
0.145599933536822 0.0182106425241167 0.0314768235613549 -0.14140404260502
0.110883617248014 -0.0557852119951548 0.000110173218989196 -0.0919827437202646
0.08512154793051 -0.0633395711014925 0.03686823370027 -0.0195042314365426
0.0830684413853482 -0.0598561249330991 0.0813522179597868 0.0348304882226452
0.13574002959047 -0.0465275053652339 0.109916967124642 0.130287807259235
0.16477799262653 0.0430780554342454 0.0478325858964582 0.22339532218629
0.0926999576993182 0.149302366793449 -0.16989867438672 0.185039276702239
-0.0951120896596016 0.192296950165315 -0.231039648471137 -0.0306207706945645
-0.243788328225564 0.0398265801820351 -0.0714411209556208 -0.162881763956415
-0.239476558802048 -0.127171925290362 0.137187155120503 0.00793469503219268
-0.0744300043055996 -0.160233808010317 0.182565348280112 0.168676869277551
-0.149927764275972 -0.127135240340284 0.0317490255082764 0.303890654413976
-0.191100847701311 0.0011068630150266 0.186978661693223 0.2918641550163
-0.0729520102231469 0.132565989770768 0.265454289415872 0.113625019994237
0.0673847185361213 0.110793013937075 0.206505084670328 -0.0670928496659401
0.111002242893336 0.0161762213254673 0.0991302732910742 -0.131184617740969
0.0853947772148387 -0.0491257557272491 0.0447821957007213 -0.115651598183301
0.0609741778709096 -0.0541574396771335 0.068409405598077 -0.0449969015365115
0.0566778803717664 -0.0528034768493017 0.110487933230328 0.0107665249873631
0.103181005220905 -0.0416752251253691 0.142697391550033 0.113317787736338
0.133296748247942 0.0336312715874265 0.0875292365764027 0.222904381115513
0.0720563325514534 0.129105083119549 -0.130286148926886 0.210740883828139
-0.102328266014946 0.147216692572541 -0.207077801163325 0.00761230746063871
-0.196354667746348 -0.0113014551758879 -0.0610181019001335 -0.123997918517713
-0.137581987666345 -0.131238632874623 0.171102506060137 0.0566443743410741
0.0222730583996937 -0.0881018508047714 0.199728509020922 0.211238548540684
-0.054013874603969 -0.09726691825604 0.0384936958057606 0.301318432840762
-0.105438993922276 -0.0179108575961408 0.144790164679056 0.296806363493332
-0.0421782729574024 0.0670103027236749 0.236713157360825 0.163698234453848
0.0367292946876246 0.0537993268839379 0.232017637335075 -0.0238612656060152
0.0573967970976867 0.0032794761596371 0.140390286640862 -0.128193196977557
0.0436315889727566 -0.0353446659736852 0.0743529236916111 -0.132861892173946
0.027947268235215 -0.0374347507607654 0.0878837008140328 -0.0640827087232109
0.0255901417280086 -0.0399929114161154 0.128595794983657 -0.00510067171147466
0.0637154762739994 -0.0348610400284847 0.163440062218597 0.103105180176799
0.0936140552678738 0.0210270324637392 0.107883487831764 0.223327546818015
0.0494172246638346 0.100859701190573 -0.110171521937257 0.226441337399965
-0.0999634858809073 0.0956843159782763 -0.196650574001785 0.031017632455395
-0.130629342349316 -0.054123388484262 -0.0583531922116596 -0.0976402485652731
-0.023266605865581 -0.117846697083908 0.174102476032046 0.0953232823859673
-0.0686756802898503 0.0713153642826193 -0.226819876972358 -0.107373435548609
0.050775257489494 0.0501587316862243 -0.00198900958354539 0.180490238746104
0.0601100665744856 -0.0346296650419554 0.23156461618346 -0.0003239843469299
-0.0243555164209687 -0.0445388997100523 0.142975014871247 -0.267025774326653
-0.0308831735319972 0.00403410031934048 -0.125136755717196 -0.268698305445746
-0.0138123152795894 0.0262293725146441 -0.209467226694801 -0.104757656371345
0.00587433771668945 0.030802500218029 -0.174617669748755 0.00294002989005753
0.0203123032156653 0.0167636891113588 -0.12022876516252 0.076115369516116
0.0151823779765952 0.00968851928209077 -0.103057992755703 0.129447204835899
0.00799877348716556 0.00749022588911252 -0.152511188249572 0.13125223760656
0.00119899171720718 0.0183689102858977 -0.249311022777932 0.0193078008846544
-0.0042072670077784 0.0125128168486177 -0.250682463192238 -0.184678245800539
0.00606088940330599 0.0324021796993725 -0.121179861426151 -0.314723103482702
-0.0537167192164457 0.058819112851738 -0.0292207387038613 -0.361928764486811
-0.144670871842959 0.0248225576715773 -0.170283323219073 -0.277353121651424
-0.159071510700989 0.0104546988497181 -0.188162168323872 -0.12044180309008
-0.0383568696505138 0.0556052251207401 -0.00488533229277282 0.192721457310885
0.0130771648416652 0.0216025389971329 0.262573206217412 0.0191573575213207
-0.00476657748250221 0.00850700294016931 0.172926152557067 -0.269290715393069
0.0197787281646234 0.0277108529786895 -0.111149663603852 -0.279126856279113
0.0357418132296835 0.0169872438351601 -0.203181635423506 -0.110261176572064
0.040567486145971 0.00543385173852589 -0.163308711960843 -0.000268382467121503
0.0573102169629466 -0.00933194976148882 -0.106744817586706 0.0740801716560412
0.0643647968461168 -0.0116359003961923 -0.0809882986174093 0.128858172883923
0.0798157141704587 0.00527483674580164 -0.12060439096178 0.153652374054538
0.0622662772933281 0.0696624259909035 -0.230268031380726 0.0750648756943261
-0.0114805340959523 0.0995597545399463 -0.283419711792406 -0.13190173503368
-0.0847073878858631 0.0872419892492469 -0.166347838363599 -0.288017549048297
-0.171211963746356 0.0356201692934306 -0.0438702431821041 -0.326364136318026
-0.2503342958366 -0.0518344257109986 -0.132876840535955 -0.23136508331283
-0.225737630210193 -0.0652780498663157 -0.122869891760973 -0.10491654313608
-0.135254343563324 0.0406059002642702 -0.00396442641311264 0.223457830369142
-0.0579810974225452 0.0771013672018216 0.300444673995915 0.0707594567524262
0.00623257322830442 0.0776065593877801 0.229102595277833 -0.248407416766623
0.0720399718013956 0.0597240673002837 -0.0674895228306797 -0.285256813904394
0.0885905051162441 0.00809470628926059 -0.17542104337897 -0.124474326209827
0.0747470218934758 -0.0200818276337308 -0.138626882644494 -0.0152333419214393
0.0860734151337825 -0.0333017913958537 -0.079757819966419 0.0601193110860011
0.0981388018466377 -0.0332084761642084 -0.0428709784803003 0.117005484496157
0.134635036086192 -0.0120090748478329 -0.0627724621476276 0.171560009107659
0.12784820622989 0.0854993736170442 -0.175701626720842 0.146962645139786
0.0258381151320302 0.159883497824828 -0.302008472810839 -0.036211865472656
-0.120191473804603 0.163177138744564 -0.225469735935422 -0.233533930733111
-0.255913623674911 0.0543457532243493 -0.0658842484745363 -0.289270653748959
-0.326005073512629 -0.095463651574732 -0.0730756249060342 -0.169197508776472
-0.252594718184924 -0.141576841299371 -0.0346497857717816 -0.0595289036288012
-0.216924860605872 -0.00147737814515366 -0.00222083233318836 0.255240283632558
-0.143048009737425 0.108298436040145 0.318690150577288 0.147673370153086
-0.00450878954365394 0.147242054563679 0.292096986329404 -0.183939559110822
0.109352124686467 0.0996458504668819 0.00793593474162181 -0.272537114038286
0.133056442295903 0.0075297137730623 -0.12273200420607 -0.141887914965021
0.103516613323362 -0.0405973432788249 -0.100487985775537 -0.0382875163643637
0.102420957227208 -0.0517632566077437 -0.043191636662241 0.0373401451598165
0.112430663621175 -0.0499451952473182 0.00158910246357547 0.0945930026064414
0.161834139886344 -0.0326105194158376 0.00429233008106418 0.171520484597531
0.1734839274038 0.0744192856662863 -0.0963265213486106 0.200546742112133
0.0733143043562124 0.180431422028529 -0.281691100755003 0.0665987115169681
-0.113066946868149 0.217606644837258 -0.26007037838402 -0.162230456577232
-0.29052969083699 0.0794781775615556 -0.0791365944377926 -0.252080551029791
-0.352019546031431 -0.114885635748012 0.00307683341447646 -0.105907287663609
-0.231363838544702 -0.195375043727814 0.0575722220023757 0.0142510164154161
-0.253731773181266 -0.0629802233537599 0.00591013985468186 0.283047301536711
-0.21591417491271 0.0949315386672967 0.30151100538121 0.225063147597249
-0.0383878835862393 0.189420047655782 0.326413495160347 -0.0825505906884936
0.118810955945782 0.134050729367407 0.095021920162984 -0.223853175092218
0.156804318007334 0.0134411423316202 -0.0479217210504567 -0.15076659381967
0.119631529678842 -0.0536666019269457 -0.0521139156522875 -0.067864681609529
0.103908324036499 -0.0623742526441393 -0.00172596859771066 0.00879105366958837
0.106721211784167 -0.0591105872924978 0.0463408601098663 0.065872417167168
0.161599242092925 -0.046040800771352 0.0662626547393627 0.1568269404061
0.186874064182508 0.0561916937259173 -0.0147793071196162 0.226010603600636
0.098921664057625 0.172623663152325 -0.232055344017025 0.145092378021684
-0.099167922511765 0.226633679602452 -0.261626516280633 -0.0890653133568824
-0.285329286067675 0.0766635235554955 -0.0814907446328671 -0.212229618486376
-0.322845370040348 -0.124090016699028 0.0813820996479662 -0.0467459886892109
-0.16571559228899 -0.206502595841296 0.135013580461709 0.101580042523906
-0.22801390650019 -0.119344026045094 0.0188829225225746 0.304453481796812
-0.240386726986168 0.045213642464752 0.251272732591956 0.27934667536269
-0.0737018440952492 0.183765219559686 0.315344797698222 0.0298447332446976
0.0994993209686701 0.143069965785995 0.168841675623103 -0.145247842626759
0.149344131815018 0.0200619353734184 0.0329168409158668 -0.146075532941343
0.115280738201055 -0.0559198792397981 0.000770178005058592 -0.0959957955919588
0.0909075098113723 -0.0634994759367114 0.0389334524655179 -0.0209898614939326
0.0870901284589959 -0.0596826747179814 0.0842858262123372 0.0366902145239041
0.140659012714333 -0.0477738448630931 0.114828454854781 0.135558134172698
0.170657683579019 0.0438403055654882 0.0494297861468 0.231581808590401
0.0941798133661175 0.154934881685045 -0.177331107602709 0.192525068913698
-0.100878091576641 0.199058120986925 -0.241154576603641 -0.0318893128824595
-0.253767795043179 0.0392278412845345 -0.0724140025178828 -0.170443642379007
-0.245900960192815 -0.133643588015238 0.142928137435669 0.00792885266541109
-0.0742668069721482 -0.167940181322136 0.183821726379538 0.17938408836131
-0.153522986840656 -0.134802736084864 0.0282635851522834 0.317879126180664
-0.199501682760994 -0.00033751731067155 0.18995823645838 0.304629492801216
-0.0773424705191785 0.13725689432649 0.275443045685844 0.121910137218973
0.0687524995233989 0.114294542789001 0.215115616340977 -0.0676180131728127
0.11383211491963 0.0171951493757163 0.103093362817704 -0.134787123032538
0.088309898495445 -0.0497815229731926 0.0468216413061065 -0.119789766116635
0.0651813325793275 -0.0548807827345794 0.0725105761220921 -0.0469381268167526
0.0596138349032603 -0.0523913774069642 0.114656965933184 0.0124718468216468
0.106631057744122 -0.0427231760270619 0.149231915282606 0.117971491734398
0.137809399714048 0.0344561012896415 0.0907928665519204 0.230549097282757
0.0734967233941247 0.133340290096862 -0.136929366123476 0.219191715235529
-0.107886810755983 0.153280898381732 -0.217022837288036 0.00725977373343328
-0.20404443420248 -0.0129203731811296 -0.0621157202496863 -0.130468148524196
-0.140660746886417 -0.136515501915736 0.176133052364227 0.0584248212087609
0.0241327789492799 -0.0921950659836273 0.202436380820988 0.223864881881724
-0.0547703165767965 -0.101655930532816 0.0361194380047412 0.315450832462901
-0.109039565449689 -0.0187028337521077 0.147217803201504 0.309673638509095
-0.0439989299650985 0.0693074374307611 0.245997822639106 0.173448366206306
0.0377582687127576 0.0540960818221702 0.241186348588527 -0.0215574530349606
0.0579177026237842 0.00370918453939052 0.146651967483172 -0.131313266579148
0.0445903095003575 -0.0358684302513442 0.0769394503761222 -0.137574128609383
0.0300654939316518 -0.0375204882735002 0.0932325858235035 -0.066819761503966
0.0268969605180809 -0.0401031397488575 0.134102073774007 -0.00361320128123215
0.0650814425546471 -0.0356285705119141 0.170124647161541 0.107439556004802
0.0964247097935636 0.0211043423512713 0.111560228831393 0.231772177116074
0.050233462781697 0.104038066822548 -0.11567765607361 0.236260955915707
-0.103566780786029 0.0998193929038637 -0.205109009965444 0.0317416660337011
-0.134787193040174 -0.0564072707182487 -0.0593685267031142 -0.102607928744652
-0.0232333028134636 -0.122187066243027 0.178813348812107 0.0980206409913042
