TRXV5
3
4
4
9
string Extension=J
integer IsArchMeasurement=1
integer IsSpherical=1
string Generator=SPM
string GeneratorVersion=1.3.1 Dev
double ArchRadius=0.449999988079071
integer FrequencyAxisIndex=0
integer AzimuthAxisIndex=1
integer ElevationAxisIndex=2
Frequency
5 136 690000000 960000000 LIN
Azimuth
7 8 0 2.74889357189107 LIN
Elevation
7 15 -2.74889357189107 2.74889357189107 LIN
Polar H Real Part
13
Polar H Imaginary Part
14
Polar V Real Part
13
Polar V Imaginary Part
14
Polar H Magnitude (dB)
12 0xC0000002 0 1
Polar H Phase
7 0xC0000003 0 1
Polar V Magnitude (dB)
12 0xC0000002 2 3
Polar V Phase
7 0xC0000003 2 3
0.0725936889648438 0.021453857421875 0.0858001708984375 0.167129516601563
0.0938873291015625 -0.0312423706054688 0.0781326293945313 0.064971923828125
0.0201492309570312 -0.0856552124023438 -0.013702392578125 -0.0352058410644531
-0.0453147888183594 -0.0627632141113281 -0.0986785888671875 0.00885009765625
-0.0569839477539063 -0.0227622985839844 -0.0853042602539063 0.0916519165039063
-0.0602989196777344 0.0100860595703125 -0.0332794189453125 0.166061401367188
-0.0386581420898438 0.0313491821289062 0.03741455078125 0.190643310546875
-0.0370979309082031 0.0186271667480469 0.0675506591796875 0.181533813476563
-0.0412521362304688 0.00675201416015626 0.0462799072265625 0.172042846679688
-0.0342731475830078 -0.00678253173828125 -0.01043701171875 0.15435791015625
-0.0135326385498047 -0.0177402496337891 -0.0395355224609375 0.102737426757812
0.00224876403808594 -0.0177402496337891 -0.037689208984375 0.0488052368164062
0.0208053588867188 0.000530242919921875 0.00677108764648438 0.0618934631347656
0.0218467712402344 0.0384674072265625 0.03021240234375 0.199691772460937
-0.004638671875 0.058013916015625 -0.11236572265625 0.293304443359375
0.0772171020507812 -0.09375 0.09234619140625 0.163055419921875
0.0656051635742188 -0.127464294433594 0.0813064575195313 0.066680908203125
-0.0330581665039062 -0.138969421386719 0.00295257568359375 -0.0183086395263672
-0.114509582519531 -0.0748291015625 -0.0710067749023438 0.0167007446289062
-0.114944458007813 0.00628662109374999 -0.057769775390625 0.0795516967773438
-0.0923538208007812 0.079498291015625 -0.014923095703125 0.1466064453125
-0.038787841796875 0.1043701171875 0.0479736328125 0.162368774414063
-0.0361251831054688 0.0839462280273438 0.07586669921875 0.1536865234375
-0.04412841796875 0.08282470703125 0.0592498779296875 0.1490478515625
-0.0609703063964844 0.0684700012207031 0.00794982910156249 0.14129638671875
-0.07073974609375 0.0304031372070313 -0.016876220703125 0.097320556640625
-0.0766525268554688 -0.00395202636718749 -0.018310546875 0.0598983764648437
-0.0532150268554687 -0.0503387451171875 0.0166549682617188 0.091217041015625
-0.0151939392089844 -0.064544677734375 0.02490234375 0.213821411132813
-0.0083160400390625 -0.0637474060058594 -0.114654541015625 0.298980712890625
0.0684051513671875 -0.197189331054688 0.0995559692382813 0.127639770507813
0.0238494873046875 -0.208465576171875 0.07818603515625 0.0520553588867187
-0.0874786376953125 -0.173690795898438 0.0142879486083984 -0.000675201416015636
-0.171585083007813 -0.075347900390625 -0.0355300903320313 0.025238037109375
-0.157180786132813 0.03521728515625 -0.0207099914550781 0.0600662231445312
-0.112052917480469 0.137702941894531 0.00788879394531249 0.107955932617188
-0.0340576171875 0.161773681640625 0.0528182983398437 0.109939575195313
-0.0307159423828125 0.136459350585938 0.0730819702148438 0.101699829101563
-0.0413818359375 0.147293090820312 0.062347412109375 0.102447509765625
-0.0795440673828125 0.135261535644531 0.024658203125 0.106002807617188
-0.118316650390625 0.0763015747070313 0.00964355468749999 0.075286865234375
-0.146957397460937 0.0130615234375 0.00783157348632811 0.0622482299804688
-0.122665405273438 -0.0942459106445312 0.0279922485351562 0.111732482910156
-0.052032470703125 -0.158248901367188 0.01361083984375 0.204925537109375
-0.0138397216796875 -0.175949096679688 -0.112350463867187 0.265121459960938
0.045440673828125 -0.276199340820313 0.10125732421875 0.066314697265625
-0.0296783447265625 -0.263076782226563 0.0639190673828125 0.0230216979980469
-0.14056396484375 -0.182647705078125 0.0193634033203125 0.0146598815917969
-0.209259033203125 -0.057891845703125 0.00243186950683592 0.0315170288085937
-0.176986694335938 0.0649261474609375 0.0196666717529297 0.0328140258789063
-0.113082885742188 0.177963256835938 0.0300521850585937 0.0539627075195313
-0.022491455078125 0.195541381835938 0.0495033264160156 0.041229248046875
-0.0207672119140625 0.169158935546875 0.0589218139648438 0.0341415405273438
-0.0323944091796875 0.189544677734375 0.0553245544433594 0.0381240844726563
-0.085418701171875 0.181137084960938 0.0381660461425781 0.0505867004394531
-0.147796630859375 0.11199951171875 0.0373001098632813 0.0370826721191406
-0.196090698242188 0.02978515625 0.037200927734375 0.0523452758789063
-0.175247192382812 -0.1229248046875 0.040008544921875 0.118667602539062
-0.08233642578125 -0.225921630859375 -0.00210571289062502 0.171493530273438
-0.0207061767578125 -0.260650634765625 -0.105300903320312 0.197616577148438
0.01397705078125 -0.316253662109375 0.0932540893554688 -0.0159072875976563
-0.0809326171875 -0.2825927734375 0.0381889343261719 -0.0171241760253906
-0.177139282226563 -0.166168212890625 0.0173263549804687 0.0240211486816406
-0.219985961914063 -0.0281219482421875 0.037811279296875 0.0300865173339844
-0.169830322265625 0.089080810546875 0.0531005859375 -0.00198745727539062
-0.094818115234375 0.194091796875 0.0446357727050781 -0.00854492187499999
-0.00717163085937499 0.200485229492188 0.0373382568359375 -0.0326881408691406
-0.00891113281250001 0.1756591796875 0.0353813171386719 -0.0395469665527344
-0.0196075439453125 0.20068359375 0.0394706726074219 -0.0341300964355469
-0.0770416259765625 0.195465087890625 0.0469932556152344 -0.0157546997070312
-0.151214599609375 0.126907348632813 0.0614242553710937 -0.0103530883789062
-0.210128784179688 0.0410919189453125 0.0647315979003906 0.0326347351074219
-0.196945190429687 -0.12921142578125 0.0486221313476562 0.109756469726562
-0.098968505859375 -0.254348754882813 -0.0206375122070313 0.118133544921875
-0.02685546875 -0.3018798828125 -0.0935592651367188 0.106422424316406
-0.01361083984375 -0.3079833984375 0.0789031982421875 -0.105522155761719
-0.108673095703125 -0.261505126953125 0.00714874267578124 -0.0621109008789063
-0.182952880859375 -0.129608154296875 0.0103397369384766 0.0231761932373047
-0.19781494140625 0.000717163085937538 0.0627288818359375 0.0182647705078125
-0.138412475585937 0.09796142578125 0.0737152099609375 -0.0398025512695312
-0.0651702880859375 0.181625366210938 0.0470657348632813 -0.0697860717773437
0.00910949707031252 0.175552368164063 0.0168685913085938 -0.101486206054687
0.00465393066406249 0.154281616210938 0.00698852539062499 -0.106681823730469
-0.00534057617187502 0.178390502929688 0.0194625854492188 -0.102127075195312
-0.05511474609375 0.175857543945313 0.0515670776367188 -0.0797195434570312
-0.125923156738281 0.117828369140625 0.078460693359375 -0.0550994873046875
-0.183563232421875 0.0450439453125 0.0847320556640625 0.0107498168945313
-0.181182861328125 -0.109237670898438 0.05010986328125 0.0891571044921875
-0.0987091064453125 -0.235488891601563 -0.0389060974121094 0.0541534423828125
-0.033203125 -0.29351806640625 -0.07818603515625 0.00801849365234372
-0.0313873291015625 -0.2515869140625 0.065338134765625 -0.18890380859375
-0.106246948242187 -0.203094482421875 -0.0190963745117188 -0.107795715332031
-0.1527099609375 -0.083740234375 -0.00103378295898438 0.0102977752685547
-0.14605712890625 0.0197906494140625 0.0736541748046875 -0.000839233398437499
-0.0914459228515625 0.0869674682617187 0.077972412109375 -0.0728073120117187
-0.0301513671875 0.140670776367188 0.0373001098632812 -0.120468139648437
0.0221023559570312 0.125228881835938 -0.00860595703124999 -0.153427124023437
0.01702880859375 0.110160827636719 -0.0230712890625 -0.157638549804688
0.0102767944335938 0.127281188964844 -0.0013275146484375 -0.153961181640625
-0.0206375122070313 0.126319885253906 0.0524215698242188 -0.129158020019531
-0.0755081176757812 0.091400146484375 0.0876235961914063 -0.0860671997070313
-0.122955322265625 0.0458908081054687 0.0941696166992187 -0.00597381591796875
-0.138130187988281 -0.0651397705078125 0.0444526672363281 0.0643730163574219
-0.0890655517578125 -0.174301147460937 -0.053466796875 -0.00617218017578125
-0.042388916015625 -0.238601684570312 -0.062347412109375 -0.079986572265625
-0.038604736328125 -0.1568603515625 0.05712890625 -0.252487182617187
-0.0765380859375 -0.116020202636719 -0.0336456298828125 -0.146102905273438
-0.0940933227539063 -0.0360107421875 -0.0124444961547852 -0.0107145309448242
-0.0754470825195313 0.0262069702148437 0.070343017578125 -0.0228042602539063
-0.0361213684082031 0.0577621459960937 0.0691909790039063 -0.0964736938476562
0.0032501220703125 0.076751708984375 0.020111083984375 -0.15289306640625
0.0287895202636719 0.0571365356445313 -0.034149169921875 -0.182174682617187
0.0263404846191406 0.0481071472167969 -0.0491943359375 -0.184677124023437
0.026031494140625 0.0555763244628906 -0.01910400390625 -0.18096923828125
0.0201416015625 0.0602684020996094 0.0488128662109375 -0.155075073242188
-0.0100936889648438 0.0571136474609375 0.0869979858398438 -0.0985336303710938
-0.0452613830566406 0.0496063232421875 0.0924606323242188 -0.0136032104492187
-0.0842819213867188 -0.00411224365234374 0.0331192016601562 0.0404548645019531
-0.0791015625 -0.0848388671875 -0.0624465942382813 -0.0519676208496094
-0.0554656982421875 -0.151824951171875 -0.050323486328125 -0.144683837890625
0.084930419921875 0.01708984375 0.111557006835938 0.15863037109375
0.101318359375 -0.04705810546875 0.0923385620117187 0.0551605224609375
0.012603759765625 -0.0980606079101563 -0.0160713195800781 -0.0366058349609375
-0.0574836730957031 -0.0646095275878906 -0.100082397460937 0.0190505981445313
-0.067718505859375 -0.0181388854980469 -0.0775909423828125 0.101760864257813
-0.0676651000976563 0.0203170776367187 -0.0154876708984375 0.172348022460938
-0.0419158935546875 0.0407600402832031 0.06121826171875 0.1898193359375
-0.0415420532226563 0.0268516540527344 0.0909423828125 0.17669677734375
-0.048797607421875 0.0143814086914062 0.069305419921875 0.17041015625
-0.0428962707519531 -0.00499725341796875 0.00845336914062498 0.159591674804688
-0.0189247131347656 -0.0226726531982422 -0.0285797119140625 0.111991882324219
0.00225639343261719 -0.0249462127685547 -0.0345573425292969 0.0573921203613281
0.0288410186767578 -0.00292015075683594 0.00897979736328125 0.0639610290527344
0.0358924865722656 0.0421333312988281 0.049041748046875 0.1971435546875
0.00835800170898437 0.0685577392578125 -0.08770751953125 0.306549072265625
0.0764312744140625 -0.100395202636719 0.120452880859375 0.155548095703125
0.0617141723632812 -0.140090942382813 0.0974578857421875 0.0569992065429688
-0.046295166015625 -0.145797729492187 0.00366401672363281 -0.0208072662353516
-0.128509521484375 -0.0691986083984375 -0.0691680908203125 0.023681640625
-0.122550964355469 0.01788330078125 -0.0478668212890625 0.0861434936523438
-0.0914993286132813 0.0941162109375 0.0032501220703125 0.148880004882813
-0.0321807861328125 0.1143798828125 0.070404052734375 0.15728759765625
-0.0320663452148438 0.0926132202148438 0.0983428955078125 0.1455078125
-0.041473388671875 0.0921249389648438 0.081756591796875 0.144012451171875
-0.05975341796875 0.0752334594726563 0.0283660888671875 0.14434814453125
-0.07080078125 0.034027099609375 -0.00339508056640625 0.104278564453125
-0.0764923095703125 -0.000938415527343744 -0.0117149353027344 0.0682601928710938
-0.05224609375 -0.045928955078125 0.0242538452148437 0.0946502685546875
-0.0141220092773438 -0.0589523315429688 0.0461578369140625 0.214675903320312
-0.00994110107421875 -0.0555191040039063 -0.088531494140625 0.315704345703125
0.0537872314453125 -0.204849243164063 0.127288818359375 0.121429443359375
0.00820922851562498 -0.21624755859375 0.0940093994140625 0.0436172485351562
-0.105209350585937 -0.173309326171875 0.0191669464111328 -0.00473976135253907
-0.184829711914063 -0.0621490478515625 -0.0307102203369141 0.029022216796875
-0.1602783203125 0.0523529052734375 -0.0104179382324219 0.0622711181640625
-0.101837158203125 0.153732299804688 0.0247650146484375 0.105667114257813
-0.0189208984375 0.170562744140625 0.0699844360351563 0.101341247558594
-0.0186004638671875 0.145706176757813 0.0909347534179688 0.0910186767578125
-0.0283203125 0.157730102539063 0.0814285278320313 0.0949249267578125
-0.06854248046875 0.14630126953125 0.0436935424804687 0.106307983398438
-0.113754272460937 0.0880966186523438 0.0234527587890625 0.0791015625
-0.146575927734375 0.0265960693359375 0.0169258117675781 0.0687751770019531
-0.128860473632813 -0.0825729370117187 0.04022216796875 0.116012573242188
-0.0641326904296875 -0.1514892578125 0.0348663330078125 0.209457397460938
-0.029327392578125 -0.171539306640625 -0.08941650390625 0.284423828125
0.01751708984375 -0.28289794921875 0.123512268066406 0.0608444213867187
-0.05560302734375 -0.263916015625 0.0769882202148438 0.0167312622070312
-0.159820556640625 -0.173934936523438 0.0269222259521484 0.0106124877929687
-0.220413208007813 -0.038116455078125 0.0102806091308594 0.0312423706054687
-0.174362182617187 0.0850067138671875 0.0287551879882812 0.0298576354980469
-0.09521484375 0.1939697265625 0.0431709289550781 0.0470619201660156
-0.000823974609374991 0.202255249023438 0.0596351623535156 0.0308609008789063
-0.00257873535156252 0.17620849609375 0.0693855285644531 0.0229988098144531
-0.0115966796875 0.198471069335937 0.067657470703125 0.0290565490722656
-0.06646728515625 0.194381713867188 0.0529937744140625 0.0477714538574219
-0.138801574707031 0.129173278808594 0.0489082336425781 0.0364532470703125
-0.196151733398438 0.0509490966796875 0.0477027893066406 0.0555610656738281
-0.18792724609375 -0.105712890625 0.055877685546875 0.122207641601562
-0.105239868164062 -0.219467163085938 0.0165863037109375 0.17938232421875
-0.04827880859375 -0.259414672851563 -0.0887908935546875 0.217391967773437
-0.022613525390625 -0.3216552734375 0.107475280761719 -0.019256591796875
-0.114089965820312 -0.277114868164063 0.0460243225097656 -0.0195465087890625
-0.197540283203125 -0.149017333984375 0.0268707275390625 0.0209674835205078
-0.227554321289063 -0.00379943847656247 0.0467147827148437 0.0264472961425781
-0.161880493164063 0.110092163085937 0.0603675842285156 -0.00903701782226562
-0.071441650390625 0.207260131835938 0.05126953125 -0.0181159973144531
0.018280029296875 0.203323364257812 0.0388107299804688 -0.0433235168457031
0.012969970703125 0.180313110351563 0.0366363525390625 -0.0493240356445312
0.00543212890624999 0.207901000976562 0.0433273315429688 -0.0434455871582031
-0.053375244140625 0.208389282226562 0.0542106628417969 -0.0218048095703125
-0.139053344726563 0.147125244140625 0.0683135986328125 -0.0152130126953125
-0.208450317382813 0.0671234130859375 0.0742263793945312 0.0311660766601563
-0.212478637695313 -0.10845947265625 0.0650863647460938 0.112014770507813
-0.128585815429688 -0.247314453125 -0.00734710693359376 0.127983093261719
-0.063018798828125 -0.302764892578125 -0.0865707397460938 0.124420166015625
-0.0531005859375 -0.31298828125 0.0814132690429688 -0.107772827148438
-0.144546508789063 -0.252334594726563 0.00849533081054687 -0.0600929260253906
-0.202102661132812 -0.110244750976563 0.0195751190185547 0.0211620330810547
-0.20172119140625 0.0264434814453125 0.0708465576171875 0.011566162109375
-0.127128601074219 0.118057250976563 0.0762100219726562 -0.049072265625
-0.039886474609375 0.191192626953125 0.0466079711914063 -0.0803298950195312
0.03497314453125 0.174819946289063 0.00872039794921874 -0.109992980957031
0.0263519287109375 0.156143188476563 -0.00142669677734375 -0.114128112792969
0.0203399658203125 0.181793212890625 0.0134429931640625 -0.109649658203125
-0.0302581787109375 0.1854248046875 0.0508880615234375 -0.08819580078125
-0.112190246582031 0.136451721191406 0.0808486938476563 -0.0640106201171875
-0.180221557617188 0.0706024169921875 0.0925674438476562 0.005523681640625
-0.1961669921875 -0.08795166015625 0.0657501220703125 0.0899810791015625
-0.13037109375 -0.228103637695313 -0.0325126647949219 0.0651397705078125
-0.072174072265625 -0.2962646484375 -0.08184814453125 0.0229644775390625
-0.06622314453125 -0.256988525390625 0.0563201904296875 -0.190902709960938
-0.138763427734375 -0.194686889648438 -0.0244216918945313 -0.102676391601563
-0.169540405273438 -0.065673828125 0.00647926330566405 0.0106773376464844
-0.147750854492188 0.0423736572265625 0.0790176391601562 -0.00946807861328125
-0.079803466796875 0.103538513183594 0.075439453125 -0.0833892822265625
-0.00691223144531249 0.146347045898438 0.028961181640625 -0.129501342773438
0.0441513061523438 0.121528625488281 -0.0245513916015625 -0.158493041992188
0.0352935791015625 0.108146667480469 -0.039520263671875 -0.161361694335938
0.031890869140625 0.126083374023438 -0.0153350830078125 -0.159576416015625
0.000320434570312503 0.130149841308594 0.0442428588867188 -0.138877868652344
-0.0616455078125 0.103767395019531 0.0848388671875 -0.09698486328125
-0.117080688476563 0.0655136108398438 0.099365234375 -0.0136184692382812
-0.147964477539063 -0.04486083984375 0.0562400817871094 0.0639305114746094
-0.116363525390625 -0.165496826171875 -0.0555458068847656 0.00505065917968748
-0.0786285400390625 -0.240631103515625 -0.0766143798828125 -0.0694961547851563
-0.062896728515625 -0.161956787109375 0.0390472412109375 -0.256484985351563
-0.099853515625 -0.11260986328125 -0.0448455810546875 -0.141372680664062
-0.106086730957031 -0.023895263671875 -0.00947284698486329 -0.0104265213012695
-0.07647705078125 0.0415802001953125 0.072235107421875 -0.0331497192382813
-0.0267753601074219 0.06854248046875 0.0616226196289062 -0.107078552246094
0.0204010009765625 0.0791168212890625 0.00508117675781249 -0.159576416015625
0.0433578491210938 0.0513687133789063 -0.0560455322265625 -0.183700561523438
0.0381355285644531 0.0435981750488281 -0.0715789794921875 -0.18353271484375
0.0395011901855469 0.0502586364746094 -0.0392608642578125 -0.183013916015625
0.0351753234863281 0.0572052001953125 0.0349273681640625 -0.1644287109375
0.00220870971679687 0.0613059997558594 0.0806121826171875 -0.109542846679688
-0.036285400390625 0.0617790222167969 0.0950469970703125 -0.0224838256835937
-0.0876617431640625 0.0129547119140625 0.0395240783691406 0.0399703979492188
-0.09814453125 -0.0755462646484375 -0.0718612670898438 -0.0408859252929688
-0.08349609375 -0.151748657226563 -0.0731582641601563 -0.137985229492188
0.0950164794921875 0.008697509765625 0.130714416503906 0.138626098632812
0.102684020996094 -0.0644989013671875 0.100563049316406 0.0402603149414062
0.00228118896484375 -0.106513977050781 -0.0183258056640625 -0.0362205505371094
-0.0691146850585937 -0.0624198913574219 -0.0965347290039062 0.0272979736328125
-0.0753555297851562 -0.0100936889648438 -0.0659866333007812 0.106582641601563
-0.0708770751953125 0.0326309204101562 0.001800537109375 0.169784545898438
-0.0414848327636719 0.0512733459472656 0.079803466796875 0.17755126953125
-0.0426025390625 0.0357208251953125 0.108840942382813 0.161727905273438
-0.0537185668945313 0.0243568420410156 0.0872344970703125 0.158493041992188
-0.0501785278320313 -0.000308990478515621 0.0261077880859375 0.15570068359375
-0.0252361297607422 -0.0255622863769531 -0.0153121948242188 0.114151000976563
5.72204589843775E-05 -0.0317497253417969 -0.0286216735839844 0.063385009765625
0.0358963012695313 -0.00930023193359375 0.0103492736816406 0.0641059875488281
0.0515174865722656 0.0413475036621094 0.062652587890625 0.185333251953125
0.0255889892578125 0.073333740234375 -0.06231689453125 0.30438232421875
0.073699951171875 -0.103607177734375 0.142471313476563 0.135787963867188
0.0548095703125 -0.148956298828125 0.107200622558594 0.0418319702148438
-0.0592041015625 -0.146728515625 0.00406074523925781 -0.0238265991210938
-0.137985229492188 -0.059783935546875 -0.0640678405761719 0.0285186767578125
-0.124435424804688 0.029815673828125 -0.0368118286132813 0.0871124267578125
-0.0851058959960938 0.105239868164063 0.019866943359375 0.142303466796875
-0.0238494873046875 0.120155334472656 0.0863494873046875 0.142303466796875
-0.0259780883789063 0.0984725952148438 0.113914489746094 0.127754211425781
-0.0371475219726563 0.09857177734375 0.0992050170898438 0.129119873046875
-0.0573196411132813 0.079345703125 0.0472946166992188 0.1380615234375
-0.0695228576660156 0.0355758666992188 0.01104736328125 0.104881286621094
-0.0737533569335938 0.00112152099609376 -0.00312805175781251 0.0731353759765625
-0.0472068786621094 -0.0421791076660156 0.0307235717773438 0.0944595336914063
-0.00891494750976563 -0.0525398254394531 0.0635833740234375 0.205108642578125
-0.0064544677734375 -0.0455245971679688 -0.060028076171875 0.31646728515625
0.03900146484375 -0.20172119140625 0.148544311523438 0.103378295898437
-0.00601196289062499 -0.214309692382813 0.103965759277344 0.0290603637695312
-0.117416381835938 -0.16558837890625 0.0218410491943359 -0.00983238220214845
-0.18994140625 -0.0470428466796875 -0.0242996215820313 0.0296974182128906
-0.155380249023438 0.0662384033203125 -0.000228881835937516 0.0589256286621094
-0.0874176025390625 0.162551879882813 0.0380859375 0.0958709716796875
-0.00332641601562499 0.171981811523438 0.081512451171875 0.0858230590820313
-0.00598144531249999 0.147003173828125 0.10186767578125 0.0739974975585938
-0.0152740478515625 0.15924072265625 0.0947189331054688 0.0789794921875
-0.0555267333984375 0.149887084960938 0.0607223510742188 0.0981216430664063
-0.104606628417969 0.0943756103515625 0.0375213623046875 0.076873779296875
-0.13995361328125 0.0366134643554688 0.0273513793945312 0.0711746215820313
-0.127166748046875 -0.0698699951171875 0.0514907836914062 0.114608764648437
-0.0691604614257813 -0.138801574707031 0.0536956787109375 0.204208374023437
-0.0398712158203125 -0.157806396484375 -0.062042236328125 0.289031982421875
-0.00765991210937498 -0.273895263671875 0.141876220703125 0.047607421875
-0.0757598876953125 -0.251678466796875 0.0865325927734375 0.00609588623046873
-0.170562744140625 -0.15771484375 0.0324039459228515 0.00380516052246093
-0.219696044921875 -0.017425537109375 0.0173854827880859 0.02801513671875
-0.162918090820313 0.09954833984375 0.0367164611816406 0.0232887268066406
-0.0738525390625 0.198440551757812 0.0518569946289062 0.0352401733398438
0.0197296142578125 0.197433471679688 0.0641746520996094 0.0170745849609375
0.0146636962890625 0.173797607421875 0.0743331909179688 0.00797271728515626
0.00859069824218749 0.196136474609375 0.0750503540039063 0.0152511596679688
-0.0453948974609375 0.19635009765625 0.0648460388183594 0.0386962890625
-0.123733520507813 0.138748168945312 0.0592536926269531 0.0317230224609375
-0.184738159179688 0.0683135986328125 0.0579032897949219 0.0547561645507813
-0.188430786132813 -0.08538818359375 0.0696640014648437 0.119361877441406
-0.11962890625 -0.20172119140625 0.0350799560546875 0.178482055664063
-0.0709075927734375 -0.242599487304688 -0.0662841796875 0.225906372070313
-0.054443359375 -0.308135986328125 0.118484497070313 -0.026458740234375
-0.138442993164063 -0.25653076171875 0.0531578063964844 -0.0236625671386719
-0.206298828125 -0.126495361328125 0.0341415405273437 0.0145130157470703
-0.220947265625 0.019317626953125 0.0534133911132812 0.0194511413574219
-0.1451416015625 0.123199462890625 0.0646133422851562 -0.0176506042480469
-0.04595947265625 0.206893920898437 0.0542716979980469 -0.0299835205078125
0.0408782958984375 0.194183349609375 0.0361175537109375 -0.0530281066894531
0.032440185546875 0.174026489257813 0.0342369079589844 -0.059326171875
0.0291290283203125 0.20111083984375 0.0432014465332031 -0.0532722473144531
-0.0283660888671875 0.208236694335938 0.0593719482421875 -0.0303153991699219
-0.119949340820313 0.157516479492187 0.0737380981445313 -0.0221023559570312
-0.194442749023438 0.087860107421875 0.08270263671875 0.0270309448242188
-0.213958740234375 -0.0833282470703125 0.0802078247070313 0.107109069824219
-0.149002075195313 -0.227142333984375 0.0081329345703125 0.130943298339844
-0.0928955078125 -0.28558349609375 -0.0718917846679688 0.136962890625
-0.0877685546875 -0.2984619140625 0.0843734741210938 -0.107666015625
-0.171096801757813 -0.22784423828125 0.0119667053222656 -0.0578346252441406
-0.209808349609375 -0.08416748046875 0.0274772644042969 0.0166721343994141
-0.192306518554687 0.0495758056640625 0.076202392578125 0.00311279296875
-0.108016967773437 0.129409790039063 0.0757064819335938 -0.0577239990234375
-0.0129852294921875 0.18743896484375 0.0426406860351563 -0.0884246826171875
0.0558319091796875 0.161834716796875 -0.000396728515624994 -0.113510131835937
0.0451202392578125 0.147445678710938 -0.01068115234375 -0.117401123046875
0.0430755615234375 0.172515869140625 0.00574493408203124 -0.114364624023438
-0.00535583496093751 0.181915283203125 0.0483016967773438 -0.0948333740234375
-0.09136962890625 0.145614624023438 0.0793304443359375 -0.0715789794921875
-0.16485595703125 0.090118408203125 0.0970458984375 -0.00184631347656249
-0.197555541992187 -0.06243896484375 0.0784225463867187 0.0842666625976562
-0.151824951171875 -0.206573486328125 -0.0230789184570313 0.0725784301757812
-0.105987548828125 -0.278610229492188 -0.0783920288085938 0.0374984741210937
-0.098785400390625 -0.24627685546875 0.049072265625 -0.18536376953125
-0.163345336914063 -0.173599243164063 -0.02655029296875 -0.094451904296875
-0.17633056640625 -0.042144775390625 0.013092041015625 0.00751399993896484
-0.139152526855469 0.0633163452148438 0.0804595947265625 -0.0188980102539063
-0.061859130859375 0.112037658691406 0.06976318359375 -0.0905532836914063
0.0162582397460938 0.140312194824219 0.0192108154296875 -0.133049011230469
0.0613021850585938 0.108192443847656 -0.0400848388671875 -0.155471801757813
0.0504226684570313 0.097625732421875 -0.054656982421875 -0.156448364257813
0.05010986328125 0.115142822265625 -0.02911376953125 -0.157699584960938
0.0209274291992188 0.123771667480469 0.034393310546875 -0.142776489257813
-0.0438308715820313 0.107917785644531 0.0788497924804688 -0.104385375976563
-0.102218627929688 0.0809783935546875 0.10052490234375 -0.0216064453125
-0.147598266601563 -0.0225067138671875 0.0661087036132812 0.0588722229003906
-0.13665771484375 -0.14556884765625 -0.0522842407226563 0.0165863037109375
-0.1107177734375 -0.225234985351563 -0.0842819213867188 -0.0524826049804688
-0.08709716796875 -0.156753540039063 0.022918701171875 -0.248779296875
-0.119232177734375 -0.0988540649414063 -0.0516586303710938 -0.13031005859375
-0.112640380859375 -0.00746154785156251 -0.00483798980712891 -0.0113763809204102
-0.07061767578125 0.0555572509765625 0.0697441101074219 -0.0419883728027344
-0.0139923095703125 0.0735702514648438 0.051116943359375 -0.112800598144531
0.036834716796875 0.0731964111328125 -0.010223388671875 -0.158187866210937
0.0543136596679688 0.0391960144042969 -0.0747222900390625 -0.17364501953125
0.0465736389160156 0.0336074829101563 -0.0886993408203125 -0.172653198242188
0.0495796203613281 0.0395622253417969 -0.056488037109375 -0.176177978515625
0.0481643676757813 0.0477447509765625 0.021087646484375 -0.165374755859375
0.016357421875 0.0598793029785156 0.070709228515625 -0.115234375
-0.0225296020507812 0.0688095092773438 0.0932464599609375 -0.0299835205078125
-0.0829391479492187 0.02984619140625 0.0455589294433594 0.0365562438964844
-0.111839294433594 -0.0586090087890625 -0.0755767822265625 -0.0265731811523438
-0.109031677246094 -0.138534545898437 -0.0900039672851563 -0.12005615234375
0.102005004882813 0.0003662109375 0.137863159179688 0.116012573242187
0.100372314453125 -0.07891845703125 0.101974487304688 0.0251388549804688
-0.0090484619140625 -0.111534118652344 -0.0197868347167969 -0.0364570617675781
-0.078857421875 -0.0584487915039063 -0.0914230346679688 0.031768798828125
-0.0802841186523438 -0.00218963623046876 -0.0567245483398438 0.105094909667969
-0.0713653564453125 0.0438079833984375 0.0123291015625 0.16204833984375
-0.0391273498535156 0.060577392578125 0.08807373046875 0.162506103515625
-0.0417060852050781 0.0443611145019531 0.116119384765625 0.14453125
-0.0557594299316406 0.034881591796875 0.0954742431640625 0.1435546875
-0.0567817687988281 0.00589752197265625 0.037200927734375 0.146591186523438
-0.0328941345214844 -0.0277385711669922 -0.005035400390625 0.112251281738281
-0.00422286987304688 -0.0382652282714844 -0.0229263305664063 0.066619873046875
0.0413246154785156 -0.0170555114746094 0.0101203918457031 0.0643157958984375
0.0655136108398438 0.0355758666992188 0.0659942626953125 0.17156982421875
0.0417251586914063 0.0729904174804688 -0.047760009765625 0.291412353515625
0.0739669799804688 -0.102912902832031 0.152435302734375 0.112899780273437
0.04949951171875 -0.15423583984375 0.11016845703125 0.025787353515625
-0.0674285888671875 -0.145645141601563 0.00403785705566406 -0.0271663665771484
-0.1427001953125 -0.052154541015625 -0.0580940246582031 0.0293464660644531
-0.123085021972656 0.03759765625 -0.0279006958007813 0.08251953125
-0.0789947509765625 0.112113952636719 0.0288772583007813 0.131156921386719
-0.0172271728515625 0.123252868652344 0.0928497314453125 0.125778198242188
-0.0210723876953125 0.101570129394531 0.119285583496094 0.108444213867187
-0.03411865234375 0.102767944335937 0.106483459472656 0.111824035644531
-0.0557479858398437 0.0818634033203125 0.0594024658203125 0.126663208007813
-0.0693588256835938 0.0344505310058594 0.0229339599609375 0.100845336914062
-0.071136474609375 -0.00102233886718751 0.00513458251953124 0.0749130249023438
-0.0398521423339844 -0.042388916015625 0.0340118408203125 0.0930633544921875
0.000724792480468745 -0.0487289428710938 0.0712127685546875 0.192596435546875
0.00238418579101562 -0.0372505187988281 -0.04144287109375 0.306243896484375
0.0322113037109375 -0.192352294921875 0.15997314453125 0.082763671875
-0.0122833251953125 -0.20880126953125 0.108207702636719 0.014251708984375
-0.122238159179688 -0.158035278320313 0.0230560302734375 -0.0155963897705078
-0.188766479492188 -0.0360260009765625 -0.0184803009033203 0.0272026062011719
-0.149398803710938 0.0731964111328125 0.00672912597656249 0.0518989562988281
-0.0761260986328125 0.163742065429687 0.0447235107421875 0.0826797485351563
0.00642395019531249 0.167510986328125 0.0841827392578125 0.0695571899414063
0.00245666503906251 0.144775390625 0.104476928710938 0.0555343627929688
-0.00663757324218751 0.157501220703125 0.0998001098632813 0.0621490478515625
-0.04736328125 0.147857666015625 0.071533203125 0.0860366821289063
-0.097381591796875 0.0941085815429687 0.0481719970703125 0.071807861328125
-0.130950927734375 0.0392990112304688 0.0364227294921875 0.071014404296875
-0.118965148925781 -0.0622100830078125 0.0583724975585937 0.111793518066406
-0.0649032592773438 -0.127342224121094 0.0643310546875 0.19439697265625
-0.0394134521484375 -0.141677856445312 -0.042205810546875 0.28265380859375
-0.02032470703125 -0.256332397460938 0.152984619140625 0.0314178466796875
-0.083282470703125 -0.235336303710938 0.0913009643554688 -0.00527191162109376
-0.1710205078125 -0.143661499023438 0.0354957580566406 -0.00323486328125001
-0.212249755859375 -0.00511169433593748 0.022989273071289 0.0221099853515625
-0.150909423828125 0.104568481445313 0.0416030883789062 0.0147552490234375
-0.0588226318359375 0.193801879882812 0.0546798706054687 0.0223464965820313
0.030914306640625 0.187210083007813 0.0636863708496094 0.00404357910156251
0.0250244140625 0.16619873046875 0.07305908203125 -0.00622558593749999
0.021148681640625 0.188232421875 0.0765457153320313 0.00124359130859376
-0.0310211181640625 0.190704345703125 0.0718841552734375 0.0276641845703125
-0.110488891601563 0.139289855957031 0.0675888061523437 0.0255775451660156
-0.170974731445313 0.0753936767578125 0.0664405822753906 0.0518379211425781
-0.179763793945313 -0.071685791015625 0.0789871215820312 0.114173889160156
-0.12078857421875 -0.184188842773438 0.04779052734375 0.171737670898438
-0.078521728515625 -0.221603393554688 -0.04803466796875 0.225326538085938
-0.072235107421875 -0.286224365234375 0.1280517578125 -0.0345230102539063
-0.147323608398437 -0.23199462890625 0.059722900390625 -0.0296440124511719
-0.202621459960938 -0.107131958007813 0.0391006469726562 0.00651550292968749
-0.20831298828125 0.0329437255859375 0.0570602416992187 0.012054443359375
-0.129035949707031 0.125732421875 0.0660972595214844 -0.0258102416992187
-0.028594970703125 0.19732666015625 0.0534172058105469 -0.0397491455078125
0.0528411865234375 0.178985595703125 0.0319709777832031 -0.0609016418457031
0.0434112548828125 0.162918090820313 0.0301971435546875 -0.067108154296875
0.0428314208984375 0.188430786132813 0.0406761169433594 -0.0619392395019531
-0.010986328125 0.198684692382813 0.0622444152832031 -0.0389175415039062
-0.102386474609375 0.157882690429687 0.07763671875 -0.0283737182617187
-0.177215576171875 0.0969696044921875 0.0888137817382812 0.022430419921875
-0.205520629882813 -0.065521240234375 0.0901336669921875 0.10009765625
-0.15484619140625 -0.205108642578125 0.0205841064453125 0.128997802734375
-0.106887817382812 -0.261123657226563 -0.058502197265625 0.141891479492187
-0.108154296875 -0.275360107421875 0.0904388427734375 -0.106948852539063
-0.180801391601563 -0.200576782226563 0.0178375244140625 -0.0563697814941406
-0.205215454101563 -0.062225341796875 0.0331459045410156 0.0102157592773437
-0.176925659179688 0.0635223388671875 0.0773162841796875 -0.00481414794921875
-0.0900115966796875 0.130050659179688 0.0739974975585938 -0.0640106201171875
0.00390625000000002 0.174835205078125 0.0389480590820313 -0.0944137573242187
0.066650390625 0.14453125 -0.00752258300781249 -0.114677429199219
0.0553207397460938 0.133773803710938 -0.0180587768554687 -0.117485046386719
0.0562286376953125 0.156906127929688 2.28881835937537E-05 -0.116539001464844
0.011962890625 0.169921875 0.0453720092773437 -0.0998153686523437
-0.07342529296875 0.143844604492187 0.0783004760742188 -0.076751708984375
-0.146194458007812 0.099212646484375 0.100128173828125 -0.00725555419921874
-0.188522338867188 -0.04315185546875 0.0870513916015625 0.076812744140625
-0.160995483398437 -0.183441162109375 -0.0124359130859375 0.0752792358398437
-0.124603271484375 -0.25335693359375 -0.0706710815429688 0.0492324829101562
-0.118438720703125 -0.2271728515625 0.0503692626953125 -0.177001953125
-0.174575805664062 -0.148468017578125 -0.0214157104492188 -0.0865707397460938
-0.173446655273438 -0.022308349609375 0.0189933776855469 0.00343132019042969
-0.125518798828125 0.0757827758789062 0.0793914794921875 -0.026092529296875
-0.0448760986328125 0.112205505371094 0.0638046264648438 -0.0941390991210938
0.03179931640625 0.127395629882813 0.0121688842773437 -0.133102416992188
0.069854736328125 0.0905303955078125 -0.0483856201171875 -0.14923095703125
0.0577011108398438 0.0842514038085938 -0.0631103515625 -0.14959716796875
0.0595779418945313 0.0999832153320313 -0.0372161865234375 -0.153396606445313
0.0347976684570313 0.110374450683594 0.027435302734375 -0.143142700195313
-0.0274505615234375 0.104682922363281 0.072998046875 -0.107376098632813
-0.0849838256835938 0.0868377685546875 0.0998458862304688 -0.0269317626953125
-0.138717651367188 -0.00576019287109374 0.0724868774414063 0.053070068359375
-0.144546508789063 -0.12396240234375 -0.0449905395507813 0.02471923828125
-0.1292724609375 -0.20184326171875 -0.0831832885742188 -0.035797119140625
-0.10400390625 -0.1458740234375 0.0175018310546875 -0.235260009765625
-0.130294799804687 -0.082733154296875 -0.0497283935546875 -0.118690490722656
-0.113655090332031 0.00748443603515624 -0.000574111938476569 -0.0136241912841797
-0.0619964599609375 0.065643310546875 0.065093994140625 -0.0483283996582031
-0.00142669677734374 0.0740280151367188 0.04144287109375 -0.11279296875
0.0474739074707031 0.063507080078125 -0.01971435546875 -0.15216064453125
0.0594062805175781 0.0254707336425781 -0.084228515625 -0.161148071289063
0.0506095886230469 0.0222816467285156 -0.0974884033203125 -0.159210205078125
0.0540618896484375 0.0263938903808594 -0.0651702880859375 -0.165634155273438
0.0557708740234375 0.0348396301269531 0.01129150390625 -0.1612548828125
0.027618408203125 0.0539665222167969 0.0628509521484375 -0.11517333984375
-0.00833511352539062 0.0701522827148438 0.0904769897460938 -0.0341949462890625
-0.0739288330078125 0.0419692993164062 0.048919677734375 0.0335845947265625
-0.117645263671875 -0.0404434204101563 -0.0723800659179688 -0.0138931274414063
-0.125572204589844 -0.119903564453125 -0.09619140625 -0.0988388061523438
0.108314514160156 -0.00621795654296875 0.137344360351563 0.0975189208984375
0.098114013671875 -0.0916595458984375 0.0990142822265625 0.0132675170898437
-0.017730712890625 -0.115913391113281 -0.0211410522460937 -0.0373573303222656
-0.0865707397460938 -0.054962158203125 -0.0882034301757812 0.032196044921875
-0.084564208984375 0.00463867187499999 -0.0532455444335938 0.101509094238281
-0.0707778930664063 0.0535888671875 0.015350341796875 0.154281616210938
-0.0362701416015625 0.06854248046875 0.0886993408203125 0.151596069335937
-0.0410957336425781 0.0522613525390625 0.116020202636719 0.132377624511719
-0.0564002990722656 0.045318603515625 0.0981216430664062 0.132095336914063
-0.0626182556152344 0.0122337341308594 0.0423965454101562 0.138641357421875
-0.0406723022460938 -0.0284042358398437 0.00111389160156249 0.109268188476562
-0.00846099853515625 -0.0448265075683594 -0.0184516906738281 0.0682525634765625
0.0454940795898438 -0.026031494140625 0.00834274291992188 0.0664176940917969
0.0778884887695313 0.0293045043945313 0.06182861328125 0.1630859375
0.0560836791992188 0.0706405639648438 -0.0463409423828125 0.279373168945313
0.078948974609375 -0.102668762207031 0.155044555664063 0.093597412109375
0.0491943359375 -0.159774780273438 0.108772277832031 0.0121994018554687
-0.072723388671875 -0.146438598632813 0.00323867797851562 -0.0302715301513672
-0.14654541015625 -0.0481109619140625 -0.0544815063476563 0.0277252197265625
-0.124183654785156 0.0425186157226562 -0.0245819091796875 0.07666015625
-0.0770645141601562 0.117317199707031 0.031097412109375 0.12103271484375
-0.013946533203125 0.126060485839844 0.0915451049804688 0.112922668457031
-0.0189132690429688 0.105209350585938 0.117698669433594 0.0942153930664063
-0.032867431640625 0.107650756835938 0.107994079589844 0.0982589721679688
-0.0580596923828125 0.0836868286132813 0.0648574829101563 0.11639404296875
-0.0727386474609375 0.0320205688476563 0.0300979614257812 0.096160888671875
-0.07049560546875 -0.00578308105468749 0.0112686157226562 0.0759735107421875
-0.0318565368652344 -0.0467643737792969 0.0350418090820313 0.093658447265625
0.0130500793457031 -0.0495376586914063 0.07037353515625 0.184906005859375
0.0141754150390625 -0.0320854187011719 -0.036529541015625 0.295623779296875
0.0351409912109375 -0.184310913085937 0.165435791015625 0.0647735595703125
-0.0111083984375 -0.206283569335937 0.108650207519531 0.00125885009765624
-0.122589111328125 -0.155838012695313 0.0231494903564453 -0.0212383270263672
-0.187835693359375 -0.032135009765625 -0.014892578125 0.0230197906494141
-0.146728515625 0.0754547119140625 0.0104942321777344 0.0440864562988281
-0.07257080078125 0.163650512695313 0.0453948974609375 0.0711288452148438
0.0100555419921875 0.165664672851563 0.0817184448242188 0.0569915771484375
0.00505065917968751 0.143524169921875 0.101249694824219 0.0413436889648438
-0.004058837890625 0.155990600585938 0.0996932983398438 0.0481414794921875
-0.0443572998046875 0.145675659179688 0.0769500732421875 0.0746536254882813
-0.095550537109375 0.0908279418945312 0.0556983947753906 0.0655059814453125
-0.125457763671875 0.03656005859375 0.04437255859375 0.0703964233398438
-0.108909606933594 -0.062164306640625 0.0620040893554688 0.110893249511719
-0.0548934936523437 -0.122291564941406 0.06744384765625 0.187637329101563
-0.0308609008789063 -0.130470275878906 -0.0333099365234375 0.275604248046875
-0.0204315185546875 -0.241058349609375 0.1607666015625 0.0167694091796875
-0.0807037353515625 -0.225204467773437 0.0952682495117188 -0.0164871215820313
-0.166793823242188 -0.137725830078125 0.0368423461914063 -0.00991821289062501
-0.205520629882813 -0.00199890136718752 0.025766372680664 0.0163364410400391
-0.144500732421875 0.10345458984375 0.0438957214355469 0.00623321533203125
-0.052734375 0.188003540039063 0.0542831420898438 0.0107460021972656
0.0342254638671875 0.179306030273438 0.0598869323730469 -0.00668334960937499
0.02825927734375 0.160751342773437 0.0691490173339844 -0.0178489685058594
0.025482177734375 0.18206787109375 0.0752334594726562 -0.0103530883789062
-0.025421142578125 0.18450927734375 0.0764312744140625 0.0166015625
-0.103363037109375 0.135421752929688 0.0742645263671875 0.0192642211914063
-0.161224365234375 0.0740966796875 0.0740432739257812 0.0500717163085938
-0.168548583984375 -0.0679473876953125 0.0847549438476562 0.111473083496094
-0.114181518554687 -0.173934936523438 0.0536346435546875 0.167373657226562
-0.0745086669921875 -0.204833984375 -0.0379791259765625 0.222900390625
-0.0758514404296875 -0.266036987304688 0.138168334960938 -0.0427017211914063
-0.143585205078125 -0.213958740234375 0.0656814575195312 -0.036376953125
-0.194686889648438 -0.0977783203125 0.0424385070800781 -0.000377655029296881
-0.1973876953125 0.036590576171875 0.059814453125 0.00555801391601563
-0.118904113769531 0.121406555175781 0.0675697326660156 -0.0330581665039062
-0.0222930908203125 0.186843872070313 0.051971435546875 -0.0490570068359375
0.0553131103515625 0.166549682617188 0.0277976989746094 -0.0674667358398437
0.0467071533203125 0.152862548828125 0.0253753662109375 -0.0744857788085938
0.047943115234375 0.17767333984375 0.0380935668945313 -0.0700721740722656
-0.00300598144531249 0.188720703125 0.0638160705566406 -0.0467567443847656
-0.0921478271484375 0.153396606445313 0.0815963745117188 -0.034271240234375
-0.16400146484375 0.09649658203125 0.0949554443359375 0.0188522338867188
-0.194549560546875 -0.0579986572265625 0.0960159301757812 0.095489501953125
-0.151397705078125 -0.190139770507813 0.028778076171875 0.127052307128906
-0.108383178710937 -0.24090576171875 -0.047119140625 0.144607543945312
-0.115585327148438 -0.255264282226563 0.100578308105469 -0.107765197753906
-0.180267333984375 -0.179611206054687 0.0269622802734375 -0.0582313537597656
-0.196182250976563 -0.0491485595703125 0.037628173828125 0.00364303588867187
-0.16302490234375 0.06756591796875 0.078704833984375 -0.0113525390625
-0.0778045654296875 0.124992370605469 0.073333740234375 -0.0693130493164062
0.0120391845703125 0.160614013671875 0.0363998413085938 -0.0998458862304687
0.0694808959960938 0.129447937011719 -0.010833740234375 -0.1156005859375
0.057952880859375 0.122306823730469 -0.0220260620117188 -0.1185302734375
0.061004638671875 0.14349365234375 -0.00332641601562498 -0.119697570800781
0.019561767578125 0.157379150390625 0.0453414916992188 -0.104927062988281
-0.061767578125 0.138542175292969 0.0791397094726563 -0.0809860229492187
-0.131340026855469 0.0997695922851563 0.103561401367187 -0.0106658935546875
-0.1781005859375 -0.033660888671875 0.0927810668945312 0.0715560913085938
-0.160736083984375 -0.1669921875 -0.00380706787109377 0.076080322265625
-0.129837036132813 -0.2315673828125 -0.0623703002929687 0.0571441650390625
-0.1285400390625 -0.2105712890625 0.0587615966796875 -0.170822143554688
-0.177337646484375 -0.129837036132813 -0.0124282836914063 -0.0830841064453125
-0.16693115234375 -0.00872802734374997 0.0233726501464844 -0.00168991088867188
-0.112701416015625 0.0819625854492187 0.0783615112304688 -0.03143310546875
-0.033050537109375 0.1083984375 0.0615921020507813 -0.0960006713867187
0.0398025512695313 0.114372253417969 0.00913238525390625 -0.133132934570312
0.0712509155273438 0.0764617919921875 -0.0516204833984375 -0.144805908203125
0.059417724609375 0.0725250244140625 -0.0662078857421875 -0.145050048828125
0.0623321533203125 0.0863113403320313 -0.04058837890625 -0.150558471679688
0.0409011840820312 0.0963134765625 0.025146484375 -0.143280029296875
-0.0170059204101563 0.0980148315429688 0.0714569091796875 -0.109031677246094
-0.070343017578125 0.0860977172851562 0.101181030273438 -0.0304489135742187
-0.127220153808594 0.00447845458984375 0.0761489868164062 0.048187255859375
-0.14556884765625 -0.105514526367188 -0.0374069213867188 0.0298957824707031
-0.138290405273437 -0.1805419921875 -0.0783615112304688 -0.022064208984375
-0.115135192871094 -0.136466979980469 0.0241241455078125 -0.224411010742188
-0.1368408203125 -0.0692520141601563 -0.0419921875 -0.111808776855469
-0.111358642578125 0.0187759399414063 0.00349140167236328 -0.0173826217651367
-0.053375244140625 0.073333740234375 0.0614547729492188 -0.0515403747558594
0.00810241699218751 0.0726394653320313 0.0366668701171875 -0.111167907714844
0.0545425415039063 0.0525627136230469 -0.02374267578125 -0.146896362304688
0.0603141784667969 0.0132598876953125 -0.0861358642578125 -0.152114868164063
0.05078125 0.0122642517089844 -0.0995635986328125 -0.149581909179688
0.0546150207519531 0.0142555236816406 -0.0676727294921875 -0.158096313476562
0.0591278076171875 0.0223922729492188 0.00848388671875001 -0.15802001953125
0.0363197326660156 0.0466156005859375 0.060150146484375 -0.113487243652344
0.0036773681640625 0.0686759948730469 0.0890731811523438 -0.0359878540039063
-0.0644378662109375 0.05023193359375 0.0512504577636719 0.0311088562011719
-0.119514465332031 -0.0247344970703125 -0.0667800903320313 -0.00422668457031251
-0.134597778320312 -0.102096557617188 -0.0955657958984375 -0.0812301635742188
0.117012023925781 -0.0144424438476562 0.134407043457031 0.0834884643554688
0.0966873168945313 -0.105018615722656 0.0955352783203125 0.00309753417968749
-0.02734375 -0.120590209960938 -0.0231285095214844 -0.0399513244628906
-0.0966033935546875 -0.0518112182617188 -0.0879440307617187 0.0322341918945313
-0.0903701782226563 0.0117111206054687 -0.052947998046875 0.0995254516601563
-0.0704879760742187 0.0645904541015625 0.0148468017578125 0.151702880859375
-0.0335769653320312 0.0776290893554688 0.087646484375 0.146743774414063
-0.0396766662597656 0.0612220764160156 0.11474609375 0.125541687011719
-0.0570793151855469 0.0563888549804688 0.0979690551757813 0.125389099121094
-0.0682258605957031 0.0200233459472656 0.04522705078125 0.133781433105469
-0.0499076843261719 -0.02825927734375 0.00543975830078125 0.107658386230469
-0.014556884765625 -0.0509529113769531 -0.0153274536132813 0.0712966918945313
0.0496368408203125 -0.0360450744628906 0.00613403320312501 0.0706405639648438
0.0905685424804687 0.0203094482421875 0.055145263671875 0.16162109375
0.0710372924804688 0.0669937133789063 -0.05218505859375 0.275131225585938
0.08868408203125 -0.105484008789063 0.1556396484375 0.0776824951171875
0.050262451171875 -0.170089721679688 0.106376647949219 0.00104522705078124
-0.07928466796875 -0.151473999023438 0.0019683837890625 -0.0347805023193359
-0.154312133789063 -0.046142578125 -0.0534629821777344 0.0250091552734375
-0.128555297851563 0.047607421875 -0.0237274169921875 0.0715255737304688
-0.0767059326171875 0.125297546386719 0.0299148559570312 0.115150451660156
-0.0120620727539062 0.1322021484375 0.088226318359375 0.105308532714844
-0.0185699462890625 0.111793518066406 0.114730834960938 0.0847854614257812
-0.033233642578125 0.115699768066406 0.106681823730469 0.0879592895507813
-0.062164306640625 0.088653564453125 0.0685806274414062 0.108245849609375
-0.0790252685546875 0.0304412841796875 0.0363235473632813 0.0925674438476563
-0.0735092163085937 -0.0118942260742188 0.0177078247070312 0.0773544311523437
-0.025909423828125 -0.055206298828125 0.0361251831054688 0.0974807739257813
0.0268325805664063 -0.0546302795410156 0.0675201416015625 0.184188842773438
0.0295352935791016 -0.0313816070556641 -0.037933349609375 0.29205322265625
0.04437255859375 -0.181671142578125 0.1700439453125 0.0485076904296875
-0.00781250000000001 -0.211685180664063 0.108535766601563 -0.0106277465820313
-0.124893188476563 -0.159637451171875 0.0227508544921875 -0.0269622802734375
-0.191299438476563 -0.031524658203125 -0.0130138397216797 0.0182628631591797
-0.148956298828125 0.0774078369140625 0.0111503601074219 0.0365638732910156
-0.07232666015625 0.167434692382813 0.0430679321289062 0.0626449584960938
0.0113372802734375 0.167526245117188 0.0772628784179688 0.0472640991210938
0.00526428222656249 0.14642333984375 0.097015380859375 0.0307083129882813
-0.00373840332031251 0.15972900390625 0.0981063842773438 0.0367813110351563
-0.0467529296875 0.146392822265625 0.08160400390625 0.0648651123046875
-0.098663330078125 0.0887527465820313 0.0629653930664063 0.0605316162109375
-0.125984191894531 0.0314102172851563 0.052490234375 0.0705108642578125
-0.101730346679688 -0.0680999755859375 0.0656814575195312 0.112846374511719
-0.04364013671875 -0.1246337890625 0.0687255859375 0.187149047851563
-0.018585205078125 -0.125282287597656 -0.0310821533203125 0.2744140625
-0.014556884765625 -0.23358154296875 0.169662475585938 0.00218200683593749
-0.0749969482421875 -0.223846435546875 0.0979156494140625 -0.02813720703125
-0.163909912109375 -0.139572143554688 0.0376358032226562 -0.0174560546875
-0.2052001953125 -0.00233459472656247 0.0280227661132812 0.0102443695068359
-0.144622802734375 0.101547241210938 0.0451889038085937 -0.00259399414062499
-0.053070068359375 0.18646240234375 0.0515785217285156 0.00141906738281251
0.033966064453125 0.176727294921875 0.0550422668457031 -0.0166664123535156
0.0280914306640625 0.15960693359375 0.0637435913085938 -0.0281143188476562
0.0256195068359375 0.18023681640625 0.0721969604492188 -0.0224609375
-0.0244598388671875 0.181243896484375 0.080230712890625 0.00604248046875001
-0.103225708007812 0.132667541503906 0.0804672241210938 0.0118179321289063
-0.15802001953125 0.070892333984375 0.08294677734375 0.047821044921875
-0.16168212890625 -0.070648193359375 0.0911865234375 0.111373901367187
-0.105697631835938 -0.171875 0.0587005615234375 0.16705322265625
-0.06549072265625 -0.196151733398438 -0.03192138671875 0.223541259765625
-0.0731201171875 -0.254302978515625 0.149978637695313 -0.053680419921875
-0.138748168945313 -0.205963134765625 0.072174072265625 -0.0453872680664063
-0.188735961914063 -0.0957794189453125 0.04449462890625 -0.00848770141601563
-0.191360473632813 0.036102294921875 0.06195068359375 -0.00147628784179687
-0.115974426269531 0.117935180664062 0.0684127807617187 -0.0418052673339844
-0.0209808349609375 0.180191040039063 0.0492820739746094 -0.0585441589355469
0.053985595703125 0.159210205078125 0.0237045288085938 -0.0753326416015625
0.046630859375 0.14794921875 0.0209274291992187 -0.082061767578125
0.0487823486328125 0.171630859375 0.0349349975585938 -0.0790634155273438
-0.000137329101562508 0.181777954101562 0.0664329528808594 -0.0576820373535156
-0.0885162353515625 0.14886474609375 0.0863113403320313 -0.0419769287109375
-0.157974243164063 0.094818115234375 0.102607727050781 0.015167236328125
-0.186141967773438 -0.056854248046875 0.103416442871094 0.093292236328125
-0.146224975585938 -0.183868408203125 0.0361480712890625 0.126197814941406
-0.104080200195312 -0.228805541992187 -0.03961181640625 0.147994995117187
-0.117477416992188 -0.241775512695312 0.114242553710937 -0.11346435546875
-0.177703857421875 -0.16748046875 0.0360565185546875 -0.0632247924804688
-0.188995361328125 -0.0432891845703125 0.041168212890625 -0.00354385375976563
-0.15478515625 0.069549560546875 0.0805511474609375 -0.016876220703125
-0.071685791015625 0.119308471679687 0.0736541748046875 -0.0757598876953125
0.01422119140625 0.151092529296875 0.0343551635742187 -0.106269836425781
0.0672454833984375 0.119903564453125 -0.0145797729492187 -0.120399475097656
0.0575408935546875 0.114372253417969 -0.0267562866210938 -0.123115539550781
0.0605087280273437 0.134208679199219 -0.00619506835937501 -0.125862121582031
0.0223236083984375 0.147369384765625 0.0458908081054688 -0.112236022949219
-0.0551528930664062 0.132423400878906 0.08245849609375 -0.087860107421875
-0.122627258300781 0.0978164672851562 0.109085083007812 -0.0153427124023437
-0.168487548828125 -0.0297088623046875 0.0991973876953125 0.0678482055664063
-0.158645629882813 -0.15557861328125 0.00367736816406248 0.0769882202148437
-0.129714965820313 -0.216461181640625 -0.0541610717773438 0.0639114379882812
-0.13555908203125 -0.198623657226563 0.0731353759765625 -0.171401977539063
-0.179092407226563 -0.115493774414063 -0.00128173828125002 -0.0846710205078125
-0.162216186523437 0.000930786132812499 0.0277328491210937 -0.00806045532226563
-0.102706909179688 0.0861587524414062 0.0790176391601563 -0.03631591796875
-0.024261474609375 0.103996276855469 0.0618972778320313 -0.0993270874023438
0.043548583984375 0.102691650390625 0.0074310302734375 -0.136642456054688
0.0690879821777344 0.0643272399902344 -0.0533905029296875 -0.145599365234375
0.0585975646972656 0.0632247924804688 -0.068267822265625 -0.14501953125
0.061767578125 0.074554443359375 -0.04266357421875 -0.152130126953125
0.0436019897460937 0.0848388671875 0.024627685546875 -0.148849487304687
-0.00952148437499999 0.0906982421875 0.072509765625 -0.112281799316406
-0.05908203125 0.0838165283203125 0.103927612304688 -0.033172607421875
-0.118293762207031 0.00985717773437499 0.0807037353515625 0.0448989868164063
-0.145233154296875 -0.0921630859375 -0.0304622650146485 0.0329246520996094
-0.141937255859375 -0.164352416992188 -0.0712127685546875 -0.0118331909179688
-0.126976013183594 -0.127975463867188 0.0352783203125 -0.221237182617188
-0.142807006835937 -0.05706787109375 -0.0309371948242187 -0.110794067382813
-0.111251831054687 0.0295257568359375 0.00590324401855468 -0.0226192474365234
-0.0448532104492187 0.079559326171875 0.0602836608886719 -0.0554924011230469
0.0172271728515625 0.0706329345703125 0.03424072265625 -0.111732482910156
0.0597419738769531 0.0432510375976562 -0.025177001953125 -0.146499633789062
0.0594367980957031 0.00152587890625 -0.08673095703125 -0.147659301757812
0.0496902465820313 0.00331497192382812 -0.10003662109375 -0.144989013671875
0.05279541015625 0.00424575805664062 -0.067779541015625 -0.155166625976563
0.0603256225585937 0.00922775268554687 0.00750732421875 -0.158477783203125
0.04327392578125 0.0379104614257813 0.0605697631835937 -0.115127563476563
0.0149307250976562 0.0660552978515625 0.0912094116210938 -0.0374984741210938
-0.0557899475097656 0.0574722290039063 0.0543670654296875 0.0295181274414063
-0.1202392578125 -0.00943756103515623 -0.060699462890625 0.00267028808593751
-0.141860961914063 -0.08636474609375 -0.0907821655273438 -0.0666961669921875
0.126937866210938 -0.0260696411132813 0.131309509277344 0.0704727172851563
0.0932083129882812 -0.122322082519531 0.0907363891601563 -0.00617218017578126
-0.0399017333984375 -0.126518249511719 -0.0271759033203125 -0.0422096252441406
-0.108963012695313 -0.0463333129882812 -0.0904998779296875 0.0328598022460937
-0.0956344604492188 0.0213775634765625 -0.0541763305664063 0.100593566894531
-0.0693588256835938 0.0779342651367187 0.01531982421875 0.153274536132813
-0.0282363891601563 0.0887527465820312 0.087646484375 0.145721435546875
-0.0364303588867188 0.0716705322265625 0.114662170410156 0.122116088867188
-0.0554656982421875 0.0695991516113281 0.098602294921875 0.121307373046875
-0.074005126953125 0.0307846069335937 0.047332763671875 0.131187438964844
-0.06097412109375 -0.02618408203125 0.00987243652343749 0.107856750488281
-0.0242958068847656 -0.056610107421875 -0.0113143920898437 0.0743865966796875
0.0515022277832031 -0.0491676330566406 0.0056915283203125 0.0781631469726563
0.104095458984375 0.00644683837890625 0.0506439208984375 0.166061401367188
0.0873794555664063 0.0608596801757813 -0.0596771240234375 0.279144287109375
0.099090576171875 -0.114921569824219 0.1553955078125 0.0612335205078125
0.048492431640625 -0.18603515625 0.102737426757813 -0.0101394653320313
-0.0898895263671875 -0.158462524414062 -0.00105285644531251 -0.0391502380371094
-0.165374755859375 -0.042205810546875 -0.0545616149902344 0.0227890014648437
-0.135055541992188 0.0554733276367188 -0.0250892639160156 0.0683135986328125
-0.0762557983398438 0.137153625488281 0.0282974243164062 0.112396240234375
-0.00776672363281249 0.141738891601563 0.0855560302734375 0.100616455078125
-0.0156936645507813 0.121223449707031 0.1119384765625 0.0776443481445313
-0.0322036743164063 0.127815246582031 0.105361938476562 0.0803298950195313
-0.0665130615234375 0.0971755981445313 0.0718307495117188 0.101531982421875
-0.0887832641601563 0.0317611694335938 0.0430068969726562 0.0889892578125
-0.080718994140625 -0.0177383422851563 0.0252227783203125 0.07861328125
-0.0228157043457031 -0.067413330078125 0.0396270751953125 0.103645324707031
0.0389213562011719 -0.066131591796875 0.0672760009765625 0.188323974609375
0.0450477600097656 -0.0349311828613281 -0.040130615234375 0.296661376953125
0.0532684326171875 -0.187088012695313 0.173355102539062 0.030029296875
-0.006561279296875 -0.223663330078125 0.10711669921875 -0.0243301391601563
-0.131500244140625 -0.166702270507813 0.0205802917480469 -0.0335025787353516
-0.200546264648438 -0.02978515625 -0.0135898590087891 0.0135059356689453
-0.155319213867187 0.0825042724609375 0.0103721618652344 0.0298290252685547
-0.0727081298828125 0.176681518554688 0.0400924682617187 0.0561904907226563
0.013397216796875 0.174118041992188 0.0720291137695313 0.040069580078125
0.0074615478515625 0.152938842773437 0.0917510986328125 0.0212631225585938
-0.00244140624999999 0.167938232421875 0.0948715209960938 0.0263748168945313
-0.04901123046875 0.152496337890625 0.0844955444335938 0.0541610717773438
-0.105171203613281 0.0896377563476563 0.070892333984375 0.0537338256835938
-0.130729675292969 0.0268020629882812 0.0624504089355469 0.0689849853515625
-0.0982437133789063 -0.0780181884765625 0.0735931396484375 0.117401123046875
-0.0334091186523438 -0.132583618164063 0.07257080078125 0.191055297851563
-0.00554656982421875 -0.126579284667969 -0.0276641845703125 0.279342651367188
-0.0066070556640625 -0.233566284179688 0.177825927734375 -0.015533447265625
-0.0716094970703125 -0.229629516601562 0.0995025634765625 -0.041534423828125
-0.165908813476562 -0.144622802734375 0.0369987487792969 -0.0256996154785156
-0.209808349609375 -0.00210571289062496 0.028909683227539 0.00305938720703125
-0.149063110351563 0.103759765625 0.044830322265625 -0.0121116638183594
-0.0545806884765625 0.191116333007812 0.0475082397460938 -0.00794219970703124
0.0348052978515625 0.17926025390625 0.04833984375 -0.0255470275878906
0.029571533203125 0.162063598632813 0.0569190979003906 -0.038482666015625
0.02667236328125 0.18328857421875 0.0680389404296875 -0.0337677001953125
-0.025146484375 0.18328857421875 0.0823593139648438 -0.00665283203124999
-0.105628967285156 0.133087158203125 0.0877685546875 0.00273132324218751
-0.15997314453125 0.06793212890625 0.09368896484375 0.0434417724609375
-0.158737182617188 -0.0763702392578125 0.100425720214844 0.112327575683594
-0.099609375 -0.176498413085938 0.06585693359375 0.168899536132813
-0.056640625 -0.194076538085938 -0.0251922607421875 0.229110717773438
-0.0691070556640625 -0.249282836914063 0.162216186523438 -0.07012939453125
-0.134979248046875 -0.204757690429687 0.0779037475585937 -0.0580673217773438
-0.186477661132813 -0.0966644287109375 0.0457954406738281 -0.0172615051269531
-0.190460205078125 0.0358428955078125 0.0639991760253906 -0.00933456420898437
-0.116889953613281 0.116806030273438 0.0688285827636719 -0.0516510009765625
-0.02239990234375 0.178817749023438 0.0452919006347656 -0.0694160461425781
0.052642822265625 0.157455444335938 0.0165023803710938 -0.0848922729492187
0.046356201171875 0.147140502929688 0.0126113891601563 -0.0916748046875
0.0486602783203125 0.169998168945313 0.0288925170898438 -0.0903549194335937
0.000564575195312511 0.179397583007813 0.0669021606445312 -0.070556640625
-0.0879669189453125 0.147674560546875 0.0916213989257813 -0.0520401000976562
-0.15576171875 0.0928955078125 0.112159729003906 0.00846862792968751
-0.18304443359375 -0.058929443359375 0.113372802734375 0.0909347534179688
-0.143814086914062 -0.183441162109375 0.0446319580078125 0.127059936523438
-0.099578857421875 -0.222732543945313 -0.0304107666015625 0.153976440429688
-0.119094848632812 -0.233062744140625 0.129745483398438 -0.126533508300781
-0.176254272460937 -0.158035278320313 0.0448074340820312 -0.0736160278320313
-0.185028076171875 -0.0392913818359375 0.0438957214355469 -0.0124702453613281
-0.148345947265625 0.0704345703125 0.0828323364257813 -0.0249176025390625
-0.0678939819335938 0.116287231445313 0.0749130249023437 -0.0847396850585937
0.014190673828125 0.144760131835938 0.03033447265625 -0.116767883300781
0.0644454956054688 0.113044738769531 -0.020538330078125 -0.127861022949219
0.05596923828125 0.109237670898437 -0.03369140625 -0.130546569824219
0.05999755859375 0.128135681152344 -0.0118942260742187 -0.133865356445312
0.0240478515625 0.140228271484375 0.0441970825195312 -0.124000549316406
-0.0514678955078125 0.12872314453125 0.0850753784179688 -0.0970230102539063
-0.115646362304687 0.0955429077148438 0.11639404296875 -0.0220413208007812
-0.163253784179688 -0.0272979736328125 0.107887268066406 0.06329345703125
-0.157058715820313 -0.14837646484375 0.0124893188476562 0.0779037475585937
-0.129959106445312 -0.205230712890625 -0.0439529418945313 0.07086181640625
-0.144302368164063 -0.188339233398438 0.0886383056640625 -0.180007934570313
-0.181884765625 -0.103103637695312 0.00947570800781249 -0.0920639038085938
-0.158432006835938 0.010223388671875 0.0306892395019531 -0.0157470703125
-0.0933380126953125 0.0893173217773438 0.0803298950195313 -0.0422515869140625
-0.0166168212890625 0.0997695922851563 0.0606842041015625 -0.105842590332031
0.0456085205078125 0.0932159423828125 0.00421142578125002 -0.143142700195313
0.0657691955566406 0.0541725158691406 -0.0578765869140625 -0.148956298828125
0.0564422607421875 0.0555191040039063 -0.0740966796875 -0.148956298828125
0.05889892578125 0.0658073425292969 -0.04766845703125 -0.157150268554687
0.0435028076171875 0.0735321044921875 0.023162841796875 -0.156707763671875
-0.00365447998046874 0.0824203491210938 0.0745620727539062 -0.120574951171875
-0.049713134765625 0.0811004638671875 0.109237670898438 -0.03924560546875
-0.109550476074219 0.0150146484375 0.0873031616210938 0.0412216186523438
-0.144668579101563 -0.079620361328125 -0.0226364135742188 0.0356407165527344
-0.145599365234375 -0.149627685546875 -0.0627174377441406 -0.00207138061523437
-0.140144348144531 -0.119819641113281 0.048370361328125 -0.226898193359375
-0.14971923828125 -0.04339599609375 -0.0217666625976563 -0.116531372070313
-0.10986328125 0.0420303344726563 0.00814056396484374 -0.0290985107421875
-0.0352401733398438 0.0858154296875 0.0589141845703125 -0.0596656799316406
0.0271568298339844 0.0675506591796875 0.0321731567382812 -0.114395141601563
0.0637550354003906 0.031982421875 -0.0275421142578125 -0.148284912109375
0.0557670593261719 -0.010040283203125 -0.0888671875 -0.14776611328125
0.04718017578125 -0.00597763061523438 -0.102813720703125 -0.145339965820313
0.0495529174804688 -0.00676345825195313 -0.069732666015625 -0.157379150390625
0.0598564147949219 -0.00337600708007812 0.00694274902343751 -0.163116455078125
0.0501556396484375 0.0281600952148438 0.0612945556640625 -0.119056701660156
0.0264816284179688 0.0613174438476563 0.094879150390625 -0.0404586791992188
-0.0452919006347656 0.0641365051269531 0.0589599609375 0.0281105041503906
-0.119537353515625 0.00659942626953127 -0.0536956787109375 0.00759887695312499
-0.148712158203125 -0.0694580078125 -0.0839767456054688 -0.053985595703125
0.135215759277344 -0.0436019897460938 0.125862121582031 0.056732177734375
0.0827789306640625 -0.141952514648437 0.0833053588867188 -0.0157623291015625
-0.0568695068359375 -0.129249572753906 -0.0332450866699219 -0.0444717407226563
-0.121749877929688 -0.0362548828125 -0.0935211181640625 0.036224365234375
-0.100440979003906 0.0345077514648437 -0.0547256469726563 0.102676391601562
-0.0626907348632812 0.0929489135742188 0.017974853515625 0.15655517578125
-0.0186767578125 0.0997467041015625 0.090240478515625 0.145706176757813
-0.0295028686523437 0.0827789306640625 0.11767578125 0.118789672851563
-0.0494461059570313 0.0845870971679688 0.100837707519531 0.117591857910156
-0.0774765014648438 0.04547119140625 0.0516510009765625 0.129104614257813
-0.0734786987304688 -0.0193939208984375 0.015869140625 0.107353210449219
-0.036712646484375 -0.0608901977539063 -0.00420379638671876 0.0778656005859375
0.04864501953125 -0.0657501220703125 0.00807189941406251 0.0864181518554687
0.113914489746094 -0.0127639770507813 0.0502471923828125 0.173873901367188
0.104026794433594 0.0489501953125 -0.062408447265625 0.2904052734375
0.106513977050781 -0.130546569824219 0.152145385742188 0.042938232421875
0.04022216796875 -0.204910278320313 0.0960159301757813 -0.022552490234375
-0.10675048828125 -0.162933349609375 -0.00682449340820313 -0.0432777404785156
-0.178787231445313 -0.032623291015625 -0.0580177307128906 0.02227783203125
-0.140052795410156 0.068756103515625 -0.0263595581054688 0.0658760070800781
-0.0708770751953125 0.152801513671875 0.0280075073242188 0.112083435058594
0.00152587890625 0.151535034179688 0.0834426879882812 0.097015380859375
-0.00829315185546874 0.131439208984375 0.109291076660156 0.0710067749023438
-0.025115966796875 0.14129638671875 0.104713439941406 0.0728530883789063
-0.0687942504882813 0.109481811523437 0.0752334594726563 0.093841552734375
-0.098846435546875 0.0380172729492187 0.0497512817382812 0.0838165283203125
-0.091400146484375 -0.0204010009765625 0.0346450805664062 0.07818603515625
-0.02447509765625 -0.08172607421875 0.0472488403320313 0.109046936035156
0.0475692749023437 -0.0832290649414063 0.071990966796875 0.1939697265625
0.0606422424316406 -0.0450592041015625 -0.03680419921875 0.305267333984375
0.0606842041015625 -0.198455810546875 0.173507690429688 0.00828552246093749
-0.0128021240234375 -0.239013671875 0.10198974609375 -0.0389175415039063
-0.145233154296875 -0.171859741210938 0.0161170959472656 -0.0408210754394531
-0.212081909179688 -0.0236663818359375 -0.016073226928711 0.00837326049804688
-0.160675048828125 0.0932769775390625 0.00741004943847656 0.0225563049316406
-0.0682373046875 0.189483642578125 0.0364875793457031 0.0510482788085938
0.02093505859375 0.182693481445313 0.0659446716308594 0.033782958984375
0.0138092041015625 0.1612548828125 0.084716796875 0.0125198364257813
0.00347900390624999 0.179046630859375 0.090606689453125 0.0155105590820313
-0.048828125 0.162246704101563 0.0860519409179688 0.0420074462890625
-0.112571716308594 0.0950698852539062 0.0774993896484375 0.043853759765625
-0.138198852539063 0.0266799926757812 0.0736846923828125 0.0640640258789063
-0.10107421875 -0.0890655517578125 0.084320068359375 0.118385314941406
-0.0283966064453125 -0.146224975585938 0.082061767578125 0.1953125
0.0059051513671875 -0.132926940917969 -0.020050048828125 0.287200927734375
-0.00169372558593749 -0.239044189453125 0.18170166015625 -0.0400390625
-0.075225830078125 -0.23846435546875 0.0971755981445313 -0.0581588745117188
-0.174423217773438 -0.148147583007812 0.0341415405273437 -0.0353813171386719
-0.217269897460937 0.00125122070312502 0.0269565582275391 -0.00455093383789063
-0.153488159179687 0.110137939453125 0.0411643981933594 -0.0225563049316406
-0.052032470703125 0.199264526367188 0.0406875610351563 -0.0168609619140625
0.038909912109375 0.184036254882813 0.0386505126953125 -0.033538818359375
0.03387451171875 0.166915893554688 0.0463180541992188 -0.0477943420410156
0.031951904296875 0.188247680664063 0.0599174499511719 -0.0451889038085937
-0.0227813720703125 0.188980102539062 0.0804290771484375 -0.0216827392578125
-0.108612060546875 0.137588500976563 0.092803955078125 -0.0103530883789062
-0.164047241210937 0.068511962890625 0.104812622070312 0.0347061157226563
-0.161224365234375 -0.0821380615234375 0.113319396972656 0.110054016113281
-0.098236083984375 -0.183944702148438 0.077606201171875 0.169464111328125
-0.050079345703125 -0.196685791015625 -0.0133209228515625 0.235000610351563
-0.06842041015625 -0.24737548828125 0.169708251953125 -0.093963623046875
-0.136322021484375 -0.2037353515625 0.07867431640625 -0.0742950439453125
-0.188583374023438 -0.0978546142578125 0.0448760986328125 -0.0275115966796875
-0.192230224609375 0.0374298095703125 0.0647773742675781 -0.0193710327148438
-0.118049621582031 0.117042541503906 0.0662918090820312 -0.0643806457519531
-0.0211029052734375 0.181243896484375 0.0370864868164063 -0.0796279907226562
0.0530853271484375 0.157257080078125 0.00568389892578126 -0.0923995971679687
0.0485992431640625 0.147979736328125 0.000228881835937509 -0.09930419921875
0.0512237548828125 0.170333862304688 0.01837158203125 -0.101669311523437
0.00349426269531249 0.179977416992188 0.0624771118164063 -0.0858917236328125
-0.0860137939453125 0.148727416992187 0.0935440063476563 -0.06719970703125
-0.155303955078125 0.0944671630859375 0.120994567871094 -0.00289154052734374
-0.182846069335938 -0.060455322265625 0.125823974609375 0.084625244140625
-0.144424438476563 -0.183517456054688 0.0563583374023437 0.126380920410156
-0.0976409912109375 -0.218673706054688 -0.0171051025390625 0.158493041992188
-0.1246337890625 -0.2242431640625 0.140380859375 -0.147445678710938
-0.176498413085938 -0.149520874023438 0.0506515502929687 -0.0893325805664063
-0.182815551757813 -0.0348968505859375 0.0443534851074219 -0.0231819152832031
-0.14276123046875 0.072479248046875 0.0834274291992187 -0.0354385375976562
-0.0657272338867188 0.113990783691406 0.0720443725585938 -0.0969772338867187
0.015289306640625 0.140838623046875 0.0231475830078125 -0.127006530761719
0.0622787475585938 0.106864929199219 -0.0312423706054687 -0.134300231933594
0.0547027587890625 0.106002807617187 -0.0449447631835938 -0.136314392089844
0.05938720703125 0.122917175292969 -0.02301025390625 -0.14227294921875
0.024139404296875 0.13433837890625 0.0376815795898438 -0.138153076171875
-0.0480804443359375 0.124252319335938 0.0850753784179688 -0.110618591308594
-0.109855651855469 0.0948944091796875 0.122886657714844 -0.0334396362304688
-0.159194946289062 -0.02484130859375 0.117141723632812 0.0560302734375
-0.157211303710937 -0.14166259765625 0.0227432250976562 0.0760879516601562
-0.130889892578125 -0.195083618164062 -0.0307464599609375 0.0766754150390625
-0.153411865234375 -0.176162719726562 0.09881591796875 -0.19720458984375
-0.1842041015625 -0.0867156982421875 0.0157852172851562 -0.104438781738281
-0.153549194335938 0.02099609375 0.0321254730224609 -0.0250473022460938
-0.0828399658203125 0.0920257568359375 0.0810394287109375 -0.0513229370117187
-0.00942230224609376 0.0952224731445312 0.0582809448242187 -0.114593505859375
0.0464324951171875 0.0840072631835937 -0.002655029296875 -0.150680541992188
0.061004638671875 0.0452766418457031 -0.0672149658203125 -0.152908325195313
0.0527114868164063 0.0488166809082031 -0.0839385986328125 -0.151412963867188
0.0546951293945313 0.0576553344726563 -0.0569610595703125 -0.163131713867188
0.0416603088378906 0.062744140625 0.015838623046875 -0.168182373046875
0.000587463378906252 0.0733795166015625 0.0719833374023437 -0.131881713867188
-0.0399551391601562 0.07598876953125 0.113883972167969 -0.049407958984375
-0.10064697265625 0.0185470581054687 0.0942306518554688 0.0349807739257813
-0.141952514648438 -0.066558837890625 -0.0135726928710938 0.0360641479492187
-0.147872924804688 -0.133071899414063 -0.0508956909179688 0.00606918334960938
-0.153717041015625 -0.105087280273437 0.05584716796875 -0.240737915039063
-0.155303955078125 -0.026214599609375 -0.0155792236328125 -0.126358032226563
-0.105842590332031 0.056427001953125 0.00711441040039062 -0.0376815795898438
-0.0223236083984375 0.091033935546875 0.0583648681640625 -0.0662384033203125
0.0361404418945313 0.0609817504882813 0.0281829833984375 -0.117919921875
0.0649223327636719 0.0194778442382813 -0.0332183837890625 -0.152206420898437
0.0495758056640625 -0.0209693908691406 -0.0942230224609375 -0.147079467773438
0.0419998168945313 -0.0142593383789063 -0.109527587890625 -0.144805908203125
0.0430755615234375 -0.0182647705078125 -0.075775146484375 -0.1595458984375
0.0552902221679688 -0.0181808471679688 0.003173828125 -0.170578002929688
0.0545616149902344 0.0150337219238281 0.06011962890625 -0.12677001953125
0.0378036499023438 0.0541000366210938 0.096832275390625 -0.0464935302734375
-0.0319862365722656 0.0689849853515625 0.0641632080078125 0.0248641967773438
-0.114410400390625 0.02447509765625 -0.04541015625 0.0109519958496094
-0.152664184570313 -0.04852294921875 -0.0741958618164063 -0.0418930053710938
0.135017395019531 -0.0645675659179688 0.114463806152344 0.043060302734375
0.0652923583984375 -0.159133911132813 0.071990966796875 -0.023101806640625
-0.0759124755859375 -0.125015258789063 -0.0396461486816406 -0.0411224365234375
-0.131141662597656 -0.020843505859375 -0.0936431884765625 0.0428237915039063
-0.099578857421875 0.0490264892578125 -0.0525588989257813 0.106521606445313
-0.0511016845703125 0.105216979980469 0.024993896484375 0.158493041992188
-0.00434875488281251 0.105667114257812 0.0955963134765625 0.143768310546875
-0.0180892944335938 0.0909881591796875 0.1192626953125 0.112236022949219
-0.0367889404296875 0.0969314575195313 0.102127075195313 0.112091064453125
-0.0748062133789063 0.0610809326171875 0.0548553466796875 0.123237609863281
-0.0846023559570312 -0.00839233398437499 0.0229110717773438 0.105514526367187
-0.0499458312988281 -0.0585441589355469 0.002593994140625 0.0771942138671875
0.0416107177734375 -0.0808334350585938 0.0135040283203125 0.0919723510742187
0.115219116210937 -0.0362777709960937 0.0561370849609375 0.179489135742188
0.116569519042969 0.0302276611328125 -0.058807373046875 0.301361083984375
0.106353759765625 -0.150115966796875 0.142333984375 0.0247039794921875
0.0216827392578125 -0.220001220703125 0.0842361450195313 -0.032867431640625
-0.124771118164063 -0.160354614257813 -0.0134811401367188 -0.0452880859375
-0.187225341796875 -0.018402099609375 -0.0611763000488281 0.0236587524414063
-0.138992309570313 0.08514404296875 -0.02862548828125 0.0658645629882812
-0.0568084716796875 0.1654052734375 0.0280914306640625 0.109214782714844
0.015411376953125 0.1571044921875 0.0814437866210938 0.0938568115234375
0.00448608398437501 0.138504028320313 0.104568481445313 0.06500244140625
-0.01348876953125 0.151885986328125 0.100540161132813 0.0643386840820313
-0.06365966796875 0.123931884765625 0.0748367309570313 0.0842056274414063
-0.105453491210938 0.0479049682617188 0.0555419921875 0.0746307373046875
-0.101966857910156 -0.01947021484375 0.043792724609375 0.073272705078125
-0.0313796997070313 -0.0944442749023438 0.0581207275390625 0.111213684082031
0.0497055053710937 -0.104179382324219 0.081024169921875 0.195526123046875
0.071990966796875 -0.0597152709960938 -0.027740478515625 0.310821533203125
0.059722900390625 -0.212875366210938 0.164306640625 -0.0151214599609375
-0.0260467529296875 -0.2515869140625 0.0910263061523438 -0.05316162109375
-0.16070556640625 -0.1707763671875 0.00891876220703124 -0.0447616577148438
-0.221527099609375 -0.009246826171875 -0.0203685760498047 0.00501823425292968
-0.160736083984375 0.106430053710938 0.00189781188964843 0.0170660018920899
-0.0580902099609375 0.201446533203125 0.0332984924316406 0.0457115173339844
0.0328826904296875 0.186614990234375 0.056854248046875 0.0287399291992188
0.0242462158203125 0.165725708007813 0.0738906860351563 0.00669097900390626
0.0153045654296875 0.184921264648438 0.0805130004882813 0.00591278076171876
-0.0421600341796875 0.171188354492187 0.0821456909179688 0.0274658203125
-0.1156005859375 0.103096008300781 0.08062744140625 0.0293350219726563
-0.146011352539062 0.028228759765625 0.0827865600585937 0.0529098510742188
-0.107460021972656 -0.0985031127929688 0.0985336303710938 0.11566162109375
-0.0279693603515625 -0.159866333007813 0.09332275390625 0.19293212890625
0.0145721435546875 -0.143173217773438 -0.00451660156249999 0.290313720703125
0.000595092773437526 -0.244384765625 0.17535400390625 -0.06805419921875
-0.0829620361328125 -0.243484497070312 0.0875930786132813 -0.0754776000976563
-0.183792114257812 -0.1488037109375 0.0277366638183594 -0.0433082580566406
-0.221847534179688 0.00988769531249997 0.0239009857177734 -0.0138015747070313
-0.155303955078125 0.118896484375 0.0347213745117187 -0.0324668884277344
-0.04443359375 0.205947875976563 0.0308189392089844 -0.0238666534423828
0.0473175048828125 0.185089111328125 0.025634765625 -0.0381126403808594
0.0417022705078125 0.169357299804688 0.0314903259277344 -0.0533180236816406
0.039642333984375 0.192169189453125 0.0462188720703125 -0.0555038452148437
-0.0176544189453125 0.192428588867188 0.0728912353515625 -0.036224365234375
-0.1077880859375 0.143096923828125 0.0931472778320313 -0.0274124145507812
-0.166244506835938 0.0718994140625 0.112533569335937 0.0209503173828125
-0.164215087890625 -0.085113525390625 0.126663208007812 0.102279663085937
-0.10003662109375 -0.190048217773438 0.0916290283203125 0.164596557617188
-0.0458984375 -0.200637817382813 0.00440979003906251 0.23480224609375
-0.0699005126953125 -0.242843627929688 0.168838500976563 -0.12200927734375
-0.137115478515625 -0.202316284179688 0.0751571655273437 -0.093353271484375
-0.190170288085938 -0.094818115234375 0.0397987365722656 -0.0384559631347656
-0.191253662109375 0.040313720703125 0.06072998046875 -0.0298080444335938
-0.118148803710938 0.119804382324219 0.0585250854492187 -0.0748977661132812
-0.0189361572265625 0.1846923828125 0.0260391235351563 -0.0876312255859375
0.0547332763671875 0.154617309570312 -0.0099334716796875 -0.09637451171875
0.051910400390625 0.1468505859375 -0.0154342651367187 -0.102912902832031
0.0545654296875 0.168991088867187 0.00421905517578126 -0.108169555664062
0.00424194335937499 0.178848266601563 0.051849365234375 -0.0984420776367188
-0.08367919921875 0.1497802734375 0.0897445678710938 -0.0826416015625
-0.15130615234375 0.095672607421875 0.126220703125 -0.0189056396484375
-0.181915283203125 -0.0590667724609375 0.135391235351563 0.0734634399414063
-0.143112182617188 -0.181396484375 0.069061279296875 0.118850708007812
-0.095611572265625 -0.213653564453125 -0.000122070312500004 0.15838623046875
-0.12652587890625 -0.213287353515625 0.139907836914063 -0.172836303710937
-0.172866821289063 -0.137649536132813 0.0482101440429687 -0.106483459472656
-0.17425537109375 -0.0292816162109375 0.0419082641601562 -0.0337371826171875
-0.136665344238281 0.07171630859375 0.0819244384765625 -0.0468063354492187
-0.0608901977539062 0.108253479003906 0.0636444091796875 -0.107559204101563
0.016845703125 0.135543823242188 0.0107269287109375 -0.135643005371094
0.0566558837890625 0.101959228515625 -0.0474395751953125 -0.136672973632813
0.0542831420898438 0.103134155273438 -0.06072998046875 -0.137557983398438
0.0572509765625 0.11822509765625 -0.0367584228515625 -0.145797729492188
0.0246047973632812 0.127044677734375 0.023681640625 -0.14813232421875
-0.0471343994140625 0.116798400878906 0.0788040161132812 -0.125534057617188
-0.103012084960938 0.0926513671875 0.123001098632813 -0.0488204956054687
-0.15338134765625 -0.0235748291015625 0.123252868652344 0.0449676513671875
-0.15557861328125 -0.133270263671875 0.0337371826171875 0.0708847045898438
-0.12841796875 -0.184402465820313 -0.0146560668945313 0.0765304565429687
-0.15789794921875 -0.159103393554688 0.0997772216796875 -0.217315673828125
-0.181793212890625 -0.06787109375 0.0172119140625 -0.118515014648438
-0.14373779296875 0.030364990234375 0.0279769897460937 -0.0359230041503906
-0.0686721801757813 0.0893707275390625 0.0767135620117188 -0.0613632202148437
-0.00488281250000001 0.0882492065429688 0.0508880615234375 -0.123641967773438
0.0449371337890625 0.0723342895507812 -0.0142364501953125 -0.156448364257813
0.05084228515625 0.0368614196777344 -0.077545166015625 -0.153076171875
0.0482711791992188 0.0419845581054687 -0.09722900390625 -0.149810791015625
0.0475234985351563 0.0508346557617188 -0.0663909912109375 -0.164093017578125
0.0360336303710938 0.0547218322753906 0.004486083984375 -0.176559448242188
0.000881195068359381 0.0645866394042969 0.065673828125 -0.142074584960938
-0.0323028564453125 0.0674934387207031 0.112190246582031 -0.060882568359375
-0.089691162109375 0.0223770141601562 0.097625732421875 0.0234909057617188
-0.134117126464844 -0.0526809692382813 -0.00426864624023438 0.0318069458007812
-0.145309448242187 -0.114425659179688 -0.0358085632324219 0.00971221923828124
-0.1617431640625 -0.0854339599609375 0.0582427978515625 -0.255966186523438
-0.154022216796875 -0.00576782226562501 -0.0147781372070312 -0.1387939453125
-0.0955352783203125 0.0695266723632812 0.00255584716796875 -0.0451507568359375
-0.00649261474609376 0.0900421142578125 0.0530166625976563 -0.0702323913574219
0.0445060729980469 0.0522270202636719 0.0205001831054687 -0.121147155761719
0.0621681213378906 0.00576019287109375 -0.0410308837890625 -0.15142822265625
0.0396537780761719 -0.0294761657714844 -0.102218627929687 -0.145217895507813
0.0348014831542969 -0.0223102569580078 -0.116409301757812 -0.140426635742188
0.0334930419921875 -0.0259513854980469 -0.0838775634765625 -0.16046142578125
0.0461387634277344 -0.0297355651855469 -0.00617980957031251 -0.175079345703125
0.0523681640625 0.000408172607421875 0.0550079345703125 -0.134193420410156
0.0474586486816406 0.0400428771972656 0.0987014770507813 -0.0558547973632813
-0.0165367126464844 0.0690994262695313 0.06756591796875 0.0184097290039063
-0.103279113769531 0.0409164428710938 -0.0355987548828125 0.0105819702148438
-0.148040771484375 -0.0272064208984375 -0.0595207214355469 -0.0337333679199219
0.126724243164063 -0.0826568603515625 0.098663330078125 0.0348434448242187
0.0435028076171875 -0.164901733398438 0.0602149963378906 -0.0239982604980469
-0.0905380249023438 -0.115562438964844 -0.044464111328125 -0.0386199951171875
-0.132408142089844 -0.00400543212890623 -0.0935440063476563 0.0468521118164062
-0.0924530029296875 0.0625 -0.0496902465820313 0.107673645019531
-0.0354385375976563 0.113357543945313 0.02911376953125 0.157440185546875
0.00900268554687499 0.107406616210938 0.096405029296875 0.139808654785156
-0.0054473876953125 0.0941619873046875 0.117256164550781 0.108184814453125
-0.0220184326171875 0.103546142578125 0.0999374389648438 0.106193542480469
-0.0669174194335938 0.0731735229492187 0.055023193359375 0.11773681640625
-0.0876846313476562 0.004119873046875 0.0259933471679688 0.0979766845703125
-0.06195068359375 -0.0534858703613281 0.0086669921875 0.0752334594726563
0.027008056640625 -0.0900344848632813 0.0213775634765625 0.0958404541015625
0.109588623046875 -0.0571365356445312 0.0587158203125 0.181198120117188
0.120231628417969 0.01123046875 -0.053375244140625 0.304443359375
0.100738525390625 -0.16522216796875 0.124679565429688 0.010650634765625
0.00277709960937499 -0.225936889648438 0.0699310302734375 -0.0372238159179688
-0.138565063476563 -0.151565551757813 -0.0204391479492188 -0.0447463989257813
-0.189773559570313 -0.00222778320312502 -0.0616531372070313 0.0245513916015625
-0.133415222167969 0.0969161987304687 -0.0302848815917969 0.0632362365722656
-0.0419921875 0.172088623046875 0.0275955200195313 0.107505798339844
0.0280914306640625 0.158096313476562 0.0767593383789063 0.09100341796875
0.0145797729492187 0.14044189453125 0.0977325439453125 0.06060791015625
0.000854492187499995 0.1566162109375 0.0931625366210938 0.058563232421875
-0.0564804077148438 0.132766723632813 0.0706863403320313 0.074859619140625
-0.109733581542969 0.0590972900390625 0.0568885803222656 0.0645294189453125
-0.110557556152344 -0.01446533203125 0.049835205078125 0.0647392272949219
-0.0413894653320312 -0.104415893554688 0.0654144287109375 0.10870361328125
0.0447998046875 -0.121253967285156 0.0871124267578125 0.194229125976563
0.0771102905273438 -0.0763015747070313 -0.019256591796875 0.310302734375
0.059234619140625 -0.2222900390625 0.147506713867188 -0.033660888671875
-0.0400390625 -0.25494384765625 0.0755996704101563 -0.0602645874023438
-0.171249389648438 -0.165054321289063 0.000476837158203118 -0.0479812622070313
-0.22216796875 0.00193786621093749 -0.0240058898925781 0.0029449462890625
-0.156463623046875 0.1171875 -0.00462436676025391 0.0128555297851563
-0.0445404052734375 0.206085205078125 0.0253982543945312 0.043548583984375
0.0430755615234375 0.186676025390625 0.0471878051757812 0.0285148620605469
0.033050537109375 0.166915893554688 0.0619850158691406 0.00358963012695314
0.0258026123046875 0.188308715820312 0.0691795349121094 0.00100708007812501
-0.036407470703125 0.1768798828125 0.0742645263671875 0.0181350708007813
-0.116172790527344 0.110740661621094 0.0788726806640625 0.0178604125976563
-0.149368286132813 0.0323638916015625 0.0878448486328125 0.0417709350585938
-0.113052368164063 -0.104087829589844 0.106582641601562 0.107948303222656
-0.0312347412109375 -0.172149658203125 0.102493286132813 0.187423706054688
0.020751953125 -0.153152465820313 0.00543212890625002 0.28515625
0.0006103515625 -0.248291015625 0.158843994140625 -0.0874786376953125
-0.088623046875 -0.2451171875 0.0729751586914062 -0.0850982666015625
-0.189254760742188 -0.145706176757812 0.0185089111328125 -0.0484733581542969
-0.222793579101563 0.01702880859375 0.0165977478027344 -0.0173273086547852
-0.150909423828125 0.12469482421875 0.0237998962402344 -0.0388641357421875
-0.0357513427734375 0.2093505859375 0.0208625793457031 -0.0267467498779297
0.051177978515625 0.184814453125 0.0125198364257813 -0.03778076171875
0.045928955078125 0.167770385742188 0.0171356201171875 -0.0536270141601562
0.0466156005859375 0.190841674804688 0.0323905944824219 -0.05804443359375
-0.01300048828125 0.1939697265625 0.0608367919921875 -0.0459938049316406
-0.107864379882813 0.145309448242188 0.0871810913085938 -0.0396804809570312
-0.166229248046875 0.074188232421875 0.113563537597656 0.0057220458984375
-0.167266845703125 -0.0889434814453125 0.134147644042969 0.0893096923828125
-0.101150512695313 -0.194931030273438 0.099609375 0.15631103515625
-0.0387115478515625 -0.20245361328125 0.01666259765625 0.229049682617188
-0.0640411376953125 -0.238433837890625 0.154403686523438 -0.14349365234375
-0.134979248046875 -0.198104858398438 0.0624465942382812 -0.105392456054688
-0.188613891601563 -0.09429931640625 0.031036376953125 -0.0458335876464844
-0.18902587890625 0.0406951904296875 0.0528831481933594 -0.037689208984375
-0.117073059082031 0.121078491210937 0.04669189453125 -0.083984375
-0.015380859375 0.1810302734375 0.0120773315429688 -0.0906753540039062
0.0543975830078125 0.154052734375 -0.0241622924804687 -0.0954437255859375
0.050933837890625 0.1446533203125 -0.0301437377929687 -0.100250244140625
0.0561065673828125 0.164764404296875 -0.010650634765625 -0.109375
0.00759887695312502 0.174789428710938 0.0374832153320313 -0.107902526855469
-0.08245849609375 0.147506713867188 0.08013916015625 -0.0946884155273438
-0.148101806640625 0.09326171875 0.123008728027344 -0.033050537109375
-0.17938232421875 -0.0610809326171875 0.140060424804688 0.0588836669921875
-0.142669677734375 -0.179946899414063 0.0754623413085937 0.108039855957031
-0.088104248046875 -0.208755493164062 0.01385498046875 0.1502685546875
-0.119400024414063 -0.19970703125 0.13275146484375 -0.19232177734375
-0.16485595703125 -0.130523681640625 0.0418014526367187 -0.118904113769531
-0.168045043945312 -0.02801513671875 0.0341873168945312 -0.0429916381835938
-0.128974914550781 0.067230224609375 0.07330322265625 -0.0549545288085938
-0.0615921020507813 0.1038818359375 0.0523300170898437 -0.114730834960938
0.0127792358398437 0.128883361816406 -0.00240325927734374 -0.135917663574219
0.0509185791015625 0.100563049316406 -0.058502197265625 -0.133895874023438
0.0497589111328125 0.0984954833984375 -0.0734939575195312 -0.1317138671875
0.0538253784179688 0.114768981933594 -0.05084228515625 -0.1448974609375
0.0195541381835938 0.1220703125 0.0103759765625 -0.1534423828125
-0.04547119140625 0.111846923828125 0.0682296752929687 -0.134819030761719
-0.0988082885742188 0.0853195190429688 0.119499206542969 -0.0610427856445312
-0.144805908203125 -0.02423095703125 0.1259765625 0.0305938720703125
-0.1470947265625 -0.126327514648438 0.04046630859375 0.0603065490722656
-0.120086669921875 -0.17144775390625 -0.000511169433593752 0.0715179443359375
-0.155441284179688 -0.13983154296875 0.096832275390625 -0.233642578125
-0.168899536132813 -0.05517578125 0.0137252807617187 -0.13134765625
-0.130516052246094 0.0339279174804688 0.0235443115234375 -0.0443572998046875
-0.0590972900390625 0.0840530395507813 0.071380615234375 -0.0680999755859375
-0.00151062011718749 0.0759506225585937 0.0417098999023438 -0.126800537109375
0.0389938354492188 0.0632972717285156 -0.023590087890625 -0.155517578125
0.0419692993164063 0.0342864990234375 -0.0863037109375 -0.148971557617187
0.0396995544433594 0.0389747619628906 -0.104522705078125 -0.143356323242188
0.0395431518554688 0.0466270446777344 -0.0786285400390625 -0.161331176757813
0.0265579223632813 0.0453567504882812 -0.00759887695312498 -0.177688598632813
-0.0010223388671875 0.0522308349609375 0.056549072265625 -0.14764404296875
-0.027435302734375 0.0568504333496094 0.109039306640625 -0.0704498291015625
-0.076690673828125 0.0164337158203125 0.0988235473632813 0.0142288208007813
-0.121414184570312 -0.0440750122070312 0.00285911560058593 0.0261402130126953
-0.133918762207031 -0.0986480712890625 -0.0203933715820313 0.00811767578124999
-0.162429809570312 -0.063934326171875 0.0554351806640625 -0.266189575195313
-0.142868041992187 0.0113525390625 -0.0171051025390625 -0.1470947265625
-0.0820999145507813 0.0761795043945313 -0.00121688842773438 -0.0507659912109375
0.00637054443359374 0.083587646484375 0.0460052490234375 -0.0753402709960937
0.0477561950683594 0.0403785705566406 0.0146331787109375 -0.121200561523438
0.0555381774902344 -0.0052032470703125 -0.0483551025390625 -0.148880004882813
0.0258998870849609 -0.0346851348876953 -0.105010986328125 -0.139503479003906
0.0228595733642578 -0.025604248046875 -0.119659423828125 -0.134910583496094
0.02008056640625 -0.0281600952148438 -0.0881195068359375 -0.156021118164063
0.0318489074707031 -0.0383682250976563 -0.014251708984375 -0.176467895507813
0.0471992492675781 -0.0132102966308594 0.0506210327148438 -0.136886596679688
0.0491981506347656 0.0259437561035156 0.0949249267578125 -0.061431884765625
-0.00291061401367187 0.0636177062988281 0.0683212280273437 0.0118255615234375
-0.0858001708984375 0.0499267578125 -0.0266761779785156 0.00837135314941406
-0.137496948242188 -0.00730133056640622 -0.0428352355957031 -0.0300102233886719
0.117813110351563 -0.09423828125 0.0809173583984375 0.0330581665039062
0.026397705078125 -0.165054321289063 0.0487480163574219 -0.0215873718261719
-0.0986099243164063 -0.105224609375 -0.0473136901855469 -0.0348663330078125
-0.129730224609375 0.00822448730468748 -0.0916290283203125 0.0490341186523438
-0.0852584838867188 0.0701141357421875 -0.049835205078125 0.107688903808594
-0.0222015380859375 0.11456298828125 0.030029296875 0.155197143554688
0.01971435546875 0.10546875 0.0944595336914062 0.138893127441406
0.00431060791015626 0.0931777954101563 0.113151550292969 0.10614013671875
-0.0100784301757812 0.104896545410156 0.095855712890625 0.105247497558594
-0.0579605102539063 0.0806732177734375 0.0513076782226562 0.115257263183594
-0.0881423950195313 0.01544189453125 0.0257492065429687 0.0929794311523438
-0.0691490173339844 -0.0473442077636719 0.0123672485351562 0.0709991455078125
0.015045166015625 -0.09515380859375 0.0261077880859375 0.0971755981445313
0.100242614746094 -0.0719680786132813 0.06011962890625 0.18475341796875
0.118621826171875 -0.00579833984375 -0.054656982421875 0.30596923828125
0.0959014892578125 -0.1754150390625 0.105010986328125 0.00614929199218749
-0.0107269287109375 -0.226699829101563 0.0568046569824219 -0.0358657836914063
-0.145721435546875 -0.1439208984375 -0.0255165100097656 -0.042694091796875
-0.187698364257813 0.00848388671875003 -0.0635299682617188 0.0248985290527344
-0.126945495605469 0.103660583496094 -0.0341567993164063 0.0618247985839844
-0.030517578125 0.173126220703125 0.0242767333984375 0.106552124023438
0.0371856689453125 0.156463623046875 0.0706558227539063 0.0929794311523438
0.0229644775390625 0.140213012695313 0.0894546508789063 0.060943603515625
0.0109710693359375 0.15765380859375 0.08447265625 0.058074951171875
-0.0499114990234375 0.138786315917969 0.0628509521484375 0.0707244873046875
-0.110923767089844 0.0673828125 0.0536651611328125 0.057220458984375
-0.117279052734375 -0.0107345581054687 0.0513572692871094 0.05810546875
-0.0507888793945313 -0.110137939453125 0.0710830688476562 0.106063842773438
0.0389862060546875 -0.135223388671875 0.088836669921875 0.193191528320313
0.0797576904296875 -0.090484619140625 -0.018524169921875 0.307861328125
0.0589447021484375 -0.231048583984375 0.127090454101563 -0.041473388671875
-0.0481109619140625 -0.257186889648438 0.060760498046875 -0.0614013671875
-0.176300048828125 -0.16143798828125 -0.00629043579101564 -0.0476646423339844
-0.222122192382813 0.00904846191406253 -0.0282268524169922 0.00186538696289063
-0.152679443359375 0.122024536132813 -0.0114994049072266 0.010584831237793
-0.0358734130859375 0.206466674804688 0.0179061889648438 0.0431861877441406
0.0477294921875 0.18548583984375 0.0380859375 0.0321846008300781
0.0376129150390625 0.166534423828125 0.0512962341308594 0.00711059570312501
0.0322265625 0.187881469726563 0.0581169128417969 0.00146484375000001
-0.0325469970703125 0.180007934570313 0.062957763671875 0.0134696960449219
-0.118324279785156 0.115142822265625 0.0731201171875 0.00894165039062501
-0.153717041015625 0.032958984375 0.0872039794921875 0.0319976806640625
-0.118331909179687 -0.110671997070313 0.110939025878906 0.100959777832031
-0.0337677001953125 -0.183746337890625 0.104888916015625 0.181686401367188
0.0261077880859375 -0.163681030273437 0.0092620849609375 0.278427124023438
0.00631713867187501 -0.252243041992188 0.140975952148438 -0.0981292724609375
-0.0898590087890625 -0.247482299804687 0.0596084594726562 -0.08941650390625
-0.190673828125 -0.146575927734375 0.0104484558105469 -0.0502891540527344
-0.22314453125 0.01800537109375 0.0106716156005859 -0.0208930969238281
-0.151214599609375 0.126708984375 0.0145683288574219 -0.0410003662109375
-0.0322418212890625 0.2088623046875 0.0113620758056641 -0.0263404846191406
0.0519866943359375 0.184249877929688 0.00157737731933594 -0.0328845977783203
0.0473175048828125 0.168258666992188 0.00558853149414063 -0.0486183166503906
0.048065185546875 0.190963745117188 0.0202751159667969 -0.0561714172363281
-0.01220703125 0.194305419921875 0.0484352111816406 -0.0497932434082031
-0.10980224609375 0.1461181640625 0.0783615112304688 -0.048431396484375
-0.168472290039063 0.0716094970703125 0.111053466796875 -0.00479888916015625
-0.167724609375 -0.095367431640625 0.136184692382813 0.0797653198242188
-0.100006103515625 -0.202590942382813 0.101547241210937 0.146728515625
-0.0308990478515625 -0.207626342773437 0.0221710205078125 0.21893310546875
-0.054473876953125 -0.237808227539063 0.14111328125 -0.155776977539063
-0.127944946289063 -0.1998291015625 0.051116943359375 -0.112815856933594
-0.185317993164063 -0.09906005859375 0.0228843688964844 -0.0504150390625
-0.1885986328125 0.0372161865234375 0.0456314086914062 -0.04193115234375
-0.119041442871094 0.118492126464844 0.0360107421875 -0.0865631103515625
-0.0168304443359375 0.18017578125 0.00205993652343749 -0.0900650024414062
0.050628662109375 0.154769897460938 -0.03436279296875 -0.0902633666992187
0.048919677734375 0.143829345703125 -0.0406494140625 -0.0953598022460938
0.0535888671875 0.165481567382813 -0.0218124389648438 -0.106147766113281
0.0036468505859375 0.172760009765625 0.0243453979492188 -0.10943603515625
-0.08575439453125 0.143569946289063 0.0710372924804687 -0.101097106933594
-0.149154663085937 0.087982177734375 0.118186950683594 -0.043426513671875
-0.176223754882813 -0.0668792724609375 0.139320373535156 0.04803466796875
-0.137237548828125 -0.183120727539062 0.0777130126953125 0.0982513427734375
-0.076934814453125 -0.209274291992188 0.021453857421875 0.140701293945313
-0.1080322265625 -0.193252563476562 0.124176025390625 -0.205734252929688
-0.152740478515625 -0.12841796875 0.0343856811523437 -0.128791809082031
-0.159378051757813 -0.0330963134765625 0.0268058776855469 -0.0481491088867188
-0.125564575195313 0.0589981079101563 0.0659599304199219 -0.0599594116210937
-0.0645751953125 0.0973739624023438 0.0438690185546875 -0.117202758789062
0.00630950927734374 0.125511169433594 -0.0118255615234375 -0.134574890136719
0.0441131591796875 0.101287841796875 -0.0656509399414062 -0.129638671875
0.0433731079101563 0.0987396240234375 -0.0806045532226562 -0.126396179199219
0.0467605590820312 0.113975524902344 -0.059539794921875 -0.141799926757812
0.0125274658203125 0.119003295898438 0.000152587890625001 -0.154510498046875
-0.050537109375 0.105216979980469 0.0592193603515625 -0.137870788574219
-0.0986785888671875 0.0756988525390625 0.114349365234375 -0.0689468383789063
-0.137718200683594 -0.031646728515625 0.122665405273438 0.0214996337890625
-0.135955810546875 -0.126121520996094 0.0417633056640625 0.0508956909179687
-0.106048583984375 -0.166854858398438 0.0102081298828125 0.0631637573242187
-0.144088745117188 -0.128021240234375 0.094573974609375 -0.244903564453125
-0.15509033203125 -0.0503387451171875 0.0111083984375 -0.14068603515625
-0.118331909179688 0.0311050415039063 0.0176162719726562 -0.0488014221191406
-0.0530242919921875 0.0736770629882812 0.0645065307617188 -0.0712127685546875
-0.00424957275390625 0.0668716430664063 0.0352859497070313 -0.1273193359375
0.0298881530761719 0.0580368041992187 -0.03033447265625 -0.15374755859375
0.0321273803710938 0.0350456237792969 -0.0900421142578125 -0.144927978515625
0.0311317443847656 0.0395622253417969 -0.107826232910156 -0.138679504394531
0.0294990539550781 0.0469551086425781 -0.08355712890625 -0.158676147460937
0.0153846740722656 0.0423545837402344 -0.0146636962890625 -0.17779541015625
-0.0084228515625 0.0435676574707031 0.0503387451171875 -0.149490356445313
-0.0283164978027344 0.0459098815917969 0.1046142578125 -0.0763702392578125
-0.0681495666503906 0.00915145874023438 0.0964279174804688 0.0067596435546875
-0.107101440429688 -0.0423507690429687 0.00725173950195312 0.0175857543945313
-0.119033813476563 -0.0903854370117187 -0.00655221939086915 0.00194597244262695
-0.154464721679687 -0.0499420166015625 0.05670166015625 -0.273406982421875
-0.130279541015625 0.0202407836914063 -0.0171966552734375 -0.155502319335938
-0.0688552856445312 0.0766448974609375 -0.00632476806640626 -0.0539360046386719
0.0141220092773438 0.074737548828125 0.041351318359375 -0.0760726928710938
0.0477981567382812 0.0297279357910156 0.011688232421875 -0.118698120117188
0.0461845397949219 -0.0122947692871094 -0.0500335693359375 -0.145736694335938
0.0149097442626953 -0.0338172912597656 -0.103660583496094 -0.136604309082031
0.0144329071044922 -0.0248374938964844 -0.118545532226562 -0.130973815917969
0.00855827331542969 -0.0282440185546875 -0.0903167724609375 -0.154510498046875
0.0185089111328125 -0.0398330688476563 -0.01739501953125 -0.176010131835938
0.0378494262695313 -0.0229263305664062 0.0468368530273437 -0.137641906738281
0.0478172302246094 0.0136489868164063 0.0930252075195313 -0.0647964477539063
0.00703811645507813 0.0555763244628906 0.0684051513671875 0.00710296630859375
-0.06939697265625 0.0522956848144531 -0.0197010040283203 0.00324249267578125
-0.121047973632813 0.00213623046875002 -0.0265464782714844 -0.0333786010742188
0.111061096191406 -0.102157592773438 0.0654411315917969 0.0377540588378906
0.0153656005859375 -0.164657592773438 0.0407638549804687 -0.0158615112304688
-0.1029052734375 -0.0983352661132813 -0.0487403869628906 -0.0325469970703125
-0.127212524414063 0.0164794921875 -0.0923080444335938 0.0498428344726563
-0.0798110961914062 0.07476806640625 -0.0525588989257813 0.107505798339844
-0.0125274658203125 0.114089965820313 0.0276336669921875 0.156585693359375
0.02716064453125 0.104270935058594 0.09185791015625 0.143569946289063
0.0117874145507813 0.0931854248046875 0.109291076660156 0.110137939453125
-0.000953674316406256 0.105186462402344 0.0915756225585938 0.108909606933594
-0.0519027709960938 0.08642578125 0.04583740234375 0.116981506347656
-0.0886993408203125 0.0236663818359375 0.0229949951171875 0.091278076171875
-0.074737548828125 -0.0427703857421875 0.0125846862792969 0.0689659118652344
0.00589752197265625 -0.0988845825195313 0.029449462890625 0.099700927734375
0.0928192138671875 -0.081695556640625 0.058502197265625 0.190963745117188
0.117050170898438 -0.01727294921875 -0.0628662109375 0.311920166015625
0.0942230224609375 -0.184829711914063 0.0884780883789062 0.00790405273437499
-0.01788330078125 -0.229843139648437 0.047393798828125 -0.031646728515625
-0.1502685546875 -0.141677856445312 -0.0288887023925781 -0.0408935546875
-0.187515258789063 0.0141143798828125 -0.0660934448242188 0.0251045227050781
-0.125099182128906 0.107902526855469 -0.0400161743164063 0.0620269775390625
-0.023834228515625 0.174118041992187 0.0197830200195313 0.108680725097656
0.0423126220703125 0.157485961914063 0.0658340454101563 0.0986404418945313
0.0270843505859375 0.141342163085938 0.0832595825195312 0.0666122436523438
0.017120361328125 0.159866333007813 0.0777664184570313 0.0622406005859375
-0.0470428466796875 0.144424438476563 0.054901123046875 0.07147216796875
-0.114295959472656 0.0739822387695312 0.049163818359375 0.0537910461425781
-0.124443054199219 -0.00946807861328122 0.0509719848632812 0.0535087585449219
-0.0582351684570312 -0.117874145507813 0.0734481811523438 0.10589599609375
0.0352325439453125 -0.148345947265625 0.0877532958984375 0.196441650390625
0.0832366943359375 -0.103622436523438 -0.02557373046875 0.310546875
0.0626678466796875 -0.241897583007813 0.110450744628906 -0.0418701171875
-0.0522308349609375 -0.263397216796875 0.0500755310058594 -0.05914306640625
-0.179916381835937 -0.164764404296875 -0.0117645263671875 -0.0477409362792969
-0.223617553710938 0.01055908203125 -0.0326480865478516 0.0010833740234375
-0.154373168945313 0.124618530273437 -0.0188560485839844 0.0104999542236328
-0.0332183837890625 0.207931518554688 0.0116119384765625 0.0452995300292969
0.0498504638671875 0.188369750976563 0.0314788818359375 0.0386581420898438
0.0395660400390625 0.169448852539063 0.0435256958007813 0.0130729675292969
0.03521728515625 0.191680908203125 0.05023193359375 0.00499343872070314
-0.0328826904296875 0.185226440429688 0.0532264709472656 0.013580322265625
-0.123802185058594 0.120223999023437 0.0672111511230469 0.00423431396484376
-0.161575317382813 0.0316314697265625 0.0858840942382813 0.026336669921875
-0.124176025390625 -0.120780944824219 0.112686157226562 0.0987930297851562
-0.0347442626953125 -0.197647094726563 0.104446411132812 0.181961059570313
0.0338897705078125 -0.176925659179688 0.00360107421874999 0.27716064453125
0.015289306640625 -0.262039184570313 0.127532958984375 -0.102485656738281
-0.0872955322265625 -0.256546020507812 0.04931640625 -0.0902252197265625
-0.192535400390625 -0.154312133789062 0.00367355346679686 -0.051055908203125
-0.227249145507813 0.014984130859375 0.00462341308593749 -0.022369384765625
-0.156021118164063 0.128067016601562 0.00689315795898437 -0.0419731140136719
-0.0338897705078125 0.211929321289062 0.00406265258789062 -0.0246696472167969
0.0511932373046875 0.189682006835937 -0.005889892578125 -0.0266704559326172
0.0459747314453125 0.17254638671875 -0.00244903564453125 -0.0423507690429687
0.0473480224609375 0.195632934570313 0.0114974975585938 -0.0532264709472656
-0.0157470703125 0.198593139648438 0.0387611389160156 -0.0505218505859375
-0.116912841796875 0.147903442382812 0.072296142578125 -0.0530548095703125
-0.1759033203125 0.0675201416015625 0.108467102050781 -0.011474609375
-0.17108154296875 -0.106658935546875 0.136245727539063 0.0745773315429688
-0.0977783203125 -0.215850830078125 0.101272583007812 0.143997192382813
-0.019500732421875 -0.21875 0.0203399658203125 0.214004516601562
-0.04095458984375 -0.245742797851563 0.132339477539063 -0.163421630859375
-0.1212158203125 -0.210113525390625 0.0426559448242187 -0.117843627929688
-0.184555053710938 -0.110122680664062 0.0160102844238281 -0.0520362854003906
-0.193038940429688 0.0298919677734375 0.0393180847167969 -0.0440826416015625
-0.126655578613281 0.116424560546875 0.0289459228515625 -0.0878677368164062
-0.0228424072265625 0.181930541992188 -0.00502014160156251 -0.0890655517578125
0.046356201171875 0.160614013671875 -0.0405654907226563 -0.0857696533203125
0.04449462890625 0.148941040039063 -0.0476303100585938 -0.0904464721679687
0.048675537109375 0.170135498046875 -0.0295944213867188 -0.104164123535156
-0.00285339355468748 0.17596435546875 0.01580810546875 -0.110504150390625
-0.093902587890625 0.142410278320313 0.06585693359375 -0.105979919433594
-0.155792236328125 0.081207275390625 0.115394592285156 -0.04925537109375
-0.176239013671875 -0.078338623046875 0.137901306152344 0.0432662963867187
-0.130874633789062 -0.1937255859375 0.0770797729492187 0.0925750732421875
-0.063140869140625 -0.217666625976562 0.0238418579101562 0.133132934570312
-0.0944366455078126 -0.196502685546875 0.121047973632813 -0.215301513671875
-0.141311645507812 -0.135269165039063 0.0294647216796875 -0.13726806640625
-0.154556274414063 -0.0438232421875 0.0205650329589844 -0.0518112182617187
-0.128692626953125 0.0489425659179687 0.06072998046875 -0.0627326965332031
-0.0723876953125 0.0925064086914062 0.0385513305664062 -0.118255615234375
-0.00260162353515626 0.126441955566406 -0.0168228149414062 -0.134552001953125
0.0363922119140625 0.10711669921875 -0.069976806640625 -0.127235412597656
0.0373077392578125 0.103363037109375 -0.0848922729492187 -0.124336242675781
0.0389328002929687 0.118698120117188 -0.0646514892578125 -0.141036987304687
0.00298309326171875 0.121040344238281 -0.005584716796875 -0.155776977539063
-0.0596847534179688 0.102005004882813 0.055511474609375 -0.141281127929688
-0.104240417480469 0.0670700073242187 0.111305236816406 -0.0736541748046875
-0.134315490722656 -0.0424652099609375 0.120887756347656 0.0161209106445312
-0.126655578613281 -0.134048461914062 0.0420417785644531 0.0441055297851562
-0.09100341796875 -0.171066284179688 0.0163917541503906 0.05401611328125
-0.132247924804688 -0.1259765625 0.097564697265625 -0.256149291992188
-0.142837524414063 -0.05255126953125 0.00904846191406248 -0.151382446289063
-0.111259460449219 0.0238189697265625 0.0121688842773437 -0.0526199340820313
-0.0527191162109375 0.0634651184082031 0.0605316162109375 -0.0735626220703125
-0.0106086730957031 0.0603408813476563 0.0330429077148438 -0.128067016601563
0.02044677734375 0.0565376281738281 -0.0324554443359375 -0.153900146484375
0.0233078002929687 0.0391006469726563 -0.0915069580078125 -0.145599365234375
0.0240898132324219 0.0426177978515625 -0.109565734863281 -0.138687133789063
0.0212173461914063 0.0507354736328125 -0.085906982421875 -0.160308837890625
0.0046234130859375 0.043609619140625 -0.0177764892578125 -0.179718017578125
-0.0188102722167969 0.038177490234375 0.0491790771484375 -0.152389526367188
-0.0335006713867188 0.0356025695800781 0.103126525878906 -0.0792312622070313
-0.0625381469726563 -0.00121307373046875 0.0951080322265625 0.0035552978515625
-0.0954742431640625 -0.0471267700195313 0.00862407684326171 0.0104837417602539
-0.103973388671875 -0.091033935546875 0.00374412536621093 -0.0061631202697754
-0.147186279296875 -0.0425567626953125 0.063201904296875 -0.28350830078125
-0.120124816894531 0.0229415893554688 -0.0168914794921875 -0.165618896484375
-0.0599594116210938 0.0747299194335938 -0.0104598999023438 -0.0566062927246094
0.0176925659179688 0.0659523010253906 0.0391693115234375 -0.0766220092773438
0.0449600219726563 0.0223312377929687 0.0123672485351563 -0.11822509765625
0.0375862121582031 -0.0159759521484375 -0.049041748046875 -0.14593505859375
0.00667572021484375 -0.0320701599121094 -0.101272583007812 -0.139259338378906
0.00753593444824219 -0.0234661102294922 -0.117500305175781 -0.133552551269531
-0.000202178955078126 -0.0248565673828125 -0.089752197265625 -0.157974243164062
0.00837326049804688 -0.0396614074707031 -0.0174560546875 -0.179229736328125
0.0293426513671875 -0.0286674499511719 0.0478897094726563 -0.139938354492188
0.0446205139160156 0.00439453125 0.0933914184570313 -0.0666885375976563
0.0129661560058594 0.0467185974121094 0.0677299499511719 0.00406646728515625
-0.0568046569824219 0.0502090454101563 -0.0158252716064453 -0.00338172912597656
-0.108558654785156 0.00555419921875001 -0.0116996765136719 -0.040191650390625
0.10772705078125 -0.110572814941406 0.0523033142089844 0.0464973449707031
0.006927490234375 -0.16748046875 0.0353240966796875 -0.00953292846679689
-0.108871459960938 -0.0946044921875 -0.0507545471191406 -0.0314064025878906
-0.127151489257813 0.0237350463867187 -0.095977783203125 0.05096435546875
-0.0766143798828125 0.080108642578125 -0.0578384399414062 0.1124267578125
-0.00487518310546875 0.116249084472656 0.0257110595703125 0.164764404296875
0.034881591796875 0.105209350585938 0.09271240234375 0.152511596679687
0.0177383422851563 0.0950469970703125 0.109603881835938 0.118644714355469
0.00698089599609376 0.107902526855469 0.0908203125 0.117568969726563
-0.0468597412109375 0.0930099487304687 0.0417938232421875 0.124664306640625
-0.09039306640625 0.0317916870117187 0.0197525024414062 0.0933303833007813
-0.0811233520507813 -0.0397186279296875 0.0123176574707031 0.0689430236816406
-0.00262451171875001 -0.10400390625 0.0330810546875 0.105369567871094
0.0877914428710938 -0.0917510986328125 0.0592803955078125 0.2032470703125
0.11834716796875 -0.027191162109375 -0.073211669921875 0.328338623046875
0.095306396484375 -0.198959350585938 0.0746917724609375 0.01385498046875
-0.0253753662109375 -0.238189697265625 0.0407180786132813 -0.0264816284179688
-0.157684326171875 -0.143768310546875 -0.0320968627929688 -0.040618896484375
-0.191513061523438 0.0179901123046875 -0.070892333984375 0.0254135131835938
-0.126884460449219 0.113960266113281 -0.0466804504394531 0.0651473999023438
-0.0190582275390625 0.179214477539063 0.0158767700195312 0.115089416503906
0.048004150390625 0.16290283203125 0.0642318725585938 0.1082763671875
0.03253173828125 0.1470947265625 0.0811080932617187 0.0757827758789063
0.023681640625 0.16693115234375 0.0747222900390625 0.0693435668945313
-0.045196533203125 0.154052734375 0.0488967895507812 0.0771560668945313
-0.120315551757813 0.0825881958007813 0.0456275939941406 0.0536270141601563
-0.134498596191406 -0.00765991210937497 0.0512046813964844 0.0512008666992188
-0.0674514770507812 -0.128128051757813 0.0783767700195313 0.109809875488281
0.03106689453125 -0.163833618164062 0.0897064208984375 0.205963134765625
0.08770751953125 -0.119110107421875 -0.03460693359375 0.322998046875
0.06884765625 -0.259307861328125 0.098724365234375 -0.0407333374023438
-0.0558624267578125 -0.277420043945313 0.0427818298339844 -0.0562362670898438
-0.188690185546875 -0.17327880859375 -0.0160026550292969 -0.0466194152832031
-0.2320556640625 0.011138916015625 -0.0378036499023438 0.00079727172851563
-0.16046142578125 0.131362915039063 -0.0264739990234375 0.0118808746337891
-0.031707763671875 0.215591430664063 0.00589752197265625 0.0496482849121094
0.0532989501953125 0.197540283203125 0.0273208618164063 0.0471992492675781
0.0428924560546875 0.178466796875 0.0393447875976562 0.0210151672363281
0.03900146484375 0.20166015625 0.0450935363769531 0.0104293823242188
-0.0336151123046875 0.19610595703125 0.0464248657226563 0.0165634155273438
-0.133316040039062 0.128913879394531 0.0635223388671875 0.00137710571289063
-0.174514770507813 0.0319671630859375 0.0859527587890625 0.0222702026367188
-0.13427734375 -0.133865356445313 0.11773681640625 0.0995941162109375
-0.0378570556640625 -0.216827392578125 0.10687255859375 0.18768310546875
0.04107666015625 -0.195297241210938 -0.001983642578125 0.285491943359375
0.0243988037109375 -0.280914306640625 0.1190185546875 -0.106773376464844
-0.088104248046875 -0.27362060546875 0.0414505004882813 -0.0915908813476563
-0.20037841796875 -0.167587280273438 -0.00185775756835939 -0.051666259765625
-0.238388061523438 0.0121307373046875 -0.000173568725585953 -0.0232601165771484
-0.16644287109375 0.132965087890625 -7.629394531256E-06 -0.0428009033203125
-0.0369415283203125 0.220306396484375 -0.00205039978027344 -0.0227260589599609
0.0515594482421875 0.200942993164063 -0.0111770629882813 -0.0209407806396484
0.0462188720703125 0.182891845703125 -0.00801086425781249 -0.0361709594726562
0.0477752685546875 0.206588745117187 0.00524139404296876 -0.0510368347167969
-0.0201416015625 0.209701538085938 0.0319175720214844 -0.0504493713378906
-0.12823486328125 0.1553955078125 0.0689353942871094 -0.0581092834472656
-0.189346313476562 0.0665130615234375 0.108970642089844 -0.0167160034179687
-0.180587768554687 -0.120697021484375 0.1407470703125 0.073455810546875
-0.09869384765625 -0.236160278320313 0.102325439453125 0.145538330078125
-0.0101776123046875 -0.23846435546875 0.0180206298828125 0.2166748046875
-0.029815673828125 -0.261367797851563 0.128768920898438 -0.172744750976563
-0.118392944335937 -0.227081298828125 0.0359420776367187 -0.123771667480469
-0.190261840820313 -0.125213623046875 0.00993347167968748 -0.0540237426757813
-0.204788208007813 0.0236968994140625 0.0355186462402344 -0.0458946228027344
-0.138710021972656 0.1192626953125 0.023834228515625 -0.0905838012695312
-0.0301513671875 0.19061279296875 -0.0105438232421875 -0.0896530151367187
0.0439300537109375 0.172637939453125 -0.0462188720703125 -0.0836868286132812
0.0429534912109375 0.159866333007813 -0.0536422729492188 -0.0882797241210938
0.04620361328125 0.182174682617188 -0.0366287231445313 -0.105010986328125
-0.0095367431640625 0.185989379882813 0.009368896484375 -0.113105773925781
-0.106002807617188 0.147232055664063 0.0630340576171875 -0.111854553222656
-0.16851806640625 0.0786285400390625 0.115577697753906 -0.0551910400390625
-0.183456420898438 -0.093475341796875 0.140098571777344 0.04046630859375
-0.13043212890625 -0.212509155273437 0.0774993896484375 0.0902023315429687
-0.0523529052734375 -0.23468017578125 0.0248565673828125 0.130378723144531
-0.0835113525390625 -0.207672119140625 0.12322998046875 -0.230422973632813
-0.136459350585938 -0.148696899414063 0.0249786376953125 -0.14752197265625
-0.157470703125 -0.05718994140625 0.0155487060546875 -0.0549049377441406
-0.137893676757813 0.0409088134765625 0.0588798522949219 -0.0653419494628906
-0.0835647583007812 0.0929183959960937 0.0360183715820313 -0.122642517089844
-0.0111007690429688 0.132575988769531 -0.0206375122070312 -0.138404846191406
0.0320358276367188 0.117301940917969 -0.0755233764648438 -0.129562377929687
0.0332717895507812 0.1123046875 -0.0906753540039063 -0.125709533691406
0.0339202880859375 0.129348754882812 -0.070831298828125 -0.145034790039062
-0.00551605224609376 0.128730773925781 -0.0111083984375 -0.160934448242188
-0.0721054077148438 0.10321044921875 0.0533447265625 -0.148284912109375
-0.114448547363281 0.0615997314453125 0.112579345703125 -0.0796737670898438
-0.137481689453125 -0.0560684204101563 0.121734619140625 0.0127029418945312
-0.122238159179687 -0.148117065429688 0.0417022705078125 0.03955078125
-0.0792999267578125 -0.183792114257813 0.0215721130371094 0.0475730895996094
-0.12384033203125 -0.13067626953125 0.1026611328125 -0.27423095703125
-0.136459350585937 -0.0597457885742188 0.0073699951171875 -0.164779663085938
-0.108840942382813 0.015167236328125 0.00796890258789061 -0.0563011169433594
-0.0565452575683594 0.0553817749023437 0.0592880249023438 -0.0769577026367188
-0.0184783935546875 0.0573768615722656 0.0325775146484375 -0.13238525390625
0.011199951171875 0.0593490600585938 -0.03466796875 -0.158828735351562
0.0167999267578125 0.0462150573730469 -0.0947723388671875 -0.15118408203125
0.01861572265625 0.0491180419921875 -0.113296508789063 -0.14361572265625
0.0142440795898437 0.0585098266601563 -0.09075927734375 -0.166458129882813
-0.00571823120117188 0.0481300354003906 -0.0205841064453125 -0.187408447265625
-0.0295028686523437 0.0365715026855469 0.0495147705078125 -0.1593017578125
-0.0401268005371094 0.0281562805175781 0.10479736328125 -0.0836334228515625
-0.0615806579589844 -0.0124893188476563 0.0955963134765625 0.000808715820312499
-0.0880508422851562 -0.055816650390625 0.00882816314697265 0.00406074523925781
-0.0927581787109375 -0.0976104736328125 0.0139532089233398 -0.0162353515625
-0.143539428710937 -0.0385589599609375 0.071929931640625 -0.302642822265625
-0.113418579101563 0.0239791870117187 -0.01751708984375 -0.179885864257813
-0.0543670654296875 0.073699951171875 -0.013885498046875 -0.0603370666503906
0.02001953125 0.0598526000976563 0.03875732421875 -0.0794830322265625
0.0418167114257813 0.0171890258789063 0.0140380859375 -0.120536804199219
0.0305023193359375 -0.0178279876708984 -0.0486602783203125 -0.15191650390625
-0.000106811523437497 -0.0295791625976562 -0.102874755859375 -0.147750854492188
0.000989913940429689 -0.0210971832275391 -0.119003295898438 -0.140594482421875
-0.00667190551757813 -0.0211677551269531 -0.092010498046875 -0.166793823242188
-0.00206375122070313 -0.0388755798339844 -0.01739501953125 -0.188186645507813
0.0208511352539063 -0.0331134796142578 0.05078125 -0.146896362304688
0.0410614013671875 -0.00299453735351563 0.0973129272460938 -0.0701675415039063
0.0176544189453125 0.0396575927734375 0.068603515625 0.00255203247070313
-0.0476303100585938 0.0477561950683594 -0.0132503509521484 -0.0102577209472656
-0.0989227294921875 0.00604248046874999 0.00160980224609374 -0.0506553649902344
0.103729248046875 -0.122207641601563 0.042724609375 0.0574569702148437
-0.00521850585937502 -0.173248291015625 0.0322437286376953 -0.00305938720703126
-0.118408203125 -0.0911865234375 -0.0547103881835937 -0.0294952392578125
-0.128799438476563 0.0325546264648437 -0.100547790527344 0.0552291870117188
-0.0740966796875 0.0890045166015625 -0.0615768432617187 0.121856689453125
0.00460052490234376 0.119277954101562 0.0288543701171875 0.175979614257813
0.0447158813476563 0.10772705078125 0.100067138671875 0.164794921875
0.02667236328125 0.0977706909179688 0.116859436035156 0.12890625
0.0174102783203125 0.111679077148438 0.095947265625 0.127891540527344
-0.0410308837890625 0.10211181640625 0.0428619384765625 0.135223388671875
-0.0918960571289063 0.0421218872070313 0.019775390625 0.0984420776367187
-0.0899581909179687 -0.0349273681640625 0.013671875 0.0710906982421875
-0.012786865234375 -0.109107971191406 0.0403289794921875 0.112663269042969
0.082489013671875 -0.104454040527344 0.0666046142578125 0.219635009765625
0.120491027832031 -0.040252685546875 -0.077972412109375 0.35650634765625
0.092437744140625 -0.219284057617188 0.0646858215332031 0.0205917358398437
-0.0378875732421875 -0.25140380859375 0.0356979370117188 -0.0214920043945313
-0.17181396484375 -0.146499633789063 -0.0370674133300781 -0.0394401550292969
-0.199874877929688 0.02655029296875 -0.0765533447265625 0.0283660888671875
-0.129180908203125 0.125900268554687 -0.0530319213867188 0.0719070434570313
-0.0119476318359375 0.187850952148438 0.0144882202148438 0.124298095703125
0.058868408203125 0.171127319335937 0.0679855346679688 0.120552062988281
0.042236328125 0.155746459960938 0.084259033203125 0.0857162475585938
0.0341033935546875 0.176345825195313 0.0760574340820313 0.0778884887695313
-0.040374755859375 0.167404174804688 0.0474166870117188 0.085235595703125
-0.126708984375 0.0965347290039062 0.0447273254394531 0.0551834106445313
-0.148162841796875 -0.00315856933593749 0.0532341003417969 0.0502128601074219
-0.0824508666992187 -0.138748168945313 0.0873031616210938 0.114006042480469
0.023681640625 -0.18353271484375 0.098236083984375 0.2188720703125
0.0904312133789063 -0.139945983886719 -0.0369873046875 0.347198486328125
0.068603515625 -0.28497314453125 0.0898590087890625 -0.0392608642578125
-0.06781005859375 -0.29638671875 0.0365066528320312 -0.0541648864746094
-0.206069946289063 -0.181564331054688 -0.0219688415527344 -0.0468597412109375
-0.24664306640625 0.0171051025390625 -0.043670654296875 0.00268936157226563
-0.16839599609375 0.144515991210938 -0.0340099334716797 0.0152244567871094
-0.0279083251953125 0.2294921875 0.00175857543945312 0.0562896728515625
0.063751220703125 0.21038818359375 0.0270462036132813 0.0573768615722656
0.051300048828125 0.19049072265625 0.0389480590820313 0.0299110412597656
0.0486297607421875 0.215850830078125 0.0427169799804688 0.0158309936523438
-0.0308380126953125 0.213211059570313 0.0419692993164063 0.0211639404296875
-0.142242431640625 0.144561767578125 0.0617332458496094 -0.00147628784179687
-0.191635131835938 0.037872314453125 0.0884628295898437 0.0177230834960938
-0.151885986328125 -0.147018432617188 0.126960754394531 0.1005859375
-0.04815673828125 -0.241302490234375 0.115066528320312 0.196517944335937
0.0443878173828125 -0.221160888671875 -0.00241088867187502 0.302001953125
0.02630615234375 -0.3084716796875 0.111305236816406 -0.113075256347656
-0.098052978515625 -0.296051025390625 0.0341644287109375 -0.093994140625
-0.218887329101563 -0.181243896484375 -0.00801086425781251 -0.0525169372558594
-0.256790161132813 0.0151824951171875 -0.00519371032714845 -0.023468017578125
-0.17840576171875 0.146026611328125 -0.00782775878906251 -0.0428466796875
-0.036590576171875 0.236373901367187 -0.00876617431640625 -0.0207118988037109
0.0594024658203125 0.217178344726563 -0.0158138275146484 -0.0142688751220703
0.0531005859375 0.197677612304687 -0.0129623413085937 -0.0304737091064453
0.0554962158203125 0.223297119140625 -0.000633239746093745 -0.0486907958984375
-0.0184478759765625 0.227584838867188 0.0251960754394531 -0.05035400390625
-0.138809204101563 0.170669555664063 0.065704345703125 -0.064849853515625
-0.206893920898438 0.072509765625 0.110748291015625 -0.0244140625
-0.199066162109375 -0.134658813476562 0.149566650390625 0.071624755859375
-0.10980224609375 -0.26043701171875 0.10919189453125 0.14910888671875
-0.00773620605468749 -0.265670776367187 0.019287109375 0.2255859375
-0.026214599609375 -0.2862548828125 0.123672485351563 -0.188125610351563
-0.125106811523437 -0.248519897460938 0.0283279418945312 -0.132064819335938
-0.205795288085938 -0.1400146484375 0.00432205200195311 -0.05682373046875
-0.222732543945313 0.0232696533203125 0.0316963195800781 -0.0492286682128906
-0.152679443359375 0.129898071289063 0.01751708984375 -0.094879150390625
-0.0327911376953125 0.205917358398438 -0.0184783935546875 -0.0925445556640625
0.047607421875 0.188446044921875 -0.0542755126953125 -0.0819854736328125
0.0466766357421875 0.17437744140625 -0.0616989135742188 -0.0860214233398437
0.0500335693359375 0.198623657226562 -0.0454330444335938 -0.1068115234375
-0.0110626220703125 0.202377319335938 0.00113677978515625 -0.117622375488281
-0.117950439453125 0.15997314453125 0.0592575073242187 -0.121772766113281
-0.184463500976563 0.082305908203125 0.117568969726562 -0.0642852783203125
-0.198837280273438 -0.10675048828125 0.146881103515625 0.0358734130859375
-0.138565063476563 -0.234283447265625 0.0804901123046875 0.0895538330078125
-0.0496368408203125 -0.258392333984375 0.0275726318359375 0.130325317382812
-0.08038330078125 -0.22491455078125 0.121932983398438 -0.25262451171875
-0.139617919921875 -0.165679931640625 0.0181427001953125 -0.16119384765625
-0.1671142578125 -0.06976318359375 0.00991439819335937 -0.0587196350097656
-0.151214599609375 0.0371551513671875 0.0557022094726562 -0.070526123046875
-0.0960693359375 0.0984649658203125 0.03167724609375 -0.13018798828125
-0.0175933837890625 0.144638061523438 -0.028594970703125 -0.144699096679688
0.0321884155273438 0.131324768066406 -0.0843353271484375 -0.133354187011719
0.0332412719726562 0.124717712402344 -0.100456237792969 -0.127571105957031
0.0334625244140625 0.143661499023438 -0.081634521484375 -0.151031494140625
-0.0110321044921875 0.141632080078125 -0.0196380615234375 -0.169418334960938
-0.0837631225585938 0.110496520996094 0.0507049560546875 -0.159576416015625
-0.128067016601563 0.061767578125 0.114456176757812 -0.0892333984375
-0.147567749023438 -0.0681304931640625 0.126312255859375 0.0082550048828125
-0.125930786132813 -0.16461181640625 0.0421218872070312 0.0350875854492187
-0.074859619140625 -0.201126098632813 0.0266456604003906 0.0401077270507812
-0.121757507324219 -0.137954711914063 0.104888916015625 -0.301513671875
-0.135963439941406 -0.067657470703125 0.00155639648437499 -0.182144165039063
-0.111373901367188 0.00816345214843751 0.00291061401367187 -0.0608673095703125
-0.0625038146972656 0.0501899719238281 0.0584487915039063 -0.0826263427734375
-0.0260658264160156 0.0575065612792969 0.0303192138671875 -0.140884399414063
0.00411605834960937 0.0650405883789063 -0.0407562255859375 -0.167617797851563
0.0132026672363281 0.0545997619628906 -0.104263305664062 -0.158645629882813
0.0154304504394531 0.0567817687988281 -0.123336791992188 -0.149917602539062
0.010040283203125 0.0686073303222656 -0.101150512695313 -0.17578125
-0.013397216796875 0.0565452575683594 -0.0281524658203125 -0.199203491210937
-0.0404052734375 0.0378456115722656 0.0482025146484375 -0.171676635742188
-0.0491676330566406 0.0236625671386719 0.108169555664062 -0.0924911499023437
-0.0639724731445313 -0.0227851867675781 0.0985641479492187 -0.0033721923828125
-0.086029052734375 -0.0663604736328125 0.00900745391845702 -0.0022573471069336
-0.0871734619140625 -0.106254577636719 0.0216617584228516 -0.0286369323730469
-0.143310546875 -0.0349273681640625 0.07550048828125 -0.33221435546875
-0.110633850097656 0.0261001586914063 -0.02288818359375 -0.198379516601562
-0.0489425659179688 0.0733108520507813 -0.0196800231933594 -0.0646400451660156
0.0224342346191406 0.0546836853027344 0.0380630493164062 -0.0837478637695313
0.0396957397460938 0.0124702453613281 0.0139389038085938 -0.128013610839844
0.0231456756591797 -0.0192031860351563 -0.052642822265625 -0.160049438476563
-0.0073699951171875 -0.0266151428222656 -0.110595703125 -0.157608032226562
-0.00456619262695313 -0.0188789367675781 -0.128250122070313 -0.149826049804687
-0.0138721466064453 -0.0169973373413086 -0.101516723632812 -0.178619384765625
-0.0113105773925781 -0.0365943908691406 -0.02264404296875 -0.202835083007813
0.0120162963867187 -0.0374488830566406 0.0516204833984375 -0.1590576171875
0.037445068359375 -0.0106849670410156 0.101486206054687 -0.0776443481445312
0.0224227905273438 0.0325832366943359 0.0718154907226563 -0.000732421874999998
-0.0402259826660156 0.0450553894042969 -0.0122489929199219 -0.0175151824951172
-0.0933380126953125 0.00660705566406248 0.0119400024414062 -0.0650291442871094
0.0955581665039063 -0.136154174804687 0.0368118286132813 0.0706024169921875
-0.0224151611328125 -0.177932739257813 0.0302162170410156 0.00344848632812499
-0.130111694335938 -0.0828704833984375 -0.0596351623535156 -0.0258255004882813
-0.129493713378906 0.0455169677734375 -0.104293823242188 0.0643157958984375
-0.0677719116210938 0.0991439819335937 -0.060638427734375 0.134590148925781
0.0176544189453125 0.121475219726563 0.038482666015625 0.188125610351563
0.0589065551757813 0.10699462890625 0.116165161132813 0.174148559570313
0.0388565063476563 0.0991668701171875 0.131019592285156 0.135765075683594
0.0313262939453125 0.113945007324219 0.107589721679688 0.135627746582031
-0.0309295654296875 0.111160278320313 0.0503997802734375 0.14617919921875
-0.091888427734375 0.0554351806640625 0.0230484008789062 0.104141235351563
-0.09857177734375 -0.0269546508789063 0.0169906616210937 0.0734481811523438
-0.026947021484375 -0.113212585449219 0.05218505859375 0.118606567382813
0.072998046875 -0.118423461914063 0.0834197998046875 0.234100341796875
0.119834899902344 -0.056427001953125 -0.0697021484375 0.389434814453125
0.08251953125 -0.242355346679688 0.0566329956054688 0.0290794372558594
-0.059539794921875 -0.26287841796875 0.0319900512695312 -0.0166664123535156
-0.19091796875 -0.142410278320313 -0.0427436828613281 -0.0363845825195313
-0.207611083984375 0.0417938232421875 -0.0816879272460938 0.0352554321289063
-0.127044677734375 0.1424560546875 -0.0564422607421875 0.0821762084960938
0.00273132324218751 0.19720458984375 0.0185012817382812 0.135414123535156
0.07623291015625 0.177215576171875 0.0779495239257813 0.131103515625
0.0574493408203125 0.16204833984375 0.0938262939453125 0.093994140625
0.0516510009765625 0.184616088867188 0.0823898315429688 0.0851058959960938
-0.0291595458984375 0.182510375976562 0.0506820678710938 0.0939254760742188
-0.128700256347656 0.115242004394531 0.04571533203125 0.0562324523925781
-0.161972045898437 0.00833129882812502 0.0567970275878906 0.0479278564453125
-0.103469848632812 -0.1456298828125 0.100318908691406 0.115623474121094
0.00793457031250002 -0.20440673828125 0.115753173828125 0.229156494140625
0.0871124267578125 -0.164535522460938 -0.027740478515625 0.37420654296875
0.057373046875 -0.314208984375 0.0793685913085938 -0.038970947265625
-0.09161376953125 -0.3143310546875 0.0298843383789062 -0.0521736145019531
-0.230804443359375 -0.183670043945313 -0.0279388427734375 -0.0452346801757813
-0.260940551757812 0.03106689453125 -0.04925537109375 0.00580215454101563
-0.171234130859375 0.165328979492187 -0.0399208068847656 0.0211029052734375
-0.0153656005859375 0.244949340820313 0.000324249267578127 0.0644035339355469
0.0825653076171875 0.221481323242187 0.030609130859375 0.067352294921875
0.0680999755859375 0.201644897460938 0.0413627624511719 0.0375785827636719
0.067474365234375 0.2286376953125 0.0421180725097656 0.0212287902832031
-0.0193023681640625 0.232162475585938 0.0406913757324219 0.0255966186523438
-0.1461181640625 0.166656494140625 0.060211181640625 -0.00484848022460936
-0.207565307617188 0.0519561767578125 0.0908889770507812 0.0107650756835938
-0.17681884765625 -0.153411865234375 0.140609741210938 0.0976715087890625
-0.0694580078125 -0.26385498046875 0.1312255859375 0.202041625976563
0.0369110107421875 -0.2506103515625 0.00769042968749999 0.32135009765625
0.0167236328125 -0.339202880859375 0.100357055664063 -0.122039794921875
-0.121063232421875 -0.31683349609375 0.0243911743164062 -0.0968780517578125
-0.24591064453125 -0.187103271484375 -0.0153236389160156 -0.0518264770507813
-0.275955200195313 0.027252197265625 -0.0111083984375 -0.0234622955322266
-0.185089111328125 0.168121337890625 -0.0163917541503906 -0.041778564453125
-0.02740478515625 0.256072998046875 -0.0154905319213867 -0.0169496536254883
0.0763702392578125 0.230987548828125 -0.0191631317138672 -0.00673675537109374
0.06842041015625 0.21087646484375 -0.0168819427490234 -0.0243244171142578
0.072235107421875 0.239166259765625 -0.00811004638671875 -0.0458106994628906
-0.00860595703124999 0.247970581054688 0.0181732177734375 -0.0496444702148437
-0.143295288085937 0.193435668945313 0.0606613159179688 -0.0725021362304687
-0.2236328125 0.0874786376953125 0.111503601074219 -0.0348892211914062
-0.225265502929687 -0.14056396484375 0.160415649414063 0.0645751953125
-0.133392333984375 -0.282623291015625 0.120712280273438 0.150466918945312
-0.016693115234375 -0.29473876953125 0.028717041015625 0.23486328125
-0.0347900390625 -0.312286376953125 0.112838745117187 -0.206756591796875
-0.143142700195313 -0.268463134765625 0.0165252685546875 -0.140640258789063
-0.229888916015625 -0.147903442382812 -0.00355529785156251 -0.0577011108398438
-0.242401123046875 0.03173828125 0.026153564453125 -0.0533905029296875
-0.16180419921875 0.149093627929688 0.00806427001953123 -0.09967041015625
-0.0283660888671875 0.2254638671875 -0.0288314819335938 -0.0932769775390625
0.0605621337890625 0.204147338867187 -0.0639877319335938 -0.0784378051757812
0.05841064453125 0.18817138671875 -0.0716781616210937 -0.0817337036132812
0.0636138916015625 0.214523315429687 -0.058685302734375 -0.106704711914062
-0.00425720214843752 0.22222900390625 -0.0106735229492188 -0.121345520019531
-0.1243896484375 0.179412841796875 0.0511703491210937 -0.133163452148438
-0.200027465820313 0.0946807861328125 0.116455078125 -0.0774612426757813
-0.221786499023438 -0.112380981445313 0.15460205078125 0.026885986328125
-0.158294677734375 -0.25250244140625 0.08642578125 0.0870742797851562
-0.057403564453125 -0.2835693359375 0.0350265502929687 0.130218505859375
-0.085693359375 -0.242523193359375 0.111679077148437 -0.279739379882813
-0.150604248046875 -0.179229736328125 0.00547790527343749 -0.175094604492188
-0.182571411132813 -0.077484130859375 0.00263977050781249 -0.0618782043457031
-0.166213989257813 0.0405120849609375 0.051544189453125 -0.076995849609375
-0.105133056640625 0.110549926757813 0.0228729248046875 -0.138458251953125
-0.0176544189453125 0.159393310546875 -0.0413970947265625 -0.14990234375
0.038330078125 0.14471435546875 -0.0986785888671875 -0.133201599121094
0.0401535034179688 0.136947631835938 -0.11474609375 -0.126663208007813
0.0406341552734375 0.158294677734375 -0.0986785888671875 -0.154022216796875
-0.00991821289062501 0.157272338867188 -0.0340423583984375 -0.17742919921875
-0.0923004150390625 0.123725891113281 0.0413360595703125 -0.173355102539062
-0.140838623046875 0.0676116943359375 0.113204956054687 -0.102592468261719
-0.1622314453125 -0.07598876953125 0.130622863769531 -0.000442504882812505
-0.138092041015625 -0.179107666015625 0.0433082580566406 0.0300254821777344
-0.0799713134765625 -0.21905517578125 0.0320377349853516 0.0316352844238281
-0.125473022460937 -0.143569946289063 0.09552001953125 -0.3333740234375
-0.1395263671875 -0.0723419189453125 -0.0117645263671875 -0.199295043945313
-0.116065979003906 0.00418090820312498 -0.00405502319335939 -0.0654335021972656
-0.0691871643066406 0.0481338500976563 0.0541305541992187 -0.0903778076171875
-0.032196044921875 0.0611495971679688 0.0230865478515625 -0.151107788085938
-0.000244140625000007 0.0727767944335938 -0.0532989501953125 -0.17535400390625
0.0126762390136719 0.06494140625 -0.119857788085938 -0.163192749023437
0.0156669616699219 0.0653533935546875 -0.1402587890625 -0.151702880859375
0.0104598999023437 0.0794601440429688 -0.119369506835937 -0.182098388671875
-0.0182380676269531 0.0668258666992188 -0.044097900390625 -0.210006713867188
-0.0506439208984375 0.0434989929199219 0.040191650390625 -0.186676025390625
-0.0588645935058594 0.0224418640136719 0.107620239257813 -0.10552978515625
-0.0698204040527344 -0.031646728515625 0.10125732421875 -0.0104293823242188
-0.0875396728515625 -0.0749893188476563 0.00756311416625976 -0.00866413116455079
-0.0865859985351563 -0.115058898925781 0.0265922546386719 -0.0426292419433594
-0.14373779296875 -0.0281524658203125 0.065185546875 -0.366241455078125
-0.107002258300781 0.0305557250976562 -0.0368499755859375 -0.216812133789063
-0.0430831909179688 0.0742950439453125 -0.0268096923828125 -0.0682716369628906
0.0247383117675781 0.0489082336425781 0.03375244140625 -0.0904388427734375
0.0370559692382813 0.007598876953125 0.00891113281250001 -0.137214660644531
0.0157356262207031 -0.0192909240722656 -0.062469482421875 -0.168563842773438
-0.0142478942871094 -0.0222492218017578 -0.125762939453125 -0.164398193359375
-0.0106487274169922 -0.0148687362670898 -0.143890380859375 -0.1552734375
-0.0204753875732422 -0.0107994079589844 -0.118988037109375 -0.187393188476563
-0.0214271545410156 -0.0326862335205078 -0.0364837646484375 -0.21685791015625
0.00139236450195313 -0.0400161743164062 0.04620361328125 -0.173538208007813
0.0324382781982422 -0.0185546875 0.103179931640625 -0.0889739990234375
0.026275634765625 0.0243740081787109 0.0743026733398438 -0.0059051513671875
-0.0325889587402344 0.0431861877441406 -0.0138568878173828 -0.024871826171875
-0.087860107421875 0.00856018066406249 0.0182342529296875 -0.0819168090820313
0.0810699462890625 -0.147750854492188 0.0336990356445313 0.0836410522460937
-0.0420989990234375 -0.175048828125 0.0295848846435547 0.00952911376953124
-0.139198303222656 -0.0697250366210938 -0.0627365112304688 -0.0201454162597656
-0.123771667480469 0.0596694946289062 -0.103370666503906 0.0742111206054688
-0.0567855834960937 0.107612609863281 -0.0532379150390625 0.145843505859375
0.03173828125 0.119064331054687 0.0543212890625 0.194732666015625
0.0732650756835938 0.101554870605469 0.134963989257813 0.175796508789063
0.0519180297851562 0.095672607421875 0.146270751953125 0.134475708007813
0.0464859008789062 0.111396789550781 0.121635437011719 0.136604309082031
-0.0163803100585937 0.117156982421875 0.0630035400390625 0.152801513671875
-0.08587646484375 0.0691909790039062 0.0297622680664062 0.107063293457031
-0.104965209960937 -0.0148239135742188 0.0219268798828125 0.0735015869140625
-0.0431289672851563 -0.111961364746094 0.0665969848632812 0.11871337890625
0.0574951171875 -0.130264282226563 0.105361938476563 0.239593505859375
0.113021850585937 -0.07379150390625 -0.04681396484375 0.415496826171875
0.06268310546875 -0.260208129882813 0.049896240234375 0.0377388000488281
-0.0872802734375 -0.264358520507813 0.0285377502441406 -0.0106124877929688
-0.209320068359375 -0.130172729492188 -0.0471687316894531 -0.0313682556152344
-0.208038330078125 0.059539794921875 -0.0833587646484375 0.0433425903320313
-0.116714477539063 0.158004760742188 -0.0544052124023437 0.0928955078125
0.021026611328125 0.2010498046875 0.027587890625 0.143341064453125
0.0971221923828125 0.17431640625 0.0923538208007813 0.135772705078125
0.075927734375 0.161788940429688 0.104446411132813 0.0960922241210938
0.073150634765625 0.185760498046875 0.0908279418945313 0.0873336791992188
-0.0110626220703125 0.193771362304688 0.0579605102539062 0.0993270874023438
-0.122505187988281 0.135124206542969 0.04766845703125 0.0558395385742188
-0.17059326171875 0.02532958984375 0.0593528747558594 0.0438041687011719
-0.125717163085937 -0.143325805664063 0.114646911621094 0.110313415527344
-0.0157623291015625 -0.21832275390625 0.136550903320313 0.230300903320312
0.07403564453125 -0.1871337890625 -0.00445556640625002 0.395294189453125
0.033966064453125 -0.33624267578125 0.0682868957519531 -0.0367774963378906
-0.123809814453125 -0.319854736328125 0.022918701171875 -0.0484733581542969
-0.255859375 -0.173324584960938 -0.0341911315917969 -0.0402870178222656
-0.268402099609375 0.0530242919921875 -0.0531730651855469 0.0118751525878906
-0.1634521484375 0.186843872070313 -0.0438232421875 0.02923583984375
0.00416564941406252 0.25494384765625 0.00167846679687501 0.0723648071289063
0.105987548828125 0.223495483398438 0.0373916625976563 0.074676513671875
0.08953857421875 0.204605102539063 0.0463333129882813 0.0429611206054688
0.0915069580078125 0.233200073242188 0.0428047180175781 0.0255088806152344
0.000793457031249986 0.245986938476563 0.0409202575683594 0.0299491882324219
-0.139892578125 0.189987182617188 0.0568008422851562 -0.00927734374999999
-0.216766357421875 0.0723876953125 0.0908355712890625 0.00180816650390625
-0.2037353515625 -0.149581909179687 0.152877807617188 0.08740234375
-0.0976715087890625 -0.276657104492187 0.14862060546875 0.198837280273437
0.0183563232421875 -0.274185180664063 0.027740478515625 0.33392333984375
-0.00613403320312499 -0.362213134765625 0.0845565795898438 -0.128662109375
-0.15155029296875 -0.32525634765625 0.0129852294921875 -0.0965347290039063
-0.27374267578125 -0.180007934570313 -0.0223464965820313 -0.0486869812011719
-0.28863525390625 0.04766845703125 -0.0169715881347656 -0.0210819244384766
-0.181121826171875 0.19189453125 -0.0244102478027344 -0.0381813049316406
-0.009002685546875 0.2705078125 -0.0215396881103516 -0.0106773376464844
0.0997772216796875 0.237213134765625 -0.0205574035644531 0.00145912170410158
0.0893096923828125 0.217300415039063 -0.0191936492919922 -0.0165252685546875
0.096435546875 0.246994018554688 -0.0150794982910156 -0.0406951904296875
0.0106201171875 0.262527465820313 0.0109367370605469 -0.047149658203125
-0.137557983398438 0.217315673828125 0.051910400390625 -0.079254150390625
-0.232391357421875 0.108718872070313 0.10809326171875 -0.0474777221679687
-0.25115966796875 -0.135299682617187 0.169036865234375 0.051666259765625
-0.1636962890625 -0.29327392578125 0.132675170898438 0.1441650390625
-0.03692626953125 -0.316497802734375 0.0435333251953125 0.2392578125
-0.053741455078125 -0.33184814453125 0.093231201171875 -0.221694946289063
-0.168991088867188 -0.2767333984375 0.000930786132812495 -0.144638061523438
-0.255203247070313 -0.14501953125 -0.0119094848632813 -0.0566291809082031
-0.256927490234375 0.0479736328124999 0.0192146301269531 -0.0546722412109375
-0.161392211914063 0.170669555664063 -0.00402069091796875 -0.100372314453125
-0.01544189453125 0.241409301757812 -0.04095458984375 -0.090240478515625
0.0798797607421875 0.212631225585938 -0.073089599609375 -0.0705413818359375
0.075775146484375 0.195755004882813 -0.080963134765625 -0.0735092163085938
0.0834808349609375 0.224136352539063 -0.0724411010742187 -0.101417541503906
0.0105438232421875 0.2364501953125 -0.0245742797851563 -0.120323181152344
-0.121505737304687 0.200164794921875 0.0374603271484375 -0.141738891601563
-0.208663940429688 0.112579345703125 0.1097412109375 -0.09075927734375
-0.244308471679688 -0.108596801757813 0.158477783203125 0.013458251953125
-0.18463134765625 -0.26104736328125 0.0920486450195313 0.0802154541015625
-0.075439453125 -0.301666259765625 0.0437850952148437 0.126640319824219
-0.0981903076171875 -0.254302978515625 0.089508056640625 -0.301544189453125
-0.16595458984375 -0.184829711914063 -0.0131683349609375 -0.183563232421875
-0.198989868164062 -0.0771484375 -0.00568389892578127 -0.0628890991210938
-0.17730712890625 0.0493011474609375 0.0432357788085937 -0.0822982788085938
-0.107315063476563 0.124969482421875 0.00939941406249999 -0.143630981445313
-0.0116119384765625 0.173873901367188 -0.057464599609375 -0.14935302734375
0.050018310546875 0.154464721679687 -0.113243103027344 -0.127273559570313
0.0514068603515625 0.145004272460938 -0.129013061523437 -0.118751525878906
0.053802490234375 0.168167114257813 -0.116867065429688 -0.149139404296875
-0.00228881835937498 0.171096801757812 -0.0532684326171875 -0.178558349609375
-0.0944671630859375 0.139358520507813 0.0258941650390625 -0.183380126953125
-0.149200439453125 0.078704833984375 0.105018615722656 -0.115982055664063
-0.17803955078125 -0.075897216796875 0.130882263183594 -0.0118865966796875
-0.154571533203125 -0.18603515625 0.0424995422363281 0.0237693786621094
-0.0908966064453125 -0.231124877929687 0.0354843139648437 0.0211448669433594
-0.130889892578125 -0.144577026367188 0.07159423828125 -0.36065673828125
-0.143905639648438 -0.07318115234375 -0.0317535400390625 -0.210891723632813
-0.120018005371094 0.00272369384765625 -0.0128097534179688 -0.0669784545898437
-0.0747299194335938 0.0486221313476563 0.04620361328125 -0.0963363647460938
-0.0363578796386719 0.0661201477050781 0.0101776123046875 -0.15728759765625
-0.00108337402343749 0.0813751220703125 -0.070098876953125 -0.176788330078125
0.0157699584960938 0.0733566284179688 -0.137527465820312 -0.15960693359375
0.0189208984375 0.0733718872070313 -0.1572265625 -0.1458740234375
0.0145492553710937 0.0887832641601562 -0.140411376953125 -0.178619384765625
-0.0192108154296875 0.0782470703125 -0.0642852783203125 -0.213882446289063
-0.0583457946777344 0.0519256591796875 0.024688720703125 -0.19677734375
-0.0673751831054688 0.02471923828125 0.101158142089844 -0.118385314941406
-0.0773162841796875 -0.0373077392578125 0.100479125976563 -0.0196762084960938
-0.091552734375 -0.0815658569335937 0.00440692901611328 -0.0146141052246094
-0.0887374877929688 -0.120658874511719 0.0275497436523437 -0.0579719543457031
-0.141815185546875 -0.01800537109375 0.041412353515625 -0.39361572265625
-0.1014404296875 0.0346221923828125 -0.057373046875 -0.228256225585937
-0.0355224609375 0.07305908203125 -0.035369873046875 -0.0689277648925781
0.0260772705078125 0.0418434143066406 0.0272598266601563 -0.09503173828125
0.0331573486328125 0.00243949890136719 -0.0008087158203125 -0.142593383789063
0.00769996643066406 -0.0170297622680664 -0.0766448974609375 -0.171066284179687
-0.0205116271972656 -0.0153999328613281 -0.1431884765625 -0.162872314453125
-0.0154781341552734 -0.00933551788330078 -0.161834716796875 -0.1512451171875
-0.0250492095947266 -0.00309944152832031 -0.140029907226563 -0.18719482421875
-0.0301628112792969 -0.0253391265869141 -0.0572967529296875 -0.223663330078125
-0.0103492736816406 -0.0391845703125 0.0331268310546875 -0.185928344726563
0.0247058868408203 -0.0248470306396484 0.0989456176757813 -0.101814270019531
0.0279197692871094 0.0146350860595703 0.0743179321289063 -0.0126419067382812
-0.0247383117675781 0.0388870239257813 -0.0165176391601563 -0.0303459167480469
-0.0802993774414063 0.0111236572265625 0.0193862915039062 -0.099456787109375
0.0646820068359375 -0.151779174804688 0.0334701538085938 0.09503173828125
-0.0587615966796875 -0.16583251953125 0.0297451019287109 0.0156497955322266
-0.141586303710938 -0.0549163818359375 -0.0624885559082031 -0.0138320922851562
-0.113517761230469 0.0692977905273438 -0.0987777709960938 0.0822372436523438
-0.043731689453125 0.11053466796875 -0.0434722900390625 0.152587890625
0.0428619384765625 0.111747741699219 0.0682373046875 0.194549560546875
0.083251953125 0.0909500122070313 0.149215698242188 0.169448852539063
0.0623855590820313 0.0880279541015625 0.1575927734375 0.128402709960938
0.0593338012695312 0.103340148925781 0.133087158203125 0.132720947265625
-0.00238800048828126 0.117233276367188 0.0750579833984375 0.1531982421875
-0.0761489868164063 0.07879638671875 0.0355453491210937 0.107078552246094
-0.106155395507813 -0.00256347656250001 0.0254974365234375 0.0717391967773438
-0.0565414428710937 -0.105316162109375 0.0778274536132813 0.11358642578125
0.0402984619140625 -0.134956359863281 0.123291015625 0.236495971679688
0.101150512695313 -0.0866546630859375 -0.020599365234375 0.427978515625
0.0400390625 -0.267379760742187 0.0446815490722656 0.0472908020019531
-0.1104736328125 -0.255767822265625 0.0265598297119141 -0.00477790832519533
-0.219039916992187 -0.113433837890625 -0.0489959716796875 -0.0251426696777344
-0.201171875 0.075531005859375 -0.081939697265625 0.0506134033203125
-0.102279663085938 0.167129516601563 -0.0495681762695313 0.0999069213867188
0.0371551513671875 0.19732666015625 0.0370635986328125 0.146575927734375
0.112640380859375 0.165451049804687 0.103858947753906 0.134407043457031
0.090789794921875 0.155014038085938 0.113754272460938 0.0942535400390625
0.0918426513671875 0.179290771484375 0.0968475341796875 0.0871200561523438
0.0072784423828125 0.196502685546875 0.0646820068359375 0.101333618164063
-0.111297607421875 0.148880004882812 0.0486640930175781 0.0540199279785156
-0.172134399414063 0.041259765625 0.0597724914550781 0.0385055541992188
-0.143234252929688 -0.134780883789063 0.123954772949219 0.10101318359375
-0.03912353515625 -0.222488403320313 0.15277099609375 0.223556518554688
0.0566253662109375 -0.201446533203125 0.018768310546875 0.40228271484375
0.00845336914062497 -0.34613037109375 0.0572280883789063 -0.0310134887695313
-0.149566650390625 -0.312591552734375 0.0167312622070312 -0.0426979064941406
-0.272140502929688 -0.156845092773437 -0.0371551513671875 -0.0342903137207031
-0.266311645507813 0.07208251953125 -0.0550384521484375 0.0175743103027344
-0.149612426757813 0.20123291015625 -0.0444488525390625 0.0365562438964844
0.023223876953125 0.255416870117188 0.00468444824218751 0.0781402587890625
0.125518798828125 0.216476440429688 0.0444793701171875 0.0788497924804688
0.107635498046875 0.199661254882813 0.0510711669921875 0.0459213256835938
0.112625122070313 0.228561401367187 0.0435333251953125 0.0288925170898438
0.0212249755859375 0.250106811523438 0.0412750244140625 0.033294677734375
-0.12701416015625 0.20635986328125 0.051971435546875 -0.0117111206054687
-0.217391967773438 0.09075927734375 0.0871810913085937 -0.00559997558593749
-0.222946166992188 -0.139083862304687 0.159225463867188 0.074859619140625
-0.125015258789063 -0.279159545898438 0.1612548828125 0.18927001953125
-0.00286865234374999 -0.287445068359375 0.047027587890625 0.335784912109375
-0.031036376953125 -0.37188720703125 0.0673141479492188 -0.1278076171875
-0.178009033203125 -0.321075439453125 0.00243377685546874 -0.0920181274414063
-0.293701171875 -0.16571044921875 -0.0271224975585938 -0.0438804626464844
-0.291107177734375 0.06854248046875 -0.02130126953125 -0.0177402496337891
-0.169464111328125 0.208541870117188 -0.0310440063476563 -0.0323371887207031
0.00953674316406251 0.275421142578125 -0.0246810913085937 -0.00364875793457029
0.120223999023437 0.233306884765625 -0.0192661285400391 0.00941085815429689
0.10809326171875 0.21478271484375 -0.0188198089599609 -0.00917816162109374
0.117996215820313 0.244293212890625 -0.0205287933349609 -0.03350830078125
0.0305023193359375 0.267623901367188 0.00545883178710938 -0.0421714782714844
-0.125808715820313 0.233627319335938 0.0417022705078125 -0.0821304321289063
-0.232162475585938 0.127548217773438 0.100151062011719 -0.0557479858398437
-0.269561767578125 -0.123855590820312 0.170700073242188 0.0373992919921875
-0.190185546875 -0.29266357421875 0.139617919921875 0.134536743164062
-0.05865478515625 -0.326995849609375 0.0564422607421875 0.235809326171875
-0.0731201171875 -0.34002685546875 0.070465087890625 -0.22686767578125
-0.189544677734375 -0.274810791015625 -0.0137176513671875 -0.142837524414063
-0.273452758789063 -0.135345458984375 -0.01800537109375 -0.052886962890625
-0.262451171875 0.0646514892578125 0.0115013122558594 -0.0535697937011719
-0.15460205078125 0.186019897460938 -0.014678955078125 -0.0970382690429687
0.000122070312500021 0.249053955078125 -0.0503997802734375 -0.0825424194335937
0.0965423583984375 0.213211059570313 -0.0778274536132812 -0.0603408813476562
0.0907135009765625 0.19635009765625 -0.0853729248046875 -0.063232421875
0.101760864257813 0.225143432617188 -0.0827102661132813 -0.0916366577148437
0.026519775390625 0.243438720703125 -0.0358200073242188 -0.114723205566406
-0.1131591796875 0.215362548828125 0.0233001708984375 -0.14410400390625
-0.208938598632812 0.127700805664062 0.0992965698242187 -0.0995635986328125
-0.259719848632813 -0.0985565185546875 0.15643310546875 0.000549316406249994
-0.20623779296875 -0.25921630859375 0.0931854248046875 0.0717010498046875
-0.094146728515625 -0.309326171875 0.0487747192382813 0.119285583496094
-0.109725952148438 -0.25738525390625 0.06365966796875 -0.31207275390625
-0.178070068359375 -0.184310913085938 -0.0306243896484375 -0.18414306640625
-0.21099853515625 -0.072723388671875 -0.0135002136230469 -0.0608482360839844
-0.184188842773438 0.058258056640625 0.0344009399414062 -0.0838623046875
-0.105461120605469 0.135581970214844 -0.00346374511718751 -0.141891479492188
-0.00296020507812501 0.181869506835937 -0.07049560546875 -0.142807006835938
0.061859130859375 0.158615112304688 -0.122734069824219 -0.116806030273437
0.0616912841796875 0.147857666015625 -0.137786865234375 -0.106903076171875
0.0666046142578125 0.172409057617188 -0.13104248046875 -0.1385498046875
0.00762939453125 0.178848266601563 -0.0688018798828125 -0.172439575195313
-0.0918121337890625 0.151947021484375 0.00906372070312499 -0.185379028320312
-0.1527099609375 0.088836669921875 0.0937728881835938 -0.124557495117188
-0.1895751953125 -0.0718536376953125 0.126922607421875 -0.0222396850585938
-0.168197631835937 -0.186798095703125 0.0402069091796875 0.0172653198242187
-0.101776123046875 -0.235916137695312 0.0359992980957031 0.0105171203613281
-0.133316040039063 -0.14227294921875 0.0445556640625 -0.373931884765625
-0.145263671875 -0.0724639892578125 -0.0503692626953125 -0.213470458984375
-0.123519897460937 0.00226593017578123 -0.0203781127929688 -0.0660629272460938
-0.079559326171875 0.0493545532226563 0.0371551513671875 -0.0988006591796875
-0.0380935668945313 0.070098876953125 -0.00239562988281252 -0.157485961914063
-0.000289916992187501 0.0885467529296875 -0.0833892822265625 -0.17230224609375
0.0205917358398437 0.0799484252929688 -0.149932861328125 -0.150146484375
0.0228805541992188 0.0785903930664062 -0.168609619140625 -0.134735107421875
0.02117919921875 0.0958404541015625 -0.156509399414063 -0.168838500976562
-0.0172042846679688 0.0875167846679688 -0.0827789306640625 -0.20947265625
-0.0619888305664063 0.0614280700683594 0.0083160400390625 -0.200363159179688
-0.0739517211914063 0.0273590087890625 0.0905609130859375 -0.126358032226563
-0.0838165283203125 -0.0406417846679687 0.0961532592773438 -0.0270233154296875
-0.095062255859375 -0.08514404296875 0.000398635864257805 -0.0191402435302734
-0.090057373046875 -0.122871398925781 0.0249252319335937 -0.0715713500976563
-0.135482788085938 -0.0104904174804687 0.014739990234375 -0.406280517578125
-0.0934677124023438 0.0362472534179688 -0.0764007568359375 -0.229705810546875
-0.029541015625 0.0692939758300781 -0.0424728393554688 -0.066436767578125
0.0247573852539063 0.0352516174316406 0.0193710327148437 -0.0970306396484375
0.0279178619384766 -0.000867843627929688 -0.0107574462890625 -0.143524169921875
0.00139522552490234 -0.0132217407226562 -0.0885772705078125 -0.16754150390625
-0.0236339569091797 -0.00800704956054687 -0.155380249023437 -0.15570068359375
-0.0179328918457031 -0.00255393981933594 -0.17425537109375 -0.142303466796875
-0.0270404815673828 0.00507354736328124 -0.156585693359375 -0.179092407226563
-0.036285400390625 -0.016143798828125 -0.076385498046875 -0.222076416015625
-0.0207080841064453 -0.0347995758056641 0.0187835693359375 -0.1910400390625
0.0163135528564453 -0.0286178588867188 0.0915298461914062 -0.110008239746094
0.0268154144287109 0.00506019592285156 0.0718994140625 -0.0181961059570313
-0.0185928344726562 0.0325202941894531 -0.0201015472412109 -0.0347423553466797
-0.0724029541015625 0.0111770629882812 0.0164413452148437 -0.114753723144531
0.05267333984375 -0.150558471679688 0.0322799682617187 0.10675048828125
-0.0679931640625 -0.154891967773438 0.0305976867675781 0.0213680267333984
-0.1396484375 -0.044158935546875 -0.0609359741210938 -0.00943756103515625
-0.103744506835938 0.0733795166015625 -0.0947723388671875 0.0862808227539063
-0.0345458984375 0.109619140625 -0.03680419921875 0.154144287109375
0.04888916015625 0.104202270507813 0.076629638671875 0.1920166015625
0.0882034301757813 0.0812606811523438 0.157577514648437 0.164688110351562
0.0673904418945313 0.080047607421875 0.163192749023438 0.123077392578125
0.0668716430664063 0.0954666137695313 0.138633728027344 0.129287719726563
0.00823974609375 0.114448547363281 0.0823974609375 0.15228271484375
-0.06793212890625 0.083465576171875 0.0384597778320312 0.106163024902344
-0.104415893554688 0.00605010986328127 0.0269622802734375 0.0701751708984375
-0.064453125 -0.0975265502929687 0.0843505859375 0.10833740234375
0.0273818969726562 -0.1348876953125 0.133163452148437 0.232589721679687
0.0900039672851563 -0.0936813354492188 -0.00415039062499999 0.431976318359375
0.025115966796875 -0.267807006835938 0.0402488708496094 0.057891845703125
-0.123123168945312 -0.244781494140625 0.0256881713867187 0.0013751983642578
-0.221176147460938 -0.101165771484375 -0.0486869812011719 -0.0203857421875
-0.193496704101563 0.083709716796875 -0.0801620483398438 0.05511474609375
-0.0915374755859375 0.169937133789063 -0.0458984375 0.104240417480469
0.0467376708984375 0.1912841796875 0.042724609375 0.147842407226563
0.121673583984375 0.15576171875 0.111251831054688 0.133529663085938
0.0997772216796875 0.147689819335938 0.118156433105469 0.0931015014648438
0.102523803710938 0.171707153320313 0.100776672363281 0.08734130859375
0.0203094482421875 0.19476318359375 0.0697021484375 0.102584838867188
-0.101318359375 0.156402587890625 0.0480804443359375 0.0530471801757813
-0.17108154296875 0.0521087646484375 0.0574760437011718 0.0354232788085938
-0.153717041015625 -0.126800537109375 0.127891540527344 0.0930557250976562
-0.056121826171875 -0.222320556640625 0.160293579101563 0.2174072265625
0.042205810546875 -0.208663940429688 0.032318115234375 0.402923583984375
-0.00747680664062501 -0.347991943359375 0.0484085083007812 -0.0223274230957031
-0.16461181640625 -0.30340576171875 0.0134201049804687 -0.0363311767578125
-0.279525756835938 -0.14483642578125 -0.0383834838867188 -0.0296974182128906
-0.262344360351563 0.08319091796875 -0.0559120178222656 0.0220603942871094
-0.139236450195313 0.206558227539063 -0.0445137023925781 0.0417976379394531
0.03509521484375 0.252395629882813 0.00718688964843751 0.08306884765625
0.136489868164063 0.208633422851563 0.049835205078125 0.0815505981445313
0.117324829101563 0.193374633789063 0.0549392700195313 0.0483894348144531
0.125823974609375 0.222259521484375 0.04412841796875 0.0327186584472656
0.035308837890625 0.250137329101563 0.0427627563476563 0.0362510681152344
-0.116973876953125 0.215713500976563 0.0476493835449219 -0.0120811462402344
-0.216201782226563 0.102935791015625 0.0819320678710937 -0.00975799560546874
-0.234756469726562 -0.130386352539063 0.159683227539062 0.0653533935546875
-0.143417358398437 -0.277664184570313 0.165542602539063 0.181900024414062
-0.017791748046875 -0.294219970703125 0.056732177734375 0.333709716796875
-0.0458984375 -0.375 0.0541839599609375 -0.122238159179688
-0.1922607421875 -0.314422607421875 -0.00416564941406251 -0.08612060546875
-0.303863525390625 -0.15521240234375 -0.0294380187988281 -0.0388717651367188
-0.29071044921875 0.08026123046875 -0.0243854522705078 -0.0136909484863281
-0.160598754882812 0.217117309570313 -0.0344295501708984 -0.0267143249511719
0.0216827392578125 0.27569580078125 -0.0261726379394531 0.00380134582519533
0.13201904296875 0.228317260742188 -0.0167741775512695 0.0156974792480469
0.118896484375 0.210372924804688 -0.0173816680908203 -0.00337982177734374
0.131591796875 0.240249633789063 -0.0225677490234375 -0.0260486602783203
0.044036865234375 0.269668579101563 0.00331878662109375 -0.0372200012207031
-0.116928100585938 0.243408203125 0.0337982177734375 -0.0811538696289062
-0.230316162109375 0.138778686523438 0.09210205078125 -0.0594100952148437
-0.28057861328125 -0.1148681640625 0.168136596679687 0.02783203125
-0.207427978515625 -0.29010009765625 0.14044189453125 0.126930236816406
-0.07281494140625 -0.331939697265625 0.06182861328125 0.230636596679687
-0.083984375 -0.343841552734375 0.05401611328125 -0.225112915039063
-0.200958251953125 -0.272537231445313 -0.0236968994140625 -0.138252258300781
-0.28424072265625 -0.128631591796875 -0.0218238830566406 -0.0491485595703125
-0.265350341796875 0.0753021240234375 0.00646972656249998 -0.0511512756347656
-0.14886474609375 0.195144653320313 -0.021820068359375 -0.0918655395507812
0.00991821289062502 0.252593994140625 -0.0550384521484375 -0.0747528076171875
0.108016967773438 0.211029052734375 -0.0784454345703125 -0.052032470703125
0.101455688476562 0.195587158203125 -0.086273193359375 -0.0545501708984375
0.11346435546875 0.223663330078125 -0.0873336791992187 -0.08221435546875
0.036865234375 0.246810913085937 -0.041748046875 -0.108268737792969
-0.106353759765625 0.22515869140625 0.0135040283203125 -0.142593383789063
-0.209213256835937 0.137451171875 0.0898666381835937 -0.102531433105469
-0.269454956054688 -0.093109130859375 0.151275634765625 -0.00691223144531251
-0.220611572265625 -0.258209228515625 0.0909423828125 0.0660552978515625
-0.1044921875 -0.31317138671875 0.0510025024414062 0.112159729003906
-0.1141357421875 -0.260025024414062 0.0450439453125 -0.314117431640625
-0.184463500976563 -0.184402465820313 -0.0427093505859375 -0.181854248046875
-0.219192504882813 -0.07073974609375 -0.0179672241210938 -0.0586776733398438
-0.189071655273438 0.0642242431640625 0.0280685424804687 -0.0817718505859375
-0.10406494140625 0.142364501953125 -0.01220703125 -0.138168334960938
0.00286865234375001 0.187255859375 -0.0772705078125 -0.135292053222656
0.0698394775390625 0.160064697265625 -0.1263427734375 -0.10809326171875
0.0684814453125 0.14996337890625 -0.140914916992188 -0.09722900390625
0.0753631591796875 0.174346923828125 -0.13836669921875 -0.128021240234375
0.01470947265625 0.184585571289063 -0.0773773193359375 -0.16461181640625
-0.090087890625 0.160400390625 -0.00241088867187501 -0.18341064453125
-0.155029296875 0.0951080322265625 0.084197998046875 -0.127098083496094
-0.197235107421875 -0.071197509765625 0.121070861816406 -0.0274658203125
-0.176239013671875 -0.187850952148437 0.0364799499511719 0.0132102966308594
-0.106063842773438 -0.23968505859375 0.03411865234375 0.00138854980468749
-0.130905151367187 -0.142425537109375 0.025970458984375 -0.37835693359375
-0.144577026367188 -0.0743408203125 -0.0632476806640625 -0.212890625
-0.126396179199219 -0.000228881835937517 -0.0250244140625 -0.0640373229980469
-0.084259033203125 0.0492401123046875 0.03076171875 -0.0979461669921875
-0.0408554077148437 0.0727386474609375 -0.0105743408203125 -0.155242919921875
0.000213623046875006 0.0941238403320313 -0.090911865234375 -0.165725708007813
0.0238800048828125 0.0847320556640625 -0.15509033203125 -0.142623901367187
0.0263519287109375 0.082855224609375 -0.173202514648438 -0.12548828125
0.0251617431640625 0.100639343261719 -0.165283203125 -0.158981323242188
-0.0151290893554688 0.0951690673828125 -0.0931243896484375 -0.202987670898438
-0.0652847290039062 0.0684814453125 -0.00239562988281251 -0.199386596679688
-0.0796432495117188 0.0298614501953125 0.0824813842773438 -0.129501342773438
-0.089447021484375 -0.0445327758789063 0.0916366577148438 -0.03076171875
-0.0978851318359375 -0.0900497436523438 -0.00369644165039063 -0.0223255157470703
-0.0887374877929688 -0.126609802246094 0.0212936401367187 -0.0822525024414063
-0.127166748046875 -0.00735473632812499 -0.00283813476562499 -0.411468505859375
-0.0866012573242188 0.0342864990234375 -0.0880279541015625 -0.230300903320313
-0.0260353088378906 0.0636215209960938 -0.0465545654296875 -0.0639877319335938
0.0214080810546875 0.0301380157470703 0.0139617919921875 -0.0958175659179688
0.0228347778320312 -0.00205039978027344 -0.0166778564453125 -0.142105102539063
-0.00326442718505859 -0.00841093063354492 -0.094696044921875 -0.163711547851563
-0.02490234375 -0.00127792358398437 -0.161941528320313 -0.150009155273438
-0.0190849304199219 0.00333213806152344 -0.179458618164063 -0.1351318359375
-0.0271720886230469 0.0123500823974609 -0.165054321289063 -0.172088623046875
-0.0391731262207031 -0.00761413574218751 -0.0883331298828125 -0.2176513671875
-0.0277557373046875 -0.0293102264404297 0.00938415527343752 -0.191268920898438
0.00873184204101563 -0.0297794342041016 0.08538818359375 -0.113739013671875
0.0240669250488281 -0.00289535522460938 0.0688133239746094 -0.021209716796875
-0.0151691436767578 0.0252456665039063 -0.0237617492675781 -0.0384597778320313
-0.064727783203125 0.00874710083007813 0.013153076171875 -0.126792907714844
0.045928955078125 -0.149017333984375 0.03167724609375 0.119415283203125
-0.0733184814453125 -0.14764404296875 0.03155517578125 0.0277194976806641
-0.137626647949219 -0.03851318359375 -0.0598831176757813 -0.00748443603515625
-0.09765625 0.07464599609375 -0.0937042236328125 0.0886917114257813
-0.0290145874023437 0.108489990234375 -0.033294677734375 0.156829833984375
0.052581787109375 0.099517822265625 0.0825347900390625 0.1929931640625
0.0911178588867188 0.07470703125 0.163497924804688 0.16412353515625
0.0709075927734375 0.0751953125 0.167739868164063 0.122817993164063
0.0718994140625 0.0904464721679687 0.143173217773438 0.129928588867188
0.0151214599609375 0.112930297851562 0.0875701904296875 0.153762817382813
-0.06201171875 0.08660888671875 0.0396041870117187 0.107490539550781
-0.103935241699219 0.01190185546875 0.0270767211914062 0.0705184936523438
-0.0696792602539063 -0.0927352905273438 0.0887451171875 0.105560302734375
0.018280029296875 -0.13458251953125 0.139556884765625 0.233596801757813
0.0816116333007813 -0.0976409912109375 0.00125122070312497 0.4400634765625
0.016143798828125 -0.269927978515625 0.0367698669433594 0.0694694519042968
-0.130340576171875 -0.239349365234375 0.0251407623291016 0.00772857666015624
-0.223968505859375 -0.0948028564453125 -0.0478057861328125 -0.0177230834960938
-0.190383911132813 0.0874176025390625 -0.0799560546875 0.0585556030273437
-0.08563232421875 0.170806884765625 -0.0441513061523438 0.107681274414063
0.0517730712890625 0.18927001953125 0.046478271484375 0.151596069335938
0.127029418945313 0.150436401367188 0.117019653320313 0.135780334472656
0.1053466796875 0.143753051757813 0.122550964355469 0.0945663452148438
0.109359741210937 0.16815185546875 0.103363037109375 0.0895462036132813
0.0288238525390625 0.195816040039062 0.0731964111328125 0.104850769042969
-0.0961456298828125 0.163223266601562 0.0475234985351562 0.0543632507324219
-0.1727294921875 0.0596466064453125 0.0557479858398437 0.0350532531738281
-0.1627197265625 -0.122756958007813 0.130592346191406 0.0892181396484375
-0.0685272216796875 -0.22442626953125 0.165023803710938 0.217178344726563
0.0329132080078125 -0.216384887695313 0.037811279296875 0.409698486328125
-0.016937255859375 -0.354034423828125 0.0421791076660156 -0.012542724609375
-0.174407958984375 -0.300689697265625 0.0109214782714844 -0.0303287506103516
-0.286468505859375 -0.13897705078125 -0.0381011962890625 -0.0266036987304688
-0.26239013671875 0.0889129638671875 -0.0567588806152344 0.0258102416992188
-0.1341552734375 0.211593627929688 -0.0450363159179688 0.0469703674316406
0.041900634765625 0.253814697265625 0.00944519042968751 0.0880050659179688
0.144760131835938 0.20526123046875 0.0545501708984375 0.0853195190429688
0.124649047851562 0.191680908203125 0.0579605102539063 0.0516510009765625
0.13543701171875 0.220535278320313 0.0453071594238281 0.0371131896972656
0.04461669921875 0.252899169921875 0.0445518493652344 0.0398597717285156
-0.112594604492187 0.224044799804688 0.0449104309082031 -0.0109825134277344
-0.218887329101563 0.111328125 0.0781784057617187 -0.0110549926757812
-0.245590209960938 -0.127456665039062 0.160202026367187 0.060302734375
-0.157745361328125 -0.28125 0.167251586914063 0.180084228515625
-0.02691650390625 -0.30352783203125 0.06085205078125 0.336761474609375
-0.0538330078125 -0.3826904296875 0.0463638305664063 -0.115707397460938
-0.202789306640625 -0.315673828125 -0.0084228515625 -0.0816879272460938
-0.3148193359375 -0.15203857421875 -0.0307426452636719 -0.0359115600585938
-0.294219970703125 0.0880126953125 -0.0264835357666016 -0.0104522705078125
-0.158782958984375 0.223785400390625 -0.037017822265625 -0.0222282409667969
0.028289794921875 0.279983520507813 -0.0267086029052734 0.00993347167968752
0.140289306640625 0.22747802734375 -0.0138759613037109 0.0208606719970703
0.126220703125 0.211013793945313 -0.0158166885375976 0.0019044876098633
0.140884399414062 0.240676879882813 -0.0234355926513672 -0.0203762054443359
0.0531768798828125 0.273971557617188 0.0024871826171875 -0.0328693389892578
-0.113876342773437 0.252777099609375 0.0289688110351562 -0.0805740356445312
-0.234161376953125 0.147979736328125 0.0872039794921875 -0.0612945556640625
-0.2930908203125 -0.113800048828125 0.16619873046875 0.0232696533203125
-0.22186279296875 -0.29388427734375 0.140335083007813 0.124435424804688
-0.0810546875 -0.3416748046875 0.0632171630859375 0.230255126953125
-0.0887451171875 -0.352569580078125 0.0444793701171875 -0.22344970703125
-0.20941162109375 -0.27679443359375 -0.0301361083984375 -0.136474609375
-0.296295166015625 -0.127410888671875 -0.0238075256347656 -0.0466499328613281
-0.272872924804688 0.0816497802734375 0.00343322753906248 -0.0485458374023437
-0.148605346679688 0.202713012695313 -0.0260543823242188 -0.087799072265625
0.0150909423828125 0.259567260742188 -0.0579414367675781 -0.0688285827636719
0.115402221679687 0.213546752929687 -0.0785064697265625 -0.0470733642578125
0.107772827148438 0.197723388671875 -0.0866470336914063 -0.0491867065429687
0.12237548828125 0.226455688476563 -0.0906753540039062 -0.075531005859375
0.0441436767578125 0.252670288085938 -0.0448837280273437 -0.103729248046875
-0.105941772460938 0.234420776367188 0.00718688964843751 -0.141510009765625
-0.214279174804688 0.144119262695313 0.0844039916992188 -0.104560852050781
-0.280197143554687 -0.093536376953125 0.14825439453125 -0.0106353759765625
-0.232513427734375 -0.263076782226562 0.0885391235351562 0.06378173828125
-0.108489990234375 -0.322021484375 0.0497817993164063 0.108024597167969
-0.115829467773438 -0.26739501953125 0.03436279296875 -0.317718505859375
-0.188690185546875 -0.190093994140625 -0.05029296875 -0.182846069335938
-0.228118896484375 -0.0725555419921875 -0.0213508605957031 -0.0573997497558594
-0.197311401367188 0.068206787109375 0.0241546630859375 -0.0807723999023438
-0.106155395507812 0.1484375 -0.01727294921875 -0.135696411132813
0.005859375 0.194656372070313 -0.0812835693359375 -0.130996704101563
0.0753326416015625 0.164566040039063 -0.128753662109375 -0.10406494140625
0.0734710693359375 0.15423583984375 -0.14276123046875 -0.092926025390625
0.0819549560546875 0.179336547851562 -0.142776489257813 -0.121978759765625
0.0190277099609375 0.191925048828125 -0.08251953125 -0.16162109375
-0.09130859375 0.169342041015625 -0.00798034667968752 -0.18328857421875
-0.160934448242188 0.099761962890625 0.0788803100585937 -0.129287719726563
-0.206588745117188 -0.0738677978515625 0.117507934570312 -0.0294952392578125
-0.184432983398438 -0.194198608398437 0.0323867797851562 0.0115566253662109
-0.107330322265625 -0.248092651367187 0.0319728851318359 -0.00648498535156252
-0.128204345703125 -0.147232055664062 0.0162353515625 -0.385528564453125
-0.145294189453125 -0.080291748046875 -0.07171630859375 -0.216140747070313
-0.131065368652344 -0.00441741943359377 -0.0283546447753906 -0.063385009765625
-0.0912399291992188 0.0495452880859375 0.0272903442382812 -0.0979156494140625
-0.0445938110351562 0.0758743286132813 -0.0148773193359375 -0.154434204101563
-0.000160217285156257 0.100761413574219 -0.0948333740234375 -0.163436889648438
0.0267715454101562 0.090545654296875 -0.158935546875 -0.13983154296875
0.0287017822265625 0.0877838134765625 -0.176895141601563 -0.121871948242188
0.0287628173828125 0.106582641601563 -0.1707763671875 -0.154541015625
-0.01373291015625 0.103164672851563 -0.100341796875 -0.199508666992188
-0.0693130493164063 0.0753860473632813 -0.00898742675781251 -0.200393676757813
-0.08599853515625 0.0322723388671875 0.0786590576171875 -0.131950378417969
-0.09637451171875 -0.04937744140625 0.0890884399414063 -0.032073974609375
-0.101112365722656 -0.0964813232421875 -0.00766372680664063 -0.0256595611572266
-0.0861663818359375 -0.132820129394531 0.018463134765625 -0.0927276611328125
-0.120559692382812 -0.00811004638671876 -0.010589599609375 -0.420318603515625
-0.082672119140625 0.0306015014648437 -0.0960540771484375 -0.233856201171875
-0.0257415771484375 0.058441162109375 -0.049835205078125 -0.0637016296386719
0.0172882080078125 0.0265903472900391 0.0112075805664063 -0.0956192016601563
0.0184841156005859 -0.00221443176269531 -0.019439697265625 -0.142044067382813
-0.00602579116821289 -0.00367593765258789 -0.098480224609375 -0.163681030273438
-0.0255813598632813 0.00481605529785156 -0.166839599609375 -0.149093627929688
-0.0194301605224609 0.00792121887207031 -0.18414306640625 -0.1334228515625
-0.0266227722167969 0.0181846618652344 -0.171600341796875 -0.169296264648438
-0.04058837890625 -0.000408172607421867 -0.095733642578125 -0.216964721679688
-0.03338623046875 -0.0247268676757813 0.00367736816406249 -0.19384765625
0.00206565856933594 -0.0304279327392578 0.0821762084960938 -0.116744995117188
0.0202217102050781 -0.00901603698730469 0.0670433044433594 -0.0223159790039063
-0.0136127471923828 0.0184860229492188 -0.0266456604003906 -0.0431938171386719
-0.0591583251953125 0.0044708251953125 0.0112838745117187 -0.140335083007813
0.0412750244140625 -0.150588989257813 0.032379150390625 0.135658264160156
-0.0787811279296875 -0.144058227539063 0.0335884094238281 0.035369873046875
-0.138809204101563 -0.0345916748046875 -0.0601806640625 -0.00502777099609375
-0.094390869140625 0.0768890380859375 -0.0950164794921875 0.0933914184570312
-0.0255508422851562 0.109642028808594 -0.03204345703125 0.162429809570313
0.0553665161132813 0.0972442626953125 0.0884246826171875 0.198638916015625
0.0950164794921875 0.0705337524414063 0.173568725585938 0.168487548828125
0.0753402709960938 0.0722579956054688 0.175872802734375 0.126129150390625
0.0772552490234375 0.0866928100585938 0.150604248046875 0.134185791015625
0.0214004516601562 0.113059997558594 0.094512939453125 0.159408569335938
-0.057952880859375 0.0909576416015625 0.04168701171875 0.111335754394531
-0.105377197265625 0.0171279907226562 0.0275726318359375 0.0727920532226563
-0.0751724243164063 -0.0903472900390625 0.09381103515625 0.106224060058594
0.0108566284179687 -0.137123107910156 0.148391723632813 0.240249633789062
0.0756454467773437 -0.103614807128906 0.00738525390625003 0.4591064453125
0.010284423828125 -0.2779541015625 0.0345916748046875 0.083892822265625
-0.14013671875 -0.240509033203125 0.0258007049560547 0.0143375396728515
-0.231735229492188 -0.092010498046875 -0.0484085083007813 -0.01605224609375
-0.19244384765625 0.0923309326171875 -0.082000732421875 0.0625991821289063
-0.084228515625 0.176055908203125 -0.0445404052734375 0.113960266113281
0.0575408935546875 0.191940307617188 0.0513153076171875 0.158370971679688
0.134078979492188 0.149581909179688 0.125274658203125 0.14068603515625
0.112640380859375 0.144744873046875 0.129226684570313 0.0986480712890625
0.118865966796875 0.168853759765625 0.108963012695313 0.0953140258789063
0.037139892578125 0.200851440429687 0.0785980224609375 0.109962463378906
-0.093658447265625 0.172760009765625 0.0474929809570312 0.0570220947265625
-0.178695678710938 0.067626953125 0.0556449890136719 0.0361366271972656
-0.173858642578125 -0.12298583984375 0.135726928710938 0.0882339477539062
-0.0814971923828125 -0.23150634765625 0.172012329101562 0.222412109375
0.0254364013671875 -0.227935791015625 0.0418701171875 0.426513671875
-0.024200439453125 -0.367401123046875 0.0384407043457031 -0.0031242370605469
-0.185302734375 -0.306793212890625 0.00995445251464843 -0.0252361297607422
-0.299835205078125 -0.13818359375 -0.0388984680175781 -0.0245132446289063
-0.269424438476563 0.0955047607421875 -0.0585823059082031 0.0297508239746094
-0.13470458984375 0.220123291015625 -0.0468940734863281 0.0521202087402344
0.04779052734375 0.260971069335938 0.0120849609375 0.0950088500976563
0.153350830078125 0.20745849609375 0.0604095458984375 0.0908279418945313
0.134002685546875 0.195968627929688 0.0624618530273438 0.056671142578125
0.146575927734375 0.224639892578125 0.0473709106445313 0.0427436828613281
0.0540008544921875 0.261566162109375 0.0479698181152344 0.044158935546875
-0.111541748046875 0.23699951171875 0.0432357788085937 -0.0101280212402344
-0.227920532226562 0.12176513671875 0.076202392578125 -0.01116943359375
-0.261459350585938 -0.1280517578125 0.164138793945312 0.05828857421875
-0.1751708984375 -0.290679931640625 0.173492431640625 0.184310913085937
-0.035614013671875 -0.3189697265625 0.064117431640625 0.348846435546875
-0.061981201171875 -0.39996337890625 0.0401992797851563 -0.112052917480469
-0.215850830078125 -0.325286865234375 -0.0121002197265625 -0.07891845703125
-0.33203125 -0.1524658203125 -0.0321979522705078 -0.0344524383544922
-0.306182861328125 0.0961914062499999 -0.0289726257324219 -0.00750350952148437
-0.16064453125 0.235580444335937 -0.0400962829589844 -0.0187225341796875
0.0343017578125 0.29071044921875 -0.0268459320068359 0.0155467987060547
0.150604248046875 0.2327880859375 -0.0115509033203125 0.0255775451660156
0.136154174804687 0.216476440429688 -0.0140581130981445 0.00656890869140626
0.152633666992188 0.247695922851562 -0.0242061614990234 -0.0149650573730469
0.061981201171875 0.284912109375 0.00229644775390625 -0.0307083129882812
-0.113784790039063 0.267791748046875 0.0259017944335937 -0.0810546875
-0.244384765625 0.158828735351563 0.0847091674804687 -0.0633468627929687
-0.311767578125 -0.1146240234375 0.168472290039062 0.0202178955078125
-0.239532470703125 -0.304901123046875 0.1427001953125 0.12677001953125
-0.08941650390625 -0.359161376953125 0.0652008056640625 0.236068725585938
-0.095245361328125 -0.371185302734375 0.03729248046875 -0.226547241210938
-0.22216796875 -0.287506103515625 -0.0365753173828125 -0.137474060058594
-0.314422607421875 -0.130279541015625 -0.0267295837402344 -0.0461845397949219
-0.286376953125 0.09014892578125 0.00108718872070311 -0.0472908020019531
-0.153427124023438 0.214279174804687 -0.0296783447265625 -0.0861282348632813
0.020416259765625 0.272552490234375 -0.0607833862304688 -0.0658798217773437
0.124969482421875 0.221237182617188 -0.079437255859375 -0.0434951782226562
0.116485595703125 0.205459594726563 -0.0885162353515625 -0.0455322265625
0.133102416992188 0.235870361328125 -0.095184326171875 -0.071685791015625
0.051910400390625 0.264801025390625 -0.0475006103515625 -0.102401733398437
-0.107086181640625 0.249710083007813 0.00245666503906249 -0.144699096679687
-0.224212646484375 0.154388427734375 0.0812759399414063 -0.107307434082031
-0.29779052734375 -0.09576416015625 0.14874267578125 -0.0132598876953125
-0.249465942382812 -0.273483276367188 0.0872726440429687 0.064178466796875
-0.11541748046875 -0.33905029296875 0.0495147705078125 0.107048034667969
-0.118682861328125 -0.284088134765625 0.02630615234375 -0.328277587890625
-0.198486328125 -0.201278686523438 -0.0597381591796875 -0.188217163085938
-0.243423461914063 -0.076934814453125 -0.0243186950683594 -0.0577049255371094
-0.210220336914063 0.073944091796875 0.0213470458984375 -0.0815277099609375
-0.111328125 0.158782958984375 -0.0214996337890625 -0.13629150390625
0.00857543945312502 0.206878662109375 -0.0861053466796875 -0.130439758300781
0.0820770263671875 0.172927856445313 -0.13323974609375 -0.103248596191406
0.079498291015625 0.161865234375 -0.147857666015625 -0.0913238525390625
0.09039306640625 0.188568115234375 -0.150253295898438 -0.119888305664063
0.0241851806640625 0.203536987304687 -0.0887451171875 -0.162582397460938
-0.095001220703125 0.182510375976563 -0.0137939453125 -0.187973022460938
-0.171310424804687 0.106552124023437 0.076690673828125 -0.133125305175781
-0.220993041992188 -0.078643798828125 0.117446899414062 -0.031829833984375
-0.196441650390625 -0.204498291015625 0.0293025970458984 0.00962066650390624
-0.110321044921875 -0.262496948242188 0.0297584533691406 -0.0135211944580078
-0.129104614257813 -0.156936645507813 0.00802612304687496 -0.401458740234375
-0.149658203125 -0.0890045166015625 -0.0806884765625 -0.224700927734375
-0.139366149902344 -0.00790405273437501 -0.0322608947753906 -0.0650253295898437
-0.100433349609375 0.0514144897460938 0.0252304077148438 -0.0992965698242188
-0.049560546875 0.0812759399414063 -0.0185546875 -0.157028198242188
0.000335693359375007 0.109848022460938 -0.100814819335937 -0.165664672851562
0.0297622680664062 0.0986709594726563 -0.16656494140625 -0.141799926757813
0.0321197509765625 0.0945892333984375 -0.18353271484375 -0.122329711914063
0.0328216552734375 0.114402770996094 -0.179443359375 -0.154541015625
-0.0118942260742187 0.112998962402344 -0.107696533203125 -0.202835083007812
-0.0739288330078125 0.084381103515625 -0.013885498046875 -0.206008911132812
-0.0946807861328125 0.0353012084960938 0.0761337280273437 -0.137123107910156
-0.105865478515625 -0.055511474609375 0.0881271362304688 -0.0333480834960938
-0.10723876953125 -0.105361938476563 -0.0121498107910156 -0.0288219451904297
-0.085479736328125 -0.1434326171875 0.0164718627929687 -0.10540771484375
-0.118309020996094 -0.0101089477539062 -0.0184326171875 -0.44024658203125
-0.0814056396484375 0.0261993408203125 -0.105545043945312 -0.2440185546875
-0.026397705078125 0.0560302734375 -0.053619384765625 -0.0651092529296875
0.0135383605957031 0.0246238708496094 0.00995635986328125 -0.0979537963867188
0.0144948959350586 -0.00186252593994141 -0.0221405029296875 -0.146011352539063
-0.00862646102905273 0.000534534454345703 -0.10369873046875 -0.1678466796875
-0.0258274078369141 0.0104446411132812 -0.174270629882813 -0.153411865234375
-0.0202980041503906 0.0127773284912109 -0.192123413085937 -0.13580322265625
-0.0266361236572266 0.0239791870117188 -0.1815185546875 -0.1717529296875
-0.0427169799804687 0.00682449340820313 -0.104141235351563 -0.220474243164063
-0.0385856628417969 -0.0201873779296875 -0.000717163085937499 -0.199874877929688
-0.00368690490722656 -0.0304679870605469 0.0823135375976563 -0.122634887695313
0.0163812637329102 -0.0148153305053711 0.0673713684082031 -0.0230941772460937
-0.013336181640625 0.0124835968017578 -0.0304489135742187 -0.0474319458007813
-0.0550804138183594 -0.000606536865234384 0.00912475585937501 -0.15625
0.0352630615234375 -0.15533447265625 0.0374298095703125 0.155319213867188
-0.087738037109375 -0.142440795898438 0.0373611450195312 0.0428733825683594
-0.143096923828125 -0.0288848876953125 -0.0611724853515625 -0.00235366821289063
-0.092376708984375 0.0814743041992187 -0.0964279174804688 0.101150512695313
-0.0206985473632812 0.113395690917969 -0.028411865234375 0.17156982421875
0.0619735717773438 0.096588134765625 0.099456787109375 0.206192016601563
0.101173400878906 0.0667877197265625 0.189071655273438 0.17279052734375
0.0817489624023438 0.069366455078125 0.190200805664062 0.129119873046875
0.0854034423828125 0.0841751098632813 0.163726806640625 0.13861083984375
0.0295639038085938 0.115325927734375 0.105636596679687 0.165328979492188
-0.0546875 0.0980224609375 0.0467987060546875 0.117134094238281
-0.108993530273438 0.0244293212890625 0.0300216674804687 0.0766677856445313
-0.0832977294921875 -0.0882034301757812 0.103355407714844 0.10711669921875
0.000900268554687506 -0.142547607421875 0.163711547851563 0.2493896484375
0.0699005126953125 -0.110633850097656 0.021270751953125 0.488555908203125
-0.000762939453124995 -0.291900634765625 0.036041259765625 0.100738525390625
-0.155349731445313 -0.242706298828125 0.0274486541748047 0.0213794708251953
-0.244674682617187 -0.0873260498046875 -0.0497817993164063 -0.0133590698242187
-0.197494506835937 0.101760864257813 -0.0837173461914063 0.06982421875
-0.080657958984375 0.186538696289063 -0.0440139770507813 0.122917175292969
0.0665283203125 0.198104858398438 0.059722900390625 0.167129516601563
0.145858764648438 0.149520874023438 0.138717651367188 0.146331787109375
0.124008178710938 0.145828247070312 0.141098022460937 0.102615356445313
0.133499145507813 0.170150756835937 0.118408203125 0.100502014160156
0.04986572265625 0.20892333984375 0.0880966186523437 0.115684509277344
-0.090087890625 0.186599731445313 0.0506629943847656 0.0597076416015625
-0.186752319335937 0.0804595947265625 0.0564994812011719 0.0376853942871094
-0.191574096679688 -0.12164306640625 0.14385986328125 0.0869903564453125
-0.100143432617188 -0.24090576171875 0.186309814453125 0.229049682617188
0.0138092041015625 -0.2430419921875 0.0562744140625 0.451141357421875
-0.038665771484375 -0.387786865234375 0.0358695983886719 0.00801849365234373
-0.206695556640625 -0.314178466796875 0.00854110717773436 -0.0204238891601563
-0.320343017578125 -0.1341552734375 -0.040863037109375 -0.0225830078125
-0.28106689453125 0.1107177734375 -0.0605201721191406 0.0350265502929688
-0.133773803710937 0.235748291015625 -0.0480880737304688 0.0595169067382813
0.0600128173828125 0.272476196289062 0.0162277221679688 0.103363037109375
0.168563842773438 0.21136474609375 0.0695648193359375 0.0971832275390625
0.149093627929688 0.20068359375 0.0696449279785156 0.0612297058105469
0.16455078125 0.230148315429688 0.05303955078125 0.0484504699707031
0.0695037841796875 0.273880004882813 0.0534782409667969 0.0479965209960938
-0.107559204101562 0.256927490234375 0.0436363220214844 -0.00986480712890623
-0.238327026367188 0.138824462890625 0.076171875 -0.0123672485351562
-0.2855224609375 -0.12591552734375 0.171478271484375 0.0545654296875
-0.201202392578125 -0.3018798828125 0.185211181640625 0.18817138671875
-0.051116943359375 -0.3392333984375 0.07537841796875 0.366546630859375
-0.0777587890625 -0.424102783203125 0.0343704223632812 -0.109725952148438
-0.23944091796875 -0.336517333984375 -0.0175399780273438 -0.0776824951171875
-0.357574462890625 -0.149566650390625 -0.0349521636962891 -0.0332355499267578
-0.32220458984375 0.1124267578125 -0.030813217163086 -0.00455284118652343
-0.162445068359375 0.254684448242188 -0.0433807373046875 -0.0137672424316406
0.04644775390625 0.306915283203125 -0.0269660949707031 0.0213565826416016
0.167037963867188 0.240936279296875 -0.00814628601074218 0.0312118530273438
0.152496337890625 0.225006103515625 -0.0120725631713867 0.0111551284790039
0.17291259765625 0.256942749023438 -0.0251026153564453 -0.00983428955078123
0.07867431640625 0.2994384765625 0.00297737121582032 -0.0288238525390625
-0.110595703125 0.291046142578125 0.0222549438476562 -0.0839309692382812
-0.256561279296875 0.1783447265625 0.0828628540039063 -0.0671539306640625
-0.338775634765625 -0.11138916015625 0.173919677734375 0.01580810546875
-0.270355224609375 -0.31524658203125 0.150619506835937 0.12823486328125
-0.107452392578125 -0.3822021484375 0.0725555419921875 0.245162963867188
-0.1099853515625 -0.394317626953125 0.0269622802734375 -0.234329223632813
-0.24530029296875 -0.30084228515625 -0.0460052490234375 -0.140899658203125
-0.3408203125 -0.128021240234375 -0.0305099487304688 -0.0456123352050781
-0.303558349609375 0.106231689453125 -0.00128555297851565 -0.046478271484375
-0.156112670898437 0.233642578125 -0.0348129272460938 -0.0860061645507812
0.031463623046875 0.289825439453125 -0.0648422241210938 -0.06317138671875
0.140487670898438 0.230712890625 -0.0830307006835937 -0.0403976440429687
0.13177490234375 0.215011596679688 -0.092071533203125 -0.0419387817382813
0.151260375976563 0.245773315429688 -0.10186767578125 -0.0669326782226563
0.0674285888671875 0.280380249023437 -0.0528488159179687 -0.102455139160156
-0.10516357421875 0.271743774414063 -0.0047454833984375 -0.150146484375
-0.235824584960937 0.172927856445313 0.0778884887695312 -0.113624572753906
-0.324432373046875 -0.09423828125 0.152023315429687 -0.017822265625
-0.277313232421875 -0.284271240234375 0.0896835327148437 0.0643844604492187
-0.13128662109375 -0.360809326171875 0.0517730712890625 0.10760498046875
-0.13037109375 -0.303558349609375 0.0130615234375 -0.343719482421875
-0.216644287109375 -0.213134765625 -0.0714874267578125 -0.196197509765625
-0.264663696289063 -0.0760345458984375 -0.0297355651855469 -0.058929443359375
-0.225982666015625 0.08648681640625 0.018524169921875 -0.0842437744140625
-0.11602783203125 0.174148559570313 -0.0281219482421875 -0.138908386230469
0.0165863037109375 0.223037719726562 -0.093841552734375 -0.131340026855469
0.0945281982421875 0.183364868164063 -0.142074584960938 -0.102188110351562
0.091278076171875 0.172012329101562 -0.156494140625 -0.0880889892578125
0.104324340820313 0.199874877929688 -0.1611328125 -0.117721557617188
0.035125732421875 0.217910766601562 -0.098175048828125 -0.164566040039063
-0.0958709716796875 0.200653076171875 -0.0229034423828125 -0.194931030273438
-0.182830810546875 0.11968994140625 0.0730438232421875 -0.140869140625
-0.241729736328125 -0.0789794921875 0.11871337890625 -0.0360183715820313
-0.216995239257813 -0.21392822265625 0.0263385772705078 0.00771522521972655
-0.120819091796875 -0.28125 0.0275382995605469 -0.0216388702392578
-0.135726928710938 -0.168960571289063 -0.00784301757812498 -0.426116943359375
-0.159393310546875 -0.0964813232421875 -0.0962371826171875 -0.23681640625
-0.151153564453125 -0.00862121582031249 -0.0387916564941406 -0.0675926208496094
-0.111030578613281 0.0572509765625 0.022186279296875 -0.104110717773438
-0.0539093017578125 0.0895233154296875 -0.025238037109375 -0.1624755859375
0.0031890869140625 0.121284484863281 -0.110992431640625 -0.169586181640625
0.036834716796875 0.107955932617188 -0.178924560546875 -0.14349365234375
0.0379180908203125 0.103065490722656 -0.196151733398437 -0.121337890625
0.0408935546875 0.124076843261719 -0.19427490234375 -0.154327392578125
-0.00724029541015626 0.125022888183594 -0.120651245117187 -0.208053588867188
-0.0775680541992188 0.0969924926757813 -0.02337646484375 -0.215728759765625
-0.103950500488281 0.0413970947265625 0.0737152099609375 -0.14599609375
-0.118232727050781 -0.059844970703125 0.0900039672851562 -0.0368423461914063
-0.117584228515625 -0.113922119140625 -0.0170059204101563 -0.0315170288085938
-0.08966064453125 -0.155746459960938 0.0108108520507813 -0.120841979980469
-0.118789672851563 -0.0116424560546875 -0.03424072265625 -0.468292236328125
-0.0824432373046875 0.0239105224609375 -0.121368408203125 -0.25799560546875
-0.0274200439453125 0.0544929504394531 -0.0592803955078125 -0.0677909851074219
0.0104484558105469 0.0237312316894531 0.0061798095703125 -0.102272033691406
0.0106039047241211 -0.00166034698486328 -0.0275115966796875 -0.15142822265625
-0.0106172561645508 0.00519275665283203 -0.114471435546875 -0.1734619140625
-0.0250034332275391 0.0165672302246094 -0.189163208007813 -0.157333374023438
-0.0202465057373047 0.0186119079589844 -0.206741333007813 -0.13739013671875
-0.0262813568115234 0.0302543640136719 -0.196212768554688 -0.17437744140625
-0.0437431335449219 0.0138206481933594 -0.118896484375 -0.227783203125
-0.0446395874023438 -0.0143508911132813 -0.00851440429687501 -0.21026611328125
-0.00968360900878906 -0.0315208435058594 0.081451416015625 -0.131797790527344
0.0122547149658203 -0.0207004547119141 0.0688896179199219 -0.0264930725097656
-0.0138921737670898 0.00720596313476563 -0.0361824035644531 -0.0529670715332031
-0.0531539916992187 -0.00577926635742186 0.002899169921875 -0.175445556640625
0.02606201171875 -0.160903930664062 0.0495147705078125 0.174636840820312
-0.0994338989257813 -0.137046813964844 0.0438423156738281 0.0503005981445312
-0.147857666015625 -0.0200958251953125 -0.0624008178710938 0.00182342529296875
-0.0888595581054688 0.0885009765625 -0.09466552734375 0.111289978027344
-0.013427734375 0.116828918457031 -0.0199432373046875 0.18206787109375
0.070648193359375 0.09478759765625 0.117218017578125 0.211151123046875
0.108650207519531 0.0602798461914062 0.210281372070313 0.170852661132813
0.089691162109375 0.064453125 0.208648681640625 0.125381469726563
0.0956649780273438 0.078369140625 0.180648803710938 0.137527465820313
0.0408096313476562 0.115638732910156 0.121963500976563 0.168304443359375
-0.0473861694335938 0.106056213378906 0.0551223754882812 0.120849609375
-0.110893249511719 0.0351333618164062 0.0346755981445312 0.0803146362304688
-0.0932693481445312 -0.0837936401367188 0.114334106445313 0.10516357421875
-0.0125885009765625 -0.146026611328125 0.1861572265625 0.253311157226563
0.059844970703125 -0.118522644042969 0.050628662109375 0.517059326171875
-0.020050048828125 -0.305572509765625 0.04290771484375 0.117347717285156
-0.17724609375 -0.240737915039062 0.0303878784179687 0.0283126831054687
-0.259353637695313 -0.075103759765625 -0.0515556335449219 -0.00972366333007812
-0.199295043945313 0.1170654296875 -0.0837173461914063 0.0788955688476563
-0.07257080078125 0.198974609375 -0.038604736328125 0.13311767578125
0.0821533203125 0.202178955078125 0.0736236572265625 0.17315673828125
0.161026000976563 0.145828247070313 0.157135009765625 0.146942138671875
0.1390380859375 0.143585205078125 0.156051635742188 0.102264404296875
0.15179443359375 0.167526245117188 0.131668090820313 0.101837158203125
0.0683746337890625 0.214767456054688 0.100845336914063 0.117530822753906
-0.0805816650390625 0.2034912109375 0.0551834106445312 0.0613517761230469
-0.191390991210938 0.0989532470703125 0.0591278076171875 0.038360595703125
-0.211456298828125 -0.11358642578125 0.154830932617188 0.081817626953125
-0.125762939453125 -0.244979858398438 0.207717895507813 0.231231689453125
-0.00494384765625001 -0.258209228515625 0.083770751953125 0.474700927734375
-0.0650634765625 -0.4066162109375 0.0358009338378906 0.0190048217773437
-0.236480712890625 -0.314727783203125 0.00727653503417967 -0.0149774551391602
-0.344329833984375 -0.12054443359375 -0.0433006286621094 -0.0199089050292969
-0.288970947265625 0.13275146484375 -0.0615425109863282 0.0419960021972656
-0.12677001953125 0.255874633789063 -0.0470542907714844 0.0680580139160156
0.0802001953125 0.28302001953125 0.0242233276367187 0.110588073730469
0.1904296875 0.210952758789063 0.0824050903320313 0.099884033203125
0.170196533203125 0.200485229492188 0.0800018310546875 0.0638427734375
0.1898193359375 0.230606079101563 0.0598793029785156 0.051971435546875
0.093536376953125 0.282989501953125 0.0601348876953125 0.0492095947265625
-0.09564208984375 0.279891967773438 0.0432014465332031 -0.0110015869140625
-0.243972778320313 0.164474487304688 0.0761184692382812 -0.01495361328125
-0.312835693359375 -0.11431884765625 0.1802978515625 0.0468597412109375
-0.235992431640625 -0.305267333984375 0.20220947265625 0.187606811523437
-0.07757568359375 -0.358612060546875 0.097991943359375 0.382568359375
-0.106719970703125 -0.4456787109375 0.0248794555664063 -0.106979370117188
-0.272857666015625 -0.338897705078125 -0.025115966796875 -0.0747833251953125
-0.386993408203125 -0.135101318359375 -0.0386695861816407 -0.0305519104003906
-0.333953857421875 0.139434814453125 -0.0333633422851563 -0.000268936157226551
-0.15631103515625 0.27947998046875 -0.0466880798339844 -0.00844573974609374
0.069610595703125 0.32220458984375 -0.0256557464599609 0.028829574584961
0.191436767578125 0.24273681640625 -0.00343322753906249 0.0356483459472656
0.175689697265625 0.2279052734375 -0.00866889953613281 0.0160255432128906
0.2003173828125 0.259658813476563 -0.0251312255859375 -0.00365447998046873
0.10516357421875 0.31097412109375 0.00250625610351563 -0.0275745391845703
-0.097686767578125 0.31732177734375 0.0163345336914062 -0.0875320434570312
-0.262496948242188 0.206787109375 0.0791473388671875 -0.072021484375
-0.368621826171875 -0.0969543457031251 0.179595947265625 0.00669860839843749
-0.308746337890625 -0.316375732421875 0.160736083984375 0.126785278320312
-0.13629150390625 -0.401123046875 0.0868377685546875 0.252960205078125
-0.13836669921875 -0.415191650390625 0.00936889648437497 -0.240859985351563
-0.277557373046875 -0.306182861328125 -0.060455322265625 -0.141036987304688
-0.369873046875 -0.115570068359375 -0.0364837646484375 -0.0451240539550781
-0.31787109375 0.1322021484375 -0.00508499145507815 -0.046295166015625
-0.152450561523437 0.258560180664063 -0.0419540405273438 -0.0842056274414062
0.05224609375 0.30712890625 -0.0708465576171875 -0.05743408203125
0.163848876953125 0.236526489257813 -0.08685302734375 -0.0347442626953125
0.153091430664063 0.220855712890625 -0.0960617065429687 -0.035064697265625
0.177001953125 0.250900268554688 -0.109207153320312 -0.0593719482421875
0.091033935546875 0.29296875 -0.0606918334960937 -0.102218627929687
-0.094482421875 0.297760009765625 -0.0156097412109375 -0.154617309570312
-0.24237060546875 0.198837280273438 0.0715560913085938 -0.120979309082031
-0.352325439453125 -0.080810546875 0.154678344726563 -0.026275634765625
-0.31292724609375 -0.284942626953125 0.0926437377929687 0.0626602172851562
-0.158233642578125 -0.378814697265625 0.0562973022460937 0.106819152832031
-0.1519775390625 -0.3189697265625 -0.011566162109375 -0.36114501953125
-0.241378784179688 -0.218048095703125 -0.091796875 -0.200775146484375
-0.287841796875 -0.0672912597656249 -0.0374107360839844 -0.0591392517089844
-0.23876953125 0.106246948242187 0.0139541625976562 -0.086700439453125
-0.11468505859375 0.193801879882813 -0.0379791259765625 -0.140884399414063
0.0316314697265625 0.238510131835938 -0.105636596679688 -0.129196166992188
0.112518310546875 0.190887451171875 -0.154342651367188 -0.0978393554687499
0.107894897460938 0.178741455078125 -0.167800903320313 -0.080810546875
0.124420166015625 0.206344604492188 -0.175384521484375 -0.110183715820313
0.0529937744140625 0.231048583984375 -0.112350463867188 -0.164337158203125
-0.0897064208984375 0.22222900390625 -0.037139892578125 -0.201736450195313
-0.190017700195312 0.139434814453125 0.0649261474609375 -0.150375366210937
-0.264846801757813 -0.07135009765625 0.119880676269531 -0.042327880859375
-0.244384765625 -0.216720581054688 0.0239620208740234 0.00676536560058592
-0.14111328125 -0.296417236328125 0.0228004455566406 -0.0297927856445313
-0.148284912109375 -0.177215576171875 -0.037445068359375 -0.449615478515625
-0.173126220703125 -0.0995330810546875 -0.11932373046875 -0.24468994140625
-0.1634521484375 -0.00413513183593749 -0.0469322204589844 -0.0681037902832031
-0.119705200195313 0.0680923461914063 0.0156478881835937 -0.108840942382813
-0.0557785034179687 0.10052490234375 -0.0355987548828125 -0.166458129882813
0.0109481811523438 0.132598876953125 -0.125350952148438 -0.170120239257813
0.0469970703125 0.11578369140625 -0.196380615234375 -0.14019775390625
0.0478515625 0.110519409179688 -0.212310791015625 -0.1153564453125
0.0526885986328125 0.132148742675781 -0.212921142578125 -0.14825439453125
0.00270843505859375 0.13629150390625 -0.139022827148437 -0.208892822265625
-0.0774383544921875 0.1124267578125 -0.038818359375 -0.223785400390625
-0.112152099609375 0.0516128540039063 0.066864013671875 -0.156448364257813
-0.133804321289063 -0.0591278076171875 0.0899124145507812 -0.0428009033203125
-0.133171081542969 -0.118202209472656 -0.0228195190429688 -0.0346298217773438
-0.099456787109375 -0.166976928710938 7.62939453125029E-05 -0.135673522949219
-0.121299743652344 -0.0106201171875 -0.066436767578125 -0.49530029296875
-0.0840072631835938 0.0232696533203125 -0.146743774414062 -0.267929077148438
-0.0273895263671875 0.0546875 -0.06903076171875 -0.0680999755859375
0.00738906860351562 0.023773193359375 7.62939453123875E-06 -0.106544494628906
0.00766563415527344 -0.00135183334350586 -0.0370635986328125 -0.156585693359375
-0.0114107131958008 0.0106878280639648 -0.128997802734375 -0.175827026367188
-0.0242271423339844 0.0230865478515625 -0.208587646484375 -0.155364990234375
-0.0191249847412109 0.0246086120605469 -0.225967407226563 -0.132095336914062
-0.0242118835449219 0.0374488830566406 -0.217727661132813 -0.170684814453125
-0.04351806640625 0.0222969055175781 -0.139419555664063 -0.230712890625
-0.0497474670410156 -0.00822830200195313 -0.02288818359375 -0.22064208984375
-0.0173530578613281 -0.0314064025878906 0.0762481689453125 -0.143569946289063
0.0072021484375 -0.0260391235351563 0.0694465637207031 -0.0310134887695313
-0.0150699615478516 0.0021657943725586 -0.0439529418945312 -0.0566062927246094
-0.0513458251953125 -0.00970458984375001 -0.0107269287109375 -0.195571899414063
0.0138092041015625 -0.162322998046875 0.0662689208984375 0.187789916992188
-0.10992431640625 -0.126556396484375 0.0525321960449219 0.05474853515625
-0.149383544921875 -0.00831604003906247 -0.0613288879394531 0.00691604614257811
-0.0814361572265625 0.094024658203125 -0.088287353515625 0.120689392089844
-0.004302978515625 0.118118286132813 -0.00798034667968749 0.188796997070313
0.0784759521484375 0.0894241333007812 0.136062622070313 0.20849609375
0.113327026367187 0.0506210327148437 0.230606079101563 0.161026000976563
0.0959243774414062 0.0558013916015625 0.22503662109375 0.115158081054687
0.104270935058594 0.0686264038085938 0.196945190429688 0.130340576171875
0.0528564453125 0.112274169921875 0.138763427734375 0.16363525390625
-0.0377273559570313 0.112274169921875 0.0655136108398438 0.120574951171875
-0.108863830566406 0.0463027954101563 0.0411834716796875 0.0814285278320313
-0.101341247558594 -0.075469970703125 0.12469482421875 0.0983200073242188
-0.027008056640625 -0.145095825195312 0.20953369140625 0.248703002929687
0.0474319458007812 -0.124191284179687 0.090179443359375 0.53204345703125
-0.04437255859375 -0.3095703125 0.0534286499023438 0.130897521972656
-0.198287963867187 -0.22906494140625 0.0345535278320312 0.0344486236572265
-0.269149780273437 -0.0576171875 -0.05108642578125 -0.0054931640625
-0.194442749023438 0.1334228515625 -0.0800018310546875 0.0877227783203125
-0.058868408203125 0.208251953125 -0.0303497314453125 0.141265869140625
0.100067138671875 0.199996948242187 0.0891876220703125 0.174667358398438
0.17559814453125 0.13623046875 0.174972534179688 0.140975952148437
0.154647827148438 0.13482666015625 0.170639038085938 0.096343994140625
0.1702880859375 0.15753173828125 0.144378662109375 0.09844970703125
0.0901336669921875 0.21295166015625 0.113197326660156 0.114700317382813
-0.0646209716796875 0.216720581054688 0.0599861145019531 0.0601272583007813
-0.189453125 0.120376586914063 0.0614280700683594 0.0376396179199219
-0.227691650390625 -0.0982513427734375 0.163299560546875 0.0721893310546875
-0.153274536132813 -0.240158081054688 0.227569580078125 0.224578857421875
-0.0290069580078125 -0.265380859375 0.120025634765625 0.485595703125
-0.09765625 -0.414520263671875 0.0368385314941406 0.02984619140625
-0.2664794921875 -0.302947998046875 0.00623321533203123 -0.00883483886718752
-0.361541748046875 -0.097137451171875 -0.0449905395507813 -0.0157432556152344
-0.287322998046875 0.157257080078125 -0.0605430603027344 0.0487785339355469
-0.11041259765625 0.272354125976563 -0.0431137084960938 0.0764007568359375
0.1051025390625 0.28509521484375 0.034149169921875 0.114898681640625
0.211090087890625 0.20196533203125 0.0955047607421875 0.0990829467773438
0.190994262695313 0.19293212890625 0.0900039672851563 0.0626907348632813
0.214553833007812 0.221588134765625 0.0680885314941406 0.0535659790039063
0.12115478515625 0.28326416015625 0.0667037963867188 0.0473747253417969
-0.0748291015625 0.298675537109375 0.0420417785644531 -0.0126800537109375
-0.2408447265625 0.190811157226563 0.0740280151367187 -0.0179672241210937
-0.334075927734375 -0.0931396484375 0.185638427734375 0.0349884033203125
-0.2703857421875 -0.294189453125 0.217620849609375 0.179367065429687
-0.109100341796875 -0.3663330078125 0.1263427734375 0.387542724609375
-0.14288330078125 -0.454193115234375 0.0160751342773437 -0.100608825683594
-0.306427001953125 -0.329559326171875 -0.0330352783203125 -0.0683250427246094
-0.409149169921875 -0.110321044921875 -0.0422782897949219 -0.026397705078125
-0.335205078125 0.1705322265625 -0.0341854095458985 0.00426292419433595
-0.14007568359375 0.30096435546875 -0.0477333068847656 -0.00139236450195312
0.09820556640625 0.3280029296875 -0.0232925415039062 0.0353507995605469
0.215713500976563 0.237564086914063 0.00263977050781251 0.0396041870117188
0.19921875 0.221893310546875 -0.0033588409423828 0.0202159881591797
0.228912353515625 0.251983642578125 -0.0236167907714844 0.00186920166015626
0.134857177734375 0.31304931640625 0.00210571289062501 -0.0267677307128906
-0.075347900390625 0.337921142578125 0.00793457031249999 -0.0890960693359375
-0.257034301757813 0.236312866210937 0.0730972290039062 -0.0756683349609375
-0.39093017578125 -0.0719604492187501 0.18133544921875 -0.00457763671875
-0.345123291015625 -0.302947998046875 0.170852661132812 0.120223999023438
-0.17034912109375 -0.4075927734375 0.1048583984375 0.25341796875
-0.171966552734375 -0.422882080078125 -0.011505126953125 -0.239471435546875
-0.30950927734375 -0.29656982421875 -0.0755844116210938 -0.134796142578125
-0.3929443359375 -0.091461181640625 -0.0416641235351563 -0.0408859252929688
-0.32080078125 0.16241455078125 -0.00896072387695315 -0.0450820922851562
-0.139297485351562 0.280776977539063 -0.0490798950195312 -0.0795745849609375
0.078948974609375 0.31573486328125 -0.0755767822265625 -0.0494842529296875
0.188491821289062 0.234115600585937 -0.0885009765625 -0.0283966064453125
0.176559448242188 0.216705322265625 -0.097686767578125 -0.0265579223632812
0.205184936523438 0.246826171875 -0.114463806152344 -0.048797607421875
0.11883544921875 0.296295166015625 -0.0680694580078125 -0.0980300903320312
-0.074310302734375 0.31829833984375 -0.0301055908203125 -0.1563720703125
-0.238113403320312 0.226409912109375 0.0619277954101563 -0.125556945800781
-0.374969482421875 -0.057586669921875 0.153640747070312 -0.0362701416015625
-0.34661865234375 -0.271148681640625 0.0953903198242187 0.0596084594726562
-0.18902587890625 -0.385345458984375 0.0608291625976562 0.103904724121094
-0.178985595703125 -0.32525634765625 -0.0413818359375 -0.366180419921875
-0.265762329101563 -0.212692260742188 -0.112945556640625 -0.195999145507812
-0.30584716796875 -0.0505065917968749 -0.0453071594238281 -0.0561485290527344
-0.242950439453125 0.128936767578125 0.00754547119140623 -0.0882415771484375
-0.107284545898438 0.212066650390625 -0.048553466796875 -0.139572143554687
0.0517425537109375 0.248001098632812 -0.116264343261719 -0.122459411621094
0.13232421875 0.19293212890625 -0.164093017578125 -0.0865020751953125
0.126632690429688 0.17950439453125 -0.174789428710938 -0.06915283203125
0.147735595703125 0.205474853515625 -0.186813354492188 -0.09661865234375
0.073974609375 0.236663818359375 -0.127609252929688 -0.1588134765625
-0.0761566162109375 0.240158081054688 -0.054107666015625 -0.20361328125
-0.188812255859375 0.16046142578125 0.053619384765625 -0.155654907226563
-0.284820556640625 -0.056488037109375 0.11688232421875 -0.0501251220703125
-0.270156860351563 -0.207687377929687 0.0212688446044922 0.00568008422851561
-0.164459228515625 -0.30157470703125 0.0165252685546875 -0.037200927734375
-0.161117553710938 -0.179611206054687 -0.074798583984375 -0.460205078125
-0.186126708984375 -0.0970306396484375 -0.14599609375 -0.243698120117188
-0.172821044921875 0.00382995605468753 -0.0548820495605469 -0.0657539367675781
-0.123245239257813 0.080047607421875 0.00809478759765624 -0.111587524414063
-0.053558349609375 0.111434936523437 -0.0479736328125 -0.166824340820313
0.0228271484375 0.141525268554688 -0.139938354492188 -0.164688110351563
0.0601425170898437 0.118858337402344 -0.211654663085938 -0.129470825195313
0.0594482421875 0.11383056640625 -0.225509643554688 -0.102081298828125
0.066314697265625 0.134811401367188 -0.229110717773438 -0.135604858398438
0.0161285400390625 0.143829345703125 -0.158493041992188 -0.202789306640625
-0.07244873046875 0.127349853515625 -0.0581207275390625 -0.225006103515625
-0.116432189941406 0.0632705688476563 0.0553131103515625 -0.164443969726563
-0.148727416992187 -0.0528564453125 0.08782958984375 -0.0480194091796875
-0.14788818359375 -0.116790771484375 -0.0305442810058594 -0.0347175598144531
-0.11138916015625 -0.17291259765625 -0.0142822265625 -0.14654541015625
-0.12005615234375 -0.00849914550781251 -0.10662841796875 -0.508392333984375
-0.0846633911132813 0.0237274169921875 -0.173873901367187 -0.267959594726563
-0.0262107849121094 0.0538368225097656 -0.0784912109375 -0.064727783203125
0.00476646423339843 0.0242710113525391 -0.00753784179687501 -0.109153747558594
0.00431036949157715 -0.000125408172607422 -0.0485687255859375 -0.15789794921875
-0.0117597579956055 0.0152053833007813 -0.143692016601563 -0.172164916992188
-0.0207557678222656 0.0303268432617187 -0.226364135742188 -0.145172119140625
-0.0157699584960938 0.0302677154541016 -0.240829467773437 -0.120193481445313
-0.0209884643554687 0.0444564819335938 -0.236923217773438 -0.1595458984375
-0.0415878295898438 0.0309677124023437 -0.1610107421875 -0.224639892578125
-0.0528182983398438 -0.000194549560546878 -0.0418548583984375 -0.224655151367188
-0.0244293212890625 -0.0288009643554688 0.066375732421875 -0.153640747070313
5.34057617187471E-05 -0.0309658050537109 0.068023681640625 -0.0363388061523438
-0.0168275833129883 -0.00169086456298828 -0.0532302856445313 -0.0580215454101562
-0.0508995056152344 -0.0146141052246094 -0.0296478271484375 -0.208847045898437
0.00387573242187499 -0.159744262695313 0.08355712890625 0.194900512695313
-0.114875793457031 -0.114364624023437 0.0588493347167969 0.0584144592285156
-0.14508056640625 0.000518798828125003 -0.0596351623535156 0.0100898742675781
-0.0741348266601562 0.0972442626953125 -0.0814743041992188 0.126937866210938
0.00432586669921875 0.115936279296875 0.00363159179687499 0.19122314453125
0.0839080810546875 0.0826034545898438 0.1497802734375 0.200973510742188
0.115249633789063 0.0417556762695313 0.243545532226563 0.147247314453125
0.0992889404296875 0.0449905395507813 0.234466552734375 0.102630615234375
0.107879638671875 0.0577316284179687 0.207077026367188 0.120635986328125
0.06201171875 0.105018615722656 0.14971923828125 0.156494140625
-0.0276718139648438 0.114288330078125 0.0739593505859375 0.116645812988281
-0.103874206542969 0.0561599731445312 0.0455398559570313 0.0802383422851562
-0.10601806640625 -0.0654220581054688 0.131103515625 0.0899734497070313
-0.0406265258789062 -0.140350341796875 0.226409912109375 0.238555908203125
0.034942626953125 -0.124252319335938 0.124786376953125 0.5316162109375
-0.06494140625 -0.30621337890625 0.0657806396484375 0.139961242675781
-0.210235595703125 -0.212921142578125 0.0406341552734375 0.040802001953125
-0.270278930664063 -0.0393524169921875 -0.0503196716308594 -0.00131225585937501
-0.185821533203125 0.144577026367188 -0.0743637084960938 0.0935745239257813
-0.044464111328125 0.211776733398437 -0.02239990234375 0.145233154296875
0.11395263671875 0.1923828125 0.101226806640625 0.17144775390625
0.183837890625 0.125274658203125 0.186676025390625 0.131423950195313
0.164230346679688 0.12420654296875 0.179962158203125 0.086761474609375
0.181793212890625 0.144271850585938 0.153610229492188 0.0927276611328125
0.106643676757812 0.206405639648437 0.123664855957031 0.108360290527344
-0.048370361328125 0.223403930664063 0.0629005432128906 0.0583381652832031
-0.182037353515625 0.135848999023438 0.0640182495117187 0.036712646484375
-0.237716674804688 -0.0819091796875 0.167190551757812 0.06146240234375
-0.173477172851563 -0.228973388671875 0.24090576171875 0.213760375976562
-0.0496826171875 -0.265457153320313 0.151092529296875 0.482452392578125
-0.127197265625 -0.41058349609375 0.0406608581542969 0.0411529541015625
-0.2850341796875 -0.28375244140625 0.006441593170166 -0.000525474548339861
-0.368072509765625 -0.074859619140625 -0.0456886291503906 -0.0115699768066406
-0.279403686523438 0.177108764648437 -0.0572662353515625 0.0538215637207031
-0.0915985107421875 0.2808837890625 -0.0383377075195313 0.0815353393554688
0.124542236328125 0.277801513671875 0.0434494018554687 0.116371154785156
0.226577758789063 0.190383911132813 0.104957580566406 0.0947723388671875
0.205902099609375 0.181625366210938 0.0983123779296875 0.0588912963867188
0.232437133789062 0.2056884765625 0.0725784301757813 0.0526885986328125
0.143081665039063 0.275238037109375 0.0720443725585938 0.0449981689453125
-0.053558349609375 0.308685302734375 0.0384025573730469 -0.0136871337890625
-0.231048583984375 0.213226318359375 0.0723724365234375 -0.0179595947265625
-0.34619140625 -0.070159912109375 0.186019897460937 0.0249481201171875
-0.294769287109375 -0.277130126953125 0.226852416992187 0.169418334960937
-0.135009765625 -0.36187744140625 0.150115966796875 0.3824462890625
-0.17327880859375 -0.449371337890625 0.00987243652343748 -0.090728759765625
-0.328521728515625 -0.3096923828125 -0.0387840270996094 -0.0594024658203125
-0.419097900390625 -0.08587646484375 -0.0441246032714844 -0.0225906372070313
-0.326080322265625 0.194976806640625 -0.0336074829101563 0.00940704345703127
-0.1219482421875 0.313568115234375 -0.0478553771972656 0.00576019287109377
0.122589111328125 0.32550048828125 -0.0188865661621094 0.0395736694335938
0.234451293945313 0.224700927734375 0.00790786743164064 0.0412139892578125
0.216018676757813 0.211761474609375 0.000612258911132828 0.0226573944091797
0.249221801757813 0.237335205078125 -0.0205097198486328 0.0087413787841797
0.15869140625 0.303802490234375 0.000989913940429696 -0.0246944427490234
-0.051300048828125 0.347991943359375 0.00115966796875 -0.0865859985351562
-0.243545532226562 0.258758544921875 0.0668106079101563 -0.0770797729492187
-0.402984619140625 -0.0457458496093749 0.178985595703125 -0.014556884765625
-0.372283935546875 -0.2822265625 0.1737060546875 0.1123046875
-0.19549560546875 -0.402008056640625 0.1180419921875 0.248764038085938
-0.199951171875 -0.417694091796875 -0.025787353515625 -0.232345581054688
-0.329864501953125 -0.279296875 -0.0874862670898438 -0.125282287597656
-0.40380859375 -0.069091796875 -0.0454635620117188 -0.0370864868164062
-0.31561279296875 0.1861572265625 -0.0128593444824219 -0.0423507690429687
-0.123626708984375 0.295562744140625 -0.0521163940429688 -0.0732192993164063
0.104248046875 0.3143310546875 -0.0771408081054687 -0.0428009033203125
0.206741333007813 0.226058959960938 -0.0884780883789062 -0.020538330078125
0.19390869140625 0.21014404296875 -0.0964431762695312 -0.019805908203125
0.226776123046875 0.235076904296875 -0.115768432617187 -0.0374374389648438
0.14190673828125 0.29083251953125 -0.0741043090820313 -0.0930938720703125
-0.05316162109375 0.330108642578125 -0.041046142578125 -0.15362548828125
-0.228500366210938 0.24676513671875 0.05535888671875 -0.125556945800781
-0.38299560546875 -0.0342407226562499 0.148605346679688 -0.0425872802734375
-0.368865966796875 -0.252166748046875 0.0963134765625 0.0554351806640625
-0.21380615234375 -0.382080078125 0.0625076293945312 0.0990066528320312
-0.20013427734375 -0.3236083984375 -0.06646728515625 -0.36077880859375
-0.28125 -0.199615478515625 -0.130706787109375 -0.186676025390625
-0.313812255859375 -0.0321960449218751 -0.0515403747558594 -0.0523681640625
-0.23919677734375 0.148391723632813 0.00148010253906249 -0.0866928100585938
-0.0935211181640625 0.22308349609375 -0.0580825805664063 -0.133491516113281
0.072723388671875 0.248519897460937 -0.123237609863281 -0.111221313476562
0.150985717773438 0.187728881835938 -0.169479370117188 -0.0741729736328125
0.143524169921875 0.176116943359375 -0.176361083984375 -0.0567779541015625
0.16546630859375 0.199539184570313 -0.191146850585938 -0.0808868408203125
0.09490966796875 0.233688354492187 -0.134414672851563 -0.14898681640625
-0.05999755859375 0.252716064453125 -0.06951904296875 -0.19647216796875
-0.18255615234375 0.17803955078125 0.0406494140625 -0.15545654296875
-0.29486083984375 -0.03826904296875 0.112564086914062 -0.0545806884765625
-0.2874755859375 -0.1929931640625 0.0186347961425781 0.00392723083496093
-0.18182373046875 -0.300811767578125 0.00800323486328124 -0.0411338806152344
-0.170974731445313 -0.174270629882813 -0.10784912109375 -0.457611083984375
-0.1954345703125 -0.091033935546875 -0.1676025390625 -0.235366821289063
-0.177108764648437 0.01104736328125 -0.0621261596679688 -0.0606575012207031
-0.123023986816406 0.0916366577148437 -0.0019073486328125 -0.110931396484375
-0.0494155883789063 0.118057250976563 -0.0576934814453125 -0.162796020507813
0.03216552734375 0.14410400390625 -0.151443481445313 -0.155364990234375
0.0723495483398438 0.119873046875 -0.218597412109375 -0.116607666015625
0.0707855224609375 0.115196228027344 -0.23162841796875 -0.088165283203125
0.0796585083007813 0.135139465332031 -0.2369384765625 -0.119476318359375
0.0282745361328125 0.14532470703125 -0.170639038085938 -0.190032958984375
-0.0651702880859375 0.137336730957031 -0.0727996826171875 -0.22021484375
-0.116096496582031 0.0751419067382812 0.042755126953125 -0.165512084960938
-0.157150268554688 -0.0455322265625 0.0839080810546875 -0.0514450073242188
-0.158370971679688 -0.112548828125 -0.0362358093261719 -0.0324592590332031
-0.120391845703125 -0.173049926757813 -0.03076171875 -0.152450561523438
-0.115753173828125 -0.00511932373046877 -0.142120361328125 -0.50482177734375
-0.0848922729492187 0.0241165161132812 -0.19482421875 -0.260986328125
-0.0244140625 0.0514259338378906 -0.0834732055664063 -0.0592575073242187
0.00183868408203125 0.0244159698486328 -0.013580322265625 -0.109619140625
0.000746011734008789 0.00261878967285156 -0.0573272705078125 -0.155059814453125
-0.0100612640380859 0.0209770202636719 -0.1556396484375 -0.16448974609375
-0.0153026580810547 0.0338191986083984 -0.23858642578125 -0.1318359375
-0.0113754272460938 0.0352249145507813 -0.248870849609375 -0.106491088867188
-0.0136985778808594 0.0492439270019531 -0.246170043945312 -0.14373779296875
-0.0360069274902344 0.0360298156738281 -0.176437377929688 -0.21441650390625
-0.0528488159179687 0.00555801391601563 -0.057464599609375 -0.221450805664063
-0.0299167633056641 -0.0253257751464844 0.054718017578125 -0.157882690429688
-0.00802230834960937 -0.0306510925292969 0.0659255981445313 -0.0404014587402344
-0.0190334320068359 -0.00462913513183594 -0.059539794921875 -0.0561866760253906
-0.0491180419921875 -0.0175590515136719 -0.048309326171875 -0.215682983398437
-0.00238037109375001 -0.1558837890625 0.0965576171875 0.201889038085938
-0.116439819335937 -0.104782104492188 0.0670738220214844 0.0609130859375
-0.142364501953125 0.00685119628906248 -0.0572891235351563 0.0119476318359375
-0.069183349609375 0.0966720581054688 -0.0758514404296875 0.130020141601562
0.0103988647460937 0.113296508789062 0.0106048583984375 0.190155029296875
0.0868911743164063 0.0747604370117188 0.15789794921875 0.195053100585938
0.115730285644531 0.0348968505859375 0.250198364257813 0.137527465820313
0.100128173828125 0.0401458740234375 0.239212036132813 0.09429931640625
0.109642028808594 0.0488662719726563 0.2127685546875 0.1138916015625
0.0681991577148438 0.0995025634765625 0.157257080078125 0.15045166015625
-0.0206069946289062 0.114280700683594 0.0769729614257813 0.115715026855469
-0.0995635986328125 0.06146240234375 0.0491943359375 0.0796051025390625
-0.108306884765625 -0.0595321655273437 0.133491516113281 0.083984375
-0.0479354858398438 -0.13458251953125 0.234161376953125 0.2330322265625
0.0258407592773438 -0.122077941894531 0.14471435546875 0.530853271484375
-0.07733154296875 -0.3023681640625 0.0753936767578125 0.149322509765625
-0.217056274414063 -0.200180053710937 0.0447273254394531 0.0451889038085937
-0.2701416015625 -0.02984619140625 -0.0493087768554688 0.00144577026367187
-0.179428100585938 0.151351928710937 -0.0703582763671875 0.0972518920898438
-0.036529541015625 0.212127685546875 -0.015411376953125 0.14727783203125
0.122909545898437 0.186431884765625 0.10906982421875 0.169296264648437
0.189437866210938 0.116287231445313 0.194717407226563 0.124786376953125
0.168746948242188 0.115219116210938 0.186752319335938 0.0809783935546875
0.18927001953125 0.134262084960938 0.1595458984375 0.0896759033203125
0.117416381835938 0.1983642578125 0.127883911132813 0.104248046875
-0.036346435546875 0.226058959960938 0.0646743774414063 0.056732177734375
-0.175018310546875 0.146514892578125 0.065338134765625 0.0368270874023438
-0.241668701171875 -0.0703277587890625 0.167373657226562 0.0558013916015625
-0.186386108398438 -0.219940185546875 0.247711181640625 0.20782470703125
-0.0634765625 -0.261932373046875 0.16845703125 0.480499267578125
-0.141510009765625 -0.405303955078125 0.0456314086914062 0.0499382019042968
-0.29400634765625 -0.27020263671875 0.00787878036499022 0.00709915161132811
-0.37042236328125 -0.06072998046875 -0.0445899963378906 -0.00757980346679689
-0.271011352539063 0.189239501953125 -0.0545425415039063 0.0583572387695313
-0.081024169921875 0.28564453125 -0.0337142944335938 0.084625244140625
0.139633178710938 0.273910522460938 0.0498123168945313 0.116500854492188
0.234588623046875 0.181243896484375 0.111129760742188 0.0916671752929688
0.21429443359375 0.172409057617188 0.105209350585938 0.0558090209960938
0.2431640625 0.195266723632813 0.078826904296875 0.054229736328125
0.157852172851563 0.26727294921875 0.0748748779296875 0.0422744750976563
-0.038482666015625 0.313201904296875 0.0377388000488281 -0.0134811401367187
-0.2218017578125 0.2247314453125 0.07122802734375 -0.0176162719726562
-0.35089111328125 -0.0554199218750001 0.184234619140625 0.0186309814453125
-0.3096923828125 -0.264404296875 0.23004150390625 0.16363525390625
-0.151092529296875 -0.36029052734375 0.161865234375 0.379058837890625
-0.191070556640625 -0.445648193359375 0.00823974609374999 -0.0808334350585938
-0.3408203125 -0.297515869140625 -0.0399856567382813 -0.0494575500488281
-0.423828125 -0.0681457519531251 -0.0439605712890625 -0.0179939270019531
-0.319671630859375 0.209442138671875 -0.0329437255859375 0.0116920471191406
-0.108306884765625 0.3194580078125 -0.0460472106933594 0.00878143310546876
0.138702392578125 0.3206787109375 -0.0150375366210937 0.0442085266113281
0.24658203125 0.2178955078125 0.013458251953125 0.0425987243652344
0.22808837890625 0.203262329101563 0.00785446166992189 0.023763656616211
0.26251220703125 0.227294921875 -0.0178031921386719 0.0127220153808594
0.175445556640625 0.2977294921875 0.00193405151367188 -0.0241928100585937
-0.033935546875 0.3548583984375 -0.00383758544921876 -0.0850067138671875
-0.235977172851563 0.273452758789062 0.0637435913085937 -0.074615478515625
-0.40887451171875 -0.02935791015625 0.176025390625 -0.0194091796875
-0.385711669921875 -0.266387939453125 0.174713134765625 0.1077880859375
-0.214569091796875 -0.3997802734375 0.122940063476562 0.243942260742187
-0.216705322265625 -0.41510009765625 -0.036407470703125 -0.22314453125
-0.34271240234375 -0.269683837890625 -0.0927734375 -0.115959167480469
-0.409698486328125 -0.05328369140625 -0.0476455688476563 -0.0314750671386719
-0.310760498046875 0.203338623046875 -0.0136871337890625 -0.0381965637207031
-0.110198974609375 0.30291748046875 -0.0546379089355469 -0.0691146850585938
0.120452880859375 0.31365966796875 -0.076202392578125 -0.0358123779296875
0.220458984375 0.218490600585938 -0.0853347778320312 -0.0148696899414063
0.205963134765625 0.203521728515625 -0.0915374755859375 -0.0145034790039062
0.239547729492188 0.2265625 -0.114494323730469 -0.0294570922851562
0.157867431640625 0.28570556640625 -0.0772705078125 -0.0886001586914062
-0.03656005859375 0.337249755859375 -0.048431396484375 -0.148635864257812
-0.219650268554688 0.2611083984375 0.0479660034179687 -0.123046875
-0.39111328125 -0.018798828125 0.146026611328125 -0.0461578369140625
-0.3819580078125 -0.23809814453125 0.0938034057617187 0.0546188354492187
-0.22869873046875 -0.3797607421875 0.0620193481445312 0.0948257446289062
-0.2120361328125 -0.321044921875 -0.083099365234375 -0.353759765625
-0.292572021484375 -0.1942138671875 -0.141098022460938 -0.177459716796875
-0.3206787109375 -0.0226135253906251 -0.0524673461914063 -0.0473365783691406
-0.238265991210937 0.162918090820313 -0.00349426269531251 -0.0845260620117187
-0.0875701904296875 0.232986450195313 -0.0613327026367188 -0.129570007324219
0.0868988037109375 0.251388549804688 -0.125480651855469 -0.104354858398437
0.162628173828125 0.183975219726563 -0.169219970703125 -0.0681915283203125
0.153167724609375 0.172531127929687 -0.174468994140625 -0.0495452880859375
0.177154541015625 0.195648193359375 -0.192855834960938 -0.07183837890625
0.106964111328125 0.23321533203125 -0.141159057617188 -0.141754150390625
-0.047943115234375 0.260177612304688 -0.0783233642578125 -0.193374633789062
-0.179901123046875 0.18914794921875 0.0362396240234375 -0.154098510742187
-0.30108642578125 -0.0281982421875 0.110015869140625 -0.0575408935546875
-0.29705810546875 -0.185394287109375 0.0150518417358398 0.0055551528930664
-0.193145751953125 -0.301666259765625 0.00193405151367187 -0.0446662902832031
-0.17669677734375 -0.176651000976563 -0.125335693359375 -0.45147705078125
-0.200042724609375 -0.0897979736328125 -0.180328369140625 -0.225570678710938
-0.180160522460938 0.0157012939453125 -0.0661849975585938 -0.0569725036621094
-0.12335205078125 0.0983352661132813 -0.00505065917968752 -0.10955810546875
-0.0456924438476562 0.124794006347656 -0.063079833984375 -0.158859252929688
0.0416107177734375 0.147811889648438 -0.154449462890625 -0.1473388671875
0.0809326171875 0.119255065917969 -0.223648071289063 -0.107635498046875
0.0781326293945313 0.114402770996094 -0.232162475585938 -0.079376220703125
0.088958740234375 0.135513305664063 -0.241928100585937 -0.109161376953125
0.037139892578125 0.147308349609375 -0.17718505859375 -0.181732177734375
-0.058258056640625 0.144180297851563 -0.0836944580078125 -0.216552734375
-0.118209838867188 0.082733154296875 0.0370941162109375 -0.165130615234375
-0.164535522460938 -0.040069580078125 0.0813674926757812 -0.0539398193359375
-0.164566040039063 -0.109115600585938 -0.0410614013671875 -0.0316352844238281
-0.125625610351563 -0.177658081054687 -0.0412139892578125 -0.155502319335938
-0.115592956542969 -0.00710296630859375 -0.165008544921875 -0.503509521484375
-0.0832977294921875 0.0210800170898438 -0.211181640625 -0.2523193359375
-0.0239486694335937 0.0510139465332031 -0.0881118774414063 -0.0552902221679688
0.000181198120117189 0.0243473052978516 -0.0186996459960938 -0.107795715332031
-0.000539779663085937 0.00451803207397461 -0.061798095703125 -0.151885986328125
-0.0080108642578125 0.0251998901367188 -0.160568237304687 -0.158340454101563
-0.0114326477050781 0.0362815856933594 -0.2440185546875 -0.1248779296875
-0.00861740112304687 0.0381088256835938 -0.25396728515625 -0.097412109375
-0.0112266540527344 0.0540313720703125 -0.2537841796875 -0.134414672851563
-0.0324058532714844 0.0409049987792969 -0.183349609375 -0.205429077148438
-0.0532302856445313 0.0138015747070313 -0.0672149658203125 -0.218185424804688
-0.0350322723388672 -0.0217609405517578 0.04827880859375 -0.158172607421875
-0.0124950408935547 -0.0324954986572266 0.0640220642089844 -0.0413627624511719
-0.0211582183837891 -0.00811195373535157 -0.0646781921386719 -0.0567665100097656
-0.0476493835449219 -0.0236587524414063 -0.0623626708984375 -0.221450805664063
-0.0055389404296875 -0.154876708984375 0.10797119140625 0.210662841796875
-0.117156982421875 -0.0999526977539062 0.0737380981445312 0.065032958984375
-0.140670776367188 0.00997924804687498 -0.0563850402832031 0.0129241943359375
-0.0661392211914062 0.0971832275390625 -0.0741653442382813 0.133392333984375
0.0131759643554688 0.111785888671875 0.0145721435546875 0.192916870117188
0.0895004272460938 0.0716705322265625 0.164093017578125 0.195022583007813
0.117195129394531 0.0314102172851563 0.258544921875 0.13397216796875
0.100677490234375 0.0354385375976563 0.2471923828125 0.0909271240234375
0.111404418945313 0.0433502197265625 0.221160888671875 0.112686157226563
0.072479248046875 0.09564208984375 0.163406372070313 0.149078369140625
-0.0152816772460938 0.115974426269531 0.0809097290039063 0.116081237792969
-0.0973358154296875 0.0656967163085937 0.0524063110351562 0.0806732177734375
-0.110458374023438 -0.0561065673828125 0.136985778808594 0.0819778442382813
-0.054412841796875 -0.131675720214844 0.2440185546875 0.2344970703125
0.0211029052734375 -0.120719909667969 0.160675048828125 0.53826904296875
-0.084442138671875 -0.3035888671875 0.084503173828125 0.159744262695312
-0.221847534179687 -0.194671630859375 0.0507240295410156 0.0515899658203125
-0.273818969726563 -0.0242156982421875 -0.0482711791992188 0.00284576416015625
-0.177017211914063 0.156478881835938 -0.068450927734375 0.101127624511719
-0.031494140625 0.214599609375 -0.0117645263671875 0.150177001953125
0.129837036132813 0.185028076171875 0.115341186523438 0.170608520507813
0.195358276367188 0.113143920898438 0.202651977539063 0.123016357421875
0.174819946289063 0.111251831054688 0.194503784179688 0.07855224609375
0.19561767578125 0.128494262695313 0.166244506835938 0.089752197265625
0.126235961914062 0.194992065429688 0.132926940917969 0.102996826171875
-0.0283203125 0.231491088867188 0.0658531188964844 0.0575981140136719
-0.173324584960938 0.1551513671875 0.0673828125 0.0381317138671875
-0.2489013671875 -0.0645294189453125 0.169662475585937 0.053466796875
-0.197677612304687 -0.215667724609375 0.25482177734375 0.20904541015625
-0.0731658935546875 -0.264633178710937 0.182037353515625 0.486602783203125
-0.153472900390625 -0.408294677734375 0.0510177612304688 0.0598869323730468
-0.303558349609375 -0.26593017578125 0.0120820999145508 0.0137567520141601
-0.37738037109375 -0.054046630859375 -0.0436744689941407 -0.00539398193359375
-0.2696533203125 0.198898315429688 -0.0530776977539063 0.061981201171875
-0.074554443359375 0.29193115234375 -0.03167724609375 0.0878753662109375
0.150848388671875 0.274383544921875 0.0549850463867188 0.119873046875
0.245590209960938 0.178421020507813 0.118736267089844 0.0914230346679688
0.223419189453125 0.169189453125 0.111770629882813 0.0541915893554688
0.253860473632813 0.190765380859375 0.0841293334960938 0.0560836791992188
0.169937133789063 0.265243530273438 0.0779953002929688 0.0418777465820313
-0.02801513671875 0.3214111328125 0.0361900329589844 -0.0122451782226562
-0.219100952148437 0.237823486328125 0.07275390625 -0.015899658203125
-0.360107421875 -0.046356201171875 0.186172485351562 0.016326904296875
-0.324676513671875 -0.259552001953125 0.235366821289063 0.164688110351563
-0.163238525390625 -0.3642578125 0.171295166015625 0.3826904296875
-0.204559326171875 -0.450042724609375 0.00819396972656248 -0.072998046875
-0.352020263671875 -0.293365478515625 -0.0392189025878906 -0.0421218872070313
-0.433990478515625 -0.061187744140625 -0.0439033508300782 -0.0150108337402344
-0.320831298828125 0.22418212890625 -0.0331974029541016 0.0155506134033203
-0.102081298828125 0.329559326171875 -0.0458145141601563 0.0113105773925781
0.15301513671875 0.323150634765625 -0.0111007690429687 0.0481109619140625
0.259719848632813 0.215316772460938 0.0179214477539063 0.0435867309570313
0.239456176757813 0.201019287109375 0.0125522613525391 0.0229301452636719
0.275054931640625 0.22369384765625 -0.0144929885864258 0.0170068740844727
0.1884765625 0.296295166015625 0.0026073455810547 -0.0243721008300781
-0.0230712890625 0.365753173828125 -0.00803375244140626 -0.0842056274414062
-0.2330322265625 0.286956787109375 0.0641403198242187 -0.0734329223632812
-0.419189453125 -0.0196838378906249 0.17730712890625 -0.0211181640625
-0.4010009765625 -0.26141357421875 0.177215576171875 0.109268188476563
-0.227264404296875 -0.406005859375 0.127105712890625 0.245407104492188
-0.229705810546875 -0.420745849609375 -0.0408782958984375 -0.217803955078125
-0.35577392578125 -0.267974853515625 -0.0963592529296875 -0.108253479003906
-0.42010498046875 -0.04656982421875 -0.048370361328125 -0.0283584594726563
-0.311309814453125 0.217620849609375 -0.0149688720703125 -0.0367279052734375
-0.104583740234375 0.3133544921875 -0.0559463500976563 -0.0670127868652344
0.13494873046875 0.316864013671875 -0.0755844116210937 -0.031585693359375
0.234695434570313 0.217987060546875 -0.0842056274414062 -0.012176513671875
0.217422485351563 0.202117919921875 -0.0892410278320312 -0.0125045776367187
0.25372314453125 0.226470947265625 -0.114036560058594 -0.0250244140625
0.170806884765625 0.2852783203125 -0.0780181884765625 -0.086700439453125
-0.026123046875 0.34771728515625 -0.054840087890625 -0.147109985351563
-0.217803955078125 0.274688720703125 0.046356201171875 -0.122093200683594
-0.4014892578125 -0.00866699218750006 0.147018432617187 -0.047760009765625
-0.3956298828125 -0.23333740234375 0.0936965942382812 0.0556259155273437
-0.239471435546875 -0.38623046875 0.060943603515625 0.0945587158203125
-0.2215576171875 -0.32574462890625 -0.0921630859375 -0.351837158203125
-0.302886962890625 -0.19464111328125 -0.148117065429688 -0.173019409179688
-0.329833984375 -0.0173950195312501 -0.0559234619140625 -0.0439682006835938
-0.240951538085937 0.17535400390625 -0.00524139404296876 -0.0829315185546875
-0.08349609375 0.241851806640625 -0.062835693359375 -0.128288269042969
0.0978546142578125 0.255462646484375 -0.127555847167969 -0.101905822753906
0.174163818359375 0.18389892578125 -0.171340942382812 -0.065185546875
0.164108276367188 0.172943115234375 -0.176055908203125 -0.0471343994140625
0.189346313476563 0.196487426757812 -0.195159912109375 -0.0655975341796874
0.117294311523437 0.235000610351563 -0.144821166992188 -0.140060424804687
-0.040863037109375 0.270645141601562 -0.0858917236328125 -0.191848754882812
-0.180465698242188 0.20013427734375 0.0334014892578125 -0.154129028320313
-0.310882568359375 -0.0208740234375 0.11053466796875 -0.0578842163085937
-0.30926513671875 -0.18414306640625 0.0122909545898437 0.00785827636718749
-0.20166015625 -0.310089111328125 -0.00411987304687502 -0.0477256774902344
-0.183364868164063 -0.181060791015625 -0.141357421875 -0.453826904296875
-0.207138061523438 -0.091064453125 -0.19085693359375 -0.223846435546875
-0.186431884765625 0.01763916015625 -0.0702781677246094 -0.0541954040527344
-0.127182006835938 0.105735778808594 -0.00780487060546876 -0.109626770019531
-0.0452423095703125 0.1309814453125 -0.06610107421875 -0.158859252929688
0.04937744140625 0.152145385742188 -0.15789794921875 -0.146286010742188
0.0897293090820313 0.120758056640625 -0.230438232421875 -0.103683471679688
0.0859603881835938 0.116806030273437 -0.2359619140625 -0.0758819580078125
0.0975265502929688 0.138458251953125 -0.24664306640625 -0.103195190429687
0.0441436767578125 0.151397705078125 -0.183685302734375 -0.179946899414063
-0.0546112060546875 0.153121948242187 -0.0910491943359375 -0.216644287109375
-0.120147705078125 0.09039306640625 0.033416748046875 -0.165618896484375
-0.171661376953125 -0.036712646484375 0.0818939208984375 -0.0550003051757812
-0.171188354492188 -0.110321044921875 -0.04522705078125 -0.0318756103515625
-0.130599975585938 -0.185623168945313 -0.050872802734375 -0.160751342773438
-0.115699768066406 -0.00926971435546878 -0.180084228515625 -0.510498046875
-0.0849838256835938 0.0187835693359375 -0.223892211914063 -0.252243041992187
-0.0251426696777344 0.0496482849121094 -0.09173583984375 -0.0533523559570313
-0.00231170654296875 0.0267467498779297 -0.0229568481445312 -0.107597351074219
-0.00276899337768555 0.00696563720703125 -0.0654144287109375 -0.15264892578125
-0.00605583190917969 0.0286674499511719 -0.165313720703125 -0.158401489257813
-0.008270263671875 0.0390357971191406 -0.2509765625 -0.121810913085938
-0.004425048828125 0.0415496826171875 -0.260101318359375 -0.0932464599609375
-0.00665664672851562 0.0575752258300781 -0.261184692382813 -0.130157470703125
-0.0298423767089844 0.0458450317382813 -0.191131591796875 -0.202438354492188
-0.0532989501953125 0.0200119018554687 -0.0744781494140625 -0.2186279296875
-0.0382957458496094 -0.0183029174804688 0.0441436767578125 -0.160369873046875
-0.0169563293457031 -0.0322666168212891 0.0646133422851563 -0.044189453125
-0.0232429504394531 -0.0119571685791016 -0.0700187683105469 -0.0578956604003906
-0.0485153198242187 -0.0298843383789063 -0.0745697021484375 -0.227981567382813
-0.00852966308593748 -0.157760620117187 0.123626708984375 0.2227783203125
-0.120750427246094 -0.0968093872070312 0.0826263427734375 0.0695724487304688
-0.143508911132813 0.0132598876953125 -0.0563087463378906 0.0138130187988281
-0.065093994140625 0.100105285644531 -0.0734481811523438 0.140327453613281
0.0162887573242188 0.113876342773438 0.0197601318359375 0.200820922851563
0.0938339233398438 0.0698471069335938 0.174896240234375 0.19830322265625
0.121360778808594 0.0280990600585937 0.273757934570312 0.133010864257813
0.10369873046875 0.0317230224609375 0.260284423828125 0.0880126953125
0.114860534667969 0.03863525390625 0.23370361328125 0.113052368164062
0.078643798828125 0.0933074951171875 0.173660278320313 0.150711059570313
-0.010040283203125 0.11981201171875 0.0859146118164063 0.118705749511719
-0.0966567993164062 0.071533203125 0.0570449829101563 0.083251953125
-0.115875244140625 -0.0541229248046875 0.142837524414063 0.0820159912109375
-0.0623321533203125 -0.131294250488281 0.259765625 0.24041748046875
0.0161361694335937 -0.1221923828125 0.18157958984375 0.55743408203125
-0.09552001953125 -0.311279296875 0.0973663330078125 0.172317504882812
-0.233016967773437 -0.19281005859375 0.0586051940917969 0.0579566955566406
-0.282501220703125 -0.019500732421875 -0.0481491088867188 0.00386428833007812
-0.178390502929687 0.165847778320313 -0.0681228637695313 0.107032775878906
-0.0264739990234375 0.223190307617188 -0.0095367431640625 0.156448364257812
0.141021728515625 0.186370849609375 0.1251220703125 0.17535400390625
0.207550048828125 0.11065673828125 0.216018676757812 0.122726440429688
0.184494018554688 0.108474731445313 0.206573486328125 0.07611083984375
0.207473754882813 0.125030517578125 0.177719116210937 0.0915069580078125
0.13775634765625 0.195907592773437 0.14129638671875 0.103591918945313
-0.020050048828125 0.241958618164063 0.0686264038085938 0.0594978332519531
-0.173873901367188 0.167526245117188 0.071807861328125 0.0397415161132813
-0.261581420898437 -0.0591888427734375 0.1761474609375 0.05181884765625
-0.214065551757813 -0.216552734375 0.270614624023438 0.214431762695313
-0.0850067138671875 -0.27252197265625 0.19879150390625 0.50286865234375
-0.169403076171875 -0.420684814453125 0.0588226318359375 0.0702743530273437
-0.319061279296875 -0.266632080078125 0.01666259765625 0.0206565856933594
-0.393585205078125 -0.0470275878906251 -0.0436782836914063 -0.0039825439453125
-0.274490356445313 0.214569091796875 -0.0535354614257813 0.0665016174316406
-0.069091796875 0.3052978515625 -0.0312042236328125 0.0928802490234375
0.166519165039063 0.278244018554688 0.06146240234375 0.125045776367188
0.26239013671875 0.177322387695313 0.128898620605469 0.0917892456054688
0.238235473632813 0.168365478515625 0.121116638183594 0.0526123046875
0.271560668945313 0.189071655273438 0.0916213989257813 0.0584030151367188
0.185379028320313 0.268844604492188 0.0824661254882813 0.041595458984375
-0.01605224609375 0.33673095703125 0.035675048828125 -0.0114936828613281
-0.21990966796875 0.255416870117187 0.0765151977539062 -0.016326904296875
-0.37847900390625 -0.0382080078125001 0.19256591796875 0.0135040283203125
-0.346893310546875 -0.259124755859375 0.246932983398437 0.168914794921875
-0.1802978515625 -0.37677001953125 0.185333251953125 0.394805908203125
-0.22344970703125 -0.463775634765625 0.0103302001953125 -0.0668182373046875
-0.371337890625 -0.2950439453125 -0.038848876953125 -0.0358200073242188
-0.452789306640625 -0.0538940429687501 -0.0446853637695313 -0.0127487182617187
-0.3267822265625 0.242889404296875 -0.0335140228271485 0.017965316772461
-0.096527099609375 0.346160888671875 -0.0470428466796875 0.0140724182128906
0.171356201171875 0.33026123046875 -0.00801849365234374 0.0524864196777344
0.279937744140625 0.215988159179687 0.0234146118164063 0.0454216003417969
0.257034301757813 0.20166015625 0.0172672271728516 0.0221366882324219
0.295989990234375 0.2239990234375 -0.0110454559326172 0.0205535888671875
0.206695556640625 0.301300048828125 0.00307464599609376 -0.0249462127685547
-0.0106201171875 0.382843017578125 -0.0119552612304687 -0.0841827392578125
-0.233978271484375 0.307952880859375 0.066619873046875 -0.0749053955078125
-0.439422607421875 -0.00888061523437492 0.18243408203125 -0.02459716796875
-0.426239013671875 -0.2608642578125 0.184661865234375 0.11322021484375
-0.2462158203125 -0.42010498046875 0.134735107421875 0.252853393554687
-0.247314453125 -0.435699462890625 -0.0464324951171875 -0.217864990234375
-0.375396728515625 -0.271148681640625 -0.100700378417969 -0.103790283203125
-0.441162109375 -0.040313720703125 -0.050079345703125 -0.0264091491699219
-0.318939208984375 0.237640380859375 -0.0163459777832031 -0.0353660583496094
-0.100006103515625 0.330780029296875 -0.0597953796386719 -0.0665626525878906
0.15289306640625 0.32537841796875 -0.0765304565429688 -0.0284576416015625
0.25457763671875 0.219406127929687 -0.0853195190429687 -0.0100021362304687
0.235443115234375 0.2047119140625 -0.0892333984375 -0.0120620727539063
0.274215698242188 0.227996826171875 -0.115303039550781 -0.02020263671875
0.187957763671875 0.291046142578125 -0.0820770263671875 -0.087127685546875
-0.01495361328125 0.365509033203125 -0.0617828369140625 -0.147659301757813
-0.2188720703125 0.294281005859375 0.0472488403320312 -0.125221252441406
-0.420867919921875 0.00158691406249992 0.150619506835937 -0.051483154296875
-0.419647216796875 -0.2332763671875 0.0962905883789062 0.0581741333007812
-0.257843017578125 -0.40167236328125 0.061370849609375 0.0974197387695312
-0.2371826171875 -0.337677001953125 -0.104888916015625 -0.357696533203125
-0.32122802734375 -0.19830322265625 -0.158111572265625 -0.17138671875
-0.347503662109375 -0.0127258300781251 -0.0595932006835938 -0.0420951843261719
-0.2479248046875 0.191970825195312 -0.00782012939453126 -0.0836944580078125
-0.080718994140625 0.256942749023438 -0.0680160522460937 -0.131095886230469
0.11334228515625 0.264144897460938 -0.1318359375 -0.100692749023438
0.191116333007813 0.1873779296875 -0.17803955078125 -0.0626373291015625
0.17889404296875 0.176406860351563 -0.181900024414063 -0.0457763671875
0.207809448242188 0.200485229492188 -0.2021484375 -0.0623016357421875
0.131698608398438 0.241943359375 -0.153045654296875 -0.1407470703125
-0.032684326171875 0.28607177734375 -0.094879150390625 -0.194534301757812
-0.1822509765625 0.216384887695313 0.032958984375 -0.15802001953125
-0.32708740234375 -0.013946533203125 0.113395690917969 -0.0618362426757812
-0.327545166015625 -0.185699462890625 0.00936031341552732 0.00926876068115233
-0.216217041015625 -0.324188232421875 -0.0105972290039063 -0.0501251220703125
-0.193328857421875 -0.189346313476563 -0.157867431640625 -0.465850830078125
-0.219223022460938 -0.0945281982421875 -0.2056884765625 -0.225692749023438
-0.196304321289063 0.0203399658203125 -0.0750961303710938 -0.0524368286132813
-0.132339477539063 0.116371154785156 -0.0115432739257813 -0.111076354980469
-0.044708251953125 0.141433715820313 -0.0718994140625 -0.16259765625
0.0588836669921875 0.1595458984375 -0.166351318359375 -0.1473388671875
0.100044250488281 0.1240234375 -0.241165161132813 -0.10260009765625
0.0965957641601563 0.120681762695312 -0.245376586914062 -0.0738372802734375
0.110198974609375 0.143524169921875 -0.2578125 -0.100540161132813
0.053070068359375 0.158248901367188 -0.194137573242188 -0.181243896484375
-0.0512847900390625 0.164901733398438 -0.101394653320313 -0.22027587890625
-0.1243896484375 0.100662231445312 0.031005859375 -0.17047119140625
-0.183547973632813 -0.034210205078125 0.0845718383789062 -0.0586166381835937
-0.18310546875 -0.113128662109375 -0.0505256652832031 -0.0325202941894531
-0.139373779296875 -0.197433471679688 -0.0631866455078125 -0.168594360351563
-0.117591857910156 -0.011138916015625 -0.20159912109375 -0.525054931640625
-0.0885086059570312 0.017791748046875 -0.241973876953125 -0.257034301757813
-0.0267105102539062 0.0485382080078125 -0.0982284545898438 -0.0514984130859375
-0.00452995300292969 0.0287895202636719 -0.0268402099609375 -0.109596252441406
-0.00380611419677734 0.00999069213867188 -0.0704193115234375 -0.156951904296875
-0.00345420837402344 0.0330905914306641 -0.17498779296875 -0.16168212890625
-0.00467300415039063 0.0416297912597656 -0.265151977539063 -0.120773315429687
-0.000747680664062501 0.0451393127441406 -0.272567749023438 -0.0908660888671875
-0.00203704833984375 0.0629959106445313 -0.275497436523438 -0.128280639648437
-0.0277481079101562 0.0509300231933594 -0.202911376953125 -0.204757690429688
-0.0540504455566406 0.0257301330566406 -0.082977294921875 -0.22381591796875
-0.0426139831542969 -0.0146217346191406 0.0413970947265625 -0.16595458984375
-0.0215797424316406 -0.0330657958984375 0.0665473937988281 -0.0466156005859375
-0.0261554718017578 -0.0152130126953125 -0.0776596069335938 -0.0601577758789063
-0.050201416015625 -0.0367851257324219 -0.088348388671875 -0.238998413085938
-0.0158843994140625 -0.163253784179688 0.1456298828125 0.235198974609375
-0.128448486328125 -0.0924530029296875 0.0953521728515625 0.0732192993164063
-0.1475830078125 0.02069091796875 -0.0577964782714844 0.0156288146972656
-0.0629043579101563 0.105171203613281 -0.0703887939453125 0.150253295898437
0.0223846435546875 0.11669921875 0.029571533203125 0.210769653320313
0.101089477539063 0.0662002563476563 0.1934814453125 0.201416015625
0.128448486328125 0.0221786499023438 0.29534912109375 0.126800537109375
0.1085205078125 0.0263137817382813 0.279266357421875 0.080047607421875
0.120208740234375 0.0314788818359375 0.2542724609375 0.109771728515625
0.08685302734375 0.0908660888671875 0.189620971679688 0.1505126953125
-0.00207519531249999 0.124885559082031 0.09552001953125 0.122001647949219
-0.0963821411132813 0.0798187255859375 0.0646896362304687 0.0854721069335937
-0.124320983886719 -0.0501861572265625 0.153854370117188 0.0799560546875
-0.0737228393554688 -0.131378173828125 0.28631591796875 0.24371337890625
0.00955200195312499 -0.125991821289063 0.21734619140625 0.58087158203125
-0.114105224609375 -0.32177734375 0.115646362304687 0.185317993164062
-0.249465942382813 -0.188629150390625 0.0691986083984375 0.0637931823730468
-0.297119140625 -0.00799560546875002 -0.0493812561035156 0.00561523437500001
-0.178726196289063 0.181167602539062 -0.0664825439453125 0.115509033203125
-0.016998291015625 0.234695434570313 -0.00331115722656252 0.166122436523438
0.157745361328125 0.186843872070313 0.14007568359375 0.180099487304688
0.224136352539063 0.104690551757812 0.235382080078125 0.118942260742187
0.198532104492188 0.103424072265625 0.2227783203125 0.0699920654296875
0.224044799804688 0.1187744140625 0.194488525390625 0.089599609375
0.15533447265625 0.196533203125 0.153915405273438 0.1024169921875
-0.00531005859374998 0.256118774414063 0.0742340087890625 0.0612411499023438
-0.173370361328125 0.18634033203125 0.07891845703125 0.0397109985351563
-0.280380249023438 -0.0495147705078125 0.186981201171875 0.0476837158203125
-0.237869262695312 -0.214752197265625 0.29449462890625 0.2169189453125
-0.103607177734375 -0.282928466796875 0.2333984375 0.5223388671875
-0.195465087890625 -0.434326171875 0.0694656372070312 0.0801467895507812
-0.345245361328125 -0.2630615234375 0.0236797332763672 0.0273342132568359
-0.41619873046875 -0.03277587890625 -0.0451240539550781 -0.00177764892578126
-0.276947021484375 0.238067626953125 -0.0531692504882813 0.0734481811523438
-0.058013916015625 0.324127197265625 -0.02947998046875 0.100486755371094
0.190643310546875 0.283111572265625 0.0727615356445313 0.131103515625
0.287200927734375 0.171844482421875 0.142730712890625 0.090972900390625
0.259292602539063 0.163833618164063 0.131866455078125 0.0484390258789063
0.29718017578125 0.18402099609375 0.103515625 0.0591201782226563
0.20928955078125 0.270431518554688 0.089385986328125 0.0403213500976563
0.00274658203125002 0.35601806640625 0.0362358093261719 -0.0110740661621094
-0.218780517578125 0.28118896484375 0.0816574096679687 -0.01885986328125
-0.404205322265625 -0.021881103515625 0.201019287109375 0.00640869140625
-0.37969970703125 -0.254669189453125 0.267135620117188 0.17083740234375
-0.208526611328125 -0.39093017578125 0.210540771484375 0.409423828125
-0.253662109375 -0.47906494140625 0.0114250183105469 -0.0625038146972657
-0.4027099609375 -0.293853759765625 -0.0388069152832031 -0.0298004150390625
-0.481689453125 -0.0371398925781251 -0.0466461181640625 -0.0105361938476563
-0.331878662109375 0.272430419921875 -0.0343761444091797 0.0221939086914063
-0.084197998046875 0.369598388671875 -0.0492134094238281 0.0187492370605469
0.19976806640625 0.33740234375 -0.00318527221679686 0.0585479736328125
0.307861328125 0.211944580078125 0.0296440124511719 0.04693603515625
0.281890869140625 0.1981201171875 0.0220527648925781 0.0200366973876953
0.327178955078125 0.220489501953125 -0.00674057006835936 0.0239791870117188
0.233489990234375 0.30523681640625 0.00231170654296876 -0.0262088775634765
0.01214599609375 0.405120849609375 -0.0175857543945313 -0.0850830078125
-0.23089599609375 0.3372802734375 0.0685958862304687 -0.0799102783203125
-0.466156005859375 0.0107421875 0.189422607421875 -0.033172607421875
-0.46185302734375 -0.254791259765625 0.198257446289062 0.11407470703125
-0.277099609375 -0.4381103515625 0.150070190429688 0.26177978515625
-0.27740478515625 -0.45068359375 -0.05560302734375 -0.220184326171875
-0.407318115234375 -0.26922607421875 -0.10919189453125 -0.0995254516601563
-0.469085693359375 -0.023712158203125 -0.0531578063964844 -0.0237350463867188
-0.32501220703125 0.267547607421875 -0.0186405181884766 -0.0340251922607422
-0.08935546875 0.3560791015625 -0.0659408569335938 -0.0657577514648437
0.1812744140625 0.335113525390625 -0.0791397094726562 -0.0241851806640625
0.28253173828125 0.217864990234375 -0.087158203125 -0.00614929199218748
0.260009765625 0.203720092773438 -0.0914535522460938 -0.0109710693359375
0.30499267578125 0.22686767578125 -0.119064331054687 -0.0142059326171875
0.214141845703125 0.29730224609375 -0.0899429321289062 -0.087799072265625
0.00604248046875002 0.38861083984375 -0.07275390625 -0.149429321289062
-0.2161865234375 0.32257080078125 0.0459823608398438 -0.132247924804687
-0.44805908203125 0.020355224609375 0.155899047851562 -0.0596771240234375
-0.45477294921875 -0.227142333984375 0.101570129394531 0.0600814819335937
-0.288848876953125 -0.418975830078125 0.0650711059570312 0.100692749023437
-0.26361083984375 -0.350799560546875 -0.12396240234375 -0.366912841796875
-0.347564697265625 -0.197418212890625 -0.174026489257813 -0.16961669921875
-0.3704833984375 -0.000122070312499972 -0.0644645690917969 -0.0398406982421875
-0.252655029296875 0.216690063476563 -0.0117950439453125 -0.0853195190429688
-0.072479248046875 0.277862548828125 -0.0774383544921875 -0.133697509765625
0.136444091796875 0.273651123046875 -0.14166259765625 -0.0982818603515625
0.214187622070312 0.187759399414063 -0.188125610351563 -0.05718994140625
0.200592041015625 0.177032470703125 -0.190689086914062 -0.0413665771484375
0.234268188476563 0.2017822265625 -0.213043212890625 -0.0543060302734375
0.152847290039063 0.248291015625 -0.1671142578125 -0.140579223632812
-0.01751708984375 0.306427001953125 -0.109893798828125 -0.19671630859375
-0.182449340820313 0.239700317382813 0.02838134765625 -0.166580200195312
-0.34869384765625 -3.05175781250237E-05 0.117317199707031 -0.0691909790039062
-0.35528564453125 -0.182403564453125 0.00813007354736326 0.0105648040771484
-0.242462158203125 -0.340301513671875 -0.0183525085449219 -0.0527229309082032
-0.210220336914063 -0.195556640625 -0.188079833984375 -0.481201171875
-0.236587524414063 -0.09368896484375 -0.228469848632813 -0.226654052734375
-0.210174560546875 0.0266265869140625 -0.0820465087890625 -0.0500640869140625
-0.135719299316406 0.131446838378906 -0.0175857543945313 -0.114097595214844
-0.0411224365234375 0.154373168945313 -0.0821075439453125 -0.16778564453125
0.073486328125 0.16656494140625 -0.180038452148438 -0.147567749023438
0.115165710449219 0.125732421875 -0.25823974609375 -0.0966644287109375
0.111152648925781 0.123451232910156 -0.26068115234375 -0.0675811767578125
0.1282958984375 0.147171020507813 -0.275421142578125 -0.09222412109375
0.0666351318359375 0.16534423828125 -0.212142944335938 -0.181106567382813
-0.0436248779296875 0.179489135742188 -0.116500854492187 -0.225601196289063
-0.127357482910156 0.115798950195313 0.0262451171875 -0.17938232421875
-0.198196411132812 -0.0274505615234375 0.0861434936523437 -0.0653228759765625
-0.200225830078125 -0.113235473632813 -0.0585403442382813 -0.0311279296875
-0.155975341796875 -0.20928955078125 -0.0791778564453125 -0.17626953125
-0.122276306152344 -0.0111541748046875 -0.237640380859375 -0.542327880859375
-0.0938873291015625 0.018096923828125 -0.2696533203125 -0.259857177734375
-0.0277862548828125 0.0489387512207031 -0.10736083984375 -0.0484771728515625
-0.00539779663085937 0.0320568084716797 -0.0338211059570313 -0.112655639648438
-0.0050048828125 0.013758659362793 -0.079833984375 -0.162246704101562
-0.000366210937500003 0.0374984741210937 -0.190185546875 -0.162643432617187
-0.00160980224609375 0.0447158813476563 -0.285675048828125 -0.115509033203125
0.00448226928710938 0.0493888854980469 -0.291107177734375 -0.083892822265625
0.0053253173828125 0.0682525634765625 -0.297393798828125 -0.121429443359375
-0.023712158203125 0.0572357177734375 -0.22314453125 -0.204940795898438
-0.0549812316894531 0.0326690673828125 -0.0980682373046875 -0.23065185546875
-0.0472335815429688 -0.00994491577148437 0.0361480712890625 -0.17596435546875
-0.0268497467041016 -0.033538818359375 0.0681648254394531 -0.0527267456054688
-0.0303897857666016 -0.0176353454589844 -0.0884857177734375 -0.0613174438476563
-0.0550918579101562 -0.0432968139648438 -0.11053466796875 -0.2506103515625
-0.027923583984375 -0.167343139648437 0.174468994140625 0.240798950195313
-0.136077880859375 -0.0831146240234375 0.110153198242187 0.0728302001953125
-0.14971923828125 0.0315093994140625 -0.0581855773925781 0.0191993713378906
-0.0575332641601562 0.111740112304688 -0.06207275390625 0.161773681640625
0.0309219360351562 0.117813110351563 0.0449066162109375 0.217849731445313
0.108787536621094 0.0593185424804688 0.215728759765625 0.196990966796875
0.134780883789063 0.0112991333007813 0.318695068359375 0.110809326171875
0.113021850585938 0.01715087890625 0.296905517578125 0.06329345703125
0.125167846679687 0.0214157104492187 0.274826049804687 0.096221923828125
0.0966873168945313 0.0843963623046875 0.209793090820312 0.143585205078125
0.00933837890625001 0.128547668457031 0.107490539550781 0.120979309082031
-0.0928115844726563 0.0897674560546875 0.0742263793945313 0.0848846435546875
-0.132713317871094 -0.0417327880859375 0.165664672851562 0.0733184814453125
-0.0875701904296875 -0.127372741699219 0.318206787109375 0.23577880859375
-0.000267028808593739 -0.128486633300781 0.26873779296875 0.5933837890625
-0.14105224609375 -0.3267822265625 0.139511108398438 0.192291259765625
-0.269927978515625 -0.175750732421875 0.0824813842773437 0.0662612915039062
-0.308380126953125 0.0126037597656251 -0.0499496459960938 0.00885772705078125
-0.1719970703125 0.200027465820312 -0.0606307983398438 0.125747680664063
-0.000747680664062516 0.243484497070313 0.00717163085937501 0.173995971679688
0.178680419921875 0.179931640625 0.161178588867188 0.179153442382813
0.242660522460938 0.08978271484375 0.256622314453125 0.10693359375
0.21368408203125 0.0912322998046875 0.237686157226563 0.0554351806640625
0.24212646484375 0.104476928710938 0.212326049804688 0.080474853515625
0.176544189453125 0.189987182617188 0.167572021484375 0.095794677734375
0.016754150390625 0.265914916992188 0.080902099609375 0.0606689453125
-0.166427612304688 0.207168579101562 0.0858993530273438 0.0359115600585938
-0.297576904296875 -0.0300292968749999 0.196823120117187 0.03704833984375
-0.265869140625 -0.203948974609375 0.323822021484375 0.2080078125
-0.129669189453125 -0.286590576171875 0.280609130859375 0.52960205078125
-0.232635498046875 -0.44049072265625 0.0835952758789062 0.0863723754882812
-0.374755859375 -0.248016357421875 0.0317058563232422 0.0326347351074219
-0.43621826171875 -0.00473022460937507 -0.0461273193359375 0.00160980224609375
-0.270050048828125 0.267654418945313 -0.0491561889648438 0.0814895629882813
-0.036224365234375 0.3404541015625 -0.0240554809570313 0.108306884765625
0.2216796875 0.277923583984375 0.0879058837890625 0.133125305175781
0.31439208984375 0.155609130859375 0.15869140625 0.08447265625
0.282745361328125 0.149810791015625 0.142425537109375 0.0390472412109375
0.32574462890625 0.167327880859375 0.115715026855469 0.0558853149414063
0.2391357421875 0.26422119140625 0.0958023071289063 0.035491943359375
0.033416748046875 0.370880126953125 0.0360794067382812 -0.0116539001464844
-0.2060546875 0.31048583984375 0.0852432250976562 -0.0247039794921875
-0.4256591796875 0.00674438476562495 0.208465576171875 -0.0067291259765625
-0.41729736328125 -0.236541748046875 0.290863037109375 0.162750244140625
-0.246246337890625 -0.3939208984375 0.2471923828125 0.4136962890625
-0.2962646484375 -0.48583984375 0.0121192932128906 -0.0584602355957032
-0.438720703125 -0.278656005859375 -0.0380477905273438 -0.0228614807128906
-0.507049560546875 -0.0060424804687499 -0.0479736328125 -0.00719451904296875
-0.324859619140625 0.307861328125 -0.0337581634521485 0.0277538299560547
-0.060546875 0.391998291015625 -0.0509872436523438 0.024810791015625
0.23602294921875 0.334320068359375 0.00419235229492189 0.0630226135253907
0.340087890625 0.196563720703125 0.03765869140625 0.0466537475585938
0.310150146484375 0.184722900390625 0.0259456634521485 0.0177764892578125
0.360931396484375 0.2030029296875 -0.00113105773925779 0.0270004272460938
0.268096923828125 0.2984619140625 0.000986099243164081 -0.0270290374755859
0.046722412109375 0.423309326171875 -0.025299072265625 -0.0841217041015625
-0.21502685546875 0.370025634765625 0.0675125122070312 -0.0877304077148437
-0.489410400390625 0.0449218749999999 0.193954467773437 -0.04693603515625
-0.502532958984375 -0.23138427734375 0.213638305664062 0.109344482421875
-0.321990966796875 -0.44134521484375 0.172409057617187 0.263565063476562
-0.31878662109375 -0.45556640625 -0.0700531005859375 -0.218978881835938
-0.44317626953125 -0.253692626953125 -0.117523193359375 -0.0909194946289063
-0.49468994140625 0.00668334960937502 -0.0570220947265625 -0.0196647644042969
-0.31866455078125 0.30499267578125 -0.021322250366211 -0.0319995880126953
-0.066741943359375 0.379180908203125 -0.0735397338867188 -0.0618362426757812
0.216949462890625 0.3330078125 -0.0805206298828125 -0.0181655883789062
0.3138427734375 0.20465087890625 -0.0882644653320312 -0.000709533691406255
0.2891845703125 0.192047119140625 -0.0948562622070312 -0.00729370117187498
0.34027099609375 0.2119140625 -0.121101379394531 -0.00514221191406247
0.2476806640625 0.29278564453125 -0.0998077392578125 -0.08477783203125
0.039031982421875 0.406402587890625 -0.08673095703125 -0.14715576171875
-0.202117919921875 0.354736328125 0.04034423828125 -0.140823364257812
-0.46917724609375 0.053253173828125 0.15728759765625 -0.0723419189453125
-0.49237060546875 -0.20574951171875 0.108367919921875 0.0587310791015625
-0.3316650390625 -0.42279052734375 0.071929931640625 0.100563049316406
-0.297271728515625 -0.352996826171875 -0.154022216796875 -0.369384765625
-0.376983642578125 -0.185455322265625 -0.19342041015625 -0.160171508789063
-0.391845703125 0.0237121582031251 -0.0700759887695313 -0.0349044799804688
-0.248428344726563 0.247390747070312 -0.018463134765625 -0.0854644775390625
-0.05548095703125 0.297576904296875 -0.0903854370117188 -0.132186889648437
0.16656494140625 0.274856567382813 -0.151351928710938 -0.09173583984375
0.240509033203125 0.178619384765625 -0.19842529296875 -0.0467071533203125
0.225143432617188 0.169189453125 -0.2008056640625 -0.032135009765625
0.2647705078125 0.19171142578125 -0.223526000976562 -0.0404663085937499
0.181060791015625 0.247848510742188 -0.183731079101563 -0.134445190429688
0.00772094726562498 0.3231201171875 -0.128799438476563 -0.194442749023437
-0.173110961914063 0.265625 0.0199432373046875 -0.174880981445313
-0.36749267578125 0.025299072265625 0.116188049316406 -0.0797882080078125
-0.386322021484375 -0.166534423828125 0.00672245025634763 0.0133485794067383
-0.277740478515625 -0.345489501953125 -0.0266609191894532 -0.0535850524902344
-0.2314453125 -0.195480346679687 -0.228485107421875 -0.486541748046875
-0.2548828125 -0.0853271484375 -0.256637573242188 -0.217758178710937
-0.221771240234375 0.039093017578125 -0.0893173217773438 -0.0441207885742187
-0.133636474609375 0.14935302734375 -0.02606201171875 -0.115699768066406
-0.0314483642578125 0.16717529296875 -0.097686767578125 -0.167694091796875
0.0922698974609375 0.169021606445313 -0.197097778320313 -0.140411376953125
0.13189697265625 0.123306274414063 -0.27587890625 -0.08209228515625
0.127830505371094 0.120498657226563 -0.276382446289063 -0.0539398193359375
0.151092529296875 0.144134521484375 -0.292694091796875 -0.075714111328125
0.0850067138671875 0.168548583984375 -0.233779907226563 -0.173049926757813
-0.02996826171875 0.193313598632813 -0.13818359375 -0.223831176757813
-0.124275207519531 0.132820129394531 0.015533447265625 -0.189163208007813
-0.211563110351563 -0.0139923095703125 0.0849533081054687 -0.0743560791015625
-0.218551635742188 -0.10638427734375 -0.0665435791015625 -0.0270767211914063
-0.17877197265625 -0.215087890625 -0.0999298095703125 -0.179122924804688
-0.126663208007813 -0.00790405273437502 -0.28533935546875 -0.55059814453125
-0.0976409912109375 0.0214157104492188 -0.302276611328125 -0.2510986328125
-0.0276756286621094 0.0490570068359375 -0.115516662597656 -0.0415496826171875
-0.00512886047363281 0.0350227355957031 -0.043212890625 -0.113456726074219
-0.00467491149902344 0.0169601440429688 -0.094024658203125 -0.162948608398438
0.00420379638671875 0.0407485961914063 -0.210281372070313 -0.15740966796875
0.00325393676757812 0.04833984375 -0.307708740234375 -0.10003662109375
0.0109405517578125 0.0522575378417969 -0.310150146484375 -0.0674133300781249
0.0146484375 0.0720748901367187 -0.318878173828125 -0.104949951171875
-0.0178031921386719 0.0631561279296875 -0.247238159179688 -0.196243286132812
-0.0536537170410156 0.041717529296875 -0.119186401367187 -0.231338500976563
-0.0510215759277344 -0.00374221801757812 0.024810791015625 -0.185501098632812
-0.0326747894287109 -0.0332355499267578 0.0666122436523438 -0.0606498718261719
-0.0351409912109375 -0.0193138122558594 -0.100761413574219 -0.057159423828125
-0.0620498657226563 -0.0478897094726563 -0.138427734375 -0.254959106445313
-0.0400238037109375 -0.165542602539063 0.201828002929687 0.235824584960937
-0.139678955078125 -0.0703048706054688 0.124038696289062 0.0687637329101563
-0.147140502929688 0.043548583984375 -0.0576438903808594 0.0235099792480469
-0.0500106811523438 0.115402221679688 -0.0507965087890625 0.169189453125
0.0397720336914063 0.115257263183594 0.0631256103515625 0.21820068359375
0.114677429199219 0.0492630004882813 0.23583984375 0.183456420898438
0.137046813964844 -0.0023956298828125 0.3341064453125 0.086395263671875
0.113929748535156 0.0069122314453125 0.306793212890625 0.041351318359375
0.1268310546875 0.00911712646484375 0.28900146484375 0.07611083984375
0.104408264160156 0.074798583984375 0.22393798828125 0.129409790039063
0.0219650268554688 0.127662658691406 0.118690490722656 0.115257263183594
-0.0855484008789063 0.0988998413085937 0.0825347900390625 0.0806732177734375
-0.138725280761719 -0.0299758911132812 0.174560546875 0.06158447265625
-0.1002197265625 -0.118850708007813 0.345367431640625 0.216156005859375
-0.0105209350585938 -0.127601623535156 0.32220458984375 0.58099365234375
-0.16778564453125 -0.320709228515625 0.163116455078125 0.19091796875
-0.282623291015625 -0.154754638671875 0.0957489013671875 0.0651626586914062
-0.311309814453125 0.0365600585937499 -0.0493431091308594 0.0127525329589844
-0.158340454101562 0.215179443359375 -0.0516586303710938 0.133331298828125
0.0184783935546875 0.24664306640625 0.02093505859375 0.178482055664063
0.196151733398437 0.165603637695312 0.179580688476563 0.170394897460938
0.254409790039063 0.068084716796875 0.271713256835938 0.0879364013671875
0.223770141601562 0.073516845703125 0.24688720703125 0.0367279052734375
0.254989624023438 0.0831756591796875 0.225479125976563 0.065338134765625
0.195419311523438 0.175506591796875 0.177566528320313 0.0842742919921875
0.0418548583984375 0.268020629882813 0.0870208740234375 0.0570831298828125
-0.150802612304688 0.22430419921875 0.0915756225585937 0.0301742553710938
-0.30731201171875 -0.00598144531250007 0.202392578125 0.0234222412109375
-0.288604736328125 -0.183135986328125 0.3480224609375 0.188507080078125
-0.155960083007813 -0.281097412109375 0.326690673828125 0.51898193359375
-0.269378662109375 -0.431121826171875 0.0982818603515625 0.0886611938476562
-0.395782470703125 -0.221527099609375 0.0408248901367187 0.0362434387207031
-0.444610595703125 0.02862548828125 -0.045928955078125 0.00539016723632813
-0.252349853515625 0.2918701171875 -0.0430755615234375 0.0879974365234375
-0.00961303710937498 0.348663330078125 -0.0168228149414062 0.114173889160156
0.248870849609375 0.26068115234375 0.102798461914063 0.129928588867188
0.33355712890625 0.12957763671875 0.17071533203125 0.073272705078125
0.2998046875 0.1280517578125 0.14862060546875 0.0269927978515625
0.34686279296875 0.13885498046875 0.126197814941406 0.0479965209960938
0.266098022460938 0.246139526367188 0.100013732910156 0.028656005859375
0.06829833984375 0.37451171875 0.0356292724609375 -0.0122222900390625
-0.18377685546875 0.33294677734375 0.08575439453125 -0.032073974609375
-0.4359130859375 0.0419616699218751 0.210540771484375 -0.021881103515625
-0.445770263671875 -0.20635986328125 0.3096923828125 0.14654541015625
-0.28326416015625 -0.385894775390625 0.282958984375 0.403228759765625
-0.33709716796875 -0.47637939453125 0.0133514404296875 -0.0535049438476563
-0.463104248046875 -0.2489013671875 -0.0355720520019532 -0.0151405334472656
-0.519317626953125 0.032012939453125 -0.0490150451660157 -0.00223541259765626
-0.305511474609375 0.34033203125 -0.0309123992919922 0.0328655242919922
-0.02984619140625 0.404205322265625 -0.0500907897949219 0.0321044921875
0.269317626953125 0.31817626953125 0.0131759643554688 0.0654296875
0.3642578125 0.169647216796875 0.0452499389648438 0.0439529418945313
0.331146240234375 0.161712646484375 0.0283851623535156 0.0133991241455078
0.38720703125 0.173370361328125 0.00493431091308596 0.0284843444824219
0.29827880859375 0.280487060546875 -0.00152969360351561 -0.0272026062011719
0.08624267578125 0.426910400390625 -0.0316238403320312 -0.080596923828125
-0.188995361328125 0.394439697265625 0.0627059936523437 -0.0948562622070312
-0.5 0.0841369628906249 0.19189453125 -0.061553955078125
-0.5318603515625 -0.19580078125 0.225906372070312 0.097930908203125
-0.36346435546875 -0.42974853515625 0.194381713867187 0.255905151367188
-0.35919189453125 -0.444366455078125 -0.0834808349609375 -0.21209716796875
-0.47039794921875 -0.227569580078125 -0.123435974121094 -0.0787887573242187
-0.507781982421875 0.04376220703125 -0.0591659545898438 -0.0140609741210937
-0.299774169921875 0.335540771484375 -0.0231990814208985 -0.0285167694091797
-0.037200927734375 0.392181396484375 -0.080078125 -0.0549163818359375
0.249664306640625 0.319915771484375 -0.0792388916015625 -0.0106887817382812
0.33892822265625 0.181640625 -0.0871734619140625 0.00665283203125
0.3109130859375 0.17218017578125 -0.096221923828125 -0.00235748291015625
0.368682861328125 0.184478759765625 -0.119941711425781 0.00524139404296877
0.277877807617188 0.27642822265625 -0.108772277832031 -0.0779953002929687
0.076751708984375 0.41107177734375 -0.0995559692382813 -0.139656066894531
-0.17742919921875 0.37872314453125 0.0313873291015625 -0.1466064453125
-0.477142333984375 0.0906372070312499 0.152816772460937 -0.084869384765625
-0.51885986328125 -0.171051025390625 0.114448547363281 0.054595947265625
-0.372222900390625 -0.41290283203125 0.0785675048828125 0.0974578857421875
-0.329010009765625 -0.34246826171875 -0.18206787109375 -0.3604736328125
-0.399627685546875 -0.16259765625 -0.207931518554688 -0.144546508789062
-0.4033203125 0.0523681640624999 -0.0738601684570313 -0.0274505615234375
-0.233840942382813 0.273284912109375 -0.024261474609375 -0.0828018188476562
-0.032196044921875 0.309356689453125 -0.10186767578125 -0.125320434570312
0.194503784179688 0.264984130859375 -0.158615112304687 -0.080596923828125
0.262451171875 0.161880493164063 -0.204376220703125 -0.031890869140625
0.244888305664063 0.154449462890625 -0.206527709960937 -0.0190582275390625
0.29083251953125 0.1708984375 -0.22802734375 -0.0221099853515625
0.206649780273438 0.237197875976563 -0.1976318359375 -0.120849609375
0.0377197265625 0.33026123046875 -0.145904541015625 -0.18499755859375
-0.15557861328125 0.2861328125 0.00758361816406247 -0.179351806640625
-0.375823974609375 0.054168701171875 0.110969543457031 -0.0899276733398438
-0.407318115234375 -0.140594482421875 0.0061988830566406 0.0156850814819336
-0.31207275390625 -0.337738037109375 -0.0345802307128907 -0.0521736145019532
-0.249557495117188 -0.187774658203125 -0.270416259765625 -0.475341796875
-0.268020629882813 -0.0709991455078124 -0.278732299804688 -0.199630737304688
-0.22821044921875 0.054229736328125 -0.0951385498046875 -0.0362930297851562
-0.12493896484375 0.165023803710938 -0.03497314453125 -0.113670349121094
-0.0185089111328125 0.175018310546875 -0.1123046875 -0.162109375
0.110153198242188 0.164413452148437 -0.210052490234375 -0.127731323242188
0.146896362304688 0.1151123046875 -0.287139892578125 -0.061920166015625
0.142410278320313 0.11322021484375 -0.28533935546875 -0.034759521484375
0.169998168945313 0.132766723632813 -0.30255126953125 -0.05224609375
0.103240966796875 0.165130615234375 -0.25146484375 -0.157150268554688
-0.01171875 0.20208740234375 -0.15850830078125 -0.214401245117188
-0.117050170898438 0.147384643554688 0.001251220703125 -0.193283081054688
-0.220230102539062 0.00175476074218747 0.080047607421875 -0.0821304321289063
-0.2335205078125 -0.0927581787109375 -0.07281494140625 -0.0205307006835938
-0.200424194335938 -0.212310791015625 -0.119659423828125 -0.174728393554688
-0.127220153808594 -0.00384521484374998 -0.335113525390625 -0.53662109375
-0.100181579589844 0.0251388549804687 -0.33001708984375 -0.231353759765625
-0.028289794921875 0.0488243103027344 -0.120933532714844 -0.0312271118164062
-0.00383758544921875 0.0372314453125 -0.0526123046875 -0.11077880859375
-0.0036163330078125 0.0195980072021484 -0.107635498046875 -0.158493041992188
0.00940704345703125 0.0418930053710938 -0.22589111328125 -0.14453125
0.00902557373046875 0.0506439208984375 -0.322418212890625 -0.076751708984375
0.0175514221191406 0.0529022216796875 -0.321075439453125 -0.0450439453124999
0.0249099731445312 0.0721664428710938 -0.333282470703125 -0.0794677734375
-0.00957489013671876 0.0671844482421875 -0.265853881835937 -0.178436279296875
-0.04986572265625 0.0500068664550781 -0.139633178710938 -0.22393798828125
-0.0526771545410156 0.00289535522460938 0.0111236572265625 -0.189895629882813
-0.0384063720703125 -0.03094482421875 0.0626373291015625 -0.0674476623535156
-0.0391349792480469 -0.0195960998535156 -0.111122131347656 -0.0493545532226563
-0.0687522888183594 -0.050079345703125 -0.166183471679688 -0.250228881835938
-0.0496063232421875 -0.161026000976562 0.223556518554687 0.226104736328125
-0.138565063476563 -0.059600830078125 0.135330200195312 0.0623703002929687
-0.140426635742188 0.0517959594726563 -0.0553054809570313 0.0261802673339844
-0.0423965454101562 0.116035461425781 -0.039459228515625 0.172622680664063
0.0462799072265625 0.111557006835938 0.07635498046875 0.214630126953125
0.116127014160156 0.0394668579101563 0.248046875 0.168182373046875
0.134780883789063 -0.0140228271484375 0.340850830078125 0.064605712890625
0.111679077148438 -0.00150299072265625 0.309722900390625 0.0223388671875
0.12493896484375 -0.00054931640625 0.295013427734375 0.057586669921875
0.107612609863281 0.0644073486328125 0.231796264648438 0.114578247070313
0.0316390991210937 0.123725891113281 0.125679016113281 0.107467651367188
-0.0776443481445313 0.10400390625 0.088348388671875 0.0747909545898438
-0.139747619628906 -0.0198593139648437 0.177703857421875 0.050872802734375
-0.108161926269531 -0.108489990234375 0.360687255859375 0.194000244140625
-0.0184249877929687 -0.123573303222656 0.358978271484375 0.560455322265625
-0.18597412109375 -0.30999755859375 0.182281494140625 0.186050415039062
-0.285888671875 -0.13580322265625 0.107742309570312 0.06219482421875
-0.307159423828125 0.055938720703125 -0.0480270385742188 0.0156974792480469
-0.143783569335938 0.222183227539062 -0.042266845703125 0.136764526367188
0.033294677734375 0.243362426757813 0.03204345703125 0.177978515625
0.205856323242188 0.148574829101563 0.192428588867188 0.15899658203125
0.257583618164063 0.04833984375 0.279388427734375 0.068939208984375
0.226364135742188 0.0579071044921875 0.249099731445313 0.020965576171875
0.259536743164063 0.0631256103515625 0.23187255859375 0.051177978515625
0.206405639648438 0.159271240234375 0.182647705078125 0.07281494140625
0.0623779296875 0.263168334960938 0.0909500122070313 0.05242919921875
-0.135284423828125 0.234176635742188 0.093658447265625 0.0242156982421875
-0.309906005859375 0.0152587890625 0.202713012695313 0.01177978515625
-0.30059814453125 -0.160919189453125 0.3612060546875 0.168609619140625
-0.174285888671875 -0.270751953125 0.3582763671875 0.497314453125
-0.295074462890625 -0.4166259765625 0.110603332519531 0.0883865356445312
-0.40374755859375 -0.19659423828125 0.0508499145507812 0.0368919372558594
-0.443634033203125 0.056121826171875 -0.0448570251464844 0.00822067260742188
-0.2322998046875 0.30609130859375 -0.0363006591796875 0.0917739868164063
0.01190185546875 0.348114013671875 -0.009490966796875 0.117057800292969
0.265518188476563 0.241470336914063 0.114288330078125 0.123893737792969
0.3426513671875 0.104400634765625 0.178573608398438 0.0612335205078125
0.30767822265625 0.107635498046875 0.150253295898438 0.016876220703125
0.3563232421875 0.112274169921875 0.132148742675781 0.0405731201171875
0.282379150390625 0.225860595703125 0.101158142089844 0.023284912109375
0.096435546875 0.3675537109375 0.0354499816894531 -0.0120391845703125
-0.16229248046875 0.34454345703125 0.0840377807617187 -0.0376815795898437
-0.43621826171875 0.070220947265625 0.207977294921875 -0.0330657958984375
-0.460052490234375 -0.175750732421875 0.3193359375 0.12939453125
-0.308197021484375 -0.370819091796875 0.3067626953125 0.385162353515625
-0.364959716796875 -0.459136962890625 0.0164413452148437 -0.0480613708496094
-0.4752197265625 -0.221832275390625 -0.0301475524902344 -0.00849533081054689
-0.519805908203125 0.065460205078125 -0.0486602783203125 0.0018310546875
-0.2823486328125 0.3570556640625 -0.0277328491210938 0.0364418029785156
-0.00396728515624998 0.405029296875 -0.0484848022460938 0.0371856689453125
0.290740966796875 0.296722412109375 0.0206375122070313 0.0653076171875
0.37664794921875 0.142791748046875 0.0509376525878906 0.04034423828125
0.341827392578125 0.139923095703125 0.029266357421875 0.0103130340576172
0.40020751953125 0.143096923828125 0.0107154846191407 0.0284194946289063
0.31719970703125 0.2587890625 -0.00356864929199217 -0.0263404846191406
0.1177978515625 0.4195556640625 -0.0359649658203125 -0.0757980346679687
-0.16351318359375 0.406494140625 0.0565032958984375 -0.0985336303710937
-0.497894287109375 0.116943359375 0.186752319335938 -0.0715179443359375
-0.545928955078125 -0.161285400390625 0.2322998046875 0.0866241455078125
-0.391632080078125 -0.410858154296875 0.207870483398437 0.244110107421875
-0.38543701171875 -0.42840576171875 -0.0914154052734375 -0.20123291015625
-0.4825439453125 -0.200927734375 -0.123802185058594 -0.0667953491210938
-0.51092529296875 0.075714111328125 -0.0592880249023438 -0.00858688354492187
-0.27801513671875 0.355682373046875 -0.0236034393310547 -0.0252189636230469
-0.0128173828125 0.395843505859375 -0.0831069946289062 -0.04730224609375
0.272308349609375 0.300506591796875 -0.076324462890625 -0.00517272949218749
0.3526611328125 0.156829833984375 -0.084014892578125 0.0114517211914063
0.323455810546875 0.151458740234375 -0.0962677001953125 0.00211334228515627
0.3837890625 0.15618896484375 -0.115737915039062 0.0130233764648437
0.297882080078125 0.256256103515625 -0.113006591796875 -0.0692520141601563
0.106689453125 0.405853271484375 -0.106864929199219 -0.130126953125
-0.153778076171875 0.3914794921875 0.0217742919921875 -0.1480712890625
-0.476165771484375 0.1221923828125 0.1463623046875 -0.0926513671875
-0.53143310546875 -0.13848876953125 0.117454528808594 0.0503616333007812
-0.400360107421875 -0.394683837890625 0.0819244384765625 0.0926589965820312
-0.349029541015625 -0.329193115234375 -0.201019287109375 -0.344146728515625
-0.41058349609375 -0.140838623046875 -0.2156982421875 -0.128204345703125
-0.406280517578125 0.07635498046875 -0.075164794921875 -0.021240234375
-0.216949462890625 0.28961181640625 -0.028717041015625 -0.07952880859375
-0.01263427734375 0.313507080078125 -0.109710693359375 -0.116775512695312
0.214202880859375 0.250930786132813 -0.160659790039063 -0.069793701171875
0.275924682617188 0.143692016601562 -0.204803466796875 -0.0190582275390625
0.256866455078125 0.139022827148437 -0.207489013671875 -0.00727844238281252
0.30596923828125 0.1474609375 -0.225738525390625 -0.00688171386718751
0.224990844726563 0.222091674804687 -0.204574584960938 -0.107421875
0.06341552734375 0.3280029296875 -0.156463623046875 -0.172866821289062
-0.13751220703125 0.297637939453125 -0.00405883789062501 -0.179168701171875
-0.376495361328125 0.0782165527343751 0.104606628417969 -0.0953140258789063
-0.41827392578125 -0.11541748046875 0.00614070892333982 0.0173721313476562
-0.333831787109375 -0.324798583984375 -0.0411186218261719 -0.0500984191894531
-0.260238647460938 -0.178558349609375 -0.298583984375 -0.45513916015625
-0.27447509765625 -0.057891845703125 -0.292572021484375 -0.179595947265625
-0.230789184570313 0.0667572021484375 -0.0967025756835938 -0.02862548828125
-0.115463256835938 0.1741943359375 -0.0412826538085938 -0.109657287597656
-0.00776672363281248 0.178176879882813 -0.121658325195313 -0.153396606445313
0.12298583984375 0.157073974609375 -0.216293334960938 -0.113937377929687
0.1573486328125 0.105804443359375 -0.290740966796875 -0.043060302734375
0.152175903320313 0.104385375976563 -0.28753662109375 -0.01776123046875
0.182220458984375 0.11920166015625 -0.30340576171875 -0.0319824218749999
0.11712646484375 0.157745361328125 -0.260421752929688 -0.138702392578125
0.00440979003906251 0.204559326171875 -0.17108154296875 -0.201217651367188
-0.107650756835937 0.157241821289063 -0.0107879638671875 -0.192733764648438
-0.222640991210937 0.016357421875 0.073638916015625 -0.0864181518554688
-0.241256713867188 -0.0799713134765625 -0.0761032104492188 -0.0138931274414062
-0.2166748046875 -0.205368041992187 -0.134902954101563 -0.16705322265625
-0.126617431640625 -0.000976562500000021 -0.369049072265625 -0.514739990234375
-0.100662231445312 0.0284194946289063 -0.346282958984375 -0.208526611328125
-0.0287933349609375 0.0475845336914063 -0.122291564941406 -0.0222549438476562
-0.0029296875 0.03875732421875 -0.0585784912109375 -0.106529235839844
-0.00278663635253906 0.0217781066894531 -0.116790771484375 -0.151473999023438
0.0141029357910156 0.0420761108398438 -0.23516845703125 -0.1300048828125
0.0139274597167969 0.0514869689941406 -0.328887939453125 -0.0552673339843751
0.0231590270996094 0.0526618957519531 -0.3243408203125 -0.025177001953125
0.0324516296386719 0.069793701171875 -0.33746337890625 -0.056182861328125
-0.00233078002929687 0.0685234069824219 -0.276107788085938 -0.15997314453125
-0.0444564819335937 0.0558357238769531 -0.154281616210937 -0.212814331054688
-0.0529747009277344 0.00870895385742188 -0.00155639648437502 -0.18975830078125
-0.0426712036132813 -0.0289382934570313 0.05645751953125 -0.0711822509765625
-0.0429000854492187 -0.0192985534667969 -0.117172241210938 -0.0412216186523438
-0.0748138427734375 -0.0513076782226563 -0.18560791015625 -0.2401123046875
-0.055572509765625 -0.1578369140625 0.2384033203125 0.219757080078125
-0.134635925292969 -0.05255126953125 0.145004272460937 0.057373046875
-0.135025024414063 0.05621337890625 -0.0540199279785156 0.0281829833984375
-0.037750244140625 0.115577697753906 -0.0314178466796875 0.173934936523438
0.0506591796875 0.108345031738281 0.08526611328125 0.211990356445313
0.116279602050781 0.0319976806640625 0.255630493164063 0.156982421875
0.132148742675781 -0.0223617553710937 0.344940185546875 0.048065185546875
0.109642028808594 -0.00711822509765625 0.310699462890625 0.009796142578125
0.122673034667969 -0.00769805908203125 0.298828125 0.045196533203125
0.108642578125 0.0567169189453125 0.235870361328125 0.104782104492188
0.0391082763671875 0.119720458984375 0.129470825195313 0.1024169921875
-0.0719528198242187 0.106781005859375 0.0917434692382812 0.0706558227539062
-0.140640258789063 -0.0122833251953125 0.180206298828125 0.0442047119140625
-0.11236572265625 -0.0996322631835937 0.3712158203125 0.180389404296875
-0.0235443115234375 -0.120407104492188 0.380523681640625 0.545318603515625
-0.197967529296875 -0.302703857421875 0.196884155273438 0.182205200195312
-0.284942626953125 -0.1234130859375 0.117958068847656 0.0592269897460937
-0.303497314453125 0.066650390625 -0.0466499328613281 0.0174942016601563
-0.1341552734375 0.225860595703125 -0.0349884033203125 0.139320373535156
0.042938232421875 0.241073608398438 0.039764404296875 0.177627563476563
0.21209716796875 0.1368408203125 0.2010498046875 0.150848388671875
0.259048461914062 0.0336456298828125 0.28460693359375 0.056182861328125
0.227401733398438 0.0475616455078125 0.249847412109375 0.0110015869140625
0.26123046875 0.0485687255859375 0.236297607421875 0.041412353515625
0.212249755859375 0.147247314453125 0.184677124023438 0.0660858154296875
0.07562255859375 0.257797241210938 0.0931167602539063 0.0497360229492188
-0.124847412109375 0.239669799804688 0.0946731567382812 0.0203399658203125
-0.311004638671875 0.029876708984375 0.203445434570312 0.00531005859375
-0.308319091796875 -0.144683837890625 0.37054443359375 0.155548095703125
-0.185455322265625 -0.263931274414063 0.377166748046875 0.482940673828125
-0.310760498046875 -0.406463623046875 0.121902465820313 0.0890350341796875
-0.406005859375 -0.180267333984375 0.0594367980957031 0.0377731323242187
-0.441558837890625 0.073150634765625 -0.0431938171386719 0.0105247497558594
-0.219482421875 0.313995361328125 -0.03057861328125 0.094146728515625
0.02569580078125 0.346588134765625 -0.00494384765625001 0.119743347167969
0.27618408203125 0.226470947265625 0.122711181640625 0.118904113769531
0.34771728515625 0.086578369140625 0.183792114257813 0.0524444580078125
0.311676025390625 0.09478759765625 0.15118408203125 0.0102081298828125
0.36163330078125 0.09320068359375 0.136741638183594 0.0347976684570313
0.29229736328125 0.210418701171875 0.101631164550781 0.0199127197265625
0.115478515625 0.3612060546875 0.0356369018554688 -0.0121307373046875
-0.14715576171875 0.352874755859375 0.08221435546875 -0.0408096313476562
-0.437103271484375 0.09027099609375 0.205337524414063 -0.0394744873046875
-0.467620849609375 -0.1541748046875 0.326812744140625 0.1182861328125
-0.323272705078125 -0.35992431640625 0.31988525390625 0.373992919921875
-0.38201904296875 -0.447906494140625 0.0213279724121093 -0.043182373046875
-0.48126220703125 -0.205322265625 -0.0242919921875 -0.00411415100097657
-0.52044677734375 0.0856933593750001 -0.0473403930664063 0.00416564941406251
-0.267181396484375 0.367645263671875 -0.0243988037109375 0.0384941101074219
0.01190185546875 0.4063720703125 -0.0466651916503906 0.0424346923828125
0.303558349609375 0.28118896484375 0.0272331237792969 0.0648880004882813
0.384368896484375 0.123046875 0.055511474609375 0.0367813110351563
0.34814453125 0.12530517578125 0.0296764373779297 0.00841522216796876
0.408294677734375 0.12158203125 0.0153427124023438 0.0278530120849609
0.330169677734375 0.241729736328125 -0.00435638427734373 -0.0249691009521484
0.138916015625 0.412994384765625 -0.038299560546875 -0.0721817016601562
-0.14691162109375 0.414398193359375 0.0521240234375 -0.100456237792969
-0.49755859375 0.139495849609375 0.182830810546875 -0.0770111083984375
-0.553070068359375 -0.13812255859375 0.236419677734375 0.0795440673828125
-0.40863037109375 -0.40008544921875 0.2149658203125 0.236114501953125
-0.4017333984375 -0.418914794921875 -0.0941925048828125 -0.193222045898438
-0.487945556640625 -0.18505859375 -0.122283935546875 -0.05938720703125
-0.514434814453125 0.0954284667968749 -0.0585174560546875 -0.00528335571289061
-0.26348876953125 0.36749267578125 -0.0229339599609375 -0.0230026245117187
0.00378417968749998 0.39697265625 -0.085052490234375 -0.0408782958984375
0.28643798828125 0.286407470703125 -0.0723495483398437 -0.00114440917968747
0.362274169921875 0.1395263671875 -0.08099365234375 0.0144271850585938
0.3321533203125 0.13818359375 -0.0964202880859375 0.00492858886718752
0.39208984375 0.13525390625 -0.111587524414062 0.0178756713867187
0.310821533203125 0.24188232421875 -0.115447998046875 -0.0635223388671875
0.128509521484375 0.400299072265625 -0.1114501953125 -0.123764038085937
-0.1378173828125 0.39825439453125 0.01580810546875 -0.148345947265625
-0.475616455078125 0.14239501953125 0.141586303710937 -0.09637451171875
-0.538848876953125 -0.115570068359375 0.119400024414062 0.0477447509765625
-0.41644287109375 -0.3853759765625 0.0830078125 0.0900802612304687
-0.3631591796875 -0.3232421875 -0.211029052734375 -0.334075927734375
-0.41741943359375 -0.128631591796875 -0.218185424804688 -0.116561889648438
-0.40960693359375 0.093414306640625 -0.0755767822265625 -0.0174102783203125
-0.206024169921875 0.300201416015625 -0.0307388305664063 -0.0769805908203125
6.10351562500097E-05 0.31597900390625 -0.114768981933594 -0.109748840332031
0.225677490234375 0.239898681640625 -0.1605224609375 -0.0623931884765625
0.284881591796875 0.130767822265625 -0.203887939453125 -0.010040283203125
0.265762329101563 0.128265380859375 -0.208221435546875 -6.10351562499689E-05
0.3153076171875 0.131500244140625 -0.22314453125 0.00254821777343754
0.237228393554688 0.211227416992187 -0.208023071289062 -0.0975494384765625
0.0809326171875 0.325714111328125 -0.162384033203125 -0.163986206054688
-0.125244140625 0.30474853515625 -0.0117950439453125 -0.179244995117187
-0.37628173828125 0.09423828125 0.0997314453125 -0.0981826782226563
-0.424285888671875 -0.0992431640625 0.00564575195312498 0.0194740295410156
-0.3497314453125 -0.3179931640625 -0.0455169677734375 -0.04833984375
-0.2672119140625 -0.174392700195313 -0.313079833984375 -0.44091796875
-0.279190063476562 -0.050750732421875 -0.2999267578125 -0.164886474609375
-0.23455810546875 0.0755157470703125 -0.0974349975585938 -0.0233688354492187
-0.109848022460938 0.18072509765625 -0.0456619262695313 -0.107040405273438
-0.00123596191406252 0.181289672851563 -0.127761840820313 -0.147079467773438
0.131439208984375 0.151885986328125 -0.219680786132813 -0.104904174804687
0.164382934570313 0.098876953125 -0.291778564453125 -0.0301513671875
0.158782958984375 0.09832763671875 -0.28887939453125 -0.00625610351562499
0.19061279296875 0.109085083007812 -0.302734375 -0.0191345214843749
0.126571655273438 0.152389526367188 -0.264999389648438 -0.126754760742187
0.015869140625 0.2054443359375 -0.178543090820313 -0.1917724609375
-0.10150146484375 0.163833618164063 -0.0191650390625 -0.192062377929688
-0.224929809570312 0.0255126953125 0.069061279296875 -0.0886611938476563
-0.24652099609375 -0.071380615234375 -0.0791168212890625 -0.00885009765625
-0.226974487304687 -0.20294189453125 -0.144668579101563 -0.161392211914063
-0.125648498535156 -0.00146484374999998 -0.388916015625 -0.49945068359375
-0.102439880371094 0.0291061401367187 -0.3580322265625 -0.1932373046875
-0.0318641662597656 0.0465965270996094 -0.122940063476563 -0.0170364379882812
-0.003448486328125 0.0399742126464844 -0.0630416870117188 -0.103172302246094
-0.00319671630859375 0.0238437652587891 -0.12255859375 -0.146835327148438
0.0165138244628906 0.0428428649902344 -0.2406005859375 -0.120285034179688
0.0185775756835937 0.0521430969238281 -0.33197021484375 -0.041412353515625
0.0276603698730469 0.0524559020996094 -0.32574462890625 -0.011810302734375
0.0382957458496094 0.0685310363769531 -0.338836669921875 -0.042205810546875
0.0029296875 0.0691108703613281 -0.28240966796875 -0.147186279296875
-0.0400352478027344 0.0600509643554688 -0.16217041015625 -0.204254150390625
-0.0527572631835938 0.0135574340820312 -0.009735107421875 -0.188858032226563
-0.0462532043457031 -0.0269622802734375 0.052978515625 -0.0734786987304688
-0.0462112426757813 -0.0200462341308594 -0.122261047363281 -0.0349502563476563
-0.0791854858398438 -0.0526351928710938 -0.198745727539063 -0.232620239257813
-0.060577392578125 -0.156997680664063 0.255050659179688 0.219223022460938
-0.132881164550781 -0.049468994140625 0.156707763671875 0.05303955078125
-0.133308410644531 0.0593338012695313 -0.0532722473144531 0.0300750732421875
-0.03497314453125 0.116600036621094 -0.025177001953125 0.178237915039063
0.0544052124023438 0.108367919921875 0.0932159423828125 0.213790893554688
0.1180419921875 0.0266876220703125 0.26544189453125 0.151260375976563
0.131378173828125 -0.0296859741210938 0.354156494140625 0.03741455078125
0.109413146972656 -0.011199951171875 0.317718505859375 0.002227783203125
0.122703552246094 -0.0135498046875 0.306884765625 0.0379638671875
0.110977172851563 0.0518112182617188 0.242355346679688 0.100448608398438
0.0449447631835938 0.118034362792969 0.134483337402344 0.100799560546875
-0.0683822631835938 0.11053466796875 0.0959396362304688 0.0697784423828125
-0.1436767578125 -0.00646972656250001 0.185760498046875 0.040283203125
-0.116661071777344 -0.0940322875976563 0.386932373046875 0.171966552734375
-0.0257720947265625 -0.119972229003906 0.402679443359375 0.545318603515625
-0.209625244140625 -0.302703857421875 0.212478637695313 0.18310546875
-0.28759765625 -0.118255615234375 0.129554748535156 0.0570907592773437
-0.305908203125 0.07574462890625 -0.0460319519042969 0.0192070007324219
-0.1297607421875 0.231338500976563 -0.0301666259765625 0.1431884765625
0.0503692626953125 0.2437744140625 0.0456695556640625 0.181320190429688
0.218765258789063 0.129608154296875 0.210906982421875 0.146728515625
0.2637939453125 0.0230712890625 0.2935791015625 0.04736328125
0.233062744140625 0.041351318359375 0.255966186523438 0.0049896240234375
0.266571044921875 0.0384674072265625 0.244277954101563 0.0354156494140625
0.219894409179688 0.14031982421875 0.189376831054688 0.062744140625
0.087249755859375 0.257705688476563 0.0962905883789062 0.0484390258789063
-0.119277954101562 0.249038696289063 0.0969085693359375 0.0187301635742188
-0.317474365234375 0.04278564453125 0.207687377929687 0.000869750976562503
-0.318145751953125 -0.13458251953125 0.38421630859375 0.14959716796875
-0.196121215820313 -0.263870239257813 0.395294189453125 0.48236083984375
-0.32672119140625 -0.408477783203125 0.1337890625 0.0908660888671875
-0.41302490234375 -0.174957275390625 0.0695152282714843 0.0381965637207031
-0.448760986328125 0.0864562988281249 -0.0430870056152344 0.0123443603515625
-0.213775634765625 0.3238525390625 -0.0269088745117188 0.0970611572265625
0.036102294921875 0.35308837890625 -0.00116729736328126 0.124969482421875
0.287353515625 0.21893310546875 0.131278991699219 0.117256164550781
0.35693359375 0.073486328125 0.1912841796875 0.0462799072265625
0.3211669921875 0.086334228515625 0.154861450195313 0.00648498535156251
0.37115478515625 0.0806884765625 0.14349365234375 0.031341552734375
0.304443359375 0.202239990234375 0.104072570800781 0.018524169921875
0.131011962890625 0.361724853515625 0.036651611328125 -0.0120315551757812
-0.1407470703125 0.3642578125 0.0821914672851562 -0.0426712036132812
-0.446380615234375 0.107208251953125 0.208267211914062 -0.043914794921875
-0.4813232421875 -0.13970947265625 0.33709716796875 0.112945556640625
-0.34185791015625 -0.361175537109375 0.33392333984375 0.37298583984375
-0.401336669921875 -0.45208740234375 0.0274887084960937 -0.0415420532226563
-0.492095947265625 -0.196929931640625 -0.0177230834960938 -0.00105285644531251
-0.532501220703125 0.101531982421875 -0.0470619201660157 0.00573730468750002
-0.262237548828125 0.382537841796875 -0.0225257873535156 0.0405540466308594
0.023162841796875 0.414031982421875 -0.0460853576660156 0.0479927062988282
0.318450927734375 0.274139404296875 0.0338592529296875 0.0654983520507813
0.396697998046875 0.111480712890625 0.0607681274414063 0.0347480773925781
0.360595703125 0.1170654296875 0.0309219360351563 0.00758552551269532
0.420379638671875 0.10797119140625 0.0196266174316406 0.02740478515625
0.344268798828125 0.233673095703125 -0.00496101379394529 -0.0237312316894531
0.156951904296875 0.41436767578125 -0.0399627685546875 -0.0707168579101562
-0.138427734375 0.42803955078125 0.0499496459960937 -0.102973937988281
-0.506805419921875 0.158233642578125 0.1837158203125 -0.080810546875
-0.56884765625 -0.12158203125 0.244049072265625 0.0770721435546875
-0.430206298828125 -0.401397705078125 0.222732543945312 0.236480712890625
-0.420135498046875 -0.423583984375 -0.0948486328125001 -0.191131591796875
-0.502471923828125 -0.178375244140625 -0.121292114257813 -0.0540542602539063
-0.526336669921875 0.11297607421875 -0.0590667724609375 -0.00392913818359375
-0.25885009765625 0.38232421875 -0.0232887268066406 -0.0213775634765625
0.01422119140625 0.4073486328125 -0.0876235961914063 -0.0357742309570312
0.301666259765625 0.280792236328125 -0.0702362060546875 0.00127792358398438
0.376190185546875 0.128875732421875 -0.07916259765625 0.015960693359375
0.345123291015625 0.130889892578125 -0.0980453491210937 0.00720977783203126
0.40557861328125 0.121826171875 -0.109481811523437 0.0211715698242188
0.3255615234375 0.234130859375 -0.118423461914062 -0.0603256225585938
0.1453857421875 0.402618408203125 -0.1156005859375 -0.121253967285156
-0.130126953125 0.41119384765625 0.0108795166015625 -0.150650024414062
-0.484832763671875 0.1607666015625 0.141021728515625 -0.100372314453125
-0.553070068359375 -0.103607177734375 0.122970581054687 0.047821044921875
-0.43743896484375 -0.387847900390625 0.0841598510742187 0.0904541015625
-0.379425048828125 -0.325836181640625 -0.21929931640625 -0.331390380859375
-0.429412841796875 -0.123504638671875 -0.2235107421875 -0.109909057617188
-0.4212646484375 0.107330322265625 -0.0772247314453125 -0.0150070190429688
-0.202392578125 0.312774658203125 -0.032684326171875 -0.0764541625976562
0.00726318359375 0.324676513671875 -0.119338989257813 -0.105247497558594
0.239669799804687 0.237106323242187 -0.162322998046875 -0.058502197265625
0.297607421875 0.12384033203125 -0.205154418945312 -0.00460815429687501
0.277313232421875 0.123001098632813 -0.211990356445312 0.005279541015625
0.326629638671875 0.120452880859375 -0.224761962890625 0.00852966308593751
0.250274658203125 0.206436157226563 -0.213333129882812 -0.0919952392578125
0.09466552734375 0.32952880859375 -0.168350219726563 -0.16015625
-0.11932373046875 0.315399169921875 -0.017059326171875 -0.180892944335938
-0.385589599609375 0.1083984375 0.0979843139648437 -0.101242065429688
-0.43707275390625 -0.0895385742187499 0.00492477416992185 0.0223197937011719
-0.367950439453125 -0.32110595703125 -0.0508155822753906 -0.047271728515625
-0.277923583984375 -0.17706298828125 -0.329986572265625 -0.439178466796875
-0.288116455078125 -0.04718017578125 -0.310028076171875 -0.157196044921875
-0.243133544921875 0.084014892578125 -0.100128173828125 -0.0208816528320313
-0.10833740234375 0.1890869140625 -0.04962158203125 -0.106895446777344
0.0032806396484375 0.187149047851563 -0.134231567382813 -0.1439208984375
0.139862060546875 0.151565551757813 -0.223922729492188 -0.0992279052734375
0.173751831054688 0.09625244140625 -0.297027587890625 -0.02166748046875
0.168365478515625 0.0960693359375 -0.2952880859375 0.00103759765625007
0.200164794921875 0.102859497070313 -0.307647705078125 -0.01055908203125
0.136184692382813 0.150115966796875 -0.272109985351563 -0.120681762695313
0.0249786376953125 0.209640502929687 -0.185791015625 -0.188140869140625
-0.09942626953125 0.171630859375 -0.0251007080078125 -0.193557739257813
-0.231826782226563 0.0325775146484375 0.0668106079101562 -0.0910186767578125
-0.2554931640625 -0.0671539306640625 -0.0836029052734375 -0.00461578369140624
-0.239959716796875 -0.205902099609375 -0.154953002929688 -0.160842895507813
-0.127517700195313 -0.00286865234375002 -0.40899658203125 -0.49798583984375
-0.106224060058594 0.0299530029296875 -0.371917724609375 -0.1854248046875
-0.0358543395996094 0.0475234985351563 -0.126174926757813 -0.013702392578125
-0.003875732421875 0.0423851013183594 -0.0675277709960938 -0.103294372558594
-0.00335311889648437 0.0264244079589844 -0.128128051757812 -0.145919799804688
0.0187911987304688 0.0449638366699219 -0.2476806640625 -0.114990234375
0.0231056213378906 0.0547981262207031 -0.33935546875 -0.03125
0.0322837829589844 0.0530662536621094 -0.333648681640625 -0.00408935546875003
0.0437812805175781 0.0683364868164063 -0.345733642578125 -0.032257080078125
0.0079193115234375 0.0708236694335938 -0.29022216796875 -0.141204833984375
-0.0374832153320312 0.0638542175292969 -0.17010498046875 -0.200714111328125
-0.0538825988769531 0.0177230834960937 -0.0158843994140625 -0.1905517578125
-0.0498390197753906 -0.0263290405273438 0.0499267578125 -0.076171875
-0.0502243041992188 -0.0211410522460937 -0.129219055175781 -0.0304183959960937
-0.0848007202148438 -0.055694580078125 -0.212051391601563 -0.232452392578125
-0.0681915283203125 -0.159088134765625 0.278717041015625 0.219512939453125
-0.133979797363281 -0.046905517578125 0.170928955078125 0.0469207763671875
-0.134048461914063 0.0648727416992187 -0.0534095764160156 0.0328826904296875
-0.0316925048828125 0.120758056640625 -0.0168914794921875 0.185714721679688
0.0614166259765625 0.109626770019531 0.105575561523438 0.2181396484375
0.121795654296875 0.02044677734375 0.281463623046875 0.146514892578125
0.132232666015625 -0.0384979248046875 0.3704833984375 0.023590087890625
0.111640930175781 -0.0166244506835938 0.332000732421875 -0.009185791015625
0.124961853027344 -0.0205612182617187 0.32196044921875 0.028289794921875
0.115737915039062 0.0474166870117188 0.255126953125 0.097015380859375
0.05279541015625 0.118537902832031 0.143203735351563 0.100204467773438
-0.0657577514648437 0.117012023925781 0.102409362792969 0.068756103515625
-0.148544311523438 0.00172424316406251 0.196426391601563 0.034912109375
-0.123809814453125 -0.089263916015625 0.412567138671875 0.163177490234375
-0.0307235717773437 -0.122047424316406 0.439697265625 0.553253173828125
-0.22943115234375 -0.307464599609375 0.23382568359375 0.183914184570312
-0.297637939453125 -0.113677978515625 0.144256591796875 0.053558349609375
-0.314666748046875 0.09002685546875 -0.0462112426757813 0.0210494995117188
-0.12542724609375 0.243606567382812 -0.023681640625 0.1492919921875
0.061920166015625 0.251251220703125 0.05499267578125 0.18829345703125
0.23175048828125 0.123779296875 0.226150512695313 0.143295288085938
0.273193359375 0.010345458984375 0.308746337890625 0.03582763671875
0.243606567382813 0.032379150390625 0.266998291015625 -0.0041656494140625
0.277328491210937 0.02630615234375 0.25775146484375 0.0280303955078125
0.233474731445313 0.134109497070313 0.199005126953125 0.059722900390625
0.103179931640625 0.261856079101563 0.101615905761719 0.0474166870117188
-0.11444091796875 0.263809204101563 0.101905822753906 0.0163192749023438
-0.329864501953125 0.059661865234375 0.217010498046875 -0.0055694580078125
-0.335784912109375 -0.123870849609375 0.408416748046875 0.14007568359375
-0.214065551757812 -0.268524169921875 0.42913818359375 0.489654541015625
-0.356689453125 -0.41619873046875 0.149429321289062 0.092071533203125
-0.431060791015625 -0.16876220703125 0.0810317993164062 0.038177490234375
-0.464874267578125 0.107269287109375 -0.0434913635253907 0.0140419006347656
-0.2103271484375 0.343841552734375 -0.0223846435546875 0.102348327636719
0.050689697265625 0.3660888671875 0.00454711914062499 0.133064270019531
0.307464599609375 0.212921142578125 0.14483642578125 0.116485595703125
0.37396240234375 0.058349609375 0.20330810546875 0.0385284423828125
0.3382568359375 0.075714111328125 0.162261962890625 0.000976562500000005
0.389739990234375 0.06439208984375 0.153549194335938 0.027557373046875
0.32470703125 0.19622802734375 0.109268188476563 0.0166015625
0.153411865234375 0.369659423828125 0.0379371643066406 -0.0128364562988281
-0.132171630859375 0.3858642578125 0.0837860107421875 -0.0462417602539062
-0.46282958984375 0.13287353515625 0.215744018554688 -0.0518646240234375
-0.507659912109375 -0.123992919921875 0.357818603515625 0.105987548828125
-0.3690185546875 -0.36676025390625 0.3590087890625 0.37945556640625
-0.434783935546875 -0.46063232421875 0.0337333679199218 -0.0412673950195313
-0.51617431640625 -0.191253662109375 -0.0116081237792969 0.00104904174804686
-0.553253173828125 0.12884521484375 -0.0485038757324219 0.00775146484375001
-0.258636474609375 0.407196044921875 -0.02032470703125 0.0440101623535156
0.03961181640625 0.43231201171875 -0.0450820922851563 0.0558052062988282
0.34222412109375 0.269989013671875 0.0418434143066406 0.0661735534667969
0.4178466796875 0.09552001953125 0.0671768188476563 0.0320930480957031
0.382232666015625 0.1068115234375 0.0330848693847657 0.00652122497558595
0.44287109375 0.09063720703125 0.0249519348144532 0.0272903442382813
0.368194580078125 0.226837158203125 -0.00496864318847654 -0.0233402252197266
0.182098388671875 0.423553466796875 -0.0431976318359375 -0.071075439453125
-0.1278076171875 0.452667236328125 0.0478363037109375 -0.107017517089844
-0.525115966796875 0.186279296875 0.1875 -0.089324951171875
-0.5977783203125 -0.10211181640625 0.258132934570312 0.07293701171875
-0.463287353515625 -0.407562255859375 0.23834228515625 0.238967895507812
-0.455322265625 -0.43072509765625 -0.099822998046875 -0.193527221679688
-0.527496337890625 -0.17193603515625 -0.122688293457031 -0.0496902465820312
-0.548736572265625 0.139801025390625 -0.0618171691894532 -0.00161743164062498
-0.255340576171875 0.4088134765625 -0.0243167877197266 -0.0207672119140625
0.029571533203125 0.426513671875 -0.0913543701171875 -0.0294570922851562
0.326080322265625 0.278350830078125 -0.0682373046875 0.00396728515625003
0.39825439453125 0.116119384765625 -0.0795059204101562 0.018280029296875
0.3673095703125 0.122161865234375 -0.101676940917969 0.0106735229492188
0.427978515625 0.10565185546875 -0.110450744628906 0.0256423950195313
0.34857177734375 0.228057861328125 -0.124046325683594 -0.057220458984375
0.1705322265625 0.412017822265625 -0.123367309570312 -0.119850158691406
-0.119293212890625 0.435272216796875 0.00532531738281248 -0.155364990234375
-0.50244140625 0.188140869140625 0.142440795898437 -0.107452392578125
-0.5804443359375 -0.0846557617187499 0.129600524902344 0.0481033325195313
-0.472869873046875 -0.393157958984375 0.0882797241210937 0.09234619140625
-0.407470703125 -0.33355712890625 -0.23663330078125 -0.335601806640625
-0.452850341796875 -0.11669921875 -0.233505249023438 -0.1038818359375
-0.441375732421875 0.129638671875 -0.0818557739257813 -0.0123214721679688
-0.20013427734375 0.33599853515625 -0.0371551513671875 -0.0772933959960937
0.02001953125 0.3421630859375 -0.127288818359375 -0.101173400878906
0.25982666015625 0.23590087890625 -0.166427612304687 -0.05413818359375
0.31787109375 0.1143798828125 -0.2122802734375 0.00247192382812503
0.296661376953125 0.116851806640625 -0.221298217773437 0.0122833251953125
0.34716796875 0.109344482421875 -0.230819702148438 0.0169677734375
0.270095825195313 0.202835083007813 -0.223876953125 -0.0872955322265624
0.11383056640625 0.338836669921875 -0.179702758789063 -0.158584594726562
-0.112823486328125 0.335540771484375 -0.0252838134765625 -0.18585205078125
-0.4002685546875 0.129058837890625 0.0967178344726562 -0.107612609863281
-0.4598388671875 -0.07659912109375 0.00436401367187497 0.0260505676269531
-0.397186279296875 -0.326385498046875 -0.0577049255371094 -0.0469169616699219
-0.2965087890625 -0.181549072265625 -0.356292724609375 -0.443756103515625
-0.303558349609375 -0.04248046875 -0.3275146484375 -0.1495361328125
-0.256072998046875 0.0976409912109376 -0.105979919433594 -0.017608642578125
-0.107223510742187 0.203384399414063 -0.0560684204101562 -0.108207702636719
0.00936889648437499 0.198348999023438 -0.143508911132813 -0.14276123046875
0.152908325195312 0.152053833007813 -0.234512329101562 -0.0942840576171874
0.188369750976562 0.092987060546875 -0.30908203125 -0.0102844238281249
0.182037353515625 0.093292236328125 -0.3079833984375 0.011474609375
0.21453857421875 0.0975341796875 -0.31829833984375 0.00103759765624995
0.150100708007813 0.149917602539063 -0.286041259765625 -0.1143798828125
0.0366363525390625 0.21807861328125 -0.198867797851563 -0.1864013671875
-0.097259521484375 0.184722900390625 -0.033935546875 -0.199005126953125
-0.243209838867188 0.0440673828125 0.0641860961914063 -0.0965576171875
-0.271286010742187 -0.0607452392578125 -0.0894012451171875 0.00161743164062499
-0.260574340820313 -0.210357666015625 -0.170623779296875 -0.160659790039062
-0.133750915527344 -0.004486083984375 -0.44268798828125 -0.502105712890625
-0.11224365234375 0.0327301025390625 -0.394989013671875 -0.176971435546875
-0.0398483276367187 0.0502967834472656 -0.133331298828125 -0.00927734374999998
-0.00460052490234375 0.0457191467285156 -0.0755996704101562 -0.103286743164063
-0.00387763977050781 0.029937744140625 -0.13775634765625 -0.14569091796875
0.0232505798339844 0.0474586486816406 -0.260757446289063 -0.109405517578125
0.0296211242675781 0.0575637817382813 -0.354522705078125 -0.01873779296875
0.0383033752441406 0.054901123046875 -0.348388671875 0.00799560546874997
0.0504684448242188 0.0685653686523438 -0.360870361328125 -0.020172119140625
0.013824462890625 0.0736770629882812 -0.3055419921875 -0.135467529296875
-0.034637451171875 0.0706100463867187 -0.1832275390625 -0.199737548828125
-0.0559654235839844 0.02301025390625 -0.023956298828125 -0.19732666015625
-0.0558128356933594 -0.0261383056640625 0.0469436645507813 -0.0804519653320313
-0.0561904907226563 -0.0217514038085937 -0.138641357421875 -0.0238037109375
-0.0934524536132813 -0.0587615966796875 -0.232833862304688 -0.233108520507812
-0.080780029296875 -0.160186767578125 0.308837890625 0.21356201171875
-0.1378173828125 -0.0412673950195312 0.186874389648438 0.035736083984375
-0.133819580078125 0.0748367309570312 -0.0524330139160156 0.0369606018066406
-0.025848388671875 0.125923156738281 -0.00398254394531248 0.19384765625
0.0714340209960937 0.109840393066406 0.1251220703125 0.221908569335938
0.12677001953125 0.0119857788085938 0.303009033203125 0.134613037109375
0.132293701171875 -0.0506515502929688 0.38897705078125 -0.000762939453125003
0.113258361816406 -0.0254592895507813 0.3482666015625 -0.03009033203125
0.1270751953125 -0.0309982299804688 0.340728759765625 0.010498046875
0.122108459472656 0.0402755737304687 0.272598266601562 0.086273193359375
0.0634841918945313 0.117408752441406 0.154983520507813 0.0959320068359375
-0.059844970703125 0.126304626464844 0.112075805664062 0.0658111572265625
-0.154464721679688 0.0142974853515625 0.209396362304687 0.0233154296875
-0.133453369140625 -0.081695556640625 0.443389892578125 0.14166259765625
-0.039764404296875 -0.124092102050781 0.493896484375 0.552459716796875
-0.259765625 -0.30743408203125 0.26153564453125 0.179824829101563
-0.31317138671875 -0.10321044921875 0.160797119140625 0.0451202392578125
-0.321807861328125 0.113311767578125 -0.0458145141601563 0.0246620178222656
-0.116012573242188 0.26055908203125 -0.0131378173828125 0.156875610351563
0.080963134765625 0.258270263671875 0.0706787109375 0.195526123046875
0.248504638671875 0.110565185546875 0.24713134765625 0.134933471679688
0.2835693359375 -0.009857177734375 0.326568603515625 0.015716552734375
0.256072998046875 0.0169525146484375 0.281021118164063 -0.020782470703125
0.29058837890625 0.00640869140625 0.27459716796875 0.0137176513671875
0.251327514648438 0.122802734375 0.212249755859375 0.051239013671875
0.125961303710938 0.264236450195313 0.109054565429688 0.043975830078125
-0.10186767578125 0.284088134765625 0.107963562011719 0.0118179321289063
-0.341949462890625 0.088287353515625 0.228256225585937 -0.0187225341796875
-0.35699462890625 -0.10418701171875 0.438720703125 0.119903564453125
-0.241897583007812 -0.268035888671875 0.478271484375 0.48797607421875
-0.399688720703125 -0.416961669921875 0.16790771484375 0.089080810546875
-0.45684814453125 -0.15374755859375 0.094512939453125 0.0336990356445312
-0.479888916015625 0.142608642578125 -0.0444793701171875 0.0170135498046875
-0.198211669921875 0.37139892578125 -0.01568603515625 0.108192443847656
0.076507568359375 0.381378173828125 0.0149993896484375 0.14202880859375
0.334259033203125 0.19952392578125 0.161697387695313 0.110946655273438
0.394500732421875 0.03350830078125 0.217117309570313 0.025360107421875
0.35943603515625 0.056854248046875 0.170272827148438 -0.008758544921875
0.4110107421875 0.037506103515625 0.166061401367188 0.0185699462890625
0.3515625 0.180419921875 0.116188049316406 0.0116043090820313
0.1856689453125 0.373382568359375 0.0385818481445313 -0.0145683288574219
-0.113525390625 0.413543701171875 0.0850982666015625 -0.05169677734375
-0.478271484375 0.172515869140625 0.223098754882812 -0.065765380859375
-0.537750244140625 -0.0946655273437501 0.383087158203125 0.0889892578125
-0.4114990234375 -0.366302490234375 0.39703369140625 0.37615966796875
-0.4864501953125 -0.461669921875 0.0386123657226562 -0.0435600280761719
-0.54986572265625 -0.173980712890625 -0.00571060180664066 0.00192689895629882
-0.57373046875 0.170654296875 -0.0510597229003907 0.0111923217773438
-0.2454833984375 0.44354248046875 -0.0179214477539063 0.0480308532714844
0.068450927734375 0.452728271484375 -0.0418128967285156 0.0651702880859375
0.37567138671875 0.257415771484375 0.05267333984375 0.0648384094238282
0.4447021484375 0.06976318359375 0.0745010375976563 0.0268020629882813
0.4083251953125 0.085968017578125 0.0350532531738282 0.00427818298339844
0.46856689453125 0.06121826171875 0.0316600799560547 0.0263595581054688
0.400177001953125 0.210662841796875 -0.00589942932128904 -0.0235805511474609
0.22039794921875 0.428680419921875 -0.0491790771484375 -0.0700950622558594
-0.10552978515625 0.48333740234375 0.0442047119140625 -0.113059997558594
-0.540802001953125 0.23394775390625 0.191070556640625 -0.1025390625
-0.6297607421875 -0.0675048828125001 0.275588989257812 0.0620269775390625
-0.513916015625 -0.403228759765625 0.2618408203125 0.237686157226562
-0.50634765625 -0.432403564453125 -0.111846923828125 -0.195037841796875
-0.56427001953125 -0.1524658203125 -0.126380920410156 -0.0431365966796875
-0.5716552734375 0.183837890625 -0.0661849975585938 0.00320816040039064
-0.24267578125 0.445098876953125 -0.0268001556396485 -0.0183029174804687
0.05828857421875 0.44818115234375 -0.09539794921875 -0.0205764770507812
0.36077880859375 0.268280029296875 -0.0663490295410156 0.00671768188476563
0.42608642578125 0.09283447265625 -0.0794448852539062 0.0223846435546875
0.39422607421875 0.102508544921875 -0.106300354003906 0.0174560546875
0.456298828125 0.07855224609375 -0.110603332519531 0.0326919555664062
0.380889892578125 0.213623046875 -0.132675170898437 -0.0517349243164062
0.206573486328125 0.418670654296875 -0.135856628417969 -0.115684509277344
-0.09796142578125 0.465301513671875 -0.00384521484374999 -0.1607666015625
-0.517303466796875 0.231842041015625 0.141799926757812 -0.118698120117187
-0.61163330078125 -0.0511474609375001 0.138778686523437 0.0450820922851563
-0.521759033203125 -0.388671875 0.0952529907226562 0.0926361083984375
-0.45123291015625 -0.331329345703125 -0.26361083984375 -0.336212158203125
-0.482757568359375 -0.0996093749999999 -0.247299194335938 -0.092864990234375
-0.4599609375 0.166107177734375 -0.088165283203125 -0.00671386718749999
-0.18927001953125 0.36602783203125 -0.0448379516601563 -0.07562255859375
0.04339599609375 0.36083984375 -0.137664794921875 -0.0941085815429687
0.28924560546875 0.2286376953125 -0.172866821289062 -0.0472869873046875
0.342864990234375 0.097015380859375 -0.220596313476562 0.0147705078125
0.3211669921875 0.102386474609375 -0.231658935546875 0.026092529296875
0.37127685546875 0.0877685546875 -0.238494873046875 0.03131103515625
0.297698974609375 0.19189453125 -0.238189697265625 -0.076690673828125
0.143280029296875 0.346832275390625 -0.196609497070313 -0.153076171875
-0.09814453125 0.360931396484375 -0.0384368896484375 -0.191513061523437
-0.414825439453125 0.1624755859375 0.093475341796875 -0.11590576171875
-0.486480712890625 -0.05072021484375 0.00574302673339841 0.0309467315673828
-0.44024658203125 -0.3233642578125 -0.0662956237792969 -0.0442047119140625
-0.324920654296875 -0.178314208984375 -0.397674560546875 -0.443115234375
-0.323638916015625 -0.0291748046874999 -0.3511962890625 -0.134857177734375
-0.268173217773438 0.119613647460938 -0.114028930664063 -0.0100555419921875
-0.101303100585938 0.222640991210938 -0.0664520263671875 -0.106430053710938
0.0223541259765625 0.211502075195313 -0.157745361328125 -0.137496948242188
0.172531127929688 0.149078369140625 -0.247116088867188 -0.084442138671875
0.20654296875 0.084136962890625 -0.3233642578125 0.00784301757812502
0.199554443359375 0.0858001708984375 -0.322296142578125 0.03076171875
0.232666015625 0.08502197265625 -0.332305908203125 0.020477294921875
0.16827392578125 0.1455078125 -0.305450439453125 -0.101837158203125
0.0540924072265625 0.226577758789063 -0.218490600585937 -0.180374145507813
-0.0904998779296875 0.202255249023438 -0.0486602783203125 -0.204803466796875
-0.255157470703125 0.0621337890625 0.0593338012695312 -0.102302551269531
-0.289093017578125 -0.047149658203125 -0.0952224731445313 0.0118484497070312
-0.2891845703125 -0.208953857421875 -0.191207885742188 -0.156936645507813
-0.141326904296875 -0.00224304199218748 -0.49102783203125 -0.4984130859375
-0.118141174316406 0.0392913818359375 -0.4246826171875 -0.15869140625
-0.0435600280761719 0.055023193359375 -0.142044067382813 7.62939453125166E-05
-0.00384521484375 0.0497474670410156 -0.0870513916015625 -0.100837707519531
-0.00264167785644532 0.03485107421875 -0.152481079101563 -0.142501831054687
0.0286903381347656 0.0497817993164063 -0.276962280273438 -0.0986480712890625
0.0386390686035156 0.05877685546875 -0.37213134765625 0.00357055664062493
0.0463104248046875 0.0556106567382813 -0.365325927734375 0.029754638671875
0.0591964721679688 0.0683555603027344 -0.378570556640625 0.00140380859374996
0.02166748046875 0.0761947631835938 -0.327178955078125 -0.122344970703125
-0.0300064086914063 0.0782928466796875 -0.202713012695312 -0.195770263671875
-0.0577850341796875 0.0298652648925781 -0.0385284423828125 -0.204345703125
-0.0630874633789063 -0.0236930847167969 0.0414505004882812 -0.085540771484375
-0.0641937255859375 -0.0200538635253906 -0.149505615234375 -0.0114593505859375
-0.104835510253906 -0.05950927734375 -0.26104736328125 -0.229263305664062
-0.0958404541015625 -0.155380249023437 0.33990478515625 0.19439697265625
-0.140487670898438 -0.0324630737304687 0.200302124023438 0.0173187255859375
-0.12921142578125 0.0869064331054687 -0.0497398376464844 0.0420494079589844
-0.0159149169921875 0.130012512207031 0.0147857666015625 0.197402954101563
0.0837173461914063 0.105140686035156 0.1478271484375 0.2177734375
0.128707885742187 -0.00025177001953125 0.322662353515625 0.11181640625
0.127395629882813 -0.0646209716796875 0.399505615234375 -0.03570556640625
0.111862182617187 -0.0365371704101563 0.357086181640625 -0.06097412109375
0.125328063964844 -0.0442581176757813 0.354156494140625 -0.018798828125
0.126747131347656 0.0291061401367187 0.28839111328125 0.067047119140625
0.0758819580078125 0.111717224121094 0.16680908203125 0.086151123046875
-0.0493392944335937 0.135429382324219 0.121986389160156 0.0584487915039063
-0.154769897460938 0.030670166015625 0.218704223632812 0.0041046142578125
-0.141799926757813 -0.0684356689453125 0.470428466796875 0.104583740234375
-0.0509567260742187 -0.123191833496094 0.555938720703125 0.52685546875
-0.29473876953125 -0.293609619140625 0.28973388671875 0.164093017578125
-0.326202392578125 -0.0824890136718751 0.174835205078125 0.030029296875
-0.321014404296875 0.144073486328125 -0.0448417663574219 0.0288925170898438
-0.0971221923828125 0.276351928710938 0.00172424316406251 0.161239624023438
0.106124877929688 0.259140014648438 0.0910186767578125 0.196121215820313
0.264434814453125 0.08935546875 0.266815185546875 0.115753173828125
0.288421630859375 -0.03851318359375 0.338134765625 -0.015167236328125
0.2635498046875 -0.0053863525390625 0.288543701171875 -0.045501708984375
0.297576904296875 -0.0223388671875 0.286773681640625 -0.009857177734375
0.267745971679688 0.1024169921875 0.223236083984375 0.0359039306640625
0.153701782226563 0.257965087890625 0.115623474121094 0.0366439819335938
-0.079345703125 0.302215576171875 0.113250732421875 0.00414276123046877
-0.342926025390625 0.124176025390625 0.234619140625 -0.0392913818359375
-0.374237060546875 -0.072723388671875 0.463653564453125 0.08331298828125
-0.2734375 -0.25701904296875 0.533782958984375 0.462188720703125
-0.4515380859375 -0.39593505859375 0.1859130859375 0.0790557861328125
-0.481353759765625 -0.1231689453125 0.106544494628906 0.0248947143554687
-0.482330322265625 0.189300537109375 -0.0446395874023438 0.021697998046875
-0.17218017578125 0.398284912109375 -0.00521850585937501 0.112998962402344
0.11279296875 0.3873291015625 0.0298309326171875 0.147415161132813
0.360870361328125 0.1728515625 0.178253173828125 0.0983428955078125
0.406829833984375 -0.004486083984375 0.22625732421875 0.0049896240234375
0.37548828125 0.02587890625 0.175445556640625 -0.0240936279296875
0.424560546875 -0.001495361328125 0.17584228515625 0.0039520263671875
0.377044677734375 0.151611328125 0.120674133300781 0.00298309326171876
0.225341796875 0.365447998046875 0.03826904296875 -0.0176124572753906
-0.080780029296875 0.43701171875 0.084625244140625 -0.0589599609375
-0.477813720703125 0.224456787109375 0.225204467773437 -0.0857391357421875
-0.558380126953125 -0.04742431640625 0.40338134765625 0.058380126953125
-0.457733154296875 -0.343902587890625 0.441009521484375 0.355133056640625
-0.542938232421875 -0.437225341796875 0.0409736633300781 -0.0466537475585938
-0.58074951171875 -0.1361083984375 0.000315427780151332 0.00196492671966552
-0.5787353515625 0.22723388671875 -0.0530929565429688 0.0173416137695313
-0.21417236328125 0.476226806640625 -0.0133628845214844 0.0525627136230469
0.11181640625 0.463348388671875 -0.034149169921875 0.0744247436523438
0.410003662109375 0.22662353515625 0.0634307861328125 0.0596961975097656
0.464111328125 0.0283203125 0.0803070068359375 0.0187301635742188
0.4293212890625 0.052001953125 0.0363578796386719 0.00139999389648438
0.4879150390625 0.01678466796875 0.0376701354980469 0.0230484008789063
0.429473876953125 0.1781005859375 -0.00778770446777341 -0.0231781005859375
0.266204833984375 0.4195556640625 -0.0564613342285156 -0.0664825439453125
-0.0662231445312499 0.50982666015625 0.036407470703125 -0.118293762207031
-0.53875732421875 0.2923583984375 0.188446044921875 -0.119400024414062
-0.6522216796875 -0.0115356445312499 0.2904052734375 0.04168701171875
-0.56768798828125 -0.37664794921875 0.289093017578125 0.224945068359375
-0.5631103515625 -0.4066162109375 -0.127639770507813 -0.190170288085938
-0.59552001953125 -0.11328125 -0.129135131835938 -0.0337600708007812
-0.5770263671875 0.24127197265625 -0.070526123046875 0.0108184814453125
-0.21221923828125 0.48126220703125 -0.0288314819335938 -0.0137901306152343
0.099334716796875 0.4615478515625 -0.0965652465820313 -0.00876617431640621
0.3956298828125 0.24090576171875 -0.0630722045898437 0.00978088378906251
0.449493408203125 0.0537109375 -0.0788726806640625 0.0278854370117187
0.418212890625 0.07000732421875 -0.108726501464844 0.026641845703125
0.476593017578125 0.036041259765625 -0.108444213867187 0.0417022705078125
0.41119384765625 0.182403564453125 -0.140792846679687 -0.04150390625
0.2515869140625 0.4112548828125 -0.149002075195312 -0.106536865234375
-0.06134033203125 0.490447998046875 -0.017425537109375 -0.163070678710937
-0.5155029296875 0.287811279296875 0.136039733886719 -0.131454467773438
-0.6339111328125 0.00195312499999996 0.14794921875 0.036651611328125
-0.5770263671875 -0.3609619140625 0.10394287109375 0.0893173217773437
-0.498260498046875 -0.308258056640625 -0.2978515625 -0.32330322265625
-0.508880615234375 -0.0646667480468749 -0.260406494140625 -0.0731964111328125
-0.465545654296875 0.2142333984375 -0.0935440063476563 0.00366973876953125
-0.165313720703125 0.39654541015625 -0.052581787109375 -0.0707473754882812
0.07720947265625 0.37286376953125 -0.146865844726563 -0.0816650390625
0.319732666015625 0.2076416015625 -0.177642822265625 -0.0371246337890625
0.3653564453125 0.06585693359375 -0.224136352539062 0.0330810546875
0.342864990234375 0.076080322265625 -0.237503051757812 0.0468902587890625
0.39105224609375 0.053497314453125 -0.24029541015625 0.05126953125
0.32427978515625 0.169036865234375 -0.251968383789063 -0.058074951171875
0.1802978515625 0.344085693359375 -0.215225219726563 -0.138900756835938
-0.06976318359375 0.3826904296875 -0.0555877685546875 -0.191619873046875
-0.415924072265625 0.206146240234375 0.0861892700195312 -0.123756408691406
-0.505706787109375 -0.0083312988281249 0.00888442993164059 0.0353012084960938
-0.48583984375 -0.300537109375 -0.0742111206054688 -0.0379638671875
-0.35345458984375 -0.16204833984375 -0.4456787109375 -0.422332763671875
-0.33929443359375 -0.00576782226562494 -0.3726806640625 -0.10711669921875
-0.271591186523438 0.149505615234375 -0.120872497558594 0.00172424316406249
-0.0865631103515625 0.240325927734375 -0.0783920288085937 -0.100112915039063
0.0420989990234375 0.220184326171875 -0.171951293945313 -0.125961303710938
0.192947387695313 0.137344360351563 -0.258148193359375 -0.068145751953125
0.224456787109375 0.0668487548828125 -0.330535888671875 0.036376953125
0.215866088867188 0.07025146484375 -0.3311767578125 0.0600891113281251
0.248931884765625 0.064239501953125 -0.339508056640625 0.048614501953125
0.188186645507813 0.132949829101563 -0.3233642578125 -0.078216552734375
0.0780181884765625 0.229263305664063 -0.239044189453125 -0.16595458984375
-0.0757598876953125 0.218795776367188 -0.0684967041015625 -0.205276489257813
-0.260665893554688 0.0872344970703125 0.0512161254882812 -0.106864929199219
-0.3031005859375 -0.0226745605468749 -0.0972442626953125 0.02520751953125
-0.32073974609375 -0.19500732421875 -0.213226318359375 -0.144195556640625
-0.14776611328125 0.004852294921875 -0.548675537109375 -0.4732666015625
-0.121978759765625 0.0488052368164063 -0.452850341796875 -0.125335693359375
-0.0456008911132812 0.0616912841796875 -0.147994995117188 0.0145721435546875
-0.00117874145507812 0.0540504455566406 -0.0985488891601563 -0.0926666259765625
0.000160217285156249 0.039337158203125 -0.167221069335938 -0.133819580078125
0.035736083984375 0.0489578247070313 -0.291107177734375 -0.0794067382812501
0.0484504699707031 0.0568199157714844 -0.382843017578125 0.03656005859375
0.055267333984375 0.0531349182128906 -0.375579833984375 0.0627441406250001
0.0688514709472656 0.0643577575683594 -0.38946533203125 0.034637451171875
0.0306167602539063 0.0760269165039063 -0.346160888671875 -0.09783935546875
-0.0218658447265625 0.0852127075195313 -0.224349975585938 -0.18328857421875
-0.0569038391113281 0.0382194519042969 -0.058013916015625 -0.205062866210938
-0.071044921875 -0.018341064453125 0.0334701538085938 -0.0887374877929688
-0.0708694458007813 -0.0156021118164062 -0.155838012695313 0.00585937500000001
-0.116676330566406 -0.0553741455078125 -0.292236328125 -0.213165283203125
-0.108749389648438 -0.14349365234375 0.36016845703125 0.16607666015625
-0.139389038085937 -0.0225143432617188 0.204391479492187 -0.004241943359375
-0.119354248046875 0.0957489013671875 -0.0456085205078125 0.0450019836425781
-0.0045318603515625 0.1290283203125 0.0323486328125 0.192779541015625
0.092864990234375 0.0959396362304687 0.167526245117188 0.203414916992188
0.125999450683594 -0.0130615234375 0.330810546875 0.0816650390625
0.116935729980469 -0.0761489868164063 0.39569091796875 -0.072540283203125
0.105903625488281 -0.0457611083984375 0.35223388671875 -0.091278076171875
0.11785888671875 -0.0563735961914063 0.354827880859375 -0.049774169921875
0.127090454101563 0.0162734985351563 0.29388427734375 0.04278564453125
0.0855712890625 0.101486206054687 0.1737060546875 0.0725250244140625
-0.0364990234375 0.138847351074219 0.127494812011719 0.047607421875
-0.147964477539063 0.0467071533203125 0.21881103515625 -0.0176239013671875
-0.145278930664063 -0.0531158447265625 0.47735595703125 0.05987548828125
-0.06158447265625 -0.116722106933594 0.6011962890625 0.477294921875
-0.32098388671875 -0.265228271484375 0.308380126953125 0.1407470703125
-0.33001708984375 -0.0567626953125 0.181930541992188 0.0116119384765625
-0.30517578125 0.171234130859375 -0.0423660278320313 0.03179931640625
-0.07305908203125 0.28240966796875 0.016998291015625 0.159103393554688
0.130035400390625 0.24859619140625 0.109710693359375 0.188674926757813
0.268524169921875 0.062408447265625 0.27667236328125 0.0906524658203125
0.280624389648438 -0.0664520263671875 0.3355712890625 -0.046661376953125
0.261260986328125 -0.0294036865234375 0.284942626953125 -0.070770263671875
0.291351318359375 -0.05145263671875 0.288665771484375 -0.03619384765625
0.274948120117188 0.0746612548828125 0.2266845703125 0.0172882080078125
0.176895141601563 0.23956298828125 0.117744445800781 0.027923583984375
-0.051422119140625 0.3095703125 0.114387512207031 -0.00494384765624998
-0.32904052734375 0.158203125 0.231460571289062 -0.0608062744140625
-0.376556396484375 -0.0358581542968749 0.47052001953125 0.039947509765625
-0.297943115234375 -0.232330322265625 0.57354736328125 0.41644287109375
-0.487701416015625 -0.35650634765625 0.197601318359375 0.0651397705078125
-0.489044189453125 -0.0847473144531251 0.113845825195312 0.0133438110351562
-0.4652099609375 0.2335205078125 -0.0435295104980469 0.0263404846191406
-0.136932373046875 0.4119873046875 0.00574493408203125 0.113288879394531
0.149200439453125 0.378204345703125 0.046234130859375 0.147232055664063
0.373504638671875 0.1353759765625 0.188278198242188 0.079345703125
0.404022216796875 -0.044036865234375 0.227264404296875 -0.0176849365234375
0.3765869140625 -0.008880615234375 0.173324584960938 -0.0389862060546875
0.421234130859375 -0.043853759765625 0.179153442382813 -0.012939453125
0.388580322265625 0.114501953125 0.121101379394531 -0.00629425048828124
0.257843017578125 0.3419189453125 0.036346435546875 -0.0195350646972656
-0.041046142578125 0.445465087890625 0.0803909301757813 -0.0645523071289062
-0.455291748046875 0.27032470703125 0.218017578125 -0.10406494140625
-0.558380126953125 0.00579833984375003 0.408416748046875 0.022613525390625
-0.49200439453125 -0.30584716796875 0.469390869140625 0.318939208984375
-0.58624267578125 -0.390625 0.0424652099609375 -0.0477790832519531
-0.59112548828125 -0.0892944335937499 0.00626611709594723 0.000735759735107416
-0.560089111328125 0.27984619140625 -0.0528297424316407 0.0233650207519531
-0.17352294921875 0.49615478515625 -0.00742721557617189 0.0556373596191407
0.15478515625 0.455657958984375 -0.02374267578125 0.0805282592773438
0.428253173828125 0.1859130859375 0.0710220336914063 0.0500717163085938
0.46435546875 -0.0184326171875 0.0831069946289063 0.00949859619140625
0.433807373046875 0.01214599609375 0.0363426208496094 -0.00154495239257812
0.486358642578125 -0.03070068359375 0.0422782897949219 0.0175628662109375
0.44439697265625 0.13494873046875 -0.00974845886230466 -0.0214672088623047
0.304046630859375 0.39251708984375 -0.0623130798339844 -0.0596809387207031
-0.022216796875 0.51739501953125 0.0276260375976562 -0.118988037109375
-0.51092529296875 0.343505859375 0.179306030273438 -0.1334228515625
-0.650146484375 0.0458374023437501 0.2945556640625 0.016387939453125
-0.60498046875 -0.32989501953125 0.306182861328125 0.201690673828125
-0.60296630859375 -0.3612060546875 -0.139816284179688 -0.176956176757813
-0.6060791015625 -0.0645751953125001 -0.127693176269531 -0.0228118896484375
-0.558502197265625 0.296173095703125 -0.0711212158203125 0.0198898315429688
-0.1707763671875 0.501220703125 -0.0285491943359375 -0.00819778442382809
0.1435546875 0.455596923828125 -0.0935821533203125 0.00260162353515627
0.416656494140625 0.20111083984375 -0.0589714050292968 0.01116943359375
0.453643798828125 0.008941650390625 -0.0745620727539062 0.0327301025390625
0.424530029296875 0.0318603515625 -0.106864929199219 0.0367050170898438
0.477874755859375 -0.01190185546875 -0.102485656738281 0.0484466552734375
0.426788330078125 0.14215087890625 -0.143814086914062 -0.028900146484375
0.2890625 0.387115478515625 -0.158111572265625 -0.0916900634765624
-0.018341064453125 0.497222900390625 -0.030548095703125 -0.159042358398438
-0.4892578125 0.336029052734375 0.125335693359375 -0.140289306640625
-0.6300048828125 0.0581665039062499 0.15216064453125 0.026336669921875
-0.6134033203125 -0.3160400390625 0.11041259765625 0.0816192626953125
-0.529144287109375 -0.269287109375 -0.322509765625 -0.296234130859375
-0.5179443359375 -0.0234985351562501 -0.263763427734375 -0.0502777099609376
-0.451751708984375 0.25933837890625 -0.0952072143554688 0.01580810546875
-0.13031005859375 0.41290283203125 -0.0575752258300781 -0.0622825622558593
0.112030029296875 0.369873046875 -0.149917602539063 -0.06610107421875
0.33770751953125 0.175506591796875 -0.177627563476562 -0.0251922607421875
0.37237548828125 0.028778076171875 -0.2196044921875 0.051483154296875
0.3515625 0.043792724609375 -0.23419189453125 0.0680999755859375
0.3946533203125 0.014495849609375 -0.234176635742187 0.0704803466796874
0.33843994140625 0.1363525390625 -0.256500244140625 -0.03607177734375
0.213043212890625 0.326568603515625 -0.225677490234375 -0.11859130859375
-0.0357666015625 0.389923095703125 -0.0716400146484375 -0.184097290039062
-0.398162841796875 0.24517822265625 0.0758666992187499 -0.127876281738281
-0.505767822265625 0.0370483398437501 0.0135879516601562 0.0377731323242187
-0.516815185546875 -0.260711669921875 -0.0794677734375 -0.029815673828125
-0.371185302734375 -0.136138916015625 -0.481689453125 -0.383697509765625
-0.3447265625 0.0208740234375 -0.3802490234375 -0.072479248046875
-0.263839721679688 0.176849365234375 -0.122726440429688 0.0162582397460938
-0.0665435791015625 0.250839233398438 -0.086395263671875 -0.0888214111328125
0.063323974609375 0.220474243164063 -0.18023681640625 -0.108963012695313
0.205596923828125 0.118698120117187 -0.260955810546875 -0.0493011474609375
0.232528686523438 0.0419769287109375 -0.326690673828125 0.0644836425781251
0.224166870117187 0.0495452880859375 -0.326690673828125 0.08905029296875
0.254058837890625 0.04010009765625 -0.333892822265625 0.078338623046875
0.200408935546875 0.11395263671875 -0.3291015625 -0.049835205078125
0.101028442382813 0.222457885742187 -0.251907348632813 -0.143569946289063
-0.0562591552734375 0.227462768554688 -0.0857086181640625 -0.196365356445313
-0.25518798828125 0.112640380859375 0.0418624877929687 -0.107711791992188
-0.304779052734375 0.00436401367187506 -0.0933456420898438 0.0377349853515625
-0.342742919921875 -0.17041015625 -0.227767944335938 -0.123855590820312
-0.149627685546875 0.0131378173828125 -0.5897216796875 -0.424560546875
-0.120780944824219 0.058502197265625 -0.46435546875 -0.0831298828125001
-0.0451583862304688 0.0673637390136719 -0.147979736328125 0.03070068359375
0.00225067138671875 0.0563621520996094 -0.106155395507813 -0.080535888671875
0.00345230102539063 0.0424270629882813 -0.177703857421875 -0.118515014648438
0.0416412353515625 0.0463829040527344 -0.296630859375 -0.056060791015625
0.0569915771484375 0.0508842468261719 -0.378753662109375 0.0704345703125
0.0620384216308594 0.0472068786621094 -0.371002197265625 0.0960693359375001
0.076934814453125 0.057220458984375 -0.38690185546875 0.06890869140625
0.0392684936523437 0.0720138549804688 -0.354400634765625 -0.06689453125
-0.0116119384765625 0.0886154174804688 -0.238479614257813 -0.161972045898438
-0.0529556274414063 0.0457496643066406 -0.076995849609375 -0.198394775390625
-0.0762939453125 -0.0104217529296875 0.0251388549804688 -0.0882568359375
-0.0746917724609375 -0.00915527343750001 -0.154327392578125 0.02386474609375
-0.125228881835938 -0.047760009765625 -0.313323974609375 -0.18603515625
-0.11431884765625 -0.130958557128906 0.36822509765625 0.14141845703125
-0.13482666015625 -0.0155715942382812 0.201553344726563 -0.02056884765625
-0.108871459960937 0.0994949340820313 -0.0417861938476563 0.0456504821777344
0.00345611572265626 0.124687194824219 0.044189453125 0.184585571289062
0.097503662109375 0.0862960815429688 0.176620483398438 0.188613891601563
0.119979858398437 -0.0220794677734375 0.327728271484375 0.058929443359375
0.10552978515625 -0.0814285278320313 0.382659912109375 -0.097869873046875
0.09869384765625 -0.0509567260742188 0.3416748046875 -0.11199951171875
0.109062194824219 -0.063568115234375 0.3460693359375 -0.071441650390625
0.123481750488281 0.00702667236328125 0.291717529296875 0.024139404296875
0.08929443359375 0.0916213989257813 0.174392700195313 0.061309814453125
-0.025177001953125 0.138023376464844 0.1287841796875 0.0382461547851563
-0.139030456542969 0.0565261840820313 0.212265014648438 -0.03314208984375
-0.142166137695312 -0.0395050048828125 0.470733642578125 0.024566650390625
-0.0673904418945313 -0.10906982421875 0.6185302734375 0.42938232421875
-0.33160400390625 -0.237213134765625 0.31671142578125 0.11981201171875
-0.323760986328125 -0.03778076171875 0.182754516601563 -0.0038604736328125
-0.28692626953125 0.1866455078125 -0.0403938293457031 0.0339202880859375
-0.0537567138671875 0.279922485351563 0.027313232421875 0.15338134765625
0.144882202148438 0.234085083007813 0.1212158203125 0.17828369140625
0.264175415039063 0.0407562255859375 0.275802612304688 0.06915283203125
0.266464233398438 -0.0844879150390625 0.325958251953125 -0.069244384765625
0.252639770507813 -0.045684814453125 0.276214599609375 -0.08685302734375
0.2786865234375 -0.0714874267578125 0.283477783203125 -0.054962158203125
0.27227783203125 0.053436279296875 0.223739624023438 0.003753662109375
0.1884765625 0.220809936523437 0.116432189941406 0.0211868286132813
-0.029144287109375 0.306793212890625 0.113525390625 -0.0116119384765625
-0.3089599609375 0.178314208984375 0.2232666015625 -0.074493408203125
-0.3673095703125 -0.00949096679687503 0.4625244140625 0.0078125
-0.30853271484375 -0.208587646484375 0.58782958984375 0.372802734375
-0.503021240234375 -0.316741943359375 0.203857421875 0.05322265625
-0.483062744140625 -0.0567016601562499 0.1175537109375 0.0028228759765625
-0.440887451171875 0.259368896484375 -0.0420188903808594 0.0297279357910156
-0.10833740234375 0.41156005859375 0.0144424438476562 0.1109619140625
0.1722412109375 0.361541748046875 0.057373046875 0.142425537109375
0.37213134765625 0.104400634765625 0.188858032226563 0.0627288818359375
0.389892578125 -0.073883056640625 0.221755981445313 -0.0337371826171875
0.3680419921875 -0.033447265625 0.168258666992188 -0.0485687255859375
0.406494140625 -0.0736083984375 0.177413940429688 -0.02557373046875
0.386077880859375 0.083282470703125 0.118141174316406 -0.0128860473632812
0.27490234375 0.315521240234375 0.0336761474609375 -0.0190410614013672
-0.011199951171875 0.440948486328125 0.0766983032226563 -0.0668258666992187
-0.427520751953125 0.29632568359375 0.208465576171875 -0.1156005859375
-0.542449951171875 0.0420532226562499 0.401275634765625 -0.00457763671875
-0.504913330078125 -0.269287109375 0.48095703125 0.28509521484375
-0.60400390625 -0.348876953125 0.0435104370117187 -0.0478553771972656
-0.58636474609375 -0.0544433593750001 0.0108528137207031 -0.00204944610595703
-0.532379150390625 0.315765380859375 -0.0516586303710938 0.0293464660644531
-0.138885498046875 0.49835205078125 -0.00196838378906251 0.0562973022460938
0.18341064453125 0.43890380859375 -0.0145645141601562 0.08221435546875
0.429107666015625 0.14990234375 0.0732192993164063 0.0410003662109375
0.452301025390625 -0.0528564453125 0.0825347900390625 0.00191497802734375
0.427703857421875 -0.01739501953125 0.0356712341308594 -0.0031585693359375
0.471923828125 -0.066375732421875 0.0445938110351563 0.0124588012695312
0.4420166015625 0.100433349609375 -0.0111560821533203 -0.019500732421875
0.324371337890625 0.36273193359375 -0.0654258728027344 -0.0529670715332031
0.012786865234375 0.5108642578125 0.0210342407226563 -0.116432189941406
-0.478790283203125 0.372283935546875 0.16888427734375 -0.141342163085937
-0.63055419921875 0.08648681640625 0.2906494140625 -0.00152587890624999
-0.62103271484375 -0.28851318359375 0.312744140625 0.179901123046875
-0.61944580078125 -0.317626953125 -0.14434814453125 -0.164154052734375
-0.601318359375 -0.0305175781250001 -0.122711181640625 -0.015350341796875
-0.53265380859375 0.329345703125 -0.0700721740722657 0.0281333923339844
-0.13531494140625 0.50537109375 -0.0266017913818359 -0.00329589843749997
0.172332763671875 0.441375732421875 -0.087310791015625 0.010284423828125
0.41961669921875 0.167022705078125 -0.0565032958984375 0.00983428955078127
0.44451904296875 -0.02618408203125 -0.0708389282226562 0.0350723266601562
0.41961669921875 0.002166748046875 -0.103187561035156 0.0430908203125
0.46588134765625 -0.045501708984375 -0.0964813232421875 0.052154541015625
0.425506591796875 0.107421875 -0.143157958984375 -0.0184173583984375
0.310577392578125 0.3585205078125 -0.160858154296875 -0.0776519775390625
0.014556884765625 0.48992919921875 -0.038665771484375 -0.151748657226563
-0.45806884765625 0.3634033203125 0.115982055664062 -0.143218994140625
-0.6114501953125 0.0974121093750001 0.152374267578125 0.017578125
-0.627197265625 -0.272216796875 0.112388610839844 0.0752029418945312
-0.5406494140625 -0.23297119140625 -0.332366943359375 -0.27001953125
-0.513671875 0.00494384765624997 -0.259140014648438 -0.0321807861328125
-0.43121337890625 0.28851318359375 -0.0938720703125 0.02587890625
-0.101837158203125 0.41644287109375 -0.0580520629882813 -0.053680419921875
0.136505126953125 0.35992431640625 -0.147689819335938 -0.054168701171875
0.342376708984375 0.14697265625 -0.175140380859375 -0.0178985595703125
0.367523193359375 -0.001373291015625 -0.2117919921875 0.0630035400390625
0.349273681640625 0.018798828125 -0.226593017578125 0.082275390625
0.3863525390625 -0.0145263671875 -0.22479248046875 0.08221435546875
0.33941650390625 0.10748291015625 -0.25360107421875 -0.0182952880859375
0.231231689453125 0.304290771484375 -0.228973388671875 -0.10028076171875
-0.0101318359375 0.38751220703125 -0.081085205078125 -0.173919677734375
-0.37738037109375 0.2677001953125 0.0684585571289062 -0.127494812011719
-0.491455078125 0.06719970703125 0.0174827575683593 0.0388717651367188
-0.5306396484375 -0.226409912109375 -0.0811080932617188 -0.023223876953125
-0.377197265625 -0.11358642578125 -0.495269775390625 -0.345703125
-0.3392333984375 0.0405578613281251 -0.377349853515625 -0.046478271484375
-0.252365112304687 0.194564819335938 -0.119369506835938 0.0287933349609375
-0.04974365234375 0.253692626953125 -0.0885162353515625 -0.0780563354492187
0.07818603515625 0.215133666992187 -0.180877685546875 -0.0943756103515625
0.209564208984375 0.101242065429688 -0.258148193359375 -0.0356903076171875
0.232391357421875 0.022796630859375 -0.315673828125 0.08392333984375
0.225189208984375 0.0325927734375 -0.316162109375 0.109283447265625
0.252883911132813 0.0196533203125 -0.32275390625 0.096710205078125
0.203384399414062 0.095855712890625 -0.325408935546875 -0.0267639160156251
0.115478515625 0.211715698242188 -0.25531005859375 -0.122909545898438
-0.0400390625 0.229049682617188 -0.0969085693359375 -0.185745239257812
-0.246078491210938 0.129165649414063 0.036529541015625 -0.105720520019531
-0.29876708984375 0.02325439453125 -0.087005615234375 0.045989990234375
-0.3519287109375 -0.147369384765625 -0.233016967773437 -0.105072021484375
-0.148651123046875 0.0179290771484375 -0.60455322265625 -0.38037109375
-0.118408203125 0.0635833740234375 -0.460968017578125 -0.05059814453125
-0.0440139770507813 0.071502685546875 -0.143096923828125 0.0435028076171875
0.00487136840820313 0.0581283569335938 -0.107666015625 -0.068817138671875
0.00728607177734376 0.0435333251953125 -0.180007934570313 -0.104751586914062
0.0445785522460938 0.0426902770996094 -0.293182373046875 -0.038787841796875
0.0611572265625 0.0438346862792969 -0.36651611328125 0.093292236328125
0.0662040710449219 0.0413436889648438 -0.3590087890625 0.118621826171875
0.0805816650390625 0.0494384765625 -0.375274658203125 0.092010498046875
0.0441970825195313 0.0671844482421875 -0.351470947265625 -0.0428771972656251
-0.00254058837890626 0.0886611938476563 -0.24237060546875 -0.143157958984375
-0.0484580993652344 0.0509185791015625 -0.0885467529296875 -0.187591552734375
-0.0789566040039062 -0.00376892089843749 0.01971435546875 -0.0851669311523438
-0.0758819580078125 -0.00424194335937498 -0.148544311523438 0.036651611328125
-0.130073547363281 -0.0406341552734375 -0.3206787109375 -0.16192626953125
-0.1156005859375 -0.121292114257813 0.37255859375 0.126129150390625
-0.13067626953125 -0.0123214721679688 0.198699951171875 -0.0310516357421875
-0.101737976074219 0.0991744995117188 -0.0405235290527344 0.04571533203125
0.00685882568359375 0.119979858398437 0.0498809814453125 0.178009033203125
0.0993118286132813 0.079193115234375 0.180953979492188 0.178543090820313
0.114425659179688 -0.0275497436523438 0.323394775390625 0.045623779296875
0.0968017578125 -0.0827560424804687 0.3721923828125 -0.111083984375
0.0934295654296875 -0.0524749755859375 0.33367919921875 -0.122283935546875
0.102081298828125 -0.0665206909179688 0.340606689453125 -0.0836181640625
0.119918823242188 0.00109100341796875 0.288818359375 0.014495849609375
0.0894851684570313 0.0843429565429688 0.17376708984375 0.0544281005859375
-0.018646240234375 0.136611938476563 0.129470825195313 0.032379150390625
-0.130996704101563 0.0612411499023437 0.206619262695313 -0.0417022705078125
-0.138259887695313 -0.0312042236328125 0.46112060546875 0.0042724609375
-0.0704193115234375 -0.102928161621094 0.62481689453125 0.39892578125
-0.333740234375 -0.218292236328125 0.321929931640625 0.106781005859375
-0.317779541015625 -0.028289794921875 0.182098388671875 -0.0139923095703125
-0.274200439453125 0.193801879882812 -0.03973388671875 0.0354461669921875
-0.0426483154296875 0.275146484375 0.033233642578125 0.148605346679688
0.153289794921875 0.223922729492187 0.1280517578125 0.171722412109375
0.258453369140625 0.0274505615234375 0.272613525390625 0.05670166015625
0.255416870117188 -0.095184326171875 0.318206787109375 -0.081634521484375
0.2462158203125 -0.0545196533203125 0.269989013671875 -0.09564208984375
0.268218994140625 -0.0829620361328125 0.27911376953125 -0.065216064453125
0.2672119140625 0.0399322509765625 0.220855712890625 -0.003082275390625
0.192733764648437 0.20794677734375 0.115005493164063 0.0182952880859375
-0.016632080078125 0.304229736328125 0.11346435546875 -0.015472412109375
-0.294769287109375 0.187774658203125 0.216506958007812 -0.0829925537109375
-0.357421875 0.00622558593749993 0.45391845703125 -0.011505126953125
-0.3135986328125 -0.1927490234375 0.5928955078125 0.34539794921875
-0.507904052734375 -0.29168701171875 0.20867919921875 0.0463409423828125
-0.47760009765625 -0.0410156249999999 0.118988037109375 -0.004730224609375
-0.423797607421875 0.272674560546875 -0.0422515869140625 0.0330390930175781
-0.091156005859375 0.408966064453125 0.0192794799804687 0.108352661132813
0.185882568359375 0.348785400390625 0.0649566650390625 0.138557434082031
0.366790771484375 0.084716796875 0.18804931640625 0.0524749755859375
0.376617431640625 -0.091094970703125 0.217300415039063 -0.04364013671875
0.360748291015625 -0.048126220703125 0.1650390625 -0.0536651611328125
0.393463134765625 -0.090789794921875 0.175491333007813 -0.033721923828125
0.379669189453125 0.06439208984375 0.115959167480469 -0.0153732299804687
0.28277587890625 0.297882080078125 0.0320491790771485 -0.0179805755615234
0.00683593750000003 0.436767578125 0.0752410888671875 -0.0680389404296875
-0.408172607421875 0.3099365234375 0.202224731445312 -0.121322631835937
-0.527557373046875 0.0618591308593749 0.394805908203125 -0.020721435546875
-0.51239013671875 -0.246124267578125 0.4840087890625 0.263427734375
-0.610107421875 -0.31927490234375 0.0463333129882812 -0.0474433898925781
-0.5809326171875 -0.0340576171875001 0.0143270492553711 -0.00454235076904297
-0.51544189453125 0.3328857421875 -0.0514602661132813 0.0347900390625
-0.1173095703125 0.496063232421875 0.00211715698242186 0.0572242736816407
0.19989013671875 0.4267578125 -0.00741577148437498 0.0827255249023438
0.426055908203125 0.1273193359375 0.07366943359375 0.0337982177734375
0.44049072265625 -0.0748291015625 0.08154296875 -0.00339508056640626
0.42041015625 -0.035308837890625 0.0348358154296875 -0.00323295593261719
0.45904541015625 -0.08599853515625 0.0460243225097657 0.00848388671875
0.435699462890625 0.07781982421875 -0.0116748809814453 -0.0171213150024414
0.33331298828125 0.34259033203125 -0.0668983459472656 -0.0469436645507812
0.032135009765625 0.50469970703125 0.0180740356445312 -0.114143371582031
-0.45697021484375 0.385711669921875 0.162887573242187 -0.1448974609375
-0.61370849609375 0.10906982421875 0.286346435546875 -0.01318359375
-0.625732421875 -0.2618408203125 0.31378173828125 0.167083740234375
-0.626708984375 -0.2923583984375 -0.144119262695313 -0.15496826171875
-0.5960693359375 -0.0101928710937499 -0.1182861328125 -0.0120010375976562
-0.515350341796875 0.35009765625 -0.0688591003417969 0.0354156494140625
-0.113922119140625 0.504608154296875 -0.0235328674316406 0.000156402587890655
0.190765380859375 0.430572509765625 -0.0820236206054687 0.0150527954101563
0.41748046875 0.143890380859375 -0.0553817749023437 0.00836563110351563
0.43511962890625 -0.0489501953125 -0.068511962890625 0.0352706909179688
0.4154052734375 -0.016082763671875 -0.100753784179687 0.0469970703125
0.453857421875 -0.066558837890625 -0.0922698974609375 0.0527114868164063
0.420989990234375 0.085174560546875 -0.141708374023437 -0.0114593505859375
0.320343017578125 0.3388671875 -0.161529541015625 -0.0682830810546875
0.03338623046875 0.48516845703125 -0.0419921875 -0.146728515625
-0.439910888671875 0.376129150390625 0.11181640625 -0.145004272460937
-0.59625244140625 0.11688232421875 0.151687622070312 0.0122528076171875
-0.6341552734375 -0.247314453125 0.112495422363281 0.070648193359375
-0.5472412109375 -0.2122802734375 -0.33538818359375 -0.25360107421875
-0.50897216796875 0.0222167968749999 -0.254486083984375 -0.0226898193359375
-0.416961669921875 0.30584716796875 -0.09185791015625 0.0345382690429688
-0.08441162109375 0.417816162109375 -0.0568161010742187 -0.0477714538574219
0.151885986328125 0.351898193359375 -0.144332885742188 -0.0464324951171875
0.341400146484375 0.128814697265625 -0.17315673828125 -0.015167236328125
0.360595703125 -0.020172119140625 -0.206130981445312 0.068267822265625
0.34637451171875 0.003509521484375 -0.221649169921875 0.090301513671875
0.378814697265625 -0.0328369140625 -0.218902587890625 0.0879669189453125
0.33697509765625 0.089691162109375 -0.250808715820313 -0.00788879394531245
0.24169921875 0.28985595703125 -0.229049682617187 -0.0879669189453125
0.005279541015625 0.384490966796875 -0.085601806640625 -0.166717529296875
-0.36279296875 0.279815673828125 0.0653533935546875 -0.127357482910156
-0.48046875 0.08282470703125 0.0205917358398437 0.0384559631347656
-0.535369873046875 -0.205078125 -0.0825729370117188 -0.0187606811523438
-0.3797607421875 -0.10150146484375 -0.49835205078125 -0.32257080078125
-0.337799072265625 0.0511474609374999 -0.3720703125 -0.0299987792968749
-0.244903564453125 0.206207275390625 -0.116012573242188 0.0374526977539063
-0.03863525390625 0.254592895507813 -0.0873565673828125 -0.0707855224609375
0.0875396728515625 0.212020874023437 -0.179397583007813 -0.08612060546875
0.2093505859375 0.0901336669921875 -0.256134033203125 -0.0288848876953125
0.230453491210937 0.0086822509765625 -0.308013916015625 0.0927734375
0.224594116210938 0.021697998046875 -0.309906005859375 0.120086669921875
0.248550415039063 0.007110595703125 -0.31512451171875 0.106781005859375
0.203582763671875 0.084320068359375 -0.321502685546875 -0.0139465332031249
0.124664306640625 0.203018188476563 -0.255294799804688 -0.109786987304687
-0.0305938720703125 0.22943115234375 -0.1019287109375 -0.176925659179687
-0.239730834960938 0.137680053710937 0.0342254638671875 -0.104286193847656
-0.29376220703125 0.0328369140625 -0.0821380615234375 0.0505142211914063
-0.35687255859375 -0.133544921875 -0.235061645507813 -0.094146728515625
-0.1488037109375 0.019439697265625 -0.61004638671875 -0.35107421875
-0.117485046386719 0.06683349609375 -0.456573486328125 -0.0300598144531249
-0.0437240600585937 0.075103759765625 -0.137619018554688 0.05230712890625
0.00654602050781249 0.05975341796875 -0.106430053710938 -0.0609512329101562
0.0088958740234375 0.0451164245605469 -0.180831909179688 -0.0971527099609375
0.0458946228027344 0.0405464172363281 -0.29034423828125 -0.0296630859375
0.0633926391601562 0.0381889343261719 -0.35784912109375 0.10565185546875
0.0684852600097656 0.0365829467773438 -0.351318359375 0.13104248046875
0.08203125 0.0444869995117188 -0.367156982421875 0.105133056640625
0.0467567443847656 0.063262939453125 -0.347381591796875 -0.028564453125
0.00377655029296876 0.0875396728515625 -0.243133544921875 -0.130081176757812
-0.0455741882324219 0.0539016723632813 -0.0951690673828125 -0.179595947265625
-0.0814056396484375 0.001495361328125 0.017913818359375 -0.0826568603515625
-0.0770187377929688 -0.00164794921875001 -0.142974853515625 0.044097900390625
-0.133285522460938 -0.0365447998046875 -0.32415771484375 -0.146270751953125
-0.11663818359375 -0.117218017578125 0.382598876953125 0.117889404296875
-0.129005432128906 -0.0114364624023437 0.200103759765625 -0.0382537841796875
-0.0989151000976563 0.0995941162109375 -0.0399284362792969 0.0473709106445313
0.00868988037109374 0.11883544921875 0.0543365478515625 0.176681518554687
0.101486206054688 0.0748062133789063 0.186996459960938 0.17510986328125
0.111686706542969 -0.0312042236328125 0.324554443359375 0.0391845703125
0.0920639038085937 -0.0837554931640625 0.371368408203125 -0.122650146484375
0.09124755859375 -0.053924560546875 0.335906982421875 -0.13153076171875
0.0980758666992188 -0.0692825317382813 0.34442138671875 -0.0931396484375
0.118698120117187 -0.00206756591796875 0.292083740234375 0.009918212890625
0.09039306640625 0.0810546875 0.175704956054688 0.051666259765625
-0.0146636962890625 0.137886047363281 0.132011413574219 0.0290679931640625
-0.126762390136719 0.064117431640625 0.205078125 -0.0471343994140625
-0.13677978515625 -0.02630615234375 0.461212158203125 -0.007598876953125
-0.073028564453125 -0.100616455078125 0.6378173828125 0.38690185546875
-0.340362548828125 -0.209381103515625 0.332366943359375 0.1002197265625
-0.31878662109375 -0.023895263671875 0.184555053710937 -0.021240234375
-0.271011352539063 0.199966430664063 -0.0405349731445313 0.0387306213378906
-0.037384033203125 0.276107788085938 0.0374603271484375 0.147964477539063
0.160079956054688 0.22015380859375 0.134567260742188 0.169326782226563
0.256515502929688 0.019134521484375 0.27423095703125 0.0499114990234375
0.249908447265625 -0.102188110351563 0.317535400390625 -0.090484619140625
0.245315551757813 -0.0604400634765625 0.271499633789063 -0.10205078125
0.264846801757812 -0.0902099609375 0.282501220703125 -0.073577880859375
0.266921997070313 0.032318115234375 0.222991943359375 -0.0064697265625
0.197479248046875 0.202285766601563 0.115524291992188 0.017578125
-0.00921630859375 0.30792236328125 0.115364074707031 -0.0185165405273437
-0.289794921875 0.1966552734375 0.215667724609375 -0.088958740234375
-0.3558349609375 0.0142211914062499 0.4541015625 -0.0233154296875
-0.321441650390625 -0.185791015625 0.60174560546875 0.33489990234375
-0.519256591796875 -0.27984619140625 0.217498779296875 0.0417022705078125
-0.480865478515625 -0.0328674316406251 0.122840881347656 -0.0102462768554688
-0.419830322265625 0.2857666015625 -0.042724609375 0.0379257202148438
-0.08245849609375 0.412200927734375 0.0237655639648437 0.109031677246094
0.19781494140625 0.34686279296875 0.071807861328125 0.138473510742188
0.366546630859375 0.073486328125 0.189193725585938 0.0465850830078125
0.372100830078125 -0.102874755859375 0.21728515625 -0.050445556640625
0.362030029296875 -0.0574951171875 0.165725708007813 -0.0566558837890625
0.39111328125 -0.10308837890625 0.1781005859375 -0.039947509765625
0.380126953125 0.0531005859375 0.117012023925781 -0.0166473388671875
0.29168701171875 0.2901611328125 0.0314712524414063 -0.0163841247558594
0.017913818359375 0.44024658203125 0.0760116577148438 -0.070159912109375
-0.402435302734375 0.32171630859375 0.20111083984375 -0.128219604492187
-0.527069091796875 0.0728454589843749 0.395599365234375 -0.0302734375
-0.523681640625 -0.23663330078125 0.491485595703125 0.254547119140625
-0.62554931640625 -0.3070068359375 0.0508079528808593 -0.047821044921875
-0.58642578125 -0.0257568359374999 0.0173015594482422 -0.00716209411621094
-0.51177978515625 0.3521728515625 -0.0522499084472656 0.0414352416992188
-0.105621337890625 0.5035400390625 0.00561141967773437 0.0584297180175782
0.216156005859375 0.42608642578125 -0.00157928466796874 0.0843353271484375
0.42755126953125 0.115386962890625 0.0736465454101563 0.0298843383789063
0.436248779296875 -0.09027099609375 0.0817108154296875 -0.00743865966796876
0.423309326171875 -0.046051025390625 0.0351715087890625 -0.00311279296875
0.4561767578125 -0.1014404296875 0.0473709106445313 0.00516128540039062
0.436553955078125 0.064849853515625 -0.0121822357177734 -0.0153493881225586
0.344024658203125 0.334808349609375 -0.068328857421875 -0.0430831909179687
0.04547119140625 0.509735107421875 0.0179595947265625 -0.115020751953125
-0.450927734375 0.400848388671875 0.162353515625 -0.15069580078125
-0.61285400390625 0.12060546875 0.287994384765625 -0.019500732421875
-0.6414794921875 -0.25030517578125 0.318328857421875 0.16180419921875
-0.64154052734375 -0.281005859375 -0.144729614257813 -0.1527099609375
-0.60546875 -0.000183105468750035 -0.1165771484375 -0.0108871459960938
-0.511962890625 0.3697509765625 -0.0686149597167969 0.0435447692871094
-0.102752685546875 0.51361083984375 -0.0213413238525391 0.00263023376464847
0.206207275390625 0.43048095703125 -0.0785446166992187 0.0180816650390625
0.420257568359375 0.13238525390625 -0.0566673278808593 0.00690841674804688
0.4329833984375 -0.0655517578125 -0.068115234375 0.035186767578125
0.419281005859375 -0.02752685546875 -0.101455688476562 0.0510406494140625
0.453643798828125 -0.080902099609375 -0.0921707153320312 0.0530929565429688
0.421905517578125 0.072906494140625 -0.143234252929687 -0.00692749023437496
0.332122802734375 0.33209228515625 -0.1641845703125 -0.0621490478515625
0.0458984374999999 0.489898681640625 -0.0438385009765625 -0.145965576171875
-0.434173583984375 0.390899658203125 0.110870361328125 -0.149932861328125
-0.5947265625 0.12738037109375 0.153671264648437 0.00883483886718751
-0.64898681640625 -0.2359619140625 0.112953186035156 0.0688247680664062
-0.559906005859375 -0.20404052734375 -0.3408203125 -0.24658203125
-0.516571044921875 0.0324096679687499 -0.255523681640625 -0.0168609619140625
-0.414093017578125 0.324462890625 -0.0908126831054688 0.0426864624023438
-0.073577880859375 0.42510986328125 -0.0555343627929688 -0.0446929931640625
0.164459228515625 0.35333251953125 -0.143325805664063 -0.0428619384765625
0.34417724609375 0.11993408203125 -0.175704956054688 -0.01422119140625
0.360626220703125 -0.03436279296875 -0.206558227539062 0.07281494140625
0.35028076171875 -0.0064697265625 -0.222854614257812 0.0979156494140625
0.37884521484375 -0.044769287109375 -0.21942138671875 0.0926361083984375
0.3389892578125 0.08056640625 -0.252960205078125 -0.00135803222656254
0.25164794921875 0.28424072265625 -0.2315673828125 -0.0808715820312499
0.014617919921875 0.38958740234375 -0.0881500244140625 -0.164352416992187
-0.361175537109375 0.292266845703125 0.0649871826171875 -0.130424499511719
-0.480316162109375 0.091461181640625 0.0227699279785156 0.0390586853027344
-0.547821044921875 -0.1964111328125 -0.0855484008789063 -0.0167007446289063
-0.388641357421875 -0.0970153808593749 -0.507476806640625 -0.313232421875
-0.3433837890625 0.0579223632812501 -0.37530517578125 -0.02117919921875
-0.243972778320313 0.21771240234375 -0.114448547363281 0.0454635620117188
-0.0318450927734375 0.260589599609375 -0.0867919921875 -0.0667190551757812
0.095733642578125 0.214462280273438 -0.180877685546875 -0.08203125
0.212326049804688 0.0850067138671875 -0.259246826171875 -0.025421142578125
0.231216430664063 -0.000701904296875 -0.30908203125 0.100433349609375
0.228317260742187 0.014404296875 -0.311248779296875 0.129608154296875
0.250228881835938 -0.00115966796875 -0.3160400390625 0.1141357421875
0.2056884765625 0.078125 -0.3238525390625 -0.00601196289062505
0.132492065429688 0.200103759765625 -0.259262084960938 -0.103012084960938
-0.0253143310546875 0.233551025390625 -0.105789184570312 -0.174636840820313
-0.241439819335938 0.14630126953125 0.03399658203125 -0.105964660644531
-0.295135498046875 0.038482666015625 -0.079925537109375 0.053802490234375
-0.366973876953125 -0.12799072265625 -0.241165161132813 -0.0886077880859375
-0.153396606445313 0.0185394287109375 -0.622802734375 -0.3392333984375
-0.120445251464844 0.0699920654296875 -0.4600830078125 -0.018463134765625
-0.0445175170898437 0.0800323486328125 -0.134696960449219 0.0587615966796875
0.00912094116210937 0.0624618530273438 -0.105751037597656 -0.0574951171875
0.0110015869140625 0.0475120544433594 -0.183624267578125 -0.094390869140625
0.0471458435058594 0.0404396057128906 -0.293792724609375 -0.0255737304687501
0.0654067993164063 0.034393310546875 -0.35870361328125 0.114288330078125
0.070953369140625 0.0340728759765625 -0.35308837890625 0.141357421875
0.0849456787109375 0.0417022705078125 -0.3692626953125 0.115325927734375
0.0492286682128906 0.061767578125 -0.349609375 -0.020599365234375
0.00894927978515625 0.0873641967773438 -0.246292114257813 -0.12408447265625
-0.0441093444824219 0.0573272705078125 -0.09979248046875 -0.176651000976563
-0.0849990844726563 0.00546264648437499 0.0172882080078125 -0.0831375122070313
-0.0799026489257813 0.000152587890625 -0.141510009765625 0.04937744140625
-0.138946533203125 -0.0352020263671875 -0.331512451171875 -0.139312744140625
-0.120956420898437 -0.114616394042969 0.40283203125 0.109130859375
-0.131233215332031 -0.0100784301757813 0.205718994140625 -0.0475921630859375
-0.0990447998046875 0.102928161621094 -0.0410575866699219 0.0508766174316406
0.0105514526367187 0.120277404785156 0.061370849609375 0.178680419921875
0.106277465820313 0.0710906982421875 0.198760986328125 0.17340087890625
0.110939025878906 -0.0370712280273438 0.334320068359375 0.03155517578125
0.0891342163085938 -0.0871810913085937 0.377960205078125 -0.138214111328125
0.0907135009765625 -0.057159423828125 0.3453369140625 -0.146820068359375
0.096221923828125 -0.0739822387695313 0.356201171875 -0.10784912109375
0.120147705078125 -0.0067596435546875 0.302490234375 0.002166748046875
0.0937423706054688 0.079559326171875 0.182281494140625 0.0486602783203125
-0.009613037109375 0.14190673828125 0.137931823730469 0.0244064331054688
-0.1258544921875 0.0692138671875 0.209152221679688 -0.055267333984375
-0.137779235839844 -0.0220794677734375 0.47344970703125 -0.023345947265625
-0.0782852172851563 -0.0991897583007813 0.668701171875 0.3775634765625
-0.35577392578125 -0.202850341796875 0.350921630859375 0.0911865234375
-0.327667236328125 -0.01812744140625 0.1915283203125 -0.030120849609375
-0.272689819335938 0.21356201171875 -0.0411605834960938 0.0442352294921875
-0.031951904296875 0.284271240234375 0.0440673828125 0.150390625
0.172348022460938 0.219161987304688 0.14593505859375 0.169479370117188
0.2607421875 0.0094757080078125 0.28228759765625 0.043243408203125
0.25 -0.112777709960937 0.324432373046875 -0.105316162109375
0.250411987304688 -0.0695953369140625 0.279067993164063 -0.114044189453125
0.266647338867188 -0.102981567382813 0.291839599609375 -0.086639404296875
0.272445678710938 0.0239715576171875 0.2305908203125 -0.0118255615234375
0.208953857421875 0.199966430664063 0.11993408203125 0.0164718627929688
0.00198364257812499 0.317535400390625 0.1201171875 -0.0235137939453125
-0.290374755859375 0.21112060546875 0.219161987304687 -0.099853515625
-0.36285400390625 0.02557373046875 0.46612548828125 -0.039215087890625
-0.3392333984375 -0.181060791015625 0.63189697265625 0.32666015625
-0.545074462890625 -0.270355224609375 0.231491088867188 0.035003662109375
-0.496673583984375 -0.02178955078125 0.128662109375 -0.0171966552734375
-0.4241943359375 0.30902099609375 -0.0433845520019531 0.0455131530761719
-0.07208251953125 0.427734375 0.029815673828125 0.111465454101563
0.217193603515625 0.34918212890625 0.0811538696289063 0.140266418457031
0.376190185546875 0.061553955078125 0.1944580078125 0.04132080078125
0.37451171875 -0.120269775390625 0.22210693359375 -0.060882568359375
0.371551513671875 -0.07196044921875 0.171295166015625 -0.0638427734375
0.396484375 -0.120819091796875 0.1849365234375 -0.048797607421875
0.39013671875 0.041473388671875 0.120857238769531 -0.0190353393554687
0.3089599609375 0.287567138671875 0.0319290161132813 -0.0155010223388672
0.032562255859375 0.455535888671875 0.078765869140625 -0.0756912231445312
-0.404052734375 0.345855712890625 0.202957153320313 -0.139785766601562
-0.537872314453125 0.089385986328125 0.405853271484375 -0.04412841796875
-0.54974365234375 -0.228057861328125 0.514862060546875 0.24847412109375
-0.6568603515625 -0.29620361328125 0.0563888549804687 -0.0513153076171875
-0.6064453125 -0.0113525390625001 0.020364761352539 -0.0102138519287109
-0.515716552734375 0.38323974609375 -0.0517234802246094 0.0506553649902344
-0.092926025390625 0.523101806640625 0.0105133056640625 0.0606117248535157
0.23968505859375 0.43243408203125 0.00425720214843752 0.0870590209960938
0.440093994140625 0.103179931640625 0.0754623413085938 0.0271072387695313
0.442291259765625 -0.110260009765625 0.083740234375 -0.011871337890625
0.436248779296875 -0.063720703125 0.03680419921875 -0.003326416015625
0.46514892578125 -0.121246337890625 0.0501060485839844 0.00203704833984374
0.448486328125 0.051513671875 -0.0125265121459961 -0.0139503479003906
0.366424560546875 0.331207275390625 -0.071624755859375 -0.0390701293945312
0.063812255859375 0.52618408203125 0.0170669555664062 -0.118904113769531
-0.45196533203125 0.428680419921875 0.162872314453125 -0.16259765625
-0.62615966796875 0.140380859375 0.295501708984375 -0.029327392578125
-0.67340087890625 -0.23907470703125 0.33282470703125 0.156646728515625
-0.67523193359375 -0.269775390625 -0.149871826171875 -0.151748657226563
-0.6279296875 0.0161132812499999 -0.118789672851563 -0.00901031494140622
-0.517364501953125 0.40301513671875 -0.068511962890625 0.0535507202148438
-0.0882568359375 0.534423828125 -0.0185909271240234 0.00453948974609378
0.231719970703125 0.439544677734375 -0.0768203735351562 0.021636962890625
0.4345703125 0.12139892578125 -0.0590057373046875 0.0064544677734375
0.439300537109375 -0.084930419921875 -0.0696945190429687 0.0367774963378906
0.4334716796875 -0.044647216796875 -0.103599548339844 0.0579757690429687
0.462493896484375 -0.100616455078125 -0.09423828125 0.0561447143554687
0.43353271484375 0.05999755859375 -0.148452758789062 -0.00152587890625001
0.353485107421875 0.32818603515625 -0.17022705078125 -0.0561370849609375
0.0621337890625 0.50799560546875 -0.0480499267578125 -0.148513793945312
-0.4385986328125 0.417724609375 0.109954833984375 -0.159683227539062
-0.6104736328125 0.14825439453125 0.158538818359375 0.00454711914062501
-0.68194580078125 -0.22515869140625 0.116554260253906 0.067901611328125
-0.58837890625 -0.19464111328125 -0.356658935546875 -0.242401123046875
-0.53643798828125 0.0471496582031251 -0.262603759765625 -0.00967407226562498
-0.419677734375 0.353057861328125 -0.0896835327148438 0.053070068359375
-0.061248779296875 0.442901611328125 -0.0554962158203125 -0.0429115295410156
0.18634033203125 0.361572265625 -0.146377563476563 -0.03936767578125
0.357330322265625 0.11236572265625 -0.182830810546875 -0.01141357421875
0.36712646484375 -0.05169677734375 -0.211349487304687 0.08038330078125
0.3626708984375 -0.0206298828125 -0.227920532226562 0.110260009765625
0.3876953125 -0.061370849609375 -0.225723266601562 0.101806640625
0.3492431640625 0.06976318359375 -0.261062622070313 0.00761413574218746
0.271026611328125 0.282470703125 -0.240707397460937 -0.0740203857421875
0.027984619140625 0.403778076171875 -0.0951995849609375 -0.166107177734375
-0.36529541015625 0.314453125 0.0636672973632812 -0.1383056640625
-0.493011474609375 0.10784912109375 0.0249786376953125 0.0405387878417969
-0.5767822265625 -0.18682861328125 -0.0908660888671875 -0.0139846801757813
-0.409027099609375 -0.090576171875 -0.532379150390625 -0.3048095703125
-0.357208251953125 0.0709228515625 -0.387359619140625 -0.00967407226562494
-0.246414184570313 0.237075805664063 -0.112815856933594 0.0548553466796875
-0.023193359375 0.271347045898438 -0.0888290405273438 -0.0648117065429687
0.108871459960938 0.22021484375 -0.187728881835938 -0.0787506103515625
0.220657348632813 0.0808258056640625 -0.26922607421875 -0.0208587646484375
0.236618041992188 -0.0118255615234375 -0.31671142578125 0.1123046875
0.237655639648438 0.00543212890625 -0.31842041015625 0.145111083984375
0.257858276367188 -0.0113372802734375 -0.325531005859375 0.12847900390625
0.213211059570313 0.0724945068359375 -0.334716796875 0.00360107421874996
0.144775390625 0.199691772460937 -0.268280029296875 -0.0963592529296875
-0.0178680419921875 0.244705200195313 -0.114639282226563 -0.17547607421875
-0.246902465820313 0.160552978515625 0.0329132080078125 -0.111358642578125
-0.30426025390625 0.0472717285156249 -0.0791702270507813 0.0592803955078125
-0.3863525390625 -0.1231689453125 -0.253799438476563 -0.0825958251953125
-0.16082763671875 0.0210113525390625 -0.6527099609375 -0.329833984375
-0.125045776367188 0.0765228271484375 -0.47515869140625 -0.00238037109375008
-0.0441207885742187 0.0860824584960938 -0.13348388671875 0.0671463012695312
0.0120925903320313 0.06591796875 -0.10943603515625 -0.054443359375
0.0140266418457031 0.0510902404785156 -0.19195556640625 -0.090789794921875
0.0508079528808594 0.0413932800292969 -0.30462646484375 -0.01959228515625
0.0688743591308594 0.0310821533203125 -0.367645263671875 0.128875732421875
0.0750198364257813 0.031463623046875 -0.362152099609375 0.158782958984375
0.08984375 0.0391845703125 -0.379608154296875 0.131988525390625
0.0535507202148437 0.0612220764160156 -0.362640380859375 -0.0102844238281249
0.0144119262695313 0.0886611938476563 -0.257034301757813 -0.119613647460938
-0.0430984497070313 0.0626754760742188 -0.108596801757813 -0.17779541015625
-0.09027099609375 0.0112457275390625 0.0166702270507813 -0.0871505737304688
-0.0844268798828125 0.00217437744140625 -0.1429443359375 0.05694580078125
-0.148223876953125 -0.0332489013671875 -0.34881591796875 -0.1319580078125
-0.128616333007813 -0.110618591308594 0.42877197265625 0.08740234375
-0.134864807128906 -0.00576019287109376 0.211410522460938 -0.0633697509765625
-0.0969161987304688 0.111000061035156 -0.0404434204101563 0.0572471618652344
0.0150833129882812 0.12353515625 0.0738525390625 0.180419921875
0.112716674804687 0.0649795532226563 0.21649169921875 0.16754150390625
0.109886169433594 -0.0448760986328125 0.347991943359375 0.015350341796875
0.0853500366210938 -0.0936126708984375 0.384307861328125 -0.16644287109375
0.0901947021484375 -0.0632553100585938 0.35211181640625 -0.17498779296875
0.0926513671875 -0.0825424194335938 0.36676025390625 -0.135986328125
0.12213134765625 -0.0143966674804688 0.316375732421875 -0.01422119140625
0.100021362304688 0.0759048461914063 0.191268920898438 0.0408782958984375
-0.00134277343750001 0.1474609375 0.145721435546875 0.0155792236328125
-0.124710083007813 0.0777359008789063 0.21356201171875 -0.0699920654296875
-0.141204833984375 -0.01470947265625 0.487701416015625 -0.052215576171875
-0.0865631103515625 -0.0969085693359375 0.716064453125 0.3533935546875
-0.379241943359375 -0.1883544921875 0.37432861328125 0.072357177734375
-0.34088134765625 -0.00262451171875003 0.198287963867188 -0.0453338623046875
-0.271347045898438 0.23797607421875 -0.0401878356933594 0.0524253845214844
-0.01788330078125 0.295806884765625 0.055450439453125 0.152313232421875
0.192230224609375 0.21551513671875 0.16259765625 0.166229248046875
0.266952514648437 -0.006500244140625 0.294830322265625 0.028839111328125
0.2484130859375 -0.131317138671875 0.33050537109375 -0.129119873046875
0.255142211914063 -0.0869293212890625 0.28607177734375 -0.136016845703125
0.267608642578125 -0.123153686523437 0.30120849609375 -0.110076904296875
0.2816162109375 0.007904052734375 0.24078369140625 -0.02374267578125
0.227157592773438 0.194351196289063 0.125007629394531 0.0119705200195313
0.02142333984375 0.331512451171875 0.124824523925781 -0.03314208984375
-0.28826904296875 0.235809326171875 0.221038818359375 -0.117355346679687
-0.37310791015625 0.0453186035156251 0.47943115234375 -0.067840576171875
-0.363861083984375 -0.16693115234375 0.67529296875 0.3013916015625
-0.58184814453125 -0.24798583984375 0.247772216796875 0.021636962890625
-0.517608642578125 0.00390625000000005 0.134719848632812 -0.0277786254882812
-0.421417236328125 0.347900390625 -0.0408134460449219 0.0563697814941406
-0.051422119140625 0.447235107421875 0.03948974609375 0.11322021484375
0.247955322265625 0.3485107421875 0.0951461791992188 0.139450073242188
0.389495849609375 0.040924072265625 0.203536987304688 0.031280517578125
0.376739501953125 -0.148101806640625 0.227081298828125 -0.07763671875
0.3818359375 -0.097198486328125 0.175949096679688 -0.0758819580078125
0.400848388671875 -0.150848388671875 0.191146850585938 -0.0640869140625
0.40386962890625 0.01947021484375 0.12591552734375 -0.0247650146484375
0.336669921875 0.278564453125 0.0322837829589844 -0.0155258178710937
0.06219482421875 0.473968505859375 0.0793609619140625 -0.0839767456054687
-0.4010009765625 0.38232421875 0.202056884765625 -0.158798217773437
-0.5521240234375 0.120849609375 0.4171142578125 -0.069305419921875
-0.5875244140625 -0.20428466796875 0.54803466796875 0.225738525390625
-0.703369140625 -0.2684326171875 0.0611419677734375 -0.0580253601074219
-0.635986328125 0.0212402343750001 0.022979736328125 -0.0147743225097656
-0.5130615234375 0.431793212890625 -0.0480079650878907 0.0634346008300782
-0.0644531250000001 0.547882080078125 0.0171394348144531 0.0629425048828125
0.27789306640625 0.433441162109375 0.0129776000976563 0.0896682739257813
0.45855712890625 0.0794677734375 0.0784759521484375 0.022186279296875
0.447021484375 -0.14190673828125 0.0861663818359375 -0.0187530517578125
0.449493408203125 -0.093414306640625 0.0394020080566407 -0.00438308715820313
0.4716796875 -0.157012939453125 0.0519599914550782 -0.00288391113281251
0.46466064453125 0.02642822265625 -0.012944221496582 -0.0120229721069336
0.39947509765625 0.320770263671875 -0.0763778686523437 -0.0339508056640625
0.0982666015625 0.546478271484375 0.0130386352539063 -0.125640869140625
-0.44793701171875 0.47216796875 0.158065795898437 -0.179977416992187
-0.64166259765625 0.17828369140625 0.304901123046875 -0.047271728515625
-0.71942138671875 -0.21044921875 0.351806640625 0.143890380859375
-0.72210693359375 -0.24090576171875 -0.159881591796875 -0.149612426757813
-0.6558837890625 0.0534057617187499 -0.12200927734375 -0.00397491455078122
-0.51416015625 0.45611572265625 -0.0637283325195313 0.0671195983886719
-0.058502197265625 0.561553955078125 -0.0156326293945313 0.006556510925293
0.271209716796875 0.44342041015625 -0.075042724609375 0.0266342163085938
0.456512451171875 0.099029541015625 -0.0623893737792968 0.00801086425781251
0.446563720703125 -0.116668701171875 -0.0711288452148437 0.0411300659179688
0.448455810546875 -0.07440185546875 -0.104476928710937 0.06817626953125
0.47174072265625 -0.136444091796875 -0.0958633422851562 0.0634918212890625
0.450714111328125 0.03643798828125 -0.1536865234375 0.00880432128906253
0.387176513671875 0.317047119140625 -0.17919921875 -0.04559326171875
0.095367431640625 0.5267333984375 -0.0564422607421875 -0.152084350585937
-0.43267822265625 0.462249755859375 0.103897094726562 -0.174453735351562
-0.62469482421875 0.185791015625 0.164505004882812 -0.00367736816406249
-0.72723388671875 -0.1954345703125 0.12286376953125 0.0646133422851562
-0.629150390625 -0.16986083984375 -0.38092041015625 -0.231414794921875
-0.560821533203125 0.0794067382812501 -0.271484375 0.00463867187500003
-0.416412353515625 0.3963623046875 -0.08544921875 0.0666198730468751
-0.035430908203125 0.4652099609375 -0.0566139221191406 -0.0401649475097656
0.218719482421875 0.36614990234375 -0.151931762695313 -0.03173828125
0.3759765625 0.094696044921875 -0.191314697265625 -0.00405883789062495
0.373443603515625 -0.078094482421875 -0.215728759765625 0.0946044921875
0.376617431640625 -0.045806884765625 -0.231552124023438 0.130752563476562
0.398162841796875 -0.089996337890625 -0.230361938476562 0.12030029296875
0.363739013671875 0.05126953125 -0.271484375 0.02392578125
0.2991943359375 0.274627685546875 -0.252731323242188 -0.06011962890625
0.053741455078125 0.420806884765625 -0.107498168945313 -0.16693115234375
-0.36553955078125 0.35089111328125 0.0569000244140625 -0.149368286132812
-0.50555419921875 0.1365966796875 0.0288467407226562 0.041656494140625
-0.61614990234375 -0.16326904296875 -0.098175048828125 -0.00730895996093753
-0.4359130859375 -0.0721435546875 -0.56976318359375 -0.28424072265625
-0.369781494140625 0.0935363769531251 -0.4014892578125 0.0131835937500001
-0.242645263671875 0.264678955078125 -0.109245300292969 0.0674667358398438
-0.00695800781250001 0.28497314453125 -0.0932464599609375 -0.0605621337890625
0.12933349609375 0.224380493164063 -0.197402954101563 -0.070526123046875
0.234100341796875 0.071441650390625 -0.281768798828125 -0.00869750976562499
0.242507934570313 -0.02880859375 -0.323394775390625 0.134552001953125
0.248443603515625 -0.010986328125 -0.32476806640625 0.1727294921875
0.266616821289063 -0.029052734375 -0.333251953125 0.1544189453125
0.224563598632813 0.0625152587890625 -0.3489990234375 0.0241699218750001
0.16424560546875 0.196487426757812 -0.283172607421875 -0.08282470703125
-0.00247192382812499 0.257736206054688 -0.127960205078125 -0.173965454101562
-0.250167846679688 0.184356689453125 0.0267791748046875 -0.119125366210937
-0.314971923828125 0.0647583007812501 -0.0777587890625 0.0676193237304688
-0.4132080078125 -0.10662841796875 -0.270736694335938 -0.0690765380859375
-0.17071533203125 0.029205322265625 -0.69482421875 -0.30316162109375
-0.127166748046875 0.08782958984375 -0.492462158203125 0.026214599609375
-0.0421524047851563 0.0940399169921875 -0.130630493164063 0.0779266357421875
0.0180587768554688 0.0689239501953125 -0.114631652832031 -0.0486602783203125
0.0189323425292969 0.054534912109375 -0.203948974609375 -0.0829620361328125
0.0559577941894531 0.041015625 -0.318328857421875 -0.00506591796874996
0.0735015869140625 0.0267562866210937 -0.37615966796875 0.1552734375
0.0811080932617188 0.0268402099609375 -0.369384765625 0.1890869140625
0.0970458984375 0.0344314575195313 -0.389862060546875 0.162139892578125
0.0599555969238281 0.0598945617675781 -0.378173828125 0.00979614257812509
0.022308349609375 0.0906448364257813 -0.272476196289063 -0.108856201171875
-0.0400199890136719 0.0700569152832031 -0.123504638671875 -0.17620849609375
-0.0960159301757813 0.020965576171875 0.0120162963867187 -0.0918121337890625
-0.0899429321289063 0.0069580078125 -0.143646240234375 0.0685882568359375
-0.159530639648438 -0.026702880859375 -0.372650146484375 -0.114532470703125
-0.13775634765625 -0.102081298828125 0.448089599609375 0.051971435546875
-0.1380615234375 0.00277709960937501 0.212448120117188 -0.08367919921875
-0.0905914306640625 0.12042236328125 -0.0360031127929688 0.0642204284667969
0.0234451293945313 0.124610900878906 0.0895538330078125 0.17645263671875
0.118743896484375 0.054931640625 0.234359741210938 0.151992797851563
0.1048583984375 -0.0554733276367188 0.356201171875 -0.010162353515625
0.0778427124023438 -0.100326538085938 0.3795166015625 -0.20245361328125
0.0866775512695313 -0.0707931518554688 0.3489990234375 -0.21136474609375
0.0850143432617188 -0.0911026000976563 0.3680419921875 -0.17340087890625
0.121925354003906 -0.0247039794921875 0.325469970703125 -0.039764404296875
0.107208251953125 0.069488525390625 0.198577880859375 0.0272979736328125
0.0117340087890625 0.150390625 0.150497436523438 0.00221252441406251
-0.119491577148438 0.0874176025390625 0.211776733398438 -0.09033203125
-0.143157958984375 -0.00360107421875 0.492706298828125 -0.094635009765625
-0.0963211059570312 -0.0904388427734375 0.758544921875 0.30072021484375
-0.40252685546875 -0.160247802734375 0.392486572265625 0.040008544921875
-0.34881591796875 0.022003173828125 0.200363159179687 -0.0649566650390625
-0.2574462890625 0.265472412109375 -0.0344924926757813 0.061370849609375
0.00415039062499998 0.30401611328125 0.0699920654296875 0.149490356445313
0.214096069335938 0.202316284179688 0.180618286132813 0.154312133789063
0.267807006835937 -0.0292510986328125 0.30279541015625 0.007568359375
0.239120483398438 -0.153274536132813 0.327301025390625 -0.1605224609375
0.253829956054688 -0.109909057617188 0.284820556640625 -0.164764404296875
0.259750366210938 -0.14886474609375 0.30194091796875 -0.142120361328125
0.286163330078125 -0.01519775390625 0.246749877929688 -0.043731689453125
0.247055053710938 0.1795654296875 0.128799438476563 0.00423431396484376
0.050140380859375 0.338531494140625 0.125648498535156 -0.04656982421875
-0.275634765625 0.264022827148438 0.215591430664062 -0.139450073242187
-0.37628173828125 0.076171875 0.483612060546875 -0.107513427734375
-0.38751220703125 -0.14019775390625 0.71392822265625 0.253173828125
-0.615478515625 -0.20440673828125 0.259033203125 -0.00157165527343751
-0.531280517578125 0.0426330566406249 0.137626647949219 -0.0424728393554688
-0.40277099609375 0.393646240234375 -0.032684326171875 0.0667304992675782
-0.016204833984375 0.461669921875 0.051300048828125 0.110877990722656
0.284149169921875 0.3333740234375 0.110626220703125 0.132980346679688
0.3974609375 0.00799560546875 0.209457397460938 0.014862060546875
0.36749267578125 -0.1815185546875 0.225997924804688 -0.0997467041015625
0.38262939453125 -0.13201904296875 0.176010131835938 -0.093109130859375
0.393310546875 -0.189453125 0.190841674804688 -0.0839691162109375
0.411346435546875 -0.0137939453125 0.128578186035156 -0.0345458984375
0.3668212890625 0.2557373046875 0.0328254699707031 -0.0154094696044922
0.10400390625 0.482513427734375 0.0755996704101563 -0.0946578979492187
-0.379547119140625 0.425323486328125 0.191513061523437 -0.180831909179687
-0.55413818359375 0.1666259765625 0.419891357421875 -0.10479736328125
-0.6229248046875 -0.16131591796875 0.57763671875 0.18634033203125
-0.744873046875 -0.2154541015625 0.0622711181640624 -0.0662498474121094
-0.65179443359375 0.07318115234375 0.0243282318115234 -0.0190334320068359
-0.489410400390625 0.48883056640625 -0.0372772216796875 0.0753250122070313
-0.02191162109375 0.5670166015625 0.025787353515625 0.0618820190429688
0.3240966796875 0.41888427734375 0.0237197875976563 0.0891265869140625
0.473236083984375 0.042388916015625 0.08111572265625 0.0151138305664063
0.4404296875 -0.18353271484375 0.0865554809570313 -0.0280380249023438
0.45330810546875 -0.134490966796875 0.0412216186523438 -0.00723266601562501
0.466644287109375 -0.202362060546875 0.0528640747070313 -0.00864791870117189
0.47467041015625 -0.01239013671875 -0.0134878158569336 -0.00977325439453125
0.4349365234375 0.292938232421875 -0.0793609619140625 -0.0254135131835937
0.147491455078125 0.554840087890625 0.00435638427734376 -0.130989074707031
-0.42193603515625 0.52294921875 0.144851684570312 -0.198638916015625
-0.642333984375 0.2330322265625 0.306182861328125 -0.0723876953125
-0.7598876953125 -0.1566162109375 0.369903564453125 0.118927001953125
-0.76287841796875 -0.18609619140625 -0.171890258789063 -0.141311645507812
-0.670654296875 0.1064453125 -0.123191833496094 0.00425720214843752
-0.490447998046875 0.5137939453125 -0.0526885986328125 0.0797576904296875
-0.0123291015625 0.5792236328125 -0.0119991302490234 0.00782775878906253
0.32012939453125 0.429473876953125 -0.07196044921875 0.0326614379882813
0.471923828125 0.062957763671875 -0.0646591186523437 0.0113410949707031
0.441864013671875 -0.15777587890625 -0.0698127746582031 0.0464668273925781
0.454254150390625 -0.11553955078125 -0.100273132324219 0.0802230834960937
0.469573974609375 -0.18084716796875 -0.0941238403320312 0.0736541748046875
0.46148681640625 -0.000946044921875 -0.156753540039062 0.0228118896484375
0.422454833984375 0.290557861328125 -0.185165405273437 -0.0295257568359375
0.144256591796875 0.53472900390625 -0.0685272216796875 -0.152084350585937
-0.40850830078125 0.51239013671875 0.0894622802734375 -0.188461303710937
-0.6263427734375 0.2379150390625 0.1678466796875 -0.0156707763671875
-0.766845703125 -0.142578125 0.128166198730469 0.0575637817382812
-0.66265869140625 -0.1217041015625 -0.4061279296875 -0.206268310546875
-0.5712890625 0.12860107421875 -0.27642822265625 0.025726318359375
-0.39447021484375 0.44586181640625 -0.0750579833984375 0.0792922973632813
0.00244140625000004 0.480743408203125 -0.0578422546386719 -0.0357589721679687
0.25860595703125 0.35650634765625 -0.155548095703125 -0.02044677734375
0.391357421875 0.064910888671875 -0.198104858398437 0.00868225097656252
0.37213134765625 -0.111846923828125 -0.214706420898437 0.114227294921875
0.382904052734375 -0.080596923828125 -0.2266845703125 0.1556396484375
0.3988037109375 -0.127471923828125 -0.2283935546875 0.14434814453125
0.374481201171875 0.02166748046875 -0.276077270507813 0.048370361328125
0.32867431640625 0.253387451171875 -0.262283325195313 -0.03875732421875
0.092742919921875 0.429962158203125 -0.12255859375 -0.161849975585938
-0.347564697265625 0.39306640625 0.0439453125 -0.159194946289062
-0.508148193359375 0.178131103515625 0.033233642578125 0.0414390563964844
-0.64947509765625 -0.116455078125 -0.103263854980469 0.0025634765625
-0.456573486328125 -0.0394897460937501 -0.60205078125 -0.24493408203125
-0.374420166015625 0.12725830078125 -0.408416748046875 0.046905517578125
-0.228363037109375 0.294952392578125 -0.100715637207031 0.079193115234375
0.017852783203125 0.2935791015625 -0.09747314453125 -0.0539474487304688
0.154769897460938 0.219833374023438 -0.206146240234375 -0.0556793212890624
0.245864868164063 0.0539398193359375 -0.291351318359375 0.0113525390625
0.242782592773438 -0.0513763427734375 -0.3218994140625 0.16436767578125
0.2545166015625 -0.03375244140625 -0.319549560546875 0.207305908203125
0.270751953125 -0.0538787841796875 -0.330352783203125 0.1890869140625
0.233779907226563 0.0449371337890625 -0.355224609375 0.0540161132812499
0.185836791992188 0.18548583984375 -0.295013427734375 -0.0607910156249999
0.0203094482421875 0.26678466796875 -0.145309448242188 -0.16693115234375
-0.243560791015625 0.213912963867188 0.0164413452148437 -0.125236511230469
-0.3187255859375 0.09027099609375 -0.0728759765625 0.0767669677734375
-0.4373779296875 -0.0758056640625001 -0.285186767578125 -0.0461120605468751
-0.176376342773438 0.042449951171875 -0.73370361328125 -0.25238037109375
-0.124748229980469 0.101104736328125 -0.50335693359375 0.068206787109375
-0.0363311767578125 0.101325988769531 -0.123558044433594 0.0894012451171875
0.0250320434570313 0.0690765380859375 -0.118988037109375 -0.0394744873046875
0.0264396667480469 0.0562019348144531 -0.21435546875 -0.067169189453125
0.0628280639648438 0.0383453369140625 -0.32763671875 0.0179138183593751
0.076690673828125 0.0195159912109375 -0.374542236328125 0.19073486328125
0.086151123046875 0.0194625854492187 -0.36395263671875 0.228240966796875
0.103561401367188 0.0257949829101562 -0.386810302734375 0.202850341796875
0.0662345886230469 0.0554046630859375 -0.387237548828125 0.0426025390624999
0.031890869140625 0.0892562866210937 -0.286865234375 -0.08892822265625
-0.0330810546875 0.0768508911132813 -0.14013671875 -0.168869018554687
-0.0984573364257812 0.0332183837890625 0.00376129150390625 -0.0951080322265625
-0.0939483642578125 0.0144577026367187 -0.140121459960938 0.0837249755859375
-0.17010498046875 -0.01513671875 -0.391571044921875 -0.0838928222656251
-0.143417358398438 -0.089141845703125 0.44976806640625 0.011993408203125
-0.136512756347656 0.0123291015625 0.204254150390625 -0.102615356445313
-0.0795974731445313 0.126129150390625 -0.028839111328125 0.0689010620117188
0.0321884155273438 0.1224365234375 0.102996826171875 0.16552734375
0.119651794433594 0.043426513671875 0.244232177734375 0.129302978515625
0.0960464477539063 -0.0631027221679688 0.352935791015625 -0.037872314453125
0.0672683715820313 -0.103874206542969 0.36077880859375 -0.233978271484375
0.0795822143554688 -0.0766067504882813 0.329833984375 -0.2432861328125
0.07342529296875 -0.0963592529296875 0.351318359375 -0.207672119140625
0.117210388183594 -0.0347061157226563 0.32281494140625 -0.06640625
0.111228942871094 0.0598297119140625 0.198486328125 0.0116729736328125
0.024993896484375 0.148162841796875 0.148651123046875 -0.012847900390625
-0.11016845703125 0.0950775146484375 0.20159912109375 -0.108718872070313
-0.140464782714844 0.00872802734375001 0.47808837890625 -0.135833740234375
-0.102310180664063 -0.0798721313476562 0.77642822265625 0.232421875
-0.410980224609375 -0.124603271484375 0.394439697265625 0.00390624999999999
-0.345550537109375 0.048797607421875 0.194610595703125 -0.0837554931640625
-0.23223876953125 0.285369873046875 -0.02484130859375 0.0674057006835938
0.027862548828125 0.302093505859375 0.08203125 0.140380859375
0.22845458984375 0.180099487304688 0.191436767578125 0.136306762695313
0.259307861328125 -0.0512847900390625 0.300689697265625 -0.01690673828125
0.221298217773438 -0.170944213867188 0.311676025390625 -0.18853759765625
0.242645263671875 -0.130828857421875 0.270751953125 -0.19024658203125
0.241241455078125 -0.170089721679688 0.2889404296875 -0.17022705078125
0.27996826171875 -0.0394134521484375 0.243850708007813 -0.0634002685546875
0.259231567382813 0.15673828125 0.128196716308594 -0.00508117675781249
0.079803466796875 0.332061767578125 0.121040344238281 -0.0589447021484375
-0.25244140625 0.285491943359375 0.200164794921875 -0.157669067382812
-0.36566162109375 0.105682373046875 0.46875 -0.1488037109375
-0.397979736328125 -0.10528564453125 0.72796630859375 0.18865966796875
-0.62847900390625 -0.14959716796875 0.260101318359375 -0.0258026123046875
-0.524505615234375 0.0848693847656251 0.134765625 -0.056793212890625
-0.3662109375 0.42547607421875 -0.0204315185546875 0.07330322265625
0.02203369140625 0.4600830078125 0.0620040893554688 0.103782653808594
0.311920166015625 0.30413818359375 0.121391296386719 0.120826721191406
0.39031982421875 -0.026397705078125 0.208236694335938 -0.002227783203125
0.345306396484375 -0.2109375 0.21630859375 -0.12030029296875
0.369232177734375 -0.165313720703125 0.169509887695313 -0.109176635742188
0.37017822265625 -0.2225341796875 0.183319091796875 -0.102767944335938
0.404754638671875 -0.048675537109375 0.127220153808594 -0.0440826416015625
0.384368896484375 0.221221923828125 0.0323581695556641 -0.0161323547363281
0.146575927734375 0.47259521484375 0.06719970703125 -0.10235595703125
-0.3428955078125 0.455963134765625 0.172348022460937 -0.195770263671875
-0.536041259765625 0.21014404296875 0.405731201171875 -0.138275146484375
-0.635009765625 -0.105712890625 0.58575439453125 0.13629150390625
-0.759521484375 -0.149169921875 0.05987548828125 -0.0736923217773438
-0.64288330078125 0.1256103515625 0.0246772766113281 -0.0238475799560547
-0.44366455078125 0.52996826171875 -0.0227508544921875 0.0821380615234375
0.0272216796875 0.56646728515625 0.033294677734375 0.0577774047851563
0.36004638671875 0.38671875 0.0328216552734375 0.0855789184570313
0.468597412109375 0.0008544921875 0.0798492431640625 0.00716400146484375
0.41552734375 -0.2188720703125 0.083221435546875 -0.0375747680664063
0.440277099609375 -0.174713134765625 0.0426788330078125 -0.0106468200683594
0.442596435546875 -0.242706298828125 0.0518798828125 -0.0141067504882813
0.4676513671875 -0.05255126953125 -0.0127944946289062 -0.00725269317626954
0.45623779296875 0.25054931640625 -0.0792922973632812 -0.016357421875
0.196075439453125 0.541351318359375 -0.00579071044921873 -0.132705688476563
-0.377410888671875 0.5582275390625 0.123321533203125 -0.209487915039062
-0.61907958984375 0.281982421875 0.296905517578125 -0.09637451171875
-0.77227783203125 -0.0916748046875 0.3746337890625 0.08837890625
-0.77630615234375 -0.1185302734375 -0.178970336914063 -0.127670288085938
-0.65924072265625 0.16278076171875 -0.120002746582031 0.011993408203125
-0.4404296875 0.55828857421875 -0.0372238159179688 0.0867691040039063
0.037353515625 0.57763671875 -0.00862789154052734 0.00819253921508793
0.3583984375 0.397613525390625 -0.0659866333007812 0.037841796875
0.4715576171875 0.021484375 -0.0657882690429687 0.014984130859375
0.419830322265625 -0.194183349609375 -0.066162109375 0.0504188537597656
0.441680908203125 -0.15625 -0.0907135009765625 0.0899276733398437
0.447509765625 -0.22247314453125 -0.0875473022460937 0.08221435546875
0.45562744140625 -0.040496826171875 -0.152740478515625 0.037445068359375
0.444305419921875 0.249298095703125 -0.18389892578125 -0.0115814208984375
0.192291259765625 0.51953125 -0.0803375244140625 -0.14569091796875
-0.3653564453125 0.548309326171875 0.0695343017578125 -0.19427490234375
-0.6024169921875 0.2872314453125 0.165267944335938 -0.0282135009765625
-0.78076171875 -0.0753784179687502 0.129600524902344 0.0481643676757813
-0.6702880859375 -0.0640258789062499 -0.417236328125 -0.170440673828125
-0.559356689453125 0.175506591796875 -0.271240234375 0.0482788085937501
-0.35211181640625 0.4805908203125 -0.0607223510742188 0.0864028930664063
0.045074462890625 0.478515625 -0.0568428039550781 -0.0311622619628906
0.2930908203125 0.3309326171875 -0.153213500976562 -0.007598876953125
0.393463134765625 0.030731201171875 -0.198654174804688 0.023284912109375
0.355743408203125 -0.143524169921875 -0.204498291015625 0.130874633789062
0.37445068359375 -0.11505126953125 -0.210235595703125 0.177017211914063
0.382720947265625 -0.163177490234375 -0.214752197265625 0.165069580078125
0.371551513671875 -0.010498046875 -0.269912719726563 0.0732269287109375
0.347686767578125 0.220489501953125 -0.26092529296875 -0.0143280029296875
0.131561279296875 0.42095947265625 -0.134445190429687 -0.150421142578125
-0.313751220703125 0.4244384765625 0.0272369384765625 -0.161163330078125
-0.491943359375 0.218963623046875 0.0376434326171875 0.0400581359863281
-0.66046142578125 -0.0601196289062501 -0.103805541992188 0.0146255493164062
-0.4608154296875 3.05175781250905E-05 -0.6168212890625 -0.19317626953125
-0.363189697265625 0.1585693359375 -0.40130615234375 0.08172607421875
-0.201507568359375 0.315338134765625 -0.0879287719726563 0.087158203125
0.044281005859375 0.289642333984375 -0.097686767578125 -0.0451202392578125
0.17645263671875 0.204879760742188 -0.206756591796875 -0.037872314453125
0.249679565429688 0.03265380859375 -0.29046630859375 0.0338134765625
0.234603881835938 -0.072235107421875 -0.30810546875 0.191497802734375
0.250564575195313 -0.0562896728515625 -0.298553466796875 0.236083984375
0.26422119140625 -0.079132080078125 -0.312255859375 0.2213134765625
0.235198974609375 0.0238494873046875 -0.349456787109375 0.085601806640625
0.199966430664062 0.165924072265625 -0.295379638671875 -0.034149169921875
0.0457305908203125 0.2645263671875 -0.157455444335938 -0.152587890625
-0.2252197265625 0.237136840820312 0.00396728515624997 -0.125320434570312
-0.31085205078125 0.115478515625 -0.063873291015625 0.0841827392578125
-0.445281982421875 -0.0380859375000001 -0.2872314453125 -0.018341064453125
-0.175064086914063 0.0562286376953125 -0.7469482421875 -0.1873779296875
-0.116310119628906 0.11199951171875 -0.492340087890625 0.110321044921875
-0.0284881591796875 0.105026245117188 -0.111991882324219 0.0971221923828125
0.0313644409179688 0.0659103393554688 -0.118339538574219 -0.0290908813476562
0.0334434509277344 0.0546531677246094 -0.216751098632813 -0.0484466552734375
0.067657470703125 0.0334243774414063 -0.325958251953125 0.04266357421875
0.077392578125 0.0123977661132812 -0.358062744140625 0.222503662109375
0.0881118774414063 0.0107040405273438 -0.343017578125 0.26141357421875
0.106330871582031 0.0147933959960937 -0.36700439453125 0.239593505859375
0.07135009765625 0.0488128662109375 -0.3817138671875 0.075225830078125
0.0403823852539063 0.0840911865234375 -0.289886474609375 -0.063873291015625
-0.0239639282226563 0.0805511474609375 -0.153472900390625 -0.153366088867187
-0.0958709716796875 0.04541015625 -0.00514221191406251 -0.0940704345703125
-0.0942535400390625 0.0224533081054687 -0.130088806152344 0.0957489013671875
-0.174240112304688 -0.000152587890624982 -0.39501953125 -0.046661376953125
-0.143386840820313 -0.07763671875 0.439544677734375 -0.018798828125
-0.132759094238281 0.019561767578125 0.193557739257813 -0.11456298828125
-0.07000732421875 0.127159118652344 -0.0208587646484375 0.0705184936523438
0.037689208984375 0.118156433105469 0.109527587890625 0.15362548828125
0.117256164550781 0.0340194702148438 0.243728637695313 0.1102294921875
0.0866241455078125 -0.0662002563476563 0.343475341796875 -0.056671142578125
0.0575408935546875 -0.104026794433594 0.33770751953125 -0.2518310546875
0.0725250244140625 -0.0789718627929688 0.306915283203125 -0.26141357421875
0.062713623046875 -0.0971603393554688 0.330108642578125 -0.229705810546875
0.110343933105469 -0.0413589477539063 0.3131103515625 -0.086090087890625
0.111457824707031 0.0514450073242188 0.19390869140625 0.000579833984375003
0.034088134765625 0.142776489257813 0.143630981445313 -0.0238189697265625
-0.101768493652344 0.097808837890625 0.188064575195313 -0.120330810546875
-0.134651184082031 0.0170822143554687 0.453857421875 -0.162445068359375
-0.103919982910156 -0.0699691772460938 0.76666259765625 0.1771240234375
-0.40765380859375 -0.0949096679687499 0.385009765625 -0.02276611328125
-0.33514404296875 0.06805419921875 0.1856689453125 -0.0965423583984375
-0.208221435546875 0.29425048828125 -0.0145416259765625 0.0693016052246094
0.04620361328125 0.29388427734375 0.088409423828125 0.129730224609375
0.23297119140625 0.159194946289063 0.194290161132813 0.120025634765625
0.244827270507812 -0.0653839111328125 0.292327880859375 -0.03363037109375
0.2022705078125 -0.17901611328125 0.29290771484375 -0.205413818359375
0.22845458984375 -0.142547607421875 0.253219604492188 -0.205886840820313
0.220809936523437 -0.180465698242188 0.270675659179688 -0.188125610351563
0.26873779296875 -0.0551605224609375 0.2369384765625 -0.0772705078125
0.261734008789063 0.136306762695313 0.125144958496094 -0.01055908203125
0.10028076171875 0.320068359375 0.113876342773437 -0.0669631958007812
-0.229217529296875 0.29376220703125 0.182952880859375 -0.166030883789063
-0.34979248046875 0.124755859375 0.444793701171875 -0.1749267578125
-0.395599365234375 -0.0761718749999999 0.71649169921875 0.13909912109375
-0.62005615234375 -0.1038818359375 0.253448486328125 -0.0450439453125
-0.508880615234375 0.114715576171875 0.129302978515625 -0.06756591796875
-0.326934814453125 0.44146728515625 -0.00808715820312502 0.0741119384765625
0.05035400390625 0.447357177734375 0.0676040649414063 0.0957183837890625
0.32318115234375 0.274566650390625 0.12591552734375 0.109123229980469
0.374298095703125 -0.04949951171875 0.201950073242188 -0.0144805908203125
0.31939697265625 -0.225982666015625 0.2030029296875 -0.133865356445313
0.350433349609375 -0.185028076171875 0.1597900390625 -0.119400024414063
0.34295654296875 -0.240936279296875 0.172622680664063 -0.114471435546875
0.388580322265625 -0.07275390625 0.123321533203125 -0.0506134033203125
0.387664794921875 0.190521240234375 0.0314464569091797 -0.0151348114013672
0.1744384765625 0.453094482421875 0.0589981079101563 -0.106216430664062
-0.307403564453125 0.468994140625 0.152725219726562 -0.200775146484375
-0.510284423828125 0.235809326171875 0.386077880859375 -0.16015625
-0.6298828125 -0.0623779296875001 0.57623291015625 0.09759521484375
-0.7508544921875 -0.0959472656250001 0.0562133789062499 -0.0780868530273438
-0.62115478515625 0.16192626953125 0.0235157012939453 -0.0285263061523437
-0.39532470703125 0.548675537109375 -0.00869750976562503 0.0822830200195313
0.06329345703125 0.55120849609375 0.0377044677734375 0.0524520874023438
0.3790283203125 0.350738525390625 0.0384674072265625 0.079742431640625
0.453826904296875 -0.0294189453125 0.0762863159179688 0.00203704833984375
0.387969970703125 -0.23907470703125 0.0782318115234375 -0.0441131591796875
0.419342041015625 -0.200164794921875 0.0427894592285157 -0.0140037536621094
0.412261962890625 -0.26611328125 0.0495567321777344 -0.017425537109375
0.4498291015625 -0.08013916015625 -0.0113029479980468 -0.00562381744384766
0.459930419921875 0.215057373046875 -0.0764999389648437 -0.00914764404296873
0.227783203125 0.515472412109375 -0.013336181640625 -0.130302429199219
-0.33331298828125 0.572021484375 0.10418701171875 -0.21044921875
-0.58892822265625 0.31219482421875 0.282928466796875 -0.111358642578125
-0.76397705078125 -0.0379638671875 0.367767333984375 0.064117431640625
-0.7669677734375 -0.0658569335937499 -0.179885864257813 -0.115219116210937
-0.63714599609375 0.20013427734375 -0.115776062011719 0.0165328979492187
-0.39373779296875 0.57537841796875 -0.0223236083984375 0.087158203125
0.074859619140625 0.561920166015625 -0.00548982620239257 0.00701665878295902
0.377471923828125 0.363250732421875 -0.0595779418945312 0.0401496887207032
0.458587646484375 -0.01043701171875 -0.065704345703125 0.0180206298828125
0.394378662109375 -0.21575927734375 -0.0623512268066406 0.0519447326660156
0.422393798828125 -0.181854248046875 -0.0808563232421875 0.0942230224609375
0.419281005859375 -0.2471923828125 -0.0796966552734375 0.0869598388671875
0.43951416015625 -0.068267822265625 -0.146240234375 0.04742431640625
0.447265625 0.213592529296875 -0.178115844726563 0.00169372558593754
0.223968505859375 0.49798583984375 -0.08685302734375 -0.137779235839844
-0.323822021484375 0.5618896484375 0.05242919921875 -0.192062377929687
-0.572021484375 0.31451416015625 0.159744262695312 -0.0360260009765625
-0.76959228515625 -0.02294921875 0.12762451171875 0.0420150756835938
-0.66259765625 -0.0175781250000001 -0.4144287109375 -0.142303466796875
-0.53887939453125 0.2060546875 -0.261154174804688 0.061676025390625
-0.311798095703125 0.495635986328125 -0.046875 0.0872879028320313
0.074676513671875 0.4637451171875 -0.0552024841308594 -0.0278167724609375
0.309722900390625 0.3028564453125 -0.147109985351563 0.00209045410156252
0.384521484375 0.004913330078125 -0.195846557617187 0.0338287353515625
0.33502197265625 -0.16217041015625 -0.193161010742187 0.140548706054687
0.359100341796875 -0.137939453125 -0.193130493164062 0.188323974609375
0.360748291015625 -0.18560791015625 -0.197647094726563 0.178176879882812
0.360382080078125 -0.033233642578125 -0.25927734375 0.0899200439453125
0.3525390625 0.19091796875 -0.253265380859375 0.00276184082031247
0.1578369140625 0.4029541015625 -0.139251708984375 -0.138748168945312
-0.280426025390625 0.43896484375 0.0137939453125 -0.157150268554687
-0.468719482421875 0.241851806640625 0.0403556823730468 0.0385055541992188
-0.65234375 -0.0167846679687501 -0.100265502929688 0.023284912109375
-0.452423095703125 0.0299072265625 -0.6102294921875 -0.14996337890625
-0.347259521484375 0.17767333984375 -0.385894775390625 0.103790283203125
-0.17608642578125 0.3236083984375 -0.0764617919921875 0.0884017944335938
0.061431884765625 0.279434204101563 -0.0959548950195313 -0.038970947265625
0.1881103515625 0.188018798828125 -0.201248168945313 -0.0246734619140625
0.245681762695313 0.015899658203125 -0.28485107421875 0.04931640625
0.222747802734375 -0.0850677490234375 -0.2901611328125 0.207305908203125
0.241790771484375 -0.0725860595703125 -0.276031494140625 0.253555297851563
0.252227783203125 -0.0963134765625 -0.2896728515625 0.2391357421875
0.23004150390625 0.0081329345703125 -0.3360595703125 0.107696533203125
0.20562744140625 0.147430419921875 -0.288116455078125 -0.014617919921875
0.06390380859375 0.256057739257813 -0.162124633789063 -0.1376953125
-0.205245971679687 0.250137329101563 -0.00505065917968751 -0.120765686035156
-0.298980712890625 0.13165283203125 -0.0551910400390625 0.0875244140625
-0.441436767578125 -0.00848388671875008 -0.279556274414063 0.00373840332031249
-0.169586181640625 0.0649871826171875 -0.73675537109375 -0.137939453125
-0.106719970703125 0.115966796875 -0.47344970703125 0.14019775390625
-0.0219802856445313 0.10552978515625 -0.101898193359375 0.0988311767578125
0.0345191955566406 0.061676025390625 -0.115104675292969 -0.021240234375
0.0382804870605469 0.051239013671875 -0.212234497070313 -0.034088134765625
0.0699501037597656 0.0279922485351562 -0.31878662109375 0.059906005859375
0.076019287109375 0.00676727294921875 -0.337799072265625 0.24176025390625
0.0873184204101563 0.00359344482421875 -0.317657470703125 0.280548095703125
0.105911254882813 0.00589752197265625 -0.3414306640625 0.260955810546875
0.073272705078125 0.0427703857421875 -0.368408203125 0.10009765625
0.0452957153320313 0.078155517578125 -0.285491943359375 -0.0445251464843749
-0.0160598754882813 0.0807266235351563 -0.158599853515625 -0.138565063476563
-0.0899887084960938 0.0543975830078125 -0.011627197265625 -0.0901260375976563
-0.0932998657226563 0.0281295776367187 -0.118705749511719 0.103004455566406
-0.173187255859375 0.01123046875 -0.38702392578125 -0.01824951171875
-0.141738891601563 -0.070343017578125 0.430084228515625 -0.0350341796875
-0.128852844238281 0.0240402221679687 0.186248779296875 -0.12164306640625
-0.063629150390625 0.126617431640625 -0.0143089294433594 0.0699195861816407
0.0410079956054688 0.114471435546875 0.112106323242188 0.14471435546875
0.114028930664063 0.0283355712890625 0.24072265625 0.09893798828125
0.0791397094726563 -0.0663604736328125 0.33544921875 -0.06756591796875
0.0511474609375 -0.102500915527344 0.32135009765625 -0.262542724609375
0.0676956176757813 -0.0795364379882813 0.29107666015625 -0.271484375
0.0554656982421875 -0.0955886840820313 0.3131103515625 -0.24163818359375
0.104942321777344 -0.044158935546875 0.305572509765625 -0.097442626953125
0.110054016113281 0.0462112426757812 0.189773559570313 -0.00457763671875
0.0393829345703125 0.137886047363281 0.138046264648438 -0.03021240234375
-0.0962600708007813 0.097564697265625 0.17803955078125 -0.1260986328125
-0.128753662109375 0.021759033203125 0.43609619140625 -0.177276611328125
-0.103401184082031 -0.0632781982421875 0.751708984375 0.1431884765625
-0.39971923828125 -0.0757751464843749 0.376312255859375 -0.039093017578125
-0.325897216796875 0.07904052734375 0.1785888671875 -0.10528564453125
-0.190673828125 0.2955322265625 -0.00592803955078126 0.0681190490722656
0.055694580078125 0.285491943359375 0.091156005859375 0.1224365234375
0.2325439453125 0.145370483398437 0.193191528320313 0.110061645507813
0.233551025390625 -0.071929931640625 0.285552978515625 -0.042236328125
0.1885986328125 -0.181076049804688 0.278518676757813 -0.215484619140625
0.218643188476563 -0.1490478515625 0.240936279296875 -0.21527099609375
0.206436157226563 -0.183120727539063 0.258041381835938 -0.198455810546875
0.258682250976562 -0.06451416015625 0.231719970703125 -0.085662841796875
0.260589599609375 0.122268676757813 0.122543334960938 -0.0127944946289062
0.1119384765625 0.310333251953125 0.108108520507813 -0.072052001953125
-0.2147216796875 0.29754638671875 0.170150756835937 -0.16998291015625
-0.3370361328125 0.133575439453125 0.4268798828125 -0.1865234375
-0.391571044921875 -0.0583190917968751 0.70208740234375 0.10919189453125
-0.6104736328125 -0.0761718749999999 0.247116088867187 -0.0561065673828125
-0.496063232421875 0.131378173828125 0.124267578125 -0.0742874145507812
-0.3006591796875 0.4459228515625 0.00247955322265623 0.0726470947265625
0.067535400390625 0.43603515625 0.0699615478515625 0.0891799926757813
0.327545166015625 0.2532958984375 0.12725830078125 0.101516723632813
0.36004638671875 -0.062774658203125 0.196823120117188 -0.0209197998046875
0.30120849609375 -0.23193359375 0.192855834960938 -0.141250610351563
0.336517333984375 -0.196258544921875 0.153411865234375 -0.125396728515625
0.322601318359375 -0.24847412109375 0.164840698242188 -0.1209716796875
0.375762939453125 -0.086395263671875 0.120979309082031 -0.05474853515625
0.386322021484375 0.17138671875 0.0315437316894531 -0.0140571594238281
0.19134521484375 0.43719482421875 0.0540542602539063 -0.107894897460937
-0.284454345703125 0.473724365234375 0.139373779296875 -0.20098876953125
-0.4912109375 0.248748779296875 0.37005615234375 -0.169952392578125
-0.62164306640625 -0.0369873046875 0.56317138671875 0.0748291015625
-0.73699951171875 -0.0612182617187502 0.0535812377929687 -0.0816116333007813
-0.6046142578125 0.1832275390625 0.0221595764160156 -0.0319118499755859
-0.362884521484375 0.555084228515625 0.00252532958984372 0.0796890258789063
0.085052490234375 0.537261962890625 0.04010009765625 0.048065185546875
0.386016845703125 0.325958251953125 0.0420761108398438 0.0759963989257813
0.439300537109375 -0.04638671875 0.0736312866210938 -0.000228881835937503
0.36712646484375 -0.247802734375 0.0732955932617188 -0.0481033325195313
0.40411376953125 -0.21417236328125 0.0428085327148438 -0.0162086486816406
0.388885498046875 -0.278167724609375 0.0491714477539063 -0.0195579528808594
0.43450927734375 -0.09698486328125 -0.00984764099121091 -0.0046844482421875
0.45660400390625 0.190643310546875 -0.0731124877929687 -0.00384521484375
0.247283935546875 0.49700927734375 -0.0175323486328125 -0.128410339355469
-0.306396484375 0.57794189453125 0.0918731689453125 -0.207534790039063
-0.565185546875 0.32659912109375 0.273178100585937 -0.118972778320312
-0.753173828125 -0.00823974609374998 0.359771728515625 0.051361083984375
-0.753173828125 -0.0327148437499999 -0.177932739257813 -0.10833740234375
-0.6204833984375 0.220947265625 -0.112785339355469 0.0183944702148438
-0.3587646484375 0.58251953125 -0.0111618041992188 0.0843887329101563
0.096954345703125 0.54876708984375 -0.00315475463867187 0.00563287734985355
0.386199951171875 0.337158203125 -0.0548171997070312 0.0407485961914063
0.446533203125 -0.028594970703125 -0.0662307739257812 0.0202827453613281
0.3743896484375 -0.22552490234375 -0.0610885620117187 0.0525321960449219
0.408203125 -0.198516845703125 -0.0742721557617187 0.09619140625
0.397003173828125 -0.259918212890625 -0.0729522705078125 0.0891952514648438
0.424713134765625 -0.08465576171875 -0.13995361328125 0.0532989501953125
0.446014404296875 0.18988037109375 -0.17230224609375 0.010223388671875
0.24127197265625 0.477783203125 -0.0891952514648437 -0.132850646972656
-0.29498291015625 0.56732177734375 0.042449951171875 -0.187088012695312
-0.55084228515625 0.328582763671875 0.156173706054687 -0.040435791015625
-0.759765625 0.00885009765624984 0.125686645507812 0.0390853881835938
-0.64935302734375 0.00842285156249992 -0.40966796875 -0.125244140625
-0.52264404296875 0.22369384765625 -0.253555297851563 0.0690155029296875
-0.285125732421875 0.500579833984375 -0.0373306274414063 0.08526611328125
0.0919189453125001 0.45208740234375 -0.0527915954589844 -0.0264244079589843
0.317779541015625 0.281890869140625 -0.140899658203125 0.00662231445312502
0.375 -0.010467529296875 -0.1932373046875 0.0405731201171875
0.32049560546875 -0.17132568359375 -0.18572998046875 0.145050048828125
0.34808349609375 -0.151763916015625 -0.180145263671875 0.193374633789063
0.342926025390625 -0.197479248046875 -0.185043334960937 0.184249877929688
0.349578857421875 -0.047271728515625 -0.249801635742187 0.099639892578125
0.352264404296875 0.170684814453125 -0.24530029296875 0.0135345458984375
0.172454833984375 0.388763427734375 -0.140426635742188 -0.129974365234375
-0.25897216796875 0.446014404296875 0.00662231445312498 -0.152099609375
-0.451141357421875 0.253936767578125 0.0427932739257812 0.0371055603027344
-0.646728515625 0.0122680664062501 -0.0968780517578126 0.0291290283203125
-0.44354248046875 0.046600341796875 -0.60076904296875 -0.12384033203125
-0.33538818359375 0.187286376953125 -0.3743896484375 0.115692138671875
-0.15972900390625 0.326690673828125 -0.0683441162109375 0.0871810913085938
0.07122802734375 0.271560668945313 -0.0930938720703125 -0.0350570678710937
0.193939208984375 0.176101684570313 -0.1949462890625 -0.0169830322265625
0.2412109375 0.0059356689453125 -0.280502319335938 0.0583953857421875
0.214065551757813 -0.091064453125 -0.278030395507813 0.216659545898437
0.235275268554688 -0.0820465087890625 -0.25933837890625 0.261825561523438
0.241500854492188 -0.105606079101563 -0.271896362304687 0.248336791992188
0.225372314453125 -0.00177001953125 -0.32525634765625 0.12054443359375
0.206008911132813 0.134292602539063 -0.28070068359375 -0.00328063964843752
0.0749359130859375 0.247726440429688 -0.162704467773438 -0.127960205078125
-0.191131591796875 0.258224487304688 -0.0111312866210938 -0.115928649902344
-0.2899169921875 0.139862060546875 -0.0482406616210938 0.08837890625
-0.43609619140625 0.010284423828125 -0.27142333984375 0.015716552734375
-0.165878295898438 0.07025146484375 -0.72283935546875 -0.10577392578125
-0.100540161132813 0.116950988769531 -0.45721435546875 0.155853271484375
-0.0183258056640625 0.105178833007812 -0.0959701538085938 0.0979080200195312
0.0355949401855469 0.0588226318359375 -0.111663818359375 -0.0169906616210937
0.0405540466308594 0.0489845275878906 -0.205978393554688 -0.0263671875
0.0714950561523438 0.0249099731445313 -0.311981201171875 0.07012939453125
0.0755615234375 0.0035552978515625 -0.32305908203125 0.253631591796875
0.0862960815429687 -0.0008087158203125 -0.29962158203125 0.29193115234375
0.104301452636719 -0.00049591064453125 -0.32196044921875 0.27325439453125
0.0737686157226563 0.038421630859375 -0.3577880859375 0.113983154296875
0.04791259765625 0.0734710693359375 -0.279159545898438 -0.0323028564453125
-0.0108871459960938 0.079498291015625 -0.159149169921875 -0.128097534179688
-0.085662841796875 0.0604629516601563 -0.0149993896484375 -0.0866775512695312
-0.09228515625 0.0323867797851562 -0.110023498535156 0.106109619140625
-0.172515869140625 0.0189666748046875 -0.3768310546875 -0.00204467773437502
-0.141586303710938 -0.065765380859375 0.427642822265625 -0.0474853515625
-0.126968383789062 0.0271530151367187 0.183135986328125 -0.129684448242188
-0.0588531494140625 0.127090454101562 -0.00853347778320312 0.069976806640625
0.04351806640625 0.113578796386719 0.114608764648438 0.140235900878906
0.112930297851563 0.0246200561523438 0.241043090820313 0.09375
0.0746002197265625 -0.0667572021484375 0.33563232421875 -0.074493408203125
0.0470809936523438 -0.101638793945313 0.313385009765625 -0.274139404296875
0.0651931762695313 -0.0808563232421875 0.283538818359375 -0.282623291015625
0.0513381958007813 -0.0951614379882813 0.30645751953125 -0.253662109375
0.101699829101563 -0.046417236328125 0.3048095703125 -0.106842041015625
0.11102294921875 0.0427627563476563 0.189285278320313 -0.00830078125
0.0435943603515625 0.136795043945313 0.135498046875 -0.0357589721679687
-0.0942153930664063 0.0990829467773437 0.171783447265625 -0.131515502929688
-0.126510620117187 0.02508544921875 0.426483154296875 -0.18701171875
-0.104209899902344 -0.0596466064453125 0.74774169921875 0.12603759765625
-0.3988037109375 -0.0641784667968749 0.374725341796875 -0.050933837890625
-0.323394775390625 0.0872192382812501 0.175827026367187 -0.11279296875
-0.18011474609375 0.30023193359375 0.00104141235351561 0.0668411254882813
0.063507080078125 0.283172607421875 0.0936813354492187 0.118156433105469
0.23480224609375 0.136932373046875 0.194625854492188 0.10516357421875
0.227371215820312 -0.0767974853515625 0.28515625 -0.048553466796875
0.1807861328125 -0.18414306640625 0.272048950195313 -0.225372314453125
0.214736938476563 -0.155197143554688 0.23553466796875 -0.224533081054687
0.198165893554688 -0.187423706054688 0.252655029296875 -0.208145141601562
0.254409790039063 -0.0708465576171875 0.231002807617188 -0.0931243896484375
0.262710571289063 0.115524291992188 0.123252868652344 -0.0140304565429687
0.121856689453125 0.306976318359375 0.105560302734375 -0.0767059326171875
-0.20770263671875 0.30322265625 0.163314819335938 -0.173858642578125
-0.332183837890625 0.141326904296875 0.419036865234375 -0.195556640625
-0.39324951171875 -0.0469360351562501 0.69769287109375 0.0931396484375
-0.60821533203125 -0.0588378906249999 0.2462158203125 -0.0640411376953125
-0.49200439453125 0.144744873046875 0.121658325195312 -0.0813522338867187
-0.28472900390625 0.452545166015625 0.0108795166015625 0.0700950622558594
0.0804443359375001 0.43292236328125 0.072723388671875 0.0855178833007813
0.33349609375 0.2406005859375 0.129852294921875 0.0981903076171875
0.353546142578125 -0.0714111328125 0.195816040039063 -0.0247039794921875
0.290008544921875 -0.23809814453125 0.187545776367188 -0.148941040039063
0.3319091796875 -0.206451416015625 0.151016235351563 -0.132522583007813
0.312469482421875 -0.256072998046875 0.162124633789063 -0.127212524414063
0.370391845703125 -0.0955810546875 0.121452331542969 -0.058837890625
0.38848876953125 0.159576416015625 0.0327777862548828 -0.0127162933349609
0.20318603515625 0.431304931640625 0.0515289306640625 -0.111732482910156
-0.2716064453125 0.48333740234375 0.132125854492187 -0.202743530273437
-0.48406982421875 0.259185791015625 0.363433837890625 -0.178466796875
-0.6236572265625 -0.0177001953124999 0.560546875 0.063507080078125
-0.7357177734375 -0.0422973632812501 0.0526123046875 -0.084686279296875
-0.60015869140625 0.19952392578125 0.02105712890625 -0.0357742309570312
-0.34393310546875 0.56597900390625 0.0110321044921875 0.0767440795898438
0.10009765625 0.533477783203125 0.0423927307128906 0.0454330444335938
0.395538330078125 0.311981201171875 0.0455551147460938 0.0739669799804688
0.4334716796875 -0.05755615234375 0.0723648071289063 -0.00128173828125
0.356109619140625 -0.256195068359375 0.0707931518554688 -0.052001953125
0.399169921875 -0.22674560546875 0.0438194274902344 -0.0188941955566406
0.376953125 -0.28814697265625 0.0498542785644531 -0.0220870971679688
0.429595947265625 -0.107452392578125 -0.00804710388183591 -0.00418519973754884
0.46014404296875 0.176300048828125 -0.070587158203125 -0.00016021728515623
0.262725830078125 0.49029541015625 -0.02001953125 -0.130012512207031
-0.2901611328125 0.5887451171875 0.08477783203125 -0.207229614257813
-0.55682373046875 0.3394775390625 0.26873779296875 -0.123825073242187
-0.75421142578125 0.01568603515625 0.3590087890625 0.0455322265625
-0.752197265625 -0.0119628906249999 -0.179122924804688 -0.105117797851563
-0.614013671875 0.23779296875 -0.113311767578125 0.0190658569335937
-0.33935546875 0.5946044921875 -0.00330352783203128 0.0815582275390625
0.11248779296875 0.545654296875 -0.00141477584838866 0.004572868347168
0.397247314453125 0.32568359375 -0.0509414672851562 0.0408935546875
0.4423828125 -0.038726806640625 -0.0671920776367187 0.0227088928222656
0.365447998046875 -0.2349853515625 -0.0608673095703125 0.0533027648925781
0.403839111328125 -0.211273193359375 -0.0695419311523437 0.0982131958007812
0.386810302734375 -0.270751953125 -0.0684661865234375 0.0914993286132812
0.420013427734375 -0.094451904296875 -0.137245178222656 0.0580062866210938
0.4483642578125 0.17523193359375 -0.168716430664063 0.0154571533203125
0.256317138671875 0.47100830078125 -0.0911788940429687 -0.131660461425781
-0.2786865234375 0.57904052734375 0.03631591796875 -0.185165405273437
-0.543121337890625 0.34161376953125 0.156051635742187 -0.04266357421875
-0.76123046875 0.0309448242187499 0.126434326171875 0.0383529663085938
-0.64990234375 0.0251464843749999 -0.409698486328125 -0.115386962890625
-0.51904296875 0.238067626953125 -0.252410888671875 0.0748291015625
-0.2689208984375 0.510284423828125 -0.030792236328125 0.0832290649414063
0.10546875 0.4476318359375 -0.0516204833984375 -0.0255317687988281
0.3275146484375 0.2724609375 -0.137580871582031 0.00855255126953126
0.37322998046875 -0.02001953125 -0.194366455078125 0.045867919921875
0.312957763671875 -0.179290771484375 -0.182464599609375 0.150741577148437
0.3458251953125 -0.1629638671875 -0.173202514648438 0.200149536132812
0.336029052734375 -0.207855224609375 -0.176956176757812 0.190521240234375
0.345672607421875 -0.056793212890625 -0.24609375 0.107818603515625
0.355224609375 0.159759521484375 -0.242156982421875 0.0204315185546875
0.184844970703125 0.38238525390625 -0.142074584960938 -0.126724243164062
-0.244598388671875 0.4566650390625 0.00224304199218748 -0.149078369140625
-0.44598388671875 0.264801025390625 0.0463066101074218 0.0368881225585938
-0.6470947265625 0.03082275390625 -0.0939559936523438 0.0335159301757813
-0.442291259765625 0.0576171875 -0.60137939453125 -0.109619140625
-0.331817626953125 0.195587158203125 -0.371429443359375 0.12603759765625
-0.150604248046875 0.333099365234375 -0.064361572265625 0.0863876342773438
0.078582763671875 0.269699096679688 -0.0922088623046875 -0.0328903198242187
0.2005615234375 0.169967651367188 -0.192581176757813 -0.0144805908203125
0.242019653320313 -0.0004425048828125 -0.28155517578125 0.06573486328125
0.210586547851563 -0.097015380859375 -0.27288818359375 0.225677490234375
0.2344970703125 -0.0908355712890625 -0.249923706054687 0.271041870117188
0.237655639648438 -0.11279296875 -0.261810302734375 0.258392333984375
0.223480224609375 -0.0078582763671875 -0.320343017578125 0.130584716796875
0.209365844726563 0.127288818359375 -0.278976440429687 0.00469970703125003
0.083953857421875 0.24444580078125 -0.16363525390625 -0.123153686523437
-0.182174682617188 0.2662353515625 -0.0136566162109375 -0.113517761230469
-0.288299560546875 0.147979736328125 -0.0429458618164063 0.0905838012695313
-0.438323974609375 0.0242919921875001 -0.268417358398437 0.02374267578125
-0.165252685546875 0.07318115234375 -0.7213134765625 -0.0882568359374999
-0.098724365234375 0.119171142578125 -0.45220947265625 0.168670654296875
-0.0168533325195312 0.106887817382813 -0.0941314697265625 0.0987930297851562
0.036376953125 0.0581130981445312 -0.109848022460937 -0.0142593383789063
0.0437164306640625 0.0485191345214844 -0.204299926757813 -0.0235137939453125
0.0743255615234375 0.0225982666015625 -0.31329345703125 0.0770263671875
0.07568359375 0.000823974609375 -0.316314697265625 0.265472412109375
0.0873336791992188 -0.00384521484375 -0.290374755859375 0.302947998046875
0.104965209960938 -0.0045928955078125 -0.31201171875 0.28411865234375
0.07501220703125 0.0358810424804688 -0.354095458984375 0.126129150390625
0.0500869750976563 0.07086181640625 -0.2789306640625 -0.0257415771484375
-0.00708007812500001 0.0799179077148437 -0.160690307617187 -0.122344970703125
-0.0825042724609375 0.066070556640625 -0.0167770385742188 -0.084686279296875
-0.0928115844726563 0.0358123779296875 -0.1041259765625 0.109443664550781
-0.17352294921875 0.0258331298828125 -0.372894287109375 0.00778198242187505
-0.145233154296875 -0.0617218017578125 0.43450927734375 -0.063262939453125
-0.127265930175781 0.0313720703125 0.1820068359375 -0.141571044921875
-0.05419921875 0.130439758300781 -0.00347137451171876 0.0694427490234375
0.0484542846679688 0.113800048828125 0.120750427246094 0.137283325195313
0.113945007324219 0.0203170776367188 0.247817993164063 0.088897705078125
0.071441650390625 -0.0697174072265625 0.341796875 -0.08685302734375
0.0437164306640625 -0.103462219238281 0.309112548828125 -0.292572021484375
0.0633392333984375 -0.0842132568359375 0.27825927734375 -0.302947998046875
0.0476760864257813 -0.096466064453125 0.303192138671875 -0.273101806640625
0.100967407226563 -0.0513916015625 0.308837890625 -0.121734619140625
0.114547729492187 0.0395126342773437 0.193115234375 -0.012786865234375
0.050201416015625 0.137847900390625 0.134567260742188 -0.0423812866210937
-0.0931930541992188 0.104621887207031 0.16815185546875 -0.141098022460938
-0.125930786132813 0.0292739868164062 0.42547607421875 -0.2042236328125
-0.107925415039063 -0.0560989379882813 0.76129150390625 0.10552978515625
-0.406646728515625 -0.0510559082031251 0.380462646484375 -0.06585693359375
-0.325439453125 0.100341796875 0.1741943359375 -0.124679565429688
-0.170928955078125 0.31195068359375 0.00782394409179687 0.0652084350585938
0.0750732421875 0.285430908203125 0.09942626953125 0.116058349609375
0.2431640625 0.130096435546875 0.20147705078125 0.101547241210938
0.2255859375 -0.0845184326171875 0.29052734375 -0.058441162109375
0.175994873046875 -0.191818237304687 0.267822265625 -0.243072509765625
0.213775634765625 -0.166732788085938 0.232101440429687 -0.241363525390625
0.193527221679688 -0.196304321289063 0.250732421875 -0.2247314453125
0.255416870117188 -0.0804290771484375 0.234451293945313 -0.104476928710938
0.271209716796875 0.108428955078125 0.126937866210938 -0.0166473388671875
0.135894775390625 0.30859375 0.10382080078125 -0.0843658447265625
-0.201263427734375 0.31805419921875 0.15838623046875 -0.182296752929687
-0.33343505859375 0.15380859375 0.417388916015625 -0.21435546875
-0.403778076171875 -0.032470703125 0.710205078125 0.07440185546875
-0.61981201171875 -0.0383911132812499 0.24920654296875 -0.0756378173828125
-0.4967041015625 0.163909912109375 0.120216369628906 -0.0907821655273437
-0.271881103515625 0.47247314453125 0.0190658569335937 0.0675544738769532
0.096954345703125 0.437103271484375 0.0775222778320313 0.0831451416015625
0.347320556640625 0.231658935546875 0.13665771484375 0.0954055786132813
0.354217529296875 -0.083099365234375 0.199905395507813 -0.031097412109375
0.28515625 -0.250946044921875 0.184539794921875 -0.161209106445313
0.33270263671875 -0.22503662109375 0.150360107421875 -0.143157958984375
0.3072509765625 -0.27130126953125 0.161880493164063 -0.138275146484375
0.371246337890625 -0.110076904296875 0.123687744140625 -0.06512451171875
0.402130126953125 0.14898681640625 0.0351982116699219 -0.0124397277832031
0.22711181640625 0.4327392578125 0.0484848022460938 -0.118125915527344
-0.259033203125 0.5052490234375 0.126480102539063 -0.20989990234375
-0.4859619140625 0.279937744140625 0.363311767578125 -0.193145751953125
-0.6385498046875 0.00695800781249991 0.57037353515625 0.04937744140625
-0.7503662109375 -0.017578125 0.0520706176757812 -0.08966064453125
-0.6083984375 0.22491455078125 0.0191459655761718 -0.03997802734375
-0.328125 0.59027099609375 0.0202102661132812 0.0740814208984375
0.121673583984375 0.538055419921875 0.0466690063476563 0.0437278747558594
0.414581298828125 0.301177978515625 0.0500946044921875 0.0735015869140625
0.4368896484375 -0.07220458984375 0.0742416381835938 -0.002960205078125
0.351470947265625 -0.2718505859375 0.0689163208007813 -0.0574264526367188
0.400115966796875 -0.25 0.0456199645996094 -0.02239990234375
0.37255859375 -0.306182861328125 0.0522994995117188 -0.0255851745605469
0.4310302734375 -0.124420166015625 -0.00624656677246091 -0.00485849380493165
0.474273681640625 0.163543701171875 -0.0692291259765625 0.00397872924804689
0.2855224609375 0.4901123046875 -0.024383544921875 -0.134757995605469
-0.2742919921875 0.61529541015625 0.0786590576171875 -0.211761474609375
-0.5582275390625 0.363861083984375 0.269668579101562 -0.133987426757812
-0.77099609375 0.04437255859375 0.36639404296875 0.03759765625
-0.7667236328125 0.0134277343749999 -0.1844482421875 -0.102554321289063
-0.6204833984375 0.2642822265625 -0.114997863769531 0.021881103515625
-0.3228759765625 0.61944580078125 0.00406646728515623 0.0800933837890625
0.13397216796875 0.55059814453125 0.000700235366821297 0.0036880970001221
0.4183349609375 0.314117431640625 -0.0479278564453125 0.0423812866210938
0.447479248046875 -0.054901123046875 -0.0687751770019531 0.0259819030761719
0.361846923828125 -0.250732421875 -0.0612258911132812 0.0559043884277344
0.406280517578125 -0.234100341796875 -0.0658950805664062 0.102622985839844
0.38250732421875 -0.290069580078125 -0.0636749267578125 0.095733642578125
0.422576904296875 -0.1109619140625 -0.136146545410156 0.0642776489257812
0.461151123046875 0.16265869140625 -0.1688232421875 0.0230255126953125
0.280303955078125 0.470977783203125 -0.096527099609375 -0.133689880371094
-0.262939453125 0.60638427734375 0.03106689453125 -0.186904907226562
-0.543182373046875 0.365692138671875 0.159133911132812 -0.0482177734375
-0.77850341796875 0.0614013671875001 0.130455017089844 0.0370254516601563
-0.6611328125 0.0469360351562499 -0.419189453125 -0.104766845703125
-0.52166748046875 0.26055908203125 -0.255401611328125 0.0844879150390625
-0.254486083984375 0.533172607421875 -0.025482177734375 0.083343505859375
0.123626708984375 0.4532470703125 -0.0518836975097656 -0.0243415832519531
0.345489501953125 0.2646484375 -0.137809753417969 0.0117568969726563
0.379608154296875 -0.033355712890625 -0.199111938476563 0.0541534423828125
0.31207275390625 -0.193206787109375 -0.182327270507813 0.161209106445312
0.34893798828125 -0.182281494140625 -0.167190551757812 0.212005615234375
0.33428955078125 -0.2242431640625 -0.170791625976562 0.202346801757812
0.349822998046875 -0.06927490234375 -0.246063232421875 0.11968994140625
0.367095947265625 0.149749755859375 -0.243560791015625 0.029296875
0.20477294921875 0.383087158203125 -0.148101806640625 -0.126052856445312
-0.2308349609375 0.478790283203125 -0.00279235839843751 -0.148971557617187
-0.447998046875 0.28448486328125 0.0508918762207031 0.0368385314941406
-0.662841796875 0.05596923828125 -0.0928497314453125 0.0385971069335938
-0.450225830078125 0.0734252929687499 -0.61444091796875 -0.0913085937499999
-0.333587646484375 0.210296630859375 -0.374969482421875 0.141387939453125
-0.142059326171875 0.346710205078125 -0.0620040893554688 0.0885467529296875
0.0885467529296875 0.272445678710937 -0.0930862426757813 -0.0305099487304687
0.212875366210938 0.166015625 -0.195281982421875 -0.010955810546875
0.247406005859375 -0.0089111328125 -0.287811279296875 0.076568603515625
0.210586547851563 -0.106765747070313 -0.270828247070313 0.24310302734375
0.237808227539063 -0.103302001953125 -0.243804931640625 0.289031982421875
0.238800048828125 -0.125457763671875 -0.255264282226563 0.275039672851563
0.22723388671875 -0.0155029296875 -0.321563720703125 0.1466064453125
0.217910766601562 0.121063232421875 -0.2822265625 0.013763427734375
0.095306396484375 0.246353149414063 -0.170059204101563 -0.119705200195312
-0.174407958984375 0.28167724609375 -0.0179443359375 -0.112419128417969
-0.28973388671875 0.16058349609375 -0.036956787109375 0.094024658203125
-0.44818115234375 0.0415649414062499 -0.269760131835938 0.0328369140625
-0.16790771484375 0.079071044921875 -0.73638916015625 -0.0668945312499999
-0.0973434448242188 0.123031616210937 -0.454986572265625 0.1885986328125
-0.0153121948242188 0.111053466796875 -0.0937881469726563 0.103652954101562
0.0378456115722656 0.0586318969726563 -0.111663818359375 -0.0104827880859375
0.048370361328125 0.0485916137695312 -0.207870483398438 -0.020050048828125
0.078765869140625 0.0193557739257813 -0.321258544921875 0.0892944335937501
0.0776214599609375 -0.00225830078125 -0.3138427734375 0.285308837890625
0.0901947021484375 -0.0085601806640625 -0.283966064453125 0.3232421875
0.10772705078125 -0.0101699829101563 -0.305389404296875 0.30426025390625
0.0782089233398438 0.0341339111328125 -0.35626220703125 0.1429443359375
0.0533256530761719 0.0700263977050781 -0.2835693359375 -0.0179443359374999
-0.00328826904296875 0.0807876586914063 -0.16680908203125 -0.117828369140625
-0.0801773071289063 0.072998046875 -0.0194015502929688 -0.0835952758789063
-0.09539794921875 0.0408248901367188 -0.09893798828125 0.115432739257813
-0.1778564453125 0.0331268310546875 -0.37738037109375 0.019989013671875
-0.150543212890625 -0.053924560546875 0.440032958984375 -0.089935302734375
-0.126640319824219 0.0383834838867187 0.176422119140625 -0.1580810546875
-0.0467681884765625 0.134552001953125 0.00286483764648437 0.0687255859375
0.0559844970703125 0.113265991210938 0.130668640136719 0.131912231445313
0.1153564453125 0.013946533203125 0.258148193359375 0.0781402587890625
0.0671844482421875 -0.0735931396484375 0.347137451171875 -0.108489990234375
0.0384063720703125 -0.106544494628906 0.29779052734375 -0.320343017578125
0.0599136352539062 -0.0895919799804687 0.266357421875 -0.331634521484375
0.0415725708007813 -0.0998687744140625 0.2940673828125 -0.301300048828125
0.0988388061523437 -0.0580596923828125 0.31109619140625 -0.1446533203125
0.1190185546875 0.0334091186523438 0.197830200195313 -0.02197265625
0.0605850219726563 0.137733459472656 0.133651733398437 -0.0517578125
-0.0906753540039062 0.112007141113281 0.16082763671875 -0.154617309570313
-0.124824523925781 0.036956787109375 0.42010498046875 -0.23101806640625
-0.112876892089844 -0.0503005981445312 0.77978515625 0.06939697265625
-0.4171142578125 -0.030120849609375 0.385009765625 -0.089630126953125
-0.3260498046875 0.120513916015625 0.16961669921875 -0.141189575195313
-0.154449462890625 0.326812744140625 0.0157890319824219 0.062469482421875
0.093658447265625 0.286712646484375 0.108451843261719 0.110519409179688
0.2542724609375 0.11767578125 0.212127685546875 0.0931854248046875
0.223785400390625 -0.0975189208984375 0.296600341796875 -0.076507568359375
0.16815185546875 -0.20416259765625 0.258514404296875 -0.266845703125
0.209716796875 -0.184799194335938 0.223556518554688 -0.265594482421875
0.186141967773438 -0.210769653320312 0.243942260742187 -0.249114990234375
0.2550048828125 -0.096923828125 0.235397338867188 -0.122451782226563
0.28350830078125 0.095245361328125 0.130699157714844 -0.0217361450195312
0.15924072265625 0.30865478515625 0.0996246337890625 -0.0942535400390625
-0.188201904296875 0.3389892578125 0.149261474609375 -0.195266723632812
-0.332000732421875 0.175628662109375 0.41290283203125 -0.2398681640625
-0.41497802734375 -0.00854492187499992 0.72833251953125 0.04095458984375
-0.633056640625 -0.00317382812500005 0.25042724609375 -0.092987060546875
-0.497161865234375 0.1976318359375 0.116554260253906 -0.102775573730469
-0.24835205078125 0.4984130859375 0.0277175903320312 0.0636482238769532
0.12451171875 0.439971923828125 0.0849380493164063 0.0788726806640625
0.368194580078125 0.21533203125 0.146072387695313 0.0905914306640625
0.355560302734375 -0.103546142578125 0.204742431640625 -0.0422515869140625
0.275863647460938 -0.270706176757813 0.177490234375 -0.178482055664063
0.3284912109375 -0.2518310546875 0.145980834960938 -0.158370971679688
0.297821044921875 -0.2945556640625 0.159210205078125 -0.155380249023438
0.372344970703125 -0.133148193359375 0.124626159667969 -0.07574462890625
0.419158935546875 0.129119873046875 0.0380477905273438 -0.0127182006835937
0.258544921875 0.430816650390625 0.0413589477539063 -0.127052307128906
-0.23675537109375 0.534698486328125 0.116439819335938 -0.2203369140625
-0.481201171875 0.31256103515625 0.359161376953125 -0.216278076171875
-0.65447998046875 0.0444946289062501 0.58477783203125 0.0228271484375
-0.76739501953125 0.0250244140625001 0.0491638183593749 -0.09649658203125
-0.6083984375 0.267578125 0.0163803100585937 -0.0447463989257812
-0.299072265625 0.6226806640625 0.0292282104492187 0.07049560546875
0.154632568359375 0.5430908203125 0.0518951416015625 0.0401573181152344
0.442352294921875 0.28131103515625 0.0576629638671875 0.0714263916015625
0.440521240234375 -0.097900390625 0.0759124755859375 -0.00646209716796876
0.3426513671875 -0.29638671875 0.0650100708007813 -0.0642051696777344
0.397491455078125 -0.282958984375 0.0468063354492188 -0.0276565551757813
0.3621826171875 -0.335052490234375 0.0540390014648438 -0.0321922302246094
0.432525634765625 -0.15106201171875 -0.00555372238159177 -0.00511360168457032
0.495147705078125 0.1397705078125 -0.0679054260253906 0.00851821899414063
0.323760986328125 0.484405517578125 -0.0328750610351562 -0.139854431152344
-0.24334716796875 0.650634765625 0.0684967041015625 -0.218093872070313
-0.552398681640625 0.402679443359375 0.269073486328125 -0.1510009765625
-0.7884521484375 0.0927124023437501 0.377044677734375 0.02056884765625
-0.783447265625 0.0559082031250001 -0.192855834960938 -0.095550537109375
-0.620849609375 0.30743408203125 -0.117439270019531 0.027313232421875
-0.29278564453125 0.65484619140625 0.0130233764648437 0.077728271484375
0.169525146484375 0.5546875 0.00353932380676271 0.0027265548706055
0.447113037109375 0.295623779296875 -0.0448417663574218 0.04449462890625
0.453582763671875 -0.080718994140625 -0.069305419921875 0.0315017700195312
0.353973388671875 -0.276885986328125 -0.061309814453125 0.0600776672363281
0.404388427734375 -0.267791748046875 -0.059234619140625 0.10791015625
0.37353515625 -0.320587158203125 -0.0568466186523437 0.10003662109375
0.42523193359375 -0.1376953125 -0.134361267089844 0.0738525390625
0.481719970703125 0.13775634765625 -0.168243408203125 0.0334014892578125
0.314605712890625 0.4656982421875 -0.106315612792969 -0.134384155273437
-0.22991943359375 0.63824462890625 0.0218963623046875 -0.190658569335937
-0.535675048828125 0.4044189453125 0.161697387695312 -0.0573883056640625
-0.794677734375 0.1085205078125 0.136955261230469 0.0323867797851563
-0.67572021484375 0.0843505859375 -0.43243408203125 -0.0852661132812499
-0.522613525390625 0.297332763671875 -0.2564697265625 0.101181030273438
-0.22955322265625 0.56268310546875 -0.0189895629882813 0.08404541015625
0.152313232421875 0.4561767578125 -0.0515289306640625 -0.0228195190429687
0.37213134765625 0.248626708984375 -0.138595581054687 0.0176239013671875
0.387054443359375 -0.0560302734375 -0.202651977539062 0.067474365234375
0.3070068359375 -0.215576171875 -0.17779541015625 0.177017211914063
0.348419189453125 -0.2110595703125 -0.15570068359375 0.227767944335938
0.329193115234375 -0.250762939453125 -0.159210205078125 0.216476440429688
0.353302001953125 -0.0908203125 -0.243240356445312 0.138015747070312
0.38299560546875 0.1304931640625 -0.244461059570313 0.0433197021484375
0.23291015625 0.379852294921875 -0.157852172851562 -0.122589111328125
-0.205963134765625 0.5072021484375 -0.00961303710937501 -0.149932861328125
-0.4427490234375 0.3173828125 0.0574073791503906 0.0353813171386719
-0.67535400390625 0.0981445312500001 -0.0908126831054688 0.045074462890625
-0.458831787109375 0.0989379882812499 -0.62933349609375 -0.0614013671874999
-0.33172607421875 0.23486328125 -0.375 0.16656494140625
-0.126251220703125 0.36602783203125 -0.0575637817382812 0.09307861328125
0.105316162109375 0.274658203125 -0.0947341918945313 -0.0258026123046875
0.230133056640625 0.156661987304688 -0.19879150390625 -0.0023040771484375
0.253997802734375 -0.02386474609375 -0.29364013671875 0.0956420898437499
0.209716796875 -0.121414184570313 -0.262908935546875 0.266326904296875
0.239242553710938 -0.123291015625 -0.23004150390625 0.313323974609375
0.237838745117188 -0.14398193359375 -0.2413330078125 0.298431396484375
0.232177734375 -0.027496337890625 -0.319549560546875 0.169952392578125
0.228851318359375 0.110260009765625 -0.286102294921875 0.02886962890625
0.1134033203125 0.245849609375 -0.179244995117187 -0.114410400390625
-0.15997314453125 0.3017578125 -0.0225753784179688 -0.112014770507812
-0.288604736328125 0.18182373046875 -0.0294952392578125 0.0980911254882813
-0.458221435546875 0.0704345703125001 -0.27130126953125 0.0480804443359375
-0.169967651367187 0.0884857177734375 -0.75213623046875 -0.02960205078125
-0.0947036743164063 0.130989074707031 -0.45513916015625 0.220489501953125
-0.01080322265625 0.116317749023437 -0.0907974243164063 0.111587524414063
0.0412101745605469 0.0587882995605469 -0.112709045410156 -0.00429534912109373
0.0548210144042969 0.0468864440917969 -0.213409423828125 -0.01165771484375
0.0832672119140625 0.0147171020507813 -0.32781982421875 0.109649658203125
0.07989501953125 -0.007110595703125 -0.304779052734375 0.314422607421875
0.0931549072265625 -0.0160598754882813 -0.26922607421875 0.35186767578125
0.111167907714844 -0.0185165405273438 -0.2923583984375 0.332122802734375
0.08258056640625 0.0303497314453125 -0.35589599609375 0.168670654296875
0.0592536926269531 0.0675239562988281 -0.291046142578125 -0.0032958984375
0.0026702880859375 0.0825729370117188 -0.176254272460937 -0.110595703125
-0.076507568359375 0.0811309814453125 -0.0232315063476563 -0.0831222534179688
-0.0956802368164063 0.0486907958984375 -0.0909271240234375 0.123359680175781
-0.181289672851563 0.044525146484375 -0.381622314453125 0.0393981933593751
-0.1536865234375 -0.0428466796875 0.436065673828125 -0.1229248046875
-0.122871398925781 0.0464553833007812 0.164459228515625 -0.175048828125
-0.0369338989257813 0.135833740234375 0.00935745239257812 0.064971923828125
0.0641098022460937 0.10919189453125 0.139419555664063 0.121376037597656
0.1153564453125 0.0053558349609375 0.266387939453125 0.0610198974609375
0.0606842041015625 -0.0775299072265625 0.3446044921875 -0.1365966796875
0.030975341796875 -0.108367919921875 0.274505615234375 -0.34765625
0.0535964965820313 -0.094268798828125 0.2403564453125 -0.357635498046875
0.0337448120117187 -0.101242065429688 0.27215576171875 -0.330230712890625
0.0935287475585938 -0.0657806396484375 0.304168701171875 -0.171600341796875
0.122581481933594 0.0248565673828125 0.199005126953125 -0.034759521484375
0.0727691650390625 0.133049011230469 0.128196716308594 -0.0628433227539062
-0.0835037231445313 0.119865417480469 0.146804809570313 -0.167831420898438
-0.121185302734375 0.0456695556640625 0.403594970703125 -0.263214111328125
-0.116188049316406 -0.0405960083007812 0.7882080078125 0.01531982421875
-0.419769287109375 0.00155639648437494 0.379364013671875 -0.11895751953125
-0.317474365234375 0.144744873046875 0.157806396484375 -0.157562255859375
-0.128875732421875 0.339324951171875 0.0230484008789062 0.0569229125976563
0.115081787109375 0.279708862304688 0.116485595703125 0.101287841796875
0.263473510742188 0.0980377197265625 0.221771240234375 0.07940673828125
0.21563720703125 -0.112991333007813 0.2955322265625 -0.099334716796875
0.153656005859375 -0.216339111328125 0.23809814453125 -0.2908935546875
0.198471069335938 -0.203338623046875 0.203155517578125 -0.28814697265625
0.170166015625 -0.2244873046875 0.226333618164063 -0.273956298828125
0.247589111328125 -0.1163330078125 0.230010986328125 -0.144088745117188
0.29266357421875 0.07476806640625 0.132240295410156 -0.030059814453125
0.1845703125 0.29852294921875 0.0911026000976563 -0.104560852050781
-0.162109375 0.3577880859375 0.134078979492188 -0.206893920898437
-0.320068359375 0.20001220703125 0.395721435546875 -0.27056884765625
-0.417724609375 0.0241699218750001 0.733154296875 -0.00946044921875
-0.6363525390625 0.0428466796875 0.244903564453125 -0.113677978515625
-0.48590087890625 0.23504638671875 0.106979370117187 -0.115196228027344
-0.209869384765625 0.519195556640625 0.0361900329589844 0.0567588806152344
0.15802001953125 0.4315185546875 0.0921173095703125 0.0709457397460938
0.386383056640625 0.186370849609375 0.155227661132813 0.0799407958984375
0.34796142578125 -0.1292724609375 0.2044677734375 -0.058441162109375
0.257049560546875 -0.29119873046875 0.162612915039063 -0.19427490234375
0.312896728515625 -0.282379150390625 0.1343994140625 -0.174652099609375
0.27734375 -0.3189697265625 0.148941040039063 -0.173110961914063
0.3634033203125 -0.16143798828125 0.120872497558594 -0.087432861328125
0.43157958984375 0.0980224609375 0.0405464172363282 -0.0150489807128906
0.295166015625 0.41461181640625 0.0301361083984375 -0.133644104003906
-0.1966552734375 0.55902099609375 0.100341796875 -0.228775024414062
-0.4630126953125 0.349395751953125 0.345367431640625 -0.241943359375
-0.65545654296875 0.0968017578124999 0.5906982421875 -0.0184326171875
-0.7685546875 0.0807495117187499 0.0423278808593749 -0.102577209472656
-0.59307861328125 0.31427001953125 0.010833740234375 -0.0484390258789062
-0.2506103515625 0.6513671875 0.0381240844726562 0.0633354187011719
0.19677734375 0.532867431640625 0.0571632385253906 0.0341911315917969
0.467681884765625 0.2470703125 0.0649375915527344 0.0669937133789063
0.43414306640625 -0.1300048828125 0.0767135620117188 -0.0122528076171875
0.321868896484375 -0.323028564453125 0.057952880859375 -0.0703277587890625
0.379302978515625 -0.3187255859375 0.0457916259765625 -0.0340042114257813
0.339202880859375 -0.365814208984375 0.053619384765625 -0.0407752990722656
0.422882080078125 -0.184326171875 -0.00528669357299802 -0.00573205947875978
0.508331298828125 0.10296630859375 -0.0643577575683593 0.0137519836425781
0.364288330078125 0.464874267578125 -0.045654296875 -0.14154052734375
-0.1937255859375 0.67559814453125 0.053985595703125 -0.223052978515625
-0.52764892578125 0.44488525390625 0.260940551757812 -0.170455932617187
-0.78802490234375 0.15472412109375 0.3818359375 -0.00463867187499999
-0.7850341796875 0.11322021484375 -0.19952392578125 -0.084228515625
-0.60302734375 0.35626220703125 -0.117897033691406 0.0354080200195313
-0.24212646484375 0.68414306640625 0.0217514038085937 0.0733261108398438
0.21240234375 0.54473876953125 0.00673484802246095 0.00031232833862308
0.474853515625 0.2618408203125 -0.0402717590332031 0.0467681884765625
0.449798583984375 -0.115081787109375 -0.0683135986328125 0.0378341674804688
0.335174560546875 -0.30328369140625 -0.0592041015625 0.06585693359375
0.3880615234375 -0.305633544921875 -0.04931640625 0.112380981445313
0.351287841796875 -0.352203369140625 -0.046630859375 0.102813720703125
0.416748046875 -0.16998291015625 -0.128898620605469 0.0845489501953125
0.494476318359375 0.102203369140625 -0.16400146484375 0.0450286865234375
0.355712890625 0.4451904296875 -0.118179321289063 -0.130508422851562
-0.18115234375 0.6641845703125 0.00938415527343747 -0.19171142578125
-0.51129150390625 0.447265625 0.160995483398437 -0.0691680908203125
-0.79241943359375 0.17169189453125 0.141754150390625 0.02288818359375
-0.67388916015625 0.13385009765625 -0.439300537109375 -0.0555725097656249
-0.503936767578125 0.34112548828125 -0.252349853515625 0.120941162109375
-0.1875 0.588134765625 -0.010223388671875 0.0837097167968751
0.187774658203125 0.449615478515625 -0.0497703552246094 -0.020294189453125
0.3963623046875 0.2203369140625 -0.137077331542969 0.0263748168945313
0.3857421875 -0.0850830078125 -0.201034545898438 0.084503173828125
0.292022705078125 -0.238739013671875 -0.16656494140625 0.19317626953125
0.336212158203125 -0.244781494140625 -0.13641357421875 0.241836547851562
0.31182861328125 -0.280426025390625 -0.140518188476562 0.229873657226563
0.348785400390625 -0.1173095703125 -0.233718872070312 0.158782958984375
0.394287109375 0.10198974609375 -0.240997314453125 0.0611724853515625
0.2640380859375 0.3646240234375 -0.168045043945312 -0.113616943359375
-0.1668701171875 0.528289794921875 -0.0188140869140625 -0.148452758789062
-0.424407958984375 0.35089111328125 0.0639305114746093 0.0308189392089844
-0.6748046875 0.1510009765625 -0.0857772827148438 0.0516891479492187
-0.456787109375 0.13153076171875 -0.63702392578125 -0.0169067382812499
-0.318023681640625 0.26214599609375 -0.365692138671875 0.197265625
-0.0994873046875 0.381439208984375 -0.0496673583984375 0.0968856811523438
0.127090454101563 0.269546508789063 -0.0941314697265625 -0.0191650390625
0.246002197265625 0.1395263671875 -0.199905395507813 0.01043701171875
0.254806518554688 -0.0438232421875 -0.29205322265625 0.1197509765625
0.2015380859375 -0.137115478515625 -0.245330810546875 0.290985107421875
0.23211669921875 -0.146102905273438 -0.203765869140625 0.334869384765625
0.228347778320312 -0.166152954101563 -0.216156005859375 0.319122314453125
0.231399536132813 -0.0457000732421875 -0.308013916015625 0.198089599609375
0.238784790039062 0.0928955078125 -0.28411865234375 0.049407958984375
0.133453369140625 0.238754272460937 -0.188522338867187 -0.102569580078125
-0.135467529296875 0.318389892578125 -0.0285491943359375 -0.109611511230469
-0.278289794921875 0.205123901367188 -0.0180130004882813 0.100578308105469
-0.45654296875 0.1068115234375 -0.266876220703125 0.0665893554687499
-0.16644287109375 0.10040283203125 -0.75640869140625 0.0247192382812499
-0.087646484375 0.138618469238281 -0.441375732421875 0.2568359375
-0.00315093994140624 0.12078857421875 -0.08331298828125 0.119880676269531
0.0452842712402344 0.0579757690429688 -0.111007690429688 0.00416564941406251
0.0606918334960938 0.0428657531738281 -0.216018676757812 0.00167846679687502
0.086456298828125 0.0071868896484375 -0.325836181640625 0.13671875
0.0799407958984375 -0.0134201049804688 -0.28179931640625 0.34246826171875
0.0930938720703125 -0.0252609252929687 -0.24017333984375 0.377960205078125
0.11077880859375 -0.0298080444335938 -0.264678955078125 0.35919189453125
0.0864105224609375 0.0243377685546875 -0.34454345703125 0.199798583984375
0.0649375915527344 0.0629463195800781 -0.29254150390625 0.0173950195312499
0.00933837890624999 0.082794189453125 -0.18408203125 -0.0975799560546875
-0.0685348510742188 0.0898284912109375 -0.0275726318359375 -0.0806655883789062
-0.0941238403320312 0.05718994140625 -0.0784149169921875 0.12939453125
-0.180755615234375 0.059234619140625 -0.3792724609375 0.0655517578124999
-0.151336669921875 -0.03009033203125 0.418212890625 -0.150665283203125
-0.115562438964844 0.0528564453125 0.146377563476563 -0.185577392578125
-0.0264434814453125 0.132919311523438 0.01397705078125 0.0595741271972656
0.069610595703125 0.101776123046875 0.144058227539063 0.10809326171875
0.11163330078125 -0.00276947021484375 0.266494750976562 0.0417633056640625
0.0522613525390625 -0.079071044921875 0.331390380859375 -0.160125732421875
0.0224533081054687 -0.107475280761719 0.24212646484375 -0.363983154296875
0.0462646484375 -0.0965499877929688 0.207183837890625 -0.372650146484375
0.0260238647460937 -0.0998153686523437 0.240478515625 -0.348297119140625
0.0857162475585938 -0.070953369140625 0.28741455078125 -0.193084716796875
0.122001647949219 0.014984130859375 0.195297241210938 -0.0469512939453125
0.0822906494140625 0.124763488769531 0.118972778320313 -0.0713119506835937
-0.0733489990234375 0.1239013671875 0.129058837890625 -0.174118041992188
-0.113685607910156 0.0522232055664062 0.3741455078125 -0.283599853515625
-0.115402221679687 -0.0303268432617187 0.7708740234375 -0.03558349609375
-0.409454345703125 0.031768798828125 0.362823486328125 -0.143798828125
-0.2996826171875 0.163726806640625 0.140548706054688 -0.168014526367188
-0.101409912109375 0.339813232421875 0.0274696350097656 0.0501823425292969
0.131759643554688 0.26568603515625 0.12060546875 0.0889663696289063
0.263778686523438 0.0759124755859375 0.224090576171875 0.06243896484375
0.201446533203125 -0.124664306640625 0.285675048828125 -0.119903564453125
0.135757446289063 -0.222610473632813 0.210205078125 -0.3048095703125
0.180770874023438 -0.216384887695313 0.17620849609375 -0.30242919921875
0.1507568359375 -0.232009887695312 0.200408935546875 -0.290863037109375
0.233169555664062 -0.130905151367188 0.216079711914063 -0.160293579101563
0.2933349609375 0.051513671875 0.1307373046875 -0.0379638671875
0.204986572265625 0.278778076171875 0.0794601440429688 -0.11053466796875
-0.13409423828125 0.364501953125 0.1151123046875 -0.211273193359375
-0.300201416015625 0.217926025390625 0.367767333984375 -0.29046630859375
-0.407318115234375 0.054962158203125 0.717529296875 -0.0533447265625
-0.61993408203125 0.08612060546875 0.231124877929688 -0.129058837890625
-0.457794189453125 0.265472412109375 0.0942230224609375 -0.122055053710937
-0.166046142578125 0.52471923828125 0.0411720275878906 0.0482368469238282
0.1844482421875 0.411285400390625 0.0953216552734375 0.06011962890625
0.3914794921875 0.152984619140625 0.159439086914063 0.067138671875
0.329803466796875 -0.14984130859375 0.198287963867188 -0.07281494140625
0.23095703125 -0.303863525390625 0.14337158203125 -0.204345703125
0.28704833984375 -0.304290771484375 0.11785888671875 -0.184555053710938
0.247528076171875 -0.33331298828125 0.132766723632813 -0.185775756835938
0.343994140625 -0.18414306640625 0.113609313964844 -0.0959320068359375
0.43212890625 0.065765380859375 0.0418281555175782 -0.0170440673828125
0.32159423828125 0.385589599609375 0.0175552368164063 -0.136459350585937
-0.15032958984375 0.5657958984375 0.08184814453125 -0.230453491210937
-0.42999267578125 0.374725341796875 0.322784423828125 -0.260101318359375
-0.63580322265625 0.143798828125 0.577392578125 -0.0555419921875
-0.74932861328125 0.13287353515625 0.0339355468749999 -0.104904174804687
-0.55810546875 0.35089111328125 0.00494384765624997 -0.0491142272949219
-0.194091796875 0.65692138671875 0.0439453125 0.0549964904785157
0.232208251953125 0.509033203125 0.0596542358398438 0.0267219543457032
0.47698974609375 0.2049560546875 0.0704193115234375 0.0600433349609375
0.41632080078125 -0.157135009765625 0.0754928588867188 -0.0171356201171875
0.29266357421875 -0.339019775390625 0.0497207641601563 -0.0735092163085938
0.349945068359375 -0.346099853515625 0.0428390502929688 -0.0392990112304688
0.30615234375 -0.384735107421875 0.0501747131347657 -0.0481224060058594
0.40069580078125 -0.210968017578125 -0.00398015975952146 -0.00556516647338869
0.5057373046875 0.06451416015625 -0.0592193603515625 0.018157958984375
0.3931884765625 0.430938720703125 -0.0571365356445312 -0.139259338378906
-0.1387939453125 0.68023681640625 0.0379791259765625 -0.221633911132812
-0.4886474609375 0.474365234375 0.246063232421875 -0.184585571289062
-0.76116943359375 0.20965576171875 0.3751220703125 -0.030242919921875
-0.762451171875 0.16815185546875 -0.201507568359375 -0.0696868896484375
-0.5677490234375 0.39544677734375 -0.114830017089844 0.04302978515625
-0.18499755859375 0.69189453125 0.0287284851074219 0.0671157836914063
0.248016357421875 0.519073486328125 0.00918674468994142 -0.00269699096679684
0.487030029296875 0.21990966796875 -0.0343666076660156 0.0474166870117188
0.4326171875 -0.144805908203125 -0.0645294189453125 0.0433082580566406
0.3074951171875 -0.321136474609375 -0.0552597045898437 0.0700225830078125
0.359619140625 -0.33441162109375 -0.0384445190429687 0.112739562988281
0.319061279296875 -0.374420166015625 -0.0367279052734375 0.100692749023437
0.3953857421875 -0.19598388671875 -0.11895751953125 0.0928115844726563
0.49407958984375 0.065460205078125 -0.155609130859375 0.055450439453125
0.381195068359375 0.4122314453125 -0.126708984375 -0.122848510742187
-0.12701416015625 0.66595458984375 -0.00204467773437503 -0.1873779296875
-0.47314453125 0.4735107421875 0.15582275390625 -0.07867431640625
-0.7667236328125 0.22772216796875 0.142120361328125 0.0128173828125
-0.6552734375 0.17803955078125 -0.433929443359375 -0.0256042480468751
-0.472900390625 0.370452880859375 -0.239974975585938 0.138412475585938
-0.138671875 0.5933837890625 -0.00311279296875001 0.0804977416992188
0.2161865234375 0.42822265625 -0.0472755432128906 -0.018646240234375
0.406402587890625 0.18560791015625 -0.131401062011719 0.0333099365234375
0.372344970703125 -0.111968994140625 -0.192855834960937 0.0987701416015625
0.27044677734375 -0.254562377929688 -0.150344848632813 0.204544067382812
0.312103271484375 -0.26922607421875 -0.113754272460938 0.247467041015625
0.28521728515625 -0.301513671875 -0.1185302734375 0.233779907226562
0.33343505859375 -0.140472412109375 -0.216751098632812 0.173919677734375
0.395111083984375 0.071502685546875 -0.230056762695312 0.0759735107421875
0.287109375 0.338348388671875 -0.174163818359375 -0.101882934570312
-0.1229248046875 0.5330810546875 -0.026397705078125 -0.14324951171875
-0.393035888671875 0.375701904296875 0.068084716796875 0.0252418518066406
-0.6517333984375 0.19769287109375 -0.0794296264648438 0.0549392700195313
-0.443328857421875 0.1597900390625 -0.6239013671875 0.0264892578125
-0.2962646484375 0.280487060546875 -0.3446044921875 0.221282958984375
-0.06854248046875 0.3853759765625 -0.0410537719726563 0.0987777709960938
0.144256591796875 0.257080078125 -0.0904388427734375 -0.013885498046875
0.253662109375 0.117477416992188 -0.195159912109375 0.0221405029296875
0.248260498046875 -0.061981201171875 -0.28131103515625 0.14068603515625
0.188629150390625 -0.1485595703125 -0.21929931640625 0.3067626953125
0.2176513671875 -0.163818359375 -0.171905517578125 0.3453369140625
0.211151123046875 -0.18267822265625 -0.185302734375 0.3291015625
0.2244873046875 -0.061126708984375 -0.287200927734375 0.21844482421875
0.241104125976563 0.0738525390625 -0.274734497070313 0.0680084228515626
0.14837646484375 0.224319458007813 -0.192672729492187 -0.0886688232421875
-0.106689453125 0.32421875 -0.0338897705078125 -0.104820251464844
-0.260223388671875 0.221450805664063 -0.00688171386718752 0.0980682373046875
-0.44183349609375 0.139129638671875 -0.255615234375 0.081695556640625
-0.159759521484375 0.109268188476562 -0.7376708984375 0.0736694335937499
-0.07769775390625 0.142532348632813 -0.413818359375 0.285980224609375
0.00551605224609374 0.1220703125 -0.0723648071289063 0.124885559082031
0.0487556457519531 0.0549468994140625 -0.105911254882813 0.0113677978515625
0.0641822814941406 0.037353515625 -0.212692260742188 0.0147247314453125
0.08697509765625 -0.00045013427734375 -0.31365966796875 0.159332275390625
0.0778121948242188 -0.0184707641601563 -0.251220703125 0.360748291015625
0.0897903442382813 -0.0332717895507813 -0.2039794921875 0.390960693359375
0.106254577636719 -0.0398941040039063 -0.23004150390625 0.37261962890625
0.08758544921875 0.01678466796875 -0.322540283203125 0.222259521484375
0.0682334899902344 0.0563545227050781 -0.286102294921875 0.036773681640625
0.0153427124023438 0.08056640625 -0.1865234375 -0.0822906494140625
-0.0586471557617188 0.0948562622070313 -0.0304412841796875 -0.0772018432617188
-0.0890579223632813 0.0644302368164063 -0.06475830078125 0.130752563476563
-0.1749267578125 0.0718994140625 -0.3662109375 0.087646484375
-0.1456298828125 -0.021636962890625 0.39837646484375 -0.164886474609375
-0.108253479003906 0.0547561645507812 0.129913330078125 -0.188674926757813
-0.0195770263671875 0.128181457519531 0.0159645080566406 0.0539817810058594
0.071929931640625 0.0947494506835937 0.142807006835938 0.09716796875
0.106407165527344 -0.0083160400390625 0.262115478515625 0.028594970703125
0.0449295043945313 -0.0775604248046875 0.315399169921875 -0.173095703125
0.0167083740234375 -0.105018615722656 0.215362548828125 -0.367523193359375
0.0409393310546875 -0.0962982177734375 0.17840576171875 -0.375244140625
0.0206756591796875 -0.0963134765625 0.213348388671875 -0.353668212890625
0.0784530639648438 -0.072235107421875 0.269622802734375 -0.204833984375
0.11895751953125 0.00762939453125 0.189300537109375 -0.0542449951171875
0.0865249633789063 0.11572265625 0.10992431640625 -0.074615478515625
-0.064605712890625 0.124588012695313 0.11328125 -0.173858642578125
-0.105743408203125 0.055084228515625 0.347412109375 -0.290924072265625
-0.112060546875 -0.0225448608398437 0.744873046875 -0.06683349609375
-0.39263916015625 0.0497741699218751 0.343994140625 -0.15594482421875
-0.280792236328125 0.171905517578125 0.12481689453125 -0.170852661132813
-0.0804443359375 0.333160400390625 0.0295982360839844 0.0430259704589844
0.139801025390625 0.250137329101563 0.119857788085938 0.0790328979492188
0.258331298828125 0.0594329833984375 0.222091674804688 0.05023193359375
0.187179565429688 -0.12884521484375 0.273208618164062 -0.132186889648438
0.120223999023438 -0.221603393554688 0.18621826171875 -0.307708740234375
0.164794921875 -0.221084594726563 0.15264892578125 -0.305938720703125
0.134429931640625 -0.231735229492188 0.177642822265625 -0.2967529296875
0.218399047851563 -0.138275146484375 0.2021484375 -0.168441772460937
0.287322998046875 0.03521728515625 0.127723693847656 -0.0429000854492188
0.214492797851563 0.260345458984375 0.0686111450195313 -0.111770629882812
-0.110321044921875 0.361297607421875 0.099029541015625 -0.208831787109375
-0.279891967773438 0.225494384765625 0.34149169921875 -0.297882080078125
-0.391143798828125 0.0750122070312499 0.69207763671875 -0.084228515625
-0.59686279296875 0.11383056640625 0.217178344726562 -0.136383056640625
-0.428863525390625 0.279296875 0.0816268920898437 -0.123725891113281
-0.131561279296875 0.516815185546875 0.0431594848632812 0.0403709411621094
0.198577880859375 0.388763427734375 0.0953369140625 0.0508804321289063
0.38665771484375 0.1273193359375 0.160003662109375 0.057403564453125
0.31085205078125 -0.160125732421875 0.190460205078125 -0.0814361572265625
0.20867919921875 -0.30474853515625 0.126495361328125 -0.205841064453125
0.26318359375 -0.313385009765625 0.10296630859375 -0.18841552734375
0.222747802734375 -0.336639404296875 0.1177978515625 -0.191757202148438
0.32354736328125 -0.1953125 0.106239318847656 -0.100212097167969
0.422027587890625 0.041229248046875 0.0428695678710938 -0.0184478759765625
0.332366943359375 0.357666015625 0.00689697265625001 -0.134735107421875
-0.115570068359375 0.558502197265625 0.067352294921875 -0.225433349609375
-0.400360107421875 0.383392333984375 0.30023193359375 -0.265594482421875
-0.60919189453125 0.1707763671875 0.557159423828125 -0.0777587890625
-0.71807861328125 0.16461181640625 0.0278549194335937 -0.103729248046875
-0.5233154296875 0.3685302734375 -0.000267028808593779 -0.0478439331054687
-0.15277099609375 0.6483154296875 0.0463294982910156 0.0469894409179688
0.248138427734375 0.48077392578125 0.0601692199707031 0.0200233459472656
0.471466064453125 0.1744384765625 0.0733261108398438 0.0544967651367188
0.39422607421875 -0.17236328125 0.07342529296875 -0.0205764770507813
0.2672119140625 -0.3427734375 0.0429611206054688 -0.0727996826171875
0.3218994140625 -0.359100341796875 0.0389366149902344 -0.0429306030273438
0.275390625 -0.3900146484375 0.0454826354980469 -0.054046630859375
0.377166748046875 -0.224151611328125 -0.00319814682006834 -0.00570201873779298
0.495361328125 0.03668212890625 -0.0535163879394531 0.0202522277832031
0.405853271484375 0.39727783203125 -0.0656585693359375 -0.134132385253906
-0.0980224609375 0.6678466796875 0.0266571044921875 -0.215408325195312
-0.45166015625 0.482940673828125 0.231338500976562 -0.190567016601562
-0.728515625 0.2413330078125 0.362213134765625 -0.04559326171875
-0.73406982421875 0.1983642578125 -0.1983642578125 -0.05877685546875
-0.530853271484375 0.411895751953125 -0.110565185546875 0.0486602783203125
-0.1407470703125 0.68121337890625 0.0329856872558594 0.060211181640625
0.26605224609375 0.49212646484375 0.01055908203125 -0.00627994537353513
0.484222412109375 0.185455322265625 -0.0291328430175781 0.0467338562011719
0.41162109375 -0.161773681640625 -0.0606880187988281 0.0460395812988281
0.28277587890625 -0.32720947265625 -0.0506210327148438 0.072998046875
0.3314208984375 -0.34814453125 -0.0307159423828125 0.109794616699219
0.287506103515625 -0.38177490234375 -0.0300750732421875 0.0956649780273437
0.37261962890625 -0.209259033203125 -0.109428405761719 0.0965957641601563
0.483917236328125 0.037261962890625 -0.1458740234375 0.0608673095703125
0.393524169921875 0.38104248046875 -0.132179260253906 -0.11480712890625
-0.08544921875 0.656005859375 -0.00929260253906252 -0.180862426757813
-0.436920166015625 0.4818115234375 0.15057373046875 -0.084808349609375
-0.731201171875 0.2596435546875 0.139427185058594 0.00531768798828126
-0.62945556640625 0.2049560546875 -0.421112060546875 -0.0047607421874999
-0.4417724609375 0.3843994140625 -0.226242065429688 0.14776611328125
-0.1019287109375 0.5859375 0.003082275390625 0.0763092041015625
0.231353759765625 0.405426025390625 -0.044403076171875 -0.0186843872070312
0.405120849609375 0.1572265625 -0.125320434570312 0.037109375
0.35626220703125 -0.126708984375 -0.183380126953125 0.107894897460937
0.250640869140625 -0.2601318359375 -0.135330200195312 0.208572387695312
0.288665771484375 -0.282379150390625 -0.09552001953125 0.245529174804687
0.258453369140625 -0.308197021484375 -0.101608276367188 0.2303466796875
0.314910888671875 -0.152191162109375 -0.199905395507813 0.181137084960937
0.386199951171875 0.049652099609375 -0.218673706054687 0.0842132568359375
0.297027587890625 0.314208984375 -0.17633056640625 -0.091796875
-0.089141845703125 0.52459716796875 -0.0301132202148437 -0.13751220703125
-0.363922119140625 0.3831787109375 0.0709609985351562 0.0186614990234375
-0.6219482421875 0.22552490234375 -0.0735702514648438 0.0549240112304688
-0.424072265625 0.177642822265625 -0.60235595703125 0.05352783203125
-0.273956298828125 0.28839111328125 -0.32257080078125 0.23321533203125
-0.045013427734375 0.380157470703125 -0.0334930419921875 0.0970535278320313
0.1529541015625 0.243484497070313 -0.085693359375 -0.0116958618164062
0.253555297851563 0.0997161865234375 -0.188690185546875 0.02874755859375
0.238815307617187 -0.0731964111328125 -0.26739501953125 0.15325927734375
0.177352905273438 -0.153305053710938 -0.195556640625 0.31304931640625
0.2022705078125 -0.173202514648437 -0.14593505859375 0.34393310546875
0.193939208984375 -0.190521240234375 -0.160400390625 0.32708740234375
0.214279174804688 -0.0712432861328125 -0.264968872070313 0.227554321289063
0.237762451171875 0.05938720703125 -0.263137817382813 0.0787200927734375
0.155807495117188 0.210464477539063 -0.19171142578125 -0.0774993896484375
-0.083831787109375 0.3209228515625 -0.0353012084960938 -0.0998992919921875
-0.241867065429687 0.228225708007813 0.00143432617187499 0.09320068359375
-0.4219970703125 0.156768798828125 -0.243209838867188 0.08795166015625
-0.153106689453125 0.113082885742188 -0.70928955078125 0.1051025390625
-0.070098876953125 0.142730712890625 -0.385284423828125 0.2998046875
0.0120697021484375 0.120567321777344 -0.063629150390625 0.125404357910156
0.0504570007324219 0.0520133972167969 -0.0998001098632813 0.0143966674804688
0.0653533935546875 0.0321273803710937 -0.206893920898438 0.022430419921875
0.0853347778320312 -0.00560760498046875 -0.299346923828125 0.173583984375
0.0764236450195313 -0.02197265625 -0.223236083984375 0.36663818359375
0.0854339599609375 -0.037872314453125 -0.174407958984375 0.391754150390625
0.100242614746094 -0.0463790893554688 -0.200439453125 0.3739013671875
0.0866775512695313 0.0116348266601563 -0.2991943359375 0.233978271484375
0.069244384765625 0.0515975952148438 -0.2764892578125 0.0496826171875
0.0195770263671875 0.0776901245117188 -0.184478759765625 -0.07098388671875
-0.0504226684570313 0.0963211059570313 -0.03094482421875 -0.0733718872070313
-0.0843582153320313 0.067779541015625 -0.0530929565429688 0.127510070800781
-0.167083740234375 0.079437255859375 -0.35064697265625 0.09918212890625
-0.13970947265625 -0.0169906616210937 0.385009765625 -0.170989990234375
-0.10321044921875 0.0544662475585937 0.118743896484375 -0.188995361328125
-0.016357421875 0.124000549316406 0.0158843994140625 0.0505523681640625
0.0726699829101562 0.09051513671875 0.141311645507813 0.091033935546875
0.102088928222656 -0.0109939575195313 0.259475708007813 0.0208282470703125
0.040496826171875 -0.0748519897460938 0.30615234375 -0.180694580078125
0.0126419067382812 -0.102485656738281 0.1962890625 -0.36834716796875
0.0374298095703125 -0.0961685180664063 0.159454345703125 -0.375
0.0183258056640625 -0.0936050415039062 0.195404052734375 -0.354949951171875
0.0736618041992188 -0.072540283203125 0.257614135742188 -0.211318969726563
0.116775512695313 0.0033111572265625 0.186370849609375 -0.057891845703125
0.08905029296875 0.109695434570313 0.1046142578125 -0.0755081176757813
-0.058990478515625 0.123863220214844 0.103179931640625 -0.171234130859375
-0.0997772216796875 0.055084228515625 0.32965087890625 -0.2916259765625
-0.108749389648438 -0.0185394287109375 0.72589111328125 -0.079833984375
-0.38037109375 0.059661865234375 0.331695556640625 -0.160888671875
-0.268539428710938 0.174636840820312 0.114288330078125 -0.170578002929688
-0.06854248046875 0.327117919921875 0.0292129516601562 0.0387496948242188
0.142578125 0.24029541015625 0.118438720703125 0.072723388671875
0.25262451171875 0.0504913330078125 0.2215576171875 0.04345703125
0.177902221679688 -0.129226684570313 0.26580810546875 -0.138824462890625
0.109970092773438 -0.2196044921875 0.17138671875 -0.30828857421875
0.154296875 -0.224014282226563 0.13702392578125 -0.305877685546875
0.1251220703125 -0.230712890625 0.162567138671875 -0.2991943359375
0.208770751953125 -0.140945434570313 0.193603515625 -0.173324584960938
0.283233642578125 0.025177001953125 0.126823425292969 -0.0449066162109375
0.218826293945313 0.24798583984375 0.0618896484375 -0.111968994140625
-0.095794677734375 0.35760498046875 0.0896453857421875 -0.205123901367187
-0.267120361328125 0.226898193359375 0.3255615234375 -0.298675537109375
-0.37921142578125 0.0847167968749999 0.67510986328125 -0.095703125
-0.577880859375 0.12872314453125 0.207916259765625 -0.138229370117188
-0.41021728515625 0.283721923828125 0.0732498168945312 -0.122825622558594
-0.111480712890625 0.507232666015625 0.0429649353027344 0.0349960327148438
0.204620361328125 0.374298095703125 0.0940628051757813 0.0447769165039063
0.3807373046875 0.111785888671875 0.16070556640625 0.05157470703125
0.29742431640625 -0.163604736328125 0.185699462890625 -0.0861053466796875
0.19451904296875 -0.30419921875 0.115814208984375 -0.205780029296875
0.246978759765625 -0.31890869140625 0.0926666259765625 -0.1898193359375
0.2071533203125 -0.335968017578125 0.106597900390625 -0.195907592773438
0.3092041015625 -0.19873046875 0.101844787597656 -0.102752685546875
0.415740966796875 0.027557373046875 0.0449104309082032 -0.01953125
0.337646484375 0.340667724609375 -0.000389099121093716 -0.132911682128906
-0.09442138671875 0.550933837890625 0.0594940185546875 -0.221145629882812
-0.380706787109375 0.3851318359375 0.287567138671875 -0.2672119140625
-0.59063720703125 0.18572998046875 0.544769287109375 -0.0885009765625
-0.69842529296875 0.18316650390625 0.0238494873046875 -0.101387023925781
-0.4986572265625 0.375213623046875 -0.00402069091796878 -0.0457344055175781
-0.12481689453125 0.6385498046875 0.0472984313964844 0.0411605834960938
0.255218505859375 0.463287353515625 0.0596466064453125 0.0148086547851563
0.46649169921875 0.154052734375 0.0754318237304688 0.05072021484375
0.378570556640625 -0.1781005859375 0.071929931640625 -0.022430419921875
0.25091552734375 -0.342498779296875 0.0388107299804688 -0.0715560913085938
0.303741455078125 -0.3653564453125 0.0356178283691406 -0.0454177856445313
0.25616455078125 -0.391754150390625 0.0410194396972656 -0.0582237243652344
0.361175537109375 -0.228363037109375 -0.00220870971679685 -0.00635385513305665
0.48675537109375 0.020538330078125 -0.0491828918457031 0.0204391479492187
0.41015625 0.377716064453125 -0.0719985961914062 -0.130226135253906
-0.0732421875 0.6583251953125 0.0211639404296875 -0.210098266601562
-0.428955078125 0.485076904296875 0.223098754882812 -0.1923828125
-0.70587158203125 0.25714111328125 0.35382080078125 -0.053253173828125
-0.7130126953125 0.21514892578125 -0.195205688476563 -0.0523223876953125
-0.507049560546875 0.418365478515625 -0.108078002929688 0.05224609375
-0.1136474609375 0.6712646484375 0.0350418090820312 0.0550117492675782
0.27337646484375 0.473541259765625 0.0108327865600586 -0.0101394653320312
0.479888916015625 0.16387939453125 -0.0255699157714844 0.0454292297363281
0.397247314453125 -0.168426513671875 -0.0579757690429687 0.0480232238769531
0.267303466796875 -0.3275146484375 -0.04669189453125 0.0753860473632813
0.31134033203125 -0.355560302734375 -0.026397705078125 0.107551574707031
0.26824951171875 -0.383453369140625 -0.0274505615234375 0.0908203125
0.35772705078125 -0.214569091796875 -0.102745056152344 0.0980987548828125
0.473785400390625 0.021636962890625 -0.138336181640625 0.0630416870117188
0.397918701171875 0.36138916015625 -0.136367797851563 -0.109481811523437
-0.0623779296875 0.645751953125 -0.01275634765625 -0.175872802734375
-0.41546630859375 0.485504150390625 0.147781372070312 -0.088653564453125
-0.70953369140625 0.27410888671875 0.137115478515625 0.000396728515625017
-0.612060546875 0.21954345703125 -0.4112548828125 0.00579833984375001
-0.420654296875 0.38970947265625 -0.216705322265625 0.152297973632813
-0.07855224609375 0.578369140625 0.00656890869140625 0.072845458984375
0.23773193359375 0.390533447265625 -0.0426864624023437 -0.0204048156738281
0.40289306640625 0.140228271484375 -0.120880126953125 0.0391921997070313
0.345550537109375 -0.13421630859375 -0.177322387695312 0.113327026367187
0.23883056640625 -0.2618408203125 -0.124969482421875 0.21112060546875
0.273651123046875 -0.289459228515625 -0.0841827392578125 0.242645263671875
0.242340087890625 -0.311676025390625 -0.0920867919921875 0.225997924804688
0.303131103515625 -0.1568603515625 -0.188247680664062 0.183883666992187
0.380645751953125 0.0361328125 -0.2100830078125 0.0883331298828125
0.3009033203125 0.2989501953125 -0.177841186523437 -0.0856170654296875
-0.069061279296875 0.516510009765625 -0.031341552734375 -0.133689880371094
-0.34613037109375 0.384857177734375 0.073089599609375 0.0143890380859375
-0.603271484375 0.23779296875 -0.0696792602539063 0.0535888671875
-0.41363525390625 0.184417724609375 -0.5853271484375 0.0667724609375001
-0.26068115234375 0.2904052734375 -0.307037353515625 0.239837646484375
-0.029998779296875 0.375152587890625 -0.0284881591796875 0.095306396484375
0.156341552734375 0.234039306640625 -0.0827102661132813 -0.0118331909179687
0.252883911132813 0.0887451171875 -0.1845703125 0.03277587890625
0.232467651367188 -0.0787811279296875 -0.2596435546875 0.160720825195312
0.171112060546875 -0.155624389648438 -0.18060302734375 0.3154296875
0.191970825195313 -0.17828369140625 -0.128753662109375 0.341888427734375
0.18218994140625 -0.19354248046875 -0.1448974609375 0.324493408203125
0.20794677734375 -0.07562255859375 -0.251312255859375 0.23223876953125
0.23455810546875 0.0509490966796875 -0.255157470703125 0.0837249755859375
0.1597900390625 0.20111083984375 -0.191375732421875 -0.0703277587890625
-0.07147216796875 0.317108154296875 -0.034515380859375 -0.097320556640625
-0.231796264648438 0.230300903320313 0.00687408447265624 0.0883941650390625
-0.40966796875 0.164825439453125 -0.235702514648438 0.0894012451171875
-0.149734497070313 0.115631103515625 -0.68975830078125 0.119873046875
-0.0650482177734375 0.141983032226563 -0.365447998046875 0.304931640625
0.016937255859375 0.11981201171875 -0.0573577880859375 0.125022888183594
0.0508346557617188 0.0506362915039063 -0.0955429077148438 0.0147781372070313
0.0663604736328125 0.02880859375 -0.203933715820313 0.0268707275390625
0.0850830078125 -0.0089263916015625 -0.290374755859375 0.181793212890625
0.0758438110351563 -0.0238037109375 -0.204833984375 0.3685302734375
0.08251953125 -0.0406036376953125 -0.154632568359375 0.389556884765625
0.0952987670898438 -0.0498123168945313 -0.181640625 0.3724365234375
0.0853500366210938 0.00829315185546875 -0.284027099609375 0.239776611328125
0.0692863464355469 0.0480232238769531 -0.270095825195313 0.0564117431640625
0.02203369140625 0.0753936767578125 -0.18255615234375 -0.0635833740234375
-0.0445404052734375 0.0960617065429688 -0.0302581787109375 -0.0721359252929688
-0.0817947387695313 0.0705108642578125 -0.0455169677734375 0.122886657714844
-0.16259765625 0.08258056640625 -0.3411865234375 0.10235595703125
-0.137229919433594 -0.0149383544921875 0.38134765625 -0.176361083984375
-0.102096557617188 0.0545120239257812 0.112014770507812 -0.189956665039062
-0.01568603515625 0.122886657714844 0.0156517028808594 0.0488204956054688
0.0737838745117188 0.0889434814453125 0.141769409179688 0.0878448486328125
0.100021362304688 -0.0121231079101563 0.261260986328125 0.0153350830078125
0.0373306274414063 -0.0730972290039063 0.303619384765625 -0.189697265625
0.0103912353515625 -0.101707458496094 0.18560791015625 -0.373748779296875
0.0353622436523438 -0.0973587036132812 0.14739990234375 -0.37969970703125
0.0173873901367188 -0.09320068359375 0.184478759765625 -0.36077880859375
0.0712738037109375 -0.0732421875 0.252716064453125 -0.218826293945313
0.116371154785156 0.00038909912109375 0.187255859375 -0.0610504150390625
0.0923233032226562 0.106941223144531 0.101104736328125 -0.07757568359375
-0.05572509765625 0.125350952148438 0.097381591796875 -0.17083740234375
-0.0969009399414062 0.0552749633789063 0.320709228515625 -0.294891357421875
-0.107353210449219 -0.0157012939453125 0.722900390625 -0.08740234375
-0.3763427734375 0.06640625 0.327728271484375 -0.16510009765625
-0.263198852539063 0.177597045898438 0.106842041015625 -0.171401977539063
-0.060150146484375 0.325775146484375 0.0287590026855469 0.03582763671875
0.14678955078125 0.237289428710937 0.118522644042969 0.06915283203125
0.251678466796875 0.04425048828125 0.22454833984375 0.0384979248046875
0.1729736328125 -0.12945556640625 0.263916015625 -0.146194458007813
0.104507446289063 -0.220367431640625 0.162384033203125 -0.3133544921875
0.148712158203125 -0.23004150390625 0.126983642578125 -0.310638427734375
0.11993408203125 -0.23321533203125 0.152313232421875 -0.3057861328125
0.204437255859375 -0.143783569335938 0.189849853515625 -0.17919921875
0.28411865234375 0.01837158203125 0.129142761230469 -0.048065185546875
0.225631713867188 0.243255615234375 0.0569381713867188 -0.113067626953125
-0.08740234375 0.3599853515625 0.0837860107421875 -0.204299926757813
-0.262115478515625 0.230926513671875 0.31878662109375 -0.301544189453125
-0.376922607421875 0.091888427734375 0.67315673828125 -0.10406494140625
-0.5723876953125 0.13824462890625 0.203964233398437 -0.140411376953125
-0.402862548828125 0.290802001953125 0.0681076049804687 -0.122665405273438
-0.098175048828125 0.50738525390625 0.0429954528808594 0.0309982299804688
0.210540771484375 0.3695068359375 0.0936431884765625 0.0412139892578125
0.38116455078125 0.102752685546875 0.16455078125 0.04803466796875
0.29248046875 -0.1663818359375 0.185317993164063 -0.0908660888671875
0.187286376953125 -0.30615234375 0.109893798828125 -0.207794189453125
0.238922119140625 -0.327606201171875 0.0868988037109375 -0.193618774414063
0.199005126953125 -0.34100341796875 0.0988006591796875 -0.201522827148438
0.303802490234375 -0.20355224609375 0.100349426269531 -0.106353759765625
0.417388916015625 0.0179443359375 0.0476875305175781 -0.0212631225585938
0.347198486328125 0.333038330078125 -0.00706481933593748 -0.132789611816406
-0.080902099609375 0.551971435546875 0.0546875 -0.219390869140625
-0.374298095703125 0.390716552734375 0.28204345703125 -0.270263671875
-0.5858154296875 0.19561767578125 0.542694091796875 -0.094451904296875
-0.69268798828125 0.1959228515625 0.021636962890625 -0.100685119628906
-0.48883056640625 0.383056640625 -0.00692749023437503 -0.0436019897460937
-0.10821533203125 0.639892578125 0.0481414794921875 0.0369911193847657
0.2650146484375 0.458099365234375 0.0591201782226563 0.0105133056640625
0.46893310546875 0.142425537109375 0.0792083740234375 0.0484237670898438
0.374237060546875 -0.18365478515625 0.0727081298828125 -0.0236282348632813
0.242584228515625 -0.34588623046875 0.0372238159179688 -0.071502685546875
0.29351806640625 -0.37774658203125 0.0339813232421875 -0.0473785400390625
0.2462158203125 -0.39935302734375 0.0368614196777344 -0.0625572204589844
0.355072021484375 -0.23382568359375 -0.00102043151855467 -0.00690460205078126
0.48779296875 0.008209228515625 -0.0454673767089843 0.0206413269042969
0.4189453125 0.36944580078125 -0.0785446166992187 -0.128837585449219
-0.0567626953125 0.65972900390625 0.017852783203125 -0.2088623046875
-0.41851806640625 0.4921875 0.22113037109375 -0.19610595703125
-0.6998291015625 0.2698974609375 0.3536376953125 -0.057952880859375
-0.70928955078125 0.2286376953125 -0.195144653320313 -0.0480194091796875
-0.4970703125 0.42828369140625 -0.107498168945313 0.05609130859375
-0.0944213867187501 0.67462158203125 0.0365829467773438 0.0518608093261719
0.28240966796875 0.468994140625 0.0105504989624024 -0.0134801864624023
0.48309326171875 0.152618408203125 -0.0228195190429687 0.0449562072753906
0.393157958984375 -0.17449951171875 -0.0559654235839844 0.0506477355957031
0.260955810546875 -0.33270263671875 -0.044219970703125 0.0777130126953125
0.302825927734375 -0.366302490234375 -0.02337646484375 0.106666564941406
0.25775146484375 -0.389312744140625 -0.0273056030273437 0.0884017944335937
0.352142333984375 -0.220550537109375 -0.0990219116210937 0.0996551513671875
0.47344970703125 0.01129150390625 -0.135101318359375 0.0647125244140625
0.406463623046875 0.35198974609375 -0.142196655273437 -0.105865478515625
-0.04632568359375 0.6456298828125 -0.014190673828125 -0.175048828125
-0.404266357421875 0.49249267578125 0.14849853515625 -0.09246826171875
-0.703369140625 0.2877197265625 0.136917114257812 -0.00263214111328123
-0.61016845703125 0.22998046875 -0.40863037109375 0.012908935546875
-0.412322998046875 0.3974609375 -0.212265014648438 0.1590576171875
-0.061279296875 0.5797119140625 0.00930786132812499 0.0705337524414063
0.244903564453125 0.3863525390625 -0.0431060791015625 -0.0223922729492187
0.406524658203125 0.129425048828125 -0.118988037109375 0.040802001953125
0.34307861328125 -0.140625 -0.175048828125 0.11920166015625
0.234848022460938 -0.266754150390625 -0.117950439453125 0.21673583984375
0.266265869140625 -0.299102783203125 -0.076507568359375 0.244308471679688
0.2327880859375 -0.31781005859375 -0.08740234375 0.225753784179687
0.299896240234375 -0.161712646484375 -0.182571411132813 0.187820434570312
0.380706787109375 0.027435302734375 -0.206619262695312 0.091827392578125
0.307830810546875 0.29248046875 -0.182357788085937 -0.081512451171875
-0.0556640625 0.51898193359375 -0.0316925048828125 -0.133209228515625
-0.338623046875 0.393096923828125 0.0761489868164063 0.00999450683593753
-0.59857177734375 0.24920654296875 -0.0693130493164063 0.05230712890625
-0.412200927734375 0.193878173828125 -0.581298828125 0.0747680664062501
-0.25457763671875 0.29522705078125 -0.300201416015625 0.24664306640625
-0.019134521484375 0.376373291015625 -0.024993896484375 0.0946807861328125
0.160354614257813 0.232131958007813 -0.0824356079101562 -0.0126113891601562
0.255966186523438 0.082305908203125 -0.184127807617188 0.0356903076171875
0.232162475585938 -0.083892822265625 -0.256423950195313 0.16943359375
0.169021606445313 -0.159576416015625 -0.170257568359375 0.321563720703125
0.188156127929688 -0.184707641601563 -0.11810302734375 0.344390869140625
0.17584228515625 -0.198440551757813 -0.13629150390625 0.3260498046875
0.2059326171875 -0.0788421630859375 -0.243270874023437 0.237930297851563
0.235244750976563 0.0456085205078125 -0.252716064453125 0.0893096923828125
0.164505004882813 0.197952270507813 -0.193572998046875 -0.0657806396484375
-0.06231689453125 0.3192138671875 -0.0341567993164063 -0.0970840454101562
-0.227157592773438 0.235702514648437 0.0119247436523437 0.0842132568359375
-0.407135009765625 0.173828125 -0.234512329101563 0.0902557373046876
-0.150527954101562 0.118545532226563 -0.68341064453125 0.12933349609375
-0.0626220703125 0.142822265625 -0.355194091796875 0.312347412109375
0.0207901000976562 0.119827270507813 -0.0537643432617187 0.126075744628906
0.0516204833984375 0.050506591796875 -0.0944061279296875 0.0148544311523437
0.0682220458984375 0.0268173217773438 -0.20428466796875 0.0301361083984375
0.0858383178710938 -0.011932373046875 -0.2879638671875 0.191986083984375
0.0774307250976563 -0.0264053344726562 -0.19305419921875 0.37615966796875
0.0815505981445312 -0.0439453125 -0.141937255859375 0.392730712890625
0.0928115844726563 -0.0527496337890625 -0.170562744140625 0.376251220703125
0.0865020751953125 0.0064697265625 -0.277206420898438 0.2469482421875
0.0707855224609375 0.04620361328125 -0.2698974609375 0.0624542236328125
0.023712158203125 0.0754547119140625 -0.183761596679687 -0.0582427978515625
-0.0412750244140625 0.0976028442382813 -0.0292129516601563 -0.0723190307617188
-0.0807571411132813 0.0735244750976562 -0.0411529541015625 0.120147705078125
-0.162445068359375 0.086151123046875 -0.340240478515625 0.104644775390625
-0.137130737304688 -0.012115478515625 0.383544921875 -0.188812255859375
-0.101860046386719 0.0572586059570313 0.104721069335938 -0.195465087890625
-0.0128173828125 0.124496459960938 0.0165328979492187 0.0488128662109375
0.0773162841796875 0.0878067016601563 0.145889282226563 0.0851593017578125
0.0998306274414062 -0.0146255493164062 0.267959594726563 0.0068511962890625
0.0345306396484375 -0.0726547241210938 0.303619384765625 -0.20489501953125
0.00672912597656251 -0.102394104003906 0.173095703125 -0.387725830078125
0.0322418212890625 -0.101020812988281 0.132781982421875 -0.39202880859375
0.01568603515625 -0.0952072143554688 0.173583984375 -0.375946044921875
0.0693511962890625 -0.0761489868164063 0.250091552734375 -0.233810424804688
0.118492126464844 -0.00414276123046875 0.19134521484375 -0.0692291259765625
0.0978775024414063 0.104606628417969 0.0982742309570313 -0.0822525024414063
-0.0518264770507812 0.128860473632813 0.09130859375 -0.173919677734375
-0.0957717895507813 0.057037353515625 0.316558837890625 -0.3060302734375
-0.108131408691406 -0.0116424560546875 0.735595703125 -0.10430908203125
-0.37841796875 0.0787353515625 0.328460693359375 -0.175384521484375
-0.26068115234375 0.186981201171875 0.10089111328125 -0.17547607421875
-0.050140380859375 0.331451416015625 0.0301132202148437 0.0337791442871094
0.155502319335938 0.2359619140625 0.121925354003906 0.0656890869140625
0.255264282226563 0.0374603271484375 0.232101440429688 0.0305328369140625
0.170684814453125 -0.133819580078125 0.265182495117188 -0.160293579101563
0.0983428955078125 -0.22601318359375 0.15167236328125 -0.3245849609375
0.142410278320313 -0.240631103515625 0.11480712890625 -0.32171630859375
0.114471435546875 -0.24139404296875 0.140655517578125 -0.31903076171875
0.202667236328125 -0.151687622070313 0.187957763671875 -0.19024658203125
0.28948974609375 0.008575439453125 0.133369445800781 -0.0539093017578125
0.23907470703125 0.239456176757812 0.0511474609375 -0.116180419921875
-0.075439453125 0.368133544921875 0.0784912109375 -0.207443237304688
-0.259124755859375 0.240142822265625 0.314361572265625 -0.313629150390625
-0.379852294921875 0.10577392578125 0.6834716796875 -0.1217041015625
-0.5760498046875 0.15716552734375 0.20379638671875 -0.146560668945313
-0.3978271484375 0.306182861328125 0.0631484985351562 -0.123878479003906
-0.079559326171875 0.51708984375 0.0441513061523438 0.0281257629394532
0.2244873046875 0.368316650390625 0.0953750610351563 0.0370635986328125
0.38946533203125 0.09112548828125 0.17138671875 0.0427398681640625
0.290740966796875 -0.17486572265625 0.18695068359375 -0.0994415283203125
0.1800537109375 -0.31585693359375 0.104095458984375 -0.21514892578125
0.229766845703125 -0.34515380859375 0.07891845703125 -0.201019287109375
0.1904296875 -0.353790283203125 0.0901947021484375 -0.210968017578125
0.30181884765625 -0.2147216796875 0.0994338989257813 -0.11309814453125
0.4246826171875 0.003173828125 0.0512237548828125 -0.0245552062988281
0.36578369140625 0.327789306640625 -0.0143890380859375 -0.134071350097656
-0.06341552734375 0.56549072265625 0.0487518310546875 -0.222686767578125
-0.367279052734375 0.408203125 0.280059814453125 -0.2825927734375
-0.59027099609375 0.218505859375 0.550567626953125 -0.10955810546875
-0.69732666015625 0.219970703125 0.020111083984375 -0.101203918457031
-0.48419189453125 0.405120849609375 -0.0094718933105469 -0.04150390625
-0.08526611328125 0.65179443359375 0.0501594543457031 0.0336799621582032
0.282257080078125 0.457489013671875 0.05926513671875 0.00668334960937503
0.481048583984375 0.127197265625 0.0851287841796875 0.0452651977539063
0.37347412109375 -0.195068359375 0.0745468139648438 -0.0269241333007813
0.235687255859375 -0.35882568359375 0.0355682373046875 -0.0737228393554688
0.28314208984375 -0.398162841796875 0.0313148498535156 -0.0505256652832032
0.23565673828125 -0.413543701171875 0.032012939453125 -0.0670127868652344
0.35211181640625 -0.2471923828125 1.00135803222864E-05 -0.00780057907104494
0.49652099609375 -0.0069580078125 -0.0428123474121093 0.0207672119140625
0.440704345703125 0.36322021484375 -0.0879898071289062 -0.127159118652344
-0.03472900390625 0.6729736328125 0.0128173828125 -0.211441040039062
-0.411376953125 0.511505126953125 0.220718383789062 -0.206939697265625
-0.704345703125 0.29736328125 0.358184814453125 -0.069427490234375
-0.71429443359375 0.255126953125 -0.198165893554688 -0.042266845703125
-0.489044189453125 0.449432373046875 -0.107597351074219 0.0633468627929688
-0.0695190429687501 0.6875 0.0392494201660156 0.0487861633300782
0.30242919921875 0.468597412109375 0.00952625274658205 -0.0164079666137695
0.4967041015625 0.137298583984375 -0.01885986328125 0.0457229614257813
0.39434814453125 -0.18890380859375 -0.0544776916503906 0.0540962219238281
0.254425048828125 -0.347015380859375 -0.03997802734375 0.0815048217773437
0.294464111328125 -0.38592529296875 -0.0204925537109375 0.108535766601562
0.246673583984375 -0.405059814453125 -0.0269622802734375 0.0890655517578125
0.350372314453125 -0.232757568359375 -0.0958480834960937 0.104560852050781
0.48370361328125 -0.005126953125 -0.133064270019531 0.0687637329101563
0.425262451171875 0.3450927734375 -0.1512451171875 -0.102066040039062
-0.02325439453125 0.6595458984375 -0.018035888671875 -0.176589965820312
-0.396484375 0.51300048828125 0.150863647460937 -0.101181030273437
-0.70855712890625 0.31549072265625 0.138702392578125 -0.00736236572265623
-0.61419677734375 0.2552490234375 -0.4134521484375 0.02520751953125
-0.405426025390625 0.416748046875 -0.20953369140625 0.169647216796875
-0.04046630859375 0.590576171875 0.0120429992675781 0.07000732421875
0.261627197265625 0.386871337890625 -0.0447349548339844 -0.0236549377441406
0.4178466796875 0.1163330078125 -0.118202209472656 0.0446624755859375
0.34552001953125 -0.15325927734375 -0.173171997070313 0.129638671875
0.23126220703125 -0.279541015625 -0.109054565429688 0.225662231445312
0.25860595703125 -0.31646728515625 -0.0673980712890625 0.250701904296875
0.22357177734375 -0.3319091796875 -0.0816802978515625 0.231369018554687
0.299713134765625 -0.172454833984375 -0.177932739257813 0.197799682617187
0.388336181640625 0.013702392578125 -0.206314086914062 0.0989837646484375
0.3231201171875 0.28912353515625 -0.189605712890625 -0.0752105712890625
-0.036346435546875 0.5291748046875 -0.0338134765625 -0.134445190429687
-0.33367919921875 0.410369873046875 0.0806961059570312 0.00448608398437503
-0.60382080078125 0.27252197265625 -0.0703201293945313 0.0532760620117188
-0.415435791015625 0.2108154296875 -0.5869140625 0.091796875
-0.24981689453125 0.3074951171875 -0.295989990234375 0.26080322265625
-0.00500488281249998 0.38336181640625 -0.0215377807617187 0.0965118408203125
0.170089721679688 0.233566284179688 -0.0841751098632812 -0.0121002197265625
0.263626098632813 0.0741424560546875 -0.18585205078125 0.0420684814453125
0.234512329101562 -0.0932769775390625 -0.255020141601563 0.1839599609375
0.168350219726562 -0.168853759765625 -0.158538818359375 0.333831787109375
0.184356689453125 -0.19696044921875 -0.10516357421875 0.354095458984375
0.170516967773438 -0.208282470703125 -0.1275634765625 0.335968017578125
0.207870483398438 -0.0862274169921875 -0.238540649414062 0.250778198242188
0.240524291992188 0.0379791259765625 -0.25372314453125 0.098358154296875
0.173873901367188 0.196395874023437 -0.199859619140625 -0.059112548828125
-0.051025390625 0.32696533203125 -0.035400390625 -0.0988235473632812
-0.224075317382813 0.248519897460937 0.0174102783203125 0.0807571411132813
-0.40997314453125 0.1898193359375 -0.238235473632813 0.0954437255859375
-0.15118408203125 0.12713623046875 -0.689208984375 0.1473388671875
-0.060089111328125 0.146377563476563 -0.34930419921875 0.32769775390625
0.0251388549804688 0.12164306640625 -0.049163818359375 0.129859924316406
0.0538520812988281 0.0512962341308594 -0.0948867797851562 0.0169830322265625
0.0714111328125 0.0246734619140625 -0.208160400390625 0.0375213623046875
0.0879974365234375 -0.0166015625 -0.287353515625 0.207794189453125
0.0794830322265625 -0.0309906005859375 -0.17987060546875 0.390289306640625
0.0815505981445312 -0.0477752685546875 -0.1265869140625 0.4053955078125
0.0912933349609375 -0.057464599609375 -0.157928466796875 0.388641357421875
0.089324951171875 0.0034332275390625 -0.2718505859375 0.260833740234375
0.0730972290039063 0.0442352294921875 -0.272811889648438 0.0727996826171875
0.02703857421875 0.0766677856445313 -0.187530517578125 -0.0524444580078125
-0.0368423461914063 0.101181030273438 -0.0302963256835938 -0.0745468139648438
-0.080657958984375 0.0788116455078125 -0.0361175537109375 0.119522094726562
-0.164764404296875 0.0933837890625 -0.3460693359375 0.11285400390625
0.0218574066605684 0.144919193997293 0.396636766316639 0.203580518634962
0.106748002589593 0.067393910105703 0.238670376482179 -0.0260372015203032
0.108555235411771 -0.0680825273479083 -0.063742340889485 0.0244821479969348
0.00560914070495606 -0.134027786409759 -0.0341902810999763 0.184845994811239
-0.110969665248354 -0.0571289729355027 0.149361903048524 0.267781896126222
-0.109477634293041 0.0357748569300187 0.335640187059098 0.18640813395492
-0.103520169272421 0.0722285355177825 0.441001910756 0.0322476358240367
-0.0989251163497682 0.0715502193842916 0.451774591885725 -0.0639499441621942
-0.110478456625177 0.064892061467401 0.432889902958108 0.00552431970508301
-0.114053390297976 0.0140701328965264 0.322069732871096 0.11227205136683
-0.095128944351038 -0.0810008850123509 0.151115604679064 0.157187453479834
0.0202109745275135 -0.145816304797979 0.100606437194966 0.0446151830303417
0.113568045128118 -0.0500583900557498 0.183859436753414 -0.0365534949537259
0.081116101869902 0.0532907468551368 0.429012734798731 0.109097412404736
0.0107722770988593 0.0980505242185383 0.533117682266473 0.500272780429034
0.231002535935561 0.2874878162965 0.36094816368576 0.126801968626859
0.315841371938657 0.108625601995252 0.216826142744862 -0.0616275525215184
0.300427150638514 -0.161587739958003 -0.0857335258728179 -0.00240862215502815
0.0781724788483104 -0.306908592241867 -0.0772392100732441 0.155584379240894
-0.186863528642503 -0.210930327671424 0.094685413424728 0.271448506358966
-0.239213779102954 -0.0324380287736429 0.276589462112347 0.196936069379166
-0.262164919965845 0.0536407897138586 0.373281276790644 0.0613935843963317
-0.271837125780139 0.0803143217977079 0.382547253552761 -0.0300839919413807
-0.29187222641211 0.0646596561774229 0.36966948457395 0.0201407773718945
-0.257898898082676 -0.0449544411168291 0.24682268647874 0.101553460443581
-0.202421638062183 -0.216015588851807 0.0892269908689636 0.125976377718134
0.0491917462450821 -0.349537380162386 0.0753374567361258 -0.018440942781899
0.289799265817177 -0.208144735116438 0.187761622299747 -0.0832502754918344
0.318545191495645 0.0653080592588121 0.443782118944535 0.0761173795559053
0.241269551858424 0.249801013277198 0.543983094109669 0.437395564306626
0.415922736354881 0.399715692542333 0.271192719848206 0.0040113856799349
0.502982785001666 0.136052907334438 0.148003843772323 -0.106820034782162
0.471816119314267 -0.247047798793249 -0.1114207369233 -0.0197617192935491
0.1459047542165 -0.460206433286076 -0.108070507320908 0.118678495588464
-0.242366073922246 -0.349748142383027 0.0376943130426818 0.241470882912426
-0.338622832746491 -0.10328471373997 0.184426399764509 0.174558406973084
-0.384319905078651 0.0236664750015314 0.251119860126407 0.0770119534047173
-0.404347959601637 0.076904930381706 0.254235549765967 0.00915939784993567
-0.42887822959876 0.0604861877138199 0.249279613242725 0.0359200508888879
-0.369435722680403 -0.0871350412299087 0.131629308478787 0.0808146001438302
-0.29660598709716 -0.312406703948807 0.00692558258881013 0.0783983985829948
0.0488870357782274 -0.513451794629583 0.0320841576610262 -0.0866642377616615
0.411769502412664 -0.359408383725834 0.169897568318721 -0.127645845737846
0.512062397589567 0.0447312169688006 0.404192362630525 0.0399809293296993
0.441394271669475 0.354832293757346 0.477007766345123 0.329666372918198
0.55355579623329 0.453980946044548 0.129504294228391 -0.148317887206261
0.644603889474198 0.131620049161534 0.0291665540304404 -0.158553111978842
0.584011249734515 -0.327379555064286 -0.144075287493785 -0.0260517958027384
0.182369899654579 -0.574328098701471 -0.129848980107602 0.0749290504589962
-0.276513047930088 -0.444734885325142 -0.023090237320399 0.177515089687746
-0.39576084332972 -0.158400674770526 0.0642587827249088 0.121698859157649
-0.450136410501408 -0.0111428057190311 0.0887471775038229 0.0777640829853236
-0.475752560459045 0.0629437910430764 0.0890770327646341 0.0463709348722763
-0.499101173557864 0.0491072384409011 0.0908020164807385 0.0527978278957221
-0.424304077060661 -0.112695632148831 -0.00972028744437683 0.0565895527339367
-0.34817537195701 -0.358986426600683 -0.0893235096648316 0.021612545737949
0.0351136115313491 -0.600688892203973 -0.0251147364287731 -0.146768983840683
0.465373409894738 -0.456628366663807 0.131377009643003 -0.156439461936515
0.620675774900991 0.00871612023417605 0.31012032593363 0.0132995988579337
0.569007780492381 0.398952316156312 0.341319967963247 0.19791979003528
0.616540589503651 0.437695514976102 -0.0495236246144935 -0.306670848120896
0.693063588388744 0.0948577464789999 -0.124461994661063 -0.20334017189476
0.60585098125995 -0.3635155298101 -0.17451981666288 -0.0273573680715335
0.184866955827773 -0.596861679051779 -0.140078774796612 0.021410405896049
-0.271620364436426 -0.466605693077229 -0.0861423133998381 0.0839153674988142
-0.391042330242036 -0.185568418850614 -0.0713531194754372 0.0466193942919572
-0.445349273515858 -0.0440548213582039 -0.0898930916084551 0.0639256676478633
-0.471574300158332 0.0373951531711773 -0.0910185268151321 0.0777422263334119
-0.492138229892082 0.0249641390782623 -0.0824085843478257 0.0672992012968121
-0.409875801187152 -0.128818686095094 -0.153724041947477 0.0291835518932185
-0.332343290598187 -0.351870081889675 -0.178623173402846 -0.0401062163666125
0.0348017597351953 -0.579071554583158 -0.0772373559746995 -0.190763459420862
0.450723594686177 -0.456256700425699 0.0864366314610808 -0.160879227623316
0.615987698690075 -0.00764947009869619 0.182983087530524 0.00725972397215159
0.595323105594178 0.38908676869284 0.162214298265078 0.0645816060561536
0.585806392572813 0.347277156618878 -0.238523187521627 -0.440255010340053
0.618658500088374 0.0368128033145636 -0.281915541002143 -0.226839352828862
0.511509381304146 -0.331897694067392 -0.190343560641808 -0.0235919840995179
0.148877476630027 -0.50430658722685 -0.134649757878124 -0.0315820279451673
-0.218424902496229 -0.396166335003742 -0.137131358048574 -0.0208439547524957
-0.320192029396562 -0.175874559090299 -0.196669665015714 -0.0343694027921171
-0.369590184993203 -0.0681351849027913 -0.255323911573122 0.0419817755934596
-0.396140691252439 0.00576532850944478 -0.255809539564033 0.097556882421121
-0.408128082534536 -0.00735266249632983 -0.242234537199348 0.0710635533656917
-0.325545296452003 -0.135872557137691 -0.272013376136778 -0.00537662948852342
-0.247882651700348 -0.29662220481326 -0.237172238264886 -0.105067053129811
0.0529432899072698 -0.456550449925335 -0.101813313873728 -0.215328193734591
0.37628228465692 -0.354761374287701 0.0549961727244439 -0.142488519717238
0.504342033698813 0.000906791315018276 0.0552551750800704 0.0128909627990702
0.518795638349027 0.325855251346941 -0.021197611028751 -0.0543992699317135
0.461980964772214 0.200935642920497 -0.40771256451766 -0.522079708552053
0.434342106432629 -0.0294524949409923 -0.412324786955852 -0.222650612332706
0.320864060121385 -0.237753313433459 -0.190101640502718 -0.00993399042794264
0.0856171913994157 -0.316365873505573 -0.114378808215512 -0.0661192156880844
-0.127133369407545 -0.254063191593596 -0.16397436524263 -0.108531223400298
-0.194888583359827 -0.134424044581602 -0.286282506428262 -0.102194768739642
-0.235442206557675 -0.0791130565488348 -0.380717297071362 0.0159881722557341
-0.26012949643434 -0.0273356706400149 -0.38180012555284 0.102369326011263
-0.265974144655315 -0.0416744401781734 -0.364954333738229 0.0611950999766467
-0.195490395277301 -0.124884441056549 -0.34557781877271 -0.0486382430493333
-0.126017861165576 -0.204932836470135 -0.248575992760437 -0.166299956651717
0.0704550797267246 -0.270686325289377 -0.0922034563890858 -0.21969532815049
0.252911212300576 -0.199441566968748 0.0423002853532778 -0.111571400163294
0.32172941490223 0.0123035927515586 -0.0457917452610047 0.0185557224259378
0.36631406906274 0.215076827542674 -0.174765228425334 -0.149052748887785
0.26227214459409 0.0255905002444999 -0.524715890814158 -0.536071693776172
0.183706415619055 -0.0855839985743434 -0.500205497729466 -0.188780321671888
0.0868167351055758 -0.10822464456058 -0.179699339809117 0.0186672633487634
0.0140264409619152 -0.0873637214901098 -0.0836346305481649 -0.0686970660686625
-0.0164590619335394 -0.0776559660141867 -0.160853222683195 -0.160682218705515
-0.0385647062674015 -0.0742420599943878 -0.325389918714188 -0.146445812306706
-0.0624991276060386 -0.0787949514492264 -0.443097223756488 -0.0109388377154142
-0.0842774495910226 -0.0565759080676248 -0.451994486896493 0.091775791765635
-0.0853007751112641 -0.067101957180899 -0.433125239335666 0.0353860443727967
-0.0464487349526161 -0.0920907855214642 -0.365914637954497 -0.0937597606444339
-0.00468747424234731 -0.0864021262481328 -0.21928825893052 -0.214023905654979
0.0599853892634006 -0.0697064929049064 -0.0599983937639939 -0.204403200758284
0.0946725633470879 -0.0454437428900193 0.0413050002501082 -0.0775890174288634
0.111170728612449 0.00506584130179694 -0.113310886748969 0.0159911509775896
0.172388747556108 0.0724170917691207 -0.279139633631279 -0.209667214642639
0.0294700072906354 0.143473737563699 0.41061006048292 0.180304762768767
0.110925624126173 0.061249087939512 0.235009345113556 -0.042398460617774
0.103560118098477 -0.0745506265217152 -0.0624945423541773 0.0274481257199626
-0.00301243080275157 -0.133798426187614 -0.0226348030110755 0.187268180337525
-0.113422612232182 -0.0497140639857123 0.170664754654181 0.258997871929467
-0.106524936218626 0.0418614828132809 0.351851253431438 0.163604523772177
-0.0975156346279092 0.079094961512544 0.44409162975664 -0.00126145619626154
-0.0945743297001144 0.0793470503922527 0.446890233419393 -0.099111268329164
-0.106819828293443 0.0734056452377166 0.43533975138076 -0.0278754268784983
-0.112152505942434 0.0223450193184859 0.33304426131123 0.0888367765396096
-0.101988219372688 -0.0738072570439222 0.164245457503706 0.148318175478042
0.00854093283976608 -0.14711282313573 0.10214705557863 0.0366607686837801
0.110264726341428 -0.0578579692958886 0.178424739776898 -0.0471190189306854
0.0833739274884089 0.0488005302586027 0.434703719904707 0.0834744722455572
0.0166474888147687 0.0956584209654835 0.56709369989808 0.471666173083416
0.249417705821253 0.272602213601969 0.369671685181768 0.105554671724074
0.320950717741085 0.0881852410955217 0.210301768907792 -0.0746852042767992
0.28838083838543 -0.181109214965687 -0.0856338954509642 0.00253769805775984
0.0597595072555524 -0.312290443459736 -0.0676228621127863 0.15938479181901
-0.200312308910262 -0.19829444299316 0.116374736183531 0.267029799467929
-0.240446815151235 -0.0184423699844626 0.292805424899674 0.178318084471596
-0.258550998255377 0.0714440888583612 0.378575193714251 0.0331631536607979
-0.26793650042658 0.101298340147905 0.380629663560531 -0.0602164862081022
-0.28926023198486 0.0861162670708969 0.372604880038798 -0.00956754677053939
-0.260835382398268 -0.0285065464166888 0.256438088999167 0.0833180631144219
-0.218596555578195 -0.20215075799563 0.101514193553476 0.121274257751245
0.0241224973459153 -0.356037884322775 0.0718701071942234 -0.0250608354682922
0.277493750028503 -0.228315866995851 0.181050066731587 -0.0941097553386837
0.322934683060282 0.0458602263297962 0.449777608896343 0.0505847178750033
0.259813294602532 0.233925270656587 0.573844777872483 0.407510709806185
0.443267820144971 0.372359045029229 0.271967373828747 -0.0107383504477386
0.511399828920419 0.104236035827935 0.138291440712335 -0.114927701689389
0.451544821299827 -0.279924898362566 -0.111898335382492 -0.0121690262088844
0.11802785174467 -0.471479666574241 -0.101003795003012 0.123820821171389
-0.26690373857701 -0.333561164895783 0.0582696841618071 0.240981536516723
-0.345658166058974 -0.0833105744924403 0.198540902519156 0.163562310684564
-0.382998564883764 0.0489575816950919 0.257934957774716 0.0582510766327482
-0.401175205346129 0.108833150152363 0.255718860691999 -0.0124728826412646
-0.426059766166239 0.0925789136459994 0.251470301712558 0.0141383975991486
-0.375610254983762 -0.0639933251473058 0.139293565480243 0.0707211616528117
-0.319855213454339 -0.293037791141216 0.0162065876304863 0.0785896980082834
0.0125918440927129 -0.521324859788868 0.0223297372492273 -0.0902682861754348
0.390106174563318 -0.389368240266686 0.160741064557241 -0.137283868621651
0.516591978017543 0.0125150730656918 0.408870529105449 0.0153485266116404
0.467936847673258 0.326717887402486 0.499267190654201 0.302773186346134
0.584040265572668 0.418409068199462 0.120428834765396 -0.15426424842621
0.652564128937714 0.0919632510189886 0.0168019557336088 -0.157477568325785
0.561091616474681 -0.367075202588014 -0.14474059945208 -0.0164475894065981
0.147887843407916 -0.588183850669529 -0.125070401762042 0.0811374256289409
-0.30770105474328 -0.426323809660241 -0.00634934594703894 0.180649715596784
-0.408040846356345 -0.135292989741673 0.073610689195754 0.118623311036919
-0.451532867741478 0.0194438703204354 0.0951860483300773 0.0715486863339344
-0.474547982693064 0.100639329061604 0.0924405560328452 0.0387101610501936
-0.497940477758248 0.0865292131826186 0.0941566259385376 0.0431238799141538
-0.432813323175294 -0.0874988415784454 -0.00468836910230947 0.0562435259468852
-0.375232063733233 -0.336567723085991 -0.0851616005639625 0.0276224167546458
-0.00644670367058323 -0.609877627730355 -0.0398238810677153 -0.146075648086727
0.437637242970732 -0.491312781996242 0.121285050063876 -0.164419377278817
0.624879259253277 -0.0291159424131162 0.314357669923695 -0.00655390234157832
0.600163455797595 0.365584617855681 0.35521560713405 0.176901845717674
0.64846331206704 0.398801422332667 -0.0682356992092873 -0.302541714301098
0.699407692582355 0.0511961337858939 -0.139855008090888 -0.192100368299988
0.58080076765673 -0.404415648800439 -0.175159174420785 -0.0159306309328088
0.148074892337501 -0.614139005337027 -0.13870457318075 0.0285118796330475
-0.305729875333412 -0.448578322383886 -0.0756513463599961 0.0906132256223403
-0.405459102654013 -0.162651700820958 -0.0684439622107053 0.0530225878000421
-0.451498703408311 -0.015058935527949 -0.0847964831783545 0.0722595061032923
-0.472529412475906 0.0738935082107347 -0.0846820896680146 0.0842671221694052
-0.493031099624885 0.0622202832930214 -0.0785499743200892 0.0708497883639564
-0.418996730933951 -0.104152710311418 -0.151577197921792 0.039802635043801
-0.35863387786144 -0.329920047235218 -0.180766663951844 -0.0287744681943352
-0.00517446443919912 -0.586860894146397 -0.0943107699669107 -0.186551340299856
0.421712124955404 -0.489694804067892 0.0776525169045011 -0.166097812648375
0.619626969059071 -0.047209156025744 0.188034824124943 -0.00640766302116372
0.626706403305936 0.351084939008408 0.16642721343752 0.0524587239957249
0.613480545968917 0.310541455853485 -0.265911270416925 -0.424792810226905
0.622555218063191 -0.00190116937556263 -0.297437036361517 -0.206111902311141
0.489827871323753 -0.367470694147211 -0.190923766552826 -0.0105951165229966
0.117843477436653 -0.518668231861335 -0.136643615524062 -0.0242332692067215
-0.248909001207604 -0.383046197498947 -0.13631142563788 -0.0105657498558689
-0.334325317953632 -0.157194173582908 -0.200746536417216 -0.0188975910546281
-0.378085216746744 -0.0440856271684011 -0.252608539132597 0.0625959755887155
-0.398843556004159 0.0357469108234848 -0.248412678559433 0.117007395101698
-0.411057331699789 0.0228283289049652 -0.238806321726099 0.0877240350381323
-0.336595455370296 -0.116005357206301 -0.273813018478762 0.0126993757457027
-0.269137302645646 -0.280588048975087 -0.243509601496635 -0.0892300127983922
0.0231093503816831 -0.464478558993915 -0.120162013064386 -0.209156525842101
0.352675314311857 -0.382453843093716 0.0480759050852578 -0.146268810347046
0.507090313934427 -0.0320218798442129 0.061742016286259 0.00672682621132105
0.546181004319276 0.293179535293942 -0.0254945292080273 -0.0564941499341994
0.480316009524952 0.17156115364761 -0.439672228092282 -0.499112254433741
0.433504471210914 -0.05562889689658 -0.427564966777501 -0.193567412583747
0.305979242549227 -0.260672117645046 -0.190078167932917 0.00339625589173137
0.0675800986637135 -0.32562097095474 -0.117728404914577 -0.0603192697290306
-0.146893624221143 -0.246551786018323 -0.170558681018129 -0.0973046372327633
-0.205827849592764 -0.123129009574443 -0.296439132326168 -0.0817754985296256
-0.244226766799606 -0.0639225057497358 -0.379253511607941 0.045577950921655
-0.264743885920825 -0.00801076219486431 -0.373468063461009 0.131586934642534
-0.269781071187208 -0.0227575301504759 -0.361804966432191 0.0865570397138644
-0.205380276850848 -0.113571631590045 -0.349799390315983 -0.0245650076617869
-0.140445141796315 -0.196809508079682 -0.260781669676105 -0.150334393096048
0.0523925422260399 -0.278609404341842 -0.109197885508722 -0.212862930370607
0.239923653459237 -0.218297344219342 0.0373999898695273 -0.115571067997724
0.323360100471506 -0.00844779951400534 -0.0400943958638072 0.018737526810366
0.384821314351523 0.193061775069356 -0.186335427878165 -0.142589077214842
0.267290108366959 0.00907190631432171 -0.557075714184185 -0.505954019360497
0.178865617447925 -0.0954782445033245 -0.511697785974014 -0.153698770901654
0.0811668974498463 -0.114699706422931 -0.178489765174508 0.0311916416910261
0.00926499526051224 -0.0903238780862847 -0.0875774605396164 -0.064523359433017
-0.0232169924662817 -0.0772892830166252 -0.1726311418443 -0.15045241082036
-0.0451533404119945 -0.0715012249924053 -0.339006641553106 -0.123574411578678
-0.0706152136939826 -0.0742887693719693 -0.445236564909592 0.0243876382404396
-0.0898008349338221 -0.0502417284677972 -0.443582222520131 0.126671793532812
-0.090617582582739 -0.0614837218509666 -0.431584636793514 0.06813094419527
-0.0545727774209354 -0.0895227220479152 -0.374114226115434 -0.067732127953735
-0.0103980164312311 -0.0866092690058537 -0.235505077537709 -0.200421795645617
0.0557065747954218 -0.0757631285334682 -0.0743081444568594 -0.199298430788511
0.0916480453782908 -0.0531558191262586 0.038667901451058 -0.0823129684362375
0.112486501645479 -0.00247988209709275 -0.108447104950346 0.0204910412224092
0.180415597385769 0.0625664500463118 -0.295817458558145 -0.196155565510677
0.0359403053510342 0.139485199711982 0.413796469142456 0.154844259759805
0.111575196814068 0.0532957383992497 0.225757091931311 -0.0557279480400223
0.0967581943613742 -0.0780015411119667 -0.0597562653779697 0.0300803672554372
-0.0103223996673509 -0.13043517091971 -0.0110448232899609 0.185775522239962
-0.11296696826266 -0.0417854634736423 0.185430742172257 0.244182626175886
-0.100663468105258 0.0469283363155494 0.358818780725754 0.138194726097698
-0.0903589918702347 0.0833438653406197 0.434797528416461 -0.0324176778900664
-0.0873674046618161 0.0848652246138556 0.429851741978155 -0.12951159786211
-0.100365683931627 0.0797760727568628 0.426312871931534 -0.0587326635107559
-0.107438288593053 0.0288239252592997 0.334577724332585 0.0641334581193065
-0.105003794496608 -0.0648381861743991 0.173331940047467 0.13645372412268
-0.00216049204887846 -0.144297096445421 0.100570571080588 0.0287554395400049
0.104538565272377 -0.063969965761644 0.169691043693964 -0.0552336305930239
0.0845065845729751 0.0437837675777127 0.430537411529947 0.0578870290184649
0.0213904451712485 0.0918858337756075 0.58706108292078 0.434048615380319
0.26070569674703 0.252709206436265 0.369476920098019 0.0841953213246495
0.318995374900252 0.0684657863776 0.199564526036568 -0.0849384810157548
0.270172362993114 -0.194966489521247 -0.0836328528914827 0.00714726002077794
0.0408567659867312 -0.310775060095899 -0.0566413145661219 0.159980825708734
-0.207871215564698 -0.181696317537068 0.13391190248812 0.254942378222091
-0.236772958659613 -0.00489259033660419 0.30161018825088 0.156660746407256
-0.249431474391069 0.0850951287295348 0.37422245687473 0.00596918081467178
-0.256611732426512 0.118996417423849 0.367868715171165 -0.0869437137451006
-0.279077938226999 0.104655399652755 0.364804749752899 -0.0372790968311389
-0.257520923764898 -0.012688649035473 0.259580029713823 0.0635663602591049
-0.228183151256531 -0.183942683883569 0.110403894043395 0.113254734089795
0.000314678654315769 -0.351800316383025 0.0655482025967349 -0.0298324750983537
0.259016625616594 -0.243145049627427 0.170022345324871 -0.101320461930081
0.320679389369734 0.0271771174062008 0.44458773715549 0.024769139087863
0.269311712375756 0.214102428785313 0.590111949192316 0.367906225127201
0.457937836813896 0.338088472631245 0.266573807354848 -0.0245190413675768
0.50669692543392 0.0724203701498458 0.126812601929301 -0.118818247248126
0.423886140217775 -0.302598576348957 -0.110214243841278 -0.00497094198068527
0.0889038204459426 -0.471553159509898 -0.0918712057189968 0.126266327273991
-0.282860535684653 -0.309812238780522 0.0763357016522373 0.23340730329348
-0.344704776044846 -0.0626010807251057 0.207240575778857 0.14722871275307
-0.374024059530443 0.0712220947196114 0.257063988878083 0.0386143121661377
-0.387963340246011 0.136124745477366 0.249245665984436 -0.0311981201581947
-0.413506885618261 0.120592455297107 0.247901795334322 -0.00613601984029333
-0.37251748718097 -0.0406662014919868 0.142518949644583 0.0589887527021343
-0.33308613163602 -0.266214971528688 0.0238741511165834 0.075851501743685
-0.0213149252007049 -0.5152532631091 0.0120536243083172 -0.0904562148472712
0.359585864548442 -0.408357399124711 0.149047064523328 -0.143007238421526
0.510368808210493 -0.0177586746000271 0.404425804721294 -0.00925832886056233
0.480885142026636 0.294114472653782 0.510089594792523 0.268244084046456
0.601859448304682 0.375201217223386 0.110193784107048 -0.157238814159431
0.643769912087541 0.0517384783999427 0.00551924328540822 -0.152512654786677
0.527142824607691 -0.394533282148481 -0.142397518679048 -0.00761217745177921
0.111402361131315 -0.588803223681843 -0.118048163431565 0.0850223216253433
-0.329142209087109 -0.39843418143777 0.00960798015864055 0.17729123283254
-0.41006713082064 -0.109652072999133 0.0810142397505524 0.112528642349169
-0.444113494931255 0.0463100802317682 0.0988244887935756 0.0629715911011096
-0.461701355790227 0.132686504680665 0.0935551654267161 0.0306390506274201
-0.484968366335151 0.120657568431251 0.0945412361459764 0.0330238344708544
-0.43148853426281 -0.0611400415787792 -0.000737498135453329 0.0547920083468394
-0.391063617963464 -0.304947760552456 -0.0791367618781353 0.0312965864274082
-0.0464381886433642 -0.600536592742416 -0.0521855059421256 -0.140792435602401
0.400609795505382 -0.512297288950393 0.109700753421019 -0.167287762943035
0.612331468306521 -0.0654737095700715 0.311450158413451 -0.0256400342580704
0.614117969250123 0.322698062350492 0.359638994421694 0.152105458791209
0.662026390720796 0.352468622267573 -0.0830134696079005 -0.291725890416655
0.690872549830613 0.00986070421094889 -0.148738616537702 -0.176804891699665
0.544275750922172 -0.43587488910523 -0.172698440320131 -0.00422924303837825
0.109967074807975 -0.614375008533314 -0.133943300988829 0.0340438976929205
-0.330070187737211 -0.420497885043108 -0.0645956844108828 0.0935397839043628
-0.410619471026728 -0.136383317130703 -0.0630182697130794 0.0574145738184991
-0.446565593040233 0.0129209066457449 -0.0772868149667467 0.0765978709570878
-0.461906573033208 0.106850458898081 -0.0766171292446122 0.0879334988466142
-0.480968819959229 0.0964077532833796 -0.0737374543972459 0.0729393694827948
-0.419311941836273 -0.0783754156975019 -0.147000507981354 0.0481950846047525
-0.373909000806384 -0.300689623936874 -0.177032652755821 -0.018083369065458
-0.0417033844744755 -0.579963148232693 -0.108347855837316 -0.176711986806843
0.383677757743848 -0.509772038468893 0.0669845963488954 -0.167973648065821
0.606342462795715 -0.0825273345458909 0.18789146424589 -0.0198882365164965
0.640257217526483 0.308362953134195 0.165841702881855 0.0402809164078784
0.624378834441389 0.267420840441353 -0.28449932548513 -0.401905208490963
0.611234967445983 -0.0370036283387681 -0.303658953817817 -0.181311081725793
0.457529929346221 -0.392622228151564 -0.187843118906446 0.00193391458609638
0.0867531674222309 -0.519079829823108 -0.135705729131005 -0.018865293078952
-0.269888449829891 -0.360580695204261 -0.131392496899647 -0.0025184974470899
-0.340707638789331 -0.135586179890651 -0.198855020162688 -0.00502298510220153
-0.377764409567392 -0.0199024995001338 -0.242030543375773 0.0794352577725155
-0.391859323498535 0.0641787682397909 -0.234936256646825 0.131870974122399
-0.402960011943928 0.0510247975931984 -0.229563575680083 0.101126594753927
-0.339074608196461 -0.0956072732346089 -0.269473827976094 0.0308889644543312
-0.28238313250477 -0.257994706117728 -0.244455860393916 -0.0738321672043132
-0.00753898135072173 -0.461064512292562 -0.133012776373724 -0.196725999765954
0.323913042080837 -0.401259132310936 0.0397383412857169 -0.147650334525978
0.497108044617975 -0.0615296021364922 0.06482971301536 -0.000690090717925498
0.557886743880444 0.255196121893876 -0.030750689586709 -0.0567434048172177
0.483017201287244 0.139905573165319 -0.459156613512434 -0.464687270013711
0.423660853711952 -0.0779244704196423 -0.429119647882595 -0.161897726636221
0.285514136929753 -0.275910996848212 -0.186113475479373 0.015728886202416
0.0476499485396957 -0.327587643309194 -0.119749268665994 -0.0538296322782366
-0.161803085104568 -0.232806158770552 -0.171913058623586 -0.0860852645503648
-0.212274908668867 -0.108569384794073 -0.298178610407807 -0.0606820391860466
-0.247283368357775 -0.0471993349582998 -0.368684443566922 0.0718507691230752
-0.262749298347617 0.0110739179698758 -0.356238507099351 0.155255081351667
-0.267188534131167 -0.00352233507068075 -0.350102463031733 0.109878798065529
-0.210574893867409 -0.0999925609772263 -0.347205858202752 -0.000676029632957978
-0.150703920644879 -0.184816291197412 -0.266536972728737 -0.131674155256388
0.0341218265832378 -0.279976676258908 -0.12147330838647 -0.20119282762968
0.222579001088517 -0.231480348818469 0.031590340503349 -0.117316941819499
0.318669826985233 -0.0275575649356662 -0.0341752617541905 0.016663736766384
0.393238807533893 0.167132256014721 -0.195299741679805 -0.131706766074785
0.265457754449409 -0.00698541337026633 -0.574243151458369 -0.467017077332046
0.17097072513048 -0.10238376552554 -0.509727595772643 -0.119644395835824
0.074132395960255 -0.118340496402552 -0.173104219149886 0.0416493619870349
0.00441930651191058 -0.0910506937888583 -0.0898369279227601 -0.0594411134685428
-0.0286639920399128 -0.0745525639524393 -0.178897580837026 -0.138534979975197
-0.050681325263283 -0.0671716845114545 -0.343203231008487 -0.0991299157804715
-0.0767059197017673 -0.0687560441090513 -0.435379188409456 0.0551059045386598
-0.0930490060431386 -0.0434461207566737 -0.42498729357529 0.156218562709706
-0.0943107204217147 -0.0543662361809094 -0.418797280051646 0.097734850575911
-0.0602908725466438 -0.0858297220631364 -0.373193394495192 -0.0408371377252908
-0.0158057685049871 -0.0849782792919177 -0.245137597553889 -0.182260352012815
0.0499741783769755 -0.0798308518252245 -0.0847525649751784 -0.1901161366315
0.0863300767902786 -0.0595894263009623 0.0346322646745818 -0.0854850602518789
0.111164461100491 -0.0101031229314623 -0.102544154034596 0.0232874128608872
0.183687499580451 0.0509571725942694 -0.306131813865638 -0.179136149889867
0.085867204413265 0.115043017012337 0.429911143167109 0.00301599964248756
0.122606823640868 0.00666341963030515 0.182581111192389 -0.122506075874549
0.0611544979413759 -0.105014394730237 -0.0428852426839512 0.0551551194151388
-0.0562016478853325 -0.113438777276672 0.0606619210809324 0.177631105589163
-0.113536177932894 0.0021922929377739 0.257983705868564 0.15791819052145
-0.0699708609512686 0.0770502864007146 0.377614182620432 -0.00382899412233511
-0.0510566013876077 0.107186177254874 0.386912020003318 -0.190580073335909
-0.048092428424369 0.105354708354368 0.341594125958449 -0.273897321901274
-0.0625468691697734 0.107687528147534 0.367756406597117 -0.20466432798148
-0.0884304485311712 0.0609492652995874 0.331033739884699 -0.0570792817423033
-0.11739528382074 -0.0212318105329191 0.208795599097485 0.0641245082058079
-0.0516190147160148 -0.129792928941783 0.100161196076078 -0.00348810196060101
0.0735556950777913 -0.0940187680502541 0.132830204551168 -0.10390622366491
0.0883753030967723 0.0111759336297137 0.413606319620394 -0.0842233006733889
0.0445004835775189 0.0764900162679387 0.673755467773799 0.210739181225902
0.336606675534896 0.139589140034685 0.355739420816433 -0.0419666836150729
0.319554193553451 -0.0543420175408968 0.142251343802308 -0.130891231547392
0.177388300630784 -0.274173455452588 -0.0684237529071405 0.0541213298732957
-0.0763118816873957 -0.29725065291671 0.0180618679597813 0.174141383478021
-0.248956105367794 -0.0914567417980403 0.222287392465514 0.182279584097321
-0.212590837753547 0.0763397431035577 0.335923203350777 0.0284673849287148
-0.199141179508009 0.165639534963819 0.350237531084049 -0.136045433677375
-0.190143107628901 0.194645946407533 0.300760018614729 -0.217603893093148
-0.216478580474434 0.192446910171373 0.318306590549064 -0.166234428016136
-0.239596897172717 0.073692490622739 0.264344412057302 -0.0335758865081191
-0.270329801552877 -0.0877812923265339 0.14841362330718 0.0634193792856632
-0.120402455655091 -0.322631032076379 0.0491738252422493 -0.0407016100146047
0.154961434025933 -0.309511531227852 0.114720569318576 -0.143884105019985
0.300481222551591 -0.0841348420261749 0.412429293465771 -0.125632202938312
0.316150238297309 0.109309134341011 0.654211447606217 0.142347561038789
0.551924966667504 0.148126883510658 0.217501677079698 -0.103020068945111
0.494145682253857 -0.117581318922981 0.0601062104859629 -0.129268740800507
0.278108434143116 -0.427535412466846 -0.0927876727416846 0.0628859771391328
-0.0939629162631845 -0.462228328662113 -0.0176570775928035 0.159949143873844
-0.361913562941743 -0.182258362050928 0.16925578950332 0.179700904181539
-0.332520278139991 0.0607901442738935 0.249779931356114 0.050460794001495
-0.320806579959337 0.196582195541472 0.259737186539748 -0.0644708639709233
-0.303899482414779 0.256023074780021 0.213701876169947 -0.127396515042875
-0.333572520418484 0.253358801093029 0.222248706090402 -0.098724457607265
-0.35568880371245 0.0865970541690179 0.157905096468941 0.000209621922216677
-0.39407389389481 -0.127856783575792 0.0599520059969696 0.0582719502736345
-0.19632164949809 -0.466166381014601 -0.0180533853407644 -0.0746130524591403
0.190828643423963 -0.495293529381563 0.0787885153208059 -0.172977401089631
0.459380622025489 -0.189035330435722 0.362792631942732 -0.146607435757082
0.54256140137735 0.115492747638375 0.547651342535125 0.0674886919161447
0.69772745724956 0.130955353780575 0.0245362697843412 -0.170026540767505
0.613519228761501 -0.186383019037938 -0.0654765776570557 -0.112947595564633
0.338259296699976 -0.550111119838056 -0.119034887403615 0.0792874111005662
-0.116476128217204 -0.578821308576185 -0.0497683352672242 0.134147041052645
-0.436890947492268 -0.246925552417436 0.0931997065125832 0.150067993058622
-0.409470862985047 0.0403952875758568 0.123767738234004 0.0605348522149317
-0.397596017312957 0.198550858787099 0.126892296503968 0.014708495758882
-0.371159231695926 0.278139764756339 0.0957334324415864 -0.0181536897564675
-0.398298452459998 0.276940937475105 0.0955463470421209 -0.0103186405291933
-0.415877323248607 0.0877472676429097 0.0261626039363301 0.0448845414728745
-0.459707432268996 -0.144451901761446 -0.0470510858392928 0.0520710651973234
-0.247283580043756 -0.537064482923762 -0.0919386695410431 -0.0980303437700525
0.192776357596996 -0.604111669397285 0.0333798796300667 -0.182203673448656
0.539805705724302 -0.267820003592648 0.271089337990937 -0.135828278267002
0.67634073137403 0.098184639994291 0.371250320497234 0.00481316272410547
0.745175441654339 0.0874822539292445 -0.199530355135541 -0.227371065576071
0.640874092174334 -0.238791385655269 -0.214395094989079 -0.0811450059436735
0.340519535421634 -0.594298031883408 -0.143728422825867 0.0943793250030144
-0.127521719363337 -0.602777292604088 -0.0814412593005342 0.0928266444471457
-0.447674775669999 -0.267443640305149 -0.0019687819115617 0.0980893695313461
-0.42149972029668 0.0162984957268536 -0.0268859919233625 0.0613021165950072
-0.414308027920527 0.169220645075389 -0.0281177017446505 0.0917599277562068
-0.381977677002054 0.255132569532878 -0.036173673210198 0.0952897584877686
-0.40452463267792 0.253432190449733 -0.043095034586876 0.0842223699569885
-0.410616175536406 0.0685667054018349 -0.110085623883913 0.0888899233948909
-0.442181448731676 -0.145729189385329 -0.153999987449401 0.0411232742932343
-0.236500382897768 -0.519533959556875 -0.15410896074333 -0.112808457945716
0.17904785489859 -0.595709760689118 -0.00478364139817654 -0.168931978019346
0.527680593011866 -0.281864108350704 0.159344638023311 -0.091101198376097
0.698254747700103 0.0769993095527016 0.157110741477095 -0.0372009240510184
0.675242982767072 0.025476907469869 -0.417957979378175 -0.262044538754589
0.551321289077362 -0.253354257004945 -0.354066915292701 -0.0364954288458147
0.277622117353903 -0.524434012519868 -0.156905612466051 0.0993877516207217
-0.114724373852925 -0.509536002462756 -0.105328536455115 0.0424110472423685
-0.373739481382344 -0.232849917040712 -0.100381731272086 0.0340758414445017
-0.359984844968568 -0.00658880263639323 -0.174781858091182 0.0544955450676351
-0.362731027631613 0.115060393115565 -0.179427837019052 0.155641286641195
-0.334758010364334 0.193301428061504 -0.162422676129208 0.193059080480024
-0.348926873753295 0.185849498972485 -0.174235868637047 0.165405863813644
-0.342946154651753 0.0276332087571172 -0.229081570049302 0.115872494150019
-0.344630160126528 -0.139173026782934 -0.23713777022062 0.0151014840797249
-0.164152119747474 -0.422027008302386 -0.18394358203114 -0.124645094515037
0.160865133610557 -0.474290034248072 -0.021299740956684 -0.144538171474834
0.436344998739423 -0.22493832242535 0.0540827822578447 -0.0328241297725423
0.605299074304213 0.0546705490374497 -0.0527082353707283 -0.0611448682109067
0.499134320880243 -0.0421261854229797 -0.593853205739198 -0.264992454043342
0.362691810391615 -0.222527235994482 -0.456085516597782 0.0149880244585416
0.162848053124687 -0.355580942746036 -0.154824145484996 0.0986699847121658
-0.0789415116442791 -0.318916944190918 -0.112817412236169 -0.00168985875183729
-0.231658759702266 -0.155169360691845 -0.174311535501781 -0.0263631016144593
-0.23576646274035 -0.0263651074025345 -0.287884299241642 0.0429961812076203
-0.252043787300844 0.0447903567520262 -0.300705787962717 0.19756313416995
-0.23660448610124 0.101788733589028 -0.264212869385744 0.261288466206364
-0.244744137032456 0.0894687612859104 -0.279777222801012 0.217310978689373
-0.227618833356568 -0.0197944284382039 -0.312718071658843 0.115424485228166
-0.199935704680104 -0.117947240603172 -0.281248254101662 -0.0286913893395892
-0.0644655969070253 -0.269788225376017 -0.175759692881317 -0.136685087192377
0.123722493024393 -0.286342048247173 -0.0151420199205866 -0.117591725035069
0.283696590921394 -0.13403375146178 -0.0294399825445812 0.0178298430796021
0.424190607663943 0.0260527253310441 -0.225765627076685 -0.0726812079843534
0.240568359149918 -0.0992137872433757 -0.692203820551699 -0.231734129012594
0.119721526282031 -0.152117680861135 -0.50954767946592 0.0692540040341982
0.0257972893964877 -0.134746334299917 -0.139549502880141 0.103585217623651
-0.0305536305903964 -0.0869692323486341 -0.0994807714464342 -0.0230521907903538
-0.0558166948831176 -0.0576758160335504 -0.20802820291275 -0.0694491634829361
-0.074745701865079 -0.0441795465646632 -0.347451269584729 0.0290201267597348
-0.100971046689296 -0.0348997660886748 -0.372670127080573 0.209088243633289
-0.101778491132495 -0.00544422086823277 -0.325419742321832 0.290988863467584
-0.105563707902273 -0.0166776733370416 -0.346356069145307 0.232195508385979
-0.0849777044738417 -0.0561407297325762 -0.352818625324123 0.0892122510741909
-0.04320196394087 -0.0727680237420075 -0.284146224397217 -0.0802233214143495
0.0183087397708305 -0.0918353522417249 -0.139565779936096 -0.143062179495373
0.0573960670954739 -0.0843499676050428 0.00113544138680748 -0.0918167686152034
0.100198494421757 -0.0475337478238242 -0.0875371815958996 0.0487887015033719
0.19163565463574 -0.0129046239209807 -0.341267273043225 -0.0739977654833477
0.0871558498012484 0.110704477343353 0.424404157299043 -0.0081755786919822
0.120201707697762 0.00366767499096336 0.174235552960552 -0.124290676568793
0.0576147084609167 -0.103960691948737 -0.0407754528362013 0.055836278133403
-0.05807668298746 -0.109964302017969 0.0668333289022839 0.172250590733344
-0.110508496851351 0.00505523655088614 0.261986515079262 0.145540663259302
-0.0651880051570368 0.0768972314232683 0.374753963460279 -0.0189369793703912
-0.0462722133745515 0.106764459754323 0.372806363482865 -0.202758407769484
-0.0424862435204579 0.106300849520752 0.322843853283673 -0.282823229791412
-0.0567623773065791 0.108918776056491 0.353222485170244 -0.218121774523559
-0.0840275196615995 0.0626882322807016 0.324498259379489 -0.070478798226059
-0.115395811285881 -0.0162727530645484 0.209649744223573 0.0553935954860423
-0.0558071091476444 -0.124999396398733 0.0968989391325592 -0.00573894611628189
0.0694583319309102 -0.0953381493308838 0.127058185039718 -0.103699195192849
0.0869401968219703 0.00862759736665621 0.404934574302979 -0.0932615043316863
0.0443851004217842 0.0730760832691517 0.672440680645373 0.189987406107724
0.335539370634251 0.126329927732295 0.351023137383566 -0.0497461258277016
0.312366835774699 -0.0620209074696053 0.135587612103304 -0.131051800014398
0.164975133346295 -0.273693042368802 -0.0648283917228906 0.0556775370017105
-0.0845001000550105 -0.291687488511428 0.0240508322558726 0.170500983625501
-0.247284892352113 -0.0823179352308824 0.228271938887466 0.17050538789626
-0.206857264422462 0.0806418776477346 0.3339119172644 0.0147845171142246
-0.191262694232564 0.169001571427413 0.33830427588911 -0.146920472981844
-0.179280292512785 0.200419458639789 0.284056769283381 -0.226402238057489
-0.205593422087258 0.199266657423847 0.306415092463669 -0.178206150246856
-0.234028428751148 0.0794402898826765 0.259337212214696 -0.0449818287355379
-0.268609841296482 -0.0764729261091258 0.150209871139085 0.0558487094942441
-0.130505466843362 -0.313441175939087 0.0454238386901277 -0.0402320227802427
0.141903207695921 -0.311282813047449 0.108374371262169 -0.142742733985126
0.294353554742537 -0.0916140785197755 0.404951921903885 -0.135085388940078
0.315398103517164 0.0965588742601911 0.649004035759594 0.121952283230174
0.546544826539086 0.128504219470738 0.212275987628822 -0.107060661293773
0.482788723991821 -0.129449771514874 0.0548656074871584 -0.126265231162687
0.258302992419301 -0.428218619248697 -0.0880527949347207 0.0652540746036723
-0.106153405034026 -0.455748286617566 -0.0129306791916809 0.157305256333786
-0.362244584471607 -0.167827455944703 0.175655601434871 0.169382497096895
-0.326223278484993 0.0698611331791589 0.249401559631191 0.0394805852464202
-0.311408062787888 0.204119240890827 0.251858135126844 -0.0742240725896068
-0.289789873951783 0.26620978131987 0.203734270221592 -0.135025318164844
-0.318692165545122 0.264238155638701 0.212995227157223 -0.107975361041042
-0.348248506959193 0.0954666971622701 0.155215104595009 -0.00662597830096973
-0.392340855635105 -0.111779720103099 0.0624555661164142 0.0535463976303218
-0.210148692088265 -0.454675759954592 -0.0221731898336926 -0.0710562875706138
0.171919597581026 -0.49689580465924 0.0732593554050776 -0.171495898891003
0.44892382376202 -0.199690792731808 0.354108445638569 -0.15575026686642
0.539306029115405 0.0951642700696005 0.542616692805544 0.0504594902325056
0.689883443879568 0.106714294658897 0.020413290301047 -0.168214134843956
0.599884075223111 -0.199260778363681 -0.0667053993923342 -0.107054511839658
0.313350130917765 -0.551072428751347 -0.112537261094298 0.08262675552929
-0.133265151262579 -0.569878940933284 -0.0460351999347469 0.132940960283743
-0.439773486983541 -0.227441065790227 0.100518804038469 0.141996211485837
-0.403086300933841 0.05219446527844 0.125325773569407 0.0543620709114198
-0.387561367822028 0.208544557507483 0.125154914089525 0.00861904298913454
-0.354866244207529 0.292318358811539 0.0927604882623037 -0.0226999104774314
-0.381364315010208 0.291033854483141 0.0918721026052526 -0.0156029629906874
-0.408482090673089 0.0992431826985011 0.0263259246700996 0.0427338536423857
-0.457269844477547 -0.125544699828697 -0.0440797243021099 0.0516686545206212
-0.264186625952585 -0.523975827743746 -0.0954684263223932 -0.0913177491545428
0.169443026102755 -0.603572245282862 0.0281814461643485 -0.179976223095618
0.525824699592827 -0.280347275327155 0.263508543462254 -0.144619875912651
0.673401243686553 0.0735710570957766 0.365821108342722 -0.00632858558647307
0.737629661411268 0.061950799270995 -0.20219632366745 -0.219455558324122
0.625756201531211 -0.254859946298221 -0.212039886361703 -0.0719880792573741
0.314767345174399 -0.594544141012519 -0.136537926649931 0.0976350430110162
-0.145927069270395 -0.593798163336457 -0.0788371891683392 0.0934714531870561
-0.450656066225827 -0.246725887703862 0.00356693455445015 0.0938205902568208
-0.41694290945652 0.0296915105938296 -0.0237218169886453 0.0606932076281194
-0.404844277314031 0.181766775824333 -0.0238006727768579 0.0903216318966404
-0.36690979073205 0.270285923194011 -0.0316751774930175 0.093581824725712
-0.3876079909609 0.266747773008869 -0.0407372044918521 0.0838519358477189
-0.404763084322802 0.0795112897288683 -0.106371045431318 0.0916580594464663
-0.439315725105038 -0.1275758375379 -0.150257374995205 0.0443997558626726
-0.25209377557693 -0.505741164825694 -0.156536263997613 -0.103945157670148
0.157203555880392 -0.596070411775999 -0.00896892546189282 -0.16765977087684
0.514022369378028 -0.294211956620837 0.154241359794382 -0.0985139268615185
0.693121098404171 0.0516928210526407 0.152290310091357 -0.0413622569659886
0.667052800430374 0.00246180121349091 -0.41866283898814 -0.248281881756231
0.538426984706823 -0.263757011015294 -0.348203750914373 -0.0249320805009528
0.254171723049773 -0.52727835317699 -0.149376141918029 0.103932634284341
-0.130859361535343 -0.502336367791939 -0.104115336948358 0.0448441091879781
-0.376626616658959 -0.215845042283158 -0.09625727909581 0.0342212454939402
-0.357260883898223 0.00619890126497934 -0.170548090995965 0.0594872528905505
-0.356804094431818 0.127608721171717 -0.169406918091827 0.158976452039441
-0.323160854082688 0.206596780353133 -0.151402038280596 0.195146736993224
-0.336610805669815 0.198149609180178 -0.166080885979304 0.169584358825589
-0.339633151350767 0.0375429214502944 -0.222429538889223 0.123460951811832
-0.343567212450635 -0.12600708426603 -0.234207268510823 0.0222686543823574
-0.17736204196752 -0.413974442831462 -0.186211069287198 -0.11517270777221
0.142357221193885 -0.476645940168903 -0.0248841775776982 -0.14357510803034
0.42316391737037 -0.235003068524053 0.05224266588148 -0.0380884432649398
0.602952055159024 0.0324841227666994 -0.0565638789519387 -0.0589135360243989
0.491024618358422 -0.0573606076120406 -0.591278097248206 -0.246712199958713
0.353937882627207 -0.227359770195834 -0.448049809160998 0.0277697766225463
0.148883941633033 -0.356862562772829 -0.148115403847053 0.10277680893504
-0.0883824353129905 -0.314853622708535 -0.112908183671289 0.00227876954787298
-0.23460370851258 -0.144476202860596 -0.172442171405374 -0.021731057429519
-0.235590031501547 -0.01696258756231 -0.283249680715444 0.0525383366645342
-0.249702427544045 0.0545668552636099 -0.286898016462106 0.204402110793999
-0.230327960507017 0.111351357085054 -0.248053725942213 0.266220933563411
-0.23894579249324 0.0982783881736539 -0.267342139323961 0.225535499343889
-0.226867534640302 -0.0120203015748077 -0.304063117478773 0.126627017415003
-0.200996115264173 -0.109643115657625 -0.279346187754552 -0.0185808298048018
-0.0742120583030738 -0.266522602474769 -0.177665648474963 -0.127543404862864
0.111532912763228 -0.288164193464798 -0.0184234834275946 -0.11759523488814
0.276600080218569 -0.140686555204372 -0.0284917271074191 0.0133876284438857
0.422548064933105 0.0112979009012967 -0.226997013447342 -0.0649273076420093
0.235759540164218 -0.10561433635622 -0.688162833807221 -0.213152188154131
0.115812742981097 -0.152047940011488 -0.498640660650116 0.0811749559475532
0.0222474203070299 -0.135349534213078 -0.134037725742075 0.10658743615511
-0.0332301675810489 -0.085845086692982 -0.0996762393572114 -0.0187678750485932
-0.057880451263044 -0.0541522700198009 -0.208433331230961 -0.0621615091938025
-0.0759316243112785 -0.0402560157705307 -0.343919796748856 0.0410108452975669
-0.102502793717818 -0.0293469177895338 -0.357085660232809 0.220156204683738
-0.102031658808368 -0.00028452289207289 -0.307011292458046 0.298442344566428
-0.105972149604685 -0.0123814093280983 -0.331153256663912 0.243133860862511
-0.0878837502493551 -0.052159629406092 -0.34376562393589 0.102819111262487
-0.0464173638614065 -0.0710138912202444 -0.283676170430397 -0.0673826560291486
0.0131920055864687 -0.0927453802638842 -0.141234326065174 -0.135706800981352
0.0531370480806855 -0.0858358642975601 -0.00183413268208397 -0.0933541788819341
0.0983152875220184 -0.050000536578282 -0.0853825883476355 0.0474614459742214
0.191745147560996 -0.01996717198899 -0.341334928982208 -0.0627711577072928
0.0898799497960647 0.108160312649074 0.42626187864607 -0.0190246108135401
0.11916300446762 0.000492059942393722 0.169710289957736 -0.127557895775089
0.0550284713578834 -0.104615767551118 -0.0385273901867697 0.0576447210046105
-0.060679614062018 -0.108668961199753 0.0735817365862904 0.169625895190158
-0.109806141553544 0.00770449822536612 0.269587857618415 0.136041412703206
-0.0620782187418163 0.0775653335190298 0.376606229608949 -0.0336186098998864
-0.042513228324698 0.107616086317976 0.363746753010365 -0.216677256691782
-0.0381164135750299 0.107950569569182 0.308744164349745 -0.295228717827224
-0.0515306805965602 0.111662071370568 0.344839542169568 -0.234629441004728
-0.0814517589314082 0.0647856292132443 0.32279206326125 -0.0849852835576895
-0.115527641643102 -0.0119987588840383 0.21298481676615 0.0475509437282471
-0.0600946963780931 -0.121983630001693 0.0957224400810166 -0.00798828746212393
0.0656860529721018 -0.0978556956195661 0.12412694136039 -0.105043717994751
0.0863211789922163 0.0059763478197085 0.403889997879801 -0.104320661431395
0.0451206724122189 0.0710418217581617 0.679377557811151 0.170903024909632
0.339158296937721 0.114948263998705 0.350666739699571 -0.0589831780832737
0.310332165283429 -0.0706012868434293 0.131773621865956 -0.132882883797019
0.15544118469453 -0.277690721949311 -0.0624159401536656 0.0583857120894239
-0.0928909255509768 -0.290538144365771 0.0295552080312579 0.168698370309401
-0.249285623501208 -0.0748667575683857 0.236912298948572 0.16103054338268
-0.204609992879261 0.085970538790615 0.33694966300044 0.00186612564830275
-0.186461516676721 0.175496217998161 0.332311522179196 -0.160778791039489
-0.171459871770867 0.209354795995101 0.273117495513344 -0.238119295007219
-0.196865719051698 0.208145969729327 0.298281398075178 -0.192939597706626
-0.232683357826131 0.0864319708620924 0.257947523227262 -0.0568899881224566
-0.271424869473921 -0.067248512138091 0.153231136457264 0.0501515343158527
-0.141811758734238 -0.310230177858166 0.0427662935999902 -0.0403954919777959
0.130800364173926 -0.318566849388655 0.10481675268446 -0.143963826840804
0.292049126536558 -0.101460227229197 0.39984323805221 -0.146249826331599
0.319412037063154 0.0854524037040483 0.655351056591513 0.102673679417974
0.551377297765459 0.109540835736684 0.209455388707348 -0.112553417777725
0.479043360683781 -0.14296020302417 0.0523483105710546 -0.12559844293904
0.243848712539741 -0.435636905899419 -0.0839145668281969 0.0683640132398182
-0.121137527752644 -0.453897043999734 -0.00821752215459051 0.156683209814167
-0.366845422673723 -0.155369345051681 0.184443370084934 0.160956373150636
-0.324659301719639 0.079065204281523 0.252620728112493 0.0298664206773516
-0.307232905523811 0.215724798327559 0.24864052696795 -0.0838467212342055
-0.278858624900965 0.279966587907359 0.19555916183551 -0.143654349405047
-0.307357854440369 0.277980718640865 0.20706613709761 -0.118891069569157
-0.347679311690001 0.106499311236617 0.154851276683203 -0.0140070071739002
-0.395928731173562 -0.0980774297825243 0.0649307303751113 0.0498716288573605
-0.228122829872723 -0.449750292445182 -0.0257382716531077 -0.0684337419264772
0.155255759570373 -0.505874041390221 0.0688320923783542 -0.172771233800943
0.445856718360952 -0.215406823621589 0.349648741678877 -0.168289418970846
0.545311961987689 0.0767733666313056 0.545798087832519 0.0350313799772587
0.694764028429556 0.0822000264282483 0.0155165705766006 -0.168099445590196
0.596489973022167 -0.217318781180037 -0.0687697543516069 -0.103460032297529
0.294199847783705 -0.560716003753775 -0.108050509995779 0.0869357385758649
-0.154131348734452 -0.570527502260073 -0.0433573709525644 0.134306349341514
-0.447481407046678 -0.212034223602083 0.108169397941313 0.135790164199901
-0.404292169678166 0.0651078179571069 0.128419224439619 0.0488993563950679
-0.383811923604572 0.224649914718652 0.125112890627981 0.0030635067975066
-0.343863225179706 0.309543138719033 0.0902567556092423 -0.0277365329020882
-0.36943830150696 0.30679236171668 0.089314897254049 -0.0210414682203583
-0.408386188197485 0.112030034014866 0.0273107165634687 0.0410140074180578
-0.460927873203282 -0.110572187145852 -0.042345623654536 0.0515035570506847
-0.282950967633673 -0.518251543865267 -0.100126390730038 -0.0867346591626459
0.147757305464301 -0.612694065166108 0.0235111387541913 -0.180602048200323
0.520037533596171 -0.297684523824977 0.258172717716475 -0.15444082336417
0.679689420393611 0.0507265062554194 0.365935152706836 -0.0172939035080501
0.740626820637309 0.0381590944973037 -0.208939772347062 -0.215083113668591
0.621995204908664 -0.271886804560941 -0.213066847709331 -0.0644214115791479
0.293477412585612 -0.605497258783089 -0.130906415051175 0.103214412100848
-0.165893996533633 -0.593610710492759 -0.07770065761152 0.0957385036460334
-0.459233789419031 -0.230942536613634 0.0091341672641002 0.0911922171496125
-0.418138558140637 0.0437789092569315 -0.0222602770982732 0.0608394439728683
-0.402403846353487 0.198459631025905 -0.0204868096536237 0.089860796427706
-0.357367978926924 0.287175657726911 -0.0290967528166653 0.0931918907009645
-0.376508407664682 0.284726175029096 -0.0390729192519658 0.0842255167220634
-0.405819395336347 0.0933428422167508 -0.103513162326455 0.0960127128039122
-0.444476276498463 -0.112231026742592 -0.149500400162808 0.0481857396572026
-0.271676752423831 -0.500524374004791 -0.161036263350134 -0.0974354502141903
0.13450946131131 -0.605130603607192 -0.0137656544300017 -0.168353628765431
0.506828585426106 -0.310850248821717 0.15039043016204 -0.10668708572915
0.699731131490552 0.0277741239106436 0.15022889471799 -0.046661348242814
0.670149416825763 -0.0194326150269498 -0.427354534008263 -0.237458924606985
0.535396165332925 -0.28001615500173 -0.347774891148526 -0.0142886615480075
0.236646831228827 -0.535601414023259 -0.144110063789561 0.109344000866626
-0.147422905983528 -0.502582679803516 -0.105082715203612 0.0486292202917709
-0.386051977362719 -0.202225213545685 -0.0939932833480994 0.0351911997915045
-0.360138114160004 0.0189697682885184 -0.169788067014174 0.0652253008307532
-0.355847885414208 0.142921531245984 -0.163321204390104 0.164106040457837
-0.315701054064486 0.22271605564056 -0.143413178652658 0.198828120601336
-0.329317406501832 0.21359625251594 -0.160057740476523 0.176002159721908
-0.3416130916104 0.0485754604119477 -0.218324512684778 0.133291018167122
-0.348297938041327 -0.113678476957131 -0.234259235148435 0.0302923119029997
-0.194494046810776 -0.41026499387504 -0.190270903694485 -0.107908196605779
0.123359492573987 -0.484061287390796 -0.0290810869762422 -0.144760358322115
0.419345815211662 -0.249168210144815 0.0502107242608689 -0.0438799984707937
0.607792602229271 0.00998010326517987 -0.0601271950464706 -0.0575600103698578
0.491587006546356 -0.0738130466543007 -0.599271625307304 -0.231747160508647
0.35142488899816 -0.238534469252146 -0.44645412783718 0.0409105399957728
0.136299646261556 -0.363445848532332 -0.143700356816014 0.108273403095148
-0.0996867613022063 -0.315707198629626 -0.114750321855551 0.00736512185533392
-0.240508922458522 -0.135011176312746 -0.17346837165411 -0.0175862115943199
-0.237766785754882 -0.00722716469025478 -0.284290553383849 0.0627623544208275
-0.25105051251657 0.0651191879222811 -0.278394514672939 0.214831179754469
-0.227111579567372 0.123552294738459 -0.23636869990195 0.274514675828443
-0.235891931846272 0.108790280502661 -0.257757159013165 0.236733465643236
-0.230097918514678 -0.00451160799884775 -0.299899148010595 0.139841378335577
-0.204875101620849 -0.10249387288612 -0.28164014963293 -0.00807031061454596
-0.0849472665221893 -0.266794321777723 -0.181750405042974 -0.121329710031501
0.100071165330627 -0.294950718336769 -0.0229250101341546 -0.119753941744313
0.273904864683857 -0.149822181601773 -0.0294729448525802 0.010839277444406
0.426845914412151 -0.00497409063194555 -0.232595458697257 -0.0589547099003728
0.233241796416274 -0.112381704168453 -0.695005838479278 -0.195932093187965
0.114155723127031 -0.1549094950344 -0.495568129518904 0.0958200999122266
0.0176163318933492 -0.137411105805806 -0.129882036947096 0.11185400641734
-0.0360595671557705 -0.086574811923152 -0.100542726043925 -0.0147670531171902
-0.0602220575935314 -0.0510440186887662 -0.212463998133183 -0.0555879458183155
-0.0786751338223443 -0.0353982939447489 -0.345015046620938 0.0536788746817266
-0.105373290881031 -0.0233815901646615 -0.348663547985009 0.233939916524986
-0.103099164042566 0.004706118241242 -0.293902844661043 0.308195604003797
-0.107903309833784 -0.00740278604692102 -0.319886397241953 0.258086211832944
-0.0908773196546346 -0.0485420511060641 -0.340698829418221 0.11794584770822
-0.0488810401133322 -0.0690065117667384 -0.287287674141526 -0.0561242879381574
0.00809091588742235 -0.0946753519694967 -0.145130729322083 -0.130743760091297
0.048899906573836 -0.0887925772771247 -0.0055662051818909 -0.0962677751824676
0.0982456275868202 -0.0534576421914329 -0.0842125168807611 0.0468602763119482
0.193957033207801 -0.0277595632846037 -0.347493696194797 -0.0518057969088879
0.095006469881658 0.104852131270489 0.431276365525181 -0.0381012779635501
0.119088236593039 -0.00489524149581687 0.164329851234782 -0.134223009815801
0.0512197708249227 -0.108018917988317 -0.0360388401449314 0.0606521029184653
-0.0662268287488755 -0.107379391137302 0.0834922210787338 0.165517560183785
-0.109519571693299 0.0120465018257205 0.28055513489741 0.120992908332705
-0.0584652351810778 0.0788090598926226 0.380202566593129 -0.055914821028149
-0.0373621565997626 0.11007034942429 0.35348155470412 -0.238483366327924
-0.0319572184579154 0.110365931081432 0.291726249120408 -0.313384316639313
-0.0440764518107755 0.115236972153536 0.331894066500212 -0.258158050053245
-0.0781469820501994 0.0694207792380214 0.320673345791932 -0.105093704083824
-0.116217140339167 -0.00597815955718045 0.218115877358452 0.0366478899424069
-0.0669426638498861 -0.119080804359918 0.0945117064235769 -0.0118401104980882
0.0600844016859522 -0.102004981633012 0.120222681555754 -0.1088614505661
0.0856557513904258 0.00252429045978349 0.403929644344343 -0.122018000415568
0.0469769816735526 0.068457070895933 0.694465348908223 0.141661104458538
0.345871498085516 0.0982041886638932 0.352178979927018 -0.0742138146253132
0.308443303908679 -0.0855864256113425 0.126814327730798 -0.137788611055527
0.142445645994562 -0.285930249498451 -0.0582145055045365 0.0622303153671821
-0.108023190197212 -0.289527826547161 0.0382469224967803 0.166777020738264
-0.254209051436807 -0.06326151294931 0.249268003413952 0.146576804317031
-0.20186885237589 0.0950459509897547 0.34171542760924 -0.0183849378608904
-0.179846462833797 0.187039792935985 0.324641290695573 -0.180751817143018
-0.160384420028444 0.221633936718646 0.258631600449347 -0.2543780627096
-0.18460594197352 0.221721202038853 0.286800520436761 -0.214056208898461
-0.230934440218156 0.0987981102586583 0.256594297423282 -0.0728579682836073
-0.276077752320066 -0.054203837816181 0.157886844691657 0.0414306776406229
-0.159719418206804 -0.306153722171533 0.0400945871865475 -0.0420639060898976
0.114870605955481 -0.327964965561718 0.0997442969678971 -0.148509376693611
0.289615240892325 -0.115810741416849 0.39811792175816 -0.165215094069542
0.325485720735321 0.0690033372179099 0.667515013571147 0.0725998498450172
0.559194308796981 0.0811572364869883 0.206670417714178 -0.121644208068672
0.476299444075837 -0.167343369029737 0.0473544508370576 -0.127253691735994
0.222861346437573 -0.449471620623364 -0.0789993857719419 0.0732329954032209
-0.145322305479207 -0.453952268404521 -0.00169299926287495 0.157219911560792
-0.377972334678312 -0.13793082068097 0.196648822459728 0.149443573637474
-0.324721437487137 0.0948441690124968 0.257038263052749 0.0153995958220376
-0.300174841727357 0.234503235681022 0.245085640381148 -0.0993723928354411
-0.26522546928672 0.29994721556121 0.186574142906859 -0.154811486244779
-0.292812624338115 0.297956079854231 0.199037139780796 -0.132710857902367
-0.346884843637462 0.124386599770158 0.153667416033175 -0.0239266714014956
-0.403768663102393 -0.0792262005967557 0.067914099393466 0.0460203337055579
-0.253208637886875 -0.442865262986345 -0.0297981630644953 -0.0668676493054847
0.128163229958528 -0.517587074871648 0.0625306084460606 -0.176586019282593
0.439295690132681 -0.238204623007462 0.344674993220799 -0.185692246495109
0.553456190061749 0.0472307161669827 0.551312475606995 0.00894777897633194
0.703117047377541 0.0474677299798202 0.00723653055782861 -0.169752464862327
0.590426694553313 -0.246122106266071 -0.0726014403716966 -0.0996459646662838
0.266358177430483 -0.576440568723343 -0.10137904924626 0.0926265833109169
-0.182413122007994 -0.569747322384286 -0.0385782647379729 0.136638068968249
-0.46156447260824 -0.190593838457297 0.118009401325302 0.127911261564741
-0.404295324672022 0.0860803708997702 0.131506687965102 0.0416044061092951
-0.377157040043665 0.247220982019125 0.125326497870468 -0.00499431337949051
-0.328268998001545 0.333644842882957 0.087462526414772 -0.0331563762969726
-0.353093248517592 0.332740484673006 0.0866370125401679 -0.0280348276522532
-0.408624631945256 0.133631626091759 0.0284683258368072 0.0390826331815454
-0.46987874554162 -0.0872382218811316 -0.04059536249201 0.0531340275941614
-0.314686215624364 -0.509575061589808 -0.10548791732122 -0.0812907341208888
0.115921134632388 -0.62720974407227 0.0159638124024039 -0.183576817921867
0.510808848752917 -0.325911761657428 0.252393518492915 -0.169487640711717
0.69032061913597 0.014186200045114 0.367354686095884 -0.0351897718684072
0.746498741693509 0.000644057221777227 -0.221524787513751 -0.206377708840425
0.616663664910535 -0.303184477598245 -0.216495897191511 -0.0548092976815402
0.264292492708745 -0.621652390121065 -0.12363260473092 0.109719049857244
-0.199021500257077 -0.594461045389229 -0.0751335470916456 0.101424876283691
-0.475939506468691 -0.20860624216222 0.015776211616829 0.0881825891770316
-0.421150284284019 0.0664263348696463 -0.0201434449067199 0.0619364538495224
-0.397769873316282 0.223716619944285 -0.0157134974331365 0.0901272038919856
-0.343322704363493 0.313111657840439 -0.0248917729476565 0.0942505204282749
-0.362273364751287 0.309408951990644 -0.0361920622792384 0.0857785170792379
-0.406818498197773 0.114350586265505 -0.100746856106796 0.102662461622067
-0.453184703959442 -0.0926272678821607 -0.149099650850153 0.0564915142313578
-0.303403720975101 -0.493563000377483 -0.167167667740599 -0.0887547481065462
0.102511586490002 -0.618344071278878 -0.0216162882993676 -0.170108923047448
0.498771516783723 -0.337976396677675 0.145715065499981 -0.117525040031732
0.7099554461953 -0.0110984530270696 0.147995570774639 -0.054895440183619
0.674879139601063 -0.0534712290408817 -0.443170876254903 -0.220703306569928
0.529033819069974 -0.308351832992506 -0.351067203076561 0.00152925969150692
0.211181444954533 -0.552598841129289 -0.13769479994061 0.116799208740588
-0.174696811321955 -0.503413496277469 -0.104703595574975 0.055606451265807
-0.399976633737389 -0.182528423502774 -0.0917480684715328 0.0381629822468212
-0.364159416244299 0.0398418770639632 -0.169683143102952 0.0750345751095401
-0.354125974181637 0.166232822528801 -0.155104782080158 0.172388878954344
-0.305613056992575 0.245057225609872 -0.133096968720986 0.205929037730636
-0.319154288157925 0.234690621949223 -0.151673377280693 0.186240228681352
-0.344657559642906 0.0669669607774628 -0.213179257447207 0.146651568023984
-0.356187512338255 -0.0975147674017239 -0.235882891406897 0.0425021068264863
-0.219498066451329 -0.406235560324464 -0.197223291467084 -0.0983573558788263
0.0985329302736579 -0.495371120050147 -0.0365188922932826 -0.14642340784987
0.412781225505041 -0.272657600107201 0.0462194088866375 -0.0503976413633575
0.615620143966332 -0.0232865867966938 -0.0653508659446386 -0.0558197088789255
0.492068624797992 -0.0987430280715692 -0.617200598920558 -0.207797819189094
0.346915898781027 -0.255986017108584 -0.447605309954435 0.06020756421582
0.120058658763688 -0.373266756464834 -0.137440001910815 0.115961842749728
-0.116331921723597 -0.316344120559975 -0.116093668053137 0.0146979405522789
-0.25018687149948 -0.12274985316096 -0.175515565654773 -0.00985041504297857
-0.24148388590291 0.00610516664480267 -0.286226476195736 0.078995101122025
-0.251781565243136 0.0813779848488437 -0.26835267141673 0.230438821940382
-0.222889067052009 0.139797436811538 -0.221379615641085 0.2873445340219
-0.231830961739524 0.124909114558846 -0.245049346430515 0.253286410107309
-0.234441838172154 0.00819843822932973 -0.294735182829264 0.158200622509697
-0.211352948137431 -0.0926990012937991 -0.28381249617064 0.00743043355120853
-0.102346576264697 -0.266198763598512 -0.18902600753338 -0.112472005314694
0.0837031530956726 -0.302966220022424 -0.0293477135635486 -0.122105186900887
0.270694792954243 -0.165088160602891 -0.0307976451396724 0.00926229133017972
0.432751046491169 -0.0291990594030089 -0.239266112821238 -0.0474520549757874
0.230410536939632 -0.125124762441317 -0.711416967448373 -0.167461391424218
0.110950779585727 -0.161071844888021 -0.497043299117879 0.118075210967371
0.0117125937632686 -0.13932868981009 -0.124127833356595 0.119453784442553
-0.041029836619836 -0.0872759308165917 -0.102671031677999 -0.00756073176588948
-0.0632079233529192 -0.0474935903055511 -0.217753119812252 -0.0455662898854672
-0.0817393226754431 -0.030378254502076 -0.348014035138119 0.0741973530032156
-0.108926309438084 -0.0162286562718944 -0.337171735033057 0.253617775935733
-0.104313271861178 0.0126062571684312 -0.276577312254872 0.325184910989926
-0.109944582436968 -0.000731239062441252 -0.306035027155261 0.278232106803781
-0.0954183474992625 -0.0435224700375268 -0.336041773498325 0.138275879792743
-0.0531915977158265 -0.0667669796667783 -0.292910990228845 -0.0408315242105468
0.00106269472097549 -0.097301463498443 -0.15246599791042 -0.124035294835568
0.0432195728536229 -0.0933863888913593 -0.0123857290070595 -0.0993433198283808
0.0981905745204967 -0.0598649061467904 -0.0841774591311767 0.0487737713199525
0.196588472157494 -0.0390318590459966 -0.354938676472993 -0.0352231576596132
0.0998274192196831 0.0977580062340724 0.428116577501699 -0.0643730058863461
0.116612650114849 -0.0116883997264563 0.155545542538776 -0.14181051199974
0.0443028504558005 -0.110717291505425 -0.0316566940302815 0.0636352145935659
-0.0725468881445051 -0.102679947243656 0.0941835113921103 0.156724726015665
-0.108080466626054 0.0182658551702161 0.288721699662625 0.0983557609886772
-0.0528124337638108 0.0800155119383029 0.376820026013469 -0.0845328002939565
-0.0300357357254544 0.111389133974186 0.334618024149415 -0.261219174466301
-0.0237235971379878 0.112008472338986 0.265707189587627 -0.329288222554522
-0.0343727573198582 0.116998046288909 0.309186207697031 -0.282541503398936
-0.0725581019688693 0.0734738108107288 0.311223381835854 -0.128547662674353
-0.115730364647882 0.00180600531107479 0.220636937728818 0.021191799765004
-0.0741862568095946 -0.112507421849792 0.0920995537509815 -0.0172005840163377
0.0526452446938957 -0.105145685883991 0.113637272427758 -0.11381149460556
0.0838767441475946 -0.00221806294315977 0.395211808525013 -0.145011566164796
0.0492909870133432 0.0648204681799529 0.700931949546543 0.098090192118802
0.348361665819778 0.074211025231672 0.346436220548806 -0.0943569079762197
0.299984751688977 -0.104688046487802 0.117978250890582 -0.143154477637375
0.123544961168768 -0.292542101929858 -0.0525155683859116 0.065346716412127
-0.12619236215472 -0.28255269139888 0.0482785554240833 0.16138491265932
-0.257038597514635 -0.0467037085702052 0.259977811903527 0.126284360938162
-0.195438018121486 0.105662887987903 0.339680934580458 -0.0436654064678985
-0.167660127697955 0.199185516303738 0.309581529449315 -0.202958306760002
-0.143223497615161 0.233030313441101 0.237373575910203 -0.26885895655525
-0.166479039309966 0.232794686096531 0.266561322658105 -0.234833941366258
-0.224217564616933 0.113534204357331 0.249228833919642 -0.0922943917100681
-0.278713864588986 -0.0353853519544616 0.16045002807127 0.0299225878833373
-0.181170337572543 -0.294586166835877 0.0362538786190319 -0.0433706983968301
0.0910487086411486 -0.334932668949956 0.0916063939835341 -0.152216757363619
0.280417995186896 -0.133782729924122 0.385350099856037 -0.188997038713471
0.328178295686325 0.0463259672891778 0.66922097522344 0.0305914683775377
0.559349702717176 0.0428812356504309 0.198201473076098 -0.132229503922723
0.462987400269319 -0.195164506840076 0.040154155006269 -0.127583055493737
0.190673711616602 -0.458425853939111 -0.071009095639646 0.0771821022621871
-0.173835212700326 -0.444673524997275 0.00692129711437215 0.155394710986699
-0.383969544068536 -0.112439131483272 0.207614595325294 0.131250913816136
-0.316979642440088 0.115038442633065 0.258067577875221 -0.0040452756041831
-0.284653103576978 0.255368316315463 0.235872165551808 -0.116966020076219
-0.241527950453945 0.31934919508837 0.172036226675989 -0.166848309143931
-0.267449228901607 0.317642426860464 0.185693806157394 -0.148398150810155
-0.33926244430571 0.147214274230781 0.150162446258058 -0.0352183319866212
-0.407203989979279 -0.052267250056908 0.070745005699208 0.0400484974950579
-0.284862378897096 -0.425515309585457 -0.0352682054040396 -0.0639341606320355
0.0923573005975549 -0.526290434211434 0.0519866498775385 -0.178662659020847
0.42325649465693 -0.267225833877203 0.330748850667042 -0.207142940679328
0.554428974539515 0.00879636598323459 0.550986276596971 -0.026131359415791
0.700432564785373 0.000170912662365314 -0.00370707489190665 -0.167805056762298
0.574008371861412 -0.283740285483697 -0.0781795113330537 -0.0932225175430508
0.226568265361841 -0.589414969420015 -0.0920791660726308 0.0974400670676077
-0.219455977499768 -0.559149772146202 -0.031434044736695 0.138397521134121
-0.471988157727841 -0.158425098088612 0.127989335950248 0.115457780296764
-0.398393784517876 0.111564209286847 0.133703445862324 0.0318822689612605
-0.361516840273618 0.274112306145739 0.123909619200079 -0.0147568565171663
-0.302233741325363 0.357517134205242 0.0819715297966097 -0.0394124254224618
-0.325450592378205 0.355534205970902 0.0810025117333289 -0.0353419102631709
-0.401122934739598 0.160665707671313 0.0296480978491594 0.0371887810023937
-0.472616964752778 -0.0565851298173617 -0.0372293502982949 0.0551743968741362
-0.349809223767355 -0.489031264216372 -0.11149486821861 -0.0736271654356513
0.0719093277075123 -0.634316865851631 0.00473483388640303 -0.18412498042324
0.489410573481824 -0.358604228644986 0.239467557117361 -0.185053808121584
0.687392871669468 -0.0343123319700521 0.36236619143862 -0.0588720375272713
0.742186435161717 -0.0497745539069875 -0.233781808497546 -0.190552725767094
0.597172985871215 -0.342348698556906 -0.218496364733571 -0.0402467667151426
0.222522595690985 -0.6361669997413 -0.113299781407116 0.115163426994609
-0.237260114548029 -0.584322869573027 -0.0703264406159234 0.10660812395235
-0.487337200522615 -0.173100097074559 0.023452597681824 0.0826466833309486
-0.417068799827144 0.0939252619261211 -0.0168788577486644 0.063778072881386
-0.383701491204786 0.252568178124156 -0.0102174860804429 0.0892102539394815
-0.318654163648301 0.33827548304622 -0.0197850602074856 0.0947425458503155
-0.337161719668699 0.334254348861562 -0.0317972870218161 0.0873049671859078
-0.400785141990065 0.141898949878698 -0.0940226962731837 0.110305943320112
-0.456236492708742 -0.0618821485680398 -0.144668177166788 0.0654459381831185
-0.338152689014238 -0.474706357367348 -0.173177158562946 -0.0775431773384409
0.0595062003816897 -0.62312205155333 -0.0327852038563701 -0.169489248442877
0.476224638654692 -0.369624376895921 0.134974463678783 -0.127563725173897
0.706235353178687 -0.0609570792086847 0.142369489697529 -0.0641336713619436
0.666883976344631 -0.097778706849167 -0.455583939283788 -0.192255565886771
0.510546955439994 -0.34004448087002 -0.349190173411815 0.0237202362169512
0.175027674066365 -0.562042984482729 -0.127026484828253 0.123258670189103
-0.208166188060363 -0.494406608526953 -0.101795600630933 0.0637150489495265
-0.411107712479701 -0.153256764498368 -0.0878393282130374 0.041838266686198
-0.361041023430772 0.0644226095596203 -0.166346443756685 0.0876661014094801
-0.344150957478186 0.193068774612733 -0.142471330385445 0.180863506423973
-0.285918303321003 0.269153055958331 -0.118208849717933 0.212542258979353
-0.299704579218226 0.256901252693844 -0.138126422546823 0.195171502146721
-0.341749295064405 0.0907393337630633 -0.202596860767478 0.162588238360057
-0.360683561174283 -0.0735035446052326 -0.231610682073688 0.0580853749102912
-0.249542603835819 -0.39179941085695 -0.202913329548237 -0.0852326116978948
0.0607988726130968 -0.499594136990753 -0.0472870336224114 -0.145643024929124
0.394339871336942 -0.298815257102702 0.04097574147645 -0.0549919255116491
0.612526317176555 -0.0668498148050242 -0.0702785523948188 -0.0516917013197706
0.484054173779836 -0.130802574413844 -0.629090550476008 -0.169573525632694
0.332922862316799 -0.277887603949452 -0.442919365785576 0.0875354489253024
0.0952648562317324 -0.3794706028291 -0.127878812178812 0.123456173841705
-0.137950802829997 -0.311638706390026 -0.115032163067849 0.0242113223956735
-0.257209883707174 -0.103971473533629 -0.17607162645652 0.000560396871066315
-0.241025412497133 0.0246160382183419 -0.281986304997455 0.100798330745485
-0.247458717863945 0.102120846125639 -0.251447992450924 0.246802940298094
-0.211333836691684 0.15781233932182 -0.199595397643161 0.298077042788376
-0.221540859211658 0.141929331959992 -0.225128306156343 0.268999620532889
-0.235742482218754 0.0250361472017526 -0.281904245903989 0.180623300020021
-0.216239122478983 -0.0788337737069717 -0.28256753157458 0.0273116986859939
-0.122441848909183 -0.259858176589109 -0.195476784160209 -0.0992062143319845
0.0603109929806353 -0.30748918745302 -0.0395072585530067 -0.121584929724168
0.261246985331652 -0.182581881935437 -0.0317944825969116 0.00865404846322525
0.430912132115075 -0.0611897644042754 -0.243465427099686 -0.032582133892029
0.222597675197215 -0.138632824247141 -0.720081840651095 -0.124774088178244
0.103577389555775 -0.167513268828192 -0.486957036296636 0.146442318952096
0.00310649832798523 -0.140672070268431 -0.116072599055764 0.126238432758886
-0.047090273717219 -0.0859181741528385 -0.101823237515261 0.000885185290770951
-0.0660368736784413 -0.0419215411984491 -0.221023435207805 -0.0300472368162268
-0.0831604827572603 -0.0230999177999814 -0.344615353524757 0.0998423499684101
-0.11100844275814 -0.00711390699494088 -0.31752795672927 0.275786210103086
-0.103054817764189 0.021732117776894 -0.251001545441316 0.340154879361631
-0.110561205888245 0.00909097210159039 -0.281961298726532 0.298270038280851
-0.0998394499455814 -0.035843338079205 -0.323715230341923 0.163878408422635
-0.0578339465845829 -0.0633582076946014 -0.294233612267053 -0.0193721917484858
-0.00755082546212519 -0.0974793527033843 -0.159928843961365 -0.113242824228335
0.0356387540785944 -0.0962136164198218 -0.0214697788952852 -0.0999639927630928
0.0953577988276808 -0.067429001477763 -0.0822813406503244 0.0521333698996374
0.195544537679726 -0.0543652103643447 -0.357539490038545 -0.012496426622527
0.119074992295317 0.0686224368076833 0.392430051788433 -0.129596343942356
0.108256290343669 -0.0370710418512537 0.125139660905182 -0.154192239222264
0.0227312969229471 -0.112372371047678 -0.0133939506284522 0.0713751048995121
-0.085247281694879 -0.0825039694067015 0.122841163436442 0.131716136259903
-0.092986987249629 0.0340535384235962 0.295144179836445 0.0373310586618177
-0.0308592711015428 0.0760104393553722 0.343079129607283 -0.150520543917623
-0.00736309276487952 0.107459976709925 0.275240025087601 -0.31219325019002
-0.00543029010533133 0.103969315652931 0.196175037863002 -0.35600903102508
-0.0129388173601993 0.11240595684949 0.251784924278549 -0.320279777686531
-0.0591408908674968 0.0790913045862763 0.282575466569897 -0.174018475566817
-0.109685696915516 0.0191636650694918 0.218320201677557 -0.0134159724439304
-0.0913069811220042 -0.0968380912219685 0.0885084875456606 -0.0255646725395844
0.0302456443436739 -0.109650086232448 0.0937701890069508 -0.121815742260332
0.0740708199942138 -0.0156357461634874 0.364453402039079 -0.197577328716679
0.0544719448211564 0.049059586008809 0.688038985349263 -0.000634519566496732
0.350029259511235 -0.000148379589798575 0.304566846723488 -0.134002441069004
0.264852546610888 -0.159931228355569 0.0894619863581478 -0.139063799229612
0.0639790115315761 -0.300522613173806 -0.0252502209011878 0.0838206504177364
-0.172427008373237 -0.243713572616072 0.0893071961953701 0.146911861824362
-0.246162887570785 -0.000127450059798102 0.275916071117422 0.062637438133381
-0.162484880117182 0.126173889298285 0.315763886158082 -0.109698374404245
-0.125137893922984 0.220960855330535 0.264120208277407 -0.256835829331881
-0.0990436313167627 0.239996793815482 0.176391679975751 -0.295270867783401
-0.118775648827373 0.249502673017449 0.216934057246646 -0.26863430362888
-0.199410297314724 0.144814826337706 0.229160697037297 -0.12951277393675
-0.272372461170115 0.0119354569126025 0.16365216777279 0.00257362224276609
-0.228109493979318 -0.254621511976635 0.0338669831994076 -0.0393039563468342
0.0292338543939403 -0.336386710528219 0.0645433316873062 -0.150657673319324
0.243370833189688 -0.173899692906983 0.343741063676769 -0.243154137947712
0.321985429515307 -0.0121903496376032 0.644522049516493 -0.0661986601157805
0.541878670262094 -0.0672553297952253 0.154081856539342 -0.136226756611469
0.403310281243346 -0.276073097536703 0.0185398257111344 -0.103825040302102
0.0981188551627146 -0.47173295613509 -0.0339101011037934 0.103882074437928
-0.250274186282003 -0.39093029695844 0.0577760252005929 0.151241967427946
-0.379996635956688 -0.0389620082540805 0.231126171318332 0.0708059769191092
-0.278263976735066 0.157971314627882 0.244088611233325 -0.060871175938461
-0.229321379516912 0.300045665755235 0.212526816707081 -0.166106327722452
-0.176706041176619 0.339942453262939 0.129989560657164 -0.189620915261946
-0.200802324811222 0.351139316918639 0.150833212677406 -0.17334760650456
-0.305416496369292 0.198759867211494 0.142743072459815 -0.0603113574995601
-0.398258722831365 0.0184711774260766 0.0804320374153944 0.0248965793760961
-0.35364017855097 -0.364658349878248 -0.0351203790437418 -0.0461100480909423
-0.000169544362904376 -0.519453795615153 0.0200611375497288 -0.167472087620741
0.360936745312794 -0.324317501519411 0.282372480954363 -0.255177592166167
0.535928032448972 -0.0839067149385043 0.516956347623317 -0.109834066903518
0.666225466104421 -0.132645784527073 -0.0458688696453046 -0.130256923608088
0.490561477111732 -0.378863098588109 -0.0867694226979616 -0.0446019247523187
0.109201146420246 -0.60336183993858 -0.0450927706215084 0.130865749560351
-0.317329476636169 -0.49219123845068 0.0248819835479782 0.14341584691183
-0.474338961477067 -0.0673402345891451 0.155167683083976 0.0656141482961567
-0.358562342526591 0.171585049537981 0.13281209320199 -0.00726775921489045
-0.300680659504919 0.337614035403622 0.125073976792135 -0.0513204704994099
-0.227330966657257 0.388787204752778 0.0649612796487443 -0.0559995334315683
-0.248701443805743 0.401576085954178 0.0680707620967075 -0.0495186539057402
-0.362080444722466 0.225166675266409 0.0381516593627187 0.0276086120808962
-0.462146748496167 0.0258469232746176 -0.021086047175576 0.0544940675912113
-0.430309274903348 -0.413055898250995 -0.107729770744989 -0.0437220433556658
-0.0380980719135324 -0.619638980149539 -0.0277524754669927 -0.163695449755847
0.411049518007621 -0.423115170883975 0.192015719877521 -0.222815278659848
0.660695365163461 -0.144253028732527 0.329213912565996 -0.120575836399049
0.691697976927021 -0.186515136188565 -0.268106961661976 -0.112021911072517
0.501242626912611 -0.435500750161256 -0.210981621804457 0.0302617615950707
0.0945763494505049 -0.647368912050105 -0.0600754052542586 0.153019361708987
-0.340871089529876 -0.513298081453145 -0.015462846234171 0.119998633542522
-0.494270731762768 -0.0783273868952657 0.0496860119890253 0.0527197388807013
-0.381360229373586 0.161939718970072 -0.00480096890420194 0.0496642405369674
-0.327668607493884 0.323193397730517 0.0158223750199786 0.0714776722412531
-0.247472860176757 0.378077658493071 -0.00949569431758458 0.0866217863307976
-0.264368037294758 0.383920087582906 -0.0206814876926415 0.0857896897528064
-0.363501412268142 0.208745166362915 -0.0707971317625495 0.116396664525351
-0.447711900228051 0.017727246757377 -0.123458169387576 0.0805830752416743
-0.413853057846149 -0.400222263456507 -0.168659769360632 -0.0397103355246242
-0.0495217098417933 -0.607224921015527 -0.0623095810921522 -0.144352090061398
0.397134361996668 -0.433240195841119 0.098332896935462 -0.152025632806717
0.675221281036803 -0.170818919742669 0.115097390317324 -0.096964265307785
0.608707187998602 -0.216039405771068 -0.476507246381199 -0.0795935592719622
0.41879841664065 -0.417301045234929 -0.325019592186137 0.109083469363066
0.0639580186203892 -0.567766636901595 -0.0747317445275707 0.15843760241504
-0.296944215822365 -0.433797396834703 -0.0571076206016834 0.0830418367090841
-0.418992019501767 -0.0715388341315705 -0.066326009615079 0.0368686334817186
-0.335481099033471 0.127673761095988 -0.142774034402503 0.101239055095506
-0.299773320885796 0.259277390315502 -0.0963687317776337 0.184565942847937
-0.226263829739453 0.308059577461583 -0.0827040798077562 0.214861900127208
-0.24108873650946 0.305994932113796 -0.104851769453033 0.205525688301825
-0.314250669575891 0.15101557824897 -0.1682710451483 0.184559625358721
-0.356958626993686 -0.00795511514431477 -0.209441600027674 0.087581734125185
-0.314091990986001 -0.33440959011842 -0.200312559827332 -0.0448579504741531
-0.0264370159419406 -0.488692921921188 -0.0728835138660025 -0.122753153066477
0.332477515828056 -0.351438348300375 0.0193455439663269 -0.0676106349550462
0.584594441189632 -0.161109374982833 -0.0869057312280147 -0.0546137930877254
0.425719084970751 -0.210435959536852 -0.631635888881519 -0.0368942396327389
0.26065344802569 -0.320782872961723 -0.40507411277724 0.176464447140715
0.0215365834961878 -0.379306088818555 -0.0840650666503982 0.151215550265777
-0.195536107925661 -0.273544801142015 -0.0861412937919647 0.0460273853457188
-0.266932846436839 -0.0513308234812367 -0.16092788719734 0.0201012656100415
-0.230104741034674 0.0713311131640901 -0.250884322217354 0.137854075316832
-0.223753102273966 0.155037421840303 -0.190631268276974 0.271367492321897
-0.173599859196389 0.191599389592491 -0.143423621626519 0.310776194029264
-0.186326262539269 0.182358413035962 -0.17523702236716 0.290829873197444
-0.222167729615254 0.0698871737628456 -0.242398713102101 0.215111124798441
-0.220983163657732 -0.0367483487111125 -0.264185373383691 0.0667697402299749
-0.168452598948569 -0.227933920823432 -0.198528979211729 -0.0624476730253086
0.00475053075690779 -0.303266112544723 -0.0612222428997373 -0.106212529985081
0.222438217541933 -0.21910924144648 -0.0384998423904371 0.00674455763724363
0.409188386172008 -0.12574498329661 -0.24751192827083 -0.00891606783086555
0.174808479466288 -0.167959530805926 -0.705465822879033 0.00911172438798604
0.0634176769349221 -0.171179524941466 -0.438707678956692 0.228487503835133
-0.0226962007694494 -0.13352458695268 -0.08176051407166 0.142791961513879
-0.0642521214748093 -0.0747987643243711 -0.0904416348154526 0.0194476892025941
-0.0745964690957462 -0.0263172346207191 -0.215478949888607 0.00689450610822007
-0.08858534758515 0.000736528268507047 -0.310541634230348 0.155076336683492
-0.110545805690047 0.0225803140740113 -0.252602102865613 0.315542167028143
-0.093394306290747 0.0448498612845438 -0.183007091839121 0.361065931383141
-0.104242659624718 0.03526302212282 -0.223893193539951 0.329252072593717
-0.101520511685913 -0.0119417854545079 -0.285971774681967 0.206886620512167
-0.0665198867830492 -0.0480436966625405 -0.283636518006492 0.025655045470867
-0.0276232410322258 -0.0905312609387863 -0.169712293084568 -0.0849326416037499
0.0156930915802393 -0.0976590519087564 -0.0390478716139975 -0.0927214605124493
0.0830518489526944 -0.0817392608517745 -0.0769337250935692 0.0587150041957248
0.183262959637637 -0.081908929180053 -0.351138746775725 0.0316317723139433
0.115346930725579 0.0604371973193995 0.370893709165469 -0.140595575874067
0.100015599961257 -0.0385001187519304 0.114966670218684 -0.151704743888815
0.0167209925352962 -0.108150763354029 -0.00803128715268041 0.0691146487774877
-0.084062700813824 -0.0752167266556407 0.122710000028262 0.119054380725046
-0.0875251101961578 0.0361128274950121 0.282584728400551 0.0188064442446191
-0.0278422797027549 0.0721261677207108 0.320752624653895 -0.164255380051117
-0.00142765553683137 0.102587050481332 0.246089317695855 -0.313078473568918
0.00011234822096445 0.0997866858460031 0.169791856225128 -0.347603282412268
-0.00604223483038741 0.106439457837812 0.220956476887558 -0.318220662412003
-0.05212244755262 0.078038932138465 0.260862598924584 -0.181586366937915
-0.103564578724598 0.0238808870951179 0.207825960320664 -0.0242315280045413
-0.0912694545291011 -0.0875845528342039 0.0829129987861821 -0.0278338868669564
0.0237536609720732 -0.105614603561892 0.0866028934920872 -0.119875763182753
0.069471791646403 -0.0160176398827028 0.340535424448042 -0.204318528730039
0.0523700882559519 0.0451474134600817 0.6605153474217 -0.0264490685948141
0.331400855905193 -0.0155093375649746 0.287111726581202 -0.139208435291042
0.243791889897392 -0.162289698332008 0.0817717403211477 -0.135055498338808
0.0481274174489886 -0.288207096836427 -0.0190880182585045 0.080006457146963
-0.175953766882386 -0.227021685716243 0.0905109584436137 0.135921571174614
-0.2349640398222 0.0109127023629007 0.26620374856319 0.0421357663878781
-0.151292005171534 0.126917029727463 0.296317798029755 -0.122852280744251
-0.109055328006588 0.218442351276496 0.238572878368667 -0.260263569253431
-0.081909257290608 0.235463573220904 0.152954664628547 -0.288882846406852
-0.10022365566874 0.242657587637044 0.189921385770069 -0.266704260519171
-0.18477551032569 0.148259531273477 0.21153566457661 -0.13595864757769
-0.260105945826908 0.0241310825832813 0.156642945243526 -0.00600280745761106
-0.230865780989714 -0.232902403296678 0.0295573509408851 -0.0383363387523933
0.0115563819773041 -0.322825267503979 0.0567160118899554 -0.146990546012036
0.224682888627499 -0.176023576723402 0.31964514953282 -0.246362640536255
0.304527741399044 -0.0261835350197039 0.613313011376203 -0.0894367625037214
0.512409643009271 -0.088586072296023 0.142841957753263 -0.134095542476775
0.370368974724007 -0.28103220586413 0.0151291869618702 -0.0980279429523977
0.0731125372621309 -0.452686954967968 -0.0266016216503388 0.098962086884081
-0.257693750612436 -0.365022674888074 0.0606973471494134 0.142140022435491
-0.363715815478394 -0.0208175986459831 0.223536328765424 0.0528060223589157
-0.260790115586388 0.163628591362191 0.231019578905325 -0.071809122058874
-0.204173173481445 0.301227187239998 0.192891589718369 -0.171209450088826
-0.151382261068876 0.336051280869642 0.113652741657812 -0.18516855363968
-0.172532840576078 0.344956641546331 0.132090769108864 -0.17299495739555
-0.283478017683406 0.205597527831692 0.132584363640892 -0.0645632829787864
-0.380490477436098 0.0357210410021611 0.0777342044167031 0.0193521224278693
-0.356865907910517 -0.332005967594625 -0.0370249423387052 -0.0421570613234574
-0.0253354008120188 -0.496158675519372 0.0133237970967296 -0.160998239585836
0.330170276174521 -0.325934204549855 0.260275352583213 -0.255077219301421
0.506255485028361 -0.105086495432344 0.488256339592291 -0.126390406558669
0.625690799359634 -0.155304441305138 -0.0479534641817328 -0.120010851081466
0.452674302698079 -0.382755608397792 -0.0835142893916499 -0.037649452554791
0.0780722988309489 -0.578781420684883 -0.0364315805220264 0.124595076382824
-0.327889499760026 -0.461172392268017 0.0289337246445733 0.137487569009873
-0.454056657752632 -0.0420182754074198 0.150376669017282 0.0514352354299755
-0.336590745267133 0.181728390529983 0.126956381949612 -0.0135553872632464
-0.271028504670698 0.3405344943827 0.115086322726896 -0.0572646532320603
-0.19651785656801 0.386139309652813 0.0574026397770623 -0.0547057935058686
-0.21559556377351 0.395556742176492 0.059403896909547 -0.0502102203307636
-0.337286730332578 0.233359473287864 0.0364418310169605 0.0256631672288008
-0.441169361617938 0.0458310848170682 -0.0178941439176103 0.0522069573568259
-0.433300050326081 -0.374388805346564 -0.106700571428861 -0.0363059332737718
-0.066283515110143 -0.589973607900217 -0.0330185168136121 -0.155267928982329
0.374342980708147 -0.423872442620407 0.175030253626263 -0.220962973870928
0.622554435436444 -0.169230126817967 0.307984455976395 -0.129068064418785
0.649608440955667 -0.207549784217713 -0.260064296607473 -0.0934552639323727
0.460540844163094 -0.439361358665776 -0.200073539699435 0.03970724726887
0.0633053590136495 -0.62141690453556 -0.0503591863754503 0.146230234809962
-0.351943269033552 -0.480499279381025 -0.00982184450156183 0.117963479027648
-0.475223053230433 -0.0507015792369546 0.0494364809605698 0.0444472179767011
-0.357741320992894 0.173369068132911 -0.00239727368438501 0.0489357856542862
-0.297293348648121 0.329899082606058 0.0167626988644395 0.065550589166093
-0.214870842954377 0.376346245179043 -0.00680477162725684 0.0836051308558699
-0.230394177440714 0.379447295472683 -0.0178898753125225 0.0830162022966407
-0.339946461005865 0.218250231139887 -0.0618455167495244 0.11680521251415
-0.427628221665084 0.0373000667537095 -0.1147975560309 0.0826160802557027
-0.419744657699509 -0.363571940933446 -0.164648128819096 -0.0299101533456828
-0.0764932443875758 -0.57806544350233 -0.0668879984302256 -0.136107410397201
0.361534906191198 -0.432380490385979 0.0871522901396411 -0.149203228166647
0.635960297485919 -0.196090093300101 0.103521005136085 -0.0977126520169121
0.570698506547132 -0.232000626397466 -0.458636906120857 -0.0543319690512077
0.384301025176246 -0.418335188220451 -0.306826296290568 0.11950549684922
0.0363863691688608 -0.546508724545941 -0.064801005059648 0.153421243889366
-0.307220207135383 -0.406341801453852 -0.0507976639059706 0.0850531694635957
-0.403706372811031 -0.0488357115301685 -0.0614055601928793 0.035139873337963
-0.315792658625399 0.139104020337084 -0.131677360479786 0.106609897981712
-0.274201576194999 0.267641343811168 -0.0847757473174118 0.180185300002836
-0.200483092485302 0.308233690662688 -0.0701622120151644 0.20952059318617
-0.213145377981707 0.3045134866052 -0.0909851917839483 0.201322724840573
-0.294327102608008 0.160482848446269 -0.151198140179891 0.18690918385771
-0.342049749645831 0.00831741753702551 -0.196634390092086 0.0933653729080812
-0.320862371574463 -0.304633615077122 -0.194851093848725 -0.0332290744039158
-0.0492666965091342 -0.465009882087137 -0.0768066106423869 -0.114842111481109
0.302145006226919 -0.352562117974385 0.0143830841767561 -0.0657713568758955
0.550944294590573 -0.182335122672765 -0.0876198505366372 -0.0488741223336619
0.397859842775239 -0.219722707522744 -0.605793802642415 -0.00732002068828272
0.238498725275692 -0.320140038728208 -0.380290718465538 0.187273673779507
0.00419944820073464 -0.364625632397751 -0.0739067699501582 0.147331433766362
-0.202089106700815 -0.256368810883112 -0.0791598075032998 0.0502116811381001
-0.256842591466507 -0.0370881941715942 -0.153622440103779 0.0256603417132937
-0.216009975447594 0.0802452967802606 -0.233855121216195 0.148259919980743
-0.20601894763181 0.163180574222835 -0.170089630457796 0.26745044413586
-0.155715434618503 0.193605945346434 -0.122302559764607 0.302758652235593
-0.168347724286624 0.184832466492342 -0.151835533399569 0.28506570440405
-0.210138482974485 0.0792376879620198 -0.219580822166671 0.219370687475883
-0.212680419940975 -0.0251563162360179 -0.249940308102937 0.076962332726951
-0.174326933989014 -0.208912539876045 -0.193295813673094 -0.0509285611939164
-0.0108688001963115 -0.290134919612468 -0.0665080487105942 -0.0989521983448757
0.202983929306354 -0.222070987898271 -0.0380719008678076 0.00753823993048394
0.38517060573161 -0.14167459647382 -0.239412953646253 0.00220936918703698
0.161098417991306 -0.168210676381629 -0.676736308907002 0.0362727407546036
0.05583034080571 -0.167902969057904 -0.411259002751344 0.236314524665952
-0.0266994078470606 -0.128328087203872 -0.072588545807343 0.139723532643841
-0.0666342299144097 -0.0704750515645607 -0.0832550818638311 0.023985202182227
-0.0721459920904106 -0.0215362377981933 -0.205730936831788 0.0170398091205918
-0.0840257158890161 0.00562056881507101 -0.289399523200276 0.166334282002634
-0.104778039620119 0.0293734350928607 -0.22593082417622 0.31444882310795
-0.0867244310638029 0.0490450498617302 -0.156612361900475 0.351398361255852
-0.0968151018487281 0.0404956670690735 -0.195212811486101 0.323540468315803
-0.0983211248142202 -0.00503252226656918 -0.261337046939418 0.21315661052602
-0.06639599606463 -0.0429198783461447 -0.26991278145902 0.0392977717361008
-0.0332439932462337 -0.0846467215688166 -0.165809085068539 -0.0728551255027975
0.00925043191027377 -0.0938702121124377 -0.0445590101982895 -0.086416337124762
0.0759604213035215 -0.0842925807891873 -0.0719362620841396 0.0590892630969326
0.17188635693729 -0.0888678390846291 -0.335869617875438 0.0457330790119273
0.110578129915256 0.0565838195577628 0.355260881538109 -0.141234364166875
0.0945649254955635 -0.0364235119200003 0.110233448401484 -0.14705767514118
0.0142410264658426 -0.104021534839176 -0.00515629712554508 0.0664437441434817
-0.082019744763665 -0.0715199031507838 0.1194118375941 0.111130471527537
-0.0836432143978298 0.0362124613010213 0.271318622676804 0.00940220528898696
-0.0270237522051304 0.0689601322089805 0.303682099606835 -0.169536836534449
0.00103205633502077 0.0988198384130587 0.227809268313322 -0.30813197981638
0.00236437929304872 0.0963212300175404 0.154920420190553 -0.335906507404659
-0.00329763017984771 0.101022431502294 0.202534516332943 -0.310821281257803
-0.0483694732702131 0.0757904788004452 0.244275542856293 -0.181979206723283
-0.0987802024117897 0.0254582613388287 0.199476452783527 -0.0276404427987012
-0.0891180943312859 -0.0824324235227944 0.0783540414999137 -0.0274482958870818
0.0204257387925712 -0.100589708218746 0.0834619781368523 -0.117273858796609
0.0662120104792658 -0.014103773625601 0.326799177052049 -0.202746887803358
0.0496480967480643 0.0432883132881954 0.635523800883264 -0.0352537685789681
0.315743600340789 -0.0193479533992608 0.275235711392327 -0.137632547043356
0.230360979042938 -0.158272048609777 0.0783014701147486 -0.13068540340423
0.0407825631450632 -0.277293089061754 -0.0157796354087498 0.0763742883369959
-0.173633194508712 -0.216378670295736 0.0889069365642151 0.128638394454527
-0.225410619420908 0.0142780494614121 0.255132810646518 0.0318710066388785
-0.144307185437956 0.124679294975002 0.28157475785623 -0.12783906816395
-0.0983477769213649 0.213461153864533 0.220931033115328 -0.257132637823482
-0.0725507606384795 0.229588279985498 0.14044939104273 -0.278807713795811
-0.0895654057572497 0.234741961174266 0.172922499315111 -0.260406401759736
-0.174763472291261 0.147227970636087 0.198520119833929 -0.135671003952379
-0.249787201537893 0.028479416818762 0.149765873821983 -0.00973306897002856
-0.228499909999564 -0.219599025765855 0.0266844158940951 -0.0368629666466245
0.00481017197361438 -0.309588303068037 0.0539364504055003 -0.142769700658811
0.212594318770266 -0.17175674021008 0.306035485136589 -0.242366138349809
0.29165297593497 -0.0306142470182551 0.58852253818474 -0.0965767284743019
0.487873899478362 -0.0919673520045844 0.136796575156555 -0.129182734880291
0.350057866946071 -0.274945817345484 0.0153553089212619 -0.0930569017930633
0.0626802244603668 -0.434850487718628 -0.0233836951926331 0.0941309731474131
-0.256303209571006 -0.348025991501539 0.0603519122865444 0.136598661701206
-0.350374711536042 -0.0130980356418798 0.214001792076216 0.0418597138875162
-0.249204131133029 0.162037518594439 0.220327660666672 -0.0761536014756532
-0.188407089114706 0.29654207527065 0.178678530563553 -0.170577262327283
-0.136608823641578 0.328513467283388 0.103982558702792 -0.178732520493417
-0.156739000175014 0.333751553915894 0.119051516961793 -0.168368376570153
-0.269408088981215 0.205044899620281 0.125117325639537 -0.0645525239425348
-0.365823963182288 0.0425741063648774 0.0745409862808091 0.0164525305681672
-0.352052871331648 -0.312322489399993 -0.0379537506852104 -0.0397218915457036
-0.0351660043960635 -0.476808192267343 0.0107717521443652 -0.155336916064458
0.312359866066226 -0.318641917674536 0.24734001120323 -0.249489133704048
0.483182240853973 -0.109420205076477 0.468124963940401 -0.129913738666424
0.595602995101748 -0.158184346575317 -0.0455767969454132 -0.112216819932211
0.428128369525235 -0.376140855986795 -0.0790980545778679 -0.032811345660433
0.0652729995269007 -0.556979246923595 -0.0322529155496569 0.119199129963387
-0.327132766446417 -0.43935802504221 0.0308157340882455 0.133621047867654
-0.437820590793036 -0.0317787452793251 0.144661798716616 0.0420600717833636
-0.321327144468531 0.181027824887424 0.121829654902902 -0.0162113689595021
-0.251447069202714 0.337247260816448 0.106133507293839 -0.0594959068559804
-0.178902109712243 0.378305942880316 0.0531633797898644 -0.0519902144043721
-0.195616767615221 0.383197717489207 0.0527507945479713 -0.0485331948180917
-0.320428645098913 0.23269156593286 0.0358459654430997 0.0249652405487662
-0.424172264639455 0.0525428996906793 -0.0169918660179573 0.0501557898137521
-0.427797581482615 -0.351449027606505 -0.10492859945714 -0.0326011471588127
-0.0753490415824441 -0.566415897578739 -0.0350505536894271 -0.149382117352302
0.351375508291362 -0.413506343138064 0.165242391991436 -0.215400568280885
0.594497638422115 -0.17376313501903 0.292957631800381 -0.128559470335847
0.620349301602202 -0.20770289555985 -0.24988042356616 -0.0841807208701222
0.435235432453502 -0.43155533074951 -0.190400785797894 0.0441441699288397
0.0504910740787671 -0.5995334949017 -0.0466788214128862 0.140477497473284
-0.350927232243366 -0.457865566996109 -0.00684581795639926 0.115673000088397
-0.456562457548934 -0.0399987864434012 0.047489240148907 0.0379914044147447
-0.341179601423578 0.174412712050813 -0.00101082326011716 0.0480753247377817
-0.276921636035917 0.327977537682363 0.0150094577626801 0.0612834598838864
-0.197103185647893 0.369174054336326 -0.00549554889917164 0.0820922027984832
-0.21041353455667 0.370818984990726 -0.0174325290135457 0.0803751533278721
-0.323379826282089 0.21899528410349 -0.056256054276493 0.115317749879412
-0.41033434716847 0.0447257215177825 -0.109373620342628 0.0815439502079111
-0.414464215245531 -0.340155483922149 -0.160390222334708 -0.025356614283902
-0.0857214496198574 -0.553873672894712 -0.0681954854942444 -0.129580264668848
0.339568735045285 -0.423733694946986 0.0815008909961815 -0.145451145198246
0.606449196997709 -0.202000987359969 0.0957865773442717 -0.0954717867599841
0.544187225514664 -0.231823262173628 -0.440621286869681 -0.0435871876298634
0.364520820188839 -0.410850741026353 -0.293798304581273 0.122238716256403
0.0267164493301181 -0.528258414564907 -0.0606086093901032 0.148220727588539
-0.308685594596876 -0.388410061665996 -0.0458439371125149 0.0851822368661963
-0.388427202159839 -0.038802806018002 -0.0593845098522668 0.0320117273991572
-0.300594658126811 0.141325378521358 -0.124227491732165 0.107060263933188
-0.257445165544129 0.267683077497143 -0.0791097367670747 0.174678170616037
-0.18428864519213 0.303376874805247 -0.0631781012735178 0.202777474139412
-0.195000568429331 0.298160020214751 -0.0841643982722287 0.195087270013654
-0.2804382028427 0.162604775803221 -0.139433239872577 0.184735002690245
-0.329299983954956 0.0144464726544507 -0.187753354647966 0.0944188541193929
-0.317361062704757 -0.285676320026485 -0.189162063142903 -0.0283129013529224
-0.057952611543806 -0.445044921705676 -0.0782206437883389 -0.108583658829578
0.283825626606205 -0.344684111353256 0.0123239981730163 -0.0638728550635709
0.524100233077163 -0.188404298498788 -0.0878157000587826 -0.0450703694883245
0.379081241439549 -0.216905759978397 -0.583417187497123 0.00264591485941151
0.225723087585664 -0.31468218560369 -0.364165213104866 0.188471432020359
-0.0012845087069151 -0.352187129879445 -0.0696639366082442 0.142609700740399
-0.203222608673455 -0.244878702086871 -0.0734301278974382 0.0515590300776314
-0.247564623147438 -0.0300386898010372 -0.147384921671832 0.0266368658731397
-0.205646039924073 0.0821669631318064 -0.220504675356158 0.150595765214521
-0.193769865675934 0.164814338299706 -0.157904559869803 0.261430996544742
-0.14385131343242 0.192385361687113 -0.111999533449232 0.293196338158132
-0.155234966675906 0.182238980749672 -0.138934962823376 0.276695817960977
-0.200913514560919 0.0826446455099331 -0.203669411144719 0.217496103496548
-0.205734687241927 -0.0201449679656162 -0.2382498732388 0.080009399628559
-0.175035197269147 -0.196480492787703 -0.187482958182326 -0.045100114288872
-0.0171479307980633 -0.277473221517347 -0.0680837552537629 -0.0934595905481063
0.190144811305501 -0.218498352121813 -0.0369819017509706 0.00776309532162001
0.367501273808321 -0.145437376533821 -0.232348802305704 0.00608796663026848
0.153005819889399 -0.163934489513623 -0.649401111496236 0.0456227105660376
0.0536693550768022 -0.164332850068586 -0.393806949908628 0.236678901329765
-0.0280706655044559 -0.124503124787896 -0.0681884972871683 0.136443732037943
-0.0680776825423456 -0.0679483475238287 -0.0779913029822288 0.0254095971537182
-0.0690797391599556 -0.019360715576555 -0.197376848193285 0.0204846392218838
-0.079226221216077 0.00718198976659783 -0.27526909970797 0.169838255675662
-0.100259979267525 0.0325817354835463 -0.209937641664713 0.308522936979824
-0.0817261031584669 0.0501559159291346 -0.14376482807206 0.339158913102781
-0.0912616928852265 0.0426425827297886 -0.178134512806938 0.31397857922278
-0.095121805482136 -0.0013701971867644 -0.243807311820946 0.211910647922992
-0.0654416312420077 -0.0403424616974851 -0.258250818872165 0.044085612419622
-0.0357457680270613 -0.0799310833245704 -0.161366556803349 -0.0664525897129473
0.00629057958710522 -0.0905567605204213 -0.0474563239015815 -0.0821114773927139
0.0712036930577315 -0.0847597439760995 -0.0691699045081502 0.0576440993095299
0.164672288978615 -0.0908721278421622 -0.324827421967808 0.0492761716902087
0.107375210840364 0.0552141569091147 0.349108485275607 -0.138173476111989
0.0918779474700108 -0.0341327244793252 0.108832577881008 -0.145006307346489
0.0131775250920367 -0.10119581818883 -0.00387659436422209 0.0647221451732871
-0.0803982654727378 -0.0710810537928887 0.116683272870365 0.107232676270376
-0.0819219651387086 0.0353591224358014 0.264992183616135 0.00592537701010708
-0.0278857096923798 0.0670741500042356 0.295372651171149 -0.172162910947854
0.00214487434752693 0.0965604717483269 0.219027093465037 -0.305280315584141
0.00355016875400143 0.0954950942686948 0.149218918291387 -0.329172196727769
-0.00281748840089731 0.0981210925714056 0.193845435553286 -0.306128606024575
-0.0466283739114669 0.074148422576209 0.236324763732655 -0.181257449733208
-0.0962462998579207 0.0262227286516496 0.195819390007974 -0.0291320750498115
-0.0871227467786395 -0.0800850511840614 0.0765749621078879 -0.0271601695261472
0.0196078971922727 -0.0980039167584452 0.0826412910999012 -0.116279443665707
0.0656098161986888 -0.0116622089519294 0.321692720368749 -0.200355312127972
0.0480409560913214 0.0435582279440799 0.625609262548962 -0.037940155623497
0.307224958583178 -0.0190759224798046 0.271166331384576 -0.1340543556523
0.224178593330107 -0.154379139544107 0.0785925587154275 -0.128036071393413
0.0394698197990204 -0.2711416672599 -0.0145077863640551 0.0742396361363088
-0.172418856783118 -0.213786022993697 0.087086759624199 0.125520345610345
-0.220824057929381 0.0145546816516264 0.248430490821152 0.0265088156684214
-0.143280605808846 0.123399548596116 0.274068945408831 -0.130637100388363
-0.0942837040199984 0.21132156397624 0.211088375759501 -0.25566882020735
-0.0681011751574545 0.228197263284926 0.135315117384463 -0.272931564191455
-0.0854447001331054 0.229842460257084 0.164286577827411 -0.25616653749465
-0.170833295281074 0.145795704545965 0.192400282677006 -0.135410429610346
-0.245027233914893 0.0297064480763259 0.146678786564032 -0.0111823659678145
-0.226528929611747 -0.214566422586285 0.0247735989819966 -0.0356433423411397
0.00332955905194278 -0.303806405918539 0.0541350719480955 -0.140700280575823
0.20892511037439 -0.167245252553751 0.301716306501692 -0.23856526722986
0.28489672254091 -0.0298438487724284 0.578992412493254 -0.0933380961774074
0.475992809013309 -0.0904210884386504 0.136642337085064 -0.125564032253182
0.341923402131448 -0.269741806511032 0.0168389757833342 -0.0905336587337007
0.0602196321393945 -0.426809339479382 -0.0220039616239205 0.0917483228012813
-0.256702463038691 -0.343438438561798 0.0597117319606376 0.134695681481285
-0.342933344911162 -0.0111918349161882 0.208252749724864 0.0362799617669539
-0.245629054307248 0.160937183434059 0.214895858046133 -0.0788331987241148
-0.180811692371277 0.294515042001391 0.170010153385048 -0.170470017402656
-0.129286593495771 0.326733551545607 0.100790698396374 -0.174024337848232
-0.149747965833287 0.328067596453609 0.11275640811199 -0.16491109971977
-0.264057325619051 0.20429903801337 0.121488763733602 -0.0638795693381812
-0.359193544344801 0.0436314001672968 0.0723799353332916 0.0149385660901227
-0.351072157002782 -0.304831967197176 -0.0390508774957322 -0.0375720347107091
-0.0374710083934769 -0.46774940259879 0.011137714474113 -0.152419849046604
0.305243299112039 -0.313070215724513 0.244841221311961 -0.246340832377037
0.474305538945152 -0.109988116473469 0.458737387977533 -0.127363656716745
0.582198349207438 -0.156060215717246 -0.0422978676917928 -0.108528992145181
0.417609260799792 -0.370103553320142 -0.0758344823885808 -0.0305603767636704
0.0620344125054056 -0.547922961550193 -0.0317675133414389 0.116211665310542
-0.328611531810892 -0.433876803818824 0.0311311116881553 0.133394749855094
-0.429062935293468 -0.0286730956734519 0.139474719611343 0.036381703648984
-0.315661343770807 0.180561672829007 0.1197200234959 -0.0180172589229004
-0.242631852009629 0.336688309403175 0.100376110346075 -0.0604700943515735
-0.17157733378108 0.377241093426977 0.0517538542875155 -0.0495927725202179
-0.18778830902859 0.37634055272847 0.0484515324650017 -0.0463817185043547
-0.314114087463942 0.231933961543049 0.0354123081326107 0.0253212328652606
-0.416125054253327 0.0549810295515632 -0.0172270768935305 0.0489229284941414
-0.426349513427094 -0.34341877165311 -0.105831079495029 -0.0308621410462215
-0.0776316134126418 -0.555214920895546 -0.0343446372439492 -0.146124644170895
0.344162890289748 -0.406254206330826 0.16395042190988 -0.212608427145275
0.580631178274973 -0.174570940886492 0.285003000689203 -0.126331393629758
0.605148171793343 -0.205184503239557 -0.242196381010476 -0.0803140156691313
0.426151346039531 -0.425467703807765 -0.185389651052603 0.0460109263472982
0.048893707517162 -0.590832672498302 -0.0460197072421743 0.137999676608602
-0.354300378379691 -0.450895831433996 -0.00422978622039496 0.116404265461155
-0.448680917714723 -0.0369307803393124 0.044518897838391 0.033970416765161
-0.335165933359128 0.174140142087165 0.000495941983481623 0.0479765095298299
-0.267888419455067 0.327657544655517 0.0117975774478089 0.0599093762103026
-0.188378800294419 0.367955771061463 -0.00533637847333549 0.0819978051153532
-0.201127459734264 0.364185303638842 -0.0187524276742048 0.0801418844390824
-0.316363648023874 0.219274125863123 -0.0532578828692397 0.115281092040705
-0.40337582878441 0.0465463365503099 -0.108609905384233 0.0808692707929445
-0.412565823337822 -0.332312055301333 -0.160321564299812 -0.0236092383581945
-0.0877090047809751 -0.543557159502192 -0.0678750925671465 -0.126100332799756
0.331109810352212 -0.41614878908086 0.0806673115074776 -0.144185333355435
0.594231996586233 -0.201828161996929 0.09170919193669 -0.0937473384301091
0.532075501812046 -0.227162823425742 -0.42991836101377 -0.041848959872911
0.357366890883093 -0.406382833420584 -0.287413100856103 0.122453584990135
0.0247855557930845 -0.521091921693492 -0.0599589124485756 0.145980322050603
-0.309112079760096 -0.382677104986441 -0.0428286678883626 0.0863565001741588
-0.382681384210835 -0.0349690432485917 -0.0591089319636602 0.0303213221260046
-0.294340932542405 0.140672339209985 -0.119974742124616 0.108408478016797
-0.248934090610206 0.268704146156429 -0.0782807576464824 0.171442166289761
-0.176650398859346 0.30280128601195 -0.0613258918223683 0.200473460416562
-0.187122225185339 0.293403584857661 -0.0815273697528822 0.191922223201378
-0.275227378073757 0.163598725818246 -0.133378368211186 0.183605681217865
-0.324022004776986 0.0163099213974271 -0.183935771269385 0.0940871454823275
-0.317415302555275 -0.278427716789553 -0.188075608455849 -0.0261322000579375
-0.0583352405282393 -0.437053093612733 -0.0788812840818721 -0.105852424793521
0.276259072873899 -0.340754826641745 0.012369173519739 -0.0633258708116402
0.512806848834096 -0.189086362032926 -0.0888447872298632 -0.0438508456424264
0.371980498397916 -0.212679419379923 -0.570395746656581 0.00137716095131209
0.223471057176324 -0.311378633180082 -0.35834621989936 0.187266579124181
-0.0020682808363103 -0.348199852780282 -0.0686879032724741 0.140987340431502
-0.204484804693739 -0.241406758331093 -0.0698636661778503 0.0528845823045408
-0.243148979346963 -0.0282939450450237 -0.145500209559806 0.02625107824174
-0.201006405898539 0.0821919347973264 -0.214423461428648 0.152741843913097
-0.188106932472649 0.16684522292362 -0.154252862510214 0.258056850048755
-0.139100269522478 0.19230636310573 -0.107975032332284 0.289021577652383
-0.149424016116881 0.180563120657087 -0.133712379557814 0.271987974271804
-0.196744402981531 0.0840215036615485 -0.19588345376648 0.215572548469678
-0.202868957792648 -0.0188381998075957 -0.233232852785017 0.0808102667857185
-0.176094105937791 -0.190558407857997 -0.185729253201902 -0.0425763090791788
-0.0191224288980369 -0.273098268897169 -0.0690591405773482 -0.0906046954945617
0.184589829889003 -0.216024077055289 -0.0365460478452188 0.0069525011540568
0.358471933615258 -0.146307578997738 -0.231073046217456 0.00750602902380022
0.151100092850086 -0.161379757235266 -0.636941655207787 0.0438407325753894
0.0536876102293987 -0.163982468220516 -0.386867167519691 0.235047827490488
-0.0271135305802432 -0.123846485084623 -0.0670681616791164 0.135274321138215
-0.0692287838583003 -0.0664209350951374 -0.0741931721603325 0.0265265220487706
-0.0678386770554014 -0.0190374566240992 -0.193781706151038 0.0218132833991152
-0.0767941321146428 0.00735042762730218 -0.267958454975775 0.172277235110539
-0.098144316619477 0.0352134293148917 -0.20235605481949 0.304812806280447
-0.0799331124593749 0.0512610144888134 -0.1388616351527 0.333159866828144
-0.0886183285731139 0.0439669888455917 -0.17093115008158 0.308875991913295
-0.0935411201715471 0.000256328812238121 -0.235089060546725 0.210501783247377
-0.0649858364675702 -0.0393346962122036 -0.25314780412653 0.04544434166365
-0.0373814330049099 -0.0769038335042228 -0.158771240521897 -0.0642859443739807
0.00428528348312309 -0.0898019822364351 -0.0494767889399228 -0.0788240568782854
0.0680268115801262 -0.0852566208291086 -0.0683775430624346 0.0565837137564255
0.160640742558195 -0.0927910147286316 -0.32011718892389 0.0502027902969552
0.107765596777416 0.0556981462620455 0.351568296869995 -0.14101794053649
0.0919483336773747 -0.0326292436744861 0.110147287466688 -0.147778210569098
0.0129156926860904 -0.101354353384121 -0.00282942315174816 0.0645800808704461
-0.0816741757558049 -0.0722473982385297 0.117182211337446 0.106057236078064
-0.0822535477354583 0.0355202934083079 0.264904074284725 -3.86959063748064E-05
-0.028860367352264 0.0681293871144644 0.292922031390208 -0.180841739181588
0.00443401636938667 0.0966062246462374 0.213997559627867 -0.310887093095959
0.00577972913953764 0.0968949372888959 0.146548034720084 -0.332942778697366
-0.00229231165383961 0.0982244101694256 0.189637928337139 -0.309613756476529
-0.0457768263400289 0.0747333051966754 0.233670999763124 -0.186841663098887
-0.0959494419777305 0.0274773880292189 0.197482864170888 -0.0313308905084498
-0.0884560592616257 -0.0793406551969773 0.0765682278795089 -0.0277047691280102
0.0193112397316628 -0.0979538263830674 0.0838435005122629 -0.118579313608352
0.0670195629688037 -0.0106830042890502 0.32380381441264 -0.205134532917344
0.0477846880540118 0.0446396819779324 0.632669570282597 -0.0393884802157584
0.307779915266719 -0.020215072360208 0.274577644401432 -0.135841050697594
0.223508182521038 -0.154386889028849 0.079409083042072 -0.129663427990885
0.0379466685977881 -0.273144791708131 -0.0136596950779897 0.0742913723789905
-0.177165213655147 -0.215011652607801 0.088108687338493 0.125832160890553
-0.222212460788993 0.0160452990944341 0.248014589784407 0.0214670497575117
-0.144912685224065 0.125614910123371 0.272661752109723 -0.137842446726844
-0.0909367513822141 0.214512595568735 0.205062043822898 -0.260078159033093
-0.0638965793718819 0.232900044845315 0.133048642225414 -0.274474927603692
-0.0835364523052303 0.23191917930627 0.159888090722803 -0.258541000756581
-0.170902328001951 0.149034923127865 0.190050997436919 -0.138653939339214
-0.246123724023525 0.0325930484983363 0.147423962956092 -0.0130935280115679
-0.232022258413684 -0.213942647437971 0.0232785469079929 -0.0353828098987974
0.000926967055193716 -0.305611353342516 0.054828408794604 -0.143285489791825
0.21025187837735 -0.168996910931703 0.303731030401772 -0.244202891986834
0.286450051889704 -0.0315600360795903 0.583053739485757 -0.0979458073033703
0.475907198756693 -0.0921722217811033 0.139462992073643 -0.125646987957838
0.341161346013006 -0.272265971080437 0.0188308339325576 -0.0904704552416243
0.0571603051376333 -0.43092784845876 -0.0213937977653345 0.0927166468778775
-0.264715253371823 -0.345375811175965 0.0616593315680434 0.135771713355928
-0.345653830118878 -0.00830236723202318 0.207195808277136 0.0312592053534976
-0.247212213105413 0.165228960429836 0.214758879697807 -0.0838062041938828
-0.176812938480359 0.30081905890309 0.164604055213304 -0.173637000044367
-0.123874905857418 0.333624756767405 0.0997703073145942 -0.174592715265867
-0.146183806916211 0.332060853374685 0.108449665805661 -0.165679858757736
-0.264623680105774 0.209951676739886 0.120745936747154 -0.0654243029172557
-0.362085064159616 0.0483424294910492 0.072222806793396 0.0144251775649442
-0.359464446620619 -0.304871081121906 -0.0420250816299449 -0.0363181708355545
-0.0413438156653673 -0.471554227834205 0.0115341216486387 -0.154558057568368
0.305750944587798 -0.316436383931254 0.246488041573407 -0.251167394999353
0.476851605422264 -0.113495896650185 0.461539685885653 -0.130212951096179
0.582886412952809 -0.159418482684063 -0.0401903688149305 -0.107717391996191
0.416894746338303 -0.375568069827623 -0.0739563686908154 -0.0287792475966944
0.0596836462984182 -0.552991538151537 -0.0313631214182362 0.117888098138669
-0.340147776583789 -0.434728413755716 0.0343671714079824 0.13520162330353
-0.432978900237042 -0.0250771170509532 0.13764935830785 0.0326569089932095
-0.318155015404695 0.186056800897971 0.120254766634163 -0.0203074534089598
-0.238276529669934 0.343821588604679 0.0954212491866026 -0.0621609881268744
-0.1643808994175 0.386134018887677 0.0514558634746943 -0.0493679081198555
-0.184110230885561 0.380805319141484 0.0456514851582668 -0.045878217726403
-0.314876496076174 0.239665002660311 0.0362083685754003 0.0259573371958387
-0.419779952594279 0.059823344151521 -0.0186013200452369 0.0497170475184515
-0.43680932236306 -0.341766772586347 -0.109414092838657 -0.0287494762657952
-0.0837034060283929 -0.559348570014337 -0.0350584030490748 -0.14710565663723
0.344125810093056 -0.41233227079382 0.165278425744852 -0.216621390183474
0.584152459965926 -0.180614129017073 0.285722595500816 -0.128637494563716
0.607066496435603 -0.207125305312028 -0.241430307658281 -0.0788453848678264
0.42775223758684 -0.432294783371711 -0.184480011055492 0.0490755209585182
0.0437031166034817 -0.596075480901679 -0.0447976944481705 0.140498335423518
-0.367519914521294 -0.454235144262834 -0.000596801992723252 0.1192877459089
-0.452359642139516 -0.0321520968315394 0.0429564414553091 0.0311051437075117
-0.338004137558906 0.18047686244234 0.00178126215438564 0.0489167276596977
-0.264134206398646 0.336466312843346 0.00879128899555601 0.0600104736694083
-0.18201939932746 0.376232795947915 -0.00350370038436921 0.0840149733644949
-0.197562530092176 0.369101015346205 -0.0196627314169312 0.0826881276196915
-0.317269492537144 0.225929635634046 -0.0510407434236827 0.117189333721474
-0.407308372758185 0.0507565791246943 -0.109795206557919 0.0829019115964774
-0.423909578705391 -0.328977359451241 -0.163968454130486 -0.0201935120131726
-0.0932685433844676 -0.547323381381245 -0.0695430645905759 -0.126279046206602
0.330488847702821 -0.422239513004645 0.0813744192886065 -0.146861221087114
0.59666239706484 -0.208957616998773 0.0901909200021904 -0.094265189533524
0.534969724545402 -0.230078886358856 -0.430781296347964 -0.0397295529118994
0.357447809431954 -0.413687732716008 -0.287102781899827 0.12860591175061
0.0205399826878509 -0.527214580959935 -0.0597001480486136 0.148762118027465
-0.321584600284832 -0.384890004136911 -0.0394913941682371 0.089463921911384
-0.386011927929842 -0.0322750820483618 -0.0610756184755337 0.0293910491946194
-0.296373166828783 0.145741728261258 -0.117736071140577 0.113187602412892
-0.245001192568955 0.277455939748313 -0.0797904240957523 0.173936522464457
-0.172025882570415 0.31122931728138 -0.0589874158687216 0.203738895329488
-0.18386768343226 0.297490816164848 -0.0802884785541607 0.195575302662666
-0.275689379513679 0.169653204553989 -0.129992015305412 0.187129452437659
-0.327024320943525 0.0192739746796202 -0.185959494083778 0.0970269428475032
-0.326371585935097 -0.275495317551382 -0.192004499057543 -0.0236819754794907
-0.0654901407604601 -0.441745413992707 -0.0811833391319995 -0.104500637209936
0.273429091847079 -0.345213128987515 0.0123481215582908 -0.0651708092402711
0.514912373704428 -0.195804783209254 -0.0920993686019544 -0.0429878965584895
0.373933917243301 -0.21640589496167 -0.57395855140053 0.00408498260532369
0.224371723092169 -0.317328850655948 -0.358642832226043 0.194273150947908
-0.00444453189394088 -0.354371411208145 -0.0684229661530537 0.144892306164381
-0.213255398623663 -0.242240195656567 -0.066884629047799 0.0554133621413654
-0.245630002417085 -0.0257856142508102 -0.146476519464344 0.0275289954578075
-0.201722160405568 0.0851042874097021 -0.212943752932539 0.159462000274567
-0.186589806648777 0.173197523128655 -0.152681430372261 0.261797551248393
-0.136264031526952 0.198457245896891 -0.104768480292421 0.291996313679152
-0.146660769997008 0.184074710421311 -0.131305620229668 0.275244839398059
-0.198270185175065 0.0881419405352277 -0.191862163155671 0.220640455254465
-0.205245710246776 -0.0165963647862068 -0.235257577033187 0.0837569717969322
-0.181959375306295 -0.18859935330174 -0.18881893685498 -0.0402025538393075
-0.0235297840359062 -0.275546771243484 -0.0720042023812965 -0.0891154865229625
0.18327393325465 -0.219542674952829 -0.036113146438742 0.00653179432017206
0.360070557077325 -0.153272824082707 -0.235374134790671 0.00949179540974902
0.152632694919644 -0.164062467520189 -0.643177587572419 0.0458862068905376
0.0544250946579282 -0.167806693243832 -0.388535945068626 0.242228195765085
-0.0280758307032842 -0.127208979923142 -0.0666462054111543 0.138203090248365
-0.0727326123869926 -0.0666458494356942 -0.0713243416888499 0.0279987953565283
-0.0687426997053577 -0.0180056713566647 -0.193826246932856 0.0245373235371582
-0.0765473523258843 0.0081242348677794 -0.265632817862249 0.179783871998255
-0.0982186972632757 0.039032273364149 -0.199193651101085 0.309800472253155
-0.0798594556897079 0.0541764541046588 -0.13650532473623 0.336762492585761
-0.0879136782178648 0.0457368779131259 -0.166827466893035 0.311972023583176
-0.0948347919425434 0.00326949764836162 -0.231403285708779 0.215026433140416
-0.0663659105975615 -0.0389032196764534 -0.254394801453965 0.0496408858489591
-0.0403006077405861 -0.0757469544602205 -0.161810513392338 -0.0625993296164882
0.0021925104712577 -0.0912742439224092 -0.0523171026538731 -0.0777328285630753
0.0672858477069974 -0.0875737584256406 -0.068264481647038 0.0566061534177349
0.161807266160006 -0.0970275364418868 -0.324747508754909 0.0536433044135136
0.112242250539952 0.0368374375373428 0.344423623338452 -0.157091520473751
0.0860972705203187 -0.043715175666029 0.102052738568793 -0.152599436831461
0.00192495374373129 -0.101622816091771 0.0118169196319098 0.0678523912869242
-0.0884297424832675 -0.0627955707955995 0.133854230986845 0.0919415461380154
-0.0752477801138684 0.0407659324808776 0.263851919640894 -0.0305692249776002
-0.0235458756472565 0.0654898008052704 0.274103677199762 -0.212309389073098
0.0171079128493564 0.0930728397207443 0.178327859423152 -0.338901355620394
0.0142954811919849 0.0946866592990224 0.115106541898232 -0.350091090690464
0.00958241387869195 0.0987644130371362 0.165061951785995 -0.337046907476531
-0.0369415903157226 0.0822515355814068 0.224336950407883 -0.217259816968661
-0.0929776674159576 0.0403007635815944 0.203502202004349 -0.0524602937751334
-0.0982226708226937 -0.0690278962832831 0.0810524259261922 -0.0340950940616093
0.0125522335808419 -0.0977806275359597 0.0779337075657985 -0.128012671098404
0.0710937873247353 -0.00883190207980639 0.317115276916248 -0.244695720134322
0.0520209044622815 0.0522749521853746 0.653816000708359 -0.0868381315200893
0.301072117496526 -0.0603259250692729 0.271566797816476 -0.131575761569415
0.20280044217166 -0.17998538686094 0.0806703673227666 -0.123271114560748
0.00522274420227539 -0.275730532186114 0.0160982649426915 0.0818036808066653
-0.204282648839981 -0.193128802994629 0.119897230256149 0.10977885624315
-0.216594659594566 0.0372601524551852 0.248366958838098 -0.0174716780704826
-0.134184521280187 0.13564243075158 0.25544865454141 -0.173389695888272
-0.0630487169227229 0.22563428347804 0.172381572368954 -0.297908282059238
-0.0414236330520964 0.23852539604901 0.104899841223776 -0.289759105599101
-0.0565512736401036 0.242024812342896 0.139357491467697 -0.281050161353616
-0.156086569830353 0.172141834711444 0.185897875273819 -0.166036368259402
-0.243673983497353 0.0611006742331086 0.155926135748785 -0.0310087870887392
-0.259207039818584 -0.188477912244356 0.0316806455986991 -0.0360781641716059
-0.0285922769016558 -0.307950412511854 0.0495995519147841 -0.141688792698108
0.204187804804773 -0.185752439776362 0.281025735911235 -0.279875604075808
0.295973054204562 -0.0486008366563955 0.583205427539162 -0.148178502053258
0.459041619442684 -0.150518543499273 0.140726134195846 -0.100393521544103
0.305232471596766 -0.309411905528631 0.0294530626261214 -0.070899351121173
0.00549978475601385 -0.436858392903301 0.0230502084963705 0.104020038555691
-0.310871923632514 -0.311163654439727 0.10814542514773 0.118183461704195
-0.343134314319565 0.0267764524551721 0.209199548208705 -0.0116647832010775
-0.232835094880637 0.186994094440703 0.201110206057592 -0.117420944799309
-0.138499812683504 0.326372318523802 0.13836790328976 -0.215300792610466
-0.091966263136388 0.346187918527347 0.0785357957113268 -0.18449893466303
-0.107834404428493 0.349352028071867 0.0946273405805802 -0.179952209829309
-0.243834200155607 0.242728963543423 0.121637741083575 -0.0852338250503748
-0.357813004795807 0.0877934410366638 0.0811246473943463 0.00160119200411261
-0.400544025459053 -0.265441596278214 -0.0307145743469635 -0.0306208642121429
-0.0889404533914216 -0.473790967335255 0.00669386988514664 -0.141953173428307
0.290133020269059 -0.348487245452203 0.211998954586082 -0.27867114659196
0.48837030351298 -0.153177238775613 0.438991257551532 -0.176898463979955
0.55719143339862 -0.225811005855241 -0.0362222260581638 -0.0632644316527845
0.370768649311853 -0.419022336367823 -0.0540155752604154 0.00374481704064184
-0.00843642575254115 -0.559833833794746 0.0257208075727177 0.132317595345082
-0.398691243805119 -0.389641397713318 0.0901855609574862 0.114531482756313
-0.432834786274532 0.020122324267708 0.140387154938522 -0.0103126533133444
-0.302107020569882 0.216575433794287 0.1114885671328 -0.0474339726259279
-0.195168311830355 0.38004628672054 0.0801386834411032 -0.101069290483258
-0.127037005624434 0.403570212309443 0.0407328929676302 -0.0524013720143366
-0.140147458949576 0.402914034244056 0.0414670566802383 -0.049556569328764
-0.291755896678578 0.278566775151157 0.0435678097988315 0.016144244792549
-0.415707673215201 0.104024781269241 -0.010055133543562 0.0459572479174557
-0.481792533656792 -0.295316732641807 -0.0979749638060918 -0.0165169175568608
-0.142339075500154 -0.560539735515666 -0.0381038975202832 -0.126062245790145
0.319800272087986 -0.452427202797599 0.12488954820864 -0.232274301384963
0.595684285988782 -0.234429148778124 0.247995711969177 -0.16321402738256
0.574620985469948 -0.274964387560946 -0.235762925101248 -0.0203117025527158
0.376601397751311 -0.47679761032113 -0.156571831072839 0.0922369513854699
-0.0277807546272469 -0.602532220723426 0.0179205225114952 0.155638394620802
-0.430484663828655 -0.40403930767879 0.0568226341435588 0.0997141095806044
-0.454994273567872 0.0166670251087087 0.0452690548303016 -0.00465078602161322
-0.321734158287305 0.215119996407122 -0.00109430377092706 0.032108400286366
-0.221062929359887 0.378012285048464 0.00611781583948892 0.0294617657888497
-0.145177218234317 0.396755338513418 -0.002516001176456 0.0871557853163502
-0.154086102976243 0.392355813536921 -0.0133019721332326 0.0881342852678164
-0.296180375112651 0.263739851729058 -0.0382991786638332 0.119536320179973
-0.403065031425788 0.0921634934159687 -0.102582452641695 0.0893935772266801
-0.467074126292735 -0.284606783937237 -0.155962189915426 -0.00315601938927292
-0.150256596308344 -0.547526369656284 -0.0723670608223369 -0.101706226644899
0.30309007397061 -0.463456296016049 0.0421621187332255 -0.150938577007454
0.60295457759404 -0.269442841051223 0.0448123595499104 -0.113213194800105
0.499852393679664 -0.286469214283733 -0.424992242601074 0.0259968448328768
0.309572963034723 -0.448447004916333 -0.256314770039424 0.176457582839314
-0.043595965428973 -0.530344737338488 -0.00177910613416465 0.163367613364775
-0.376205149997241 -0.342134889657606 0.00911866047207564 0.0747186204795021
-0.389123912812407 0.0115972287368907 -0.0598506000870613 0.00755582075879442
-0.284068663684918 0.177935271810133 -0.113966881917156 0.110861588314216
-0.211105396928237 0.317180813656687 -0.0684533417953815 0.156961551726024
-0.140374332165073 0.33171609342148 -0.0466855026162507 0.213438350744534
-0.148800658691898 0.319789213911796 -0.0649178165591039 0.210066656417956
-0.260959047610699 0.201270492407925 -0.114175949811251 0.200927032999819
-0.326855597584164 0.0514668596469193 -0.18042287509184 0.112189985877332
-0.361857582785412 -0.24297943588398 -0.189141444699793 -0.00354693701994111
-0.113439554771422 -0.440882437259948 -0.0851840250242681 -0.0820111987810099
0.251274189425473 -0.380691394343151 -0.0175406268145506 -0.0616227126521017
0.518522329052098 -0.251358837707323 -0.13573979663526 -0.0459370807762317
0.342527742416023 -0.25065603768258 -0.568226210967458 0.0668128568147935
0.188416670359589 -0.336578383996357 -0.330386791664929 0.240346694573159
-0.0476838049712868 -0.354927454578767 -0.026592650326418 0.155911780942745
-0.248748570795743 -0.21340110990402 -0.0353251751180783 0.0484002930984531
-0.249634452907967 0.00364730146531798 -0.144746940798637 0.0232355427110424
-0.194206696083873 0.110032565340078 -0.203001563629092 0.170108188691613
-0.164790318396377 0.205360471006407 -0.130510988644776 0.260954316917303
-0.115807139467239 0.215465911508569 -0.0834606322381207 0.306798791214756
-0.125904744981683 0.201797169419 -0.10907685928223 0.296337379653355
-0.191213618941796 0.110262435290669 -0.175383502701347 0.242692046649797
-0.208284426794016 0.00224373013888487 -0.233973705947225 0.106119210409372
-0.205159200016341 -0.170963299458348 -0.192528711068364 -0.0217821742812138
-0.0524172649730514 -0.27777819681183 -0.0787398996286936 -0.0732576502798707
0.166729575816546 -0.245446584889486 -0.0537686231404259 0.0137334752403214
0.361314954283713 -0.19564932014836 -0.270277862788387 0.0214514543565037
0.130403540547223 -0.171753134243961 -0.640252123323835 0.0958200675383869
0.0378910190389888 -0.166783716793818 -0.366510987246569 0.279855608046241
-0.0431995624220434 -0.123587711474275 -0.0439630691854185 0.144866870740084
-0.0840836856738239 -0.0554799955777995 -0.0593590579381544 0.028692285916682
-0.0723762088814882 -0.00787915049351267 -0.192326874640481 0.0375196923490787
-0.0762327966489046 0.0207342536676278 -0.250942844141888 0.202589108253483
-0.0937581899315074 0.0571175156402607 -0.168417278740914 0.325631805361862
-0.073424727905767 0.065324898542647 -0.107238626379284 0.355038645052884
-0.082508676939596 0.0564913520464543 -0.143072374644729 0.336798184305492
-0.0959571178948873 0.0126101864051599 -0.217579663293213 0.242462764854186
-0.0714263075893253 -0.0346213993332369 -0.258246366802867 0.0744006679945078
-0.0486962074500899 -0.0727577926812824 -0.171856320074539 -0.0487305923285902
-0.00783730797898221 -0.0936987690870541 -0.0611349281391383 -0.0708878028374756
0.0592275152264446 -0.0991277972130458 -0.0731994989207573 0.0667211792881717
0.158986201811423 -0.122256920445636 -0.347260943139509 0.0776656806436547
0.114392091419923 0.0315643992071664 0.341220117480744 -0.177207881995197
0.0845934412105052 -0.0474320505072698 0.0940936276174204 -0.159741522109941
-0.00350975308677275 -0.102548882285168 0.016995744327357 0.0683955416351282
-0.0937786800231338 -0.0596546549511603 0.13943371394724 0.084758270813651
-0.0740400826655525 0.0449177531146817 0.26186249704852 -0.0477530476178593
-0.0208219519530696 0.0681182212986928 0.259303545911985 -0.232902809920323
0.0229199350337085 0.091828612230105 0.156187284416234 -0.351959686339954
0.0214987392540316 0.0942693882464623 0.0944809480821631 -0.359742157678377
0.0157435146450497 0.098454734820496 0.142761167831053 -0.348959846344419
-0.0320967936660128 0.0846163707296083 0.210476096716943 -0.232331078887397
-0.0907561638809212 0.0461414349973951 0.202607238005752 -0.0654214315553943
-0.10259197151961 -0.0636129628977854 0.0794289880550181 -0.039268754780397
0.0080596405573838 -0.0987012347117543 0.0711533895512873 -0.1348245270766
0.0722748935616266 -0.0119803766514974 0.306042187200905 -0.264663206865619
0.0554506923591069 0.0506930599689071 0.656075242688115 -0.123463090803216
0.298506884700868 -0.07694674510076 0.270008235056321 -0.146782696467764
0.194072406963398 -0.189997116328676 0.0754936497387574 -0.129120147475921
-0.0110141443943223 -0.278662537234041 0.0218347110913792 0.0823498733154623
-0.219710158461575 -0.183211693079464 0.127398754990734 0.103703017889986
-0.216591318508214 0.0487737293993704 0.245862729164804 -0.0330608092992793
-0.128442448140877 0.145717889267115 0.244448209764856 -0.190879037943067
-0.0490668808365577 0.231385999107346 0.150881729952471 -0.308783872473511
-0.0243625926083188 0.244360466756364 0.0881406443121449 -0.297367744780141
-0.0413530703647621 0.247663864172591 0.120618872538354 -0.289613350213863
-0.146928661807567 0.183300117306892 0.175182718980152 -0.17782935771323
-0.242363780483184 0.0769815504562993 0.155031433948338 -0.0409549357339663
-0.275212758714426 -0.17425974351211 0.0293109418064383 -0.0373529407893175
-0.0462560380465126 -0.309003120110635 0.0425804791316174 -0.146997211149161
0.19763439083746 -0.198987386718478 0.269064619005282 -0.300324215929346
0.295884040975494 -0.0663526903470594 0.580364045667471 -0.182047482440782
0.453606894497684 -0.176291691780565 0.139634127235149 -0.108741540411596
0.290649113810371 -0.325859430558574 0.0280795999816255 -0.0733582419366687
-0.0198400834453504 -0.440881336335467 0.0307061924759488 0.104242498353658
-0.335749615205661 -0.2949977175679 0.116806054272947 0.112367508760965
-0.344728387643123 0.0468145790872524 0.206526830610364 -0.0255233233253671
-0.225507189457549 0.20402688794666 0.194457770671579 -0.131178765963529
-0.117915064639441 0.337874493381429 0.122044162210318 -0.221908675548739
-0.0666604395229488 0.357157319673178 0.0688024722181936 -0.190262578571047
-0.0860693953623554 0.359574040768843 0.0822779137732197 -0.18466979323699
-0.231850739341336 0.261685063518155 0.116518160487286 -0.0924091405846466
-0.357444778508934 0.110073903732352 0.0808722916506609 -0.00241154962137686
-0.423473954937698 -0.243581277411411 -0.0346300327041965 -0.0271392938165941
-0.118014466959709 -0.472285906806844 0.000235034614714205 -0.146058417025466
0.273652333610295 -0.367294804891037 0.19927285615297 -0.295989841301861
0.482734204870845 -0.182855227879922 0.433832267112139 -0.201479124543618
0.549656073879694 -0.256686276293303 -0.0364053845479684 -0.0622127141118418
0.350585175374022 -0.441668473728084 -0.0510174979229454 0.00715682998774764
-0.0418406962474797 -0.566203642479778 0.0355409771235932 0.133004422072554
-0.430337295198143 -0.369644387788195 0.0999476613108886 0.110504803513974
-0.436815471978124 0.0456131194349649 0.137612294506779 -0.0194285631817999
-0.293629750846012 0.238586589062421 0.109909270512192 -0.0552341334807965
-0.170239119585625 0.397351413550407 0.0701590291854746 -0.103456850935776
-0.0989453239869353 0.416467766737352 0.0391999321614675 -0.0545467195056977
-0.114700735285318 0.415209103676656 0.0372933621728812 -0.0501835190967552
-0.278634163358961 0.299982811582291 0.0443738879332294 0.0149990824019801
-0.414334706453001 0.130525414187069 -0.00863379053367549 0.0481232032099039
-0.508946151007518 -0.268490087972841 -0.101876921470447 -0.00815678146938638
-0.177618515550691 -0.55865883021139 -0.0447958735624136 -0.126456714088974
0.297776894081956 -0.475050491754507 0.113092744255478 -0.244240486549111
0.587878368492733 -0.272375980477338 0.240135811604428 -0.178014812435954
0.564429362136462 -0.306951254637443 -0.236562539764139 -0.00889422207322816
0.352649072139945 -0.501196843729739 -0.149726232849665 0.102448932856327
-0.0655831234631171 -0.608632750264586 0.0288757450896925 0.157308410823978
-0.463990582093816 -0.383584233794907 0.0661218836020034 0.0972007556444359
-0.458801188411616 0.0431691165101705 0.0423211504519838 -0.00780218315698536
-0.313114637194776 0.237656934439404 0.00294065036661788 0.0331403878336501
-0.197156901690919 0.39742892464383 0.00421160178589855 0.0326899897298676
-0.117357091806638 0.412286026550865 0.00372588067518846 0.0890175191915493
-0.130841103910776 0.406487225754097 -0.00815136435425769 0.0919656862289174
-0.283171956317438 0.286053897890721 -0.0305144319463102 0.123478876343836
-0.403271128249623 0.116449775855399 -0.099034025357721 0.0976583315428635
-0.493899673748197 -0.258028690709567 -0.158725443807467 0.00890280176831345
-0.186860656805602 -0.54322124800006 -0.0781048723226002 -0.0991329411978026
0.279355162167734 -0.484171418414271 0.0345700367341762 -0.157916500699818
0.593033436059059 -0.308123476926147 0.037191974564202 -0.115805597153139
0.49047675099651 -0.316354256666018 -0.426147658910994 0.0472961190441073
0.287694354608115 -0.470524695718276 -0.245723657905375 0.194098835667023
-0.0753423700183241 -0.535889853944876 0.00901316920733818 0.165744162450299
-0.405644446716746 -0.322653393924715 0.0170032033246516 0.0745575823555833
-0.392502439062147 0.0350483113384198 -0.061647570695419 0.0109727919829882
-0.276573684541428 0.197969383638408 -0.104892839363071 0.118882246976109
-0.190450909333928 0.336422483762159 -0.062385592536165 0.165418003621637
-0.117409911697488 0.345825745084204 -0.0328368746662172 0.218014434127099
-0.129556395515158 0.332487820949881 -0.051960217464244 0.216998923243025
-0.250397192686116 0.220892162559211 -0.100094373386467 0.209174938159846
-0.327873076807175 0.0707068517181148 -0.176353601714911 0.126175748828757
-0.383054463647815 -0.220562394579258 -0.192251221786802 0.0102140521763142
-0.142681258985647 -0.439947591164774 -0.0900326131120982 -0.0773130152659082
0.230489830122095 -0.398245187551818 -0.0210307535419775 -0.0640751892923066
0.508183665635915 -0.28787244340485 -0.142626207251985 -0.0370181876336438
0.33365877927195 -0.272713791747842 -0.569378363105017 0.0960136295548133
0.172665850871237 -0.352183916910076 -0.317463160142821 0.262392452826864
-0.0704085641109853 -0.358392841662679 -0.0153862993993914 0.159986129059683
-0.267424791815743 -0.201177853305313 -0.0296400078326692 0.0499093399148032
-0.251661884147392 0.0183016309470649 -0.145167310960026 0.0317660170952431
-0.19045117140756 0.123431285942191 -0.190483286123373 0.18638098337401
-0.151032954699531 0.220101964538896 -0.116176660785303 0.272948668607413
-0.100434298131886 0.226960183505927 -0.0645953593921934 0.313500362924126
-0.113364282362366 0.21207392232296 -0.0912907433787873 0.305392000384014
-0.186035131714401 0.12506659724402 -0.160076654456927 0.254675443104392
-0.211237440798164 0.0138708197289774 -0.230389327245099 0.122724610923672
-0.219858908128484 -0.158002174117868 -0.196462809072109 -0.00909869575319384
-0.0720316748585674 -0.276881044613426 -0.08313687697161 -0.0686687665065308
0.154297085946982 -0.256573667053387 -0.0535913811757511 0.0150083060306755
0.352301669430109 -0.222262849076288 -0.274357401189675 0.0387014805117723
0.123111078889431 -0.18100642917293 -0.642925556349949 0.130564804094879
0.0293643929061051 -0.172795876868269 -0.353210611736445 0.303976060427176
-0.0521673820385925 -0.124837558661478 -0.0343514446521652 0.150257664388857
-0.0899370466212361 -0.0505463534497009 -0.0555597787175239 0.03098148217047
-0.073120004496857 -0.00329497902430395 -0.191086566424064 0.0482062601627191
-0.0755138785401977 0.0247333767694494 -0.237427620162641 0.221933707027201
-0.0887509678567891 0.0659092939170405 -0.149250915217895 0.338410308083908
-0.0685773471416397 0.072279232203236 -0.0863446420627869 0.362990029038347
-0.0795874030248025 0.0632225431153701 -0.121551321675875 0.347732276567538
-0.0961484389172802 0.0202044939676945 -0.201459915177832 0.256881311703097
-0.0748988373464686 -0.0304275994579245 -0.256164446880198 0.0921851297171694
-0.0548608691861346 -0.0686282362864309 -0.176687864085625 -0.0374515653837696
-0.0163353990676762 -0.094089335991454 -0.0663437029621984 -0.0664057364618505
0.0529594486395409 -0.104551671660756 -0.0695130499359771 0.0698963979154431
0.152730932883522 -0.135199914182734 -0.348399381263166 0.0993662497999849
0.113139508119783 0.0244657958647011 0.326127264073324 -0.194286809951384
0.0805627492019568 -0.0491929972698793 0.082409258885988 -0.162730604325156
-0.00933198374784825 -0.100231577204589 0.022897117579465 0.0670373547406409
-0.0972427661422359 -0.0532461432822624 0.142302495008848 0.0743171814006216
-0.0710091638618039 0.048020946298128 0.251391422946482 -0.0641298846518898
-0.0177403557040023 0.0690889825557841 0.236039865029155 -0.246700045986318
0.0277421681022033 0.0872665999819415 0.127611711333315 -0.35446032024969
0.0284821415155218 0.0903950429202193 0.0685735432312267 -0.357886418327129
0.0224649417338221 0.0953262725293749 0.114460655801203 -0.350775766584099
-0.0256781327792971 0.0839468114958278 0.189258853071568 -0.240291425749011
-0.0853179660828426 0.05113185342261 0.194978018469801 -0.0775875093764871
-0.105045359082482 -0.0556899672590553 0.0741793984541399 -0.0432278875939173
0.00302653864518562 -0.0974541211772928 0.0605312303699862 -0.138303221944473
0.0708603374331613 -0.0153520724505615 0.285639376156733 -0.281066417889511
0.0572423652242878 0.0472188496823784 0.638069104076778 -0.162494277975768
0.288269479524317 -0.0925100512955349 0.258871357769433 -0.160771956558914
0.178612962199447 -0.195781799285107 0.0670715979065961 -0.131348718139728
-0.0286278943551632 -0.273104230890286 0.0286331140094869 0.0799079764576701
-0.230386563232493 -0.165536283362928 0.131704510346092 0.0932667079872492
-0.210635284827851 0.0608990181192955 0.235492119596524 -0.0475944182426782
-0.117815159441053 0.152907481724864 0.224517759557451 -0.204723976698916
-0.0320446151911214 0.230102238462619 0.125538598824947 -0.30957680630315
-0.00474484155663948 0.241515624244704 0.0673630781747484 -0.296669953470565
-0.023851281870652 0.246258802765763 0.0965461847860926 -0.290191045977623
-0.131784200809807 0.189409077344381 0.158967990783343 -0.185089534262353
-0.233124776215296 0.091273229497753 0.149487311129174 -0.0496144337168724
-0.283299227062487 -0.152507218486571 0.0254231079218772 -0.0376148872801167
-0.0644222906668145 -0.301393938649699 0.0324815110831449 -0.14918368008286
0.18252557136988 -0.207071667235408 0.246005901494875 -0.312904914693628
0.285468331386185 -0.0838607845685427 0.559230156276002 -0.213096376900608
0.434248453843794 -0.197501984456176 0.134051797093499 -0.115661913081259
0.266023431332393 -0.335934415218488 0.0250436370907613 -0.0739240482489219
-0.0485310784961165 -0.432234073630414 0.0389547759317766 0.101223651917642
-0.353182929717401 -0.267670282281224 0.123210311013894 0.102962927129125
-0.336317436013091 0.0666428997073716 0.19706341139585 -0.0377134595842826
-0.209346347552616 0.216856109034043 0.180991490586408 -0.142563558125344
-0.0914961963946251 0.339768214813343 0.102198010372782 -0.221907038210906
-0.0378038971416568 0.355891620293595 0.0551384778827427 -0.190170859262161
-0.059894477388521 0.3597457376572 0.0673605875573887 -0.183818228763443
-0.209814435777409 0.273008937034522 0.107731582288148 -0.0973106374507352
-0.345153209592811 0.131949930598548 0.0793423334850942 -0.0065376180447834
-0.434724012017935 -0.210318507191073 -0.0366373836929049 -0.0224768711522715
-0.147249371028823 -0.457859035811837 -0.00859435688845176 -0.14485168564288
0.246847527897798 -0.379145448662153 0.176998431313062 -0.304959703201268
0.461739405126265 -0.211697914596391 0.413116050972585 -0.224780301176515
0.524369984825688 -0.284673392469959 -0.0368439134233825 -0.0596720440571408
0.31719079736242 -0.453994237146793 -0.0465569425143376 0.00981929125444695
-0.0788716776640276 -0.554205064878239 0.0456518543865123 0.129412548112195
-0.452467737095624 -0.334062244906805 0.107428318821646 0.101895953815414
-0.425829189006617 0.0705385537095466 0.130623314420379 -0.027035746530284
-0.274376159718548 0.255268641774491 0.104995087167342 -0.0618115119689767
-0.138432953977636 0.401955793182066 0.0595961474431129 -0.101385594404234
-0.0633564897872479 0.417740854465103 0.0355963956594697 -0.0554297767574871
-0.084779413616091 0.416236660728866 0.0327545001511783 -0.0491145561310655
-0.252974043820571 0.314533145314667 0.0447291843111065 0.0121476978966648
-0.401036611857154 0.155144158401313 -0.00535407883971605 0.0502972265696421
-0.520611538675619 -0.227223676206596 -0.101025714678749 0.000659876395958089
-0.211325402272166 -0.538426017108075 -0.0509366640375081 -0.123229605139728
0.264219167968465 -0.484114350639842 0.0953420425056894 -0.250203947041348
0.556254073520403 -0.308085430606856 0.223455348681006 -0.18753310249477
0.537403939574545 -0.335974357263147 -0.23076916825253 0.00441013778500317
0.315056664476338 -0.513827501354142 -0.137623230729355 0.10980017247921
-0.104993837371213 -0.595814116031533 0.040677047660982 0.153803866872742
-0.485166037780167 -0.34501990597091 0.0738873563394104 0.090431719703229
-0.448591193453864 0.0712792698916294 0.0382624147797934 -0.00962738975528473
-0.293360696521775 0.255917475556553 0.00734502276631841 0.0319859026634673
-0.164148004804179 0.404387195095321 0.00405068832566975 0.036405032269511
-0.0822067820498326 0.416138591322788 0.0106354163049305 0.0873655133446005
-0.0999851610111435 0.408758705146394 -0.00170866505741551 0.0926758614626219
-0.258645044199685 0.301586430127192 -0.0212241877108402 0.12317249770315
-0.389381735773399 0.14248240960174 -0.0912616092558704 0.104788637678381
-0.503123982106563 -0.217295638973801 -0.156046933458047 0.0209761258347395
-0.219844331546247 -0.522593715191274 -0.0817688610003931 -0.0939106495523238
0.246466548919736 -0.492279497605471 0.0235775864501566 -0.16095573091187
0.560850137358972 -0.343423979868269 0.0272617093748037 -0.113917994082987
0.463428450201868 -0.339546213550671 -0.415429118342137 0.0705934178343029
0.256465665066443 -0.482463351334962 -0.226998936601509 0.205933945228018
-0.110881028626883 -0.524322498472672 0.0212140497550612 0.163708985220843
-0.423919880975214 -0.288736070261342 0.0241637157810437 0.0705911854682196
-0.384350969161714 0.0590795320807747 -0.0607567870523203 0.0152410287870658
-0.259565908366804 0.215104236757939 -0.0919641169295385 0.123311937355891
-0.160978294841522 0.34480785671337 -0.051488736132145 0.169993849838888
-0.0866825861077427 0.349192743906691 -0.0169903365421613 0.215975924535542
-0.104313333281212 0.335700009611809 -0.0358600708518066 0.217323741551894
-0.231495183290374 0.235213438193119 -0.0839213132535116 0.211273680758104
-0.319532275801382 0.0914192939412453 -0.165689374748137 0.138111193899207
-0.393696415844787 -0.18920612801072 -0.188875732031015 0.0245796048836712
-0.169511058952453 -0.421453355913767 -0.0922032546163877 -0.0719599530554129
0.202640756210856 -0.406263756702183 -0.0256766943761459 -0.0645686376171012
0.47871604436723 -0.31748751699305 -0.144247028445284 -0.0255462893937258
0.311880788786648 -0.288454392284484 -0.555865008636115 0.128250789856294
0.148826961591315 -0.35856588408959 -0.294407793589868 0.27845230348826
-0.0941555925279908 -0.350355874335637 -0.00340833831024689 0.158987925950826
-0.279729348418851 -0.178888515711282 -0.0228495049438291 0.0492898643456609
-0.246435633577392 0.0337892018769288 -0.140702154427616 0.0402179260527901
-0.179656284561416 0.134456661214409 -0.17071595190134 0.1956438532894
-0.130697608800204 0.227984786115662 -0.0961989296442585 0.277320678488386
-0.0797112194060476 0.231729159829867 -0.0423291506027762 0.312350012005412
-0.0961767112859535 0.216418451364156 -0.06739936775608 0.305761492748036
-0.173833826912905 0.136393617671285 -0.138243718212301 0.259047073404914
-0.207595670977503 0.0279241114983642 -0.218124567415336 0.138000354442545
-0.22880202831243 -0.138664070344854 -0.193688977302651 0.006509940543425
-0.0910721359332321 -0.266539328028932 -0.0854340696637902 -0.062338399741189
0.134692658519801 -0.261618378185624 -0.051992518115569 0.015532843455784
0.329252600621691 -0.242571065917465 -0.269167695622605 0.0568409107309075
0.110497497283868 -0.187163994200676 -0.626771614112944 0.166611284670799
0.01923239553606 -0.174213112994869 -0.327064540012481 0.322696461115768
-0.0603370756681006 -0.120823867139434 -0.0228755926918946 0.150044318953233
-0.0924961018474878 -0.0431899558795165 -0.0506667701845429 0.0318440761519902
-0.0715167350176937 0.000664176456254405 -0.183135533476364 0.0596294637204173
-0.0731066822487553 0.029427869241088 -0.21525547828602 0.234040931717138
-0.0807975221038055 0.0720558677596867 -0.123839884523889 0.342255025687519
-0.0612342456358757 0.0773956796040506 -0.0603925500593245 0.362563845990229
-0.0736851182296384 0.0681565940140585 -0.0946743102912232 0.348505585018731
-0.0921193669754516 0.0276601714519125 -0.178959443847637 0.263933692335657
-0.0766609605681253 -0.0247787355424534 -0.245150526065368 0.109469923952481
-0.0590755039545602 -0.0615902938831955 -0.176035846654396 -0.0243470196235713
-0.024422070829885 -0.090454044298416 -0.0691500272773795 -0.060497230661054
0.044756912313387 -0.106983356881779 -0.0642825122558855 0.0713507944272066
0.139251149381306 -0.145146887737524 -0.337824249016496 0.121066635700037
0.109526256714093 0.0193213161407641 0.308988921161229 -0.200627615658752
0.0758340879924723 -0.048669729977105 0.0724100984305794 -0.159441068478275
-0.0133533664822869 -0.0965459100032959 0.0273011978599213 0.0640277874070353
-0.0972401645993106 -0.0477728727442034 0.140291871905723 0.0650151894035264
-0.0674237280267156 0.049052018303654 0.236341662190427 -0.0728256933471352
-0.0148051464015742 0.0677237830421426 0.212248711054515 -0.248203675909596
0.0299988954438222 0.0824634963052899 0.104871804466739 -0.345279256047407
0.032228970497986 0.085194643519032 0.0494573702070875 -0.346067780633998
0.0260618955963449 0.0904113493105948 0.0921198028898138 -0.340924301135345
-0.0209836643478468 0.08072266523356 0.169459175619032 -0.238518070171572
-0.0798273218852071 0.0527127509709882 0.185175866932196 -0.084385650667846
-0.10310517898906 -0.0487623244174564 0.0689297328464659 -0.0448331851586405
0.000212821159408202 -0.0943858294052239 0.0512391203796712 -0.136512027139625
0.0682816620737668 -0.0171730024161855 0.263253580396904 -0.282824047061041
0.0567640123711285 0.0440222861349364 0.608750093397192 -0.184698657038602
0.272603804949801 -0.100372180811821 0.246090912050733 -0.165641763500195
0.165112560807508 -0.193407919783405 0.0599320029891663 -0.129091485051825
-0.0394357455155344 -0.26108955698747 0.0337216109036569 0.0760289291827383
-0.232046558325636 -0.148267609375749 0.132137341456303 0.0839097462726725
-0.201551630367197 0.0674172178153901 0.222319414965802 -0.0554738237953598
-0.10772247516017 0.154878571245564 0.205109922294979 -0.207962815048252
-0.0197894114647994 0.222303461883313 0.104985727020374 -0.300482593018987
0.00929656761107414 0.232499548531098 0.0512831867553827 -0.288041724050191
-0.0103582968325015 0.238178392281286 0.0781925584792813 -0.281634793785035
-0.118441430968866 0.188014477862155 0.143723446975325 -0.18323999216913
-0.221439375604518 0.0984015473121229 0.141747403147554 -0.0545130269532744
-0.281246045604313 -0.132704040089535 0.0223989627753092 -0.0357663995459412
-0.0745285655305123 -0.288152377526165 0.0250365498435156 -0.147449803824593
0.168128288239884 -0.206443254406638 0.223469343635993 -0.314103508667915
0.270107606632099 -0.0931944581461022 0.5315392222676 -0.227872800545657
0.409228683929648 -0.20793654115471 0.127475269938966 -0.117782774813262
0.242998500882248 -0.3328375818096 0.022837138155543 -0.0725901144072466
-0.0667025156228002 -0.414352090728597 0.0445008282627193 0.0962213012465838
-0.355309198694442 -0.240303826873194 0.124560607168028 0.0925445506202539
-0.322620983693977 0.0781213679005648 0.185866555732267 -0.0432201384693773
-0.19275157332866 0.220634242630074 0.167438188389186 -0.146307036421349
-0.0707640992997719 0.331588631622806 0.0866427678721301 -0.213677462697975
-0.0150148771222129 0.345482798744988 0.0450937374136202 -0.184801158598078
-0.0394512889617504 0.34910155678467 0.0552973780033264 -0.177710174640357
-0.189582792259489 0.273288629191025 0.0987898786263379 -0.0970360049831956
-0.327541294857218 0.143295401402831 0.0761607289797647 -0.00820230128159962
-0.430628484451882 -0.180002259038849 -0.0364043483656794 -0.0180878993382853
-0.162166403025357 -0.435269099553266 -0.0140972067526105 -0.141390420246461
0.22361809970278 -0.374956337415461 0.157725406656666 -0.304398759118362
0.433981082157903 -0.224035652138873 0.388963065227378 -0.232491261958944
0.493017991035759 -0.295121839127594 -0.035154748930943 -0.0569342596065166
0.287916076352153 -0.449254277406002 -0.0421189564708187 0.0105911333542246
-0.100935392842461 -0.530537033497124 0.0524209401642166 0.122669745973229
-0.454333345176971 -0.299737886757987 0.110221443983163 0.0923539619014557
-0.409329167894013 0.0877334077279514 0.122558324149599 -0.0299053541083665
-0.25313672778149 0.261104374300178 0.0992735423624416 -0.0655242522698557
-0.111647859266877 0.393423837087119 0.0512323101697824 -0.0955896437645658
-0.0357830582993529 0.405944741198933 0.0324626216655157 -0.0549632369509411
-0.0613792278469523 0.407121372435762 0.0293139938485002 -0.0463597104680826
-0.228628555012875 0.315362648507068 0.0434906612481423 0.0109332499766602
-0.380805260096817 0.168402190249709 -0.00243636296524948 0.0507134340597348
-0.515440456164819 -0.192005402998124 -0.097485189290299 0.00800497539757941
-0.229341404333518 -0.509027317532302 -0.054414176416966 -0.118963395799053
0.234894810596346 -0.477579159710204 0.0809420607965215 -0.248255542028185
0.521100150867375 -0.320781458610856 0.207636968787261 -0.188620533861253
0.504046910032461 -0.345607103786762 -0.220722935261794 0.012450966613173
0.283734691897161 -0.50968277669177 -0.125420942432766 0.110985055397858
-0.130016784077734 -0.570164974586832 0.0482977151299006 0.147043407486477
-0.488430880679372 -0.308345514592529 0.077519171412177 0.0830624180710303
-0.429723635951442 0.0887508688046928 0.0356799168642426 -0.00912815241251468
-0.271464453413256 0.262607483681179 0.0110509378758047 0.0287069666803472
-0.135175650565812 0.397280652531947 0.00485920510944818 0.0394652928780526
-0.0544240208559558 0.405371808181473 0.0144363936851574 0.0837406338995973
-0.0747261250569665 0.397843087357487 0.00312839580046762 0.0906877983462877
-0.234441176754311 0.303591527899612 -0.0141536932092854 0.119903228307289
-0.372368637705773 0.154490801139122 -0.0831896661376853 0.108227027459884
-0.499733373586031 -0.183727192180669 -0.149813078671867 0.030638997844895
-0.238274488669501 -0.493096039910547 -0.0823974481558618 -0.0886283044070192
0.216757249280465 -0.484673483900725 0.0148715081923157 -0.158859174856038
0.52129378626791 -0.35777303086203 0.0199339256075411 -0.108747741510001
0.431990415567956 -0.347216018054178 -0.396535515586782 0.0837250837316495
0.22809596581811 -0.477322843327569 -0.207863287290587 0.207179148267458
-0.13176570578068 -0.501724575591412 0.0301243127690981 0.157648117904931
-0.426947543533904 -0.258300426160188 0.0294591500359671 0.0664735946051243
-0.368235554542524 0.0739977271017609 -0.058020698798832 0.0178487334554878
-0.240601544347181 0.220783732481665 -0.0799193413420568 0.122446780583414
-0.135205719763912 0.340273416940583 -0.0419632098003558 0.169247140617955
-0.0626088744582515 0.342041971061528 -0.00567828120630122 0.208640795313548
-0.0838671633471318 0.329798083273899 -0.0229223046620617 0.211051483911803
-0.210954464630519 0.238698427323787 -0.0698201654663329 0.206640815537288
-0.305058124073997 0.103220438095336 -0.152984956909264 0.143129882255509
-0.390190872867636 -0.160193850486407 -0.180388419674279 0.0348798928380875
-0.184544945221333 -0.39666678936361 -0.0920795096978116 -0.0666216210495406
0.177836260784355 -0.399110398335736 -0.028321668452041 -0.0634773868802981
0.443747091070359 -0.327536733741733 -0.142075332213281 -0.016579230314429
0.289284232116701 -0.291426074889183 -0.531494210856435 0.145365035628856
0.129221199279632 -0.354388185418184 -0.270473408945543 0.280618565524752
-0.1078770576569 -0.335112236526764 0.0049530168112018 0.154042609379249
-0.280666175085207 -0.158044432188518 -0.0177289078156216 0.0472378060712007
-0.236610487675014 0.0433203660957862 -0.133130383062919 0.0453019496914642
-0.166482403759304 0.13894756150792 -0.152315176177845 0.195134921065445
-0.112271618843072 0.227114756639732 -0.0799996543002724 0.273979659801936
-0.0625765524574179 0.227906991036598 -0.025516225364998 0.301845507628568
-0.08145756612777 0.214102711861397 -0.0491120671965611 0.296831640612787
-0.160286022343498 0.14086924311717 -0.119139021819056 0.25503061926309
-0.200320662154806 0.0366946213606002 -0.203855585034641 0.145322089996602
-0.22799547204243 -0.119645121164377 -0.18686030059561 0.0171224047665503
-0.101681620728929 -0.251944476023884 -0.0853717399175466 -0.056320927013566
0.117880872469377 -0.258387175177376 -0.0503883763347551 0.0153207565286854
0.303637105848732 -0.250039389354247 -0.258670391929591 0.0678500837738825
0.0995683907835342 -0.1852121470285 -0.598952125725572 0.184409739478931
0.0113057281881787 -0.171396436205024 -0.301343748333502 0.32629695777811
-0.0646158369820384 -0.115566490602364 -0.0144459476212194 0.146235351370335
-0.0919960726197991 -0.0367895692952472 -0.0453481573092375 0.0315819831701223
-0.0684848289632388 0.00355543816028505 -0.17287309919965 0.0642292552780224
-0.0689959022069401 0.0314124967983916 -0.193421166831718 0.235053078974487
-0.0724307740370259 0.0739161921883974 -0.102916606835677 0.335965219667139
-0.0531767779701327 0.0785748071818331 -0.0414004806018739 0.351076821657845
-0.0666898182227905 0.0706893287973199 -0.0726423175359763 0.336856993435296
-0.0870363485201863 0.0321230243995033 -0.159087799813648 0.260816779622497
-0.0754719933158855 -0.0197508645126465 -0.230440868485577 0.118723797305729
-0.0607881952798263 -0.0549187325588646 -0.170412621910439 -0.0135279893611403
-0.029832044421923 -0.0846462683514407 -0.0702248156331505 -0.0547806803992151
0.0374047941302311 -0.105840172285911 -0.0591017051221961 0.0701004752445645
0.125967948345778 -0.147554508617186 -0.321487849253454 0.13207969272236
0.10544683601031 0.0176005030514967 0.298053624020926 -0.200232373103227
0.0729742070700757 -0.0465879500960021 0.0688318963928594 -0.154492950818726
-0.0146404650796837 -0.0927377435874355 0.0309757833544172 0.0610399816500742
-0.0964873117690149 -0.0442644035478679 0.137763263715426 0.0592700638008515
-0.0655727584878847 0.0493354511173133 0.225512145027341 -0.0747488668913672
-0.0137655599504457 0.0673687715239056 0.196735374593046 -0.2447998845061
0.0300701709386094 0.0781721218673548 0.0930056973927484 -0.335424670811462
0.0338310508711807 0.0812834403523928 0.0413466284099873 -0.335889916539639
0.026855205038443 0.0866417339385695 0.0803053660839672 -0.329514334410766
-0.0195776654038017 0.0778393215603292 0.15824146018194 -0.232841267163462
-0.0764893370996044 0.0522297449290378 0.177461680958678 -0.0857089928083199
-0.100094463074095 -0.0453114779028214 0.064846236088242 -0.0438691456389664
-0.000405932314681192 -0.092002037062099 0.0465504001464833 -0.13383496039045
0.0665622630666327 -0.0167673295835923 0.249696999236675 -0.279545308302827
0.0552228022494511 0.0422954128690254 0.58895367276594 -0.18756436250039
0.261853578043987 -0.100400492979169 0.237711182874404 -0.16541791951985
0.15690779678519 -0.187956767155215 0.0576046272376308 -0.125608422029657
-0.0438517803144286 -0.251119071145027 0.0375415546292879 0.0726153473201468
-0.230109224157071 -0.138326406409379 0.130422940914145 0.0783269740430932
-0.195574151694112 0.0697092578345124 0.212792654939115 -0.0568869281116469
-0.101853267011904 0.153143940919294 0.191761574573639 -0.206046383148022
-0.0136534022018535 0.215681441354709 0.0944611689599466 -0.290259115775958
0.0164221040654428 0.224300193694089 0.0442216698990245 -0.278496376093559
-0.00460596753713697 0.23078775345502 0.0683860749032879 -0.271257605675733
-0.111833022533966 0.184248267999805 0.134459760067313 -0.17855343550943
-0.213427694352679 0.100651280196489 0.136898062927628 -0.0552402403285849
-0.275907211075299 -0.122010995802365 0.0202621778288179 -0.0342816142007309
-0.0779886596668138 -0.278341746660798 0.020910892621155 -0.144774882318719
0.159985613032843 -0.203015020522503 0.210769888129949 -0.309960231435147
0.25864828402829 -0.094827447625519 0.512818899113992 -0.229481952587264
0.391896237513123 -0.206912117149174 0.12466612913293 -0.11650955272821
0.229840035900257 -0.324971429229264 0.0224900575293457 -0.0713802283454274
-0.0734263397060781 -0.399012876740198 0.0489124611636925 0.0918587230285019
-0.351379821882449 -0.224167382096362 0.124365088905696 0.0866091698844587
-0.313457365929429 0.0822619091747317 0.178409973158959 -0.0431120103789447
-0.182510175385973 0.219530378134604 0.158227426636387 -0.146202116745809
-0.0596798616237331 0.322524571233228 0.0795424706327468 -0.20460425241294
-0.00310373559542374 0.334974610068912 0.0408860351742535 -0.178891908176835
-0.0298356786999108 0.339001219585888 0.0494410891483346 -0.170096166003088
-0.178257094955736 0.268543001987105 0.0931357964207699 -0.0939595477372065
-0.315130738036838 0.14609928123153 0.0742181016656183 -0.0080779554850432
-0.423390240607565 -0.165040030852181 -0.0358994405501088 -0.0148343333675059
-0.166300058566323 -0.419416822272153 -0.0166260281932955 -0.138993596100775
0.211222683311601 -0.367154697339065 0.146659694040561 -0.300390947268045
0.415005716582064 -0.226329749526913 0.373809108083071 -0.230376157758591
0.473168037394783 -0.291855239923205 -0.0326002876316444 -0.0561264418543965
0.273463970861551 -0.439864101568623 -0.0388859281502701 0.0100535496783923
-0.11112258101926 -0.513398512761365 0.0572115597222403 0.118147339233127
-0.450114705296955 -0.278185298741948 0.111334028696598 0.086456127029418
-0.396300827094372 0.0922977311354097 0.117742221140767 -0.0293423046862415
-0.240366836008726 0.260583833581638 0.0953685059062481 -0.0671594291844396
-0.0971213982853336 0.384730440478828 0.0481707118627679 -0.0891479689340147
-0.0208503382575871 0.393577207065884 0.0310978094759703 -0.0533097974718543
-0.0480884430896096 0.395010621276258 0.0276116236649079 -0.0435164054355945
-0.215074991426721 0.310587076956095 0.042605726928573 0.0107057846608849
-0.367503894974621 0.170419134907625 -0.00122614882176755 0.0513761085572049
-0.506502502210656 -0.173596647618324 -0.0943999796373891 0.0124564466158683
-0.23298947623273 -0.488854724275262 -0.0544443831074781 -0.116727935522626
0.219744946763011 -0.467300603027627 0.073464441237197 -0.244110928608338
0.496759065691309 -0.321078398930088 0.197440547071585 -0.184273824465937
0.483833843652079 -0.34284187629839 -0.212487524396986 0.0141366116091349
0.268550272738524 -0.498116842936992 -0.118147526099162 0.108467298750209
-0.13840654441662 -0.551892909792444 0.0531500381558277 0.142411705395913
-0.483799431962595 -0.287109998015937 0.0798328729668359 0.0784343792652177
-0.418148885645204 0.0937734824264056 0.0351619376460078 -0.0076609117865372
-0.257820988328202 0.263054338043663 0.0135966584035225 0.0258860121431303
-0.119844264144609 0.388708972460727 0.00642316334247071 0.0426908937996795
-0.03775905623367 0.393857603566893 0.0163150369863967 0.0803522813899363
-0.0628510891822797 0.38827202927617 0.0057774207674878 0.0890480925435576
-0.220803788977497 0.300051493996985 -0.010556094826692 0.117389486083608
-0.359191272184305 0.157838591159765 -0.0770897207032835 0.109300496245423
-0.489685368235128 -0.165763271249523 -0.144601163464472 0.0356433699201933
-0.242153385247999 -0.472945110099349 -0.0815030279181509 -0.0862112852899362
0.201288196173737 -0.474230780862188 0.0104492912100481 -0.157030449671197
0.496657276087148 -0.356858244988305 0.0167815596715164 -0.104106858419793
0.414032574468691 -0.344755485045995 -0.383898686610271 0.0871008250557248
0.214026939916434 -0.467505781349759 -0.197209763630492 0.203720956333299
-0.138719151610453 -0.485737662676178 0.0348856434505449 0.153130599738102
-0.422359142567814 -0.239045041832529 0.0324242225498293 0.062643267485128
-0.357730103640848 0.0778509232545222 -0.0542178282451211 0.02025525210079
-0.2282738030308 0.220842176038763 -0.0716491641609045 0.117922998772774
-0.120542461438105 0.333575809349129 -0.0363972293740511 0.168601279279304
-0.0481557324996184 0.333980239503348 -0.00109502900948627 0.201217201697764
-0.0715000578182586 0.321365481779285 -0.0177809601184099 0.204962747424532
-0.198613413316594 0.236179960214794 -0.0625151280618431 0.201968338735701
-0.295289508643133 0.107235382636687 -0.144317509519268 0.144544987667306
-0.383119253054307 -0.144133286631505 -0.173938092004816 0.0399321552073286
-0.188169227482442 -0.380941617636657 -0.0905596545483002 -0.064017672719849
0.164263305954629 -0.39047583547385 -0.0300968133730322 -0.0636461682708204
0.421064355257267 -0.32704534894871 -0.138932091292902 -0.0118402846058933
0.275947558742047 -0.288173655062849 -0.515009038522335 0.149008037783229
0.119533479253543 -0.34978113619672 -0.257070548437314 0.277157990386323
-0.112642961324347 -0.324930672048344 0.00946748353869641 0.150407595313584
-0.277828330527065 -0.146176892883774 -0.0138459588729465 0.044906943714188
-0.22912242877817 0.0458208911114586 -0.126858009239888 0.0464206877481336
-0.158659810028661 0.13868450917491 -0.140463242691963 0.190545389277278
-0.10078168260031 0.222787284030781 -0.0713197766313271 0.269498708092917
-0.0519755557246446 0.223222102446692 -0.0194081201589148 0.292326311641072
-0.072903272162076 0.209941614430589 -0.0404300151811291 0.287114950404256
-0.151057364570678 0.140588881453627 -0.109876566718414 0.248633774157632
-0.194329719359568 0.0412420417866904 -0.193270643746777 0.147460116013406
-0.224370996630077 -0.108414258729307 -0.180289414453601 0.0218081395536623
-0.105404571833897 -0.239577676049744 -0.0841906983744333 -0.0540848464181303
0.109430348869369 -0.252683007053746 -0.0494118713021094 0.0131212761832851
0.286683920178611 -0.248982122437465 -0.251164533715738 0.0719901766419249
0.0935431116721446 -0.182607876473371 -0.579258825772888 0.188730206679634
0.00799358928777136 -0.169394264712105 -0.285768186291979 0.32028623213592
-0.0657799981486357 -0.112569974991757 -0.0103881271374399 0.143280307596937
-0.0913060524468568 -0.0335632455607134 -0.041962935921635 0.0300521342326596
-0.0661611525595339 0.00366879414482066 -0.165310101434763 0.0641489828291816
-0.0661115043368357 0.0318705068411319 -0.179812270907524 0.230243614578403
-0.0669192954120402 0.0740169790404846 -0.0928024844884334 0.327033166408997
-0.0478229593210506 0.0780373986143094 -0.0337286061861974 0.33960726020216
-0.0621940598323359 0.0707303299487316 -0.0621630535782212 0.325913906601262
-0.0826959974349584 0.0338560535195133 -0.147678056333024 0.254477355652198
-0.0744016867617519 -0.016384435012397 -0.219792483558251 0.121431254390624
-0.0603432206396249 -0.0496684912665977 -0.165516652778902 -0.00805645451294616
-0.0321788757201315 -0.0800644358360148 -0.0696555907724693 -0.0513582169471638
0.0326120740413796 -0.103834228582476 -0.0565071061105376 0.0670829616832439
0.117193435004857 -0.146761658205218 -0.310665208930558 0.134729836714436
0.102623657805926 -0.00224680253400153 0.26727419303897 -0.256520567138754
0.0602111258675016 -0.0573893642761568 0.0444228862496136 -0.166693682139269
-0.0315068351501452 -0.0835109501870164 0.0505410386124079 0.0470346630925749
-0.0991060769417682 -0.0220928533382788 0.148554385498327 0.022977041405164
-0.0526867697374364 0.0568722568711751 0.202253576312067 -0.11847621825829
-0.00376696097343221 0.0650140693135166 0.142221642863208 -0.276510564159595
0.0426626620424023 0.0650907661793688 0.0231575425574311 -0.339123502919075
0.045697677108733 0.069900343463875 -0.0244147446376405 -0.334225335618357
0.0415959552614266 0.073804013199653 0.0134205719170326 -0.341473163175592
-0.00302002156525451 0.0757893730099451 0.108917177853962 -0.265728995156545
-0.0598339096097803 0.0622578216015088 0.158043679226339 -0.124234537044936
-0.102150686573003 -0.0251683277024133 0.0562223288691745 -0.0584332416814081
-0.0151300360847346 -0.088687957972801 0.0214406419401152 -0.142688343336239
0.0677437282894022 -0.0285824224969169 0.186132135491758 -0.329561889785194
0.0710211227457889 0.0329055107366414 0.548472222784421 -0.301948753150306
0.226970087227359 -0.140841479072548 0.225351225518636 -0.208092951488512
0.112085447686631 -0.206716301995577 0.0476472163719352 -0.136872181690126
-0.091086539462578 -0.226635777745344 0.0685228326615033 0.0475727091001257
-0.244315152651309 -0.0810388014936648 0.148183852381179 0.0294298618904391
-0.172840447146749 0.101723349895726 0.185999018178577 -0.103450444116339
-0.0700392163786493 0.164161929987859 0.137848671884364 -0.238909289258566
0.0314038585023394 0.203825122840911 0.022367576536937 -0.294739864512735
0.0566929037735191 0.210029282526405 -0.011149711379972 -0.27937294754649
0.0389531771642617 0.217576441342365 0.0147176247833759 -0.28355611549568
-0.0714164886328551 0.196123675891461 0.0969258284277038 -0.210140556383695
-0.180891125055019 0.132846966334762 0.123790280709037 -0.0866599625073236
-0.285237705759845 -0.0639856691750708 0.0177212762883404 -0.0422861808240816
-0.124866816677373 -0.250550908188105 0.00266079781935547 -0.151077209696095
0.12075115448454 -0.227732460719749 0.142256812457128 -0.340776051142263
0.240407055360591 -0.141911715400767 0.45990166628826 -0.314099996044399
0.3300555826696 -0.264849120736025 0.13135634354176 -0.1361643735237
0.154051906985964 -0.350264179322758 0.0313363955159447 -0.077667398113338
-0.149051243741757 -0.359172530405501 0.0918208725218102 0.0555375195902458
-0.37782661035315 -0.134573883643593 0.146966945751091 0.0266274661077859
-0.282720110582858 0.136893410389334 0.149149052505259 -0.0884365373064879
-0.134448674527692 0.24319999012224 0.111030687759991 -0.175496086464615
0.0125199507222295 0.31476630834083 0.0145996090550592 -0.20964236917254
0.0594016739478372 0.31876345247293 0.00382143246790814 -0.181563058433871
0.0353053180724232 0.326422716397331 0.016390375680178 -0.18118427357942
-0.120507986788221 0.290183950681332 0.0728749832243621 -0.120376091090129
-0.270837093028479 0.194132742913382 0.0711041507168163 -0.0279430043185966
-0.434322180834044 -0.0754358821058281 -0.0308850067624577 -0.0137175432217483
-0.236195486682429 -0.367203620729454 -0.0264808136514416 -0.139996935706537
0.136226331366588 -0.397528635718174 0.0832140467095972 -0.308623803240774
0.364916246842389 -0.301098469671994 0.316353723824752 -0.276271610267777
0.390420686215167 -0.359405022608284 -0.00925004359094293 -0.0441061051194266
0.173360474227036 -0.467933794044068 -0.00965044696750611 0.0146096208534637
-0.207310297767276 -0.459049569115783 0.111040869420613 0.0727926874600463
-0.482095510129565 -0.164493254745667 0.135456886314528 0.0198384018847474
-0.360469001313664 0.164317784161082 0.0883674034063894 -0.0669209838671147
-0.180168320660703 0.294632329365303 0.061205575360138 -0.0881542615759848
-0.0096385207260758 0.381720971726866 0.000770951703428541 -0.0915585861079307
0.0537711661998878 0.380100153527839 0.0181585602217821 -0.0576300237940751
0.0288475075349636 0.38305333183851 0.0207770676428598 -0.0526145181637978
-0.148462547390094 0.338737316017817 0.0445507271327258 -0.00653551740227814
-0.316098739639395 0.227926611789622 0.00835159471906224 0.0468674511901556
-0.516494821579607 -0.0671215883455044 -0.0815855856673169 0.0242795241861258
-0.314186129150001 -0.420021351294942 -0.0559434496348804 -0.111736328673913
0.123803038761237 -0.497871468901013 0.0230121816756573 -0.233614713433483
0.422242067715691 -0.411619228630696 0.148498078035228 -0.188872024816027
0.391060180989007 -0.408824188761102 -0.175091262767517 0.061682531526266
0.158152907682807 -0.523778746558328 -0.0680782343564209 0.12732974817947
-0.241133716407176 -0.490831567468095 0.112786093946523 0.0941965583708148
-0.516113528359927 -0.166076382329859 0.102806179866851 0.0143331331075358
-0.380258942751522 0.170110942148969 0.00957637692709172 -0.0309202043245951
-0.195517804464934 0.300989830228311 -0.0019818063134501 0.0172474583321174
-0.0286776853250993 0.392576399461829 -0.0163552443498578 0.0427097551669092
0.0385834761864467 0.383253077043368 0.0297118609937236 0.0759443638839414
0.0140737161453972 0.381597317509118 0.0252756134371664 0.0824320723610709
-0.155501917143971 0.329603623875599 0.013451045042133 0.110473725249716
-0.311164775746999 0.21441156452781 -0.0549389820111606 0.120563179648016
-0.501121813338563 -0.0639062539448379 -0.126737317860358 0.0584897596454536
-0.319214319600182 -0.402021755000008 -0.0773106190685194 -0.0764678488211003
0.101629488260593 -0.498831501240862 -0.01930995887795 -0.133096456567959
0.411559181950514 -0.445555905354092 -0.0160913370542497 -0.071937915352107
0.324761862944006 -0.397198803892276 -0.337029687643937 0.164994556634524
0.112156000153157 -0.485373340297935 -0.132961391414178 0.237747273670948
-0.2298327374344 -0.430581336778414 0.091997177666822 0.112395995387265
-0.44958044746477 -0.132775381879156 0.051765503906643 0.0138834906183429
-0.325788659790161 0.145004445101837 -0.0698069026249504 0.0156914810963362
-0.174637008619876 0.25556951256833 -0.0648446053315995 0.124116865969326
-0.039808680153721 0.340433341290116 -0.030964074367104 0.172138244769694
0.0183554556680249 0.327472240674528 0.0359674359383899 0.197414057166122
-0.00718931671337406 0.321077428695168 0.0251444295474906 0.201822913135752
-0.146799304233944 0.265261789068138 -0.0209645482986621 0.206529045278529
-0.261595003882311 0.155907968257607 -0.112647239282567 0.171147747074376
-0.39500264586645 -0.0639061603359759 -0.156537965699482 0.0714355763521248
-0.252553322720273 -0.323695854384494 -0.086121528604347 -0.0504069421606407
0.0815370967262607 -0.410836487411938 -0.0413962206723538 -0.0365234176316259
0.339854024530755 -0.401589811631356 -0.151337798888147 0.0469281052050869
0.205122831395575 -0.320685598922954 -0.467119810537275 0.250418840932742
0.0465874185253688 -0.354427999869892 -0.187067278697939 0.32360913644318
-0.172060654715925 -0.284607119951209 0.056107777321331 0.124768726594752
-0.293695003454763 -0.0762699433929149 -0.000930384933359414 0.0194616747676738
-0.210141626540833 0.0902190248809099 -0.128712854708606 0.0605977914363676
-0.123171806525329 0.16520961722219 -0.112479150579395 0.209783638327327
-0.0444586411099351 0.233182129968993 -0.0375605871747195 0.275315746522161
-0.00542679512054164 0.223721441588688 0.0361731716594705 0.288671155433324
-0.0287867091915933 0.215665238982617 0.0183144459900615 0.288092874609659
-0.119194456040502 0.164940766389726 -0.0578893406051902 0.265284241964904
-0.179244710618684 0.075055480656462 -0.16029121246771 0.185445939789473
-0.235650549583686 -0.0599643234648715 -0.169063104569116 0.0580003355608504
-0.147218273904291 -0.205992695498469 -0.0845680272472409 -0.0391886955021826
0.0525786392143101 -0.265802318425742 -0.044784029165893 0.0365541552028898
0.222757048894769 -0.299234659569518 -0.243218867015019 0.143573982906953
0.0525368038116039 -0.18831114794271 -0.537648597867021 0.300189927109647
-0.0239995254871551 -0.161699787692036 -0.219497704430861 0.374197323536003
-0.0844917517634231 -0.093533532324253 0.0225666444093912 0.134886068950976
-0.0938523771669012 -0.0106193073495508 -0.0349496288593784 0.0277911410988476
-0.0632176795136005 0.0180729299657676 -0.15370476123942 0.0913428137221071
-0.0546453250412027 0.0449415271706659 -0.135898078724381 0.257809698356253
-0.0442962873336886 0.0863632599153263 -0.0363247553838825 0.334729509193192
-0.0292020890337649 0.0841055865509155 0.0309298062959178 0.337596162046036
-0.0446185030308625 0.0820096300489364 0.00374245232856018 0.332548253662127
-0.0733796581776701 0.0496635597752672 -0.0939226152449649 0.281547948119002
-0.0764951246275925 -0.00106212215118175 -0.191122839008423 0.166673871375633
-0.0683849381061857 -0.0359675197332646 -0.163593415280339 0.0273302820015062
-0.0469545507958596 -0.0691817274834112 -0.076942906708972 -0.0361631598593264
0.00802318587619034 -0.106940548147221 -0.0412986188969313 0.0825236948853038
0.0777938027657071 -0.166471947783975 -0.285379369235442 0.207673239150445
0.103660947296738 -0.00322976175473519 0.267594946345378 -0.267600312386254
0.0613470457886509 -0.0569527076832661 0.0437518789293656 -0.17006275065449
-0.033033681704951 -0.0831636101298436 0.0544684824462094 0.0441322658975926
-0.102180770534897 -0.0196598519831286 0.150243921138824 0.0185478508853711
-0.0526079513880962 0.0596800230732922 0.201953369411305 -0.124130183201612
-0.00233229767931808 0.0673925902998031 0.135594318421907 -0.281886457414431
0.0439576588186907 0.0654970778598925 0.0155702682873152 -0.34260047875347
0.0482975969507821 0.0689465982632178 -0.0311164309742249 -0.338338001772976
0.0434734569127631 0.0737347475893428 0.00638243358694034 -0.344170017209524
-0.00234031553228725 0.0766975537998467 0.104321594615175 -0.270145051848677
-0.0593786568648548 0.0639838521645084 0.157051592699386 -0.129712207598469
-0.104130870547214 -0.0240629193162815 0.0542102356329617 -0.0598177890330892
-0.0159742414613166 -0.0904946709570797 0.0180381759872733 -0.145450876497495
0.0692999683135724 -0.0293333611649347 0.182875965136835 -0.33742079955796
0.0719372551449403 0.0326550409447048 0.553828798895473 -0.315839903567737
0.227387471657257 -0.146122456013576 0.227170902973319 -0.216564803117734
0.111285860127336 -0.209328546201883 0.047347064257399 -0.14065580926316
-0.0967667848449213 -0.22625126749427 0.0731784215254732 0.0438850645375427
-0.250988210009917 -0.0754304274204536 0.151314144158403 0.0245866180110072
-0.173971463462801 0.107873126320126 0.187057230140534 -0.10829905932674
-0.0672268946016118 0.169642923221856 0.13283999130771 -0.245210654948135
0.0365744328707205 0.205671189881603 0.0174269366971551 -0.297355236388997
0.0643342722447343 0.21003096636142 -0.0161530173355862 -0.282232685006798
0.0455370189668577 0.219474010175856 0.00908067284626289 -0.284389713378279
-0.0687691604186714 0.201073053850967 0.0939139840389941 -0.213278338764202
-0.181235855602522 0.139333093085957 0.123914835732016 -0.0904540168819948
-0.291273530749916 -0.0576080107557494 0.0170281903783651 -0.0431041965918471
-0.131773528368138 -0.252664541415441 -0.00131359903775911 -0.154227064583273
0.120195250679673 -0.233517286005361 0.137257271093978 -0.349352091259453
0.240138008068447 -0.147770901183394 0.462991208748193 -0.329234425041879
0.330254257973986 -0.272579241863939 0.132630434034434 -0.142304489627284
0.150773047142228 -0.357356049847957 0.0314646683441158 -0.0795151523415989
-0.159381497392072 -0.36041336215164 0.0979290090711905 0.0512829307172745
-0.387825909287794 -0.126709911422555 0.151284967907142 0.0213575547785593
-0.285280873353143 0.14614758229674 0.150549495774916 -0.0932055644331102
-0.129646800785778 0.251659253800317 0.107518638661278 -0.182106267969772
0.0203255442834175 0.318134750932009 0.0122456391537344 -0.209661716318408
0.0707308421615132 0.320113876085093 0.00131561753963615 -0.183301416387835
0.0454155742709095 0.329920899282352 0.0139595111381776 -0.181508313105622
-0.116889238367721 0.298290748328497 0.0726778079451045 -0.122039829206505
-0.271428744146736 0.204547881206858 0.0724224654865715 -0.0291106606800345
-0.444902911379709 -0.063792595132914 -0.0304969170572995 -0.0122483113898015
-0.248457695767255 -0.368539424689489 -0.0311062893685881 -0.143661075354717
0.132585703552787 -0.405880794589977 0.0775078300224494 -0.316879280717341
0.361361316007958 -0.311824989394134 0.317851622691021 -0.286374116143989
0.388314159248449 -0.371847129132002 -0.00778968374781013 -0.0462711638437954
0.167627152751725 -0.477313450883854 -0.00699304310508967 0.0140205008720451
-0.221640233650121 -0.46000153392387 0.118580231839401 0.0681810933323605
-0.495584874629415 -0.154272689695528 0.140249531639253 0.0136536435278159
-0.364417813029284 0.175148682391775 0.089844365220485 -0.0709028998760152
-0.176128308642582 0.303865833552474 0.0593182130644755 -0.0933046363224321
0.00117312656670674 0.386037910447609 0.000807101749026713 -0.0894683070119974
0.0668676692711782 0.382263567625287 0.0183975012306751 -0.0578085230121821
0.0397962541621735 0.388279842700707 0.021132666591959 -0.0517152921272424
-0.143185681118428 0.347778626293937 0.0461541705405502 -0.00606550804544624
-0.316744783974889 0.240280359701432 0.0113394404595165 0.048571552532042
-0.528191853774435 -0.0552761760431084 -0.0813079389940199 0.028274765239353
-0.328954884347925 -0.418120480741272 -0.0602581682045993 -0.114253172455932
0.116234858364195 -0.506250203957377 0.0169197789906004 -0.239426183912011
0.416922587912093 -0.42556329622389 0.147604652612339 -0.193327267182377
0.38935217579947 -0.421079285612941 -0.175318275291364 0.0644222275311106
0.1500465061163 -0.535704784361344 -0.0651444998897075 0.129879469984675
-0.258042041357244 -0.493665220657573 0.120850642250973 0.091338899803597
-0.529527931127178 -0.153743709761344 0.107201622071817 0.00856424826227333
-0.384636641351674 0.182005725339453 0.0112806846024078 -0.0330839172581472
-0.191618635725781 0.310620712111534 -0.00218387311694666 0.0147401107685693
-0.0170493015183116 0.396844530360709 -0.0130063348950429 0.0470255240994141
0.0524048814160928 0.385553664349681 0.032338021943164 0.0767137349353733
0.0253681935656852 0.386322483197929 0.028584810677391 0.0839342128462654
-0.15154027717365 0.338541083109374 0.017587849022352 0.112831905303442
-0.312998718223028 0.227205800158157 -0.0506455452240498 0.125234258107067
-0.509323280795089 -0.0488212485735377 -0.125248267220432 0.0635401754890601
-0.335055467153307 -0.399941219115814 -0.0812519969274799 -0.0778697771073711
0.0949444968277332 -0.508877423272886 -0.0250674357810992 -0.136946871295654
0.405124595491954 -0.460715490731797 -0.0179659503404538 -0.0704137693674809
0.322439846333326 -0.409205340826846 -0.338955775869436 0.172928494829723
0.103281270084236 -0.496012900320496 -0.128710488475831 0.243967742020971
-0.245911175734397 -0.431038344016293 0.0997792704410193 0.110930846406542
-0.461254164571716 -0.122525468440502 0.0551862421309025 0.0091637053290237
-0.329658329745377 0.155522213489252 -0.068723559677125 0.0153517483511784
-0.17144868591244 0.264554378479016 -0.063052923494242 0.123721386494294
-0.0299294855493338 0.344783647941388 -0.0249675272384818 0.178240054435328
0.0298476766969577 0.329534657722252 0.0407389783675729 0.20009078273641
0.00277789372339809 0.324935960753534 0.0307294182241839 0.203760713522367
-0.142878704714914 0.273052107304318 -0.0151985812990878 0.210254653906693
-0.262897643765559 0.165230228628988 -0.108665822187303 0.177682626621457
-0.402570306423158 -0.0523576249101195 -0.155451095324433 0.0775878918905813
-0.26432354035212 -0.322677670957471 -0.0890393595550791 -0.0508919327196873
0.0736689287239853 -0.418580777241254 -0.0448763355869403 -0.0387406174708253
0.333675364715671 -0.414509940788158 -0.153812127299274 0.0528705210769592
0.203082612806293 -0.329257038865925 -0.470046274674265 0.261626209470908
0.0395048341218366 -0.363427782933666 -0.183155414482794 0.332456704578084
-0.184473545429126 -0.286304973378667 0.0628298896290268 0.125576474095787
-0.302204276201471 -0.0690648060977249 0.00214194750025226 0.0165463906291355
-0.213163726358751 0.0964280638449459 -0.128192452982014 0.0611973718139239
-0.121559629180214 0.170115502080504 -0.109558046890146 0.212239838543039
-0.0377242181119533 0.236960360482698 -0.0307487139081323 0.282280261348414
0.00261795530728489 0.225195261691292 0.0429774969916244 0.292411345993794
-0.0222993274320202 0.21951853251304 0.0254345151948455 0.290647127635793
-0.117085305573908 0.17055555458553 -0.051403352230991 0.270098974682003
-0.18021630715187 0.081291996278689 -0.155925939784405 0.193303489309971
-0.240715191733889 -0.0524388057168064 -0.167960740389801 0.0641544267875524
-0.155372608785434 -0.203874327592402 -0.0871792190024974 -0.0384713614096458
0.0474237335553061 -0.270427192424689 -0.0471355620243874 0.0352030372500007
0.217839502754549 -0.308776858588232 -0.246082023826326 0.152757928685428
0.0498507652360826 -0.192918176336373 -0.543091545096918 0.314565438271727
-0.028928904024445 -0.165889764871602 -0.21605883937131 0.385082769569159
-0.0909348200643513 -0.0947369256738644 0.0281343016948441 0.136975399630984
-0.0959357948966484 -0.00834983652882489 -0.033095896093176 0.0267494136630365
-0.0642629832204011 0.0191410472840505 -0.154492113352937 0.0935920724258269
-0.0551770845883103 0.0461865772367496 -0.131242228923327 0.261873778118783
-0.0413881097138793 0.0878722224871554 -0.0284484119455615 0.34073809295702
-0.025745384098619 0.0854233228170578 0.0387936113383602 0.341230139231787
-0.042238106497903 0.0842414207285246 0.0105196878849133 0.33539627238762
-0.0727061106672063 0.0525235475741041 -0.0877856125260206 0.286510711133999
-0.0773577933662234 0.00167454907105264 -0.188243730847675 0.174919284680614
-0.0692844369198094 -0.0325600391812293 -0.164474490387024 0.033467590255751
-0.0504913270129574 -0.0669479607315927 -0.0797392626808399 -0.0349564436831682
0.00459891003544009 -0.108564000147426 -0.0423513040537666 0.0819554311541102
0.0734924865141745 -0.17093651781777 -0.28766377664042 0.21878421898193
0.104628376320349 -0.00713201397029023 0.260865634561519 -0.285897613724733
0.0618911069220449 -0.0593628373809873 0.0365847917861732 -0.176204474131222
-0.0363132417191328 -0.0819418049567099 0.0589579950022893 0.0386614405866243
-0.105976925435677 -0.0139545765119191 0.153298202369194 0.009441583760288
-0.0506981255439446 0.0641438499507992 0.198276555406273 -0.136161335436609
0.00129668403392657 0.069995716552166 0.12181610628898 -0.292510884966023
0.0474415230317757 0.0645422130284687 -0.0033129711495451 -0.348492517410405
0.0529313144621152 0.0674780327077077 -0.048625125731876 -0.342318920904182
0.0484435476116743 0.0723837204838298 -0.0116232835750017 -0.348550575102463
0.0011671018976983 0.0782685368292058 0.0921504860766629 -0.278936706253449
-0.0572580196542118 0.0686392668911965 0.152391575560725 -0.140557189486811
-0.107316916502553 -0.0196928275353839 0.0506716474063872 -0.0629055667461756
-0.0205104054400134 -0.0926623770697972 0.00951458990782274 -0.149205374589847
0.0705408754089951 -0.0326284911620337 0.168657135658439 -0.353068208354208
0.0741595379436551 0.0308187025985319 0.551648276912622 -0.350215530038627
0.222915902852568 -0.157794897516546 0.223057571173639 -0.23317010303252
0.105140719138911 -0.21651412240619 0.0429178856914812 -0.146062086795822
-0.109613611012547 -0.224193091424512 0.0789640181356814 0.0371823705484142
-0.260690704317531 -0.0616761735857702 0.155574334741173 0.0143019626550971
-0.172277594319644 0.119851036243206 0.184871666469057 -0.120256905403813
-0.059042177256997 0.176977504551607 0.120314553018217 -0.255768108731318
0.0485669855467784 0.207091983251127 0.00227626770883839 -0.301293796264643
0.0780942197980382 0.209195881676741 -0.0301756538820972 -0.285650084276479
0.0588040098888026 0.220601504308148 -0.00504341493678058 -0.288290876646589
-0.0595752165774453 0.208839641576821 0.0850206634786038 -0.220762255160079
-0.177410766255802 0.151809797238664 0.121458506271536 -0.0988871460223467
-0.300757285708587 -0.0418472955826183 0.0148360239626955 -0.0438271789249773
-0.148164456164686 -0.250333408499961 -0.0104777948732052 -0.158305836807762
0.111161762294846 -0.242753424006649 0.123223247457996 -0.364128147086391
0.234932965295737 -0.162031394940934 0.456176550997465 -0.357499765272011
0.321140643331002 -0.292855147827902 0.130808236731569 -0.15260693661935
0.138626742168624 -0.36765707912979 0.0300549498668922 -0.0838157455620165
-0.180787466414713 -0.356006423062788 0.105366255213948 0.0429311082608449
-0.402456728481467 -0.105862469824192 0.155611386360396 0.0101018695106026
-0.283944271312337 0.166029634056239 0.149399061998265 -0.104010217389169
-0.118418792869745 0.263533364006171 0.0974355676408396 -0.192080351788178
0.0391744891152114 0.3218510298777 0.00360924839254693 -0.212107448670121
0.0923942800839094 0.319731474642611 -0.00704151951080817 -0.1860137003814
0.0652816948030157 0.332955531008374 0.00595307947009506 -0.183682052521748
-0.103439820487698 0.311166500545091 0.0690161807201633 -0.126390135837998
-0.265975780502551 0.22416519318786 0.0738028631069409 -0.0331640981513047
-0.456163971994491 -0.0387810745305477 -0.0314102851470329 -0.0108891497044727
-0.272726639780193 -0.361740385243444 -0.0404019794313096 -0.146515917059426
0.115912746416188 -0.420285907634108 0.0617174594549055 -0.328210847819954
0.350042510880116 -0.334298268895502 0.31144545066125 -0.307270779717222
0.377740743048881 -0.396320542817692 -0.0081410453067377 -0.0480160340261251
0.147125438721243 -0.492407225023725 -0.00474481104487045 0.0136388984247508
-0.25236098351258 -0.45573674880354 0.128215750441474 0.0598901551611976
-0.513929533276053 -0.127311106221574 0.145224204797767 0.00217501545674657
-0.363478860226535 0.199030445779218 0.088743212256736 -0.0787305508970902
-0.163021772869639 0.319597351701506 0.0538269305704297 -0.100346326759743
0.0231660186496229 0.391940615807557 -0.000404708100708206 -0.0886161182355909
0.0922661672890788 0.381745145956804 0.0173992948681249 -0.0589051038678758
0.0635225796786188 0.391361447522304 0.0203790264056384 -0.0523176534704256
-0.12799968299627 0.363594298042062 0.0487477696638045 -0.00796022707165588
-0.310438968274438 0.262427949636532 0.0164460723906127 0.0498615618860823
-0.540154202697682 -0.0232928698623074 -0.0792778432700302 0.0330794345799927
-0.358888591998388 -0.409516899137971 -0.0689189122796769 -0.114595405073284
0.094102394784766 -0.52107113155848 0.00418428440363255 -0.247201817850338
0.400241699494485 -0.454501924714047 0.141531274094011 -0.202819471953175
0.374827971649272 -0.446738032269579 -0.173773850630621 0.0720300466994622
0.125301403165433 -0.552485534864298 -0.0578663120819904 0.135182622738637
-0.292008169066715 -0.487778415070404 0.131984416087771 0.0833593415047259
-0.548643664967214 -0.124200613139405 0.111183069316613 -0.0022973163606742
-0.383255698924263 0.208018493925208 0.0107669835289081 -0.0368588986462644
-0.17849972373051 0.326809779353112 -0.00315024407250919 0.0120617733643211
0.00544271763138597 0.403575778767556 -0.00752210439044225 0.0512293899874968
0.0787596482533241 0.386747294005984 0.0380213950219377 0.077218559749205
0.0491414026584936 0.391662873708825 0.0347290053341191 0.0845429702092889
-0.136742175486663 0.354098008515422 0.0255864596175286 0.114448310729273
-0.308245530669053 0.248357192175637 -0.042195478455481 0.131972709232412
-0.52404368362249 -0.0195259932813251 -0.121671456961774 0.072552354492092
-0.363878323356286 -0.387936451290621 -0.0886390171959074 -0.076319344674909
0.0716737508541438 -0.52379507373314 -0.0355169343884875 -0.140235477412036
0.384273687023234 -0.489317533957539 -0.0219796807293373 -0.0681637429220299
0.308081335925664 -0.432449243933316 -0.33670144695359 0.191873601121131
0.0788880546925701 -0.512312291303004 -0.117249359242928 0.255237233660299
-0.277828669219391 -0.426216358973854 0.111739119787321 0.105787518455127
-0.478925733217937 -0.0974198587620989 0.0587736386525138 0.00171443226377709
-0.330334080205047 0.177547044465786 -0.0684759498291721 0.0163515468335795
-0.160745054265121 0.278472184666299 -0.0589169228000445 0.126501378885177
-0.00963416948871795 0.351379848534264 -0.0125087893497962 0.185088921245911
0.0523376090711042 0.331826853088872 0.0529231285596893 0.202256783558346
0.0231253408573597 0.330058987914153 0.0429030568893152 0.205964464493838
-0.131486362597758 0.286514878573995 -0.00256425528082911 0.215033146671865
-0.25953298940862 0.183926831161972 -0.0980624899888533 0.188712540144526
-0.412300260762903 -0.0276078882957257 -0.151685361571762 0.0884825533188865
-0.288336462617772 -0.310605355381364 -0.0955542583407108 -0.0482944246009661
0.0544288783034925 -0.428989750424485 -0.0508880235431474 -0.0391272083883127
0.314790963616979 -0.437645319537162 -0.154518371029307 0.0647842395475501
0.190386698436567 -0.34569009811188 -0.466594207039384 0.290072613682801
0.0199626053591283 -0.372631206124414 -0.168002622999795 0.347899004835522
-0.207128468320647 -0.282113377760574 0.0744498986196582 0.123599268774968
-0.312797452329303 -0.0529745754962487 0.00434040055440614 0.0129354077201021
-0.213944353467069 0.109961736690386 -0.127673895120608 0.0667493424640949
-0.114967423106159 0.180365444082456 -0.100040443438814 0.218710012437411
-0.023265756741836 0.241728966470495 -0.0136229805184527 0.289777990755553
0.0177571734363549 0.227205481978384 0.0593548226380604 0.296377643855405
-0.00895546865053456 0.224226099796337 0.0409307613818307 0.29458898147092
-0.109506578682851 0.180139462123351 -0.0373693784495599 0.277193058718908
-0.179362393246873 0.0934366202083162 -0.146069080846382 0.206608639005853
-0.24687488557568 -0.0373433859376015 -0.165245322631356 0.0754074766025624
-0.169856418188174 -0.196635340028213 -0.0928311646730943 -0.0347580695773025
0.0338749720047334 -0.277499513359661 -0.0494530092537858 0.0365276902915407
0.202431105268178 -0.325311243090691 -0.243317314297653 0.171707851172729
0.041563441243901 -0.19917566199219 -0.539328486360399 0.347258048407204
-0.0404878915908407 -0.169672031544398 -0.199425945206165 0.40415085196859
-0.100743292264544 -0.0930972299810354 0.0380578124067464 0.138156471379619
-0.099076414171483 -0.0028507341563691 -0.031536370096633 0.0261282442826854
-0.0658717314473405 0.0225296755748271 -0.152665090567448 0.100886735996389
-0.054639282074385 0.0498008845518661 -0.120315932888078 0.272078708378073
-0.0355855661200597 0.0902999792667878 -0.0107928521672638 0.348896726603512
-0.0200249244592156 0.0873346390905052 0.0565248238595355 0.346306762569227
-0.0372490367429084 0.0881235036767244 0.0282435081285668 0.339134461093403
-0.0705279101952671 0.0570326985255868 -0.0738346299647389 0.295533906720413
-0.078708543338721 0.00648607970844831 -0.179773086136866 0.188909058401467
-0.071363760219676 -0.0276010605904193 -0.163624137752171 0.0444800986369521
-0.0559396993753669 -0.0634075073741632 -0.0842861937595222 -0.0302539147176208
-0.00214917044561896 -0.110868542590135 -0.0413205293220866 0.0841039906754343
0.0641031485124442 -0.1786252745401 -0.282995659662756 0.240589283285342
0.102843237800225 -0.0133257174679054 0.239173347246015 -0.303803274497507
0.0601108391110894 -0.0618958662628565 0.0238200286338029 -0.17773803329718
-0.0402151880472379 -0.0786271195076346 0.0619467284643942 0.0307753415832236
-0.10669215236451 -0.00524725616002428 0.152309240417325 -0.00351288872720287
-0.04566660371359 0.0677388911303534 0.185801692685039 -0.150172361517417
0.00748059300983239 0.0701932541063304 0.0966286233293028 -0.297935481916168
0.0516404432111647 0.0609829033572297 -0.0298323934731611 -0.344154152535227
0.057745528171403 0.063013873792628 -0.0723620725722877 -0.335416970594964
0.0530556658231187 0.0675127398924322 -0.0367367233513919 -0.34273057397679
0.00660081463567891 0.0774834382497614 0.0705389284193916 -0.281258987540776
-0.0514325872999716 0.0725767447351013 0.139806836428982 -0.150519694597057
-0.10826390561028 -0.0124804954370611 0.0438486984324777 -0.0648950994062974
-0.0264618065812668 -0.0914481004243015 -0.00322762862371555 -0.148802825509173
0.0687792435877221 -0.0370293689201261 0.141952312824975 -0.361709564635245
0.0752947411272734 0.0268379533157677 0.522763638096202 -0.389310826250631
0.209753724463322 -0.170958690906557 0.206986768728203 -0.249279462869788
0.0916083705201238 -0.220160004017322 0.0326853473342419 -0.148669669729307
-0.124361387167981 -0.212519996911415 0.0818031577752765 0.0267324546542803
-0.263664373282232 -0.0398964177155772 0.154314408141251 0.000192021223859714
-0.162366799342336 0.133267718941767 0.17383273995899 -0.134208857612951
-0.0442843789057856 0.180751431423734 0.098067700281369 -0.262289658235301
0.0640430693431748 0.201112901718301 -0.0194976793911481 -0.297884226097997
0.0953474571650298 0.199707175789219 -0.0495001852197092 -0.281117605826006
0.076079580463227 0.213091633466891 -0.0254346670641755 -0.283197567029275
-0.0438395008745999 0.212595778249211 0.0688418665810792 -0.223880977881233
-0.164387548969109 0.165145286283519 0.113288436995438 -0.10654969265483
-0.301211785964207 -0.0175267396119997 0.0101954869014407 -0.0443668124595742
-0.166251322294334 -0.238089993249745 -0.0240854796472634 -0.157171885864076
0.0942688481881706 -0.248584873914215 0.0947175852761889 -0.3705328131949
0.21981845535601 -0.175605414133207 0.428445213367276 -0.389116863732123
0.296627374958409 -0.311867918775821 0.122036768478778 -0.163345193436693
0.114179740770416 -0.373431092003832 0.0252843392441338 -0.086478174436607
-0.20666505954682 -0.338471945176646 0.109763927781151 0.0300982683272421
-0.4077698342269 -0.0716396701981598 0.154604848290618 -0.0056825626169935
-0.269860235782798 0.187357284740063 0.140105176282597 -0.116282764347412
-0.0973222875815097 0.270977611566865 0.0800975272457564 -0.197905070671988
0.0629251040957495 0.314899783906341 -0.00987390456312441 -0.208639233061752
0.117969930873904 0.307479026112521 -0.0191169826467514 -0.184309299181057
0.0917845665089253 0.3239313118968 -0.00610012485731684 -0.181260846534236
-0.078902066507408 0.317926830567502 0.0604851488387586 -0.12976809937705
-0.247013911180396 0.244133698658108 0.0715876335492255 -0.0379001045238551
-0.455350625792131 -0.00348302044206557 -0.03266727474703 -0.00803629375599886
-0.299328262277312 -0.337920032354428 -0.0527312459016062 -0.143737863273905
0.0852984697697808 -0.424481774498612 0.0363734606547615 -0.332733476108016
0.319491906294443 -0.355432149994273 0.287104836878648 -0.327353038191554
0.345075372428985 -0.419200817809279 -0.00874444465667953 -0.0493145683641193
0.112443754107577 -0.498566122212835 -0.00134067305013028 0.0127211227679823
-0.28539859576195 -0.430524951620437 0.134664913164686 0.0448216070432161
-0.520630880864625 -0.0841311517365442 0.143725507887412 -0.0138825716572201
-0.346395835965917 0.22867916666232 0.0825281944636584 -0.0876156155960267
-0.136942372745902 0.329920895742442 0.0432863205147402 -0.104814842715532
0.0539590659761655 0.385229259742784 -0.00364114392845622 -0.0860717838457624
0.123655259061884 0.368807340329387 0.0146996492175346 -0.0598799712021445
0.0953166874260839 0.383530329896533 0.0179157539212514 -0.0526168957531103
-0.0986359242393268 0.371214450565229 0.0492658263492678 -0.010336130201563
-0.289540184344047 0.286839488721762 0.0225645104106462 0.0490620560129815
-0.537589103263196 0.0205028668362853 -0.0758835892738528 0.0384868929577339
-0.389969528061531 -0.378041467743908 -0.0791024596843422 -0.110169733320933
0.0559717229386595 -0.523769973083521 -0.0167852164829346 -0.247062027134382
0.358983134533244 -0.476721942476106 0.126749992371552 -0.209828553445809
0.339453204143762 -0.469960676146806 -0.165426532601107 0.0821760189131385
0.0849048380443234 -0.556084745458652 -0.0452540612137699 0.137353298678002
-0.329175857432065 -0.458702009768859 0.141041054677032 0.0684961246655163
-0.554523925708865 -0.0789917321514182 0.110535112446331 -0.0160754404507646
-0.366230844268496 0.238062307426463 0.00781946472648941 -0.041209991696949
-0.152195992481113 0.338069963206695 -0.00407549123574875 0.00976280570258972
0.0374723388002983 0.398010806848507 0.000176645677100048 0.0529644880496148
0.110509689148718 0.373343263434408 0.0453790392258181 0.0741443772047427
0.0818933354618085 0.383569098908567 0.0422960900003597 0.0818727310927971
-0.107965597384624 0.362285673098669 0.0358044579149323 0.1122849697115
-0.285658205374291 0.271394426468871 -0.0288905061070423 0.135023187018158
-0.518394153532788 0.0251105142902499 -0.114044534299926 0.080218845897656
-0.392613655875523 -0.356097000941427 -0.0957209613599622 -0.0699537066312637
0.0320250367836589 -0.52345120953245 -0.0484645020848492 -0.138468347972817
0.341158838664558 -0.511426834784942 -0.0266298765936591 -0.0633919083468638
0.274953000763085 -0.450296584310356 -0.31993958118903 0.214155370688416
0.0419496497407478 -0.513433494828214 -0.0951954902895073 0.260962806376178
-0.311768098865244 -0.40107403026935 0.122323301615494 0.0932097204253506
-0.484416677900123 -0.0572082697898023 0.0591496939818428 -0.00746508492427889
-0.314904030853079 0.203183028421729 -0.0676842745986342 0.0176526990386688
-0.13809902689231 0.288866626337256 -0.0508420710876614 0.127522258023476
0.018008571473059 0.347768095974823 0.00476815730320041 0.185812104866158
0.0799650362677591 0.321449603925702 0.0692759949400034 0.197182072244008
0.0498120077626663 0.324506575476787 0.0588268989099391 0.200303666758213
-0.107808454528635 0.294760323497682 0.0156956386140288 0.213487719939185
-0.243845556195166 0.203004947019009 -0.0794949595180745 0.195169217839257
-0.409354157002074 0.00708896401915997 -0.141234128173341 0.0981822878415631
-0.310443092432152 -0.283895737421206 -0.100106554427613 -0.0407188275529632
0.0218943295268718 -0.428209540530863 -0.056913615020886 -0.0366549211992373
0.275326470713992 -0.456492165545316 -0.148072788474425 0.0790244712104977
0.163925312438838 -0.35665910617876 -0.442157908678467 0.320849152045876
-0.00904057343480903 -0.37212140098879 -0.139328091439441 0.357849529788427
-0.230878422468996 -0.263566862650773 0.0858845347280774 0.114563635513367
-0.315975985717186 -0.0265041070059277 0.0057164488125601 0.00856765536518297
-0.204869686715744 0.126522577431257 -0.122332176675652 0.0733512806814361
-0.101246082997679 0.187030066392782 -0.0844082486596431 0.222966396530052
-0.00348105331469933 0.23953999522122 0.0110569920051893 0.289785885745405
0.036936771707022 0.221597439549371 0.0810237095868148 0.290034891053523
0.0101847865719979 0.222228471356603 0.0629934899710203 0.287472962670358
-0.0944048739154146 0.187563520962906 -0.014043353506942 0.27678597750876
-0.170740681165636 0.107180873088579 -0.12583222517369 0.217109715848688
-0.24611850709133 -0.0162443051361226 -0.155716401475828 0.0878399076730281
-0.184481423506938 -0.179259380935856 -0.0954083764945819 -0.0269808657933929
0.0123972271428315 -0.276652367348806 -0.049631079574492 0.0387240458250501
0.172317819891549 -0.336787662000195 -0.229293208717071 0.191899216768076
0.0277785101380875 -0.200825187016579 -0.512562964701224 0.382974389045573
-0.0549291099306904 -0.165929535020969 -0.166298493812269 0.415447578550682
-0.110690722541666 -0.0843150434398843 0.0509035143663636 0.133185003083614
-0.100043644201565 0.00551540696097867 -0.0283311799767557 0.0256834323664733
-0.0645695164754674 0.0273303007230854 -0.145246249445261 0.11019479266004
-0.0511205407338544 0.0535958020541168 -0.0993019774479486 0.276992135032212
-0.0282975126879359 0.0915749182393897 0.0175397122750418 0.347355856727357
-0.0122116271472012 0.0872392088355636 0.0821855301301998 0.340090506267605
-0.0285449633422914 0.0900150692315418 0.0529202714925667 0.333099666828322
-0.0653237585674344 0.0621373401362656 -0.0497607777279303 0.298137927735373
-0.0770574376430002 0.012638641620861 -0.160511827434474 0.201666758131617
-0.0716209778238889 -0.020071648782119 -0.15649512677211 0.0575857619668395
-0.0612994090269411 -0.0561920327033263 -0.0869130511163223 -0.0224754261470493
-0.0119296577073435 -0.109632280876413 -0.0385923084495617 0.085314427289083
0.0479378087148866 -0.181847534556669 -0.262771942398107 0.262273426249575
0.0967757737347081 -0.0177438208619125 0.209820526113114 -0.306534801654457
0.0568500018152393 -0.0622084448078286 0.0113130762443619 -0.171027767994052
-0.041648339190472 -0.0729956796447913 0.0605671355167243 0.0226181874029601
-0.102064484797389 0.00246023778724363 0.143786111436849 -0.015297519843081
-0.039455924039013 0.0684075571699789 0.165612647841142 -0.156165601170058
0.0124358416787657 0.0669127890960439 0.0708034360638546 -0.288622160005156
0.0534428401036885 0.0551609685940229 -0.0520999997315325 -0.324582707965611
0.0594263683762448 0.0560219893957625 -0.0901253895800254 -0.315707174346933
0.0547868887636239 0.0604259851152307 -0.0572480511704686 -0.32258022174963
0.0107753027845471 0.0734091840663847 0.0494505835845301 -0.271234577226145
-0.0438422019250369 0.0727854851132273 0.122474927176916 -0.152581442430882
-0.104491335782589 -0.00557616896824679 0.0355167423971173 -0.0627607806856571
-0.0310466277631166 -0.0872179361521335 -0.0144698232120828 -0.141450616491724
0.0652096962080552 -0.0385851778169241 0.112171009929923 -0.355087246688619
0.0738747648226103 0.0229893664453219 0.473978224530601 -0.407114212037837
0.188851418340222 -0.175279416837434 0.183444701926134 -0.253461300096824
0.0771875032632348 -0.214708642023095 0.0221504846376901 -0.144592381753112
-0.131221378016756 -0.193633720575773 0.0800759606457784 0.0163863748042146
-0.253941672624768 -0.0193454202788112 0.14544130024434 -0.012854039989777
-0.146218829615332 0.139031862839753 0.155623522295728 -0.140564701622637
-0.0299964510530473 0.175727424612246 0.0740236648014928 -0.256154741038886
0.0746436374129084 0.187323007474843 -0.0373429430821203 -0.281220044670693
0.105002875067569 0.182995965553943 -0.0638626164343065 -0.26591331870847
0.0872867725926365 0.196919894814706 -0.041116134697501 -0.266538802539221
-0.027675592936483 0.206145405098585 0.0519102143704033 -0.216559432220721
-0.144903359246527 0.169537044007682 0.100748014139078 -0.109199865791976
-0.289009236521087 0.00397480238840582 0.00503287439322567 -0.0420152108034317
-0.173997123792657 -0.217066605076399 -0.034894340404386 -0.148257745585211
0.0751764717491071 -0.241925353885721 0.0669542656070337 -0.359946525234766
0.196842197732882 -0.178944844322969 0.385738301423378 -0.39957532524661
0.262969305737058 -0.315218676346551 0.107772516414059 -0.166547458674426
0.0877635103028563 -0.361913941795584 0.0196851694837409 -0.0854219989111492
-0.218809382435829 -0.306080427421365 0.107364671284243 0.0165730102830336
-0.394192565066968 -0.0393040826446019 0.145117362650004 -0.0192781587650884
-0.245917476591956 0.198344671977378 0.124596436275903 -0.121953247879069
-0.0744307255164942 0.265555004875003 0.0610636570681244 -0.194325058959507
0.0816170815452865 0.295366668636978 -0.0208461615540028 -0.197043411783315
0.135045735409686 0.282780606512134 -0.0283230827123014 -0.175430804117783
0.111355502496967 0.301013574175761 -0.0167920146171631 -0.171017153592473
-0.053406476620267 0.309010858364073 0.0511506934516315 -0.126458371236938
-0.218852362504241 0.25034418474749 0.0666632887903162 -0.0405066220047949
-0.433795606139356 0.0304543501882431 -0.0325343903680233 -0.0058728329860778
-0.308752608943727 -0.303427110296891 -0.0620610046691009 -0.134157309882252
0.0554409772000574 -0.409278372183166 0.0116149894077035 -0.319957566683962
0.279102656159217 -0.357627516544209 0.254130889219474 -0.329803500486409
0.302507189531334 -0.420801090385766 -0.0098600198539538 -0.0496085230079797
0.0781705971640293 -0.481289994513691 0.00108572011101571 0.0103560720214795
-0.301590963445868 -0.388534840591339 0.132662553655502 0.0285347083607064
-0.501789367005406 -0.0425132175987913 0.134476871963847 -0.027138850350624
-0.31597999665752 0.243118589669933 0.0709903144324205 -0.0914867438257676
-0.108518690340423 0.324083319775926 0.0318104516114888 -0.10367702220631
0.0778204442205888 0.361894445885556 -0.00620088778784475 -0.0809055000170534
0.145053627865365 0.339907709811707 0.0114766598054419 -0.0584839668457615
0.118246498715182 0.35728498223894 0.0148791897654773 -0.0505297918040178
-0.0689468650507423 0.362039257433375 0.0485562943349615 -0.0126233787272428
-0.258017301441223 0.294239081878536 0.0267688862929596 0.0453645183145079
-0.510066072265577 0.0585929640349247 -0.070013149753693 0.0411889869656558
-0.396709876844334 -0.333290050055697 -0.0847579428295748 -0.100733861623429
0.0202481343486267 -0.502141728754566 -0.0347569472275255 -0.235594384674383
0.308973350046414 -0.475667750003928 0.108503154426243 -0.207474505719242
0.294068741180338 -0.469222995759647 -0.150998775092679 0.0868160840823333
0.0469329987237325 -0.537028390041049 -0.0322417133050413 0.132265719381391
-0.346440177373135 -0.412962665726707 0.141196467010632 0.0504443966875791
-0.536239901139726 -0.033503975115905 0.103275136130246 -0.0266941884513867
-0.334919169137089 0.253944196201059 0.00312307414433449 -0.0425493399066919
-0.122543642298621 0.333679316188303 -0.00548712389361695 0.00871452301007285
0.0631810762581788 0.37600002705221 0.00771773041486119 0.0516533471764471
0.133209766963497 0.345965123367624 0.049658246560822 0.0672487791480863
0.104348879284486 0.356812195501965 0.0463639874502105 0.0754456383549764
-0.0777282818728727 0.354111481144633 0.0440663290021712 0.10443931988388
-0.25517365977385 0.280195661110621 -0.015711187856264 0.130855551414847
-0.490981004301624 0.0621535888002464 -0.103028001555531 0.0836376061567864
-0.398674236444305 -0.311026144453465 -0.0975489936457599 -0.0606564566189326
-0.00220421228642905 -0.500221631605543 -0.0584995349638338 -0.129573836879224
0.288006417591599 -0.506041230225682 -0.0277307467095992 -0.0564641833675466
0.233724527353269 -0.447759627659782 -0.290713169248494 0.222722885847878
0.00658497202285347 -0.491303303610734 -0.0719414413124594 0.253974514220488
-0.327679052765416 -0.358562503451789 0.125390818176388 0.0765665149601679
-0.467430788006275 -0.0197811473022072 0.0550537344223387 -0.014465474642219
-0.287850343903763 0.216064389616741 -0.0643015660856418 0.0188738719285715
-0.113075462769413 0.286091902355459 -0.0416854825749614 0.123371387327183
0.0414824539809326 0.328806177461279 0.0206028202167879 0.177391041718682
0.0997993442937367 0.2981301082034 0.0796412119440124 0.183413159197067
0.07124580043002 0.303688067676205 0.0696894465759982 0.187036120902345
-0.0828328733176432 0.288892569895354 0.0310211322169275 0.202238759568519
-0.218943369577134 0.211235436800483 -0.0602866422539407 0.191874652285314
-0.38789545167896 0.037426663012345 -0.127225798927341 0.102811409356557
-0.316187349289357 -0.246055873435598 -0.0993731270946311 -0.0320321784652713
-0.00749360023716913 -0.4097378873013 -0.0605314699723517 -0.0311890484065885
0.228435235709497 -0.449219911541483 -0.135516417696759 0.0881399337833406
0.135228339415448 -0.35153385176406 -0.402709251849556 0.334441797567895
-0.0336191939661803 -0.354902460626175 -0.108319686440756 0.349726691196523
-0.241312955489469 -0.233641679678717 0.0923036674093383 0.101135379028804
-0.305504159010266 -0.0021211157011715 0.00584688646233957 0.00450308896010092
-0.187882596427075 0.135394157122172 -0.11355063209859 0.0758963519532695
-0.0843434226074688 0.185878316980587 -0.0663634931809913 0.216576360362067
0.0133742118699995 0.226841940807343 0.0325167568654606 0.276402160078886
0.0514308926372115 0.206560065066406 0.0972344161522146 0.271932734938693
0.0264314625468626 0.209684269573401 0.0792757272480355 0.26954023593298
-0.0771009138374622 0.185845831941362 0.00609719154614569 0.26447427448288
-0.155748260033541 0.114182544946466 -0.101707538322614 0.215742973877742
-0.233673750958042 0.00337542698745458 -0.141273990824638 0.0935488446554944
-0.188197991479227 -0.154904368425428 -0.0941234800517754 -0.0184275590791455
-0.00747729854514178 -0.264197026625668 -0.0486532170470871 0.0400313002707769
0.13919725933732 -0.330016574971659 -0.205222838533942 0.20052336982708
0.014528565581405 -0.194475592330652 -0.466955047567649 0.399265407741286
-0.0646900832715838 -0.155292288444917 -0.130937753633306 0.408163934585433
-0.114434937899069 -0.0717344758599111 0.0593458706917696 0.122550147751115
-0.0955406882918128 0.0132755023319909 -0.0256747632689601 0.0235160239637487
-0.0603919604305344 0.0306507061192651 -0.13271168466337 0.11271390044831
-0.0460049423696503 0.0547900413186353 -0.0759274593820521 0.270005902300368
-0.0202534100193052 0.0884830351485099 0.0414151542988841 0.330370550186998
-0.00528758159945737 0.0826533920034338 0.1006621227692 0.320295718441953
-0.0197889591540578 0.087300269434778 0.0719417654305671 0.312819535148849
-0.0568190789648705 0.0639723227246804 -0.0271902238072423 0.286216291632439
-0.0728867680145006 0.0176358854741358 -0.136844564703333 0.203266772001315
-0.0675483709532399 -0.0132975133494391 -0.14345693889104 0.065520240800271
-0.0623263729024057 -0.0468412776961079 -0.0852204540481331 -0.0143468126380748
-0.0202100940540701 -0.103396913494076 -0.034324170626882 0.0839261395097529
0.0310738938592174 -0.176311229099987 -0.233621264746404 0.27015434801752
0.0851130116068493 -0.034195517501581 0.145851575879306 -0.321401976073394
0.043046431325538 -0.0660227888418545 -0.0156080176049464 -0.163314793186843
-0.0451845381066025 -0.0627489439181987 0.058698010507844 0.00332952594911921
-0.0911607514958031 0.0152495862879967 0.124081501449177 -0.0430879080928704
-0.0286670792649785 0.0638884602674094 0.12473370495185 -0.169648485200419
0.0170690259021106 0.0600802623896741 0.0203648116392478 -0.278769507813202
0.0541236295607737 0.0433719498355444 -0.0977381926401822 -0.295560345814205
0.0601322846930676 0.0433394241799994 -0.132812761805968 -0.281635748429759
0.0564698705546488 0.048058170813523 -0.106989103254948 -0.293840271176836
0.019139033749951 0.0648035331555731 -0.000903333741041154 -0.262482002448626
-0.0309370961671592 0.0704421208737987 0.08735009417823 -0.162659298116567
-0.0981881842416721 0.00839891301431853 0.0236960874574232 -0.0622266282118905
-0.0389068334428685 -0.0791241858906484 -0.0380617093159769 -0.129367672718169
0.0596659824785864 -0.0485110612800087 0.0433735181560246 -0.345414221171621
0.077663375331376 0.00607914889771766 0.378605933428714 -0.447995716625535
0.149821461684862 -0.188072273096567 0.135326766196115 -0.275054745333429
0.0413376699010262 -0.207453594205963 0.000756354114346086 -0.147111083231737
-0.143075693519136 -0.158511569484546 0.0715750582727478 -0.0164552278688928
-0.231370113962884 0.0193384006516381 0.117300045048917 -0.0487122131850683
-0.116068334828947 0.144050504725741 0.109772573307993 -0.150020957204863
-0.00721774616198078 0.166264572336062 0.0262270503941132 -0.243825723896235
0.0936436638349501 0.160880291640958 -0.0777546981414326 -0.250752219086799
0.119353136469565 0.153980538129709 -0.101231457403381 -0.238436712979479
0.106829770591894 0.169505774009903 -0.085060354211629 -0.245645591607467
0.00248780097278351 0.194537668669967 0.00889913359494275 -0.213877948506216
-0.1134188564972 0.172325129267411 0.0757817515478969 -0.119408588665827
-0.268477297052547 0.0431688599205144 0.00229968575223097 -0.0401185440137009
-0.186654242060112 -0.179765557304733 -0.0590743971816702 -0.136707195403492
0.0397541049301846 -0.238135906462443 0.00300138293301131 -0.340974369154919
0.165094123022518 -0.196784930283453 0.299184478303635 -0.424267742035691
0.201033446579531 -0.322891641260769 0.0844961094197597 -0.188731563644898
0.0306386219653884 -0.342393313975833 0.010765434347271 -0.0978279656502722
-0.238402207038821 -0.247129201752201 0.0926785274622633 -0.0307224856786217
-0.36060200472525 0.0236759355850762 0.108080493600948 -0.0613386681129017
-0.1981301745667 0.213313029161867 0.0761117541204657 -0.124654372105679
-0.0355327799557628 0.255141280730962 0.0204223476910372 -0.179832761597596
0.116515417697799 0.258512918532828 -0.0512307631412878 -0.169522386630991
0.160246975315139 0.241411997755865 -0.0536611658911609 -0.157896106981057
0.143963756621929 0.262721043652183 -0.0479061855200727 -0.161077223129303
-0.00664550085600548 0.294642737371747 0.0209375236700745 -0.130314661768812
-0.171863509299331 0.25766193741332 0.0573313963510812 -0.0509048485049969
-0.40059675192678 0.0896315183661212 -0.0242887404580119 -0.00297656749311494
-0.322127515456171 -0.240087764665064 -0.0817090256819247 -0.12139426851471
-0.00340223277053521 -0.389164392460542 -0.0390606443381045 -0.292180892066749
0.217432277344568 -0.370558414617066 0.189828143180997 -0.339984623729897
0.22399936787666 -0.421266708819638 -0.00180804600026762 -0.0652967669617348
0.00534626240551752 -0.449556299809516 0.0104721857509874 -0.0102565630829835
-0.324931947836258 -0.31021820097765 0.114475668443447 -0.0313987221701401
-0.459879859211553 0.0379470288332055 0.0898688259427695 -0.0719582172900505
-0.256059229401349 0.265113533364311 0.0264837610473957 -0.0854723586849922
-0.057978162724345 0.314839211065195 0.00594062336928461 -0.0887990199232629
0.123249107390431 0.320202122703306 -0.0200321831110274 -0.0586590686038503
0.177785618686533 0.292411262750554 0.00108029456717509 -0.0540999291100432
0.160160284642086 0.31338273368712 0.000137412345361746 -0.0536394019128706
-0.0131812176573596 0.346974438804146 0.037114261483201 -0.0244659340809971
-0.202036009134038 0.304019863483424 0.0352154859429695 0.0357274643930506
-0.466896753072084 0.127312913917662 -0.0503113117045902 0.0454549063821004
-0.405609482423847 -0.256505257885519 -0.0978411917269536 -0.0879063581194131
-0.0491753530332721 -0.469554724302746 -0.0659781665827893 -0.204981136192744
0.226198798657263 -0.482124619667866 0.0745480439593123 -0.202741702297927
0.209955535117507 -0.462584966201974 -0.10979849218362 0.0828384079574283
-0.028512189247246 -0.493134451012096 -0.000297788820737361 0.107252593173306
-0.370505102418671 -0.325045806985865 0.123778675486239 -0.014299923297082
-0.490327657137684 0.0523082781203998 0.0586683333911639 -0.0676382234262593
-0.269396642797321 0.279575864025141 -0.0302733729103073 -0.0279496927571284
-0.0684999933316081 0.325880728765696 -0.0119480645090114 0.0232043162971148
0.113816334033307 0.334177672224256 0.0122003402448373 0.0647594663761409
0.168524925783877 0.299558116847092 0.0555083537451009 0.0584784646981025
0.148873687768828 0.31545130844524 0.0508610116320606 0.0591879632844651
-0.0212603877782044 0.341603920968887 0.0528653338638505 0.086099819357332
-0.202312103961162 0.291380313093776 0.0108825488691458 0.122315973873111
-0.448702248350775 0.127675419380281 -0.074033625098841 0.0895235707809257
-0.404012261906216 -0.234869810156064 -0.103094076175385 -0.0489711608158494
-0.072345960529695 -0.461870088494254 -0.0701494105261783 -0.102855810696985
0.20154803460836 -0.505273039895324 -0.0282928534676231 -0.0425376819420148
0.15699226899731 -0.431434373194835 -0.218151816296888 0.234505217242574
-0.0592911729786865 -0.446571064507315 -0.0186400994119428 0.229737087163889
-0.345344065789635 -0.277401093283778 0.114154188943869 0.0174653628774431
-0.42566334299411 0.0553590637960749 0.0196291829317365 -0.0449363805268458
-0.232198048569472 0.240537951383173 -0.0801058024209428 0.0384864491966627
-0.064545119794497 0.280354991413847 -0.0266142839554111 0.133831986194863
0.0880084864066475 0.293990566595709 0.0435664289883959 0.180016413775433
0.132193855099738 0.260706944592348 0.101789030943868 0.162492756812099
0.111856254447741 0.270794830168142 0.0914882462587682 0.160717076186804
-0.0344465349727621 0.282195987804894 0.0587042230520245 0.179893072608754
-0.177048831850524 0.22335882181478 -0.0195151100428658 0.187722114128615
-0.355664756857836 0.0906274016004716 -0.0940954933851855 0.112208980298483
-0.319992473370031 -0.18461901773056 -0.0997767984812222 -0.0193704527146843
-0.0644608897186182 -0.377094195581977 -0.0569384369832806 -0.01315654564748
0.151892894804326 -0.443318075674609 -0.106880097385199 0.10681923715542
0.079108834786771 -0.329306284386082 -0.308175702216942 0.361224751220776
-0.076241906054198 -0.314886600902382 -0.0397589418917622 0.331430828561796
-0.251074632011527 -0.175971187407144 0.0912950818529831 0.0562324918749861
-0.276504021415625 0.0471301405041016 -0.0136776296797542 -0.0110036449474448
-0.151333917500841 0.153613668898732 -0.108606445764801 0.0957084301526513
-0.050529443601906 0.18442892718542 -0.0331710483741256 0.22116016598165
0.0484213039693013 0.205377541489859 0.0699075900922846 0.266430646324833
0.0762634872044294 0.182158098646477 0.132309676525864 0.241681342145504
0.0571540503294452 0.190254012067896 0.114869133661677 0.237896508502981
-0.0431898188051255 0.184924522948571 0.0475890495062878 0.242826167614339
-0.130389671600745 0.12668370820283 -0.054734359798095 0.216431951828522
-0.216667283280562 0.037878241164079 -0.110462333271833 0.107792482325102
-0.191793593132353 -0.11639515570601 -0.0918981910786787 -0.0043218717328698
-0.045418494709232 -0.240814134802861 -0.0363761535302594 0.0487543085368485
0.0840596230529281 -0.31961052605007 -0.155870961747012 0.220199840173065
-0.0119546319431804 -0.169448559602074 -0.36216388157719 0.440831264816419
-0.0758695075538647 -0.128645479625262 -0.0548110903584987 0.396589907000831
-0.113966408629896 -0.0471250089380374 0.0704476259188809 0.0959305638211958
-0.0847745806108144 0.02906847390031 -0.0269566952827461 0.0212728791007405
-0.0494271883367036 0.0396483554164175 -0.110482288400027 0.12815635405293
-0.0319652285344351 0.0578689984739381 -0.0314790028340116 0.267924393624565
-0.0019561966092076 0.0835279057400999 0.0874849175397984 0.310281435867455
0.00808039723577521 0.076774025854288 0.142851069998968 0.286134893202695
-0.00298362154755058 0.0829675603653472 0.117633682714387 0.280962417396674
-0.0422947313030824 0.0690260797711571 0.0222908381951425 0.270577536961162
-0.065100400648671 0.0277449328585999 -0.0900123549525288 0.211793247493246
-0.064918219406015 -0.00123776728619898 -0.11897557852134 0.0839923966364526
-0.0631892235160866 -0.0327297637353667 -0.0818264523008707 0.00184146488541917
-0.0354643518732375 -0.09100345882949 -0.0181605146820568 0.0851581023818166
0.0025261886755888 -0.16292583225712 -0.173825714756057 0.287964093292786
0.0817428363994285 -0.030029542323631 0.142147655484581 -0.305406187166704
0.0443898263869105 -0.063442020239482 -0.0125646298064857 -0.155183460875957
-0.0418451950577965 -0.0619345855606818 0.0554888457864927 0.00111281045467436
-0.0870011767622256 0.0144153486939709 0.116504325430276 -0.041993382484636
-0.0280474599365799 0.0616224775788408 0.117749447572103 -0.160750066161994
0.0164167070337941 0.0576477431749052 0.0195435483768531 -0.263756563589489
0.0514931136959179 0.0417539341241331 -0.0920996437009109 -0.280497454348558
0.0571703447080333 0.0413104168909008 -0.124695099787684 -0.270366363425047
0.0529893397943168 0.0456189031328785 -0.0990305900063057 -0.27934303290047
0.0174941822511338 0.0622318088358917 0.00205062135995065 -0.248933578305071
-0.0296938083718354 0.0662838621251066 0.0835782863504953 -0.152642179834983
-0.0949225888565242 0.00681830713578107 0.0233389006940227 -0.0562393108407962
-0.0370853622237364 -0.0766005001814622 -0.0366014639864452 -0.12186847567097
0.0591951578081941 -0.0455438973910032 0.0432962952733929 -0.328748575028697
0.0750024637941003 0.00769266947593138 0.364589037797316 -0.423621496695345
0.143820591327007 -0.175632319480687 0.131526345204722 -0.263277458096208
0.0439136864867533 -0.197947166771558 0.00407557251860198 -0.140262710255646
-0.134226367460356 -0.152141845690714 0.0674317619614672 -0.0183925678451589
-0.22066029523515 0.018364519464045 0.109774884534342 -0.047672510090187
-0.111955793031989 0.137657375736495 0.102797714335597 -0.141752348872066
-0.00737980787890927 0.158592511605158 0.0241898535714974 -0.229949061929527
0.0876284533853702 0.152790727419878 -0.0722867047080715 -0.238093992893452
0.113090206415554 0.145731696018846 -0.0941790069940254 -0.228424808515316
0.100494948495726 0.161149676896197 -0.0782952927577762 -0.233543358863323
0.00147999431810915 0.18556792583131 0.0112702243272738 -0.202866383727326
-0.108801526899761 0.163849992173339 0.0731037785112921 -0.112089129399376
-0.255964980080186 0.0403661450394431 0.00106734778640619 -0.0359704792939708
-0.177032627029396 -0.172427363548326 -0.0567823775754686 -0.130123437634086
0.0428544368898282 -0.22604777196786 0.00339332529641917 -0.324868510951117
0.159438832906973 -0.18345501803508 0.288881287397069 -0.403335370125292
0.192524198935326 -0.305073529410555 0.0822977750240891 -0.182226107266447
0.0351351953246481 -0.325834687989811 0.0127746371915805 -0.0938359880695791
-0.224181041109669 -0.235177481354589 0.0872734758718203 -0.0326374665181635
-0.343611825488598 0.0226554238001235 0.100243128740717 -0.0594335443661184
-0.189883561693548 0.203031634214175 0.0709524443030972 -0.117723518889209
-0.0349203683613399 0.243585296522812 0.0187279850837279 -0.170115733133578
0.109845861804571 0.245430491584558 -0.0460951345026125 -0.16076634386779
0.151989254993579 0.228950050148153 -0.0499735470975545 -0.151525304700637
0.136301150272527 0.249433718103918 -0.0429055883861337 -0.152927607213629
-0.00740894300376305 0.281297273490019 0.0226875230830497 -0.123797279486726
-0.164518850944102 0.244495815428125 0.055110112919737 -0.0476112758060564
-0.380505707705419 0.0839219801267651 -0.02483983999337 -0.000755268398580479
-0.305354058760783 -0.23005226820801 -0.0786968865324402 -0.116338485687604
0.00174226000216188 -0.369834226857757 -0.0367076348368276 -0.279000310652196
0.209218331588949 -0.347968346021199 0.18422612158246 -0.323029388320262
0.215126368843456 -0.399220183408156 -0.00121470110717686 -0.0659431941534806
0.0102780511305624 -0.428021480403651 0.0115329367172291 -0.0110059829951648
-0.306794923886194 -0.29420975553694 0.108274267868495 -0.0332680266254066
-0.437468640170007 0.0357782032329556 0.0833790424878275 -0.0697514245197286
-0.244953575901192 0.252790051979303 0.0227685817144912 -0.0812729649312225
-0.0571651636912044 0.300051392231984 0.0037741279700443 -0.083347955237105
0.116577146286892 0.304349069652108 -0.0159888598412796 -0.0558490218315792
0.16849895581762 0.276272132953082 0.00191556781831317 -0.0522559539920148
0.151221195742418 0.295671333041785 0.00197167589531635 -0.0501282705063724
-0.0133102787103118 0.330846373403282 0.0380166183725146 -0.0228881609440959
-0.193659157398773 0.289209428282226 0.034887004790867 0.0344285561181739
-0.444469328459845 0.120012269703133 -0.0490878092670128 0.0443782327966651
-0.38410785473574 -0.24469430127602 -0.0939490052676052 -0.0848088998939848
-0.0418069481509093 -0.446206548315895 -0.0637830278350714 -0.1959338513837
0.217560163784329 -0.452516194227536 0.0742406229575487 -0.191895577664449
0.202883476715855 -0.438470700178344 -0.104979047952923 0.0755261396304232
-0.0235411059844153 -0.469880139631937 -0.000254524498840556 0.100143974003809
-0.349416808526946 -0.307662414505362 0.117924973658887 -0.0170515834381757
-0.466718702429553 0.0496644902295341 0.0543277145967549 -0.0659668843318027
-0.257628120767148 0.265897790403412 -0.0309206440882513 -0.0270900384111014
-0.0669711567042513 0.310827714874273 -0.0137222055436645 0.0220175882309463
0.107602528329847 0.316746306138218 0.0142526661417505 0.0613826095105193
0.159444699692857 0.283228897850203 0.0538140387510864 0.0557427771979659
0.140530963304984 0.298108025162874 0.0490366840717394 0.0577399885353121
-0.0211897370240995 0.325169682494581 0.0518320197274724 0.0814505204121162
-0.193378313319668 0.277905519525651 0.0115638829294806 0.116175501791641
-0.426270330740585 0.119739306050632 -0.0715586408491464 0.0859399078103301
-0.383588371936491 -0.222837149447721 -0.0998455733409363 -0.0466297903566051
-0.064856934348333 -0.439354095851664 -0.0689948401972198 -0.0979200588355357
0.194662899795461 -0.475052543878124 -0.0254164314494947 -0.0394039987281116
0.152386426453732 -0.410726044014693 -0.210134616196759 0.21885749795299
-0.0532863128755199 -0.426771110445595 -0.0189667481976586 0.216555100105811
-0.32748146724172 -0.262683166170764 0.108704236229415 0.0141537502516047
-0.40562443943321 0.0543565653868826 0.0174888657377318 -0.044533616085074
-0.222199659400112 0.229292836528393 -0.0782324815781809 0.0355314868449238
-0.063554562810048 0.267611098764031 -0.0279501057698615 0.126863820738336
0.0829652119929449 0.278749332962852 0.0437848589595691 0.170838282334608
0.125376601753661 0.246206739872654 0.0968636007387675 0.155082093940656
0.105183059521145 0.255555313546963 0.0862334375531923 0.154150259885204
-0.0330639884915988 0.268024440502426 0.056305230261769 0.170698238791418
-0.169066414687393 0.213324964744773 -0.0166884555870935 0.176789456136866
-0.336918983501073 0.0851606253082794 -0.0911771035072605 0.107112004795444
-0.303390021712824 -0.175837617195396 -0.0955698803647067 -0.0187250264506812
-0.0581134822499857 -0.356920016958122 -0.0566372420514369 -0.0125649051377426
0.146194345358628 -0.416321895028075 -0.101007553367717 0.101814780286167
0.0776960206291291 -0.313093235329542 -0.297567099246692 0.339976742695792
-0.0703019828161578 -0.301016621698558 -0.0396546963398414 0.313524475173024
-0.238750359987363 -0.165759992398086 0.0873154485794665 0.0515531437059523
-0.263552357793385 0.0467201529609335 -0.0136197284478817 -0.0123781723101535
-0.144641870857748 0.146227191688245 -0.105157569190254 0.0900124246405307
-0.0496123580874768 0.176010119858644 -0.0343638364666632 0.20979797746984
0.0456878801922752 0.194258680675111 0.0679511416054448 0.253474380940686
0.0724388476308239 0.172423311630469 0.125471353715128 0.231302357941561
0.0542568655583446 0.17918886851612 0.108059018113286 0.226755591748144
-0.0414316256476956 0.175512606053144 0.0449794953988229 0.2306814511328
-0.123911676742871 0.12119725032576 -0.0509051989691651 0.204474870218725
-0.203693333851353 0.0356478236359282 -0.105970715393193 0.101846477733833
-0.180724232256823 -0.108866432347387 -0.0881499704391325 -0.00411397928873453
-0.0423511677080307 -0.228515769314942 -0.0374515858379581 0.047331240237928
0.0795260811169222 -0.299789661563068 -0.148185599416056 0.21014120919129
-0.00992560407913277 -0.162601557266564 -0.35056706597258 0.418100404453988
-0.0726849998086917 -0.122479880917999 -0.0546213466788414 0.375739575870838
-0.109449928581695 -0.0431111763768618 0.0672552359591093 0.0898723518041001
-0.0809327808659081 0.0289900182450282 -0.0258823347698048 0.0180116081385753
-0.0476850709323235 0.0381510625319363 -0.107165304720559 0.121080887494325
-0.0312093566940659 0.0551403117769248 -0.0326303288284843 0.253219176851059
-0.00189464638946318 0.0787489625127934 0.0831854940534952 0.294931818576424
0.00791016801650382 0.0724230997764998 0.135703553678859 0.273814214045406
-0.00172876830140211 0.078320485889304 0.109354594993177 0.268075661712234
-0.0398699820172963 0.0651428737955776 0.0210906273904174 0.256638905249422
-0.0617322742717739 0.0270774109159677 -0.0837842291950242 0.199446229850593
-0.059586969900219 -0.00120046987862796 -0.112617066501407 0.0790278043592147
-0.0594654530687607 -0.0290314400190193 -0.0776957784479151 0.00281212242878652
-0.0348474828584917 -0.0859383255293214 -0.0193426799825262 0.082126490129418
0.00147995030449567 -0.152698984405195 -0.165555157138127 0.273845141341382
0.0820412345067997 -0.0258154074936319 0.147637060456225 -0.298498836072618
0.0474896978576628 -0.0628863074616575 -0.00592841143715033 -0.152217445432869
-0.0399395910667028 -0.0636546990967769 0.0545675409183909 -0.000275647024885704
-0.0864407789077929 0.0121713997305113 0.113013134260552 -0.0404956484217829
-0.029270158277846 0.0606442123091031 0.11769794015571 -0.155561077783242
0.0154103519260051 0.0580646079147809 0.0237964117206475 -0.257154031426411
0.0493549183221426 0.0424681712789503 -0.0844565847102001 -0.276925942081249
0.0560395112118657 0.0419739303680432 -0.117274784257171 -0.270551469604694
0.0504190861304401 0.0461266457057001 -0.0897122660625278 -0.277258971642144
0.0150155787712841 0.0614855163549871 0.00924805599635125 -0.244487193248399
-0.030272550239986 0.0638146041818792 0.0854923446100096 -0.14682395858369
-0.0945271944645987 0.00488795175514469 0.0238235186876614 -0.0521672611331791
-0.0352873969620079 -0.0776490475816491 -0.0341193214831583 -0.119691471817787
0.0618981940168876 -0.0437519675983486 0.0489048060071291 -0.323566827607542
0.0750269902581998 0.00996648855636394 0.369858523915953 -0.408874571151654
0.147214202739219 -0.167347226721817 0.136401731429966 -0.258098674308431
0.0502608359045978 -0.194927027923585 0.00908801643592716 -0.138254057507333
-0.127922380893906 -0.153196760030971 0.0661612981998373 -0.0192285463979146
-0.217895479229062 0.0133225885412833 0.105891927324638 -0.045289644572198
-0.113911585099787 0.13436616359391 0.102927963659995 -0.13700324635641
-0.0107112488995111 0.157624214582757 0.0278184335572438 -0.224220789364451
0.08314511630513 0.152013032840562 -0.0647039636936978 -0.2351511369723
0.108679585185049 0.144953759345989 -0.0873654358186785 -0.228792924059464
0.0951407635737054 0.159807484510053 -0.0701980209725653 -0.231335919273324
-0.00360090989196316 0.18298209139853 0.0178172463818658 -0.199055494165974
-0.109478070189159 0.159010493720099 0.0747587241860187 -0.107599401984746
-0.253046609183953 0.0339313674370103 0.000779325866393078 -0.032739795903514
-0.171078392607012 -0.174251793192582 -0.0549534235038859 -0.128949399995448
0.0499980233548503 -0.221363482331574 0.00962233460492462 -0.320389788628058
0.162576818683612 -0.174235436195492 0.295446281558232 -0.391152890492545
0.197772413491633 -0.292837327171829 0.0850295842032301 -0.17974609204625
0.0451228526432568 -0.320647281874579 0.0166137903111552 -0.093614746735217
-0.214459354100776 -0.235512433985466 0.0860334622574306 -0.0333227410691601
-0.339200167996752 0.015750628970376 0.0973593210490089 -0.0575544413584088
-0.192397792321427 0.197569318479797 0.0704169250987352 -0.114226539383542
-0.0401947020119754 0.24046379964229 0.0197562550697958 -0.165336624003647
0.102629224128493 0.243461358980986 -0.0398224974310607 -0.158618930630975
0.145572530271949 0.227041395277253 -0.0452437556773132 -0.152134896266581
0.12803764767794 0.2466590026867 -0.0371384673863636 -0.150447689274894
-0.0135336153135707 0.277574982229793 0.0277749593219608 -0.121281766213794
-0.167253190062241 0.238056209033516 0.0568138577989598 -0.0443908850129132
-0.37659540236665 0.0736726065047585 -0.0261886209752737 0.00164872367818169
-0.296552111044306 -0.232892949584164 -0.0768794671410332 -0.116164204837584
0.0136081008794371 -0.36384145202549 -0.0324226539858397 -0.276754164351256
0.215261244708785 -0.333697989476573 0.191098635453815 -0.313456917375538
0.222234800971386 -0.38628727788198 -0.000169779699043521 -0.0676296393871691
0.0230018401869387 -0.422133687804694 0.0124833530312967 -0.0122486023869713
-0.295162117387954 -0.294397764193811 0.106930525851491 -0.0341617877818382
-0.432752305227906 0.0291408111615506 0.0815809823666507 -0.0683383004284124
-0.245980165258713 0.245002056049663 0.0224452309072646 -0.0789405399956465
-0.0630521239085555 0.295837867681359 0.00386689888056709 -0.0803874011990764
0.108088617539832 0.301012515713544 -0.0117703126146216 -0.0555457890213626
0.161339537591845 0.274138644962334 0.00415497576607219 -0.052286503330547
0.142353835940757 0.293274924356266 0.0044159317118799 -0.0483602568232659
-0.0206652503015591 0.326159599069804 0.0403976507148463 -0.0218685269024072
-0.196111750311418 0.281602097838526 0.0352226554254655 0.0348039836045912
-0.438118533251804 0.109363916681185 -0.0514308634765107 0.0451570464800955
-0.372718729047478 -0.248427263691472 -0.0932797244416892 -0.0858934487372875
-0.0282917861497533 -0.439899311633891 -0.0610256281765329 -0.194682493719291
0.225935136281192 -0.436016973329679 0.0788702889107911 -0.1872134222172
0.209847869729306 -0.425744466028063 -0.106467243810537 0.0687910350009505
-0.00958173545366734 -0.46413191855315 -0.00176395376667266 0.0966037625823952
-0.337613087244095 -0.30759152016059 0.116201862065989 -0.0175336075434444
-0.462210324762877 0.0429844186532892 0.0535488139857891 -0.0655965795535534
-0.261373603036191 0.258676770006588 -0.0319281923560194 -0.02713645346865
-0.0730133105248302 0.305844383791817 -0.015976815498225 0.0221320557844361
0.098993098351069 0.312529452758979 0.0161544718792737 0.0601297661418356
0.151731497515015 0.279707481491891 0.0528013781548579 0.0552364676501827
0.13195717668126 0.294695796903207 0.0476026673726635 0.0591425238113093
-0.0282256598436064 0.320672557875825 0.0516502555349985 0.0812437652996627
-0.196243376516945 0.270265117820238 0.0111306555080685 0.114317913527485
-0.42033681454407 0.109873074755235 -0.0743189080858322 0.0849673085530188
-0.371337114026461 -0.225664702000018 -0.0990482004802259 -0.0487231645327325
-0.0508335170150029 -0.432516809587517 -0.0685378510071568 -0.0981536046260944
0.202658730644717 -0.458076591389899 -0.0225545775781285 -0.0394768206807416
0.159726903841243 -0.399577524326417 -0.214127006711577 0.208800617720594
-0.0410000490045392 -0.421445790647924 -0.0240180564395339 0.211418433212697
-0.317580666668522 -0.262352525672459 0.107342790708537 0.0131369399179169
-0.400399865376479 0.0480978294431184 0.0174561019145873 -0.0452950532754122
-0.224259404351184 0.222561665002816 -0.0796257668872982 0.0329742047638364
-0.0690225287657587 0.262947020379746 -0.0320688825844078 0.12472523815845
0.0763834177442623 0.274827777845877 0.0416593332121616 0.168480812835126
0.11936125978094 0.243225060650648 0.0934575271459434 0.155386662897148
0.0986620633296822 0.252183935060074 0.0817742889733878 0.154634441881541
-0.0384586609110466 0.263594893009585 0.0535616641822981 0.169069287953141
-0.1707884415254 0.207745033801284 -0.0185148670546057 0.173328509690409
-0.330837748244649 0.0769421880153087 -0.093022475232011 0.104664670692965
-0.2934223366969 -0.177692920201693 -0.0956925119007488 -0.0199786843833042
-0.0489452273584021 -0.350360072953182 -0.0582007630836142 -0.0129885201612288
0.153373264503985 -0.40165415720558 -0.100706760078301 0.098719640957451
0.0828544154406984 -0.30701190422986 -0.302439663470257 0.326977383145403
-0.0628873245418905 -0.298520566046216 -0.0473258229547753 0.306839792564046
-0.232614162834383 -0.165877126323378 0.0854189153795285 0.0508078635773617
-0.260651235918756 0.0432246640136834 -0.0135194572647139 -0.0142806776781821
-0.146326503332609 0.141915381656194 -0.107200198058981 0.0851347326947442
-0.052995121464444 0.173216829023116 -0.0406733713905837 0.204900027225924
0.0417763048395717 0.191005984155908 0.0635562026269616 0.250170336545879
0.0681376211768177 0.170166468022898 0.119957335597619 0.231949144617237
0.0504802686117028 0.175864816415669 0.100290974026203 0.226441138240748
-0.0445309213197611 0.171821733060372 0.040560906679813 0.227254087806661
-0.124245196821703 0.117422136589454 -0.0520074794113828 0.198945239679103
-0.199764438873648 0.0310545198096141 -0.106239366522849 0.0982178165668401
-0.173803640288652 -0.108859120510049 -0.0872966635926179 -0.00515991682827577
-0.036797569581967 -0.223701835801715 -0.0398206907351568 0.0463371171163028
0.0845897186194643 -0.290235831146784 -0.150150265174101 0.204316667983953
-0.00632432518653215 -0.161966274568338 -0.355961316341055 0.403051661445561
-0.0698161943656684 -0.122366248797362 -0.0626941568536315 0.370372791932292
-0.107533195702622 -0.0423663143228824 0.0653610694889567 0.0888610222510919
-0.080321032819023 0.0290089383516343 -0.0262139839066445 0.0154592944239727
-0.0478297228158448 0.036550089333771 -0.10961422165572 0.115773022419811
-0.032230922177435 0.0541678191805203 -0.0388304349286456 0.247397351359168
-0.00307380803384721 0.0764585972821005 0.0768659569187686 0.291854744078186
0.00671165951707616 0.0709727294042115 0.128667971924396 0.273921619804578
-0.00242232153975178 0.0757364258216112 0.100737498550616 0.266482173204091
-0.0398053611671465 0.0628305489774662 0.0150541677525519 0.252588427658164
-0.0608286015896011 0.0259385324010426 -0.0849246226694038 0.192810950534442
-0.0565313493614853 -0.00198760674961163 -0.111718477348547 0.0749434631386594
-0.0567230148865568 -0.0274217284412952 -0.0765086783131069 0.00254268188757627
-0.0344648427443956 -0.0833934176575298 -0.0224100618024158 0.0812429440673231
0.00350310673251872 -0.14871576384668 -0.168214550346119 0.267501677812007
0.0856313274629163 -0.0236876232828242 0.155950878469996 -0.304862105994003
0.051539522202341 -0.064942509101093 -0.0013313997071535 -0.156067781254513
-0.0400438024948036 -0.0673331111457595 0.0549643589911742 -0.00172597629265064
-0.0891099745010839 0.0112047968859827 0.112537524234213 -0.0413039866773278
-0.0309700644671648 0.0630680054935579 0.119943098780577 -0.156872654034451
0.0158706577702784 0.0603227374988896 0.0275004735130124 -0.261021939841523
0.0504303889603556 0.0445932109916989 -0.0827637759189861 -0.282186934382954
0.0570594111681019 0.0433186022154176 -0.117458417297154 -0.27930129729315
0.0507485156506737 0.0477338343679015 -0.0871606081450949 -0.284166009914246
0.0137827915606806 0.0635469526391342 0.0140383437068361 -0.249028961368944
-0.0319208531553269 0.0643278906929221 0.0895804260183127 -0.146618860891569
-0.0975503712983407 0.00374924837723725 0.0249929982671866 -0.0505272343010081
-0.03578667551324 -0.0809758766190778 -0.0345383650368683 -0.121118348876636
0.0669440417799712 -0.0446543544823486 0.0536969515868114 -0.329505386187127
0.078050382483403 0.0125810060194257 0.384637903209805 -0.414089351443299
0.152646063637622 -0.166843133626719 0.143405725356656 -0.263992900132594
0.0569347709222125 -0.199378329881806 0.0132950298021217 -0.141743341817985
-0.128836145930702 -0.159126229392014 0.0668097775168919 -0.0220708196131322
-0.223556393124563 0.01165756953073 0.106138443103112 -0.0461201642314742
-0.118641516228901 0.137517432791996 0.104885578066031 -0.13767480975307
-0.0123302979181388 0.162087561775729 0.0302494863865624 -0.226395302175691
0.083159955187679 0.156263218616205 -0.0616203218980909 -0.239795028812986
0.110241934377613 0.148779931181321 -0.0870915483113179 -0.236664850894556
0.0948079142140388 0.164368398456483 -0.0673498824591295 -0.237083242781487
-0.00576238637748228 0.187522632691766 0.0227324240229749 -0.20296031618113
-0.114235363075117 0.160696496000079 0.0787877061607764 -0.107113729223433
-0.259418709703965 0.0320711861563113 0.000101987788219083 -0.030175520337829
-0.173195004476816 -0.180435865851366 -0.0560549392856461 -0.131711361273844
0.0578402579587377 -0.22627158508553 0.0118241410304041 -0.327694524158043
0.170424879430735 -0.173950572507563 0.30847282751374 -0.396161212395586
0.205611877253175 -0.29501992901733 0.0893275274900685 -0.18570078855647
0.0527097830857229 -0.328282447993994 0.0198323316371745 -0.0969540389695212
-0.215669613836745 -0.242982525630295 0.0870393665296823 -0.0367966300493428
-0.347396759124525 0.0142955120345157 0.0977753010831939 -0.0589750835257418
-0.200131778467688 0.201169467519455 0.0716054623536788 -0.114506414093604
-0.0437413680364616 0.246745480303947 0.0216833538490084 -0.166623627636394
0.102108950719987 0.249154828492797 -0.0362017712505387 -0.162229105888658
0.147156412376874 0.23198610098335 -0.0439738104199914 -0.157107533277328
0.128054569191463 0.252963273097365 -0.0346415131550283 -0.15338956742095
-0.0180281125180538 0.28396853503809 0.0322354803921787 -0.123941297222128
-0.173249921539503 0.241065089715264 0.0601113410424715 -0.0433833036580297
-0.386749234405599 0.0727239721264784 -0.0275359794034753 0.00479589993700613
-0.299444657982461 -0.241849639842755 -0.0794984548729199 -0.119894742376385
0.0226977493840789 -0.37280371133038 -0.0322889087208908 -0.283387234500713
0.22583632829229 -0.335249041274964 0.200825764311584 -0.317456004806178
0.231427755737628 -0.387967719778117 -0.000442758690545317 -0.0718763114712039
0.0315274832379982 -0.431995205177982 0.0143394370124262 -0.0140288285295917
-0.295968256359075 -0.303292760265721 0.108778252947712 -0.0373420663901787
-0.441632523292309 0.0260888209033605 0.0823233046531593 -0.0700033233596072
-0.256600425949838 0.248168205930393 0.0222528494737111 -0.0794264439715884
-0.0674402226926462 0.303492735209531 0.00324624568414668 -0.0805541154957123
0.106892403824178 0.307642081749651 -0.00860729683624397 -0.0566507918241364
0.163415906619523 0.280442388653973 0.00588489099806672 -0.0541913508818373
0.142079657573816 0.299807552817918 0.00712887425364261 -0.0483084673490085
-0.0250736626233944 0.333782459974396 0.0442020195568279 -0.0222729548139135
-0.203029002601186 0.285094278159675 0.0375718095419782 0.0369023812445763
-0.449697319074994 0.105904811243327 -0.0542970987725085 0.0492110811220997
-0.377882634932618 -0.257056527472114 -0.0962127689500744 -0.0891983874249159
-0.0186062007845472 -0.448948188230504 -0.0627233602050714 -0.200360394216379
0.238215054029447 -0.438125827631791 0.0842943931554158 -0.190271769594075
0.219643271354522 -0.430151610645549 -0.111489428036775 0.0663375717938563
-0.00275953209993144 -0.475298216213698 -0.0028739403910068 0.0974905800420723
-0.340310290610456 -0.316900333093204 0.118860467261636 -0.0201370645010952
-0.471358767317626 0.0402838073649557 0.0542810081740693 -0.0677798010272338
-0.27112859775305 0.262197547910228 -0.0341501594165456 -0.0280543397799842
-0.0791895328584321 0.313341880092374 -0.0185182457021416 0.0232332590701081
0.0973359863247803 0.319512286864434 0.0190136198069184 0.0610084290281753
0.152158426780998 0.285817054862194 0.0545626203012729 0.057164049563056
0.131357822944167 0.300285522564311 0.0495736460615178 0.062301802253147
-0.0324343697818756 0.327169783290264 0.0544077406733876 0.0829781228245607
-0.202516580485153 0.275026160301025 0.0118530279358273 0.117029574342171
-0.431378178680233 0.10803990066112 -0.0776606107356543 0.0894367281788238
-0.377118305153217 -0.232653497063043 -0.102337493802925 -0.050843700253355
-0.0436691824741812 -0.441951402067214 -0.0722235915169018 -0.101113003823803
0.213347042376511 -0.462149425436137 -0.0213876491660673 -0.0395933201240036
0.168893079016867 -0.405980821913721 -0.224308176698915 0.209165761569439
-0.0359608480027637 -0.432450940400189 -0.0272577982655356 0.214881237419729
-0.320624247937107 -0.270400633648112 0.109892105245443 0.0112677198800362
-0.409596612720932 0.0480271677701425 0.0180012865168566 -0.0478907321351474
-0.232393499429188 0.225886458158974 -0.0831799128735184 0.0327413373107681
-0.0741143868243769 0.269506940160295 -0.0366316850620171 0.127607676326429
0.0753174431443395 0.280553155387539 0.0432681521244763 0.171710078782611
0.120083571290912 0.247743643893251 0.095211493521046 0.16042892339481
0.0977008472416229 0.256779880921927 0.0826185059104918 0.160673023472993
-0.0419233646925311 0.269281181651039 0.0543635223427557 0.172204157614505
-0.175907855657129 0.211015199802572 -0.0189024454470899 0.175861818069082
-0.33822670771328 0.0749551849560806 -0.0967711975907448 0.108523318246065
-0.296295215591516 -0.181741545799232 -0.0992705105199993 -0.0219104392396279
-0.0429183435938453 -0.357786270941663 -0.062715058241494 -0.0137978351335886
0.162170372154274 -0.404056359247637 -0.103520315201789 0.100428232700152
0.0890317448312102 -0.313514881855796 -0.316745476848779 0.329603924133899
-0.0604156540330568 -0.306352207228006 -0.0528784627006169 0.313582794085513
-0.235605024370631 -0.169228725140406 0.0880182126797934 0.0505549439612513
-0.266141834768133 0.0437554275045952 -0.0132918733228116 -0.0172131016031118
-0.151519560130478 0.144402803146449 -0.111969232046662 0.0853699250885771
-0.0567377257536992 0.177325604889567 -0.0455167385041996 0.209175494002221
0.040207772557965 0.194700898622538 0.0635037986525162 0.255703785355164
0.0686663638614486 0.173248744261822 0.121686717293563 0.239144046556524
0.0498948133435773 0.178694975208226 0.10046961475897 0.234215165132982
-0.0471026832737412 0.174796349984662 0.0396140238307759 0.231593110191245
-0.127738650584824 0.119090840639854 -0.0536308809884431 0.201083420708268
-0.202679751062889 0.0298549252017234 -0.109691947266991 0.100796247946713
-0.174936313917791 -0.110584484086997 -0.0900881295058733 -0.00542936100867255
-0.034472563894696 -0.226033081018208 -0.0437304366876969 0.0474514822326994
0.0895055489445536 -0.292124616889335 -0.155510131684415 0.208466876949768
-0.00555642119837918 -0.167126321251697 -0.37234709260551 0.407043776772331
-0.0709093447273665 -0.126111135669326 -0.0699693721120464 0.378213974766496
-0.110630714030704 -0.042720807453125 0.0673652645474623 0.0898645792963981
-0.0815568500971541 0.0308574233960031 -0.026402956307537 0.0132973191332654
-0.0493971233630852 0.0368491161117535 -0.114678596614879 0.115516736377061
-0.0345817278138004 0.0553419750253735 -0.0442032091863368 0.252362715865887
-0.00350441592434266 0.077713444401053 0.0755211554449742 0.298910639036626
0.00640121601241849 0.0718276346662675 0.130388406536025 0.282081885778865
-0.00290079347890307 0.0766698125034247 0.0990020619389134 0.274100656555305
-0.0411016262634784 0.0633311740747921 0.0126099586443606 0.257500617589204
-0.0613137108770448 0.0263697627645147 -0.0870061198922188 0.194415426048933
-0.0561987615964123 -0.0025636247416922 -0.113600795289178 0.0765781599442457
-0.0559036039775882 -0.026519095097233 -0.0783355833869888 0.00308808976356821
-0.0350026055462231 -0.0833390093625443 -0.0256799824943275 0.08301349681667
0.00468925874690698 -0.150303919401489 -0.175590581756854 0.271980352811076
0.0903579869514081 -0.0252197014235221 0.156505690560889 -0.322146133653745
0.0543504539939818 -0.070351557577695 -0.00223517141590931 -0.163772981106047
-0.044336498100121 -0.0709354374735487 0.0560100538795362 -0.0061272507025204
-0.0935894536947988 0.0138370863750102 0.112940147112308 -0.0455036375117004
-0.0306864545586069 0.0677378212641307 0.119669542989902 -0.164909465062581
0.0190921912813498 0.0630606296205534 0.0222821569778323 -0.270765479930494
0.0534087693447696 0.0459342484971788 -0.092034455488987 -0.29083314225821
0.0611630582769079 0.0435210692238355 -0.130781949878458 -0.289302189099576
0.0536566470668189 0.0488953678915662 -0.0959801695778466 -0.294608211606336
0.0150390529458304 0.0664305112963283 0.0110107453783913 -0.25918611744
-0.0320604929600789 0.0668427073581802 0.0911445670106032 -0.153041608710609
-0.102651697778683 0.00614014009369864 0.0249104848171283 -0.049919184386302
-0.0395680138548984 -0.0847860862725182 -0.0399496801641505 -0.123820704253299
0.0708973712684271 -0.0495786640397048 0.0478695393507776 -0.344494968355469
0.0836957432889455 0.0123392854066202 0.39351870971287 -0.44151379094708
0.157221796276733 -0.175734580564239 0.142806423648421 -0.280541227784317
0.0573950188354682 -0.210570144794346 0.0128957139931199 -0.150120707807055
-0.138114094863806 -0.163342578970345 0.0674278163151923 -0.0272198252473319
-0.233026196872435 0.018829555260522 0.105766808439028 -0.0506263374336362
-0.120401646336014 0.147917173974753 0.104056471839558 -0.144323262347284
-0.00784363900295034 0.16979276152318 0.0261068046484521 -0.234357647349565
0.0907012005416716 0.160920282946366 -0.0686906920584513 -0.248005813179438
0.1194348068065 0.151247767987205 -0.0972168046673337 -0.245341120995327
0.102490522802479 0.168979966478386 -0.0734051666972772 -0.244966228067235
-0.00236109050722686 0.196407929714628 0.0210580861712872 -0.212269223799791
-0.115192655675708 0.169461469368215 0.0810692319479221 -0.111688255708201
-0.270391985712258 0.0399173080222182 -0.000935506566423747 -0.0281635775808596
-0.185869270051457 -0.18423218262812 -0.063431898143014 -0.135256516174187
0.0585595324550334 -0.238276633924482 0.00303340036937112 -0.341635498575432
0.175769994258166 -0.183687630624994 0.313595378474402 -0.42189850120489
0.208678868775682 -0.308992443753287 0.0881221748901844 -0.197730618763118
0.0498394042474315 -0.34454410562518 0.0202540576273329 -0.103007747196684
-0.229214550689163 -0.247778903875695 0.0886625104390997 -0.0440894581342535
-0.361703047754665 0.0242123993001113 0.0975566856427493 -0.0645590411703938
-0.203668262400035 0.217229681924072 0.0705178367576896 -0.119759646163797
-0.0387526938588277 0.259918492497554 0.0182989361836698 -0.171896620269155
0.112651669175151 0.257499562542343 -0.0393442895234814 -0.168316559268495
0.159896072927418 0.236680373340522 -0.0501479803637565 -0.163621147849944
0.138971706593514 0.259681722148477 -0.0375478057876022 -0.158973232027505
-0.0120043296131138 0.297063049457127 0.0336375703298323 -0.130320178324981
-0.174581440093065 0.255550539299497 0.0638320901432934 -0.0453336291471582
-0.401171042130561 0.0849473015109977 -0.0294424196102952 0.00987532882205564
-0.318266034612472 -0.243587242949241 -0.0884162935709264 -0.122670075961326
0.0197929896528977 -0.390508300033399 -0.042957753703246 -0.294304625117888
0.229761978946865 -0.352076528446756 0.20260970019755 -0.336405097685065
0.234122385577029 -0.407341305655215 -0.00368569283036696 -0.0765815848446874
0.0249207001896469 -0.45293121238425 0.0158094252483704 -0.0167248201475687
-0.313921768125368 -0.308030150156047 0.111427189527823 -0.045139771346351
-0.460790705560068 0.0402798434388376 0.0817881805969666 -0.0766846787414698
-0.262941195791436 0.267297732163332 0.0200365760641732 -0.0824392026687778
-0.0628632255506886 0.319296897468867 0.000277254083042064 -0.0819444496982312
0.118842106436491 0.317118838829689 -0.00774388428526751 -0.0596392913064678
0.177776640197188 0.286075121325605 0.00542104259058363 -0.057315441618311
0.155365653966013 0.308220327531279 0.00875604287524223 -0.0499190985580667
-0.0181975660380888 0.349957431204487 0.0480258807205843 -0.0252625691521243
-0.204552339463643 0.303046580073033 0.0431440040365885 0.0380519052163226
-0.466444744103704 0.122445166021514 -0.0556567930463516 0.0567777794830568
-0.40128900732421 -0.256937340818826 -0.105701785248148 -0.0898959254744385
-0.0259239887394812 -0.468742217232528 -0.0742596772345213 -0.206707747009816
0.238544065602236 -0.460086900827047 0.0843591843856562 -0.199635158717994
0.219484243955726 -0.451307653700948 -0.116885520130683 0.0702433775999473
-0.0115296807116339 -0.496179000508529 0.000163364175927655 0.100931857933591
-0.359474315564067 -0.319622217234645 0.123019404674141 -0.028017370797039
-0.490546918957325 0.0559715506287735 0.0534654200512954 -0.074263852434535
-0.276299701772637 0.282857486273832 -0.0378868804307991 -0.0280104256347732
-0.0742618210159112 0.330881668670758 -0.0206851668977591 0.0262497740295113
0.109396435673616 0.329557164534741 0.0238836835594576 0.0624873876966288
0.168030676962856 0.29196956542532 0.0599940593582688 0.0578979594316816
0.144471491257547 0.309034142207954 0.055628274367336 0.0650335704425697
-0.0264720631540505 0.341847572065555 0.0606656200335583 0.0842201149367829
-0.203959848413218 0.291483836663425 0.0183752068586072 0.121344313056578
-0.446616866455054 0.122998352392785 -0.0791101281866491 0.0990500247435109
-0.397611693158318 -0.232336684237381 -0.11117911128081 -0.050440358617615
-0.0522418957005998 -0.45965123783133 -0.0808463376713171 -0.102115045288733
0.213311181477625 -0.482052201627189 -0.0232508128668974 -0.0399792321140472
0.16673508876844 -0.42443511912956 -0.230913599992639 0.221961119961584
-0.0466056969293249 -0.451220227277759 -0.0228367255681281 0.224298174971056
-0.340103011355596 -0.270874395530142 0.115723571693353 0.00542240607044139
-0.42526477155018 0.0629813941725318 0.0170867370044712 -0.0530890292504371
-0.237636635969184 0.242820770719908 -0.0873881023378558 0.0354391311243493
-0.0713477259089296 0.284506258828541 -0.0372163601038652 0.134528755325656
0.0848529173465936 0.288862775027181 0.0519308834080002 0.176924675143324
0.132217378045911 0.252741855797479 0.105496485184966 0.164460940689504
0.108106614676255 0.263998170766077 0.0917868198493342 0.166935880102608
-0.0381009773374166 0.28059608284509 0.0625498981163446 0.177367359486489
-0.176765739022336 0.224352610784379 -0.0128798716341568 0.182825996842278
-0.350464002489747 0.0862227110702236 -0.0978842528766121 0.11879767476742
-0.311156271536478 -0.178392992887005 -0.106038811344406 -0.019570849855405
-0.0508488485750121 -0.369795451400272 -0.0683446666849912 -0.0117937018190679
0.15896461182143 -0.422003430587941 -0.105321066512248 0.109078232733229
0.0845826176831142 -0.32903071927586 -0.324106568161229 0.350814365658747
-0.0706808533055034 -0.318935738391576 -0.0474126541331123 0.328154238606754
-0.249624056596534 -0.168033432741751 0.0939382549437749 0.0472284435191128
-0.27486905185144 0.0553677096884898 -0.0144642079875936 -0.020232117917326
-0.154648098035511 0.15472349928697 -0.116125989762131 0.0902636086402383
-0.0553603871489493 0.187304859331109 -0.0447235056958799 0.219154829157872
0.0469541301298359 0.200697743641288 0.0740702053106541 0.263896703747505
0.0772022401060341 0.176867609643288 0.134159718465709 0.246905038012416
0.0563266697626487 0.183547453808401 0.110912942137215 0.242745835761989
-0.0448104602060024 0.182668705641886 0.0482857192852465 0.239627694992841
-0.128650048842723 0.127529585715374 -0.0491112214891504 0.209477092919476
-0.208727280057543 0.0350040679690483 -0.111593264730406 0.10970032372847
-0.182588899724911 -0.108255876772043 -0.0954004696622978 -0.00227702080751438
-0.039705060629868 -0.232578485555036 -0.0470400985621161 0.0513425544491343
0.086555399020345 -0.303690197716459 -0.156911977310636 0.22220857039521
-0.0105414183740733 -0.175116835472664 -0.38118754760119 0.434468193949562
-0.0777599659031386 -0.129854529953885 -0.0643089148094051 0.397861487857791
-0.11623454726695 -0.039586772870919 0.0737311815418319 0.0897049191110773
-0.0829813220731587 0.0358619654794759 -0.0272094573633647 0.0107818070788261
-0.05085734211477 0.0394179654514366 -0.118588726921705 0.121939749092986
-0.0351510151746299 0.0590801843934856 -0.0424632328980862 0.263576635477183
-0.00229056207510537 0.080365488118531 0.0864574742695976 0.308678437521328
0.00948091082376267 0.0735293223436307 0.14370157967595 0.29202338159739
-0.000462908382145875 0.0782356323228933 0.110376120823055 0.28374515707811
-0.0411768379727103 0.0664553167079757 0.0197124378094672 0.267071155642386
-0.0620143105893295 0.0291276198325418 -0.0847248075809854 0.202982503487971
-0.0562668830129689 -0.00145690069422511 -0.115515541984216 0.0832323578730421
-0.0575453340010116 -0.0242199388284008 -0.0813547350505239 0.0071315490859844
-0.03944006315193 -0.0828489815113744 -0.0267036615068388 0.0875786562335794
0.000629086569192406 -0.155053718496645 -0.176000594201489 0.289488261110726
0.0933067095715896 -0.0154913802818624 0.212963185699982 -0.300328074895988
0.064798566854794 -0.0632127356849836 0.0273820561123959 -0.171395670983414
-0.0320055579733253 -0.0806663899109726 0.0540507230865336 -0.00374664336469257
-0.0970522167706274 -0.00356872909403349 0.113783124534946 -0.0309353477940716
-0.0449343684152813 0.060121485916137 0.143931421843516 -0.146058789740798
0.00701464987940985 0.0655584722454186 0.0639818824744248 -0.272093663463115
0.045494719484191 0.0542666154064779 -0.0491608261421955 -0.310530067743217
0.0518103341377514 0.0546871182258751 -0.0894818192588813 -0.318444254942176
0.0452678659114156 0.0597025841015441 -0.0548941543056432 -0.318671029114379
0.00297425877959821 0.0693921039741329 0.0508664645403176 -0.264595109817861
-0.0458727373613959 0.0602207727217028 0.117997339922834 -0.14250592586204
-0.106483922429754 -0.0117442896981747 0.0390951174201898 -0.046182658532737
-0.0240791995033477 -0.097759914449641 -0.0222817516593302 -0.127663043366976
0.0875486099473749 -0.0433633455010746 0.0974135964691915 -0.338210688378366
0.0901422431816246 0.0244838301090416 0.473851106889685 -0.385724924682502
0.187186699091287 -0.151665901515552 0.196403001732684 -0.265539276349095
0.0920287494989837 -0.202830686346523 0.0407987651523465 -0.158698690780327
-0.109024161446498 -0.187740077992612 0.0633598278488973 -0.0305293158625059
-0.236156159857465 -0.0189969607543884 0.0985397261672047 -0.0404290323595696
-0.148417192619601 0.126318522104558 0.121178716920481 -0.121927824561663
-0.0383854820245495 0.170061985007679 0.0616427138174067 -0.230620115399547
0.0643981094127223 0.176468403456281 -0.0321222895263019 -0.259786130634153
0.0912449629295313 0.174502810589934 -0.0611165648091006 -0.268259328233634
0.0737095454327085 0.189470926026112 -0.0409008206623706 -0.265800384090362
-0.0373183985580981 0.199792392947287 0.0525461947260769 -0.218127349804307
-0.15163891896724 0.149458014064532 0.105677445759725 -0.105564474720406
-0.285325094206692 -0.00455920584557268 0.0176096628968072 -0.0322708576961552
-0.15257830234259 -0.227551182308663 -0.0427581179482216 -0.140625098604792
0.110609988980921 -0.239297945462177 0.0511807205349873 -0.334825058027883
0.224677608936212 -0.161824497527877 0.381379519999856 -0.371499677223047
0.262840281057427 -0.273439038098381 0.129771220619115 -0.195813098915499
0.108338865776171 -0.336480098713061 0.040082004622841 -0.113640077155737
-0.184344109305347 -0.287643457112292 0.0820091044383053 -0.049587448965047
-0.364272158085991 -0.0327396729783653 0.0841301788818235 -0.0594326074901257
-0.24344091724488 0.182205050619227 0.0792543238123381 -0.0971237698785744
-0.0857380667799845 0.257281791163466 0.0421538750832215 -0.165160684641267
0.0710145417234395 0.276750607407724 -0.0154140388815722 -0.170623663617399
0.116949209440873 0.268866904148535 -0.0248684345086281 -0.176270558784861
0.0956299663221457 0.288074692589894 -0.0173892852454536 -0.171479504874066
-0.0650309204856275 0.30142861091156 0.0516663647119705 -0.135375262469113
-0.22926266965846 0.226719005494472 0.0808780035646074 -0.0441190058887085
-0.426882863844872 0.0205840470868676 -0.0109728504955122 -0.0030877068210802
-0.275908070079619 -0.315055758809503 -0.0675651102718305 -0.129839861234972
0.0984613885180111 -0.401573215493379 -0.0019619038825608 -0.286290963332104
0.314306902985523 -0.32655988992131 0.247543137625224 -0.296865090168275
0.305007781980343 -0.364713635653932 0.0190252933728541 -0.0926387869229182
0.102558327548653 -0.445394198568608 0.0218929212598116 -0.0293939611250651
-0.258236005123289 -0.36101219411086 0.100758141268051 -0.0522718172639341
-0.464485247780182 -0.0304605422408306 0.0638777747044612 -0.076691065344763
-0.309755449404786 0.225424995168269 0.0195129050967872 -0.0634923943866729
-0.119585346749841 0.314634075166649 0.00905948555357457 -0.074573422998972
0.0677628843482224 0.338768599885697 -0.000198869133920987 -0.0524679027191608
0.126545779739111 0.322044044663631 0.0154500765372677 -0.0578505204325237
0.102716343202498 0.339017701622361 0.0129532478003936 -0.0519754349318621
-0.0801143164509647 0.35366263786672 0.0501730777191716 -0.0262682363338969
-0.269182611742482 0.271034068879373 0.0491639957617687 0.035630689361083
-0.499911343061381 0.0475135714549794 -0.0428462183819022 0.0372250615655772
-0.356983557927729 -0.343818195326372 -0.0888024337759546 -0.0990283786569184
0.0655130827825115 -0.489685693049086 -0.0466012900751707 -0.198174149712582
0.343847612140257 -0.435195312328638 0.0989427643882908 -0.17150689627982
0.298780622440346 -0.407519973455022 -0.117934904410242 0.0355292023448648
0.0736285328889115 -0.4965230129984 -0.0133126117905085 0.0866708382876049
-0.300987047967021 -0.381835605821296 0.107887074399275 -0.0331247573705398
-0.496257667032271 -0.0183075087679673 0.033061019474065 -0.0787187213523469
-0.325953082920066 0.237052983757147 -0.0485501804858276 -0.0168802826499448
-0.131557546840575 0.32366720196337 -0.0294550569495386 0.0333248310124179
0.056595122109982 0.349095381717224 0.0126224318048595 0.0784947884012515
0.116276456030518 0.326904528802052 0.0539549490099276 0.0691492267410407
0.0913903013525144 0.337753812439274 0.0439729049079706 0.0732545961318473
-0.0870963066809226 0.346016679459515 0.0468528730888222 0.0877063135527825
-0.266650929504234 0.259518326028942 0.0117292249258171 0.116932957355564
-0.478855611798464 0.0525209700775018 -0.0733293495077682 0.0766860945917339
-0.35794032740857 -0.31624366644896 -0.100545918365388 -0.0600297780506155
0.0356951608499027 -0.481010573720686 -0.0686507006884993 -0.0942833605413079
0.318896586217051 -0.462132053265976 -0.037790927887674 -0.0249422721534546
0.242183794130475 -0.387965239361947 -0.259309099753725 0.170647521077618
0.0327144333223701 -0.455809481814928 -0.0570926542403291 0.211279304782392
-0.289119484495447 -0.328889208310814 0.097640840092792 0.00247950144871311
-0.431236286870533 -0.00116045691279573 -0.00327249553465565 -0.0620385437203082
-0.279217984104101 0.204983315310985 -0.107092627481183 0.037586350777061
-0.11934260370622 0.279455605878156 -0.0641825602842718 0.1406239436642
0.0390831610715178 0.304337955127883 0.0240647577474428 0.199318643954526
0.0877549870479322 0.281529339288698 0.0836610780823862 0.185588126707528
0.0627945472245842 0.285354392685569 0.0666825456273023 0.184255256024103
-0.0881662395116566 0.281117638021213 0.0358277936652554 0.184792088500933
-0.227089103397523 0.196286591375062 -0.0305172698896195 0.177078351585407
-0.37488128311701 0.0305963336872575 -0.100061469368104 0.0966533745789589
-0.281408130268139 -0.243247028628324 -0.100656690159989 -0.029307143732717
0.0179798431154295 -0.38654863852131 -0.0696532589237274 -0.00455203288138061
0.25024949059174 -0.408315690046216 -0.144084840383623 0.111195371231795
0.143289143514846 -0.303463352473124 -0.378357194305856 0.288741408779419
-0.0136722767102358 -0.326981994493344 -0.099207528916157 0.318412133930007
-0.216849221996098 -0.209078209227857 0.0745313942580907 0.0483235639417983
-0.281026287922384 0.0152695955864024 -0.0297819621781807 -0.0302236381034401
-0.180562545318077 0.132007219731469 -0.141495946792922 0.0836733538507915
-0.086652095860605 0.183924033151607 -0.0838078897867069 0.223110282180201
0.0148837602936493 0.209925557362484 0.0339206496617503 0.289715620226291
0.0467098511614363 0.194051498237488 0.100931378614807 0.274958663860321
0.0248616400819617 0.194279201716569 0.0763059163204814 0.266646925879285
-0.0772663316959285 0.179590431410816 0.0120222188689606 0.248507956782086
-0.157130107643099 0.106628865198417 -0.0736339716072943 0.201129649253129
-0.220324471656776 0.00195292776505432 -0.118298708849488 0.0903933076899629
-0.163498524420803 -0.144875744188748 -0.0939279492262287 -0.0124144310933448
0.00259558514023556 -0.242920357425752 -0.0578189205849508 0.0552481031750958
0.148214610836281 -0.297191651284565 -0.21051421784371 0.214619618070699
0.0212054152177542 -0.165503107318915 -0.452519855957866 0.369243647059366
-0.0514965457709315 -0.13940982597273 -0.126589106602669 0.391595424434497
-0.107195663333226 -0.0574338619151162 0.0557436400536068 0.0964748318705522
-0.0858715048002739 0.0254459737255664 -0.0355775836983242 0.00411843880106815
-0.0566529016503479 0.033568956709815 -0.143742099271692 0.107770409055027
-0.0441176354119033 0.0575520440040252 -0.0870114128506449 0.265036057585353
-0.0141890463045593 0.0803420664269878 0.0400069808096823 0.333532454087883
-0.0024881071700517 0.077359734172395 0.103300829919344 0.323867147637124
-0.0141518540579061 0.078302631982506 0.0702221339141852 0.309198704228304
-0.0529584576509559 0.0619630409679614 -0.0194367568457912 0.273875412764443
-0.0694280936709331 0.0190886325706346 -0.1122680835914 0.192196834789654
-0.0572489787097514 -0.0110122596090888 -0.126029015889078 0.0659749844862436
-0.0525163603551688 -0.0344782409075761 -0.0829282728762229 -0.00310859874985676
-0.0262492327261737 -0.0881327752828796 -0.0411781689342565 0.0884427748596848
0.0284312383929434 -0.157795972066163 -0.233064167893282 0.273989701149897
0.0927308013062531 -0.0222332791362666 0.186098952517626 -0.314919280116648
0.0612330832221362 -0.0695225224754444 0.0155948294890342 -0.17299551348071
-0.0390414208725349 -0.0783426822340135 0.0520428022493734 -0.0110020087928508
-0.0973570424238812 0.0049755312519573 0.106051674773634 -0.0395801573905839
-0.0392837772476083 0.0646346833133292 0.128240915580336 -0.154716946554085
0.0134075675745558 0.0643354331896484 0.040894455925227 -0.271784332595226
0.0505087239298405 0.050622425802225 -0.0732453776963597 -0.301291023111781
0.0561315318869689 0.0493395158150208 -0.115526889915665 -0.307493821110185
0.0495840694901176 0.0555061688687839 -0.0798978156326561 -0.310758669766147
0.00819812528954727 0.0690810482889342 0.0305478740802764 -0.265963786340387
-0.0410129240748963 0.0631055919830203 0.107329027911182 -0.148221006017964
-0.107187096838352 -0.00258284485555775 0.0351457293571264 -0.0451985241104577
-0.0324362811692367 -0.0954166225234833 -0.0335524396951228 -0.121528423666992
0.0853784082225853 -0.051390035444344 0.0677426454999847 -0.339958784769366
0.0929029513295559 0.0168782105569855 0.436308419999916 -0.419747991182707
0.174292547851023 -0.163235102636061 0.171060323725636 -0.27898450048041
0.0770416113772283 -0.208812774300047 0.0294940272620197 -0.162493769297636
-0.122578933528467 -0.177131456476946 0.0584460438161026 -0.0380679302391927
-0.234922903994844 0.00200435881659925 0.0896244650887174 -0.048058024613274
-0.135936442790853 0.138434787622285 0.108543526531772 -0.128417957968768
-0.0227447549469883 0.171602823677574 0.0417903756435288 -0.230779075331157
0.0788263216194742 0.169260209224998 -0.0518434642226313 -0.25393144184698
0.105383216611249 0.163794430561745 -0.0835178809613904 -0.260298340545147
0.0880597517158969 0.180926844399228 -0.0599841345442104 -0.259600568404385
-0.0214491491106724 0.200858924878389 0.036674968134955 -0.22044857991528
-0.137851002801653 0.159415852030487 0.0983673666479728 -0.111347122672196
-0.282887626441865 0.0193724908409998 0.0152781342062959 -0.0289567270184419
-0.169155591031789 -0.211967575513634 -0.0562903500071973 -0.133801758692363
0.0928540082875078 -0.247210506076467 0.0215616148825028 -0.33294970901307
0.210508623328522 -0.176712653725978 0.345932654461255 -0.398542109249163
0.238501284610607 -0.288877693421124 0.110672771588155 -0.204823185885123
0.0823314685406448 -0.341096423513411 0.0324886565463045 -0.117981981335238
-0.20451509111893 -0.267487122007518 0.074584548608957 -0.0596418065256949
-0.361907330629204 -5.29644947755406E-05 0.0743218739057891 -0.0662554781194271
-0.225068789968061 0.201960015243727 0.0690685150756312 -0.100630995105373
-0.0612716373607073 0.261454879893271 0.0279220679536901 -0.164604948824423
0.092803531962958 0.267350193047526 -0.0269148003808821 -0.167868040046368
0.138762091193059 0.254029081287085 -0.0392931100810296 -0.172865462449173
0.117646378106446 0.275843331369135 -0.0287048269355823 -0.168223842314363
-0.0396930256103703 0.303244318497576 0.0417785495611277 -0.138848862760733
-0.208025318017454 0.242354965648472 0.0798320049730888 -0.0492245123835475
-0.419922231541445 0.0550475872983857 -0.0103961024605761 0.00284294501828843
-0.296963100815618 -0.287418119765279 -0.0809668533967477 -0.121580607274196
0.0688369029245705 -0.405109587698011 -0.0287488354129815 -0.280370126552606
0.2850587853517 -0.345687285424416 0.218720919600586 -0.312473181323825
0.272113582580848 -0.38240169158472 0.0103592031344362 -0.0936752326824542
0.0673354386718918 -0.449311350638199 0.020846608442042 -0.0326222968604971
-0.28281403310291 -0.333180484677865 0.0931445715880354 -0.0643310486032623
-0.460691430016088 0.0114494227158837 0.0532705911474908 -0.0829588988535067
-0.287342333777772 0.249267534161909 0.0124152525702308 -0.0632259617440745
-0.0909040318868711 0.321433929799377 0.0020769788627474 -0.072403752399931
0.0945418340008499 0.328399717013177 -0.00157485107963321 -0.0530786739094869
0.152945151772553 0.305337438633318 0.0113674913155277 -0.0595799622578528
0.129724400821257 0.325487018833049 0.0114837163660608 -0.0528047083067675
-0.0503336843927754 0.35617767423056 0.0492933607946964 -0.0315987289871851
-0.244593506728771 0.288283777283193 0.0552015132705648 0.0310203702810604
-0.49037334282539 0.0891950278192743 -0.0377150587568105 0.0458123488442969
-0.378008055313882 -0.308238696796647 -0.0994767629186662 -0.0890782906829395
0.0284103318408415 -0.488727436293959 -0.0654464940796653 -0.189681179661754
0.30527009399386 -0.454123845079733 0.0836971460056477 -0.176641371310931
0.263431203195437 -0.423370266609553 -0.115362011767277 0.0438964319537165
0.0349773066814463 -0.495390716253628 -0.00444018671611248 0.0850372017680861
-0.326164461436369 -0.349082138096587 0.102268828751559 -0.0466400315367799
-0.48914668882023 0.0256547487592582 0.0232430763203266 -0.0834789313905636
-0.302096866715858 0.263687855873166 -0.0508321446615559 -0.0123353327282423
-0.102682961058919 0.33226767616918 -0.0276729957333011 0.0370382554441065
0.0841058699491393 0.339208669629185 0.0216301122171714 0.0743561744053767
0.142553558053912 0.310016442240712 0.0600938266224732 0.0628595354744046
0.118485157498213 0.324897363700842 0.0524639580729361 0.0690345757247402
-0.0578732664262134 0.348953655326842 0.055297298584313 0.0810702143013042
-0.241901118583901 0.277936241667444 0.0244142722959039 0.113747763163445
-0.469877610629287 0.0935471886189425 -0.0637742495403403 0.0854990962940135
-0.376917817536851 -0.28086356459682 -0.107711991081171 -0.0493748384954398
-0.00067994196050452 -0.478760449430444 -0.0794197649111237 -0.0851084979267504
0.276641920124193 -0.477415790327556 -0.0385971029730136 -0.0204655430903062
0.206999742751042 -0.399896192342253 -0.243255007934865 0.18838992734525
-0.00507317600868727 -0.451451486278405 -0.0382139385946339 0.212454879195259
-0.310611878266495 -0.297225505572359 0.0946176578653232 -0.00967893845369805
-0.42407612002104 0.0368212820763493 -0.0100246950693997 -0.0637783649558823
-0.258061835484748 0.227631459561589 -0.104936083257519 0.0455290448855829
-0.094509117264055 0.286562383878021 -0.0529872479672409 0.14476876115815
0.0629420669362173 0.296247015519083 0.0418293341793135 0.192691015699642
0.110537027567993 0.267769917459878 0.0991150671628833 0.176250126850142
0.0851812266257266 0.275365398599772 0.0835730069010822 0.176708149251677
-0.0637583128875781 0.285035641348313 0.050694372745256 0.177965433547369
-0.207351997389496 0.211863458098457 -0.0126048066069054 0.175362491045026
-0.365615186518869 0.0611584502691852 -0.0889916931253788 0.106913350997929
-0.293452847460323 -0.215435259813595 -0.10538897810395 -0.0191840391031136
-0.0110296966224207 -0.383278504393 -0.0732248257222715 0.00358516860658341
0.212989019385457 -0.419569302724001 -0.132519664785018 0.123201245730204
0.11677178237083 -0.309949946086669 -0.349972741495883 0.3158145779276
-0.0406920834157962 -0.320696376008435 -0.070521846412038 0.322380804658986
-0.230931595883335 -0.185598327000684 0.077221989188077 0.0373267750874608
-0.274000335852514 0.0407858265793289 -0.0335060099921512 -0.0307630434248533
-0.167270587502807 0.146158590723591 -0.134950445737006 0.0929057495883929
-0.0702279162865706 0.18918354357074 -0.0662709097290242 0.22824216322951
0.0315630760846398 0.204890303458272 0.0578336750963848 0.281046649851925
0.0628115406558198 0.18546279888908 0.123574691735959 0.262390295741022
0.0407166566396323 0.188901166332882 0.0982266704669225 0.256877323200842
-0.0618390027896271 0.183169404377416 0.0328804690004222 0.242925517693913
-0.146099972214355 0.117691178094122 -0.0540041704662181 0.202943902437688
-0.215214081006046 0.0197211714209216 -0.107483674989347 0.101083955881172
-0.169833916915011 -0.127580837667921 -0.0959153767674332 -0.00302502121818272
-0.0156527980925129 -0.237385252265606 -0.0558974310307729 0.0603666497493247
0.121743011964769 -0.301785900351588 -0.188648835364925 0.229791359326094
0.00604602831498798 -0.164913931985485 -0.417693220370178 0.401275351623586
-0.0642028502557009 -0.133147857869017 -0.0924073315059297 0.398564043381252
-0.110408568245861 -0.045893095345098 0.0630378567578389 0.0873197288612923
-0.0805091881814602 0.0333547956574495 -0.0355744004597317 0.0038788199392897
-0.0534467779431486 0.0378415209327818 -0.13593977813043 0.1170602372819
-0.038521958391616 0.0605404157996264 -0.0666729116554881 0.26917015988466
-0.00786174156037533 0.0797509282240276 0.0671986668509025 0.325437543077886
0.00452285676661993 0.0747387803328682 0.130246270421024 0.310619028698688
-0.0070415976535782 0.0773564172078203 0.0952723427204309 0.299614836831164
-0.0471438795687214 0.0646650736999634 0.00299523694982984 0.27138886753616
-0.0655931071474962 0.0238090229229414 -0.0943068430661962 0.196919684450281
-0.0548659945930198 -0.00593943522771696 -0.116752147519554 0.0765251759790659
-0.0526950571113079 -0.0277539854081999 -0.0820395477996256 0.00646226962637426
-0.0324744609584135 -0.0820736380512872 -0.036422275853774 0.0913323802068398
0.014562377754929 -0.156337462127541 -0.206218239915903 0.290315520790881
0.0884371924417378 -0.0263599134862497 0.157766626031417 -0.310612087337259
0.0557834648071458 -0.0718930706730245 0.00583875437125629 -0.167959859888698
-0.0428245541995672 -0.073387551417693 0.0477506177781977 -0.0152785606243851
-0.0939017797483436 0.0111968102777619 0.0952124343081597 -0.0432406648415657
-0.0335534452593942 0.0650466128139391 0.111446486540817 -0.152563758509801
0.0173743990110147 0.0609251647554902 0.0228348634624753 -0.259985441761682
0.0519070426498393 0.0452827286079095 -0.086647347586449 -0.281431095275754
0.057237050445725 0.043531177793584 -0.128644347532312 -0.285326343260623
0.0504535178621468 0.0502452030286704 -0.0939711359903356 -0.29145361549072
0.0111307982013122 0.0661280038510657 0.0157675660268225 -0.255674175877559
-0.0360620104849618 0.0619412011655496 0.095071956706582 -0.145368222853815
-0.102989518501242 0.00424121108159193 0.0315375110459657 -0.0417766750619017
-0.0374329053396919 -0.0895832148527044 -0.0392348417055984 -0.111210894676402
0.0801751299288766 -0.0563087156816961 0.0437736195840878 -0.326399407458089
0.0911133875079395 0.010648493154054 0.391115399687421 -0.424721718843054
0.158380739899846 -0.163866271843847 0.144904465448795 -0.275596750275941
0.0627517367238556 -0.204956523235748 0.0197872944210103 -0.15880393690521
-0.127264362026596 -0.161111695630136 0.0507632104781685 -0.0419568634387775
-0.224810263071467 0.0175086234046535 0.0790362381000619 -0.051175465646456
-0.120631882553415 0.141716981321014 0.0944637624775845 -0.1267003380743
-0.0101954928858372 0.164835179113184 0.0263104036283813 -0.220916101450725
0.0855943470042543 0.15622946369696 -0.0622842705634068 -0.239255733402601
0.110314576801002 0.148237989409245 -0.0951695759524986 -0.243340943448971
0.0947440914883717 0.166837876367759 -0.0716270272071882 -0.244318720867909
-0.0090567776041156 0.193397434072072 0.0237259005173704 -0.213720282470933
-0.122663973999627 0.159509664314613 0.0894392270988522 -0.110556319332177
-0.268499126300071 0.0354835466296201 0.0136801567419337 -0.0243080032723498
-0.172831097900229 -0.191739344598591 -0.0629178222905084 -0.121697600625351
0.0769370444086724 -0.242582326964621 -0.000513602730892781 -0.31521672656766
0.191686288044138 -0.178527933692502 0.3058061800257 -0.398784768915865
0.212548553624749 -0.286646412084876 0.09181429238717 -0.201513913058213
0.0600987888865287 -0.330906191290456 0.0249315708782703 -0.117265463139338
-0.209920972664431 -0.241147636942621 0.0644308421282136 -0.0641257861294174
-0.344262978637047 0.0235109455483408 0.0626072486339846 -0.067332504869839
-0.201429825020883 0.207574252889397 0.0586430921584749 -0.0982956697338158
-0.0417083394867938 0.253090643955649 0.0174948784762771 -0.157032828360228
0.105066644648803 0.248882922440867 -0.0334567696653794 -0.159975526654221
0.148612743742829 0.231541407691393 -0.0477745135257286 -0.163012588463435
0.128578805589699 0.254986627861989 -0.0353492296054062 -0.159436363897234
-0.0205546119386426 0.292095675896638 0.0335163654930478 -0.135666149096109
-0.184624238674383 0.242512227315315 0.0761486461860419 -0.0520016972106096
-0.397543362720239 0.07920381293312 -0.00834137701424776 0.00757281580119212
-0.296801100616365 -0.254372375033121 -0.0873458885238138 -0.108699400610979
0.0441728184867951 -0.393130680830805 -0.0463705203687363 -0.262376119307861
0.251689169998343 -0.342006517665191 0.192373478059533 -0.309227368932171
0.239471339231643 -0.376219664250749 0.00274244844118948 -0.0900471497751763
0.0396060913075803 -0.431375676533578 0.0189848419520995 -0.0353293816270491
-0.286754819391288 -0.298611327574026 0.0818431248077847 -0.0699401344266214
-0.436199592149557 0.0401727745569282 0.0420648680391451 -0.0829049817897671
-0.258613506266166 0.256852478344446 0.00657446627798274 -0.0599693374284163
-0.0664115265153034 0.311505231883183 -0.00213805109392091 -0.0674148014861821
0.109727977122262 0.306853740109431 -0.00261513582673622 -0.0525447585170414
0.164271840448506 0.278898525097856 0.00735959484075481 -0.0582081098792777
0.143187679489587 0.301643747359934 0.0101955260187429 -0.0520156196884392
-0.0275312849769798 0.342846410659762 0.0466726115577983 -0.0340941116939205
-0.215772891441035 0.288842966387743 0.0570782457850712 0.0252836547407833
-0.462200931292559 0.114835803776614 -0.0308417652581798 0.0500704597490944
-0.376517317697453 -0.270542425100066 -0.103440458690204 -0.0763690215515178
0.00399616925726671 -0.46925634794597 -0.0770333905918351 -0.173585547395961
0.263836008918746 -0.445429300895152 0.0699168672476146 -0.17209576713207
0.226741935371064 -0.415162478817893 -0.108332928397011 0.0483631471662217
0.00453760362625181 -0.473373307735883 0.00205765573967131 0.0788341925539651
-0.329621176468877 -0.311190581127982 0.0914999371930167 -0.0543913248750849
-0.462755381690379 0.054442959508134 0.0139670618082175 -0.0821981237404577
-0.270679103112104 0.270036230323209 -0.0502738346020988 -0.00784917365086548
-0.077593465544717 0.322864089415155 -0.0250603809753595 0.0385029864018234
0.0996383039149324 0.317789710213577 0.0267425589878185 0.067317536652044
0.154303517443035 0.283818173218953 0.0612484241451673 0.0551088489241812
0.132316139956046 0.300891866275374 0.0562727964494899 0.0611415142494228
-0.0351365619315118 0.336197224525816 0.0582519979721142 0.0724630344093594
-0.214094764997638 0.278061552805868 0.0325927145982574 0.105149302887472
-0.440280978732156 0.116509909196548 -0.0541418511205801 0.0893781848330034
-0.371009593056701 -0.243809692811122 -0.108710114208219 -0.0382110495590104
-0.0232151370593986 -0.456080812273005 -0.0844790496949318 -0.0734549575115706
0.237669549106662 -0.464928479548213 -0.0374901991692033 -0.0164499956314267
0.17476415591395 -0.389901542327709 -0.221699132045981 0.193685158047331
-0.0307821736672704 -0.428862980616772 -0.0228640210232206 0.202936712851026
-0.310640509799856 -0.26275312041529 0.0874857056075467 -0.0193395956212837
-0.39849868867518 0.0620843783295225 -0.0160477795777633 -0.0628838911822568
-0.23237787416417 0.232623595523217 -0.099018188371156 0.0493534549840431
-0.0727898550515153 0.278977399130424 -0.043484966964962 0.142461745117144
0.0767326269188017 0.278065225072868 0.0530654489900984 0.178512473382873
0.121185420634309 0.245497453257173 0.106185533051302 0.1605050194472
0.097765942913999 0.256264271277318 0.0922748724019673 0.162447168764313
-0.044600602392104 0.275324546686796 0.0597063734505729 0.164728279869609
-0.185061542411127 0.213426056040694 0.000697920560844149 0.165706895161296
-0.343510192943923 0.0807504433216148 -0.0757808386907271 0.110283455005763
-0.287938607071601 -0.186213056307253 -0.103859622160136 -0.00977878468797955
-0.0283936027214062 -0.363901341604165 -0.073228792234879 0.0103550171126057
0.179707195767546 -0.406183659299686 -0.118245696507114 0.125615504370306
0.092508477183605 -0.299931453092234 -0.314894498262088 0.319064764404676
-0.0578655001004335 -0.301728005275422 -0.0475614055111857 0.309927036770653
-0.228548745394067 -0.160816672924419 0.0742441699428899 0.0275021171559168
-0.255022191068524 0.0560709966879991 -0.0352525675010332 -0.0300433405753238
-0.149933282843482 0.149274770961209 -0.1247752605992 0.0955088798533736
-0.0551703339429667 0.184953108786986 -0.0519257405234886 0.221999262072471
0.041645998316427 0.192992630751148 0.0724265445448476 0.262907919178826
0.0711246829871066 0.170484708016542 0.134349734047476 0.242187527826406
0.0503843584889061 0.175884378502684 0.110001158446041 0.237820627536719
-0.0484374667011547 0.17785755219117 0.0462095718592032 0.228441199563904
-0.132015551418079 0.119945779822464 -0.0378800491669006 0.194287880580233
-0.202034721816439 0.0309863265069846 -0.0937879424081378 0.104471445762774
-0.166047979497347 -0.110095025286707 -0.0924780560115523 0.00503344755712133
-0.0262503873471523 -0.223646032547693 -0.0524580110543385 0.062849528605077
0.0978689103554713 -0.290488257258791 -0.165503979728435 0.231001977595451
-0.00471641080110759 -0.157309207547671 -0.373338437030347 0.404841592065681
-0.0702591647899697 -0.121635936730317 -0.0627822101676848 0.384424632213652
-0.107146453627176 -0.0348948405739324 0.064814104104294 0.0759716462382251
-0.0721891278357214 0.0368347754130767 -0.0347897897722545 0.00255146732075719
-0.0483979798022375 0.0392280736675964 -0.124362283028303 0.118217893177569
-0.0334350286963432 0.0605992183531986 -0.0496262257545978 0.261034989897673
-0.0030083195210061 0.0761441535596941 0.0830300285183588 0.3052888560912
0.00835268613579768 0.0694822065644624 0.143408836244614 0.287674471171303
-0.00198217673088695 0.0726561891514645 0.10945228333568 0.279836384054898
-0.0413103375644549 0.063881688028032 0.0182982726489873 0.257523151284996
-0.0608940895529185 0.0257633077065687 -0.0764039767594769 0.190762915825985
-0.0508565438157871 -0.00320175200163048 -0.10444928728345 0.0807654365734451
-0.0491335709732787 -0.0218363896540538 -0.0769335490571478 0.0128780624628809
-0.0346526331734044 -0.0738111904792548 -0.0316113259876446 0.0901416526896949
0.00385789724283611 -0.147061863707691 -0.17869895502324 0.288931329739491
0.0850244942584062 -0.0269188266878769 0.14216350834575 -0.296464088773315
0.0524489572728293 -0.0715857624220143 0.00318087464221522 -0.161884560499585
-0.0432156142757228 -0.0694719760032187 0.043105681525037 -0.0175307546495027
-0.0903230778713459 0.0142897580694073 0.0855286857287086 -0.0422096958053629
-0.0296777854660803 0.0634608697891564 0.100494866655615 -0.144938238019192
0.0189038886089332 0.0570376372653922 0.0164874459967109 -0.245252436663549
0.0505246709114772 0.0424655468798697 -0.0871611558926971 -0.265563034672018
0.055779820871091 0.0399231725431168 -0.128727373126137 -0.267935853232621
0.0488971503413395 0.0468908917277652 -0.0940283838424664 -0.27460657398887
0.0118373165423074 0.0630535027616146 0.0115633302249029 -0.243262949102589
-0.033397041485827 0.0593784929311308 0.0894488092929056 -0.138543958674093
-0.0984300205605641 0.00618884492505382 0.0305721524298765 -0.0372736126021176
-0.0381370934358299 -0.0841709991825575 -0.0397967962622073 -0.102059958133154
0.0760056533024558 -0.0569874734360153 0.0346041314736376 -0.307445777864219
0.0877115166215623 0.00785780420477353 0.360646214840118 -0.409895804314375
0.148504286375243 -0.157694962723199 0.130990995025656 -0.263903047364237
0.0571382726754861 -0.197103748573826 0.0162576595718819 -0.153672635621158
-0.123760908171771 -0.150063089967868 0.0448792863293763 -0.0432237537934624
-0.212423105838846 0.0237183172838239 0.0700630633352266 -0.0486938071512409
-0.110576040974385 0.137846785561394 0.0854708816821757 -0.120133553344207
-0.00504031932523937 0.156037244158807 0.0207661536163546 -0.208834646969681
0.085042435486847 0.146427547016331 -0.0632462017741097 -0.226346307791304
0.108894315214136 0.137737158379256 -0.0965627255978327 -0.228777055446602
0.0935062405451476 0.156364103403389 -0.0716742748876032 -0.230983445335681
-0.00466129464320463 0.184233151052508 0.0196626690858468 -0.20441780497644
-0.113123951129471 0.153665596874993 0.0847777790746348 -0.106238083340426
-0.254489421652113 0.0397183294555455 0.0142045170976111 -0.0194167324243708
-0.166961472553497 -0.178253957396218 -0.0640033610944801 -0.111456931975871
0.0706463691030743 -0.233994505535683 -0.00825677068289713 -0.29654539659549
0.179595440791219 -0.171164437560134 0.281562442751152 -0.382658491134909
0.197597366512595 -0.274291421675089 0.0810202968660605 -0.19249237431357
0.0524927663839189 -0.315320719149885 0.0215599251913356 -0.114228552694548
-0.202251157939011 -0.223951578550521 0.0567451116403577 -0.0640335409261368
-0.324984605797553 0.0324393108447912 0.0541916396980401 -0.064636289933802
-0.185779605089315 0.202291420809042 0.052740741462704 -0.0928373326797846
-0.0325804368337636 0.24022093202278 0.0132298948761607 -0.147270071857362
0.104926623216902 0.233324648952681 -0.0338338561327908 -0.152372723348197
0.146468433488192 0.214631850365908 -0.0488240794675314 -0.154330881982387
0.127968990684516 0.23931318067816 -0.0354312251946743 -0.151985306131947
-0.0133226731517003 0.278506773436763 0.0309657219648384 -0.131232969042857
-0.169831602502351 0.233991427128256 0.0737310379367426 -0.0512244976443928
-0.375780622520754 0.084566110059145 -0.00540556316034693 0.0116906237771069
-0.28621594591688 -0.23497755515268 -0.0871816371168007 -0.0986710662113529
0.0381756267820753 -0.375481224297476 -0.0509800444184607 -0.244702172980743
0.233512801760305 -0.326455423937248 0.174563536006039 -0.296866923042395
0.221341886528614 -0.358528063241042 -0.000441742261412071 -0.0850643873187429
0.0304867026725635 -0.410495613677016 0.0173838547958934 -0.0361792905386333
-0.276163455269078 -0.275763209796775 0.0723491616437576 -0.0704503449882532
-0.410420016339683 0.0498843936806199 0.0342786619462595 -0.0791054606700786
-0.237882336598014 0.251842573221033 0.00434978997387958 -0.0556666308314182
-0.0553324150969139 0.296734526834837 -0.0038492209831908 -0.0626635433568044
0.111268049117761 0.288025796870507 -0.0023384854471976 -0.0523096419260954
0.162909852341914 0.25810026871254 0.00598411906942165 -0.0562816387931488
0.14242155298615 0.282283466085585 0.0102037592214867 -0.0508946108119942
-0.0182676591023123 0.326846653788167 0.0446648008434244 -0.0352443455294228
-0.198905865392373 0.278636755979134 0.057515672130747 0.0213747909209433
-0.435158452588867 0.118444871477928 -0.0259069914965992 0.0519836516793517
-0.358202271793323 -0.248983207062285 -0.102829703307556 -0.0677087280702621
-0.00181819545303384 -0.447428238310291 -0.0793559994893224 -0.15919257658683
0.244300281997459 -0.423203651127001 0.0626022518115419 -0.163808227871879
0.20909366807815 -0.395690804587618 -0.102379919456146 0.0480883824545943
-0.00229185449611471 -0.44879880860605 0.00378526513517564 0.0722191682428114
-0.316052042316008 -0.286538106154492 0.0824341922517299 -0.0562729523414389
-0.434880571178812 0.0653696440928417 0.00783144976303249 -0.0797048430307599
-0.251314829907258 0.263141543972232 -0.0495634774255778 -0.00581046156414998
-0.0660261513732772 0.30766850088451 -0.0239176817211382 0.0380560720819059
0.101836339976092 0.299640898296218 0.0282326198061259 0.0608102784214875
0.15288345004306 0.263367650523324 0.0600130622683407 0.0496590167387421
0.131943874155619 0.2819760108701 0.0566766631976258 0.0553876313269513
-0.0265628816103425 0.319611914244693 0.0578811904285191 0.0665615040301693
-0.197371305983214 0.268280401340474 0.0357731223574923 0.0963978045524723
-0.414057777566841 0.119865763759079 -0.0465483884373321 0.0899772408782147
-0.353416935741472 -0.22366188942757 -0.106119555448897 -0.0314833578341064
-0.0272225577270481 -0.432779987829529 -0.0839134269066576 -0.0644754796983069
0.217432422952644 -0.441698981369458 -0.0354210223789525 -0.014067853525436
0.159872599824012 -0.371302220683754 -0.205957499698126 0.186778508917592
-0.036796371648029 -0.405258135118787 -0.0168357274513753 0.190581615221367
-0.297261873077494 -0.240853860048414 0.0796556875038956 -0.023008110489356
-0.373437111440632 0.0693338732351733 -0.0192577903291755 -0.061439831917474
-0.213785043060825 0.226785408079543 -0.0943687762004292 0.0492001789625872
-0.0618407111540983 0.266044182937665 -0.039962424936758 0.137182271954481
0.0787101043569891 0.261819356236609 0.054352096293504 0.16616208547801
0.120894238510433 0.227602620273065 0.104363579832288 0.149020800535552
0.0981949801055455 0.239798750464239 0.0922326664985035 0.151148649888497
-0.0369240296549418 0.262147527070896 0.0608932941438753 0.154178773797257
-0.17055488485359 0.205918075402216 0.00575633189572204 0.154723840345544
-0.323760693800485 0.0839200653769923 -0.0666825499265136 0.108315623316601
-0.273132614034274 -0.169980633989841 -0.100823766585248 -0.00431399978119628
-0.0311780408497112 -0.343286803591403 -0.0712965924705124 0.0139100718983066
0.1623382172172 -0.384663170560445 -0.108953301780273 0.12274781416564
0.0820363659137564 -0.285387012559108 -0.292415086967331 0.308571750897126
-0.0607253062090435 -0.282977621448785 -0.0369483761563923 0.293079569292215
-0.218877451214289 -0.145433949580257 0.0695950278826126 0.0214193354240774
-0.237004432846333 0.0593683836310645 -0.0363219041178258 -0.0304743165065455
-0.138063324622251 0.144882420396303 -0.118301228959015 0.0928984389189259
-0.0478452713817066 0.176734368200603 -0.0457777788829906 0.212170112700217
0.0435368094677481 0.181335308851027 0.0749463381951819 0.246566342814382
0.0703174165605988 0.158391004424008 0.133860498476991 0.225855899964942
0.051096928014238 0.164484189575546 0.110762312604731 0.222903561940426
-0.0422551786452777 0.169933434461672 0.0487324927945513 0.21442982979751
-0.122050011022306 0.115970772045787 -0.0307775685648225 0.182130929689305
-0.189730895010678 0.0334227359131488 -0.0843810033393632 0.102339438945423
-0.15593223029835 -0.100196092984916 -0.0880740561285515 0.00906097154529648
-0.0270103488213763 -0.209622700489382 -0.0506875561549028 0.0629236778206182
0.0870448376260473 -0.273426714239518 -0.151183742682581 0.222590359650577
-0.00892378136020918 -0.148360288955434 -0.344900318483921 0.390790125334404
-0.069532841398503 -0.112114221687126 -0.049951128180164 0.365021353118643
-0.101456031797872 -0.0290780017891467 0.0620008755269288 0.0679360693301994
-0.0651035089740919 0.0367639982674806 -0.034303716138332 0.000434404554368794
-0.0450570949506627 0.0383600249603266 -0.117671416587742 0.11375199465506
-0.030576916228765 0.0583004529014365 -0.043389390113946 0.249035966165752
-0.00122467219839751 0.0718440760203438 0.0851811378362138 0.28760786413643
0.00914812801811571 0.0645524684644352 0.142960504721661 0.269428827914936
-0.000695072151512155 0.0676566632674764 0.110267473548075 0.262652731484899
-0.0378968572995295 0.0609844054549752 0.0238408957243479 0.242900329031558
-0.0566976226897514 0.0248012410460393 -0.0678463126553253 0.180575207766779
-0.0464921628399703 -0.00329712957935824 -0.0944958012028914 0.0791445288698353
-0.0447983862702843 -0.0191651127582281 -0.0715244653911715 0.0158156067793259
-0.0332798472167522 -0.0669143011130516 -0.0295674848932697 0.0867726523903788
0.000475858679449801 -0.137959677629845 -0.162301010998844 0.27751421132185
0.0838924682683118 -0.0262737436803151 0.138143883095768 -0.285938466219403
0.0519686639303713 -0.071543970380251 0.00369368428188837 -0.159395243315328
-0.042701152344116 -0.0682192923008862 0.039859418401191 -0.0187246328237427
-0.0880712313210557 0.0153153313302144 0.0803125879682778 -0.0391644096459835
-0.0280393909758126 0.0628115021295858 0.0968833035004217 -0.138249654064511
0.0190505592019059 0.0549213773024687 0.0165876598322398 -0.237193357340392
0.0498482107780163 0.041166242087564 -0.0832402135446463 -0.257594606129488
0.0545907484217255 0.0385913011887504 -0.124433441669953 -0.260143775700493
0.0475795824777956 0.0467752925293245 -0.0899202293330809 -0.268163146527546
0.0109661417784363 0.061757682816171 0.0144098334652883 -0.23735756085603
-0.0331911830089344 0.0573302836236471 0.0899177100041764 -0.132838541995345
-0.0962490145282729 0.00618209805891999 0.0311639026560873 -0.0331905447197946
-0.0368737124235356 -0.0824673814466945 -0.038923752054901 -0.0969598563948604
0.0750203017862468 -0.0565394979672531 0.0345256187579964 -0.295924462679938
0.0862009036681901 0.00754832633782347 0.351729160952477 -0.395058547430012
0.146830723403653 -0.152164576879495 0.125957730129656 -0.253331880249872
0.0581390366598024 -0.192491555162697 0.0157599936235216 -0.151542679349125
-0.119220252012653 -0.146072564369754 0.0412598116585678 -0.0426353351666559
-0.206249798969094 0.0240840018400749 0.0645632019194412 -0.0452693769324082
-0.10650070949467 0.13537500696409 0.0826834969788848 -0.114129472827146
-0.00463721900652291 0.151385719779066 0.0211196992322 -0.20112182856591
0.0828293035798295 0.142250161964045 -0.0596155416715626 -0.22031415303684
0.106067748225561 0.132367369924454 -0.0933968894305315 -0.222615550125531
0.0909152119990869 0.152266486245674 -0.0677987304937788 -0.22557559121904
-0.00535764710880456 0.179603832793989 0.0216862269408722 -0.199023426502692
-0.110734826944578 0.148381862909 0.085481210420685 -0.102840555912276
-0.247567658031326 0.0385665661133903 0.0155745933585347 -0.0159042830071432
-0.159858157283301 -0.173717570697619 -0.0633185272652534 -0.105750067458611
0.0711844459412523 -0.228964571343466 -0.00785650636401933 -0.284983304377948
0.176452000430351 -0.164004990153231 0.275000271694096 -0.37049108874043
0.195581334871658 -0.263918842173233 0.0784923881305595 -0.184760963032379
0.0544297092346436 -0.307163485402054 0.0209684583087378 -0.11296153535678
-0.194391450891833 -0.216825418814879 0.0521035531274276 -0.0631256221247093
-0.314273958557639 0.0326330767347974 0.0490622893621763 -0.0611921052092916
-0.179634358298708 0.197512992637284 0.0507866991787875 -0.0877289946581084
-0.0321210843898477 0.232688710175505 0.0129346811345065 -0.141674656483793
0.102584636440068 0.226338647839391 -0.0316827498945823 -0.150008976439833
0.141926767547868 0.206896176271681 -0.0473796053242424 -0.150613028381998
0.123739992339391 0.23190302980932 -0.0329277855570743 -0.149193841439804
-0.0143144290733093 0.271066794046828 0.0316098036680859 -0.128615439388607
-0.166296850966622 0.226222651927398 0.0742058978702311 -0.0504868778286858
-0.364234753369066 0.0812403794033062 -0.0032269714561965 0.0147513381827502
-0.274386435453257 -0.230374661498194 -0.0871685175394953 -0.0933216285694909
0.0402968079684645 -0.365537651885298 -0.0494295680788264 -0.234560304816018
0.230424051710721 -0.312401391821353 0.169143720625114 -0.286417302412262
0.217921211141751 -0.3452163712634 -0.000799738888428478 -0.0812812848440138
0.0343930789769036 -0.397922844113484 0.0169969255060385 -0.0377864204053559
-0.264260170374129 -0.266446240202439 0.0670133743170138 -0.0699114175155129
-0.394893506832066 0.0479122231087675 0.0295173770700073 -0.0761165967457937
-0.229393182452892 0.244564705882176 0.00410527509060939 -0.0522752362063511
-0.0538691165968276 0.287254569429668 -0.00397060433998729 -0.0596208254985363
0.107607323088186 0.279958473598878 -0.00142380536185142 -0.052719947806799
0.157524129644911 0.248620909572092 0.00568435413848224 -0.0556829647993276
0.137912036923052 0.274375380678301 0.011091738990992 -0.0512348552446592
-0.0195382713154251 0.318441651952432 0.044967077089099 -0.0351357884131165
-0.193641826027901 0.268955051611855 0.0579825153742544 0.0189492343916949
-0.42313197494485 0.115289962075249 -0.0219493642799776 0.0537035662844779
-0.344552082003512 -0.24362037733145 -0.101791597097452 -0.0630056483222479
0.00227369687370275 -0.435549811976188 -0.0770027525881438 -0.151673113217855
0.240201259689354 -0.405177597792291 0.0612802944223172 -0.157156740300725
0.206817215158933 -0.380165261273457 -0.0997728136627167 0.04644044485797
0.00152647138140804 -0.434659548034325 0.00332610152252569 0.0678612469932096
-0.30343432103827 -0.277331129743602 0.0770334929043674 -0.0562591979865919
-0.418395422894315 0.062718257892414 0.00498987117705231 -0.07758508290907
-0.242597996573047 0.256158350319643 -0.0485391015909652 -0.00497394368729733
-0.0646039701932679 0.298042928688909 -0.0241299328245626 0.0379381938322311
0.0979903654954527 0.289656558470358 0.0272729899196142 0.0565794677834203
0.148339861227342 0.253573121571234 0.0584671206479084 0.0476948911228928
0.127763971367992 0.273886293979747 0.0554825127493276 0.0520596670508273
-0.0273273964672273 0.311362936451793 0.0572437774893905 0.0635809754553066
-0.191996959884537 0.259978155976872 0.0364935349214035 0.0905404634505674
-0.40347744445121 0.114924327120623 -0.0417866721815446 0.0898812638377829
-0.33860997894393 -0.218313135550667 -0.105467361506207 -0.0281259329019361
-0.0231351629326367 -0.420123610236807 -0.0825177415686677 -0.0595690373332428
0.214503448797218 -0.422839276639932 -0.034177742319145 -0.0126458332298628
0.157218305612723 -0.357457466576921 -0.200322295212569 0.179585023744662
-0.0322112608056583 -0.391778660409722 -0.0163598308308778 0.183078081079403
-0.285622260729809 -0.232577289755054 0.0751530209305325 -0.0246482721642983
-0.359076649227352 0.0671909421159403 -0.0211465590694625 -0.0614228526423825
-0.20805474771205 0.220051079379752 -0.0924048157834704 0.0472087242032654
-0.0610971243347696 0.257437405151218 -0.0402056234292388 0.1338147251902
0.0762946935848171 0.253860688006 0.0523988092187788 0.159183682987663
0.116363080385884 0.219280481356607 0.101686573505552 0.144292926614251
0.0952017160806053 0.232491266341897 0.0901311147461677 0.144841541037845
-0.0370004550034777 0.255327895124883 0.0595326067992335 0.148927194472557
-0.166378468397419 0.199098696134914 0.00690886347338794 0.147536513487572
-0.312480223135469 0.0804949046409885 -0.0615460384109518 0.106991006320977
-0.260288275986514 -0.166835776819472 -0.0992356446302344 -0.00246106196933943
-0.0259847083508955 -0.333430772016857 -0.0712409470841412 0.0159880192213142
0.159673051215926 -0.367292321602225 -0.105285657623605 0.119279289400096
0.0808573810761761 -0.274465662951251 -0.284584522374947 0.295396228619843
-0.0568424955760521 -0.273174138100871 -0.0368311733668712 0.282993595205275
-0.209176092333243 -0.139759734608527 0.06536705272601 0.0184923357213806
-0.227358013751575 0.0565221641095889 -0.0366951639589544 -0.0323002232264879
-0.134216026499718 0.140160683925981 -0.116470703498249 0.0891789584485514
-0.0473590072294204 0.171587419826856 -0.0473577763231607 0.207278225233008
0.0411664202115117 0.175813868483712 0.0717542736556747 0.23823006957202
0.0672767132036595 0.15221629748717 0.129829639641989 0.21877733510505
0.0488491848446547 0.159319164789961 0.107986777535699 0.215315773865434
-0.042438423023147 0.164871734474493 0.0472283718800263 0.207699580652714
-0.118863119962719 0.111518036053478 -0.0287678357055482 0.174660667012898
-0.182842363933714 0.0317868251505803 -0.0784300775184758 0.100089226767124
-0.148112232688744 -0.0980032080285761 -0.085847499744128 0.0108648731230848
-0.0232830962895831 -0.20220470713835 -0.050845730173438 0.0629657679942095
0.086253840189484 -0.261567147341621 -0.146390966418056 0.216066291312066
-0.00887254939149625 -0.142848715769686 -0.334685082861897 0.374755874752226
-0.0678785399619793 -0.107344624687821 -0.0485059554401066 0.352091629470732
-0.0970135312564087 -0.0265635084798619 0.0592173515471716 0.0632584289217749
-0.0612074821911391 0.035002328142122 -0.0341645451283443 -0.00265321385351803
-0.0438749443466339 0.0363258436797835 -0.116571443403154 0.10901441101829
-0.0300489311984633 0.0569768910727249 -0.0448571043634288 0.242319096976241
-0.00199595244527383 0.0692919305661777 0.0816079373981808 0.279191006600974
0.0073786731200229 0.0616619458753929 0.139345988876459 0.261362590337115
-0.00180980805191496 0.0644656418380268 0.106753998086103 0.255203459986366
-0.03760072252676 0.0587174998839529 0.022406066619515 0.235368380939201
-0.0551455661626814 0.0233102217968855 -0.0656920855605914 0.172788482587263
-0.0437296325951504 -0.00428936060755889 -0.0888909003790847 0.0762849341946587
-0.0415901664353475 -0.0182252107399965 -0.0681334264235084 0.0168439108101639
-0.0309316247516784 -0.0631678365421379 -0.0307528013453322 0.085790797410478
0.000787350912908989 -0.131925620001479 -0.157151093409258 0.268532445194374
0.0619808102371638 -0.0557916144340832 0.0103752531542213 -0.319384117798576
0.0162971792835895 -0.0850090731988558 -0.0666128251899314 -0.150276176396843
-0.0672667899953907 -0.0451596086770718 0.0221553106965774 -0.0331254249503335
-0.0736749379371348 0.0495194794258981 0.0521321366332577 -0.063242041240721
-0.0018746024347998 0.0690927967379907 0.0299059398113232 -0.161828134058891
0.0385095447070141 0.042898615793769 -0.0834923598284539 -0.220058629865055
0.0629655392024793 0.0162000063937233 -0.182253873515774 -0.199107237142802
0.0672738555393291 0.0153348346175916 -0.225329640241269 -0.181583998415499
0.0630137383108735 0.0231129051546209 -0.197406172031316 -0.20425924196158
0.035202046075246 0.0523120897202756 -0.0896795985343452 -0.221246564851559
-0.00818670675213766 0.066598861642675 0.025522242848616 -0.159250995112544
-0.0844205001530714 0.0463714148366711 0.0133286378223323 -0.0474831573541891
-0.0687956131824052 -0.0624325076994246 -0.0710940851948278 -0.0705120600566788
0.0464175199282897 -0.0895139218100033 -0.0866520144857027 -0.276690192028408
0.0870439012865641 -0.035653917465689 0.156722868277669 -0.499267111164576
0.0719905404251905 -0.194452654277955 0.0104310006411919 -0.289739392877672
-0.02485599209094 -0.195810454610099 -0.0557116032327749 -0.148846269805774
-0.16600110011768 -0.0853619750761129 0.00782705032332069 -0.0519473562065357
-0.173137220978288 0.104718845492121 0.031840096768807 -0.0572262750636007
-0.0424587391377105 0.165091424922612 0.0300582597467917 -0.129758305936603
0.0564084897378676 0.139507862038531 -0.0628510528698427 -0.186804474596879
0.133010485400469 0.0943013998708294 -0.142737843585529 -0.172800162058592
0.15165755988687 0.0811047428003117 -0.181054255896572 -0.16029713352804
0.146198211551908 0.102761981718578 -0.160893351455832 -0.174536904991432
0.0687120226902169 0.167837535601148 -0.0692200249224648 -0.188861335208864
-0.0424444334222402 0.183856962901464 0.0292460353561596 -0.13382063107847
-0.20730559777821 0.139395334002616 -0.000314359764142533 -0.0329403714742666
-0.220235708177769 -0.0973271131034901 -0.0954247247356853 -0.073136844633393
-0.0294241886918537 -0.246466422910207 -0.111728689719425 -0.249187160322983
0.0951256921681797 -0.234928420063156 0.103868074886339 -0.437164769198202
0.0756296819529667 -0.313419307029625 -0.00905836486755243 -0.212083892439459
-0.0713562779793073 -0.297755277206132 -0.03790182610037 -0.116880695756631
-0.260246977041884 -0.120549197686614 0.00428852930377815 -0.0725952523666604
-0.264878795428883 0.155355483345202 0.00745472516670857 -0.0606977817506948
-0.0827428700061766 0.250284418170358 0.0134548830763591 -0.0892331633160072
0.0650509243932844 0.224613406908948 -0.0432379798804647 -0.128025999260521
0.1842863434673 0.162437934105506 -0.0855438902023547 -0.118510538800043
0.214836272124172 0.13413932947848 -0.107865560881403 -0.113990894591832
0.209541177177332 0.162430320994184 -0.0967046259563724 -0.119189221673016
0.0993310911380188 0.25624256331136 -0.032134292915858 -0.127889069673953
-0.0616457126227188 0.279113519999768 0.0363919530217142 -0.0846012241950089
-0.295127642090984 0.228075967375212 -0.0101274432867909 -0.00430468193505001
-0.348508799543005 -0.103610536191868 -0.11033738312256 -0.0562149569638387
-0.116333164739738 -0.359890635728359 -0.122245407990461 -0.187014733283284
0.0792513652936426 -0.395286938713792 0.0517752116705258 -0.313167350044276
0.0679431172176479 -0.396680359077288 -0.0412572601961761 -0.0885756835128636
-0.123372103200208 -0.372374071466318 -0.0121995689060096 -0.0470021738878599
-0.342090598796605 -0.137963725592258 0.0121370787882997 -0.0826956839416524
-0.330402579203767 0.201921560524564 -0.0189336348885054 -0.063565434191747
-0.108234219467082 0.312593416172214 -0.0127288813671169 -0.0346822287292519
0.0674008710163654 0.283541810525319 -0.0232634818920556 -0.044629288155375
0.210460941594751 0.208430807724896 -0.0158715725617658 -0.041928810404762
0.245286489838013 0.166510851077499 -0.0189804557125169 -0.0506708762244974
0.239841980576834 0.195622398391287 -0.0149644027354286 -0.0493973009501113
0.113034776248533 0.301988254852431 0.018908569908459 -0.0485947876291547
-0.0685997160570603 0.330875127746728 0.048441054368598 -0.016760739201715
-0.332748140127147 0.284046214058443 -0.0148012184487214 0.0355524486149827
-0.417849778388298 -0.0863981446613522 -0.111844852278513 -0.0255735861773008
-0.179941139936783 -0.406891381557668 -0.109732211151472 -0.102448640829808
0.0461904611573586 -0.483186653049985 0.0118382053919495 -0.149036151010554
0.0461025607253696 -0.424347743921771 -0.0810883747871187 0.0670590457013404
-0.166496737861937 -0.393867860498357 0.0193363638230237 0.0554799959604742
-0.381080730430577 -0.132836530480205 0.025307201004021 -0.0736221289526438
-0.344280015287141 0.223631994121815 -0.0426943249532541 -0.0541064909791373
-0.114805763501484 0.327958109323207 -0.0398624221929375 0.030678837520495
0.0634951871934828 0.297881764918755 -0.000435471395228435 0.0525448628464987
0.205592299696592 0.221718515335852 0.0566065533980896 0.0461923378407828
0.237672425653833 0.174183760593575 0.0729929443840633 0.01991385039654
0.22926253505194 0.199446085560967 0.0701467624530172 0.0248358968769129
0.103488314704858 0.298759063191154 0.0721049855122714 0.0359241115278775
-0.0715662871034799 0.321180465478571 0.059347031695774 0.0570794865935084
-0.315269491028881 0.275159764742323 -0.0168546811443104 0.077142739381104
-0.40285691724885 -0.064552181403302 -0.100415639751139 0.00749370877497471
-0.19770607099307 -0.381048301713134 -0.0778765997199238 -0.0172561412402889
0.0147835012105523 -0.486794023907188 -0.0147272851077456 0.0209720013637812
0.0133076183450822 -0.384710431012853 -0.119110944588845 0.231432472782604
-0.177289218468343 -0.342897995214901 0.0508951008056715 0.169357411297707
-0.347236353460258 -0.0991722367990477 0.0397893296734059 -0.0447688830715645
-0.289512735733413 0.202519716941735 -0.057483641469374 -0.0317561277029255
-0.0965689729296726 0.281142448317504 -0.0590463460471359 0.0944165932388645
0.0503273551314649 0.259569068265375 0.0244506785577007 0.145400046690698
0.170749438533689 0.19901155303914 0.121752931080269 0.128270488480035
0.194864691512634 0.15453931455498 0.154124354845687 0.0880743525089629
0.181906017671959 0.17511010519921 0.141899832945888 0.0939230313330624
0.071654672038332 0.251689464284074 0.112094788969698 0.111021496055747
-0.0724771694969365 0.25431482087405 0.0594443999882943 0.121155543101721
-0.248862522132466 0.205630099849672 -0.0230735508374577 0.104976460915364
-0.308965289738135 -0.0496780095595627 -0.0846229817964232 0.0309003756266149
-0.162817033390007 -0.296050195237495 -0.0412828611255812 0.0455655600007422
-0.0123842541901855 -0.409019989665999 -0.0278043103005246 0.166359561743949
-0.0235908735082229 -0.279773336933341 -0.1472083871498 0.376170421017501
-0.152661067895201 -0.226253389249412 0.0784876129969377 0.270032866990842
-0.242018240356324 -0.0450594945302112 0.0547174958108363 -0.00440342388702736
-0.176982776716581 0.140917637665126 -0.0556711835217146 -0.00484286191047812
-0.0624312700222168 0.17997230072816 -0.0661484621710548 0.137858704829159
0.0275951183181622 0.175423883455132 0.0471598775376456 0.213373940246616
0.107414058040512 0.142494426353399 0.170636591717853 0.190800850781456
0.121978018277241 0.11204293786645 0.212295166443394 0.143259333247967
0.108996103216238 0.127031193764291 0.188997810821506 0.14954250400342
0.0295882961504329 0.170035206726768 0.12795738507221 0.168546372349346
-0.0639816677443497 0.1535199382249 0.0419958828956833 0.162600505888153
-0.151863977834157 0.105932954596184 -0.0338994297839692 0.111638282249404
-0.176145315530553 -0.0309683923127215 -0.0680356983345222 0.0408384779604986
-0.105195093625381 -0.175319163786435 -0.0108007715507342 0.0796166312699415
-0.0357439377103995 -0.277522261854034 -0.0304804524238714 0.266400738274002
-0.0545122303429513 -0.125919921471957 -0.159533154275177 0.473932692662111
-0.0982590290223943 -0.0728102342056882 0.101528315592828 0.338727466695146
-0.0959933425931109 0.0136451344599293 0.0748592974871618 0.0339776016435356
-0.0385392609112346 0.0540988856525545 -0.0354226184915363 0.0131379940004203
-0.0228806429343234 0.0501664588173452 -0.0600990248707787 0.150813414762311
-0.00189981446836507 0.063555793090332 0.0627090534987331 0.24231851121353
0.0254088701546042 0.0640634170577533 0.193998169714003 0.221382199593794
0.0303249424998038 0.0521899504811158 0.239312799329711 0.177042198964949
0.0242881483235589 0.060381399968001 0.205752746827617 0.185126250913018
-0.00935450003887519 0.0700211212132108 0.119275517691757 0.203068895676937
-0.0409287909312677 0.0450543659868052 0.012215306808744 0.179060745182695
-0.0417555102867719 0.014434103390118 -0.0466338569259395 0.101236546368922
-0.0449414260751416 -0.000385864099088036 -0.051365449714999 0.0421669163031899
-0.0532830078231339 -0.0431137965100736 0.00958901216928581 0.0908560426290708
-0.0582179265721635 -0.119281820073636 -0.0254278587948542 0.310768879701673
0.0624712350891572 -0.0594887812079895 0.004730548429124 -0.323217629121948
0.0139242423930532 -0.088893808117109 -0.0718653337230653 -0.153222585279778
-0.0712245931798352 -0.0442664431689134 0.0196196326260403 -0.0338970815984303
-0.0730670097863638 0.054133811333512 0.0501288158445129 -0.0623863925529939
0.00119480268076153 0.0710964519695174 0.0283342285507561 -0.16336457320486
0.0407265383880212 0.042215485846514 -0.0881361363027878 -0.22211889916725
0.0649658532555561 0.0145949273599268 -0.189741270531453 -0.198810169944724
0.0695561807678642 0.0133644340094691 -0.233491384239767 -0.179771309577075
0.0652098091601229 0.0226319079955736 -0.205323667043686 -0.205074783701819
0.0372803740407528 0.0532166515225849 -0.0948191875925015 -0.225804511284974
-0.00722748894543498 0.0686388670716931 0.0260741406433116 -0.16329578643645
-0.085595057304902 0.049822133096509 0.0154601001174591 -0.0469076805556733
-0.0712307123054102 -0.062840449555924 -0.0722817282969317 -0.0678632532058743
0.0446244118689538 -0.0945856029281995 -0.0916927343376182 -0.276725938757373
0.088499094940014 -0.0379070385924138 0.150317093522958 -0.508946322161327
0.0704344086813143 -0.199639541704357 0.00555303937339897 -0.29382433010803
-0.0292240110744836 -0.201122176080634 -0.0615547305867336 -0.151305629346758
-0.171096705899062 -0.0828570924385746 0.00501904255920151 -0.0527410655343535
-0.173292524144936 0.11139326647103 0.0298456771864992 -0.0559103012880974
-0.0379614208445434 0.170063519964313 0.029123894402551 -0.131154680757574
0.0606633055032329 0.141020249052428 -0.0669025224817121 -0.188785120860983
0.137969001888604 0.0927828738768098 -0.148486356046318 -0.174124646426235
0.156212961284129 0.0780719126074302 -0.187507149258448 -0.159326321835642
0.152456103783448 0.101821362802717 -0.167596753434393 -0.175709801862315
0.0736704347325935 0.170654680714349 -0.0732185045835114 -0.192974632453002
-0.0400730447888377 0.187896482173742 0.0294184193012226 -0.138578549358744
-0.207642128488084 0.146934779232151 0.00274568332719252 -0.032074150052441
-0.224881077561207 -0.0961252241920265 -0.0978933595523514 -0.0687246799694241
-0.0340944444866933 -0.25331091615804 -0.116960241250051 -0.24846668929571
0.0946562453176488 -0.240018698075169 0.0992591594162695 -0.445149577308809
0.072511917434919 -0.320155981298092 -0.0117731683999856 -0.21465018214325
-0.0768196852948107 -0.30311264924248 -0.0421465851830558 -0.119405783788996
-0.26634357572395 -0.116932683681348 0.00109665793707375 -0.0733308781525864
-0.264224865938609 0.16435780859822 0.00500069249623648 -0.059447462894515
-0.0770173880750843 0.256924208003487 0.0135852818551335 -0.0903479951276213
0.0703392499142426 0.22811734251824 -0.0460030969647684 -0.128323242595773
0.191668151543425 0.161151017242145 -0.0902017366445184 -0.120568849771261
0.220843812649641 0.1308914944003 -0.112534435819903 -0.11431000823131
0.217502535393247 0.160964462488401 -0.101361741639479 -0.120952735341554
0.105773785803574 0.260375203660167 -0.0343957640703631 -0.131956768040075
-0.057937088760532 0.285421695122831 0.0368328444391887 -0.0897893325360462
-0.294703548930321 0.239068706782286 -0.00636497595756389 -0.00308291847054822
-0.355065550967674 -0.099917539906423 -0.113585195356079 -0.0505122411531125
-0.123236413848142 -0.365837764080727 -0.126498168948069 -0.185838628973382
0.0775990876929238 -0.400765315674705 0.0472824509799505 -0.318281933983879
0.0642051025045203 -0.404457156821595 -0.0430049783282148 -0.0889705003855948
-0.130131378507117 -0.377400422221352 -0.0148199627801607 -0.0490932522616258
-0.349128534940472 -0.133382270028999 0.00784506051256322 -0.0847281312214675
-0.329661575828098 0.212109838695417 -0.0222330303406757 -0.0621437059850502
-0.102976046126825 0.32038031511551 -0.0123181957024554 -0.0347227742652353
0.0738903806443915 0.287878816695584 -0.0242605365992634 -0.043516422222945
0.218393952702378 0.207798443462108 -0.0183650028000687 -0.0439659966412277
0.251946525626214 0.162300455095669 -0.020185825035683 -0.0521472165792914
0.248749819817278 0.19262718783221 -0.0168312849136306 -0.0517835930081429
0.122167064667815 0.306969386588511 0.0188678857805569 -0.0522977368757965
-0.0641637523973495 0.337918212998204 0.0495337864259541 -0.0215283787172202
-0.332762842722942 0.29656631310948 -0.00961303095184344 0.0371884772177752
-0.426079235826793 -0.0816157554494603 -0.114207847175375 -0.018939570712755
-0.190198804414173 -0.412152485996544 -0.112378468087593 -0.0992605963844753
0.0417344149263814 -0.490294669689207 0.010014482083534 -0.150875044647823
0.0416483067557889 -0.430897771149097 -0.0811895707896842 0.0687737792322736
-0.172052445477883 -0.397530956048433 0.0189598347965146 0.0538447492787085
-0.386554023045431 -0.128092650570807 0.0216999828137478 -0.0759175425221659
-0.343793606905288 0.232192063815091 -0.0467069300144395 -0.0533787268906777
-0.108944338414261 0.336926137099229 -0.0399660452026573 0.0321505704520089
0.0699153368552567 0.303259245618724 0.000515483646570456 0.0556308088719093
0.214107886107463 0.222051442162868 0.0574364573616035 0.0442835354103252
0.244038683942092 0.170907778844927 0.0745875459834291 0.0180185945405422
0.238044883595597 0.197036978193836 0.0712823718197692 0.0216720868976705
0.112161663594471 0.304176614038772 0.0745166305754736 0.0323447386477049
-0.0668977414304315 0.329314285490807 0.0612368119500171 0.0533155776446526
-0.313558914846198 0.287535234390365 -0.0111660305060706 0.0784176594952191
-0.4099610076043 -0.0613742444320931 -0.101775671444481 0.0136265800385166
-0.204785725234887 -0.385311669437891 -0.0790889594389243 -0.013990673418221
0.00936422923210315 -0.492028952253007 -0.0138138478380113 0.0229036674497459
0.00647237914078458 -0.389945491315041 -0.117130291158766 0.235417696709468
-0.183207501568458 -0.344605771648696 0.0537769402279228 0.168763903446785
-0.351266925405856 -0.0937665724672567 0.0367069258522541 -0.0475473247957189
-0.288924537500919 0.210151645861517 -0.0619286528160116 -0.0311630607511587
-0.0924677068812687 0.288706909292592 -0.0591849223193632 0.0973157819624307
0.0558907276621004 0.264246593022008 0.0276946322191461 0.150389328408221
0.177199462673286 0.199321975051493 0.125662994731819 0.127600098746832
0.199136001641522 0.15217488867595 0.159198427069672 0.0857885949493246
0.18889232082035 0.173554868165409 0.145903631909546 0.0911254265826986
0.0778678334424245 0.255963649297657 0.117099161784679 0.108748127824979
-0.0682772207122944 0.260377840416291 0.0619941490881341 0.118594792791372
-0.247208413303193 0.214712499299641 -0.0168082347842902 0.105470700398339
-0.312718627579377 -0.045663272279578 -0.0851433658636013 0.0360300795372995
-0.168733484507863 -0.298314882665334 -0.040327062632013 0.0494767397083735
-0.0179730827954081 -0.414332589663937 -0.024202133443387 0.170637722994429
-0.0290179537100666 -0.282566054089562 -0.144108131774967 0.382210110107515
-0.157431276106266 -0.22637335846103 0.0844482629851934 0.270003272365174
-0.244279566585806 -0.0405682975480346 0.0526888299326091 -0.00737590043507705
-0.175493448775482 0.145458709460069 -0.0598011500199334 -0.00511453275450532
-0.0600810072496607 0.183987737387751 -0.0657767450374022 0.142134781900332
0.0321898813342629 0.178689939319121 0.0514434249248417 0.218369232620133
0.112027665918097 0.14318349093321 0.176827735790579 0.190381664189102
0.124931126090755 0.110893796645625 0.218949696677585 0.140873685968375
0.113451336083529 0.126445314914445 0.195713504061832 0.147067581605667
0.0339527277406123 0.173428260838975 0.133700827175872 0.166957473067231
-0.0626853462211638 0.15745533150934 0.0454307732443547 0.161671556475202
-0.151227341169448 0.109955714447 -0.0289511213021065 0.11247073009334
-0.177650517075586 -0.0293617297775227 -0.0674350558518648 0.0441120406321468
-0.107006220505869 -0.176029175638328 -0.00958576279148269 0.083087531109776
-0.0385312194047267 -0.278879560023936 -0.0253723964401067 0.271236393182941
-0.0579610112898474 -0.125632128044125 -0.154377932043453 0.481394340637204
-0.0998439254289005 -0.0706645095659491 0.109321173977211 0.33976835811182
-0.0952345967749246 0.0169677805223198 0.0742948135624236 0.0320394979483522
-0.0371209952138003 0.0547260911753357 -0.0396515335089283 0.0124308077893471
-0.0228723376291804 0.0513544392609765 -0.0604653555681786 0.155257019409201
-0.000777995355395788 0.0654975092580956 0.0674789670721505 0.247695100165214
0.0266627327896065 0.0650631259228117 0.201669959861284 0.221984087049021
0.0304872410217924 0.0523434868919341 0.24771530670111 0.174637498773013
0.0244122638105595 0.0608893124697006 0.213953566725783 0.183477001728319
-0.00829999255530706 0.0716084812143152 0.125955934941284 0.203248485020186
-0.0414203282016587 0.0461536878860086 0.015751847759253 0.180260877748012
-0.0415239690592653 0.0140115629680011 -0.0427559969770401 0.101420353067708
-0.0438724628316758 0.000326661443690276 -0.0493785388995128 0.0437151368528919
-0.052458440977973 -0.0418832728616324 0.0109412398231293 0.0944861725430731
-0.0610131291900688 -0.11840526836498 -0.018471420902911 0.316657646142241
0.0598402622065806 -0.0642813902277698 -0.00842146951949267 -0.324251545289373
0.00869273996919426 -0.0919597446640883 -0.0809790298045499 -0.1522537518068
-0.0754624466961238 -0.0408556164520717 0.0161294322602835 -0.0350012303285865
-0.0708990938826541 0.0592566170539702 0.0467227939143762 -0.0622108234752311
0.00651901590121451 0.071255977606726 0.0222903416535162 -0.163897242667765
0.0433573477240027 0.0403419078504194 -0.0990192641213455 -0.219302792898507
0.067395282110274 0.0108728822566415 -0.199323671915206 -0.192363264834604
0.071270623580711 0.00941616459902109 -0.243909561444449 -0.170041286911734
0.0679653445768014 0.0204189554285162 -0.216970966833933 -0.197911582144342
0.0402334098054111 0.0528151032261553 -0.104814855703289 -0.225429026359348
-0.00501527280356104 0.0699200200153761 0.0216784705716923 -0.167865458158753
-0.0843816325692318 0.0555106462503387 0.0166373672965927 -0.0466193338438775
-0.0754945380169077 -0.0604544715881956 -0.073738970256038 -0.0624650721310641
0.040006980981967 -0.0989056471617474 -0.102366254005794 -0.273760862236527
0.088630491076469 -0.0429096668459838 0.128236708798732 -0.519136387291338
0.0621281538729348 -0.204943659553626 -0.00691713324347661 -0.294031970135736
-0.0385592859590523 -0.203044659436136 -0.0701425528721557 -0.150290066627094
-0.176401400565206 -0.0748274713541749 0.000732843218121003 -0.0528733423388028
-0.167506109325504 0.122036935013599 0.0268054628271465 -0.0553270269590231
-0.0284332376263084 0.173255878231189 0.0244457855135309 -0.132945156674116
0.0675540215680526 0.139269977812745 -0.0750593453388834 -0.186331110376146
0.144029485550928 0.0860278178223192 -0.158796771309283 -0.169477441991865
0.161232228763318 0.0702034329167894 -0.196922534474869 -0.151657898102485
0.15887929212231 0.0950802309196103 -0.17767703796169 -0.17048836816899
0.0829990706087818 0.170005032619158 -0.0823519614564462 -0.193562898200786
-0.0322440766384115 0.191585061774781 0.0252313732570156 -0.143425598314977
-0.201669949022099 0.158431884564526 0.00520594904524795 -0.0316261847057627
-0.231024408219339 -0.0885772517335095 -0.099989774619577 -0.0608343407336922
-0.0459712655214192 -0.255340095348353 -0.126997287452285 -0.243222271484685
0.0869244323402081 -0.245346435918728 0.0791277005340812 -0.450142535880229
0.0589436248290003 -0.324668140379043 -0.0205105391951013 -0.214820632524232
-0.0905260253564834 -0.303498277808115 -0.0493088285778691 -0.119691063119689
-0.272574465088645 -0.105371500826704 -0.00444761153193779 -0.0737707203838264
-0.25600684277815 0.177932239355297 0.0012348706080509 -0.0576969341836584
-0.0635841194347128 0.262670460911834 0.0108957938563985 -0.0912721775297901
0.0823455730129237 0.227248198368935 -0.0511814892503932 -0.127013489887169
0.201018225338042 0.152803977526226 -0.0970607952186944 -0.117724338779806
0.228275741308455 0.119991713756274 -0.119011783242941 -0.10992615232001
0.22706591311179 0.150846036876091 -0.108633041429353 -0.118757557109229
0.119789101075145 0.258663018842443 -0.0404743449373648 -0.134024558169662
-0.0454296210265832 0.290804105942827 0.0344077878649246 -0.0952014439976425
-0.285085239073239 0.254814917717377 -0.0012944587650437 -0.00228844467890654
-0.362164763894258 -0.087600775035056 -0.115291934995858 -0.0409521383432448
-0.139807099197126 -0.365546491094426 -0.134129600039046 -0.178495001087934
0.0626966587962028 -0.40652858077281 0.0342739265452093 -0.321079288075321
0.0463972460862085 -0.40768835748299 -0.0466208693599199 -0.0880209376855523
-0.145432913328879 -0.376168211929625 -0.0187400521174135 -0.0504444095634355
-0.354425433706796 -0.11863363933978 0.00207533467580699 -0.0856085353343554
-0.319889098909001 0.2289376299101 -0.0266542960318548 -0.0597573604541311
-0.0877566182384488 0.328498018428722 -0.0129689358192382 -0.035215895182073
0.0879964982244283 0.287515284793675 -0.0255181591701107 -0.0414539120797772
0.230375188563641 0.198815758584991 -0.0211597109301678 -0.0441380394504951
0.260778471337636 0.150565379760213 -0.0229226074596847 -0.0522663759002736
0.25992650774541 0.181565261335052 -0.0197751666659332 -0.0529258908170096
0.138770060321329 0.304374668588646 0.0170844804078373 -0.0567449503455886
-0.0500355698303229 0.344022823435493 0.0488711710558428 -0.027124279511435
-0.319289481438074 0.313987087716517 -0.00285294704805275 0.0375102370288618
-0.432036319917751 -0.0661702058025974 -0.114627433704833 -0.009468473411346
-0.208153248987885 -0.409021219092784 -0.116604871149981 -0.0919293555293648
0.024938372472495 -0.493954944562804 0.00430602824454005 -0.150635531837013
0.0225197315519625 -0.433504802304943 -0.0783911918472225 0.0717129768784244
-0.189631907315757 -0.393504847157234 0.0200833550130309 0.0518928053540943
-0.392087700045542 -0.111221158103207 0.0159191730097672 -0.0780919837594431
-0.332599069528132 0.249651618673955 -0.0518231539156658 -0.0504778320825396
-0.0939475699315401 0.343996948181796 -0.0379640998124301 0.0332977437274637
0.0842680124975858 0.303026798731925 0.00414373738009069 0.0578266716892613
0.22570811113402 0.213711411177603 0.0589379518546295 0.0412172167929587
0.251864309580691 0.159645293969771 0.0761777767056159 0.0135244462645248
0.248921950146718 0.185803946308954 0.0724712740300115 0.0173555861346185
0.127839934464839 0.302950633135383 0.0773375079977044 0.0261332656409886
-0.0517640414821089 0.334706935008705 0.0633753621588834 0.0475236210709707
-0.301784601649178 0.305520808678549 -0.00277331989214741 0.0769368931855833
-0.413388898160871 -0.0449725821862166 -0.100752719158054 0.0221990288180576
-0.221299265945649 -0.381286419673047 -0.079330867131858 -0.00774292190432317
-0.00916831772928752 -0.493616005769302 -0.0108629105377625 0.0243859690877425
-0.00916306576825011 -0.391207588723787 -0.108179206318773 0.23984218696779
-0.197131750760264 -0.339747546725177 0.0607385480610496 0.165814296815659
-0.354570049407866 -0.0795850824525553 0.0322684800452919 -0.0504639458150503
-0.279126086737528 0.224182495491312 -0.0668616018377964 -0.0286365237507158
-0.0797994294793111 0.29481208699202 -0.0557933954737068 0.100244886789359
0.0683062195892702 0.265601394174148 0.0348182145532465 0.152678954776584
0.187437064946311 0.193302900978764 0.131803160621493 0.122376296043508
0.206555118376333 0.143104637524901 0.164130604949252 0.0775161742132989
0.198112625230513 0.164655693151352 0.151570149668776 0.0833071397837192
0.0913811643634904 0.255180907389811 0.122616612304832 0.101155896206182
-0.0573866647379335 0.265697613239874 0.0666571688399264 0.113224304295221
-0.237969768789423 0.227313946039666 -0.00785666625303557 0.104963650762914
-0.315731141767386 -0.0338262318170322 -0.0823378725901257 0.0423726814707727
-0.180563336675743 -0.29407085910611 -0.0381633782023735 0.0544204949848605
-0.0320187875335831 -0.413034120511307 -0.0143415548657267 0.17291016354326
-0.0406833856127957 -0.280664242090305 -0.129610080595594 0.387576372253748
-0.166382783373927 -0.220511246726867 0.0959767892247201 0.265842630868432
-0.244794149848923 -0.0294061542667654 0.050141441555519 -0.0107749972748839
-0.16851493593559 0.153086345547484 -0.0643192891213555 -0.00340291382867867
-0.0528153484643482 0.188551658587058 -0.0613746160107249 0.145868508329151
0.0404759020235828 0.179791242902847 0.0621385219215907 0.220891808941125
0.119453518105052 0.139787358567947 0.186967533597269 0.184189773600247
0.129056428282666 0.105646070792954 0.227899264537616 0.129915982117135
0.119555144832341 0.120930704521973 0.204305110052401 0.137330574629886
0.0421466182818214 0.174047785407012 0.142451121649669 0.160264873213403
-0.0557510600760781 0.161563780473901 0.0518897074957319 0.157642817205444
-0.146422689256455 0.117176203632541 -0.0206079498246399 0.111491480378042
-0.178658205632067 -0.0219439548522723 -0.0643899794192297 0.0485544078059659
-0.113297346890163 -0.172476769151782 -0.00611841295057405 0.0868333496944157
-0.0502075722768532 -0.277549784261596 -0.0107277622580359 0.274063154550804
-0.0641240292689899 -0.121929668406351 -0.135968908678455 0.488051791073831
-0.10256975862094 -0.0652342913076825 0.124898575328188 0.334316261468897
-0.0926321409768524 0.0215960704590119 0.0732961623743786 0.0274149994682
-0.034279780393377 0.0554998811291909 -0.0428906518384774 0.0129897003769759
-0.0218564304057618 0.0529104427361087 -0.0565758934145784 0.16006359447589
0.00229168404544821 0.0662351888071357 0.0793988816029616 0.249476148983909
0.0293056976299204 0.0648334141446764 0.214065057431091 0.214698176886489
0.0320579802024766 0.0520535031743463 0.258457494038002 0.162711506589341
0.0266327746806335 0.0598954978756728 0.224491735079864 0.1739651479784
-0.00536462035013096 0.0728595179384137 0.136251265760576 0.197584533912001
-0.0396374111487011 0.0482584627998336 0.0238871877438638 0.178328739734753
-0.0411778291385197 0.0144126374575778 -0.0357553653663868 0.100987030506605
-0.042231433642242 0.00155632375570241 -0.0457238037023724 0.0458663379545377
-0.0523439430546611 -0.0391189417155572 0.0152081535690492 0.0965491408042527
-0.0662332529628325 -0.114217963593138 -0.00202179566463219 0.318187308638186
0.054894813914719 -0.0670320983996252 -0.0229600629338526 -0.314970634735195
0.00217717366911959 -0.0919916478190522 -0.0886454155469364 -0.145557082399769
-0.0773842734749368 -0.0344973943293814 0.0121961721264417 -0.0348722059333234
-0.0656816462762626 0.063258664509255 0.0418674745509904 -0.0607737061856479
0.0115486038127939 0.0696337131424686 0.0142299534151615 -0.16020176500598
0.0450397609342605 0.0368754219273579 -0.107731958203009 -0.209920895073717
0.067098172758177 0.00622631752194859 -0.20527877680605 -0.179210344661926
0.0711376661459638 0.00450199933723229 -0.248436828570478 -0.153276323438214
0.0687790551793714 0.016621053612799 -0.222489724077752 -0.183393164848725
0.0426002872709441 0.050286039786955 -0.114833137307627 -0.217540959081801
-0.00156237522617985 0.0694082535016752 0.0149595837690538 -0.167811188328719
-0.0795009617423788 0.0600084982997043 0.0174206888132325 -0.0456213601980494
-0.077962990312314 -0.0557491881876777 -0.0724532784576805 -0.0550804763540075
0.0330203136545768 -0.100254859271845 -0.112146776595325 -0.261236772284004
0.0853782267845845 -0.0475187740953434 0.0982080786332236 -0.51132367457554
0.0507987510546749 -0.203665463733953 -0.020075173782041 -0.286060771380396
-0.0488258182705303 -0.198307879718807 -0.0776914880562518 -0.144832994871309
-0.176549805712128 -0.0633128561364101 -0.00322553743897348 -0.0515938365118895
-0.155912816106577 0.129517735253854 0.022957451818263 -0.0526211594235486
-0.0171002885508102 0.171138111770818 0.017949924742741 -0.130810017073942
0.0741271511012057 0.133555719377452 -0.0819976919692693 -0.179289988173628
0.146783643985688 0.0761404902319331 -0.164619308854559 -0.158627743798178
0.16149824217318 0.0593103276778245 -0.2008038836218 -0.138446534310144
0.161807131913543 0.0848441157718127 -0.183674571190465 -0.1586240155859
0.0902501955233721 0.162954848910134 -0.0911184324757372 -0.188175558849308
-0.0224124045615954 0.190133463492642 0.0190614528368995 -0.143998131835306
-0.188967266749328 0.16652268416518 0.00788410224847992 -0.0305646364713002
-0.231301989236235 -0.0763247932887526 -0.0992263782502849 -0.0507984306798793
-0.0580806954518454 -0.249580437586183 -0.134475742614263 -0.230128374073629
0.0757226121645562 -0.24421855339786 0.0542295058749416 -0.44485843152607
0.0419625533025393 -0.320132353319279 -0.0300126595091891 -0.208742890630746
-0.103927997520539 -0.293939032678855 -0.0556816152034348 -0.115482860295895
-0.270628613084105 -0.0884527502138249 -0.00977975146067149 -0.0719462367097021
-0.239744680643075 0.18865139691736 -0.00250782973830808 -0.0538792881824728
-0.0470211628986362 0.261240718888703 0.00724409331487652 -0.0906127905078835
0.0928247940132902 0.219193111587624 -0.0553960635722888 -0.122089537772222
0.2055661022358 0.138583611764477 -0.102033519301403 -0.11153074349966
0.229201166102018 0.103918375076578 -0.12213842383067 -0.102033241868958
0.231395175986241 0.13504495657829 -0.113041484185626 -0.111033094860419
0.131588749842926 0.248474851187159 -0.0465091181267401 -0.132294538368832
-0.0298561133491706 0.287368101886661 0.0287015083081129 -0.0978138688242109
-0.264688353110531 0.265542612828653 0.00327786517978014 -0.00289416692768249
-0.358906215114173 -0.0672962047606346 -0.112819675638414 -0.0304202178103754
-0.154543655334622 -0.354719437089821 -0.13889560992336 -0.166022071625127
0.0440359078770252 -0.399384196680742 0.0184541030925752 -0.313919608085401
0.0246948012031584 -0.399755676027622 -0.0496124728455614 -0.0841731573448388
-0.159766983430013 -0.363107820973781 -0.0224051765180586 -0.0502002254918735
-0.352058159117725 -0.0989305400331066 -0.00420250869108982 -0.0840821318393368
-0.299201007140744 0.240137144423923 -0.0302324112142723 -0.0556610084733446
-0.0669551214914953 0.325799447660887 -0.0138251968260793 -0.0348940261565792
0.101677313938784 0.278612520302175 -0.0259989443538644 -0.0387766678579254
0.236515664962289 0.182438052637883 -0.0234317555791728 -0.0427934234570748
0.262118979488027 0.133010191058328 -0.0247454445689333 -0.050721734717755
0.263866147127239 0.162823931215615 -0.0226474059334257 -0.0514410412250126
0.152644160817046 0.292999155204377 0.0134745462373849 -0.0596738621259133
-0.0310397727329132 0.340415718793662 0.0457422941453433 -0.0321238283117276
-0.29490373197847 0.3262727194644 0.0037695820727121 0.0346373316637783
-0.426584678552697 -0.0463549926355249 -0.110601715816564 0.000863397898631068
-0.222406651926464 -0.391601478605017 -0.117643857702832 -0.0821862549223379
0.00427303736008777 -0.482153363743607 -0.00166270986924074 -0.147288738379899
0.0011305410348671 -0.423822910516165 -0.0734453079801526 0.0726287523655292
-0.203740960246277 -0.377425142694393 0.0208763800434983 0.0476359499907868
-0.387775823270717 -0.0904403295154015 0.00915937665461416 -0.0780148042035918
-0.310746749413376 0.261739826560898 -0.0554859370529413 -0.0460979227414691
-0.0724567358933229 0.343291807624326 -0.035646153010477 0.0333283598746063
0.0982862843573412 0.294413144076587 0.0079708968925569 0.0576608512484689
0.232660970422505 0.198160926267621 0.0594745856829569 0.0370799762519654
0.25399818967327 0.142507123815716 0.076155319740866 0.00808063180308808
0.253223814218398 0.168177642172205 0.0715454292501432 0.0119914896552058
0.142107797516715 0.290887893298674 0.076851293593853 0.0184790334065585
-0.034547233627491 0.331223452552099 0.0634934868644286 0.0404312067418192
-0.276560920463571 0.314794830732914 0.00586294389342488 0.0730864858818753
-0.407537684865228 -0.0260596513790239 -0.0952946190809115 0.030626100825204
-0.234165080535608 -0.362808415570996 -0.0769317284661295 -0.00121986883496071
-0.0292000201311987 -0.480431903616048 -0.00740239952615551 0.0247543821348568
-0.0278246881983916 -0.380049666132175 -0.0957859939505786 0.237973257756838
-0.207871498306948 -0.322981946271582 0.0664643448795959 0.156614051688762
-0.348556350211825 -0.0599516375590012 0.0262348933306625 -0.0523606804883235
-0.258803282429534 0.232330672468424 -0.06949088174794 -0.0246692464072195
-0.0630530247206977 0.293749417268065 -0.0508083484777578 0.0999417787118897
0.0812418538292261 0.25785099609081 0.0428372594234905 0.149540350372232
0.193691469519658 0.180128904899524 0.135544185475921 0.112990046710931
0.208111351905415 0.12968575505211 0.165193986516652 0.0664043272280273
0.202142039881401 0.150120806090218 0.15257120788533 0.0725282628750348
0.103591798089044 0.246299974247766 0.125322746912627 0.0903116891528208
-0.0428440224711486 0.264240802632581 0.069669457153718 0.105108901334494
-0.220402338864442 0.234954328093644 0.00139186820607369 0.0995329440004802
-0.310114708907704 -0.0182388750152251 -0.0768889512435383 0.0480720650139295
-0.188977539852979 -0.280257813210726 -0.0343590436729308 0.05760105161802
-0.0491842954453715 -0.399452488069585 -0.00352344704599533 0.169954451972164
-0.0532660347234709 -0.270699460779079 -0.110327461940567 0.382223317307023
-0.172143466061746 -0.207569102296163 0.105874101669277 0.253446615458799
-0.238405372513207 -0.0173545172929415 0.0455494077229522 -0.0142393780431373
-0.155662073090249 0.156618912640054 -0.0661884922397325 -0.000147315127001404
-0.0422292271596545 0.187931343895223 -0.0544519462642698 0.146035538996026
0.0487872691897304 0.175250544743063 0.0728784683337454 0.215932979115045
0.123806213610047 0.131310650754536 0.193127879897738 0.17074819852125
0.130761800379735 0.0973784698458109 0.230619726532361 0.114115688455604
0.122416885869108 0.111906931000591 0.207626794826211 0.122985097572322
0.0508552541480772 0.168540917997397 0.148093037130279 0.147585812084984
-0.046566344188466 0.161351307947501 0.0580695716652808 0.149673119139634
-0.137062922703904 0.12157012513424 -0.011983403167047 0.106540320716844
-0.174710483516788 -0.0143981091653445 -0.0589682113240086 0.0517237631008174
-0.116726020521225 -0.16408662100497 -0.000976859463510175 0.0877628419276047
-0.0601749406267253 -0.266286057673487 0.00479076794040573 0.267545951222032
-0.0687306084735598 -0.114380342667319 -0.111622224877208 0.481317731164047
-0.102465171031534 -0.0580254462901713 0.138724269283089 0.317921724670188
-0.0872476778126745 0.0255372722988002 0.0702724017720716 0.0224554483366947
-0.029435639376609 0.054407613728426 -0.0449643441697158 0.014317723704844
-0.0191603241641752 0.0534748810701113 -0.0491936283296029 0.160995188761264
0.00511625518234344 0.0653181978844493 0.0905966191494497 0.243548468154077
0.0317409660967222 0.0628640390159113 0.221799045074743 0.200207599080935
0.0330667468896443 0.050510201783868 0.261969480978152 0.144598826627546
0.028071901224746 0.0570977937802045 0.229773559032158 0.157527086000123
-0.00194229634613213 0.0720041033883838 0.143685614404387 0.185393972180772
-0.036610881114596 0.0491834651245896 0.0315361246640494 0.171258811198473
-0.039377406821612 0.0148754032820022 -0.0284097557580279 0.096475162395532
-0.0397981226501924 0.00354345877008833 -0.0407152734011821 0.0460622922607673
-0.0509163624433713 -0.0359049634065075 0.0199438674032522 0.096445956908967
-0.0702030001809573 -0.106846111673011 0.014853279838241 0.3109784740086
0.0497790040554064 -0.0665953555644559 -0.0291708584263067 -0.300971481577684
-0.00240648237894254 -0.0892975018630555 -0.0913840162557067 -0.137861539133938
-0.0761733248012065 -0.0293135833454582 0.00911307470276896 -0.0335051696614918
-0.0604046495729247 0.0644901472918812 0.0379532387468926 -0.0566124038402408
0.01477918726114 0.0658580554726379 0.00886481614640953 -0.15278841037827
0.0451401138660302 0.0336000609804805 -0.109955466574945 -0.198311933831078
0.0650510597428871 0.00285237536236674 -0.203901737323554 -0.166308050603217
0.0689082994926618 0.000805125074992353 -0.243561530378196 -0.139401641213865
0.0678055167292712 0.0134286276203275 -0.221331705234955 -0.169801543870668
0.0424228914495519 0.0476800838058511 -0.117223376783299 -0.207597729793489
0.000771963821184512 0.0674003032171837 0.0112649088897958 -0.163838159126339
-0.0743865960477138 0.0611284342157793 0.0185384393666036 -0.044588811027719
-0.0773597650871335 -0.051518976307414 -0.0679900522737837 -0.0486138833339965
0.027302060173378 -0.0985791546526404 -0.113863513277456 -0.247085923231046
0.0816476866351781 -0.0487730052906969 0.0785897760715568 -0.492782977182159
0.0419716867652558 -0.196172915858016 -0.0266591017016989 -0.273143570884696
-0.0542821678594557 -0.189986833869779 -0.0802500130387441 -0.137188662742392
-0.171143538705036 -0.0538664262441375 -0.00621621327779215 -0.0499608421394655
-0.14451313796589 0.12997244042469 0.0198498307617553 -0.0488112677030861
-0.00893176465142727 0.164566173367164 0.0138283909652994 -0.126524363379497
0.075974464240429 0.126002923035842 -0.0841517147623889 -0.169939193238229
0.143841844307182 0.0670593812390612 -0.163470716316337 -0.14809489362267
0.157442081117406 0.0503446146406215 -0.197207389448605 -0.126665136818021
0.158558140535428 0.075361492066363 -0.181941874729153 -0.147278776652456
0.0932822027960447 0.155108514184694 -0.0936822165114008 -0.180775607156879
-0.0160184618924534 0.18378428595603 0.0150534704468589 -0.141960324329547
-0.175722122218508 0.166830266046928 0.0105639402093941 -0.0298524517009501
-0.224771461459066 -0.0666702481814851 -0.0936827568322368 -0.042998039674911
-0.0629039094806925 -0.239911419441669 -0.134841503259427 -0.215724100004854
0.0677656752662738 -0.236117162149102 0.0412932680959883 -0.425161971392431
0.0310477598685478 -0.306171849905641 -0.0339697962074078 -0.198909193181609
-0.107963444674613 -0.280717558284962 -0.058553898350147 -0.109860708470815
-0.260973322627518 -0.0751639411757389 -0.0126047522670867 -0.0693092054241206
-0.222123998858586 0.188808196360066 -0.00471084862950515 -0.0503523606342155
-0.0349831700343312 0.252779549996831 0.00420966313476046 -0.0881554063049509
0.0968122523394946 0.208669068965388 -0.0561743196720845 -0.115387306753812
0.202261014277316 0.126234157199384 -0.101629521799484 -0.104790724198157
0.222883285922399 0.0917382094640389 -0.120641171770828 -0.0947318448084826
0.226194181075492 0.121121041512551 -0.112513604832085 -0.104012626695982
0.135692117838454 0.235457865480601 -0.0495545622353413 -0.129077484774013
-0.0204083603914971 0.278130138053018 0.0248621954957757 -0.0974711700478498
-0.244255030290028 0.263665327025175 0.00758977272746921 -0.00421239967060117
-0.347650793587679 -0.0568584422188975 -0.106360814094229 -0.0222237981645945
-0.157569403923495 -0.337071885280125 -0.13720954864162 -0.153919527024578
0.0350607652537296 -0.3834391062412 0.0104359688313685 -0.301432335760087
0.012619532815977 -0.381612940645211 -0.0498409062473335 -0.0800526661184059
-0.16454632869999 -0.344920053416816 -0.0240376312062638 -0.0483013761672151
-0.339043940741376 -0.0842224806710308 -0.00863043841138175 -0.0812206103814701
-0.277285255363355 0.239308577723261 -0.0322832408885785 -0.0510925030938384
-0.052568714111759 0.315849445639693 -0.0150687237613593 -0.0344530440707551
0.107360037219075 0.266653561477229 -0.025310438211073 -0.0366383336669022
0.23260963942207 0.167427054841446 -0.0237492591517353 -0.0410534129802365
0.254749981095598 0.118537923664639 -0.0252451763671326 -0.0496738712264072
0.258665050565611 0.146779425422758 -0.0234489185837087 -0.0496811390779214
0.156942247190176 0.278031821300228 0.0100790486417601 -0.0608766667330079
-0.0194399198175473 0.329104990213881 0.0420745652786507 -0.0351732561784029
-0.271840419872089 0.321328133205311 0.0091692158582244 0.0309162870463086
-0.410556041633105 -0.0309311787013402 -0.103022057082463 0.00730833676450428
-0.223685090840558 -0.372111381648148 -0.113567193888211 -0.0732406979123462
-0.00637441981696921 -0.461525768790284 -0.00448989021339997 -0.140479270584831
-0.00966523716403243 -0.404380572397985 -0.0691366208483318 0.0703150834061359
-0.204639871572052 -0.357733345168078 0.0199465542201668 0.0433592627045237
-0.371647272898517 -0.0750894319373159 0.00385430720919743 -0.0763655584926199
-0.288343559455328 0.258886168638195 -0.0569832853654249 -0.0417685890902645
-0.0587554612097608 0.331567429192018 -0.0342318997521586 0.0315545933588521
0.104577481092963 0.282177399059823 0.0101520815429966 0.056088634335918
0.229686616257855 0.182989951732133 0.0582344214430116 0.0333763448991804
0.24717032128657 0.12880516469809 0.0741140727522471 0.0040176538121043
0.247140354897095 0.152066222174585 0.0691954841910532 0.00797814647205446
0.147389281037253 0.276444086380211 0.0731657535540154 0.0120923799125595
-0.022733669326522 0.320778117574259 0.0606006033858139 0.0339586136796498
-0.255026999938599 0.311078327692071 0.0117684587573352 0.0669399906406744
-0.3914771011574 -0.0138511532688802 -0.0882935508554305 0.0348317432491682
-0.233838136264824 -0.343736983256711 -0.0726041123387827 0.00349964985842838
-0.0368882080780416 -0.457949920358933 -0.00511514672064877 0.0240570598837408
-0.0358343859201694 -0.360788205376061 -0.0861770552449516 0.229476412094172
-0.208153857417483 -0.305710694922875 0.0664972338437672 0.146829337481938
-0.332845914552209 -0.0483053710320863 0.0206989865309472 -0.0518569992823181
-0.240445519503046 0.228882417870153 -0.070815399031505 -0.0209200653906341
-0.0501691262969462 0.284472296128266 -0.0471605828595025 0.0968429670222099
0.0868270039037674 0.247690515345094 0.0469379638806769 0.144079340255227
0.191847906227923 0.16712387276359 0.133774833921688 0.104325370319465
0.202906051055093 0.118314742201438 0.161493740745334 0.0570481542342681
0.197215459099527 0.136551587124571 0.149042835166952 0.0638437173475298
0.108528651943602 0.234206892232135 0.122574696173438 0.0799011150063019
-0.0327256234158229 0.255897960297915 0.0682813294935306 0.096543100043428
-0.203138957624964 0.232066512162265 0.00675809195596423 0.0915258210232155
-0.297482298199558 -0.00983241248750809 -0.0702631577031244 0.0503920349909616
-0.187367067352506 -0.265251044515387 -0.0304571449556085 0.0588113175435616
-0.0548929743649359 -0.380631628316987 0.00336605899334907 0.162526071798411
-0.0576825837805357 -0.255623381880276 -0.0962228389731806 0.368400940687646
-0.169600517227448 -0.194839139575755 0.107777293911156 0.237362358101058
-0.226074205336222 -0.0106088448540343 0.0405741668201969 -0.0157034601737395
-0.143291903706936 0.153293258574839 -0.0665009125818237 0.00199300209827494
-0.0350435038072612 0.1824536648668 -0.0497398018703203 0.141840605991755
0.0528442324537927 0.168175272773895 0.0776346297955687 0.207183900927723
0.123306946311865 0.123182282401915 0.191672040688201 0.158203370505404
0.12756418535185 0.0899677610772022 0.22598918200541 0.100863265855091
0.119528629556538 0.102952571499267 0.203559516275905 0.110159094375361
0.0546024121280121 0.160825065198497 0.146365843164566 0.135204884624517
-0.0399205457067381 0.156800352324219 0.0587717228571504 0.139941638960377
-0.126802432096 0.120011397509186 -0.00630754596598838 0.0988832359443856
-0.166341799906068 -0.00886879293335917 -0.0533761346736356 0.0518353178077687
-0.11458615687239 -0.15484038157684 0.00262662283894129 0.0866247147534822
-0.0641801276373358 -0.25123601918046 0.0144250680956826 0.25577850774258
-0.0689600121272949 -0.106076692222099 -0.0945839804345379 0.462655216400698
-0.0982893388962564 -0.0515061156775941 0.141308906928122 0.298473228110088
-0.0811675241398402 0.026231486821515 0.064986140490158 0.0186336357503796
-0.0261637619071443 0.0517541498339795 -0.0458594562763224 0.015120808359822
-0.0170739734188663 0.0524829186116933 -0.0443335958571335 0.157336592444238
0.00731738594876832 0.0634978145116742 0.095835575635711 0.234222262647112
0.0323215391404526 0.0604502206961112 0.220291935624981 0.186033973523684
0.0327166731602308 0.0486726448115395 0.257126755049842 0.129527293042303
0.0270970269462259 0.0542206169225515 0.225526627836599 0.14286946050479
0.000318974274523064 0.068854860181887 0.142883570260421 0.172054437915083
-0.0339056579143247 0.0485309662257675 0.0355202375748828 0.161215795452459
-0.0378834369305753 0.0143299415553113 -0.0227861792942768 0.0904168975221908
-0.0365664262938469 0.00434261976558775 -0.0363517254387121 0.0445156298158363
-0.0478267427187293 -0.0337797900780288 0.022438929659675 0.0939097232859026
-0.0694453476023034 -0.0982476316217887 0.0248425781261004 0.296499966844126
0.0497752813221292 -0.0601749285181432 -0.0112525968366367 -0.292653695359501
0.00100216071990155 -0.0855825399265069 -0.0851662736637262 -0.136166270173789
-0.073753036904469 -0.0311799522076888 0.00762916783612302 -0.0283257446008372
-0.0606770330600826 0.0597309435780556 0.0389963045180928 -0.0467270015700132
0.0103847555496733 0.0644848704106624 0.0176843289634677 -0.143035468458794
0.0412126071093943 0.0348340365939553 -0.0954200323125431 -0.193535082325599
0.0615839689382228 0.00293347759223692 -0.189124334550068 -0.168871399749008
0.0673195200867703 0.0026076058793597 -0.229284794621284 -0.140783105113577
0.0648084934084266 0.0143206385759247 -0.208286671918013 -0.169923946911953
0.0392613887849884 0.0482266683815975 -0.107510281452574 -0.204388899216982
-0.00312760210397644 0.0658735350384102 0.0163343212030947 -0.15834333428648
-0.0732803404603259 0.0555697811297924 0.0190092338694771 -0.0414115652095179
-0.074821991504203 -0.0544798347507977 -0.059054417234678 -0.0511398506930779
0.0285065967380774 -0.0994309606503203 -0.0915436068167175 -0.240074649118804
0.0786946861396996 -0.0509344073981743 0.107246120778858 -0.460545124035992
0.0524872077378573 -0.186535798838542 -0.0151242235170048 -0.267900625145263
-0.0416839744698686 -0.186552962989017 -0.0772005603755288 -0.133286505025261
-0.163152060944701 -0.0613408152651288 -0.00735804846110649 -0.0407779042851794
-0.143501411059962 0.117290996996406 0.0213276414522905 -0.0359817612814337
-0.0174920383022078 0.157746503902839 0.0241324801445038 -0.11503534314069
0.0668456632896537 0.12610963467563 -0.0685496755591807 -0.165044006035126
0.134216988258934 0.0701681591365685 -0.148418918731975 -0.150379756160272
0.151333491550404 0.0562597092022746 -0.183976320786021 -0.12713613863542
0.151229627393246 0.078090281828402 -0.171749776054463 -0.145526644836932
0.0851888183127722 0.15532675446994 -0.0869206864362784 -0.175809718433814
-0.023554032127584 0.180030147566378 0.0145365641288506 -0.135646128476576
-0.174503816817073 0.153399262221582 0.00426087847915913 -0.0284553625046958
-0.217048257267372 -0.0765491317395484 -0.0858826405673342 -0.0502000266498598
-0.0529638519949959 -0.239740771557796 -0.109656309305473 -0.214541544274959
0.0714803151361107 -0.230707707559904 0.0713205806038113 -0.401410767988439
0.050664509275901 -0.2946640854006 -0.0320234187053148 -0.198147450359693
-0.0877736332297335 -0.2783439760867 -0.059966662670805 -0.104888570587143
-0.248353110683219 -0.0889686946410456 -0.0140339363970007 -0.0561384492646804
-0.220195225019413 0.168730663275296 -0.00309159013999709 -0.0337953377260471
-0.0472810445518824 0.240293169720104 0.015244839756245 -0.0769009213017074
0.0829122581073917 0.207803979299581 -0.0420884447276492 -0.111343678667808
0.188002675057086 0.131174216460386 -0.0877175546079105 -0.106480868537425
0.212946066889316 0.100904230591016 -0.109640152558482 -0.0943054805433173
0.216182490371149 0.125828747243997 -0.106305139352409 -0.101390197027983
0.124935459922446 0.236310571109356 -0.0479997153068308 -0.124088964004437
-0.0313627766674456 0.272187462667125 0.0183217299455137 -0.0924844860344549
-0.24497305643587 0.243909311600209 -0.00525425523845367 -0.0039495682486236
-0.33707922940017 -0.0707781229287854 -0.101254491248533 -0.0345268601961426
-0.141321509135369 -0.337314298914533 -0.112218958376659 -0.158208262126322
0.045149533633179 -0.373357105415485 0.0390683511959344 -0.285293443576612
0.0406233248515565 -0.368231428067081 -0.0575297279027772 -0.0860587111333315
-0.136512182695825 -0.344755981967446 -0.0320723612664076 -0.0426731694264475
-0.322368203808544 -0.10244470549818 -0.0105913523010976 -0.0644264350355717
-0.275436390414048 0.212727692182296 -0.0301216345232702 -0.0332783128289814
-0.0673302134848677 0.300294780241402 -0.00355742156904912 -0.0243900478909032
0.0905709389190552 0.264394163581422 -0.0140882127778291 -0.0338946188390146
0.216207384637982 0.173961560511701 -0.0143376945725105 -0.0428957249270554
0.243101411558311 0.12938591057882 -0.018955214071928 -0.0485189543279001
0.246584538804737 0.151701189976664 -0.0219843536149064 -0.0456643596004985
0.144996570924572 0.279013658225807 0.00744392671919129 -0.0561400212259347
-0.0329410956040801 0.322326585688783 0.0306513374394422 -0.0309946887134749
-0.272707549005017 0.299381949754141 -0.00835056230582012 0.0299041931810446
-0.398600938660157 -0.0495970279458776 -0.101587301834207 -0.00792877149364149
-0.200978008821787 -0.372514118772882 -0.0936183250838736 -0.0814675938422358
0.00869867212429236 -0.445354145556522 0.0182410676781458 -0.136122896225077
0.0217134421622968 -0.391081201895821 -0.0868070756360814 0.0575233936180805
-0.171938841101773 -0.361249918945151 0.00543433656381207 0.0479062739753945
-0.353774040753326 -0.0977840716094697 0.00121318413526558 -0.0572324877736462
-0.287254087852126 0.229871175072112 -0.0541645407266853 -0.0248252058284527
-0.0729364132683284 0.315583911464617 -0.0248136635945435 0.0389224242770283
0.0878269379509657 0.279278832506472 0.0163527158979322 0.0566363540642045
0.212998000713662 0.190443925814114 0.0631524867225327 0.0320711405038071
0.235460783262373 0.139659688642358 0.074531265767711 0.00603378128928356
0.235462386468504 0.157482131442151 0.0652727104243165 0.0126711726376634
0.136010234825259 0.276954212981855 0.0655827488377829 0.0159935379290273
-0.0348115083610688 0.314533780917258 0.0452509214976595 0.0359454994314236
-0.254982262538304 0.290464769683599 -0.00743642597769803 0.0636596099714279
-0.379413239517309 -0.0307263871539234 -0.0896643186532882 0.019179427683598
-0.211805696931667 -0.344267855725351 -0.0595420385631808 -0.00545383262483375
-0.0204161513382948 -0.441124590797508 0.0080532073084536 0.0186915784250825
-0.00494148159201601 -0.353311121338315 -0.11236774139524 0.210571678913997
-0.177730169721275 -0.311354737371316 0.0466035482667231 0.149816720617905
-0.318271101280169 -0.0695847988854797 0.0164868911165587 -0.0345982385006102
-0.240633956420374 0.204199078745661 -0.0689745429857296 -0.0087097432336794
-0.0628282889580144 0.270430144293381 -0.0413867844144132 0.0992736034750123
0.0726295646619255 0.244808952084419 0.0466674636206126 0.142769269814622
0.177703545904043 0.174179438659178 0.132714821550361 0.104179414814373
0.192278798572307 0.127699212717849 0.156814010979076 0.0591820613184846
0.187127191769475 0.140820449269798 0.140547963415264 0.0683502379032126
0.0997292675171331 0.233983016648832 0.111217191070543 0.082213077630959
-0.0414522030267595 0.250582058106522 0.0520291146512034 0.094774757019751
-0.202179432277101 0.216706354547564 -0.00936201380074465 0.0860215589874976
-0.28789828252668 -0.0231520118451226 -0.0726169736236432 0.0372701660677436
-0.169444485385816 -0.264959922145127 -0.0235765413024676 0.0513821141810281
-0.0391175499126428 -0.364371007406781 0.00492707020976104 0.150661055896887
-0.0328439068151744 -0.252906373458158 -0.127331973319562 0.346265401165584
-0.147762187422158 -0.201893862562673 0.0847478242213558 0.237143875968117
-0.21705955109679 -0.0262136090709391 0.0354572644974845 -0.00342325720607674
-0.144215376646194 0.136602262750796 -0.0662353141631158 0.00798681704683077
-0.0420001233887756 0.17320234929878 -0.0488762630816829 0.140228942257279
0.0437057658957615 0.165370217042947 0.0711944427141546 0.204254050289629
0.114077279967109 0.128409576751224 0.183532253875496 0.16004324779945
0.120422028408723 0.0968971702292832 0.216165647295964 0.10359723484003
0.113222702235756 0.106338474137753 0.192101627114948 0.113439215227264
0.0493348301632327 0.160017450353749 0.133469529715074 0.135073432751724
-0.0443959565937633 0.153357547214938 0.0446247514710702 0.135060180611283
-0.125300458744078 0.111555085964179 -0.0170500802863727 0.0904000371384901
-0.160466979743479 -0.0163167114675254 -0.0549995880717705 0.0419678260125633
-0.103167826909735 -0.154382543793284 0.00300894535018556 0.0815992757406105
-0.0517215603603223 -0.240593261902985 0.00623801392655271 0.240277186171709
-0.0538525942513096 -0.108154585090943 -0.124930414480619 0.439725623856111
-0.0888200807510451 -0.0586355372953517 0.117085808897526 0.29445634984038
-0.0787131859085579 0.0186517480775943 0.0593668130383235 0.0248118411579311
-0.0268983069951349 0.0461177629722726 -0.0471538820459464 0.0147307047595771
-0.0177153372849714 0.0493549490757025 -0.0483306474358842 0.15198675045268
0.00496788045970008 0.0612495345343309 0.0843406419664374 0.229782841159823
0.0296905765646405 0.062567413549412 0.207601370720396 0.188107548505558
0.0292355117114835 0.050705545252715 0.244239108085794 0.13167347239484
0.0247024660302627 0.0555603338877918 0.212575486467416 0.14357234727422
-0.00092808530602902 0.0680156180430566 0.131313784921158 0.169378159381129
-0.0347442959373368 0.0468258828470918 0.0251487826032533 0.154160277577099
-0.0369284045644133 0.0125438830623948 -0.0267714918180669 0.081156952579689
-0.0347767405045159 0.00213536292267581 -0.0364574359383104 0.039245836828499
-0.0434469388142358 -0.0334584001359439 0.019015550320166 0.0917199638603397
-0.0622573570875421 -0.0920761491548717 0.00935252321011944 0.279858409546667
0.0491200529791671 -0.0586871703648171 -0.00479739122218142 -0.288158965104816
-0.000103942876286656 -0.0845748853712071 -0.0833389110435915 -0.135557288455714
-0.0724087792712634 -0.0299502159280419 0.00656323596855726 -0.027910517665989
-0.0599121386340555 0.0600063140867732 0.0392347329258785 -0.0434153223497823
0.0104047795495775 0.0628794727168797 0.0196484462307776 -0.139966749517481
0.0407362193567058 0.0344022573047971 -0.0916397478743361 -0.192698425366196
0.060301328709056 0.00246166185118243 -0.18564338942735 -0.169320598160431
0.0664981878076175 0.00220020774360801 -0.225411172097149 -0.142084866776178
0.0653056081133618 0.014284801155272 -0.204240860502278 -0.170849082008108
0.0391124899123405 0.0492351102187026 -0.10438213960004 -0.205639545230927
-0.00359493174237121 0.0657810746813657 0.0199824433913754 -0.158534720873071
-0.0730186148621706 0.0551420398263829 0.0228557824289819 -0.0412347582653876
-0.0740471322661271 -0.0545680568033596 -0.054139468666885 -0.0502972951533697
0.0288407199360307 -0.0984318063783901 -0.0854502990861878 -0.23787883322261
0.0788336848588013 -0.0504501022682993 0.111800587482477 -0.451494268512118
0.0545574918076253 -0.182032580710315 -0.00888753631671042 -0.263562537214622
-0.0396280247222086 -0.18530286670859 -0.075758508723948 -0.132508746668548
-0.159688296579013 -0.0606515304882563 -0.00822950334412562 -0.0406259719145107
-0.14144431673784 0.11569756950206 0.0209766794258981 -0.0328473295379998
-0.0178151006338679 0.154508840665599 0.0248940131521296 -0.112408979026454
0.0655322894198726 0.125444450768273 -0.065692813581222 -0.164133375852089
0.131846786722837 0.0702734803310123 -0.145414331570253 -0.150656394441176
0.148622308646349 0.0559893831341592 -0.180656269826557 -0.128531880081724
0.149316538676975 0.0787335424123419 -0.168268750722638 -0.146435769821934
0.0832613853430319 0.155857052643781 -0.0846328134357758 -0.177791864122027
-0.0261241077719917 0.178301992964946 0.016995217977744 -0.136743017487456
-0.1737684325843 0.149950533855456 0.00843985023356119 -0.0291568635004729
-0.214204424978709 -0.0789915593167427 -0.0798613828301152 -0.0490282673325939
-0.0482726924808951 -0.238983173664294 -0.10357809162703 -0.212974923906117
0.0759785779326997 -0.227484909656171 0.0774843686119412 -0.394410196946621
0.0559279835577473 -0.287569184062405 -0.0267930149137054 -0.19625917071616
-0.0821823605654806 -0.277486689516412 -0.059210914916917 -0.104841881306889
-0.241863660077242 -0.0900834058859794 -0.0149315491325847 -0.0563738962004247
-0.218015796845974 0.164482361712 -0.00334288266697334 -0.0313124219644525
-0.0481839377683376 0.236371887390811 0.0157330653697291 -0.0755554233665198
0.0808208289826828 0.20734771856097 -0.0396568809138406 -0.110611796297238
0.184503917911563 0.131714015342248 -0.0859294642018571 -0.107629520307223
0.209004251698292 0.100777648250658 -0.107752299989022 -0.0963479225064378
0.211767967604888 0.12583652315824 -0.103312305868835 -0.102160498962366
0.12168087448869 0.236115320570847 -0.0468219943075635 -0.125431266550518
-0.0355249127086221 0.269460408533113 0.0195939125725583 -0.0933050227192335
-0.244346842715855 0.238745455190222 -0.00140716899870208 -0.00619942487749024
-0.33069366895508 -0.0761497342939082 -0.0959562345466576 -0.0325443032997939
-0.132324888585805 -0.337235412261013 -0.106999567958289 -0.155882111485076
0.0531650685106658 -0.365483770872829 0.0445263317553706 -0.280594314332365
0.0478433127055429 -0.360319326889609 -0.0547009962438449 -0.0864481109739698
-0.127657171978167 -0.343543718957149 -0.0327831670282647 -0.0442177729408829
-0.313286206787938 -0.105994981448589 -0.0121839707350379 -0.0644860914932684
-0.273536436019442 0.206767676385748 -0.0303426124234572 -0.0312633339146369
-0.0687958440653208 0.296055879670988 -0.00398844545281653 -0.0244962587317257
0.0882473531911552 0.264229405819672 -0.0129574977403015 -0.0333216179686105
0.211975716840211 0.175164012710732 -0.0136540982493573 -0.0434683659389723
0.237875999864421 0.130262653742873 -0.0183816792278985 -0.0496486285555586
0.240969122093892 0.152777517521644 -0.0211530072028681 -0.0468223927976972
0.141162985167846 0.278202834666738 0.00625786190180152 -0.0577835049173467
-0.0367183398182588 0.319014735851261 0.0296110750196557 -0.0325704230982996
-0.272442279717882 0.292770311871931 -0.00472275768902344 0.0255921797270965
-0.392696449952592 -0.0561237116346652 -0.0970851760099752 -0.00659560573174792
-0.192743365495957 -0.373813341718209 -0.0899552088139459 -0.0799675399124589
0.0198707163013352 -0.438339632450131 0.0216724703522009 -0.134143133828238
0.0310724715396511 -0.382487823412901 -0.0872188926612947 0.054155671231378
-0.163004020992717 -0.360721462488637 0.00299208778465903 0.0457625186651427
-0.345454923969323 -0.101916415492028 -0.00118681239733534 -0.057163760195192
-0.285968938976227 0.221849304264085 -0.0554383932250532 -0.0239468331993912
-0.0753130231131692 0.311611231145737 -0.0267871575194025 0.0373757138088316
0.0849745016535143 0.279015508271216 0.0164140616654315 0.057458789144967
0.209061913329973 0.191647369788898 0.0620132253503325 0.0318895223408028
0.230188277330429 0.140745925508498 0.0738711428367233 0.00409843675520568
0.230521178623784 0.158335713160323 0.064484160208384 0.0124939756943496
0.132201853847823 0.275961805934552 0.0625407771760219 0.0146182894928955
-0.0384121080648917 0.310366999557351 0.0427494764352203 0.0344569073367717
-0.25556444417618 0.283874181525702 -0.00561390485381388 0.0585709787464192
-0.374209626866427 -0.0376130713407166 -0.0859265444797656 0.0203349422929372
-0.202525854326008 -0.346083789832237 -0.0568223314817106 -0.00413918962823683
-0.00844711730832515 -0.433929797971736 0.00907365326613841 0.0183575605234888
0.00321341448521239 -0.345914317634254 -0.116264958122763 0.204294021933653
-0.168225754915211 -0.311682716320655 0.0418220606071379 0.146248248549456
-0.310696162023045 -0.0743865813269589 0.0139171157994508 -0.0344915691387338
-0.239437343399474 0.19632226566237 -0.0703227850619559 -0.00830471622525899
-0.065190701949397 0.267059587571078 -0.0441149440378725 0.097326978394134
0.0695061051405863 0.244268246017481 0.0456380160296883 0.143299543329786
0.174274474962058 0.175325095924874 0.130357760047227 0.104818253237487
0.187955022036593 0.128930909979267 0.154237364804099 0.0580469790639761
0.182484120256329 0.141797421007643 0.138481135151761 0.0675657437958227
0.0962951138714319 0.233155918512577 0.107348033005929 0.0812740792173094
-0.044393342345403 0.247529859883659 0.0489122567336971 0.0927731269872959
-0.202068140728035 0.211478721397173 -0.00850380487139535 0.0803442621917451
-0.283502541867123 -0.0275012300714545 -0.0700159914229224 0.0374916381143385
-0.161513721953054 -0.266347134747354 -0.0227254510660531 0.0525856194137778
-0.0299499158696588 -0.3588613342634 0.00474889533460888 0.14845555624074
-0.0265294964578216 -0.247267139626412 -0.133093776872363 0.337828376867032
-0.14062885082731 -0.201637896655621 0.0780959402071985 0.233880704606073
-0.211315104302178 -0.0298760133821049 0.0320697089953117 -0.00343258610739464
-0.143460415766001 0.131136133462939 -0.0685575893074771 0.00763077488430376
-0.0436679948688545 0.170492993142894 -0.0519351351666243 0.138196490503035
0.0418204482888444 0.165402119530636 0.0698889440550992 0.204899298390369
0.11154386687979 0.12905036730082 0.180774245754956 0.159977688020986
0.117352581487646 0.0976476311515005 0.212636693837682 0.102911018113185
0.109288176700549 0.106867402899076 0.188809160417287 0.113135054081922
0.0467087490797151 0.159051727469814 0.129692802948328 0.133534964127182
-0.0454039151046945 0.150780296439989 0.0411919998201565 0.132188627656021
-0.124540078408221 0.107981975968236 -0.0174907060179451 0.0849995945488901
-0.156849578071211 -0.0193881464793295 -0.053377366420708 0.0416129369946343
-0.0977107737378703 -0.155326699336708 0.00387333117659824 0.0823363712808915
-0.04514141102845 -0.235696316651467 0.00494752728997815 0.236499475889223
-0.0509196120191484 -0.105918820053893 -0.133612408103894 0.429157277616306
-0.0846368569846748 -0.0586241065384927 0.109485496707718 0.289872120381929
-0.0763865338069897 0.0165938655217073 0.0555884942641017 0.0249892593670137
-0.027283465896833 0.0428438380442826 -0.0496595728601556 0.0144609084811605
-0.0185929483556797 0.048794127150467 -0.051361628813034 0.15015684094
0.00426860751186149 0.061044913546166 0.0820647445646569 0.230369050431645
0.0291582566814319 0.0629020415056724 0.204598650459644 0.188550444314873
0.0278306108558132 0.0516379463352436 0.240473728407324 0.131339921069819
0.0225842199500243 0.0562547996215826 0.208607421997608 0.143557774910021
-0.00289484948277265 0.066947242859633 0.127374495341013 0.168357951246393
-0.0349683430807101 0.045386534269732 0.0213267497960282 0.150660786092774
-0.0372761846586593 0.0109727008876203 -0.0272084382321922 0.0760376278039178
-0.0325141753899456 0.000643767305213241 -0.0357953437902792 0.0375584331693754
-0.0410001658765443 -0.0343503308858021 0.0190518011155642 0.0923656397937321
-0.0586956927377365 -0.0894743095261807 0.00651498199748331 0.275261283508913
0.0501221541944851 -0.0592399566205828 0.000983892980139331 -0.291804089851496
-0.000890692508810237 -0.0866049639443669 -0.0844442808170089 -0.138090673109102
-0.0736304183501682 -0.0289790573158226 0.00512928891878269 -0.0282217194656143
-0.0599415623685678 0.0619414020345948 0.0399921357288467 -0.0411878855958825
0.01109072597144 0.0633938745278464 0.0211854942724514 -0.139983323794739
0.0410143253516528 0.0343244857428536 -0.0915951057935239 -0.196292532192191
0.0611117678065953 0.0019996200051327 -0.188233125831612 -0.173370925517046
0.0673923966700917 0.00136627875336984 -0.228396877973529 -0.145251292515003
0.0672833943242223 0.014211763413517 -0.207599689241803 -0.175629409819305
0.0400166953791233 0.0507839803271574 -0.104752752038307 -0.212169757595988
-0.00457605455258935 0.0678100999384139 0.0232591055583065 -0.163190980258148
-0.0744799801882169 0.0564680903213723 0.0268451234130037 -0.0424277494855477
-0.0759212385369031 -0.0562924538325786 -0.0506881491166033 -0.0508451622980672
0.0296559449307924 -0.100759276086459 -0.0822418279321201 -0.241985803362607
0.0807535977474953 -0.051452375935291 0.118824335396558 -0.454071313177308
0.0580290094318621 -0.183280217964817 -0.00420198182377097 -0.267161416363214
-0.0396535286020918 -0.189182230630839 -0.0765472821321231 -0.135428078641193
-0.160165440041753 -0.0615737859507481 -0.00976968193953939 -0.0415366177995767
-0.142785411941523 0.117274140588706 0.0215170530057946 -0.0304430728783837
-0.0180308375607659 0.156351542858193 0.026271989053921 -0.113298121165689
0.0667491923864702 0.128026969890237 -0.0654091098835271 -0.16723927985265
0.133224070164836 0.0720648965109639 -0.147596242587109 -0.154626801932522
0.150453633555 0.0565084724074588 -0.183129010643062 -0.13247054190647
0.151945980267797 0.0799936348754946 -0.169724293991307 -0.151239091169698
0.084682566461723 0.160288322207092 -0.0860099271968132 -0.183797284830593
-0.0286759579236362 0.181621684384054 0.0197070799883648 -0.141088869934611
-0.176859177219083 0.151542656822833 0.0122560576260945 -0.0313505556836674
-0.216859651037579 -0.0830211028175295 -0.0770088399346694 -0.0493572326861205
-0.0467571660240009 -0.245290923254128 -0.101176860437315 -0.215546540326446
0.0815224708501125 -0.230594096951528 0.0833822118398395 -0.39632756779424
0.0617820045027849 -0.288479496422068 -0.023803390601798 -0.199088778454668
-0.0812794302991227 -0.282986431327516 -0.0607946746926235 -0.107785960056418
-0.242793601525814 -0.0923726079805811 -0.0170555515522587 -0.0579210974772525
-0.220674695967565 0.165650319318069 -0.0035430824570901 -0.0295426836332148
-0.0491198718152691 0.239081681356811 0.016335622640541 -0.0759097323405626
0.0821901799571514 0.211477761528802 -0.0390451407439302 -0.112395515363777
0.186941773024987 0.134899914504028 -0.0870116342930323 -0.110164341258414
0.211555563932448 0.102948545672125 -0.109278397817959 -0.0997842417378415
0.214450754455213 0.128688389235518 -0.104403487824265 -0.105504719646874
0.123322196429979 0.242411912229386 -0.0479300010300647 -0.130424741354814
-0.0391420023213775 0.274160390464601 0.0208909034159183 -0.0970976111992651
-0.24872191205957 0.240764804275133 0.00205796546794503 -0.00942929539886895
-0.335124288588198 -0.0817373838514345 -0.0929927481395506 -0.0325683160001185
-0.129523311642974 -0.345936393949314 -0.105414632648572 -0.158389684623412
0.0615462943146238 -0.370239911985168 0.0487588585241547 -0.282893262056094
0.0557251982384699 -0.362220323514666 -0.0541396385757586 -0.0886354895836572
-0.126071507134315 -0.352484909256156 -0.0343584474781712 -0.0461206189972394
-0.314705213698145 -0.11007033722003 -0.0141094375054055 -0.0658854893359702
-0.277641406079863 0.206905815182806 -0.0317810611109306 -0.0299617737940592
-0.0709445574446914 0.299837473769041 -0.00503146716425605 -0.0252490959504568
0.0896464794742841 0.269963419754485 -0.0118356620603204 -0.0334850228424552
0.214744529362565 0.180469997727339 -0.0136494281739411 -0.0446393787878822
0.240221161105975 0.133361969959189 -0.0188953572849454 -0.0530101305180122
0.243150054814568 0.156198477182583 -0.021202326512864 -0.0489323795213163
0.142306686483243 0.285035064790738 0.00522147885393147 -0.0613122014262272
-0.0411961161055157 0.324224994550291 0.0299467780488935 -0.034937409109205
-0.278115497675856 0.296721596227779 -0.00245643971249356 0.0217055786665497
-0.398528090344755 -0.0622724162343097 -0.0947756499150125 -0.00618187566182578
-0.190586933952416 -0.384630218554222 -0.0880014175818734 -0.080580162438678
0.0289609261816657 -0.443960900440287 0.0250627695160208 -0.134884308232726
0.0397207937484126 -0.385246553495244 -0.08963444384684 0.0530045397917826
-0.159225646977391 -0.369810911627814 0.000482672775818011 0.0456337399144059
-0.347372203224487 -0.106709765570338 -0.00363904409359605 -0.0585418251802488
-0.29170381294243 0.22271390888562 -0.0576248605458413 -0.0226608040216966
-0.0779063207840088 0.315279033745676 -0.0286690689616791 0.0376870885013557
0.086123523875676 0.285694911102124 0.0179328855022434 0.059253766890058
0.211610252005134 0.196995152099753 0.0628119968423972 0.0323106955583916
0.232718699627619 0.144423826539691 0.0740260877838347 0.00216276473462985
0.231718309574122 0.162008227693605 0.0654299844538109 0.0112391857198606
0.133281732931017 0.282363002045414 0.0620258919992913 0.0129987983565252
-0.0425891168935454 0.315636698793171 0.0422052664794194 0.0334705307314536
-0.259792494667799 0.285876636041159 -0.00460760438114071 0.0548809133960513
-0.37886358580614 -0.0435155369218274 -0.0845493652718208 0.021517075059649
-0.201196795766019 -0.356844349014106 -0.0560607255787428 -0.00305626414998977
0.00113492416715087 -0.438535406242415 0.0108760563362181 0.0184607835896792
0.0104202567063778 -0.346996084242376 -0.121930662080874 0.204622205116783
-0.165499278426945 -0.319562167098857 0.0391478761391114 0.14732906581274
-0.312011069887178 -0.0793430543889448 0.0116510875064293 -0.0352442287959276
-0.2446124193705 0.19541893757722 -0.074131791092025 -0.00738003092707738
-0.0681713536611075 0.269993337725972 -0.0472325864143222 0.0988665610639469
0.070477094695421 0.250323496477369 0.0469390545648824 0.147521960680799
0.177087874908866 0.180463132265057 0.132559836086393 0.106768232675518
0.189620735922659 0.132934661756903 0.15548699474159 0.0575964089822946
0.183946042025776 0.145407974388813 0.140088578940705 0.0683807101840163
0.0967730934897493 0.237761822320627 0.10710427028392 0.0821055355705591
-0.0474953676312652 0.250607889150285 0.0475041153813231 0.0929525931601833
-0.205719768798045 0.212621168077791 -0.00839704984162119 0.077133495264568
-0.285923162206017 -0.0317881563803254 -0.0689032467093519 0.0379370433146378
-0.159317555963051 -0.273894095060642 -0.0214566925862736 0.0548113831506014
-0.0229864506506636 -0.362022717749732 0.00502392208381104 0.149923339353083
-0.0214739968645041 -0.249114775364932 -0.141739372769111 0.338875528223746
-0.138292579788885 -0.207293711374887 0.074636137442882 0.235895630423338
-0.211746369534444 -0.0339031261897654 0.0301485264052919 -0.00301678613241839
-0.146510069166292 0.128619935374366 -0.0726062133681172 0.0085119831215545
-0.0455347244035054 0.172920769325478 -0.055797088294478 0.140769857821636
0.0425037509158629 0.169634887061252 0.0707930158535317 0.210599134264725
0.113629233748368 0.13255185384577 0.183840450007058 0.16364010717779
0.118455439986879 0.100972300085272 0.215501779049574 0.104223312957925
0.109296967954055 0.10982800082432 0.190993542995941 0.114708241551087
0.0465259603334456 0.162039013062133 0.129383468302507 0.135976358471849
-0.0484019593017262 0.152547635398735 0.0393902543562356 0.133569672835053
-0.12694619876437 0.108003977162955 -0.0176596058918677 0.0820127832090504
-0.157526657725866 -0.0218975421976571 -0.053445093290503 0.0417798405841749
-0.0958704946369635 -0.160136038380051 0.00479380170908946 0.0856351708199372
-0.0404292205290267 -0.237132500391673 0.00392463530993675 0.238800874787602
-0.0494212963810295 -0.106413146473425 -0.143950477983853 0.431743969106291
-0.0835347551083793 -0.0600277509464713 0.10634914147299 0.293330732575863
-0.0764239723207279 0.015169802789448 0.0536887314942369 0.0262227660908639
-0.0282708908334147 0.0415512769078225 -0.0534838489165999 0.0151838462448032
-0.0195015337117445 0.049375455745343 -0.0553446307312016 0.153987187809526
0.00413031113400554 0.0630086879365158 0.083651797898516 0.236536208972711
0.0297259943064685 0.0646715908982695 0.207786687733322 0.19313547617794
0.0277808258405083 0.0536777721697159 0.2435860831651 0.133992412304829
0.0216700779311174 0.0580940551013377 0.21070581622751 0.146017134108878
-0.00403030851813542 0.0681301037054776 0.127207960647787 0.170910056348833
-0.0362401993333459 0.045373548193144 0.0190917714169824 0.151880542278082
-0.0380351971717268 0.00976760626849568 -0.0283961321775221 0.0737515249996788
-0.032191961036765 -0.000709145282828902 -0.0361214570457075 0.0370666625835585
-0.0396476970329472 -0.0359578940188607 0.0198169414903161 0.0954158084661671
-0.0568924603207772 -0.0898032049734367 0.00496254765390946 0.278077610584652
0.0505694576287618 -0.0622598827248945 0.000820777379144146 -0.300730852828474
-0.00402503862518055 -0.0890886313439812 -0.0897579274908489 -0.141196618316683
-0.0758219794188659 -0.0271588591783783 0.00317684112916412 -0.0291788365565037
-0.0591218937465383 0.0665538791458151 0.0407859408037772 -0.0404182821137582
0.0129028407943283 0.0641508918838785 0.0210383481201832 -0.143058301982294
0.0432339933152693 0.0343161507875518 -0.098272002548099 -0.200837431601414
0.0628694673303861 0.00046118328226084 -0.197883192592257 -0.175675073325256
0.0694544598498573 -0.000888301173353452 -0.238598405086719 -0.146148376226886
0.0705813896111249 0.0126337246047879 -0.21796845513408 -0.17814125263762
0.0435914135760043 0.052850934888678 -0.112942246336641 -0.21983895496404
-0.00398960504577215 0.0706462374947976 0.0229488008090849 -0.171776493254552
-0.075284147773083 0.0604240107634092 0.0301346426712265 -0.0453694068555916
-0.0799193664509599 -0.0565715856011888 -0.048803451800968 -0.0521184379006273
0.0280898543999944 -0.10530458743336 -0.085926114709445 -0.247982062422146
0.0826554764606451 -0.0555411890138844 0.116834304436867 -0.469130382004014
0.0584889442391254 -0.188636726549953 -0.00539222009273077 -0.275449371350326
-0.0442183349838728 -0.195820797919081 -0.0819596183541583 -0.138551129446758
-0.164774488517327 -0.0592982255282806 -0.0126040438608744 -0.0430515417808526
-0.143510919216543 0.124490504570547 0.0221439488250144 -0.0293481585998006
-0.0150669069920714 0.161097369597665 0.0257889136964989 -0.116249473650719
0.0714384579039267 0.131238806653429 -0.0701204623967665 -0.171721688602198
0.139132815718348 0.0712334735079157 -0.155465766322773 -0.1577132834065
0.156493265612503 0.0547378819114235 -0.191769499204307 -0.13436087602581
0.158972952566935 0.078795150391767 -0.178564969822533 -0.153494975144545
0.0915488321349262 0.164639472718278 -0.0929021128898618 -0.191111829757152
-0.0281164146608663 0.189496044477553 0.0195087402422078 -0.149149529038883
-0.179622671524088 0.159460918784995 0.0154265286211898 -0.0345680315387305
-0.226095966711032 -0.0836806783823082 -0.0758176641155125 -0.0492142354327455
-0.0515943588156585 -0.254701841502745 -0.104809205373807 -0.220871357471803
0.0832611964049595 -0.239849380737277 0.0816500569974738 -0.40855113888724
0.0619667984706069 -0.296745232359448 -0.024876418488184 -0.205363045614062
-0.0874504181726461 -0.292545603114701 -0.0647938396114588 -0.110672563521887
-0.249305798049992 -0.091679092898125 -0.0207580894269759 -0.0595981165207677
-0.223439750082896 0.174212471578026 -0.00406511191044114 -0.0279165172940327
-0.0457789129062796 0.24725249510023 0.0154603416265397 -0.0786665038329431
0.0893086559945731 0.217424186605596 -0.0415514184579104 -0.115627579909602
0.195348592081639 0.136438862279032 -0.0921937483670775 -0.11304751190047
0.219731839771909 0.101813688034198 -0.115179943972756 -0.102648929542119
0.224005419388438 0.128433948082919 -0.110284830487704 -0.108200381968992
0.132669220086579 0.249266308855237 -0.0533478760944884 -0.136147003221028
-0.0373593257913843 0.284959870880947 0.020557104490917 -0.103346526579402
-0.252534528315595 0.252275139107938 0.00471601991519058 -0.0129677975660129
-0.348744924174679 -0.0811946083746692 -0.0920801414116435 -0.0312025904584628
-0.13792212387204 -0.358208054250249 -0.10811368919655 -0.160917965969214
0.0624573948275231 -0.383968952459564 0.0484486366126492 -0.29104168070165
0.0569494294031667 -0.372727639814311 -0.0564942063846503 -0.0918350910233073
-0.134219494396209 -0.363225808862053 -0.0378568584052195 -0.0478017833360871
-0.323768706452105 -0.109802279198539 -0.0189372011351262 -0.0679992887177556
-0.281887462784117 0.217482180203529 -0.0336099395156489 -0.0275360699367982
-0.0679060666151167 0.310498150778123 -0.00634728572617347 -0.0259868608337368
0.0983756928153568 0.278672737472945 -0.0114787071500526 -0.034174968761186
0.225992216913132 0.182978857218518 -0.0153009852609769 -0.046612073191927
0.249752988571181 0.133611806489724 -0.0218747719065235 -0.0561893693815911
0.253882156982024 0.156402793486541 -0.0230531742655075 -0.0512498431425585
0.152904620551758 0.293683135723402 0.00225663662316235 -0.065422018453267
-0.0386612970289994 0.336574806537628 0.0299738384997291 -0.0389271652047699
-0.280075139436445 0.310255623446717 -0.000499941028499418 0.0181143114166102
-0.412764745486426 -0.0592414632433342 -0.0941442979724294 -0.00421088038633543
-0.200198400296155 -0.397538957105229 -0.0903250178045322 -0.0805109624278818
0.0299532603784849 -0.458714973871937 0.0251624718070406 -0.139531683157206
0.0386288525225329 -0.396117951877884 -0.0929896756130666 0.0543578922920668
-0.168349026138113 -0.382323833580295 -0.00103606903930857 0.0457789080887956
-0.357631638434531 -0.106445084225191 -0.00788798419301236 -0.060409390738212
-0.297444138887965 0.231983040258052 -0.0611796223644036 -0.0199984388951307
-0.0753773940526703 0.325876087237772 -0.0305021790606169 0.0388455071088801
0.0954742038807234 0.295369983853503 0.020547135580639 0.0618104206559655
0.223221524230384 0.200710526802937 0.0660940146229427 0.0317072002367276
0.242327787954308 0.144938096130136 0.075175850840464 -0.00139462981461135
0.241594008896679 0.163170240048961 0.0675794252314336 0.00944180804894933
0.143694224449171 0.290199924717464 0.0626224517759853 0.0107720803760124
-0.0405706680584972 0.327423123872179 0.0430682248640579 0.0321240071942736
-0.262889164571323 0.299086522335614 -0.00266427061764341 0.0520287123825543
-0.392257025436687 -0.0398322209356516 -0.0837184563032392 0.0238464273018062
-0.210041060855282 -0.36807469503825 -0.0554548610907373 -0.000700928362626719
-0.000696292346069913 -0.45149975564756 0.0132141515561243 0.0187567701345286
0.0107247855338349 -0.355805564469246 -0.125684721925475 0.211392778945219
-0.173197335592268 -0.331417599716541 0.0393159007948661 0.150668956060622
-0.320245162325756 -0.0796140500369747 0.00769550996453797 -0.0362334896846621
-0.249457390708853 0.203358242168414 -0.0785907299741545 -0.00449526860393545
-0.0664016081938944 0.279702838933483 -0.0493293806194715 0.102236759361042
0.0782710600744795 0.258527827874026 0.0526816522259818 0.152954871712139
0.187499092226797 0.184235273000375 0.139425194010755 0.107775419887044
0.197730084995396 0.134286714386492 0.161237793315175 0.0551744686266298
0.191528886242189 0.147434323523609 0.1454105859097 0.0672158238872417
0.104660226376466 0.24528931705822 0.109941624762289 0.0816210791161072
-0.0463118879644856 0.260349400807375 0.0490086660249338 0.0939806515773635
-0.207288408607194 0.222474626753199 -0.00731907298161193 0.0751709143647031
-0.295964460001893 -0.0303314100207662 -0.0687637157315508 0.0409784625680405
-0.166940149704706 -0.283094496888489 -0.0193488478434315 0.0586395672048178
-0.0238726021046846 -0.372487203810419 0.00917024259996443 0.153666040638848
-0.0223815368074307 -0.254681184138102 -0.145947127681523 0.350586217609966
-0.142671934228761 -0.213722077770933 0.0776888492601584 0.241222581462225
-0.217251629674594 -0.0336416620443134 0.0277734354982237 -0.00342017911519831
-0.150077758495154 0.133446395277891 -0.0772158901297343 0.0114382999786442
-0.0450955493629319 0.179176499663131 -0.0574535087362251 0.146470075559259
0.047554397753855 0.17576686071297 0.0784802132196284 0.218353217212558
0.121011035563045 0.135983590625639 0.194144027170587 0.166233929540442
0.123933005736783 0.102849625387965 0.223762029298945 0.102076976812212
0.113555396278472 0.112440522456279 0.198860348843297 0.114776883206032
0.0509113257476462 0.166828760815958 0.13463474458641 0.138071699414968
-0.0480926019077671 0.158370358786247 0.0413250659221082 0.136518178388244
-0.129059351789023 0.112108998254208 -0.0172531010152837 0.0812798012310668
-0.162307457659219 -0.0220174523332366 -0.0528286632973575 0.044416936906666
-0.0998876296624341 -0.165791047167281 0.00792305805754242 0.0898287325149906
-0.0416321824682858 -0.24299251615265 0.00832576753922 0.24477725732893
-0.0507602460205845 -0.10765440817419 -0.147353312607351 0.446428284407506
-0.0847133914354872 -0.0615647696938749 0.110779122110573 0.299938098757296
-0.0774223544958137 0.0156706910781183 0.0531996377261301 0.0268783853405431
-0.0293732244212816 0.0410822502674583 -0.0581473482672936 0.0177334843352715
-0.0201951171813435 0.0514444920828499 -0.0562311979974447 0.161239976269946
0.00558104208926825 0.0655750713994983 0.0921156868068666 0.245211851489578
0.0322210961613593 0.0667672188165528 0.219830538980989 0.196408636535458
0.029516794912982 0.0558205702619236 0.253520724481041 0.133048350061861
0.0223347204218935 0.0609664171847784 0.219856457164611 0.14634129363421
-0.00365724495298942 0.0707074147946549 0.133823582752441 0.174615283840275
-0.0371413551294941 0.0469685280360149 0.0205930717953158 0.155593657699879
-0.0392631428186046 0.00915440347512119 -0.0290274460985122 0.0730033354472808
-0.0320405473978321 -0.00156224866808123 -0.0357249953152122 0.0386705050615699
-0.0402290210605336 -0.0377052908524334 0.0235149661552835 0.0996903664627599
-0.0578377881331675 -0.090242666663042 0.00942612622856668 0.285330430428171
0.0486908343581009 -0.0661224772038878 -0.010234458798585 -0.309391883573667
-0.00999526963432883 -0.0909340606948886 -0.0998223066170962 -0.140696040774644
-0.0785091988546941 -0.0227468112745801 0.000330712369554234 -0.0295799908783984
-0.0559863719728629 0.0721221301446038 0.0404450079778292 -0.0413464565658043
0.0169125995231523 0.0650485166142193 0.0158837167367149 -0.145478105088797
0.0460292624445667 0.0325938157986424 -0.110481984317969 -0.200599260535806
0.0641530865460666 -0.00328970205880074 -0.212721575533553 -0.170217299943745
0.0710931673500153 -0.00578077231754761 -0.252393813478561 -0.137917061903944
0.0737798814770754 0.00814384033771329 -0.232848929686253 -0.173061137722805
0.0484019435892086 0.0523491813427472 -0.127816585356218 -0.222546825550639
-0.000908418255668348 0.0737826618060232 0.01658822904301 -0.181204279498221
-0.0738475215408926 0.0666683663968979 0.0314272685199598 -0.0495742668161008
-0.0856243344903198 -0.0545706615625055 -0.0483600814545166 -0.0518022303723772
0.0229269176188811 -0.110320821732007 -0.0975985748765724 -0.250639623676515
0.0821813142575379 -0.0616722268224082 0.0991574836648501 -0.483063172863248
0.0531036873767951 -0.195737766956747 -0.0152064516512785 -0.282987597870798
-0.0560464033617435 -0.199211776597251 -0.0914975405990186 -0.138803079226694
-0.170190587479769 -0.0529077206528809 -0.0168384302634482 -0.043032563137846
-0.139484488168246 0.135579087764385 0.0215800739230594 -0.0288141576213553
-0.00721218838809786 0.165155921512732 0.0221476304318659 -0.119562818169952
0.0804967057374228 0.131037806825943 -0.0798543486168753 -0.172375861489418
0.146451054014633 0.0660430278469317 -0.168264076060441 -0.153892791642065
0.16281850888354 0.0478104121500628 -0.204244772959427 -0.129018620245564
0.167428271929713 0.0720166164092336 -0.191505877687388 -0.149856617563577
0.103388961953391 0.165309505853368 -0.106457499547847 -0.194083744003848
-0.0204801215934844 0.197027865323396 0.0134991657269645 -0.156933336678657
-0.176831973281102 0.173053171753336 0.0169422704626688 -0.039151948223358
-0.236634697998546 -0.075594711696315 -0.0757859741947439 -0.0468340099358991
-0.0644205669626439 -0.261498730257536 -0.115690636569516 -0.2210258483031
0.076803261293475 -0.251159404259919 0.0659836384129049 -0.420396150617969
0.0534453797365736 -0.306251609172449 -0.0333463509300407 -0.210838033620184
-0.103804639324265 -0.297882793628383 -0.0726218252761502 -0.110473301824862
-0.257268030885608 -0.082476606224801 -0.0264269659099462 -0.0601135568308372
-0.219160891505228 0.190127251054198 -0.00522618748856587 -0.0258175158377149
-0.0346616172981557 0.255709058270434 0.0120734457225491 -0.0811363718912658
0.103783989329343 0.219294095767218 -0.0474660072304789 -0.116280255104257
0.208201573987045 0.130002596178882 -0.100578137335348 -0.111922263236143
0.2295275104034 0.0932368770210925 -0.124208197009462 -0.10087316951225
0.236432619089398 0.120229603328846 -0.118878965205016 -0.106372813496768
0.15010279535914 0.249740213366277 -0.0634215135280125 -0.139937403119956
-0.0265652821154004 0.295601089790526 0.0162562287898318 -0.110015561130269
-0.246418508695819 0.271760641052205 0.00569484156264045 -0.0177419226547299
-0.362337681756209 -0.0677986831252364 -0.0918397703261325 -0.0274394480567628
-0.15741451346618 -0.364797722515916 -0.116744741068561 -0.159385143342221
0.0503614359288066 -0.397384153110098 0.0387174186154103 -0.300018002287743
0.0464972969618265 -0.38298790890086 -0.0615725714744772 -0.0929156008112134
-0.153122744720636 -0.370430893113603 -0.0422508464307509 -0.0483155941276027
-0.334520856292789 -0.0990678705515173 -0.0255702966988091 -0.068660006328104
-0.278864989941777 0.235978733395496 -0.0361365034932095 -0.0243258646337951
-0.0545307570912885 0.321066960657966 -0.00858458659595562 -0.0266443896783248
0.116354196133077 0.281600261809575 -0.0124685078765935 -0.0344455585890971
0.242458570375598 0.176969369891052 -0.0178808738906534 -0.0477117830991161
0.262653791398433 0.124259836796504 -0.0268885679045146 -0.0583121673566897
0.267932403366959 0.148236891823811 -0.0265788577110157 -0.0525334677391695
0.173132986633154 0.294461753562759 -0.00307432637346071 -0.0694792141012868
-0.0252200030204816 0.349930228951123 0.0283318891735342 -0.043927679815744
-0.273994970003129 0.331934494851359 0.00116689364129922 0.0139675347859796
-0.427163426123313 -0.0443970669019498 -0.0928245829509415 0.00112121288176608
-0.222171934242297 -0.402076827745817 -0.0940878426129868 -0.0776310026391753
0.0138056369229128 -0.47311338237516 0.0221326692779357 -0.143743714839491
0.0287810900168213 -0.405797436229773 -0.0943028181141717 0.0587375715293828
-0.189706083609307 -0.389171750004315 -0.00161640324848885 0.0466791090916534
-0.367845480971795 -0.0964517480594601 -0.0141947042704306 -0.0609328834127935
-0.294927247654274 0.250640565730009 -0.0649773633242884 -0.0150176796751398
-0.0620378832105648 0.338641061051484 -0.0311804649230729 0.0413890155091611
0.113974708041166 0.29950777279947 0.0255750830099425 0.0626120109694869
0.240522972254525 0.196278186219853 0.0698476441545416 0.0288266194032111
0.255622702878523 0.137347146861592 0.0754162787210886 -0.00687002527270641
0.255187570289517 0.155878669180005 0.0693397743924054 0.00603168250557452
0.161940450024812 0.292265446357115 0.0623807250804005 0.00677786647670185
-0.0273145465224344 0.340319875308824 0.0446200507609565 0.0292684019725051
-0.255539172100472 0.319206066991357 -0.000322262639445214 0.0485773386046017
-0.404514805795917 -0.0248202519505336 -0.0820763408276179 0.0293546107481708
-0.230809542203583 -0.370829537247907 -0.0548879034228605 0.00248696418368311
-0.0154332495878722 -0.464584999839693 0.0159094283924914 0.0179372345256906
-0.00102362277394877 -0.364303193599092 -0.121960583434535 0.221606110414743
-0.189982669301611 -0.335108971937291 0.0441064653253212 0.152108291932333
-0.330176087730181 -0.0699217710825832 0.0032834192909685 -0.0366190409875924
-0.247344812220356 0.218131672037334 -0.08236686747379 0.0015066791022979
-0.0556008197738269 0.290541301447833 -0.0478566042338897 0.107665559201962
0.0945619330593542 0.263242128110112 0.0629239536906047 0.155195302137026
0.203614039405234 0.180332794042711 0.149838268613959 0.10337808630676
0.21008521398884 0.128634333715668 0.166242650342259 0.0472351313089214
0.202351194136232 0.142176524217787 0.151582803122901 0.0609386852295086
0.11994669580207 0.247020000448278 0.115772647876911 0.0776010703685616
-0.0359554312030694 0.270930971025984 0.0536292260828778 0.0931802780064052
-0.201722256115436 0.237105284741313 -0.00493189853639721 0.0730685669444557
-0.304038611281646 -0.0187219258912248 -0.0667865060483043 0.0462653290270194
-0.182878219282456 -0.285955860679268 -0.0146868458025843 0.0623158886324741
-0.0364483648923136 -0.380419531402129 0.0174658441335625 0.156084136125874
-0.0317843735813777 -0.259280941096067 -0.138265529557823 0.365420390025832
-0.154312938137439 -0.215498845376636 0.0875388335898169 0.243784180318119
-0.222368056661893 -0.0267844187984686 0.0253794432742266 -0.00355518510464713
-0.149148684571278 0.141350968384843 -0.0809086727167506 0.0174251731955945
-0.0390042103437078 0.186095370937315 -0.0545961007722173 0.154000386419052
0.0582700164480621 0.178655974340362 0.0931958068955813 0.221093097669897
0.132452353857268 0.134020582172263 0.20951342641603 0.16113196148421
0.132591059204946 0.100399489249693 0.233702918186748 0.0918666762775731
0.121607544986452 0.110547204818312 0.208497028731415 0.107320234830146
0.0601007322894192 0.169326553578396 0.143690606790435 0.134346367346693
-0.0432085180264106 0.165150113720187 0.047456923666381 0.136997715685468
-0.126675733992978 0.119855251571817 -0.0150643808237497 0.0804870373660882
-0.166967178700246 -0.0163709106085313 -0.0515272190111525 0.0480244379979418
-0.108618364835018 -0.167187451536734 0.0143512244777124 0.0931742033236981
-0.0501990858670882 -0.246494541483151 0.0207272285452771 0.249228874800473
-0.0555461082730221 -0.106815260410981 -0.136672731275359 0.463856553937486
-0.0881625930732085 -0.0600282278367723 0.123930057682269 0.302701833007485
-0.0774117658593287 0.0182335978834632 0.052878213500258 0.0262764866290839
-0.0290710279117534 0.0413577884577368 -0.0612632029153546 0.0228351527940252
-0.0189910335917662 0.0537953759551698 -0.0521589770309762 0.169313855766093
0.009484163548874 0.0672418271093687 0.107848059718677 0.248907539593488
0.0369392335649419 0.0667730949377288 0.237423091010989 0.190607647105789
0.0334604496678507 0.0571160568667329 0.266245067782535 0.122719451876711
0.0249769039813918 0.0627441250856667 0.231937138976549 0.138901646591028
-0.00126589380032551 0.0731617266285882 0.145416240749045 0.172392434290188
-0.0368533555171339 0.0502018319205003 0.0270801100283157 0.158123919784863
-0.0410062828876539 0.00978440221282539 -0.0267749802245672 0.0731249340836038
-0.0320759308944021 -0.00165241724729797 -0.03490615838752 0.0408974220497024
-0.0417858992268416 -0.0378037080487731 0.0306550511051803 0.10236497658457
-0.0608914474846952 -0.0891502226656479 0.0229406164512149 0.290573936743323
0.0700693239024178 -0.0361507138403151 0.130060549138162 -0.28800507387622
0.0289078415750972 -0.0848918665464939 -0.0310522660773988 -0.169214689159327
-0.0619758201100141 -0.0535849993666847 0.0124525709195696 -0.0238280489269049
-0.0809857535777481 0.0429696165579197 0.056251658443326 -0.0156902157878712
-0.0141782241312185 0.0662490618518322 0.0820566267411901 -0.122843979941871
0.0259669639448539 0.0498723258616487 -0.009923451363868 -0.230440943134172
0.0570166917548844 0.0231871593988042 -0.117089891920831 -0.246324052653837
0.066608820869273 0.0249069139020678 -0.167886323309375 -0.230522628373684
0.0627408674143267 0.0389238672112359 -0.137028192010019 -0.253594183881877
0.0210078607777581 0.067941603035934 -0.0207564448624103 -0.255042837136439
-0.0332160868849987 0.0665190155281929 0.0927086889523192 -0.157658425160523
-0.0940955877080133 0.0279052129630833 0.0503722328531194 -0.0308097254427666
-0.0546549323531694 -0.0880550469014811 -0.0164395662431201 -0.0706535244658276
0.066450775145495 -0.0943249846336701 0.0291587543613588 -0.268662040679331
0.0999822750865885 -0.0224560683991338 0.318727121487128 -0.383850569551181
0.132689240534587 -0.150707632335029 0.109884507046822 -0.266067898263627
0.0345456486175465 -0.203947438070286 -0.024850397835223 -0.160151296918264
-0.130635247227416 -0.120503453547127 0.00379895579736216 -0.0411219642581924
-0.182669419152077 0.0634738501683445 0.035570501128378 -0.00997381847126243
-0.0799698677948926 0.146190729833503 0.0806125154794228 -0.095347920283316
0.0155968108660341 0.154044951752221 0.0086127381827511 -0.193719752466116
0.103404132623809 0.122181578284349 -0.0827068095807963 -0.213517359553101
0.126728471202638 0.113922992952431 -0.12803893018472 -0.202985518150234
0.119785760791014 0.136410259272734 -0.109785622457547 -0.215541610689227
0.0241438145916245 0.194512212027406 -0.0158158265426882 -0.219296426516084
-0.104658452978455 0.170500651205022 0.0755384687420457 -0.13652070217167
-0.231470931707639 0.0788564407981751 0.0275878374056271 -0.0289354894810718
-0.180993336386831 -0.175117145331146 -0.043902826540543 -0.0808488961002446
0.0539247758847436 -0.269703360857649 0.00409519093115786 -0.251127347157872
0.178648533726232 -0.194701327065185 0.263785957659984 -0.342773261219326
0.184657798567319 -0.250138153034884 0.0573551371158393 -0.208196172968337
0.0356130886802558 -0.315218615884214 -0.0212907429462571 -0.124237016236255
-0.196483828195616 -0.187108947704746 0.00269843195489278 -0.0576848858775066
-0.276950224128513 0.0771978060088082 0.0112763258410181 -0.0167776314589412
-0.143732192991622 0.214842600691553 0.0582745573633902 -0.064073101907668
-0.00117479470774417 0.24489678802499 0.0153346526292218 -0.129786319118323
0.133190277579119 0.208099434158736 -0.0397142037019045 -0.146876445708231
0.16839037872855 0.185922847630434 -0.0679065364006904 -0.144769285474154
0.161641693282024 0.208919185573728 -0.0630955687089033 -0.145846055937761
0.0309236993421934 0.290907717527206 -0.00188178504113407 -0.151788426414139
-0.152974789267218 0.258962016311313 0.0548539379309706 -0.0918011925239286
-0.335896043319917 0.137519195335068 0.0045236828730171 -0.0153467334209813
-0.296664708122149 -0.22390265129886 -0.0681880906974678 -0.0737182060474348
0.0160625501399979 -0.402763451675721 -0.0212075868778117 -0.196048446468386
0.220150215530713 -0.336512356643215 0.182637278863217 -0.245135817377426
0.214737262567371 -0.323173608694437 -0.0242427844827916 -0.114055622983222
0.0234774946133234 -0.404795111511227 -0.021649431390494 -0.051224129348237
-0.258369128209799 -0.23651516041987 0.00786450072337056 -0.0622852875775556
-0.350030915012335 0.0918381509472096 -0.0166420619118358 -0.0270321784095141
-0.190464664468818 0.265710836146993 0.0181244598429887 -0.0229872921745066
-0.0165774688595203 0.306785963422965 0.0120115835122811 -0.0409121128118091
0.144782091492221 0.266004385752592 0.00762024082080844 -0.0540008140009558
0.185702473282655 0.229526238426801 0.00231652781268642 -0.0652420586290492
0.17844749019841 0.247918332503323 -0.00314715159446531 -0.0580748888448016
0.0338865985811298 0.340909083198963 0.0218367080249417 -0.0624255956348668
-0.174958840734196 0.308227911913554 0.0345969214314361 -0.0261520886506293
-0.38476790379317 0.179686125521875 -0.016375019687009 0.0108781688702575
-0.365293028673485 -0.230979354311664 -0.0840937298237166 -0.0495990087444952
-0.0260795480928933 -0.464448803036509 -0.0365026730177624 -0.112221725826075
0.220872251955764 -0.420016198525121 0.0952187833704926 -0.113408057852351
0.210448513214313 -0.353019207483297 -0.123227836558009 0.00964149061727382
0.000422407372926445 -0.438520042489195 -0.0256623439239834 0.0530799516997431
-0.289689103905594 -0.251325062684201 0.0148182304398938 -0.0494938678903326
-0.370853494882319 0.0977948685484109 -0.0470658241015142 -0.0310073613515354
-0.204481638911053 0.277363045662291 -0.0316400218366062 0.0279248645487423
-0.0248884228950474 0.321895930081668 0.00407976548843346 0.0639285962792046
0.137142479500639 0.283690918769613 0.0535278793251393 0.0541006908294413
0.173466602427192 0.239095814546102 0.0714081844353773 0.0245051223062823
0.163575280468885 0.249481776140836 0.0583613986863426 0.0345724065270952
0.0249653383605388 0.334689083787062 0.0483290767376516 0.0335324465501788
-0.172723847080853 0.299001635890428 0.0171472593562548 0.0468221534213901
-0.363606634332431 0.177648528080461 -0.0328912097464479 0.0404916397460049
-0.353787602708666 -0.202760650914041 -0.087833342841874 -0.0189572876441569
-0.045913826626897 -0.437682948863761 -0.0386283764614053 -0.0216218248981211
0.189761848494103 -0.425892215199838 0.0129800560218034 0.0292087809713747
0.168620913805038 -0.328945245298134 -0.222334090320886 0.145404789474153
-0.0231284781281727 -0.393534164576203 -0.0299188735675076 0.168909373334934
-0.266566134614644 -0.210540383144472 0.0196710642140878 -0.0214893101943264
-0.314942359322425 0.0882368722744318 -0.0718565149324276 -0.025133597679276
-0.176719909026137 0.236306270663772 -0.0789928530201738 0.0806280070275083
-0.0265665832805694 0.280414048697274 -0.00380639689059263 0.165074499165884
0.109755532123026 0.25338601638189 0.0928230977175132 0.156639775743922
0.13623311903184 0.211162414011867 0.131046878235331 0.111451331917927
0.123011549353767 0.214707404828358 0.108993486607988 0.119527331718276
0.00607884052482635 0.275908614154088 0.0663067651622505 0.119674649405811
-0.149677888503895 0.231838273243539 -0.00118446368132786 0.107054780247245
-0.280575787627375 0.126033681961642 -0.0453336429090099 0.0597013018278479
-0.265628897101605 -0.152727573450936 -0.0819949340992466 0.00536131487047374
-0.0387401708556168 -0.339254298818477 -0.0317325301841195 0.0510220291086688
0.135139491743878 -0.35765919482501 -0.0519592357530063 0.151951301843032
0.0937214427354882 -0.248421062459782 -0.29848817129585 0.271462211620247
-0.0425790632011289 -0.268558701699638 -0.0298990717286362 0.26717702534334
-0.188423619947784 -0.124330437802082 0.0246110881911741 0.0153433553119214
-0.194033372627666 0.0609311740354162 -0.0797068012107648 -0.0137227854722502
-0.115707386316595 0.149809716806765 -0.110009598863511 0.118577289461447
-0.0221710321097473 0.187387387333466 -0.00866716864661726 0.239852086535728
0.0656941378700133 0.180535292769895 0.120646892951749 0.235135942056189
0.0780730742720237 0.150974209366161 0.17133424611988 0.181041316392331
0.0629897281525009 0.151825323349915 0.140939833456716 0.184345918996762
-0.0156643787322772 0.179928466614323 0.0689874827416493 0.182023184356933
-0.110201586034339 0.132875138846337 -0.0226152636987243 0.142713553930539
-0.16433930309104 0.053680853910494 -0.0544115127734767 0.0612658554046902
-0.141966480484864 -0.088702374943102 -0.0683127521840347 0.0171942334096175
-0.0234707476315509 -0.19799350271858 -0.0224550285927772 0.0922625739456315
0.0646670211513658 -0.242253857787057 -0.0944786878666665 0.235189144106781
0.00413007338551005 -0.122772563445746 -0.337462865686797 0.362042765609965
-0.0502189827803357 -0.0976524716042483 -0.021077977806035 0.330286416558222
-0.0769204062749832 -0.0184075993722671 0.0350912868616675 0.0491747313268758
-0.043536081394941 0.0228843172065664 -0.0670492436395399 -0.00479885064874629
-0.0390311511256076 0.0394144573225583 -0.120852872402714 0.132739935865814
-0.0184676692299423 0.0645073164985339 -0.0100471848547988 0.273196678829541
0.00784675313089614 0.0785201727352629 0.131970237929553 0.275768681889236
0.0065465206591746 0.0676631534716822 0.187223086234069 0.221815183043715
-0.00285070003962639 0.067731846192611 0.149233032883907 0.223112766326517
-0.0310931750283402 0.0669302255109275 0.0551286160720808 0.21535789004524
-0.0547764275044739 0.029936383559247 -0.0476037382372041 0.151741041470612
-0.0410661812429241 -0.00875574579918911 -0.0581128960665025 0.0494184142694356
-0.0271508966061165 -0.0157628719374646 -0.0496245117575229 0.0205775537102725
-0.0191214886426647 -0.0509848433776621 -0.0158262620446712 0.108062896602955
-0.0138900125369327 -0.104953730119004 -0.114201147415037 0.271225943912527
0.0660915892551222 -0.0397282780110912 0.114395192633945 -0.288432155447559
0.0221698869538573 -0.0844968480815068 -0.0400932212117291 -0.16374910680789
-0.0630138947988554 -0.0476261976803645 0.00946375673904449 -0.0239333753378347
-0.0753569395608921 0.0480758717966987 0.0538969453394243 -0.0161750358222008
-0.00973773679271519 0.0652824013360549 0.0747212878650648 -0.122629487243101
0.0283134744149971 0.0470557876540802 -0.0220471530389008 -0.224515912012776
0.0573624679554091 0.019149676521945 -0.129161722913245 -0.234033610614129
0.0661976582678832 0.019339978312171 -0.176909298829376 -0.215662426264325
0.0640776929855277 0.0328167266472249 -0.148453290482523 -0.240910686792306
0.0251349619366584 0.065612133366455 -0.0353926226664597 -0.250656745944997
-0.0290679240478559 0.0678749994135259 0.0838669246532603 -0.162026638081105
-0.0897393950715324 0.0331977264757397 0.0500257557594551 -0.0333094791558197
-0.0585882291556359 -0.0834206563069509 -0.0154674479570478 -0.0679886081706818
0.0592857281598676 -0.0970249842270359 0.0154857683598427 -0.263652452997168
0.0962643966043324 -0.0280513132926345 0.292112937995036 -0.388775409231843
0.122671608908959 -0.153506650198472 0.0958381155637536 -0.265955848291063
0.0219847383486811 -0.201748573287148 -0.0338219346030188 -0.15572226702989
-0.132413311471143 -0.11007060796196 0.000246410149679115 -0.0401098943595087
-0.172475830273876 0.0730059576271713 0.0342761548649458 -0.0095886892246257
-0.069464933073878 0.147091875478563 0.0742483954403131 -0.0971324404467638
0.0244413957685899 0.149971006357604 -0.00218526941446873 -0.189794607951122
0.108173519729025 0.113320973765618 -0.0935008573245394 -0.204136932519408
0.130526458627181 0.103564057508534 -0.136615770975215 -0.191116064784109
0.125249775807667 0.125413888608774 -0.119794147836082 -0.205107819780785
0.0345119704314439 0.189625598952388 -0.0286403131069176 -0.216024576766412
-0.0941177649714208 0.174110458265904 0.0677409987366252 -0.141042714761537
-0.221369617012021 0.0901753553273807 0.0280766225603783 -0.0316283737979172
-0.186321424446392 -0.162692824259075 -0.0430590872484641 -0.0764083166474083
0.0392646709705733 -0.268108403567957 -0.00744121227412696 -0.244487871758761
0.165868430094483 -0.200047490719791 0.239588120490224 -0.344853142230711
0.169535250175256 -0.251984219106819 0.0464530398989497 -0.207526404082369
0.0178535984964069 -0.311508570804228 -0.0285502110986456 -0.12093082651852
-0.199232050646392 -0.17201227455519 -0.0022500480891237 -0.0563059868787621
-0.264221381854186 0.0917469698245432 0.0100123192924319 -0.0148568170969119
-0.128584715721107 0.218056653124496 0.0534821260808388 -0.0657324140908499
0.0134570283999545 0.239886918359619 0.00810167375844227 -0.127765858445471
0.143338181356727 0.195677127247557 -0.0471316993972113 -0.141432960125287
0.175184533118108 0.171565445870022 -0.0754107327446023 -0.138344016721145
0.169191952149027 0.194325029181037 -0.0695876654266885 -0.139574824908945
0.0468994106629456 0.284068183104539 -0.0116357202519794 -0.151216067568356
-0.13700333555249 0.263239868495541 0.0490569325412914 -0.0962123458176614
-0.320811997798932 0.152486468504676 0.00545496756276245 -0.0178953005362311
-0.301934931651661 -0.204804913399742 -0.0669929179209981 -0.0674128823413733
-0.00376541620121952 -0.397764004800688 -0.0298802429880378 -0.18889144010612
0.200881123554438 -0.340306463195032 0.167835693387203 -0.247783310400907
0.196400577696235 -0.323922765108429 -0.0291235853090277 -0.110966475086942
0.00234671787531792 -0.398844362486627 -0.0261898021809124 -0.0502354877595668
-0.261846447781281 -0.218545262775385 0.00190758754350365 -0.0612759095210919
-0.336064276622146 0.109328761289136 -0.0185434688142745 -0.0233011719530527
-0.171610364429505 0.270047968160429 0.0156856644220206 -0.024266463558922
0.00293210726162739 0.302272741541828 0.0106596506480909 -0.0401643888309446
0.158627590058315 0.251382216253319 0.0049739551513769 -0.0527962368734484
0.194558685699725 0.214032020330892 -0.0027736058063956 -0.0648510519799184
0.187579331427392 0.231260279244791 -0.00657446864201388 -0.0568365424550249
0.0524016953333485 0.332515361524474 0.0160801466277172 -0.0645082409119719
-0.155451703813131 0.313464880002475 0.0323427792458397 -0.0304951546946815
-0.365483481054982 0.196622680755988 -0.0144983910751643 0.0077872913722063
-0.369202770354273 -0.208670442130853 -0.0815845080719713 -0.0430948770673592
-0.0457379429213666 -0.455263867633657 -0.0405699905812585 -0.106076395324949
0.198383422751285 -0.421532376089158 0.0890155854737902 -0.114663758847384
0.191293282446027 -0.353178462606167 -0.121349608189153 0.0151951809697884
-0.0214523118923617 -0.431495401508416 -0.0244667522927971 0.0527202266879736
-0.294293029132317 -0.232034988660873 0.00845735776117822 -0.0482859080400647
-0.357645197528578 0.115652514333956 -0.0487621758407253 -0.0256517615870258
-0.185598797510407 0.28268570549134 -0.0317153437830859 0.0287854041021034
-0.00574453810346315 0.318186078324541 0.00808329493423931 0.0632257697729431
0.151473506359113 0.268825124330308 0.0561932070450116 0.049374249527989
0.183297334662767 0.223670397218676 0.0702061236933881 0.0190210550284813
0.173172416911494 0.234939467469752 0.0590971815900391 0.0302828291524204
0.0434501020382988 0.326828224760842 0.0472693992240035 0.0287656568102113
-0.153498794794995 0.303823556532995 0.0187407844015037 0.0424512321007084
-0.344995999448812 0.19264858693167 -0.0303978800528486 0.0371939128824065
-0.355475636073854 -0.181188322902055 -0.0847612351197664 -0.0125316141344487
-0.0644263663300477 -0.429778253444137 -0.0371940597746769 -0.0177607260161127
0.168845824701932 -0.423624125177131 0.0161438854807419 0.0275961363290501
0.151908095429022 -0.327582410981968 -0.212500707869608 0.1534222563899
-0.0417006846991821 -0.384336629456961 -0.0230773797109051 0.165504915988002
-0.268698315845664 -0.194139413158902 0.0150488916635287 -0.0210645465688296
-0.304293627201292 0.101394075606314 -0.0732069921181077 -0.0190644512722178
-0.161351625664572 0.241765532377132 -0.0760023650229735 0.0822157046908911
-0.0090132169016541 0.276373187250212 0.00631474669550435 0.163465620691964
0.123584472376772 0.241558101031302 0.100608645498033 0.148050677567849
0.145674183698495 0.199306709778415 0.133110498445077 0.100227532353826
0.131394613290911 0.203570555146122 0.113194029775656 0.110784083548758
0.020690267589338 0.270083005234331 0.0702449527067295 0.111780496075542
-0.134941177040608 0.237104603270676 0.00391278423611644 0.103095074298681
-0.267389385154736 0.138367576172117 -0.0418881104075471 0.0566929161442995
-0.266964426357446 -0.136610759208262 -0.0779382590935122 0.0114658664982286
-0.0538653697272772 -0.332023837799326 -0.0262678094356368 0.0528494026824541
0.117798233572247 -0.355700473961931 -0.0413494735581696 0.150967316250221
0.082399713847836 -0.244648345227287 -0.282292216318484 0.279510347041114
-0.0534526097075007 -0.261950374135042 -0.0179671678490554 0.262043563962369
-0.187708201527861 -0.113422889080822 0.0218352489520883 0.0139430390093129
-0.187178233219364 0.0680390774801791 -0.0804983538466636 -0.00746682721200307
-0.105535567472588 0.152785931942325 -0.10442820205672 0.122009276193866
-0.0108268459814073 0.184976881418761 0.00581956735799319 0.237171508186922
0.0754179228452687 0.172327892863335 0.132997199797701 0.223858260014688
0.0846497228102168 0.143850410680307 0.176632839444855 0.166245248960393
0.0691399566700537 0.145459338124071 0.147897470470493 0.172403558765936
-0.00613547031017535 0.17731861026806 0.0766152951254141 0.172809720489012
-0.101298350694365 0.136308131729073 -0.0162370808576144 0.139668356821887
-0.156998488927454 0.0603242426739912 -0.0504892962780992 0.0591230017512809
-0.142113949947343 -0.080462906345975 -0.0652868877013597 0.0210942814723227
-0.0311616339352363 -0.194128442654721 -0.0153014377600556 0.0932515528988076
0.0533265146441341 -0.238146033328517 -0.0786069667642804 0.233664652795052
-0.00115994093041139 -0.117822445869503 -0.315297513906177 0.368631711486542
-0.0526044036075132 -0.0934901374609284 -0.00728685928981967 0.323562241818986
-0.0744455200062808 -0.0147249026528644 0.0339899931753107 0.046885322554136
-0.042460432259125 0.0222591343621825 -0.0678496242133219 0.000154288175325561
-0.0367091262926863 0.0405855890236085 -0.113375644906195 0.137174234047794
-0.0140550172978977 0.0643984874267113 0.00599463487717754 0.270278280653138
0.0124406458279031 0.0757884693812964 0.145496994799478 0.262428804769414
0.0102489298254856 0.0668603179672182 0.195139037651161 0.205591301280039
5.09585432976068E-05 0.0679031701038595 0.157449073224809 0.209551439670752
-0.0273466741822644 0.0674397272326278 0.065339919303651 0.207436330742767
-0.0523761198500997 0.0320537415214973 -0.0396293755770218 0.150590913223572
-0.0409218145356496 -0.00743877334485818 -0.0542117306512645 0.048450724088678
-0.0263064825387861 -0.0148271664327323 -0.0472078801309082 0.0231186923070916
-0.020042414623584 -0.0498599853619772 -0.00821629763769697 0.107655893573057
-0.0176609921576367 -0.100258295738444 -0.0968108466527074 0.269923257991097
0.0615666219208725 -0.0410222184397582 0.103431105026194 -0.284408005667607
0.0161980959707927 -0.0826423556950995 -0.0457252657852495 -0.157705754315327
-0.0628112571481422 -0.0429675532439406 0.00716207335140682 -0.0236418054337019
-0.0691345391145557 0.0503646037541734 0.0517906774248628 -0.0153939357064421
-0.00617752941878287 0.0634601501171502 0.0697598078028528 -0.120118366368278
0.0289816725121328 0.0442058441441782 -0.0296054679771042 -0.216276619159885
0.0560055178940365 0.0155233432653916 -0.133605448790294 -0.221989583638228
0.0646003588642075 0.0154090635974189 -0.178666362231361 -0.202207136988184
0.0635934386278523 0.0284963359033075 -0.152512614082103 -0.227813648918938
0.0278200553446814 0.0630559686340074 -0.0446143321943975 -0.243356179634586
-0.0261536297622618 0.0682380056462734 0.0767539860677392 -0.163467916727628
-0.0854660904293843 0.0355409332276056 0.0504351990845912 -0.0343868503400802
-0.0608843650935135 -0.0789178785947646 -0.0136093241874959 -0.0660616860170189
0.053192780214446 -0.0967681433272058 0.00778190623796289 -0.254089829481346
0.0921539168285432 -0.0313900820917836 0.271496816562142 -0.383683879200418
0.114593979055035 -0.152046993399021 0.0856350720920094 -0.261576404079114
0.0130370514131175 -0.196552978456681 -0.0389387246129234 -0.149783189773308
-0.130742546577485 -0.101258352786417 -0.00258892752078479 -0.0393977536561718
-0.162356228203361 0.0780179930711281 0.0328052529290974 -0.00848246286625834
-0.0610753942206375 0.144782830943814 0.0689097087133936 -0.0963126191717609
0.0295918491366076 0.143740451160846 -0.00914021454629742 -0.183323813637975
0.10996992116954 0.104870626214544 -0.0981235170102851 -0.194238931321601
0.129800043944068 0.094166759440638 -0.139350682824814 -0.18034851027576
0.125949747896943 0.115529013623212 -0.123021630382791 -0.19426040955925
0.0417174088082783 0.183563816595667 -0.0370428814001519 -0.210833737698486
-0.0857301233150575 0.173811260523058 0.0615852808979927 -0.142301587492006
-0.210899083692816 0.0952303764997642 0.0283319129470642 -0.0329476425483431
-0.186526359462682 -0.15176819278567 -0.0402350080217796 -0.0725393086500729
0.0288593567483348 -0.263482164818912 -0.0143208722662934 -0.234857507788325
0.155683371226052 -0.199876408737348 0.223019449825738 -0.339002034025084
0.158257468735049 -0.247498733130363 0.0391350808675292 -0.203012329107797
0.00596122682331054 -0.302982796837133 -0.0336243999106267 -0.116508941784986
-0.196719710818573 -0.159866141314345 -0.00606350605247121 -0.0542305445880356
-0.250561347704286 0.099015962986387 0.00923644887911524 -0.0125891822774007
-0.115775505845424 0.215925222350525 0.0492948255895779 -0.065783021648672
0.0229744123021219 0.232038599799759 0.00317974554656806 -0.123968195844014
0.147044563443321 0.183411736173402 -0.050615580155643 -0.135434737171543
0.17579946045418 0.158398406885142 -0.078190537330907 -0.131071833355603
0.171126262453941 0.181502068732532 -0.0725591238023553 -0.133045281466938
0.0567445548826723 0.274526939931439 -0.0191507348301308 -0.147974199785335
-0.12498105432304 0.262042307619584 0.0438815971143014 -0.0982557556373621
-0.30488531899749 0.158581008197397 0.00599986258168131 -0.0197294882770818
-0.299925747599458 -0.189530834108959 -0.0634442982086454 -0.062693058650368
-0.0163509736390889 -0.388369988722618 -0.0341587759361681 -0.180532589481224
0.185863105721378 -0.336546840198196 0.155460334942398 -0.244141639475534
0.182016468421074 -0.31805711746637 -0.0324103600166579 -0.107260455141609
-0.0112241187634578 -0.387676260876929 -0.029045613306703 -0.0481553554729458
-0.258279704287259 -0.204335892686215 -0.00274467542306403 -0.0582278843564752
-0.31975515451924 0.117014021621496 -0.0191833946966068 -0.0195801945450945
-0.156546534993016 0.268721221234569 0.0126287879890713 -0.0246453603100789
0.0150893140237928 0.293164091625654 0.00904015161125287 -0.0390232775343607
0.1638050115451 0.237022586768911 0.00320135092323721 -0.0518878830044955
0.195961954236005 0.199014524566495 -0.0062102909669596 -0.0630394496924325
0.189787129288369 0.217184552847605 -0.00821999819775608 -0.0554839011162837
0.0637732703114127 0.321161374587879 0.0105032740492923 -0.0651065106918884
-0.140979724789136 0.311060052204728 0.0293432617870448 -0.0336555346569529
-0.346691200759987 0.203732385403389 -0.0132613286113499 0.00470006259402653
-0.364620035791581 -0.191127744036554 -0.0773114290826814 -0.0378645643425297
-0.0595938863332784 -0.4437256532479 -0.0404745170075385 -0.100312323813465
0.18177801559162 -0.413628312626201 0.0843632465876985 -0.113423160162882
0.178650855720273 -0.346828486721892 -0.118358180981255 0.0178046982214915
-0.0337135750395857 -0.420103636710669 -0.0247560577514367 0.0515837823854512
-0.289093337007657 -0.216093580713515 0.00409331352007811 -0.0464271689674905
-0.341000396374982 0.123117742044758 -0.0490265228082195 -0.0206614990548485
-0.169560175429129 0.281681362857524 -0.0323832066440702 0.0280927325188245
0.00777837111049037 0.308677469864598 0.0109844489919424 0.0617355280264185
0.157711567886971 0.254698129938417 0.0572002889814329 0.0459915898447775
0.186128982385008 0.209705492562669 0.0671746561080373 0.0150063304989224
0.176812980528477 0.220730582818592 0.0580707260741281 0.0264036139338856
0.0544822486161277 0.316149361391945 0.0447980899814297 0.0244248862279982
-0.139068122357053 0.301838766738108 0.0186279472266464 0.0380287970929181
-0.326585609500443 0.198525262470462 -0.028292734459735 0.0336785787960162
-0.351666812368234 -0.165156689662612 -0.0800294980582127 -0.00810105173186701
-0.0760308422139539 -0.417398884933868 -0.0350030868327154 -0.0144099998579268
0.153202085938779 -0.415941418968078 0.0183847227664551 0.0257453745716459
0.140119050928358 -0.319271187479161 -0.202131759512159 0.154942283195714
-0.0512163995497601 -0.37426322790854 -0.0195856300037226 0.161230841164274
-0.263837479367867 -0.181273309377068 0.0117201502409218 -0.019741564697259
-0.291610314155576 0.107243992758776 -0.0727202511865982 -0.0137379511577931
-0.148356576318494 0.240372952214233 -0.073826425583572 0.0827946256038418
0.00200337362127978 0.268850525187481 0.0126735274302373 0.159651357866048
0.12977141738037 0.228484174066183 0.104206832840234 0.139349570726957
0.148592331970483 0.187426864905796 0.130936441488111 0.0915524564463188
0.134427323713991 0.193204474465101 0.113452531926904 0.101954143882472
0.0303318490042217 0.261769169071701 0.0702878076549581 0.104796042201708
-0.122487475878328 0.236104919591738 0.0062260403583671 0.0984721296105333
-0.252833428413985 0.14347165282297 -0.0394259705994563 0.0534472523520168
-0.261825473211035 -0.124037669815812 -0.0740387527689589 0.0142946838351903
-0.0617403615253711 -0.322272484512797 -0.0218416624618293 0.0536302319123182
0.105204529648833 -0.347944090252654 -0.0336042718490102 0.146117839182938
0.0749182448252904 -0.237769135904279 -0.266695649158165 0.279321873872297
-0.0580122349128325 -0.25332651629658 -0.0117517822484441 0.253988770540688
-0.182689811982811 -0.105360201267999 0.0192621503893815 0.0139705125081787
-0.179979965927779 0.0706711175210585 -0.0801815641976064 -0.00324102449759447
-0.0978099385244884 0.152435112458512 -0.0999653861817127 0.122307674862848
-0.00283476971475126 0.18007432194085 0.0154523058488861 0.231212262512742
0.0809211846345739 0.163586126839558 0.138054701541378 0.211884337496107
0.0881988123943228 0.136363178947831 0.17662353520155 0.153390852775995
0.0722266317298047 0.139968296629989 0.149235852868091 0.161505380431758
0.000282073201207525 0.172478112394224 0.0792303550995661 0.164281804727623
-0.0935847631750883 0.136239990650438 -0.0119838557763341 0.135093460374047
-0.150047973245482 0.06356118062709 -0.0480347783875084 0.0564090061088492
-0.139612711642934 -0.0739805732313165 -0.0613565455679889 0.0236617546589266
-0.0353396446421636 -0.188573272836006 -0.00951290286072989 0.0916584507389443
0.0461369787834494 -0.23081695387811 -0.0667191951626652 0.228043525694526
-0.00314065047069968 -0.112291777232979 -0.296070719165457 0.368455016017457
-0.0521617870725432 -0.0894425397369146 0.00200768309959957 0.312655118416125
-0.0707584246555676 -0.0129134176229293 0.0323075070583185 0.0452481098479952
-0.041270228376699 0.0215536145847212 -0.0677834682562354 0.00387361687855277
-0.0347069957450594 0.0410401165530218 -0.107040855279764 0.13799669756659
-0.010952456121796 0.0631530853449009 0.0170117971337192 0.263573176166002
0.0151898708220591 0.0725442263209494 0.152185618178398 0.248953374673232
0.0125338227964517 0.0653859899164059 0.195212876753631 0.190778752283862
0.00246644309983339 0.0673931485398954 0.159658073701118 0.196157414223635
-0.0246710368668427 0.0671027888366436 0.0703754941623139 0.198422613156367
-0.049895315281686 0.0329829819031781 -0.0340699996081356 0.146676605139926
-0.0399873479519044 -0.00645694000876232 -0.0523798221996576 0.0462342763230214
-0.0247759858872281 -0.0142783321196247 -0.0448453972183714 0.0242827774359796
-0.0198480023338264 -0.0485145832290774 -0.00199094736390822 0.104966893544363
-0.018219588312643 -0.095413138373077 -0.0839709598544986 0.262378557040562
0.0584550630212444 -0.0414360055713399 0.0963656449938177 -0.279667389868247
0.0125074704275185 -0.0800158632348225 -0.0485527792200234 -0.15248559764704
-0.0621142474750165 -0.0391546812979201 0.00559327140278915 -0.0229954921113447
-0.0643083043754143 0.0518520195604633 0.0495043509679253 -0.0139559449432968
-0.00369433288207141 0.0617524518375699 0.0665968727300707 -0.11752052854492
0.0295030231714772 0.0419924244080861 -0.0330469947515668 -0.209483863724302
0.0544443061827384 0.0134994993905908 -0.135451397028271 -0.212686725431772
0.0626466256314024 0.0124527854448618 -0.178425801766088 -0.192198614121701
0.0621836874607387 0.0249940468889106 -0.153899832787114 -0.218980691708339
0.0293854904432656 0.0609353086705772 -0.0504587923410235 -0.238404351411478
-0.0242381836716669 0.0677000247496437 0.0717648287892934 -0.163794218021924
-0.0825004969692554 0.0367593204523408 0.0505617436424615 -0.0356268985726202
-0.0617204281266407 -0.0755005290862743 -0.0117043827142512 -0.0652298028581235
0.0488591269293473 -0.095713433933232 0.0037378572631411 -0.247110744316097
0.0886447832674022 -0.0331915897824301 0.257086714339196 -0.375675344103748
0.109365311268104 -0.149884124052503 0.0790481582491833 -0.256893381401192
0.00764997336226992 -0.191193128225081 -0.0425918666925156 -0.145370652084309
-0.128524808302911 -0.095373914256771 -0.00467785806723819 -0.0380958220152299
-0.153621086696915 0.0804755790683661 0.0316745962182728 -0.00668231204057268
-0.0551689573455153 0.14250738155967 0.0653371640499395 -0.0944531243371169
0.0326601206515512 0.139619944176028 -0.0124413988456541 -0.178022314482935
0.109266924535639 0.0986528246094508 -0.0995836610489179 -0.186959633870594
0.127909893189401 0.0876490190133158 -0.139941193451437 -0.17204528438215
0.125363416637566 0.108572414299689 -0.12424741114404 -0.187014431399887
0.0454968710154381 0.178044197652587 -0.0430044561232582 -0.206706947119595
-0.0803440522873805 0.172477345987893 0.0571239744877682 -0.143143445827017
-0.203457073540845 0.0968859449877106 0.0288214728529333 -0.0340586396071993
-0.185638629612531 -0.144945729009147 -0.0374668714761462 -0.0703765104461914
0.0227422095153365 -0.258925802427476 -0.017425216819092 -0.227326064254519
0.1485470494636 -0.197984089186557 0.212406644550224 -0.333881822803357
0.152277468880477 -0.243441671278274 0.0348162081609156 -0.199170410022953
-0.000928419304992275 -0.296181020310572 -0.0365505155993803 -0.112969258535966
-0.192764820682495 -0.152372490649201 -0.00814158204579776 -0.0528839334521186
-0.239604924901884 0.102069610619925 0.00859202488314581 -0.0102155862814692
-0.107073233358895 0.213249442832009 0.0452784596502865 -0.0651652903318025
0.0285715612063085 0.225620520462934 0.000902368503206799 -0.120331820839868
0.14804560238808 0.173856700474003 -0.0512301590896923 -0.131239019930611
0.174309872933648 0.149813702155954 -0.0795057663821519 -0.126206624959783
0.170474292855751 0.172015427571855 -0.0731453418961579 -0.128508416329925
0.0618777797115066 0.266709057768619 -0.0241335154319778 -0.145875803266895
-0.116423421122835 0.259833019464254 0.0399973505452106 -0.0996393015134947
-0.293177849914651 0.16115447527186 0.0062500240987289 -0.0217796996299965
-0.296229611081808 -0.180125618742967 -0.0598135830798036 -0.0596776238169473
-0.0220929012663339 -0.380970444947047 -0.0351284968327558 -0.174222524627244
0.175988126379462 -0.331306662150642 0.149394434110843 -0.24000988381245
0.176500274234484 -0.310749106383227 -0.0335828772609898 -0.104474642293979
-0.0174901731996895 -0.37901995128777 -0.0316507079983275 -0.0462858785149639
-0.252952264709221 -0.194711774963812 -0.00544143219625363 -0.0565428112163966
-0.307427609472752 0.121051354945563 -0.0187391337694826 -0.0168905275861037
-0.145888380084744 0.265807102005764 0.00968322850377483 -0.0246627148860492
0.0225121389437609 0.285682210864993 0.00832418852796718 -0.0373227854845937
0.165931589062021 0.225626447179672 0.00306846496527006 -0.0510173833818754
0.195131789381007 0.18896366912084 -0.00827114147009113 -0.0619344700400404
0.189375433601052 0.207047087611565 -0.00853299025208739 -0.0543027169734934
0.0699177539668249 0.313045833700109 0.00630784704573818 -0.064946911159836
-0.131831798057265 0.308228718441077 0.0268856558287442 -0.0361655359749164
-0.333047802377457 0.204953171439043 -0.0134364824202646 0.00208382209587785
-0.360020370475693 -0.179746276317401 -0.0733773303836165 -0.0350336754376082
-0.0660342446477745 -0.43485200758613 -0.04066173740776 -0.0957900127172892
0.172137088441856 -0.406597826134201 0.0818983910294738 -0.112547447348459
0.172315400400312 -0.338104555365697 -0.116374524409464 0.0189157843283026
-0.0394075006231153 -0.410808160064067 -0.0262286429618345 0.0507756731994525
-0.282905659211112 -0.20767161300121 0.00122072217477104 -0.0442904115842543
-0.328614177271738 0.127487844003718 -0.0482218324875228 -0.017301282359354
-0.159263557035691 0.278459283889129 -0.033595081156299 0.0278457118037113
0.0155970218981112 0.300791872053257 0.0128320968041102 0.0611964752921664
0.161648439908095 0.242446978254229 0.0575665571258705 0.0427657184571564
0.186295101282347 0.199350722426272 0.0647179089935054 0.0124813932791683
0.177199832879225 0.21161535831492 0.0572335400859423 0.0244312157785651
0.060564864717154 0.308075745396134 0.0412902777673522 0.0216841762976819
-0.128691074232826 0.298777348749453 0.0169771819378475 0.0347579234167235
-0.313258585864704 0.20053119625919 -0.0281866419580671 0.0304587424534042
-0.345173453720971 -0.15528685772136 -0.0757600361941882 -0.00572463098670162
-0.081422895736628 -0.40868883451403 -0.0325434187683265 -0.0121655558522407
0.143630017906385 -0.407420504088452 0.0203853176011033 0.0238896450953067
0.134614349107041 -0.312002173005791 -0.196334141516079 0.154623194640482
-0.055716364201657 -0.365855046812431 -0.0188814831107758 0.157303094400342
-0.258038697697489 -0.174047129253711 0.00836805964980663 -0.0183172076523432
-0.281719188706118 0.109245783211261 -0.0721367363236934 -0.00999496451487224
-0.139111207895339 0.238346007271966 -0.0736625543046763 0.0820155225149167
0.00975925395822166 0.262319094569297 0.0168502827302518 0.156507271152472
0.133067165726928 0.218646118461012 0.105891582998991 0.133584779290344
0.149115411401122 0.178955297322861 0.128286742154278 0.0855082508133912
0.135533912879813 0.185729740896794 0.1128610618546 0.0969112663164306
0.035600160935322 0.255363297340157 0.0688276986183511 0.0999438995356534
-0.115191968687917 0.233542653734361 0.00667305018496186 0.0948272063849283
-0.24224829717593 0.144897598250654 -0.0390613209511153 0.0495628112711621
-0.257168430398409 -0.116591470219838 -0.0698214012038949 0.0163876740098727
-0.0656203157180576 -0.315871161973475 -0.0185949333120329 0.0535693558862937
0.0986562775835699 -0.340206122823017 -0.0285881243244168 0.142057353076893
0.0718556448654075 -0.231026144446406 -0.25749612247932 0.276861446961208
-0.0597300526852876 -0.247823459232191 -0.00863199449308077 0.247490384783719
-0.177782440907883 -0.101594423783905 0.0169576135976633 0.0145125985956769
-0.174088955073262 0.0707022270424193 -0.0793062883085512 1.74033108857477E-05
-0.0925265388668759 0.151335157595949 -0.0978893022773285 0.122262390401643
0.00186085683209196 0.175598363299234 0.0213560162572114 0.226884096432689
0.0828526705907241 0.15636514571781 0.141111229616411 0.20268890870357
0.0892841589081134 0.131146862501857 0.173931050807239 0.144344298491244
0.0741286613852127 0.135025762308876 0.148753721415897 0.153318816339768
0.00384673674545348 0.168905888193047 0.0799761600120201 0.158031017129323
-0.0884531508548324 0.135161125363129 -0.0100842275790124 0.131347144254116
-0.143717961058925 0.0642758876286384 -0.047520255315507 0.0527855647337342
-0.136434653690619 -0.0699077316005906 -0.0586881019207695 0.0250206402995664
-0.0368566056078634 -0.184365253369321 -0.00578593602510022 0.0897538701113791
0.0429664244534073 -0.225305777887825 -0.0601676883705802 0.221324811638923
-0.00331453327376212 -0.108091855390225 -0.285372444832832 0.363081160772575
-0.0505132781219745 -0.0863906910109141 0.005722983815034 0.304191552956409
-0.067383458025501 -0.0123405582310888 0.0300935927896225 0.044627005014341
-0.0407678634616665 0.0199116527387538 -0.0673838568723925 0.00585043791547275
-0.0334222923099445 0.0406947513572738 -0.103788631882313 0.138020800505698
-0.00914317998449895 0.0615111431980913 0.0230603071678813 0.257778668125179
0.0166835262370743 0.0702161456635701 0.154890711526546 0.238908805901155
0.0143807543171533 0.0634709568983663 0.193166350814129 0.181031321860104
0.00422930800308162 0.0668562460744023 0.159607328481162 0.187391132074514
-0.022838294939814 0.066484190232968 0.0727865531045586 0.191576360765058
-0.0483468978923998 0.0329708880386443 -0.0309807990208273 0.143173600536409
-0.0390568000214604 -0.00653910483162985 -0.0514369501738935 0.0434386411809783
-0.023662040763319 -0.0143442675767193 -0.0427965399445319 0.0248390009965026
-0.0192535742613371 -0.0475725342814232 0.00216122593698006 0.103010269064248
-0.0179986239945014 -0.0916180815257882 -0.0766017136782501 0.255853923325844
0.0560795891870141 -0.0418117092933075 0.0914946379535691 -0.27671811527237
0.00971612643421496 -0.0778217205561552 -0.0512792419426212 -0.148992347931011
-0.061074613946523 -0.035854925849316 0.00362416666756009 -0.0226769174347267
-0.0600681530819452 0.0527085476935736 0.0488976188383338 -0.0124166807496073
-0.00206747850704547 0.0604259750346108 0.0653672354063988 -0.11591716082111
0.0299255126147694 0.040765670556105 -0.036094161924408 -0.205469335298115
0.0538618113058951 0.0117391663137229 -0.136340468211723 -0.205632708364617
0.0613459249694512 0.00999478414217254 -0.177836953276651 -0.186184994478664
0.0613810769348384 0.0226627201232183 -0.155155318504606 -0.213135421995728
0.0306619350396071 0.0591140247948127 -0.0556991884938342 -0.23554944972184
-0.0224472627180024 0.0682475514691508 0.0678022847394713 -0.165494548461593
-0.0804620015809014 0.0380853446545141 0.0512785029540697 -0.0366346293981181
-0.0625805641027615 -0.0732198700902492 -0.00949013477589807 -0.0652486125320716
0.0459128232205934 -0.0954175289732213 0.000201097448297644 -0.241023206843832
0.0853591354018117 -0.0342404424451083 0.250247384346255 -0.36995856748528
0.106117044949453 -0.147965812262299 0.0747852851681338 -0.254022415364744
0.00329815734334542 -0.187887317397516 -0.0456224367154383 -0.141082481755757
-0.126045307255836 -0.0913987679212649 -0.00649929167385063 -0.0375257236329067
-0.147202574134022 0.0822429930584138 0.0311248092248374 -0.00492762925204247
-0.0508957635376391 0.140687218722913 0.0631844290891298 -0.0937365024852938
0.0352812112600481 0.136539830432965 -0.0150811948160054 -0.17440445603819
0.109357771075377 0.0939243347248287 -0.101271086622962 -0.182009297549425
0.126748513370182 0.0833674035482283 -0.140082997312186 -0.166698135851835
0.124746821322127 0.103710192768208 -0.124903682541894 -0.18208531462658
0.0486510462563306 0.174928393910961 -0.047816649683458 -0.204606718911549
-0.0766644174892501 0.172449843785817 0.0528934976323703 -0.145288220650939
-0.198249522560648 0.0990170248456569 0.0290563474902069 -0.0358269679422809
-0.18548726469181 -0.13995743803353 -0.0347823211112368 -0.0697272653029387
0.0182570126226615 -0.256727693929068 -0.0195364969055011 -0.221748019018214
0.143854409309116 -0.196802983167378 0.205042506149116 -0.328990928797464
0.14860207659341 -0.23965625495242 0.0310086386538473 -0.196065591975199
-0.00621846641417516 -0.291142257463793 -0.0396573733827578 -0.10955403079925
-0.189855086920881 -0.146648330417152 -0.0105223892238339 -0.0515308606332291
-0.231652655124518 0.104746384081266 0.00810364703980471 -0.00793419177836522
-0.100289833598881 0.211452199741679 0.0427452397710012 -0.0652003331271218
0.0337365275314562 0.220775457157781 -0.000881719592356993 -0.11768707201697
0.148420565254627 0.166573031589057 -0.0526683844943882 -0.128688192456345
0.17384332033218 0.143457288249459 -0.0808934546258319 -0.123166595378493
0.171027727337511 0.165596784003318 -0.0743815785368752 -0.125852322749196
0.0664766269927016 0.262734483197299 -0.029275957948815 -0.144605210063586
-0.110885582313216 0.258853545943336 0.0363870986526274 -0.101606004403182
-0.284769297581418 0.162996433432158 0.00609789833869797 -0.0237147039908196
-0.294492181927763 -0.174152849989013 -0.0568177579487381 -0.0580001765106503
-0.0276951035136372 -0.377450119573188 -0.0361637267667677 -0.169409968213725
0.169809064262179 -0.328177583540072 0.145483192741421 -0.237966303222706
0.17199334431404 -0.306347515503474 -0.0352211019637285 -0.102387016820614
-0.0247807704278687 -0.372411908552622 -0.0344608189508115 -0.0441020481799998
-0.249216189537754 -0.18889897745302 -0.00816594883523984 -0.0549508726299283
-0.298125527578818 0.123700692870431 -0.0189344709977958 -0.0138720995717064
-0.137946716834592 0.263793140662188 0.00655215335538865 -0.0241678984325776
0.0288591170379439 0.280628551578717 0.00832617134654522 -0.0365198210507918
0.168522779603924 0.217381204652776 0.00284165078597322 -0.0510499444726935
0.194765579930835 0.180866028706289 -0.0101405617904016 -0.0607696686322406
0.190712229733918 0.199749867741464 -0.00980190263932752 -0.0541293042679139
0.0750263853163528 0.30770801964449 0.0023058672020813 -0.0650978198423943
-0.124221611307802 0.307624764284184 0.023885843310441 -0.0386583074701938
-0.323346993780648 0.207420915813248 -0.0136305439131007 -0.000247790974549704
-0.357020892998347 -0.171715890226716 -0.0698144181162211 -0.033662150999
-0.0711695338805881 -0.429183748943823 -0.0403353100312416 -0.0925192758573832
0.166405408675539 -0.401565520497171 0.0808540467737841 -0.112194212166572
0.16776227281254 -0.333051806009556 -0.114851145073033 0.020258606043602
-0.0440817798324045 -0.403859237543309 -0.0278018988277648 0.0507377219472716
-0.279520554951413 -0.202108228079993 -0.00133222682680584 -0.0430564719489475
-0.319559783588906 0.129056837688892 -0.0480363455635631 -0.0139586731601226
-0.150909015900112 0.276836647161786 -0.0357445459105873 0.0284436244713711
0.0226784979332256 0.296280331269506 0.014472903664077 0.0612669230235404
0.163413738076805 0.233927953052128 0.0587811201766985 0.040440970740511
0.186682080712657 0.192358435411878 0.0619800903629283 0.0105447087558308
0.178498901584418 0.204410021869911 0.0568447508662473 0.0219869088251788
0.0656945618461807 0.302843441102047 0.0380082278454853 0.0202126079037909
-0.122480903144752 0.298219337051674 0.0158343205743514 0.0318785937324031
-0.303810622388136 0.202738323187269 -0.0287296147944607 0.0277274339625647
-0.341356199506748 -0.147635592509937 -0.0726907976170346 -0.00379244738142287
-0.0856088210163288 -0.402754897136115 -0.0310248990615262 -0.0111305924722194
0.13787809203113 -0.402202401752333 0.0215696033850265 0.0219166534862137
0.132411790299189 -0.307349964590167 -0.193575638735305 0.153708052325484
-0.0591331315907252 -0.36140424757378 -0.0186495643115209 0.156423879940183
-0.253674371708025 -0.169893647567264 0.00620047499368541 -0.0174444039690509
-0.274944698519462 0.111039457193893 -0.0717806307319506 -0.00755414136241945
-0.133007740399451 0.236930127597911 -0.0740959723954106 0.0830434347329799
0.0159011535309213 0.258035550554879 0.0203685924616702 0.155034556076387
0.135137393157942 0.211294357143126 0.108135113181754 0.129037040639459
0.150259816031398 0.173147569465026 0.125982907617987 0.0812250834791347
0.137509703689007 0.179969018093771 0.112856913847556 0.0927597236137846
0.0401299478996781 0.25229717107312 0.0678041475555035 0.0963711230888774
-0.10895264706796 0.232312645178705 0.00639663563092054 0.0916389405019496
-0.234566622805422 0.146373059524447 -0.0395677666198214 0.047151629367841
-0.254262877891926 -0.111429478217624 -0.0674273961031402 0.0181576516249863
-0.0685953222806908 -0.311346469606239 -0.0155897686175706 0.0529682251716962
0.0931850856442218 -0.333666788047153 -0.0245637901164998 0.137839736570721
0.0706374536613691 -0.227410967805421 -0.251990634387966 0.274689275242926
-0.0610340084051383 -0.244768496816475 -0.00721888843079935 0.24372614065406
-0.174285657313391 -0.0998644354344409 0.0152736391277338 0.014894049152638
-0.170862945682756 0.0714466016255335 -0.0790663290426889 0.0017436086894078
-0.0888447559805195 0.150666596440617 -0.097618408116734 0.122670003207167
0.00594665586845704 0.172526424217126 0.026463316422639 0.224248444361168
0.0850900860343341 0.151711707935122 0.14374664425779 0.196308086894964
0.0902108518892735 0.12712235096906 0.172320251283951 0.138608206244578
0.0755237030847571 0.131946368386758 0.149149050312261 0.147374551103126
0.0068239671612182 0.167311519828308 0.0802007723954975 0.153667063449393
-0.0841815375365249 0.134975602804047 -0.00900277039152158 0.12853293758357
-0.139306238415892 0.0646425609956693 -0.04759868208667 0.0502448128016841
-0.13425560610751 -0.0671452657938959 -0.0564325244994476 0.0260704115404633
-0.0388468125771591 -0.182977633462976 -0.00226147956186189 0.088343525089228
0.0404490519192881 -0.221173327426323 -0.0547079887994067 0.216216785180601
-0.00278156894326453 -0.104601111712424 -0.277849145088006 0.359640893307756
-0.0495738462506535 -0.0857750525423522 0.00873248586872835 0.298637469848327
-0.0648564737981984 -0.0131200776141561 0.0288540311492717 0.0445012815236219
-0.0405534596847853 0.0190774843519915 -0.0673673598619018 0.0074907011322129
-0.0325833570523366 0.0410794509997388 -0.102031036313115 0.138704562155907
-0.00755571533498698 0.0603083374106986 0.0291759756808362 0.254213360252331
0.0178327338998019 0.0683210361186701 0.158150126997448 0.231406269575373
0.0158806768008709 0.062862675906016 0.19227623037995 0.173908446302656
0.00565855103495894 0.0663294354106736 0.15972222664224 0.180962402253157
-0.0218342339110442 0.0669464410396009 0.0745959906930631 0.186651872704448
-0.0469162965741318 0.0329683362473503 -0.0289008172190361 0.14234972698569
-0.038826107157352 -0.00674142608024977 -0.0510404488819221 0.0417689470519916
-0.0222844315650187 -0.0142472895719384 -0.041555431145843 0.0251431350811181
-0.0183946667062799 -0.0475220305987938 0.00528367334339928 0.100099854779248
-0.0175618614918321 -0.0893218085796133 -0.0707458834145571 0.25099063582969
0.0626293955196321 -0.0250890314735804 0.142528700460497 -0.252021445483486
0.0239687629137248 -0.0705692111467907 -0.0205917413639425 -0.153001973740371
-0.0514267581309453 -0.0434959039065909 0.00767540143607749 -0.0227325151337521
-0.0648239184038452 0.039700603706291 0.0488425299836222 -0.00195898904382191
-0.0131228897443714 0.0586754715698409 0.0854819690565745 -0.0991885678805467
0.020724732603498 0.0465425996627142 0.00430419036957946 -0.206137825717534
0.0484448924655968 0.0218254495104077 -0.0918920413561136 -0.22789674273313
0.0578771166529987 0.0217042138008793 -0.13345729693891 -0.21294311755647
0.0545060751511479 0.033697479261464 -0.106916166217154 -0.235707474466039
0.0171398721165976 0.0637122283697774 -0.00663395061071436 -0.236975841051416
-0.0358709809609292 0.0621170243739135 0.0976518732947521 -0.146217816417288
-0.0849114832006662 0.0188254351025137 0.0570222345341755 -0.0244722855553335
-0.0457838358440947 -0.085159388172181 0.00482741496296316 -0.0688942633993843
0.0615506558102238 -0.0831647518620359 0.0525792684730526 -0.23717437051919
0.0890453322452762 -0.0150473705715316 0.330311104511156 -0.311638101546562
0.131982329532911 -0.115445594207508 0.12315325041487 -0.233364352034299
0.0366665712703595 -0.17559239423351 -0.0129027759613137 -0.143789220305563
-0.101813055337022 -0.108489744627481 0.00323201690596109 -0.041474651889115
-0.15074818505183 0.050951432043592 0.0296206918868375 -9.05059077983421E-05
-0.0742120321611544 0.125423233274702 0.079289268692138 -0.0805782089339907
0.00843737820530161 0.138702304105757 0.0164052396487006 -0.173516715627669
0.0871114124353925 0.110140737973335 -0.0621408406053978 -0.196886076093549
0.106852352387421 0.105928131522221 -0.100633013287121 -0.188366401123978
0.0991845070937926 0.125257000881648 -0.0850042595771724 -0.200196767652538
0.0124692425389111 0.178292867445754 -0.00727519542389511 -0.203747861897805
-0.110069100052585 0.151910655239316 0.076863581462424 -0.126549551071518
-0.208767224181368 0.0514265963801113 0.0314429114439249 -0.0258887236882396
-0.149164799776533 -0.178070652994805 -0.0233662479155146 -0.0795187388691126
0.070304261019229 -0.245546404982642 0.0305099138892105 -0.223891148765414
0.180626731800676 -0.158623617494383 0.276841822126521 -0.28268492936032
0.191897719843882 -0.194584588777836 0.0698386822505688 -0.186062747517742
0.0467717934774776 -0.275778421044811 -0.00925876573415766 -0.110723203656284
-0.150669971551453 -0.174200488457845 0.00319070712327251 -0.0567539539063741
-0.233225714800192 0.0555545117884546 0.00798010465910585 -0.00905026078759922
-0.134857408584513 0.183006216604911 0.05429383038599 -0.0578890894656465
-0.0096019232500044 0.219463212652456 0.0180899808532455 -0.116880803589299
0.111690487376965 0.186965040883682 -0.0256840598629906 -0.134796564704062
0.140870999995797 0.173310866888125 -0.0534947720022986 -0.135204848473985
0.130799511246971 0.193797147950281 -0.0467841192782156 -0.1352536904052
0.0119608995608113 0.265939083340391 -0.00168367441527705 -0.141300955664714
-0.161452159718627 0.228020704307474 0.050513594920911 -0.0850660478176333
-0.30506486259476 0.0936625584400069 0.00363115526304167 -0.0176647624903288
-0.246478261843216 -0.236375671845824 -0.0503162273675418 -0.073193654823495
0.0525935407291461 -0.371675637518013 0.00491848038926174 -0.177281020157384
0.234929999915039 -0.280349926992806 0.197326395924373 -0.20573365365942
0.228579194734496 -0.254741282321256 -0.0121044993696473 -0.108559830762769
0.0444355522059981 -0.358134952775999 -0.0132502419528734 -0.0464905142318961
-0.198791343038651 -0.226405064619122 0.00831941907541993 -0.0606736873993076
-0.299039195612916 0.0608218289443864 -0.017817917132393 -0.0212357811476267
-0.180336907889805 0.224567410894706 0.0118888005105701 -0.0269773196399562
-0.0253226566750572 0.274140567391545 0.010303053410778 -0.0367068611827223
0.121372899167987 0.238807625357424 0.0121521780119545 -0.0470002677306161
0.154224072547305 0.214660517645495 0.00172851594172111 -0.0616479389776549
0.141840988827465 0.230241134426299 0.000927153599453562 -0.0528424075268469
0.011037356813721 0.310722484663567 0.0116482830681819 -0.0579207100361082
-0.183529808276076 0.271815116746137 0.0249575067221248 -0.0247128468274019
-0.350118824369413 0.127086641958034 -0.0225917535027369 0.00178404066625433
-0.306879293358104 -0.247898480808617 -0.070553961314966 -0.0516462221739472
0.0221204328477144 -0.431342951033462 -0.014779566428242 -0.103751704045285
0.248176255320917 -0.351364135323412 0.105854656220619 -0.0966261497161506
0.229746471196562 -0.28168098943952 -0.112763573841602 -0.00471838512482947
0.0301096343871406 -0.39311181357113 -0.0230002987875575 0.0467317714419928
-0.224596364782949 -0.245303483310039 0.0127177708209613 -0.0485394755279388
-0.322302587113671 0.0597529262261813 -0.0467266810783551 -0.0277421247356621
-0.196215716300686 0.234388390462272 -0.0397436549095492 0.0160555446107994
-0.033911564239989 0.287509643879271 -0.0020689814374639 0.0591837741130647
0.114363172593726 0.254556167574755 0.0491448348810942 0.0534018301894272
0.144243469929048 0.223031472212696 0.0564872914313435 0.0213476279389943
0.129334078279769 0.232397120381632 0.0497113189025221 0.0336983197122402
0.00385156070115306 0.304322791383698 0.0288897137605147 0.0311758263483798
-0.179218239247383 0.262756982031323 0.00255633578981516 0.0412610800103606
-0.329560708088775 0.127864823267709 -0.0434382216818301 0.0250255964816175
-0.297372104888656 -0.220849634307171 -0.0792173268834568 -0.0218665975541945
0.00266295417957364 -0.409386259939573 -0.0222997295672893 -0.0207653081936442
0.220903676850669 -0.357865735503693 0.0174217052079104 0.0237563473082881
0.190495126636181 -0.266553169655071 -0.215045040885791 0.110503631288388
0.00875499270803244 -0.35606072212804 -0.0353425333692244 0.148577335693418
-0.20774046053082 -0.211579091719298 0.0144233507084136 -0.0213599907212606
-0.276757935957708 0.0512742737169843 -0.070368638384683 -0.0255565848224505
-0.170822044011365 0.198466794049261 -0.0875907939415408 0.0623645505120054
-0.0336432843764178 0.24863726047131 -0.0134817659514024 0.152278586082182
0.0917099216359413 0.226545467556768 0.0800118599742052 0.148943428728963
0.113200293988093 0.197676804221248 0.10397638254362 0.102190612383223
0.0948442537238607 0.20059552122873 0.0895593517896296 0.11224462075473
-0.0109704558677358 0.24937058995905 0.0416672532673634 0.109715149641101
-0.152871456543315 0.202455429174386 -0.0178952617029997 0.0956861839087973
-0.251744546436677 0.0890361257601951 -0.0568014760483933 0.0399690871979574
-0.220747355171719 -0.16503160966059 -0.076313316789389 0.00211289860847934
0.000982805367181947 -0.31644854332719 -0.0212664598548642 0.0457071164167413
0.164020650934809 -0.301332651751113 -0.0537424712279665 0.128681173315566
0.114303680007692 -0.205308761769843 -0.295903361811459 0.217260703768069
-0.0146214492900242 -0.246802214576175 -0.044389450692093 0.235039885893405
-0.14547405011163 -0.130154451190826 0.013929509435492 0.013468672671884
-0.172752269702965 0.0326252257011937 -0.0794645263643784 -0.0157963286030617
-0.112009459191784 0.124153710504118 -0.117984119893965 0.0983463169162125
-0.027114612708169 0.164602214365463 -0.0192406616799009 0.221670417466003
0.0540774712660463 0.159884718479266 0.101306208864315 0.222026199365643
0.0633128804453463 0.141063050590963 0.136766274694832 0.166385094761135
0.0455328945704598 0.142132983416562 0.113523014079097 0.171958551481874
-0.0263825919529051 0.161969663274149 0.0437792529545799 0.165286329295656
-0.109207263323507 0.112998578057974 -0.0386102781742471 0.125257300680285
-0.145022630893851 0.0314863303476524 -0.0617359532673941 0.0390979456593839
-0.113774561713034 -0.0949491695630809 -0.0639723205148396 0.0133860882396317
0.00339902041543758 -0.184765063844461 -0.0164482704167019 0.083392156700522
0.0883068472653867 -0.203685919104225 -0.101008378112465 0.200332314447689
0.0187219047387264 -0.10447113722707 -0.338624949672485 0.295159169979318
-0.0336523682911744 -0.0938283452215068 -0.0451427399118386 0.290371685997342
-0.0591135033313901 -0.0267345477177723 0.0183149231051931 0.0474502158210187
-0.0420728191440395 0.00868120001440197 -0.0687148618523694 -0.00579237959098014
-0.0386201275848044 0.0296851195312071 -0.125986699335795 0.115688381873191
-0.0190732780385673 0.0541697769559876 -0.0203387498525914 0.253318095199894
0.00525632345490028 0.0679678231898698 0.108491332218116 0.2578877369857
0.00350767765218165 0.0643449227118123 0.149744227494346 0.204385057553822
-0.00812961771017091 0.0651469545705381 0.117346154876221 0.205715409063947
-0.0338463095964944 0.0597276538154914 0.0325674555738285 0.194820966154283
-0.0522171210158289 0.0218157906183945 -0.0586881950563411 0.131616714369526
-0.0355516549853888 -0.0149790189663589 -0.0609318524336748 0.0273566479887121
-0.0174085037690923 -0.0192261043291519 -0.0463285567414373 0.0167239765054878
-0.00593107418162537 -0.0504229923951621 -0.0128607203270819 0.0992661644968135
0.00397103053010391 -0.0895321692290912 -0.124873276692182 0.232276193541587
0.0602627985397759 -0.0251657279580508 0.13708119160683 -0.248971324997956
0.0211489139542873 -0.0678023698676871 -0.0241771271923847 -0.148724971429858
-0.0501563372389334 -0.0397817674833889 0.00669538902452553 -0.0229890927881601
-0.0606654185016314 0.0412606465517422 0.0476737292165642 -0.000478090969128366
-0.0115210340171464 0.0576875666847522 0.0841461303129077 -0.0982128898858643
0.0212700290359429 0.0456170289925112 0.000155830566343936 -0.202229161183379
0.047437806085938 0.0202274447879659 -0.0944206461745737 -0.221103732342027
0.0561653783173829 0.0197471053409735 -0.132910771824553 -0.207463927568024
0.0540575446079739 0.0318421028486296 -0.108815689529012 -0.229721001972554
0.0190002788182207 0.0622986338687643 -0.0123246524376318 -0.233166011904759
-0.0343328293846089 0.0623471919794862 0.0937652166622787 -0.147223312953426
-0.082421522664396 0.0209820848446082 0.0578831877995108 -0.0262424404626855
-0.0470902601735138 -0.0823213810581568 0.00619266965092055 -0.0686723061437766
0.0581856657103165 -0.0829015474793715 0.049290668878778 -0.230633344330881
0.0858121176897175 -0.0153139845561168 0.319861748072207 -0.307419742549944
0.12861900235883 -0.114577714338968 0.117422452914586 -0.229564352795584
0.0326882514453531 -0.171878912125698 -0.0161979405751613 -0.139516998514385
-0.0995291246400535 -0.103408904719148 0.00105295906367498 -0.0406193930250139
-0.144450524612645 0.0527959847662751 0.02900136466411 0.00151124516481221
-0.0697426751700346 0.124015533427034 0.076482913750192 -0.0799054931830397
0.0106892931775989 0.135860180673743 0.0135093355963109 -0.170456961039673
0.0871552551022798 0.106092203905904 -0.0640817495600884 -0.192084703392632
0.106495324420646 0.10119816253045 -0.101888370710571 -0.183630216054582
0.0995466200875279 0.120315270011192 -0.0865450358497411 -0.195148644629575
0.016113091586886 0.174929973547504 -0.0128230062932064 -0.200757837995311
-0.105710640011462 0.152262355474044 0.0730382689429753 -0.128277325801901
-0.204101740042452 0.0548720628360176 0.0316596237142907 -0.0277787876769472
-0.149450830639994 -0.173267715259361 -0.0209485416287843 -0.078117835184654
0.0645151734236922 -0.242497925783261 0.0281399765035131 -0.217946639793268
0.174744702682397 -0.15698695467863 0.26871938522847 -0.278035845431543
0.18740143449482 -0.191697006409316 0.0663817947696054 -0.182518480879292
0.041115100759797 -0.270651767649683 -0.0127060983864458 -0.107331908864645
-0.147986907247985 -0.168436237886731 0.00120998560965923 -0.0557220043773951
-0.225097216637987 0.0589314035371326 0.00758835670860828 -0.00702614818743226
-0.128299215386381 0.181025507125657 0.050609192670445 -0.0576789200818091
-0.00483772818328677 0.214121916926785 0.0165301223903036 -0.114413487286058
0.112520191741563 0.180825785840688 -0.0272938694216313 -0.131702177770752
0.140590599192874 0.166731115833829 -0.0549627848165831 -0.132142161882809
0.131234044818965 0.186556787862726 -0.0478199672696715 -0.132718240532616
0.0169969510916157 0.260721642450712 -0.00721602557633517 -0.138896385310137
-0.155188641173502 0.228100600408894 0.047436737219408 -0.0870924131189618
-0.297098026123699 0.0977910388631143 0.00335628510672426 -0.0195596815259904
-0.24558469620835 -0.227566113671019 -0.0480521956087058 -0.0714234995122705
0.046342608209363 -0.366247260315342 0.0028977447002528 -0.172438781568163
0.227576724740045 -0.275288874595055 0.191348857867594 -0.203708556901676
0.223066907849343 -0.251172206191098 -0.0134292186153491 -0.105299356015567
0.0391742433094779 -0.352557969585401 -0.0154336479713681 -0.0439745031122411
-0.196102094388123 -0.22069335762745 0.00594228773897813 -0.0596209549373777
-0.290786154118572 0.0635916752108562 -0.0180256662203436 -0.0186238349384946
-0.172263334110213 0.223178579091307 0.00884589007009756 -0.0257863540767115
-0.019494516813126 0.269154073814955 0.0108016566779983 -0.0356463109567461
0.122971869628292 0.23103802473635 0.0125294805076157 -0.0470913320695985
0.154574658917517 0.207071513005713 -0.000249561707373607 -0.0605333833942078
0.143269910577753 0.222129270093153 -0.000180103306885569 -0.0533470141085461
0.0176304588089519 0.305430814000422 0.00716626928173735 -0.0569298167000199
-0.175814632303147 0.271177181738061 0.022067786623564 -0.0271946513437358
-0.340495313796936 0.131437924986259 -0.0236467711474445 0.000117269209533267
-0.304651519184333 -0.239231501333781 -0.0676093868049215 -0.049271402560883
0.015905789696215 -0.425852954948933 -0.0147137021379668 -0.0997401515406999
0.240112190822878 -0.345993176933866 0.103206650998283 -0.096773998860527
0.225232322182626 -0.277790316233281 -0.112154773737111 -0.00250404509806748
0.0255437020348047 -0.386826249208555 -0.0237706717518274 0.0478054542106059
-0.221449836714134 -0.239587025179771 0.0103947960216 -0.047569541416515
-0.312937809216761 0.0631577195077 -0.046388351397857 -0.0251958699091896
-0.187540816888063 0.2325138126897 -0.0422994448835712 0.016997425127613
-0.0271630234266021 0.282049341161807 -0.000152180077206276 0.0589072889786168
0.117314674595563 0.245805338521753 0.0507530444651053 0.0503361508692252
0.144748014462697 0.215602093875219 0.0543472078260901 0.0200833858831546
0.130860963584888 0.224928596695373 0.0489661411413735 0.0310964002688383
0.00992365109611284 0.299188262097722 0.0261303473231642 0.0299003654178267
-0.172272307893282 0.262252786900771 0.00205057028254488 0.0387448010645672
-0.319694441735904 0.130262190316564 -0.044037627587065 0.0231133344893385
-0.293622259999262 -0.211723397429366 -0.0760539469801953 -0.0197322012676992
-0.00128697965289606 -0.403780777498121 -0.0213212886444792 -0.0201292496398734
0.21411628113588 -0.351347971889235 0.0182922835651464 0.0208026315123781
0.186214678154604 -0.262890058999824 -0.210816084766229 0.112108730605192
0.00493473635984615 -0.350804884108638 -0.0340402431723924 0.147512727073537
-0.20470088300582 -0.206972524580118 0.0124327858200861 -0.0214322986167926
-0.270572341988926 0.0532375738702635 -0.0702329944109967 -0.022385040156185
-0.164313096285418 0.19707830049627 -0.0890682762761806 0.0636003427915616
-0.0282510189680923 0.243967847978816 -0.0094809260386619 0.149755880042461
0.0945046640169305 0.2191359389147 0.0830965693533094 0.143897055726604
0.114366911513084 0.191172168994014 0.102053470618779 0.098368658428878
0.0970501377507623 0.194577329583841 0.0891761634709918 0.10776085743431
-0.00555663594735769 0.245532684034115 0.0407804808493662 0.106916286423885
-0.14635450462842 0.202460225929234 -0.0170907645699945 0.0923303782326847
-0.244280583196467 0.0906264314406444 -0.0567873227127618 0.0380456881613732
-0.217053346794783 -0.158928442753218 -0.0732243718853398 0.00426805735040221
-0.00303474712848821 -0.311045889019633 -0.0189591654187725 0.045127798922459
0.158523600477087 -0.295796224943974 -0.0498521196551006 0.124273658753529
0.112094768811359 -0.201045314930118 -0.289112133714301 0.216760823828185
-0.0169462732991192 -0.243054912664234 -0.0417884827090472 0.230306869067767
-0.142986984399415 -0.128065896040097 0.0126626827618863 0.0129352737145445
-0.169721504559966 0.0335182364471366 -0.0794746538257606 -0.0136062592998706
-0.108638855364243 0.123526904794288 -0.117971194815182 0.0996592332684389
-0.0236445701579734 0.161304406845237 -0.01375471812069 0.218615474562362
0.0565365884703274 0.155079263698975 0.105028258599222 0.214385089341651
0.0646397942706888 0.137254213201534 0.135085535536505 0.160681852561713
0.047172206744295 0.138350895537187 0.114082860099115 0.165802887367984
-0.0222616019013197 0.160200861614434 0.0443356813259454 0.161410155602832
-0.105133785754527 0.113074961275249 -0.0367142069306876 0.122899477160736
-0.140569800682073 0.0325718448238733 -0.0619271167933538 0.0372728399969393
-0.111441902337605 -0.09174122123092 -0.0617001348899292 0.0146312842969011
0.00130276452786361 -0.182478149029944 -0.013720739386673 0.08196897261483
0.0851645689345443 -0.199015830608795 -0.0950820038410834 0.195080489483918
0.0186761282124299 -0.101352537444859 -0.329954874421204 0.292178674535065
-0.0331398802257605 -0.0923387789502578 -0.0418501856202949 0.28345286079548
-0.0572388556484768 -0.0268280983080618 0.0169465596077542 0.0464809069291592
-0.0418956721885215 0.00789142426077291 -0.0686324838103181 -0.00512967400458863
-0.0382111430246634 0.0299920032044484 -0.124017776953151 0.115991250353568
-0.0176689447634348 0.0528998182641799 -0.0145933311764056 0.249822919193318
0.00646048201765033 0.0663019161536841 0.112438115015097 0.250293332674423
0.00483405250147357 0.0630171669782337 0.148306206254164 0.197143203787942
-0.00666256823703247 0.0645325307191855 0.117587385312509 0.199505111569141
-0.0317695661816214 0.0603049004428051 0.0346487035129047 0.189469009878719
-0.0512544475695986 0.0218902679605266 -0.0556732543511739 0.129601033269908
-0.0350324021478798 -0.0147536202476956 -0.0604977642850241 0.026472096384632
-0.0161994833361207 -0.0192445614493775 -0.0450507324104028 0.0176918975253385
-0.00571473468405436 -0.0496942730180903 -0.00977033239393294 0.0966996753683722
0.00426501568071912 -0.0871211992638872 -0.118528655111174 0.226599704737902
0.0583617848714124 -0.0245593592590421 0.134770430782325 -0.243985803635768
0.0202958144934043 -0.0652772512755027 -0.0251673364221498 -0.1448334813251
-0.0478780164341956 -0.0374635449910552 0.00456094974372337 -0.0222767739996755
-0.0574829274058589 0.0409664614141275 0.0472670479011855 0.0010215083451665
-0.00982193222074413 0.0565261894707819 0.082753618528855 -0.0960148426774051
0.0214349738332902 0.0449064464741894 -0.000713848908996661 -0.198285279538941
0.0466769972377934 0.0194423194061244 -0.0939731305086706 -0.216338956043989
0.0548605955928377 0.0181488285552437 -0.131598534315011 -0.203277182271384
0.0534211106080532 0.0306366104669201 -0.107318153190547 -0.226048413618685
0.0198078967214432 0.0604993541871076 -0.0148348266263857 -0.230211630451584
-0.0329220217386638 0.0624741411828913 0.0908771643200202 -0.147871939108952
-0.0807329189269414 0.021792617570759 0.0582687239929061 -0.027027386107603
-0.047669099397774 -0.0805710091022663 0.00836233575737956 -0.0684485630281527
0.0558029406982072 -0.0817631982595585 0.0493085734210123 -0.224748550005521
0.0834005389071855 -0.0147882289857424 0.313791702136751 -0.299187181493985
0.12657145748648 -0.111701143081088 0.115609355679065 -0.224835718566544
0.0306164518201844 -0.167000493110273 -0.0167200771566965 -0.135033563538143
-0.0959728565063551 -0.0997869454178894 -0.000897577405385933 -0.0397883433123273
-0.138918019112765 0.052911254963157 0.0290082348998093 0.00311620769436285
-0.067117717791632 0.121429234459803 0.0743716140319247 -0.0780019717738038
0.0120736287141997 0.133539096236034 0.0126459294936132 -0.167338629719288
0.0855157521921953 0.103107773317499 -0.0637035531378761 -0.188671924794861
0.104459971724501 0.0979978516137846 -0.100617703025265 -0.180782831759423
0.0981303242837867 0.116756776270832 -0.0849600567960607 -0.192483309409634
0.017286934595374 0.171482351682661 -0.016166806911399 -0.197432343526512
-0.103680808375116 0.151195859207924 0.0702047081295078 -0.128637196087713
-0.19864337071933 0.0552055241769582 0.0313958557821241 -0.0283855924847021
-0.147241371138199 -0.169580987487717 -0.0184830254516342 -0.0775449522828469
0.0632099449470163 -0.23854723132878 0.0278384033421265 -0.21207065975663
0.171490992847396 -0.152284591642296 0.263736591628357 -0.273173998035572
0.185192482225366 -0.187525463085248 0.0654828191794331 -0.177776665783652
0.038893413083588 -0.264960037831161 -0.0135497349855604 -0.103851059473643
-0.143546268524311 -0.16415850790231 -0.000702278735614168 -0.0548347348001124
-0.218135713615038 0.0584075311032667 0.00791689673730342 -0.00463951971445699
-0.123940409694003 0.17765768045033 0.0477982603086542 -0.0555306971454074
-0.00293695517200187 0.210512295028103 0.01644256441801 -0.112209397278561
0.111159935861916 0.17552553007909 -0.0269251016317283 -0.13047002851926
0.138590561771059 0.16224383469178 -0.0548851422194736 -0.130258404513816
0.129426477758041 0.181396547900546 -0.0477773891497672 -0.131129636242681
0.0183946003880787 0.255701110844723 -0.0103156565892583 -0.13639788866123
-0.151313147231438 0.22655364412454 0.0450020362519096 -0.0881219178114321
-0.289689151039169 0.0969557110560208 0.00298031827280614 -0.0209786140176157
-0.240938928496713 -0.222591254733605 -0.0449251051539804 -0.0705524915265232
0.0446147341573623 -0.359789673837741 0.00360419039680274 -0.167671350477456
0.223371763921214 -0.267179618936555 0.188415684084745 -0.199975791034609
0.222934388437035 -0.24470638567231 -0.0137215713156226 -0.101882629333133
0.0362199950254148 -0.346156828974266 -0.0165386177862965 -0.0410375434387609
-0.190332268342839 -0.216753334866655 0.00350356829652279 -0.0592524659337055
-0.283046234516705 0.0635651966183872 -0.0173481467588019 -0.0166213585724154
-0.167180020141171 0.218714991529835 0.00634036817813891 -0.0245069877992497
-0.0165853951226618 0.264605219196603 0.0109597762679013 -0.0344629532427258
0.121966150710037 0.224973406312998 0.0129280754354729 -0.0480752705172151
0.152765403873612 0.201547957110534 -0.00147951613485955 -0.0598944120395316
0.141687854574766 0.217487467860453 -0.000336192263025307 -0.0534004419931847
0.0195225125398675 0.299813140981092 0.0038686602476691 -0.0561919160310503
-0.172362364536536 0.26925893025376 0.0200572595222864 -0.0292629155356531
-0.332273445820313 0.130312521280042 -0.0238618063156556 -0.00180041613330314
-0.298128699835305 -0.234557969056471 -0.0644278687359358 -0.0484059374530331
0.016519728909374 -0.419007290501311 -0.0139332140210273 -0.0974002847475022
0.238014842989243 -0.335658556583135 0.10161614921046 -0.0961664855577257
0.224065997685393 -0.271471121953158 -0.110681551799291 -0.00149374041750228
0.0241189673258657 -0.38084449098652 -0.0244320000017382 0.0477169227862479
-0.217003438405373 -0.236155448947522 0.00845429390182913 -0.047247843496902
-0.305782403661299 0.0620898170014836 -0.0461385791641167 -0.0228138211059766
-0.182863504293312 0.228870002068441 -0.0447023372000373 0.0185483627211537
-0.0250265158049544 0.276891307962499 0.00172375845589658 0.0582657975740646
0.116021642779974 0.23996764064269 0.051602112755125 0.0475021891837081
0.143645423241636 0.210548265912402 0.052438504484333 0.0196037539737121
0.130193697490976 0.218864416286049 0.048275244516846 0.0293869573574072
0.0118097402790852 0.293339689355627 0.0233536787150379 0.0297814161631065
-0.168030548417307 0.260075988441782 0.000482184617851196 0.0364197955330783
-0.310877986341442 0.129144394617517 -0.0447314929936119 0.0210191330680225
-0.28750799186635 -0.207501738276269 -0.0729343765274317 -0.0191753326532009
-0.0013573943226038 -0.396598938811568 -0.0205258441470239 -0.0192376402724753
0.209859243637839 -0.342083078168482 0.0188082719860508 0.0191902838125362
0.186136184378189 -0.255836680336536 -0.208309338319593 0.109968744351391
0.00354173654039742 -0.345573199739261 -0.0344486798838609 0.145609350211159
-0.199760442972159 -0.204811576572728 0.0100706326049448 -0.0214326735255975
-0.264970892701786 0.0519391753408441 -0.0699421293667462 -0.0206409707922995
-0.160847793632667 0.19375148146982 -0.0907715405964399 0.0641511199532302
-0.0267765290049387 0.238960111855846 -0.00696321935593059 0.148161934801261
0.0938998432408121 0.213897361024628 0.0842068827896792 0.138769057249826
0.113489488330915 0.18673364389569 0.0991292817530089 0.0962888985322868
0.0960098742314466 0.189960354884511 0.0880428260999135 0.103879356818137
-0.0037561714249388 0.241282415488558 0.0388021555913338 0.104652054597087
-0.14283418311521 0.200214496804209 -0.0175982074781798 0.0899859331618919
-0.237944513426362 0.0893687578902328 -0.0571803557956035 0.0356804864807165
-0.212372352514423 -0.155890129001489 -0.0708407251972692 0.00465884424942699
-0.00266724811761515 -0.30596364771623 -0.0179966440214721 0.0434715884997662
0.156535640202437 -0.287146876796041 -0.0478344287980369 0.119880917375721
0.112351177094755 -0.195945047630929 -0.285205646870162 0.212847449040683
-0.0172964646034988 -0.239700432182605 -0.0413201047600574 0.226503387629692
-0.139974177493952 -0.127370192071272 0.0105121401455469 0.0123288492828792
-0.166799331245245 0.031842109759079 -0.0789084014378291 -0.012803252991154
-0.106764892393474 0.1214313925569 -0.118118359463782 0.0997099378941524
-0.0230027250861723 0.157709371598287 -0.0107638224857936 0.215315932308937
0.055797021346125 0.151329772118469 0.106455050851913 0.208349734833425
0.0645995276019118 0.134542840357331 0.132364443307214 0.15689736396225
0.0469886083274156 0.135297606145005 0.112272406574002 0.161281811338654
-0.0207647293830582 0.157591510389467 0.0433908414250654 0.157569813853457
-0.102301048022393 0.111725671855836 -0.0363326282782421 0.120104773097026
-0.136979786155203 0.0320517877854994 -0.0624169338454947 0.0351539070218501
-0.108261623666588 -0.0902386886978486 -0.0597180065180927 0.0155881852506599
0.00174752085030671 -0.179843819704834 -0.0126352726278042 0.0797651779436904
0.0846113481487135 -0.193899814214826 -0.0924525679854878 0.188859414616602
0.0196033799450589 -0.0982813758262714 -0.325898186356872 0.285340413037646
-0.0316185879569662 -0.0914649977627985 -0.0405569179631139 0.277153745742834
-0.0562366586337123 -0.0278868054457541 0.0157081016995685 0.0459373919856128
-0.0423524868688737 0.00724227447197354 -0.069054434606945 -0.00433828924967182
-0.0377466940129061 0.0292702345740044 -0.123223093399124 0.115692883363839
-0.0174112967219568 0.0514345156695122 -0.0114222662888365 0.245432772504201
0.00634827562407944 0.0646093279879683 0.113682326023241 0.243492061301084
0.00564648388218866 0.0623937391337785 0.145333686863903 0.193927766101034
-0.00507799051625326 0.0633289338268292 0.11574905099014 0.19481766211551
-0.0311571114810918 0.0600265160335487 0.0353171658552143 0.18517712122064
-0.0500836039268401 0.0214469903881819 -0.0547267337663913 0.126734476574938
-0.0345171213452054 -0.0152748725914544 -0.0602747522096242 0.024616389342795
-0.0145541799066601 -0.0196614495556737 -0.0435316566290377 0.0180628444363956
-0.00514831042427042 -0.0495012759370738 -0.00807349140764819 0.0937458861015363
0.00478109200366018 -0.0850888917088114 -0.115215655843759 0.220475667868537
0.0575665501686018 -0.0236455072024996 0.137327708652329 -0.239454012740996
0.0197762989215222 -0.0634577668026364 -0.0247669349437173 -0.142575849437634
-0.0457296222917833 -0.0363318492417979 0.00356649571535685 -0.0213033881990046
-0.0549709438619178 0.0400412350535304 0.0474455265137487 0.00314256161350801
-0.00901092676025588 0.0556801945694234 0.0841494896649236 -0.0941538541205062
0.0217112143711226 0.0451495682447755 0.000431364778582506 -0.196406728013664
0.0457948571687739 0.0193307136537757 -0.0926799989508909 -0.214435777634148
0.0542967979661665 0.01786971433094 -0.128197878644874 -0.203731346200546
0.052867989641741 0.029680872996406 -0.105855978095452 -0.225572703589182
0.019199422017404 0.0602362266008122 -0.014667508974309 -0.227977245523072
-0.0329071367721705 0.062975118619365 0.090827896017781 -0.148637006000119
-0.0796045304668268 0.0217796391857303 0.0594958794462435 -0.0272443128958114
-0.0466769259437303 -0.0796829559396662 0.0108549971756231 -0.0688634193033384
0.0551725177415156 -0.0799490771086186 0.0531180680128747 -0.221265394569149
0.0829418168707652 -0.0126149286419736 0.313921926751772 -0.291498812840874
0.127255879512692 -0.109003746049303 0.117683472558903 -0.220362013486728
0.0311215981229891 -0.164238462541774 -0.0168948714084711 -0.132896763987624
-0.091993337404074 -0.09957522904966 -0.00162260195922596 -0.0395627350669271
-0.135390817928628 0.051232317319941 0.0295360510098205 0.00538659648385512
-0.0663757240268463 0.119670383292704 0.0745402135216946 -0.0758261290580456
0.011825812730806 0.132797778912333 0.0139825404870502 -0.165780445723718
0.0841522131736679 0.102098004346909 -0.0626324362799475 -0.187677882610966
0.10261671948211 0.0975602183633493 -0.0987230306410353 -0.180192469576495
0.0962511211581436 0.115624042323425 -0.0843060027700411 -0.192131794029431
0.0168751523441067 0.170429050331127 -0.0165291658983104 -0.196302942455096
-0.103373830903326 0.15092791359838 0.0694024594577275 -0.129889743117655
-0.197096507471661 0.0528374019776264 0.0320625613751277 -0.0294787719891707
-0.14420301361022 -0.169202510365637 -0.0154115920490177 -0.0778020100626786
0.0645729256231635 -0.236593025548603 0.0306885134274089 -0.208722084371437
0.172554939339296 -0.147211501289499 0.264526064813142 -0.265660147616695
0.188099745756473 -0.183027997294587 0.0672643123558334 -0.174294494099431
0.0406425065587447 -0.26180571203875 -0.0135618921156758 -0.101708702764742
-0.138045852069374 -0.164526060993723 -0.00159464502738404 -0.0550751534917826
-0.214020248980392 0.0555983167713073 0.00800325072329936 -0.00274991028809408
-0.124017001879716 0.175033627647499 0.047442313965893 -0.0539272860136604
-0.00356056118460772 0.208864409662143 0.0172830195951337 -0.111397850854629
0.10911360025788 0.174390680497326 -0.0253544534574517 -0.130502622059919
0.136517772357332 0.161443939498981 -0.0538896667533166 -0.130039873686308
0.127162756972774 0.18059900421268 -0.0470368229746435 -0.131761178733465
0.0170093226116544 0.25430026948509 -0.0121739267777033 -0.135521715589486
-0.152709382849969 0.225596186930491 0.0432020679083258 -0.0895500715288775
-0.287233053639794 0.0939244732104831 0.00320676237875456 -0.021959107923201
-0.236893991625709 -0.224498007483858 -0.0417473887032594 -0.070784248943535
0.0494451022215712 -0.358696103257265 0.00567465778709279 -0.164706844307035
0.226714841524319 -0.260419800943975 0.189269123981772 -0.196105069511536
0.225921460798806 -0.23893537260633 -0.0125343728572493 -0.0998203742588606
0.0381406056639668 -0.343297993788698 -0.0173722603663206 -0.0397074553818366
-0.184203677161482 -0.217241755453323 0.00234867683875589 -0.0592934319632641
-0.278697398417335 0.0594267192750569 -0.0169128125933173 -0.0144435130344419
-0.167280988714725 0.216181549621875 0.00438833233871891 -0.0225657258647897
-0.0185748921075174 0.261980108992273 0.0120318516052509 -0.0340312730597024
0.119704215625872 0.223198426762448 0.0143853949919131 -0.0489734364031113
0.15000595617308 0.200720216525864 -0.00148508121000516 -0.059385740099231
0.139475278443033 0.215624999460173 1.11365088101824E-05 -0.0543348555595247
0.0175502445161317 0.298221856818181 0.00175993034420234 -0.0554636029102354
-0.172864753661262 0.267809316950232 0.0184458917694808 -0.030554413903798
-0.32827684193431 0.125820243093025 -0.0252140638607394 -0.0036682655139606
-0.293111422485351 -0.236605948317252 -0.0613710768533066 -0.0488185650377823
0.0215869151251636 -0.417720837262957 -0.0126617502635924 -0.0952548450004926
0.240808518664468 -0.327807381002645 0.102868047339212 -0.0949563914982764
0.229077632256873 -0.265340366015738 -0.110291186581377 -0.000484214753719322
0.0252281514504207 -0.377946016040263 -0.0255835182314169 0.0484752885876965
-0.211028541639126 -0.23821149866737 0.00658441029945794 -0.0473671700524936
-0.302736045885804 0.058833223016427 -0.0457922391180221 -0.0213159019726368
-0.183600137784345 0.225233083383311 -0.047227779338948 0.0197045181862883
-0.0268449775972662 0.274636529195229 0.00208214174790671 0.0579191614516293
0.114233848683146 0.237711219429211 0.0523924682645118 0.045057341959318
0.141598716627567 0.208914595026629 0.0508116646232182 0.0198146415230501
0.12759223532985 0.217792742291463 0.0471363402630782 0.0280690305417855
0.0102167270424827 0.291845569022334 0.0206250253027706 0.0301747531434435
-0.16816955391579 0.258906455707364 -0.00193402295939071 0.0347539858076956
-0.308263499373091 0.125308757630141 -0.0463241902268416 0.0186894583939248
-0.282976102598598 -0.210238117051407 -0.0708324464961456 -0.0193005538530703
0.00330653247966798 -0.395575125315001 -0.0192000852848478 -0.0187011807129086
0.214705780252911 -0.333668173428329 0.018750391180063 0.0174302541804711
0.190713042295539 -0.250462265271168 -0.208838085412951 0.107846414668707
0.0060431680721939 -0.343648382706239 -0.0366168988636341 0.14468390797906
-0.194565992415042 -0.207060186835695 0.00816567894939907 -0.0215180952064687
-0.262865776525837 0.0482437262211775 -0.070060208985573 -0.0193382286602401
-0.162079427822285 0.191043819793055 -0.0936031311478364 0.0654946609212785
-0.0284995181609446 0.236950673285183 -0.00611312879952872 0.147584912361118
0.091773755768451 0.211674894842987 0.0847513445731004 0.136043544027917
0.111829061931722 0.185467145295499 0.0974430767502289 0.0963212079513888
0.0940031257051984 0.188636795630047 0.0862737602557627 0.103114441307434
-0.00483702324126803 0.239696628618204 0.0360823382724399 0.104385189080215
-0.142883522982379 0.198270556905193 -0.0195662633907017 0.0876906090068802
-0.234508451653861 0.0861628265565151 -0.0591920135981934 0.033368249694449
-0.207442466273377 -0.15694902382482 -0.0691285290204834 0.00437206801645505
0.0010508883260836 -0.305220198800844 -0.017831495082084 0.0435471586543646
0.160531650569374 -0.280708559322464 -0.0486509409487249 0.115989028386903
0.116920707361269 -0.191553557457433 -0.28710576718889 0.207728772572096
-0.0142047561322943 -0.239133949932785 -0.0448884435574583 0.223844388968385
-0.137032166166427 -0.12967439348788 0.00857774854163414 0.0120821235286404
-0.166499746991806 0.0296660647661047 -0.0795640718466428 -0.0122009085484849
-0.108037923920993 0.119496749542649 -0.121171375615918 0.100163722560602
-0.023870561188734 0.156311914374621 -0.0108685990847502 0.213569478893764
0.0544095717143149 0.150192747848516 0.106232520358497 0.204895569030736
0.0635362199004485 0.133682035528734 0.129748883632689 0.157391295087946
0.046472340587794 0.134398747175476 0.10925961231387 0.160330133226251
-0.0211899450797481 0.15657874183517 0.0408415751835438 0.15707997762341
-0.102056265210662 0.110433415917163 -0.0375078377377766 0.117576616547435
-0.135084371131645 0.0300612399432947 -0.0633449451881356 0.033391342289459
-0.104771348770988 -0.0916996684364804 -0.0590566533251719 0.0152625786339714
0.00387175388888082 -0.179208156894073 -0.0121904502063599 0.0786299092134748
0.0876387965609382 -0.189315520914374 -0.0932188742269435 0.183231514741301
0.0226719542768658 -0.0957830004587514 -0.326791323899029 0.28005521918965
-0.0307644858223472 -0.0917089090032036 -0.0448555655788672 0.27384883142807
-0.0552356306147214 -0.028896149634645 0.0130613728348281 0.0459041671401158
-0.0433400222403777 0.0060870233574888 -0.070255726605048 -0.00437297979652214
-0.0387444705934187 0.0291667331130079 -0.125193422319958 0.115818385338245
-0.0185332332731828 0.0506137730009988 -0.0108264817115965 0.243408423620435
0.00589763409269651 0.0640950961453265 0.112717699836573 0.240699395380206
0.00524791188952305 0.0620628168764575 0.142863530725514 0.193100185358963
-0.00561638778553786 0.0635919430287011 0.11303725730855 0.193357709368421
-0.0309430583120448 0.0598111382453289 0.0335614784932965 0.183998144122437
-0.0504179431397603 0.0206485629724004 -0.0557914970892908 0.125237363548342
-0.0343690446758927 -0.0161071620759555 -0.0612019672581531 0.0228535206825121
-0.0133178919068238 -0.0205073342994209 -0.0427268121555893 0.0180312180125012
-0.0039006810146656 -0.0499791756266682 -0.00872659703372646 0.0918126887420253
0.00669295260753724 -0.0837513691458389 -0.116208128451101 0.215349153056867
0.0574876565095507 -0.0232088034014603 0.142758321815356 -0.240962399283219
0.0206030075106084 -0.0631085018058588 -0.0243186596730391 -0.143963158889198
-0.0440489335217803 -0.0370432727811391 0.00371711181464079 -0.0212842489189714
-0.0543931582157464 0.0400152966042949 0.0492771058122637 0.00551963992739693
-0.00891170365010428 0.0557624629381214 0.0869545839097271 -0.0937178138159957
0.0227352066715167 0.0460604425665693 0.00177253774267552 -0.197947637981303
0.04695574375255 0.0197991465694166 -0.0925500240063203 -0.218153594621654
0.0543695003567838 0.0184785047703831 -0.128636948861378 -0.207951390343291
0.0530811538645558 0.0301445630816085 -0.10559370808651 -0.230008066266002
0.0191669883710009 0.0612787855838128 -0.0141127455321767 -0.231460960396874
-0.0334967955851833 0.0646090812981254 0.092529958284793 -0.151214393187815
-0.0804406099412349 0.0218355316253146 0.0611796283367427 -0.0280997787548863
-0.0469815963109753 -0.0804486064731102 0.0138952465823299 -0.0711818944500521
0.0561801072511629 -0.0796879771984328 0.0577633000007755 -0.22173936173716
0.0843270242862875 -0.0109764439014881 0.321822610317709 -0.287839920480498
0.13150438763303 -0.108655263960645 0.123082406059149 -0.221127131817269
0.0331655261316654 -0.165494872106106 -0.0161000946936837 -0.133383088459861
-0.0899549981497477 -0.101594916232232 -0.00229829390889407 -0.0403020659677531
-0.134554175324939 0.0500253146392909 0.0308529803886592 0.0073105815246806
-0.0677969901413544 0.119762599673593 0.0760193888248615 -0.0750459847406942
0.0116209205925098 0.134709193162416 0.0155339141581547 -0.167378927756679
0.0846442928913015 0.104057304479774 -0.0622494546250481 -0.190747846311493
0.103233179882002 0.0988523744587505 -0.0991595844391062 -0.18426463600565
0.0973101502284818 0.117304859301515 -0.0838537980236986 -0.196657459969471
0.0159645108825364 0.17311955928183 -0.0170875833532687 -0.198524698461112
-0.1060856778456 0.153809296885497 0.0702307779847296 -0.132596036545034
-0.198968977963671 0.0517931604957186 0.0330578260298044 -0.0306741758460108
-0.144417908290525 -0.173454358982144 -0.0121915055701024 -0.0802682720588781
0.0678389055218157 -0.239838191692407 0.035412621069634 -0.209082156688174
0.178480222821776 -0.144134756754129 0.272121506703327 -0.264496496283952
0.195577411326789 -0.182804647065189 0.0711671586379519 -0.174300199839032
0.0433260740568464 -0.263835691343732 -0.013288513506414 -0.101040334837295
-0.136145328886137 -0.168618102388538 -0.00264468615453832 -0.0560579648298016
-0.214389267524016 0.0531044475812596 0.00957199930592133 -0.000894110071361134
-0.126164930333653 0.17585395845443 0.0479609924201403 -0.0521798243295935
-0.00487170016346575 0.212518033783512 0.018946901530348 -0.112181105949028
0.108940424001874 0.176696787673986 -0.0249025316341174 -0.133269479911761
0.136949308554488 0.164241258256184 -0.054408363742099 -0.132551487401143
0.12789806918425 0.18322578257193 -0.0468560600615096 -0.134730710005928
0.0159461149694096 0.258193628058487 -0.013260925341291 -0.136290419189286
-0.156262889983067 0.229222144591592 0.0430339925640453 -0.0926227913047571
-0.290815244949999 0.0916141557611287 0.00227303649931001 -0.0237277202802461
-0.23649289492289 -0.231199902307155 -0.039304626435633 -0.0729785554507568
0.0537815574582321 -0.364904641448272 0.00860879736146172 -0.165034909482675
0.236186935269073 -0.257413614330852 0.19453802556485 -0.195700852745509
0.235716902656479 -0.238427062939515 -0.0110038186819817 -0.0992102284001762
0.0427364188055335 -0.347007013427843 -0.0176962685063627 -0.038527447415538
-0.182327211374695 -0.223446558620025 0.000968965870172059 -0.0599413945136193
-0.28120420661611 0.0566467460204745 -0.0164106661753921 -0.0124374648577273
-0.171742419060177 0.216736504170445 0.00328066261736093 -0.0209109094024734
-0.0202732700483908 0.265846815020154 0.0132349351725537 -0.0340369714542225
0.1196610200139 0.22664027336924 0.0157369499357187 -0.0515184440666308
0.150945522530902 0.204301518105945 -0.00173629250393112 -0.0608130060273829
0.139032452810369 0.21850269856553 -0.000912726727352785 -0.0564055253357012
0.0161560289000858 0.303194013541851 -0.000251923337371978 -0.0544007687810172
-0.177208747642921 0.272243048840103 0.0171415972380853 -0.0328280572178946
-0.332387658061009 0.123660268874162 -0.0263139250174584 -0.00482894577610918
-0.292717505614728 -0.243590304719946 -0.0604203832879003 -0.0501973110359209
0.026247809528704 -0.425059695413191 -0.010855266606606 -0.0951769145389361
0.251233427648694 -0.324984014801255 0.104656089138788 -0.0957892469252563
0.238937137435532 -0.264995663650415 -0.111700541587671 -0.000842741547695309
0.0312099980799687 -0.383008395968933 -0.0273179181330328 0.050927305546903
-0.208763081835264 -0.245739921374805 0.00482013333752917 -0.0477398100549582
-0.306061770759686 0.0548997622863098 -0.0453926858547165 -0.0197103107075631
-0.188483490497011 0.226532653927567 -0.0503001983269602 0.0225317071662696
-0.0295772320469948 0.27815048110878 0.00310895176604879 0.0597217862576293
0.112703851142355 0.241364026827237 0.054117729862942 0.0437107041616441
0.141567785928866 0.212334243667999 0.0514494714699952 0.0207344387697768
0.127628377813275 0.220972910770393 0.0467655322694841 0.0279121967391514
0.00880290384476183 0.296360384970355 0.0184195444238994 0.0323131767900933
-0.172049111446722 0.262132486541533 -0.00460273069142257 0.0331463934504111
-0.311566605366525 0.123125410470925 -0.0492715837061814 0.0177080299816636
-0.282517768525761 -0.216800718180117 -0.0703748668816574 -0.0208546110754347
0.00778793161086624 -0.402095180042823 -0.0192373137419575 -0.0178709686188692
0.224802073129241 -0.331745968728011 0.0189456153955052 0.015457106872
0.200871773387205 -0.250418376033711 -0.213357095147632 0.107626950604458
0.0107866479917841 -0.348624566823521 -0.0397649245308038 0.146932567555587
-0.193510331596396 -0.213835555152712 0.00600104402517584 -0.021498094372111
-0.267258586880282 0.0450571321212202 -0.0710234476881978 -0.0185106202588289
-0.166745393188075 0.191975572038377 -0.0978699868191338 0.0676105403494103
-0.0315144821936882 0.240593205542918 -0.00625900418014725 0.149954580358291
0.0907219964087323 0.214930534675383 0.0860182385852575 0.135055127258329
0.111494553887696 0.188569707545249 0.096905678631343 0.0981762626947325
0.0931298760169895 0.190700927628517 0.0856639923661685 0.104496431443333
-0.00684199983886138 0.244036797136811 0.0345786354926313 0.106890988375333
-0.146158409497923 0.200911698301948 -0.0220700602636725 0.0878375376260991
-0.237177281263912 0.0841089030595891 -0.0625364137566802 0.0319140674351149
-0.206804730238144 -0.162343042621308 -0.0691311133725539 0.00392586620987865
0.00554004391566902 -0.310488261427803 -0.0184390121126316 0.0439190928808013
0.167249956236183 -0.27925625951643 -0.0503322707506758 0.11437877108428
0.123879938644726 -0.191380354945374 -0.293914300123221 0.206940002037848
-0.0109958227054155 -0.24279670257307 -0.0493487502252242 0.226848451217348
-0.136551139840663 -0.134288068908066 0.00572337435775475 0.0132070493762072
-0.169734455655362 0.0267673720339381 -0.0811761509385251 -0.0117712071808661
-0.111997128293581 0.120244220695376 -0.125572336007043 0.102981389901236
-0.0266774987721155 0.158552085799501 -0.0112267340841782 0.216620891697798
0.052894467345407 0.152526674060802 0.107953418186048 0.206502640745678
0.0634070464204654 0.135411236552536 0.130082555191418 0.16011196243231
0.0456691281678797 0.136565699693486 0.109384846406276 0.162800088645779
-0.0226060751049702 0.159339456009473 0.0393814849735965 0.158926690286749
-0.104572563495361 0.11140575378915 -0.0401756355818471 0.11787313074297
-0.136398175999152 0.0282690586440733 -0.0661763382182609 0.0317996050254021
-0.104295334841904 -0.0945278913834941 -0.0593135906897091 0.0154912284742822
0.00644142352160772 -0.182552564485502 -0.0131671964538753 0.0792815510446063
0.0924083155936901 -0.189211339435514 -0.0963470882751341 0.181953781939802
0.0261195988849462 -0.0957696158217682 -0.337582520387769 0.276610570451121
-0.0295972854087439 -0.0938249701584678 -0.0500726152859717 0.27504085328324
-0.0558608710110422 -0.0309580184644867 0.0110785214317761 0.0469303526522314
-0.0454723210389019 0.00541326621094091 -0.0724761301392658 -0.00463344749726431
-0.0403942094840703 0.0296872557862559 -0.129870547856351 0.117638490712802
-0.0205193784324858 0.0513361712481387 -0.0132642469101829 0.247119532878361
0.00499591805615831 0.0649883865303555 0.113160730731911 0.242753861483815
0.00470143548837415 0.062727831304417 0.143232292490285 0.197197558958214
-0.00601998926051902 0.0648769716863553 0.112967892949894 0.196912077850571
-0.0315402421580145 0.0608229774188364 0.0322898453200684 0.185735857199349
-0.0515102174525821 0.0204711876961342 -0.0572799515621391 0.125718489136649
-0.0348694218202835 -0.0174089540820102 -0.0632785835846008 0.0207823206232306
-0.0122177524673255 -0.0215645689587663 -0.0432404612245045 0.0183501837849317
-0.00309397985678118 -0.0514298118798879 -0.00899606514158803 0.0928877161965931
0.00833753386809252 -0.0844627237868736 -0.119491587369102 0.214166006097877
0.0349089025702483 -0.0537432774641842 -0.0316452303483385 -0.289162915789562
-0.0197961500745381 -0.0630266670932643 -0.109834137766606 -0.103785221752621
-0.0571627911429099 -0.00549496469910768 -0.0134108869646295 -0.0189328423160822
-0.0198893917242936 0.061892811573405 0.0456486755295496 -0.0223680885866652
0.0252003883906312 0.050359815186606 0.0154929623256464 -0.129979702871271
0.0463254956989581 0.024028765806267 -0.119654612894231 -0.161728810820505
0.0493042280822948 -0.0111028052042269 -0.212125547011357 -0.121146627218918
0.0550383179900322 -0.0187190847604097 -0.234720371741346 -0.0914208102432689
0.0617402378518858 -0.00914559033604789 -0.231532169647175 -0.122933761845825
0.0543003429813464 0.0387465735381173 -0.156740284999004 -0.182593293949262
0.013039697695365 0.0743799735232678 -0.0192648711289835 -0.182959995101621
-0.0537627238445716 0.0673998771929707 0.034558271440301 -0.0628227889713336
-0.0928901635870681 -0.0394067850679883 -0.0317271448202531 -0.0693255022481163
-0.00526330044347143 -0.105810159072117 -0.0900199976230464 -0.218237989476257
0.0697093973757532 -0.0678250512332847 0.084906105405806 -0.440623660734669
0.0492122754586747 -0.168270825494401 -0.0414595684189356 -0.264266017165772
-0.0680220980853833 -0.152858957491961 -0.0987334250794729 -0.103246760411146
-0.132711869929543 -0.0328673594199483 -0.0333020473404506 -0.0302871780344549
-0.079509301839786 0.115489803534946 0.0302644932528278 -0.0059840772694816
0.0152632225364898 0.136999396835635 0.0192179225641169 -0.105005679052085
0.0905158748494144 0.103123275825515 -0.0885474844449044 -0.142825146864877
0.130761950391336 0.0335571533649916 -0.168547696096674 -0.118858150094348
0.145620158254258 0.0174067349271694 -0.196213966396095 -0.0898384127129739
0.152355282604679 0.0362489474898149 -0.194315617289876 -0.108972485475427
0.121714295618804 0.133830351573117 -0.139655934712408 -0.153111144105563
0.0084543506679106 0.195244991316011 -0.0249599413990732 -0.153989744946928
-0.136217100743143 0.165929889885326 0.0102093480647494 -0.0470577574456138
-0.2367937949802 -0.0577345450162166 -0.0573934480190316 -0.0587966227426446
-0.0978855086745038 -0.24931629756486 -0.0963884052689191 -0.193804693206999
0.0650899485835413 -0.242187126234843 0.0604945033818506 -0.382908882210964
0.0624551490154176 -0.267558572960891 -0.0611941527286021 -0.197574541573402
-0.115727748697983 -0.238858591806445 -0.0788819420496072 -0.0815722602833427
-0.209578605788419 -0.0616369063488107 -0.0472927696068583 -0.0422193747125335
-0.142992018982935 0.16431785942819 0.00609267735488576 0.00355421999830463
-0.000238450571978853 0.217541443537206 0.0096706074810566 -0.0667584177638775
0.123249768214417 0.175949627455079 -0.0509173549767423 -0.0979190622475135
0.194918915599938 0.0779932058998527 -0.100447878535669 -0.0954252177082804
0.214577498919326 0.0503899054666609 -0.127951173715569 -0.0748908482695862
0.220160793141383 0.072349887951982 -0.126967982520633 -0.081294846730654
0.175533216384078 0.205450344455216 -0.0983149768403482 -0.103452776222379
0.0142131289188521 0.291472699993796 -0.0214266764010342 -0.103601723380376
-0.188916010570513 0.256609349423993 -0.0106357214157284 -0.022395762185045
-0.353648506761806 -0.047963489432243 -0.0734743061678891 -0.0357030282663594
-0.188620075521617 -0.345658595624687 -0.0862537063470691 -0.141050703700941
0.0412514508866925 -0.374860803861008 0.0424811499549537 -0.272404737833187
0.0648720575265604 -0.338510101694696 -0.0867856494375086 -0.0880040038594901
-0.163417005418283 -0.306525042509317 -0.0461773770849457 -0.0306088115751771
-0.280934623081346 -0.0806035185350946 -0.0501036782929531 -0.047094667660597
-0.195575252533918 0.205667593153661 -0.0240805025660747 0.0124492296998111
-0.0130023745778912 0.278551554672287 -0.00681910821209078 -0.0106603636244125
0.143024143790405 0.230003762246538 -0.00697534117415602 -0.0287450493018707
0.234211244549488 0.11168294972911 -0.0153233792207474 -0.0535381608031133
0.250304385429867 0.0749198494665313 -0.039957529189709 -0.0479895822913627
0.251842160918415 0.0947434658164766 -0.040040439934583 -0.0444307776936856
0.203067737820112 0.241960572236317 -0.0366564224000521 -0.0435562139033433
0.0236215673095489 0.341349191184518 -0.00507138067668257 -0.0386936135311641
-0.204350837813757 0.309458590960546 -0.0232495475032378 0.0105744022300395
-0.410665257177335 -0.0233071978322944 -0.0757781943246524 -0.00286001607960766
-0.250572729361109 -0.378972521857109 -0.0555719610740156 -0.0713956103273211
0.0094369104725507 -0.441093812572148 0.0334996832069632 -0.128754304044987
0.0540416681521656 -0.361544917644973 -0.111240660222206 0.0549262491764747
-0.193565687385932 -0.329558176672395 -0.00142683968987078 0.0485747245285808
-0.316020721800179 -0.0836589542874003 -0.0410549271266998 -0.0384638162279032
-0.218488552198893 0.219099817183569 -0.053566696848359 0.0262906480884574
-0.0213036573864179 0.297552498170086 -0.0244845139352047 0.0580751246497014
0.142983117458935 0.246423101175721 0.0425712564745462 0.0541256349389652
0.237910616332404 0.126679482488613 0.0761842178158172 0.000606770709800005
0.248631464328331 0.0866753618214651 0.0538762676754163 -0.0138570847395472
0.243197950498894 0.10501683451752 0.0517876435214018 -0.00535361659624589
0.19357425993464 0.241888266183852 0.0332426365432552 0.016774743845493
0.022013164599838 0.329329816224973 0.0185941011967624 0.0293986645800458
-0.187329859151609 0.296267085747176 -0.0279183019397464 0.0435322108382363
-0.38300254726025 -0.00618241350664187 -0.0651578683316646 0.0288110182784785
-0.251575469780181 -0.346903091731271 -0.0135612860525214 -0.00322399111662884
-0.0182106156233542 -0.427291235449851 0.0334442005227035 0.0179174198255075
0.0296674019766517 -0.326559176313376 -0.127591341240684 0.209134218252894
-0.190024543187936 -0.2904731911835 0.047801572558882 0.13583800624127
-0.285511829372077 -0.0658258620236025 -0.0225494897995384 -0.0166438768833457
-0.193186021697808 0.189851130123989 -0.0743172356525088 0.0412873927160877
-0.0242633959442276 0.256507805137226 -0.0363483647561234 0.123577695437245
0.118284867552486 0.21607130775589 0.0903600363520517 0.132979733041232
0.204144854152837 0.118954045903226 0.159937702413381 0.056572805228641
0.208734550141055 0.0858362873542464 0.139897638919593 0.020703153946719
0.197458013241526 0.101133917418176 0.132537194863846 0.0327545362255867
0.148788190436735 0.207251824173057 0.0931938881145489 0.0681648884199231
0.0054443061216692 0.261387068064899 0.0374003888794051 0.0853175195938889
-0.148316241182178 0.217149610715456 -0.0308959628443635 0.0646258339538242
-0.282943495418526 -0.00797834022707885 -0.0498869077571294 0.0479177840393191
-0.194915893334207 -0.26583070848388 0.0238507371623352 0.046924116793346
-0.034212518954488 -0.344631122859453 0.0377456739886633 0.14048612060725
-0.00175462398400307 -0.23199797605035 -0.129652108415044 0.344376002780149
-0.146629166511649 -0.191395865454635 0.090374135736345 0.210337327906211
-0.191216401398678 -0.0326427730657754 0.00287886106561621 0.0111624643033368
-0.12409787458654 0.119991305504558 -0.0778488191357446 0.049181576436751
-0.0206198366905299 0.165371460594601 -0.0386168313008332 0.16753109108881
0.0734565187184787 0.146486111222535 0.126286285358637 0.188834051452333
0.136114891298537 0.0904164098745655 0.220140443703831 0.101595662932367
0.13660293528525 0.0723416156191476 0.20471070562383 0.0518163738660486
0.124453984533577 0.0857644359239454 0.188455416211761 0.0657671793686371
0.0822872082981968 0.147039786596154 0.130650739816353 0.107684533529379
-0.0171217042920479 0.160517853574431 0.041423757975458 0.121509425180407
-0.0984426244895567 0.107981395476485 -0.0352979880786732 0.0673471268322979
-0.150339909504578 -0.014685550763346 -0.0358706759416679 0.0508270358267124
-0.111098874104776 -0.158627768591125 0.046279785383492 0.0728127603479736
-0.0423696600057577 -0.217671863971439 0.0402213604001048 0.220523431106777
-0.0308904351220399 -0.0939228676091818 -0.114920845764195 0.433750488283628
-0.0761552928753748 -0.0591608001552915 0.122880607706618 0.255611787812802
-0.0638913710563597 0.00688316572451545 0.0340251412279972 0.0360468258563696
-0.0348915107494234 0.0313723051339664 -0.0638551709441736 0.044710420758252
-0.0152857562793312 0.0488522169994789 -0.0343096472034521 0.179002061176357
0.0146284678906676 0.0545929799399362 0.143366314129698 0.211401264763518
0.043994251908129 0.0487560615691461 0.246796868971624 0.12894597744897
0.0437769037072994 0.0489017227699277 0.238530611041459 0.0741574592643716
0.0374254052816427 0.0585464595281294 0.214366815013815 0.091408943790939
0.0136253290207067 0.071343741571252 0.141282528256253 0.133697527215898
-0.0306346498794277 0.0510489518829312 0.0315901811883179 0.139132096515978
-0.0411945986926341 0.00733458996456052 -0.0399883761011613 0.0567676965162447
-0.0246120467799199 -0.0111238581210787 -0.0225339071962925 0.0430965269021833
-0.0349941828097967 -0.0415297353665059 0.0541192051504189 0.0810486071419922
-0.0482513967887039 -0.0736247538982968 0.0397719808651752 0.256212354253989
0.0345627604151444 -0.0565074893952503 -0.0405247660220281 -0.299103357411212
-0.0224606476341443 -0.064066318757069 -0.116565276626611 -0.103509659205307
-0.0583888261882552 -0.00536880618820766 -0.014842022477363 -0.0185402620442986
-0.0175636502104649 0.0629678180139608 0.0482490405558533 -0.0247527099997701
0.0281772485900151 0.0504155720628011 0.0128363135976149 -0.136188980255944
0.0494733371376655 0.0222093621503519 -0.12890044476068 -0.163649342937886
0.0504423136757346 -0.0141263685546047 -0.2244104394949 -0.117492717980542
0.0561001883315766 -0.0217569563683381 -0.247024000640127 -0.0870877095766136
0.0630509726462583 -0.0123890126469785 -0.24549409056282 -0.119846752421842
0.0574729152390724 0.0375125577739551 -0.16997229389328 -0.183898984464551
0.0176178119627448 0.0770493787365957 -0.0274423921529186 -0.19011518340323
-0.0527848088205054 0.0715550598103206 0.0340397583933435 -0.0667019545537836
-0.0978371043451236 -0.0377369560309621 -0.0351525753171477 -0.0738698686805552
-0.00864862960188665 -0.109232808994099 -0.0987868770015107 -0.22396938038992
0.071343067951171 -0.0729907839827112 0.0774348202589382 -0.460330298653119
0.0473765180342612 -0.176443887143539 -0.0493190601395003 -0.273647613042821
-0.0750094361990648 -0.156071983602014 -0.104735415810798 -0.102943996390681
-0.137945997952216 -0.0315541235355662 -0.0368452372124725 -0.0297804126676736
-0.0780822580855444 0.120936732270333 0.0334908836526846 -0.00776344612069542
0.0203742264964448 0.140818638102465 0.0171425177912312 -0.109968943814738
0.0982016633864278 0.102807695948769 -0.0958407874540148 -0.144970245602404
0.136821833987676 0.0295576607424826 -0.179629623522405 -0.118006378904298
0.151277124431568 0.0123124170613816 -0.206967119496818 -0.0866880347438958
0.159043925249777 0.0312646839363489 -0.207193410017924 -0.106712630184197
0.131078051775888 0.135554398813782 -0.150769348954255 -0.152976144881339
0.0166718162378153 0.20373016282121 -0.0332218529010373 -0.159061779403369
-0.135868108470413 0.176285293720646 0.00943056472054128 -0.0498556897241673
-0.248101117612229 -0.0538118948294102 -0.060946681573762 -0.061928912386415
-0.109313692918661 -0.25650946081603 -0.103670987585059 -0.197899909951907
0.0636989048887563 -0.253979563496916 0.0537229482438545 -0.398426584474265
0.058734945478963 -0.281101999407319 -0.0674888916734152 -0.203797908082786
-0.127738031081426 -0.244598455882428 -0.0830960109981831 -0.081089791291429
-0.219405484405523 -0.0594888601732967 -0.0519539096524056 -0.0419505909800657
-0.142530491417409 0.172951534711164 0.00852739714787518 0.00347799874252267
0.00713769372859178 0.225658068634579 0.00879237902241484 -0.0686461824541103
0.135553059483721 0.17867882277581 -0.055509011255491 -0.100403852591895
0.204682619651446 0.0735774736393539 -0.108692126325968 -0.0969348946101074
0.224325585998192 0.0448341954364324 -0.135278933636027 -0.0732770798907872
0.230020569126714 0.0666469587231961 -0.135982956484177 -0.079428543086102
0.190029985214645 0.207762562413061 -0.105976946612399 -0.102064818373889
0.0255946683019458 0.302958755739437 -0.0287393990582973 -0.106836849979275
-0.187466364192905 0.271716524799916 -0.0122970638616113 -0.022558855026954
-0.369505327378606 -0.0406311717872855 -0.076549791800825 -0.0367755357421139
-0.208282888451156 -0.355006394766551 -0.0917848560736033 -0.143088598094935
0.0365206818799626 -0.391560201788136 0.0364371203933436 -0.283265298389846
0.060169255275017 -0.356360070490547 -0.0902484732623815 -0.0888167282466932
-0.178931771143786 -0.313381016748527 -0.04753911449047 -0.0283012715006741
-0.294331455344075 -0.0782674437033729 -0.0552757746290301 -0.0461296046195273
-0.197023403191413 0.217618968699203 -0.021951947493087 0.0140909038624743
-0.00476451614791571 0.290269780869713 -0.00678276991945509 -0.00987240055482498
0.157235586009577 0.234053157650956 -0.00688464486116076 -0.0304068010042998
0.246199001630333 0.106833919640219 -0.0189987267509709 -0.0571539329243874
0.262433613673238 0.068957087224365 -0.0431996068157173 -0.0482747517289418
0.264455173359573 0.0896266567900766 -0.0445657148959109 -0.0452241303732272
0.220654576427585 0.245512993181444 -0.0390681369472021 -0.0414826727455458
0.0375282486412721 0.355333625624352 -0.00978112727259944 -0.0396180019730945
-0.202240157807586 0.326722678743056 -0.0252102194241006 0.0128569468981765
-0.428041320001903 -0.0131074490215547 -0.0782715788703714 -0.00219957259185126
-0.273151286225771 -0.387636571885367 -0.0579138368845215 -0.0718187621928317
0.00281711901899905 -0.459181028044546 0.0296161350881819 -0.134692550972687
0.0485759484702785 -0.380843092726553 -0.11208200685397 0.0602608147309671
-0.212222659196968 -0.337088630474918 0.00191429654645533 0.0512622534441662
-0.330515624699012 -0.0793568100371981 -0.0453937647644143 -0.0367895254635294
-0.220300975055033 0.233302926837047 -0.0528359724660155 0.0295159106463983
-0.0126796158442012 0.309917502342745 -0.0228069411474364 0.0635373919709626
0.157698201257572 0.251755959501752 0.0473601650866953 0.0540887411320609
0.251470866105497 0.122890474484114 0.0778271276127124 -0.00449328263992936
0.261021219628245 0.0816684675801499 0.0552816411463649 -0.0159288223729958
0.255969460578982 0.0997974916137653 0.0519724644394389 -0.00729465790502024
0.210669316769499 0.245875359852404 0.035728771177421 0.0185022646600926
0.0350371584127317 0.342553102276579 0.0178615872422965 0.0302500560699033
-0.184863588895254 0.311441395574827 -0.0295021368493884 0.0478135160965549
-0.400183179001548 0.00303425656799477 -0.0656595274332342 0.030774190897822
-0.272968473539885 -0.354195483622842 -0.0128660603209372 -0.00171633120661386
-0.0253379076623145 -0.443904617491101 0.0329491512465079 0.0167606845356381
0.0241323689515907 -0.342966001083694 -0.125509936596744 0.221388256477908
-0.205648547414689 -0.297567244659403 0.0549374397150823 0.140429472053684
-0.299160816015007 -0.0624772185247777 -0.0252598830341352 -0.0147398127296509
-0.195097458673852 0.202553222098242 -0.0745371883411477 0.0459826624117887
-0.0163130011310925 0.269478078753132 -0.033077041006892 0.132774550384264
0.13117077174973 0.222479488238475 0.0993229188961094 0.134686592600555
0.21619496163232 0.116464681906904 0.166173073830627 0.0501364266798216
0.2193658348191 0.0817891520119865 0.146446358647236 0.0176037356884098
0.207880327905653 0.0980587810299193 0.137140736805392 0.0301397821310016
0.162177701315103 0.210956950863433 0.0998263013600217 0.0692126916849203
0.0147450088665592 0.271928839442092 0.0398285044920828 0.0875501375607976
-0.147159802348194 0.228731347144402 -0.0319457405050539 0.0686367764769841
-0.294380355249507 -0.000718935065758562 -0.049420446802714 0.0516557090856223
-0.211082765680991 -0.272008770967744 0.0275251738612839 0.0485926594596284
-0.0406015267584569 -0.356860448048359 0.0406315245533394 0.143290370174651
-0.00661054369155435 -0.243276111453245 -0.123842694628912 0.361690684503134
-0.158629272510378 -0.195116138967181 0.100627603935236 0.215841171894242
-0.200323433990577 -0.0293982562290249 0.00234817463581776 0.0142963254295518
-0.126476536766364 0.129039375326891 -0.0785426602140504 0.0545926555308138
-0.0162135704368926 0.174101237054905 -0.0343109131826874 0.17862632378824
0.0813507228675151 0.15157182519098 0.138772809088176 0.191392300220913
0.143895982517512 0.0897131033880455 0.230928225073962 0.0953709753695298
0.144389013085322 0.0704510555375781 0.214952278972997 0.0469217350852157
0.132172690730084 0.0849570379645698 0.197822681379556 0.0619781190462641
0.0912500854113276 0.150448514905962 0.139445077346992 0.108182065432134
-0.0125878906657383 0.167095199198738 0.0455596514948811 0.124748079217445
-0.0987706138846224 0.114191925845029 -0.0366370454285281 0.0712479734887034
-0.156034652438085 -0.012170423556919 -0.0341786280191635 0.0547975994065351
-0.120714122988261 -0.161750236706078 0.0517997881875356 0.0738478408305654
-0.0473517857791873 -0.223856880347536 0.0456234952454966 0.226147494094141
-0.0338336036890683 -0.0980199220927383 -0.108329216673716 0.454212610175725
-0.0812003463117465 -0.0597333377253069 0.134047915846281 0.261724099883035
-0.065946637459445 0.00864621376218726 0.0361937927351348 0.0387487772845259
-0.0356186112680024 0.034479040004705 -0.0652159491701008 0.0497738696866414
-0.0143801187916005 0.0522427331823987 -0.0292750369203008 0.189385155919664
0.0167452418042155 0.0573028514551902 0.156400235641955 0.215113356943396
0.0473747283380181 0.0494918708455385 0.259800504054807 0.122521291276753
0.0470065135512586 0.0492590158693202 0.250129575331253 0.0683646817976123
0.0405580641863859 0.0601823743317444 0.225672335368266 0.0872959234245402
0.0170527472137734 0.0735941343206233 0.151610087525292 0.134196931560661
-0.0310028576360621 0.0540165134400169 0.0362638078207756 0.142847371811422
-0.043052962048797 0.00880961745050526 -0.0418823762015217 0.0600027954531044
-0.0258241449062987 -0.0118218033781422 -0.0208280658296216 0.045872975683128
-0.0378375665291126 -0.0426985805950918 0.0597240401804587 0.0813205118158502
-0.0508521252186393 -0.0747086821020789 0.0466753007721698 0.262751050169807
0.0323758544094396 -0.0592730854903819 -0.056908040179808 -0.30434557546742
-0.0261243854476778 -0.0637849006120525 -0.125151641844846 -0.0966782946659024
-0.0597561300398457 -0.00307922795489893 -0.0168502017770436 -0.0176810231814059
-0.0143008139008077 0.0639329270410261 0.049019471703984 -0.0279128743892617
0.0310932181228994 0.0485114614761614 0.00598233249028735 -0.141018785937067
0.0523026408180021 0.0184572670549424 -0.140345972285914 -0.159385133268828
0.0508327490434741 -0.0179334142661245 -0.234889240366515 -0.107036442415932
0.055512031632377 -0.0261032755178564 -0.257704771198276 -0.0738886069979716
0.0630333207328532 -0.0167367870491905 -0.259483234433391 -0.108036936637895
0.061545048201723 0.0353844150976258 -0.185410998131826 -0.177970198306172
0.0234374436967757 0.0777019195311007 -0.0404481759996966 -0.192764151282289
-0.0497638420098836 0.0759437499105138 0.0318973668702215 -0.0711780458721344
-0.10177275313975 -0.0324828762221865 -0.0403501032155516 -0.0766154804722482
-0.0150957813813209 -0.110504155182027 -0.111150658727725 -0.223033559977871
0.0698366052823782 -0.0791645919096153 0.0581506274671035 -0.471700570684386
0.0396224823888295 -0.184009253081369 -0.0630119312507935 -0.277517713395227
-0.0857979284024302 -0.154550908475731 -0.111603372121422 -0.0976265241990652
-0.142288504865265 -0.0264409225946234 -0.0404359860002624 -0.027968244999587
-0.0720256855855984 0.125179571753227 0.0349311341524352 -0.00956718476931567
0.0291247712816463 0.142036253138489 0.0121409555935633 -0.113574037661095
0.107249270902718 0.0984175511971564 -0.105917580290967 -0.143308120954154
0.14087380699465 0.0218707500315584 -0.190613473574007 -0.110254462709267
0.154851203468151 0.00339924740705657 -0.216630925160831 -0.075687095967696
0.163182942207434 0.0220391619427725 -0.2191655054848 -0.095812031300599
0.142692798998504 0.130583021624257 -0.163856190642125 -0.146365086785072
0.0303677061774189 0.207296943019019 -0.0453411893396085 -0.161557946707222
-0.128244375128005 0.187047695133761 0.00705972000744846 -0.0513123761863859
-0.256828757896659 -0.0413870269608702 -0.0656004196181163 -0.0622733043717964
-0.125674121554664 -0.256581222396904 -0.114634380225046 -0.195311311839433
0.05483856766943 -0.265004769149521 0.0355263703205498 -0.409288033113885
0.0463540430106544 -0.292757651855739 -0.0772463351701931 -0.204502401451559
-0.143737615991494 -0.242590743006613 -0.087814819080898 -0.0765854003204476
-0.226942796602165 -0.0509291902690936 -0.0570771834850999 -0.0387707769158355
-0.13558760756811 0.1831713873931 0.0107385099614355 0.00236538105328856
0.020832702803726 0.229825057798353 0.00565945521532111 -0.0703784449801227
0.149531910714864 0.174222636173641 -0.0617046870472482 -0.1000615578201
0.213435650054426 0.0621983804567276 -0.117812807108504 -0.0935695205604589
0.230585582393506 0.0316047143357267 -0.142384936848789 -0.0666118997514126
0.237304839000607 0.0537774383501817 -0.144857890729118 -0.0728494742728975
0.207628009619789 0.20203251279 -0.113562667922998 -0.0965727270174666
0.0450801314037096 0.308788672122792 -0.0382333341369486 -0.107732986477547
-0.177023186495604 0.286926392245102 -0.014301364321966 -0.0221435562710718
-0.380873261340898 -0.0228603600280304 -0.0798186973152889 -0.0350065401617708
-0.232470375598321 -0.352753033805315 -0.0984805526629658 -0.14010174647393
0.0214189124278455 -0.404950179644194 0.0221725374810364 -0.289632006153455
0.0445408846755114 -0.370444535871237 -0.0946627662754106 -0.0858601622474847
-0.20072736209419 -0.310459754147894 -0.0483028755381191 -0.0254786825357165
-0.305191777098002 -0.0663642762131949 -0.0602917104346085 -0.0422563541605523
-0.188713839140885 0.2316573176311 -0.0194560573858623 0.0150948950436144
0.0126471905785576 0.29675253634369 -0.00677877383372151 -0.00861404861222374
0.175989425983996 0.230816974315903 -0.00820155866036432 -0.031604150100228
0.25737796482237 0.094620547304038 -0.0245697038984213 -0.0592950502104941
0.270973231407075 0.0540172972389077 -0.0469710187494368 -0.0466420178571949
0.273789195417478 0.0749766695690057 -0.0497633566551193 -0.0421978981664491
0.241080310483113 0.238437536300277 -0.0419868634486012 -0.037967169973044
0.0596298113287725 0.361035849454705 -0.0151949035940545 -0.0391796130141757
-0.188771915692002 0.343567958084295 -0.0258831015679516 0.015932391542462
-0.440184460556571 0.00957402171238616 -0.0786889491891449 0.00155178778749783
-0.300880006275312 -0.382779373288915 -0.0614476924538851 -0.0695683141930438
-0.0157445138184619 -0.471734517013206 0.0225266359968898 -0.138839507496866
0.0310954940484272 -0.39527665395204 -0.108988221759019 0.0679739331022022
-0.234066299624124 -0.334499799097461 0.00677727405985877 0.0528676975332189
-0.343368418598336 -0.0658744915214783 -0.0502801387461597 -0.0329728073688065
-0.212826171900429 0.250052401052878 -0.050110613428919 0.032260474042988
0.00469512755360313 0.318581670324031 -0.0190883744810339 0.0681265183819532
0.177143057825565 0.248667100073723 0.0522391255404483 0.051571294345488
0.263291143151028 0.110489139787307 0.0768497606756258 -0.0116997182459811
0.270632581290952 0.0681080521204557 0.0555219617906536 -0.018903727499888
0.265986551747757 0.0861012058502708 0.0519624003931408 -0.00939627873601912
0.230341580462056 0.23911226456516 0.03878416802157 0.0187966922126139
0.0560750244567642 0.348045537350318 0.0173783734396347 0.0306586528365074
-0.171573420862054 0.327095220934028 -0.029368091168839 0.0514800333829261
-0.407751626903191 0.0239261536545315 -0.0640643825352581 0.035674103230376
-0.29950795922241 -0.348873755047409 -0.011309771269823 -0.00109254629843391
-0.0433040980443023 -0.454560716018486 0.032663918973173 0.0154413312499817
0.00893534255345209 -0.355171581222797 -0.114695075130623 0.232525541373848
-0.227772020322224 -0.293615680627403 0.0649830119351106 0.140807492250278
-0.30989205254905 -0.0496649150762491 -0.0277645872205494 -0.0113496722788601
-0.189363405225337 0.217922489526249 -0.0718781080359692 0.0512566182171184
-0.00136023407338528 0.276956667256129 -0.0254121202573428 0.140515198263405
0.148208144003232 0.220657844878062 0.110662951711523 0.13091892189414
0.226675203426054 0.10622511304564 0.170053531018739 0.0386929661122515
0.228741346350443 0.0703254415846717 0.150580980335773 0.00984177357707823
0.217354326585044 0.0878048566708474 0.141461957280078 0.0230505104050351
0.178707736704113 0.206195047866162 0.106648495411059 0.0667319254232515
0.0306033636701747 0.277172269501277 0.0437779132557393 0.0876193940410512
-0.137464670586297 0.240457055834065 -0.0308632379156913 0.0730759150312926
-0.301172689022089 0.0144578689656223 -0.0454911385813134 0.0557276251234453
-0.23126322357108 -0.267562955350706 0.0317252566676076 0.0479398021977834
-0.05625491680803 -0.363132492061591 0.0464455594348387 0.143863246518438
-0.0181016165527575 -0.250331821136704 -0.108537405909042 0.376388536088807
-0.172423044688212 -0.191704475126078 0.114505089012173 0.214194278981217
-0.207200221817204 -0.0211421471614951 0.00286851890947779 0.0161623438262543
-0.122458988642342 0.139526458189383 -0.0761206192012213 0.0609706207298143
-0.00635601281822118 0.180345202952803 -0.0245605529915958 0.186752444507867
0.0926101170464593 0.151468279580544 0.153839528629664 0.187764912602589
0.151901887340749 0.0829295824921416 0.238934855053706 0.0814658261340419
0.151518360107207 0.0638452640345118 0.221637128511787 0.0359123925999812
0.13945865722759 0.0788458445200161 0.204576402026825 0.0524117625639248
0.102463002565575 0.148687128454817 0.149403211107157 0.103438138018132
-0.00367722971186916 0.171884337927894 0.052645706329821 0.125293671306978
-0.0952551501060675 0.121038975827599 -0.0358310024928705 0.0761872142188933
-0.160240036971442 -0.00509014025278567 -0.0303311837296887 0.0589299746556556
-0.132624273627768 -0.159290223137729 0.057381809649334 0.0716676222117065
-0.0570387289867408 -0.226406098249496 0.0561175202308603 0.227257600783358
-0.0387268074211188 -0.0993710831520776 -0.0874664434984691 0.469617855208655
-0.0860208547861422 -0.0568930949153939 0.150189553878531 0.259298283838692
-0.0669726839032834 0.0114254298343579 0.0391691670786132 0.0397948912441397
-0.0347568285995196 0.0382959795888692 -0.0636640986045336 0.0562822360691312
-0.0114115263977396 0.0552876127783394 -0.0190576972792836 0.198154644969983
0.020714503904328 0.0589068704419244 0.173164141927912 0.209936665283489
0.0508703222315812 0.0481183199963736 0.270777585520497 0.108946603921074
0.0510277552932815 0.0487200895045463 0.259138254723246 0.055597227408806
0.0459900875243899 0.0589971509287152 0.235116540751341 0.0763631435758483
0.0221559249596171 0.0746080831896459 0.162721045949617 0.127620387048967
-0.0289670321960804 0.0573694530556194 0.0450252203492751 0.144064475881887
-0.0442571660166317 0.0112754677329786 -0.0413091180962787 0.0637561079016934
-0.0272587534270229 -0.0117580353312182 -0.0169521744216404 0.0489071386946082
-0.0415086055520411 -0.0416803122773524 0.0659735888568065 0.0782270681163611
-0.0549104083803107 -0.0733903348341055 0.0592361359147111 0.264781493443359
0.0292417723921594 -0.0608771371549095 -0.0730804888992591 -0.299623299346254
-0.0294725039569555 -0.0617063606506657 -0.129709079815654 -0.0872405605759514
-0.0594280098554763 -0.000649039424376927 -0.0197473069027886 -0.0161775476723336
-0.0105434926239547 0.062826839774179 0.0477976114193552 -0.0311614055140796
0.0337662480504585 0.0457661275692814 -0.00209049586722293 -0.141463860061609
0.0530500861218742 0.0141312755537351 -0.149719186737173 -0.150766913045387
0.0489979592297326 -0.0214689171062046 -0.239562753126387 -0.0908162956761236
0.053044863958658 -0.0297210182292988 -0.261418718206827 -0.0587484290771339
0.0610212589572609 -0.0216749032406529 -0.265398580613832 -0.0914182773220411
0.064193054398119 0.0307891883926653 -0.196320595362713 -0.165048860668487
0.0289665089761813 0.0756433150339886 -0.0533777320228847 -0.189696900641163
-0.0441858457122575 0.0783794709899397 0.0286677833853199 -0.0736446455790488
-0.103415800878376 -0.026335804643383 -0.0452179740552687 -0.0763567045574043
-0.0210226715360305 -0.108833660392019 -0.121127462931304 -0.21522372095814
0.0654999132735308 -0.0840349548030153 0.0336497912503889 -0.473282381811418
0.0294155267996921 -0.187147405192956 -0.076972000680134 -0.273014428701985
-0.0939032576256483 -0.148304275124397 -0.116011287944403 -0.0890260245697311
-0.143471081528257 -0.0193489924412856 -0.0435091940413689 -0.0241956460154375
-0.0644430599953989 0.127832160738537 0.0351672392861585 -0.0125383733663248
0.0371924990162295 0.139015214966148 0.00549628687855973 -0.114057281893837
0.113076896844941 0.090832744552728 -0.114419508061177 -0.136506107420336
0.141149373854951 0.0120976389991208 -0.196933774854904 -0.097843812080795
0.153658542408896 -0.00692551250040622 -0.220392752614225 -0.0626066398428523
0.162747765466938 0.0109942449632915 -0.224924587180915 -0.0814194160129943
0.151096376285035 0.121501404639827 -0.17166715684102 -0.135255643727425
0.0435241557389504 0.205108052491596 -0.0566195230339284 -0.157656967832822
-0.116971140690535 0.19286731527554 0.00431494124317471 -0.0518801975791299
-0.259284192075708 -0.0273486104489051 -0.0691024229907627 -0.0605654994731282
-0.140263621696308 -0.248630107116832 -0.12286182741522 -0.187967494727596
0.0420004322878884 -0.269624104678739 0.0151102876603869 -0.408178294483665
0.0298115013594623 -0.29718075049931 -0.0861585590025304 -0.200035227157943
-0.157028530222959 -0.232558937328392 -0.0899279328563252 -0.0705129289993719
-0.229796537907294 -0.0398139349598983 -0.0608712366611248 -0.0335795456169347
-0.123985342696378 0.188208298025012 0.0129544080904405 0.00066380159310186
0.0344019112254108 0.227486238646525 0.00193614928956653 -0.0699063396993765
0.160085510571777 0.163549989535194 -0.0674773580885029 -0.0969312541896036
0.215132949507769 0.0484208491112474 -0.124979463803383 -0.0872196736810866
0.231057470051213 0.0169797218745706 -0.146236281597329 -0.0577489601769137
0.238365041808765 0.0381880736242551 -0.149470290627163 -0.0621548876480373
0.219947436984194 0.188635748021616 -0.118790303037389 -0.087774730349754
0.064079080950808 0.30582353069756 -0.0470516076276992 -0.104120867636899
-0.159521702645126 0.294747806479286 -0.0159096412697311 -0.0202440192089127
-0.38246199931818 -0.00175544615587494 -0.081101619568354 -0.0313397183452005
-0.252588624955233 -0.339530436397442 -0.103854918237394 -0.134080099247944
0.00344450272205868 -0.406615617041081 0.00636135083229297 -0.289573194788377
0.0240659852091862 -0.374028771222967 -0.0961019655761362 -0.0810066875677579
-0.217395718272896 -0.297732045170208 -0.0470866436338233 -0.0225254671355279
-0.308999195814173 -0.0509258523609528 -0.0642209124545888 -0.036468856705892
-0.174568028004653 0.240556445605941 -0.0164246601686434 0.0146954351068042
0.0309268555824461 0.295205935494114 -0.00662304743435032 -0.00688658184982286
0.190503962376359 0.218587070255812 -0.00965518896966829 -0.0319002089039661
0.261127393402483 0.0774977830060332 -0.0305800908044089 -0.0591251148254665
0.27315504254327 0.0372379065794622 -0.0492871405621491 -0.0434315547131429
0.275570409051304 0.0574879009266468 -0.0521920390131506 -0.0377035314755551
0.255272570881725 0.223484971448005 -0.0427338242541082 -0.0336433514775024
0.0816480777509047 0.357061085891048 -0.0203343215692 -0.0370082190334712
-0.167426292843141 0.352816537843698 -0.0259819378853268 0.0188152864681914
-0.437865819989971 0.0326202236443367 -0.0773844646567503 0.00502093186391452
-0.322718543151241 -0.36559272741737 -0.0620756145698815 -0.0655907692851572
-0.0366241992400086 -0.471998684838376 0.0145580489922524 -0.138642259736666
0.0105272020365972 -0.399587151657056 -0.10216146175749 0.0732216796266705
-0.253519282302406 -0.319270749818829 0.0113380962963198 0.0517544236922159
-0.347234816600531 -0.048676298080409 -0.0529190179437305 -0.0280739070742445
-0.198140095751751 0.26076425797034 -0.0462018232962904 0.0346893478661295
0.0249554790069152 0.318508415524888 -0.0144170918087909 0.0705330653648671
0.192997451226306 0.238104149408142 0.0561521628417644 0.0476293921795894
0.268326023476592 0.0935284822133684 0.0724762499494654 -0.0181775497926265
0.273695035476164 0.050124172035613 0.0549545818078439 -0.0222628542592381
0.268364292430585 0.0688076995409166 0.0506400372773628 -0.0112345275181193
0.245195790719467 0.224419244037221 0.0407853829682997 0.0178131354449399
0.0780356828599508 0.344622945612621 0.0162368059776208 0.0309096780204086
-0.1520205981427 0.334914989912706 -0.0273434793841781 0.0547398166079847
-0.404987242061909 0.0455865283551204 -0.0597013573483818 0.0392375348607603
-0.31960500888095 -0.33168565899043 -0.00894144934513585 0.000101424137375066
-0.0646529809050703 -0.4527062699625 0.0321183922642181 0.0142676057062236
-0.0105361718521763 -0.357824576746215 -0.100214339373195 0.237879668851473
-0.243257627043501 -0.279266850548082 0.0737311342522697 0.135234220009821
-0.313077882572727 -0.0341825475527851 -0.0288029682715188 -0.00765952718529875
-0.176655349741238 0.2284214449124 -0.0664528671352017 0.054887301017002
0.015911243632538 0.277175375555831 -0.0158864507662178 0.143690730087115
0.162358486923008 0.212290583604799 0.118919594810977 0.122920660834426
0.231688818982418 0.0916052740579858 0.168710813849933 0.0267078219732823
0.231784929389888 0.056465961488418 0.150493890439673 0.000432294568997599
0.220140037244066 0.0738216091813181 0.141745616636361 0.01515276946701
0.191446755081177 0.195226199341788 0.111844571232242 0.060920030711565
0.047544964877441 0.275015975455801 0.0463269194164705 0.0860677297598495
-0.123303202142112 0.246858195718785 -0.0279599397148439 0.0768865797920847
-0.299360546793115 0.0294933704855942 -0.03995666742909 0.0586048335946134
-0.246076576751142 -0.25386030921135 0.0364747552813074 0.0455535426039958
-0.071134860991406 -0.360522576970737 0.0519611839427839 0.140388511465244
-0.0310632676100408 -0.250502989496522 -0.0861081068864381 0.380928313648891
-0.183556459003567 -0.181780499650638 0.125832145198538 0.206021014001248
-0.208106803708745 -0.0109999830291475 0.00311912739294363 0.0181102894103098
-0.114098304055476 0.145737533856308 -0.0714432658212576 0.0653851504239641
0.00483754345040886 0.181260661385122 -0.0125457555036291 0.190291477142148
0.102705459505356 0.146330135439579 0.165523854094891 0.17664760090861
0.155640398111369 0.073433598497838 0.2412560130671 0.0649542620820505
0.154424831821509 0.0545534281777924 0.223316757765302 0.0222652629494031
0.143335648481556 0.0706549340194431 0.207072621280771 0.0398486065927396
0.111828329250915 0.142132130933626 0.155927228800186 0.0934842464841696
0.00636739210572332 0.171938833108032 0.0577812992926629 0.122290582016059
-0.0885878244273179 0.125592593808256 -0.0328271585729941 0.078804664512695
-0.160602905383194 0.0023951121224055 -0.0238143493507543 0.0603959986107473
-0.141708340453892 -0.151479376425803 0.0626606626701309 0.0670273646202211
-0.0667705843239057 -0.223436198589454 0.0657710801676879 0.222599880973648
-0.0427985079461667 -0.0976680794631361 -0.0626360167830434 0.473008442650719
-0.0889395211717284 -0.0519164086950262 0.162462307890497 0.248632349381151
-0.066009403784379 0.0145959132236843 0.0415497871098783 0.0390933749868982
-0.0325482031726523 0.0403567716029236 -0.0597613997696269 0.0605290783974904
-0.00815037012944801 0.0570529262431916 -0.00590889091375954 0.20057179992306
0.0245227551759654 0.0584288720108678 0.185777762683346 0.198812755955176
0.0533879567420396 0.0451027427297507 0.27556661072631 0.0908467184225554
0.054002801467541 0.045799703086375 0.26127046165022 0.0395647358565258
0.0490284166675935 0.0564471033810995 0.23897483020666 0.062273779935931
0.0268018502881403 0.0735077723857235 0.169953625645017 0.117034218487589
-0.0261176849850351 0.0597018105465543 0.0524876026136016 0.140624613610608
-0.0444715769697299 0.013558182660929 -0.0387453270639616 0.0665229994071592
-0.0279855907351808 -0.0111816989903902 -0.011496773123994 0.0496267741595776
-0.0442442752634985 -0.0393852265622041 0.0706424987924837 0.0722409800706996
-0.0572963886149468 -0.0695604611086924 0.0717429676686119 0.259512550287128
0.0259308179625242 -0.0608541294027091 -0.0824613354210589 -0.290849947762245
-0.0317966711164293 -0.0588241128888034 -0.128702360424036 -0.0775637310606095
-0.0589623182413008 0.00121537095863894 -0.0210281284637473 -0.0137883912961111
-0.00763379664622035 0.0612422072709534 0.0457286837519169 -0.0325456421144911
0.0342627080448693 0.0428701585363749 -0.00844284073645517 -0.139016179822706
0.0524442887084386 0.010686489853209 -0.152754873437585 -0.141103497181953
0.0462121255596791 -0.0236833690665704 -0.237874634317903 -0.0773683820799691
0.0496970125635942 -0.0319363699391439 -0.258694998841301 -0.0457094560835713
0.0579782413190884 -0.0248246009981245 -0.264595415459944 -0.0763695350425414
0.0638185100160795 0.02700560372687 -0.200105203346002 -0.152282708480921
0.0326277974335601 0.07218289811371 -0.0618416907758509 -0.183526317484211
-0.0393988458646542 0.0778664058594997 0.0256592053451045 -0.0744375471693776
-0.102160053517666 -0.0209649350549182 -0.0486993357742708 -0.0754290704818727
-0.0251036827450845 -0.105503310415734 -0.125465041091736 -0.205570595100791
0.0611406357482312 -0.0855456714850899 0.0170287588676218 -0.463131546814141
0.0207627204154913 -0.185324834402961 -0.0843699373289464 -0.26407837654536
-0.0980536980493457 -0.141024405475339 -0.114748727110695 -0.0805489280910809
-0.141805585679294 -0.0137916832638385 -0.0453648180643439 -0.0201445808709247
-0.0574253198539488 0.126249560615994 0.0348847687455534 -0.0144250539815988
0.0423937182197777 0.13421662135917 0.000608536105531433 -0.112038535918413
0.114821580779581 0.0827095223934468 -0.118128031213108 -0.128550078597585
0.137466886162697 0.00521852510420468 -0.197721237057562 -0.0863305616192969
0.149176905850181 -0.0139872103939946 -0.218587877185721 -0.051151747806044
0.158231659713349 0.00297542868859044 -0.224573554313587 -0.0684046379255347
0.153806525086644 0.11221838831665 -0.174385580098494 -0.123282677480674
0.0531305759090073 0.198884523248881 -0.0646776523682226 -0.151331869172758
-0.106183791041703 0.192999638520142 0.00290015117514047 -0.050930338440563
-0.255856766368932 -0.0159356892710437 -0.0704365600329098 -0.0580342256833491
-0.147445219554757 -0.238035386760163 -0.12520771456251 -0.178397601091718
0.0320817420332632 -0.268001910973243 -0.00065907702834638 -0.398010921847707
0.0170050024398499 -0.29349872624977 -0.0900570034010478 -0.193275713113009
-0.163633754783865 -0.219871308114514 -0.0884540723565695 -0.0644139266088145
-0.227145971600375 -0.0309732072910306 -0.0623055755185217 -0.0285989101224255
-0.112927851918058 0.18800510809029 0.0138230947120558 -0.00143322697074453
0.0439072591592692 0.220418376605143 -0.000868467827207301 -0.0680590585956464
0.164484006074169 0.151950886399217 -0.0706712648744248 -0.0921461013712241
0.211123040121635 0.03717797937762 -0.128083593704867 -0.0795960001223837
0.225660746686783 0.00535142546852687 -0.144809043933009 -0.0500030180550657
0.232966935980229 0.0260888318472528 -0.149514732653191 -0.0528014991011287
0.224351641146991 0.174980445418382 -0.119285628447177 -0.0793478101971523
0.0773659589631601 0.297524252313877 -0.0532413715334149 -0.0988068391316802
-0.143535513982646 0.294609283465046 -0.0156379882772033 -0.0181759184510169
-0.375766497934362 0.0128924531967239 -0.0800641328987039 -0.0286870399399859
-0.261283843217712 -0.321570246681403 -0.104834883254676 -0.126284884283454
-0.0101991152442891 -0.402374633288497 -0.00365534396583186 -0.28165544732976
0.00805020397054696 -0.37071306983938 -0.0946680834230888 -0.0762561845097084
-0.22744231302689 -0.282349252162206 -0.0443005309493981 -0.0197795639231148
-0.305816817750704 -0.0389092245434379 -0.0660658439279025 -0.0305051618549551
-0.160660646438176 0.24181976142345 -0.0140483819598637 0.0133481937105679
0.043270424323901 0.28772213404891 -0.00690602915016029 -0.00521662620743545
0.197345220068866 0.204820507719669 -0.0103139467801512 -0.0318314503456151
0.257110437671346 0.0638402832648076 -0.0355347133819117 -0.0570607927243061
0.267770490598204 0.0228129613579658 -0.0494200756346698 -0.0403674135648257
0.269858579711227 0.0432340609759155 -0.0532301163735754 -0.0327861224402819
0.261182734085609 0.207431399117826 -0.0418686380981401 -0.0300720454100881
0.0967900578569609 0.347062240963258 -0.0237811967554488 -0.0335670002351133
-0.150188285782634 0.350199473069764 -0.024228651555959 0.021117953631215
-0.429140027116126 0.0488116326526353 -0.0738644072302823 0.007547884545475
-0.331942838529057 -0.345947868789651 -0.0608764628382079 -0.0612873813662692
-0.0509320382213941 -0.465337061737549 0.0074053667828908 -0.135355559570197
-0.00732090414893307 -0.394652172197123 -0.0951627715611626 0.0741829013592176
-0.26339179702562 -0.302811310849365 0.0150597251161315 0.0492944350705933
-0.344060180233311 -0.0353311235766361 -0.0539884460880863 -0.022431836980821
-0.183073042634304 0.262797589108671 -0.0414401805478702 0.0344962224666268
0.0382876866694707 0.311146496693845 -0.0104193823865164 0.0715700529235395
0.201348558762468 0.224200184037478 0.0576773530676004 0.0430206693407459
0.26472650100795 0.0792672568339681 0.0668477428977448 -0.022345607317663
0.269275973718425 0.0367546488632804 0.0530720910826202 -0.0246276897593281
0.263586534450356 0.0556740649804862 0.0490167055572786 -0.0118677768597397
0.250979414258271 0.208838789047339 0.0425159411146938 0.0165042884638187
0.0914166822433824 0.334821435855839 0.0153527542452326 0.0317426939871789
-0.134694919766234 0.332524131706802 -0.024995287439764 0.0571309143401793
-0.396888028883942 0.0609677772285013 -0.0546689519780053 0.0397700779904797
-0.327297198316827 -0.312472807895681 -0.00675270214421889 -7.2806926145216E-05
-0.0761302109859595 -0.444177547683947 0.0304399491887944 0.0130121332402686
-0.0243440766716774 -0.352319848644386 -0.0869274919810619 0.23555088361878
-0.250637495410555 -0.264797958203992 0.0782007631797169 0.128243984375842
-0.309284430380739 -0.0226003038461981 -0.0294285786182722 -0.00369806236323472
-0.164068084772757 0.230686964180352 -0.0609546578862411 0.0556303353594889
0.028308156711228 0.272038535732625 -0.00905920759215642 0.143181534386506
0.170450151695968 0.20076527085919 0.122601549318338 0.114625605990745
0.228960594408892 0.0790640942612301 0.163272723548118 0.0171305419822998
0.228875877913141 0.0446459272263434 0.147678012710338 -0.0066371623121014
0.217970163194071 0.0629624472794896 0.139247385094698 0.00973697588059296
0.197178449318467 0.183083561078571 0.113613128259083 0.0549927290609903
0.0591060247546905 0.267626182475285 0.0477977964053677 0.0838958528155141
-0.11125325537462 0.244994063881405 -0.0244930791090259 0.0784313341827468
-0.292298475974362 0.0399974872709899 -0.0334540892810877 0.0585253725484726
-0.252582765646772 -0.238666468231977 0.0388865809719237 0.0420706689070026
-0.0805204933802021 -0.352043974973481 0.0541386841908478 0.13580450699541
-0.0401746577258249 -0.2459538859437 -0.0695656254066407 0.376047467011879
-0.187852733674484 -0.170382646615737 0.131525765944696 0.195632352370334
-0.205149834863402 -0.00394780490195547 0.00407041380068667 0.020027845430759
-0.105892142328455 0.147963105204329 -0.0654498898691847 0.0668884373746351
0.0128430500638867 0.178385279629572 -0.00333315581208653 0.18923055062733
0.107982301245253 0.139320310524894 0.170922201784859 0.165301939786971
0.154847075647466 0.0654787277637533 0.235521934207177 0.0518459684377434
0.15360182102022 0.0468081840263416 0.219481028055666 0.0115825042902355
0.142479197259885 0.06292126873634 0.204740566077484 0.0303405569466584
0.116742038745406 0.134551433500451 0.157247592655069 0.0844782338312833
0.0142769144612714 0.168805981678078 0.0608654623126576 0.118105259693471
-0.0819508213235943 0.12608113855545 -0.0296300180118138 0.0799091573690175
-0.157698828200974 0.0082816510733108 -0.0178580739349611 0.0599671196288381
-0.145929473625051 -0.142407066648962 0.064899826740604 0.061403493115264
-0.0712168163591399 -0.216694292945859 0.0721603134459268 0.215123259673184
-0.0456049186892325 -0.0942215026416633 -0.0440994936709993 0.465352430750701
-0.0892291864212837 -0.0468160069429256 0.166923878746063 0.235860837945499
-0.0638158931427898 0.0158368791163273 0.0425287606524374 0.0379260339943241
-0.0299355952711847 0.0408188750718039 -0.0551688316359632 0.0623454599494021
-0.00437234640736648 0.0560300117004159 0.00347646914221774 0.198563718252462
0.0271668944731448 0.0567881699706811 0.191886211363256 0.186531281603153
0.0539466895814571 0.0420261553650061 0.27183155386326 0.0756740175621581
0.0551878439729064 0.0424512084869511 0.257644921362759 0.0276170059436225
0.0509297084192578 0.0531617436363146 0.235709004967928 0.0500718952996467
0.0299951558659922 0.0705491697722827 0.171073579142907 0.106529978229054
-0.0234306434134858 0.0606216785093303 0.0569667928524668 0.135552107327169
-0.043646676895135 0.0156712256448339 -0.0367478179278214 0.0674608694107887
-0.0286218009959622 -0.0108492774784345 -0.00680860786125854 0.0488376214867125
-0.0454365751899065 -0.0371359321423043 0.0719348571869079 0.0659573402853618
-0.0571052469146954 -0.0656582940899524 0.0782128528217946 0.250321657584807
0.0499076208579541 -0.0449748095694454 0.0368173312567812 -0.296430423247553
-0.00302996451580943 -0.0650216258771456 -0.0873487782839207 -0.118291630657887
-0.0533750891864805 -0.0237381864457202 -0.0152529090597372 -0.0164460171546236
-0.0321449938973069 0.0501415641065351 0.0587535320512374 -0.00922270294458549
0.0120704667779245 0.0527418105365592 0.051656718506021 -0.129718913687781
0.0423946635640871 0.0293978506767565 -0.0784238550570316 -0.189360961710558
0.0507489552315408 -0.00316061968887542 -0.182712006449676 -0.165497038889198
0.0567800723245921 -0.0100174260468072 -0.214195271380579 -0.143263921220717
0.0594282544187014 0.000447557531274717 -0.207258225617999 -0.171414796651236
0.0464502102659231 0.0494509134975854 -0.12072436722947 -0.215868321217614
0.000938146892425667 0.0772137836010336 0.0172535476972684 -0.188149169987268
-0.0658119650335002 0.0545574850076452 0.0531404823542409 -0.0570874649924691
-0.0879064215073617 -0.0573770849869337 -0.0146997595848587 -0.0906606191495873
0.0118776591309557 -0.10599597639472 -0.026136246439375 -0.235509439401726
0.0860487421158276 -0.0645833937942225 0.206678448494023 -0.405436130431254
0.101188936431884 -0.161096453917019 0.0118584059017404 -0.270532866941904
-0.0269922345325457 -0.164839646102446 -0.0784191149660873 -0.112750305462961
-0.121303894204105 -0.0724372352503533 -0.0368732379253045 -0.0259995864960445
-0.103284301177517 0.0855392660881225 0.044886876344122 0.00619275928223129
-0.0183671726447134 0.136678300966635 0.0535539913036056 -0.100458981649349
0.0688312701665238 0.118740082146073 -0.0482127249892567 -0.164900160680044
0.118910767955533 0.0579755994449917 -0.141974441841654 -0.158347422368486
0.139364812695403 0.0453066810061454 -0.175405061522334 -0.13305913192822
0.138916760485189 0.0635460644413325 -0.174385088576688 -0.146473719188647
0.0953245863894865 0.160169616757477 -0.109328726267144 -0.177177242146986
-0.0291190458230207 0.199920963754911 0.000509626915291112 -0.15877525183637
-0.169750000452734 0.132787699320515 0.0205290302249759 -0.044720555260931
-0.232046822861789 -0.110911818481051 -0.0410503061705219 -0.0870450936020761
-0.0508463686646329 -0.271387707275215 -0.0319067454101645 -0.217616181387358
0.126934506877678 -0.242819677712165 0.172933282995174 -0.351892981850336
0.146134950987995 -0.26238779963769 -0.0330501816033256 -0.206213497524853
-0.0509756282517644 -0.263304308095726 -0.0655324173036028 -0.0846617720996896
-0.190691381898623 -0.123452765641198 -0.050344454609543 -0.0345910659011044
-0.177657111937354 0.116541452971536 0.0231142786952722 0.0140941846809842
-0.052292907860871 0.213543114998993 0.0388276873528936 -0.0610008850984903
0.0856141756322111 0.201032583730727 -0.0166806457499949 -0.112543819859031
0.171426145640454 0.115652592482602 -0.0815397930663291 -0.125183456957747
0.201287135373813 0.0927273839119599 -0.110529560927451 -0.102861384145585
0.197439423899649 0.113498651315285 -0.11313238202469 -0.101320353644335
0.135816697511019 0.243186393029387 -0.0776858285625387 -0.113722473991094
-0.0430517587577043 0.298648977887751 -0.0108803887057781 -0.105921139048923
-0.243126691710998 0.209432960381357 -0.0115290436609641 -0.0212008871474309
-0.35320884032581 -0.129164261706873 -0.0620243642957354 -0.0658387343476044
-0.122617573617953 -0.390159262914005 -0.0305403583186047 -0.169200463389609
0.138480754522457 -0.381175794367761 0.12942431452597 -0.247223355552499
0.17284583854383 -0.336619772043848 -0.0927143951353484 -0.100900832875592
-0.0793326532193386 -0.344996405941779 -0.0475252359528104 -0.0251086073476933
-0.257922992381911 -0.163708880309286 -0.0537791263754255 -0.0326726740475182
-0.242233882290952 0.143698366802641 -0.00493184731037067 0.0199370638025029
-0.0802220646793952 0.273193216288709 0.0114073550188183 -0.00458620980269846
0.0928398234775137 0.261063185815706 0.015244520934327 -0.0343681051726848
0.20118298937331 0.157889065525392 -0.00701687882535755 -0.0683731391292733
0.232270088660435 0.125474678395704 -0.0287253695492497 -0.0565816634812111
0.224491651787343 0.143197433926459 -0.0346694376287304 -0.0442414486954293
0.157200493617351 0.286311323502624 -0.0274125171939242 -0.0377892000565509
-0.043716965169874 0.351110898198005 -0.011536777791078 -0.0355687741279705
-0.269983757033329 0.258401762871375 -0.0372314870475536 0.0114746885575465
-0.416722622931073 -0.115715831835863 -0.0713125932937843 -0.0312826361192007
-0.176405775344832 -0.435414104857954 -0.0165011612618215 -0.0977177246508919
0.125471455124034 -0.450399853986545 0.0845252022281052 -0.111957766216804
0.171405439467185 -0.36484172610114 -0.156437689436036 0.0367774889888535
-0.102782192712229 -0.378941290864585 -0.0240171642403513 0.0630414648674981
-0.294139035944175 -0.177647876902872 -0.0466321733232507 -0.0178548778616712
-0.271360145906623 0.152856018120389 -0.0379546160506658 0.0293797706142049
-0.0946283185866553 0.291164924871376 -0.0221243599392591 0.0642121977768179
0.0884540913761253 0.280071550238812 0.0476168615062923 0.0607939574659906
0.201402725118714 0.175413756191779 0.0710494679826046 0.00393415215767513
0.227912208822414 0.138109218814644 0.0577181318872383 -0.0020814670491932
0.214519713131298 0.152005783690439 0.048874956589721 0.014818170170718
0.14800411883255 0.283424775343279 0.0310476083533878 0.0377729715557669
-0.0424862423622023 0.338471686657182 -0.00238517803878878 0.0377867571995311
-0.249400137914099 0.248398011625557 -0.0523291145004546 0.0440481290298928
-0.389521400066558 -0.0908206940134584 -0.0666892454340556 0.00653951829347316
-0.184092423298033 -0.403294592202961 0.00683197451919675 -0.0217647193449566
0.0943278328594375 -0.438823618079694 0.0441454834838961 0.0296820492406156
0.135994728828204 -0.334290820066352 -0.2106617399572 0.185674016162885
-0.108176620095727 -0.340685505057718 0.00234578099954905 0.158614020864531
-0.267872823977597 -0.151739249201426 -0.0304089974641651 0.00688422830544421
-0.240308811369939 0.133263678264353 -0.0656574937852919 0.0398633572677181
-0.0871054071766648 0.251765308748254 -0.0514463253954702 0.130362800908734
0.0699581865651397 0.246979468514932 0.0753677462126362 0.151902562834656
0.1709458859165 0.162167700383988 0.141587661243593 0.0779239922285457
0.189313835328592 0.129300377389919 0.135127990924782 0.0521562498993249
0.171234109151222 0.139991962052715 0.120909760185426 0.0689186527905278
0.109889739022971 0.239248848855043 0.0795476001138807 0.0987630251510666
-0.0463160716707353 0.265704646892291 0.0059310711384546 0.0963470165265388
-0.193474949207569 0.178125872528644 -0.0598911604763078 0.0627253237080937
-0.284667003447485 -0.0717348505352023 -0.0534898574054053 0.0335588043061921
-0.141536686805833 -0.309370423594708 0.0283330506311698 0.0378671945779882
0.0577390139439599 -0.352961659007041 0.0108703496293369 0.147377237471771
0.0740519596956078 -0.242933297273434 -0.241168094367883 0.319053937326214
-0.092170462600173 -0.231429296724695 0.027354877415052 0.237307883798264
-0.181676662504039 -0.0914160108427696 -0.00737550937545758 0.034447470030627
-0.155236226112713 0.0850410042766773 -0.0789113711310572 0.0433744391076252
-0.0618870686168412 0.162325146121213 -0.0696784006596018 0.172531909680479
0.0398994720048752 0.167526787837659 0.0943813415568392 0.21724585394668
0.110409637373351 0.120373499738491 0.192689736902356 0.13927685049087
0.121017930861261 0.102330454402265 0.192272567159153 0.0966751146741192
0.104631019401366 0.11154360199098 0.170389856247024 0.110840133344262
0.0556571934724605 0.164910563199408 0.107213743685342 0.14120962678946
-0.0494449548519717 0.158687784875979 0.00520474452492651 0.130763942582842
-0.121450471825544 0.0823464159472614 -0.0632126429208133 0.0608069488881069
-0.147942006143627 -0.0510949129205279 -0.0381408972458571 0.0431781637660986
-0.0790892332346914 -0.182831643752081 0.0398991595152684 0.0702387724890638
0.0176751630941496 -0.223055626048814 -0.0127442267394903 0.223419969482117
0.0017791841116542 -0.106578428987386 -0.240125099640901 0.407413691578177
-0.0576501298579375 -0.080353043488998 0.0497135323209636 0.283357519020635
-0.0633636973540767 -0.0135164136105393 0.0232182920141567 0.0575272522702416
-0.0432464521925856 0.0235139235581665 -0.0728265726634352 0.0378295698738496
-0.0271169438066854 0.0467702897270344 -0.0743027245535045 0.183956527493192
0.000832175865014511 0.0615288185500263 0.100381333691965 0.24492049043874
0.0307155894288165 0.0595631916047979 0.21475061332943 0.176604227121728
0.0339269476242429 0.0605146500911433 0.219377352672638 0.126089553362473
0.0266318549390154 0.0672879193948775 0.190718124003425 0.138980565913019
0.0020538882137693 0.0743276720113901 0.111302568290062 0.164451888955644
-0.0424173096155185 0.0463188650371456 -0.0039141218375826 0.143353892330568
-0.0455676629001472 -0.00208549172334772 -0.0617334374810621 0.0459876938479508
-0.0222196535205311 -0.0210200957312297 -0.0229396067647656 0.0403239196652925
-0.0265491852959157 -0.0503100578201317 0.0407227881156132 0.0828280207104214
-0.0263668275828967 -0.0771920809758768 -0.0274999103784306 0.255050446733167
0.0483077561431679 -0.0456639563712255 0.0329525747629197 -0.295538662651849
-0.00504946670304857 -0.0642216637937756 -0.0875613349353727 -0.113986846274212
-0.0539093563400216 -0.022751752797463 -0.0167974512373041 -0.0146456276284513
-0.0311074006478413 0.0498538485913104 0.0586673007452983 -0.0101966163548216
0.0133886888906939 0.0522295553286198 0.0483353029918762 -0.13082457154402
0.043254111833541 0.0274572644513613 -0.0829991718334041 -0.186450280942903
0.0498240040590142 -0.00589142105292813 -0.1857568402134 -0.15970072611061
0.055700391670013 -0.011906147909262 -0.216240524407679 -0.137542610340687
0.0584571029861821 -0.00171639744701723 -0.211628343110645 -0.165187738689478
0.0473437326140607 0.0478710133202019 -0.126499789451487 -0.211660368769036
0.00380283824535251 0.0769411016224041 0.0120493640360768 -0.188905802187021
-0.0637514467905036 0.0555797825172847 0.0530296315637008 -0.059054791955723
-0.089487898467467 -0.0546927938197934 -0.0172660968354297 -0.0915492893765188
0.0100002580502357 -0.105645423411514 -0.0286781236846037 -0.232867637496658
0.0848187398952545 -0.0680863993792782 0.202113385473077 -0.407527612737926
0.0968720299275906 -0.163662639626027 0.0088013926914239 -0.269104576182044
-0.0306985631404936 -0.162969848312121 -0.0780289296251512 -0.108785418078436
-0.122742361376413 -0.0703024793454045 -0.0385065674685656 -0.0235613640599563
-0.10050802810896 0.0868453327005052 0.0453258539018727 0.00526054502949399
-0.0148867998454555 0.136843208184472 0.0503886654508187 -0.10138078030462
0.072145739631033 0.115827659366949 -0.0521455453297542 -0.162820579244121
0.119442424876066 0.0543610506802046 -0.146348026921359 -0.15343986145901
0.139089781399505 0.0410327770604606 -0.177982951319104 -0.128503486230696
0.139191331099801 0.0596168641702024 -0.177577377403757 -0.140548742183691
0.0995524663783304 0.157456792615604 -0.113448555866376 -0.173026775390955
-0.0234132329464769 0.200289587302841 -0.00515772211641042 -0.158555238778083
-0.166496806118216 0.135335004417074 0.0208708569990495 -0.0452106538423391
-0.234561480342306 -0.106173418015312 -0.0427138791515648 -0.0872078081320338
-0.0551955809908738 -0.270254781169111 -0.0339434256968679 -0.215351881402752
0.124342213164033 -0.246519578906979 0.168562152942221 -0.353208018531155
0.140118987375111 -0.266676464958707 -0.0335602054890367 -0.20487230814988
-0.0570944593645938 -0.260371731911628 -0.0649276381250346 -0.0819297304733562
-0.193927105744502 -0.120777519424407 -0.0528537397645346 -0.0313507378615864
-0.173602265276661 0.118886826355934 0.0243426926801555 0.0127896971838017
-0.0465309540687799 0.214175689114848 0.0368536640701526 -0.0600291299149958
0.0910730178505916 0.19753157504807 -0.0195730291785566 -0.112187476308369
0.172603411591823 0.111157236985335 -0.0861194838336587 -0.122239799557586
0.201653286388306 0.0867147713212251 -0.112087286602614 -0.0999034886424897
0.198065451959667 0.108215099048451 -0.115363103917643 -0.096973700238317
0.142526973542798 0.239903030556109 -0.0803634054927258 -0.110344014066369
-0.0349022701972215 0.300336372383983 -0.0161629123716212 -0.10494556598728
-0.238221531430685 0.213418877973789 -0.0114720614386825 -0.0204824377251648
-0.356664156375204 -0.121594697435318 -0.0621721393865677 -0.0655590104644227
-0.130486665215888 -0.387413890275985 -0.0308824234667553 -0.167069602194704
0.134274888285246 -0.386263974896685 0.126046605692901 -0.248229414378381
0.165412710796821 -0.342079169825573 -0.0913098398909426 -0.0991660454644734
-0.0875001075591009 -0.339924140516208 -0.0458217467773591 -0.0236753279832312
-0.262371436329655 -0.160241919136965 -0.0556256011584529 -0.0290054570705476
-0.238117323799896 0.147975950127021 -0.00365854386386582 0.0187517062678026
-0.0736517966054414 0.274001467355727 0.010767770868824 -0.00335128181804745
0.09980636419129 0.257801856665371 0.0144654663863705 -0.0347500821185205
0.203567333547197 0.152995556886536 -0.0113318204927119 -0.0675936617713832
0.233727626777568 0.118474941321863 -0.0292427446853873 -0.0567310848512471
0.225719250155071 0.13765530179637 -0.035117966940208 -0.0422372086314911
0.16501286998928 0.282253596489863 -0.0270995448703843 -0.0359554232619576
-0.0345411562829928 0.35324951785974 -0.0150934023288742 -0.0336729864703855
-0.264125399800953 0.262266740242544 -0.0362278769231809 0.0139791101550112
-0.418947243566586 -0.10766530798947 -0.0700630126060974 -0.0303452613097306
-0.186081558361646 -0.433261128640649 -0.0159440446116443 -0.0961484987127307
0.12133775254325 -0.457168404726853 0.0821639067930268 -0.111616700792878
0.163859336424211 -0.370121378719155 -0.152904134914472 0.0388779021611452
-0.110892360483591 -0.375625008141114 -0.0212539930514001 0.0624291015117198
-0.297972626401541 -0.173454131602462 -0.0480053920136674 -0.0136461921033088
-0.266988760867978 0.157707684386171 -0.0356308538563344 0.0289275344052959
-0.0870818418296048 0.293061363374623 -0.0206961066650773 0.0669873227707485
0.0959636666286372 0.277819301869699 0.0489011070006123 0.0589481332856009
0.204783387303094 0.170952476559532 0.0684160746782812 0.00177616042136601
0.229506551303107 0.131354017919563 0.0578615518773192 -0.00395534788515642
0.215316887335487 0.14651057700226 0.0495647771781761 0.0141884039861169
0.156018114229864 0.27975755922312 0.0322449249239818 0.037638788712051
-0.0339887470034947 0.340346355557559 -0.00382007819439126 0.0392060516319021
-0.243553663523373 0.252262992034589 -0.0509650878316784 0.0472721590590352
-0.391068713868177 -0.084127574038602 -0.0632676435004435 0.00777976681899623
-0.191572914774674 -0.400311392047367 0.00827537941016731 -0.0213488264272717
0.0905520557942849 -0.443092357857202 0.0432199911521408 0.0298625032733802
0.12929183630799 -0.337802513945656 -0.205255152138212 0.18893059504687
-0.114625961529624 -0.337643223298786 0.00596396613194979 0.157758431249189
-0.271957398037196 -0.148495122709878 -0.0315453870016658 0.0105331199381823
-0.237352966155674 0.137389448779945 -0.0636155876988422 0.0396280365832351
-0.0812332145029981 0.254177257310017 -0.0485244225415784 0.133918817937641
0.0767761285201543 0.24493144776904 0.07978986923264 0.149354972769754
0.173355248744878 0.157482336677868 0.140588705330974 0.0735611140855299
0.190790248029696 0.124035736325797 0.13632876681042 0.0480398574970751
0.172462696891842 0.13635704415139 0.122954366514797 0.0658925968368867
0.116473592992756 0.236648090446748 0.0819793408692951 0.0966894691155
-0.0394111371070326 0.266981151709136 0.0058821491929305 0.0975571915360997
-0.190109268722608 0.181115796719077 -0.05865685981723 0.0657952081244895
-0.286532773280218 -0.066457400599155 -0.0493053857804791 0.0346528502926306
-0.148169607822796 -0.306511840739763 0.0305429217720165 0.0363240365599877
0.0538622306845075 -0.354836527866698 0.0122139234956259 0.147092761917007
0.0706517246347167 -0.245212342797617 -0.235162171278223 0.321117343364017
-0.0962589335136865 -0.228401335457323 0.0307313841526789 0.235353678029966
-0.183644342618996 -0.0889177588666278 -0.0068175734297733 0.0371691327901169
-0.153171970617261 0.0874455569125587 -0.0768315531452916 0.044272374025954
-0.0578242232876204 0.163493486772743 -0.0656292805017897 0.177013772474452
0.0445634092710649 0.166771794570889 0.100646166992052 0.21444889757723
0.112460908470954 0.117745957123459 0.193827880973841 0.132963181603984
0.122524162852555 0.0990948386647935 0.193783640251042 0.0919729091330658
0.106811629626751 0.109332212957197 0.17334221796608 0.106731031782173
0.0606611163234761 0.163088397619538 0.110436632561742 0.137663454507214
-0.0455758508094808 0.160510661735082 0.00666742364936585 0.131686910659375
-0.12007774790385 0.0845833259668257 -0.0621777513825925 0.0638695418784115
-0.149113418885806 -0.0489869951883459 -0.0339136386629366 0.0441027055172403
-0.0829071787144986 -0.18103090549873 0.0415952121502239 0.0682829725192988
0.0150594646552159 -0.223321812829847 -0.00995588051543362 0.222743021055285
0.000175201314801894 -0.106299812977229 -0.233837180054139 0.410799800646998
-0.0591102209322767 -0.0786201326569818 0.0528890912127597 0.281084818684595
-0.0631742312769691 -0.0133094533999461 0.0244589242494528 0.0586621455420542
-0.0422392219373259 0.0240747983305755 -0.0715686012986123 0.0396602065911006
-0.0255238695910628 0.0471659054388998 -0.0699329944884517 0.187181050002866
0.00249716813641053 0.0615670120188553 0.10669819276893 0.242244871644902
0.0316237430091597 0.0595574666061973 0.217234479250756 0.169161576859574
0.0351177421301592 0.0597425078390296 0.222244348234292 0.120872088647818
0.0285516195645271 0.0667181647267293 0.193852940974089 0.133941105131297
0.00435789494740724 0.0741680104448855 0.115069573073995 0.160773622831508
-0.0417685591720302 0.0480595673292567 -0.00169496967345669 0.143754612100392
-0.0463078989651188 -0.000661055333538682 -0.0623250423371064 0.0478075448170425
-0.0227105611287748 -0.0209815185988645 -0.0188156816890674 0.0404470572085604
-0.0276012117686667 -0.0498484674446423 0.042545578575584 0.0795821137030559
-0.0265714033658315 -0.0760515180465827 -0.0239647509930347 0.254427362040671
0.0464648430862429 -0.0475559882725402 0.0258810784125443 -0.297623488435944
-0.00724794735510007 -0.063813748982721 -0.0900240910124356 -0.110463288675159
-0.0554181887573347 -0.0208886656647323 -0.0179002842342018 -0.0132098770389724
-0.0292044123407749 0.0511216676366078 0.0587906069414687 -0.0116528857997225
0.0153037684138378 0.0519819675649674 0.0437101089778678 -0.13316350998399
0.0442108056311195 0.0256839960493166 -0.0908112348657522 -0.183622687317704
0.0494962122300587 -0.00793007341424053 -0.191505926970085 -0.15217364943708
0.0547688230839024 -0.0144310839074047 -0.222853563238118 -0.130010640701231
0.0579667488198005 -0.00466152266978892 -0.21972688553742 -0.15710137541245
0.0498081240737215 0.0463867555115184 -0.135956491762567 -0.207316057171212
0.00701897610701519 0.0769974629468264 0.00363213669016162 -0.191239521070672
-0.0617199641254622 0.0576076649557662 0.0527723109677801 -0.0628758860012474
-0.0917590538963774 -0.0518102792567819 -0.0212370616184618 -0.0934479530112399
0.00717377493371531 -0.107002089570725 -0.0340666741224576 -0.232497767614197
0.0831229408306339 -0.0716408847346496 0.193497548399599 -0.415471711999382
0.0909343783398579 -0.167813866562867 0.00375535819293422 -0.271399698920112
-0.0366176686883167 -0.161937830593795 -0.0797962185010562 -0.10548449430961
-0.126966575023004 -0.0664444757249775 -0.0405759629852333 -0.0207754879846029
-0.0974180138902421 0.090240865170998 0.0456494821738966 0.00336500199628851
-0.0092806194227911 0.137833728404861 0.0470305299962688 -0.103787357478216
0.0771460610536584 0.112935123554343 -0.0595044064454148 -0.161582783298715
0.121370386780092 0.0498857115078115 -0.153337470578951 -0.147311342029141
0.140480460301067 0.0352715639702561 -0.183915210720679 -0.122624540487945
0.140845123282008 0.0547497388221452 -0.184122888630679 -0.133654449026008
0.106704337977041 0.154792923621548 -0.121016056160042 -0.168886182685696
-0.0153100678029532 0.203368225987113 -0.0124315677480061 -0.159366169610306
-0.163349323224735 0.141427091944651 0.0208467342146202 -0.0465075805727654
-0.240410670712059 -0.0989581173361649 -0.0457415592432804 -0.0877397611902115
-0.064155069751989 -0.270941207028365 -0.0380700665501035 -0.214536343655041
0.118076712037113 -0.255079504796217 0.161836796201199 -0.36029186189245
0.131256753115411 -0.274259336315353 -0.0369090675383334 -0.20600151188571
-0.0658310178555689 -0.258680448471248 -0.0651275356653254 -0.0796242482888268
-0.20010707077532 -0.115147145697016 -0.0549834403636762 -0.0271160075057187
-0.170570681804346 0.124735808287274 0.0252598584037961 0.0107270206889641
-0.038542265102247 0.217534014214101 0.0346703279990423 -0.0610202715136762
0.099308675481742 0.194680254262068 -0.0244837896447847 -0.11153671169491
0.177154763856277 0.105886985610262 -0.092693404070163 -0.119056758808483
0.205057277580427 0.0789674395579537 -0.116610914256561 -0.0975122810328282
0.201821332570864 0.101716618855102 -0.119664997317068 -0.0918914656003234
0.153440540867752 0.236147088932253 -0.0843251874838046 -0.107495857974965
-0.0234653404495431 0.304269067139949 -0.0223799656278785 -0.103628491729522
-0.232818262381509 0.222462795797643 -0.0106799321431089 -0.0199307610066919
-0.36409942435641 -0.110821199432625 -0.0635316436100488 -0.0654610913090143
-0.144207200229686 -0.38764132930762 -0.0337878689018343 -0.166086392585025
0.125800174937611 -0.39701694534971 0.12009298423914 -0.25309169636885
0.154622757560193 -0.351553428088964 -0.0923535617758435 -0.0979562514682713
-0.0991228550895471 -0.33945763671214 -0.0453991146625195 -0.022037951262965
-0.270717358748464 -0.153707404099899 -0.0578516214428193 -0.0237688064844533
-0.234877989226984 0.155529453292614 -0.00247214835795225 0.0172421462658933
-0.0634966154201815 0.279326614034693 0.0107148431030207 -0.00189721123955305
0.111256617037229 0.254844485510873 0.0131541526830171 -0.0352977300704115
0.209739599792264 0.146676969057793 -0.0160708667597299 -0.0670669077005646
0.23883430790297 0.109761548808991 -0.0312199857038599 -0.0567252130070432
0.23016659393927 0.130593501822707 -0.0359306445327247 -0.0404344173937452
0.178075200883967 0.279100936458573 -0.0280734125989805 -0.0344289668092181
-0.0204115973811807 0.358146904281675 -0.0194937317905592 -0.0316979228712307
-0.257037795597847 0.272413140577649 -0.0348949300831303 0.0165348655329016
-0.427878122784904 -0.0937333563623808 -0.0685872755188763 -0.0293981457460784
-0.201753673330204 -0.431771213542435 -0.0169011959248709 -0.0960186630422339
0.110632260774558 -0.467107746353837 0.0800908236261669 -0.114088572003854
0.152113579971637 -0.37911332061852 -0.150527912774005 0.0431161831910817
-0.123768271331168 -0.373210650517923 -0.0185661893365939 0.0632292865758294
-0.308367876881474 -0.166401805547987 -0.0495189748753616 -0.00913273257126115
-0.264048377493968 0.166425629531761 -0.0342649989716424 0.0283801822868619
-0.0763376267112908 0.299219245977843 -0.0182378055542868 0.0701053985268168
0.108545963594381 0.275231024543083 0.0517583864877631 0.0583219446150476
0.211180693093545 0.164399464258398 0.0658913321198678 -0.000770653589242959
0.235395790054631 0.122820458400083 0.0580975518232561 -0.00697490425400342
0.221043684716579 0.139790125651658 0.0508001420178055 0.0134418656570265
0.169112233077636 0.275545484930253 0.0349070779622776 0.0370512487722337
-0.0208511472887981 0.344752017210264 -0.00561977242450927 0.0420866459660135
-0.236536445035777 0.261214132217532 -0.0490284477116978 0.050883926981194
-0.398674770902706 -0.0724344897686152 -0.0605385633995214 0.00900776026975573
-0.206867753861597 -0.399524916779113 0.0102840302016641 -0.0219558597302197
0.0788026927489458 -0.451520181956725 0.0445879107696654 0.0298976426402915
0.119797870011078 -0.34535576441655 -0.200072254715236 0.195641020389727
-0.126782411162238 -0.33529957228834 0.0107871613868594 0.157512072100513
-0.280457602022209 -0.142527514817504 -0.0318111725869747 0.0147798059406868
-0.234678307511568 0.145426342444977 -0.0617512633469134 0.0400776011503264
-0.0720986855742017 0.259489174311672 -0.0436507720810985 0.138868438175866
0.0877863901389858 0.243347123524915 0.0863181215470063 0.14719708021559
0.179575105740742 0.15270137921999 0.14110485534163 0.0685178233482025
0.196260730955768 0.117241938215498 0.138606362055461 0.0429588784624997
0.177286701885081 0.131173084969585 0.127004846656038 0.0616921434442738
0.128096047295142 0.233206388150376 0.0869158572675462 0.0944869773564874
-0.0296570282217358 0.271032395742426 0.00791938712713937 0.0996897542004401
-0.184874802464572 0.18860725812914 -0.0564771313112588 0.0700702354250603
-0.291559147473022 -0.0574625171377021 -0.0449375192174131 0.0359202929270299
-0.159337697063908 -0.304598132471367 0.0334883808622451 0.0345372517379983
0.0461981675089054 -0.361645026658314 0.0158381879763613 0.148554056423297
0.0625224204344939 -0.250007209176783 -0.226891231627974 0.330660771203959
-0.103763092717878 -0.22616998352918 0.0364366017338083 0.235043703748293
-0.18936935610742 -0.0851120697667231 -0.00599950313271733 0.0404141579813145
-0.151436731672217 0.0925369019913435 -0.0751727576339147 0.0457928996521373
-0.0524663494311259 0.167848004629962 -0.0594928681900564 0.183196295532152
0.0519434468279033 0.16642921157747 0.110262191005628 0.211867313381743
0.117293229485071 0.115154139072876 0.197365353810311 0.126049584184258
0.126971849064921 0.0948078476234719 0.198157584978408 0.0845671728045197
0.111010736438855 0.106262784567909 0.178792270496109 0.10038028207579
0.0680546258732137 0.161876611029885 0.116796388969142 0.134582191356004
-0.0398856963935866 0.163512036540198 0.0102296082006337 0.133272825004498
-0.118421396430809 0.0888701507714162 -0.0611089961861001 0.068217415738439
-0.152203580423829 -0.0447754406379193 -0.0296232751592238 0.0442080017713267
-0.0899008153083194 -0.179326956248665 0.0451389241073809 0.0654535878102816
0.0103346364615439 -0.226549621352935 -0.00435424063307187 0.225138356507373
-0.00255924942705512 -0.107254663419412 -0.224518626298677 0.418796355346667
-0.0611718590886826 -0.0771468527656487 0.0590412189856741 0.280392854808866
-0.0641918826792917 -0.0122409699500797 0.0261876239865417 0.0598468632408884
-0.0420642923236707 0.0246852634475986 -0.0705026853156656 0.0416915983142214
-0.0246712895674162 0.048664212025502 -0.0628730834074347 0.192901905547958
0.00511271899635878 0.0623516122936587 0.117952559883517 0.240415849998217
0.0340527666077053 0.0594568943163088 0.22375220870026 0.161843882865192
0.0378855895332359 0.0589045412024777 0.227029399089369 0.11330202843766
0.0315365822857058 0.0667516088851304 0.200178309970746 0.126727974110535
0.00796948453005921 0.0738651782910242 0.121280283611587 0.156457825435845
-0.0408167755828423 0.0501815713185868 0.00329132457247183 0.145153902055293
-0.047469976021492 0.000882088112632271 -0.0614615472885222 0.0511483338031429
-0.024026790528088 -0.0211569457372672 -0.0148388524503457 0.0407135088929548
-0.0304802648606058 -0.049277517101761 0.0451327232180919 0.0771985911860867
-0.0271488375561077 -0.0754046362394387 -0.0180371718160995 0.256770271682016
0.0434746334168427 -0.0495709307550691 0.0123319777406389 -0.297617764303947
-0.0110024742941078 -0.0624882905515584 -0.0932701750803423 -0.103629656923548
-0.0571245873516979 -0.0175673104839993 -0.0192502384007898 -0.0105639155110527
-0.0259371716552022 0.0526919190337044 0.0584594501761584 -0.0140270543988375
0.0187366471925441 0.0506583974121337 0.0359938631976846 -0.134798857923078
0.045420842283376 0.0221292993861613 -0.100909140384145 -0.176770947436995
0.0480526103129388 -0.0112728830125883 -0.198778255957515 -0.139291464495206
0.0525215757614008 -0.0175795774593107 -0.228956949994375 -0.116686746024647
0.0562462061167602 -0.00804277925741191 -0.22754656530454 -0.142644884973721
0.0520631020368509 0.0431675185532904 -0.147645950244765 -0.197976760913604
0.012155507204338 0.0759584450428464 -0.00824887603727796 -0.190592241145908
-0.0575487476002743 0.0599303715702691 0.0501149847038271 -0.0676948745914918
-0.094016732557677 -0.0460306937944749 -0.0277443303552913 -0.093284910632229
0.00141897770624969 -0.107262116041065 -0.0442040656331872 -0.227510630823108
0.0783486794772625 -0.0769886176280828 0.170338163601279 -0.422986760488376
0.0808801164938944 -0.172781924424544 -0.00802260161709347 -0.271099658650927
-0.0454600793525493 -0.157971409785367 -0.0822983479135478 -0.0997650168240592
-0.129946828545227 -0.059272490956388 -0.0418921181127525 -0.0160278336364627
-0.0911649571750083 0.0944845976991244 0.0463431402120096 0.000685976948016591
-0.000764265386480183 0.137509104962566 0.0408863232096175 -0.104841454380386
0.0836121238863543 0.106650882612544 -0.068709432205118 -0.156485179372003
0.123102170323293 0.0424126924810313 -0.161185841544048 -0.136285166587377
0.140755325564795 0.0265081000421045 -0.189547564137868 -0.111816250286986
0.141145734112642 0.0461846434690357 -0.190296402235488 -0.120684731540985
0.115819657607768 0.147764185595998 -0.1299001792877 -0.160274151890657
-0.00245531484388334 0.203129242243612 -0.0235071698250785 -0.157800840504056
-0.154259785214683 0.148993776301231 0.0195605587747794 -0.0485451411766006
-0.244947664283787 -0.0851835493192139 -0.0503354484973853 -0.0864796987487517
-0.0790330693634698 -0.266975796705653 -0.0467883514594844 -0.209718591954554
0.104181889756071 -0.262692148638628 0.142969161516727 -0.365610818214863
0.115435921495229 -0.279945191164841 -0.0444098611972529 -0.204220045232385
-0.0793651456918362 -0.252526234650993 -0.0669209780145218 -0.0748756100102922
-0.206048595651441 -0.103811087387047 -0.0563877779608241 -0.0213952384304654
-0.162003940581557 0.132774904221735 0.0260929770535017 0.00841305695373057
-0.025264413984948 0.218335594015763 0.0309506699730576 -0.0610474487968339
0.11085287373207 0.186399583791604 -0.0307948830754271 -0.10882711789909
0.181537361246075 0.0946139208188449 -0.100213177843813 -0.11180150854679
0.207700400853624 0.0660609950575396 -0.121421685026599 -0.0903111001948354
0.204407345742386 0.089569078468766 -0.123022920346445 -0.0834377386934394
0.167407586258916 0.225708491525229 -0.0895609813924493 -0.101069690480623
-0.0049937608534053 0.304965916886246 -0.0302231057066935 -0.100528615078716
-0.219960914668368 0.233312142904754 -0.00981145382391725 -0.0192056642753492
-0.370272170508715 -0.0907287488783683 -0.0656585242209917 -0.0632844173527617
-0.165231522037524 -0.379498125551979 -0.0395148412945778 -0.162621634450704
0.105732178014864 -0.405161062299544 0.10816601221416 -0.256798361691009
0.134116017216445 -0.359053971396203 -0.0936873448513247 -0.0937859424135547
-0.116229370666175 -0.330642851949357 -0.0441329786774993 -0.019728387809388
-0.279253940263851 -0.138379117375545 -0.0593265446875072 -0.017397292514335
-0.224302630884706 0.166471210046539 -0.00123028054524282 0.0156905469845475
-0.045821771884574 0.281553233635489 0.0107753395970669 -0.000413742127003691
0.126692591866477 0.246253632348388 0.0112414401686892 -0.0354999203738402
0.215978406615599 0.134056254254391 -0.0218000474999428 -0.0649038643353422
0.242233312477199 0.094365520662875 -0.0349255836925082 -0.0551867586048187
0.234470671395262 0.116569715099693 -0.037124751593796 -0.03744482476307
0.194529822230757 0.266883734472804 -0.0291904177010849 -0.0316079182938478
0.000941615026817223 0.357991076587309 -0.0228252899533866 -0.028395402826878
-0.241006951623608 0.284787369596946 -0.0323890240064956 0.0189387181864343
-0.431668286697026 -0.07101370208376 -0.0683299506471113 -0.02703810970091
-0.224589935541488 -0.420045737944285 -0.0187631635393336 -0.0941908928387072
0.0861368587664736 -0.474833152918587 0.0740921358295929 -0.116387840795238
0.130684922729869 -0.3853931605081 -0.144880270684314 0.0490941750497476
-0.141434073663023 -0.363052351341635 -0.0137917798533822 0.0638251349506895
-0.317444614740802 -0.15031173712411 -0.0501310841252168 -0.00264657304249005
-0.253440196848782 0.179709037875798 -0.0319326864727709 0.0283543049759343
-0.0585835182412682 0.302628043004851 -0.0135252170789224 0.0736770087558482
0.124655625916834 0.267633088722666 0.0557626784466384 0.0549518600702183
0.219355003069971 0.152008267867214 0.0632835752693433 -0.00367225747673839
0.240137222218161 0.1080874590991 0.0566352804255252 -0.0110085439430755
0.225863106485359 0.127440204730087 0.0527542512990897 0.0106107718125751
0.185083785468931 0.264616685189663 0.0373081548904436 0.0350106598354035
-0.000715781125310637 0.345212242442381 -0.00444228830727823 0.0449227240864796
-0.221912915807328 0.272513895242231 -0.0448919880859397 0.0548171116424769
-0.401603566046844 -0.0496718826619253 -0.0573346903931106 0.0108263685520783
-0.22778092656435 -0.386298795443265 0.0105542965434025 -0.0228062155395125
0.0579748951657203 -0.457702841341993 0.0451423450930268 0.0288830399756328
0.0998653663078535 -0.350950862475926 -0.187595000518292 0.203769727202064
-0.142995191342459 -0.32577733592422 0.0189471118761983 0.156193895989146
-0.288346642990086 -0.127661759534954 -0.0308063784313245 0.0197064589723219
-0.226500494715914 0.156465171060125 -0.0591556553847569 0.0416289975015661
-0.0567887812312933 0.263430351303883 -0.0349882987479636 0.143380849410047
0.102100384387837 0.237459895508597 0.0953739065679975 0.142013921863745
0.187338013665743 0.142647016413795 0.142419789128521 0.0601925252124341
0.200905254449789 0.105033343866666 0.139679037460203 0.0338522667967812
0.182634444908335 0.121059528630886 0.130293457158218 0.0538045143620828
0.141370730945499 0.224083314836587 0.092203892155915 0.0890664624844128
-0.013378660806588 0.271859956431531 0.0115878947126177 0.101105367033746
-0.173529724371712 0.197258228993215 -0.0520740964648321 0.0743393799084435
-0.294141008971631 -0.0415280763080295 -0.0397988854666424 0.0366022587553567
-0.175685008052893 -0.294819119014152 0.0362045806372369 0.0317867124658154
0.0290588648232785 -0.365838772515152 0.0226845160002701 0.148726059100599
0.0497808850697121 -0.251835829823247 -0.209137297123093 0.339433794555694
-0.114648390381668 -0.21981293274553 0.0473279169943882 0.231637172201504
-0.194076120049506 -0.0761541282302585 -0.00459452872608303 0.0428472268487222
-0.146433383448541 0.0997225854777588 -0.0724921770574797 0.04839067567418
-0.0427698746901906 0.170242962763738 -0.0474774587782449 0.188081810352913
0.0613617186698383 0.162076244798132 0.122677372256657 0.204942301206442
0.123399214643557 0.108415246824198 0.201450829980141 0.114068868505355
0.130966768134452 0.0866861371594117 0.201180202386595 0.0726568375897781
0.115578166775047 0.0999540463128666 0.183797065135655 0.0885500084054991
0.078131215301856 0.156109479939799 0.123393078905403 0.126059935252974
-0.0303792699873962 0.165828353564392 0.016921352629409 0.133178429199993
-0.11289443720019 0.0945125202240991 -0.0564469635807708 0.0723998143698706
-0.154043283141522 -0.0356644378173 -0.0232983451180816 0.0441317683294877
-0.0998977592499812 -0.173480552551886 0.0485418397894811 0.0612614635471774
0.000435490094514309 -0.226903963278634 0.00616896076399424 0.224927095099375
-0.00797287066176929 -0.106430242459342 -0.203967347709257 0.43006725568374
-0.0645876465335128 -0.0735309020377099 0.0708407491208924 0.275836180936145
-0.0652983391543159 -0.010122153681295 0.0294059419103609 0.0598464559678124
-0.0412561044644424 0.0261248053884305 -0.0680157058286363 0.044985194745586
-0.0218073156958951 0.0500322436984904 -0.0508113504451712 0.197137594248282
0.00835332171929228 0.0619468658188553 0.132136942388956 0.231559414599825
0.0369810878213968 0.0576552550027303 0.230298614039402 0.14753144640458
0.0410547220988113 0.056354391184653 0.23192867114709 0.0999003031870736
0.0358246046967751 0.0651756410436174 0.205910311372164 0.113519151179644
0.0130369507045251 0.0727453832205321 0.128963654388408 0.148043553110907
-0.0381609084924164 0.0527390359013382 0.0116393397273477 0.144162348588254
-0.0476513325242574 0.00381591783139584 -0.0587369868666269 0.0555268971250694
-0.0254817126220308 -0.0194877691696251 -0.0101507446757238 0.0397737663827058
-0.0333503738747325 -0.0472440154204192 0.0482067815650536 0.0720585060807611
-0.0300438057679309 -0.0736701705994805 -0.00593976327175659 0.256347160780988
0.0386677019732789 -0.0504147085378522 -0.00192512864951681 -0.289253176951257
-0.0143016459396602 -0.0591065166804249 -0.0934603827178993 -0.0947767332909295
-0.0558073540987221 -0.013256217847512 -0.0192518498858349 -0.00862404626840769
-0.021125169158868 0.0519614232479511 0.0565716819749423 -0.0159742051873358
0.0212196270457989 0.0475691046936906 0.0271350887821815 -0.131730926372144
0.044815188818492 0.0180570573072942 -0.107327048299345 -0.164310398023561
0.0450889699651318 -0.013980891594629 -0.197437050389889 -0.121965229639078
0.0490584077248386 -0.0204098675080045 -0.226773348957867 -0.0996002989200144
0.0525973844370879 -0.0114278829857101 -0.226716741305354 -0.122941794383243
0.0531221888841368 0.0385663637202406 -0.153797869447706 -0.181237161270911
0.016193703326518 0.0720924693848437 -0.0194301135880457 -0.183673933156561
-0.0524553757749835 0.0606016474983905 0.0448910774408789 -0.069453974232772
-0.0934911824328518 -0.0393279196858294 -0.0327456108718826 -0.0888519899549757
-0.00439308543380605 -0.103769088139219 -0.0517885710084767 -0.215416194913828
0.0708004307073008 -0.0795661468433901 0.145494199038378 -0.418555176095819
0.0678765753719367 -0.171470017078851 -0.0193877929590786 -0.262585110873106
-0.0521203151521692 -0.148900211006247 -0.0823820020577004 -0.0918774194735932
-0.128783914314035 -0.0493426830001727 -0.0413989551927071 -0.01227800713084
-0.081951393680431 0.0954498686057922 0.0446124671749213 -0.00204828421423757
0.00764989083305979 0.132209878447618 0.033259437982624 -0.102320772668945
0.0868341721723962 0.0973146988618066 -0.0742327131272839 -0.146302515328101
0.120359023907292 0.0337336520793706 -0.16236361064798 -0.121283999655369
0.136279132574246 0.0171421204324793 -0.189179145537037 -0.0971044915080009
0.137621800407271 0.0366541879689355 -0.18923516564445 -0.104656360089826
0.120594920240422 0.135315470164648 -0.134541406222406 -0.146209466655788
0.00958455718915308 0.196653949406258 -0.0332019631159682 -0.149518535891814
-0.141149655322059 0.151487752449457 0.0168867549783398 -0.0490855908656986
-0.242247242468036 -0.0688816481018108 -0.0534942654803598 -0.0816626052618756
-0.090569611151408 -0.254658600710764 -0.0528842959741535 -0.199003182608851
0.0872277853632824 -0.261430323159935 0.120694398604716 -0.359602592109542
0.094870138123641 -0.277264990417946 -0.0510718469435417 -0.197107064318029
-0.0898823379249502 -0.238031270187638 -0.0656942188544982 -0.0696867504778628
-0.20556737506652 -0.0879258724238307 -0.0553201505820992 -0.0154904321321357
-0.147891047247379 0.135774227260903 0.0252087886679967 0.00531756158672862
-0.0114074069005376 0.211853111079135 0.0266740273858945 -0.0594879833225089
0.117944223049718 0.173042498819275 -0.0352375144275721 -0.102759967846372
0.180000096566461 0.0808457370130938 -0.103479730077406 -0.10091313181177
0.203404059253748 0.0515204138303556 -0.122794361297158 -0.0809027226570926
0.200875390174587 0.0751808863437783 -0.122604072147161 -0.0731235645159014
0.175484969575695 0.208475400890962 -0.0919548026398908 -0.0915448149019663
0.0134805944026338 0.294966921435492 -0.0371034930200561 -0.0936735584168084
-0.199755170227991 0.236697616217414 -0.00971578778067777 -0.0183061730195842
-0.362984341456908 -0.0680130298751295 -0.0660752089169913 -0.058737309267251
-0.179254207515024 -0.358212429323354 -0.0440788622166951 -0.154565108361298
0.0810702664953617 -0.399101533480072 0.0922784899786127 -0.25330562510153
0.109026041756412 -0.354144069471309 -0.0928613091488005 -0.0882658093076494
-0.129849055482204 -0.31200667469721 -0.0415525907835389 -0.0167034620048841
-0.278681168979174 -0.118146027833537 -0.0575008509983633 -0.011409879683892
-0.207845380164305 0.172668373679473 -0.000417497624007916 0.0132291417850311
-0.0278222205284597 0.27494200103277 0.0116450181682952 0.000930021565818315
0.136672555521688 0.229924522092666 0.010183135884327 -0.0341070217737337
0.216292984172821 0.117267579720673 -0.0261593118573071 -0.0604967608360338
0.238145305087274 0.0767460993845303 -0.0377267260233206 -0.0523532248843308
0.231827732553492 0.100511934561066 -0.0369929297444418 -0.0338464494506184
0.203943019077698 0.245434558946465 -0.0293927211511263 -0.0282355338520548
0.0223106471206194 0.346682242133439 -0.0253722919509466 -0.0232498245230681
-0.21747965206643 0.287483650051856 -0.029340711421653 0.0205671003065061
-0.421776343736372 -0.0455282476696623 -0.065504899136204 -0.0237753827138486
-0.239951718908452 -0.395348552591896 -0.0204339920289829 -0.0904957954948117
0.0597488928971524 -0.466940702327166 0.0668117708368012 -0.114995559982458
0.10553277255966 -0.380645675076558 -0.136230084191802 0.0526481686328686
-0.156270709569153 -0.343006656032127 -0.00883827779726902 0.0625055267435573
-0.316658625096451 -0.128139650085328 -0.0478621541595532 0.00293941457870777
-0.235473661720766 0.186721310507312 -0.0303719821962082 0.027030114753672
-0.0387795480730213 0.295813382350801 -0.007619265618957 0.0744792967462858
0.136338444692693 0.250071665803931 0.0582163333483133 0.0501640195530215
0.22034294897216 0.135157545900505 0.0596025451181119 -0.0065413927687291
0.236794400782058 0.0904300060043472 0.0530560504195295 -0.0141089560166327
0.224465469001508 0.111309299552367 0.0519464865838418 0.00718901288922051
0.19468856158862 0.243874174362144 0.0388942344332107 0.0321146050337554
0.0204179664098931 0.33387594345232 -0.00353667460562172 0.0457526365673908
-0.199433378117119 0.274301904726769 -0.0385814539832658 0.0564267328705364
-0.390387598648274 -0.0269791934626924 -0.051722713793139 0.0119008430814601
-0.240718539929988 -0.361323401607028 0.0111444879263511 -0.0229466053742968
0.0330502621779073 -0.449388169630848 0.0454606420269768 0.0270142817353733
0.0778259859709154 -0.344027140078825 -0.169841464296375 0.204723480679771
-0.154532115030843 -0.307737168244844 0.0265193332443134 0.149523910633268
-0.28703054663648 -0.10895647922797 -0.0283614842034353 0.0237906244049099
-0.211214537967092 0.162487788222685 -0.0557165610903397 0.0414681854485122
-0.0397450290469394 0.257327587184063 -0.024811174688489 0.143150097766885
0.113248715951253 0.222521684184952 0.100902003603137 0.132138790013747
0.189130857177206 0.127448502689065 0.139021319944297 0.0506638316490481
0.198783622889772 0.089732940128547 0.135720568986643 0.02454693149292
0.182303265571336 0.107350945569065 0.129437376581078 0.0442301631682282
0.150038109769499 0.207807374663284 0.0949685742050959 0.0807035519373039
0.00309456468411896 0.263478454215342 0.0161031942803879 0.0988778806439751
-0.157084615114132 0.199421486564266 -0.0445067731734734 0.0760310650028905
-0.286336674061826 -0.0243011840904184 -0.0333173581738974 0.0354483892200429
-0.185537950941611 -0.275539633111014 0.0369038775361276 0.027892093151421
0.0104579115223577 -0.356451250719579 0.0295034216938174 0.143226610829085
0.0356109875947629 -0.24613150591149 -0.185058777344526 0.338773647829907
-0.1213491654616 -0.205771931387088 0.0568454114114597 0.222155745651995
-0.192709040877836 -0.0638036296584151 -0.00159021489721463 0.0440767421325081
-0.13702721196675 0.10365138538255 -0.0683200251421634 0.0494566860535261
-0.0311249692506762 0.167274114576889 -0.0350567525186003 0.186275902795628
0.0686113822892452 0.153115275251577 0.13125634426058 0.190419499913213
0.12535500334758 0.0979866293292301 0.198790521043918 0.0987290605172852
0.130198238193043 0.0759763877025321 0.197459968353162 0.0587152065852739
0.117350848799633 0.0901845918632628 0.181965701724238 0.0747840638650595
0.0850061089537204 0.145604115144788 0.126502975774307 0.11447944190681
-0.0194303095953982 0.162120050125382 0.0231858331622934 0.129061360496651
-0.103805492480969 0.0969683749786682 -0.0502987990662384 0.0741590188613314
-0.151336142821816 -0.0264400876401078 -0.0173462056137038 0.0418725782918322
-0.105451591503833 -0.162077850289729 0.0496419242303595 0.0549915471248256
-0.010065460955279 -0.220075079849654 0.016928569178551 0.217903565266836
-0.0123383516240209 -0.102013985276758 -0.175862155463967 0.426779245927307
-0.0653709379630992 -0.0678859657328399 0.0800058759895962 0.263932164294661
-0.0641406024377219 -0.00709061591059116 0.0320889316799815 0.0574014621940622
-0.0391545332323184 0.0268061851653206 -0.064257363674756 0.0467564553084989
-0.0182688547083359 0.0498499736668458 -0.0374244246075451 0.19444514834078
0.0118581228340482 0.0593724477519427 0.140942657349507 0.215935638980694
0.0393688286492569 0.0539482271391778 0.229032057849035 0.128753934755622
0.042830398149086 0.0519473935231045 0.228938623588079 0.0833806593689876
0.0385001015314408 0.060255327414072 0.204084177011977 0.0972775273909999
0.0168305556675634 0.0686120609115874 0.132280149104837 0.134779043067953
-0.0337890960599 0.0536102011636505 0.0189958673884003 0.139011525723973
-0.0460597168315568 0.00640718354464714 -0.0537335474127965 0.057341046132027
-0.0260966082495526 -0.0179102463980173 -0.00507989070702956 0.0372852048537036
-0.0348281823823439 -0.0433301806376164 0.0495305052703004 0.0656874394857804
-0.0318385226999983 -0.069850528460771 0.00774053519216705 0.247842975676913
0.0286150177479475 -0.0557598576739981 -0.0375514125412209 -0.268879911875661
-0.0209181104566047 -0.0533940150933194 -0.0969029684087463 -0.0755845590035278
-0.0537263675108755 -0.00533716632894007 -0.0169858454965884 -0.00397353608199033
-0.0133276892276817 0.050173581768259 0.0531841623579049 -0.0233496329604102
0.0258953309996489 0.0413759608111071 0.00897538472131886 -0.129524300361047
0.0434074369937043 0.0116199951623499 -0.121089767352566 -0.142816170105208
0.0384833498582136 -0.0182945212236227 -0.201852476925761 -0.0935988085978823
0.0425984153945716 -0.0244763508474054 -0.223407216036846 -0.0651068974890949
0.0470935820800782 -0.0159620875915711 -0.225404048660835 -0.0882334487845338
0.0544478462470317 0.0309530701809151 -0.165776626200093 -0.150020981438977
0.0240453462549773 0.0659165153062534 -0.0390007430957289 -0.170268261921067
-0.0421237020950154 0.0616159913361652 0.0350766575199989 -0.0704306885929511
-0.0917975869829482 -0.0232086204333948 -0.0458936107610847 -0.0783973810661814
-0.0182623373377518 -0.0926392238991948 -0.0749401960206467 -0.19963125184453
0.0489019272348967 -0.0839734818993281 0.0909364499222726 -0.415110385241889
0.0409416755485661 -0.175152732395235 -0.0514602085036081 -0.231506471531178
-0.0649302575563853 -0.133342989017328 -0.0848661696277283 -0.0722665735597366
-0.126420881876901 -0.0300788130315496 -0.0348565646282819 -0.00212377538258039
-0.0655370044702361 0.0968060083338666 0.0465777101922343 -0.00986618303905791
0.022962365867824 0.121874762717075 0.0215136086864745 -0.104852776915894
0.0914618385027102 0.080756010330425 -0.0866297974557242 -0.132915313622747
0.113746785268989 0.0178445143633395 -0.166990842084638 -0.0989151295513466
0.128299676810129 -2.4386568110389E-05 -0.1876385749535 -0.068714212570971
0.131832016706714 0.0182502474177741 -0.186593230619257 -0.076504825123384
0.128954677565035 0.111916607446376 -0.140148500107591 -0.119056221774243
0.033697456854923 0.18269967772467 -0.0444272971205119 -0.134728191046426
-0.114115676597784 0.156287139604305 0.0127748867531615 -0.0439076825154219
-0.234160483888303 -0.0313801912292607 -0.067719251478777 -0.0662405419973188
-0.115177228944502 -0.221924800562761 -0.081715810832342 -0.18784347697275
0.0415939665527295 -0.253537467500041 0.0757778903834744 -0.362693714398041
0.0524651653420707 -0.280557760044442 -0.0736306314025256 -0.156401974825419
-0.110350124351589 -0.212735297088704 -0.0654949446827491 -0.0507000624489808
-0.203579625442049 -0.0578658008597195 -0.045357673688229 -0.000804686972320942
-0.123351304636653 0.141520863347436 0.0310192401510441 -0.000647547779498336
0.0144602750717271 0.198632590859931 0.0236595089986096 -0.0652049981404517
0.129324979540396 0.14756620279371 -0.0426428138821424 -0.0995851991583268
0.174888741840984 0.0551719718148451 -0.107320160684795 -0.0872508379570602
0.19429779068186 0.0239155772155785 -0.123609031260981 -0.061279011006167
0.195946823834439 0.0469695787481267 -0.118753222102658 -0.0555212309443747
0.188536868080632 0.171671617748497 -0.0903829722070491 -0.0732056405600676
0.0499607908940341 0.273450485273159 -0.0392444775329712 -0.0807015351525279
-0.157921626805193 0.241531801777248 -0.00746462030745249 -0.00830135150306023
-0.34627372382669 -0.0142181472221954 -0.078219550029832 -0.0406305187333879
-0.208660386077809 -0.307549170016302 -0.0738096259895245 -0.14898670856819
0.0194657169027135 -0.380354516329015 0.0620034134678713 -0.261778362086782
0.0572261240083223 -0.35447965346362 -0.100110589364626 -0.0434382103563047
-0.156048030303063 -0.278343748709376 -0.0342783354780239 -0.00197509612765059
-0.276405074663212 -0.0773653695199448 -0.043575933060684 0.00548432701664588
-0.175365354850051 0.182320078353071 0.00984612831014678 0.00973728984723935
0.005621895699326 0.259365337774923 0.0188681782981135 -0.00801950213850555
0.154365152567692 0.198652181021618 0.0092265681284293 -0.0427616119869007
0.213459015292514 0.0849883872571937 -0.0282946689113885 -0.0594008044257272
0.230430693030434 0.0438695670816103 -0.0403782202888311 -0.0446224950484856
0.227346618538766 0.0666629526533424 -0.0334908648628857 -0.0292208893083581
0.218970385375576 0.202268425261269 -0.0230669433766866 -0.0218931939850222
0.0648941086556827 0.31979463148814 -0.0185152789904549 -0.0157473369498932
-0.168517087413885 0.291050625198306 -0.0193342105192439 0.0317545958927044
-0.398239120812843 0.0137390785454711 -0.0735092217752048 -0.00568754607263245
-0.267622322670087 -0.334416792448328 -0.0482510522858686 -0.0925474686635511
-0.00640746584310019 -0.439080424866371 0.0531698710711149 -0.12976898512871
0.0501464920673011 -0.380336525735513 -0.123920425311133 0.098248973276582
-0.183039865463603 -0.303970899891142 0.0064353230804744 0.0696454218278113
-0.313228544125528 -0.0828839205726968 -0.0303607461756542 0.0191793787875352
-0.201359204991717 0.198772257090703 -0.0152212154625349 0.0269526099064161
-0.00233738762513524 0.281382233249422 0.011024224045626 0.0634493026553954
0.156624990453931 0.218535013092901 0.0656847038637856 0.0302579391887176
0.220583388395101 0.101442767184338 0.059720128614826 -0.0181387205980899
0.231009613909449 0.0569133268922126 0.0480455392089957 -0.020730608568586
0.222233180460115 0.0767476093757589 0.0548909696651413 -0.00136623970525117
0.21038030822669 0.20107485722865 0.0482409846898203 0.0259053726774163
0.061496439511542 0.307648126606539 0.00989560203665493 0.0475150075404082
-0.151888628762881 0.276901859452 -0.0249304547780481 0.0667624024542504
-0.366862369650028 0.0266740623969886 -0.0548591166623977 0.0250822885200748
-0.265636127951769 -0.304151399266775 -0.00991963374643257 -0.031925962725512
-0.0278943717988444 -0.419040051141112 0.0491527655216842 0.00729452845510132
0.0309909258143461 -0.340962868881132 -0.136767480510003 0.242249007958845
-0.177137768902167 -0.271898011551787 0.0490393571585074 0.147040291756307
-0.283835615852741 -0.0687795022709924 -0.0101555628921836 0.0349134077736142
-0.181468467164156 0.174249787384693 -0.0388407543030577 0.0448882607630106
-0.00813081370681979 0.245968729477633 0.00383871921606613 0.131448855589258
0.131906571665591 0.195810751583458 0.116789885246036 0.103409785225937
0.190993490751279 0.097937380567348 0.141815260394837 0.0276151596978755
0.196030706104777 0.0600114464785721 0.129772254054292 0.00607132813155339
0.183311384859235 0.0780123183226696 0.130485144301562 0.0244652112003763
0.164860561096028 0.172242284732147 0.105470441775042 0.0637931716308186
0.0366974635073928 0.244377350609114 0.0328994179849111 0.0947304274027415
-0.121249904781512 0.202325107856119 -0.0290944481821759 0.0847829996571177
-0.268825252777241 0.0155234528269432 -0.0324095308165398 0.0421089723309289
-0.203004174871443 -0.231665547734006 0.0244019662062393 0.0138092677855393
-0.0349264266218088 -0.33061352850845 0.0465908493458904 0.122156343976623
0.0031877687994817 -0.239021905632681 -0.133958122527634 0.362016833137088
-0.134210547062301 -0.17999497572841 0.0838751353876477 0.208533088718151
-0.189244732936715 -0.0377576834652092 0.0137463818751626 0.0481730616535126
-0.118283308038759 0.110801192454426 -0.0526780755966704 0.0553079149309246
-0.0106490602047179 0.160866500454833 -0.00254612717941249 0.176653817563656
0.0828144704551988 0.135951449968958 0.151093372544629 0.158187937761135
0.129046793524864 0.0774742212925973 0.203564090569831 0.0671851532053304
0.130943221626638 0.0555755383306896 0.191468934867902 0.0311031169950296
0.12000271653372 0.070043478131535 0.181736440496504 0.0474806275244056
0.0962429193768173 0.122630033611969 0.136935492406706 0.091571617210046
0.00240505620374511 0.151579638522746 0.0412940265765252 0.121067409423498
-0.0840544752480109 0.101952429362575 -0.0366565911140564 0.0811768325800367
-0.142902647688055 -0.00456422793834972 -0.0132882401619951 0.0428405535588367
-0.115397200918639 -0.136667046095303 0.0439967275626872 0.0407119455191467
-0.0337090814176455 -0.201392986320374 0.0422799101151264 0.198226376736234
-0.0235076629319715 -0.0929980412031259 -0.114016917802155 0.430803556534244
-0.0669410862994596 -0.0562083639977952 0.107633076938722 0.241551377272032
-0.0613491820543289 0.000378009019602212 0.0405904841178687 0.0531113821762657
-0.0352565561444708 0.0290201030670774 -0.0529423160258926 0.0531898439996416
-0.0124082242753221 0.0491696805897055 -0.00681699838832719 0.188027885894901
0.0184679498299621 0.0542787000741818 0.161606513256857 0.185101326929703
0.0445370790457664 0.0459767162034745 0.234711384744164 0.0942021886044506
0.0463000153867316 0.04414819787414 0.223404781808305 0.0499368681002514
0.0440175735223404 0.0507484030732251 0.202970095954204 0.0671136663887782
0.0236106589130144 0.0600553511314607 0.142268964423862 0.109994800512774
-0.0246594378171054 0.053541931073183 0.035567186172821 0.129746619918059
-0.0410151136881468 0.0114416888177394 -0.0445652441254458 0.0628807872431482
-0.0260484476838964 -0.0135503055949835 7.45306331566963E-05 0.0338938926780575
-0.0365165412222764 -0.0366328997903722 0.0503607290227577 0.0534915348873258
-0.034005938609502 -0.060544443722648 0.0356715259730367 0.232298549227608
0.0264281560534536 -0.0524090452629606 -0.0318201898436519 -0.25635673903639
-0.0195096639253456 -0.0496619652926381 -0.0901210736711653 -0.0737854315851709
-0.0505483792380852 -0.00520794377344168 -0.0162193384991715 -0.00313986637902643
-0.0122830233579239 0.0465266340225868 0.0514325925406499 -0.0216524352631856
0.0243727691573699 0.0392729426541883 0.00954236618558294 -0.122473379589405
0.0409495012484104 0.0105106473157663 -0.113203237692307 -0.13603735717092
0.0358572387475774 -0.0168797658237923 -0.188535156510882 -0.0892577757518599
0.0399765232600937 -0.0230871658542452 -0.210444020543853 -0.0637925261588092
0.0435943177877266 -0.0141189964505316 -0.212391305694052 -0.0851305853261958
0.051336753291129 0.0293617312408379 -0.155962995160353 -0.142529593272263
0.0226201618489541 0.0628915606025062 -0.0372500623731269 -0.16103324475484
-0.0405917089945573 0.057971482126213 0.0335067921545033 -0.0675916484537727
-0.0871217372297862 -0.0225571066480405 -0.0437319466832688 -0.0747170723810023
-0.0167358131018971 -0.088390991933883 -0.066135706422953 -0.189453200858548
0.0463382970139753 -0.0791923287546124 0.0900897797901754 -0.391808967748512
0.0387822770205219 -0.165474916672029 -0.0447831715540342 -0.22196660253096
-0.0605182162400634 -0.125568936562794 -0.0782075541124763 -0.070367941270577
-0.119169089126981 -0.0289872846404993 -0.0327326197880716 -0.00130803022297896
-0.0616640999804252 0.0903480620350299 0.0440007261121571 -0.00875568439408949
0.0217368421013691 0.114687280710976 0.021325076114789 -0.0984191559015277
0.0858405012545077 0.0761027854199668 -0.0808717299169772 -0.126499642356806
0.107022920627463 0.0175731943614217 -0.156611082191339 -0.0941422852089439
0.120530772100563 0.000361228419887696 -0.178102367378279 -0.0656165410477488
0.123701089972698 0.0191761633861165 -0.175559023012542 -0.073211298508548
0.122144435629412 0.106250580955377 -0.131804340705073 -0.113018043377864
0.0314963394708531 0.173096846632292 -0.0430045925660297 -0.127011760222716
-0.108996032327224 0.146596370765319 0.0126312785489617 -0.0426521265701921
-0.222019769042796 -0.0320922402693745 -0.0637069539011154 -0.0642107792796956
-0.107437244665096 -0.211690479477001 -0.0722215893071681 -0.178829876498865
0.0408975323415387 -0.241411406763385 0.0763121492255432 -0.342687133052771
0.051961880596645 -0.265031659963838 -0.0667683805880259 -0.151557447262613
-0.101876764422463 -0.201380336172558 -0.0596593071107306 -0.0495027707099773
-0.191848774156162 -0.0554212690990421 -0.0419865751499846 0.000357097835099528
-0.116794909591887 0.132493625964896 0.0285780053381825 -0.000787659370425657
0.0133299594014596 0.187668706591206 0.0233115606452157 -0.0609942988373311
0.121782755293158 0.13995070089454 -0.0394119137096751 -0.0947429552893257
0.16531410467086 0.0533025377082582 -0.100664505108182 -0.0824301073236264
0.182890174476083 0.0239085035716953 -0.117572825923879 -0.0587966325019166
0.184134826657688 0.0467606780392546 -0.110875791035146 -0.0531834210288783
0.17753223456123 0.163678522098494 -0.0848302637425657 -0.0692185085273881
0.0467372825754572 0.260232419279247 -0.0374383352418319 -0.0745555473226165
-0.15173211475062 0.227625321227849 -0.00635522565416758 -0.00923713304949867
-0.32860805101509 -0.0165575477356634 -0.0738733693825947 -0.0403324910845616
-0.195474924120776 -0.293017092668435 -0.0660099866900241 -0.143202300680108
0.0214828448565328 -0.36282635188378 0.0629452715501133 -0.247915854662423
0.0565843327899022 -0.335836972728387 -0.0934681036648908 -0.0441056587842093
-0.142646819733514 -0.264166361049396 -0.0312135082778551 -0.00343298309771131
-0.261377276703575 -0.0750021734576154 -0.0402742318323948 0.00641850300186044
-0.16680500611045 0.170287746146534 0.00788957141368108 0.00883973280696549
0.00482208218665038 0.245703248466725 0.018939660697336 -0.00605773295536696
0.145159077156245 0.188471033215968 0.0094669369146531 -0.0407602224725485
0.202189586543701 0.0817389868878065 -0.027027388033432 -0.0556666618452039
0.217326956544453 0.0429962184680399 -0.0390530214850641 -0.0420990090619852
0.214135139999363 0.0653962281270655 -0.0307306564284906 -0.02813891501695
0.207307133040381 0.192823571152223 -0.0207767513033001 -0.0203654300234035
0.0607245941719573 0.30413901592858 -0.0183914151202923 -0.0121349582955224
-0.161472375991182 0.273567782670814 -0.0177984896197458 0.0298763339629233
-0.377820275019056 0.00998309098152266 -0.0689734946788875 -0.00826859709573321
-0.252359676651246 -0.320567271402754 -0.0424916317148315 -0.088810331477265
-0.00203890433636983 -0.419946726122454 0.0529383010207363 -0.122357928719363
0.0514519281708104 -0.360326955509942 -0.118005984763651 0.0890846735179597
-0.170995704619759 -0.289986780422377 0.00626370606981208 0.065017823075305
-0.296906992409514 -0.0802472507614568 -0.0272865508022367 0.0197370706977749
-0.191912824775716 0.186566153830051 -0.0164769588727524 0.0247892121230024
-0.00317925438771474 0.26637103593601 0.0115393238805762 0.0614580273285412
0.147469291360653 0.20714307925862 0.0636570469763509 0.028245477667321
0.20897341459103 0.0969978432324593 0.0552217843506425 -0.0163874519269202
0.21771239296722 0.0546887306834285 0.0450677445749328 -0.0189864407996593
0.209145598882134 0.0752158693046433 0.0520408688858896 -0.00132155051563233
0.199112185757225 0.191136874281114 0.0461802120890587 0.0248527727841388
0.05759911772886 0.292796649337069 0.00861610199183122 0.0477165428853409
-0.146688403155669 0.260845558365406 -0.0232330923551474 0.0637899782825268
-0.34827005714973 0.0226075180864564 -0.0512461712833312 0.0207125030479885
-0.248973878193006 -0.290728900776262 -0.0083558484564711 -0.0318676625279435
-0.0212716963078923 -0.398885172002811 0.0473645846978342 0.00736328536191539
0.0331987236636935 -0.322622472700532 -0.132287310103175 0.227124523115096
-0.164584159822177 -0.259688315558564 0.0452576793906787 0.139302101899877
-0.269336827008705 -0.0668982591153136 -0.00849617585146854 0.0348393428016533
-0.173540220388802 0.163308017946739 -0.0389640091833988 0.0421419280897699
-0.00856959151010009 0.233053865944745 0.00423879465810563 0.126529929387009
0.124342848616748 0.185700701205568 0.111155949370292 0.097912821991171
0.181111616466421 0.0937504811903091 0.132523257635913 0.0273256429901053
0.184254636387223 0.0583574247867804 0.122871970416711 0.00661675264034109
0.172890382673404 0.0757494262488723 0.123080995142537 0.0242683246264273
0.15464714110019 0.163461489556814 0.0996849407400793 0.0609700792773494
0.034445228392935 0.2316738985254 0.0303857699730853 0.0915802279169182
-0.116382501114537 0.190023921204347 -0.0273156184833497 0.0797472271966976
-0.254950397038991 0.0121944381150052 -0.0300799100470189 0.0372120156434137
-0.191455128525118 -0.221615953293812 0.0226849620315531 0.0126598927827142
-0.0290417924319964 -0.315789830938662 0.0435368383177965 0.117052118649877
0.00602171953305369 -0.226612280529094 -0.131163075695559 0.341057145612121
-0.124898544358981 -0.172617421401363 0.0769624616971452 0.199408196044658
-0.179639275472934 -0.0373055565748666 0.0137841809907176 0.047749725057693
-0.113634340399756 0.10401678592371 -0.0517969487321935 0.0524590560410656
-0.0109911124103651 0.152329315587916 -0.00174958010580274 0.16900845220863
0.0776795187336908 0.128962278755229 0.143222804544943 0.150347027983945
0.122652441545346 0.0742520281780886 0.191250300155246 0.0645052111662013
0.123254253120007 0.0535644432176316 0.180421692082366 0.0308407695153999
0.113784882841483 0.0669272243421636 0.170888191247385 0.0458622827132917
0.0904015917213097 0.115770852322184 0.128913412544038 0.0872561054639009
0.00200993519435737 0.144254195545222 0.0382816896290971 0.116228484556782
-0.0801184682477168 0.0949298551433511 -0.0352966441399896 0.0760765069607511
-0.135132674220757 -0.00601896497889924 -0.0117148716023868 0.0375509099173076
-0.108218876850899 -0.130798984186789 0.0407095889433515 0.0383395518615465
-0.0300639154264142 -0.192653289015157 0.0384174732544062 0.18846855521187
-0.0193297248308906 -0.0882762018408883 -0.114078214631101 0.407479278798529
-0.0620677470947411 -0.0540975132100976 0.0986878676877248 0.230927036303176
-0.0585456782324437 -0.000483713474555439 0.0392118154096095 0.0517339452338597
-0.0340312123194224 0.0275708384161436 -0.0513393326623558 0.0499939918624712
-0.0117704487820916 0.0469096422420345 -0.00659552003804459 0.179697572512788
0.0173365583898769 0.0523326247054942 0.152171506346592 0.175338937675847
0.0422574023409271 0.0441511098133356 0.220360233047183 0.0906702738954482
0.0439074299037537 0.0420072006640423 0.211526424261775 0.0490164151516265
0.0413932248387373 0.0484596901633777 0.191625779083614 0.0642936407773754
0.0211829558068484 0.0562873545553269 0.133379379841682 0.104525329384787
-0.0235597452225516 0.0507936886768608 0.0331650235559376 0.122892477875082
-0.0389042654176099 0.0104790591025793 -0.0425436336902809 0.0597865311965292
-0.0249165014908274 -0.0135766826869733 0.000828135927339277 0.0296941436565613
-0.0343546669625351 -0.0347712763013785 0.0458485362218215 0.0505725040176314
-0.0305969834598937 -0.0576406868388138 0.0313168831229719 0.220182971489713
0.0266411229162586 -0.0493163375185844 -0.0210068325415185 -0.253001450805436
-0.0171572686667016 -0.0486655920697265 -0.0838741684593463 -0.075334968551361
-0.0483788979420704 -0.00662534867147612 -0.0155540672494127 -0.00321071203943406
-0.0129283870786044 0.0442850086337219 0.0516842600352112 -0.0195241433694329
0.0224601053261755 0.0387391879627982 0.0137297545120166 -0.118643816795614
0.0392480033203355 0.0109404611184871 -0.105456114754601 -0.136139853450154
0.0350079077918576 -0.015258574343136 -0.179588306234825 -0.0932068824583538
0.0389548438330585 -0.0208384266021547 -0.203172991910132 -0.068867744843354
0.042871264811693 -0.0120567007883832 -0.20320594338801 -0.0889795114576598
0.0496979340643897 0.0305674316740214 -0.14734057144883 -0.143110214295075
0.0205240196176108 0.0618344770734518 -0.0317474365218553 -0.157617885552707
-0.0411341105448165 0.0548900528623975 0.0343998175142467 -0.0659094926142473
-0.083952161255303 -0.0248987500665459 -0.0405874220986969 -0.0741847622818766
-0.0136707047837833 -0.0866669243271854 -0.0550890547668302 -0.187465631090416
0.0469836661953492 -0.0757795905451375 0.1041738957845 -0.378933929921708
0.0427093697479071 -0.158776901781073 -0.0350045940334343 -0.220268160119831
-0.0541461356959698 -0.123094781599641 -0.0723438501546789 -0.0725894811690192
-0.114443616425813 -0.0316452885213393 -0.0319730963982452 -0.0017602186143574
-0.0627068026017366 0.084772595714547 0.0429108468042943 -0.00747432958607813
0.0175532002347303 0.112459224225377 0.0245385630698991 -0.0944974975173872
0.0810232046155115 0.075866992264422 -0.0741942650841765 -0.125762870574307
0.10333863996044 0.0205823368501292 -0.148202463596929 -0.0955880022103548
0.116653063028891 0.00452939936709198 -0.171024524715215 -0.0700241327283684
0.118984973208357 0.0233459812681705 -0.167525237255342 -0.0771189438394462
0.116323512767611 0.107736137458714 -0.124667049730591 -0.113797322665637
0.0261211812917125 0.169816855829845 -0.0391519717128267 -0.123563107460083
-0.111386230104596 0.139106279494821 0.0138781839440065 -0.0423479894317243
-0.21525713719283 -0.0382656922574742 -0.0594887110604901 -0.065551817615196
-0.0974985553965558 -0.211029258785731 -0.0608796998856747 -0.177076445422623
0.0482477477016741 -0.234045905740938 0.0887945095552238 -0.331036298885579
0.0588420262251334 -0.256240717650287 -0.0588586563017805 -0.152586662451458
-0.0910821288616074 -0.199061261512498 -0.0544001070258458 -0.0522150840608684
-0.184349493346316 -0.0597172498440205 -0.0403118193104776 -0.000212708745607738
-0.117300139446475 0.12367683398738 0.0272334508311619 0.000109262624454076
0.0076327084114699 0.182416874492852 0.0258976606924659 -0.0579500721597557
0.114491403483585 0.139172014205098 -0.0346196199084023 -0.0940846046479615
0.158807356201808 0.0571742431126156 -0.0955248500955101 -0.0828227233054306
0.177198911750905 0.0288581116903718 -0.112992863454392 -0.0609370214488901
0.176848382424685 0.0522301427724932 -0.105809175301219 -0.0557681884963116
0.168553865658096 0.165104812472662 -0.0797737670030807 -0.0693610674709541
0.0384674693588591 0.25543081483902 -0.035069904524232 -0.0714241033310739
-0.155324438484604 0.216672830805338 -0.0050547198959343 -0.00985322920672404
-0.320011512746937 -0.0267627410565689 -0.0705962779289817 -0.0436006952827023
-0.181297547613655 -0.294651654126422 -0.0563940370356723 -0.142640088036601
0.0340197516189685 -0.354315750483481 0.0714745631954354 -0.239841721665052
0.0664816320139622 -0.326658867155968 -0.0891031246068661 -0.0493221356874171
-0.129709551611757 -0.262430068353414 -0.02873204127345 -0.00621816946493074
-0.251477110083064 -0.0808632128585046 -0.0382578802511788 0.00652439701857236
-0.168091827145941 0.160178724984999 0.00629446078397375 0.00891240807206894
-0.00221709087676481 0.239333776118425 0.020013561091672 -0.00434967886153228
0.136038697362186 0.187567955211737 0.0118643857323094 -0.0402160143153424
0.194179565937104 0.0864268846139236 -0.0257313809407972 -0.054006953706515
0.209609336008418 0.048604102764712 -0.0373664075415228 -0.04199559704243
0.205757009565025 0.0718229393602424 -0.0285745747187016 -0.0284218156297193
0.196665656293659 0.194321913448443 -0.0191632541392377 -0.0205230083995241
0.0510360056743867 0.299016316234333 -0.0186383221510434 -0.00939223643442725
-0.16635740100004 0.261360791145617 -0.0179280713631494 0.0282251773774139
-0.367614074968959 -0.00239513418247624 -0.0666379818195513 -0.0125635263159832
-0.235593630137636 -0.322666505117915 -0.0369060448136742 -0.0890105178812078
0.0128702336949561 -0.410689694542315 0.0570408963302957 -0.118286743891883
0.0623863851775766 -0.348832563910488 -0.117568867029413 0.0806730482047011
-0.154190796071607 -0.288394793685477 0.00522160724703507 0.0618299946149963
-0.286720031462857 -0.0875553781499374 -0.0259308700835562 0.0197115807388106
-0.193719408405785 0.175179362907424 -0.0183823578225699 0.0237405732705427
-0.0109347009181519 0.259947190208431 0.0112781563526289 0.0620447670906151
0.1374725240716 0.206237608562099 0.0620532093861348 0.02926899855902
0.200534876298266 0.101095823517461 0.0527009679222446 -0.013147686979755
0.210123607392754 0.0608477596224974 0.0438118505172452 -0.0164775385409137
0.200981107348555 0.0811120260353005 0.051292052979163 0.000228005678636239
0.188231587267643 0.192916193693109 0.0447236896872329 0.0259543137184854
0.0482458104618739 0.288155273285646 0.00639080034441884 0.0494510247073286
-0.150824940520357 0.248036183438226 -0.0235569320841752 0.060784651275084
-0.339905467584897 0.0100379629638064 -0.0499876414298113 0.0158276589657807
-0.233990192849189 -0.294368539410483 -0.00609953830538779 -0.0317594059803751
-0.00554211809229339 -0.393109774564057 0.0462088605299433 0.00853290657713388
0.043981849671718 -0.313382051031944 -0.136918109046377 0.215171636044793
-0.149978239979966 -0.258588119509966 0.0398351868679999 0.136892719763126
-0.259848840458213 -0.0741964987054334 -0.00761128377595314 0.0356655906962325
-0.175276854906952 0.153669971923827 -0.0407503361848845 0.0403224870606711
-0.0150197427048126 0.227309862636122 0.0014658021789057 0.124835766428236
0.115472484880322 0.1854341864278 0.106340193357823 0.0984197479595609
0.173875330712127 0.0970193830277534 0.126699664219779 0.0316678308604792
0.178169996135343 0.0626890187681053 0.119182369288266 0.0111893073752846
0.166054033718201 0.0799909183878437 0.119185879151091 0.0271222678202928
0.146397173888764 0.163806281769119 0.0957604708531513 0.0623808728545098
0.0271536168902434 0.227406931012606 0.0269520386523661 0.0927464562069742
-0.119287677507732 0.180062614077316 -0.0290657218651245 0.0769936022063025
-0.247081913499677 0.0031107233156445 -0.0289632624915971 0.0322534917799209
-0.179442335725968 -0.223478393783888 0.0217841706729395 0.0121988401569723
-0.016090295295217 -0.310569820408716 0.0384234498616324 0.115290451174239
0.0158502223945963 -0.220813727535939 -0.141070988631353 0.327447903859256
-0.11435417596107 -0.1729912758443 0.0680373798910057 0.196555783899251
-0.174241102446961 -0.042810347536537 0.0133836353781902 0.0481118848566941
-0.114888023393378 0.0976909656427807 -0.0539725291299366 0.0494557205936939
-0.0152009427415016 0.14813540427638 -0.00623289288976579 0.165950140458165
0.0716465684163461 0.128631977854102 0.135611090111318 0.150381610996473
0.116688174494281 0.0765329575997575 0.182672527316997 0.0701881559900009
0.118475223188489 0.0560202808245907 0.174337677861507 0.0366350693508746
0.108535211775334 0.0697120545254669 0.164773615403202 0.0507059062874947
0.0839646151054395 0.115051207870608 0.122635132761976 0.0887834726767438
-0.00242247973537481 0.14074738801883 0.0332479856501262 0.115392419751129
-0.081016862071944 0.0893973523923076 -0.0364642114681652 0.0734598338253971
-0.130663752790713 -0.0102043026097333 -0.0122848576422953 0.0335396818601821
-0.10164827604202 -0.13163531568942 0.0374296967841562 0.0377746894668634
-0.0214602213843508 -0.190145364117955 0.0307356460059606 0.184896884234577
-0.015026793582217 -0.0867637399857918 -0.126219219013515 0.393813170239423
-0.0576050720368867 -0.0558114171471787 0.0862357146521741 0.229502295987303
-0.0570588271903871 -0.00248642600571322 0.0374851795064876 0.05264512944302
-0.0340298118309399 0.025444727181017 -0.0526633056506045 0.0476207364646285
-0.0127660011584312 0.0454406367380398 -0.0118622069080579 0.175857864467166
0.0150190182096708 0.0522877773170427 0.144015122720729 0.175162409765213
0.0400693572725272 0.0443580446775023 0.210436156877649 0.0957467110228558
0.0413849205231648 0.0424695116919016 0.20333303819412 0.0553624661214432
0.038932664890236 0.0480768869364687 0.183207796980428 0.0693798111405368
0.0189465596736403 0.0552278952357515 0.125816378646356 0.105716666215842
-0.0248991118653909 0.0494035023051233 0.0280379256246726 0.120614204432491
-0.0385017256464974 0.00857217956395022 -0.0431553921825277 0.0569188531864535
-0.0234694838688866 -0.0144079123706667 0.000487086132539457 0.0268529258597167
-0.0320331751527536 -0.0350008739366282 0.0413806739883415 0.0503869706746651
-0.0266075149402893 -0.0573610537265558 0.0226817800777072 0.215721039099932
0.0276263613613488 -0.0486917195528002 -0.0115339750739501 -0.258723782285178
-0.0156383525344977 -0.0489422766446634 -0.0810840993698406 -0.0801290911850049
-0.0488041872207919 -0.00808780903977224 -0.0162181079930734 -0.00277972356980759
-0.014255521207155 0.0437099920810861 0.0536789434264079 -0.0180870381157634
0.0215631438594283 0.0392647920887108 0.0179187455982193 -0.120410052756299
0.039341616491862 0.0116526817142747 -0.101718952742382 -0.141452538340342
0.0357754919061277 -0.0144004067814718 -0.177184713070523 -0.101020949704888
0.0400726543747561 -0.019798654745936 -0.202609936293453 -0.0778250377499967
0.0429041820460026 -0.0100277283282719 -0.201640335986989 -0.0977177699267399
0.0500488974066371 0.0332803301840205 -0.144242736135356 -0.149615540741633
0.0194334954195664 0.0630092625642402 -0.0272164270028556 -0.160789309005558
-0.0440566307158083 0.0539905485521427 0.0370942955511932 -0.0663955962747988
-0.083842489697213 -0.0280086217424189 -0.0385221740715888 -0.0766950078909238
-0.010400377122809 -0.0883141579589343 -0.045729101701036 -0.192618719177214
0.0501348617202184 -0.07543588716592 0.120580351833628 -0.379239992339505
0.0483619167327329 -0.158842523048172 -0.0264532109315503 -0.226953224357911
-0.0494166751333225 -0.125545403429155 -0.068905133006079 -0.0770609955180907
-0.114078961692026 -0.0360069177885283 -0.0321104931967109 -0.00217376481398157
-0.0655003209036866 0.082838778357443 0.0438865389903931 -0.00578624073794981
0.0139210588563473 0.114151409700829 0.0289611418758302 -0.0952712938580936
0.0794183402574766 0.0797521470988325 -0.0704102754569503 -0.130318980561583
0.103800591470476 0.0244597432213421 -0.146346332342505 -0.102385130437597
0.117606650645145 0.00933405803330451 -0.170539162655117 -0.077025196262525
0.119175923810211 0.0289713281513732 -0.166176055758502 -0.0844764406212667
0.114342556737147 0.113644079301687 -0.121800560988766 -0.118920971198763
0.020970547620495 0.173239443560033 -0.0356156461090994 -0.124659154691606
-0.118412351700616 0.136199697236986 0.015594319097369 -0.0434005400815972
-0.217441869865821 -0.0468714831881522 -0.0587500963799143 -0.0691655268804472
-0.0908911583171061 -0.217731766646593 -0.0520229984970481 -0.182284808916917
0.057357409004848 -0.236558093412987 0.104129837916823 -0.332800017606398
0.0680628985434566 -0.256351424261603 -0.0526336890191834 -0.15954843590619
-0.0841273131034661 -0.203721252454595 -0.0517630264196324 -0.0570727634565054
-0.183579171514744 -0.0668058829874568 -0.040500181503591 -0.000986479681157421
-0.1226075302536 0.120257808315549 0.0267750609130462 0.00110620792693982
0.0020088258142897 0.184930466962528 0.0285855425975612 -0.057273522948479
0.1110742299592 0.144466551551977 -0.0317533236141023 -0.0972371374170555
0.158825881784569 0.0632502107556533 -0.0937970923426676 -0.0865302673907644
0.177317924867744 0.0356390180054774 -0.112004926664175 -0.0656960951661505
0.176984116872053 0.0604084615001545 -0.104464516975602 -0.0605129022319981
0.166248503118094 0.17297007642787 -0.0779384753837482 -0.0729127649610592
0.0313536300926303 0.260242939615557 -0.0342810047397467 -0.071413144736897
-0.165265603556563 0.21345792002621 -0.00431530465128413 -0.0107370418954923
-0.323341039298185 -0.039578226750164 -0.0697062264558837 -0.0479504225826442
-0.173262045230528 -0.305565630702307 -0.0492941863832752 -0.147600725087196
0.0478330061750461 -0.359334275488567 0.0836164990346844 -0.240935784207241
0.0794174972563216 -0.327012495281822 -0.0877503916238328 -0.056328163114031
-0.12074129517141 -0.270188036957901 -0.0274791250888637 -0.00987821660022291
-0.251486091187838 -0.0908961062926788 -0.0378100107312055 0.00630040930662759
-0.175720675522914 0.155137818371854 0.00505729623982949 0.00971576531664736
-0.0105798341630234 0.242027901978612 0.0216708201984696 -0.0026419261328713
0.131175697945197 0.194869360694813 0.0141957002606936 -0.0409448561029625
0.194031691527549 0.0942051241914947 -0.0244422499536755 -0.0546762051175401
0.209502612246993 0.0567612594515173 -0.0364789562558323 -0.0438600435226293
0.205389408463807 0.0814172681992517 -0.0270862734422655 -0.0300573862635728
0.193432856371042 0.203483869981125 -0.0180867514721566 -0.0211587094098871
0.0423314895978494 0.305173428727493 -0.0183692753275785 -0.00746849945579804
-0.178076220036007 0.257862731940918 -0.0181959923003677 0.0271123898437079
-0.373435480291788 -0.0159254545312257 -0.0669584232643686 -0.0178594466494405
-0.228089027846971 -0.336589164334165 -0.0318236761645289 -0.0925418227780078
0.0273449464815264 -0.41845204743691 0.0633583644411454 -0.11895855920117
0.0765497598199976 -0.352922647036329 -0.122271368304141 0.0754874599066774
-0.145102488791079 -0.298055784142163 0.00424923698325065 0.061774794862566
-0.286853312869327 -0.0989367642743029 -0.0255109157645379 0.0204671320990958
-0.203248167058864 0.169764625520711 -0.0206227727882287 0.0237959471117022
-0.0193435193503526 0.262377401733729 0.0108427286384903 0.064534871619135
0.132506726933469 0.214269186784298 0.0623682856427818 0.0306755703228584
0.200139691738714 0.108804044469086 0.0527545552627838 -0.0109404456217074
0.21049764823692 0.0683529059485988 0.0450770256830334 -0.0146409156198981
0.200805967501916 0.090841267298576 0.0522782284031628 0.00165626318999335
0.185310612399673 0.201838734347203 0.0449065856104735 0.0279368254505605
0.0403342848270723 0.294046386538016 0.00472194299485239 0.0529400177760788
-0.161506512792909 0.245754739926943 -0.0256141848606173 0.0606620925213077
-0.344847640880742 -0.00213795753732095 -0.0505032228803854 0.0117751710700405
-0.228452524272546 -0.307179930595135 -0.00381952512294725 -0.0339585012512241
0.00826003236841363 -0.399710414579104 0.0475124142187222 0.00978078568464759
0.0578478367089456 -0.316405505012545 -0.147295257216175 0.211823090785509
-0.141056138889478 -0.269037685194481 0.036008020580508 0.13837720108627
-0.260822878383642 -0.0847377063626616 -0.00728868008618839 0.0370791184683568
-0.18318290793027 0.14888545879256 -0.0445598110452945 0.0397982559392353
-0.02313463627319 0.229915188806368 -0.00104165296970654 0.127565843723905
0.110951757972145 0.191870093948048 0.105358560164212 0.102205312890533
0.172637666149409 0.104568730470037 0.12611006031039 0.0370716684980147
0.177490885029724 0.0698392446375209 0.119408859492606 0.0159263219532431
0.165000958012795 0.0878160900106124 0.120041218250033 0.0319769945952439
0.142850222497753 0.171338069644864 0.0943929084774901 0.0667027349604823
0.0203573920379202 0.232261745584673 0.0239743727190297 0.0963762517648767
-0.1267955268754 0.177188276983033 -0.0317229883018408 0.0768654573031813
-0.25036190286503 -0.00586437688556249 -0.0301784063685882 0.0290519368112009
-0.174471096302277 -0.233700650579582 0.0217201790294515 0.0123617670023302
-0.00472775747957106 -0.315952731012449 0.0352336967745528 0.117958049467042
0.0253839059936054 -0.223340974554519 -0.156117811001323 0.326549761488963
-0.10863570802944 -0.180928373406858 0.0610597660854879 0.201645562256733
-0.174571738753492 -0.0496202209960696 0.0130795754540019 0.0505019978916088
-0.120248890007605 0.0949073879302018 -0.0574169895506278 0.049330330896424
-0.0202625677046976 0.149712258386611 -0.0108396017715762 0.169428933244725
0.0680521221827753 0.133337774670823 0.132940219322007 0.156661960329447
0.116165768931463 0.081230464400583 0.181455889662734 0.0782356282131782
0.117787848782901 0.0618121898005867 0.175468646674759 0.0430952176755678
0.107731845829446 0.0740645638593802 0.165153425138064 0.0572683265689715
0.080863594594016 0.119063979871166 0.120772639850948 0.093958391604027
-0.0066941895467452 0.142849301765892 0.0295914346252817 0.118733870683916
-0.0850628887143867 0.0870676501970971 -0.0392518466386727 0.0732965063749406
-0.131430188549627 -0.0156037644350913 -0.0126900502083374 0.0309574833323577
-0.0987122139653294 -0.137680176054858 0.0360727080813775 0.0395926628623913
-0.014072200436269 -0.193537881662999 0.0240723982684551 0.187946351141064
-0.0101529251317325 -0.0892434134777531 -0.144948741398764 0.394953538782326
-0.0553027891177236 -0.0590760135564899 0.0775733518442595 0.236001758111615
-0.0575783409386223 -0.00460323370804958 0.0363929008030208 0.0558062241064932
-0.0360807817806525 0.0244604788553851 -0.0553428170319573 0.0468143341780878
-0.0144974391986965 0.045446729789827 -0.0164890214441075 0.177691352569256
0.0134938996782796 0.0537457439136573 0.140260970186369 0.182294703848856
0.0386613140689763 0.0467197347378986 0.208389091766404 0.105013839829253
0.0408820270945261 0.0448808672822035 0.204240212874796 0.0641662446652662
0.0380931291643139 0.0498690626039673 0.182573513828006 0.0771970227147545
0.0165370750821787 0.0562095704853293 0.123138829141003 0.111032314372796
-0.0271815307507302 0.0498170489508747 0.0242040525286561 0.123080108120511
-0.0394884154455668 0.0073138932166005 -0.0461112166450519 0.0566562264312643
-0.022802590269002 -0.0155833750242333 -4.39510128307968E-05 0.0252952978891524
-0.0309081088711359 -0.0366189626340886 0.0391771180622857 0.052357530014289
-0.0243793169178792 -0.0593488192814389 0.0138659974450596 0.219286055672549
0.0288161264377364 -0.049606471142206 -0.00759855654254618 -0.273390071318666
-0.015524807421012 -0.0505313110209423 -0.0829172307959019 -0.0857864585004466
-0.0506386127370359 -0.00909129285752449 -0.0172194473529758 -0.00292383383884358
-0.0153037112520889 0.0449733024638432 0.0569982573050497 -0.0186782625487197
0.0216456627182912 0.0415721953573375 0.0205804781514131 -0.125618963028343
0.0404062494220319 0.0118591593097901 -0.105247028635744 -0.149262388567274
0.0371691553449056 -0.0150940986484683 -0.183467074618099 -0.108760291172564
0.0412545451372258 -0.0201155462551768 -0.21066001821601 -0.0839341745014845
0.0441530922283209 -0.0091043463510318 -0.209693742535533 -0.105151482778173
0.0524142280783916 0.035334970036993 -0.148942624825267 -0.158132429051219
0.0203408580192852 0.0658679138285518 -0.0275185986841284 -0.167806732851023
-0.0469731348814772 0.0559692459119989 0.0401616508329778 -0.0702607845382428
-0.0879516735540955 -0.0298412952091487 -0.0397806459360653 -0.0810801201896818
-0.0100005130550094 -0.092823281389524 -0.0424442081098303 -0.203527700896099
0.0526937509104829 -0.0779846372557881 0.13356617180894 -0.396157268418722
0.0515741863778615 -0.164976629620539 -0.0237969635816834 -0.240323748414743
-0.0496276005537979 -0.13193115891211 -0.0696583038310207 -0.0838591229279755
-0.118352928233861 -0.0388647838129551 -0.0335975995942732 -0.00215280361819232
-0.0688502752202452 0.0849383256502022 0.0457640993385144 -0.00566400360376839
0.0135139474010049 0.118980916474281 0.031862019865475 -0.0990159280706918
0.0825059718198861 0.0834891086100659 -0.0721538647257812 -0.137356499443253
0.108330069723766 0.0264870322149219 -0.151158370771348 -0.108710480273049
0.12177097797364 0.0109472447899105 -0.176836857744862 -0.0827064057133455
0.124016730059225 0.0330275358263609 -0.171737677628506 -0.0908659588278004
0.119276738996943 0.120282033100518 -0.125532856021248 -0.125252655775298
0.0215780690596093 0.181279364173467 -0.0366577432050105 -0.129638321562992
-0.125551021296044 0.141130346250102 0.0176564011787342 -0.0459897478480367
-0.226947461600693 -0.0519636709065613 -0.0608743981904926 -0.074573637680276
-0.0934647111478356 -0.230270810814834 -0.0490105896718615 -0.193056509098947
0.0628800400109777 -0.248018948340116 0.115095145119913 -0.347581163365918
0.0746367712806807 -0.266795146675016 -0.0527727918861996 -0.171050196928289
-0.0847663923194591 -0.213646921544132 -0.0516317242741253 -0.0630461833414117
-0.190380718764699 -0.0722281083955911 -0.0418773198475617 -0.000706150908940964
-0.129493441828135 0.123504575100889 0.027979687635859 0.00184303534511469
0.000150142395269069 0.19336509439947 0.0319608045840095 -0.0591655523799754
0.114928763994388 0.152121067994674 -0.0314998150002052 -0.102587046528243
0.16571484493177 0.06811379109307 -0.0974197936758565 -0.0909145715406763
0.184719896949076 0.0391769410850056 -0.116363847336928 -0.0700203952467757
0.184391241666405 0.0669854197749019 -0.107706991184007 -0.0652461108584527
0.173033512392764 0.18354410265812 -0.0800796264179744 -0.0765831574963968
0.0311549065644765 0.273243260090605 -0.0351337453441471 -0.0731152695358902
-0.176159387529756 0.220247962877137 -0.00326722291499536 -0.0122854510451693
-0.339252782588372 -0.0454826162968685 -0.0718799809548822 -0.0532902645066653
-0.178867746742519 -0.323590233961379 -0.0471974018849444 -0.156812283172755
0.0540946185307121 -0.377525558837248 0.091392903029796 -0.252120561629763
0.0864390824733137 -0.341358015414631 -0.0904457666629833 -0.0623714414082088
-0.121795878657713 -0.285087953158209 -0.0270170067438541 -0.0131664503946596
-0.261076433657673 -0.0978125707902323 -0.0388463276615897 0.00739044353509136
-0.185440844163417 0.160042553925647 0.00463224619600608 0.00985967744416317
-0.0126916050963421 0.252929278798584 0.0245794721218576 -0.00194839225046999
0.135782055384505 0.205308937272783 0.0156596558207472 -0.0438720457410332
0.20248274075724 0.100728859289719 -0.025725987610449 -0.0568945519817849
0.218513992861162 0.0615141671327767 -0.0378123303961254 -0.0459359667973628
0.214169948115543 0.0885650360449139 -0.026976674094017 -0.0321396495952139
0.20130233053869 0.216184607170344 -0.0182566342447849 -0.0219376908896422
0.043084308426445 0.320496836350535 -0.0196045863806353 -0.00523850832378811
-0.18941612850347 0.267738072275313 -0.0184555159706014 0.0278892197408047
-0.391367929436405 -0.0216482957675148 -0.069630798246427 -0.0214320364326147
-0.236150628986215 -0.356450420662867 -0.0300884030630487 -0.0997496886854503
0.0340049534900171 -0.439913516428174 0.0687073166599655 -0.124732149904898
0.0859681196406618 -0.367882266438757 -0.128312319653047 0.0752647402343806
-0.147231157952553 -0.315693361502926 0.00439927436619072 0.0620939706598913
-0.298546561654515 -0.106995066643376 -0.0259576700815565 0.0217322046774082
-0.214433311628896 0.175141815830907 -0.0225174259525025 0.0251904004799276
-0.0223913061628769 0.275279191852489 0.0130459405950165 0.0680559093682255
0.137331557866713 0.226115680334832 0.0656280635813635 0.0316877506091138
0.208359510938234 0.116187667384479 0.0549620433985129 -0.00915385851407319
0.21867747229121 0.0743978021005653 0.0472971946485053 -0.0144153722094991
0.209511270532806 0.0988873185236128 0.0551608796750084 0.00219662766305846
0.192872483210326 0.213275631317307 0.0474879316830543 0.0300059360451653
0.0401810881312164 0.308842760961869 0.00454625997948583 0.0583320608631693
-0.171318379802427 0.254770376890498 -0.0265161154368736 0.0634073161856182
-0.360010728650613 -0.007186429160074 -0.0531101202138723 0.00894943406928682
-0.236311610732465 -0.324860851326255 -0.00227326538482977 -0.0368721822844858
0.013648262789499 -0.421343923891174 0.0497049019552886 0.00977505012090226
0.0653944216571306 -0.331854491162471 -0.156835855457797 0.21915320314271
-0.143624326092324 -0.28431497254439 0.0360571206773886 0.144772869054301
-0.271815695044178 -0.0922325440183991 -0.00677939942695117 0.0399582640646517
-0.194185584012637 0.153779947189121 -0.0477241198144001 0.0415593780869373
-0.0260861558877587 0.240755141866305 -0.000168431355949386 0.135391433782212
0.114614932764672 0.203052841393618 0.110297581705742 0.107460616510795
0.180843386557163 0.111347660508005 0.130620147336202 0.041755710182518
0.18466719410569 0.0757577351993452 0.124486212577502 0.0183860506817849
0.172115784610862 0.095173567140794 0.125518557492721 0.0340695825802474
0.148669824739119 0.180213880452797 0.0988505241876883 0.0711626032267938
0.0201968431029537 0.243376922144623 0.0238868841357692 0.103834425896677
-0.135320703849967 0.183744347281381 -0.0334241957491906 0.0806377027609166
-0.261796359940976 -0.00949249855057887 -0.0313765872585793 0.0268202222519967
-0.180668041952468 -0.247387085360038 0.0231738220825574 0.0123931981827199
-0.000291270638409647 -0.332906146357605 0.0352794415658188 0.122919737454073
0.0309372290910253 -0.234745641664173 -0.168309938520756 0.340272055731929
-0.110548076516948 -0.191920473062565 0.0604123456213348 0.211858012721943
-0.181685017885615 -0.0551618464759119 0.0143735211797368 0.0539669667643052
-0.127899127970439 0.0979323156722423 -0.0615629786589439 0.0515204214313066
-0.0229764078098573 0.156635703326654 -0.0117032486087968 0.178270142908777
0.0699818018230131 0.141433402797684 0.138535151000462 0.164958052341387
0.120837152182198 0.0871262816865911 0.187602969818906 0.084881288423158
0.122588740771048 0.0658525613618168 0.18277106713531 0.0476310271161964
0.111696040891938 0.0793429470711202 0.171706190152328 0.0617538603525844
0.0836605284079703 0.126370198424133 0.125001862891984 0.0992467666911202
-0.00834276607673605 0.150489448119291 0.0303874221701484 0.125674377729363
-0.0903764687690844 0.0890520857729052 -0.0415815839509109 0.0764324230643275
-0.136545318516449 -0.0186277927308878 -0.0135006798382834 0.0297055062200791
-0.101794097739632 -0.14444522310212 0.0366178540442432 0.0411065149620292
-0.0110283801030385 -0.203955427697236 0.0224818825800575 0.197085364867149
-0.00810628907801666 -0.0940696831744995 -0.158765863542962 0.41369544384955
-0.0566757420469009 -0.0634840452447819 0.0763055239215171 0.250025590027009
-0.0598755167941584 -0.00565398562894892 0.0383100936513514 0.0598579849687699
-0.0383424013264091 0.0251472504693686 -0.0594232988248402 0.0494373354020194
-0.0157706126767191 0.0477398632234198 -0.0187074659711013 0.186879942659123
0.0137774653577539 0.05763076771468 0.146028085216137 0.192402221619461
0.0405653271230288 0.0501025184014039 0.216687857348696 0.112890932261746
0.0426401346670372 0.0475785922573046 0.212803647259322 0.0695599083716498
0.0398125181152605 0.0524605466287593 0.189792279057883 0.0837846868404591
0.0168761208946602 0.0589747550962687 0.1274143619632 0.117349718852854
-0.029210542271357 0.0524767221412443 0.0234689547215321 0.128813130395441
-0.0415740926246258 0.00670035144294279 -0.0487023260088015 0.0581147693906565
-0.0231850893602883 -0.0171648794280019 0.000329548449478669 0.0242850595497578
-0.0319650382980154 -0.0382207521744089 0.0393813869646348 0.0556657686793131
-0.0234930997497375 -0.0622326095049479 0.0112423328880844 0.229879581802349
0.0242544294778312 -0.0551285112894071 -0.0518943638880167 -0.284615694079516
-0.0220086819559575 -0.0504170587509843 -0.0984742241967537 -0.0775773196216004
-0.0542900342011827 -0.0018594145157956 -0.0156272633612707 -0.00100183831863331
-0.00991196305536211 0.0492043648131833 0.0570644119167382 -0.0314349543146339
0.0301614092673963 0.0407998895316056 -0.0011961216112453 -0.13726258059061
0.0446641163442966 0.00650493883673701 -0.13614833007513 -0.141378654262481
0.0373970608683227 -0.0211912689169177 -0.212772236237071 -0.0856557606270349
0.0408487178117564 -0.0279207635901372 -0.231942623880911 -0.0571763754627024
0.0454172485107823 -0.0165868231083999 -0.235591455518944 -0.0797879548390349
0.0617367391158185 0.0277707119045416 -0.179192419094939 -0.143241364168765
0.0331905069454966 0.0653961762921624 -0.0537342716505559 -0.173342837829821
-0.0410227277577854 0.0650701470899913 0.0328290622180274 -0.0812331909723386
-0.0955218778698093 -0.0175023463510865 -0.0536177820910675 -0.0772225645649247
-0.0234523648487738 -0.0925153164107648 -0.0741496485356745 -0.207284426262719
0.0401235190694985 -0.086437931208917 0.0870390199703649 -0.436464256190216
0.0290681710042034 -0.18115945128221 -0.0577447995295437 -0.239237028617432
-0.0693994807763814 -0.131611937889101 -0.0806960660260053 -0.0753817999287417
-0.128912296994675 -0.0236282449565173 -0.0279328115850304 0.00230773597409311
-0.0607011084038845 0.0973756486328001 0.0496092049609691 -0.0180984404943896
0.0316989284137154 0.122637271276062 0.0159201922130698 -0.115424801590849
0.098542816578789 0.0755197033191944 -0.101872582981765 -0.137164211452355
0.116934047840005 0.0125230995959742 -0.180585080152391 -0.0927883526825092
0.129469300252474 -0.00699016475622563 -0.197379963692761 -0.0601011934084986
0.134178252201245 0.0155111503304847 -0.193835051825113 -0.0712211782900761
0.143102603637979 0.105962789183034 -0.148688412966704 -0.113681739693829
0.0510668976011306 0.184597756528754 -0.0565494793490054 -0.132591206862384
-0.111664749821713 0.164276458726334 0.0151489527742498 -0.0533564170582443
-0.242897073313829 -0.0183372814192104 -0.0734214803374497 -0.0660076289813301
-0.129959194286308 -0.222749709113487 -0.0827270873611529 -0.193780541470679
0.0262279373184423 -0.26331257414284 0.0729460660811588 -0.384550246154652
0.0359146221450073 -0.295035434826132 -0.0721992672294174 -0.153403882425677
-0.11801980928956 -0.21363009999148 -0.0555830865488982 -0.0542502483760277
-0.209371741024674 -0.0475971473153243 -0.0309023774853699 0.00457174950268173
-0.119124115269007 0.145223498809564 0.0347305908116004 -0.00902440750440285
0.0277669459991538 0.201497953917637 0.0237087199969553 -0.0770083578789162
0.142643991621031 0.143271109888633 -0.0555890698237679 -0.110836397653165
0.183168945831188 0.0486576831038893 -0.121097848555084 -0.0849463960010226
0.198406219850154 0.0143310765756382 -0.132619052159844 -0.0559677640908369
0.201502354584535 0.0420841271341246 -0.1224125808856 -0.0544608517660527
0.208116458793543 0.164232860871057 -0.0929971189441718 -0.0700392778530149
0.0749832299366792 0.277655086716153 -0.0460403786190255 -0.073368403770093
-0.153342342650207 0.253175983614925 -0.000288890797216857 -0.0154694838438319
-0.358027060318267 0.00453435749077286 -0.0810946439874127 -0.0406711218696955
-0.231741924069464 -0.308141003928219 -0.0781104327009164 -0.154100145238636
-0.000548832283284112 -0.396629071000065 0.0608905168164192 -0.281591011949071
0.0366751422228051 -0.378359753024315 -0.0906397045000297 -0.0261105085788901
-0.167321050814152 -0.283401632180407 -0.0188069292328544 -0.00425267255429271
-0.288324976683881 -0.0649513696612817 -0.0212154262364303 0.0120052468826566
-0.173032213877966 0.190662834873418 0.014374444367472 0.00222167591543758
0.0222384564551765 0.265313606705297 0.0258650707614182 -0.0192505458488447
0.172349702772169 0.195845692656637 0.0022146492782161 -0.058500338612497
0.22547130571906 0.0781061650636942 -0.0407504216300908 -0.0608277342853166
0.237157502359642 0.0334100269001442 -0.0476706162854976 -0.0421589810131668
0.236560853075097 0.0614700180558837 -0.0333010028854016 -0.0317792916427648
0.241554992970645 0.19388663061553 -0.0188678597706076 -0.022194365225244
0.093530827730653 0.325452513637543 -0.0195044108199446 -0.00486973006455098
-0.161099776752626 0.303623765858214 -0.00912569171849296 0.0290535026943715
-0.408732091128239 0.0370941378434756 -0.0725253559843465 -0.00793950158439601
-0.296604903148882 -0.333754451377932 -0.0534868153315097 -0.0951497644899666
-0.0294382537585729 -0.458510514084632 0.0542483572440987 -0.143735268050042
0.0297668416495971 -0.406560435891671 -0.105767561291574 0.127307928218351
-0.19971629732305 -0.314046764490876 0.0280768564170769 0.0713065078866388
-0.330119503394569 -0.0689172613447324 -0.00181506117307074 0.0247173223975726
-0.200656231034157 0.211065799462807 -0.010123822324735 0.021209169166818
0.013737599608157 0.289952026336847 0.0258456739308683 0.0547430303545625
0.176807333812503 0.217408176068003 0.067128907136072 0.0114013516322193
0.234621392612465 0.0937618985797001 0.052230583056615 -0.0243318021885377
0.238809218958193 0.0469044088218741 0.0454596896126947 -0.0222393416356007
0.232418031849585 0.0721594155296145 0.0592073719790054 -0.00761498585236223
0.231479734866052 0.193456292001759 0.057157578328318 0.0216611276232736
0.0892310106129401 0.31303039831694 0.0151827844322174 0.0588420941397238
-0.144493648940757 0.28721617543071 -0.0129694655086504 0.0672904021859279
-0.373632612902897 0.0490586832717061 -0.0504988225569545 0.0210288134176009
-0.29186274732212 -0.30125201085404 -0.0148652429497807 -0.0330670560474367
-0.046096111218866 -0.43547544643301 0.0536686861671779 -0.00026117564353592
0.0137747358598916 -0.367089763720583 -0.113808221370476 0.281835320228902
-0.192831645827075 -0.282074323389796 0.0732805351534643 0.153181377358402
-0.299839903894534 -0.0587308836088312 0.0190695705691871 0.0408654020095551
-0.183621817335652 0.185988159024338 -0.0348336923473576 0.0444504591286556
0.00435360309661615 0.254066522216367 0.0242309624948908 0.129361324853836
0.14918122946713 0.196945972219897 0.127590288154254 0.0852608867397185
0.204176728305736 0.0923816090464428 0.141322642147089 0.0181574213719954
0.20332607803933 0.0532510941469476 0.131725708477309 0.000404078713957195
0.193132209070502 0.0742394231172266 0.136767352199876 0.016327496554017
0.180021598041196 0.165736978358312 0.116570223042011 0.0569793057433889
0.0575699013521667 0.249239953397282 0.042603347462911 0.104064065642799
-0.11486705920736 0.20770760253294 -0.0191229899638105 0.0879367946908251
-0.271209893869182 0.0307197202787392 -0.0264754097027016 0.0346446247156665
-0.22386731978166 -0.227763586454938 0.0201845229020679 0.0131659298567032
-0.0491918322092254 -0.343961741710995 0.0536193956199009 0.122666650541844
-0.00661518875911639 -0.259551992059825 -0.110842694805673 0.404243998761756
-0.144656624913516 -0.189728240740104 0.105603912143908 0.219242388400439
-0.199580805046512 -0.0322683666959129 0.0366390737147516 0.0527067017850232
-0.121586145231627 0.11813202189364 -0.0503239957978935 0.0595721645989918
-0.00524279174313023 0.165788816006133 0.0194609403383849 0.180715010703298
0.0927543288029027 0.13881927115535 0.169025244858924 0.14399816583377
0.138203498220052 0.0749784476831833 0.210816877475053 0.0556322391011574
0.136233898285896 0.0530202914921992 0.196391543791015 0.0227163716489668
0.127744113316591 0.066962070660581 0.190038395801688 0.03884781966125
0.104021404607436 0.118781719503438 0.147421546343761 0.0839962368054371
0.0132041340174456 0.157174235229226 0.0511824932247173 0.126821011379597
-0.0822416832958819 0.103829021068465 -0.0302474287999156 0.0865994814459888
-0.143430263774637 0.00112584573530781 -0.00834328051337764 0.0332953766674988
-0.126260508405893 -0.134591729459429 0.041244108750575 0.0396929770056883
-0.0395282659157347 -0.209285066684653 0.0510234159153754 0.203324838238225
-0.0258391113878675 -0.103596770544991 -0.0951063855485145 0.469447478469676
-0.070698658000803 -0.061133234391311 0.122625338954819 0.254011202210034
-0.0645728972727518 0.00164163658236452 0.0543889442975759 0.0563856991913676
-0.0379701917740565 0.0303414304790227 -0.0517662568260341 0.0611151608061223
-0.0122866050972638 0.0511460346490951 0.0132493710001557 0.1971584354417
0.0212199173092567 0.0586919154462335 0.1831017299071 0.176776022098876
0.0490885085975712 0.0478349367662868 0.248123539700175 0.0826277799675445
0.0503281275139561 0.045283703261546 0.230975195890703 0.0413313650905053
0.048804635996599 0.0498914874509324 0.212135778473997 0.0593670585199889
0.0241180976346438 0.0590680268397716 0.151029265608363 0.103175290947459
-0.0231029513897348 0.0587738061021561 0.0444707529492224 0.131884858497937
-0.042164840691351 0.0124852248341454 -0.0419207849722921 0.0695810890676701
-0.0261294104719715 -0.0149735553148869 0.00358356144690805 0.0238948002263815
-0.0386468246142802 -0.0355931014405007 0.0473648723990966 0.0525544630154683
-0.0312520351759028 -0.0622793055261439 0.0436323881786175 0.240044156511682
0.0201238964301511 -0.0561545912513581 -0.0746543555570922 -0.289330155183582
-0.0263997305503884 -0.0488410762950178 -0.106184930205534 -0.0732251785804953
-0.05557827928587 0.00263416238603107 -0.0163914601995688 0.000885067599996205
-0.00598750933843034 0.0503896709863349 0.0563519496221512 -0.0365236538106625
0.0339370474950453 0.0392496169880859 -0.0113860999171682 -0.140236166069687
0.044949461784448 0.00260883626270918 -0.150028673529295 -0.133559652392045
0.0355012194296896 -0.0246246498778952 -0.223450026234452 -0.0729974454115754
0.0391201080545045 -0.0313811175878433 -0.240680329699995 -0.0414435676049742
0.044841103795563 -0.0196869293431594 -0.246274693934256 -0.0638741030845425
0.0661629658488494 0.023108915044979 -0.193803265464055 -0.131477475687104
0.0389664815665166 0.0635847346949696 -0.0683003969341171 -0.172202242972518
-0.03710316684467 0.0692779306370793 0.0270461646651575 -0.0865755771208934
-0.0987825015778789 -0.00981278265859263 -0.0611575359067877 -0.0750486363041371
-0.030935716873308 -0.0926376690627428 -0.0880674714003598 -0.207294652156316
0.0332878207075998 -0.0904617052396608 0.0558410510236227 -0.451166134642325
0.0154809969001393 -0.186147255358756 -0.076814799753555 -0.242308800399744
-0.080278741089766 -0.127849114079444 -0.0877129952658452 -0.0737769711946002
-0.13262200241404 -0.0135436425001397 -0.027677518008062 0.00483881590180403
-0.0545328110245904 0.102945863573556 0.0494827968446906 -0.0222633789038975
0.0423627179634045 0.121875598696864 0.00739028446464091 -0.118331051690673
0.10582058499765 0.0692134190974808 -0.114669503049194 -0.132535708022777
0.119674570220067 0.00348273220894217 -0.190418955568173 -0.081566695065831
0.130659716297616 -0.016419465669353 -0.205250060286122 -0.0471854826126869
0.138293192683249 0.00678648598976263 -0.20249846510464 -0.0583215607644371
0.155121019057493 0.0967747554991394 -0.159515045575695 -0.104035265846654
0.0669437256533321 0.183504689032834 -0.0673007462210119 -0.129375480254293
-0.101937442877126 0.175327585815947 0.0116202717148868 -0.0569527076456806
-0.248692363223729 -0.000660600315656902 -0.0802893366758559 -0.0624322999758404
-0.149512297404033 -0.217093311596454 -0.0961597795168518 -0.193514118580804
0.00662208067606425 -0.270576398450599 0.0467084222458979 -0.398944969517101
0.013358569241442 -0.302480364067832 -0.0851804262704436 -0.153848425420421
-0.136121224899713 -0.207817492950829 -0.0606136251034078 -0.0540565523131609
-0.215951643107984 -0.0327028939523862 -0.0304545096932373 0.00748855804479653
-0.110399871040773 0.156269089722431 0.0348464430852024 -0.0118441280455096
0.0447179168467407 0.203346303037509 0.019058309543478 -0.0806218300207921
0.156559624804214 0.134678160742972 -0.06532212870569 -0.10869610457181
0.189579200718742 0.034714186671762 -0.130103110804644 -0.0768199843103873
0.20261592367423 0.000274365338099793 -0.139167647895138 -0.0476589569713363
0.209409598378442 0.0291953163789048 -0.128635103434939 -0.0467952603898748
0.225816608505429 0.151511617815413 -0.0990995224844314 -0.064238062016741
0.0988461912699097 0.27727520012249 -0.0517400293932214 -0.0686554015756434
-0.137777965681831 0.269235467791323 -0.00130352388381802 -0.016740021352657
-0.364045068315908 0.0319765247773081 -0.0868226666983378 -0.0366500791310748
-0.260317871924733 -0.296041181117255 -0.0889215069058082 -0.153629092839979
-0.0307102610798225 -0.405372970754917 0.0406245271056216 -0.293471843599349
0.00733881315243697 -0.387433497727959 -0.0936283608454162 -0.0229962525973646
-0.192532523519178 -0.276777484270494 -0.0193915047757547 -0.00565293395324504
-0.297712986766683 -0.0443583584191844 -0.0193838041405489 0.0138384018889698
-0.161836303514077 0.20675223303617 0.0146922365169726 0.000884229112181662
0.0436863400301749 0.269181929103531 0.0266650901090622 -0.0219936357411004
0.191739421067536 0.186582248420397 -0.00210713936402136 -0.0609639615629972
0.236170062928727 0.0615918227424935 -0.0457759890778279 -0.0579878349364988
0.243525739967363 0.0164007042444776 -0.0513921947939049 -0.0396915703520618
0.246085536919571 0.0454862027386227 -0.0358047801029712 -0.0311686260936467
0.262394002615691 0.178218735548544 -0.0200521655717625 -0.0213020982438402
0.122329207280269 0.324947273827337 -0.0186040385624456 -0.00048041510976258
-0.141685813064373 0.321135657554117 -0.00666323478818849 0.028693844416944
-0.413136191870925 0.069702524434745 -0.0751936906904072 -0.0050225257640386
-0.327410880732807 -0.317698805944048 -0.0603444622558455 -0.0950651581010153
-0.0651809676820617 -0.465652704920639 0.0439716031228014 -0.152948390302963
-0.00162395510424697 -0.417064390456514 -0.0979336940328242 0.135760595956571
-0.227536251889961 -0.304956204289107 0.0341774999714758 0.0677704763074219
-0.34060799945779 -0.0462918906260309 0.00130618026760412 0.0258496064742114
-0.189042674931672 0.2300543399043 -0.0089975672206198 0.022598939574355
0.0374414857873106 0.294751209363294 0.032866228768947 0.0537776809388795
0.198384008136915 0.208095438501043 0.0701944775381052 0.00527657009839689
0.246883892845997 0.0767974538565748 0.0516588789413741 -0.027479987805085
0.24650694753889 0.0301170513590853 0.0448279156130732 -0.0263849667818085
0.243581569424228 0.0565665769292591 0.0602279538118099 -0.0134476646516587
0.251863528940484 0.177963552237996 0.0611347388095882 0.0175650762595301
0.117051459983915 0.312651176813688 0.0220092845987749 0.0614519040023542
-0.125496003208183 0.302590027769825 -0.00728275010856251 0.0689895269016656
-0.37615841556098 0.0780595772234297 -0.0507686147296232 0.0223102297377454
-0.322282839317508 -0.283992517358899 -0.017323254760371 -0.0350226398743914
-0.0824814078362203 -0.440555141576952 0.0535897758007767 -0.00516130665862066
-0.0141784041106393 -0.376491183115689 -0.095146817064121 0.294633582077544
-0.217666223410381 -0.274651146279972 0.0857874745743212 0.149540314903327
-0.309989093332703 -0.0373411927211415 0.0242558365324102 0.0400859030710792
-0.173703320609372 0.20294048534119 -0.0323805700392351 0.0482367464346032
0.0247916301007528 0.259722665002225 0.0372080778445862 0.129782652994709
0.168498300703291 0.189763934141864 0.137448627561021 0.0756505231484357
0.216011864549678 0.078146839355006 0.146257355431057 0.00807902266728277
0.210687428229048 0.0391976923666128 0.133983398301625 -0.0090425400075929
0.203332340683141 0.0610321065902948 0.141216188015917 0.00521551657107067
0.196273199337697 0.154465062002987 0.123225584193574 0.0485079040549839
0.0792780828089788 0.249958066787874 0.0527576637070914 0.104898604570652
-0.101916310452523 0.220052970265116 -0.0120099939922989 0.090581145361895
-0.273410116379247 0.0513709118295819 -0.0253959009316689 0.0343137149166729
-0.245754297066342 -0.213762606484928 0.0216950795466506 0.0105240466666716
-0.0754315904227195 -0.347355692351277 0.063383809195069 0.119744426883058
-0.0264747789899347 -0.264808253696416 -0.0825109299865676 0.420008127172463
-0.161336813693433 -0.183867446750701 0.123340533631109 0.215477632038273
-0.205436348815648 -0.0190167967971653 0.0434533025400888 0.051022379126295
-0.115769047172411 0.129704396992139 -0.0468794708127657 0.0659335364443755
0.0077817273215896 0.169909787914644 0.0361152613502091 0.182797909555412
0.106745689434646 0.135116149343141 0.184433324309457 0.133351556479551
0.147345908800936 0.0663259857071898 0.219385115920905 0.0411616849423149
0.14338256496301 0.0439706632248584 0.20193371979283 0.0090791173897986
0.135965996719727 0.058545883498687 0.196392931630883 0.0244148908795309
0.115262026256174 0.113217650607211 0.155930188087744 0.0735981871873648
0.0269354660451778 0.160324813005792 0.062874585612674 0.126509304999637
-0.0761754395466419 0.111677358469495 -0.0234153622057861 0.0899051682236984
-0.145215200888995 0.0112933340867054 -0.00681775133687691 0.0319895069110203
-0.139107007248966 -0.126581211386615 0.0438179762750292 0.0363133837528341
-0.0555321377735211 -0.210760299488743 0.0664237513381181 0.202524634047182
-0.0335723688865749 -0.105015086278003 -0.0608049152542629 0.485476175312013
-0.0762969633142318 -0.0580924796157807 0.142912649969625 0.251558519191646
-0.0649116848439109 0.00587232725008475 0.0607167738383314 0.0534023879098556
-0.0370731266741921 0.0339817484547212 -0.0483595802139512 0.0669990173734181
-0.00913206454422699 0.0529519337671302 0.0298829329981772 0.20053569806157
0.0270216966112274 0.0591986202407147 0.201856886281911 0.165148281356945
0.0540311599112666 0.0454230074176479 0.259086418968851 0.0655150458207988
0.0552910983598876 0.042784981619166 0.238484959099548 0.0252675337901988
0.0532207098418851 0.0467427400888708 0.220620029080736 0.0452237381383421
0.0290765550215334 0.0592339489424114 0.161405216319935 0.0936708229915302
-0.0183737946320597 0.0630384542946158 0.0553629834314579 0.130750548323069
-0.042493157186275 0.0159105632856713 -0.0376346419235654 0.0733933901147884
-0.0279237384454758 -0.0139100941363955 0.00529832244423934 0.0219011604995539
-0.0421493254018329 -0.032767069818005 0.0517744482368782 0.050381010587832
-0.0350562199812116 -0.0614002514530025 0.0624457329788267 0.241227436287267
0.0156937141493622 -0.0549071584014948 -0.0935010965284965 -0.277177778802758
-0.028330776655343 -0.0440260930721452 -0.108804857580768 -0.0652614816671228
-0.0537458620662407 0.00653947348863176 -0.0159169374115836 0.00263223181422458
-0.00264898464786479 0.0488665323630208 0.0524377541563003 -0.0402585792821766
0.0360707699505076 0.035614087549111 -0.0218215492219729 -0.135296687275579
0.0431173562580796 -0.000520133769880086 -0.15538798941833 -0.119601510881031
0.0318421302146246 -0.0262871513764546 -0.221199383531895 -0.0562695505006594
0.0357130655131753 -0.0328868066277753 -0.236192853529187 -0.024805063987433
0.0426493602727745 -0.0215388744919363 -0.243232393374538 -0.0451354095819574
0.0664226668009252 0.0175907084222711 -0.196281275849393 -0.114280141152706
0.0424841663084382 0.0578605680042154 -0.078101105123065 -0.162052749283852
-0.0312682199180767 0.0697571245404319 0.0201112893188607 -0.0865337805283374
-0.0962605506022825 -0.00231030652244219 -0.0645893649896021 -0.0685821677199095
-0.0359883404427272 -0.0869177841198192 -0.0972012131461123 -0.19678455652817
0.0252931677494298 -0.0895693096325783 0.0247276730538032 -0.441720958804318
0.00125153671988679 -0.179691015144597 -0.0924880759382742 -0.232138515899145
-0.0858486306417785 -0.117483422526607 -0.0908949959962257 -0.0679845253628449
-0.128945462704007 -0.00463707352110923 -0.0262269789071412 0.00701169866613007
-0.0459048616419433 0.102557132760966 0.0467199612412422 -0.0250823318596938
0.0501564464703653 0.115555227610366 -0.00045919557822079 -0.115752366938814
0.107033063738703 0.0597279035389504 -0.1212279659728 -0.121304065621384
0.115321101991402 -0.00526658973422371 -0.190048298100912 -0.0666241387249383
0.125358171880084 -0.0245238228751552 -0.20273325941325 -0.0333340543702588
0.135139846785184 -0.0023713058510167 -0.200696285681791 -0.0439423024176412
0.157951722243212 0.0824503746010258 -0.161308834423998 -0.0900169540111816
0.0784769827167859 0.172774786879045 -0.0736563131808242 -0.119502462199094
-0.0870891638502635 0.176541119632712 0.00710630312205674 -0.0571298111864897
-0.241200650522806 0.0164776380529784 -0.082563782994388 -0.0558414350267118
-0.159898966553131 -0.199762665110166 -0.103658173028541 -0.183724194385212
-0.012503344850634 -0.263602258804054 0.0182103362996878 -0.391491136405722
-0.00914237283835964 -0.29241955789153 -0.0944729390436723 -0.146301999365679
-0.145693559008679 -0.191822988353826 -0.0635962263017 -0.0517140693125618
-0.211292068695488 -0.0167787327038177 -0.0284092082529436 0.00961674454189696
-0.0961369427434225 0.15758718840753 0.0327014377225485 -0.0137276617078853
0.0576555704372585 0.194136283552997 0.013268411458411 -0.0798939138688821
0.16198883760825 0.119634407469929 -0.0712173088464109 -0.102339416407605
0.185976820273632 0.0199766065849231 -0.131248865454809 -0.0654232456344891
0.19614638088943 -0.0133930497253003 -0.13813322712286 -0.0377189774241999
0.206102965684657 0.0143893881302779 -0.127363518161584 -0.0379410278734547
0.23086476478397 0.130911500837767 -0.0995257552152976 -0.0558113170648899
0.116784586981453 0.262133701399674 -0.0534469500681588 -0.0613378829126644
-0.115609540114733 0.270837216967619 -0.0025415107619851 -0.0180328927132822
-0.352020164457914 0.056633081174599 -0.0874298909151045 -0.0317391408187884
-0.273392578568685 -0.268314255885771 -0.0952330164339723 -0.145302466428239
-0.0576610634100008 -0.39205935027368 0.0186519372010666 -0.289585176734691
-0.0207382952700874 -0.375035078538577 -0.0935386534915414 -0.018785289073919
-0.205067329666332 -0.254374176550806 -0.0201874930848448 -0.00781799565868912
-0.29032319843502 -0.0231459834912685 -0.016805448337942 0.014691564253406
-0.142580330413494 0.211193739878192 0.0143890095992842 0.000336280935796116
0.061667503243359 0.257800210523341 0.0255709721427158 -0.0236403036962344
0.200463680288544 0.167683971099547 -0.00630386472769633 -0.0608371890368111
0.232902522518453 0.0424740733610882 -0.0483347526280555 -0.0523259520743214
0.236157956070265 -0.000564082711716712 -0.0526572492738179 -0.0356007122432389
0.243048852848052 0.0274549889402168 -0.0361778321256702 -0.0284736374866376
0.268617868289319 0.154284784347292 -0.0196547124930013 -0.0196579415500517
0.14388925965438 0.305680509347132 -0.0162387656838063 0.00343963812041933
-0.116180481290086 0.321425838197608 -0.00467637779628233 0.0272919629648175
-0.396680187240878 0.095580441602114 -0.0745051591952252 -0.00187193908374349
-0.341223068149275 -0.283632891823691 -0.0637959970402312 -0.090630876701881
-0.094536267160436 -0.448594076340061 0.0311002434292496 -0.152789408555795
-0.0311021677366941 -0.404467561384083 -0.0862944872371176 0.136078588189639
-0.241867954570221 -0.280316114856511 0.0369285941476299 0.0608377578205926
-0.332793161721321 -0.0218912499497197 0.00457949642961179 0.0247564972801688
-0.168471976203247 0.235444836999218 -0.00717134544695584 0.0230145994731678
0.0579676998891921 0.283467159126576 0.0377838572370097 0.0491144721597029
0.208841361546439 0.188071544856302 0.0691443779765224 -0.00107006994379779
0.245489749410153 0.0568160891537283 0.0487005045144428 -0.0293667446374692
0.24084777555601 0.0121193367208199 0.0419692639076366 -0.0288308970268681
0.240635067398976 0.0380609832245273 0.057966336630314 -0.0185154635914142
0.258056081872301 0.154952394667082 0.0611153471111288 0.0118701897381916
0.13755018467117 0.295227540690575 0.027971050875005 0.0603202931320686
-0.101082153713044 0.302104548247605 -0.00207240168237286 0.0663494371387346
-0.360211390473084 0.101191609350738 -0.0487707187223309 0.0225801712109675
-0.332740187539076 -0.252064132304659 -0.0186199531384838 -0.0348354717956864
-0.109069821831025 -0.424125085398362 0.0505501769077297 -0.00987877327925925
-0.0398873099340599 -0.36296769091746 -0.0711668867492479 0.290120235006354
-0.229742840869058 -0.253000199423996 0.0931796788725713 0.137155053877025
-0.302480085825324 -0.0162421162578406 0.0278164967830731 0.0366997877400599
-0.155055816920989 0.208711451552092 -0.0279869434485177 0.0491795674156531
0.0430213673794399 0.250344048131346 0.0469948137425597 0.122485111047724
0.17870354314497 0.172353331089605 0.140232535971263 0.0623193613046322
0.21578405362544 0.0602149327891512 0.142603492868165 -0.00128952403522535
0.207004298903553 0.0239672735092066 0.129659809150727 -0.018535995489032
0.201770588898062 0.0456957422883791 0.138452882912852 -0.00582032337131968
0.202312296896503 0.136316317275694 0.123892882158435 0.0376086750682561
0.0964751325833118 0.236967055282322 0.0606267574765298 0.0996358647323513
-0.0844062661663552 0.219766391910199 -0.00448750278424984 0.0888110982763103
-0.261246736040464 0.0678901878673602 -0.0229835742041378 0.0325334509329685
-0.253236719100894 -0.18901274017805 0.020880375744445 0.00688304215223553
-0.0954712518142589 -0.33219481825902 0.0687603829007831 0.111014096819045
-0.0433090726247602 -0.255474661309014 -0.0516299056454744 0.412005483900242
-0.16878045646898 -0.169357645511865 0.134050357972381 0.200256955258842
-0.20027741392031 -0.00549284442075611 0.0469190471355242 0.0460559209457624
-0.104847262843758 0.133640764410507 -0.0408202471071784 0.0671718979197314
0.0195941230397545 0.16493678163132 0.049195709000314 0.174104592386486
0.114697125352374 0.123814930925632 0.189703802772354 0.114613241796644
0.14826529680041 0.0538869315108486 0.216221060120942 0.0256197691209848
0.142034207471321 0.033345367477118 0.196942803753051 -0.00479498476266824
0.135786546657378 0.0476981235398383 0.192749340682113 0.0100684783425411
0.120204167408463 0.101633091618901 0.156925405950486 0.0603436353102402
0.0384864182079645 0.153718538018678 0.0702493983815982 0.11950611451225
-0.0668327773420289 0.113603003629324 -0.0162129631991818 0.0887280933741157
-0.139865453169648 0.0197319556295222 -0.00538005052183344 0.0293439848699625
-0.143642707668905 -0.112018353747696 0.0441338724979291 0.0312486397466717
-0.0670749780366041 -0.201120844106799 0.0780214318183209 0.191857755010766
-0.0389421946588754 -0.100458048084748 -0.0276026760841288 0.476558931086785
-0.0776655235689034 -0.0525873568358447 0.1556346524555 0.236146859002265
-0.0624776679920813 0.00923712470491323 0.0636817337476095 0.0477147061528227
-0.0343289060406737 0.0360346898020185 -0.0426866646216797 0.0682383864829171
-0.00507376401404672 0.0525200315305611 0.0439324531033199 0.191803914253672
0.0316548412718278 0.0561953909690766 0.209281123775747 0.145901356544708
0.0567198976070007 0.0407533245036543 0.256519004309075 0.0467181644099048
0.0574352001842401 0.0380286377132897 0.234105006942806 0.00909657242527395
0.055245637552403 0.0415186136463551 0.217481483106157 0.0284964024860838
0.0317373316403636 0.0556177136052828 0.162757737976236 0.0798531844569659
-0.0127226368115296 0.0631151741352666 0.0631344450927277 0.123573784715162
-0.0405776870080992 0.0190419067984108 -0.0315755382222831 0.0746484361445969
-0.0280525007428964 -0.0126763274786854 0.00611303180398574 0.0191560364211606
-0.0429361311566874 -0.0289170406923564 0.0522660249087203 0.0448314697572803
-0.0365407637515282 -0.057538818993014 0.0766037748329179 0.23036273397434
0.0130532332453678 -0.0513388271470629 -0.0973296171200669 -0.260554446834837
-0.0269039238682394 -0.0400550593951429 -0.106016518681354 -0.0599737609940349
-0.0504755296939967 0.00760355307163074 -0.0150734427423852 0.00355849228606103
-0.00129331052177887 0.0461133714225563 0.0489094296275171 -0.0400346841121848
0.0357475634919545 0.0327842081730735 -0.0251196134162008 -0.127510308147341
0.0398941793504213 -0.00192597398656069 -0.1525092797414 -0.108060176859153
0.0289215480708024 -0.0258301001699629 -0.212488538999443 -0.0482724564384047
0.0324098061538837 -0.0318784589738833 -0.226271418296899 -0.0176807446469855
0.040302289289055 -0.0211979891187708 -0.232072193401854 -0.0363916502979688
0.0636051847757769 0.0142429130197214 -0.189153664043779 -0.103075650548061
0.0417382111060096 0.0534564250852826 -0.0787626772387306 -0.151026337040684
-0.0280439921412122 0.0670270339801725 0.0161883853769874 -0.0839101733054112
-0.0907532044159352 0.00130330076351469 -0.0634829027552297 -0.0630348526543604
-0.0363763485391461 -0.0816853365307286 -0.0950910068937352 -0.185813051977949
0.0208851966306961 -0.0850535880540116 0.0112611785099359 -0.420447856476609
-0.00432297293315657 -0.168757535279494 -0.0953628565795743 -0.219199134786464
-0.0837302922365091 -0.108190958001267 -0.0892985273737425 -0.0637418174052911
-0.121890991472302 -0.00028385562405454 -0.0244900551903388 0.00812991183024534
-0.041001106764158 0.0978437322143372 0.0437549305113786 -0.0252176850969184
0.0516834272379974 0.108309057015537 -0.00409333464392366 -0.109821718072749
0.102950318747878 0.0531039253343826 -0.119152617488232 -0.11103894960758
0.108463698551779 -0.00814642043143754 -0.182245384805234 -0.058479584605042
0.118112810446402 -0.026892666726666 -0.193848421221354 -0.0270017607547819
0.128948392583671 -0.00567239832059184 -0.191281762160787 -0.0367368234058411
0.153232655919596 0.0734888181389961 -0.154877987790203 -0.0813418327681678
0.0803219436806553 0.16153915480832 -0.0724572056779887 -0.110312884446375
-0.078148237365922 0.170174424896859 0.00490060308040544 -0.0556647612784963
-0.22827307050472 0.0228201870670712 -0.0803468975699947 -0.0518348665038215
-0.157202312808476 -0.185318174759687 -0.101825205494515 -0.174151012526126
-0.0197675621007356 -0.249355591489264 0.00529441283403821 -0.373065213137516
-0.0182055508463849 -0.274920081381179 -0.0944053443249564 -0.138274495521931
-0.143381098098206 -0.176997530791983 -0.0629069039181103 -0.0496956788411486
-0.199556293145788 -0.0100807229513607 -0.0261056760948186 0.00967177554978554
-0.0871358239149697 0.15133418663018 0.0307852613595591 -0.0141401720039449
0.0619317542525342 0.182384080191009 0.0108044545758563 -0.0767911524972633
0.158018609581479 0.108233624590693 -0.0712803543791474 -0.0953978841667911
0.176504689956075 0.0137911624751653 -0.125674666225827 -0.0589007691663257
0.185085755324717 -0.0180443764778773 -0.132909202009115 -0.0329324132289648
0.196320958869159 0.00856613097268551 -0.122116605730617 -0.0331603827765842
0.224472271973719 0.116902015203894 -0.0951402005811088 -0.0510103202768597
0.119824713313437 0.244081481366597 -0.0506080041263838 -0.0545852387646659
-0.102390071165957 0.259615015284913 -0.00280192524731519 -0.0176331549926962
-0.331467448584788 0.0631000332254027 -0.0846306808123427 -0.029005261686862
-0.266973079898174 -0.246164995399636 -0.0930865565074646 -0.137814471571016
-0.0660249028326185 -0.369838764697467 0.00848904896144609 -0.276328076379427
-0.0316598080873978 -0.35240726088717 -0.0894839894739016 -0.017673664107607
-0.201723846542772 -0.234727864158122 -0.0207752321724646 -0.00971516150047509
-0.275544724262227 -0.0134586381759168 -0.014725413462801 0.0137604045307407
-0.129654075691838 0.203032004000949 0.0132245264875506 -0.000684125807062469
0.067889485408807 0.242932572463376 0.0248665867275176 -0.0242226629714796
0.196354914861641 0.152101183898012 -0.00801308118805837 -0.058557194020224
0.221883420100092 0.0326844977380932 -0.0468553811452168 -0.0482851165985989
0.2241710026201 -0.00721853053779804 -0.0509476049465979 -0.0328408991209305
0.231969419477913 0.0195262489907053 -0.0346598581252771 -0.027400633000104
0.260599771056518 0.138250544462767 -0.0185972875757771 -0.0194613004395245
0.147173203262306 0.285454241279076 -0.0127626058073499 0.00541639239081933
-0.101745658362454 0.30809028360733 -0.00359535530964054 0.0251275920195369
-0.372223282381327 0.101126162523812 -0.0718431067761563 -0.00147473871350479
-0.331970760266176 -0.258347724133708 -0.0637123567386198 -0.0867294755340491
-0.103448507060298 -0.423860305795163 0.0232648160429704 -0.14704893364321
-0.042098300119827 -0.379449877771449 -0.077876443263715 0.128885145181353
-0.237481816017452 -0.259219953553294 0.0356188695049337 0.0537598637856834
-0.315873706154507 -0.0131090994897498 0.00643875231950043 0.0230567068174444
-0.153495373317094 0.228464553408638 -0.00639218173201131 0.0217559498823641
0.064879261066639 0.267969933773627 0.0389161172363609 0.0442255648130559
0.205629055001252 0.171460232090678 0.0659291679870019 -0.00542006850790095
0.234059118670709 0.0461844580410102 0.0458898891819373 -0.029359770659811
0.228240590774225 0.0047097523312364 0.038936197943433 -0.0291170211284673
0.230048407464579 0.0295087836298028 0.0549715247113896 -0.0204227524239908
0.250574637149746 0.139413956208776 0.0589414290392645 0.00820652774114051
0.142622545327154 0.274969906023032 0.0309912765617744 0.0580424747459998
-0.0881426072020323 0.289169450643464 -0.000110371344016083 0.0623359571600529
-0.337608586814462 0.10552467123534 -0.0466547241244903 0.02059721238956
-0.322363013980994 -0.227174028533272 -0.0194280582397611 -0.0349282739040922
-0.11491703983931 -0.399782124493783 0.0456622542466725 -0.0109435312095716
-0.04815042288469 -0.342546848550076 -0.0593836857872318 0.275399044559421
-0.224871891371216 -0.2337988545353 0.0912243262147159 0.125614937243138
-0.286906647564 -0.00850625864271132 0.0287490638149949 0.0335227957920163
-0.142058404897004 0.202492814605975 -0.0252271467171893 0.047667808272526
0.0481550811432422 0.236864344767981 0.0497660134983019 0.113687322319164
0.176733746848321 0.157899877595325 0.135813343489394 0.0529834330657107
0.206262230683447 0.05065890755252 0.136562496626366 -0.00477229285531112
0.197160415889796 0.0174912229914876 0.122582446428402 -0.0212777294757948
0.192991619241931 0.0373070644187661 0.131327548766805 -0.010439620523662
0.196328833589191 0.123212290126737 0.118687914188407 0.0311416642535019
0.100644939689617 0.220948308429776 0.0623909812361456 0.0936160868010772
-0.0744554830638776 0.211117963354111 -0.0017860243325026 0.0834869611489566
-0.244918085715089 0.0704995312425547 -0.0224098386780389 0.0287647660182862
-0.245468530936801 -0.170774638757498 0.0192253468042895 0.00445258742799415
-0.099352919846488 -0.312780104329896 0.0675364595511041 0.102617297321473
-0.0483780359250468 -0.240252798033616 -0.0360645385654541 0.391091428909404
-0.164798792283716 -0.156607490109351 0.132414474976536 0.185666132083801
-0.190561590915767 -0.000516898866626705 0.0472577442865888 0.042327071420966
-0.0959114561720699 0.130172072095849 -0.0373761254150478 0.0650008625032357
0.0237163038391658 0.156396850085972 0.0534058536141193 0.163122666559922
0.114040865350713 0.114104175515485 0.185244567733484 0.101157774598076
0.142886937262075 0.0469736674933264 0.206691573368956 0.0185732233184226
0.135949184301174 0.0279390039565197 0.186541995039918 -0.00966986119123864
0.130414204032171 0.0414371336121998 0.183727300890746 0.0037144917713278
0.117308451133118 0.0932319841539323 0.15054208148958 0.0521197372109015
0.0427048933722066 0.144393715277565 0.0722814878879599 0.112290658803894
-0.0606807187424283 0.109455793506455 -0.0130638385230514 0.084829684148112
-0.132112336158544 0.0217369532514675 -0.00491655785011852 0.0252943507333072
-0.13867838029231 -0.101498382155004 0.0411430717296542 0.0277769924879403
-0.0681074643530605 -0.189453662549457 0.0791127049164823 0.179151081360633
-0.0395748333830311 -0.0944661675014105 -0.0109247990669855 0.45200379209883
-0.0753249855710302 -0.0489939536391138 0.153973012441697 0.220553294164826
-0.0587816066181503 0.00917061530087558 0.0628051723192333 0.0434035846465344
-0.0321781313567349 0.0351435802842564 -0.0382680314394783 0.0664763648119688
-0.00360215935941834 0.0505269735039582 0.0481473102112498 0.181034967919682
0.0330198900699882 0.0523355563318941 0.20441218519659 0.130570720384302
0.055880175471715 0.0368838042378047 0.245074271826479 0.0376644058441949
0.0555981652025134 0.0345748505609238 0.222597240709034 0.00309990762877583
0.0530764802982436 0.0377297624387906 0.207706925838139 0.0209190824036919
0.0319527375478652 0.0517717060014102 0.156048579555343 0.0707415058469275
-0.0092542443647337 0.0605905496210129 0.0638199412334928 0.115798238716901
-0.0386470542228313 0.0199937832580595 -0.0272717901035958 0.0721290642512058
-0.0278461911407745 -0.0120179919711035 0.00598093666855854 0.0156229478630591
-0.0410145856690935 -0.025690740320936 0.0494310743177433 0.0411419532505783
-0.0348973265633053 -0.0548587983692219 0.0797991555672356 0.216286943625512
0.0133383790059119 -0.0486329706617511 -0.0928707911254042 -0.253560566792476
-0.0247902007453928 -0.0383536828453355 -0.102682574004583 -0.0596921419303116
-0.0486982651109378 0.00762911491502073 -0.014784185534017 0.00438478452605031
-0.0017294778740712 0.0441066809165839 0.0474960272672085 -0.0385040545619442
0.03447028535514 0.0318133835936458 -0.0228329826765025 -0.12241148717475
0.0379403373971379 -0.00135787214624837 -0.146759107624819 -0.104686303957882
0.0270493374409332 -0.0248562778970035 -0.204942418100326 -0.0491510186753063
0.0314263152733508 -0.0306810147614951 -0.2187331507513 -0.0209514366634507
0.0392077436390731 -0.0198619587690578 -0.224150515179125 -0.0380018307504778
0.062086884954918 0.013728801048389 -0.181466239084405 -0.101214780416505
0.0396459508103522 0.0512940781131503 -0.0746718402778294 -0.146598620049884
-0.0283146352835966 0.0640408982441099 0.0163584088784159 -0.0814018450819806
-0.0873646799686319 0.00061119730121242 -0.0608066707778841 -0.0614600673831922
-0.0342551571170838 -0.0791036055710157 -0.0864725369049075 -0.182253118401233
0.0208846286403965 -0.0810941047058553 0.0163088684630224 -0.404958872082553
-0.00237154600194727 -0.161358304379662 -0.0913609998912142 -0.213914575195738
-0.0788119121059197 -0.103895545074008 -0.0872088333091665 -0.063905197559201
-0.117133678852883 -0.0013381615324006 -0.0229327143434668 0.00806719646978042
-0.0405983763180685 0.0930995414592422 0.0423215774211388 -0.0244345483352722
0.0495365643625933 0.104812501733515 -0.00292139709370202 -0.105889531816617
0.0991754452742476 0.0522543804708591 -0.115237631558788 -0.108761385998309
0.103868259896891 -0.00664477364837739 -0.176349106564486 -0.0590868854123151
0.113597088857595 -0.0241835711944586 -0.187604692211661 -0.0291742247819738
0.125125264402911 -0.00371008613026032 -0.184542651143203 -0.0382306500825336
0.147793659677238 0.072164601932945 -0.14783863551932 -0.0804621482343936
0.0758174571490239 0.155891483172376 -0.0680603187768761 -0.106231331474377
-0.078462349301261 0.163606586321545 0.0053479934621496 -0.0545556833804971
-0.220030375575962 0.019260466157788 -0.0778181975818375 -0.0511732082864795
-0.14915077877695 -0.180402734963645 -0.0946880809353531 -0.171413411403144
-0.0166993803647606 -0.241294018126838 0.00861598818894542 -0.360371829224026
-0.0148288787402983 -0.262501736851383 -0.0907504003584859 -0.136154266802014
-0.135456556878815 -0.171240843721932 -0.0620420527961728 -0.0502112805921562
-0.191204110013548 -0.0126125147953954 -0.0242158754678191 0.00951997101194279
-0.0861624403823766 0.144476880123607 0.0294663662104968 -0.0135646932131467
0.0589884103178877 0.176453530864335 0.0116780612420176 -0.0742418664491459
0.152081274247186 0.105383708294798 -0.0685524710767984 -0.0928408883701509
0.170058949986705 0.0148012751414138 -0.121168704615389 -0.0576779368742916
0.178903240450424 -0.014886575359471 -0.128470007318494 -0.0337467863411961
0.190535117305907 0.00991002483536418 -0.117032088548853 -0.0342868646599374
0.216566534010725 0.11485118419505 -0.0908425506721029 -0.0510978508121381
0.114049757729058 0.236368865750852 -0.0467240934511912 -0.0516208039967824
-0.102987630885626 0.24987720859547 -0.00316634840087866 -0.0185967097133902
-0.319976357466387 0.0572613277096007 -0.0824275695039251 -0.0303371806879737
-0.254125804192173 -0.240427766741836 -0.087922940865785 -0.136594484216726
-0.0607661763113599 -0.359102186819012 0.00964646008871737 -0.266619790762673
-0.0275946610297169 -0.338025732315909 -0.0868268549828802 -0.0205935553342821
-0.191240225265142 -0.227322894739478 -0.0216094492167312 -0.0126373375639491
-0.264958425938217 -0.0171507296226865 -0.0131672959956543 0.0135766832317518
-0.127971636633237 0.193899353065578 0.0124279908966712 -0.000637395425708344
0.0647351282811439 0.235291274853791 0.0248922158594931 -0.0241362453988546
0.189468719561062 0.147855390037764 -0.00710730235621919 -0.0577242431218338
0.213885450126732 0.0337449155077833 -0.0445884105896447 -0.0471206270547191
0.215830875156417 -0.0045593117670876 -0.0495797133904564 -0.0333050554402942
0.224631191587158 0.0216805375003914 -0.0330491520458533 -0.0280842130636389
0.251727272287534 0.1356492732092 -0.0171063450691592 -0.019698504091393
0.141246500765987 0.275410001068201 -0.010093010078563 0.00678244246917822
-0.102193398110564 0.296343535891195 -0.00401219681578987 0.0234229451388933
-0.360712628690192 0.0936076788816916 -0.0700608798745884 -0.00469223194989977
-0.316393019363014 -0.252185052272439 -0.0604318652398486 -0.086396146744643
-0.0951677259264929 -0.410579618952072 0.0220270043467471 -0.14181782854005
-0.0370242069827525 -0.364536109341893 -0.0764400941407808 0.120577594956387
-0.22531322255453 -0.252547643587 0.0316149273875599 0.0496169420876417
-0.304095963076527 -0.0165707584062533 0.00693503055159068 0.0220716728415868
-0.151202807078815 0.218409510016439 -0.00721359184074651 0.0209058078371746
0.0603121673610491 0.259055864987628 0.0379377167633662 0.0419672877395269
0.199264827680435 0.166858543961417 0.0640600165835016 -0.00683238903728049
0.225364412541362 0.0465164126325136 0.0444169862388963 -0.0277391178128235
0.220440483069052 0.00776833034122443 0.0377376882190444 -0.0284331893485324
0.222169308664088 0.0311488548574597 0.0535787955479328 -0.0205318684738552
0.242032862388967 0.136067049040312 0.0577489755050973 0.00738287440091979
0.135929971342173 0.264803439979702 0.0319616024558369 0.0577581521999045
-0.0884629525275697 0.278125726878019 -0.000881063453852518 0.0597516372959837
-0.326011612029281 0.0978300326925819 -0.0466354183930432 0.0166433611626916
-0.308299224835537 -0.222113811449406 -0.0196944943693925 -0.0359819954570892
-0.106816920000394 -0.388375665889346 0.0428086909578187 -0.0107719800202869
-0.0433479029674324 -0.329335484269215 -0.0595553133306833 0.261885077856774
-0.214657011187631 -0.228886224883215 0.0851350570202684 0.119770950357164
-0.276880707216925 -0.0128423342806014 0.0283959944670232 0.0323359219384938
-0.14049150378531 0.19406620445844 -0.0254937983528027 0.0459488529057536
0.0459481534896941 0.229506042321178 0.0477029365144619 0.108806774342279
0.17097156425011 0.153041731328332 0.130921275629333 0.0493938565512751
0.198769120836376 0.0509267708877919 0.13139733981117 -0.00279328222069947
0.189789252315696 0.0193393697264729 0.118375003313778 -0.0191462220037962
0.1857189822239 0.0380190102990418 0.126918610897623 -0.0100138182238249
0.189648169570779 0.120542773369798 0.114813361017817 0.0300735255053997
0.0970658056092371 0.213759715232973 0.0619258270791654 0.0919806427225115
-0.0745421149378379 0.202908810370598 -0.0026122260808844 0.079937979490632
-0.236993692591866 0.0644086343893831 -0.023507578459221 0.0254609474009611
-0.233883877335657 -0.166398923062082 0.0169937705994241 0.00290261316943786
-0.0926000157422542 -0.303823412174079 0.0625136876809399 0.0995584307831424
-0.0438624002296187 -0.232061044049676 -0.0391654345221789 0.375036031030162
-0.157730256788053 -0.153966821356184 0.125071897388961 0.179885190496275
-0.183668091023156 -0.00470416927730289 0.0456859891093794 0.0405960433673805
-0.095140407469806 0.124586598325098 -0.0370173299825155 0.0627645286861433
0.021898652503916 0.152099921020098 0.0506249156340535 0.156989575540144
0.110582300524679 0.110695390460151 0.178681572234814 0.0969102872990158
0.137635712150402 0.0466615418952908 0.200020902562132 0.020219002271338
0.131095068920811 0.0288261866514157 0.180576211928071 -0.00738240705517852
0.124997993236824 0.0415466482939457 0.178041004041964 0.00434126787653021
0.112490280221278 0.0913654193945271 0.144824178210668 0.0507149998638745
0.0413701182042641 0.140008015677096 0.0704377544624462 0.109107005921657
-0.0601472232033166 0.105594016851981 -0.0130406353139197 0.0812975392418667
-0.127815617955969 0.0183688585388605 -0.00646244138954523 0.0217077425125425
-0.1324951802993 -0.0986947370784665 0.0379615553691219 0.0269440657348122
-0.0623649540070702 -0.184585253611377 0.0738247814459225 0.173405058483601
-0.0367184593991744 -0.0916385722004861 -0.0154001872939081 0.434787467052677
-0.0728409431184478 -0.0495693777451242 0.14642235210029 0.215637084389754
-0.0570020217045972 0.00685621844523421 0.060244581428968 0.0427879033896272
-0.0322492534832002 0.0338597136161009 -0.0384189368141718 0.0639790442079243
-0.00408402750033555 0.0490257800565039 0.0452833466041789 0.174141633107853
0.0322814298161967 0.0507206217755012 0.197289522855877 0.126439985635616
0.0542041549135163 0.0357119115266961 0.237149105519881 0.0384025299131827
0.0536306904530816 0.0341554202113686 0.216059683974135 0.00535379799863165
0.0505811562334886 0.0375372347664775 0.200518932068609 0.0222445470576398
0.0300344388997688 0.0507682207005373 0.150364186075017 0.0697759890237067
-0.00862678722598444 0.0586976655167957 0.0612752372333012 0.112630913480569
-0.0374466918670051 0.0194400071141283 -0.0270373948319797 0.0696574912754158
-0.0267285828996039 -0.0127176347368366 0.00479716545002593 0.0133075785012024
-0.0388698676162662 -0.0250158071507891 0.0459480533769311 0.0404736825922211
-0.0322861754484126 -0.0542145433607139 0.0744707355504758 0.209656142835166
0.0203175638093908 -0.0441603567471297 -0.0538378106501025 -0.262872131169072
-0.0165653006675364 -0.0412265955357308 -0.0925676892032384 -0.0756442133818473
-0.0490909656518309 0.000102730001517521 -0.0135033166923383 -0.000662552902578749
-0.00907547958395761 0.0427309757293419 0.0512356464666453 -0.0330515724370651
0.0292407755778963 0.0364105404194306 -0.00660990134374387 -0.124621772976134
0.0370933405802058 0.00621032574880329 -0.131889059769795 -0.124757873042387
0.0297126415536575 -0.01906368192413 -0.19905809776063 -0.0789500669517263
0.0348738850152893 -0.0241956338598679 -0.212990419008239 -0.0584448215456288
0.0402257236047045 -0.0107450648936012 -0.216707813622953 -0.0760118577970276
0.0570004769805939 0.0240049384196246 -0.162450410970944 -0.13175550820444
0.0275820711759058 0.0561047693564969 -0.0483905281550083 -0.158810211016198
-0.040449825433302 0.057531555884631 0.0306170397492125 -0.079888287622111
-0.0865935183882462 -0.0133462938884451 -0.0484327625995295 -0.0695030383950913
-0.022141895773175 -0.0834431216703503 -0.0543787748992157 -0.195783021065515
0.0287457886181957 -0.0772683969283559 0.0875448231454072 -0.402141500222828
0.0214016056685367 -0.156823870455939 -0.0501421461532742 -0.221066468470588
-0.059102369016075 -0.11444145928811 -0.0720251299070552 -0.0783766798218406
-0.11361473700201 -0.0202030622389343 -0.0199809680983037 -0.00121920302559597
-0.0561302858869104 0.0833802842920933 0.0445692788448599 -0.0227345669975298
0.0310111283150299 0.10994446589718 0.00939896220114647 -0.108540397127203
0.0887972839740269 0.0687323577037131 -0.103709163827035 -0.124358448292936
0.103305267315168 0.011919306650305 -0.169486102818478 -0.0846268345889629
0.115052555982859 -0.00440167600815108 -0.180447295707039 -0.0611477897675143
0.121498126201984 0.0189990403799826 -0.177011770517559 -0.0707243523301131
0.131447083030565 0.0951901206806572 -0.131045118875476 -0.107715226656442
0.0457401324914237 0.163865046832059 -0.0459756413719896 -0.118077429826649
-0.10759821300509 0.146444029621749 0.0162838164164505 -0.0555926910070467
-0.219164357206759 -0.0168918878615571 -0.0666702248981162 -0.0609257012443674
-0.116402755491608 -0.202292163631293 -0.065369756570688 -0.182625205858053
0.0217553456104236 -0.240757257725464 0.0705563171171694 -0.356578452221686
0.0231352652958511 -0.258366035947003 -0.0533226272706149 -0.141164715297709
-0.104138756977532 -0.18918109309537 -0.0449061463135567 -0.0627995454284362
-0.184713708285537 -0.0431240846646003 -0.0177458039967649 -0.00348025143788792
-0.10934532909079 0.125793189660051 0.030754785649872 -0.017260956603125
0.0277291455083778 0.181577567154334 0.0177242066573689 -0.0785314922319094
0.132483630385219 0.129211276736629 -0.0625355461897068 -0.103361049248558
0.16522434956634 0.0440139716303471 -0.116415885637235 -0.0767779905312588
0.178500041531505 0.016081265269738 -0.120867505600073 -0.0551531332026319
0.182860311676174 0.0429331957100852 -0.109754455546315 -0.0567790374136675
0.191860536760498 0.147478833847753 -0.0784455347364832 -0.0699196030744152
0.0705230367430124 0.249026084989233 -0.0323803224126608 -0.0612662568780923
-0.146452348193705 0.226778377808905 0.00376586418682657 -0.0218637148171497
-0.323057974927691 0.00265732125737941 -0.0736286750361821 -0.040009073379388
-0.208787439488049 -0.27858652253081 -0.0664824945751371 -0.143565427659576
0.00134858344021998 -0.36407018886939 0.0529916459984291 -0.261888705659122
0.0216732823969132 -0.333428594549742 -0.060933488829061 -0.0243683218201778
-0.150385599968961 -0.25406558164547 -0.00686383587570279 -0.019157300096827
-0.256153960159642 -0.059660082005289 -0.00369385151306464 -0.00133832548754011
-0.158954395966423 0.166626358647306 0.0120569599211476 -0.00922530118080301
0.0227847431697106 0.240014280966543 0.0223845515830184 -0.0303147588797272
0.162673337164182 0.176420661678252 -0.0093324599574092 -0.059862366451506
0.205910136793135 0.0693629155994297 -0.0422318552653912 -0.0555992305247595
0.213923158324104 0.0333526141387381 -0.0430911815819833 -0.0407162304061714
0.215427846788214 0.0591676495295273 -0.0272434923793823 -0.0365157693397386
0.224336493371617 0.173958926885168 -0.0097119353851468 -0.0281516640925998
0.0915608246616627 0.291255638076462 -0.00457056988726228 0.00237191452930285
-0.153346969048352 0.272831449346585 -0.0037968940511636 0.018960861247096
-0.368136555064185 0.031487079259243 -0.0660101960385392 -0.0126716539409974
-0.266861149823547 -0.29951566359972 -0.0485918503274324 -0.0874758529491903
-0.0228210008851912 -0.420928133678747 0.0430309792074167 -0.133187780076112
0.0163812012363042 -0.362353512604825 -0.0690876576325309 0.117260841384303
-0.18058825398134 -0.284164487940055 0.0397570782296957 0.0502425970597006
-0.295786759910072 -0.0657954737630208 0.0170236702105044 0.00742799556458103
-0.186354954961051 0.186561355773715 -0.00895221712242285 0.0072493346016522
0.0139760982713788 0.262470040116798 0.0253155361761519 0.0351866306523664
0.168523801542755 0.195024149311875 0.0530600973704703 0.00103884266991334
0.216085166980573 0.0841899363986512 0.0442391437458141 -0.0232141771541702
0.215688571105189 0.0457691685584659 0.0423691319764997 -0.0203135111257575
0.212026533228126 0.0675630428499789 0.0572872683145702 -0.0147195793400348
0.214361797200907 0.172874863675948 0.0596765537027717 0.0112894956907899
0.0898779853368285 0.28006020179597 0.0287439904915383 0.0604301405584564
-0.135291682128763 0.257136276371335 -0.00703065461410447 0.0561630252301255
-0.335083040143719 0.0410099460245655 -0.0466333034589028 0.0110678803320507
-0.262121482968999 -0.268415068443553 -0.0174064801286727 -0.0299324011847914
-0.036150641669777 -0.400629158123385 0.0405839388773858 0.00114876549858841
0.00589428742253951 -0.33000555791865 -0.0749936536821357 0.258308373820563
-0.174400672409071 -0.260310956194131 0.0813183221659252 0.129572833746654
-0.269672237637908 -0.058613409499127 0.0350991029711662 0.0223655406969629
-0.172213830077246 0.165090025847545 -0.0308316396510977 0.030820805287591
0.00383340519756323 0.231880820874095 0.0263944132230896 0.103593958035019
0.143614630866969 0.177426635618165 0.112146928906632 0.0667929359933093
0.189730436414926 0.083451827135946 0.128277947995306 0.0135328727335398
0.184742677509307 0.0510511478402197 0.121073233419428 0.00198367165767594
0.175728797337038 0.0683821037894418 0.128665973246795 0.00841556567219965
0.166775923275955 0.148706903191063 0.110998789690392 0.044363996402531
0.0606494045364157 0.223353512985925 0.0513390620141429 0.0999759384148743
-0.108305643245068 0.186159444806638 -0.0130789105523772 0.0774587143372312
-0.241748476175415 0.0230362339331029 -0.0259089731647763 0.0221671041931426
-0.198839846375677 -0.202418638371915 0.012238595736263 0.0129693508610698
-0.0346738987950824 -0.316129752982494 0.0417339922606983 0.114071672131753
-0.00901074223729374 -0.235831154682528 -0.0774233778713034 0.371058939850638
-0.131434283760966 -0.178459935912763 0.107902090792691 0.196285640149254
-0.180044850278068 -0.0362709785447492 0.0468323618546497 0.0383012492708085
-0.116032649140269 0.104656116950711 -0.0448076734312702 0.0497184988751238
-0.00690196702995653 0.152512581151286 0.0238601440740486 0.154873883565631
0.0918226217125512 0.125700460892949 0.15575330934669 0.121374266776746
0.130810992590624 0.0689158065645541 0.194559528232856 0.0468552967136397
0.125696773226507 0.0511187513672741 0.18097763665695 0.0240079459316698
0.116590009585717 0.0605528097309108 0.17615148135346 0.032784237176285
0.0960692120159337 0.107208342395484 0.136476604553823 0.0721011123663683
0.0193491660009857 0.142399717551689 0.054785214881926 0.118734166145962
-0.0770394714312129 0.0935040627191731 -0.024860077181823 0.0784967957529294
-0.127531682495573 -0.00405123441927343 -0.00997430876101789 0.0201058645964491
-0.110713855900967 -0.119063007404145 0.0305171848829965 0.0376689381596252
-0.0255257695096419 -0.193820389117981 0.041171519877733 0.188979306263182
-0.022470354292729 -0.0972647105312071 -0.0718737145537366 0.429630821276004
-0.0651152911121159 -0.0611744176253566 0.117709069838845 0.236142057763272
-0.0574133626409753 -0.00327727362787469 0.0557839921350771 0.0487169850121526
-0.038120100261152 0.0274933206282219 -0.0462667682940749 0.0558612606522897
-0.0138522622704463 0.048085289582213 0.0187161709111417 0.176137735518039
0.0237672208721763 0.0540999052510607 0.175184942054816 0.153516230390814
0.0492876034733051 0.0446643615155473 0.230131228028817 0.0716521297546264
0.0486709559210248 0.0424990440319052 0.213175910724251 0.0431171337600801
0.0450144587798253 0.0435774973517989 0.19607999052052 0.055209047022096
0.0222713286191763 0.0545944778422464 0.138402760734169 0.0930067471095887
-0.0158833862417899 0.0561052340005564 0.0428452950239088 0.121314954730889
-0.0395350718583121 0.0134429069143701 -0.0379947363588586 0.0644603086567536
-0.0248696107546986 -0.0171841085356264 0.0018054167629098 0.0126370180968105
-0.0324399455021328 -0.0318773609642368 0.0371265801453737 0.0493308054194826
-0.0178831481542699 -0.0603099200545269 0.037312182055319 0.223401441913377
0.0211373358740362 -0.0445234782722554 -0.055764825667765 -0.271156932652561
-0.0156216724009137 -0.0424385856453326 -0.0972270332676438 -0.0789765270453478
-0.0500334681846642 0.000667423468489371 -0.0145645418149836 -0.00058030324523761
-0.00938342169387709 0.0434267629190134 0.0529743036811407 -0.0340111414472522
0.0303111352447899 0.0373853390345537 -0.00585506240218795 -0.127655799208406
0.0379742094383413 0.00713771114103583 -0.13679105189499 -0.12852014064262
0.0300651073078169 -0.0194862887863651 -0.206036377346063 -0.0827756690091195
0.0360520194728623 -0.0252858414369214 -0.221474067007272 -0.0625896225248862
0.042360848847044 -0.011203027352943 -0.223640426160957 -0.0806451193805114
0.0596713929487752 0.0244609805460345 -0.167165732555361 -0.137204996263099
0.0281905738466479 0.0571424173801563 -0.049486175498757 -0.164601556066326
-0.041949326127465 0.0591992673536801 0.0317341075721252 -0.0827638656168676
-0.0884635664294238 -0.014584771521561 -0.0497553309146838 -0.0716212408807603
-0.0221704372117293 -0.086336671827137 -0.0521677672464342 -0.204508881780394
0.0299990796453357 -0.0781832217094125 0.092914780563034 -0.413676277193881
0.0230745522276717 -0.159521956814689 -0.0522000771836117 -0.228686076724368
-0.0594089786247027 -0.11775283303341 -0.0768225765168908 -0.0824991395856994
-0.11668599791545 -0.0210519190557695 -0.0200002013495431 -0.00153015657054798
-0.0581060287458083 0.0858669581845035 0.0450419110608399 -0.0230018046861676
0.032803288994996 0.11332766634102 0.0101812712314641 -0.111784201648666
0.0916584607529911 0.0713391580317728 -0.107370826587718 -0.128014487802483
0.10597344300928 0.0125288802394083 -0.175778086292298 -0.0885707702781296
0.118795017338188 -0.00359429650760443 -0.18709131323876 -0.0654303012833057
0.126064974154984 0.0202917856460273 -0.182749696223069 -0.0757175528848682
0.137000422535028 0.0984521082446119 -0.135366326434185 -0.111951683572447
0.0471581260486887 0.168827827330511 -0.0457403874330707 -0.121666156269529
-0.112739972966716 0.15073639693353 0.0164712712137704 -0.0582587916657693
-0.2261545848406 -0.0200674897932693 -0.0698959516540652 -0.0641458707303288
-0.117914968052659 -0.209848788800843 -0.0657989244452525 -0.191406469971806
0.0237025070024846 -0.248774861079577 0.0730820665141094 -0.366673673649945
0.0261952852992636 -0.263369813476561 -0.0564764887368079 -0.147660647948734
-0.104871884174704 -0.194917188113037 -0.0483197844495135 -0.0666914144481155
-0.189734588100455 -0.0463358423011087 -0.0179459073332704 -0.00308631024146708
-0.113603463194669 0.128299141920176 0.0306032837791678 -0.0169146098114957
0.0294903198638475 0.186728811534893 0.0182015367540068 -0.081369255212456
0.137426057080103 0.13374230015201 -0.0655754364281933 -0.107161463945925
0.169825627319189 0.0459321292484209 -0.120436712141744 -0.0795726918851389
0.183487184314859 0.0177259606445105 -0.12567060681642 -0.0586587847468105
0.189834202567574 0.0455176256997373 -0.114062976146266 -0.0608200795183925
0.199962391281628 0.152867284244529 -0.0803418781714767 -0.0734482916996539
0.0722945928814936 0.256534726510735 -0.0306139996880667 -0.0622392572282373
-0.153416293131834 0.234242924156643 0.00319505169109182 -0.0236328565238287
-0.333103861692598 -0.000434105923059657 -0.0777722272954026 -0.0430161099487546
-0.212298912080277 -0.289458563077689 -0.0675281306129812 -0.15069130359831
0.00333023573434228 -0.377044604062664 0.0537060290682787 -0.268409686409327
0.0256001136305824 -0.341019511710434 -0.0641303234047923 -0.0281572889852492
-0.152890282108285 -0.261937389531437 -0.009668790469719 -0.0223343939980975
-0.263595002262358 -0.0643714565052725 -0.00328589982807751 -0.0015094506105832
-0.165497136905284 0.171314634495487 0.012325898211871 -0.0093699209414769
0.023438027405289 0.246671493216761 0.0229405172738543 -0.0317662839082123
0.169211804671502 0.181543027527768 -0.0108533562041565 -0.0631022498353334
0.212185049015259 0.0725129067324422 -0.0438929195734847 -0.0570086392983436
0.219548980229431 0.0356370129400071 -0.0444852832605122 -0.0428870700002645
0.222520752708263 0.0625377428624451 -0.0284420758569517 -0.0399306876076197
0.232617007639565 0.179966489926151 -0.00963007710112092 -0.030382541459551
0.094442858322689 0.300178473437913 -0.00127494517753174 0.0039650697829786
-0.16045420417336 0.280748233554217 -0.00459408707448909 0.0189882155212248
-0.378737753679785 0.0289026447428235 -0.0707311884968408 -0.016105251971446
-0.272138883571853 -0.311493491240731 -0.0506526705287101 -0.0920202536477185
-0.0224376152791074 -0.43625995673855 0.0419741596770125 -0.136451017523511
0.0215228621449515 -0.370555363277837 -0.0727970786931826 0.117098447874563
-0.184591109167257 -0.294324020395699 0.0381789276263499 0.0498375226456549
-0.304528724693404 -0.0717222169250848 0.0180419246108087 0.0079760374233864
-0.194022506738457 0.191292330802084 -0.0105698336820897 0.00807839562463786
0.0148583705891696 0.271167026228647 0.0259688730068397 0.0354397511532106
0.175166324098992 0.20124676086412 0.0539423126424865 -0.00126173717473703
0.22280135549394 0.0871788636752296 0.0454413247892976 -0.0238334775182102
0.222643228465265 0.0488945656635882 0.0437603408155345 -0.0215456133157811
0.218268474153121 0.0712217924750335 0.058954422220703 -0.0164689720900682
0.222743464485898 0.178970386296202 0.0609686129273564 0.010405209393889
0.0927893369568397 0.288571450011231 0.0319813884538637 0.0634784343276832
-0.141933658417517 0.26502961636604 -0.00778045908673346 0.0576734500076837
-0.345520486564383 0.0391787846359353 -0.0510490619832475 0.00834711662445495
-0.267820550721146 -0.277774258184221 -0.0194196518473369 -0.0316631550028687
-0.0346080348110944 -0.414293564276086 0.0387426584048954 0.00190281445419247
0.00991487417474886 -0.338056522624826 -0.0793792202950203 0.262640264602835
-0.177708920020077 -0.269635069644417 0.0810583520529448 0.131634267325414
-0.278523265950593 -0.0642387048790574 0.0372976528286008 0.0237493568242636
-0.17972902660534 0.170024394415846 -0.0323248626425535 0.0319150990393206
0.00315036607583789 0.239785080913818 0.0263251742658734 0.10647776492683
0.149607197432694 0.182644257371019 0.115135576026909 0.0661433181525919
0.196091764172789 0.0873195357669493 0.132597076655837 0.0145579443163082
0.190226252789752 0.0550587857653278 0.125090264912693 0.00267938409553405
0.181270675712758 0.0711189121257426 0.132796548235984 0.00849934765834774
0.172299125582292 0.15397622141095 0.114309964467185 0.0451290017153764
0.0630298721370659 0.230250059343918 0.0549468309291414 0.103653257395641
-0.113266649874383 0.191670288272196 -0.0138544277090226 0.0796021529113392
-0.249427214745819 0.020742926159042 -0.0295344842318908 0.0200659503217663
-0.202871553360408 -0.209651610858287 0.0105675466767868 0.0132579553503365
-0.0345143217146796 -0.327372423082711 0.0406606219386456 0.118182207071139
-0.00640716887161466 -0.241959161906761 -0.0822728266769725 0.379517734896234
-0.134606497148313 -0.185357817805753 0.108812403392824 0.202449684153972
-0.186374760028967 -0.039799213828475 0.0493750782597029 0.0401834778642682
-0.121492132274398 0.108307181488832 -0.0466949432814521 0.0516796474106343
-0.00752471877323432 0.158173420489331 0.0242284205852144 0.159244613536121
0.0954086530364087 0.129608410268813 0.160690135863283 0.123341799552292
0.135164736705232 0.0719379270158968 0.200546536763126 0.0494711675387909
0.129852969855574 0.0538729911156934 0.187701237889329 0.0267938256475466
0.12036325693946 0.0635372429225912 0.182190834459464 0.0336303171316487
0.0993223583606486 0.112168082363007 0.140983652953123 0.0743929488629235
0.0205033744954768 0.147181765388259 0.0575968742223402 0.123461850321866
-0.080378205064756 0.0968244661019133 -0.0258171432052288 0.0803307115144462
-0.132135998150073 -0.00612718189519719 -0.0124216116132617 0.0179940090894857
-0.112719621151259 -0.123273285775523 0.0289526506751492 0.0392405594561
-0.0246006226122425 -0.201871669059467 0.041150968489181 0.194865542344781
-0.0213618209218211 -0.10074972253459 -0.077716359497562 0.442919370118191
-0.0674963686710639 -0.0639363073386739 0.119616816528174 0.244746413202372
-0.0597111742748969 -0.00534172511039951 0.0582560985385045 0.0515244430414059
-0.0402128348198249 0.0287641931946523 -0.0484447408502132 0.0579744075894988
-0.0148574370826109 0.0499404132576589 0.018169805749976 0.181057562350827
0.0254734947255246 0.0551072406297724 0.180500355229152 0.1572228688941
0.0523577753643342 0.0459651451418604 0.238636880231081 0.0749265118792723
0.0506475598012212 0.0447912645465683 0.221572623964384 0.04698764090722
0.0462997475806952 0.0451476262527427 0.202874289284719 0.0583052341036602
0.0229483983740869 0.0568154764509459 0.141947367024454 0.0965267112194792
-0.0156990276496691 0.0579845502663673 0.0447154585657372 0.12573752339467
-0.0408835404674285 0.0139401918979173 -0.0386610962507072 0.0666402349182455
-0.0261836974267846 -0.0184554362213129 0.00108274962172216 0.0106291591876541
-0.0329036189206246 -0.0328067958264127 0.0368540878309862 0.0523430686265575
-0.0176853516027223 -0.0639412917058965 0.0377130737071897 0.230347290963482
0.0208992234228599 -0.0459169633400233 -0.0692059035552229 -0.279559306808257
-0.0163322025318817 -0.043651736492794 -0.10530846182811 -0.0780420148686368
-0.0515685068802201 0.00310672169762051 -0.0154954650749489 0.000241142446783085
-0.0078460489192494 0.0450407035746858 0.0540275509340319 -0.0372800425398179
0.0339260416379455 0.0370643940392589 -0.0102283869916356 -0.131816110404347
0.0393893855147654 0.00652483992921834 -0.147354416675143 -0.125971054479347
0.0292162941246853 -0.0214355638213685 -0.218431214175745 -0.0778236868303359
0.0365190439162967 -0.0274735594816562 -0.23411915290848 -0.0581485802452046
0.0441053497037509 -0.0132014676239432 -0.235985300244751 -0.0758756933817572
0.0633565115576394 0.022742460030811 -0.179120660700884 -0.136547024548929
0.0311598136732874 0.0585335940454581 -0.0573298038098609 -0.169198065209057
-0.0422094887232364 0.0630846603840957 0.0292086016486216 -0.0874799043182376
-0.0917174471104899 -0.0124167300853673 -0.0544404876579806 -0.0724651359165942
-0.0258605902416186 -0.0890732743017217 -0.059519339063666 -0.213340375316081
0.0284353579834505 -0.081646176865974 0.0809382433638186 -0.432933723119667
0.0195319992133132 -0.164442140200763 -0.0642399665365505 -0.236089241152202
-0.0641580910347935 -0.120125587636543 -0.0845475261351055 -0.0827409965971393
-0.120702918469144 -0.0178987845191319 -0.0211294978021536 -0.000497334869902682
-0.0571184219938952 0.0904507951179481 0.0458514172878691 -0.025102667595345
0.0393455774150562 0.11541741142166 0.00697248633630511 -0.11595405996536
0.0985249002307584 0.0707214114974012 -0.117060099436076 -0.128275216188915
0.110053076566789 0.00900811781826167 -0.186480248667968 -0.0851529772360281
0.123244775844214 -0.00797610148627545 -0.199327261615863 -0.062148670405063
0.132201178765973 0.0171056967517006 -0.193768855424848 -0.0728094517293273
0.147492003719991 0.0969286674696371 -0.144802037322805 -0.112214100349716
0.054862127031077 0.173837931003326 -0.0511115077791431 -0.124480053508471
-0.112341437956784 0.161100826057198 0.0151617308653661 -0.0615847540201349
-0.234762308004237 -0.0143492337379936 -0.0752012645983435 -0.0642482773513405
-0.129402440745631 -0.214912334556788 -0.0733136012194532 -0.198288419653112
0.0158646983825263 -0.25857148278486 0.0617888120425477 -0.382095138490763
0.0194951031210926 -0.271546041034805 -0.0653222737570722 -0.153089430465853
-0.114165279223455 -0.198291077246016 -0.0556548426344309 -0.0681399225241708
-0.19770953525664 -0.041291092856259 -0.0184083831011601 -0.00356497757802481
-0.113616612938169 0.136979327373249 0.0311711115478145 -0.0181660775233715
0.0388333501480713 0.192093487979218 0.016485764995954 -0.085001785966802
0.148769772960611 0.132947953596697 -0.0732073469784426 -0.108826125340851
0.177841990938426 0.0408040410621922 -0.128033851995869 -0.0785412722956611
0.191844884409699 0.0124395778728385 -0.133935525561828 -0.0574174277695423
0.19911169372654 0.0410028738430549 -0.121193301620281 -0.0606160751685534
0.214681258105277 0.150954435613871 -0.0858181167485648 -0.0743793277899975
0.0851815200897662 0.264212572049436 -0.0319770161026133 -0.0634400736779321
-0.15175315292764 0.249309603841921 0.00218857233841849 -0.0244807952248235
-0.345817324181985 0.00875979940415848 -0.084476690756681 -0.0441334430369784
-0.229362678670542 -0.29401773170952 -0.0762429629654062 -0.156067086485619
-0.0105198326954811 -0.3917199072911 0.0438988981662401 -0.27920684730263
0.0171115411190525 -0.352082664624972 -0.0696725877760296 -0.0298295219826599
-0.166475121221327 -0.266218996998508 -0.013901000518383 -0.0235540272091702
-0.274746313598023 -0.0585522545268268 -0.00236556627939678 -0.00150982966199832
-0.166327971038073 0.183585408272628 0.0116908224649459 -0.00931928531744915
0.0353657333473618 0.255158479048818 0.0221912475598768 -0.0339279638842981
0.183282963482045 0.180930805980401 -0.0148942170456474 -0.066000700510571
0.223388880027962 0.0674501385674268 -0.0474166775001028 -0.0576577538056155
0.230031014707359 0.0294963040185184 -0.0486286228260933 -0.0436964365392551
0.233514598171983 0.0567645762671126 -0.0313342551282881 -0.0422786320708367
0.250469976495126 0.177455661716732 -0.0113699240190608 -0.0321808552814825
0.109188436352442 0.307908646365538 0.00155623952629423 0.00470574378864931
-0.156482630126367 0.297695176997206 -0.00449516735882624 0.0195122299904229
-0.394754626572768 0.0406611308992591 -0.0770413257347775 -0.0153323599231631
-0.291147737275439 -0.315191641808508 -0.0578662560595819 -0.0936780201415038
-0.0376313542606623 -0.451270787719965 0.0358713932251519 -0.141380517640473
0.0115397208855516 -0.382321254107296 -0.0730278744817664 0.120826697726808
-0.200070530890867 -0.298871463891516 0.0380065762601346 0.0492619297274272
-0.318301728977162 -0.0656100546987763 0.0205423058879909 0.00757285906416455
-0.195038692925828 0.206147731271571 -0.0108830470110642 0.00981575020281908
0.026651774325207 0.28043636025648 0.0278307138811595 0.0355624567316918
0.190443126687397 0.200660302099307 0.0540763340691318 -0.00451396448274627
0.234842671026642 0.082259771997152 0.0461759007999061 -0.0263176230918982
0.23273837262754 0.0432338508667069 0.0443729781672703 -0.0243476709386612
0.2293606472921 0.0660983069254942 0.0603728845359033 -0.0210839817975669
0.239814530218019 0.176350582846319 0.0640406407814515 0.00769214996485162
0.108156047067285 0.295705307364817 0.0393473547554035 0.0649502257245251
-0.137448083090465 0.280815737457124 -0.00641880065033828 0.0591670758405652
-0.357654054399187 0.0503437825358134 -0.0564909345962753 0.00914331692128357
-0.285609835524043 -0.280890479249563 -0.0237259420174227 -0.0317467818456351
-0.0524923758792192 -0.430812062516337 0.038428364156053 0.00215229928080653
0.00070179197025321 -0.348848301478138 -0.0746587565246894 0.272132227181798
-0.194124931719009 -0.274082305222042 0.0863516324217538 0.132935188808693
-0.29265728024421 -0.0593803253292004 0.0411542799566099 0.0229707010390785
-0.181361987594562 0.183421689278618 -0.0336021965468217 0.035276822800135
0.0131123062674909 0.249009782364748 0.0305834294718538 0.109412519307947
0.163392665446898 0.182020784224063 0.120983276417674 0.062581451599841
0.206836377123622 0.0824497349304564 0.137637404116201 0.0100605738326759
0.199607641084468 0.0507286319643556 0.131040090190953 -0.00171175618434836
0.190888252394627 0.0683672745406523 0.137926595568411 0.00270189821769865
0.186385770461848 0.153434290911752 0.120539189699759 0.0420395492766114
0.075152752448079 0.235819350992534 0.0635319507245445 0.105634648053322
-0.110852402044438 0.203717154290345 -0.0111851658931771 0.0828810276736707
-0.258628148053296 0.0289360359787739 -0.0331982524423909 0.0202900690927069
-0.216854985751571 -0.210581621447733 0.00903850392981836 0.0144962213910763
-0.0470994107008329 -0.339681266253739 0.0449350126823289 0.121483145921791
-0.0126550313242988 -0.250606606185976 -0.0740551954892067 0.39363994860871
-0.14642074763522 -0.188060344527711 0.118694277477863 0.205361258812007
-0.195625678648559 -0.0368528199741918 0.0538014523478044 0.0399591740845555
-0.123373323852767 0.117748190978218 -0.0472853179239687 0.0562291866245687
-0.00190655674296291 0.16479917006817 0.0301491031783772 0.164902320614434
0.104784758555844 0.129947578779721 0.171013627995253 0.119604227406308
0.14396019530542 0.0695162608271184 0.210944234909062 0.043426060415309
0.137144751242564 0.0523794033295711 0.197365220082379 0.0212518393604674
0.126801094327184 0.0621567526002628 0.190593486452628 0.0275853884834687
0.108378833571878 0.11243922110955 0.14849040224928 0.0711110802678611
0.0277544989146205 0.151517748926387 0.0657986115138385 0.125850091846573
-0.0795473202531317 0.103771156532217 -0.0238317957760203 0.0840844993942586
-0.138342432170775 -0.00244460952431048 -0.0147632235457967 0.0174911135145986
-0.120291614525868 -0.12469953035302 0.0296451421904955 0.0410893642419528
-0.0327080148932698 -0.209532965635738 0.0486852025225403 0.199881066558125
-0.0244331072696944 -0.103838103966618 -0.0661732316784632 0.459662506849437
-0.073090056733184 -0.0645361253932439 0.132594643386007 0.250532933752488
-0.0629411007889527 -0.00502508606092143 0.0631612359115364 0.05169247517205
-0.0415992112237121 0.032127255426341 -0.0487495053464282 0.0623251813902228
-0.0135737358223452 0.0527887651743694 0.0247523574697784 0.188479712979227
0.0291003579749524 0.0549939219907998 0.193359246173639 0.155005152749202
0.0563725525344855 0.0454933075769166 0.250586608387935 0.0690473643313748
0.0544772398160095 0.0454582145715953 0.233859054341955 0.0415548809478286
0.049056128093774 0.0458571563993859 0.213313652047991 0.0528447223165334
0.0261698529564855 0.0589175723160818 0.151717578374639 0.094644992238003
-0.0133467821374356 0.0607685021582186 0.0519695339135534 0.12874784166133
-0.0421295637966389 0.0165461426874505 -0.0375237944285075 0.0702443033541482
-0.0287858282295232 -0.0187115213983652 -0.000571493988251361 0.0100908769157148
-0.0344560516464138 -0.0331019047916496 0.0391314599520065 0.0545747035784094
-0.0201843943381558 -0.0667236453053815 0.0477838606969087 0.236622178430122
0.0186931058787017 -0.0465681986759771 -0.0874778640977528 -0.276802064076748
-0.0178190114843822 -0.0431045079613682 -0.112063193616608 -0.0706169875009469
-0.0504479215888169 0.00700116885348071 -0.0167188956399842 0.00188269343815287
-0.00478498086388468 0.045249621485616 0.0517340021021922 -0.0409348947206674
0.0373446823760532 0.0343638129421073 -0.0177441260666504 -0.131906682764499
0.0405691994226605 0.00431673754041008 -0.156616057164401 -0.115827503549252
0.027638073436386 -0.0230466328287216 -0.225933410627221 -0.064981328221864
0.034498260824226 -0.0302314881740305 -0.242952418829267 -0.0448664655140867
0.0442467211521212 -0.0159811871803994 -0.244349494728201 -0.0621139269537479
0.0659124884495565 0.0176434146466665 -0.189991323661674 -0.12623029384699
0.0348081450652654 0.0568421218107392 -0.0692742206114067 -0.166933221206644
-0.0379386973226562 0.0664889578096853 0.023385588848931 -0.0906182466309034
-0.092752766344694 -0.0074028692181667 -0.0587425259062533 -0.0694361301105295
-0.031268519801611 -0.0885796751828223 -0.0717751377641468 -0.214253840226258
0.0237843630221498 -0.0839664624800294 0.0546159411829438 -0.438618247054001
0.0107050478685927 -0.165468118501064 -0.0808649014630635 -0.233623601799378
-0.0705926237689962 -0.116822912341831 -0.0924442002127023 -0.076952514574071
-0.121913912518169 -0.0106329834630516 -0.0221205016067912 0.000888021283723398
-0.0519445363606036 0.0941641849342377 0.0446598374555676 -0.0275070035407547
0.0479581550227734 0.112715541559933 -0.000188722652377112 -0.11712252300894
0.104378107219812 0.0644799655035798 -0.127185434061072 -0.12020837594468
0.110894156783512 0.00248171488282041 -0.194828137339067 -0.0739100379546847
0.124085966849188 -0.0158114220144103 -0.207229509313884 -0.0513166773289392
0.135958105542504 0.00878618414630318 -0.201214051706265 -0.0618179496668135
0.155925591441225 0.0874590275240046 -0.153414400135602 -0.104501087080118
0.0665551783155636 0.172671000357954 -0.0582479594732199 -0.122564949920698
-0.103161372238177 0.169715751531929 0.0103176431939782 -0.0633424316318156
-0.237986193787877 -0.000972631358294734 -0.08130478311091 -0.0603813781011072
-0.143660196730447 -0.209319595521923 -0.0868380071600697 -0.19789311991791
-0.000627450209813336 -0.261587622943755 0.0373669553767027 -0.387078286253791
0.00502587440948622 -0.273014616824607 -0.0773374399946754 -0.150940789335629
-0.126006525324898 -0.192289849140635 -0.0632889525188709 -0.0648386926464839
-0.201234526834078 -0.0300919650169635 -0.0186093491856547 -0.0025085197031164
-0.106002747961199 0.144636886721847 0.0301298346638999 -0.0189623421963164
0.0525108984173524 0.189906309733381 0.0111443819233709 -0.0862087275875994
0.159420342289188 0.123352716603934 -0.0817291201682342 -0.104493447652302
0.181675447392853 0.029917617693764 -0.134943938910281 -0.0701826662401931
0.194213568400145 0.000521688587039805 -0.141195922823355 -0.0500475410206341
0.204981429326717 0.0290960388077071 -0.127997637530103 -0.0541905607825914
0.228200346308334 0.137771591892948 -0.0918034887562539 -0.0704739895205086
0.102977822246508 0.260947074242859 -0.0342463200187851 -0.0622460225362526
-0.137347347306039 0.261378915132373 0.000110983325530093 -0.0254831809662069
-0.349107431898563 0.028271594255391 -0.0903749569288179 -0.0389146925622761
-0.248734174738705 -0.284375476502796 -0.0870714744501219 -0.153261391670622
-0.03553397293475 -0.393836992615995 0.0255024156209185 -0.280910273262774
-0.00213727370304733 -0.353483388156339 -0.0736615307807114 -0.0280060622555012
-0.182986851713806 -0.257961037709409 -0.0186272566491186 -0.0231514418511254
-0.280896122677213 -0.0431742344376342 -0.00138969445611651 -0.00214881239436897
-0.155938281887933 0.19556036810318 0.0107770908850816 -0.00853288255621941
0.0527627998198102 0.253616237957864 0.0201844664517091 -0.0349869088717777
0.197589508145085 0.169458167421691 -0.0210431072003852 -0.0660930897821518
0.228963937609073 0.0530982957248113 -0.0519485974250723 -0.0543009623489198
0.234653632514282 0.0159415607422333 -0.0527649191678942 -0.0416791191958514
0.240639737272085 0.0429885796391065 -0.0359685351476161 -0.0420447158450987
0.265205396511452 0.162376261725569 -0.0132299222256608 -0.0329204514360012
0.1310477362639 0.304148045126291 0.00469046403180892 0.00440723726911747
-0.139776483474564 0.311338914315038 -0.00350747222902579 0.0192935178564653
-0.395674194989717 0.0630673731242082 -0.0822431909808299 -0.010785853542068
-0.312280227337123 -0.299203063128042 -0.0653703731710486 -0.0910316168219453
-0.0673969593828224 -0.4539079551021 0.0253139950660481 -0.141734678470058
-0.00863136867329121 -0.385179021498371 -0.0685662335414528 0.123634780473497
-0.219800690930141 -0.288921752407017 0.0390531298371116 0.0461364061568686
-0.325773607609915 -0.0486122238300899 0.0225899801618881 0.00566759587136712
-0.184371322160598 0.220948342145704 -0.010858069920661 0.0113447539242517
0.0453564835655589 0.281091766455803 0.0294576649595097 0.0353769232845419
0.206089611045168 0.188295225796325 0.0528886131370538 -0.0088806439824857
0.241902662364885 0.0670307016157879 0.0445152702914336 -0.0286507850462246
0.237770145205339 0.0299981040402401 0.0435009095154379 -0.0276891190156939
0.23689253581232 0.0528236402071825 0.0588264773829447 -0.0267088308692284
0.254858945347107 0.162354260876177 0.0647321206981227 0.00241428289902565
0.128883207385776 0.290924202621764 0.0464226124161377 0.0624891420738727
-0.121729247098156 0.292305602700718 -0.00282902568426984 0.0602090096092527
-0.358831489155455 0.0709602686427202 -0.0602276810339605 0.0120258340594846
-0.303867627650263 -0.266006814361543 -0.0278841887196203 -0.0294817383009674
-0.079367888193909 -0.431438409451978 0.0368027359812117 0.00246297584899473
-0.0178817948740398 -0.35085003493194 -0.0611152421721279 0.275555246424357
-0.211905950288985 -0.264565839711492 0.0931473472448474 0.128039120850696
-0.299741195629141 -0.0438632974324491 0.0442178432079038 0.0207806135627334
-0.172656117282654 0.197570491451864 -0.0310796414854034 0.0389815493008986
0.0296803218792257 0.250828457306474 0.0371155847887433 0.109295674383337
0.176515840486479 0.171762385269954 0.124679879825058 0.0544184900545596
0.214463214050865 0.0695701025585815 0.139978570340588 0.00163808719584366
0.205591841914937 0.0402284196652447 0.132769147575459 -0.0100093519089469
0.197177743213298 0.0577213566802251 0.138610427589568 -0.00671880501144433
0.199511814176484 0.141795870710863 0.124341695191906 0.0337672922449359
0.0918506755844616 0.232970985926285 0.0735096288915781 0.102176713206159
-0.0988678075461732 0.212266045651131 -0.00625907945979132 0.0837481419181176
-0.260552396471254 0.0437842141608805 -0.0355976829855078 0.0215905107610127
-0.230187525221742 -0.199414472211619 0.00822026656787435 0.0153494370338825
-0.0695998987197095 -0.339432873153653 0.0512353761807646 0.121125666284416
-0.0260624376581683 -0.251668470956363 -0.052501680075178 0.398396554306173
-0.159675112205099 -0.180596836027777 0.131225760056899 0.199143638855719
-0.201953005672095 -0.027420598221213 0.0589527814032195 0.0367952261405266
-0.117632827730061 0.127403776256097 -0.0446781086446626 0.0606186929669255
0.00947321933242015 0.167345035669796 0.0396285699360017 0.16539060427081
0.114638483269076 0.122780122252057 0.178647645821204 0.107726214750531
0.150966626185651 0.0602402297106998 0.215606471941964 0.0306027048400816
0.142133526206109 0.0447976095990222 0.202059576781847 0.00941407409168265
0.132049106463407 0.0556556931807226 0.1938304821231 0.0153665079417761
0.118236853864025 0.106557212205187 0.154769633781389 0.0621595830873233
0.0387804192964317 0.150570956468676 0.0765185702853263 0.12166742476926
-0.0738397227007964 0.109841782046254 -0.0187039086698579 0.0860383657915458
-0.140117206946158 0.00520060080175754 -0.0168272773358349 0.0176107786280099
-0.128507531491742 -0.118065357554259 0.0311785670452536 0.0411273607594346
-0.0466449394583638 -0.209551004011088 0.061181670279215 0.19937382100704
-0.030349948191669 -0.103742663458965 -0.0399309055759017 0.465479528160697
-0.0781796165186794 -0.0602500104899998 0.149546086187706 0.244411794792146
-0.0654639481175193 -0.00246384974203813 0.068322074093216 0.0482988006768898
-0.0401836562616126 0.0359599066640626 -0.0457758923283029 0.0666823064676408
-0.0103472837750167 0.0550373394066303 0.0361679717973431 0.18980693849007
0.0334121206268523 0.0533420104425952 0.204555042508941 0.142643077963366
0.060926294838858 0.041716383487758 0.25838969946872 0.0532248016917409
0.0585494065242516 0.0423753500492417 0.240447937454583 0.0277096245179155
0.0525146085558052 0.0435076162977637 0.219781552323009 0.0399085961873821
0.0305347202101228 0.0583405273057706 0.159005450766716 0.085490646917227
-0.00869707198076908 0.0621259716848307 0.0610150892609849 0.125951893928807
-0.0415010269226533 0.019608617476096 -0.0331280464328808 0.073031454423819
-0.0313008405632679 -0.0166441919881059 -0.00195943783421137 0.00876200519897429
-0.036651150897881 -0.0311920030670206 0.0426768725806092 0.0541474493751042
-0.0245420812475271 -0.0667480105871928 0.0632447577037093 0.234738219038041
0.0161244271801688 -0.0459759794475766 -0.101110510269102 -0.262483338185962
-0.0191414049397017 -0.0412321844637247 -0.114202059907209 -0.0604318581111199
-0.0469961340037207 0.00952881823626618 -0.0163466222430661 0.00337329077661192
-0.0021381662857379 0.0434840240498331 0.0480214781180544 -0.0419005569766397
0.0384073722372651 0.0304887944893162 -0.0245519068657909 -0.127393275787837
0.0399426545219124 0.00223488507052169 -0.158547085603644 -0.10196777545243
0.0247912591849823 -0.0230885804000849 -0.224343217839807 -0.0493451503159131
0.0316273132607706 -0.0312083866708929 -0.240947299095379 -0.0299633540670439
0.0426351233195531 -0.0187633420494019 -0.24222823532459 -0.0462774445358904
0.0651061754780127 0.0122271469786708 -0.192412922907391 -0.11192547101873
0.0374355252842963 0.0533062030541994 -0.0767881520573329 -0.158700695648542
-0.0330975082025888 0.0667719801966445 0.0174356572280835 -0.0892993939990043
-0.0897214484744121 -0.00277924009500604 -0.0607773114234559 -0.0641876235883907
-0.0353703649288352 -0.084158263026724 -0.0808218922184891 -0.206339240934832
0.0184514713035795 -0.0820427893056087 0.0288208902631266 -0.426401110474976
0.00286128168279802 -0.159555998233813 -0.0930147831723674 -0.222166628628562
-0.0740703609337124 -0.109419570358688 -0.0961290911305405 -0.0688502269681449
-0.117482729489297 -0.0037771270582988 -0.0217596553883463 0.00245628651225604
-0.0448982997164376 0.0936299495656935 0.0420578238497269 -0.0285444065001589
0.0539515319504852 0.105348312587744 -0.00668837949516968 -0.113537203978375
0.105732487971513 0.0560207007614984 -0.13084575504852 -0.108378846230378
0.106859270055198 -0.00364962693040406 -0.193636527536686 -0.0603603630891578
0.119620031360448 -0.0220443666197913 -0.206916371010271 -0.0384355572248676
0.133092858051325 0.000544627108950337 -0.200565587563222 -0.0494005322876027
0.157460744033151 0.0746874440301305 -0.155635814246418 -0.0933748658376844
0.0746185926216125 0.163830566383751 -0.0624457099648164 -0.115899696894773
-0.0906857960799528 0.171198949787023 0.00580278174215282 -0.0625236122164104
-0.231889033263012 0.00996097632044976 -0.0834253135410609 -0.0539941819506139
-0.150239504876456 -0.196703743650068 -0.0942637726723308 -0.188409585573485
-0.0149224222294464 -0.253833794510427 0.0144901553727457 -0.374075040878549
-0.00805206782542024 -0.263603652129512 -0.0848448593511955 -0.143120476010881
-0.131249568558157 -0.17887633421185 -0.0664967371875063 -0.0592910215650294
-0.195774351179109 -0.0192830292628445 -0.0179310164688109 -0.00145017751376217
-0.094032611282706 0.145631111015741 0.0279335837234506 -0.0195246726414191
0.0626182052087677 0.180047620571143 0.00583040709516135 -0.0836575392374659
0.162411974804064 0.109501601275327 -0.0869091756877014 -0.0956047279998422
0.177106926681603 0.018787326746397 -0.135497851676358 -0.0599492255019816
0.1886250499447 -0.00963672272565171 -0.1416555853417 -0.0412482441900237
0.201005549667442 0.0165508280974343 -0.128275199253852 -0.0468848044387512
0.230435147484345 0.119471745249927 -0.0938073318014302 -0.0639140427591538
0.115374104353264 0.247701408044397 -0.0347064886495602 -0.0593182538554501
-0.119272575779517 0.26203505970697 -0.00239970845989234 -0.0252026444315008
-0.339145101935031 0.0445419063137711 -0.0923496493798141 -0.0326618132630434
-0.256504677289889 -0.263475965623031 -0.0928379332796541 -0.143671929857218
-0.0566364424237205 -0.379932940767494 0.00831156920764544 -0.270418905443197
-0.0186835096253439 -0.341226252101498 -0.0751234561427872 -0.0244984575451213
-0.189833745741071 -0.239914162424114 -0.0217992939545034 -0.0218014638162636
-0.274918511190058 -0.0279248931379611 -0.00140713973346563 -0.00263117356415422
-0.140295215183686 0.198586914580433 0.0103802664462564 -0.00842077608226871
0.0666893643726558 0.242134794643856 0.0174258931496233 -0.0340789577293814
0.201789141653374 0.151125857142833 -0.0250504525744596 -0.0627644101582094
0.225515427479553 0.0383783164415633 -0.0537874686158368 -0.0498783181901454
0.22821958540375 0.00339223535794957 -0.0549347792774964 -0.0382901794864819
0.236726687393194 0.029009389447795 -0.0380806686058325 -0.0397568412785607
0.268598464286405 0.140460379283139 -0.0154274332158016 -0.0320242168515939
0.14541527617354 0.287352281781379 0.00731606623488437 0.00268003677906117
-0.118154107757439 0.309869537539637 -0.00327724909041252 0.0187623524933481
-0.38290447811621 0.0810757615009842 -0.083711736990521 -0.0056922595061348
-0.320189978972316 -0.276145127376504 -0.0695731600423754 -0.0835680794996724
-0.0913644314911722 -0.435420239016815 0.015799015920234 -0.134804591409306
-0.027685416955201 -0.371073484262941 -0.0620814196355759 0.120990347358812
-0.227512532142975 -0.268145810216595 0.037357475223622 0.0427726533988206
-0.320110690255231 -0.0307059421119651 0.0233361722065405 0.00302899265835453
-0.166534071495178 0.224486555937478 -0.00915233277259382 0.0131067651111212
0.0606777898748923 0.26963198028506 0.0302882798067232 0.0337129940244996
0.210772906352461 0.168914071652922 0.0489987964046953 -0.012440447262753
0.238402363574063 0.0505769936445815 0.0415612042240824 -0.0303133867969965
0.233094561303705 0.0165545804159923 0.0398388201766027 -0.0301021679437594
0.233001512031335 0.0387617837453673 0.0539753521955344 -0.0295810930225456
0.257718471295286 0.141764426059225 0.0624863586638093 -0.00218977096864951
0.142222919512789 0.274956978746658 0.0515499672194134 0.0563008955615918
-0.101894701356369 0.28998784807471 -6.78252551142802E-05 0.0584811376051587
-0.345491080481845 0.0868549628080247 -0.0611803504211037 0.0157110679040966
-0.309516962471069 -0.242610557008035 -0.0298683006856182 -0.0250047658049835
-0.101864225894783 -0.413349834241984 0.0345378181535276 0.00296081237241461
-0.0338370612663721 -0.33935484141536 -0.0466577734074452 0.268433945704627
-0.219916620933354 -0.244775746062305 0.0952578096895953 0.118868705725246
-0.294691544026488 -0.0272875997932637 0.0449415929264908 0.0159152702436112
-0.156170608874261 0.201593418854391 -0.0281851466898711 0.0408343848492183
0.0434959239519759 0.241831643012326 0.0418833653733879 0.105980065845101
0.181024532527323 0.155392950754104 0.122044824742119 0.0442114125355359
0.212449042273843 0.0549809206126204 0.135969888231592 -0.00613809599402777
0.201988591483946 0.0284468150643601 0.128865414524341 -0.0175790450216351
0.195008039552752 0.0452804637736027 0.133672936432227 -0.0158759064065807
0.202641767832273 0.125806311998663 0.121731996422063 0.0254149839446015
0.10346979560726 0.220045401175525 0.0792669272006732 0.0936680043085245
-0.0837782383319509 0.211377950128774 -0.00198736828891032 0.081163971599081
-0.251423950563917 0.0552387678617968 -0.0374730575771276 0.0235526474068176
-0.233476594210178 -0.181149823733471 0.00776284193207458 0.0171000253596776
-0.08686053007768 -0.325496116500179 0.0552834448805852 0.116528882584237
-0.036722179383149 -0.243002548304595 -0.0321926961714545 0.386945547461996
-0.165078471473556 -0.166353988422258 0.1366041482061 0.185915150526513
-0.199010481245484 -0.0161509170470686 0.0605375006470259 0.0315476729572517
-0.106988749412419 0.130603442560502 -0.0399502270643295 0.0620944397214914
0.0189772126763477 0.162495795373252 0.0477761744257143 0.159892718662106
0.117590353787875 0.112379847648916 0.178707946242129 0.0933442289858649
0.149600590778492 0.0487091582565058 0.211412952074452 0.0175090449859239
0.141452172179143 0.0359471033495243 0.198152855655591 -0.00259220830123652
0.131344156757167 0.0469897819211609 0.188648368119918 0.00381347248643705
0.121260905238024 0.0965498640976663 0.15331293821052 0.050671762890409
0.0471568467685955 0.14346114471889 0.0822032079937009 0.112788730838597
-0.0650581805099556 0.111038702837011 -0.01310953628683 0.084271618554798
-0.137044109943537 0.0127707363418262 -0.018226059625542 0.0184496535258132
-0.13037647541632 -0.108056218685892 0.0317767765114532 0.0406113425395501
-0.0570611391690466 -0.200188821784059 0.0699678796436369 0.189902683663978
-0.0336329272436939 -0.0992058432149924 -0.0160181649808411 0.451207080956466
-0.0796622308728076 -0.0541798437687057 0.157351815954906 0.228281309242601
-0.0648517442848618 0.000926144319859903 0.0703673929192164 0.0425249596614213
-0.0370137199165684 0.0379190880611928 -0.0403801174975044 0.0675913349802009
-0.00668634727406955 0.0545666100806108 0.0460063234455536 0.183201770713346
0.0349874208603487 0.0491290688690016 0.206357220513036 0.125124077548697
0.0619581004652782 0.0358055883716599 0.25405625182008 0.0366019519325829
0.0604518198795412 0.0387946003951078 0.237445038503574 0.0127061764185494
0.0533610842593267 0.0399477922320338 0.215968713916676 0.026025952322782
0.0333830816678174 0.0543399486497967 0.159531078435949 0.0735611703253457
-0.0045216537602523 0.0604566032844053 0.0671097928986044 0.117913660148287
-0.0386179762773937 0.0219783791303428 -0.0274504575079695 0.072063579343468
-0.0324500459391613 -0.0145047998826021 -0.0031648920705486 0.00807388995104435
-0.0370718509121241 -0.0290159255279289 0.0442255564289926 0.0518058660618173
-0.0274166182973176 -0.0637730009961859 0.074438554563625 0.223097046383513
0.0208536808305482 -0.03998755995031 -0.0644247468659309 -0.25310298701744
-0.0114806639274222 -0.0414740457310732 -0.101093303327434 -0.0691102755682893
-0.043598253825738 0.00276510890418116 -0.0179699548282228 0.000137424806624441
-0.00780803144345006 0.0405042856823547 0.0468791207830284 -0.0344134039923273
0.0322239090532561 0.0332169330404401 -0.0112905867059577 -0.120986108151616
0.039485506299326 0.00767046923010192 -0.13724960604328 -0.108942327138718
0.0261466299150911 -0.0173988195613188 -0.207290669632437 -0.0692688217565574
0.0331592077690795 -0.0259799522108181 -0.22772390069996 -0.0559591584153723
0.043696600631127 -0.011914079229676 -0.227785438261019 -0.0722744097147113
0.0612139126567915 0.0199530977159777 -0.173628790278164 -0.129520049749098
0.0287523777436854 0.056914394976013 -0.0569635043577375 -0.163243833602323
-0.0406776775255001 0.0612173342265433 0.0274147366192682 -0.0865925962300205
-0.0854750669269548 -0.0116335089066757 -0.047653023807658 -0.0682563540643833
-0.0251181841274514 -0.0831522473792801 -0.0519923495060998 -0.206472934291096
0.0247690820086684 -0.0737195734432092 0.0774406783569473 -0.406275915976813
0.0222462633103296 -0.146609360318601 -0.0550653522575826 -0.219728304163881
-0.0537485164455806 -0.110670366924402 -0.0819369970117166 -0.0800385941234615
-0.107404329761599 -0.0190197404213668 -0.0234297873652597 -0.00654911507710715
-0.0539656877401066 0.0808383788385732 0.0382273370123899 -0.0235509986558973
0.0363516337432482 0.105608739290449 0.00127602955524371 -0.105949067442584
0.0943187412847452 0.0659130335439362 -0.112949814231271 -0.109528374137298
0.101602734446331 0.0102223000158314 -0.178661188995907 -0.0759524794185117
0.115903483580345 -0.00654822679967071 -0.193904777968989 -0.0611330255391424
0.127604806736354 0.0174401037375812 -0.189029033526183 -0.0722506885158265
0.141682582286486 0.0898092427044339 -0.141660524048863 -0.111053081576828
0.0515786312718338 0.166389101544277 -0.0470219401505385 -0.12604897452984
-0.107901806254757 0.154514422801112 0.0146189963230177 -0.0651171540409549
-0.22330042311243 -0.0149985938268117 -0.0670700808118675 -0.0596425956768226
-0.122234171619054 -0.204211222884826 -0.0624436627871187 -0.185774424291729
0.0117517509734256 -0.243469446925425 0.0618346023542298 -0.351035646309547
0.0245874401394382 -0.243712244672711 -0.0498908054750624 -0.149845019336701
-0.0984381926387111 -0.182310355757924 -0.0551450934952167 -0.0720858293544488
-0.17851208035144 -0.043315371827013 -0.0198317739743612 -0.0144260167941028
-0.10764761408274 0.122674636631955 0.0230966809019097 -0.0187401932959617
0.033898106231232 0.177077149896583 0.00683571122218233 -0.0777913490955453
0.140059985799501 0.122352311180423 -0.0747174187521383 -0.0909460202193287
0.165720069077578 0.0388648553923694 -0.124538873090174 -0.0697472965014569
0.181537463686394 0.0137803114139796 -0.131013759281897 -0.0574255780872472
0.190801632100542 0.0408180923934579 -0.121531590497676 -0.0623130971249286
0.206351599303032 0.140726461563737 -0.0870628990461613 -0.0789010902577012
0.0807064652284896 0.25149530377322 -0.0258847699575046 -0.0716227291364166
-0.145718816975031 0.237261295331312 0.00323145658481629 -0.032463919628171
-0.330112765077857 0.00573509845274335 -0.0752736161415825 -0.0392993875960811
-0.216640877637561 -0.280289873224015 -0.0620630756854285 -0.139015399781214
-0.0146857617525397 -0.369755649340056 0.0485791506124958 -0.247051228079331
0.0250222752100806 -0.316842289136629 -0.0485294585713323 -0.0423050377119176
-0.144596699278976 -0.24484537714282 -0.0158758958463316 -0.0373535565522718
-0.251222768504909 -0.06182696859341 -0.0052312949964831 -0.0181227109192434
-0.158127692931648 0.165138749477914 0.00358934631687243 -0.0120849607154931
0.0286142144925648 0.236061878941319 0.00940273201446871 -0.0308906049123645
0.170833506171786 0.166242556113263 -0.022526479644205 -0.0521095650727895
0.20909381456801 0.0628640687094836 -0.0489015061908643 -0.050998039067432
0.218969951871199 0.0313045817012892 -0.0481715272548084 -0.044974510007822
0.22240352325144 0.0566839721107462 -0.0361245442059754 -0.0462673830210983
0.240139833324678 0.165128595498892 -0.0163839362712081 -0.0412617564943106
0.105182125021269 0.291546837663219 0.00731149561295784 -0.0100004868046147
-0.150518534206898 0.283375807963433 -0.00279265875299732 0.00887257687018891
-0.374901935411316 0.0353163385193977 -0.0694511123467533 -0.0133143545780508
-0.27419481410343 -0.299975182034858 -0.0433401339624114 -0.0767580231853245
-0.0412379101561949 -0.428607738012132 0.0434347028891189 -0.112196950648373
0.0206423701558405 -0.346151127485844 -0.0496694068788729 0.0927125470098914
-0.176288517034274 -0.276492562445213 0.0331779801418435 0.0263809502382777
-0.293662299154907 -0.0706764374092812 0.0168046021753976 -0.0136342719205917
-0.186597311386862 0.186477267750674 -0.0179376483997351 0.00378983672102427
0.0187093903760295 0.261520828091139 0.0135270881581294 0.0331801360098484
0.175909035253154 0.183750417288273 0.0410950532113446 0.00266877164471151
0.219993905025732 0.0753900590979143 0.0391567736700285 -0.0228888415758083
0.222021379203291 0.0441652426782801 0.042350036495201 -0.0258614622047225
0.217612043194991 0.0654350368456483 0.0518698902418023 -0.0260836898327568
0.229603939024799 0.163683838321222 0.055293667258936 -0.00368497701566761
0.103482889928038 0.278255702516551 0.0438748860981981 0.047480266985796
-0.131800274738266 0.265970667356352 -0.00445705288226234 0.0476529372925288
-0.340292507384848 0.045042797903963 -0.0519680859339159 0.00964558681892577
-0.268748957714803 -0.266455951663248 -0.0121141478320861 -0.0160831625962005
-0.0523919565590388 -0.407787588083394 0.0453779076477818 0.0224248543928973
0.0110242862760136 -0.317866126654366 -0.053043660808044 0.231595412746824
-0.171880037809107 -0.254022220661552 0.0793021483834782 0.105253628226022
-0.27212804382026 -0.0638254059900513 0.0367450849534942 0.00210534517227023
-0.174285033165585 0.166580723407156 -0.0374892707407862 0.0277679990225591
0.00586122932101423 0.233485789033627 0.0178653806029942 0.101686195270476
0.148869113364943 0.167685455730683 0.104469653452484 0.061756907922078
0.194931132469199 0.0752277517475858 0.125956221728824 0.0086605277520091
0.191199809344498 0.0519095432623144 0.126014243786326 -0.00325613136756085
0.179782529137777 0.0667600003120999 0.127222466824029 -0.00301882277070061
0.178240382959884 0.141815817818478 0.110000167279516 0.0298568888261265
0.0729350610998655 0.221302920140766 0.0671639618604285 0.0884298841182094
-0.105510250961157 0.192203644114286 -0.00931094897616854 0.0717791293232695
-0.247257504892108 0.0256629828071637 -0.0323125293641533 0.0194996530896741
-0.202626817996269 -0.199607453354216 0.0160204680997064 0.0259424593580953
-0.0481320751575944 -0.323021021901115 0.0513128927014989 0.131353653328141
-0.00419407870035579 -0.229070276786536 -0.0566515785456208 0.346441728441434
-0.131406008028193 -0.174750136518475 0.110076696819058 0.176906683658833
-0.185044654815502 -0.0412986523186272 0.0511377747438031 0.0242391658017298
-0.118523416129358 0.108316116893325 -0.0476345734172314 0.0486994416174773
-0.00583634123095895 0.15609713322148 0.0213381722575655 0.152901702895186
0.0942585805520924 0.118614137942817 0.15299998327226 0.110461147135164
0.136346511948158 0.0621206240744074 0.195706446118512 0.0390360818353397
0.132667943277823 0.0523097762283124 0.19090558571072 0.0190654030921474
0.119147170459081 0.0603226177510357 0.179647137527952 0.0220763634663092
0.104410508439999 0.104037043865951 0.138802757181879 0.0599278736761219
0.0282382404828508 0.140283370788948 0.0680606475160359 0.111119235883411
-0.075302146204753 0.0984731957576915 -0.0204752800509841 0.0767591935887011
-0.133305872901846 -0.00309995468397817 -0.0172297377147021 0.0168914264870377
-0.112622297124239 -0.118447004583896 0.0326347821798611 0.0486951436143504
-0.0328829770711022 -0.200625925438729 0.053242214159334 0.198636779349767
-0.0187707573723046 -0.0962566606133451 -0.0567574270842523 0.413986912111163
-0.0669157660837547 -0.0592822739666381 0.123442093232392 0.226007812665126
-0.0616886940959948 -0.00781359611034603 0.0606918665493644 0.0435517747089462
-0.0395848166467993 0.0302479633382524 -0.0462393860339083 0.0576154876472114
-0.0145916232042307 0.0507829648257607 0.0213655089581915 0.175608806859865
0.0236409244256406 0.0497490786594272 0.178054882195653 0.139325577526154
0.0546603660532427 0.039629294887931 0.235846090820609 0.0603203866192218
0.0543684511854924 0.0443730337008792 0.226557505259772 0.0384787694643141
0.0453734819744032 0.0435536875455187 0.204906645258317 0.0478734924472036
0.024980530917772 0.0548188318202124 0.144308227097321 0.0853758908828951
-0.0107370243998135 0.0559318720530713 0.052678455855025 0.118280277136084
-0.0388123096305308 0.0162580148610094 -0.0339504320005999 0.0663909289471597
-0.0303628015808907 -0.0168387571208525 -0.00473753378071465 0.00806933931213327
-0.0315998591565002 -0.0323583180325894 0.0394488066382849 0.0570686197746824
-0.0190664677659567 -0.0667420346016075 0.0503418951354207 0.22604250757
0.0206861060387167 -0.038242249273295 -0.059385742350404 -0.245758178431536
-0.0103297726866695 -0.0409617170795045 -0.0970523134527874 -0.0672329519655294
-0.0416326394319983 0.00180320929708169 -0.018058005486873 0.000822570014761582
-0.00773805205520967 0.0383765971291807 0.0460437357890782 -0.0325666727282456
0.031010713192994 0.0322058103507982 -0.00970833113650877 -0.117485117395521
0.0385859395623453 0.00763106288016512 -0.131549782282119 -0.106341047311769
0.025125509471553 -0.0156206665445518 -0.200995623016538 -0.0696912603217136
0.0321160759157877 -0.024659843824603 -0.223276764812433 -0.0564931009989632
0.0431309005040368 -0.0114369077275621 -0.221701306881849 -0.0725882338473735
0.0594922345178493 0.0200930040844791 -0.167589252135716 -0.127875774566885
0.0276826805336845 0.0561357588026025 -0.0540233899700092 -0.159850192766802
-0.0403309741344306 0.0591554825891397 0.0278091736048671 -0.0842551255559549
-0.0825913628295424 -0.013359138377918 -0.0450018952740271 -0.0670677349166974
-0.0232203303051937 -0.080863307205782 -0.0465971072043721 -0.203313766648889
0.025053447719653 -0.0708806526847738 0.0808352347855728 -0.390971201978947
0.0243203827142643 -0.141806607468658 -0.0506502852095553 -0.213212032034747
-0.0498009745829117 -0.108467267608518 -0.0793253731768063 -0.0774170894908954
-0.103535793889921 -0.0203615554683752 -0.0229521576565629 -0.00640205928271201
-0.0536953691470966 0.0773041295345183 0.0376771149026083 -0.0223151848360832
0.0342697354961291 0.102168960056861 0.00243623778800061 -0.102473586327529
0.0910038491942534 0.0642942089916926 -0.108172282718345 -0.106393538369356
0.0984405766380803 0.0117200773856278 -0.173457185951175 -0.0753492922446751
0.113347959576907 -0.00451960975852072 -0.190883169333328 -0.0614881327439077
0.12479502512688 0.0180537603164408 -0.184420432393933 -0.0722643496238893
0.138032118297707 0.0879747275610262 -0.136823332652666 -0.109486352225275
0.0489626760532993 0.162836767538592 -0.0441998599596045 -0.124094330931321
-0.106691778102219 0.148678612830395 0.0149526215013466 -0.0635857545619625
-0.217649431431592 -0.0191356715345063 -0.0653882136369529 -0.0579868076710199
-0.115978597298082 -0.200557684811216 -0.0581600865743315 -0.182015197602422
0.0142729719046807 -0.234587214269643 0.0654137849669392 -0.337004820536316
0.0286322899135412 -0.23492188906678 -0.0477045885418542 -0.145923445042836
-0.0917760241147707 -0.178019223343635 -0.054007077938117 -0.0707352515260331
-0.1722555018124 -0.0449212318049927 -0.0194154299961679 -0.0141874124693067
-0.105654781406887 0.117301901382195 0.0232567168430777 -0.0172614954173119
0.031566152067595 0.171916649358364 0.00778800702303106 -0.0747653097160046
0.135190357240742 0.11918669092309 -0.0722380292223723 -0.0880063738368143
0.159647721874914 0.0407205756694835 -0.120387856643771 -0.0686190224189626
0.176162846442473 0.0155115436309893 -0.129227488995134 -0.0573527713773531
0.18568064302882 0.0417811693506487 -0.118575153488296 -0.0628676635802358
0.200489258393818 0.137774467750607 -0.0840702298870257 -0.0778767310249091
0.0769717596052321 0.245887569417781 -0.023402890522455 -0.071185654026026
-0.144544451856667 0.228499192408977 0.00298438845885506 -0.0320806600015991
-0.322456027251776 0.000355974794722872 -0.0747544139329816 -0.0378340477773643
-0.206382114093876 -0.277296248216019 -0.0575998885103566 -0.135448637295933
-0.00989878180115528 -0.358684702820694 0.051025865671311 -0.235199307625573
0.031010728806297 -0.30650091789316 -0.0487908516838463 -0.0423050998309356
-0.136074706047563 -0.239155419003143 -0.0165856706328856 -0.0360886301246498
-0.243482012476408 -0.0646602095741762 -0.00453866663690204 -0.0186894858455502
-0.155498774280296 0.157909476092283 0.00427057093329491 -0.0108259780896726
0.0259483073067944 0.229772428430621 0.010854948987075 -0.0292630288155904
0.164098243281749 0.162221399611743 -0.0218428372644535 -0.0502545743111406
0.201485051763021 0.0635050270484522 -0.0470601598859738 -0.0496942855251629
0.212878901260857 0.0337705298453555 -0.0479940464033307 -0.0443137895990542
0.216052769969112 0.0575874153862545 -0.0354940716836906 -0.0459685582975774
0.232644869512002 0.161423020632812 -0.0158270754820784 -0.0406173462155374
0.100291829306606 0.284908336501447 0.00851326938945126 -0.0110170702188655
-0.149163478188682 0.272956148952136 -0.00265289870866072 0.00803361342264128
-0.366901497232276 0.0278331538964359 -0.0694740470484313 -0.0119617146909395
-0.263708122185424 -0.296687228901087 -0.0396846021303176 -0.0731665423639436
-0.0344016008302963 -0.415111562394886 0.0435692674054307 -0.105699756415911
0.0263787218372058 -0.334831139951014 -0.0516879279113628 0.0880841005421132
-0.166751767976801 -0.269220661851894 0.0301480266742355 0.0254804577921237
-0.285210691809894 -0.0729482546348498 0.0169463838550034 -0.014003492974727
-0.183593526916462 0.179092221277784 -0.0165201483324864 0.00431121170539219
0.0154142204112053 0.254316848739418 0.013718834654187 0.0333217481814446
0.169328320814349 0.180222182734809 0.0390470055301843 0.00254346862871087
0.212242916620889 0.0761122381876321 0.0386715117845978 -0.0213601175974341
0.216112093820019 0.0472304835533962 0.0410651515479796 -0.0250693535808943
0.2111320309545 0.0669628018856988 0.0503653714227503 -0.0257371132217602
0.222756708191369 0.160583400827818 0.052867378657535 -0.00367689125247722
0.0988952092898863 0.271856933363878 0.0436058473307868 0.044671155304443
-0.130674446151183 0.256044819855834 -0.00523583163478059 0.0463919248221078
-0.333328749304094 0.0385180679525231 -0.0525930739946501 0.0108368801099935
-0.257814109119808 -0.265123477179014 -0.0107299031832449 -0.0138233298028049
-0.0460561982155519 -0.39653854688682 0.0442940778680444 0.0250819734533521
0.0173218914306577 -0.308729981536573 -0.0570661184653211 0.223118384953661
-0.162788484695711 -0.248775430096899 0.0743414687123524 0.102656305528814
-0.264777401908383 -0.0664780892742229 0.036651602577981 0.00136198094175269
-0.17166145719968 0.159768204295609 -0.0354940009696833 0.0273938213488755
0.00370866350296789 0.227603043603464 0.0169534022939128 0.100443640947383
0.142602049867639 0.16384496693658 0.0997117590894969 0.0607680062080714
0.188537895254624 0.0755341370685031 0.122274610871612 0.0103147920300512
0.186129493929036 0.053722408602055 0.123247113790617 -0.00226548006137435
0.17458860840281 0.0681144873352306 0.123524184267943 -0.00181294216024841
0.173260833888823 0.138642985170408 0.106249906328351 0.0295869922972601
0.0700474159888836 0.215060366875459 0.0649339017410435 0.0856739364038786
-0.103586044549345 0.185267062845442 -0.0102257673899494 0.0701529344731191
-0.241469110588195 0.0214494257146428 -0.034070725206125 0.0199413096346238
-0.193726401050889 -0.197662606957362 0.0161165037169202 0.0284355205733256
-0.0422571155726178 -0.31350629241103 0.0482523047758937 0.129364240523954
0.00114593432066861 -0.22300835367736 -0.0625090741746108 0.334074732941989
-0.124585581838118 -0.171451265026875 0.10369898884425 0.173444169270144
-0.180347099054869 -0.0427324908283545 0.0497063886205779 0.0229956273227181
-0.116731344108313 0.102954155170973 -0.046932370029663 0.0474883197617453
-0.00729492026131619 0.152018238637404 0.0197271138262035 0.15017814611672
0.0899623904797257 0.116565167053627 0.146812153750691 0.10838715537555
0.131882066928239 0.0620440661005541 0.189748507976638 0.039593527554481
0.129237770484739 0.0527028651306151 0.186602387180557 0.0201454988097117
0.115531895286276 0.0606997850330966 0.174383880855233 0.0234679868800339
0.100942266207878 0.10153259871942 0.134237976069551 0.0592970589195483
0.0270697696166114 0.136307361640254 0.0656516190926235 0.107900445701804
-0.0737136758781859 0.094543276480105 -0.0209229412719307 0.0741549797284201
-0.130303425347456 -0.00408558014853858 -0.0184353636359869 0.0167217012238867
-0.107601240655457 -0.116915074481687 0.0317354301711397 0.0499874610939892
-0.029365792189689 -0.195274185209696 0.049702268813176 0.194648529224994
-0.0155633896684063 -0.0945215539325579 -0.0634771189433849 0.398773589364231
-0.064292666383002 -0.0581283710804756 0.116464237628784 0.220974814282045
-0.0612546014209856 -0.00847967834596441 0.0589811953901895 0.0422828677296551
-0.0388941145930588 0.028908243034189 -0.0453928408753412 0.0560945206759658
-0.014491746174375 0.0493896060045706 0.0193350087343024 0.172243868623977
0.0218413738420077 0.0487431342518633 0.171147102884366 0.136564610701466
0.0526401064588407 0.0386403839170509 0.228573807886406 0.0611043860401079
0.0531986972876978 0.0437893673200831 0.222228578954169 0.0393272476386033
0.0438463266365098 0.0438199551955598 0.198900505617504 0.0484757983724211
0.0235780068335175 0.0534873959209967 0.138913492340924 0.0834475896398253
-0.0107712371698115 0.0536075835548239 0.0502052088359902 0.114542522535907
-0.037235320219455 0.0155268395730988 -0.0334729686335555 0.0641343810459559
-0.0291864281888301 -0.0161294469438669 -0.00574757858313443 0.00821858817825194
-0.0304357409467802 -0.0325663324095333 0.0378442810776347 0.0573430919393133
-0.0175987472183808 -0.0656875168494808 0.0466977668182356 0.21928018526431
0.0214490507153113 -0.0375629585780805 -0.054081820831661 -0.248014604719625
-0.00959149846372185 -0.0420572513949263 -0.0969329106741068 -0.0690869484373819
-0.0415487597434062 0.000625821748907555 -0.0186892774928727 0.00094507870715275
-0.00873030329538738 0.0382055255225015 0.0477825997529993 -0.031981199130674
0.0307741576556242 0.032624882678394 -0.00693619323085033 -0.118757894049572
0.0391863168605407 0.008404996596375 -0.129416343853287 -0.108452246480262
0.0252964555180615 -0.0147133761423595 -0.201439600482483 -0.0736308013678101
0.0321994819131407 -0.024143505106936 -0.22609413054071 -0.0611902796238744
0.043533125561961 -0.0115303293566071 -0.222460331402811 -0.0778107633101153
0.0598237879087612 0.0204538993537696 -0.166090222339024 -0.13144562068638
0.0270053486083467 0.0572069925471421 -0.0509030695133768 -0.162265299731734
-0.0421568778096476 0.058494086056975 0.0295757818348025 -0.0849147404157911
-0.0833688917219765 -0.0164359536361211 -0.043213528304016 -0.0686595442195204
-0.0216388446573749 -0.08183241843884 -0.0417433952623549 -0.207039345961027
0.026595726156987 -0.0697083765382701 0.0919938320264065 -0.38860458597498
0.0277835808313036 -0.140784330056634 -0.0463834746278072 -0.215060124969163
-0.0472361582490654 -0.110127484337072 -0.0790685416643578 -0.0793322366481038
-0.102894385120919 -0.023248624586834 -0.0240536353153473 -0.00649493859194445
-0.0550658320578948 0.0757763740148262 0.0389391841063876 -0.0217048553173948
0.03258385777924 0.103130503887968 0.00552105909995568 -0.103545784602771
0.090613586766114 0.0660621664902377 -0.10645715004479 -0.107814678439823
0.098142693595406 0.0147703853164298 -0.173434573732112 -0.0793388225617769
0.114171463208392 -0.00186440963709444 -0.193342424426431 -0.0653298957930555
0.125666287203072 0.020047627494458 -0.184834515936709 -0.0775841864259683
0.137670445185515 0.0902006230523495 -0.135947566640844 -0.113528386782366
0.0462660792207534 0.165121046500891 -0.0416482357518287 -0.126283867576911
-0.111333520670205 0.147183751864395 0.0162048588408881 -0.0642673443601462
-0.21935735664643 -0.0255699159038098 -0.0644705138138384 -0.0591520750191101
-0.112179401238389 -0.206212008285394 -0.0529152631645581 -0.185899777555207
0.0204589196347043 -0.235129753740956 0.0752858409868845 -0.33393081572728
0.0353845653485736 -0.235153597663359 -0.0455806605919084 -0.148156856385623
-0.0873867430590117 -0.18093166485796 -0.0540741999141998 -0.0719539201238828
-0.171790912471658 -0.0501553565732632 -0.019547628436151 -0.0152390886289708
-0.108943802358723 0.11517410042751 0.0244165748891669 -0.0173017229593685
0.0290049510106331 0.172709767509365 0.0102771465216465 -0.0744862207453875
0.13354175478385 0.122259311892005 -0.07059895670219 -0.0889147842485752
0.160217876753059 0.0452077196612143 -0.12045621011416 -0.0714141321847902
0.17774974706439 0.0209564894433535 -0.131071287971983 -0.0596984952517036
0.186477683929054 0.04635913745949 -0.118952818575986 -0.0663202173594129
0.200520826998454 0.141463680459127 -0.0837428620752127 -0.0807823258993173
0.0738173821565956 0.249133253475699 -0.0217435527510623 -0.0733486046392206
-0.151041472815094 0.22709861496392 0.003766256848922 -0.0321388739721478
-0.326125510169068 -0.0086733083789936 -0.0751243011091194 -0.038959595694848
-0.201834251662242 -0.284886740465423 -0.0538491330924206 -0.137591487441276
-0.000776829614520167 -0.359826693341204 0.0576250291733253 -0.232231840388449
0.039389526127486 -0.307058345821866 -0.0493832810816178 -0.0443339853247561
-0.129485789202801 -0.243075814803389 -0.0175785891164814 -0.0370557292214869
-0.24383373536094 -0.0717504961610472 -0.00438019566518906 -0.0196211331334862
-0.159449371175338 0.155162909260608 0.00551317358062988 -0.0113868668506158
0.0212495801511255 0.23127254105626 0.0125888070790328 -0.0285725884472656
0.162536668543536 0.165619844303505 -0.0211986781988608 -0.0505369263079849
0.201406653233663 0.0692268328467307 -0.0463634223868198 -0.0512003164007703
0.21430287785641 0.039892143397797 -0.0490074388827552 -0.0458423555382858
0.21645276337811 0.0633753738290534 -0.0355167459434275 -0.0477999834172399
0.231819614435442 0.165461348826156 -0.0159448724106084 -0.0416491097245549
0.0964539025566621 0.288489799922692 0.00977268409496903 -0.0123567866161313
-0.156743953438816 0.270706258539544 -0.00386307296619252 0.00850739199059596
-0.371458423615891 0.0196081845650316 -0.0706493111991013 -0.0114224057704699
-0.258602291669411 -0.306890915678102 -0.0368356652363172 -0.0737232229859186
-0.0249614935570828 -0.417043682183772 0.046819442872591 -0.101759869371522
0.0373447775017924 -0.336881078014472 -0.0557738177454069 0.0861744866554687
-0.158511238092974 -0.2756669745647 0.0275536555301517 0.0268558077603675
-0.286136077114897 -0.0813357583191002 0.0175499548923123 -0.0149414214576171
-0.188925399414853 0.175206496609378 -0.0158806845815197 0.00434329763024017
0.0110162758438229 0.25638468883035 0.0146533524845142 0.0347666861647171
0.166380613028644 0.184222103163408 0.0381988459180068 0.00370841001290251
0.212235369070254 0.0819775524428207 0.0391925753544738 -0.0210235611303601
0.217653609870917 0.0535947135194256 0.040991432735549 -0.0244398029491275
0.211645777196171 0.0727990314216819 0.0502368384863505 -0.0254390513525768
0.222077028238083 0.164605587128876 0.0530310615733926 -0.00324940909952708
0.0954401131715612 0.274950968717986 0.0433080599872127 0.0446871200939281
-0.138002008558477 0.254632770922294 -0.00655446506308015 0.0464996147551227
-0.338298893945745 0.0307677534601277 -0.0555059483751858 0.011155985561647
-0.252784298884423 -0.273011325305014 -0.00885823627850055 -0.0120557040930618
-0.0369302466198004 -0.398210755961222 0.0446021297262556 0.0289476896373411
0.0268187310811666 -0.309913440722749 -0.065055289547051 0.221179530486289
-0.155845748769239 -0.254351035153286 0.0704279431103088 0.104843603947274
-0.266344504259497 -0.0736820459897624 0.0371767988183431 0.000504358666918328
-0.176541103887801 0.156651569966303 -0.0365339638423652 0.0271296876840429
-0.000647770714256433 0.229423067079178 0.0168564455512568 0.102477765661182
0.139680689046793 0.167708841632435 0.0979591143196402 0.0628124315298822
0.187683655447565 0.07989338441012 0.123541892137377 0.0133028327657688
0.187719382102644 0.0590715876637327 0.12435008826831 -0.000244264286875883
0.174119706333415 0.0730811715904742 0.12406515710085 -0.000140759696401726
0.171981647151733 0.141816389358882 0.105676787511269 0.0317699746717214
0.0674153293712266 0.217080778783744 0.064627187671393 0.0860549873224926
-0.108154083645435 0.184134019303065 -0.0117983452591293 0.0704998304685654
-0.245084808383734 0.0167928413886833 -0.0368486851178323 0.0207827062384813
-0.190767430415019 -0.204135652508107 0.0169313204043971 0.0309964935431566
-0.0354997032040692 -0.315020202060739 0.045993414972174 0.131739477262914
0.00866777025948376 -0.224956183290792 -0.0733078081221955 0.33315915296567
-0.120440920188514 -0.175079556507156 0.0988061962982855 0.176450092235581
-0.181410384014494 -0.0479049193913939 0.0500422145495775 0.0230933766306418
-0.119925247661475 0.101296005365398 -0.0482351726453598 0.0471846150429982
-0.0101818112527806 0.152567907991816 0.0171028647426884 0.153850749165899
0.0878393753780986 0.118993206643259 0.144758053044361 0.112132230095636
0.131308722711534 0.0650341796079484 0.190156106308009 0.0436087094574601
0.130169933407256 0.0564225817670787 0.189172595805767 0.023610112369563
0.115535107398334 0.0647753887144855 0.174931993919529 0.0272815248733589
0.0996001826204223 0.103722586441117 0.133708775652356 0.0622517213584258
0.025613187784187 0.137567711741899 0.0645089218960705 0.108621336376579
-0.0751716382288543 0.0934413766365161 -0.0226980028035239 0.0740125439916494
-0.131575532463586 -0.00651688322567091 -0.0211126745927982 0.0179131251132468
-0.105683381104505 -0.120204226412387 0.032565814622703 0.0527826539019458
-0.0244262968477065 -0.19675638344737 0.0459581129894382 0.196012318137404
-0.0122567490973126 -0.0960870617849886 -0.0755197308704613 0.398349372762508
-0.0626223198988236 -0.059873875397065 0.111196929212541 0.224656672911931
-0.0618318483079673 -0.00993359687812868 0.0593627866739244 0.0433158261810797
-0.0397527086797981 0.0281495973772906 -0.047287534884058 0.056315045389336
-0.0157096074111518 0.0496975840441008 0.0163887936397996 0.175481425608838
0.0203706369953172 0.0496319213816839 0.169040757460469 0.140824239023027
0.0519641825853145 0.0394070779219902 0.228718220507401 0.0666868027354329
0.0534529792000106 0.0460151855284645 0.224535191401318 0.0434886741444989
0.0434543341428021 0.0454131556226175 0.20030474552709 0.053284261046721
0.0228477309749366 0.0543008705441959 0.13811192828413 0.0866732020907254
-0.0110979344207476 0.0533613696760096 0.0484532095101927 0.115752986690756
-0.0376773550735496 0.0146503819170052 -0.0351179643114987 0.0635291702073578
-0.0296347725770183 -0.0164857131366068 -0.00704061807200954 0.0081128975098779
-0.0298281939087353 -0.0337522996372982 0.038434733889386 0.0595925775428338
-0.0158892880077105 -0.0667213481305194 0.0418043703553564 0.219642376193042
