TRXV5
3
4
4
9
string Extension=J
integer IsArchMeasurement=1
integer IsSpherical=1
string Generator=SPM
string GeneratorVersion=1.3.1 Dev
double ArchRadius=0.449999988079071
integer FrequencyAxisIndex=0
integer AzimuthAxisIndex=1
integer ElevationAxisIndex=2
Frequency
5 136 690000000 960000000 LIN
Azimuth
7 8 0 2.74889357189107 LIN
Elevation
7 15 -2.74889357189107 2.74889357189107 LIN
Polar H Real Part
13
Polar H Imaginary Part
14
Polar V Real Part
13
Polar V Imaginary Part
14
Polar H Magnitude (dB)
12 0xC0000002 0 1
Polar H Phase
7 0xC0000003 0 1
Polar V Magnitude (dB)
12 0xC0000002 2 3
Polar V Phase
7 0xC0000003 2 3
-0.0193920135498047 0.00996780395507812 0.0265884399414063 0.0133533477783203
0.000488281249999998 0.018829345703125 0.00896930694580078 0.00873661041259766
0.00848722457885742 0.00600194931030274 0.000926971435546876 0.012822151184082
0.0079808235168457 0.000119686126708984 0.0107231140136719 0.0184783935546875
0.00738143920898438 -0.00425004959106445 0.0204277038574219 0.0130691528320313
0.00454902648925781 -0.00946426391601563 0.0242843627929688 0.00327682495117187
0.00330257415771484 -0.00837802886962891 0.0223464965820313 0.0003662109375
0.00362157821655273 -0.00747919082641602 0.0164937973022461 0.00133991241455078
0.00786542892456055 -0.00836753845214844 0.00947093963623047 0.00419902801513672
0.0118589401245117 -0.000836372375488281 0.0013890266418457 0.00348424911499023
0.00976657867431641 0.00905132293701172 -0.00391101837158203 -0.00670719146728516
0.00136566162109375 0.0136499404907227 0.00458908081054688 -0.0150089263916016
-0.0107650756835938 0.0102567672729492 0.0248737335205078 -0.0125007629394531
-0.0174016952514648 0.00594902038574219 0.0279731750488281 0.00177383422851563
-0.0252819061279297 -0.00101470947265625 0.00945472717285156 0.00473594665527344
-0.0270805358886719 0.00499343872070313 0.0188350677490234 0.0169448852539063
-0.00855064392089844 0.0178012847900391 0.00256443023681641 0.0137491226196289
0.00204181671142578 0.00988292694091797 -0.000774383544921873 0.0181255340576172
0.00560474395751953 0.00643253326416016 0.00986671447753906 0.0224571228027344
0.00868320465087891 0.00194978713989258 0.0192451477050781 0.0162353515625
0.00975322723388672 -0.00397872924804688 0.0234889984130859 0.00652122497558594
0.00964546203613281 -0.00470447540283203 0.020721435546875 0.00354957580566406
0.00914859771728516 -0.00398540496826172 0.0139436721801758 0.00368404388427734
0.0133581161499023 -0.00417041778564453 0.00550651550292969 0.0064544677734375
0.015869140625 0.00432491302490234 -0.00298261642456055 0.0050196647644043
0.0108804702758789 0.0148258209228516 -0.00874805450439453 -0.00647449493408203
-0.000137329101562499 0.0195579528808594 -0.000680923461914064 -0.0158586502075195
-0.0159616470336914 0.0133457183837891 0.0194721221923828 -0.0145416259765625
-0.0241413116455078 0.00503921508789063 0.0190181732177734 0.000429153442382813
-0.0319232940673828 -0.00406265258789062 -0.000302791595458986 0.00318741798400879
-0.0312976837158203 -0.00223731994628907 0.00730705261230469 0.0176849365234375
-0.0184268951416016 0.0139389038085938 -0.00720119476318359 0.0173444747924805
-0.00640201568603515 0.0123624801635742 -0.00554656982421875 0.0237369537353516
0.00052928924560547 0.0136871337890625 0.007781982421875 0.0266151428222656
0.00844955444335938 0.00952339172363281 0.0174026489257813 0.0183086395263672
0.0138864517211914 0.00306415557861328 0.0213203430175781 0.00924873352050781
0.0145635604858398 -0.000811576843261719 0.0163993835449219 0.0054168701171875
0.0126743316650391 5.81741333007813E-05 0.00912666320800781 0.00611495971679688
0.0166110992431641 -2.86102294921875E-06 -1.85966491699215E-05 0.00832223892211914
0.017521858215332 0.00804805755615234 -0.00847959518432617 0.00626802444458008
0.0108184814453125 0.017852783203125 -0.0137300491333008 -0.00579547882080078
-0.00125503540039063 0.0216178894042969 -0.00582122802734375 -0.0153322219848633
-0.0179252624511719 0.0147380828857422 0.0122003555297852 -0.0154533386230469
-0.0260467529296875 0.00483894348144532 0.00864362716674805 5.29289245605472E-05
-0.0339336395263672 -0.00648307800292969 -0.0107536315917969 0.0012054443359375
-0.0304775238037109 -0.00832557678222657 -0.00506114959716797 0.0150279998779297
-0.0240573883056641 0.00739097595214844 -0.0188846588134766 0.0178108215332031
-0.0143909454345703 0.0124931335449219 -0.0120201110839844 0.0268783569335938
-0.00506210327148438 0.0179920196533203 0.00403213500976562 0.0288829803466797
0.00603389739990234 0.0156478881835938 0.0134792327880859 0.0190486907958984
0.0152521133422852 0.00985145568847656 0.0167856216430664 0.0100870132446289
0.017486572265625 0.00412940979003906 0.00989246368408203 0.00608062744140625
0.0145235061645508 0.00358486175537109 0.00242280960083008 0.00674057006835938
0.0171823501586914 0.00406742095947266 -0.0058746337890625 0.00903797149658203
0.0166406631469727 0.010467529296875 -0.0137434005737305 0.00654315948486328
0.00889682769775391 0.0175600051879883 -0.018096923828125 -0.00440025329589843
-0.001922607421875 0.0207176208496094 -0.00994586944580078 -0.0138139724731445
-0.016718864440918 0.0139236450195313 0.00575065612792968 -0.0133419036865234
-0.0240840911865234 0.00330734252929687 -0.000925302505493166 0.00112926959991455
-0.0314750671386719 -0.00842475891113281 -0.0212860107421875 -0.000305175781250004
-0.0252857208251953 -0.0128459930419922 -0.0164012908935547 0.00922966003417969
-0.0240459442138672 0.00038337707519531 -0.0296764373779297 0.0147018432617187
-0.0189228057861328 0.00944328308105469 -0.018951416015625 0.0275249481201172
-0.0101757049560547 0.0182361602783203 -0.000722885131835939 0.027679443359375
0.00269699096679687 0.01806640625 0.00933742523193359 0.0163679122924805
0.0132551193237305 0.0144491195678711 0.0102071762084961 0.00802230834960938
0.0163793563842773 0.00797462463378906 0.00239944458007813 0.00555753707885742
0.0130090713500977 0.00691509246826172 -0.00467300415039062 0.00646543502807617
0.0152759552001953 0.00727653503417969 -0.0114097595214844 0.00937652587890625
0.013554573059082 0.0119514465332031 -0.0176143646240234 0.00651168823242188
0.00642490386962891 0.0170803070068359 -0.0207805633544922 -0.00392723083496094
-0.00377273559570312 0.0181598663330078 -0.0120639801025391 -0.0117025375366211
-0.0157737731933594 0.00977802276611328 0.00192165374755859 -0.0102529525756836
-0.0201072692871094 -0.000638961791992187 -0.00874805450439453 0.00480127334594726
-0.0260486602783203 -0.0117664337158203 -0.0301017761230469 -0.00172996520996094
-0.0143804550170898 -0.0139532089233398 -0.0231037139892578 0.00345802307128906
-0.0171575546264648 -0.00474166870117188 -0.0361518859863281 0.00925064086914062
-0.016693115234375 0.00372314453125 -0.0241527557373047 0.0235595703125
-0.0115594863891602 0.0127286911010742 -0.00486373901367187 0.0237178802490234
-0.00136566162109375 0.0153713226318359 0.00416088104248047 0.0127668380737305
0.00840950012207031 0.014439582824707 0.00351381301879883 0.0053715705871582
0.0123443603515625 0.010371208190918 -0.00450897216796875 0.00336170196533203
0.00994491577148438 0.00836563110351563 -0.0108251571655273 0.00513362884521484
0.0114917755126953 0.00918197631835938 -0.0165681838989258 0.00760841369628907
0.00939750671386719 0.0124616622924805 -0.0206851959228516 0.00433349609375
0.00254726409912109 0.0153007507324219 -0.0209808349609375 -0.00426864624023437
-0.0066976547241211 0.015009880065918 -0.0121097564697266 -0.0109157562255859
-0.0155048370361328 0.00483036041259765 -0.00155448913574219 -0.00755977630615234
-0.0157232284545898 -0.00567913055419922 -0.0132980346679688 0.00482559204101562
-0.0170688629150391 -0.0152225494384766 -0.0344753265380859 -0.00482940673828125
-0.00158977508544922 -0.0104923248291016 -0.0259056091308594 -0.002105712890625
-0.00396060943603516 -0.00592851638793945 -0.0377006530761719 0.00423049926757812
-0.00856494903564453 -0.0023961067199707 -0.0261039733886719 0.0199718475341797
-0.00912952423095703 0.00395965576171875 -0.00643730163574219 0.0192527770996094
-0.00422811508178711 0.0078125 0.00201940536499023 0.00715398788452149
0.000738143920898438 0.0111970901489258 -0.00202727317810059 0.000614404678344727
0.00519847869873047 0.0109224319458008 -0.0101566314697266 0.000603675842285158
0.00474739074707031 0.00931739807128906 -0.0156040191650391 0.00307178497314453
0.00585365295410156 0.00977611541748047 -0.0198612213134766 0.00570106506347657
0.00408935546875 0.0121040344238281 -0.0228862762451172 0.00249671936035156
-0.00073528289794922 0.0135641098022461 -0.0220355987548828 -0.00561714172363281
-0.00913238525390625 0.0118923187255859 -0.0123147964477539 -0.0114641189575195
-0.0154857635498047 -0.000970840454101562 -0.00176763534545898 -0.00724315643310547
-0.0103168487548828 -0.0113458633422852 -0.0148897171020508 0.00466251373291015
-0.00783920288085938 -0.0185661315917969 -0.0368423461914063 -0.00786972045898437
0.0108308792114258 -0.00678920745849609 -0.0215282440185547 -0.00393486022949219
0.00838279724121094 -0.00599956512451172 -0.0336074829101562 0.00143814086914063
0.00155878067016601 -0.00715541839599609 -0.02459716796875 0.0166225433349609
-0.00438642501831055 -0.00551557540893555 -0.00626564025878906 0.0154190063476563
-0.00596952438354492 -0.00104522705078125 0.00141000747680664 0.00500297546386719
-0.0063323974609375 0.00579547882080078 -0.00384092330932617 -0.00213932991027832
-0.00234413146972656 0.00964164733886719 -0.0121431350708008 -0.0023508071899414
-0.000888347625732421 0.00830602645874024 -0.0182514190673828 0.000425338745117192
0.0006256103515625 0.00882720947265625 -0.0223293304443359 0.00209617614746094
-0.000230789184570313 0.0100603103637695 -0.0238876342773438 -0.00166702270507813
-0.00372886657714844 0.0100078582763672 -0.0212020874023438 -0.00876617431640625
-0.00982475280761719 0.00746345520019531 -0.0115814208984375 -0.0128345489501953
-0.0137853622436523 -0.00439453125 -0.00300884246826172 -0.00946807861328125
-0.00496482849121094 -0.0147409439086914 -0.0146293640136719 -0.00144386291503906
0.00209808349609375 -0.0195465087890625 -0.0339698791503906 -0.0130691528320312
-0.0193271636962891 0.0137653350830078 0.0300979614257812 0.014923095703125
0.00359344482421875 0.0203857421875 0.0121059417724609 0.00976753234863281
0.0109748840332031 0.00485610961914063 0.00242042541503906 0.0129280090332031
0.00940418243408203 -0.00203990936279297 0.0118389129638672 0.0185489654541016
0.00718879699707031 -0.00669765472412109 0.0219631195068359 0.0131702423095703
0.00279808044433594 -0.0113840103149414 0.0264949798583984 0.00272750854492187
0.00164031982421875 -0.00984382629394531 0.0242099761962891 -0.000408172607421876
0.00223398208618164 -0.00850439071655274 0.0187416076660156 0.0010528564453125
0.00660324096679688 -0.0108928680419922 0.0108604431152344 0.00508785247802734
0.0127153396606445 -0.00319004058837891 0.00267553329467774 0.00541305541992187
0.0127620697021484 0.00791645050048828 -0.00451564788818359 -0.00537347793579102
0.00432109832763672 0.0144758224487305 0.00316905975341797 -0.0150642395019531
-0.0102014541625977 0.0136327743530273 0.0253124237060547 -0.0152587890625
-0.0189418792724609 0.0101032257080078 0.0307445526123047 0.000196456909179688
-0.0285873413085938 0.00322532653808594 0.0114145278930664 0.00618743896484375
-0.0279197692871094 0.00811004638671876 0.0219573974609375 0.0193748474121094
-0.00707817077636719 0.0201187133789063 0.00538063049316406 0.0157279968261719
0.00368118286132813 0.00963020324707031 0.000598907470703126 0.0189208984375
0.00621414184570313 0.00530338287353516 0.0113029479980469 0.0237064361572266
0.00859260559082031 0.000725269317626953 0.0219058990478516 0.0164966583251953
0.00919151306152344 -0.00573253631591797 0.0262908935546875 0.00679206848144531
0.00911140441894531 -0.00605869293212891 0.0235214233398437 0.00346183776855469
0.00865411758422852 -0.00467205047607422 0.0167236328125 0.00409412384033203
0.0133457183837891 -0.00581741333007813 0.00802373886108398 0.00813770294189453
0.0171594619750977 0.00281906127929688 -0.00167274475097656 0.0072932243347168
0.0133180618286133 0.0145177841186523 -0.00951671600341797 -0.00413799285888672
0.00167655944824219 0.02117919921875 -0.00239753723144531 -0.0151052474975586
-0.016688346862793 0.016204833984375 0.0188827514648438 -0.0164337158203125
-0.0271205902099609 0.00813865661621093 0.0211372375488281 -0.000242233276367187
-0.0357093811035156 -0.000663757324218756 0.000567436218261717 0.00559902191162109
-0.0335102081298828 3.81469726561982E-06 0.0100269317626953 0.0212974548339844
-0.0184288024902344 0.0152187347412109 -0.00511550903320313 0.0207252502441406
-0.00597286224365234 0.0133113861083984 -0.00361824035644531 0.0255699157714844
0.00153446197509765 0.0135812759399414 0.00985336303710937 0.0281410217285156
0.00890064239501953 0.00901603698730469 0.0198307037353516 0.0192432403564453
0.0143632888793945 0.00204086303710938 0.0242900848388672 0.00960922241210938
0.0155401229858398 -0.00128078460693359 0.0193367004394531 0.00583076477050781
0.013493537902832 -0.000432014465332031 0.0118303298950195 0.00658988952636719
0.0177268981933594 -0.000568389892578125 0.00247955322265625 0.0101633071899414
0.0192775726318359 0.00740242004394531 -0.00715827941894531 0.00898456573486328
0.012786865234375 0.0182704925537109 -0.0144948959350586 -0.00302696228027344
0.000329971313476561 0.02349853515625 -0.00798892974853515 -0.0141544342041016
-0.0183639526367188 0.0176334381103516 0.0113897323608398 -0.0164566040039063
-0.0296611785888672 0.00670814514160156 0.0100574493408203 0.000460624694824219
-0.0383033752441406 -0.00450515747070312 -0.0111532211303711 0.00433063507080078
-0.0332221984863281 -0.00858688354492188 -0.00413322448730469 0.0195140838623047
-0.0262432098388672 0.00768280029296875 -0.0176906585693359 0.0219783782958984
-0.0153093338012695 0.0136842727661133 -0.00983619689941406 0.0298500061035156
-0.00532913208007812 0.0191555023193359 0.00582122802734375 0.0306301116943359
0.00677776336669922 0.0159759521484375 0.0157642364501953 0.0201282501220703
0.0168247222900391 0.0102462768554688 0.0195560455322266 0.0103378295898438
0.0192184448242188 0.00413131713867188 0.0128498077392578 0.00643157958984375
0.015812873840332 0.00408744812011719 0.00488424301147461 0.00767803192138672
0.0186347961425781 0.00417709350585938 -0.00380611419677734 0.011021614074707
0.0187454223632813 0.0110111236572266 -0.0122451782226562 0.00946235656738281
0.0104293823242188 0.0191059112548828 -0.0183925628662109 -0.00161933898925782
-0.0013885498046875 0.0229320526123047 -0.0115013122558594 -0.0121822357177734
-0.0181179046630859 0.015960693359375 0.00464916229248047 -0.0139293670654297
-0.0278987884521484 0.00421905517578126 -0.000823974609375002 0.00306487083435059
-0.0358200073242188 -0.008026123046875 -0.0228519439697266 0.00287055969238282
-0.0281181335449219 -0.0145664215087891 -0.0172605514526367 0.0133523941040039
-0.027069091796875 -0.000249862670898443 -0.0302410125732422 0.0190277099609375
-0.0213603973388672 0.0100803375244141 -0.0177955627441406 0.0307044982910156
-0.0113010406494141 0.020599365234375 0.00104522705078125 0.0302600860595703
0.00317955017089844 0.0200557708740234 0.0109653472900391 0.0176372528076172
0.0148754119873047 0.0158014297485352 0.0119733810424805 0.00868415832519531
0.0191230773925781 0.0088653564453125 0.00388050079345703 0.00595998764038086
0.0152883529663086 0.00781440734863281 -0.00314903259277344 0.00750541687011719
0.0174665451049805 0.00831317901611328 -0.00948143005371094 0.0113248825073242
0.0157079696655273 0.0132417678833008 -0.0169305801391602 0.00977039337158203
0.00736618041992187 0.0188159942626953 -0.0214061737060547 -0.00109672546386718
-0.00425148010253906 0.0210552215576172 -0.0132427215576172 -0.0104055404663086
-0.0184955596923828 0.0116825103759766 0.000696182250976562 -0.00984764099121094
-0.0242118835449219 -0.000879287719726565 -0.00875425338745117 0.00681781768798828
-0.0302104949951172 -0.0130424499511719 -0.0322227478027344 0.00113105773925781
-0.0162448883056641 -0.0170383453369141 -0.0253372192382813 0.00670242309570313
-0.0201416015625 -0.00732994079589844 -0.0378227233886719 0.0131683349609375
-0.0196704864501953 0.00332260131835938 -0.0238323211669922 0.0270175933837891
-0.0138044357299805 0.0149812698364258 -0.00371170043945313 0.0259151458740234
-0.00174331665039062 0.0178966522216797 0.00568866729736328 0.0133523941040039
0.0101165771484375 0.0176620483398438 0.00478315353393555 0.00539875030517578
0.0146770477294922 0.012110710144043 -0.0040748119354248 0.0037384033203125
0.0125522613525391 0.0101356506347656 -0.0102901458740234 0.00580978393554688
0.0140018463134766 0.0108451843261719 -0.0157270431518555 0.00923728942871094
0.0118722915649414 0.0149869918823242 -0.0200672149658203 0.00649833679199219
0.00333976745605469 0.0179824829101563 -0.02142333984375 -0.00210762023925781
-0.00771522521972656 0.01812744140625 -0.0129156112670898 -0.00919246673583984
-0.0186271667480469 0.00605392456054688 -0.00180482864379883 -0.00688505172729492
-0.0195121765136719 -0.00714874267578125 -0.0141668319702148 0.00677299499511719
-0.0208034515380859 -0.0179481506347656 -0.0376319885253906 -0.00250625610351562
-0.0015869140625 -0.0144138336181641 -0.0294456481933594 -0.000120162963867195
-0.00599098205566406 -0.0099325180053711 -0.0403900146484375 0.00736236572265626
-0.0114107131958008 -0.00399589538574219 -0.0259513854980469 0.0236606597900391
-0.0120906829833984 0.00524997711181641 -0.00555419921875 0.0201644897460938
-0.00589179992675781 0.0100831985473633 0.00260305404663086 0.00768041610717774
0.00166988372802734 0.0146541595458984 -0.001922607421875 0.000716209411621094
0.00785636901855469 0.0135116577148438 -0.0108203887939453 0.00137805938720703
0.00731754302978516 0.011408805847168 -0.0169687271118164 0.00403213500976562
0.009002685546875 0.0118331909179687 -0.0202808380126953 0.00726890563964844
0.00622653961181641 0.0150995254516602 -0.0230617523193359 0.00373840332031251
-0.000200271606445311 0.0160903930664063 -0.0228099822998047 -0.00446701049804687
-0.0102634429931641 0.0144290924072266 -0.0126800537109375 -0.0106124877929688
-0.0188789367675781 0.000801086425781251 -0.00242233276367188 -0.00674772262573242
-0.014460563659668 -0.0132350921630859 -0.0160655975341797 0.00577926635742187
-0.0109310150146484 -0.0217437744140625 -0.0402641296386719 -0.00643539428710938
0.0126438140869141 -0.010645866394043 -0.0248508453369141 -0.00315284729003906
0.00834083557128906 -0.0108184814453125 -0.036224365234375 0.00347518920898437
-0.000584602355957032 -0.00962543487548828 -0.0244979858398438 0.0193080902099609
-0.00726222991943359 -0.00587749481201172 -0.00528621673583984 0.0165309906005859
-0.00824213027954102 0.000323772430419923 0.00250577926635742 0.00411462783813477
-0.00639057159423828 0.00881385803222656 -0.00415849685668945 -0.00297474861145019
-0.000406265258789061 0.0121536254882813 -0.0139617919921875 -0.00244998931884766
0.00118255615234375 0.0106258392333984 -0.0199375152587891 0.00133132934570313
0.00264358520507813 0.0109739303588867 -0.0230922698974609 0.00325775146484375
0.00152587890625 0.0124998092651367 -0.0244960784912109 -0.00078010559082031
-0.00294017791748047 0.0127553939819336 -0.0224456787109375 -0.00798225402832031
-0.0108251571655273 0.0102910995483398 -0.0124073028564453 -0.0128517150878906
-0.0169610977172852 -0.0035858154296875 -0.00403594970703125 -0.00917625427246094
-0.00839614868164063 -0.0171260833740234 -0.0164823532104492 -0.000652313232421877
-0.000623703002929685 -0.0235080718994141 -0.037567138671875 -0.0134124755859375
-0.0174484252929687 0.0171918869018555 0.0338344573974609 0.0153617858886719
0.00734329223632813 0.0210533142089844 0.0147848129272461 0.00961399078369141
0.0133523941040039 0.00278186798095703 0.00368404388427734 0.0125055313110352
0.00986766815185547 -0.00464439392089844 0.0125389099121094 0.0187778472900391
0.00556182861328125 -0.00861501693725586 0.0236644744873047 0.0127067565917969
0.000186920166015626 -0.0131063461303711 0.0272216796875 0.00263023376464844
-0.000420570373535157 -0.0107221603393555 0.0266151428222656 -0.00120925903320313
0.000827789306640624 -0.00968170166015625 0.0208892822265625 0.000406265258789062
0.00476741790771484 -0.012481689453125 0.0132503509521484 0.00494480133056641
0.0127506256103516 -0.00612449645996094 0.00449085235595703 0.00656032562255859
0.0149354934692383 0.00605964660644531 -0.00458288192749023 -0.00335693359375
0.00728130340576172 0.0146188735961914 0.00180149078369141 -0.0144729614257813
-0.00821876525878906 0.0162668228149414 0.0242214202880859 -0.0170688629150391
-0.0190181732177734 0.0141830444335937 0.0328598022460938 -0.00171279907226562
-0.0294742584228516 0.00791358947753906 0.0140047073364258 0.00745105743408203
-0.0277080535888672 0.0112590789794922 0.0257835388183594 0.0212612152099609
-0.00452613830566406 0.020751953125 0.00887012481689453 0.0165882110595703
0.00517749786376953 0.00843143463134765 0.00238418579101562 0.0192165374755859
0.00699758529663086 0.00363016128540039 0.0130348205566406 0.0239582061767578
0.00816059112548828 -0.000659942626953125 0.0236358642578125 0.0168075561523438
0.00782155990600586 -0.0066981315612793 0.0285224914550781 0.00621795654296875
0.00818300247192383 -0.00724697113037109 0.0261898040771484 0.0023040771484375
0.00780200958251953 -0.00538158416748047 0.0194110870361328 0.00406646728515625
0.0126218795776367 -0.00742244720458984 0.0113077163696289 0.00888442993164063
0.0175209045410156 0.000899314880371094 0.000826835632324221 0.00942516326904297
0.0153751373291016 0.0137929916381836 -0.00931453704833984 -0.00159454345703125
0.0043487548828125 0.0216770172119141 -0.00376129150390625 -0.0135459899902344
-0.0154800415039063 0.0194454193115234 0.0176868438720703 -0.0176181793212891
-0.028228759765625 0.0119705200195312 0.0228443145751953 -0.00100326538085937
-0.0379295349121094 0.00329971313476563 0.00266790390014648 0.00788354873657227
-0.0343418121337891 0.00176429748535156 0.0133647918701172 0.0242290496826172
-0.0179462432861328 0.0160121917724609 -0.00159835815429688 0.0222759246826172
-0.00543403625488281 0.0131282806396484 -0.00108718872070313 0.025726318359375
0.00167083740234375 0.0136184692382813 0.0118293762207031 0.0286369323730469
0.00863790512084961 0.00844955444335938 0.0222034454345703 0.0196952819824219
0.0140838623046875 0.00187492370605469 0.0269851684570313 0.00891304016113281
0.0156078338623047 -0.00216293334960938 0.0224838256835938 0.0051116943359375
0.0139036178588867 -0.000911712646484375 0.0145683288574219 0.00622272491455078
0.0178794860839844 -0.00171089172363281 0.00606155395507813 0.0112161636352539
0.0203151702880859 0.00630378723144531 -0.00417613983154297 0.0111846923828125
0.0146694183349609 0.0179786682128906 -0.0139789581298828 -0.000186920166015624
0.00263786315917969 0.0253791809082031 -0.00905513763427734 -0.0118045806884766
-0.0182094573974609 0.0201053619384766 0.00978946685791015 -0.0167160034179687
-0.0314960479736328 0.00938034057617187 0.011077880859375 0.000935554504394532
-0.0412254333496094 -0.00149154663085938 -0.0104246139526367 0.00761318206787109
-0.0358352661132813 -0.00791549682617187 -0.00139045715332031 0.0235671997070313
-0.0276260375976562 0.00847434997558594 -0.0149765014648437 0.0248489379882813
-0.0162668228149414 0.0143814086914062 -0.00761032104492188 0.0310516357421875
-0.00536727905273438 0.0205192565917969 0.00809860229492188 0.0315036773681641
0.00740814208984375 0.0171003341674805 0.0185070037841797 0.0207233428955078
0.0179462432861328 0.0102005004882813 0.0222244262695313 0.0101032257080078
0.0209808349609375 0.00357627868652344 0.0154132843017578 0.00638675689697266
0.0175313949584961 0.00415706634521484 0.00768136978149414 0.0080723762512207
0.0205345153808594 0.00354194641113281 -0.000144958496093748 0.0119562149047852
0.0205020904541016 0.0108261108398438 -0.00927257537841797 0.0122499465942383
0.0121536254882813 0.0202503204345703 -0.0175361633300781 0.00139522552490235
-0.000194549560546877 0.0252323150634766 -0.012298583984375 -0.0093393325805664
-0.019134521484375 0.0180149078369141 0.00387382507324219 -0.0132036209106445
-0.0305690765380859 0.00575828552246094 0.000399827957153318 0.00432133674621582
-0.0392189025878906 -0.00640869140625001 -0.0222949981689453 0.00679969787597656
-0.0309696197509766 -0.0157546997070313 -0.0167274475097656 0.0179786682128906
-0.0301589965820313 -0.00057601928710938 -0.0289096832275391 0.0231266021728516
-0.0229034423828125 0.0114860534667969 -0.0154571533203125 0.0332794189453125
-0.0118122100830078 0.0225830078125 0.00309944152832031 0.0307979583740234
0.00368118286132813 0.0217971801757812 0.0129661560058594 0.0181312561035156
0.017430305480957 0.0167512893676758 0.0142583847045898 0.00868797302246094
0.0218944549560547 0.00870895385742188 0.00595140457153321 0.00612974166870117
0.0176982879638672 0.00822830200195313 -0.00109004974365234 0.00822734832763672
0.0201148986816406 0.00879287719726563 -0.00712776184082031 0.0122823715209961
0.0183734893798828 0.0145092010498047 -0.0143022537231445 0.0113525390625
0.00884437561035156 0.0206928253173828 -0.0200290679931641 0.001800537109375
-0.00348854064941406 0.0237998962402344 -0.0136041641235352 -0.00832176208496093
-0.0204296112060547 0.0135726928710938 0.000361442565917968 -0.00908756256103515
-0.0277423858642578 -0.000207901000976559 -0.0078277587890625 0.00888347625732422
-0.0343551635742188 -0.0126323699951172 -0.0322914123535156 0.00556373596191406
-0.0189990997314453 -0.0198516845703125 -0.0263767242431641 0.0103836059570313
-0.0234451293945313 -0.00904083251953125 -0.0380897521972656 0.0173759460449219
-0.0226860046386719 0.00390052795410156 -0.0215549468994141 0.0298748016357422
-0.0156393051147461 0.0173854827880859 -0.0027313232421875 0.0270004272460938
-0.00139045715332031 0.0206623077392578 0.00697898864746094 0.0133514404296875
0.0122299194335938 0.0195960998535156 0.00614738464355469 0.00559616088867188
0.0182704925537109 0.0122013092041016 -0.00313401222229004 0.00395321846008301
0.0155391693115234 0.0109176635742188 -0.00933265686035156 0.00689315795898437
0.016932487487793 0.0118989944458008 -0.0142765045166016 0.0102472305297852
0.0146493911743164 0.0165700912475586 -0.0185985565185547 0.00817108154296876
0.0051116943359375 0.0207843780517578 -0.0208721160888672 -0.000417709350585932
-0.00730514526367188 0.0211772918701172 -0.0129404067993164 -0.00747108459472656
-0.0209541320800781 0.00836753845214844 -0.001739501953125 -0.00586700439453125
-0.0238361358642578 -0.00703239440917968 -0.0134963989257812 0.00909519195556641
-0.0253810882568359 -0.0191726684570312 -0.0390739440917969 0.000778198242187493
-0.00335121154785156 -0.0186519622802734 -0.0307350158691406 0.00251579284667969
-0.00875949859619141 -0.0131750106811523 -0.0416221618652344 0.010955810546875
-0.0144901275634766 -0.00459575653076172 -0.0244388580322266 0.0261096954345703
-0.0145473480224609 0.00702476501464844 -0.004119873046875 0.0210056304931641
-0.00650882720947266 0.0129222869873047 0.00359106063842773 0.00685977935791016
0.00413799285888672 0.0173206329345703 -0.00179016590118408 0.000633001327514649
0.0117788314819336 0.0144186019897461 -0.0112829208374023 0.000970840454101561
0.0103797912597656 0.0126447677612305 -0.0166664123535156 0.00542354583740234
0.0119161605834961 0.013279914855957 -0.0194740295410156 0.00808906555175782
0.00977420806884766 0.0165872573852539 -0.0226383209228516 0.00481033325195312
0.0015106201171875 0.0190048217773438 -0.0223789215087891 -0.00280952453613281
-0.00992202758789063 0.0182838439941406 -0.0130033493041992 -0.00916194915771484
-0.0214767456054688 0.00288581848144531 -0.00274658203125 -0.00619029998779297
-0.0188236236572266 -0.0142326354980469 -0.0164899826049805 0.00732421875
-0.0154495239257812 -0.0246181488037109 -0.0427436828613281 -0.00434875488281251
0.012354850769043 -0.0150003433227539 -0.0271434783935547 -0.00244903564453125
0.0066375732421875 -0.014348030090332 -0.0379791259765625 0.00618362426757813
-0.00266456604003906 -0.0114240646362305 -0.0226058959960937 0.021636962890625
-0.00986385345458984 -0.00485324859619141 -0.00443553924560547 0.0165901184082031
-0.00968551635742188 0.00302696228027344 0.00229692459106445 0.0030524730682373
-0.00506305694580078 0.0123081207275391 -0.00518560409545899 -0.00360536575317383
0.00264930725097656 0.0136480331420898 -0.0154886245727539 -0.00259017944335937
0.00405120849609375 0.0117340087890625 -0.0213756561279297 0.00185394287109375
0.00538539886474609 0.0124826431274414 -0.0243320465087891 0.00393104553222657
0.00423526763916016 0.0144109725952148 -0.0251445770263672 -0.000373840332031252
-0.00155067443847656 0.0151166915893555 -0.0230484008789063 -0.00692558288574219
-0.0106344223022461 0.01348876953125 -0.0132369995117187 -0.0119791030883789
-0.0190830230712891 -0.00114822387695312 -0.00449562072753906 -0.00855588912963867
-0.0125331878662109 -0.0181713104248047 -0.0178928375244141 0.000574111938476561
-0.003204345703125 -0.0266456604003906 -0.0407142639160156 -0.0126228332519531
-0.0143451690673828 0.0195751190185547 0.0370445251464844 0.0156364440917969
0.0108051300048828 0.0200462341308594 0.0172481536865234 0.00904083251953125
0.0141716003417969 0.000916481018066406 0.00424671173095703 0.0121021270751953
0.00928592681884766 -0.00658416748046875 0.0131969451904297 0.0187053680419922
0.00407981872558594 -0.00980854034423828 0.0240955352783203 0.0130043029785156
-0.00237751007080078 -0.0131759643554688 0.0282707214355469 0.00223922729492187
-0.00235557556152344 -0.0103635787963867 0.0281925201416016 -0.00223541259765625
-0.000920295715332031 -0.0093536376953125 0.0231952667236328 -0.000427246093750001
0.0023345947265625 -0.0132656097412109 0.0159082412719727 0.00464630126953125
0.0114822387695312 -0.00843143463134765 0.0066990852355957 0.0072026252746582
0.0157032012939453 0.00326824188232422 -0.00357842445373535 -0.00165033340454102
0.00961399078369141 0.013453483581543 0.00138187408447266 -0.0129432678222656
-0.00593948364257813 0.0184898376464844 0.0231952667236328 -0.01763916015625
-0.0180454254150391 0.017974853515625 0.0343894958496094 -0.00301170349121094
-0.0289192199707031 0.0122756958007813 0.0171604156494141 0.0079193115234375
-0.0262699127197266 0.0128078460693359 0.0297527313232422 0.0226325988769531
-0.00299072265625 0.0205535888671875 0.0117826461791992 0.016657829284668
0.00590372085571289 0.00713253021240234 0.00375175476074219 0.0188922882080078
0.00655412673950195 0.00279855728149414 0.0140323638916016 0.0240879058837891
0.00671720504760742 -0.00177669525146484 0.0247783660888672 0.0167217254638672
0.00589561462402344 -0.00711202621459961 0.0303516387939453 0.005279541015625
0.0073542594909668 -0.007537841796875 0.0285911560058594 0.0013580322265625
0.00748920440673828 -0.00589513778686523 0.0220565795898437 0.00275039672851562
0.0111713409423828 -0.00805950164794922 0.0143308639526367 0.00845146179199219
0.0175933837890625 -0.000797271728515625 0.00374603271484375 0.0104913711547852
0.0167407989501953 0.0122175216674805 -0.00762367248535156 0.000852108001708985
0.00648117065429688 0.02203369140625 -0.00395393371582031 -0.0111637115478516
-0.0138816833496094 0.0215263366699219 0.0165596008300781 -0.0179023742675781
-0.0283718109130859 0.0154342651367188 0.0240516662597656 -0.00177192687988281
-0.038818359375 0.00683212280273438 0.00541305541992187 0.00948810577392578
-0.0349140167236328 0.00327491760253907 0.0170230865478516 0.0263118743896484
-0.0176715850830078 0.0167388916015625 0.00154495239257812 0.0232143402099609
-0.00562286376953125 0.0126705169677734 0.000623703002929687 0.0253486633300781
0.00153446197509766 0.0135622024536133 0.0129833221435547 0.0290660858154297
0.00853061676025391 0.00871515274047852 0.0241947174072266 0.0194263458251953
0.0139036178588867 0.00136661529541016 0.0292167663574219 0.00827598571777344
0.0158824920654297 -0.00231266021728516 0.0249595642089844 0.00427436828613281
0.0144987106323242 -0.00116443634033203 0.0175895690917969 0.00560569763183594
0.0183067321777344 -0.00226974487304688 0.00929355621337891 0.0108575820922852
0.021087646484375 0.00574493408203125 -0.00106620788574218 0.0124263763427734
0.0163593292236328 0.0176010131835938 -0.0120620727539062 0.00245285034179688
0.00364112854003906 0.0257587432861328 -0.00870323181152344 -0.00970363616943359
-0.0180683135986328 0.0223331451416016 0.00911808013916015 -0.0160388946533203
-0.0329399108886719 0.0125789642333984 0.0126285552978516 0.00117301940917969
-0.0429306030273438 0.00153732299804687 -0.00795269012451172 0.0104217529296875
-0.0379257202148438 -0.00761795043945312 0.00148391723632812 0.0264434814453125
-0.0288944244384766 0.00933074951171874 -0.0116672515869141 0.0268478393554688
-0.0169668197631836 0.0149936676025391 -0.00516891479492188 0.0313358306884766
-0.00540924072265625 0.0221042633056641 0.00973701477050781 0.0318946838378906
0.00795555114746094 0.018310546875 0.0203056335449219 0.0205821990966797
0.0190658569335938 0.0103988647460938 0.0244178771972656 0.00933837890625
0.0220279693603516 0.00331497192382813 0.0179691314697266 0.00559043884277344
0.0188274383544922 0.004058837890625 0.00991630554199219 0.00748443603515625
0.0217418670654297 0.00369453430175781 0.00214958190917969 0.0121879577636719
0.0222187042236328 0.0110015869140625 -0.00608062744140625 0.0127077102661133
0.0137004852294922 0.0211353302001953 -0.0152931213378906 0.00352954864501953
0.001220703125 0.0269737243652344 -0.0115633010864258 -0.00728130340576172
-0.0199031829833984 0.0204086303710938 0.0033121109008789 -0.0121183395385742
-0.0335121154785156 0.00783538818359374 0.00173902511596679 0.00570106506347656
-0.0420074462890625 -0.00453567504882812 -0.0208358764648438 0.0101375579833984
-0.0338001251220703 -0.0168304443359375 -0.0150203704833984 0.0210781097412109
-0.0330867767333984 -0.000541687011718754 -0.0263996124267578 0.0258369445800781
-0.0251140594482422 0.0128173828125 -0.0129623413085937 0.0335445404052734
-0.0122814178466797 0.0250358581542969 0.00482368469238281 0.0314579010009766
0.00436592102050781 0.0235939025878906 0.0142402648925781 0.0178432464599609
0.0197105407714844 0.0172634124755859 0.0162181854248047 0.00808429718017578
0.0242118835449219 0.00835609436035156 0.00794506072998047 0.00559234619140625
0.0204296112060547 0.00809478759765625 0.000874519348144532 0.00783252716064453
0.0226631164550781 0.00856399536132813 -0.00515556335449218 0.0122861862182617
0.0209484100341797 0.0149917602539063 -0.0119743347167969 0.0118408203125
0.0105514526367187 0.0227146148681641 -0.0182361602783203 0.00318527221679688
-0.00247001647949219 0.026336669921875 -0.012700080871582 -0.00577068328857422
-0.0220050811767578 0.01617431640625 0.000739097595214842 -0.00787115097045898
-0.0311164855957031 0.000984191894531252 -0.00596237182617187 0.0105342864990234
-0.0379905700683594 -0.012176513671875 -0.0318813323974609 0.00890159606933593
-0.0221443176269531 -0.0218048095703125 -0.0263881683349609 0.0139598846435547
-0.0272731781005859 -0.00985527038574218 -0.0372238159179688 0.020355224609375
-0.0251998901367188 0.00530242919921875 -0.0200004577636719 0.0308895111083984
-0.0169143676757813 0.0200519561767578 -0.000802993774414061 0.027435302734375
-0.00102043151855469 0.0235366821289063 0.00804328918457031 0.0132064819335938
0.0155181884765625 0.0207920074462891 0.00697565078735352 0.00519609451293945
0.0215415954589844 0.0123767852783203 -0.00235843658447265 0.00435185432434082
0.0182514190673828 0.0111541748046875 -0.00860738754272461 0.00713443756103516
0.0205268859863281 0.0122509002685547 -0.0129184722900391 0.0101509094238281
0.0179824829101563 0.017333984375 -0.0167245864868164 0.00870704650878906
0.00710105895996094 0.0228118896484375 -0.0194873809814453 0.000663757324218752
-0.00656890869140625 0.0243396759033203 -0.0119829177856445 -0.00650215148925781
-0.0227622985839844 0.0108585357666016 -0.00135612487792969 -0.0051736831665039
-0.0282211303710938 -0.00619888305664063 -0.0126628875732422 0.0109462738037109
-0.029541015625 -0.0197563171386719 -0.0387306213378906 0.00347137451171875
-0.005401611328125 -0.0219230651855469 -0.032257080078125 0.00550651550292968
-0.0132579803466797 -0.0153360366821289 -0.0420265197753906 0.0136566162109375
-0.0177803039550781 -0.00448989868164063 -0.0227432250976562 0.0274276733398438
-0.016688346862793 0.00930690765380859 -0.00325202941894531 0.0210304260253906
-0.00638294219970703 0.0161590576171875 0.00302839279174805 0.00660610198974609
0.00662422180175781 0.0196056365966797 -0.00150799751281738 0.000127077102661134
0.0147008895874023 0.0146484375 -0.0115776062011719 0.00215721130371094
0.01348876953125 0.0130462646484375 -0.0166530609130859 0.006134033203125
0.0155162811279297 0.0137796401977539 -0.0194683074951172 0.00818824768066407
0.0130271911621094 0.0176429748535156 -0.0218048095703125 0.00513076782226563
0.0036163330078125 0.0210666656494141 -0.0216598510742188 -0.00237846374511718
-0.00914764404296875 0.0213394165039063 -0.0124750137329102 -0.00882148742675781
-0.0233020782470703 0.00551033020019531 -0.00248575210571289 -0.00519418716430664
-0.0231552124023438 -0.0138015747070313 -0.0163345336914063 0.00919246673583984
-0.0194740295410156 -0.0253925323486328 -0.0437545776367188 -0.00226211547851563
0.0110073089599609 -0.0191726684570313 -0.0297870635986328 -0.00145912170410157
0.00358963012695312 -0.0177593231201172 -0.0392799377441406 0.00828552246093749
-0.0056142807006836 -0.0124368667602539 -0.0215930938720703 0.0227985382080078
-0.0122299194335938 -0.00342845916748047 -0.00327301025390625 0.0158109664916992
-0.0101165771484375 0.00589656829833984 0.00166964530944824 0.00178217887878418
-0.00287628173828125 0.014286994934082 -0.00647449493408203 -0.00406455993652344
0.00587558746337891 0.0144443511962891 -0.0171375274658203 -0.00168228149414062
0.0066070556640625 0.0120363235473633 -0.0224285125732422 0.00297546386718751
0.0086517333984375 0.0123567581176758 -0.0253887176513672 0.00488090515136719
0.00741672515869141 0.0154304504394531 -0.0257072448730469 -6.10351562499955E-05
0.000570297241210939 0.0167016983032227 -0.0232143402099609 -0.00678062438964843
-0.0093841552734375 0.0162267684936523 -0.0133638381958008 -0.0116786956787109
-0.0209465026855469 0.000886917114257809 -0.00437307357788086 -0.0077662467956543
-0.016357421875 -0.0181102752685547 -0.0191802978515625 0.00200462341308594
-0.00758171081542968 -0.0282974243164063 -0.04327392578125 -0.0118179321289063
-0.0118370056152344 0.0209560394287109 0.0404167175292969 0.0151748657226563
0.0131492614746094 0.0193538665771484 0.0195350646972656 0.00794029235839844
0.0147724151611328 -0.00137710571289063 0.00472640991210938 0.0116443634033203
0.00834560394287109 -0.008056640625 0.0134983062744141 0.0194892883300781
0.00240802764892578 -0.0106792449951172 0.0247459411621094 0.0130672454833984
-0.00451087951660156 -0.0126829147338867 0.0302047729492188 0.00222969055175781
-0.00397872924804688 -0.0102415084838867 0.0304164886474609 -0.00292205810546875
-0.00239753723144531 -0.0088510513305664 0.0253219604492188 -0.00151252746582031
4.86373901367173E-05 -0.0136260986328125 0.0189094543457031 0.00443267822265625
0.00989341735839844 -0.00925731658935547 0.0089263916015625 0.00724029541015625
0.0157899856567383 0.00143146514892578 -0.00228548049926758 -4.24385070800779E-05
0.0115423202514648 0.0117902755737305 0.00167942047119141 -0.0111989974975586
-0.00305747985839844 0.01959228515625 0.0226001739501953 -0.0181388854980469
-0.0162868499755859 0.0215129852294922 0.0361175537109375 -0.00446319580078125
-0.0278511047363281 0.0160560607910156 0.0204486846923828 0.00802993774414063
-0.0257682800292969 0.0145282745361328 0.0330562591552734 0.0235881805419922
-0.00136375427246094 0.0203151702880859 0.0144023895263672 0.0157785415649414
0.00621271133422852 0.00561189651489258 0.00452232360839844 0.0179901123046875
0.0056605339050293 0.00221920013427734 0.0145034790039062 0.0246810913085937
0.00587177276611328 -0.00188493728637695 0.0269908905029297 0.0173606872558594
0.00453042984008789 -0.00665950775146484 0.0323848724365234 0.00560760498046875
0.00638389587402344 -0.00685262680053711 0.0313186645507813 -3.24249267578129E-05
0.00701093673706055 -0.00548219680786133 0.0248031616210938 0.00114059448242187
0.0101699829101563 -0.008697509765625 0.0171890258789062 0.00776100158691406
0.0169210433959961 -0.00199985504150391 0.00666522979736328 0.0108499526977539
0.0175561904907227 0.0113916397094727 -0.00580644607543945 0.00245475769042969
0.00828742980957031 0.0218372344970703 -0.00346088409423828 -0.00971031188964844
-0.0129299163818359 0.0229301452636719 0.0154047012329102 -0.0174341201782227
-0.0283832550048828 0.0180950164794922 0.0260753631591797 -0.00229263305664062
-0.0397834777832031 0.0102958679199219 0.00827980041503906 0.0109577178955078
-0.0357551574707031 0.00389862060546875 0.0203495025634766 0.02783203125
-0.0176372528076172 0.0173244476318359 0.00460433959960937 0.0237007141113281
-0.00635910034179687 0.0129261016845703 0.001739501953125 0.0255069732666016
0.00070667266845703 0.0139284133911133 0.0143070220947266 0.0299873352050781
0.00803089141845703 0.00905513763427735 0.0255508422851563 0.0201396942138672
0.0137462615966797 0.00198173522949219 0.0316734313964844 0.00811576843261719
0.0160884857177734 -0.00267791748046875 0.027923583984375 0.00295257568359375
0.0153112411499023 -0.000809669494628906 0.0202693939208984 0.0047607421875
0.018524169921875 -0.00186920166015625 0.012451171875 0.00999355316162109
0.0218963623046875 0.00576591491699219 0.00230979919433594 0.0128412246704102
0.0169925689697266 0.018035888671875 -0.00986480712890625 0.00424957275390625
0.00527000427246094 0.0269527435302734 -0.00818824768066406 -0.00739622116088867
-0.0176601409912109 0.0245227813720703 0.00941658020019531 -0.0153369903564453
-0.0344429016113281 0.01470947265625 0.0145549774169922 0.00145721435546875
-0.0447349548339844 0.00366973876953125 -0.00507736206054688 0.0124721527099609
-0.0399246215820313 -0.00730514526367187 0.00446701049804688 0.028472900390625
-0.0311298370361328 0.00983047485351563 -0.00928878784179688 0.0273342132568359
-0.0182552337646484 0.0158767700195312 -0.00393867492675781 0.0313873291015625
-0.00551223754882813 0.0232353210449219 0.0109424591064453 0.0329685211181641
0.00817298889160156 0.0196380615234375 0.0218448638916016 0.0209941864013672
0.0202541351318359 0.0104255676269531 0.0269756317138672 0.00861740112304688
0.0239524841308594 0.00279998779296875 0.0204124450683594 0.00470924377441406
0.020721435546875 0.00428962707519531 0.0124845504760742 0.00639820098876953
0.0237369537353516 0.003692626953125 0.00513553619384766 0.01165771484375
0.0241527557373047 0.01129150390625 -0.00326251983642578 0.0128049850463867
0.0153522491455078 0.0222053527832031 -0.0130910873413086 0.00450992584228516
0.00192070007324218 0.0286769866943359 -0.0106229782104492 -0.00546646118164062
-0.0203628540039063 0.0226001739501953 0.00413131713867188 -0.0112876892089844
-0.0361557006835937 0.0101432800292969 0.00395488739013672 0.00624847412109375
-0.044952392578125 -0.00345230102539063 -0.0186271667480469 0.0124969482421875
-0.0378532409667969 -0.0175590515136719 -0.0130100250244141 0.0239582061767578
-0.0364112854003906 -0.000209808349609376 -0.0247402191162109 0.0275478363037109
-0.0272502899169922 0.0137920379638672 -0.0117034912109375 0.0338287353515625
-0.0132217407226563 0.0275440216064453 0.00513458251953125 0.0315723419189453
0.00513076782226563 0.0257892608642578 0.0154438018798828 0.0178718566894531
0.0220661163330078 0.0178318023681641 0.0177631378173828 0.00748634338378906
0.0265769958496094 0.007904052734375 0.00949573516845703 0.00519084930419922
0.0233001708984375 0.00808525085449219 0.00231552124023438 0.00711536407470703
0.0252361297607422 0.00873184204101563 -0.00349235534667969 0.0114917755126953
0.0235862731933594 0.0156307220458984 -0.00944328308105469 0.0114078521728516
0.0122489929199219 0.0245227813720703 -0.0164117813110352 0.00393486022949219
-0.00195503234863282 0.0291347503662109 -0.0112552642822266 -0.00479507446289062
-0.0228214263916016 0.0187301635742188 0.00194597244262695 -0.00720024108886719
-0.0350017547607422 0.00274848937988282 -0.00465583801269531 0.0117578506469727
-0.0415191650390625 -0.0112991333007812 -0.0304946899414063 0.010955810546875
-0.0262775421142578 -0.0237464904785156 -0.0259895324707031 0.0171070098876953
-0.0318470001220703 -0.00995445251464844 -0.036834716796875 0.0222740173339844
-0.0279445648193359 0.00625801086425781 -0.0184917449951172 0.0316295623779297
-0.0183010101318359 0.0227851867675781 -0.000381469726562499 0.0275363922119141
-3.24249267578103E-05 0.0260200500488281 0.0081787109375 0.013636589050293
0.0179977416992188 0.0221366882324219 0.00762748718261719 0.00465250015258789
0.0247135162353516 0.0119285583496094 -0.00136518478393555 0.00440359115600586
0.0215072631835937 0.0106258392333984 -0.00791263580322265 0.0068812370300293
0.0236225128173828 0.0118789672851563 -0.0118465423583984 0.0100946426391602
0.0211315155029297 0.0178813934326172 -0.0154170989990234 0.00786876678466797
0.00907135009765625 0.0249958038330078 -0.0180816650390625 0.000585556030273441
-0.00560760498046875 0.02728271484375 -0.0112028121948242 -0.00564289093017578
-0.0247802734375 0.0132122039794922 -0.000133037567138673 -0.00445079803466797
-0.0325736999511719 -0.00543403625488281 -0.0111179351806641 0.0124883651733398
-0.0342254638671875 -0.0194625854492187 -0.0389595031738281 0.00565338134765625
-0.00954627990722656 -0.0248088836669922 -0.0338230133056641 0.00759696960449219
-0.0171241760253906 -0.0165224075317383 -0.0419998168945313 0.0156517028808594
-0.02093505859375 -0.00362777709960938 -0.0218296051025391 0.0279769897460938
-0.0184478759765625 0.011871337890625 -0.00352859497070313 0.0209007263183594
-0.00615119934082031 0.0187454223632813 0.00283193588256836 0.00615739822387695
0.00925254821777344 0.0212726593017578 -0.00172317028045654 -0.000164628028869628
0.0182361602783203 0.0145492553710938 -0.0120601654052734 0.00221729278564453
0.0164413452148438 0.0129241943359375 -0.0169210433959961 0.00595378875732422
0.0187339782714844 0.0132598876953125 -0.019805908203125 0.00807571411132812
0.0167045593261719 0.0183048248291016 -0.0214366912841797 0.00451469421386718
0.00597190856933594 0.0226039886474609 -0.0211563110351563 -0.00277900695800781
-0.00815391540527344 0.0248508453369141 -0.0115976333618164 -0.00875282287597656
-0.0249423980712891 0.00850868225097656 -0.00124549865722656 -0.004852294921875
-0.0276546478271484 -0.0123271942138672 -0.0163240432739258 0.0106039047241211
-0.0243072509765625 -0.0262699127197266 -0.0448570251464844 -0.00128555297851563
0.00827407836914063 -0.0218467712402344 -0.0325241088867188 8.77380371093738E-05
0.000585556030273438 -0.0202102661132812 -0.04058837890625 0.00945663452148438
-0.00835227966308594 -0.012751579284668 -0.0210304260253906 0.0229148864746094
-0.0145368576049805 -0.00160789489746094 -0.00363254547119141 0.0152721405029297
-0.010371208190918 0.00859928131103516 0.000950455665588378 0.00162291526794434
-0.000266075134277345 0.0166492462158203 -0.00779962539672852 -0.00448799133300781
0.0088644027709961 0.0139894485473633 -0.0189247131347656 -0.000881195068359376
0.00954437255859375 0.0116491317749023 -0.0238533020019531 0.00367546081542969
0.0112800598144531 0.0129432678222656 -0.0262069702148437 0.00523567199707032
0.0100870132446289 0.0155763626098633 -0.0265445709228516 -0.000621795654296874
0.00261688232421875 0.0185832977294922 -0.0234012603759766 -0.00722694396972657
-0.00856208801269531 0.0188083648681641 -0.0125370025634766 -0.0117368698120117
-0.022491455078125 0.0033111572265625 -0.00397777557373047 -0.00782394409179688
-0.020050048828125 -0.0172996520996094 -0.0198726654052734 0.00325202941894532
-0.0111064910888672 -0.0294513702392578 -0.0457000732421875 -0.0112953186035156
-0.00971412658691406 0.0220260620117188 0.0446357727050781 0.0154762268066406
0.01544189453125 0.0184879302978516 0.0211868286132813 0.00642204284667969
0.0153560638427734 -0.00309467315673828 0.00463485717773438 0.0115156173706055
0.00763320922851562 -0.0101413726806641 0.0140552520751953 0.0208301544189453
0.00063800811767578 -0.0113706588745117 0.0266017913818359 0.0144939422607422
-0.00702095031738281 -0.0125102996826172 0.0324211120605469 0.00212860107421875
-0.00600051879882813 -0.00920009613037109 0.0329113006591797 -0.00407600402832031
-0.00379800796508789 -0.00874710083007813 0.0277118682861328 -0.00306510925292969
-0.00207233428955078 -0.0131816864013672 0.0214309692382813 0.00306892395019531
0.00848388671875 -0.0108699798583984 0.0118331909179688 0.00738239288330078
0.0163030624389648 -0.000277519226074219 -0.000527441501617431 0.000859916210174561
0.0128183364868164 0.0108909606933594 0.0021820068359375 -0.0106725692749023
-0.001251220703125 0.0205974578857422 0.0232219696044922 -0.0181770324707031
-0.0143051147460937 0.0240688323974609 0.0382843017578125 -0.00574111938476562
-0.0265636444091797 0.0191535949707031 0.0243339538574219 0.00786018371582031
-0.0251998901367188 0.0153331756591797 0.0375099182128906 0.0239944458007813
-0.000699996948242189 0.0199356079101563 0.0171995162963867 0.0154590606689453
0.00580549240112305 0.00483131408691406 0.00489044189453125 0.0185966491699219
0.00526618957519531 0.0015721321105957 0.0157794952392578 0.0260848999023438
0.0053095817565918 -0.00185441970825195 0.0285568237304688 0.0183372497558594
0.00368165969848633 -0.00607824325561524 0.0354156494140625 0.00513076782226563
0.00573587417602539 -0.00690555572509766 0.0344009399414063 -0.00111770629882813
0.00669622421264648 -0.00504636764526367 0.0279788970947266 -0.000284194946289063
0.00983619689941406 -0.0081930160522461 0.0204257965087891 0.00629615783691406
0.0171937942504883 -0.00243186950683594 0.0105476379394531 0.011077880859375
0.0182018280029297 0.0105628967285156 -0.0035407543182373 0.00423622131347656
0.00977897644042969 0.0217094421386719 -0.00246047973632812 -0.00804901123046875
-0.0118961334228516 0.0249748229980469 0.016352653503418 -0.0171527862548828
-0.0284862518310547 0.0213108062744141 0.0284900665283203 -0.00270462036132812
-0.0400428771972656 0.0131187438964844 0.0122518539428711 0.0118503570556641
-0.0376129150390625 0.00489044189453124 0.0251998901367187 0.0288772583007812
-0.0186653137207031 0.0177898406982422 0.00702285766601563 0.0231056213378906
-0.00722312927246094 0.0127048492431641 0.00261878967285156 0.0257930755615234
0.000208854675292969 0.0147686004638672 0.0150299072265625 0.0310325622558594
0.00825691223144531 0.0103139877319336 0.0276947021484375 0.0208473205566406
0.0138158798217773 0.00240993499755859 0.0345668792724609 0.00674057006835938
0.0171575546264648 -0.00202178955078125 0.0306186676025391 0.00113105773925781
0.0162887573242188 -0.000612258911132813 0.0229969024658203 0.00288581848144531
0.0192165374755859 -0.00251579284667969 0.0154523849487305 0.00894832611083984
0.0234889984130859 0.00531196594238281 0.00574302673339844 0.012791633605957
0.0188369750976563 0.0185756683349609 -0.00755548477172852 0.00518083572387695
0.00671577453613281 0.0287284851074219 -0.00665712356567383 -0.00603437423706054
-0.0178604125976563 0.0266399383544922 0.0100774765014648 -0.0150461196899414
-0.036376953125 0.0177459716796875 0.0171108245849609 0.00168514251708984
-0.0472335815429688 0.00596237182617188 -0.00170516967773438 0.0142307281494141
-0.0441627502441406 -0.006561279296875 0.00769805908203125 0.0309505462646484
-0.0338993072509766 0.0113658905029297 -0.00706291198730469 0.0283451080322266
-0.0206069946289063 0.0175189971923828 -0.00304222106933594 0.0317230224609375
-0.00631904602050781 0.0259323120117188 0.0116119384765625 0.0339260101318359
0.00917625427246094 0.0209693908691406 0.0239009857177734 0.0210895538330078
0.0222282409667969 0.0117244720458984 0.0290164947509766 0.00787162780761719
0.0256690979003906 0.00263404846191406 0.0225563049316406 0.00332832336425781
0.0230808258056641 0.00360488891601563 0.0148754119873047 0.00476169586181641
0.0263938903808594 0.00361824035644531 0.00753021240234375 0.0105705261230469
0.0269031524658203 0.0117073059082031 -0.000145912170410154 0.0125055313110352
0.0173244476318359 0.0236186981201172 -0.0108842849731445 0.00516414642333984
0.00374412536621093 0.0312633514404297 -0.00917339324951172 -0.00461483001708984
-0.0216331481933594 0.025177001953125 0.00483322143554687 -0.0108327865600586
-0.0392837524414063 0.0122451782226563 0.00610160827636718 0.00743198394775391
-0.0490379333496094 -0.00106430053710937 -0.0159626007080078 0.0142440795898438
-0.0422935485839844 -0.0171585083007813 -0.0109806060791016 0.0264167785644531
-0.0411300659179687 0.00121688842773437 -0.0230712890625 0.0285205841064453
-0.030029296875 0.015838623046875 -0.0110092163085938 0.0347499847412109
-0.0138759613037109 0.0307178497314453 0.00635147094726563 0.0335464477539063
0.00702667236328125 0.0284366607666016 0.0166492462158203 0.0184459686279297
0.0248966217041016 0.0188636779785156 0.0195178985595703 0.00695228576660156
0.0297584533691406 0.0076904296875 0.0111446380615234 0.00445652008056641
0.0262260437011719 0.00797271728515625 0.00353002548217774 0.00662517547607422
0.0291404724121094 0.00821876525878906 -0.0019540786743164 0.0106239318847656
0.0270729064941406 0.0159645080566406 -0.00788402557373047 0.0113611221313477
0.015350341796875 0.0261020660400391 -0.0149087905883789 0.00370407104492188
-0.000305175781249999 0.0323486328125 -0.0100793838500977 -0.00448036193847656
-0.0247650146484375 0.0221443176269531 0.0028533935546875 -0.00711297988891601
-0.0393524169921875 0.00484466552734375 -0.00258445739746094 0.0120697021484375
-0.0467338562011719 -0.010009765625 -0.0292758941650391 0.0128345489501953
-0.0313262939453125 -0.0248126983642578 -0.0257453918457031 0.0191802978515625
-0.0370216369628906 -0.00949478149414062 -0.0369071960449219 0.0245323181152344
-0.0323066711425781 0.00835037231445313 -0.0181827545166016 0.0326671600341797
-0.0193672180175781 0.0269184112548828 -0.000177383422851564 0.0289211273193359
0.00112724304199219 0.0290737152099609 0.00885581970214844 0.0135927200317383
0.0218009948730469 0.0234336853027344 0.00872611999511719 0.00423002243041992
0.0283565521240234 0.0112171173095703 -0.0010995864868164 0.00369930267333984
0.0246734619140625 0.0103816986083984 -0.00755453109741211 0.00646162033081055
0.0277290344238281 0.0116729736328125 -0.0120210647583008 0.0100021362304687
0.0252170562744141 0.0184478759765625 -0.0152215957641602 0.00742626190185547
0.0118560791015625 0.0269584655761719 -0.0175209045410156 0.000267028808593753
-0.00397872924804688 0.0308380126953125 -0.0101823806762695 -0.00576019287109375
-0.0267353057861328 0.0166683197021484 0.000759601593017577 -0.00454282760620117
-0.03692626953125 -0.00323104858398438 -0.0104303359985352 0.0137720108032227
-0.0387725830078125 -0.0191650390625 -0.0394096374511719 0.007293701171875
-0.0138740539550781 -0.0269355773925781 -0.0352592468261719 0.00940704345703125
-0.0221462249755859 -0.017730712890625 -0.043212890625 0.017486572265625
-0.0242595672607422 -0.0021209716796875 -0.0214920043945313 0.0286769866943359
-0.0199184417724609 0.0153999328613281 -0.00316429138183594 0.0213909149169922
-0.00447463989257813 0.0219135284423828 0.00256967544555664 0.00616550445556641
0.0135078430175781 0.0230216979980469 -0.00247859954833984 -0.000138282775878905
0.0219001770019531 0.0140323638916016 -0.0132112503051758 0.00253105163574219
0.0199661254882813 0.0114307403564453 -0.0178356170654297 0.00671195983886719
0.0221729278564453 0.0126972198486328 -0.0204315185546875 0.00847434997558593
0.0198650360107422 0.0182476043701172 -0.0217876434326172 0.00428581237792968
0.00872802734375 0.0248241424560547 -0.0211410522460938 -0.0034332275390625
-0.006500244140625 0.0272922515869141 -0.0112590789794922 -0.00933742523193359
-0.0268287658691406 0.0111560821533203 -0.000843048095703126 -0.00508785247802734
-0.0320091247558594 -0.0114154815673828 -0.0156173706054688 0.0122241973876953
-0.0286216735839844 -0.026031494140625 -0.046630859375 -6.48498535156228E-05
0.006011962890625 -0.0252361297607422 -0.0347347259521484 0.00145149230957031
-0.00337982177734375 -0.0215473175048828 -0.0427284240722656 0.0112571716308594
-0.0117912292480469 -0.0124492645263672 -0.0210895538330078 0.0234718322753906
-0.0167026519775391 0.000298500061035154 -0.00449466705322266 0.0151214599609375
-0.0100278854370117 0.0107393264770508 -0.000452041625976563 0.000781297683715821
0.00285911560058594 0.0183429718017578 -0.00900840759277344 -0.00450706481933593
0.0117273330688477 0.0142059326171875 -0.0206642150878906 0.000186920166015626
0.0117053985595703 0.0111970901489258 -0.0253620147705078 0.00530624389648438
0.0141286849975586 0.012176513671875 -0.0282020568847656 0.00588226318359374
0.0133695602416992 0.0155868530273438 -0.0276985168457031 -0.00031661987304687
0.00506401062011719 0.0198993682861328 -0.0242538452148438 -0.00810623168945313
-0.00720024108886719 0.0209217071533203 -0.013275146484375 -0.0126485824584961
-0.0235080718994141 0.00628662109374999 -0.00387811660766602 -0.00789546966552734
-0.0236129760742187 -0.0164051055908203 -0.0209197998046875 0.00465965270996094
-0.0150413513183594 -0.0301055908203125 -0.0489616394042969 -0.0106658935546875
-0.00780677795410156 0.0232982635498047 0.0493927001953125 0.0136947631835938
0.0180130004882813 0.0166511535644531 0.0236015319824219 0.0046844482421875
0.0149402618408203 -0.00492286682128906 0.00497531890869141 0.0117301940917969
0.0060577392578125 -0.011256217956543 0.0154857635498047 0.0216884613037109
-0.000725746154785157 -0.0117921829223633 0.0292816162109375 0.0152549743652344
-0.00926589965820313 -0.0114402770996094 0.0358772277832031 0.00184249877929687
-0.00696754455566406 -0.00806760787963867 0.0361900329589844 -0.00620651245117188
-0.00490665435791016 -0.00751256942749023 0.0308341979980469 -0.00531959533691406
-0.00396442413330078 -0.0130147933959961 0.0245399475097656 0.000976562499999999
0.00698661804199219 -0.0122842788696289 0.0152854919433594 0.00708961486816406
0.0163211822509766 -0.00278282165527344 0.00184929370880127 0.00198113918304443
0.0147123336791992 0.00945568084716797 0.00336170196533203 -0.0100917816162109
0.00145530700683594 0.0212745666503906 0.0235939025878906 -0.0191230773925781
-0.0119781494140625 0.0268535614013672 0.0409202575683594 -0.00807952880859375
-0.0251865386962891 0.0222454071044922 0.0287399291992188 0.00715065002441407
-0.0253639221191406 0.0171470642089844 0.0430641174316406 0.0233650207519531
0.000232696533203124 0.0200119018554688 0.0198497772216797 0.0137863159179688
0.00502920150756836 0.00420093536376953 0.00554084777832031 0.0189018249511719
0.00414681434631348 0.0016777515411377 0.0174350738525391 0.0276927947998047
0.00403857231140137 -0.00128364562988281 0.0318775177001953 0.0185203552246094
0.00283288955688476 -0.00542974472045898 0.0387039184570313 0.00397491455078125
0.00602293014526367 -0.00618839263916016 0.0381507873535156 -0.00416946411132813
0.00698709487915039 -0.00494146347045898 0.0307445526123047 -0.00313568115234375
0.00941276550292969 -0.00815105438232422 0.0238666534423828 0.00443267822265625
0.0172452926635742 -0.00332927703857422 0.0136184692382813 0.00981330871582031
0.0194759368896484 0.00911140441894531 -0.000984191894531249 0.00422811508178711
0.0115318298339844 0.0217819213867188 -0.00110530853271484 -0.00730276107788086
-0.0100078582763672 0.0272560119628906 0.0172214508056641 -0.0179023742675781
-0.0276832580566406 0.0256061553955078 0.0312232971191406 -0.00465965270996094
-0.0403289794921875 0.0172462463378906 0.0162715911865234 0.0117874145507813
-0.0402297973632813 0.0066986083984375 0.0299854278564453 0.0298976898193359
-0.0198764801025391 0.0189590454101563 0.00974464416503906 0.0227832794189453
-0.00837993621826172 0.0139131546020508 0.00326347351074219 0.0263118743896484
0.000509262084960938 0.0164203643798828 0.0175094604492188 0.0328388214111328
0.00897216796875 0.0111207962036133 0.0314388275146484 0.0210971832275391
0.0149374008178711 0.00306034088134766 0.0381278991699219 0.00563812255859375
0.018707275390625 -0.00270462036132813 0.0344581604003906 -0.000970840454101563
0.0181083679199219 -0.00136375427246094 0.0258960723876953 -0.0001068115234375
0.0211105346679688 -0.00282478332519531 0.0186405181884766 0.0069580078125
0.0249958038330078 0.00477981567382813 0.00869274139404297 0.0119295120239258
0.0214729309082031 0.0188426971435547 -0.00521516799926758 0.00576019287109375
0.00899124145507813 0.0300426483154297 -0.00491571426391601 -0.00529384613037109
-0.0175552368164062 0.0294532775878906 0.0105276107788086 -0.0151815414428711
-0.037750244140625 0.0218696594238281 0.019683837890625 0.000625610351562501
-0.0503311157226562 0.0104446411132813 0.00206279754638672 0.0151300430297852
-0.0482101440429688 -0.0052032470703125 0.0119514465332031 0.032196044921875
-0.0373268127441406 0.0131912231445312 -0.00517463684082032 0.0292453765869141
-0.0224056243896484 0.0199794769287109 -0.00204658508300781 0.0327033996582031
-0.00587272644042968 0.0288200378417969 0.014190673828125 0.0352630615234375
0.0107040405273437 0.0233497619628906 0.0269546508789063 0.0214729309082031
0.0243854522705078 0.0119457244873047 0.032135009765625 0.00649833679199219
0.0283088684082031 0.00124549865722656 0.0253448486328125 0.00165367126464844
0.0257072448730469 0.00291061401367187 0.0168294906616211 0.00249576568603516
0.0290184020996094 0.00226783752441406 0.00968265533447266 0.00852203369140625
0.02996826171875 0.0109634399414063 0.00199985504150391 0.011713981628418
0.0208206176757813 0.0251903533935547 -0.00919246673583984 0.00535011291503906
0.00563621520996094 0.0344886779785156 -0.00758504867553711 -0.00399208068847656
-0.02215576171875 0.0287189483642578 0.00571537017822266 -0.0114250183105469
-0.04217529296875 0.0166702270507812 0.00851345062255859 0.00694084167480469
-0.0533332824707031 0.0017852783203125 -0.0136566162109375 0.0157985687255859
-0.0481948852539063 -0.0168380737304687 -0.00911521911621094 0.0293045043945313
-0.045623779296875 0.00370407104492187 -0.0223522186279297 0.0311145782470703
-0.0331439971923828 0.0191593170166016 -0.00992584228515625 0.0355072021484375
-0.0138435363769531 0.0353202819824219 0.0079193115234375 0.0350704193115234
0.00918197631835937 0.0312957763671875 0.0188522338867188 0.0188503265380859
0.0285320281982422 0.0194358825683594 0.0216484069824219 0.00554847717285156
0.0336761474609375 0.006134033203125 0.0126686096191406 0.00333023071289063
0.0294761657714844 0.00648117065429687 0.0043792724609375 0.00505685806274414
0.032623291015625 0.00721168518066406 -0.000986099243164059 0.00971412658691406
0.0310783386230469 0.015655517578125 -0.00604343414306641 0.0100021362304688
0.0193405151367188 0.0284976959228516 -0.0136356353759766 0.00385379791259766
0.00227737426757813 0.0360679626464844 -0.00923538208007813 -0.00484752655029296
-0.0259208679199219 0.0258750915527344 0.00402307510375976 -0.00743007659912109
-0.0438652038574219 0.00880050659179688 -0.000527381896972658 0.0130472183227539
-0.0516204833984375 -0.00729370117187501 -0.0285243988037109 0.0153236389160156
-0.0373001098632812 -0.0247993469238281 -0.0257587432861328 0.0226421356201172
-0.0425224304199219 -0.00777435302734376 -0.0366668701171875 0.0276412963867188
-0.035675048828125 0.0116424560546875 -0.0173854827880859 0.0338497161865234
-0.0195293426513672 0.0315971374511719 0.000844955444335936 0.0299797058105469
0.00356674194335937 0.0327892303466797 0.00959014892578125 0.0135984420776367
0.0262012481689453 0.023712158203125 0.00922203063964844 0.00369453430175781
0.0321159362792969 0.0096893310546875 -0.00106430053710937 0.00404834747314453
0.0282611846923828 0.00891304016113281 -0.00774717330932617 0.0068049430847168
0.0316982269287109 0.0100803375244141 -0.0120468139648437 0.00944137573242188
0.0297470092773438 0.01806640625 -0.014866828918457 0.0074005126953125
0.0159168243408203 0.02960205078125 -0.0174942016601563 -0.000207901000976562
-0.00160408020019531 0.0347232818603516 -0.0100326538085938 -0.00631904602050781
-0.0279674530029297 0.0207233428955078 0.00166654586791992 -0.0049738883972168
-0.0418319702148438 0.000179290771484381 -0.00902843475341797 0.0148248672485352
-0.0450897216796875 -0.0172500610351562 -0.0401573181152344 0.00970458984374999
-0.0186939239501953 -0.0282726287841797 -0.0371894836425781 0.0128173828125
-0.0274982452392578 -0.0168533325195312 -0.04473876953125 0.020751953125
-0.0283336639404297 -8.5830688476564E-05 -0.02166748046875 0.0303726196289062
-0.0210304260253906 0.0197525024414063 -0.00347137451171875 0.0224285125732422
-0.00311279296875 0.02532958984375 0.00239229202270508 0.00623559951782227
0.0175685882568359 0.0232124328613281 -0.00350546836853027 -0.000295639038085936
0.0255908966064453 0.0128974914550781 -0.0139265060424805 0.00377273559570313
0.0229110717773438 0.0104236602783203 -0.0188674926757813 0.00793075561523438
0.0261173248291016 0.0118522644042969 -0.0216598510742188 0.00961112976074218
0.0244560241699219 0.0180130004882813 -0.022979736328125 0.00414466857910157
0.0122089385986328 0.0267467498779297 -0.0226764678955078 -0.004058837890625
-0.00440025329589844 0.0310268402099609 -0.0118179321289063 -0.0103111267089844
-0.0283355712890625 0.0149765014648437 0.000181198120117186 -0.00550365447998047
-0.0369415283203125 -0.00859832763671875 -0.0155105590820313 0.0134134292602539
-0.0346260070800781 -0.0255165100097656 -0.0493507385253906 0.00230789184570313
0.00250244140625 -0.0274982452392578 -0.038818359375 0.00396347045898438
-0.00751876831054688 -0.0225791931152344 -0.0445327758789062 0.0144500732421875
-0.0151681900024414 -0.0120630264282227 -0.0214328765869141 0.024566650390625
-0.0184230804443359 0.00388526916503906 -0.00486373901367187 0.0154266357421875
-0.00909709930419922 0.0139245986938477 -0.0015406608581543 0.000787615776062012
0.005950927734375 0.0191211700439453 -0.0114688873291016 -0.00416278839111328
0.0149106979370117 0.0135974884033203 -0.0229320526123047 0.00193977355957031
0.0142936706542969 0.0104227066040039 -0.0276584625244141 0.00743103027343751
0.0174922943115234 0.0108461380004883 -0.0306205749511719 0.00763320922851562
0.0163822174072266 0.0147895812988281 -0.0304241180419922 6.48498535156207E-05
0.00771522521972656 0.0206756591796875 -0.0263175964355469 -0.00826644897460938
-0.00537872314453125 0.0236015319824219 -0.0139827728271484 -0.013453483581543
-0.0245513916015625 0.00898551940917968 -0.0032649040222168 -0.00841045379638672
-0.027923583984375 -0.0142879486083984 -0.0221157073974609 0.00688552856445312
-0.0199108123779297 -0.0298652648925781 -0.0529212951660156 -0.00936508178710937
-0.00547981262207031 0.023681640625 0.0543098449707031 0.0106315612792969
0.0202884674072266 0.0142250061035156 0.0245151519775391 0.00208091735839844
0.0150480270385742 -0.00720882415771484 0.00518798828125 0.0113153457641602
0.00460433959960938 -0.0124635696411133 0.0180854797363281 0.0224876403808594
-0.00299358367919922 -0.0111608505249023 0.0325489044189453 0.01483154296875
-0.0115194320678711 -0.00929546356201172 0.0386238098144531 -0.000652313232421876
-0.00866127014160156 -0.00651407241821289 0.038665771484375 -0.0106277465820313
-0.00617599487304688 -0.00702810287475586 0.03240966796875 -0.00907325744628906
-0.00601482391357422 -0.0121822357177734 0.0273056030273438 -0.00229835510253906
0.00553035736083984 -0.0130414962768555 0.0180816650390625 0.00520133972167969
0.0152168273925781 -0.00563144683837891 0.00412392616271973 0.00165557861328125
0.0162477493286133 0.00740718841552734 0.00413036346435547 -0.00974464416503906
0.00465202331542969 0.0220623016357422 0.0242137908935547 -0.0209827423095703
-0.00801277160644531 0.0295448303222656 0.0425376892089844 -0.0122108459472656
-0.0228519439697266 0.0259304046630859 0.0329494476318359 0.00469970703125
-0.0245208740234375 0.0195388793945313 0.0483932495117188 0.0203704833984375
0.00121498107910156 0.0193557739257813 0.0226478576660156 0.01104736328125
0.00440883636474609 0.00376176834106445 0.00626754760742188 0.0182094573974609
0.00324296951293945 0.00185251235961914 0.0207080841064453 0.0282039642333984
0.0037083625793457 -0.000997066497802734 0.0352554321289063 0.0179595947265625
0.00204086303710938 -0.00426769256591797 0.0425758361816406 0.00099945068359375
0.00568580627441406 -0.00600624084472656 0.0406646728515625 -0.00833511352539063
0.0072169303894043 -0.0052027702331543 0.0326099395751953 -0.0069732666015625
0.00952339172363281 -0.00909042358398438 0.0260944366455078 0.000873565673828124
0.017608642578125 -0.00421714782714844 0.0169229507446289 0.00837516784667969
0.0210933685302734 0.00789642333984375 0.00162172317504883 0.00513172149658203
0.0135936737060547 0.0220108032226563 0.000116348266601563 -0.00698661804199219
-0.00794029235839844 0.0292835235595703 0.0172176361083984 -0.0186862945556641
-0.0264301300048828 0.0289173126220703 0.0337123870849609 -0.0067596435546875
-0.0401763916015625 0.0219917297363281 0.0213127136230469 0.0100975036621094
-0.0426177978515625 0.00957870483398438 0.0353736877441406 0.0288162231445313
-0.0208683013916016 0.0207023620605469 0.0127048492431641 0.0218162536621094
-0.00885868072509765 0.0151920318603516 0.00528144836425781 0.0268344879150391
0.00124740600585938 0.0180263519287109 0.0204811096191406 0.0332088470458984
0.0101642608642578 0.0120220184326172 0.0346012115478516 0.0197486877441406
0.0159463882446289 0.00281047821044922 0.0409317016601562 0.00186538696289063
0.0199489593505859 -0.00437736511230469 0.0368232727050781 -0.00513076782226563
0.019775390625 -0.00252342224121094 0.0280914306640625 -0.00387382507324219
0.0225429534912109 -0.00399398803710938 0.0210514068603516 0.0030364990234375
0.027587890625 0.0029754638671875 0.0125179290771484 0.00994110107421875
0.0238513946533203 0.0189094543457031 -0.00255680084228515 0.00545072555541992
0.0122566223144531 0.0313453674316406 -0.00376653671264648 -0.00489950180053711
-0.0158195495605469 0.0327472686767578 0.011174201965332 -0.0163364410400391
-0.0379829406738281 0.027130126953125 0.0220661163330078 -0.00153160095214844
-0.0524368286132812 0.0151405334472656 0.00571537017822265 0.0156192779541016
-0.0530509948730469 -0.00111389160156249 0.0168476104736328 0.0333938598632813
-0.0394363403320313 0.0178184509277344 -0.00172424316406251 0.0295124053955078
-0.0236721038818359 0.023651123046875 -0.000669479370117189 0.0338897705078125
-0.00427627563476562 0.0322723388671875 0.0173683166503906 0.0372543334960938
0.0135116577148438 0.0252285003662109 0.0301780700683594 0.0207328796386719
0.0271720886230469 0.0102176666259766 0.0341911315917969 0.00408935546875
0.0308609008789063 -0.000951766967773438 0.0279731750488281 -0.0017852783203125
0.0288448333740234 0.00137901306152344 0.0185279846191406 0.000263214111328125
0.0323543548583984 0.000219345092773437 0.0119810104370117 0.00624847412109375
0.0338077545166016 0.00975608825683594 0.00424766540527344 0.00990581512451172
0.0255088806152344 0.0255260467529297 -0.00743722915649414 0.00486898422241211
0.00937271118164063 0.0366935729980469 -0.00647258758544922 -0.00380992889404297
-0.0212841033935547 0.0336246490478516 0.00646877288818359 -0.0122089385986328
-0.04461669921875 0.0224151611328125 0.0112199783325195 0.00604248046875
-0.056793212890625 0.00704574584960938 -0.0103626251220703 0.0174407958984375
-0.0541496276855469 -0.0138015747070313 -0.00598907470703125 0.0317764282226563
-0.0497016906738281 0.00896835327148438 -0.0192966461181641 0.0330333709716797
-0.0347785949707031 0.0249671936035156 -0.00832366943359375 0.0367851257324219
-0.0115432739257813 0.0400161743164063 0.0104942321777344 0.0360679626464844
0.0125789642333984 0.0329627990722656 0.0212421417236328 0.0184173583984375
0.0331916809082031 0.0180644989013672 0.0230159759521484 0.00385475158691406
0.0361824035644531 0.00235748291015625 0.0139150619506836 0.00240421295166016
0.0331535339355469 0.00410079956054688 0.00539779663085938 0.00426387786865234
0.0362739562988281 0.00460052490234375 -0.000330924987792966 0.00920677185058594
0.0359764099121094 0.0137138366699219 -0.00441646575927734 0.0092620849609375
0.0239696502685547 0.0290126800537109 -0.0127172470092773 0.00304985046386719
0.0065155029296875 0.0392494201660156 -0.00817012786865234 -0.00449037551879883
-0.02545166015625 0.0308609008789063 0.00438404083251953 -0.0082545280456543
-0.0468826293945313 0.0143318176269531 0.00141334533691406 0.0129785537719727
-0.0563201904296875 -0.00302886962890626 -0.0271835327148438 0.0181694030761719
-0.0439186096191406 -0.0235328674316406 -0.0249347686767578 0.0260772705078125
-0.0478744506835938 -0.0031280517578125 -0.0356178283691406 0.0307235717773438
-0.0384712219238281 0.0166893005371094 -0.0162582397460937 0.0354232788085938
-0.0181541442871094 0.0368156433105469 0.00251388549804687 0.0313587188720703
0.00728988647460937 0.0352096557617188 0.0107288360595703 0.0130405426025391
0.0304965972900391 0.0224361419677734 0.00942230224609375 0.00238418579101563
0.0360069274902344 0.00634384155273438 -0.000854492187499998 0.00446653366088867
0.0320377349853516 0.00660133361816406 -0.00775527954101562 0.0069270133972168
0.0360946655273438 0.00696182250976562 -0.0123844146728516 0.00976848602294922
0.0339717864990234 0.0160236358642578 -0.0151824951171875 0.00730133056640625
0.02081298828125 0.0298938751220703 -0.0179977416992188 -0.000169754028320312
0.002838134765625 0.0377922058105469 -0.0100479125976562 -0.00692176818847656
-0.0284957885742187 0.0255889892578125 0.00223112106323242 -0.00606060028076172
-0.0463027954101563 0.00616836547851563 -0.00760555267333985 0.0160980224609375
-0.0504722595214844 -0.0132331848144531 -0.0395431518554688 0.01300048828125
-0.0242023468017578 -0.02825927734375 -0.0381011962890625 0.0167884826660156
-0.0334243774414062 -0.0147705078125 -0.0453872680664063 0.0254936218261719
-0.03173828125 0.00393867492675781 -0.0210380554199219 0.032379150390625
-0.0204067230224609 0.0243606567382813 -0.00322341918945313 0.0231246948242188
-7.82012939453111E-05 0.02874755859375 0.00171422958374023 0.00585079193115235
0.0222892761230469 0.0234756469726563 -0.00400424003601074 -0.00048255920410156
0.028900146484375 0.0103588104248047 -0.0147676467895508 0.00474929809570313
0.0265235900878906 0.00774002075195313 -0.0200786590576172 0.0101070404052734
0.0296955108642578 0.00833511352539063 -0.02288818359375 0.0104026794433594
0.0285148620605469 0.0158710479736328 -0.0244693756103516 0.00488853454589844
0.0163307189941406 0.0267848968505859 -0.0241146087646484 -0.00346946716308593
-0.000347137451171873 0.0329227447509766 -0.012660026550293 -0.0110445022583008
-0.0285491943359375 0.0198001861572266 0.000319480895996092 -0.00671911239624023
-0.0412483215332031 -0.00385665893554687 -0.014338493347168 0.0156726837158203
-0.039947509765625 -0.0222358703613281 -0.0508918762207031 0.00605010986328124
-0.00205612182617187 -0.0292644500732422 -0.0417976379394531 0.00812530517578124
-0.0132026672363281 -0.0228424072265625 -0.0465507507324219 0.0180511474609375
-0.0190010070800781 -0.010345458984375 -0.0207424163818359 0.0265941619873047
-0.0191688537597656 0.00736427307128906 -0.00486660003662109 0.0159854888916016
-0.00684356689453125 0.0164194107055664 -0.00285077095031738 0.000777244567871095
0.00954055786132813 0.0190792083740234 -0.0134029388427734 -0.00272750854492187
0.0175819396972656 0.0112800598144531 -0.0247611999511719 0.00481605529785156
0.0167436599731445 0.00882434844970703 -0.0294609069824219 0.0103397369384766
0.0199317932128906 0.00911903381347656 -0.032318115234375 0.0107402801513672
0.0197906494140625 0.0127964019775391 -0.0325851440429688 0.00167083740234375
0.0110874176025391 0.0212421417236328 -0.0290603637695312 -0.00785064697265625
-0.00234031677246094 0.0258598327636719 -0.0152568817138672 -0.0139999389648437
-0.0249462127685547 0.012969970703125 -0.00315952301025391 -0.00884532928466797
-0.0315608978271484 -0.0110397338867188 -0.0221424102783203 0.00922775268554688
-0.0251216888427734 -0.0283546447753906 -0.0575180053710937 -0.00549697875976562
-0.00194358825683594 0.0241317749023438 0.0565719604492187 0.00555419921875
0.0209808349609375 0.0120296478271484 0.0249252319335938 -0.00144195556640625
0.0140676498413086 -0.0103254318237305 0.0063629150390625 0.0105991363525391
0.00138950347900391 -0.012974739074707 0.020050048828125 0.0214424133300781
-0.00476169586181641 -0.0108327865600586 0.03558349609375 0.0122108459472656
-0.0132207870483398 -0.00796318054199219 0.0413970947265625 -0.00455856323242188
-0.00944995880126953 -0.00542545318603516 0.0407142639160156 -0.0153160095214844
-0.00729799270629883 -0.00575685501098633 0.0332717895507813 -0.0139560699462891
-0.00775527954101562 -0.00980377197265625 0.0280323028564453 -0.00598526000976563
0.00214290618896484 -0.0131397247314453 0.0205783843994141 0.0032806396484375
0.014927864074707 -0.00780868530273438 0.00670623779296875 0.000267982482910156
0.0165538787841797 0.00581932067871094 0.00568771362304688 -0.0102005004882813
0.00770759582519531 0.0207118988037109 0.0234127044677734 -0.0223255157470703
-0.00319480895996094 0.02972412109375 0.0446205139160156 -0.0165824890136719
-0.0173873901367188 0.0295352935791016 0.0350608825683594 0.000162124633789064
-0.0236530303955078 0.0215606689453125 0.0526161193847656 0.016204833984375
0.00316810607910156 0.0186576843261719 0.0238037109375 0.00741004943847656
0.00334024429321289 0.00282835960388184 0.00739192962646484 0.0175085067749023
0.00264334678649902 0.00135970115661621 0.0233669281005859 0.0280113220214844
0.00401067733764648 -0.000428438186645508 0.0386276245117187 0.0149421691894531
0.00243377685546875 -0.00311517715454102 0.0439224243164063 -0.0035247802734375
0.00537538528442383 -0.0076451301574707 0.0409011840820313 -0.0133094787597656
0.00687503814697266 -0.00635766983032226 0.0335445404052734 -0.0117664337158203
0.00856494903564453 -0.00920391082763672 0.0273666381835938 -0.00423240661621094
0.0171194076538086 -0.00511741638183594 0.0199947357177734 0.00506019592285156
0.0226707458496094 0.00599861145019531 0.00320696830749512 0.0033104419708252
0.0161762237548828 0.0189914703369141 0.00228548049926758 -0.00603818893432617
-0.00486564636230469 0.0307712554931641 0.0163650512695313 -0.0188770294189453
-0.0238895416259766 0.0328559875488281 0.0348606109619141 -0.0121383666992187
-0.0371322631835937 0.0260086059570312 0.0245571136474609 0.00664520263671875
-0.0419921875 0.0144500732421875 0.0400161743164063 0.0252532958984375
-0.02044677734375 0.0249691009521484 0.0162448883056641 0.0193538665771484
-0.00865936279296875 0.0170202255249023 0.0063018798828125 0.0256385803222656
0.00259971618652344 0.0188465118408203 0.02337646484375 0.0319633483886719
0.0113763809204102 0.0131940841674805 0.0386810302734375 0.0171318054199219
0.0175914764404297 0.00174140930175781 0.0433883666992188 -0.00217819213867187
0.0209465026855469 -0.00674629211425781 0.037322998046875 -0.00949478149414062
0.0205707550048828 -0.00396156311035156 0.0280075073242188 -0.00891876220703125
0.0236663818359375 -0.00653648376464844 0.0224170684814453 -0.000574111938476563
0.0296211242675781 0.000331878662109375 0.0153026580810547 0.00682926177978516
0.0267162322998047 0.0169143676757813 -0.00136017799377441 0.00432610511779785
0.0153217315673828 0.0302677154541016 -0.0013575553894043 -0.0043187141418457
-0.0135993957519531 0.0355072021484375 0.0116481781005859 -0.017247200012207
-0.0366096496582031 0.033050537109375 0.0234298706054687 -0.00371170043945312
-0.051177978515625 0.0211257934570312 0.010066032409668 0.0137090682983398
-0.0547981262207031 0.00449371337890625 0.0222702026367187 0.0317249298095703
-0.04046630859375 0.0218276977539063 0.00147819519042969 0.0288009643554688
-0.0221672058105469 0.0268173217773437 0.00194549560546875 0.0327568054199219
-0.00160598754882812 0.0355186462402344 0.0200080871582031 0.0358314514160156
0.0169944763183594 0.0255184173583984 0.0329055786132813 0.0183601379394531
0.0301456451416016 0.00856208801269531 0.0367584228515625 -0.000885009765624999
0.0316524505615234 -0.00403213500976563 0.028472900390625 -0.00530242919921875
0.0306015014648438 -0.00227546691894531 0.0184211730957031 -0.003387451171875
0.03369140625 -0.00351333618164063 0.0123701095581055 0.00288581848144531
0.0367660522460938 0.00659942626953125 0.005615234375 0.00764036178588867
0.0286521911621094 0.0236244201660156 -0.00536251068115234 0.00393104553222656
0.0152168273925781 0.0372886657714844 -0.00438308715820312 -0.00438261032104492
-0.0194129943847656 0.037689208984375 0.00701618194580078 -0.013331413269043
-0.0439682006835937 0.0284538269042969 0.0128116607666016 0.0041799545288086
-0.058197021484375 0.0143852233886719 -0.00621604919433594 0.0183124542236328
-0.0581588745117187 -0.00835418701171875 -0.00149154663085938 0.0329875946044922
-0.0512657165527344 0.0140457153320313 -0.0174274444580078 0.0349769592285156
-0.0346832275390625 0.0304965972900391 -0.00676345825195313 0.0379371643066406
-0.00698089599609374 0.044036865234375 0.0127716064453125 0.0367317199707031
0.0157947540283203 0.0343036651611328 0.0220718383789063 0.0175342559814453
0.0351009368896484 0.0151290893554688 0.0231361389160156 0.00225639343261719
0.0386276245117188 -0.00252151489257813 0.0122823715209961 0.000260353088378906
0.0350475311279297 0.000108718872070313 0.00512409210205078 0.00103521347045898
0.0390090942382813 -0.000942230224609375 1.23977661132829E-05 0.00716876983642578
0.0406455993652344 0.00967788696289063 -0.00348234176635742 0.0072627067565918
0.0305519104003906 0.0285892486572266 -0.0115699768066406 0.0026998519897461
0.0123023986816406 0.0411186218261719 -0.00871801376342773 -0.00501871109008789
-0.0233421325683594 0.0354957580566406 0.0041046142578125 -0.00852727890014648
-0.0466880798339844 0.02130126953125 0.00453948974609375 0.0134735107421875
-0.0598678588867188 0.00490188598632812 -0.0235633850097656 0.0200138092041016
-0.0489463806152344 -0.0191612243652344 -0.0228080749511719 0.0291519165039063
-0.0507278442382812 0.00268554687500001 -0.0327892303466797 0.0335979461669922
-0.0393447875976563 0.0218620300292969 -0.0137519836425781 0.0360527038574219
-0.0142707824707031 0.0418357849121094 0.00527763366699219 0.0307502746582031
0.0121231079101563 0.0368080139160156 0.011509895324707 0.0124673843383789
0.0363655090332031 0.0196762084960938 0.0098409652709961 0.00118064880371094
0.0380020141601563 0.00246429443359375 -0.0011138916015625 0.00428414344787598
0.034454345703125 0.00282096862792969 -0.00713920593261719 0.00767993927001953
0.0391731262207031 0.00168991088867187 -0.0127744674682617 0.0101165771484375
0.0370140075683594 0.0107040405273438 -0.0144205093383789 0.00769233703613282
0.0266513824462891 0.0274562835693359 -0.0193996429443359 0.000783920288085941
0.00749588012695312 0.0390625 -0.00941848754882813 -0.00748443603515625
-0.0268287658691406 0.0311279296875 0.00172138214111328 -0.00684213638305664
-0.0470619201660156 0.0127487182617188 -0.00479698181152344 0.0166902542114258
-0.053741455078125 -0.00651931762695313 -0.0379905700683594 0.0153732299804688
-0.0299530029296875 -0.0244617462158203 -0.0378265380859375 0.0232582092285156
-0.0363883972167969 -0.01068115234375 -0.0444259643554688 0.0288887023925781
-0.0332546234130859 0.00887107849121094 -0.0187225341796875 0.031524658203125
-0.0186691284179687 0.0280284881591797 -0.00206375122070313 0.0237770080566406
0.00510406494140625 0.0304603576660156 0.000867843627929688 0.00574350357055664
0.0257892608642578 0.0199260711669922 -0.00475835800170898 -0.00040769577026367
0.0317325592041016 0.0053558349609375 -0.0149908065795898 0.00603389739990234
0.0287437438964844 0.00365447998046875 -0.0204715728759766 0.0124397277832031
0.0331325531005859 0.00524520874023438 -0.0228958129882812 0.0142402648925781
0.0335121154785156 0.0116233825683594 -0.0268821716308594 0.00613212585449219
0.0219058990478516 0.0260467529296875 -0.0248146057128906 -0.00279998779296874
0.00532150268554687 0.0356521606445313 -0.0140247344970703 -0.00940990447998047
-0.0274257659912109 0.0247383117675781 0.00116682052612304 -0.00707435607910156
-0.0447425842285156 0.000537872314453133 -0.0144901275634766 0.0169801712036133
-0.0441398620605469 -0.0177116394042969 -0.0506820678710937 0.0106658935546875
-0.00767135620117187 -0.0292072296142578 -0.0422172546386719 0.0143585205078125
-0.0171833038330078 -0.0209770202636719 -0.0463066101074219 0.0232086181640625
-0.0212535858154297 -0.00756645202636718 -0.0190467834472656 0.0275859832763672
-0.0188465118408203 0.01165771484375 -0.00441837310791016 0.0162820816040039
-0.00475502014160156 0.0183315277099609 -0.00487852096557617 -0.000205993652343749
0.0132217407226563 0.0176467895507813 -0.0156898498535156 0.0001983642578125
0.0191097259521484 0.00776481628417969 -0.0258903503417969 0.00862693786621094
0.0183067321777344 0.00609207153320312 -0.029266357421875 0.0146942138671875
0.0214595794677734 0.00539398193359375 -0.0332546234130859 0.0151805877685547
0.0213794708251953 0.00988578796386719 -0.0345916748046875 0.00490379333496093
0.0153369903564453 0.0204448699951172 -0.0312862396240234 -0.00637054443359375
0.00115394592285156 0.02679443359375 -0.0171089172363281 -0.0131349563598633
-0.0240936279296875 0.0174579620361328 -0.00434684753417969 -0.00929546356201172
-0.0347919464111328 -0.00680351257324219 -0.0203475952148438 0.0115604400634766
-0.0301017761230469 -0.0251102447509766 -0.0587692260742187 3.81469726562386E-05
0.000310897827148436 0.0230121612548828 0.0569496154785156 0.000625610351562501
0.0214519500732422 0.00755119323730469 0.024078369140625 -0.00451469421386719
0.0108890533447266 -0.0104570388793945 0.00568294525146484 0.011012077331543
0.000573158264160156 -0.0136737823486328 0.0217056274414063 0.0203723907470703
-0.00673198699951172 -0.0103969573974609 0.0368423461914063 0.00961685180664062
-0.0135498046875 -0.00499725341796875 0.0414161682128906 -0.00796127319335938
-0.00935840606689453 -0.00388526916503906 0.03826904296875 -0.0193519592285156
-0.00677299499511719 -0.00442028045654297 0.03131103515625 -0.0180263519287109
-0.00846099853515625 -0.00874996185302735 0.0271129608154297 -0.00981712341308594
0.000909805297851561 -0.0123996734619141 0.0212421417236328 -0.00127601623535156
0.0128993988037109 -0.00841712951660156 0.00717735290527344 -0.000163078308105469
0.0162105560302734 0.00281906127929688 0.00600814819335938 -0.0102138519287109
0.00978660583496094 0.0186138153076172 0.0214614868164063 -0.0235652923583984
-0.000255584716796876 0.0292091369628906 0.0415534973144531 -0.020477294921875
-0.0141582489013672 0.0290946960449219 0.0376358032226562 -0.00391769409179687
-0.0211219787597656 0.0218944549560547 0.0537910461425781 0.0112075805664063
0.00399017333984375 0.0188961029052734 0.0235176086425781 0.00494194030761719
0.00363707542419434 0.00355052947998047 0.00765705108642578 0.0165729522705078
0.0025932788848877 0.0018768310546875 0.0254573822021484 0.0250892639160156
0.00273633003234863 -0.000400543212890625 0.0392608642578125 0.0111961364746094
0.00151824951171875 -0.00299191474914551 0.0440597534179688 -0.00732803344726563
0.00598382949829102 -0.00645589828491211 0.0401535034179688 -0.0187835693359375
0.00705528259277344 -0.00569820404052734 0.0316276550292969 -0.0162620544433594
0.00818920135498047 -0.00938796997070313 0.0271148681640625 -0.00839424133300781
0.0157842636108398 -0.00686264038085938 0.0204048156738281 0.00163078308105469
0.0217456817626953 0.00375938415527344 0.0062704086303711 0.000982761383056641
0.0164890289306641 0.0183792114257813 0.0032658576965332 -0.00690793991088867
-0.00217819213867188 0.0297412872314453 0.0161151885986328 -0.02130126953125
-0.0192375183105469 0.0338459014892578 0.0335674285888672 -0.0147418975830078
-0.0340309143066406 0.029266357421875 0.0279712677001953 0.00378036499023438
-0.0422515869140625 0.0178794860839844 0.0429954528808594 0.0206680297851562
-0.0179157257080078 0.0249710083007812 0.0165081024169922 0.0160045623779297
-0.00823593139648438 0.0176029205322266 0.0081787109375 0.0247325897216797
0.0042572021484375 0.0198230743408203 0.0258903503417969 0.0301151275634766
0.0127992630004883 0.0118436813354492 0.0388870239257813 0.0135536193847656
0.0178565979003906 0.000751495361328125 0.0424003601074219 -0.00623703002929688
0.020294189453125 -0.00792121887207031 0.0365486145019531 -0.0148773193359375
0.0204315185546875 -0.00674057006835938 0.0273647308349609 -0.0124225616455078
0.0229969024658203 -0.00843048095703125 0.0221138000488281 -0.00465774536132813
0.0286808013916016 -0.00157737731933594 0.0154628753662109 0.00317001342773438
0.0280895233154297 0.014068603515625 0.00159883499145508 0.00289630889892578
0.0172214508056641 0.0295391082763672 -0.000263690948486327 -0.00538444519042969
-0.0102577209472656 0.0365829467773438 0.00989723205566406 -0.0178203582763672
-0.0331497192382813 0.0355758666992187 0.0238037109375 -0.007354736328125
-0.0481948852539063 0.0255050659179687 0.012812614440918 0.0115318298339844
-0.0556488037109375 0.00823211669921874 0.0247325897216797 0.0286903381347656
-0.0384635925292969 0.0265388488769531 0.00366783142089844 0.0272674560546875
-0.0214309692382813 0.0302600860595703 0.00375556945800781 0.0317173004150391
0.00191497802734375 0.0357284545898438 0.0225505828857422 0.0339145660400391
0.0189895629882812 0.0241832733154297 0.0333995819091797 0.0154056549072266
0.0307903289794922 0.00626182556152344 0.0361747741699219 -0.00440216064453125
0.0318069458007813 -0.00758743286132812 0.0273056030273438 -0.00960540771484375
0.0305328369140625 -0.006134033203125 0.0177955627441406 -0.00616073608398438
0.0340538024902344 -0.00756645202636719 0.0126209259033203 0.000603675842285156
0.0374374389648438 0.00207138061523438 0.00714635848999024 0.00489282608032227
0.0315399169921875 0.0211105346679688 -0.00396275520324707 0.00304341316223145
0.0181694030761719 0.0359230041503906 -0.00355768203735351 -0.0041666030883789
-0.0157012939453125 0.0394668579101563 0.00622367858886719 -0.0139589309692383
-0.041839599609375 0.0333747863769531 0.0143260955810547 0.00236797332763672
-0.0567550659179688 0.019317626953125 -0.00297927856445313 0.0172080993652344
-0.0605430603027344 -0.0025787353515625 0.00134468078613281 0.0322647094726563
-0.0509414672851563 0.0205116271972656 -0.0144424438476562 0.0344142913818359
-0.0332298278808594 0.0327224731445313 -0.00394439697265625 0.0358543395996094
-0.003326416015625 0.0453453063964844 0.015838623046875 0.0343112945556641
0.0207118988037109 0.0329723358154297 0.0234508514404297 0.0143070220947266
0.0374526977539063 0.011810302734375 0.0233173370361328 -0.00214385986328125
0.0387344360351563 -0.00592422485351563 0.014094352722168 -0.00265216827392578
0.0356674194335937 -0.00380325317382812 0.00584745407104492 0.0015559196472168
0.0402107238769531 -0.00545120239257813 0.000399589538574221 0.00625896453857422
0.04083251953125 0.0054168701171875 -0.00303506851196289 0.00683736801147461
0.0319557189941406 0.0249576568603516 -0.0113706588745117 0.0020294189453125
0.0158195495605469 0.0388145446777344 -0.00644874572753906 -0.00535011291503906
-0.020660400390625 0.0384330749511719 0.00435161590576172 -0.0100851058959961
-0.0463294982910156 0.0275802612304688 0.00591373443603515 0.0110073089599609
-0.0588455200195313 0.010406494140625 -0.0201435089111328 0.0200672149658203
-0.0520095825195313 -0.014129638671875 -0.0189685821533203 0.031036376953125
-0.0515289306640625 0.00831222534179688 -0.0299186706542969 0.0360031127929688
-0.0380859375 0.0265312194824219 -0.0111122131347656 0.0367202758789063
-0.010528564453125 0.0436325073242188 0.00621986389160156 0.0302925109863281
0.0167579650878906 0.035247802734375 0.011509895324707 0.011591911315918
0.0372352600097656 0.0155181884765625 0.0087437629699707 -0.000170707702636718
0.0382728576660156 -0.0020904541015625 -0.000480413436889646 0.00384640693664551
0.0350131988525391 -0.00187110900878906 -0.0073695182800293 0.00736427307128906
0.0391998291015625 -0.00292205810546875 -0.012120246887207 0.0106868743896484
0.0392265319824219 0.007171630859375 -0.014775276184082 0.00705051422119141
0.0290622711181641 0.0255794525146484 -0.0185718536376953 5.5313110351568E-05
0.0123138427734375 0.03826904296875 -0.0101280212402344 -0.00720119476318359
-0.0229606628417969 0.0342025756835938 0.00203180313110351 -0.00784015655517578
-0.0465164184570312 0.0183677673339844 -0.00296592712402344 0.0158023834228516
-0.0551490783691406 -0.000865936279296876 -0.0357284545898438 0.0180244445800781
-0.0333633422851562 -0.0235729217529297 -0.0353584289550781 0.025146484375
-0.0396652221679688 -0.00536346435546875 -0.0405731201171875 0.0332412719726563
-0.0339374542236328 0.01214599609375 -0.0165462493896484 0.0330142974853516
-0.0157184600830078 0.0311717987060547 -0.000694274902343752 0.0239810943603516
0.00848579406738281 0.0297012329101563 0.000586509704589845 0.00598526000976563
0.0294322967529297 0.017181396484375 -0.0055856704711914 0.000424385070800782
0.0318927764892578 0.00112533569335937 -0.0143766403198242 0.00786972045898438
0.0298824310302734 0.00104713439941406 -0.0190162658691406 0.0136833190917969
0.0331592559814453 1.1444091796875E-05 -0.0226402282714844 0.0148143768310547
0.033721923828125 0.00773048400878906 -0.0258274078369141 0.00832176208496094
0.0241870880126953 0.0227851867675781 -0.0256767272949219 -0.00171470642089844
0.0089263916015625 0.0341567993164063 -0.0133914947509766 -0.00999164581298828
-0.0246105194091797 0.0276260375976563 -0.000867843627929689 -0.00886440277099609
-0.0432205200195313 0.00794219970703125 -0.0115499496459961 0.017486572265625
-0.0463523864746094 -0.0126152038574219 -0.0489463806152344 0.0131301879882813
-0.0103569030761719 -0.0281906127929688 -0.0417442321777344 0.0174598693847656
-0.0197296142578125 -0.01812744140625 -0.0443382263183594 0.0271530151367187
-0.0224685668945313 -0.00405502319335937 -0.0170745849609375 0.0286960601806641
-0.017298698425293 0.0137977600097656 -0.00502872467041016 0.0164251327514648
-0.001556396484375 0.0190849304199219 -0.00581026077270508 0.00149154663085938
0.0158472061157227 0.0147905349731445 -0.0156431198120117 0.00102424621582031
0.0205764770507813 0.00514793395996094 -0.0245933532714844 0.0110359191894531
0.0189495086669922 0.00275039672851563 -0.0275440216064453 0.0175590515136719
0.0225601196289063 0.00221061706542969 -0.0312156677246094 0.0170173645019531
0.0230388641357422 0.00675201416015625 -0.0342063903808594 0.00747680664062501
0.0172824859619141 0.0178565979003906 -0.0312747955322266 -0.00477790832519532
0.00524520874023437 0.0259304046630859 -0.0184898376464844 -0.0125770568847656
-0.0218620300292969 0.0192108154296875 -0.00407886505126953 -0.00984668731689453
-0.0349330902099609 -0.00145912170410156 -0.0194969177246094 0.0134983062744141
-0.0315284729003906 -0.0212459564208984 -0.0584602355957031 0.00415420532226563
0.00168037414550781 0.0213603973388672 0.0552291870117188 -0.00278854370117187
0.0209178924560547 0.00578880310058594 0.0227851867675781 -0.00627899169921875
0.009765625 -0.0111494064331055 0.00543498992919922 0.0106487274169922
-0.00105571746826172 -0.012629508972168 0.022247314453125 0.0190067291259766
-0.00696945190429687 -0.00905609130859375 0.0371246337890625 0.00702667236328125
-0.0129289627075195 -0.00344467163085937 0.0404052734375 -0.0106468200683594
-0.00859260559082031 -0.00227022171020508 0.0360145568847656 -0.0217323303222656
-0.00638389587402344 -0.00362157821655273 0.0297298431396484 -0.0200595855712891
-0.00861120223999023 -0.0071096420288086 0.025787353515625 -0.0127754211425781
-0.000533103942871093 -0.0114507675170898 0.0211372375488281 -0.00370597839355469
0.0110206604003906 -0.00916862487792969 0.00850248336791992 -0.00199174880981445
0.0151643753051758 0.00119876861572266 0.00688648223876953 -0.0104484558105469
0.0108737945556641 0.0166015625 0.0201568603515625 -0.0234012603759766
0.00203323364257813 0.026947021484375 0.0400123596191406 -0.0218620300292969
-0.0114955902099609 0.0280857086181641 0.0372047424316406 -0.00690078735351562
-0.0197181701660156 0.0223064422607422 0.0531578063964844 0.00761795043945313
0.00330448150634766 0.016901969909668 0.023101806640625 0.00293922424316406
0.00243926048278809 0.00329375267028809 0.00797271728515625 0.0159473419189453
0.00243997573852539 0.00233697891235352 0.0254268646240234 0.0236167907714844
0.00313997268676758 0.000290870666503906 0.0395965576171875 0.008880615234375
0.0018305778503418 -0.00181889533996582 0.0433464050292969 -0.0105972290039063
0.00553798675537109 -0.00599908828735352 0.0377120971679688 -0.021270751953125
0.00739717483520508 -0.00591945648193359 0.030303955078125 -0.0191726684570313
0.00765132904052734 -0.00868129730224609 0.0260639190673828 -0.0112152099609375
0.0151958465576172 -0.00727081298828125 0.0206680297851563 -0.00184822082519531
0.0201568603515625 0.00274658203125 0.00743818283081055 -0.000166893005371094
0.0173578262329102 0.0164432525634766 0.00437068939208984 -0.00746631622314453
-0.000591278076171874 0.0286788940429688 0.0153064727783203 -0.0207252502441406
-0.0166034698486328 0.0334453582763672 0.0326251983642578 -0.0164031982421875
-0.0310211181640625 0.0294227600097656 0.0287818908691406 0.00115966796875
-0.0404891967773438 0.018646240234375 0.0429878234863281 0.0176544189453125
-0.0174674987792969 0.0257339477539063 0.0168428421020508 0.0142421722412109
-0.00836753845214844 0.0191154479980469 0.00767707824707032 0.0231971740722656
0.0046844482421875 0.0197734832763672 0.0264625549316406 0.0280876159667969
0.0129785537719727 0.0115280151367187 0.0388336181640625 0.0112419128417969
0.017512321472168 0.000460624694824219 0.0412406921386719 -0.00908279418945313
0.0199737548828125 -0.00853919982910156 0.0346889495849609 -0.0174217224121094
0.0206890106201172 -0.00766754150390625 0.0248584747314453 -0.0146331787109375
0.0224819183349609 -0.00963592529296875 0.0204010009765625 -0.00692939758300781
0.0281314849853516 -0.00336647033691406 0.0156641006469727 0.000561714172363281
0.0284633636474609 0.0121898651123047 0.00271773338317871 0.000998258590698243
0.0192947387695312 0.0275955200195313 0.000799655914306642 -0.0058293342590332
-0.00837326049804688 0.0364303588867188 0.00971221923828125 -0.0179538726806641
-0.0305824279785156 0.0367317199707031 0.0232791900634766 -0.00869941711425781
-0.0453987121582031 0.02764892578125 0.0152435302734375 0.0092306137084961
-0.0549087524414063 0.0114974975585938 0.0259532928466797 0.0263042449951172
-0.0367431640625 0.02838134765625 0.00488662719726562 0.0250282287597656
-0.0201301574707031 0.0311927795410156 0.00398826599121094 0.0300884246826172
0.00399017333984375 0.0355339050292969 0.0233917236328125 0.0316867828369141
0.0208930969238281 0.0229835510253906 0.0330009460449219 0.0129432678222656
0.0308513641357422 0.00405311584472656 0.0336780548095703 -0.00625991821289063
0.0310535430908203 -0.00936317443847656 0.0258331298828125 -0.0111255645751953
0.0301494598388672 -0.00796699523925781 0.0166902542114258 -0.00804424285888672
0.0333805084228516 -0.00958442687988281 0.0118961334228516 -0.00161933898925781
0.0368385314941406 -0.000240325927734375 0.00751590728759766 0.0025639533996582
0.0325927734375 0.0186653137207031 -0.00326442718505859 0.0016484260559082
0.0201511383056641 0.0342330932617188 -0.00271463394165039 -0.00550079345703125
-0.013397216796875 0.0399398803710938 0.00618553161621094 -0.0144062042236328
-0.0390052795410156 0.0355262756347656 0.0143804550170898 0.000622749328613284
-0.0541610717773438 0.0224990844726562 -0.00024795532226563 0.0150251388549805
-0.060089111328125 0.00147628784179687 0.00379180908203124 0.0306015014648438
-0.0491104125976563 0.0237808227539063 -0.0115642547607422 0.0327587127685547
-0.0313644409179687 0.035247802734375 -0.00325584411621094 0.0349578857421875
-0.000213623046875 0.0447731018066406 0.016326904296875 0.0325546264648438
0.0231151580810547 0.0315971374511719 0.0230331420898438 0.0126152038574219
0.0383033752441406 0.00870132446289063 0.0217437744140625 -0.0036163330078125
0.0378646850585938 -0.00831222534179688 0.0136041641235352 -0.00410652160644531
0.0347175598144531 -0.00717926025390625 0.00488471984863281 0.000491142272949218
0.0390968322753906 -0.00820541381835938 0.000360012054443362 0.00450372695922851
0.0406990051269531 0.00189590454101563 -0.00330209732055664 0.00536680221557617
0.0340633392333984 0.0222854614257813 -0.0106296539306641 0.00130367279052735
0.0185432434082031 0.0377044677734375 -0.0064234733581543 -0.00622034072875976
-0.0181732177734375 0.0396575927734375 0.00417137145996094 -0.0110015869140625
-0.0438041687011719 0.0306015014648438 0.00701427459716797 0.00898551940917969
-0.0572433471679687 0.014068603515625 -0.0171756744384766 0.0193023681640625
-0.0525093078613281 -0.010009765625 -0.0169620513916016 0.0307655334472656
-0.050567626953125 0.0120391845703125 -0.0272598266601563 0.0353164672851563
-0.0361785888671875 0.0292015075683594 -0.0101852416992188 0.0353507995605469
-0.00672149658203125 0.0442237854003906 0.00741004943847657 0.0291843414306641
0.0188331604003906 0.0338592529296875 0.0108728408813477 0.0106306076049805
0.0377044677734375 0.0124092102050781 0.00784921646118164 -0.000728130340576171
0.0376396179199219 -0.0052947998046875 -0.000562906265258787 0.00315117835998535
0.0345478057861328 -0.00498771667480469 -0.00694656372070312 0.00716352462768555
0.0384445190429688 -0.00645828247070313 -0.0116453170776367 0.00994014739990235
0.0397071838378906 0.00342941284179687 -0.0145816802978516 0.00698375701904297
0.0313682556152344 0.0232410430908203 -0.0178928375244141 0.00035858154296875
0.0153770446777344 0.0365791320800781 -0.00976181030273438 -0.00774288177490234
-0.0206413269042969 0.0354576110839844 0.00184822082519531 -0.0087890625
-0.04510498046875 0.0220260620117188 -0.00204849243164063 0.0149116516113281
-0.0539970397949219 0.00360488891601563 -0.03271484375 0.0187282562255859
-0.0356025695800781 -0.0191154479980469 -0.0334262847900391 0.0261459350585938
-0.0393714904785156 -0.00199508666992187 -0.0387611389160156 0.0331077575683594
-0.0327682495117188 0.0155220031738281 -0.0151214599609375 0.0323982238769531
-0.0123157501220703 0.0325889587402344 -0.000373840332031251 0.0228786468505859
0.0106010437011719 0.0284023284912109 0.000581741333007813 0.00614070892333985
0.0299034118652344 0.0140666961669922 -0.00632858276367187 0.00130748748779297
0.0310745239257813 -0.00149917602539063 -0.0137147903442383 0.00912189483642578
0.0286712646484375 -0.00215339660644531 -0.0179290771484375 0.0143566131591797
0.0328254699707031 -0.00306892395019531 -0.0223102569580078 0.0154170989990234
0.0333118438720703 0.00464057922363281 -0.0251121520996094 0.00832366943359376
0.02587890625 0.0204238891601563 -0.02532958984375 -0.000867843627929681
0.0110073089599609 0.0323410034179688 -0.0139884948730469 -0.00969791412353515
-0.0221519470214844 0.0287456512451172 -0.000546932220458985 -0.00872468948364258
-0.0414886474609375 0.0109901428222656 -0.00944232940673828 0.0167407989501953
-0.0458221435546875 -0.00769805908203125 -0.0469322204589844 0.0148735046386719
-0.0128421783447266 -0.0261211395263672 -0.040557861328125 0.0191383361816406
-0.02130126953125 -0.0152339935302734 -0.0415306091308594 0.0281753540039062
-0.0226535797119141 -0.00153732299804688 -0.0164108276367188 0.0279636383056641
-0.015376091003418 0.0151472091674805 -0.00506877899169922 0.0160274505615234
0.000503540039062499 0.0187416076660156 -0.00655651092529297 0.0027008056640625
0.0164003372192383 0.0124540328979492 -0.0160531997680664 0.00210952758789063
0.0200290679931641 0.00274658203125 -0.0233230590820313 0.0128002166748047
0.0188255310058594 0.000848770141601563 -0.0262565612792969 0.0191116333007813
0.0224475860595703 -0.000242233276367188 -0.0301513671875 0.0184364318847656
0.0234565734863281 0.00442886352539063 -0.0335636138916016 0.00843811035156249
0.0180950164794922 0.0155448913574219 -0.0314712524414062 -0.0027313232421875
0.00679779052734375 0.0249271392822266 -0.0179672241210938 -0.0121631622314453
-0.0193386077880859 0.0199069976806641 -0.00453948974609375 -0.00980567932128906
-0.0338897705078125 0.00136184692382813 -0.0177364349365234 0.0141658782958984
-0.0319118499755859 -0.0174789428710938 -0.0563583374023438 0.0064544677734375
0.00213050842285156 0.0198211669921875 0.0546150207519531 -0.00359344482421875
0.0194149017333984 0.004608154296875 0.0217933654785156 -0.00675582885742187
0.00879573822021485 -0.0112056732177734 0.00531196594238281 0.0106325149536133
-0.00171566009521484 -0.0116710662841797 0.0222072601318359 0.0192546844482422
-0.00735712051391602 -0.00827550888061523 0.0372657775878906 0.00613021850585937
-0.0127420425415039 -0.00223255157470703 0.0404014587402344 -0.0117263793945312
-0.00829267501831055 -0.00196409225463867 0.0350685119628906 -0.0230846405029297
-0.00616788864135742 -0.00347471237182617 0.0286483764648438 -0.0214576721191406
-0.00841426849365234 -0.00605010986328125 0.0252933502197266 -0.0141525268554687
-0.00109195709228516 -0.0105009078979492 0.0212860107421875 -0.005340576171875
0.00968742370605469 -0.00917339324951172 0.00955104827880859 -0.00305366516113281
0.0140619277954102 0.000613212585449219 0.00767707824707031 -0.0105648040771484
0.0112323760986328 0.0151586532592773 0.0202674865722656 -0.0226821899414063
0.00340461730957031 0.0258560180664063 0.0391197204589844 -0.0223922729492188
-0.00972175598144532 0.0273170471191406 0.0378684997558594 -0.0086822509765625
-0.0195636749267578 0.0219211578369141 0.0529251098632813 0.00618743896484375
0.00301933288574219 0.0162649154663086 0.0216655731201172 0.00181198120117188
0.00176048278808594 0.00359559059143066 0.00750827789306641 0.0157976150512695
0.00210976600646973 0.00307869911193848 0.0256214141845703 0.0230369567871094
0.00328254699707031 0.000781536102294922 0.0395431518554687 0.00819015502929688
0.00256919860839844 -0.00174880027770996 0.0429840087890625 -0.0113983154296875
0.00578022003173828 -0.00634098052978516 0.0367813110351563 -0.0223846435546875
0.00757598876953125 -0.00614500045776367 0.0287704467773438 -0.0206108093261719
0.00772571563720703 -0.00881862640380859 0.0249404907226562 -0.0126304626464844
0.0149936676025391 -0.00684261322021484 0.0206317901611328 -0.00341415405273438
0.0201301574707031 0.00223159790039063 0.00799322128295899 -0.00135040283203125
0.0170993804931641 0.0158796310424805 0.00547981262207031 -0.00795745849609375
0.00020027160644531 0.0274276733398438 0.0152111053466797 -0.0205707550048828
-0.0155277252197266 0.0329093933105469 0.0320873260498047 -0.0173301696777344
-0.0290679931640625 0.0290737152099609 0.0296688079833984 -0.00112533569335937
-0.0399971008300781 0.019805908203125 0.0431900024414063 0.0160064697265625
-0.0172252655029297 0.0251350402832031 0.0161209106445313 0.0125799179077148
-0.00812911987304688 0.0197277069091797 0.00707244873046875 0.0227165222167969
0.00527572631835938 0.0197601318359375 0.026458740234375 0.0276565551757813
0.0137882232666016 0.0115814208984375 0.038421630859375 0.0100898742675781
0.0178146362304688 0.000402450561523438 0.0402030944824219 -0.0103187561035156
0.0195465087890625 -0.00918197631835938 0.0332984924316406 -0.0190410614013672
0.020477294921875 -0.00842094421386719 0.0239391326904297 -0.0161342620849609
0.022430419921875 -0.00992202758789062 0.0197410583496094 -0.00872230529785156
0.0278263092041016 -0.00362968444824219 0.0156259536743164 -0.00160312652587891
0.0284099578857422 0.0113449096679688 0.00327181816101074 -0.000529050827026367
0.0200366973876953 0.02679443359375 0.00208091735839844 -0.00663375854492187
-0.0070953369140625 0.0361709594726563 0.0096435546875 -0.0177555084228516
-0.0291824340820312 0.0370407104492188 0.0238742828369141 -0.00983810424804688
-0.0441627502441406 0.027801513671875 0.0167827606201172 0.0071868896484375
-0.0545578002929688 0.0132102966308594 0.026519775390625 0.0245018005371094
-0.0361366271972656 0.0288734436035156 0.00470161437988281 0.0235843658447266
-0.02008056640625 0.0327110290527344 0.00344657897949219 0.0293979644775391
0.00531005859375 0.0352325439453125 0.0233211517333984 0.0309944152832031
0.0218696594238281 0.0224666595458984 0.0324745178222656 0.0119590759277344
0.0310440063476563 0.00344467163085938 0.0329303741455078 -0.00716400146484375
0.0313034057617188 -0.010650634765625 0.0253314971923828 -0.0122394561767578
0.0304393768310547 -0.0093841552734375 0.0159235000610352 -0.00928878784179688
0.0330772399902344 -0.0108280181884766 0.011012077331543 -0.00310420989990235
0.03704833984375 -0.00186920166015625 0.00725030899047852 0.00129461288452148
0.0334930419921875 0.0175228118896484 -0.00252413749694824 -6.91413879394431E-06
0.0212516784667969 0.0337753295898438 -0.00191116333007812 -0.00634670257568359
-0.0122642517089844 0.0403594970703125 0.00620555877685547 -0.0142431259155273
-0.0383377075195313 0.0372962951660156 0.0150442123413086 -0.000767707824707029
-0.052703857421875 0.0234947204589844 0.00111293792724609 0.0131845474243164
-0.060089111328125 0.00328063964843749 0.00455856323242187 0.0296573638916016
-0.0483970642089844 0.0251693725585938 -0.0108070373535156 0.0314235687255859
-0.030426025390625 0.0371208190917969 -0.00334739685058594 0.0337505340576172
0.00116348266601563 0.0451011657714844 0.0165309906005859 0.0315341949462891
0.0245552062988281 0.0309982299804687 0.0222129821777344 0.0120697021484375
0.0384941101074219 0.00718307495117188 0.0205631256103516 -0.00338172912597656
0.0373764038085938 -0.010040283203125 0.0127639770507813 -0.00465774536132813
0.0347652435302734 -0.00859451293945313 0.00486516952514649 -0.000617504119873047
0.0388641357421875 -0.0102577209472656 -0.00024294853210449 0.00366115570068359
0.0409965515136719 -0.000194549560546875 -0.00353622436523437 0.00392889976501465
0.0346488952636719 0.0210628509521484 -0.0104665756225586 0.000366210937500002
0.0201568603515625 0.036590576171875 -0.00583553314208984 -0.0065155029296875
-0.0166664123535156 0.0400772094726563 0.00409793853759766 -0.0116539001464844
-0.0429916381835938 0.0324287414550781 0.00753736495971679 0.00800085067749024
-0.0558738708496094 0.0161666870117188 -0.0153217315673828 0.0176296234130859
-0.0532569885253906 -0.00777816772460938 -0.0158596038818359 0.0298404693603516
-0.0499458312988281 0.0141143798828125 -0.02606201171875 0.0343074798583984
-0.035552978515625 0.0311431884765625 -0.0104084014892578 0.0342121124267578
-0.00519180297851562 0.0445213317871094 0.00713729858398438 0.0284023284912109
0.0205345153808594 0.0330944061279297 0.0107841491699219 0.010645866394043
0.0381965637207031 0.0107154846191406 0.00676536560058594 -0.000367164611816406
0.0371742248535156 -0.00720977783203125 -0.000504970550537107 0.00291943550109863
0.0345268249511719 -0.00661277770996094 -0.00690364837646484 0.0076441764831543
0.0384559631347656 -0.008392333984375 -0.0117359161376953 0.0100421905517578
0.0401611328125 0.0015411376953125 -0.0146255493164062 0.00621414184570312
0.0323600769042969 0.0216426849365234 -0.0178623199462891 -0.000289916992187497
0.0167922973632812 0.0359840393066406 -0.00930500030517578 -0.00800895690917968
-0.0197334289550781 0.0365486145019531 0.0019693374633789 -0.0094766616821289
-0.0442085266113281 0.0239677429199219 -0.00108623504638672 0.013554573059082
-0.0531387329101563 0.00537872314453125 -0.0309791564941406 0.0175724029541016
-0.0365333557128906 -0.0176849365234375 -0.0325965881347656 0.0260086059570313
-0.0395927429199219 -0.000152587890625 -0.0369682312011719 0.0329437255859375
-0.0324440002441406 0.0167140960693359 -0.0148124694824219 0.0318012237548828
-0.0106964111328125 0.0332088470458984 -0.000513076782226561 0.0226860046386719
0.0123386383056641 0.0277538299560547 -0.000194549560546874 0.00676250457763672
0.0300331115722656 0.0122299194335938 -0.00652885437011718 0.00200223922729492
0.0309028625488281 -0.00309181213378906 -0.0130929946899414 0.00971603393554687
0.0287094116210938 -0.00381088256835938 -0.0171394348144531 0.015167236328125
0.0324859619140625 -0.00498008728027344 -0.021881103515625 0.0156288146972656
0.0332393646240234 0.00257301330566406 -0.0247325897216797 0.00825309753417969
0.0267486572265625 0.01934814453125 -0.02520751953125 -0.00145339965820312
0.0127067565917969 0.0317821502685547 -0.0137062072753906 -0.0100317001342773
-0.0204029083251953 0.0293827056884766 -0.000760078430175782 -0.00960254669189453
-0.0410079956054687 0.0135726928710938 -0.00823879241943359 0.0165548324584961
-0.0453376770019531 -0.00552749633789063 -0.0452728271484375 0.0148696899414063
-0.0142021179199219 -0.0249385833740234 -0.0396041870117188 0.0200347900390625
-0.0217742919921875 -0.0138072967529297 -0.0400962829589844 0.0279655456542969
-0.0226459503173828 -1.52587890625042E-05 -0.0160369873046875 0.0271167755126953
-0.0136823654174805 0.015995979309082 -0.00557804107666016 0.0160627365112305
0.0020904541015625 0.0184421539306641 -0.0071563720703125 0.00318336486816407
0.0173139572143555 0.0109729766845703 -0.0161981582641602 0.00355434417724609
0.0197467803955078 0.00107574462890625 -0.0225238800048828 0.0136795043945313
0.0186958312988281 -0.000402450561523438 -0.0248146057128906 0.0195178985595703
0.0217208862304688 -0.00172615051269531 -0.0295982360839844 0.0192451477050781
0.0230426788330078 0.00272560119628906 -0.0335006713867188 0.00861167907714843
0.0185623168945313 0.0145950317382813 -0.0313606262207031 -0.00247573852539063
0.00818824768066406 0.0237941741943359 -0.0181694030761719 -0.0124549865722656
-0.0183944702148438 0.0203666687011719 -0.00430583953857422 -0.00984573364257812
-0.0331287384033203 0.00288391113281249 -0.0161294937133789 0.0140542984008789
-0.0314884185791016 -0.0155220031738281 -0.0549736022949219 0.00683593749999999
0.00261306762695313 0.0195770263671875 0.05535888671875 -0.00411605834960937
0.0192050933837891 0.0040740966796875 0.0215206146240234 -0.00714683532714844
0.0084075927734375 -0.0111846923828125 0.00537109375 0.0106801986694336
-0.00199508666992187 -0.0116806030273438 0.0227680206298828 0.0195369720458984
-0.00782871246337891 -0.00788211822509765 0.0381240844726563 0.0059356689453125
-0.0126466751098633 -0.00126838684082031 0.0414962768554688 -0.0124702453613281
-0.00779247283935547 -0.00141143798828125 0.0357933044433594 -0.0240516662597656
-0.005767822265625 -0.00279426574707031 0.0287361145019531 -0.0228290557861328
-0.00811672210693359 -0.00513505935668945 0.0250453948974609 -0.0152454376220703
-0.0014190673828125 -0.00986671447753906 0.0216026306152344 -0.00727081298828125
0.00921249389648438 -0.00959682464599609 0.0110874176025391 -0.00382423400878906
0.0141687393188477 -5.43594360351563E-05 0.00871372222900391 -0.0108098983764648
0.0115280151367187 0.0142173767089844 0.0213985443115234 -0.0222702026367188
0.00361061096191406 0.0253047943115234 0.0399131774902344 -0.0233039855957031
-0.00884628295898437 0.0267868041992188 0.039093017578125 -0.00977325439453125
-0.019744873046875 0.0221729278564453 0.0533714294433594 0.00576019287109375
0.00262165069580078 0.0161666870117188 0.0213966369628906 0.001190185546875
0.00129795074462891 0.00446081161499023 0.00692081451416015 0.0160131454467773
0.00242853164672852 0.00336885452270508 0.0260334014892578 0.0234737396240234
0.00362253189086914 0.00102663040161133 0.0404472351074219 0.00771713256835937
0.00287365913391113 -0.000876188278198242 0.0439605712890625 -0.0126113891601563
0.00648927688598633 -0.00633955001831055 0.0370597839355469 -0.0241317749023437
0.00792169570922852 -0.00693130493164063 0.0284233093261719 -0.0217876434326172
0.0085148811340332 -0.00865650177001953 0.0251388549804688 -0.0144882202148437
0.0149326324462891 -0.00689888000488281 0.0214500427246094 -0.00537300109863281
0.0197601318359375 0.00219345092773438 0.00950241088867188 -0.00258064270019531
0.0175161361694336 0.0155115127563477 0.0067596435546875 -0.00891685485839844
0.000398635864257809 0.0276527404785156 0.0159130096435547 -0.0206718444824219
-0.0155105590820312 0.0331592559814453 0.0326766967773438 -0.0180435180664062
-0.0289402008056641 0.02911376953125 0.0309581756591797 -0.00200843811035156
-0.0404586791992188 0.0201454162597656 0.0436363220214844 0.0157699584960938
-0.0180950164794922 0.0258712768554687 0.0156736373901367 0.0116500854492188
-0.00885391235351563 0.0210838317871094 0.00648880004882812 0.0228214263916016
0.00575637817382813 0.0204734802246094 0.0266933441162109 0.0279712677001953
0.0145158767700195 0.0121269226074219 0.038909912109375 0.00977706909179688
0.0184535980224609 0.000215530395507813 0.0408401489257813 -0.0110816955566406
0.0204696655273438 -0.00970077514648438 0.0337066650390625 -0.0205764770507813
0.0207805633544922 -0.00931739807128906 0.0237159729003906 -0.0174903869628906
0.0227737426757813 -0.0114421844482422 0.0191497802734375 -0.0100154876708984
0.0285358428955078 -0.00452613830566406 0.0162143707275391 -0.00320816040039063
0.0292625427246094 0.0112648010253906 0.00457000732421875 -0.00205802917480469
0.0209312438964844 0.0273246765136719 0.00290536880493164 -0.00732326507568359
-0.00714874267578124 0.0376243591308594 0.0107917785644531 -0.0179882049560547
-0.0295448303222656 0.0382080078125 0.0241909027099609 -0.0102500915527344
-0.0439720153808594 0.0282516479492188 0.0182590484619141 0.00590324401855469
-0.0558395385742188 0.01434326171875 0.0271396636962891 0.0239582061767578
-0.0368766784667969 0.0299835205078125 0.0042572021484375 0.0226116180419922
-0.0205364227294922 0.0345687866210938 0.00255584716796875 0.0294399261474609
0.00593948364257813 0.0364036560058594 0.0232009887695313 0.0315532684326172
0.0231990814208984 0.0232105255126953 0.0325584411621094 0.0122032165527344
0.0320549011230469 0.00315093994140625 0.0329914093017578 -0.00733566284179687
0.0319385528564453 -0.0118293762207031 0.0246047973632813 -0.0135459899902344
0.0308074951171875 -0.0105857849121094 0.0154180526733398 -0.0100164413452148
0.0338993072509766 -0.0122699737548828 0.0103111267089844 -0.00407886505126953
0.0379257202148437 -0.00235748291015625 0.00713539123535157 -0.000121116638183594
0.034942626953125 0.0173931121826172 -0.00248241424560547 -0.00137114524841309
0.0223922729492188 0.0340480804443359 -0.000935077667236327 -0.00731325149536133
-0.011962890625 0.0419654846191406 0.00663375854492188 -0.0147504806518555
-0.0383071899414063 0.0387077331542969 0.0157928466796875 -0.00146865844726562
-0.053314208984375 0.0245246887207031 0.00278472900390625 0.0120763778686523
-0.0616989135742188 0.00432586669921875 0.00540733337402343 0.0297012329101563
-0.0496826171875 0.0263328552246094 -0.0111579895019531 0.0308475494384766
-0.0309371948242187 0.0387344360351563 -0.00415039062500001 0.0343532562255859
0.00212478637695313 0.0467720031738281 0.0158557891845703 0.0317039489746094
0.0261039733886719 0.0305709838867188 0.0222644805908203 0.0123538970947266
0.0396385192871094 0.00687789916992188 0.0204219818115234 -0.00379753112792969
0.0380821228027344 -0.0109519958496094 0.0128297805786133 -0.00478744506835938
0.0357017517089844 -0.0104293823242188 0.00497055053710938 -0.00128412246704102
0.0398902893066406 -0.0119209289550781 -0.000566959381103513 0.00296664237976074
0.0421409606933594 -0.00160980224609375 -0.00384092330932617 0.00322699546813965
0.0367698669433594 0.0198898315429688 -0.0107965469360352 -0.0005645751953125
0.0218162536621094 0.0371742248535156 -0.00497913360595703 -0.00777387619018554
-0.0166702270507813 0.0417633056640625 0.00401401519775391 -0.0122642517089844
-0.043365478515625 0.0347213745117188 0.00808954238891601 0.00708770751953125
-0.0565414428710938 0.0171966552734375 -0.0143299102783203 0.0166225433349609
-0.0548667907714844 -0.00677871704101563 -0.0157585144042969 0.0302028656005859
-0.0510177612304687 0.0152740478515625 -0.0262889862060547 0.0343837738037109
-0.0364723205566406 0.0330123901367188 -0.0109939575195313 0.0343894958496094
-0.00406265258789063 0.0457687377929688 0.00649261474609375 0.0284557342529297
0.0221843719482422 0.0335807800292969 0.00987052917480469 0.0109872817993164
0.0396080017089844 0.0100135803222656 0.00639200210571289 0.000164508819580079
0.0380096435546875 -0.00844192504882813 -0.000452280044555662 0.0028996467590332
0.0350990295410156 -0.00808906555175781 -0.00670433044433594 0.00767898559570312
0.0389366149902344 -0.00999832153320313 -0.0122604370117188 0.0102100372314453
0.040802001953125 -0.000148773193359375 -0.0155124664306641 0.0059823989868164
0.0340499877929688 0.0208568572998047 -0.0186767578125 -0.00114250183105468
0.0185012817382813 0.0361442565917969 -0.00948143005371094 -0.00893974304199219
-0.019256591796875 0.0378341674804688 0.00204753875732422 -0.0103693008422852
-0.0442886352539062 0.0261459350585938 -0.000364303588867189 0.0128421783447266
-0.0540428161621094 0.00654983520507814 -0.0305900573730469 0.0169506072998047
-0.0380096435546875 -0.0168190002441406 -0.0330562591552734 0.0266780853271484
-0.040191650390625 0.00120925903320313 -0.0374221801757812 0.0328140258789063
-0.0325908660888672 0.0187644958496094 -0.0158863067626953 0.0318202972412109
-0.00938796997070313 0.0342521667480469 -0.000797271728515623 0.022491455078125
0.0138168334960938 0.0283393859863281 -0.000550746917724608 0.00737619400024414
0.0310764312744141 0.0111198425292969 -0.00735330581665039 0.00247049331665039
0.0312404632568359 -0.00441932678222656 -0.0132846832275391 0.010279655456543
0.0291690826416016 -0.00551986694335938 -0.0178470611572266 0.0150146484375
0.0328788757324219 -0.00658607482910156 -0.0225200653076172 0.0160121917724609
0.0341701507568359 0.000926971435546875 -0.0255355834960937 0.00815010070800781
0.0281333923339844 0.0186767578125 -0.0264854431152344 -0.00159454345703125
0.0143260955810547 0.0314502716064453 -0.0145015716552734 -0.0109348297119141
-0.0200424194335937 0.0308685302734375 -0.00067138671875 -0.00993728637695312
-0.0410957336425781 0.0155830383300781 -0.00770854949951172 0.0160436630249023
-0.0456352233886719 -0.00441741943359375 -0.0453948974609375 0.0145797729492188
-0.0149440765380859 -0.0241546630859375 -0.040496826171875 0.0206451416015625
-0.0226993560791016 -0.0126438140869141 -0.0408210754394531 0.0284271240234375
-0.0230388641357422 0.00138282775878906 -0.0166492462158203 0.0275821685791016
-0.0128860473632813 0.0173883438110352 -0.00644683837890625 0.0166091918945313
0.00342559814453125 0.0182971954345703 -0.00787544250488281 0.00363016128540039
0.0179080963134766 0.0103778839111328 -0.0170421600341797 0.00423431396484375
0.0201339721679688 -3.24249267578125E-05 -0.0223827362060547 0.0146884918212891
0.0189418792724609 -0.00155830383300781 -0.0246295928955078 0.0203323364257812
0.0223579406738281 -0.00293731689453125 -0.0304927825927734 0.0202846527099609
0.0235996246337891 0.00149345397949219 -0.0344753265380859 0.00919723510742187
0.0194034576416016 0.0143260955810547 -0.0323982238769531 -0.00274085998535156
0.00919151306152344 0.0233078002929688 -0.0181808471679688 -0.0130538940429687
-0.0180644989013672 0.0207653045654297 -0.00410842895507813 -0.0106906890869141
-0.0331516265869141 0.00443840026855469 -0.0159721374511719 0.0140752792358398
-0.0316123962402344 -0.0144901275634766 -0.0554656982421875 0.00680160522460936
0.00337982177734375 0.0199737548828125 0.0574874877929687 -0.00473785400390625
0.0193729400634766 0.003326416015625 0.0215435028076172 -0.00769996643066406
0.00802898406982422 -0.0113000869750977 0.00517845153808594 0.0117473602294922
-0.00290393829345703 -0.0113430023193359 0.0238857269287109 0.0201854705810547
-0.00844526290893555 -0.00773811340332031 0.0402603149414063 0.00516128540039062
-0.0126657485961914 -0.000774383544921874 0.0433158874511719 -0.0148239135742188
-0.00789213180541992 -0.00092744827270508 0.0365180969238281 -0.0267601013183594
-0.00575017929077149 -0.00270748138427734 0.0291519165039063 -0.0246601104736328
-0.00788307189941406 -0.00457096099853516 0.0254802703857422 -0.017303466796875
-0.00150871276855469 -0.00976943969726563 0.0226192474365234 -0.00893592834472656
0.00855922698974609 -0.00950717926025391 0.0119838714599609 -0.00528240203857422
0.0141992568969727 -0.0002899169921875 0.010106086730957 -0.0116453170776367
0.0121927261352539 0.0145702362060547 0.0220870971679688 -0.0234851837158203
0.00458335876464844 0.0253791809082031 0.0414047241210938 -0.0248603820800781
-0.00811958312988281 0.0272617340087891 0.0415611267089844 -0.0119171142578125
-0.0200309753417969 0.0234775543212891 0.0559234619140625 0.0052032470703125
0.00222969055175781 0.0172157287597656 0.0215244293212891 0.000492095947265626
0.00136423110961914 0.00515365600585938 0.00737094879150391 0.0166664123535156
0.00274062156677246 0.00399971008300781 0.0275497436523438 0.0240325927734375
0.00368261337280273 0.00152468681335449 0.0421104431152344 0.00716400146484375
0.00356292724609375 -0.000513076782226563 0.0448989868164062 -0.014129638671875
0.0071558952331543 -0.00652885437011719 0.0375137329101563 -0.0263900756835938
0.00858974456787109 -0.00725078582763672 0.0285243988037109 -0.0242404937744141
0.00859737396240234 -0.00871849060058594 0.0249919891357422 -0.0161418914794922
0.0152788162231445 -0.00729846954345703 0.0219898223876953 -0.00748443603515625
0.0207500457763672 0.0020904541015625 0.0102910995483398 -0.00436019897460937
0.0181503295898437 0.0158176422119141 0.00801849365234375 -0.00957107543945312
0.000991821289062498 0.0287818908691406 0.0171985626220703 -0.0212955474853516
-0.0150928497314453 0.0343685150146484 0.0338630676269531 -0.0196132659912109
-0.0294914245605469 0.0301570892333984 0.0336704254150391 -0.00360679626464844
-0.0421104431152344 0.0223960876464844 0.0459938049316406 0.0153388977050781
-0.0182418823242188 0.0276527404785156 0.0159597396850586 0.011052131652832
-0.00909233093261719 0.0229663848876953 0.00657081604003906 0.0234127044677734
0.00673103332519532 0.0220947265625 0.0280342102050781 0.0282840728759766
0.0158357620239258 0.0123987197875977 0.0406112670898437 0.009521484375
0.0198421478271484 0.000331878662109375 0.0418891906738281 -0.0125808715820313
0.0216579437255859 -0.0111312866210938 0.0340232849121094 -0.0226268768310547
0.0222377777099609 -0.0107402801513672 0.0238475799560547 -0.0196685791015625
0.0241374969482422 -0.0119972229003906 0.0191230773925781 -0.0121402740478516
0.0299415588378906 -0.00534629821777344 0.0165176391601563 -0.00526809692382812
0.0307464599609375 0.0109825134277344 0.00497102737426758 -0.00321292877197266
0.0223884582519531 0.0277519226074219 0.00408363342285157 -0.00871706008911133
-0.00672531127929688 0.0391311645507813 0.0114936828613281 -0.0187854766845703
-0.0296363830566406 0.0405197143554688 0.0252056121826172 -0.0127105712890625
-0.0454139709472656 0.0303611755371094 0.0204639434814453 0.00419235229492188
-0.0580596923828125 0.0166053771972656 0.0287990570068359 0.0245151519775391
-0.0380744934082031 0.0327339172363281 0.00452232360839844 0.0222206115722656
-0.0204811096191406 0.0371627807617188 0.00278472900390625 0.0302734375
0.00760650634765625 0.0383872985839844 0.0244159698486328 0.0317516326904297
0.0250110626220703 0.0232219696044922 0.0338211059570313 0.0117301940917969
0.0344448089599609 0.00260543823242188 0.0335750579833984 -0.00860023498535156
0.0330982208251953 -0.0134658813476563 0.0257167816162109 -0.0152034759521484
0.0321369171142578 -0.0126667022705078 0.0152225494384766 -0.0116806030273437
0.0356025695800781 -0.0138435363769531 0.00983333587646485 -0.00573253631591797
0.0396995544433594 -0.00431060791015625 0.0073537826538086 -0.00187301635742188
0.0373725891113281 0.0165672302246094 -0.00250720977783203 -0.00239324569702148
0.0245914459228516 0.0346851348876953 -0.000678539276123045 -0.0082249641418457
-0.0116081237792969 0.0448570251464844 0.00725364685058594 -0.0157365798950195
-0.0390396118164062 0.0422515869140625 0.0164804458618164 -0.0029916763305664
-0.0548553466796875 0.0269279479980469 0.0041046142578125 0.0111589431762695
-0.0643157958984375 0.00694274902343749 0.00583267211914062 0.0302009582519531
-0.051300048828125 0.0291671752929688 -0.0114574432373047 0.0309543609619141
-0.0318679809570313 0.0427703857421875 -0.00431632995605469 0.0349082946777344
0.003936767578125 0.0486984252929688 0.0168972015380859 0.0330314636230469
0.0285015106201172 0.0316562652587891 0.0229721069335938 0.0128021240234375
0.041778564453125 0.005859375 0.0207405090332031 -0.00370025634765625
0.0397796630859375 -0.0132980346679688 0.0130090713500977 -0.00590896606445313
0.0373458862304688 -0.0122489929199219 0.00469446182250977 -0.00192403793334961
0.0412788391113281 -0.0141983032226563 -0.00136685371398926 0.00293064117431641
0.0444145202636719 -0.00323104858398438 -0.00428104400634765 0.00213742256164551
0.0392532348632813 0.0198822021484375 -0.0112705230712891 -0.00172805786132812
0.0240974426269531 0.0375404357910156 -0.00538825988769531 -0.00897026062011719
-0.0158805847167969 0.0449867248535156 0.00466060638427734 -0.0130701065063477
-0.0443038940429687 0.0379447937011719 0.00910472869873047 0.0063924789428711
-0.0588264465332031 0.0196762084960938 -0.0135784149169922 0.0164432525634766
-0.0579948425292969 -0.00455093383789061 -0.0161857604980469 0.0313739776611328
-0.0530433654785156 0.0178871154785156 -0.0269222259521484 0.0348834991455078
-0.0370597839355469 0.0365562438964844 -0.0114936828613281 0.0351600646972656
-0.0024566650390625 0.048248291015625 0.00662612915039063 0.0295181274414063
0.0247230529785156 0.034149169921875 0.0103540420532227 0.0116910934448242
0.0416831970214844 0.00885009765625 0.00616264343261719 0.00064229965209961
0.0393905639648438 -0.0109176635742188 -0.000183343887329099 0.0030207633972168
0.0365982055664063 -0.0108222961425781 -0.00690841674804687 0.00754880905151367
0.0405540466308594 -0.0125389099121094 -0.0128946304321289 0.0102958679199219
0.0428428649902344 -0.00208663940429687 -0.0161123275756836 0.00577640533447266
0.0369606018066406 0.0206832885742188 -0.0194721221923828 -0.00135231018066406
0.0209922790527344 0.0370674133300781 -0.0102195739746094 -0.00994682312011718
-0.0188407897949219 0.0409088134765625 0.00168323516845703 -0.0110177993774414
-0.0456314086914062 0.0295639038085938 0.000359535217285152 0.0130138397216797
-0.0556411743164063 0.009124755859375 -0.030731201171875 0.01763916015625
-0.0403976440429688 -0.0153579711914063 -0.0336151123046875 0.0281982421875
-0.04217529296875 0.00290298461914063 -0.0379600524902344 0.0341072082519531
-0.0339584350585938 0.0214366912841797 -0.0160388946533203 0.0325393676757813
-0.00820541381835938 0.0369186401367188 -0.0011749267578125 0.0229892730712891
0.0158653259277344 0.0290241241455078 -0.00159740447998047 0.00791215896606446
0.0331878662109375 0.0101413726806641 -0.00792217254638672 0.00380373001098633
0.0325527191162109 -0.006317138671875 -0.0133848190307617 0.0109615325927734
0.0301647186279297 -0.00696372985839844 -0.0175056457519531 0.0164880752563477
0.0339488983154297 -0.00877952575683594 -0.0231075286865234 0.0172653198242188
0.0357894897460938 -0.00034332275390625 -0.0269813537597656 0.00899124145507812
0.0306224822998047 0.0184535980224609 -0.0280189514160156 -0.00149345397949219
0.0161666870117188 0.0320625305175781 -0.01513671875 -0.011815071105957
-0.0204639434814453 0.0327033996582031 -0.000756263732910158 -0.0105695724487305
-0.0422096252441406 0.0182380676269531 -0.00715255737304688 0.016204833984375
-0.0470657348632813 -0.00303649902343751 -0.0462074279785156 0.0148200988769531
-0.0163345336914062 -0.0243015289306641 -0.0418319702148438 0.0222396850585937
-0.0240230560302734 -0.0121822357177734 -0.0421638488769531 0.0298385620117188
-0.0241680145263672 0.00281715393066406 -0.0172824859619141 0.0275821685791016
-0.0124588012695312 0.0186023712158203 -0.006805419921875 0.0167922973632813
0.0047454833984375 0.0187530517578125 -0.00897979736328125 0.00536918640136719
0.0191879272460938 0.00959968566894531 -0.01763916015625 0.0061798095703125
0.0207557678222656 -0.00128364562988281 -0.0225830078125 0.0165081024169922
0.0197105407714844 -0.00255966186523438 -0.0249500274658203 0.0222148895263672
0.0227737426757813 -0.00460052490234375 -0.0310535430908203 0.0217647552490234
0.0246562957763672 7.05718994140625E-05 -0.0360298156738281 0.01043701171875
0.0209674835205078 0.0135478973388672 -0.0340061187744141 -0.00244522094726563
0.0106296539306641 0.0237503051757812 -0.0196285247802734 -0.0134239196777344
-0.0182418823242188 0.0223674774169922 -0.00463581085205078 -0.0112419128417969
-0.0339851379394531 0.0061798095703125 -0.0157861709594727 0.0146379470825195
-0.0324802398681641 -0.0138874053955078 -0.0574607849121094 0.00788116455078126
0.00426864624023438 0.0199756622314453 0.0598564147949219 -0.00713729858398437
0.0195732116699219 0.00305557250976563 0.0214366912841797 -0.00867843627929688
0.00747108459472656 -0.0120620727539062 0.00579357147216797 0.0118856430053711
-0.00299453735351562 -0.0116548538208008 0.0257663726806641 0.0203227996826172
-0.00916290283203125 -0.00680065155029297 0.0422248840332031 0.00345230102539063
-0.0127401351928711 0.000761985778808592 0.0448684692382813 -0.0184288024902344
-0.00781393051147461 -0.000776290893554688 0.0367355346679688 -0.0301933288574219
-0.00643157958984375 -0.00250005722045899 0.0287399291992188 -0.0278301239013672
-0.00802516937255859 -0.00430583953857422 0.0257949829101563 -0.0202465057373047
-0.00222396850585938 -0.00965309143066406 0.0231781005859375 -0.0115222930908203
0.00761604309082031 -0.0104360580444336 0.0132293701171875 -0.007110595703125
0.0144157409667969 -0.00095367431640625 0.0113554000854492 -0.0128421783447266
0.0133333206176758 0.0140810012817383 0.0228328704833984 -0.0248222351074219
0.00620841979980469 0.0256271362304688 0.042327880859375 -0.0276985168457031
-0.00691413879394531 0.0281009674072266 0.0441017150878906 -0.0149879455566406
-0.0197105407714844 0.0251407623291016 0.0584030151367187 0.00279617309570313
0.00249671936035156 0.018341064453125 0.0221481323242188 -0.000579833984374999
0.00128269195556641 0.00600099563598633 0.00777053833007813 0.0171279907226563
0.00307941436767578 0.00462198257446289 0.0296401977539062 0.0241489410400391
0.00374102592468262 0.00178861618041992 0.04437255859375 0.00530242919921875
0.00390362739562988 -0.000638008117675781 0.0465507507324219 -0.0178184509277344
0.00722789764404297 -0.00707912445068359 0.0377426147460938 -0.0301017761230469
0.00844097137451172 -0.0081329345703125 0.0282802581787109 -0.0270290374755859
0.00931453704833985 -0.00930118560791016 0.02484130859375 -0.0191688537597656
0.016139030456543 -0.00804996490478515 0.0226783752441406 -0.0102806091308594
0.0214252471923828 0.00125694274902344 0.0110673904418945 -0.00584793090820313
0.0192356109619141 0.0154151916503906 0.00909900665283203 -0.0111284255981445
0.0021514892578125 0.0299167633056641 0.0176353454589844 -0.0225028991699219
-0.0142173767089844 0.0364532470703125 0.0350170135498047 -0.0222511291503906
-0.0290699005126953 0.0327110290527344 0.0360145568847656 -0.00658416748046875
-0.0430679321289063 0.0253868103027344 0.0486793518066406 0.0137443542480469
-0.0181846618652344 0.0302677154541016 0.0166864395141602 0.0104122161865234
-0.00789833068847656 0.0253944396972656 0.00729560852050781 0.0244789123535156
0.0082855224609375 0.0228595733642578 0.0304374694824219 0.0285587310791016
0.017669677734375 0.0123405456542969 0.042724609375 0.00836181640625
0.0213546752929688 -0.000637054443359375 0.0429954528808594 -0.0151824951171875
0.0221614837646484 -0.0131340026855469 0.0337753295898438 -0.0257949829101563
0.0226707458496094 -0.0129661560058594 0.0232524871826172 -0.0223197937011719
0.0249481201171875 -0.0142726898193359 0.0187892913818359 -0.0144214630126953
0.0313453674316406 -0.00731277465820313 0.0167140960693359 -0.00766754150390625
0.0331516265869141 0.00965118408203125 0.00545072555541992 -0.00499057769775391
0.0248985290527344 0.0278453826904297 0.00430393218994141 -0.00980758666992188
-0.00493240356445313 0.0414772033691406 0.0119361877441406 -0.0201988220214844
-0.0293731689453125 0.0442657470703125 0.0260448455810547 -0.0146408081054687
-0.0457801818847656 0.03369140625 0.0226707458496094 0.00238227844238281
-0.0602836608886719 0.0211524963378906 0.0308551788330078 0.0240802764892578
-0.0383453369140625 0.036865234375 0.00532150268554687 0.0227642059326172
-0.0198745727539062 0.0411300659179688 0.00323486328125 0.0315475463867188
0.009918212890625 0.0404853820800781 0.0261878967285156 0.0321464538574219
0.0278835296630859 0.0229473114013672 0.0355300903320313 0.0111351013183594
0.0360107421875 0.000743865966796875 0.03411865234375 -0.00996780395507813
0.0341320037841797 -0.0162315368652344 0.0254402160644531 -0.0175247192382813
0.0330486297607422 -0.0156230926513672 0.0148658752441406 -0.0136384963989258
0.0364646911621094 -0.0173759460449219 0.00949287414550781 -0.00705051422119141
0.0417137145996094 -0.00748062133789063 0.00693321228027344 -0.00392961502075195
0.0404243469238281 0.0153007507324219 -0.00257802009582519 -0.00379204750061035
0.0278511047363281 0.0351123809814453 -0.000654220581054686 -0.00950813293457031
-0.0099029541015625 0.048248291015625 0.00708770751953125 -0.0168094635009766
-0.0385665893554688 0.0465736389160156 0.017420768737793 -0.00468730926513672
-0.0560035705566406 0.0311241149902344 0.00604248046875 0.0102834701538086
-0.0672264099121094 0.0111923217773438 0.00763130187988281 0.0311355590820313
-0.0521926879882813 0.0343437194824219 -0.0107421875 0.0322093963623047
-0.0310630798339844 0.0474624633789063 -0.00343704223632813 0.03631591796875
0.00716400146484376 0.0509719848632813 0.0181598663330078 0.033111572265625
0.0321331024169922 0.0316734313964844 0.0240936279296875 0.0125503540039063
0.0442276000976563 0.003326416015625 0.0209789276123047 -0.00428962707519531
0.0408515930175781 -0.0166893005371094 0.0132236480712891 -0.0070648193359375
0.0382308959960938 -0.0161857604980469 0.00439167022705078 -0.00261116027832031
0.0426139831542969 -0.0180435180664063 -0.00186491012573242 0.00260806083679199
0.0460662841796875 -0.00670242309570313 -0.00464820861816406 0.00157308578491211
0.0422630310058594 0.0182304382324219 -0.0115566253662109 -0.00188922882080078
0.0281295776367188 0.0381431579589844 -0.00585365295410156 -0.00954055786132812
-0.013763427734375 0.0487632751464844 0.00418663024902344 -0.0142192840576172
-0.0440254211425781 0.0428619384765625 0.00969982147216797 0.00549030303955078
-0.0600471496582031 0.0237770080566406 -0.0128326416015625 0.016810417175293
-0.0611457824707031 -0.00107955932617188 -0.0156326293945313 0.0330390930175781
-0.0543975830078125 0.0220680236816406 -0.0264854431152344 0.0374565124511719
-0.0370750427246094 0.0410385131835938 -0.0111236572265625 0.0366363525390625
0.000343322753906248 0.0512199401855469 0.00770378112792968 0.030242919921875
0.0285758972167969 0.0341320037841797 0.0105400085449219 0.0121698379516602
0.0442428588867188 0.00652313232421875 0.00604391098022461 0.000891208648681641
0.0402755737304688 -0.0140419006347656 -0.000514268875122068 0.00326776504516601
0.0374946594238281 -0.0140762329101563 -0.00714969635009765 0.008148193359375
0.0417518615722656 -0.0161514282226563 -0.0137119293212891 0.0112180709838867
0.0445442199707031 -0.00519180297851563 -0.0168590545654297 0.00631809234619141
0.0402183532714844 0.0188789367675781 -0.0212059020996094 -0.0016937255859375
0.024688720703125 0.0373039245605469 -0.0110378265380859 -0.0103254318237305
-0.0171585083007812 0.0444564819335938 0.00151824951171875 -0.0117111206054687
-0.0455665588378906 0.0343170166015625 0.0010986328125 0.0128078460693359
-0.0575141906738281 0.0126686096191406 -0.0308017730712891 0.0187168121337891
-0.0431632995605469 -0.0133895874023438 -0.0342121124267578 0.0305500030517578
-0.0441322326660156 0.00629043579101562 -0.0385169982910156 0.0363960266113281
-0.0347709655761719 0.0250511169433594 -0.0157394409179688 0.0339946746826172
-0.0063323974609375 0.0392074584960938 -0.00113296508789063 0.024261474609375
0.0189037322998047 0.0293312072753906 -0.00156879425048828 0.00918197631835938
0.0352706909179688 0.00836181640625 -0.00858354568481445 0.00507164001464844
0.0337276458740234 -0.00913810729980469 -0.0131301879882813 0.0126180648803711
0.0310497283935547 -0.0099029541015625 -0.0170364379882812 0.017822265625
0.0348529815673828 -0.0120677947998047 -0.0233345031738281 0.0192050933837891
0.0373191833496094 -0.00356674194335938 -0.0282802581787109 0.0103721618652344
0.0331878662109375 0.0165348052978516 -0.0295677185058594 -0.000619888305664063
0.0191650390625 0.0325260162353516 -0.0165929794311523 -0.0123262405395508
-0.0187263488769531 0.0358428955078125 -0.00152397155761719 -0.0111770629882812
-0.0424461364746094 0.0219345092773438 -0.00644016265869141 0.0169963836669922
-0.0490913391113281 -1.52587890625106E-05 -0.0470924377441406 0.017333984375
-0.0191287994384766 -0.0235805511474609 -0.043212890625 0.0251579284667969
-0.0258216857910156 -0.0105113983154297 -0.042755126953125 0.0330352783203125
-0.0249004364013672 0.00510215759277343 -0.0173797607421875 0.0293979644775391
-0.0110054016113281 0.0204048156738281 -0.00734901428222656 0.0182266235351562
0.006683349609375 0.0190467834472656 -0.00942611694335938 0.00673198699951172
0.0207939147949219 0.00824546813964844 -0.0184669494628906 0.00844573974609375
0.0215339660644531 -0.00316238403320312 -0.0219917297363281 0.0191154479980469
0.0204143524169922 -0.00476264953613281 -0.0244503021240234 0.0244846343994141
0.0233936309814453 -0.0064697265625 -0.03179931640625 0.0247421264648437
0.0254478454589844 -0.00169563293457031 -0.0372543334960938 0.0127830505371094
0.0230197906494141 0.0118846893310547 -0.0362777709960937 -0.00091171264648438
0.0129795074462891 0.0237197875976562 -0.0212421417236328 -0.0137577056884766
-0.0171852111816406 0.0244770050048828 -0.00531959533691406 -0.0116357803344727
-0.0340671539306641 0.00894355773925781 -0.0150108337402344 0.0157766342163086
-0.034088134765625 -0.0120830535888672 -0.0596504211425781 0.0106887817382813
0.005584716796875 0.0199661254882812 0.0608940124511719 -0.0106620788574219
0.0197849273681641 0.00147819519042969 0.0210056304931641 -0.0101604461669922
0.00722312927246094 -0.0124130249023438 0.0064840316772461 0.0123682022094727
-0.00412464141845703 -0.0111427307128906 0.0275993347167969 0.0195369720458984
-0.0101413726806641 -0.00568199157714844 0.0429344177246094 0.000621795654296875
-0.0123395919799805 0.00207805633544922 0.0443992614746094 -0.0220718383789063
-0.00799942016601563 0.000300407409667967 0.0349884033203125 -0.0337467193603516
-0.00637388229370117 -0.00160694122314453 0.0265026092529297 -0.0309791564941406
-0.00799369812011719 -0.00339412689208984 0.0243816375732422 -0.0234375
-0.00282859802246094 -0.00894546508789063 0.0224380493164063 -0.0145263671875
0.00686454772949219 -0.0107212066650391 0.0136299133300781 -0.00891685485839844
0.0141801834106445 -0.00234222412109375 0.011988639831543 -0.0144472122192383
0.0146732330322266 0.0130014419555664 0.0223941802978516 -0.0265579223632812
0.00754547119140625 0.0252799987792969 0.0413742065429688 -0.0311088562011719
-0.00533485412597657 0.0286865234375 0.0450325012207031 -0.0191192626953125
-0.0190315246582031 0.0272197723388672 0.0601234436035156 -0.000431060791015623
0.00315284729003906 0.0185928344726563 0.0217933654785156 -0.00184059143066406
0.00177097320556641 0.00665855407714844 0.00862312316894531 0.0176887512207031
0.00351715087890625 0.00467109680175781 0.0314998626708984 0.0231418609619141
0.00425577163696289 0.00198125839233398 0.0453948974609375 0.00229263305664063
0.00476694107055664 -0.000547885894775391 0.0457534790039063 -0.0215377807617188
0.00723886489868164 -0.00790262222290039 0.0357246398925781 -0.033905029296875
0.00848865509033203 -0.00915050506591797 0.0262470245361328 -0.0300312042236328
0.00914955139160156 -0.0105533599853516 0.0231361389160156 -0.0221328735351563
0.0154819488525391 -0.00906753540039062 0.0219135284423828 -0.013641357421875
0.0218677520751953 -3.0517578125E-05 0.0115776062011719 -0.00813484191894531
0.0207233428955078 0.0146064758300781 0.00915050506591797 -0.0124168395996094
0.00445938110351562 0.0304050445556641 0.0169353485107422 -0.0240459442138672
-0.0120925903320313 0.0384407043457031 0.0345458984375 -0.0254535675048828
-0.0276470184326172 0.0346813201904297 0.0377197265625 -0.0101165771484375
-0.0426063537597656 0.0294036865234375 0.0503768920898438 0.0112495422363281
-0.0168495178222656 0.0325927734375 0.0169868469238281 0.00966072082519531
-0.00659561157226563 0.0276031494140625 0.00817108154296875 0.0245838165283203
0.0105152130126953 0.0233497619628906 0.0323581695556641 0.0272979736328125
0.0191841125488281 0.0114421844482422 0.0434150695800781 0.00551986694335938
0.0221652984619141 -0.00227737426757813 0.0427017211914062 -0.0182723999023437
0.0218009948730469 -0.0148868560791016 0.0323696136474609 -0.0287857055664063
0.0221805572509766 -0.0151424407958984 0.0215225219726562 -0.0247001647949219
0.0247230529785156 -0.017059326171875 0.0174760818481445 -0.0165567398071289
0.0313472747802734 -0.0100383758544922 0.0162029266357422 -0.0106449127197266
0.0344467163085937 0.00764083862304687 0.00564765930175781 -0.00676584243774414
0.0274887084960938 0.0267524719238281 0.00452327728271485 -0.0112180709838867
-0.00220108032226563 0.043426513671875 0.0112419128417969 -0.0213127136230469
-0.0266952514648438 0.04754638671875 0.0257453918457031 -0.0169544219970703
-0.0444450378417969 0.0375747680664062 0.0244960784912109 -0.00051307678222656
-0.060546875 0.0259513854980469 0.0329456329345703 0.0226650238037109
-0.0369110107421875 0.0406074523925781 0.00616073608398437 0.0223960876464844
-0.0172157287597656 0.044769287109375 0.00468635559082031 0.0319080352783203
0.0136604309082031 0.0407333374023438 0.0281562805175781 0.0310916900634766
0.0307979583740234 0.0218181610107422 0.0368728637695313 0.00922393798828125
0.0373077392578125 -0.00203704833984375 0.0342483520507813 -0.0122451782226562
0.0333976745605469 -0.0196514129638672 0.0244464874267578 -0.0199127197265625
0.0321865081787109 -0.0190334320068359 0.013641357421875 -0.0152616500854492
0.0360488891601563 -0.0214042663574219 0.00851106643676758 -0.00785493850708008
0.0422019958496094 -0.0110206604003906 0.00659704208374024 -0.00550746917724609
0.0423507690429688 0.0123329162597656 -0.00307083129882812 -0.00456905364990234
0.03167724609375 0.0342235565185547 -0.000883102416992185 -0.0105180740356445
-0.00627517700195313 0.0508346557617187 0.00665664672851563 -0.0178298950195313
-0.03607177734375 0.0509872436523438 0.0175552368164062 -0.00659084320068359
-0.0553627014160156 0.0356674194335938 0.00756740570068359 0.00891780853271485
-0.0682640075683594 0.0168228149414062 0.00942420959472656 0.0310344696044922
-0.0507888793945312 0.0388069152832031 -0.00941658020019532 0.0328044891357422
-0.0284805297851563 0.05169677734375 -0.00194931030273438 0.0368728637695313
0.0113334655761719 0.0525665283203125 0.0198497772216797 0.0324115753173828
0.0355796813964844 0.0297317504882813 0.0249195098876953 0.0117912292480469
0.046173095703125 -0.000179290771484375 0.0208568572998047 -0.00520896911621094
0.0402870178222656 -0.0205192565917969 0.0124454498291016 -0.0080108642578125
0.0377349853515625 -0.0198440551757813 0.00370335578918457 -0.00355982780456543
0.0419807434082031 -0.0224761962890625 -0.00227260589599609 0.00253987312316894
0.0468063354492188 -0.0112266540527344 -0.00495004653930664 0.0010676383972168
0.0458488464355469 0.0149040222167969 -0.0122051239013672 -0.00187397003173828
0.0320396423339844 0.0368537902832031 -0.00686454772949218 -0.01025390625
-0.0107498168945313 0.0516090393066406 0.00363254547119141 -0.0147638320922852
-0.0417709350585938 0.0481834411621094 0.0100193023681641 0.00426101684570313
-0.0598526000976563 0.0288009643554688 -0.0110721588134766 0.0166168212890625
-0.062835693359375 0.00394821166992188 -0.0140838623046875 0.035247802734375
-0.0544700622558594 0.02716064453125 -0.0249557495117188 0.0387763977050781
-0.0350494384765625 0.04595947265625 -0.00941085815429688 0.0376701354980469
0.00476837158203126 0.0526771545410156 0.00887298583984375 0.0301380157470703
0.0322380065917969 0.0329818725585938 0.011077880859375 0.0123004913330078
0.0459556579589844 0.0034027099609375 0.00605106353759766 0.00173854827880859
0.0402755737304688 -0.0178794860839844 2.07424163818388E-05 0.00386619567871094
0.0369186401367188 -0.0176963806152344 -0.0066990852355957 0.00878286361694336
0.0415420532226563 -0.0202484130859375 -0.0136642456054687 0.0128488540649414
0.0453147888183594 -0.0092315673828125 -0.0175638198852539 0.00717735290527344
0.0428314208984375 0.0157890319824219 -0.0219573974609375 -0.000110626220703126
0.0285415649414063 0.0362815856933594 -0.0124340057373047 -0.010498046875
-0.0140228271484375 0.0472793579101563 0.000281333923339842 -0.0123672485351562
-0.0439949035644531 0.0395240783691406 0.00220870971679687 0.0124654769897461
-0.0577163696289063 0.0177574157714844 -0.0296878814697266 0.0200462341308594
-0.0457611083984375 -0.00935363769531249 -0.0335788726806641 0.0340938568115234
-0.04486083984375 0.0100173950195313 -0.0373802185058594 0.0394210815429688
-0.0333461761474609 0.0294017791748047 -0.0147285461425781 0.0349769592285156
-0.00338363647460937 0.0410423278808594 -0.000507354736328123 0.0247364044189453
0.0223674774169922 0.0284042358398438 -0.00134468078613281 0.0100507736206055
0.0372543334960938 0.00554656982421875 -0.00823497772216797 0.00696945190429688
0.0334033966064453 -0.0125370025634766 -0.0124130249023437 0.014094352722168
0.0301227569580078 -0.0131816864013672 -0.0160102844238281 0.019561767578125
0.0345268249511719 -0.0153369903564453 -0.0228843688964844 0.0218524932861328
0.037322998046875 -0.00705337524414062 -0.0283107757568359 0.0125770568847656
0.0351486206054688 0.0142440795898438 -0.0304050445556641 0.00126457214355469
0.0223178863525391 0.0316543579101563 -0.0179386138916016 -0.0115890502929687
-0.0161933898925781 0.0385932922363281 -0.00244617462158203 -0.0115880966186523
-0.0419197082519531 0.0264434814453125 -0.00527191162109375 0.0172348022460938
-0.04931640625 0.00408172607421874 -0.0467414855957031 0.0197944641113281
-0.0213794708251953 -0.0218429565429688 -0.0432853698730469 0.0292015075683594
-0.0277175903320313 -0.00809478759765625 -0.041839599609375 0.0356636047363281
-0.025177001953125 0.00756645202636719 -0.0163650512695313 0.0305614471435547
-0.00955772399902344 0.0222930908203125 -0.007080078125 0.0192985534667969
0.00912284851074219 0.0191745758056641 -0.0102529525756836 0.00818252563476563
0.0218429565429688 0.00666618347167969 -0.0176486968994141 0.0108566284179688
0.0213375091552734 -0.00516128540039062 -0.0208644866943359 0.0211658477783203
0.0196094512939453 -0.00658988952636719 -0.0228233337402344 0.0271110534667969
0.0232295989990234 -0.00885200500488281 -0.0307559967041016 0.0279712677001953
0.0257797241210938 -0.0041046142578125 -0.0375251770019531 0.015655517578125
0.0246772766113281 0.0107402801513672 -0.0374870300292969 0.00142288208007812
0.0148887634277344 0.0229663848876953 -0.0229549407958984 -0.012786865234375
-0.0156803131103516 0.0263500213623047 -0.00596046447753906 -0.011988639831543
-0.0336818695068359 0.0118770599365234 -0.0141458511352539 0.0168380737304687
-0.0349063873291016 -0.00975608825683594 -0.0596771240234375 0.0144119262695312
0.006744384765625 0.0189895629882813 0.0600395202636719 -0.0142784118652344
0.0190143585205078 0.000570297241210938 0.0197181701660156 -0.0107631683349609
0.00634670257568359 -0.0126237869262695 0.00675773620605469 0.0120077133178711
-0.00490379333496094 -0.0106945037841797 0.0288352966308594 0.01824951171875
-0.010563850402832 -0.00446319580078125 0.0427703857421875 -0.00174713134765625
-0.0116205215454102 0.00324535369873047 0.0425910949707031 -0.0249290466308594
-0.0074005126953125 0.00114965438842774 0.0323448181152344 -0.0361328125
-0.00641059875488281 -0.00084209442138672 0.0245780944824219 -0.0326824188232422
-0.00770998001098633 -0.00240325927734375 0.0224704742431641 -0.025115966796875
-0.00323200225830078 -0.00836753845214844 0.0209560394287109 -0.0166854858398438
0.00548648834228516 -0.0106468200683594 0.0134773254394531 -0.0106172561645508
0.0134563446044922 -0.00278759002685547 0.0117597579956055 -0.0152959823608398
0.0150089263916016 0.0117082595825195 0.0213508605957031 -0.0272483825683594
0.00899314880371094 0.0242156982421875 0.0400428771972656 -0.0332221984863281
-0.00307655334472656 0.0278797149658203 0.0446052551269531 -0.0227279663085937
-0.0174560546875 0.0278053283691406 0.0599021911621094 -0.00361251831054687
0.00398826599121094 0.0183849334716797 0.0207614898681641 -0.00304222106933594
0.00208044052124024 0.00734901428222656 0.00913333892822266 0.0170392990112305
0.00377607345581055 0.00499296188354492 0.0321598052978516 0.0211162567138672
0.0045318603515625 0.00185823440551758 0.0448532104492187 -0.00018310546875
0.00514030456542969 -0.000269889831542969 0.0443496704101562 -0.024444580078125
0.00671672821044922 -0.00777912139892578 0.0330657958984375 -0.0358810424804688
0.00780105590820312 -0.00983142852783203 0.0233230590820313 -0.0320510864257813
0.00863265991210938 -0.0111007690429688 0.02069091796875 -0.0238056182861328
0.0150995254516602 -0.0100107192993164 0.0204944610595703 -0.0162887573242188
0.0216274261474609 -0.00120353698730469 0.0111541748046875 -0.00980472564697266
0.0213279724121094 0.0133724212646484 0.00927257537841797 -0.0132713317871094
0.0057220458984375 0.030029296875 0.0158939361572266 -0.0248470306396484
-0.0101242065429687 0.0386466979980469 0.0330104827880859 -0.0275249481201172
-0.0252227783203125 0.0355949401855469 0.0378913879394531 -0.0134048461914062
-0.0408668518066406 0.03179931640625 0.0508956909179688 0.00848007202148438
-0.0151939392089844 0.0336513519287109 0.0166234970092773 0.0084829330444336
-0.00465011596679688 0.0287303924560547 0.00934410095214844 0.0240802764892578
0.0120315551757813 0.0230770111083984 0.0331039428710938 0.0253314971923828
0.0197334289550781 0.0105991363525391 0.04345703125 0.00339889526367188
0.0223102569580078 -0.00329017639160156 0.0408515930175781 -0.0209197998046875
0.0208950042724609 -0.0161991119384766 0.0300235748291016 -0.0308303833007813
0.0211277008056641 -0.0168952941894531 0.0190811157226563 -0.0259952545166016
0.0231876373291016 -0.0188064575195313 0.0156822204589844 -0.0181884765625
0.0307769775390625 -0.012115478515625 0.015070915222168 -0.0127220153808594
0.0350151062011719 0.00549697875976563 0.00515985488891602 -0.00798702239990234
0.0288848876953125 0.0250988006591797 0.00443172454833985 -0.0120382308959961
0.000301361083984377 0.0437736511230469 0.0099945068359375 -0.0215721130371094
-0.0240364074707031 0.0494384765625 0.0251064300537109 -0.0186882019042969
-0.042083740234375 0.0398902893066406 0.0253105163574219 -0.00312232971191406
-0.0585975646972656 0.0299263000488281 0.0337085723876953 0.0205249786376953
-0.0341682434082031 0.043182373046875 0.00675773620605469 0.0214500427246094
-0.0145683288574219 0.0462722778320313 0.00569534301757813 0.0307483673095703
0.0167198181152344 0.0403709411621094 0.0289154052734375 0.0297031402587891
0.0320320129394531 0.0194091796875 0.0363845825195313 0.0074920654296875
0.0370979309082031 -0.00419235229492188 0.0330734252929688 -0.0137901306152344
0.0320472717285156 -0.0220012664794922 0.0226688385009766 -0.0211238861083984
0.0308723449707031 -0.0217571258544922 0.0117874145507813 -0.0166349411010742
0.0344333648681641 -0.0241374969482422 0.0071859359741211 -0.00881671905517578
0.041351318359375 -0.0142745971679688 0.00533246994018555 -0.00688457489013672
0.0436172485351562 0.00970077514648437 -0.00353670120239258 -0.00549221038818359
0.0341148376464844 0.0317592620849609 -0.00118446350097656 -0.0109920501708984
-0.00289154052734375 0.0513877868652344 0.00579452514648438 -0.0187625885009766
-0.0327339172363281 0.0540313720703125 0.0171928405761719 -0.00830364227294922
-0.0527114868164063 0.0389785766601563 0.00932025909423828 0.00684165954589844
-0.0670738220214844 0.0219039916992187 0.0109481811523437 0.0305709838867188
-0.0483741760253906 0.0422477722167969 -0.00810432434082032 0.0326461791992188
-0.0250282287597656 0.0544319152832031 -0.000926971435546877 0.0367050170898437
0.0150794982910156 0.0515022277832031 0.0207023620605469 0.0315322875976562
0.0377006530761719 0.026885986328125 0.0249271392822266 0.0110321044921875
0.04620361328125 -0.00307464599609375 0.0207290649414063 -0.00572013854980469
0.0385208129882812 -0.0236396789550781 0.011836051940918 -0.00898456573486328
0.0359382629394531 -0.0228195190429688 0.00288701057434082 -0.0034029483795166
0.0400543212890625 -0.0257759094238281 -0.0029447078704834 0.0022742748260498
0.0462226867675781 -0.0145187377929688 -0.00598764419555664 0.000504970550537109
0.0469245910644531 0.0114860534667969 -0.0130996704101562 -0.00228309631347656
0.0348663330078125 0.0344867706298828 -0.00741291046142578 -0.010584831237793
-0.00709152221679688 0.0531120300292969 0.00254535675048828 -0.0152196884155273
-0.0383720397949219 0.0513420104980469 0.0107183456420898 0.00320720672607422
-0.0575828552246094 0.0325660705566406 -0.00948143005371094 0.0155401229858398
-0.062713623046875 0.00847244262695312 -0.0124778747558594 0.0359458923339844
-0.0523567199707031 0.0305366516113281 -0.0233078002929688 0.0398368835449219
-0.0318946838378906 0.0492439270019531 -0.00796127319335938 0.0377616882324219
0.00831985473632812 0.0522994995117188 0.00975608825683594 0.0297718048095703
0.0345745086669922 0.0302143096923828 0.0114870071411133 0.0121002197265625
0.0462417602539063 -0.00035858154296875 0.00605392456054688 0.00231599807739258
0.0388145446777344 -0.02099609375 1.69277191162137E-05 0.00364971160888672
0.0352706909179688 -0.0205497741699219 -0.00620174407958984 0.009124755859375
0.0393486022949219 -0.0236015319824219 -0.0129289627075195 0.0140209197998047
0.0442237854003906 -0.0130462646484375 -0.017298698425293 0.0080404281616211
0.044097900390625 0.0125160217285156 -0.0220584869384766 0.000572204589843753
0.0313510894775391 0.0338916778564453 -0.0131845474243164 -0.00982189178466797
-0.0105972290039063 0.0486412048339844 -8.39233398437505E-05 -0.0126495361328125
-0.0409431457519531 0.0428466796875 0.00328350067138672 0.0115556716918945
-0.0561294555664063 0.021484375 -0.0276699066162109 0.0210647583007813
-0.0461692810058594 -0.00632476806640624 -0.0319366455078125 0.0360946655273438
-0.0436134338378906 0.0134696960449219 -0.0353622436523437 0.0405235290527344
-0.0310897827148437 0.0322456359863281 -0.0130500793457031 0.0352439880371094
7.62939453124969E-05 0.0417861938476563 0.000217437744140625 0.0248489379882813
0.0244026184082031 0.0263652801513672 -0.00128269195556641 0.011113166809082
0.0374908447265625 0.00232696533203125 -0.00761699676513672 0.00875997543334961
0.0317325592041016 -0.0152187347412109 -0.011387825012207 0.0150575637817383
0.0292072296142578 -0.0153846740722656 -0.0143928527832031 0.0205745697021484
0.0330886840820312 -0.0185508728027344 -0.0211257934570312 0.0233669281005859
0.0367469787597656 -0.00980758666992188 -0.0277938842773437 0.0141582489013672
0.0364723205566406 0.011260986328125 -0.0311641693115234 0.00316810607910156
0.0247611999511719 0.0297641754150391 -0.0184326171875 -0.01043701171875
-0.0136909484863281 0.0401115417480469 -0.00275325775146484 -0.0114927291870117
-0.0393600463867188 0.0295257568359375 -0.00413799285888672 0.0168313980102539
-0.04888916015625 0.00741195678710938 -0.0451736450195313 0.021697998046875
-0.0227756500244141 -0.019744873046875 -0.0423698425292969 0.0323066711425781
-0.0277328491210938 -0.00558090209960938 -0.0401115417480469 0.0380821228027344
-0.0244560241699219 0.0102081298828125 -0.015350341796875 0.0307846069335937
-0.00738906860351562 0.0233993530273438 -0.00698471069335938 0.0196685791015625
0.0103588104248047 0.0176124572753906 -0.0095062255859375 0.0095052719116211
0.0223579406738281 0.00469589233398438 -0.0167350769042969 0.0129222869873047
0.0204486846923828 -0.00682640075683594 -0.0188999176025391 0.0226173400878906
0.019256591796875 -0.00867271423339844 -0.020843505859375 0.0281505584716797
0.0222244262695313 -0.0106773376464844 -0.0281944274902344 0.0303192138671875
0.0252933502197266 -0.00638771057128906 -0.03656005859375 0.0180931091308594
0.0251979827880859 0.00862503051757813 -0.03704833984375 0.00403976440429687
0.0165233612060547 0.0217037200927734 -0.0235176086425781 -0.0113258361816406
-0.0134487152099609 0.0276126861572266 -0.00640106201171875 -0.0115280151367187
-0.0324821472167969 0.0144081115722656 -0.01251220703125 0.0173139572143555
-0.034820556640625 -0.00677108764648437 -0.0584182739257813 0.0176658630371094
0.00681304931640625 0.0187969207763672 0.0594940185546875 -0.0152740478515625
0.0185451507568359 0.000356674194335938 0.0188941955566406 -0.0110816955566406
0.00565433502197266 -0.0123615264892578 0.00683498382568359 0.0123939514160156
-0.00504207611083984 -0.0104274749755859 0.0284671783447266 0.0174331665039063
-0.0100994110107422 -0.00346279144287109 0.0419960021972656 -0.00320053100585937
-0.0106477737426758 0.00409793853759766 0.0409355163574219 -0.0261764526367188
-0.00708961486816406 0.00194311141967773 0.0303840637207031 -0.0370521545410156
-0.00657320022583008 -0.00086688995361328 0.0221443176269531 -0.0328884124755859
-0.0072331428527832 -0.0020909309387207 0.0205192565917969 -0.0261745452880859
-0.00373125076293945 -0.00757074356079101 0.0193538665771484 -0.0179195404052734
0.0047454833984375 -0.0100746154785156 0.0130767822265625 -0.0118789672851563
0.0130538940429688 -0.00335025787353516 0.0117788314819336 -0.0159616470336914
0.0146951675415039 0.0109968185424805 0.0207252502441406 -0.0269756317138672
0.00938034057617187 0.0231170654296875 0.0383415222167969 -0.0338020324707031
-0.00218963623046875 0.0272121429443359 0.0439491271972656 -0.0237655639648438
-0.0163383483886719 0.0285491943359375 0.0590553283691406 -0.00502395629882812
0.00441169738769531 0.0181884765625 0.0201587677001953 -0.00364303588867187
0.00248956680297852 0.00755834579467773 0.00874900817871094 0.0171365737915039
0.00431299209594727 0.00463581085205078 0.0321254730224609 0.0203666687011719
0.00484514236450195 0.00217866897583008 0.0441246032714844 -0.00112533569335937
0.00579261779785156 -0.00066375732421875 0.042327880859375 -0.0258102416992188
0.00649261474609375 -0.00831747055053711 0.0310897827148438 -0.0361824035644531
0.00715255737304688 -0.0100507736206055 0.0213127136230469 -0.0322780609130859
0.00847053527832031 -0.0112466812133789 0.0189247131347656 -0.0245590209960938
0.0147190093994141 -0.0102176666259766 0.0189952850341797 -0.0175895690917969
0.0207195281982422 -0.00181388854980469 0.0107183456420898 -0.0110712051391602
0.0212306976318359 0.0126094818115234 0.00917148590087891 -0.0138425827026367
0.00629043579101563 0.0294990539550781 0.0157909393310547 -0.0246315002441406
-0.00896453857421875 0.0384178161621094 0.0318870544433594 -0.0282402038574219
-0.0240859985351563 0.0359039306640625 0.0376472473144531 -0.0156364440917969
-0.0392646789550781 0.0331039428710937 0.0507469177246094 0.00671768188476563
-0.0138626098632812 0.0343456268310547 0.0160236358642578 0.00761890411376953
-0.0040740966796875 0.0291671752929688 0.00866889953613281 0.0235500335693359
0.0126876831054688 0.0227451324462891 0.0331344604492188 0.0244579315185547
0.0203151702880859 0.00983810424804688 0.0422897338867187 0.00216293334960938
0.0226211547851563 -0.00422286987304688 0.0396575927734375 -0.0215988159179687
0.0198593139648438 -0.0171566009521484 0.0277576446533203 -0.031158447265625
0.0196685791015625 -0.017486572265625 0.0171298980712891 -0.0266380310058594
0.0228481292724609 -0.0193309783935547 0.0140933990478516 -0.0185737609863281
0.0300960540771484 -0.0134372711181641 0.0129613876342773 -0.0141572952270508
0.0346412658691406 0.00391006469726563 0.00453090667724609 -0.00947666168212891
0.0296058654785156 0.0240707397460938 0.00429153442382813 -0.0128564834594727
0.00185775756835938 0.0436210632324219 0.009796142578125 -0.0219039916992188
-0.0219078063964844 0.0496406555175781 0.024139404296875 -0.0194683074951172
-0.0407066345214844 0.0406875610351562 0.0256881713867187 -0.0051422119140625
-0.05718994140625 0.0324172973632813 0.034006118774414 0.0193920135498047
-0.0327644348144531 0.0438728332519531 0.00656509399414062 0.0203208923339844
-0.0123748779296875 0.0469779968261719 0.00569343566894531 0.0304775238037109
0.0181961059570312 0.0395545959472656 0.0289802551269531 0.0284137725830078
0.0326919555664063 0.0177650451660156 0.0357398986816406 0.00686264038085938
0.0372390747070313 -0.00543594360351563 0.0320262908935547 -0.0145130157470703
0.0306396484375 -0.0234832763671875 0.0210437774658203 -0.0217857360839844
0.0291233062744141 -0.0226936340332031 0.0105981826782227 -0.0167112350463867
0.0331497192382813 -0.0254592895507813 0.00620651245117188 -0.00893497467041016
0.0400886535644531 -0.0158615112304688 0.00419330596923828 -0.00792503356933594
0.0435104370117188 0.00749588012695313 -0.00374412536621093 -0.00635766983032226
0.0349025726318359 0.0301742553710938 -0.00109386444091797 -0.0115585327148437
-0.000835418701171871 0.0513458251953125 0.00519943237304688 -0.0183010101318359
-0.03057861328125 0.0550765991210938 0.0167217254638672 -0.00886821746826172
-0.0509071350097656 0.0402374267578125 0.00950145721435547 0.00502586364746094
-0.06561279296875 0.0239677429199219 0.0112171173095703 0.029754638671875
-0.0463409423828125 0.0435714721679688 -0.00762176513671875 0.0320949554443359
-0.0224456787109375 0.0557518005371094 -0.00101852416992188 0.0357742309570313
0.0170135498046875 0.0506362915039062 0.0208187103271484 0.0307216644287109
0.0383758544921875 0.0252647399902344 0.0246829986572266 0.0101566314697266
0.04559326171875 -0.00497817993164063 0.0200481414794922 -0.00568771362304688
0.0366935729980469 -0.0250701904296875 0.0110073089599609 -0.00939273834228516
0.0344657897949219 -0.0243301391601563 0.00232124328613281 -0.00379776954650879
0.0383262634277344 -0.0271568298339844 -0.00316953659057617 0.00288677215576172
0.0445899963378906 -0.0166854858398437 -0.00648021697998047 1.09672546386711E-05
0.0467758178710938 0.00951766967773438 -0.012974739074707 -0.00223159790039062
0.0359573364257813 0.0327682495117188 -0.00758075714111328 -0.0102329254150391
-0.0047149658203125 0.0531349182128906 0.00174522399902344 -0.0148601531982422
-0.0357933044433594 0.0529861450195312 0.0108890533447266 0.00206375122070313
-0.0557403564453125 0.034393310546875 -0.00807380676269531 0.0144186019897461
-0.0618019104003906 0.0110702514648438 -0.0114326477050781 0.036102294921875
-0.0505828857421875 0.0327911376953125 -0.022491455078125 0.0390968322753906
-0.0292434692382813 0.0504837036132813 -0.0076751708984375 0.0368156433105469
0.0103645324707031 0.0521316528320313 0.0092926025390625 0.0292072296142578
0.0352745056152344 0.028106689453125 0.0111503601074219 0.0122776031494141
0.0453720092773438 -0.00230789184570313 0.00607919692993164 0.00277900695800781
0.0370407104492188 -0.0227699279785156 -1.71661376953101E-05 0.00347685813903809
0.0334510803222656 -0.0222644805908203 -0.00635528564453125 0.00916481018066406
0.0378532409667969 -0.0257835388183594 -0.0126152038574219 0.0139179229736328
0.0430870056152344 -0.0152130126953125 -0.0173463821411133 0.00772380828857422
0.044189453125 0.010406494140625 -0.0222873687744141 0.00102424621582032
0.0323657989501953 0.0319232940673828 -0.0133123397827148 -0.00991058349609375
-0.0087738037109375 0.0492668151855469 -0.000718116760253906 -0.0120716094970703
-0.0385932922363281 0.0445709228515625 0.00362586975097656 0.0108175277709961
-0.0540733337402344 0.0233917236328125 -0.0264377593994141 0.0203037261962891
-0.0460128784179688 -0.00347518920898437 -0.0309600830078125 0.0364875793457031
-0.0427589416503906 0.01544189453125 -0.0344886779785156 0.0408782958984375
-0.0292911529541016 0.0333499908447266 -0.0131587982177734 0.03436279296875
0.00230789184570312 0.041351318359375 -0.000223159790039061 0.0244827270507813
0.0246143341064453 0.02508544921875 -0.00108242034912109 0.0113983154296875
0.0372314453125 0.0007476806640625 -0.00686454772949218 0.00929069519042969
0.0307388305664063 -0.0160884857177734 -0.0105276107788086 0.0151262283325195
0.0277385711669922 -0.0170555114746094 -0.0136642456054687 0.0208339691162109
0.0318412780761719 -0.0198745727539063 -0.0202884674072266 0.0242080688476562
0.0360794067382813 -0.0117607116699219 -0.0275344848632813 0.0147171020507813
0.0365219116210938 0.0095672607421875 -0.0307102203369141 0.00416946411132813
0.025421142578125 0.0279560089111328 -0.0190868377685547 -0.0103530883789062
-0.0118484497070313 0.039947509765625 -0.00323486328125 -0.0111427307128906
-0.0373611450195313 0.0313453674316406 -0.00338554382324219 0.0163602828979492
-0.0470733642578125 0.00928497314453126 -0.0436058044433594 0.0221786499023438
-0.0232429504394531 -0.0179309844970703 -0.0415420532226562 0.0334091186523438
-0.0275936126708984 -0.0040130615234375 -0.0390434265136719 0.0382308959960938
-0.0230674743652344 0.0116348266601563 -0.0146217346191406 0.0301666259765625
-0.00604248046875 0.0233860015869141 -0.00684738159179688 0.0195026397705078
0.0109119415283203 0.0169973373413086 -0.00959300994873047 0.0107040405273438
0.0217323303222656 0.00307846069335937 -0.0155839920043945 0.0138864517211914
0.0193881988525391 -0.00801467895507813 -0.0174503326416016 0.0229530334472656
0.0179004669189453 -0.00957679748535156 -0.0188713073730469 0.0286273956298828
0.0211143493652344 -0.0117263793945313 -0.0265979766845703 0.0309238433837891
0.0243949890136719 -0.0074462890625 -0.0356559753417969 0.0194435119628906
0.0254268646240234 0.00736045837402344 -0.0369682312011719 0.0053863525390625
0.0173892974853516 0.0203704833984375 -0.0240020751953125 -0.0106258392333984
-0.0121402740478516 0.0277233123779297 -0.00677776336669922 -0.0113201141357422
-0.0313434600830078 0.0157966613769531 -0.011500358581543 0.0171298980712891
-0.0337734222412109 -0.00564956665039063 -0.0571060180664063 0.0185661315917969
0.00689125061035156 0.018157958984375 0.0596809387207031 -0.01544189453125
0.0181961059570312 0.000276565551757812 0.01904296875 -0.0110492706298828
0.00522041320800781 -0.0125331878662109 0.00639629364013672 0.012782096862793
-0.005584716796875 -0.00977039337158203 0.0291805267333984 0.0174064636230469
-0.00990009307861328 -0.00332450866699219 0.0416679382324219 -0.00323104858398438
-0.0103635787963867 0.00414466857910156 0.0403671264648438 -0.0265731811523438
-0.00680398941040039 0.00215291976928711 0.0294914245605469 -0.0377197265625
-0.00633859634399414 -0.000658512115478515 0.0211963653564453 -0.0332756042480469
-0.00733137130737305 -0.00162792205810547 0.0193157196044922 -0.0269069671630859
-0.00363731384277344 -0.00701189041137695 0.018829345703125 -0.0187721252441406
0.00451755523681641 -0.0098876953125 0.0131845474243164 -0.0126724243164062
0.0123147964477539 -0.00349617004394531 0.0125875473022461 -0.0164222717285156
0.0145587921142578 0.010157585144043 0.0208911895751953 -0.0268573760986328
0.00983810424804688 0.0228443145751953 0.0387001037597656 -0.0341033935546875
-0.00237464904785156 0.0270919799804688 0.0449752807617188 -0.0253829956054688
-0.0164909362792969 0.0285549163818359 0.0595474243164063 -0.00530624389648437
0.00409317016601562 0.0184822082519531 0.0200366973876953 -0.00336265563964844
0.00223779678344726 0.00816965103149414 0.00840187072753906 0.0173873901367188
0.00392055511474609 0.00519657135009766 0.0322151184082031 0.0206565856933594
0.00480890274047852 0.00246763229370117 0.0438766479492188 -0.00153732299804687
0.00587177276611328 -0.000747203826904297 0.0416030883789063 -0.0259933471679687
0.00666236877441406 -0.00852441787719727 0.0299568176269531 -0.0372428894042969
0.00687789916992187 -0.0103521347045898 0.0200614929199219 -0.0327510833740234
0.00827407836914063 -0.011469841003418 0.0178451538085938 -0.0251502990722656
0.0145845413208008 -0.0104475021362305 0.0179920196533203 -0.0184288024902344
0.0207157135009766 -0.00121688842773438 0.0109148025512695 -0.0119094848632813
0.0214290618896484 0.0126113891601563 0.00968647003173828 -0.0143899917602539
0.00665664672851563 0.0295143127441406 0.0156993865966797 -0.0242729187011719
-0.00864410400390625 0.0386734008789063 0.0318946838378906 -0.0283603668212891
-0.0244636535644531 0.0360794067382813 0.0382308959960938 -0.0169754028320312
-0.0394363403320313 0.0339851379394531 0.050811767578125 0.00658035278320313
-0.0136375427246094 0.0347671508789063 0.0155305862426758 0.00765609741210938
-0.00328445434570312 0.0295944213867188 0.00839042663574219 0.0235443115234375
0.0136356353759766 0.0226898193359375 0.0324821472167969 0.0247707366943359
0.0203742980957031 0.009674072265625 0.0421791076660156 0.00189971923828125
0.0226078033447266 -0.00451278686523438 0.0387611389160156 -0.021820068359375
0.0197296142578125 -0.0177173614501953 0.0269355773925781 -0.0320625305175781
0.0192737579345703 -0.0178298950195313 0.0159778594970703 -0.0269412994384766
0.0222492218017578 -0.0201663970947266 0.0129909515380859 -0.0192832946777344
0.029815673828125 -0.0140647888183594 0.0120887756347656 -0.0152854919433594
0.0348281860351563 0.00397872924804688 0.00411510467529297 -0.0106124877929688
0.0296459197998047 0.0235061645507813 0.00471305847167969 -0.0132322311401367
0.0021209716796875 0.0436248779296875 0.0101203918457031 -0.0217227935791016
-0.0215187072753906 0.0507698059082031 0.0239181518554687 -0.0203151702880859
-0.0405464172363281 0.0411605834960938 0.0262680053710937 -0.00691795349121093
-0.0571517944335938 0.0333480834960937 0.0342864990234375 0.0194606781005859
-0.0321235656738281 0.0446701049804688 0.00632286071777343 0.0203933715820313
-0.0115737915039062 0.0481491088867188 0.00477409362792969 0.0305137634277344
0.0188751220703125 0.0396385192871094 0.0286655426025391 0.0286140441894531
0.0330944061279297 0.0175304412841797 0.0354423522949219 0.00703048706054688
0.037353515625 -0.00640487670898438 0.0317897796630859 -0.0145854949951172
0.0301132202148438 -0.0240077972412109 0.0202617645263672 -0.0223026275634766
0.0284500122070312 -0.0232868194580078 0.00966644287109375 -0.0170841217041016
0.0324516296386719 -0.026580810546875 0.00547504425048828 -0.00981616973876953
0.0399589538574219 -0.0166816711425781 0.00332021713256836 -0.00873184204101563
0.0440177917480469 0.00675201416015625 -0.00449562072753906 -0.00693750381469726
0.0354156494140625 0.0294532775878906 -0.00142288208007812 -0.0120649337768555
3.81469726562447E-05 0.0523490905761719 0.00530433654785156 -0.0184955596923828
-0.0294570922851563 0.0561790466308594 0.0171976089477539 -0.00968360900878906
-0.0509262084960938 0.0409278869628906 0.0102071762084961 0.00336647033691407
-0.0657615661621094 0.0254898071289063 0.0110721588134766 0.0297603607177734
-0.0459175109863281 0.0447120666503906 -0.00787162780761719 0.0318183898925781
-0.0213508605957031 0.0567626953125 -0.00127029418945313 0.0354804992675781
0.01849365234375 0.0511741638183594 0.0199165344238281 0.0308494567871094
0.0389862060546875 0.0246315002441406 0.0241603851318359 0.0108013153076172
0.0456886291503906 -0.0057220458984375 0.0201892852783203 -0.005462646484375
0.0363311767578125 -0.026123046875 0.0106573104858398 -0.00957298278808594
0.0338840484619141 -0.0252246856689453 0.00205588340759278 -0.00419306755065918
0.0374794006347656 -0.0288276672363281 -0.00349783897399902 0.00262856483459473
0.0442771911621094 -0.0180549621582031 -0.0073246955871582 -0.000569820404052736
0.0472450256347656 0.008026123046875 -0.0142316818237305 -0.0027618408203125
0.0366668701171875 0.0319709777832031 -0.00770378112792968 -0.0104188919067383
-0.0034332275390625 0.0541000366210938 0.00190353393554688 -0.015350341796875
-0.035064697265625 0.0547714233398437 0.0107402801513672 0.00124359130859375
-0.0552558898925781 0.0350723266601563 -0.00765419006347657 0.0132961273193359
-0.0619316101074219 0.0124702453613281 -0.0115585327148438 0.0364494323730469
-0.0502967834472656 0.0336036682128906 -0.0226821899414063 0.0390510559082031
-0.0283050537109375 0.0518836975097656 -0.00851821899414063 0.0361862182617187
0.0117835998535156 0.0520591735839844 0.00840377807617188 0.0293121337890625
0.035736083984375 0.0279121398925781 0.0108022689819336 0.0130987167358398
0.0458106994628906 -0.00336074829101563 0.00651407241821289 0.00329208374023438
0.0364265441894531 -0.0229721069335938 2.21729278564479E-05 0.00365161895751953
0.0326519012451172 -0.0231819152832031 -0.00635242462158203 0.00912666320800781
0.0370330810546875 -0.02655029296875 -0.0125045776367188 0.014399528503418
0.0427627563476563 -0.01641845703125 -0.0179309844970703 0.00785255432128906
0.0448532104492188 0.00931930541992187 -0.0225105285644531 0.000946044921875003
0.0331058502197266 0.0313930511474609 -0.0139102935791016 -0.0101919174194336
-0.00749206542968751 0.0500411987304688 -0.0006103515625 -0.0123844146728516
-0.0376052856445312 0.0461082458496094 0.00358104705810547 0.0102605819702148
-0.0540084838867187 0.0240631103515625 -0.0262279510498047 0.0194282531738281
-0.04595947265625 -0.00245285034179687 -0.0317535400390625 0.0371284484863281
-0.0426712036132813 0.0163307189941406 -0.034088134765625 0.0408821105957031
-0.028778076171875 0.035491943359375 -0.0136375427246094 0.0341243743896484
0.0030059814453125 0.0418357849121094 -0.000951766967773436 0.0250358581542969
0.0254726409912109 0.0243721008300781 -0.00173187255859375 0.0123796463012695
0.0370216369628906 -0.0005645751953125 -0.00638294219970703 0.0100584030151367
0.0299015045166016 -0.0171737670898438 -0.00980854034423828 0.0153932571411133
0.0273494720458984 -0.0174140930175781 -0.0135498046875 0.0200843811035156
0.0310077667236328 -0.0209007263183594 -0.0201129913330078 0.0244007110595703
0.0355300903320312 -0.0127944946289062 -0.0275802612304688 0.0151329040527344
0.0372352600097656 0.008514404296875 -0.0308914184570312 0.00463104248046875
0.0260677337646484 0.0275974273681641 -0.0194377899169922 -0.0103912353515625
-0.0110321044921875 0.0408134460449219 -0.00338077545166016 -0.0114679336547852
-0.036468505859375 0.0327186584472656 -0.00326728820800781 0.015864372253418
-0.0467720031738281 0.0100212097167969 -0.0434722900390625 0.0218238830566406
-0.0237808227539063 -0.01739501953125 -0.0422859191894531 0.0344047546386719
-0.0276699066162109 -0.00299263000488282 -0.0388221740722656 0.038299560546875
-0.0228042602539063 0.0123043060302734 -0.0154380798339844 0.0298881530761719
-0.00531768798828125 0.0236873626708984 -0.00827598571777344 0.0203075408935547
0.0114507675170898 0.0165128707885742 -0.00953769683837891 0.011347770690918
0.0219001770019531 0.00238037109375 -0.0153951644897461 0.0149564743041992
0.0193138122558594 -0.00828170776367188 -0.0169811248779297 0.0237979888916016
0.0174179077148438 -0.00958919525146484 -0.0183887481689453 0.0288906097412109
0.0206775665283203 -0.0125102996826172 -0.0258922576904297 0.0315399169921875
0.0240116119384766 -0.00806617736816406 -0.0356025695800781 0.0197830200195312
0.0253181457519531 0.00699806213378906 -0.0371856689453125 0.00555419921875
0.0176048278808594 0.0201454162597656 -0.0243911743164063 -0.0108146667480469
-0.0117359161376953 0.0282459259033203 -0.00722694396972657 -0.0119695663452148
-0.0306758880615234 0.0166568756103516 -0.0110569000244141 0.0163650512695313
-0.0335464477539063 -0.00516128540039063 -0.0574264526367188 0.0183868408203125
0.00718307495117188 0.0190944671630859 0.061798095703125 -0.0158462524414063
0.0181598663330078 0.000349044799804687 0.0192852020263672 -0.0110416412353516
0.00500106811523438 -0.0126209259033203 0.00636959075927734 0.0134210586547852
-0.00637149810791016 -0.0101289749145508 0.0298252105712891 0.0180492401123047
-0.0104227066040039 -0.00290203094482422 0.0429191589355469 -0.00293350219726563
-0.0100784301757813 0.00469779968261719 0.0407791137695313 -0.0280532836914063
-0.00634622573852539 0.00235366821289062 0.0295524597167969 -0.0389060974121094
-0.00650262832641601 -0.000307559967041016 0.0209484100341797 -0.03466796875
-0.00744438171386719 -0.00154876708984375 0.0193519592285156 -0.0277862548828125
-0.00420999526977539 -0.00722122192382813 0.0186214447021484 -0.0202255249023438
0.00401210784912109 -0.00986003875732422 0.0139560699462891 -0.0142030715942383
0.012385368347168 -0.00397300720214844 0.0136480331420898 -0.0172748565673828
0.0152606964111328 0.0100297927856445 0.0223674774169922 -0.0273761749267578
0.00982856750488281 0.0229778289794922 0.0396308898925781 -0.0358009338378906
-0.00225830078125 0.0277099609375 0.0467185974121094 -0.0270614624023438
-0.0168838500976563 0.0291709899902344 0.0615615844726562 -0.00553131103515625
0.00409889221191406 0.0193252563476563 0.0205574035644531 -0.00321769714355469
0.00259685516357422 0.00905418395996094 0.00834274291992188 0.0182838439941406
0.00457525253295898 0.00566864013671875 0.033233642578125 0.0214366912841797
0.00530672073364258 0.00233554840087891 0.0445098876953125 -0.00147628784179687
0.00663423538208008 -0.000791549682617188 0.0423583984375 -0.0268020629882813
0.00685214996337891 -0.00899028778076172 0.0304450988769531 -0.0385322570800781
0.00722122192382813 -0.0103063583374023 0.0193939208984375 -0.0338020324707031
0.00838661193847656 -0.0120000839233398 0.0175991058349609 -0.0261173248291016
0.0151472091674805 -0.0107593536376953 0.0176067352294922 -0.0201759338378906
0.0212993621826172 -0.0015411376953125 0.0109806060791016 -0.0134658813476563
0.0225048065185547 0.0128498077392578 0.0105829238891602 -0.0155010223388672
0.00728607177734375 0.0305862426757813 0.0168323516845703 -0.0245704650878906
-0.0085296630859375 0.0402565002441406 0.0327072143554688 -0.0298290252685547
-0.0249443054199219 0.0371513366699219 0.0403518676757813 -0.0189743041992187
-0.0404281616210938 0.0348701477050781 0.0522117614746094 0.006622314453125
-0.0140953063964844 0.0362052917480469 0.0158491134643555 0.00760173797607422
-0.00307655334472656 0.0309658050537109 0.00800704956054687 0.0246124267578125
0.0144786834716797 0.0232067108154297 0.0332660675048828 0.0253105163574219
0.0214424133300781 0.0100574493408203 0.0429191589355469 0.00275039672851563
0.0237522125244141 -0.00477027893066406 0.0397415161132813 -0.0222969055175781
0.0199031829833984 -0.0185642242431641 0.0269927978515625 -0.0333156585693359
0.0194187164306641 -0.0189876556396484 0.0156173706054688 -0.0274105072021484
0.0221271514892578 -0.0216140747070312 0.0123710632324219 -0.0200443267822266
0.0308055877685547 -0.0150222778320313 0.0118684768676758 -0.0163774490356445
0.0358009338378906 0.00340652465820313 0.00404644012451172 -0.0115375518798828
0.0311355590820313 0.0239810943603516 0.00541782379150391 -0.014521598815918
0.00301742553710937 0.045440673828125 0.0108299255371094 -0.0225486755371094
-0.0214614868164063 0.0523262023925781 0.0250873565673828 -0.0210781097412109
-0.0415916442871094 0.0422439575195313 0.0272197723388672 -0.00862312316894531
-0.0586700439453125 0.034515380859375 0.0351524353027344 0.0197601318359375
-0.0325736999511719 0.0469436645507813 0.00588035583496093 0.0205612182617188
-0.0108184814453125 0.0502586364746094 0.00452804565429688 0.0311794281005859
0.0204925537109375 0.0409278869628906 0.0287799835205078 0.0293483734130859
0.0348415374755859 0.0176258087158203 0.0361366271972656 0.00720596313476563
0.0386734008789063 -0.00753021240234375 0.0325298309326172 -0.0148868560791016
0.0305538177490234 -0.0251712799072266 0.0207061767578125 -0.0225429534912109
0.0288467407226563 -0.0249195098876953 0.00913143157958985 -0.0172080993652344
0.0327911376953125 -0.0282936096191406 0.00482177734375 -0.00958251953125
0.040679931640625 -0.0183906555175781 0.00263118743896485 -0.00951957702636719
0.0455474853515625 0.00583267211914063 -0.00484418869018554 -0.0082859992980957
0.037261962890625 0.0301551818847656 -0.00136280059814453 -0.0125608444213867
0.00104522705078125 0.0543899536132813 0.00570869445800781 -0.0188865661621094
-0.029510498046875 0.0588645935058594 0.017333984375 -0.010798454284668
-0.0521965026855469 0.0428390502929688 0.0110015869140625 0.00174903869628907
-0.0672187805175781 0.0275001525878906 0.0112934112548828 0.0311775207519531
-0.0469131469726562 0.0465927124023438 -0.00882911682128906 0.0321006774902344
-0.0210723876953125 0.0591583251953125 -0.00214004516601563 0.0360832214355469
0.0199851989746094 0.0523757934570313 0.0200042724609375 0.0320911407470703
0.040313720703125 0.0250205993652344 0.0244426727294922 0.0113582611083984
0.046966552734375 -0.0071868896484375 0.0205593109130859 -0.0052032470703125
0.0369300842285156 -0.0272369384765625 0.0108909606933594 -0.00972175598144531
0.0340023040771484 -0.0267658233642578 0.00111246109008789 -0.00428652763366699
0.03826904296875 -0.03082275390625 -0.00417184829711914 0.00283074378967285
0.0456695556640625 -0.0200157165527344 -0.00818252563476562 -0.000836849212646485
0.0491828918457031 0.0076141357421875 -0.0143747329711914 -0.00312709808349609
0.0388069152832031 0.0329856872558594 -0.00819873809814453 -0.0114889144897461
-0.00255966186523437 0.0567398071289063 0.00260543823242187 -0.0154333114624023
-0.0348739624023438 0.057159423828125 0.0110912322998047 0.000696182250976566
-0.0570144653320313 0.0363426208496094 -0.00759124755859375 0.0121707916259766
-0.0638313293457031 0.0142059326171875 -0.0119857788085938 0.0378570556640625
-0.0514335632324219 0.0357208251953125 -0.0237236022949219 0.0398902893066406
-0.0281829833984375 0.0539932250976563 -0.00965118408203125 0.036895751953125
0.013153076171875 0.0536041259765625 0.00799751281738281 0.0304393768310547
0.037506103515625 0.0285301208496094 0.0108242034912109 0.013911247253418
0.0468978881835937 -0.00446319580078125 0.00699901580810547 0.00354862213134766
0.0365066528320312 -0.0247611999511719 1.57356262207057E-05 0.00391244888305664
0.0333766937255859 -0.0246238708496094 -0.0069427490234375 0.00915336608886718
0.0374641418457031 -0.0289802551269531 -0.0128116607666016 0.0147199630737305
0.0431861877441406 -0.018402099609375 -0.0188159942626953 0.00754737854003906
0.0465850830078125 0.00845718383789063 -0.0238170623779297 0.000923156738281248
0.0349788665771484 0.0318164825439453 -0.0143404006958008 -0.0100841522216797
-0.0067596435546875 0.0521087646484375 -0.000430107116699218 -0.0131072998046875
-0.0380020141601562 0.0481796264648438 0.00371551513671875 0.0097951889038086
-0.0551414489746094 0.0251846313476562 -0.0265331268310547 0.0190658569335937
-0.0474777221679687 -0.00127792358398438 -0.0331382751464844 0.0393486022949219
-0.0435867309570313 0.0173072814941406 -0.0355072021484375 0.04156494140625
-0.029144287109375 0.0367279052734375 -0.0145893096923828 0.0343036651611328
0.00408935546875 0.0430564880371094 -0.00205230712890625 0.0259246826171875
0.0270004272460937 0.0247993469238281 -0.00187873840332031 0.0135364532470703
0.0383148193359375 -0.000988006591796875 -0.00673961639404296 0.0107240676879883
0.0305099487304688 -0.01806640625 -0.00958633422851562 0.0161037445068359
0.0274791717529297 -0.0186214447021484 -0.0138187408447266 0.0209999084472656
0.0310611724853516 -0.0224075317382813 -0.0204391479492188 0.0253887176513672
0.036285400390625 -0.0139808654785156 -0.0287322998046875 0.0155715942382812
0.0381546020507813 0.00808334350585938 -0.0314407348632813 0.00439453125
0.027435302734375 0.0275821685791016 -0.0203304290771484 -0.0100288391113281
-0.0101585388183594 0.0423774719238281 -0.00356578826904297 -0.0122098922729492
-0.0365867614746094 0.0344772338867188 -0.00277042388916016 0.0157918930053711
-0.0475273132324219 0.0102424621582031 -0.0447120666503906 0.0217094421386719
-0.0242137908935547 -0.0171909332275391 -0.04376220703125 0.0364456176757813
-0.0287685394287109 -0.00284385681152344 -0.0404396057128906 0.0395011901855469
-0.0228805541992188 0.0134563446044922 -0.0165576934814453 0.0299739837646484
-0.00470161437988281 0.0246143341064453 -0.00893783569335938 0.0209426879882813
0.012181282043457 0.0166454315185547 -0.00980377197265625 0.0127401351928711
0.0225925445556641 0.00178718566894531 -0.0149021148681641 0.0157403945922852
0.0190334320068359 -0.00907325744628906 -0.0169906616210938 0.0244007110595703
0.0174694061279297 -0.0104999542236328 -0.0187740325927734 0.0295391082763672
0.0205917358398437 -0.0135612487792969 -0.0262165069580078 0.0328426361083984
0.0238323211669922 -0.00893402099609375 -0.0365943908691406 0.0211143493652344
0.0262641906738281 0.00649070739746094 -0.0384292602539063 0.00627517700195313
0.0178928375244141 0.0203132629394531 -0.0251560211181641 -0.0108909606933594
-0.0115032196044922 0.0291099548339844 -0.00710582733154297 -0.0121183395385742
-0.0307407379150391 0.0178070068359375 -0.0112190246582031 0.0168437957763672
-0.0345077514648438 -0.00547599792480469 -0.0581779479980469 0.0192337036132813
0.00789260864257813 0.0192718505859375 0.0644683837890625 -0.0186119079589844
0.0192184448242187 -0.000280380249023437 0.0202560424804688 -0.0123291015625
0.00464344024658203 -0.0129766464233398 0.00691890716552734 0.0140953063964844
-0.00685024261474609 -0.0104961395263672 0.0313014984130859 0.0183582305908203
-0.0109214782714844 -0.00259017944335937 0.0444297790527344 -0.00414276123046875
-0.00956058502197266 0.00504016876220703 0.04156494140625 -0.0300674438476562
-0.00649070739746094 0.00261688232421875 0.0298080444335938 -0.0416755676269531
-0.00696325302124023 -0.00011730194091797 0.0204010009765625 -0.0372505187988281
-0.00785970687866211 -0.00152683258056641 0.0188236236572266 -0.0296688079833984
-0.00392961502075195 -0.00720977783203125 0.0182762145996094 -0.0216522216796875
0.00383853912353516 -0.0100183486938477 0.0141696929931641 -0.0163040161132813
0.0128240585327148 -0.00390815734863281 0.0145950317382813 -0.0191326141357422
0.0160951614379883 0.0102348327636719 0.0230426788330078 -0.0288009643554688
0.0105247497558594 0.0236778259277344 0.0406303405761719 -0.0382194519042969
-0.00160408020019532 0.0286369323730469 0.0490150451660156 -0.0306625366210937
-0.0168380737304687 0.0316257476806641 0.0644187927246094 -0.00733184814453125
0.00490188598632813 0.0201606750488281 0.0207786560058594 -0.00369071960449219
0.00287818908691406 0.00890827178955078 0.00929832458496094 0.0189495086669922
0.00544834136962891 0.00525426864624023 0.0348472595214844 0.0214290618896484
0.00576353073120117 0.00284862518310547 0.0463829040527344 -0.00254058837890625
0.00739192962646484 -0.00105667114257812 0.0434837341308594 -0.0296249389648438
0.00743293762207031 -0.00968265533447266 0.030029296875 -0.0416831970214844
0.00700855255126953 -0.0108747482299805 0.019012451171875 -0.0360946655273438
0.00846958160400391 -0.0132875442504883 0.0172634124755859 -0.0282783508300781
0.0153913497924805 -0.0118484497070313 0.0173969268798828 -0.0215892791748047
0.0224609375 -0.00214576721191406 0.0109996795654297 -0.0156221389770508
0.0232143402099609 0.0130577087402344 0.0113601684570313 -0.0172796249389648
0.00835609436035156 0.0319957733154297 0.0172576904296875 -0.0262222290039062
-0.00825119018554688 0.0420875549316406 0.034027099609375 -0.0320720672607422
-0.0255508422851562 0.0392265319824219 0.0422477722167969 -0.021881103515625
-0.0414962768554687 0.03790283203125 0.05511474609375 0.00559616088867188
-0.0132484436035156 0.0385360717773438 0.0165510177612305 0.00765609741210938
-0.00182914733886719 0.0329036712646484 0.00856590270996094 0.0251369476318359
0.0161590576171875 0.0242977142333984 0.0351142883300781 0.0262870788574219
0.0229454040527344 0.00954055786132813 0.0441322326660156 0.00165557861328125
0.0256385803222656 -0.00640487670898438 0.0408782958984375 -0.0244865417480469
0.0205516815185547 -0.0205478668212891 0.0263519287109375 -0.0354881286621094
0.0195903778076172 -0.0204792022705078 0.0148296356201172 -0.0298385620117188
0.0228137969970703 -0.0237770080566406 0.0118675231933594 -0.0218620300292969
0.0317573547363281 -0.0169486999511719 0.0105094909667969 -0.0180416107177734
0.0374984741210938 0.00244903564453125 0.00383853912353516 -0.0130844116210938
0.0332469940185547 0.0242710113525391 0.00553035736083984 -0.0153293609619141
0.00504684448242188 0.047821044921875 0.0114917755126953 -0.0235996246337891
-0.0206146240234375 0.0561180114746094 0.0257682800292969 -0.0231304168701172
-0.0426826477050781 0.0455322265625 0.0289840698242187 -0.0109882354736328
-0.0601997375488281 0.0386390686035156 0.0377616882324219 0.020263671875
-0.0326194763183594 0.0499534606933594 0.005950927734375 0.0210914611816406
-0.00977706909179687 0.0537109375 0.004119873046875 0.0323944091796875
0.0230941772460938 0.0419998168945313 0.0299053192138672 0.0303192138671875
0.037139892578125 0.0178451538085938 0.0376396179199219 0.00748443603515625
0.0406951904296875 -0.00960159301757813 0.03338623046875 -0.0161552429199219
0.0310192108154297 -0.027679443359375 0.0206642150878906 -0.0246906280517578
0.0293731689453125 -0.0268611907958984 0.00873565673828125 -0.0183753967285156
0.0331058502197266 -0.0315093994140625 0.00412845611572266 -0.0106382369995117
0.0416107177734375 -0.0214691162109375 0.00125694274902344 -0.0110359191894531
0.0484237670898438 0.00483322143554688 -0.0057373046875 -0.00889110565185547
0.0402717590332031 0.0304069519042969 -0.000862121582031247 -0.0140581130981445
0.00317001342773437 0.057403564453125 0.00634002685546875 -0.0202560424804687
-0.029083251953125 0.0630455017089844 0.0179977416992187 -0.0117435455322266
-0.0538444519042969 0.0456657409667969 0.0116901397705078 0.000366210937500003
-0.0700759887695312 0.0312042236328125 0.0131626129150391 0.0321941375732422
-0.0479049682617188 0.0502662658691406 -0.00883483886718751 0.0335407257080078
-0.0196990966796875 0.0628471374511719 -0.00288772583007812 0.0379295349121094
0.022674560546875 0.0548515319824219 0.02093505859375 0.0330009460449219
0.0432205200195313 0.0246467590332031 0.0258769989013672 0.0123043060302734
0.0491600036621094 -0.00908279418945313 0.0211563110351563 -0.00615692138671875
0.0377159118652344 -0.0300559997558594 0.0108613967895508 -0.0103559494018555
0.0338516235351562 -0.0295429229736328 0.00133347511291504 -0.00413966178894043
0.0384902954101563 -0.0340690612792969 -0.00444889068603515 0.00295495986938476
0.0468063354492188 -0.0229988098144531 -0.00953388214111328 -0.00127887725830078
0.0524787902832031 0.00578689575195313 -0.0157127380371094 -0.00361156463623047
0.0420112609863281 0.0325469970703125 -0.0082254409790039 -0.0117483139038086
-0.000366210937499995 0.0594825744628906 0.00218391418457031 -0.0166168212890625
-0.034515380859375 0.0616531372070312 0.0112648010253906 0.000305175781250004
-0.0586318969726563 0.0397491455078125 -0.00729370117187501 0.0118598937988281
-0.0666046142578125 0.0171775817871094 -0.0123672485351563 0.0402793884277344
-0.0525856018066406 0.0389213562011719 -0.0244407653808594 0.0421485900878906
-0.0276374816894531 0.0580101013183594 -0.0105628967285156 0.0385475158691406
0.0160064697265625 0.0559463500976563 0.00848960876464844 0.0314369201660156
0.040283203125 0.0278892517089844 0.0113554000854492 0.0148963928222656
0.049163818359375 -0.00634765625 0.0076441764831543 0.00440883636474609
0.0373039245605469 -0.0273818969726563 0.000212907791137697 0.00412154197692871
0.0334987640380859 -0.0273628234863281 -0.00656986236572265 0.00969505310058594
0.037750244140625 -0.0318031311035156 -0.0130672454833984 0.0155963897705078
0.0445175170898437 -0.0211181640625 -0.0201091766357422 0.00820732116699219
0.0487861633300781 0.00667572021484375 -0.02484130859375 0.00135231018066406
0.0379524230957031 0.0319290161132813 -0.0150718688964844 -0.0104455947875977
-0.00441741943359375 0.0551643371582031 -0.000689506530761718 -0.0136613845825195
-0.037322998046875 0.0522575378417969 0.00470161437988281 0.00970745086669922
-0.0573692321777344 0.0281295776367187 -0.0273418426513672 0.0194072723388672
-0.0505599975585938 0.00053405761718751 -0.0336952209472656 0.0424919128417969
-0.0447921752929688 0.0200691223144531 -0.0371170043945313 0.0446510314941406
-0.0288734436035156 0.0401802062988281 -0.0156021118164063 0.0361366271972656
0.00677490234375 0.0449600219726563 -0.00202560424804688 0.0272903442382813
0.0299530029296875 0.0252494812011719 -0.00135231018066406 0.0145740509033203
0.0400810241699219 -0.00262451171875 -0.00585746765136719 0.0123329162597656
0.0312232971191406 -0.0205287933349609 -0.0100278854370117 0.0169954299926758
0.0281925201416016 -0.0207614898681641 -0.0134143829345703 0.0225486755371094
0.0314102172851562 -0.0250148773193359 -0.0207576751708984 0.0278148651123047
0.0370101928710938 -0.0166168212890625 -0.0297489166259766 0.0172405242919922
0.0403556823730469 0.00693130493164062 -0.0335636138916016 0.00539970397949218
0.0295047760009766 0.0278797149658203 -0.0216541290283203 -0.0107650756835937
-0.00920486450195312 0.0450172424316406 -0.00376605987548828 -0.0129327774047852
-0.0371360778808594 0.0375633239746094 -0.00237178802490234 0.0163173675537109
-0.0497627258300781 0.0119171142578125 -0.0456504821777344 0.0230903625488281
-0.0260066986083984 -0.0162448883056641 -0.0456390380859375 0.0395622253417969
-0.0299472808837891 -0.00121688842773438 -0.0420074462890625 0.042327880859375
-0.0232868194580078 0.0152034759521484 -0.0179405212402344 0.0314807891845703
-0.00313568115234375 0.0258045196533203 -0.0095062255859375 0.0226516723632812
0.012974739074707 0.0167531967163086 -0.00980758666992187 0.0145359039306641
0.0237350463867187 0.000783920288085937 -0.0146484375 0.0180606842041016
0.0195960998535156 -0.0101394653320313 -0.0164165496826172 0.0261440277099609
0.0180854797363281 -0.0118446350097656 -0.0180225372314453 0.0312309265136719
0.0212039947509766 -0.0148487091064453 -0.0261497497558594 0.0350933074951172
0.0246067047119141 -0.0104961395263672 -0.0375938415527344 0.0231437683105469
0.0277309417724609 0.00523567199707031 -0.0400810241699219 0.00771713256835938
0.0194416046142578 0.0202922821044922 -0.0268745422363281 -0.0104351043701172
-0.0108852386474609 0.0311279296875 -0.00778484344482422 -0.0124053955078125
-0.0313072204589844 0.0194149017333984 -0.0109453201293945 0.01739501953125
-0.0352439880371094 -0.00484848022460938 -0.0609474182128906 0.0213699340820313
0.00936126708984375 0.0194511413574219 0.0668144226074219 -0.0232505798339844
0.0201206207275391 -0.00109481811523438 0.0202922821044922 -0.0138759613037109
0.00429916381835937 -0.0136756896972656 0.00775146484375 0.0142002105712891
-0.00792407989501953 -0.0101737976074219 0.0339374542236328 0.0180034637451172
-0.0114107131958008 -0.00181484222412109 0.0459632873535156 -0.00667953491210938
-0.00945854187011719 0.005645751953125 0.0415420532226562 -0.0338172912597656
-0.00641155242919922 0.00282955169677734 0.0283432006835937 -0.0453224182128906
-0.00737428665161133 0.000292778015136718 0.0187454223632812 -0.0394783020019531
-0.00787353515625 -0.000972270965576173 0.0174999237060547 -0.0324134826660156
-0.0045018196105957 -0.00696611404418945 0.0177803039550781 -0.0239372253417969
0.00316238403320313 -0.0105390548706055 0.0135383605957031 -0.0186367034912109
0.012725830078125 -0.00485706329345703 0.0149879455566406 -0.0212841033935547
0.0171928405761719 0.00904273986816406 0.0231571197509766 -0.0308856964111328
0.0123729705810547 0.0238571166992188 0.040618896484375 -0.0422935485839844
-0.000848770141601562 0.0299873352050781 0.050079345703125 -0.0353164672851563
-0.0162258148193359 0.03326416015625 0.0672798156738281 -0.011383056640625
0.00630569458007812 0.0209789276123047 0.0218830108642578 -0.00528144836425781
0.00356292724609375 0.00991630554199219 0.00965309143066406 0.0193691253662109
0.00537967681884765 0.00578451156616211 0.0375099182128906 0.0209999084472656
0.00651311874389648 0.00264739990234375 0.0483016967773438 -0.0043487548828125
0.00828313827514648 -0.0019831657409668 0.0434608459472656 -0.0327224731445313
0.00719833374023438 -0.0104503631591797 0.0283317565917969 -0.0445289611816406
0.00652408599853516 -0.011993408203125 0.0172348022460938 -0.0382919311523438
0.00830173492431641 -0.014613151550293 0.0156707763671875 -0.0305442810058594
0.0154619216918945 -0.0134201049804688 0.0156154632568359 -0.0241146087646484
0.0229396820068359 -0.00329017639160156 0.0105743408203125 -0.0178546905517578
0.0249481201171875 0.0118999481201172 0.0118446350097656 -0.01947021484375
0.0105457305908203 0.0321731567382813 0.0177726745605469 -0.0280971527099609
-0.00629425048828125 0.0443077087402344 0.0336723327636719 -0.0355415344238281
-0.0247306823730469 0.0423049926757813 0.0435295104980469 -0.0262908935546875
-0.0408287048339844 0.0423927307128906 0.0583953857421875 0.0025482177734375
-0.01177978515625 0.0405197143554688 0.0174016952514648 0.00684356689453125
0.000659942626953123 0.0348491668701172 0.009246826171875 0.0263137817382813
0.0181655883789063 0.0244178771972656 0.0372581481933594 0.0258674621582031
0.0248851776123047 0.00886726379394531 0.0461692810058594 2.28881835937505E-05
0.0266227722167969 -0.00908088684082031 0.0412368774414063 -0.027618408203125
0.0202465057373047 -0.0224933624267578 0.0255928039550781 -0.0385246276855469
0.0193080902099609 -0.0227375030517578 0.0134868621826172 -0.0312633514404297
0.0224494934082031 -0.0266647338867188 0.0105838775634766 -0.0232295989990234
0.0318412780761719 -0.0198631286621094 0.00944900512695313 -0.0204181671142578
0.0399665832519531 -0.000240325927734375 0.00243854522705078 -0.0149412155151367
0.0367774963378906 0.0235404968261719 0.00561618804931641 -0.0174026489257813
0.00809860229492188 0.0496673583984375 0.0112857818603516 -0.0251064300537109
-0.01837158203125 0.06005859375 0.0252895355224609 -0.0257797241210937
-0.0421218872070312 0.0501022338867188 0.0304985046386719 -0.0145206451416016
-0.0609397888183594 0.0438385009765625 0.0402603149414062 0.01873779296875
-0.0310745239257812 0.0541839599609375 0.00751495361328125 0.0216789245605469
-0.00641250610351563 0.0566482543945313 0.00535011291503907 0.0336799621582031
0.0271873474121094 0.0425186157226563 0.0324726104736328 0.0304489135742187
0.0397911071777344 0.015960693359375 0.0393753051757813 0.00566482543945313
0.0419540405273438 -0.0127983093261719 0.0342311859130859 -0.0182285308837891
0.030731201171875 -0.0310020446777344 0.0195999145507813 -0.0269947052001953
0.0283432006835938 -0.0300617218017578 0.00783348083496094 -0.0200290679931641
0.0327033996582031 -0.0352973937988281 0.00354194641113281 -0.0113906860351563
0.0422554016113281 -0.0254325866699219 8.86917114257851E-05 -0.0119714736938477
0.0510597229003906 0.00157546997070313 -0.00670719146728515 -0.00968551635742188
0.0446853637695313 0.0291213989257813 -0.00136756896972656 -0.0151433944702148
0.00693893432617188 0.0599021911621094 0.00585746765136719 -0.0214328765869141
-0.0257949829101562 0.0679206848144531 0.0183696746826172 -0.0140876770019531
-0.054046630859375 0.0513496398925781 0.0131130218505859 -0.00168991088867187
-0.07086181640625 0.036651611328125 0.0156459808349609 0.0331077575683594
-0.0459060668945313 0.0555686950683594 -0.00777816772460938 0.0357513427734375
-0.0164718627929688 0.067626953125 -0.00174331665039063 0.0396919250488281
0.0277786254882812 0.0560836791992188 0.0226039886474609 0.0338058471679688
0.0469398498535156 0.0232696533203125 0.0275897979736328 0.0114212036132813
0.0511970520019531 -0.0129318237304688 0.0224494934082031 -0.00671195983886719
0.036712646484375 -0.0341606140136719 0.0108957290649414 -0.0118904113769531
0.0335292816162109 -0.0331401824951172 0.000268936157226564 -0.00465583801269531
0.0375633239746094 -0.0386276245117187 -0.00428318977355957 0.0029454231262207
0.0467491149902344 -0.0273704528808594 -0.0105190277099609 -0.000939369201660158
0.055633544921875 0.00218963623046875 -0.0168647766113281 -0.00329113006591797
0.0467109680175781 0.0315093994140625 -0.00924015045166015 -0.0119361877441406
0.00380325317382812 0.0626716613769531 0.00198173522949219 -0.0176315307617187
-0.0314369201660156 0.0668869018554688 0.0124654769897461 -0.00122451782226562
-0.058929443359375 0.0451469421386719 -0.00691032409667969 0.0114936828613281
-0.0681800842285156 0.0223274230957031 -0.0110626220703125 0.0430641174316406
-0.0529136657714844 0.0438995361328125 -0.0238609313964844 0.0448722839355469
-0.0251502990722656 0.06268310546875 -0.00989532470703125 0.0408248901367188
0.0206031799316406 0.0577621459960937 0.00962257385253906 0.0328598022460938
0.0439682006835938 0.0272216796875 0.0124807357788086 0.0155391693115234
0.0512428283691406 -0.0103759765625 0.00856924057006836 0.00462055206298828
0.0369644165039063 -0.0310630798339844 0.000536918640136721 0.00422072410583496
0.0332260131835938 -0.0304279327392578 -0.00620079040527343 0.00986671447753906
0.0370750427246094 -0.0363540649414062 -0.0127220153808594 0.0172739028930664
0.045135498046875 -0.0254325866699219 -0.0209217071533203 0.00963973999023437
0.0520210266113281 0.00331878662109375 -0.0265445709228516 0.0029144287109375
0.0417327880859375 0.0309066772460938 -0.0160417556762695 -0.0102682113647461
-0.00100326538085938 0.0581283569335938 -0.00115489959716797 -0.0145044326782227
-0.0355072021484375 0.0572891235351562 0.00543403625488281 0.00924968719482422
-0.0583839416503906 0.0327568054199219 -0.0274791717529297 0.021026611328125
-0.0522575378417969 0.00414276123046876 -0.0329856872558594 0.0464248657226563
-0.0463371276855469 0.0241050720214844 -0.0371284484863281 0.0481376647949219
-0.0276222229003906 0.0438919067382812 -0.0156059265136719 0.03790283203125
0.00957489013671875 0.0465240478515625 -0.00185775756835938 0.028900146484375
0.0319461822509766 0.0240993499755859 -0.000810623168945312 0.0159816741943359
0.0414619445800781 -0.00575637817382813 -0.00481033325195312 0.0134954452514648
0.030975341796875 -0.0233936309814453 -0.00907135009765625 0.0183868408203125
0.0271854400634766 -0.0237293243408203 -0.0127677917480469 0.0240802764892578
0.0313777923583984 -0.0279273986816406 -0.0195713043212891 0.0294723510742188
0.0369987487792969 -0.0201416015625 -0.0305404663085938 0.0194282531738281
0.042755126953125 0.004241943359375 -0.0349578857421875 0.00765419006347656
0.0328102111816406 0.0273666381835937 -0.0228977203369141 -0.00937652587890625
-0.00651931762695313 0.0483016967773438 -0.00471878051757813 -0.0134315490722656
-0.035614013671875 0.0416297912597656 -0.00189208984375 0.0166044235229492
-0.0506935119628906 0.015625 -0.0467872619628906 0.0260772705078125
-0.0282115936279297 -0.0150470733642578 -0.0459098815917969 0.045379638671875
-0.0311298370361328 0.00102615356445313 -0.0424919128417969 0.0464820861816406
-0.0232658386230469 0.0173797607421875 -0.0175762176513672 0.0338058471679688
-0.00153732299804688 0.0271396636962891 -0.0094451904296875 0.0244770050048828
0.0152702331542969 0.0166521072387695 -0.00991916656494141 0.0159521102905273
0.0241947174072266 -0.000881195068359375 -0.0139617919921875 0.0195541381835938
0.0193233489990234 -0.0124359130859375 -0.0157794952392578 0.0279312133789062
0.017913818359375 -0.01361083984375 -0.0169849395751953 0.0338516235351563
0.0208625793457031 -0.0170917510986328 -0.0253982543945313 0.0377998352050781
0.0248584747314453 -0.0129337310791016 -0.0382499694824219 0.0261917114257812
0.0290203094482422 0.00406074523925781 -0.0414772033691406 0.00996780395507812
0.0219230651855469 0.0200939178466797 -0.0285568237304688 -0.00956344604492188
-0.00929069519042969 0.0334415435791016 -0.00848865509033203 -0.0132198333740234
-0.0307083129882812 0.0219211578369141 -0.0101070404052734 0.0182418823242188
-0.0368423461914063 -0.00319290161132813 -0.0624923706054688 0.0253219604492187
0.0106563568115234 0.0189628601074219 0.0671806335449219 -0.0288505554199219
0.020538330078125 -0.00275039672851563 0.0198135375976563 -0.0164070129394531
0.00321102142333985 -0.0136518478393555 0.009124755859375 0.014495849609375
-0.00858497619628906 -0.00931549072265625 0.0353813171386719 0.0160865783691406
-0.0115776062011719 -0.000504493713378906 0.0459022521972656 -0.00961685180664062
-0.00885868072509766 0.00597095489501953 0.0396385192871094 -0.0373764038085938
-0.00631189346313477 0.00362253189086914 0.0254554748535156 -0.0482559204101563
-0.00714874267578125 0.0010066032409668 0.0156707763671875 -0.0418167114257813
-0.00795841217041016 -0.000424861907958984 0.0145454406738281 -0.0342483520507813
-0.00514364242553711 -0.00611066818237305 0.0164508819580078 -0.0261726379394531
0.00239181518554688 -0.01019287109375 0.0123863220214844 -0.0207023620605469
0.0128288269042969 -0.00479698181152344 0.0145263671875 -0.0231571197509766
0.0182018280029297 0.0082550048828125 0.022308349609375 -0.0323677062988281
0.0141620635986328 0.0234603881835938 0.0391654968261719 -0.0456695556640625
0.00161170959472656 0.0305290222167969 0.0494308471679687 -0.0406074523925781
-0.0138816833496094 0.0352020263671875 0.0677757263183594 -0.0166854858398437
0.00835990905761719 0.0206241607666016 0.0217781066894531 -0.00696182250976563
0.00499725341796875 0.00987720489501953 0.0108413696289063 0.0192394256591797
0.00638771057128906 0.00654458999633789 0.0397300720214844 0.0191459655761719
0.00703525543212891 0.00244951248168945 0.0489463806152344 -0.00760650634765625
0.00879192352294922 -0.0021820068359375 0.0413589477539063 -0.0365371704101563
0.00640106201171875 -0.0118484497070313 0.0253028869628906 -0.0470199584960938
0.00575160980224609 -0.0120725631713867 0.0144424438476563 -0.0403823852539063
0.00736618041992188 -0.0145549774169922 0.0127220153808594 -0.0326404571533203
0.0150966644287109 -0.0150136947631836 0.0135154724121094 -0.0265388488769531
0.02294921875 -0.00492095947265625 0.00951766967773438 -0.0199451446533203
0.0263690948486328 0.0113105773925781 0.0108642578125 -0.020751953125
0.0123863220214844 0.032257080078125 0.0167007446289063 -0.0295391082763672
-0.00238800048828125 0.0459785461425781 0.0322952270507813 -0.0382728576660156
-0.0218887329101563 0.0449867248535156 0.0437850952148438 -0.0318031311035156
-0.0386428833007813 0.046051025390625 0.0599479675292969 -0.0014801025390625
-0.0096282958984375 0.0428314208984375 0.0176658630371094 0.00597763061523438
0.00386810302734375 0.0361328125 0.0108222961425781 0.0263595581054688
0.0209846496582031 0.0239124298095703 0.0393486022949219 0.0240859985351563
0.0263557434082031 0.0070953369140625 0.0469779968261719 -0.00297927856445312
0.0264816284179688 -0.0114002227783203 0.0399093627929688 -0.030609130859375
0.0192546844482422 -0.0247707366943359 0.0233650207519531 -0.0402641296386719
0.0176410675048828 -0.0244426727294922 0.0101547241210938 -0.0326995849609375
0.0206146240234375 -0.0289649963378906 0.00884246826171875 -0.0243644714355469
0.0306854248046875 -0.0232563018798828 0.00722122192382813 -0.0215682983398437
0.0405426025390625 -0.0029144287109375 0.00155925750732422 -0.0158634185791016
0.0387649536132813 0.0214309692382812 0.00566673278808594 -0.0187549591064453
0.0118980407714844 0.0505752563476563 0.010009765625 -0.0263614654541016
-0.0140342712402344 0.0622940063476563 0.0245761871337891 -0.0283584594726562
-0.0398330688476563 0.0539627075195313 0.0306358337402344 -0.0181217193603516
-0.0587234497070312 0.0491943359375 0.0427970886230469 0.0162582397460938
-0.027435302734375 0.0568733215332031 0.00844573974609375 0.0208854675292969
-0.00231170654296875 0.0582809448242188 0.00700950622558593 0.0343036651611328
0.0307998657226563 0.0415573120117188 0.0349254608154297 0.0288925170898438
0.0419273376464844 0.013336181640625 0.0406532287597656 0.00389862060546875
0.0423316955566406 -0.0162086486816406 0.0337142944335937 -0.0210361480712891
0.0286998748779297 -0.0338478088378906 0.0179958343505859 -0.0285015106201172
0.0268039703369141 -0.0331897735595703 0.00608062744140625 -0.0208625793457031
0.030059814453125 -0.0389366149902344 0.00235939025878906 -0.0116119384765625
0.0407371520996094 -0.0298652648925781 -0.00157737731933594 -0.0129833221435547
0.0525321960449219 -0.00284194946289063 -0.00802803039550781 -0.00986385345458984
0.0477714538574219 0.026580810546875 -0.00244712829589843 -0.0157232284545898
0.0124168395996094 0.0611457824707031 0.00499343872070313 -0.0224132537841797
-0.0203704833984375 0.0706787109375 0.0179862976074219 -0.0157070159912109
-0.0511283874511719 0.0560226440429688 0.0129728317260742 -0.00356483459472656
-0.0693016052246094 0.04254150390625 0.01849365234375 0.0328502655029297
-0.0433998107910156 0.0602226257324219 -0.00594329833984375 0.0369224548339844
-0.0115280151367187 0.0699653625488281 -0.000255584716796872 0.0403976440429688
0.0324172973632813 0.054931640625 0.0248584747314453 0.0334644317626953
0.0504379272460938 0.0202255249023438 0.0287494659423828 0.0107669830322266
0.051025390625 -0.0180244445800781 0.0227775573730469 -0.0075531005859375
0.0354423522949219 -0.038360595703125 0.0101099014282227 -0.0128841400146484
0.0316963195800781 -0.0364418029785156 0.000144481658935548 -0.00565290451049805
0.0349273681640625 -0.0424575805664063 -0.00436878204345703 0.00339102745056152
0.045013427734375 -0.0320549011230469 -0.0111989974975586 -0.00071239471435547
0.0562057495117188 -0.00217437744140625 -0.0177555084228516 -0.00227928161621094
0.0497322082519531 0.0281105041503906 -0.0100536346435547 -0.0127582550048828
0.00911712646484376 0.0634880065917969 0.00174713134765625 -0.0176734924316406
-0.0265731811523438 0.0709915161132813 0.0123958587646484 -0.00228023529052734
-0.0576057434082031 0.0507392883300781 -0.00596618652343751 0.0106029510498047
-0.0679206848144531 0.0281867980957031 -0.0076446533203125 0.0448989868164062
-0.0502853393554687 0.0490226745605469 -0.0213546752929688 0.0470466613769531
-0.0206947326660156 0.0655975341796875 -0.00815963745117188 0.0419425964355469
0.0258293151855469 0.0568199157714844 0.0114002227783203 0.032928466796875
0.0470085144042969 0.0242767333984375 0.013768196105957 0.0158510208129883
0.0513877868652344 -0.0150413513183594 0.00936126708984375 0.00411891937255859
0.0349521636962891 -0.0348949432373047 0.000713825225830081 0.00372624397277832
0.0310344696044922 -0.0336952209472656 -0.00618171691894531 0.0105094909667969
0.0348091125488281 -0.0400657653808594 -0.0120353698730469 0.0188465118408203
0.0436248779296875 -0.0294075012207031 -0.0209083557128906 0.0109901428222656
0.0531997680664063 -0.00119781494140625 -0.0271644592285156 0.00432395935058593
0.0453224182128906 0.0283851623535156 -0.0166082382202148 -0.00923538208007813
0.00445556640625 0.0598220825195313 -0.00181674957275391 -0.0148344039916992
-0.030609130859375 0.0611915588378906 0.00638580322265625 0.00889110565185547
-0.0563507080078125 0.0372886657714844 -0.0263919830322266 0.0227489471435547
-0.0532188415527344 0.00934600830078124 -0.031005859375 0.0503196716308594
-0.0455780029296875 0.0287132263183594 -0.0347862243652344 0.0514984130859375
-0.0245323181152344 0.0463409423828125 -0.01483154296875 0.0396461486816406
0.0141868591308594 0.0476303100585938 -0.000797271728515623 0.0308856964111328
0.0344257354736328 0.0217666625976562 -0.000114440917968747 0.0170040130615234
0.0418586730957031 -0.0102005004882812 -0.0033884048461914 0.0144844055175781
0.0297355651855469 -0.0262546539306641 -0.00811958312988281 0.0190944671630859
0.0259418487548828 -0.0261192321777344 -0.0115604400634766 0.0255813598632813
0.0294246673583984 -0.0313758850097656 -0.0182743072509766 0.0317401885986328
0.0359954833984375 -0.0241851806640625 -0.0299606323242187 0.0221176147460938
0.0447769165039063 0.00117874145507813 -0.0350780487060547 0.0109596252441406
0.0355796813964844 0.0253944396972656 -0.0233268737792969 -0.00903129577636719
-0.0028228759765625 0.0498199462890625 -0.00591659545898438 -0.0138034820556641
-0.0325469970703125 0.0455360412597656 -0.00046348571777344 0.0159711837768555
-0.0501594543457031 0.0188865661621094 -0.0463027954101563 0.0286827087402344
-0.0287322998046875 -0.0129566192626953 -0.0442581176757813 0.0502815246582031
-0.0310173034667969 0.00302696228027344 -0.0405998229980469 0.0498886108398438
-0.0223445892333984 0.0196590423583984 -0.0163612365722656 0.0352783203125
0.00138664245605468 0.0275211334228516 -0.00888633728027344 0.0258808135986328
0.0167608261108398 0.0159692764282227 -0.00867080688476562 0.0180606842041016
0.0248680114746094 -0.00369644165039062 -0.0121974945068359 0.0215282440185547
0.0189285278320313 -0.0139636993408203 -0.0137290954589844 0.0295257568359375
0.0171403884887695 -0.015498161315918 -0.0149936676025391 0.0348606109619141
0.0193862915039063 -0.0191688537597656 -0.0227241516113281 0.0403823852539063
0.0241279602050781 -0.0147495269775391 -0.0370712280273438 0.0291328430175781
0.030120849609375 0.00162506103515625 -0.0419692993164063 0.0136871337890625
0.0233154296875 0.0184135437011719 -0.0293216705322266 -0.00860023498535157
-0.00645256042480469 0.0348014831542969 -0.00949287414550781 -0.0132112503051758
-0.0289993286132813 0.0251827239990234 -0.0091705322265625 0.0187263488769531
-0.0374946594238281 -0.000789642333984381 -0.0619354248046875 0.0295753479003906
0.0102252960205078 0.0177993774414063 0.0646629333496094 -0.0331573486328125
0.0201511383056641 -0.00399589538574219 0.0183849334716797 -0.0171737670898438
0.00205326080322266 -0.013031005859375 0.00866222381591797 0.0145435333251953
-0.00958442687988281 -0.00925827026367188 0.0361557006835938 0.0144309997558594
-0.0114231109619141 -0.000657081604003909 0.0463218688964844 -0.0118980407714844
-0.00887966156005859 0.00764179229736328 0.0381813049316406 -0.0381698608398438
-0.00528287887573242 0.00328636169433594 0.0212059020996094 -0.0488853454589844
-0.00638866424560547 0.00132131576538086 0.0127182006835938 -0.0419960021972656
-0.00781917572021484 0.000514507293701171 0.0123291015625 -0.0355339050292969
-0.00562715530395508 -0.00656032562255859 0.0141162872314453 -0.0274524688720703
0.00155544281005859 -0.00964546203613281 0.0107917785644531 -0.0219306945800781
0.0125236511230469 -0.00666141510009766 0.0130157470703125 -0.0252265930175781
0.0177593231201172 0.00640678405761719 0.0204658508300781 -0.0340995788574219
0.0147724151611328 0.0223979949951172 0.0373497009277344 -0.0473060607910156
0.00299263000488281 0.0300559997558594 0.0470085144042969 -0.0441169738769531
-0.012847900390625 0.0360336303710937 0.0682296752929687 -0.0205879211425781
0.00942039489746094 0.0199565887451172 0.0209522247314453 -0.00869941711425781
0.00540542602539063 0.0109310150146484 0.0112400054931641 0.0190029144287109
0.00734806060791016 0.00575733184814453 0.040130615234375 0.0166168212890625
0.00883769989013672 0.00157737731933594 0.0481491088867188 -0.0104217529296875
0.0081629753112793 -0.00462675094604492 0.0379257202148438 -0.0383872985839844
0.00636005401611328 -0.0118408203125 0.0224647521972656 -0.0494728088378906
0.00348377227783203 -0.0133533477783203 0.0117988586425781 -0.0410118103027344
0.00720119476318359 -0.016209602355957 0.0104961395263672 -0.0327548980712891
0.0135173797607422 -0.0163393020629883 0.0105628967285156 -0.0280342102050781
0.0230026245117187 -0.00579643249511719 0.00717926025390625 -0.0204944610595703
0.0268363952636719 0.00884819030761719 0.0115337371826172 -0.0226306915283203
0.0148906707763672 0.0322685241699219 0.0152645111083984 -0.0312118530273437
-0.000381469726562501 0.0452346801757813 0.0299148559570313 -0.0400619506835938
-0.019195556640625 0.0460586547851563 0.0411911010742188 -0.0349006652832031
-0.0361671447753906 0.0477752685546875 0.0601654052734375 -0.00644302368164062
-0.00632858276367188 0.0425224304199219 0.0180759429931641 0.00496292114257813
0.00521087646484375 0.0361709594726563 0.0112762451171875 0.0257358551025391
0.0219898223876953 0.0235652923583984 0.0403671264648438 0.0216865539550781
0.0274028778076172 0.00462722778320313 0.047576904296875 -0.00432968139648438
0.0256309509277344 -0.0148162841796875 0.0381927490234375 -0.0322647094726563
0.0183162689208984 -0.0244293212890625 0.0196990966796875 -0.0411949157714844
0.0171375274658203 -0.0262680053710937 0.00777244567871094 -0.0331802368164063
0.0188751220703125 -0.0305290222167969 0.00752067565917969 -0.0254878997802734
0.0294609069824219 -0.0251140594482422 0.00605964660644531 -0.0225238800048828
0.0396766662597656 -0.0054931640625 -0.000694274902343749 -0.0162582397460938
0.0394401550292969 0.0175132751464844 0.00541877746582031 -0.0204372406005859
0.0144996643066406 0.0484161376953125 0.00905036926269531 -0.0259609222412109
-0.008331298828125 0.0628433227539063 0.0224037170410156 -0.0298938751220703
-0.0371971130371094 0.0568084716796875 0.0297260284423828 -0.0207710266113281
-0.05462646484375 0.0529403686523438 0.0441246032714844 0.01239013671875
-0.0240478515625 0.0585250854492187 0.0101432800292969 0.0205345153808594
0.00188064575195313 0.0592842102050781 0.00726318359375 0.0339412689208984
0.0340461730957031 0.0389022827148438 0.0362319946289063 0.0279884338378906
0.0430068969726563 0.0108604431152344 0.0403366088867187 0.00221633911132813
0.0413742065429687 -0.0193252563476562 0.0327911376953125 -0.0221099853515625
0.026031494140625 -0.0359954833984375 0.0164241790771484 -0.0300388336181641
0.0243072509765625 -0.0337409973144531 0.00418663024902344 -0.0211982727050781
0.0269775390625 -0.040802001953125 0.000833511352539064 -0.0120344161987305
0.0393333435058594 -0.032958984375 -0.00375175476074219 -0.0126638412475586
0.05157470703125 -0.0066680908203125 -0.0089273452758789 -0.0102081298828125
0.0496406555175781 0.0231742858886719 -0.00162982940673828 -0.0156335830688477
0.0158805847167969 0.0594749450683594 0.00516891479492188 -0.0230655670166016
-0.015625 0.0720367431640625 0.0174789428710938 -0.0165328979492187
-0.0480918884277344 0.0585212707519531 0.0125236511230469 -0.0063791275024414
-0.0671844482421875 0.0473213195800781 0.0198440551757812 0.0316486358642578
-0.0370063781738281 0.0628280639648437 -0.0050048828125 0.0351829528808594
-0.00692749023437501 0.0707473754882813 0.000144958496093746 0.04052734375
0.0371589660644531 0.0511131286621094 0.0244903564453125 0.0311203002929688
0.0503692626953125 0.0163841247558594 0.0294189453125 0.00878715515136719
0.0485305786132813 -0.022491455078125 0.0222930908203125 -0.0105838775634766
0.032745361328125 -0.0394287109375 0.00840091705322266 -0.0131912231445313
0.0283203125 -0.03887939453125 -0.00037574768066406 -0.00602054595947266
0.0315322875976563 -0.0460929870605469 -0.00548267364501953 0.00356292724609375
0.0422821044921875 -0.0357284545898438 -0.0117092132568359 -0.000378608703613285
0.0557327270507812 -0.00766372680664062 -0.0185127258300781 -0.00234603881835938
0.0525283813476563 0.0240592956542969 -0.0100698471069336 -0.0113649368286133
0.0138664245605469 0.0628395080566406 0.00101280212402344 -0.0191669464111328
-0.020660400390625 0.0724258422851563 0.0123071670532227 -0.0043792724609375
-0.05389404296875 0.0538101196289063 -0.00561237335205079 0.00988864898681641
-0.0648651123046875 0.0320930480957031 -0.00543212890625001 0.0459632873535156
-0.0461311340332031 0.0513763427734375 -0.0184326171875 0.0478744506835937
-0.015869140625 0.0666236877441406 -0.00705337524414063 0.0426826477050781
0.0305595397949219 0.0553779602050781 0.0118694305419922 0.0329551696777344
0.0485191345214844 0.0209007263183594 0.0160608291625977 0.0151224136352539
0.0505599975585938 -0.0188789367675781 0.0106582641601563 0.00406455993652344
0.0323677062988281 -0.0368423461914063 0.00121736526489258 0.00433731079101562
0.0287818908691406 -0.0357780456542969 -0.00553798675537109 0.0111923217773437
0.0315780639648438 -0.0425338745117188 -0.0112743377685547 0.0192890167236328
0.0407905578613281 -0.03314208984375 -0.0206489562988281 0.0129566192626953
0.0538482666015625 -0.00443649291992188 -0.0267047882080078 0.00645637512207031
0.0474319458007813 0.0247726440429688 -0.0173540115356445 -0.00851535797119141
0.00855255126953126 0.0585975646972656 -0.00195217132568359 -0.0146160125732422
-0.0268630981445313 0.0624656677246094 0.00697135925292969 0.00654363632202149
-0.0536689758300781 0.0401191711425781 -0.0247650146484375 0.0234432220458984
-0.0499610900878906 0.0116767883300781 -0.0294189453125 0.05255126953125
-0.0415763854980469 0.0321273803710937 -0.0316734313964844 0.0533409118652344
-0.0211639404296875 0.0463981628417969 -0.0128135681152344 0.0404052734375
0.0176582336425781 0.0469818115234375 0.00018310546875 0.0311698913574219
0.0380287170410156 0.0197830200195313 -0.000241279602050778 0.0160293579101563
0.0398368835449219 -0.0139999389648438 -0.00306606292724609 0.0150880813598633
0.0266571044921875 -0.0292491912841797 -0.00744056701660156 0.0194091796875
0.0245494842529297 -0.0280475616455078 -0.00904083251953125 0.0257282257080078
0.0267524719238281 -0.0341873168945313 -0.0142555236816406 0.0320034027099609
0.0349693298339844 -0.0255813598632812 -0.0286464691162109 0.0241317749023438
0.0448875427246094 -0.00169754028320313 -0.0342826843261719 0.0119438171386719
0.0368728637695313 0.0214195251464844 -0.0245304107666016 -0.00706100463867188
0.0014801025390625 0.0487022399902344 -0.00658416748046875 -0.0135288238525391
-0.0288772583007813 0.048248291015625 0.000625610351562498 0.0159788131713867
-0.0496788024902344 0.0226058959960937 -0.0435333251953125 0.0313148498535156
-0.030181884765625 -0.0113277435302734 -0.0407981872558594 0.0526847839355469
-0.0315227508544922 0.00648689270019532 -0.037445068359375 0.0516433715820313
-0.0199413299560547 0.0208816528320313 -0.01611328125 0.036346435546875
0.00253677368164063 0.0260639190673828 -0.00808906555175781 0.0274257659912109
0.0184535980224609 0.0136890411376953 -0.00765419006347656 0.01885986328125
0.0237560272216797 -0.00483894348144531 -0.0106773376464844 0.0221023559570312
0.0175142288208008 -0.0154752731323242 -0.0122909545898437 0.0299568176269531
0.0157241821289063 -0.0157375335693359 -0.0127086639404297 0.0349597930908203
0.017730712890625 -0.02130126953125 -0.0205268859863281 0.0418586730957031
0.0223770141601563 -0.0161018371582031 -0.0346755981445313 0.0322628021240234
0.02947998046875 -0.000432968139648437 -0.0403709411621094 0.0158653259277344
0.0244159698486328 0.0171623229980469 -0.0297718048095703 -0.00674819946289062
-0.00392723083496094 0.0335502624511719 -0.01019287109375 -0.012721061706543
-0.0270004272460937 0.0267791748046875 -0.0079193115234375 0.0191974639892578
-0.0372886657714844 0.00170516967773437 -0.060089111328125 0.0325164794921875
0.0116033554077148 0.016911506652832 0.0622596740722656 -0.0344009399414063
0.0186023712158203 -0.00452041625976563 0.0174503326416016 -0.0177783966064453
0.00211048126220703 -0.0136423110961914 0.00946903228759766 0.0139703750610352
-0.00963592529296875 -0.00756072998046875 0.0366363525390625 0.0125770568847656
-0.0109167098999023 0.00159072875976562 0.0441818237304688 -0.0135498046875
-0.0078282356262207 0.00676965713500977 0.0350532531738281 -0.0389976501464844
-0.00518608093261719 0.0038151741027832 0.02001953125 -0.0489883422851563
-0.00689220428466797 0.00230789184570313 0.0106430053710938 -0.0415458679199219
-0.00721836090087891 0.000601768493652345 0.0109443664550781 -0.0347537994384766
-0.00547599792480469 -0.00506305694580078 0.0123386383056641 -0.0273857116699219
0.00149631500244141 -0.00977993011474609 0.0103225708007812 -0.0228557586669922
0.011235237121582 -0.00640583038330078 0.0124626159667969 -0.0256557464599609
0.0177497863769531 0.00589561462402344 0.0202922821044922 -0.0338172912597656
0.0151233673095703 0.0210037231445313 0.0347404479980469 -0.0482826232910156
0.00444984436035157 0.0296573638916016 0.0461273193359375 -0.045867919921875
-0.0109176635742188 0.0353279113769531 0.0653610229492188 -0.0228538513183594
0.00949668884277344 0.0200729370117188 0.0204334259033203 -0.00908088684082031
0.00540733337402344 0.00936985015869141 0.0115203857421875 0.0180568695068359
0.00668954849243164 0.00502634048461914 0.0399665832519531 0.0157394409179688
0.00764322280883789 0.00151300430297852 0.0467376708984375 -0.0113754272460938
0.00855493545532227 -0.00495004653930664 0.037109375 -0.0387306213378906
0.00589942932128906 -0.0117568969726563 0.0197563171386719 -0.048553466796875
0.00426959991455078 -0.0128993988037109 0.0095977783203125 -0.0409774780273437
0.00525474548339844 -0.0155363082885742 0.00911712646484375 -0.0324802398681641
0.0128488540649414 -0.0158615112304688 0.00910758972167968 -0.0273532867431641
0.0219764709472656 -0.00731849670410156 0.00634574890136719 -0.021087646484375
0.0266551971435547 0.00781440734863281 0.00984954833984375 -0.0231704711914063
0.01605224609375 0.0298023223876953 0.0155086517333984 -0.0303173065185547
0.00115203857421875 0.0442085266113281 0.0284538269042969 -0.04071044921875
-0.0180702209472656 0.0462303161621094 0.0401840209960938 -0.0367088317871094
-0.0333824157714844 0.0484657287597656 0.0583572387695313 -0.00733566284179687
-0.00493240356445312 0.0420913696289063 0.0179405212402344 0.00354576110839844
0.0068817138671875 0.0357475280761719 0.0121212005615234 0.0256290435791016
0.023406982421875 0.0214958190917969 0.0405540466308594 0.0205917358398438
0.0267715454101563 0.0042266845703125 0.0453338623046875 -0.006072998046875
0.0246734619140625 -0.0144634246826172 0.0355758666992188 -0.0334358215332031
0.016265869140625 -0.0262413024902344 0.0179100036621094 -0.0421791076660156
0.0150623321533203 -0.0259513854980469 0.006622314453125 -0.0323905944824219
0.0170154571533203 -0.0310096740722656 0.00498771667480469 -0.0250148773193359
0.0270538330078125 -0.0256328582763672 0.00292778015136719 -0.0220623016357422
0.0399131774902344 -0.0077056884765625 -0.00104236602783203 -0.0170669555664063
0.0404205322265625 0.0163307189941406 0.00424957275390625 -0.0204048156738281
0.0168609619140625 0.0476188659667969 0.0088958740234375 -0.0270366668701172
-0.00721359252929688 0.0623435974121094 0.0219402313232422 -0.0299663543701172
-0.0341796875 0.0567474365234375 0.0284881591796875 -0.0225772857666016
-0.0523185729980469 0.0545654296875 0.0436325073242187 0.0111961364746094
-0.0209770202636719 0.0583000183105469 0.0103187561035156 0.0195960998535156
0.00466156005859375 0.0576667785644531 0.00757789611816406 0.0335311889648438
0.0353279113769531 0.0370979309082031 0.03570556640625 0.0263175964355469
0.04296875 0.00856399536132813 0.0398788452148438 0.00138473510742188
0.0394554138183594 -0.0212364196777344 0.0310916900634766 -0.0227909088134766
0.0248641967773438 -0.0368881225585938 0.0137672424316406 -0.0293865203857422
0.0224800109863281 -0.0348377227783203 0.00302696228027344 -0.0205268859863281
0.0242652893066406 -0.0407829284667969 0.000831604003906251 -0.0120716094970703
0.0356101989746094 -0.0328292846679688 -0.00456428527832031 -0.0125980377197266
0.0509529113769531 -0.0089569091796875 -0.00982952117919922 -0.00951480865478515
0.0501708984375 0.0199089050292969 -0.00281715393066406 -0.0163612365722656
0.0184288024902344 0.057586669921875 0.00398826599121094 -0.0231914520263672
-0.0125885009765625 0.0719223022460938 0.0164175033569336 -0.0174169540405273
-0.0443763732910156 0.0600357055664063 0.0127220153808594 -0.00675392150878906
-0.0626907348632813 0.0485763549804687 0.0211391448974609 0.0299072265625
-0.0353584289550781 0.0620689392089844 -0.00238990783691406 0.0348873138427734
-0.00365829467773437 0.069732666015625 0.00205612182617187 0.0395355224609375
0.0384140014648438 0.0497894287109375 0.0259895324707031 0.0317649841308594
0.0510177612304688 0.0142745971679688 0.0281028747558594 0.00927352905273438
0.0481834411621094 -0.0240554809570312 0.0217571258544922 -0.00960159301757813
0.0302658081054687 -0.0403556823730469 0.00814247131347656 -0.0128622055053711
0.0264549255371094 -0.0395240783691406 -0.000900268554687498 -0.00536632537841797
0.028778076171875 -0.0457000732421875 -0.00443315505981445 0.00319051742553711
0.0393791198730469 -0.0367965698242187 -0.0124101638793945 0.000826835632324219
0.0552520751953125 -0.00994491577148438 -0.0182590484619141 -9.9182128906252E-05
0.0524368286132813 0.0213127136230469 -0.0103006362915039 -0.0120964050292969
0.0164794921875 0.0608901977539062 -0.000234603881835935 -0.0189380645751953
-0.01800537109375 0.0718917846679688 0.0117588043212891 -0.00457191467285156
-0.0505332946777344 0.0547561645507812 -0.00531578063964844 0.00928688049316406
-0.0626258850097656 0.0345497131347656 -0.00281143188476563 0.0447349548339844
-0.0436439514160156 0.0522804260253906 -0.0162696838378906 0.0472526550292969
-0.0134544372558594 0.0663375854492188 -0.0061187744140625 0.04193115234375
0.0318946838378906 0.0522384643554688 0.0124607086181641 0.0325946807861328
0.0485610961914063 0.0178565979003906 0.0147466659545898 0.0150375366210938
0.0484352111816406 -0.0215492248535156 0.010345458984375 0.00371170043945312
0.0303802490234375 -0.0383186340332031 0.000891447067260744 0.00356578826904297
0.0267333984375 -0.0362777709960938 -0.00517940521240234 0.0103225708007812
0.0288009643554688 -0.0432586669921875 -0.00966262817382813 0.0188732147216797
0.0384712219238281 -0.0345611572265625 -0.0206508636474609 0.0123977661132812
0.0526847839355469 -0.00769805908203125 -0.0265789031982422 0.00718879699707031
0.0478248596191406 0.0218963623046875 -0.0164031982421875 -0.00854873657226563
0.0108642578125 0.0576438903808594 -0.00279140472412109 -0.0150175094604492
-0.0229873657226562 0.0619850158691406 0.00681924819946289 0.00678062438964844
-0.0514183044433594 0.0422630310058594 -0.0234279632568359 0.0234088897705078
-0.0501022338867188 0.0140151977539063 -0.0253410339355469 0.05322265625
-0.040130615234375 0.0314064025878906 -0.0292549133300781 0.0534515380859375
-0.0182914733886719 0.0481758117675781 -0.0122604370117188 0.0403366088867188
0.0196304321289062 0.0439796447753906 0.00101280212402344 0.0304317474365234
0.0366592407226563 0.0172195434570313 0.00166416168212891 0.0172548294067383
0.0394477844238281 -0.0144195556640625 -0.00148773193359375 0.0143642425537109
0.0257053375244141 -0.0292282104492188 -0.00559616088867187 0.0196399688720703
0.0223541259765625 -0.0282421112060547 -0.00957489013671875 0.0255832672119141
0.0246982574462891 -0.0348262786865234 -0.0141239166259766 0.0318870544433594
0.0318584442138672 -0.0267848968505859 -0.0266971588134766 0.0242538452148438
0.0434799194335938 -0.00527572631835938 -0.0329723358154297 0.0136833190917969
0.0380668640136719 0.0206222534179688 -0.0222911834716797 -0.00677299499511718
0.0034637451171875 0.0484046936035156 -0.00560951232910156 -0.013458251953125
-0.0260963439941406 0.0474052429199219 0.00131511688232422 0.0145998001098633
-0.0470314025878906 0.0233612060546875 -0.0425376892089844 0.0319404602050781
-0.0292987823486328 -0.00806808471679687 -0.0387535095214844 0.0540847778320313
-0.0294303894042969 0.00710868835449219 -0.0352096557617187 0.0532455444335938
-0.0192737579345703 0.0220737457275391 -0.0146446228027344 0.0361175537109375
0.00442123413085937 0.0263671875 -0.00728225708007813 0.0268115997314453
0.0189380645751953 0.01300048828125 -0.00647735595703125 0.0188961029052734
0.0236988067626953 -0.00728607177734375 -0.00897216796875 0.0225315093994141
0.0156078338623047 -0.0157384872436523 -0.0100021362304687 0.0304222106933594
0.0142660140991211 -0.0160188674926758 -0.0110244750976563 0.0353012084960938
0.0164375305175781 -0.0213203430175781 -0.0180091857910156 0.0412635803222656
0.0220756530761719 -0.0170917510986328 -0.0327644348144531 0.0319461822509766
0.0294075012207031 -0.0018157958984375 -0.0382080078125 0.0172691345214844
0.0250530242919922 0.0154953002929688 -0.0287208557128906 -0.00532341003417969
-0.00242042541503906 0.0344200134277344 -0.0100784301757813 -0.0130519866943359
-0.0254383087158203 0.0267772674560547 -0.0069580078125 0.0177745819091797
-0.0362586975097656 0.002532958984375 -0.0574913024902344 0.0343093872070312
0.0114469528198242 0.0168313980102539 0.0611534118652344 -0.035308837890625
0.0187702178955078 -0.00487327575683594 0.0163764953613281 -0.0179328918457031
0.00172996520996094 -0.0130243301391602 0.00927543640136719 0.0142993927001953
-0.00946426391601562 -0.00717830657958984 0.036529541015625 0.0126152038574219
-0.0101537704467773 0.00136566162109375 0.0443801879882813 -0.0134048461914063
-0.00760459899902344 0.00743007659912109 0.034149169921875 -0.0393905639648438
-0.00491046905517578 0.00411796569824219 0.0186538696289063 -0.0492477416992188
-0.0063633918762207 0.0023651123046875 0.00996017456054688 -0.0416183471679688
-0.00750494003295899 0.00100612640380859 0.00904083251953125 -0.0348777770996094
-0.00479888916015625 -0.00490665435791016 0.0112819671630859 -0.0274620056152344
0.00140476226806641 -0.00919914245605469 0.00986099243164062 -0.0235958099365234
0.010706901550293 -0.00687503814697266 0.0127220153808594 -0.0262641906738281
0.01751708984375 0.00566387176513672 0.0205574035644531 -0.0332508087158203
0.0151195526123047 0.0208683013916016 0.0342445373535156 -0.0479660034179688
0.00458145141601563 0.0288162231445313 0.0454978942871094 -0.0471916198730469
-0.0107746124267578 0.0351123809814453 0.0641708374023438 -0.0239295959472656
0.00934791564941406 0.0197677612304688 0.0197315216064453 -0.00986480712890625
0.00616455078125 0.0102977752685547 0.0113620758056641 0.0187358856201172
0.00721359252929688 0.00548410415649414 0.0400009155273438 0.0153350830078125
0.00805521011352539 0.00122499465942383 0.0464630126953125 -0.0113410949707031
0.00818967819213867 -0.00511646270751953 0.0360984802246094 -0.0383110046386719
0.00552654266357422 -0.012324333190918 0.01849365234375 -0.0486831665039063
0.00451278686523437 -0.0128154754638672 0.00835037231445313 -0.04010009765625
0.00496196746826172 -0.0156536102294922 0.00790596008300781 -0.0327987670898438
0.0121822357177734 -0.0161542892456055 0.00874519348144531 -0.0274639129638672
0.0221767425537109 -0.00725173950195313 0.00548744201660156 -0.0217208862304688
0.0271472930908203 0.00756454467773438 0.0102100372314453 -0.024505615234375
0.0159034729003906 0.0296459197998047 0.015380859375 -0.0305309295654297
0.00238800048828125 0.0447120666503906 0.0286293029785156 -0.0408363342285156
-0.0171012878417969 0.0458526611328125 0.0397720336914063 -0.0380935668945313
-0.0324478149414063 0.0493812561035156 0.0583839416503906 -0.0089111328125
-0.00368499755859375 0.0419464111328125 0.0177574157714844 0.00285911560058594
0.00758743286132813 0.0353851318359375 0.0114727020263672 0.0258064270019531
0.0244216918945312 0.0207061767578125 0.0401725769042969 0.0202407836914062
0.0275230407714844 0.00396728515625 0.0452499389648438 -0.00622177124023438
0.0241489410400391 -0.0153980255126953 0.0355491638183594 -0.0332450866699219
0.0156040191650391 -0.0268878936767578 0.0170135498046875 -0.0422706604003906
0.0143260955810547 -0.0263423919677734 0.00607872009277344 -0.0326328277587891
0.0159130096435547 -0.0311088562011719 0.004425048828125 -0.0249252319335938
0.0259342193603516 -0.0262413024902344 0.00213813781738281 -0.0220527648925781
0.0390434265136719 -0.00849533081054688 -0.00139713287353515 -0.0170068740844727
0.0413475036621094 0.0154342651367188 0.00409126281738282 -0.0215587615966797
0.0175247192382812 0.0474510192871094 0.00936508178710938 -0.0272102355957031
-0.00577545166015625 0.062408447265625 0.0220508575439453 -0.0304374694824219
-0.0331993103027344 0.0567893981933594 0.0279312133789062 -0.0244007110595703
-0.0510025024414063 0.054718017578125 0.043304443359375 0.0107078552246094
-0.0194816589355469 0.0578117370605469 0.010498046875 0.0185909271240234
0.00560760498046875 0.0574913024902344 0.00813484191894532 0.0335407257080078
0.0361137390136719 0.0363693237304688 0.0352516174316406 0.0264244079589844
0.042755126953125 0.0076446533203125 0.0388336181640625 0.00119400024414063
0.0382041931152344 -0.022705078125 0.0304698944091797 -0.0227317810058594
0.0239372253417969 -0.0375709533691406 0.0133838653564453 -0.0295639038085938
0.0217475891113281 -0.0356712341308594 0.00208282470703125 -0.0205936431884766
0.0233917236328125 -0.0417709350585938 -0.000102043151855469 -0.0122928619384766
0.0345916748046875 -0.0342464447021484 -0.00519752502441406 -0.0124473571777344
0.0503921508789062 -0.0103912353515625 -0.010009765625 -0.00956249237060547
0.0503349304199219 0.0186347961425781 -0.00295448303222656 -0.0176277160644531
0.0198135375976562 0.0573692321777344 0.00341796875 -0.0229282379150391
-0.0107574462890625 0.0716934204101563 0.0165271759033203 -0.0180225372314453
-0.043670654296875 0.0606918334960938 0.0127573013305664 -0.00827217102050781
-0.0616989135742188 0.0497169494628906 0.0216789245605469 0.0294570922851563
-0.033905029296875 0.062744140625 -0.00168418884277344 0.0344524383544922
-0.00198745727539062 0.069915771484375 0.00172805786132812 0.0394935607910156
0.0399246215820313 0.0484161376953125 0.0253067016601563 0.0309982299804688
0.05133056640625 0.0128440856933594 0.0283412933349609 0.00893020629882813
0.046905517578125 -0.025634765625 0.0220012664794922 -0.0095672607421875
0.0287742614746094 -0.0417327880859375 0.00773811340332031 -0.0133256912231445
0.0254592895507813 -0.0393714904785156 -0.00200366973876953 -0.00516700744628907
0.0276679992675781 -0.046478271484375 -0.0051431655883789 0.00291967391967773
0.0381584167480469 -0.0377769470214844 -0.013397216796875 0.000466346740722657
0.054840087890625 -0.0107192993164063 -0.0179042816162109 -0.000925064086914067
0.0523490905761719 0.0200614929199219 -0.00985431671142578 -0.0129776000976563
0.0179290771484375 0.0601692199707031 0.000303268432617188 -0.0189685821533203
-0.0155029296875 0.071136474609375 0.012385368347168 -0.0049905776977539
-0.0499992370605469 0.055511474609375 -0.0049285888671875 0.00841283798217774
-0.0612258911132813 0.0358047485351563 -0.00242233276367188 0.0445785522460938
-0.0420799255371094 0.052764892578125 -0.0162467956542969 0.046630859375
-0.0116119384765625 0.0669593811035156 -0.00621414184570312 0.041900634765625
0.0327568054199219 0.0514106750488281 0.0125408172607422 0.0325927734375
0.0488929748535156 0.0169105529785156 0.0145111083984375 0.0151815414428711
0.0471725463867187 -0.0224571228027344 0.0107498168945313 0.00388431549072265
0.0296173095703125 -0.0390625 0.00134897232055664 0.00420284271240234
0.0256500244140625 -0.0369987487792969 -0.00584602355957031 0.0109529495239258
0.0275039672851563 -0.0439682006835938 -0.00943565368652344 0.0182971954345703
0.0368003845214844 -0.0353889465332031 -0.0206451416015625 0.0130023956298828
0.0518760681152344 -0.00920867919921875 -0.0257530212402344 0.00727462768554688
0.0485458374023437 0.0207328796386719 -0.0165472030639648 -0.00928306579589843
0.0126075744628906 0.0572738647460937 -0.00276470184326172 -0.0154304504394531
-0.0210380554199219 0.062713623046875 0.00721025466918945 0.00610113143920899
-0.0509147644042969 0.0429267883300781 -0.0233078002929688 0.0225982666015625
-0.0489044189453125 0.0153732299804687 -0.0245552062988281 0.0532684326171875
-0.0394515991210938 0.0327339172363281 -0.0288009643554688 0.0530281066894531
-0.0174903869628906 0.0486602783203125 -0.0122108459472656 0.0399932861328125
0.0203208923339844 0.0430183410644531 0.000520706176757813 0.0306415557861328
0.0371017456054687 0.0165367126464844 0.00146484375 0.0173921585083008
0.0383071899414063 -0.0159149169921875 -0.000569343566894528 0.0145626068115234
0.0247535705566406 -0.0297145843505859 -0.00493049621582031 0.0197925567626953
0.021514892578125 -0.0288791656494141 -0.00815773010253906 0.0251235961914062
0.0236663818359375 -0.0353851318359375 -0.0142459869384766 0.0321788787841797
0.03045654296875 -0.0283050537109375 -0.0266666412353516 0.0244369506835938
0.0426979064941406 -0.00620269775390625 -0.03289794921875 0.0141086578369141
0.0383720397949219 0.0197257995605469 -0.0233306884765625 -0.006317138671875
0.00458526611328125 0.0481491088867188 -0.00606918334960938 -0.0136041641235352
-0.0248832702636719 0.0473098754882813 0.00117969512939453 0.0146799087524414
-0.046661376953125 0.0239105224609375 -0.0413742065429687 0.03192138671875
-0.0283546447753906 -0.00742530822753906 -0.0377655029296875 0.055084228515625
-0.0288715362548828 0.00761795043945313 -0.0348243713378906 0.0531539916992188
-0.0180416107177734 0.0223960876464844 -0.0149650573730469 0.0365447998046875
0.00546836853027343 0.0261497497558594 -0.00743675231933594 0.0277442932128906
0.0190219879150391 0.0124568939208984 -0.00720405578613281 0.0193195343017578
0.0232276916503906 -0.00744056701660156 -0.00812149047851562 0.0222301483154297
0.0158376693725586 -0.0164079666137695 -0.00951957702636719 0.0305118560791016
0.01397705078125 -0.0168638229370117 -0.010498046875 0.0351982116699219
0.0163211822509766 -0.0218486785888672 -0.0173301696777344 0.0414505004882813
0.0210971832275391 -0.0178661346435547 -0.0324974060058594 0.0323429107666016
0.0295543670654297 -0.00320816040039063 -0.0383567810058594 0.0175933837890625
0.0255165100097656 0.0155487060546875 -0.0289974212646484 -0.005340576171875
-0.00140953063964844 0.0340633392333984 -0.0101099014282227 -0.0131158828735352
-0.0243206024169922 0.0265884399414063 -0.00645828247070313 0.0177021026611328
-0.0357437133789063 0.00292587280273437 -0.0560989379882812 0.0349197387695312
0.0113210678100586 0.0163993835449219 0.061737060546875 -0.0368194580078125
0.0184421539306641 -0.00464057922363281 0.0160045623779297 -0.0181808471679688
0.00171184539794922 -0.0127649307250977 0.00926017761230469 0.0145139694213867
-0.00929641723632813 -0.00688743591308594 0.0371131896972656 0.0128135681152344
-0.010432243347168 0.00184440612792969 0.0448036193847656 -0.0137748718261719
-0.00734949111938477 0.00725603103637695 0.0343666076660156 -0.0401611328125
-0.0044560432434082 0.00373983383178711 0.0175209045410156 -0.0501594543457031
-0.00640726089477539 0.00275516510009766 0.00941848754882812 -0.0420989990234375
-0.00723934173583984 0.00165987014770508 0.00880050659179688 -0.0354843139648438
-0.00525951385498047 -0.00461435317993164 0.0110530853271484 -0.0284481048583984
0.00107002258300781 -0.00930404663085938 0.00914764404296875 -0.0244388580322266
0.010981559753418 -0.00684547424316406 0.0125389099121094 -0.0271205902099609
0.0173931121826172 0.00554084777832031 0.0213718414306641 -0.0337314605712891
0.0154762268066406 0.0211563110351563 0.0350418090820313 -0.0491256713867188
0.00524139404296875 0.0293750762939453 0.0463180541992188 -0.0494232177734375
-0.0105743408203125 0.036376953125 0.0646476745605469 -0.02593994140625
0.00961685180664063 0.0197048187255859 0.0194435119628906 -0.0102939605712891
0.00691318511962891 0.0105772018432617 0.0110626220703125 0.0195636749267578
0.00840234756469727 0.00532913208007813 0.04034423828125 0.0156517028808594
0.00847005844116211 0.00126075744628906 0.0470008850097656 -0.0114250183105469
0.00827312469482422 -0.00541543960571289 0.0363845825195313 -0.0392799377441406
0.00592994689941406 -0.0129375457763672 0.0179214477539062 -0.0492706298828125
0.00421047210693359 -0.0125083923339844 0.00747299194335938 -0.0405426025390625
0.00483894348144531 -0.0163812637329102 0.00691986083984375 -0.0336933135986328
0.0121707916259766 -0.0163955688476563 0.00766944885253906 -0.0279273986816406
0.0220050811767578 -0.00787353515625 0.00537300109863282 -0.0226802825927734
0.0273571014404297 0.00734329223632813 0.0102691650390625 -0.0252475738525391
0.0160694122314453 0.0304183959960938 0.0158901214599609 -0.0310935974121094
0.00301742553710937 0.0454902648925781 0.0293464660644531 -0.0417976379394531
-0.0172271728515625 0.0471572875976563 0.0408363342285156 -0.0400772094726563
-0.0329818725585938 0.0501289367675781 0.0589942932128906 -0.00921249389648437
-0.00352096557617188 0.0427207946777344 0.0176963806152344 0.0020751953125
0.00864791870117187 0.0362548828125 0.0112171173095703 0.0264225006103516
0.0251293182373047 0.0201930999755859 0.0405387878417969 0.020965576171875
0.0279598236083984 0.00325965881347656 0.0456733703613281 -0.00619125366210938
0.0245246887207031 -0.0166378021240234 0.0353355407714844 -0.0338287353515625
0.0152149200439453 -0.0279731750488281 0.0166854858398437 -0.0426864624023438
0.0138587951660156 -0.0266647338867188 0.00438308715820312 -0.0330410003662109
0.0156364440917969 -0.0316543579101563 0.00405693054199219 -0.0254936218261719
0.0256557464599609 -0.027313232421875 0.00135040283203125 -0.0223293304443359
0.0397415161132813 -0.00939178466796875 -0.00199127197265625 -0.0175504684448242
0.0419960021972656 0.0151481628417969 0.00447273254394532 -0.0226116180419922
0.0185737609863281 0.0480499267578125 0.00955009460449219 -0.0277004241943359
-0.00487899780273437 0.0636825561523438 0.0224628448486328 -0.031494140625
-0.0331802368164063 0.0587882995605469 0.0282821655273437 -0.0260181427001953
-0.0513534545898437 0.0562057495117188 0.0442085266113281 0.0101165771484375
-0.0192642211914063 0.0588912963867188 0.0103263854980469 0.0183963775634766
0.006561279296875 0.0586509704589844 0.00787734985351562 0.0341701507568359
0.0380439758300781 0.0361595153808594 0.0351905822753906 0.0272407531738281
0.0441780090332031 0.00707626342773437 0.03948974609375 0.00141143798828125
0.0383529663085938 -0.0244026184082031 0.0310401916503906 -0.0235271453857422
0.0233573913574219 -0.0385818481445313 0.0129470825195313 -0.0296611785888672
0.0210151672363281 -0.036224365234375 0.00133514404296875 -0.0209255218505859
0.0224571228027344 -0.0428314208984375 -0.00043964385986328 -0.0124540328979492
0.034027099609375 -0.0354881286621094 -0.00646400451660156 -0.0126667022705078
0.0511589050292969 -0.0120773315429688 -0.0106468200683594 -0.00988578796386719
0.0514869689941406 0.0177040100097656 -0.00341224670410156 -0.0185909271240234
0.0207633972167969 0.0580635070800781 0.00435066223144531 -0.0238208770751953
-0.0095672607421875 0.0728530883789063 0.0167179107666016 -0.0187644958496094
-0.0439300537109375 0.0619697570800781 0.0124597549438477 -0.00958824157714843
-0.0620079040527344 0.0515594482421875 0.0218296051025391 0.0296401977539063
-0.0334930419921875 0.0638389587402344 -0.00174331665039062 0.0348587036132813
-0.00130462646484374 0.0714111328125 0.00054931640625 0.0401802062988281
0.0413818359375 0.0484466552734375 0.0257339477539063 0.0318794250488281
0.0526885986328125 0.0120849609375 0.0285835266113281 0.00975990295410156
0.0467185974121094 -0.0270805358886719 0.022369384765625 -0.0102672576904297
0.0282554626464844 -0.0428314208984375 0.00734519958496094 -0.0134038925170898
0.0254173278808594 -0.0408744812011719 -0.00213289260864258 -0.00514984130859375
0.0264167785644531 -0.0480499267578125 -0.00505924224853516 0.00344753265380859
0.0373268127441406 -0.0390434265136719 -0.013671875 0.000585556030273437
0.0557060241699219 -0.0129737854003906 -0.0186786651611328 -0.000919342041015627
0.0537910461425781 0.0191459655761719 -0.010340690612793 -0.0136499404907227
0.0199432373046875 0.0608673095703125 0.000215530395507815 -0.0195808410644531
-0.0146560668945312 0.0730438232421875 0.0124473571777344 -0.00530433654785156
-0.0499076843261719 0.0571784973144531 -0.00523090362548828 0.00813865661621094
-0.0617179870605469 0.037322998046875 -0.00212478637695313 0.0455703735351563
-0.0420074462890625 0.0536994934082031 -0.0161476135253906 0.0473136901855469
-0.010498046875 0.0683746337890625 -0.0068206787109375 0.0426445007324219
0.0344734191894531 0.0517959594726563 0.0124740600585938 0.0335369110107422
0.0501594543457031 0.0160331726074219 0.0145635604858398 0.0161399841308594
0.0473594665527344 -0.0240058898925781 0.0113039016723633 0.00371170043945312
0.0288124084472656 -0.0404281616210938 0.0011897087097168 0.00385928153991699
0.0250701904296875 -0.0384178161621094 -0.00601959228515625 0.0111026763916016
0.0267715454101563 -0.045928955078125 -0.0095977783203125 0.0187778472900391
0.0363349914550781 -0.0367012023925781 -0.0213069915771484 0.0135936737060547
0.0526580810546875 -0.0111351013183594 -0.0267696380615234 0.00773811340332031
0.0495719909667969 0.0194244384765625 -0.0168905258178711 -0.00942230224609375
0.01416015625 0.0580368041992188 -0.00325870513916016 -0.0162162780761719
-0.0200157165527344 0.06378173828125 0.00738430023193359 0.00558233261108399
-0.0514259338378906 0.0443305969238281 -0.0233993530273438 0.0226821899414062
-0.0487785339355469 0.0163383483886719 -0.02423095703125 0.0551185607910156
-0.039581298828125 0.0340003967285156 -0.0290908813476563 0.0539512634277344
-0.0171318054199219 0.0500221252441406 -0.0127372741699219 0.0408477783203125
0.0218124389648438 0.04327392578125 0.000398635864257814 0.0313816070556641
0.0375289916992187 0.0160980224609375 0.00139236450195313 0.0186100006103516
0.0387763977050781 -0.0175094604492188 -0.000643730163574217 0.0152368545532227
0.0237979888916016 -0.0314483642578125 -0.00497245788574219 0.0201358795166016
0.0213432312011719 -0.0300960540771484 -0.00855636596679687 0.0257797241210937
0.0229110717773438 -0.0365715026855469 -0.0139751434326172 0.0327281951904297
0.0301990509033203 -0.0291156768798828 -0.0272159576416016 0.0250568389892578
0.0439491271972656 -0.00777435302734375 -0.0329494476318359 0.0146503448486328
0.0392494201660156 0.0190353393554688 -0.0236625671386719 -0.00712776184082031
0.00592803955078125 0.0486335754394531 -0.00644207000732422 -0.0139741897583008
-0.0239067077636719 0.0480575561523438 0.0016021728515625 0.0142135620117188
-0.0471229553222656 0.0256614685058594 -0.0413284301757813 0.0329704284667969
-0.0285816192626953 -0.00749969482421875 -0.0380020141601563 0.0572395324707031
-0.0289344787597656 0.00793266296386718 -0.0352363586425781 0.054168701171875
-0.0182075500488281 0.0232467651367188 -0.0152473449707031 0.0370330810546875
0.00655937194824219 0.0260238647460938 -0.0078887939453125 0.028839111328125
0.0194950103759766 0.0114383697509766 -0.00708580017089844 0.0201568603515625
0.0228519439697266 -0.00837516784667969 -0.007965087890625 0.0232753753662109
0.0148448944091797 -0.0166196823120117 -0.00883102416992187 0.0310573577880859
0.0138225555419922 -0.0177040100097656 -0.0103797912597656 0.036041259765625
0.0157070159912109 -0.0230751037597656 -0.0168075561523438 0.0423812866210938
0.0208969116210938 -0.0186862945556641 -0.0332126617431641 0.0335903167724609
0.03033447265625 -0.003936767578125 -0.0385780334472656 0.0184402465820312
0.0260677337646484 0.0149555206298828 -0.0295867919921875 -0.0055389404296875
-0.000827789306640624 0.0341472625732422 -0.0104331970214844 -0.0138731002807617
-0.0239295959472656 0.0272846221923828 -0.00670623779296875 0.0179462432861328
-0.0364265441894531 0.003814697265625 -0.0567283630371094 0.035888671875
0.0116567611694336 0.0171833038330078 0.0623207092285156 -0.0391654968261719
0.0188121795654297 -0.00561904907226563 0.0158882141113281 -0.0191192626953125
0.00201416015625 -0.0133113861083984 0.00963497161865234 0.0154428482055664
-0.00984477996826172 -0.00677680969238281 0.0387840270996094 0.0128288269042969
-0.0106220245361328 0.00206470489501953 0.0458755493164063 -0.0150527954101563
-0.00733566284179688 0.00764942169189453 0.0341567993164063 -0.0422935485839844
-0.00458383560180664 0.00399351119995117 0.0170211791992188 -0.0519905090332031
-0.00622797012329102 0.00328207015991211 0.0082855224609375 -0.0433731079101563
-0.00793743133544922 0.00159692764282227 0.00797271728515625 -0.0373687744140625
-0.00575017929077148 -0.00476980209350586 0.0102100372314453 -0.0298175811767578
0.000933170318603515 -0.00875043869018555 0.00856399536132813 -0.0254917144775391
0.0105600357055664 -0.00683116912841797 0.0121212005615234 -0.0289745330810547
0.0178318023681641 0.00539398193359375 0.0217552185058594 -0.0355339050292969
0.0163288116455078 0.0213756561279297 0.0347366333007813 -0.0516395568847656
0.00577926635742188 0.0301609039306641 0.0465240478515625 -0.0530357360839844
-0.0105781555175781 0.0375480651855469 0.065887451171875 -0.0284690856933594
0.0105953216552734 0.0199451446533203 0.0193767547607422 -0.0113925933837891
0.00807571411132812 0.0113677978515625 0.0114727020263672 0.0203857421875
0.00850820541381836 0.00527477264404297 0.0418472290039063 0.0154075622558594
0.00877761840820313 0.00120878219604492 0.0483322143554688 -0.0126266479492188
0.00806760787963867 -0.00654983520507813 0.0363426208496094 -0.0414199829101563
0.00494575500488281 -0.0136985778808594 0.0171661376953125 -0.0513343811035156
0.00394153594970703 -0.0133504867553711 0.00618362426757813 -0.0418281555175781
0.00412464141845703 -0.0167818069458008 0.00602531433105469 -0.0346183776855469
0.0114316940307617 -0.0170879364013672 0.00671195983886719 -0.0288181304931641
0.0231685638427734 -0.00818634033203125 0.00458335876464844 -0.0238418579101563
0.0281486511230469 0.00706672668457031 0.0096435546875 -0.0269680023193359
0.0172080993652344 0.030914306640625 0.0162982940673828 -0.0322685241699219
0.00391387939453124 0.0469627380371094 0.0295295715332031 -0.0443229675292969
-0.0160560607910156 0.0491600036621094 0.0407485961914063 -0.0437812805175781
-0.033050537109375 0.05303955078125 0.0602340698242188 -0.0114669799804687
-0.00238418579101563 0.0438194274902344 0.0176467895507813 0.001708984375
0.0105438232421875 0.0375862121582031 0.0112819671630859 0.0275821685791016
0.0268802642822266 0.0200519561767578 0.0416030883789062 0.0205001831054687
0.0286598205566406 0.00235939025878906 0.0469551086425781 -0.006805419921875
0.0241165161132813 -0.0183086395263672 0.0358695983886719 -0.0353355407714844
0.0146350860595703 -0.0297393798828125 0.0152397155761719 -0.0440826416015625
0.0129756927490234 -0.0279922485351563 0.00347900390625 -0.0335445404052734
0.0147895812988281 -0.0335006713867188 0.00257682800292969 -0.0266323089599609
0.0251197814941406 -0.0291709899902344 -9.346008300781E-05 -0.02349853515625
0.040679931640625 -0.0111885070800781 -0.00269889831542969 -0.0186614990234375
0.0434455871582031 0.0142326354980469 0.0031280517578125 -0.0245761871337891
0.0204124450683594 0.0490264892578125 0.00980377197265625 -0.0290069580078125
-0.00363922119140625 0.0655784606933594 0.0229682922363281 -0.0335044860839844
-0.0331001281738281 0.0610809326171875 0.0281505584716797 -0.0286941528320312
-0.0513877868652344 0.0591964721679688 0.0458564758300781 0.00882339477539063
-0.017913818359375 0.0605850219726563 0.0107364654541016 0.0181465148925781
0.00872039794921875 0.0606422424316406 0.00764846801757813 0.0353279113769531
0.0397415161132813 0.0359611511230469 0.0368385314941406 0.0274200439453125
0.0458335876464844 0.0051727294921875 0.04058837890625 0.00130081176757813
0.0382461547851563 -0.0267486572265625 0.0317173004150391 -0.0249042510986328
0.0224266052246094 -0.0410957336425781 0.0118694305419922 -0.0312252044677734
0.0202522277832031 -0.0385627746582031 0.000143051147460939 -0.0209827423095703
0.0212287902832031 -0.0455398559570313 -0.00138378143310547 -0.0128726959228516
0.0333518981933594 -0.0376815795898438 -0.007568359375 -0.0125131607055664
0.0519523620605469 -0.0144004821777344 -0.0115375518798828 -0.0101499557495117
0.0536155700683594 0.0165290832519531 -0.00412559509277343 -0.0199680328369141
0.0235137939453125 0.0593719482421875 0.0038604736328125 -0.0250015258789062
-0.00724029541015624 0.0750961303710938 0.0172080993652344 -0.0202255249023437
-0.0441398620605469 0.0653953552246094 0.0122966766357422 -0.010930061340332
-0.0624198913574219 0.05413818359375 0.0233840942382812 0.0292587280273438
-0.03289794921875 0.0662384033203125 -0.00157928466796875 0.0351791381835938
0.000709533691406247 0.0740509033203125 0.00107192993164062 0.04193115234375
0.0438079833984375 0.0484275817871094 0.0267410278320313 0.0327949523925781
0.0547294616699219 0.0104026794433594 0.0291957855224609 0.0101776123046875
0.0472526550292969 -0.0300369262695313 0.0228099822998047 -0.0104160308837891
0.0275077819824219 -0.0456504821777344 0.00726985931396485 -0.0141582489013672
0.0239410400390625 -0.0429611206054688 -0.00344038009643554 -0.00527811050415039
0.0249099731445313 -0.0511398315429688 -0.00555038452148437 0.00365829467773437
0.0371627807617187 -0.0413627624511719 -0.0144205093383789 0.00101280212402343
0.0566177368164063 -0.0159454345703125 -0.0197887420654297 -0.000419616699218748
0.0562477111816406 0.0174674987792969 -0.0115060806274414 -0.0151252746582031
0.0221099853515625 0.0623397827148437 -0.000135421752929685 -0.0205554962158203
-0.0125885009765625 0.075469970703125 0.0125284194946289 -0.00664997100830078
-0.0501365661621094 0.0604362487792969 -0.00490045547485352 0.0075826644897461
-0.0622901916503906 0.0401992797851562 -0.000736236572265627 0.0467643737792969
-0.0414543151855469 0.0567550659179687 -0.015960693359375 0.0486907958984375
-0.00946807861328125 0.0708465576171875 -0.00698089599609375 0.0440673828125
0.0371932983398438 0.0515060424804688 0.0129566192626953 0.0343093872070313
0.0520210266113281 0.0150871276855469 0.0151710510253906 0.0169782638549805
0.0472602844238281 -0.0269241333007812 0.0115604400634766 0.00359916687011719
0.02801513671875 -0.0429458618164063 0.00109195709228516 0.00424575805664062
0.02423095703125 -0.0403366088867188 -0.00605106353759765 0.0115289688110352
0.0252876281738281 -0.0483894348144531 -0.00964546203613281 0.0200538635253906
0.0353660583496094 -0.0394515991210938 -0.0218696594238281 0.0145587921142578
0.0538139343261719 -0.0134048461914063 -0.0268497467041016 0.00887680053710937
0.051910400390625 0.0182533264160156 -0.0180130004882812 -0.00983047485351562
0.0162124633789063 0.0587692260742187 -0.00367259979248047 -0.0168571472167969
-0.0186653137207031 0.0664901733398438 0.00763607025146484 0.00540018081665039
-0.0520591735839844 0.04766845703125 -0.0235671997070312 0.0233249664306641
-0.0503578186035156 0.0184707641601563 -0.0236587524414063 0.0573158264160156
-0.0394248962402344 0.0359764099121094 -0.0286903381347656 0.0562095642089844
-0.0158920288085938 0.0519790649414063 -0.0131492614746094 0.0425453186035156
0.0240325927734375 0.04327392578125 0.000259399414062501 0.0330314636230469
0.0396232604980469 0.0151748657226563 0.0018310546875 0.0204524993896484
0.0382843017578125 -0.0198326110839844 0.000444412231445316 0.0161066055297852
0.0234107971191406 -0.032806396484375 -0.00495147705078125 0.0206832885742187
0.02008056640625 -0.0318889617919922 -0.00841903686523437 0.0270767211914062
0.021942138671875 -0.0390243530273438 -0.0126781463623047 0.0344581604003906
0.0298328399658203 -0.0318088531494141 -0.0277805328369141 0.0271415710449219
0.044525146484375 -0.009796142578125 -0.0342464447021484 0.0160884857177734
0.0414390563964844 0.017425537109375 -0.0248794555664063 -0.00720024108886719
0.00799560546875 0.0500259399414062 -0.00701236724853515 -0.0144939422607422
-0.0230178833007812 0.0502510070800781 0.00164222717285156 0.0148439407348633
-0.0476608276367188 0.0274581909179688 -0.0417213439941406 0.0346107482910156
-0.0292110443115234 -0.00676918029785156 -0.0376663208007813 0.0604362487792969
-0.0291099548339844 0.00927162170410157 -0.0354270935058594 0.0569877624511719
-0.0181427001953125 0.0242958068847656 -0.0157852172851562 0.0386009216308594
0.00758171081542969 0.0261573791503906 -0.00746726989746094 0.0301742553710938
0.0204429626464844 0.0111656188964844 -0.00658416748046875 0.0214977264404297
0.022796630859375 -0.00959205627441406 -0.007171630859375 0.0234737396240234
0.0145206451416016 -0.0180072784423828 -0.00823783874511719 0.0324649810791016
0.0137138366699219 -0.0186672210693359 -0.0100440979003906 0.0375328063964844
0.0151023864746094 -0.0242271423339844 -0.0159950256347656 0.044036865234375
0.0205554962158203 -0.0199165344238281 -0.0330390930175781 0.0354118347167969
0.0305614471435547 -0.00525856018066406 -0.039398193359375 0.0200691223144531
0.0274620056152344 0.0143756866455078 -0.0307731628417969 -0.00525474548339843
0.000381469726562497 0.0355262756347656 -0.0111398696899414 -0.0138607025146484
-0.0234966278076172 0.0288410186767578 -0.00621223449707032 0.0185813903808594
-0.0371513366699219 0.00408554077148437 -0.0572509765625 0.0383567810058594
0.0122299194335938 0.0173301696777344 0.0616340637207031 -0.0430870056152344
0.0188465118408203 -0.00637435913085938 0.0149784088134766 -0.0206298828125
0.00143909454345703 -0.0133810043334961 0.0103750228881836 0.0163421630859375
-0.00996685028076172 -0.00627899169921875 0.0401573181152344 0.0111923217773438
-0.0103931427001953 0.00261497497558594 0.046234130859375 -0.0177536010742188
-0.00681495666503906 0.00809764862060547 0.0330467224121094 -0.04437255859375
-0.00474929809570313 0.00441837310791016 0.0146751403808594 -0.0538330078125
-0.00609588623046875 0.00364303588867187 0.00565338134765625 -0.0444107055664063
-0.00771379470825195 0.00220394134521485 0.00588226318359375 -0.0383224487304688
-0.0059661865234375 -0.00445032119750977 0.00859260559082031 -0.0309047698974609
0.00031280517578125 -0.00962352752685547 0.00757598876953125 -0.0269508361816406
0.0104427337646484 -0.00722599029541016 0.0116100311279297 -0.030609130859375
0.0179977416992188 0.00472640991210937 0.0211410522460937 -0.0372352600097656
0.0176277160644531 0.0214633941650391 0.0335617065429687 -0.0545463562011719
0.00767135620117187 0.030487060546875 0.0449485778808594 -0.0581512451171875
-0.00945281982421874 0.0394134521484375 0.0656013488769531 -0.0325698852539063
0.0115337371826172 0.019927978515625 0.0190448760986328 -0.0127525329589844
0.00873947143554688 0.0113754272460938 0.0125217437744141 0.0208377838134766
0.00916194915771484 0.00494670867919922 0.043365478515625 0.014251708984375
0.00916767120361328 0.0009613037109375 0.0488662719726563 -0.0149993896484375
0.00769186019897461 -0.00703620910644531 0.0353012084960937 -0.0434951782226563
0.0043630599975586 -0.0145149230957031 0.0146446228027344 -0.0529975891113281
0.00324058532714844 -0.0136995315551758 0.00400543212890624 -0.0425262451171875
0.00337028503417969 -0.0171842575073242 0.00417327880859375 -0.0358428955078125
0.0108585357666016 -0.0177478790283203 0.00506782531738281 -0.0301246643066406
0.0227203369140625 -0.00996589660644531 0.00312423706054688 -0.0252418518066406
0.02880859375 0.00576972961425781 0.00910377502441406 -0.0289573669433594
0.0189170837402344 0.0311565399169922 0.0157737731933594 -0.0337085723876953
0.00593948364257813 0.0479240417480469 0.0284843444824219 -0.0471420288085938
-0.0146903991699219 0.0510368347167969 0.03973388671875 -0.0476303100585938
-0.0315437316894531 0.0555572509765625 0.0609207153320313 -0.014739990234375
-0.000816345214843752 0.044708251953125 0.017822265625 0.000452041625976565
0.0127105712890625 0.0381050109863281 0.0121288299560547 0.0286426544189453
0.0284576416015625 0.0191307067871094 0.0434379577636719 0.0199432373046875
0.0296344757080078 0.000455856323242188 0.0478248596191406 -0.00846099853515625
0.0235958099365234 -0.0201435089111328 0.0350494384765625 -0.03759765625
0.0132617950439453 -0.0312671661376953 0.0131111145019531 -0.0454559326171875
0.0116844177246094 -0.029296875 0.00140380859375 -0.0341854095458984
0.0125465393066406 -0.0350475311279297 0.000909805297851561 -0.0268535614013672
0.0242023468017578 -0.0305233001708984 -0.00164222717285156 -0.0238056182861328
0.0407600402832031 -0.0136756896972656 -0.00459671020507812 -0.0192527770996094
0.0451774597167969 0.0123443603515625 0.00219154357910157 -0.0259170532226563
0.0230598449707031 0.0495758056640625 0.00926399230957031 -0.0301399230957031
-0.000228881835937497 0.0674362182617188 0.0219497680664063 -0.0356521606445312
-0.0311203002929688 0.064239501953125 0.0275058746337891 -0.0316143035888672
-0.0503349304199219 0.0630836486816406 0.0469703674316406 0.0067138671875
-0.0156936645507813 0.0627937316894531 0.0110092163085937 0.0175113677978516
0.0114479064941406 0.0617904663085938 0.0088653564453125 0.0364952087402344
0.0428733825683594 0.0339012145996094 0.0384750366210938 0.0271034240722656
0.046722412109375 0.00324249267578125 0.0417556762695313 0.000560760498046875
0.0369071960449219 -0.0294647216796875 0.0311737060546875 -0.0263271331787109
0.0204124450683594 -0.0431900024414063 0.01055908203125 -0.0321922302246094
0.0183029174804688 -0.0401763916015625 -0.00180244445800781 -0.021270751953125
0.0191650390625 -0.0477714538574219 -0.00282382965087891 -0.0130453109741211
0.031707763671875 -0.0403060913085938 -0.00903511047363281 -0.0122318267822266
0.0523262023925781 -0.01824951171875 -0.0125360488891602 -0.0103816986083984
0.0555763244628906 0.0140876770019531 -0.00533485412597656 -0.0205974578857422
0.0269393920898437 0.0600509643554688 0.00307464599609375 -0.0262947082519531
-0.0039520263671875 0.07720947265625 0.0166473388671875 -0.0223236083984375
-0.0420722961425781 0.0689888000488281 0.0119314193725586 -0.0130844116210937
-0.0615501403808594 0.0583839416503906 0.0247993469238281 0.0288295745849609
-0.0305404663085938 0.0688972473144531 -0.000843048095703125 0.0352401733398438
0.00420379638671874 0.07574462890625 0.00191879272460937 0.0431900024414063
0.0475196838378906 0.0468597412109375 0.0278358459472656 0.0328311920166016
0.055816650390625 0.00797271728515625 0.0305900573730469 0.00997543334960937
0.0456314086914063 -0.0330276489257813 0.0227622985839844 -0.012054443359375
0.0249366760253906 -0.0485420227050781 0.0064849853515625 -0.0145034790039063
0.0220680236816406 -0.0449409484863281 -0.0041966438293457 -0.00474739074707032
0.0225067138671875 -0.0537948608398438 -0.00544643402099609 0.00366544723510742
0.0345115661621094 -0.0448532104492188 -0.0161676406860352 0.00199317932128906
0.0563735961914063 -0.0200843811035156 -0.0200252532958984 0.000503540039062496
0.0582847595214844 0.0144577026367188 -0.0126132965087891 -0.0157451629638672
0.0257225036621094 0.0626487731933594 -0.00107002258300781 -0.0213813781738281
-0.00879669189453124 0.077423095703125 0.0128078460693359 -0.00790405273437499
-0.0485916137695312 0.0640640258789063 -0.0051727294921875 0.00717258453369141
-0.0614509582519531 0.0438575744628906 0.000820159912109373 0.0475807189941406
-0.039764404296875 0.0592308044433594 -0.0145759582519531 0.04986572265625
-0.0066070556640625 0.0732040405273438 -0.00611495971679688 0.0453147888183594
0.0406951904296875 0.0506095886230469 0.014068603515625 0.0352935791015625
0.0540199279785156 0.0122451782226563 0.01617431640625 0.0173845291137695
0.0463180541992188 -0.0299034118652344 0.0119285583496094 0.00328826904296875
0.0259246826171875 -0.0449371337890625 0.00108051300048828 0.00469112396240234
0.0221138000488281 -0.0427627563476562 -0.0063934326171875 0.0123052597045898
0.0222930908203125 -0.0512161254882813 -0.0088958740234375 0.020477294921875
0.03350830078125 -0.04229736328125 -0.0222091674804687 0.0163459777832031
0.0539779663085938 -0.0177268981933594 -0.0271396636962891 0.00992202758789063
0.0538749694824219 0.0152397155761719 -0.0194606781005859 -0.00998687744140625
0.0196647644042969 0.0596237182617187 -0.00471782684326172 -0.0174360275268555
-0.0152702331542969 0.0683174133300781 0.00836563110351562 0.0046982765197754
-0.0512733459472656 0.0511207580566406 -0.0229015350341797 0.0246334075927734
-0.0501594543457031 0.0208702087402344 -0.0214347839355469 0.0594825744628906
-0.0381813049316406 0.0382461547851562 -0.0272064208984375 0.0581893920898438
-0.0141944885253906 0.0544471740722656 -0.0123558044433594 0.0443115234375
0.0264816284179688 0.0426750183105469 0.00164222717285157 0.0343723297119141
0.0403480529785156 0.0128593444824219 0.00262260437011719 0.0213565826416016
0.0374374389648438 -0.0220489501953125 0.0010671615600586 0.0162925720214844
0.0216064453125 -0.0347423553466797 -0.00355720520019531 0.0214366912841797
0.0187892913818359 -0.0338306427001953 -0.00781822204589844 0.0280933380126953
0.0198402404785156 -0.0412940979003906 -0.0111351013183594 0.0355758666992188
0.0285816192626953 -0.0338687896728516 -0.0276279449462891 0.0288486480712891
0.0450439453125 -0.0127639770507812 -0.0335750579833984 0.0178737640380859
0.0428352355957031 0.0155410766601562 -0.0258121490478516 -0.00616073608398437
0.0110092163085938 0.050537109375 -0.0081634521484375 -0.0150318145751953
-0.0206222534179687 0.05255126953125 0.00245571136474609 0.0145292282104492
-0.0477294921875 0.0301437377929688 -0.0409202575683594 0.0373344421386719
-0.0296173095703125 -0.00545501708984376 -0.0357322692871094 0.063629150390625
-0.0293254852294922 0.0104446411132813 -0.0339546203613281 0.0597419738769531
-0.0174350738525391 0.0260543823242187 -0.0151519775390625 0.04034423828125
0.00919723510742187 0.0262660980224609 -0.00714683532714844 0.0316047668457031
0.0213680267333984 0.0101394653320313 -0.00620841979980469 0.0230846405029297
0.0221710205078125 -0.0110816955566406 -0.00601387023925781 0.0248203277587891
0.0142002105712891 -0.0192584991455078 -0.00658798217773437 0.0336284637451172
0.0122795104980469 -0.0196113586425781 -0.00804901123046875 0.0387458801269531
0.0135307312011719 -0.0256671905517578 -0.0140762329101563 0.0457077026367188
0.0194568634033203 -0.0215702056884766 -0.0319480895996094 0.0379867553710937
0.0310688018798828 -0.00745773315429687 -0.0388565063476563 0.0222015380859375
0.0284023284912109 0.0130519866943359 -0.0320510864257813 -0.00411033630371093
0.002105712890625 0.0361518859863281 -0.0121755599975586 -0.0140504837036133
-0.0226993560791016 0.029876708984375 -0.00542068481445313 0.0190238952636719
-0.0376129150390625 0.0062713623046875 -0.0562934875488281 0.0416336059570313
0.0127182006835938 0.0167598724365234 0.0590324401855469 -0.04638671875
0.0181064605712891 -0.00764846801757813 0.0134353637695313 -0.02154541015625
0.00138568878173828 -0.0135622024536133 0.0112085342407227 0.0161590576171875
-0.0101318359375 -0.00525093078613281 0.0406646728515625 0.00950241088867188
-0.00965499877929688 0.00313568115234375 0.0455780029296875 -0.0200653076171875
-0.00659894943237305 0.00827503204345703 0.0307235717773438 -0.04583740234375
-0.0044713020324707 0.00456094741821289 0.0115890502929688 -0.0545272827148438
-0.00536727905273438 0.00424337387084961 0.00383377075195313 -0.0445632934570313
-0.00703001022338867 0.00291585922241211 0.00350570678710938 -0.0385589599609375
-0.00631856918334961 -0.00392866134643555 0.00683403015136718 -0.0316505432128906
-2.00271606445315E-05 -0.00926303863525391 0.00550270080566406 -0.0279541015625
0.00995063781738281 -0.00753402709960937 0.0102863311767578 -0.0315647125244141
0.0184764862060547 0.00412940979003906 0.0203399658203125 -0.038543701171875
0.0183238983154297 0.0205268859863281 0.0313796997070313 -0.0564956665039063
0.00900650024414062 0.0300464630126953 0.0424690246582031 -0.0611152648925781
-0.00803375244140625 0.0405845642089844 0.0636711120605469 -0.0358238220214844
0.0121669769287109 0.019134521484375 0.0176067352294922 -0.0140342712402344
0.00941848754882813 0.0106420516967773 0.0133476257324219 0.0208625793457031
0.00959300994873047 0.00436782836914063 0.0442047119140625 0.0128097534179687
0.00940418243408203 -2.00271606445313E-05 0.0479545593261719 -0.0169486999511719
0.00737285614013672 -0.00783824920654297 0.0331611633300781 -0.0452041625976563
0.00312614440917969 -0.0154933929443359 0.0115928649902344 -0.0538597106933594
0.00282955169677735 -0.0139131546020508 0.0012054443359375 -0.0428199768066406
0.00222015380859375 -0.0175447463989258 0.00164031982421875 -0.0359344482421875
0.00948905944824219 -0.0186634063720703 0.00317192077636719 -0.0304946899414062
0.0220890045166016 -0.01123046875 0.001983642578125 -0.0253162384033203
0.0295867919921875 0.00432014465332031 0.00701522827148438 -0.0299186706542969
0.0202922821044922 0.0300216674804688 0.0150814056396484 -0.0349979400634766
0.00866317749023438 0.0477867126464844 0.0266189575195313 -0.0486106872558594
-0.0123748779296875 0.0515708923339844 0.0374412536621094 -0.050537109375
-0.0290908813476563 0.0572166442871094 0.0596122741699219 -0.0182876586914062
0.000705718994140628 0.0442390441894531 0.0173749923706055 -0.00076484680175781
0.0144767761230469 0.0377159118652344 0.0133590698242188 0.0282325744628906
0.0295276641845703 0.0173530578613281 0.0442619323730469 0.0181503295898438
0.0296306610107422 -0.000823974609375 0.0474395751953125 -0.0102653503417969
0.0220775604248047 -0.0217037200927734 0.0332984924316406 -0.0391693115234375
0.0109767913818359 -0.032501220703125 0.0107650756835937 -0.0459747314453125
0.0103340148925781 -0.0296592712402344 -0.00106048583984375 -0.0340652465820313
0.0105628967285156 -0.0360488891601563 -0.0011138916015625 -0.0267925262451172
0.0218868255615234 -0.03204345703125 -0.00341033935546875 -0.023590087890625
0.0399703979492188 -0.016143798828125 -0.00558280944824218 -0.0195846557617188
0.0456504821777344 0.00992202758789063 0.000528335571289066 -0.0267925262451172
0.0256881713867187 0.0485916137695313 0.00816726684570313 -0.0310306549072266
0.0032806396484375 0.0671234130859375 0.0206947326660156 -0.0373764038085937
-0.0279197692871094 0.0660820007324219 0.0257225036621094 -0.0341358184814453
-0.0476455688476563 0.06585693359375 0.0469551086425781 0.0039215087890625
-0.0127372741699219 0.0629730224609375 0.011631965637207 0.0165691375732422
0.0148544311523438 0.0618553161621094 0.009674072265625 0.0363502502441406
0.0439987182617188 0.0315742492675781 0.0391578674316406 0.0253067016601563
0.0465736389160156 0.00051116943359375 0.0415916442871094 -0.00096893310546875
0.0347957611083984 -0.0320835113525391 0.0297889709472656 -0.0279045104980469
0.0179634094238281 -0.0444793701171875 0.0089874267578125 -0.0324726104736328
0.0158004760742188 -0.0411109924316406 -0.00343894958496094 -0.020538330078125
0.0157089233398438 -0.0490646362304688 -0.00359630584716797 -0.013031005859375
0.0286598205566406 -0.0423316955566406 -0.010157585144043 -0.0117721557617188
0.0506706237792969 -0.0215377807617188 -0.0129756927490234 -0.0098733901977539
0.0559959411621094 0.0107002258300781 -0.00674057006835937 -0.0214080810546875
0.0300750732421875 0.05902099609375 0.00210952758789062 -0.0265865325927734
4.57763671874924E-05 0.077423095703125 0.0159778594970703 -0.0238742828369141
-0.0388717651367187 0.0711669921875 0.0110559463500977 -0.0144119262695312
-0.0588035583496094 0.0617294311523438 0.0265407562255859 0.0271701812744141
-0.0273704528808594 0.06964111328125 0.000373840332031251 0.0346603393554688
0.008087158203125 0.0757827758789062 0.00313949584960937 0.0430412292480469
0.0497970581054688 0.0440254211425781 0.0291042327880859 0.0320415496826172
0.0560264587402344 0.00464248657226563 0.0308170318603516 0.00911521911621094
0.0434150695800781 -0.0359306335449219 0.0227088928222656 -0.0130615234375
0.0219459533691406 -0.0498504638671875 0.00541019439697266 -0.014714241027832
0.0195274353027344 -0.0460281372070313 -0.00488567352294922 -0.00395536422729493
0.0183563232421875 -0.0549774169921875 -0.00576114654541015 0.00391101837158203
0.0314712524414063 -0.0467987060546875 -0.0162057876586914 0.00342464447021484
0.0551223754882813 -0.0235214233398438 -0.0201969146728516 0.00130462646484375
0.0587272644042969 0.0110511779785156 -0.0140180587768555 -0.0151309967041016
0.0291748046875 0.0614089965820313 -0.0018463134765625 -0.0217247009277344
-0.00458526611328124 0.0778121948242188 0.0125827789306641 -0.00887489318847656
-0.0460433959960937 0.0668907165527344 -0.00527191162109375 0.00669622421264649
-0.0594253540039063 0.0469017028808594 0.00304031372070312 0.047332763671875
-0.0366783142089844 0.0605621337890625 -0.0126609802246094 0.0501441955566406
-0.00237274169921874 0.0741348266601563 -0.00469589233398437 0.0460586547851563
0.0434989929199219 0.047882080078125 0.0153751373291016 0.0351238250732422
0.0538749694824219 0.00924301147460938 0.0168857574462891 0.0176200866699219
0.0438461303710938 -0.032684326171875 0.0127668380737305 0.00292778015136718
0.0229568481445313 -0.0467033386230469 0.00148320198059082 0.00439119338989258
0.01953125 -0.0437202453613281 -0.00608730316162109 0.0129499435424805
0.0187835693359375 -0.0527687072753906 -0.00817108154296875 0.0208168029785156
0.030914306640625 -0.0444297790527344 -0.0214385986328125 0.0177249908447266
0.052642822265625 -0.0213508605957031 -0.0265693664550781 0.0110511779785156
0.054412841796875 0.0120735168457031 -0.0203762054443359 -0.0093536376953125
0.0231246948242187 0.0584754943847656 -0.0059061050415039 -0.0174379348754883
-0.0117530822753906 0.0688056945800781 0.00876855850219727 0.00379133224487305
-0.0486602783203125 0.0536842346191406 -0.0221271514892578 0.0248241424560547
-0.0488204956054688 0.0234832763671875 -0.0192756652832031 0.0603523254394531
-0.0364494323730469 0.039947509765625 -0.0252037048339844 0.0594825744628906
-0.01141357421875 0.0551567077636719 -0.0108413696289063 0.0447807312011719
0.0288848876953125 0.0412788391113281 0.00258255004882813 0.03466796875
0.0410995483398438 0.0104026794433594 0.0036163330078125 0.0218181610107422
0.0360298156738281 -0.0243873596191406 0.00229644775390625 0.0161552429199219
0.0192298889160156 -0.0361061096191406 -0.00248527526855468 0.0219936370849609
0.0165157318115234 -0.0345458984375 -0.00637626647949219 0.0286846160888672
0.016632080078125 -0.0426597595214844 -0.00967788696289062 0.0360603332519531
0.0259552001953125 -0.0353584289550781 -0.0258731842041016 0.0306320190429687
0.0440673828125 -0.0158615112304688 -0.0323905944824219 0.0191440582275391
0.044036865234375 0.0126533508300781 -0.0267486572265625 -0.00539779663085938
0.0133171081542969 0.0496063232421875 -0.00937080383300781 -0.0146055221557617
-0.0180740356445313 0.05291748046875 0.00325965881347656 0.0140485763549805
-0.045806884765625 0.0328636169433594 -0.0391960144042969 0.0384941101074219
-0.0296154022216797 -0.0042266845703125 -0.0330009460449219 0.06573486328125
-0.0286407470703125 0.0118560791015625 -0.0312042236328125 0.0611343383789063
-0.0161342620849609 0.0270156860351563 -0.0133514404296875 0.0408782958984375
0.0106067657470703 0.0252342224121094 -0.00600624084472656 0.0325469970703125
0.0215015411376953 0.00889205932617188 -0.00474929809570312 0.0238533020019531
0.0212841033935547 -0.0123481750488281 -0.00492286682128906 0.0253582000732422
0.0126953125 -0.0198383331298828 -0.00485992431640625 0.0338859558105469
0.0112895965576172 -0.0202541351318359 -0.006195068359375 0.0392608642578125
0.0119304656982422 -0.0265407562255859 -0.0117988586425781 0.0464248657226562
0.0181102752685547 -0.0227603912353516 -0.0300979614257813 0.0397071838378906
0.0304279327392578 -0.0093994140625 -0.0377693176269531 0.0239830017089844
0.0288753509521484 0.0114192962646484 -0.0322055816650391 -0.00268363952636718
0.00400543212890625 0.0355262756347656 -0.0130367279052734 -0.0134725570678711
-0.0210285186767578 0.0307216644287109 -0.00420379638671875 0.0192890167236328
-0.0374183654785156 0.00839996337890626 -0.0541419982910156 0.0439796447753906
0.0131473541259766 0.0165796279907227 0.0563774108886719 -0.0477142333984375
0.0171384811401367 -0.00800418853759766 0.0119285583496094 -0.0217075347900391
0.000742912292480468 -0.0134572982788086 0.0114145278930664 0.0160856246948242
-0.0098562240600586 -0.00493907928466797 0.0404205322265625 0.00851058959960938
-0.00966072082519531 0.00325775146484375 0.0437736511230469 -0.0210800170898437
-0.00619792938232422 0.00804233551025391 0.0287361145019531 -0.0458488464355469
-0.00428485870361328 0.00421047210693359 0.00958251953125 -0.0541763305664063
-0.00526952743530274 0.00439167022705078 0.00211334228515625 -0.0437507629394531
-0.00677299499511719 0.00311422348022461 0.001983642578125 -0.0380821228027344
-0.00615501403808594 -0.00319194793701172 0.00556755065917969 -0.0316638946533203
-0.000342369079589844 -0.00860071182250976 0.00407218933105469 -0.0280399322509766
0.00981998443603516 -0.00775241851806641 0.00933647155761719 -0.0321464538574219
0.0179119110107422 0.00354385375976563 0.0193061828613281 -0.0392036437988281
0.0184917449951172 0.0197124481201172 0.0292854309082031 -0.0568656921386719
0.00945472717285156 0.0290145874023438 0.039947509765625 -0.0617561340332031
-0.00672149658203125 0.0408744812011719 0.0615386962890625 -0.0374336242675781
0.0121669769287109 0.0184001922607422 0.0165529251098633 -0.015070915222168
0.00997638702392578 0.0101480484008789 0.0135307312011719 0.0202445983886719
0.00981712341308594 0.00362968444824219 0.0436553955078125 0.01141357421875
0.00948047637939453 -0.000620841979980469 0.0469741821289063 -0.0179595947265625
0.00638914108276367 -0.00828266143798828 0.0311775207519531 -0.0454940795898438
0.00238227844238281 -0.015376091003418 0.00958251953125 -0.0532608032226562
0.00197601318359375 -0.0139122009277344 0.000225067138671871 -0.0416450500488281
0.00156211853027344 -0.0171632766723633 -8.01086425781248E-05 -0.0355224609375
0.00880050659179688 -0.0186252593994141 0.00165557861328125 -0.0303668975830078
0.0211257934570313 -0.0118007659912109 0.000448226928710937 -0.0255947113037109
0.0290927886962891 0.00321578979492188 0.00614547729492187 -0.0303840637207031
0.0213871002197266 0.0294437408447266 0.0142669677734375 -0.0352592468261719
0.010009765625 0.0465316772460938 0.0245170593261719 -0.0496139526367188
-0.0107231140136719 0.0510749816894531 0.0351333618164063 -0.0517807006835938
-0.0273056030273437 0.0582542419433594 0.0579833984375 -0.0200309753417969
0.00209426879882813 0.043121337890625 0.0164422988891602 -0.00209522247314453
0.0158843994140625 0.0369796752929688 0.0131015777587891 0.0283088684082031
0.0299587249755859 0.0160789489746094 0.0439987182617188 0.0173416137695313
0.0289592742919922 -0.00217056274414063 0.0464019775390625 -0.0110054016113281
0.0202999114990234 -0.0226573944091797 0.031463623046875 -0.0394096374511719
0.00939178466796875 -0.0324573516845703 0.00888442993164062 -0.0458602905273438
0.00903701782226563 -0.0297660827636719 -0.00217247009277344 -0.0328559875488281
0.00851058959960938 -0.0356025695800781 -0.0023040771484375 -0.0263843536376953
0.0199623107910156 -0.0320968627929688 -0.00458145141601563 -0.0232257843017578
0.0381622314453125 -0.0176467895507813 -0.00614547729492187 -0.0192546844482422
0.0450630187988281 0.00844573974609375 -0.0003509521484375 -0.0267887115478516
0.0269432067871094 0.0475425720214844 0.00769805908203125 -0.0310325622558594
0.0055084228515625 0.0661888122558594 0.0193367004394531 -0.0381546020507812
-0.0261459350585937 0.0659446716308594 0.0239772796630859 -0.0348434448242187
-0.0448532104492187 0.0665206909179688 0.0459251403808594 0.00177383422851563
-0.0111656188964844 0.0619735717773438 0.0112180709838867 0.0152206420898438
0.016937255859375 0.0604286193847656 0.00999069213867187 0.0356483459472656
0.0449943542480469 0.0292587280273438 0.0389328002929687 0.0245895385742188
0.045745849609375 -0.00128936767578125 0.0413818359375 -0.00154495239257813
0.0326671600341797 -0.0324478149414063 0.0286941528320313 -0.0281982421875
0.0155982971191406 -0.0447235107421875 0.00712966918945312 -0.0324573516845703
0.0141677856445313 -0.0412673950195313 -0.00398063659667969 -0.0194873809814453
0.0130233764648437 -0.0489501953125 -0.00449085235595703 -0.0128898620605469
0.0262832641601562 -0.042755126953125 -0.0106744766235352 -0.0110349655151367
0.0488433837890625 -0.0231170654296875 -0.0134010314941406 -0.00971603393554687
0.0553436279296875 0.00836563110351563 -0.0078887939453125 -0.0212745666503906
0.0315399169921875 0.0569953918457031 0.00177764892578125 -0.0265293121337891
0.00282287597656251 0.0761032104492188 0.0151939392089844 -0.0244712829589844
-0.036651611328125 0.0718307495117187 0.010188102722168 -0.0152511596679687
-0.0560150146484375 0.0626144409179688 0.0263080596923828 0.0254077911376953
-0.0247650146484375 0.0690841674804688 0.000993728637695314 0.0336971282958984
0.0107498168945312 0.0749053955078125 0.00350189208984376 0.0428123474121094
0.050567626953125 0.041351318359375 0.0290374755859375 0.0310497283935547
0.0553436279296875 0.00285720825195313 0.0309123992919922 0.00853157043457031
0.0410346984863281 -0.0368881225585938 0.0217952728271484 -0.0134372711181641
0.0194091796875 -0.0501289367675781 0.00461483001708985 -0.014552116394043
0.0172576904296875 -0.045806884765625 -0.0056314468383789 -0.00301027297973633
0.0155792236328125 -0.0551223754882813 -0.00581836700439453 0.003875732421875
0.0287666320800781 -0.0470504760742187 -0.0161504745483398 0.00372886657714843
0.0526466369628906 -0.0253639221191406 -0.0202388763427734 0.00117301940917968
0.0583000183105469 0.00833511352539063 -0.0144100189208984 -0.0152015686035156
0.0311775207519531 0.0597457885742188 -0.00240516662597656 -0.0215797424316406
-0.00173187255859375 0.0764083862304687 0.0118570327758789 -0.00997257232666015
-0.0435371398925781 0.0674324035644531 -0.00503730773925782 0.0059652328491211
-0.0570640563964844 0.0479164123535156 0.00453948974609375 0.0463905334472656
-0.0346908569335938 0.0608024597167969 -0.0111312866210938 0.0492057800292969
-0.000183105468750008 0.0729598999023438 -0.00393295288085937 0.04541015625
0.044189453125 0.0455284118652344 0.0151100158691406 0.0345344543457031
0.0536575317382813 0.00722885131835938 0.0172395706176758 0.0174465179443359
0.0414466857910156 -0.0337982177734375 0.0130424499511719 0.00242424011230469
0.0206069946289062 -0.04705810546875 0.0018148422241211 0.00426673889160156
0.0175094604492188 -0.043914794921875 -0.00574016571044922 0.0135221481323242
0.0158538818359375 -0.0530815124511719 -0.00745010375976562 0.0203227996826172
0.028411865234375 -0.044891357421875 -0.0210685729980469 0.0182209014892578
0.0506210327148438 -0.0234527587890625 -0.0257472991943359 0.0116539001464844
0.0534934997558594 0.0101547241210937 -0.0204067230224609 -0.0087127685546875
0.0247764587402344 0.0569114685058594 -0.00608158111572265 -0.0169553756713867
-0.00868225097656251 0.0681610107421875 0.00865554809570313 0.00295448303222657
-0.0462799072265625 0.0546989440917969 -0.0207958221435547 0.0245132446289063
-0.0469093322753906 0.0246620178222656 -0.0172996520996094 0.0602035522460938
-0.0345382690429688 0.0403976440429687 -0.0228767395019531 0.0591583251953125
-0.0091552734375 0.0556182861328125 -0.0104217529296875 0.0445823669433594
0.0294761657714844 0.0392532348632813 0.00316810607910157 0.0344429016113281
0.0405387878417969 0.00864791870117188 0.00426101684570313 0.0223808288574219
0.0341510772705078 -0.0250587463378906 0.00294208526611328 0.0160694122314453
0.0171775817871094 -0.0360450744628906 -0.00174140930175781 0.0218524932861328
0.0150318145751953 -0.0345611572265625 -0.0056915283203125 0.0281753540039062
0.0139045715332031 -0.0431785583496094 -0.0086212158203125 0.0355606079101563
0.0236663818359375 -0.0358123779296875 -0.0244979858398438 0.0309257507324219
0.0421485900878906 -0.0179252624511719 -0.0313320159912109 0.0198421478271484
0.0436286926269531 0.0109176635742188 -0.0263633728027344 -0.00431632995605469
0.0146903991699219 0.0486106872558594 -0.0095977783203125 -0.0147123336791992
-0.0153961181640625 0.0526580810546875 0.00386714935302734 0.0134515762329102
-0.0444221496582031 0.0339813232421875 -0.0372161865234375 0.0388221740722656
-0.0289459228515625 -0.00309944152832031 -0.0303459167480469 0.0661239624023438
-0.0277137756347656 0.0124912261962891 -0.029327392578125 0.0616722106933594
-0.0150852203369141 0.0270957946777344 -0.0128898620605469 0.0409164428710937
0.0106964111328125 0.0242023468017578 -0.00506973266601563 0.0326404571533203
0.0213680267333984 0.00760841369628906 -0.00391769409179687 0.0240955352783203
0.0204505920410156 -0.0126724243164062 -0.00367355346679687 0.0256156921386719
0.0120525360107422 -0.0196285247802734 -0.00295639038085938 0.0339431762695313
0.0100727081298828 -0.0204277038574219 -0.00472640991210937 0.0387802124023438
0.0101394653320313 -0.0265426635742188 -0.00988006591796875 0.0455589294433594
0.0167694091796875 -0.0234642028808594 -0.0283317565917969 0.0400772094726563
0.0292701721191406 -0.0103664398193359 -0.0359840393066406 0.0246162414550781
0.0286064147949219 0.00983238220214844 -0.0319156646728516 -0.00169181823730468
0.00507926940917969 0.0349140167236328 -0.0133857727050781 -0.0134267807006836
-0.0196743011474609 0.030792236328125 -0.00316429138183594 0.0188694000244141
-0.0363082885742188 0.00913238525390624 -0.0516166687011719 0.0447998046875
0.0128068923950195 0.017085075378418 0.0548629760742188 -0.047393798828125
0.0165529251098633 -0.00770759582519531 0.0115146636962891 -0.0218086242675781
0.000624656677246094 -0.0135650634765625 0.0116720199584961 0.0164833068847656
-0.00992012023925781 -0.00496196746826172 0.0400428771972656 0.00795745849609375
-0.00927448272705078 0.00324153900146484 0.0434226989746094 -0.0206184387207031
-0.00577497482299805 0.00794219970703125 0.0283775329589844 -0.0454940795898438
-0.00440168380737305 0.00403022766113281 0.00887680053710938 -0.0537452697753906
-0.00463104248046875 0.00427341461181641 0.00162124633789062 -0.0433197021484375
-0.00635957717895508 0.00318288803100586 0.0015411376953125 -0.0377540588378906
-0.00610065460205078 -0.00315093994140625 0.00487518310546875 -0.0315704345703125
-0.000316143035888672 -0.00852870941162109 0.00394439697265625 -0.0278339385986328
0.00995254516601563 -0.00810909271240234 0.00939750671386719 -0.0322532653808594
0.0177936553955078 0.00343704223632813 0.0199089050292969 -0.0382347106933594
0.0187015533447266 0.0193672180175781 0.029052734375 -0.0566329956054688
0.00934410095214844 0.0285930633544922 0.039581298828125 -0.0620689392089844
-0.00658798217773437 0.0406723022460938 0.0598716735839844 -0.0376129150390625
0.0119991302490234 0.0175333023071289 0.016087532043457 -0.01513671875
0.0103912353515625 0.0101890563964844 0.0131111145019531 0.0207691192626953
0.0103979110717773 0.00363731384277344 0.0431747436523438 0.0116195678710938
0.00956058502197266 -0.00103855133056641 0.0461616516113281 -0.0177726745605469
0.00613260269165039 -0.00835466384887695 0.0306358337402344 -0.0448112487792969
0.00139713287353516 -0.0154695510864258 0.00881576538085938 -0.0530357360839844
0.00198554992675781 -0.0139579772949219 -0.000339508056640625 -0.04083251953125
0.00156879425048828 -0.0170164108276367 -0.000331878662109374 -0.0351142883300781
0.008026123046875 -0.0181980133056641 0.000728607177734374 -0.0300922393798828
0.0207004547119141 -0.0120277404785156 1.33514404296897E-05 -0.0255317687988281
0.0289249420166016 0.00287437438964844 0.00600242614746094 -0.0305500030517578
0.0209560394287109 0.029296875 0.0145721435546875 -0.0354957580566406
0.0101890563964844 0.046112060546875 0.0246391296386719 -0.0496482849121094
-0.0103492736816406 0.0505294799804688 0.03460693359375 -0.0522003173828125
-0.0270423889160156 0.0578346252441406 0.0564308166503906 -0.020751953125
0.002105712890625 0.0425071716308594 0.0153093338012695 -0.00260639190673828
0.0162544250488281 0.0367965698242188 0.0128650665283203 0.0280418395996094
0.0299072265625 0.0153102874755859 0.0432929992675781 0.0172500610351563
0.0288753509521484 -0.00260162353515625 0.0461311340332031 -0.0108184814453125
0.0195980072021484 -0.0228958129882813 0.0309333801269531 -0.0392417907714844
0.00858116149902344 -0.0324344635009766 0.00823211669921875 -0.0453109741210938
0.00873947143554688 -0.0301151275634766 -0.00231361389160156 -0.0322399139404297
0.007781982421875 -0.0351715087890625 -0.00295066833496094 -0.0260696411132813
0.0189723968505859 -0.0324363708496094 -0.00529670715332031 -0.0230388641357422
0.0375289916992188 -0.017822265625 -0.00687599182128906 -0.0196018218994141
0.0448951721191406 0.0074462890625 -0.000499725341796875 -0.0271968841552734
0.0272293090820312 0.0470352172851563 0.00816154479980469 -0.03131103515625
0.00598907470703125 0.0655860900878906 0.0193214416503906 -0.0384941101074219
-0.0261154174804688 0.0655746459960938 0.0237197875976563 -0.0353279113769531
-0.0443763732910156 0.0660247802734375 0.0450286865234375 0.00152206420898438
-0.0115203857421875 0.0612335205078125 0.0105552673339844 0.0148324966430664
0.0174293518066406 0.0600547790527344 0.00943374633789063 0.0358734130859375
0.0443992614746094 0.028839111328125 0.0382041931152344 0.0244522094726563
0.0453605651855469 -0.00159454345703125 0.0407028198242188 -0.00093841552734375
0.0316486358642578 -0.0327606201171875 0.0285472869873047 -0.0282745361328125
0.0143165588378906 -0.044769287109375 0.0068817138671875 -0.0318279266357422
0.013671875 -0.0406913757324219 -0.00432777404785156 -0.0186443328857422
0.0118637084960937 -0.0486526489257812 -0.00491142272949219 -0.0124330520629883
0.0250740051269531 -0.04266357421875 -0.0114068984985352 -0.0107803344726563
0.0476264953613281 -0.0237998962402344 -0.0137958526611328 -0.00960254669189454
0.0548629760742188 0.00763320922851563 -0.00785064697265624 -0.0214385986328125
0.0318679809570312 0.0563278198242188 0.00174713134765625 -0.02679443359375
0.00370788574218751 0.0752716064453125 0.0146770477294922 -0.0252361297607422
-0.03631591796875 0.0718154907226563 0.00946044921875 -0.0157299041748047
-0.0554161071777344 0.0625801086425781 0.0258312225341797 0.0247344970703125
-0.0246772766113281 0.0681610107421875 0.000713348388671874 0.0325984954833984
0.0111770629882812 0.074249267578125 0.0027923583984375 0.0426902770996094
0.0501632690429688 0.040313720703125 0.0286941528320313 0.0314979553222656
0.0548286437988281 0.0025177001953125 0.0310897827148438 0.00940322875976563
0.039398193359375 -0.0367851257324219 0.0221328735351563 -0.0133438110351563
0.0183944702148438 -0.0498580932617187 0.00436496734619141 -0.014103889465332
0.0165367126464844 -0.0456390380859375 -0.00531816482543945 -0.00239753723144532
0.0140342712402344 -0.0545501708984375 -0.00629806518554688 0.003570556640625
0.0275382995605469 -0.0471305847167969 -0.0164403915405273 0.00406932830810547
0.0511627197265625 -0.0263710021972656 -0.0199165344238281 0.00152587890625
0.0576438903808594 0.007720947265625 -0.0144157409667969 -0.0150270462036133
0.0311965942382813 0.0588645935058594 -0.00249481201171875 -0.0218753814697266
-0.000534057617187503 0.0758590698242188 0.0122900009155273 -0.0103054046630859
-0.0429115295410156 0.0673332214355469 -0.00508880615234375 0.00527715682983399
-0.0562553405761719 0.0479698181152344 0.00409698486328124 0.0456504821777344
-0.0340690612792969 0.0599403381347656 -0.0112495422363281 0.0484848022460938
0.000442504882812493 0.0728836059570313 -0.0046539306640625 0.0450973510742188
0.0440254211425781 0.0444374084472656 0.0149345397949219 0.0348644256591797
0.0530014038085937 0.00655746459960937 0.0173015594482422 0.0180835723876953
0.0402793884277344 -0.0335121154785156 0.012786865234375 0.00239849090576172
0.01947021484375 -0.0467720031738281 0.00183534622192383 0.00446939468383789
0.0171165466308594 -0.0438308715820313 -0.00555229187011718 0.0136728286743164
0.0141983032226562 -0.0524673461914063 -0.00739097595214844 0.0203609466552734
0.0266075134277344 -0.0445785522460938 -0.0205764770507813 0.01800537109375
0.0492668151855469 -0.0243415832519531 -0.0255546569824219 0.011260986328125
0.0531196594238281 0.00897216796875 -0.02044677734375 -0.00867080688476563
0.0254936218261719 0.0562820434570312 -0.00583457946777344 -0.0173673629760742
-0.00774383544921875 0.0675888061523438 0.00847148895263672 0.00240612030029297
-0.0454521179199219 0.0544166564941406 -0.0206222534179688 0.0239677429199219
-0.04620361328125 0.0245285034179687 -0.0170707702636719 0.0600166320800781
-0.0340461730957031 0.0394325256347656 -0.0228614807128906 0.0582695007324219
-0.0086669921875 0.0549507141113281 -0.0106849670410156 0.04400634765625
0.0296669006347656 0.0381736755371094 0.00259971618652344 0.0342521667480469
0.0402488708496094 0.00832748413085938 0.00451850891113281 0.0225315093994141
0.0330410003662109 -0.0251750946044922 0.00332927703857422 0.0157413482666016
0.0171127319335938 -0.0360870361328125 -0.00115013122558594 0.0216808319091797
0.014312744140625 -0.0342826843261719 -0.0053863525390625 0.0288066864013672
0.0126800537109375 -0.0424842834472656 -0.00796127319335937 0.0350761413574219
0.0228309631347656 -0.0361137390136719 -0.0241374969482422 0.0311546325683594
0.0411529541015625 -0.0185127258300781 -0.0307655334472656 0.0197620391845703
0.0428810119628906 0.0100173950195313 -0.0263805389404297 -0.0042724609375
0.0154953002929688 0.0477485656738281 -0.00953483581542968 -0.0142459869384766
-0.0150489807128906 0.0518455505371094 0.00424385070800781 0.0129060745239258
-0.0440139770507812 0.0339622497558594 -0.0364913940429687 0.0378074645996094
-0.0283279418945313 -0.00276947021484375 -0.0298194885253906 0.0656967163085938
-0.0275402069091797 0.0122833251953125 -0.0287895202636719 0.0607528686523437
-0.0143985748291016 0.0274868011474609 -0.0131378173828125 0.0405845642089844
0.0112648010253906 0.0234909057617188 -0.00551986694335938 0.0325355529785156
0.0206775665283203 0.00734138488769531 -0.00372505187988281 0.024566650390625
0.0193805694580078 -0.0128383636474609 -0.00294303894042969 0.0253181457519531
0.0114479064941406 -0.0197544097900391 -0.00259590148925781 0.0336780548095703
0.00967979431152344 -0.0203132629394531 -0.00426864624023437 0.0384407043457031
0.00921058654785156 -0.0266399383544922 -0.00952529907226563 0.0451393127441406
0.0160961151123047 -0.023345947265625 -0.0274543762207031 0.03961181640625
0.0287914276123047 -0.0108222961425781 -0.0355110168457031 0.0242538452148438
0.0281162261962891 0.00961494445800781 -0.0316410064697266 -0.00173377990722656
0.005157470703125 0.0345535278320313 -0.0133905410766602 -0.0131874084472656
-0.0192108154296875 0.0303554534912109 -0.00287246704101563 0.0183982849121094
-0.0358963012695313 0.00964355468749999 -0.0506477355957031 0.044342041015625
0.0131244659423828 0.0180377960205078 0.0556983947753906 -0.047515869140625
0.0168952941894531 -0.00765609741210938 0.0109577178955078 -0.0220508575439453
0.000786781311035157 -0.0136260986328125 0.0117578506469727 0.0170574188232422
-0.00941658020019531 -0.00509071350097656 0.0404930114746094 0.00886154174804687
-0.00932121276855469 0.00292110443115234 0.0439643859863281 -0.0208206176757813
-0.00639915466308594 0.00786590576171875 0.0290985107421875 -0.0456962585449219
-0.0045623779296875 0.00396823883056641 0.00912094116210938 -0.0543479919433594
-0.00466346740722656 0.00398015975952148 0.00203323364257812 -0.044189453125
-0.00625276565551758 0.00340032577514648 0.00121307373046875 -0.0381851196289063
-0.00641107559204102 -0.00329208374023438 0.00521278381347656 -0.0322742462158203
-0.000432014465332031 -0.00832509994506836 0.00418663024902344 -0.0283946990966797
0.010223388671875 -0.00783443450927735 0.00986480712890625 -0.032928466796875
0.0179328918457031 0.00377845764160156 0.0209121704101563 -0.0392379760742188
0.0185546875 0.0194969177246094 0.0304145812988281 -0.0577621459960938
0.00895118713378906 0.0292816162109375 0.0410194396972656 -0.0634117126464844
-0.0067291259765625 0.0418624877929688 0.0606536865234375 -0.0371894836425781
0.0115947723388672 0.0182552337646484 0.0154819488525391 -0.0157203674316406
0.0102329254150391 0.0102119445800781 0.0132236480712891 0.0218162536621094
0.0107583999633789 0.00347232818603516 0.0437088012695312 0.0120697021484375
0.00966644287109375 -0.00118541717529297 0.0472602844238281 -0.0171737670898437
0.0062103271484375 -0.00882530212402344 0.0312728881835938 -0.0455474853515625
0.00140666961669922 -0.0156488418579102 0.00946426391601562 -0.0534019470214844
0.00231361389160156 -0.0142202377319336 -9.53674316406252E-05 -0.0412178039550781
0.00160408020019531 -0.0175800323486328 -0.000652313232421874 -0.0354995727539063
0.00840187072753906 -0.0180740356445313 0.000902175903320314 -0.0304031372070312
0.0210094451904297 -0.0121879577636719 0.000305175781250004 -0.0261650085449219
0.0291004180908203 0.00313377380371094 0.00648689270019532 -0.0310955047607422
0.0212383270263672 0.0301284790039063 0.0160331726074219 -0.0361213684082031
0.0100059509277344 0.0467529296875 0.0255508422851563 -0.05078125
-0.0117073059082031 0.0515823364257813 0.0359001159667969 -0.0532760620117188
-0.0283050537109375 0.0588188171386719 0.057098388671875 -0.0206108093261719
0.00121688842773438 0.0428047180175781 0.0152654647827148 -0.00296878814697265
0.0168037414550781 0.0373191833496094 0.0130252838134766 0.0291099548339844
0.0303211212158203 0.0154228210449219 0.0436325073242188 0.0183143615722656
0.0295524597167969 -0.00223350524902344 0.0470809936523438 -0.0100479125976563
0.0194931030273438 -0.0228691101074219 0.0321197509765625 -0.0395393371582031
0.00830078125 -0.0329647064208984 0.008209228515625 -0.0457878112792969
0.00923919677734375 -0.0299892425537109 -0.00254249572753906 -0.0322227478027344
0.008087158203125 -0.0361061096191406 -0.00281333923339844 -0.0262393951416016
0.0187873840332031 -0.032135009765625 -0.0053253173828125 -0.0230312347412109
0.0377349853515625 -0.0181121826171875 -0.00691413879394531 -0.0201816558837891
0.0452308654785156 0.00786972045898438 -0.000350952148437495 -0.0277767181396484
0.0272483825683594 0.048187255859375 0.00899505615234375 -0.0322761535644531
0.00548171997070312 0.0664215087890625 0.0198402404785156 -0.0395393371582031
-0.0272598266601563 0.0665664672851563 0.0239677429199219 -0.0362930297851562
-0.0459747314453125 0.0668907165527344 0.0452346801757813 0.00165939331054688
-0.0123481750488281 0.0614852905273437 0.0096435546875 0.014155387878418
0.0175704956054688 0.0609397888183594 0.00868606567382813 0.037567138671875
0.0449142456054687 0.0291824340820313 0.0383033752441406 0.0260543823242188
0.045654296875 -0.00121688842773438 0.0421714782714844 -0.000179290771484375
0.0318641662597656 -0.0329113006591797 0.0293006896972656 -0.0281734466552734
0.01422119140625 -0.0452461242675781 0.00721359252929687 -0.0318984985351562
0.0142784118652344 -0.0412750244140625 -0.00425529479980469 -0.0190162658691406
0.0118904113769531 -0.0488166809082031 -0.00513935089111328 -0.0124979019165039
0.0253868103027344 -0.04290771484375 -0.0117740631103516 -0.0111980438232422
0.0479393005371094 -0.0238456726074219 -0.0143003463745117 -0.0101461410522461
0.0555419921875 0.00778961181640625 -0.00755500793457031 -0.0222091674804688
0.0321693420410156 0.0578956604003906 0.00260734558105469 -0.0275154113769531
0.00330352783203126 0.0762939453125 0.0154762268066406 -0.0258235931396484
-0.0379791259765625 0.0721206665039063 0.00993251800537109 -0.016505241394043
-0.0566558837890625 0.0625953674316406 0.0252113342285156 0.0252151489257813
-0.026214599609375 0.0683822631835938 -0.000474929809570313 0.0324230194091797
0.0116348266601562 0.0754623413085938 0.00182723999023437 0.0436668395996094
0.0504646301269531 0.0410270690917969 0.0276889801025391 0.0325641632080078
0.0553398132324219 0.00301742553710938 0.0314884185791016 0.01055908203125
0.0398330688476563 -0.0371627807617188 0.0225143432617188 -0.0132389068603516
0.0184555053710938 -0.0506019592285156 0.00459003448486328 -0.0138235092163086
0.0169868469238281 -0.0462799072265625 -0.00565576553344726 -0.00226020812988282
0.01385498046875 -0.0553436279296875 -0.00677013397216797 0.00377893447875976
0.0275993347167969 -0.0473670959472656 -0.0170831680297852 0.00384140014648437
0.0515899658203125 -0.0266914367675781 -0.0207080841064453 0.000617980957031251
0.0584831237792969 0.00809478759765625 -0.0149240493774414 -0.0155439376831055
0.031585693359375 0.0600242614746094 -0.00211334228515625 -0.0225448608398437
-0.00125885009765625 0.0765533447265625 0.0126724243164063 -0.0109148025512695
-0.0443801879882812 0.0678749084472656 -0.00563859939575195 0.00493764877319336
-0.0573806762695313 0.0478935241699219 0.00386428833007812 0.0456886291503906
-0.0354347229003906 0.059814453125 -0.0122489929199219 0.04833984375
0.000778198242187497 0.0743255615234375 -0.00597763061523437 0.0460166931152344
0.0443611145019531 0.0451507568359375 0.0139884948730469 0.03594970703125
0.0534515380859375 0.006988525390625 0.0176124572753906 0.0188636779785156
0.0406951904296875 -0.0340309143066406 0.0132484436035156 0.00242424011230469
0.019561767578125 -0.047393798828125 0.00187873840332031 0.00456428527832031
0.0172538757324219 -0.0444259643554688 -0.00597190856933594 0.0144405364990234
0.0142097473144531 -0.0530891418457031 -0.00777816772460937 0.0201606750488281
0.0266304016113281 -0.0453262329101563 -0.0211257934570313 0.0181179046630859
0.04931640625 -0.0245399475097656 -0.0258388519287109 0.0110893249511719
0.0539512634277344 0.00891876220703125 -0.0209236145019531 -0.00899314880371094
0.0258941650390625 0.0568695068359375 -0.00606155395507812 -0.0177059173583984
-0.00835418701171875 0.0680809020996094 0.0084681510925293 0.00227642059326172
-0.0466842651367188 0.0550613403320313 -0.0213775634765625 0.0239601135253906
-0.0469207763671875 0.0243492126464844 -0.0180320739746094 0.0603103637695313
-0.0347023010253906 0.0394134521484375 -0.0240364074707031 0.058380126953125
-0.00909423828125001 0.0561637878417969 -0.0120620727539062 0.0447196960449219
0.0298538208007813 0.0384140014648437 0.00193023681640625 0.0354995727539062
0.0405158996582031 0.00865554809570313 0.00480842590332031 0.0233154296875
0.0335807800292969 -0.0253086090087891 0.00353145599365235 0.0161104202270508
0.0171852111816406 -0.03656005859375 -0.00138664245605468 0.0225009918212891
0.0147132873535156 -0.0350189208984375 -0.00550270080566406 0.0293464660644531
0.0124626159667969 -0.0430374145507813 -0.00853157043457031 0.0350780487060547
0.0227165222167969 -0.0361213684082031 -0.0247840881347656 0.0308570861816406
0.041534423828125 -0.0187759399414063 -0.0307540893554687 0.0191192626953125
0.043487548828125 0.0101127624511719 -0.0267143249511719 -0.00441360473632812
0.015716552734375 0.0488510131835937 -0.00966835021972656 -0.0149250030517578
-0.0149040222167969 0.0521316528320313 0.00424289703369141 0.0132675170898438
-0.0444869995117188 0.0339813232421875 -0.0370750427246094 0.0380287170410156
-0.0287532806396484 -0.00359535217285156 -0.0309181213378906 0.06671142578125
-0.0278968811035156 0.0118846893310547 -0.0297279357910156 0.0618133544921875
-0.0144824981689453 0.0279502868652344 -0.014678955078125 0.0409698486328125
0.0114479064941406 0.0240974426269531 -0.0063018798828125 0.0340805053710938
0.0207157135009766 0.00771141052246094 -0.00373077392578125 0.0253028869628906
0.0199680328369141 -0.0132083892822266 -0.00297927856445312 0.0255947113037109
0.0115985870361328 -0.0200881958007813 -0.002288818359375 0.0338058471679688
0.00998878479003906 -0.0207023620605469 -0.00477981567382812 0.0389213562011719
0.00960159301757812 -0.0265846252441406 -0.00979232788085937 0.0454597473144531
0.0160274505615234 -0.0238132476806641 -0.0280036926269531 0.0396919250488281
0.0291652679443359 -0.0108356475830078 -0.0358200073242187 0.0241127014160156
0.0288753509521484 0.00945663452148438 -0.0319728851318359 -0.00190925598144531
0.005035400390625 0.0347442626953125 -0.0130367279052734 -0.0138835906982422
-0.0199012756347656 0.0301456451416016 -0.00271034240722656 0.018402099609375
-0.0365409851074219 0.00887298583984375 -0.051513671875 0.0435791015625
0.0137519836425781 0.0187950134277344 0.0577468872070312 -0.0492477416992187
0.0171995162963867 -0.00789833068847656 0.010589599609375 -0.0233058929443359
0.001190185546875 -0.0145549774169922 0.0120410919189453 0.0183391571044922
-0.00977993011474609 -0.00556659698486328 0.0423469543457031 0.00902557373046875
-0.00944805145263672 0.00286197662353515 0.0459480285644531 -0.0217628479003906
-0.00639533996582031 0.00849819183349609 0.0305328369140625 -0.0473747253417969
-0.00493860244750976 0.00440263748168945 0.009368896484375 -0.0564651489257813
-0.00462055206298828 0.00398731231689453 0.00186920166015624 -0.0457382202148438
-0.00626993179321289 0.00357913970947266 0.00136947631835938 -0.0399932861328125
-0.00625038146972656 -0.00277376174926758 0.00494575500488281 -0.0333328247070313
-0.000288963317871093 -0.00879859924316406 0.00433731079101563 -0.0298862457275391
0.0107412338256836 -0.00835609436035156 0.0108928680419922 -0.0347366333007813
0.0187873840332031 0.00400733947753906 0.0226669311523438 -0.0415916442871094
0.0194091796875 0.0205287933349609 0.031402587890625 -0.06048583984375
0.00890541076660156 0.0304756164550781 0.0430831909179687 -0.06658935546875
-0.00743865966796875 0.0440216064453125 0.0628547668457031 -0.0387802124023438
0.0112457275390625 0.0189762115478516 0.0154047012329102 -0.0163240432739258
0.0110950469970703 0.0107583999633789 0.0135898590087891 0.0232009887695312
0.0107898712158203 0.00327205657958984 0.0455703735351562 0.0129661560058594
0.00989532470703125 -0.000926971435546875 0.049560546875 -0.017578125
0.00599861145019531 -0.00885868072509766 0.0328025817871094 -0.04705810546875
0.0011434555053711 -0.0163593292236328 0.00891494750976563 -0.0554771423339844
0.002685546875 -0.0145654678344727 0.000160217285156247 -0.0424842834472656
0.00165557861328125 -0.0183677673339844 -0.000530242919921879 -0.0370750427246094
0.00845718383789062 -0.0188674926757813 0.000682830810546877 -0.031585693359375
0.0217971801757813 -0.0126514434814453 -0.000160217285156249 -0.0275249481201172
0.0308418273925781 0.00314140319824219 0.00716972351074219 -0.0331764221191406
0.0224266052246094 0.0316982269287109 0.0168571472167969 -0.0380134582519531
0.0104598999023438 0.0483551025390625 0.0267982482910156 -0.0532684326171875
-0.0125541687011719 0.053863525390625 0.0371513366699219 -0.0557785034179687
-0.0293960571289063 0.0616950988769531 0.0591545104980469 -0.0212478637695312
0.000648498535156253 0.0444984436035156 0.0148649215698242 -0.00359916687011718
0.0177536010742188 0.03900146484375 0.0129871368408203 0.0309295654296875
0.0315818786621094 0.0161800384521484 0.04510498046875 0.01959228515625
0.0310955047607422 -0.00247573852539063 0.0494346618652344 -0.0101776123046875
0.0198554992675781 -0.0239391326904297 0.0334205627441406 -0.0411109924316406
0.00806236267089844 -0.0344333648681641 0.00884246826171876 -0.0473365783691406
0.00971412658691407 -0.0317115783691406 -0.00254631042480469 -0.0328788757324219
0.00789260864257813 -0.0375289916992188 -0.00339698791503906 -0.0274467468261719
0.0196056365966797 -0.0334873199462891 -0.00611114501953125 -0.0237560272216797
0.0386962890625 -0.019287109375 -0.00756645202636719 -0.0211296081542969
0.0476264953613281 0.00786972045898437 9.34600830078177E-05 -0.0298213958740234
0.0286941528320313 0.0502052307128906 0.0101051330566406 -0.0343704223632813
0.0063629150390625 0.0688552856445312 0.021087646484375 -0.0417098999023438
-0.0285606384277344 0.0694541931152344 0.0253486633300781 -0.0381698608398437
-0.0478439331054687 0.0697288513183594 0.0463905334472656 0.00153732299804688
-0.0131797790527344 0.0636634826660156 0.00962734222412109 0.013981819152832
0.0185928344726563 0.0643081665039063 0.00816726684570313 0.0391349792480469
0.0466537475585938 0.0301628112792969 0.0396041870117188 0.0279426574707031
0.0481910705566406 -0.00116729736328125 0.0440711975097656 0.000614166259765625
0.0325832366943359 -0.0342731475830078 0.0304775238037109 -0.0296058654785156
0.0143089294433594 -0.0475311279296875 0.00704002380371093 -0.0335350036621094
0.0147285461425781 -0.0434837341308594 -0.00445175170898437 -0.0187149047851563
0.0114669799804688 -0.051055908203125 -0.00570583343505859 -0.0132808685302734
0.0258293151855469 -0.0446891784667969 -0.0124549865722656 -0.0114307403564453
0.0493316650390625 -0.0256080627441406 -0.0147562026977539 -0.0111675262451172
0.0581817626953125 0.00800323486328125 -0.00831031799316406 -0.0237770080566406
0.034088134765625 0.0604019165039062 0.00324440002441406 -0.0291481018066406
0.004119873046875 0.0791778564453125 0.0159854888916016 -0.0276527404785156
-0.0394744873046875 0.0752639770507812 0.0100994110107422 -0.0174989700317383
-0.0593719482421875 0.0652923583984375 0.0261878967285156 0.0259246826171875
-0.0275497436523437 0.0707473754882813 -0.000720977783203129 0.0330257415771485
0.0122146606445313 0.07916259765625 0.000865936279296874 0.04583740234375
0.0523605346679688 0.0422096252441406 0.0286121368408203 0.0346775054931641
0.0576171875 0.00305557250976562 0.0332469940185547 0.0116062164306641
0.04095458984375 -0.0385894775390625 0.0237503051757813 -0.0142841339111328
0.0184516906738281 -0.0531234741210938 0.00464153289794922 -0.0146503448486328
0.0174331665039062 -0.0488929748535156 -0.00578927993774414 -0.00152397155761719
0.0133094787597656 -0.05718994140625 -0.0071864128112793 0.00403881072998046
0.0276527404785156 -0.0494651794433594 -0.0181694030761719 0.004058837890625
0.0532035827636719 -0.0281715393066406 -0.0216255187988281 0.000438690185546875
0.0606918334960938 0.00828933715820313 -0.014988899230957 -0.0164699554443359
0.0337295532226562 0.0633201599121094 -0.00160980224609375 -0.0237388610839844
-0.000541687011718752 0.0796737670898437 0.0131187438964844 -0.0118074417114258
-0.0463409423828125 0.0710983276367187 -0.00596284866333008 0.00465631484985352
-0.0597724914550781 0.050079345703125 0.00328063964843749 0.0477867126464844
-0.0371284484863281 0.0619087219238281 -0.0131416320800781 0.0495796203613281
0.001312255859375 0.0775909423828125 -0.00720214843750001 0.0480766296386719
0.0460968017578125 0.0466575622558594 0.0141258239746094 0.03802490234375
0.0558128356933594 0.00788497924804688 0.0190467834472656 0.0205173492431641
0.0417327880859375 -0.0355987548828125 0.0142049789428711 0.0025949478149414
0.0196571350097656 -0.0498046875 0.00202274322509766 0.00510025024414062
0.0179519653320312 -0.0462722778320313 -0.00618457794189453 0.015620231628418
0.0137519836425781 -0.0554847717285156 -0.00828361511230469 0.0211391448974609
0.0267868041992188 -0.0471839904785156 -0.0220375061035156 0.0191497802734375
0.0506973266601563 -0.0262222290039063 -0.0268783569335937 0.0112743377685547
0.0556106567382813 0.00905227661132813 -0.0211944580078125 -0.00970268249511719
0.02716064453125 0.0593299865722656 -0.0056915283203125 -0.0181827545166016
-0.00806427001953125 0.0705490112304688 0.00896930694580078 0.00211620330810547
-0.0486793518066406 0.057403564453125 -0.0222911834716797 0.0244369506835938
-0.0488319396972656 0.0251693725585937 -0.0186080932617188 0.0628890991210938
-0.03643798828125 0.0408401489257813 -0.0249290466308594 0.0602951049804687
-0.0085601806640625 0.0587997436523438 -0.0137825012207031 0.0468864440917969
0.0312576293945313 0.0398292541503906 0.00121307373046875 0.0377388000488281
0.0423240661621094 0.00941085815429688 0.00521659851074219 0.0251388549804688
0.0342731475830078 -0.026611328125 0.00390148162841797 0.0164985656738281
0.0171890258789063 -0.0383682250976563 -0.000993728637695314 0.0230331420898438
0.01531982421875 -0.03656005859375 -0.00581550598144531 0.0308704376220703
0.0128211975097656 -0.0445594787597656 -0.0088958740234375 0.0364913940429688
0.0228691101074219 -0.0377159118652344 -0.0255794525146484 0.0323162078857422
0.0424690246582031 -0.0198554992675781 -0.0320415496826172 0.0199642181396484
0.0451622009277344 0.0102882385253906 -0.0278434753417969 -0.00489425659179688
0.0163421630859375 0.0505332946777344 -0.00982856750488281 -0.0158004760742187
-0.0154876708984375 0.0536155700683594 0.00449275970458984 0.0136384963989258
-0.0466690063476563 0.0356826782226563 -0.0385055541992188 0.0388450622558594
-0.0295829772949219 -0.00384712219238281 -0.0320701599121094 0.0692520141601563
-0.0289630889892578 0.0123081207275391 -0.0308990478515625 0.0638809204101563
-0.0148639678955078 0.0291938781738281 -0.0158500671386719 0.0424842834472656
0.0118389129638672 0.0247364044189453 -0.00713729858398437 0.03558349609375
0.0216255187988281 0.00805854797363281 -0.00373077392578125 0.0266647338867188
0.0202579498291016 -0.0134639739990234 -0.00261116027832031 0.0267810821533203
0.0119304656982422 -0.0212459564208984 -0.00227737426757812 0.0357513427734375
0.0105037689208984 -0.0217227935791016 -0.0045013427734375 0.0405197143554688
0.00955772399902344 -0.0275688171386719 -0.0102577209472656 0.0470924377441406
0.0160751342773438 -0.0250244140625 -0.0290756225585937 0.0410537719726563
0.0299739837646484 -0.0115489959716797 -0.0369834899902344 0.0246391296386719
0.0301761627197266 0.0100421905517578 -0.0333099365234375 -0.00230216979980469
0.00534820556640625 0.03643798828125 -0.0139026641845703 -0.0144500732421875
-0.0206184387207031 0.031463623046875 -0.00222396850585938 0.0190143585205078
-0.0374984741210938 0.00948715209960938 -0.0530929565429687 0.0453758239746094
0.0150184631347656 0.0196437835693359 0.0589675903320312 -0.052886962890625
0.0175361633300781 -0.00847721099853516 0.00934791564941406 -0.0244808197021484
0.000790596008300781 -0.0153541564941406 0.0134162902832031 0.0193328857421875
-0.0102787017822266 -0.00592327117919922 0.0448989868164063 0.00858688354492188
-0.00975894927978516 0.00321102142333984 0.0473899841308594 -0.0234489440917969
-0.00678348541259766 0.00889110565185547 0.0308952331542969 -0.0503082275390625
-0.00503730773925781 0.00474214553833008 0.0077056884765625 -0.0593833923339844
-0.004669189453125 0.00472307205200195 0.00112533569335938 -0.0479660034179688
-0.00618696212768555 0.00375699996948242 -0.000175476074218749 -0.0419120788574219
-0.00641918182373047 -0.00274181365966797 0.00415420532226562 -0.0354461669921875
-0.000530242919921874 -0.00946044921875 0.00377464294433594 -0.0319004058837891
0.0109434127807617 -0.00894451141357422 0.0107078552246094 -0.0374298095703125
0.0201683044433594 0.00391197204589844 0.0229034423828125 -0.0446968078613281
0.0209922790527344 0.0209522247314453 0.0317916870117188 -0.0647354125976563
0.0103034973144531 0.0317668914794922 0.0439910888671875 -0.0716094970703125
-0.00679779052734375 0.0466423034667969 0.0643272399902344 -0.0418968200683594
0.0128974914550781 0.0197811126708984 0.0146884918212891 -0.0181236267089844
0.0125408172607422 0.0112142562866211 0.0150146484375 0.0245704650878906
0.0117568969726563 0.00318050384521484 0.0481071472167969 0.0127143859863281
0.0109834671020508 -0.00171661376953125 0.051788330078125 -0.019561767578125
0.00595760345458984 -0.00942516326904297 0.0335121154785156 -0.0503349304199219
0.000108718872070314 -0.0172739028930664 0.00830841064453126 -0.0584182739257813
0.00230503082275391 -0.0159826278686523 -0.001251220703125 -0.04449462890625
0.000804901123046875 -0.0191478729248047 -0.0020599365234375 -0.0387306213378906
0.00842094421386719 -0.0196800231933594 -0.000169754028320315 -0.0333595275878906
0.0223941802978516 -0.0139083862304688 -0.000982284545898433 -0.0290431976318359
0.0325908660888672 0.00246810913085938 0.00679779052734376 -0.0356941223144531
0.0248870849609375 0.0329170227050781 0.0178184509277344 -0.0409774780273438
0.0125694274902344 0.0508651733398437 0.0270423889160156 -0.0574569702148438
-0.0117950439453125 0.057708740234375 0.0385017395019531 -0.0602035522460937
-0.029144287109375 0.0661888122558594 0.0609550476074219 -0.0238685607910156
0.00129318237304687 0.0471992492675781 0.014704704284668 -0.00440406799316406
0.0200691223144531 0.0407257080078125 0.0138721466064453 0.032989501953125
0.033538818359375 0.0155868530273438 0.0477066040039063 0.0201644897460938
0.0329189300537109 -0.00356101989746094 0.0521316528320313 -0.0115470886230469
0.0205593109130859 -0.0258312225341797 0.0343894958496094 -0.0439987182617188
0.00678634643554687 -0.0366897583007813 0.00786972045898438 -0.0497474670410156
0.00881195068359375 -0.0336074829101563 -0.00342369079589844 -0.0343608856201172
0.00676727294921875 -0.0395088195800781 -0.00440406799316406 -0.0285415649414063
0.0192985534667969 -0.0353431701660156 -0.00696182250976563 -0.0250282287597656
0.0401535034179688 -0.0213661193847656 -0.008270263671875 -0.0222301483154297
0.0500564575195312 0.00694656372070313 -0.000711441040039057 -0.0314407348632812
0.0324172973632813 0.0527572631835938 0.0100975036621094 -0.0368003845214844
0.00892639160156251 0.0722198486328125 0.0209732055664063 -0.0455093383789063
-0.0289154052734375 0.0742950439453125 0.0258560180664062 -0.0414848327636719
-0.04876708984375 0.0752334594726563 0.0485801696777344 0.00064468383789063
-0.0130958557128906 0.0674858093261719 0.00978565216064453 0.0141916275024414
0.0218276977539063 0.0670127868652344 0.009185791015625 0.0415000915527344
0.0499954223632813 0.0302925109863281 0.0417823791503906 0.0288887023925781
0.0512199401855469 -0.0024261474609375 0.0468063354492188 -0.00030517578125
0.0327606201171875 -0.0372428894042969 0.0314407348632813 -0.031829833984375
0.0129318237304688 -0.0503349304199219 0.00664329528808594 -0.0350399017333984
0.0140762329101563 -0.045989990234375 -0.0052032470703125 -0.0188732147216797
0.0102272033691406 -0.0540084838867188 -0.00698757171630859 -0.0139665603637695
0.0251312255859375 -0.047332763671875 -0.0137643814086914 -0.0113153457641602
0.0508995056152344 -0.0283317565917969 -0.016108512878418 -0.0115766525268555
0.0611343383789063 0.00689315795898438 -0.00868415832519531 -0.025054931640625
0.0383338928222656 0.0629310607910156 0.00335693359375 -0.0311985015869141
0.0064849853515625 0.0833740234375 0.0162792205810547 -0.0303020477294922
-0.0401992797851562 0.0807647705078125 0.0102729797363281 -0.0192298889160156
-0.0608596801757813 0.0710296630859375 0.0274734497070313 0.0269889831542969
-0.02789306640625 0.0748291015625 -0.000867843627929686 0.0343132019042969
0.0154571533203125 0.083282470703125 0.00110626220703125 0.0490036010742188
0.0564460754394531 0.0429649353027344 0.0304069519042969 0.0367469787597656
0.0612983703613281 0.00208663940429688 0.0359268188476563 0.0119743347167969
0.0417060852050781 -0.0415687561035156 0.0246429443359375 -0.0153045654296875
0.0177726745605469 -0.0561714172363281 0.00413608551025391 -0.0151586532592773
0.0168952941894531 -0.0518875122070313 -0.00604820251464844 -0.00102281570434571
0.0119514465332031 -0.0607490539550781 -0.00790834426879883 0.00453615188598632
0.0272445678710937 -0.0524253845214844 -0.0188674926757813 0.0048065185546875
0.0546722412109375 -0.0314559936523438 -0.0227298736572266 0.00105857849121094
0.06402587890625 0.00682830810546875 -0.0161952972412109 -0.017542839050293
0.0379409790039063 0.0656471252441406 -0.00206565856933594 -0.0253067016601562
0.0019683837890625 0.0833587646484375 0.0138721466064453 -0.0134925842285156
-0.047149658203125 0.076629638671875 -0.00624752044677735 0.00468683242797852
-0.0618324279785156 0.05450439453125 0.00418472290039062 0.0499496459960938
-0.0377998352050781 0.0661697387695312 -0.0132408142089844 0.0521888732910156
0.00357818603515625 0.081939697265625 -0.00738906860351562 0.0513572692871094
0.0495872497558594 0.0477104187011719 0.0154151916503906 0.0406303405761719
0.0590934753417969 0.00677108764648437 0.0207710266113281 0.0214805603027344
0.0424613952636719 -0.0384864807128906 0.0149431228637695 0.00189113616943359
0.0189094543457031 -0.0531997680664063 0.00243186950683594 0.00577354431152343
0.0172462463378906 -0.0494766235351563 -0.00597858428955078 0.0171308517456055
0.0121192932128906 -0.0585060119628906 -0.00836944580078125 0.0226116180419922
0.0263328552246094 -0.0504608154296875 -0.0230827331542969 0.0203437805175781
0.052215576171875 -0.0292892456054688 -0.0276966094970703 0.0124893188476562
0.058837890625 0.00780105590820312 -0.0227298736572266 -0.00970268249511719
0.0306930541992188 0.0621986389160156 -0.00662612915039062 -0.0194911956787109
-0.00611877441406251 0.074371337890625 0.0104141235351563 0.00125885009765625
-0.0500411987304688 0.0622024536132813 -0.0229377746582031 0.0261898040771484
-0.0502548217773438 0.0276451110839844 -0.0183906555175781 0.0663948059082031
-0.0368499755859375 0.0443305969238281 -0.0249519348144531 0.0637435913085938
-0.00728225708007812 0.0624847412109375 -0.0140190124511719 0.0499610900878906
0.0340156555175781 0.0413475036621094 0.00189590454101562 0.0404243469238281
0.045257568359375 0.00873565673828125 0.0065460205078125 0.0267658233642578
0.0349102020263672 -0.0286026000976563 0.00486278533935547 0.0175361633300781
0.0164909362792969 -0.0410728454589844 -0.000183105468749997 0.0244255065917969
0.0152244567871094 -0.0390586853027344 -0.00496482849121094 0.0329132080078125
0.0111885070800781 -0.0471115112304688 -0.00870132446289063 0.0385284423828125
0.0222854614257813 -0.04071044921875 -0.0260696411132813 0.0345516204833984
0.0442428588867188 -0.02239990234375 -0.0336551666259766 0.0216293334960937
0.0477752685546875 0.00994491577148438 -0.0291671752929688 -0.00484848022460938
0.0192375183105469 0.0528984069824219 -0.0106363296508789 -0.0161113739013672
-0.0144767761230469 0.0570182800292969 0.00571727752685547 0.0134248733520508
-0.0480422973632813 0.0391807556152344 -0.0394287109375 0.0418701171875
-0.0310859680175781 -0.00296401977539063 -0.032501220703125 0.0738372802734375
-0.0302562713623047 0.01385498046875 -0.0311470031738281 0.06817626953125
-0.0147552490234375 0.0312747955322266 -0.0160140991210938 0.0456962585449219
0.0131359100341797 0.0256633758544922 -0.00684356689453125 0.0383796691894531
0.0229988098144531 0.00785064697265625 -0.00309181213378906 0.0289764404296875
0.0207748413085938 -0.0148334503173828 -0.0017852783203125 0.0280570983886719
0.0115261077880859 -0.022613525390625 -0.000553131103515622 0.0377960205078125
0.010467529296875 -0.0229301452636719 -0.00377655029296875 0.0432395935058594
0.00908088684082031 -0.0294284820556641 -0.00976181030273438 0.0497169494628906
0.0161590576171875 -0.0263671875 -0.0298423767089844 0.0439796447753906
0.0310897827148438 -0.0131549835205078 -0.0379905700683594 0.0267372131347656
0.0319328308105469 0.00961112976074219 -0.0348129272460937 -0.00169754028320312
0.00652694702148438 0.0381698608398438 -0.0142288208007813 -0.0148220062255859
-0.0208358764648437 0.0333843231201172 -0.00137901306152344 0.0200080871582031
-0.0393829345703125 0.011199951171875 -0.0546760559082031 0.0487899780273438
0.0172252655029297 0.0201168060302734 0.0585517883300781 -0.0579032897949219
0.0177536010742187 -0.00958061218261719 0.00781631469726562 -0.0258979797363281
0.000251770019531249 -0.0159711837768555 0.0149993896484375 0.0193672180175781
-0.0108070373535156 -0.00604152679443359 0.0469398498535156 0.00667190551757812
-0.00987911224365234 0.00359439849853516 0.0483589172363281 -0.0271530151367188
-0.00645542144775391 0.00996589660644531 0.0294036865234375 -0.053741455078125
-0.00511741638183594 0.00553131103515625 0.00478744506835938 -0.0624923706054687
-0.00415945053100586 0.00478363037109375 -0.001983642578125 -0.0498733520507813
-0.00619125366210938 0.00426435470581055 -0.00240707397460938 -0.0435028076171875
-0.00661325454711914 -0.0021662712097168 0.00264358520507812 -0.037078857421875
-0.00126361846923828 -0.00916576385498047 0.00248527526855469 -0.0336856842041016
0.0110054016113281 -0.00990390777587891 0.009368896484375 -0.0401763916015625
0.0210952758789063 0.00316429138183594 0.0214805603027344 -0.0480804443359375
0.0228404998779297 0.0207881927490234 0.0294532775878906 -0.0693359375
0.0126056671142578 0.0328941345214844 0.0419464111328125 -0.077728271484375
-0.00421142578125001 0.0495758056640625 0.0646209716796875 -0.047088623046875
0.0138492584228516 0.0203533172607422 0.0134201049804688 -0.0195045471191406
0.0137948989868164 0.0109386444091797 0.0168514251708984 0.0249748229980469
0.0128250122070313 0.00234508514404297 0.0504493713378906 0.0111465454101563
0.0116252899169922 -0.00244808197021484 0.0525741577148437 -0.0231704711914062
0.00522041320800781 -0.00984573364257813 0.0321273803710938 -0.0538406372070313
-0.000692367553710936 -0.0177898406982422 0.00491714477539063 -0.0609359741210938
0.001373291015625 -0.0166425704956055 -0.00351715087890625 -0.0460319519042969
0.000108718872070311 -0.0202388763427734 -0.0040435791015625 -0.040069580078125
0.00786590576171875 -0.0207023620605469 -0.00212287902832031 -0.0349178314208984
0.0222263336181641 -0.0161533355712891 -0.00265884399414063 -0.0305557250976562
0.0342674255371094 0.0009307861328125 0.00574493408203125 -0.0382537841796875
0.0280570983886719 0.0327014923095703 0.0164222717285156 -0.0441856384277344
0.0159492492675781 0.0520820617675781 0.0247230529785156 -0.0615348815917969
-0.0092926025390625 0.0608634948730469 0.0367774963378906 -0.0658378601074219
-0.02777099609375 0.0708999633789062 0.0618629455566406 -0.02801513671875
0.003265380859375 0.0495071411132812 0.0142841339111328 -0.00577640533447265
0.0236282348632813 0.0415077209472656 0.0158252716064453 0.0340938568115234
0.0356941223144531 0.0141830444335938 0.0504646301269531 0.0185813903808594
0.0343227386474609 -0.0057525634765625 0.0539474487304687 -0.0145721435546875
0.0192012786865234 -0.0278091430664063 0.0330467224121094 -0.0474777221679688
0.00490951538085937 -0.0383949279785156 0.00508499145507813 -0.0523567199707031
0.00757598876953125 -0.0358772277832031 -0.005218505859375 -0.0349044799804688
0.00477218627929688 -0.0413932800292969 -0.00672531127929687 -0.0295276641845703
0.0178375244140625 -0.0379753112792969 -0.00888442993164062 -0.0251579284667969
0.0400543212890625 -0.0244979858398438 -0.0101356506347656 -0.0229930877685547
0.0524826049804687 0.00423049926757813 -0.00219345092773437 -0.0338344573974609
0.0369606018066406 0.0532760620117187 0.0090789794921875 -0.0394020080566406
0.0131149291992188 0.074127197265625 0.01910400390625 -0.0486640930175781
-0.0260696411132812 0.0795974731445313 0.0247879028320313 -0.0450706481933594
-0.0469741821289063 0.081573486328125 0.0501136779785156 -0.00198745727539062
-0.0106124877929688 0.071136474609375 0.0100240707397461 0.0137653350830078
0.026702880859375 0.06927490234375 0.0114784240722656 0.0438728332519531
0.0538787841796875 0.0286788940429688 0.0446510314941406 0.0288963317871094
0.0534934997558594 -0.00577926635742188 0.0487823486328125 -0.00223159790039063
0.0317192077636719 -0.0403823852539062 0.0310096740722656 -0.0347213745117188
0.01031494140625 -0.0530204772949219 0.00494766235351563 -0.0363311767578125
0.0117988586425781 -0.0490684509277344 -0.00626373291015625 -0.0190544128417969
0.00692367553710937 -0.0565643310546875 -0.00809192657470703 -0.0134506225585938
0.0229530334472656 -0.0504531860351562 -0.0153932571411133 -0.0110187530517578
0.0510482788085938 -0.0327224731445313 -0.0179233551025391 -0.0110740661621094
0.0642890930175781 0.0034637451171875 -0.0107288360595703 -0.0264148712158203
0.0438232421875 0.0633087158203125 0.00190544128417969 -0.0334663391113281
0.011810302734375 0.085479736328125 0.0153884887695312 -0.0329074859619141
-0.0382232666015625 0.0872344970703125 0.00982284545898438 -0.0210647583007812
-0.0599594116210938 0.07763671875 0.0298652648925781 0.026092529296875
-0.0255584716796875 0.0794525146484375 -0.000320434570312505 0.0353584289550781
0.02081298828125 0.086517333984375 0.00304794311523438 0.0514678955078125
0.0612068176269531 0.0416946411132812 0.0332603454589844 0.0375251770019531
0.0641555786132813 -0.0014190673828125 0.0383682250976563 0.0110244750976562
0.0405616760253906 -0.0456085205078125 0.0246868133544922 -0.0174236297607422
0.0144577026367188 -0.0595817565917969 0.00373649597167969 -0.0158166885375977
0.014617919921875 -0.0547943115234375 -0.00594854354858398 1.4305114746063E-06
0.00824737548828125 -0.0635528564453125 -0.00791406631469726 0.00560522079467773
0.0247230529785156 -0.0560836791992188 -0.0196056365966797 0.00618934631347656
0.0547866821289063 -0.0362930297851563 -0.0236740112304687 0.00216484069824218
0.0671119689941406 0.00294876098632813 -0.0178718566894531 -0.0177173614501953
0.0434188842773438 0.0660743713378906 -0.00307655334472656 -0.0267410278320312
0.0069427490234375 0.0861740112304688 0.0139455795288086 -0.0154018402099609
-0.045501708984375 0.0827407836914063 -0.00576210021972657 0.00486278533935547
-0.0618438720703125 0.0602035522460937 0.00665664672851562 0.0519294738769531
-0.0358657836914063 0.0708770751953125 -0.0117378234863281 0.0542106628417969
0.0084686279296875 0.08563232421875 -0.00564193725585937 0.0543289184570313
0.054443359375 0.0470848083496094 0.0179214477539063 0.0428962707519531
0.0624122619628906 0.0036773681640625 0.0230312347412109 0.0218067169189453
0.0418357849121094 -0.0421600341796875 0.0157032012939453 0.00130176544189453
0.0157737731933594 -0.0562095642089844 0.00251436233520508 0.00586700439453125
0.0147895812988281 -0.0526123046875 -0.00523567199707031 0.0188560485839844
0.0086669921875 -0.0609054565429688 -0.00797462463378906 0.0241565704345703
0.0237197875976563 -0.0535926818847656 -0.023101806640625 0.0228786468505859
0.0520439147949219 -0.0334739685058594 -0.0284709930419922 0.0145206451416016
0.061981201171875 0.00475692749023438 -0.0237941741943359 -0.00957298278808594
0.0359001159667969 0.0628128051757813 -0.00756645202636718 -0.0203323364257812
-0.00196075439453126 0.0772857666015625 0.0107841491699219 0.00044631958007813
-0.0490188598632812 0.0681648254394531 -0.0220623016357422 0.0278663635253906
-0.0513267517089844 0.0322303771972656 -0.016204833984375 0.0703125
-0.0369682312011719 0.0478324890136719 -0.0231170654296875 0.0673904418945313
-0.00372314453125 0.0656318664550781 -0.0122528076171875 0.0532493591308594
0.0374183654785156 0.0409469604492188 0.00423812866210938 0.042816162109375
0.0475921630859375 0.00666427612304687 0.00825881958007813 0.0282688140869141
0.0340118408203125 -0.0319614410400391 0.0059347152709961 0.017359733581543
0.0145835876464844 -0.0438613891601562 0.00143241882324219 0.0256233215332031
0.0130386352539063 -0.0418815612792969 -0.00316047668457031 0.0351238250732422
0.008453369140625 -0.0494613647460938 -0.00698089599609375 0.0411224365234375
0.0208473205566406 -0.0434379577636719 -0.0257682800292969 0.0375442504882813
0.0441551208496094 -0.0259513854980469 -0.0333957672119141 0.0241413116455078
0.0500907897949219 0.00715255737304687 -0.0302848815917969 -0.00370597839355469
0.0226936340332031 0.0538444519042969 -0.0111789703369141 -0.0166997909545898
-0.0118827819824219 0.0597724914550781 0.00719356536865234 0.0132761001586914
-0.0476341247558594 0.0434532165527344 -0.0385589599609375 0.0452041625976562
-0.0323581695556641 -0.00139045715332031 -0.0301132202148438 0.078643798828125
-0.0307502746582031 0.0161800384521484 -0.02923583984375 0.0721588134765625
-0.0133724212646484 0.0336933135986328 -0.0146331787109375 0.048675537109375
0.0150718688964844 0.0262088775634766 -0.00509262084960938 0.0409355163574219
0.0250167846679688 0.00739669799804687 -0.0013580322265625 0.0308570861816406
0.0208740234375 -0.0162124633789063 -3.43322753906228E-05 0.0290908813476563
0.0104579925537109 -0.0245742797851563 0.000991821289062499 0.0392570495605469
0.00944900512695313 -0.0247631072998047 -0.00133132934570312 0.0456619262695313
0.00725555419921875 -0.0309619903564453 -0.00737762451171875 0.0524978637695312
0.0150661468505859 -0.0280189514160156 -0.0286674499511719 0.0473594665527344
0.0315361022949219 -0.0155792236328125 -0.0382308959960938 0.0295677185058594
0.0334396362304688 0.00802230834960938 -0.0359573364257813 -6.10351562499953E-05
0.00872421264648438 0.0392074584960937 -0.0155067443847656 -0.0147275924682617
-0.0196571350097656 0.03594970703125 0.000246047973632811 0.0205898284912109
-0.0398941040039062 0.013824462890625 -0.0538558959960937 0.0536422729492188
0.0190353393554688 0.0193328857421875 0.0552482604980469 -0.06207275390625
0.0169610977172852 -0.0108766555786133 0.00579071044921875 -0.0258026123046875
-0.00086688995361328 -0.0159626007080078 0.0164928436279297 0.0190715789794922
-0.0112342834472656 -0.00535964965820313 0.0473823547363281 0.00432586669921875
-0.0101661682128906 0.00369930267333984 0.0465660095214844 -0.0298271179199219
-0.00571727752685547 0.0103425979614258 0.0265388488769531 -0.0559921264648438
-0.00461244583129883 0.00635004043579102 0.000915527343749998 -0.0633087158203125
-0.00393104553222656 0.00460433959960938 -0.00453567504882812 -0.0506629943847656
-0.00507831573486328 0.00441455841064453 -0.00513839721679688 -0.0439720153808594
-0.00649881362915039 -0.0016946792602539 0.000160217285156253 -0.0379447937011719
-0.00210094451904297 -0.00951480865478516 0.000761032104492185 -0.0343074798583984
0.0104827880859375 -0.0111227035522461 0.00714874267578125 -0.0416412353515625
0.0219326019287109 0.00167655944824219 0.0194664001464844 -0.0500831604003906
0.0241298675537109 0.0196647644042969 0.0255279541015625 -0.0717620849609375
0.0145206451416016 0.03289794921875 0.0382003784179687 -0.0818710327148438
-0.00114822387695312 0.0505943298339844 0.0622367858886719 -0.0516624450683594
0.0149879455566406 0.0201129913330078 0.0113925933837891 -0.0203685760498047
0.0147914886474609 0.0102081298828125 0.0183181762695313 0.0250034332275391
0.0127687454223633 0.000966072082519531 0.0513534545898437 0.00870132446289063
0.0113964080810547 -0.00356674194335938 0.0519027709960938 -0.0260200500488281
0.00467491149902344 -0.0107812881469727 0.0294036865234375 -0.0561676025390625
-0.00235176086425781 -0.0176372528076172 0.00134658813476563 -0.0618629455566406
0.000568389892578125 -0.0168771743774414 -0.00614166259765625 -0.0463676452636719
-0.00115585327148438 -0.0202598571777344 -0.00699615478515625 -0.0404701232910156
0.00623703002929688 -0.0213680267333984 -0.00442886352539063 -0.0350780487060547
0.0210914611816406 -0.0174503326416016 -0.00432586669921875 -0.0307178497314453
0.0344448089599609 -0.00136375427246094 0.0035552978515625 -0.0392074584960938
0.0302963256835938 0.0316352844238281 0.0141220092773437 -0.0462112426757813
0.018829345703125 0.051513671875 0.0212631225585937 -0.0641365051269531
-0.00577545166015626 0.0626258850097656 0.0335769653320312 -0.0693244934082031
-0.0228347778320312 0.0740814208984375 0.0607528686523438 -0.0322151184082031
0.00622177124023438 0.0497856140136719 0.0130786895751953 -0.00685596466064453
0.0265617370605469 0.0406990051269531 0.0176734924316406 0.0344104766845703
0.0373382568359375 0.0122718811035156 0.0521965026855469 0.0168418884277344
0.0346260070800781 -0.00838279724121094 0.0540084838867188 -0.0174102783203125
0.0174751281738281 -0.0291061401367187 0.031005859375 -0.0499382019042969
0.00200271606445313 -0.0390739440917969 0.00196456909179687 -0.0529327392578125
0.0058441162109375 -0.0364303588867188 -0.00698280334472657 -0.0348987579345703
0.00173187255859375 -0.0421600341796875 -0.00882720947265625 -0.0292930603027344
0.0154838562011719 -0.0393524169921875 -0.0108299255371094 -0.024871826171875
0.0389480590820312 -0.0272941589355469 -0.0116920471191406 -0.0225334167480469
0.0537261962890625 0.00160980224609375 -0.00414085388183594 -0.0344486236572266
0.041046142578125 0.0515899658203125 0.00673294067382813 -0.0407829284667969
0.0178909301757813 0.0736160278320313 0.0163078308105469 -0.0511741638183594
-0.0218582153320312 0.0828323364257812 0.0220870971679688 -0.0480461120605469
-0.0427322387695313 0.0855560302734375 0.0506706237792969 -0.00476455688476562
-0.00694274902343749 0.0729293823242188 0.00985240936279297 0.0128746032714844
0.0317230224609375 0.0684471130371094 0.0134239196777344 0.0444793701171875
0.0563774108886719 0.0257835388183594 0.0469245910644531 0.0274505615234375
0.0542449951171875 -0.009002685546875 0.0502204895019531 -0.00468063354492188
0.0290260314941406 -0.0423164367675781 0.0291290283203125 -0.0365447998046875
0.00603485107421875 -0.0541915893554688 0.00247955322265625 -0.0367698669433594
0.00888442993164063 -0.0504913330078125 -0.00703620910644531 -0.0184822082519531
0.00312042236328124 -0.0577774047851563 -0.00915813446044922 -0.0130367279052734
0.0202903747558594 -0.0521621704101563 -0.0163631439208984 -0.0101995468139648
0.0487594604492188 -0.0359840393066406 -0.0183792114257812 -0.0104598999023437
0.0656852722167969 -0.000301361083984375 -0.0122337341308594 -0.0266685485839844
0.0486106872558594 0.0616340637207031 0.0002288818359375 -0.0341377258300781
0.0168685913085938 0.0854873657226563 0.0134029388427734 -0.0348224639892578
-0.0330352783203125 0.0908660888671875 0.00869560241699219 -0.0221595764160156
-0.0557403564453125 0.0821151733398438 0.0310211181640625 0.0247325897216797
-0.0215988159179687 0.0820159912109375 0.00122642517089843 0.0347900390625
0.0270004272460938 0.0865631103515625 0.00572586059570313 0.0530738830566406
0.0644454956054688 0.038299560546875 0.0355224609375 0.0368232727050781
0.065277099609375 -0.0057220458984375 0.0396347045898438 0.00918197631835938
0.0376815795898438 -0.0484237670898438 0.0236454010009766 -0.0188922882080078
0.0101661682128906 -0.060791015625 0.00289726257324219 -0.0159063339233398
0.0112762451171875 -0.0567283630371094 -0.00580835342407226 0.000947475433349606
0.00376510620117187 -0.064361572265625 -0.00814676284790039 0.00630760192871093
0.020843505859375 -0.0577888488769531 -0.0197315216064453 0.00776481628417969
0.0524711608886719 -0.039825439453125 -0.0240745544433594 0.00321197509765625
0.0680274963378906 -0.001373291015625 -0.0192852020263672 -0.0171985626220703
0.0487632751464844 0.063446044921875 -0.00465202331542968 -0.0272159576416016
0.0123367309570313 0.0860443115234375 0.0127630233764648 -0.0166072845458984
-0.041229248046875 0.087127685546875 -0.00569820404052735 0.00493431091308594
-0.0582923889160156 0.064727783203125 0.00888061523437499 0.0520210266113281
-0.0327987670898438 0.073883056640625 -0.00914382934570313 0.0551643371582031
0.0141754150390625 0.0861129760742188 -0.00326919555664063 0.0562667846679688
0.0576591491699219 0.0440216064453125 0.0206985473632813 0.0428123474121094
0.0635528564453125 0.0001220703125 0.0252437591552734 0.0211181640625
0.0391159057617188 -0.0453071594238281 0.015629768371582 0.000442504882812497
0.011932373046875 -0.0580558776855469 0.00297355651855469 0.00601005554199218
0.0115318298339844 -0.0545463562011719 -0.0038604736328125 0.0199851989746094
0.00449371337890625 -0.0619468688964844 -0.00669670104980469 0.0249843597412109
0.0198822021484375 -0.0551795959472656 -0.0221099853515625 0.0246772766113281
0.050201416015625 -0.0373420715332031 -0.0281848907470703 0.0159511566162109
0.0628814697265625 0.0005950927734375 -0.0248622894287109 -0.00852203369140625
0.0406761169433594 0.0610809326171875 -0.00858497619628906 -0.0204677581787109
0.002716064453125 0.0777435302734375 0.0113248825073242 -0.000828742980957026
-0.0455551147460938 0.0723419189453125 -0.0205001831054688 0.0293560028076172
-0.0497779846191406 0.0358047485351563 -0.0129470825195313 0.0719223022460937
-0.03460693359375 0.050445556640625 -0.0198326110839844 0.0687599182128906
1.90734863281322E-05 0.06671142578125 -0.0097808837890625 0.05511474609375
0.0403976440429688 0.0388298034667969 0.00664520263671875 0.0439682006835938
0.0489692687988281 0.00368499755859375 0.0103397369384766 0.0282249450683594
0.0327892303466797 -0.0344047546386719 0.00690746307373047 0.0175704956054687
0.0109214782714844 -0.045379638671875 0.00268936157226563 0.0258979797363281
0.0101432800292969 -0.0431671142578125 -0.000938415527343746 0.0361099243164063
0.00519180297851563 -0.0505905151367188 -0.0046844482421875 0.0420303344726563
0.0173225402832031 -0.0448493957519531 -0.0239486694335938 0.0396957397460937
0.04248046875 -0.0289459228515625 -0.0322780609130859 0.0257606506347656
0.05120849609375 0.00406265258789063 -0.0304298400878906 -0.00185585021972656
0.0267295837402344 0.05322265625 -0.0119543075561523 -0.0158376693725586
-0.0083465576171875 0.0610847473144531 0.00805187225341797 0.0124855041503906
-0.0457954406738281 0.0470466613769531 -0.0357551574707031 0.0479888916015625
-0.03277587890625 0.000270843505859377 -0.0262832641601563 0.0817184448242188
-0.0300674438476563 0.0182399749755859 -0.0250396728515625 0.0746307373046875
-0.0114669799804687 0.0350894927978516 -0.012298583984375 0.0504493713378906
0.0168781280517578 0.0251255035400391 -0.0025482177734375 0.0423622131347656
0.025787353515625 0.00575065612792969 0.000589370727539061 0.0316371917724609
0.0194797515869141 -0.0178356170654297 0.00147056579589844 0.029510498046875
0.00897407531738281 -0.0256671905517578 0.00392532348632813 0.0397720336914063
0.00755882263183594 -0.0258388519287109 0.00173187255859375 0.046600341796875
0.00517845153808594 -0.0317707061767578 -0.00444793701171874 0.0538253784179688
0.0129566192626953 -0.0294189453125 -0.0259475708007813 0.0499038696289063
0.0307579040527344 -0.0180854797363281 -0.0368614196777344 0.0318031311035156
0.0344333648681641 0.00631332397460937 -0.0368232727050781 0.00193405151367187
0.0112228393554687 0.0395927429199219 -0.0164899826049805 -0.0142316818237305
-0.0176467895507812 0.0371894836425781 0.00200653076171875 0.0201911926269531
-0.0397186279296875 0.0161170959472656 -0.0505523681640625 0.0571823120117188
0.0197219848632813 0.0184078216552734 0.0523948669433594 -0.0635833740234375
0.0164937973022461 -0.0111465454101563 0.00351715087890625 -0.0255527496337891
-0.00187587738037109 -0.0162286758422852 0.0171909332275391 0.0186481475830078
-0.0115375518798828 -0.00501823425292969 0.04742431640625 0.00292587280273437
-0.0100297927856445 0.00418376922607422 0.0451850891113281 -0.0308990478515625
-0.00538539886474609 0.0107927322387695 0.0245628356933594 -0.0563430786132813
-0.00429105758666992 0.00660943984985352 -0.00174331665039062 -0.0628242492675781
-0.00318241119384766 0.00500106811523438 -0.00671768188476562 -0.050048828125
-0.00507497787475586 0.0045008659362793 -0.00728225708007813 -0.043670654296875
-0.00630521774291992 -0.00113582611083984 -0.001434326171875 -0.0380973815917969
-0.00240230560302734 -0.00899028778076172 -0.000528335571289059 -0.0347003936767578
0.0100154876708984 -0.0114250183105469 0.00537109375 -0.0420303344726563
0.0214786529541016 0.000659942626953125 0.0172538757324219 -0.0503768920898438
0.0244655609130859 0.0187931060791016 0.0224838256835938 -0.0719757080078125
0.0160255432128906 0.0324363708496094 0.0347137451171875 -0.0835647583007813
0.00131988525390625 0.050567626953125 0.0594520568847656 -0.0538330078125
0.0151309967041016 0.0196819305419922 0.00966835021972657 -0.0206794738769531
0.0156173706054687 0.00949382781982422 0.0189952850341797 0.0246200561523438
0.0129108428955078 -0.000133514404296875 0.0513496398925781 0.00767898559570312
0.0112667083740234 -0.00471687316894531 0.05084228515625 -0.0274734497070313
0.00399875640869141 -0.010371208190918 0.0271873474121094 -0.0569953918457031
-0.00352668762207031 -0.0168981552124023 -0.00155258178710938 -0.0615348815917969
4.86373901367185E-05 -0.0170316696166992 -0.00759124755859375 -0.0456390380859375
-0.00226783752441406 -0.0201797485351563 -0.00852584838867187 -0.0399208068847656
0.00572776794433594 -0.0209884643554688 -0.00570869445800781 -0.0344791412353516
0.0201892852783203 -0.0179233551025391 -0.005279541015625 -0.0308341979980469
0.034088134765625 -0.00265693664550781 0.001922607421875 -0.0401268005371094
0.0319385528564453 0.0300025939941406 0.0117835998535156 -0.0463790893554688
0.0205535888671875 0.0500373840332031 0.0187759399414062 -0.0645294189453125
-0.00382614135742188 0.0627899169921875 0.0305404663085938 -0.0711593627929688
-0.0197296142578125 0.0751113891601563 0.0590896606445313 -0.0341339111328125
0.00769805908203125 0.0495567321777344 0.0114727020263672 -0.00726890563964844
0.0289268493652344 0.0395889282226563 0.0188655853271484 0.0339450836181641
0.0376625061035156 0.0102386474609375 0.0523338317871094 0.0154762268066406
0.0340728759765625 -0.0104789733886719 0.0531272888183594 -0.01922607421875
0.01556396484375 -0.0299339294433594 0.0287628173828125 -0.050994873046875
-0.000328063964843749 -0.0387077331542969 -6.48498535156215E-05 -0.0522041320800781
0.00362777709960937 -0.0368614196777344 -0.00782394409179688 -0.0341281890869141
-0.000282287597656247 -0.0419845581054688 -0.00963973999023438 -0.0285549163818359
0.0135726928710938 -0.0390357971191406 -0.011932373046875 -0.0242176055908203
0.0373725891113281 -0.0286140441894531 -0.0124568939208984 -0.0222206115722656
0.05322265625 -0.00127792358398438 -0.00561714172363281 -0.0346775054931641
0.0430908203125 0.0494499206542969 0.005340576171875 -0.0415763854980469
0.020263671875 0.0723800659179688 0.0142707824707031 -0.0520515441894531
-0.0185699462890625 0.083221435546875 0.0205612182617187 -0.0490379333496094
-0.0388565063476562 0.0873794555664062 0.0497512817382813 -0.00669479370117187
-0.0045623779296875 0.0729141235351563 0.00881862640380859 0.0121049880981445
0.0351982116699219 0.0675697326660156 0.014892578125 0.0443992614746094
0.0573844909667969 0.0229148864746094 0.04766845703125 0.0257759094238281
0.0540962219238281 -0.0115585327148437 0.0495758056640625 -0.0063629150390625
0.0267715454101563 -0.04339599609375 0.0274772644042969 -0.0374183654785156
0.00342178344726563 -0.0541114807128906 0.00122833251953125 -0.0364265441894531
0.00628280639648438 -0.05084228515625 -0.00698566436767578 -0.0174646377563477
0.000232696533203131 -0.0573692321777344 -0.0101003646850586 -0.012298583984375
0.01727294921875 -0.0522689819335937 -0.016718864440918 -0.00911617279052734
0.0471839904785156 -0.0375099182128906 -0.0188102722167969 -0.00940513610839844
0.0649375915527344 -0.00330352783203125 -0.0133571624755859 -0.0267448425292969
0.0513839721679688 0.058746337890625 -0.00114250183105468 -0.0350971221923828
0.0203323364257812 0.0839920043945313 0.0120353698730469 -0.0353965759277344
-0.0297088623046875 0.0927352905273438 0.00794410705566406 -0.0229949951171875
-0.0522994995117188 0.0845565795898437 0.03125 0.0234184265136719
-0.0191268920898438 0.0825576782226563 0.00152969360351562 0.0342445373535156
0.0305404663085937 0.085662841796875 0.007232666015625 0.0532875061035156
0.0654563903808594 0.0354232788085938 0.0367927551269531 0.0358047485351563
0.0653266906738281 -0.00823593139648438 0.0405540466308594 0.00757217407226563
0.0347099304199219 -0.049591064453125 0.0225963592529297 -0.0196399688720703
0.00611114501953125 -0.0607833862304687 0.0021810531616211 -0.0157556533813477
0.00838088989257813 -0.0569267272949219 -0.00534391403198242 0.00191974639892578
0.000663757324218744 -0.0639533996582031 -0.00817680358886719 0.00676250457763672
0.0177650451660156 -0.05804443359375 -0.0197219848632812 0.00896453857421875
0.0496711730957031 -0.0417060852050781 -0.0236225128173828 0.00415992736816406
0.0678176879882813 -0.0040740966796875 -0.0199108123779297 -0.0170173645019531
0.0510406494140625 0.0613212585449219 -0.00557327270507812 -0.0276565551757812
0.0157394409179688 0.084930419921875 0.0122165679931641 -0.0177783966064453
-0.0375900268554688 0.0892410278320313 -0.00525665283203125 0.0043931007385254
-0.055938720703125 0.0669784545898438 0.0103302001953125 0.0512161254882813
-0.0303192138671875 0.0748138427734375 -0.00790786743164063 0.0544662475585938
0.0182266235351562 0.0857696533203125 -0.00125503540039062 0.0568122863769531
0.0591049194335937 0.0413742065429688 0.0217857360839844 0.0423088073730469
0.0637588500976563 -0.00267410278320313 0.0260810852050781 0.0201225280761719
0.0365219116210938 -0.0463905334472656 0.0158023834228516 -4.86373901367216E-05
0.00862503051757812 -0.058074951171875 0.00328636169433594 0.00610494613647461
0.00880050659179687 -0.0545883178710937 -0.00223541259765625 0.0206089019775391
0.00110626220703125 -0.0615615844726562 -0.0059661865234375 0.0255165100097656
0.017120361328125 -0.0552635192871094 -0.0212249755859375 0.02581787109375
0.0480155944824219 -0.0391616821289063 -0.0271720886230469 0.0167903900146484
0.0623130798339844 -0.001922607421875 -0.0248680114746094 -0.007568359375
0.0428886413574219 0.05908203125 -0.00924491882324218 -0.02069091796875
0.00604248046875 0.0765762329101563 0.0110673904418945 -0.00189971923828125
-0.0422744750976563 0.073944091796875 -0.0194358825683594 0.0294952392578125
-0.0479545593261719 0.0373191833496094 -0.01025390625 0.0718460083007813
-0.0327796936035156 0.0514335632324219 -0.0178031921386719 0.0685005187988281
0.00345993041992188 0.0668487548828125 -0.00828933715820313 0.0552520751953125
0.0413284301757813 0.0371131896972656 0.00799560546875 0.0438728332519531
0.049285888671875 0.00153350830078125 0.0119495391845703 0.0279922485351563
0.0301227569580078 -0.0349540710449219 0.00701904296875 0.0174684524536133
0.008270263671875 -0.0454254150390625 0.00405693054199219 0.0258102416992188
0.00818252563476563 -0.0434226989746094 0.00116348266601563 0.0361976623535156
0.00249862670898438 -0.0501022338867188 -0.0036468505859375 0.0417633056640625
0.0150222778320313 -0.0450515747070313 -0.0222129821777344 0.0406379699707031
0.0407562255859375 -0.0308647155761719 -0.0311374664306641 0.0270748138427734
0.0503768920898438 0.00178909301757812 -0.0308666229248047 -0.00121879577636718
0.0287551879882813 0.0518608093261719 -0.0124912261962891 -0.0162601470947266
-0.0058441162109375 0.0599517822265625 0.00924873352050781 0.0113363265991211
-0.0430717468261719 0.0492439270019531 -0.033935546875 0.048492431640625
-0.03253173828125 0.0015411376953125 -0.0235977172851562 0.0824813842773438
-0.0290565490722656 0.0191860198974609 -0.02227783203125 0.0749588012695313
-0.00949859619140625 0.0357704162597656 -0.010528564453125 0.051025390625
0.0176639556884766 0.0245361328125 -0.000679016113281249 0.042694091796875
0.0258083343505859 0.00488090515136719 0.00179290771484375 0.0314655303955078
0.0186920166015625 -0.0186195373535156 0.00259208679199219 0.0297203063964844
0.00688552856445313 -0.0260505676269531 0.0058135986328125 0.0392951965332031
0.00627708435058594 -0.0264053344726563 0.00394439697265625 0.0463409423828125
0.0036163330078125 -0.0314464569091797 -0.00246047973632812 0.0543785095214844
0.0110244750976563 -0.0294036865234375 -0.0238075256347656 0.0507087707519531
0.0293502807617188 -0.0192432403564453 -0.0352096557617187 0.0331687927246094
0.0345020294189453 0.00462150573730469 -0.0364952087402344 0.00298309326171874
0.0131034851074219 0.0388641357421875 -0.0167055130004883 -0.0140132904052734
-0.0164108276367187 0.0374412536621094 0.00365447998046875 0.0192279815673828
-0.0384292602539063 0.0179367065429687 -0.0483016967773438 0.0581398010253906
0.0202808380126953 0.0182876586914063 0.0511665344238281 -0.0643310546875
0.0163059234619141 -0.0107488632202148 0.00253105163574219 -0.0250225067138672
-0.00195026397705078 -0.0157127380371094 0.0175952911376953 0.0189189910888672
-0.011810302734375 -0.00569629669189453 0.0469131469726563 0.0027008056640625
-0.0101032257080078 0.0042428970336914 0.0446968078613281 -0.0310096740722656
-0.00502395629882813 0.0110206604003906 0.0237007141113281 -0.0564002990722656
-0.00420045852661133 0.00688552856445313 -0.00287246704101562 -0.0624427795410156
-0.00315332412719727 0.00487375259399414 -0.00766754150390625 -0.0503463745117187
-0.00473356246948242 0.00428152084350586 -0.00817108154296875 -0.043212890625
-0.00617837905883789 -0.000845909118652343 -0.00185394287109375 -0.0381965637207031
-0.00253057479858398 -0.0084834098815918 -0.00108146667480468 -0.0351066589355469
0.00998687744140625 -0.0120115280151367 0.00484466552734375 -0.0423545837402344
0.0217075347900391 -2.86102294921875E-05 0.0163002014160156 -0.050201416015625
0.0247344970703125 0.0182151794433594 0.0211944580078125 -0.0718841552734375
0.0168399810791016 0.0321788787841797 0.033447265625 -0.0841140747070312
0.00225067138671875 0.0508956909179688 0.0580825805664063 -0.0546226501464844
0.0153446197509766 0.0196495056152344 0.00787734985351563 -0.0202293395996094
0.0156354904174805 0.00966262817382813 0.0192794799804688 0.024932861328125
0.012782096862793 -0.000476837158203125 0.0513114929199219 0.00676727294921875
0.0110130310058594 -0.00507640838623047 0.0497817993164063 -0.0281333923339844
0.0034322738647461 -0.0106983184814453 0.0261955261230469 -0.0567588806152344
-0.00377464294433594 -0.0164642333984375 -0.00246047973632813 -0.06121826171875
-0.00058269500732422 -0.0175132751464844 -0.00833892822265625 -0.0453071594238281
-0.0027008056640625 -0.0200576782226563 -0.00915145874023438 -0.039825439453125
0.00495147705078125 -0.0207004547119141 -0.00668907165527344 -0.0345382690429688
0.0195446014404297 -0.0179843902587891 -0.00568771362304687 -0.0314140319824219
0.0342350006103516 -0.0033416748046875 0.00130844116210938 -0.0406074523925781
0.0322837829589844 0.0293312072753906 0.0113716125488281 -0.0466117858886719
0.0213432312011719 0.0494384765625 0.0171661376953125 -0.064727783203125
-0.00245285034179687 0.0626564025878906 0.0296401977539063 -0.0722732543945313
-0.0177001953125 0.0755691528320313 0.0578880310058594 -0.0351028442382812
0.00819396972656251 0.0500679016113281 0.0100917816162109 -0.00734329223632812
0.0298004150390625 0.0387687683105469 0.0192337036132813 0.0343704223632813
0.0375022888183594 0.00919342041015625 0.052215576171875 0.0149574279785156
0.0340976715087891 -0.0110931396484375 0.0528831481933594 -0.0193710327148437
0.0149116516113281 -0.0295753479003906 0.0273666381835938 -0.0505561828613281
-0.00151443481445312 -0.0381736755371094 -0.000919342041015624 -0.0517997741699219
0.00262832641601562 -0.0370712280273438 -0.0082244873046875 -0.0339488983154297
-0.00113296508789062 -0.0416755676269531 -0.0103511810302734 -0.0283145904541016
0.0124282836914063 -0.0387725830078125 -0.0126838684082031 -0.0238189697265625
0.0365333557128906 -0.0286827087402344 -0.0126914978027344 -0.0223159790039063
0.0536079406738281 -0.00215530395507813 -0.00598144531249999 -0.0352058410644531
0.0442390441894531 0.0486412048339844 0.00470733642578125 -0.0419692993164063
0.0213851928710937 0.0715179443359375 0.0132484436035156 -0.0521011352539063
-0.0173721313476563 0.0842361450195313 0.0195732116699219 -0.0501785278320312
-0.0375595092773437 0.0881805419921875 0.0487289428710938 -0.00762176513671875
-0.0037994384765625 0.0733261108398437 0.00801372528076172 0.0119867324829102
0.0368118286132813 0.0669975280761719 0.0155105590820313 0.0448799133300781
0.0578193664550781 0.0221443176269531 0.0477981567382813 0.0257034301757813
0.0538291931152344 -0.0128631591796875 0.0498619079589844 -0.0066070556640625
0.0255012512207031 -0.0436439514160156 0.0265235900878906 -0.0375137329101563
0.00153732299804687 -0.0535888671875 0.000736236572265625 -0.0360565185546875
0.00541305541992188 -0.050933837890625 -0.00705814361572265 -0.0172863006591797
-0.00136566162109376 -0.0566329956054688 -0.0105218887329102 -0.0118341445922852
0.0155143737792969 -0.0518035888671875 -0.0170278549194336 -0.00846576690673828
0.0459136962890625 -0.0382614135742188 -0.0190315246582031 -0.00963401794433594
0.0647506713867188 -0.0044708251953125 -0.0137386322021484 -0.0270290374755859
0.0525398254394531 0.057769775390625 -0.00203704833984375 -0.0356025695800781
0.0215682983398438 0.0830307006835938 0.0113372802734375 -0.03619384765625
-0.02783203125 0.0935745239257813 0.007904052734375 -0.0238876342773437
-0.0515518188476563 0.0856475830078125 0.0311031341552734 0.02276611328125
-0.0178756713867188 0.0829925537109375 0.000793457031250001 0.0338306427001953
0.0325164794921875 0.0850982666015625 0.00759124755859375 0.0540847778320313
0.06610107421875 0.0342216491699219 0.0372276306152344 0.0356826782226563
0.0653038024902344 -0.00992584228515625 0.0405158996582031 0.00762176513671875
0.0331878662109375 -0.0496292114257813 0.0217208862304688 -0.0196533203125
0.00461578369140626 -0.0605926513671875 0.00197696685791016 -0.015568733215332
0.00682830810546876 -0.0569305419921875 -0.0044093132019043 0.00215005874633789
-0.000904083251953121 -0.0630683898925781 -0.00814390182495117 0.00768232345581054
0.0157890319824219 -0.057769775390625 -0.0194282531738281 0.00942611694335937
0.0490531921386719 -0.0429000854492188 -0.0233383178710938 0.00455284118652344
0.0671882629394531 -0.00558853149414063 -0.0201320648193359 -0.0172328948974609
0.0524978637695313 0.0601768493652344 -0.00615882873535156 -0.0279293060302734
0.0169601440429687 0.0839157104492188 0.0112476348876953 -0.0184478759765625
-0.0360488891601563 0.090301513671875 -0.00535917282104492 0.00372934341430665
-0.0544395446777344 0.068115234375 0.010711669921875 0.0512428283691406
-0.0292129516601563 0.075042724609375 -0.00807571411132813 0.0540046691894531
0.0198440551757813 0.0855484008789062 -0.00102996826171874 0.0574951171875
0.0594749450683594 0.0401687622070312 0.0228271484375 0.0424423217773438
0.064056396484375 -0.0044097900390625 0.0264148712158203 0.0200347900390625
0.0348281860351563 -0.0465469360351563 0.0148019790649414 -0.000267982482910159
0.00640106201171875 -0.0575752258300781 0.00366592407226563 0.00646352767944336
0.00746536254882812 -0.0546188354492187 -0.001708984375 0.0210018157958984
-0.000572204589843753 -0.0614662170410156 -0.00578498840332031 0.0260448455810547
0.0150184631347656 -0.0549163818359375 -0.0209617614746094 0.0262832641601562
0.0464706420898438 -0.0399627685546875 -0.0269718170166016 0.0172710418701172
0.0619354248046875 -0.00353240966796875 -0.0251636505126953 -0.00798416137695312
0.0441055297851563 0.058013916015625 -0.00966835021972656 -0.0210342407226562
0.0069580078125 0.0759506225585938 0.0110263824462891 -0.00262737274169921
-0.0406036376953125 0.0751724243164062 -0.0187816619873047 0.0291347503662109
-0.0475311279296875 0.038360595703125 -0.009765625 0.0720596313476563
-0.0322532653808594 0.0517730712890625 -0.0170516967773438 0.068328857421875
0.00507736206054688 0.0672950744628906 -0.00725173950195313 0.0559654235839844
0.0421409606933594 0.0361747741699219 0.00835418701171875 0.0438995361328125
0.04962158203125 0.000537872314453125 0.0123023986816406 0.0279026031494141
0.0290679931640625 -0.0354080200195313 0.00735950469970703 0.0173234939575195
0.00689697265625 -0.0449485778808594 0.00490951538085938 0.0259799957275391
0.0066680908203125 -0.0437240600585938 0.00212860107421875 0.0365676879882813
0.00124359130859375 -0.0494575500488281 -0.00256729125976562 0.0422019958496094
0.0135421752929688 -0.0449752807617188 -0.0212173461914062 0.0408668518066406
0.039886474609375 -0.031494140625 -0.0305709838867187 0.0272598266601562
0.0506629943847656 0.00084686279296875 -0.0306034088134766 -0.00103378295898438
0.0297279357910156 0.0511932373046875 -0.0128107070922852 -0.016383171081543
-0.00505828857421876 0.0601539611816406 0.00912189483642578 0.0109272003173828
-0.0419082641601562 0.050018310546875 -0.0330314636230469 0.0484695434570313
-0.0322399139404297 0.00231742858886719 -0.022125244140625 0.0827713012695313
-0.0288257598876953 0.0199508666992188 -0.0213699340820313 0.0747833251953125
-0.00867462158203125 0.0362586975097656 -0.0100250244140625 0.0510940551757813
0.0183086395263672 0.0237159729003906 -0.000389099121093746 0.0427932739257813
0.0259895324707031 0.004058837890625 0.0024871826171875 0.0317764282226563
0.0178508758544922 -0.0184841156005859 0.00305938720703125 0.0295772552490234
0.00591468811035156 -0.0260658264160156 0.00652694702148437 0.0393638610839844
0.0055389404296875 -0.0264091491699219 0.00503158569335937 0.0464591979980469
0.00265121459960937 -0.0315303802490234 -0.00121688842773437 0.0541801452636719
0.0104141235351562 -0.0294609069824219 -0.0233383178710938 0.0512466430664062
0.0292530059814453 -0.0200138092041016 -0.0344619750976563 0.0332050323486328
0.0341930389404297 0.00361442565917969 -0.0362968444824219 0.00339126586914063
0.013641357421875 0.0388374328613281 -0.0167236328125 -0.0141324996948242
-0.0157585144042969 0.0371170043945312 0.00404739379882813 0.0182723999023438
-0.0379638671875 0.0186729431152344 -0.0466995239257813 0.0584678649902344
0.0205535888671875 0.0183086395263672 0.0512466430664063 -0.0658798217773438
0.0163125991821289 -0.0111207962036133 0.00190544128417969 -0.0248661041259766
-0.00244331359863281 -0.0160942077636719 0.0179367065429688 0.0194187164306641
-0.0122346878051758 -0.00537586212158203 0.0477561950683594 0.002532958984375
-0.0107030868530273 0.00431537628173828 0.045562744140625 -0.0311851501464844
-0.00462722778320313 0.0112161636352539 0.0242805480957031 -0.0577888488769531
-0.00365495681762695 0.00734710693359375 -0.00324630737304687 -0.0636177062988281
-0.00296831130981445 0.0049891471862793 -0.00802993774414062 -0.0516166687011719
-0.00429725646972656 0.00439548492431641 -0.00811767578125 -0.0447044372558594
-0.00568675994873047 -0.000351428985595703 -0.00207901000976563 -0.0390853881835938
-0.00234889984130859 -0.00827741622924805 -0.001373291015625 -0.0360527038574219
0.00959300994873047 -0.0118770599365234 0.00482559204101562 -0.0438346862792969
0.0220298767089844 0.000152587890625 0.0166702270507813 -0.0510749816894531
0.0254459381103516 0.0185832977294922 0.0217056274414063 -0.0733795166015625
0.0169830322265625 0.0324573516845703 0.0334701538085938 -0.0865707397460938
0.00284194946289063 0.0519638061523438 0.0585174560546875 -0.0559730529785156
0.0155391693115234 0.0203323364257813 0.00731658935546875 -0.0202083587646484
0.016387939453125 0.00930023193359375 0.0199604034423828 0.0258045196533203
0.0125579833984375 -0.000440597534179688 0.0522956848144531 0.00726318359375
0.0108585357666016 -0.00549888610839844 0.0510673522949219 -0.0283470153808594
0.00328159332275391 -0.0104341506958008 0.0264434814453125 -0.0579452514648438
-0.00404262542724609 -0.0166349411010742 -0.00296020507812501 -0.0620079040527344
-0.000513076782226563 -0.0177230834960937 -0.00846099853515625 -0.0463409423828125
-0.002899169921875 -0.0204524993896484 -0.00992584228515625 -0.0403556823730469
0.00556182861328125 -0.020965576171875 -0.00678634643554687 -0.0351753234863281
0.0198326110839844 -0.0179252624511719 -0.00581550598144531 -0.0321388244628906
0.0349216461181641 -0.00372695922851563 0.00102615356445312 -0.042144775390625
0.0330772399902344 0.0297203063964844 0.0117645263671875 -0.0480079650878906
0.021881103515625 0.0501861572265625 0.0171279907226563 -0.0664901733398438
-0.00220108032226562 0.0642433166503906 0.0297317504882813 -0.0745697021484375
-0.0177154541015625 0.078094482421875 0.058502197265625 -0.036376953125
0.00799179077148437 0.0510749816894531 0.00888824462890625 -0.00727081298828125
0.0311622619628906 0.0397872924804688 0.0195465087890625 0.0358810424804688
0.0386924743652344 0.00917816162109375 0.0533790588378906 0.0158462524414062
0.0345230102539063 -0.0121421813964844 0.0536956787109375 -0.020111083984375
0.01416015625 -0.0303058624267578 0.0279617309570313 -0.0512161254882813
-0.00202178955078125 -0.0383987426757813 -0.0014190673828125 -0.0527076721191406
0.00262451171875 -0.0377922058105469 -0.00828170776367188 -0.0345821380615234
-0.00190353393554688 -0.0422782897949219 -0.0108909606933594 -0.028778076171875
0.0124320983886719 -0.0389328002929688 -0.0130119323730469 -0.0244274139404297
0.0365333557128906 -0.0292129516601563 -0.0131473541259766 -0.0231285095214844
0.0548362731933594 -0.00266265869140625 -0.00660705566406249 -0.0368804931640625
0.0453948974609375 0.0493049621582031 0.00458526611328125 -0.0429725646972656
0.0219802856445313 0.07257080078125 0.0134468078613281 -0.0533599853515625
-0.0173492431640625 0.0862503051757813 0.0196762084960938 -0.0522117614746094
-0.0376358032226563 0.0908889770507813 0.0489692687988281 -0.00831222534179687
-0.00414276123046875 0.0749740600585938 0.00682926177978516 0.0118312835693359
0.0382041931152344 0.06829833984375 0.0157737731933594 0.0469970703125
0.0590744018554687 0.0218963623046875 0.0489959716796875 0.0270729064941406
0.0550003051757813 -0.0141029357910156 0.0511627197265625 -0.00677871704101563
0.0254631042480469 -0.0444412231445313 0.0266036987304688 -0.0379638671875
0.000331878662109379 -0.0540046691894531 0.000381469726562502 -0.0363311767578125
0.0047607421875 -0.0524024963378906 -0.00683307647705078 -0.0171442031860352
-0.0021209716796875 -0.0577049255371094 -0.0102376937866211 -0.0116949081420898
0.0151824951171875 -0.0526504516601562 -0.0174751281738281 -0.00824928283691406
0.0458946228027344 -0.0395851135253906 -0.0194358825683594 -0.00991058349609376
0.0662574768066406 -0.00516128540039063 -0.0142478942871094 -0.0282402038574219
0.0541725158691406 0.0588455200195313 -0.00193405151367188 -0.0365753173828125
0.02197265625 0.08441162109375 0.0114784240722656 -0.0370597839355469
-0.0282440185546875 0.0964202880859375 0.00768661499023437 -0.0253353118896484
-0.05194091796875 0.0878524780273438 0.0307979583740234 0.0227642059326172
-0.0186843872070312 0.0851593017578125 -0.000177383422851561 0.0346336364746094
0.0342636108398438 0.086761474609375 0.00858306884765626 0.0557212829589844
0.0674362182617188 0.0345916748046875 0.0379753112792969 0.0371971130371094
0.0667533874511719 -0.0109367370605469 0.0417938232421875 0.00747299194335937
0.0330886840820313 -0.0507926940917969 0.0218772888183594 -0.0196075439453125
0.00345230102539063 -0.0610160827636719 0.00246620178222656 -0.0157070159912109
0.00628280639648437 -0.0586395263671875 -0.0040435791015625 0.00235939025878906
-0.00225067138671875 -0.0642051696777344 -0.00847625732421875 0.00767183303833007
0.0155982971191406 -0.0582427978515625 -0.0199699401855469 0.0100650787353516
0.0483512878417969 -0.0441093444824219 -0.0239200592041016 0.00451850891113282
0.0687789916992188 -0.00609970092773438 -0.0207862854003906 -0.0179824829101563
0.0541229248046875 0.0610198974609375 -0.00649642944335937 -0.0288925170898438
0.0170135498046875 0.085174560546875 0.0116558074951172 -0.0191783905029297
-0.0362167358398438 0.092803955078125 -0.00538253784179688 0.00355958938598633
-0.0556259155273437 0.0700721740722656 0.0106430053710938 0.0517921447753906
-0.0299911499023438 0.0764923095703125 -0.00914764404296875 0.0544166564941406
0.0214385986328125 0.087371826171875 -0.000663757324218744 0.0591392517089844
0.0614700317382813 0.0407905578613281 0.0225639343261719 0.0434341430664063
0.0655021667480469 -0.0052490234375 0.0272064208984375 0.0207099914550781
0.0345611572265625 -0.0471115112304688 0.0146522521972656 0.000247955322265622
0.00523757934570312 -0.0583839416503906 0.00368547439575195 0.00654840469360351
0.006988525390625 -0.0558586120605469 -0.00103187561035156 0.0216007232666016
-0.00160980224609375 -0.0619430541992188 -0.00601959228515625 0.0269317626953125
0.0141181945800781 -0.0556259155273437 -0.0211563110351562 0.0269603729248047
0.0462799072265625 -0.0410423278808594 -0.0272541046142578 0.0173778533935547
0.0633888244628906 -0.00393295288085938 -0.0258235931396484 -0.00847053527832032
0.0454826354980469 0.0591049194335937 -0.0102081298828125 -0.0219306945800781
0.00751495361328124 0.07720947265625 0.011296272277832 -0.00324821472167968
-0.0410537719726562 0.0771560668945313 -0.0194358825683594 0.0290966033935547
-0.0480766296386719 0.0396804809570312 -0.0101318359375 0.0736541748046875
-0.0326423645019531 0.0533409118652344 -0.0181655883789062 0.0693168640136719
0.0055999755859375 0.0688972473144531 -0.00719833374023438 0.0570793151855469
0.0428314208984375 0.0365676879882813 0.00902175903320313 0.0448570251464844
0.0504379272460937 -9.1552734375E-05 0.0127677917480469 0.0286674499511719
0.0289878845214844 -0.0362396240234375 0.0072174072265625 0.0179481506347656
0.00617218017578125 -0.0452995300292969 0.00517654418945312 0.0265712738037109
0.00643920898437501 -0.0449562072753906 0.003021240234375 0.037567138671875
-0.000198364257812504 -0.0502891540527344 -0.00296783447265625 0.0438232421875
0.0128517150878906 -0.0453300476074219 -0.022125244140625 0.0421524047851563
0.0399818420410156 -0.0328598022460938 -0.0308971405029297 0.0272483825683594
0.0512771606445313 0.000644683837890625 -0.0314846038818359 -0.0010986328125
0.0307121276855469 0.0518760681152344 -0.0130853652954102 -0.0172405242919922
-0.00516128540039062 0.0609855651855469 0.00960922241210938 0.010467529296875
-0.0423202514648438 0.051055908203125 -0.0331916809082031 0.0494918823242187
-0.0329189300537109 0.00204277038574219 -0.0226974487304687 0.0849227905273438
-0.0293426513671875 0.0203189849853516 -0.0218124389648437 0.0761947631835938
-0.00814056396484375 0.0368995666503906 -0.0104827880859375 0.0516586303710938
0.0187435150146484 0.0238208770751953 -0.000461578369140627 0.043670654296875
0.0268688201904297 0.00375175476074219 0.00255966186523437 0.0328102111816406
0.0180931091308594 -0.0190944671630859 0.00297355651855469 0.0303611755371094
0.00493621826171875 -0.0265331268310547 0.00710296630859375 0.040283203125
0.00489616394042969 -0.0267963409423828 0.0057830810546875 0.04803466796875
0.002044677734375 -0.0320568084716797 -0.0011444091796875 0.055755615234375
0.00970840454101563 -0.0300102233886719 -0.0234298706054687 0.052581787109375
0.0292243957519531 -0.0203113555908203 -0.0351238250732422 0.0338687896728516
0.0348453521728516 0.00370597839355469 -0.03704833984375 0.0031890869140625
0.0138320922851563 0.0392265319824219 -0.0176887512207031 -0.0149574279785156
-0.0161628723144531 0.0381507873535156 0.00427436828613281 0.0180778503417969
-0.0384521484375 0.0185775756835938 -0.0471763610839844 0.0594940185546875
0.0219993591308594 0.0184688568115234 0.05157470703125 -0.0690345764160156
0.0166206359863281 -0.011688232421875 0.0010986328125 -0.0252876281738281
-0.00254917144775391 -0.0165491104125977 0.0190448760986328 0.0202541351318359
-0.0130681991577148 -0.00535964965820312 0.0503807067871094 0.00249862670898437
-0.0113286972045898 0.00467872619628906 0.0471649169921875 -0.0326995849609375
-0.00483608245849609 0.0115537643432617 0.0245132446289063 -0.060028076171875
-0.00326108932495117 0.00813055038452148 -0.00448989868164062 -0.0662345886230469
-0.00311422348022461 0.00530195236206055 -0.00928878784179687 -0.0540809631347656
-0.00438117980957031 0.00441265106201172 -0.0093231201171875 -0.0470466613769531
-0.00564670562744141 -0.000471115112304687 -0.0034942626953125 -0.0413551330566406
-0.00256538391113281 -0.00817489624023438 -0.00151824951171875 -0.03857421875
0.0100126266479492 -0.0128803253173828 0.00448226928710937 -0.04620361328125
0.0226707458496094 -0.000322341918945313 0.017303466796875 -0.0533332824707031
0.0264873504638672 0.018890380859375 0.0215606689453125 -0.076904296875
0.0182533264160156 0.0338325500488281 0.0337677001953125 -0.09112548828125
0.00400924682617188 0.0547714233398438 0.0592079162597656 -0.0591773986816406
0.0166206359863281 0.0213298797607422 0.00638580322265625 -0.0209789276123047
0.0173273086547852 0.00989913940429688 0.0213909149169922 0.0270729064941406
0.0128211975097656 -0.00066375732421875 0.0548210144042969 0.00728225708007813
0.0106992721557617 -0.00612831115722656 0.0535545349121094 -0.0300941467285156
0.00295734405517578 -0.0106487274169922 0.0267715454101563 -0.060089111328125
-0.00435829162597656 -0.0169010162353516 -0.00405502319335937 -0.0643577575683594
-0.0012969970703125 -0.0183467864990234 -0.009521484375 -0.0489883422851563
-0.00342559814453125 -0.0213184356689453 -0.0111808776855469 -0.0424423217773438
0.00513839721679688 -0.0216999053955078 -0.00765228271484375 -0.0369758605957031
0.0200557708740234 -0.0186214447021484 -0.00669097900390625 -0.0340652465820313
0.03662109375 -0.00481033325195313 0.000301361083984374 -0.0445899963378906
0.0346260070800781 0.030609130859375 0.0115509033203125 -0.049835205078125
0.023193359375 0.0518341064453125 0.0168533325195312 -0.0690345764160156
-0.00157546997070313 0.0674591064453125 0.0295333862304688 -0.0785064697265625
-0.017425537109375 0.0814285278320312 0.0594062805175781 -0.0391006469726563
0.00916671752929688 0.0537223815917969 0.00854682922363281 -0.00770092010498047
0.0335273742675781 0.0412445068359375 0.0213470458984375 0.0379753112792969
0.0400619506835937 0.0087432861328125 0.0560951232910156 0.0160903930664063
0.03564453125 -0.01361083984375 0.0560798645019531 -0.021026611328125
0.0141258239746094 -0.0315132141113281 0.0284957885742187 -0.053436279296875
-0.00339508056640625 -0.0394706726074219 -0.00244140625 -0.0545768737792969
0.00157546997070312 -0.0397071838378906 -0.0088653564453125 -0.0355911254882813
-0.00299835205078125 -0.0438995361328125 -0.0119247436523437 -0.0302524566650391
0.0121002197265625 -0.0405197143554688 -0.0138225555419922 -0.0252552032470703
0.0378875732421875 -0.0310707092285156 -0.0143566131591797 -0.0239181518554688
0.0572280883789063 -0.00350189208984375 -0.00760650634765625 -0.0390052795410156
0.0481910705566406 0.0503044128417969 0.00393295288085937 -0.0449295043945312
0.0238265991210938 0.07525634765625 0.0128974914550781 -0.0558891296386719
-0.0168533325195313 0.0908584594726562 0.0198020935058594 -0.0553131103515625
-0.0376052856445313 0.095489501953125 0.0501022338867188 -0.00975799560546874
-0.00373840332031251 0.0787353515625 0.00596904754638672 0.0122785568237305
0.0414199829101562 0.0710601806640625 0.0173530578613281 0.0494384765625
0.0617752075195313 0.0218276977539063 0.0509567260742188 0.0276641845703125
0.0571632385253906 -0.0159759521484375 0.0534324645996094 -0.007720947265625
0.0250320434570313 -0.0464630126953125 0.0273666381835938 -0.0393333435058594
-0.000713348388671874 -0.05548095703125 -8.01086425781223E-05 -0.0376472473144531
0.00413894653320313 -0.0546340942382813 -0.00661659240722656 -0.0178241729736328
-0.00352478027343751 -0.0598678588867188 -0.0114259719848633 -0.0121784210205078
0.0147132873535156 -0.0546836853027344 -0.0184535980224609 -0.00843429565429688
0.0469932556152344 -0.0417938232421875 -0.0204353332519531 -0.0102653503417969
0.0688934326171875 -0.00632858276367187 -0.0154094696044922 -0.0300045013427734
0.0575141906738281 0.0601425170898438 -0.00294113159179687 -0.0383110046386719
0.0241012573242187 0.0871658325195312 0.0112686157226563 -0.0393753051757812
-0.0276947021484375 0.101364135742188 0.00716018676757812 -0.0273227691650391
-0.0525360107421875 0.092498779296875 0.0320205688476563 0.0233840942382813
-0.01849365234375 0.08941650390625 -0.00101089477539063 0.0355949401855469
0.037933349609375 0.0901412963867188 0.00972366333007812 0.0587310791015625
0.0709991455078125 0.0348739624023438 0.0401229858398438 0.0386085510253906
0.0700225830078125 -0.0130233764648438 0.0433273315429688 0.00804519653320313
0.0331192016601563 -0.0530052185058594 0.0221405029296875 -0.0196704864501953
0.00162506103515624 -0.063140869140625 0.00207996368408203 -0.0157089233398438
0.00550460815429688 -0.0617523193359375 -0.00371265411376953 0.00266289710998535
-0.00400924682617187 -0.0669212341308594 -0.00874996185302734 0.008575439453125
0.0146026611328125 -0.0600433349609375 -0.0206680297851563 0.0108718872070312
0.04962158203125 -0.0467681884765625 -0.0247001647949219 0.00490951538085938
0.0711746215820313 -0.00753021240234375 -0.0221996307373047 -0.0192031860351563
0.0572738647460938 0.0628204345703125 -0.00740432739257812 -0.0303077697753906
0.0194320678710937 0.088531494140625 0.0117092132568359 -0.0207118988037109
-0.0366287231445313 0.0976104736328125 -0.00613069534301758 0.00279426574707032
-0.056671142578125 0.0740890502929687 0.0108680725097656 0.0539894104003906
-0.0305099487304688 0.0806350708007813 -0.00973129272460937 0.0565567016601563
0.0240707397460937 0.090911865234375 5.34057617187576E-05 0.0618667602539063
0.0642929077148438 0.0411796569824219 0.0240974426269531 0.0453262329101562
0.0679893493652344 -0.00654220581054688 0.0285854339599609 0.0213718414306641
0.0351638793945313 -0.0497207641601563 0.0151424407958984 0.000499725341796872
0.00396728515625 -0.0599555969238281 0.00417184829711914 0.00696229934692382
0.00575637817382812 -0.0587005615234375 -4.00543212890618E-05 0.0227260589599609
-0.00331115722656251 -0.0640525817871094 -0.00577354431152344 0.0283756256103516
0.013458251953125 -0.057403564453125 -0.0216770172119141 0.0291328430175781
0.0472640991210938 -0.0441093444824219 -0.0280628204345703 0.0179958343505859
0.0654716491699219 -0.00504684448242188 -0.0273227691650391 -0.00907707214355468
0.0482444763183594 0.060791015625 -0.0112743377685547 -0.0229167938232422
0.00830841064453126 0.07989501953125 0.0119915008544922 -0.00409126281738281
-0.0417404174804688 0.081451416015625 -0.0196208953857422 0.0304317474365234
-0.0492744445800781 0.04241943359375 -0.0100173950195313 0.0773544311523437
-0.0337448120117188 0.0560569763183594 -0.0182876586914063 0.0720367431640625
0.00799560546875001 0.0716705322265625 -0.00690078735351563 0.0599479675292969
0.0454635620117188 0.03692626953125 0.00980377197265626 0.0468597412109375
0.0524368286132813 -0.00141525268554688 0.0134868621826172 0.0303611755371094
0.0294609069824219 -0.037567138671875 0.00745010375976563 0.0189247131347656
0.00464630126953125 -0.0469970703125 0.00620460510253907 0.0275897979736328
0.00534439086914063 -0.0466499328613281 0.00416946411132813 0.0393295288085938
-0.00100326538085938 -0.0520553588867188 -0.00208663940429688 0.0460319519042969
0.012054443359375 -0.0468482971191406 -0.0222282409667969 0.044525146484375
0.0409011840820313 -0.0348472595214844 -0.0317478179931641 0.0291690826416016
0.0538253784179688 -0.0004425048828125 -0.0325393676757813 -0.00124168395996093
0.0327949523925781 0.0537185668945312 -0.0143089294433594 -0.0181484222412109
-0.00457382202148437 0.0631065368652344 0.0100679397583008 0.00982952117919922
-0.043487548828125 0.0540695190429687 -0.0339889526367188 0.0512657165527344
-0.0340480804443359 0.00272750854492188 -0.022369384765625 0.0889968872070313
-0.0296745300292969 0.0217247009277344 -0.0221939086914063 0.079193115234375
-0.007537841796875 0.0385627746582031 -0.00974655151367188 0.0537948608398437
0.02001953125 0.0243129730224609 0.000183105468750003 0.0459823608398438
0.0279769897460938 0.00348281860351563 0.00331687927246094 0.0344219207763672
0.0181789398193359 -0.0199356079101562 0.00329780578613282 0.0316390991210938
0.00442695617675781 -0.0270881652832031 0.0084075927734375 0.0418052673339844
0.00453567504882813 -0.0283851623535156 0.0074005126953125 0.0496711730957031
0.001617431640625 -0.03350830078125 -8.01086425781244E-05 0.0583610534667969
0.00969505310058593 -0.0309696197509766 -0.0239334106445313 0.0552825927734375
0.029693603515625 -0.0220298767089844 -0.0361900329589844 0.03515625
0.0364799499511719 0.00326156616210938 -0.0385818481445313 0.00374984741210938
0.0155982971191406 0.0409965515136719 -0.0182666778564453 -0.0162239074707031
-0.0167083740234375 0.039764404296875 0.00482559204101563 0.0182361602783203
-0.0391960144042969 0.0200576782226562 -0.0482978820800781 0.0619316101074219
0.0238132476806641 0.0186424255371094 0.0505447387695313 -0.074310302734375
0.0170822143554688 -0.0123119354248047 -0.000705718994140624 -0.0259933471679688
-0.00288200378417969 -0.0171127319335938 0.0213565826416016 0.0210800170898438
-0.0140886306762695 -0.00523567199707031 0.0527305603027344 0.0006256103515625
-0.0119428634643555 0.00529289245605469 0.0484542846679688 -0.0363998413085938
-0.00456333160400391 0.0126028060913086 0.0236701965332031 -0.0636672973632813
-0.00273942947387695 0.00831365585327148 -0.00801467895507812 -0.0690650939941406
-0.00276851654052734 0.00541019439697266 -0.0122871398925781 -0.0563621520996094
-0.00437259674072266 0.00481224060058594 -0.0125083923339844 -0.0493545532226563
-0.00538825988769531 -0.000421047210693359 -0.0048980712890625 -0.0433769226074219
-0.00311899185180664 -0.0083622932434082 -0.00365829467773438 -0.04083251953125
0.010106086730957 -0.0137872695922852 0.0023193359375 -0.0491600036621094
0.0235748291015625 -0.000886917114257813 0.0162773132324219 -0.0562171936035156
0.0285301208496094 0.0190925598144531 0.0192718505859375 -0.0811843872070312
0.0204029083251953 0.0344905853271484 0.031280517578125 -0.0977859497070312
0.00686264038085938 0.0571556091308594 0.0590858459472656 -0.0646209716796875
0.0180130004882813 0.0217742919921875 0.00487136840820313 -0.021514892578125
0.0191078186035156 0.00931739807128906 0.0239009857177734 0.0282840728759766
0.013585090637207 -0.00149917602539062 0.0574264526367187 0.00542068481445312
0.0109443664550781 -0.00729084014892578 0.0546188354492187 -0.0331802368164062
0.00258636474609375 -0.0108976364135742 0.0258026123046875 -0.0637893676757813
-0.00512981414794922 -0.0169639587402344 -0.0070953369140625 -0.0671119689941406
-0.00199508666992187 -0.0194187164306641 -0.0124397277832031 -0.0512123107910156
-0.00445938110351562 -0.0218601226806641 -0.0136032104492188 -0.0449333190917969
0.00479888916015625 -0.0226001739501953 -0.00998306274414062 -0.0383377075195313
0.0207443237304688 -0.0207614898681641 -0.00856399536132813 -0.0355148315429688
0.0379066467285156 -0.00657272338867188 -0.001220703125 -0.0471687316894531
0.0380401611328125 0.0303001403808594 0.0102462768554688 -0.0526466369628906
0.0268325805664062 0.0537300109863281 0.015045166015625 -0.0732650756835938
0.000961303710937499 0.0712356567382813 0.0274429321289063 -0.0846481323242188
-0.0145263671875 0.0863113403320313 0.0599136352539062 -0.0431861877441406
0.0113449096679688 0.0564460754394531 0.00759363174438477 -0.00807476043701172
0.0377082824707031 0.0420417785644531 0.0245094299316406 0.0396499633789063
0.0425338745117188 0.00771331787109375 0.0595054626464844 0.0150794982910156
0.0363883972167969 -0.0160255432128906 0.0583229064941406 -0.0241622924804688
0.0131378173828125 -0.0331687927246094 0.0273399353027344 -0.0569038391113281
-0.00535964965820312 -0.0404434204101563 -0.00490188598632812 -0.0569839477539063
2.56745777916252E-18 -0.04193115234375 -0.0104179382324219 -0.0371513366699219
-0.00539398193359375 -0.0455894470214844 -0.0141468048095703 -0.0311336517333984
0.0109367370605469 -0.0427207946777344 -0.0156936645507812 -0.0259780883789063
0.0378532409667969 -0.0340499877929688 -0.0158729553222656 -0.0250186920166016
0.0598564147949219 -0.0062713623046875 -0.00979232788085937 -0.0412101745605469
0.0527725219726563 0.0510749816894531 0.00224685668945313 -0.0474128723144531
0.0278167724609375 0.0779495239257813 0.01080322265625 -0.0595626831054688
-0.014129638671875 0.0964431762695312 0.0180549621582031 -0.0597114562988281
-0.0355987548828125 0.102264404296875 0.0509605407714844 -0.0124053955078125
-0.0009918212890625 0.08343505859375 0.00576686859130859 0.0127410888671875
0.0476837158203125 0.0726470947265625 0.0205764770507813 0.0514793395996094
0.0656509399414063 0.0200157165527344 0.0546951293945313 0.0275611877441406
0.05902099609375 -0.0200386047363281 0.0557937622070313 -0.00967788696289063
0.0240631103515625 -0.0495948791503906 0.0269508361816406 -0.0415878295898438
-0.003570556640625 -0.0572357177734375 -0.0018463134765625 -0.0394859313964844
0.00160217285156249 -0.0576171875 -0.00733184814453125 -0.0185127258300781
-0.00689697265625 -0.0621299743652344 -0.0124721527099609 -0.0120973587036133
0.0126914978027344 -0.0568733215332031 -0.0196590423583984 -0.00785827636718751
0.0470390319824219 -0.0458145141601563 -0.021728515625 -0.0105133056640625
0.0724334716796875 -0.0102157592773437 -0.0178356170654297 -0.0312366485595703
0.0629310607910156 0.0608100891113281 -0.0048675537109375 -0.0400466918945312
0.0286102294921875 0.090362548828125 0.00975418090820313 -0.0419845581054687
-0.0250778198242188 0.107986450195313 0.005828857421875 -0.0293331146240234
-0.0506439208984375 0.0997314453125 0.0335979461669922 0.0231742858886719
-0.0160903930664062 0.0947036743164063 -0.000804901123046875 0.0373344421386719
0.0445098876953125 0.0930252075195312 0.0127410888671875 0.0613327026367188
0.0760040283203125 0.0332183837890625 0.0429306030273438 0.0392608642578125
0.0726318359375 -0.0172500610351563 0.0461235046386719 0.00678634643554687
0.0319976806640625 -0.0565910339355469 0.0226497650146484 -0.0210285186767578
-0.00141525268554688 -0.0650482177734375 0.00138378143310547 -0.0165033340454102
0.0023651123046875 -0.0645790100097656 -0.00304746627807617 0.00318241119384765
-0.00744247436523437 -0.0696601867675781 -0.00903701782226563 0.00974178314208984
0.0123252868652344 -0.0632400512695313 -0.0212955474853516 0.0126094818115234
0.0493812561035156 -0.0510749816894531 -0.0255966186523437 0.00560188293457031
0.0749893188476563 -0.01116943359375 -0.0242061614990234 -0.019622802734375
0.0630340576171875 0.0635261535644531 -0.00963973999023437 -0.0314140319824219
0.0237045288085938 0.091552734375 0.0115699768066406 -0.0227336883544922
-0.0339279174804688 0.104782104492188 -0.00679492950439453 0.00320243835449219
-0.0558624267578125 0.0802688598632812 0.0131607055664062 0.0564384460449219
-0.0289077758789062 0.0864715576171875 -0.0091552734375 0.0589675903320313
0.0300750732421875 0.0941619873046875 0.00324249267578125 0.0649223327636719
0.0689048767089844 0.0402641296386719 0.027130126953125 0.046905517578125
0.0712051391601563 -0.0107192993164063 0.0315055847167969 0.0219020843505859
0.0341835021972656 -0.053009033203125 0.0157251358032227 0.000385284423828122
0.000762939453125001 -0.0622596740722656 0.00510025024414063 0.00738668441772461
0.00294876098632813 -0.0617523193359375 0.00179481506347656 0.02386474609375
-0.00697708129882812 -0.0668182373046875 -0.00467872619628906 0.0307178497314453
0.011505126953125 -0.060638427734375 -0.02130126953125 0.0315456390380859
0.0467109680175781 -0.0480728149414063 -0.0284385681152344 0.0196914672851562
0.0685195922851562 -0.00857162475585937 -0.0290546417236328 -0.00872421264648437
0.0536422729492188 0.0618438720703125 -0.0130023956298828 -0.0237541198730469
0.0120925903320312 0.083282470703125 0.0118427276611328 -0.00540733337402343
-0.040191650390625 0.08758544921875 -0.0193881988525391 0.0322837829589844
-0.0500373840332031 0.0465164184570312 -0.00743103027343751 0.0811767578125
-0.0330314636230469 0.0606613159179688 -0.0173568725585938 0.0756759643554688
0.0114669799804688 0.0744705200195313 -0.00478363037109374 0.0623626708984375
0.04925537109375 0.0362586975097656 0.0117149353027344 0.0493659973144531
0.0550613403320312 -0.00396347045898437 0.0156211853027344 0.0313911437988281
0.0285797119140625 -0.0405731201171875 0.00799560546875 0.0198154449462891
0.00228500366210938 -0.0488853454589844 0.00752639770507813 0.0291538238525391
0.00318527221679688 -0.0494041442871094 0.00682830810546875 0.0414276123046875
-0.00361251831054687 -0.0546875 0.000492095947265626 0.0489311218261719
0.0104408264160156 -0.0492477416992188 -0.0211296081542969 0.0480766296386719
0.0398635864257813 -0.0385055541992188 -0.0320587158203125 0.0312423706054687
0.0562629699707031 -0.002777099609375 -0.0347518920898438 2.67028808593797E-05
0.0371170043945313 0.0548896789550781 -0.0163955688476562 -0.0186328887939453
-0.00211715698242187 0.0666618347167969 0.0114469528198242 0.00927257537841797
-0.0428199768066406 0.0588912963867187 -0.0334548950195313 0.0549507141113281
-0.0354499816894531 0.00458145141601563 -0.0199508666992187 0.0941162109375
-0.0302543640136719 0.0237808227539062 -0.0202178955078125 0.0831680297851563
-0.00588226318359375 0.0410690307617188 -0.00902175903320313 0.0563011169433594
0.0218582153320313 0.0242805480957031 0.00169754028320312 0.0484199523925781
0.0298385620117188 0.00209236145019531 0.00492477416992187 0.0365104675292969
0.0181617736816406 -0.0213966369628906 0.00474739074707031 0.0332584381103516
0.00292015075683594 -0.0281124114990234 0.0106964111328125 0.0431556701660156
0.002960205078125 -0.0296840667724609 0.0103187561035156 0.0518836975097656
-0.000366210937500001 -0.035369873046875 0.00279617309570313 0.0617523193359375
0.00878334045410156 -0.0325698852539063 -0.0224342346191406 0.059112548828125
0.0299358367919922 -0.0246257781982422 -0.0367622375488281 0.0379753112792969
0.038360595703125 0.00185775756835937 -0.0399627685546875 0.00530624389648437
0.0181350708007813 0.042724609375 -0.0199928283691406 -0.0162868499755859
-0.0160026550292969 0.0424537658691406 0.00630569458007812 0.0179805755615234
-0.0401954650878906 0.0225105285644531 -0.0477714538574219 0.0670127868652344
0.0257987976074219 0.0178165435791016 0.0466766357421875 -0.0794906616210938
0.0166835784912109 -0.013371467590332 -0.00259780883789062 -0.0255699157714844
-0.00368881225585938 -0.0170793533325195 0.0235195159912109 0.0203571319580078
-0.0149564743041992 -0.0041666030883789 0.0543975830078125 -0.00224685668945313
-0.0122747421264648 0.00652980804443359 0.0475616455078125 -0.0400238037109375
-0.00329399108886719 0.0131750106811523 0.0206718444824219 -0.0671615600585937
-0.00172185897827148 0.00868129730224609 -0.0128860473632813 -0.0703964233398438
-0.00217723846435547 0.00563669204711914 -0.0170974731445313 -0.0577163696289063
-0.00417280197143555 0.00520038604736328 -0.0165824890136719 -0.0500297546386719
-0.00528573989868164 1.33514404296878E-05 -0.00788116455078125 -0.0451240539550781
-0.00322866439819336 -0.00833797454833984 -0.00693893432617188 -0.0422096252441406
0.00940608978271485 -0.0150537490844727 -0.000331878662109374 -0.0511474609375
0.0244197845458984 -0.00285148620605469 0.013702392578125 -0.05902099609375
0.0306568145751953 0.0177974700927734 0.0147857666015625 -0.0844650268554688
0.0232105255126953 0.0344657897949219 0.0256805419921875 -0.103256225585938
0.0107994079589844 0.0586318969726563 0.0553321838378906 -0.0699691772460938
0.0198249816894531 0.0220241546630859 0.00287437438964844 -0.0215110778808594
0.0211143493652344 0.00862693786621094 0.0273532867431641 0.0275802612304688
0.0136747360229492 -0.00215053558349609 0.0596427917480469 0.00259780883789063
0.0102834701538086 -0.00817966461181641 0.0540008544921875 -0.0373268127441406
0.0020751953125 -0.01116943359375 0.0228462219238281 -0.0670089721679688
-0.00607013702392578 -0.0168180465698242 -0.0118598937988281 -0.0686302185058594
-0.00299453735351563 -0.0201416015625 -0.0159797668457031 -0.0519828796386719
-0.00641822814941406 -0.0224533081054687 -0.017822265625 -0.0453834533691406
0.00377082824707031 -0.0232524871826172 -0.0128707885742187 -0.0396347045898438
0.0200557708740234 -0.0218944549560547 -0.01123046875 -0.0364799499511719
0.0385246276855469 -0.00934982299804688 -0.00497817993164063 -0.0490341186523438
0.0410385131835938 0.02862548828125 0.00788116455078125 -0.05511474609375
0.0306472778320312 0.0530815124511719 0.0103759765625 -0.0764236450195313
0.00590515136718751 0.0739593505859375 0.022613525390625 -0.0891571044921875
-0.00921630859375001 0.090576171875 0.0578117370605469 -0.0484886169433594
0.0156440734863281 0.0579719543457031 0.0059967041015625 -0.00815439224243164
0.0424156188964844 0.0407981872558594 0.028106689453125 0.0396842956542969
0.0441551208496094 0.00475692749023438 0.0619850158691406 0.0125236511230469
0.0363426208496094 -0.0193634033203125 0.0584335327148437 -0.0285263061523437
0.0113239288330078 -0.0342445373535156 0.0246658325195313 -0.0600357055664063
-0.00801849365234375 -0.0408210754394531 -0.008758544921875 -0.0583419799804687
-0.0032501220703125 -0.0430145263671875 -0.0130805969238281 -0.0381507873535156
-0.00925827026367188 -0.046478271484375 -0.0168399810791016 -0.0315361022949219
0.0086517333984375 -0.0446891784667969 -0.01806640625 -0.0257205963134766
0.0363426208496094 -0.0375480651855469 -0.0179328918457031 -0.0252742767333984
0.0614051818847656 -0.0107460021972656 -0.0131149291992188 -0.0426139831542969
0.0579872131347656 0.0491142272949219 -0.000835418701171867 -0.0489273071289063
0.0333938598632812 0.0786895751953125 0.00717163085937501 -0.0620765686035156
-0.00801849365234375 0.101303100585938 0.0141410827636719 -0.0633392333984375
-0.029388427734375 0.108230590820312 0.0507926940917969 -0.0155029296875
0.004241943359375 0.08660888671875 0.00553131103515625 0.0128841400146484
0.0546417236328125 0.0720367431640625 0.0255317687988281 0.0519180297851563
0.0692863464355469 0.0164146423339844 0.0578689575195313 0.0252876281738281
0.0594825744628906 -0.0252609252929687 0.0571479797363281 -0.0132713317871094
0.0211753845214844 -0.0519142150878906 0.0251007080078125 -0.0440521240234375
-0.00800704956054688 -0.0582542419433594 -0.00435256958007813 -0.0402641296386719
-0.00318145751953126 -0.0600090026855469 -0.00846672058105469 -0.0187301635742188
-0.01177978515625 -0.0633621215820313 -0.0136957168579102 -0.0115900039672852
0.009368896484375 -0.0592384338378906 -0.0207901000976563 -0.00694656372070313
0.0443305969238281 -0.0504302978515625 -0.0230846405029297 -0.00992202758789063
0.073883056640625 -0.015411376953125 -0.0205020904541016 -0.0319347381591797
0.069549560546875 0.0590934753417969 -0.00779342651367187 -0.0406074523925781
0.0349578857421875 0.0915985107421875 0.00691986083984375 -0.0439491271972656
-0.018707275390625 0.114006042480469 0.00385093688964844 -0.0311985015869141
-0.0454635620117188 0.107025146484375 0.0353164672851563 0.0218162536621094
-0.010650634765625 0.0993270874023438 0.000301361083984375 0.0380744934082031
0.0531005859375 0.0929107666015625 0.0176811218261719 0.0624923706054688
0.0803680419921875 0.0292587280273437 0.0465087890625 0.0381927490234375
0.0734939575195313 -0.0234756469726563 0.0477752685546875 0.00445556640625
0.0289154052734375 -0.0599479675292969 0.0215816497802734 -0.0228939056396484
-0.00596237182617187 -0.0662956237792969 0.000641822814941406 -0.0168838500976563
-0.00223541259765625 -0.0668563842773437 -0.00254178047180176 0.00320720672607422
-0.0133438110351563 -0.0709228515625 -0.008270263671875 0.0107812881469726
0.00803756713867187 -0.0650520324707031 -0.0209255218505859 0.0148334503173828
0.0465965270996094 -0.0561141967773437 -0.0264148712158203 0.00726318359375
0.0764923095703125 -0.0167922973632813 -0.0265522003173828 -0.0192604064941406
0.0697402954101563 0.0613975524902344 -0.0118274688720703 -0.0320148468017578
0.0300369262695312 0.0930328369140625 0.00984954833984375 -0.0244083404541016
-0.028076171875 0.11114501953125 -0.00700998306274414 0.00336933135986329
-0.0521697998046875 0.0865936279296875 0.0165634155273437 0.0566482543945313
-0.0242233276367187 0.0908889770507813 -0.00645828247070313 0.0615653991699219
0.0380172729492188 0.0953216552734375 0.0079345703125 0.0665969848632813
0.0737991333007812 0.03631591796875 0.0302925109863281 0.0469818115234375
0.0727767944335938 -0.0163497924804688 0.0337104797363281 0.0208396911621094
0.03167724609375 -0.0566864013671875 0.0162153244018555 0.000107765197753903
-0.00374221801757812 -0.0630912780761719 0.0055088996887207 0.00767946243286132
-0.00129699707031249 -0.0637245178222656 0.00395774841308594 0.0242824554443359
-0.0120735168457031 -0.0681304931640625 -0.0023345947265625 0.0324249267578125
0.00713348388671874 -0.0628013610839844 -0.0199031829833984 0.0343589782714844
0.0441627502441406 -0.053131103515625 -0.0279579162597656 0.02191162109375
0.0703506469726563 -0.0135269165039063 -0.0306987762451172 -0.00771331787109376
0.0600013732910156 0.06048583984375 -0.0149726867675781 -0.0233516693115234
0.01763916015625 0.0850143432617188 0.0118026733398438 -0.00643920898437499
-0.0354461669921875 0.09320068359375 -0.0179996490478516 0.0342254638671875
-0.0480079650878906 0.0512962341308594 -0.0028076171875 0.0843582153320313
-0.0298919677734375 0.0642929077148437 -0.0136871337890625 0.0783767700195313
0.0177459716796875 0.0758285522460938 -0.00116348266601562 0.0645484924316406
0.0524940490722656 0.0340499877929687 0.0152015686035156 0.0501136779785156
0.0566864013671875 -0.00845718383789063 0.0181026458740234 0.0318336486816406
0.0272712707519531 -0.043609619140625 0.00941085815429688 0.0206928253173828
-0.00115203857421875 -0.0497169494628906 0.0100002288818359 0.0295772552490234
-0.000217437744140625 -0.0508651733398437 0.0105972290039063 0.0423431396484375
-0.00847244262695313 -0.0558090209960938 0.0037994384765625 0.0508003234863281
0.0074462890625 -0.0512046813964844 -0.0188674926757812 0.0511093139648438
0.0382614135742188 -0.0423469543457031 -0.0310859680175781 0.0334072113037109
0.0580062866210937 -0.00701904296875 -0.0354499816894531 0.00153350830078125
0.0419578552246094 0.0547714233398438 -0.0182762145996094 -0.0181293487548828
0.00177383422851562 0.0683822631835937 0.012237548828125 0.00838279724121094
-0.040557861328125 0.0634574890136719 -0.0308456420898438 0.0583648681640625
-0.0359230041503906 0.00716018676757813 -0.0150375366210937 0.098480224609375
-0.0293712615966797 0.0266380310058594 -0.0159835815429688 0.0863113403320313
-0.00319671630859375 0.0424003601074219 -0.006011962890625 0.0581779479980469
0.0236473083496094 0.0235424041748047 0.00445938110351563 0.0495376586914063
0.0308704376220703 -0.000377655029296875 0.00756454467773437 0.0378074645996094
0.0172233581542969 -0.0236606597900391 0.00703239440917969 0.0345363616943359
0.000894546508789066 -0.0289955139160156 0.0144004821777344 0.0442276000976563
0.000732421875000001 -0.0311679840087891 0.0151214599609375 0.0530319213867188
-0.00288009643554687 -0.036163330078125 0.00748062133789063 0.0640602111816406
0.00665473937988281 -0.0342617034912109 -0.019317626953125 0.062286376953125
0.0285377502441406 -0.0280189514160156 -0.0352439880371094 0.0410842895507813
0.0397377014160156 -0.000644683837890625 -0.0410957336425781 0.00768661499023438
0.0218238830566406 0.0430564880371094 -0.0221920013427734 -0.0155658721923828
-0.0133895874023438 0.0448036193847656 0.00766849517822266 0.0173778533935547
-0.040252685546875 0.0258216857910156 -0.0442047119140625 0.07147216796875
0.0268115997314453 0.016143798828125 0.0403823852539063 -0.0819549560546875
0.0160760879516602 -0.0142087936401367 -0.00436019897460937 -0.0243682861328125
-0.00458049774169922 -0.0170583724975586 0.0247383117675781 0.0192489624023438
-0.0150613784790039 -0.00261497497558594 0.0539665222167969 -0.00551605224609375
-0.0118618011474609 0.00803184509277344 0.0451126098632813 -0.0421943664550781
-0.00192928314208985 0.0136470794677734 0.0167465209960938 -0.0683631896972656
-0.000360965728759766 0.00846195220947266 -0.0176506042480469 -0.0693397521972656
-0.00176334381103516 0.00545120239257813 -0.0218849182128906 -0.0564689636230469
-0.00387477874755859 0.00520992279052734 -0.0211410522460937 -0.0494003295898437
-0.00494527816772461 0.000146865844726563 -0.0114784240722656 -0.0446929931640625
-0.00336790084838867 -0.00785589218139648 -0.009857177734375 -0.0419921875
0.00778675079345703 -0.0155496597290039 -0.00414276123046875 -0.0509719848632812
0.0240993499755859 -0.00401496887207031 0.0106849670410156 -0.0594482421875
0.031402587890625 0.0160560607910156 0.00924682617187501 -0.0849990844726563
0.0256938934326172 0.0333938598632813 0.0182113647460938 -0.105110168457031
0.0150604248046875 0.0578041076660156 0.0500564575195313 -0.0730514526367188
0.0216312408447266 0.0213813781738281 0.000766754150390628 -0.0210437774658203
0.0221652984619141 0.00746726989746094 0.0294685363769531 0.0260982513427734
0.0138988494873047 -0.00329875946044922 0.05963134765625 -0.00106048583984375
0.00964927673339844 -0.00883102416992188 0.0517120361328125 -0.0404205322265625
0.00156021118164063 -0.0110387802124023 0.0187950134277344 -0.0684280395507813
-0.00706291198730469 -0.0163488388061523 -0.0165786743164063 -0.0674171447753906
-0.00457382202148437 -0.0201129913330078 -0.0201950073242187 -0.0512886047363281
-0.008453369140625 -0.0217685699462891 -0.0216484069824219 -0.0443077087402344
0.00198173522949219 -0.0235595703125 -0.0155525207519531 -0.0387458801269531
0.0184822082519531 -0.0233421325683594 -0.0139007568359375 -0.0361518859863281
0.0379219055175781 -0.012359619140625 -0.00881958007812499 -0.0487823486328125
0.042877197265625 0.0262641906738281 0.00389099121093751 -0.0553207397460937
0.0336799621582031 0.0515365600585938 0.0048980712890625 -0.076690673828125
0.01080322265625 0.0735931396484375 0.01568603515625 -0.090728759765625
-0.00273895263671874 0.0914154052734375 0.0534324645996094 -0.0519027709960937
0.019561767578125 0.0574913024902344 0.00445985794067383 -0.00819587707519531
0.04583740234375 0.0376815795898438 0.0313491821289063 0.0373382568359375
0.0446510314941406 0.0018768310546875 0.0629463195800781 0.00909423828125
0.0342769622802734 -0.0221672058105469 0.0568351745605469 -0.0319633483886719
0.00855827331542969 -0.0346565246582031 0.0214996337890625 -0.0607528686523438
-0.0111465454101563 -0.03973388671875 -0.0126991271972656 -0.0571365356445312
-0.00632095336914063 -0.0433502197265625 -0.0158958435058594 -0.03729248046875
-0.0124473571777344 -0.0455169677734375 -0.0195121765136719 -0.0301952362060547
0.00532913208007813 -0.0449638366699219 -0.0198421478271484 -0.0245876312255859
0.0335617065429688 -0.0397300720214844 -0.0201129913330078 -0.0244369506835938
0.0603904724121094 -0.0153923034667969 -0.0162239074707031 -0.0420074462890625
0.0614662170410156 0.0452651977539062 -0.00389480590820312 -0.0486869812011719
0.0381240844726563 0.0762863159179688 0.00293350219726562 -0.0625495910644531
-0.00119781494140626 0.102409362792969 0.0091552734375 -0.0645561218261719
-0.0214691162109375 0.110481262207031 0.0490951538085938 -0.0189399719238281
0.0102615356445312 0.0870895385742188 0.00500774383544922 0.0128574371337891
0.0605850219726563 0.0680580139160156 0.0287094116210938 0.04974365234375
0.0702552795410156 0.0115928649902344 0.0594596862792969 0.022186279296875
0.05743408203125 -0.0295829772949219 0.0562477111816406 -0.016693115234375
0.0171661376953125 -0.0530128479003906 0.0223312377929688 -0.0450630187988281
-0.0116539001464844 -0.0568046569824219 -0.00698471069335937 -0.0396194458007813
-0.00706863403320313 -0.0591812133789063 -0.00946235656738281 -0.0185947418212891
-0.0170097351074219 -0.0619087219238281 -0.0145130157470703 -0.0105056762695313
0.00542831420898438 -0.0595130920410156 -0.0212745666503906 -0.00546646118164062
0.0408668518066406 -0.0530853271484375 -0.0238323211669922 -0.00847625732421876
0.0728836059570313 -0.0208511352539063 -0.0234107971191406 -0.0307941436767578
0.073974609375 0.0542068481445313 -0.0102729797363281 -0.0399856567382813
0.0410537719726563 0.0890121459960938 0.00386428833007813 -0.04486083984375
-0.0110626220703125 0.116119384765625 0.000970840454101565 -0.0315780639648437
-0.0380401611328125 0.110389709472656 0.0359573364257813 0.0195465087890625
-0.00434875488281249 0.100486755371094 0.00205230712890625 0.0380783081054688
0.0601425170898438 0.0892715454101562 0.0226325988769531 0.0602340698242188
0.0820770263671875 0.0235137939453125 0.0487632751464844 0.0357017517089844
0.0712051391601563 -0.0288925170898437 0.0485610961914063 0.00174713134765625
0.0247650146484375 -0.0614509582519531 0.0202274322509766 -0.0233955383300781
-0.0107269287109375 -0.0649337768554688 -0.000333786010742187 -0.0165843963623047
-0.00708007812499999 -0.0667228698730469 -0.0015251636505127 0.00335621833801269
-0.0188331604003906 -0.0693435668945313 -0.00732421875 0.011652946472168
0.00347900390625 -0.0650863647460938 -0.0198650360107422 0.0162601470947266
0.0421791076660156 -0.0592269897460938 -0.0257911682128906 0.00838088989257812
0.0748214721679687 -0.022735595703125 -0.02850341796875 -0.0181198120117187
0.0741195678710938 0.0566329956054688 -0.0142440795898437 -0.030914306640625
0.03607177734375 0.0908279418945313 0.00817108154296875 -0.02557373046875
-0.0203018188476562 0.113410949707031 -0.00706958770751953 0.00348567962646485
-0.0455856323242187 0.0905075073242188 0.0194473266601562 0.0557060241699219
-0.0183944702148438 0.0927581787109375 -0.00362014770507813 0.0614700317382813
0.0452117919921875 0.0922622680664063 0.0118637084960938 0.0652389526367188
0.075714111328125 0.0315780639648438 0.0328826904296875 0.0451164245605469
0.0712051391601563 -0.0220489501953125 0.0353012084960938 0.0189666748046875
0.0275154113769531 -0.0582504272460938 0.0160560607910156 -0.000110626220703129
-0.00822067260742188 -0.0619087219238281 0.0063319206237793 0.00765323638916015
-0.00641632080078125 -0.0636711120605469 0.00645637512207031 0.0239658355712891
-0.0175895690917969 -0.0669288635253906 0.000665664672851565 0.0325889587402344
0.0027923583984375 -0.0623054504394531 -0.017242431640625 0.0356979370117188
0.0399055480957031 -0.0560073852539063 -0.0266036987304688 0.023345947265625
0.0692176818847656 -0.0192184448242188 -0.0315895080566406 -0.00607872009277344
0.064300537109375 0.0562667846679688 -0.0165805816650391 -0.0220279693603516
0.0230026245117188 0.0836639404296875 0.0115041732788086 -0.00812625885009765
-0.029144287109375 0.0963973999023437 -0.0160560607910156 0.0353965759277344
-0.0438995361328125 0.0547065734863281 0.00205993652343749 0.0849075317382813
-0.0255584716796875 0.0663223266601563 -0.00925445556640626 0.0792922973632813
0.0230789184570313 0.0741653442382813 0.00247573852539063 0.0638809204101563
0.05438232421875 0.0306129455566406 0.0177574157714844 0.0490684509277344
0.0557022094726562 -0.0123672485351562 0.0203514099121094 0.0307540893554688
0.0237274169921875 -0.0448455810546875 0.0107917785644531 0.0207443237304687
-0.00485229492187499 -0.0490303039550781 0.0126171112060547 0.0291328430175781
-0.00399398803710938 -0.0508232116699219 0.01397705078125 0.0411529541015625
-0.0129013061523438 -0.0545539855957031 0.0079193115234375 0.0507469177246094
0.00367355346679687 -0.0511894226074219 -0.0146331787109375 0.052032470703125
0.034423828125 -0.0451889038085938 -0.0287666320800781 0.0353775024414063
0.0569114685058594 -0.0114364624023438 -0.0352630615234375 0.00353240966796875
0.0463905334472656 0.0519638061523437 -0.0189342498779297 -0.0168228149414062
0.00590515136718751 0.0684547424316406 0.012934684753418 0.00677013397216797
-0.035888671875 0.0666313171386719 -0.0266304016113281 0.0599594116210938
-0.0347824096679688 0.00930023193359376 -0.00846099853515625 0.0991363525390625
-0.0276546478271484 0.0280685424804688 -0.0110702514648437 0.0868911743164063
6.10351562499973E-05 0.0422325134277344 -0.00296783447265624 0.0578346252441406
0.0248470306396484 0.021575927734375 0.00728225708007813 0.0495834350585937
0.0305576324462891 -0.0026092529296875 0.0102500915527344 0.0372848510742188
0.0153388977050781 -0.0244159698486328 0.00895881652832031 0.0344333648681641
-0.00139045715332031 -0.0282993316650391 0.0175590515136719 0.0434150695800781
-0.00166130065917969 -0.0310459136962891 0.0197410583496094 0.0516891479492187
-0.00612258911132813 -0.0358963012695313 0.0125312805175781 0.06304931640625
0.00367164611816406 -0.0342693328857422 -0.0150032043457031 0.0640373229980469
0.0260238647460938 -0.0296001434326172 -0.0325393676757812 0.0428314208984375
0.039886474609375 -0.00346755981445312 -0.040374755859375 0.0100479125976563
0.0247917175292969 0.0415878295898438 -0.0231170654296875 -0.0141334533691406
-0.0109672546386719 0.0453338623046875 0.00899314880371094 0.0162029266357422
-0.0383224487304688 0.0285873413085937 -0.0391616821289063 0.0738449096679688
0.0270824432373047 0.0147438049316406 0.0358200073242188 -0.0812454223632813
0.0154104232788086 -0.0143318176269531 -0.00584983825683594 -0.0234413146972656
-0.00529766082763672 -0.0163793563842773 0.0254764556884766 0.0176944732666016
-0.014704704284668 -0.00239849090576172 0.0528411865234375 -0.0071563720703125
-0.0111179351806641 0.00857067108154297 0.0423126220703125 -0.0433502197265625
-0.00114250183105469 0.0137672424316406 0.0137481689453125 -0.0680351257324219
0.000235557556152344 0.00835275650024414 -0.0209007263183594 -0.0671005249023438
-0.00159263610839844 0.00519323348999023 -0.0241165161132813 -0.0542564392089844
-0.00321626663208008 0.00537538528442383 -0.0237617492675781 -0.04730224609375
-0.00466012954711914 0.000365257263183594 -0.013519287109375 -0.0433273315429687
-0.00335454940795898 -0.00756168365478516 -0.0114097595214844 -0.0406494140625
0.00695037841796875 -0.0156726837158203 -0.00645828247070312 -0.0502243041992188
0.0231132507324219 -0.00498771667480469 0.00818634033203125 -0.0584449768066406
0.0314998626708984 0.0148105621337891 0.00513458251953124 -0.083282470703125
0.0266437530517578 0.0315189361572266 0.0129928588867188 -0.103744506835938
0.017242431640625 0.0563316345214844 0.0448760986328125 -0.0732345581054688
0.0222511291503906 0.0204753875732422 -0.000734329223632813 -0.0196952819824219
0.0225906372070313 0.00604629516601563 0.0301380157470703 0.0239391326904297
0.0135364532470703 -0.00394058227539063 0.0588188171386719 -0.00257110595703125
0.00865554809570313 -0.00896167755126953 0.0493965148925781 -0.0410003662109375
0.001068115234375 -0.0103073120117188 0.016204833984375 -0.0678939819335938
-0.00767230987548828 -0.0155916213989258 -0.0192718505859375 -0.0654182434082031
-0.00522041320800781 -0.0195198059082031 -0.0222320556640625 -0.0491676330566406
-0.00871467590332031 -0.0206623077392578 -0.023681640625 -0.0423469543457031
0.00109481811523438 -0.0232009887695313 -0.017242431640625 -0.03759765625
0.0174007415771484 -0.0234413146972656 -0.0153102874755859 -0.0347785949707031
0.0364913940429687 -0.0137672424316406 -0.0111312866210937 -0.0476531982421875
0.0430450439453125 0.0239067077636719 0.0020904541015625 -0.0540695190429687
0.0352783203125 0.0491409301757813 0.00177764892578125 -0.0751113891601563
0.0142593383789062 0.0723800659179688 0.0112075805664062 -0.0901565551757812
0.00203704833984375 0.0895767211914063 0.0493316650390625 -0.0524139404296875
0.0217857360839844 0.0559272766113281 0.00303125381469727 -0.00763177871704101
0.0474967956542969 0.0351295471191406 0.0319805145263672 0.0348262786865234
0.0439529418945313 -0.000396728515625 0.06201171875 0.00660324096679688
0.0324916839599609 -0.0231990814208984 0.0540504455566406 -0.0329856872558594
0.00665855407714843 -0.0338916778564453 0.0189247131347656 -0.0603446960449219
-0.0124397277832031 -0.0378913879394531 -0.0147323608398437 -0.0556221008300781
-0.008636474609375 -0.0420761108398438 -0.0170822143554688 -0.0361404418945313
-0.0149116516113281 -0.0434455871582031 -0.0208587646484375 -0.0283908843994141
0.00325393676757813 -0.0439338684082031 -0.0206241607666016 -0.0238265991210938
0.0310859680175781 -0.0402107238769531 -0.0203075408935547 -0.0232410430908203
0.0586395263671875 -0.0179214477539063 -0.0184669494628906 -0.0411567687988281
0.06268310546875 0.0422325134277344 -0.00535202026367187 -0.0474472045898437
0.04052734375 0.0735397338867188 -3.81469726562487E-05 -0.0614356994628906
0.00369262695312499 0.10101318359375 0.00576400756835937 -0.0636367797851563
-0.0158309936523438 0.109222412109375 0.0460090637207031 -0.0202178955078125
0.0139617919921875 0.0855560302734375 0.00456905364990234 0.0129232406616211
0.0630111694335938 0.0634422302246094 0.0309524536132813 0.0471458435058594
0.0695838928222656 0.0079345703125 0.0589485168457031 0.0201148986816406
0.0542869567871094 -0.0319252014160156 0.054931640625 -0.018310546875
0.0144920349121094 -0.0520820617675781 0.0203018188476563 -0.0447883605957031
-0.0142250061035156 -0.0546607971191406 -0.00848388671875 -0.03839111328125
-0.0102500915527344 -0.0580863952636719 -0.00975227355957031 -0.0180816650390625
-0.0201301574707031 -0.0592994689941406 -0.0151519775390625 -0.00948619842529297
0.00181961059570312 -0.0577926635742187 -0.0210399627685547 -0.00430679321289062
0.0370597839355469 -0.0537605285644531 -0.0238666534423828 -0.00743865966796875
0.0705337524414063 -0.0243453979492188 -0.0248088836669922 -0.0297603607177734
0.0752944946289063 0.0503921508789063 -0.0117111206054687 -0.0388107299804688
0.0436477661132813 0.08563232421875 0.00155258178710937 -0.0441665649414062
-0.00511169433593751 0.115203857421875 -0.000808715820312504 -0.0310096740722656
-0.0319366455078125 0.109870910644531 0.0350227355957031 0.0178356170654297
0.000251770019531243 0.0992965698242188 0.001953125 0.0373992919921875
0.0638351440429687 0.0842742919921875 0.0237350463867188 0.057830810546875
0.0815811157226563 0.0191574096679688 0.0492668151855469 0.0332183837890625
0.0681915283203125 -0.0318717956542969 0.0476531982421875 9.1552734374998E-05
0.02117919921875 -0.0605430603027344 0.0189723968505859 -0.0232028961181641
-0.0133323669433594 -0.0625152587890625 -0.00116539001464844 -0.0158042907714844
-0.0105514526367187 -0.0651664733886719 -0.00104832649230957 0.00304651260375976
-0.022216796875 -0.0663948059082031 -0.0062398910522461 0.0119600296020508
3.89953671971599E-18 -0.0636863708496094 -0.0185909271240234 0.0171298980712891
0.0377388000488281 -0.0599365234375 -0.0248794555664062 0.0093231201171875
0.07244873046875 -0.0260848999023438 -0.0291023254394531 -0.0166740417480469
0.076202392578125 0.0526199340820313 -0.0147743225097656 -0.02978515625
0.0388031005859375 0.087554931640625 0.00716018676757813 -0.0255222320556641
-0.0146865844726562 0.112709045410156 -0.00698184967041016 0.00362396240234376
-0.0405197143554687 0.0908126831054688 0.0205612182617187 0.0539779663085938
-0.0139999389648437 0.0917510986328125 -0.0022430419921875 0.0600662231445313
0.0489578247070312 0.0878067016601563 0.0137710571289063 0.0626754760742188
0.0751571655273437 0.027069091796875 0.0339698791503906 0.0435028076171875
0.0684738159179687 -0.0248641967773437 0.0354499816894531 0.0173873901367188
0.0238304138183594 -0.0582542419433594 0.0157251358032227 0.000158309936523434
-0.0105476379394531 -0.059967041015625 0.00674152374267578 0.00704479217529296
-0.00937271118164063 -0.0624847412109375 0.00785064697265625 0.0228824615478516
-0.0208587646484375 -0.0638847351074219 0.00265121459960937 0.0320510864257813
-0.000389099121093744 -0.0606460571289062 -0.0152397155761719 0.0360450744628906
0.0357551574707031 -0.0562858581542969 -0.0249347686767578 0.0235843658447266
0.0667915344238281 -0.0223579406738281 -0.0313835144042969 -0.00498199462890625
0.0662002563476563 0.0522384643554688 -0.0170345306396484 -0.0209827423095703
0.026092529296875 0.0811691284179688 0.0109224319458008 -0.00876235961914062
-0.0236740112304688 0.0959930419921875 -0.0141124725341797 0.0350284576416016
-0.0401763916015625 0.0553550720214844 0.00522613525390625 0.0830230712890625
-0.0223655700683594 0.0657463073730469 -0.00662994384765626 0.0777359008789063
0.026611328125 0.0714950561523438 0.00425338745117187 0.0616836547851563
0.0543060302734375 0.0270805358886719 0.01904296875 0.0475196838378906
0.0533332824707031 -0.0152397155761719 0.0214214324951172 0.0296249389648438
0.0210075378417969 -0.0452079772949219 0.0116138458251953 0.020782470703125
-0.00714111328125001 -0.0472335815429688 0.0137233734130859 0.0282917022705078
-0.00682830810546875 -0.0498008728027344 0.0161323547363281 0.0391807556152344
-0.0153160095214844 -0.052642822265625 0.0107307434082031 0.0492820739746094
0.000968933105468755 -0.0501060485839844 -0.011871337890625 0.0517463684082031
0.0309562683105469 -0.0454521179199219 -0.0266532897949219 0.0355262756347656
0.0553932189941406 -0.0139999389648438 -0.0349349975585937 0.00452804565429688
0.0480461120605469 0.0486984252929688 -0.019439697265625 -0.0155067443847656
0.008575439453125 0.0666542053222656 0.013218879699707 0.0055694580078125
-0.0322036743164063 0.0672149658203125 -0.0229339599609375 0.0594329833984375
-0.0335254669189453 0.0103759765625 -0.00395202636718751 0.0976791381835938
-0.0256671905517578 0.0284214019775391 -0.00774383544921875 0.0855484008789063
0.0021514892578125 0.0411911010742188 -0.0015716552734375 0.0567817687988281
0.0250663757324219 0.0200729370117188 0.00868606567382812 0.0483818054199219
0.0296611785888672 -0.00426483154296875 0.0116920471191406 0.0365409851074219
0.0140018463134766 -0.0248432159423828 0.0103969573974609 0.0342350006103516
-0.00246047973632813 -0.0274753570556641 0.0196075439453125 0.0421066284179688
-0.00328636169433594 -0.0301265716552734 0.02203369140625 0.0497245788574219
-0.007965087890625 -0.0349369049072266 0.0157699584960937 0.0612602233886719
0.00188827514648437 -0.0335769653320313 -0.0116043090820313 0.0633163452148438
0.0236186981201172 -0.0299301147460937 -0.0304412841796875 0.0431175231933594
0.0383834838867187 -0.0054779052734375 -0.0389633178710938 0.0110893249511719
0.0267066955566406 0.0399398803710938 -0.0231094360351563 -0.0127525329589844
-0.00876617431640625 0.0453376770019531 0.00996017456054688 0.0146493911743164
-0.0357704162597656 0.0294113159179687 -0.03485107421875 0.0731887817382812
0.0265922546386719 0.0140323638916016 0.033294677734375 -0.0796661376953125
0.015263557434082 -0.0141487121582031 -0.00652122497558594 -0.0225353240966797
-0.00484275817871094 -0.015716552734375 0.0251693725585938 0.0168628692626953
-0.0145950317382812 -0.00189590454101563 0.0518455505371094 -0.00785446166992188
-0.0108728408813477 0.00889015197753906 0.0412101745605469 -0.0427322387695313
-0.00030040740966797 0.0137405395507813 0.0126914978027344 -0.0672378540039063
0.000410079956054688 0.00769615173339844 -0.0218162536621094 -0.0655670166015625
-0.00147628784179688 0.00522661209106445 -0.0251960754394531 -0.05322265625
-0.00327014923095703 0.00565147399902344 -0.0245628356933594 -0.0459327697753906
-0.00422978401184082 0.000305891036987304 -0.0145721435546875 -0.0431022644042969
-0.00318670272827148 -0.00698089599609375 -0.0119819641113281 -0.0404396057128906
0.00613689422607422 -0.0157737731933594 -0.00750732421875 -0.0496101379394531
0.0225086212158203 -0.00501441955566406 0.00759887695312501 -0.0575904846191406
0.0311775207519531 0.0141048431396484 0.00391387939453125 -0.0814895629882813
0.0264739990234375 0.0309543609619141 0.011077880859375 -0.101943969726562
0.0182304382324219 0.0546112060546875 0.0414962768554688 -0.0717926025390625
0.0224266052246094 0.0200252532958984 -0.00159645080566406 -0.0194797515869141
0.0226364135742188 0.00533485412597656 0.0298824310302734 0.0230216979980469
0.0129880905151367 -0.00415611267089844 0.0578460693359375 -0.00349044799804688
0.00799989700317383 -0.00866937637329102 0.0479545593261719 -0.0406951904296875
0.000728607177734375 -0.009857177734375 0.0152931213378906 -0.066680908203125
-0.00755977630615234 -0.0150737762451172 -0.0203933715820312 -0.06378173828125
-0.00594711303710937 -0.0196571350097656 -0.023101806640625 -0.0481986999511719
-0.00911331176757812 -0.0196800231933594 -0.02435302734375 -0.0409698486328125
0.000759124755859374 -0.0227928161621094 -0.0179710388183594 -0.0369987487792969
0.0165634155273437 -0.0231723785400391 -0.0157756805419922 -0.0345191955566406
0.0353050231933594 -0.0143966674804687 -0.0118408203125 -0.0471153259277344
0.0432014465332031 0.0232963562011719 0.0015869140625 -0.0530624389648438
0.0350990295410156 0.0481796264648438 0.000160217285156254 -0.07354736328125
0.0150680541992187 0.0709915161132813 0.00910949707031251 -0.0886001586914063
0.00348663330078126 0.0883636474609375 0.0464248657226563 -0.0518722534179687
0.0225296020507813 0.0554161071777344 0.00214242935180664 -0.00727128982543945
0.0477714538574219 0.0331039428710938 0.0323066711425781 0.033721923828125
0.0432929992675781 -0.00151443481445313 0.0606918334960938 0.00627517700195313
0.0310783386230469 -0.0239467620849609 0.0529212951660156 -0.0329055786132813
0.00579261779785156 -0.032928466796875 0.0178756713867188 -0.0593910217285156
-0.0130729675292969 -0.0368881225585937 -0.0160140991210937 -0.0542182922363281
-0.0096282958984375 -0.0414695739746094 -0.0179481506347656 -0.0356521606445313
-0.0157432556152344 -0.0421905517578125 -0.0214347839355469 -0.0279750823974609
0.00222396850585938 -0.0429229736328125 -0.0208625793457031 -0.0231361389160156
0.0299644470214844 -0.0398979187011719 -0.0210609436035156 -0.0225486755371094
0.0572967529296875 -0.0191192626953125 -0.0192718505859375 -0.040283203125
0.0628013610839844 0.0403823852539062 -0.00563812255859375 -0.0461997985839844
0.0412139892578125 0.0717239379882813 -0.00124740600585937 -0.0602378845214844
0.00580596923828125 0.100051879882813 0.00401306152343749 -0.0629653930664063
-0.0135040283203125 0.108047485351563 0.0440597534179688 -0.0204429626464844
0.0150604248046875 0.0845870971679688 0.00331687927246094 0.0126380920410156
0.0643806457519531 0.0606803894042969 0.0303153991699219 0.0452766418457031
0.0684127807617188 0.00623703002929688 0.0582084655761719 0.0191307067871094
0.0522499084472656 -0.032562255859375 0.0535202026367188 -0.018310546875
0.0131340026855469 -0.051055908203125 0.0193977355957031 -0.0438308715820313
-0.0153579711914063 -0.0530662536621094 -0.00892257690429688 -0.0373153686523438
-0.0116996765136719 -0.0574226379394531 -0.00995254516601563 -0.0177860260009766
-0.02069091796875 -0.0575828552246094 -0.0149030685424805 -0.00870323181152344
0.000713348388671875 -0.0563888549804688 -0.0206413269042969 -0.00379562377929688
0.0353050231933594 -0.0536384582519531 -0.0234527587890625 -0.0075836181640625
0.068817138671875 -0.025482177734375 -0.0253543853759766 -0.0291748046875
0.0754776000976563 0.0481414794921875 -0.0118217468261719 -0.03802490234375
0.0443115234375 0.0838394165039063 0.000560760498046882 -0.0435867309570313
-0.00265502929687501 0.114006042480469 -0.00164413452148437 -0.0305900573730469
-0.0290451049804687 0.108322143554688 0.0335063934326172 0.0169143676757813
0.001739501953125 0.0983428955078125 0.00101470947265625 0.03704833984375
0.064697265625 0.0812225341796875 0.0238914489746094 0.0551834106445313
0.080657958984375 0.0168228149414063 0.0484504699707031 0.0328483581542969
0.0657844543457031 -0.0331039428710938 0.0468101501464844 -0.000110626220703127
0.0197715759277344 -0.0598678588867187 0.0185375213623047 -0.0219554901123047
-0.0142555236816406 -0.0607643127441406 -0.00115871429443359 -0.0153493881225586
-0.0117263793945313 -0.0642929077148438 -0.000742912292480469 0.00289463996887207
-0.0232200622558594 -0.0646018981933594 -0.00543689727783203 0.011631965637207
-0.0010833740234375 -0.06207275390625 -0.0181217193603516 0.0166492462158203
0.0355682373046875 -0.0590095520019531 -0.024505615234375 0.00908470153808594
0.0706863403320312 -0.0272064208984375 -0.0292091369628906 -0.0168247222900391
0.07659912109375 0.0504302978515625 -0.0146961212158203 -0.0287342071533203
0.039764404296875 0.0855789184570313 0.00617790222167969 -0.0252647399902344
-0.0118865966796875 0.111778259277344 -0.00677680969238281 0.00355958938598634
-0.0380477905273437 0.0895919799804688 0.0201072692871094 0.0528144836425781
-0.0123443603515625 0.0908432006835937 -0.00243759155273438 0.0593986511230469
0.049774169921875 0.0849075317382813 0.0136299133300781 0.0608329772949219
0.0743026733398438 0.0253982543945313 0.0332183837890625 0.0426216125488281
0.0663795471191406 -0.0261306762695313 0.0351181030273438 0.0168819427490234
0.0223770141601563 -0.0574913024902344 0.0156211853027344 0.000714302062988278
-0.0117263793945312 -0.0580329895019531 0.00679206848144531 0.00743675231933593
-0.0106658935546875 -0.0610389709472656 0.00860214233398437 0.0221462249755859
-0.0223121643066406 -0.0623970031738281 0.00368499755859375 0.0313434600830078
-0.00161361694335937 -0.0589714050292969 -0.0141983032226563 0.0360374450683594
0.0335884094238281 -0.0553436279296875 -0.0245800018310547 0.0227031707763672
0.06512451171875 -0.0234184265136719 -0.0312576293945312 -0.00488662719726563
0.0662651062011719 0.0503120422363281 -0.0167255401611328 -0.0203285217285156
0.0270919799804687 0.0793991088867188 0.0106029510498047 -0.00912475585937499
-0.021392822265625 0.0953445434570312 -0.0128955841064453 0.034423828125
-0.0386695861816406 0.0547065734863281 0.00624847412109374 0.0814361572265625
-0.0210647583007812 0.0649795532226563 -0.00621795654296876 0.076141357421875
0.027435302734375 0.0692901611328125 0.0044403076171875 0.0603256225585938
0.0536308288574219 0.0259475708007812 0.01904296875 0.0467796325683594
0.0518074035644531 -0.0159797668457031 0.0213336944580078 0.0287952423095703
0.0198707580566406 -0.0445671081542969 0.0120697021484375 0.0209770202636719
-0.00772857666015625 -0.0459709167480469 0.0143032073974609 0.0280227661132812
-0.00786590576171876 -0.0487594604492188 0.0174140930175781 0.0382118225097656
-0.0163993835449219 -0.0511970520019531 0.012298583984375 0.0480575561523438
-0.000240325927734374 -0.0486373901367188 -0.0109443664550781 0.0520744323730469
0.0294685363769531 -0.0453872680664062 -0.0256271362304688 0.0350265502929688
0.05389404296875 -0.0153007507324219 -0.034210205078125 0.0048828125
0.0488510131835937 0.0466461181640625 -0.0188694000244141 -0.0149326324462891
0.0093841552734375 0.0656814575195313 0.0129413604736328 0.00435352325439454
-0.0297470092773437 0.0669975280761719 -0.0214920043945313 0.0579910278320313
-0.0326099395751953 0.0101890563964844 -0.00325775146484375 0.0958786010742188
-0.0247974395751953 0.0279254913330078 -0.00672149658203125 0.0838394165039063
0.00296401977539063 0.0402450561523438 -0.0018463134765625 0.0558509826660156
0.0246143341064453 0.0192070007324219 0.00901412963867187 0.047515869140625
0.0287437438964844 -0.00463676452636719 0.0122871398925781 0.0357170104980469
0.0130386352539063 -0.0245208740234375 0.0110092163085938 0.034393310546875
-0.00275230407714843 -0.0267181396484375 0.0206184387207031 0.0407028198242188
-0.00426673889160156 -0.0298976898193359 0.0231208801269531 0.04840087890625
-0.00890731811523437 -0.0339565277099609 0.0178451538085937 0.0597381591796875
0.00137519836425781 -0.0328388214111328 -0.00980377197265625 0.0628395080566406
0.0222549438476563 -0.0299491882324219 -0.0289726257324219 0.0426445007324219
0.0375518798828125 -0.0063629150390625 -0.0381736755371094 0.0112152099609375
0.0273246765136719 0.0385856628417969 -0.0222988128662109 -0.0120658874511719
-0.00848007202148437 0.0450096130371094 0.0101089477539063 0.0131645202636719
-0.0343971252441406 0.0292472839355469 -0.0326080322265625 0.07220458984375
0.0262279510498047 0.0141735076904297 0.0327377319335937 -0.0793609619140625
0.0154905319213867 -0.0140552520751953 -0.00656318664550781 -0.0218753814697266
-0.00468826293945313 -0.015955924987793 0.0247898101806641 0.0170116424560547
-0.0147104263305664 -0.00154876708984375 0.0521125793457031 -0.00765609741210938
-0.010711669921875 0.00917434692382813 0.0416412353515625 -0.0422630310058594
-0.00011444091796875 0.0134954452514648 0.0130882263183594 -0.0678672790527344
0.000276565551757812 0.00776004791259766 -0.022491455078125 -0.0654945373535156
-0.00129842758178711 0.00462436676025391 -0.0262603759765625 -0.0533599853515625
-0.00313806533813476 0.00549507141113281 -0.025665283203125 -0.046234130859375
-0.00434255599975586 0.00029301643371582 -0.0146942138671875 -0.0436668395996094
-0.00284385681152344 -0.00720357894897461 -0.0125389099121094 -0.0408363342285156
0.0064697265625 -0.0158510208129883 -0.0073089599609375 -0.0494880676269531
0.0224475860595703 -0.00473785400390625 0.00806045532226563 -0.0574493408203125
0.0312919616699219 0.0144195556640625 0.003936767578125 -0.0809402465820313
0.0267810821533203 0.0308513641357422 0.0109024047851562 -0.101882934570313
0.0181655883789063 0.055023193359375 0.0416717529296875 -0.0712966918945313
0.0228347778320313 0.0206222534179688 -0.00234222412109375 -0.0184707641601563
0.0234394073486328 0.00515937805175781 0.0297508239746094 0.022857666015625
0.0124912261962891 -0.0041351318359375 0.0573501586914063 -0.00323486328125
0.00817775726318359 -0.00855064392089844 0.048370361328125 -0.0406265258789062
0.00101757049560547 -0.009735107421875 0.0150489807128906 -0.0671806335449219
-0.0080423355102539 -0.015324592590332 -0.0209503173828125 -0.0639495849609375
-0.00660324096679688 -0.0196189880371094 -0.0240402221679687 -0.0482025146484375
-0.00950431823730468 -0.0197734832763672 -0.0256271362304687 -0.0410270690917969
0.000913619995117188 -0.0228729248046875 -0.0182952880859375 -0.0378074645996094
0.0167503356933594 -0.0230293273925781 -0.0155925750732422 -0.0349998474121094
0.0352973937988281 -0.01458740234375 -0.0122261047363281 -0.0473060607910156
0.0433616638183594 0.0235748291015625 0.00200271606445313 -0.0530815124511719
0.0353775024414063 0.0482864379882813 6.65035097237219E-18 -0.0732345581054688
0.0153274536132812 0.0718765258789062 0.00870513916015625 -0.088592529296875
0.0039520263671875 0.0885543823242187 0.0449867248535156 -0.0513343811035156
0.023193359375 0.05621337890625 0.000901222229003908 -0.00677299499511718
0.0486679077148438 0.032501220703125 0.0318622589111328 0.0334186553955078
0.0431442260742188 -0.00150299072265625 0.0612564086914063 0.00649642944335938
0.030914306640625 -0.0239543914794922 0.0537910461425781 -0.0322952270507813
0.00568580627441406 -0.0331859588623047 0.0182533264160156 -0.0597190856933594
-0.0132255554199219 -0.0368118286132813 -0.0161018371582031 -0.0541610717773438
-0.010040283203125 -0.0419425964355469 -0.0182304382324219 -0.0360374450683594
-0.0159034729003906 -0.0418739318847656 -0.0221805572509766 -0.0277462005615234
0.00210952758789063 -0.042816162109375 -0.0211868286132812 -0.0232295989990234
0.0296401977539062 -0.0398216247558594 -0.0211257934570312 -0.0233631134033203
0.05712890625 -0.0195655822753906 -0.0197296142578125 -0.0407524108886719
0.0635414123535156 0.0404052734375 -0.00552368164062499 -0.0463981628417969
0.0411148071289062 0.0722732543945312 -0.00196456909179688 -0.0603828430175781
0.00620269775390626 0.100822448730469 0.00384521484375001 -0.0627593994140625
-0.0136947631835938 0.108192443847656 0.0429649353027344 -0.0197296142578125
0.0154571533203125 0.085205078125 0.00249195098876953 0.013056755065918
0.065155029296875 0.0607566833496094 0.0299491882324219 0.0447196960449219
0.0685920715332031 0.005401611328125 0.0581932067871094 0.0200080871582031
0.0522041320800781 -0.0331230163574219 0.0538749694824219 -0.0178298950195313
0.0127677917480469 -0.0510711669921875 0.019744873046875 -0.0433692932128906
-0.0154685974121094 -0.0529899597167969 -0.0091705322265625 -0.0373764038085938
-0.01214599609375 -0.0578575134277344 -0.0101528167724609 -0.0185737609863281
-0.0217857360839844 -0.0568962097167969 -0.0149736404418945 -0.00928306579589844
0.000438690185546878 -0.0563774108886719 -0.0210685729980469 -0.00369644165039063
0.0351371765136719 -0.05352783203125 -0.0240364074707031 -0.00787544250488282
0.0684585571289063 -0.0260887145996094 -0.0261325836181641 -0.0299797058105469
0.07684326171875 0.0476837158203125 -0.0112457275390625 -0.0379638671875
0.0448989868164063 0.0842056274414062 0.0001220703125 -0.0437660217285156
-0.00235748291015626 0.115180969238281 -0.00187301635742188 -0.0307769775390625
-0.0291290283203125 0.108131408691406 0.0325851440429688 0.0178489685058594
0.00263977050781249 0.09869384765625 0.000484466552734371 0.03717041015625
0.065765380859375 0.0810089111328125 0.0231857299804688 0.0552101135253906
0.080596923828125 0.0167083740234375 0.0479888916015625 0.0335006713867188
0.0659713745117188 -0.0338630676269531 0.0472984313964844 0.000343322753906248
0.0193367004394531 -0.0594520568847656 0.0191135406494141 -0.0215206146240234
-0.0146446228027344 -0.0606307983398438 -0.000790596008300783 -0.0150575637817383
-0.0128021240234375 -0.0648956298828125 -0.000466585159301759 0.00244069099426269
-0.024261474609375 -0.0640411376953125 -0.00513172149658203 0.0115737915039062
-0.0015716552734375 -0.061920166015625 -0.0180187225341797 0.0173587799072266
0.0349006652832031 -0.0591964721679688 -0.0246925354003906 0.00866889953613281
0.0701026916503906 -0.0282173156738281 -0.0298633575439453 -0.0171623229980469
0.078033447265625 0.0499343872070313 -0.0143661499023437 -0.0288600921630859
0.0400848388671875 0.0860061645507813 0.00584030151367188 -0.0261116027832031
-0.0112762451171875 0.113052368164063 -0.00688791275024414 0.00322437286376954
-0.037872314453125 0.0894927978515625 0.0193290710449219 0.0529251098632813
-0.0121612548828125 0.0913162231445313 -0.00331878662109375 0.0593338012695313
0.050750732421875 0.0849761962890625 0.0126876831054688 0.0606765747070313
0.0745697021484375 0.0251693725585938 0.0334587097167969 0.0432662963867188
0.0665397644042969 -0.0264816284179688 0.0351600646972656 0.0172996520996094
0.0218658447265625 -0.0572395324707031 0.0160255432128906 0.00158596038818359
-0.0120468139648437 -0.058349609375 0.00744771957397461 0.00747442245483398
-0.0115203857421875 -0.0617332458496094 0.00940513610839844 0.02166748046875
-0.0228118896484375 -0.0617752075195313 0.0040283203125 0.0312614440917969
-0.00189208984375 -0.0593757629394531 -0.0139846801757812 0.0359954833984375
0.0328750610351563 -0.0556602478027344 -0.0247573852539062 0.0225009918212891
0.0648460388183594 -0.0241508483886719 -0.0313930511474609 -0.0053558349609375
0.0677680969238281 0.0498085021972656 -0.0163898468017578 -0.0203266143798828
0.0271224975585937 0.0798110961914062 0.0100498199462891 -0.00985145568847656
-0.020751953125 0.0963897705078125 -0.0133247375488281 0.0340538024902344
-0.0383567810058594 0.0544815063476563 0.0051116943359375 0.0819244384765625
-0.0211105346679688 0.0651969909667969 -0.0070037841796875 0.076141357421875
0.0283012390136719 0.0691566467285156 0.00384140014648438 0.0597991943359375
0.053558349609375 0.0260581970214844 0.0184593200683594 0.0477333068847656
0.0521316528320313 -0.0164413452148438 0.0212306976318359 0.0293807983398438
0.0198326110839844 -0.0442237854003906 0.0124225616455078 0.0221290588378906
-0.0076751708984375 -0.0459976196289063 0.0150184631347656 0.0280742645263672
-0.00833511352539062 -0.0491676330566406 0.0179710388183594 0.0376968383789063
-0.0173110961914062 -0.0509529113769531 0.0132217407226562 0.0478706359863281
-0.00066375732421875 -0.0479927062988281 -0.0103073120117187 0.052032470703125
0.0292129516601563 -0.0452003479003906 -0.0259990692138672 0.0342159271240234
0.0538101196289063 -0.0154075622558594 -0.0346393585205078 0.00427055358886719
0.0498733520507813 0.0470161437988281 -0.0187892913818359 -0.0154285430908203
0.00965499877929687 0.0660171508789063 0.0131626129150391 0.00366020202636719
-0.0292472839355469 0.0672149658203125 -0.021697998046875 0.0578269958496094
-0.0324325561523438 0.0100517272949219 -0.00391387939453124 0.096405029296875
-0.024932861328125 0.0277423858642578 -0.00707244873046876 0.0836944580078125
0.003082275390625 0.0401268005371094 -0.00265884399414063 0.0555229187011719
0.0243244171142578 0.0193347930908203 0.00835418701171875 0.0481605529785156
0.0285987854003906 -0.0048980712890625 0.0121536254882813 0.0358810424804687
0.0131969451904297 -0.0248031616210938 0.0110549926757813 0.0348892211914063
-0.0031280517578125 -0.0267410278320312 0.0211257934570312 0.0413131713867188
-0.00428009033203125 -0.0295982360839844 0.0241127014160156 0.0479011535644531
-0.00944900512695313 -0.0338954925537109 0.0186882019042969 0.0592880249023438
0.00126266479492187 -0.0328540802001953 -0.00919723510742188 0.0629997253417969
0.0220069885253906 -0.0299358367919922 -0.0297126770019531 0.0419387817382813
0.0373344421386719 -0.0066986083984375 -0.0384559631347656 0.0108146667480469
0.0280609130859375 0.0382003784179687 -0.0225200653076172 -0.01287841796875
-0.00799179077148438 0.0453376770019531 0.0101604461669922 0.0124673843383789
-0.0342311859130859 0.0297183990478516 -0.0328292846679688 0.071197509765625
0.0267734527587891 0.0146236419677734 0.0329971313476563 -0.0807266235351563
0.0159635543823242 -0.014439582824707 -0.00764846801757812 -0.0218181610107422
-0.00461101531982422 -0.0164556503295898 0.0250282287597656 0.0175991058349609
-0.015294075012207 -0.00164508819580078 0.0530662536621094 -0.00749588012695313
-0.010798454284668 0.0100727081298828 0.0429496765136719 -0.0433349609375
0.00040149688720703 0.0133752822875977 0.0124893188476563 -0.0700225830078125
0.000280380249023438 0.00738859176635742 -0.0241546630859375 -0.0672531127929688
-0.00170087814331055 0.00492000579833984 -0.0281906127929688 -0.0543899536132813
-0.00334692001342773 0.0053105354309082 -0.0276985168457031 -0.0467872619628906
-0.00443840026855469 0.000386238098144532 -0.016082763671875 -0.045257568359375
-0.00303316116333008 -0.00744485855102539 -0.01287841796875 -0.0418243408203125
0.00615310668945313 -0.0160598754882813 -0.00820159912109375 -0.0506324768066406
0.0232963562011719 -0.00452995300292969 0.00825119018554688 -0.0587730407714844
0.0319423675537109 0.014617919921875 0.00357055664062501 -0.082550048828125
0.0275382995605469 0.0315742492675781 0.0105438232421875 -0.104476928710938
0.0185165405273438 0.0568046569824219 0.041290283203125 -0.0725021362304688
0.0240325927734375 0.0207386016845703 -0.00351142883300781 -0.0182170867919922
0.0244655609130859 0.00426864624023438 0.0297317504882813 0.0234107971191406
0.013087272644043 -0.00426292419433594 0.0590362548828125 -0.00304412841796875
0.00774478912353516 -0.00851202011108398 0.0504989624023438 -0.0411949157714844
0.001373291015625 -0.0101919174194336 0.0154037475585937 -0.0690574645996094
-0.00836181640625 -0.0158319473266602 -0.0226669311523438 -0.0650787353515625
-0.00665855407714844 -0.0202369689941406 -0.0257949829101563 -0.0494041442871094
-0.0101108551025391 -0.0198917388916016 -0.0274124145507813 -0.0416984558105469
0.000827789306640625 -0.0231304168701172 -0.0197105407714844 -0.0389251708984375
0.0170001983642578 -0.0238456726074219 -0.0166282653808594 -0.0363426208496094
0.0359230041503906 -0.0151176452636719 -0.01318359375 -0.0486793518066406
0.0450439453125 0.0240898132324219 0.00168609619140626 -0.054168701171875
0.0366058349609375 0.0498886108398438 -0.000495910644531256 -0.0751190185546875
0.01629638671875 0.07379150390625 0.00817871093750001 -0.0911483764648438
0.0043182373046875 0.0912246704101563 0.04547119140625 -0.0523529052734375
0.0242691040039063 0.0581321716308594 -0.000205039978027342 -0.00672149658203125
0.0507926940917969 0.0322761535644531 0.0322303771972656 0.0336513519287109
0.0438194274902344 -0.00222015380859375 0.0624961853027344 0.0066986083984375
0.03118896484375 -0.0251827239990234 0.0552864074707031 -0.0330162048339844
0.00594711303710938 -0.0337600708007813 0.0186347961425781 -0.0611457824707031
-0.0141487121582031 -0.037750244140625 -0.0175590515136719 -0.0552940368652344
-0.0118637084960938 -0.04351806640625 -0.0193939208984375 -0.0370216369628906
-0.0170974731445313 -0.0424041748046875 -0.0230636596679688 -0.0288619995117188
0.00191116333007812 -0.0436515808105469 -0.0227584838867188 -0.0239238739013672
0.029998779296875 -0.04107666015625 -0.0216121673583984 -0.0242881774902344
0.0582542419433594 -0.0204887390136719 -0.0214500427246094 -0.0422821044921875
0.0660438537597656 0.0414352416992188 -0.00558090209960937 -0.0477561950683594
0.0428390502929688 0.0741729736328125 -0.00231933593749999 -0.0617637634277344
0.00761413574218751 0.103874206542969 0.0030059814453125 -0.0643081665039063
-0.0131912231445313 0.111129760742188 0.0430564880371094 -0.0200729370117187
0.0171356201171875 0.08795166015625 0.00128650665283203 0.0135784149169922
0.068023681640625 0.0608291625976563 0.0301589965820313 0.0453338623046875
0.0702018737792969 0.0051422119140625 0.059722900390625 0.0203742980957031
0.052886962890625 -0.0348625183105469 0.0557823181152344 -0.0179634094238281
0.0125846862792969 -0.0523567199707031 0.0207138061523438 -0.0441207885742188
-0.0164947509765625 -0.054168701171875 -0.01007080078125 -0.0380668640136719
-0.0138626098632812 -0.0596847534179688 -0.0103397369384766 -0.018951416015625
-0.0232772827148437 -0.0580291748046875 -0.0157060623168945 -0.00936031341552735
-0.000125885009765626 -0.0577278137207031 -0.0219058990478516 -0.00414466857910157
0.0349655151367188 -0.0550498962402344 -0.0248756408691406 -0.00857353210449219
0.0702667236328125 -0.0275993347167969 -0.0279006958007812 -0.0307865142822266
0.0798721313476563 0.048309326171875 -0.011505126953125 -0.0390510559082031
0.0465164184570313 0.0863037109375 -0.000324249267578118 -0.0450210571289063
-0.000358581542968757 0.11859130859375 -0.00240707397460937 -0.0319061279296875
-0.0286712646484375 0.111091613769531 0.0325775146484375 0.01849365234375
0.00322723388671876 0.102119445800781 -0.000404357910156248 0.038055419921875
0.0687026977539063 0.0819931030273438 0.0228385925292969 0.0560569763183594
0.0827178955078125 0.016326904296875 0.0496330261230469 0.0344619750976563
0.0671424865722656 -0.0353240966796875 0.0486373901367188 0.000194549560546873
0.0190391540527344 -0.0609779357910156 0.0199699401855469 -0.0217437744140625
-0.0154953002929687 -0.0618133544921875 -0.00128555297851563 -0.0156059265136719
-0.0145683288574219 -0.0669212341308594 -0.000362873077392579 0.00197935104370117
-0.0258522033691406 -0.0649032592773438 -0.00556564331054688 0.0115776062011719
-0.0027923583984375 -0.0627822875976563 -0.0182380676269531 0.0178089141845703
0.0350723266601563 -0.0607185363769531 -0.0255813598632812 0.00814247131347656
0.0714950561523438 -0.029541015625 -0.0314903259277344 -0.0180492401123047
0.0811767578125 0.0504531860351562 -0.0145664215087891 -0.02960205078125
0.0421829223632812 0.0883102416992188 0.00576210021972657 -0.0273933410644531
-0.0097503662109375 0.116798400878906 -0.00736474990844727 0.00306081771850587
-0.0381851196289062 0.09197998046875 0.0191230773925781 0.05499267578125
-0.0116195678710937 0.0939254760742188 -0.00420379638671874 0.0612640380859375
0.0535507202148437 0.08642578125 0.0121612548828125 0.0614738464355469
0.0763931274414063 0.024993896484375 0.0339851379394531 0.0450401306152344
0.0676307678222656 -0.0281791687011719 0.0361709594726563 0.0184326171875
0.0218124389648438 -0.05853271484375 0.0171079635620117 0.00240898132324218
-0.0128631591796875 -0.0592155456542969 0.00767755508422852 0.00748586654663086
-0.0131721496582031 -0.0636405944824219 0.0103321075439453 0.0218582153320312
-0.0243568420410156 -0.0628166198730469 0.00529289245605469 0.0318717956542969
-0.00266647338867187 -0.0600318908691406 -0.0135917663574219 0.0369987487792969
0.0326614379882813 -0.057403564453125 -0.0256481170654297 0.0229644775390625
0.065826416015625 -0.0257835388183594 -0.0329036712646484 -0.00579071044921874
0.0704345703125 0.0502471923828125 -0.0164680480957031 -0.0212535858154297
0.0286712646484375 0.0815277099609375 0.0106306076049805 -0.0107574462890625
-0.0195770263671875 0.0991668701171875 -0.0136699676513672 0.0341072082519531
-0.0386772155761719 0.0563545227050781 0.00525665283203125 0.0838623046875
-0.021331787109375 0.06719970703125 -0.00788116455078125 0.078399658203125
0.0291976928710937 0.0702095031738281 0.00246047973632812 0.061187744140625
0.0550384521484375 0.0261802673339844 0.0188217163085938 0.0489501953125
0.05340576171875 -0.0175323486328125 0.0227088928222656 0.0308551788330078
0.0197677612304687 -0.04620361328125 0.0131092071533203 0.0230617523193359
-0.00862884521484375 -0.0469245910644531 0.0161876678466797 0.0289878845214844
-0.009429931640625 -0.05072021484375 0.019866943359375 0.0381088256835938
-0.0190544128417969 -0.0516738891601563 0.0145149230957031 0.0484733581542969
-0.00114822387695313 -0.0491943359375 -0.00944137573242187 0.0534095764160156
0.0287513732910156 -0.0465202331542969 -0.0269546508789062 0.0350131988525391
0.0547218322753906 -0.0166397094726562 -0.0357780456542969 0.0040283203125
0.0519027709960938 0.0475959777832031 -0.0188026428222656 -0.0160331726074219
0.0106773376464844 0.0676918029785156 0.0133829116821289 0.00298881530761719
-0.0293197631835937 0.0691680908203125 -0.021820068359375 0.0585441589355469
-0.0333118438720703 0.0101490020751953 -0.003387451171875 0.0991058349609375
-0.0254287719726563 0.0285720825195313 -0.00738525390625 0.0860748291015625
0.00371932983398438 0.0408592224121094 -0.003021240234375 0.0569953918457031
0.0247211456298828 0.0198173522949219 0.00847244262695313 0.0498046875
0.029449462890625 -0.00535202026367188 0.0123443603515625 0.0370941162109375
0.0133781433105469 -0.0254917144775391 0.012115478515625 0.0366020202636719
-0.00363922119140625 -0.0273265838623047 0.02325439453125 0.0422286987304688
-0.00490951538085938 -0.0307788848876953 0.0260162353515625 0.0486984252929688
-0.0104007720947266 -0.0342540740966797 0.0202064514160156 0.0606803894042969
0.000925064086914064 -0.0336418151855469 -0.0086669921875 0.0646629333496094
0.0219841003417969 -0.0307121276855469 -0.0301170349121094 0.0429801940917969
0.0383224487304688 -0.00716781616210938 -0.039642333984375 0.010894775390625
0.0289802551269531 0.0388221740722656 -0.0224514007568359 -0.0130996704101563
-0.00768661499023437 0.0462150573730469 0.0106325149536133 0.0120401382446289
-0.0343647003173828 0.0301284790039063 -0.0330734252929688 0.0726699829101563
0.0277729034423828 0.0150661468505859 0.031585693359375 -0.0835952758789063
0.0162277221679688 -0.0155220031738281 -0.00898170471191406 -0.0221195220947266
-0.00507450103759766 -0.0174579620361328 0.0261039733886719 0.0177421569824219
-0.0161705017089844 -0.000883102416992186 0.0547828674316406 -0.00878143310546875
-0.0112237930297852 0.0106401443481445 0.0435447692871094 -0.0456733703613281
0.000468254089355469 0.0136423110961914 0.011260986328125 -0.0730667114257813
0.000802516937255859 0.00740718841552734 -0.02752685546875 -0.0684242248535156
-0.00184726715087891 0.00520563125610352 -0.0316429138183594 -0.0551109313964844
-0.00320672988891602 0.00554943084716797 -0.0307960510253906 -0.0477676391601562
-0.00427699089050293 0.000220537185668944 -0.0182876586914062 -0.0466156005859375
-0.00315046310424805 -0.00764656066894531 -0.0145072937011719 -0.0437965393066406
0.00590133666992187 -0.0168666839599609 -0.00964736938476562 -0.0521316528320313
0.02398681640625 -0.00509262084960938 0.00748062133789063 -0.0608329772949219
0.0338916778564453 0.0146980285644531 0.00209045410156251 -0.0851058959960938
0.0293903350830078 0.0319309234619141 0.007781982421875 -0.108413696289063
0.0207977294921875 0.0586090087890625 0.03973388671875 -0.0755538940429688
0.0254955291748047 0.0214653015136719 -0.00512504577636719 -0.0183010101318359
0.0254325866699219 0.00360679626464844 0.0310096740722656 0.0234508514404297
0.0131387710571289 -0.00453281402587891 0.0610008239746094 -0.00423049926757813
0.00773048400878906 -0.00927162170410156 0.051025390625 -0.0439033508300781
0.00119209289550781 -0.0106687545776367 0.0142974853515625 -0.0724105834960938
-0.00909996032714844 -0.0157470703125 -0.0255813598632812 -0.0668258666992188
-0.00845718383789063 -0.0213031768798828 -0.0292739868164062 -0.0505790710449219
-0.0106601715087891 -0.0204505920410156 -0.0303421020507813 -0.0425529479980469
0.000410079956054686 -0.0237598419189453 -0.0216064453125 -0.0398902893066406
0.0171852111816406 -0.0254001617431641 -0.0184860229492188 -0.0378379821777344
0.0367584228515625 -0.0172157287597656 -0.0155067443847656 -0.0499343872070313
0.0478706359863281 0.0232353210449219 0.0011138916015625 -0.0558662414550781
0.0389747619628906 0.0507049560546875 -0.00276184082031249 -0.0767593383789062
0.0195083618164063 0.0763626098632813 0.005615234375 -0.0940933227539063
0.00713348388671875 0.0944137573242188 0.0444984436035156 -0.0543556213378906
0.0272903442382813 0.0589866638183594 -0.00121927261352539 -0.00579261779785156
0.0534515380859375 0.0314903259277344 0.0328903198242188 0.033477783203125
0.0451011657714844 -0.00384521484375 0.0649452209472656 0.00554656982421875
0.0309085845947266 -0.0270786285400391 0.0568695068359375 -0.0354766845703125
0.00534248352050781 -0.0348777770996094 0.0176811218261719 -0.0639610290527344
-0.0159759521484375 -0.0379714965820313 -0.020172119140625 -0.0566520690917969
-0.0137367248535156 -0.0445785522460938 -0.0220413208007813 -0.0376091003417969
-0.0193023681640625 -0.0436744689941406 -0.0258541107177734 -0.0289154052734375
0.000671386718749997 -0.0447578430175781 -0.0244655609130859 -0.0244903564453125
0.0297279357910156 -0.0435562133789062 -0.0233058929443359 -0.025115966796875
0.0595436096191406 -0.0233345031738281 -0.0239715576171875 -0.0433425903320313
0.0702171325683594 0.0405464172363281 -0.00639724731445313 -0.0491943359375
0.0458450317382812 0.075592041015625 -0.00426101684570312 -0.0633468627929688
0.0112838745117188 0.107559204101563 0.000873565673828129 -0.0668525695800781
-0.01025390625 0.115585327148438 0.0425605773925781 -0.0211257934570312
0.0204620361328125 0.0904769897460938 0.000574111938476565 0.0145606994628906
0.0725631713867188 0.0603561401367187 0.0314483642578125 0.0459213256835938
0.0727691650390625 0.00260162353515625 0.0618705749511719 0.0202598571777344
0.0535316467285156 -0.0376243591308594 0.0575027465820313 -0.0196609497070313
0.0117607116699219 -0.0539932250976563 0.0206260681152344 -0.046417236328125
-0.0185432434082031 -0.0547103881835938 -0.0114707946777344 -0.0388946533203125
-0.0172958374023437 -0.061187744140625 -0.0119571685791016 -0.0197391510009766
-0.0258674621582031 -0.05889892578125 -0.0165863037109375 -0.00982856750488282
-0.00203704833984375 -0.0587348937988281 -0.0230045318603516 -0.00384902954101563
0.0343055725097656 -0.0578956604003906 -0.0259857177734375 -0.00855636596679688
0.0711822509765625 -0.030914306640625 -0.0303573608398437 -0.0315799713134766
0.0847930908203125 0.0473480224609375 -0.012420654296875 -0.0403404235839844
0.0508193969726562 0.0882034301757813 -0.00121307373046874 -0.0463142395019531
0.00340270996093751 0.12335205078125 -0.00364303588867188 -0.0331230163574219
-0.026763916015625 0.116279602050781 0.0329246520996094 0.0188941955566406
0.00663757324218749 0.105384826660156 -0.000923156738281245 0.0397529602050781
0.0739517211914063 0.082305908203125 0.023773193359375 0.0571784973144531
0.0859527587890625 0.0140838623046875 0.0517616271972656 0.0345878601074219
0.0686302185058594 -0.0390625 0.0508232116699219 -0.000263214111328127
0.0181617736816406 -0.0640220642089844 0.0204029083251953 -0.0228195190429688
-0.0182304382324219 -0.0627975463867187 -0.00163364410400391 -0.0158119201660156
-0.0179634094238281 -0.0689811706542969 -0.000464320182800294 0.00162804126739502
-0.0288619995117188 -0.0659675598144531 -0.00497627258300781 0.0117464065551758
-0.00443649291992188 -0.0647621154785156 -0.0180587768554688 0.0185489654541016
0.03399658203125 -0.0637550354003906 -0.0264339447021484 0.00893783569335937
0.0726852416992188 -0.033477783203125 -0.0339164733886719 -0.0181179046630859
0.0859375 0.049163818359375 -0.0156841278076172 -0.0306053161621094
0.0459976196289062 0.0904464721679688 0.00529098510742188 -0.0283946990966797
-0.00589752197265624 0.120941162109375 -0.0079350471496582 0.00279712677001954
-0.0366363525390625 0.09576416015625 0.0204010009765625 0.0565109252929688
-0.00945281982421875 0.0977020263671875 -0.00367736816406251 0.0629806518554688
0.0580520629882812 0.0870208740234375 0.0130157470703125 0.0627250671386719
0.079345703125 0.023590087890625 0.0360679626464844 0.0457038879394531
0.0689163208007813 -0.0316390991210938 0.0380592346191406 0.0184783935546875
0.0210800170898438 -0.0611648559570313 0.01837158203125 0.00238609313964843
-0.0155067443847656 -0.0603752136230469 0.0086665153503418 0.00778532028198242
-0.0161399841308594 -0.0658187866210938 0.01141357421875 0.0214881896972656
-0.0274200439453125 -0.0637855529785156 0.00632095336914062 0.0316963195800781
-0.00490188598632812 -0.0614852905273438 -0.012908935546875 0.038543701171875
0.0317039489746094 -0.0596771240234375 -0.0256404876708984 0.0236396789550781
0.0669631958007813 -0.0283966064453125 -0.0350627899169922 -0.00587463378906251
0.0749740600585938 0.0495147705078125 -0.0172386169433594 -0.0219936370849609
0.0321731567382813 0.08355712890625 0.0108346939086914 -0.01171875
-0.0167617797851562 0.103073120117188 -0.0133018493652344 0.0353012084960938
-0.0384292602539063 0.0587158203125 0.0065765380859375 0.0868759155273437
-0.0200920104980469 0.0700035095214844 -0.00678253173828125 0.0807342529296875
0.0323410034179688 0.0717926025390625 0.00327682495117188 0.0627517700195312
0.0570068359375 0.0257911682128906 0.0207328796386719 0.0507888793945313
0.0544395446777344 -0.0199508666992188 0.0237865447998047 0.0315113067626953
0.0190162658691406 -0.04791259765625 0.0147933959960938 0.0245704650878906
-0.0104904174804688 -0.0476799011230469 0.0182209014892578 0.0291938781738281
-0.0117835998535156 -0.0524673461914062 0.0219688415527344 0.0382614135742187
-0.0212974548339844 -0.0528450012207031 0.0169486999511719 0.0491104125976563
-0.00274658203125 -0.05084228515625 -0.00868988037109375 0.0550003051757813
0.0280075073242188 -0.0485916137695313 -0.0269050598144531 0.0362052917480469
0.0554885864257812 -0.0186500549316406 -0.0371246337890625 0.00473022460937499
0.0554656982421875 0.0467147827148438 -0.0194225311279297 -0.0162429809570312
0.0129661560058594 0.06976318359375 0.014164924621582 0.00188922882080079
-0.0278244018554688 0.0718994140625 -0.0210533142089844 0.0601081848144531
-0.0342636108398438 0.0109672546386719 -0.00127410888671876 0.102302551269531
-0.0260448455810547 0.0299339294433594 -0.00524139404296875 0.0886459350585938
0.00481414794921875 0.0420684814453125 -0.00301742553710937 0.0590057373046875
0.0261287689208984 0.0198249816894531 0.009674072265625 0.0515823364257813
0.0304851531982422 -0.00629234313964844 0.0138397216796875 0.0388679504394531
0.0128250122070312 -0.0269145965576172 0.0140190124511719 0.0383377075195313
-0.00466728210449219 -0.0276222229003906 0.0262718200683594 0.0427207946777344
-0.00644302368164062 -0.0314846038818359 0.0288467407226562 0.0488319396972656
-0.011871337890625 -0.035247802734375 0.0233573913574219 0.0614738464355469
8.20159912109391E-05 -0.0344696044921875 -0.00639724731445313 0.066986083984375
0.0217666625976563 -0.0322551727294922 -0.0305404663085937 0.0445594787597656
0.0391921997070313 -0.00860214233398438 -0.0407829284667969 0.0115432739257812
0.0317420959472656 0.0388412475585938 -0.0236434936523437 -0.0133914947509766
-0.00636291503906251 0.0479507446289063 0.0115633010864258 0.0111637115478516
-0.0346565246582031 0.0318603515625 -0.0325164794921875 0.074859619140625
0.0291862487792969 0.0148124694824219 0.028167724609375 -0.0864105224609375
0.0164222717285156 -0.0164289474487305 -0.0109348297119141 -0.0213718414306641
-0.00578689575195312 -0.0183696746826172 0.0270404815673828 0.0174694061279297
-0.016143798828125 -9.72747802734358E-05 0.0551719665527344 -0.0111427307128906
-0.0104703903198242 0.0114860534667969 0.0430831909179688 -0.0487327575683594
0.00146865844726562 0.0134782791137695 0.00823211669921875 -0.075408935546875
0.000961780548095703 0.00714445114135742 -0.031646728515625 -0.0684890747070312
-0.00176382064819336 0.00489091873168945 -0.0362014770507813 -0.0546684265136719
-0.00310325622558594 0.00580453872680664 -0.0345420837402344 -0.0469932556152344
-0.00433254241943359 0.000220775604248048 -0.0218544006347656 -0.0473098754882813
-0.00359678268432617 -0.00841283798217773 -0.0171318054199219 -0.0443763732910156
0.00494575500488281 -0.0175857543945313 -0.0124168395996094 -0.0526618957519531
0.0247383117675781 -0.00655174255371094 0.00548171997070313 -0.0615501403808594
0.0353851318359375 0.012969970703125 -0.00202178955078125 -0.0857925415039062
0.0312595367431641 0.0314655303955078 0.00301361083984376 -0.110527038574219
0.0236663818359375 0.0592575073242188 0.0370559692382812 -0.0781326293945313
0.027313232421875 0.0207996368408203 -0.00647735595703125 -0.017730712890625
0.0266056060791016 0.00191497802734375 0.0318260192871094 0.0228080749511719
0.0132369995117188 -0.00565528869628906 0.0617027282714844 -0.00674057006835938
0.00740432739257813 -0.0102825164794922 0.0509757995605469 -0.0470771789550781
0.000285148620605468 -0.010798454284668 0.011199951171875 -0.0744857788085938
-0.0100069046020508 -0.0156574249267578 -0.0295448303222656 -0.0667266845703125
-0.00995445251464844 -0.0211887359619141 -0.0330543518066406 -0.05010986328125
-0.0125026702880859 -0.02044677734375 -0.0335235595703125 -0.0418243408203125
-0.000564575195312501 -0.0242805480957031 -0.0246086120605469 -0.0402565002441406
0.0164871215820312 -0.0265750885009766 -0.0205078125 -0.0385818481445313
0.0363922119140625 -0.0192413330078125 -0.0182533264160156 -0.0501174926757813
0.0501022338867188 0.0217170715332031 -0.000873565673828127 -0.0568389892578125
0.0423202514648438 0.0499420166015625 -0.006195068359375 -0.0779037475585938
0.0234298706054688 0.0766830444335938 0.00138092041015625 -0.096160888671875
0.0117874145507812 0.0965194702148438 0.0423927307128906 -0.0569801330566406
0.0310020446777344 0.0593605041503906 -0.0029454231262207 -0.00550270080566406
0.0569343566894531 0.0289382934570313 0.0345249176025391 0.033599853515625
0.04547119140625 -0.00607681274414063 0.0660781860351563 0.0033416748046875
0.0298309326171875 -0.028961181640625 0.0571784973144531 -0.0387001037597656
0.00329971313476562 -0.0357284545898438 0.0159034729003906 -0.0663032531738281
-0.018218994140625 -0.0379600524902344 -0.023681640625 -0.0565528869628906
-0.0170211791992187 -0.0447998046875 -0.025146484375 -0.0377349853515625
-0.0220069885253906 -0.0430335998535156 -0.028472900390625 -0.0282707214355469
-0.00135040283203125 -0.0455284118652344 -0.0262985229492187 -0.0239353179931641
0.0280990600585938 -0.0455131530761719 -0.0250358581542969 -0.0255317687988281
0.0597152709960937 -0.0271072387695312 -0.0265274047851562 -0.0429153442382813
0.0739364624023438 0.0377655029296875 -0.00815963745117187 -0.0500373840332031
0.0507888793945313 0.0751876831054687 -0.00725555419921875 -0.0641441345214844
0.017059326171875 0.109527587890625 -0.00280380249023438 -0.0684394836425781
-0.004852294921875 0.118972778320313 0.0416183471679688 -0.0223960876464844
0.0254440307617187 0.0919189453125 -0.000330924987792968 0.0151863098144531
0.077667236328125 0.0574951171875 0.0326690673828125 0.0455245971679688
0.0739898681640625 -0.00095367431640625 0.0641555786132813 0.0183372497558594
0.0523223876953125 -0.0418548583984375 0.058441162109375 -0.0224037170410156
0.0092315673828125 -0.0555191040039063 0.0194053649902344 -0.0480766296386719
-0.0218849182128906 -0.0548744201660156 -0.0135116577148438 -0.0389633178710938
-0.0215568542480469 -0.0623321533203125 -0.0134944915771484 -0.0199623107910156
-0.0301437377929688 -0.0588417053222656 -0.0179672241210938 -0.00927925109863281
-0.00462722778320312 -0.0600357055664063 -0.0238571166992187 -0.00320625305175781
0.0322303771972656 -0.0603866577148437 -0.0272750854492188 -0.0084228515625
0.0710601806640625 -0.0355911254882813 -0.0331134796142578 -0.0309524536132813
0.0897216796875 0.043701171875 -0.0137901306152344 -0.0409011840820313
0.0556869506835937 0.0878219604492188 -0.00374984741210937 -0.0473823547363281
0.01007080078125 0.125663757324219 -0.00551605224609375 -0.0335941314697266
-0.0216598510742188 0.120147705078125 0.0339202880859375 0.0183124542236328
0.01220703125 0.107620239257813 -0.000694274902343748 0.0411300659179688
0.0801239013671875 0.080108642578125 0.0256919860839844 0.0568466186523438
0.0879440307617188 0.0103225708007812 0.0539474487304688 0.0336341857910156
0.0670890808105469 -0.0436973571777344 0.0523948669433594 -0.00191879272460938
0.0156135559082031 -0.066162109375 0.0207099914550781 -0.0236415863037109
-0.0219001770019531 -0.0631256103515625 -0.00212955474853516 -0.0154714584350586
-0.0227622985839844 -0.0695343017578125 -0.000258147716522218 0.000957965850830074
-0.0335845947265625 -0.065399169921875 -0.00507068634033203 0.0117311477661133
-0.00761413574218751 -0.0654525756835938 -0.0178432464599609 0.0196380615234375
0.0315589904785156 -0.0663604736328125 -0.0271320343017578 0.0094013214111328
0.0727005004882813 -0.0378189086914063 -0.0363578796386719 -0.0172195434570313
0.0907974243164063 0.0455856323242188 -0.0168094635009766 -0.0316581726074219
0.0511474609375 0.0898056030273438 0.00375747680664063 -0.0297374725341797
8.39233398437634E-05 0.124214172363281 -0.00839710235595703 0.00321722030639649
-0.033416748046875 0.0998916625976563 0.022613525390625 0.0573959350585938
-0.0048675537109375 0.100135803222656 -0.00179672241210938 0.0647926330566406
0.0635910034179688 0.0857620239257813 0.0148200988769531 0.063568115234375
0.0819320678710938 0.0204544067382813 0.0384521484375 0.0452651977539063
0.0682373046875 -0.0357017517089844 0.0403327941894531 0.0173759460449219
0.0185890197753906 -0.0636482238769531 0.0197906494140625 0.00259590148925781
-0.0183029174804688 -0.0608367919921875 0.00991535186767578 0.00794887542724609
-0.0209236145019531 -0.0665664672851562 0.0130767822265625 0.0209503173828125
-0.0319442749023437 -0.0635948181152344 0.00798797607421875 0.0317897796630859
-0.00804519653320312 -0.0620498657226563 -0.0110816955566406 0.0397415161132812
0.0294914245605469 -0.0622978210449219 -0.0255165100097656 0.0245838165283203
0.0668067932128906 -0.0324783325195312 -0.0369796752929687 -0.00459289550781251
0.0793609619140625 0.0460052490234375 -0.0183753967285156 -0.0220623016357422
0.0367507934570313 0.0841751098632813 0.0105772018432617 -0.0132846832275391
-0.0118179321289063 0.105827331542969 -0.01220703125 0.0359954833984375
-0.0372543334960938 0.0615043640136719 0.0101318359375 0.0887069702148438
-0.0170059204101563 0.0725173950195312 -0.00378417968750001 0.0825347900390625
0.0370864868164063 0.0711669921875 0.00499343872070313 0.0638160705566406
0.0593299865722656 0.0234031677246094 0.0228157043457031 0.0509147644042969
0.0545463562011719 -0.0226478576660156 0.0256195068359375 0.0320339202880859
0.0170364379882813 -0.0498390197753906 0.0167503356933594 0.024871826171875
-0.0130805969238281 -0.0478477478027344 0.0205059051513672 0.0294075012207031
-0.0153884887695313 -0.0530548095703125 0.0249710083007813 0.0373802185058594
-0.0248146057128906 -0.0526351928710938 0.0199813842773438 0.048583984375
-0.005126953125 -0.0515022277832031 -0.00500106811523437 0.0564460754394531
0.0260391235351563 -0.0506629943847656 -0.0263175964355469 0.0377120971679688
0.0556793212890625 -0.0219650268554688 -0.0383796691894531 0.00577926635742187
0.0591354370117188 0.0446891784667969 -0.0206813812255859 -0.0160045623779297
0.0166778564453125 0.0702896118164063 0.0144882202148438 0.000384330749511723
-0.0243301391601562 0.0743331909179687 -0.0190811157226562 0.0617866516113281
-0.0344619750976563 0.01226806640625 0.00255584716796875 0.104438781738281
-0.0253734588623047 0.0318031311035156 -0.0021209716796875 0.0900421142578125
0.0074462890625 0.0426216125488281 -0.000625610351562504 0.0605735778808594
0.0274143218994141 0.0193347930908203 0.0119705200195313 0.0521774291992188
0.0307998657226563 -0.00830841064453125 0.0159645080566406 0.0396194458007813
0.0115890502929687 -0.0283393859863281 0.0163345336914062 0.0391616821289062
-0.00618553161621094 -0.0279827117919922 0.0294570922851563 0.0420303344726563
-0.008575439453125 -0.0321521759033203 0.0325164794921875 0.0478324890136719
-0.0141258239746094 -0.0354042053222656 0.0272407531738281 0.0608291625976563
-0.00181198120117187 -0.0351066589355469 -0.00296401977539063 0.0687217712402344
0.0204219818115234 -0.0338630676269531 -0.0294265747070312 0.0466117858886719
0.0392608642578125 -0.0104866027832031 -0.0412826538085938 0.0134124755859375
0.0345954895019531 0.0377578735351562 -0.0246086120605469 -0.0130977630615234
-0.00387954711914063 0.0493888854980469 0.0122337341308594 0.00978946685791016
-0.0336170196533203 0.0332908630371094 -0.0300064086914062 0.07745361328125
0.0300121307373047 0.0137596130371094 0.0243453979492187 -0.0867538452148438
0.0151519775390625 -0.0172309875488281 -0.0123329162597656 -0.0201148986816406
-0.0071868896484375 -0.0181541442871094 0.0272617340087891 0.0167770385742188
-0.015995979309082 0.000779151916503907 0.0546875 -0.0131759643554688
-0.00999259948730469 0.012110710144043 0.0416755676269531 -0.0501518249511719
0.00203132629394531 0.0134553909301758 0.00463104248046875 -0.07574462890625
0.00103902816772461 0.00738191604614258 -0.0353202819824219 -0.0667381286621094
-0.00184917449951172 0.00518035888671875 -0.0394859313964844 -0.0523185729980469
-0.00245857238769531 0.00574636459350586 -0.0374221801757813 -0.0447425842285156
-0.00410866737365723 6.24656677246085E-05 -0.02410888671875 -0.0467720031738281
-0.00358819961547852 -0.0084376335144043 -0.0189590454101563 -0.0446548461914062
0.00382041931152344 -0.0177078247070313 -0.013916015625 -0.0519142150878906
0.0246944427490234 -0.00729751586914063 0.00353622436523438 -0.0618438720703125
0.0360488891601562 0.0112190246582031 -0.0050506591796875 -0.0850906372070312
0.0323352813720703 0.0300025939941406 -0.00164794921874999 -0.110321044921875
0.0266647338867187 0.0587921142578125 0.0331649780273438 -0.0785293579101563
0.0286369323730469 0.0192546844482422 -0.00811004638671874 -0.0165681838989258
0.02667236328125 -5.91278076171875E-05 0.0320587158203125 0.0218772888183594
0.0128946304321289 -0.00616931915283203 0.0616188049316406 -0.00878524780273438
0.0070648193359375 -0.0101261138916016 0.0489501953125 -0.0493011474609375
-2.76565551757805E-05 -0.0109663009643555 0.0081024169921875 -0.0757598876953125
-0.0108242034912109 -0.0153646469116211 -0.03302001953125 -0.0652503967285156
-0.0114879608154297 -0.0210895538330078 -0.0358200073242188 -0.0477523803710938
-0.0135879516601563 -0.0197563171386719 -0.0363998413085938 -0.0401611328125
-0.00140190124511719 -0.0240650177001953 -0.02667236328125 -0.03924560546875
0.0154094696044922 -0.0274314880371094 -0.0222244262695313 -0.0379791259765625
0.0355110168457031 -0.0211448669433594 -0.0206489562988281 -0.0494918823242188
0.0514335632324219 0.0195465087890625 -0.00240707397460937 -0.0563621520996094
0.0442962646484375 0.0481758117675781 -0.00943756103515624 -0.0770034790039062
0.02703857421875 0.0763168334960938 -0.00276947021484375 -0.0953750610351563
0.0159835815429688 0.0961761474609375 0.0396156311035156 -0.057403564453125
0.0340614318847656 0.0578651428222656 -0.00423073768615722 -0.00422430038452148
0.0584716796875 0.0253944396972656 0.0346965789794922 0.0320892333984375
0.0452156066894531 -0.00852584838867188 0.0660972595214844 0.0013275146484375
0.0285453796386719 -0.0307865142822266 0.0562248229980469 -0.0406455993652344
0.00181198120117188 -0.0356674194335937 0.0129966735839844 -0.0668983459472656
-0.01995849609375 -0.0368461608886719 -0.0261192321777344 -0.0550994873046875
-0.0199356079101562 -0.0443878173828125 -0.0273284912109375 -0.0363578796386719
-0.0243301391601563 -0.0419921875 -0.0300884246826172 -0.0268650054931641
-0.00299453735351562 -0.045745849609375 -0.0273380279541016 -0.0233345031738281
0.026336669921875 -0.0470695495605469 -0.0269241333007813 -0.0247306823730469
0.05792236328125 -0.0296707153320313 -0.0291862487792969 -0.0415077209472656
0.07659912109375 0.0343399047851563 -0.00975418090820312 -0.050048828125
0.0542755126953125 0.0727310180664062 -0.00985336303710937 -0.063507080078125
0.0221405029296875 0.108711242675781 -0.00583267211914063 -0.0681610107421875
0.000473022460937488 0.119621276855469 0.0403175354003906 -0.0236091613769531
0.0300674438476562 0.0905838012695313 -0.000647544860839841 0.0164480209350586
0.080810546875 0.0527801513671875 0.0333976745605469 0.0443458557128906
0.0735321044921875 -0.00408172607421875 0.0646743774414063 0.0159454345703125
0.0503005981445312 -0.044219970703125 0.0582923889160156 -0.0245895385742188
0.00649642944335937 -0.0557708740234375 0.0180130004882813 -0.0493011474609375
-0.0245475769042969 -0.0535049438476563 -0.0153923034667969 -0.0380821228027344
-0.0253791809082031 -0.0611190795898438 -0.0145244598388672 -0.0192356109619141
-0.0327606201171875 -0.0573310852050781 -0.0189704895019531 -0.0088348388671875
-0.0076904296875 -0.05926513671875 -0.0239391326904297 -0.00217247009277344
0.0291404724121094 -0.06201171875 -0.0281791687011719 -0.00797271728515626
0.0693588256835938 -0.0387802124023438 -0.0351791381835938 -0.02935791015625
0.0923233032226563 0.038970947265625 -0.0151329040527344 -0.0404777526855469
0.06011962890625 0.0850830078125 -0.00580596923828124 -0.0472068786621094
0.0162277221679687 0.125091552734375 -0.00742149353027344 -0.0332965850830078
-0.0165863037109375 0.121337890625 0.0341320037841797 0.0177001953125
0.0169754028320312 0.106781005859375 0.000259399414062505 0.0414619445800781
0.084197998046875 0.074920654296875 0.0264625549316406 0.0560264587402344
0.0882797241210938 0.0059356689453125 0.0551834106445313 0.0322036743164063
0.06494140625 -0.0471038818359375 0.05279541015625 -0.00335311889648438
0.0122947692871094 -0.0661125183105469 0.0205917358398438 -0.0240020751953125
-0.024658203125 -0.0618858337402344 -0.00233745574951172 -0.0148992538452148
-0.0268821716308594 -0.0685462951660156 0.000124871730804442 0.000506222248077388
-0.03729248046875 -0.0639419555664063 -0.00471210479736328 0.0113792419433594
-0.01092529296875 -0.0648727416992188 -0.0165653228759766 0.0199756622314453
0.0280647277832031 -0.067535400390625 -0.0269622802734375 0.0102329254150391
0.0708236694335938 -0.041046142578125 -0.0377120971679688 -0.0158348083496094
0.0931015014648438 0.0407791137695313 -0.0178279876708984 -0.0313320159912109
0.0555801391601562 0.0874710083007813 0.0026092529296875 -0.0301761627197266
0.006500244140625 0.124198913574219 -0.00862836837768555 0.00323867797851563
-0.0289077758789062 0.101417541503906 0.0243072509765625 0.0568199157714844
-0.000381469726562494 0.100059509277344 -0.000511169433593752 0.0651893615722656
0.0678787231445313 0.082183837890625 0.0163421630859375 0.0624427795410156
0.0828323364257813 0.016876220703125 0.039947509765625 0.0438232421875
0.0665473937988281 -0.0389823913574219 0.0412139892578125 0.0164527893066406
0.0156173706054687 -0.064239501953125 0.0204868316650391 0.00201034545898437
-0.021270751953125 -0.0593719482421875 0.0108499526977539 0.00765609741210937
-0.0247383117675781 -0.0656204223632813 0.0142650604248047 0.0196437835693359
-0.0353965759277344 -0.0617828369140625 0.00992012023925781 0.0307445526123047
-0.0108146667480469 -0.0612983703613281 -0.0086822509765625 0.0401077270507812
0.0259857177734375 -0.0631599426269531 -0.0248622894287109 0.0253238677978516
0.0652046203613281 -0.0354652404785156 -0.0376701354980469 -0.00294876098632812
0.0823516845703125 0.041778564453125 -0.0187397003173828 -0.0221366882324219
0.0405807495117188 0.08209228515625 0.0102510452270508 -0.0144414901733398
-0.00652313232421874 0.106063842773438 -0.0109519958496094 0.0363197326660156
-0.034515380859375 0.0626296997070313 0.0132369995117188 0.0886917114257813
-0.0139846801757812 0.07244873046875 -0.00109100341796875 0.0822525024414063
0.0406532287597656 0.0692481994628906 0.00703048706054688 0.06353759765625
0.0600318908691406 0.0211715698242187 0.0241775512695313 0.0503616333007813
0.0531539916992187 -0.0255928039550781 0.0277423858642578 0.0310611724853516
0.0145378112792969 -0.0506248474121094 0.0190582275390625 0.0246658325195312
-0.0154075622558594 -0.04718017578125 0.0225830078125 0.0285739898681641
-0.0185699462890625 -0.0524635314941406 0.0273780822753906 0.0354461669921875
-0.0278244018554688 -0.0511970520019531 0.022430419921875 0.0468788146972656
-0.00724792480468751 -0.0509147644042969 -0.0020904541015625 0.056488037109375
0.0232772827148438 -0.0515708923339844 -0.0248146057128906 0.0379829406738281
0.0542182922363281 -0.0247383117675781 -0.0385398864746094 0.00708389282226563
0.061248779296875 0.0415573120117188 -0.0206222534179687 -0.0162029266357422
0.0197257995605469 0.0694656372070313 0.0148506164550781 -0.00101757049560546
-0.020843505859375 0.0752716064453125 -0.0168266296386719 0.0621604919433594
-0.0342006683349609 0.0142860412597656 0.00669097900390624 0.104049682617188
-0.0239238739013672 0.0326061248779297 0.00131988525390624 0.0892868041992188
0.009674072265625 0.0419731140136719 0.00124740600585938 0.0603446960449219
0.0283222198486328 0.0182952880859375 0.0139808654785156 0.0521316528320313
0.0302085876464844 -0.00941085815429688 0.017578125 0.0396385192871094
0.0105419158935547 -0.0288028717041016 0.0193099975585938 0.0390472412109375
-0.00742721557617188 -0.0277347564697266 0.0317268371582031 0.0404434204101562
-0.010711669921875 -0.0322055816650391 0.0352439880371094 0.045318603515625
-0.0165443420410156 -0.0344734191894531 0.0306739807128906 0.0587272644042969
-0.00349998474121094 -0.0348606109619141 0.000621795654296872 0.0681228637695313
0.0189781188964844 -0.0347347259521484 -0.0279159545898437 0.0476036071777344
0.0388526916503906 -0.0123748779296875 -0.040863037109375 0.0143394470214844
0.0359725952148437 0.0362663269042969 -0.0248260498046875 -0.0129299163818359
-0.00206375122070312 0.0490303039550781 0.0128908157348633 0.00846099853515625
-0.0320949554443359 0.0342597961425781 -0.026763916015625 0.0775680541992187
0.0300998687744141 0.0134353637695312 0.0221405029296875 -0.0858612060546875
0.0148677825927734 -0.0175094604492188 -0.0130538940429688 -0.0188732147216797
-0.00734329223632813 -0.0182476043701172 0.0271072387695313 0.0164222717285156
-0.0154180526733398 0.000647544860839845 0.0539588928222656 -0.0134658813476562
-0.00978660583496094 0.0120306015014648 0.0403213500976563 -0.050628662109375
0.00213623046875 0.0132017135620117 0.00325775146484374 -0.0754318237304688
0.0011439323425293 0.00661039352416992 -0.0369834899902344 -0.0652389526367188
-0.00189304351806641 0.0050053596496582 -0.0412330627441406 -0.050323486328125
-0.00233078002929687 0.00574350357055664 -0.0386390686035156 -0.0428352355957031
-0.00388813018798828 7.867813110351E-06 -0.025482177734375 -0.0461959838867188
-0.00395631790161133 -0.00795173645019531 -0.020111083984375 -0.0443077087402344
0.00347900390625 -0.0179328918457031 -0.0147323608398437 -0.0512466430664063
0.0247669219970703 -0.00786781311035156 0.00315475463867188 -0.0608558654785156
0.0362205505371094 0.0104293823242188 -0.00693511962890624 -0.0833969116210938
0.0328559875488281 0.0288333892822266 -0.00372314453124999 -0.108795166015625
0.0281410217285156 0.0574684143066406 0.0309371948242188 -0.0772171020507813
0.0290794372558594 0.0183391571044922 -0.00921630859375 -0.0150651931762695
0.0260753631591797 -0.00105667114257813 0.0316295623779297 0.0216636657714844
0.013005256652832 -0.00661277770996094 0.0608673095703125 -0.00914382934570313
0.00606822967529297 -0.0105485916137695 0.0481986999511719 -0.0499725341796875
-0.000240325927734375 -0.0110607147216797 0.0066986083984375 -0.0750198364257813
-0.0113916397094727 -0.0148334503173828 -0.0347785949707031 -0.0633811950683594
-0.0125617980957031 -0.0203342437744141 -0.0376510620117188 -0.0462226867675781
-0.0139560699462891 -0.0191726684570313 -0.037872314453125 -0.0382766723632813
-0.00191307067871094 -0.0243034362792969 -0.0278854370117187 -0.0390167236328125
0.0142726898193359 -0.0279674530029297 -0.0231399536132812 -0.0377845764160156
0.034149169921875 -0.0217781066894531 -0.02130126953125 -0.0483283996582031
0.0520744323730469 0.0176773071289063 -0.00290298461914062 -0.0556373596191406
0.0452041625976563 0.0462837219238281 -0.0109634399414063 -0.0756072998046875
0.0284347534179687 0.07440185546875 -0.004974365234375 -0.0939559936523438
0.0183944702148438 0.0952529907226563 0.0374679565429688 -0.0564498901367187
0.0355644226074219 0.0566635131835938 -0.00494337081909179 -0.00311613082885742
0.0589637756347656 0.0230484008789063 0.0343399047851563 0.0312862396240234
0.0445709228515625 -0.009246826171875 0.0651779174804688 0.000408172607421874
0.0273189544677734 -0.0311870574951172 0.0552482604980469 -0.0414695739746094
0.000892639160156247 -0.0353813171386719 0.0115165710449219 -0.0668869018554688
-0.0207099914550781 -0.0355949401855469 -0.0273017883300781 -0.0540618896484375
-0.0214309692382813 -0.0430946350097656 -0.0284614562988281 -0.0351715087890625
-0.0255279541015625 -0.0407257080078125 -0.031158447265625 -0.0257759094238281
-0.00416183471679688 -0.0449562072753906 -0.0282955169677734 -0.0226535797119141
0.0248527526855469 -0.0472145080566406 -0.0273990631103516 -0.0247573852539063
0.0567855834960938 -0.0310783386230469 -0.0299873352050781 -0.0408096313476563
0.0771026611328125 0.0312652587890625 -0.0101165771484375 -0.0492172241210938
0.05535888671875 0.0707168579101563 -0.0111427307128906 -0.0622215270996094
0.0246658325195313 0.107025146484375 -0.007232666015625 -0.0666542053222656
0.0037689208984375 0.118392944335938 0.0388832092285156 -0.023345947265625
0.03265380859375 0.0889816284179688 -0.00164413452148437 0.0168399810791016
0.08160400390625 0.0498504638671875 0.0326499938964844 0.0437240600585938
0.0724334716796875 -0.00592041015625 0.064208984375 0.0151214599609375
0.0480194091796875 -0.0452423095703125 0.0577812194824219 -0.0255508422851563
0.00500869750976562 -0.055389404296875 0.0173072814941406 -0.0488395690917969
-0.0258293151855469 -0.0522117614746094 -0.0157890319824219 -0.0368919372558594
-0.0272216796875 -0.0598411560058594 -0.0152721405029297 -0.0187187194824219
-0.0345420837402344 -0.0553054809570313 -0.0198001861572266 -0.00847434997558594
-0.00887680053710938 -0.0585479736328125 -0.0238113403320313 -0.001617431640625
0.0273704528808594 -0.0622215270996094 -0.0284996032714844 -0.00799560546875
0.0674705505371094 -0.04052734375 -0.0359535217285156 -0.0284423828125
0.0926513671875 0.0352325439453125 -0.01556396484375 -0.0402069091796875
0.0618057250976563 0.08245849609375 -0.00655364990234375 -0.0466423034667969
0.0193939208984375 0.123405456542969 -0.008544921875 -0.0330944061279297
-0.013275146484375 0.12066650390625 0.0334625244140625 0.0175838470458984
0.0199356079101563 0.10552978515625 -0.000137329101562502 0.0416183471679688
0.0856475830078125 0.0717697143554687 0.0261268615722656 0.05499267578125
0.0872344970703125 0.0042724609375 0.0549507141113281 0.0310440063476562
0.063079833984375 -0.0484237670898438 0.0528335571289063 -0.0045013427734375
0.0108108520507813 -0.06591796875 0.0208740234375 -0.0243263244628906
-0.0260658264160156 -0.0602645874023438 -0.00203323364257813 -0.0150747299194336
-0.0295600891113281 -0.0670661926269531 -0.000135183334350588 0.000354617834091182
-0.0388565063476562 -0.0617027282714844 -0.00486278533935547 0.0113296508789062
-0.01214599609375 -0.0635757446289063 -0.0160732269287109 0.0199165344238281
0.0261497497558594 -0.0680160522460938 -0.0268211364746094 0.00966072082519531
0.0687408447265625 -0.0428123474121094 -0.0383529663085937 -0.0149269104003906
0.0933685302734375 0.03692626953125 -0.0175075531005859 -0.0309867858886719
0.0572509765625 0.0848846435546875 0.00234031677246094 -0.0303821563720703
0.00948333740234376 0.122039794921875 -0.00877809524536133 0.00304365158081055
-0.0262832641601562 0.101036071777344 0.0247840881347656 0.0565567016601563
0.00211334228515625 0.0988845825195312 0.000267028808593753 0.0649681091308594
0.0698318481445313 0.078948974609375 0.0163688659667969 0.0618476867675781
0.0820465087890625 0.0149383544921875 0.0401344299316406 0.0432968139648437
0.0649681091308594 -0.0410423278808594 0.0418243408203125 0.0160293579101562
0.0136909484863281 -0.063934326171875 0.0215034484863281 0.00186538696289062
-0.0223159790039062 -0.0579490661621094 0.0111322402954102 0.00753688812255859
-0.0270042419433594 -0.0642127990722656 0.0150356292724609 0.0183544158935547
-0.036834716796875 -0.0595741271972656 0.0102214813232422 0.0293540954589844
-0.0119094848632812 -0.0602264404296875 -0.007476806640625 0.0392608642578125
0.0239715576171875 -0.0631752014160156 -0.0246143341064453 0.0252056121826172
0.0631752014160156 -0.0368537902832031 -0.0375442504882812 -0.00231933593750001
0.0824813842773438 0.0383758544921875 -0.0187263488769531 -0.0220050811767578
0.042236328125 0.0798110961914063 0.00959968566894532 -0.0152597427368164
-0.00357055664062501 0.104408264160156 -0.0102272033691406 0.035888671875
-0.032745361328125 0.0632591247558594 0.0150604248046875 0.088287353515625
-0.0119552612304688 0.071746826171875 0.000228881835937504 0.0812530517578125
0.0420646667480469 0.0665092468261719 0.00679779052734376 0.0630416870117188
0.0600509643554687 0.0195655822753906 0.0249595642089844 0.0496063232421875
0.0521354675292969 -0.0267868041992188 0.0282325744628906 0.0305900573730469
0.0131492614746094 -0.0504074096679688 0.0202503204345703 0.0249118804931641
-0.0159378051757812 -0.0460166931152344 0.0238246917724609 0.0272769927978516
-0.020111083984375 -0.0509605407714844 0.0277194976806641 0.0333061218261719
-0.0291748046875 -0.0496749877929687 0.0234642028808594 0.0454940795898438
-0.00915908813476562 -0.0495796203613281 -0.000255584716796871 0.0556297302246094
0.0217399597167969 -0.0515594482421875 -0.0241012573242187 0.0380706787109375
0.0529365539550781 -0.0254592895507813 -0.0387306213378906 0.00752639770507812
0.0619392395019531 0.0389823913574219 -0.0201911926269531 -0.0163059234619141
0.0212326049804687 0.0683250427246094 0.0144844055175781 -0.00274372100830078
-0.0182266235351563 0.0742874145507813 -0.0157814025878906 0.0615310668945313
-0.0335216522216797 0.0146102905273438 0.00848388671875001 0.103202819824219
-0.0227260589599609 0.0326347351074219 0.00231170654296876 0.0881576538085938
0.0110282897949219 0.0410385131835938 0.000862121582031252 0.0596580505371094
0.0284881591796875 0.0174484252929688 0.0146560668945312 0.0515785217285156
0.0297374725341797 -0.0105323791503906 0.0183029174804688 0.0392265319824219
0.00927925109863281 -0.0286655426025391 0.0207366943359375 0.0391044616699219
-0.00844955444335938 -0.0266494750976563 0.0335121154785156 0.0393714904785156
-0.0113124847412109 -0.0311508178710937 0.0364990234375 0.0426979064941406
-0.0175361633300781 -0.0335769653320313 0.0323333740234375 0.0567970275878906
-0.00445938110351563 -0.0340824127197266 0.00277709960937499 0.0669593811035156
0.0178737640380859 -0.0348262786865234 -0.0265541076660156 0.0472564697265625
0.0376663208007813 -0.012786865234375 -0.0405960083007813 0.014892578125
0.0365867614746094 0.0342864990234375 -0.0241775512695312 -0.0128345489501953
-0.000419616699218755 0.0486907958984375 0.0130510330200195 0.00684833526611328
-0.0312080383300781 0.0343723297119141 -0.0256271362304688 0.0766754150390625
0.030487060546875 0.0139904022216797 0.0216445922851562 -0.0848617553710938
0.0147247314453125 -0.0175142288208008 -0.0132942199707031 -0.0179386138916016
-0.00735664367675781 -0.0183334350585938 0.02703857421875 0.0172481536865234
-0.015416145324707 0.000716209411621094 0.0540657043457031 -0.0130386352539063
-0.00949859619140625 0.0118541717529297 0.0409736633300781 -0.0508575439453125
0.00242805480957031 0.0129489898681641 0.00270843505859375 -0.0756912231445313
0.00138378143310547 0.00674533843994141 -0.0379409790039063 -0.0645370483398438
-0.00164127349853516 0.00505876541137695 -0.0422935485839844 -0.0493049621582031
-0.00189495086669922 0.00510025024414063 -0.0392189025878906 -0.042022705078125
-0.00337386131286621 -8.67843627929682E-05 -0.0267066955566406 -0.0466690063476563
-0.00408172607421875 -0.00820302963256836 -0.0204849243164062 -0.0449485778808594
0.00341796875 -0.0175991058349609 -0.0147018432617187 -0.0516014099121094
0.0249176025390625 -0.008026123046875 0.0041046142578125 -0.060455322265625
0.0360565185546875 0.00982284545898438 -0.00638580322265625 -0.08251953125
0.0325202941894531 0.0294475555419922 -0.00353240966796874 -0.108299255371094
0.0288009643554688 0.0580291748046875 0.0308609008789063 -0.076995849609375
0.0293178558349609 0.0182895660400391 -0.00937175750732421 -0.0139169692993164
0.0265522003173828 -0.00203323364257813 0.0313739776611328 0.0224189758300781
0.0128488540649414 -0.00678920745849609 0.060943603515625 -0.00894927978515625
0.00618267059326172 -0.0103435516357422 0.0488128662109375 -0.0499229431152344
-0.000283241271972656 -0.0109519958496094 0.00603485107421875 -0.0753402709960938
-0.0112924575805664 -0.0147504806518555 -0.0351829528808594 -0.0627593994140625
-0.0129375457763672 -0.0201301574707031 -0.0384025573730469 -0.0456962585449219
-0.0139217376708984 -0.0194053649902344 -0.0385627746582031 -0.0376739501953125
-0.00180816650390625 -0.0241775512695312 -0.0287513732910156 -0.0388412475585938
0.014312744140625 -0.0282058715820313 -0.0240058898925781 -0.0384635925292969
0.0342445373535156 -0.0217342376708984 -0.0215415954589844 -0.048370361328125
0.0526008605957031 0.0170555114746094 -0.00177764892578125 -0.0557441711425781
0.04541015625 0.0460128784179688 -0.0104827880859375 -0.0750198364257813
0.0287246704101563 0.0745620727539063 -0.0050048828125 -0.0940322875976563
0.0191879272460937 0.0955657958984375 0.0369453430175781 -0.0557174682617187
0.0359725952148438 0.0563011169433594 -0.00565195083618164 -0.00218534469604492
0.0591049194335938 0.0220756530761719 0.0338287353515625 0.0325469970703125
0.0446968078613281 -0.00973129272460938 0.0652236938476563 0.000720977783203124
0.0261459350585938 -0.0312423706054687 0.0558624267578125 -0.0416603088378906
0.000488281250000001 -0.0352439880371094 0.0118789672851563 -0.0668296813964844
-0.0207862854003906 -0.0356788635253906 -0.0277671813964844 -0.0532951354980469
-0.0224533081054688 -0.0429878234863281 -0.0293693542480469 -0.0348300933837891
-0.02545166015625 -0.0402870178222656 -0.0320720672607422 -0.0250110626220703
-0.00423049926757813 -0.0445327758789062 -0.0286083221435547 -0.0228290557861328
0.0246009826660156 -0.0477714538574219 -0.0281181335449219 -0.02593994140625
0.0563697814941406 -0.0315017700195313 -0.0304946899414062 -0.0402679443359375
0.0772628784179688 0.0305252075195313 -0.009307861328125 -0.0494728088378906
0.0559005737304688 0.0701446533203125 -0.0113525390625 -0.06219482421875
0.0257644653320313 0.107101440429688 -0.00743103027343751 -0.0666160583496094
0.00457763671874999 0.11846923828125 0.0383033752441406 -0.0221939086914062
0.0331039428710937 0.0889892578125 -0.00237464904785156 0.0177726745605469
0.0824050903320313 0.0485305786132812 0.03173828125 0.0440864562988281
0.0728225708007812 -0.00646209716796875 0.0637054443359375 0.0155715942382812
0.0474624633789063 -0.0458145141601563 0.0587120056152344 -0.0255661010742188
0.00468444824218749 -0.0550308227539063 0.0175323486328125 -0.0493927001953125
-0.02606201171875 -0.0517845153808594 -0.0156173706054688 -0.0364723205566406
-0.0284957885742188 -0.0593528747558594 -0.0159587860107422 -0.0189857482910156
-0.0353965759277344 -0.054840087890625 -0.0200653076171875 -0.00798225402832032
-0.00885009765625 -0.0582313537597656 -0.0240364074707031 -0.00233078002929688
0.0270957946777344 -0.0622406005859375 -0.0288276672363281 -0.00862503051757813
0.067169189453125 -0.0411529541015625 -0.0363044738769531 -0.0281982421875
0.0930099487304688 0.03436279296875 -0.0147666931152344 -0.0406227111816406
0.0620880126953125 0.0822906494140625 -0.00663375854492187 -0.0466384887695312
0.020263671875 0.123031616210937 -0.00844573974609374 -0.0326519012451172
-0.0125198364257813 0.120979309082031 0.0330181121826172 0.0186328887939453
0.0205001831054688 0.104942321777344 -0.000850677490234375 0.0424346923828125
0.0865707397460937 0.0702438354492188 0.0248985290527344 0.0556564331054688
0.0868911743164063 0.00373077392578125 0.0543556213378906 0.0313911437988281
0.0620231628417969 -0.04901123046875 0.0537567138671875 -0.0042877197265625
0.00994873046875 -0.0654144287109375 0.02117919921875 -0.0243625640869141
-0.0261192321777344 -0.0599136352539063 -0.00135707855224609 -0.0151233673095703
-0.0306053161621094 -0.0665626525878906 -0.000121563673019411 -9.87499952316325E-05
-0.0394363403320313 -0.0607986450195312 -0.00495624542236328 0.0107126235961914
-0.0125732421875 -0.0627899169921875 -0.0155467987060547 0.019500732421875
0.0253524780273438 -0.0676460266113281 -0.0273628234863281 0.00914764404296874
0.0682449340820312 -0.0432968139648437 -0.0387344360351562 -0.0145416259765625
0.0941619873046875 0.03594970703125 -0.0171070098876953 -0.0316505432128906
0.0576400756835938 0.0843582153320313 0.002197265625 -0.0306529998779297
0.0106964111328125 0.121795654296875 -0.00880908966064453 0.00325298309326173
-0.025848388671875 0.101272583007813 0.0246162414550781 0.0572891235351563
0.00303649902343751 0.0985794067382813 -0.000663757324218745 0.0645599365234375
0.0707778930664063 0.0776138305664063 0.0150489807128906 0.06219482421875
0.0820083618164062 0.0149002075195312 0.0392684936523438 0.043548583984375
0.0643768310546875 -0.041046142578125 0.0426826477050781 0.0160865783691406
0.0134086608886719 -0.063812255859375 0.0222320556640625 0.00193023681640625
-0.0225868225097656 -0.05792236328125 0.0123453140258789 0.00752449035644531
-0.0280265808105469 -0.0636100769042969 0.0149707794189453 0.0179367065429687
-0.0376243591308594 -0.0587844848632812 0.0100650787353516 0.0290603637695312
-0.012664794921875 -0.05963134765625 -0.00712966918945312 0.0389671325683594
0.0237655639648438 -0.0633316040039063 -0.0250911712646484 0.0247974395751953
0.0627479553222656 -0.0369644165039063 -0.0384140014648437 -0.00224304199218749
0.0830001831054688 0.0374221801757812 -0.0182857513427734 -0.0229759216308594
0.0427627563476563 0.07916259765625 0.00952529907226563 -0.0159244537353516
-0.00296783447265625 0.104576110839844 -0.010528564453125 0.03558349609375
-0.0323867797851563 0.0632133483886719 0.0148239135742187 0.08819580078125
-0.0118255615234375 0.0714111328125 -0.000129699707031242 0.0813217163085938
0.0421333312988281 0.0660743713378906 0.00559616088867188 0.0626258850097656
0.0601921081542969 0.0195770263671875 0.0245208740234375 0.0499229431152344
0.0518302917480469 -0.0274581909179688 0.0287132263183594 0.031005859375
0.0124740600585938 -0.0502586364746094 0.0214996337890625 0.0250473022460937
-0.0164527893066406 -0.0455856323242188 0.02496337890625 0.0268287658691406
-0.0213165283203125 -0.0509567260742188 0.0282726287841797 0.0327358245849609
-0.0299758911132813 -0.04864501953125 0.0239753723144531 0.0445480346679688
-0.00930786132812499 -0.0496673583984375 0.000228881835937497 0.05487060546875
0.0212745666503906 -0.0516204833984375 -0.0246124267578125 0.0379753112792969
0.0528755187988281 -0.0255622863769531 -0.0387992858886719 0.00771331787109375
0.06201171875 0.0382118225097656 -0.0203304290771484 -0.0167789459228516
0.0217361450195313 0.0677528381347656 0.0141677856445313 -0.00343513488769531
-0.0179290771484375 0.0739822387695312 -0.0161552429199219 0.0607872009277344
-0.0331382751464844 0.0148067474365234 0.0084381103515625 0.103302001953125
-0.0225448608398438 0.0322608947753906 0.00255584716796875 0.087890625
0.0111579895019531 0.0406074523925781 0.000679016113281255 0.0597114562988281
0.0285434722900391 0.0176372528076172 0.0141677856445313 0.0519828796386719
0.0296440124511719 -0.0104541778564453 0.0190887451171875 0.0399169921875
0.0089874267578125 -0.0293750762939453 0.0218429565429688 0.0393867492675781
-0.00804328918457031 -0.0265979766845703 0.034271240234375 0.0383758544921875
-0.0117607116699219 -0.031036376953125 0.0369491577148438 0.0420684814453125
-0.0179729461669922 -0.0327892303466797 0.0327835083007813 0.0556068420410156
-0.00426292419433594 -0.0341587066650391 0.00347137451171875 0.0667381286621094
0.0173358917236328 -0.0345382690429688 -0.0267906188964844 0.0473785400390625
0.0378875732421875 -0.0127334594726562 -0.0413169860839844 0.0147247314453125
0.0369606018066406 0.0337905883789063 -0.0239105224609375 -0.0135097503662109
-0.000514984130859374 0.0486602783203125 0.0127639770507813 0.00582218170166016
-0.0309238433837891 0.034332275390625 -0.0259246826171875 0.0766372680664063
0.0315876007080078 0.0143318176269531 0.0226898193359375 -0.086822509765625
0.0148277282714844 -0.0177822113037109 -0.0140171051025391 -0.0177135467529297
-0.00762367248535156 -0.0187454223632813 0.0274467468261719 0.0180854797363281
-0.0157089233398438 0.000677108764648437 0.0552940368652344 -0.0129776000976563
-0.00983715057373047 0.0128583908081055 0.0422096252441406 -0.0517692565917969
0.00213050842285156 0.0132694244384766 0.00298309326171874 -0.0776214599609375
0.000978946685791016 0.00678205490112305 -0.0390396118164062 -0.0655899047851563
-0.00206327438354492 0.00539684295654297 -0.0436210632324219 -0.0494384765625
-0.00214862823486328 0.00559806823730469 -0.0406532287597656 -0.04278564453125
-0.00374937057495117 -0.000642538070678711 -0.0276222229003906 -0.0482025146484375
-0.00399208068847656 -0.0085902214050293 -0.0215034484863281 -0.0464515686035156
0.00317573547363281 -0.0179042816162109 -0.0142440795898437 -0.0529556274414063
0.0258121490478516 -0.00808143615722656 0.005645751953125 -0.0616836547851563
0.0366020202636719 0.0102157592773438 -0.00582122802734376 -0.083770751953125
0.03338623046875 0.0300178527832031 -0.00213623046874999 -0.110542297363281
0.0295600891113281 0.0594444274902344 0.031585693359375 -0.077301025390625
0.0300426483154297 0.0184860229492188 -0.0100317001342773 -0.0133018493652344
0.0271015167236328 -0.00189208984375 0.0317268371582031 0.0239696502685547
0.0130720138549805 -0.00716686248779297 0.0625343322753906 -0.00834274291992188
0.00581169128417969 -0.0107278823852539 0.0509033203125 -0.0511512756347656
-0.000316619873046876 -0.0105476379394531 0.00676727294921874 -0.077392578125
-0.0115509033203125 -0.0148115158081055 -0.0362510681152344 -0.0638961791992188
-0.0140953063964844 -0.0205154418945313 -0.0401115417480469 -0.0460853576660156
-0.0145130157470703 -0.0197067260742188 -0.0396156311035156 -0.0381355285644531
-0.00189208984375 -0.0248222351074219 -0.02996826171875 -0.0400772094726562
0.0148067474365234 -0.0291156768798828 -0.0246925354003906 -0.040283203125
0.0347118377685547 -0.0225334167480469 -0.0218009948730469 -0.0496559143066406
0.0542030334472656 0.0174293518066406 -0.000747680664062498 -0.0571365356445313
0.0461845397949219 0.0470390319824219 -0.00987243652343751 -0.0760040283203125
0.029022216796875 0.0769119262695313 -0.00403594970703125 -0.095550537109375
0.02001953125 0.0977249145507813 0.0378532409667969 -0.0553817749023437
0.0373306274414063 0.05718994140625 -0.00632333755493164 -0.00115060806274414
0.0608062744140625 0.02178955078125 0.0335502624511719 0.0337696075439453
0.0455741882324219 -0.0100212097167969 0.0666351318359375 0.001678466796875
0.0268669128417969 -0.0323543548583984 0.0581207275390625 -0.0430221557617188
0.000751495361328125 -0.0355758666992188 0.012481689453125 -0.0684776306152344
-0.0214080810546875 -0.0360679626464844 -0.0280532836914063 -0.0540122985839844
-0.0235099792480469 -0.0438499450683594 -0.030242919921875 -0.0352745056152344
-0.0264015197753906 -0.0408172607421875 -0.0332813262939453 -0.0252723693847656
-0.00426101684570312 -0.0457496643066406 -0.0294437408447266 -0.023651123046875
0.0249137878417969 -0.0489006042480469 -0.0290069580078125 -0.027008056640625
0.0578651428222656 -0.0326080322265625 -0.0309524536132812 -0.0414276123046875
0.0796051025390625 0.0307540893554688 -0.00828170776367187 -0.0507850646972656
0.0568161010742188 0.0717544555664063 -0.0106964111328125 -0.0631065368652344
0.0257186889648437 0.109939575195313 -0.0070648193359375 -0.0678558349609375
0.00461578369140625 0.121330261230469 0.0390892028808594 -0.021484375
0.0342254638671875 0.0902099609375 -0.00314712524414062 0.0191822052001953
0.084320068359375 0.0488204956054687 0.0312385559082031 0.0462760925292969
0.0744094848632812 -0.0061187744140625 0.0649986267089844 0.017181396484375
0.048095703125 -0.0468254089355469 0.0606765747070313 -0.0261688232421875
0.00482177734375 -0.0557746887207031 0.0185813903808594 -0.0503044128417969
-0.0267524719238281 -0.0526885986328125 -0.0156211853027344 -0.0373268127441406
-0.0303077697753906 -0.0604057312011719 -0.0164356231689453 -0.0189914703369141
-0.0363235473632813 -0.0552635192871094 -0.0212383270263672 -0.00801277160644531
-0.0093231201171875 -0.0589447021484375 -0.0246925354003906 -0.00238609313964844
0.0273208618164063 -0.0635871887207031 -0.0297813415527344 -0.00967025756835938
0.0686798095703125 -0.0421676635742188 -0.037841796875 -0.028717041015625
0.095489501953125 0.03436279296875 -0.0140762329101562 -0.0420379638671875
0.0634918212890625 0.0841598510742187 -0.00636672973632812 -0.0477943420410156
0.0206756591796875 0.125823974609375 -0.0087890625 -0.0333518981933594
-0.0129165649414063 0.12396240234375 0.0334606170654297 0.0200462341308594
0.0211181640625 0.107093811035156 -0.0014495849609375 0.0436859130859375
0.0887680053710937 0.0708541870117188 0.0236968994140625 0.0577812194824219
0.0893020629882813 0.0042572021484375 0.055084228515625 0.0332221984863281
0.0636672973632813 -0.049835205078125 0.0557594299316406 -0.0040740966796875
0.0106315612792969 -0.066558837890625 0.0225353240966797 -0.0246028900146484
-0.0266265869140625 -0.060699462890625 -0.00090312957763672 -0.0154829025268555
-0.0322990417480469 -0.0674476623535156 -0.000564694404602053 -0.000486731529235844
-0.0409164428710938 -0.0615386962890625 -0.00597858428955078 0.011073112487793
-0.012664794921875 -0.063934326171875 -0.0155658721923828 0.0196914672851563
0.0260276794433594 -0.0687370300292969 -0.0282917022705078 0.00912475585937499
0.0699691772460938 -0.0442008972167969 -0.0398139953613281 -0.0149497985839844
0.0963211059570313 0.0361557006835938 -0.0167064666748047 -0.0328845977783203
0.0587234497070313 0.0867691040039063 0.00216102600097656 -0.0316753387451172
0.010894775390625 0.124549865722656 -0.00922298431396484 0.0034465789794922
-0.0263595581054688 0.104087829589844 0.024932861328125 0.0593528747558594
0.00289154052734376 0.100273132324219 -0.00143814086914062 0.0667724609375
0.07232666015625 0.0787734985351562 0.0135879516601562 0.0638008117675781
0.0834274291992188 0.0154266357421875 0.0396461486816406 0.0455551147460938
0.0656967163085938 -0.042205810546875 0.0438194274902344 0.0172805786132812
0.0139122009277344 -0.0648956298828125 0.0234279632568359 0.00259208679199218
-0.0229225158691406 -0.0589408874511719 0.0132999420166016 0.00755214691162109
-0.0293922424316406 -0.0645980834960938 0.0153350830078125 0.0178413391113281
-0.0391616821289062 -0.059326171875 0.0100898742675781 0.0293998718261719
-0.012542724609375 -0.0604705810546875 -0.00702667236328125 0.0393714904785156
0.0240592956542969 -0.0643844604492188 -0.0262374877929688 0.0248012542724609
0.0640945434570313 -0.0378990173339844 -0.0396347045898437 -0.00215911865234375
0.0844573974609375 0.0379562377929688 -0.0181312561035156 -0.0242214202880859
0.0439376831054688 0.0814666748046875 0.00963020324707032 -0.0172281265258789
-0.0031585693359375 0.106285095214844 -0.0113945007324219 0.0364456176757813
-0.0329437255859375 0.0647430419921875 0.0143661499023437 0.0905227661132813
-0.01251220703125 0.0725784301757813 -0.00167846679687499 0.0830459594726562
0.0433235168457031 0.0667610168457031 0.00419998168945312 0.06451416015625
0.0609016418457031 0.0200958251953125 0.0243186950683594 0.0519332885742187
0.0529937744140625 -0.0279045104980469 0.0299777984619141 0.0327949523925781
0.0130882263183594 -0.0516281127929688 0.022796630859375 0.0259838104248047
-0.0164871215820313 -0.0466423034667969 0.0263767242431641 0.0272846221923828
-0.0220451354980469 -0.0520248413085938 0.0291843414306641 0.0326499938964844
-0.030731201171875 -0.0493202209472656 0.024566650390625 0.04486083984375
-0.00880050659179687 -0.0503044128417969 0.000385284423828119 0.0556259155273438
0.0217132568359375 -0.0519905090332031 -0.0254859924316406 0.0386772155761719
0.0540504455566406 -0.0260009765625 -0.0397529602050781 0.00777816772460938
0.0637130737304688 0.0390663146972656 -0.020263671875 -0.0177783966064453
0.022125244140625 0.0691986083984375 0.0145711898803711 -0.00406074523925781
-0.0186996459960938 0.0756454467773438 -0.0168647766113281 0.0620803833007812
-0.0338363647460938 0.0155105590820312 0.00789642333984374 0.1058349609375
-0.0232887268066406 0.0323696136474609 0.00109100341796875 0.0890045166015625
0.0116424560546875 0.0408897399902344 -0.000617980957031256 0.0611457824707031
0.02911376953125 0.0181941986083984 0.0136604309082031 0.0534782409667969
0.0303840637207031 -0.0111198425292969 0.0198135375976563 0.04150390625
0.00899124145507812 -0.0297336578369141 0.0233230590820313 0.04095458984375
-0.00807762145996094 -0.0269851684570313 0.0358619689941406 0.03912353515625
-0.0122737884521484 -0.0312366485595703 0.0384063720703125 0.0423507690429688
-0.018798828125 -0.0332126617431641 0.0338096618652344 0.0562629699707031
-0.00394248962402344 -0.0346927642822266 0.00364303588867188 0.067718505859375
0.0179462432861328 -0.0348739624023438 -0.0282516479492188 0.048248291015625
0.0387687683105469 -0.0126304626464844 -0.0418014526367188 0.0147705078125
0.0378074645996094 0.0344085693359375 -0.0240821838378906 -0.0145111083984375
-0.00030899047851562 0.0493354797363281 0.0129470825195313 0.0049734115600586
-0.0316543579101563 0.0346755981445313 -0.0273513793945313 0.0780487060546875
0.0331783294677734 0.0147724151611328 0.0230636596679688 -0.0899887084960937
0.0152091979980469 -0.0182170867919922 -0.01470947265625 -0.0173559188842773
-0.00824546813964844 -0.0195579528808594 0.0286884307861328 0.0193729400634766
-0.0164918899536133 0.000503540039062497 0.0578193664550781 -0.0133056640625
-0.0098114013671875 0.0140848159790039 0.04364013671875 -0.0553054809570313
0.00242519378662109 0.013585090637207 0.00210571289062501 -0.0811767578125
0.000809669494628906 0.00678730010986328 -0.0420722961425781 -0.0669479370117188
-0.00214767456054688 0.00577020645141602 -0.0463981628417969 -0.049835205078125
-0.00222015380859375 0.00537872314453125 -0.0435562133789063 -0.0439872741699219
-0.00415992736816406 -0.000943899154663086 -0.0306129455566406 -0.050262451171875
-0.00405120849609375 -0.00930023193359375 -0.0233306884765625 -0.0487823486328125
0.00333976745605469 -0.0183868408203125 -0.0154495239257812 -0.0552597045898438
0.027252197265625 -0.0089874267578125 0.00633621215820313 -0.0642623901367188
0.0379409790039062 0.00995254516601562 -0.00645446777343751 -0.08575439453125
0.0350761413574219 0.0315628051757813 -0.00225830078124999 -0.114517211914063
0.0314483642578125 0.0617599487304687 0.0321273803710938 -0.0802688598632813
0.0316009521484375 0.0189685821533203 -0.011265754699707 -0.0125751495361328
0.0284290313720703 -0.00295448303222656 0.0327491760253906 0.0253925323486328
0.0137796401977539 -0.00752830505371094 0.0651359558105469 -0.00878143310546875
0.00546550750732422 -0.0107326507568359 0.05224609375 -0.0541915893554688
-0.0001068115234375 -0.0112829208374023 0.00642395019531251 -0.0809707641601563
-0.0125694274902344 -0.0154266357421875 -0.0390739440917969 -0.065216064453125
-0.0149383544921875 -0.0213680267333984 -0.0428276062011719 -0.0467491149902344
-0.0154342651367188 -0.0202121734619141 -0.0426025390625 -0.0388259887695312
-0.0018768310546875 -0.0260448455810547 -0.03240966796875 -0.0421791076660156
0.0149745941162109 -0.0305862426757813 -0.0263595581054688 -0.0425872802734375
0.0360145568847656 -0.0235671997070313 -0.0229644775390625 -0.0517120361328125
0.0568580627441406 0.0173530578613281 5.34057617187508E-05 -0.0596809387207031
0.0482711791992188 0.0483551025390625 -0.0112152099609375 -0.0778274536132813
0.0314483642578125 0.079986572265625 -0.00441741943359374 -0.09930419921875
0.0219879150390625 0.101875305175781 0.0388526916503906 -0.0575408935546875
0.0393409729003906 0.0594444274902344 -0.00731325149536133 -0.000121593475341794
0.0637054443359375 0.02130126953125 0.0346870422363281 0.0358619689941406
0.0472183227539063 -0.0108566284179688 0.0694808959960938 0.002197265625
0.0274333953857422 -0.0335693359375 0.0602149963378906 -0.0456695556640625
0.000457763671874997 -0.0367202758789063 0.0124282836914062 -0.0722732543945312
-0.0225601196289063 -0.0368537902832031 -0.0299339294433594 -0.0560569763183594
-0.0257720947265625 -0.0450210571289063 -0.032623291015625 -0.035919189453125
-0.0284080505371094 -0.042205810546875 -0.035797119140625 -0.0256423950195313
-0.0047760009765625 -0.0473442077636719 -0.0314960479736328 -0.0247421264648438
0.0252113342285156 -0.0512619018554688 -0.0311489105224609 -0.0283184051513672
0.0596275329589844 -0.0343780517578125 -0.0331039428710937 -0.0427818298339844
0.0835342407226563 0.0304794311523438 -0.00841522216796875 -0.0535049438476563
0.059906005859375 0.0745925903320312 -0.0115242004394531 -0.0653953552246094
0.0279769897460938 0.114402770996094 -0.007843017578125 -0.0703048706054687
0.0066986083984375 0.126441955566406 0.0403594970703125 -0.0220680236816406
0.0367355346679688 0.0935440063476563 -0.00362777709960937 0.0212306976318359
0.08892822265625 0.0485382080078125 0.0321617126464844 0.0486068725585937
0.07757568359375 -0.00751495361328125 0.0674209594726563 0.0183219909667969
0.0494575500488281 -0.0495262145996094 0.0635299682617188 -0.027984619140625
0.00468826293945313 -0.0580482482910156 0.0193824768066406 -0.0529365539550781
-0.0285110473632813 -0.054046630859375 -0.0165939331054688 -0.0386543273925781
-0.0334320068359375 -0.0620956420898438 -0.0176963806152344 -0.0198650360107422
-0.0392570495605469 -0.0568656921386719 -0.0228004455566406 -0.00792503356933594
-0.00995254516601563 -0.0610733032226563 -0.0260143280029297 -0.00286674499511719
0.0275535583496094 -0.0668220520019531 -0.0324077606201172 -0.0102348327636719
0.0709228515625 -0.0449752807617188 -0.0396003723144531 -0.029632568359375
0.100120544433594 0.033843994140625 -0.0144081115722656 -0.0446891784667969
0.0671463012695313 0.0867691040039063 -0.00680923461914062 -0.0496253967285156
0.0236663818359375 0.131843566894531 -0.00937461853027344 -0.0345802307128906
-0.0111846923828125 0.129631042480469 0.0348644256591797 0.0214595794677734
0.0234832763671875 0.110801696777344 -0.002044677734375 0.0465202331542969
0.0933303833007813 0.0718765258789063 0.0244979858398438 0.0600051879882812
0.0928573608398438 0.0031585693359375 0.0569801330566406 0.034820556640625
0.06524658203125 -0.053314208984375 0.0591583251953125 -0.00468063354492188
0.0103874206542969 -0.0694236755371094 0.0242214202880859 -0.0258979797363281
-0.0286979675292969 -0.0627365112304688 -0.000724792480468751 -0.0157890319824219
-0.0352210998535156 -0.0691413879394531 -0.000507593154907229 -0.000771820545196537
-0.0435752868652344 -0.0633697509765625 -0.00584220886230469 0.0119333267211914
-0.0136604309082031 -0.065948486328125 -0.0165939331054688 0.0202198028564453
0.025726318359375 -0.0719528198242188 -0.0301647186279297 0.00909042358398437
0.0722579956054688 -0.0469207763671875 -0.0417060852050781 -0.0149192810058594
0.101188659667969 0.0359039306640625 -0.017120361328125 -0.0351600646972656
0.062652587890625 0.0892181396484375 0.00202369689941406 -0.0334987640380859
0.0129241943359375 0.12945556640625 -0.0096883773803711 0.00359535217285157
-0.0261154174804687 0.108299255371094 0.0261497497558594 0.0624847412109375
0.00399780273437501 0.103721618652344 -0.001953125 0.0694656372070313
0.0760574340820313 0.0802383422851563 0.0132179260253906 0.0668144226074219
0.0873184204101563 0.0151519775390625 0.0410881042480469 0.04815673828125
0.0674972534179688 -0.0449104309082031 0.0472602844238281 0.0180816650390625
0.0135307312011719 -0.0676536560058594 0.0256690979003906 0.00247955322265625
-0.0244216918945313 -0.0609931945800781 0.0144424438476562 0.00724029541015625
-0.0321235656738281 -0.0664558410644531 0.0161418914794922 0.0178318023681641
-0.0420875549316406 -0.0606307983398437 0.0109462738037109 0.0305137634277344
-0.0137481689453125 -0.0624237060546875 -0.00660324096679687 0.0406227111816406
0.0240058898925781 -0.0670890808105469 -0.0277614593505859 0.0255031585693359
0.0665054321289062 -0.0400810241699219 -0.0414505004882812 -0.00188446044921876
0.0885086059570313 0.0377197265625 -0.0187625885009766 -0.0257778167724609
0.0466766357421875 0.0839996337890625 0.0100879669189453 -0.0185604095458984
-0.00194549560546874 0.110977172851563 -0.011749267578125 0.0383567810058594
-0.0328140258789063 0.0687255859375 0.0155410766601563 0.0943527221679687
-0.0122909545898438 0.0753250122070313 -0.00173950195312499 0.0863037109375
0.0458488464355469 0.0683059692382812 0.00402069091796875 0.0673980712890625
0.0638313293457031 0.0206718444824219 0.024627685546875 0.0542716979980469
0.0545082092285156 -0.0296592712402344 0.0326023101806641 0.0345058441162109
0.0127906799316406 -0.0537109375 0.025177001953125 0.0272636413574219
-0.0179100036621094 -0.0481834411621094 0.0289077758789063 0.0274257659912109
-0.0243988037109375 -0.0534019470214844 0.0310935974121094 0.0330657958984375
-0.0329246520996094 -0.0506172180175781 0.02593994140625 0.0463943481445313
-0.009490966796875 -0.0520057678222656 0.00116729736328125 0.0577201843261719
0.0216598510742187 -0.054229736328125 -0.0268287658691406 0.0402641296386719
0.0561485290527344 -0.0273056030273437 -0.0414047241210938 0.00844192504882813
0.0662918090820313 0.0394325256347656 -0.0210914611816406 -0.0195426940917969
0.02392578125 0.0712966918945313 0.0146751403808594 -0.00567150115966797
-0.0184402465820313 0.0785293579101563 -0.0173606872558594 0.065155029296875
-0.0344467163085937 0.0162601470947266 0.00875091552734375 0.110496520996094
-0.0241432189941406 0.0335540771484375 0.00116729736328124 0.092437744140625
0.0121917724609375 0.0419120788574219 -0.00148391723632813 0.0639152526855469
0.0304241180419922 0.0188655853271484 0.0141372680664063 0.0562744140625
0.03143310546875 -0.0118560791015625 0.0213127136230469 0.0440216064453125
0.00851631164550781 -0.0313625335693359 0.0259132385253906 0.0427474975585938
-0.00847434997558594 -0.0279979705810547 0.0389785766601563 0.0399055480957031
-0.0135765075683594 -0.0321407318115234 0.0406608581542969 0.0424880981445313
-0.0200920104980469 -0.0337123870849609 0.0360794067382812 0.0577354431152344
-0.00491714477539062 -0.0363807678222656 0.00515747070312501 0.0700874328613281
0.0182609558105469 -0.0362701416015625 -0.0289573669433594 0.0506706237792969
0.0404472351074219 -0.0133132934570313 -0.0439033508300781 0.0153617858886719
0.040008544921875 0.035369873046875 -0.0252552032470703 -0.0159912109375
0.000492095947265625 0.0511627197265625 0.0130319595336914 0.00422000885009766
-0.0326614379882813 0.0363349914550781 -0.028076171875 0.0813674926757813
-0.00655129182974971 -0.0251088382729258 0.0874274881044468 -0.0282662159468983
-0.0235862788255502 0.000558881182925755 0.00971083578946756 -0.0181856110336075
-0.0153226394396853 0.0180981052381241 0.00140260551798024 0.0391062473883401
0.00725198812118485 0.0164340953724804 0.0436987385910887 0.043365032083581
0.0143184611741213 0.00318970245873053 0.0758873947407409 0.00857058759683982
0.00797730070216262 -0.00242815328304939 0.0744284017205297 -0.0362090726810429
0.00850425921321898 -0.000356059879824677 0.049058803148224 -0.0662261967548502
0.00955706151914597 0.00110828792185061 0.0253470108180209 -0.0714776866396641
0.00791955536777735 0.00311172787688124 0.0228783347784709 -0.0613262039968835
0.0042351734616852 0.00653819527351622 0.0299471567250825 -0.0521335620920133
-0.00293697705900966 0.0124319724059013 0.0366769205550727 -0.0470167050119101
-0.0175402772465958 0.0119933323296544 0.0468134212835524 -0.0393782994284164
-0.0285499551837283 -0.00780457800183753 0.0577765465043025 -0.0270119265368894
-0.0151391716385969 -0.0305455941610333 0.0691341577434785 -0.0468984509686223
0.00880501956601133 -0.0383986888177928 0.0861702444852611 -0.074544180602596
0.0321287802405652 -0.0503020171377929 0.0779314415986313 -0.0188907311485033
-0.00334442793938246 -0.0383638908549435 -0.00150555112994314 -0.0146402518863752
-0.0242828087353409 -0.0238715062930307 -0.0101325126070988 0.0532165588890552
-0.022662701689076 -0.00462193485637445 0.0416111701221174 0.061810939815659
-0.0167760157606487 0.00993242937650181 0.0838977361312885 0.0205797369528706
-0.0106137079138454 0.0155854482141624 0.079794566274308 -0.0307834535577721
-0.00498687353173374 0.0237043105559056 0.0527138580121647 -0.0614180684076285
-0.00193716793655631 0.0284146191249528 0.0270838401197896 -0.06624960831061
-0.00666091598858098 0.029361211067174 0.0217328423764856 -0.0574128554852145
-0.0173630232211827 0.0209237451889901 0.0240520162295816 -0.0471652234374798
-0.0325723537302615 0.0127126952464379 0.0292609589519524 -0.0430148690003202
-0.0424981440091873 -0.0139177499898721 0.035739668760358 -0.040768082162456
-0.0316652049604659 -0.0479185975032339 0.0462238165691519 -0.0296847094030563
0.00889821700924948 -0.062349199217866 0.0566299727236126 -0.0509449800553372
0.0493466768461547 -0.0608466121782935 0.0727082194989772 -0.0724382020684226
0.0692900083235697 -0.066330035973524 0.0574671547472146 -0.00453720655242262
0.0245773733576653 -0.0724052300878712 -0.0199898772680234 -0.0083310389340184
-0.0255098120735411 -0.0701806795623849 -0.0299392345469352 0.0663718623787562
-0.0506360912884118 -0.0336746546510267 0.0298193671825143 0.080836808237369
-0.0510400996916394 0.0105883200523342 0.0831576214823108 0.0373478077726224
-0.0317742350543719 0.0306485825841164 0.0782901815124495 -0.0188564117557743
-0.0197369204597681 0.0444809069920195 0.0502382951816567 -0.0465950355865847
-0.0133726333487136 0.0516288011610968 0.0241402880834194 -0.050988602404348
-0.0185090086957434 0.0530177662874006 0.0150658756682737 -0.043991682579809
-0.0329701913075655 0.0359492560344843 0.0112685694390232 -0.03532070957379
-0.0557024340576552 0.0185678608880041 0.0147121045952044 -0.0371716910678331
-0.0668924878207713 -0.0283518455375613 0.0203092431196572 -0.0421754612522573
-0.0421538719600994 -0.0761867249215234 0.0335596099907222 -0.0324932763294562
0.0217069144781755 -0.0877533490360222 0.0418409914816458 -0.0477325941516728
0.0785226139666371 -0.0773476385321477 0.0476517683738926 -0.0612735787096193
0.0978539867014032 -0.0711559429440794 0.0246098329417942 0.0129799362706228
0.0546325365415699 -0.0949424060644349 -0.0439176586860624 0.000464398368864735
-0.0168580236482483 -0.109654060295419 -0.0531914054164365 0.0729120761824014
-0.0689037739178915 -0.0641053164270881 0.00893491216789352 0.0946572306772092
-0.0805549747408467 0.00429516508090655 0.0698679677829598 0.0546239144386401
-0.0516942304125474 0.039018568972003 0.0661444411779491 -0.00152101872756024
-0.033270029822699 0.0580309154815326 0.0411464890986276 -0.0255190960476294
-0.0222929892905268 0.0675221462870449 0.0175909405612602 -0.028207684347872
-0.0256465846078792 0.0697797975142918 0.00576703054443575 -0.0240211671371679
-0.0414340084626427 0.0481696530537018 -0.00317474016079288 -0.0185241373773441
-0.0686384283667359 0.0268608537278188 -0.00236487189984042 -0.0270639781493433
-0.0825347407667789 -0.0326706455124453 0.00357782864209568 -0.0394166002589266
-0.0506459416820603 -0.0906763250355311 0.0212532922619845 -0.031963743228649
0.0270046683502177 -0.102265905476865 0.0296577963689992 -0.0372222432304312
0.094190008090161 -0.0836403717670285 0.0186922537088299 -0.0421381598178597
0.109796619543903 -0.0624513026564741 -0.0155093137908522 0.030367459923566
0.0770816150418614 -0.0971288887073178 -0.0682257552075925 0.00996993958359906
0.000780201177818036 -0.128837876841526 -0.0749387533914136 0.0694816552269517
-0.0699049387359979 -0.0877123941427201 -0.0177469645326226 0.0960450660511806
-0.0949569675432012 -0.00734047087392393 0.0449976396100875 0.066158628507821
-0.0643785669119716 0.0390460247109393 0.0447020673542593 0.0169008964773395
-0.042114620457191 0.0615710659583307 0.0259923739206847 -0.000622798722328538
-0.0280349075978917 0.0726507947416355 0.00848566957427447 -0.00116211654764245
-0.0286752953881729 0.0758782763242365 -0.00489842295256391 0.00100167850561711
-0.0436170731208057 0.0532290151384076 -0.0177223865453041 0.00122853702652804
-0.0708648784758938 0.0306865727952018 -0.0192575862492231 -0.0156549203890703
-0.0849707015850245 -0.0330796609234608 -0.0113475332777132 -0.033761607321461
-0.0501676222285681 -0.0931887714138348 0.0107792101933813 -0.0292351426458799
0.0309227701015048 -0.100809391511504 0.0204582594091993 -0.0217167543138334
0.0979050139438208 -0.0764035385532869 -0.0106758922145468 -0.0192311225640748
0.100071749625425 -0.0443670058751742 -0.0527054107643878 0.0463049336170419
0.0835248933474983 -0.0782369413842856 -0.0864520261688551 0.0195534797404718
0.0197693835286806 -0.119876054849864 -0.0866915561768791 0.0574922619411739
-0.0536853769806626 -0.0929368651506601 -0.0408001356347779 0.0846706853777082
-0.0902421760338155 -0.018201256710231 0.0150144646259131 0.0682944803237253
-0.0648746268896192 0.0323822707509955 0.0186684489493984 0.0322902309434568
-0.0435455012758268 0.0552579149110708 0.00819595455403647 0.0233675033604167
-0.0293796440114587 0.0668262579507369 -0.00162126994314909 0.0250358958213342
-0.0285051269989077 0.070962788733348 -0.0153568151131654 0.0251380625930396
-0.041946741261369 0.0499914442664495 -0.0309471986349117 0.0195299697134126
-0.0659024586428675 0.0274149081610074 -0.0344669508257038 -0.00492187414481773
-0.0750291376785755 -0.0335044200030441 -0.0236813635486039 -0.0284614532766983
-0.0390444629174886 -0.086768241224411 0.00335548709456957 -0.026566455107539
0.0363428724233116 -0.0861240781218246 0.0133192353383132 -0.00778456695838024
0.0903312481930009 -0.0564511950537599 -0.0378993862586588 0.00185941771529509
0.071142235829807 -0.0205393653712572 -0.0812261980950187 0.0579997337439802
0.0700300024224443 -0.0467318201504513 -0.0949826472696736 0.0287958723863463
0.0290953790239511 -0.0866831895137061 -0.0863594646666105 0.0428770423952709
-0.0302901013057934 -0.0770365402383109 -0.0536844001890352 0.0658557459326436
-0.0674963592788097 -0.0215325688610073 -0.0114624546680183 0.0606396959330935
-0.0528918071936977 0.0213583318345146 -0.00640534478184103 0.0426729470986175
-0.0369178601815278 0.0408371880987057 -0.00865995969229376 0.0433935573619016
-0.0258759024956074 0.0515095348121512 -0.0111037043524695 0.0469552041901952
-0.0252791437955794 0.0553944039696712 -0.0257211747920878 0.0464276706933959
-0.0367929610233743 0.0392943611989615 -0.0433640930661595 0.0339611901069419
-0.0551649985531906 0.0193087865909515 -0.0491484097092305 0.00184218939779266
-0.0571545362447277 -0.032913073364046 -0.0332557739327132 -0.0259284866675188
-0.0212430582059581 -0.0731153047309278 -0.00198235951837832 -0.0269689920453301
0.040359687217577 -0.062013117779916 0.0066305683383733 0.00307195403280934
0.0728581898479322 -0.0280395501640132 -0.0604656132346992 0.0169529764993004
0.0292226808264577 0.00723446876574203 -0.0922176317266368 0.0651687665703346
0.0419543500637149 -0.0101745593140458 -0.0908132956430635 0.0382409318754888
0.0272798107202273 -0.0418696433238267 -0.0748044513010624 0.0311068777586863
-0.00703598104156135 -0.0460327041555852 -0.0556418485951742 0.0476363235667987
-0.0357302025255899 -0.0190480067298178 -0.0292167793111779 0.0523061548266759
-0.0321835822637642 0.00850611504430364 -0.0231919974359318 0.0480756274295517
-0.0231559279505043 0.0208887804434373 -0.0204724678661677 0.0559373636497227
-0.0182590737400707 0.0288812495140092 -0.0181736759885322 0.0617579357546765
-0.0190279334549339 0.0332262743848401 -0.0345489947494497 0.0605608017713143
-0.027904474777413 0.0237561618205563 -0.0549820005360519 0.0419208775927968
-0.0387122723190654 0.00906345605776798 -0.0620318804616216 0.00246751671456993
-0.0344963208972467 -0.0286425063339214 -0.0405338940286584 -0.0280868660631411
-0.00372967450796756 -0.0519524464772107 -0.00589958502886024 -0.0303136744314577
0.0389701295069472 -0.0317678910866152 0.000892955693692291 0.00773427635893703
0.046204901454656 0.00412557231965714 -0.0783155447028974 0.0226710978695167
-0.00799824335636616 -0.0260530511571625 0.0881757951201794 -0.0333371685855177
-0.0243498542484944 0.00126305321966635 0.00762998994494895 -0.0192769249981892
-0.0152672567894804 0.0195923142744611 0.00303105404337844 0.0406667337277926
0.00821202422065091 0.0165390036216883 0.0470663906060732 0.0428891114944317
0.0152131738146389 0.00223309499022952 0.0788812100780956 0.00501797777609684
0.00764469133035352 -0.00264773843816342 0.0748718842974145 -0.0415727621918273
0.00863188215633323 -0.000827646671460196 0.0459249443288019 -0.070514557670168
0.0104107758258901 0.000780361607767377 0.0207879211722026 -0.0747887171672214
0.00836798013661089 0.00300742557748974 0.0200061339495958 -0.0649100190754122
0.00472957135695838 0.00643619566026939 0.0275137728782754 -0.0565262990723231
-0.0027535192241905 0.0130557731615321 0.0358897182961429 -0.051253970817484
-0.0173126179296431 0.0133212257071623 0.0467088912943997 -0.0427421148649964
-0.0304054645739507 -0.00634459609112207 0.0589937429594928 -0.0300951164696611
-0.016581108763404 -0.0309433611322118 0.0684874256751694 -0.0505440694241612
0.00738575822527686 -0.0405066739626379 0.0854262295279935 -0.0807139099794572
0.0308534466784841 -0.0541768534846934 0.0787502616535608 -0.0231902045945084
-0.00534118125327242 -0.0397060081456161 -0.00338434072018226 -0.0146544525538634
-0.0265002776949216 -0.0228719109940617 -0.00849343330323238 0.0557404512785816
-0.0237275038161672 -0.00360431472833598 0.0452888479603498 0.0620788105893971
-0.0168058951590662 0.0110306924617785 0.0876564149707455 0.0172188233693597
-0.0101253792598956 0.0168433137408151 0.0807815672592882 -0.036276201573514
-0.00368916881918612 0.024832526401155 0.0504013811383598 -0.0656329923881967
0.000103220797360379 0.0292899893991702 0.0229795327708064 -0.0697176026613195
-0.00484044668099209 0.0308216966549416 0.0183098572313295 -0.0606993177662521
-0.0165666088112366 0.0227502858768532 0.0216749254831684 -0.0504552369262588
-0.0330265455973405 0.0147944886583839 0.0278129289974186 -0.0470018988291301
-0.0445044443883272 -0.012093101247537 0.0347863040371903 -0.0438439841111819
-0.0355065447023956 -0.0472469299770793 0.0470956927599038 -0.032472013490057
0.00628450027678468 -0.0648576711198908 0.0558566137514823 -0.0541211075303441
0.0479719322529426 -0.0654220452003033 0.0719819239048639 -0.0775588019036326
0.0679903815045141 -0.0728799039810288 0.0578683599677697 -0.00716941857411045
0.0212113527161623 -0.0760520155152084 -0.021737629036408 -0.00698499152712351
-0.0302147201209569 -0.0701796257361778 -0.028557548188406 0.0697194981769194
-0.0537151305129476 -0.0319123721929796 0.0341844771298526 0.0825293668379021
-0.0518272140053833 0.0139493257994554 0.0880553671245545 0.0342797051226429
-0.0309971719122106 0.0327818729792702 0.0796631428727804 -0.0237233929492311
-0.01783419825666 0.0470112699333704 0.0488550336598447 -0.0511317732724098
-0.0101012843478038 0.0540998947707707 0.0214575211526739 -0.0538479512926669
-0.0154989135124132 0.0557701171471982 0.0126845715705141 -0.0467681998968482
-0.0322268011691327 0.0389207797416921 0.00988737747415181 -0.0382107752083884
-0.0562636749390582 0.0224081078185928 0.0131575108754093 -0.0403894127292164
-0.0699836496761466 -0.0255848402248269 0.0187007114566741 -0.0444940851909066
-0.0477941286542093 -0.0758070267724131 0.0341472383077997 -0.0345634723373825
0.0181589685007034 -0.0919271112256878 0.0411639668009837 -0.050822451513031
0.0766696786066795 -0.084018158371649 0.0461913490832652 -0.0652788487291921
0.0969422019157671 -0.0790215345252695 0.0253115952216886 0.0125628649914687
0.0511664040716316 -0.100242531382195 -0.0462485148040588 0.00267699881385381
-0.0237380118016949 -0.111373354386392 -0.0523659269804233 0.0778860264519233
-0.0744385801874811 -0.0629503424850931 0.0126486833304009 0.0976298621090253
-0.0827006339183693 0.0091052489642034 0.0755932152903487 0.0529012729562882
-0.051503681696067 0.0427578575329032 0.0685839912988428 -0.00503114456595999
-0.0310055545216529 0.0611872489038327 0.0412308972968935 -0.028532613198321
-0.0185593493868949 0.0705871343910448 0.0162331595774889 -0.0299360725881651
-0.0213437829748799 0.0732288790786651 0.00415247238176879 -0.0248544162701219
-0.0397712002900064 0.0515476016089842 -0.00397460844422696 -0.0195499644043665
-0.0684457876318386 0.0315172870522564 -0.003909162886122 -0.029186524003609
-0.0869377197649502 -0.0287825244182422 0.00191720644576278 -0.0410649803533118
-0.0575646376021792 -0.0903513889801314 0.0210343430974936 -0.0341028405549825
0.0226656930139677 -0.10642134546362 0.0284010672384323 -0.0393132414982856
0.0928950738752347 -0.0915730053780182 0.0169715284736949 -0.0444471813387743
0.109622099501978 -0.0708226671659297 -0.0149386138027324 0.0325198948259721
0.0742692823374437 -0.103486021885364 -0.0707859242060556 0.0132187812051921
-0.00626647344198748 -0.131829465664762 -0.0747374404292866 0.0750160623724946
-0.0767499885799989 -0.08689403400833 -0.0147744167046945 0.0998621066479138
-0.0983682369910964 -0.00188607580045166 0.0504702760254149 0.066345990683283
-0.0644634345145118 0.0435245765434229 0.0474400729992993 0.0159618817500585
-0.0400246240835025 0.0652029015089061 0.0272708241794414 -0.00177764625083337
-0.0241528874751042 0.0767652136073094 0.00887998295565918 -0.00203634661203366
-0.0241352467038594 0.0801086268260868 -0.00517432648279535 0.000983514046608656
-0.0420659824000713 0.0568540506019021 -0.0178915365851028 0.0017368016202552
-0.0710621915334539 0.0353182340082683 -0.0207130941095092 -0.0158598537229988
-0.0894887274548561 -0.0295742197228905 -0.0133821056374859 -0.0342390049018507
-0.0571290493433935 -0.0925264988687345 0.0112438530010872 -0.0314480391819772
0.0264733178428546 -0.105370110407587 0.0201077820935223 -0.0235362620548098
0.0965396784745503 -0.0838962532395761 -0.0120682319535356 -0.0192470564941677
0.100923970334426 -0.0515943952936747 -0.0525341705335282 0.0502122309346353
0.0821164859091508 -0.0842651301089254 -0.0887377206078119 0.023754565877664
0.0139270492649136 -0.12390180721276 -0.0877814029310689 0.0624667050637632
-0.0597945183345366 -0.0932400974632457 -0.0389437386275685 0.0891206276339348
-0.0935822928100009 -0.013522236503852 0.0192007074775408 0.0698249270157368
-0.065589906050089 0.0366015967234232 0.0210312784684058 0.0331317226707809
-0.0412735039271054 0.0591806020204555 0.0105163178149192 0.0236619863927047
-0.0255221275324117 0.0707603643123622 0.000195467964284995 0.025297894098384
-0.0249726316142793 0.0745222881259304 -0.0145857529510688 0.0263606566497505
-0.0407367278904567 0.0533425604419124 -0.030712260487043 0.0212005176087573
-0.0663872775997842 0.0321684215846042 -0.0361914241440671 -0.00424955780473107
-0.0790089830434991 -0.0304581332482735 -0.0254108843303064 -0.0280801083083041
-0.0452261576771412 -0.0871682667660913 0.00342688688218873 -0.0280780427856327
0.0328907372375042 -0.0906351080201454 0.0134798791382708 -0.0089911896921131
0.0901171115525058 -0.0633435451275693 -0.0391335448484195 0.00361049922087665
0.0719461421767534 -0.025008098143678 -0.0813737033237327 0.0635274331960453
0.0693773018398338 -0.0515790656863834 -0.0970921539881921 0.0335176842539127
0.025224418845154 -0.0906892684647046 -0.0876083781100998 0.0474696905920401
-0.0347892926787645 -0.0779007067495058 -0.0528021573333375 0.0699964957222288
-0.070782275857818 -0.0184747533043455 -0.00862278663270463 0.064106306519288
-0.0531661972324846 0.0248983082930562 -0.00407180589962669 0.0451173429621469
-0.0351903045335457 0.0438599705630678 -0.00598472432436564 0.0452830410046856
-0.0234451302101385 0.0543866245811638 -0.00814782135959508 0.0491698138237177
-0.0229707801540311 0.0584059364444053 -0.0233546206247847 0.0488528286406539
-0.0360326410836554 0.0421459670199737 -0.0426958888173953 0.0371180721636486
-0.0555713895105403 0.0229244673169847 -0.050665203932278 0.00360467875051161
-0.0604818673931847 -0.0316148144293222 -0.0354664038361862 -0.0255116605106821
-0.0261772550063464 -0.0740622279330824 -0.00254292524693951 -0.0281300133298806
0.0381694900090942 -0.0656935138127574 0.0079173994929412 0.00187872223904079
0.0736082472650026 -0.0329692214847878 -0.0621114055943201 0.0201978775678596
0.0300426606424467 0.00540768777807421 -0.092295480079729 0.0716079711931738
0.0427299425100725 -0.0123553731990988 -0.0917869287703419 0.0430259306915302
0.025822688557303 -0.0442419170664383 -0.0767537354404858 0.0347433037215245
-0.00914435675589929 -0.0478913924960016 -0.0561378049825935 0.0518777799158784
-0.0380243597011756 -0.0174665937278157 -0.0278043571379545 0.0556076386911712
-0.0327116151974451 0.0108755457796269 -0.0209408078329703 0.0517992669923948
-0.0228173467422302 0.0227079605602184 -0.0170785381461822 0.0589779391366514
-0.0169925740029117 0.0308098153414341 -0.0143274444535754 0.0642700167444193
-0.0175983467389167 0.0353420779884762 -0.0317923946383426 0.0641870416721383
-0.0275113708532749 0.0263311256045301 -0.0536535070868349 0.0459349697327232
-0.0394010196767926 0.0113724457323679 -0.0641932443651006 0.00526506427017562
-0.0373400426270847 -0.027696429305185 -0.0427393115989741 -0.0272629056406471
-0.00622074666337277 -0.0529567555637557 -0.00650366289896908 -0.0317783101371568
0.0384698327365462 -0.0344353324667799 0.00179752133576708 0.00713052115572647
0.0479492290094806 0.00146682654434992 -0.0803004745637517 0.0277221618059544
-0.00909248344653345 -0.0259562651939758 0.0867655201979789 -0.0379123652134598
-0.0244216972535377 0.00211225379088995 0.00629245564707845 -0.0196129385068132
-0.014381148253686 0.020820482646756 0.00423165711121864 0.0413990331467697
0.00861067613571821 0.0166266758770953 0.049225535129707 0.0420301935012084
0.0149217580230362 0.00105651707267517 0.0799206258706991 0.00145047559943032
0.00775805858485972 -0.00313181319156975 0.0732592262796312 -0.0458808274464576
0.00925979274215589 -0.0010826440090209 0.0418494959733517 -0.0737118502522976
0.0108676129790104 0.000134019470616188 0.0160037255284032 -0.0762001123234479
0.00936189935531175 0.00289582076993447 0.0160677549816437 -0.0673000603054342
0.00493258747787852 0.00676137681532965 0.024656404964577 -0.0593619046071945
-0.00179617525570969 0.0135229227541375 0.033296440207036 -0.0538496863659086
-0.0168899071914074 0.014690644590114 0.045703832605363 -0.0453520383565242
-0.0311088035085723 -0.00468961074279273 0.0593240482037071 -0.0321780965012966
-0.017889850155164 -0.0300535340768855 0.0668041268090206 -0.0527043546444886
0.00557545748743748 -0.0415780755361635 0.082755268122632 -0.0854105089259252
0.0286403951921908 -0.0564549578457715 0.0781148049008713 -0.0264106590188598
-0.00758493783514375 -0.0397732654448117 -0.00512477206318056 -0.0139737796357254
-0.0281532409485036 -0.021839756235497 -0.00717096307626027 0.05697583467575
-0.0241183464079538 -0.00226666179345585 0.0482406768963098 0.0609642506931919
-0.0160280498472191 0.0118579167921755 0.0895232791538319 0.0129061609697686
-0.00958624232304534 0.017476969755311 0.0802108153690546 -0.0409918665505487
-0.0021769748682799 0.025356014867783 0.046479805172352 -0.0688038558012555
0.00206660636418054 0.029351006873234 0.0181310900651116 -0.070989719616419
-0.00285815913131782 0.0318466089671433 0.0149385685266198 -0.0627742669534503
-0.0155593344391564 0.0236797448312 0.0195401755544228 -0.0534212666348253
-0.0324273495769458 0.0168378672644928 0.0260721388521317 -0.0496481381379354
-0.0455377683687583 -0.00981181955396283 0.0334075793448136 -0.0454637066325986
-0.0386913751673502 -0.0455635942916739 0.0471190116496015 -0.03394162493849
0.00369351845553194 -0.0655811522426684 0.0536593619536277 -0.0563488932240826
0.0454866933894906 -0.068682694379639 0.0684781632607187 -0.0816166715061203
0.0646529754248906 -0.0770790506246222 0.0574734963613337 -0.00944638057686484
0.0175672173430641 -0.0778543422143065 -0.0237381028517204 -0.00588915999265709
-0.0348542951750641 -0.0689821595237682 -0.0265718309535571 0.0722721625382092
-0.0559924082584759 -0.0294660011664867 0.0377092441321162 0.0824612732970455
-0.0512553897233883 0.016611304309268 0.0910240166667804 0.0303379667021552
-0.0299149803941627 0.034712477370903 0.0792989497966752 -0.0278271457654273
-0.0151247029549012 0.0483385269074523 0.0460284530837671 -0.0540454363358763
-0.00667659200454708 0.055249519622964 0.0175027586065586 -0.0552178692470609
-0.0119883004404119 0.0570451191899056 0.00982028427327726 -0.0479893694301252
-0.0301051303950554 0.0408328087260985 0.00760975901395945 -0.0399404046717032
-0.0551913344981001 0.0259720599882926 0.0110740815553238 -0.0425419802524719
-0.0722773804087117 -0.021864448646066 0.0167877171184352 -0.0456126400688908
-0.0528734977296093 -0.0740006314700895 0.0338403892365328 -0.036245671371856
0.014017251171551 -0.093404636280326 0.0388926509590722 -0.0524399938666143
0.0734514315856104 -0.0891163426827061 0.0436136227248565 -0.0677856560446392
0.093540958588136 -0.0847156872102268 0.0256230966075837 0.0117115197328924
0.0462808598862638 -0.10355986149141 -0.0475103879656594 0.00498732575046805
-0.0303249803215238 -0.110254094719147 -0.0502618881531385 0.0808171557485498
-0.0785079737173951 -0.0598168361614363 0.0164064237165473 0.0982963609552669
-0.0822876028065209 0.013589351635941 0.0792359361648574 0.0497153401628917
-0.0495396672817386 0.0455167204442613 0.0690775718346685 -0.00800250091098073
-0.0279078927638448 0.0633274941694636 0.0397985108813694 -0.030913545585968
-0.0140263196708509 0.0724616525431653 0.0142652688834274 -0.0313554723133321
-0.0168394466477725 0.0753373563320457 0.00236613275145719 -0.0260141968935951
-0.0373462611446511 0.0538350116447612 -0.00546089749959239 -0.020468746106734
-0.0672376832413987 0.0358443510968049 -0.00537253034506263 -0.0304288143771537
-0.0894183926215997 -0.0244212617557759 9.06773381699171E-05 -0.0410733330905021
-0.0635734989221082 -0.0876753862796719 0.0208651297613676 -0.0354413376169775
0.0174855333334501 -0.108682922618155 0.0271202678049412 -0.0413158336198931
0.0890044411447685 -0.0974980257544282 0.0146974722257906 -0.0456043208489134
0.10662861797067 -0.0773927340348579 -0.0138358666082675 0.0338832151614714
0.0699554137581115 -0.107604318482214 -0.0711605239148613 0.0166779901291762
-0.0139392323397436 -0.13212720533142 -0.0733056276130606 0.0789349520865045
-0.0815463953654434 -0.0842144117487886 -0.0108755186177393 0.102328596926057
-0.0988284953403883 0.00323952783045528 0.0544527274466838 0.0646242227581768
-0.0625672347264844 0.0471652359189132 0.0488032655550869 0.0142329700562943
-0.0364295401698933 0.0680320845807655 0.0274476684547051 -0.00329789326852247
-0.0190423069288153 0.0790871757381107 0.00851934393954303 -0.00292756130321477
-0.019526319706321 0.0817834367419652 -0.00524514355824591 0.000893062058220053
-0.0393166177975412 0.0595515791831146 -0.0180295478291764 0.00187075520274295
-0.0695241988230073 0.0394539554950734 -0.0220322200147849 -0.0162810161798202
-0.0918345733385722 -0.0248494202546935 -0.0153548857576288 -0.0338028692030083
-0.0629986566303788 -0.0903376126290056 0.0109729623762436 -0.0322382431327741
0.0215614732262312 -0.107462498881701 0.0193735144215127 -0.0255189388791941
0.0934185396500935 -0.0905160713481113 -0.0138478769527431 -0.0190157380892423
0.0987858792517678 -0.057235330546966 -0.0509142161179893 0.0533493070021635
0.0789229132752061 -0.0881095692459298 -0.088375202476266 0.0273267786746198
0.00776253143186021 -0.124928954408792 -0.086822929153369 0.0667987432961669
-0.0653479030191636 -0.0915299630058388 -0.0364032329367711 0.0918724190037989
-0.0952014746091752 -0.00833532374120735 0.0230210793032432 0.0696720320798997
-0.0641585772450294 0.0405903136589388 0.0235052423540863 0.0331091554342399
-0.0387654846853453 0.0621376020441264 0.012462703730044 0.023561675426954
-0.0216353338479499 0.0731603418155317 0.00180549570308974 0.0252590640944477
-0.0203075380001958 0.0768317276604364 -0.0130776126589093 0.0271963063952781
-0.0381626271212369 0.056022470195969 -0.0298888770595695 0.0228596283444869
-0.0647986460928175 0.035803132053209 -0.0367747899121561 -0.0032826561070223
-0.081779190274819 -0.0268717610492557 -0.0269818217111677 -0.0274815784402761
-0.0502784499754071 -0.0849520282588516 0.00267023903787425 -0.0288888798173639
0.0283373596562576 -0.0927472860614192 0.0130696167035475 -0.0106286791075133
0.0875071065370195 -0.0688456553527709 -0.0396370638325499 0.00573725192954143
0.07100047767365 -0.028756228805372 -0.0792565976140954 0.0677943987885052
0.0682571336215222 -0.0544019022896524 -0.0962254544934506 0.0374418597332169
0.0208798683070839 -0.0922597121575073 -0.0872907831840775 0.0507714469890882
-0.0389630090728637 -0.0774058003995928 -0.0515218273369218 0.0733599342932696
-0.0723045177335578 -0.0146979970787941 -0.00572503730649823 0.065181277506553
-0.0524829091821135 0.0279103232644346 -0.00118707703555809 0.0462525986161529
-0.0333851752361399 0.0462946590471508 -0.00226413602290438 0.0460138273248268
-0.0200263933561277 0.0564131044915017 -0.00466601969715688 0.0492677951363691
-0.0191481833406932 0.0604032209012119 -0.0205664866253419 0.0502951877578574
-0.0341122495383364 0.0445908755645956 -0.0410253280561977 0.0394725373274187
-0.0543571451221392 0.0258539693157963 -0.0513101391374289 0.00527447263577971
-0.062717216133079 -0.0287065444206691 -0.0368065955402468 -0.0247639210886777
-0.0304347046079109 -0.0729879223962916 -0.00313768909151485 -0.0288839208144069
0.0349950964581784 -0.0672329083071749 0.00803103134401618 0.000955468920160778
0.0726544776820316 -0.036834663803275 -0.0622107347686008 0.0235726797839984
0.0301297443743973 0.00417471953893923 -0.0898888899704133 0.0762466459803753
0.0428220407318136 -0.013350094488125 -0.0902950076077519 0.0467995941766343
0.0237752903023125 -0.0460365750672017 -0.0763368175346751 0.0378489314585207
-0.0116579854473394 -0.0474484313845329 -0.0549073971121724 0.0548423095745783
-0.0391591725967323 -0.0153644778855878 -0.0251357272930248 0.058397936979166
-0.032165824778236 0.0127915517811684 -0.0185698142400177 0.0539469486266404
-0.0217319872569467 0.0246832901618309 -0.0130492905360555 0.0604569827417883
-0.015325889115136 0.032116608558776 -0.0102956936043533 0.065347329933415
-0.01544384928037 0.0365460902159251 -0.0276799454145155 0.0659494151304477
-0.0267730255568037 0.028214027660693 -0.0513820626044082 0.0492012086440429
-0.0393256632487345 0.0135259067683734 -0.0645170433874738 0.00823405372891469
-0.0388405881267185 -0.0270601458471281 -0.0443038693861088 -0.0263741555823584
-0.00900437536864401 -0.0525651313950069 -0.0076225026584217 -0.0323805534150204
0.0368420664154122 -0.0364426209350179 0.00250934415263086 0.0059501961969755
0.0485925320482715 -0.000673736970814601 -0.0798276720813418 0.0321791779953541
-0.0180600579723267 -0.0231755864072213 0.070583586097538 -0.0644437411712203
-0.0229331211362836 0.0103734658406461 -0.000886128282879345 -0.0209499167574025
-0.00579274231337849 0.0248545579886496 0.0160825273357022 0.0375114235683067
0.0149961436464531 0.0127836802133207 0.059793797904852 0.0241966635687839
0.0150900344510863 -0.00491849718993302 0.0761221501621895 -0.0243744849400729
0.00739338672564141 -0.00588600890521416 0.0533381886862054 -0.068684424515791
0.00866475509578828 -0.00500905596010411 0.0121724082166169 -0.0833614919337678
0.010368637425282 -0.00424159288384504 -0.0122067529560125 -0.0754012094679447
0.00931279364711454 -0.000488780332049105 -0.00813492756707748 -0.0683391967745356
0.00693623823381269 0.00472115617264063 0.00282827711261925 -0.0648568024605707
0.00294386993546798 0.0136353903278805 0.0128957366455821 -0.0629031838217858
-0.0110399228827772 0.0196780197843533 0.0293536779795333 -0.0578801354413223
-0.030779294633897 0.00599078140494872 0.0470147366631514 -0.0490137773107428
-0.0273836442092878 -0.0221182801703143 0.0466854796922356 -0.0693288534734155
-0.00814873027950495 -0.0411358894420887 0.0505687718818493 -0.104895894202066
0.00717476979058063 -0.0653713230097829 0.0658080396701747 -0.0484534700123233
-0.0220462679281734 -0.0354958957047097 -0.00824239585438393 -0.00984132309226689
-0.0340954918975659 -0.00969391864488394 0.0133897913518632 0.0560676097146898
-0.0233855292834896 0.00691645109118807 0.0668006036968944 0.0416603404156327
-0.0100742650042791 0.015971244289198 0.0890186520043131 -0.0186401408885176
-0.00211576605905171 0.0186885969189612 0.0609062231932023 -0.0672828124468264
0.00749943609065923 0.0241792080567194 0.0185560144049611 -0.0816307775043732
0.0122370287403579 0.0257432235989355 -0.00924949251425607 -0.0725418803980322
0.00857924900827101 0.030628711416201 -0.00822699622356279 -0.0643861580776181
-0.0072615853839809 0.0277625939459575 -0.000393940397707202 -0.0580226647149185
-0.0242208407836774 0.027102755383568 0.00755188116365929 -0.0568103790502911
-0.0461983769495822 0.00628246698795965 0.0180950778324661 -0.0535844967225448
-0.0519486399254189 -0.0297772956898655 0.034928514040191 -0.0461779033573338
-0.0191841354966261 -0.0633740136466755 0.0315320277321521 -0.0686329680553558
0.0209861379137183 -0.0798228027134739 0.0364740933177105 -0.0980057407739131
0.0346221139015763 -0.0988481704984882 0.0520232238721542 -0.0238489514297274
-0.01170209949331 -0.0805422827753845 -0.0221393582151648 0.00572052860556029
-0.0572819671239832 -0.0520165280521661 0.00277705744263576 0.0770261717669473
-0.0631280610201643 -0.00659455059286528 0.0653412922428506 0.0641868929948397
-0.0412267522866475 0.0329929135516167 0.0964226666367543 -0.00383896676678127
-0.0153880595170569 0.042247497368677 0.0644211606150695 -0.0547832884079318
0.00243509294154971 0.050555272669429 0.0237768496628042 -0.0687715719080928
0.012835124875334 0.0530171290611736 -0.00478378383410423 -0.0579541364027977
0.00915951825240152 0.0573674856603362 -0.00884579742507161 -0.0487880886241737
-0.0148107583095268 0.0487924155563631 -0.00651024236341338 -0.0418472179081558
-0.0424165879895796 0.0430952875472639 -0.00396922577431407 -0.0460136555894589
-0.0758098231972807 0.00372146687125607 0.00326698701629161 -0.048535784196852
-0.0739521599269774 -0.0516684384876587 0.0214425365154191 -0.043317390362213
-0.0184873091143973 -0.0932746065761443 0.0182153029617936 -0.0606426565110714
0.0415796349055964 -0.108912884856736 0.015956972685509 -0.0774300391017262
0.0594690770356622 -0.115872255643382 0.0280935437710747 0.00842433960968
0.00616623069725898 -0.115349809475907 -0.0407086913073277 0.0260571181303606
-0.0684161280734948 -0.0920852116464784 -0.015057177160382 0.0945361507875187
-0.0955025291590243 -0.0266313902914924 0.0528681866341285 0.0859358712271964
-0.071453529394012 0.041814781570023 0.0928857400387134 0.0170351423180947
-0.0299515203079438 0.0592957310625021 0.0619493885200541 -0.0335047726914227
-0.00423258183818291 0.0697370754203286 0.0264632765819304 -0.0454857187058878
0.0120131558777481 0.0716245319377844 0.000594224043146272 -0.0351421181440602
0.0104824715142223 0.0758963578543698 -0.00790924468525861 -0.0256033230908566
-0.0174269600922493 0.0635460219467326 -0.012495012802908 -0.0195435171455473
-0.0506379086264066 0.0560918767301856 -0.0151259301293044 -0.0299431389575026
-0.0926806470985293 0.00743707675606627 -0.0110937343844836 -0.0388409996325752
-0.0894089681265382 -0.0608141528139887 0.0100424646107578 -0.0384629905375786
-0.0205830636261256 -0.107874566806095 0.0101661094408419 -0.0464987783191918
0.0536991246002554 -0.121989754356379 -0.0049424848290879 -0.0474570961231201
0.0749724169165949 -0.113032318817845 -0.00252853065694322 0.0423827916862205
0.0276002269940838 -0.127094843561841 -0.060093141147328 0.045779262943981
-0.0603817101670629 -0.118561439530565 -0.036738277457292 0.101133619027834
-0.107597935151041 -0.0486070777811648 0.0286255279418287 0.0990165024670161
-0.0905265810715862 0.038147866588725 0.0747169893082094 0.0390060658418648
-0.0420848710537168 0.0657282069780388 0.0505912162913144 -0.00629369309470652
-0.0109992762399675 0.077879353954051 0.0252251958643015 -0.0160626844990486
0.00921770681463977 0.079339742875028 0.00545035322193101 -0.00740529263334212
0.0103892228055756 0.0831451033838516 -0.00585164448246651 0.00177035063919746
-0.0172037993625864 0.0688467457032401 -0.0166075708606149 0.0055365805284606
-0.0511655321705218 0.0606861809752756 -0.0261538445048034 -0.0107998365034119
-0.0948871175552938 0.00746191062420317 -0.0230215622934854 -0.0277556418131133
-0.0893102391322649 -0.06342664394371 0.000740888834620014 -0.0324515512841808
-0.0163787068311206 -0.108496482489586 0.00808616160831026 -0.0295381500884532
0.0597744656373903 -0.11712913324638 -0.0230453434116922 -0.0138236281186476
0.0744871266809931 -0.0900371705944212 -0.0317211221882348 0.0721893645584028
0.0433331923068953 -0.112019984863931 -0.0744112291777871 0.061019835537497
-0.0377572906079869 -0.119375615099799 -0.0541358536562182 0.095004545422838
-0.094817275664196 -0.0617730239131868 0.00129462442875343 0.0990815271275134
-0.0913953501528536 0.0258095730088488 0.0470124444147131 0.0546679246562826
-0.0458375796931696 0.0604169940615841 0.0338238165809738 0.0208257179595838
-0.0152118878129947 0.0729278641378545 0.0209355261985945 0.0151700396050058
0.00508206741186337 0.0754642556123773 0.00930816219416567 0.0211085449594206
0.00789492530073483 0.0781019714167128 -0.00406822009728033 0.0288660483696104
-0.016969569336334 0.0653846058330933 -0.0204266139200259 0.0290761168105984
-0.0480994323028557 0.0553611822761359 -0.0356990462876726 0.00658014705742349
-0.0860936316329925 0.00198552451208662 -0.0325336210768078 -0.0175365749830134
-0.0755008322313669 -0.0627430225382307 -0.00595914584983851 -0.0270997657572368
-0.00484425084358263 -0.0970166651661572 0.00717354214377934 -0.0139043118175988
0.0616253678547888 -0.0945089812822352 -0.0388120408827736 0.017066974408689
0.0576070512473174 -0.0521733173250983 -0.0537183055609173 0.0935593818499325
0.045588971413756 -0.0752216464005949 -0.0792905595077951 0.0706613031862673
-0.0129591989399985 -0.093693367854801 -0.0619709753179873 0.0802297460075358
-0.0655144045539516 -0.0579517825362194 -0.0210998927009744 0.0872165421196376
-0.0726818822642186 0.011787948954439 0.0179530691355819 0.06160128051187
-0.0395434514007856 0.0450279918202254 0.0148984609088224 0.0425995555983629
-0.0155883490834728 0.0565443572183099 0.015279798078397 0.0420502037034772
0.000581950786534004 0.0596448331481357 0.0124074281620204 0.0454687151218513
0.00330345468603879 0.0635058452974593 -0.00244945225553548 0.0524390474524558
-0.0169456341262235 0.0535229378179339 -0.0251523439685646 0.0491723627201133
-0.0421865127688059 0.0425044913516591 -0.0460345265395709 0.0206516700943333
-0.0688414894070238 -0.00601363197506725 -0.0412384047934256 -0.0115604807977255
-0.0527534603104724 -0.0582712394179284 -0.0123359820243055 -0.0256462425439003
0.00977853124701574 -0.0757146387080371 0.0064367377971755 -0.00231036854433485
0.0576583708002702 -0.0589987370315508 -0.053411262554278 0.0404949077945766
0.0299886711176229 -0.00559288314938513 -0.0610594840695975 0.103426377206756
0.0360858779305788 -0.0270155334786926 -0.0711350296809026 0.0754668213599654
0.00641307609440996 -0.0506118267874654 -0.0586818674537273 0.0628146467667381
-0.0288352556986618 -0.0401958887006297 -0.0323398397214224 0.0718333081754527
-0.0424432968710584 -8.34822050445687E-05 -0.0033625570721069 0.0627948038695684
-0.0261967256818077 0.0240052425268253 0.00178677655285627 0.0562751491678782
-0.0125278152817749 0.0314811852559296 0.0106592908336017 0.0604435844095233
-0.0032028267143459 0.035495128368245 0.013493230150514 0.0626924082060009
-0.00191614715824764 0.0394220154858472 -0.00384195985207958 0.0701958243335176
-0.0151263813793059 0.0358338559137973 -0.0318361680372601 0.0620022511739239
-0.0325044138319605 0.025860580391145 -0.0570742566678326 0.0281850912223609
-0.0461803740429133 -0.0127733501703647 -0.0489604378429415 -0.0109219841553695
-0.0260302754429304 -0.0465688837064677 -0.0177878457201611 -0.028157595896003
0.0223369248197508 -0.0463834456517688 0.00341840158040288 0.00390240952343253
0.0465310270975595 -0.0167539728424264 -0.0660403626806722 0.0536288304700023
-0.0193131578267552 -0.0231620260387758 0.0702035412825494 -0.0657970772621251
-0.0232436901680394 0.0108528733908775 -0.00200315016587664 -0.0207919801712905
-0.00506578181643899 0.0251439266744085 0.0164513229427549 0.0383584933147136
0.0154116727980796 0.0122679974481708 0.0607255072444901 0.0238095464285737
0.0147319603209365 -0.00537305262167512 0.0766074677279616 -0.026164259965106
0.00698732562701481 -0.00622344855089593 0.0518932385247973 -0.070640480942543
0.00868599955513596 -0.00507431012875372 0.0102093777364144 -0.0839332459848843
0.0104320327678792 -0.0048436721388183 -0.0152782489949957 -0.0744904435720347
0.0100050685171014 -0.00108425805988359 -0.010942994786271 -0.0689537031939213
0.00713537355169115 0.00459048847605117 0.000348619789035408 -0.0662418183348726
0.00350679293364805 0.0137503306755544 0.0112284367808175 -0.0642578841299009
-0.0108251473413655 0.019825090116961 0.0286586753668231 -0.058847111769702
-0.0315582997074399 0.00693495213985509 0.0481679541144737 -0.0499871543828681
-0.0282705867500388 -0.0226405573449034 0.0457752307652873 -0.069804980169874
-0.0092178101309543 -0.0412971093314608 0.049024631964306 -0.107142044299634
0.00581450835993059 -0.0670557243743951 0.0649538849892873 -0.0498270545161925
-0.0230265289294541 -0.0353418762740865 -0.00948806551195307 -0.0097855291334641
-0.0345622050006188 -0.00877185748444387 0.0142414797494049 0.0571085634802913
-0.0235196128326415 0.0078533770687291 0.0682994631003033 0.0413992982036137
-0.0098779476116886 0.0165106404798128 0.0901375154508023 -0.0202999898566107
-0.00134628730675026 0.0189176628864353 0.0596325179641162 -0.0690414982446014
0.00851150791198624 0.0241510029308829 0.0162722158063285 -0.0826320615605363
0.0134247496962212 0.0256415566344413 -0.0116756903991236 -0.0717782681116316
0.00985926394584318 0.0303231481209886 -0.0111255197222227 -0.0649231495528512
-0.00648561759796499 0.028325598650114 -0.00241095988745375 -0.0591541115659992
-0.0235370758782396 0.0280218453999532 0.00588328785831789 -0.0587676582622541
-0.0466485586107566 0.00768392473634463 0.0179743845143298 -0.0547044988528157
-0.0534747079906733 -0.0284130305589702 0.0355999333781044 -0.0472919719599719
-0.0205313636330772 -0.063338478770813 0.0308854572006162 -0.0687513764976123
0.019369340295224 -0.0818657945506814 0.0346923429991404 -0.0990813681658695
0.0326362923180974 -0.100520235487142 0.0514052249019945 -0.0241786009614567
-0.0136130036196233 -0.0810176714354562 -0.0230584719873587 0.00650230276656368
-0.0589378820356709 -0.0503708498453418 0.00337783685039598 0.0784480214465493
-0.0641323982615363 -0.00506308841888297 0.0672055202729958 0.0644490211651757
-0.0405615462914494 0.034818551046577 0.0974778032400199 -0.00639082900415919
-0.0143221515990486 0.0431289647714597 0.064001913181719 -0.0570749430582554
0.00407549418665854 0.0510617347116024 0.0219958899569779 -0.0697736851720303
0.0152991868467089 0.0528200213535384 -0.00709765636044812 -0.0577832634941512
0.0113828159721103 0.0573189587094619 -0.0108799998166614 -0.048962190978021
-0.0139631170582885 0.0497411533716691 -0.008167583462573 -0.0430374613503075
-0.0415695292754515 0.0444946299851664 -0.00546807853925545 -0.0472050950535484
-0.0765554218717207 0.00604801955705405 0.00286138806859067 -0.0488800070979145
-0.0762597701900404 -0.0497029352792577 0.022103292792938 -0.0447422842475322
-0.020657773872164 -0.0933988979092162 0.0173401526548361 -0.0607092499163013
0.0393367206206722 -0.111619028916296 0.0140634666450288 -0.0780379603898833
0.0571438783999343 -0.118747651635131 0.0278738419011939 0.0081817898792416
0.00374675634442647 -0.116478082652055 -0.0412520058498878 0.0272571298468447
-0.0709081107162519 -0.0903315944000499 -0.0143551253648489 0.0960627924559161
-0.0974804890559573 -0.0245437510761015 0.0543600089805862 0.0865327988784327
-0.0707895228971443 0.0437364847273696 0.0942911731258434 0.0148326596872528
-0.0292140325692246 0.0609397412670671 0.0614734417141621 -0.035245153793456
-0.00242621006311802 0.0704590229460241 0.0256610442727054 -0.0463479854432467
0.015164043382225 0.0714575979371578 -0.00126424464829711 -0.0351533210375261
0.0131204757329604 0.0754286231907111 -0.00940585048357574 -0.0258598645730402
-0.0159670155661104 0.0641269129845054 -0.0135708117092947 -0.0201418806319376
-0.0490371439407778 0.0580364968936223 -0.016933353956137 -0.0302669496921988
-0.0930304914084881 0.0101659237569664 -0.011500749743785 -0.0392847930929456
-0.0921182387479483 -0.058260652808123 0.0101518922847349 -0.0395596984367478
-0.0231972029826296 -0.108436896060119 0.00963561535585922 -0.0466056140587813
0.0509359972245048 -0.125082119350779 -0.00613430705773325 -0.0477833174808234
0.0721887260000868 -0.115897993156394 -0.00257780349802462 0.0433426943644394
0.0253256563145993 -0.128774787345627 -0.0602041615817212 0.0472595564204419
-0.063366856273069 -0.117350646744059 -0.0360041423437431 0.102976236211072
-0.110031970409766 -0.0464200264191203 0.0299378557592235 0.1008885359199
-0.0900426094274595 0.0410381539212434 0.0765243005059975 0.0376555562820885
-0.0409708274437035 0.0675259413099203 0.0516604302361052 -0.00724820343510479
-0.00922725981979169 0.0789985067261128 0.0254944344593885 -0.0165106481292123
0.0124147311920331 0.0796486901630916 0.00487035051707676 -0.00777281895313687
0.0134488296313947 0.0828430412276058 -0.00621568456862083 0.00161577598205478
-0.0150872468673317 0.0699986143660908 -0.0168737678146813 0.0054461199629909
-0.0496698495848895 0.0625134359184422 -0.0270396684045076 -0.0111311464284528
-0.0959102046606747 0.0100864597558645 -0.0235236555305158 -0.027785130076026
-0.0919931790329448 -0.0613053516034908 0.000906123513836451 -0.0333344843210662
-0.0188046066072869 -0.108938589523791 0.00731175098429894 -0.0297624917502363
0.0574884021533644 -0.119886452722035 -0.0239738728204842 -0.0134352325439726
0.0723191306788303 -0.0924036134045798 -0.0311695301741245 0.0737096973112
0.0421038420479865 -0.11330256617148 -0.0738759212266204 0.0622910876080205
-0.0409640201752273 -0.118680916929985 -0.0542197506882889 0.096883636705423
-0.0972582654175834 -0.0603572286863658 0.00201166511048963 0.100973922777373
-0.0915699491321422 0.0288803623829762 0.0492449099650688 0.0546276566042745
-0.0445277625273064 0.0624545645341097 0.0347643675397761 0.0206769296859189
-0.0136683317514776 0.0742504080846016 0.0219878838073775 0.0145125922337294
0.00790940819202039 0.0757745679842412 0.0101082861596739 0.0205316529873497
0.0106054696323799 0.0787006277318788 -0.00284963989663641 0.0288480697895481
-0.0155317072296972 0.0665069537657031 -0.0200257800463754 0.0292763184869042
-0.0466366160877475 0.0568066501335631 -0.0362846774088408 0.00694582169969516
-0.0872008420272408 0.00461262153357318 -0.0331074480265633 -0.0176267132891009
-0.0781431253841587 -0.0611028656694089 -0.00609711754456655 -0.0283791848076888
-0.00703937793910281 -0.0976328925523052 0.00649821601872184 -0.0149014423872367
0.0595916152751223 -0.0972451655840946 -0.0391518073669042 0.018189100913859
0.0567406842579072 -0.0536658568469412 -0.0531993505581328 0.0952535554782104
0.0452171933909052 -0.0764191218497196 -0.0790424776776107 0.0726112185010161
-0.0150047767305256 -0.0934509176452538 -0.0622683692001585 0.0815182232770991
-0.0677025550625662 -0.0573588484659825 -0.0203649725028467 0.0893616631065375
-0.0732022715700397 0.0139311659397442 0.0200937929411707 0.0621950590032043
-0.0385902096858234 0.0466344956368622 0.0169990326142496 0.0429296498870841
-0.0145841348705924 0.0576424371860356 0.017392818945107 0.0420019821949001
0.00287185610315531 0.0604562982567728 0.013681096709486 0.0450453694760082
0.00536753987481986 0.0634148431563102 -0.000974092638481401 0.0527487281113001
-0.0156581219291109 0.0545340200963621 -0.0240549558927207 0.0493812221302552
-0.0413060042433248 0.0442219743234455 -0.0458131371620941 0.0215662908869719
-0.0702237761487807 -0.00465748508577388 -0.0413137803197925 -0.0111923984733383
-0.0546083756490091 -0.0572065771894666 -0.0123955150345631 -0.0267968726998828
0.00836328177925496 -0.0763758427782776 0.00570685589551876 -0.00285563326101113
0.0571048815506004 -0.0611888079931763 -0.0528368941553978 0.0423481730771189
0.0299060562542406 -0.00606993121383482 -0.0598574511959466 0.105256824878311
0.0368410103527925 -0.0277449761027771 -0.071212944665611 0.0764320739991657
0.00524994067199837 -0.0512473308365514 -0.0592561872935817 0.0644144247084889
-0.0300556142698115 -0.0403159925834769 -0.0320650489409969 0.0737352719246996
-0.0425717799801278 0.00103295139022659 -0.00159746697323945 0.0642422211663913
-0.0250230801845614 0.0248185784500515 0.00404262019320999 0.0573655833143477
-0.0117575086948158 0.032188656398401 0.0131382426727189 0.060375092599172
-0.00207924723937549 0.0360560834063146 0.0156136623040683 0.0620396308735443
-0.000469099532816719 0.0399996202044437 -0.00137354606443755 0.0698143477531103
-0.0140384200202301 0.0368571398524795 -0.0301964048285274 0.0628724273265094
-0.0318890131735808 0.0271339527543523 -0.0569973444282885 0.0294214411725336
-0.0469046207047374 -0.0115877470994749 -0.0497091048358756 -0.0110830305451198
-0.0273525702374055 -0.046398813638746 -0.0185043340112556 -0.0286744850088639
0.0218846820717813 -0.0472739336138074 0.00332200180802138 0.00338671497910684
0.0464369234223999 -0.0180182466981002 -0.0660270441791165 0.0559333394240186
-0.0200822888872017 -0.0235588016122579 0.0698621712494849 -0.0689023218031451
-0.0242479612604089 0.0111461939991749 -0.00310374041371117 -0.0207138191758919
-0.00495473041494888 0.0261212545053386 0.0169924914066333 0.0401527006127145
0.0163121666569633 0.0126286390974224 0.0632957192026342 0.0234887969667933
0.0145062322801705 -0.00589821618180567 0.0782544486285857 -0.0283037458565688
0.00705900968218962 -0.00701857027532704 0.0515456028310291 -0.0738795360211416
0.00915042956483559 -0.00613911443438845 0.00722940800003958 -0.0851442901379504
0.0104472877594614 -0.00598041205952088 -0.0178550777734342 -0.0745637475925739
0.0108275258588606 -0.00116758112497368 -0.0141857787310388 -0.0702387917689975
0.00784167679741992 0.00480555980140195 -0.00215164924896364 -0.0686661155938764
0.00405678919804374 0.014179211230913 0.0101604793493437 -0.066682174336803
-0.010350162505573 0.0208415517889651 0.0287434119553593 -0.0612971940178271
-0.0325073199692014 0.00816567687727482 0.0498640639026985 -0.0518084291661712
-0.0295501536631794 -0.0225884651030679 0.0463422377502728 -0.0710334194133352
-0.0105249730245484 -0.0420786532970013 0.0482014565553667 -0.11097101106426
0.00372712844488696 -0.0689298999066777 0.0654456962770506 -0.0516555078256802
-0.024560249229948 -0.0361905969667927 -0.0103986095517933 -0.00888095642296754
-0.0360730247496874 -0.00771522599667399 0.0153118984573117 0.059047053722962
-0.0237803768261869 0.00895200697824784 0.0709391905394869 0.0414559887198534
-0.00998804845941879 0.0172707576322018 0.0919782771865874 -0.0233287863011312
-0.000988667848070032 0.0192418937984459 0.0596520054556021 -0.0723021246020544
0.00922410020089785 0.0244574085477489 0.0145141512765512 -0.0841247394008287
0.0149111373732116 0.0255232538396342 -0.0145592439257432 -0.0719981720313126
0.0113294370943229 0.0304328125110271 -0.0141650097984731 -0.0659982464645483
-0.00592056344224963 0.0291621706497622 -0.00527930462988025 -0.0609176906170497
-0.0232512253213881 0.0296945384551083 0.00393437871110646 -0.0604215131316204
-0.0476562137592622 0.00893627463910872 0.0174435765274944 -0.0561794374697808
-0.055719867369113 -0.0275698002402168 0.0370748683708685 -0.0493245990920007
-0.022470697962638 -0.0651001766870211 0.030645642015028 -0.0699062266650596
0.0176072958488964 -0.0844727477736063 0.0336338795052153 -0.102240924599891
0.0303511888739673 -0.104341065183961 0.0517597132669238 -0.0251007309710191
-0.0160353162292083 -0.0827301522949261 -0.023640702781325 0.00792275710050646
-0.0618606439707336 -0.049572281189236 0.00457014345424481 0.080927569100138
-0.0661662251955601 -0.00326308604855707 0.0700733975627519 0.0656110785791736
-0.0404780834590268 0.0366167642573203 0.100116578767047 -0.00896156891075748
-0.0134547091592187 0.0445696336686705 0.0642700183777126 -0.0601021265043236
0.00552814953286654 0.0519331682479767 0.0205045680641716 -0.0714937712947257
0.017875334242146 0.0529204095955952 -0.0093468641220349 -0.0583417619864585
0.0138690027971275 0.0575682636355724 -0.0135091074136696 -0.0499947035527496
-0.0128830446873649 0.0513174556237027 -0.010763761438558 -0.0442760343870716
-0.0409825348212079 0.0470147015081896 -0.00756521133897813 -0.0489361986772309
-0.0781255449882867 0.00843675814143905 0.00232994833906937 -0.0508300773897987
-0.0799635100235317 -0.0482656603266523 0.0231198555451495 -0.0466172664511842
-0.023761441204484 -0.09547618351404 0.016703517383276 -0.0612986029849375
0.0368295181743268 -0.115888829196704 0.0125812620004153 -0.0803011670832775
0.0550801060875159 -0.123351372599205 0.0281327910632233 0.00869140943862915
0.00133875654944625 -0.119344644995086 -0.0421825119471966 0.0289648490300777
-0.0749322708672428 -0.0899102545402913 -0.0136429586640566 0.0991359794116014
-0.100614867473607 -0.0226293504242343 0.0569310641289801 0.088836473153218
-0.0715563784956867 0.0473305067733109 0.0971080811140292 0.012865807305062
-0.0277944468541067 0.0629243101039279 0.0626719009293298 -0.0375209848469346
-0.000408688279200872 0.0725816627718935 0.0248731949692611 -0.0480140854942348
0.0185132838257186 0.0723545412001375 -0.00304241845181473 -0.0359516863350999
0.0171944251170478 0.0763110746436051 -0.0110615872466526 -0.0263358667204894
-0.0147409026423015 0.0662260616977171 -0.0149114207293397 -0.0210669965521366
-0.0480824591157688 0.0605806649447836 -0.0191057298571579 -0.0315612624254361
-0.0953360635104247 0.0128271633019942 -0.0125264850218542 -0.0406986945080168
-0.0960666073082562 -0.0565671354869361 0.0103857572955035 -0.0418322714368513
-0.0265643343726999 -0.110794091598309 0.00896205143013589 -0.0473615820615094
0.0483001782768819 -0.130430559852604 -0.00753561241305352 -0.048437218914983
0.0704130362686162 -0.120874094623526 -0.00237032580385373 0.0452629678026557
0.0234636076663377 -0.132174836936804 -0.061468590565443 0.0492355259824191
-0.0679294968709739 -0.117634530740544 -0.0360303083908583 0.106433757391472
-0.113787462129416 -0.0448454872426855 0.0324960997496157 0.10355546530307
-0.0913284308898385 0.0446642331383678 0.0792675400516279 0.0371493358250531
-0.0399065173624914 0.0702442768082347 0.0528771950097141 -0.00786990752790858
-0.00671151254838473 0.081117397383126 0.0255974047931366 -0.0176819206786711
0.0156483433354916 0.080971761694552 0.00433957019749209 -0.008174945109907
0.0169104795105751 0.0843482650260756 -0.00672462777703833 0.0015497935391082
-0.0142166267335966 0.0717906873690579 -0.0174661275662034 0.00549926282507129
-0.0489951662752601 0.0651327933229274 -0.0291045401406284 -0.0112501297828407
-0.0982144337362347 0.0130759333595943 -0.0241982694091179 -0.0286926949086611
-0.0961273769926047 -0.0592543344949862 0.000795725730337114 -0.0356815074758724
-0.0219487849491344 -0.111434355253815 0.00675168920421797 -0.0307775220304129
0.055498475431789 -0.125196857081435 -0.0248660829309631 -0.0126811872989657
0.0713845547016859 -0.0968938376471726 -0.0313848034577734 0.07671692419421
0.0408173727872281 -0.116644511695255 -0.0754459685012268 0.0649784958438338
-0.0443184535500201 -0.119618766125217 -0.054682644375925 0.100229174477357
-0.10153140050063 -0.0594823200561945 0.00354971463725093 0.104354715456782
-0.0928817331531741 0.0319618348693969 0.0519086793020966 0.0550846261765591
-0.0437169511320736 0.0650743763795048 0.0367766522500731 0.0206929456874134
-0.011379093830435 0.0767165642165249 0.0234435069195408 0.0140103297765556
0.0113147807713216 0.0774612111329879 0.0107761595168263 0.0196883559649018
0.014342858557768 0.0798414044678301 -0.00212249743732399 0.0293408006855797
-0.0139586486585983 0.0682875941825573 -0.0197565898646433 0.0300451472534844
-0.045892766182097 0.0591504780624489 -0.0372913984799649 0.00746387243456055
-0.0894872608373001 0.00697107612305346 -0.03405114022187 -0.0180149603594864
-0.0820144099199522 -0.0601716209402962 -0.00636107615728656 -0.0300128852519711
-0.00955495611085153 -0.0996694685032858 0.00618951860263277 -0.0155101316361508
0.0581988230363234 -0.10171444492736 -0.0397414120221548 0.0203744596048148
0.0558150056176765 -0.0560940701936636 -0.0528672464037922 0.0989107420623125
0.0450373428365893 -0.0786381831445678 -0.079749935210851 0.0747056242879401
-0.0170896859252445 -0.0944273975989863 -0.063313543524672 0.0848585631854271
-0.0700473245924313 -0.0573710496434671 -0.0196572130826618 0.0929098094506653
-0.0741450062406626 0.0167715973966923 0.0222086054570305 0.0634779038212616
-0.037800818755949 0.0488057161385744 0.0188367585743619 0.0441565236446924
-0.0127152897942142 0.059479371207162 0.0191299699106015 0.042069057795304
0.00556984421764383 0.0620688134207572 0.0156544870419552 0.0447411130310092
0.00802391099532646 0.0643982523977913 0.000939113091866369 0.0532424829586617
-0.0144152392697784 0.0567079048250853 -0.022924757330352 0.0508132775828004
-0.0408033403783853 0.046104803998178 -0.0471193410756274 0.0227150976802386
-0.0726070920806773 -0.00275909494965694 -0.0429507614289752 -0.0115699368140867
-0.0574893642567022 -0.0566650538581805 -0.0132133291378402 -0.0278537040632942
0.00699558175263072 -0.0780732307745114 0.00590472635324776 -0.00307969171740935
0.0564172547099609 -0.0649803429053188 -0.0536031119601005 0.0449326630229628
0.0299159558218843 -0.00625168540168337 -0.0599330035007704 0.108796276312515
0.0376720822784275 -0.0292874923233739 -0.0721602714192399 0.0784122619071705
0.00466643221819641 -0.0520773729477271 -0.0599730576203724 0.0665511082153172
-0.0319047439478308 -0.0408258787357656 -0.0319649999208057 0.0769207203738928
-0.0436108735774343 0.00221268041911717 -1.1023275847461E-05 0.0665317568809287
-0.0249420518315464 0.0264834560958397 0.00619692383844908 0.0591158782383238
-0.0106199273719447 0.0335091650659922 0.0157165916168458 0.0608372070475643
-0.000683717667609775 0.037509426264255 0.0183792873889841 0.0618641008341933
0.000987917837038327 0.0411013966098912 0.00123413843441956 0.0705958604766542
-0.0130944589989865 0.038452027496037 -0.0283698586970521 0.065125926546749
-0.0320141855774547 0.02875554579639 -0.0578948564208904 0.0314082864269463
-0.0490197865364554 -0.0112007544857402 -0.0517428848366489 -0.0106478220968469
-0.029238850351017 -0.046166726035589 -0.0190886281397056 -0.0301326375697471
0.0213008255294827 -0.0484111136003491 0.00353335434188177 0.00290722328045263
0.0469199260491958 -0.0195304412284373 -0.0658249020889608 0.0594526353223247
-0.0215127234382135 -0.0239747314705502 0.0693135017906449 -0.0731388113156169
-0.0244022036741657 0.0126487233335278 -0.0047756475753748 -0.0200166498888743
-0.0039647555900852 0.0270747712556387 0.018507207147302 0.0418389461521228
0.0174675811222576 0.0124312169265776 0.0657139482090749 0.0221698713884666
0.0143812230042598 -0.00655028452715799 0.0796875951564217 -0.0328894804319877
0.00705485084896252 -0.00757507783478624 0.0494613904139945 -0.0784969849802175
0.00928374186221121 -0.00662535602122415 0.00394065598234005 -0.0872800785378043
0.0103690026224986 -0.00694401142044712 -0.0219124433511452 -0.0748414961398241
0.0108606018499491 -0.00226271561159069 -0.0187929188562733 -0.0713393893239277
0.00825806157086024 0.00432317026727654 -0.00653835603320887 -0.0705721034476704
0.00502552923393694 0.0143352502305894 0.00718089198790091 -0.0695999939290649
-0.0096161997534846 0.0220955220949399 0.0276181280018856 -0.0643275749903717
-0.0330511864210743 0.0102896161229067 0.0503541352267706 -0.0553778458867688
-0.031338264681423 -0.022032767718243 0.0457424915572802 -0.0740223300377499
-0.0125604745564965 -0.0431314459674206 0.0454401913411887 -0.116282758186681
0.000773812468986106 -0.0720724265712088 0.0650868864772301 -0.0550918399470428
-0.0271535599992606 -0.0360777615437139 -0.0117543041403182 -0.00788968790172749
-0.0374348255248718 -0.00638167137919206 0.0172569434483984 0.0612228269486368
-0.0244646308460805 0.0102180928305482 0.0747155773787302 0.0411438448854832
-0.00944980497499187 0.018275510295871 0.0938469842802257 -0.0276203398742645
-0.00027949502483491 0.0193150331166006 0.0585195779196056 -0.0770908954768074
0.0106622663160819 0.0245875190597568 0.0108199440934441 -0.0864438064680421
0.0170853624085197 0.0251954185167822 -0.0189193185876221 -0.0717158241633739
0.0136845363929565 0.0303785105294616 -0.018704915560065 -0.0669708563948773
-0.00477042171091088 0.0302341044920159 -0.00884017463695688 -0.0631258788069034
-0.0223070641959148 0.0314495718628791 0.00161098953802192 -0.0635123725592255
-0.0487761143381995 0.0113360925692006 0.0162948620573979 -0.0590898685749606
-0.0586355461542626 -0.025257192817929 0.0374562647419747 -0.0523896275663899
-0.0263431998478953 -0.0661119750894569 0.0295196199862815 -0.0718105619703741
0.0144513300340527 -0.0880611462723221 0.030746629603523 -0.106723020721394
0.0265600842011689 -0.109461306337677 0.0519669947027263 -0.0271370479414851
-0.0203074032629519 -0.0850393678346042 -0.0255161785909674 0.00993967517960541
-0.0656896370722696 -0.0477006591297937 0.00718298000064083 0.0841940585349841
-0.0689681704486942 -0.000607988990954218 0.0747209957847343 0.0660096492786911
-0.0397751444153473 0.0395965728642688 0.102736805418289 -0.0131831911953525
-0.0121441173814242 0.0458905055590371 0.0638499583947998 -0.0643227704922566
0.00812310148788592 0.0537464230714919 0.0176123246684503 -0.073948980805795
0.0211511388278539 0.0530561292498623 -0.012982980514504 -0.0580199114227993
0.0175356042859747 0.0579960223600506 -0.01706931349069 -0.0506394107970728
-0.0111808423671911 0.053108908746706 -0.0136204803135574 -0.0455795725506094
-0.0394198053257237 0.0499803172432993 -0.00993621296076805 -0.0505444680193423
-0.0803326988739491 0.0121186160335103 0.000753516426658651 -0.0525800123944465
-0.0841383794120943 -0.0456615714855958 0.0226185489841044 -0.0495950668134177
-0.0284138277563048 -0.0977351943303102 0.0151696130769675 -0.0629426766130954
0.0326745629399333 -0.121316487035298 0.00957743285620811 -0.0825149164645708
0.050637237767916 -0.129060415459069 0.0289816665641528 0.00892554192884784
-0.00383566659796724 -0.123095634674783 -0.0430627115879671 0.0318986870501529
-0.0809291998563932 -0.0885541688933551 -0.0112543639569023 0.103159351503191
-0.104969594185393 -0.019209625888014 0.0617627218464569 0.0909575942147823
-0.0703932626746366 0.0519752767384423 0.100449001890884 0.00934087118110141
-0.0257934514484452 0.0660079750628388 0.0632074551413294 -0.0409764964561403
0.00313061968619042 0.0747052566190501 0.0232358063398168 -0.0503036376292055
0.0227875027728867 0.073009311587629 -0.0048367180672795 -0.0359597376513294
0.0214315813471013 0.0770551762918414 -0.0132765726939823 -0.0266948386720327
-0.0118882720121183 0.0687376671732689 -0.0173430751965046 -0.021554406314332
-0.0466631839552546 0.0640780492777576 -0.021395360047752 -0.0325679778087821
-0.0980431664085829 0.0178269318907174 -0.0143364752854439 -0.0418733415559271
-0.101275682586834 -0.0535659711532463 0.0101353684210841 -0.0441243983007437
-0.0319819524459132 -0.113132297937126 0.00731882186835897 -0.0483394910694046
0.0437281293846119 -0.136879569338517 -0.0101424750497723 -0.0491020248696289
0.0664721651103683 -0.126372777388922 -0.000876397434762175 0.0470667002103438
0.0186005411637549 -0.137370962465112 -0.0622661183086764 0.0530272856592702
-0.0743219964967418 -0.117367596939014 -0.0341281979944308 0.110979537901968
-0.120033273681879 -0.0415084990304164 0.036650435182462 0.107226491008662
-0.0913553600900082 0.0503221079901942 0.0835339067156087 0.0348560157135941
-0.0375395917911512 0.0744273961502328 0.0545129790286012 -0.0103454374919606
-0.003091186159074 0.0839808226939275 0.0253774330358535 -0.0192560891005185
0.0211421999038013 0.0822573388168918 0.00359648178596402 -0.00834623945234177
0.0221697256384622 0.0850351292742156 -0.00729580507028838 0.00134024030274834
-0.0112919627001955 0.0750807010259519 -0.0182896222030087 0.0060441628330109
-0.0468232680699975 0.0685920715834203 -0.0309170346333759 -0.0109381772169086
-0.101164647532085 0.0182037843164461 -0.0264811878733357 -0.0288767497712962
-0.101849796276794 -0.0559989019357845 1.89251152273357E-05 -0.0376942367765986
-0.0279397955514113 -0.113781502372008 0.00569574414441913 -0.0309669940599078
0.0510908552345363 -0.131780788378191 -0.0265181904144067 -0.011702439600383
0.0687431562406655 -0.102250639427983 -0.0298248787711556 0.0806764711275244
0.0375392452676852 -0.121961134782559 -0.07582860439255 0.0692336262642421
-0.0502519708129916 -0.12040526558909 -0.0535458791324986 0.105336584622583
-0.107112091578235 -0.0572101701069342 0.00677654526877071 0.108858488483048
-0.0935815248778707 0.0373059375887999 0.0556516260804594 0.054496361145397
-0.041666013788477 0.0684010674072759 0.0389544154097153 0.020642821089226
-0.00822287598812864 0.0797472718702861 0.0252729925691642 0.0131665286496803
0.0161739903231677 0.0787866471139694 0.0117132717334917 0.0195266374773193
0.0191514928749712 0.0806042086009656 -0.00133263151106637 0.0293716230235231
-0.0111582883403343 0.0712562620223621 -0.0189352528493973 0.0316198141878656
-0.0442259152105787 0.0628935326407534 -0.0386036347485106 0.00862507842942109
-0.0922769998756046 0.0112793076133021 -0.035568965040302 -0.0180681561338044
-0.0869857234282684 -0.0572496907281803 -0.00750576727467662 -0.0318047226509726
-0.014255687924446 -0.101951447319666 0.0061147754518669 -0.0161094548007273
0.0549418059010329 -0.107868221052079 -0.0404664233713362 0.0227917276597668
0.054805072511327 -0.0596791731428037 -0.0513172433182346 0.104588669543912
0.043921162442609 -0.0828171452862587 -0.0803752959238628 0.0792834680479954
-0.0213989688009875 -0.0963685991608968 -0.0633978372490721 0.0890807349464357
-0.0755272386994716 -0.0565205469366813 -0.0170073472638226 0.0980267370542057
-0.0757901652974447 0.0205171772788016 0.0259259134203337 0.0655919599916302
-0.0366445656368522 0.051863304038581 0.0221325159950848 0.045530831006392
-0.0105989280502918 0.0625003038282287 0.0221385959261366 0.0418624824228881
0.00898607634040411 0.0633247931374175 0.0183980905730475 0.0441500017274637
0.0123016114293034 0.0654847121337168 0.00357384982650073 0.0537526358241283
-0.0120563209115858 0.0588479916696051 -0.0211628872144935 0.0528580516579095
-0.0396170682668491 0.0491630643101374 -0.0477284012516909 0.0251613034793385
-0.075007828542144 0.000308655732521237 -0.0445088855646027 -0.0105562613482467
-0.0620325041492182 -0.0554803389078641 -0.0144544616610844 -0.0294335742806089
0.00385073389497186 -0.080587921132087 0.00585405686391265 -0.00407196504158456
0.0547596660031445 -0.0688913124176171 -0.0530684037059281 0.0485042459403012
0.0304847165831705 -0.00706670756466653 -0.0580154483318867 0.114312905585263
0.0383432587514127 -0.0313917454956365 -0.0721885315688031 0.0828373845746345
0.00310555686356343 -0.0534093513531325 -0.06069628681388 0.0702097920326553
-0.034520388355903 -0.0408705900362808 -0.0302956138696762 0.0811824171758845
-0.0449540328934727 0.00488198895609524 0.00365225062394298 0.0693924141679149
-0.0237125106255299 0.0281966781628693 0.00950397224335712 0.061815452796256
-0.00947075873855405 0.0352967697916787 0.0198203975355766 0.0614227362863987
0.00129041794937587 0.0384641831876283 0.0213685685794867 0.0614824409666382
0.00345892994728129 0.0418388842163484 0.00492590276391262 0.0718567256631949
-0.0117940945466057 0.0405400623322177 -0.026163121860032 0.0676482401951114
-0.0315065371673037 0.0308163176294252 -0.0581867135656827 0.0344111494402681
-0.0510185397191417 -0.00909407312301453 -0.0533740111060594 -0.00984536692553796
-0.0321545541641532 -0.0461640322443673 -0.0209856092682505 -0.0310465228443189
0.0198021226076955 -0.0506432503355969 0.00405553196242937 0.00245458358086901
0.0473566559815474 -0.0218691097028887 -0.0647917588611501 0.064122350695476
-0.0232468819257595 -0.0237237238115276 0.0660175696643715 -0.0781648038650507
-0.0245301144561115 0.0140443157265679 -0.00653357209776889 -0.0191235446972766
-0.00257726057779499 0.0278430620351755 0.0208073572363734 0.0427008116517183
0.01813552257507 0.0118885310417641 0.0683365299338896 0.0199060542633955
0.0142814470488332 -0.00783331309013707 0.0787330669062312 -0.0380059549114777
0.006355787010984 -0.00859312802295674 0.0457253776273256 -0.0830513879087813
0.00896230383415549 -0.00759126372541802 -0.00160869452914225 -0.0882726772819884
0.00983243160267555 -0.00789896168527537 -0.0269128681289529 -0.0733332798512823
0.0107640746801263 -0.00342482757552854 -0.0245715353079397 -0.0709371843841572
0.00857345246593934 0.0040556037652625 -0.0115413566617602 -0.0716595351644553
0.00627543957691599 0.0146605687490092 0.00321211601791272 -0.071682425003247
-0.008667176483732 0.0229310103420732 0.0248207777583914 -0.0667911817602227
-0.0330260347909536 0.0124544266872971 0.0497954829857134 -0.0590038152999443
-0.0331976120631561 -0.0207782983618015 0.0431318128490853 -0.076335130360787
-0.0154417352785013 -0.0431382618218225 0.0396292722760516 -0.12007951877698
-0.0036461916277963 -0.0731726837694538 0.0629482740109093 -0.0591593159027248
-0.0304876094934101 -0.0354948990566174 -0.0128216798203485 -0.00673708378752506
-0.0388315452513391 -0.00403724705612178 0.0206956829614255 0.0621758858141673
-0.0242005290833872 0.011902291995541 0.077616914180511 0.0385338349396154
-0.00849490889369958 0.0188526232412723 0.0936117274039853 -0.0337787330818192
0.000745839295030895 0.0195694377685784 0.0552121704008932 -0.0818983096390437
0.0125888227470148 0.0241734032703022 0.00549949815807317 -0.0884227099967234
0.0188812596643195 0.0237825058334306 -0.0236348906968303 -0.0706490589627481
0.0159823339008843 0.0290655360241004 -0.0243584814344588 -0.066194822682916
-0.00270453685151675 0.0311683415582194 -0.0137211985037701 -0.0636388488540162
-0.0201148422116923 0.0333502276461286 -0.00259328480973497 -0.0650867684885615
-0.0488685692677295 0.014512464945925 0.0137968562464487 -0.0610773618808263
-0.0612500129529437 -0.0215271133297008 0.0362800207911363 -0.0553819501697147
-0.0306064347310195 -0.0657223672097627 0.0266171969858344 -0.0739420504126809
0.00913915883203565 -0.0908605254060227 0.0251772351771366 -0.109897258024756
0.0204142467119196 -0.112347116666905 0.051326244053445 -0.0295093663134684
-0.0255028653571991 -0.085703415318596 -0.0258703902300346 0.0120863421481441
-0.0695322733823621 -0.044062031911039 0.011486754512306 0.0862862638869849
-0.0701096828807335 0.00352252614799193 0.0792193595424519 0.0640327157771525
-0.0380444701307187 0.0424778751375113 0.103848976760172 -0.0197408249651769
-0.0093871858402594 0.0471360016578821 0.0617197581256773 -0.0697484577189317
0.0122664824046016 0.0538987613592821 0.0136517007436948 -0.0761392857451776
0.0254676996867252 0.0516690283233118 -0.0167430859974809 -0.0576393488591529
0.0220916591538037 0.0570322983148017 -0.0217448932600404 -0.0502340340386307
-0.00769850309992273 0.0548695375441453 -0.0174152724462926 -0.0455908405602652
-0.0368239177832729 0.0530934379069555 -0.0140223335168626 -0.0514278278022089
-0.0809161338130193 0.0172415888056232 -0.00201073059416671 -0.0536241163758668
-0.0883846642544486 -0.040562713917761 0.0215680927099847 -0.0520818710800357
-0.0347778994798205 -0.0978595274159739 0.0118575069395436 -0.0635796201653025
0.0253964022596899 -0.12540212874855 0.00510827764268764 -0.0840132482482086
0.0434255634666842 -0.134459972155863 0.02934142792657 0.00838491564974442
-0.0108739511198362 -0.125093381461228 -0.0429938255480997 0.0348361016963204
-0.0871606757305833 -0.0849810260799697 -0.00696809487673265 0.106199540134169
-0.108414770444606 -0.0130645803073797 0.0674918697013387 0.0904300840947055
-0.0679687955343234 0.0566939963994795 0.102657715753223 0.00361279835270191
-0.0225552184562604 0.0686499955811936 0.0625677655202618 -0.0453614228267401
0.00807585077985798 0.0754264916290495 0.0205760627652799 -0.0524363632876451
0.0280982777758123 0.0717506560647504 -0.00734719394801228 -0.0353361608417615
0.0276298006017129 0.0757018585513857 -0.0163062907959512 -0.0258319420318877
-0.00799046948028149 0.070393679991574 -0.0194302254863266 -0.0207236864599617
-0.043108885861575 0.0676748750134088 -0.0243738300582363 -0.0321255865945389
-0.0984938830322207 0.024023270026116 -0.017003037291792 -0.0421958498586559
-0.106005907033447 -0.0473737155488044 0.00808528632777039 -0.0461924943556778
-0.0394859102930095 -0.113296396957869 0.00530142089702043 -0.0485776799908939
0.0356475216011401 -0.141743602253184 -0.013240367329666 -0.048993584449372
0.0598363558579667 -0.131686212300329 0.00136249043023294 0.0491362810609284
0.0117086645899313 -0.140762005964827 -0.0610064439808266 0.0569297953729311
-0.0822016693941498 -0.114089602468587 -0.0300380519621119 0.11542542703888
-0.124312937916214 -0.0355308570989238 0.0423157911673788 0.108339247058818
-0.0892726242952865 0.0568125734935086 0.0869100019818244 0.0304384233725927
-0.0333744689068599 0.0777981456686 0.0554965719201497 -0.0133910209455861
0.0019768942774467 0.085922189617079 0.0252001092304755 -0.0209204533896442
0.0269795737760554 0.0811905527195236 0.00265876612427104 -0.00861505885375171
0.0286483019814008 0.0834552411101354 -0.00797866255779988 0.00201035050613393
-0.00685580222902547 0.0768314248901023 -0.018489539074611 0.00714161446323072
-0.0431477359221814 0.0722250110899934 -0.0328564468257846 -0.00999437692896475
-0.101449973778494 0.0249136756580953 -0.0283946000423581 -0.0287128165610796
-0.106341317319295 -0.0506602928864822 -0.00171294111106536 -0.0390032031083344
-0.035199485573463 -0.114026382451849 0.0043886183970571 -0.03167881015186
0.0431299254694292 -0.13674184512265 -0.0273816129180353 -0.00961567772108718
0.0631544273198476 -0.107218857253154 -0.02626813383201 0.084147938481427
0.0318383481591977 -0.126159099477321 -0.0742348506073772 0.0740352519888205
-0.0573338056741825 -0.118961076260764 -0.0505392185470851 0.109558716814995
-0.112901983914134 -0.0525133581035207 0.0123733963844483 0.11209407645269
-0.0922185832669099 0.0437994604396669 0.0602441442649525 0.0523535689810805
-0.0379488117499211 0.0723800642910668 0.0420217861104898 0.0190865763438799
-0.00325678062963434 0.0817733752115434 0.0266389312188596 0.0119243490407895
0.0221750667345014 0.0782469700387409 0.0125768660640938 0.0187373396847416
0.0249841689160317 0.0798059925912905 0.000274755215808551 0.029415282721424
-0.00677663717674063 0.0732399217764616 -0.0176628636710967 0.0325764483671547
-0.0404970551090436 0.0663402840827608 -0.0392627625677372 0.0105815302620631
-0.0933591145076915 0.0173454473013038 -0.0372233993725611 -0.0170738655746896
-0.0919686865656755 -0.0521728791674464 -0.00918224447699667 -0.0327492029928245
-0.020519251336455 -0.102747045898993 0.00546248951367829 -0.0159498759861324
0.0484259903235212 -0.112536123799599 -0.0395998075948206 0.0256805840369727
0.0519814501940635 -0.0630907897012926 -0.0466407003466538 0.109643096245175
0.0406980046741713 -0.0868306479534846 -0.0782628165242752 0.0845347148468517
-0.0263177489927735 -0.0961129441178453 -0.0607125990490556 0.0933056340698991
-0.0800121968111657 -0.054230222748184 -0.0129536985878101 0.101320565049284
-0.075147581399125 0.0256867378255478 0.0305896903579111 0.0651610077690836
-0.0331121612935839 0.055039098366734 0.0258771555859862 0.045421830191923
-0.00634300390964733 0.0638470467837357 0.0257534050748282 0.0409012842914025
0.0141254630975245 0.0632441326273992 0.0203651806840802 0.0429513248200652
0.0174417869832552 0.0651705014985511 0.00701636255409929 0.0534726451894074
-0.00855702755873526 0.0608931388139514 -0.0178555641050628 0.0544216593280475
-0.0374030547022453 0.0519722059080482 -0.0472136925415789 0.0279607958116397
-0.076790888658083 0.00505199224173962 -0.0461193773107075 -0.00918440836554408
-0.0659919878567025 -0.0520234115475507 -0.0163483050898509 -0.0301051117872035
-0.00110071483218379 -0.0822953554482114 0.00563589136596189 -0.00421264974060661
0.0511259427153029 -0.0735823831645048 -0.0508113167112776 0.0530111639402831
0.0303703849308773 -0.00840510441223739 -0.0528383298299208 0.119339252859894
0.0377677053294459 -0.0340875844981721 -0.0692916975570609 0.0872860877111862
0.0005906792847147 -0.0538063027297251 -0.0589922269133862 0.0743667996681945
-0.0374906701711444 -0.0399796314674354 -0.0268079677020454 0.085213265301326
-0.0446705480254321 0.00747381831758378 0.00783374060963161 0.0706270639894703
-0.022026862969137 0.0301543630604821 0.0137113388111874 0.0627364608735107
-0.00702769298647905 0.0361327624903961 0.0243568854048784 0.0613911678575244
0.0040571772549023 0.0389958274473321 0.0256460384099967 0.0595486049560275
0.00629754141809572 0.0419476423259496 0.00912522664553798 0.0717237827425049
-0.00965702509215267 0.0418169775612779 -0.0224777193602483 0.0698593279754293
-0.0303119270442165 0.0331748923239568 -0.0571740157501858 0.0384354002707319
-0.0531418704186146 -0.00658739391007038 -0.0551801125402815 -0.00757177367370244
-0.0353677388539143 -0.0450557182294682 -0.0233271904676006 -0.0313749155157059
0.0172706268303348 -0.0525674563683245 0.00420646117564236 0.0024565566936686
0.0463124786167667 -0.0251730408621797 -0.0620606212416331 0.0688111655538988
-0.0269543477462419 -0.0215168162249398 0.0527808887721104 -0.0862496916312228
-0.0217697686972906 0.0177908473015446 -0.00988572323215782 -0.0182989165212843
0.00309616888953764 0.0278500084800834 0.0262322000371458 0.0381452836060628
0.0217439114466278 0.00802882939881656 0.0684610881374893 0.00933936239891448
0.0132170973074389 -0.011460739081823 0.0712713016479761 -0.049036129865469
0.00450078677387837 -0.0118326788741463 0.0310117767021184 -0.0877008549728289
0.00715908489083104 -0.0106464934388968 -0.0162096254862951 -0.0849459239323611
0.00705253280264707 -0.00978818581652046 -0.036683003703432 -0.0655214017932564
0.00886136105075946 -0.00604652520275083 -0.0347566538080507 -0.0648896289290373
0.00832514095963983 0.00238056711890499 -0.0221204510351073 -0.069317962395042
0.00826623615017138 0.0133201305381184 -0.00755589642706736 -0.0711770053308272
-0.00552728422855541 0.0243696892985608 0.0167718677168121 -0.0696881220762146
-0.031668332760088 0.0171222421230897 0.0431767052411914 -0.0648905439916298
-0.0369096824082921 -0.0149842172209669 0.0331898583425048 -0.0794092755258324
-0.0224886235347268 -0.040554420757161 0.0235062393919343 -0.121560679975071
-0.0171178466309873 -0.0735229524798162 0.0543641773946751 -0.0650182524401068
-0.0366298519009207 -0.0289440667954872 -0.0117854434334774 -0.00425511108445354
-0.0377089404531836 0.00416941714192869 0.0310298941242984 0.0566653643591958
-0.0191941796795109 0.0164950056651291 0.0826469737767316 0.0243819940355473
-0.00316139800325181 0.0179705250540396 0.0855439603358309 -0.0488073448945196
0.00413715673889734 0.0159470096452476 0.038791128561889 -0.0887153772460831
0.0163878107421038 0.020249989701367 -0.0101857692757003 -0.0870214127836604
0.0210886919047089 0.0191474305339132 -0.0341244735786415 -0.0634837644436121
0.0199999441517341 0.0248947391443158 -0.0344095219396246 -0.0608961648008685
0.00163521753313185 0.03115381367228 -0.0234662037805303 -0.0614057958581477
-0.0143666639907505 0.0360322943113011 -0.0122830488500448 -0.0649067830291201
-0.0465889001090302 0.0231683346011759 0.00762141556483173 -0.0627437914152756
-0.0641348171520149 -0.0111879413558554 0.0310952354633974 -0.0589597995885324
-0.0407021005190547 -0.0592794584899116 0.0156077562818226 -0.0742840596274819
-0.00560260897909114 -0.0911087630376401 0.0082079010703035 -0.109300674367878
-0.000826725081237312 -0.114918442856104 0.0488897316555009 -0.0324907863796881
-0.0412958181992623 -0.0776758962193328 -0.0192230451864076 0.0162328287867492
-0.0749505139460697 -0.0287305549498179 0.0280921718560132 0.0807546336844282
-0.0660511159885848 0.0176210966646656 0.0899567869497294 0.0475429451650765
-0.0272523183368296 0.0463911653900288 0.0970081463197495 -0.0385144093501011
-0.00108334526966264 0.0448044085980002 0.0465890599412503 -0.078414209644473
0.0214951480746387 0.0499075947363878 -0.000629258623374613 -0.0777923726792662
0.0321440215296879 0.0447534807777375 -0.0261349008917712 -0.0517449445586759
0.0311634629497416 0.0509784294335015 -0.0296386243463935 -0.0456236396705473
0.000612482892466251 0.0550422999649825 -0.0248978880552206 -0.0436182360605269
-0.0274677304533043 0.0576512818538459 -0.0214609169255532 -0.0506309831641755
-0.0776873029163226 0.0312390011799139 -0.0063235717595755 -0.053876139049058
-0.0938588233861855 -0.0251297988017715 0.0171132180799718 -0.0529208116623616
-0.050036249934549 -0.0896294346662967 0.00256116029246523 -0.0622758862588817
0.00543760427432884 -0.127488416887652 -0.00956074331405217 -0.0812995601270583
0.0177745068331855 -0.13890361953649 0.034240215534582 0.00946226831573008
-0.0341787261483979 -0.118299101876219 -0.0312223966443702 0.0430041637435738
-0.0988723475183413 -0.0652350361394623 0.0156626085071519 0.102315734320225
-0.106452309973206 0.00840607354089882 0.0844504417461647 0.0742103705042136
-0.0537544896460669 0.0659331278565265 0.0994502352061091 -0.0166571869139934
-0.00933379868042386 0.0683024450196003 0.0513850202756874 -0.05533526684148
0.0223974554513111 0.0727816535990331 0.0102498685134329 -0.0574743595664325
0.0386039918576761 0.0642882006644052 -0.014024331879643 -0.0323161053714204
0.0394274233977445 0.0684297853619441 -0.0206827906820833 -0.0225822640533928
0.0036955553655356 0.0711207234370922 -0.0229069966767917 -0.0190819752839687
-0.0305672707925966 0.0732888870632528 -0.0292957516847562 -0.0303795904768893
-0.0940097902674593 0.0416137761189976 -0.0193770012520422 -0.0411296998901005
-0.111736803084391 -0.0287991159921143 0.00475413939683035 -0.0456617156132508
-0.0571245191392829 -0.104636254048136 -0.00358013889199965 -0.0462772705282698
0.013048797234605 -0.145261743562484 -0.0229771875322188 -0.0445303059435936
0.0344017988093252 -0.138846244170259 0.0126366974223025 0.0534531601268626
-0.0151073052730085 -0.137380668580638 -0.0454926336319987 0.068658325099409
-0.0989548839787332 -0.0942299560615455 -0.00436250897017913 0.115803236486532
-0.126292481206981 -0.0101638950639492 0.0642519403593557 0.0958711595931859
-0.0741012113053479 0.069821408641683 0.0888419729235811 0.0112981677168414
-0.0183369544715824 0.0794299487217711 0.0500757342753739 -0.023355268730261
0.0186411210213069 0.0845180364293983 0.0198345645807304 -0.0283053610826704
0.0390727573010061 0.0739071537134238 -0.000127962748175912 -0.00831933378989376
0.0433272406529547 0.0763814259016685 -0.00879128979874702 0.00307147421835293
0.0063304272562046 0.0767883415459827 -0.0184701107721744 0.00807764060931042
-0.029694066664469 0.0774637509697651 -0.0341719557558741 -0.00729432870588538
-0.0962387949274303 0.043004784622916 -0.0290470347373361 -0.0266686711204004
-0.112590954130519 -0.0310549016026322 -0.00409996527585766 -0.0372894806749153
-0.0524974208421057 -0.105821952523864 -0.00230176796122076 -0.0292570717212618
0.0215860767167663 -0.141520027287296 -0.0323367936373222 -0.00468376970072156
0.0426348754386808 -0.113341840327499 -0.00953858555808603 0.0915783665918978
0.00764172942739884 -0.126375872867202 -0.0567359037018376 0.0876686179879882
-0.0758117980756506 -0.103500635926716 -0.0254930607252512 0.115132769987412
-0.119311244237229 -0.0283884658379299 0.0358977187372259 0.105152735728252
-0.0798687445902252 0.0584860707045802 0.0666205732614271 0.0375475956937047
-0.0232116126208577 0.0761463556024302 0.0427599281087564 0.00993734513761923
0.0126946365188138 0.0814017834116424 0.0269306788818624 0.0037358351978034
0.0341356719423524 0.0719590588617534 0.0136468110869048 0.0164769156194983
0.0394156194421297 0.0734452534174799 0.00310440378789108 0.0283996719996324
0.00621341428652827 0.0734687432969186 -0.0132703915458669 0.0329040997143587
-0.0288749266656128 0.0716975818581097 -0.0373447623067015 0.0142094175703203
-0.0895477821150714 0.0335459131082722 -0.0368238283827766 -0.0132332285026172
-0.098321814651448 -0.0356366487094769 -0.0115783281346237 -0.0301632401747588
-0.0364586160762276 -0.0972420307081085 0.00102973972421259 -0.0148748551191602
0.031171575489407 -0.118047132980372 -0.0393398104808806 0.030808238401668
0.0394100727904677 -0.0676975455837943 -0.026713260910678 0.117479061061345
0.0237517518804298 -0.0893017421973808 -0.0609787128410081 0.0985009731604793
-0.0423119147358778 -0.0870025212097161 -0.0400654554106194 0.101649602561807
-0.0878816671875641 -0.0361497796155801 0.00857354572146654 0.100226144944335
-0.067182304641732 0.0387210764463826 0.0402361586658518 0.0555186386582191
-0.0215136312887476 0.0586112761641728 0.0318190648580484 0.0387855866355767
0.00639076674742446 0.065090457134677 0.0318580227467054 0.0328538176532599
0.024244489147966 0.0590116578746315 0.025552392424068 0.0376735653104025
0.0294816484442546 0.0611938786633114 0.013299136360741 0.0506929154355071
0.00330003116067882 0.0615009575265255 -0.0105565033115607 0.0544220137789336
-0.0273170597765815 0.0575224499255835 -0.0432648682628906 0.0319842456506767
-0.0753245621968851 0.0191710257531439 -0.0449979091273275 -0.00378130760269955
-0.0726625266357102 -0.0396939701073242 -0.0192342404538239 -0.0263836466786281
-0.0136676304139041 -0.0802843974754774 0.00320601317885269 -0.00420376671731297
0.03971095410129 -0.0795124952952542 -0.0457609378254474 0.0582190241016265
0.0286760182178132 -0.0104032688130126 -0.0332029555102299 0.125651387650374
0.0308933309773603 -0.0377216122096561 -0.0539962332075362 0.0981784399663674
-0.00898990836546885 -0.051622499014839 -0.0441452675244249 0.0831714900890351
-0.0440518433200455 -0.0306490487833043 -0.00978410012947135 0.0876603163307274
-0.0412374741767918 0.0162585020848073 0.0197475767114528 0.0660366307643342
-0.0145396339268639 0.0335762658429008 0.0238861969688067 0.0579639748002555
0.000622119668660124 0.03736216565076 0.0341329850939065 0.0534058334812947
0.011323393009966 0.0376242647624479 0.0331633664018428 0.0527427743912261
0.0149799369970329 0.040847035263964 0.0188839710567579 0.0678493513741119
-0.000827517111706839 0.043298305883319 -0.0118574393119268 0.0702951675924602
-0.0234969238617756 0.0381469709577893 -0.0510620164807562 0.0439408675771665
-0.0542695424142357 0.00380739354676674 -0.0543204333589058 -0.000330873763904726
-0.0417537551839356 -0.0378237498576603 -0.0265599692483573 -0.0266214166995926
0.00845736124719845 -0.0537246090172396 0.00345063570984685 0.00135912294486769
0.0428061782863826 -0.0307720011122624 -0.0531565388455738 0.0746914780032483
-0.027407294016631 -0.0201772971075988 0.0482725248387093 -0.0856917341671469
-0.0208697145363638 0.0178579214405001 -0.0102617115728328 -0.0169461952359566
0.00350569085889176 0.0270627639305811 0.0270177742648675 0.0375078079785558
0.0216826375830026 0.00723567298782741 0.0673922867228628 0.00747887398413206
0.0125744918403269 -0.0116177830108242 0.0673708677607656 -0.0501920370902475
0.00312629755196608 -0.0120957620079252 0.02640977815675 -0.0867952106068588
0.00611901847372264 -0.0109433726530996 -0.0191826789965203 -0.0813293859897481
0.00643471201797713 -0.0101811513291421 -0.037905683866088 -0.0616142916400793
0.00845523648642721 -0.00623347790826836 -0.0372406637025481 -0.0616691364510149
0.00861980159612386 0.00194834002263073 -0.0256038703978976 -0.0664168965446466
0.00904055961735047 0.0125394338530471 -0.010696421082671 -0.0696245345845724
-0.00419061345861957 0.0238948176735178 0.0145049912259395 -0.0683375256101047
-0.0303003489240649 0.0186056092900687 0.0409915306289869 -0.0653149070818552
-0.0361030169361808 -0.0131290240098428 0.0303340711477003 -0.0776821634229758
-0.0230964545943071 -0.0387287410099009 0.0187241085562076 -0.118699928303122
-0.0197760454223489 -0.0708987761179029 0.0506750659715705 -0.0648644707595592
-0.0370526435426453 -0.0267395119012471 -0.0117336111780057 -0.00348303609729883
-0.036807398992264 0.00577907074133333 0.0321039216024257 0.0553194151441283
-0.0185244253407935 0.016709535239115 0.0816312422130817 0.0218536516060571
-0.00250414441204122 0.0173524748999343 0.0810871570734723 -0.0504173194177949
0.00423300773921168 0.0157349124438491 0.0339600239455941 -0.0883014022808807
0.0171108258844142 0.0186932571365863 -0.0134204794505048 -0.0842669573678956
0.0213475496245394 0.0172500726337096 -0.0354919549672569 -0.0591884637779565
0.0200202441439219 0.022991237474896 -0.0363716759957384 -0.0569371835301001
0.00309996488584193 0.0301761163198013 -0.0264149434989676 -0.0586702808405485
-0.0122092467823191 0.0351487407260321 -0.0150622203240478 -0.0631251239516981
-0.0443779701658571 0.0242037656537166 0.00554345884925029 -0.0613355549149958
-0.0626145791176021 -0.0082023661120163 0.0291929562476915 -0.0589293229236938
-0.0415325237655148 -0.0565340391467646 0.0139171008731286 -0.0720988229090835
-0.00870506444132875 -0.088505640991879 0.00435202240670369 -0.106283964950672
-0.00529673043326389 -0.111833570660108 0.046505730148936 -0.0325304574770704
-0.0434900164782036 -0.0742935998017039 -0.0183713094022004 0.0175380025660101
-0.0738398485896746 -0.0252928897017182 0.0293758510729637 0.0786374982954644
-0.063520881958306 0.0194966219687122 0.0893796443336579 0.0445894289825051
-0.0249200320666475 0.0458792852990898 0.0925261240107329 -0.0404829345818548
0.000497154597854682 0.043866270928853 0.0424516618117383 -0.0782705581399494
0.0236389076033306 0.047248470087182 -0.0043139406141394 -0.0753880606998017
0.0333535845832918 0.0423449785557582 -0.0271596920234922 -0.0484000166510603
0.0321928615138358 0.0473849946819266 -0.0315539715463404 -0.0422201934378572
0.00287458757008792 0.0535134127913525 -0.0269497677622067 -0.0419329427436676
-0.0238853076241837 0.0569369791947661 -0.0235260338299426 -0.0489871113782699
-0.0742688153581441 0.0335692880123525 -0.00810744995874264 -0.0525933929910754
-0.0916650812847717 -0.020195740665731 0.0157174488618258 -0.0527322438882833
-0.0518114642119159 -0.085289064001014 0.00107826732993687 -0.0602341251603363
0.000550351534660012 -0.124375411563157 -0.0120315083343743 -0.0782245953590902
0.0117995529942357 -0.135509972858237 0.0336262176497022 0.00875189795277701
-0.0371781016331515 -0.114176064003998 -0.0295885892809334 0.0428387894745049
-0.0982996404013577 -0.0595013447306507 0.018041845696974 0.100527161966938
-0.103533564568284 0.0122260744582933 0.0849377806500948 0.0713401142995857
-0.0492543197391383 0.0659536689038194 0.0955469713553297 -0.0198874115057705
-0.00692807423761818 0.0663121223749801 0.0488757111415535 -0.055691598951519
0.0250975262046039 0.0697630159416944 0.00746888930680057 -0.0558545786906933
0.0404519850406778 0.060217064064821 -0.014722049606114 -0.0300853321446646
0.0418418177772928 0.0637910486412557 -0.0217659028169118 -0.0206685289322627
0.00656600305544583 0.0689541750424361 -0.0235988191210936 -0.0178361938086361
-0.0266469704158446 0.0718630399647748 -0.0303579373496258 -0.0283177204431379
-0.0893824532288059 0.0444564145085353 -0.0205139351258247 -0.039856954347067
-0.109541864362424 -0.0229647854045759 0.00403384620576057 -0.0450032874744006
-0.0593726044826383 -0.0992090312298747 -0.00385038868511399 -0.0445597861772013
0.00728335099438652 -0.141502280865079 -0.0240747735295487 -0.041883151871012
0.028251312868292 -0.135514214296958 0.0146621574575563 0.0526474098553447
-0.019435300248862 -0.133162812096016 -0.0427065318981135 0.0689970590658687
-0.0995123288529918 -0.0879728387489001 -0.00215203643280997 0.113766477578558
-0.124375241346069 -0.0055256239787287 0.0658344160070359 0.0933224391888433
-0.0690378479508294 0.0703755824231514 0.0863350819344195 0.00804358917763718
-0.0148227618136913 0.0775768107310805 0.0485361454873395 -0.0243667510891828
0.0220134900363869 0.0811600434822029 0.0183782244239329 -0.0279599554677315
0.0416681915220741 0.0693201980130232 -0.00035739079535382 -0.00733401411707328
0.0450024012968028 0.0711515648159032 -0.00903760449073538 0.00346895100700758
0.0094799898200939 0.074660355681956 -0.0178406404636262 0.00809385669808944
-0.0259842651025923 0.0760240369330565 -0.0341705857905056 -0.00622433268895702
-0.0922306245516127 0.0459923640357805 -0.0297302232111051 -0.0251540277661834
-0.110213029127021 -0.025511983228146 -0.00519378528240251 -0.0369831293404249
-0.055190152975144 -0.100391673819941 -0.00261789395800434 -0.0281838464393632
0.0152653657724481 -0.137834722677912 -0.0318696020615965 -0.00285467230778245
0.0369829831941379 -0.111168216218912 -0.00607805745200686 0.0904934742984892
0.00351294301475825 -0.123605618514352 -0.0526054157959374 0.087609618056338
-0.0771258131391876 -0.0976883615772065 -0.0225355824839244 0.113401793755498
-0.117601844620637 -0.023358801801498 0.0382932835878004 0.102356644900041
-0.0749063571248857 0.0597675179371116 0.0657548695298249 0.0339485955721926
-0.0194937597457867 0.0741047344422992 0.0426885473844659 0.00837072190342194
0.0162564596733941 0.0787336120045654 0.0268281729023171 0.00245461362945257
0.0368529929935208 0.0680118680710246 0.0139255260736988 0.0153128243943431
0.0415695579748315 0.0687696712630079 0.00374732128579894 0.0270144408035248
0.00936784717552415 0.0712241648897909 -0.0117775566225366 0.0322002907574431
-0.0249089647954109 0.0704423037830203 -0.036721355560339 0.0149633722580064
-0.0859644680857277 0.0366510166928007 -0.0368057405105799 -0.0119893426983503
-0.0964169060496182 -0.0301613507016411 -0.0121165651817182 -0.0296198890293358
-0.0393493204317746 -0.0922529405528599 0.000648804666925668 -0.0145058729275033
0.0252272629289462 -0.115583416494225 -0.0370888362790548 0.0321402138399898
0.0360745124907195 -0.0670725610785983 -0.0228087349056012 0.115534226714406
0.020723486828586 -0.0881129331108986 -0.056679895870811 0.0975990249051423
-0.0440612144381958 -0.0834814319313013 -0.037129762992069 0.100918641137853
-0.0872527518338651 -0.0320151571643574 0.0117525678638474 0.0984314952427019
-0.0635296680045004 0.0401520289540314 0.0413538046588992 0.0526599912386153
-0.0181130985481507 0.0574377630473848 0.0334761220353346 0.0367953287448211
0.00938884993955641 0.0627419449167624 0.0322380848055767 0.030409429568251
0.026587265425223 0.0562116971021864 0.0254959935922254 0.0349386657068123
0.0310307563739804 0.0572001422607068 0.0144338413167069 0.0478986540386311
0.00601771292946812 0.0599144354183162 -0.00820160829520108 0.0527874437629281
-0.0239528067372446 0.0566110334080536 -0.0410937885306607 0.0323661018327698
-0.0732652114899384 0.0216017600724572 -0.0441868546506557 -0.00294164856174787
-0.0724840414245207 -0.0354717721542581 -0.0195697382190578 -0.0255595327791053
-0.0162685830225629 -0.0769381459283407 0.00348853921547089 -0.00460696162317573
0.0351405154550862 -0.0787151446250033 -0.0427742003037361 0.0587076532318845
0.0275050986172651 -0.0107371468331816 -0.028089761216462 0.123748569468749
0.0290623207393886 -0.0381314460087523 -0.0504115165252235 0.0969338661267958
-0.00993254453993991 -0.0501283467245475 -0.0417064973684264 0.0824763331722549
-0.0450727759894953 -0.0287228368449865 -0.00675208700606644 0.086671300516159
-0.0396428590557344 0.0173963974359713 0.0221629902532019 0.0643757971688895
-0.0127372883728715 0.0324196378938244 0.0267863926911895 0.0558834202324231
0.002508993813232 0.0365962409957253 0.03562641622621 0.0500116181961981
0.0130575790350726 0.0357849822466762 0.0338268066049749 0.0493029862624991
0.016149450753243 0.038222648609816 0.020740461714044 0.0643117536945285
0.00142574630425874 0.0420534890155613 -0.00875554667596401 0.0681307064091393
-0.0213508971328477 0.0381454039002155 -0.0481188965632168 0.044431959151933
-0.0527849328944672 0.00569865262850432 -0.0533167513920632 0.000836146857838753
-0.0415889984245299 -0.035087994206437 -0.0269593754240014 -0.0257741636467153
0.00656607120912099 -0.0527729615017588 0.00348541091293807 0.000488255039581539
0.0406067800911313 -0.0314206061556874 -0.049096457673685 0.0747371591222062
-0.02709546439887 -0.0205476581994752 0.0459236602858256 -0.0837886287412599
-0.0202240046179107 0.01786119391566 -0.0103498459174526 -0.0167790045605683
0.00344976069863005 0.0266120513259627 0.0268692558375935 0.0374989350250756
0.0216259500202897 0.00638518263658032 0.0661858899058719 0.00782617361164038
0.0118463282529357 -0.0117605768182338 0.0650292001906923 -0.0490443465831458
0.00270539482858494 -0.0118873245048981 0.0238363422301769 -0.0854305473512075
0.00577270991598692 -0.0114684454959096 -0.0199279552185473 -0.0790485517460451
0.00592682694967516 -0.0101018556239304 -0.0374982778907226 -0.0590434513690893
0.00753735461906403 -0.00645979685408641 -0.0377870572145895 -0.0584017400538476
0.00823111883666385 0.00158614649356413 -0.0268055278935877 -0.0648082279673973
0.00942628824137587 0.0117786066553064 -0.0113081421860885 -0.0679458317945985
-0.00354540090826988 0.0229058379163919 0.014485536904183 -0.0671722408307516
-0.0292797830460324 0.0187580715621238 0.0411910370146073 -0.0650118928165844
-0.0349761644895948 -0.012936711962988 0.0300171451291061 -0.0754313625350468
-0.0225717232828294 -0.0379979358168833 0.0177624847819307 -0.116136430436889
-0.0201266449720764 -0.069477689067046 0.0492633557024134 -0.0634635625481863
-0.036754225906623 -0.0258661572594139 -0.0118157767026375 -0.00322471607173399
-0.0356701847190892 0.00608289045961974 0.0316138133802986 0.0548985175344924
-0.0178655592084705 0.0164975518767927 0.0800204595917327 0.021825815055102
-0.00208102281302915 0.0169027761700013 0.0785679183920774 -0.0500577078429583
0.00415616466001219 0.0149876104184612 0.031824797308601 -0.087146645746232
0.0176176265961313 0.0174635329732523 -0.0148554144346846 -0.0812967958114447
0.0214393718130508 0.016052116927777 -0.0345160714403871 -0.0570419019222096
0.0198506858227453 0.0214751458033172 -0.0370211163829664 -0.0542420874795567
0.00334808358873386 0.0291903927056473 -0.0272260927135869 -0.0574847455575688
-0.0111786491641335 0.0343923902980223 -0.0159322169615859 -0.0616394995921124
-0.0431047469365448 0.0243293091236785 0.00558201413593747 -0.0603973080972623
-0.0611519708412998 -0.00684340719757344 0.0292404761824624 -0.0586429807000699
-0.0409139508414295 -0.0545584197187704 0.0138650239208368 -0.069858663289153
-0.00893581383549137 -0.0869712141706737 0.00353019296615481 -0.103552277562185
-0.0066767712704437 -0.109119656989329 0.045428620723981 -0.0315638926917478
-0.0434046517769054 -0.072598418791397 -0.0183590264545862 0.0174189543873005
-0.0722061665292337 -0.0234298051594892 0.028485577794296 0.0777764522031182
-0.0621476677167357 0.0201426510846924 0.0884126338254057 0.044550088878387
-0.0235168419421374 0.0449506142162808 0.0897888651654717 -0.0399900266521286
0.000646010473740522 0.0426338966806203 0.0408579380267112 -0.0771939038056566
0.0241637066445312 0.0454131134537254 -0.00528393464070704 -0.0734601696833178
0.0334346786195308 0.0401148426032706 -0.0264886164291281 -0.046450932694297
0.0319239571394842 0.0449002410935154 -0.0318038839911986 -0.0399228896088283
0.00367702007806406 0.0523094213185858 -0.0274066376596459 -0.0404864344416816
-0.0222438234288459 0.0558191298685813 -0.0243776699783282 -0.048334822976314
-0.0722153120786383 0.0345075333556308 -0.00821470445500632 -0.0517040582754441
-0.0898143619055834 -0.0184461583166042 0.0160345674805976 -0.0525867696323985
-0.0517359087765099 -0.0829137153189574 0.00140616819554516 -0.0582587016444599
-0.000632366545974933 -0.121848062100226 -0.0123374752972049 -0.0758711358620919
0.0100177724457818 -0.131997003722111 0.0337202508564861 0.00908646739382354
-0.0378905372188517 -0.111032114198562 -0.0284442809781791 0.0425947720974937
-0.0961189444022661 -0.0572414658683525 0.0167398809525139 0.0996013413860166
-0.101864742069152 0.0131276874298488 0.0843052282858734 0.0706368873313961
-0.047108009922581 0.0645847938914288 0.0932313062165182 -0.0197207359868864
-0.00582909093313844 0.0649693580737215 0.0472472042364631 -0.0554036142780101
0.0264595052682651 0.0674177551307902 0.00589087593216372 -0.0547174088558663
0.040846736395176 0.0577241654347966 -0.0146642292725759 -0.0289554652930617
0.0415098716777568 0.0605336052593781 -0.0223760099963854 -0.019249924586262
0.00741868108423938 0.0671260119468303 -0.0239462786238024 -0.0171724790132393
-0.0249724001658308 0.070223589544357 -0.030980178718948 -0.0281636454587343
-0.0871883970939609 0.0448751683034555 -0.020388808309195 -0.0395454019012909
-0.107298931640586 -0.0211983728049296 0.00393899048955842 -0.0453794590841155
-0.0592160666738804 -0.0960801225209183 -0.00335771898397642 -0.0429221139335857
0.00518528286399231 -0.138215432264004 -0.0242681732079558 -0.0398458838657894
0.0260585185115296 -0.132403121196035 0.0146145985785637 0.0519622862160848
-0.0202363750148629 -0.130419394757343 -0.0416388224916114 0.0678250222044654
-0.0977121761356348 -0.0851181026447054 -0.00269718985314061 0.11229630288876
-0.122456563916983 -0.00347242533735247 0.0654904075547649 0.0922183223366668
-0.0668266835329806 0.0691505246276174 0.083887520241692 0.0075239021861545
-0.0135118872194476 0.0760310423368954 0.0481242698221248 -0.0244690571780469
0.0236288906903212 0.0785220789025995 0.0167778001753418 -0.0276718888191774
0.0426092210272465 0.0667337848360935 -0.000259212295699304 -0.00726155079969818
0.0449143285455391 0.0674963038681013 -0.00941679667845622 0.00406877839819681
0.010614190201476 0.0724972282686757 -0.0172684643904696 0.00762129470894103
-0.0240681887289065 0.0743454178527187 -0.0344244732558079 -0.00636913260172208
-0.0894643478943387 0.0463150198042831 -0.0293584020907524 -0.0254257205954244
-0.107811702692788 -0.0227449134013688 -0.0048108973927934 -0.0367460844775601
-0.0547349986295792 -0.097164859883695 -0.00198784992348747 -0.0274635620855652
0.0131236219901838 -0.134764036994944 -0.031083856891607 -0.00173583827255769
0.0350818029983838 -0.108210630119226 -0.00495440132753516 0.0889582106405925
0.00265170831150911 -0.120780317996387 -0.0514150715951748 0.085891583538276
-0.0755344566637007 -0.0953832766790127 -0.0232630826973902 0.111759953312366
-0.116186103544748 -0.0219956454267777 0.0381683569054042 0.101772863649371
-0.0725164314089403 0.05897363161024 0.0649107788695293 0.03322148351943
-0.0177183011390647 0.0721187712381772 0.0426901025462234 0.0079392889559782
0.0178528777312356 0.0763740109184842 0.0260717666158204 0.00168958200624276
0.0376294650723989 0.0653820710278785 0.013268017046642 0.0146754934910165
0.0415617280819038 0.0653467952787844 0.00338740060811771 0.0262787948231828
0.0102551025827803 0.069140097964274 -0.0113139575051497 0.031308986979189
-0.0230489300672906 0.0686612243562759 -0.0365487895189193 0.0142643045171249
-0.0836704394068987 0.0376300898917184 -0.0366450257618786 -0.0121398798556586
-0.0939902657695292 -0.028212487054316 -0.0119771028106987 -0.0297133998938808
-0.0393684649483535 -0.0897936339037599 0.00164579501062905 -0.0142048939500805
0.0231746428514794 -0.113169582057836 -0.0360370724490603 0.0321609393415776
0.0346025396067596 -0.0649691829041891 -0.020997419609917 0.113151725982035
0.0195316687042271 -0.0869994021661531 -0.0557011130343354 0.0951990148935788
-0.0431277022895762 -0.0813984384708737 -0.0379305815378976 0.0994634843527489
-0.0865410320920596 -0.0306921590929198 0.0118586959023689 0.0971615599739259
-0.0619757001605942 0.0395204883613105 0.0408151854458298 0.0517133229686004
-0.0172596550952934 0.0561765130182688 0.0342786581084391 0.0362382429157502
0.0107763295227221 0.0613767681519309 0.0323014407943332 0.0288575159378788
0.0273584280198786 0.0543723764162963 0.0250604769532501 0.03383754432834
0.0316495263306394 0.0550164507980725 0.0144364432585684 0.0458086254042958
0.00648943650806198 0.058321883516274 -0.00694781906982907 0.0508907469875565
-0.0228526143139503 0.0557308077717399 -0.0402440453843005 0.0315764601902611
-0.0712723828182336 0.0225114213158754 -0.0439938077614311 -0.00298483444845133
-0.0706215928550807 -0.0340734986219751 -0.0193248364981131 -0.0255947459379301
-0.0168044100847172 -0.0744593222540177 0.00411937245935659 -0.00487509465846127
0.033232443710428 -0.0765712568842608 -0.0410889258796518 0.0584350842645961
0.026969130228738 -0.010118690188651 -0.0272063952800359 0.121157978415032
0.0284332293808595 -0.0379963886220527 -0.0493872370997545 0.0948698822244308
-0.00991093945097473 -0.0497287798820923 -0.0420931898372951 0.0813961108970916
-0.0445952477878966 -0.0275920861820602 -0.00617177418082258 0.0855950187185908
-0.03838032186255 0.0173787646808226 0.0225350032233708 0.0631853852803216
-0.011636881138421 0.0314099929187527 0.0278497265144403 0.0544092126943808
0.00332278164297819 0.0358580306185189 0.0359728718282889 0.0479419502872223
0.0133765854763996 0.0344627435741877 0.0328594277123208 0.0472434040130603
0.0168737659817093 0.0368761057144803 0.0207261884691118 0.0614637577389193
0.00215091767176336 0.0411183488350352 -0.0074357715583812 0.0655108503360335
-0.0204581632316426 0.0375229037057408 -0.0473833798980152 0.0433119690882469
-0.0519913970378032 0.00679212753143216 -0.0522769283368567 0.000778815563828549
-0.0411120581011207 -0.0339603995932368 -0.0261899221080897 -0.0254265561761882
0.0059919111439693 -0.05102074433828 0.00398546754700161 0.000391778840849186
0.0390666869126783 -0.0305645005222456 -0.0469020620127935 0.0737128887882915
-0.0271634681714506 -0.0211864552519467 0.0467828724776475 -0.0830655491395202
-0.0207313051573613 0.0176120938419261 -0.0111687230966528 -0.0166851129706999
0.00304456784750631 0.027176212704803 0.0265701709768846 0.038089390000626
0.0215807903019088 0.00664661827490358 0.0658896347074168 0.00948070142189122
0.0120563563264037 -0.0114969978374158 0.0655167212130562 -0.048109400481458
0.00250144898871375 -0.0119192143911651 0.0236749352733022 -0.0849391863528334
0.00557340745610842 -0.0118833405737624 -0.019565951837951 -0.0783382399907229
0.00585489776545471 -0.0105581080367554 -0.036804925214893 -0.0584644424743623
0.00739485507990004 -0.00669208588279535 -0.037943443871177 -0.0579227060165817
0.00870511077367821 0.00130868826414083 -0.0275374357079426 -0.0647421560161934
0.00973587725791642 0.0115978809165526 -0.0112379396276231 -0.068428515965479
-0.00375314967644667 0.0229681667449142 0.0161992851684419 -0.067217887117663
-0.0294067047712646 0.0184425649511847 0.0426051670533303 -0.0648930626525601
-0.0342978974061509 -0.0133699453023279 0.0312729954865064 -0.0740812554995537
-0.0223035143173735 -0.0389637985531771 0.0186313011334666 -0.115381159266126
-0.0198279394432749 -0.0696827193324642 0.0500082711853649 -0.0625882772130684
-0.0368328018618821 -0.025939154012385 -0.0122277722817303 -0.00361286285990082
-0.0358346143959218 0.00653521818964313 0.0311210674591862 0.0564647774100513
-0.017662777470167 0.0169647502628451 0.0804465653490998 0.023439815976366
-0.00222205879891386 0.0168052154022214 0.0784119072138771 -0.0488789007731504
0.00346312098148003 0.0150303701363757 0.0318756912846699 -0.0868059567579595
0.0175594882017207 0.0166395600070263 -0.0149923685447156 -0.0807152596339357
0.021383426303532 0.0155166331017412 -0.0339600823456549 -0.0565335701516763
0.0196245153665854 0.0208224773343936 -0.0371104115016048 -0.0536239860950458
0.00327220745113421 0.0289521019242613 -0.0277872980608932 -0.0574538142279133
-0.0110857572674761 0.0340010545825148 -0.0160781311217648 -0.0623103976769332
-0.0424522955856515 0.0246337031907626 0.00689107997862886 -0.0608365868343519
-0.0608816073119121 -0.00692146935099911 0.030557785600169 -0.0589620413941463
-0.0402840783949474 -0.0548144212309073 0.0151328824842369 -0.0688966382151248
-0.00823116321046337 -0.0869639342687518 0.00458758890540126 -0.10260808455227
-0.00583302842131836 -0.108727206075924 0.0459377285276268 -0.0303290728774815
-0.0430042467257542 -0.0724588340343695 -0.0186624710902987 0.016943244182905
-0.0722275601890631 -0.0238626648020046 0.0273741682266369 0.0795602993863066
-0.0627971244018979 0.0200977953045201 0.0882115586344064 0.046487081000796
-0.0234420914250245 0.044269817147321 0.0895671135406929 -0.0389770729928678
0.000421575155027706 0.0425042737980444 0.0409475030063239 -0.0768673547539957
0.0247397664788944 0.0450004004958883 -0.005602123346039 -0.0727048035364935
0.0336987080687929 0.039454196022374 -0.0258316047091239 -0.0459194434844314
0.0316718010406457 0.0441030409009772 -0.0323067533560437 -0.0391684112738039
0.003700422328425 0.0523305195908432 -0.0274585376768732 -0.0403239465416741
-0.022290155623943 0.0551567059283321 -0.0249302605287824 -0.0483749150145913
-0.071938001377708 0.0341783576086058 -0.00749226110846492 -0.0523456120595973
-0.0894207863272335 -0.0187653857313113 0.0174665798248486 -0.0533677114115325
-0.0504130299222098 -0.0828201335170179 0.00269380563328624 -0.0576956183181061
-7.70032716461509E-06 -0.121841944149827 -0.0115957105941284 -0.0751646089651417
0.0109610189583502 -0.131436680053336 0.0339962881896112 0.0101485319229057
-0.0370208360303793 -0.111130130090859 -0.0294272971533255 0.0422164145882303
-0.0954702350139129 -0.0577248708039734 0.0152017366253106 0.100678117404847
-0.102254991833309 0.0131979253861776 0.0842115870171546 0.0729065334113592
-0.0470062118945341 0.0642535766587055 0.092507693053819 -0.0187144178616595
-0.00629229367845559 0.0649986595393915 0.0476720804161062 -0.0554307043806072
0.0265578338549238 0.0667222582320998 0.00575763264201381 -0.0540021055240016
0.041288844517484 0.0569011661947819 -0.014083416525212 -0.0286720179097196
0.0411492299929775 0.0596037685845998 -0.022508519040307 -0.0187918724004708
0.00742065056129333 0.0668887196078875 -0.0243122986612874 -0.017459301749607
-0.0246128739887777 0.069637260037074 -0.0313932259079929 -0.0289751621069131
-0.0868822701023329 0.0448282664970837 -0.0200447100260361 -0.0398200223927029
-0.106378950999115 -0.0210385472271582 0.0053407365449811 -0.0459207323452399
-0.0578964731337833 -0.0957214074933148 -0.00239648324782844 -0.0428316247317056
0.00581167372304798 -0.138005999758538 -0.0238133285413024 -0.0392710627491889
0.0276712968725907 -0.131066152473914 0.0145245856040797 0.0525070838418862
-0.0191401494466984 -0.130156897328419 -0.0425861015737067 0.0670804102286621
-0.0960631515003291 -0.0860883143885383 -0.00494066261398059 0.113589580013496
-0.123073881216392 -0.00388771349702422 0.0652116463336292 0.0947033484869315
-0.0661753961214476 0.0689050514981335 0.0838439951294138 0.00846319057009556
-0.0139201131437139 0.075765983776685 0.0488786697399383 -0.0244547784616795
0.024092575267028 0.0780724034857634 0.0164484416667818 -0.0276079602726027
0.0426349427549262 0.0661317764290495 -0.000420710589498829 -0.00687042794731374
0.0447169728730271 0.0662273827678498 -0.00994223246997496 0.00380203766968468
0.0105038068810301 0.0723590824080536 -0.0177779269089261 0.00722485216040005
-0.0241021813394811 0.0738508677905885 -0.0353346072823619 -0.0067709996963279
-0.0895048585752756 0.0464481035055038 -0.0296228385222444 -0.0258573280293544
-0.106933370116542 -0.0228735934262669 -0.00413835644925185 -0.0378473751735392
-0.053878458759878 -0.0965732543141298 -0.000906505307530829 -0.027651487358165
0.0133703154553376 -0.134153215982481 -0.0309093462093763 -0.00127218688497257
0.0359688591666755 -0.107292463741731 -0.00559511231776242 0.0888220718298162
0.00396599939647274 -0.120656788099634 -0.0528744404049011 0.0848651473163437
-0.0745836213469725 -0.095867865936669 -0.0257718280391768 0.112461715263753
-0.116331075368247 -0.0225518529221191 0.0377869288170345 0.10336389979953
-0.0723526854783882 0.0583694063154484 0.0639314338701835 0.0338598245790635
-0.018261791467514 0.0717052229539039 0.0436842960727951 0.00813203504126801
0.0182467827449439 0.0758651834524259 0.0258551107126342 0.0018262929202357
0.0382166807903773 0.0650827800981832 0.0134832862678495 0.0144772657451306
0.0414447715168007 0.0640571340021344 0.00271627997362676 0.0260178465302761
0.0102695382301936 0.0687338910917784 -0.011285264627761 0.0303632501917221
-0.0232318275471264 0.0682246761859144 -0.0371538538297535 0.0137277184356929
-0.0835849779910342 0.0377381119559584 -0.0368468037480878 -0.0130401103089375
-0.0936763614883718 -0.0284136039575426 -0.0114099311204464 -0.0303219627012018
-0.0383853053815564 -0.088756041403399 0.00215142541528857 -0.0146669104562956
0.0236613315473098 -0.112103550543836 -0.0361662231555903 0.0325985778151847
0.0357470912014752 -0.0640878236831987 -0.0219086480197864 0.113134959231541
0.0207305600396548 -0.0867380186791146 -0.0564744473121747 0.094512448115173
-0.0419714601667434 -0.0824066738228312 -0.0400212012927162 0.0990973831319395
-0.0865917279310494 -0.0309989885493552 0.0111096481088447 0.0985062879695263
-0.0613737967188474 0.0389441447137616 0.0399138007473119 0.0521717989502282
-0.0174072054533711 0.055100711218736 0.0349932886968333 0.0364053831563347
0.0109942398170325 0.060494429578455 0.0320230518294447 0.0284128191749283
0.0277434559937339 0.0540933013878766 0.0249427851252758 0.0331793680459452
0.0313573653072549 0.0540349206932462 0.0135452689950532 0.0456090449191375
0.00666189244682968 0.0584365345658755 -0.00758134655661369 0.0498944765091708
-0.02282503178903 0.0555048011533002 -0.0409650952585899 0.0307122528915137
-0.0712292028271429 0.0221590568781463 -0.0446282079326967 -0.00394810272640567
-0.0701873310647756 -0.0342164276373598 -0.0187544100618861 -0.026253506551974
-0.015982906340866 -0.073815317917149 0.00440506037259407 -0.00499126507879914
0.0335821890790607 -0.0760763933866513 -0.0415568144840047 0.058274788148282
0.0275267005745346 -0.00921134478657123 -0.0284102234045955 0.120156743752057
0.0292515505829308 -0.0378324788851734 -0.0507001274058068 0.093155431075586
-0.00915814751006751 -0.0499185970830863 -0.0441310368278529 0.0808826255888694
-0.0448414086330431 -0.0278930846156658 -0.00661441750120023 0.086708372591842
-0.0382088780084091 0.0174848313437647 0.0224680339455144 0.0632871516170013
-0.0116969159409068 0.0306112642213526 0.0284510439661271 0.0545352589005713
0.00340978278608473 0.0356311888937664 0.0363291383168693 0.0470178062701687
0.0135277211466054 0.0347633837349746 0.0322683009678189 0.0463829025040766
0.0169456402007965 0.0363527306319585 0.0198969181888744 0.0605675668885571
0.00215937078870327 0.0411248367232796 -0.0079564144366116 0.0646329718321423
-0.0205564040216785 0.0374835744991131 -0.0476667285365298 0.0426243740883722
-0.0524225610666075 0.00664509187220902 -0.0531319232467793 8.47257435230603E-05
-0.0403457621344948 -0.0343274747521009 -0.0260306419774815 -0.0263974645781325
0.00682302527048319 -0.0502393073400103 0.0046424625964731 -0.000156511739171391
0.0393108347394858 -0.0304412921250977 -0.0475353717259145 0.0735084942291898
-0.0278404195517178 -0.0221337929416684 0.0481432062938577 -0.0843193761327404
-0.0210923380727754 0.0182618359744808 -0.0117758622061719 -0.0173136265980395
0.00318268885831354 0.0285377778303673 0.0269960355595581 0.0400880634228711
0.0225939094192818 0.00651955481934338 0.0677082487089171 0.0107698803644275
0.0120576268934239 -0.0116783649445294 0.0673782442195399 -0.0483889711182622
0.00219463092332228 -0.0116511627373927 0.023515908036599 -0.086816452048642
0.00527808740244729 -0.012542031260816 -0.0198875175141512 -0.0793225602439024
0.00596714378125345 -0.0111306757572681 -0.0374093884661672 -0.0598912406163552
0.0078367099567881 -0.00661567591060742 -0.0392062760642335 -0.0585590888035254
0.00873156449541635 0.00164779421704796 -0.0290376303805014 -0.0665238554314706
0.0105725898101371 0.0114634767188681 -0.0118973438529127 -0.0705399072282473
-0.00368217189293398 0.0236179586685406 0.01780287320541 -0.0697402749447873
-0.0299136028168086 0.0197717339069524 0.0447041203473768 -0.0676482829364957
-0.0347537326693866 -0.0143647299385166 0.0334810484469249 -0.0748504348803205
-0.0225780094386873 -0.0406407323868442 0.0205381821015911 -0.118006380616135
-0.0201663473900133 -0.0720070419008775 0.0517309369987756 -0.0635153919956253
-0.0376875902164429 -0.0266158867421292 -0.0133274179048581 -0.00352260046571421
-0.0370866978539978 0.0071560409213356 0.0314663574971375 0.058890997252347
-0.0181094159798646 0.0174494421838398 0.0824122670804375 0.0256924185853904
-0.00186604600389991 0.0168425648779154 0.0804525036870511 -0.0490716792748407
0.00346428232195723 0.0157004450852524 0.0316003975769996 -0.0890027677439596
0.0181701050705053 0.016663370979282 -0.0157828449110033 -0.081865764041969
0.0219431253739747 0.0155475017947481 -0.0343850148695904 -0.0572529463313919
0.0201462841281061 0.0213871141279803 -0.0384042988083091 -0.0541366436082262
0.0035850893880232 0.0299919339016064 -0.0292395741225011 -0.0589058284341535
-0.0106688138551154 0.034284474800295 -0.0171504861259633 -0.0643596693893527
-0.0438234621269832 0.0250221568407758 0.00802260565522243 -0.0627382041639819
-0.0623349286034647 -0.00665275015299517 0.032849633319675 -0.0612246972614724
-0.040329945380945 -0.0571842598251803 0.016691608648832 -0.0697563782801934
-0.00871690798247884 -0.0898225330704248 0.00556799140060789 -0.104368988956954
-0.00581543039084094 -0.111636289647207 0.0479155117855235 -0.0306069408672549
-0.0439158379220135 -0.0742326985602751 -0.0202329152166289 0.0170742880812737
-0.0742294029471746 -0.0243367682133927 0.0273942905010884 0.0830896721022131
-0.0646115107800271 0.0211602774562146 0.0909097775932194 0.0495074171371488
-0.023790057776809 0.0452591785818659 0.0916658025165179 -0.038788964746632
0.000152115437863701 0.043616327524443 0.041403358577813 -0.0792618677255169
0.0254446813799626 0.0451060139311581 -0.00675287953375153 -0.0735573272315895
0.0351831023250615 0.0396072475516678 -0.0260929359443716 -0.0467588291805702
0.0324528937108398 0.0445813215913289 -0.0334495247120229 -0.0396647219621502
0.00376798308523996 0.0533560867087025 -0.0293085879700244 -0.0416263544440761
-0.0220956008747252 0.0559828054866767 -0.0264442708838984 -0.0500227251176925
-0.0738051643002003 0.03573573182701 -0.00657323811483479 -0.0540874397650937
-0.0911565047355308 -0.0191625100438728 0.0190924436779471 -0.0555215560083862
-0.0512237174235349 -0.0850151543969162 0.00350216336933841 -0.0585913461853593
0.000496206022027384 -0.125331370539219 -0.0114091760890964 -0.0763965376332549
0.0114562835081304 -0.1344967923096 0.0349160854835885 0.0107652472519433
-0.0379283587925311 -0.113937270240162 -0.0312275374524231 0.0428464615769124
-0.0979836589785719 -0.0593241365914207 0.0141054041843056 0.104979972178486
-0.105361538529197 0.0139877539126962 0.0866873504169564 0.0764077570394015
-0.0485439341483265 0.0655552828084276 0.0945961697574549 -0.0175996161837392
-0.00666965264124374 0.0664840358541027 0.0490796975723227 -0.0569014727591729
0.0276700260091936 0.0674184701303398 0.00509158780266688 -0.0546405363255481
0.0429886276873516 0.0578832364305329 -0.014103287328945 -0.0289215443298648
0.0419833344707231 0.0600367142503794 -0.0237737523538256 -0.0187577300634985
0.00779877700885497 0.0684845417976252 -0.0257764693250835 -0.0186813858906632
-0.025376271374095 0.0712847650870708 -0.0335902052428045 -0.0300440994281769
-0.0886515823285808 0.0466166766756327 -0.0203713427917796 -0.0416355366825853
-0.108941946353557 -0.0213609015473906 0.00606773153661856 -0.0483670355913159
-0.0586094839454108 -0.0979582951004776 -0.00139547334436828 -0.043644478301626
0.00635922613180762 -0.141668803985503 -0.0239531986342701 -0.0395955174766083
0.0286103074253642 -0.133702566568766 0.0156700937816105 0.0541475552807675
-0.0187927009723035 -0.133402903413452 -0.0445483621066069 0.0676521607502051
-0.0983444005927819 -0.088455261354519 -0.00717372564667631 0.117929657921471
-0.127012617865304 -0.00373579377886395 0.0670304313873798 0.098530590755954
-0.0681911579394248 0.070216907691815 0.0855903089927445 0.0100466218279525
-0.0143668298786685 0.0773300208887887 0.050623866994682 -0.0251913392254548
0.0251436359013161 0.0790615390179112 0.0166283389458201 -0.0277054134639197
0.044463357091456 0.0670590921743474 0.000106837973895555 -0.00748522031495787
0.0459024282515704 0.067153447943368 -0.0109391946518563 0.00459491212861504
0.0112583588536127 0.0736736482497292 -0.0189188271854106 0.00665841674043006
-0.0239944480598118 0.0754343484617502 -0.036947440126106 -0.00758861283150265
-0.0912476486283107 0.0483263324586768 -0.0308098840769155 -0.0273492511749332
-0.109614301257915 -0.0237594523472644 -0.00323666929879557 -0.0397519190609844
-0.0548969624672002 -0.0986637747715012 -9.83101635360777E-05 -0.0282999665821618
0.0141940769055367 -0.137546694136542 -0.0317903526529244 -0.000717432291632888
0.0379230286645026 -0.10918238819605 -0.00591091864502594 0.0910663921249997
0.00487138953370616 -0.123768817402647 -0.0551112814056015 0.086476986083621
-0.0757987110255665 -0.0989291960551292 -0.0285248145847255 0.116004016604822
-0.120141115576821 -0.0225766506032744 0.0390838064090871 0.107481082911268
-0.0739744144771561 0.0595696505428924 0.0656168222040577 0.035970886157663
-0.0190248713531178 0.0730852004437917 0.0454366137535958 0.00845791720416773
0.0195452300221569 0.0773688987069633 0.0261825511452101 0.00173107664728525
0.0397411864858859 0.0662774463673309 0.0137104781835367 0.0142877899350834
0.0424473785068261 0.064776521080914 0.00218850984064504 0.0268290554376085
0.0108489666390611 0.0706967940129351 -0.0121913941112642 0.0297211053686435
-0.0236907188365496 0.0695540804001243 -0.0393857746046704 0.0135715746292809
-0.0857052471690233 0.039089847160727 -0.0381359244468817 -0.0138644096779131
-0.0953751530704205 -0.02905963733042 -0.0111085064401659 -0.032535512178506
-0.0385711406301405 -0.0905111051464021 0.00276244622882867 -0.0153780421974651
0.0242034767872018 -0.114800792093884 -0.0368503242067138 0.0338706986601036
0.0371310777767075 -0.0647718651218373 -0.0233509635817345 0.11548334103122
0.0217425474436279 -0.0892023153314892 -0.0592102400220368 0.095919292021956
-0.0422513775047734 -0.0847536229083452 -0.0433213350950819 0.102330230428272
-0.0896272234306382 -0.0318482450983054 0.0111544557753869 0.101970134017675
-0.0627121577898519 0.0400217109286754 0.0413045358536733 0.0540791204966867
-0.017993215540104 0.0566270685132105 0.037178883721596 0.0367715115259534
0.0121413743550528 0.061904252392184 0.0326633074148129 0.0286925206055337
0.0291787410441169 0.0549147084597719 0.0251596393584679 0.0338401985897629
0.032257569827639 0.0544440060325043 0.013487095988955 0.0461467814253888
0.00749517684236574 0.0592804360744342 -0.00807470882877767 0.0499354560207133
-0.0229483183061725 0.0563664039107989 -0.0429703699642723 0.0304891529870657
-0.0734414452346809 0.023472319151492 -0.0455560541311142 -0.00485263774336511
-0.0716583959820121 -0.0350927190773387 -0.0186987173488358 -0.027723866647855
-0.0157680631010156 -0.0752701533261833 0.0047099836307813 -0.00541490004605603
0.0344842599397254 -0.0775476479807702 -0.0425860546431496 0.0603444217605982
0.0290411602103078 -0.00915253616071849 -0.0302057140307669 0.122509015528651
0.0306890911273505 -0.0389797333450522 -0.0530402324324687 0.0946773728228569
-0.00912555822547531 -0.0515868621476418 -0.0471658588388841 0.0829130742088872
-0.0464785830705829 -0.0289934875562665 -0.00753344577055421 0.0896996385863392
-0.0392992276497994 0.0176662140762289 0.0233304544626274 0.065089448554062
-0.0121570779972654 0.0310640921975579 0.0301974110055844 0.0557484782348965
0.00377949612146745 0.0365831218750308 0.0370422238293957 0.0476961041191565
0.0144606337719351 0.0355820271646282 0.0327966056112246 0.0470202738798097
0.0175184527562075 0.0368865130095509 0.0198517479472913 0.0613549816286672
0.00271890972668743 0.0422501434186528 -0.00847167834190897 0.0648070213049997
-0.0206686613438603 0.0383786299044113 -0.0496787446077532 0.0432461657097943
-0.0539430858236222 0.00726256590105404 -0.0546754745740673 -0.00117334794058263
-0.0412003430346998 -0.035148425858665 -0.0261437263793103 -0.02802075508173
0.00718787779285772 -0.0510083609890138 0.00530689098029228 -0.000795445632916396
0.0402874058554256 -0.0305571653200392 -0.0489148633773403 0.0754763930834926
-0.0324563837171438 -0.0211284883825392 0.0471532499032629 -0.0914903246232623
-0.0199613009682869 0.0202271051278925 -0.0159230715343127 -0.0184535937746464
0.00727056727023068 0.0291020441867552 0.0280291301476194 0.0407402969224535
0.025176298886682 0.00376993181421416 0.0702744837185475 0.00910046053245313
0.0112533406339471 -0.0146954661126041 0.0672204402741926 -0.0534714296426502
0.000468946357265192 -0.0129548023638533 0.0178078013753072 -0.0907079450030406
0.00334655743175899 -0.0144261784604021 -0.0273946538813911 -0.0783592492099168
0.0046554997778147 -0.0121231367105718 -0.0431197003160932 -0.0582823870009599
0.00729842438101078 -0.00767619059504855 -0.0462499531324759 -0.0574631624608068
0.00968546415926974 0.000408384312908279 -0.0366953132357546 -0.0676693755487559
0.01314083452814 0.0104940744828032 -0.0186471123249286 -0.0746426565463204
-0.000115150262841838 0.0252492064962133 0.0145624907295243 -0.0774382580201323
-0.0276525010552001 0.0246607698464437 0.044809751810576 -0.0767863996021451
-0.036430862154446 -0.0119733452499387 0.0322076711156467 -0.0785639427903248
-0.0251626541618046 -0.0413190175771028 0.0148984708364733 -0.12235168245218
-0.0295277642783337 -0.0717138438174209 0.0557097985832611 -0.0691110645097208
-0.0414252562290209 -0.0227828804614079 -0.0128481980709999 -0.00492376940972541
-0.0359253030957637 0.0116849766567012 0.0357610727785852 0.0560721037541046
-0.015014760022712 0.0201324928350592 0.0864444206533217 0.0198284172119757
-2.71465700237032E-05 0.0152410260785934 0.0782782390820226 -0.0563658758635915
0.00401634903186564 0.0146413219354117 0.0251603636002856 -0.0935838696458344
0.0197343142155587 0.0139163431901648 -0.0249859207694588 -0.0822436341953516
0.0233657878838207 0.0133277092047394 -0.0400200006013554 -0.055524201172257
0.0226817616632773 0.0195232955020141 -0.0450596627500382 -0.0533484893986241
0.00723999781360164 0.0301503557486939 -0.037142824296677 -0.060729438962085
-0.00644679569533268 0.0356793588062608 -0.0235978349307311 -0.0681788323794802
-0.041274457482652 0.0313107616077538 0.00609146634132871 -0.0700655871650732
-0.0633939902120105 0.000144336535907103 0.0344919682928795 -0.0687772566685601
-0.0458097752586073 -0.0565131076374462 0.0138155731389 -0.0697996430523015
-0.0142624839976136 -0.0951414649210268 -0.00259735429270322 -0.105208198735229
-0.0190718545393285 -0.113503362399604 0.0562854140767589 -0.033815246798632
-0.0526871996880649 -0.069970445037886 -0.0158771852890878 0.0165087528536029
-0.0774596290315876 -0.0155121028205707 0.0363096732314689 0.0787805209518977
-0.0615037321977404 0.0297341093296369 0.0977300048875134 0.0399812490427071
-0.0187803099503366 0.0468604814266058 0.0884303700258069 -0.0476508419340276
0.00299639662995199 0.0435341846471625 0.0346933223844122 -0.0841459151913698
0.0312610666749336 0.0421934451545443 -0.0170440551352316 -0.075323571553377
0.0387153029091474 0.0368690488496641 -0.0308779952420613 -0.0455277009736048
0.0374053890606375 0.0418687150548375 -0.0387352953819332 -0.0382355265133795
0.0100300120494489 0.0542507013142245 -0.03614766295113 -0.043183391698925
-0.0161491944510068 0.0587725139770112 -0.0332105251111717 -0.0529543542220914
-0.0706759593652273 0.0445667034625654 -0.00901046508476636 -0.0606859247027569
-0.0943034570430346 -0.00980238912267921 0.0212328669129407 -0.0619224998331407
-0.0596510058506169 -0.0848332073303156 0.000762457514086542 -0.055399273710898
-0.00827548716255293 -0.133070801903426 -0.0211531564191548 -0.072524302091103
-0.00248238627027444 -0.137334549318153 0.0472904428556718 0.010929573594215
-0.0498236709235872 -0.111024840196926 -0.0234915705251756 0.0442194147348897
-0.105140420676649 -0.0485381166792551 0.0270669794720696 0.100486531495499
-0.104388048035605 0.0276586702471729 0.0962858753790291 0.0650495786730462
-0.0413273883533381 0.0697871476268614 0.0917249703324735 -0.0278967704781278
-0.00120383307759117 0.0672914715624139 0.0433042873660511 -0.0625935663370655
0.0369009858360875 0.0650123742765714 -0.00473603837155234 -0.0579317825420278
0.0486035084983222 0.0545674643229446 -0.0170760898994242 -0.0277970491904707
0.0489157665355831 0.0562031140489016 -0.0268791258301681 -0.0174570585823409
0.015245857270226 0.069158217517218 -0.0302651513012776 -0.0193243095281473
-0.0176768263745509 0.07449071822652 -0.0395120219276375 -0.0315028943036535
-0.0850316343386936 0.0574660433590831 -0.0226258898277733 -0.0469865460286601
-0.113341712627393 -0.0112008336422512 0.00914970414124828 -0.0533863963235477
-0.0688497311653122 -0.0977623479830555 -0.00414006693128124 -0.0388360110396808
-0.0034428210069113 -0.150939686295803 -0.0325580217720489 -0.032434353229726
0.0152208506091118 -0.137668694249119 0.0287423923215535 0.0577893131919703
-0.0321624855240737 -0.132298210251077 -0.0343331931055054 0.0718271763542344
-0.109014262059116 -0.0774690476870126 0.00835435613191467 0.115163102848398
-0.127900167294313 0.0131639765459148 0.07986396276569 0.0877274322698505
-0.0600618161701408 0.0773319975052937 0.0840249051720256 0.00020085831857939
-0.00775910759371504 0.0791808173597285 0.0466727052989541 -0.0307391726941083
0.0355289146046144 0.0780456107829448 0.0088256953352788 -0.0322835138220522
0.0513949224447633 0.0637387106115375 -0.00102990992129902 -0.00644901447258822
0.0539535589911755 0.062735265955846 -0.0112528971351924 0.00606267481164193
0.0189090124341155 0.0742342920279059 -0.0217730645375554 0.00646321591239266
-0.0170644544585646 0.0782605660738721 -0.0419916549645279 -0.00716713927563505
-0.0878109434412461 0.0588777317883359 -0.0326578536702469 -0.0306166248929153
-0.114009573581474 -0.0137188268487704 -0.000683084749988332 -0.043691329445108
-0.0648888094374871 -0.0986365292746191 -0.00191562245947067 -0.0229350983117647
0.00463548332469598 -0.147087521553568 -0.0387428280971145 0.00870974639468382
0.028245681517628 -0.113512907225367 0.00652385035388804 0.0977211344426514
-0.0063908164144496 -0.124219620059247 -0.0448877318209783 0.0926296269998457
-0.0870016913751645 -0.0915901503861932 -0.0133071198329196 0.116910006296419
-0.123438169316544 -0.00721643439327138 0.0521214446265575 0.0992706803136869
-0.0677879856782487 0.0681345517084429 0.0663545367181187 0.0275929534077182
-0.0124711840689926 0.0755631586958226 0.0446624185295423 0.003782323531776
0.0302113770925635 0.0766755824103601 0.0218343488597635 -0.00333759306552772
0.0465919073484503 0.0637248117393314 0.0146486706098268 0.01448063981987
0.0504085565708823 0.0609415811364354 0.00390279635930338 0.0274690824478671
0.0181555879381025 0.0707212393342875 -0.0121741963766403 0.0305785514777916
-0.0174335279642727 0.0725271279257934 -0.0425009613040877 0.015223562819497
-0.0835498827934711 0.0488968459627695 -0.0399472072786643 -0.0158230674520792
-0.100823965844565 -0.0210032972543368 -0.00899608917485239 -0.034525548632622
-0.0473398154924836 -0.0916541168689065 0.00133550287864061 -0.0106164866155879
0.0163495244353009 -0.123979469948671 -0.042596160153631 0.0439153627567863
0.0326005780002206 -0.0685330040188264 -0.0135969055208977 0.123304291908026
0.0145211084532323 -0.0907822803758897 -0.0508652643826469 0.103234073819731
-0.0516180412156975 -0.0808264916510033 -0.0314092032871446 0.105998771148379
-0.0941044362289144 -0.0203637934233983 0.0232652286856884 0.0986716246802699
-0.0584351089803093 0.0473558453427472 0.043770070014583 0.048857186470831
-0.0127703948857582 0.0588015036438781 0.0390312319838486 0.0338958884541683
0.0208681415279506 0.0624831643492293 0.0321010667542008 0.0238528102014392
0.0347382994303229 0.0533978654870922 0.0282623253266532 0.0333531890712584
0.0384576745442016 0.0521111407772246 0.01721414549676 0.0471582657304999
0.0132977792460628 0.0599660857866622 -0.00616202492215324 0.0513245241719299
-0.0177952890328042 0.0595326675484112 -0.044567432294885 0.0338105881606487
-0.0726912900158383 0.0315655794404914 -0.0471138824539693 -0.00423618108786391
-0.0768254317272806 -0.0291414706655363 -0.0178804137686821 -0.0286948417731668
-0.0221994120267431 -0.0773675023674216 0.00368444779524013 -0.00245828133989532
0.0297615256773042 -0.0852235472144293 -0.046324403833595 0.0691190704828765
0.0304918067583359 -0.0107542204546353 -0.0246759486837557 0.130410730296942
0.0286481285044599 -0.0409872089472649 -0.0476428819547893 0.102177734756653
-0.0144241050448871 -0.0501110082781645 -0.0398108545444687 0.0889022539013669
-0.0500621797944735 -0.0226611159719184 0.00186321175410939 0.0899473735367838
-0.0366359429547448 0.0225547112269369 0.0275960190739117 0.0630686787514083
-0.00891163417415666 0.0327960625304227 0.0348894461868766 0.0543839921214057
0.00912728880177485 0.0371586691984193 0.0400388527003386 0.0435323554323164
0.018687693436122 0.0350650314263734 0.0372767697964114 0.0456889581117581
0.0218278376748345 0.0359225354688098 0.0252718171349683 0.0619055973564956
0.00691818437323193 0.0424815057540364 -0.00467359471910794 0.0676961223148705
-0.0174501023713379 0.040800537680321 -0.0507804849889555 0.0478332886664395
-0.0544649416471385 0.0125648551051039 -0.0572477804715619 0.000821685837693815
-0.0457144612473464 -0.0325260229705785 -0.0277830278888699 -0.0277867410768787
0.00380586753473895 -0.0538646965353637 0.00384183381752195 0.000589137397598109
0.0395854466078757 -0.0361441306513731 -0.0502778580511127 0.0829215421451615
-0.0350481579425349 -0.0202920262519315 0.0442276419892544 -0.0963744850262888
-0.0198295758365861 0.0217642758308391 -0.0180529769616348 -0.0177856535414126
0.00905813060569899 0.0302375170627537 0.0305238954342316 0.0415995406184982
0.0258682355364261 0.0026429550162812 0.0737106353176873 0.00755459562326324
0.0105963641604294 -0.0151205922933121 0.0669199869189922 -0.0578083300976149
-0.000818997450752747 -0.0131855885487392 0.0131830168928229 -0.0931599370718935
0.00231009731862797 -0.0149269953982005 -0.0316174117757369 -0.0783859029495523
0.00374519288676693 -0.0129083997352825 -0.0464260555943679 -0.0573679792866607
0.00648291993444573 -0.00852745219696014 -0.0505454409518043 -0.0562607995048852
0.00989708370087153 -7.20009119829811E-05 -0.042228961066018 -0.0673258953091035
0.0141008749930211 0.00962390970962293 -0.0228166127648393 -0.0761297413678114
0.00129573927490301 0.0265487286410599 0.0120158932003733 -0.0813845819225238
-0.026955394631954 0.0268381910334427 0.0433054833244675 -0.0818959722342317
-0.0380870712982248 -0.0116849393992251 0.0309911850824953 -0.0809630026114703
-0.0280168529422418 -0.0419044455300927 0.0105055279134219 -0.126487317379647
-0.0342186340831779 -0.0729530237905258 0.0548104073380132 -0.0731477505443418
-0.0433005204637825 -0.020952960281484 -0.0149386263723121 -0.00408101183465264
-0.0363909916463162 0.0142497532701373 0.0393286207108798 0.0580420693812342
-0.014041982188183 0.0217752939994688 0.0905580134503495 0.0170641305538139
0.000810645178187783 0.0159547785415952 0.078492539220812 -0.0607906178291059
0.00453521314560901 0.0152508039096817 0.0207132218098569 -0.0966641834885934
0.0207461070029416 0.0127716302803796 -0.0297354148141046 -0.0819839731910031
0.0246135474100697 0.0117397131495757 -0.0435945949322675 -0.0546403231774213
0.0238657875759008 0.0184882673200215 -0.049312074183784 -0.0511309463810303
0.00887691520991432 0.0307290039188441 -0.0422871616424024 -0.0603894108276174
-0.00434111854682833 0.0363230128589307 -0.0280789523565972 -0.069047490104187
-0.0408266660203544 0.0345105454107906 0.00369712536994366 -0.0734508949956734
-0.0649506839244969 0.0037435828914994 0.0332584075694647 -0.0733471079128963
-0.0495924504401604 -0.0564540913416367 0.0121457202381216 -0.0714984688339605
-0.019478816195293 -0.0975590880007283 -0.00701473824277208 -0.107149915953384
-0.0247747920638265 -0.115554001947133 0.0572419868906665 -0.0368185389193047
-0.0572861555432694 -0.0692272383948462 -0.0165544286229928 0.0174621272198139
-0.0797173836320361 -0.0117864487337866 0.0407799365907407 0.0809525256715217
-0.0620386464438199 0.0343729519402057 0.102999004620579 0.0371565707817959
-0.0168733502352574 0.0486902821720583 0.0892496538131519 -0.0520543824566205
0.00537089003680364 0.0447236353418948 0.0311512159285331 -0.088513042225297
0.0344648394909372 0.0411603413992493 -0.0210159001718786 -0.0756800540018004
0.0421410705458655 0.0347163682573545 -0.0337480096566664 -0.0444247639090386
0.0403876222921008 0.040125114825547 -0.0420800708050681 -0.0364070831077244
0.0127287814800075 0.0552556866195006 -0.0404621158216034 -0.0426003202508682
-0.0135416247617601 0.060557275084904 -0.0372946284337258 -0.0530618347833995
-0.0704228533654324 0.0499044380603244 -0.0113167167815643 -0.0631397795580253
-0.0971520929978167 -0.00534166538266556 0.0200646331186806 -0.0663395938430817
-0.064698572621216 -0.0851433944662533 -0.000615804884040974 -0.0563511105728782
-0.0152044297525502 -0.136525665161071 -0.0239453199931368 -0.0726644054854964
-0.00861856112411552 -0.140990073707015 0.0492067119108174 0.00901002142749965
-0.0565617874818397 -0.111977165046157 -0.0231397948578497 0.0463488616721028
-0.110412311988607 -0.044428729839868 0.0319061430766317 0.104067294808363
-0.105439554695611 0.0346610731657807 0.103390503682757 0.0636640425125713
-0.038701033893998 0.0737223967584787 0.0936818887386339 -0.0319535074832502
0.0021534907857695 0.0693250985913476 0.0414394284205996 -0.0666739956968936
0.0416515186131667 0.0644351756218405 -0.007803279977036 -0.0585960286699577
0.053457240321007 0.0525192385615858 -0.018776003717891 -0.0279632943786661
0.0531471442305402 0.0544280950532451 -0.0284437802644712 -0.0159845732383861
0.0191065815732502 0.0697245237134767 -0.0337365175923775 -0.0184126768343062
-0.0145133004252051 0.0769091866773644 -0.043339664883483 -0.030686770501293
-0.084465284875133 0.063728678606038 -0.0255380614962651 -0.0482960960506707
-0.116569632107667 -0.00522310298653759 0.00739339693761288 -0.0571884265349807
-0.0750653839836585 -0.0972046949758682 -0.00468565066563721 -0.0397677235925844
-0.0112990477256578 -0.155479236614456 -0.0346238494487918 -0.0304800235622019
0.0101342960839858 -0.142207848467932 0.0322656868245648 0.0579783723444491
-0.0388264616053398 -0.134611627894576 -0.0329444037902636 0.0749428266336839
-0.115458734379695 -0.0753233018124966 0.0124254800786118 0.119681969971897
-0.131276326926672 0.0206445484135487 0.0867429407821262 0.0875916826379929
-0.0582374659167772 0.0821678306066473 0.0868037628468139 -0.00265452803604041
-0.0042960251016074 0.0822464936836 0.0472803513740467 -0.0348086840109194
0.0412639035538308 0.077590146127743 0.00747931010987983 -0.0331857233356474
0.056633976501058 0.0622914470406781 -0.00145389431477849 -0.00722288244705425
0.0578305457442793 0.0612113024239908 -0.0114138732323993 0.00641166031364699
0.0238318131125743 0.0751596323975002 -0.0229238287573298 0.00715171169724352
-0.0134722228535524 0.0809461773923762 -0.0444686334194585 -0.00552870242901994
-0.0877740766916398 0.065696178558351 -0.0350942492807845 -0.0309958113616345
-0.117724624477151 -0.00767177586238391 -0.00253245300900485 -0.0470792576594797
-0.070570175229116 -0.0983220479423365 -0.00241066035754721 -0.0239664961444937
-0.00316215106122257 -0.151036307494396 -0.039221148434959 0.0117271799854724
0.0240809286765231 -0.117447316203503 0.0110258496933636 0.100076815521348
-0.0119938430584424 -0.127704230283523 -0.0428805348448386 0.0965980136239968
-0.0935988285733233 -0.090202961976034 -0.0101955671389386 0.122344465511913
-0.127816731644232 -0.00107147336242657 0.058497115828583 0.10084103905497
-0.0661286573242001 0.0724026733003812 0.0694301696757261 0.02611307881954
-0.00943222064608707 0.0785040552074402 0.0469429466246804 0.00113721938585712
0.0352758754217906 0.0765379719135485 0.0223824131923258 -0.00436254795694495
0.0517305358903274 0.0623354888413471 0.0152721625188455 0.0139359876623797
0.0544068884434322 0.0595296125430615 0.00517867136936427 0.0279515559535824
0.0226717255833249 0.0717210297003766 -0.0120314409866901 0.0312998528860253
-0.0140861854560025 0.0752088034594224 -0.0439436718593275 0.0176063200502333
-0.0833717648878808 0.0550075636349814 -0.042344979879794 -0.0147316352938324
-0.104286324086666 -0.0160989084789505 -0.0110297723056082 -0.0370825841330164
-0.0520791071521163 -0.0911881717188513 0.00168913011712091 -0.0120232110502732
0.0109289021246199 -0.128219338792975 -0.0409724349823738 0.0478842693452257
0.0311273824842175 -0.0715013862186288 -0.00896973435635731 0.127397984125225
0.011671891728817 -0.0944386449104444 -0.0488278521186787 0.107382150863676
-0.0567439961583911 -0.0807464253979219 -0.0291703058167118 0.111129302941874
-0.0983916135431537 -0.0162881562010865 0.0286919531444523 0.100552809059075
-0.0581208108545158 0.0513520621213767 0.0474696971915894 0.0493521531442308
-0.0106033643922118 0.0609447194389713 0.0425045672175484 0.0325618782261863
0.0246639711693583 0.0625647429029083 0.0344628255810863 0.022341601835622
0.0395534009893853 0.0528611525561934 0.0297506274040276 0.0321866785881526
0.0425057327337259 0.0509096732783521 0.0193810460082236 0.0471527137815944
0.0175036813976471 0.0606500942381036 -0.00479169488177624 0.0523918933861841
-0.0156064429699357 0.0621174871318107 -0.0449690776381149 0.0368865785726388
-0.073327845090384 0.0364018533263799 -0.0499143405297305 -0.00288518552685271
-0.0802807942493251 -0.0262906962790581 -0.0196408524220367 -0.0297373838879118
-0.0250325749223961 -0.0780707633462135 0.00387770875709013 -0.00367326874269821
0.0262714216772046 -0.0889799205141331 -0.0437994074920255 0.0740705221495043
0.031219613716516 -0.0125090762132157 -0.0204119790536767 0.135083839722671
0.0280349502433698 -0.0436693948078504 -0.0452239815582023 0.106226356060767
-0.0167154919831378 -0.0512800470984431 -0.0389104169693563 0.093203864946163
-0.0531498828443175 -0.0210363681925154 0.00601665916923445 0.0927528144338138
-0.0366147100287692 0.0250946496682861 0.0315744422894568 0.0638197876499785
-0.00771035480893989 0.0337433664779355 0.0389686016987874 0.0537480848569972
0.0117816948381593 0.0379997451918369 0.0435113050233084 0.0419735386321287
0.021430763538051 0.0350490252850473 0.0397905947294359 0.0446856508092073
0.024731316849021 0.035716477333857 0.0286523427773293 0.0617872543985098
0.00974508222341918 0.0436416921463494 -0.00245108725821272 0.0683359261995011
-0.0160239896312532 0.0432174988015355 -0.0503243191012235 0.0516047231026853
-0.0559656790156085 0.0162948516523523 -0.0590802397009411 0.00331257354151378
-0.0485736347309549 -0.0314108024610535 -0.0295338744155527 -0.0284880667036893
0.00225820179416621 -0.0553182697969986 0.00458554552647013 -0.000485370291727447
0.0389951946808826 -0.0387325632721166 -0.0474033994355046 0.0876181360678531
-0.0368691503350839 -0.0192007652903216 0.0401927206872936 -0.098747744906062
-0.0189693755966284 0.0227464348735269 -0.0202406970926615 -0.016104756461437
0.01067553225264 0.0304753976499891 0.0334356860044109 0.0415303117928412
0.0266461750476279 0.00121133226630598 0.0746920710290629 0.00452657837442462
0.00993159808856964 -0.0158455582268644 0.0641637797845589 -0.0605875070316318
-0.00150609630221664 -0.0125832689167559 0.00799471727985828 -0.0929943394332214
0.00121585522605849 -0.0153390044911901 -0.0359491737303468 -0.0760206290248148
0.00254888137963007 -0.0137937299673073 -0.0496365471040807 -0.0546195249437011
0.00594897012055744 -0.00876548122445678 -0.0539240458636211 -0.0521846500985414
0.0098740373877832 -0.000431785942888159 -0.0465360916326427 -0.0646105282159042
0.0152511571942477 0.00836118146570829 -0.0273162988378074 -0.0752813433539488
0.00293478985446234 0.0267841010223363 0.00882995607311014 -0.0832989117308488
-0.0250204662206502 0.0289557427567956 0.0396130642184295 -0.0852577390991863
-0.039591448359503 -0.0105885296907658 0.0289062403127611 -0.0815134124969923
-0.0309669545965089 -0.0407794975370425 0.00449622682409097 -0.126554724372508
-0.0387980587430408 -0.0716816205905428 0.0511681527220719 -0.0759289813398654
-0.0453398674372407 -0.0190741432186309 -0.0160683537727332 -0.00280910601337772
-0.0355096623779028 0.0167820831052522 0.043107592351031 0.0576191805092569
-0.0124772372499252 0.0227846598037498 0.0927884941941529 0.0133273875895215
0.00143683704328205 0.0163144153289412 0.0760466179460355 -0.0636851479269472
0.00568906748799298 0.0150646118418788 0.0153333798182281 -0.0974479976345944
0.0212319579566687 0.0108025390126479 -0.033568167088112 -0.0794644351596415
0.025404260196166 0.00954506260893498 -0.0464837972270403 -0.0523900752864626
0.0249764320775953 0.0166989716674281 -0.0525913343618443 -0.0474693189420385
0.0105592642661849 0.0300598858799287 -0.0462689711907557 -0.0574499725800598
-0.00219058048018228 0.03621628089942 -0.0324335895150351 -0.0682361256183898
-0.0386563874258154 0.0367660819480992 0.000409156879414321 -0.0752591276196266
-0.064313656584085 0.00703743017896507 0.0296810851661583 -0.0766211537044048
-0.0528449362980062 -0.0548154474611288 0.0101294946516642 -0.0708494184432252
-0.02484612676467 -0.0970216789318649 -0.0117404650201435 -0.106641687432592
-0.031430395874512 -0.114842966708587 0.0556325475974468 -0.0397644113283999
-0.061168347542917 -0.0663968406514993 -0.0172107643669532 0.0189139321023701
-0.0806784446714204 -0.00702954938869117 0.0448768287934255 0.0807164136313385
-0.0596691079978269 0.0383180295280811 0.106441293526478 0.033198441753019
-0.0142699289359881 0.0490653297391194 0.0871724029336387 -0.0558850248790017
0.0081632243857546 0.0447701248921156 0.0264383832151077 -0.0899262957172892
0.0367127510579266 0.0382981263285815 -0.0251970723357807 -0.0731955048639829
0.0440662442055338 0.031733575455986 -0.0355591409227127 -0.0424507314158299
0.0424123541395504 0.0378087157135826 -0.043880182685079 -0.0336135827018941
0.0157751561051896 0.0543797305870109 -0.0434869767213659 -0.0401360587369333
-0.0105364012742015 0.0607948559959981 -0.0408083369797244 -0.0513864594687961
-0.067227887916189 0.0545727548638402 -0.0142597340246948 -0.0637920248403112
-0.0967688725466411 0.000135153040899252 0.0168630408578089 -0.068879729225869
-0.0692577953176978 -0.0822962416177905 -0.00244687793833521 -0.0555590425338843
-0.0230755305729482 -0.136369268116839 -0.0270639143997205 -0.0709350212766806
-0.0160128309559266 -0.141142875736179 0.0500601057084284 0.00676758566483819
-0.0617935365037498 -0.109053607810732 -0.0222590749182055 0.0473147179125309
-0.113252869898306 -0.0381210966150572 0.0367892668077737 0.104312996452123
-0.10377423436716 0.0417363474242274 0.107580777889084 0.0597294990779696
-0.0349111715203879 0.0756813813916442 0.0928006530976779 -0.0352809663557241
0.00621592502624561 0.0694376100331399 0.0381498332676325 -0.0693075532253646
0.0451422785718811 0.0612768996828991 -0.0106053279357708 -0.0571403848955238
0.0567513862886863 0.0486634682303985 -0.0203949792444522 -0.0272969739975071
0.0556144013320931 0.0509291676064256 -0.0297441254074991 -0.013887011648647
0.0231472264680707 0.068793778424074 -0.0354181247930686 -0.0167308389847438
-0.0102289356806545 0.077434137332949 -0.0454263357068263 -0.0287496767337948
-0.0809903097803816 0.0692520733675305 -0.0277973863918537 -0.0483279506423561
-0.116486278804184 0.00176179213553254 0.00478096411314035 -0.0594865787463238
-0.0798743818704363 -0.0938398868158122 -0.00602127884843182 -0.0392025998173789
-0.0204655908480714 -0.154552082793553 -0.0352443221906092 -0.0280595440403693
0.002894741417132 -0.142949511566637 0.0356102846043135 0.0566962976472081
-0.045511801708289 -0.132599381732052 -0.0306005578462357 0.0755594496238533
-0.119749970273505 -0.0691728261140579 0.0176430814828333 0.121044234848552
-0.130250571000869 0.0281726117285017 0.0920457396161413 0.0842289773481406
-0.0535137449306556 0.0851855534634756 0.0873675154872679 -0.00601241906322678
0.000213597321946488 0.0824920669121073 0.0466346648822852 -0.0375700686675096
0.045923176001153 0.0744652703258699 0.00607771093438115 -0.032729075457778
0.0611720785590167 0.0579389112808272 -0.00166678107611202 -0.00725364153420539
0.0610523429599191 0.0573253153819962 -0.0114110934850863 0.00759062261046468
0.0278206582278721 0.0735675141782405 -0.0239541762190029 0.00791984955310537
-0.00895857042019305 0.0813093440725406 -0.0456891258716684 -0.00317790737682419
-0.0836029242865976 0.0718422439145092 -0.0368685843853485 -0.0301898697061918
-0.118261599351362 -0.000740506088147193 -0.00481494595511764 -0.0486060965868574
-0.0755571179072966 -0.0946941541276718 -0.00278480825866003 -0.0235876540178556
-0.0116334752137272 -0.15125683600385 -0.0372865934886863 0.0147533938782117
0.0191837472896507 -0.119075524906867 0.0156422934986047 0.0995639484666657
-0.0178791741431669 -0.128135437983885 -0.0395945399487481 0.0979565962096708
-0.0984019296574314 -0.0850525060387279 -0.0052875131865158 0.123826115594375
-0.128152069012412 0.00675751649049263 0.0643284477873481 0.0987971443833061
-0.0621480360132789 0.0761915598754703 0.071198676897949 0.0238159067760752
-0.00508775462853625 0.0792920967642113 0.0480883717001992 -0.00216325361952332
0.0399259585530436 0.0743707989511478 0.0219296444303577 -0.00537982734049728
0.0558631038324637 0.0588871876269371 0.0159638395704284 0.012531553704237
0.0579583599496695 0.056250913917024 0.00607440473247217 0.0276854556693039
0.0267567224652572 0.0701135315192055 -0.0114476235497514 0.0311007510990264
-0.0101745752823197 0.0759379993895079 -0.0439498684915073 0.0195826180156921
-0.0802016538840176 0.060551280044817 -0.0432190050004194 -0.0135885888881552
-0.104725423993852 -0.00999312667827969 -0.0130328356834527 -0.0384594098699569
-0.0564610016120413 -0.0886972640336515 0.00160394670628576 -0.0123924494430937
0.00379015360619852 -0.128342714389796 -0.0375984231367328 0.0503188828310879
0.0283702807173112 -0.0732682338150256 -0.00318320029987575 0.127931348301157
0.00754903255372009 -0.0959087215989054 -0.0443580719302665 0.108877857209083
-0.0609363447797422 -0.0780805940572389 -0.0252259962047978 0.114059357645388
-0.0992581713547762 -0.0107730125046315 0.0334492705036903 0.100009731201793
-0.0549584560482217 0.0540518689309808 0.0509669349656271 0.0474663944128124
-0.00719957409311234 0.0619590484911352 0.0454748233957175 0.0295575196045838
0.0287744803934765 0.0601690637552515 0.0353306128989131 0.0207543664563911
0.0431219012627362 0.0497772916505827 0.0313929645460227 0.0296229342813625
0.0452386875669749 0.048355323537719 0.0213267704027764 0.046088233879331
0.0212033791348741 0.0596226953362408 -0.00246507640269428 0.0516490547976487
-0.012763008298605 0.062865452443357 -0.0439601388589981 0.0392970095542583
-0.0716672160066107 0.0413233724916316 -0.0498668153100769 -0.00142081508089215
-0.0812441057794935 -0.0211799725520054 -0.0212878905403652 -0.0306924830810944
-0.028998250822001 -0.0769486983695452 0.00405568398567938 -0.00476014678947502
0.021608394823303 -0.0899346467255653 -0.0393004451699801 0.0763742353282293
0.0309794685841719 -0.0141489618955221 -0.0141396492731541 0.136242855855458
0.0264712364448825 -0.0455434863838775 -0.0419674899350768 0.10772633336268
-0.0197241220408019 -0.0507110333924767 -0.0353644731785212 0.0963065222416318
-0.0546923217603654 -0.0179321876730362 0.0107580405582479 0.0932250589251687
-0.035117958169111 0.0272522322373868 0.0349592551141915 0.0621207686788004
-0.00599727252492026 0.0344623300818593 0.0429887122266691 0.051124874904868
0.0139742835087712 0.0369540171706602 0.0455447873137656 0.0388590795594539
0.0238523468734613 0.0337269462123532 0.0414520750855097 0.0419381355455482
0.0269503946736041 0.03371601756921 0.0309349791182573 0.0598016138085121
0.0126872317334182 0.0431064390512556 0.000283710089867166 0.0678409602942871
-0.0134942013428776 0.0439051908088157 -0.0485224673589581 0.0538180991661762
-0.0557801272962804 0.020072303490941 -0.0593425811898276 0.00564496360210106
-0.0502526218049077 -0.0289324229351253 -0.0311484990847711 -0.0283592849461308
-0.000144495019386589 -0.0554041959223408 0.00458128339403308 -0.00189221650291374
0.0364328506361337 -0.0405004600377069 -0.0425904516741917 0.0905927995506665
-0.0378698942208496 -0.0182694756699273 0.0363503276687835 -0.0983274209363651
-0.01826601256956 0.0230245575910914 -0.0213005302076722 -0.0142610920243508
0.0117434010235609 0.0297592994965266 0.034907528487152 0.0409761262954424
0.026793878974533 0.000381992456712644 0.0746038647357579 0.00255324616239167
0.00934697126007725 -0.0156018325264813 0.0621026642673176 -0.0610592628086403
-0.00221327433525978 -0.0121479243694959 0.00502227205360381 -0.0907047293281048
-0.000281264438744006 -0.0151134638610897 -0.0373287606479012 -0.073107688246201
0.00169819904561288 -0.013416698925354 -0.0495111789776916 -0.0513788339876707
0.0054082880882536 -0.00948562910551557 -0.0550014597875556 -0.0486481409748766
0.00990821345837789 -0.00137664526828042 -0.048628568039435 -0.0613494946136696
0.0150751047462127 0.0068693197057874 -0.0294997163869987 -0.0732064997609883
0.00407679390701925 0.02645904246929 0.00666588261111737 -0.0838688569613058
-0.0234227465030799 0.0289513680089129 0.036905172956883 -0.0854914669293646
-0.0398496937176586 -0.00968690676287482 0.0274893049760759 -0.0795441589325887
-0.0318974410632901 -0.0393991258713922 0.00140347216184759 -0.125001085069835
-0.0412758907081673 -0.0695608360836027 0.0483200942172533 -0.0766583747512796
-0.045046882711834 -0.0172661956716882 -0.0171141920349729 -0.00143778960025494
-0.0343242634379624 0.0184683238638701 0.0445871522986741 0.0564425183819184
-0.0107182882925499 0.0232601712394126 0.0927590623551975 0.0109365328265394
0.00203476368516562 0.0156947371823689 0.0734713856064888 -0.0644136594848966
0.00595674083897666 0.0150496857504822 0.0116033127764182 -0.0953081533910454
0.0207000532728494 0.00961217446799923 -0.0356909355344888 -0.0759616448061008
0.0249050116394481 0.00782449570119292 -0.0467819110247055 -0.049660134046105
0.0243438178074349 0.0152736361966802 -0.0532055423685661 -0.0438095061464638
0.0113998102206021 0.0291243108639433 -0.0485206331667632 -0.05428658371506
-0.00103258551123108 0.0350632311269775 -0.0346157977014893 -0.0665745435515587
-0.0360205985563395 0.0379940227224066 -0.00150147233567956 -0.0759908323852999
-0.0622012313950724 0.00935533378113627 0.0270469926622481 -0.0776704164816039
-0.0540962441112671 -0.0529894904835342 0.00959216939937254 -0.0690498968550851
-0.0279356295957568 -0.0946187574213649 -0.0141454841196592 -0.103984980826132
-0.034829870917424 -0.112345211322987 0.0536579368572279 -0.0409496111525135
-0.0623457867449057 -0.0633931336521204 -0.017151403947462 0.0194148764767144
-0.0797682656438746 -0.00376145120866828 0.0467044572136594 0.079688828043951
-0.057053104946011 0.0409503719610763 0.107315681254306 0.0299182027611224
-0.012503430628148 0.0489581221061458 0.0848624243119337 -0.0567676366212295
0.00972576079107751 0.0442001918390282 0.0230070317895291 -0.0892892106988024
0.0369168346219991 0.0358544869816593 -0.0264507049251658 -0.0704822411877483
0.0445060509577333 0.028434231210189 -0.0364236566506859 -0.0404922214529027
0.0431282544920402 0.0349022860887271 -0.0442104668309488 -0.030673037952376
0.0175929550168718 0.0524036232837599 -0.0453107275068265 -0.0372135224837973
-0.00777647968771769 0.0597838414371945 -0.0426013727863344 -0.0492803390340913
-0.0638588923750584 0.0562856832677389 -0.015881817665114 -0.0640912096966678
-0.0948408406639136 0.00399780824387772 0.0142419504080678 -0.0695936057234529
-0.071032599305964 -0.0788904943281677 -0.0024329509048575 -0.0538216130820965
-0.0276079571072225 -0.133468979466925 -0.0279970270156329 -0.0679563872333855
-0.0203851688554387 -0.138154085109348 0.0499694094963907 0.00521212727123166
-0.0642449286603541 -0.105010258303817 -0.0216046309226316 0.0472908534815051
-0.112610846844059 -0.0334568748637521 0.0394060675249484 0.103163813544272
-0.100294936688553 0.0453950165519022 0.108922711365009 0.055874815774168
-0.0318189028548349 0.0754657252187717 0.0909138528733149 -0.0368883122680803
0.00871591082658564 0.0685401519734392 0.0356387706224514 -0.0690787095882532
0.0464007452111725 0.0570765997335101 -0.0117799189607001 -0.0547147630551316
0.0574824457875215 0.0444744763360414 -0.0207422772144026 -0.0259865113740808
0.0564758196811632 0.0475249407437638 -0.0295122795504664 -0.0122279445990358
0.0248949023799055 0.0663904062636646 -0.0365596730167709 -0.0148412353921483
-0.00702705509755282 0.0758338472892406 -0.0467969246911441 -0.0269425082193757
-0.0767597986918555 0.0715543749444748 -0.0286609819153463 -0.0480149827848532
-0.113509728415677 0.00530805978520487 0.00243159975471822 -0.0598471996640765
-0.0817349573032974 -0.0896577775722781 -0.00551615234891562 -0.0376146230124586
-0.0255347507138291 -0.151067603058013 -0.0346515421185072 -0.0257046506186528
-0.00110475072103748 -0.141005813682359 0.0367052104295106 0.0543931331979248
-0.0483492049470648 -0.129615545639474 -0.0294045033256301 0.0753244624883097
-0.120098606178179 -0.0639765412624186 0.0203959618548703 0.120331606746945
-0.126816814567455 0.0328244925325369 0.0937995990376817 0.081497205503679
-0.0497191173328706 0.0849208688624314 0.0863449610313075 -0.00770079539664979
0.00349793113742137 0.0813134589936487 0.0443566798175628 -0.0388090167270118
0.0479816906960796 0.070266811110012 0.00515338328960527 -0.0321225961569202
0.0626870389409734 0.0538869855176654 -0.0021713855756946 -0.00748520426409582
0.0621277895252866 0.0536725446109776 -0.0111661644629627 0.00792242698554663
0.0297803300056033 0.070697611976096 -0.0238501084061069 0.00866950413965696
-0.00639368506657624 0.0802770400086442 -0.0459537181255932 -0.00181395739000056
-0.0790677718834696 0.0741468803983958 -0.0374233849498012 -0.0295545098637016
-0.115151240485017 0.00340505652063955 -0.00672419035935583 -0.0494923798541396
-0.0767793176103651 -0.0908016932706427 -0.00283840799812866 -0.0233863592419541
-0.0170013938155722 -0.148142893545042 -0.0356024909196956 0.015785681319574
0.0158419697184364 -0.117790670029761 0.0181600847546925 0.0974209644243452
-0.0210708778096794 -0.125581866025229 -0.0375110334929855 0.0970630510865263
-0.0996006812715731 -0.0808163955109362 -0.00288479468738456 0.12371624833405
-0.126105004616083 0.0115577970281076 0.0669457901941471 0.0960404250995127
-0.0588704008370492 0.0764620493259534 0.0717043898126097 0.0224485793485051
-0.00217920324163339 0.0782067296071573 0.0479159582373626 -0.00424089809556605
0.0418644926397158 0.0707997893913815 0.0218971104890296 -0.0059494892213516
0.0576550587152016 0.0544832630230869 0.0157781345291386 0.0113073262349324
0.0588047960431489 0.0524488495904871 0.0068531486649069 0.0265762725706289
0.0292997966622833 0.067279095153005 -0.0115179556167764 0.0306165080781214
-0.00711171840182267 0.074378531782405 -0.0435053839751171 0.020477161577442
-0.0766924358728136 0.0628654613771353 -0.0433507636419919 -0.0130322886816713
-0.102940015575095 -0.00652664143908236 -0.0147621251028859 -0.039057057706562
-0.0578358280136019 -0.0855629646810746 0.00182626326737043 -0.0126250589541663
-0.00105552849102907 -0.125679243427379 -0.0348754777859179 0.0508673470138258
0.0261933947422221 -0.0728861221179588 0.000452011932697923 0.125672714790942
0.00494502612243389 -0.0949243316427442 -0.0418661057526255 0.108071290349961
-0.062101914001051 -0.0747574820785676 -0.0226852896320095 0.114149555046953
-0.0985408882498035 -0.0071142369956447 0.0363067047375313 0.0979855814760897
-0.0526321879966401 0.0545772440957547 0.0516680792940719 0.0456200342831057
-0.00486171959482235 0.0608110152958046 0.0462592150565806 0.0263327863637367
0.0304081716256177 0.0580532043318187 0.0359745650884281 0.0184192440257965
0.0446739553353602 0.0468775679093803 0.0308302330034159 0.0277800015147549
0.0466022897980954 0.0453837497271781 0.0217908448220882 0.0435285672113546
0.0232666066161664 0.0575057545460494 -0.00212827563604572 0.0500295007872594
-0.00949244964202892 0.0623638193068699 -0.042916725372603 0.0393732710036669
-0.0694299109603302 0.0439617535277226 -0.0495517193484459 -0.000611726499204384
-0.0801802102507973 -0.0182884747368887 -0.0224929647149682 -0.0311988102342388
-0.0304392536850612 -0.0742610028973182 0.00482883303760628 -0.00498895512792722
0.017673610734893 -0.0887876378063746 -0.0352945929376695 0.0765139511200629
0.0305872780830538 -0.0154798527084614 -0.0112705781840166 0.134745218792177
0.0245834626418501 -0.0462732142665299 -0.0393662879199128 0.106383034351884
-0.0206853362111869 -0.0498638823608587 -0.0339660953596101 0.0968539386420512
-0.0546700241740284 -0.0156977552119656 0.0134005805726732 0.0920275796107024
-0.0335159170907823 0.0275862515231979 0.0366919381504573 0.0607525566186312
-0.00525938701267875 0.0339382854844043 0.0447668116664277 0.048202314329423
0.0150970258386462 0.0355240017661639 0.0457617522688635 0.0357598036837845
0.0253883089746124 0.0319301288292687 0.0415735086233931 0.0392445001016524
0.0277371927733284 0.0321907339472728 0.0317492275510393 0.0572885501995161
0.0149495680024716 0.0415052482015235 0.0018859716837583 0.065611981569471
-0.0113217552330652 0.0442522446640208 -0.0462453022227981 0.0539801407836362
-0.0541112320641727 0.022170648101679 -0.0588682751895706 0.00645505606127402
-0.0503480331158739 -0.0260055159105063 -0.0315855817323305 -0.0286922768100022
-0.00156370340957467 -0.0547941715438214 0.00493481427970671 -0.00267261211653628
0.0347448043195099 -0.0403675069167342 -0.0385303132614745 0.0900168438658953
-0.0383287752898334 -0.0179003642378578 0.0360621329519462 -0.097855090496977
-0.0186088631038459 0.0230008618969061 -0.021692456314861 -0.0131395969214407
0.0122589072929492 0.029749192834105 0.0355005581342031 0.0414405167911925
0.0266298401041841 0.000205522325805193 0.0749138432616071 0.00263489877667627
0.00939803519419043 -0.0151925529365142 0.0623364597331265 -0.060130281713252
-0.00213029725192334 -0.0118833794506661 0.00411475676862848 -0.0888708358981595
-0.00106508769115084 -0.0151941327751186 -0.0372235535231653 -0.0711610084530824
0.00108802534087106 -0.0134871773861842 -0.0490321416693585 -0.0498543359962554
0.00516116585862432 -0.00880420996055503 -0.0542639535656002 -0.0467743427001822
0.00929102751397919 -0.0016257627452147 -0.0488481400870155 -0.0597103597287305
0.0151550021907838 0.0063368643244149 -0.0302325775973169 -0.073228288148353
0.00460950194600769 0.026174664149306 0.00644998682139827 -0.0846251166224951
-0.0222449235505372 0.0291367161938859 0.036752828826889 -0.0852328458462528
-0.0402576227120888 -0.00984902785868247 0.0290751755308963 -0.0774345654331867
-0.0322679241671299 -0.0394180282753757 0.00142095322441255 -0.123130064058565
-0.0425773017168932 -0.0683912259883203 0.0478858790642498 -0.0763642448402617
-0.0449535425314172 -0.0166959606687439 -0.0178500005110417 -0.00104254756103895
-0.0332546405951709 0.0193123352014896 0.0454988646537663 0.0564961946577325
-0.010569156923854 0.0232308781358842 0.0931786646326638 0.0109808645349548
0.00222078940158113 0.0157734851218898 0.0732429648162345 -0.0635303333841839
0.00604642246275057 0.0149613333472332 0.0108326583737621 -0.0937938751764796
0.0199734670025888 0.00914083532835333 -0.0350036816516857 -0.0741736798800477
0.0241342503554579 0.00716195945273608 -0.0462273512459969 -0.0484321846216472
0.02410180430556 0.0147896407164166 -0.0526350592264421 -0.0419342179207653
0.0113496108517227 0.0282777476756125 -0.0484743983160651 -0.0525598560565541
-0.000632830188615964 0.0340302969279886 -0.0351309348509114 -0.0658751274864133
-0.0347926853947553 0.0384502676542345 -0.00144798268423263 -0.0764771653953603
-0.0608064016805598 0.00926115315104327 0.0268794602271397 -0.0770472458585687
-0.0540450288054222 -0.0520140266760471 0.0115249204899256 -0.067375904079853
-0.0291332209325299 -0.0939361427826054 -0.0136780952721329 -0.102093812103442
-0.0359932336833527 -0.110708480359027 0.0534061590050407 -0.0409496158603241
-0.0620544849193547 -0.0625640428685032 -0.0185225007317462 0.0198399572213242
-0.0790105524684394 -0.00233753408286808 0.0472941344214098 0.0801079784430334
-0.0554953178804651 0.0409713127150884 0.107394511839591 0.0299838546736826
-0.0118119575189806 0.0486991915140451 0.0845976329173586 -0.0556754150745666
0.0101435672475786 0.0435688113393924 0.0222398308269609 -0.0879833674451537
0.0367943338863217 0.034242174286226 -0.0260866168168669 -0.0682116270235238
0.0441399312202266 0.0265562314649581 -0.0360304547483245 -0.0399868701153336
0.0423248735498928 0.0339052431452808 -0.0441487891253778 -0.0290445634503449
0.0177378913274032 0.0512854948790137 -0.0456262373127547 -0.0361518723210879
-0.00688925111347023 0.0589045512805511 -0.0439578270073195 -0.0492916950246417
-0.0623087911848816 0.056663227772035 -0.015571134773893 -0.0649644624186635
-0.0930759017691597 0.00477730347336495 0.0144717908336049 -0.0700551741122452
-0.0705916730830675 -0.0781895905800449 -0.000980874678286681 -0.0528342206745962
-0.0287623003781058 -0.131806463750267 -0.0272610279324475 -0.0664987899054054
-0.0210871484680011 -0.137086295517807 0.0496801978556319 0.00443928886052586
-0.0636976045686912 -0.104140730684907 -0.022779859829323 0.0469580023551931
-0.11170819183122 -0.0319419655408225 0.0394799264041044 0.103939141322677
-0.098325013269922 0.0463402159381987 0.109317495333438 0.055529056190946
-0.0308825082529756 0.0746662310356941 0.0909593294394371 -0.0361745236049189
0.0096208064977977 0.0677084550789705 0.0347427829950768 -0.069165753661925
0.0462313020626544 0.0553937423326106 -0.0116398086230362 -0.0535169772346669
0.0573825953570053 0.0421024171097913 -0.020711859865439 -0.0253076302471516
0.0560670895907998 0.0457927328491562 -0.0295226136032152 -0.0113530642469165
0.0255027964959049 0.0651043561840439 -0.037095037678158 -0.0142961695534314
-0.00644925347802087 0.074786298461968 -0.0471540762904013 -0.0266066052727634
-0.0746468699564539 0.0720500678282264 -0.0287814684337912 -0.0488050472616908
-0.111997991870582 0.00674799525685379 0.00219857383289341 -0.0608653745501382
-0.0807745003729515 -0.0880068100490012 -0.00434487453565262 -0.0376203088431461
-0.026740023100212 -0.149152701962609 -0.0336246836047165 -0.0247508619581433
-0.00163030609335251 -0.139785926815563 0.0361825173613479 0.0538836662906141
-0.0482944952649015 -0.12807277044628 -0.030276756374073 0.0749031223866932
-0.118913108850999 -0.0620323633951485 0.020692888734426 0.120636727045304
-0.12529357401667 0.0340892983018225 0.0941678828752466 0.0807022391188884
-0.0485543289499279 0.0847172378307646 0.0865076590104492 -0.0069838112699627
0.00443890585594679 0.0804256436989952 0.0444219306476397 -0.0395247599402018
0.0479618865664845 0.068200659665119 0.00547370147592698 -0.030971353650094
0.0623964764711329 0.0512136768881218 -0.00261900952462013 -0.00749965640365126
0.0618770564746757 0.0514481845483648 -0.0113378538690177 0.0077062403912175
0.0304298900442026 0.0690029310908752 -0.0246277020443913 0.0089111259279507
-0.00482846217509726 0.0788922924056368 -0.046710644829911 -0.00195541173172432
-0.0774459403470107 0.0739578142348174 -0.0374081432010202 -0.0302725815224607
-0.113148031573703 0.00439302753274483 -0.00749016429153526 -0.0507623690542672
-0.0763508286228085 -0.0890048617929648 -0.00167948944871997 -0.0234407996707108
-0.0182832409953672 -0.146049479183272 -0.0341260067669199 0.0168143302628994
0.0149954174676105 -0.116974568783441 0.0183678111397468 0.0959550569241076
-0.0211560309808548 -0.124977774917055 -0.037814625131128 0.0958673891461371
-0.0985800105919812 -0.0795173996435092 -0.00282501302982613 0.124290792911483
-0.124643059986972 0.0123008735347965 0.067227646683795 0.0953999935325484
-0.057707878917296 0.0755965290523357 0.0719550727634938 0.0224616688248044
-0.0014454072091059 0.077419760699985 0.0476756779402294 -0.00538115957215541
0.0423030021069969 0.0681868698697717 0.0217741918913927 -0.00581147854601498
0.0580562529101855 0.0520081194484679 0.0151979529758805 0.0106721439298798
0.0584267957010919 0.0508921186211305 0.00646716522545252 0.0263033126181713
0.0293876199935138 0.065934062094977 -0.0120368792041324 0.0302008001459167
-0.0064341716039769 0.0736853707953691 -0.0437481118518607 0.0205899566301773
-0.0748291905243001 0.0636353861410818 -0.0432731718115072 -0.0137932847861435
-0.101301405018559 -0.00499681643922812 -0.0149082706271255 -0.0401883886690658
-0.0573717407118248 -0.0841153476795825 0.00272324367161518 -0.0133070554245863
-0.00242340307870129 -0.123547422148055 -0.0332133734706177 0.0509530214449775
0.0255177370793035 -0.0727595325334998 4.11417989432904E-05 0.124951565549435
0.00493078345511993 -0.0944046930304609 -0.0426411447638455 0.106899021640962
-0.06187986572021 -0.074578397806724 -0.0230421779339325 0.114381034112671
-0.0977831889878136 -0.00585202681646454 0.0368382220386721 0.0975156496797517
-0.0513746238361516 0.0546345881509656 0.0518058096431062 0.0451759544399112
-0.00417721898611275 0.0601307526437753 0.0460835454596343 0.0251360029465952
0.0305351368421334 0.0563211775785837 0.0355964417640761 0.0180123130834462
0.0452874067059234 0.0453900876609513 0.0298170700769758 0.0268656226941129
0.0464963519527671 0.0438532203468256 0.0215558785002401 0.0427465319503188
0.0238353535271488 0.0562196529486182 -0.0025859263555249 0.0489406511086743
-0.00958761351312025 0.061952414904545 -0.0425528891845757 0.0393006147234897
-0.067445719523264 0.0450302713293209 -0.049345940226899 -0.00143538416330949
-0.0795410994424507 -0.0170097357818358 -0.023094078783623 -0.0320320179191132
-0.0301282134590553 -0.0734182978126665 0.00513642147726495 -0.00578020385649707
0.0168575378459991 -0.0871413199159142 -0.034158969322247 0.0758846988769327
0.030599128193249 -0.015375845521397 -0.0110216188988412 0.133385900842033
0.0242905415762691 -0.0466733509597985 -0.0398497557728245 0.104865456563057
-0.0209337486627085 -0.0491463039854542 -0.0345868257852045 0.0968803532234433
-0.0542499437727014 -0.015015730099654 0.0130837597728998 0.0914590252837454
-0.0330470401911231 0.0276263543279436 0.0365783828843573 0.0602318848479701
-0.00458751573660976 0.0335938963939853 0.0454127908847884 0.0463223894491088
0.0151854051796819 0.0345168732223522 0.0456713394223085 0.0345710240032025
0.0261347483810674 0.0310368670502925 0.0403011663011556 0.0384503160663936
0.0282037491204946 0.03129764009382 0.0314494823888411 0.055773072896121
0.015163649067812 0.0410079256259074 0.00130646615065507 0.0640857751962997
-0.0107174198700344 0.0437320544825633 -0.0463246942635318 0.0537039679403076
-0.0533355598300497 0.0228858787038886 -0.0584752904300263 0.00616937161323469
-0.0498565496371788 -0.025321310442122 -0.0321732244198706 -0.0295371819909131
-0.00107906600410133 -0.0541769281179243 0.00563205692387633 -0.00370471799988135
0.033984047916596 -0.0396747694915586 -0.0371645446059826 0.0892442321500218
-0.040768294054515 -0.0106197905993016 0.0177157224169293 -0.110991450408054
-0.0140324950253874 0.0260270351551421 -0.0259265047624541 -0.00845063552125819
0.0184792847976234 0.0267371148003931 0.043411932853247 0.0382902174183413
0.0268904436659649 -0.00650808846531955 0.078302281527713 -0.0082818955625144
0.00585366959532222 -0.0180545124182697 0.0540804182219272 -0.0730371299517348
-0.00524069085054763 -0.0110687626128742 -0.0107650710351056 -0.0904059229744919
-0.00524374670276292 -0.0144563430012236 -0.0481381321600634 -0.0650258964193524
-0.00239560445964781 -0.0136199646211308 -0.0577269249436428 -0.0410849331014902
0.0024100353545956 -0.00977539294559263 -0.0633310734291086 -0.0367233283775986
0.00859515909872264 -0.00397186166654733 -0.0624228891185273 -0.0508464519271563
0.0152959472228228 0.00189941649291345 -0.0457924830058693 -0.0688167930163249
0.0112514804339418 0.0237124461053586 -0.01132891790308 -0.0887120161536083
-0.0148279021282193 0.0315201641379149 0.020327011883358 -0.0963397243364091
-0.0413225381328763 -0.0025895561977244 0.0185231497453634 -0.0852536635043792
-0.0390981993290305 -0.0348208509647815 -0.0178004789842982 -0.124914181939857
-0.0530311931574688 -0.0586882041864405 0.0369354377523883 -0.093596420340397
-0.0473746703401391 -0.00734158332940263 -0.0194955850112645 0.00141605138906844
-0.0276923032735068 0.0257483423384487 0.0544262296165951 0.0489647612989139
-0.00320459923859767 0.0238254138897325 0.0956174484971936 -0.00537904050611366
0.00493347610734521 0.0133314852594573 0.0627402006665607 -0.0769664874801939
0.00734368788526276 0.0129420234825836 -0.00618987556544292 -0.0953310665341366
0.0200036992691631 0.00440658817866213 -0.0476793001827693 -0.0658757652009848
0.0239956415961875 0.00189921773225398 -0.0547342527513482 -0.0396199246187231
0.0249598007210736 0.00949460213370475 -0.0614787587336248 -0.0328703903639314
0.0157677347372079 0.024840098875379 -0.0616096297667354 -0.0439932584632383
0.0048958610345674 0.0313745387252264 -0.0501666129357989 -0.0606787610589811
-0.0260030737555101 0.0425569485828437 -0.0173923185722953 -0.0805330110051428
-0.0553771342359533 0.0196777944828392 0.0130155266281988 -0.0878314949959661
-0.0633111001571519 -0.0420762832851898 0.00386371827599427 -0.0696884811051952
-0.0465207966819116 -0.0891839221369795 -0.0275067713012367 -0.0975695559671883
-0.0541787936796498 -0.10032408526336 0.0514703862399664 -0.0594035030550144
-0.0720599787946398 -0.0484275394691778 -0.0153363369321093 0.020049393016006
-0.0752758536581705 0.0138486757739411 0.0601005064441443 0.0679061622313477
-0.0430983865394598 0.0504316552006335 0.110963581661067 0.00856374098103711
-0.00214771769761416 0.0481020885501813 0.0738476585028674 -0.0708788088610624
0.0169103490335631 0.0404649262830745 0.00504512087574063 -0.0907482032355778
0.0411047389196897 0.0246109595886034 -0.0395898913136051 -0.0596339093350871
0.0474074269984258 0.0178108491717122 -0.0435425425850886 -0.0329055682665241
0.0462214712627652 0.0250700481877305 -0.0503242475843649 -0.0211625388113561
0.0259743316383139 0.0466386190148723 -0.0557413513205165 -0.0284222330343518
0.00256748816761279 0.0564627002990234 -0.0554680913094436 -0.0416248377018511
-0.0488896609768529 0.0653875969158868 -0.0297229587511445 -0.0667764709674884
-0.0877623055254094 0.0208436243004794 0.00120142636167607 -0.0799971424593846
-0.0849734626977546 -0.0639103512310207 -0.00383733482237211 -0.0518644183360491
-0.0537856398819592 -0.126577011058745 -0.0330671582053678 -0.0573146563463834
-0.0444972776583314 -0.127959671507278 0.0578205422697642 -0.0117284811443056
-0.0816197250763331 -0.0883918495388134 -0.0131882363219234 0.0474288797227694
-0.112810028620044 -0.00831899627823306 0.056570386946918 0.0903277001290803
-0.0826019523918 0.0644549739165833 0.115961139773569 0.0311176303794403
-0.0153839177765085 0.0771130397410019 0.081777145260435 -0.0512853759052827
0.0209358249451687 0.0636905086235443 0.0199537853113716 -0.0732088491599565
0.0551231444833188 0.0432554681704124 -0.023811855388698 -0.046455282312766
0.0628923046219063 0.0303137960857166 -0.0258097805744619 -0.0211809598479555
0.061855299122514 0.034283750727034 -0.0327806169474158 -0.00645950839593849
0.0358142402549037 0.0589586854023343 -0.0436133229093408 -0.00822309432991601
0.00570184764913848 0.0721653085985739 -0.0555987507798466 -0.018013966083496
-0.0584348251656055 0.0830343676578108 -0.0406950925570043 -0.0481911440561282
-0.105543804610065 0.0265110361413774 -0.00971643822317548 -0.0694316766877118
-0.0969226120246938 -0.0723361093490087 -0.0040696854461496 -0.0358685799824266
-0.0553206928818412 -0.143575107620211 -0.0314759380599309 -0.0125393390465206
-0.0257638488588846 -0.133635443855105 0.0542449951056746 0.042242231579265
-0.0704832029754804 -0.115508798670957 -0.0150733938289811 0.0768530851321796
-0.125853217331297 -0.0361858776702086 0.0421173002537099 0.109748811438168
-0.111184962259637 0.0586173295068331 0.10492756930417 0.0569675898203655
-0.0309250103537369 0.0905312714374479 0.081536267054584 -0.021420944203487
0.0185114954390832 0.0770738513743462 0.0341238597788353 -0.0454142823041522
0.0597893222283868 0.0554297329109658 -0.00384021708511664 -0.0268508885774776
0.0698175466567666 0.0383492193997633 -0.00487331157999348 -0.00677141233042058
0.0687702679835557 0.0385027456031229 -0.0111185886480329 0.0094650482022177
0.0414861754632678 0.0619139884563527 -0.0262040400221227 0.0130374210126631
0.00805185242304734 0.0765313247936098 -0.0502136140008016 0.00709041317107376
-0.0609747866134182 0.0859576261343752 -0.0459342385166465 -0.0276838896146345
-0.107800681051102 0.0246827897683491 -0.017167959941797 -0.0571202518745804
-0.0921200509883639 -0.0738233894263439 0.00108443824498897 -0.0221919691355786
-0.0463409663047811 -0.140910182038652 -0.0249177692520881 0.0297382315420316
-0.0059186413306308 -0.115159544572256 0.0430044329115869 0.0916794207876747
-0.0434687564342288 -0.117207974693331 -0.0182021836275796 0.101716427268633
-0.109669432572855 -0.0569880445439154 0.0202374908737045 0.118262678393984
-0.115216801388753 0.0378381729149124 0.081159498512777 0.076182392465493
-0.0409833356510723 0.0840264196781114 0.0711755446926859 0.0102814566253584
0.0128140386351421 0.0750303283671774 0.0435253683091117 -0.0120043325114045
0.0545713429206951 0.0563382402402206 0.0164100757031529 -0.00521829403537881
0.0659557164973455 0.040147908462258 0.0163390744484779 0.00813468438649479
0.065848851914807 0.0383204115343103 0.00999643199307417 0.0247374799721076
0.0403134869048013 0.0590950530976889 -0.00936758119921462 0.0323655465315195
0.00582152011537921 0.0716469970901494 -0.0428992841353926 0.0296248672879932
-0.0613169221485225 0.075085749931366 -0.0485689897724311 -0.00884744496216188
-0.0982987852252026 0.0132881115753569 -0.0230667431179427 -0.0438794559047701
-0.0721798226124541 -0.0724730317616866 0.00611084214111843 -0.012545469998342
-0.0263620766358644 -0.12156158142715 -0.0197409463253305 0.0640149166540729
0.0119982569677151 -0.0745126708930142 0.0282375492379976 0.126789126663514
-0.0122257039044399 -0.0929329344835364 -0.0214220560381323 0.115196804020655
-0.0736520527709533 -0.0596477397660731 -0.00130264924142115 0.113985071998061
-0.093674667902682 0.014445301922505 0.0525932779687136 0.0855097311102303
-0.0393380689365631 0.0621901838315234 0.0566835008996864 0.0369834176473601
0.00646397988911538 0.059066731169291 0.0486485446691573 0.0183207459805933
0.041531312497687 0.0474089358857553 0.0345759793314721 0.0149731797227203
0.0523257024972912 0.0357285470637329 0.0341773332615448 0.0216107170345192
0.0536766211819828 0.0338083632812799 0.0284745126074427 0.0382104540497136
0.0331404998274943 0.0508301515300158 0.00451755427362261 0.0496332435389538
0.000943153350067545 0.0608833326399325 -0.037631398058275 0.0486292260594963
-0.0576484921228959 0.0558905525779456 -0.0519939551430355 0.00546045108311647
-0.079349531207928 -0.00203753652440913 -0.0293482572597004 -0.0331737984417419
-0.0434368071587777 -0.0670006285021956 0.00793190865860313 -0.00553561241699789
-0.000307132319616335 -0.0889642599020527 -0.0178520538608331 0.0886597036167641
0.02662256673759 -0.0198836046453259 0.0154839684755741 0.140657383057238
0.0157845589084291 -0.050073157017385 -0.0205510923612624 0.115501361242589
-0.0290888743952757 -0.043601271158461 -0.0162735616226344 0.102691816121697
-0.0546614288238055 -0.00290465564704113 0.0289849578217307 0.0863052363115968
-0.0262440230686553 0.0327681197583804 0.0454665142945067 0.0545391274227931
0.00196519375661904 0.0331941364498027 0.0526910165760091 0.0391197805876665
0.0225459996037595 0.0295950100496755 0.0488492964499063 0.0286471726500832
0.0315070944422282 0.0254346541029346 0.0464794163250192 0.0309558964001849
0.0335574659556837 0.0254205209497223 0.0409222165303572 0.0498130826609504
0.0224386479587346 0.037647061434112 0.0116300650857719 0.0647705468064709
-0.00362499721324082 0.0444876481608677 -0.0378805394864579 0.063562422497671
-0.0481003765728315 0.0325076365190457 -0.0592832691349466 0.0157523896505525
-0.0525986187732516 -0.0158560202738143 -0.0377605662976387 -0.0267785902502894
-0.0109480835444449 -0.0535600158329338 0.00625776325762384 -0.00353029855622353
0.0257086847710106 -0.0447772368148714 -0.0214431816152039 0.10081381423925
-0.0434673477709201 -0.0101895615792794 0.0176836624482362 -0.115230983737618
-0.0148939665876276 0.0273461958110475 -0.0278646120089628 -0.00812078049521076
0.0200437580405479 0.0280280538481764 0.045413839929259 0.0396732119837978
0.028118838376973 -0.0070896658325538 0.0821850277021819 -0.00858701983564772
0.00640575513860984 -0.0188067077869498 0.0564035585611981 -0.0757726333897674
-0.00581183648627929 -0.011046002602634 -0.0113688362460096 -0.0929896247033564
-0.00645577200339432 -0.0148008836007401 -0.0497939063786038 -0.0662431897927007
-0.00315181874857883 -0.0140173038191422 -0.0599067625610471 -0.0418977476021462
0.00202177688513651 -0.0103921191283063 -0.0658409972701325 -0.0370553119200836
0.00849983233419065 -0.00408756592603149 -0.0653662731316801 -0.051538773230827
0.0153327218770512 0.00137634760307927 -0.0490164851624233 -0.071306876004252
0.0120496065440261 0.0244234453672611 -0.0128904744847685 -0.0937800915540089
-0.014533433843602 0.0325839736712427 0.0210196528758634 -0.100363575597393
-0.0435047592117633 -0.00277921989337624 0.0208650065261201 -0.088527949939526
-0.0412697531851478 -0.0356762286411546 -0.0184928922442627 -0.129432965986352
-0.0563980208348158 -0.0598169454716421 0.0376177253602069 -0.0974050596207713
-0.0494196755715159 -0.0070758277318244 -0.0207023132343408 0.0024299874830906
-0.0279047519941659 0.0272514024324971 0.0575400255964593 0.0507721031419967
-0.00274988001738497 0.0245983124859842 0.100432154835239 -0.00588484320474613
0.00562091929985709 0.0137958222708312 0.0658008860151239 -0.0806190080114352
0.00801078016083844 0.0137989300454819 -0.00698855935889854 -0.09864847325499
0.0200048218085124 0.00416366164414525 -0.0496911229850927 -0.0672542726170882
0.0244233401442436 0.00119379306017893 -0.0567269778120588 -0.0404079661106407
0.0259352001729556 0.00931766120456794 -0.0631315754744072 -0.032117610212588
0.0163796805308598 0.0258442965363004 -0.0646838688250798 -0.0447949850070742
0.00501028809035803 0.0318503868014977 -0.0536853797994943 -0.0624689043820279
-0.0252531698736378 0.0441551663964245 -0.0193044698946624 -0.085209609127166
-0.0570741687949856 0.0205921679563646 0.0132084631842323 -0.0923757845278599
-0.0667688730364443 -0.0432517872436496 0.00656054235677492 -0.0721227642526073
-0.050109922399493 -0.0918990440612567 -0.0278622108645923 -0.101008334971848
-0.0577847914542412 -0.103455987408649 0.0531635834071683 -0.0624374920579691
-0.075306902147621 -0.0493448698638695 -0.0162873593215261 0.0217352666405412
-0.0775805845221053 0.0159334505752214 0.063448502623513 0.0713889163399688
-0.0435920855776714 0.0526222762028203 0.116566582274217 0.00836132700749026
-0.00154057459985162 0.0498549636660596 0.0776717675074613 -0.0743231324718934
0.0182004789779171 0.0415271696802902 0.00448912680111091 -0.0938399755234754
0.0421408637854105 0.024908000092113 -0.0403460514189939 -0.0613182425255752
0.048475343226354 0.0166980008588023 -0.0453807985997661 -0.0331465690331885
0.047697501119657 0.0246775304770131 -0.0523703869138112 -0.0209295003197831
0.027331746655418 0.0478353697167095 -0.0588394095685517 -0.02840496803469
0.00325885230121912 0.0581108262936885 -0.0591909412241977 -0.0433372538398454
-0.0490644910106132 0.0683734783399727 -0.0325786502564137 -0.0712628526464895
-0.0903855487215253 0.0224280936134734 0.00112973899771254 -0.0841081861614731
-0.0892455491338549 -0.0661349963221712 -0.00236614882110603 -0.0540270078818795
-0.0573898050573993 -0.130607030728547 -0.0336091481647429 -0.058816279207572
-0.047331664473637 -0.132171684265921 0.0600627538411628 -0.0128885601715811
-0.0855428605418415 -0.0912510091680153 -0.0144387854695206 0.0500056419041713
-0.116678268057703 -0.00643166795412869 0.0601811286893599 0.0949464208989334
-0.0850288412021556 0.0682336681972967 0.121573175818398 0.0318326163556596
-0.0148862878963228 0.0802148076844802 0.0862018743748427 -0.0536907947116443
0.0226352218065937 0.0655440364138416 0.0203140081647222 -0.0766431162035802
0.056923134708084 0.0439040721276859 -0.0242697821969708 -0.0476405926924579
0.0650406542634525 0.0297030231213274 -0.0268542785989647 -0.0217426704372782
0.0643535995933041 0.0339084302717734 -0.033886861065773 -0.0059231791657363
0.0376211997417961 0.0604837954382651 -0.0458877947250385 -0.00751294507874983
0.00645449122218758 0.0743530650155362 -0.0588911603431471 -0.0179166149187138
-0.0588223901874912 0.0867722512572982 -0.0432984536989987 -0.0513462924553624
-0.108774474942094 0.0282260879478157 -0.0107324740716375 -0.073060500433637
-0.100896504804136 -0.0743489131725152 -0.00259670363454335 -0.0378042965655568
-0.0589426853871528 -0.148083907917796 -0.0312758064806977 -0.0126547495695232
-0.0282444251946591 -0.138468165057963 0.0568747452660084 0.0430829814504404
-0.0741144600426558 -0.119386809440163 -0.0152196915645427 0.0805158912420463
-0.131004161082136 -0.0357519514977204 0.0442684490250443 0.115010593746653
-0.114571298349026 0.0622844667839527 0.110100498728144 0.0586026905398917
-0.0314256557112915 0.0943083425029265 0.0857007496208598 -0.0229564593826187
0.0201573624987531 0.0794782057930048 0.0345784444222391 -0.0478687037532386
0.0619842557224236 0.0560885357757665 -0.00389276602705589 -0.0275723182506207
0.0722455532462593 0.0375119191760085 -0.00490354111755651 -0.00709172578280777
0.0711398725869142 0.0387236295283968 -0.0118373876705877 0.00983501245141261
0.0435824696302867 0.0637313162079644 -0.02837958814987 0.0139144211057078
0.0090059441405656 0.0789707060786151 -0.0532581028375502 0.00748478705960924
-0.0613830943392098 0.0900394345923985 -0.0489876016570332 -0.0297372935277523
-0.111313168546444 0.026598259460753 -0.0187791322699965 -0.060292343096139
-0.0959309085226602 -0.0759408928339632 0.00228169867189051 -0.0240114219293485
-0.0492805779238299 -0.145507950516006 -0.0247664512473853 0.0311332016585517
-0.00683825390436898 -0.119347801698021 0.0452683399841341 0.0951796309280315
-0.0454449440800069 -0.122309742070657 -0.0193176217949248 0.105705154780926
-0.114606483623832 -0.0582143161388329 0.0216268304025358 0.123784635148313
-0.119218591791523 0.0404328365739508 0.0855174568841404 0.0794426955668549
-0.0417253432331922 0.0877101579034775 0.0752443043767073 0.00997051607729317
0.0136414104563957 0.0771313540953978 0.0449496338706572 -0.0137174990873072
0.0569334662360119 0.0578198367062083 0.0175320252498401 -0.00541753920293338
0.0686093699123835 0.0396833615642047 0.016765308532037 0.00847502941744663
0.0684280778835142 0.0382357619212852 0.010330161993845 0.0252846759707184
0.0422454149048098 0.0606440505492036 -0.0102467666238313 0.0336842252607058
0.00686877588167818 0.0743913392158583 -0.0449606848753269 0.0307546814372743
-0.0616159814812999 0.0788566834231373 -0.0516318311435194 -0.0103416271902457
-0.101392147231923 0.0149121592573809 -0.0252904301524635 -0.04669309111025
-0.07509560695109 -0.0745509710632299 0.00680096360265363 -0.0142939986546822
-0.0281562158827005 -0.125434057121323 -0.0190311328082618 0.0669493161824832
0.0122118640722885 -0.0774145341019604 0.0297024268782993 0.131546106949758
-0.0129907269577651 -0.0971514582797863 -0.0231723317826841 0.119255912649767
-0.0767567434422483 -0.0612376544752315 -0.00134189103665125 0.119833277504543
-0.0973444103428905 0.0161604020260109 0.0551477739499813 0.0883627292784036
-0.0404269976698852 0.0649209612679075 0.0596698003159285 0.0373540672679999
0.0073853220638686 0.0610079472381902 0.0507864470840977 0.0178236523783727
0.0430731825613408 0.0478514803955642 0.0361365258318741 0.0151163563039254
0.0549946989740092 0.0353712349930735 0.0351554653499671 0.0219268689273938
0.0558106217864143 0.0341590861171272 0.0290714813792534 0.0395538594909478
0.0353194286163957 0.051761186388582 0.00377235259837879 0.0514301945365303
0.0018051994081322 0.0630618717417097 -0.0396493033343707 0.0504023456972081
-0.0587277106689182 0.058994437821727 -0.0553317422986718 0.00520011480747441
-0.0819684602246304 -0.00168527552050687 -0.0320897528860234 -0.0355218087526952
-0.0452481988072337 -0.0693830615388841 0.00853321165585444 -0.0069724897078081
-0.000905159689786185 -0.0914348807691194 -0.0176718364457203 0.0926894755651981
0.0273821693365164 -0.0210638867901286 0.016226239718795 0.146221371254838
0.0158462111620479 -0.0525343935460922 -0.0216753362222219 0.119736150665044
-0.03114947578759 -0.0453339000415897 -0.0172605408098917 0.107174722123244
-0.0569432789309785 -0.0021304458141542 0.0303281718715428 0.0900772135916044
-0.027291490495473 0.0346422257985395 0.0480409741604404 0.0565913600828788
0.00214247963788401 0.0341065054075418 0.0550327569413625 0.0392944848292136
0.0237717572732259 0.0305994090926509 0.0505834503360255 0.0281806111818965
0.0335424072295969 0.0254453833326858 0.0478233521566454 0.0319128615500669
0.0352853246830552 0.0258805770961189 0.0417465819995682 0.050909879604916
0.0238839316113651 0.0382277480255686 0.0113445797263471 0.0665086428204065
-0.00297418143509816 0.045961756419962 -0.0395867594563496 0.0662350559120853
-0.0493511004484591 0.034944222520373 -0.0626996176402781 0.0157772309048361
-0.0544741217894468 -0.0160384461793674 -0.0404682012996994 -0.0288720026829074
-0.011358187851777 -0.0555826427702099 0.00628140915533919 -0.0047835829072559
0.0266092283822045 -0.0462583645152013 -0.0209806904246626 0.105215265872391
-0.0470321679484844 -0.00788533619065401 0.0139623333050547 -0.121712386349501
-0.0147913728675707 0.0294063454730915 -0.0298721548149692 -0.00644240610161173
0.0225765879419743 0.0285023400849453 0.0500820586926988 0.0400750204971894
0.0298927728267127 -0.0091044711956351 0.086010261536717 -0.0120837702786395
0.00592273378728194 -0.0203160208512389 0.0570604728878256 -0.0812990146229206
-0.00585546762440067 -0.010980784956079 -0.014807367723774 -0.0961351816898515
-0.00750603407791206 -0.0145867241070033 -0.0543409776136238 -0.0669779370671077
-0.00465476629580747 -0.01440628690872 -0.0639413848221147 -0.0411555727919958
0.00156679773564129 -0.010385095670379 -0.0694432332669611 -0.0357882859526046
0.00884660999648715 -0.00491290613494739 -0.070783340186927 -0.0500624705123692
0.0162248869397462 -2.86597534421634E-05 -0.0545557269754533 -0.0726628513480856
0.0141335326636045 0.0243325403638008 -0.018280409045367 -0.0984833627568477
-0.0133900209887504 0.033945838595274 0.018320318779829 -0.106053584745552
-0.0464430281025857 -0.00109407484411467 0.021404368143583 -0.0928711542266816
-0.0451383755894335 -0.0356713086266049 -0.0234457082250413 -0.134693945398483
-0.0621942871381855 -0.0592440962293553 0.0359728351228557 -0.103538591109561
-0.0518118818068334 -0.00519479468572117 -0.0222833600667896 0.00360106028329095
-0.0269113362003598 0.0304893600085437 0.0623628165413344 0.0507870565824427
-0.00133314151627989 0.0259384667957534 0.105253706279056 -0.00991957364281164
0.00646170122231314 0.0135274718539342 0.0664554784578163 -0.0864573746695937
0.00903818942476963 0.0139765802321092 -0.0107220292163399 -0.102361633836197
0.0201785929738073 0.00344668563769798 -0.0534392893745357 -0.0681962624704954
0.0246207889777926 -0.000408613587439691 -0.0609426823530584 -0.0399257437524878
0.0268254284047252 0.0085856385609418 -0.0666562177104873 -0.0310323767306402
0.0181581665771336 0.0260331496470558 -0.0698441803581806 -0.0431328678215716
0.00637113841413087 0.0325911056961063 -0.059101354619972 -0.0632193988908588
-0.0238563316925928 0.04671750996857 -0.0247485748778079 -0.0898796078826504
-0.0579221991510725 0.0233010041373852 0.0105671948039298 -0.0974358674514728
-0.0714705469517142 -0.0424356240779619 0.00640920486268245 -0.0757581504825802
-0.0565890931267161 -0.0937843578384152 -0.031982419167433 -0.104548656929427
-0.0644647665723185 -0.104271787678748 0.0537949387361067 -0.0677896087303014
-0.080419326484964 -0.048149618186495 -0.0169558605343078 0.0241749262209394
-0.079377585586098 0.0205917797527485 0.0696522731821801 0.0720940519119388
-0.0422638386219778 0.0573436707333811 0.122823196090825 0.00389265400272943
0.000741431159785643 0.0514661835565033 0.0794543872744319 -0.0809180045904233
0.0208016323302385 0.0422068690851326 0.000932243154722423 -0.0981356252990278
0.0441571406209534 0.0240541982878188 -0.0441388491465556 -0.0623174928112149
0.0502749286504774 0.0145007886533139 -0.0480129143375923 -0.0326334356312554
0.050338348763325 0.023398919639739 -0.0549356395241467 -0.0192001225739955
0.0300931834356021 0.0487769884223109 -0.0630779893790472 -0.0261718158559721
0.0059317388649262 0.0598221770738973 -0.0648669902692472 -0.0428993761140967
-0.0474586566463319 0.0733074631570195 -0.0381657593440787 -0.0748697527684733
-0.0925782840218019 0.0267547206391333 -0.00228719980738422 -0.0890491839163225
-0.0954370546889481 -0.0653688974468189 -0.00234218797965957 -0.0572010391014159
-0.0660264872572996 -0.133409536694374 -0.0361658639824586 -0.059944512010525
-0.0554240656729758 -0.135670730924985 0.0628903023177559 -0.0163361396660222
-0.0927581904882364 -0.0917229451390267 -0.0139145967133786 0.0529526915610416
-0.121628345132257 -0.0014334078838186 0.0662109207731024 0.0970878838702025
-0.0847000079504865 0.0749424401489531 0.129254532080137 0.0283623838498157
-0.0118812995989065 0.0841322599352255 0.0886558451721917 -0.0601857657927903
0.026378776610464 0.0669341213910495 0.0175991603964084 -0.080888489646832
0.0604167520423182 0.042340993239406 -0.0264802702020876 -0.0489705931017129
0.0684883376205123 0.0264859090552358 -0.0289054493760194 -0.0216381763163608
0.068138758555461 0.032135952279415 -0.0353729411710448 -0.00443947887650976
0.042105955029546 0.0613690714218015 -0.0490168389413496 -0.00548860639094046
0.00991836302970399 0.0769272340091809 -0.0635226682788266 -0.0164516974039973
-0.0566059800764825 0.092801028810617 -0.0489626592336825 -0.0532217264216192
-0.111680606339891 0.0341329053388218 -0.0146885569244504 -0.0774193796065269
-0.108436504926147 -0.073037086627636 -0.00221799499155567 -0.039879945449027
-0.0680838830819439 -0.151413577193419 -0.0317060936696625 -0.0116769772540504
-0.0350507195444048 -0.143307851661425 0.0613823237689483 0.0425499555453621
-0.0821538490146207 -0.121510557043487 -0.0141584582551216 0.0845966509196299
-0.138000097796872 -0.0312008753284861 0.0510786218221955 0.118668035666986
-0.116417462084462 0.069911386098219 0.117765324412816 0.0572913475891689
-0.0281282909209693 0.0994296108021811 0.0895428980434047 -0.0281804004153156
0.024225088749407 0.081699925189113 0.033834319945282 -0.0516892428036127
0.0664754870807212 0.0552194012313904 -0.0043433403642189 -0.029042138168079
0.0765032261282559 0.0345627214711884 -0.0059558299235846 -0.00745687652058508
0.075691818828179 0.0359549025197381 -0.0121018068926147 0.0109050262000236
0.0479997894136112 0.0644103744715048 -0.0297413716191521 0.0159643133287865
0.0121923964867671 0.0811383499785543 -0.056086890910717 0.0104772580306598
-0.0588830711840199 0.0966121122938241 -0.0541295818399702 -0.0308864645322561
-0.113926142272494 0.0329244137967853 -0.0233423059179591 -0.0636768380873541
-0.102760562091331 -0.0752087555074242 0.00201923327785661 -0.0263935876741457
-0.0575479299884113 -0.148464982116472 -0.0231389743425102 0.0336602226866898
-0.0122363893938775 -0.124177650170175 0.0512910844164966 0.0967556313859682
-0.0526590747274841 -0.125703709959912 -0.0169693360006105 0.110705498527333
-0.121622623212756 -0.0554027708662741 0.0271906184259288 0.129113666635426
-0.122363450828716 0.0472691614679571 0.0922429220546623 0.0795396017716989
-0.0398773663146729 0.0930463670850203 0.0796358380055993 0.00713658779635184
0.0174337535013992 0.0799838662564393 0.0460421697532784 -0.0166636123327004
0.0613318466810449 0.0568739533260089 0.0182502460627317 -0.00689966617772584
0.0730475177200519 0.0368792020375697 0.0172218507618439 0.00812692179823972
0.073338946652302 0.0365804294255708 0.0110603646018226 0.0255148441442976
0.0466841286065129 0.0610409521236246 -0.0103235708394074 0.0356246405780257
0.0102228133551592 0.076932626146815 -0.0470207099873507 0.0335596509715045
-0.0601265318070768 0.0850069366839225 -0.0560689042240504 -0.0100375232771828
-0.104303227178895 0.0201044288467137 -0.0292490759750069 -0.0492272838700264
-0.0808902579848553 -0.0747956848689693 0.0065594205943994 -0.0162600864890221
-0.034794511235753 -0.129396273689614 -0.0160800981408169 0.0709188529046504
0.00948739526179462 -0.0813333413058754 0.0357542559717496 0.136393599230365
-0.0179165636259098 -0.101037752578276 -0.0204319801130132 0.125036803755435
-0.083114653748975 -0.0602374091790745 0.00310661844165718 0.125683608632965
-0.101436844384706 0.020889240062294 0.0607070938144755 0.0907878187912882
-0.039284844970833 0.069309719458612 0.0640997092492752 0.0369716664423497
0.00990222759192598 0.0630863353856507 0.0533215605063201 0.0156485155641966
0.0468518452989865 0.0474724014029787 0.0385159816823889 0.0136851472190581
0.0587622360555736 0.0333972827241534 0.0367849374622716 0.0220614257374304
0.059537481177385 0.0322038458073263 0.0308458334336672 0.0396921973776403
0.0390930108156053 0.0520022259034234 0.00447429780605969 0.0531368664561807
0.00442333349875977 0.0655809174277256 -0.0403053519487215 0.0542501822523849
-0.0583299267755348 0.0642569666176848 -0.0588416844868935 0.0069682234906399
-0.0850363350288831 0.00152842606113947 -0.0356009468107721 -0.0372075891298527
-0.0491963489519244 -0.0706056647135109 0.00828552303530973 -0.00887225324060678
-0.00442747351245991 -0.0948695774694663 -0.0139699982477455 0.0970342436140483
0.0277539343038652 -0.0231349561766673 0.0221290174340121 0.15211081204765
0.013997023324704 -0.0559444378478167 -0.0190475687364368 0.125037059253124
-0.0347937730553408 -0.0460229145352425 -0.0148511085721963 0.114057554751017
-0.0601622969371206 -0.000312922043544271 0.0346674756868503 0.0933107598199319
-0.0270247910653289 0.0374864937318689 0.052825181802636 0.0573485572062011
0.00335089544259585 0.0353074731305892 0.0586227702285374 0.0385491644009874
0.0257470703520849 0.0303825101251355 0.0540598396910153 0.0272293621562664
0.036406047232723 0.0241386671704473 0.0507228136210775 0.0315432006394284
0.0380534744344849 0.0245664100906141 0.0452094205397341 0.0512013876336017
0.0268003514333697 0.038652457121601 0.0137104916283939 0.0687713320112522
-0.00102510037571085 0.0482201176775474 -0.039645026509273 0.0702102755750349
-0.0496254179718013 0.0386230691917822 -0.0659385796305123 0.0179920285449825
-0.057396236342766 -0.0144689240732945 -0.0442213790843659 -0.029547277415002
-0.0138427565046233 -0.0575810100964496 0.00617776112247992 -0.00645170407315807
0.0261060258864917 -0.0492863168751885 -0.0172366865805342 0.111010123129045
-0.0488915833869874 -0.0041317739588536 0.0061426027701956 -0.124952562081059
-0.0135111578566089 0.0312038099639842 -0.0310510849671804 -0.00425111362096178
0.0257096558034252 0.0275181202918256 0.0532942201087024 0.0379439501345377
0.0296082128425782 -0.011717006551561 0.0882277625173079 -0.0173058192217328
0.00464177373396725 -0.0213932934461324 0.0533286986088711 -0.0862559436719189
-0.00708373168287105 -0.0108119842283594 -0.0202726449789864 -0.0958677209075033
-0.00877045711040074 -0.0136433016217807 -0.0590906499188081 -0.0642742937001426
-0.0057743705670927 -0.0140342067668698 -0.0677034554769964 -0.0372902042227045
0.000368627525595287 -0.0106091480369769 -0.0724451106270536 -0.030868846896996
0.00852010159868878 -0.00550468503379674 -0.0752614879796251 -0.0456866417914529
0.0162233321917203 -0.00108063659167868 -0.0610882427601701 -0.0705070913180779
0.0166270361507649 0.0229928381253971 -0.0251942035104541 -0.0997038913548144
-0.0109293961980051 0.0349166796940624 0.0126865214558258 -0.109126753416198
-0.0483306175287485 0.00237664090580126 0.0187654812855229 -0.0959297976262135
-0.0487119219266428 -0.0328666072589531 -0.0318108987693036 -0.135523318771032
-0.0677896101435526 -0.055396023918843 0.0295008915954784 -0.108601356000881
-0.0531450561242649 -0.00117827414534544 -0.0227298058990251 0.00579586572509924
-0.0240965836211149 0.0331566708870473 0.0672255311632251 0.0484066285936485
0.000912116454627567 0.025656782520745 0.107789173510828 -0.0170072938221822
0.00756411273725657 0.0130992787948352 0.0628195300346073 -0.0932742386677498
0.0103043076550722 0.0135675310848622 -0.0169904112065839 -0.102689843435145
0.0203611145582564 0.00238302911211029 -0.0583952875984818 -0.065367818704253
0.024307070801408 -0.00192813577990266 -0.0642717351323294 -0.0360460852405781
0.0276760574412591 0.00667039708679537 -0.0696450386979152 -0.0262217467853289
0.0201932361817489 0.025181183465086 -0.0740260895686548 -0.0386326106647041
0.00856592116597911 0.0323829392640814 -0.065077109749826 -0.0601954770478543
-0.0202002220237067 0.0488876188988 -0.0320398848626315 -0.0907668939824247
-0.0571353516773838 0.0276649031691492 0.00487329072886982 -0.100831952983989
-0.0761190542086781 -0.0379567590329624 0.00404467305252467 -0.0778324790489992
-0.0638871104775888 -0.0909145547733411 -0.0381178109463661 -0.104282307718086
-0.0732788490279768 -0.101260650908674 0.0505538163874448 -0.0733890921699202
-0.0848272213582355 -0.0436263097544416 -0.0162254231504757 0.0258457807343914
-0.0778520780916524 0.0265063035806367 0.0755949986985849 0.0691240704497978
-0.0383598446163097 0.0609909250637404 0.126059104858801 -0.00345859614047362
0.0043422944539907 0.0519766411591432 0.0763665007832525 -0.0880336619258943
0.0239418808742119 0.0414087602225624 -0.00560726048218841 -0.0992319782421829
0.045756418135058 0.0213022113489355 -0.0478824944053649 -0.0606530165341626
0.0510994181064362 0.0107716314646659 -0.0508111061772796 -0.0301793714331639
0.0521779292946389 0.019714535559643 -0.0567617151253489 -0.0155247931322182
0.0342046746901734 0.0474190081077811 -0.0665170836394886 -0.0220509819166546
0.00962709329169122 0.0599262964313224 -0.0692467845865313 -0.0394975134181625
-0.0420506947774334 0.0774487539341541 -0.0451472146123284 -0.0748274059274643
-0.0916840300203859 0.0330519032300031 -0.00813320604404693 -0.0914571020791729
-0.101420396042463 -0.0599903194817467 -0.00363464999019815 -0.0581458993071601
-0.0762673822085982 -0.130257380906811 -0.0388643041600498 -0.0590086343564857
-0.065020470231156 -0.133576980368584 0.0629545701395848 -0.0214211912607051
-0.100247122270631 -0.0872704757964865 -0.0112826987790086 0.0548030005741825
-0.122875192814377 0.00749106780630399 0.073669991670585 0.095019311650505
-0.0804888228845939 0.0819604047820534 0.133368894464279 0.0212394782361695
-0.00592868622141912 0.0857872774986407 0.0873040986553939 -0.0677314837471166
0.0313390328881917 0.0664205719342441 0.0123645775604095 -0.0832377169718314
0.0632821206097486 0.0392152035910213 -0.0289411989603903 -0.0478866803129339
0.0704936596797302 0.0214944925134197 -0.0305473266932728 -0.0202917676473189
0.0699929698791787 0.0274386014278329 -0.0362265471751924 -0.0018256787224577
0.0463836509492982 0.0589907633508903 -0.0511383318693293 -0.00162983323752939
0.0151223689325116 0.0770022971871169 -0.0665736169333635 -0.0123619009772614
-0.0497650262318957 0.0981925739179076 -0.0554887507588049 -0.0528346879397434
-0.110262314362651 0.0422790467578134 -0.0202014327754699 -0.0790360769518896
-0.114216571019121 -0.0672338422584042 -0.00362340585642428 -0.0417178930241323
-0.0794488834953276 -0.148145344941846 -0.0318052727795892 -0.0100865288849569
-0.0452110992141623 -0.142856672874975 0.0651084110327314 0.0384750628105646
-0.0912670005409785 -0.118384412812815 -0.0101123248500102 0.0861698421105021
-0.141626278185465 -0.0223755871289685 0.0590863480088336 0.118168078716231
-0.113083445158184 0.0789804603985622 0.123954055804878 0.050794090554839
-0.0217042354086497 0.102663066427493 0.0902002405981743 -0.0349715060025018
0.0299709627787045 0.0809851852527133 0.0307781724324363 -0.0549581262567498
0.0703808341761895 0.0514308298677295 -0.00577918241462825 -0.0294622853957397
0.0789461860009829 0.0287978948719007 -0.00648738877372263 -0.00676417021942843
0.0785382724399686 0.0309941996999909 -0.011726763426094 0.0120314045371485
0.0529454563542472 0.0617664853096949 -0.0302916527434218 0.0185347975653107
0.0178088857126356 0.081860048086141 -0.0573090767247493 0.014158133813424
-0.0526471889772159 0.101430660162748 -0.0590829606434602 -0.0291378972780536
-0.113291107617411 0.0409326032529723 -0.0288309548071974 -0.0645237709510438
-0.108768096851719 -0.0694165833214144 0.00183069495965008 -0.0282979984367041
-0.0684860407731002 -0.146111919261119 -0.0204227149244498 0.0354997994620855
-0.0205240493111899 -0.125357334270437 0.058283338525045 0.0952101206982406
-0.0612324443260272 -0.124238055691448 -0.0114244219389977 0.112895291471131
-0.127364975396123 -0.0476384221288227 0.0356055980043038 0.129890027521995
-0.121145843795674 0.0562762214960081 0.0988951484948387 0.0758392717815183
-0.0341556968580813 0.0974209409398328 0.0821980245192436 0.00178561778472565
0.0227689233466762 0.0802173707717721 0.0453536643313587 -0.0201963069293907
0.0650812396086891 0.0534892028426929 0.0186188797399926 -0.00850769419243707
0.0760253224078963 0.0313652172653027 0.017589622749213 0.00680868411999514
0.0756679875642092 0.0310116017563317 0.0126798415217065 0.0259327696892933
0.051561385661287 0.0583688380647902 -0.00932909027864978 0.0372510648595746
0.0156489756087857 0.0773885885625359 -0.0464879787671018 0.0372461271136517
-0.0544020030847695 0.0905357360332627 -0.0593676276792411 -0.00763972724853013
-0.104055992206117 0.0274066009157541 -0.0341271336705362 -0.0493382442990522
-0.0862969048562754 -0.0707610582681586 0.00630288246644965 -0.0182063978419126
-0.0436689544899494 -0.128041234345063 -0.0105472026524314 0.0726728055350938
0.00404952467531095 -0.0833161255572857 0.044887794455529 0.135885507062359
-0.0248645513689167 -0.101455776109229 -0.0137477968469224 0.127682498711187
-0.088387081150094 -0.0559243081483088 0.0107932080681007 0.128542620000415
-0.102047785869922 0.0278504537933351 0.0669758820266812 0.0889749603885539
-0.0356575290503234 0.0737835552470278 0.0680265642733117 0.0339502793772429
0.0137290935050273 0.0638468194458547 0.0548723591668611 0.012470602784985
0.0507187050231406 0.0453646341855882 0.0400890667203199 0.0111185170304721
0.06191388201457 0.0288357061460327 0.0386028711534977 0.0196422782899463
0.0623016608728721 0.0281203348783473 0.0334434798601443 0.0383095782433152
0.0430156669377327 0.0505097574366985 0.00727982594282422 0.0539629781912943
0.00933123712724756 0.0662400959659442 -0.0383494738076353 0.057767706643363
-0.0540235378434362 0.0692868288727448 -0.0609963470813378 0.00986170504499799
-0.0864205060202583 0.00731997966131031 -0.039979442691257 -0.0363682177825557
-0.0542744257397758 -0.0689832455728392 0.00783361980488177 -0.0108233093197049
-0.0107661651388915 -0.0959743758765425 -0.00698338256622418 0.0999473496764578
0.0265999340337962 -0.025464155366343 0.0313228476895266 0.153300156139331
0.0107526695263902 -0.057636075595094 -0.0128615412871619 0.127096438895236
-0.0386812288092901 -0.0448653100352966 -0.00881470468940645 0.117607649575103
-0.0619739708470327 0.00396797857719079 0.0409576138866086 0.0934460361156043
-0.0250495684366342 0.0397336620549691 0.057735313377224 0.0555922459772093
0.00561220810135241 0.0364337811741197 0.0623304828482185 0.0348002305956713
0.0284243362006109 0.0290042929854539 0.055843784504181 0.0239096865419141
0.0384970474792075 0.0214956855654179 0.0530868259981563 0.0290456258547827
0.0404063473772838 0.0219910719296734 0.048393917445626 0.0488564809332272
0.0299063098409127 0.0369028460028106 0.017123715098403 0.0688412640594642
0.00244182869383749 0.0491118324205946 -0.0363702456648958 0.0745074581576853
-0.0474585326775679 0.0431271418904694 -0.0669797299290362 0.0221309049175251
-0.0587563061596581 -0.01115909438548 -0.04816251037958 -0.0282791585850627
-0.017281503542774 -0.0580183037954194 0.00563182286115906 -0.00777121938387649
0.0232485699612719 -0.0514367354010975 -0.00930683087580141 0.114243497710779
-0.0486870731562033 -0.000175000224370462 -0.000921007208987843 -0.123152323831968
-0.0117396852871366 0.0318108761692627 -0.031290006526933 -0.00146053100149707
0.0277659207681995 0.0253480036395621 0.0542945457984622 0.0343700806718726
0.0285515318172522 -0.0137977726940912 0.0863705860687387 -0.0213217385832043
0.00285301820575395 -0.0213362904597023 0.048427126166151 -0.0876229738867739
-0.00710702295720424 -0.0100044615867792 -0.0246033187256408 -0.0928522710880604
-0.00972731367281698 -0.012257062759441 -0.0611960496110645 -0.0591572421707504
-0.00711114831769447 -0.0128427917255626 -0.0676318686727241 -0.0327033036512153
-0.000608712726385271 -0.0104582559182703 -0.0721613552584647 -0.0257494277370887
0.00755605067616662 -0.00566598004675645 -0.0761766887215006 -0.0396278173666316
0.0154531167701646 -0.00237399253318009 -0.0643941316175779 -0.0652353312872717
0.0178235132914028 0.020920284102438 -0.0315757275657332 -0.0965473388233577
-0.00879580879051382 0.0346497769214145 0.00683181699947613 -0.108480483359949
-0.0474137576710477 0.00545321129940589 0.015754362353268 -0.0954697388278725
-0.0497289393880214 -0.0290100139230255 -0.0378284171631804 -0.130601410157022
-0.0697515612321328 -0.0487297414643707 0.0228290459516974 -0.109042245888263
-0.0517228729836096 0.0021785859386583 -0.0228234778057685 0.00757114129764116
-0.0204766204168606 0.0338569311653169 0.0686618807455084 0.0441448116068545
0.0030010050390304 0.0248330962677554 0.105006725938732 -0.0222781172667305
0.00800212508039275 0.0116982070753173 0.0570705583990341 -0.0948755267394349
0.0109385046147912 0.0126038858000241 -0.0222397225365258 -0.0990536345492479
0.0192729772301406 0.00129215590526011 -0.0601819507857643 -0.0607208419086797
0.0227175665046119 -0.00361810788156792 -0.0641463170479848 -0.0317527089148738
0.0267918516960386 0.00468131234695179 -0.0690721630932033 -0.021309376599646
0.020910867394853 0.0230699132778046 -0.0751991765698877 -0.0325065485963528
0.00974896978378808 0.0306957035795129 -0.0682203387561093 -0.055753453308008
-0.0166770061908942 0.0480390567850326 -0.0375904615374587 -0.0878483155488246
-0.0535820509283112 0.0294599230826649 -0.000431886262809673 -0.0998527200668448
-0.076683949122664 -0.0326503570582512 0.00249402894296361 -0.0772249557077105
-0.0681059301904675 -0.0842730926859457 -0.0417608284163488 -0.0999336606193022
-0.077389218767847 -0.0938652325767312 0.0458506351434247 -0.0759908598739241
-0.0854718969323642 -0.0375031667612141 -0.0150638129291995 0.0264851839539316
-0.0737199389285531 0.0310140044968171 0.0782323776527813 0.063633089250824
-0.033424206097208 0.0615590598677984 0.123596701275357 -0.0108158776327444
0.00725056521788418 0.0501049564351318 0.0703107506269289 -0.0908889996060271
0.0258585704002179 0.0388520820169008 -0.0110028861710612 -0.0967187428630872
0.0452418671840305 0.0184276814542508 -0.0496256994686082 -0.0563797474450179
0.0493383154417813 0.00704073603789934 -0.0514176170157382 -0.0267570945325325
0.0517211274537778 0.0158980850858061 -0.0559672259482997 -0.0118200164570357
0.0359743878967961 0.0444663767633063 -0.0665591155317078 -0.0170294214258066
0.0123593370385132 0.0577471947159559 -0.071328193198433 -0.0340821010289927
-0.0361987187409273 0.0774210788247049 -0.0504614404972855 -0.071297836855749
-0.0873779825754942 0.0377764262206767 -0.0127446982676568 -0.0903973168318631
-0.102362023469046 -0.0528693143164067 -0.00482760526875331 -0.0576179416973365
-0.082146235061696 -0.121569992490873 -0.0401351261649703 -0.0555426720904801
-0.0712672393189093 -0.126227771483978 0.0605944523386934 -0.0260583333288119
-0.102863799357814 -0.0796579009894488 -0.00954763422882062 0.0544557464360062
-0.118759525907771 0.0151274335410166 0.077434959886059 0.0891887919147832
-0.0731464923493213 0.0847568470216674 0.132577161934808 0.0134583846417664
-0.000898876694047502 0.0837343161311757 0.0822934655589689 -0.0719657109090297
0.034353283339598 0.0627340469069471 0.00752057073918661 -0.0824491756213467
0.0636524474889507 0.034450236284073 -0.0308475022849141 -0.0457220640045178
0.0688694974384546 0.0159607574605671 -0.0312730378653184 -0.0179571595985426
0.0694654552332201 0.0216967809323898 -0.035725357268215 0.00029557780364099
0.0488831310494107 0.0553270562460828 -0.0501888724365435 0.00194539862423
0.0189092843036082 0.0738853024903306 -0.0674240454413805 -0.00856633147718257
-0.0423467444961536 0.0981235543040884 -0.0589100244081363 -0.0494150045679337
-0.105050561136125 0.0475056677900686 -0.0248144496363708 -0.0777657857351569
-0.115693533354835 -0.0588482312852068 -0.00424302897384279 -0.0418917182886023
-0.0864203501405125 -0.139069543552443 -0.0300477898292488 -0.00828892689844631
-0.0521583112041654 -0.136651656147636 0.0662212670748233 0.0331792637378521
-0.0957470033562598 -0.110392479506968 -0.00572382442084214 0.0847365833700378
-0.138867200193426 -0.0128318031397655 0.064140934771696 0.11316090811149
-0.105188044381101 0.0841808505517324 0.12480913201814 0.0434556188038975
-0.0152081429713754 0.101657853963107 0.0867347655916329 -0.0394741435408759
0.0338904108677227 0.0775135440364566 0.0266986095747264 -0.0555315257003512
0.0711308386170049 0.0455830486806971 -0.0068036656385214 -0.0291311185094179
0.0779686495355925 0.0224011195785541 -0.00722271880913065 -0.00622488587109775
0.0779211189346278 0.0245138673531174 -0.0111383699095286 0.0125070631187193
0.0551513768142281 0.0573385529100747 -0.0292891960414369 0.0203890983289042
0.0221169750609358 0.0783092682567737 -0.0567701069697776 0.017399264351378
-0.0446575955256932 0.101926944062283 -0.0621363819129023 -0.0257087107319717
-0.107321876626604 0.0466703065206471 -0.0327464372669411 -0.0628850987618139
-0.110219987274419 -0.0616015779577563 0.000836017546243218 -0.0288480992156567
-0.0753399532826149 -0.137994627016717 -0.0161523484434891 0.0356158419672873
-0.0269070919880763 -0.121216085662189 0.0619258187086124 0.0889405643830261
-0.0670546106148049 -0.118207668293267 -0.00620128485037545 0.110536603335765
-0.126756379972222 -0.0388665377725727 0.0414639315071028 0.126226272427033
-0.115425206658029 0.062608232429887 0.101164236446443 0.0691162129632608
-0.0276530745232701 0.0974258010054352 0.080761019778039 -0.0027339947460413
0.0268810860365125 0.0774603773068039 0.0432185099748323 -0.0223910699241653
0.0664885806688856 0.0478550451361042 0.0179825145459891 -0.00967332450039938
0.075582929883807 0.0253511888178069 0.017313352376727 0.00586016814162883
0.0754211513473548 0.0249696878244189 0.0129521764323688 0.0247109964521792
0.053429254049854 0.0538450074875446 -0.00829682113951441 0.03691395087842
0.0192982524162637 0.0744208759823363 -0.0446009261009023 0.0392580024981992
-0.0472628094766435 0.0912372712489433 -0.0607102869614245 -0.00431323982315253
-0.0995714796503443 0.0328174487242146 -0.0374020483052152 -0.047508692374241
-0.0879657503103572 -0.0645814956276003 0.00559487120044341 -0.0194696705701511
-0.0501101325745158 -0.121733411155396 -0.00508888944568187 0.0714250515092812
-0.00101750907143826 -0.0813866633788836 0.051014697071604 0.129954026360865
-0.0302231882315961 -0.0982536874086753 -0.00802715772664379 0.124506652214544
-0.0893860329679913 -0.0493030357121892 0.016389597603388 0.126324315795315
-0.0984219677439691 0.0335423833234185 0.0708402147370947 0.0840663795154844
-0.0304414441328858 0.0740134276074939 0.0687940546059273 0.0290707555139141
0.0170707806866471 0.0618410682266985 0.0543932687419659 0.00932234124106547
0.0514741698053648 0.0409265265698808 0.0397493545030126 0.00814020582599973
0.0618273201799868 0.0235583782416681 0.038575993594507 0.0172504332374378
0.0623063101729578 0.0230424890909494 0.0338282496155786 0.0352777161345028
0.0454320769657763 0.0459792384140793 0.00858138235410519 0.0523020429917232
0.0127406245738518 0.0639203410284789 -0.0353724655371051 0.0589195753506786
-0.0483102737004249 0.0710918034193172 -0.0609209935027431 0.0122439817823231
-0.0835359304026795 0.0120751747715657 -0.0420954239080961 -0.0342571476452558
-0.0564680929012449 -0.0645063036189323 0.00720333223656235 -0.0121331788822206
-0.0158649623665134 -0.0924457831611285 8.32971984694703E-05 0.0979115395004566
0.0245033351750008 -0.0263576642618584 0.038409211893643 0.148039212484651
0.00713240400459886 -0.0570439011015483 -0.00717563596980332 0.124139688221078
-0.0404201654976785 -0.0407379265414074 -0.00282908336351016 0.116592397031339
-0.0610517487146305 0.00817946667625072 0.0453409120195134 0.0901792540957353
-0.0222538041886897 0.0410838264011839 0.0598308166971115 0.0506097701777243
0.00721294221723143 0.0352171657746458 0.0628743745965029 0.0303309751101673
0.0294414307913894 0.0263076226498096 0.056112584979031 0.0200878983989606
0.0392591513010139 0.0178670909085418 0.0528447670606131 0.0254330440641652
0.0407436673365101 0.0182542091565759 0.0491255972963594 0.0452098489941461
0.03181966572707 0.0336770183347238 0.0193563758660239 0.0664268644980117
0.00494907332932814 0.0479767113310442 -0.0322357473755465 0.0751778186117529
-0.0433071909750168 0.0450721930360904 -0.0661759692111462 0.0251185946414088
-0.0580880003320773 -0.00729076097246152 -0.0493462007059185 -0.025924187478895
-0.0199689147588047 -0.0563468780551229 0.00466607621483795 -0.0092213147772601
0.019630519678153 -0.0518084602458995 -0.00203026459465267 0.11225972568695
-0.0472638721562592 0.0051128084005289 -0.0245054035541133 -0.116860757235719
-0.00690934417093231 0.0326785984672359 -0.0311574780769105 0.00620032232442983
0.0307999609909993 0.0186420112635889 0.0593427555238986 0.0271855291655029
0.0246315783030073 -0.0193835436623022 0.0835344939543694 -0.0340477739166362
-0.00199337565933214 -0.0219296051362881 0.0340352851360006 -0.0939364477371978
-0.00910926708077829 -0.00801039703466034 -0.0376464629301676 -0.0862684427547109
-0.0113771274870468 -0.00938494983595673 -0.0678406145714146 -0.0489769120913868
-0.00949998047404233 -0.0104872730083419 -0.0690197230142506 -0.021309445293463
-0.0023021846877974 -0.00892310500776736 -0.0734484547034216 -0.013507033347166
0.00544337624642068 -0.00669669126228711 -0.0798457357030802 -0.0251540098731962
0.0128985402543272 -0.00448014259302184 -0.0728054049180249 -0.0516589973923744
0.0194745263568964 0.0159265728414981 -0.0458942892321003 -0.087330123468997
-0.00396419801760584 0.0322983840826325 -0.0108931580810654 -0.105090648079816
-0.0437811634755916 0.0107120233349579 0.00216317461618618 -0.0950405638581064
-0.0526640770849235 -0.0229693314587342 -0.0536092990920782 -0.119199768952093
-0.0723055868311813 -0.0381655365210996 0.000474986774829105 -0.110618705868845
-0.0483934582805599 0.00981076534964021 -0.0230318942148591 0.0114679902072722
-0.0126243847435893 0.0333993532364243 0.0711417564000215 0.0335203622093293
0.00679232949783877 0.0198871036250988 0.0982924828663959 -0.0363897869845763
0.00687630047024736 0.00800009343289492 0.0410553742699671 -0.0999147853314558
0.0105206857285308 0.0109531076335519 -0.0361646844209993 -0.0914445199641251
0.0173678201194819 -0.000381175937227511 -0.0659870328410688 -0.0497452663559824
0.0197959772421972 -0.0056467889562636 -0.0657819792300134 -0.0207757818567028
0.0252668273957672 0.00157406131443532 -0.0699972521032135 -0.00903815932391055
0.0221145622242333 0.0192901158632805 -0.0783483447562565 -0.0183451603272744
0.011670041475694 0.0273453354751802 -0.0751726505798862 -0.0417607164358684
-0.00966220036017055 0.046400890723559 -0.0509114290988165 -0.0789344047568773
-0.0463187645371027 0.0331166397364481 -0.017422150077145 -0.0967815753514719
-0.076671941633433 -0.0213000641730017 -0.00652925237259271 -0.0755662917196677
-0.0763136700204879 -0.0726380870526562 -0.0520407444535783 -0.0895606808967593
-0.0844083421221906 -0.0798487073234125 0.0266248785565132 -0.0852713406615425
-0.0842997916827414 -0.0226392516729235 -0.0139784523140777 0.0263883277843082
-0.0617053539151305 0.0383168387512654 0.0794482506633342 0.0500002303414252
-0.02037096490451 0.0591390635913103 0.114408201599262 -0.0268522778952074
0.011866900305668 0.0438316773684723 0.0537282500266514 -0.0955682866050673
0.0281403397707705 0.0333412635918591 -0.0238584870371566 -0.0897160961492641
0.0442400117285574 0.0112500416338902 -0.0550318587151697 -0.0459116009197735
0.0460943179550824 0.00050667442893309 -0.0529556309318267 -0.0174014025589659
0.0498892332263818 0.00844126035103429 -0.0567768661161666 -0.00174338522953204
0.0392720246792205 0.037530826235364 -0.0682655791040973 -0.00415020731879232
0.0172628503122762 0.0532396600338867 -0.0748496446885053 -0.0211129572880627
-0.0238296833723193 0.0769031843816079 -0.060908673727199 -0.0622671522351596
-0.0771282207352592 0.044528099400356 -0.0286445884551826 -0.0859694983900556
-0.103529929145116 -0.0365484771388166 -0.00985295898401549 -0.0564912438472245
-0.0946354519840984 -0.106098694139275 -0.0430610160402618 -0.0477769685344885
-0.0812596250613315 -0.109956161334063 0.0502654292557549 -0.0420606463013332
-0.105829045860476 -0.0596095182065909 -0.00446058033718102 0.050035609660021
-0.105165378189292 0.029356042092507 0.0802257171151615 0.0725838796622789
-0.0535232858882199 0.0864937379703378 0.122751394253895 -0.0053073233687909
0.00961764748927883 0.0760353859244176 0.0673191953138895 -0.0770712853469198
0.0396602647954912 0.0547164491979307 -0.00435789404081146 -0.0776921344621094
0.0634755892497313 0.023764089017298 -0.034261080459839 -0.0370528036514944
0.0657699386873238 0.0062909718116499 -0.0322266860514629 -0.0115294747330288
0.0680464224806922 0.0115054321950847 -0.0355723330276734 0.00636360741317642
0.0531336512842942 0.0457879090947278 -0.0504588729736634 0.0116870371210539
0.0254097120293707 0.0681401312754664 -0.0669119377204376 0.00347768866772764
-0.0271333476999133 0.0978525266347506 -0.0661284462799901 -0.0399574415713327
-0.0924365587121918 0.0557843947784165 -0.0389772309757543 -0.072380218593692
-0.116590503793493 -0.0403706850527864 -0.00718366844522849 -0.0414262273379801
-0.10015123115785 -0.121273937525973 -0.0267256938714192 -0.00455038903278494
-0.064042114046472 -0.12178941628518 0.0663040603890292 0.0125595259869412
-0.103201318299709 -0.0897299649017709 0.00355849411026913 0.0771347107071286
-0.127380748622982 0.00669866544887782 0.0700678413607009 0.0954459075796772
-0.082672545164444 0.0907584854633977 0.117683092191645 0.0242377797889062
-0.000880382070768808 0.0949251224104088 0.0759528252495411 -0.0457179596192867
0.0413655880989997 0.0688816593491089 0.0188179097026364 -0.0542140013719055
0.0721097165190075 0.0330123168837211 -0.0084443581876892 -0.0238761383269703
0.0755098800859533 0.0111495147629199 -0.0072772791080371 -0.00415475224904898
0.0764633043169379 0.0128393854866701 -0.0101095772985093 0.0145198056586025
0.0599461167390465 0.0472534558893748 -0.0274381492178147 0.0261049187682693
0.0293707540992201 0.0721035042114281 -0.0527219416975118 0.0260883825067991
-0.0292140683158733 0.102517386438329 -0.0650087467106528 -0.0165959689280403
-0.0948168895669314 0.0554652671904307 -0.0442903160542874 -0.0564961050112088
-0.111764926484418 -0.0436471839701125 -0.00032085601935607 -0.0299752563246752
-0.0887303791483152 -0.121237768751294 -0.00725374005590148 0.0351965170725489
-0.0378921454827383 -0.109772073866085 0.0724903353278928 0.0670720724314999
-0.0769965063906372 -0.100754409382188 0.00870116800732067 0.101171452371167
-0.1199179975848 -0.0185896446334733 0.0511949543099731 0.110523407040274
-0.0954944677394835 0.0732293625530111 0.0993659931545187 0.0512213747438753
-0.0125485777123971 0.0927929788381404 0.0751481175901287 -0.0095752981046418
0.0346877580512004 0.0696069451789792 0.039211722291278 -0.024672165427867
0.0685299944646039 0.0356512085149457 0.0177720730189552 -0.00843404552270228
0.0736709743481569 0.0138225430449586 0.0172376302674119 0.00419586155992718
0.0743529663358087 0.0128766733912401 0.01440562571981 0.0224537400064422
0.0584081619838473 0.0439870360474779 -0.00454943430872641 0.0386378471311542
0.0267807371958837 0.0686025751080716 -0.0376369474193572 0.0452067494919925
-0.0332432890356354 0.0932523835058042 -0.0603697255131617 0.00373238965357908
-0.0895706477266803 0.0418417303401536 -0.0466910929603361 -0.0411359873039015
-0.0914471134646418 -0.0494515171816393 0.00433192473482055 -0.0210537820503107
-0.0622844217894677 -0.108549477289964 0.00778226755811242 0.0679906118646289
-0.00805342078644939 -0.0743920813424888 0.0697273091764633 0.110187280606262
-0.0396774912214819 -0.0868681086356498 0.0102883994660088 0.116448167044326
-0.0870560004382408 -0.0328119811849438 0.0300944373111859 0.114248408915467
-0.084587284215468 0.0450225932204882 0.0741384619144226 0.0688707020059356
-0.0173021789792061 0.0721152711938821 0.069069186588646 0.0214086266622819
0.0240812884472245 0.055794625266916 0.054583429623228 0.0033359680909407
0.0540288278000638 0.0308574705391683 0.0410426040873037 0.0053002182475193
0.061201884408243 0.0140451146878915 0.0389961472763924 0.0118991444690504
0.0622527499142788 0.0129131881304858 0.036568090586544 0.0298244853653579
0.0495544552310149 0.0376770964928581 0.0147575659225317 0.0507115298494533
0.0195361716848966 0.0598270704307082 -0.0254720019002932 0.0621042476379524
-0.0370270209581386 0.074013413831291 -0.0576592973390653 0.0201931606097508
-0.07689243442913 0.0209965627086452 -0.0483575991095717 -0.027298986836178
-0.0614509055170939 -0.0539934567125539 0.00602181596266958 -0.0140409969935756
-0.0259457795004482 -0.0848633316317258 0.0157618282844366 0.0927534959991543
0.0222357564063119 -0.0256081054799686 0.0621576544697575 0.132721256894205
0.000541979483799229 -0.0535728581481957 0.012642560339209 0.117684262472172
-0.041220299838494 -0.0318927490190862 0.0128747670857901 0.109677092792619
-0.0536709889568704 0.0168557954319533 0.0536476222332914 0.0791061142679717
-0.0140971696390391 0.0407869853985635 0.0644974114501268 0.0419941968154344
0.011795642255205 0.0319710799290534 0.0658609721436366 0.0213559112495249
0.0314478107115792 0.0199967188210324 0.0580549646742197 0.0133631163450426
0.0397464997310258 0.0111979214438064 0.0543351782710398 0.0175266008434396
0.0417035820637727 0.0111705597127438 0.0530281074534892 0.0364533624779653
0.0350794576194796 0.0278411579415108 0.02734226476748 0.0617972791946116
0.0103705273087696 0.045711507287826 -0.0194465223810229 0.0768541604662366
-0.0357706863997528 0.0490597543022064 -0.0599487229994096 0.0332520834724792
-0.0553962403476305 -0.000415606519492883 -0.0533151933357664 -0.0185379664229746
-0.0262815899492072 -0.0508846603255171 0.00372861232678056 -0.00987475463065061
0.0134354949243557 -0.0500740958040094 0.0155156502509121 0.106671251895434
-0.0464623509343931 0.00574232330899087 -0.0224328298533665 -0.115007746204235
-0.00711994859343391 0.0324972107250038 -0.0315731034648607 0.00623851049742569
0.0302052805582562 0.0183914378488341 0.0578126759562124 0.0280701917885418
0.0241796003929325 -0.0188468697717917 0.0830268126934018 -0.0322119972337915
-0.00229412397104834 -0.0214565896813629 0.0352695426909671 -0.0914634050560056
-0.00860691400938258 -0.00786771359300026 -0.0346344983753685 -0.084361207182464
-0.011421696006684 -0.00874036083367648 -0.0647504712763934 -0.0487611031620542
-0.00941297356765279 -0.0100071702312128 -0.0665713919829084 -0.0217013481362767
-0.0026515880608244 -0.00843014844865056 -0.0709455573110443 -0.014232943802298
0.00522369183781428 -0.00598037311115855 -0.0769807664035213 -0.0252685899620995
0.0123367099724668 -0.00470079048219305 -0.0705774693461099 -0.0513975280560164
0.019008183955034 0.0154244466342016 -0.0434552537383431 -0.0858555299451022
-0.00431943585021317 0.0310600253617293 -0.00811616851800464 -0.103343561194296
-0.0431501486176997 0.0101102786704614 0.00639393219721105 -0.0936215780942629
-0.0510559646768684 -0.0224393976959838 -0.0489946689559383 -0.117307792206283
-0.0698409558872157 -0.0373679252257445 0.00184106642287895 -0.108123654128878
-0.0468313343016773 0.00925458569598721 -0.0232209225676025 0.0113171329941409
-0.011774278301817 0.0319587360010696 0.0687399274987749 0.0346856313576481
0.00649209421552585 0.0191102315574884 0.097639305653692 -0.0339548027878201
0.00637668331547533 0.00794463801083737 0.0422075576358802 -0.0969968178805699
0.00997492152064952 0.010712831762899 -0.0329239605486107 -0.0893208386926879
0.0166534523011685 5.12162198353606E-05 -0.0634058801816158 -0.0490162201703926
0.0182395672813675 -0.00495786355400325 -0.063141720407976 -0.0214196655493028
0.0241083227729115 0.00214204483095124 -0.0674008382663127 -0.0103665270698573
0.021041290496421 0.0193739188918891 -0.07584424097212 -0.0188551051502149
0.0101352250953709 0.0266335919923057 -0.0731616223448793 -0.0413743797301727
-0.00979580295516383 0.044885591049191 -0.0487799164269711 -0.0778666653561731
-0.0454420347383839 0.0312616091395371 -0.015063641349816 -0.09537553245853
-0.0744443229971823 -0.0215726260701061 -0.00290734146557709 -0.0752313717530924
-0.07349816681131 -0.0711967332910581 -0.0479195534624834 -0.0884070756796714
-0.0810043448570136 -0.0778528280335101 0.0272910064905083 -0.083492019222776
-0.0816986705075448 -0.0235609009597912 -0.0149282077937146 0.0261144109743855
-0.0596841715445273 0.0362718026558353 0.0769408572291945 0.0511931465778084
-0.0204991507339279 0.0569789403785529 0.113338833240512 -0.0244861343733094
0.0104999950741333 0.0423080233246312 0.0545087562622301 -0.0926242798009963
0.0265529672899282 0.033038900400997 -0.0218038818394908 -0.0876326130937671
0.0419376221371753 0.011953531151242 -0.052265769285633 -0.0454975394827811
0.0440150530516884 0.00112452404124961 -0.0506715333562685 -0.0179812425137213
0.0476170376568375 0.00875284082998163 -0.0549386687538959 -0.00267045369698479
0.0372644892592355 0.0372499978156132 -0.0664121651739204 -0.00460393296544016
0.0154397055658275 0.051452992159424 -0.0734979835539714 -0.0214868733266501
-0.0245133568308517 0.0741283435440088 -0.0589050630196639 -0.062011214810208
-0.0751941933463798 0.041899337131238 -0.0268468821142112 -0.0857029202692332
-0.0998788829544 -0.0370302896623205 -0.00729762447067069 -0.0568506647681133
-0.0899816230892869 -0.103709910993689 -0.0400149328018443 -0.0480531860335229
-0.0776162953902907 -0.107899801740178 0.0490934773473119 -0.0409764328748229
-0.102090497678755 -0.0599675945510987 -0.0065437533750782 0.0485837809035639
-0.102037811436115 0.027471195617182 0.0771403495399857 0.0731630294535051
-0.0527580795362456 0.0835242615387744 0.121301489140573 -0.00308242537610484
0.00781140553956858 0.0738025749553932 0.0676513304792758 -0.0742218607879132
0.0377192003468172 0.0540535144134433 -0.00262118729807472 -0.0754952817620183
0.0611774664854563 0.0237749316704827 -0.032436284097534 -0.0367191596624172
0.0624335417549554 0.00676783594057595 -0.0309142036363132 -0.0117251598146808
0.0649036334498396 0.0117365774126986 -0.0346806889285821 0.0064171682801097
0.050904717218211 0.0455182668879307 -0.0494306984870226 0.0113302787002843
0.0233037385340282 0.0661638952593663 -0.0663668079650499 0.00273396608952742
-0.0277245934836702 0.0944643260941007 -0.0656424640386526 -0.0397732354174805
-0.0903734600855851 0.0527210064532163 -0.037692466347773 -0.0726151155727018
-0.112557863123048 -0.0415261252487417 -0.00514595446332295 -0.041758169105858
-0.0951489109103772 -0.11874994504991 -0.0245515227419554 -0.00579102508994885
-0.0605076336986922 -0.11934207351565 0.0635257965614741 0.0124141323916235
-0.0990166381101999 -0.0892190018030292 0.000446973802980214 0.0746910878878985
-0.123427130808724 0.00504530150427812 0.0661333603746536 0.0954607070356659
-0.0820894565790124 0.0876890790571587 0.115272858681053 0.0261066884487727
-0.00256182893303785 0.0919229352453492 0.0755196332574186 -0.0433920212058303
0.0392171816650905 0.0677485270299926 0.0193202981535525 -0.0520334220524923
0.0693466303527432 0.0330818815735365 -0.00773664038833959 -0.0234151547530506
0.0726038773547762 0.0112444513170474 -0.00750969280846506 -0.00399250681381529
0.0728512039230351 0.0128603319233792 -0.0107292492647963 0.0148822295840946
0.0575284796043823 0.0471378649597921 -0.0274542101901901 0.0254262723249983
0.0275183163614605 0.0702433134198079 -0.0532878404158496 0.0253781739836721
-0.0294631650530357 0.0990610401154075 -0.0649344259189067 -0.0170415838171755
-0.0929730533438724 0.05221684026908 -0.0437364091620194 -0.0570343244526545
-0.107866569125168 -0.0448984461588325 0.000431090731538868 -0.0309771907456445
-0.0844154045930186 -0.118888244146169 -0.00653424108071468 0.0336922206279953
-0.0349131125928858 -0.106613520780019 0.0688587246813474 0.0661297924506686
-0.0729876748943447 -0.0995722626990484 0.00482545305063164 0.098319238875138
-0.115742140130188 -0.0201692383649086 0.0477945151674981 0.109416787363405
-0.0944063128264116 0.0705229078550547 0.0968849452772582 0.0519556862595052
-0.0138375595810923 0.0903366750306311 0.07436804151765 -0.00823706584709842
0.0328527686244059 0.0683794007649721 0.0386994250231817 -0.0233515057849382
0.0658893617323279 0.0354962143032728 0.017610261425833 -0.00819828071863696
0.0706580856479775 0.0137058584681981 0.0169699836533375 0.00488187586007192
0.0713579136546211 0.0129754791201768 0.0133756409759272 0.0228879992429854
0.0557921830219135 0.0434070723305088 -0.00555365001739552 0.0380458420358062
0.0246624263964138 0.0671587543514766 -0.038210045717351 0.0446076136940379
-0.0337596612298392 0.0896734579895843 -0.0606354717613012 0.00304682881622518
-0.0874230016158023 0.0393208687056772 -0.046010174975109 -0.0419277041990672
-0.0877511713557164 -0.0499828551524798 0.00484840554973651 -0.0217104702380649
-0.0584380911717592 -0.105963391951584 0.00746399219424377 0.0655388458131668
-0.00673659257628277 -0.0725357565456855 0.0656746567290896 0.108289912542741
-0.0368489339600949 -0.0851686647934168 0.00607685760593181 0.112926418837477
-0.0839414377535975 -0.0334331182415304 0.0263488861921098 0.112660392188802
-0.0827989775505604 0.0434527495830326 0.0721393639284588 0.0692137655271175
-0.0182980330765613 0.0703894049474516 0.0672681337269339 0.0223351949952584
0.0225446832118416 0.0551504198428687 0.0530252775950485 0.00395436499877512
0.0521622154388222 0.0307808303671775 0.040179855652658 0.00537959734010589
0.0589903401659315 0.0138906404532579 0.0383034527406777 0.012818801596657
0.0602353127541111 0.0128977779531065 0.0344696206258906 0.0299184308958588
0.0480050147034839 0.0371191912208601 0.0126831974650202 0.0496903414480222
0.0181629950416013 0.0584240212792426 -0.026527371077495 0.0606403074096723
-0.0371797212823141 0.0715833295598427 -0.0580684104694834 0.0191855724237472
-0.0747605889713667 0.0188141546166239 -0.0480221320432703 -0.0283200866771157
-0.0587396269191531 -0.0540656106845991 0.00640599302068027 -0.0139190877850913
-0.0234596256746297 -0.0820993102940209 0.0150023135329027 0.090133294919878
0.0220735404502704 -0.0242894678383851 0.0576275415077932 0.130281217509263
0.00170496247492517 -0.0518595517330807 0.00740260517270322 0.114715857608175
-0.0393248058665513 -0.0312449501217845 0.00976772581510358 0.108505414876638
-0.052750501747781 0.0165771019221069 0.0511917595596013 0.0783170937756968
-0.0142756661692217 0.0397849356278895 0.0626095880352004 0.0417541602250899
0.0112568589969308 0.031297989067015 0.0641266748042607 0.0214723219753361
0.0305429146080393 0.0197506851481725 0.055967892373172 0.0137695239249138
0.0381273719623943 0.0104894021940473 0.0530008931522285 0.0181207639951252
0.0401764314599344 0.0107652741838031 0.0503055627171017 0.0368429627634247
0.0341213688918224 0.0273261256610192 0.0249119818031192 0.0610236461440874
0.0102057282211039 0.0447065446167063 -0.0204920642322574 0.0750234501512128
-0.0357596032181973 0.0473075427814669 -0.0606190286330691 0.03181832426109
-0.0538830649010182 -0.00170701591798681 -0.0529677456336137 -0.0190103778009012
-0.0252221265127008 -0.0504922128672063 0.00391013640879253 -0.00999108709451665
0.0136717282625913 -0.0481594040509117 0.0143863691473503 0.103989742736625
-0.0465747405425831 0.00489607397888522 -0.0191459482029523 -0.117694040780799
-0.00844007534272477 0.0333245992398232 -0.0325220590948601 0.00590480942821334
0.0302248468908937 0.0187790806313943 0.0576485743540036 0.0313222994198701
0.0249291643730143 -0.0186550133953414 0.0861530627564114 -0.0298668740332012
-0.00176150065603233 -0.0213517068441441 0.0397542129412367 -0.0917992697797894
-0.00833529054625079 -0.00830670025055606 -0.0311739219732921 -0.08648242161503
-0.0111083938827388 -0.0085911238910897 -0.0631709415844061 -0.0511499578857205
-0.0100941966396933 -0.00997478822850835 -0.0659061009674407 -0.0242972889906122
-0.00278206116691413 -0.00819148717527361 -0.0704146675311336 -0.0162479752105133
0.00506634374567564 -0.00605891346151752 -0.0770468283160712 -0.0274837337594848
0.0121270963025351 -0.00435917475286969 -0.0693743636178742 -0.0539455389615873
0.0181588383575158 0.0160669297052431 -0.0411545264128697 -0.0885689179928332
-0.00547797153078302 0.0308591508449154 -0.00390075027483776 -0.105145916133414
-0.044390034357968 0.00887872476417048 0.0117374314349201 -0.09533978221125
-0.0507911613132836 -0.0240281664658287 -0.0445395871914076 -0.119906693571301
-0.0691825029174425 -0.0388265045381929 0.0041853475926082 -0.109990824833858
-0.0477360534896085 0.00846356233618902 -0.0245390094102596 0.0113661148156326
-0.0121624039813302 0.0317745489680454 0.0690080426260806 0.0376921553266643
0.00616337359117949 0.0188528467789842 0.100693676818843 -0.0312385486562595
0.00559778226670077 0.00827191275787612 0.0464278894026327 -0.0973904361796126
0.00966634592706396 0.011108780282389 -0.0294431842723979 -0.0908822059049512
0.016262168920635 0.000893055571869446 -0.0614833827204766 -0.0514975586123387
0.0175666566322791 -0.00447822078097653 -0.0626815944855316 -0.0237067679441604
0.0227670140064517 0.0030516883968997 -0.0678558182727472 -0.0123979060427339
0.0202280332382224 0.0203159238178881 -0.0754852612721771 -0.0206694639047715
0.00881007253537911 0.0268998067744469 -0.0724268110328838 -0.044340840666866
-0.0111497750198417 0.0443419955450474 -0.0467503289731438 -0.0807424110487932
-0.0467131948375276 0.0298201266715277 -0.0117320571175441 -0.0980243331377454
-0.0746674414413395 -0.0244340458782187 0.00176329592431357 -0.0764388322851853
-0.0709836830279474 -0.0739286487698933 -0.0442724984295999 -0.0913508211942614
-0.0789558008314414 -0.0800807187948701 0.0295569764983897 -0.0845620621044015
-0.0822873591860109 -0.0256693161500868 -0.0173318797570059 0.0263804486805258
-0.0608118829223895 0.0345175912081479 0.076264143786335 0.0550446682030203
-0.0219306038916689 0.0563305316539409 0.11604814569863 -0.0205949359230198
0.00915159124744105 0.0430449537317455 0.0590709694144544 -0.0922010839729877
0.025960084360113 0.0341519979230442 -0.0184845368761545 -0.0891285098670515
0.0415146548810938 0.0136522572250628 -0.0504523599170905 -0.0473618185242138
0.0429533442877795 0.00228223822412736 -0.0501656989618457 -0.0195076438852327
0.0462761571153579 0.0105638166244703 -0.0547712743005697 -0.00397245194854459
0.0364328062720698 0.038322135927919 -0.0672347124638378 -0.00625288751923263
0.0133244821128095 0.051934306470739 -0.0736648131866578 -0.0234725380525212
-0.0266240913370314 0.0730317755783806 -0.0586182844448975 -0.064625698298741
-0.0769940699851629 0.0392731608298415 -0.024617110426018 -0.0883697527249696
-0.0992746156851834 -0.0407373882359427 -0.00371745771561634 -0.0584548081958815
-0.0868560655481637 -0.106718763147923 -0.0373018792825823 -0.0503028181887751
-0.0744417460455489 -0.110301102052313 0.0501734268650103 -0.0410617857282464
-0.101441337037791 -0.0633448070367575 -0.00969424189307685 0.0495094653119767
-0.10265006873593 0.0244421855338584 0.0751497330781463 0.0776029870731507
-0.0555678933818533 0.0824415213129439 0.12376525902091 0.00116570751475642
0.0052309978824905 0.074884288959564 0.0716935598084951 -0.0732279345538428
0.0362651421893148 0.0557980964204901 0.000232059168837188 -0.0760600437445174
0.0600871013021346 0.0259700026959988 -0.0308598619285123 -0.0382451192563812
0.0616701530196409 0.00846004083776744 -0.0309530952874322 -0.0128625939309586
0.0634931101783242 0.0138093793903807 -0.0345863046709565 0.00550686832161607
0.0494242369111895 0.0473535852497335 -0.0505721981945824 0.0103378760250477
0.0211178481423091 0.0671975035789301 -0.0677759511940419 0.00108347939740875
-0.0308119204946729 0.0934775308804542 -0.0661092066110012 -0.0418086158727095
-0.0922756874171234 0.0503441251009038 -0.0361309770279989 -0.075674601278158
-0.111846495073921 -0.0460179438907256 -0.00226722311391339 -0.0440786203815217
-0.0916551819212633 -0.122300306811041 -0.0232809015150799 -0.00721222069607987
-0.0570976522894976 -0.121505644915437 0.0630106235409843 0.0135920657661715
-0.0970928337068967 -0.093082778426585 -0.00385486807836509 0.0755386636533609
-0.123720679673402 0.000903824179114211 0.0636909075089973 0.0996570455363223
-0.0851126446494758 0.0862316258604444 0.116789770871628 0.0303458850708965
-0.00545054677758969 0.0925681486890674 0.0786506339831658 -0.041437342363965
0.0372065862598563 0.0699203017234657 0.0212964607355349 -0.0518423331384509
0.0679649612253408 0.0352538214057642 -0.00640815324510385 -0.0239390144604648
0.0716646955186654 0.0134926182334839 -0.00715987063247528 -0.00368003280363707
0.07189092366256 0.0149834030246595 -0.0109255397606992 0.0151164325732496
0.0558915110815479 0.0490718481691721 -0.0295374341165324 0.0254614870864038
0.0250532153921826 0.0720085598680749 -0.0551551129458775 0.0246651886035542
-0.0330621880376485 0.0986055617756924 -0.0665642172963502 -0.0185113603746567
-0.0947083183247161 0.0497533257563725 -0.0434793542629533 -0.0604426516578259
-0.106738138415886 -0.0488723339137976 0.00236238931571514 -0.0319181230529632
-0.0802906507713958 -0.121327800829543 -0.00664563952902254 0.0324241854903973
-0.0317040458209768 -0.107923851719065 0.0664395763790953 0.0682129319811484
-0.0705689483799514 -0.103094300455521 -0.000910301031743092 0.0992476125926037
-0.115495513685666 -0.0241889308733754 0.0435481799949696 0.113806239977642
-0.0972737156543297 0.0681513070022069 0.0967144051449153 0.0560644960711227
-0.0166998694064821 0.0906689285564115 0.0759140000550608 -0.005757854799468
0.0310102219357717 0.0701249315247844 0.0401514261159266 -0.0222613343683094
0.0649473982490247 0.037424276763054 0.018408467189296 -0.00822702376456939
0.0702747222466745 0.0157899824143005 0.0169036998146965 0.00568188463775746
0.0705798599312485 0.0148980574096641 0.0123894027446719 0.0240558690106519
0.054719884211944 0.045596039962258 -0.00777207507577155 0.0387112943298123
0.0226401532757603 0.0684923458039175 -0.0408769108577362 0.0440927839938502
-0.0367882189687292 0.0894150363678362 -0.0627726535354766 0.00196079812646208
-0.0887660039690116 0.0364783581578507 -0.0461936418603212 -0.0446152735752783
-0.0865171175680676 -0.0537618468839461 0.00572566854062339 -0.0225979929549775
-0.0548463554787226 -0.107686316642052 0.00636984708399836 0.065653852701749
-0.00413148728403449 -0.072283977045541 0.0612628517396938 0.111070893548054
-0.0335922214078625 -0.0875823936575262 -0.000249847622854077 0.114136084735403
-0.0830183190010144 -0.0366221395399599 0.0220546581626998 0.116106557661842
-0.0856517943195967 0.0416280686898311 0.0708053086780271 0.0724741962285275
-0.0206482775155325 0.0706619579232065 0.0674972096392441 0.0245500587993717
0.0211324650185794 0.0561556129255801 0.0544357409821913 0.00529596265627639
0.051061824763686 0.0323853528525703 0.0399158487174291 0.00659025177680801
0.0587127007420523 0.0151015559794803 0.038219654514489 0.0142289990596119
0.0591284507834197 0.0143794022507999 0.0339562207222816 0.0321878927646345
0.0467132410344769 0.0386098149618592 0.00967178916081137 0.0513651068426045
0.0164613807876069 0.0595124454788404 -0.0297874422737502 0.0609394155623876
-0.0394704937834034 0.0712115668884038 -0.0603316305650997 0.0175946439891367
-0.0756721146267258 0.0167211869222091 -0.0486040391450089 -0.0309037460558357
-0.0572291115751618 -0.0567113743159576 0.00682759975615294 -0.0151036986416107
-0.0205056279418852 -0.0832372902100143 0.0127726845846144 0.0910340119927407
0.0233128214918734 -0.0234376322257908 0.0525425555520842 0.133790045551944
0.00321073482782598 -0.0522418261538408 0.0011802356990173 0.116260655043923
-0.0387333182063488 -0.0327323877192831 0.00528274817232742 0.111358275230792
-0.0542065368976488 0.0155752916721732 0.0496145970747228 0.0816590227269441
-0.0156039613576343 0.0397098837164 0.0623169886531842 0.0447576768493389
0.0100437069135186 0.0317218828225263 0.0644748278101091 0.0233123556821474
0.0300233902657092 0.0204246137338388 0.0563369709238235 0.0157860315955759
0.0382759983003836 0.011335966517652 0.0528040189423983 0.0205718569330379
0.0401315607281891 0.0117362783742504 0.0488824673356633 0.0385692942918082
0.0334086042380405 0.0279300965161995 0.0221281578237565 0.0626808961560005
0.00894906079965695 0.0457367515030237 -0.0236523256484799 0.0757185744593038
-0.0376292476826239 0.0471469550165095 -0.0629309564377634 0.0302321832814105
-0.0543216146343792 -0.0036299733737725 -0.0541600912530839 -0.0217670828285073
-0.0234756036310697 -0.0520724521510761 0.00418379125797829 -0.0109991152149669
0.0154888662137433 -0.048165629185729 0.0117434110458029 0.105133252441662
-0.0485585273286534 0.00534989724261315 -0.0182586925216539 -0.124278468628873
-0.00948146430886429 0.0351502542601315 -0.0349310761052964 0.00651682993745824
0.0316257546724822 0.0199938970390543 0.0602578990979091 0.0351240428009649
0.02634566327968 -0.0193907236479589 0.091736546846877 -0.029420503567895
-0.00141605993011496 -0.0226075039533764 0.0452735809684293 -0.0953677334869854
-0.00864151409431048 -0.00872357952999874 -0.0297673344012968 -0.0912194008299274
-0.011715659669419 -0.00862970293487364 -0.0647056001160159 -0.0546827844419028
-0.0106572261527397 -0.0101152082878249 -0.0681493448131095 -0.0274617740136205
-0.00323701652946243 -0.00809379557198358 -0.0730652799484827 -0.0194595161014684
0.00533068709236136 -0.00619842863852343 -0.0798719249786795 -0.0305134308409315
0.0120308032965667 -0.00476327976054376 -0.0715899708306313 -0.0582953686434284
0.019173528546643 0.0169126203561088 -0.0399020303961866 -0.0945745854031738
-0.00680915839020269 0.0321799807515722 -0.000725107461414975 -0.110905012410874
-0.0472743466727056 0.00849179050960342 0.0171456498696327 -0.1002896411629
-0.0527267680112523 -0.0260096260895914 -0.0428796679611574 -0.126683026333604
-0.0707222757788057 -0.0408697592191389 0.00673227969921841 -0.116663466361367
-0.0502333369376833 0.00827664562778057 -0.0268083361486153 0.0121107564852405
-0.0128833376265383 0.0325295099610761 0.0715861585846376 0.0423029972813067
0.00615474831989588 0.0197603432415073 0.107709045812136 -0.0304434411586512
0.00548977239322598 0.0090814086252852 0.0521030686891207 -0.101111329678728
0.00999264521772384 0.0119966665597288 -0.0280265749235284 -0.0961252457181106
0.0163788231270875 0.00164494265003237 -0.0627698886106243 -0.0553048292776344
0.0177635646570799 -0.00381738804782722 -0.0644672958702982 -0.0265907506413351
0.0233727461431776 0.00439430086720708 -0.0698938541448469 -0.014520771358871
0.0200302846336669 0.0217763175500146 -0.0789345949420352 -0.0231245367451087
0.00776928555686926 0.0279225770313209 -0.074891744788487 -0.0483320436803284
-0.0128331558309608 0.0451972286837432 -0.0477626053080734 -0.0860745218001302
-0.0497401279844533 0.0296099074127692 -0.00930399958277062 -0.103473600624353
-0.0774830238472975 -0.027109802258547 0.00605544689148409 -0.0813721912126331
-0.0727414347887428 -0.0782678960150031 -0.0428201952233491 -0.0969196124370798
-0.0801083486614173 -0.0848821885477915 0.0322240008808277 -0.0889282078325702
-0.0851804544217427 -0.028781707917255 -0.019660049930359 0.0278783132912724
-0.0632148010980206 0.0345952034344901 0.0784718841756958 0.0610923216370674
-0.0236897755963839 0.0583888800453759 0.1235337146949 -0.0192919058022963
0.00810635632800774 0.0454359135509579 0.065341031176342 -0.0957413657977379
0.026226415879047 0.0366166776387386 -0.0165015861133631 -0.092971972074982
0.0424196272107141 0.0150751134496401 -0.0510980398879227 -0.051178097301307
0.044059260890664 0.00346192720889453 -0.0516190585477752 -0.0219108647950054
0.0473928781601013 0.012258980799846 -0.0564450535370913 -0.00553593686595197
0.0365094858640548 0.0412017569734006 -0.0703877433950465 -0.00763375462952054
0.0120625777817633 0.0544921566342968 -0.0773222304663635 -0.0260167945926883
-0.0294488404013969 0.075187578956155 -0.060954301015212 -0.0689469111703493
-0.0812155795588966 0.0392563087250013 -0.0232862160328836 -0.0945532709991236
-0.103036495308622 -0.0455278521521924 -0.000695009077443854 -0.0629217867906787
-0.0886364259073692 -0.113046455373719 -0.0368486642170152 -0.0543861046150517
-0.0753434730245824 -0.116291412782575 0.0525837360193216 -0.0427256561536378
-0.104442944897443 -0.0684428791783576 -0.0128033813767341 0.0518882510320643
-0.10696033137522 0.0235472578143034 0.0772298377666198 0.0845591616814417
-0.0594795318958998 0.0854749288296325 0.130823646610729 0.00415379893807882
0.00381115541038421 0.0783130953193408 0.0780478210307873 -0.0754193230686393
0.0365101668470521 0.059245455191435 0.00259901567651804 -0.0792181578528186
0.0615423173399533 0.0284387711078742 -0.0307811366963277 -0.0408785582265875
0.0633887742758041 0.00979264756744004 -0.0321834766566516 -0.0138806624432174
0.0652352607984113 0.0157772935962359 -0.0361986249396937 0.00511709987995008
0.0499372585289882 0.0507450917118893 -0.0536959985725355 0.0101545127301506
0.0199624288800334 0.0705674948915259 -0.0715579607137895 0.000266897755525033
-0.0344332963274432 0.0964726893760218 -0.0696943738159071 -0.0450570604916267
-0.0970766338644345 0.0502686029791457 -0.0372339418496473 -0.0812939035450494
-0.115576245350662 -0.0511577568578966 -0.000281429686422888 -0.0472844228801352
-0.0923598467516024 -0.129297984488201 -0.0231200323227716 -0.00864796607772407
-0.0564090459681108 -0.127367263062691 0.0643060994476461 0.0150176297552353
-0.0989279843608497 -0.0998334984732367 -0.008022697850758 0.0797016258540685
-0.12864215378297 -0.00186830741641327 0.0641352054324542 0.107404440684453
-0.0907011771598316 0.0886452474661324 0.122993945301646 0.034671433983001
-0.00806509891246599 0.0971518997572637 0.0841465192010669 -0.0420304817941884
0.0371958262534498 0.0737959895412418 0.0244430340477899 -0.0535754428541983
0.0699235544263151 0.037908086147247 -0.00583299607651584 -0.0256057402021723
0.0734848726049537 0.0150711705420023 -0.00724521760637774 -0.00398188727812984
0.0736399303760925 0.0174328698253097 -0.0115516211469482 0.0157058662071088
0.0572749523335166 0.0522995535930849 -0.0317788895624671 0.0268391975296205
0.0239391712800891 0.0753894982555846 -0.0593365752228448 0.0249678738406058
-0.0365025011720403 0.101900086865749 -0.0703156325003082 -0.0209668209143188
-0.0996911843606431 0.0499218549800616 -0.0453965148590491 -0.065255139955612
-0.109820543169161 -0.0545605840441888 0.00338334824684849 -0.0354032342389892
-0.0808013296903102 -0.128344568518587 -0.00675707902404952 0.0332807191479767
-0.0301256263298783 -0.113071483435395 0.0668822752377046 0.0722841423838911
-0.0709683306630511 -0.109689495112945 -0.00569949454233911 0.104463654406741
-0.119659784560361 -0.0278755425040448 0.0425603678684619 0.121405959819212
-0.103182920902658 0.0696959857649325 0.101316816800706 0.0616367912674999
-0.0200965607117436 0.0947349938760482 0.0804899446982223 -0.00449564684159314
0.0305960770919157 0.0743240688590107 0.043156896110027 -0.0221643207309162
0.0662219616367127 0.0406044325551293 0.019812060104875 -0.00814441854582837
0.0725715095341833 0.0172204860369773 0.0177702134762451 0.00620563544278441
0.0723942538418106 0.0165775121631174 0.0125534545388258 0.0256624706927885
0.0558648811512181 0.0484380276086448 -0.00986065829446855 0.0411007682032254
0.0221895002970049 0.0721902650482181 -0.0444243897236122 0.0461648783518769
-0.0406187267067001 0.092674369804316 -0.0672415231050446 0.000864518404971165
-0.093281117546606 0.0359619387160917 -0.0492380142512971 -0.0483977180479212
-0.0891191169858537 -0.0589096664766957 0.0067990593932325 -0.0247341047653842
-0.0543714644435294 -0.113786578440465 0.00626167412647526 0.0682404698459665
-0.00235382143104954 -0.0752355142423819 0.0603307238775214 0.117564113959875
-0.0333278665753308 -0.092408218147626 -0.00598525926274664 0.119696299046101
-0.0854087437320873 -0.0401841120466042 0.0197405406110133 0.123326375936126
-0.0905964859715428 0.0422184639908021 0.0730055993616359 0.0788641223959687
-0.0230704702676162 0.0742363494075813 0.0710364146466252 0.0274148318289449
0.0209299959597234 0.0594682648091346 0.0571033739202774 0.00699530994202786
0.0524827756151202 0.0343450557432098 0.0423548587724465 0.00787047711183054
0.0604821006055999 0.0160327795193038 0.0399163750440917 0.0161221766110085
0.0608834853922671 0.0153480671273185 0.0344509475753539 0.0350510123597237
0.0480467459446634 0.0409556442684952 0.00827574379290168 0.0544787605755408
0.015971429273018 0.0623327954884678 -0.0331657248804621 0.0640337410415107
-0.0434871039732136 0.0741297970345179 -0.0647800650160714 0.0178092776268877
-0.0793563805020972 0.0154321841037729 -0.0522021840608651 -0.0340928415893065
-0.0582955338034127 -0.0610572375538053 0.00711062589073036 -0.016469847314268
-0.0192490814760938 -0.0869536961613537 0.0122331510689585 0.0956382233638123
0.0251011497543973 -0.0236179182838135 0.0514524195803123 0.141239933599347
0.00477565060147198 -0.0546348639071664 -0.00392248620144558 0.122012392113568
-0.0393768602863103 -0.0351681280906429 0.00239955909164799 0.117926015474885
-0.0574741072079345 0.0159239816857126 0.0502271291483337 0.0873530757339206
-0.0170999083260679 0.0416513999548444 0.0647596722383729 0.0481544696388354
0.00970210494833306 0.0339949877995682 0.0673758957747683 0.0257722602127856
0.0309502676416853 0.0217932865738504 0.0587477415890179 0.0178129553423055
0.0395794000899847 0.0118447071860268 0.0551839185348226 0.0226888120320008
0.0413392001263241 0.0125873698190842 0.0496023948702021 0.0424720156318007
0.0348272463672921 0.0294724719059911 0.0205789763361759 0.0669559059628994
0.00862972624124652 0.0475906804138053 -0.0275958430815854 0.0785098687133058
-0.040035502475638 0.0487526547619841 -0.0681159335559906 0.0303813502583554
-0.056646965965503 -0.00542426031357936 -0.0572204868977605 -0.024622197479199
-0.0232721473321045 -0.055251718790309 0.00438488319368293 -0.0124510700165134
0.0177820930585992 -0.0491555963905881 0.0106881011288151 0.10976131791874
-0.0508661711253616 0.00767572020442319 -0.0224133705762121 -0.133103473710035
-0.00901397632423508 0.0383915481048637 -0.0377590401309416 0.00853510434470868
0.0344889704230345 0.0204349640830743 0.0656278077545301 0.0381656141730812
0.0277823672294788 -0.0215993527820835 0.0989458204299111 -0.0326299926628157
-0.00203973822546916 -0.0237946260833282 0.0475745301413111 -0.103476846153656
-0.00950798706740396 -0.00908914223620958 -0.0321422742459694 -0.0973977164379754
-0.0128861677419192 -0.00847991260401241 -0.0688122598467631 -0.0575748171216712
-0.0119904072085686 -0.0099586082454169 -0.0725732039933232 -0.0287309655620793
-0.00385800930771641 -0.00797879824801369 -0.0778253142122651 -0.0196835815150142
0.00452506553164501 -0.00607910641497321 -0.0856266865012737 -0.0311941615626462
0.0119164130927923 -0.00527105599378296 -0.0773336246629145 -0.0615485724121533
0.0204849896420779 0.0170717012295576 -0.0445152111385599 -0.101624007037996
-0.00675585576305487 0.0344169641181874 -0.00106019753408568 -0.119323019135237
-0.0511226824400266 0.0100254621150209 0.0201635698171245 -0.108548990764571
-0.0566443092725228 -0.0266507131019621 -0.0462065921556156 -0.135803879299329
-0.0757296887777751 -0.0418992326228814 0.00450675740638982 -0.125509864177725
-0.0534691480938138 0.0100573003694132 -0.0293517460491781 0.0146398479580297
-0.0128872695780131 0.0342973332582223 0.0774806045320474 0.0461513751332579
0.00735133257093395 0.0206623145415714 0.115640882542017 -0.0340227156276152
0.0056098655737844 0.00933971527628089 0.0559059410748557 -0.109415179117074
0.0104378644047985 0.0128477450755443 -0.0298630564603371 -0.102144574455256
0.0171009854629732 0.00181927710407801 -0.0668631596230142 -0.0581790804969885
0.0175186110809616 -0.00357616161813264 -0.0692285001807788 -0.0277494715173856
0.0245030203160079 0.00474293252345873 -0.074209417402297 -0.014494007093943
0.0212278666708744 0.0232967883686833 -0.0846297440620075 -0.0233871878206628
0.00813867724214576 0.0293416570444612 -0.0811889919858665 -0.0507306558878832
-0.0128811446670468 0.0479879791066359 -0.0525818859360886 -0.0924104140911149
-0.0523182999731464 0.0321262752022179 -0.0112969933888636 -0.111926429751091
-0.0837120167592448 -0.0282519809605944 0.007834192631074 -0.0887718558989958
-0.0786047197937148 -0.0818922546321694 -0.0456119342077282 -0.103974277963535
-0.0861249161925609 -0.0881582629133364 0.0317853792873756 -0.0964401165422233
-0.0915561015284818 -0.028892851376681 -0.0219743047312777 0.0312095822594989
-0.0665219652456282 0.0377057990856592 0.0854465234551184 0.0652393951491527
-0.024649938712396 0.062673197807196 0.133207224221462 -0.0224726541146727
0.00917804527888257 0.0486278821692832 0.0691385010720311 -0.10373781456775
0.0282703864341261 0.0385486198908823 -0.01811787387557 -0.0993371476792594
0.0447364383084516 0.0157312778156279 -0.0546922669650802 -0.0541226733700413
0.0455960023404801 0.00316094956456775 -0.0553813819204297 -0.0223450084590165
0.049808518088668 0.0129003611030712 -0.0600440526190052 -0.00519899462966382
0.0388891525964349 0.0437946185744266 -0.0753162986332315 -0.00658840900041934
0.0129341645047732 0.0577718419170852 -0.0832460323167549 -0.0270820795925378
-0.0303453320864511 0.0803019498714204 -0.066470114975296 -0.0731991686311601
-0.0858422356840768 0.0426495123685115 -0.0266216709219401 -0.102535871319859
-0.110778498677773 -0.0475541855288222 0.000658146940056078 -0.0684659369315777
-0.0952340387714807 -0.118843638572691 -0.0385706238235812 -0.0583254896309939
-0.0812666109656729 -0.122422614106594 0.053925914933012 -0.0469644962106764
-0.112607471583013 -0.071734231990089 -0.0148510412639674 0.0565340466513637
-0.113083083693347 0.0259710764001445 0.0841509057315798 0.0906776084101382
-0.0622133535723207 0.0917112221769461 0.141459171307144 0.00301409441836308
0.00484227560036876 0.0837219833783794 0.0833387735906282 -0.0821552917052353
0.0399718643057147 0.0630220183450554 0.00229058857943153 -0.0844596980822124
0.0656794491701594 0.0292540318274542 -0.0328694519181609 -0.043441903976639
0.0665596804947289 0.00960383830534268 -0.0336278367848182 -0.0145262775621128
0.0688066791805317 0.0166734802118211 -0.0379080787007289 0.00627985790007454
0.0536357651225745 0.0533154251396351 -0.0577030969866834 0.0125948470828052
0.0217391944387417 0.0742692286161286 -0.0769503919282421 0.00173514512724382
-0.0351085810429502 0.103308039458369 -0.0758462442565319 -0.0472804517906515
-0.102661132846171 0.0548468472516032 -0.0421621608632745 -0.0878220416028183
-0.124158586331129 -0.0537230311361752 8.08793778804755E-07 -0.0521316045859925
-0.100334093579407 -0.135720001997964 -0.0235047088007367 -0.00972654437725565
-0.0611514450622755 -0.134686458971476 0.0675423752152329 0.0147748202312406
-0.10714242556783 -0.10577330520055 -0.0100172987693927 0.0856515677848969
-0.136659914483082 -0.000186545546579923 0.0698848261263793 0.115379774131384
-0.0953021825963648 0.0961429097938465 0.133123832780121 0.0356508370752685
-0.00739493144221974 0.104348411606457 0.0901061485073465 -0.0467518241993473
0.0406706187871819 0.0786838529685694 0.0259429682743819 -0.057855866364323
0.0744468739122956 0.039782108309109 -0.00590088199875018 -0.0276060090593711
0.0776536099719533 0.0144858880700319 -0.00728115987055156 -0.00421875245607092
0.0776200375687332 0.0172767932518915 -0.0120959415825231 0.0176223839094558
0.0612051050341913 0.0549751260603198 -0.0345286540832131 0.0300497217740615
0.0266288456415657 0.0795748435925068 -0.0638493379988986 0.028747274413005
-0.0377212292727959 0.109064025463321 -0.0766936430508179 -0.0210012554931328
-0.105610091621405 0.0540968856752811 -0.0508925742480131 -0.0702505361917132
-0.11788069497835 -0.0573379314931834 0.00387372269746432 -0.0388217093843836
-0.0876483463738896 -0.135285245589284 -0.00542187279705891 0.0351625888860484
-0.0332105617425939 -0.119679379620163 0.0710831033318985 0.0765995196329299
-0.0772285932807709 -0.116440813808817 -0.00739439666292261 0.112548893583857
-0.127605527799628 -0.028345882302962 0.0471969750813086 0.130416831244317
-0.109305442719378 0.0769331260268603 0.109762064234437 0.0645800409636061
-0.0198927328886454 0.102138610368682 0.08679834511139 -0.00627673869156684
0.0339539660321552 0.0793235143161733 0.0462587270309031 -0.024626068841536
0.0708333345851553 0.0419733506942729 0.0212291558948366 -0.00916057868461796
0.0767477542589828 0.0164856303159735 0.0193471113096452 0.00667850344646181
0.0761222125105691 0.0169547245428124 0.0138938472763966 0.0279662654967603
0.0600236183342942 0.050858065712653 -0.0111787175478207 0.0452535411495633
0.0242664550643728 0.0762528683934939 -0.0480367597665136 0.0506525890959854
-0.0418029930168672 0.0995866712069334 -0.0729069202169588 0.00233081801239036
-0.0988455937213253 0.0393214728022876 -0.055249769968656 -0.0518497411446118
-0.095888991379217 -0.0625020239773892 0.00682517934263471 -0.0273552609395584
-0.0593415968359672 -0.120157348919074 0.00881270616630457 0.0726370484265384
-0.00270914153447907 -0.0799291090878434 0.0651266651450857 0.125121094740865
-0.0366495137858243 -0.0986126264047926 -0.00715853852894499 0.128930619747394
-0.091406685823424 -0.0423588881045139 0.0228143418311562 0.132846952232905
-0.0965274369790688 0.0471703458640884 0.0797030813825096 0.083344192399844
-0.0237304431814834 0.0795965136670262 0.0768449706846956 0.0279807195491561
0.0234049265424547 0.0639668303291965 0.061080644313865 0.00658611141933119
0.0560645230321272 0.0362267700076749 0.0455861666210507 0.00782733209023334
0.0641619733830098 0.0154415584699301 0.0432663408031025 0.0166925519014925
0.0645665982482953 0.0156597674086957 0.037001696612225 0.0374138605063061
0.0516557400472823 0.0425688917470373 0.00817332633881178 0.0592629810263305
0.0184922485529087 0.0668580331831651 -0.0355079267934151 0.0692242892054422
-0.0450573587321059 0.0799027791996583 -0.0705448054925516 0.0200343312029971
-0.083905481349644 0.0175299641896782 -0.0578137183103245 -0.0363959975826166
-0.0632602105822638 -0.0651465095849785 0.00726555493109498 -0.0183615935617463
-0.0216567685389691 -0.0922263565362694 0.0158354340186391 0.101087271941
0.026813876335974 -0.0251441298228348 0.0558169305629415 0.15096010839533
0.00443312504471667 -0.0584789188543001 -0.00543254491104936 0.131391168841426
-0.0424447634484473 -0.0373986074381534 0.00336931804749524 0.127544125479368
-0.0610981295001593 0.0190589636771281 0.0551146032666867 0.09286988095773
-0.0175305405179831 0.045332636365274 0.0702669045893906 0.0505170674432501
0.0113570163581124 0.0367120848972673 0.0722480819989977 0.0266937000099571
0.0333081753519566 0.0225623225589333 0.0630627357365773 0.0178505759485935
0.0423560708334293 0.0111918978944206 0.0596346707160456 0.0234223257812093
0.044458400025749 0.0121027163513827 0.0535820510133437 0.0449012436023627
0.0375214085484339 0.0304815748081362 0.0217484573474527 0.0725840200891778
0.0105090854017727 0.0510080873502508 -0.0291682513263824 0.0850358218173739
-0.0421954426351989 0.0535583799557779 -0.0735823348379006 0.033391990776845
-0.0604104450287547 -0.00463455133736718 -0.0631937856345559 -0.0261160288648258
-0.0254909097704892 -0.0587862936694849 0.00419645413922719 -0.0141571969032805
0.0178895265084291 -0.0524723028409114 0.0140901420461076 0.116853260466324
-0.0552403478679981 -0.00286559590227817 -0.00309572774347354 -0.141178932893213
-0.0160683329761656 0.0385394665875151 -0.0418935410517559 0.00590954221078016
0.0324608268965162 0.0263581427975727 0.0646549292240968 0.0533366840872927
0.0315102171700664 -0.0193365079908528 0.112732956746686 -0.0179223154864684
0.000109709789756371 -0.0265324376608411 0.0680082928443683 -0.102621176134255
-0.0097338651358943 -0.0115969459080137 -0.0159492523351931 -0.107982099687606
-0.0122646780538309 -0.0109649445027024 -0.0622698535351067 -0.0722735563132734
-0.0120714338102797 -0.0121108695384271 -0.0707524131975704 -0.0430585977979137
-0.00249027218355533 -0.00853557002805603 -0.0784778332881381 -0.0337618122762718
0.00527326133931031 -0.00531076966186011 -0.0848533108251399 -0.0460731648694434
0.0122367715260723 -0.00397184032954664 -0.0712338144193839 -0.0771981136353601
0.018889669790672 0.0195858938802781 -0.0302555014426355 -0.115093203163138
-0.0135252512691249 0.0332633507930766 0.0202390383000576 -0.126467903763926
-0.0559041404045779 -0.000358243743455296 0.0448569263339427 -0.110512537668669
-0.0567351116541174 -0.0413098434064283 -0.0181192356202476 -0.147741300305484
-0.0708480012606803 -0.0580300886856087 0.0224790811720174 -0.130855062647818
-0.0559988802112392 0.00155801811300931 -0.0359238226059355 0.0115654342030458
-0.0178098899243051 0.0313316517663247 0.073268333255672 0.0641253761736794
0.00395655606447361 0.0198842748400895 0.128404731254066 -0.0146160991982704
0.00184517786008204 0.00914858174926128 0.0780108885925433 -0.105518929752205
0.00703190707237039 0.0149191426520726 -0.0130821918937804 -0.111957830517938
0.0162315418995609 0.00539794347601749 -0.0597017189108877 -0.0725245390494371
0.0175779714995844 7.57788993691884E-05 -0.0672021097170759 -0.0407594918617731
0.0241558818501734 0.00980250378676799 -0.0761242454768299 -0.0278427529039022
0.0164560685727321 0.0278138822592914 -0.0856884462968718 -0.0375482107555105
0.000331017724279899 0.031813420578955 -0.0769090911769561 -0.0672961433314225
-0.0221192311522368 0.0453087776508856 -0.0396624647965817 -0.109449083158757
-0.060498376606728 0.0209818973490935 0.00917874802690637 -0.120188216605141
-0.0818583749558827 -0.0473803793999554 0.0300957767811974 -0.0900823746316576
-0.0680578233265887 -0.105096149329445 -0.0243882535967984 -0.111667769112791
-0.0719175975511811 -0.107776567742738 0.0459095916859561 -0.0983763603132147
-0.0876337623391485 -0.045529788366181 -0.0325884882396123 0.0286897065188664
-0.0721471156307655 0.0251375501976007 0.0744713580419824 0.0859228751493387
-0.034638456953418 0.0567365366318703 0.142442466966395 0.00264647443953801
-0.00158672459420579 0.0493775431063553 0.092412596327393 -0.0950344225703743
0.020805723327583 0.0448249655150776 -0.0012094414254123 -0.106110167404301
0.0420884762178598 0.0241522812398705 -0.0472898574772534 -0.064864894898194
0.0449201945678593 0.012828974492293 -0.0535303362159622 -0.0337500232791959
0.0483247610876126 0.0231684924741604 -0.0632804115981972 -0.0149795305370975
0.0311720636638843 0.0527696328500742 -0.0798854357126606 -0.0185851413719078
-0.000314468141573512 0.0625644282144185 -0.0838306183949396 -0.0434690265979447
-0.0463657612581367 0.0761212949161422 -0.0577669851436621 -0.0940116041849452
-0.0978835709137632 0.0244386362673364 -0.00923293226630816 -0.113277454183874
-0.10611966050048 -0.0733335218839297 0.0193821744602334 -0.0696103146010822
-0.0778738679522679 -0.14779029752908 -0.0254945039802645 -0.0608239437505967
-0.0589314672249222 -0.141526456224589 0.0609395088066357 -0.0451455081985251
-0.10124208239228 -0.0929604983351354 -0.0303586324525286 0.0549630826840328
-0.117438740681547 0.00441607792499836 0.0650663860252823 0.111808440769066
-0.0777863708919285 0.0801303462668317 0.143459199542837 0.0317310304117973
-0.0117427424718856 0.0847733523380536 0.103434741460694 -0.0681057182284689
0.0284284658353628 0.0718571238762008 0.0179248497856353 -0.0866578953061351
0.0607591065184653 0.0420041032855531 -0.0259628100541124 -0.049757574280773
0.0654686487063233 0.023314493057521 -0.0326231800054858 -0.0212795963798052
0.0667854437347663 0.0302079554933593 -0.0423743237523761 0.00124002828645181
0.0450388836610708 0.0661466649907925 -0.0652398395431614 0.00376060226043397
0.00517986530764747 0.08220180639689 -0.0820475884920434 -0.0128569953182336
-0.0561426243580629 0.10013403658732 -0.0724338844378539 -0.0692663890911667
-0.117925498348173 0.0331662046741391 -0.0277344798196422 -0.100440750783986
-0.118928222438497 -0.0823875698588888 0.0159817516404273 -0.0524705559685604
-0.0794521350108996 -0.166657944492357 -0.0190138330450421 -0.00602021392793953
-0.0353979509067903 -0.149889046079718 0.0646391195614435 0.0207571345316159
-0.0889667505139454 -0.126718687229306 -0.0301186401039469 0.0858628316427359
-0.136097614280029 -0.026747144382159 0.0444137399826321 0.133402990795701
-0.111757736440992 0.0792639802363492 0.126645615584362 0.0642235535140783
-0.0275041952961122 0.103486724996696 0.104626012202879 -0.0279316278376165
0.0274919927819946 0.0886344896807704 0.0377433682366072 -0.0541651684544737
0.0688481106398763 0.0542055332661669 -0.00052708109840411 -0.027675559121258
0.0761768633873314 0.0305068852426804 -0.00677102872954977 -0.00589287528022387
0.0759486585770216 0.0329462785502737 -0.0169780595496697 0.0173022740000595
0.0527065131499362 0.06887509563865 -0.0439337765447066 0.0267989204666529
0.00944952282912965 0.0892617534183204 -0.0725745515672729 0.0168815201805828
-0.0598277617679082 0.106759409604568 -0.0782811069726914 -0.0416383375159405
-0.121311832889166 0.0322836916870441 -0.0404561834032559 -0.0830759368877467
-0.111634660717453 -0.0848058696133888 0.0165702784545424 -0.0377334083923531
-0.0654898202489192 -0.162898555894196 -0.0095593497066075 0.0438402176159687
-0.00830487181888046 -0.128212275774176 0.0582095162838826 0.0858045759145798
-0.0559731483305783 -0.132221000955528 -0.0316443598033921 0.112917501293678
-0.121338795644497 -0.0531431256894333 0.0187004935233891 0.142752789716557
-0.122296706386129 0.0579806896295825 0.0954722148441328 0.0893411041043696
-0.0385645308590049 0.0989767663664661 0.0928975017072433 0.0135981762264528
0.0205759726514693 0.0884579328994538 0.0537777610527489 -0.0156886247600489
0.064928496690693 0.0556837662199452 0.0250018966589368 -0.00347244270252187
0.0755508741841181 0.0323466297424243 0.0193520315348256 0.0105097257508969
0.0752903158580465 0.0318731496670023 0.00877099442316308 0.032545228407779
0.0528949776401942 0.0642400455350658 -0.0220883581945516 0.0468320196619887
0.00879307209741293 0.0855793882228963 -0.0599361628835504 0.0428197553684938
-0.0628579937900623 0.0969213586672377 -0.0775228575150337 -0.0164680800092334
-0.111256380801798 0.0186140338996211 -0.04804086782848 -0.0647998390314269
-0.0871597057852331 -0.0858823249361686 0.0165075307012961 -0.0255559570443373
-0.0385036914463641 -0.140288567582334 -0.00302317023777596 0.0847014313192967
0.0159482507819745 -0.0810747052339491 0.0447074559661148 0.136902088253522
-0.0173024728386149 -0.106516703317262 -0.0325232909458218 0.130630900938187
-0.0833629769178067 -0.0601029237845786 -0.00542416522600039 0.140758010771319
-0.103952087732139 0.031654763202281 0.0621807467204772 0.102315259052786
-0.0380111930064501 0.0762931049273875 0.0756809848205315 0.0472443223047751
0.0127940733351799 0.0704655080147656 0.0639996941139502 0.0193127918679914
0.0514165994569621 0.0464829159567473 0.0473576870943493 0.0181408820192532
0.0639312793825843 0.0283899371581469 0.0424605647140962 0.025175058984973
0.0634924954967959 0.028281601449688 0.031417225512564 0.0466214577385217
0.0459668045647127 0.0540589081403453 -0.003550291450598 0.0646440253022157
0.00420012230945025 0.0741597158340235 -0.0497629158692739 0.0644819097053482
-0.0627032051902263 0.0759144902782768 -0.0770870931432921 0.00374094040603137
-0.0916519382496877 -0.000813234265326763 -0.0540405980150715 -0.0483131715352193
-0.0530428224354323 -0.08188420117788 0.0134620981237408 -0.015930785611943
-0.00295937250606288 -0.102047984143823 -0.00226559227316526 0.113683476749202
0.0359769025869551 -0.0189308454440273 0.0308669740730743 0.164348834922602
0.0174301423292516 -0.0583187933022155 -0.0301558017366278 0.135037814876778
-0.0343399066401834 -0.0456131966252157 -0.0214343799505463 0.131560789850853
-0.0632205900039196 0.00962229028398827 0.0373332608123079 0.107545938314041
-0.0250055366903381 0.0420785603157934 0.0646990723849001 0.067484396225583
0.00569002606764435 0.0394438986426281 0.0722700582353269 0.0409357598183471
0.0299727959744076 0.0287028221519488 0.0638979636733208 0.0311148676554601
0.0420106672442558 0.019724025857674 0.058945599909403 0.0350054823669559
0.0435510100424473 0.0209581903736548 0.0478385338417351 0.0571052740540363
0.0334322924350946 0.0385224373594779 0.00876765941728769 0.0808358398202329
2.46880969791692E-05 0.056393535609081 -0.0459606503970405 0.0828158356433464
-0.0549467153449343 0.0488543908116562 -0.082504056578675 0.0188090013592051
-0.0622810072380678 -0.0191502771463662 -0.0615999036957256 -0.0376020180135544
-0.0150082582910811 -0.0675926418403768 0.00763284356806677 -0.0116896993945638
0.0309849718617157 -0.0507385239044441 -0.00810352261264935 0.12709106155689
-0.0552737374211522 0.00195625289583143 -0.0146017179065826 -0.143346517629375
-0.0131403299758822 0.0407560258701081 -0.0430128646780823 0.0104610635463193
0.0347478300949953 0.0234205595182082 0.0701308447566032 0.0507833440067681
0.0302337816199551 -0.0222832293173114 0.114272460769534 -0.0265271959892531
-0.00214079764383461 -0.0264942581228918 0.0629593315458908 -0.109290912242953
-0.0104996527101701 -0.0110599853032819 -0.0232180778770066 -0.10920457186787
-0.0134109955299712 -0.00942543679152788 -0.0680511364445594 -0.068979220974601
-0.0134337049674301 -0.0104378823813834 -0.0748865368217743 -0.0389076403993075
-0.00326007651532504 -0.00772975916796146 -0.0819228329281013 -0.0288852819154837
0.00454677080658965 -0.00580728468632115 -0.0892729585089858 -0.0401941054617866
0.0114285433666495 -0.00490173614374802 -0.0787067864404716 -0.0729932935022115
0.0205391624847775 0.0177906777554237 -0.0389126876625391 -0.115410104632146
-0.0111602135681254 0.0346175869100197 0.0127352194698232 -0.129934589225164
-0.0572734180245016 0.00430375938446637 0.041056290638213 -0.116501400905923
-0.0596939185103871 -0.0368984203079056 -0.0282673827545374 -0.148803499737134
-0.0749010692147323 -0.0529947855286486 0.0115854212003791 -0.134566638106489
-0.0564683419017712 0.00599212826755757 -0.0364266891731378 0.0158861368435371
-0.0149208056547018 0.0326478410200588 0.0794264463545609 0.061040522892671
0.00546583566628091 0.0193808235073634 0.13028450032459 -0.0242955216262768
0.00203352311019612 0.00921457178304083 0.0726764757908887 -0.113148180977881
0.00820504496585613 0.014255441323002 -0.020678863188059 -0.113013160855582
0.0163724059654191 0.00453234951807972 -0.065349008212729 -0.0689846364882664
0.0168765044070108 -0.000453894750422733 -0.0710452202092615 -0.0372269675842286
0.0244108289584579 0.00904637346593707 -0.0790611972745413 -0.0228615785128849
0.0182154214558797 0.0275237444893511 -0.0898112433514667 -0.0314859674359259
0.001912494039176 0.0320186196818087 -0.0835620758530328 -0.0629968950420473
-0.0188135836176428 0.0466677849622998 -0.0485860367132262 -0.10823866396301
-0.0596237528552823 0.0250704527518773 0.00142944109371652 -0.123283435176086
-0.0866858219015396 -0.0415835121534562 0.026773086376191 -0.0947407224116388
-0.076113526959687 -0.0998630426498845 -0.0314158286690598 -0.111697845081021
-0.0800371332644192 -0.103076956286164 0.0375628753720838 -0.103394678274703
-0.0917467671672721 -0.0391036603824797 -0.0320540221540076 0.0325011124217659
-0.0705834453382267 0.0303349482657304 0.082014725692256 0.0828856784767793
-0.0303940185943762 0.0598320806861529 0.145546842063467 -0.00798436966119449
0.00199077912422338 0.0502827177846423 0.0878857364053974 -0.103915772170942
0.0244164576959389 0.0435783610511276 -0.00829200311444251 -0.10784347531768
0.0440397737235415 0.0216926134119699 -0.0519611432495392 -0.0621223553744552
0.0448295279249436 0.00986789282625532 -0.0568896127664848 -0.0300846600768569
0.0498971346047675 0.0206777779131633 -0.0652456192925915 -0.0110457776360395
0.0348819463028886 0.0516004659318787 -0.0826331005075246 -0.0123641871212467
0.00335127264639144 0.0630305214720029 -0.0886651566951303 -0.038158598621693
-0.041524530745057 0.079903791887833 -0.0662236311376292 -0.0909181725347803
-0.0966686105343372 0.0314859690420599 -0.0175343685253763 -0.114997003786759
-0.112703876723089 -0.0665296407805167 0.0170466974083984 -0.0735501164310362
-0.089271666137491 -0.142755683005097 -0.0286276885378823 -0.0604118942366926
-0.0692280657562007 -0.138476424221026 0.0570952230098763 -0.0503886337427534
-0.109060459513281 -0.0864219189458991 -0.0287144988266172 0.0594340980545664
-0.117653112432156 0.0130432194000756 0.0743558843517017 0.109908370090723
-0.071959196353966 0.0872407632639178 0.148220975523659 0.0214637815316677
-0.00578646756988391 0.0868480741986825 0.100859975740301 -0.0770755860609706
0.0340699548433869 0.0706819130779726 0.0126642362850636 -0.089289184859451
0.0642510103172714 0.0379921000786756 -0.0301136024477707 -0.0487253244002703
0.0668674726609147 0.0183620109739183 -0.0343190917729315 -0.0192760457257249
0.0690566168355465 0.0262320408768442 -0.0428512044293736 0.00363011941511676
0.0497386814382926 0.0637561091594177 -0.0663531569859392 0.0100423091866425
0.0110374883228792 0.0829556863207421 -0.0853761618117207 -0.00756228255091571
-0.0492215478398463 0.105193214329534 -0.0795126057371136 -0.0649201533049193
-0.116519733691039 0.0419576721353595 -0.036397503399614 -0.101169485662447
-0.126509198104556 -0.0752042207655681 0.014030357615379 -0.0554895761184458
-0.0919098782235177 -0.161661269716247 -0.0182427563549238 -0.00544993503039072
-0.0457892135513454 -0.148568160638733 0.0658446746224484 0.015759109323141
-0.0991579738815592 -0.121309120777555 -0.0265031957611972 0.0896678953500546
-0.139016311349394 -0.0168971049722863 0.0543130350575168 0.133371706733096
-0.106687040713285 0.0891496590038861 0.133023259897893 0.0566200379401275
-0.0196902573887747 0.106720634907379 0.104549477260884 -0.0364713451800714
0.0344168307549241 0.0878186594381031 0.0349648431555324 -0.0579309169713745
0.0732115770043257 0.0494500914500919 -0.00248767964151749 -0.0289825590290181
0.0785998447328674 0.0248026018491002 -0.00730206044065009 -0.00539817661989471
0.078684697378088 0.027685109106104 -0.015982525793628 0.0185425948964384
0.058193382056194 0.0658605345089043 -0.0436966486085242 0.0315942339535847
0.0156829985563288 0.0892487148392511 -0.073809323444961 0.0230733865864396
-0.0526085315758103 0.112452476553449 -0.0833125804796839 -0.036392551490375
-0.11931567066721 0.0414825501971466 -0.0490219080519838 -0.0820238189677846
-0.118763379943073 -0.0787020083691385 0.0150344987799269 -0.0408855804613828
-0.0781159337777047 -0.158687649744181 -0.00507165594830659 0.0444813246023229
-0.01655705198369 -0.128820238953927 0.0644114050110743 0.0824704463807734
-0.0658547582157162 -0.130243723754241 -0.0258552944290819 0.117270421373367
-0.126333907581409 -0.0454117446485709 0.0284301378659311 0.144790729979693
-0.118803193904134 0.0681484841374544 0.103785303402443 0.0838483302418866
-0.0321613527962669 0.103735884735012 0.0954917484936776 0.00673038593015479
0.027838411101863 0.0881187995695512 0.0536776659989001 -0.0199444109069147
0.0696502641100497 0.0518359126921848 0.0250669917297355 -0.00555820654213647
0.0781341117631977 0.0260597495814525 0.020166940345804 0.0087786797717593
0.0780825151000797 0.0265081068587033 0.0108641979255241 0.0326042695170254
0.0577162349512376 0.0608812416509981 -0.0201225107566762 0.0504734400628197
0.0147092624622231 0.0856108155269137 -0.0587296049844035 0.0487059037770439
-0.0564848660868238 0.103014882038559 -0.0812177276641617 -0.0105677473535082
-0.110809482390392 0.0263006330194825 -0.0554881037751363 -0.0620182474207133
-0.0945963180926183 -0.0813037334606465 0.0152806664766856 -0.0279670451662146
-0.0484558308178963 -0.138079763869218 0.00436156718259825 0.0858026731703914
0.0112852166412481 -0.0830222183230099 0.0545531092337015 0.135535914282585
-0.0249050078839111 -0.107080136167103 -0.0264450043717927 0.135215382964288
-0.0879406649834901 -0.055188975969438 0.00305508315958738 0.144459183547833
-0.102162541382265 0.0407267210813078 0.0702333905644695 0.099957453244022
-0.0329132465039871 0.0803902534168996 0.0804166180632271 0.0422773449478146
0.018044167875609 0.0704192344672238 0.0665498026626165 0.0141908060224794
0.0553751257374834 0.0435090469245891 0.0494927564592567 0.0147283992363644
0.0663238172344503 0.0231034504904883 0.045060470626553 0.0218960139340951
0.0662576211361272 0.0234556587750645 0.0348888582327875 0.0452350442999237
0.0499393030793504 0.0507012925246655 0.000594261877203343 0.0676300337204185
0.00993489823235462 0.074715275385987 -0.0470588517163797 0.0696752748061817
-0.0572453295334873 0.0819665571334854 -0.0797886848723708 0.00972577898704263
-0.0920327345281715 0.00452617214735547 -0.0601648697376052 -0.0449674692550248
-0.0593261166382677 -0.0797368079228637 0.0122514896419174 -0.0176160461866424
-0.0106791352201667 -0.101968456411996 0.00711754094913482 0.114404287155069
0.0357495917402831 -0.0212348866481962 0.0427547823189697 0.164683169748267
0.0135869671644824 -0.0605002045996084 -0.0229956805197067 0.139225185807527
-0.0380032546511912 -0.0440841386114071 -0.0137581379309922 0.136785130684737
-0.0631003890231029 0.0154883763027216 0.0452937416389773 0.107266302930474
-0.0217884049657201 0.0448435775904477 0.0708616312304522 0.0641338733343799
0.00883895191540197 0.039962892549862 0.0765616202900279 0.0357667164038276
0.0330977244536406 0.0264467739673182 0.0670650215287921 0.0269452840800641
0.0440090497779354 0.0157011406928959 0.0622513988450403 0.0309640092218497
0.0456901833786762 0.017557889198345 0.0523712679091917 0.0545576169838925
0.0371909583605549 0.0357375228035833 0.0142196909370731 0.0823967681600181
0.00482105521075334 0.0573332732273297 -0.0414352262763127 0.0874988186619226
-0.0514179836051007 0.0539447850277667 -0.0845871837743674 0.024959110672682
-0.0642487337713486 -0.0154551582568199 -0.0671781891207099 -0.034342337456058
-0.0200839357516138 -0.0676263803908546 0.006479428045043 -0.0130273658279004
0.0277239209683205 -0.052889256369157 0.00212379422724847 0.1283351336253
-0.053227694752502 0.00474868251977131 -0.0227980120525128 -0.138604693044884
-0.010656090739963 0.0412376404168782 -0.0417305744646327 0.0137557882098673
0.0355154868019867 0.0208335264655319 0.0725192506628072 0.0472761406258501
0.0283193820058264 -0.0238875902596194 0.111583063164432 -0.0312335306243783
-0.00382662247829275 -0.0260599377322475 0.0573136830334793 -0.110908151073435
-0.0111212553978336 -0.0102468013156519 -0.0272243028870661 -0.106058781176605
-0.0134804091651435 -0.00781612841181961 -0.0692485469575131 -0.0637043514228274
-0.0141363952522471 -0.008436158285774 -0.0751811454257873 -0.0347547670211868
-0.0036133786479911 -0.00719309607768872 -0.0820287352279177 -0.0238000277109967
0.00386495945146544 -0.00522437475716169 -0.0888524622141883 -0.0348701551586239
0.0102731108440785 -0.00579139314470588 -0.0808869947654252 -0.0674037127350774
0.0216184999179845 0.0153439863782671 -0.0449014847299191 -0.111907655164897
-0.00930658337953628 0.0343744280486768 0.00710639733753675 -0.128701191612366
-0.0563880762985615 0.00820065474563737 0.0372548536633751 -0.117118508591417
-0.0599562874030241 -0.0321351747531837 -0.0334208881742092 -0.144536794782864
-0.0749338933242907 -0.0476998969415442 0.00329483246121879 -0.13222734076424
-0.0545058296097308 0.00883944165629837 -0.0357379391721611 0.0190552546768513
-0.012635051550767 0.032370663215506 0.0812744637577687 0.0565584800588354
0.00627003974253402 0.0180296937215112 0.127378908017771 -0.0299822527403554
0.00233289573959654 0.00862538595436659 0.066603207556535 -0.115124213769076
0.00831268679246691 0.0135157396156207 -0.0248519739520039 -0.109879691522875
0.0160805260560283 0.00406918032434516 -0.066647379979475 -0.0639020858734324
0.0155399146843953 -0.000578578167979712 -0.0713552405056792 -0.0331007294960989
0.0243561191100207 0.00770946957075959 -0.078564881267401 -0.0186385636351252
0.0185246680976416 0.0265050618502046 -0.0895067077097987 -0.0260857016618492
0.00274883574873259 0.0311348807170417 -0.0858346614857458 -0.0577201833436025
-0.0159736589460534 0.045636671528843 -0.053691627678931 -0.104307031388869
-0.0566370772712988 0.0269989418720969 -0.00394078785149628 -0.121653277564468
-0.0867368716632602 -0.036447148074645 0.0238874237549118 -0.0956569758333423
-0.0791319848903042 -0.093243003140629 -0.0344634495593381 -0.108303547084441
-0.082592959893298 -0.0960548239530759 0.0300834265876781 -0.1027190496139
-0.0918155989961027 -0.0334390313066951 -0.0312828239580074 0.0347471224329518
-0.0663471889288905 0.0325287115521548 0.0849381541620951 0.0785899162074768
-0.02618922834359 0.0597866803319152 0.142475596483962 -0.0148583987575641
0.00438620139600381 0.0485360248725928 0.0816271536978298 -0.106576588295385
0.026006574607188 0.041295615262932 -0.0126347370384683 -0.105167210107179
0.0439560995933446 0.01924133553759 -0.0538753623637305 -0.0585655127742533
0.0434540369101522 0.00803590509101184 -0.0575311737045796 -0.0270767917554355
0.0494071937879511 0.0179090331122285 -0.0645805532859173 -0.00730950593460255
0.0359531936196756 0.0489297867288244 -0.0817302180249906 -0.00760671332889197
0.00558272769923312 0.0614315740001438 -0.0898396481233964 -0.0329522212449948
-0.036682265569877 0.0795245385060325 -0.070384331926572 -0.0863228347364864
-0.0919963047605952 0.0351071629324037 -0.0238264918528847 -0.112422483849531
-0.113438637423112 -0.0600051975900271 0.0147308814169623 -0.0744258313353015
-0.0937664110627017 -0.133583734063829 -0.0292169316636413 -0.0581534944856321
-0.0734544630478922 -0.131839841870901 0.0517237040994153 -0.0519316372948992
-0.110841088139772 -0.0789883572597962 -0.0266703371626486 0.0603884168496993
-0.113831546113319 0.0184360281191361 0.0782338445797545 0.105595234635053
-0.0647988373752902 0.0890070101431512 0.146922902549634 0.0139039807365891
-0.00130490058278698 0.0851038729197385 0.0959235211438992 -0.0811293958179403
0.0370116864627899 0.067192744971767 0.00842304658511447 -0.0882097696756224
0.0642259437614525 0.0342621688370408 -0.0315957298443571 -0.0463335179359388
0.06457182430562 0.0147918127839299 -0.0351275758872261 -0.0175507892579578
0.0681259125369842 0.0221703415586104 -0.0420462876189373 0.00585113997414895
0.0510768349887918 0.0600425986108225 -0.0647470570014677 0.0145350421308266
0.014013730420026 0.0802275693715164 -0.0844074986396884 -0.00249654890506778
-0.0428131248544946 0.105009962901422 -0.0823345372828839 -0.0597202493370086
-0.110810556091401 0.0463271216861692 -0.0420778014365577 -0.0975623193801431
-0.127119655363611 -0.067330910967209 0.0123158409256512 -0.0569175397940038
-0.0971632602821581 -0.151927630055133 -0.0164510947112741 -0.00562661960401402
-0.050641340679834 -0.142349581584306 0.063733160082128 0.0124087938230921
-0.102395703867235 -0.114340344335427 -0.0236088812156984 0.0902709463571131
-0.136302610775348 -0.00985655231921708 0.0593156501730274 0.129589479217122
-0.0985437110567116 0.0927133753714027 0.133906201116712 0.048825026185374
-0.0137300900380036 0.105130311251094 0.101947920216602 -0.0416237481048499
0.0381192572727487 0.083699855464708 0.0319925684362064 -0.0584406971256253
0.0738244818617841 0.0452963961430262 -0.00397895599955845 -0.028397209465255
0.0767681338610147 0.0196228631732609 -0.00790185044175612 -0.00509602342457788
0.0778434240884737 0.0229631625752061 -0.0149802263518622 0.0189061300220026
0.0595958995141055 0.0613502107038242 -0.0417190316815639 0.0345168747369561
0.0192459772523707 0.0865077132364135 -0.0715420124201952 0.0271122673894453
-0.0456871719278794 0.112168297570332 -0.0849287275013958 -0.0305157538925317
-0.113651791830485 0.0455858839532058 -0.0538387070095299 -0.0781491222560998
-0.119955086338502 -0.0715085840475953 0.0133127057562908 -0.0418536175716502
-0.0833740345815489 -0.149554397429509 -0.00111719219378876 0.0430187413764072
-0.0211328674785386 -0.124854611885709 0.0656591878627844 0.0773463237226806
-0.0701874280506628 -0.124464673071782 -0.021751344540435 0.117130096831403
-0.125241510536646 -0.0382775156639347 0.0339715143984699 0.142173852482506
-0.111850826899773 0.0733825463504816 0.105846492687032 0.0774715608221546
-0.0255847823297377 0.102686037887334 0.094914763113415 0.00191718455359189
0.0314766137951617 0.0844108252280667 0.05206696819159 -0.0222916420084512
0.0703530798548837 0.0470272445288351 0.0241851497197854 -0.00689038925716584
0.0769956142392564 0.0212760981906036 0.019817854171193 0.00758532383080315
0.0770012852465314 0.0217322903428377 0.011883430909802 0.0315729095708678
0.0592907314354204 0.0563693865980894 -0.0175587113998203 0.0519679506896588
0.0182222977322723 0.0830825550765246 -0.0561724672655529 0.0507763367077928
-0.0492024035314454 0.10369460097883 -0.0814447460011339 -0.00582140964386481
-0.106115615248808 0.0303545940353938 -0.0594777842173255 -0.0582011541929658
-0.096251745545228 -0.0756344424115684 0.0134923618422997 -0.0288515610414419
-0.0536815757851882 -0.131277099521738 0.00991246010023386 0.0824121349280028
0.00762137709889186 -0.0812909776307957 0.058475520258911 0.129870820422076
-0.0293306080394112 -0.103499430642362 -0.0215564877227259 0.13466104823603
-0.0884838903505082 -0.0499268397447501 0.00950770773786507 0.142922357509577
-0.0975814399401633 0.0455198816557364 0.0731015904251276 0.0944690968402825
-0.0275294590184545 0.0801469701137038 0.0809975281345258 0.0384060828885445
0.0217398091328294 0.0677265337129101 0.0666481064452693 0.0107727682153764
0.0564698071827623 0.0395257430026894 0.0487782950370808 0.0121162873848637
0.0649448471120871 0.0182696779985317 0.0444456970483769 0.0190245890772887
0.0659174900164343 0.0189166813377241 0.0359899188856043 0.0425701940289438
0.0510600635377354 0.0462017830856966 0.00306085177202386 0.0673739839016471
0.0133881550451325 0.0723902607112499 -0.043272648228391 0.0715113101911856
-0.0517125848403159 0.0840179757401041 -0.0789772638054341 0.0138883601537219
-0.0895193613279159 0.00852265495142275 -0.0629630252599981 -0.0411083985446261
-0.0624567487154577 -0.0757074437754307 0.0111413661650394 -0.0184088891680097
-0.0147146754717051 -0.0984151011817427 0.0135907310112776 0.110840415090867
0.0347070301982793 -0.0222503554341938 0.0492184407336427 0.158775300792408
0.0103542157052447 -0.0600387069391403 -0.018450511052174 0.138530991014626
-0.0395098712450567 -0.0412862080958608 -0.00759814711475859 0.135950128815665
-0.0602381224109474 0.0194663215591279 0.0499588602512225 0.103298021431758
-0.0186563207803655 0.0450326871029468 0.0729773084583067 0.0598993586116444
0.0110043107879408 0.0384400516121686 0.0771229326787379 0.0313738028799555
0.0340004325249712 0.0239775874743411 0.0667601350810854 0.0230577120974918
0.0437059763259838 0.0121326424303015 0.0620799688083885 0.0270142493787249
0.0453744967834491 0.0139978474652079 0.0536160049285643 0.0509134941386921
0.0377948478815001 0.0324366682020493 0.0173985124992263 0.0813307405931613
0.00809888872012987 0.0556168515672635 -0.0368508453244477 0.0883485847671582
-0.0466656948974039 0.0561421165167834 -0.0827328093990205 0.0292791919115835
-0.0639416094976903 -0.0125365587363288 -0.0686941606964103 -0.0299122824983197
-0.0232867073291325 -0.0655108248225759 0.00587818831318088 -0.0137284674236067
0.0250824446484491 -0.0522179522804314 0.00943919254435362 0.124513350857771
-0.0510593630448157 0.00579011107218191 -0.0246122495053364 -0.133950105724221
-0.0095835393247785 0.0403997127647309 -0.0408734338292139 0.0158379843470461
0.0349543156077863 0.0194291957213168 0.072068963259055 0.0464315088554323
0.0276875485976307 -0.0241101041578461 0.109275406708433 -0.0313665364130743
-0.00446396162582883 -0.0252894507439958 0.0561587254690226 -0.109465042241631
-0.011112149015005 -0.00958594357878058 -0.0272288761904049 -0.103911757284601
-0.0132298036622086 -0.00740104623687653 -0.0674186860121083 -0.0610805735378093
-0.0142641395217996 -0.00674421660929245 -0.0733237991915285 -0.0327443763536791
-0.00365370149039893 -0.00672902705592396 -0.0803912019071703 -0.0226045305177941
0.00342203316852436 -0.0048128703040655 -0.0871611202438281 -0.0329409661050192
0.00964939539076569 -0.00576798082229756 -0.0803062333754632 -0.0649832219832516
0.0210458065847971 0.0141068766612507 -0.0452298679384439 -0.109492507801086
-0.00872341051872037 0.0333319149152818 0.006763493906493 -0.126391120437157
-0.0552801972729154 0.0097884501437937 0.0373297893123136 -0.11631360940523
-0.0583418121884326 -0.030039448112569 -0.033013454713666 -0.140929629996021
-0.0727265616623197 -0.0450008404130378 0.000321251561389627 -0.127986918968159
-0.0526139563020621 0.0100248739322165 -0.0355753352569808 0.0209054575896717
-0.0114029277418993 0.0310934813840533 0.0811322216636246 0.0558951516608998
0.00696027513547607 0.0172248648719382 0.125210881698102 -0.0306934588192515
0.00197315480993118 0.0082293131299984 0.064471816928441 -0.114070751506518
0.00827646783761389 0.0131470734326641 -0.0250558786114851 -0.107101967756905
0.0153906360272724 0.00417039545197115 -0.0658701536479278 -0.0617532423834479
0.0144981856642266 3.49333609890689E-05 -0.0703265534295043 -0.0311933926374095
0.0234762666806673 0.00780955832495943 -0.0771374296368424 -0.017194732897739
0.018126523387601 0.0259537549927836 -0.0876235878334942 -0.0240304120900213
0.00217553673585827 0.0301723926266634 -0.0849342865703494 -0.0548811858525352
-0.0151139333640158 0.043669446853095 -0.0541541309706757 -0.101532965531407
-0.0546071332433756 0.0266059357031795 -0.00509195856449537 -0.119625708381175
-0.0854578979767173 -0.0337966691992995 0.0248639586387197 -0.094984317096646
-0.0773171784098736 -0.0889905139962911 -0.0335335536604005 -0.105883752543711
-0.0802392657993334 -0.0926681888550048 0.0269068686553978 -0.100257812142747
-0.0893480443111587 -0.0312495358988818 -0.0312772573686669 0.0360796711325198
-0.0638466257489648 0.0322668414861446 0.0842405719000059 0.0770760310299203
-0.0241918633863264 0.0582793813898439 0.139389617005911 -0.0162474516790749
0.00470923444082592 0.0472827002017346 0.0796411408278966 -0.105422820490792
0.0254470117047519 0.0397321807468739 -0.0128619618058874 -0.102890525262134
0.0424639880516521 0.0187122127145333 -0.053125736087196 -0.0566221239542479
0.0417115639564379 0.00755074198059744 -0.0562330108020664 -0.0259032296550557
0.0481505453199881 0.0173061563032145 -0.0634051814916886 -0.00654302108185574
0.0349115042252342 0.0478219116919131 -0.0796983270521881 -0.00538260174027272
0.00546059016638529 0.0597771549369704 -0.0889894838864304 -0.0307615104406737
-0.034584120598131 0.0770563290093428 -0.0703322536045878 -0.0838196807476917
-0.0886936380321584 0.0344805247702773 -0.024246658587444 -0.110365110164319
-0.111432805362637 -0.0564355678721879 0.0157129052585065 -0.0744535301354113
-0.0914214828968868 -0.128320157062487 -0.0278803972042162 -0.0573452615193996
-0.072062707722954 -0.126829693278695 0.0485301920356032 -0.0509621742122268
-0.108319648165583 -0.0754400054949091 -0.0271307250695157 0.0608037398013251
-0.109365915635634 0.019056345552126 0.0773621841280984 0.103828074119166
-0.0613165552465134 0.0874256355994594 0.144113354528761 0.0122365419426972
0.000191729443177303 0.0825962490496604 0.0939144712220541 -0.0812128550177227
0.0363698064684787 0.0644498874495747 0.00795540847517334 -0.0862438513268127
0.0629061535240387 0.0325242637423951 -0.0315794523125835 -0.0446636217643338
0.0625154633164854 0.0138791829738334 -0.0346495602141599 -0.0165360351092208
0.0662692390472984 0.0209526091898659 -0.0413703142873715 0.00589450089371464
0.0503687873652731 0.0581057295944008 -0.0633099684005334 0.0156729454539074
0.0137144776558384 0.0780178069093718 -0.0842401417021595 -0.00102539671688828
-0.0403772025323648 0.102192629235429 -0.082541303435823 -0.0572932522418481
-0.106731480437731 0.0456291790441838 -0.0427475479603415 -0.0953663967770396
-0.124706054962456 -0.0646837715562066 0.0129094530588318 -0.0566436205513967
-0.0947755917767392 -0.145690286176254 -0.0147450573468869 -0.00641232770798594
-0.0503980193818187 -0.138306981232276 0.0608906315680696 0.011015217878457
-0.100808360846105 -0.110263679038136 -0.0241084456693472 0.0895259808039691
-0.131557200385322 -0.00870825406708264 0.0592089508445993 0.127481933573297
-0.0937534418581848 0.0917791128777742 0.131333003043417 0.0467875907011319
-0.0118892879618902 0.102537008901304 0.0997271180841813 -0.0418448400990959
0.0382607901050909 0.0807902288698216 0.0307244993857872 -0.0580571605837149
0.0723166736634214 0.04298933286998 -0.00474883083607457 -0.027290493845175
0.0740778369942716 0.0180684762882694 -0.00847617645594099 -0.00498571473268481
0.0757422886583978 0.0212878923199743 -0.0150353403282871 0.0184974468064253
0.0585148821740224 0.0594085255531534 -0.0402721090111661 0.0350222871501348
0.0192504932637286 0.0838851635605144 -0.0713666859098628 0.0277336179779886
-0.042701552317521 0.110013441828506 -0.084220458952826 -0.028919772897706
-0.10929984189927 0.0444955234048317 -0.0549637421454333 -0.0754710646098349
-0.117769100298347 -0.0687169371826965 0.0132552308330494 -0.042320753034927
-0.0816054203375731 -0.143506074998776 0.000295762377632038 0.0404026651512899
-0.0212577272259476 -0.121368461310026 0.0638588819122019 0.0747034608897075
-0.0694479509228396 -0.120940453432937 -0.0221138607753685 0.115339911333683
-0.121378434122394 -0.0363592547136265 0.0344812809451232 0.140188858114492
-0.107370779548242 0.0730341931315284 0.104289540477414 0.0752785343282445
-0.0235704912580738 0.100508961249125 0.0931326811169941 0.000597637706976659
0.0316024851141128 0.0816756680291173 0.0510398324814667 -0.023109866175323
0.0692856867007589 0.0448867105219613 0.0233642479642381 -0.00727555620805811
0.0744562111639895 0.018811170481319 0.0188822391977596 0.00733705537696473
0.0750259977653863 0.0198018324967437 0.0112007077432751 0.030479378400605
0.0578790686083616 0.0538614162997393 -0.0167982367673611 0.0518545879867165
0.0188795133622986 0.0805723606618387 -0.0552185181770031 0.05099305035695
-0.0462027400093883 0.101926671616334 -0.0808575998085045 -0.00415972037342053
-0.102761979547043 0.0300138188970834 -0.0602119242287963 -0.0557753036011177
-0.0945433450559864 -0.0730222086447821 0.0134346829707564 -0.0295625938942125
-0.0523053209373454 -0.126075428431977 0.0117001043248751 0.0791589699821982
0.00761045851620673 -0.0793950559952433 0.0574265905532503 0.126182977163278
-0.0291847950140815 -0.10127014195176 -0.0214971579386943 0.132704880922945
-0.0865262866038358 -0.0484741374765149 0.0103394673347184 0.141287493383621
-0.0935022367248797 0.0461213057811363 0.0726232556743229 0.0923844760473449
-0.0256276562188202 0.0783978302295916 0.0805242828152668 0.0357994333563884
0.0220572930667719 0.0659443870398148 0.065296330497369 0.00940344901902113
0.0555591875385415 0.0375881384298403 0.0473330256970612 0.0110679425571035
0.0631947343744331 0.0160000357339509 0.0430414482702757 0.0180921889638027
0.0642981264977993 0.0169909734757425 0.0347668501422325 0.0410060699500245
0.0503057864417204 0.0444145537560401 0.00347412688866704 0.0671079825723702
0.0143155905380217 0.0703220682514145 -0.0425512389338839 0.0704620051842348
-0.048499738773131 0.0828304047723218 -0.0784276868779534 0.0147631307756544
-0.0872453935583499 0.00861485383642193 -0.0633195319630429 -0.0389572436383231
-0.0615449879844281 -0.0733350695707626 0.0109375716997553 -0.0194849360699704
-0.0141289776390008 -0.0946429100156555 0.0152855050935107 0.106704956410916
0.0344585869408522 -0.0224265601312549 0.048315200990209 0.153546504514549
0.00999975545650145 -0.0589893571608958 -0.0183025749612766 0.135997763185325
-0.0389082001157101 -0.0399508707256412 -0.00657198832139115 0.134373322910442
-0.0577168688189419 0.0204446690387587 0.0493888546271008 0.101132542760863
-0.0175639681595159 0.0445400296807785 0.0720662120219265 0.0586083936801887
0.0113199319276341 0.0372971476783759 0.0757844812126113 0.0296451004600987
0.0334367422827729 0.0228283037287887 0.0656304497567227 0.0218985537288225
0.0421244823417531 0.0102574226888588 0.0607692853198855 0.0253676657543805
0.0447019176286977 0.0121754860986012 0.0519053654658178 0.0490115104710173
0.0370599735674782 0.0304078762006883 0.0176706456981977 0.080034195585447
0.00903150903117642 0.0539287432911485 -0.0361373351246738 0.0868337231276239
-0.0444375069697709 0.055711403368631 -0.0813602538547661 0.0295587216713363
-0.0624431788722874 -0.0120935109715071 -0.0688998172062852 -0.0283257261875996
-0.0232416406730783 -0.0637621866807116 0.00540289262593202 -0.0146822983779429
0.0243982167433104 -0.0503310906206241 0.0116716908796323 0.12007393145182
-0.0501769429048744 0.00528612687295718 -0.0235423941670586 -0.133704664752859
-0.0101419988334033 0.0404831394827694 -0.0409616350530089 0.0166842923648485
0.0347489023076729 0.0189950190240468 0.072500427490109 0.048385583108989
0.0274705631755524 -0.0243481277630097 0.110681695068943 -0.0290804610575755
-0.00413850730740606 -0.0251093233086442 0.0585518266530101 -0.109221938603279
-0.0109926048893183 -0.00938915956441512 -0.0247432434432749 -0.10476902406539
-0.0131940176037804 -0.00703414871324341 -0.0662934809168982 -0.0615773983448273
-0.0145417458871753 -0.00620383237193149 -0.0734098693712234 -0.0337048284424633
-0.00377007129450111 -0.0061949735417782 -0.0798407803717779 -0.0236387387112549
0.00349822148097438 -0.00475692252415345 -0.0868669085245654 -0.034584213649614
0.00926347783729279 -0.00596102951713873 -0.0797766681441334 -0.0659801150643478
0.0205788860210201 0.0130305448365759 -0.044395492701343 -0.110364122627304
-0.0086111655256499 0.0332564661557354 0.00966942948478644 -0.127009778289946
-0.0553535520740493 0.00999587378203067 0.0414738447778611 -0.117376700440279
-0.0572207433998544 -0.0310808825190371 -0.0299526185608573 -0.141388264288555
-0.071210099575332 -0.0458769849774522 0.00124230142277597 -0.127415088529868
-0.0525305421358258 0.00920013368881647 -0.0362978371663365 0.0219236401240999
-0.0113905862310314 0.0304307058814035 0.0813170091931848 0.0581261364299313
0.00695930980426507 0.0166575436495456 0.126016836730243 -0.0289131240697748
0.00192602588453704 0.00805604640166555 0.0670687411465545 -0.113563111195745
0.0074285138508291 0.0134071091071171 -0.0228336041848815 -0.107596386663191
0.0153305251332449 0.0046853027840708 -0.0642585497886082 -0.0624107779115006
0.0138220583084174 0.000927899678860853 -0.0697536665319207 -0.0320896734552638
0.0231073042527931 0.00862633180791074 -0.0770977953990336 -0.0182567119129975
0.0175998785944186 0.027073910024839 -0.0875157438197438 -0.0251262052907748
0.000860935492312048 0.0294977511563681 -0.0849838833445927 -0.0564501426302366
-0.0157117716904171 0.0420695963485852 -0.0536970976923488 -0.103110041971777
-0.0543420052872865 0.0252006271908656 -0.00291117598526631 -0.120266421998909
-0.0844535103763477 -0.0343089650644472 0.0283705214570677 -0.0962568287825198
-0.074634715140876 -0.0891060557936273 -0.0306041943917887 -0.106877927746795
-0.0778801430858414 -0.0936319280294129 0.0272835438071127 -0.0989652372384525
-0.0882088926529369 -0.0323849774978941 -0.0324666880772798 0.0372247459288722
-0.0631311779446789 0.0310388562011325 0.0840238568213893 0.0799347301310702
-0.0240346727480259 0.0571219099804429 0.140238876177914 -0.0137557263807135
0.00389371246326963 0.0471067362588926 0.0819285770344011 -0.105441918080655
0.0243630746641104 0.0396166151294281 -0.0109895265173005 -0.102920090036879
0.0420893512052318 0.0189269874362856 -0.0525738711909879 -0.0568385218469873
0.0402641027926098 0.008771412474348 -0.0565259904424362 -0.0262602814274279
0.0471433861371512 0.0181504398713283 -0.0637902169352054 -0.00728183221942681
0.0343243243943135 0.0487257160963586 -0.0802368302196096 -0.0059634200265248
0.00392947442120921 0.0596142927801112 -0.089571477286407 -0.0317983182397469
-0.0352891408195204 0.0752234501457409 -0.0706481808263652 -0.0844606454450155
-0.0885473945437023 0.0321311712748036 -0.0237374388355458 -0.111500951931429
-0.110191854170544 -0.0583296729120813 0.0187190570603476 -0.0756880990677114
-0.0881607481387216 -0.128521992763231 -0.0261521327933578 -0.0584130875442267
-0.0691484483881551 -0.127464261159353 0.0477968255297776 -0.0500525477620631
-0.106755519714413 -0.0769412611156381 -0.0297535841996447 0.0619151147424336
-0.108444445134111 0.0170048228807223 0.0763726262510463 0.10610834492447
-0.0612901597821033 0.0857821182484954 0.144886124361376 0.0145411646461536
-0.00107486830525446 0.0822014126146089 0.0959820419877939 -0.0807051118935643
0.0354089601979319 0.0647604195055689 0.00924241428980381 -0.0861572259634727
0.0619469250238317 0.0334141020312918 -0.0312430525689138 -0.0451373455880214
0.0609952088905436 0.0146031118082046 -0.035066387173595 -0.0167456640122427
0.065470673892122 0.0220346772824885 -0.042564385971557 0.00582298637330339
0.0489017402465532 0.0591321094281055 -0.0638609916115769 0.0157873140190787
0.012307452628702 0.0779500136772865 -0.0854284430433723 -0.00168171469947807
-0.0408663960974195 0.100610159931031 -0.0827154497212844 -0.058396682491254
-0.10643125289021 0.0424930172027773 -0.0427143466141309 -0.09601536104721
-0.122960285953294 -0.0666205508964456 0.0150338121814776 -0.0584856031882656
-0.091182703262504 -0.145915749501677 -0.0134622176696692 -0.00746675937485657
-0.0471692215626227 -0.13840861348795 0.0597846593916036 0.0123018254058361
-0.098398744880491 -0.11150743802645 -0.0271297295888829 0.0900878057222128
-0.130052428444644 -0.0105128742500284 0.0571700850304699 0.130120862395631
-0.0941619019665068 0.0900519272387687 0.131676123494554 0.0491703024648712
-0.0130260989787648 0.102035838832528 0.101613482123757 -0.0414472892122532
0.036700010896846 0.0811005721034022 0.0321109592429568 -0.0575875596719449
0.0715343639777756 0.0436923974155437 -0.0044083879037785 -0.0271285256947164
0.0730248996638583 0.0186904769257362 -0.00848534097542704 -0.00456002521893562
0.0746850936440136 0.0223860683392559 -0.0164496539423725 0.0186176949425605
0.0569558136522004 0.0598284283299779 -0.041101218290259 0.0357817350776203
0.0178909375665172 0.0838333242325889 -0.0729728260990932 0.027698530164
-0.0436020807781774 0.108841611535016 -0.0851852319041274 -0.0297154348099446
-0.109387156968978 0.0418368085730909 -0.0552909528952715 -0.0765530614067522
-0.116418845499862 -0.0706220709996966 0.0150570953493019 -0.0437238020722908
-0.0780427942533506 -0.143160952453557 0.000921909717470523 0.0396436170541139
-0.0185282723164775 -0.121485397321697 0.0615276975270782 0.0755341014756915
-0.0670739321165472 -0.121581321121189 -0.025891970336039 0.1162104223155
-0.120205224551112 -0.0382670620288282 0.0321886273650774 0.14175275218543
-0.107272927552426 0.0716511491049583 0.103584745508472 0.0773953812227869
-0.0245406865566935 0.0997207382527661 0.0943555887816575 0.00142576928964779
0.0305520930102251 0.0819362808057833 0.0514256577798804 -0.0225586961600486
0.0683981178346326 0.0456743015582823 0.0232975107976768 -0.00670986101091799
0.0733647516205059 0.0192715791736 0.0185358708874973 0.00797424683844126
0.0740910575723803 0.0205664701331156 0.0100178929189888 0.0310043335917187
0.0568883998056139 0.0546687484449046 -0.017732800947232 0.0526958124386318
0.0176895659228476 0.0803494355365663 -0.0572276290379062 0.0504923573305252
-0.0465964347704836 0.1014180399808 -0.0820308536744734 -0.00526489568596184
-0.102779667084602 0.0275672378588157 -0.0610375498154559 -0.0560762239054974
-0.0935454214427217 -0.0744570336156571 0.014004528092367 -0.0307308220951065
-0.0493223898887984 -0.12570730182921 0.0117538947834576 0.0780956607077735
0.00976830741771746 -0.0796949390607731 0.0543842727933185 0.125612081502256
-0.0275252267745148 -0.102002388296774 -0.0253837596484354 0.132846257696783
-0.084926207496335 -0.0498509540173673 0.00766609935252248 0.142422692580415
-0.0934430034848729 0.0450854842610261 0.0714053507992475 0.0939546201113707
-0.0266919087319861 0.0782835465065148 0.0801469220309909 0.0367055079058446
0.0212050278866086 0.0661626878258433 0.0653444504935723 0.0100652616420311
0.055097936518484 0.0378467245244321 0.0475719517794445 0.0119695105461758
0.0620854277112314 0.0159592856610129 0.0421553416006927 0.0188798527609987
0.063916313781577 0.0168791176138422 0.0335563485706166 0.0418346580975145
0.0493721657420641 0.0444910588622498 0.00251787856054778 0.0676125380798031
0.0135916136881923 0.0699482661599704 -0.0447006781846131 0.0705170137848056
-0.0482848370074939 0.0820667187691425 -0.0795437984585449 0.0138935020615382
-0.0871611446697871 0.0069010322253305 -0.0640902527878303 -0.0395038510356749
-0.0605735779876193 -0.0746516583972306 0.0110540352826287 -0.019702581575618
-0.0119242963770844 -0.0936121932792834 0.015061221237631 0.105960267883016
0.0350679721584881 -0.0225023061689731 0.0453076711394569 0.153962791466074
0.0108000896245899 -0.0587513268932665 -0.021868221648671 0.136241009917764
-0.0380165068701554 -0.0408910929524907 -0.00894006337997412 0.13557059786517
-0.0571210932391058 0.0203054641461962 0.0479496334580255 0.102756071670207
-0.0179500615117605 0.0447406915482909 0.0717116525120148 0.0589638635921995
0.0106717135970926 0.0374717888350662 0.0754652867805871 0.0298419498647893
0.0334199707973147 0.0224386995111038 0.065249568453072 0.0225328730963919
0.0419527081382532 0.00996128846105984 0.0598176662164654 0.0260041138267884
0.0441510850668468 0.0116698579874396 0.0505965609828983 0.0506257026289953
0.0362568653999124 0.0307135259049571 0.0163913668924226 0.0808869430508337
0.00912916668800897 0.0536047056081628 -0.0386179639862606 0.0866962506818149
-0.0442433601732713 0.0558617101761886 -0.0830992438157486 0.0288264814283217
-0.062487876439758 -0.0133477667891383 -0.0693507091551994 -0.0292486491672056
-0.0223296608809721 -0.0637715115360368 0.00572414323750411 -0.0154290906798901
0.0261160415100785 -0.0493442774934508 0.0104540765221291 0.119204714238697
-0.0463402570848803 0.0262485579918772 -0.0787281527388236 -0.113552965206454
0.00786210664028706 0.0419138077509962 -0.0292700682687504 0.0352798536267693
0.0398006938514068 0.00249494505766577 0.0912595239344427 0.0133420293240573
0.013778169285859 -0.0348576438922279 0.0930781279976501 -0.0770363045014423
-0.0166098850498031 -0.0207442991405258 0.00640236546652506 -0.129195820330357
-0.0149153335182853 -0.00365159757974339 -0.0685720831289339 -0.0887130568448171
-0.0151593456997314 -0.000898590133130563 -0.0885633280935133 -0.0298771204284821
-0.0156032488034021 0.00102680828576798 -0.0835910562469833 1.30006899755665E-07
-0.00625439287442107 -0.00441238108951667 -0.0854968026438273 0.0127507662335021
0.0010706026053459 -0.0049649166160864 -0.0962870250358644 0.00556994660590643
0.00471471319599571 -0.00932042371530674 -0.101844639347584 -0.0265925048193781
0.023389684772584 0.00132503160373371 -0.0890856985100094 -0.083003248075227
0.00634548816878465 0.0340522651383557 -0.0457638728199863 -0.123258102509185
-0.0469980445971686 0.0326023136757404 -0.00871463489194184 -0.132996467691353
-0.0689767626193622 -0.00480627296542492 -0.0833622610388806 -0.12492457963649
-0.0859392330280479 -0.0141013523393949 -0.0550798804778328 -0.118384041435897
-0.0440845867595726 0.0293920263721334 -0.0243876534555371 0.0394703814048624
0.000738543325131211 0.0306505346814491 0.103182604447724 0.0216933101283739
0.0112570011910731 0.0105383136739949 0.108059421783696 -0.0804923531005339
0.00241906716612923 0.0077046197175925 0.0146438483475437 -0.136669693925448
0.0119066663974781 0.0102579809660064 -0.0671740780518208 -0.0916967855332397
0.0159278715854185 -0.00181567949301627 -0.0863901016321532 -0.0308712908223737
0.0139028479767234 -0.00319552256491774 -0.0794400706396299 0.000290060663688577
0.0253560113686179 -0.00115563683811371 -0.0805450831367924 0.0174980820724099
0.0276074890315259 0.019305469080648 -0.0934533118648491 0.0153751328990443
0.0120289725502569 0.0287630078906046 -0.105109873633017 -0.0155858402211782
0.00169360281637007 0.0440307831090516 -0.0978174624726815 -0.0732517849561758
-0.0409394903561548 0.0451062499021142 -0.0555142888136112 -0.114212951912002
-0.0940076249003961 0.00264924474748578 -0.0104130105341458 -0.109309709076325
-0.111735632469186 -0.0534204227854052 -0.0662548675847914 -0.0919009827814997
-0.110798947940471 -0.0569220225150955 -0.0214044499153107 -0.103664712801205
-0.093424218825306 0.0049658954668352 -0.0163792998624631 0.0528668735575132
-0.0467408763796366 0.0514648381228288 0.113937614503861 0.0432631245520147
-0.00047418017743382 0.0598006526836471 0.128510427747247 -0.0707088177636013
0.0202123099068926 0.0424607369647125 0.033397292050552 -0.134685573159559
0.0386679500593474 0.0282475726066416 -0.0529004037245393 -0.0923033078657456
0.0467437722928105 0.00109079585149115 -0.0716326395938138 -0.0309204448223964
0.0422040462887656 -0.00680060422505682 -0.0640286732279595 0.000352473726171753
0.052015644153784 -0.00198830213567194 -0.0634342176486188 0.0223532459964575
0.0525233238176074 0.0329782487761928 -0.0785180608881496 0.0310988245833063
0.0274866799456525 0.0563213942791806 -0.100449789665335 0.00978801229729022
-0.00301386117094342 0.0832371367877255 -0.108946806808994 -0.0488300574633897
-0.0710633160676897 0.0656728757929074 -0.0713486795969519 -0.0975998506324563
-0.128633731801084 -0.009131082229293 -0.0102667788352583 -0.0872255894714614
-0.1417974868474 -0.0838100376221568 -0.0395297761314574 -0.0493642096364411
-0.115625952419554 -0.093799812379673 0.0179478389471825 -0.0667949340020185
-0.128204100289045 -0.0300039781404106 -0.00485340931486379 0.0752591776342079
-0.0937340859001917 0.0559297290388123 0.116850333750552 0.0736590064737295
-0.0223810385774048 0.100870638648757 0.144426495631871 -0.0434454732264913
0.0302664803591777 0.0764151330917198 0.0586095788590206 -0.117123865945071
0.0587065048734596 0.0468562041157382 -0.0264799609920085 -0.0847727735729778
0.0716632885402869 0.00595373591267295 -0.0459726738843499 -0.0288220379377049
0.0639205489340845 -0.00985111578941815 -0.0392464673378198 0.000348040853126209
0.0706403375271581 -0.00543365794394379 -0.037439945026386 0.0256932482369823
0.0707520896786207 0.0365726978107843 -0.053797785576484 0.0451270790269136
0.0432528442893101 0.0703350844038757 -0.0846464106947949 0.0371178004909442
0.00291360611031528 0.110160731229621 -0.111369923513897 -0.0179346280189882
-0.0843928937372948 0.0829510669865189 -0.0844215766552331 -0.0751861093337808
-0.144758878947384 -0.0119292962576383 -0.00664355475816891 -0.0693132908376161
-0.15211066220813 -0.0990786130758381 -0.0054382205544841 -0.00654791882182769
-0.0978457844582657 -0.113446150763701 0.0545157953345824 -0.0141787089631996
-0.134272416747698 -0.0665729608554944 0.00835568685502429 0.100094908211619
-0.124395038762354 0.0382631908936511 0.106657558091049 0.104252873954957
-0.0504038838969951 0.117529488323897 0.145725033772294 -0.00377404526769056
0.0273389041682598 0.0995326957158539 0.0808667009797169 -0.0814916841329682
0.0669698919720794 0.0612555715008504 0.007743907552752 -0.0676631478735732
0.0845300541698969 0.0118811995973992 -0.012368480973322 -0.0234225210229539
0.0763690035914129 -0.0111487307238077 -0.0097372833297916 0.000337043784142347
0.0799350669874883 -0.00913431411443948 -0.00759758822516599 0.0268578054808219
0.0791206317489889 0.0337368532305398 -0.0235112864161342 0.0547159270797374
0.0518516446081499 0.0737162963640339 -0.0603456137991093 0.0590462224765703
0.00462918124572833 0.119754810251179 -0.102152497205732 0.00969405820280075
-0.0879802702525852 0.0839704053601617 -0.0879136697434831 -0.0514716797351124
-0.140308442762096 -0.0182349475166479 -0.00102332136495023 -0.055093749246185
-0.137950086942001 -0.102987051944258 0.0270906955849712 0.0328045400559301
-0.063804509236825 -0.109154576254171 0.0832726168694165 0.0443281946978925
-0.1085985054315 -0.0891259711693193 0.0202390685694902 0.122913258428344
-0.125865173346165 0.00845215472014932 0.087046924176917 0.12535847387194
-0.0691700728713177 0.106171813748987 0.130267878151776 0.0345675827402058
0.0164010959776984 0.101803035130469 0.0929759886525057 -0.0378220709420006
0.0623492027963259 0.0639911072377464 0.0407347165238952 -0.0428509255854316
0.0826567946556274 0.0144990617523264 0.022251621888761 -0.0157223784693396
0.0768539048364748 -0.0114137177788444 0.0211319534034627 0.000482705236461009
0.0785772334562604 -0.0113452049685843 0.0226772818155978 0.0270844629165192
0.0765660717535001 0.028868766450908 0.00623603093296622 0.0604442884874859
0.0505594782296272 0.0704360307679138 -0.03624907915506 0.0742056337025208
-0.00110336254956468 0.114359845410328 -0.0883470308862525 0.031480469466156
-0.0878678537157471 0.067851304623631 -0.0836754278972078 -0.0298793147553707
-0.12023626505177 -0.0313274664216644 0.00400459021733549 -0.0413502125775519
-0.102206780934458 -0.0979656605421502 0.0514178845311645 0.0663588555297912
-0.0199420743560679 -0.0813167922269487 0.0997343133237367 0.0944747455492746
-0.063633045212913 -0.0864401709345242 0.02838651906792 0.137115529903109
-0.0973241589151951 -0.0151521081216277 0.0640148315064207 0.134074915182428
-0.0661280322232135 0.0769466004203429 0.106365958892203 0.0636437501467349
0.00654136539636178 0.0822484642601025 0.0948618587168998 0.0013705617085576
0.0471394160427463 0.0529153191848517 0.0671347723061184 -0.0187011093211862
0.0667400613498831 0.0131240175798174 0.0524131971602996 -0.00858564363465357
0.0650287736252936 -0.0103928518688018 0.0484487757017069 1.22552755485754E-05
0.0670732526045674 -0.010485968075048 0.0496332556965585 0.0266966688536905
0.06533177979439 0.0217489336494097 0.031421152815861 0.0655268295272982
0.04306238336989 0.0620084711434114 -0.0153716172408336 0.0870448386374549
-0.0102882587179896 0.0980145449265935 -0.0770436535326675 0.0474729421215147
-0.0820725653784237 0.0421189413544106 -0.0783590920130084 -0.0127865263621445
-0.0891517854775839 -0.0451717836351277 0.00561331545623302 -0.0275607844098999
-0.0519118465928802 -0.0845271439810236 0.0637042725905198 0.0930099866927826
0.0263208043759854 -0.0371568481343064 0.105284320486354 0.125789643810307
-0.0115883159218189 -0.06092031797258 0.0344992798103029 0.138245415937735
-0.050111440956558 -0.0247197589596414 0.0464935429704373 0.132806645463211
-0.0429270985215145 0.0398472397796628 0.0885908978117766 0.0792586899328507
0.00186053579785923 0.0473758010149224 0.0946936990050952 0.0256381978951532
0.0259985899925828 0.0300647789565125 0.0849778940562006 -0.00432594560228665
0.0400182044940696 0.00722938519264077 0.0732860277364231 -0.00644755175672174
0.0431252112555931 -0.00834233571538585 0.0676577608265905 -0.0012461212599658
0.0463526982773974 -0.00774584939927172 0.0695383305751769 0.026760971259956
0.0471027575994534 0.0137164738790731 0.0504808450183656 0.070568775727581
0.0318280409372194 0.0480445580738571 -0.0022117179144278 0.0993313866616527
-0.0178582353589034 0.0711194431887196 -0.0720016948090381 0.0622648622476294
-0.0668799905983557 0.0125426367828308 -0.0780866179393857 0.000116554368842376
-0.0484650417270934 -0.0511430055819174 0.00167947281015234 -0.0189915789330051
0.00461336341702556 -0.0585147156725358 0.0618604227980885 0.108738445810903
-0.0472005964692948 0.0280184431662013 -0.0840322286527263 -0.116813276738297
0.00913324186734747 0.0440424017868651 -0.029402487920594 0.0389987145530741
0.0415434809333889 0.00178754790459812 0.0975448979940998 0.0132115457416443
0.0134448507983047 -0.0375078623472003 0.0986351533022855 -0.0824586236759426
-0.0176020614656017 -0.0216045169416517 0.00577928605534034 -0.137920339728309
-0.0156097274307692 -0.00317397358984956 -0.0730976322813768 -0.0932777553741268
-0.0160270742741986 -0.00061615856605403 -0.0928500281296923 -0.0308077646138624
-0.0158245910805881 0.00210974142124366 -0.0877647762360853 0.000675558004835555
-0.00664422555559597 -0.00394068764525786 -0.0894159761961122 0.0146783599262739
0.00120058803881387 -0.00520918623792085 -0.101568214127657 0.00710860187455505
0.00409357411292644 -0.00956157236671829 -0.10826462131246 -0.026668963294561
0.0239331845442301 0.000709409586259072 -0.094720885337772 -0.0862080405568358
0.00751100529934812 0.03537825448815 -0.0491369902163065 -0.130175227380324
-0.0482972285506202 0.0355432631532638 -0.00966734546814065 -0.142039566951767
-0.0714289926812567 -0.00395605142287832 -0.0879585830645448 -0.131139964695746
-0.0896891266633666 -0.0135382050805898 -0.0596906828635195 -0.122168817911008
-0.0455803413454043 0.031634220788037 -0.0244293993725392 0.0429086741525759
0.00125146955161335 0.0317116782702037 0.10995341205884 0.0217700670439305
0.0117005142149291 0.0102088653525695 0.113972271847618 -0.0869581372179618
0.00245642059309699 0.00838654095428924 0.0143435589412852 -0.145271152771398
0.0125080220117263 0.0112660757151078 -0.0710311079258031 -0.0965378404465976
0.016494702219853 -0.00145000440427239 -0.0904061124145973 -0.0316453535612356
0.0147934142823349 -0.00251087053695207 -0.0835529995883526 0.0012966545235577
0.0266011019749451 -0.00114623940913753 -0.0844568905261629 0.0195739826718198
0.0292260079653171 0.0207893415491714 -0.0978631275012803 0.0181409543468373
0.0118409881954336 0.0304530197369698 -0.111455785525369 -0.0142821018809601
0.00140216934745759 0.0454906103741463 -0.104724000004176 -0.0757470217811151
-0.042186657899932 0.0468799906225802 -0.059397556327393 -0.119574240307745
-0.0981343039641336 0.00391641478116821 -0.0113838018828123 -0.117001767990176
-0.116294161594022 -0.0543511127451876 -0.0694017318693978 -0.0975555470830283
-0.115972000071706 -0.0582887764553447 -0.0241940142711251 -0.107380306150467
-0.0974272969084753 0.00614428843713248 -0.0161670867563976 0.0577350043127981
-0.0479153387188447 0.0535749744521117 0.121647178685289 0.0449306741351826
0.000393053369492469 0.0617988183799049 0.135428441275235 -0.0765553064054257
0.0213507424733586 0.0442527304074221 0.0340855207620283 -0.143570859436755
0.0404574716608927 0.0298000007064697 -0.0564244716832333 -0.0967048307935494
0.0489199062468349 0.000680106929439522 -0.0753703213555199 -0.0314130350297528
0.0438803603273726 -0.00676480915271782 -0.0673965004808272 0.00125611918262928
0.0544967462718065 -0.00243613741241557 -0.0665536638997016 0.0254202803602585
0.0557761182354572 0.0350771757663843 -0.0818349714898172 0.0342454838413539
0.0284757314435145 0.0591897528034535 -0.106323101492859 0.0123747243692392
-0.00274810949876901 0.0870617989701771 -0.116376013145434 -0.0496015527682959
-0.0740572732494368 0.0685233651365078 -0.0767446804623661 -0.101863963283928
-0.134765014216657 -0.00866163377054052 -0.0112260519269151 -0.0941302029804427
-0.148063266375526 -0.0868002013989236 -0.0411323575552592 -0.0528272482668315
-0.121590603744152 -0.096603049503918 0.0170407409770758 -0.0695256808836917
-0.134444978128002 -0.0302775406181454 -0.00387125435769799 0.0806933990864549
-0.0969904512225998 0.0585479723155006 0.124245324910536 0.076706207210975
-0.0216534489052862 0.104936955073208 0.152612942802664 -0.0476375093523308
0.0323416747980656 0.0798381546865724 0.0603668196573361 -0.12526879015245
0.0620240386190221 0.0491538808102173 -0.0282839015783159 -0.0894835638384383
0.0748611760389843 0.00555689528932007 -0.0482477623729269 -0.029280328020398
0.0661616970039245 -0.0103203186407208 -0.0414720839127784 0.00116438646590578
0.0739555695916139 -0.00655073228677481 -0.0394610632904379 0.0284482716260039
0.0747718570848361 0.0380159163172003 -0.0558358876717676 0.0494245823462444
0.0456672657768414 0.0736142323604048 -0.089432148190143 0.0415698115858386
0.00394917507139139 0.114871956087527 -0.118009487688146 -0.0171867686109214
-0.0879610492914021 0.0867024564525433 -0.0903121915818075 -0.0774161916135107
-0.151820222077878 -0.0115725799139027 -0.00760561824562507 -0.0752614268521373
-0.158731158452305 -0.102134247830622 -0.00550494400226426 -0.00832844034789824
-0.103806593744599 -0.118202323997171 0.0562070869619994 -0.0149197615508404
-0.140646888355439 -0.0686115838172623 0.00922356094638731 0.106926371439943
-0.129797568487836 0.0409594274239194 0.114489328403816 0.10887015605143
-0.0506874530925871 0.123134476496375 0.154138210231349 -0.00573391225887911
0.0296033903826109 0.103948738892532 0.0845691539201522 -0.0883649110658094
0.0710571772260049 0.0638653010838378 0.00733596236802464 -0.0715285446555779
0.0883682388851496 0.011320119071279 -0.0134962151591676 -0.0241848557891774
0.0791229885666414 -0.0121064592992149 -0.0101709842234065 0.00111334302224717
0.0831951956230834 -0.0107465585177372 -0.00768358342305352 0.0288840450459334
0.0835890108751594 0.0350897718053532 -0.0241113228362778 0.0588053349522916
0.0545645176859033 0.0767679709902445 -0.0642609023567907 0.0647879314721866
0.00693548160803226 0.124957722768042 -0.108323895263934 0.0124121259673977
-0.0918170889341168 0.0880038396494687 -0.093605095759793 -0.0522480296454865
-0.147555594635919 -0.0180002713584707 -0.00192219415165315 -0.0598647271582717
-0.143901935361253 -0.106635494276416 0.0290414575756611 0.0325065207243201
-0.0673920909542986 -0.114475286022795 0.0870948289639892 0.0451700914591604
-0.114570706479649 -0.0929060127142222 0.0217702849183235 0.130389333780143
-0.131272987803584 0.00961215126471897 0.0931754638242126 0.131896662037502
-0.0702621236460999 0.111594117059068 0.138047953207377 0.0356836034685876
0.018612598051155 0.106746895779102 0.0976190534137954 -0.0419922428734874
0.0658376966149288 0.0669727174017534 0.0422372027313809 -0.0463309118788688
0.0865522267320488 0.0139147550868964 0.0233682429329934 -0.0164032461946652
0.0795584974719424 -0.012739754009547 0.0223477304618716 0.00076694977320536
0.0815679865131583 -0.0129624665376166 0.0240494647988397 0.0291535008890966
0.0806619272236286 0.0291700474535182 0.00729320160405194 0.0644291540168631
0.053788375552949 0.0730231083268219 -0.0379550342147531 0.0802394248696654
0.00125557674010969 0.120052198560976 -0.0938571606600712 0.0343914966002872
-0.0920816135899721 0.0718163035046038 -0.0891991200226248 -0.0295012616622581
-0.126275631005244 -0.0319877123902791 0.00303627071970895 -0.0447987689725077
-0.106970628469764 -0.102016462135554 0.0553853627324353 0.067566173388305
-0.0216033630026487 -0.0852816657892351 0.104527761896007 0.0982374089562443
-0.0677464555665803 -0.0910749510324941 0.0299572131116246 0.144780117644825
-0.102741848019961 -0.0155641325538452 0.0687382554394851 0.141136366703132
-0.0675554390390197 0.0813220825229429 0.113251846419803 0.0661813705121192
0.00792956125555288 0.0865104601076425 0.0999507706907355 -0.00016034308435761
0.0499599522017416 0.0553190838511301 0.0700556355168999 -0.0208215478035754
0.0701876590849526 0.012593221017558 0.0555871197320198 -0.0095657452540256
0.0672642935860457 -0.0121101410118184 0.0508388362297085 -0.000341677344964803
0.0695640271089331 -0.0123460667821213 0.0523024889442123 0.0283168083716854
0.0688424032831002 0.021963780514013 0.0339507459169953 0.0692091837336596
0.0461363987623707 0.063996636981374 -0.0162726231606524 0.09278118922632
-0.00872174235956718 0.102672057181921 -0.0811770694042148 0.0513282752557056
-0.086270439005767 0.0449211495852643 -0.0836355119005047 -0.0114852019552833
-0.0938530046668794 -0.0467631622410458 0.00473620716392959 -0.0307352398212177
-0.0544529338913488 -0.0881422101418448 0.0684184497710473 0.0949485066028819
0.0275913444049279 -0.0395309819104425 0.11035962627279 0.13095968588234
-0.0127878487693715 -0.0642976321102362 0.0366868599158539 0.145817936007532
-0.0531009129149905 -0.025654729408446 0.0502787271279993 0.139829787252388
-0.0434959027846918 0.0423267785441848 0.0942826642466888 0.0827229416936975
0.00287588717758203 0.0498500172064009 0.100463589390351 0.0253901717598196
0.0280772105688852 0.0311868944974273 0.0889090964733344 -0.0058603620162133
0.0418102267025355 0.00678329984647037 0.0774505490989027 -0.00776469808315452
0.0441163014640248 -0.0097781983346848 0.0707330750678768 -0.00200745521609577
0.0482496534896755 -0.00973151078957876 0.0731461645326994 0.0280528345134658
0.0495857052865962 0.0135600341130851 0.0537106506481775 0.0745532997999665
0.0342675346508078 0.0489610669569503 -0.00163650974782395 0.105662311021232
-0.0171797832483114 0.074939897619932 -0.0758249698262786 0.0670951874307204
-0.0707807536455987 0.014258072240253 -0.0828836048201926 0.00179293037028972
-0.0510319138283174 -0.0534221180022359 0.000800955637134103 -0.0213520069772689
0.00505484865026107 -0.0620453417983614 0.0666235358159565 0.112377819056204
-0.0470726041194751 0.0307037560594781 -0.092071875023125 -0.11643781499773
0.0122445387759427 0.0453973293523575 -0.0282199008821096 0.0429653670020163
0.0426391826186316 -0.000177977455755544 0.103591023346952 0.0098743180713763
0.0117266156613597 -0.0402761917416476 0.100862100647962 -0.0905977170392212
-0.019579084690548 -0.0216552449855168 0.000713998843885555 -0.145446132096824
-0.0161991194334769 -0.00243313445826922 -0.0795525186401398 -0.0958410638121356
-0.0163632749051102 0.00068630422658169 -0.0971159555814965 -0.0288219518994436
-0.0157218462373939 0.0035249598537722 -0.0910866851451333 0.00412040277212316
-0.00702037453949854 -0.00358631129640876 -0.0924831384138008 0.0190187836502557
0.00106636518604889 -0.00481042383045223 -0.105293213725602 0.0118726597488824
0.00309779977722882 -0.0100071457727614 -0.11300079816617 -0.0231089754417486
0.0239786648516338 -0.000583941713261244 -0.102546998082271 -0.0862498528226889
0.00944566791298225 0.0358250607525998 -0.0558177208547189 -0.134670493158674
-0.0478228122569614 0.0393804346045641 -0.0144759476515438 -0.150036924083596
-0.0737555895453813 -0.00149428908902804 -0.096086739415537 -0.133367638427829
-0.0926605086415917 -0.0103159138264683 -0.0673029620991202 -0.123947410530706
-0.0452067617493404 0.0349630313228985 -0.0225913503169526 0.0472272380205997
0.00290653203503704 0.0322829967088631 0.116507328252549 0.0184171417164371
0.0124453770087979 0.00901608791905059 0.116934887852597 -0.095519432429568
0.00280034664937849 0.00868431524424522 0.00889252755740345 -0.154005951252324
0.0136311686780916 0.0117623335931582 -0.0781198225856999 -0.0991639014375023
0.0171944725213726 -0.00155608461617896 -0.0946746285333939 -0.0291991888590763
0.0153075301402635 -0.00216689618706261 -0.0868705946205462 0.00457977783085868
0.0273871877819965 -0.00199824991302489 -0.0870608565559544 0.0245132918943994
0.0314839759623178 0.0207185530419281 -0.101427228522875 0.0232173553002747
0.0125310754267448 0.0313747316929807 -0.117199801349818 -0.00975892672572839
0.00190711888626805 0.0464880683864935 -0.112300717420995 -0.0741238731527958
-0.041924543007437 0.0493146168305305 -0.0663654069298147 -0.122890755986782
-0.100837622443331 0.00830046505073268 -0.0154439502163841 -0.124631985884438
-0.122087200915629 -0.0519992804059889 -0.075869704809859 -0.0996661438986842
-0.121944692908817 -0.0555854606061913 -0.0296411080116254 -0.110308389744359
-0.100675944041811 0.0104486776823772 -0.0140319703044287 0.0624593814809123
-0.0472980377447769 0.0572352534432782 0.130127664542645 0.0422330128962284
0.00339999232279225 0.0632241683882021 0.138981436129549 -0.0847325939689582
0.0240381295921207 0.0450567459323459 0.0293121116815397 -0.15331955349897
0.0432996207289736 0.0296955201677842 -0.0624787684879257 -0.0992992439367489
0.0507337989113914 -0.000556066811805933 -0.0790724308052967 -0.0297343733353256
0.0449004356746884 -0.00763734678288676 -0.0696140023144445 0.00427840015222726
0.0561773894620934 -0.00433273245344333 -0.0679045737287943 0.029681021299168
0.0597071578652374 0.0347529159707529 -0.0842116220229977 0.0400029461475968
0.0307506861070233 0.0605664270292242 -0.111185513956823 0.018573214579522
-0.000357658732713271 0.0899573771371418 -0.124116518655315 -0.0468941709053264
-0.0745051824807828 0.0729582841011133 -0.0843818913054435 -0.103377127045802
-0.1401091837348 -0.00362687499486278 -0.0153869028689034 -0.100237974522472
-0.155679238743046 -0.0840262101876773 -0.0443195170811628 -0.054743180263145
-0.129404049590941 -0.0953937751609136 0.014415772267059 -0.0726305101362608
-0.140403322005954 -0.026252315375793 -0.000879848842413049 0.0859498338467145
-0.0977866070299206 0.0642781990092661 0.133823221230746 0.0755430477995906
-0.0176443656559603 0.108692896856239 0.157308052274835 -0.0558946261699272
0.0365757808172898 0.08181313137462 0.0574585075565352 -0.135170854512675
0.0665668517872711 0.0490204040955945 -0.0336756939979934 -0.0928383819697761
0.0776847044665227 0.00311350948768937 -0.0509857633225526 -0.0283921136833549
0.067915289727642 -0.0126362097889621 -0.0428800507988312 0.00346348544807142
0.0760705676385754 -0.0097022578485802 -0.0398127109164323 0.0324599550381258
0.0800987059746837 0.0376078662732529 -0.0560182195802141 0.0542687466102238
0.0497181128981378 0.075091913518933 -0.092514903386197 0.048300936673076
0.00848598778918053 0.118580807289626 -0.12480127292834 -0.0126660252967346
-0.088189246463931 0.0927430602604068 -0.0980600067415596 -0.0768345745997398
-0.157673012928789 -0.0061976860072825 -0.0118747082823158 -0.080887104883053
-0.167447774235115 -0.100119289321173 -0.00570459572774831 -0.0100135746357792
-0.111995387425379 -0.118218478971396 0.0566941587619223 -0.017177357186341
-0.148832616951669 -0.0662817417228475 0.0133611161818174 0.112418863779737
-0.132349658881816 0.0465932325680694 0.124038887380414 0.110017615550583
-0.04690545271358 0.1288384528075 0.161363760442933 -0.0122529623939035
0.0347537743092974 0.106772612792869 0.0844437113062088 -0.0976807109811043
0.0768538895234905 0.0641565557694324 0.0044316208211303 -0.0755081214386652
0.0921300843207941 0.00819927513687287 -0.0142678751066004 -0.0244163181225278
0.0810166122901751 -0.0152798005815819 -0.0105312566081465 0.00194864390293485
0.0853413225435715 -0.0147981405428059 -0.00702951283074551 0.0319652837173295
0.088880101313113 0.0335933610036918 -0.0225209919529204 0.0632621873604549
0.0593500135319327 0.0780345119315872 -0.0650084436816 0.0714525327349039
0.0124393672616234 0.128993889307643 -0.11347950922736 0.0177007345509557
-0.0927572893116484 0.0944546566552524 -0.100208801428929 -0.0496565705982016
-0.153826659396731 -0.0135630081838189 -0.00548976632678949 -0.0636988553144114
-0.151999331778108 -0.104647761005488 0.0321258272120874 0.0307622910342697
-0.0737385154607421 -0.11613308554162 0.090544326516926 0.0441212827344781
-0.122587243940563 -0.0927271636095396 0.0267901258345099 0.136166541829559
-0.135767744218313 0.0142058835818774 0.102746360730015 0.134536825577455
-0.0680092710906877 0.118073500519885 0.146211673814539 0.0312110285807805
0.0235850794806282 0.110180739055595 0.100043545355562 -0.0493968971418399
0.0716169220844951 0.0676346608594995 0.0416238457283656 -0.0504538056241874
0.0906205129273227 0.0110277617715753 0.0244521582109141 -0.0180544365973277
0.081131900494204 -0.0163378677421817 0.0231471134233015 -7.0515320620057E-06
0.083380289391858 -0.0172858359030945 0.0262837642087236 0.0303275216812005
0.0853479886495942 0.0273070927293365 0.0103947152623682 0.067833503270336
0.0587016326052337 0.0735309312160901 -0.0374113603884374 0.0870136435570796
0.0067302672828012 0.123963648010197 -0.0969969116608217 0.0407253187367974
-0.0933790098922792 0.0778765096751127 -0.0950095594167934 -0.0263700015564428
-0.132633001061335 -0.0286861091604525 0.000376983600554238 -0.0481083882521303
-0.113407462468104 -0.102167050044811 0.0604882199228287 0.0663834195208186
-0.0249680212117426 -0.0878422071319263 0.110928585428578 0.0984626716927904
-0.0740938073436685 -0.0922070577848497 0.035857917407923 0.150994321596076
-0.106911849444721 -0.0129500842892619 0.0769592833643181 0.144893084879852
-0.0663940355085186 0.0865847787143497 0.12106604282585 0.0640270384340246
0.0122239297922941 0.0898550280731496 0.104531338909457 -0.00558900579741063
0.0552133649357974 0.0557126983031946 0.0720321979973025 -0.0248941644291932
0.0731585976034221 0.00969918999250675 0.0581662725459633 -0.0126155497729989
0.0680008649247268 -0.0154299355297756 0.0527893128046098 -0.00211657231335523
0.0707917291807666 -0.0165275137591656 0.0558483957462951 0.0283052546138762
0.0724782612963915 0.020092319693396 0.0385726886600115 0.0716104422157081
0.0504912280247587 0.064296564741531 -0.013735111131602 0.099279141942778
-0.00434090793724433 0.106642155402582 -0.0838090034433086 0.0576591016249064
-0.0883431878276803 0.050309515978106 -0.0887335491527077 -0.00793517414400141
-0.0989444146211647 -0.0452441630825198 0.00297576843896786 -0.0331880453163115
-0.0585853061402771 -0.0898556059580959 0.0754890657392333 0.0949357539357697
0.0274578869062272 -0.0425708835945921 0.117984991728497 0.131610898514812
-0.0157975325554117 -0.066485105948582 0.0420801890203548 0.151432536760446
-0.0568249388677344 -0.0246599669525974 0.0575894115553719 0.144968219631812
-0.042691162033382 0.04579856252407 0.102265774338125 0.0824804684096142
0.0053949656143596 0.0523854213728706 0.105877772779407 0.0221232829531634
0.030761865822104 0.0314830761584873 0.0928288922452318 -0.0100633220516707
0.0436476238550876 0.00495610091069055 0.0810988193666327 -0.0117785413661533
0.0444669105559608 -0.012638892701281 0.0736252262647839 -0.00473696784827743
0.0486394810457154 -0.0128683277092636 0.077641758213871 0.0264884391854638
0.0517925227370096 0.0113843490492472 0.0590426720043439 0.0759568508313347
0.0382785937499567 0.0491147291078987 0.00170044045774728 0.111273874313167
-0.0135331537782415 0.0788445790496206 -0.0776458512850451 0.0733530617738394
-0.0738606644855045 0.0181535199782691 -0.087068053748382 0.00520582947770363
-0.0551342552117153 -0.0534410694425919 -0.000812425442612411 -0.0227309417779733
0.00330651021608148 -0.0657750092482322 0.0736977071495491 0.113263117670676
-0.0453944929003363 0.0325307828792608 -0.0984543111613279 -0.112934714321778
0.0146287481229462 0.0455861794494039 -0.0254464476321975 0.045562702595094
0.0431146689242516 -0.0023017388807127 0.106877086013752 0.00491881365367277
0.00884114824328211 -0.0418865340397074 0.0994911879309463 -0.0977105723767999
-0.0208609663621566 -0.0207050632664019 -0.00612898019255126 -0.149100424721274
-0.0164412669122099 -0.00178884765843965 -0.0860052333181595 -0.0946130826727406
-0.0162294587441795 0.00182155400323443 -0.0992360263804531 -0.0256565637520496
-0.0153280234561429 0.00517156779368688 -0.0921596418548624 0.00868310060354043
-0.00704011325814918 -0.00278124850615396 -0.0934002872046706 0.0239025300052213
0.000889183208825875 -0.0047000330458332 -0.106209249753575 0.0173065471312028
0.00163602575175177 -0.00970699332813952 -0.11601072337996 -0.0181929047432519
0.0234979873153311 -0.00260097134295311 -0.108571740463661 -0.08240707395013
0.0119473568119116 0.0350602187291186 -0.0620900320417992 -0.134804374805707
-0.0458750814436048 0.0427755554006268 -0.0208559225206011 -0.153842544470656
-0.0735493492746525 0.0017302058772911 -0.102857388881341 -0.131034642288207
-0.0931570670618009 -0.00670707535630382 -0.0741627272493268 -0.121209965494445
-0.043632755761616 0.0374604705326525 -0.0205976607527471 0.0501312146957743
0.00453324444596192 0.0321321396593196 0.120539277973831 0.0132991388174499
0.0120194846372684 0.00773904982055346 0.114922898986119 -0.102992684416001
0.00299632246725555 0.00854036660272311 0.000717686892690766 -0.15816310987317
0.0144717354036326 0.0114797474788721 -0.084210322992268 -0.0981843374539922
0.0175206703843103 -0.00207481837398799 -0.0968738668395781 -0.0254803917547481
0.0157383064837265 -0.00172745125081484 -0.0878004866743059 0.00887704986437989
0.0277581223054479 -0.00264855465007412 -0.0871849189503269 0.0291730141608608
0.0333394775547964 0.01988824701845 -0.10157024157234 0.028926962762496
0.0132737551792101 0.0320221465155486 -0.119122275287654 -0.00332964803082207
0.0029873172940012 0.0462802161542712 -0.118193398506354 -0.070179930802056
-0.0400862222408199 0.0507032290591544 -0.0728279928474244 -0.121865714090383
-0.100943277476872 0.0131860640679191 -0.0211621422058631 -0.128313096061302
-0.123907948044312 -0.0471466054898104 -0.0805608095013786 -0.0983613315300373
-0.124911591140952 -0.0503260169975885 -0.0355114841277498 -0.108762824732757
-0.100888587672974 0.0148561906051727 -0.0108499067333232 0.0653919803614086
-0.0446125730553066 0.0596158967958238 0.134541335739244 0.0366069774026495
0.00612136673363025 0.062261383624696 0.137742008994973 -0.0937977890435369
0.0260793024388906 0.0446127497317971 0.0209091815394606 -0.158172946415827
0.0455093327267137 0.0286659158559448 -0.0684831888110963 -0.0989045921553829
0.0513698257302243 -0.00270818969475978 -0.0809385808610865 -0.0264497094273603
0.0447163657322322 -0.0088471383298461 -0.0703164089221114 0.00800814649012225
0.0566318953076251 -0.00636632325456314 -0.0673822889814066 0.034011261554254
0.0627882998227156 0.0328712532479522 -0.0833554150187475 0.0449806606094843
0.033392155746494 0.0610538064553744 -0.112160274244904 0.0252552256192193
0.00318160143228276 0.0902922801131316 -0.128861959738504 -0.040979334556307
-0.0719947598583456 0.076128343749427 -0.0908666959710141 -0.10115362557347
-0.140945041929209 0.00233286090653615 -0.0201905819227672 -0.103455017298893
-0.159112689403663 -0.0783197729096212 -0.0469367861196767 -0.054919080321573
-0.134353828922937 -0.0902423926461254 0.0100208183432712 -0.0734382230315916
-0.142559687839002 -0.0204325896527756 0.00295343047349445 0.0885672383495422
-0.0951376415871895 0.068775323909588 0.140371349932169 0.070385210941468
-0.0127682241571102 0.109418083115288 0.157813314024648 -0.064787520690369
0.0410114319641293 0.0809214253718668 0.0509970764191315 -0.141838777662614
0.0703918634603817 0.047255628173912 -0.0381645722534569 -0.0932901099936945
0.0785154930174172 -0.000289489585320218 -0.0523845158499058 -0.0265054196803363
0.0679044747323173 -0.0151277057558273 -0.0430070538882228 0.00536241377924697
0.0762102004453309 -0.0128870092651479 -0.0385247697366533 0.0356828885527874
0.0832108943703365 0.0346912143301216 -0.0538874154675756 0.0586613544626951
0.0531642912532109 0.0742117025176676 -0.091881576497405 0.0552024937279262
0.0139436233549516 0.119091567446874 -0.128199987698248 -0.00605974672432075
-0.0851589730678721 0.0971778647439905 -0.103735019175105 -0.0729933347823841
-0.15971973519648 0.000453299623449098 -0.0162073729473846 -0.083777433392586
-0.171764205258165 -0.0937810214315416 -0.00600009402588565 -0.0121523311108339
-0.117659535590222 -0.114244124301864 0.0556641756251904 -0.0198892885243825
-0.153124389202739 -0.0608425186627299 0.0185517196153379 0.113940775320547
-0.131048554849566 0.0522577018866797 0.131873163297138 0.105964475297117
-0.0412548624200037 0.131622334709938 0.163391839233578 -0.0207718851323061
0.0410012543829456 0.106470658615966 0.0800382753968874 -0.104889286275297
0.0811886736193347 0.0621866090905091 0.000351566017039788 -0.0771732339916695
0.0937126730705526 0.00406179406862072 -0.0152895910114223 -0.0239404846721408
0.080354339792085 -0.0188073270802058 -0.0098931065341562 0.00232233408392812
0.0845854760345876 -0.0186472482882247 -0.00501144508967942 0.0335649143893251
0.0915377086685167 0.0299169657173714 -0.0198513398850984 0.0662468955410466
0.0636573972153783 0.0763797426744515 -0.0630898947526066 0.0775196049753512
0.0186922551655099 0.130067074829666 -0.115085839263397 0.0243734766249742
-0.0895282218776618 0.0993281858866328 -0.105110874875526 -0.0446895301066401
-0.155723751011284 -0.00723336082605713 -0.00919657431029196 -0.0666926769516665
-0.156556719055546 -0.0997093485145864 0.0341139412345152 0.027848728402465
-0.0795237113026635 -0.113654105216665 0.0927487101970825 0.0408485969927455
-0.128453532909511 -0.0888535598063176 0.0329185564123842 0.137486990263193
-0.136411932087893 0.0196688698683226 0.110378693976275 0.132095302574541
-0.0630554554543563 0.121840719979292 0.150089712528595 0.0243262184413598
0.0295551773362244 0.110790341020863 0.0978572152605987 -0.0566888530674844
0.0762492735121067 0.0654880746274832 0.0396854737985556 -0.0534721588312877
0.0918828604884369 0.0067727022555902 0.0243871590473482 -0.0196013025721065
0.0802948495777232 -0.020131654224797 0.0239646959929895 -0.000766816892870391
0.0825545010230975 -0.0217508191791481 0.0285501952414728 0.0302671778025489
0.0880703347183372 0.0235451183577337 0.0135515755744481 0.069281496904098
0.0627079487963135 0.0722747344637606 -0.0337935414509178 0.0920333630488627
0.0133457430110458 0.124560238987094 -0.097607842751676 0.0469924465310116
-0.0905948252638331 0.08333308312023 -0.0984669802074329 -0.0211573039749657
-0.135355845421789 -0.0236527610726335 -0.00289721995538469 -0.0503976724275245
-0.117826216507523 -0.098368508650466 0.0644153940293278 0.0624800307996859
-0.0288561368477731 -0.0878772212903205 0.115556656607067 0.0948591126505781
-0.0793594007887158 -0.0907865343168882 0.0419590051251627 0.151905725815995
-0.10885376647206 -0.00893029375720204 0.0846177016825915 0.144162417759011
-0.0621806634888628 0.0901922930570291 0.125822101220973 0.0590651152938614
0.0172750239289051 0.0908394073186797 0.10524125387206 -0.011443640075417
0.0588544236734281 0.0536357183256374 0.0717903844448866 -0.0288659597811222
0.0743931284998584 0.006218438322774 0.0591903970928124 -0.0155997190395867
0.0670820648053893 -0.0187121491697829 0.0539583461473374 -0.00485833903612821
0.0696144739096127 -0.0203627614636108 0.0583949420622519 0.02661636204693
0.0735988522143176 0.0167481995617621 0.0426638164697208 0.0714624752794189
0.0541801337507302 0.062634459876191 -0.00988696454423882 0.103270554248891
0.00177503004227993 0.107598279308727 -0.0830709042311118 0.0633609831780416
-0.0873267348523003 0.055341559327637 -0.0909440223220488 -0.00294736536036091
-0.102359945887749 -0.0415040546036554 0.000424238549953896 -0.0347420068735018
-0.0624567043940094 -0.0887167023255593 0.080577681788583 0.0906851038587465
0.0260901181725516 -0.0445317491270514 0.124253671498555 0.128028870508755
-0.0189492094743728 -0.0669371832891404 0.048164396794072 0.152342279516585
-0.0587880364005636 -0.0227228783445729 0.0645448944213236 0.145406404013486
-0.039833327316154 0.0481761664082393 0.107602094496636 0.0789650182698321
0.00891204200025452 0.0526146570719876 0.108814012989486 0.0165052733484297
0.033329849515121 0.0304065368178168 0.0935933300837113 -0.0149775978034679
0.0439380863558253 0.00277115930023959 0.0818803464767316 -0.0163979098234261
0.043228622198115 -0.0150533293508559 0.0745044390335786 -0.00864751722900853
0.0474868979755013 -0.016140956670518 0.0796438214188843 0.0236166806850619
0.052679520886063 0.0087042621020279 0.0636954556970175 0.0750844267225364
0.04125858366862 0.0475026991186107 0.00630776186672827 0.114173220013199
-0.00914925243421327 0.0803756246622676 -0.0762042697819466 0.0789777286827412
-0.0741225606485653 0.0223210457282606 -0.0889434011598368 0.0102681311050363
-0.0581641773247667 -0.0522157999261889 -0.00275219915944064 -0.0239826323649646
0.000544403986782654 -0.0669469039874666 0.0802620007428413 0.108950040283153
-0.043361904898951 0.0330653284027181 -0.100301078147851 -0.108410358098043
0.0165248512113773 0.0446994857878833 -0.0233783734363343 0.0468377367355214
0.0426800159936112 -0.00416646414936545 0.107080341460357 0.00197574468300591
0.00662574188201246 -0.0422084651566961 0.097489948502349 -0.10071468682157
-0.0218009716593281 -0.0198172692572368 -0.0116023588148594 -0.149331414073647
-0.0159709654624858 -0.000922720408723194 -0.0888961096503034 -0.0927489667067776
-0.0160896527072049 0.00286785072170789 -0.0989022289941979 -0.0232472860416836
-0.014332264778911 0.00646600000497762 -0.0915565541128529 0.011190322962507
-0.00676573082739248 -0.00195775724229673 -0.0922113227502695 0.0266892263985763
0.00106920302114366 -0.00476274600423316 -0.105174143794287 0.0207338827515156
0.000390730965485975 -0.00918333694442406 -0.115384844792261 -0.0146513384575725
0.0223807313554842 -0.00350688923376952 -0.110818859609064 -0.07824997791722
0.013047883286598 0.0336970415367981 -0.0648689056870228 -0.133866659195331
-0.0434736760116623 0.0442181191364851 -0.0244030295867058 -0.154759093655753
-0.0721221384362923 0.00321104403475914 -0.104542749530318 -0.128460300199696
-0.0915247294194982 -0.00423428898794999 -0.0765682487817374 -0.117579490418601
-0.0415843690418804 0.0381978399457092 -0.0181801650662921 0.0513898318354214
0.00568870377253187 0.0314204077905917 0.12126957684321 0.00967240960985821
0.0116402469785778 0.00653437976114417 0.112305104496685 -0.106573605048646
0.00315587225866852 0.00824317739582614 -0.00445543112624831 -0.159009545185301
0.0152183977700834 0.0111288283882196 -0.0868495959981348 -0.0956991197014704
0.0171338476777985 -0.00209740442321049 -0.0966282878473167 -0.0234726236474499
0.0158276451832287 -0.00141917651267565 -0.0869145620967719 0.0112746182198074
0.0277098738328683 -0.00262020206527158 -0.0855224522874714 0.0321321829236025
0.0343775698042783 0.01901471434337 -0.100208424618947 0.0317048542741385
0.0131311210644559 0.0324776284154252 -0.119166604726071 0.000663915380995561
0.00350368495156463 0.045611040058801 -0.119967689923559 -0.0659983348923402
-0.0379838526429075 0.0503733345126227 -0.0757657930562642 -0.119892128532121
-0.0987972074402008 0.0156931834391712 -0.0244928133340349 -0.129276110363882
-0.122671789312231 -0.0441341973208095 -0.0822149516535469 -0.0965551731076839
-0.123986953821614 -0.0462603278455979 -0.0388658448511898 -0.106212147724378
-0.0988731910833315 0.0172039829994619 -0.00885414367481329 0.0658245362187369
-0.0419831579856821 0.0597087625714101 0.136229868634126 0.0328454156740152
0.00714252738872218 0.0608815606628028 0.13467797594361 -0.0978893415529715
0.0273076758089264 0.0433553965982166 0.0152377290701501 -0.159867532298758
0.0464382444115746 0.0273012143357398 -0.0711942046878939 -0.0967388685407602
0.0504813872591835 -0.00380169782331819 -0.0807494267352889 -0.024168011962045
0.0450037284229894 -0.00928791795540278 -0.0697296658713196 0.00958831646554548
0.0557355300428222 -0.00736881092415721 -0.0659909629039013 0.0361614386083671
0.0637925090962731 0.0312669650955803 -0.0816318714174115 0.0483054241710074
0.0342291791137687 0.0606600893163422 -0.111204237392274 0.0294814599443073
0.00499408077464387 0.0893520939270959 -0.130207671136676 -0.0367984773278418
-0.069364627731159 0.076434406159175 -0.0931495651244018 -0.0981859562689444
-0.139315687506918 0.00550903962495056 -0.0234915402779403 -0.104642500118397
-0.158370949877681 -0.0741577458703129 -0.0482683231414633 -0.0548045588259357
-0.134335918025746 -0.0852935103885848 0.00723577121768842 -0.0725912222192295
-0.141866825119124 -0.0169856753213438 0.00496541784767544 0.0884175951711079
-0.0917482270071287 0.0700435471861064 0.142370907657012 0.0660357862092057
-0.00965519540875617 0.107950964413285 0.155368482760087 -0.0697905038755458
0.0431452711076932 0.078966426652892 0.0451120925852649 -0.14408246143542
0.0718683290710588 0.0453886458416536 -0.0417236879185389 -0.0922487425782434
0.0780648436462236 -0.00220787196069928 -0.052174605947162 -0.0249872211057669
0.0666394313725058 -0.0158168631574286 -0.0424701876067837 0.00667406984547634
0.0745839730216612 -0.0146587074070026 -0.0370317257503974 0.0374025347148018
0.0841760560456909 0.032370412624465 -0.0520505262037831 0.0608870310992922
0.0544355627500486 0.0732603083702311 -0.0901725992540896 0.0589164256979556
0.0167555747879555 0.117109512290966 -0.128402496008257 -0.00173273173010045
-0.0823363547075532 0.0975524530408193 -0.105283126406125 -0.0692540260751329
-0.157866186912315 0.00396499123286189 -0.0192373264285821 -0.0849151226478037
-0.170626216211831 -0.0893981341090487 -0.00624789724850209 -0.0134317993472838
-0.118662309841455 -0.109784890581788 0.0535334767533306 -0.0208985489013529
-0.15352751365281 -0.0566074953889404 0.0205089907757028 0.113522589376133
-0.128364232393457 0.0542138929253616 0.134458773181361 0.101761573825641
-0.0371770803097196 0.130433034486507 0.161834804910331 -0.025999706206722
0.0439501425383693 0.104668792109981 0.0755453056899511 -0.108497162428705
0.083238418013139 0.0596091457754432 -0.00239192196598467 -0.0775152692533911
0.0929032166088201 0.00155275656698367 -0.0151262050853643 -0.0235214937466703
0.0787695376333585 -0.0199175542465001 -0.00965968477854367 0.00296702400305934
0.0830154905672293 -0.0204997237487449 -0.0041012280145098 0.0349447705741508
0.0919885457420285 0.0275642600235112 -0.0177396825799835 0.067398795099786
0.0648680058266626 0.0743859572706989 -0.0607741750717599 0.0814569025785649
0.0225112040484993 0.127243639914702 -0.115198681282015 0.0283310437867427
-0.0865731084634793 0.100427790527761 -0.10635338840853 -0.0408352063750799
-0.154652891360644 -0.00380471275794921 -0.0122551743663712 -0.0674239131031879
-0.156416070905133 -0.0954603854569676 0.0346076497907545 0.0246706779840283
-0.0808989875927352 -0.11058613437688 0.0917788140092308 0.0385922591872734
-0.130182855601976 -0.0852791070599051 0.0349778280871995 0.136259681764672
-0.134426477502027 0.022309829986695 0.11333418880027 0.128765841716498
-0.0585396077383615 0.121738321445606 0.149633236589398 0.0196893399978384
0.0327894840680085 0.10945213012843 0.0945788790863636 -0.0606839907803091
0.07831223471999 0.0633288805778795 0.0376370208621741 -0.0545830885056651
0.0916358553275294 0.00446917693788139 0.0243642510260071 -0.0205215017863718
0.0780656132340245 -0.0214648269632208 0.0240097868489503 -0.00213577622652682
0.0802943093562591 -0.0239638783648439 0.0295242213536849 0.0303907292321656
0.0882083444658852 0.0210049896691323 0.0153936271626966 0.0695439562661646
0.0641135945659058 0.0697419544786144 -0.0314267837900299 0.0945495402215566
0.0176089818239293 0.12300041644543 -0.0971382727264121 0.0502088192176381
-0.0879371881948801 0.0848237144654212 -0.0989984707411391 -0.0175398388061972
-0.134974566782836 -0.020341969470216 -0.00548248854858603 -0.0508902885425888
-0.118446706631944 -0.0953247940069847 0.0656999037993321 0.0582626339136768
-0.0304843917745725 -0.0868828312789068 0.115150476243417 0.0917640293752655
-0.0813000255198781 -0.0882765715817892 0.0440747949928759 0.150502749098469
-0.108517619331934 -0.00645412107746278 0.0877398604182837 0.142025883036423
-0.0591885703725298 0.090849099157349 0.127057808004374 0.0552342044203308
0.0204968583591701 0.0897776585252517 0.1036150188477 -0.0153698160515453
0.060430016686397 0.0519872171396655 0.0706178504698128 -0.0310050092606544
0.0738515477596073 0.00414401238562012 0.0590024266017111 -0.0179692701770616
0.0650768329091766 -0.0202052506243566 0.053341984023648 -0.00622788074924977
0.0675475991965562 -0.0225064602812579 0.0588966667297946 0.0250978485837355
0.0738153674546349 0.0139459045561047 0.0442375306763032 0.0706353082441883
0.0555477265048995 0.0605533402093013 -0.00733751549988514 0.104384765404434
0.00538292527986612 0.106299353987843 -0.0819475774020854 0.066642093202592
-0.0853987454238816 0.0574635379796977 -0.0908869857833874 0.000801263629075829
-0.102674748729761 -0.0384144552321027 -0.00110648309039455 -0.0353406509470379
-0.0636824952938054 -0.0866998241718777 0.0828028456695971 0.08620843124507
0.0245466302501185 -0.0452214575444628 0.125394182032369 0.124153428031668
-0.0211904058320591 -0.0661989923693992 0.050531260015066 0.150575519882415
-0.0594283103234275 -0.0210150249096433 0.0682152853343058 0.144017953753047
-0.0377420775688509 0.0484444428910857 0.108994309647228 0.0756471111128435
0.0110249009002404 0.052353916402831 0.108396302632656 0.0128306033745026
0.0345830258747475 0.028948741060365 0.0928063866113858 -0.0177998877517208
0.0438800124450129 0.00119696889995573 0.0818482771658423 -0.0190563075700413
0.0417190835173763 -0.0161013379541133 0.0736356973019962 -0.0110060623316263
0.0457300152315607 -0.017393374584347 0.0804494929017104 0.0214413702954822
0.0522765765168529 0.00641303269582949 0.0656146057095793 0.0731427721128644
0.0422176006428897 0.045145704533711 0.00940919555221073 0.114750215249742
-0.00545587936670553 0.0794485558241087 -0.0746466016588313 0.0817451963123643
-0.0727624489841279 0.0245524628746526 -0.0889606177691035 0.0131182700941431
-0.0590807500937329 -0.0501852297506286 -0.00429106717619692 -0.0244895163134707
-0.000819413805650085 -0.0668851235994698 0.0825966938933412 0.104818382004855
-0.0463969185794324 0.0312437246146785 -0.0926710716629405 -0.11111952870158
0.0148609982110177 0.0456541781618715 -0.0242498702410225 0.045594711483206
0.0431407742972898 -0.00275970063155164 0.106511243667632 0.00599382792529411
0.00682014457883842 -0.0417822383933837 0.101854627107436 -0.0974231095129034
-0.0221363014215576 -0.0198551749995528 -0.00642612449688149 -0.148550906969399
-0.0164919109853519 -0.00158120933535684 -0.0843170375093174 -0.0958651741118044
-0.0169839300844792 0.00195701407219499 -0.097715146804542 -0.0275637103182111
-0.0146316434925324 0.00608527475860665 -0.0921609364212167 0.00813557034290191
-0.00728112081458041 -0.00158880349037435 -0.0932194478927437 0.023900774766954
0.000673116629540811 -0.00402815503001144 -0.105260128717355 0.0174372670343375
-0.000973216150792082 -0.00802259327985694 -0.113810873177769 -0.0194596743256012
0.0193729291878886 -0.00398607183448731 -0.105425404959644 -0.0821140232369295
0.0106553087645266 0.0310249403085986 -0.0569919655062932 -0.135228834283192
-0.0441205309194726 0.0405934659426666 -0.0166813736974284 -0.158151609196425
-0.0729408631948907 0.000553082654510611 -0.0940922921354274 -0.135940914764829
-0.0921526601008964 -0.0102108452788561 -0.0709973142869461 -0.117421399056273
-0.0431463647404988 0.0349817788077108 -0.0195946213950281 0.0518108717023806
0.00364078988914308 0.0299786508724109 0.121469047573078 0.0159497983041019
0.00894670893683136 0.0059685104318533 0.118138256318302 -0.101116792103937
0.000342800871568378 0.00974473331063289 0.00229758638559424 -0.157611731895177
0.0141589460375763 0.0126784213699443 -0.0811286372236057 -0.0989357018732765
0.0165260811456531 -0.000885020088059896 -0.0944110361782759 -0.0281967703863763
0.0168007447098466 0.000255892210423248 -0.0871268089164715 0.00866786286726966
0.0274789695763169 -0.000919705693809956 -0.0862951975853997 0.0298447872962859
0.0332534966125734 0.021768453562258 -0.100689197588172 0.0298292094361569
0.0103825788595242 0.0346883501530988 -0.119220392988073 -0.00324986656724568
-0.00193356552340609 0.0445557090429817 -0.117793371056737 -0.0690283369891147
-0.0419459002473219 0.0452665626696205 -0.0702125895827789 -0.123485705127872
-0.0988589799478774 0.00903008462710978 -0.0176044092537256 -0.134611870385221
-0.121733296890964 -0.0483311476246126 -0.0733501295025425 -0.105165727687268
-0.121867124036796 -0.0551800643738286 -0.0362013932269541 -0.103491735078597
-0.0989996887230151 0.00970187156868366 -0.0117159927552813 0.0693427157473878
-0.0453371908366551 0.0543744106079265 0.135596799099935 0.041975076877194
0.0019997503504921 0.0587877367356382 0.141742323355189 -0.0896352858124174
0.0223572006663379 0.0453311142739968 0.0236288453883585 -0.157768123520072
0.0450632807631267 0.0305834968776885 -0.0649229878676963 -0.0999692416685556
0.0502492725784642 -0.000744506619147111 -0.0777600457277901 -0.0287081543038476
0.045718111997369 -0.00538088762896933 -0.0690414391703567 0.00686641441967237
0.0561295453901126 -0.00389474768749979 -0.0663812531309171 0.0355617519127339
0.0631716566080977 0.0354301034264162 -0.0824880463349372 0.0473233723486593
0.0305605755628298 0.0644693629433619 -0.113116607394988 0.027897029187971
-0.00204455506190817 0.0879390128533766 -0.13104019996867 -0.0388012361663521
-0.075210012917297 0.0705775041459048 -0.0900506077738023 -0.102951880045213
-0.138880887624907 -0.00249759404810581 -0.0183794835733527 -0.111491372253901
-0.155326919717603 -0.0793798721290505 -0.042028404410865 -0.0634711320620658
-0.129361220820553 -0.0957444214271163 0.00563442870436615 -0.067347231636691
-0.139303593746856 -0.0274673902339374 -0.000534811462104712 0.0938694487104898
-0.0959744590381923 0.0610528187052075 0.139878795110102 0.0778988228433832
-0.0172653919773198 0.103378108893383 0.161590786366752 -0.0591064980371233
0.036234760410039 0.0810491560889139 0.0530700378870526 -0.140995944675406
0.0690484147666778 0.0496847815579601 -0.0347105779722487 -0.0940600707976673
0.0772980938288891 0.00227735300658599 -0.0489905484760479 -0.0286860002394285
0.0680847842677158 -0.0112455313922607 -0.0417838111558354 0.00474504049671504
0.0753050362705729 -0.0107789136452367 -0.0375976693818429 0.0375706064906454
0.0843531506248597 0.0373572516799951 -0.0535313199931874 0.0618000071732267
0.0508445826074834 0.0784301760403651 -0.0939891641367082 0.0596412497514056
0.00893536034747416 0.117505552952109 -0.13186198955969 -0.00236234828894623
-0.0893277685965856 0.0919038047153714 -0.104823739041619 -0.0746132154077581
-0.157660474027481 -0.00487844089377986 -0.0156446114765827 -0.0916418419482331
-0.16651574968132 -0.0949220587677874 -0.00352655268224531 -0.0207593757564759
-0.111224364221001 -0.120575605539692 0.0477295732518184 -0.0139744431041424
-0.148412440168841 -0.0686525720189825 0.0122458619110819 0.119970616847222
-0.131607416273997 0.0426064601966973 0.129002054156906 0.114840458666359
-0.0448891835446261 0.123681151452211 0.165630289750656 -0.0129292683052378
0.03608497693729 0.105994515121273 0.082829695902369 -0.104035799592471
0.0799062653334837 0.0644000555927868 0.00375525219840344 -0.0774881222902807
0.0923698589886684 0.00691396430830504 -0.0118818150754401 -0.0260684302765209
0.0805681647734682 -0.0149595008028153 -0.00842983554872012 0.00192934131673636
0.0841700244348891 -0.0162609239075907 -0.00391249165824366 0.0362046321997531
0.0927500301875321 0.0319995067077602 -0.0193031616524866 0.0696508832790794
0.0622643042961516 0.0802821131753296 -0.0654275353821376 0.0829998479249055
0.015188775870039 0.128252811975156 -0.120284003969372 0.0292646474640974
-0.0935799876645357 0.095372004835056 -0.10742137474088 -0.046078046711588
-0.154339682125648 -0.0121240349077736 -0.00973760710341511 -0.0737068273010619
-0.15133155453638 -0.10091858231566 0.0339482705106104 0.0198103943066619
-0.0726135038919119 -0.118769993669693 0.0822850135012747 0.0454032022282215
-0.123162499989221 -0.0963844789142977 0.0235607001760234 0.142642999040415
-0.135619127336389 0.0102364851320279 0.105308219795104 0.139971383449317
-0.0650096739833851 0.114090475292492 0.150127291262352 0.032302701974625
0.0253900774608421 0.109785712299544 0.100182133730405 -0.0552665821196494
0.0750897296833525 0.0670957597992909 0.0417706357561814 -0.0533767357406899
0.0912973582595497 0.00950863005141854 0.0273945166129176 -0.0214945969629598
0.0801582393057994 -0.0167909139816039 0.0251322105415335 -0.00161110793217383
0.081451671122599 -0.0201549209444453 0.0295141096057638 0.03297635211697
0.0887605073300796 0.0251229777869633 0.0143234437626336 0.0726894385583528
0.061961075382347 0.0744552053217843 -0.0365870883850518 0.0973859453479407
0.0107652356316582 0.123532729341738 -0.103009209968415 0.0513653680063961
-0.0943529982416531 0.0804890579274305 -0.101175631720433 -0.0227935972183256
-0.134148159850253 -0.0273578076631992 -0.00342448991070377 -0.0560715685500979
-0.113373047289064 -0.0991312268537761 0.0631045364159141 0.0559419697362929
-0.0232033247098365 -0.0915410644134076 0.104028285304059 0.0980866075515208
-0.0741305295579316 -0.0960646117708249 0.0315407995905445 0.155974775508242
-0.107224735206868 -0.0159106182898606 0.0774062277823768 0.150735588073717
-0.0632579144854578 0.0834161504430909 0.12514691223203 0.0652030833794661
0.0146142136855251 0.0892940486531099 0.106662145939375 -0.0101883615458867
0.0578297045955534 0.0542626914125688 0.0731197850691499 -0.0283720555440238
0.0737051525354368 0.00796770707256455 0.0612489019365187 -0.017305408868963
0.0665009345725294 -0.0166017960411298 0.054125358228649 -0.00503450324468794
0.0685195532382245 -0.0192894009305329 0.0590223134133874 0.0282272849622104
0.0742716146931712 0.0171435529650697 0.0424484649832868 0.0741975484830728
0.0540345355936967 0.0641800253064563 -0.0123933025390129 0.107960850034564
0.00047310799302582 0.107060707520794 -0.088900752312507 0.0676435882492369
-0.0901774201447434 0.0538178940222217 -0.0935763478439776 -0.00482242475858078
-0.101187279630076 -0.0436796621864942 0.000326855897207536 -0.0390848492713565
-0.058914869285658 -0.0889067343322144 0.0782869481620316 0.0856461690323335
0.0290517716630963 -0.046140065556457 0.114195537284374 0.129728106542616
-0.0156573373349444 -0.068979510342342 0.0382108027749429 0.154103417461525
-0.0569379532403364 -0.0264491615292775 0.0575699088961338 0.14973731516138
-0.039474119913637 0.044114448318625 0.105172760360686 0.0833548388983526
0.0083324386942343 0.0511480145153593 0.109388554600951 0.0180732212392844
0.0327970926263965 0.0296630434298888 0.0932342248845608 -0.0141227753007962
0.0441423748100437 0.00306850257398539 0.0831803896493504 -0.0173218668518319
0.0423772886351946 -0.0137634257581514 0.0742371721502502 -0.0089921301820262
0.0463716886078081 -0.0157559485925244 0.0798156198896626 0.0245937941228984
0.052972806440539 0.00833307379135649 0.0632112364720295 0.0770992252051054
0.0414057055518948 0.0476283801157991 0.00384660303612772 0.118011608886047
-0.00891699301351827 0.0804365893610008 -0.0814573275775921 0.0815741770277681
-0.0758662409977278 0.021644642835094 -0.0912930036403202 0.00754558243784942
-0.0569254864241229 -0.0533726762592135 -0.00238332932809074 -0.0272591927859424
0.00238080940434719 -0.0666713289227841 0.076820012138845 0.106759547251275
-0.04731891056055 0.0305087898816217 -0.0923651166085502 -0.114287351867896
0.0148487478751028 0.0465733340506521 -0.0244107403690037 0.0471687191410937
0.0441485799793439 -0.00278585122163757 0.110114387840151 0.00802238944194267
0.0064201447773797 -0.042599214848505 0.107260609216315 -0.099515413938457
-0.0232913739944841 -0.0206073247271441 -0.00463043455704459 -0.15352275963527
-0.0169634426313229 -0.00212853631627534 -0.0859182183420284 -0.100504697792544
-0.0171013207849979 0.00194685506207503 -0.0996369884952281 -0.0305214373153566
-0.0145936886870485 0.00672466413748114 -0.0942331243706737 0.00723071444341387
-0.00738789553518104 -0.0014995354495775 -0.0957580681219105 0.0234331216320192
0.000762119063919801 -0.00412064651737123 -0.108253818457788 0.0164906566845986
-0.00147107391977021 -0.00731178323829484 -0.115881315979502 -0.0213956617889351
0.0187221149629655 -0.00401999738641421 -0.106346755965215 -0.0851613410740594
0.0101981737615577 0.0313585023435503 -0.0552990713147174 -0.140522731339817
-0.0446219009557286 0.0405847014187114 -0.0133773241755629 -0.16455517884143
-0.0745928835238576 -0.00182981053413795 -0.0931864191912312 -0.140477884610951
-0.0927850569287204 -0.0118764277149096 -0.0706990959562846 -0.119851404727153
-0.0440923637460252 0.0348604798425116 -0.0202956387035583 0.0541870038356798
0.00410224256969381 0.0300133984198511 0.124558723559733 0.0180895938930756
0.00774892407595491 0.00573545982771297 0.123736909181123 -0.10250849237565
-0.000588515976173801 0.00958148753343105 0.00377372609981798 -0.16233686993427
0.0144629378418777 0.0129811546173774 -0.0820704764439242 -0.103504798715236
0.0169655593623338 4.87771857268643E-05 -0.0959897452162247 -0.0308399512494467
0.0172251639847872 0.00152103727516386 -0.0893061910035421 0.00790758190583015
0.0277280531185283 8.55303635011167E-05 -0.0883102730105362 0.0299253452524166
0.0341125667672489 0.0231316575430443 -0.103883360457775 0.0296265546594254
0.00921043623349888 0.0368447583930461 -0.121644644616069 -0.00437638748109673
-0.00365109481578326 0.0448803314836518 -0.119938835875515 -0.0720046498891833
-0.0443652740183474 0.0446351798665324 -0.0689908301286713 -0.128550196746931
-0.1002628842202 0.0075544832536944 -0.0155101229792513 -0.140507670935824
-0.121973984079532 -0.0523467750656287 -0.0720863356209288 -0.109292353055679
-0.121950532551221 -0.0580173284540515 -0.0357837477423189 -0.10555216806735
-0.100436587563141 0.00846082517836815 -0.0132271801126166 0.0717758501942274
-0.0463348334487526 0.0541818225410642 0.138719021751402 0.0448339287336696
-2.95117918970148E-05 0.0594264267239061 0.147237930828762 -0.089965416089995
0.021609192437789 0.0462870728226403 0.0250712987644983 -0.161742602891797
0.0459809416578268 0.0317922137949666 -0.0650989212931704 -0.103768897969934
0.0511770050583554 0.000624043569316241 -0.0787810626367192 -0.0313681675031209
0.0468525166408227 -0.00427583826487196 -0.071222173121153 0.00644449263149916
0.0572906815823836 -0.00277903874096023 -0.0681325258491274 0.0355327560516771
0.0647440466109771 0.0374135277503064 -0.0853191338583648 0.0481443745447167
0.0296175194051139 0.0673562506001021 -0.116270798069107 0.0278910619802096
-0.00468693916986958 0.0899214262032459 -0.133814717389668 -0.0411505743972206
-0.0785379555350655 0.0696753273857617 -0.090332635583731 -0.107350244125586
-0.141102086019538 -0.00539900567309204 -0.0172266221703188 -0.116327781201564
-0.155630698958464 -0.0846765979868386 -0.0415086080581728 -0.0669117224781159
-0.128767294831106 -0.0995255903538682 0.00620750547986963 -0.0682143252114769
-0.141439106360589 -0.03049344127549 -0.0022187337776552 0.0969374867803098
-0.0983332433471939 0.0598733244271078 0.142336379107941 0.0819004972199159
-0.0192491883748421 0.104252174863498 0.166622763445405 -0.0580139719135659
0.0357270338513445 0.0830528527421924 0.0549664076273912 -0.144244738463336
0.0706942935091908 0.0512844415491142 -0.0345646718505885 -0.0971431230539276
0.0789226153087841 0.00406923991142041 -0.0493630042864957 -0.0306183184406421
0.0696642349823944 -0.00957470030370015 -0.0430755834942293 0.00401049156905199
0.0766284501976897 -0.00887269529022135 -0.038304530121968 0.0385002199285838
0.0863432564109253 0.0392546144750714 -0.0556710797039836 0.0631950747295579
0.0503176348032629 0.0820921278551402 -0.0965669933209251 0.0609549835762047
0.00677977507981017 0.119938024691199 -0.135682654154081 -0.00373583712100689
-0.0933870754398988 0.0919678876569478 -0.106046429087982 -0.0782645886603228
-0.160547485246276 -0.00842928310572907 -0.0157828113246675 -0.0954521586196039
-0.166673662246184 -0.100630097172189 -0.00306067093969194 -0.022815261335931
-0.109895791007015 -0.124316043637531 0.0471462024024998 -0.0134666758328812
-0.150426599618027 -0.0729824306935515 0.00878696480979423 0.123969971492272
-0.134014012481109 0.0399948029451985 0.129993326300789 0.119799800528189
-0.0478961895514847 0.124887098085926 0.169930040850696 -0.0109927113830515
0.0350134639493777 0.108313863333483 0.0842283306956216 -0.105768183225383
0.0811436722351774 0.0665328427417459 0.00450746676347827 -0.0799308951614595
0.0943955456663308 0.00877489960404316 -0.0109530459133456 -0.027070283645286
0.0821507588751641 -0.0133845541395842 -0.00930729744812618 0.00173831017658244
0.0852831954809896 -0.0147437267713665 -0.00412403302454776 0.0376053647911066
0.0945810307362668 0.0343656771723735 -0.020875820038332 0.0720687067532206
0.0616119248500482 0.0833780337602646 -0.068272958543975 0.0859732407863192
0.0134554522378526 0.130695588970987 -0.124010164713741 0.0292281906549259
-0.0970947960058748 0.0954825017787637 -0.108855184549539 -0.048448674240221
-0.157267948736267 -0.0157628403869792 -0.0101126950007479 -0.0766732563241634
-0.151629935763303 -0.106158265005853 0.0346496478425304 0.0191541859666762
-0.0706917371666605 -0.122560285012938 0.0815944600404929 0.0479283725514412
-0.123934100985208 -0.101153155165607 0.0199616890028981 0.14672521767711
-0.138160915712226 0.00742236385932508 0.105097219510067 0.145910273755201
-0.0685390587399028 0.114535507855829 0.153469824912988 0.0354318229464847
0.0245330789015166 0.112065307404451 0.101965194439726 -0.0560838759370801
0.0766735341854498 0.0693890115823617 0.0435037873760125 -0.0541225901939216
0.0933646062837703 0.0113470565182254 0.0286485307962904 -0.022167344012137
0.0816190424899842 -0.015459590173468 0.0253358749116772 -0.00150354937250809
0.0822578858725916 -0.0186907952920108 0.0305102777579805 0.0344307294133114
0.0902891359347409 0.0265209915308579 0.0133967633131802 0.0757476311546534
0.0617831182570213 0.0777596654275393 -0.0386182429691011 0.101006354999979
0.00993112610795075 0.125835944767186 -0.107296979519035 0.0523340265189065
-0.0976820586113108 0.0808015955355238 -0.104036537072855 -0.0239921078934949
-0.136642395936955 -0.0304572682593803 -0.00378133391886512 -0.0584252620775053
-0.112928575037394 -0.103370143437538 0.0635449961626398 0.0562805973522443
-0.0212933989189752 -0.09391413755905 0.102835770646616 0.101850474146484
-0.0741916471035555 -0.0999121724529855 0.0279166833800061 0.160713068319646
-0.109358015249645 -0.0189668733204423 0.0763776829516418 0.156292290902976
-0.065733924777605 0.0838961499240705 0.126035867149875 0.0693149382861068
0.0142941637900469 0.0910975358080865 0.108333762905407 -0.009334029266771
0.0591995359443207 0.0562487204030352 0.0751653734211539 -0.028066470181583
0.0755184542873146 0.00893230646525912 0.06332139258477 -0.017433614423703
0.0674088918414111 -0.0157120781395108 0.0553277185959116 -0.00490049424244959
0.0691917555021368 -0.0193151280637249 0.0599791806986753 0.0300516472378387
0.0753489743977217 0.0177874534135433 0.0429357273675601 0.0775235791661775
0.0541386135615979 0.0659109162000058 -0.0145910281849461 0.112042184706159
-0.000250957700925919 0.109203855226583 -0.0926907328743429 0.069126352021973
-0.0929427195863416 0.0537039066553906 -0.0959941092537796 -0.00607962723074873
-0.102810875786376 -0.0465032957242621 0.000357979689521544 -0.0409711704454907
-0.0581569625793223 -0.0920262180538288 0.0784795951655965 0.0874662360283416
0.0309730802567225 -0.0471279989516844 0.112288790509624 0.134663079976028
-0.0148275995986065 -0.0713086759023135 0.0342396784380997 0.159682493115588
-0.0582643714024533 -0.0278904775168849 0.0558513928782066 0.155749218071388
-0.0402746443637818 0.043866073967726 0.106383766418159 0.0869338087089658
0.00873137658800261 0.0517774965718956 0.111521011741766 0.0189318804889656
0.033267280705518 0.0302756294284678 0.0962172270766288 -0.0135891431805709
0.0448757175125288 0.00335874073867123 0.0857710439772207 -0.0172696804741424
0.0426316888150379 -0.0135165089027669 0.0756452318853885 -0.00829386974513345
0.0461313221581843 -0.0154719864629676 0.0811528218953968 0.0266745537473261
0.05336355323748 0.00900850724887383 0.0637845027547746 0.0806111204820373
0.0414236901508773 0.0488331514516119 0.00226530726293964 0.122230864208362
-0.00969487540160444 0.0816286592013069 -0.0852912633744079 0.0838891473342037
-0.0779903756352437 0.0214772660595767 -0.093907561992667 0.00675263881427177
-0.05781131078887 -0.0553751102017997 -0.00247836149442283 -0.0284405860746106
0.00378493298914893 -0.0684315201837031 0.0768526293503091 0.108485596144935
-0.0490953664951976 0.0306600377226209 -0.0952279767909915 -0.120360989730011
0.0159730892385813 0.0490986656568247 -0.0257603577441674 0.0501928374740978
0.0464326172215031 -0.00310856396185922 0.117205714806403 0.00955393726518624
0.00608021670530957 -0.0448423321417674 0.115061552754554 -0.104893626841292
-0.0250587637358711 -0.0216340517733916 -0.00443033999075312 -0.162615597168208
-0.0181680171328155 -0.00221929263265795 -0.0903261383886916 -0.107318524754634
-0.0179658188665512 0.00223851838450616 -0.104682940088173 -0.0332276584715684
-0.0147005342147779 0.00763720964164013 -0.0992706610720293 0.00770549959928507
-0.00742147258026519 -0.00117959522705397 -0.101456445382257 0.0246022743794094
0.000832452376908589 -0.00409275289719333 -0.114374530684957 0.0163086526816285
-0.00202880697156841 -0.00691730408931259 -0.121500115748679 -0.024187535242769
0.0183712782425091 -0.00459691790632271 -0.110860474792982 -0.0903882500426917
0.0102512817378341 0.0316990736238548 -0.0559247288284059 -0.149333330629071
-0.0462313471081833 0.0424886693114056 -0.0119405224457583 -0.174573364272176
-0.077222038509604 -0.00316694418425688 -0.09463494229883 -0.148947143794972
-0.0960437154240054 -0.0137799783940163 -0.0728602722841624 -0.126053196409126
-0.0457204672240258 0.0361342234010218 -0.0215950227034418 0.0574224286120267
0.00475406814877604 0.0305478471227472 0.132073203237127 0.0203027977786232
0.00732488036546887 0.00591493363992184 0.132371533417264 -0.107966914782678
-0.00113398306041616 0.0103100920818058 0.00446657634727847 -0.171509778159111
0.0147434564950958 0.0134133970144974 -0.0862606201519194 -0.110357298492251
0.0181333597193644 0.000648823280717974 -0.100634550942996 -0.0336260107718133
0.0185794535885216 0.0024575344960213 -0.0940145314034536 0.00798334115954577
0.0295965944903943 0.0010519086087196 -0.0937404029963152 0.0311365803430245
0.0359470062576968 0.0248958267995997 -0.109320939556393 0.030147253687526
0.00908096464577361 0.0404119601568423 -0.127943857174008 -0.0053568529898388
-0.00525536317438157 0.0470087783911212 -0.125669032520221 -0.0767184867684876
-0.0470529836467742 0.0452142623393673 -0.0707297196523151 -0.137294979227962
-0.10495001713208 0.00634833402455987 -0.0148628441507297 -0.149780583327501
-0.126565971204562 -0.0567807538889685 -0.0735432922808841 -0.117172281410226
-0.125447699345647 -0.0619220270273362 -0.0370496837995043 -0.110550086669826
-0.105152430986793 0.00739549266950218 -0.0147513191911552 0.0764726894021721
-0.0482304039863553 0.0554868839917127 0.1458088603481 0.0485572766598716
-0.000554148069912069 0.0612970870751301 0.15633772706517 -0.0939740374738705
0.0218915348531756 0.0491205644114949 0.026451191864013 -0.170937786339764
0.0478876141841695 0.0333640744578653 -0.0682519673748895 -0.110772239892149
0.0536114567003927 0.0021939094469104 -0.0823031697122723 -0.033775783012137
0.0494816047635241 -0.003276087234661 -0.0750476677468463 0.00670632424725204
0.0598691782500486 -0.00168954615555577 -0.0714838652008698 0.0373912529932742
0.0679415480520012 0.0398680315046403 -0.0901908668526829 0.0505152091729695
0.0300553802427468 0.072940474589635 -0.123036017756663 0.029291662701382
-0.00647360043028072 0.0941634323322363 -0.141297709121631 -0.0446673315692692
-0.0838322685474305 0.0714155438125041 -0.0938517398174323 -0.114572553224761
-0.147606319413592 -0.00848906688986566 -0.017277245186144 -0.124633673323619
-0.16104304781472 -0.091021614903981 -0.0422754818943146 -0.0718962688829784
-0.131679826901634 -0.105372230142848 0.00557664595883264 -0.0711186713852966
-0.147146912365792 -0.0341218080945326 -0.00475058998470508 0.102813032363203
-0.102959685100275 0.0606644754750169 0.149531633497238 0.0878334295544552
-0.0219086910096988 0.108434995763498 0.17652797684237 -0.0598413416646103
0.0364171747704567 0.0867732951783367 0.0576639286858363 -0.152135927713283
0.0741141724886341 0.0544611030047334 -0.0362161521019132 -0.102998779336588
0.0831225282646905 0.00535157546813372 -0.0513646897403669 -0.0329903985269817
0.073325461689695 -0.00830655472788492 -0.0455997648761931 0.00485457919839061
0.0802590755157973 -0.00814795285762926 -0.040090806286475 0.0408569510121551
0.0908101887062239 0.0423562521924941 -0.0587813495247478 0.0669471091054551
0.0517447669905333 0.087539651703591 -0.102258880672008 0.064770397530165
0.0055646155909323 0.125478548962596 -0.143824170073776 -0.00421001767201381
-0.0992369719217768 0.0940222770714126 -0.110928266706643 -0.0833985054823362
-0.168479791980655 -0.011569193801743 -0.0161155698078016 -0.102217776450779
-0.172418240263779 -0.10819592185985 -0.00255160811605257 -0.0256769846089394
-0.111642882544386 -0.131087113329299 0.048235171119966 -0.01300317712777
-0.156909652184885 -0.0790553807572814 0.00671664244123119 0.131337554866505
-0.140597232921236 0.0396575440999903 0.135442400758752 0.127632336371129
-0.0518590749501448 0.129712113816731 0.179434531422839 -0.00998847438879964
0.0356001288843381 0.113832096777089 0.0883535184257597 -0.111489214693145
0.0853735371638379 0.0703666782188071 0.00501845505187674 -0.0842767215860977
0.0995909105671318 0.0104653592892175 -0.0114233313183088 -0.0291500568629474
0.0863154851263599 -0.0126039091820361 -0.0100993180382993 0.00161636511030264
0.0892482267405898 -0.0144856028780956 -0.00397160439103715 0.0403561446796929
0.0993844063965427 0.036453754728154 -0.022224233765798 0.0773121830159165
0.0638694694129097 0.0891843810924775 -0.0720463451498036 0.0915111257883776
0.0131299756325956 0.136927561109266 -0.132532320706985 0.030455663800531
-0.103541890916156 0.0986665526709356 -0.115012358636894 -0.0519278644485989
-0.164855920460877 -0.0189396816989908 -0.0108438272524915 -0.0820951848402127
-0.156699972518469 -0.113685683182295 0.0363250078184981 0.0184463638033448
-0.071131921114382 -0.129300839332519 0.0826811926838854 0.0513280809904573
-0.129459222510933 -0.108042242000951 0.0176456847587191 0.155645597236533
-0.145146949735457 0.00498152112719096 0.108685441103614 0.15500554213388
-0.0731793390511929 0.119059701580245 0.16151733021746 0.0381694740070761
0.0252099071765684 0.117769013856655 0.106163452948441 -0.058974139802256
0.0810672811354078 0.0727310546199342 0.0459414596487384 -0.0567084846259623
0.0980571775221238 0.0123625395853847 0.0308629554793394 -0.0232858385363966
0.0851625092408171 -0.0152420644996054 0.0262192020222092 -0.00137921653923201
0.0859237550396753 -0.0183710001567402 0.0317299500102317 0.0367702478510774
0.094556450552214 0.0282828244490843 0.0136518712518927 0.0809181363080455
0.06407347750374 0.0826506076929903 -0.0407467733215915 0.108053936642061
0.0097309443511382 0.131775322921528 -0.11464894408854 0.0554885049916833
-0.10372523785477 0.0839874783436473 -0.108675208880588 -0.0257732408922831
-0.14325196844764 -0.033953484730648 -0.00432159182140325 -0.0617129005115534
-0.11618960005792 -0.110674116537818 0.0662561860311591 0.0575396799682217
-0.0199564250843686 -0.0992140926091943 0.104858807176689 0.108845360052293
-0.0772746417971166 -0.106503227355201 0.0258064059528503 0.170238251944784
-0.114921614136923 -0.0214664583723899 0.0784668070516515 0.165961139301495
-0.0698057910481004 0.0869822116187995 0.132640902845528 0.0731686882594821
0.0147496694463386 0.0959195404085828 0.112737547514867 -0.0100582976880068
0.0622305884888754 0.0593479325736097 0.0791631739506125 -0.0291682481211595
0.0794072461636865 0.00977558066133367 0.0670457961376998 -0.0186852348002416
0.0702740946915182 -0.0155032691905356 0.0579129757706847 -0.00504674578526388
0.0713894613179543 -0.0190585335480054 0.0626631059357073 0.032384904677417
0.078657981083742 0.0191462125034396 0.0442942399791831 0.0831748855458369
0.0561436159795625 0.0697130142092764 -0.0160955282883384 0.119604554708709
-0.00052950637093218 0.114090569667987 -0.0995186620428547 0.0731862244028289
-0.0978731257850318 0.0561766283698918 -0.101640664217956 -0.00688970307692144
-0.107365838618301 -0.0502219433885226 -0.000347789000775396 -0.0439283756744485
-0.0594200534377385 -0.0979273836897947 0.0817038736042092 0.0906775249955388
0.0332644131300158 -0.0491350192319799 0.114395960081091 0.143307699898739
-0.0148217386790764 -0.074938225604769 0.0320958971565973 0.169279204402311
-0.0613774146703203 -0.0298214422434886 0.0569495279692426 0.165640805082372
-0.0425540629178272 0.0453429021515067 0.11095622551173 0.0925956706983868
0.0094764454019727 0.0540883922253103 0.116514595213168 0.019696293437056
0.0352704486142187 0.031368709151339 0.101308834649293 -0.0134464740051875
0.046913453363901 0.00394052108576483 0.0904998979103399 -0.0187152992528521
0.0435355656777616 -0.0135348318750435 0.0790155765089725 -0.0082826457383585
0.047411041074943 -0.0159067554370945 0.0850946694600148 0.0288507383263518
0.0551152100711059 0.00917348702914245 0.0665217335573126 0.0864269057660166
0.0437808466316022 0.0510293764375588 0.00104180610144297 0.130421064190886
-0.0103719184822892 0.0850305887927511 -0.0917274728499866 0.0886105947406341
-0.0821029830042993 0.0226154549839777 -0.0994908787824069 0.00677796487458515
-0.0601562756615817 -0.0587393496163308 -0.00280572910660008 -0.0305715593457324
0.00556840860518643 -0.0718281769008574 0.0798514942540132 0.113377180581127
-0.0512861095674639 0.0326527491615541 -0.102872712434554 -0.126178890005589
0.0183595114612386 0.0520866904215478 -0.0256455171405555 0.0550177625306977
0.049285161303859 -0.00461719021422016 0.127021412247931 0.0081177619912194
0.00444458525981128 -0.0477356545287808 0.122519661497535 -0.116194225322118
-0.0278039536537012 -0.0218291489000162 -0.00775447794192902 -0.174726459748643
-0.0202910460681765 -0.00195532642062779 -0.100139722147404 -0.11350789722027
-0.0188309979230023 0.00381751285866852 -0.112814151769432 -0.0342580624271528
-0.0145929234824691 0.00912250758861199 -0.105929459635726 0.010529871044509
-0.00776023714511858 -0.000570534549306149 -0.107890252160073 0.0288009175595081
0.000802054874964599 -0.00409640974053201 -0.121713456423725 0.0196440483482007
-0.00222469091927414 -0.00618671095443831 -0.130525175859755 -0.0240195200481416
0.0189314060551501 -0.00542495393729627 -0.119723467606984 -0.0942772735172484
0.0114625384004867 0.0326200998274996 -0.0611419204496256 -0.160797181836967
-0.0478012988474936 0.0458808020347656 -0.0148119105131219 -0.188774626049561
-0.0825169654423293 -0.00279837494813974 -0.102008482296482 -0.158773223285632
-0.100917328611437 -0.0138990205934838 -0.0791451483293781 -0.132919948633214
-0.0477862891521097 0.0389339454387872 -0.0212128007898096 0.0626843593433283
0.00567441679713226 0.0314159431930614 0.142959166157151 0.0193451798109039
0.00697569641983336 0.00595748020323023 0.140626086670456 -0.118587691016133
-0.002023862921403 0.0115123803775263 0.00104710189734001 -0.184617855500677
0.0159793225555543 0.0144918057713642 -0.0954847863111619 -0.117060779968089
0.0197249692769462 0.00116302252491246 -0.108607241492557 -0.034621575108927
0.020673838629781 0.00333395507291959 -0.100082655378212 0.010826236705997
0.0316583941832159 0.00112958299293849 -0.0995626197654049 0.0358526455776654
0.0393241267170953 0.0260528776906354 -0.116767433974171 0.0350336932299995
0.00987257722908057 0.0444982939092621 -0.137141101406047 -0.00348250313572557
-0.00641537294982413 0.0501224707899923 -0.136037387593329 -0.0796264372317445
-0.0503811515597415 0.0476591152268708 -0.0771555716955418 -0.14687837727748
-0.110870855609721 0.00735485886931635 -0.0179233469401226 -0.162341854969567
-0.134884224438592 -0.0596803846259297 -0.0793800631491463 -0.125168735667699
-0.132510176734421 -0.0647901181509659 -0.0414248267087702 -0.117114071522586
-0.111409574563574 0.00925694293963886 -0.014678724813629 0.0830415311933787
-0.0501703517595219 0.0586231080225404 0.158269335840989 0.0496757852104483
-0.000581636328129373 0.0656212401940534 0.166736486547874 -0.103953037390478
0.0236354593930517 0.0522146215103047 0.0243492338691111 -0.184125706153795
0.0521030053745427 0.035120338071393 -0.0758183648301598 -0.117673448436733
0.0578380424246524 0.00135784188453466 -0.088383582720025 -0.0349884333413923
0.0533686627750255 -0.00309870684462095 -0.0801976406629743 0.00903927697200707
0.064422563306644 -0.00227438822195084 -0.0758780719551832 0.0421153001579346
0.0741146734768549 0.0421460065230796 -0.0955893467457897 0.0561936081400622
0.0328829627089935 0.0787468733179919 -0.130812558143086 0.0339054500889532
-0.0066498916032009 0.100997074982736 -0.152645791878533 -0.0449387841709515
-0.0888695810774799 0.0761840719561263 -0.102267238659267 -0.12156106883085
-0.157559814027724 -0.0076239634694125 -0.0208787667742168 -0.135329372635682
-0.171742659824579 -0.0958066013909913 -0.0453537429508363 -0.0779696029163994
-0.139577960806811 -0.111058662326424 0.00422566419915627 -0.0757287582913517
-0.157374276609758 -0.0344709712965999 -0.00416830534421417 0.111667085484156
-0.108294895368092 0.0644566898298137 0.161418085795153 0.0919560225122104
-0.0219901727517069 0.115510004241544 0.188477735252842 -0.0679050069641497
0.0397238786299061 0.0924299875800437 0.057374886763422 -0.164404800467725
0.0805881420532426 0.056585338484055 -0.0408922589951516 -0.109614484408713
0.0896890987737457 0.00461512343953874 -0.0555443557483034 -0.0344709913761041
0.0783124434457518 -0.00955428422203342 -0.0490166722028865 0.00603008909200479
0.085803262217198 -0.00918430591192955 -0.0419450514872979 0.0452085052357104
0.0984338352009931 0.043976501364684 -0.0618253792374184 0.0739738184743034
0.0566754830088165 0.0941372045318683 -0.107994364363996 0.0728014829576446
0.0073742324417125 0.133902900752894 -0.155240319417355 -0.00137362833023851
-0.1056472691664 0.101105915563488 -0.12095578730126 -0.087642394227739
-0.1803842579529 -0.011193532216936 -0.0196367891385868 -0.110526973521109
-0.18422483987383 -0.114418242751621 -0.0029303380633122 -0.0292498795070224
-0.118342965241258 -0.138620603160527 0.0495867011206326 -0.0141890283137159
-0.168450884302867 -0.0827931621182447 0.00785984443080195 0.14191599142285
-0.149317136211736 0.0429008276560644 0.14706187429066 0.135292099716733
-0.0539068991849369 0.138691478642539 0.191705371228439 -0.0147387195600721
0.0401111416699734 0.120701375812668 0.0902338255855925 -0.121644085128534
0.0930986877191923 0.0735923162284953 0.00311646160048266 -0.0904882132441627
0.107448775528203 0.00913264613426336 -0.0120492484735107 -0.0312515419023818
0.0918344581423885 -0.0146037197150731 -0.0111826344456882 0.00242607770576789
0.0940704204091508 -0.0159148357469202 -0.00285450541044653 0.0434605630211513
0.107022111619341 0.0375918071389121 -0.0220377401136236 0.0836538842980162
0.069728922643293 0.0953764136561139 -0.0748994979616633 0.101544237204449
0.0162023421896264 0.145694745758161 -0.142612958158384 0.0359356935932852
-0.109721823063344 0.106655317895764 -0.124167883024347 -0.0532637298945165
-0.176534177177975 -0.0189532069591079 -0.0140647951610175 -0.0884457466893302
-0.16713207397592 -0.120302982494486 0.0392426088925315 0.017314760539063
-0.0758887607432593 -0.137674365689168 0.0870349810379138 0.0544799508649607
-0.139719953638277 -0.114335641833517 0.0195897267720309 0.167611333029664
-0.154994560860924 0.00644137540057468 0.11847881050548 0.165214800988046
-0.0765520608422531 0.12759972133155 0.173147378731191 0.037517581926
0.0287807385774989 0.124797372838478 0.110513026719961 -0.0659839708457481
0.0883390142765017 0.0763480440056432 0.0477022516675701 -0.0615804761964561
0.10537041117955 0.0110333944693793 0.0326863424318145 -0.0262568074052404
0.0902291486284958 -0.0174273748536883 0.0274291211882388 -0.00181541600910593
0.0908672019712671 -0.0209629526676176 0.0351472884534869 0.0390125236778889
0.101414013980807 0.0282295156107008 0.0167586162298252 0.0877671275817914
0.0699452292686801 0.0875963880643928 -0.0418240415309941 0.11794939152244
0.0130445186514666 0.140375389798689 -0.123008864818865 0.0628736529396481
-0.109834931357524 0.0911273624662998 -0.117382254495049 -0.0251735869450692
-0.154012135800636 -0.0347850195447516 -0.00649973652666002 -0.0670664985779847
-0.124702672219571 -0.116924238281394 0.0717901065528783 0.0588812678240966
-0.0212854176965124 -0.106359950432483 0.111331059147452 0.115858569717337
-0.0842073734808915 -0.113067352530976 0.0282021702905523 0.182898940058768
-0.123845750776492 -0.0214918930681743 0.0860764314366234 0.178247256227813
-0.0733271370582053 0.093306018020266 0.142506260200485 0.0761702527374423
0.0178098935357899 0.101345564787823 0.118368391274278 -0.0135501311147887
0.0681980149878896 0.0615224192876196 0.084146199697751 -0.0328574678859528
0.0851834762871538 0.00889345828145157 0.0718322578708416 -0.0221511778118405
0.0741578210400589 -0.0175598067653451 0.060948079312948 -0.00664326612892378
0.0751600465788246 -0.0213630658187377 0.0684118210339294 0.0339335337200071
0.0838716936969245 0.0189818150476751 0.0499320440242979 0.0892013336803718
0.0609592392998059 0.0733659242948525 -0.0144603935854096 0.130611784327753
0.00215572909872747 0.121346239087733 -0.106368606647189 0.0818241151392802
-0.104245637527734 0.061352543465256 -0.109588213255625 -0.00501179713958371
-0.116010926593125 -0.0522475012791464 -0.00188286159304353 -0.0475015749705425
-0.0638074223856308 -0.103794537950861 0.0887849066615193 0.093190024672067
0.0360459520510977 -0.054171364148317 0.121771059438658 0.152346123405844
-0.0173754262540086 -0.0805243698335973 0.0353545878179584 0.182173983314499
-0.0660889326709124 -0.0308509903252875 0.0631281097204563 0.177970337329202
-0.0442229086016196 0.0489090423970178 0.120006364179139 0.0966866467917131
0.0116557946468367 0.0570551593047092 0.123689766830895 0.0186949156342895
0.0384254118279028 0.032731011673375 0.108199794311598 -0.0167890675970286
0.0504919917359283 0.00244903548641161 0.0965059259175166 -0.0225231875494742
0.0461052136886283 -0.0153408914069812 0.0839710894110268 -0.010591935756349
0.0495947053378014 -0.017582230714919 0.0916104451334933 0.0293922558604614
0.0584448527671042 0.0086744753838745 0.0726207399949176 0.0920110500329238
0.0473319809238349 0.053443764499278 0.00391796592414552 0.141323076569474
-0.00856405305067549 0.0905019277089811 -0.0969942309943236 0.0979897611338819
-0.087657501164224 0.0261551915900359 -0.106899431944401 0.00882645928264764
-0.0653661737882194 -0.0618861813044615 -0.00404421958045777 -0.0336773860518651
0.00492716039810338 -0.0767946074208094 0.0874214241999888 0.117485468300155
-0.0524611387482028 0.0354516632238956 -0.114778556213845 -0.12897975624412
0.0226770618507423 0.0545120001528055 -0.0238831877010975 0.0597392437720682
0.0519279413695655 -0.00847348218012768 0.137071798266505 0.00129375400283048
0.00134671454591348 -0.050508915231694 0.125608562439655 -0.131834988087377
-0.0310716478879258 -0.0217335924306649 -0.0175952583567245 -0.186518518431684
-0.0219620124596146 -0.000395852611209682 -0.114027139880093 -0.116458361585696
-0.0198173820479996 0.00556840826832279 -0.122219487446461 -0.0310529158589945
-0.0146336282981917 0.011121875431863 -0.111497304777251 0.0170554557680953
-0.00765687113801741 0.000646275536249021 -0.112924082186444 0.036154656920573
0.000398660643411864 -0.00427816634804077 -0.128675366389618 0.0274335847853271
-0.00315802405082318 -0.00559210035845011 -0.140245432344782 -0.0192082981518913
0.0187119095859029 -0.00669189678528056 -0.131557691832334 -0.0946476670450352
0.0131219730266546 0.0332682549610759 -0.0724017200733497 -0.169722306889583
-0.047059706067116 0.0512916120438967 -0.0242413895016371 -0.202790975998966
-0.0871844969210989 0.000680643902440197 -0.114759608927767 -0.16469978003466
-0.106511862056344 -0.0110106999879516 -0.0905260958358931 -0.136582921428002
-0.0480744213713206 0.0435966980748478 -0.0188856103688908 0.0683580161758415
0.0078483414577552 0.0316548040251215 0.154373942401935 0.0129926683149407
0.00693477488303414 0.00601040414973453 0.14451620378311 -0.135457448207214
-0.00233198527904634 0.0132457797103009 -0.00896190930237012 -0.196642130324624
0.0170796096995824 0.0148173037602057 -0.108566522868259 -0.119581973856766
0.0212389576447677 0.0010698361287285 -0.116786217975875 -0.031545431519713
0.0227480318134743 0.00310642506315509 -0.105808191672666 0.0170726806215429
0.0340547799729367 9.17209758466734E-05 -0.103710545942636 0.043501006056524
0.0428775845732597 0.0260672104790866 -0.123186099776877 0.0435321736161299
0.0122341277035454 0.047964317488145 -0.145851212350707 0.00328591170951032
-0.0053563806462829 0.0535259752904578 -0.148409018686163 -0.0779461491097099
-0.05228370836763 0.0517782725201443 -0.0889819311643569 -0.153854934916449
-0.116751261662905 0.0129299606583108 -0.0267616546679087 -0.174443110494343
-0.145052127985551 -0.0571270827322982 -0.0894601934665193 -0.130275321678597
-0.141735886470057 -0.063842418888112 -0.050123802108766 -0.121339293389253
-0.117226355482721 0.0150644796203126 -0.0115126518922519 0.0896615361359315
-0.0498202202470239 0.0627785849315992 0.170925095187207 0.0447734078289548
0.00223275947167422 0.0689074646656065 0.173039394639725 -0.120302611383311
0.0265371843899869 0.0544376268936932 0.0154254811500151 -0.197235679649267
0.0566815258201216 0.0346729808747396 -0.0872803928453107 -0.121318485218977
0.0619325769858498 -0.000812508001534202 -0.0959290763252359 -0.0329183487207221
0.0569464597059257 -0.00503703315039486 -0.0843736049068339 0.0143830438932962
0.0684931992682776 -0.00465660153130823 -0.0779635396688648 0.0491198219670521
0.0811687597299394 0.0411401554795351 -0.0989330315688622 0.0657208439259842
0.0386497431715667 0.0836500102480516 -0.137505070178776 0.0442541988537033
-0.00283903715371988 0.107358864911517 -0.165619485848047 -0.0397608688690699
-0.0920022472993529 0.0842195359036912 -0.114583480889934 -0.125040112171822
-0.168011524379707 -0.00137229490053557 -0.028859545800269 -0.144969406890712
-0.185533028193493 -0.0947988760582242 -0.0513456972607675 -0.0826610245314499
-0.150981470042061 -0.111865633985367 -0.000280279015107067 -0.0798611942967789
-0.168486020174476 -0.0293296106576151 0.000342099244114988 0.119653307946582
-0.111065944488836 0.0720948122845704 0.176770917173993 0.0899343973227793
-0.0180015079549184 0.123050332937629 0.1974200673805 -0.0821773813699106
0.0463529039052888 0.0960680435758913 0.0505574433998124 -0.177631198397726
0.0883613557276379 0.0557955603248973 -0.0499522050469599 -0.114934670631246
0.095725512496928 0.00039555148603041 -0.0601503130508725 -0.0342284351152274
0.0830087171224856 -0.0133301711391445 -0.0519005710771928 0.00941371885850819
0.0902993576113501 -0.0135052776190151 -0.0415765189799761 0.0508247711038066
0.107116659357667 0.0418257077817264 -0.0620290283289997 0.0831035703473815
0.0647479287091521 0.0987914293834662 -0.110759327254329 0.0839686131492749
0.0139192645492923 0.141588605947245 -0.166385131497911 0.00720573537510017
-0.10802122726586 0.111660491563134 -0.132661856994621 -0.0875261657093818
-0.192362116930359 -0.00430699395831717 -0.0271220015550927 -0.11849140435014
-0.19926183616526 -0.1139597517132 -0.00440958692507314 -0.0333009290756403
-0.129990339157423 -0.143155581931397 0.0503309683922498 -0.0167936321379856
-0.183136393740229 -0.0799568178893433 0.0139540506102468 0.151978877380279
-0.156202048059831 0.0513352794930215 0.163297017123122 0.13750603045634
-0.0502606718063912 0.149140427853815 0.203657630597304 -0.0256832982101137
0.0481016067439891 0.12587586443116 0.0868481105571357 -0.134437125515893
0.103102055876091 0.0725933528461661 -0.00189355039705707 -0.0962201623412421
0.114811516839606 0.00352022175621859 -0.014286949861238 -0.0330737689224244
0.0965543733955136 -0.019251537350755 -0.0121548913925452 0.00350880747297467
0.0992791445848609 -0.0213874177183828 -0.000497147824051383 0.0470009944761988
0.11591465204861 0.0347083554675213 -0.0188966983017686 0.0915860777990246
0.0787642980404341 0.0987789699903597 -0.0739976231403949 0.113414393188201
0.0245554777960105 0.153435171357488 -0.151016470072167 0.0472350279340471
-0.111693820417797 0.118133713500959 -0.135291476222495 -0.0504128863847654
-0.189144070029827 -0.0123172278331967 -0.0196497969821953 -0.0950236676663244
-0.182151897821606 -0.120921676426846 0.0423971067769484 0.0142140762923008
-0.0850890887416243 -0.143763348495905 0.0928893170028649 0.055109964938037
-0.153667917514738 -0.115733075816737 0.0271250590459815 0.178291922889475
-0.164408002661839 0.0130474133544553 0.133647071970179 0.170510665071646
-0.0756620417245135 0.138809165065917 0.185316868829163 0.031250042746202
0.0370957619055972 0.131288459121012 0.111872810908086 -0.0758592250303381
0.0977347867359527 0.0756888878290053 0.0468658934799885 -0.0678583172527674
0.112630187178428 0.00537624993417009 0.0337848044972828 -0.0301591942490444
0.0947696633288844 -0.0224813142935763 0.0286575149496516 -0.00302724860275619
0.0943882165134866 -0.0262598092188132 0.0402919168767195 0.0407158051854264
0.108807920784547 0.0249463495476824 0.0226600114518428 0.0939308076007254
0.0792622967342661 0.0895417839188771 -0.0375434604470651 0.130166203555706
0.021383105172433 0.147666794741038 -0.129092677340701 0.0744245131454811
-0.112152553161788 0.10155757379389 -0.127273629324385 -0.0203196467457041
-0.165513960236785 -0.0300356805956311 -0.0111707771692332 -0.0720312546461904
-0.136879303009886 -0.119386090064947 0.0788118518026295 0.0565198989288945
-0.0264963889694013 -0.113588105193256 0.121337490154424 0.118158449181059
-0.0953409159624712 -0.117022715427597 0.0362639792319527 0.194509243885409
-0.132785651611378 -0.0180807260371503 0.100024317494876 0.186294700735071
-0.0732681200016321 0.102961601703804 0.154932328429125 0.074088870933946
0.0245387491526996 0.10660358151364 0.123310172679975 -0.020555611593526
0.0759641211070903 0.0610072444390848 0.0872841680073811 -0.0391749392006409
0.0908596153729265 0.00381525230457357 0.0751678486393154 -0.0283026382774695
0.0775590390996606 -0.0221368847648333 0.0643290686433054 -0.00979464644306808
0.0779815037131709 -0.0258515217737728 0.0744251196531763 0.0328201979054757
0.0895810573016342 0.0154154359122634 0.0576313977837693 0.093576654509464
0.0685863231319746 0.0748118569213493 -0.00837860775946407 0.141517855006391
0.00960860322234038 0.128327079830234 -0.11046979695466 0.093801247447557
-0.107752694573788 0.0707048554587389 -0.117249369063146 0.00123547573652367
-0.126155033983546 -0.0501641927985394 -0.0048255913601223 -0.0517960012623447
-0.0718076904893524 -0.107537922131986 0.0988944396178465 0.0921171593386841
0.0357443602087362 -0.0598065858910774 0.134758026913893 0.15762692548163
-0.0226157946617442 -0.0846687440913298 0.0444339428757412 0.1932245421785
-0.0720345126649286 -0.0292620057965427 0.0756696861861771 0.187351006497298
-0.044358725657921 0.0536563078797766 0.132333151402823 0.0972956858375899
0.0160563502669837 0.0597315091544569 0.130576708662119 0.0133158225822137
0.0424994303165294 0.0320403883229834 0.114177454060102 -0.0234074492244552
0.0533642928662501 -0.000626054553196156 0.10146512286687 -0.0301207704549034
0.0475486903895649 -0.0188489529166963 0.0880945605454998 -0.0157092032678217
0.0509844718876821 -0.0208570278372256 0.0981044589485606 0.0267433614187634
0.061949573391413 0.00590856780130338 0.0827162886041835 0.0947302482149392
0.0530699986616185 0.0534551986988069 0.011740197316246 0.151879674224991
-0.00391934202608941 0.0965225124818005 -0.0993008818534779 0.11052208837143
-0.0918039874257952 0.0326168218751201 -0.113853534856683 0.0157434439977699
-0.072252475572923 -0.0622041072970219 -0.00643241359965688 -0.0365521897112194
0.00216829894707246 -0.0819859488189244 0.0983249995457173 0.117891274440155
-0.065420919199112 0.0104327428615268 -0.0480420750888719 -0.171878086966418
-0.00127633004645673 0.0605530652178992 -0.0492871321704598 0.0443467664876845
0.0512820821358196 0.0129725636658551 0.128041000193155 0.0613071148898886
0.0199530772836293 -0.0462937948364412 0.177118605027022 -0.0698304145688827
-0.0226560473522094 -0.0317986041264491 0.066285071794113 -0.182560740482548
-0.0223586422168388 -0.00925297814086688 -0.0540898523613926 -0.160347864526184
-0.022636033374861 -0.00296697558739435 -0.100135897190312 -0.0844812701180001
-0.0188628231597461 0.00526751198983151 -0.111084263453407 -0.0328968079070017
-0.00762867207120224 -0.00165465519312795 -0.121869670001028 -0.0156017950083285
0.00122448133605034 -0.00264785005854463 -0.131685284137691 -0.0309605285019494
-0.00199528408899516 -0.00535038162454503 -0.121798958823369 -0.0807254497218313
0.0165453657279751 0.000609817795662637 -0.0779718307658312 -0.146975796630908
-0.00379035912206844 0.0338970080480853 0.011722487470073 -0.193454269566616
-0.0666331837818311 0.0243194733304808 0.0736404618288537 -0.206105223250542
-0.081953514538876 -0.037430533079005 -0.0237321666739783 -0.211235911909262
-0.0943416260906908 -0.0579780609467192 -0.0229456755364632 -0.167033277265407
-0.0631987832050857 0.0189063802958753 -0.0471049138447127 0.0560332035979875
-0.00860702418008639 0.0302444102384233 0.14044781255316 0.0809570326336745
0.000414906375719825 0.00821153404104291 0.197957428606137 -0.0643852498144125
-0.0113318089648104 0.0131047969749245 0.0802748404909417 -0.189631684528664
0.00799777684636922 0.0225545770544325 -0.0472263767844377 -0.162941073409491
0.0182499744622336 0.0107684351961876 -0.0943571528500163 -0.0827512802889667
0.0198661265802067 0.0149888277318947 -0.104992011123283 -0.0303642369217719
0.0320980870387449 0.0166577588596054 -0.116460623538237 -0.00382111498354799
0.0290567711933779 0.0446833673587995 -0.133639683160904 -0.0115800706976931
-0.0113083442483734 0.0521212661961389 -0.139423504691299 -0.0606699521886563
-0.0323156158898057 0.046424127281094 -0.10467729808067 -0.138842253786306
-0.0736835186213899 0.0214570224924947 -0.012927860193707 -0.187174854922233
-0.114128979952705 -0.0434219903030979 0.0589523734782732 -0.182309084804181
-0.109844935324089 -0.117818544452296 -0.0162476366342076 -0.167872907177413
-0.103023778451473 -0.12341051492399 0.00567820998975471 -0.133593738178126
-0.11557602561511 -0.0396611291077497 -0.0490297104565469 0.0820458257853209
-0.0764398003419916 0.0324524392386748 0.143209787841662 0.119597087645243
-0.0314263421554647 0.063639864160605 0.220142739221805 -0.0371296231921344
-0.00307883413049186 0.0642502123832176 0.104515494575565 -0.180189991412029
0.0364920170935317 0.0585053941000649 -0.0263813018913203 -0.155519124668087
0.0577504240393331 0.0267706734156713 -0.0739786982926644 -0.0750716125273449
0.0561692391954322 0.022473304352771 -0.0844951222935153 -0.023742686262827
0.0659599222827899 0.027184660740067 -0.0940770294720305 0.0128474481299463
0.0586701514601833 0.0754372902320468 -0.120957160020574 0.0201321358897228
-0.00210058313792121 0.0982277091093693 -0.149946439700941 -0.0171524776657679
-0.0539202772727951 0.0984188395026749 -0.139774682404942 -0.109396688660798
-0.125845373566468 0.0332231923432345 -0.0512065380416106 -0.173137948889259
-0.155699349769448 -0.0799586622405782 0.0435532329577807 -0.156814150270115
-0.130517481857924 -0.171078436252424 -0.00305388084416524 -0.105181610273078
-0.0886150038271213 -0.174167640207011 0.031544777634902 -0.0711890849332689
-0.143792205840718 -0.105757654752527 -0.0512163495920533 0.117549446339101
-0.137964404165166 0.0127286465860853 0.129365428511317 0.16637187553515
-0.0743968127601703 0.10420192903715 0.227466716630457 0.0107920241167585
-0.00379987210910922 0.111021437540595 0.130391209728847 -0.146588734961466
0.0575273748113815 0.0920583954731225 0.00597854745426183 -0.133542950843262
0.0898261530338448 0.0428495904050747 -0.0399137017294424 -0.0602266791304837
0.0844923346406794 0.0259633001471062 -0.0522015711256249 -0.0138553662885765
0.0909047812150957 0.028780540496712 -0.0605890840594761 0.0305119520846279
0.0829279868824255 0.0869288950104967 -0.094138782181817 0.0529766434998627
0.0165964834305279 0.124129807046393 -0.142707946160971 0.033881421933653
-0.0526479858507571 0.138074576011295 -0.16295741205579 -0.064747031796306
-0.153520462451383 0.0523775371356947 -0.0874644663157242 -0.145347927644496
-0.178239779684037 -0.0927375793009283 0.0328821312221681 -0.131373792294882
-0.134326475016262 -0.195530452268535 0.0166393781690452 -0.0362970705834043
-0.055210990465225 -0.194638924050906 0.049350545221652 0.0109664374663243
-0.134512105179211 -0.161148687063365 -0.0541191223170753 0.15539948844747
-0.170425336413961 -0.0273869948343471 0.0947849069075567 0.20621431114917
-0.11526137539683 0.113849658901391 0.207921334636013 0.0682909287571917
-0.0147436723630763 0.138817127692079 0.145859526977107 -0.0890348065716852
0.0641838837465275 0.114003023412091 0.0428662777898635 -0.0939474832383268
0.106448349126973 0.0541469917412666 0.002621958163579 -0.0388757828836225
0.100048133981613 0.0263647211610459 -0.0128207894362964 -0.00191020584993115
0.102257639961107 0.0244115912010156 -0.0204244534660815 0.0452682913796644
0.0948134126598942 0.08320199162553 -0.0572223211585836 0.0802758457500742
0.0304983970509276 0.129776825363897 -0.121131755317418 0.0778243977611993
-0.0467764007444428 0.154425128117253 -0.167381651651543 -0.019862627803907
-0.160454933040212 0.0577914892955526 -0.107753206210056 -0.11077872703544
-0.171663275484132 -0.0986357582560927 0.0281251281490238 -0.104550200830276
-0.114962647038611 -0.194575551639562 0.0372570361905938 0.0304315748173423
-0.0120939939847547 -0.176281682108968 0.0567214631075569 0.0966224375968387
-0.0914498697756329 -0.181503699549878 -0.0554327292036767 0.185844870394197
-0.160709866748889 -0.0674560593692099 0.0504537275555461 0.224924975703451
-0.133421719311766 0.0926107424359495 0.164448127041958 0.114802083772187
-0.0265174575609116 0.13784864086711 0.142862620078781 -0.0226271430910171
0.0578310012563258 0.113926263859376 0.0757112568792335 -0.0453232749242536
0.104367862535427 0.0544542343647852 0.0460225943595687 -0.0146026512047899
0.0999602815940289 0.0216185880218922 0.0282737889691501 0.00934499383782548
0.0999177434313081 0.0166677766136479 0.0192964362790718 0.05644829041838
0.0920047084187513 0.0710704219799347 -0.019744860101031 0.0996594120401374
0.0350028788526782 0.120838438674312 -0.0943159505311513 0.110092544465603
-0.0458512615866038 0.148088918091185 -0.159187344774546 0.0162044690442119
-0.152940704200008 0.043031076236829 -0.11347092651467 -0.0790540064665931
-0.141702493500749 -0.103880615379765 0.0256703718600473 -0.0779181495671575
-0.0731213533611939 -0.172789082224573 0.049590175424883 0.0878851334889689
0.0286044136108993 -0.121663072851072 0.0552231655172669 0.167887085570657
-0.0357442439136292 -0.15643567799866 -0.0559678391621149 0.204354664972691
-0.116550167500489 -0.0811014784148702 0.0106677706755825 0.224079612970387
-0.114596169740606 0.0603148001880239 0.114822284129033 0.140980330536839
-0.0257042872741374 0.108591317504224 0.127900583891292 0.0346961297621618
0.0437556847053038 0.0896974736539299 0.100503154426653 0.000861916166576914
0.0845176977364868 0.042685693273126 0.0830737306666712 0.00613930293436131
0.0832907519336354 0.0137661622506002 0.0638514902576005 0.0180336059251542
0.0840394711102844 0.00944072942749976 0.0544879275146401 0.064044054938615
0.0780701370599935 0.0534777569533162 0.0124446341543646 0.114549015623051
0.032427549763023 0.101786712043214 -0.0711518882590792 0.13261627110531
-0.0474004704363583 0.124851144304867 -0.150272557424905 0.0413929559598483
-0.133905889636673 0.0171379852446029 -0.114156618593693 -0.0541424994349279
-0.0952241685675596 -0.104248155773205 0.0219268822996555 -0.0549041317296985
-0.0180264670244997 -0.133092917110002 0.0498212442117966 0.132234142755325
0.0620534512402694 -0.0438807890105904 0.0509650076729263 0.209009711566759
0.0180455665645139 -0.0935166202752686 -0.0497269027690455 0.205214468429182
-0.0543931532705201 -0.0629480820189735 -0.0143080871731745 0.213368138366652
-0.0647332951901887 0.0278224113224825 0.0814769633104674 0.151925247879967
-0.0114573132385927 0.0603388640673007 0.118137170220336 0.0703068293930507
0.025923033066219 0.0475451122522961 0.117946868691565 0.0284630146849489
0.0513454491422761 0.0216507893167719 0.108312321659574 0.015990300146459
0.0533132757348197 0.003468035494975 0.0882076188071479 0.0229724716111885
0.0569091821089753 0.00201637244827577 0.0796166362700992 0.0680764077923714
0.0559100029703238 0.0319239828992561 0.0357798059677242 0.125750757136251
0.0271322553348285 0.0739111887540703 -0.0575231112404052 0.149838597103923
-0.0455470404448362 0.0899134235924952 -0.147057802810341 0.0611811487894223
-0.102008267753064 -0.0104335629419263 -0.116769109498571 -0.0390950312746422
-0.0396813510962176 -0.0917686653637554 0.0132353652316097 -0.039861627743581
0.0392305336860187 -0.0761026556091284 0.035605004856632 0.156422840745994
-0.0660549270327517 0.0128955117429058 -0.0578939823820882 -0.171175308469737
0.00274357275439832 0.0611761202088623 -0.0469451770497043 0.0478363149910387
0.0518895040597272 0.00926955161276749 0.134683104253073 0.0540949858539134
0.0169318972134585 -0.048005891855824 0.176319336579558 -0.0833159502997382
-0.0256110294079201 -0.0304230151049291 0.0555191478381124 -0.190151237486823
-0.0234460326864406 -0.00741025775196044 -0.0653501645198416 -0.159795633289246
-0.0233480199155383 -0.000486291964471188 -0.106029826695318 -0.0802345164453468
-0.0179817897076249 0.00767767760789782 -0.113873799561115 -0.0264425826673061
-0.00746781314517161 -0.000744237064142408 -0.124314069034906 -0.00770314071162531
0.00062909498011193 -0.00231396017503392 -0.135220687825752 -0.0229543547138796
-0.00340282086640408 -0.004421353161087 -0.128365390094555 -0.0750199161164656
0.0156123737139422 -0.000715234113804454 -0.0869659474995399 -0.143948397077139
-0.00246076099298668 0.0338524415292729 0.00161955740851503 -0.197705645142675
-0.0644894262559513 0.0286374341415544 0.0637304204435697 -0.215362389470888
-0.0844803587168426 -0.0329783869629451 -0.035123539924743 -0.212534079370531
-0.0979830809324207 -0.0542756931521509 -0.0332111384622542 -0.167154774327222
-0.0619656237234837 0.0221016784474642 -0.0447061948765246 0.0600431636120082
-0.00638630243364221 0.0296855291495282 0.147906956568161 0.0730359419414668
0.000256165597977144 0.00827058185716653 0.198003750290086 -0.0784285894675031
-0.0116446089897675 0.0145748828133605 0.0688616592851212 -0.19766196720748
0.0089284970491253 0.0230393078553992 -0.0588375796420352 -0.162009612732057
0.0188652944950019 0.0103959581759141 -0.100418742570888 -0.0787502730484499
0.0212775562849025 0.0150605631736997 -0.107951778487466 -0.0238750611254076
0.0332748856224427 0.0159184911475748 -0.117548301064927 0.00393365918880684
0.0319861529363775 0.0439788867179722 -0.13663227681586 -0.00348915685094059
-0.00898634245440201 0.0550017611004071 -0.144728890345756 -0.0532843654911016
-0.0316787233302377 0.0485343719036948 -0.113944138064997 -0.134443651290067
-0.0736361962277741 0.0245814072303656 -0.0230453780155132 -0.190618981382914
-0.116932267609641 -0.0375667029542634 0.04969778475983 -0.190858584007997
-0.115830310019518 -0.112905298789692 -0.0245023870163128 -0.170008844215187
-0.109131135581243 -0.120197769942857 -0.0025153695340941 -0.13490079263101
-0.11829714674209 -0.034145030440912 -0.0455502316641557 0.0861221249742148
-0.0745705923766161 0.0358729584990294 0.152948830515546 0.11243159637936
-0.0286178727249492 0.0661294039506423 0.221548251005118 -0.0520312705372926
-0.000195463165162248 0.0655670277794102 0.0937813931251934 -0.189122684440085
0.0399591272033734 0.057046513497386 -0.0368621878893121 -0.155922506505839
0.0602292844264103 0.0242053355852029 -0.0787319613807814 -0.0718326094124405
0.0580772886594201 0.0204099636875227 -0.0867911690353223 -0.0184517171468333
0.0683527506249765 0.0244378105416486 -0.0941413173039877 0.0195113695517987
0.0640619834446235 0.073615207127693 -0.122006520757686 0.0283996786034095
0.00375569363061834 0.10133256813057 -0.153530899319789 -0.00776221466141344
-0.0499139927196656 0.102205059178944 -0.14893511100408 -0.101727695554613
-0.126816302749841 0.0397444254873569 -0.0618020330711854 -0.173228731201395
-0.161389058251098 -0.0724469392070976 0.0353977049517834 -0.164140562054311
-0.139801214493327 -0.166090376329627 -0.00799039045510763 -0.107994247814491
-0.0971653379506373 -0.171868062435945 0.0266846008434784 -0.0734365853704436
-0.151068420121212 -0.0994706931304651 -0.0468560339044002 0.122952842655642
-0.137831679377015 0.0191883800165577 0.141066937055547 0.160565100572343
-0.0689653555124447 0.109316886365652 0.231235351937854 -0.00323957202427476
0.00226443226328165 0.112613968559574 0.121314998029099 -0.156289448670092
0.063309646436222 0.0898179939589888 -0.00273066130583342 -0.135033865583591
0.0931534381901201 0.0378152043985543 -0.0433219037471545 -0.058720290786232
0.086849097164968 0.0218481420493875 -0.0536811509657191 -0.0102623875153817
0.0930372693395348 0.0240091730641225 -0.0589989461209998 0.0348298286853314
0.0896416749190013 0.0833331852470469 -0.0922155072728299 0.060879881687391
0.0237740469483089 0.126214767225935 -0.14318934968329 0.0439332888321342
-0.0455197650391703 0.142502293030074 -0.170676027442723 -0.0553044453262295
-0.153619721951475 0.061112202391107 -0.096871263064155 -0.141828058800262
-0.18507674149423 -0.0846632247170652 0.0254349449279926 -0.137183604895471
-0.145647411808455 -0.190637929611327 0.0157814904427841 -0.0401086098897254
-0.0644421202129466 -0.194686411309326 0.0485706229597316 0.0086830607775595
-0.144826266673097 -0.156012813711372 -0.0481103200597937 0.160987316132868
-0.17304569447026 -0.0199073198061195 0.10752001307988 0.203658084778879
-0.110260818988843 0.120673779177196 0.214222479271738 0.0565511462546745
-0.00706618264169701 0.14116306734959 0.140198088371881 -0.098923163229369
0.0715301510188129 0.111118161462957 0.0364440639361899 -0.0975550777661784
0.111053251347794 0.0473753391493043 0.000702474635943709 -0.0397990623783748
0.102720729854666 0.0206966136470347 -0.0132303380901435 -0.000661861419335683
0.104171389840317 0.0189257753487043 -0.0177917372396172 0.047917757303972
0.100897204526832 0.078938378145751 -0.0535171601281878 0.0865289434500887
0.0385105750199591 0.130875120202973 -0.11802252595696 0.0878252461281941
-0.0379112972736125 0.158515893358104 -0.172114219066257 -0.00870745039790666
-0.159515134885096 0.0672084527591472 -0.116152660361969 -0.105587879188996
-0.179437197388659 -0.091063585593008 0.0219345856083314 -0.109639841333419
-0.125902051734087 -0.190949509707636 0.0394320284537826 0.0262694231958899
-0.020264757923616 -0.178516695214048 0.0608165813128768 0.0948931851511782
-0.103324496621857 -0.17933984106689 -0.0484552092061214 0.192029359062618
-0.166196608611604 -0.0597425827166793 0.0638255937832216 0.225446485856739
-0.129527243428672 0.101137396661523 0.172570499762055 0.106295092349199
-0.01874079191319 0.140886690307645 0.139860839521867 -0.0313275165742075
0.065731162180808 0.111053496859341 0.0732703891531514 -0.0499048349793327
0.109192056992513 0.0476454787282369 0.0461854747597754 -0.018346992033809
0.101875267002451 0.0160387161040356 0.0281622659110564 0.00833905345672884
0.101358378147753 0.0113073396560139 0.0234699869537677 0.056353904619412
0.0974264500028176 0.0661721184067883 -0.0137558555423816 0.10382702274027
0.0425705631821737 0.121097489121379 -0.0886949282300042 0.118945122776209
-0.0367114802932649 0.15204124530834 -0.162495488998077 0.0272805678929342
-0.152509601143356 0.0523311672879876 -0.120471513361593 -0.0725315677829945
-0.149443199833653 -0.0973595214775208 0.0210614513147874 -0.0822557190112723
-0.0830180024877741 -0.17098833910334 0.0556657453605908 0.0833860113580147
0.0230739501056889 -0.125835265036426 0.062688686619922 0.167279751005376
-0.0451839900984752 -0.157181125095958 -0.0477506160535425 0.210354342399622
-0.12278708809421 -0.0759984950664873 0.0220708777250426 0.227302890659966
-0.112108029554264 0.0674039970809989 0.123769372132549 0.136354427344769
-0.0194051285471006 0.111135543030275 0.128422832781541 0.0278882510576359
0.0499957023033432 0.0875669669618949 0.101055694899646 -0.00498555303423049
0.0878424749401341 0.0367683316868034 0.0849152264187716 0.000532647447590021
0.0843516989146111 0.00878070934673185 0.0651117012590007 0.0147331417264263
0.0849168347964665 0.00446658175415226 0.059046640757551 0.0624663103202516
0.0817427761812366 0.0490240401064524 0.0199643030479199 0.116491167546861
0.039453522705806 0.100895284111552 -0.0646476491518471 0.140568777736696
-0.0392810535140662 0.129185068973308 -0.151296122385027 0.0528969305425177
-0.134712295416529 0.0253663058896048 -0.119207897929468 -0.0474470586995855
-0.102994374698424 -0.100427296326638 0.0183952005567793 -0.0578051321531212
-0.0247908250762377 -0.13352513380825 0.0586201672736197 0.128063297834944
0.06067584639591 -0.0490245980433771 0.0611621719044328 0.209148104111897
0.0124915666642385 -0.0961318579973308 -0.0412769829611777 0.211104247435812
-0.058625268422501 -0.0607357491064505 -0.00377455176574738 0.218466376336219
-0.0637094439640078 0.0321857189895527 0.0902708247701741 0.149130019425693
-0.00699612868358152 0.0613543552584676 0.121812907956349 0.0642952798463858
0.0290730052218918 0.0451851284236778 0.120751491237584 0.0213011854978381
0.0523626095712806 0.0176167809324891 0.110353456851916 0.00883488444330946
0.0535029461297331 0.000229426995061713 0.0902947448592557 0.018083022155979
0.0569166600617048 -0.0018713979579595 0.0840459641340633 0.0648457512622727
0.0577314836609736 0.0285903098756371 0.0436292586436548 0.125915732083501
0.0324560466951117 0.0725903108922541 -0.049463718652156 0.157330710700352
-0.0394290768305845 0.0937311679859234 -0.146860998050208 0.0722678713386962
-0.103834690098809 -0.00411110100160914 -0.120916059492277 -0.0321473643700511
-0.0455158691434754 -0.0902009803233276 0.0107177973974743 -0.0428294949429616
0.0362341310921146 -0.0797210337039829 0.0454297446986585 0.153907132391599
-0.06621532271406 0.0147308373912092 -0.064237948918896 -0.169010556243605
0.00594358781320237 0.0613481582663058 -0.0459957295761858 0.0503954189878381
0.0513316602893605 0.00641003644152438 0.137276002960149 0.0482597177826676
0.0141158479019769 -0.0484774216948074 0.174439096438241 -0.0921535428777713
-0.027938529737948 -0.0283934349751527 0.0479562188943336 -0.193776879072793
-0.0245261563001414 -0.00512039483032654 -0.0737257701424639 -0.157557455290039
-0.023439129739802 0.00194811453542839 -0.109970859560906 -0.0760853141572641
-0.0172037347629465 0.00920141815038099 -0.114999147775263 -0.0217888007756522
-0.00748653742897527 0.000402394140399292 -0.12526938169409 -0.00203439841659092
0.000316399661074041 -0.00201624556801218 -0.137370021389275 -0.0173024000595796
-0.0041846013629655 -0.00362238791871269 -0.132031888566579 -0.0705034263653813
0.0144954473898798 -0.00192103037783063 -0.0924077772089102 -0.141309716092018
-0.00196269266578251 0.0332200110786196 -0.00501412943335231 -0.200072416108943
-0.0624853543033196 0.0318205870117709 0.0559317561618242 -0.220441048046293
-0.0853679656691738 -0.0297123586232242 -0.0415423734410633 -0.212211299055662
-0.0994048494763268 -0.0515805899481916 -0.0398612421921112 -0.165546301348104
-0.0607486663727224 0.0244992920494331 -0.0434888408913968 0.0623829281379157
-0.00562943309554107 0.0289182747846517 0.15146792675799 0.0660707539072503
0.000370048838166581 0.00825957378044521 0.195378376644481 -0.0884617510907935
-0.0120927278638771 0.0157793669076206 0.0601872258438757 -0.201336808936916
0.00946200765176338 0.0234192751762459 -0.0668764165392402 -0.160063173773303
0.0193781897117911 0.0106934984967712 -0.104032919801159 -0.074923689268918
0.0226547951697556 0.0152729509016871 -0.109402126004216 -0.0192453801670411
0.0341713825961809 0.0150256806866877 -0.117617813758856 0.00903526763224187
0.0339714792021373 0.0435678156519966 -0.137763375441663 0.00251210803015183
-0.00731774265641843 0.0570908131109696 -0.148520798835563 -0.0475787961547559
-0.0311189814592282 0.0498360096298828 -0.120136669186081 -0.13005636979971
-0.0738750704970713 0.0264983554885256 -0.0296400977769975 -0.19193039036385
-0.117694748676405 -0.0332032043413233 0.0429465877845794 -0.195628945648113
-0.11935096929526 -0.108591701796073 -0.0301943373499371 -0.1706992878545
-0.112486582963487 -0.117077482455232 -0.00840494802200024 -0.134218373321195
-0.119501590840731 -0.0296485151584589 -0.0438584458746071 0.0892726345606974
-0.0731623532723649 0.0371324065781678 0.158104782972239 0.106048061278239
-0.0258017670684953 0.0667652967855433 0.220268707096212 -0.0623834068906508
0.00181784226910681 0.0663879443010147 0.0842653633069511 -0.193491284870424
0.0424946294767484 0.0559193180083794 -0.0445316281918263 -0.154662401208016
0.0611398963219205 0.022221947278209 -0.0816571935784153 -0.0687091563517441
0.0594156934816237 0.0189041224348643 -0.0875708212439759 -0.0143293645201253
0.0695690381968912 0.0223195382927525 -0.0933785425814987 0.0240079347835811
0.0676357170558653 0.0715642222443934 -0.121490677405171 0.0350078631971328
0.00730836494752365 0.103193361613606 -0.154864587698577 -0.00112910048575567
-0.0471921377463696 0.104111828365201 -0.154686482909528 -0.0958619702043221
-0.12647626720946 0.0439533761218556 -0.0681917459461834 -0.172182414056249
-0.16488903609336 -0.0673541796396274 0.0285183128810266 -0.16784312441292
-0.145113667724914 -0.161079685412384 -0.0112663507421917 -0.109996650518916
-0.101939445271978 -0.169268135517599 0.0226563751835672 -0.0740340777954605
-0.15488775164769 -0.0939252688208021 -0.0441603950521983 0.12581840596273
-0.137149163041622 0.0230127126565527 0.147491782874622 0.154981034966683
-0.0650016520416986 0.111376314481667 0.231827940479222 -0.0131395235069909
0.0061686371034066 0.11286150258785 0.113337778935812 -0.161456825106155
0.067225634315317 0.0871369660442628 -0.00949457749317285 -0.135265520989584
0.0945814038652385 0.0338033768790287 -0.0455668601264482 -0.0575198853655469
0.0874865386052134 0.0190605448534896 -0.0540217074053032 -0.00698550074848921
0.0941279583432725 0.0205972620312195 -0.0573933106861948 0.0386914661696499
0.0933470347872578 0.0804682336421058 -0.0905034935533748 0.0663397955178736
0.0292384878514996 0.127338249902373 -0.141988439933057 0.0515135898392526
-0.0403236104735923 0.144455724315436 -0.174975027140141 -0.0467385558793041
-0.152708394221114 0.0663568221188125 -0.102380070884507 -0.139636719766907
-0.189109580047612 -0.0786443814357309 0.0197126115112754 -0.140609789490669
-0.151683262911576 -0.185971982009711 0.0144328718796741 -0.0430092750481914
-0.0699662400579025 -0.193570522925928 0.0473119774135144 0.0073144608335272
-0.15118715967627 -0.151223741307766 -0.0441102250515568 0.164233574029533
-0.174055046342828 -0.0148232908370536 0.115719160863273 0.200416769720391
-0.105575157837196 0.124379841459361 0.216949517777872 0.0478442008194936
-0.00151351906333039 0.141886739681961 0.133079579966005 -0.104206844804901
0.0766196348079367 0.107974092306151 0.0316875387543496 -0.0987661574036963
0.112972555618293 0.0422728838532927 -0.000482291579763954 -0.0401300862868565
0.103331357654405 0.0169938353136754 -0.0133610444762182 0.000642538407407058
0.104911555128988 0.014699900881445 -0.0155441059968513 0.0493529602096296
0.104668098632051 0.074566790920385 -0.0506351656921492 0.0905958028106952
0.044382271863096 0.130543138395183 -0.11496469304198 0.0952801490132922
-0.0312440637388951 0.160180503894045 -0.175043701537594 0.000385552684984496
-0.158106333727211 0.0732804300678721 -0.120143422203311 -0.101169796906746
-0.183938099769431 -0.0852406468839279 0.0168566946018581 -0.112388263476
-0.132258371314031 -0.1865599242257 0.0409413329262846 0.0219648075579341
-0.0253247241967963 -0.179479385322364 0.0628359965186248 0.0934001068893077
-0.110555034537809 -0.176398941378712 -0.0442421633696674 0.195645084529417
-0.168863378876938 -0.0549638892206421 0.0716477230390098 0.225047985924311
-0.125354910435176 0.105720693700631 0.177029890701963 0.0989587648830543
-0.0126826556852671 0.141905567799432 0.136437933121 -0.0360738798204461
0.0704341071227995 0.108103549570673 0.0703588486656156 -0.0523636052245571
0.110944206452257 0.0422158227008034 0.0458839843675961 -0.0207521724100969
0.102239014900551 0.0119362324149347 0.0286921331322256 0.00757889623294843
0.101338089048945 0.00705332837888492 0.0263258587126462 0.0567948120534868
0.0998474576989006 0.062166115572535 -0.00922488522898859 0.106038335855597
0.0481133162741803 0.12041505784919 -0.0841405863292461 0.125099615603975
-0.0299039074847459 0.153523169006188 -0.163475540196653 0.0362959493580261
-0.151424402317767 0.0588048279523555 -0.124051575189347 -0.0676097778202967
-0.153633567407309 -0.0919858690515009 0.0172586446838664 -0.084652143417766
-0.0883339432486181 -0.168488198225911 0.0588755856587524 0.0787739999461513
0.0190935883001268 -0.128301793450818 0.067164689931751 0.165959216740389
-0.0521279195802946 -0.156870196561467 -0.0432249239941911 0.213498661313545
-0.125647416667084 -0.0720884386307905 0.0303449279619548 0.228982781493466
-0.109482589558146 0.0714747151273364 0.128957140824995 0.131421654605847
-0.0142325912681867 0.11206374126663 0.127898077786968 0.0238195132272
0.0538361557781697 0.0848072072398581 0.101097896135982 -0.00848464685031849
0.0889569447259436 0.0323886449159007 0.0856498100287934 -0.0039737212506657
0.0841752311780781 0.00515249504519752 0.0649831907864691 0.0125914584771966
0.0844490704699116 0.000220281340180639 0.0615188831872135 0.0606776177935049
0.0834935292696138 0.0452933242142575 0.0249412197863539 0.11689907930793
0.0441196593482807 0.0995237989141267 -0.058939652623697 0.145277052975401
-0.0329969598223994 0.13041480844811 -0.151304032219742 0.0615089773544701
-0.134176660922164 0.0314011508208278 -0.121784621735492 -0.0421065406274685
-0.107065614861293 -0.0965723816556761 0.0157754941277573 -0.0605144700198919
-0.0291646033425097 -0.133571224463324 0.0630079136414538 0.123833118033975
0.0588418136370536 -0.0522969898760734 0.0669021123671899 0.207778860856972
0.00861697944054337 -0.0970231910347096 -0.03595617803001 0.214159430221573
-0.0614822878669572 -0.0582223312439 0.00464032790120477 0.220784668065611
-0.061911011747307 0.0350076809653353 0.0964047848444668 0.146138685688128
-0.00369336390696335 0.0609727235116182 0.12262508276848 0.0605483242025006
0.0309849895109505 0.0437167159832353 0.122531383142425 0.0169995546567077
0.0525527821350926 0.0149130491236751 0.111154284957379 0.0032791681453096
0.0527080576625423 -0.00250219716669798 0.0899229992453615 0.0143769312217906
0.0559802980833888 -0.00431207566615523 0.0863097527436432 0.0621961550462318
0.058679806798132 0.0259566125443003 0.0492644139069864 0.125725734784859
0.035931513919146 0.0705332711136357 -0.0426105953329087 0.161360923360678
-0.0343559745730481 0.0953909142754124 -0.145656544196568 0.0806464161817429
-0.104355905241479 0.000598528716278182 -0.123470881069398 -0.0265832715760361
-0.0491682266325211 -0.0886838318601744 0.00817895227378504 -0.0449602523887881
0.034081415553533 -0.0816124404184368 0.0510890187974783 0.150232369308114
-0.0671685185498338 0.0158977493200311 -0.0692951215521329 -0.168757047379262
0.00796619684570389 0.0614987349602388 -0.0454282614788165 0.052902418500244
0.0514823511618502 0.00502345255963134 0.140105328291598 0.0440095870345216
0.0118120977713353 -0.0491959985411781 0.173669348681832 -0.0992351997793597
-0.0298079483356346 -0.0270045141456632 0.0434571948738511 -0.197211273538981
-0.0254749390381518 -0.00332011249375374 -0.0798046187755908 -0.156352823291127
-0.0232638486291482 0.0040909244358047 -0.113797871913924 -0.0737691574984676
-0.0163763419572483 0.0111169069051598 -0.116148354531057 -0.0185879195005315
-0.00772954821371221 0.000832523387619007 -0.126760421566122 0.00259715518478325
0.000481264383320044 -0.0014370672903712 -0.139763241206945 -0.0132758940703492
-0.00477019038985997 -0.00260291442749604 -0.135739708036115 -0.0673792120625717
0.013103689815235 -0.00229662952257977 -0.0961869811329451 -0.139855629050815
-0.00155188641002986 0.0328668692389909 -0.00915564202450284 -0.203538580513664
-0.0606609455903831 0.0339034042284087 0.0510608408938769 -0.226157406731265
-0.0859977989513059 -0.0276751822159265 -0.0460887891316275 -0.213240641098756
-0.10141495277195 -0.0502798028790491 -0.0443169892194663 -0.165853891804559
-0.059947328561394 0.0262597284189671 -0.0433755244666242 0.0651816822552554
-0.00490417635558958 0.028573669154119 0.154498951672183 0.0628537307135618
-0.000318947953501456 0.00783307062666651 0.195116555295466 -0.0959103956690343
-0.012353226769583 0.017560276179957 0.0550629670643726 -0.205062116441661
0.00983526547493253 0.024303993835185 -0.07291887131079 -0.159829207147869
0.0197790742013466 0.0117929533877208 -0.1069779420336 -0.0728065702469245
0.0237659099213167 0.0164585618219459 -0.110548837026253 -0.0158928963762515
0.0348911956841529 0.0148706103224902 -0.118450589790856 0.0129975603613453
0.035518119277413 0.0438429853005327 -0.139610785216974 0.00734063691341356
-0.00603910338426608 0.0595040652344155 -0.15164952039096 -0.0434277562945639
-0.0313850328653638 0.0510414435868859 -0.12475868048944 -0.127839312673381
-0.0748956071522775 0.0276473193930283 -0.0340821491142851 -0.194731133866068
-0.118808138870401 -0.0312680281058049 0.038564433297161 -0.200208973472519
-0.121710376004291 -0.106720551668347 -0.033359207423624 -0.172570501340141
-0.11506063983087 -0.115994198489856 -0.0121843575772848 -0.134422356329919
-0.120393352773052 -0.0269063840126085 -0.0432237160192816 0.0924856039168664
-0.072745316811039 0.0380174661365928 0.162051279427829 0.102580889887471
-0.0246323585247528 0.0672021627233431 0.220441720758164 -0.0699738205587062
0.00244663759893814 0.0674341518044132 0.0789607349317339 -0.197576801567417
0.0437976482136917 0.0557179650502105 -0.0502916975750921 -0.154508742180057
0.0623021306382874 0.0209806578963918 -0.0837490399759136 -0.067950782983766
0.0605736044810094 0.0186489611846259 -0.0881456688905762 -0.0116981629959665
0.0709859152660525 0.0209309388812437 -0.0937542753606291 0.0274222240076046
0.0705046848787986 0.0707289228144462 -0.122187202762097 0.0397319508255872
0.0100133828576201 0.106009162318556 -0.157309169539239 0.00441563573497141
-0.045964438982504 0.106327147139433 -0.159701263676149 -0.0913979568160404
-0.127556484779198 0.0467175186681742 -0.0726700709698673 -0.173873559838856
-0.166865716700988 -0.0649140122447499 0.0239749088658467 -0.172123831323334
-0.148712481942931 -0.158721001626354 -0.013661337042926 -0.112789028965527
-0.10490198695005 -0.169452886198347 0.019622316342956 -0.0745951881306096
-0.158010461475497 -0.0910908807962277 -0.0432505295602825 0.129329325924447
-0.137398605583488 0.0244730853663273 0.152099830095383 0.153260772527871
-0.0623243666555701 0.112716810189784 0.233234022512925 -0.020283798922386
0.00860512982093227 0.114255914559988 0.108240580856475 -0.164956826737647
0.0697369632003306 0.0862642280275608 -0.0143161415229402 -0.135264312095707
0.0965805377923863 0.0315406151575185 -0.0471066299046581 -0.0572219900479074
0.0887740745627281 0.0177201067326343 -0.0543222558428249 -0.00542859360426752
0.095127506945656 0.018542115501369 -0.0562594651346814 0.0413929888790876
0.0967080479656982 0.0786506007974572 -0.0896989581343644 0.0711585818250836
0.0329658790131833 0.128803300391059 -0.142662532362772 0.057427816692722
-0.037720564433923 0.146595714615013 -0.179684196447915 -0.0411228361516689
-0.153672371050178 0.0704835852802713 -0.106802699053314 -0.138873221599006
-0.192966207295144 -0.0757470038578038 0.0155172787354027 -0.143784236074516
-0.156194941467832 -0.183576230022462 0.013855929973851 -0.0462593352904529
-0.073361509292531 -0.194846309418617 0.0466807170414235 0.00672279250071159
-0.156889579887199 -0.149605859332187 -0.0436586477943394 0.167700764703981
-0.176328363468364 -0.0123327844892301 0.121149429930349 0.199927509961672
-0.10320341941192 0.127627905499303 0.220298362917062 0.0419298404330334
0.00192609469335435 0.143313368101305 0.128971334602413 -0.107782285746783
0.079972309520548 0.106557094831367 0.0291516696307492 -0.0996592329917976
0.114765322709612 0.0390705686647843 -0.000940409365202646 -0.0410108097697656
0.104052546955415 0.0145521268070903 -0.0138190581456059 0.00155989756045783
0.105751323123422 0.0121393967497878 -0.0137306748498206 0.0511978510109049
0.107660647160416 0.0729484013160569 -0.0480809656611414 0.0949093313724333
0.0488425264446012 0.131403844514089 -0.11384772413463 0.101357798403732
-0.027625512003804 0.162061893500202 -0.178320578180001 0.00743057090604132
-0.158234471682592 0.0775000504002548 -0.124473016635093 -0.0990557281446095
-0.187854917811586 -0.081446386169643 0.0130940297116859 -0.1149326829949
-0.136702703401895 -0.185182628034192 0.0420295673595107 0.0187406861524543
-0.0287275330749186 -0.181287659026272 0.0632958435164589 0.0929255879660109
-0.116223981965662 -0.176049824795369 -0.0422349644451618 0.199306882792326
-0.171940811662541 -0.0528197709743919 0.0773884290462922 0.225615791221606
-0.12385889918547 0.109316373802325 0.181007310092806 0.0951337946857739
-0.00886995346868408 0.143286820817007 0.134562325459143 -0.0385491150439711
0.0739245700130641 0.106759744140859 0.0692232633130099 -0.0533043173399293
0.11202533577185 0.0386391684533241 0.0461939908866076 -0.022627857533437
0.102677229863629 0.00915527895317092 0.0284989649070418 0.00760468274826198
0.101727493861005 0.00407366995775111 0.0282403542308796 0.0574473427544624
0.102148666859818 0.0592631557756736 -0.0064063536052368 0.109455379834005
0.052398864642004 0.120078145009884 -0.0814203570640914 0.130688876533982
-0.0252994087975638 0.154711881996384 -0.165707951701659 0.0438793427703205
-0.151171887939405 0.0632699993136244 -0.127025917645154 -0.0646358016084809
-0.157745821439153 -0.0892906948556669 0.0142295977649557 -0.0869889124689657
-0.0921940936368139 -0.167591598735772 0.0613814429473823 0.0752995609312842
0.0170106613973393 -0.130732583166804 0.069933533539508 0.165612700397642
-0.0566017643710502 -0.156838334358619 -0.041041847827801 0.218203147357457
-0.129017427945545 -0.0702813181957724 0.0355549939686154 0.231354079584448
-0.108363567497201 0.0744888966033812 0.132871067469449 0.129046791385291
-0.0111057051803091 0.112834627534598 0.127796242727503 0.0226576402716941
0.0565511245488147 0.0836603310600571 0.101752532363518 -0.0102504243628788
0.089985021802984 0.0295815934530888 0.0861648837449189 -0.00677438939176898
0.0842342140356951 0.00271119626678646 0.0653545412174298 0.011337056627434
0.0843136234793641 -0.00217421277879935 0.0641888726697815 0.0603055575036702
0.0844903005880266 0.0430404644594564 0.0282792776532689 0.118840732528067
0.0473810056893535 0.0989245843723368 -0.0552245010782324 0.150600599071084
-0.0284887307127134 0.131767506382429 -0.152298018803995 0.0687276755439625
-0.13476663971108 0.0358615521308234 -0.124514669204296 -0.0387347812782025
-0.110642683281901 -0.0946368167512388 0.0133767590009507 -0.0628620850337141
-0.0315606991215477 -0.134070358862853 0.0662685587953052 0.120407586682179
0.0577070965934753 -0.0553195662744411 0.0701435455065085 0.207556468414334
0.00557142918778086 -0.098412816389307 -0.0340837300544388 0.218594731417464
-0.0632204201814853 -0.0573523664188862 0.00957103233121972 0.22446041569237
-0.0610497979593096 0.0363850652822801 0.100172099176974 0.14506528939386
-0.0017293245233305 0.0608682622060149 0.124151781027693 0.0588589408742485
0.0322801734071023 0.0427249836558106 0.124079424480564 0.0142904254641179
0.0526408067252069 0.012576296799086 0.111760807891588 0.000124687391534469
0.0523621809709398 -0.00398326768445664 0.0903272398330196 0.0122127946322028
0.0555494381340894 -0.00638052992782222 0.0883828643623043 0.0609636161728727
0.0592528169684998 0.0242280443868435 0.0529563797336726 0.126417659259723
0.0383791024061328 0.0691184808361139 -0.038462770663332 0.166538702076123
-0.0302343606668678 0.0967512641120697 -0.145751174723577 0.087487978545986
-0.104726432167661 0.00396997795878305 -0.125692445861082 -0.0229850057622882
-0.0518506300986841 -0.0881004080027428 0.00662849139536215 -0.0468558753307699
0.0324226929665861 -0.0833747256182722 0.0553850947399141 0.148085927757928
-0.0686231035993706 0.0170768238207979 -0.0735211305080102 -0.170833102734554
0.010438898679169 0.0625812613905827 -0.0465676232822813 0.0557448219632534
0.0518671088872181 0.00397307462691102 0.143483262205145 0.0417170297979035
0.00996891141271327 -0.0500340960756966 0.17456378496157 -0.106669152070592
-0.031406229722371 -0.0252610835511701 0.0397014513966155 -0.202923341393666
-0.0261877646245252 -0.00145562122491933 -0.0861240194614355 -0.157010162604033
-0.0227232196773341 0.00613296749409127 -0.118334519978605 -0.0731430720256747
-0.0156341409988991 0.0128963838536339 -0.118682744850381 -0.0163222417505165
-0.0078884333917004 0.00162843250023978 -0.129247209517126 0.00629101996145476
0.000153594321769666 -0.000869020302231232 -0.142879677393777 -0.00993142241667276
-0.00512093553782372 -0.00173027567141931 -0.140063317228394 -0.0655218871152512
0.0124056878190588 -0.00237342363099071 -0.100288658195757 -0.140298231709271
-0.000840323143835404 0.0332692800778464 -0.012666900504827 -0.208757687789802
-0.0599208699885097 0.0360988451478366 0.0469938171680509 -0.232711963823145
-0.0871515682626425 -0.026306364952919 -0.0493774487907959 -0.216009253479418
-0.103858971583884 -0.0496307017143638 -0.048745054848332 -0.167771494326328
-0.0593184968605761 0.0284273899035843 -0.0439122864216504 0.0685550196254755
-0.00511907303224497 0.0281435937281394 0.158376272030607 0.0595702965557615
-0.000218595650543912 0.00777296454910215 0.195850980411362 -0.104117451396347
-0.0127098675933498 0.01919239750223 0.0504832587479965 -0.210133920351125
0.0101263348828165 0.0252379154604997 -0.0785816157614225 -0.160215852297854
0.0207038494144591 0.0121194507680566 -0.110905006875589 -0.0721412022949885
0.0251871426525038 0.0172543823484971 -0.112050840812279 -0.0134138600633026
0.0357447808662234 0.0151306685769164 -0.119962094028604 0.0173851716374013
0.037444060582744 0.0440700176869201 -0.142610267302074 0.0121747033123089
-0.00505446112314939 0.062384401309594 -0.156022049096737 -0.0405034027496183
-0.0321652026741373 0.0531387638688503 -0.130096587515374 -0.126735401477864
-0.0763326171855646 0.0289593257462488 -0.0382195454196203 -0.199494630154654
-0.120622763844782 -0.0292869583031818 0.0339142479262464 -0.206794452156081
-0.124341843990613 -0.105696087468294 -0.0367051060436256 -0.17613238018168
-0.118415192151785 -0.116942893439927 -0.0158074001745949 -0.135666834906305
-0.122306657547581 -0.0251604136991825 -0.0433519530933892 0.0969971863498609
-0.0730631816767218 0.0392201775105248 0.166897027026631 0.100116248386571
-0.0238900952097872 0.0682931110996412 0.222508547813733 -0.0773971081873774
0.00397093973537273 0.0692150523571562 0.0746547255733862 -0.201973036874185
0.0459525662466569 0.0563014216264476 -0.0554615079304901 -0.155335448686249
0.0638168420074951 0.0208569079725396 -0.0871854933803621 -0.0674928761328556
0.0622515450372901 0.0189240128727666 -0.0900524934682934 -0.00913559014782967
0.0728542899494049 0.0201940695049295 -0.0942321705879377 0.0312074631416964
0.0741466046721179 0.0707941609125376 -0.124105371217687 0.0449910853601843
0.0129729884623319 0.10897950273505 -0.160086134646301 0.00893674130145861
-0.0455771976669883 0.109863044101383 -0.165550149277761 -0.0885376431546511
-0.130135589199933 0.0496966497805618 -0.0780206032114716 -0.176838353785905
-0.17153463334905 -0.0628571140510094 0.020217476364447 -0.177532690512093
-0.152032210921278 -0.158561529304679 -0.0157580061100145 -0.116348025754269
-0.109035087126135 -0.171237060446969 0.0179967123865908 -0.0751467214335609
-0.16259747022117 -0.0898002744884291 -0.043378312328426 0.134441466499564
-0.139035525047607 0.0264115439045329 0.15804491225337 0.152889375500701
-0.0609149678933422 0.115026931645547 0.237284903957239 -0.0270370158641102
0.0110359171032559 0.116614671340109 0.104198188073926 -0.169743559687137
0.0731983667049754 0.0861064522999767 -0.0183923879322127 -0.136661246243647
0.0984870946750434 0.029658104541136 -0.0493802814881161 -0.0577684089296278
0.090836922818319 0.0168631248609825 -0.0554952592262283 -0.00346962321493233
0.0967111344270678 0.0174433030749279 -0.0561462042590038 0.0443374666316807
0.100905263465983 0.0774811937166665 -0.0898517950682168 0.0768278266995407
0.0368641095429252 0.132310488937885 -0.143915700520245 0.0635926571276119
-0.0353258508958896 0.149989961949586 -0.184690262168418 -0.0359536375495221
-0.155641609258633 0.0751139701301008 -0.112560694298733 -0.140230495616858
-0.198363741746766 -0.0740194321534354 0.0120042287885997 -0.14763528356554
-0.161128346148202 -0.182748475699421 0.013221038652751 -0.0497812314472206
-0.0769742255596783 -0.19852171227937 0.0453170855593751 0.00666842693017892
-0.16254894473963 -0.14955050192365 -0.0433121980567637 0.173870222405966
-0.179216911160778 -0.0105021470752014 0.1272399531167 0.201582861011889
-0.101981650146647 0.131005403562992 0.224587191692158 0.0371194986137646
0.00520484701760396 0.145734935637175 0.127423541764589 -0.111506602332449
0.084222916359171 0.10659712474282 0.0265531951540671 -0.10032079604557
0.116767057637282 0.0363665268871437 -0.00174385892774006 -0.0424070327410998
0.105682607258823 0.0133418857173264 -0.0135811993766808 0.00279359973014911
0.107054800792668 0.00967428267625333 -0.0121226541618905 0.0534326158302414
0.111708057283904 0.0717379069388269 -0.0466336865144706 0.099947935830929
0.0530326951292798 0.134137913534733 -0.113325271528555 0.107445927391071
-0.0240290387905853 0.165494740612912 -0.182741401607262 0.0137638604756542
-0.159726980244687 0.0831252785188541 -0.129132714061822 -0.0982174806347057
-0.193377273799376 -0.0795201780835867 0.00986609433278643 -0.118033052786355
-0.141392055621952 -0.185577676380499 0.042524394449172 0.0153627122881089
-0.0313229442947525 -0.185234087697282 0.0642735371158617 0.0936199326054325
-0.122736840063682 -0.177844324451728 -0.0420833737051696 0.20559623173419
-0.17627264723437 -0.0515016253290831 0.0829827825064178 0.229414800173897
-0.124167895866185 0.112743013707685 0.185799348510886 0.0926574616714472
-0.00566064679836576 0.145853870973638 0.133276236157886 -0.040594712490354
0.0773916790037317 0.106831916700756 0.0694287415642337 -0.0546793090704841
0.114344902357227 0.0360812355060022 0.0467711858433839 -0.0247114804677436
0.104114928851709 0.00743376664048085 0.0290784614382347 0.00782732146514879
0.102796270651492 0.00142729641053387 0.0307297729441363 0.058757594422085
0.105193325817194 0.0579162365013798 -0.00352358133223571 0.113072793940606
0.0564337929876296 0.12112107082468 -0.0792445165190626 0.136449573368858
-0.020913218092423 0.157253898705908 -0.169041403277333 0.0510911672719182
-0.152496241754804 0.0682343694241418 -0.130893015957961 -0.0621619905677984
-0.162672910521281 -0.0880462313420717 0.0114668736149133 -0.0897705085613694
-0.0965558759862711 -0.16843373603849 0.0635281740517352 0.0727948602662059
0.015334578143212 -0.134130960676527 0.0719519319410495 0.167672185018138
-0.0613609843806399 -0.159309261060081 -0.0399657267834847 0.224792027483729
-0.133523606915572 -0.0697227646962764 0.0412036643016515 0.236341882730235
-0.108366725387209 0.0778068290884723 0.137055394970777 0.127887265870835
-0.00807406827135984 0.114797337574028 0.128349556462977 0.0211129477867338
0.0590712034264647 0.0834566364314233 0.104029656805369 -0.0118684544824886
0.0912707501567079 0.0273274585741915 0.0880558971678932 -0.00982928702639467
0.0850192040160357 0.0013247042393691 0.0662854454271477 0.0102350628045023
0.0844411064611187 -0.0043177356277834 0.0668465835065648 0.060642747071375
0.0868892507709559 0.0416427021448753 0.0321860091334363 0.121694431776009
0.0507201011094116 0.0988182752847852 -0.052454418419728 0.156902937301454
-0.0246617021455709 0.133970515852631 -0.154112252537695 0.0766420534593722
-0.135658882830404 0.0392619375607538 -0.12811986302427 -0.0353999718423614
-0.114255119023519 -0.0943953285772294 0.0108108137557166 -0.0650178882832103
-0.0338894012424589 -0.13605683298664 0.0693005288296321 0.118699641879534
0.0572936713770684 -0.057831038985344 0.0732544245845882 0.210181144515874
0.00349186254819944 -0.100400073784903 -0.0324217661655825 0.224525501923982
-0.0660056030321362 -0.0570010396283975 0.0150620821835078 0.230462992051728
-0.0605898389903243 0.0384169955899837 0.104168201441226 0.144914150664837
0.000181455349984314 0.0614493567169218 0.126780979257279 0.0579372285295146
0.0337502829216401 0.0419658816370498 0.127114959689109 0.012115942373733
0.0528384584469579 0.0115631281899986 0.113896253391098 -0.00345068513867045
0.0529042690279292 -0.00523251795827257 0.0911441111617107 0.0104859562423207
0.0552779934570053 -0.0085123826266347 0.0914071509331742 0.0607282999064231
0.0599474214805588 0.0230466454211992 0.0573470677583642 0.128197570252718
0.0407443879906346 0.0688251280608946 -0.0342719005713209 0.171815988654409
-0.0269707118968754 0.0983812704062534 -0.146598761473412 0.0948600824863022
-0.106361737768435 0.00784231425723713 -0.128883573387752 -0.0198556422008596
-0.054305164890404 -0.0886844833008245 0.00443090039666691 -0.048911470699347
0.0317436864866922 -0.0862404064645388 0.0589676217424958 0.147556309977403
-0.068451402196073 0.0044589805161821 -0.0439374726455404 -0.18583416501504
-0.000641563963623724 0.0623435956072876 -0.060074426773925 0.0488593942108416
0.048299320248029 0.0141690721808186 0.134613590406956 0.0708341807691045
0.0170061298091335 -0.0439113061098228 0.196707158268449 -0.0753846440296121
-0.0261126587034598 -0.0266820865620235 0.0786812477008253 -0.196275868086377
-0.0251948218725498 -0.00400714984484939 -0.0567415426755741 -0.175202817110052
-0.0236801323832798 0.00365191339047533 -0.105703292812882 -0.0978294213613525
-0.0172857528415727 0.0122141879090576 -0.114448457694702 -0.0397643048537157
-0.00855215288360456 0.00146495486634362 -0.130776456759964 -0.0184724822266076
6.94005907393687E-05 2.97847239227721E-05 -0.140420513851963 -0.038016410042331
-0.00561293125825251 -0.00145896306450138 -0.126952933693699 -0.0938733829789372
0.0103617965419057 0.00042971526611532 -0.070018532421691 -0.161637089753658
-0.00960802580549813 0.0312306349002485 0.0300511199386734 -0.214899236129507
-0.0677358465902688 0.0222218034361347 0.0949689972508056 -0.23030726269091
-0.0802763873938976 -0.0443122694637128 -0.00280095185049697 -0.233856310174433
-0.0896144383775281 -0.0679384826102379 -0.0187177664353665 -0.17895307464553
-0.0629257074061946 0.0162145076690676 -0.0588469314951057 0.0598159793501118
-0.0125441285757573 0.0279482579880855 0.145462246229164 0.0897900028326926
-0.00391456549678052 0.00976621277163474 0.216348708343115 -0.0681710905145528
-0.0163387128804157 0.021189404327775 0.0897136222930142 -0.201777329729586
0.0057364001763246 0.0296490350468525 -0.0494599298601415 -0.176281652354809
0.0184276256175705 0.017473585437357 -0.0980793484389827 -0.0954077476464725
0.0231435481240045 0.0243308223520985 -0.108860163864042 -0.035803020783408
0.0326485014377821 0.0230989688003166 -0.123787430500925 -0.005652137270882
0.0289303555273903 0.0521729957884742 -0.14391390637947 -0.0149750542908389
-0.0178437015550721 0.0628524253245754 -0.1485076016923 -0.0689688688528259
-0.0454370140048399 0.0462729489432018 -0.105121686202229 -0.152019768021796
-0.0852337797898051 0.0101424346182075 -0.00046248965795004 -0.209919084947956
-0.114650438316858 -0.0564468396793838 0.0760242267266645 -0.208286175716086
-0.10048998033554 -0.131970672268647 0.000864335495661294 -0.190611154971323
-0.0905156267258222 -0.137182333545311 0.00829401890554335 -0.142138032087701
-0.115538838843072 -0.0478175743770006 -0.0612065439265092 0.086381100665617
-0.0820131580727039 0.0245559254489931 0.145258477523655 0.129186039545738
-0.037939873598095 0.0638426600420268 0.236671352073237 -0.0375331642291449
-0.00965325069946534 0.073296346380736 0.11135622349327 -0.189824930279313
0.0349260777991031 0.0668383778677256 -0.0279621553483459 -0.166490120379588
0.0595238805596106 0.0336029506206586 -0.0747812950933602 -0.0851277638684556
0.0601641026899405 0.032882376138639 -0.0878566944211944 -0.0270943602439317
0.0677877981766003 0.0360030482941084 -0.0999577065552325 0.0137429479468249
0.0601496549790453 0.0861010507546884 -0.131977535684718 0.0230212953041272
-0.0095572715667269 0.113288737497951 -0.161912876906427 -0.0182993164483843
-0.0702036687290951 0.0999664938733235 -0.150684929412044 -0.118729388539461
-0.143921893345858 0.0190348490134565 -0.0479203730886977 -0.194617485787504
-0.158590539496564 -0.101087481576433 0.0552201849927588 -0.182773446516218
-0.117014212175725 -0.191603490353177 0.00891714670186314 -0.125014404329415
-0.0712601698702327 -0.189655915050586 0.0301931849445458 -0.075187054834069
-0.143859224549069 -0.119050731154722 -0.0654535273507992 0.123488789198283
-0.144823510610671 -0.00101724052153006 0.12684915795169 0.178390873439323
-0.0836256186930354 0.101596331909425 0.240234143363869 0.0154608830519014
-0.0120405799519374 0.120639651179926 0.1341877777454 -0.152349149008431
0.0560990975073208 0.101200929692574 0.00515684749385322 -0.139671686446569
0.0921900883685213 0.0484129089719984 -0.0375072827847181 -0.0676178977846825
0.0886569585337198 0.0366709125993247 -0.0546715871066685 -0.0140960252652229
0.0929657774094641 0.0377757187589367 -0.064212861830451 0.0345319317223709
0.0855973482438561 0.097974580213766 -0.103101061464405 0.0621207739718815
0.0101733445110888 0.140782455327455 -0.155535649919011 0.0412179830696107
-0.0680596269545513 0.1418008048513 -0.180035467489533 -0.0671563525710998
-0.175929440311088 0.0394597108634151 -0.0904757575921013 -0.162676451899674
-0.182862556003552 -0.117455039451998 0.0403651670112203 -0.154565930190085
-0.120135412100387 -0.218274191641431 0.0234540348240408 -0.0508095089536974
-0.0357707341991383 -0.210252607633513 0.0433014030192653 0.0124093345318886
-0.13443522580651 -0.17794789228731 -0.0709033840387756 0.162744910079707
-0.178328237492986 -0.0462459386242019 0.0882336310863472 0.220148334028375
-0.126570570779849 0.108110883250393 0.215295730557915 0.0768175924684993
-0.0244101081196611 0.147333588100016 0.146227473575341 -0.0887960097243975
0.0623280377761134 0.12258737046002 0.0434757816211662 -0.0951213182020074
0.109369550958633 0.057655461204052 0.00739552921977373 -0.0419482769700688
0.104318119819262 0.0351245191747053 -0.0142606609946805 0.0006432921051279
0.104318542268127 0.0321397827287356 -0.022052900274393 0.0526597631125184
0.097063296066371 0.0933256297615864 -0.065253680998327 0.093586824943805
0.0261861871310542 0.145771407371199 -0.13265096533421 0.0915967881718272
-0.0590120914836147 0.15879522152849 -0.188371981903834 -0.0160186376430576
-0.181058300894699 0.0468102732835276 -0.116740796718601 -0.122187836504309
-0.177008765840147 -0.121835420974946 0.0322571800857321 -0.1239252098653
-0.100600548956764 -0.215871750902613 0.0389834219267776 0.0227176657807117
0.00496793899696548 -0.189269930066052 0.0455875726823768 0.103973438464071
-0.0903910545233338 -0.198965753250252 -0.0754150549777181 0.196980459336613
-0.168309954296138 -0.0868170575423462 0.040607836368318 0.240356330653768
-0.144315820481163 0.0866232346359599 0.165746833231039 0.124437731310346
-0.0347491499090765 0.144041627887115 0.139293896189349 -0.0170949459234239
0.0558634261782103 0.120899989143915 0.0780144721271374 -0.0404259223371364
0.106501287562875 0.0568558873186297 0.0527881547158357 -0.014591980376164
0.103393935141444 0.0287757571161524 0.0273119310253783 0.0143710265923301
0.100974747585878 0.0226275022525193 0.0197949784086136 0.0661434174785433
0.0936016540101174 0.0781470689333469 -0.0254243268668444 0.115358300099829
0.0317428596737307 0.133240504063575 -0.104435600826487 0.12778739250849
-0.0535981725537786 0.150682125311273 -0.18151936474955 0.024101375469584
-0.169652595029049 0.0341296459882828 -0.125119939536974 -0.086294666270826
-0.144249365242523 -0.123052495956851 0.0286053951284656 -0.0942341875647044
-0.0590591014428218 -0.189916493231778 0.0484321901046913 0.0861607345347966
0.0398546068304575 -0.130551897281287 0.0396278314678503 0.18049852322399
-0.0342635120364614 -0.1702432886544 -0.0777758120992636 0.218661301345854
-0.122323961075245 -0.0964015209201548 -0.00243965581546327 0.239956539258666
-0.122457767116746 0.0548367378034172 0.110160127253609 0.151325602343629
-0.0316810182300491 0.111702398233181 0.123166864209914 0.044386837763736
0.0417771214513517 0.0937557849591212 0.105514578512427 0.0088346899772123
0.0851422348189423 0.0430802740458588 0.090980618424522 0.00850998558929517
0.0853848890613657 0.0180648239308263 0.0631624698268986 0.0242958449496293
0.0835376828881048 0.0125471188287292 0.055040860853275 0.0755594453761353
0.0780407384619993 0.0581509130773562 0.00828407078112601 0.130533986857579
0.0309826938386279 0.109038402561828 -0.0814317579881975 0.151686220354998
-0.051047919225949 0.127096145534151 -0.172829306307003 0.0521050469867483
-0.145908343422149 0.0100933084894029 -0.127092741718572 -0.0593500888184068
-0.0949939520298859 -0.119008555411846 0.0235073376663144 -0.0685454500514232
-0.0040251502358157 -0.143907826585873 0.0449592219182377 0.134815957086234
0.064803748312659 -0.0471719773790679 0.0330001376521245 0.225257631727186
0.0183078001215472 -0.101057075690047 -0.0735707142541593 0.222220216473792
-0.0578969233781703 -0.0706297446305991 -0.0267403018091885 0.231652208146274
-0.0685587071121576 0.025069108538057 0.0755993244903312 0.163648773651012
-0.0131986113001588 0.0601355625511406 0.114758507989477 0.0816033559825004
0.0240942954893022 0.0473411860423091 0.125936770691032 0.0373063916639308
0.0497258516560235 0.020525992816201 0.116790191428428 0.0202622495057609
0.05368893733738 0.00550060965385566 0.0880217195769299 0.029302449429749
0.0556066614299412 0.00253150092861859 0.0792101564743972 0.0801099977479668
0.0551753560131994 0.0341736363968769 0.0318281283752797 0.140680907152344
0.0269662355031891 0.0760979081271461 -0.0666758069146857 0.169416791034946
-0.0456423727310946 0.0922816298036801 -0.168515709398673 0.0701152264878445
-0.109554902677486 -0.015030814602635 -0.130065200435815 -0.0443898968289817
-0.035782733917047 -0.10035840246998 0.0142192275231985 -0.0525207410913691
0.0510908958913396 -0.0802104266235536 0.0285235716526986 0.162623520484102
-0.0701394440655948 0.00605799632662988 -0.0482391912442673 -0.187512336594743
0.00186204580382337 0.0628443778486887 -0.0610984178997759 0.0525710596306021
0.0490527217354893 0.0133028179265025 0.138752494502237 0.0685686089884808
0.0151146900665722 -0.0450469643144712 0.197609911486034 -0.0825373108822713
-0.0272205246368876 -0.0249534957182455 0.0752424762917998 -0.202619775672443
-0.025261851365333 -0.00200204862337712 -0.0624162066089144 -0.175945653138243
-0.0232883466646945 0.00568930659759991 -0.11063269274207 -0.0958290379833868
-0.015514113896201 0.0136226583213356 -0.117648213762919 -0.037775960710909
-0.0084407767239154 0.00284455094487719 -0.133404014714779 -0.0139666810613017
-0.000537406284653436 0.000442178823995425 -0.144285606693833 -0.034194234895687
-0.00597706750954164 -0.000822385901380913 -0.131152860060333 -0.0923295260053976
0.00954752450680962 0.000165673645711604 -0.0739147154703503 -0.162308897302563
-0.00972955653925699 0.0309693986182228 0.0264540222758427 -0.220691744383027
-0.0664711700813522 0.0245595197560734 0.0919548941693346 -0.236883988363736
-0.0807776072064714 -0.0430889595207703 -0.00587240416743764 -0.236903405645435
-0.0920566123849665 -0.0671233983836382 -0.0230797835165849 -0.18134154728451
-0.0623598770660906 0.0177170487610276 -0.0593972592348097 0.0638754860887987
-0.0119048958102739 0.0278354510955315 0.148982198015665 0.0873166730271311
-0.00436370264317153 0.00988297542555941 0.218307141952971 -0.0755276542672643
-0.0165242639867785 0.0228313080307596 0.0856566280400797 -0.207907982285717
0.00670886203737454 0.0312401773071461 -0.0554811965843863 -0.176928140652534
0.0197528586560944 0.0186706483243353 -0.102493471446528 -0.0938394869153716
0.0252441021823869 0.0252442505000478 -0.111158582922868 -0.0336144528062498
0.0341120729590493 0.0237849672555461 -0.125915103657379 -0.00129286716227641
0.030285097619975 0.0527312268632726 -0.146900859247639 -0.0101817177634607
-0.0169007011011506 0.0650851989979871 -0.152658529180833 -0.0665095752887264
-0.0461904578072396 0.0480645406680238 -0.110169440989505 -0.151317604199223
-0.0865819930889974 0.0113809418790189 -0.00445154678023427 -0.214609793087181
-0.116700668323097 -0.0549707243375514 0.072943460476501 -0.214589838349338
-0.10210322898325 -0.130886403720884 -0.00236896846606066 -0.193537715650833
-0.0941096092299297 -0.137761679504348 0.00444315472421954 -0.143489093418082
-0.117549688431528 -0.0459275905678812 -0.0617484542281436 0.0908063257826019
-0.0819462378298905 0.0254917720940711 0.150224802138281 0.128086790832948
-0.0374382247800287 0.0645081568269242 0.238630837956808 -0.044637453069947
-0.00833646839594869 0.0753485228772216 0.107803954304761 -0.194873112198282
0.0371381136764276 0.0679453625524966 -0.0323289747242815 -0.167495301850679
0.060856918960784 0.0328973558011412 -0.0780713779081742 -0.0844990648010122
0.0625467747926228 0.0332104611206497 -0.0898841113380782 -0.0248631183957591
0.0698536979390281 0.035990710229877 -0.101500437523983 0.0173231020166271
0.0633786374607366 0.0859389247206737 -0.133438118590597 0.0286344967443626
-0.00634546612531492 0.11704769142313 -0.165086311973085 -0.0133324971147515
-0.0694202654847704 0.103453934731603 -0.155545735455733 -0.115812594927653
-0.14644795920736 0.0218821912627965 -0.0529743852297428 -0.197496564177422
-0.162792546070911 -0.0998153592212969 0.0521721878469623 -0.187685444589411
-0.120399618664981 -0.190970056168913 0.00586592232317196 -0.128291174412847
-0.075321400412882 -0.19116544801872 0.0280618580948904 -0.0764441491417275
-0.148321125716527 -0.117650207191753 -0.0660270263567185 0.128709910405991
-0.147248868964516 0.000669908126424239 0.132575537550332 0.178148375355918
-0.0825221649293487 0.104298456255186 0.243441563984656 0.00926272587142755
-0.00975122919370209 0.122975865591814 0.131037929666791 -0.156045414278816
0.0595817811096839 0.101570139037618 0.00183080481221473 -0.140400991042226
0.09456050423011 0.0465033358208971 -0.0397381423817313 -0.0675916133669097
0.0912709995970735 0.0361096372949562 -0.0555475278244126 -0.0122263531929135
0.0948230989384555 0.036281259294745 -0.0643016184607602 0.0370284994351037
0.0892301960839859 0.096810612683992 -0.103687440916539 0.0679917538189353
0.0140328508758532 0.144468739241633 -0.156999675067658 0.0471781064007351
-0.0658763198465618 0.145768929295915 -0.185908482546301 -0.0620754889159735
-0.177995167750241 0.0436294307084195 -0.095831416545822 -0.163302932975217
-0.188450036377874 -0.116049091549644 0.0369677616473017 -0.158548559715453
-0.124119360984678 -0.217666986837082 0.0220540956066153 -0.0540233767301386
-0.0392127625493375 -0.21333507227094 0.0428279592497452 0.0123903053503455
-0.140029576338162 -0.178184147092485 -0.0701891365155622 0.168631270326074
-0.182106656567517 -0.0446065942754795 0.0938278895510656 0.221551362388006
-0.126005338373645 0.111982982809122 0.219854226074129 0.0724840230687263
-0.021247163319859 0.150127190328013 0.144407289620176 -0.0922649486808797
0.0664776696691663 0.122436615714953 0.0419181810268325 -0.0959583142366909
0.111774539051154 0.0555175941632878 0.00664618955064221 -0.0430238748731051
0.106597515751995 0.0335135727079104 -0.0145263578228802 0.00164508326408491
0.106188410354981 0.0304592585133854 -0.0206799789240502 0.0543592062634449
0.100891046364876 0.0919739990531652 -0.0637948641186046 0.0994117460580606
0.0307958162999985 0.148291763565031 -0.13234619944436 0.0984831934936744
-0.0552460018865833 0.16161054604154 -0.192646841668753 -0.00918945045458057
-0.182886178713402 0.0513075402650967 -0.121215605399634 -0.12175111091177
-0.18239276353102 -0.120065515756837 0.0292787127673845 -0.127482816664605
-0.104643884699066 -0.215952480175907 0.0398409446805153 0.0201001068185973
0.00244895566928424 -0.192911275677525 0.0464407643214399 0.104599717136025
-0.0964437960558275 -0.200797926342406 -0.0747898268635667 0.203150420889898
-0.173401029513983 -0.0856683450065119 0.0459208497710186 0.242551415425627
-0.144487427431653 0.0904886786641702 0.169852595649285 0.122158130054128
-0.0319953982349285 0.146781536435925 0.139304277553569 -0.0187403841305054
0.0596586162443406 0.121044330284691 0.0790740310048511 -0.042199093530949
0.109066848501066 0.0541666519113043 0.0536737670457612 -0.0166029326137582
0.105563496345393 0.0267495049653581 0.0272944309210967 0.0144736808577872
0.102101737042632 0.020554471266761 0.0223760154352585 0.066993501244744
0.0963824175558757 0.0760781856042586 -0.0226821932748484 0.119973891170578
0.0361890667189169 0.134511851479381 -0.102087339540506 0.134293421649501
-0.0496260225219639 0.153832833239568 -0.185436285271885 0.0317437896815813
-0.171422326198902 0.03904434828254 -0.129528762426449 -0.0839318127060863
-0.148987084240819 -0.1216267407857 0.0260046520801648 -0.0976804461648323
-0.0622219844913249 -0.191180856965881 0.0501666339723562 0.0835800032222064
0.0384101146283409 -0.134301249721181 0.0410948813694848 0.182826119432697
-0.0388922053576247 -0.172435716317311 -0.0769737386318676 0.225139324779435
-0.127485608685878 -0.0959664714441564 0.00256432973370071 0.24435921865786
-0.123369034625041 0.0587786054910454 0.114587838344234 0.15096374136649
-0.0290081593984332 0.114302050821114 0.124193763000335 0.0441536494368075
0.0447849345459782 0.0937095414857194 0.108289516428035 0.0068350186917045
0.0869049135156548 0.0413256846002116 0.0933998887312241 0.00586233660891398
0.0869795650166464 0.0159805232282822 0.0647122982944969 0.0241638009034238
0.0841337168229842 0.0107389429958219 0.0580774493724307 0.0756662434549121
0.0801185126440718 0.0563936505531871 0.0122119884918665 0.133834661270961
0.0343105894912258 0.109334289417705 -0.0779141377581162 0.158088828871099
-0.0472121715004374 0.129209764431807 -0.17466938019956 0.0595459648086898
-0.147793601090925 0.0142490767137026 -0.130158689901176 -0.0563083409515305
-0.0983265279001476 -0.1185376135346 0.0212691093210222 -0.0709194541162403
-0.00583009837131601 -0.14652027846612 0.0483042379112163 0.133253327955204
0.0645671741019501 -0.0502532786110405 0.0347468169677923 0.228114072482315
0.0157918921303976 -0.103149671392148 -0.071830142644068 0.228827635511413
-0.0617714024561379 -0.0704727382472698 -0.0224899105254057 0.236681452590684
-0.0687537268183132 0.0277692774900842 0.0784725814454134 0.163757112973234
-0.0112177893283951 0.0605749332234151 0.117204367609573 0.0812470526668921
0.0258353796123359 0.0466736788871437 0.129852427007738 0.0344507693953231
0.0503763546947814 0.0190062463759174 0.119216687977221 0.0161041750145184
0.0541995448461857 0.00377200389853823 0.0894669470742283 0.0286832483963794
0.0552948876027979 0.00114931964967951 0.0822977208574007 0.080425276307667
0.056718162156663 0.0330512827449471 0.0361794791452923 0.143254580001453
0.0296478369548909 0.0759187420911136 -0.0624197987811267 0.174848994256343
-0.0421477693759291 0.0935967616343708 -0.169944065542451 0.0779478749598024
-0.111118705666625 -0.011918709171135 -0.133180034169216 -0.0413879435171527
-0.0380495753288531 -0.101181161084616 0.0123797390530646 -0.0551105444274382
0.05025745766782 -0.0836995859374748 0.0328827430138819 0.161743771348126
-0.0716669360750895 0.00758006189073705 -0.0513485743323083 -0.190511678240888
0.00399298175351826 0.0642401419615909 -0.062188457615402 0.0560035063055454
0.0501830319743081 0.0128910899065604 0.14209298035747 0.0682230227458958
0.0138169476543504 -0.0457801589434012 0.199861280799075 -0.0881917892551509
-0.0279755145647377 -0.0238057401247267 0.0743502975799775 -0.207956009922266
-0.0250338007512889 -0.000226963878644865 -0.0662432483045973 -0.177849546055517
-0.0227264548555718 0.00701933811987256 -0.114255710296915 -0.095152510718146
-0.0142341549394698 0.0152118132500548 -0.11975897007655 -0.036610436524932
-0.00832871360743566 0.00436471308643191 -0.135384902236747 -0.0117079915408479
-0.000657256215013433 0.00127979518641485 -0.146776254029796 -0.0324689508942393
-0.00669964986961061 1.19862809709543E-05 -0.134871117335723 -0.0924095509431944
0.00866710601870823 -0.00015651595428685 -0.0766618480942912 -0.164133267865993
-0.00987993816721808 0.031485647025029 0.0248104491904075 -0.226134495626654
-0.0655684984269409 0.0259196523190581 0.0911216934268942 -0.242262109008511
-0.0804027642739568 -0.0426863143383109 -0.00650503767808065 -0.23978405404275
-0.0936024383432384 -0.067493506569284 -0.0257572682249031 -0.18393705718166
-0.0618321145227946 0.0188007096253075 -0.0608321830114132 0.0676001765632026
-0.0115700969117655 0.0277315453408871 0.152672677388586 0.0869907461377556
-0.00472860187497206 0.00974379777814949 0.220270564533111 -0.0807244278466083
-0.0161692742238346 0.0246034662844118 0.083998323428959 -0.212456551682817
0.00775642628828905 0.0327555404401105 -0.0586766872438698 -0.178939797231036
0.020753461622915 0.0193327700292365 -0.10590173039613 -0.0935678118209419
0.0275495402031851 0.0266426775809018 -0.11366469722109 -0.0323321130248531
0.0356947113521052 0.0254798090474468 -0.128169217396706 0.00091950233169834
0.0319974584489516 0.0539938779934345 -0.149657639625955 -0.00650410547777927
-0.016468272400712 0.0679946354678017 -0.156660871412967 -0.0647440168247231
-0.047357771859392 0.0492857336435282 -0.114082866662546 -0.151984381217858
-0.0883384105508534 0.0117879084800684 -0.0072128977972923 -0.219676773502694
-0.117772439874736 -0.0546684069175026 0.0716733482236955 -0.219510087108467
-0.102737694072197 -0.131834362863124 -0.00294352197503933 -0.197123815092946
-0.0956523274949544 -0.139154277022318 0.00263072157806435 -0.145984983395928
-0.119399826775967 -0.0452925775500423 -0.0630032599210639 0.0954362615276312
-0.083172479850946 0.0260021502858302 0.153593450034462 0.127961457775543
-0.0373133729127979 0.0657140545182615 0.241677571697427 -0.04945426438226
-0.00757381234674571 0.0775549129936794 0.106301613002646 -0.198794275071089
0.0391362962646914 0.0693262875983943 -0.0356952700995563 -0.168704086586443
0.0624644810518394 0.0335219719165222 -0.0805480999205123 -0.0845330647425425
0.0652496527443544 0.034214857878862 -0.0916453980817128 -0.0236989468332484
0.0718454687296816 0.036319497753684 -0.102979678260109 0.0198377384045991
0.0658305385977141 0.0867028032729743 -0.135556171264097 0.0327129615727314
-0.00511958416151145 0.120490102953206 -0.168524319377952 -0.0103242471937503
-0.069823352033568 0.105631502641485 -0.160192059174179 -0.114104446326774
-0.149504042974912 0.0233825180006116 -0.0558982153476901 -0.201162679127566
-0.166135973871604 -0.0999802871531614 0.0508011406496605 -0.192958457540329
-0.120808241682021 -0.192152672953808 0.00559025745450592 -0.131571826257286
-0.0764380371261418 -0.194404993284514 0.0268391423908864 -0.0776760061457818
-0.151428579434437 -0.118166737015324 -0.0670148131474238 0.133664086900215
-0.149513065233569 0.000646755824583083 0.136131780072683 0.179346132266576
-0.0830797567523012 0.105713422884302 0.247156210649257 0.00555524975493166
-0.00806600129794989 0.125051962206715 0.129974255044851 -0.159193277073225
0.0620686254756447 0.102650271131595 0.000575369686364359 -0.141877228600151
0.0962020239581684 0.0461903713313064 -0.0413243755994315 -0.0678028838292797
0.0945771887952559 0.0358492697317933 -0.0567681843467263 -0.0113032904388709
0.0965910221597945 0.036740667566083 -0.0646988522575213 0.039589667239284
0.0924601451083447 0.0974773651231599 -0.103759741440032 0.0726195462781835
0.0168803006295428 0.14830635687506 -0.158564225989066 0.051442041053785
-0.0650310002424443 0.148431737994734 -0.190780881174668 -0.0583805231124822
-0.180538533757448 0.0462883739696097 -0.0996392482036738 -0.165571713209308
-0.192269717783817 -0.116420908261603 0.0352293211218917 -0.162287149477731
-0.125166292380104 -0.219694493643622 0.0219149184843246 -0.0567582568666368
-0.0404789840059369 -0.216934587753452 0.0420698300521306 0.0125763636381543
-0.143775856513885 -0.17941154429948 -0.0720345257403115 0.174493916180361
-0.18637910800028 -0.0444954650626609 0.097639881521293 0.22417679610955
-0.127132216367867 0.114289857458975 0.223233912179204 0.0698671420888374
-0.0194348293436648 0.153094470311366 0.144073205529113 -0.0934838785208361
0.0691692966370808 0.124005323404363 0.0423825146943268 -0.0978858623929095
0.113834551364491 0.0546280065186739 0.0070615760854424 -0.0439727420045857
0.109378517646856 0.0332161215851296 -0.0148625056227864 0.00298529091818362
0.107156193248939 0.0295154574757324 -0.020125856657061 0.0562224703641807
0.103665687845679 0.0913719238473116 -0.0623261401347272 0.103847706838039
0.0337681503498388 0.151438086255681 -0.132258941218512 0.103650527579565
-0.0534690256632026 0.164759555920988 -0.196811748342875 -0.00372661225988433
-0.186042243466238 0.0543201168818168 -0.124384894900629 -0.122033910474159
-0.186640973669668 -0.12027561418975 0.0275504858811358 -0.130833527466505
-0.105773024379854 -0.218073981945936 0.0400106684424556 0.0173501890830341
0.00160340942651007 -0.196969909211897 0.0464427074081065 0.106537905049
-0.100852581051743 -0.203096640075103 -0.0757834245017223 0.209331699890746
-0.177861639665746 -0.0857805701880076 0.0488169470359278 0.246277066360016
-0.145885742618389 0.0932013245332976 0.172651385201563 0.121544047883782
-0.030614916926243 0.149644513883054 0.13971703056157 -0.0187816265727212
0.0618980393523266 0.122147897802554 0.0813507260623046 -0.0431488951519131
0.110482084701795 0.0530832865567733 0.0548747410526125 -0.0182586493086962
0.10801837861811 0.0256335863710283 0.0284705419580936 0.0156969085618934
0.102770964693521 0.0198790176489683 0.0238081145182405 0.0684062490745047
0.0985425718051001 0.0762504865456139 -0.0202553934749242 0.124085964237967
0.0396360165700463 0.13638638421873 -0.100903326160929 0.139551243880402
-0.0471171654495951 0.156346967672957 -0.188467418366893 0.037520227834688
-0.173902323795801 0.0418603614083929 -0.132065642430738 -0.0831344625968658
-0.152980364078755 -0.122396057492325 0.023920474905914 -0.0999713666346996
-0.0635325275478447 -0.193602250114538 0.0515122321643639 0.0820190942433165
0.0384449211573355 -0.137617698239096 0.0411356782868587 0.185522718764325
-0.0424678215941285 -0.17529451789536 -0.0780912944995108 0.231584175892322
-0.131204370734728 -0.0957483106240541 0.00504741598152241 0.24824295708824
-0.124534484838168 0.0605430074287657 0.116062542397379 0.151495080990091
-0.0278196925427502 0.115980397085652 0.125569467769421 0.0449473460719946
0.0464007766960268 0.0943119057726077 0.111850482451037 0.00504467868439428
0.0886386733014006 0.0403243959325622 0.095906309971856 0.00375600157648665
0.0886660924010173 0.0148785308349302 0.0655175842017596 0.0248225001214829
0.0842471519392782 0.00973401370634239 0.0601242803306955 0.0771201393595058
0.0816268253963877 0.0557634572482713 0.0152375732924374 0.137273622783736
0.0369306844606357 0.110080680056306 -0.0759914221689335 0.162350956241478
-0.0443984086095979 0.13101354927443 -0.177330347398767 0.0657272855227991
-0.149462028521591 0.0166126504315352 -0.132681641238121 -0.0550277666409983
-0.101449698631684 -0.119789086207238 0.0196975501392688 -0.07319667365392
-0.00631946090500888 -0.149311918965489 0.05041115905129 0.132200811088182
0.0651583047828947 -0.0525227306858994 0.035339594335893 0.231510699769231
0.0139632685186263 -0.104937522385109 -0.0715859945730899 0.234194634988688
-0.0646430478949383 -0.0702112453747746 -0.019492707627174 0.241233960069751
-0.0690274866232737 0.0292241818653537 0.0808163929397801 0.165566907588493
-0.00998295930492674 0.0609041344409073 0.11931659262341 0.0826580119768551
0.0265695432811529 0.0468237589061052 0.133760874137129 0.0322986394556751
0.050977116200169 0.0180251684274106 0.121769631786116 0.0140439459047188
0.0549338764757155 0.00232658190084923 0.0911448758466097 0.0290111513437825
0.0551458938566509 0.000204460002626322 0.0850574288943965 0.0811538257583891
0.0572487375566143 0.0323437851169096 0.0392672240459134 0.145307333312447
0.0314140232305566 0.0755642635076809 -0.0601786640206309 0.179779140662242
-0.0400278028281168 0.0946350125488696 -0.171482538632908 0.0839751335165656
-0.112495396611696 -0.010323064079998 -0.135113311154526 -0.039544531626604
-0.039576954229044 -0.102408335997895 0.0112654504492401 -0.0571240370063173
0.0502454593773342 -0.086489681873166 0.0348658537580795 0.161836943162884
-0.0739178291917726 0.00818831644533194 -0.0534383336341539 -0.195546268769972
0.00580566684401173 0.0652055059055107 -0.0648296635407956 0.0600242058151329
0.0510248357942309 0.0127822149274478 0.147155371049825 0.0701671031927343
0.013250336906094 -0.046377001199862 0.20520096828796 -0.0924626682053727
-0.0284974311210943 -0.0233618650794494 0.07617346187705 -0.215630698247003
-0.0251540058799776 0.000627616250434888 -0.0687828394473921 -0.182182289315199
-0.0221027042736365 0.00822523831320957 -0.1181212632229 -0.0962666668573988
-0.0129474427612555 0.0163520076145122 -0.123567141483189 -0.0371698251857666
-0.00777689041965764 0.00572940472028291 -0.139599456398998 -0.0103568352698806
-0.00110681186522205 0.00216460324655446 -0.151545302637869 -0.0326185568341609
-0.00752686040264496 0.000960597963246385 -0.13906351583308 -0.0945031984359648
0.00828683602650948 -0.000927996569420263 -0.0777817957845066 -0.168374169101508
-0.0105305025036659 0.0319297000808957 0.0268421955233588 -0.233997665008305
-0.0656531588094016 0.0271385672502029 0.0952468858090971 -0.250606560122256
-0.0803160473500433 -0.0440423735112747 -0.00463895361057459 -0.246377492383403
-0.0958579806913317 -0.0690608633443381 -0.0271357728764372 -0.189379717179456
-0.0622127343384813 0.0191530514381623 -0.0634135498742546 0.0718032872279959
-0.0114959922012452 0.0275196292215972 0.156913036783328 0.0889922670200369
-0.0055253185961603 0.0100746146559967 0.225955336779552 -0.0843672979653738
-0.0160816605795834 0.0263956060162461 0.0858962875402333 -0.218954896559467
0.00892913625756824 0.0345716192514844 -0.0605538630223498 -0.183004259373884
0.0217126256438869 0.0206099137531761 -0.109162417073344 -0.0946465967561613
0.0298845223154326 0.027773021985061 -0.117340097053366 -0.0324301413180828
0.036820281006878 0.0269149209503566 -0.131758995133831 0.00288264904748682
0.0330956017405651 0.056054604963653 -0.153974402936905 -0.00518694998001223
-0.01670649228893 0.0711858084635064 -0.161247111960424 -0.0663099594097026
-0.0488656642178682 0.0505286583120847 -0.117090002576399 -0.15505655666659
-0.0915966049705441 0.0117177728040412 -0.00669918347966303 -0.227454190221917
-0.119456859337406 -0.0563093905615922 0.0742357808842968 -0.226662806412424
-0.102006329866559 -0.135535634399539 -0.00220254144906494 -0.203205516275389
-0.0967619829512006 -0.14412072245466 0.00190969369370444 -0.149462871651748
-0.121529497683301 -0.0462677262584354 -0.0659353380755695 0.100487823196588
-0.0852314844283954 0.025202495598812 0.157412675781769 0.131725107298795
-0.0385796530422163 0.0666677473257924 0.248221522107401 -0.0522879924504688
-0.00769888414208285 0.080624699358681 0.108227340621564 -0.204570335826538
0.0405664771280199 0.0713756450549331 -0.0367179960916122 -0.172293188662637
0.0643933908857827 0.0344521475089715 -0.0828469954680655 -0.0864474960690285
0.0686245823237146 0.0354668508712064 -0.0944844489422969 -0.0235312015221927
0.0742384179541928 0.0380311893167137 -0.105987051678811 0.0221497699238209
0.0682092711570618 0.0895868966568807 -0.138955690641268 0.0356118072940028
-0.00421060061655744 0.125602141631824 -0.173351058118923 -0.00968243424542395
-0.0719153014184892 0.108738337346459 -0.16518532087426 -0.115224456125023
-0.154404695369094 0.0230533970124592 -0.0574730754469354 -0.208287719040444
-0.169588199375121 -0.103509755213253 0.0513740076697133 -0.199307660716782
-0.120431380361977 -0.197658325964371 0.00597827174833211 -0.136816803867371
-0.0770930231477244 -0.200704939083839 0.0263275489686182 -0.0792592023388054
-0.155277531292616 -0.121344031620438 -0.0701407779433458 0.139903219007602
-0.15333558330349 -0.000894907343721462 0.139262638257599 0.183799062862641
-0.0854019154863334 0.10811410483247 0.253478023443048 0.0048392708489448
-0.00847842950435924 0.129532027218555 0.133099610713904 -0.162235557032927
0.0643567293159008 0.105844463305374 0.00112749782139337 -0.145710526930923
0.099052378752321 0.0469748457553822 -0.0420457121123784 -0.070009840129995
0.0979838041476944 0.0373169677348623 -0.058377471647677 -0.0101544464237826
0.0998337525514288 0.0382150818315774 -0.0667348515505303 0.0417499960216796
0.0954924985828078 0.100362163505854 -0.10583806680796 0.0777043830764728
0.0185126570512896 0.153536185098865 -0.163696947951559 0.0548405097013865
-0.0662509197305629 0.152415813211403 -0.197085103368161 -0.0574895205616332
-0.18665173996124 0.0468063960071878 -0.102716524893458 -0.170703112165088
-0.19757992762732 -0.120002717981701 0.0360265345891552 -0.168414034761693
-0.124897747739181 -0.226249043841212 0.0220111568813994 -0.0602514241331734
-0.0396759493885306 -0.223947098015993 0.0411242902051139 0.0135177789991051
-0.148522993583781 -0.184786440540426 -0.0755132893378801 0.181618759633561
-0.191895102238823 -0.0467989799205748 0.0997554391813409 0.230314137411838
-0.131314598265441 0.117169417831868 0.228383379992761 0.0707112194405094
-0.0202803769541819 0.157425149348826 0.147239115191496 -0.0941065129464075
0.0716133411375117 0.127718561453089 0.0442718763384256 -0.0997887720071356
0.116724670577591 0.0552375535710423 0.00770736575570446 -0.0460621400725404
0.113135480926398 0.0340147963086638 -0.0146266849512032 0.00429080155993811
0.109476346277656 0.0306243824855275 -0.0200068092551058 0.0588597530607788
0.10636790580764 0.0939168332488823 -0.0630886742883297 0.109580605138385
0.0361144427971457 0.156172391871482 -0.135220755938302 0.108517680752289
-0.0541841065491309 0.16860549499651 -0.203015344473976 -0.00040873322064609
-0.191219819963302 0.0560555908560975 -0.127758481438362 -0.125245648302322
-0.192036554449259 -0.12442288255884 0.027745638637915 -0.134978511842904
-0.105079090325 -0.224298600670014 0.0404723009633374 0.0155437055475368
0.00294456272351849 -0.203397469073823 0.0446976498623654 0.11030186118672
-0.103737111450307 -0.208978422767393 -0.0801172826876718 0.217265622882151
-0.183874323680332 -0.0889468303942256 0.049557320733683 0.253184773359882
-0.150197583488535 0.0955608557771754 0.17640749437739 0.124377549277302
-0.030827230434853 0.153768998557314 0.142731408227739 -0.0170335610661312
0.0642628410588976 0.125496659766207 0.0845926660575859 -0.0448085776391433
0.113261393922097 0.0538331998820577 0.0575261449906597 -0.0198142369199712
0.111115556079723 0.025570200682667 0.029353301288436 0.0169254124323314
0.105125714783345 0.0201447327231705 0.0252487715692959 0.0707256259702479
0.100644323351027 0.0777611696681873 -0.0196071065879124 0.129625300152547
0.041878902371845 0.140013782097815 -0.102782465290379 0.145257850180929
-0.0468425052392522 0.158472563123028 -0.194319780599611 0.042610507518152
-0.178633970889521 0.0437660700475072 -0.135366111110917 -0.085134766774262
-0.157193161972864 -0.126219485731324 0.0236739897989524 -0.103406299165199
-0.0628293155279652 -0.199264587456547 0.0521596923127209 0.0819840678045288
0.040269646474042 -0.142687475720452 0.0391743189071025 0.191170245386417
-0.0442059747378111 -0.180143210577675 -0.0817552897018908 0.239626988428707
-0.136476163501844 -0.0986737128732499 0.00484098211439823 0.256066023502086
-0.127609499671129 0.0626300446532397 0.118564429086854 0.155113573263308
-0.027721730068064 0.118985121602 0.128177246120678 0.0477570882674897
0.0478675314928266 0.0967907375685854 0.116312843203192 0.00470515693578212
0.0903245526705623 0.041142011453609 0.0990274842108963 0.00221428977183466
0.0910365982591314 0.0147828917028702 0.067982375887083 0.0259958761059363
0.0856514465524968 0.00963606634434045 0.0624822750978826 0.0789390503550648
0.0835684590003791 0.0569835681322066 0.0171037118018126 0.142644851841678
0.0388578763208413 0.11231649384343 -0.0766910724386033 0.16896537871188
-0.0443015104600705 0.133237955482859 -0.181943283826869 0.0710111682718887
-0.153973840940661 0.0182655442252412 -0.136100102827435 -0.0562328804636489
-0.1034921224647 -0.122714969888692 0.0189600869388717 -0.0765518379223873
-0.00580563284037166 -0.153974487744062 0.0513640175913396 0.133203030211004
0.0670836621746945 -0.0545235475518825 0.0328537905418122 0.238653891835876
0.0135981012465443 -0.107995515893972 -0.075696979065331 0.242808665198286
-0.0675383058878819 -0.071309664042663 -0.0200826229494548 0.248785512703419
-0.070633698853138 0.0302662005224015 0.0815120613194464 0.169666359796558
-0.00973048443904968 0.0626468276410943 0.121717822739678 0.0863786141990655
0.026524309420383 0.047630193382402 0.138648219583123 0.0322052222919413
0.0517408178362689 0.0183658775009299 0.125794557988378 0.0131668156323405
0.0561179200514519 0.00160751762996596 0.0936948295076725 0.0295820159213583
0.0560527062813062 -2.51076940423777E-05 0.087642240864019 0.0833409051936044
0.0583319890208941 0.0324355117081971 0.0417064781545712 0.150639578928142
0.0327241010122017 0.0764567419333531 -0.060672749304882 0.185592061373946
-0.039669448185522 0.095874378379658 -0.175796651970517 0.0893108343185548
-0.115600620046373 -0.00929855840274105 -0.138091133190762 -0.0401071288328749
-0.0407408441290327 -0.105529629916781 0.00998536239307178 -0.059793727354971
0.0514153401669563 -0.0894625294139738 0.0356793233985963 0.164819583560305
-0.0774418383885485 0.00925414857027218 -0.0568640714403898 -0.205837932890839
0.00703623581875206 0.0682411541241828 -0.0683184875427525 0.065165853450457
0.0542773473840577 0.0128586576707709 0.154708195554903 0.0734967199528465
0.0129577342981027 -0.0486216684424869 0.214922638144852 -0.0986557897685274
-0.0298159742944718 -0.0237325895129042 0.0793658641188203 -0.229091089609001
-0.0255278329497121 0.00154667156177877 -0.0729019214385746 -0.191069905843986
-0.0224270853136855 0.00955089198979631 -0.124268317919475 -0.0993151475395235
-0.0121185935437096 0.0177588037222556 -0.130088039583069 -0.0382813007595401
-0.00690810337642433 0.00766222773785916 -0.146192468196153 -0.00950879652152989
-0.00119750378776544 0.00297981983638926 -0.159095183926131 -0.0329894012193517
-0.00805070377559082 0.00217487626417483 -0.146025285790133 -0.0992899185967537
0.00712456182873722 -0.00135366807543262 -0.0799156145289401 -0.17672478676942
-0.0111190211315928 0.0335100755873036 0.0286774624672337 -0.246968735282981
-0.0667481978838528 0.0282819287639315 0.100076799725351 -0.263668056892011
-0.0828844283934071 -0.0473781837744126 -0.00202363644877277 -0.257553936727727
-0.0996406003365357 -0.0727536749694572 -0.0292018200787917 -0.198928012121744
-0.0640442269459474 0.0197284440063967 -0.0672089086323699 0.0777553259291387
-0.0116871483253329 0.0280910142076388 0.164374442487024 0.0934021816415465
-0.00630028584734007 0.00992395111113529 0.236477397032938 -0.0901436793630725
-0.0166018616883111 0.028397975554421 0.0905797156450429 -0.231381088256225
0.0101326024421986 0.0368471370477858 -0.06498844142529 -0.191042274483008
0.024041076421598 0.0224879403346035 -0.115074738101614 -0.0984677853047057
0.032836684122865 0.0302864944450817 -0.123424926667053 -0.0329507501558598
0.039784588532733 0.029313360916122 -0.138682593681862 0.00465610137499306
0.0348775406628713 0.0596398798299764 -0.161731919906484 -0.00411658699605951
-0.0169626065930265 0.0765830774025913 -0.170106485965674 -0.0689284420513658
-0.0524308084288505 0.0528084506941691 -0.122472629682739 -0.162048245853244
-0.0964401254263624 0.0114859640569328 -0.00605812685217038 -0.240430214775629
-0.124092598769996 -0.0596310883034498 0.0779787951051345 -0.239711393412491
-0.103958283308514 -0.143663121335231 -0.000862308231126349 -0.213094834166995
-0.100829467763502 -0.151419834027348 0.00159359432081313 -0.157418357854458
-0.125826381739053 -0.0489157304562893 -0.0698182887416289 0.10777109270294
-0.0889460814666013 0.0248915113585652 0.164373846758086 0.137586503784549
-0.0409128139644008 0.0693602596074108 0.259369120425932 -0.0554127042178585
-0.00789517072905567 0.0853009714464462 0.113518670554239 -0.214408587513984
0.0438078028657341 0.0752704767582256 -0.0387111629708326 -0.18067075692722
0.0685549241385349 0.0366155220042078 -0.0869192686699723 -0.0898877667086927
0.0734837006163454 0.0377679848998569 -0.0993931528845261 -0.0235056120212379
0.0790889028022912 0.0406296778313951 -0.111119507603433 0.0248135656891641
0.0720632409410547 0.0949528299764995 -0.145418886937309 0.0402063619109911
-0.0032739408206815 0.133366731006553 -0.18243325286499 -0.00894652366530018
-0.0756040434014139 0.11379187198407 -0.173976114008989 -0.119698104163515
-0.16271999306048 0.0238722107520093 -0.0596426962104613 -0.219842646376724
-0.17717008063208 -0.109589715044915 0.0540042418408712 -0.210294331040551
-0.122606204981746 -0.208521104002091 0.00703175604680822 -0.144853824715593
-0.0787601043187213 -0.212158791279839 0.0266531587744154 -0.0829557406306466
-0.162250676481661 -0.126994209617637 -0.07471541783023 0.14963820115318
-0.161233988820053 -0.00235592537198943 0.145451518649598 0.193266818716316
-0.0899630230055324 0.112623869180759 0.265790576795915 0.00428753706074506
-0.00917705012266603 0.136686141321838 0.139026808082122 -0.169745793915064
0.0681611488095847 0.111345956383499 0.000784104030601883 -0.152277262933042
0.10405660217997 0.049828089966226 -0.0436643947142225 -0.0730891447566355
0.104475014244785 0.0392692995458711 -0.0613516167673754 -0.00943739167073514
0.105273253714811 0.0405757917716434 -0.0699963756983547 0.0452660798611792
0.101186273467509 0.105835121024722 -0.110329900335553 0.0841204818273451
0.0210940927332354 0.162468085799789 -0.171864202566217 0.0590903064446925
-0.0692086561346803 0.159804270257644 -0.207217504852035 -0.057140324948008
-0.196704224312989 0.0491732862426045 -0.10700402482997 -0.179669806825828
-0.207273008271599 -0.127151566015727 0.0368879298694226 -0.177547619007776
-0.127394956738236 -0.238165438000123 0.022951218533066 -0.0645307230891836
-0.0401543875580286 -0.23672228036381 0.0419480282718498 0.0148379448747642
-0.155609956562679 -0.194044043750331 -0.0809998952981145 0.193361778956185
-0.202222453517187 -0.0500488418018666 0.103510712844896 0.241553303742107
-0.137682069317781 0.122158893810012 0.238991017897456 0.0742108277915369
-0.0209190579688778 0.166239764985827 0.153844258778705 -0.0971228901380999
0.0757804792868255 0.133814277359767 0.047474191744683 -0.105245168035731
0.12236833507715 0.0576319980675736 0.00867671906394814 -0.0491019102895454
0.119332367738601 0.0354545580308112 -0.0147476708542244 0.00543262802757501
0.115229660064151 0.0324845052816476 -0.0213296487433071 0.0623853396752506
0.111992345971809 0.0985513365307854 -0.0648794219810086 0.117729126129326
0.0393223841863179 0.165107188748681 -0.141563658873442 0.115480452971698
-0.0555864174356973 0.175757969711661 -0.213351146702596 0.00247300540761649
-0.201132535506686 0.05966787090966 -0.133742350326228 -0.131942987657677
-0.201381983379451 -0.131560105215699 0.0282312285080196 -0.142541818051402
-0.107531569971976 -0.236292320674163 0.0419312183357924 0.0145398916429342
0.00478276778507565 -0.215233668274847 0.044795113654112 0.116795551318182
-0.109527201160863 -0.219169819564691 -0.0857695010168999 0.230596687288377
-0.194048511764914 -0.0940586317164094 0.0506461130167037 0.265958582290716
-0.15809680147022 0.100430394601264 0.183490395913565 0.130145213270906
-0.0323178408224774 0.162142550937056 0.148974152445734 -0.0162115996680871
0.0677420692024414 0.132067194215632 0.0896811171165425 -0.0480331976052464
0.118589104088037 0.0557469179190474 0.0608868175878747 -0.0224752842799824
0.116885296479629 0.0262267954154589 0.0317107513023657 0.0189320983184533
0.109229430198378 0.0210637797370394 0.0265993331225107 0.0749611612355116
0.10598141339328 0.0816597255988063 -0.0185887736287478 0.13818062881084
0.0449695931404131 0.14688271006144 -0.107008013195 0.153738597692753
-0.0479196588556188 0.165565597247856 -0.203456879020249 0.0480362409979608
-0.187587632870086 0.0468245178873561 -0.141726774039029 -0.089094857852581
-0.164958289845972 -0.133042270318224 0.0237684975792776 -0.109005785909152
-0.0635868267290171 -0.21006522906265 0.05423182858907 0.0838055024007662
0.0431914759849289 -0.150514349747203 0.0382640668071543 0.201804062703083
-0.0466604389238662 -0.189157773677024 -0.0875765266767155 0.253866439087852
-0.144273855588903 -0.102883400980596 0.00392210923939399 0.269484848939258
-0.134206029553045 0.0659854627049275 0.122755121337871 0.162918074173032
-0.0288465293121184 0.124722008397805 0.133637394837902 0.0513780901894062
0.0504314970113148 0.101827574835799 0.122694881261709 0.00378589637748399
0.0943668725651745 0.0420615553985293 0.104686830628807 0.000184905423711618
0.0951995300851231 0.0140370359352392 0.0717338678390336 0.0280677628105312
0.089015815823294 0.0099681460413888 0.0661358984244115 0.0834119857804864
0.0869099794823473 0.0599827201150773 0.0189990634224916 0.151272934115504
0.041358994535569 0.117501669763568 -0.0793614294639548 0.178424026313408
-0.045192810247877 0.138395386789824 -0.190538606906657 0.0777305335251786
-0.160791333900417 0.0202488457210452 -0.142462454794487 -0.0587507808868711
-0.108825809307808 -0.129450836741956 0.0187661186648622 -0.0807846649227604
-0.00547742069472292 -0.162571701505298 0.0530071771968335 0.137684583107587
0.070209034604456 -0.0582121075374625 0.0312392369458908 0.252168890283615
0.0137739787943444 -0.113416950913978 -0.0817583119333718 0.256422902651404
-0.0717960070739829 -0.0737943064826155 -0.0220115418046911 0.26203056405224
-0.0735013183191568 0.0324049769248493 0.0833870569129472 0.1783340439257
-0.00993818283216775 0.0650229472057869 0.127205403223575 0.0915026003931966
0.0275258211664471 0.0502702822041297 0.146223120218232 0.0316398931298271
0.0537803325920024 0.018406859427703 0.13291059857241 0.0115249237197563
0.0586545662966891 0.00108869951075755 0.0992172221719566 0.0318633028238887
0.0575216885109099 -7.42376465262492E-05 0.0923403755573245 0.0876400343861052
0.0609128796136453 0.0343278712851961 0.0445319646291755 0.158902677585609
0.0342612076831092 0.0789249498044457 -0.0618867109924161 0.195541819518189
-0.040406259970009 0.0989938976225694 -0.183474103920179 0.0964094763079584
-0.120733904385652 -0.00859219136856729 -0.14468691366292 -0.0421596785499899
-0.0425756182283727 -0.111122454795212 0.0097138200364959 -0.0634884858124808
0.0537485288939766 -0.0952428735861311 0.0375467244496616 0.169960509317999
-0.0619474400236783 0.0542836276284567 -0.180617579417593 -0.130014532744624
0.0476004626805103 0.0511635980459891 -0.011925719103627 0.103049681619949
0.0545300115321684 -0.0237289787076507 0.180234150819679 -0.0381150562902468
-0.0189973920663742 -0.0492108672662948 0.115951240750544 -0.226491087406778
-0.0397313496245263 -0.000651135846510689 -0.0844345181846837 -0.244452087831763
-0.0197738743612207 0.0186383803511925 -0.186733968689621 -0.11248373006779
-0.0111515952494966 0.0235733152985864 -0.170452666716266 -0.00152994832572411
0.00293600760933596 0.0226253272821701 -0.134433960105993 0.0530915674772951
-0.0005088036294145 0.0119941842806625 -0.12874734139493 0.0893751669869661
0.00114472975733921 0.00480194672074913 -0.157445462259548 0.0763759431063935
-0.00728334641682245 0.00893185487253825 -0.188143993308462 0.0123905231389435
0.00203350312101193 -0.00491735915313185 -0.18266763431284 -0.0987504524005381
0.00930794588632614 0.0338820110627449 -0.14065256495987 -0.228850628940792
-0.0389441388198354 0.0637758250865418 -0.0953527010425259 -0.293584279506342
-0.104731237718742 0.00999273868528746 -0.169498610500562 -0.224096250337858
-0.130313509496691 -0.00417370195003366 -0.157929827612624 -0.139736746209815
-0.0405196248824842 0.0540017032057667 -0.00631408132762749 0.113990770792957
0.00838806235800201 0.0293908023868472 0.199757572416182 -0.0238836376163748
-0.000339252633057349 0.0110708732749229 0.141670539285437 -0.230454654809935
0.00332561041297215 0.0352193937346377 -0.0741708596200699 -0.252644591880494
0.0325041411300615 0.0255000636255519 -0.178661698809408 -0.117508739898788
0.0349257535236376 0.00470341632277908 -0.161746775154721 -0.00721465634678539
0.0490660309920324 0.00327511125366594 -0.125238505184388 0.0534434626086023
0.0541210306048152 -0.000276725926073737 -0.113362529066668 0.0970664011238675
0.0700423804713674 0.0295538591401179 -0.140250750468744 0.103473525782802
0.0354185042859156 0.0791558736655395 -0.188055900975457 0.0543619186001758
-0.0144607031574758 0.0814205205708437 -0.208517459437901 -0.0576355710695006
-0.0815730652994624 0.0734253838181062 -0.165135996225084 -0.200009186639859
-0.148583074420127 0.0269342985646149 -0.0959819660318664 -0.259735751410023
-0.188026250584906 -0.060461053409719 -0.135506337307993 -0.184811794798669
-0.178297319614756 -0.0732445702344015 -0.110976972507329 -0.123511080379408
-0.133724864591878 0.0350794033001628 0.00679045992544079 0.14145185496231
-0.0592280260319376 0.0746611511803832 0.226286679975015 0.0168217655423774
0.00631172553871146 0.0810097411801956 0.185204816200011 -0.212875640183432
0.0459356890969026 0.0772357239726333 -0.0417256319184636 -0.252113875297627
0.0848056655724396 0.0364356848400459 -0.147771605802056 -0.125061969312735
0.0808122957691888 -0.0120567350261611 -0.131502774270717 -0.0197475723607531
0.0879463930281182 -0.0164041125446122 -0.0985144124915278 0.0455796235515234
0.0950836113766528 -0.0167102962113312 -0.077689636799187 0.0970557709089569
0.125341900618568 0.0340917761342662 -0.0967542691443122 0.130642398401569
0.085789841974744 0.119708576411483 -0.158206885681072 0.112387370794291
0.00604013961152259 0.150334752728879 -0.22377052674984 0.0127379178361545
-0.131816808185998 0.130076479955121 -0.195735837032323 -0.147273031714111
-0.229335436048526 0.0206647280747912 -0.0953890658154427 -0.221229009901243
-0.247920489837848 -0.104260658700578 -0.0797995651714281 -0.129863998710862
-0.195684041280199 -0.138612796448324 -0.0461988764441029 -0.0776561063848293
-0.211568782954502 -0.00832693211402094 0.0255778124007134 0.178913999516089
-0.137436868638292 0.0966490590358089 0.24266052256739 0.0797539379704206
-0.00789085904405008 0.146645739076709 0.229455588524552 -0.162732105651079
0.0766355738278006 0.12071122563769 0.0104190833443479 -0.229720747214822
0.127906564779808 0.0506646846850764 -0.0946975654445962 -0.126874423560606
0.118265861431841 -0.0243819024032806 -0.0838634957119921 -0.035039860427755
0.114873957853658 -0.0348589323137998 -0.0572182194658763 0.0328649556766681
0.117257909289354 -0.0334110074426068 -0.0291306479895528 0.0868862988980041
0.15677293702764 0.0250782796848218 -0.0371513022774423 0.145093877566549
0.127055470606596 0.127901696976667 -0.103887417556888 0.161881166311709
0.042440234433832 0.185966568522565 -0.210966500616438 0.0880119044900696
-0.144301885322155 0.176867449426043 -0.208075293427183 -0.0819832031233715
-0.267293491060477 0.0261994010479695 -0.0871172311929222 -0.182498296755387
-0.271676979902058 -0.12565741097676 -0.0111470095261388 -0.0720908622465205
-0.176466052891306 -0.18334278719811 0.0273829678329056 -0.00731407619736262
-0.245888254913742 -0.0678810821024709 0.0462883614183262 0.217157347560022
-0.2014357108084 0.0820440726901539 0.234614856351466 0.147609603153637
-0.041200804088722 0.184104239169914 0.251987605853251 -0.0832067574663048
0.0846622942324404 0.153236433045856 0.0701641906295245 -0.17790623661695
0.148579658612573 0.0651732395957318 -0.0248503740925109 -0.117132726517017
0.138284317549652 -0.0293038144549323 -0.0234156793799717 -0.0504066842209052
0.124508413289586 -0.0483682973641128 -0.00832212916029106 0.0150093820194773
0.120660271689711 -0.0471197078354621 0.0233002403819164 0.0691042158829453
0.161681146406868 0.0111164796555562 0.0239594488686691 0.143733033888848
0.144572777913234 0.1168546783189 -0.0410978742751853 0.189061717212353
0.0650244218832513 0.190793338626692 -0.176511267871134 0.142925994376301
-0.140839269354836 0.189551701541785 -0.198867960253797 -0.0238820111201476
-0.265013566106175 0.0197567126230929 -0.0705020163730005 -0.146818875936503
-0.252813033046408 -0.135934311936941 0.0573931581946864 -0.0160860784446858
-0.124277075463126 -0.19144435092385 0.0963634417288712 0.0732432473376835
-0.222844905972524 -0.116220247512263 0.0673468036252577 0.249027003438779
-0.221536986515509 0.041625826981229 0.203942089843362 0.20085357593657
-0.0716671391939041 0.179189246065897 0.239879040592423 0.00123377121909182
0.0728583273868189 0.155632194170384 0.117828239969908 -0.10593509500968
0.140228375065623 0.0682357092732565 0.0482465174081714 -0.0963085530066548
0.133831182993857 -0.0293747543209762 0.0386733599327501 -0.06188894956622
0.116115456799102 -0.0543919186779425 0.0400190089175518 -0.00455036905632739
0.107832525483558 -0.0528704195302871 0.0719673778301504 0.0478384981579874
0.14473288235426 0.000207211999062826 0.0762294236886265 0.131340165287806
0.137448706686401 0.0974411260478798 0.0131026432790029 0.198270516857253
0.0659105149327747 0.175709973644423 -0.13831388266978 0.17476012027851
-0.136333187585477 0.169672265082088 -0.176523385847121 0.0179498257197691
-0.234282308982919 -0.00566816519777535 -0.0510516127716047 -0.114165253834619
-0.196835054996392 -0.140700193014299 0.112393722277888 0.0359028203032086
-0.052788401328142 -0.157766374894926 0.149898650278729 0.146696521788867
-0.152291894891501 -0.128909084198161 0.0828876159323242 0.268812752518082
-0.184592244672296 0.00434928458027967 0.166365239559139 0.230958868843916
-0.070987032554321 0.135858203128866 0.20766739043589 0.0678525520200725
0.0533599835807562 0.122109802925283 0.148157475976286 -0.0391737844138974
0.106324895956751 0.0534708206771044 0.107712856295198 -0.0751083870661605
0.104876582654043 -0.0252151519786031 0.0904649033397239 -0.0714713514917305
0.0898668966283211 -0.0502497667750266 0.079663402763233 -0.0232408262519448
0.0830491972387191 -0.0496393654625952 0.111078305227028 0.0285523008861357
0.113702057083138 -0.00644595295330385 0.116232178135804 0.117177869924931
0.114102895897075 0.0735623914547943 0.0519855884309671 0.201517432842067
0.0507635850141657 0.149677657177285 -0.108096062318441 0.19121156233084
-0.130187134595328 0.128921172039825 -0.156469789198375 0.0443756079946642
-0.182408947518676 -0.0399395715341051 -0.0362885385225151 -0.0850894663870012
-0.114132537459962 -0.137872356379312 0.143939922130461 0.0844286286124287
0.0258571853535386 -0.0929667320536995 0.182184719999712 0.190165585521763
-0.0559877012441956 -0.101780691029338 0.0943787523672643 0.266352874461902
-0.104705146584422 -0.0147504798391128 0.143687103845852 0.239301642235724
-0.0402160513714406 0.0715520943045378 0.184806701874342 0.103365884568906
0.0321947879336414 0.0595183515767104 0.166975012298704 -0.00222677497393454
0.0543901622436937 0.0244253235871579 0.144296737795371 -0.0685940864931123
0.0558329366573592 -0.0195832027320357 0.120764966913711 -0.0803317534607112
0.049710753648836 -0.0376934891213622 0.104967918635904 -0.0376595582939894
0.0495333150501527 -0.0376373412481456 0.136003617900975 0.0145557890082878
0.0750059872633319 -0.0108471272591996 0.141945610958352 0.106532771284942
0.0821260109278019 0.0452073140311329 0.077257683937224 0.20420866337228
0.0299665031952976 0.113189071768978 -0.0897196483816147 0.202517259240647
-0.113481267322921 0.0765674471745383 -0.148006411011126 0.0603673647213927
-0.11312743168885 -0.0682251197259215 -0.0328582111435089 -0.0618614258850924
-0.0179833046196163 -0.117588955175866 0.149162532066435 0.123395786979529
-0.0630194193065953 0.0615551900750338 -0.200924000389902 -0.130224725536306
0.0545142517493238 0.0512689484784596 -0.00549651204077403 0.113928251848614
0.056897005446697 -0.0285887428197241 0.191689500844209 -0.0501063181674992
-0.0235393438631308 -0.0513050610360339 0.112037891209476 -0.249634771103986
-0.0424365994600352 0.00139030488595148 -0.105092383695803 -0.260951330698148
-0.019468723543324 0.0209533692980182 -0.206632294416309 -0.110699428616285
-0.00955172832215082 0.0256900150405784 -0.182310723421116 0.00791648865965059
0.0057016844538719 0.0230455524170246 -0.141857617194542 0.0640463603801002
0.00163547984620083 0.01315093427292 -0.13287806204972 0.103544522522869
0.00204215916296903 0.00640973575551762 -0.165080444147158 0.0911597068265828
-0.00692506412712891 0.0111923597373463 -0.202414293208123 0.0218786130445966
0.000766146322484076 -0.00501171823565887 -0.200378163565605 -0.0993600625455434
0.0116262734036527 0.0352927347564864 -0.163593951031815 -0.242805121130852
-0.0373956707723469 0.0682227533743249 -0.116929852377723 -0.311636108685283
-0.11267568945144 0.0138183461720956 -0.190111194268633 -0.234589045337887
-0.139800247413701 0.00094920651850895 -0.177419757726535 -0.142313722667316
-0.0402377953701718 0.0584898219243859 0.000489447324030732 0.125488217572131
0.0090253401741457 0.0303216453795975 0.213278295066054 -0.0348345878566738
-0.000797246472855137 0.0119532254202699 0.139937185958746 -0.255195993853944
0.006021523830988 0.0380365724302778 -0.0934570200845212 -0.269435777092385
0.0368703267875038 0.0259165170692006 -0.197602727575941 -0.117295337997414
0.0390089354898909 0.00350006998166399 -0.173493482025433 0.000622873858836206
0.0543983747288472 0.000265934905676109 -0.13151427438237 0.0643212114923542
0.0590524905291505 -0.00329271115596644 -0.115345804398647 0.111304072879941
0.0782273331960296 0.0285219978007059 -0.145243949239333 0.119386295505427
0.0425359110726413 0.0845466314525631 -0.199903012378926 0.0689081840191198
-0.0124005456784085 0.0891507000800711 -0.226184012490732 -0.0523080850613295
-0.0849415394072396 0.0823376370285848 -0.188596343619664 -0.209749972402928
-0.157834397729357 0.0340660556743664 -0.115862523081362 -0.276126212031185
-0.203847558344129 -0.0595720765155046 -0.15274342573845 -0.19391664301044
-0.194891862250244 -0.0720391037154306 -0.125988664937302 -0.126165107572239
-0.141406784316577 0.0425323588453088 0.0158603266583985 0.153967674979999
-0.0611191115230554 0.0820352906450081 0.242978916221148 0.0088616429044662
0.0100403827830483 0.0866282654261565 0.187926295158847 -0.238551172603539
0.05400294397868 0.0812990153131991 -0.0579198533690369 -0.270367512499492
0.0938867897780973 0.0349957963555256 -0.165102624052151 -0.127303144760708
0.0868737830172751 -0.0169844751461125 -0.142700640053814 -0.014084314030607
0.0953623200885469 -0.0228626595588756 -0.102352272704585 0.0550535699894852
0.102001798882933 -0.0228781671895553 -0.0768861253895878 0.109579367314805
0.138389096988204 0.0312130828712604 -0.0958591452659228 0.147012196363871
0.0995203792605276 0.124825369372938 -0.164330535866229 0.130601404640967
0.0125976972815387 0.161848788388323 -0.238872859359704 0.0251344675351645
-0.136659632753161 0.146941538102513 -0.21821870228116 -0.150867618576808
-0.245959838517814 0.0314857905410547 -0.113988048717646 -0.233763776251048
-0.270180348079621 -0.105219129295159 -0.0926617982430581 -0.136791328337483
-0.216691350158066 -0.142477317605763 -0.053868448907125 -0.0797220732833774
-0.22735173923228 0.000158455104827497 0.0378335379140425 0.193461826702668
-0.144754120673114 0.109984132335626 0.263114713560579 0.075121135468185
-0.00243166101804443 0.158328585680645 0.237877073569347 -0.18560418892254
0.089493867783904 0.127032477953015 -0.000476865670848311 -0.247748325618098
0.140961057758111 0.0486256235056467 -0.107679665454456 -0.131654374274385
0.125871018937138 -0.0319190111267865 -0.0926203981593703 -0.0342412768757208
0.122265687236028 -0.0440258714439811 -0.0584483496143678 0.0386316995041858
0.12477247549314 -0.0422421982320905 -0.0256315712656756 0.0963241026128524
0.171495505469671 0.0188628837019142 -0.0302999459235695 0.159122754711071
0.144281071564086 0.131716786042929 -0.103071956825637 0.180862110876757
0.0539647185875959 0.197942915924656 -0.220294456546293 0.106132023091435
-0.147628306585164 0.198192059291364 -0.22900677002809 -0.0797353555924315
-0.287502794128204 0.0404384799277291 -0.10325929686069 -0.19271742456789
-0.296878581757882 -0.126772439332842 -0.0164573666643954 -0.0776076949541811
-0.198658491421641 -0.191876228867656 0.0280744330680005 -0.00754933839237795
-0.267670097161118 -0.0617003571831912 0.0620614435584567 0.234083900044439
-0.214957689210809 0.0978163352508253 0.257884501792072 0.148878701628504
-0.0365559826826727 0.200827630740702 0.265489462174558 -0.100897873898847
0.0999173125511405 0.161383795866011 0.0669333995063996 -0.193826255792451
0.164014268137221 0.0624727534402685 -0.0318064228175103 -0.124896235319452
0.146658370241946 -0.0389294112280374 -0.0285804612487826 -0.0540497235450578
0.13193823342744 -0.0586546671019426 -0.00689961294916612 0.016909316248549
0.127225398110703 -0.0568798083893606 0.0293138196398094 0.0747299638833626
0.17460247530743 0.00406206841610695 0.0364009137692853 0.154161783572816
0.162108250094566 0.118252848935168 -0.0342115433439994 0.207337701897756
0.0793842184325583 0.200781276470031 -0.180633124189172 0.164673066960691
-0.142509053710411 0.211745879203909 -0.215347221718534 -0.0166115286738535
-0.284745039338607 0.0333010896300184 -0.0832844882549274 -0.154251659036623
-0.277106165350648 -0.138113550893602 0.0594674268340514 -0.0208031426366265
-0.143516792490455 -0.202712799234654 0.106222378209005 0.0770652823057815
-0.245885303728339 -0.114629088583429 0.0851720987102267 0.266581759521006
-0.237729998106615 0.0557220358143383 0.228509207162395 0.208153027936749
-0.0681776367279041 0.196443294836069 0.256216928974986 -0.00832399794137796
0.0873682590740665 0.164370006848807 0.122651721339687 -0.117979821158922
0.155727396558694 0.0665900830762219 0.0466458673236549 -0.106787988389599
0.141789436307364 -0.038345079234772 0.0371012785378908 -0.0706746080420299
0.121771652194568 -0.0645311297312037 0.0437863081343966 -0.00714575705031874
0.11253260717868 -0.0616336048784181 0.0806688755841102 0.0494775223930755
0.155857675069333 -0.00624887623832994 0.0914283109183661 0.137550470640332
0.152711498610775 0.0974452396893617 0.0249820663995707 0.214237418175371
0.0789513522439007 0.18467833418826 -0.138440673925781 0.196418898280287
-0.137885781388215 0.190209316137702 -0.188946432308514 0.0274229659025655
-0.25288787409389 0.00447453225286098 -0.0606201417780217 -0.120771536669403
-0.218202151579773 -0.144800601683444 0.12061328946342 0.0328000205491826
-0.065032261630623 -0.16897184709337 0.167161677901648 0.15387835558723
-0.170708182731839 -0.131189034088432 0.102190352892607 0.286411502641341
-0.198926255781267 0.0138526765462901 0.190774212249924 0.241473040984559
-0.0693497316039485 0.150648297403711 0.225469250746231 0.0648020102408289
0.0643148720340011 0.128724698584978 0.157817027426448 -0.0468963578189859
0.118090811422815 0.0525524004714271 0.111997123959236 -0.0875965363347953
0.11048100261162 -0.0328483394553608 0.0918744974162387 -0.0832333540879423
0.0929006744746055 -0.0588705027038635 0.0853324867225797 -0.0287843629349394
0.0858269137304885 -0.0565636198603932 0.121557790327563 0.0256811126767496
0.122340424088068 -0.0121219395927341 0.133030912770592 0.120543221829534
0.125561510976571 0.0727694747668493 0.0674967645238894 0.214618469056558
0.0615370543393285 0.156596020506457 -0.104106541940222 0.212633863073781
-0.132561302028123 0.145020136506334 -0.165581559215208 0.0547000845869046
-0.199236237044856 -0.0343639170138552 -0.0439794240510398 -0.0893405684630756
-0.129251174636368 -0.144562136825573 0.156365874327104 0.0823875628504624
0.0222947958866825 -0.10185054792793 0.203692420209917 0.199044967391963
-0.0658558411050472 -0.106593310313192 0.113929543051581 0.283679798106716
-0.113017677743859 -0.00945667102292195 0.16707486068736 0.251423516933554
-0.0384201088180882 0.0792707019316365 0.202957353559439 0.104469001372421
0.0379668475282105 0.061889418570186 0.180597373458363 -0.00857513572604799
0.0601042733692743 0.0238994877971483 0.150807016009064 -0.081698003468091
0.0586625015679415 -0.0239531582318026 0.12352466904138 -0.0940553015077182
0.0506630249464229 -0.0435197992399627 0.111645083490125 -0.0462360231757231
0.0501386904329275 -0.0419357183412248 0.148696807413121 0.00949750768212668
0.0795498107249942 -0.0155301719996681 0.16003939735827 0.10758287863054
0.0896334149972809 0.0439746670468522 0.0947545212539453 0.216298500053179
0.0374836643263451 0.118266149309281 -0.0855694103059604 0.222443035046308
-0.116658070681831 0.0882671727107213 -0.156410858095027 0.0721238943435813
-0.125227276048491 -0.0683104862477009 -0.0394821961453832 -0.0647668004117731
-0.0258653603931286 -0.126601070870308 0.164578840611565 0.124426113180548
-0.0611578514551431 0.069403818034335 -0.223232735264764 -0.121478433745395
0.0613655973063272 0.0482693229263841 0.00470156180037637 0.122930857014199
0.0575225550973921 -0.0345404309315772 0.198998995447645 -0.0670046502047701
-0.0292807174206391 -0.0511148813588612 0.0981320322014817 -0.271593396369803
-0.0445272933936525 0.00512924839859061 -0.133337960343104 -0.26843891974999
-0.018245751499978 0.0230973599647137 -0.228211957609634 -0.10106802131411
-0.00587757198270648 0.0277910672569566 -0.190939917671518 0.0226860144829233
0.00928541776268296 0.0233482265968302 -0.144554997323427 0.0793579836686087
0.00405863066422103 0.0136051390694654 -0.131485548903585 0.120693606210749
0.00343500313193556 0.00684068281281951 -0.168222161276929 0.110213028680004
-0.00560820565783543 0.0138163871930694 -0.212372239585107 0.0388044182839092
-0.00077675394697121 -0.00379016072259627 -0.218107644671838 -0.0921876698971262
0.0146735275799866 0.0362862957434013 -0.192819023286153 -0.246892207393987
-0.03310343075468 0.0722635146150247 -0.146845193142943 -0.32143430600286
-0.118256087184848 0.020927846662774 -0.216043307695257 -0.237157934432841
-0.146941366555509 0.0101705489279502 -0.198830128293749 -0.135943684196917
-0.0380960108162074 0.0630118057199009 0.0119972764016574 0.13492540419088
0.0107175740768722 0.0305553090355423 0.222834572445415 -0.0513308736917319
-0.000394979999988419 0.0134028177553706 0.126683199995798 -0.279629253051289
0.0100036134242326 0.0399008957099365 -0.121365408995295 -0.277973524761901
0.0420515296586303 0.0241407827752694 -0.218373810097912 -0.108906133018206
0.0424947331347527 0.000697261686480749 -0.182679630242612 0.0146130373375255
0.0587375291375081 -0.00505257877016064 -0.133286107801983 0.0787640588683273
0.0635268553114518 -0.00813189977393541 -0.111739391398792 0.127680024265356
0.0860796495426942 0.0241902471433391 -0.143278050426452 0.138469162990611
0.0530516750341535 0.0867612657046692 -0.206264696180546 0.0887095420699723
-0.00794363768333821 0.096297664010193 -0.241506542184888 -0.0402527740847874
-0.0843146910059737 0.0934068615221522 -0.216797740172693 -0.21036193279653
-0.163764567011026 0.044656204051215 -0.143241027958638 -0.282580252730855
-0.219853467889665 -0.0516002774135502 -0.17399572427943 -0.196241189882258
-0.210958443054178 -0.063646018748757 -0.142687867898185 -0.123183119209388
-0.145889358278077 0.0535157114707308 0.0302643439394098 0.163731782758966
-0.0598088148000827 0.09066978762081 0.25689713878632 -0.00663751841555237
0.0161220168310956 0.091218491236781 0.179344876476365 -0.265317114068661
0.0641077477182185 0.0821544868667184 -0.083385793363313 -0.280979272116652
0.102950193352087 0.0295861249356172 -0.184632937681731 -0.122136429781676
0.0905993192868868 -0.0240926180563603 -0.152219724855736 -0.00459342792652434
0.0998974055153044 -0.0322170220689723 -0.102524784522278 0.0666319102717561
0.106857859721433 -0.0325053748322829 -0.0709322506606875 0.123167241586623
0.149929505612317 0.0217756374667446 -0.0880920933820317 0.163393751141004
0.116172026987222 0.124822327507522 -0.164295748314702 0.152243999268145
0.0248248777501073 0.170831673162446 -0.248547617910422 0.044839497568579
-0.134336097239472 0.165996616976794 -0.243694723776171 -0.14485695561538
-0.258132059750787 0.0502024558735148 -0.138494506792376 -0.238625439953433
-0.293114584111237 -0.0958419921644343 -0.107055141421436 -0.139820453923518
-0.240047213524214 -0.137457848640549 -0.0632830406692002 -0.0789908322401487
-0.240377723732215 0.015594641070111 0.0556771384718471 0.203688831685584
-0.14640295897595 0.12635314210102 0.282490965605397 0.0620130838119477
0.00831225981306919 0.167808970102242 0.235973246937334 -0.213560406354126
0.104974861376048 0.128148734937093 -0.0199471717175131 -0.261024610115018
0.15364549686709 0.0402288271340339 -0.124122165781384 -0.131455365457042
0.130282629137833 -0.0430709689446309 -0.101125237641352 -0.0294481386380717
0.126287976544061 -0.0565380395650375 -0.0573646487551696 0.0455038643288174
0.128408900818252 -0.0543619256377909 -0.0174094928355185 0.106136847797428
0.183628538986643 0.00627806092349677 -0.0166190345737856 0.170819615209689
0.164256717019312 0.127749052278735 -0.0944357523072641 0.201098148125038
0.0713334738458184 0.205040731937213 -0.222314685327209 0.129864691552417
-0.142040603678946 0.220667934325511 -0.249135135733406 -0.0684961562389265
-0.301459611921517 0.0626879574723811 -0.123637719446466 -0.196405033562056
-0.321962722493915 -0.116943303312228 -0.0238946716396177 -0.0817955446740413
-0.22477531586808 -0.191619865254825 0.0287322051662248 -0.00824146173736942
-0.288260748954244 -0.0459302397807528 0.0843774270358845 0.244229790262445
-0.220953299251942 0.119041115111794 0.282361159372907 0.140727895404507
-0.0244005516637213 0.215378126386888 0.271868995034207 -0.125718118256089
0.11869845101294 0.162952270550179 0.0560229636614931 -0.208779952434666
0.179380226853109 0.0534966969509307 -0.0434025248586108 -0.130447512529861
0.151377566804598 -0.051585529955763 -0.0358495984818506 -0.0556871635828383
0.134707000870558 -0.0727086788437821 -0.00448902771600385 0.0181134568695811
0.12916961115238 -0.0692714857807376 0.0396219646762885 0.0782211509512343
0.186112903947058 -0.00944829390709725 0.0535176707948084 0.160106824767571
0.181506386043109 0.111791306876826 -0.0189378024583054 0.223046147508234
0.0981588359344725 0.205512560883997 -0.176505896097319 0.188770565994617
-0.134893016107889 0.23534330476609 -0.229489977140313 -0.00256991121969074
-0.30002162002291 0.0564436486067683 -0.0999731505161095 -0.15734062335377
-0.302520850529437 -0.129841914508269 0.059626093893798 -0.0270873507969055
-0.167496009622637 -0.205847562304436 0.117682156970121 0.0760185898098579
-0.268229787193334 -0.103843655293779 0.110737777276642 0.277016327546197
-0.247645179023292 0.0769153968293485 0.255483610352527 0.204809351516315
-0.0572241058618009 0.213467961143532 0.269309275957491 -0.0264153076410817
0.105160960147925 0.166801410017924 0.120841678115309 -0.132589814805759
0.170712572388954 0.0583807646354679 0.0415417966006738 -0.117103873924587
0.146332316410345 -0.0510712724996929 0.0317305899808391 -0.078423155033891
0.122455031733662 -0.0776751910097126 0.0468077154538353 -0.0106566188056851
0.113217333822332 -0.0731919473524527 0.0915506711318686 0.046737833196061
0.164177754730212 -0.0187858759526214 0.110625108702817 0.13808458022896
0.168702201874069 0.0909442104644872 0.0436656749650373 0.22537900302431
0.0967710125570373 0.187847997727785 -0.127980974700957 0.219761115803872
-0.130654993096339 0.211893827540312 -0.197682621218606 0.0425924136084736
-0.267632918231203 0.0237101690910985 -0.07356779775938 -0.123144860623806
-0.240072176812744 -0.139938566728856 0.127624202444853 0.0242866559564758
-0.082623857279887 -0.175601530133904 0.186730622510027 0.152338037498397
-0.19095694106731 -0.125612154381397 0.130100800035573 0.29625859451084
-0.208648541291545 0.0305798930188859 0.218253620935147 0.24319568712193
-0.0615220697699855 0.164909259617667 0.241947192171287 0.0542490402121434
0.0788324181778379 0.130665633607857 0.164497287770122 -0.0594529520611957
0.129794775536269 0.0464427090984185 0.111890342354208 -0.101529623104776
0.113404696103759 -0.0427698386449506 0.087865641143531 -0.0958566492534959
0.0925569206088187 -0.069821277137023 0.0884121817864354 -0.0372634071055847
0.0855235567071703 -0.0658578976045839 0.131941870206186 0.0192096894560052
0.127875131745554 -0.0223466686096193 0.152250352353153 0.117001378111903
0.137712324088943 0.0674307990736763 0.0883272323201616 0.222760664074475
0.0761344682797929 0.159043086251354 -0.0922552693355617 0.234118044205096
-0.12754454155189 0.16354006601937 -0.171213037851119 0.070163707883737
-0.213126420249055 -0.0225228899444368 -0.0540632085053714 -0.0914397019907812
-0.147382690322108 -0.14483033903261 0.169291684019762 0.0750272975013924
0.0146456824207888 -0.109710240409778 0.229168525948895 0.198792694723116
-0.0775566511630462 -0.107199020759411 0.141139416743673 0.292311274605627
-0.118292415842229 5.57890885932964E-05 0.194716641326746 0.254395611123927
-0.0335577852957753 0.0866698271775537 0.221415439793388 0.0982183952486913
0.0455575443456224 0.061131523071994 0.191275996807106 -0.0209031899465141
0.0660794686585545 0.021065005804864 0.152845363423141 -0.0983041485998505
0.0592325413535055 -0.0294183259424034 0.121395968975717 -0.109308309229478
0.0489001595273142 -0.0500181229310748 0.114782423771288 -0.0573814459038539
0.0490474124483407 -0.0477655951858334 0.15795183916261 -0.00108751882040304
0.0825551221999969 -0.0225185359472455 0.179102574832644 0.101222955477158
0.0971129563983878 0.0394294099981444 0.117182043133169 0.221784442013957
0.0484217330697182 0.120282365172615 -0.0720270457524101 0.242561676300262
-0.115370593685797 0.102438058763967 -0.15971250591561 0.0874776862881937
-0.138269669679395 -0.0636592478332118 -0.0472025059461255 -0.0656830906193143
-0.037551332054184 -0.131651608482 0.180774252632839 0.117788308304234
-0.0564061718188816 0.0759147531956105 -0.239706378758161 -0.105621879174945
0.0663923451187136 0.0427490378723307 0.017930539845479 0.128447252198878
0.0559002990185424 -0.0401702387495438 0.20053601898134 -0.0843931085614171
-0.035262035906831 -0.0496594223745891 0.0779841820233877 -0.2874364342203
-0.0452306525034386 0.00908958655395756 -0.16187394986918 -0.266360789050881
-0.0160789341497283 0.0257344191871573 -0.24298693069702 -0.0852370354922768
-0.00249474255163171 0.0286219082543943 -0.193149524461668 0.0384556540660917
0.0125076808018446 0.0217307830070564 -0.141337183070144 0.0934615391328836
0.00654431031101551 0.0134052440194399 -0.123395026239414 0.134715671836213
0.00523836181360195 0.00731011416729715 -0.164430799761308 0.128372595937788
-0.00393561888684333 0.0156264912800581 -0.216044506701276 0.0569774901798773
-0.00211366975690217 -0.00302528887182667 -0.231253473480419 -0.0812988835389934
0.0177726886510475 0.0355746988932159 -0.220264720933125 -0.241045829309938
-0.0280336326312728 0.0742010446335636 -0.175023747574813 -0.320311261275522
-0.121175891682483 0.0294798244429842 -0.238896878126791 -0.23078693507955
-0.150193217097384 0.0205139030010973 -0.215376046339063 -0.123361194080527
-0.0341581900177765 0.0661510270788721 0.0264832585850702 0.13993985729188
0.0125716204116888 0.0299782928554477 0.225412453537273 -0.0689743054768517
-0.000363902014653291 0.0144309508823793 0.107326885844984 -0.297753450054974
0.0136579274212577 0.0411800153635232 -0.149876831334055 -0.276845849371102
0.0460654748383841 0.0215883455636327 -0.23399710311249 -0.0940544358799661
0.0451382045175072 -0.00276505662504394 -0.186458319802041 0.0302038266411562
0.061118757213788 -0.0109693318447056 -0.129892551597968 0.0926165430496883
0.0660129024131968 -0.0140588230760509 -0.10247280051654 0.141362585923877
0.0920919144260967 0.0178855510042568 -0.135556745743147 0.155389072847443
0.0632959979554398 0.0863720514901669 -0.205588101372816 0.108986429146433
-0.00114912040496176 0.100768413553147 -0.251165709434931 -0.0235400656360474
-0.0808525189392806 0.102178088076911 -0.24211255921239 -0.201031962445431
-0.164922720795101 0.0565198271155071 -0.169583177209685 -0.280340102994083
-0.231477480950946 -0.0394291945686463 -0.19403065808068 -0.19080794720101
-0.222412864620037 -0.0513493235092818 -0.156698116536669 -0.11435569654885
-0.14658165232883 0.0655915778439265 0.0466608882468153 0.168424786305237
-0.0560649457516427 0.0975793369924575 0.263588601877544 -0.0251807408863004
0.0226570010969663 0.0932685282737592 0.161960291449563 -0.287328635795141
0.0731984047671386 0.0799284464261483 -0.109392975753627 -0.282836273106924
0.109174942988647 0.0220808814664623 -0.199793048394217 -0.110941351045132
0.0918670061908945 -0.0322666486440866 -0.157139368669533 0.00821680214374566
0.10078531627297 -0.0427188010244521 -0.0990259137987986 0.0774101080247364
0.107884072006032 -0.0415129613384577 -0.0599964384440202 0.133724431106187
0.157409837932009 0.0096863368754516 -0.0754701387694604 0.17572159812904
0.13182468744872 0.120239354955841 -0.156199391824694 0.171293373268321
0.0385022493222962 0.174769772371912 -0.250471040084271 0.0652859585675248
-0.12622850648328 0.181542403989933 -0.264403492691298 -0.131594563424181
-0.262432073762853 0.0696366925332336 -0.160834936188263 -0.23520877517707
-0.309365857041242 -0.0802959687876215 -0.121036429123662 -0.137564599225366
-0.258230521611967 -0.12489836949368 -0.0711897824363781 -0.0754512346646983
-0.246577023394631 0.03395540013781 0.075749466670393 0.206519409924407
-0.142402382314249 0.140968456472041 0.29490832134628 0.0442200991264774
0.0209262426934333 0.172164656999772 0.22522602939767 -0.238093219595021
0.118869637430913 0.123655055199772 -0.0420070645202391 -0.266702999627705
0.162868588767947 0.0289947803931364 -0.13906128260475 -0.126169921093342
0.130774680959859 -0.0545178824889711 -0.107580602113724 -0.0220915307414936
0.125982475993986 -0.0700114035446571 -0.053786779834132 0.0515346132185668
0.128241725600412 -0.0662603867627775 -0.0057399696427359 0.111638724079036
0.190825489809001 -0.00864231877835314 -0.000216378725714837 0.177716650782073
0.181441533532446 0.118845411626105 -0.0796654350952023 0.217094414636002
0.0888634654924193 0.206305211847629 -0.216899945380891 0.151461621267136
-0.129260891419897 0.239163758623422 -0.26332920630235 -0.0514653049986582
-0.306431873352608 0.0871583247465865 -0.14332698665112 -0.192167129189062
-0.341870178037529 -0.100224645917613 -0.0318280952157241 -0.083244069005136
-0.247748669965225 -0.181238679260741 0.0294136398628049 -0.00941876858371915
-0.300589387164128 -0.0255230317974116 0.107467346340625 0.246012716674123
-0.219634306390543 0.140324715426422 0.301596289023512 0.125194184786789
-0.00819642019289527 0.22458568759937 0.269140509707194 -0.149419270000667
0.136106456239956 0.158488361565502 0.0409554419179623 -0.218428663311565
0.1902822080501 0.0404051179078988 -0.055975787550053 -0.131440860456251
0.151013712714047 -0.0646853209746616 -0.0432383316087626 -0.0543603869214911
0.132541203312245 -0.0866570739875399 -0.00139909077324934 0.0184810922932709
0.126817787540417 -0.080858805391306 0.0498645755754221 0.0785243724119268
0.191566525402744 -0.024809114888506 0.0710790606326042 0.159920727572091
0.196851279867237 0.101086224492462 -0.000133977183991095 0.233465728623548
0.116767950499407 0.203876705152814 -0.162732298014924 0.209869612019194
-0.119930155261443 0.253727964537392 -0.236135001586304 0.0146140263663329
-0.30556341835479 0.0807455807573413 -0.115219068538841 -0.154442320851867
-0.321587305144736 -0.114444177677278 0.0581067272311538 -0.0332766879065615
-0.18996267913182 -0.200764773800852 0.127239153824423 0.0707754148534981
-0.28558918878962 -0.0856771079388635 0.136992463832285 0.277177301985516
-0.249762584515066 0.0995119588636172 0.278623573276149 0.193778194577649
-0.0417903618266299 0.224958424985209 0.274440026941595 -0.046757884843638
0.122806497422675 0.163336138480172 0.115064176601303 -0.144238348927563
0.182170332570242 0.0454891157831235 0.0326572996047359 -0.124517215124415
0.14562267603215 -0.0633638249621869 0.0239931373089674 -0.0833317686547512
0.119063772201883 -0.0906208696140474 0.0487788724984597 -0.0156122791085377
0.109795652872424 -0.0836970685786816 0.100495034344956 0.0416364294763755
0.167901570589538 -0.032355614091773 0.127962712477322 0.132403372098058
0.181535266456672 0.0800473058047457 0.0646052145781003 0.23051115627358
0.113594461370419 0.184559523094868 -0.111875759897622 0.237301449348718
-0.116987781647278 0.228132663660009 -0.200848951955004 0.0587223336883985
-0.274188248219494 0.0451063716203452 -0.0857758443509613 -0.121598724136868
-0.258905584042219 -0.128981877483593 0.131005361903718 0.0150823608296309
-0.100512296749023 -0.175167787061027 0.204103978043716 0.145864442126104
-0.206602339943778 -0.114679663497831 0.15680514495961 0.295757065508728
-0.212180211576201 0.0486051115011622 0.243404984397292 0.235216822353444
-0.0494617973639003 0.174443505973883 0.252193102239485 0.0394569368777601
0.0918697013521038 0.126597643376996 0.165716987406467 -0.0726311045921284
0.13913723357494 0.0371495589042793 0.106820611830271 -0.113971618723011
0.112725600687982 -0.0524786080548341 0.080779387916342 -0.106102540653681
0.0888892439032827 -0.0794804616057773 0.0891351539730852 -0.0460950830378864
0.0816020957957655 -0.0732024448184626 0.139683669377346 0.00904708416583721
0.129836190897769 -0.0329756003851984 0.168560301890668 0.107059202882429
0.146864309664162 0.0575683768042452 0.109999133545252 0.223661122270724
0.0908643545358938 0.156234825780138 -0.0739009868778226 0.248605487313699
-0.117146579501471 0.178844693579178 -0.170484760657553 0.0854522476751754
-0.222114739074765 -0.00631912709040897 -0.0629711982153654 -0.0902107880270228
-0.163639217517824 -0.139525937444761 0.177764101470855 0.0636934039417297
0.00523672244171534 -0.114498639525625 0.251822955352654 0.190309232209888
-0.089099335822565 -0.103755397441788 0.167240984893791 0.291080834492388
-0.120261983883111 0.00989146768169463 0.220750741316496 0.248202371305876
-0.0260401318071368 0.090700952698906 0.235870181161796 0.0863664709836912
0.0519489800670103 0.0576166781499571 0.196830033503843 -0.0351557048501357
0.0705876516328813 0.0157329315639512 0.148667139443861 -0.113455753421631
0.0579481263432708 -0.034730855619352 0.114070757023182 -0.122611995568854
0.0453559158495944 -0.0551818920190777 0.113669817669886 -0.0682490754377685
0.0459466342803396 -0.05241420590912 0.164675520280649 -0.0137411319165332
0.0830845511690326 -0.0299127421733971 0.193174098572355 0.0899473829819058
0.10205671805152 0.0326698306117859 0.139568215127159 0.220477812799914
0.0590284334951548 0.119056558040008 -0.0528092495470516 0.256034163309592
-0.10899693428257 0.114503685084974 -0.157478757622705 0.102493424451063
-0.147945190698577 -0.0544651364801036 -0.054917357142197 -0.0645162679195069
-0.0496259061060614 -0.132903774947384 0.192996986725022 0.106161606150992
-0.0519320552897535 0.0794566841870085 -0.247981705738784 -0.0900588066502737
0.0693068616667566 0.0372407320904094 0.0301433756020617 0.129139525281898
0.0531021621889514 -0.0448122154763032 0.198648549652521 -0.0975979566603854
-0.03908531887902 -0.0463945702259507 0.0595401157704627 -0.294190461860826
-0.0448696696574369 0.0132098152196934 -0.184257058716207 -0.257533835143489
-0.0136869062803662 0.0268930649554018 -0.252555214334845 -0.0701965452223934
0.0014969204604246 0.028865034289142 -0.191613197742226 0.0513856326381149
0.0150312026823898 0.020146739089219 -0.136312299421078 0.104139009165196
0.00888194700994105 0.0127259139278686 -0.114529931412721 0.14430279937832
0.00659471273734165 0.00714651524260501 -0.156731322778397 0.142175701379205
-0.00197075373958182 0.0170628240769189 -0.215704106893499 0.071556392377098
-0.00296990960254972 -0.00153530056805169 -0.239559915693209 -0.0705209617516806
0.0198256692875176 0.034405873471097 -0.240512149050809 -0.230837989523062
-0.0239957485437152 0.0739217867978201 -0.195371591294332 -0.313685659184172
-0.121329695657691 0.0361956926516224 -0.254500402183429 -0.22227661656608
-0.150582169857622 0.0286147903554595 -0.225329992521355 -0.109313405397574
-0.0310266726706089 0.0675940467453244 0.0394613238372812 0.140706144915682
0.0135674920163658 0.0290962743715666 0.223917707186077 -0.0824699422288201
-1.49963504458665E-05 0.0154707140169675 0.0884536851813763 -0.306619272137463
0.0171575435822614 0.0407190672640037 -0.172425653265544 -0.269738587898734
0.0483804053682069 0.0187917146059947 -0.243419744284306 -0.0800879526054968
0.0473770261403497 -0.00595134815493285 -0.185142907621566 0.0435139082499684
0.0621852735251174 -0.0166481390724802 -0.124154977515597 0.102145541461329
0.0662965517907699 -0.0185311095554017 -0.0916560183926885 0.149838607360696
0.0954645964571702 0.0116738381615446 -0.125186249875206 0.167338554257833
0.0714513889443357 0.0841297100612688 -0.200494912300169 0.124093771802482
0.00423290454554244 0.103555721606338 -0.254006264068321 -0.0103475974931552
-0.076065887306645 0.108271609724961 -0.260417297823907 -0.189528234165352
-0.163969691782865 0.0651510287594271 -0.188685944624672 -0.273261404833143
-0.237182729563523 -0.0283874689546969 -0.207183453647749 -0.183593355925158
-0.229055431449185 -0.0398561785982526 -0.165270119730144 -0.105305974376141
-0.144144931538004 0.073872983836164 0.0615487351638239 0.168431974204812
-0.0521986433612971 0.101841566293329 0.26577683226704 -0.0398337572899126
0.0280426256546501 0.0933004614143961 0.144067539308 -0.299891300691556
0.0798917706996222 0.0760635699301271 -0.131292878786848 -0.277334882532841
0.112857215323005 0.0146720367588602 -0.210753780571703 -0.0992546539420785
0.0921325956967496 -0.038192848836646 -0.157937379700248 0.0191322727842369
0.0998680370480661 -0.0505845271509425 -0.0939026485267135 0.0843975299701133
0.106572377628074 -0.0494909704852994 -0.0487267093313711 0.139662392821471
0.161035572718696 -0.000567281706793584 -0.0621405244226988 0.183540953180724
0.143280821781735 0.113399889121382 -0.145958013740575 0.185804146886292
0.0489508972120765 0.175063976906632 -0.24770136855437 0.0810990671711619
-0.117561650800444 0.192076386770334 -0.277675597494817 -0.116923866648067
-0.26187203054748 0.0853953136584962 -0.177127990065477 -0.228374004811924
-0.319153152389407 -0.0658519612978406 -0.131259234011226 -0.133023587055609
-0.271128131809118 -0.11233071878577 -0.0759976108877358 -0.0710488643834443
-0.247338639927997 0.049713495123182 0.0920449081435142 0.204908022138492
-0.136685612378633 0.152281517781255 0.302159984492763 0.0285893335786384
0.0316420140739243 0.173667256854639 0.211425034060911 -0.25406240266079
0.129309721067757 0.117301507941333 -0.0604394270997229 -0.266328424671875
0.167303586689095 0.0173163245061571 -0.149459513087073 -0.118658088337726
0.128398374109122 -0.0629021888924507 -0.110738596419564 -0.0150522711567391
0.12279586742007 -0.0792094098178228 -0.0495766341485103 0.0550172461359549
0.124393436524214 -0.0743054793822658 0.00474955090044306 0.113467801931355
0.193507730603445 -0.0214788326821348 0.013924988310451 0.179477233943796
0.192885634557982 0.1083819954801 -0.0651544918489795 0.226920148320613
0.102535223346004 0.203331178712069 -0.206890939043973 0.167278322729882
-0.116177087633526 0.250620235503747 -0.270944268244659 -0.0358443173331032
-0.305706713545287 0.106795142001926 -0.15601721189963 -0.186333266047153
-0.35312902220438 -0.0847283944176842 -0.0382653402655056 -0.083905194280357
-0.263677897594093 -0.170047038520886 0.0304758480711617 -0.00975546178755174
-0.306153764360804 -0.00674544807887112 0.126340654463193 0.242418732388702
-0.214776088647384 0.155720656153242 0.312631846342662 0.110754915469726
0.00573569015125127 0.228095574142706 0.261077351670388 -0.167207110188986
0.148941864187993 0.150971228438077 0.0271517654214235 -0.221762572331102
0.196555016022141 0.0274707974680885 -0.0653879788371359 -0.129325966989688
0.148378242642367 -0.0742662999449988 -0.0488100709887499 -0.0522958259476001
0.127967548349559 -0.0966000979442716 0.000937056133074822 0.0184292317180884
0.12275550183284 -0.088820594089904 0.059082673578365 0.0760314897121086
0.192627035348187 -0.0376063453703573 0.0851357402823375 0.155980592504333
0.20708000858306 0.088952690931095 0.0168511173848315 0.238223285898049
0.129704187758173 0.198311952228043 -0.148438403970544 0.222710559528871
-0.10545210456558 0.264416485066526 -0.238887309309309 0.0290273094718133
-0.304977895798888 0.100208752722407 -0.125778482358729 -0.150521925602599
-0.334305918894001 -0.0998881279296815 0.0544014430068795 -0.0381720704579896
-0.206600734768298 -0.193174486253389 0.133119587311129 0.0655161778388175
-0.294405409219565 -0.0683858004880569 0.156516180890448 0.272560664815018
-0.246719922325537 0.116109466910448 0.293320830883161 0.180294693294059
-0.0281563032976476 0.230275816340444 0.273869632450592 -0.0631131546393892
0.135843971091973 0.156645506098337 0.108152865305639 -0.15092458913539
0.188245871672314 0.0330729218128641 0.0246543938503825 -0.128362737050652
0.142871749825408 -0.0727663125661625 0.0170866273253312 -0.0853205502066321
0.113861112895066 -0.0994060532766739 0.0490200691925547 -0.0200592565627801
0.105129950270061 -0.0899458444938928 0.107124471103264 0.0352440714890811
0.168230180283587 -0.0434758951823766 0.140542744502377 0.124187983447238
0.189561943909826 0.0685163301660087 0.0821294175004079 0.230877618671607
0.125356314141786 0.178288700868312 -0.0941749105636718 0.248183651298727
-0.102401810922021 0.238377925806948 -0.198922076808998 0.0716254274823103
-0.275234940805318 0.062306919361472 -0.0947696616811161 -0.118261620744454
-0.271119277428081 -0.117571148786693 0.130886737930269 0.00634609176884304
-0.114439921632076 -0.171926071566965 0.215805992115368 0.136511822809904
-0.216413038102726 -0.102568044670223 0.177415646950319 0.290024676401869
-0.211401899096364 0.0631038036371137 0.261618598400708 0.224246650981945
-0.0378491777387158 0.179064946257398 0.257395692127964 0.0259400809314352
0.101506693305783 0.121107296132506 0.16491670377339 -0.0809508783951372
0.144195164930416 0.0272176260386481 0.099868764865846 -0.122255197447631
0.109605720550593 -0.0597886819785711 0.0723295118627754 -0.112249355315445
0.0830656549403839 -0.0860756562947163 0.0874515310970474 -0.0530021023527119
0.0773749913718442 -0.0785128536960305 0.144052210308725 -0.000484816677695654
0.129303888796578 -0.0415826839018317 0.17879172782144 0.0963494702421788
0.152325668269003 0.0485905229504618 0.12757622533969 0.220348747018976
0.100344707479372 0.150964561188973 -0.0556554401758826 0.257117740933171
-0.105378167861636 0.187811661321152 -0.167381058354921 0.0963264667534888
-0.225960284936154 0.00732066190403014 -0.0699980771195247 -0.0884912524131855
-0.175644185374856 -0.132494347187283 0.181521200849441 0.0522520964990321
-0.00341883117984047 -0.115736061503826 0.265684472091687 0.180082043961562
-0.0964744776447687 -0.0988760258387034 0.186870330311914 0.284984882116925
-0.119301339456548 0.0179472518741235 0.239039447936326 0.238089028272018
-0.0190104018513808 0.0923004188478839 0.24419178002264 0.0752023498002815
0.0559463612681594 0.0537091735071756 0.198801340384697 -0.0459561820934777
0.073012219092336 0.0103181025560601 0.142640054184195 -0.124648897037671
0.0555887592858458 -0.0379463861654701 0.105217035340278 -0.131725074927698
0.0409781808279245 -0.0588662963980686 0.110924638254826 -0.0773841458357594
0.0429797148294269 -0.0551892025778906 0.166905727364276 -0.0256494770821048
0.0815762230226715 -0.0355049055980826 0.202526123057898 0.0774354128776345
0.104502535625367 0.0260298366363541 0.156643224195795 0.214912749326705
0.0666188233465797 0.114639890238168 -0.0352507787238021 0.262365680288463
-0.101161916691778 0.122437925218678 -0.152616940608177 0.112635126870575
-0.15362534382949 -0.0465587917183885 -0.0601820768925384 -0.0623321693493238
-0.0599845770113174 -0.131224016617014 0.199323354590922 0.0946517359203131
-0.083638701673738 0.0523703115963418 -0.187302923644415 -0.178094158572719
0.0477291197007581 0.061606641443405 -0.0168185157251628 0.131200353329428
0.0682906611363927 -0.0209022737670572 0.224099839302188 -0.0157144255115114
-0.0180711415609994 -0.0568532157575439 0.168713789135143 -0.254203366175131
-0.0458847190195098 -0.00229128034306204 -0.0719847753888085 -0.312943385579993
-0.0213802062339129 0.01996996987515 -0.208556926721261 -0.163722940208231
-0.00840606152156351 0.0268995621661352 -0.198061266651929 -0.0269979813226942
0.00734316755731979 0.0240926051819183 -0.16795652505493 0.0439950145937163
0.0052355731825386 0.0166381715207803 -0.162467363185253 0.0904912733287842
0.00468535794189583 0.0117635536427235 -0.203839986663883 0.0732637713236299
-0.00828707659730451 0.0190890144520577 -0.228205487768626 -0.018719385804636
-0.00608654410907 0.000780645849706304 -0.195496344548927 -0.164738984312522
0.00100693993708337 0.0399280215837084 -0.1343508037578 -0.309995658268386
-0.0544636444048183 0.0568221861466731 -0.0655873226860159 -0.370037394957346
-0.133942785385417 -0.010738930497458 -0.149201648576997 -0.320103820933811
-0.155661207894492 -0.0401921906505459 -0.161183273596429 -0.175285485786193
-0.057276049613376 0.0475722526779452 -0.0121108305802785 0.151620493252422
0.000132450568850832 0.0313178792063566 0.247086976639583 0.0136804188515204
-0.0086357684944484 0.0152976171293323 0.204935081104547 -0.256308155504368
-5.13712742410397E-05 0.0484776800913107 -0.0534668394618884 -0.322328452239975
0.0393424100121812 0.0368860734192092 -0.19437826056373 -0.171701174570303
0.0475139197173109 0.0127901743285242 -0.189005339088485 -0.0329527586281244
0.0657893127547979 0.00776763081505406 -0.154847601397523 0.0467702609694144
0.071098725654261 0.00874946890211305 -0.141484040489459 0.1060031958711
0.0871408660400225 0.0485656565186723 -0.182919562666734 0.111466041833231
0.0373024595967193 0.110112669067632 -0.234672226070741 0.0385178386016179
-0.0380355282280882 0.10271950287503 -0.233900305944815 -0.112155652138138
-0.118402235189092 0.0773706529016402 -0.171509167932263 -0.280218469873416
-0.183623606953875 -0.00126019398190946 -0.0759699460252019 -0.336066343165886
-0.221661058839363 -0.114844724895141 -0.115855562646097 -0.269016569151955
-0.201686465662904 -0.140635243517055 -0.112780215191552 -0.137009651945244
-0.16432539455992 0.00593812519412589 -0.00310454628558871 0.193175284683152
-0.0914699878867657 0.0725349887834096 0.273468178379357 0.0762100887046046
-0.0150294456392922 0.0975765480444126 0.260726655202017 -0.227977263898783
0.0432199662844553 0.106545238544681 -0.00826670737050386 -0.315926240855167
0.100399506671484 0.0584658980348898 -0.154077553929805 -0.179161424525885
0.100793352681953 0.00156589514954373 -0.154607354047902 -0.04536779404574
0.114160048728237 -0.00960309250492431 -0.119701849772694 0.0429357612502121
0.120325905871601 -0.00442921849089779 -0.095774776837934 0.11359466464288
0.154076584521885 0.0604631985692582 -0.128112590176919 0.15264039312159
0.0961212759967348 0.163436847505143 -0.207142251436195 0.118827525758373
-0.0215507006676316 0.187859858714292 -0.264602013998064 -0.0216758816067201
-0.188199850134173 0.143810735386342 -0.217758663963134 -0.220074939191698
-0.283516811188136 -0.0166663049702141 -0.0856144954216659 -0.294330786094191
-0.285237194248667 -0.181552323150022 -0.0618469751513881 -0.193634232190308
-0.209890870811647 -0.228989161897972 -0.0497148877341775 -0.0634662201587901
-0.248887195543648 -0.0603001635262352 0.00829873809040067 0.244561268339775
-0.190753679647484 0.0846052404662547 0.282688317175213 0.161628004698371
-0.0454118907630749 0.172506484931053 0.310811941525995 -0.157178459746655
0.0719405017860458 0.164133204081719 0.0565320255556127 -0.277984342676547
0.149486218327024 0.083547502523196 -0.0878530948114194 -0.175273282452647
0.143820458233742 -0.00650346491203003 -0.0975717290855885 -0.0595513670793713
0.146369786383105 -0.0275361875192121 -0.0670738629739429 0.031594680425106
0.146544501021812 -0.0213717292477896 -0.0343640828603715 0.111096419780657
0.192602858094846 0.0522056765660824 -0.0537753592974533 0.177834188052949
0.145239425663585 0.176653435211021 -0.147071791605853 0.188605485782562
0.0200653571562543 0.233475561570309 -0.259586776463536 0.0774823070154065
-0.206719004823835 0.20173434860959 -0.244280727757111 -0.141249992363838
-0.332256707592118 -0.0105045535161298 -0.0832656986263751 -0.249427213768605
-0.309664149470827 -0.210473285009906 0.00692009304504242 -0.11183596893693
-0.17802313727741 -0.280768513774647 0.0185512069872062 0.03686809510347
-0.279014831583325 -0.137134326115579 0.0201814668366238 0.296548048917015
-0.26480829949877 0.0566953297827143 0.258882856835865 0.248915703595287
-0.091089890326506 0.211208797936057 0.327395069341983 -0.050601988145071
0.0755986799351896 0.202541546302569 0.123778955885015 -0.201570071186827
0.172013222706837 0.10339995217777 -0.00428476440721181 -0.152875870904088
0.165782065167418 -0.00960008107195841 -0.0248348506669678 -0.0701356987133871
0.157462763228738 -0.0421071388277593 -0.00568054464987993 0.0168591077012656
0.149943082591067 -0.0355887256981928 0.0307608553477659 0.0967660578790021
0.197403980578946 0.0359300734657632 0.0225240349442475 0.183726121897211
0.166202504592907 0.162617817032124 -0.0757272495182099 0.231411063235607
0.0485022344419549 0.238065615195846 -0.226534663078411 0.153973321281948
-0.198998840813985 0.219951022534089 -0.240550506706353 -0.067905487723627
-0.328295306902966 -0.0152138177034245 -0.0695156020074034 -0.203850001002382
-0.285198048486861 -0.217993443172889 0.075689851604215 -0.0308881918131249
-0.11296580014871 -0.276455475160319 0.0815461214403282 0.144218459737067
-0.242981461115469 -0.18859456684017 0.0319580651242087 0.335494006849039
-0.277159229443228 0.00688629979604566 0.209737404233805 0.308512105464322
-0.122198463427386 0.199292907596777 0.297811386226928 0.0561731417491538
0.0601133221249687 0.200770944381591 0.171759498881323 -0.102052550434669
0.162389325894974 0.10540772897063 0.079728931051284 -0.115309585751514
0.159968484733908 -0.0106873685816305 0.0496126114245413 -0.0757703636242041
0.145006502061028 -0.0495844040828189 0.0540209689618163 -0.000244328616233008
0.133191527897826 -0.0441419150264008 0.0911388182410635 0.0771917133399282
0.175808187260786 0.0207616427914477 0.0871552491112093 0.174643878230469
0.15654372234184 0.135520101675694 -0.0118651496190859 0.250711295646998
0.0526093314968122 0.216783843640658 -0.185747627267034 0.199417474356023
-0.185519947247126 0.19563180889057 -0.21831089495394 -0.0129237661730367
-0.286721560492202 -0.0404898625164517 -0.0504125338664066 -0.161186463774721
-0.217596221949528 -0.211348678487085 0.130083031254967 0.0447259267067289
-0.0342597118674009 -0.215349889358694 0.13061400951035 0.233547945878594
-0.156148731691588 -0.186896175441702 0.0429453383654148 0.355110755989814
-0.221587583395677 -0.0274644326445048 0.15924420978994 0.333497762861567
-0.10882891789162 0.14724352826141 0.244307069184439 0.134327552443351
0.0424034412376638 0.152760543330635 0.195412012314222 -0.0116483303940588
0.122703739034628 0.0816575352574235 0.146501059105513 -0.0787413895303288
0.124844058714538 -0.0117577689824852 0.112139582659812 -0.0787824969415162
0.110498323400675 -0.0494134308985249 0.103008957542579 -0.0155713861368634
0.102675170193953 -0.0440729700458763 0.138359460196289 0.0568132346035849
0.138078018393282 0.00766683654101424 0.133594908695909 0.163216237574458
0.128222748454005 0.101960344840789 0.0337528934511998 0.257782961488721
0.0399380275279801 0.18069557446786 -0.153324048594243 0.221855938391616
-0.16845205135188 0.145677170105492 -0.197597507489605 0.0222812268300786
-0.218728681626752 -0.0745613784495179 -0.0360727520162776 -0.121804286021977
-0.119879270111547 -0.19010118315984 0.158250946767229 0.113041896243785
0.0465851142058309 -0.112373192253426 0.163573618438113 0.280481922932281
-0.0477027086182703 -0.132165314881773 0.0533330853988623 0.348793178253263
-0.116424146676737 -0.0314268151947798 0.130496980123278 0.329762127223216
-0.0548997288010079 0.0752899975191768 0.207206486464035 0.173695920564308
0.0277462843054199 0.0704082813781937 0.20958596265265 0.0365608200205477
0.0634286142633254 0.0382993500388159 0.184315042489966 -0.0627835859509128
0.066350171280503 -0.0127801053498685 0.150345198587965 -0.0830475130841857
0.0600578767286472 -0.039930650899612 0.13404862551853 -0.0291125789453173
0.0616450414554529 -0.0361598155891435 0.16885595086053 0.0419404502093463
0.0909786707665757 -0.00426330610509855 0.161721471036389 0.154275904809295
0.0914057145904767 0.0623630124137389 0.0623461229688747 0.263534719283772
0.0220924763663489 0.133697406174738 -0.136362582588432 0.233927722859896
-0.13988657997229 0.0841501649480219 -0.189089616652485 0.0430860046174906
-0.131808212120339 -0.0993858304665138 -0.0336981129791298 -0.0907316597709263
-0.00965094068624098 -0.146450039223223 0.156447359020113 0.165852921468808
-0.0831241415648888 0.0570276473905478 -0.199794374511739 -0.174234651243911
0.0514325589240107 0.0592067983577242 -0.00817446123767844 0.135570609017451
0.0689659418737727 -0.0249784394191983 0.231442019195559 -0.0265528660462902
-0.0220797984039761 -0.0565876583168094 0.161051866272446 -0.267673463183578
-0.0469805237746533 0.000529279040944581 -0.0921263504253201 -0.3196423687293
-0.0201070087842508 0.0219768768479501 -0.222913733979945 -0.158563994444907
-0.00488547748276987 0.0273038924223538 -0.203574814777294 -0.0191820688973989
0.0100310128715128 0.0238067128741425 -0.170353898921962 0.0537667724165871
0.00745387614925782 0.0166049405199711 -0.162161653020497 0.101515861935472
0.00625190902799893 0.0129265051208198 -0.205923098574291 0.0868360536566958
-0.00683675531973347 0.0214773917774342 -0.236165203545716 -0.00968684303317939
-0.00751885083156141 0.0020117861589299 -0.208438114748153 -0.164685061399469
0.0027005149411558 0.0395864459794963 -0.153786372547336 -0.313819613824483
-0.0534582902202428 0.0581530610161523 -0.0816319777578772 -0.378970194848213
-0.138735966107429 -0.00615028094879997 -0.1660457850937 -0.326115368117617
-0.162214844355104 -0.0358490416245324 -0.173434503267693 -0.172642936038856
-0.0567657629869955 0.0496658803076951 -0.00226955150894286 0.156862511962033
0.00101558087139883 0.0316480778959397 0.255958480734244 0.00398964567421722
-0.00913450387757495 0.0167600015983294 0.197947763315109 -0.271484784473863
0.00249125312155844 0.0506355093083434 -0.0720608441805205 -0.328415396118489
0.043200467789443 0.0361841409967707 -0.209192389333094 -0.167515698646033
0.0509291592051535 0.0107362025375703 -0.195117511645037 -0.0251206537755273
0.0692583531141335 0.00417494970385698 -0.156165338624301 0.0563183789386967
0.0745135978909391 0.00604034386905336 -0.138792106614395 0.116466495338473
0.0933338263748013 0.0458790916538364 -0.181247541448401 0.125411001876237
0.0448024270660004 0.112456953033908 -0.239920376103498 0.0516506609262802
-0.0356722302428321 0.108780059305329 -0.245878678120836 -0.107815639303246
-0.119348694000707 0.0841583575765196 -0.191372011819778 -0.282358217500374
-0.189308056428255 0.00436559319719168 -0.0917532510657267 -0.343121126977116
-0.233485674263139 -0.112041746032573 -0.12996517367244 -0.27385432755385
-0.214747130061202 -0.137956126967781 -0.122323661798124 -0.135556154981923
-0.168647215046428 0.0123161142079891 0.00786032122692141 0.198657916037889
-0.0915815239956564 0.0781168989625251 0.285577192549229 0.0682742384625927
-0.0119821541356891 0.101643904152983 0.255290113058234 -0.244739926224581
0.0500896392918998 0.10840959343063 -0.0257312479680356 -0.323473032447114
0.106860723017856 0.0553888329486291 -0.1678442455392 -0.176673281419458
0.105343098197722 -0.00303567502119411 -0.160725850696197 -0.0390967971128029
0.118063272291122 -0.0159982005194164 -0.120224163426112 0.0493305459957313
0.124777455953198 -0.00973911142119916 -0.0906378266338041 0.122418405416492
0.162897858896145 0.0548256891049352 -0.122864494759879 0.164696599062451
0.108399483617195 0.16521324245023 -0.207469014457361 0.134061417086574
-0.0148276355521239 0.195702730609078 -0.271958563765269 -0.0111943950756257
-0.188906724199562 0.156774381361574 -0.235570576059251 -0.218252836091471
-0.293808538243044 -0.00655369147738178 -0.0998614368767587 -0.300056131426426
-0.302740166992761 -0.178384355367606 -0.0714311501515465 -0.199499189028518
-0.227191223314135 -0.227733013220561 -0.0536002735571483 -0.0627304953129606
-0.258440614890746 -0.0514493343475905 0.0217204447717456 0.252057333060664
-0.194144242271018 0.0959189593392756 0.29837356407936 0.158127933669243
-0.0396022261477134 0.180111925755881 0.31152193678651 -0.173754713271906
0.0822274680494995 0.16617984523296 0.0440321410358491 -0.287504523810001
0.158590637936829 0.0780261768421806 -0.0993910494384405 -0.175343565668955
0.148659606602545 -0.0128509626974043 -0.103400931416464 -0.0557054094658506
0.149716348146335 -0.0360612208195986 -0.0658600693695222 0.0353391783443435
0.150094281927592 -0.0276030884350959 -0.0273543364284785 0.115967084610748
0.201970917909892 0.0441646583434465 -0.0439210661389123 0.186490269126851
0.160381720974714 0.17594857080604 -0.142388618312897 0.204974019074908
0.0305376183339144 0.24017998389692 -0.262228793410704 0.0912728869473557
-0.204041939340153 0.217999492582429 -0.257909865980312 -0.136067940519093
-0.343992674652922 0.00241078208241579 -0.0960254619887268 -0.254470625490353
-0.329215201041191 -0.207797813159041 0.00159890475790543 -0.117388927454825
-0.196662519062723 -0.283087192709328 0.0205202761736861 0.0379998283270806
-0.292831756143944 -0.128348238592293 0.0350249512645464 0.304072498920047
-0.271751526076372 0.0702527227028468 0.277935464800859 0.247863807714723
-0.0853207163908749 0.221840826698688 0.333644853305347 -0.0652724696263999
0.0875325525460084 0.205385142592598 0.117772235477281 -0.210382389248591
0.183048329249411 0.097137368741906 -0.0120083881512555 -0.156779994476107
0.171120979763531 -0.0170168589394245 -0.0299938740411537 -0.0706157772144888
0.160118999476537 -0.0513515947338217 -0.00394113427049608 0.0167883502415935
0.152430662998369 -0.0423673757917755 0.039717018373116 0.0980396059244189
0.205948040020921 0.0275636670659832 0.0346878536644084 0.188155092679696
0.180400488667554 0.159306512488864 -0.0653492437004617 0.246368522777675
0.0605812098933375 0.243409872614799 -0.223285340180184 0.169707502382705
-0.194702897611782 0.236022064766177 -0.250735353391971 -0.0598396020222051
-0.340461366194386 -0.00242588102205133 -0.0800385699278201 -0.208669793823929
-0.303840753419945 -0.216610035130218 0.0753899829993599 -0.0361945859263118
-0.13061533886005 -0.281993261600752 0.0897443134836887 0.146084327583494
-0.25803523825527 -0.183677269932064 0.0474377225665175 0.344263347625809
-0.286107423189857 0.0190400447574489 0.229828245592431 0.311093689706915
-0.116673024103209 0.210686938691947 0.307568824534372 0.045905408226167
0.0714391283551113 0.203513598784361 0.172198672124358 -0.109619320601853
0.173082523561941 0.0995509610812524 0.0759581584146675 -0.122157177393175
0.164707564040431 -0.0178698957664524 0.0461559538237427 -0.0801900590960594
0.145673387082435 -0.0581876284689484 0.0567605167081848 -0.00323725432719833
0.134981681533906 -0.050255824871311 0.100657365755221 0.0741992502261815
0.182989537524665 0.0132360269824474 0.0998872362715687 0.175476199122274
0.168186999124814 0.132007997730963 0.00144828435850894 0.261483157638895
0.0634380974150025 0.219810939530176 -0.17960284314847 0.214116134926942
-0.180595552769545 0.20998296174569 -0.225824969425431 -0.00500978851379084
-0.298168454858681 -0.0298336939217937 -0.0587228113076501 -0.165176650178474
-0.234849001682362 -0.211474269594382 0.133883157821988 0.0402606868859875
-0.0464898928171269 -0.221277087207673 0.143153065403609 0.236565964146791
-0.16996814091707 -0.185801801974639 0.0579147908657038 0.364771782594451
-0.229226574889194 -0.0182502256869983 0.177606464884175 0.337695745678874
-0.105393682089394 0.15616451399909 0.256332527793356 0.130503768096799
0.0508227362298612 0.15460514409285 0.201713552819222 -0.0181494741889389
0.131376804263905 0.0769732342967464 0.146822376565485 -0.0881494601432067
0.128048058082758 -0.0175877079355861 0.110295457513918 -0.0867255377299926
0.110341937267434 -0.0562474643950857 0.105808045885422 -0.022151974354622
0.103062381325004 -0.0488149796355496 0.147669940350196 0.0517090134327286
0.142597053143754 0.00124998125497605 0.147027296808759 0.161309311639505
0.136945469685953 0.0983059168230248 0.0488148415647739 0.266363396657472
0.0486213746717946 0.183208862478245 -0.145121517715992 0.235589114509376
-0.165183456983763 0.15774188304055 -0.202493707597203 0.0312130417136851
-0.230837107182529 -0.0668595255743309 -0.0432977806731731 -0.124769838079045
-0.133074156825956 -0.191978767629922 0.165704722419961 0.108985956130732
0.0409377199216272 -0.118280595448886 0.178345020181138 0.284615210769573
-0.05534449499403 -0.133763483910422 0.0682186117939856 0.356842608596341
-0.119951057499285 -0.026917952876469 0.148719956096531 0.334348926373433
-0.0521008199996701 0.0785453790835858 0.221017682921141 0.171909630954788
0.0311301449076648 0.070233521194813 0.218595775144228 0.0301304278486835
0.0675284380693819 0.0351013223007439 0.186595409073913 -0.0727672885863762
0.0674401810356719 -0.0164208709365023 0.149337141328581 -0.0928460245822998
0.0581570384089583 -0.0447740421730021 0.136648143915866 -0.0362891437299781
0.0609589617920257 -0.0397586414245998 0.177022145313158 0.0345796495347152
0.0928240902016205 -0.00886917907138464 0.174884554499193 0.151175332702882
0.0964285960040816 0.0592598851706044 0.0786694240108186 0.270262638116516
0.028599500089262 0.135208452539571 -0.128285882443326 0.247916731810538
-0.138571670228868 0.0931138318843173 -0.192776251313429 0.0521900552730569
-0.141749332196027 -0.0959437799142253 -0.0402084990254541 -0.0933212797234216
-0.0177884830299976 -0.151096665728592 0.167166757713176 0.162478362897224
-0.0827511645784564 0.0634574418213793 -0.216413326125457 -0.168351089840357
0.0561594740373149 0.0570693333658664 0.00265814665180711 0.140720120645274
0.0695647942135224 -0.0308392842407786 0.239361607353647 -0.0417079337769433
-0.0266897564432499 -0.0562859028796795 0.151023643476241 -0.286928523470418
-0.0487004616207512 0.00496563612610702 -0.117975211742143 -0.324863483164164
-0.0189407195977896 0.0239611886685078 -0.241537101773893 -0.149619778080487
-0.00266793117009992 0.0273122004394714 -0.211180930245008 -0.00816525833765459
0.0132513063696042 0.0231613376377552 -0.172804737345954 0.0668242280875049
0.0103252139535487 0.0160100741553987 -0.160122874466463 0.116275043112834
0.00805470092971832 0.0136343013519005 -0.206806608163887 0.105022817661482
-0.00501672245001921 0.0237381397487531 -0.246382856482554 0.00409450155125915
-0.00914164170925112 0.00365971274128617 -0.227432158063065 -0.161746714792349
0.00491972804858106 0.040330269078701 -0.180276790483884 -0.317336709623154
-0.0517753248119716 0.0614619552676073 -0.105876641090988 -0.389160916678398
-0.145001786315804 0.00121390307464953 -0.19031556388176 -0.332834985683742
-0.171067563839069 -0.0287624889051904 -0.189602385732342 -0.168430456664126
-0.0561467391248275 0.0536808509468465 0.00996531323878337 0.162255481964053
0.00231288900012262 0.0325221875938502 0.267155779600595 -0.0104779782727506
-0.00873333189039573 0.0188452041626228 0.18797862894665 -0.292733537984161
0.00616237186717357 0.053268514914765 -0.0977849197358076 -0.334582665010863
0.0481053866103126 0.0346755948621219 -0.228283054900132 -0.159474337393908
0.0553356195384949 0.00724395671999556 -0.202861530514766 -0.0136363812672486
0.073282407390362 -0.00105900337969577 -0.157688952729297 0.0680336469609847
0.0790032412469272 0.00132145569742873 -0.133955311927115 0.130159518686792
0.101170323932141 0.042253809838084 -0.179146994995772 0.143616348421393
0.0557389520807548 0.114948172839386 -0.245452590888618 0.0684420872641637
-0.0319137519204678 0.116567316421002 -0.26184043401424 -0.0999211282991952
-0.119754035715231 0.0943070983193413 -0.217122702447242 -0.282366777634997
-0.197297548785124 0.0127012629038053 -0.11358628013717 -0.352090280519124
-0.249594393703887 -0.104020587948986 -0.150507622410033 -0.280613937682624
-0.231207768619401 -0.131297130858297 -0.13425360770323 -0.134084171298368
-0.174159648076334 0.0225185465175023 0.0223109881129193 0.205039892419742
-0.0913121196659518 0.086544143629532 0.300826176172531 0.056165763344958
-0.00683360001715791 0.106946214585056 0.250163182629793 -0.268215029969473
0.0596725150369877 0.1103566023271 -0.0477028667917587 -0.332514378845762
0.115360674828997 0.0502577525362292 -0.185779168821167 -0.171886509873885
0.110438601460845 -0.0101943596264561 -0.16854119979524 -0.0297034576562409
0.122336275773168 -0.0250945284974814 -0.120333098093868 0.0589206361430363
0.129629371504529 -0.017450946991851 -0.0826302920407677 0.132575026810573
0.174320408553965 0.0467726153434702 -0.114738930735874 0.179594226601276
0.125194729442966 0.164881095422975 -0.206339231078709 0.153317235484566
-0.00433958154823848 0.205491279604015 -0.281825664135873 0.00196804977201196
-0.187070628762256 0.173961195574194 -0.259246816479536 -0.214274888332066
-0.306629799747211 0.0087930205586611 -0.120617348301172 -0.306991752895424
-0.32631887531377 -0.17140842847886 -0.0859405784607598 -0.205376707513442
-0.250631169931688 -0.224678741752535 -0.0597439812148323 -0.0624072369225761
-0.271446956412542 -0.0389728460483264 0.0382854307921851 0.259583382732141
-0.19682841276492 0.111253808917205 0.319771777874006 0.148402554836422
-0.0306963595442459 0.189576203989322 0.311100142550337 -0.197513953307914
0.0965954949744121 0.167900144130835 0.0273817487781096 -0.298338358210727
0.17051868761684 0.0699059025838309 -0.114603741186854 -0.174832361079839
0.154922857469163 -0.0225075904345037 -0.111161402926863 -0.0507053727164539
0.152996943878694 -0.04763092794402 -0.0655653502875028 0.0406435116945378
0.155132618896902 -0.0371668900836688 -0.0169346787855909 0.121650624193201
0.213849847158947 0.0328856408802318 -0.0318297577438845 0.197174071388706
0.179211128130494 0.172714814291918 -0.132957661153068 0.224416909713088
0.044777793838441 0.248459771694315 -0.264509033361638 0.109558685648079
-0.199552085026068 0.238888853494449 -0.277329434597827 -0.127159908945358
-0.358313534172153 0.0213772563657017 -0.11440597896369 -0.259355784620775
-0.356008569046826 -0.200785029446649 -0.00589895962040147 -0.123695480412678
-0.222790791141296 -0.283847535190123 0.0235418212474835 0.0377146990349566
-0.312326510317469 -0.116299139919235 0.0545256511227221 0.31330343534045
-0.279250860149697 0.0898306299654691 0.303014596149091 0.243416525583909
-0.0750670733707376 0.235614608459049 0.340201795055114 -0.0860711751550327
0.104390261095498 0.207920419354842 0.109500210867927 -0.222776263973138
0.197516143424182 0.0886253356860933 -0.0230782234661118 -0.160774568695506
0.177204856366034 -0.02828814962167 -0.036069878902735 -0.0705309062002001
0.161883423430118 -0.0636129175644189 -0.00167331119718568 0.0171992482236599
0.155704443983209 -0.0519872261201583 0.0510747366107925 0.0980913972829748
0.217014167235896 0.0155054966299708 0.0502067974128563 0.19322717579215
0.198706004150138 0.153926800648829 -0.0499634627653795 0.261883785337742
0.0770562013855763 0.24920218797338 -0.21918645184938 0.189297407737852
-0.187768181960245 0.257399602580024 -0.264621306011158 -0.0483875777706188
-0.355211794919624 0.0170140608995629 -0.0956219188920029 -0.213821336514755
-0.33005202889176 -0.210662097159924 0.0748784092646058 -0.0432354532081962
-0.15436889083289 -0.285862897471974 0.1009771784695 0.14685943571964
-0.278621500908312 -0.175814552212152 0.0694264476648036 0.354177058755728
-0.296611073970627 0.0376458214262871 0.257313303227178 0.311672104575199
-0.107985692072028 0.225776745614875 0.320169960232997 0.0312955489704536
0.0870287268350453 0.207138933480262 0.173165520755983 -0.121051103008928
0.186664849284186 0.0907532321251069 0.0711790668763942 -0.131148499420172
0.170414412515145 -0.0286081544308098 0.0421939562780166 -0.0854781098142578
0.146503779110781 -0.0704276703871631 0.0591778696082637 -0.00736693116149442
0.136757759209931 -0.0590237475241142 0.112210879124899 0.0691974700053515
0.191159802620263 0.00181526490881118 0.117029903797793 0.176201890997035
0.183304921748705 0.126098835870737 0.0207407403986567 0.273596605398746
0.0791166897475412 0.224031638322634 -0.1697703019167 0.232971940669258
-0.173939290627613 0.229853483176877 -0.234661929753555 0.00788812586503101
-0.313058397121003 -0.0135682872063523 -0.0722078606662872 -0.169971595817817
-0.257504633267551 -0.207699683737857 0.139030058653193 0.0331526399209693
-0.0639730342777469 -0.227811739244349 0.161401685451237 0.239308441540427
-0.187621561564304 -0.182688401532787 0.0805247089092971 0.375494516881118
-0.238980421588171 -0.00508088935098953 0.204842824245598 0.341815848836381
-0.0988470186390576 0.167961202335162 0.272893651698822 0.121693726873975
0.0620896676909266 0.157057001257927 0.21000759537504 -0.028564200253713
0.141432996974325 0.0703256648397421 0.146392951893321 -0.0997162815979018
0.132020605928669 -0.0264236740258278 0.108140879427788 -0.096222638140956
0.10887167162407 -0.0654476515765774 0.10860203084218 -0.0296362983475236
0.10298334034136 -0.0563934365658156 0.15873384452863 0.0426532960727535
0.14819773522017 -0.00792219676733513 0.164216659560653 0.157691261784537
0.147454238738324 0.0931371453355359 0.0695115805365754 0.275913128451396
0.0614928075609773 0.186074261912857 -0.134140407780021 0.254454745125887
-0.160296315102871 0.173608948930409 -0.208454005677514 0.0435262565743718
-0.245066864733196 -0.055463739981764 -0.0536058440967524 -0.12923265558172
-0.151232121448312 -0.192980918807809 0.176534949931954 0.10292534933466
0.0335066113310531 -0.124836686806606 0.200500180135606 0.287696529962081
-0.0660848569715046 -0.135662203821111 0.089777582844792 0.367665338065181
-0.125472133366333 -0.02027752875811 0.173507077488469 0.33931754610748
-0.0478977069391087 0.0836346571595432 0.239500377622134 0.167789341157893
0.0361816911314661 0.0704874574260203 0.231101009824968 0.0201294637701266
0.0717597498161383 0.0316532758417563 0.188238523708907 -0.0873826094404238
0.0685725205158057 -0.0212125100083058 0.147671218917842 -0.10559392666072
0.0557368018806515 -0.0496682984868354 0.139512789239725 -0.0464280238838289
0.0602820449079303 -0.0449074713171808 0.186798503786715 0.023332504229978
0.0958803451782254 -0.0160893502867675 0.191362686628175 0.146329883602665
0.102767045566476 0.0549615264389313 0.100419307421721 0.277193866097311
0.0373885406056742 0.137742208561113 -0.116891786580318 0.264678356454616
-0.13641956968516 0.104916614776022 -0.197192683588442 0.0646879906459377
-0.154885664206846 -0.0901084320173805 -0.0490986582017013 -0.0958139577883354
-0.0285747118477634 -0.15532922313212 0.181469853449804 0.157855962694051
-0.0792967376087148 0.0712709852708891 -0.235421235936374 -0.154424146856856
0.0612506308486613 0.0528126617815782 0.0162708079026929 0.141834431471442
0.0681433808505982 -0.0379371668527706 0.242014419415244 -0.0617938978094759
-0.0320005739670892 -0.0537685301792447 0.13162449223344 -0.303972656308607
-0.0484026727483363 0.0106705563582526 -0.15052116748854 -0.321205427284865
-0.015654452060564 0.0262526741977528 -0.261080204897013 -0.131620075976875
0.000886315661090603 0.0269483055706658 -0.216152773583973 0.00892059501076452
0.0164737255107681 0.0215676096939425 -0.170449407379857 0.0826708626036018
0.0131369780381532 0.0153308011135908 -0.152784308456234 0.132885337914943
0.010552158830804 0.0139645819300763 -0.201850709011939 0.125700021288728
-0.00211257718461122 0.0259694663442633 -0.252106175319856 0.0236445010264259
-0.0106662928660772 0.0058341745139256 -0.248150590689526 -0.150317760316589
0.00754532375138926 0.0394943582018553 -0.211983924633982 -0.310272417122461
-0.0488623060867697 0.0651716906737652 -0.137441234209762 -0.391710305389583
-0.148207269394777 0.0132358675279889 -0.221049381580963 -0.32922080281619
-0.177463918199369 -0.0160679555050415 -0.207532095320574 -0.157572554121708
-0.0535170542264829 0.0583632436155337 0.0256278285469427 0.163721992955126
0.00414796822599744 0.0325516380961342 0.274060640134446 -0.031730730048899
-0.00754800856928639 0.0204842484844382 0.169226570897229 -0.312790564917359
0.0121575383791697 0.055216663191244 -0.13000076798294 -0.333202134966804
0.0532072896485859 0.0313104777806507 -0.247522712058358 -0.142584601648051
0.0585110800764795 0.00183457964896272 -0.207052082762639 0.00316926397025345
0.0755344327858418 -0.0078278474833885 -0.154501033395171 0.0831208875434015
0.0821938185467065 -0.00508608372399142 -0.123939921290413 0.144179520495867
0.108627085098761 0.0348390355330659 -0.169619673996062 0.162850433889707
0.0683958723317235 0.113918913919653 -0.245889018979138 0.0916409832781993
-0.0240546869285645 0.123202149519767 -0.277362787113344 -0.0837073134465232
-0.115374092380757 0.105705301838812 -0.247793747445048 -0.271908871496483
-0.202584101585821 0.0268570703456521 -0.142999492946287 -0.353542241642944
-0.265698884963074 -0.0886289246869386 -0.176288128297161 -0.278473033913357
-0.248503632968912 -0.117018139580017 -0.147949971775372 -0.12701401125377
-0.176577627958504 0.0357006759606953 0.041548326732752 0.20667510126898
-0.0874604780507575 0.095885163796791 0.314774107177315 0.0339970691739215
0.00149225446401891 0.110052300090687 0.232797435268782 -0.29270537310976
0.0714997245459773 0.108397274205184 -0.0775371586795729 -0.334182284606533
0.12316174101331 0.041278257586459 -0.205497459977353 -0.158989046107453
0.113662734471246 -0.0203150933204313 -0.174008561069182 -0.0161546622342024
0.123070581530953 -0.0368904994702115 -0.117203766019375 0.0702187569499197
0.132119988777571 -0.0288157877426781 -0.0708933327048509 0.142195071234556
0.184118183597411 0.0324785412386439 -0.100285299779631 0.1948452372291
0.144586103113384 0.159016103675072 -0.196780268443209 0.176540954094529
0.0117966152435107 0.212253290342945 -0.288414058737895 0.0238423649657156
-0.17791376358594 0.193506598526989 -0.285194775466881 -0.199388960902424
-0.315776659864264 0.0317296209572991 -0.14755711984381 -0.306743418732588
-0.349180192803584 -0.151994682161344 -0.105678775616791 -0.205670114764159
-0.276798353604879 -0.21091055117246 -0.0668659151596676 -0.0595920592395376
-0.280640948214953 -0.0183117139823047 0.0614392380479885 0.261996501306329
-0.193421154065709 0.13033424604951 0.340714312769909 0.127704308995155
-0.0164065440004746 0.196992499757513 0.301170997533363 -0.225192299095053
0.114191678746152 0.16450657831046 0.00282583762739176 -0.304708093303071
0.181778005514729 0.0561465808039178 -0.132417888121616 -0.168345694532412
0.157507376470087 -0.0360922893318993 -0.117102827879186 -0.041755083417888
0.15291858003153 -0.0623864468676539 -0.0628224465009987 0.0468505235234944
0.156542165711167 -0.0504507884138804 -0.00359786072880871 0.124788243130224
0.223420470796576 0.0147637415357531 -0.0125711410538137 0.205596918111299
0.20073339278596 0.161496828388919 -0.115397996487628 0.242429979208063
0.0662775181141057 0.251805214067898 -0.260833401885811 0.13284988657889
-0.184986385364006 0.262167122134931 -0.296120710093376 -0.109142116249991
-0.367750330432148 0.050576694647198 -0.138282035819041 -0.259041930469678
-0.383399527329988 -0.180397960856432 -0.0168864429141363 -0.12777593255831
-0.253085754052047 -0.272833070180274 0.0262347666986911 0.036575544663202
-0.328621912697094 -0.094740527354868 0.0817119794683351 0.315941501793944
-0.278612921982811 0.115441606591042 0.331377911300153 0.227522861529059
-0.0575940510872372 0.248440509977994 0.339839325104317 -0.113604276712813
0.125629533564265 0.204849399728046 0.0940537099286143 -0.234271609652583
0.210324483752202 0.072566382939272 -0.0371211923523039 -0.162093827595248
0.179854717029805 -0.0436481039920344 -0.042936380069041 -0.0680421989589239
0.159947191012813 -0.0793815696730439 -0.000266656255726257 0.0175523109053951
0.155702497834398 -0.0649058308237849 0.0634564619121408 0.0945723399862327
0.224273562232054 -0.00270496144251522 0.0711718917903871 0.19362754238822
0.217858805279678 0.141445452678794 -0.0263665894498731 0.275484364252598
0.0991740739844714 0.24919672717641 -0.206693597872501 0.210751501871285
-0.170430908712076 0.279762273559884 -0.275795311730584 -0.0295929455146763
-0.364054681883344 0.047100934674061 -0.116081745823978 -0.21363017056161
-0.3573938631328 -0.191668515664102 0.071510471250907 -0.0510839189014323
-0.183271651695598 -0.280163071263314 0.114267275420794 0.143435810835638
-0.300385909732891 -0.157604108705701 0.098740623692157 0.357605419022639
-0.301782060494482 0.0628406664528286 0.288985012754603 0.300420923892046
-0.0927428741065454 0.239951508402017 0.329220404748998 0.00821533647501837
0.107792664410299 0.20508503434713 0.168765148217551 -0.134937506494038
0.198839684478894 0.0762734474624023 0.0620982077639842 -0.139153037038887
0.171695322957772 -0.0434914799200082 0.0349661474497729 -0.0901944512242154
0.142330788270225 -0.084023931561047 0.0599792217441101 -0.0128342778219522
0.135537966410247 -0.0709671350675315 0.122862883016901 0.0596581704163512
0.196342132533939 -0.0150585320599563 0.136922688628659 0.170330813703971
0.199513913063575 0.113329967252981 0.0478503646716548 0.281830828263287
0.0993208549786867 0.223074955877728 -0.152630290899998 0.25244928702726
-0.158214055634719 0.249907726441813 -0.240454111755582 0.0255121553451205
-0.323421283900772 0.0125785318659622 -0.0890349757577613 -0.170337797155581
-0.283397486660806 -0.19412985719335 0.144218807361153 0.0221218551810951
-0.0860679482715027 -0.227697017344112 0.18286823599287 0.233372349099425
-0.207926043723067 -0.171547599573864 0.110986700499801 0.379080447555705
-0.245013888273692 0.0145679251644608 0.237812219060035 0.335254367384347
-0.0870330648804211 0.179286532578704 0.287830787309026 0.106034112118971
0.0772012662517838 0.155296323244769 0.21478181236253 -0.043422860429807
0.15039621600723 0.0590626190519492 0.141721422861208 -0.114095967721079
0.13250049495355 -0.0383857781790736 0.101343405577967 -0.106856008756881
0.104140177155981 -0.0760265730200051 0.108913267478474 -0.0397860546212205
0.10095654318404 -0.0656818002602701 0.167198423066811 0.028487319307308
0.151197745032342 -0.0210826081574825 0.183034123127016 0.148638140526371
0.158820785442876 0.0829979642309957 0.0974946309896497 0.279043631604253
0.0781484202373494 0.18436489945052 -0.114592447684217 0.271019089972298
-0.148753536006271 0.19032416448586 -0.209824725540386 0.0604527566046413
-0.257563973207275 -0.0358951515724549 -0.0674119420314129 -0.129054432348262
-0.172653113323997 -0.186113145067 0.187563490722935 0.0902476307415556
0.0223296564303207 -0.129469981646097 0.227255887758666 0.281905839256523
-0.0796741656116919 -0.13304477823975 0.119258895611699 0.371759911108183
-0.129504998754046 -0.0106804802102481 0.205533791683177 0.334596269570434
-0.0413654003137707 0.088322742437671 0.258374117715053 0.155120806308611
0.0427915629153612 0.0686165328712816 0.240631476619199 0.00335622594376335
0.075656606996395 0.0255657170656698 0.185654932140135 -0.104837032179669
0.0681124149718857 -0.0280932610996559 0.14133840063165 -0.121187165029533
0.0511683555197224 -0.0553255412361735 0.138837625664204 -0.0594288654617293
0.0572477126755049 -0.0505616923490918 0.193461456565571 0.00735291503260642
0.0961827610039841 -0.0257147371351443 0.209517335542303 0.133971295873057
0.108413673129201 0.0476417534470897 0.128842254591478 0.276407165208424
0.0505394883057978 0.136360178368874 -0.0968593943437565 0.280750777734811
-0.129986382076118 0.118089515264784 -0.196880110901258 0.0818511896948534
-0.167626947734403 -0.0785124693856774 -0.0600210910849495 -0.094961421155325
-0.0439352437206736 -0.156002459909932 0.197250865508444 0.14644162308368
-0.0725632712019511 0.076983977739397 -0.246295986139236 -0.1341470482261
0.06443843107457 0.0462674020507046 0.0289031092956653 0.137501910586604
0.0635266596913023 -0.0442144731433785 0.234975100806547 -0.0821968546194538
-0.0361628323305129 -0.0499606057744848 0.107673376017059 -0.311887377673141
-0.0465247591432008 0.0157380034010678 -0.177412876237544 -0.30463829677953
-0.0128301953000077 0.0270250048046188 -0.269965742472623 -0.108387299682562
0.00403542694055754 0.0258459057041276 -0.212515662783059 0.0255474380341694
0.0193923665610238 0.0190524395613121 -0.16163337780151 0.0968498904323093
0.0155594394472712 0.0134588971470867 -0.138327836451875 0.144571595844026
0.0130417266032192 0.0138228011786008 -0.188034251922388 0.14319690415534
0.00122192797699845 0.0266418831171706 -0.249701161380282 0.0445996216239931
-0.0109940236492003 0.0079313402839527 -0.260995385946559 -0.131162335142229
0.0101762763095352 0.0373645911342283 -0.237305048645201 -0.290499189800119
-0.0440679366949593 0.0672324335424752 -0.167977620504925 -0.380002638736149
-0.145725855874709 0.0253397388183489 -0.246375246126975 -0.312334667020786
-0.178294198495681 -0.00206714110405077 -0.219550688230225 -0.140084408056306
-0.0486172407194111 0.061317957408607 0.0393183202733992 0.158259154194732
0.00626996865343616 0.0312079819268796 0.269853895679298 -0.0540848949413454
-0.00595438579970904 0.0217159740260714 0.142638372407895 -0.323359299898222
0.0179714952397691 0.0546034213728955 -0.157532297363924 -0.317351096971091
0.0565571467306217 0.0260912578308725 -0.257269176290287 -0.11958051635054
0.0589087394130054 -0.00432862983290236 -0.204078877478301 0.0201165006169739
0.0751321024416089 -0.0152839550671274 -0.145585946791136 0.0959619592469543
0.0823181627674019 -0.0127479900640511 -0.108250420723616 0.153004162572393
0.112128873965029 0.0251167150890168 -0.15121641312297 0.177106215332806
0.0792218464301479 0.107704452185767 -0.236058115372266 0.113006096267761
-0.0140003110125408 0.12678583436402 -0.28372664266672 -0.0629302461017708
-0.107657131526736 0.113784467413915 -0.268948117698715 -0.250649065434623
-0.20056236052511 0.0416559167667318 -0.169383007943098 -0.341406253583296
-0.271936441938366 -0.0677922281076685 -0.198525336387323 -0.264624537859971
-0.257905722966324 -0.0962456984148256 -0.158433769120756 -0.115162031245395
-0.172409530664487 0.0487949272144735 0.0588429175910876 0.199997762176096
-0.0791230616213748 0.102474233089618 0.316478222650682 0.00947321738381083
0.0101990416441893 0.109775641846487 0.207258888574372 -0.307499476072307
0.0813562923036061 0.101820988497437 -0.105398442263894 -0.322920834990947
0.126822491572348 0.0300302774992434 -0.216739294352085 -0.139433762164026
0.111838368339934 -0.0307686940210141 -0.173482587692719 -0.000781677570100207
0.119971638365037 -0.048104450519246 -0.10991380037947 0.0796309533433352
0.130171527068978 -0.0400423348423032 -0.0552185425845322 0.145820851543488
0.187294286748307 0.0158160817396671 -0.0796309740522329 0.202797765593102
0.159626421900313 0.14535749620417 -0.179652642779966 0.193531403703155
0.0291280746256375 0.211693314688198 -0.285343310023306 0.0447967062097808
-0.162267146668233 0.207172960138016 -0.301085833467781 -0.174267340312321
-0.313552174790791 0.0565392749044144 -0.170274955391788 -0.294422395118735
-0.361580566767378 -0.124808424610217 -0.122193765580869 -0.197670079786352
-0.293495907099377 -0.18722547087555 -0.0727193385929393 -0.054886171117492
-0.280188892973281 0.00385439476320401 0.0825063185631075 0.254179214163086
-0.181996426010371 0.146076465439439 0.350880312642835 0.101073106356355
0.000244910101745604 0.197668398567564 0.280093554592838 -0.246757982468593
0.128875572929647 0.153490410777755 -0.0224601811399098 -0.299969407885664
0.185855068704279 0.0397212278182887 -0.145470395606406 -0.155037222039364
0.154243216488404 -0.0498832215978397 -0.119325201280459 -0.0308241210382904
0.146124358953384 -0.0755661229714546 -0.0578247446937304 0.0518325823736915
0.152316208847831 -0.0630569315240721 0.00973607666560437 0.122630479925169
0.224627059118429 -0.00561208264882956 0.00788701642014603 0.205093934387917
0.215263250014239 0.142751686360628 -0.09103210896664 0.253232670521959
0.0873189875321161 0.245770271639625 -0.247391484594251 0.152661923516834
-0.162336375641886 0.276734926639009 -0.305079721250935 -0.0850327068991019
-0.363912460293048 0.0797076886278238 -0.158665001808089 -0.248483927895631
-0.397988183364809 -0.150745161396453 -0.029114247083728 -0.127156143833312
-0.275419951655408 -0.250468025062624 0.0277301487424827 0.0340975030538569
-0.334615742723115 -0.0680236036885068 0.106723985782125 0.306913113890851
-0.268210775052216 0.137912727702986 0.349514467187226 0.200937517976413
-0.0366976079093548 0.251669972965892 0.32717408405262 -0.137899400885805
0.143921776754795 0.192412004693305 0.0756651174902465 -0.237323933184819
0.215499214091572 0.0529859949311327 -0.0490600874835051 -0.156695764470588
0.175891208432849 -0.0592281692312632 -0.0485170506281037 -0.0629024587640112
0.150988669515027 -0.092122480707146 0.00176720871709124 0.0176240923922599
0.150279425138055 -0.0772825810124162 0.0741327636001777 0.0862976590743642
0.223199936033809 -0.0230202349828725 0.0897170209765807 0.186279214385888
0.229887228035542 0.121250226703946 0.000417460940076293 0.277387732077214
0.119626199647408 0.239600033949472 -0.186894876708517 0.225385903601921
-0.144992228978661 0.292460500613022 -0.277436940458592 -0.00733336633780156
-0.360664003637033 0.0763226127676439 -0.133983301656676 -0.204800376076962
-0.374293187959704 -0.164618386212197 0.0652407638910406 -0.0571426218613186
-0.206674603063303 -0.263251101677207 0.123546550275636 0.133739409416531
-0.311354685086135 -0.132838885238627 0.126049236223674 0.34785350743462
-0.294946562478676 0.0886160259555128 0.312874546476377 0.277322396839423
-0.0720409226759394 0.246446940449182 0.326620978548894 -0.0149797521680639
0.125274181259368 0.193909013964943 0.157932789523144 -0.145459634407798
0.204594036508026 0.0575284804987144 0.0510329655619961 -0.142919101749146
0.167761999441637 -0.0583430013886985 0.0271160193000432 -0.0916902504616111
0.132754437947697 -0.0956244058346652 0.0590972512252277 -0.0177744753884367
0.129223653244942 -0.080876552157204 0.128626992842774 0.0469493591251068
0.193625372533174 -0.032295142151145 0.152999670590398 0.156793957746584
0.208033207119274 0.095449267426779 0.0743550239279983 0.277296919491104
0.117538689158302 0.212247950993602 -0.129311789001862 0.263043562538936
-0.134568723696424 0.261324856014787 -0.237641156191606 0.044713598228346
-0.32251486138749 0.0398713769657595 -0.104476222340408 -0.163312743759583
-0.300084250605231 -0.171208673773358 0.143273844438297 0.0103203011219595
-0.105691447522205 -0.218097726613648 0.19966446175016 0.220260099454845
-0.220706618705909 -0.153614712645097 0.139131304124975 0.369298383133141
-0.24192883982086 0.0354413999918295 0.264002370039936 0.315135594203721
-0.0713353553611948 0.184952301987762 0.29397988137876 0.0842634700895777
0.0905722707437261 0.147314181849763 0.212601312921306 -0.0585881067229801
0.154399594513483 0.0449124621852783 0.131923466242543 -0.12486939389821
0.128438122976658 -0.0496530667563776 0.0912627953233622 -0.114219697073
0.0951053927878294 -0.0833614261454119 0.10538515861224 -0.047982378884945
0.094372143447863 -0.0726701637543213 0.169815276094926 0.0127389738781825
0.148031827438343 -0.0347334353869247 0.196275705771915 0.131848177451791
0.164398145468416 0.0683393083754291 0.124008546202881 0.269474178786293
0.093020419484959 0.175236651168634 -0.0894301216847324 0.278402599618178
-0.129683145871639 0.200365768122091 -0.203789062273477 0.0760751902710538
-0.25971168673182 -0.0131547114506583 -0.0797695888954115 -0.12330241867655
-0.189444869069103 -0.170833229222417 0.192098246519455 0.0737519104615981
0.0107360799614692 -0.128918896535858 0.248237507394767 0.265273680059526
-0.0908354436267323 -0.125206485353911 0.147108442289996 0.362084440234282
-0.128611510610121 0.000366662491473289 0.231578233689859 0.317029008219836
-0.033757413527775 0.0895599077158383 0.26988905668264 0.135338207926157
0.0483280164995444 0.0636825177895385 0.242191393835831 -0.0153186609040943
0.0769680457722162 0.0184567996610616 0.175757851401125 -0.119117954049497
0.0648634983062404 -0.0338871452271762 0.12902414967284 -0.131432725963075
0.0439835375793407 -0.0581945440828971 0.133196541093811 -0.0702799664951582
0.0520876222034663 -0.0546744450871681 0.192892484963469 -0.0101438003208413
0.0920850974968268 -0.0343170985201188 0.221057064768323 0.115854617227843
0.111208452181228 0.0381423904305502 0.153788927763336 0.264130887164565
0.0615539132228441 0.130000694623527 -0.0708958456142531 0.286934441726222
-0.117199761205337 0.127744951403825 -0.189115375806387 0.0958759116639813
-0.173973461584487 -0.0624648133942411 -0.0694958689785185 -0.0896116940761443
-0.0581121511444984 -0.15062547671867 0.206762573217805 0.128864808659565
-0.0613007098083767 0.088020482569874 -0.2539928540334 -0.100651860878674
0.0680885164605758 0.0352829910038874 0.0467374513568732 0.124721901589313
0.0541949324929345 -0.0542199953791028 0.211416319005634 -0.114450059085039
-0.0413255997255442 -0.0434389466292219 0.0525170973690896 -0.316895130027755
-0.039975066086792 0.0212208261896263 -0.220582284258351 -0.26431859463626
-0.00787366136908256 0.0279378304073264 -0.276386819416635 -0.0630805452541268
0.00702730858739916 0.0237082613003836 -0.202610110243041 0.0563212940511747
0.0220034476676363 0.0142665402727288 -0.139038047611198 0.117701233800215
0.0189418622415819 0.00989435693638729 -0.109937181809178 0.158949010133107
0.0166729017364615 0.0108881283593927 -0.156136586653881 0.167851388509875
0.00855035178881291 0.0264118049320756 -0.234173796039453 0.0790057711742029
-0.00937342445821237 0.0139753275497725 -0.275903363831291 -0.0892140485884275
0.0136624220271772 0.0364560134274546 -0.272777717038013 -0.244176352553142
-0.0353642098754655 0.0726691163078117 -0.218844367549202 -0.336876342391792
-0.136270658908548 0.0501220178794261 -0.292377287390491 -0.268560857747017
-0.179274052993708 0.0270244957252225 -0.218477223303027 -0.105290033870024
-0.0383492483292729 0.0656721198813808 0.0644613523279086 0.142281797445316
0.0102764238010865 0.0267866440909881 0.253211775343106 -0.0943900149135404
-0.00290272069936702 0.0212611439216676 0.0839581062986969 -0.335680156644636
0.0270534260252196 0.0489598494372854 -0.204118828366934 -0.282428728369853
0.0582053828384414 0.0170649909562998 -0.267654659410962 -0.0785324568331409
0.0553909985501279 -0.0126216426960456 -0.195601229861597 0.0474910830725196
0.0702322881894085 -0.0273616622032754 -0.123761731045376 0.113693597214362
0.0786632980969403 -0.025665743093258 -0.0778156935259143 0.160647239327684
0.112864770641475 0.00534415000851112 -0.11306442358197 0.192740645394649
0.0963556743570503 0.0904373896899139 -0.208003276991046 0.142395807619061
0.00586101794993922 0.126717607955449 -0.284463229645545 -0.0172416234783297
-0.0859937374181261 0.128428739781078 -0.298549649988849 -0.195962126025324
-0.187019084125771 0.0718598081561021 -0.222572742896152 -0.296078043467583
-0.270279484351385 -0.0189192205825208 -0.241277601084426 -0.231724072549843
-0.273369282437724 -0.0533540571768654 -0.147892753374687 -0.0834684831510166
-0.158839482206344 0.071082717147784 0.0928840605712241 0.180305692761057
-0.0609678040464911 0.10883240061369 0.312628377178373 -0.043577834437364
0.0251912916299702 0.10342029112994 0.149697191629515 -0.334451603715471
0.0951894109218505 0.0854568710171997 -0.15453123333012 -0.298486747015032
0.126331462370803 0.0102173072589517 -0.232963997767109 -0.105516405063767
0.102458727598541 -0.0455511206571534 -0.168984901103051 0.0219572233496611
0.108005211143324 -0.0652966586541389 -0.0913763073302185 0.0921128786100958
0.120154472674164 -0.0590033125660043 -0.0277906515793665 0.144688438742002
0.182671188606878 -0.0157413841389908 -0.038411949401447 0.203572527682367
0.178678142481576 0.112705360624423 -0.138152992108649 0.210418706804726
0.0610872033578252 0.200871979322848 -0.26566506881052 0.0875872225850079
-0.12131449048039 0.227100323805977 -0.317114132762408 -0.115389924575234
-0.290981665935568 0.103116263857419 -0.220919762975188 -0.247343287270513
-0.364186550557686 -0.059376409630542 -0.16153287057387 -0.179341193671582
-0.322304575783325 -0.136871995818185 -0.0510878995600812 -0.0312073004507567
-0.269568710928524 0.0428427690622133 0.128324192548859 0.230562782374309
-0.152757060887195 0.166120911944043 0.365116063718783 0.0390888410273693
0.0276162057455987 0.189107565629078 0.232367511511624 -0.289093033853694
0.148305250329699 0.128419261057521 -0.0700639556066628 -0.293261014342426
0.183961803498121 0.0107280764571942 -0.166718880429566 -0.133020917048285
0.140399874478978 -0.0702120395816433 -0.121629137135966 -0.0166359641504197
0.129228350590869 -0.0953605681808732 -0.046191260909444 0.0576692766060709
0.138448709652516 -0.084290033530742 0.0312087474648171 0.110935772469868
0.213946620507985 -0.0414871104977973 0.0465804474463175 0.190911657591694
0.231290979145984 0.100046290582336 -0.0425153070516093 0.253454483040261
0.122136457022837 0.223307304488032 -0.209683161325616 0.18432001552629
-0.108975540059698 0.292363755403825 -0.304300035358559 -0.0272248613324634
-0.334644184989081 0.133180961969995 -0.20481392417372 -0.201962571416573
-0.402864703918798 -0.0788872773886378 -0.0603923216673772 -0.124693614376989
-0.313892889885884 -0.202569612669552 0.0584806220615399 0.0454298887197358
-0.33128565326937 -0.0184308325076049 0.161039135016311 0.280213154036768
-0.236520297080515 0.171645369904958 0.383480550544657 0.136595159249108
-0.000992947796148969 0.246228182412637 0.297776543863594 -0.192675479908597
0.167993695413146 0.163805320938951 0.0353671099764323 -0.249249537027298
0.214661985555687 0.0188969769848013 -0.0748067712592895 -0.151343083301787
0.159234787409258 -0.0818628344375803 -0.0578947522046432 -0.0599643438118124
0.130331178543776 -0.111291648581983 0.00530480505532362 0.0150930939703509
0.133691384721744 -0.0976668841659881 0.0864715166568481 0.0665597925546778
0.209211952464611 -0.0582297857093319 0.122160416927007 0.159028449539464
0.240773049096935 0.0769579438487299 0.0497179405122565 0.262889489425512
0.152091768113729 0.210399722453056 -0.138164883478531 0.246060699769936
-0.0883722062106352 0.303591206576493 -0.265294786186988 0.0433313029409901
-0.330984107107068 0.129163330453624 -0.175056247255795 -0.163674473271187
-0.382244583464873 -0.0962149068223135 0.0423013213735623 -0.0713470691487978
-0.246198780239124 -0.225665734197444 0.161278862072172 0.130701155712268
-0.317704876727296 -0.0841457353062783 0.185737721630397 0.319449762294929
-0.269164340190533 0.128230911494327 0.361073771416434 0.218590742901288
-0.034713549109699 0.246220383189985 0.319829446717937 -0.0734310941238122
0.150169256148188 0.168378098639627 0.132075938210697 -0.174283551870121
0.204536760638178 0.0248772383822325 0.0249532670815174 -0.153623363343661
0.151886183446512 -0.0808307017254162 0.0110949727703508 -0.099015478311764
0.112198621497409 -0.110816793053527 0.0547994051083769 -0.0270461503120726
0.111830567856853 -0.0973867434643895 0.132312288553698 0.0209457787445585
0.17887787324092 -0.0615864051607886 0.177641283608627 0.121369694903621
0.214215711528563 0.0559790305637855 0.120168182429158 0.252359270110594
0.145248721362143 0.183564904536112 -0.0775385667296819 0.273750293507066
-0.0829130065368075 0.270645889397897 -0.219460035997259 0.0860172677417196
-0.299625604264564 0.0891201835648704 -0.140207378909463 -0.130782050606015
-0.312016899144657 -0.115099568632146 0.130102516583399 -0.0178448285332109
-0.138494669327944 -0.1979726441442 0.238908473597024 0.201499576254179
-0.23404558598174 -0.115983711661773 0.198710412408949 0.340519450104206
-0.225689482431047 0.0694727575361937 0.316589947002444 0.26531504846105
-0.0427308474196131 0.186884450923738 0.305136250534209 0.030228969049968
0.108775028777325 0.128389044629635 0.198800892019285 -0.0966074279443193
0.155133102304532 0.0200539477341539 0.107315746976662 -0.146440660812805
0.115396599255296 -0.066719482595652 0.0705810612017489 -0.129711405140276
0.0772400473102511 -0.0937267902035564 0.0940133954511035 -0.063329658260481
0.0788694823288714 -0.0844162665734423 0.165890533057851 -0.0173439129903045
0.134091406006331 -0.0568314775344537 0.213632421631255 0.0914453535583548
0.167400399701526 0.0374578153857114 0.165404944092264 0.238202781177881
0.116437554226642 0.150578506687272 -0.0384308074134219 0.283049550762648
-0.0874143598931952 0.212126230998703 -0.183897016021614 0.111161536215923
-0.247960978067308 0.0293226731558316 -0.108851928504419 -0.0990123317589694
-0.206629772174185 -0.131702262905148 0.191442170139302 0.036547474265412
-0.00874804389740914 -0.127874485794085 0.281193415009911 0.233313063902577
-0.104605494092513 -0.10592207654253 0.200163029384886 0.332863593905922
-0.120838416023351 0.019068906128094 0.279994605323219 0.272393484698492
-0.0195917553568719 0.0895755968392923 0.287020587187645 0.0853858480096834
0.0558576206022664 0.0542757115936593 0.23404675749973 -0.0569329059052531
0.0764556261252494 0.00565223259735667 0.150797610205914 -0.144364109853757
0.0563922767686406 -0.0428088069069887 0.104809422609765 -0.150043175779159
0.0319963525415422 -0.0613199329418215 0.117099032626413 -0.0883260058480482
0.0399985863383834 -0.0606295898811702 0.184520955530017 -0.0416565733366654
0.0801607298825386 -0.0486744520650155 0.233071270509656 0.0739900906529853
0.110759991754293 0.0161978431164538 0.191445931567226 0.229069883653655
0.079412354985992 0.111577791045712 -0.0203189289925015 0.288513440359771
-0.0873247972011812 0.140272769572959 -0.167876710049239 0.126487493509967
-0.174172317005103 -0.0285036190951117 -0.0917372033078054 -0.0722342011667434
-0.0789431972309396 -0.13264894352272 0.217700057059415 0.0879172555110474
-0.0578777554713537 0.0871069863711796 -0.249434858335966 -0.0927306266508382
0.065646545688083 0.0323976781773914 0.0472175543555429 0.119292429430857
0.0506075586262022 -0.0548654972073758 0.203335816725132 -0.116236999408642
-0.0413073404177067 -0.0406222841729546 0.0457104414296425 -0.311169217951719
-0.0374687252712561 0.0226828483898527 -0.221250322762854 -0.251211477916084
-0.00623561892073148 0.0271161468059128 -0.271136015074917 -0.0545501833327519
0.00740420152348284 0.0220375119597263 -0.195710493375377 0.0574540890714239
0.0227914727561146 0.0122603863789423 -0.131872773592343 0.11782585582686
0.0201276309800696 0.00871625080957212 -0.102012010817711 0.156491407604529
0.0181003197235471 0.0102925448141664 -0.146577865264219 0.166877311781458
0.00979836126385877 0.0263713560805339 -0.227057443634214 0.0830224219548075
-0.0089414014623185 0.0157186593645724 -0.273225606076058 -0.0817019021965295
0.0129132057132712 0.0340100120296933 -0.271569320792409 -0.231528926789353
-0.0335584125905795 0.0705331149036889 -0.219310368801677 -0.326055243961353
-0.131510620995931 0.0508521501671037 -0.290931031534404 -0.257341185968938
-0.174973279157721 0.0303975877663486 -0.216723665856112 -0.0988514221104354
-0.0366720927392472 0.0640923094830066 0.0643954572959801 0.135771293139824
0.0101300197448007 0.0256690270553586 0.245167637234155 -0.0974537035389711
-0.00267585218119363 0.020645805138627 0.0761902205896504 -0.327912709548265
0.028763014738494 0.0471641024787045 -0.205489678479679 -0.268257439845918
0.0580034195477891 0.0144744195146447 -0.262512490838017 -0.0694898611898578
0.053719373232745 -0.0146927244457592 -0.188663911812457 0.0500705077073389
0.0683453777260125 -0.0296446391692021 -0.116830627024634 0.113345325450343
0.0777598874582771 -0.0273950482393894 -0.0709707705953239 0.156899198264803
0.111556907435743 0.00188785140460602 -0.103271790179957 0.190840753744043
0.0979616835321371 0.085845891500314 -0.198714369768664 0.144943326176499
0.0079473582695234 0.125758844756199 -0.279342505361813 -0.0113256465406351
-0.0824367327396741 0.126778157756751 -0.296032971255655 -0.184481740925546
-0.182541897513621 0.0734185965287606 -0.222339768789532 -0.286326563170495
-0.264898779421395 -0.0146827177510372 -0.241710972634989 -0.222889503614804
-0.268340824486745 -0.0462508048694247 -0.148171763062289 -0.0785391979000792
-0.154010001024763 0.0716608112549034 0.0936097431333247 0.172231826387604
-0.0573700835025443 0.106889735944993 0.305024144719157 -0.0488409314650927
0.0263422042472731 0.0998837111540244 0.139651427955198 -0.327163845826437
0.0960120761304965 0.0805539513714688 -0.156670907379302 -0.285694121038215
0.124343334801482 0.00616697827968173 -0.228632434801656 -0.0970776933538717
0.0991054949636034 -0.0472981985269911 -0.162960066471082 0.0243297457087024
0.10417428687231 -0.0671631077837723 -0.0856409200325468 0.0916592691562612
0.117413761458265 -0.0605123659634859 -0.0213669957975018 0.13959602785509
0.17844774933672 -0.0208435001308779 -0.0298038972194514 0.199382168629986
0.179649942335906 0.105017397026209 -0.127776195450462 0.2104264099723
0.0645594729638382 0.19566103551725 -0.257483019351352 0.0899361775319177
-0.113928626324616 0.224178651500598 -0.312543240883307 -0.105639432695937
-0.28333634565807 0.106952202006848 -0.221040464737558 -0.23916717426718
-0.358318485721997 -0.0523551192483055 -0.162230070947245 -0.173199109633305
-0.318073594904461 -0.126709352804942 -0.053103106405893 -0.0294959196502148
-0.261707004565388 0.0467207714077112 0.12863213401736 0.22011975097891
-0.145360586994138 0.165339014266546 0.358036339484059 0.0305959304387265
0.030883424219717 0.183956023492221 0.220206014802733 -0.284380612358656
0.149105292888224 0.120910660927196 -0.0736361891409037 -0.282340733807542
0.181110858384419 0.00518366728392686 -0.165282981909212 -0.125689339967633
0.135647279823861 -0.0727198625668547 -0.118418117299476 -0.0131329007781022
0.12372193169734 -0.0965224133644442 -0.042571353300006 0.0568493780647154
0.133848062656924 -0.0854706122972897 0.0346409148766314 0.104883029396923
0.208634307164395 -0.0471957701327114 0.0530426561821452 0.183289563805933
0.23036266784541 0.0911749466586113 -0.0324033392694432 0.249191528660243
0.124604501622499 0.215801125012724 -0.200577268954569 0.183585225660048
-0.0998189686175743 0.287705997846853 -0.298966327777081 -0.0198391902828334
-0.325803647356377 0.137854029814246 -0.20568975062507 -0.194813397968479
-0.39635917061922 -0.0704190578504392 -0.0636460109873827 -0.12150458377099
-0.310337506661926 -0.190848474799332 0.0559035363016789 0.0433977941693534
-0.324490282882643 -0.0120488559496765 0.161887274593327 0.268972554924243
-0.226522147417536 0.173232799152635 0.378040601423953 0.125741032362974
0.00537776662804351 0.241022342498396 0.287138362525067 -0.19156580926981
0.168575530777383 0.154906307022193 0.0308067723913712 -0.242706054501543
0.210276792448261 0.0120554013023662 -0.0758374285620273 -0.145335952545226
0.153490170358633 -0.0848237112689681 -0.0575963790548317 -0.0566854042699642
0.124068828084844 -0.111995915362704 0.00661426953518408 0.0144016375692718
0.129459565907764 -0.0983866697612445 0.0873214285523716 0.0609003192225991
0.203149434690701 -0.0625883580056196 0.125647406308781 0.150424645922095
0.238855437178996 0.0678470109625507 0.0585072719402956 0.256809963125677
0.153043209779044 0.201882820387193 -0.1283710873428 0.241930524092447
-0.0787440127364863 0.298099478476656 -0.259571395766463 0.0467876925239222
-0.321777860108169 0.134964839803372 -0.175889689103132 -0.156929515918745
-0.377142822841859 -0.0864572456786338 0.0385984499787075 -0.0711313847728586
-0.245474595314045 -0.215522043984961 0.15837670095458 0.125853603420014
-0.313115475824726 -0.0749783116626477 0.186912206921361 0.307300050232191
-0.259516778728122 0.131291014796582 0.358255692996349 0.206211151265197
-0.0276555913117873 0.241251964620741 0.310207023442555 -0.0746623234886663
0.151075563985685 0.160013487742642 0.127300217672503 -0.170984057302359
0.200317996716079 0.0182339457822373 0.021367571227564 -0.150273280375716
0.145971039007117 -0.0825577292601935 0.0087348030837106 -0.0962292876178102
0.105962801525607 -0.110716142361705 0.0539511400837775 -0.0277302482555361
0.107205708826297 -0.0976175132254832 0.13055815419455 0.0148905568172664
0.173224755986523 -0.0649080117071713 0.178476244579587 0.112841867411079
0.211931983375282 0.0484884814711537 0.127103248521772 0.243292863947512
0.146320891547491 0.174215659104416 -0.0680649989275038 0.267797597414361
-0.0735022878403346 0.265211608454467 -0.213533052021261 0.0881791075963022
-0.291123267376799 0.0952507622940236 -0.140994024262428 -0.124600871041717
-0.309086961382382 -0.105368072037221 0.12522254004193 -0.0201793874368004
-0.139749187295135 -0.189352447558297 0.236934225765062 0.193430018844235
-0.232106943987357 -0.108294991627516 0.200081502560001 0.328937207290127
-0.217887855636586 0.072694936181756 0.314700203189007 0.252831322244017
-0.0369888966838757 0.182558408259818 0.298870501101936 0.0261593791696282
0.109435612708447 0.121991085333092 0.195351082694777 -0.0979418750788961
0.151305031615369 0.01490208676172 0.101314004153442 -0.145818213275697
0.110004355257908 -0.0678516246445391 0.0653365165006827 -0.127580265411378
0.0719542622365948 -0.0921318648717752 0.0910906969613298 -0.0643316923965241
0.0746079338925986 -0.0840926267008444 0.161749017975284 -0.0222881203774949
0.128256503537093 -0.0594224779877771 0.212215058021767 0.0829073211755987
0.164286416773082 0.0318870297699099 0.16996561341101 0.227894035253313
0.116118731113039 0.142723774570977 -0.029368138799535 0.276018509757235
-0.0792306016797504 0.20727890002711 -0.177884290104608 0.111176846136684
-0.241735056315124 0.0362486911349291 -0.110329081181912 -0.0941190671090708
-0.205750550558692 -0.122670612839051 0.185960334408035 0.0317531205178678
-0.0118222966135541 -0.123733862523243 0.280378147364913 0.224737996839141
-0.105224326511382 -0.100255794378783 0.2024756285131 0.321770131159928
-0.116489793596301 0.0211403346947358 0.279856562277482 0.260837637730812
-0.0172478320861054 0.0865881378269761 0.283608524832019 0.0801962121420015
0.0555096728338282 0.050677134445954 0.229349877523293 -0.0607054493199297
0.0747611990758735 0.00392148714824538 0.143691578550947 -0.144527203981063
0.0531159542303779 -0.0433272015245172 0.097401956618355 -0.148489208893243
0.028282350432796 -0.059491187875501 0.112902421007379 -0.0889211953704414
0.036973830786924 -0.0597963185986097 0.179039728344687 -0.0454909293504246
0.0759023817479045 -0.0494446805810214 0.230686615647215 0.0657546089868791
0.108328750453663 0.0135374059087849 0.194424900463529 0.217755390867872
0.0795932466252953 0.105501015784107 -0.0130201547676902 0.281377746540917
-0.0806866768407136 0.137307464929713 -0.161444700757219 0.126022783165425
-0.170285941238807 -0.0224834349989076 -0.0927751103692849 -0.0679596346837615
-0.0804129955044091 -0.125674268466385 0.213362259120876 0.080414533319099
-0.057886122900319 0.0871770274876328 -0.250477379975901 -0.0937542369057665
0.064863412270536 0.032832739819477 0.0457541407132266 0.119262057586964
0.0492502727744986 -0.0553896668407062 0.203173267712674 -0.115771414215485
-0.0421128519796406 -0.0401076754134133 0.0479255800746127 -0.312106177134364
-0.0365248019187766 0.0228873431685764 -0.223381104207376 -0.250866593241909
-0.0049867881215505 0.0265025341342155 -0.272749470305432 -0.0547106419330709
0.00761702104337938 0.0219996775787418 -0.196698667203739 0.0555878607231419
0.0228840500342471 0.0112657798580642 -0.131993562040392 0.117106128641853
0.0209825337054988 0.00802778795572219 -0.101688664655975 0.155748310664457
0.0196174476267703 0.010251600963876 -0.145343441277688 0.166955909863198
0.0111166712482312 0.0264975519379743 -0.228476577587947 0.0833946984066347
-0.00940433459748008 0.0176182813380275 -0.276309974645479 -0.083136803751297
0.011497874913394 0.0328008308754355 -0.27135477205661 -0.232855872123143
-0.0339498440686245 0.0692699371816066 -0.218110241683349 -0.32992538732567
-0.131707879957852 0.0501049944355632 -0.292085561175094 -0.262128865879813
-0.175930408498971 0.0306331886514709 -0.218375981130352 -0.0996032124359664
-0.0376909793721176 0.0631793917919624 0.0626982106093923 0.135115390406894
0.00922984248952654 0.0250902944253814 0.245686919803462 -0.0972782882059195
-0.0031774052951094 0.0207724800337963 0.0782618699394964 -0.328184855971257
0.029986638772876 0.0477942511570941 -0.206050009950485 -0.26835634473201
0.0592412871646839 0.0138471956953391 -0.26333228141803 -0.0698789622586774
0.054261455111519 -0.0151114330499644 -0.188887768083742 0.0488522789894943
0.0692600188600191 -0.0305773695365508 -0.116162919430373 0.113128502761577
0.0786757615726631 -0.0274642094843322 -0.0698270096107563 0.1557778555674
0.113193184381508 0.00124782261875951 -0.101060074279139 0.19024481185459
0.0999828588735865 0.0854956028712124 -0.198705483557552 0.14586750644812
0.00872312609501293 0.127383655086484 -0.282320592844227 -0.0125216689380469
-0.0843120259400656 0.127014933251151 -0.296730344551514 -0.18525211243661
-0.183882139268528 0.0723472996142876 -0.221766025217095 -0.290695937614283
-0.265796037764852 -0.0163108051659443 -0.243274954889802 -0.226891913079162
-0.269646557702248 -0.0464971702459246 -0.151171789666668 -0.0792394307995168
-0.155205226906563 0.0711134065601888 0.0920577809554933 0.171273642486669
-0.0581529197137583 0.106583694474318 0.305921723766638 -0.047090269276301
0.025982800310849 0.100052729243489 0.141628475844403 -0.326663345364778
0.0970773714942054 0.0808786130036422 -0.156165230618894 -0.284812103936613
0.12552478940416 0.00503963383871417 -0.229217266565561 -0.0968596436016593
0.0995934679284254 -0.0485349311504445 -0.16253218243899 0.0241034137501063
0.104512680549168 -0.068507959631872 -0.0847034727557194 0.091581366678209
0.118774996347204 -0.0610095237701668 -0.0196417110404928 0.137749267114572
0.181077008008285 -0.0218150786085216 -0.0266794569970154 0.198285476643742
0.182672859254339 0.104102257862154 -0.12598876537935 0.211690303483838
0.0654311897686636 0.197554578325444 -0.260640983949679 0.0898712274391223
-0.115900900738173 0.224865761080179 -0.314534207811158 -0.107341711934834
-0.286357590295285 0.106508928647821 -0.221928063750012 -0.242572669176042
-0.361361352487313 -0.0537715854079921 -0.163543763817941 -0.176191502741077
-0.319433005123148 -0.12800720977186 -0.055613659530923 -0.0295403232215615
-0.263332468093817 0.0453516217080614 0.127168746496081 0.219616285862447
-0.146219097468256 0.16517991464199 0.359972264949586 0.032064438682561
0.0306359268341847 0.184197880441684 0.22222680342349 -0.281749402460255
0.150674695692157 0.120925246538102 -0.0724002955827901 -0.282093332999184
0.181919524837153 0.00364418427485401 -0.165334857886983 -0.126078056330617
0.136299108977032 -0.0736297752673103 -0.11858413246213 -0.0132977727327747
0.123531372478737 -0.0968891202632538 -0.0412670381430222 0.0568023080414412
0.135309134670393 -0.0862587823028091 0.0362983639155427 0.102826619229577
0.210396526238516 -0.0481718163286975 0.0556619057976428 0.183061382640808
0.233661188439857 0.0900770251526121 -0.0289416282815382 0.251353707730599
0.125441975790148 0.217003391143959 -0.202332646699057 0.183946198302977
-0.100950192540407 0.289416827375945 -0.301804640685114 -0.0212558973396974
-0.329064454590591 0.138525279598452 -0.207407548318989 -0.197701345890679
-0.40082028576668 -0.0720791529384481 -0.0653148880722828 -0.12327366002129
-0.311577076444734 -0.1927418133252 0.053338947370272 0.0449690467142826
-0.326283770020193 -0.0133160583036876 0.159946898758953 0.268449797205145
-0.228046949988424 0.17359942771005 0.380529663283336 0.128276075631155
0.00525229290578749 0.240905243374882 0.289092078833009 -0.18795610912928
0.170034306875649 0.155030710148502 0.0337961320894108 -0.241769506992298
0.211853013906365 0.010825480780088 -0.0752803050876913 -0.145847755153598
0.154092498998274 -0.0856697806212928 -0.0577399675992626 -0.0558903623035846
0.123894635955434 -0.112264603542164 0.0083978689391281 0.0137300487497326
0.130352998405625 -0.0990948022812976 0.0889928791083402 0.0583744336696876
0.204384449890195 -0.0636948356609382 0.128883658529709 0.149264767667758
0.240952471860667 0.066988831497122 0.0629330512506308 0.257659423465911
0.154085604062759 0.202116988638989 -0.129201944320262 0.241839303501914
-0.078874848534012 0.298556631563243 -0.262255765339142 0.0456432539966335
-0.325154744538899 0.135671542882896 -0.178341395007376 -0.158319533472663
-0.380546565240083 -0.0884632350872987 0.0367635293810565 -0.071561593238091
-0.246995334531209 -0.217129723222531 0.157112525930781 0.128573824094304
-0.315493374549668 -0.0761399029917675 0.185532455610153 0.308264408334371
-0.2600219444556 0.131306282398284 0.359151186034239 0.208495258140851
-0.0280618347098465 0.241556345779621 0.313337580801419 -0.0708199044401828
0.152280311382321 0.159415226679723 0.130671713404735 -0.170254364337981
0.201107431260868 0.0168471059790357 0.021297467005352 -0.150449817774191
0.146096762075331 -0.0836283028415674 0.00844732274211944 -0.0961419077381331
0.105068658170128 -0.110358930700298 0.055594016495649 -0.0287765310319732
0.107542858476117 -0.0979593437492946 0.131729969445394 0.0131149101891004
0.17376107010133 -0.0662134271899841 0.181125422680596 0.111186111737606
0.213711400340884 0.0477234369500021 0.132094306218129 0.2439591775591
0.145742830945287 0.173780959757128 -0.0679976753350357 0.267916803862241
-0.0732783390271256 0.264466414266592 -0.215860847720701 0.0870105232079161
-0.292903621712398 0.0963166314702705 -0.143511153229642 -0.125334589724277
-0.312321467812759 -0.105885915614572 0.124254319699942 -0.0204953992316857
-0.140621622337394 -0.190650928056184 0.235985149733322 0.197415478937798
-0.233523236876996 -0.108393594327073 0.198063405676204 0.329618282697022
-0.218684359919789 0.0721183969771116 0.315955926820524 0.254219018455162
-0.0371316628940997 0.182314347508684 0.301365490400611 0.0298425790445464
0.110255342119736 0.121324967646502 0.198492531042428 -0.0977701304479306
0.152267162990386 0.0149253335840059 0.101938310695808 -0.146319726056505
0.109958261658193 -0.0687413369453476 0.0644463353649432 -0.12723528338413
0.0709505808561471 -0.0909265045262755 0.0924683049854189 -0.0649961989970177
0.0745311097403263 -0.0840248791372434 0.162782319387055 -0.0235782800086765
0.128119998744423 -0.0593153295770829 0.215272059475515 0.081891721123459
0.165416153546309 0.0318908137949544 0.174373858285357 0.228393327501916
0.115728938905291 0.14236153840536 -0.0289086494047805 0.276342527436945
-0.0780696344332955 0.206053323112697 -0.180086566384956 0.110018428164561
-0.242622132445976 0.0372820219581163 -0.11233388278972 -0.0940526514715608
-0.207415664843515 -0.122606081474173 0.185565578571446 0.0316553207052288
-0.0121947141797836 -0.123571527528838 0.281025657160181 0.2298457428878
-0.106276291765304 -0.0993333270648133 0.201154015315921 0.325343253067614
-0.116029841413331 0.0211452196752998 0.281062928608834 0.26225743564947
-0.0174021220960111 0.0858721170996467 0.285961661652835 0.0832150574243966
0.0552180987038235 0.0501034764809118 0.232926509916043 -0.0608205288075564
0.0750537784873676 0.00335952491892614 0.145178745573673 -0.145107632979561
0.0522606113233371 -0.0431052744462764 0.0971200257398592 -0.148573766117465
0.0271934942696346 -0.0581307892971045 0.114154625567892 -0.0901183486319193
0.0362257370131212 -0.0599785073227164 0.17976518196784 -0.0469027273011374
0.0746364846470119 -0.0494969435460806 0.233228769109686 0.064889884532506
0.108147410665671 0.0135084374704051 0.197704121733816 0.217521741447752
0.0788702039553932 0.10457143054739 -0.0120521644795059 0.281623637834511
-0.0801175379176236 0.136320847506206 -0.163192932670029 0.124625075850585
-0.169894484057964 -0.0210382965520227 -0.0937648693261812 -0.0671184041235379
-0.0808337790011536 -0.123877863114202 0.213230214637913 0.0801073540722219
-0.0603875703585132 0.0914984943389674 -0.261758739069736 -0.0977610626492407
0.0665743465666223 0.0337579959648943 0.0451386397609906 0.124023974648227
0.0496272749835509 -0.0575056811359421 0.211315240270226 -0.119445372311213
-0.0444008186903763 -0.0406435620770044 0.0512111908425732 -0.326864979456263
-0.036317560983602 0.0250224302966721 -0.233368613416836 -0.259536712231761
-0.00463844573118386 0.0268644718030339 -0.284694300838079 -0.056488937220592
0.00865112205952966 0.0225616884977595 -0.205831212501288 0.0564970384112755
0.0247117746014245 0.0104514921917592 -0.136574389423449 0.12115039571116
0.0229924095403502 0.00746941610947177 -0.105308088282465 0.161344090975213
0.0217259404531008 0.0107409534924815 -0.150458744233804 0.17338665021094
0.0127656832124321 0.0282416140513084 -0.238558317216722 0.0867504325014872
-0.00984263726663207 0.0202067157132934 -0.289283431830391 -0.0871627637750149
0.010239351844119 0.0337129533771791 -0.281862869158483 -0.24183962112055
-0.0351839310956017 0.0708144450642878 -0.225871354421356 -0.345614506520416
-0.136999769509543 0.0514770317035867 -0.303677371721376 -0.274798527410216
-0.183308721764812 0.0320018044144793 -0.228793266413071 -0.103702063202552
-0.0396853316549838 0.0651881638276874 0.0626559096985324 0.140049257139901
0.00797538614296969 0.0253725294907376 0.255468229857038 -0.100135145300841
-0.00422097223366119 0.022120839193287 0.0833451826409913 -0.34204619573408
0.0327765300613768 0.0504258425846607 -0.214750945426461 -0.278182168074153
0.0622605304796901 0.0134325906309085 -0.273550651061635 -0.071813361429245
0.056677077748072 -0.0161698915052706 -0.195871396498204 0.0493211359826685
0.0724038713689708 -0.0333054362607077 -0.119190659631629 0.117024949477268
0.0836509224442671 -0.0296088195165076 -0.0712950154868217 0.160129127315436
0.119427775261695 0.000114537888038616 -0.103233516724374 0.197384873841058
0.105732469402941 0.0884940113566679 -0.205221552151632 0.153272914090866
0.00896579235981097 0.134885075792658 -0.295851624680968 -0.0134362426131106
-0.0895792535006681 0.13183292497895 -0.309184967217419 -0.193559295340634
-0.192868519952666 0.074241772328917 -0.230985696687609 -0.304789482032511
-0.278147940785317 -0.0182016551535377 -0.25438061322896 -0.2386193752489
-0.280828495653512 -0.0481206429042403 -0.159193570841503 -0.0824940625543443
-0.16179189633092 0.0730242188308316 0.0923894271851403 0.17699948163364
-0.061257494543871 0.110894543523643 0.318898917978209 -0.0481942158773837
0.0263521385729068 0.104661733936652 0.148998388670801 -0.338801452474957
0.102567977126502 0.0836673727014808 -0.162433483191606 -0.295371426191344
0.13119744499767 0.0043108194254564 -0.238759198681689 -0.0998168967869978
0.103693330947418 -0.0511183250846041 -0.168629939255996 0.0245864230776996
0.108492572169622 -0.0721488401427091 -0.0865592803117798 0.0945739965259413
0.12530813077921 -0.063819221687759 -0.019037637805373 0.141049063497345
0.18930975269598 -0.0244172731609123 -0.0246965592055199 0.204964358663836
0.191785324205062 0.107056482664246 -0.128281894134132 0.221386857296163
0.0683903225386236 0.207399010213534 -0.272654473244837 0.0924926590069321
-0.122176744666723 0.234929538775102 -0.328805719354613 -0.112474260232715
-0.30024118978427 0.110713779542435 -0.231474040521708 -0.254965562657912
-0.378435652641494 -0.0588425598365496 -0.171878736109909 -0.185458515913406
-0.333551576395532 -0.133127926594965 -0.0604090275865311 -0.0293999690761856
-0.275004161511445 0.046996208068927 0.129066915382392 0.227481373573858
-0.152528064238892 0.172086430195533 0.375132563897054 0.0348809518680876
0.0315349853905363 0.191845398494412 0.233273634063174 -0.291204929205748
0.15799712956038 0.124919094455109 -0.0740441109725613 -0.29194549103208
0.189976538625112 0.00233366097215528 -0.172247822292636 -0.130073929910354
0.141487495196182 -0.0780110694682917 -0.12248374077819 -0.0138427830155258
0.128145132543391 -0.102280062297796 -0.041060077831095 0.0577667371172713
0.142218075020125 -0.0903968183699765 0.0393886002808683 0.104461827920756
0.220247435645724 -0.0518486277237154 0.0617640629117847 0.188257816887053
0.245271071349837 0.0914410984557917 -0.0256266294602447 0.262581022933434
0.131484479497364 0.225946864546355 -0.210086089955201 0.190466498706371
-0.104882556277825 0.3015867928867 -0.315661720902873 -0.0235252997311102
-0.344340895163065 0.145561987932074 -0.217233392359182 -0.207578250758423
-0.419854091451197 -0.077371232203838 -0.0695986957932652 -0.129660380762249
-0.325456102210201 -0.201343693557662 0.0534998324885013 0.047592340553165
-0.340521033464189 -0.0138839385987186 0.163555461296515 0.278374183069113
-0.237800250711357 0.179905364287267 0.396591317338638 0.133838691479943
0.005396865039275 0.251329794226193 0.303233879307966 -0.192580397822273
0.178517835583833 0.160231432391639 0.0373943152458228 -0.250499627425005
0.221057248992354 0.00980612335848605 -0.0784911181566052 -0.151391755973131
0.160322812545061 -0.0906585660740536 -0.0600090899761178 -0.0574820186332658
0.128105906528267 -0.117004044296603 0.0100224927657405 0.0134236480420509
0.13684409574116 -0.103550672464567 0.0939993138430942 0.0578638445651298
0.213921652542492 -0.0679783494655321 0.137625545950825 0.152646392451431
0.25364917730882 0.0674538757806039 0.0703423180212493 0.268465836226466
0.161184079374502 0.209824361194577 -0.132981550702424 0.251571950992069
-0.0813463711046645 0.310881354307782 -0.275127259030715 0.0474888101121311
-0.340067485560957 0.143067800488739 -0.187683608624914 -0.166095407095647
-0.399174988978638 -0.0922251711125616 0.0363715976259883 -0.0752233164713449
-0.257565584433131 -0.226200865552851 0.16175956134853 0.135313037728033
-0.329132188476656 -0.0789487065940127 0.189994673356887 0.320077332455572
-0.271150918548546 0.136205194436536 0.374186225788524 0.217549300191132
-0.0288260751820622 0.25131528272891 0.327934585420221 -0.0706025362764824
0.159286999607718 0.164650526136293 0.140043046700534 -0.176514763593677
0.210689363307508 0.0166491999074828 0.0223621654034536 -0.156646094140835
0.15148719149296 -0.0876631341539893 0.0083404636239064 -0.0992418328412205
0.107888032681196 -0.114167593426205 0.0584470797339602 -0.0307630265693313
0.112667447811277 -0.10220622437176 0.138354046028386 0.0112216156121272
0.181085618504219 -0.0693301781081502 0.191178262136874 0.11329581571787
0.223025116878061 0.047398286575698 0.142000300885102 0.253249132566473
0.151226398180802 0.180094720348722 -0.0693948225125812 0.278595674602336
-0.0750334898029341 0.274289036108513 -0.227371486714066 0.0897707871232534
-0.305670252954428 0.102117778487935 -0.150688004255654 -0.130699840115681
-0.326732639181019 -0.109431933108256 0.127964261584652 -0.0217518978692787
-0.14701826672771 -0.198833297063018 0.245597480953186 0.208022179708863
-0.244251848522181 -0.112253605554716 0.204320755417078 0.343761713611629
-0.226532694604634 0.0752684498913015 0.329739257627416 0.265158501001039
-0.0387048287591748 0.189471986413055 0.314877180338023 0.0339322569356984
0.114944689968562 0.125251462553246 0.209651096163702 -0.101843872911752
0.159290143898009 0.0138717408778689 0.10668490069457 -0.152171185444346
0.113645553588442 -0.0717236521675131 0.0667944576457368 -0.132242602991303
0.072824929446541 -0.0938642223025838 0.0971230355623149 -0.0690554653602106
0.0771408682570405 -0.0869213189204699 0.16995750318927 -0.0259640293306738
0.133162220393884 -0.0626139437558345 0.225840493762863 0.0833424556239257
0.172549697973177 0.0321501559817216 0.185191358515045 0.236144442557554
0.119601424439576 0.146487042136028 -0.0292337248100271 0.286693936402042
-0.0809682456600699 0.213390338220817 -0.188830561330823 0.11361754031591
-0.252219167323195 0.0409036463513161 -0.118260046840143 -0.0974136636378046
-0.21633478952436 -0.12623615438619 0.191829564036915 0.0326525006155655
-0.013448084999586 -0.128158436663905 0.293389196259888 0.241941047852239
-0.111327087515336 -0.101506261178692 0.20835971889289 0.340782698511084
-0.119814647043125 0.0217466918534066 0.292191312699333 0.27348921448045
-0.0182378876093123 0.0885361307450592 0.299903615143649 0.0888421881380136
0.0567544725594525 0.0512301650769629 0.244523901873326 -0.0636472435791734
0.0788014624497202 0.00304201350911408 0.15142597351763 -0.150579936890453
0.0535597463435422 -0.0443540815503591 0.100524195310621 -0.154098111791601
0.0270109578338013 -0.0588140829926787 0.118867523176347 -0.0945990694442083
0.0364146259086377 -0.0620447173310165 0.187180941655787 -0.0498527103223807
0.0764980964864471 -0.0516069611463432 0.244347258922918 0.0662330083156991
0.112261322983224 0.01371075378975 0.208229125308 0.225381469242486
0.0810276716982028 0.107455570258671 -0.0116216548239164 0.292217842972393
-0.0823474306539367 0.140063240945459 -0.171187903154103 0.129174509882999
-0.176859767954069 -0.0204036811793609 -0.0992943927542328 -0.0693757971305302
-0.0843546000179926 -0.127231170616215 0.220266906184583 0.0826977129271941
-0.0612723127939212 0.100087035433378 -0.28479066148177 -0.0975631008566028
0.0715265141383339 0.0343556367443296 0.0499214818255727 0.132786834413469
0.0495551071262679 -0.0630775007597573 0.222333848949775 -0.132984877275096
-0.049138121552896 -0.0406459242778277 0.046942533286899 -0.352714697317081
-0.0368616876171397 0.0284836921761217 -0.259441283652374 -0.269794334554983
-0.00354398551013916 0.02816145472119 -0.307560797103849 -0.0511953111458419
0.0101405603030202 0.0232294742403271 -0.220614161040633 0.0648041584052094
0.0271285041078307 0.0097256038427076 -0.142733879720319 0.133458530357842
0.0268252272922156 0.00644186997642678 -0.107880272376442 0.174684274238289
0.0255369082347329 0.010202340090932 -0.15413650859844 0.189692887027545
0.0159493593436565 0.0295666083718234 -0.253527774669516 0.100445937771326
-0.00975499566309374 0.0234525719499997 -0.31516433683378 -0.0863683987540809
0.0102779451902934 0.0360472109277545 -0.309032557129291 -0.251522746048792
-0.0355476191966096 0.0749304564631838 -0.250798915943832 -0.367822285298423
-0.14472156674017 0.0580637184184175 -0.33450964678898 -0.28998676792286
-0.195545763147031 0.0400802973064811 -0.250887544680463 -0.105035053765719
-0.0415549942806204 0.0711557929777153 0.0679654233055622 0.148327692431756
0.00801976479394643 0.0270438689695928 0.271130313285116 -0.113735519195375
-0.00484778634344216 0.0249733365014178 0.080489879062727 -0.369456364990658
0.0381554804233793 0.0535899545638778 -0.238919943690471 -0.29014165379963
0.068023731571388 0.011733592108881 -0.296423806651394 -0.0685081044291782
0.060898876509557 -0.0195758125376522 -0.208929702256226 0.0574450691797468
0.0765797496574577 -0.0387010327369955 -0.123693240972384 0.127633189029662
0.0905701085117375 -0.0350706892828951 -0.0706115633600453 0.17209022656863
0.130424304483291 -0.00404515847546473 -0.102199158412801 0.213680035782498
0.117896782463768 0.091266514147653 -0.21497711524533 0.170581420171611
0.0140716662767538 0.14588950226335 -0.319978679151367 -0.00739091947307549
-0.0939968862233354 0.144351642211444 -0.338607951282184 -0.199399278887748
-0.20521310954627 0.0842295178882135 -0.255458872174318 -0.323172007713083
-0.299506454706264 -0.0133753358865279 -0.280069979954699 -0.252255408712285
-0.303278909627862 -0.0428232146638972 -0.175417966808142 -0.0838196531375928
-0.172491431125423 0.0829612204379522 0.100291607798756 0.187103660838666
-0.0633905078441044 0.120036337664431 0.340117830592213 -0.0599172842452053
0.0302905056349441 0.111763071604574 0.152628340258987 -0.365868096545205
0.114047486978419 0.0868404686546286 -0.182069902436695 -0.310740571005206
0.1419306933019 -0.000647293898894936 -0.258578177150225 -0.0992519426373627
0.110109090393725 -0.059388202673851 -0.179910571602871 0.030484431019013
0.113970945825627 -0.0816174133961013 -0.0882690813694157 0.102588227196773
0.134332769728965 -0.0739404796486307 -0.0150829781164717 0.148881183007911
0.204148332891227 -0.0337985987766784 -0.0178485479315922 0.219331097052297
0.211249920123842 0.107111470459899 -0.127871510447333 0.241810854023348
0.0807068711024368 0.221595389600722 -0.290677762284796 0.106989594415302
-0.124864038375443 0.256155032822074 -0.357246973135994 -0.112438157453182
-0.320225029284233 0.128484463212099 -0.256342925467326 -0.269132005392582
-0.409341060951712 -0.0537645036388266 -0.191653435896196 -0.19599536290507
-0.362158017410454 -0.134277306751879 -0.0688304703826399 -0.0295026913450047
-0.294998790252265 0.0579032328594855 0.140062871511599 0.239308698285914
-0.159235217066438 0.188433241596561 0.403645894563295 0.0280774354924812
0.0389286859315718 0.205691753944924 0.244357654385489 -0.317309180835401
0.174474614489474 0.128853570812735 -0.0862336899472445 -0.309762119588636
0.205051491830371 -0.00457724247020613 -0.188072415193904 -0.133842504726816
0.14997931947386 -0.0882135646546132 -0.131162826838636 -0.0108419915358595
0.133887991186428 -0.11383015034055 -0.0409171533357378 0.0617529231343198
0.151901142898074 -0.102229527109041 0.0470749319834009 0.108375076964108
0.235693725244368 -0.0649005036562126 0.075756258978017 0.197201765590013
0.268255089946921 0.0887154732229313 -0.0155578271311086 0.282720803543173
0.148900048277974 0.239505037717445 -0.220673913366901 0.209824742527912
-0.103931188909589 0.32738077632239 -0.342468041538236 -0.0160298449861677
-0.366726846607613 0.167717904103496 -0.240456865543714 -0.218002782462897
-0.455461378415074 -0.0712033946967514 -0.0801258312391658 -0.138526907298321
-0.356672472158402 -0.206952376989566 0.0563615755121042 0.0514796419051519
-0.366844096339254 -0.0047842189710162 0.179336137726765 0.29345988088313
-0.249756662489505 0.199995417372361 0.429728307651518 0.133669842423785
0.0132514360862317 0.269421186463061 0.321814322355931 -0.213022036244755
0.197738445608544 0.165978679372726 0.0356239107155477 -0.269000099668279
0.238408862309477 0.00245742076974243 -0.0882783212526344 -0.159827179264292
0.169137658749241 -0.102215781043056 -0.0660176584813242 -0.0595188055802591
0.133135039561935 -0.12929889479434 0.0124115199787812 0.0127123882024927
0.144497920926819 -0.115755394544327 0.103553282679876 0.0568006616146274
0.228025481604979 -0.0813784252990222 0.154621378830724 0.156894521233815
0.275081978119006 0.0626262660109123 0.0881913590556463 0.28536587688262
0.178174366419353 0.220179915696347 -0.135817757891513 0.2725645784027
-0.0779316308969576 0.335973421588958 -0.296483917099818 0.0575544198343875
-0.361484037940684 0.166261634923482 -0.208392472418911 -0.174168783793381
-0.433893164986981 -0.0879728486321845 0.0346242024123601 -0.0825440562916357
-0.284713596157282 -0.236143363343079 0.176300174665977 0.14303304086726
-0.356853948084859 -0.0744403451037579 0.20972697737748 0.337996637379836
-0.286953494941588 0.154119431123293 0.408512506050596 0.222681018802627
-0.0236635648480434 0.27057204609921 0.352179083766127 -0.0823249987716126
0.176761848505284 0.17166933879482 0.147762524526574 -0.19279370571908
0.227517427712886 0.00984724833659412 0.0202885114317107 -0.168598319172395
0.159288870367307 -0.0997298060337095 0.00619008126019571 -0.105889766968179
0.11077074009203 -0.124822911505449 0.0627208728714148 -0.0363727516514035
0.117755056008043 -0.112996727624283 0.148982071169296 0.00543672230991204
0.192111939584601 -0.0809090296207745 0.210351434611639 0.112752308671835
0.242332748696981 0.0430246053596317 0.163839209019975 0.26609173984763
0.167388301406225 0.187773551231819 -0.0644913010289427 0.299356200021109
-0.0711739265457726 0.295859533184671 -0.243380864315924 0.101986473757539
-0.325502499794911 0.120578581788063 -0.167718540274479 -0.136219670088538
-0.355992604886959 -0.107682902738751 0.135159007994861 -0.027670373276075
-0.165039888696105 -0.20887001182362 0.269090406665405 0.219205781908812
-0.266061308651939 -0.11174111110571 0.225466006505386 0.364917952162735
-0.24097057796132 0.0870202376136527 0.36188694132636 0.27550914108109
-0.0367230405354597 0.20373446509565 0.341576290008536 0.0298237888194418
0.127023553424562 0.130026303864746 0.2251876586806 -0.115648413925964
0.172178556166743 0.00876702752028093 0.110106235570235 -0.166258371769834
0.119129056037654 -0.0805484346616612 0.0678437572525175 -0.143245448722272
0.0735076492469858 -0.101097604282443 0.102433525384361 -0.0781829003597981
0.0793177760853872 -0.0955422087798053 0.18153780986695 -0.0352184312122846
0.140475442010922 -0.0709337985577513 0.246120233455292 0.0804880967750936
0.186321447994492 0.0281329550401432 0.208974748417966 0.246680568888834
0.131117986071218 0.152578809763285 -0.0218534433139747 0.307640154971057
-0.0793055199706729 0.229274448238069 -0.201047916463823 0.126727255715956
-0.268771638608178 0.0529831628662539 -0.13077593942593 -0.101409862740142
-0.236686557209248 -0.127232193647598 0.204991937762152 0.0287109093163558
-0.0195544838401212 -0.136162192796435 0.321972844337073 0.254205444944354
-0.122512826136725 -0.10370986885687 0.231459048018177 0.361808456386971
-0.127223091646574 0.0269507257428912 0.321817830682677 0.285225137274383
-0.0177267084546869 0.0940224052642563 0.326102736443024 0.0881266993268237
0.0623312554462688 0.0525386006729134 0.263014041615008 -0.0765582400728537
0.0850361368657487 6.12729700159376E-05 0.159013227548649 -0.166107978310317
0.0555608990017085 -0.048933022741629 0.102882496990553 -0.168143932422118
0.026279894248513 -0.0621987871576425 0.125211337622984 -0.106348489840922
0.0360299991068205 -0.0670812594199122 0.199981673485159 -0.0603313921841919
0.0793334691725627 -0.0572602075927938 0.265738872787315 0.0615359072823462
0.12063854315628 0.0111732335995487 0.232276217208118 0.234872097067937
0.0887568353178612 0.11162499931787 -0.00365874092635455 0.313008504856957
-0.0826879607844966 0.15117346642149 -0.181602644074439 0.142771660149508
-0.188682106086704 -0.0149781586576782 -0.109009226263885 -0.0710651166256908
-0.0929581185296398 -0.131870950673294 0.237998408456837 0.0814912450589678
-0.040839515909687 0.119779154455955 -0.33044986089384 -0.0553120116611523
0.0815289049311432 0.0234115191798185 0.0747701961825609 0.133765472998967
0.0385365671996109 -0.073150236540019 0.210392103648808 -0.18178674005165
-0.0560204361632266 -0.0301102109418903 -0.02423002121819 -0.383871608047796
-0.0274691363699745 0.0337981848399296 -0.331368921478524 -0.230980889546405
0.00381820485723293 0.0279935473015851 -0.339365841231292 0.00923898646262939
0.0158878393055566 0.0219710835063713 -0.225694206758212 0.11599886010516
0.0302784995199242 0.00269290883799387 -0.125858696282585 0.168460489996409
0.0286308165186029 -0.000412712428732375 -0.0801981357124671 0.205840566239473
0.029360843259824 0.00369038038996291 -0.125332666124694 0.230756684047119
0.0227417877413868 0.0251788001438384 -0.251956740541184 0.155607264140442
-0.00323375927952698 0.0292390683379649 -0.355099795683831 -0.0310839061582095
0.0170697832740064 0.0357868960067052 -0.377826736980355 -0.207808263405407
-0.021852226013188 0.0860406361701397 -0.335530480380556 -0.342379424422339
-0.138930363022872 0.0913006778624505 -0.414329897149383 -0.248662195325657
-0.199173733457762 0.084147111237767 -0.284098624751739 -0.074567513078449
-0.0336900177171898 0.0839779813381335 0.10004847798938 0.142500019566705
0.0110071236056489 0.0307385937376549 0.265394642166379 -0.1773675277446
0.00274822741729978 0.0317044153188771 0.00616285029056571 -0.411053842089955
0.0562414865392578 0.0464707787430866 -0.317698974681167 -0.258414998827088
0.076695636831667 -0.00293459549682178 -0.333813214054128 -0.0105464779114376
0.0616285595113609 -0.0328149668922697 -0.215193377554578 0.105177780294397
0.0732884284750443 -0.0574880762935606 -0.105415629199607 0.157772905506203
0.0884732283929811 -0.0566226800644063 -0.0418497418832755 0.194417467632578
0.13581767128334 -0.0328668062924626 -0.0645927603934183 0.244126209645547
0.142061216292515 0.0690186477261311 -0.19573935707761 0.221528967761303
0.0446262590302299 0.153394644675474 -0.343830216781737 0.0525408297548908
-0.0705569560187444 0.170563414539113 -0.397316228791448 -0.146587879546943
-0.198822948377969 0.12826003667975 -0.332254135507347 -0.290824006968935
-0.315374485781874 0.045029860386012 -0.350432010907144 -0.217395518779631
-0.334753765903545 0.01777257927463 -0.186815601287683 -0.0688951098173636
-0.172040863388299 0.120841584786418 0.146644425069955 0.173185082069093
-0.0478596800511103 0.143676336662053 0.352172595875541 -0.142075955258829
0.0548427603575775 0.117810168292184 0.0797905182161365 -0.425389721294313
0.142590428359049 0.067943791335625 -0.264936660828387 -0.29315596844164
0.152691788804924 -0.0299803798422538 -0.303134699525521 -0.0511339546796965
0.106208707007564 -0.0833932867380229 -0.191099411144587 0.0712589425503283
0.104936156542154 -0.109629706733417 -0.0731002781370099 0.124397551224969
0.127108742051547 -0.105651219252958 0.0132977001257534 0.158364621329928
0.206997507587933 -0.0779241973739157 0.0261313651965525 0.231784522522493
0.24247148329001 0.0666700393098061 -0.0892287638213585 0.280233384458814
0.12822173098282 0.219368894920398 -0.29121359372523 0.165721193464652
-0.0799128814247341 0.294935999246687 -0.398948284544921 -0.0503679809624675
-0.309768095210671 0.197580597016094 -0.321770235416343 -0.229696644836493
-0.438598338742077 0.0238987604080757 -0.24622992845022 -0.174586798649617
-0.419896929765149 -0.0665505028362902 -0.0502470920371739 -0.0312787849038005
-0.308819514899672 0.117629797076325 0.204929432288077 0.218040442730571
-0.138136767820703 0.234838595294627 0.441219597545052 -0.0689443047768109
0.080372255432891 0.216333496817299 0.188990995913447 -0.397399813744091
0.213813320154602 0.102689730381811 -0.165956934464666 -0.314801519792018
0.219118225309468 -0.0456011712716568 -0.237028755608136 -0.101626541739632
0.143174842815817 -0.122363038769758 -0.148768675263385 0.017203070221873
0.119010980274949 -0.146775319992894 -0.0310105951406617 0.0720642793692819
0.139833602208006 -0.138439078507761 0.0714552779946953 0.102055684569251
0.234038241989294 -0.115315346355503 0.121026958398994 0.189510380132808
0.296505501919393 0.0364456015605701 0.0392240702503536 0.300812504016931
0.202598245291795 0.223413918154608 -0.195895985873702 0.261205169147742
-0.0426936238874151 0.36383820574161 -0.363932914273615 0.0483047599667239
-0.351385610149046 0.247798970216051 -0.294432539813512 -0.176501432823324
-0.491553718323893 0.014266943997497 -0.116288252412454 -0.132940568962459
-0.431359651000519 -0.146471111914117 0.105950369660825 0.0347004817341542
-0.399510688956162 0.0646158513830229 0.262782968868148 0.268013126764063
-0.233857560468845 0.264035157635228 0.49580270433171 0.036168002323481
0.0634908002913555 0.289083530058158 0.293749746572474 -0.307617081922339
0.243817304544097 0.137916014494172 -0.0286488515961221 -0.300237938239811
0.255474589316194 -0.0450187488915482 -0.13806417500951 -0.149712177695774
0.160624847647917 -0.140859075005297 -0.0893000096417335 -0.0491093614003607
0.115685496408209 -0.161270759934891 0.0159573799185025 0.010011704611821
0.129092438727014 -0.150685020817207 0.120787375401898 0.0364011273553292
0.222800589220206 -0.130196014043646 0.19643272508645 0.130207507164196
0.299265070989991 0.00843642249208145 0.151279539940186 0.282827725230708
0.230420827362094 0.197001183965524 -0.0924690765767482 0.311242138288603
-0.013250806934609 0.367088049215646 -0.300827693219258 0.116934596185496
-0.345648186716533 0.246609047626611 -0.25185288890748 -0.13627919983796
-0.47160380800036 -0.00687392857889931 0.0172168576402421 -0.0951381422813206
-0.361255768291704 -0.192276540997556 0.252382388504242 0.113958072878897
-0.401987807972763 -0.0122516289758526 0.306370968867921 0.313424853719796
-0.28181966973703 0.221166716855083 0.493996036425311 0.136857614691618
0.0221623194985911 0.295803075725148 0.355685726814776 -0.176163980429509
0.220856751228108 0.149630667671543 0.107638619230954 -0.244240362017898
0.244890981395787 -0.034667611858677 -0.0232461069398821 -0.182208634787102
0.150984935993289 -0.134820683933124 -0.0220568444495807 -0.114457403057437
0.0935185952209215 -0.151624712885409 0.0595099601395885 -0.0512681959200962
0.101745704948059 -0.141361185595464 0.159545926472137 -0.026852068811742
0.185291631278905 -0.121743201410128 0.246249736912607 0.0729075838332742
0.25923674362462 -0.00338764455649689 0.22815260501027 0.248522343524223
0.210008764677959 0.164228388094792 -0.0124981318127571 0.327717943674764
-0.0150592365596502 0.321943999739921 -0.235791676219346 0.154596345677472
-0.315960009183295 0.191074763508459 -0.20280077411729 -0.103775140035136
-0.392823159394101 -0.0425647226662907 0.135454379415416 -0.0549128850899484
-0.228186573564546 -0.187815385925827 0.359888584720668 0.183101416246623
-0.311494330492769 -0.0691038988869164 0.328294424627929 0.343269331945012
-0.245800144554925 0.139793719540935 0.454294784165286 0.20710526744795
-0.00463478269451474 0.227010289491123 0.370794801181522 -0.052347506396204
0.159196553404183 0.11620987874897 0.209339142579057 -0.177829556290677
0.184753974324678 -0.0237992578757152 0.0763171739347611 -0.199377717063958
0.111121818619959 -0.106949502099207 0.0369023079466205 -0.167675216015787
0.0587627288659901 -0.118434395667351 0.0934890597752369 -0.103173213850074
0.0643943519579044 -0.114675847298846 0.185996557342405 -0.0754906669890289
0.131681641944225 -0.0996799760966031 0.277877165011721 0.032140833595797
0.197988599493579 -0.00666558384174875 0.272025550285176 0.219674445689232
0.164854903630105 0.133648504064005 0.0365857313827666 0.328461911045658
-0.0366102499821523 0.253392534914825 -0.186903221389148 0.172828196754714
-0.269787794171066 0.108550035283151 -0.157690757095203 -0.0741413204334562
-0.27205149138167 -0.0863743674542572 0.222421245015766 -0.00853999543137059
-0.0560172779409626 -0.139807062124797 0.410439262458389 0.214602575769816
-0.155623384505785 -0.0859174349252555 0.330483021827271 0.34212075508479
-0.134496786084495 0.0531053816396593 0.409814571054573 0.232446101605192
-0.00494870401525495 0.10614220758002 0.366995467872203 0.0173696940706742
0.075274405017397 0.0472578167769021 0.261320970284022 -0.141398246558321
0.0905638080216078 -0.0159837780793383 0.132045615043189 -0.209309244926715
0.0495836141075609 -0.0608520763779761 0.0719328502817908 -0.202355891387779
0.0161479478956078 -0.067570385758256 0.111452691650836 -0.137261822887527
0.0235192607751154 -0.075537093221866 0.200500526403964 -0.105064691707038
0.070057773081825 -0.0727944416817332 0.294696537665894 0.00999109993376905
0.125020783599353 -0.0105905627027441 0.294352078035717 0.201844864987427
0.112987419229274 0.0986281032832088 0.0570067133652899 0.332831520095483
-0.0561552690962624 0.17240651368389 -0.162726014504084 0.187064337384838
-0.198751108752059 0.02195865506799 -0.129580365186023 -0.0491922178961325
-0.121845387120514 -0.119210725813419 0.267199194450917 0.0405932198544742
-0.0265044331982892 0.128082173785007 -0.350312258333176 -0.0150462465070817
0.0865106249092213 0.0146138553299289 0.0921808066974226 0.131896294805453
0.0293556240148687 -0.0791188065311526 0.195554456503096 -0.211687931931723
-0.0610034237715627 -0.0221979489877369 -0.0722209687334085 -0.395642490640757
-0.0221562812996929 0.0382020141702893 -0.370587329887299 -0.195748156249917
0.00708058610560178 0.0279725585019074 -0.349334054153454 0.0528651480716494
0.0199462343121273 0.0204184217120901 -0.221289970228996 0.147420631460271
0.0318085071819681 -0.0020575145573825 -0.10986728637582 0.187803366306551
0.0300668749790239 -0.00576909409999863 -0.0582322412397015 0.22149206956671
0.0319191827927385 -0.00123419902425684 -0.100502173494353 0.251799850152075
0.02751826730467 0.0232474995661106 -0.241154457406221 0.19149796015246
0.000900728225652927 0.0327565918562381 -0.372257574351728 0.0112185060309125
0.0202286340013656 0.035337577193667 -0.414435337796622 -0.169045678199859
-0.01280150341815 0.0887097226987612 -0.388042992657744 -0.315456213233576
-0.132090373476193 0.110021923488426 -0.459463499746163 -0.207000768850487
-0.194057563646307 0.111277382510582 -0.305013185276608 -0.0412208979393622
-0.0242815617665209 0.0907092655705651 0.118392455389692 0.13774327516658
0.0140229714017677 0.0310686789902011 0.253630456442396 -0.213072399370496
0.00625431818012201 0.0342769134792932 -0.0429739909890217 -0.42598920261253
0.0653961201684738 0.0400266280212144 -0.35881162103656 -0.226068605245505
0.0789967248544542 -0.0133604301894915 -0.345087863272691 0.0309298190615422
0.0600166715789546 -0.0420444240794137 -0.210804482074848 0.134340368594408
0.0686305829791165 -0.0692122613371992 -0.0899252674324487 0.174342693695658
0.085513367894443 -0.071672914672252 -0.0198705506298618 0.203310834471815
0.136579720786569 -0.0527732775891809 -0.0350098827856916 0.257361742845057
0.156305432892303 0.051789278429124 -0.173824121830241 0.252402675761283
0.0662522976132561 0.155277236862033 -0.351112034069706 0.0958141288334852
-0.0528569462158867 0.186715096333315 -0.427904811292712 -0.10275859914948
-0.190181119591786 0.155702759937336 -0.37887539491101 -0.262641331784225
-0.321162033389675 0.0848235064162569 -0.390779176157827 -0.182536696107093
-0.342557008083516 0.0601884498289342 -0.204942978457185 -0.0463212118446052
-0.163035716510096 0.145746320194257 0.168399727583149 0.163416131500206
-0.0327181135747112 0.154205196125265 0.348072011352209 -0.186844186091546
0.0701795769385705 0.116199134848777 0.0331466045898177 -0.450007655934184
0.157373245903065 0.0522537861064743 -0.30803642808608 -0.269886194357427
0.154126911536609 -0.0513746568662835 -0.318718191668812 -0.0141800483067257
0.0996800453651652 -0.0995390976970677 -0.188209396631867 0.095816221430165
0.0945309833670064 -0.12616971364097 -0.0600662334680805 0.134624756113816
0.119233687996874 -0.126323908785722 0.032903617793481 0.158226587837816
0.204323713847438 -0.108348248907118 0.0575581063336748 0.232365279888372
0.25951805593314 0.0366608098913681 -0.0545481095840616 0.298756374427827
0.160401048927159 0.211883382321028 -0.281046377984164 0.206829747472819
-0.0469266161266098 0.315202469540947 -0.419881683676385 -0.00317613506991195
-0.296956615888956 0.241796943813988 -0.361807080914471 -0.19914519281619
-0.452668998930337 0.0780337479919407 -0.278613756886153 -0.150492417160963
-0.441896729070843 -0.0155306394686249 -0.0586887573443584 -0.0242270151070093
-0.304520135617417 0.159336820147825 0.23362110374915 0.202564628368646
-0.114580816050145 0.258737566627979 0.447690902811098 -0.122308676670413
0.108384305954106 0.21400561623338 0.148401019541126 -0.433199100205534
0.234964614442087 0.0779112376355485 -0.207507843731285 -0.304498704923347
0.220907039614303 -0.0765247993939188 -0.256620737857188 -0.0745625240767888
0.132288329158358 -0.144161096587884 -0.150587969422236 0.035564120638072
0.104573340348879 -0.165383223723986 -0.0226534680711194 0.0757537396323439
0.127505797448636 -0.162188588530556 0.0859006828982942 0.0924437054780971
0.227081692456232 -0.150783255495289 0.149083843185029 0.176214003321444
0.312180302476859 -0.00175568667863877 0.0822001292005922 0.303036210838967
0.23722046074588 0.206771137707118 -0.170781146846371 0.29262479652851
0.00151392227982004 0.381638196059717 -0.372415828894243 0.0939816477584973
-0.332412914637932 0.301254116318953 -0.327577342870506 -0.147808753998292
-0.507579505709427 0.0754268379643047 -0.140064958771022 -0.122481611086318
-0.463538080329764 -0.0969800873582182 0.111683943300341 0.0242999795983882
-0.404322125302998 0.115782535360429 0.299017840579371 0.247268829433374
-0.20940391537828 0.300764720286803 0.515630140837685 -0.0222268096526229
0.100588839782777 0.29158962226436 0.269400560057329 -0.352821785292965
0.269370679322235 0.111909429758234 -0.0636096171636408 -0.307150255152374
0.258351440986205 -0.0806401972513401 -0.159383464332171 -0.13648820056444
0.148063463945375 -0.165296344158698 -0.0971388012834674 -0.0398413617365554
0.098783506491248 -0.179674520000017 0.0181124587368068 0.00590856249432856
0.114717651618731 -0.172369589877242 0.129023819363547 0.0184725537657945
0.213687054979042 -0.163756145496703 0.219795690086935 0.106316121949398
0.309752252016965 -0.0309630372784984 0.195630580458895 0.270245426435454
0.26140937443305 0.174767459697639 -0.0580771591368344 0.331776771129068
0.0317122246431954 0.378712148663839 -0.298252078987085 0.15881849040947
-0.325818694069325 0.29806108310394 -0.278512795365229 -0.109500105704311
-0.489421016494273 0.0512789822456853 0.00387049430929068 -0.0986352219667449
-0.397991300553919 -0.153111451615639 0.273267162279656 0.0894942197898345
-0.416389445494116 0.0374332310868859 0.350561900373112 0.288166241448407
-0.26411845039888 0.262589786482367 0.526736706815936 0.0808616519747832
0.0584904565476333 0.303228795825089 0.349115779350874 -0.224851121924633
0.247165629828845 0.126324448907564 0.0840590681552091 -0.267177415104927
0.248329272989988 -0.0687904838538813 -0.0448013695375062 -0.185682369389603
0.138345827684657 -0.158846689248277 -0.0361897792770417 -0.114910811340277
0.0776360526152698 -0.166234551602896 0.0549917892034463 -0.0626167388154475
0.0866373614407765 -0.158405886571033 0.161116709869981 -0.050505086467198
0.175320952449908 -0.149314810346306 0.264533012575483 0.0415423467808598
0.267744579303313 -0.0372659835125054 0.271586179208695 0.224811034604185
0.235861979979211 0.143411365924943 0.0273693105901384 0.337936830668857
0.0249639883056057 0.332393196923098 -0.2267585580844 0.188186206057554
-0.301311449958843 0.238552934151922 -0.223428418735772 -0.0817194601714689
-0.411055520349419 0.00556218538141969 0.130805749104635 -0.0721261803110302
-0.259204639549631 -0.164016440427162 0.393677548927894 0.146430530590245
-0.329943049559612 -0.0308683253505711 0.379509361648279 0.315662495986661
-0.236178086011258 0.173409598116497 0.493971097295536 0.158480464309428
0.0229440559211238 0.234926815540138 0.37842100554193 -0.0984758020645825
0.178369418438593 0.100172193091207 0.197080591999179 -0.21099519942821
0.188178262391023 -0.0496596712475691 0.055866893134796 -0.215780470946321
0.100869900147269 -0.124118700485803 0.0183730926252212 -0.1770274014469
0.0460507306494088 -0.126850660259484 0.083903102833756 -0.119523120985688
0.0516155156684326 -0.125155133413207 0.182752042816835 -0.103030528598745
0.123491141117543 -0.119562942504521 0.291588912226559 -0.00338246759497904
0.204005964413294 -0.0324727743745785 0.311004925688783 0.189596133224213
0.185471857104186 0.117495142616728 0.0785868502387163 0.334768346813128
-0.00682377920030023 0.263812357644724 -0.173319617498246 0.201674767913318
-0.263191333982566 0.146882015436848 -0.173819314966528 -0.0571639248110528
-0.289134594889579 -0.0543574540011539 0.226491028784079 -0.0359777633715912
-0.0758204138008205 -0.134559006799224 0.451271644593538 0.173715563472451
-0.17038322329213 -0.0674049199939766 0.382541872587801 0.315747574882329
-0.131510004027334 0.070179091006935 0.450994592576314 0.190048241918256
0.00720983123226191 0.110417168288987 0.382154787250504 -0.0261406996893062
0.0822991227471555 0.0392413389396064 0.254313219348012 -0.179967783113267
0.0912731829835181 -0.0298874069059534 0.112689967929789 -0.233359665206245
0.0433847572538748 -0.0686263147288678 0.0493908047696677 -0.217178998320647
0.00824909991070283 -0.069435433045731 0.0983281943039035 -0.156351646137032
0.0134511004653569 -0.0789367455944114 0.193433400850364 -0.134379683007347
0.061823685394156 -0.082744711757532 0.30550610662217 -0.0284228569778263
0.127762718689801 -0.0270990356371139 0.331387999048071 0.170310050064498
0.127529038775599 0.0877477851132648 0.0998104411763298 0.335450320207004
-0.036673658903306 0.182459439834453 -0.146409722596754 0.21248072675811
-0.199940611542227 0.048276795243516 -0.140848934165842 -0.0342812510579001
-0.138435856890935 -0.106592586511149 0.279754543135484 0.00950322870119209
-0.00933972449473557 0.128030943929013 -0.347376749802335 0.027202414564444
0.0864692909554439 0.00407881178317034 0.105015988005781 0.121769544819581
0.0186219083449764 -0.0791943549967446 0.168790153781239 -0.227503024417605
-0.0608246444468596 -0.0128452656600795 -0.115648857842173 -0.381495303761757
-0.0157968299791548 0.0395137910490204 -0.384777759004483 -0.148618377140281
0.00970766652406643 0.0259771992957283 -0.335870558697576 0.0930877750347253
0.0230640473802896 0.0172109621115828 -0.201732459820812 0.169985042163726
0.0312665392287226 -0.00689333533719733 -0.0871279321104465 0.196687187603404
0.0289022830082344 -0.0109860828510521 -0.0331849220433151 0.222217792957505
0.0317141070138681 -0.00566517436384861 -0.0691639690280079 0.256471429400728
0.0309209534721036 0.0194651919588744 -0.215112320052731 0.214172210115083
0.00601980785688266 0.03315530672766 -0.36472956603156 0.0537678003036929
0.0223862225209462 0.032459379425405 -0.423246820600896 -0.118623126813019
-0.00429468190170995 0.0861320001522068 -0.414600920286664 -0.267114320446234
-0.116810951308946 0.121145941293447 -0.474012576984547 -0.151986036468757
-0.175287935993475 0.131466365163725 -0.30622692590425 -0.00285997202342734
-0.0131219704118345 0.0909344021215893 0.128933948393061 0.124721207914552
0.0158988297287489 0.0297465842776107 0.225542255254886 -0.235292330470057
0.0100354683801374 0.0346476905431353 -0.0891285561103182 -0.413237855433101
0.070493474367981 0.0314121223678561 -0.375667561699889 -0.178790246200371
0.075668368998607 -0.0231367092023776 -0.334215379895914 0.0704487898251241
0.0544264128400263 -0.0482183954050668 -0.192148187411965 0.155235086780155
0.0594866409598381 -0.0766720295580315 -0.0696832068045872 0.17927326469364
0.0754705024753628 -0.0818294770272375 0.0032459891117855 0.199518216606244
0.128036268369898 -0.0689731710321058 -0.00450828053021928 0.252416845861371
0.159940654815281 0.0323985139321346 -0.139980615996665 0.265140945681054
0.0834925034011038 0.145894682292503 -0.334026507659004 0.133442926445234
-0.0317295547023422 0.188844995597627 -0.431224671928361 -0.0524191936391323
-0.169959701979938 0.17221973886502 -0.400376716473502 -0.216462314279098
-0.305477320406084 0.117844974383961 -0.404608463953186 -0.134942786297106
-0.327984665440325 0.0985221698564246 -0.208265285285431 -0.0191491002216786
-0.142684327760756 0.160765509203804 0.180292575359531 0.144115957401256
-0.0155967684081408 0.154848694662277 0.319803954624218 -0.220509065181827
0.0819580962764569 0.107517411509503 -0.0171646149111842 -0.444470675700025
0.161141503766271 0.0318551382447699 -0.33058451878294 -0.228626430208945
0.144977266592777 -0.0689999063018186 -0.312624243962759 0.0228960194339045
0.0863659956366534 -0.109173686600392 -0.173411184125842 0.114772088627185
0.0781299005395515 -0.134738855173847 -0.0446721746739396 0.136992230513767
0.102215187795058 -0.139177854887469 0.0494548546618452 0.147488526046811
0.187369550903935 -0.131725516877966 0.0838052999990801 0.216641251280806
0.258602067670666 0.00464568790190019 -0.0166611177710067 0.295825789596924
0.182856307238571 0.190753547557312 -0.254213956221208 0.23339159570996
-0.0101930412391474 0.314400907515485 -0.412782578482097 0.0445813637541087
-0.263275159581263 0.269964494766018 -0.377826520668902 -0.156455864217838
-0.435472561908009 0.126322395640699 -0.292525728447348 -0.114538715899812
-0.433637207340901 0.0358981990397085 -0.0628274050242287 -0.0142893923772373
-0.279658905029231 0.190403972424052 0.247636922941093 0.175729092981989
-0.0838606659667363 0.266445874121423 0.425459556668696 -0.168582536267386
0.130428627838996 0.198685108117794 0.0989495682041841 -0.440508537295325
0.240209009134098 0.0482922047068677 -0.236053200140464 -0.274756777245935
0.206761860354823 -0.102975249121722 -0.257833948943984 -0.0440868587615318
0.112457887511054 -0.157064448106848 -0.142608178775659 0.0509514293538458
0.0836988134109219 -0.174260565288359 -0.0140555259637558 0.0743616585293669
0.106621306364621 -0.174640304255134 0.0929364475481889 0.0769670529804724
0.204854776625528 -0.176428748752465 0.166574276721949 0.15121958199614
0.305952787036816 -0.0402831558655806 0.118205517358353 0.283231165166154
0.256754235118718 0.175483202946011 -0.13595810867115 0.305245019839541
0.0453031743947682 0.373295778273113 -0.355073735554133 0.134471230715255
-0.290630598187038 0.333277632928638 -0.33906459074086 -0.107440212335098
-0.490108661465676 0.131180677583248 -0.153327976810568 -0.102205691273501
-0.46523202610308 -0.0411485860240576 0.109461227729225 0.0137041770453793
-0.382621716350478 0.159130754800383 0.315931363182079 0.210679545023055
-0.170875992688356 0.317138024603049 0.501796087733383 -0.0782684155459151
0.131785960058959 0.274863340692706 0.225785775060692 -0.375608869099866
0.277473881885328 0.0772571321691051 -0.095417696697833 -0.294695843651342
0.243085241304998 -0.111199242473365 -0.169812201345602 -0.116341959822931
0.125128701367031 -0.179172576047326 -0.098126551502788 -0.0276023082543198
0.0760992714207151 -0.185746814915682 0.0171483793377161 0.00215334394266912
0.0921513990166386 -0.182829698764266 0.126920330401884 -0.000449915245445806
0.189577598969516 -0.186758963936372 0.226728732007974 0.074662746985654
0.300105066049987 -0.0689894506134138 0.226733269287205 0.238004494589182
0.275248748339128 0.141184589054846 -0.0193390745445767 0.330244521738289
0.0746870005760661 0.365597300777149 -0.275796252697123 0.189681915071376
-0.282442164464884 0.329912846126335 -0.287462502724055 -0.0753633470597856
-0.473496536901716 0.10712346676504 -0.00899021162697765 -0.095429053995098
-0.406737490943431 -0.102212674900172 0.275898317643738 0.0579491431537496
-0.403437582468444 0.0846579306347042 0.37183491862008 0.244283333110898
-0.22988747340273 0.285726584644561 0.524293944404135 0.0201469372592026
0.0919972654094444 0.291086328713128 0.318322302837187 -0.259385447870217
0.256645213757564 0.0943445322825643 0.0533392762920217 -0.273605327540348
0.234515829627469 -0.0985785380925496 -0.0639317899140849 -0.177490241472607
0.116817606818887 -0.171256761232013 -0.0474967671339356 -0.108128813590196
0.0573823561067526 -0.169552149559545 0.0463467451556224 -0.069306299100728
0.0666160000975394 -0.164939163231009 0.150146552968321 -0.0708775576318358
0.154479885302581 -0.167762821201842 0.262945260966395 0.0071856070861248
0.257312276324324 -0.0701550397862808 0.293997513841786 0.184525894171094
0.247191499573113 0.113671710269493 0.0645243617253316 0.326716414001864
0.0612202067348133 0.319970562264956 -0.20139353780804 0.210822665193438
-0.265543108160507 0.268269757816695 -0.230274175728601 -0.0542388193138917
-0.401015212885933 0.0524235277059935 0.118769208021204 -0.0837439400993682
-0.27227769222679 -0.129191968352557 0.402072178869484 0.10081354616082
-0.325994709118146 0.00835516148063756 0.40553380369529 0.268128580832228
-0.211646974390009 0.195776062347475 0.500453651348879 0.0993003405111118
0.0489788006065216 0.227559723660916 0.360709014391811 -0.138308883731075
0.186221494709462 0.0771870042383195 0.169703309586246 -0.230852895914596
0.17708500398618 -0.0727842460531788 0.0311001978298355 -0.219152547040437
0.0842859664619114 -0.132915022867448 -0.00210749161898475 -0.175268894308874
0.0308518122903169 -0.127589720520895 0.0677713705256484 -0.127615443396437
0.0353024613322986 -0.126565325731849 0.165412390760894 -0.124211441350119
0.106472106214318 -0.131119161513359 0.284932182445719 -0.0394256274680444
0.195517397409719 -0.0559635129512773 0.328703127773356 0.145678783487874
0.194277914816808 0.0944654152737178 0.114330278472988 0.317202224457934
0.0223440008027117 0.256323123289885 -0.148305235165122 0.2166280615948
-0.238976892061871 0.174553660418554 -0.177908124902017 -0.0349146341073667
-0.288426034934645 -0.0203264945214807 0.216637708562766 -0.0595078569579337
-0.0888173395444946 -0.120714049448356 0.462693055606979 0.119834274914785
-0.17331274619313 -0.0450843439915215 0.410450874015399 0.267343553235231
-0.120215180949938 0.0823434099794 0.4618127254914 0.134388210128707
0.0191665161746815 0.107440284393071 0.373319175966762 -0.0683869456554168
0.0843798018077632 0.0287754778358547 0.228967950523761 -0.206285631451949
0.0849286160197743 -0.0411170175200358 0.0846107866110415 -0.243016859408654
0.0341994818718998 -0.0713896640882327 0.0238644648485395 -0.217750502775014
0.000499489511824706 -0.0672328416667523 0.0783292815683974 -0.164981607437122
0.00326634053122247 -0.0768376016043583 0.173542404585097 -0.155821096659561
0.0502121187887271 -0.087125514696317 0.296272003538648 -0.0645519328171658
0.121560739897665 -0.0414128747122135 0.345229404047448 0.125938874291491
0.133539499149508 0.0712658713484154 0.135546757758501 0.316479711235957
-0.0160137607964764 0.180875138422667 -0.120149565455993 0.223420488384663
-0.188463035150973 0.0709562565482393 -0.143086526268531 -0.0166067024355353
-0.1459513820238 -0.0887510070496048 0.274249802001473 -0.0226621890214542
0.00130441397996257 0.121093138127314 -0.330976969594673 0.0539383561117109
0.0825085797309409 -0.00315186634012481 0.109171721760582 0.111946468913257
0.0115169047575164 -0.0753789937082479 0.145945065314433 -0.22808625177484
-0.057151313554319 -0.00598106945727746 -0.137176936323452 -0.35716285216015
-0.010867315605983 0.0380000629262584 -0.37689699324314 -0.11228818092914
0.0107454662920069 0.0242089332205488 -0.312917345984234 0.114886436137036
0.0242418957407274 0.0137211608416424 -0.181646730747958 0.178350333374154
0.029109514418139 -0.0096828157564146 -0.0704960699239078 0.193636931333649
0.0265870913112784 -0.0140784131076617 -0.0166044264975396 0.213783176944263
0.0299308177170647 -0.0090489712674193 -0.0475035223765605 0.248137797616758
0.0314104991600194 0.0168008493373921 -0.190748503836598 0.219091033804505
0.00952502130645428 0.0320737950325012 -0.345356040271099 0.0779712748212957
0.0221715907286283 0.0297963890964088 -0.41024645907814 -0.0834922283939834
-4.40571963120024E-05 0.0803557797048433 -0.41387317621577 -0.228411786054719
-0.102702043783995 0.122251109951097 -0.462974800218867 -0.112200768154173
-0.156914523279884 0.137383037075907 -0.294025120248314 0.0233890984038548
-0.00638105888410174 0.0865360009159805 0.130843992593676 0.113924447491155
0.0165592022151964 0.0278367184337463 0.199692168625939 -0.239072445837255
0.0129193128524331 0.0341064571993283 -0.113681713665397 -0.38934989655263
0.0707426707337101 0.0238265422999938 -0.369708920479847 -0.142470776593158
0.0700158621515846 -0.0283252639684881 -0.312657951484656 0.0931623528748336
0.0492337831095343 -0.0504455041440523 -0.173219083315851 0.162355212179196
0.0515491748866159 -0.0779511969071851 -0.0548862300691261 0.175350941825517
0.0659297204409704 -0.0854690719386723 0.0156256664834672 0.188422802248231
0.117240303205255 -0.0768029088906992 0.0142103271411826 0.238903066242012
0.155366529605437 0.0189493949006966 -0.113303077986211 0.261854392390049
0.09195729403279 0.134989770033091 -0.310206843763777 0.151859550045573
-0.0179473220960485 0.182867044685849 -0.414159270628471 -0.0193547328382102
-0.151048190401264 0.174457202024176 -0.39780062317466 -0.180209355593601
-0.283985388807137 0.132434250338652 -0.397455897982275 -0.0997407356852878
-0.304137518000242 0.11780905688581 -0.202346315785736 0.000202720459898477
-0.124325740448712 0.162680724351256 0.179629673923147 0.12887504312015
-0.00483077913658516 0.148991535022932 0.291062648153185 -0.231289879935662
0.086148449323605 0.0980172862589209 -0.0460334695030004 -0.422825195111907
0.157158366075653 0.0177234687996719 -0.329678871898567 -0.193365121392893
0.132531282372501 -0.0782177370193925 -0.295278829330551 0.0446863473858911
0.0744116807857849 -0.111062148469571 -0.157489132597305 0.121576715304039
0.0646723749022561 -0.134528204782155 -0.0339693759090741 0.13232052300415
0.0873229417482377 -0.142575343560632 0.0555708992734941 0.134816349730922
0.168957404427661 -0.141653707404455 0.0949306055327454 0.19727592819982
0.247282672682612 -0.016325844370928 0.00859135365438038 0.279922385632746
0.18926399299436 0.169133479709421 -0.225864750938863 0.242140077247644
0.0130219866538777 0.300999082520268 -0.390848885794092 0.0724940290427482
-0.232084566316136 0.275954000374376 -0.37348521846646 -0.123338055750095
-0.407930078850731 0.151267778773207 -0.2885745826646 -0.0877959521010285
-0.409726955512256 0.0662307509419374 -0.0637185974142422 -0.00550462409672141
-0.252681426808634 0.200774215930872 0.244821908192494 0.153426333019264
-0.0612440673858708 0.259252922445634 0.394362857701463 -0.190029150830953
0.13872842136895 0.181085975492753 0.0647615955353172 -0.427138801086803
0.232780752119007 0.0280725175274838 -0.2425238056108 -0.245742911786753
0.188655569266718 -0.115393139246132 -0.248485101751946 -0.0235678810995672
0.0955011610072956 -0.157981668203169 -0.131352792015268 0.0585609166244222
0.0673004235215644 -0.171350537494387 -0.00926482186566385 0.0705404093465213
0.0881423946078632 -0.175913152593966 0.0917845675166412 0.063701853654824
0.182659522499514 -0.184864329018861 0.16933006763194 0.128405976660481
0.288059573163552 -0.063039403874153 0.13640162168863 0.257602851044057
0.257972203733435 0.148727033246842 -0.108730383006744 0.30088969022839
0.0697804475915987 0.352168260129064 -0.330783768496225 0.154332312073134
-0.252711265606907 0.338022205499918 -0.333437679094892 -0.0787608119371886
-0.459394601556165 0.159558076912813 -0.154419701728888 -0.084829906236158
-0.445279383044197 -0.00444981004821901 0.10281537181699 0.00822456626999771
-0.352867381315328 0.179204532481059 0.312732390235504 0.181781733659951
-0.141405306553129 0.314353536967393 0.473636343090141 -0.109929206137371
0.14540927512861 0.253351844499915 0.189940565794653 -0.373808453939562
0.27056015716066 0.0524160298441165 -0.109888480069912 -0.275730437375391
0.222353449298366 -0.12636802663779 -0.169852204538702 -0.100114339177865
0.106546597802041 -0.180056747374107 -0.094603819548333 -0.0198296455694457
0.0592816101076291 -0.181675862767414 0.0157444170693204 -0.000905452247014873
0.0741024053754818 -0.18131662199876 0.118872666472987 -0.0128340560101546
0.166770504055071 -0.193572498559569 0.22120945244796 0.0511081332970946
0.280625590899272 -0.0905597000398317 0.236467211309012 0.205434413221158
0.273580394400985 0.114725560213865 0.00392165217290253 0.316095835584821
0.097525369895666 0.342047980687067 -0.25178794648859 0.201200483241944
-0.244940761290585 0.335234937128863 -0.281597763014129 -0.050168942107235
-0.444682124414578 0.135141580805368 -0.0163821421452079 -0.0878954047886897
-0.394412844843931 -0.0672391946543828 0.26598847766704 0.0381703391216366
-0.377716697128102 0.109836080123364 0.3687534124655 0.20865873583865
-0.199809842177982 0.287745291323526 0.499486058371896 -0.0170326786630678
0.10908193646297 0.271250642461796 0.286776836968802 -0.268410641358134
0.251877531382955 0.0704432903705186 0.0318375102912624 -0.266252852547364
0.214596774510778 -0.113056399680367 -0.0728637582323721 -0.166750023286698
0.0990851180391326 -0.171993669770783 -0.0521697003770317 -0.100326448460763
0.0427909814898095 -0.164206104522831 0.0383744045255394 -0.0704931908680411
0.0504718643699031 -0.161450299166564 0.136475486606272 -0.0810705469301004
0.134996602965091 -0.172118172372985 0.250466450224569 -0.0161484046374343
0.240014894941521 -0.088087600580057 0.295791497473376 0.14985450692309
0.243143582167612 0.0910502678335845 0.0850972293370402 0.305706890233279
0.0806762371579147 0.298363920585528 -0.18018158243773 0.215292288264496
-0.233076951666294 0.275303121194681 -0.225337432251181 -0.0331475519067496
-0.378650315055295 0.0787572396693361 0.106644343312123 -0.0867306825381943
-0.26788903063699 -0.101592433287069 0.389639568645371 0.0689933911884218
-0.30914413648043 0.0320081388285569 0.402867514627758 0.228856851038774
-0.188281460136569 0.200914431068138 0.482717265937402 0.0598457128886966
0.0629497963858157 0.214036291116421 0.335218592307168 -0.157860166324247
0.182890657451417 0.0596166513439148 0.146160479272949 -0.234300772208632
0.162343384492336 -0.0847281354499216 0.0146505934276489 -0.213524907289921
0.0702226819648999 -0.132525621299854 -0.0132938788269683 -0.167128042765161
0.0209601544026578 -0.122103699886068 0.0553570209496835 -0.127628921469301
0.023585781371977 -0.1220029493016 0.147314591318308 -0.132167726596552
0.091658503664188 -0.132626189511202 0.268400215311997 -0.0610852670684238
0.181296479254878 -0.0693629994574701 0.326734543255371 0.110992862800056
0.191058203028296 0.0761431492573057 0.132100728850604 0.293263639195369
0.0390102816207996 0.24042200794128 -0.127797592079702 0.216816095382644
-0.213380586626671 0.182988192472292 -0.173488178617664 -0.0185362395494166
-0.275346671763901 0.000583823170434751 0.201923971959159 -0.0714771462812508
-0.0925524326162519 -0.106735388322003 0.450490920411801 0.0830152185280608
-0.167260604647965 -0.0290060136145835 0.410136000882685 0.226465143595386
-0.108616665201144 0.0861989563678856 0.448335012180619 0.095326410454655
0.0259599182270006 0.100297231567456 0.352202848877334 -0.0908439696613435
0.0820029048680433 0.0215959436125912 0.203391333430387 -0.214054950778124
0.0760527266145314 -0.0473618336074196 0.0632569218709956 -0.240044511141042
0.0273267286055543 -0.0705098284784864 0.00707741139503911 -0.209674146036595
-0.00375583501911401 -0.0618046630658219 0.0633949078693018 -0.163393279523569
-0.00317471466692077 -0.0712274500054682 0.153000978818329 -0.161738897402627
0.0404003181244965 -0.0863096444643359 0.277632961865471 -0.0848012092014469
0.111996050246581 -0.049338744491849 0.339030697830964 0.0917546914387194
0.131984083950984 0.058969192270108 0.151624185857428 0.291153745915213
-0.00345342492081312 0.171558212028436 -0.100951021387331 0.220870065557524
-0.172379154930368 0.0816501036582099 -0.138234183733359 -0.00438662541919751
-0.144290159702648 -0.0743749143281229 0.259178744382326 -0.0427370550650926
0.00609919075542544 0.115175852966693 -0.317856172539666 0.0662471174756015
0.0788126410672352 -0.00668203121233877 0.11002335608852 0.108163400105369
0.00847125777675679 -0.0718835824906635 0.136018391068737 -0.223835624603108
-0.053832202814541 -0.00312824036387541 -0.145290091966212 -0.343202259506803
-0.00781904671018676 0.0364676740147016 -0.366406927818984 -0.0955921209606263
0.0112179844645802 0.0228948863155901 -0.298115751345379 0.122663152683793
0.0243600607343259 0.0110178165280477 -0.170926639956118 0.179617151953897
0.0279902692500649 -0.0116722986082597 -0.0627703262901824 0.190634943956143
0.0247235766441191 -0.0161255383806884 -0.0102183588016039 0.208160121313966
0.0289835736199397 -0.0109223678211626 -0.0388033614845887 0.240151529987841
0.031741525806118 0.0152959589325071 -0.177914830812709 0.218012058702606
0.0116981291354572 0.0316722606564107 -0.333083106862368 0.0858883726087974
0.0207535376762104 0.0288407670386807 -0.397045254713104 -0.069792966025386
-9.83614532891119E-05 0.0758394292422346 -0.406261574888761 -0.210313427244617
-0.0953155300873858 0.120626519841921 -0.451120491922312 -0.0947677412158225
-0.145551710101123 0.136759266160873 -0.284906925220373 0.0357771926950605
-0.00387275418300435 0.0827335622506593 0.129517839119423 0.110321457243193
0.0160338597638258 0.0270588157855629 0.188208126071545 -0.235954699828369
0.0153008010486842 0.0338549770169207 -0.121548022065546 -0.373624108039703
0.0707741191967343 0.0193363345210007 -0.360427219065758 -0.125929310704668
0.0666429065921227 -0.0302713891658562 -0.298743091980641 0.101152509348864
0.0465318604015084 -0.0512929827061349 -0.163105744780185 0.163385506670213
0.0471282866944793 -0.0779974011979981 -0.0486540493166642 0.171262519205757
0.0605246548931894 -0.0865790281451774 0.0193810592352435 0.180936123378894
0.110902025558672 -0.0799886290317055 0.0207496892329754 0.228619809848546
0.151605433702295 0.0123911051683852 -0.100716867670405 0.255350471963234
0.0948659349549274 0.12778229986303 -0.296907712160351 0.156716753221303
-0.0132099963594679 0.177497417201972 -0.400863171760415 -0.00643467831063351
-0.142817388321159 0.171945833768979 -0.39070081474748 -0.164346136681443
-0.271335219188683 0.136831214925157 -0.388670489034554 -0.0839853907073037
-0.287762929432936 0.123598630875591 -0.197592133118369 0.0110925041353536
-0.115335751559098 0.15987728584298 0.175508749486141 0.123358216319602
-0.000738989779164295 0.144029818742229 0.2759936996291 -0.231183793692294
0.087112181131504 0.093082217787192 -0.0559445186423199 -0.408748499007111
0.153944678192468 0.0099535130029706 -0.323961434011058 -0.176296143907785
0.125014202480182 -0.0812297826447591 -0.283677923484766 0.0525310719137957
0.068453214374492 -0.110391354178083 -0.147898233271573 0.121870965189304
0.0585707123849354 -0.132856884537077 -0.0295436916481001 0.128404731842507
0.0795544228184874 -0.142392873712909 0.0556221832737296 0.126838183172199
0.15827785667126 -0.144584635660645 0.0978810974332529 0.184544896931446
0.238687718058171 -0.0253508193325862 0.0186310141666772 0.267172008656917
0.190098012770473 0.158334026060108 -0.212106053387882 0.240919633125755
0.0208154353305645 0.290269550228067 -0.376369181252902 0.0822040339532044
-0.217622891955886 0.272900338134191 -0.366215328900132 -0.108027969333573
-0.392153310419535 0.158287270669483 -0.28262003227735 -0.0741857952934579
-0.391661073997855 0.0767536741648724 -0.0638434675568599 0.00063424436974095
-0.238076160000309 0.201577247737593 0.238515583342428 0.144652765741804
-0.0522444430637834 0.252508211371887 0.37610686069546 -0.19431018627089
0.140758007569293 0.171561391831925 0.0505030352511113 -0.415004639276631
0.226563207237057 0.0175163204226262 -0.241025779353745 -0.230917421192021
0.17785964326207 -0.119488592229671 -0.240278838782496 -0.0154379650655754
0.0876085474168233 -0.156373823849009 -0.124640597387426 0.0601434764442886
0.0595181267003803 -0.167458998816316 -0.00783257813652843 0.0678252126745924
0.0793320074802718 -0.173866513850559 0.0883517714990569 0.05593041296464
0.169620761188371 -0.18764683890517 0.166562042897945 0.114980619562924
0.275347141568177 -0.0730593023410841 0.143027367283486 0.2403524734554
0.256170666475159 0.136182947311032 -0.0961908144502323 0.2950659842617
0.0775980217295918 0.337266007238693 -0.316817523823728 0.160757851927098
-0.232696001412536 0.334881807994593 -0.326556057547056 -0.0648456039769278
-0.441844583364481 0.168175712869206 -0.152486351997088 -0.0743549032813569
-0.428644898075646 0.0101435010404907 0.0981992925292959 0.00821926673063052
-0.335559985883715 0.184249421494506 0.303402603350785 0.169468546591285
-0.129117436557383 0.307873980161488 0.453684656355659 -0.119655110686538
0.148410033770598 0.241563384116225 0.17322788476386 -0.366589266050373
0.26409713755812 0.0407044566143159 -0.11449281118594 -0.263708315551934
0.209383763262014 -0.132175335119362 -0.167173649398028 -0.092558865515017
0.0964926455217638 -0.178574009083582 -0.0914030196157086 -0.0169140587723696
0.0521585648737276 -0.176914335388488 0.0140764409678231 -0.00266234440953557
0.0647281484363478 -0.178284994231556 0.111283096694832 -0.018463235664509
0.154656956581664 -0.194607105112221 0.214156097579283 0.0382831062343447
0.267325159324626 -0.0988711685169493 0.237108739933155 0.185265948457862
0.268174933255748 0.102118171383899 0.0133784315555735 0.305454645038683
0.103656826520351 0.326377030898459 -0.239498096305005 0.202936491318783
-0.224698151168135 0.331449484696979 -0.275813559796664 -0.0380912303863209
-0.426924750047613 0.144575322178334 -0.0185771802885346 -0.0827469225436032
-0.3812809850658 -0.0513447577019236 0.256707015963692 0.0309743024686681
-0.361604452751948 0.118846972778175 0.359075698815372 0.193361637456583
-0.185391144178452 0.283897730979947 0.481670917018038 -0.0303630613580356
0.113940556984185 0.259836633555725 0.269359652882465 -0.268144751335528
0.246813621092968 0.0596392878667433 0.0235491051595583 -0.25948631821719
0.20218459058564 -0.119357430804581 -0.0761113627014434 -0.160605117708702
0.0895957593604696 -0.169988567511015 -0.05326580919458 -0.0963510251388254
0.0369326196083077 -0.159074029165902 0.0345020338919571 -0.0705395550669342
0.0432587886972637 -0.156934634599073 0.126214794072924 -0.0847591384694776
0.124333692602802 -0.171857895413201 0.240642676698822 -0.0266188835507539
0.228422968082229 -0.0947082252498134 0.293224127810117 0.129696600500955
0.237952763822947 0.0799209836054535 0.0918517054495763 0.293228909628431
0.0858284399710285 0.284302204576728 -0.169432517726516 0.213954558400161
-0.214562690588707 0.272678683821261 -0.22052854989248 -0.0228265326462138
-0.364093298860265 0.0871364224464085 0.100504416937271 -0.0864273050758493
-0.260493651405418 -0.0881540391770436 0.378248403125448 0.0568208245154917
-0.297040335747395 0.0418467735221346 0.394077724261901 0.210320421833254
-0.176848646443853 0.199652089031594 0.466269986926471 0.0443178775077051
0.0679804505640904 0.205116247623527 0.320341161839673 -0.161686310823632
0.178993031526239 0.0513911031143146 0.133937270328522 -0.232951229451659
0.152556039643497 -0.0896241894465539 0.00630953924492558 -0.208568015653944
0.0637782070474534 -0.130848431563887 -0.0179365132113291 -0.162077467864204
0.0171701801879304 -0.116778859773143 0.0495638732808713 -0.12615328354086
0.0186413508498072 -0.116542741587631 0.136098655388016 -0.134010498736901
0.0837803096869459 -0.13152834038211 0.256617695297266 -0.0701194632319957
0.172760411018275 -0.0743121840641946 0.320989307556917 0.0928973124425318
0.186851006447952 0.0676321858408967 0.136406965172389 0.279191779721206
0.0432498143246323 0.229984145003814 -0.119130088816672 0.213955754145538
-0.198200897878836 0.183522567730871 -0.169113742903502 -0.0103049911907091
-0.265722087209653 0.00939985847604025 0.1923447181078 -0.0759630269820479
-0.0912727501922878 -0.0986185172493153 0.437296917713413 0.0675833187591852
-0.161224872857026 -0.0208994445871427 0.402847714421125 0.206769964069384
-0.102884226793368 0.0862285232659781 0.434618210601754 0.0790251144565304
0.0282713690153738 0.0962416533833888 0.338505701394901 -0.0980866339742958
0.0799308788209397 0.0180301645342206 0.189333873620713 -0.214425762088837
0.0701459860034322 -0.049498570089069 0.0526516828433118 -0.235961559037611
0.0237176373782853 -0.0689523856244255 0.000185335579839848 -0.203498206549306
-0.00446470054179254 -0.05779599655355 0.056200150756422 -0.161227288634129
-0.00582981754365032 -0.0664525350238835 0.141788524763621 -0.16253332819735
0.0358428308478941 -0.0833603832016662 0.265983950730782 -0.0932458792164661
0.105779839868654 -0.051567365449163 0.331282058836958 0.0745328612767254
0.128543182593001 0.0516154220960194 0.156049896924881 0.276955239036138
0.00111840719264109 0.164733785092557 -0.093106277030897 0.216464567930407
-0.162572312894454 0.0838753958984151 -0.133360466913494 0.00140032305902597
-0.141180151637704 -0.0679100099404646 0.248188814900086 -0.0506386416338626
-0.00463732235387083 0.112386766581652 -0.331885703669165 0.0333560060997286
0.0774331654739719 0.00234206467276895 0.0969940344915147 0.127733282796589
0.016196661889703 -0.0676828146123577 0.165045003715196 -0.204665183688741
-0.0487666975360399 -0.00990646833912637 -0.106781214158788 -0.355143229251335
-0.0111904432407866 0.0316637959007706 -0.351567036273117 -0.135989289125909
0.00960430651385631 0.0251297635481902 -0.312031946270526 0.089467803184891
0.0238038832100106 0.0145143760975101 -0.191048416562852 0.162987508123015
0.0296277422473101 -0.00735017502774864 -0.0868142217028492 0.181672516597314
0.0280146296833844 -0.011583523358783 -0.037782812274434 0.206406446695392
0.031574154118305 -0.00612674839531677 -0.0692834232028167 0.232490402900878
0.0308619035831923 0.0223404702566587 -0.206238619009362 0.192146661639585
0.00858898747049628 0.0387186307875745 -0.344380111355812 0.0416746577802499
0.010136237520695 0.0373888913191911 -0.38262936038895 -0.124068041782162
-0.0170512287810035 0.0770532793203882 -0.373194204945745 -0.266863411700737
-0.113157946882559 0.109960158247848 -0.438561493062211 -0.159814508890829
-0.15571205613255 0.118736149733649 -0.292444401120253 -0.00381474606530757
-0.0152893726359529 0.0801300793349588 0.113744012994538 0.126560168804536
0.0118327391530956 0.0303832126746567 0.212182193672866 -0.213622639517834
0.0128178304414395 0.0362826474422358 -0.0829140284596012 -0.382473823037942
0.0676423731121923 0.0254995362354184 -0.34581095498026 -0.163098659426131
0.0710964119553634 -0.0210502197258825 -0.310774579858752 0.0699831054166783
0.0540515289615119 -0.0458143126607427 -0.181707455226792 0.147406492316228
0.057280981226461 -0.0715917326375288 -0.0704402683472624 0.163435581712491
0.0721391546466338 -0.0775840810545933 -0.00600805126728142 0.181638671361476
0.120398645601089 -0.0643331030167279 -0.0102882157059907 0.225497621830669
0.148859647851018 0.0338695874096606 -0.133539568820801 0.236977486396287
0.0788249593928639 0.144695521328779 -0.319060748081565 0.115897012729335
-0.0406830919913852 0.18027488803394 -0.393054768866598 -0.0612338530364171
-0.169280643827191 0.15282725566941 -0.361587295803158 -0.214112515180585
-0.289587064034371 0.100557999580704 -0.376048519963659 -0.136754696757442
-0.295769685062638 0.0904279366113596 -0.196800419187657 -0.0286816237930095
-0.13462578282567 0.143033230503654 0.157002881495662 0.138645881767136
-0.0194603618852313 0.143150314384442 0.293853865233302 -0.203785157136146
0.0753693652711278 0.10434242161248 -0.018394346826684 -0.410193358731154
0.150693628174051 0.0275304306676866 -0.306803982022784 -0.207784557743003
0.134178222534782 -0.0649263398735633 -0.290054908369608 0.0265349941930319
0.0829390049374993 -0.10141328941901 -0.163008897527995 0.10904112373024
0.0757897815321911 -0.124104819450056 -0.0458701940577446 0.122416425144205
0.0971678218325595 -0.130152436503187 0.0360949257265879 0.131271776917854
0.175025643899074 -0.122914568315566 0.0701978154869449 0.190230036870557
0.239614942278036 0.00628040125171357 -0.0166305582172073 0.261890543605571
0.169726480410438 0.186388565016941 -0.246353240894593 0.210099135854886
-0.0198708274792825 0.295288487882432 -0.380710154346445 0.0297207109018644
-0.253420307580161 0.242781398788761 -0.340862963309697 -0.15424277434189
-0.410934135517465 0.105015403363312 -0.269635651428206 -0.11047548099893
-0.393657261450162 0.0345189381768586 -0.0559117577086562 -0.0302312696040638
-0.26050644959569 0.16980332183602 0.217381545968783 0.160287281693564
-0.0840813590666441 0.243647029179422 0.385326550849652 -0.161662349917092
0.116871660568081 0.188396442250951 0.0842494917732122 -0.40693083228617
0.220459832667751 0.0452244294873953 -0.222539498622081 -0.251456297454442
0.189848243299857 -0.0964740264937195 -0.240198370242183 -0.0338019206368602
0.107345855155934 -0.145132529454278 -0.133305996214072 0.049331737632729
0.0812983402155169 -0.157730026254864 -0.0161346344851887 0.0646895591482605
0.100397854983717 -0.161603008249229 0.0766349701057445 0.0645334588613474
0.191372519085841 -0.164831844899437 0.146324459247479 0.129125575320021
0.281769505831628 -0.0375529048412221 0.110310336567751 0.248383372156211
0.238980879323996 0.171466174738128 -0.137463976179162 0.278063222435409
0.0327371760662552 0.347846489839155 -0.331706069082301 0.11377123933252
-0.275870545173494 0.301113740822637 -0.306449299465554 -0.104629024863912
-0.461570492706675 0.10767781647137 -0.138081177713471 -0.0927152846538854
-0.42364824049219 -0.0346554269966727 0.110359164664399 -0.00666230533453195
-0.354435566650452 0.141137005104103 0.283129752539344 0.188112898286843
-0.165747774171609 0.288730051176968 0.453772841978656 -0.0851638525351501
0.115298922130389 0.257757533130662 0.19841523151125 -0.349017676238625
0.2535841857046 0.0731532806191199 -0.095977387593836 -0.271235045806456
0.221658448859802 -0.10524544764714 -0.159896108578303 -0.101702584232569
0.119086773723929 -0.165348587000169 -0.0921025536506748 -0.0239208214852637
0.0754037908770024 -0.167880998429847 0.0147667366805078 -0.00242195044475788
0.0870015446529814 -0.167270230079663 0.109178475033362 -0.00666710504458284
0.177026667451361 -0.174063099376727 0.203241505434264 0.0591568226966003
0.276683668941975 -0.0652791649489612 0.21035682435055 0.20638592158268
0.255905424299861 0.137042433833331 -0.0302043743585222 0.303402259590191
0.0612189827027991 0.338708408830391 -0.262151138867167 0.166041528293776
-0.266101871796336 0.298975539730743 -0.259128658225927 -0.0702906704958301
-0.442777502778539 0.0846460644657847 -0.00207817663140734 -0.0824736060249426
-0.370563385311524 -0.0894416628389945 0.26829819072105 0.0370706993962929
-0.371923533183349 0.0746208289019378 0.339097836235046 0.217685742129365
-0.220041319286045 0.258468352345899 0.473846496832521 0.00427977644691942
0.0785021966235118 0.271341431812981 0.283291954337943 -0.243074477529727
0.234050704636923 0.0906797028649161 0.0397166902957494 -0.253432627028335
0.212102982315432 -0.093151219372006 -0.0616735314246593 -0.160008839986047
0.110259788692024 -0.158467214969821 -0.0456328947841549 -0.0988422423856578
0.0580459936369228 -0.152058365114068 0.0437234503611427 -0.0671729681390483
0.0624878137091453 -0.148675881962461 0.132656379237304 -0.0704077356686344
0.144217392305132 -0.155074956805171 0.237810263222125 -0.000468795989360114
0.238316876196466 -0.0670877220639449 0.273511580892566 0.1585767641269
0.228279076749367 0.110387115597388 0.0499280776746577 0.301190608621899
0.0492153347247165 0.294131556152483 -0.195223678202402 0.187630288145388
-0.246890269352993 0.24186301969731 -0.207406394314027 -0.0474278209239644
-0.372629720605179 0.0345204441319335 0.117202421662874 -0.0700397786421644
-0.248275698092874 -0.113856579523616 0.385800196332697 0.0848124114564802
-0.298406927382724 0.00763781288395301 0.374305521352193 0.24242155513877
-0.200920091407413 0.176324668355289 0.454428423968061 0.0797200765171629
0.0399012135887787 0.212466267080893 0.325216665878677 -0.131067562077321
0.16946300379996 0.0745930121872801 0.148413750220319 -0.214792301721058
0.158676297818653 -0.0695216675368934 0.0265349312803486 -0.201567406347376
0.0792460311633217 -0.123299185522712 -0.00359893748683863 -0.162384319887782
0.0334608104969117 -0.112970447835129 0.0656050844418759 -0.120376121703916
0.0332977796871363 -0.112830515973204 0.14973376985415 -0.118128651734478
0.0991517855602785 -0.12028212559553 0.260702820261555 -0.0411634964559331
0.180294950785526 -0.0537496540265046 0.306275754624185 0.126898548010047
0.179341042590675 0.0901803282599759 0.097665589601789 0.293758057440186
0.0146063031684744 0.234124533903019 -0.145666298905916 0.194984443734767
-0.218503162651683 0.155617449361003 -0.158953982743603 -0.0278522404933368
-0.264314121718022 -0.0309427545079778 0.206275878042779 -0.0480568732864724
-0.0807382937369534 -0.105617970862423 0.439120821121425 0.112170431830343
-0.156052500977172 -0.0377233307942294 0.383124903446123 0.246112908385848
-0.113218194634226 0.0727470960060438 0.422398355093195 0.118939977455309
0.0150517175703175 0.0994207324055374 0.340736629582516 -0.06343483064676
0.0764672176181791 0.0289131348669186 0.207241137025857 -0.19115791173788
0.0723851307676464 -0.0402885379063826 0.0777811526406682 -0.227564474644909
0.0314366850091666 -0.0668416491951766 0.0203882284781343 -0.20279484475771
0.00418380756922109 -0.0570469025763968 0.076621712423718 -0.15421821535327
0.0024978766576227 -0.066034659500244 0.159677473047849 -0.144576066097327
0.0459862670882174 -0.0787140255496883 0.274051431104212 -0.0614735208867085
0.112220540196238 -0.0398995962911139 0.319736846891221 0.112821410449958
0.123906975935674 0.0663048714108829 0.118034888124719 0.294797197223563
-0.017728018369249 0.165240862436318 -0.119741149763162 0.20078671298857
-0.169067721301018 0.0617664776450993 -0.128592181252224 -0.0114646575579279
-0.12938143585421 -0.0891009160156835 0.256434272042245 -0.0163446035239971
-0.000896608599362304 0.113787349683118 -0.337734385979836 0.0491999939515595
0.0783835190286023 -0.00042733089664509 0.10492928356852 0.131796135799654
0.0143888007707829 -0.0685008533733182 0.163463808478141 -0.21368965420339
-0.0492690243837315 -0.0084993158489458 -0.122002566939705 -0.36177185510286
-0.0090238542379312 0.0317251738729326 -0.364597523420976 -0.12795827027626
0.0111865025750137 0.0257867804627051 -0.316171074702112 0.104112047242749
0.025201311795287 0.012576692875134 -0.191169114821423 0.175501620351705
0.0302337968477324 -0.0103389507616261 -0.0847096473164672 0.190733599553883
0.0279957210808777 -0.0141010120378984 -0.0325645211338713 0.214018163510998
0.0323645917079659 -0.0088541397909794 -0.064761620848067 0.239912622519455
0.0338693517059345 0.022364470678743 -0.207456236890028 0.203639205748213
0.0106805673160267 0.0398405317004287 -0.352865512930423 0.0539566857154592
0.00994989035496562 0.0385249677793305 -0.394664551514263 -0.117201858787265
-0.0177420740802597 0.0792997792956807 -0.391424580110579 -0.265440103707286
-0.112838646540817 0.115150024717787 -0.455280150905426 -0.150969719473445
-0.155440090176187 0.124995150164325 -0.299035919253388 0.010236905826352
-0.0136615873120744 0.0819225944144196 0.120901164478986 0.13112378777595
0.012265182556685 0.0315051362059438 0.212293056851866 -0.224902257449585
0.0155363754220723 0.0371051315117077 -0.0973798747391045 -0.390933156128985
0.0717092377884048 0.0216957844220901 -0.359107609212806 -0.155671614923706
0.0719112257417588 -0.0243356511077136 -0.315702896211283 0.0839639534506101
0.0536645969661793 -0.0496241416901759 -0.182986656604169 0.158313009329549
0.0567052802780657 -0.0764955121697479 -0.0684017718615103 0.171233903806943
0.071233754642345 -0.0833105567515951 -0.00180366039863878 0.187502248769545
0.121498111774601 -0.0720059619993565 -0.00325351282360733 0.23056257821466
0.154656488726519 0.0292266456297061 -0.129464315540018 0.244565732447324
0.0869733178489935 0.146293243379728 -0.32419584349403 0.129282168164052
-0.0385132578922095 0.186495267296235 -0.405506109009691 -0.0509300043046323
-0.170685053452586 0.160671525371521 -0.378316587608503 -0.211002332570935
-0.295407454951814 0.110882362593173 -0.39060323801733 -0.12754896681348
-0.298521268603537 0.101069708614201 -0.203540314483528 -0.0176650968108353
-0.133436927165873 0.149977364821228 0.164287614181548 0.142962513430747
-0.0162262366557322 0.147873855351281 0.29708390206331 -0.217032385861996
0.0817219810632768 0.105184357867377 -0.0309291427927432 -0.420405486208959
0.15649179605642 0.0214134072486358 -0.320782452867883 -0.203171869270492
0.134622020626122 -0.0722801854607254 -0.29611766351723 0.0385265070476037
0.0816665233782037 -0.107926246357141 -0.164403544168179 0.117241488006454
0.074001399643616 -0.130964718605201 -0.0447316762137987 0.127443561783403
0.095550345049279 -0.138389159758277 0.0386595673208395 0.133594978513503
0.175565172359104 -0.134838241186627 0.0775602800365522 0.190444583779748
0.246658031082825 -0.00331987746336733 -0.00801098274594777 0.265985801526404
0.182007047327325 0.186009515100522 -0.247928375251495 0.224397255900435
-0.0122251708495582 0.303893265444487 -0.391013842690034 0.0431793754943298
-0.254888013837474 0.256072236529884 -0.355958832051807 -0.147709420086313
-0.420278803212543 0.120715460362296 -0.280211953803914 -0.104092186418846
-0.399782548854514 0.0474933721674387 -0.0599237440741172 -0.0248229894356376
-0.26135286148964 0.18075285093306 0.225568383666913 0.164023793846139
-0.0797305164863879 0.252144928749151 0.391459113404652 -0.17679841706845
0.127058058528917 0.1903672580745 0.0752511812995151 -0.419964899692012
0.229359787519855 0.0368245145883111 -0.235478598401565 -0.25102378638137
0.190110958308286 -0.10704776658007 -0.247493746625471 -0.0263863420924386
0.10477070947861 -0.153593928639211 -0.135102311412284 0.0550813178104077
0.0788413306179103 -0.165638175623629 -0.0158777232990341 0.0665895562992686
0.0979547294872722 -0.170391749648162 0.0776807681779057 0.062853162161762
0.189995808352422 -0.177921761404307 0.15374001835556 0.125020066745457
0.288537946460142 -0.0492840047525911 0.122192577098856 0.246634624514416
0.252083323748965 0.167754202920186 -0.133297112410798 0.289971740595183
0.0431048680593129 0.355439490601907 -0.338867285352837 0.128604603368256
-0.274542224424553 0.317161021710682 -0.318518225335057 -0.0960121789597988
-0.472073269883831 0.12472378906381 -0.144485730972408 -0.0883062168077977
-0.432819559992869 -0.0233151492189106 0.110883199808927 -0.00625362250214053
-0.358818908150345 0.155435057274778 0.292184475764626 0.189716929570744
-0.162888637936618 0.302362025930331 0.463013409141679 -0.0997101268774833
0.127858898070511 0.261613216513917 0.194442480446301 -0.363417554440311
0.263851763833535 0.0650898410704224 -0.105866900575019 -0.275434370332207
0.222083111844728 -0.117582782834367 -0.167795509851766 -0.098967177715136
0.115537980303349 -0.17542103379413 -0.0952526044831081 -0.02197537452994
0.0729301835659243 -0.174804194683133 0.0141777315267763 -0.00339667022513902
0.0837304861349289 -0.174341337110952 0.108454966291012 -0.0115330035899412
0.175540033314357 -0.187230530232855 0.209000355007853 0.0515281563790769
0.281129333397784 -0.0781700684425207 0.224024572834971 0.199057768272392
0.267896270165906 0.131829600560779 -0.0217396643654868 0.312807457313501
0.0720182498945899 0.345245139027157 -0.266921765246098 0.181082797466692
-0.263776126325086 0.31426262470213 -0.268681549510381 -0.0617919170991976
-0.45403723525682 0.101448896614662 -0.00498606505470954 -0.0826673936512615
-0.3811289492368 -0.0812452476728963 0.275376450385496 0.0334466999937292
-0.377978277234166 0.0885867115125187 0.35082822003022 0.217411025698161
-0.219055388612439 0.273289085907882 0.484903549571984 -0.00835928940772379
0.0901593064868298 0.276853665778926 0.284083260157867 -0.25688995411175
0.24429644622732 0.0835695501960408 0.032798538787995 -0.261224208352179
0.211881555753037 -0.104891706922937 -0.0691659796049477 -0.161869440986623
0.106499011707711 -0.167444318112466 -0.0502972221585861 -0.100792392776232
0.0559852810906706 -0.157157601660749 0.04188735026885 -0.0719241607605435
0.0592374438347262 -0.153403268864848 0.130819537820284 -0.077589633652231
0.14222971584475 -0.166321321027881 0.243737385640351 -0.0116797116806912
0.241426673690823 -0.0783958072285462 0.286816087128476 0.148527185891196
0.237932929075649 0.104940580052969 0.0605870410486346 0.307979991219828
0.0580438476874296 0.299095541087918 -0.196596409880833 0.200074646922157
-0.244902104235699 0.255633738081536 -0.213767791379571 -0.0392970730876536
-0.38229119914131 0.0491234295667134 0.117706381565858 -0.0751769223450564
-0.255599226599564 -0.108616470981683 0.397087189865471 0.0761096015118265
-0.304312260033632 0.0180731630841097 0.387918983229456 0.239141350585078
-0.201427415775882 0.18727797372451 0.466810913832045 0.0699128955889854
0.0487720035640705 0.216503360123812 0.330861502113684 -0.143047437429868
0.176905695689141 0.0700547049950533 0.145990437123683 -0.224593545468515
0.157679594144974 -0.0783753182771676 0.0197571633741875 -0.208258073163258
0.0762809259233642 -0.129968875714529 -0.00945412992998799 -0.167188564846309
0.0320526099161743 -0.116112167927064 0.0634248058511602 -0.127644108924138
0.0309077103694232 -0.114846188510422 0.14754846143143 -0.127128881345203
0.0972036097057872 -0.127433027583344 0.265350696744768 -0.053675801548154
0.182869454922861 -0.0629287229364065 0.318612246778407 0.115855874163333
0.187146245277129 0.0859905035816721 0.109633607565328 0.298405838367359
0.0206618215872257 0.238998603414564 -0.145851123891238 0.205497225827089
-0.218443945983656 0.166764833759738 -0.163644693332226 -0.0219426333246218
-0.273060536270053 -0.0222990959287722 0.209329865134585 -0.0562677826800005
-0.08441548076642 -0.104504384684617 0.454566034363217 0.103274387547428
-0.159416705595902 -0.0323899441816651 0.39894350525587 0.242151486820188
-0.114104183042303 0.078165283347107 0.435584801997006 0.11009293108873
0.0185926720696832 0.10103585060082 0.348114749650595 -0.0752015649190864
0.0795531966533959 0.0268481666458446 0.206299733966023 -0.202261918514389
0.0705561353385411 -0.0446167104644721 0.0714984609275207 -0.236894968276349
0.0295519931065121 -0.0697272075928799 0.0137311456294247 -0.209355903180776
0.00353560151284287 -0.0573833924161569 0.0740416597874421 -0.162237574927229
0.000180667195802262 -0.065479310258818 0.157667939854113 -0.15449267224299
0.0436421527644567 -0.0811707140802084 0.279183789543628 -0.0747340973819606
0.113328254151467 -0.0455723692226309 0.332172455462373 0.102207669227737
0.129229242172764 0.0632267237133608 0.131800097086836 0.298934318992695
-0.0143083153560985 0.169158354294788 -0.119073867521594 0.21027467393313
-0.169761628005373 0.0685556599704638 -0.131074544402521 -0.00772311383226508
-0.135317705513182 -0.0870011211533664 0.260638222244455 -0.026791249999955
0.0067177692227972 0.115823076282663 -0.342323685839183 0.0777256941412199
0.0797923864200166 -0.00664950969730162 0.119492383082923 0.132299478669349
0.0105912329103504 -0.0705878125724412 0.155665268568 -0.229494373803328
-0.0500201015959184 -0.00559715368647797 -0.151671846773967 -0.364714806298051
-0.00591361060881321 0.0315989367406002 -0.3841486754775 -0.106836856275794
0.0144298205676647 0.0262270981837667 -0.317305735789796 0.130745265273997
0.0271136130423098 0.0106132886572093 -0.185499459319834 0.196032024120658
0.0307436814459001 -0.0142873103366986 -0.075366678614252 0.204099827420396
0.0276452572033453 -0.0178942278778006 -0.0190107107337641 0.22468265154731
0.0330165617356797 -0.0121200764005494 -0.0510191616517836 0.250950611808368
0.0377688786049425 0.020519696655442 -0.201565272200556 0.223912806084914
0.0146788974924714 0.0406072913302633 -0.360540999668917 0.079834049414861
0.0106060188582029 0.0395237467861933 -0.413323050382125 -0.0967786523294121
-0.0159614980588444 0.0814111094262122 -0.420614770282373 -0.249685417785852
-0.108388455353315 0.124783670676318 -0.478968248625045 -0.125545658751924
-0.150467859293542 0.137167179644091 -0.305224207008667 0.0348533297843254
-0.0100049533931184 0.0840745997708331 0.13524468195551 0.132193909866958
0.0143132376717216 0.0319224312777417 0.205338859216466 -0.244606552853046
0.0197183213697335 0.0370727114416876 -0.126867421194008 -0.395855303476691
0.0761715894991303 0.0153540886448851 -0.380064395804197 -0.136780949964777
0.0724897032420827 -0.0310016093663544 -0.318006964036845 0.109664533405554
0.0515581330711292 -0.0558272946031724 -0.177017124194097 0.176935945065667
0.0530615829251564 -0.0840740176463279 -0.0597411765596033 0.181911012978236
0.0675796845128974 -0.0925716763189504 0.0098137549409203 0.193862777252926
0.120112799657446 -0.0848689895505696 0.010842768059053 0.236506242897689
0.162992341149346 0.0189295652780523 -0.117661234001183 0.259869182033834
0.10112675481116 0.145087090607023 -0.325582571999798 0.155974447062761
-0.0288167079943382 0.195972736542212 -0.420502796716258 -0.0255622502569675
-0.168456219647399 0.176457368092833 -0.403834064499541 -0.192555333965214
-0.298058843685127 0.133941991092739 -0.411430201247172 -0.104185586108198
-0.298861814230581 0.12252858936375 -0.210400018510347 0.000611021580027637
-0.12773103357635 0.162100465435471 0.178946769335552 0.142050764974611
-0.007799860140834 0.153070883702286 0.292404130501918 -0.24123142326513
0.0918595446446012 0.102896068111662 -0.0600916460969224 -0.430997640439492
0.163212211695857 0.00808654384891052 -0.343749150479206 -0.187103556690016
0.13292016005692 -0.085285743270405 -0.301719701950681 0.0606669985940394
0.0764490181696341 -0.117883095385187 -0.160952168264335 0.13262427504619
0.0672046466231371 -0.140887507688885 -0.0383886414636152 0.134631214466435
0.088353160428359 -0.150587233000501 0.0471091980166425 0.135582612485528
0.170276976578535 -0.154009834771419 0.0915757429550876 0.189148004003564
0.2544960574939 -0.0222291830580402 0.00966487804972285 0.271205316634351
0.20162531040531 0.178563484064635 -0.240309431114566 0.248225084202464
0.00617453731917115 0.314267266274279 -0.40040828594627 0.0712949352931925
-0.247096425553107 0.280253399217722 -0.376471288858742 -0.127418915438968
-0.427372946531993 0.152943769440129 -0.295461483568024 -0.0853537725252303
-0.406438540669781 0.0738213512573128 -0.06375227211569 -0.0168431787668055
-0.256410016964233 0.203293111926133 0.24126541837378 0.160108249941101
-0.0666247224450797 0.265526506870308 0.391812358852869 -0.206463905116275
0.144411502768138 0.187213725279638 0.0495981304708675 -0.437145190078006
0.2393799350065 0.019518889962359 -0.25908146707171 -0.241806292198374
0.186139767774775 -0.125427461145065 -0.256445127334112 -0.00966739736323347
0.0962963735258375 -0.166422284421054 -0.135113949086983 0.0651588762284593
0.0706461663309701 -0.176532400038078 -0.0128968094138586 0.0692609288630262
0.0889917696842636 -0.182880030872947 0.081983773887062 0.0592740682679181
0.182326946958494 -0.199668947836742 0.165291817529701 0.115789605013197
0.293753426609062 -0.0735464709013144 0.142564959758689 0.240580154927229
0.272438572304383 0.154440073680239 -0.118112006648003 0.309239840511425
0.0670171606389993 0.362756110324024 -0.342508675882785 0.158160527684076
-0.262284550560758 0.34488596210345 -0.334827696717657 -0.0758366073546136
-0.479365737155635 0.162059068073245 -0.153912447630671 -0.0794060130817194
-0.445167932808808 0.00434917588429427 0.112926531940924 -0.0100614557371745
-0.357543810832309 0.184056568103545 0.310281773770853 0.18249725584812
-0.148824295170058 0.322987545395828 0.469345073734259 -0.131805317313067
0.150027673022226 0.260542557739167 0.177178966582064 -0.385180972365172
0.276998476564662 0.0468627726988673 -0.128594072873348 -0.275472674103241
0.217599103580126 -0.138763060080828 -0.179466136493068 -0.0898394323399517
0.105539793239174 -0.189837068575558 -0.0991684558905983 -0.0166326591375127
0.0640412747091173 -0.184791397146686 0.0138085197898524 -0.00555746567452689
0.0739325782173084 -0.185689982160826 0.10802246890874 -0.0196099689384246
0.166725011991838 -0.207591006258811 0.217262449821923 0.03628530410492
0.283874443518682 -0.102198182148711 0.244429139097537 0.184118192559606
0.285753421636934 0.115391438230448 -0.00123886957713274 0.323402362642035
0.0958321372297606 0.34913689908079 -0.264161815585352 0.207388092113362
-0.249723162665674 0.341506116012018 -0.27966722688181 -0.0430678620610265
-0.461936524950768 0.137120587308154 -0.0100848843106313 -0.0828360366450518
-0.395711956967558 -0.0584770617822153 0.284077923100455 0.01948654338554
-0.381466223912306 0.1168227925194 0.372324096490171 0.204839545035102
-0.208860355436 0.297200387295852 0.497912360957194 -0.0398648792533257
0.113098651205789 0.278783241591036 0.276311663623885 -0.281614858589161
0.25863394553031 0.0678191189620669 0.0168351975984977 -0.269757138353314
0.207894679905204 -0.12395372288177 -0.0833595178463662 -0.162420758756255
0.0971075600013617 -0.180499898313584 -0.0581726898110817 -0.101131875332487
0.0488644731953419 -0.165043232936899 0.0375916328881902 -0.0782242868805555
0.0510319731187245 -0.161401682136492 0.126638984086282 -0.0897773905755924
0.133724461203537 -0.183028003111308 0.248577112202484 -0.0309810236939626
0.24268055300793 -0.0990892664033307 0.3052476594015 0.128149796038972
0.252658556650306 0.0899988894700736 0.0834266201151443 0.313015807146697
0.0782471400551919 0.303452710832269 -0.190989538862908 0.222655275569404
-0.234656418908538 0.279488161747368 -0.221409793556095 -0.023539111757146
-0.391340445081495 0.0780432406020324 0.116622275259857 -0.084680615772877
-0.269135483414742 -0.0947299690228971 0.412323302426278 0.0557118165456076
-0.309830716821439 0.0396643406471269 0.413077470219883 0.224185534192083
-0.19632960455596 0.207404988483705 0.483850150654719 0.0417638797291076
0.0653942144340372 0.219398730812682 0.331281743989264 -0.167566515100096
0.188087464655465 0.0589614962223032 0.135323180340799 -0.240033748380364
0.154465032618351 -0.0921574018482197 0.0052212421743143 -0.215597504640571
0.0682425428709259 -0.13968452792425 -0.0215285470449044 -0.173517383973641
0.0275086259076671 -0.120615269423225 0.056610933986607 -0.137542438612769
0.0249124397677837 -0.118047492537084 0.141258230326866 -0.141901062362205
0.0907243979761193 -0.138432110180043 0.268558256721508 -0.0756766428075461
0.183011390479049 -0.0785650255257558 0.335923752407479 0.092518797892997
0.198295177226208 0.0744050385365895 0.133141952997869 0.299533627931736
0.0364174525164431 0.245042420868197 -0.138429620152868 0.223758005694346
-0.212103165804219 0.185184622410175 -0.168790989589107 -0.00955248543467867
-0.282081744710543 -0.00335572248982073 0.210772263504096 -0.0720740411077458
-0.0918305918187672 -0.100825094988166 0.473780998465789 0.0778907576241522
-0.163238815596813 -0.021419082814737 0.425091307488399 0.224005395477046
-0.112169538098679 0.0888050083062062 0.453819007475646 0.0851870960305407
0.0264616213529173 0.102139512933234 0.353649320740461 -0.0986075756385337
0.0840733841213582 0.0215678359075402 0.198939194195731 -0.220961477208881
0.0669406844207106 -0.0505206500893099 0.0561394304402217 -0.250056659992987
0.024451652677601 -0.0738677325437458 -0.00039065315389338 -0.217933034907016
0.0018001456564964 -0.0580919375905763 0.0652768631480348 -0.174841072104643
-0.0031522506787895 -0.0652105719560639 0.150777103610643 -0.170796113456315
0.0390224847868938 -0.0859262936822286 0.281212570914274 -0.0979461719565965
0.112348494785615 -0.0552644461326666 0.348322355867616 0.078759063657302
0.13656398302653 0.0552113997647437 0.155242483206317 0.298867750051091
-0.00355059236691876 0.174853190083852 -0.111060594822061 0.225972920192565
-0.168702697933267 0.0818031180684509 -0.134302698479851 0.00177900017820552
-0.144913130061067 -0.0798857350473289 0.264694550123935 -0.047026708776536
0.0173625234267457 0.112982315309763 -0.331603468259359 0.111802096567515
0.078036155047341 -0.0140406045217373 0.134690004601787 0.123940646427709
0.00472709529645359 -0.0707146761512263 0.137618072238044 -0.241058096562246
-0.0497652579933041 -0.00107104028018955 -0.186554029842233 -0.351117394753139
-0.00247256610616774 0.0300783731225592 -0.394772380069773 -0.0708784620259621
0.0182069661644242 0.0247847126136305 -0.303351076833048 0.161024189800093
0.0279055504464679 0.00724277987724443 -0.167341880465345 0.21560409422017
0.029183934061842 -0.0187430282145642 -0.0569854053766594 0.213638724246012
0.0255961633002214 -0.0216664842922969 0.00184832997677536 0.228152913339684
0.0318911491473176 -0.0162691524371375 -0.0285250904368415 0.255874423184023
0.0409837379201 0.0171157224663831 -0.182802595152303 0.242262208305397
0.0186866909968802 0.0395153964158991 -0.353649876487093 0.111871772049287
0.0124147779726494 0.0397902042658811 -0.420583323416959 -0.0611764519366696
-0.0111838586431819 0.082664456615346 -0.443221297560155 -0.213582416684192
-0.0977130069130026 0.133172749159141 -0.489842422380307 -0.08291227153253
-0.136640468831477 0.148377118954988 -0.30061570236044 0.0675509449402029
-0.0030362257972902 0.0835036784926041 0.150212983069343 0.124546166214781
0.0171832083468213 0.0307078274151484 0.185578695324178 -0.260486656832405
0.0236497878903033 0.0350686739973909 -0.162662381866225 -0.384002807888746
0.0777971837045575 0.00608360001153938 -0.392824171352106 -0.102012311531293
0.0702155535678199 -0.0381290559047723 -0.306748820906076 0.139508577222177
0.046423155989445 -0.0610990819026617 -0.161221468063141 0.194644464602303
0.045369627671897 -0.0906603795594392 -0.0442217864192291 0.189334089023378
0.0584706401785652 -0.100562641034341 0.0274902465852933 0.1947343117692
0.111181280765004 -0.0978222105098842 0.0314054513426735 0.234655920309364
0.166424056280531 0.0024751605578956 -0.0953396288130417 0.269743816042156
0.115296649849503 0.135827609313265 -0.312360081005739 0.186120883096953
-0.0136810828785399 0.199491213430543 -0.423072657438146 0.011608945020259
-0.15536172440467 0.190781803274763 -0.421597480412168 -0.157911875294092
-0.286969125441235 0.160464537097421 -0.41821786678434 -0.0662742002352754
-0.286309517032208 0.146460785294291 -0.208498120234608 0.0248822905119121
-0.114004351706781 0.171793418844607 0.193094624261087 0.132364158289545
0.00471871291647735 0.154153739185356 0.272118662657781 -0.265783834104879
0.101993313465033 0.094267668207141 -0.097748048026581 -0.424500117574654
0.164069883442993 -0.00910175693092497 -0.359141474505818 -0.155697215081372
0.12424707608129 -0.0985243190062637 -0.294691478540144 0.0890261971632121
0.0648270572880263 -0.12545075463801 -0.148667149749168 0.1471839627214
0.0543864882272951 -0.149036441043346 -0.0274998692897588 0.139577706046216
0.0739778223914153 -0.160010475170832 0.0580999527704033 0.1322377347491
0.154524827799711 -0.17212498871857 0.107450518283426 0.179795598117752
0.253243622573426 -0.0471185799153697 0.0335361544618951 0.266901226012127
0.219455912371757 0.159488243184803 -0.217740453916915 0.270898056865222
0.0313582288027785 0.315066040604036 -0.394161405516756 0.109256989447323
-0.224526516884227 0.301872416852528 -0.387680232470719 -0.093766099962905
-0.414416715569764 0.192584319166625 -0.300647406568447 -0.056757951576449
-0.397851594438529 0.107603423039548 -0.0652869554617193 -0.00604747931620595
-0.23852939832682 0.224551679807446 0.255706023246187 0.14618785448962
-0.0439968164264649 0.271788062717101 0.373895965747581 -0.240122601851406
0.162242762596687 0.174169254186324 0.0112999170465912 -0.440732470899093
0.241065322548804 -0.00506715901819224 -0.279737016392367 -0.217443845871805
0.173103553011109 -0.143307338532243 -0.256713062148239 0.014529794778548
0.0797151885655486 -0.175886732008398 -0.12872200315409 0.0773274831544574
0.0551629848313316 -0.183956667315306 -0.00763449269371249 0.0705759967408819
0.071558112219974 -0.191793463030521 0.0851569768952467 0.0526890641893415
0.162109946188822 -0.21902730417418 0.173789532081341 0.0991218523279281
0.287508475222607 -0.102613474323639 0.163085277429698 0.223189846801811
0.287103430185891 0.127710407836907 -0.0904672196116754 0.320400029814606
0.0971209154784033 0.358278923301371 -0.328566389060788 0.191674681970897
-0.23243711491473 0.367787331408386 -0.339738447496046 -0.0440224594352313
-0.466592067172609 0.20733993396672 -0.158780070276275 -0.0633331023236625
-0.442791745337028 0.0418148010611166 0.110876220090606 -0.015799154166642
-0.340100733317046 0.215447824250282 0.325284676371288 0.160952360665112
-0.121884480955534 0.33706935130094 0.457653739670406 -0.170917753081839
0.174443476544971 0.246788351054116 0.143964872701912 -0.399749907440902
0.281514057178502 0.0187030598074784 -0.151920177101178 -0.26319320248794
0.202273035710013 -0.158825324185338 -0.18729405361328 -0.0728360869031402
0.0863585605686613 -0.19948321494867 -0.100381034672769 -0.00855771959464118
0.0485281544391202 -0.191100479956427 0.0126288651145191 -0.00755278100113647
0.0578242240110872 -0.192360711297304 0.104204763836297 -0.0288757036268555
0.145717163756261 -0.225373334865344 0.219033600571638 0.0140201401318101
0.27408595697562 -0.131048368681494 0.258924659660542 0.156252783415875
0.296328589173295 0.0885567218030153 0.0276971553169434 0.324690947605632
0.12554693028283 0.342049503766448 -0.245749666269255 0.234658574415746
-0.21931685902531 0.364570258497426 -0.282276079126289 -0.0161413382211409
-0.450302088785136 0.180682237675808 -0.0154133395146798 -0.0803068908418379
-0.399067692788747 -0.0256064420065066 0.284217644555495 -0.0028213962626542
-0.369441985166309 0.151230474390965 0.388546973793092 0.176912442164861
-0.183006633838056 0.316997442476149 0.49307163479031 -0.0817569200476811
0.1387015347751 0.268278517884017 0.252342779536983 -0.304443200502197
0.264923058764219 0.0420746763417132 -0.0062263996007767 -0.270486369247063
0.193895828708816 -0.143406488713464 -0.097895453149486 -0.154210226557747
0.0786941288063467 -0.189918554841576 -0.0680374195164595 -0.0969408331405761
0.0353738510162372 -0.169782222597411 0.0299912800550424 -0.0835617248423204
0.0376216526203986 -0.164925172960825 0.116681518567848 -0.100999606632281
0.115254548732121 -0.196321855879971 0.243800603554207 -0.0556331959788023
0.23237494531857 -0.123415899688827 0.3146143975881 0.0950060280512261
0.260256610217705 0.0655101325787073 0.110790215549955 0.304943696316162
0.104600302303979 0.297443391628789 -0.172263482325244 0.243084069724042
-0.208460418856135 0.299951833845401 -0.221320801909579 -0.00192962620887669
-0.38309501517663 0.114578921879516 0.109857427750726 -0.0945540870693531
-0.275266274868747 -0.071453592030629 0.416211449652746 0.0216651990988216
-0.304050065914157 0.0676388779627837 0.430966843298063 0.190944531143729
-0.177515814200598 0.226428740111798 0.486260581026004 -0.000227843209479231
0.0859599782493778 0.212730822964547 0.317843613967486 -0.195311448849813
0.19416486296834 0.0401995208495596 0.114797486128742 -0.251069179806063
0.142894841233126 -0.106651554127331 -0.0148301489345893 -0.21626484696338
0.0537480079185739 -0.145754285481325 -0.0376506539471859 -0.171931649298953
0.0178312203552705 -0.123397077022203 0.0432640744454609 -0.144931511354256
0.015117704075169 -0.118741593708803 0.126522920982208 -0.154859873445604
0.0767883065825338 -0.146975541664526 0.259739173384098 -0.102573105252633
0.174778689878775 -0.0964277619269 0.342920305597686 0.0578384323613089
0.204245550786099 0.0550130064251793 0.16004876821851 0.287764221675758
0.0568187983074023 0.24125636708188 -0.1196977764312 0.238851432348397
-0.194547620290528 0.20402073696107 -0.167169796024204 0.00655383198019458
-0.281642711343241 0.0238719077503997 0.203479527863314 -0.0919037414972519
-0.098397013059899 -0.0925896186301548 0.479857197388919 0.0368355473316445
-0.161796888121209 -0.00635113778187869 0.442894430612953 0.187957088555919
-0.103797823732565 0.0994255554113414 0.460285351813263 0.0454387860428162
0.0364026333463437 0.0988505263869722 0.346150374850266 -0.1287586569366
0.0861872388832574 0.0128475941485788 0.180698422353332 -0.237484861842866
0.0601167331789727 -0.0567854124149998 0.0326118129193532 -0.254585695249013
0.0164671781568713 -0.0758253597070632 -0.0216028971721247 -0.218626031208619
-0.00158002238679295 -0.0579807127585695 0.0483339947121416 -0.183348620876519
-0.00744264001000728 -0.0626200365512878 0.133528950191808 -0.185255902833778
0.0306961025391396 -0.0888777859138482 0.27030813291995 -0.125872908208407
0.106476388699135 -0.0658907987597149 0.354325699971784 0.0431752903785238
0.140503769776919 0.0419583354813006 0.182168498113848 0.283692809516768
0.0117032513535797 0.175662344660727 -0.0920046311607131 0.237205523043275
-0.160200621911612 0.0959467474063022 -0.132778902014745 0.0135588306641639
-0.151657342774642 -0.0654592803856243 0.257996256345872 -0.071895203038961
0.0251249994688635 0.105458255224287 -0.307147981096913 0.136190815044528
0.0726168433373229 -0.0204694507918019 0.14374843037831 0.110516755785536
-0.000646607935302719 -0.0688661317187431 0.115917195976114 -0.241534393914264
-0.0478293226808515 0.00314955307843007 -0.207763032189319 -0.322456066638416
0.00012386634652936 0.0279785192249785 -0.386665419422781 -0.035683824944003
0.020534907480999 0.0217829432624045 -0.276669649528428 0.179857695400281
0.028123310609945 0.00424261856634311 -0.142487137732062 0.222828592608952
0.0263965614756388 -0.0217676311456349 -0.037156137123609 0.21289770211275
0.0228261582900012 -0.0241373342742498 0.0206604797932908 0.220692272103743
0.029385678617764 -0.0187934452787578 -0.00775361898841469 0.249219309145409
0.0418164754654889 0.0121172342151238 -0.157877681065975 0.248712312930146
0.0214050889854093 0.0368824971983752 -0.331955426923205 0.135974461729869
0.0141258433922364 0.0380682698317385 -0.40832536853876 -0.0281721948318893
-0.00734932544192197 0.0804045090323054 -0.443843701515073 -0.173380774306092
-0.0848123695327472 0.134699116808113 -0.475495823485499 -0.0427216741961682
-0.119628359409979 0.150848313046897 -0.280344408477634 0.0929791730531249
0.00220597153769561 0.0798218497846609 0.156953224092735 0.111509069155856
0.0183793222675641 0.0283128004673085 0.160527625439314 -0.263613465446889
0.0257744255073921 0.0317382906534193 -0.187478060407246 -0.357129062634415
0.0748526471930475 -0.00262249285761843 -0.385578329772308 -0.0653574300281681
0.0644996375351344 -0.043146121420055 -0.282067054643682 0.159691500247386
0.0399217069801801 -0.0629478257836833 -0.139112882863155 0.201416292252086
0.035815083732735 -0.0928004523240228 -0.0271542981308352 0.188034350106731
0.0474389177522334 -0.102751947618641 0.0416723114621757 0.186980524938156
0.0986318099431044 -0.104493461629548 0.0478040359671462 0.223627197059659
0.160759050296848 -0.0123859955456778 -0.0719371429440365 0.266521206329026
0.12308864611047 0.121054544090513 -0.286424390071956 0.203853369400379
0.00103418790465145 0.19475276047781 -0.404369968277953 0.0440651314392828
-0.137795373213832 0.195893524302604 -0.418174960268661 -0.119361438303441
-0.26380479469838 0.176265085376425 -0.405477179159748 -0.0306314839525859
-0.263199890935872 0.161258040148712 -0.1962369936211 0.0444241094680078
-0.0969613635858274 0.173455033272504 0.198775895577678 0.117566254767534
0.0156746451837924 0.148347991494294 0.242228102163968 -0.274547838121457
0.105606995261057 0.0824268223009572 -0.126111328239373 -0.400623978036298
0.156351885127176 -0.0244763693739209 -0.357267671716544 -0.121002430667812
0.110975614986608 -0.105912332781251 -0.275973500079723 0.109904409280972
0.0525276372426781 -0.125763789049486 -0.131008237413004 0.153770739065613
0.040585199955725 -0.149154299715101 -0.0157664600230884 0.138292324417514
0.0571007352755452 -0.161689769460908 0.0653521729103054 0.123543152577716
0.133502715831343 -0.180585721487967 0.116017680880018 0.163684748690554
0.240754479743093 -0.068733458210578 0.0513333070143196 0.25184005104271
0.225034016725923 0.135044368840597 -0.188958625238055 0.27805200670256
0.0537231326792324 0.302661804990306 -0.370010347700788 0.136838694572562
-0.195020914342006 0.308672017091702 -0.379497588084918 -0.0595785878662997
-0.384525284576256 0.219077670168134 -0.291287072153587 -0.0306899664491496
-0.373479007781505 0.13224135992376 -0.0624892142287746 0.00417147569412355
-0.212198233463341 0.23344069856844 0.258372549079249 0.125889504136908
-0.0222857468619303 0.265516510942589 0.342246201694749 -0.257260039943809
0.169996665646597 0.153926357709584 -0.0218756789615585 -0.423345431124858
0.231280077450191 -0.0267647593157566 -0.285966628072786 -0.186610529339634
0.153774739546776 -0.152693447725375 -0.245189312801705 0.035200851303912
0.0621257671269038 -0.17541088673596 -0.117427482657047 0.0838333669619775
0.0391789874474552 -0.182908992463392 -0.00272146372571387 0.0691702798456952
0.053631506922058 -0.191812659936282 0.0841468204554936 0.0450802355575672
0.136505201202078 -0.226290792037287 0.173371918006654 0.0805664157315706
0.268078361081093 -0.125274333672317 0.172238888612999 0.198160692159678
0.287004188297052 0.0996681849254372 -0.0620611153933036 0.31589083777494
0.121270642800326 0.339229885405827 -0.300372565986826 0.212695108766285
-0.196195241730363 0.373384493967153 -0.328277923121916 -0.0157863475908401
-0.432658358266135 0.237596379784668 -0.155352198882135 -0.0476427199662092
-0.422194906800803 0.0725577796859719 0.105158600975337 -0.0187511183372678
-0.309661457037115 0.231910066716355 0.325017118107014 0.135590838840576
-0.0922824616218128 0.335588382158269 0.426960215316616 -0.198598591645016
0.188262703063002 0.22305574286537 0.108846277026646 -0.394643981039228
0.272605810991482 -0.00656296547558599 -0.165246710208508 -0.240132271072832
0.180096314421529 -0.170321781275098 -0.185855134604092 -0.0551449280913142
0.065890570501915 -0.198871310266653 -0.0977321791710406 -0.00107393150991171
0.0321886557457682 -0.188796113417768 0.0106217855088985 -0.0086762918938589
0.0399173175282954 -0.189981897146812 0.0959992865129118 -0.0358876533049351
0.119889816628032 -0.231142370871282 0.209537230623926 -0.0046695475090302
0.253124171761191 -0.151162948318635 0.259146958348411 0.125779147469169
0.291760046710136 0.0601750115940177 0.0529516708509637 0.310983820422884
0.147130837213266 0.320376457592283 -0.217773979943635 0.247144236802147
-0.182862196886053 0.36818429458303 -0.269461089286161 0.00765007559081394
-0.418206132324796 0.211324905733343 -0.018815222085763 -0.0758174546583111
-0.385059127645272 0.00479481425947147 0.272327763192859 -0.020390786516346
-0.342054340014806 0.172192809444005 0.386729276687106 0.14566510103682
-0.152129163374455 0.321067107897233 0.467607598168039 -0.115884515762923
0.155312626873886 0.24627736154194 0.221739256900182 -0.310364472411725
0.258773356565541 0.0167820002998911 -0.0245125532989481 -0.258234975572804
0.173008381453346 -0.154301987410349 -0.106490190633218 -0.140460610984874
0.0591599755974523 -0.18863801517535 -0.0740624900497532 -0.0890386857105914
0.0219237724224775 -0.166914696392728 0.0210225826534026 -0.0841424057494219
0.0237899513125183 -0.161417259570366 0.101962438935145 -0.106160777034828
0.093923859774421 -0.199499476702605 0.227956330797326 -0.0743950432542259
0.213033844657797 -0.139998836723576 0.308661396737879 0.0625506586276217
0.255892347967358 0.0409774269781243 0.131139224924546 0.28603718636202
0.123349218956595 0.278810797788131 -0.146245199160487 0.249696502756378
-0.177797040298447 0.306001397246539 -0.210053735403802 0.0153364702515443
-0.359120690572667 0.141592519569956 0.0995119710113327 -0.0998527228496304
-0.268659407750213 -0.0484687339253129 0.401062143653237 -0.00826558555076208
-0.284891047715747 0.0878615246247323 0.428318451651764 0.154471181548673
-0.15349309067558 0.233047025028841 0.466506836195323 -0.0369124406775485
0.100186492868167 0.196822544058721 0.292669028419518 -0.21038534885086
0.189682880913755 0.02114481255575 0.0935408787641154 -0.24945503873409
0.126845701851546 -0.11392671646834 -0.0316902444871082 -0.20657516046707
0.0390095175001812 -0.143942431265738 -0.0508653143677503 -0.163453624384448
0.008852766157259 -0.120411632602481 0.0285484673508842 -0.145085942918201
0.00673138438436666 -0.114879527660153 0.107598829568869 -0.159351200287041
0.0606369367826145 -0.148020850402432 0.239920072030375 -0.12086480945254
0.1594749696018 -0.108405775626102 0.331665132912803 0.0242392274055105
0.199927496065725 0.035409412122648 0.176851184879138 0.264224235524803
0.0733643598202154 0.229085280977002 -0.0963650528527958 0.241304053767201
-0.1703524172494 0.210841917247801 -0.15826705910358 0.0188287035230017
-0.268046505331009 0.0458641281639708 0.188041840557117 -0.105058138145219
-0.100179898758148 -0.0817928092803303 0.464076580964722 0.000121646509134517
-0.153657588237376 0.00588547152052277 0.440156436269336 0.148575857438591
-0.0917648214531064 0.10479013516686 0.445178963123488 0.00995695228367927
0.0427680255550276 0.091469510137979 0.324903894403282 -0.149203932281084
0.0835218111469781 0.00415143723619407 0.156970670880423 -0.24253321755967
0.0511883565778599 -0.0581855479901288 0.0102943673152044 -0.248172672315894
0.00875914066925173 -0.0733272857977436 -0.0400116210808529 -0.209974615785671
-0.00443290518049888 -0.0562939056532859 0.0311785529702814 -0.182772229714975
-0.0107446711343166 -0.0578804413410478 0.111871124069242 -0.189521932856008
0.0221171451705114 -0.0876314678955481 0.248330990708394 -0.144934593460804
0.0959773641413045 -0.0725160167428577 0.342810362839433 0.0108811952666016
0.137276547214726 0.0280657117796406 0.197991633160483 0.258797175068792
0.0246844210315136 0.16826785723106 -0.0706345081933649 0.236872995377086
-0.145574567490106 0.104641926285078 -0.125887375098566 0.0225560525357965
-0.15047873378006 -0.0501346745677434 0.240068484791959 -0.0907707542555088
0.0128022210841387 0.0972790704166338 -0.298416602615671 0.108380467183703
0.0675225767552814 -0.0121400289482007 0.131704247223547 0.119457173618949
0.0063492073718 -0.0630488720650575 0.134610591935502 -0.215298368868174
-0.0432327602321951 -0.00363063205083171 -0.163935320652753 -0.315654254147601
-0.00280129289171171 0.0234431993106072 -0.357590283734774 -0.0648685745940317
0.0198768275462674 0.0188077031293334 -0.274358136244626 0.14783734105991
0.0279083100496156 0.00547053422612332 -0.152780825721704 0.200444305581584
0.0272039550289765 -0.019684752087181 -0.0541660883013063 0.19987882166914
0.024700961864229 -0.0226339052786288 -9.98175576566198E-05 0.213720713501055
0.0306702787870262 -0.016892191772553 -0.031492986007893 0.23724455656104
0.0415580064302837 0.0142536118072486 -0.176838526451077 0.223651080851434
0.0226273465548259 0.0377242338941649 -0.334599665624583 0.100167400787876
0.0124458415214976 0.0436616915982936 -0.389199609699903 -0.0695979309895669
-0.0149916382691292 0.0797060567230079 -0.412751681312712 -0.211175932039216
-0.0905955266785824 0.122936990951672 -0.45826260651073 -0.0926577956279151
-0.125079798337301 0.125562115228454 -0.277612786510217 0.0636444250085686
-0.00757187357656573 0.073103676924563 0.138266120309671 0.122482741389483
0.0131390806383702 0.0289455210777905 0.173635819185194 -0.228407297382667
0.0218221491196098 0.0318647665191405 -0.141426318214218 -0.343221800102181
0.0707928075263789 0.00365471694338909 -0.353011180581537 -0.0893228727583894
0.0668642932589311 -0.0376800470019882 -0.274087457177937 0.128922030972858
0.0452528355478456 -0.0567835689275586 -0.147358618280536 0.180938734019132
0.0433661223551699 -0.0867385789977167 -0.0439160321457941 0.177033705865354
0.0555711037272396 -0.0957209703665698 0.0211507970575316 0.184289046520301
0.103301747598121 -0.092127170638516 0.0206062125106335 0.218457965670192
0.156946754082791 0.00137800478119617 -0.101106915041263 0.246724187748382
0.111387627313913 0.126858583412771 -0.299226477010999 0.168478318482315
-0.0131885448681778 0.192010091253059 -0.390660856356128 -0.00253959079837447
-0.149530193374766 0.177661174241984 -0.386248369562603 -0.162395561016602
-0.267175304506796 0.148604381021638 -0.385721523940211 -0.0784794118707727
-0.257966779057892 0.121108670257144 -0.201017164374816 0.018375988841409
-0.108575030685527 0.148692144924198 0.168592371229648 0.131147743601646
-0.00228881925497939 0.140059161629135 0.243672163969921 -0.229165007492571
0.0909180029652652 0.088310887319428 -0.0837486039559342 -0.374886482148743
0.149709147287176 -0.00739526778620395 -0.321748607674027 -0.134726951338601
0.115752387851556 -0.0904368138288704 -0.261071163677919 0.0843520274072998
0.0620401786347267 -0.114946792664902 -0.135917607641914 0.136302097933083
0.0536437125214418 -0.139849370509248 -0.0287107448749121 0.129380735591005
0.0706129745547593 -0.150535036379514 0.0481942976279693 0.126136195264674
0.142502786429326 -0.160852754826505 0.0885359657698669 0.168984286233752
0.237060621883327 -0.0452840701284938 0.0153341080840231 0.243983116041664
0.206687723270464 0.147974783345312 -0.215303316689358 0.248652170207241
0.0297853231792991 0.297955531039991 -0.367929112283917 0.0875607505403621
-0.213352113476207 0.279997658177223 -0.35211081157065 -0.104765522855293
-0.386773181693431 0.177766441269463 -0.270234011174835 -0.0717218233248035
-0.357116629546936 0.0835058475954818 -0.075656386700026 -0.0159543105114464
-0.220934639338005 0.191828104110153 0.217464809355402 0.142036847652394
-0.0502496692037784 0.24627034875878 0.328026812964255 -0.202942901132999
0.142521779565814 0.163033215292273 0.0123184592233771 -0.384488721655018
0.220135093627612 0.00021200458410706 -0.249985433033038 -0.187291624244098
0.159954498469845 -0.129487607760241 -0.22429747524753 0.0172239457168849
0.0753622408477403 -0.160231430092364 -0.117498487107795 0.0714954750069191
0.0554969665584678 -0.17203860058574 -0.0106113278999431 0.0643536379389798
0.0693803784816067 -0.178531859009006 0.0725107350821837 0.0530821828408179
0.148858021563722 -0.204443590959158 0.149584566493032 0.0956569071974829
0.267166285528578 -0.0973314147375256 0.133178586737975 0.204336143717841
0.267997688986717 0.117516117958244 -0.0970856463421024 0.297882663780994
0.0909960635013039 0.336513211785405 -0.310078518738915 0.165402679048534
-0.219748158466288 0.340637270907581 -0.307155716219056 -0.0610100106363696
-0.435584119200941 0.193685167214155 -0.134346819108025 -0.0789290279844679
-0.395828156597463 0.0248194782189971 0.0832746760938581 -0.0289894028471036
-0.310893783593334 0.180861576540829 0.275085996821028 0.152570950640468
-0.122269953437464 0.303768620590194 0.394955756863212 -0.143581424023722
0.151247535267308 0.230076528573317 0.127074082086936 -0.345683597057498
0.257105475225739 0.024142085540433 -0.134376289184671 -0.226199776695626
0.185394777226596 -0.141600999244123 -0.160906596610901 -0.0616406732619605
0.0805614803533643 -0.181985673785154 -0.0917653877661927 -0.0078757615815307
0.0503028426502837 -0.178794374073801 0.00831554634638232 -0.00888205562893189
0.0572618356684185 -0.177708093817281 0.0908836784806599 -0.0229361583024237
0.133153849918045 -0.209465266911835 0.192230090628275 0.0174470531976648
0.253656123618037 -0.123389640296655 0.223300506375676 0.142506649625196
0.273954325032963 0.0798707365028612 0.0149099818795898 0.303585976446705
0.117310564122517 0.32048845897341 -0.23401472150318 0.207884215043422
-0.205563596513089 0.33681288292481 -0.251956474987171 -0.0334134549019384
-0.420893055197046 0.169411593027859 0.000248422771790534 -0.0935946677861476
-0.355782840052039 -0.0347659216371028 0.243800977070869 -0.0166407157014513
-0.333800790930672 0.122567170181748 0.332824031066357 0.162816843504849
-0.175688728719077 0.284501141585811 0.423708068276838 -0.0663016676367593
0.118177350919605 0.248799813483092 0.222735203192144 -0.259259977514587
0.241834053024351 0.0451399885313716 -0.00332819524149253 -0.231351287693726
0.176801527392445 -0.125560587820832 -0.0806364454677017 -0.135217546392207
0.0723331393380386 -0.172443913511304 -0.0621749255155784 -0.0880213951646562
0.0382905608192587 -0.15836458059797 0.0254926603567292 -0.0798425305827291
0.0387194940026805 -0.151040516399549 0.102996839847126 -0.0901403379403775
0.105003974968432 -0.182337419473903 0.216442753123379 -0.0481660734041617
0.213648183558649 -0.116122202675389 0.278023958995765 0.0860236597530396
0.238902085044806 0.0583454358878688 0.0945899897799105 0.286687124950029
0.0979014264525359 0.27677290865565 -0.166103610910578 0.219160883803151
-0.193715215177509 0.277114848801345 -0.195190193730333 -0.0181412539555646
-0.358404503659081 0.106569196149479 0.116492731265822 -0.102528882256983
-0.24290951476473 -0.0721428237871407 0.368201262158506 0.0100600205109836
-0.270833882245302 0.0499979774831474 0.375962431750445 0.172722873509191
-0.167165284001719 0.201976305850479 0.420213788600175 0.0035250832509168
0.0716785742276013 0.19644606176406 0.28125397319106 -0.163070893966899
0.175461174399225 0.0414383067925661 0.106297453221712 -0.21580203221574
0.12954442621458 -0.0913500255972323 -0.00701939332100061 -0.192742984741885
0.0486754191614646 -0.13203106125972 -0.0354607028273757 -0.1563391009821
0.0211990753705191 -0.114981713361721 0.0387627959904598 -0.137077698280929
0.0177353067539228 -0.107630244687681 0.114363396323308 -0.140997873795624
0.0693966560136219 -0.134907810832881 0.23448598870793 -0.0926468687793241
0.159343860784789 -0.090120170369365 0.307294750216062 0.0526632100217743
0.186036983636327 0.0480511033984308 0.141494939344544 0.270393959913719
0.0543951339794378 0.224134811286353 -0.115724706597959 0.215952644639678
-0.179523283971206 0.186823900199204 -0.145455284741933 -0.00680716627638893
-0.262313486401176 0.0225278353054346 0.200435722385791 -0.0946094699246176
-0.0835790875136672 -0.0859351148964484 0.433083698588241 0.0312191494291058
-0.140571882338445 -0.0109254837752135 0.39448020101816 0.169516540287491
-0.0957124834750323 0.0885422164398474 0.404657242629686 0.0454476740247351
0.0297742611382286 0.0906720393364626 0.310010638426048 -0.105369548545151
0.0774349045973432 0.0131142478821642 0.166853822286979 -0.208035206519533
0.0530691271357879 -0.0458815141348673 0.0327405584299112 -0.231015066436792
0.0136513908243668 -0.0675390512692985 -0.0213069521164279 -0.200493889803425
0.00199790723704686 -0.0544497976142426 0.0446742817859237 -0.173016414951496
-0.00454329270574871 -0.0548495771027878 0.12186970250643 -0.170391893391814
0.0272863744120168 -0.0797414498949321 0.246205028684826 -0.114641044757202
0.095009827096686 -0.061610181248601 0.321656202227478 0.0407087189081163
0.126642920268576 0.0346053000145579 0.16436008955372 0.266536485075501
0.013002137909304 0.161082941573635 -0.0906392060905967 0.216789919554579
-0.146925564399061 0.0870792875652897 -0.116335723284421 0.00432519879686796
-0.140661438280843 -0.061109449382265 0.246553454980733 -0.0697133174855659
0.012169962423256 0.0925441389430699 -0.28418829062238 0.108639427447482
0.0636526518478749 -0.0129698088587149 0.131347642924552 0.116096408607845
0.00492314293406526 -0.0609209646308018 0.13191122474706 -0.208650485470556
-0.0412828562085375 -0.0029021437698721 -0.161706956203367 -0.30372003992828
-0.00299056589772026 0.0218116360156409 -0.347190247776227 -0.0583288188680699
0.020152566181761 0.0169248850396145 -0.263482945977299 0.145956806132058
0.0282855192080815 0.00384679857386077 -0.145615934760564 0.197360317136523
0.0255889305408481 -0.0207041269998869 -0.049774231240335 0.196877530647547
0.023321366808534 -0.0234981894934414 0.00266124023446922 0.208822737604091
0.0296261045911814 -0.0178739054286608 -0.0284444489776869 0.23092905093464
0.0413212756614503 0.0129360477088512 -0.171042535398275 0.218849372046247
0.0226454718419646 0.0371729764744776 -0.323920345351532 0.0986780171221178
0.0111465907594949 0.0436556100639707 -0.376889232205096 -0.067770480320437
-0.015401629937144 0.0776768163941668 -0.401864040327363 -0.204049268602611
-0.0871960231507966 0.119288701409593 -0.444336519583914 -0.0877573360663675
-0.120902299337207 0.120259884988601 -0.265037554260771 0.0658682992166022
-0.00868762554400504 0.0700513107068467 0.1376596467602 0.120440750496179
0.0122469043335726 0.0282136890627377 0.168705686862229 -0.220809621195216
0.0215638345575488 0.03076661597539 -0.140043392476037 -0.330830843599741
0.0683739731281222 0.00145359554707012 -0.34262876960047 -0.0833005830487385
0.0641986944406048 -0.0381078586695124 -0.262630666683481 0.128563063099033
0.0440249357947335 -0.0561973456616929 -0.140820528192638 0.177714482875694
0.0409397742627519 -0.0859014749536012 -0.0406136446076928 0.173981519322721
0.0519911022773528 -0.0946693468279598 0.0227794350241289 0.179654716420959
0.0982649935998685 -0.0922927726610197 0.0217486549997262 0.212583656921382
0.152782935526718 -0.00245244463932582 -0.0974200874979452 0.240117279381982
0.109413554531355 0.12249440304409 -0.28956811934004 0.165701930784904
-0.0123110365221801 0.188262957817637 -0.377647658429401 -0.00124815572626408
-0.146660708012808 0.174726431333153 -0.375478782445195 -0.156116783094518
-0.258127786740984 0.145517223367427 -0.372552480980344 -0.0744136380485056
-0.249443176818962 0.116497136093598 -0.192635069121419 0.0231285289719895
-0.105339445588837 0.143340881732868 0.166179974089159 0.129807875515323
-0.00214474838391235 0.136442676623043 0.237127043893041 -0.222119227393941
0.0885475854679099 0.0844309955380575 -0.0820625228112901 -0.362528529236121
0.144505079046755 -0.0101650585645797 -0.312087348106272 -0.127695302812495
0.110807366778926 -0.0900234434242201 -0.251264492801961 0.0845903669159626
0.0599911072217776 -0.112081600700665 -0.130216576089622 0.133563100461212
0.0504985494297004 -0.137846136272942 -0.0269556510677839 0.127363301355817
0.0659846246586675 -0.148187446581759 0.0471438005974439 0.123248091302321
0.135336396236546 -0.160131617301023 0.0869357072395072 0.162577656350206
0.229080353512609 -0.0487829437581242 0.0143261866537925 0.235564994695666
0.201663306726383 0.142471614996742 -0.206549633989029 0.243826532521853
0.0301605627627439 0.29138165628393 -0.354552007069397 0.0878981704559417
-0.207074932867686 0.274366601153678 -0.340489240546704 -0.101206791132453
-0.374012883535646 0.176375449111606 -0.259861456274238 -0.0683717892301686
-0.345365772254389 0.0812585176930522 -0.071936937576171 -0.0106191475858478
-0.212922359239453 0.186187359387102 0.21205257210038 0.140737320735258
-0.0476288040237456 0.240351604628801 0.316403941560647 -0.197198253886443
0.139263915967372 0.15639772974381 0.0110244449224357 -0.372665372189363
0.212703040094973 -0.00409754923484934 -0.24182418666079 -0.179571397415841
0.152171920500852 -0.1277248058774 -0.216498029827851 0.0192919115444574
0.0718359572542394 -0.156253605562321 -0.113328951667871 0.0699850809048574
0.0526571547558874 -0.169094621984203 -0.0103401580113701 0.0632801583084492
0.0653321121301782 -0.175312541693087 0.0699755559895431 0.0520690045436833
0.140313707830085 -0.201712666521048 0.145028011462934 0.0905585327555259
0.257551530710268 -0.100447534773144 0.127993096309889 0.195106284473699
0.26077628178396 0.11130149590912 -0.0924237764594118 0.290179157990026
0.0914041321848777 0.328529396294849 -0.297617756772184 0.16340442514263
-0.211376658219247 0.332886038070339 -0.2952121012017 -0.0578848736099979
-0.420244069629307 0.191430062319996 -0.128484091114781 -0.0761760556178021
-0.38388084531236 0.0240806930037629 0.0812598681288811 -0.0247443341232145
-0.300136394402833 0.175329198722857 0.267292290621601 0.150550716809103
-0.116478983957317 0.297235482003977 0.381296016037889 -0.139635679453241
0.148593200154345 0.221866215140447 0.122720960835015 -0.335391696653856
0.249204189228326 0.0191011247915027 -0.12937898036818 -0.217341542808146
0.17663178903658 -0.139272640910012 -0.156144377701248 -0.0577628655622947
0.0761184617962893 -0.177285183609288 -0.0896404266127883 -0.00730432758717303
0.0479129342393105 -0.174925195525326 0.00705749778167494 -0.00910730669515171
0.0538064079240012 -0.173117612489615 0.0861590631984396 -0.022637380168794
0.124388513062946 -0.206426302249463 0.1847248253982 0.0142937643856943
0.24370756090976 -0.125417686837235 0.214822323514141 0.133630238395134
0.265792674762129 0.0739689188817118 0.015753517694946 0.294000156648563
0.116737107445352 0.311100815955928 -0.224228255733799 0.204146765084704
-0.197491745971145 0.329526953635681 -0.242415171647507 -0.032199631999227
-0.405258092178372 0.168469392512319 0.00159026470214718 -0.0925671635603602
-0.344150150134237 -0.0328152805112222 0.235658435930567 -0.0139791285107843
-0.321924147586935 0.118564119369716 0.322908290598695 0.158730029491603
-0.167898186794756 0.278337328586285 0.408782681072347 -0.0648789026889299
0.116842960047783 0.239495777521251 0.216541851423948 -0.251066194201843
0.234016755259901 0.0391325545294479 -0.00189721966371299 -0.224042103009317
0.16829442172449 -0.123473638340385 -0.0785918749568493 -0.129996818632283
0.0676060657170818 -0.167213633801911 -0.0617327434248014 -0.0858181731635864
0.0368378433014747 -0.155292663527393 0.0230758572412714 -0.0790666060716735
0.0369156923403433 -0.147012566264283 0.0979674356343022 -0.0881542580185821
0.0981263972615891 -0.178787305316015 0.208357755642788 -0.0498126954886249
0.204345331805403 -0.117310553586289 0.267443100542846 0.0781116395456945
0.2314399748353 0.0530754451427499 0.0940772756079291 0.276667730552556
0.0970479745688894 0.268360571442756 -0.15859258551293 0.213902053619764
-0.186071005703126 0.271014752835957 -0.187075475206776 -0.0178797997153712
-0.344439030136564 0.10785248021148 0.112259927635026 -0.102070314051225
-0.235710255872685 -0.0694453748683951 0.356881238992396 0.0100914506177913
-0.261139708282571 0.0491186626371674 0.363753880178667 0.167241811434221
-0.159564169336339 0.197949316231104 0.405471530460851 0.00361855349361437
0.0706356004446639 0.188869722790931 0.27374438905283 -0.157561966089846
0.169863635867622 0.0368797125982355 0.104462253896315 -0.21003932299326
0.122555691211164 -0.0888509380248 -0.00860959568713409 -0.186654418063685
0.0448991480475008 -0.127905660033124 -0.0370721124052381 -0.152198964416978
0.0209924156937072 -0.112980482559461 0.0351048476122951 -0.135074712835205
0.0176571683485309 -0.103784952602979 0.108097784060539 -0.137861575146939
0.0643889981798178 -0.131860733132852 0.224067290985016 -0.0925817130166007
0.151854021482958 -0.0906876715928642 0.295338523111477 0.0452597619248562
0.179378152023797 0.04408415994001 0.139311203570251 0.260376699271042
0.0550493653527664 0.217148613095477 -0.110600918945413 0.211933849642838
-0.172071629039727 0.182778307456046 -0.139878320095758 -0.00770389991532495
-0.252276448899828 0.0240292967104804 0.192865067162261 -0.0946908103982323
-0.081362693264302 -0.0836653349987045 0.41984152990538 0.0295079220836947
-0.13489030710117 -0.0107848036362324 0.381837834310101 0.162849866664926
-0.0909392175591801 0.0865849189241711 0.390539932713096 0.0425931169763113
0.0294537245611319 0.0872644444052024 0.302207879452611 -0.102724410267418
0.074231684914899 0.0107402410699418 0.162770007747143 -0.202794639028015
0.049486976707897 -0.0441547598780631 0.0295486420352606 -0.223984763256053
0.0117404818391836 -0.0647056951118796 -0.0240580998283419 -0.194993431490251
0.00268761111814416 -0.053693557622324 0.0399998747127985 -0.170096722728036
-0.00296017582810563 -0.0519498460277159 0.115700941554227 -0.166709727774951
0.0251197899574663 -0.0769333854388067 0.235928514442943 -0.115308944097363
0.090314820471118 -0.0603502799012682 0.310164465124839 0.0344889434058201
0.121839720905445 0.032155637049593 0.16020522065804 0.256288024819083
0.014763610825263 0.156270101548211 -0.0869156228947782 0.210982484990372
-0.140820882985239 0.0848696626369089 -0.112055488937488 0.0030309891453465
-0.135375852827811 -0.0571199405483701 0.235784320270462 -0.0710485380111053
0.0112936913397224 0.0914525360403875 -0.283124612089764 0.10993968276325
0.0617350564703912 -0.0126308337603633 0.134436687991086 0.117569474783015
0.00475297437182721 -0.0607747097020346 0.135868668529748 -0.208624822949206
-0.0413392540021999 -0.00166410088279725 -0.16093702558159 -0.305544368101744
-0.00270577421165943 0.020976236639181 -0.349104470046443 -0.0575442359589553
0.0208006478159721 0.0164622905786286 -0.262937072825092 0.147282872794662
0.0290856686511967 0.00228334330961115 -0.145809784316387 0.199990054946332
0.0252173514552341 -0.0223913476415227 -0.0489428560211789 0.200528353695372
0.0229631911189727 -0.0242562145312014 0.00395571839619907 0.211069884174115
0.0294596797167221 -0.0186743649618519 -0.0282664908981366 0.232555683421448
0.0427688192616353 0.0118365072450013 -0.174325631018285 0.221110402138824
0.0228684716224074 0.0380601453196904 -0.327115888928106 0.0987322193413292
0.0101305660462339 0.0445560782012231 -0.378736954183686 -0.0720077978464875
-0.0174581034463282 0.0793019954866527 -0.403984803069995 -0.208360832555528
-0.0874590368632837 0.119050514859544 -0.44603533208704 -0.090827930964607
-0.121723547869201 0.119230178332422 -0.263640766176056 0.067616485411062
-0.0104806364408813 0.0699889842267825 0.140161432419765 0.123663831999958
0.0111561067784915 0.0291081805674382 0.17240205040408 -0.220053445958573
0.0216635547067288 0.0313819886181624 -0.138616995125949 -0.33329857228916
0.068085126638525 3.08183062681083E-05 -0.344686531398745 -0.0832320751196551
0.0645320267132532 -0.0391823628219139 -0.263585240203836 0.129622876802998
0.0452236395946463 -0.0579619874119087 -0.141604398276656 0.179254904526295
0.0411116217177021 -0.0882607929272729 -0.039432205020381 0.177418952980084
0.0514936976854673 -0.0964296105571864 0.0231390827169357 0.181823670035765
0.0981778510800214 -0.0947368654969468 0.0221930159090475 0.213108475562151
0.154225353462993 -0.00431583381599043 -0.100305341567378 0.241269043657875
0.110275997425405 0.123954494569054 -0.292486442498034 0.166231120321024
-0.0134043284673524 0.190906801289412 -0.379759541106607 -0.00362162368781593
-0.149787017275595 0.176277689218147 -0.376867259503063 -0.160359112206058
-0.260479047279376 0.145081852717272 -0.373432595286477 -0.0762023632069341
-0.251049705629644 0.115007447044911 -0.190978377130384 0.0251940326729191
-0.107393257484378 0.142994767606352 0.16814112527516 0.135087567730821
-0.00390917088899742 0.138077525225314 0.240031353671921 -0.220162940037311
0.0889151788757492 0.0852543029445492 -0.0801151297046322 -0.364688712903788
0.144922688614411 -0.0116104276527299 -0.313011561777852 -0.128786133132657
0.110598434866571 -0.0914505528456261 -0.251427653850044 0.0855496441484915
0.0610461852436612 -0.11385840504888 -0.13170444393327 0.134844029701331
0.0510427395073101 -0.140221953864171 -0.0265845787165936 0.129537282978647
0.065841818969382 -0.150578697644961 0.0470904119309455 0.125035757483
0.134280705478618 -0.162629229295591 0.0874719504754572 0.163718346222307
0.230856857443553 -0.0523306875351331 0.0118091889409331 0.236560339244687
0.203753291678757 0.142636738795376 -0.209720013885846 0.24480086995522
0.0300664802202418 0.295858636268255 -0.356015386194655 0.0866431068221814
-0.21119658410929 0.277153582020868 -0.341778060052767 -0.10382239047357
-0.376247755220303 0.177193368843381 -0.259525210275073 -0.0703508532022842
-0.34819610184119 0.0788409728203669 -0.0706493981989073 -0.0077338017120409
-0.2160016620449 0.185560448184479 0.213528218259206 0.146255714976275
-0.0494092905656327 0.242647272160363 0.320144180521477 -0.194917711781111
0.139651003268054 0.157669644859524 0.0138549050094094 -0.374084868666742
0.21353150969641 -0.00630848171145482 -0.240787074214678 -0.180895715795091
0.152206564071407 -0.129131676031862 -0.216593595774579 0.0200136228791831
0.0730776431583976 -0.157857727252324 -0.114470290017219 0.0701494352237087
0.0537393476366236 -0.17226221673103 -0.0105097866088088 0.0642421691995111
0.065457210584222 -0.17754881772949 0.0688709924882601 0.053212162717671
0.138796677836123 -0.205070112823251 0.145301999301797 0.0915219448755036
0.258440405357245 -0.104508395157661 0.126800688892578 0.195058070119551
0.261880799495771 0.111777633423732 -0.0934965075983661 0.291799903554224
0.0911781255381653 0.333092373888338 -0.299102092553686 0.163901929334518
-0.214663357644263 0.337500497930922 -0.295835129312441 -0.0611795499582969
-0.422031207274035 0.193195672096924 -0.126965722258787 -0.0784674568144382
-0.386499451747461 0.0211704079722246 0.0825894536198351 -0.0209394897788639
-0.302171446414391 0.174337716816537 0.26755446299762 0.156472747160319
-0.117924082680199 0.30004034199699 0.382282440455839 -0.136227973034493
0.149548968138258 0.223349847256705 0.126790793726656 -0.335375261149505
0.250355823883125 0.0166545426335912 -0.128073664036433 -0.219539016710761
0.176400924163173 -0.140376149755082 -0.15632663145657 -0.0579670443518972
0.076983246855319 -0.178170921788531 -0.0912415286369423 -0.00826296771549063
0.049596392031087 -0.178041096982823 0.00661711575843067 -0.00952985066089887
0.0545859109910435 -0.174950813736751 0.085150534486497 -0.0216155939872174
0.123196886398342 -0.209878710910724 0.185114525543799 0.0137374913664755
0.243360615377462 -0.129645666264954 0.213487486501198 0.132953749266048
0.26704840023419 0.0740596515712725 0.0148761150334663 0.296168524780436
0.117291219564353 0.314608273813576 -0.225247708980298 0.205422313230694
-0.198608331601729 0.333253811171674 -0.242084492565837 -0.0361473958576972
-0.406001202492487 0.169018244277585 0.00281657229293893 -0.0946115238259199
-0.346323544692079 -0.0355923017401814 0.237172038685895 -0.00963662805192429
-0.324032638981207 0.118000144879496 0.321513172240793 0.163981612238943
-0.169851259605391 0.280850874326253 0.409016369728695 -0.0616372498611019
0.117564277755851 0.241548205896869 0.22060838085006 -0.250893715220701
0.234910947328242 0.0377781009282921 0.000812158409278209 -0.226029583256435
0.167784078813592 -0.12378898265947 -0.0788919961064711 -0.13127532921731
0.068283276334945 -0.16808480553211 -0.0638810528178143 -0.0865271132702125
0.0385373635263606 -0.157969546903352 0.022001617503618 -0.0806332650184813
0.0387352168336619 -0.147595037196807 0.0973545704308444 -0.0884705275701403
0.0970156327411322 -0.180359736609649 0.208307869569644 -0.05100957483187
0.203756466355722 -0.120596328456738 0.266614136251135 0.0776029755219754
0.232061721607871 0.0534960288582759 0.0936637281889676 0.278061378283752
0.0982698839139552 0.271158065274685 -0.158645163145802 0.215646738394156
-0.186728773548889 0.273807474381287 -0.187426239096656 -0.0213157245249322
-0.345028819850339 0.108309804100143 0.113538454278733 -0.104404568941466
-0.236951605720877 -0.0720130016828732 0.359127386456958 0.0144290322011992
-0.261844522297626 0.0473563489092063 0.363013019632826 0.171222149385439
-0.16051681280895 0.199232607548821 0.405324939323497 0.00598944176038812
0.0713298572620422 0.190163029316421 0.278936684180592 -0.156460634016892
0.170183040466955 0.0356947799557541 0.108283286439337 -0.211625530785342
0.122344970633347 -0.0886792397150315 -0.00823450777253121 -0.187464069792378
0.0445923413277065 -0.12794265594864 -0.0385675718218744 -0.153383083157955
0.022529377432813 -0.114977113740913 0.0334646560736274 -0.137985021994235
0.019105670205837 -0.104288205134185 0.107615116096722 -0.138713957627446
0.063471350605925 -0.132177256344355 0.224591501513392 -0.0943267105987521
0.150864419519087 -0.0922426885494127 0.295248168221743 0.0452150924732197
0.179039625939818 0.0437554701786604 0.13971343058029 0.261454932284818
0.0551562547917453 0.21845278909136 -0.111367228253496 0.213373685975162
-0.172582335302241 0.184293234557531 -0.139496772246724 -0.0104586236232537
-0.252160627684681 0.024574759357918 0.192674405919047 -0.0964332310249484
-0.0818486204761711 -0.0854341354266497 0.421748774069335 0.0330922048700533
-0.134545388697033 -0.0117583351560172 0.38098778912938 0.165588434362957
-0.0908707762923908 0.0866971642092121 0.390924629929712 0.0458755188229103
0.029180808688162 0.0872605416200441 0.307068596492523 -0.101202556270002
0.0730630226511233 0.0104108279828479 0.166375201167772 -0.203606861645458
0.0488527518951968 -0.0428520995656892 0.0297185186080023 -0.225446426957207
0.0114666663716898 -0.0645933424678095 -0.0259334692445388 -0.19677075087759
0.00354989583867452 -0.0546097064636545 0.038647175785179 -0.173631452524103
-0.00136766983352567 -0.0515360808362258 0.115261007798962 -0.167823416876261
0.024963909769725 -0.0763469651630295 0.235866695872143 -0.116783276646595
0.0896536161234301 -0.0609149374414831 0.310266488708396 0.0333715771792508
0.121014336260401 0.0318775510916354 0.161649050177278 0.257622474728055
0.0147349060078762 0.156437531183648 -0.0882186827183063 0.212736724817313
-0.141120142364488 0.0850523000264782 -0.112482526748429 0.000189921327549742
-0.135110920644519 -0.0579572488159359 0.234785340994661 -0.071833359191938
