TRXV5
3
4
4
9
string Extension=J
integer IsArchMeasurement=1
integer IsSpherical=1
string Generator=SPM
string GeneratorVersion=1.3.1 Dev
double ArchRadius=0.449999988079071
integer FrequencyAxisIndex=0
integer AzimuthAxisIndex=1
integer ElevationAxisIndex=2
Frequency
5 136 690000000 960000000 LIN
Azimuth
7 8 0 2.74889357189107 LIN
Elevation
7 15 -2.74889357189107 2.74889357189107 LIN
Polar H Real Part
13
Polar H Imaginary Part
14
Polar V Real Part
13
Polar V Imaginary Part
14
Polar H Magnitude (dB)
12 0xC0000002 0 1
Polar H Phase
7 0xC0000003 0 1
Polar V Magnitude (dB)
12 0xC0000002 2 3
Polar V Phase
7 0xC0000003 2 3
-0.0366859436035156 0.0386848449707031 0.0646591186523438 0.0247840881347656
0.0103111267089844 0.0468559265136719 0.0260639190673828 0.0233860015869141
0.0297718048095703 0.0117073059082031 0.0157337188720703 0.03253173828125
0.0242977142333984 -0.00798988342285156 0.038970947265625 0.0391044616699219
0.0157699584960938 -0.0176067352294922 0.0580291748046875 0.0218925476074219
0.00584602355957032 -0.0287857055664063 0.0645790100097656 -0.004669189453125
0.00188636779785156 -0.0270652770996094 0.0568389892578125 -0.0139007568359375
0.00547027587890625 -0.0248680114746094 0.0422821044921875 -0.008697509765625
0.0160865783691406 -0.0295486450195312 0.0244693756103516 0.00105476379394531
0.0313816070556641 -0.0130233764648437 0.00580310821533203 0.00274801254272461
0.03277587890625 0.0139961242675781 -0.009674072265625 -0.0179080963134766
0.0175762176513672 0.0318317413330078 0.00395584106445313 -0.0408096313476563
-0.01641845703125 0.037322998046875 0.0522308349609375 -0.0495223999023438
-0.0427169799804688 0.0299644470214844 0.0723037719726563 -0.0269851684570312
-0.0580863952636719 0.0151023864746094 0.0435714721679687 -0.00714111328125
-0.0583343505859375 0.0327720642089844 0.0471420288085937 0.0387802124023438
-0.0139389038085938 0.0521583557128906 0.0129585266113281 0.0384864807128906
0.0163936614990234 0.0274562835693359 0.0116233825683594 0.0462150573730469
0.0226459503173828 0.0112533569335938 0.0368919372558594 0.0513191223144531
0.0237522125244141 -0.00198745727539063 0.0566024780273437 0.0327987670898438
0.0237483978271484 -0.0187892913818359 0.0660820007324219 0.0059814453125
0.0209598541259766 -0.0231189727783203 0.0559577941894531 -0.00358200073242188
0.0213222503662109 -0.0196418762207031 0.038238525390625 0.000995635986328124
0.0324115753173828 -0.0227642059326172 0.0173416137695313 0.0108413696289062
0.0436019897460938 -0.00261306762695313 -0.0040750503540039 0.0108118057250977
0.0383071899414063 0.0269622802734375 -0.0219860076904297 -0.01220703125
0.0160140991210938 0.046539306640625 -0.0109634399414063 -0.0385093688964844
-0.0273590087890625 0.0475997924804688 0.0344467163085938 -0.0527801513671875
-0.0592613220214844 0.032470703125 0.0496139526367188 -0.0271530151367187
-0.0760498046875 0.0132217407226563 0.0188770294189453 -0.00574874877929687
-0.0737075805664063 0.0188217163085938 0.0205116271972656 0.0485458374023438
-0.0402145385742187 0.0477638244628906 -0.00900650024414063 0.05169677734375
-0.00398635864257813 0.0402641296386719 0.001922607421875 0.0603828430175781
0.0145530700683594 0.0325088500976563 0.0311431884765625 0.0623512268066406
0.0279083251953125 0.0172576904296875 0.0512428283691406 0.0420989990234375
0.0390968322753906 -0.00315093994140625 0.0616416931152344 0.0158767700195313
0.0372238159179688 -0.0142250061035156 0.0479507446289063 0.00592803955078125
0.0334815979003906 -0.0118942260742187 0.0284557342529297 0.00984954833984375
0.0433616638183594 -0.01373291015625 0.0055084228515625 0.0198040008544922
0.0500755310058594 0.00585556030273438 -0.0162372589111328 0.0177249908447266
0.038970947265625 0.0333480834960938 -0.0349197387695313 -0.00588226318359374
0.0155868530273437 0.0519218444824219 -0.0260982513427734 -0.0335330963134766
-0.0288734436035156 0.0518417358398438 0.0147018432617187 -0.0509223937988281
-0.0635566711425781 0.03350830078125 0.0224399566650391 -0.0223369598388672
-0.0824508666992188 0.00972747802734373 -0.00975990295410157 -0.00374794006347656
-0.076690673828125 0.003082275390625 -0.0111541748046875 0.0514450073242188
-0.0584945678710938 0.0352745056152344 -0.0369606018066406 0.0593452453613281
-0.0242996215820313 0.0449066162109375 -0.0130157470703125 0.0714340209960937
0.00243377685546875 0.0477638244628906 0.0201301574707031 0.0696868896484375
0.0259532928466797 0.0344333648681641 0.04022216796875 0.0465202331542969
0.0466766357421875 0.0138587951660156 0.048858642578125 0.0231857299804688
0.0471534729003906 -0.00333404541015625 0.0327720642089844 0.0132675170898438
0.0403823852539063 -0.00247573852539063 0.0135717391967773 0.017120361328125
0.0476951599121094 -0.00345230102539063 -0.00721549987792968 0.0266971588134766
0.0496711730957031 0.0127372741699219 -0.0277366638183594 0.0241870880126953
0.0349845886230469 0.0349845886230469 -0.044281005859375 0.00159072875976563
0.0128288269042969 0.0505485534667969 -0.0363998413085938 -0.0251998901367187
-0.02752685546875 0.0485115051269531 -0.00253677368164063 -0.0426597595214844
-0.05950927734375 0.0292243957519531 -0.00121212005615235 -0.0125141143798828
-0.078216552734375 0.00413513183593751 -0.0368461608886719 -0.00019073486328125
-0.0652046203613281 -0.0128440856933594 -0.0417327880859375 0.0457000732421875
-0.0624504089355469 0.016204833984375 -0.0656585693359375 0.0578155517578125
-0.0383338928222656 0.037078857421875 -0.0311813354492188 0.0747833251953125
-0.0121383666992188 0.0507774353027344 0.00629043579101563 0.0694580078125
0.0171661376953125 0.0436058044433594 0.0257530212402344 0.0440521240234375
0.0442352294921875 0.0274391174316406 0.0312957763671875 0.0241470336914063
0.0485343933105469 0.00877761840820313 0.0133743286132813 0.016815185546875
0.0400848388671875 0.00654220581054688 -0.00387954711914062 0.0215511322021484
0.045684814453125 0.00680160522460938 -0.0211906433105469 0.0304470062255859
0.0439872741699219 0.0200271606445312 -0.0384445190429688 0.0269622802734375
0.0269699096679688 0.0360488891601563 -0.0505027770996094 0.006072998046875
0.005157470703125 0.0457305908203125 -0.0406303405761719 -0.0184822082519531
-0.0286636352539063 0.0389060974121094 -0.0122566223144531 -0.0309085845947266
-0.0524024963378906 0.0172233581542969 -0.0191898345947266 -0.000110626220703127
-0.0665969848632812 -0.00769805908203123 -0.059967041015625 0.00207519531250001
-0.0395050048828125 -0.0230979919433594 -0.0629692077636719 0.0355949401855469
-0.0479393005371094 -0.00274658203125001 -0.0853652954101563 0.048797607421875
-0.0382919311523437 0.0199203491210938 -0.0452690124511719 0.0700721740722656
-0.0222244262695313 0.0381050109863281 -0.00617218017578125 0.0618934631347656
0.003875732421875 0.040130615234375 0.0119285583496094 0.0364570617675781
0.0310077667236328 0.0340633392333984 0.0125045776367188 0.0206394195556641
0.0396499633789063 0.0186805725097656 -0.00585269927978515 0.0165462493896484
0.0338497161865234 0.0145130157470703 -0.0204696655273437 0.0225086212158203
0.0385360717773438 0.0155715942382813 -0.0342464447021484 0.030120849609375
0.0344867706298828 0.026336669921875 -0.0468673706054688 0.0245323181152344
0.0167007446289062 0.03643798828125 -0.0528030395507813 0.00553512573242188
-0.004608154296875 0.0406951904296875 -0.0397567749023438 -0.0154190063476562
-0.0325775146484375 0.0256423950195312 -0.016632080078125 -0.0223522186279297
-0.0447196960449219 0.000404357910156241 -0.0304775238037109 0.00601577758789063
-0.0482826232910156 -0.0230827331542969 -0.0747146606445313 -0.000137329101562497
-0.00635528564453125 -0.0261154174804688 -0.0721664428710938 0.0237579345703125
-0.0186424255371094 -0.0165615081787109 -0.0927200317382813 0.0383987426757813
-0.0235633850097656 -0.0011444091796875 -0.0515022277832031 0.0624351501464844
-0.0230312347412109 0.0143642425537109 -0.0119781494140625 0.05224609375
-0.00972938537597656 0.0243549346923828 0.00413322448730469 0.0251827239990234
0.0102062225341797 0.0319423675537109 -0.00221443176269531 0.0122852325439453
0.0236606597900391 0.0258312225341797 -0.0210552215576172 0.012237548828125
0.0217227935791016 0.0203533172607422 -0.0349063873291016 0.0201416015625
0.0264835357666016 0.0216751098632813 -0.0455513000488281 0.0265312194824219
0.0214557647705078 0.0300540924072266 -0.055206298828125 0.0188522338867188
0.00635910034179687 0.0352592468261719 -0.0557823181152344 0.000293731689453133
-0.0138778686523438 0.0344429016113281 -0.0388984680175781 -0.017791748046875
-0.0369834899902344 0.0117759704589844 -0.017791748046875 -0.0202198028564453
-0.0356292724609375 -0.0179100036621094 -0.0358123779296875 0.00554656982421875
-0.0271148681640625 -0.0385704040527344 -0.0826416015625 -0.0068206787109375
0.0273342132568359 -0.0249462127685547 -0.0659408569335937 0.0162200927734375
0.0138511657714844 -0.0252285003662109 -0.0850906372070313 0.0316009521484375
-0.0016326904296875 -0.0208320617675781 -0.0482101440429688 0.056365966796875
-0.0179157257080078 -0.0122489929199219 -0.00996017456054688 0.044097900390625
-0.0206050872802734 0.00365638732910156 0.00383472442626953 0.0168676376342773
-0.0117988586425781 0.0234718322753906 -0.00897979736328125 0.00336647033691406
0.00325965881347656 0.0287666320800781 -0.0294208526611328 0.00562858581542969
0.00686073303222656 0.0233154296875 -0.0434036254882813 0.014495849609375
0.0110359191894531 0.0243988037109375 -0.0543174743652344 0.020233154296875
0.00741195678710937 0.0296955108642578 -0.061431884765625 0.00981140136718751
-0.003814697265625 0.0295810699462891 -0.0577850341796875 -0.00778579711914064
-0.0205039978027344 0.0251827239990234 -0.0388221740722656 -0.0240631103515625
-0.0368804931640625 -0.0016326904296875 -0.0187664031982422 -0.0247020721435547
-0.0238437652587891 -0.0327720642089844 -0.0372123718261719 -0.00446319580078125
-0.002960205078125 -0.0495681762695313 -0.081024169921875 -0.0198516845703125
-0.0336723327636719 0.0494728088378906 0.0760879516601563 0.0258712768554688
0.0200729370117188 0.0507049560546875 0.0338077545166016 0.0244579315185547
0.0366897583007813 0.00726318359375 0.0197467803955078 0.0326690673828125
0.0259513854980469 -0.0144271850585937 0.0439262390136719 0.0395545959472656
0.0132999420166016 -0.024139404296875 0.0646934509277344 0.02081298828125
-0.000282287597656247 -0.0344581604003906 0.0702552795410156 -0.00849533081054688
-0.00368499755859375 -0.0304584503173828 0.06341552734375 -0.0179557800292969
0.000572204589843752 -0.0284271240234375 0.0482521057128906 -0.0117645263671875
0.0112991333007813 -0.0363807678222656 0.0300884246826172 0.00144386291503906
0.0320911407470703 -0.0208015441894531 0.00931549072265625 0.00584888458251953
0.039520263671875 0.0089569091796875 -0.0111570358276367 -0.0147008895874023
0.0254631042480469 0.0323429107666016 -0.000320434570312502 -0.0414390563964844
-0.0123863220214844 0.0459327697753906 0.0508689880371094 -0.0578689575195313
-0.0447044372558594 0.0423736572265625 0.0790634155273438 -0.0347900390625
-0.0643463134765625 0.02764892578125 0.0503463745117187 -0.00711822509765625
-0.0596542358398438 0.0424919128417969 0.0586128234863281 0.0443153381347656
-0.00824737548828125 0.05767822265625 0.0213050842285156 0.0421905517578125
0.0212116241455078 0.0259208679199219 0.0172042846679687 0.0480804443359375
0.0251274108886719 0.00779533386230469 0.0432701110839844 0.0529098510742187
0.0234737396240234 -0.00649452209472656 0.0648612976074219 0.0331649780273438
0.0209865570068359 -0.0233287811279297 0.0735092163085938 0.0032806396484375
0.0184173583984375 -0.0262203216552734 0.0643272399902344 -0.0066986083984375
0.0193538665771484 -0.0233001708984375 0.0463523864746094 -0.000530242919921876
0.0308284759521484 -0.0290756225585937 0.0248756408691406 0.0127277374267578
0.0469551086425781 -0.008453369140625 0.000918388366699222 0.016047477722168
0.0450248718261719 0.0246505737304688 -0.0236911773681641 -0.00695228576660156
0.0237274169921875 0.0498619079589844 -0.0160903930664063 -0.0365524291992188
-0.0257072448730469 0.0571784973144531 0.0312461853027344 -0.058807373046875
-0.0645484924316406 0.0441246032714844 0.0537033081054687 -0.0312767028808594
-0.0850830078125 0.0242996215820312 0.0226230621337891 -0.00211524963378906
-0.0791244506835937 0.0262680053710938 0.0302696228027344 0.0578422546386719
-0.0392799377441406 0.0543632507324219 -0.00114822387695313 0.0597877502441406
-0.00173187255859375 0.0418128967285156 0.008392333984375 0.0647773742675781
0.0171890258789063 0.0327930450439453 0.0384407043457031 0.066497802734375
0.0298709869384766 0.0160865783691406 0.0599250793457031 0.0433769226074219
0.0406112670898438 -0.00661849975585937 0.070709228515625 0.0136260986328125
0.0385475158691406 -0.0181350708007813 0.0563468933105469 0.00379180908203125
0.0350265502929688 -0.015106201171875 0.0366172790527344 0.00952911376953125
0.0452690124511719 -0.0185127258300781 0.0135860443115234 0.0230121612548828
0.0548744201660156 0.00217437744140625 -0.01116943359375 0.0251865386962891
0.0459098815917969 0.0332069396972656 -0.0361137390136719 0.00140380859375
0.021942138671875 0.0573196411132813 -0.0310077667236328 -0.0295581817626953
-0.0290603637695313 0.0610542297363281 0.0100440979003906 -0.0542068481445312
-0.070404052734375 0.0430221557617188 0.0241527557373047 -0.0231533050537109
-0.0932235717773438 0.0185165405273438 -0.00944328308105469 0.00259017944335938
-0.0851516723632813 0.00612640380859374 -0.00536727905273438 0.0637054443359375
-0.0633392333984375 0.0401954650878906 -0.0320663452148438 0.0704345703125
-0.0261001586914063 0.04888916015625 -0.00681304931640625 0.0782623291015625
0.0036773681640625 0.0521163940429688 0.0281982421875 0.0749740600585938
0.0292854309082031 0.0368080139160156 0.0479507446289062 0.0489616394042969
0.05206298828125 0.0131072998046875 0.0582313537597656 0.0220184326171875
0.0522880554199219 -0.00594711303710938 0.0405235290527344 0.0128517150878906
0.0448989868164063 -0.00450897216796875 0.0209026336669922 0.0177459716796875
0.0530281066894531 -0.00565719604492188 -0.000312805175781246 0.0305519104003906
0.0560455322265625 0.0119819641113281 -0.0228366851806641 0.0313034057617188
0.0411338806152344 0.0374946594238281 -0.0450630187988281 0.00949478149414062
0.0171127319335938 0.0564842224121094 -0.04071044921875 -0.02020263671875
-0.029296875 0.0564765930175781 -0.00656509399414063 -0.042694091796875
-0.0679512023925781 0.0360641479492188 -0.000955581665039066 -0.00975227355957031
-0.0901412963867188 0.00918579101562501 -0.0394783020019531 0.00804901123046875
-0.074859619140625 -0.0145721435546875 -0.0411109924316406 0.0588874816894531
-0.0712890625 0.018096923828125 -0.0644989013671875 0.0714797973632812
-0.0435028076171875 0.0417518615722656 -0.026153564453125 0.0841140747070312
-0.0135383605957031 0.0585403442382812 0.0131607055664063 0.0760955810546875
0.0203590393066406 0.0497245788574219 0.0323066711425781 0.0469779968261719
0.0513648986816406 0.0295295715332031 0.0390892028808594 0.0242843627929688
0.0563888549804688 0.00769805908203125 0.019378662109375 0.0177993774414063
0.0468292236328125 0.00632476806640625 0.00121307373046875 0.02392578125
0.0532035827636719 0.0065460205078125 -0.0163841247558594 0.0352439880371094
0.0517425537109375 0.0217247009277344 -0.0345458984375 0.033447265625
0.0324859619140625 0.0410423278808594 -0.0505790710449219 0.0130500793457031
0.00757217407226562 0.0537338256835938 -0.0434341430664062 -0.01318359375
-0.0327835083007813 0.0455245971679687 -0.0153121948242188 -0.0289192199707031
-0.0618629455566406 0.0207481384277344 -0.0197849273681641 0.00493431091308594
-0.0782623291015625 -0.00717926025390624 -0.0648651123046875 0.0108528137207031
-0.0473518371582031 -0.0297355651855469 -0.0673904418945312 0.0475807189941406
-0.0577659606933594 -0.0058135986328125 -0.0887069702148437 0.06317138671875
-0.0457191467285156 0.0224456787109375 -0.0421066284179687 0.0802688598632813
-0.0261421203613281 0.0457916259765625 -0.00117874145507812 0.06842041015625
0.00471496582031251 0.0479278564453125 0.0161399841308594 0.0384407043457031
0.0386772155761719 0.0394668579101563 0.0167007446289063 0.0210552215576172
0.0492477416992188 0.0204658508300781 -0.0027923583984375 0.0181236267089844
0.0418968200683594 0.0162162780761719 -0.0185680389404297 0.0256061553955078
0.0472755432128906 0.0171966552734375 -0.0315799713134766 0.0346584320068359
0.0428924560546875 0.0305290222167969 -0.0449867248535156 0.0304183959960937
0.0217704772949219 0.0435638427734375 -0.0538253784179687 0.0113296508789063
-0.00374603271484375 0.0495223999023438 -0.0425033569335938 -0.0110282897949219
-0.039154052734375 0.0317115783691406 -0.0190505981445313 -0.0194950103759766
-0.0559844970703125 0.000465393066406253 -0.0322589874267578 0.0121269226074219
-0.0604209899902344 -0.0263137817382813 -0.0821990966796875 0.00821685791015623
-0.0105438232421875 -0.0362167358398438 -0.0800399780273438 0.0330657958984375
-0.0257358551025391 -0.0239925384521484 -0.099090576171875 0.050384521484375
-0.0311985015869141 -0.00288772583007812 -0.0499725341796875 0.0726852416992188
-0.0299968719482422 0.0196285247802734 -0.00823974609375001 0.0566825866699219
-0.0111885070800781 0.0321884155273438 0.00661468505859375 0.0256938934326172
0.0160713195800781 0.0396041870117188 -0.00104522705078125 0.0125341415405273
0.0318660736083984 0.0291538238525391 -0.0223598480224609 0.0143985748291016
0.0296058654785156 0.0233745574951172 -0.0359306335449219 0.0240974426269531
0.0351219177246094 0.0248928070068359 -0.04595947265625 0.0316925048828125
0.0298843383789063 0.035308837890625 -0.0556297302246094 0.0240821838378906
0.0106430053710937 0.0427284240722656 -0.0578689575195313 0.00464248657226564
-0.0141716003417969 0.0438804626464844 -0.0415611267089844 -0.01513671875
-0.0446243286132813 0.0173873901367187 -0.0200366973876953 -0.0177593231201172
-0.0470008850097656 -0.0197181701660156 -0.0394363403320313 0.0107841491699219
-0.0378646850585937 -0.0457611083984375 -0.09222412109375 -0.00153350830078125
0.0283355712890625 -0.036865234375 -0.0743255615234375 0.0218048095703125
0.0109024047851562 -0.0359992980957031 -0.092193603515625 0.0412826538085937
-0.00816535949707031 -0.0262432098388672 -0.0466880798339844 0.0650978088378906
-0.0255622863769531 -0.0111503601074219 -0.00624465942382813 0.0467453002929687
-0.0250949859619141 0.0101165771484375 0.00487327575683594 0.0153188705444336
-0.00911521911621094 0.0322341918945313 -0.0109519958496094 0.00255584716796875
0.0104141235351562 0.0341243743896484 -0.0340442657470703 0.00662803649902344
0.0136947631835937 0.0273284912109375 -0.0479202270507812 0.0188026428222656
0.0187282562255859 0.0285835266113281 -0.0580596923828125 0.0246086120605469
0.0143775939941406 0.0353317260742188 -0.0649604797363281 0.0138092041015625
-0.000370025634765623 0.036834716796875 -0.0617561340332031 -0.00463485717773436
-0.0211448669433594 0.0335330963134766 -0.0422592163085938 -0.0225944519042969
-0.0446357727050781 0.0032958984375 -0.0217208862304688 -0.0234298706054687
-0.0343856811523438 -0.0363845825195313 -0.0433349609375 -0.00150299072265626
-0.011383056640625 -0.0592803955078125 -0.092559814453125 -0.0179290771484375
-0.0266609191894531 0.0577888488769531 0.0880203247070313 0.0241775512695313
0.0309295654296875 0.0505752563476563 0.0416908264160156 0.0220413208007813
0.0409812927246094 0.000782012939453125 0.0231685638427734 0.0316219329833984
0.025360107421875 -0.0214138031005859 0.047821044921875 0.0389328002929688
0.00880813598632813 -0.0285816192626953 0.0692405700683594 0.0185623168945312
-0.00822067260742187 -0.0367660522460938 0.0743484497070313 -0.0123443603515625
-0.01068115234375 -0.0313911437988281 0.0686378479003906 -0.0233879089355469
-0.00551605224609375 -0.0298004150390625 0.0537567138671875 -0.0163841247558594
0.00409317016601562 -0.0406494140625 0.0363388061523438 -3.81469726562749E-06
0.0294647216796875 -0.0282917022705078 0.0149850845336914 0.00775146484375
0.044189453125 0.00175094604492188 -0.0110883712768555 -0.010472297668457
0.0336246490478516 0.0298957824707031 -0.0039215087890625 -0.0397300720214844
-0.00496292114257813 0.0528144836425781 0.0470848083496094 -0.0639610290527344
-0.0416069030761719 0.054931640625 0.0830841064453125 -0.0426559448242188
-0.064483642578125 0.0414657592773437 0.05767822265625 -0.00801467895507812
-0.0572242736816406 0.0510711669921875 0.0718231201171875 0.0459060668945313
-0.00101089477539063 0.0600395202636719 0.0310173034667969 0.0428390502929688
0.0248603820800781 0.0223445892333984 0.02264404296875 0.0478858947753906
0.0249290466308594 0.00370979309082031 0.0494270324707031 0.0528984069824219
0.0216045379638672 -0.00979232788085937 0.0717544555664062 0.030914306640625
0.0166339874267578 -0.0264034271240234 0.0805816650390625 -0.00109100341796875
0.0152130126953125 -0.0290431976318359 0.0713729858398438 -0.0121688842773438
0.0165863037109375 -0.02569580078125 0.0538978576660156 -0.0047760009765625
0.0275497436523438 -0.0335464477539063 0.0332107543945312 0.0117130279541016
0.0475654602050781 -0.01495361328125 0.00764274597167969 0.0194149017333984
0.0507698059082031 0.0201454162597656 -0.0221996307373047 -0.000997543334960932
0.0319023132324219 0.0498161315917969 -0.0194072723388672 -0.0322246551513672
-0.0204048156738281 0.0652236938476563 0.0267753601074219 -0.0617866516113281
-0.0650291442871094 0.056976318359375 0.0566596984863281 -0.0357894897460937
-0.089447021484375 0.0374679565429687 0.0287837982177734 0.000986099243164065
-0.0820846557617188 0.0334625244140625 0.0423736572265625 0.0636024475097656
-0.037200927734375 0.0593185424804688 0.00891876220703124 0.063720703125
0.000503540039062501 0.0423507690429688 0.0152740478515625 0.0663948059082031
0.0187187194824219 0.0325813293457031 0.0461807250976563 0.0675888061523438
0.0310173034667969 0.0148792266845703 0.0684089660644531 0.0421714782714844
0.0399513244628906 -0.00959396362304688 0.0787429809570313 0.009613037109375
0.0386466979980469 -0.0214805603027344 0.0650100708007813 -0.000873565673828126
0.0357551574707031 -0.0176467895507813 0.0448722839355469 0.00634002685546875
0.0459213256835938 -0.0221939086914063 0.0225963592529297 0.0233440399169922
0.0583915710449219 -0.00212478637695313 -0.00323867797851562 0.0290641784667969
0.05126953125 0.0320472717285156 -0.0338096618652344 0.00857734680175781
0.0289306640625 0.0591659545898437 -0.0333423614501953 -0.0232887268066406
-0.0263404846191406 0.0690345764160156 0.00588226318359375 -0.0543251037597656
-0.074432373046875 0.0540924072265625 0.0268707275390625 -0.0233192443847656
-0.100486755371094 0.029266357421875 -0.00511455535888673 0.00922775268554688
-0.0929336547851563 0.0104751586914062 0.00439453125 0.0728836059570312
-0.0669403076171875 0.0457839965820313 -0.0230789184570313 0.0788345336914063
-0.0265121459960937 0.0528106689453125 0.00133514404296875 0.082275390625
0.0057220458984375 0.0564079284667969 0.0358047485351562 0.0772018432617188
0.0332221984863281 0.0384674072265625 0.0569610595703125 0.0481643676757813
0.0560798645019531 0.0103378295898438 0.0665664672851562 0.0184249877929687
0.056365966796875 -0.009765625 0.0487518310546875 0.009765625
0.0489654541015625 -0.00678634643554688 0.0287857055664063 0.0164337158203125
0.0569725036621094 -0.00919723510742188 0.00847053527832032 0.0318450927734375
0.0621223449707031 0.00976943969726562 -0.0148124694824219 0.0359306335449219
0.0473556518554688 0.0391311645507813 -0.0415458679199219 0.0165061950683594
0.0227241516113281 0.0613327026367188 -0.0414543151855469 -0.0130348205566406
-0.0293655395507813 0.0644569396972656 -0.00976943969726562 -0.0406913757324219
-0.0741119384765625 0.0443954467773437 0.00158023834228515 -0.00689315795898437
-0.0995635986328125 0.0167160034179688 -0.0372085571289063 0.0170249938964844
-0.0854644775390625 -0.0140304565429687 -0.0360336303710938 0.0707473754882813
-0.0790939331054688 0.0222244262695313 -0.0590286254882813 0.0829620361328125
-0.0474319458007813 0.0474624633789063 -0.0187759399414063 0.090240478515625
-0.0123634338378906 0.0654563903808594 0.020599365234375 0.0789413452148438
0.0247688293457031 0.0542373657226563 0.0393638610839844 0.0466384887695313
0.0592460632324219 0.029571533203125 0.0453872680664063 0.0223617553710938
0.0633506774902344 0.00442123413085938 0.0251407623291016 0.0163249969482422
0.0538063049316406 0.00445556640625 0.00734138488769532 0.0237579345703125
0.0608177185058594 0.0043487548828125 -0.00922393798828125 0.0367660522460938
0.0595588684082031 0.0213623046875 -0.0275840759277344 0.0381317138671875
0.0389823913574219 0.0447654724121094 -0.0474090576171875 0.020111083984375
0.0117988586425781 0.0608329772949219 -0.0434379577636719 -0.00697708129882811
-0.035369873046875 0.0533981323242187 -0.0165996551513672 -0.0261592864990234
-0.0709609985351563 0.0266571044921875 -0.0172128677368164 0.010106086730957
-0.0900039672851563 -0.00296020507812501 -0.0653953552246094 0.0212249755859375
-0.0583610534667969 -0.0342254638671875 -0.0675926208496094 0.0598297119140625
-0.0689239501953125 -0.00586318969726562 -0.0868377685546875 0.0763015747070313
-0.0526618957519531 0.02685546875 -0.0354843139648437 0.0878677368164063
-0.0282402038574219 0.0545578002929688 0.0048065185546875 0.07159423828125
0.00893783569335938 0.055389404296875 0.0211334228515625 0.0388221740722656
0.0478668212890625 0.0421867370605469 0.0214920043945313 0.0202121734619141
0.0585784912109375 0.0184478759765625 1.14440917968796E-05 0.0190486907958984
0.0506362915039063 0.0148773193359375 -0.0151939392089844 0.0274887084960938
0.0568122863769531 0.0159873962402344 -0.0275115966796875 0.0374565124511719
0.0525703430175781 0.0314140319824219 -0.0409889221191406 0.0351676940917969
0.0289535522460938 0.048858642578125 -0.0514602661132813 0.0163459777832031
-0.000446319580078126 0.0582008361816406 -0.0423202514648438 -0.00629043579101563
-0.0432319641113281 0.039764404296875 -0.0192756652832031 -0.0165996551513672
-0.0669898986816406 0.0043487548828125 -0.0311489105224609 0.0183811187744141
-0.0733795166015625 -0.0266342163085938 -0.0856704711914063 0.017608642578125
-0.0183830261230469 -0.0452384948730469 -0.084014892578125 0.0432510375976563
-0.0368919372558594 -0.0289878845214844 -0.100799560546875 0.0632247924804687
-0.039886474609375 -0.00168228149414063 -0.0451812744140625 0.0801467895507813
-0.0352973937988281 0.0269012451171875 -0.00408935546875 0.0591506958007813
-0.0101737976074219 0.0407295227050781 0.00882530212402344 0.02545166015625
0.02459716796875 0.0456047058105469 -0.000686645507812499 0.0120115280151367
0.0422210693359375 0.0300102233886719 -0.0228691101074219 0.0164718627929688
0.0388526916503906 0.0237541198730469 -0.0355033874511719 0.0276298522949219
0.0450668334960938 0.0250015258789063 -0.0448837280273438 0.0356483459472656
0.0404014587402344 0.03759765625 -0.054351806640625 0.0282478332519531
0.0178451538085938 0.0487632751464844 -0.0576591491699219 0.00851821899414063
-0.0107460021972656 0.0529632568359375 -0.0421638488769531 -0.0116729736328125
-0.0503044128417969 0.0260238647460938 -0.0202713012695313 -0.0151596069335937
-0.0595779418945313 -0.0177536010742188 -0.0404815673828125 0.016876220703125
-0.0511741638183594 -0.0491867065429687 -0.0987091064453125 0.00579833984375001
0.0241203308105469 -0.0489501953125 -0.081207275390625 0.0280990600585938
0.00297164916992188 -0.0453605651855469 -0.0958251953125 0.0513153076171875
-0.0162506103515625 -0.0294952392578125 -0.042388916015625 0.0719680786132813
-0.0335025787353516 -0.00702667236328124 -0.00264358520507813 0.0472602844238281
-0.0266590118408203 0.0180988311767578 0.00496292114257812 0.0127401351928711
-0.00296401977539062 0.0395126342773438 -0.0137538909912109 0.00174140930175782
0.0196723937988281 0.0364875793457031 -0.0382843017578125 0.00918960571289063
0.0217609405517578 0.0288066864013672 -0.0507659912109375 0.0231819152832031
0.0274543762207031 0.0295734405517578 -0.0602874755859375 0.0298347473144531
0.0236778259277344 0.0377120971679688 -0.0666389465332031 0.017974853515625
0.00604248046875 0.0423812866210937 -0.0644607543945313 -0.00161361694335937
-0.0190811157226562 0.0428466796875 -0.0445213317871094 -0.0203895568847656
-0.0502510070800781 0.0109176635742188 -0.0236434936523438 -0.0210437774658203
-0.0460853576660156 -0.0360641479492188 -0.0476875305175781 0.00357437133789063
-0.0231513977050781 -0.0654983520507813 -0.102043151855469 -0.012939453125
-0.0188674926757813 0.0628623962402344 0.0982589721679688 0.0201797485351563
0.039642333984375 0.0473518371582031 0.0480537414550781 0.0179710388183594
0.0422515869140625 -0.00584030151367188 0.0252017974853516 0.0295467376708984
0.0226116180419922 -0.0268764495849609 0.0505027770996094 0.038726806640625
0.00338363647460937 -0.0314502716064453 0.0732574462890625 0.0165023803710937
-0.0153961181640625 -0.0363922119140625 0.07806396484375 -0.0154647827148438
-0.0164375305175781 -0.0297012329101563 0.072906494140625 -0.0291671752929688
-0.0107784271240234 -0.0289402008056641 0.0583038330078125 -0.0212249755859375
-0.00367355346679687 -0.0420112609863281 0.0431480407714844 -0.00336074829101563
0.0252723693847656 -0.0344734191894531 0.0212574005126953 0.00787353515625
0.0455398559570313 -0.00545883178710938 -0.00820398330688476 -0.00688886642456055
0.0400161743164062 0.0254936218261719 -0.00537490844726562 -0.0365104675292969
0.0026702880859375 0.0564613342285156 0.0436286926269531 -0.0671958923339844
-0.0355033874511719 0.0653076171875 0.085540771484375 -0.049560546875
-0.0612640380859375 0.0535354614257812 0.06610107421875 -0.0101814270019531
-0.0537033081054687 0.0570259094238281 0.083892822265625 0.0448760986328125
0.00498580932617187 0.0597648620605469 0.0397262573242188 0.0405120849609375
0.0263614654541016 0.0186271667480469 0.0262718200683594 0.0466117858886719
0.0240440368652344 0.000949859619140625 0.0536727905273438 0.0528144836425781
0.0183849334716797 -0.0111865997314453 0.0770797729492187 0.0290756225585937
0.0122814178466797 -0.0267715454101562 0.0866470336914063 -0.005218505859375
0.0115451812744141 -0.0294761657714844 0.0782012939453125 -0.0181350708007813
0.0138435363769531 -0.0262432098388672 0.0606803894042969 -0.0104141235351563
0.0235710144042969 -0.0361557006835938 0.0416297912597656 0.00875091552734375
0.0463333129882813 -0.020233154296875 0.0163936614990234 0.0204677581787109
0.0544776916503906 0.0152511596679688 -0.0179367065429687 0.00441169738769532
0.0382003784179687 0.0486640930175781 -0.0194873809814453 -0.0272121429443359
-0.014434814453125 0.0711593627929688 0.0229835510253906 -0.0625343322753906
-0.0629234313964844 0.0676422119140625 0.0596122741699219 -0.0394744873046875
-0.0901947021484375 0.0492019653320313 0.0365791320800781 0.00292587280273438
-0.0839767456054688 0.0393447875976562 0.0548896789550781 0.0661697387695313
-0.0355720520019531 0.0618438720703125 0.01873779296875 0.0640525817871094
0.000862121582031249 0.0423774719238281 0.0209312438964844 0.0659103393554688
0.0192451477050781 0.0334854125976563 0.0517539978027344 0.0675315856933594
0.0311756134033203 0.0148754119873047 0.0751113891601562 0.0402069091796875
0.0396270751953125 -0.0111770629882813 0.0854721069335938 0.00506591796875
0.0389060974121094 -0.0233802795410156 0.0721588134765625 -0.0066680908203125
0.0364761352539063 -0.0193023681640625 0.0521926879882813 0.00127410888671875
0.0458908081054688 -0.0255165100097656 0.0318336486816406 0.0204524993896484
0.060791015625 -0.00607681274414063 0.00601387023925781 0.0304908752441406
0.0569190979003906 0.0300407409667969 -0.0281791687011719 0.0140018463134766
0.03533935546875 0.0605697631835937 -0.0322074890136719 -0.0173912048339844
-0.02301025390625 0.0756378173828125 0.00333404541015624 -0.0526313781738281
-0.07611083984375 0.0645751953125 0.0303840637207031 -0.0236644744873047
-0.104965209960937 0.0399169921875 0.00210094451904296 0.0140743255615234
-0.099853515625 0.015167236328125 0.0145492553710937 0.078948974609375
-0.07061767578125 0.0509872436523437 -0.0133590698242187 0.082794189453125
-0.0278854370117188 0.0566787719726563 0.0078125 0.0830917358398438
0.00717926025390624 0.0603103637695312 0.0421676635742188 0.0781097412109375
0.0363044738769531 0.0404396057128906 0.0637931823730469 0.0467376708984375
0.0596923828125 0.00922775268554688 0.073150634765625 0.0143890380859375
0.0599174499511719 -0.013092041015625 0.0550003051757813 0.00540542602539063
0.0528106689453125 -0.0090484619140625 0.0352554321289062 0.0127296447753906
0.0610580444335938 -0.0120964050292969 0.0160541534423828 0.0297775268554687
0.0674972534179688 0.00725555419921875 -0.00640487670898437 0.0375289916992188
0.0535392761230469 0.0399665832519531 -0.0359382629394531 0.0214195251464844
0.0280532836914062 0.0652618408203125 -0.0395164489746094 -0.00723648071289061
-0.0283355712890625 0.07147216796875 -0.0105934143066406 -0.0383796691894531
-0.0792694091796875 0.0536422729492187 0.00570917129516601 -0.00438165664672851
-0.107337951660156 0.0255126953125 -0.0319366455078125 0.0242366790771484
-0.096160888671875 -0.0124740600585937 -0.0290298461914063 0.07977294921875
-0.0878677368164063 0.027008056640625 -0.0516510009765625 0.0902938842773437
-0.0515708923339844 0.0538787841796875 -0.0115814208984375 0.092681884765625
-0.011016845703125 0.0730438232421875 0.0262527465820313 0.0806655883789063
0.0293846130371094 0.0587120056152344 0.0445709228515625 0.0458259582519531
0.0664253234863281 0.0292854309082031 0.0507698059082031 0.0189208984375
0.0703125 0.00083160400390625 0.0295295715332031 0.0140476226806641
0.060333251953125 0.0015869140625 0.0121173858642578 0.0220355987548828
0.0678291320800781 0.00135421752929688 -0.00304412841796874 0.0361213684082031
0.0679664611816406 0.0201606750488281 -0.0208625793457031 0.0390777587890625
0.0462570190429688 0.0478782653808594 -0.0422172546386719 0.022918701171875
0.017303466796875 0.0671501159667969 -0.0409202575683594 -0.00210571289062499
-0.037078857421875 0.0612525939941406 -0.0157756805419922 -0.0230026245117187
-0.0790863037109375 0.0342636108398438 -0.01318359375 0.0146512985229492
-0.100875854492187 0.00282287597656252 -0.0623092651367188 0.029541015625
-0.0703125 -0.0364151000976562 -0.0649833679199219 0.070068359375
-0.0801162719726563 -0.00367736816406251 -0.0834426879882812 0.085968017578125
-0.0597496032714844 0.032684326171875 -0.0293197631835938 0.0916061401367188
-0.0287132263183594 0.0638923645019531 0.00952148437499999 0.0729751586914063
0.0137252807617187 0.0620040893554688 0.0240821838378906 0.0380020141601563
0.0573844909667969 0.0433082580566406 0.0242900848388672 0.0183963775634766
0.0673789978027344 0.0152664184570313 0.00210952758789063 0.0186347961425781
0.0584869384765625 0.0118560791015625 -0.0122509002685547 0.0277938842773438
0.0656700134277344 0.0132598876953125 -0.024139404296875 0.0383872985839844
0.0615882873535156 0.0309562683105469 -0.0365371704101563 0.0362586975097656
0.0365486145019531 0.0530281066894531 -0.04833984375 0.0184860229492188
0.00466537475585938 0.0662155151367188 -0.0403938293457031 -0.00336837768554687
-0.0468254089355469 0.0485382080078125 -0.0171318054199219 -0.0138864517211914
-0.0775527954101563 0.0106048583984375 -0.0278205871582031 0.0235023498535156
-0.0862274169921875 -0.0237045288085938 -0.0857162475585937 0.0259017944335937
-0.0292625427246094 -0.0515518188476563 -0.0865859985351563 0.0528793334960938
-0.0485992431640625 -0.0309677124023438 -0.100814819335938 0.0736846923828125
-0.048736572265625 0.00128555297851562 -0.0404052734375 0.0847015380859375
-0.0382652282714844 0.0355491638183594 -0.000640869140624999 0.0598526000976563
-0.00698089599609375 0.0491523742675781 0.00930404663085938 0.0241680145263672
0.0342292785644531 0.0484580993652344 -0.000220298767089842 0.0115242004394531
0.052276611328125 0.0277671813964844 -0.0235671997070312 0.0185184478759766
0.0474891662597656 0.0215415954589844 -0.0350227355957031 0.030517578125
0.0545082092285156 0.0225296020507813 -0.0446586608886719 0.0378875732421875
0.0508155822753906 0.0372848510742188 -0.0528907775878906 0.0298652648925781
0.02545166015625 0.0531272888183594 -0.0564117431640625 0.0104904174804687
-0.00615310668945312 0.0612564086914063 -0.0418930053710938 -0.0099334716796875
-0.0537033081054688 0.0344352722167969 -0.0188922882080078 -0.0130252838134766
-0.070770263671875 -0.0132827758789063 -0.0397529602050781 0.0222015380859375
-0.0648460388183594 -0.0490989685058594 -0.102821350097656 0.0134124755859375
0.0167999267578125 -0.0580940246582031 -0.0868377685546875 0.0347061157226562
-0.00678634643554688 -0.0512351989746094 -0.09796142578125 0.0599746704101562
-0.024871826171875 -0.0297946929931641 -0.0380477905273437 0.0754241943359375
-0.0393638610839844 -0.000614166259765626 -0.000602722167968755 0.046142578125
-0.0260009765625 0.0260772705078125 0.00335884094238281 0.0105695724487305
0.00501632690429688 0.0443496704101563 -0.0168170928955078 0.00179481506347656
0.0284080505371094 0.0360450744628906 -0.0422286987304687 0.0127029418945313
0.0294246673583984 0.0271797180175781 -0.0534782409667969 0.0279769897460938
0.0358543395996094 0.0276451110839844 -0.062347412109375 0.0337677001953125
0.0326156616210938 0.037933349609375 -0.0680389404296875 0.0203056335449219
0.0131263732910156 0.04644775390625 -0.0654182434082031 0.000278472900390615
-0.0146522521972656 0.0497474670410156 -0.0453033447265625 -0.0192146301269531
-0.0536003112792969 0.0193519592285156 -0.0236091613769531 -0.0191783905029297
-0.0571517944335938 -0.0330162048339844 -0.0501785278320313 0.0091552734375
-0.0355300903320313 -0.0683059692382813 -0.110221862792969 -0.00833892822265625
-0.0119438171386719 0.0662040710449219 0.108177185058594 0.0164642333984375
0.0468406677246094 0.0436820983886719 0.0536155700683594 0.0132789611816406
0.04339599609375 -0.0120010375976563 0.0261669158935547 0.0294246673583984
0.0196342468261719 -0.0312709808349609 0.0533981323242188 0.0400886535644531
-0.00127029418945312 -0.0326309204101563 0.0775909423828125 0.0167694091796875
-0.0220851898193359 -0.0346240997314453 0.0838241577148438 -0.0181121826171875
-0.0207633972167969 -0.0271987915039062 0.078338623046875 -0.0344390869140625
-0.0152797698974609 -0.0274238586425781 0.0640792846679688 -0.02691650390625
-0.0101585388183594 -0.0414924621582031 0.0494613647460937 -0.00741195678710938
0.0204544067382812 -0.0385055541992188 0.0282039642333984 0.00711441040039062
0.0462379455566406 -0.0117073059082031 -0.00434327125549316 -0.00426268577575684
0.0447654724121094 0.0213546752929687 -0.00422096252441406 -0.0337390899658203
0.0100975036621094 0.0592536926269531 0.0427436828613281 -0.0683708190917969
-0.0287399291992188 0.0744094848632813 0.0894546508789063 -0.0560836791992187
-0.0566978454589844 0.0634231567382813 0.0749893188476562 -0.0129470825195312
-0.0517616271972656 0.0617294311523438 0.0960693359375 0.0433197021484375
0.00921249389648437 0.0592002868652344 0.0470771789550781 0.037109375
0.02587890625 0.0156040191650391 0.0286750793457031 0.0454139709472656
0.0225486755371094 -0.00106239318847656 0.0576133728027344 0.0546302795410156
0.0164098739624023 -0.0119514465332031 0.083526611328125 0.028594970703125
0.00855827331542969 -0.0262393951416016 0.09271240234375 -0.0091400146484375
0.0097198486328125 -0.0288848876953125 0.0844879150390625 -0.0247344970703125
0.0126419067382813 -0.0265693664550781 0.0666313171386719 -0.01708984375
0.020538330078125 -0.0371475219726563 0.0490570068359375 0.00429153442382812
0.0453758239746094 -0.0233078002929688 0.02459716796875 0.0195808410644531
0.0570106506347656 0.0117454528808594 -0.0123281478881836 0.00750637054443359
0.0438575744628906 0.0474624633789063 -0.0177364349365234 -0.0235252380371094
-0.00933837890624999 0.0759201049804688 0.0223274230957031 -0.0628318786621094
-0.0614700317382812 0.0778656005859375 0.0640754699707031 -0.0434379577636719
-0.0906982421875 0.059844970703125 0.0461845397949219 0.00321197509765625
-0.0878982543945313 0.0445098876953125 0.0669708251953125 0.0673751831054688
-0.0357093811035156 0.0650787353515625 0.0268592834472656 0.0634613037109375
0.000205993652343751 0.043365478515625 0.0246772766113281 0.0657691955566406
0.0194244384765625 0.0348777770996094 0.0568885803222656 0.0692367553710938
0.0316753387451172 0.0158557891845703 0.0818862915039063 0.0388641357421875
0.0403861999511719 -0.0110511779785156 0.0924530029296875 0.000686645507812499
0.0403404235839844 -0.02532958984375 0.078948974609375 -0.012542724609375
0.0385284423828125 -0.0205535888671875 0.058563232421875 -0.0050201416015625
0.0471038818359375 -0.027587890625 0.0391349792480469 0.0164947509765625
0.0636711120605469 -0.00893020629882813 0.0147113800048828 0.029693603515625
0.0615310668945312 0.0289306640625 -0.0224285125732422 0.0169792175292969
0.0408248901367188 0.0628585815429688 -0.0294456481933594 -0.0130176544189453
-0.0208206176757812 0.0823822021484375 0.00317001342773438 -0.0517501831054687
-0.0782394409179688 0.0748138427734375 0.0352363586425781 -0.0249977111816406
-0.109954833984375 0.0495758056640625 0.0101966857910156 0.0175533294677734
-0.108680725097656 0.0196914672851563 0.0253448486328125 0.0833358764648438
-0.0753326416015625 0.0564041137695312 -0.00624084472656251 0.0852813720703125
-0.0307693481445312 0.0614662170410156 0.012298583984375 0.0836410522460938
0.00842666625976563 0.0658988952636719 0.0473175048828125 0.0797576904296875
0.0397529602050781 0.0434455871582031 0.0696372985839844 0.0458946228027344
0.0644035339355469 0.00820159912109375 0.0796585083007813 0.0100555419921875
0.0643882751464844 -0.0164299011230469 0.0611381530761719 0.000759124755859374
0.0574798583984375 -0.0118179321289063 0.0410385131835938 0.00775909423828125
0.0657920837402344 -0.0151863098144531 0.0231571197509766 0.0260257720947266
0.0737838745117188 0.00537109375 0.00146102905273438 0.036041259765625
0.060394287109375 0.0419387817382813 -0.0302181243896484 0.0238151550292969
0.0341644287109375 0.0701026916503906 -0.0361175537109375 -0.00350570678710937
-0.0279541015625 0.0792770385742187 -0.00904846191406251 -0.0366668701171875
-0.0853652954101563 0.0628280639648437 0.0105915069580078 -0.00336456298828125
-0.115669250488281 0.033477783203125 -0.0251064300537109 0.0297355651855469
-0.107917785644531 -0.00999450683593749 -0.0222549438476563 0.086700439453125
-0.0972061157226563 0.032806396484375 -0.04559326171875 0.0956954956054688
-0.0567283630371094 0.0610237121582031 -0.0072479248046875 0.0945053100585938
-0.009613037109375 0.0817337036132813 0.0306167602539063 0.0823135375976562
0.0352554321289063 0.063995361328125 0.049560546875 0.0453605651855469
0.074493408203125 0.0282745361328125 0.0563240051269531 0.0158119201660156
0.0773086547851563 -0.00315093994140625 0.0344276428222656 0.0117645263671875
0.0671234130859375 -0.0016326904296875 0.0158767700195313 0.0196933746337891
0.0757675170898438 -0.00223541259765625 0.00117492675781251 0.0342311859130859
0.0766830444335938 0.0183334350585938 -0.0151252746582031 0.0386810302734375
0.0546379089355469 0.0511398315429688 -0.0380935668945313 0.0242919921875
0.022979736328125 0.07403564453125 -0.0375709533691406 -0.000144958496093743
-0.0388336181640625 0.0703659057617188 -0.0137119293212891 -0.0218868255615234
-0.0877227783203125 0.0427703857421875 -0.00874710083007813 0.0167274475097656
-0.112129211425781 0.00951385498046875 -0.0588226318359375 0.0358734130859375
-0.0832443237304688 -0.0370254516601563 -0.0635452270507813 0.0788650512695313
-0.0925674438476563 0.00079345703125001 -0.0805587768554688 0.0938720703125
-0.0668067932128906 0.0398635864257813 -0.0261154174804687 0.0950393676757813
-0.0286865234375 0.0739898681640625 0.0128250122070312 0.0749740600585938
0.0192832946777344 0.0689315795898438 0.0264167785644531 0.0374794006347656
0.0672721862792969 0.0435676574707031 0.02655029296875 0.0167980194091797
0.0762252807617188 0.0109710693359375 0.00387763977050782 0.0184440612792969
0.0664100646972656 0.00872802734375 -0.0106563568115234 0.0277805328369141
0.0750198364257813 0.0091552734375 -0.0222854614257812 0.0382575988769531
0.0725173950195313 0.0291061401367188 -0.0337791442871094 0.0357742309570313
0.0450401306152344 0.0569572448730469 -0.0460281372070312 0.0194015502929688
0.0104827880859375 0.0738372802734375 -0.0384712219238281 -0.00212478637695312
-0.0492095947265625 0.0578880310058594 -0.0150632858276367 -0.0131702423095703
-0.088104248046875 0.0186004638671875 -0.0247211456298828 0.0272483825683594
-0.0992813110351563 -0.0191802978515625 -0.0855026245117188 0.032806396484375
-0.0409965515136719 -0.0556488037109375 -0.0898590087890625 0.0614089965820313
-0.0608749389648437 -0.0308494567871094 -0.100898742675781 0.0822601318359375
-0.0572013854980469 0.00592422485351563 -0.0374069213867188 0.087921142578125
-0.0407829284667969 0.0445938110351563 0.000473022460937493 0.060882568359375
-0.00280380249023438 0.0567817687988281 0.00948524475097656 0.0235385894775391
0.0440521240234375 0.050628662109375 -0.00107097625732422 0.0113677978515625
0.0612983703613281 0.0244522094726563 -0.0250205993652344 0.0205726623535156
0.0555534362792969 0.0181541442871094 -0.0359382629394531 0.0328750610351562
0.063568115234375 0.0188102722167969 -0.0455131530761719 0.0398330688476563
0.0604286193847656 0.035888671875 -0.0535011291503906 0.0303840637207031
0.0338325500488281 0.0572433471679688 -0.0566749572753906 0.0106544494628906
-0.000614166259765627 0.0688018798828125 -0.0408363342285156 -0.00999450683593749
-0.056640625 0.0440711975097656 -0.0167303085327148 -0.0125350952148437
-0.082244873046875 -0.00688171386718752 -0.0385055541992188 0.0270118713378906
-0.0780029296875 -0.0470733642578125 -0.10699462890625 0.019622802734375
0.00899505615234374 -0.0654830932617188 -0.0934829711914062 0.0416641235351563
-0.0172805786132813 -0.0552139282226563 -0.100914001464844 0.06744384765625
-0.0334949493408203 -0.0287570953369141 -0.0363922119140625 0.0778656005859375
-0.0438117980957031 0.006195068359375 -0.00116348266601563 0.0453033447265625
-0.0245990753173828 0.0331516265869141 0.000956535339355467 0.00918102264404297
0.0132980346679688 0.0476646423339844 -0.0206470489501953 0.00221633911132812
0.0363578796386719 0.0341148376464844 -0.0457496643066406 0.0168952941894531
0.0363197326660156 0.0248908996582031 -0.0564002990722656 0.03289794921875
0.0433616638183594 0.0254936218261719 -0.0653114318847656 0.0380783081054687
0.0415534973144531 0.0366134643554688 -0.0716552734375 0.0223541259765625
0.02008056640625 0.0496101379394531 -0.0676116943359375 0.00035476684570313
-0.00947189331054688 0.0563430786132813 -0.0464210510253906 -0.0191726684570312
-0.0556259155273437 0.02667236328125 -0.0227890014648438 -0.0187244415283203
-0.0666923522949219 -0.0287361145019531 -0.0517349243164063 0.0144882202148438
-0.0476112365722656 -0.0682868957519531 -0.118057250976562 -0.00341033935546873
-0.00516128540039062 0.0691719055175781 0.120262145996094 0.0116119384765625
0.0536079406738281 0.0399589538574219 0.0582618713378906 0.0081939697265625
0.0430717468261719 -0.0177040100097656 0.0269374847412109 0.0290584564208984
0.0162105560302734 -0.0351047515869141 0.0575332641601563 0.0421791076660156
-0.00582313537597656 -0.0342502593994141 0.08465576171875 0.017059326171875
-0.0285396575927734 -0.0321979522705078 0.0914993286132813 -0.0218429565429688
-0.0255069732666016 -0.0251502990722656 0.0849456787109375 -0.0416793823242188
-0.0189304351806641 -0.0252590179443359 0.0694694519042969 -0.0341262817382813
-0.0162811279296875 -0.0409889221191406 0.0561676025390625 -0.0136222839355469
0.0159950256347656 -0.0419845581054687 0.0354499816894531 0.00441360473632812
0.0464286804199219 -0.0178680419921875 0.00056719779968262 -0.00305414199829102
0.0486946105957031 0.0168190002441406 -0.00181770324707031 -0.0327873229980469
0.0179862976074219 0.0615653991699219 0.0429000854492188 -0.0713882446289063
-0.0213470458984375 0.0820159912109375 0.095245361328125 -0.0640716552734375
-0.0525588989257812 0.0728607177734375 0.0865859985351562 -0.0175628662109375
-0.0513877868652344 0.0663185119628906 0.109291076660156 0.0401611328125
0.0122337341308594 0.0600051879882813 0.053680419921875 0.0339279174804688
0.0258884429931641 0.0139026641845703 0.0310401916503906 0.0460662841796875
0.0213451385498047 -0.000967025756835937 0.0633392333984375 0.05755615234375
0.0143957138061523 -0.0113325119018555 0.0912399291992188 0.028106689453125
0.00601577758789063 -0.0254707336425781 0.101425170898437 -0.0135955810546875
0.00848197937011719 -0.0291004180908203 0.0926437377929688 -0.0334396362304688
0.0117301940917969 -0.0265178680419922 0.073760986328125 -0.02593994140625
0.0190620422363281 -0.038330078125 0.0570716857910156 -0.00210189819335938
0.0456733703613281 -0.0272331237792969 0.0334091186523438 0.0169715881347656
0.0606536865234375 0.00804519653320312 -0.0062408447265625 0.00919723510742187
0.0496253967285156 0.0465583801269531 -0.0148506164550781 -0.0207767486572266
-0.00399017333984375 0.0819168090820313 0.0224876403808594 -0.0643501281738281
-0.0587005615234375 0.0890884399414063 0.070098876953125 -0.0489883422851563
-0.0915603637695312 0.071014404296875 0.0575103759765625 0.00165939331054688
-0.0933303833007813 0.0512847900390625 0.0806732177734375 0.0681381225585938
-0.0374298095703125 0.0701141357421875 0.0339241027832031 0.0625801086425781
-0.00133132934570312 0.0459136962890625 0.0275459289550781 0.0665245056152344
0.0204887390136719 0.0381851196289063 0.0633087158203125 0.072021484375
0.034088134765625 0.0176963806152344 0.0905303955078125 0.0385589599609375
0.0422134399414063 -0.0115089416503906 0.101211547851563 -0.00434112548828125
0.0424728393554688 -0.0276031494140625 0.086883544921875 -0.0203170776367188
0.0412940979003906 -0.0227317810058594 0.064910888671875 -0.012420654296875
0.0501060485839844 -0.0303497314453125 0.0474510192871094 0.0107765197753906
0.0682945251464844 -0.0118408203125 0.0232486724853516 0.0273551940917969
0.0683059692382813 0.0286674499511719 -0.0168170928955078 0.0183315277099609
0.04791259765625 0.0656051635742188 -0.0258731842041016 -0.0101184844970703
-0.0179595947265625 0.0908355712890625 0.00426101684570312 -0.0522651672363281
-0.080413818359375 0.0870437622070312 0.0412216186523437 -0.0282478332519531
-0.115989685058594 0.0610885620117187 0.0198535919189453 0.0187873840332031
-0.119064331054688 0.0259246826171875 0.0357894897460937 0.0874786376953125
-0.0819091796875 0.064544677734375 0.001068115234375 0.087554931640625
-0.03350830078125 0.0683555603027344 0.015869140625 0.0861434936523438
0.0107040405273438 0.0733413696289063 0.0536422729492188 0.0831146240234375
0.0449943542480469 0.047698974609375 0.0770797729492188 0.0452117919921875
0.0710525512695313 0.0068359375 0.0876007080078125 0.00542449951171875
0.0704421997070313 -0.0205001831054688 0.0683021545410156 -0.00586318969726563
0.0639457702636719 -0.01556396484375 0.0456733703613281 0.00236892700195312
0.0728836059570313 -0.0198516845703125 0.0287094116210938 0.0222244262695312
0.0821762084960938 0.00218963623046875 0.00791931152343751 0.0340499877929688
0.0687828063964844 0.0433273315429688 -0.0253696441650391 0.0243549346923828
0.0417022705078125 0.0760116577148438 -0.0326995849609375 -0.00172042846679687
-0.02777099609375 0.0897674560546875 -0.00740814208984375 -0.0367431640625
-0.0917434692382813 0.0748748779296875 0.0169963836669922 -0.00383949279785156
-0.126106262207031 0.0438079833984375 -0.0182628631591797 0.0338134765625
-0.122474670410156 -0.00551605224609377 -0.01617431640625 0.0943145751953125
-0.108833312988281 0.0415191650390625 -0.0414276123046875 0.101905822753906
-0.0624237060546875 0.070465087890625 -0.00383758544921876 0.09844970703125
-0.00751495361328125 0.0923919677734375 0.0352630615234375 0.0858306884765625
0.0421257019042969 0.0701065063476563 0.054534912109375 0.0454902648925781
0.0838851928710938 0.0271148681640625 0.0613670349121094 0.0128173828125
0.0859756469726563 -0.0086212158203125 0.0386466979980469 0.00802993774414063
0.0755462646484375 -0.0060882568359375 0.0189495086669922 0.0166225433349609
0.0846633911132813 -0.00751495361328125 0.00480842590332032 0.0324535369873047
0.0874404907226563 0.0156326293945313 -0.0112495422363281 0.0373916625976562
0.0643043518066406 0.0543861389160156 -0.0351066589355469 0.0244827270507813
0.0310592651367188 0.081756591796875 -0.0351600646972656 0.000965118408203128
-0.0395126342773438 0.081298828125 -0.0109596252441406 -0.0227870941162109
-0.0973281860351563 0.0545120239257812 -0.00278663635253907 0.0184841156005859
-0.124588012695313 0.0182571411132813 -0.0548782348632813 0.0413360595703125
-0.0989151000976563 -0.0354537963867187 -0.0616607666015625 0.0883941650390625
-0.105735778808594 0.00729370117187501 -0.0799102783203125 0.102561950683594
-0.0747299194335938 0.0490875244140625 -0.023529052734375 0.0995330810546875
-0.0282669067382813 0.0855941772460938 0.0152053833007812 0.0778350830078125
0.026458740234375 0.0767745971679688 0.0288505554199219 0.0378494262695313
0.0785675048828125 0.0432891845703125 0.0293655395507813 0.0154838562011719
0.0858535766601563 0.00524139404296875 0.00551033020019532 0.0185279846191406
0.075469970703125 0.0038909912109375 -0.00972366333007812 0.0284194946289063
0.08526611328125 0.00363922119140625 -0.0218696594238281 0.0391883850097656
0.0838241577148438 0.0267257690429687 -0.0328712463378906 0.0359344482421875
0.0559120178222656 0.0606269836425781 -0.0463943481445313 0.0183753967285156
0.0184860229492187 0.0827789306640625 -0.0371131896972656 -0.00258636474609375
-0.0514793395996094 0.0692138671875 -0.012730598449707 -0.014312744140625
-0.099395751953125 0.0288314819335937 -0.0207767486572266 0.0303897857666016
-0.113693237304688 -0.0131072998046875 -0.0865859985351563 0.03912353515625
-0.0547294616699219 -0.0585746765136719 -0.09344482421875 0.0715103149414063
-0.07489013671875 -0.0286636352539062 -0.103462219238281 0.0920791625976563
-0.0662345886230469 0.0121002197265625 -0.0355911254882813 0.0924148559570313
-0.0426025390625 0.0556678771972656 0.000877380371093747 0.0626716613769531
0.00255966186523438 0.06536865234375 0.00803947448730469 0.0246906280517578
0.0553436279296875 0.05133056640625 -0.001800537109375 0.0118217468261719
0.0717010498046875 0.019866943359375 -0.0265140533447266 0.023406982421875
0.0638389587402344 0.014068603515625 -0.0380477905273438 0.0369033813476562
0.0743637084960938 0.0141677856445312 -0.0477752685546875 0.0437698364257813
0.0716629028320313 0.0332412719726563 -0.0555610656738281 0.0317726135253906
0.0438995361328125 0.0603485107421875 -0.0596351623535156 0.0105247497558594
0.00666046142578125 0.0772857666015625 -0.0418968200683594 -0.010498046875
-0.0589027404785156 0.0542945861816406 -0.0155611038208008 -0.0136594772338867
-0.0937042236328125 0.00160217285156251 -0.0374259948730469 0.0319137573242188
-0.0926132202148438 -0.0438766479492187 -0.112335205078125 0.0259628295898437
-0.000907897949218751 -0.071746826171875 -0.101905822753906 0.050567626953125
-0.0284805297851562 -0.0581703186035156 -0.10595703125 0.0767822265625
-0.0421485900878906 -0.0267753601074219 -0.0356674194335938 0.0822601318359375
-0.0478706359863281 0.0138168334960938 -0.00278472900390625 0.0457878112792969
-0.0215988159179688 0.0406646728515625 -0.00250244140625 0.00963973999023438
0.0220756530761719 0.0498886108398437 -0.0251102447509766 0.00427436828613281
0.0450172424316406 0.0314483642578125 -0.05059814453125 0.0224723815917969
0.04296875 0.0215263366699219 -0.0602264404296875 0.0389518737792969
0.0516433715820313 0.0222091674804688 -0.0702743530273438 0.0433769226074219
0.0502510070800781 0.0341453552246094 -0.0770492553710937 0.0247955322265625
0.0275306701660156 0.0520248413085938 -0.0726776123046875 0.000434875488281264
-0.00400161743164062 0.063079833984375 -0.0486488342285156 -0.0209159851074219
-0.0580291748046875 0.035552978515625 -0.0224132537841797 -0.0195770263671875
-0.07733154296875 -0.0228652954101563 -0.0533218383789063 0.0198326110839844
-0.0603752136230469 -0.0681571960449219 -0.128562927246094 0.00233459472656251
0.00149536132812501 0.0720367431640625 0.133338928222656 0.002685546875
0.0605201721191406 0.0346832275390625 0.0636367797851563 0.00178146362304688
0.0427627563476563 -0.0235214233398438 0.0288009643554688 0.0295696258544922
0.0117721557617187 -0.0392265319824219 0.0649261474609375 0.0437240600585938
-0.0110435485839844 -0.0347805023193359 0.0944442749023438 0.014892578125
-0.0352249145507812 -0.0290489196777344 0.0999984741210938 -0.0289459228515625
-0.02911376953125 -0.0220947265625 0.09161376953125 -0.0530319213867188
-0.0226516723632812 -0.0232620239257813 0.0748443603515625 -0.0447769165039062
-0.0223503112792969 -0.0396232604980469 0.0625648498535156 -0.02264404296875
0.0107002258300781 -0.0454864501953125 0.043243408203125 -0.00118637084960938
0.045928955078125 -0.0248756408691406 0.0061492919921875 -0.00356721878051758
0.0534515380859375 0.0118560791015625 0.000831604003906252 -0.0333423614501953
0.0270614624023438 0.0633621215820313 0.0437164306640625 -0.0769195556640625
-0.011962890625 0.09002685546875 0.100883483886719 -0.0754623413085938
-0.0465240478515625 0.0835952758789063 0.0990066528320313 -0.02679443359375
-0.0500259399414062 0.0736083984375 0.1251220703125 0.0349578857421875
0.0158538818359375 0.0611648559570313 0.0609130859375 0.0288314819335938
0.0253162384033203 0.0129890441894531 0.0338211059570313 0.0469284057617188
0.0203495025634766 -0.00169944763183594 0.072052001953125 0.05902099609375
0.0138263702392578 -0.0112619400024414 0.102302551269531 0.0255508422851563
0.0041961669921875 -0.0245246887207031 0.111473083496094 -0.0223617553710937
0.00800704956054688 -0.029541015625 0.100227355957031 -0.04534912109375
0.0120849609375 -0.0276298522949219 0.0801467895507813 -0.036895751953125
0.0171318054199219 -0.0401458740234375 0.0648841857910156 -0.0115547180175781
0.0456352233886719 -0.0317268371582031 0.0428085327148438 0.011810302734375
0.06536865234375 0.003387451171875 0.00037479400634766 0.00916004180908203
0.0564117431640625 0.0453987121582031 -0.0112075805664062 -0.0201358795166016
0.00322723388671876 0.088714599609375 0.0234146118164063 -0.0683059692382813
-0.05462646484375 0.101692199707031 0.0762252807617187 -0.0579910278320312
-0.0920867919921875 0.0851058959960938 0.0699806213378906 -0.00359344482421874
-0.099151611328125 0.0609664916992187 0.0961990356445313 0.0664443969726563
-0.0378265380859375 0.0777664184570313 0.0427093505859375 0.0608711242675781
-0.0024261474609375 0.0510673522949219 0.0318756103515625 0.0685272216796875
0.0229835510253906 0.0426826477050781 0.0723342895507813 0.07501220703125
0.037933349609375 0.0197067260742188 0.101226806640625 0.0361480712890625
0.0454864501953125 -0.0132637023925781 0.111358642578125 -0.0130462646484375
0.0456314086914063 -0.0316390991210938 0.0948257446289063 -0.0313262939453125
0.0452003479003906 -0.0268478393554688 0.0713424682617188 -0.0227203369140625
0.0531845092773438 -0.0359420776367188 0.0546913146972656 0.00301361083984375
0.0732650756835938 -0.017578125 0.0317153930664063 0.022918701171875
0.0768661499023438 0.0266571044921875 -0.00999641418457031 0.0187435150146484
0.0568885803222656 0.06866455078125 -0.0225181579589844 -0.00901412963867187
-0.0128555297851563 0.101455688476563 0.00497817993164062 -0.0549659729003906
-0.0810470581054688 0.102348327636719 0.0470809936523437 -0.0343742370605469
-0.121871948242188 0.0767669677734375 0.0311355590820312 0.018218994140625
-0.132034301757813 0.0362091064453125 0.0490951538085937 0.0915679931640625
-0.0883712768554688 0.0768814086914063 0.00807189941406249 0.0903778076171875
-0.0357742309570313 0.0791473388671875 0.0208740234375 0.0892257690429688
0.0158157348632812 0.0827713012695313 0.062103271484375 0.0864028930664063
0.053131103515625 0.0507965087890625 0.0862960815429688 0.0440902709960938
0.0788421630859375 0.00395965576171875 0.09588623046875 -0.00170135498046875
0.0765609741210938 -0.0275955200195312 0.0749282836914063 -0.0137100219726563
0.0705642700195313 -0.021728515625 0.0508041381835938 -0.00498580932617188
0.0799713134765625 -0.0275039672851563 0.0343971252441406 0.0166816711425781
0.091156005859375 -0.00334930419921875 0.0145702362060547 0.0305595397949219
0.0807876586914063 0.0435943603515625 -0.0205802917480469 0.0247650146484375
0.052215576171875 0.0821456909179688 -0.02960205078125 -0.00063323974609374
-0.0249176025390625 0.102424621582031 -0.00594711303710938 -0.0385513305664062
-0.0965118408203125 0.0919876098632813 0.0228004455566406 -0.00695419311523437
-0.13653564453125 0.0594253540039063 -0.00997161865234376 0.0361824035644531
-0.139328002929688 0.00328826904296874 -0.00785827636718752 0.102828979492187
-0.120193481445313 0.055694580078125 -0.0363082885742188 0.109397888183594
-0.0661849975585937 0.0841140747070313 0.000793457031250001 0.102928161621094
-0.00209808349609374 0.105552673339844 0.0423202514648438 0.09033203125
0.052886962890625 0.0757980346679688 0.0612678527832031 0.0452194213867188
0.0962066650390625 0.02374267578125 0.066864013671875 0.00731658935546875
0.0949935913085937 -0.0174026489257812 0.0434188842773438 0.00384902954101562
0.084991455078125 -0.0135498046875 0.0224952697753906 0.0133876800537109
0.0953292846679687 -0.0159988403320313 0.00803184509277345 0.0305366516113281
0.0996780395507812 0.00958251953125 -0.00756454467773437 0.035491943359375
0.077667236328125 0.0561370849609375 -0.0333080291748047 0.0243682861328125
0.042327880859375 0.0898666381835938 -0.033843994140625 0.00136375427246095
-0.038726806640625 0.0956954956054687 -0.00990486145019531 -0.0249137878417969
-0.10601806640625 0.0714111328125 0.00289344787597656 0.0184421539306641
-0.138710021972656 0.031646728515625 -0.0511245727539063 0.0477561950683594
-0.116775512695312 -0.0300979614257813 -0.060089111328125 0.100845336914063
-0.120460510253906 0.0188827514648437 -0.07806396484375 0.114204406738281
-0.0821762084960937 0.062591552734375 -0.0198974609375 0.105812072753906
-0.024383544921875 0.0999908447265625 0.0193405151367187 0.0826187133789063
0.0368194580078125 0.0842666625976563 0.0319862365722656 0.0388450622558594
0.0920486450195312 0.0405960083007812 0.0313339233398438 0.0131759643554688
0.096588134765625 -0.002899169921875 0.0071563720703125 0.0186882019042969
0.0850753784179688 -0.00360107421875 -0.00929832458496093 0.0292835235595703
0.0964736938476563 -0.00531768798828125 -0.021087646484375 0.04052734375
0.0969390869140625 0.02044677734375 -0.0331001281738281 0.0365486145019531
0.0695724487304688 0.0632514953613281 -0.0472412109375 0.0190658569335938
0.0294265747070313 0.0912399291992187 -0.0376167297363281 -0.00304031372070312
-0.0518417358398437 0.083465576171875 -0.0114479064941406 -0.0164070129394531
-0.110023498535156 0.0436935424804688 -0.0165557861328125 0.0338764190673828
-0.129570007324219 -0.00199890136718751 -0.0875396728515625 0.0472259521484375
-0.0705795288085938 -0.0586700439453125 -0.0973281860351563 0.085113525390625
-0.0897674560546875 -0.022247314453125 -0.106056213378906 0.105232238769531
-0.07537841796875 0.0218048095703125 -0.0338668823242188 0.099273681640625
-0.042083740234375 0.0684738159179687 0.0028839111328125 0.066680908203125
0.010650634765625 0.073638916015625 0.00727653503417969 0.0250911712646484
0.0686378479003906 0.0502853393554688 -0.00365447998046875 0.012394905090332
0.0814666748046875 0.0124664306640625 -0.0281543731689453 0.0277061462402344
0.0727005004882812 0.00714874267578125 -0.0396385192871094 0.0416908264160156
0.0843887329101563 0.0065155029296875 -0.0500297546386719 0.0490036010742188
0.0839385986328125 0.0274810791015625 -0.05926513671875 0.0349922180175781
0.0560035705566406 0.0626373291015625 -0.063812255859375 0.011688232421875
0.0161895751953125 0.0850372314453125 -0.0444831848144531 -0.0118751525878906
-0.0602531433105469 0.0673599243164063 -0.0148353576660156 -0.0156803131103516
-0.105239868164063 0.0134811401367187 -0.0356826782226563 0.0371818542480469
-0.108596801757813 -0.0364608764648438 -0.119049072265625 0.0356369018554688
-0.01202392578125 -0.0772171020507812 -0.110557556152344 0.0632858276367187
-0.0414695739746094 -0.0587997436523437 -0.110939025878906 0.0900802612304688
-0.0516281127929687 -0.0235366821289062 -0.0348434448242187 0.0882339477539063
-0.0513229370117188 0.0233039855957031 -0.003631591796875 0.0489425659179688
-0.0171279907226562 0.0484848022460938 -0.00631904602050781 0.0106296539306641
0.0321388244628906 0.0510139465332031 -0.0296058654785156 0.00774574279785156
0.0541000366210937 0.0268516540527344 -0.0550689697265625 0.0301933288574219
0.0499229431152344 0.0172157287597656 -0.0640373229980469 0.0480308532714844
0.0598640441894531 0.0158462524414063 -0.0749359130859375 0.0523452758789062
0.0596733093261719 0.03021240234375 -0.084014892578125 0.0302810668945312
0.0374565124511719 0.0537605285644531 -0.07958984375 0.00266265869140626
0.00387573242187499 0.0697288513183594 -0.0539703369140625 -0.0218276977539062
-0.0594940185546875 0.0455589294433594 -0.0232906341552734 -0.0208415985107422
-0.0882415771484375 -0.0146102905273437 -0.0549659729003906 0.02728271484375
-0.07373046875 -0.0659866333007813 -0.140029907226563 0.01129150390625
0.00950622558593749 0.073974609375 0.146240234375 -0.012176513671875
0.0674285888671875 0.0274391174316406 0.067138671875 -0.00791168212890625
0.0412483215332031 -0.0302810668945313 0.0316123962402344 0.0300464630126953
0.00658798217773438 -0.0422401428222656 0.0736770629882813 0.0427093505859375
-0.0169258117675781 -0.0347061157226563 0.105140686035156 0.00908660888671875
-0.0405158996582031 -0.0241775512695312 0.108436584472656 -0.0408096313476562
-0.0325489044189453 -0.0174236297607422 0.0956344604492187 -0.0684127807617187
-0.0264472961425781 -0.0201854705810547 0.0766220092773438 -0.0591506958007813
-0.0289192199707031 -0.0366706848144531 0.0669097900390625 -0.0345916748046875
0.00404739379882813 -0.0481796264648438 0.0503463745117188 -0.00897216796875
0.0437545776367187 -0.0325584411621094 0.0113687515258789 -0.00615978240966797
0.0571517944335937 0.00477981567382812 0.0029144287109375 -0.0353164672851563
0.0382461547851563 0.0625457763671875 0.0420074462890625 -0.0840072631835938
0.00108337402343751 0.0970916748046875 0.103370666503906 -0.0915145874023438
-0.0368194580078125 0.093902587890625 0.109909057617188 -0.0409927368164062
-0.0471038818359375 0.0821380615234375 0.140838623046875 0.0228729248046875
0.0208778381347656 0.0619049072265625 0.0675315856933594 0.0207977294921875
0.0252151489257813 0.0123271942138672 0.0387420654296875 0.0470809936523438
0.0201663970947266 -0.00128936767578125 0.083038330078125 0.0578765869140625
0.0134439468383789 -0.0108804702758789 0.113723754882813 0.0182647705078125
0.0025482177734375 -0.0235729217529297 0.12066650390625 -0.0353775024414063
0.00648117065429688 -0.0302886962890625 0.105064392089844 -0.0626754760742188
0.0112876892089844 -0.0286102294921875 0.0824661254882813 -0.0519332885742188
0.014434814453125 -0.0429534912109375 0.0699691772460938 -0.0242156982421875
0.0456657409667969 -0.0368919372558594 0.0507049560546875 0.00324249267578125
0.0687713623046875 -0.00292205810546875 0.00668001174926758 0.00647974014282227
0.0647964477539063 0.0421676635742188 -0.00780868530273437 -0.0201644897460937
0.0132598876953125 0.0945587158203125 0.021881103515625 -0.0733642578125
-0.0459442138671875 0.115066528320313 0.0796890258789063 -0.0711288452148437
-0.0884017944335938 0.10150146484375 0.0820541381835938 -0.0139617919921875
-0.103843688964844 0.0743179321289063 0.113288879394531 0.058502197265625
-0.0356597900390625 0.0868377685546875 0.0518379211425781 0.0570869445800781
-0.00125122070312499 0.0569267272949219 0.0376434326171875 0.0688743591308594
0.0285720825195313 0.0466423034667969 0.0843353271484375 0.0745468139648438
0.04339599609375 0.0197334289550781 0.112960815429688 0.0292434692382813
0.0482902526855469 -0.0170440673828125 0.119552612304688 -0.0259780883789063
0.0476188659667969 -0.0380935668945313 0.100616455078125 -0.0471725463867188
0.0480995178222656 -0.0331611633300781 0.07470703125 -0.0359115600585938
0.0552482604980469 -0.0438575744628906 0.0599288940429688 -0.0088348388671875
0.0780792236328125 -0.0259628295898438 0.0397605895996094 0.0153846740722656
0.0859909057617187 0.0213851928710937 -0.0033578872680664 0.0166864395141602
0.0690727233886719 0.0687141418457031 -0.0182132720947266 -0.00806617736816406
-0.00418853759765625 0.111602783203125 0.00391387939453126 -0.0590095520019531
-0.0778656005859375 0.12066650390625 0.0522537231445313 -0.0435981750488281
-0.123283386230469 0.0968170166015625 0.0427780151367187 0.0130233764648438
-0.14288330078125 0.05303955078125 0.0650482177734375 0.0909271240234375
-0.0908050537109375 0.09344482421875 0.0181808471679687 0.092132568359375
-0.0341567993164063 0.0920639038085938 0.0279006958007813 0.0917434692382813
0.0256195068359375 0.0917739868164063 0.0739669799804688 0.08740234375
0.0638961791992188 0.0533485412597656 0.0971298217773438 0.0387420654296875
0.0871429443359375 -0.00311279296875 0.103065490722656 -0.013031005859375
0.0817794799804687 -0.0379791259765625 0.0804061889648438 -0.025146484375
0.0769271850585938 -0.031768798828125 0.0538368225097656 -0.0147209167480469
0.08685302734375 -0.0392837524414063 0.0390701293945313 0.00995635986328125
0.100784301757813 -0.0144119262695312 0.0206146240234375 0.0257587432861328
0.09454345703125 0.0392684936523438 -0.0160999298095703 0.0230770111083984
0.0668869018554688 0.0845718383789063 -0.0264205932617187 -0.000484466552734373
-0.017608642578125 0.116622924804688 -0.00635528564453125 -0.0420608520507812
-0.0970230102539062 0.113166809082031 0.0278911590576172 -0.0117759704589844
-0.143051147460938 0.0799713134765625 -0.000965118408203131 0.0370941162109375
-0.155807495117188 0.019561767578125 0.00375366210937498 0.110435485839844
-0.128196716308594 0.0752944946289063 -0.0278472900390625 0.117523193359375
-0.067047119140625 0.101936340332031 0.00818634033203126 0.107887268066406
0.00946807861328124 0.118377685546875 0.0522232055664063 0.092498779296875
0.0671768188476563 0.0788803100585937 0.0688362121582031 0.0423851013183594
0.108299255371094 0.01519775390625 0.0721054077148438 0.000473022460937501
0.102310180664063 -0.0303115844726563 0.0470085144042969 -0.00173187255859375
0.0926055908203125 -0.0249557495117188 0.0244235992431641 0.00923919677734375
0.103866577148438 -0.029632568359375 0.0104084014892578 0.0277309417724609
0.111785888671875 -0.0021514892578125 -0.00409317016601562 0.0340480804443359
0.0938339233398438 0.053192138671875 -0.0314769744873047 0.024871826171875
0.0581207275390625 0.0946502685546875 -0.0323390960693359 0.00161743164062501
-0.0323944091796875 0.111564636230469 -0.00952529907226563 -0.0273857116699219
-0.110519409179687 0.0935440063476563 0.00841712951660156 0.0171470642089844
-0.150283813476563 0.0524444580078125 -0.0453147888183594 0.0542373657226562
-0.135063171386719 -0.0183944702148438 -0.0542755126953125 0.114372253417969
-0.133018493652344 0.0371475219726562 -0.0729446411132813 0.127548217773438
-0.0859756469726563 0.0800704956054687 -0.0142898559570313 0.112770080566406
-0.0147552490234375 0.115646362304688 0.0263442993164063 0.0865707397460938
0.0516357421875 0.0895233154296875 0.0356559753417969 0.0383224487304688
0.107231140136719 0.0322113037109375 0.0332965850830078 0.0106086730957031
0.105064392089844 -0.0160675048828125 0.00881958007812501 0.0185604095458984
0.0940628051757813 -0.0158309936523437 -0.00760841369628906 0.0312137603759766
0.106407165527344 -0.0182952880859375 -0.0197563171386719 0.0432624816894531
0.110610961914063 0.00904083251953125 -0.0334815979003906 0.0380020141601563
0.0853118896484375 0.060943603515625 -0.0492286682128906 0.0207633972167969
0.0452041625976562 0.09698486328125 -0.0385665893554688 -0.00272750854492187
-0.047698974609375 0.100082397460938 -0.0112724304199219 -0.019439697265625
-0.117347717285156 0.063995361328125 -0.0107154846191406 0.0360870361328125
-0.1434326171875 0.0159149169921875 -0.0867767333984375 0.057952880859375
-0.0878372192382812 -0.0531463623046875 -0.097747802734375 0.102127075195313
-0.104263305664063 -0.0107955932617188 -0.104011535644531 0.122474670410156
-0.0829315185546875 0.0357894897460938 -0.0288543701171875 0.106407165527344
-0.0370330810546875 0.0842819213867188 0.00545501708984375 0.0713348388671875
0.0230865478515625 0.080352783203125 0.00752067565917969 0.0264892578125
0.0827789306640625 0.044586181640625 -0.0047922134399414 0.0150279998779297
0.0899200439453125 0.00079345703125 -0.0287189483642578 0.0335121154785156
0.0806961059570312 -0.00258636474609375 -0.0398674011230469 0.0488014221191406
0.0936660766601562 -0.00524139404296875 -0.0504074096679688 0.0566291809082031
0.09661865234375 0.017303466796875 -0.06292724609375 0.0405349731445312
0.0714111328125 0.0610427856445313 -0.0688858032226563 0.0149612426757813
0.0304946899414062 0.0904083251953125 -0.0479736328125 -0.0106697082519531
-0.0571136474609375 0.082305908203125 -0.0156478881835938 -0.0181636810302734
-0.11480712890625 0.0313644409179687 -0.0322608947753906 0.0426788330078125
-0.123504638671875 -0.0234451293945313 -0.123550415039063 0.049468994140625
-0.0258331298828125 -0.0796432495117188 -0.115592956542969 0.0817642211914062
-0.055450439453125 -0.0553359985351563 -0.112762451171875 0.107810974121094
-0.0610618591308594 -0.0161476135253906 -0.0307846069335938 0.095458984375
-0.0513038635253906 0.0351715087890625 -0.00373458862304688 0.0524673461914063
-0.009918212890625 0.0564460754394531 -0.00994110107421875 0.0129261016845703
0.0437431335449219 0.0485916137695313 -0.0343303680419922 0.0129203796386719
0.0611610412597656 0.0190658569335937 -0.0571441650390625 0.0409049987792969
0.0562477111816406 0.0095977783203125 -0.0646133422851562 0.0591621398925781
0.0676498413085938 0.00804901123046875 -0.0772018432617187 0.0643768310546875
0.0695762634277344 0.0221939086914062 -0.0892333984375 0.0397491455078125
0.0490646362304688 0.0521011352539063 -0.0879745483398438 0.00771331787109374
0.0148468017578125 0.07421875 -0.0591278076171875 -0.0201454162597656
-0.0575752258300781 0.0575447082519531 -0.0256443023681641 -0.0225200653076172
-0.0976028442382812 -0.0020751953125 -0.0542793273925781 0.0358505249023437
-0.0888595581054688 -0.0588607788085937 -0.150726318359375 0.0262451171875
0.0198287963867188 0.0721817016601563 0.1519775390625 -0.0302581787109375
0.0707168579101563 0.0169754028320313 0.0664710998535156 -0.0182609558105469
0.0358619689941406 -0.0369606018066406 0.0337715148925781 0.0287036895751953
-0.000511169433593753 -0.0441513061523438 0.0823745727539063 0.0381927490234375
-0.0233001708984375 -0.0319843292236328 0.11199951171875 -0.00286102294921875
-0.0457115173339844 -0.0182304382324219 0.112022399902344 -0.0543670654296875
-0.0355911254882813 -0.0118484497070313 0.092437744140625 -0.0855789184570313
-0.0282135009765625 -0.0158977508544922 0.0735702514648438 -0.0748443603515625
-0.0339717864990234 -0.0316734313964844 0.0662117004394531 -0.0482444763183594
-0.00394058227539063 -0.0480804443359375 0.054107666015625 -0.0204734802246094
0.0383987426757813 -0.0394821166992188 0.0159950256347656 -0.0104293823242188
0.0585975646972656 -0.003509521484375 0.00359725952148438 -0.036865234375
0.0491218566894531 0.05780029296875 0.03704833984375 -0.0904083251953125
0.0160293579101563 0.0975875854492188 0.0985031127929688 -0.108329772949219
-0.023712158203125 0.10009765625 0.115150451660156 -0.059478759765625
-0.04248046875 0.0891952514648438 0.152191162109375 0.00509643554687501
0.0266914367675781 0.0611457824707031 0.0712051391601563 0.0113143920898438
0.0255947113037109 0.0107688903808594 0.0425834655761719 0.0458221435546875
0.0203914642333984 -0.002838134765625 0.0926437377929688 0.0529632568359375
0.0132637023925781 -0.00990009307861328 0.12408447265625 0.00600433349609375
0.001220703125 -0.0225162506103516 0.123443603515625 -0.0532302856445313
0.00487709045410156 -0.0317420959472656 0.10345458984375 -0.08001708984375
0.00993919372558594 -0.0306835174560547 0.0807037353515625 -0.068115234375
0.0116729736328125 -0.0448226928710938 0.0698089599609375 -0.0397567749023437
0.0421867370605469 -0.0431365966796875 0.0556411743164062 -0.00909805297851563
0.0709609985351563 -0.0119094848632813 0.0129022598266602 0.00243568420410156
0.0724029541015625 0.0371246337890625 -0.00515937805175781 -0.0218410491943359
0.0258407592773437 0.0966339111328125 0.0182571411132813 -0.0776901245117188
-0.0322494506835938 0.125724792480469 0.077392578125 -0.085174560546875
-0.077667236328125 0.115890502929687 0.091796875 -0.0276947021484375
-0.101371765136719 0.091522216796875 0.127235412597656 0.0453338623046875
-0.0301361083984375 0.0963134765625 0.0600967407226562 0.0488967895507813
0.00255584716796875 0.0635337829589844 0.0455513000488281 0.066864013671875
0.0355072021484375 0.0475273132324219 0.09515380859375 0.0686492919921875
0.0486259460449219 0.0171279907226563 0.122406005859375 0.0177993774414063
0.0515975952148438 -0.0216445922851563 0.122673034667969 -0.044219970703125
0.04803466796875 -0.045562744140625 0.100204467773438 -0.0659637451171875
0.0485610961914063 -0.0406608581542969 0.07330322265625 -0.0511322021484375
0.0548248291015625 -0.0518722534179688 0.0615425109863281 -0.0223236083984375
0.0799179077148438 -0.0365753173828125 0.0444984436035156 0.00502777099609375
0.0941925048828125 0.0122909545898438 0.00243091583251954 0.012420654296875
0.081451416015625 0.0637893676757813 -0.0149335861206055 -0.00931453704833984
0.00891113281249999 0.118247985839844 0.00174331665039062 -0.06158447265625
-0.0669403076171875 0.138473510742188 0.0533485412597656 -0.0540695190429687
-0.118850708007813 0.117042541503906 0.0530242919921875 0.00391387939453126
-0.147415161132812 0.0734710693359375 0.0806884765625 0.085479736328125
-0.0864791870117188 0.110969543457031 0.0292434692382812 0.0904159545898438
-0.027679443359375 0.104873657226563 0.0364990234375 0.091064453125
0.0392074584960937 0.0962982177734375 0.0868606567382812 0.0830078125
0.07647705078125 0.0498275756835938 0.106040954589844 0.0294723510742188
0.0924148559570313 -0.0137710571289063 0.105216979980469 -0.0265655517578125
0.081390380859375 -0.0510635375976563 0.0798797607421875 -0.0394363403320313
0.0790481567382812 -0.0428848266601563 0.0533561706542969 -0.0248336791992188
0.0876083374023438 -0.0527801513671875 0.0411415100097656 -1.90734863281282E-05
0.106155395507813 -0.0280914306640625 0.0258255004882813 0.0176525115966797
0.106758117675781 0.0302352905273438 -0.0114173889160156 0.0218601226806641
0.082427978515625 0.0819091796875 -0.0241870880126953 -0.000902175903320312
-0.00522613525390625 0.126731872558594 -0.00886917114257812 -0.0448989868164062
-0.0894775390625 0.133918762207031 0.0315685272216797 -0.0191650390625
-0.141525268554688 0.103378295898437 0.00984001159667968 0.0345287322998047
-0.164703369140625 0.0414276123046875 0.0186233520507812 0.112693786621094
-0.127235412597656 0.0985260009765625 -0.0151214599609375 0.123428344726563
-0.0609588623046875 0.118644714355469 0.0172119140625 0.10986328125
0.0259475708007813 0.127174377441406 0.063232421875 0.0900344848632813
0.0836257934570313 0.0768051147460938 0.0755233764648438 0.0363845825195313
0.117134094238281 0.00090789794921875 0.0743865966796875 -0.0089263916015625
0.104080200195313 -0.0468597412109375 0.047943115234375 -0.009368896484375
0.0962982177734375 -0.0400314331054688 0.0252761840820313 0.00495529174804687
0.108016967773437 -0.0473785400390625 0.0128364562988281 0.0240345001220703
0.120010375976563 -0.0185623168945313 -0.00205421447753906 0.0307216644287109
0.109230041503906 0.0440902709960937 -0.0293922424316406 0.0244503021240234
0.076446533203125 0.0940322875976563 -0.0318336486816406 0.00219917297363282
-0.0216064453125 0.124114990234375 -0.00970458984375 -0.0302295684814453
-0.105812072753906 0.115310668945313 0.0147056579589844 0.0138912200927734
-0.15277099609375 0.076324462890625 -0.0357513427734375 0.0566062927246094
-0.148605346679688 0.000579833984375012 -0.042572021484375 0.124755859375
-0.137168884277344 0.0591659545898438 -0.0617523193359375 0.140289306640625
-0.0833282470703125 0.0989913940429687 -0.00471496582031252 0.116058349609375
0.000213623046875002 0.126815795898438 0.0349502563476563 0.0872421264648438
0.068389892578125 0.0890579223632813 0.0402412414550781 0.0358543395996094
0.118598937988281 0.0189743041992188 0.0342903137207031 0.00721359252929688
0.1094970703125 -0.0327377319335938 0.0103740692138672 0.0180568695068359
0.0987167358398437 -0.0313339233398438 -0.00629806518554687 0.0323467254638672
0.11053466796875 -0.0364303588867188 -0.0188560485839844 0.0457229614257813
0.118583679199219 -0.00783538818359375 -0.0323219299316406 0.0395050048828125
0.101661682128906 0.0518417358398437 -0.0502548217773437 0.0246200561523437
0.0623779296875 0.0970230102539063 -0.0394248962402344 -0.00167846679687499
-0.0371475219726563 0.114372253417969 -0.0123462677001953 -0.0220432281494141
-0.116874694824219 0.0865478515625 -0.00439071655273438 0.03662109375
-0.150848388671875 0.0374603271484375 -0.080810546875 0.0670013427734375
-0.102790832519531 -0.043548583984375 -0.0914230346679687 0.119117736816406
-0.114295959472656 0.006011962890625 -0.0960464477539063 0.138282775878906
-0.0835647583007813 0.0516357421875 -0.0205917358398438 0.112205505371094
-0.0257949829101562 0.0972671508789063 0.0108413696289063 0.0732955932617188
0.0371475219726563 0.0824966430664063 0.00826454162597656 0.0285911560058594
0.0954818725585938 0.03399658203125 -0.00603580474853515 0.0175533294677734
0.0958633422851563 -0.0116500854492188 -0.025970458984375 0.0399703979492188
0.0855941772460937 -0.0168838500976562 -0.0381546020507813 0.0564117431640625
0.0977401733398438 -0.02130126953125 -0.0470962524414063 0.0637054443359375
0.105064392089844 0.0034637451171875 -0.0621757507324219 0.0472068786621094
0.0844268798828125 0.0530776977539063 -0.0729751586914063 0.0211868286132813
0.0461807250976563 0.091461181640625 -0.0520515441894531 -0.00992202758789063
-0.0481643676757813 0.0956497192382813 -0.0174751281738281 -0.0190925598144531
-0.115608215332031 0.0526809692382813 -0.0262832641601563 0.046905517578125
-0.13336181640625 -0.00456237792968748 -0.121856689453125 0.064208984375
-0.0390548706054688 -0.0777816772460938 -0.1148681640625 0.099578857421875
-0.0677452087402344 -0.0458564758300781 -0.107292175292969 0.124900817871094
-0.0677413940429687 -0.00488281249999999 -0.0246353149414063 0.100738525390625
-0.0486602783203125 0.0477523803710938 -0.000453948974609379 0.05535888671875
-0.000495910644531244 0.0601959228515625 -0.0130748748779297 0.0179195404052734
0.0541877746582031 0.0408058166503906 -0.0366668701171875 0.0199699401855469
0.0674781799316406 0.00858306884765625 -0.0563888549804688 0.0519638061523437
0.0608291625976563 0.00054168701171875 -0.0620956420898438 0.0721359252929687
0.0712432861328125 -0.00390625 -0.0742645263671875 0.0760345458984375
0.077239990234375 0.01123046875 -0.0904388427734375 0.051971435546875
0.0591239929199219 0.0479698181152344 -0.0919723510742188 0.0164108276367188
0.0260238647460938 0.07470703125 -0.0644912719726562 -0.0167770385742188
-0.0522079467773437 0.0686149597167969 -0.0272960662841797 -0.0236167907714844
-0.102607727050781 0.0135498046875 -0.0497322082519531 0.0443229675292969
-0.100486755371094 -0.0464096069335938 -0.1556396484375 0.0440826416015625
0.0269088745117187 0.0701065063476563 0.150680541992188 -0.0476837158203125
0.0706253051757812 0.00841522216796875 0.0630836486816406 -0.0261611938476562
0.0310325622558594 -0.040191650390625 0.036224365234375 0.027130126953125
-0.005828857421875 -0.0437393188476563 0.0867156982421875 0.0323410034179688
-0.0273780822753906 -0.028900146484375 0.115806579589844 -0.0133132934570313
-0.0461921691894531 -0.00932693481445313 0.109176635742188 -0.0686569213867188
-0.0347709655761719 -0.00678443908691406 0.0851287841796875 -0.09814453125
-0.0290603637695313 -0.0118904113769531 0.066375732421875 -0.0860977172851563
-0.0373992919921875 -0.0250892639160156 0.0610847473144531 -0.060211181640625
-0.00993728637695313 -0.04620361328125 0.0535850524902344 -0.0306816101074219
0.0325660705566406 -0.0437393188476563 0.0196514129638672 -0.0160102844238281
0.0566520690917969 -0.0108184814453125 0.00515365600585938 -0.0391426086425781
0.0555381774902344 0.0511589050292969 0.0317230224609375 -0.093719482421875
0.0284576416015625 0.0936965942382812 0.090667724609375 -0.119880676269531
-0.0102157592773438 0.10076904296875 0.114410400390625 -0.076812744140625
-0.0341033935546875 0.094329833984375 0.154281616210938 -0.0129241943359375
0.0303268432617187 0.0575904846191406 0.0702781677246094 0.000804901123046879
0.0240306854248047 0.0106983184814453 0.04534912109375 0.0414772033691406
0.0200176239013672 -0.002166748046875 0.0990066528320313 0.0458297729492188
0.0128278732299805 -0.0108022689819336 0.12554931640625 -0.006561279296875
8.01086425781265E-05 -0.0201892852783203 0.120895385742188 -0.0673141479492188
0.00405693054199219 -0.0315284729003906 0.09539794921875 -0.0960006713867188
0.00874710083007813 -0.0321178436279297 0.0720138549804688 -0.0811233520507813
0.00774002075195312 -0.0449638366699219 0.0657958984375 -0.0520362854003906
0.0377464294433594 -0.0463676452636719 0.0559425354003906 -0.0196685791015625
0.0694313049316406 -0.0187568664550781 0.0165529251098633 -0.00383186340332031
0.0755157470703125 0.0281295776367188 -0.00237274169921874 -0.0239543914794922
0.0359725952148438 0.093231201171875 0.014434814453125 -0.079986572265625
-0.0182876586914062 0.128898620605469 0.071502685546875 -0.095672607421875
-0.0645980834960937 0.123100280761719 0.0933074951171875 -0.0430374145507812
-0.0959396362304687 0.103446960449219 0.134284973144531 0.0307235717773438
-0.0221710205078125 0.100936889648438 0.0628585815429688 0.0398941040039063
0.00675582885742187 0.0661239624023438 0.0489387512207031 0.0632209777832031
0.0413780212402344 0.0472335815429688 0.102996826171875 0.0608444213867188
0.0532112121582031 0.014007568359375 0.125473022460938 0.00498199462890625
0.0501937866210938 -0.0263137817382813 0.119598388671875 -0.0576400756835938
0.0443458557128906 -0.0511245727539063 0.0924072265625 -0.0791549682617188
0.0469970703125 -0.0474967956542969 0.0660438537597656 -0.062713623046875
0.0498619079589844 -0.0586700439453125 0.0575218200683594 -0.0330772399902344
0.07745361328125 -0.0452117919921875 0.0455436706542969 -0.00555419921875
0.0976181030273438 0.0016632080078125 0.00572347640991212 0.00737953186035156
0.0897903442382813 0.0566177368164063 -0.0115766525268555 -0.0114355087280273
0.0220489501953125 0.120124816894531 -0.00165176391601562 -0.0631484985351562
-0.0516204833984375 0.148406982421875 0.049407958984375 -0.0630760192871094
-0.105880737304688 0.131767272949219 0.0593795776367187 -0.00652694702148437
-0.144561767578125 0.0926361083984375 0.090789794921875 0.0752410888671875
-0.0775604248046875 0.124008178710938 0.0363922119140625 0.0841293334960938
-0.0189590454101563 0.112678527832031 0.0419998168945313 0.0877304077148437
0.0512237548828125 0.0958175659179688 0.0938186645507813 0.0765228271484375
0.0839004516601563 0.0428390502929688 0.108299255371094 0.0188446044921875
0.09381103515625 -0.024078369140625 0.102836608886719 -0.0394744873046875
0.0792236328125 -0.0618820190429687 0.076385498046875 -0.0502090454101563
0.07720947265625 -0.0550537109375 0.0494003295898438 -0.0339431762695313
0.084564208984375 -0.0655441284179688 0.0395011901855469 -0.00829315185546876
0.106010437011719 -0.0414962768554688 0.0264835357666016 0.0102252960205078
0.113365173339844 0.0184783935546875 -0.00862503051757812 0.0174274444580078
0.094970703125 0.0749893188476563 -0.0205116271972656 -0.00236892700195312
0.0093841552734375 0.131782531738281 -0.009857177734375 -0.0463371276855469
-0.0761871337890625 0.149505615234375 0.0325050354003906 -0.0258388519287109
-0.1328125 0.123077392578125 0.0175209045410156 0.0298385620117188
-0.165557861328125 0.0621337890625 0.0308914184570312 0.110649108886719
-0.120536804199219 0.1162109375 -0.00396728515625001 0.122062683105469
-0.0507888793945313 0.130752563476562 0.0243148803710937 0.106834411621094
0.042327880859375 0.128005981445313 0.0706405639648438 0.0862808227539063
0.0954437255859375 0.0691299438476563 0.0783462524414063 0.0303192138671875
0.120689392089844 -0.0123443603515625 0.071197509765625 -0.0180816650390625
0.10260009765625 -0.0600814819335938 0.0465965270996094 -0.01617431640625
0.0943679809570313 -0.0543670654296875 0.0242595672607422 0.000177383422851559
0.104652404785156 -0.0627288818359375 0.0137748718261719 0.0198802947998047
0.121040344238281 -0.0344085693359375 -0.000370025634765616 0.0271377563476562
0.118316650390625 0.031219482421875 -0.0275058746337891 0.0238132476806641
0.0901107788085937 0.0872879028320312 -0.0290508270263672 0.000761032104492187
-0.00705718994140626 0.131805419921875 -0.0123424530029297 -0.0323123931884766
-0.0945816040039062 0.133659362792969 0.0176620483398437 0.00942420959472657
-0.146865844726563 0.097625732421875 -0.02777099609375 0.0578994750976563
-0.154205322265625 0.0197601318359375 -0.0303421020507813 0.130073547363281
-0.134651184082031 0.0787277221679688 -0.04803466796875 0.144500732421875
-0.0748977661132813 0.113571166992188 0.00389099121093749 0.116111755371094
0.016357421875 0.131477355957031 0.0413131713867188 0.0843505859375
0.0823745727539063 0.0837249755859375 0.0414543151855469 0.0336875915527344
0.123275756835937 0.00350189208984375 0.0327091217041016 0.00337791442871094
0.107307434082031 -0.0481948852539062 0.0121297836303711 0.0174942016601562
0.0969696044921875 -0.04486083984375 -0.00366592407226562 0.0337390899658203
0.108695983886719 -0.0527801513671875 -0.0151519775390625 0.0468521118164063
0.121307373046875 -0.0238723754882812 -0.0304031372070312 0.0415840148925781
0.111404418945312 0.0403900146484375 -0.0494651794433594 0.0262680053710938
0.0775680541992188 0.0918045043945313 -0.0398902893066406 -0.00149154663085936
-0.023590087890625 0.12274169921875 -0.0137100219726562 -0.0233364105224609
-0.108810424804688 0.106033325195312 0.000553131103515619 0.0342006683349609
-0.149490356445313 0.0589599609375 -0.0725860595703125 0.0737533569335938
-0.112106323242188 -0.028961181640625 -0.08038330078125 0.130851745605469
-0.116401672363281 0.0222625732421875 -0.083221435546875 0.148162841796875
-0.081146240234375 0.0659255981445312 -0.0132217407226563 0.112770080566406
-0.0143661499023438 0.103469848632813 0.014862060546875 0.0737533569335938
0.0510177612304688 0.0791778564453125 0.00772857666015625 0.0298633575439453
0.100631713867187 0.0202789306640625 -0.00671958923339843 0.0187282562255859
0.0950927734375 -0.0275039672851563 -0.023223876953125 0.0448265075683594
0.084991455078125 -0.0284271240234375 -0.0314559936523438 0.0617446899414062
0.0975723266601563 -0.0363006591796875 -0.0435905456542969 0.0699272155761719
0.107170104980469 -0.0116653442382812 -0.0607833862304687 0.0538368225097656
0.0943374633789063 0.0437545776367188 -0.0729293823242188 0.026885986328125
0.0596771240234375 0.0873870849609375 -0.0535316467285156 -0.00664520263671876
-0.0374069213867188 0.103851318359375 -0.0188655853271484 -0.0207443237304687
-0.112953186035156 0.070098876953125 -0.01971435546875 0.0489311218261719
-0.136207580566406 0.0142745971679687 -0.115653991699219 0.0746994018554688
-0.051727294921875 -0.0730667114257812 -0.107391357421875 0.116363525390625
-0.075958251953125 -0.0362930297851563 -0.0959396362304687 0.137184143066406
-0.0705490112304688 0.00484466552734376 -0.0177078247070313 0.10211181640625
-0.0408744812011719 0.0556449890136719 -0.000110626220703131 0.0563392639160156
0.00979232788085937 0.0609970092773438 -0.0138912200927734 0.0201911926269531
0.0611724853515625 0.033447265625 -0.0362358093261719 0.0274620056152344
0.0681953430175781 -0.00240707397460938 -0.0502967834472656 0.0615043640136719
0.0605010986328125 -0.00897216796875 -0.0542678833007812 0.081207275390625
0.0712738037109375 -0.0143585205078125 -0.0679702758789063 0.0862350463867188
0.0785598754882812 0.00052642822265625 -0.0885696411132813 0.0608596801757813
0.0672340393066406 0.0399894714355469 -0.0943984985351562 0.025634765625
0.037750244140625 0.071746826171875 -0.0678825378417969 -0.0134048461914062
-0.0431289672851563 0.0759048461914063 -0.0284557342529297 -0.0222187042236328
-0.100875854492188 0.0284881591796875 -0.0444602966308594 0.048126220703125
-0.106765747070312 -0.0318374633789063 -0.151336669921875 0.0605621337890625
0.0310440063476563 0.0660476684570313 0.146652221679688 -0.0592803955078125
0.0679054260253906 0.00134658813476563 0.0582771301269531 -0.0315361022949219
0.0264358520507813 -0.0416259765625 0.0363502502441406 0.0262985229492187
-0.0100555419921875 -0.0414924621582031 0.089019775390625 0.0276947021484375
-0.0293540954589844 -0.0252780914306641 0.116477966308594 -0.022216796875
-0.0449180603027344 -0.00411605834960938 0.105789184570313 -0.0778579711914062
-0.0343208312988281 -0.00351715087890625 0.0774383544921875 -0.107131958007813
-0.0284862518310547 -0.00932312011718749 0.0584869384765625 -0.09307861328125
-0.0376434326171875 -0.0200653076171875 0.0551300048828125 -0.0679473876953125
-0.0139236450195313 -0.0427169799804688 0.0511932373046875 -0.0389595031738281
0.0268325805664063 -0.0457038879394531 0.0209922790527344 -0.0214500427246094
0.0542335510253906 -0.0157737731933594 0.00603485107421876 -0.0406570434570312
0.0591773986816406 0.0445747375488281 0.028106689453125 -0.09466552734375
0.0360031127929688 0.0885391235351563 0.083648681640625 -0.126441955566406
-0.00215911865234374 0.098876953125 0.111198425292969 -0.0881805419921875
-0.0289382934570312 0.0964889526367188 0.152130126953125 -0.02496337890625
0.0323600769042969 0.05523681640625 0.0676689147949219 -0.00564956665039062
0.0228824615478516 0.0109577178955078 0.0458335876464844 0.0396690368652344
0.0199756622314453 -0.00167274475097656 0.101707458496094 0.0392837524414063
0.0124015808105469 -0.0107393264770508 0.126213073730469 -0.0153656005859375
0.000379562377929687 -0.0191745758056641 0.116226196289063 -0.077545166015625
0.00336647033691406 -0.0318946838378906 0.086822509765625 -0.1051025390625
0.00814628601074219 -0.0333633422851563 0.0639724731445313 -0.0891189575195313
0.00562286376953125 -0.0443344116210937 0.0595550537109375 -0.0603370666503906
0.0341796875 -0.0484085083007812 0.0545425415039062 -0.0291328430175781
0.0672836303710938 -0.0240478515625 0.0186138153076172 -0.00975418090820313
0.0771865844726563 0.022552490234375 -0.000230789184570306 -0.0262279510498047
0.0426254272460937 0.0897903442382813 0.0119552612304688 -0.0803680419921875
-0.00818634033203124 0.128852844238281 0.0659866333007813 -0.101890563964844
-0.0551071166992188 0.126907348632813 0.0934066772460938 -0.0541534423828125
-0.0905914306640625 0.11163330078125 0.135765075683594 0.0188751220703125
-0.0171356201171875 0.103340148925781 0.0626220703125 0.0331306457519531
0.0104255676269531 0.0694503784179688 0.049896240234375 0.0602645874023438
0.0462760925292969 0.045928955078125 0.105903625488281 0.0543746948242188
0.0558280944824219 0.0112075805664062 0.124748229980469 -0.00321197509765625
0.0495719909667969 -0.0295600891113281 0.114540100097656 -0.067291259765625
0.0420684814453125 -0.0551071166992187 0.0851364135742188 -0.0876922607421875
0.0440521240234375 -0.0524024963378906 0.0597686767578125 -0.0702095031738281
0.0468788146972656 -0.0631027221679688 0.0525703430175781 -0.0414466857910156
0.07476806640625 -0.051849365234375 0.0446739196777344 -0.0143241882324219
0.0984878540039063 -0.0053863525390625 0.00788545608520508 0.00197505950927734
0.0947723388671875 0.0502395629882812 -0.00934410095214843 -0.0144004821777344
0.03082275390625 0.119499206542969 -0.00313949584960938 -0.0638275146484375
-0.0403594970703125 0.153289794921875 0.0470314025878906 -0.0686378479003906
-0.0961227416992188 0.139007568359375 0.0618820190429687 -0.0156593322753906
-0.140151977539063 0.105987548828125 0.0962905883789062 0.0663070678710938
-0.0699005126953125 0.131889343261719 0.04034423828125 0.0778045654296875
-0.012176513671875 0.118095397949219 0.04449462890625 0.0841751098632813
0.0608978271484375 0.09368896484375 0.0975418090820313 0.0699691772460938
0.0899124145507813 0.0372695922851563 0.108497619628906 0.0117568969726563
0.0932998657226562 -0.0318222045898438 0.0983810424804687 -0.0476608276367187
0.0758514404296875 -0.0694656372070313 0.07061767578125 -0.0574798583984375
0.0735702514648438 -0.0639419555664063 0.04510498046875 -0.0398712158203125
0.0801467895507813 -0.073638916015625 0.0358352661132813 -0.0145378112792969
0.10406494140625 -0.0514755249023438 0.0261058807373047 0.00414657592773437
0.117149353027344 0.0088348388671875 -0.00711631774902343 0.0131063461303711
0.102569580078125 0.068267822265625 -0.0187568664550781 -0.00494003295898437
0.0195388793945312 0.13330078125 -0.0112152099609375 -0.0469017028808594
-0.064178466796875 0.15802001953125 0.0316047668457031 -0.0314311981201172
-0.123779296875 0.1343994140625 0.022979736328125 0.0229053497314453
-0.164077758789063 0.0783233642578125 0.0391769409179687 0.106201171875
-0.112350463867188 0.128211975097656 0.00262451171875 0.118728637695313
-0.0422897338867188 0.139106750488281 0.0283126831054687 0.104598999023438
0.0542221069335938 0.126762390136719 0.074798583984375 0.0814590454101563
0.103530883789063 0.0622024536132812 0.0783309936523438 0.0252761840820313
0.121047973632813 -0.023284912109375 0.0685958862304688 -0.022552490234375
0.0978164672851563 -0.0703277587890625 0.0449981689453125 -0.0201606750488281
0.09063720703125 -0.06414794921875 0.0231609344482422 -0.00277137756347657
0.100135803222656 -0.07373046875 0.012629508972168 0.016749382019043
0.119590759277344 -0.0465621948242187 -0.000205993652343744 0.0237083435058594
0.123519897460938 0.0209732055664063 -0.0270538330078125 0.0216178894042969
0.09979248046875 0.0806045532226563 -0.0282688140869141 -0.00119018554687499
0.00399780273437499 0.13519287109375 -0.0133209228515625 -0.0335578918457031
-0.0842742919921875 0.145263671875 0.0196495056152344 0.0048961639404297
-0.139846801757812 0.111015319824219 -0.020477294921875 0.0548133850097656
-0.155502319335938 0.0342254638671875 -0.0214157104492188 0.131263732910156
-0.129074096679688 0.092498779296875 -0.0387725830078125 0.144699096679688
-0.0675048828125 0.123008728027344 0.0077972412109375 0.114181518554688
0.02923583984375 0.131820678710938 0.0445022583007813 0.082305908203125
0.0917816162109375 0.0766220092773438 0.0415420532226563 0.0325241088867188
0.123939514160156 -0.0082550048828125 0.0306453704833984 0.00258636474609375
0.103919982910156 -0.0589218139648438 0.0130081176757813 0.016331672668457
0.0937881469726563 -0.0552902221679687 -0.00181198120117187 0.0332565307617188
0.10504150390625 -0.0652084350585938 -0.0137977600097656 0.0466766357421875
0.120208740234375 -0.0366668701171875 -0.0295639038085937 0.0420761108398438
0.117034912109375 0.0299606323242188 -0.0489387512207031 0.0273056030273438
0.0875015258789063 0.0855941772460938 -0.0401115417480469 -0.0014801025390625
-0.0140609741210937 0.127037048339844 -0.0151138305664062 -0.0251941680908203
-0.0996170043945313 0.118934631347656 0.00456809997558593 0.0316963195800781
-0.144699096679688 0.073486328125 -0.0655670166015625 0.0756301879882813
-0.116943359375 -0.0174942016601562 -0.0716629028320313 0.136245727539063
-0.115043640136719 0.0351333618164063 -0.0730133056640625 0.151687622070312
-0.0771026611328125 0.0758590698242188 -0.00815582275390626 0.1121826171875
-0.00302886962890625 0.106552124023438 0.0174407958984375 0.072906494140625
0.0594482421875 0.0748748779296875 0.00784683227539063 0.0314788818359375
0.102737426757813 0.009490966796875 -0.00639915466308593 0.0213699340820313
0.0918807983398438 -0.0371932983398438 -0.0186309814453125 0.0471382141113281
0.0822677612304687 -0.0379638671875 -0.0266227722167969 0.0647773742675781
0.0938186645507813 -0.046905517578125 -0.0399169921875 0.0732269287109375
0.105537414550781 -0.023590087890625 -0.0594863891601562 0.0573081970214844
0.0993194580078125 0.0340957641601563 -0.0726852416992187 0.0301895141601563
0.0683364868164063 0.0815658569335938 -0.0543441772460937 -0.00563430786132813
-0.028106689453125 0.108154296875 -0.0200977325439453 -0.0220775604248047
-0.106147766113281 0.0824203491210938 -0.01507568359375 0.0478057861328125
-0.134574890136719 0.0277481079101562 -0.109451293945313 0.0813980102539063
-0.0586662292480469 -0.0659675598144531 -0.099945068359375 0.124801635742188
-0.0794296264648437 -0.027587890625 -0.087554931640625 0.142745971679688
-0.0700874328613281 0.0135612487792969 -0.0133743286132813 0.101699829101563
-0.0337677001953125 0.0601043701171875 0.000545501708984374 0.0575790405273438
0.0175704956054688 0.0593376159667969 -0.0152511596679687 0.0244350433349609
0.063873291015625 0.0249252319335938 -0.0353050231933594 0.0329093933105469
0.0668792724609375 -0.00969314575195313 -0.043853759765625 0.0672988891601563
0.0593490600585938 -0.0153236389160156 -0.04718017578125 0.0863037109375
0.0695762634277344 -0.0229873657226563 -0.0624847412109375 0.0926132202148437
0.07781982421875 -0.0083770751953125 -0.0858917236328125 0.0672454833984375
0.0707473754882813 0.0322036743164063 -0.094207763671875 0.0312423706054688
0.0446662902832031 0.0673751831054688 -0.0693397521972656 -0.0101203918457031
-0.0365829467773438 0.078887939453125 -0.0301570892333984 -0.0226726531982422
-0.0973358154296875 0.0389938354492187 -0.0388526916503906 0.0505256652832031
-0.107192993164063 -0.02044677734375 -0.146774291992188 0.0709991455078125
0.0335884094238281 0.0639076232910156 0.14593505859375 -0.0652008056640625
0.0662879943847656 -0.0018310546875 0.0550079345703125 -0.0341415405273438
0.0235748291015625 -0.0416793823242188 0.036376953125 0.026397705078125
-0.0127105712890625 -0.04010009765625 0.0916061401367188 0.0261383056640625
-0.0309677124023437 -0.0230083465576172 0.11834716796875 -0.0274810791015625
-0.0443344116210938 1.14440917968675E-05 0.10577392578125 -0.0852737426757813
-0.0329856872558594 -0.00114250183105468 0.073333740234375 -0.113655090332031
-0.0280361175537109 -0.00783729553222657 0.0535736083984375 -0.0989532470703125
-0.0375823974609375 -0.0168037414550781 0.0513839721679688 -0.0744400024414063
-0.0155830383300781 -0.040924072265625 0.0502967834472656 -0.04583740234375
0.02313232421875 -0.0462989807128906 0.0222492218017578 -0.0258808135986328
0.0524330139160156 -0.0185317993164063 0.00827789306640625 -0.04327392578125
0.0608444213867188 0.0406265258789063 0.02789306640625 -0.0962066650390625
0.040740966796875 0.0844268798828125 0.0813064575195313 -0.131210327148438
0.00318145751953125 0.0972900390625 0.111457824707031 -0.097503662109375
-0.0267562866210937 0.0987625122070313 0.151931762695313 -0.032318115234375
0.0329170227050781 0.0548934936523437 0.0644607543945313 -0.0095672607421875
0.0229263305664063 0.0129909515380859 0.0458755493164063 0.0396080017089844
0.0200557708740234 -0.000856399536132812 0.104408264160156 0.0366134643554688
0.0125722885131836 -0.00982952117919922 0.12774658203125 -0.0206375122070313
0.00143051147460938 -0.0183925628662109 0.114959716796875 -0.08477783203125
0.00305557250976563 -0.0325908660888672 0.0818023681640625 -0.11138916015625
0.00786590576171875 -0.0349807739257813 0.0586776733398438 -0.0951919555664063
0.0048675537109375 -0.0445289611816406 0.0555458068847656 -0.0669212341308594
0.0327186584472656 -0.0496902465820313 0.0534172058105469 -0.0366935729980469
0.0661773681640625 -0.0268135070800781 0.0197467803955078 -0.0151271820068359
0.0788726806640625 0.0193634033203125 0.00189018249511719 -0.0296802520751953
0.0465087890625 0.0889358520507813 0.0116806030273437 -0.0820236206054688
-0.002166748046875 0.129348754882812 0.0643463134765625 -0.106742858886719
-0.050048828125 0.129173278808594 0.0951004028320312 -0.0632553100585937
-0.0889205932617187 0.117965698242188 0.1373291015625 0.012054443359375
-0.0147857666015625 0.106498718261719 0.0616607666015625 0.0286979675292969
0.0128631591796875 0.07275390625 0.0501213073730469 0.0598602294921875
0.0499305725097656 0.0461807250976563 0.108444213867188 0.0517959594726563
0.0588836669921875 0.00937271118164063 0.125785827636719 -0.00771331787109375
0.0504570007324219 -0.031768798828125 0.112869262695313 -0.0732498168945313
0.0408401489257813 -0.0588836669921875 0.0808868408203125 -0.0943832397460938
0.0432968139648437 -0.0567436218261719 0.0549545288085937 -0.0754776000976563
0.0457305908203125 -0.066925048828125 0.0484504699707031 -0.0474586486816406
0.0740966796875 -0.0564117431640625 0.0437164306640625 -0.0213737487792969
0.100364685058594 -0.0105361938476563 0.00886344909667969 -0.002960205078125
0.0989837646484375 0.0464935302734375 -0.00764083862304687 -0.0176181793212891
0.0368118286132813 0.121009826660156 -0.00312805175781249 -0.0656814575195312
-0.033966064453125 0.157623291015625 0.045928955078125 -0.0737152099609375
-0.091400146484375 0.145416259765625 0.0646171569824219 -0.0236053466796875
-0.139274597167969 0.116203308105469 0.0995712280273437 0.0609130859375
-0.0657119750976563 0.138687133789063 0.0412063598632813 0.0743637084960938
-0.00763702392578124 0.124343872070312 0.0450439453125 0.0834197998046875
0.067413330078125 0.0939178466796875 0.0996246337890625 0.067901611328125
0.0952377319335938 0.0337753295898438 0.109123229980469 0.00852203369140625
0.0945053100585938 -0.0369720458984375 0.09613037109375 -0.051971435546875
0.073944091796875 -0.0753936767578125 0.0676918029785156 -0.06292724609375
0.0723114013671875 -0.0701446533203125 0.0419654846191406 -0.04364013671875
0.078216552734375 -0.0804901123046875 0.0328655242919922 -0.0186214447021484
0.103492736816406 -0.0591201782226563 0.0251026153564453 -0.000951766967773441
0.121002197265625 0.00197601318359375 -0.00725841522216796 0.00935554504394531
0.109443664550781 0.06402587890625 -0.0178089141845703 -0.00817489624023437
0.02642822265625 0.137077331542969 -0.0114784240722656 -0.0485687255859375
-0.057403564453125 0.165908813476563 0.0320510864257812 -0.0358772277832031
-0.119537353515625 0.14306640625 0.0267524719238281 0.0174465179443359
-0.165512084960938 0.0894317626953125 0.0435028076171875 0.104194641113281
-0.108375549316406 0.137550354003906 0.00575256347656248 0.116981506347656
-0.0366973876953125 0.14715576171875 0.0292434692382813 0.104377746582031
0.0633392333984375 0.127830505371094 0.076812744140625 0.0799102783203125
0.110191345214844 0.0582199096679688 0.0787124633789063 0.024078369140625
0.122367858886719 -0.0302581787109375 0.0659980773925781 -0.0239830017089844
0.0959014892578125 -0.0778961181640625 0.0438232421875 -0.0234489440917969
0.0894546508789063 -0.072174072265625 0.0223751068115234 -0.00498771667480469
0.098388671875 -0.0823745727539062 0.011225700378418 0.0144529342651367
0.119438171386719 -0.055816650390625 -0.000801086425781241 0.0213756561279297
0.128387451171875 0.0138473510742188 -0.0280113220214844 0.0201663970947266
0.1075439453125 0.0762176513671875 -0.0283527374267578 -0.00346183776855468
0.011322021484375 0.139694213867188 -0.0141372680664062 -0.035430908203125
-0.077972412109375 0.154800415039063 0.0210838317871094 0.00104904174804688
-0.136924743652344 0.121063232421875 -0.0167617797851563 0.0524330139160156
-0.158172607421875 0.0453338623046875 -0.01702880859375 0.132362365722656
-0.126579284667969 0.102005004882812 -0.0350189208984375 0.145034790039063
-0.0631256103515625 0.131683349609375 0.00898742675781249 0.114006042480469
0.0384674072265625 0.1339111328125 0.0458297729492187 0.0821075439453125
0.0994949340820313 0.0731582641601563 0.0412216186523438 0.0331993103027344
0.126014709472656 -0.0159072875976563 0.0296039581298828 0.0026702880859375
0.102424621582031 -0.0670013427734375 0.0137062072753906 0.0161457061767578
0.0924301147460937 -0.063140869140625 -0.00110626220703124 0.0335063934326172
0.102630615234375 -0.07366943359375 -0.0139846801757812 0.0472183227539062
0.120185852050781 -0.0460433959960938 -0.0300559997558594 0.0425872802734375
0.12255859375 0.0224761962890625 -0.0503501892089844 0.0273666381835937
0.0951614379882813 0.0817337036132813 -0.0409736633300781 -0.00283050537109375
-0.00714874267578126 0.131614685058594 -0.0162029266357422 -0.0269660949707031
-0.094818115234375 0.128952026367188 0.00720787048339843 0.0290927886962891
-0.142822265625 0.0840911865234375 -0.06182861328125 0.075836181640625
-0.120391845703125 -0.00838470458984375 -0.0683441162109375 0.140670776367188
-0.115188598632813 0.043121337890625 -0.0691680908203125 0.154708862304688
-0.0752944946289063 0.0831680297851562 -0.00718688964843751 0.11236572265625
0.00450134277343751 0.108894348144531 0.017578125 0.0737762451171875
0.0670623779296875 0.0727386474609375 0.00656700134277344 0.0336494445800781
0.104682922363281 0.0022735595703125 -0.00704383850097655 0.0245590209960938
0.0911865234375 -0.0449752807617188 -0.0163307189941406 0.0493202209472656
0.0815582275390625 -0.045196533203125 -0.0236854553222656 0.0668525695800781
0.0923233032226563 -0.0549163818359375 -0.0384902954101562 0.0760421752929688
0.106369018554688 -0.0311813354492188 -0.05950927734375 0.0600013732910156
0.103866577148437 0.0279312133789062 -0.0743255615234375 0.0324249267578125
0.0755767822265625 0.0788497924804688 -0.0556755065917969 -0.00566864013671874
-0.0228118896484375 0.112548828125 -0.0213909149169922 -0.023681640625
-0.10186767578125 0.0914764404296875 -0.0120124816894531 0.0471000671386719
-0.133346557617188 0.036956787109375 -0.106422424316406 0.0847702026367188
-0.0641059875488281 -0.06121826171875 -0.0973663330078125 0.131446838378906
-0.0810928344726563 -0.0209274291992188 -0.083984375 0.146804809570313
-0.07073974609375 0.0197525024414063 -0.0125885009765625 0.102638244628906
-0.0291824340820313 0.0634346008300781 9.53674316406283E-05 0.0591239929199219
0.0228919982910156 0.0579376220703125 -0.0161857604980469 0.0286865234375
0.0661201477050781 0.0196723937988281 -0.034881591796875 0.0374946594238281
0.0659942626953125 -0.0152435302734375 -0.0400543212890625 0.0717239379882813
0.0589714050292969 -0.0204277038574219 -0.0423965454101562 0.09033203125
0.0681953430175781 -0.028717041015625 -0.0596923828125 0.096923828125
0.0778350830078125 -0.0143661499023438 -0.0857162475585937 0.0720138549804688
0.0737686157226563 0.0275039672851563 -0.0960311889648438 0.0345001220703125
0.0496902465820313 0.0647926330566406 -0.07122802734375 -0.00947570800781251
-0.0322494506835938 0.0817718505859375 -0.03070068359375 -0.0240840911865234
-0.0951309204101562 0.0460052490234375 -0.0348930358886719 0.0518798828125
-0.107170104980469 -0.0135955810546875 -0.145355224609375 0.076080322265625
0.0359230041503906 0.0641860961914063 0.149810791015625 -0.0718231201171875
0.0664291381835938 -0.00376129150390625 0.0539321899414063 -0.0364151000976562
0.0226554870605469 -0.0427932739257813 0.0378990173339844 0.0276603698730469
-0.0147056579589844 -0.0401077270507813 0.0961761474609375 0.0255966186523437
-0.0333175659179688 -0.0214729309082031 0.123580932617187 -0.0328292846679688
-0.0445022583007812 0.00279235839843751 0.108787536621094 -0.0940704345703125
-0.0336151123046875 -2.86102294921828E-05 0.0718307495117188 -0.122085571289063
-0.0287971496582031 -0.00749015808105469 0.0511016845703125 -0.1063232421875
-0.0381927490234375 -0.0149993896484375 0.0496368408203125 -0.0812149047851563
-0.0181655883789063 -0.0401954650878906 0.0502700805664062 -0.0535888671875
0.0209312438964844 -0.0481300354003906 0.0239467620849609 -0.0313549041748047
0.0526084899902344 -0.0212631225585938 0.0107688903808594 -0.0469398498535156
0.06427001953125 0.0387954711914063 0.0291366577148438 -0.100357055664062
0.0447998046875 0.08447265625 0.0818252563476563 -0.139396667480469
0.006622314453125 0.0988693237304688 0.115921020507813 -0.108497619628906
-0.0257949829101563 0.10418701171875 0.157135009765625 -0.0383453369140625
0.0340232849121094 0.0571937561035156 0.0645294189453125 -0.0121688842773437
0.0239295959472656 0.015625 0.0472259521484375 0.0413017272949219
0.0212039947509766 -0.000226974487304687 0.10931396484375 0.036407470703125
0.0140800476074219 -0.0102090835571289 0.132621765136719 -0.0254592895507812
0.00222969055175781 -0.0177383422851563 0.116783142089844 -0.093292236328125
0.00305557250976562 -0.0347309112548828 0.080291748046875 -0.121208190917969
0.00795364379882813 -0.0375518798828125 0.0557327270507812 -0.102714538574219
0.00513839721679688 -0.0462265014648438 0.052978515625 -0.073944091796875
0.032318115234375 -0.0523643493652344 0.0532608032226563 -0.0450630187988281
0.0673789978027344 -0.030029296875 0.0211696624755859 -0.0209140777587891
0.0826263427734375 0.0176773071289063 0.00376510620117188 -0.0336456298828125
0.0509185791015625 0.0911178588867187 0.0126190185546875 -0.0858917236328125
0.00160980224609376 0.134475708007813 0.0648651123046875 -0.114242553710937
-0.0482711791992188 0.134780883789063 0.10003662109375 -0.0726470947265625
-0.089935302734375 0.127784729003906 0.14239501953125 0.00779724121093751
-0.0130538940429688 0.113258361816406 0.0619354248046875 0.02679443359375
0.0160446166992188 0.0792160034179688 0.0513038635253906 0.062103271484375
0.0549507141113281 0.0479698181152344 0.113601684570312 0.0512771606445312
0.06280517578125 0.00811386108398438 0.130622863769531 -0.0117568969726563
0.0523300170898438 -0.0348777770996094 0.114547729492188 -0.0803985595703125
0.041595458984375 -0.0640678405761719 0.0795059204101562 -0.102363586425781
0.0434417724609375 -0.0624351501464844 0.05194091796875 -0.0821990966796875
0.0458145141601562 -0.072723388671875 0.04608154296875 -0.0535888671875
0.0751800537109375 -0.06231689453125 0.0429458618164063 -0.0283241271972656
0.104621887207031 -0.0152053833007812 0.00933933258056641 -0.00808811187744141
0.105445861816406 0.044891357421875 -0.00620841979980468 -0.0219612121582031
0.0426254272460938 0.126152038574219 -0.0028228759765625 -0.0689048767089843
-0.02984619140625 0.16595458984375 0.04669189453125 -0.0802688598632812
-0.0905303955078125 0.154129028320313 0.0692291259765625 -0.0312652587890625
-0.142562866210938 0.128341674804688 0.104095458984375 0.0592880249023438
-0.06439208984375 0.14898681640625 0.042572021484375 0.0739898681640625
-0.00332641601562499 0.133407592773438 0.0462188720703125 0.086181640625
0.0752029418945313 0.0965728759765625 0.104560852050781 0.0682830810546875
0.1024169921875 0.0315704345703125 0.112693786621094 0.00641632080078125
0.0978469848632813 -0.0423202514648438 0.096710205078125 -0.055877685546875
0.0747756958007813 -0.083282470703125 0.067108154296875 -0.068603515625
0.0728607177734375 -0.0785064697265625 0.0402641296386719 -0.0485382080078125
0.0783233642578125 -0.0891799926757813 0.0313243865966797 -0.0228061676025391
0.106025695800781 -0.06768798828125 0.0239791870117188 -0.00581169128417969
0.127998352050781 -0.00390625 -0.00757265090942382 0.00602531433105469
0.117973327636719 0.0627975463867188 -0.0174808502197266 -0.0117225646972656
0.033416748046875 0.144302368164062 -0.0120925903320312 -0.0519218444824219
-0.0532684326171875 0.177276611328125 0.0327529907226563 -0.0412330627441406
-0.120162963867188 0.154052734375 0.0298213958740234 0.012115478515625
-0.17071533203125 0.102828979492187 0.0472030639648437 0.105796813964844
-0.108261108398438 0.1492919921875 0.00709533691406248 0.118675231933594
-0.0329742431640625 0.159072875976563 0.0301132202148437 0.107284545898438
0.0727615356445313 0.131782531738281 0.0801010131835938 0.0814285278320313
0.11993408203125 0.0561599731445313 0.0820465087890625 0.02471923828125
0.126762390136719 -0.0377655029296875 0.0664405822753906 -0.0253143310546875
0.0970611572265625 -0.0871963500976563 0.0439224243164063 -0.0263900756835938
0.0901947021484375 -0.08135986328125 0.0219669342041016 -0.00723838806152344
0.0987777709960937 -0.092681884765625 0.00976753234863282 0.0134620666503906
0.122581481933594 -0.0653152465820313 -0.00177955627441406 0.0194110870361328
0.136955261230469 0.007171630859375 -0.0294189453125 0.0187873840332031
0.117347717285156 0.0748748779296875 -0.0300197601318359 -0.0057525634765625
0.0181884765625 0.148086547851563 -0.0151214599609375 -0.0381393432617187
-0.07476806640625 0.167694091796875 0.0227394104003906 -0.00254631042480468
-0.13836669921875 0.133026123046875 -0.014556884765625 0.0506210327148438
-0.164520263671875 0.0556793212890625 -0.014678955078125 0.137832641601563
-0.128738403320312 0.113227844238281 -0.0341033935546875 0.149810791015625
-0.061431884765625 0.143630981445313 0.010040283203125 0.117843627929688
0.047149658203125 0.1392822265625 0.0477981567382813 0.084320068359375
0.108551025390625 0.0715179443359375 0.042572021484375 0.0358161926269531
0.130615234375 -0.02288818359375 0.0288372039794922 0.00463104248046875
0.103652954101563 -0.0762176513671875 0.0149650573730469 0.0165462493896484
0.093597412109375 -0.0724029541015625 -7.62939453124978E-05 0.034637451171875
0.103569030761719 -0.083648681640625 -0.0147132873535156 0.0491447448730469
0.123443603515625 -0.055999755859375 -0.0318336486816406 0.0437202453613281
0.130653381347656 0.0168380737304688 -0.0533027648925781 0.0287361145019531
0.104698181152344 0.0809402465820313 -0.0435638427734375 -0.00411987304687499
-0.000976562499999985 0.139869689941406 -0.0177268981933594 -0.0294818878173828
-0.092315673828125 0.141098022460938 0.00897789001464843 0.0276470184326172
-0.14508056640625 0.09454345703125 -0.0609512329101563 0.077606201171875
-0.1270751953125 -0.00181579589843753 -0.0684051513671875 0.148468017578125
-0.118553161621094 0.0519866943359375 -0.0687255859375 0.160400390625
-0.0752944946289063 0.0935287475585938 -0.0068511962890625 0.1162109375
0.0105209350585938 0.114654541015625 0.018310546875 0.076934814453125
0.0744400024414063 0.071746826171875 0.0068817138671875 0.0375785827636719
0.109291076660156 -0.0033416748046875 -0.00779533386230468 0.0285301208496094
0.0928573608398438 -0.05218505859375 -0.0141525268554687 0.0531005859375
0.0828781127929688 -0.0525131225585938 -0.0219497680664063 0.0707473754882812
0.0930862426757813 -0.0632095336914063 -0.0380935668945312 0.0814895629882813
0.108879089355469 -0.0399398803710938 -0.0613899230957031 0.0643501281738281
0.110603332519531 0.0226364135742188 -0.0781936645507813 0.0355072021484375
0.083221435546875 0.0777664184570313 -0.0598793029785156 -0.00625228881835936
-0.018402099609375 0.119667053222656 -0.0236377716064453 -0.0257797241210938
-0.100776672363281 0.101295471191406 -0.00956344604492188 0.0475540161132813
-0.136642456054687 0.0451507568359375 -0.108482360839844 0.0894012451171875
-0.0693855285644531 -0.0590095520019531 -0.0995635986328125 0.140853881835938
-0.0848922729492188 -0.0171966552734375 -0.0838470458984375 0.154434204101563
-0.0725250244140625 0.0259323120117188 -0.0125579833984375 0.105911254882813
-0.0253334045410156 0.06805419921875 -0.000602722167968755 0.0627861022949219
0.0281791687011719 0.0585060119628906 -0.0180168151855469 0.0332145690917969
0.0687980651855469 0.0152702331542969 -0.0349502563476563 0.0431976318359375
0.06689453125 -0.0211029052734375 -0.0376510620117188 0.0779571533203125
0.0594825744628906 -0.0256538391113281 -0.0394363403320313 0.095916748046875
0.0691070556640625 -0.0348320007324219 -0.0587844848632812 0.103675842285156
0.0797348022460937 -0.0201644897460937 -0.0877609252929688 0.07855224609375
0.078765869140625 0.0240402221679688 -0.100196838378906 0.0392837524414063
0.0547943115234375 0.0638275146484375 -0.0761795043945313 -0.00908660888671874
-0.029693603515625 0.0861663818359375 -0.0327701568603516 -0.0252952575683594
-0.095184326171875 0.052947998046875 -0.0330696105957031 0.0534896850585938
-0.109848022460938 -0.00877380371093751 -0.149078369140625 0.082672119140625
0.0403289794921875 0.0657196044921875 0.1568603515625 -0.0829620361328125
0.0687408447265625 -0.00670623779296875 0.0537796020507813 -0.0408897399902344
0.0220260620117188 -0.045562744140625 0.040618896484375 0.0297966003417969
-0.0171012878417969 -0.040679931640625 0.104347229003906 0.0238494873046875
-0.03619384765625 -0.0203704833984375 0.130393981933594 -0.0417022705078125
-0.0456886291503906 0.00656890869140624 0.111579895019531 -0.108207702636719
-0.0348529815673828 0.00203323364257812 0.0692367553710938 -0.135948181152344
-0.0302772521972656 -0.00619125366210937 0.0472488403320313 -0.117355346679688
-0.0397377014160156 -0.012786865234375 0.0465774536132813 -0.0913848876953125
-0.0209617614746094 -0.0399742126464844 0.049713134765625 -0.0637931823730469
0.0184402465820313 -0.0514144897460938 0.0258102416992187 -0.0384712219238281
0.0542030334472656 -0.025299072265625 0.0123748779296875 -0.0534172058105469
0.070068359375 0.0372848510742188 0.0296173095703125 -0.1080322265625
0.0511322021484375 0.0860519409179687 0.0824127197265625 -0.152603149414063
0.0117568969726562 0.103446960449219 0.121566772460938 -0.124382019042969
-0.0239028930664063 0.112770080566406 0.165924072265625 -0.0481719970703125
0.0369491577148438 0.06072998046875 0.0656776428222656 -0.0158271789550781
0.0261955261230469 0.0176658630371094 0.0505638122558594 0.0435218811035156
0.0241432189941406 3.62396240234375E-05 0.117637634277344 0.0349197387695313
0.0156946182250977 -0.0109100341796875 0.139701843261719 -0.033966064453125
0.003082275390625 -0.0190925598144531 0.120262145996094 -0.106765747070313
0.00243377685546875 -0.0376434326171875 0.0776443481445312 -0.134033203125
0.00667953491210938 -0.04132080078125 0.0513992309570313 -0.113548278808594
0.00433731079101563 -0.04974365234375 0.05029296875 -0.08392333984375
0.0325698852539063 -0.0568695068359375 0.0527763366699219 -0.0550537109375
0.0702667236328125 -0.0350456237792969 0.0226173400878906 -0.0272865295410156
0.0882720947265625 0.0150527954101563 0.00584793090820313 -0.0391197204589844
0.05877685546875 0.0952224731445313 0.011993408203125 -0.0925369262695313
0.0083160400390625 0.142730712890625 0.065460205078125 -0.12646484375
-0.045196533203125 0.145187377929688 0.105613708496094 -0.0867919921875
-0.0908966064453125 0.142166137695313 0.15167236328125 0.00132751464843751
-0.00897979736328124 0.123458862304688 0.0641860961914063 0.0245132446289063
0.0215072631835937 0.08709716796875 0.0552749633789063 0.0648345947265625
0.0627784729003906 0.0496749877929688 0.122398376464844 0.0505523681640625
0.0693016052246094 0.00520706176757813 0.138236999511719 -0.0182571411132812
0.0557174682617187 -0.0400009155273438 0.117156982421875 -0.0912628173828125
0.0409698486328125 -0.0723037719726563 0.0772171020507813 -0.114639282226563
0.0430526733398438 -0.0707626342773438 0.0486068725585938 -0.0914154052734375
0.0460357666015625 -0.08135986328125 0.0436210632324219 -0.061248779296875
0.077423095703125 -0.0717010498046875 0.0426712036132813 -0.0367088317871094
0.110977172851563 -0.0224990844726563 0.00948905944824219 -0.0134706497192383
0.115997314453125 0.0428466796875 -0.00570297241210937 -0.0262565612792969
0.0526962280273437 0.134193420410156 -0.00396728515625 -0.074676513671875
-0.0227508544921875 0.180618286132813 0.0465850830078125 -0.08966064453125
-0.089447021484375 0.16949462890625 0.0746231079101563 -0.0415725708007812
-0.147079467773438 0.14739990234375 0.112358093261719 0.0575714111328125
-0.062164306640625 0.164199829101562 0.0454940795898437 0.0745468139648438
0.00382995605468749 0.147003173828125 0.050018310546875 0.0904388427734375
0.087646484375 0.100273132324219 0.112586975097656 0.0688552856445313
0.11322021484375 0.0275192260742188 0.119857788085938 0.002899169921875
0.103309631347656 -0.0507965087890625 0.0992202758789063 -0.0632247924804688
0.0752487182617188 -0.0945587158203125 0.0664825439453125 -0.0779037475585938
0.0727691650390625 -0.0900650024414063 0.0384902954101563 -0.0551338195800781
0.0788955688476563 -0.101570129394531 0.0293159484863281 -0.027618408203125
0.109451293945313 -0.0798797607421875 0.023101806640625 -0.0112209320068359
0.137779235839844 -0.0124588012695313 -0.00902271270751952 0.00305652618408203
0.131423950195313 0.0605392456054688 -0.0191173553466797 -0.0150794982910156
0.044403076171875 0.154571533203125 -0.0141067504882812 -0.0565719604492187
-0.046844482421875 0.194915771484375 0.0337753295898438 -0.0480842590332031
-0.12078857421875 0.17169189453125 0.0343914031982422 0.00701141357421876
-0.177459716796875 0.12176513671875 0.0535888671875 0.110023498535156
-0.10791015625 0.167251586914063 0.0102386474609375 0.123527526855469
-0.026397705078125 0.1761474609375 0.0334320068359375 0.113044738769531
0.0868988037109375 0.138015747070313 0.0870208740234375 0.08404541015625
0.133026123046875 0.052093505859375 0.0870895385742188 0.0242156982421875
0.133682250976563 -0.047760009765625 0.0683670043945313 -0.0282669067382813
0.0983505249023438 -0.100555419921875 0.0449256896972656 -0.0311431884765625
0.091217041015625 -0.0948486328125 0.0216846466064453 -0.00983047485351563
0.0999298095703125 -0.107528686523437 0.00871086120605469 0.0133190155029297
0.12689208984375 -0.0793075561523438 -0.00333213806152343 0.0186367034912109
0.147979736328125 -0.002105712890625 -0.0322341918945312 0.0189208984375
0.131942749023438 0.0728530883789063 -0.0325927734375 -0.00803375244140625
0.0286865234375 0.160064697265625 -0.0177879333496094 -0.0419197082519531
-0.0694580078125 0.186309814453125 0.0246219635009766 -0.00664329528808593
-0.140853881835938 0.15093994140625 -0.012054443359375 0.0505714416503906
-0.174209594726563 0.07171630859375 -0.011322021484375 0.147140502929688
-0.131385803222656 0.129585266113281 -0.0315704345703125 0.15850830078125
-0.0570220947265625 0.160919189453125 0.012664794921875 0.124404907226563
0.0600433349609375 0.146682739257813 0.05242919921875 0.0883331298828125
0.122489929199219 0.0691604614257812 0.0456886291503906 0.0388374328613281
0.138069152832031 -0.0329513549804688 0.0303459167480469 0.00657463073730469
0.105293273925781 -0.0894775390625 0.0169887542724609 0.0168561935424805
0.0950393676757812 -0.0855255126953125 0.00154495239257813 0.0361251831054687
0.105094909667969 -0.0977706909179688 -0.0142555236816406 0.0532341003417969
0.128135681152344 -0.06951904296875 -0.0331649780273437 0.0472259521484375
0.141708374023438 0.0083160400390625 -0.0571060180664062 0.031463623046875
0.118721008300781 0.079803466796875 -0.0474472045898437 -0.00470352172851562
0.007781982421875 0.151901245117188 -0.0204429626464844 -0.0321407318115234
-0.08953857421875 0.158721923828125 0.0120143890380859 0.0262546539306641
-0.148834228515625 0.110443115234375 -0.061370849609375 0.0823745727539062
-0.136390686035156 0.00782775878906251 -0.0680389404296875 0.16217041015625
-0.123046875 0.0635528564453125 -0.06744384765625 0.17242431640625
-0.0746383666992188 0.1070556640625 -0.00492095947265626 0.123214721679687
0.0197830200195312 0.122344970703125 0.02044677734375 0.0815277099609375
0.0855865478515625 0.0712661743164062 0.00753021240234376 0.0425033569335938
0.116455078125 -0.0113372802734375 -0.00675201416015624 0.0341663360595703
0.09429931640625 -0.0630111694335938 -0.0115547180175781 0.058013916015625
0.0847244262695312 -0.0628585815429688 -0.0189208984375 0.0762710571289063
0.0948562622070313 -0.0748825073242188 -0.0373306274414062 0.088958740234375
0.113052368164062 -0.0511245727539062 -0.0637435913085938 0.0713958740234375
0.120170593261719 0.016632080078125 -0.0834121704101563 0.041015625
0.0942764282226563 0.0774307250976563 -0.0651702880859375 -0.00499725341796873
-0.0123138427734375 0.129829406738281 -0.0265045166015625 -0.0276241302490234
-0.101211547851563 0.116424560546875 -0.00681304931640626 0.0487480163574219
-0.141677856445313 0.0572967529296875 -0.110832214355469 0.097930908203125
-0.077392578125 -0.0570755004882813 -0.100982666015625 0.156692504882813
-0.0913009643554688 -0.0119552612304688 -0.084075927734375 0.167709350585938
-0.0754776000976563 0.0340194702148438 -0.0113754272460938 0.112861633300781
-0.0213851928710937 0.07464599609375 -0.000297546386718745 0.0685768127441406
0.034912109375 0.0593032836914063 -0.0183296203613281 0.0399322509765625
0.0738143920898438 0.0108871459960938 -0.0347824096679688 0.0514793395996094
0.0687179565429687 -0.0274505615234375 -0.0342330932617188 0.08624267578125
0.0613937377929688 -0.0321731567382813 -0.035675048828125 0.105072021484375
0.0702972412109375 -0.0423736572265625 -0.0570526123046875 0.1148681640625
0.0827560424804688 -0.02764892578125 -0.0908050537109375 0.0894241333007813
0.0858840942382813 0.020263671875 -0.106582641601562 0.0465545654296875
0.0623435974121094 0.063873291015625 -0.0820541381835938 -0.00756072998046873
-0.0269622802734375 0.0938262939453125 -0.0363121032714844 -0.0279998779296875
-0.0967788696289062 0.063018798828125 -0.030792236328125 0.0569114685058594
-0.115242004394531 -0.00247192382812501 -0.1551513671875 0.0943145751953125
0.0470733642578125 0.0668258666992188 0.162155151367187 -0.100051879882812
0.0712966918945313 -0.0111083984375 0.0525665283203125 -0.0467262268066406
0.0198554992675781 -0.0491485595703125 0.0450325012207031 0.0302925109863281
-0.0209617614746094 -0.0412483215332031 0.113677978515625 0.0189666748046875
-0.0405006408691406 -0.0171318054199219 0.13580322265625 -0.0551681518554688
-0.0469207763671875 0.0120201110839844 0.1099853515625 -0.126876831054688
-0.035919189453125 0.00576019287109376 0.061370849609375 -0.151885986328125
-0.0326461791992188 -0.0036773681640625 0.0387420654296875 -0.130035400390625
-0.0418891906738281 -0.00993347167968751 0.040008544921875 -0.103706359863281
-0.0254325866699219 -0.0397300720214844 0.045928955078125 -0.0756759643554688
0.0142707824707031 -0.0551605224609375 0.0253257751464844 -0.0471572875976563
0.0549964904785156 -0.0312309265136719 0.0119667053222656 -0.0602455139160156
0.077392578125 0.0335464477539063 0.0261611938476563 -0.11773681640625
0.0605239868164063 0.0867919921875 0.07794189453125 -0.169754028320312
0.0201873779296875 0.107994079589844 0.122283935546875 -0.146163940429688
-0.0174560546875 0.123733520507813 0.173614501953125 -0.06396484375
0.0433464050292969 0.0640983581542969 0.0660629272460938 -0.0212631225585937
0.0307674407958984 0.0195713043212891 0.0557975769042969 0.0445671081542969
0.0267848968505859 -0.00159835815429688 0.12860107421875 0.0297164916992187
0.0165653228759766 -0.0123100280761719 0.146286010742188 -0.04742431640625
0.00364494323730469 -0.0206356048583984 0.118949890136719 -0.124908447265625
-0.000427246093750001 -0.0410575866699219 0.070220947265625 -0.150604248046875
0.00358963012695313 -0.0455055236816406 0.043212890625 -0.126739501953125
0.00123977661132812 -0.0538520812988281 0.043853759765625 -0.0960845947265625
0.0301780700683594 -0.0631370544433594 0.049468994140625 -0.0674285888671875
0.0716552734375 -0.042877197265625 0.0217018127441406 -0.0354194641113281
0.0955581665039063 0.00919342041015625 0.00530242919921876 -0.0450820922851563
0.0704193115234375 0.0973052978515625 0.00836944580078126 -0.100257873535156
0.0199737548828125 0.15228271484375 0.0609283447265625 -0.141098022460938
-0.037841796875 0.158309936523437 0.108154296875 -0.105758666992187
-0.0866546630859375 0.161697387695313 0.161773681640625 -0.0102996826171875
-0.000373840332031253 0.135025024414063 0.067230224609375 0.0212326049804688
0.0314178466796875 0.0954132080078125 0.0614356994628906 0.066619873046875
0.073089599609375 0.0488052368164063 0.133216857910156 0.0458908081054688
0.076202392578125 -0.00046539306640625 0.145401000976563 -0.0298309326171875
0.0576248168945313 -0.0481452941894531 0.11700439453125 -0.106727600097656
0.0376052856445313 -0.0820388793945313 0.0714950561523438 -0.129409790039063
0.03924560546875 -0.0813140869140625 0.0417251586914063 -0.102951049804688
0.042205810546875 -0.0919265747070313 0.038543701171875 -0.0709686279296875
0.076690673828125 -0.0835037231445313 0.0400238037109375 -0.0469627380371094
0.1175537109375 -0.03424072265625 0.00844192504882813 -0.0192356109619141
0.128402709960938 0.03594970703125 -0.00716209411621093 -0.0308799743652344
0.0680084228515625 0.1405029296875 -0.00862884521484374 -0.0805587768554687
-0.009613037109375 0.196487426757812 0.04351806640625 -0.101646423339844
-0.0826873779296875 0.188690185546875 0.078277587890625 -0.0552749633789062
-0.145950317382813 0.1727294921875 0.124038696289062 0.0527496337890625
-0.0526885986328125 0.182861328125 0.0508193969726563 0.0747451782226563
0.017974853515625 0.161087036132813 0.0575485229492188 0.093658447265625
0.104026794433594 0.100776672363281 0.1234130859375 0.0661849975585938
0.124954223632813 0.018829345703125 0.127632141113281 -0.0053253173828125
0.106651306152344 -0.063934326171875 0.100997924804688 -0.0737991333007813
0.071319580078125 -0.109367370605469 0.06298828125 -0.0890426635742188
0.0688934326171875 -0.104774475097656 0.0345268249511719 -0.0629997253417969
0.0750350952148438 -0.117683410644531 0.0259361267089844 -0.0326862335205078
0.109878540039063 -0.09686279296875 0.0209808349609375 -0.0173358917236328
0.147613525390625 -0.0267791748046875 -0.0106983184814453 0.000608444213867185
0.14727783203125 0.053192138671875 -0.0213699340820312 -0.0177574157714844
0.0621490478515625 0.1640625 -0.0179901123046875 -0.060821533203125
-0.03253173828125 0.214797973632813 0.0331039428710938 -0.0562057495117187
-0.1156005859375 0.195220947265625 0.0389442443847656 -0.000194549560546863
-0.180694580078125 0.148529052734375 0.0645065307617187 0.11370849609375
-0.101715087890625 0.190155029296875 0.0172348022460937 0.12939453125
-0.0118865966796875 0.194259643554688 0.0417098999023438 0.118362426757813
0.106475830078125 0.140670776367188 0.0969161987304687 0.0837783813476563
0.148727416992188 0.0430908203125 0.0943679809570313 0.0209121704101563
0.13970947265625 -0.0636672973632813 0.0706405639648438 -0.0326995849609375
0.0956039428710938 -0.118202209472656 0.0445137023925781 -0.0368270874023438
0.0878067016601562 -0.112258911132812 0.0211963653564453 -0.0131320953369141
0.0959701538085938 -0.126380920410156 0.00809478759765626 0.012965202331543
0.128005981445313 -0.098785400390625 -0.00420475006103515 0.0174093246459961
0.16009521484375 -0.0175018310546875 -0.0347137451171875 0.0201549530029297
0.149368286132813 0.0655517578125 -0.0363807678222656 -0.00815200805664062
0.046600341796875 0.171524047851562 -0.0219078063964844 -0.0447463989257812
-0.0566558837890625 0.20745849609375 0.0261001586914062 -0.0116119384765625
-0.138595581054688 0.1754150390625 -0.00788116455078126 0.0511283874511719
-0.180374145507812 0.0944366455078125 -0.00230407714843751 0.159027099609375
-0.12933349609375 0.151565551757813 -0.024322509765625 0.170578002929688
-0.046600341796875 0.180694580078125 0.0197601318359375 0.131507873535156
0.0788421630859375 0.152938842773437 0.05999755859375 0.0911941528320313
0.138496398925781 0.0620040893554688 0.0510406494140625 0.0405998229980469
0.145172119140625 -0.04864501953125 0.0331363677978516 0.00857734680175781
0.103080749511719 -0.106636047363281 0.0198841094970703 0.0165271759033203
0.0931243896484375 -0.101768493652344 0.00426101684570313 0.0379180908203125
0.102699279785156 -0.116706848144531 -0.0122833251953125 0.0586013793945313
0.130233764648438 -0.087982177734375 -0.0331230163574219 0.0518150329589844
0.153839111328125 -0.0054931640625 -0.0604896545410156 0.0373725891113281
0.135421752929688 0.073944091796875 -0.05267333984375 -0.00307846069335938
0.0232391357421875 0.164321899414063 -0.0247955322265625 -0.0342731475830078
-0.0806121826171875 0.180282592773438 0.0150966644287109 0.0249137878417969
-0.149185180664063 0.132095336914063 -0.0586318969726562 0.0901031494140625
-0.146408081054687 0.023101806640625 -0.06195068359375 0.179977416992188
-0.12615966796875 0.0807952880859375 -0.061004638671875 0.188247680664063
-0.070343017578125 0.12445068359375 0.000968933105468748 0.131454467773437
0.033782958984375 0.130210876464844 0.025238037109375 0.0868148803710938
0.0998153686523438 0.0672454833984375 0.0109481811523438 0.0482444763183594
0.123176574707031 -0.0242462158203125 -0.00428390502929687 0.0407142639160156
0.094085693359375 -0.077392578125 -0.005859375 0.0633583068847656
0.0836868286132813 -0.07684326171875 -0.0129928588867187 0.0828704833984375
0.0932693481445313 -0.0908966064453125 -0.0330352783203125 0.0990447998046875
0.115066528320313 -0.0667572021484375 -0.0629425048828125 0.0818023681640625
0.131332397460937 0.00498199462890625 -0.0874481201171875 0.050750732421875
0.108535766601563 0.0737686157226563 -0.0714950561523438 -0.00153350830078124
-0.00140380859374999 0.141326904296875 -0.0308666229248047 -0.0291233062744141
-0.09552001953125 0.135200500488281 -0.00268173217773438 0.0510215759277344
-0.144943237304688 0.0741119384765625 -0.1112060546875 0.112197875976563
-0.087615966796875 -0.052215576171875 -0.0988616943359375 0.177536010742188
-0.0983963012695313 -0.00320434570312502 -0.078582763671875 0.185028076171875
-0.077484130859375 0.0453948974609375 -0.006256103515625 0.120635986328125
-0.0146560668945313 0.0816802978515625 0.00261688232421876 0.0745773315429688
0.0440406799316406 0.0585517883300781 -0.0172538757324219 0.0475120544433594
0.0796432495117188 0.0035858154296875 -0.0318183898925781 0.0618400573730469
0.0694084167480469 -0.0366592407226563 -0.0270767211914063 0.0958023071289063
0.0617828369140625 -0.0411529541015625 -0.0276260375976562 0.115455627441406
0.0707626342773438 -0.052978515625 -0.0514755249023438 0.128913879394531
0.084564208984375 -0.0384674072265625 -0.0901031494140625 0.103858947753906
0.0934295654296875 0.0125198364257813 -0.111785888671875 0.0589218139648438
0.073089599609375 0.0625686645507813 -0.090057373046875 -0.002685546875
-0.0199432373046875 0.102668762207031 -0.0412368774414062 -0.0282821655273437
-0.0965499877929687 0.07611083984375 -0.0271759033203125 0.0618057250976563
-0.121124267578125 0.00769042968749998 -0.158935546875 0.11236572265625
0.05499267578125 0.0649871826171875 0.161026000976563 -0.12030029296875
0.0722198486328125 -0.0181198120117188 0.04901123046875 -0.0521926879882812
0.0165786743164062 -0.0525741577148438 0.0494041442871094 0.0297164916992187
-0.0259246826171875 -0.0402145385742188 0.121292114257813 0.0102310180664062
-0.04351806640625 -0.0123405456542969 0.135902404785156 -0.0718994140625
-0.0463066101074219 0.0181999206542969 0.100555419921875 -0.145111083984375
-0.0365943908691406 0.0103187561035156 0.047149658203125 -0.165969848632813
-0.0343494415283203 -0.000711441040039064 0.0249099731445312 -0.140350341796875
-0.0435333251953125 -0.0049591064453125 0.0284347534179687 -0.113761901855469
-0.0302810668945313 -0.0373764038085937 0.03729248046875 -0.0873870849609375
0.007843017578125 -0.0579605102539063 0.0219345092773438 -0.0560264587402344
0.0529289245605469 -0.0375480651855469 0.00912857055664063 -0.0667877197265625
0.0836029052734375 0.0264892578125 0.0184402465820313 -0.125473022460938
0.0713043212890625 0.0836944580078125 0.065582275390625 -0.185882568359375
0.0315093994140625 0.109481811523438 0.114822387695313 -0.169570922851563
-0.00679779052734374 0.131782531738281 0.17596435546875 -0.0839080810546875
0.0512504577636719 0.0642890930175781 0.0650253295898438 -0.0283393859863281
0.0353736877441406 0.0192909240722656 0.0615158081054687 0.0429267883300781
0.02923583984375 -0.00344276428222656 0.136703491210938 0.02008056640625
0.0164051055908203 -0.0146074295043945 0.147903442382813 -0.0637054443359375
0.00279045104980469 -0.0214900970458984 0.110671997070313 -0.14276123046875
-0.00495529174804687 -0.0429229736328125 0.056182861328125 -0.164947509765625
-0.00180435180664062 -0.0488700866699219 0.029144287109375 -0.137016296386719
-0.00387191772460937 -0.0569229125976563 0.03302001953125 -0.106040954589844
0.0253562927246094 -0.0692672729492188 0.041107177734375 -0.0795822143554688
0.0697441101074219 -0.0515785217285156 0.0189552307128906 -0.0434341430664063
0.100784301757813 2.288818359375E-05 0.0027923583984375 -0.0508460998535156
0.0837020874023438 0.094940185546875 0.000984191894531247 -0.106269836425781
0.03582763671875 0.157730102539062 0.0506744384765625 -0.15460205078125
-0.02392578125 0.169082641601563 0.103958129882813 -0.126670837402344
-0.074798583984375 0.180191040039063 0.16802978515625 -0.0266571044921875
0.0133209228515625 0.143234252929688 0.0689773559570312 0.0152664184570313
0.0444717407226563 0.0991363525390625 0.0684661865234375 0.065582275390625
0.0832901000976563 0.0439682006835938 0.142959594726563 0.0367279052734375
0.0798492431640625 -0.00927734375 0.148406982421875 -0.044525146484375
0.0562171936035156 -0.05670166015625 0.111015319824219 -0.122795104980469
0.0295867919921875 -0.0906143188476563 0.059295654296875 -0.142532348632813
0.0314178466796875 -0.090179443359375 0.0301666259765625 -0.112541198730469
0.0340576171875 -0.101951599121094 0.0294113159179688 -0.0790176391601563
0.0707473754882813 -0.0966796875 0.0331954956054688 -0.0566329956054688
0.119224548339844 -0.0486907958984375 0.00574111938476563 -0.0247592926025391
0.138587951660156 0.0239639282226562 -0.00996017456054686 -0.0349445343017578
0.0869140625 0.141403198242188 -0.0148239135742187 -0.0844192504882812
0.0108184814453125 0.20819091796875 0.0358352661132813 -0.112030029296875
-0.068206787109375 0.207061767578125 0.0773239135742188 -0.0707855224609375
-0.13507080078125 0.198104858398438 0.133903503417969 0.0434722900390625
-0.03570556640625 0.198837280273438 0.0569915771484375 0.0728378295898438
0.0370330810546875 0.170089721679687 0.0661544799804688 0.0937881469726563
0.121505737304688 0.0948944091796875 0.133247375488281 0.058746337890625
0.133705139160156 0.00516510009765625 0.131805419921875 -0.0162124633789062
0.105232238769531 -0.078948974609375 0.0974960327148438 -0.0860443115234375
0.0613937377929687 -0.123527526855469 0.0551300048828125 -0.099395751953125
0.0588531494140625 -0.118675231933594 0.0265464782714844 -0.0699386596679688
0.06475830078125 -0.132980346679688 0.0206871032714844 -0.0373382568359375
0.103889465332031 -0.114608764648437 0.0168113708496094 -0.0231437683105469
0.151611328125 -0.0458221435546875 -0.0133075714111328 -0.00147056579589844
0.161163330078125 0.0392303466796875 -0.0242271423339844 -0.0194454193115234
0.0843505859375 0.167190551757813 -0.0246162414550781 -0.0634117126464844
-0.0104827880859375 0.23077392578125 0.0287551879882813 -0.0640945434570312
-0.10125732421875 0.217437744140625 0.0411949157714844 -0.00927352905273436
-0.173614501953125 0.176406860351562 0.077178955078125 0.112960815429688
-0.085540771484375 0.21087646484375 0.0274429321289062 0.132438659667969
0.00984191894531249 0.208587646484375 0.051177978515625 0.120033264160156
0.128326416015625 0.13690185546875 0.106643676757813 0.0798110961914063
0.161270141601563 0.0271148681640625 0.0995101928710938 0.0151138305664063
0.138893127441406 -0.0828170776367187 0.0713424682617188 -0.0386810302734375
0.0846023559570313 -0.135368347167969 0.0419464111328125 -0.0431022644042969
0.0775146484375 -0.128189086914063 0.0188694000244141 -0.0166912078857422
0.0853424072265625 -0.145034790039063 0.00766086578369141 0.0129270553588867
0.122161865234375 -0.119125366210938 -0.00519657135009765 0.0163536071777344
0.165786743164063 -0.0376739501953125 -0.0358200073242187 0.0225296020507813
0.164474487304688 0.0515289306640625 -0.0399055480957031 -0.00726699829101562
0.0687255859375 0.176361083984375 -0.0272789001464844 -0.0461082458496094
-0.0360107421875 0.225814819335938 0.0260353088378906 -0.0166301727294922
-0.126220703125 0.199005126953125 -0.00245666503906251 0.0502777099609375
-0.17926025390625 0.12078857421875 0.0110931396484375 0.167984008789063
-0.1181640625 0.173904418945312 -0.011474609375 0.179595947265625
-0.0281219482421875 0.197509765625 0.02978515625 0.135200500488281
0.10052490234375 0.151901245117187 0.0687103271484375 0.0914382934570313
0.15252685546875 0.0482940673828125 0.0565528869628906 0.0400428771972656
0.146377563476563 -0.06817626953125 0.0365638732910156 0.00835418701171875
0.094757080078125 -0.123893737792969 0.0227813720703125 0.0155601501464844
0.08380126953125 -0.118438720703125 0.00802993774414063 0.0381507873535156
0.0929107666015625 -0.135360717773438 -0.00789260864257811 0.0633888244628906
0.125312805175781 -0.108024597167969 -0.0314292907714844 0.0568885803222656
0.160980224609375 -0.02520751953125 -0.0613670349121094 0.0445365905761719
0.151077270507813 0.0612945556640625 -0.0570144653320312 0.000782012939453117
0.04351806640625 0.170883178710937 -0.0294208526611328 -0.0347919464111328
-0.063018798828125 0.199142456054688 0.0188312530517578 0.0226402282714844
-0.14117431640625 0.155426025390625 -0.0520782470703125 0.0970077514648438
-0.150009155273437 0.041717529296875 -0.0491485595703125 0.19622802734375
-0.122428894042969 0.0994491577148437 -0.047943115234375 0.201736450195313
-0.0590896606445313 0.14056396484375 0.010589599609375 0.136764526367188
0.0508880615234375 0.132537841796875 0.0316543579101562 0.089599609375
0.112030029296875 0.0578155517578125 0.0155029296875 0.0527801513671875
0.125762939453125 -0.0401611328125 0.00152206420898438 0.0462493896484375
0.0879745483398438 -0.0921783447265625 0.00136947631835938 0.0670089721679687
0.0772933959960938 -0.090972900390625 -0.004180908203125 0.0874099731445313
0.0861282348632813 -0.106765747070313 -0.024017333984375 0.107872009277344
0.111930847167969 -0.0843582153320312 -0.0580902099609375 0.0919723510742187
0.137916564941406 -0.0108261108398437 -0.0877609252929687 0.0624847412109375
0.122566223144531 0.0636672973632813 -0.0762786865234375 0.00508117675781251
0.014801025390625 0.14935302734375 -0.0356101989746094 -0.0284805297851562
-0.0843505859375 0.152542114257813 0.00287628173828125 0.0516242980957031
-0.14215087890625 0.093231201171875 -0.105270385742188 0.126220703125
-0.0967254638671875 -0.043060302734375 -0.08807373046875 0.198501586914063
-0.1025390625 0.00837707519531249 -0.0663909912109375 0.200698852539063
-0.0750732421875 0.0576324462890625 0.00244903564453124 0.125930786132813
-0.00494384765625 0.0876617431640625 0.0070037841796875 0.0800094604492188
0.0533828735351563 0.0550079345703125 -0.0131607055664063 0.0551185607910156
0.0831527709960938 -0.006378173828125 -0.0249252319335937 0.0710220336914063
0.0668220520019531 -0.0465507507324219 -0.0161895751953125 0.102897644042969
0.0585556030273437 -0.0508270263671875 -0.0156021118164062 0.122627258300781
0.0668792724609375 -0.0640220642089844 -0.0391387939453125 0.140609741210938
0.0833587646484375 -0.0503463745117188 -0.0838623046875 0.1182861328125
0.0991439819335937 0.0019989013671875 -0.112030029296875 0.073577880859375
0.0828933715820313 0.0556869506835937 -0.095947265625 0.00576782226562501
-0.009857177734375 0.110237121582031 -0.0460777282714844 -0.0264320373535156
-0.0910186767578125 0.089599609375 -0.0207138061523438 0.0652580261230469
-0.12298583984375 0.0208282470703125 -0.155044555664063 0.132675170898438
0.0611000061035156 0.0614814758300781 0.154006958007813 -0.13739013671875
0.0709609985351563 -0.0237045288085938 0.0437965393066406 -0.05645751953125
0.0114593505859375 -0.0540733337402344 0.0523529052734375 0.0277976989746094
-0.0298194885253906 -0.0383224487304687 0.124732971191406 0.000534057617187498
-0.0449600219726563 -0.00692367553710937 0.130638122558594 -0.0854949951171875
-0.0433273315429688 0.0235481262207031 0.0870361328125 -0.157379150390625
-0.0356369018554688 0.0145606994628906 0.0305023193359375 -0.173233032226563
-0.0348892211914063 0.00310707092285156 0.00897216796875 -0.144561767578125
-0.043792724609375 -0.000720977783203124 0.0149612426757813 -0.119728088378906
-0.0337772369384765 -0.0341014862060547 0.026336669921875 -0.0944290161132812
0.00190353393554688 -0.058258056640625 0.0170783996582031 -0.0625152587890625
0.0494003295898438 -0.0426559448242188 0.00536346435546876 -0.0713424682617188
0.0869598388671875 0.0186538696289063 0.00988769531249999 -0.129013061523438
0.0792160034179688 0.07757568359375 0.05126953125 -0.195709228515625
0.0405044555664063 0.1075439453125 0.102325439453125 -0.1873779296875
0.00465393066406251 0.136116027832031 0.172317504882813 -0.101470947265625
0.0579452514648437 0.0623054504394531 0.0615653991699219 -0.0335426330566406
0.0390090942382813 0.0172271728515625 0.065185546875 0.0406608581542969
0.0304603576660156 -0.00636672973632813 0.140213012695312 0.0095367431640625
0.0163021087646484 -0.0160989761352539 0.143798828125 -0.0779266357421875
0.00232887268066406 -0.0222816467285156 0.0976104736328125 -0.156265258789063
-0.00908279418945313 -0.04400634765625 0.0387115478515625 -0.17333984375
-0.00701141357421875 -0.0495071411132813 0.013336181640625 -0.1412353515625
-0.00919342041015626 -0.0578880310058594 0.0194625854492187 -0.111595153808594
0.0192108154296875 -0.0728988647460938 0.0303955078125 -0.0873489379882812
0.0657234191894531 -0.0588760375976563 0.0139503479003906 -0.0498580932617188
0.102508544921875 -0.0090789794921875 -0.000251770019531245 -0.0554313659667969
0.0941543579101562 0.0887298583984375 -0.00674438476562498 -0.108360290527344
0.05120849609375 0.157485961914062 0.0384368896484375 -0.16278076171875
-0.0105133056640625 0.174880981445313 0.0949859619140625 -0.14300537109375
-0.05902099609375 0.192520141601562 0.168212890625 -0.042144775390625
0.0274505615234375 0.14599609375 0.0684852600097656 0.00982284545898438
0.0572280883789062 0.0984725952148437 0.0733108520507812 0.0623855590820313
0.0900955200195313 0.036773681640625 0.147796630859375 0.025848388671875
0.08123779296875 -0.0176315307617188 0.145950317382813 -0.0578155517578125
0.0527725219726562 -0.0635185241699219 0.100212097167969 -0.134780883789062
0.0205307006835938 -0.0955810546875 0.0443572998046875 -0.15045166015625
0.0213699340820312 -0.0956192016601563 0.0166168212890625 -0.116539001464844
0.0237808227539062 -0.108482360839844 0.0192108154296875 -0.0835800170898438
0.0624160766601562 -0.106185913085937 0.0240898132324219 -0.0641555786132813
0.116867065429688 -0.0623016357421875 0.00135040283203126 -0.0296478271484375
0.143936157226563 0.0106048583984375 -0.0126495361328125 -0.0376358032226562
0.103034973144531 0.137062072753906 -0.0219497680664062 -0.0855026245117187
0.031280517578125 0.2120361328125 0.0267715454101562 -0.119056701660156
-0.050506591796875 0.218399047851563 0.0727386474609375 -0.0847244262695312
-0.118499755859375 0.216888427734375 0.139724731445313 0.0324172973632813
-0.016754150390625 0.20751953125 0.0611915588378906 0.0688591003417969
0.0570831298828125 0.171798706054688 0.072479248046875 0.0902938842773438
0.134597778320313 0.0850296020507812 0.138984680175781 0.0495986938476563
0.136932373046875 -0.0088653564453125 0.131881713867188 -0.02679443359375
0.100090026855469 -0.09197998046875 0.0913467407226563 -0.095001220703125
0.0487823486328125 -0.132400512695313 0.0450668334960938 -0.106346130371094
0.04644775390625 -0.127532958984375 0.0175628662109375 -0.0730819702148438
0.05059814453125 -0.143875122070313 0.0150032043457031 -0.0398292541503906
0.09307861328125 -0.128761291503906 0.0112228393554688 -0.0278816223144531
0.149993896484375 -0.0639190673828125 -0.0158405303955078 -0.00292491912841797
0.168991088867188 0.0230255126953125 -0.0269145965576172 -0.0200042724609375
0.104110717773438 0.163482666015625 -0.0300483703613281 -0.0633964538574218
0.0131988525390625 0.238204956054688 0.0233039855957031 -0.0696640014648437
-0.0826568603515625 0.231979370117187 0.0411262512207031 -0.0184974670410156
-0.1590576171875 0.199554443359375 0.0875473022460938 0.108604431152344
-0.065643310546875 0.224578857421875 0.036773681640625 0.131500244140625
0.032928466796875 0.2139892578125 0.059173583984375 0.117988586425781
0.145919799804688 0.1265869140625 0.112968444824219 0.0734786987304688
0.166946411132813 0.0104217529296875 0.10186767578125 0.00876617431640625
0.132919311523438 -0.0994338989257813 0.0701026916503906 -0.0437812805175781
0.0709228515625 -0.147445678710938 0.0377693176269531 -0.0477752685546875
0.0637054443359375 -0.139442443847656 0.01593017578125 -0.0188522338867188
0.0702667236328125 -0.157699584960937 0.00791072845458985 0.012420654296875
0.110877990722656 -0.135139465332031 -0.00696372985839843 0.015904426574707
0.165435791015625 -0.0574188232421875 -0.0363998413085937 0.0247879028320313
0.174407958984375 0.035064697265625 -0.0422172546386719 -0.00565338134765626
0.0899505615234375 0.174819946289063 -0.0319595336914062 -0.0455818176269531
-0.011962890625 0.23590087890625 0.0247211456298828 -0.0215091705322265
-0.108474731445313 0.21612548828125 0.00178146362304686 0.0465621948242188
-0.169586181640625 0.143341064453125 0.0259552001953125 0.171173095703125
-0.10205078125 0.190353393554688 0.00146484375000001 0.182662963867188
-0.0064544677734375 0.20684814453125 0.0389175415039062 0.135055541992188
0.118865966796875 0.145217895507813 0.0750885009765625 0.0885543823242188
0.160400390625 0.031982421875 0.0610733032226563 0.0384864807128906
0.141433715820313 -0.085540771484375 0.0397834777832031 0.00829696655273437
0.0823440551757812 -0.136520385742188 0.024871826171875 0.013580322265625
0.0710220336914063 -0.129737854003906 0.0110435485839844 0.0380630493164062
0.078643798828125 -0.148818969726563 -0.00223159790039063 0.0656356811523437
0.11456298828125 -0.12457275390625 -0.0279159545898437 0.0595512390136719
0.161697387695313 -0.0435943603515625 -0.0594635009765625 0.0505561828613281
0.160964965820313 0.0458984375 -0.0590095520019531 0.00518417358398438
0.0630340576171875 0.171310424804688 -0.0334911346435547 -0.0334205627441406
-0.0424957275390625 0.2108154296875 0.0215091705322266 0.018911361694336
-0.127670288085938 0.172943115234375 -0.044281005859375 0.100196838378906
-0.147750854492188 0.059661865234375 -0.0338897705078125 0.207077026367188
-0.11419677734375 0.11419677734375 -0.0328521728515625 0.20904541015625
-0.044525146484375 0.15106201171875 0.0193405151367187 0.137458801269531
0.0668411254882813 0.130058288574219 0.0377655029296875 0.0903091430664063
0.119888305664063 0.0457534790039063 0.0211601257324219 0.0558013916015625
0.123283386230469 -0.0548477172851563 0.00818252563476563 0.0498695373535156
0.0783004760742188 -0.10369873046875 0.00902557373046876 0.0679855346679688
0.0670318603515625 -0.101356506347656 0.0047760009765625 0.088287353515625
0.075164794921875 -0.118927001953125 -0.0132675170898438 0.112289428710938
0.103736877441406 -0.0981369018554687 -0.0511856079101562 0.0990142822265625
0.139732360839844 -0.0266647338867188 -0.0841751098632813 0.0718612670898437
0.131729125976563 0.051788330078125 -0.0785064697265625 0.0120162963867187
0.0314483642578125 0.151596069335938 -0.0390739440917969 -0.0266876220703125
-0.0690155029296875 0.1644287109375 0.00857925415039062 0.0499420166015625
-0.133583068847656 0.109222412109375 -0.0956954956054688 0.136474609375
-0.101631164550781 -0.0330963134765625 -0.07293701171875 0.213394165039062
-0.102783203125 0.0198822021484375 -0.05047607421875 0.21038818359375
-0.0691375732421875 0.0682334899902344 0.010162353515625 0.127105712890625
0.00528717041015625 0.0893173217773438 0.01171875 0.0830917358398438
0.0597801208496094 0.0490264892578125 -0.00760269165039063 0.0606803894042969
0.08282470703125 -0.0164260864257813 -0.0154571533203125 0.0774383544921875
0.0620346069335938 -0.0547981262207031 -0.00460052490234374 0.105979919433594
0.0534095764160156 -0.0578689575195313 -0.00179290771484376 0.12481689453125
0.0600357055664063 -0.0725021362304688 -0.0251617431640625 0.146926879882813
0.0785293579101563 -0.0606002807617188 -0.0742111206054687 0.128860473632813
0.101036071777344 -0.00926971435546875 -0.107215881347656 0.0863189697265625
0.0895004272460938 0.0474777221679688 -0.0980453491210937 0.0145263671875
0.00135040283203125 0.113677978515625 -0.0492401123046875 -0.0244483947753906
-0.0822906494140625 0.100212097167969 -0.0137176513671875 0.0664100646972656
-0.121086120605469 0.0322036743164063 -0.144775390625 0.14825439453125
0.0647430419921875 0.0584068298339844 0.147689819335938 -0.14892578125
0.070159912109375 -0.0272750854492187 0.0396614074707031 -0.0582618713378906
0.00839614868164063 -0.0549201965332031 0.0543022155761719 0.0269088745117187
-0.03289794921875 -0.0361213684082031 0.126296997070313 -0.00629425048828125
-0.045135498046875 -0.00328063964843749 0.125518798828125 -0.0937652587890625
-0.0400047302246094 0.0267753601074219 0.0748138427734375 -0.164932250976563
-0.0336074829101563 0.0175952911376953 0.0165252685546875 -0.176437377929688
-0.0351123809814453 0.00570106506347656 -0.00234985351562499 -0.145584106445313
-0.0430717468261719 0.00204849243164062 0.00360107421875 -0.121803283691406
-0.0360145568847656 -0.0307197570800781 0.0161666870117187 -0.0985031127929688
-0.00281906127929687 -0.0570564270019531 0.0119132995605469 -0.0680809020996094
0.0463714599609375 -0.0461997985839844 0.00235748291015625 -0.0756683349609375
0.0884933471679687 0.0121307373046875 0.00418853759765627 -0.130950927734375
0.08465576171875 0.0727996826171875 0.040191650390625 -0.200637817382813
0.0470123291015625 0.105720520019531 0.0915069580078125 -0.199813842773438
0.013092041015625 0.138153076171875 0.168182373046875 -0.113525390625
0.0633773803710938 0.0604743957519531 0.0580482482910156 -0.0362358093261719
0.0418968200683594 0.0161361694335938 0.0670089721679688 0.0387649536132813
0.0307426452636719 -0.00839042663574219 0.142715454101563 0.001922607421875
0.0157709121704102 -0.0175571441650391 0.139045715332031 -0.0866241455078125
0.00190544128417969 -0.0227603912353516 0.086090087890625 -0.16326904296875
-0.0123100280761719 -0.0431785583496094 0.02508544921875 -0.1768798828125
-0.0114326477050781 -0.0497894287109375 0.0014495849609375 -0.142501831054687
-0.013519287109375 -0.0588912963867188 0.00838470458984376 -0.113967895507812
0.0135345458984375 -0.0746002197265625 0.020355224609375 -0.0925521850585938
0.0616569519042969 -0.06378173828125 0.00882339477539063 -0.0547943115234375
0.102912902832031 -0.0164108276367188 -0.002716064453125 -0.0591621398925781
0.101425170898438 0.0834808349609375 -0.0113906860351562 -0.109230041503906
0.062164306640625 0.155899047851563 0.02886962890625 -0.167312622070313
0.00016784667968751 0.177444458007813 0.0865325927734375 -0.155364990234375
-0.0464324951171875 0.200027465820313 0.16748046875 -0.0536956787109375
0.0385284423828125 0.146392822265625 0.0673866271972656 0.00661849975585938
0.066680908203125 0.0972366333007813 0.0760498046875 0.0601959228515625
0.09515380859375 0.0306015014648437 0.14971923828125 0.0189056396484375
0.0810089111328125 -0.0239715576171875 0.14239501953125 -0.0659027099609375
0.0494537353515625 -0.0686416625976563 0.091064453125 -0.141708374023438
0.0127105712890625 -0.0979995727539062 0.032318115234375 -0.153823852539063
0.0133590698242188 -0.0982131958007813 0.00609588623046875 -0.117378234863281
0.0148544311523438 -0.111991882324219 0.0104904174804688 -0.0855560302734375
0.0543975830078125 -0.112693786621094 0.0157051086425781 -0.0683250427246094
0.112815856933594 -0.07196044921875 -0.0029144287109375 -0.0328960418701172
0.146682739257813 0.0001068115234375 -0.0149993896484375 -0.0403709411621094
0.114738464355469 0.131858825683594 -0.02606201171875 -0.08551025390625
0.047821044921875 0.213226318359375 0.0194931030273438 -0.123054504394531
-0.0367889404296875 0.223922729492188 0.0671005249023438 -0.0952301025390625
-0.10369873046875 0.229217529296875 0.142562866210938 0.024017333984375
-0.00141906738281249 0.211517333984375 0.0633735656738281 0.0655975341796875
0.0727691650390625 0.171524047851562 0.0757675170898437 0.0883026123046875
0.143402099609375 0.0762939453125 0.141494750976563 0.043243408203125
0.137657165527344 -0.0199737548828125 0.130958557128906 -0.03375244140625
0.0942230224609375 -0.101303100585938 0.0859298706054688 -0.100624084472656
0.0382080078125 -0.137557983398438 0.036468505859375 -0.109748840332031
0.0351333618164063 -0.132728576660156 0.0104522705078125 -0.0746383666992188
0.0387420654296875 -0.150070190429688 0.00967025756835938 -0.0413398742675781
0.0828704833984375 -0.137954711914062 0.00514411926269532 -0.0307998657226563
0.14654541015625 -0.0769195556640625 -0.0184745788574219 -0.00439071655273438
0.173233032226563 0.0103759765625 -0.0287246704101562 -0.0207901000976562
0.11871337890625 0.158920288085938 -0.0333213806152344 -0.0626296997070312
0.0319061279296875 0.2413330078125 0.019378662109375 -0.0735626220703125
-0.0676727294921875 0.24066162109375 0.0392417907714844 -0.0261917114257812
-0.146286010742187 0.214828491210938 0.0951766967773438 0.104827880859375
-0.0495147705078125 0.232223510742188 0.0423583984375 0.130157470703125
0.05133056640625 0.215927124023438 0.0637054443359375 0.116294860839844
0.158218383789063 0.1177978515625 0.116302490234375 0.0693817138671875
0.169021606445313 -0.0025177001953125 0.103408813476563 0.00421905517578125
0.126960754394531 -0.111198425292969 0.0688743591308594 -0.0471382141113281
0.059051513671875 -0.15362548828125 0.0341377258300781 -0.0505409240722656
0.0522918701171875 -0.145767211914063 0.012969970703125 -0.0197772979736328
0.056549072265625 -0.166122436523438 0.00733280181884766 0.0121355056762695
0.0999298095703125 -0.146728515625 -0.0090036392211914 0.0152597427368164
0.16265869140625 -0.072265625 -0.0369644165039062 0.0261154174804688
0.17926025390625 0.0208282470703125 -0.0434989929199219 -0.00421524047851563
0.105575561523437 0.171157836914063 -0.0348854064941406 -0.0448875427246094
0.00701904296874999 0.240875244140625 0.0234947204589844 -0.025369644165039
-0.0938262939453125 0.225860595703125 0.00401306152343749 0.0423851013183594
-0.16033935546875 0.15838623046875 0.0360870361328125 0.172988891601563
-0.0892181396484375 0.199356079101562 0.0102691650390625 0.183212280273438
0.010162353515625 0.211044311523437 0.043548583984375 0.133827209472656
0.132575988769531 0.137908935546875 0.0784530639648438 0.08685302734375
0.163619995117188 0.019378662109375 0.0639991760253907 0.0375251770019531
0.136611938476563 -0.097808837890625 0.04290771484375 0.00733947753906249
0.070770263671875 -0.144454956054687 0.0264663696289063 0.0123748779296875
0.0603485107421875 -0.136566162109375 0.0128669738769531 0.0371475219726562
0.065948486328125 -0.157257080078125 0.00190353393554688 0.0660858154296875
0.105026245117188 -0.135635375976563 -0.0259628295898437 0.0613899230957031
0.159744262695313 -0.0583038330078125 -0.0581855773925781 0.0544242858886719
0.166366577148438 0.0331878662109375 -0.0602951049804687 0.00830078125
0.078094482421875 0.169525146484375 -0.0362129211425781 -0.0324058532714844
-0.02545166015625 0.2174072265625 0.0226173400878906 0.0155162811279297
-0.115447998046875 0.183502197265625 -0.0388031005859375 0.100700378417969
-0.143692016601563 0.072845458984375 -0.02178955078125 0.213516235351563
-0.106193542480469 0.1240234375 -0.0219268798828125 0.212677001953125
-0.031890869140625 0.157730102539063 0.024169921875 0.137313842773438
0.078582763671875 0.126617431640625 0.041229248046875 0.0911712646484375
0.124275207519531 0.0361557006835938 0.0256004333496094 0.0576057434082031
0.119453430175781 -0.065704345703125 0.0149307250976563 0.0519561767578125
0.0697784423828125 -0.110603332519531 0.015106201171875 0.0674896240234375
0.0586700439453125 -0.107330322265625 0.0110397338867187 0.0883026123046875
0.0651626586914063 -0.12664794921875 -0.00491333007812501 0.114250183105469
0.0958786010742188 -0.108451843261719 -0.0450897216796875 0.103065490722656
0.138618469238281 -0.038299560546875 -0.0810546875 0.0784759521484375
0.136947631835938 0.0416107177734375 -0.07940673828125 0.0169601440429688
0.0435943603515625 0.151611328125 -0.04150390625 -0.0251884460449219
-0.0561065673828125 0.17193603515625 0.0121726989746094 0.0480613708496094
-0.126113891601563 0.118972778320313 -0.087799072265625 0.141464233398438
-0.103897094726563 -0.0244369506835938 -0.0609130859375 0.223220825195313
-0.101066589355469 0.0281143188476563 -0.0401458740234375 0.214996337890625
-0.0635223388671875 0.074615478515625 0.0147705078125 0.127548217773438
0.0134124755859375 0.0896530151367188 0.0147933959960937 0.0855484008789063
0.0636215209960938 0.0440139770507813 -0.00301361083984374 0.0649185180664063
0.081512451171875 -0.0238800048828125 -0.00746917724609375 0.0811309814453125
0.0568084716796875 -0.0598564147949219 0.0048370361328125 0.106781005859375
0.0479278564453125 -0.0627403259277344 0.00788116455078126 0.125137329101563
0.0538406372070313 -0.078369140625 -0.013458251953125 0.150146484375
0.0736846923828125 -0.0672378540039063 -0.0656280517578125 0.135292053222656
0.101036071777344 -0.0171279907226563 -0.102310180664063 0.0941543579101562
0.0934600830078125 0.0413284301757813 -0.0985260009765625 0.0205612182617188
0.00950622558593749 0.115028381347656 -0.0515365600585937 -0.0228996276855469
-0.0748977661132813 0.107147216796875 -0.00884628295898438 0.0656051635742188
-0.117347717285156 0.0396270751953125 -0.136703491210938 0.158584594726562
0.0680809020996094 0.0572853088378906 0.144805908203125 -0.1600341796875
0.0703125 -0.0301666259765625 0.0376625061035156 -0.060546875
0.00601577758789062 -0.0559806823730469 0.0567741394042969 0.0269126892089844
-0.0360488891601562 -0.0352401733398438 0.129898071289063 -0.0111541748046875
-0.0457725524902344 -0.000457763671874993 0.123672485351563 -0.101150512695313
-0.0378379821777344 0.0290412902832031 0.067138671875 -0.17138671875
-0.0327777862548828 0.0197391510009766 0.00689697265624998 -0.18060302734375
-0.0355186462402344 0.00852584838867187 -0.012359619140625 -0.14794921875
-0.0436630249023437 0.00439071655273438 -0.00535583496093749 -0.124305725097656
-0.0380783081054688 -0.0288619995117187 0.00805664062499999 -0.102531433105469
-0.00658035278320312 -0.0571784973144531 0.00807952880859375 -0.0735931396484375
0.0448226928710938 -0.0492630004882813 0.000923156738281247 -0.0807418823242188
0.0904617309570313 0.00731658935546875 0.00121307373046874 -0.134117126464844
0.089569091796875 0.0703125 0.03326416015625 -0.208038330078125
0.0518264770507812 0.106040954589844 0.08428955078125 -0.21258544921875
0.0195465087890625 0.142257690429687 0.167984008789063 -0.124435424804687
0.0680694580078125 0.0597457885742188 0.0565528869628906 -0.0383529663085937
0.0450630187988281 0.0154800415039063 0.0698814392089844 0.0389060974121094
0.0320987701416016 -0.00997734069824219 0.146011352539063 -0.0029754638671875
0.015716552734375 -0.0180606842041016 0.137702941894531 -0.0941390991210937
0.00198173522949219 -0.0244579315185547 0.0789031982421875 -0.17071533203125
-0.0149765014648438 -0.0441169738769531 0.0152130126953125 -0.181289672851563
-0.0150413513183594 -0.0500411987304688 -0.00767517089843751 -0.14471435546875
-0.0174217224121094 -0.0600738525390625 -0.000259399414062495 -0.116477966308594
0.00959777832031251 -0.0772781372070313 0.011871337890625 -0.096405029296875
0.0595893859863281 -0.0681571960449219 0.00458526611328125 -0.0602302551269531
0.104331970214844 -0.0215225219726563 -0.00437545776367187 -0.0633163452148438
0.10894775390625 0.080535888671875 -0.0139999389648438 -0.112144470214844
0.0719451904296875 0.157058715820313 0.0228118896484375 -0.173248291015625
0.00741577148437501 0.18231201171875 0.081146240234375 -0.167495727539063
-0.0378265380859375 0.208389282226563 0.16937255859375 -0.06268310546875
0.047210693359375 0.149444580078125 0.0673408508300781 0.00471115112304688
0.0757369995117188 0.0976181030273438 0.07843017578125 0.0602645874023438
0.100265502929688 0.0263214111328125 0.1529541015625 0.0144195556640625
0.0820159912109375 -0.0293502807617188 0.142135620117187 -0.072662353515625
0.0474090576171875 -0.07391357421875 0.0860748291015625 -0.148574829101563
0.007080078125 -0.100898742675781 0.0239105224609375 -0.158355712890625
0.00730895996093749 -0.101089477539063 -0.00188446044921874 -0.119064331054688
0.00794219970703126 -0.116188049316406 0.00362396240234376 -0.0876541137695313
0.0485458374023438 -0.118850708007813 0.00747680664062501 -0.0716400146484375
0.111495971679688 -0.0801162719726563 -0.00652694702148437 -0.0366477966308594
0.151138305664062 -0.0079345703125 -0.0167007446289062 -0.0430183410644531
0.125869750976562 0.129867553710938 -0.0284194946289063 -0.08721923828125
0.0610198974609375 0.216995239257813 0.0149917602539063 -0.128410339355469
-0.0283355712890625 0.232421875 0.06341552734375 -0.105735778808594
-0.094696044921875 0.2413330078125 0.146759033203125 0.01861572265625
0.01031494140625 0.217483520507813 0.0649452209472656 0.0650672912597656
0.0861663818359375 0.173446655273437 0.0785369873046875 0.0885696411132813
0.152557373046875 0.0699920654296875 0.145477294921875 0.03997802734375
0.140007019042969 -0.0284194946289063 0.131805419921875 -0.0377044677734375
0.0913162231445313 -0.109626770019531 0.083709716796875 -0.105316162109375
0.03033447265625 -0.142837524414063 0.0309677124023438 -0.113639831542969
0.02752685546875 -0.137527465820313 0.0051422119140625 -0.0759811401367188
0.029510498046875 -0.156402587890625 0.00619888305664063 -0.0425910949707031
0.0762176513671875 -0.147216796875 -0.000576019287109372 -0.0325489044189453
0.145721435546875 -0.0880279541015625 -0.0213356018066406 -0.00589370727539063
0.1785888671875 0.0002593994140625 -0.0305233001708984 -0.0221118927001953
0.131927490234375 0.157760620117188 -0.0356941223144531 -0.0634880065917969
0.04766845703125 0.247314453125 0.0164108276367188 -0.0782928466796875
-0.05792236328125 0.25091552734375 0.0377235412597656 -0.0337257385253906
-0.138137817382812 0.229141235351562 0.10198974609375 0.104484558105469
-0.037384033203125 0.240859985351562 0.0464935302734375 0.13116455078125
0.06640625 0.219451904296875 0.0660552978515625 0.117630004882813
0.169937133789062 0.111785888671875 0.119956970214844 0.068634033203125
0.1727294921875 -0.0127105712890625 0.106033325195313 0.00228118896484375
0.123519897460938 -0.121864318847656 0.0699310302734375 -0.0501937866210938
0.0500335693359375 -0.16046142578125 0.0321311950683594 -0.0529632568359375
0.0433197021484375 -0.152252197265625 0.0110206604003906 -0.0208263397216797
0.0462799072265625 -0.173721313476563 0.00690269470214844 0.0122432708740234
0.09222412109375 -0.157302856445313 -0.011932373046875 0.0149078369140625
0.162353515625 -0.08538818359375 -0.0384788513183594 0.0272445678710937
0.185928344726563 0.0105133056640625 -0.0454635620117187 -0.00363922119140625
0.119720458984375 0.1705322265625 -0.037139892578125 -0.045318603515625
0.0228271484375 0.247940063476562 0.0230712890625 -0.0292873382568359
-0.08502197265625 0.236724853515625 0.0047454833984375 0.0392074584960938
-0.155471801757812 0.172149658203125 0.0442047119140625 0.177444458007813
-0.0799560546875 0.209930419921875 0.01629638671875 0.186752319335938
0.024078369140625 0.217361450195312 0.0462570190429688 0.136131286621094
0.14483642578125 0.133834838867188 0.0819320678710938 0.088165283203125
0.1683349609375 0.010284423828125 0.0681076049804688 0.038330078125
0.133743286132813 -0.108589172363281 0.0464515686035156 0.00685501098632812
0.062957763671875 -0.152069091796875 0.0278854370117188 0.0113449096679687
0.05242919921875 -0.14398193359375 0.0148239135742188 0.0368614196777344
0.0566253662109375 -0.165496826171875 0.00537490844726563 0.0673370361328125
0.097747802734375 -0.146896362304688 -0.0257644653320312 0.0634803771972656
0.160354614257812 -0.070404052734375 -0.0578041076660156 0.0584030151367188
0.1728515625 0.0241851806640625 -0.0616416931152344 0.0109024047851563
0.09173583984375 0.171051025390625 -0.0384368896484375 -0.0324249267578125
-0.0120086669921875 0.225372314453125 0.0242633819580078 0.0125274658203125
-0.10906982421875 0.193328857421875 -0.035797119140625 0.102043151855469
-0.1427001953125 0.0836181640625 -0.013336181640625 0.222686767578125
-0.101951599121094 0.1328125 -0.0153350830078125 0.218017578125
-0.0226287841796875 0.164596557617188 0.0264358520507812 0.139907836914063
0.0887527465820313 0.125579833984375 0.0435791015625 0.0943069458007813
0.128715515136719 0.0293350219726563 0.0294036865234375 0.0606040954589844
0.117942810058594 -0.0747604370117188 0.0202980041503906 0.0536651611328125
0.0635452270507812 -0.117103576660156 0.0198516845703125 0.0679054260253906
0.0525283813476562 -0.113822937011719 0.0161514282226563 0.0883941650390625
0.0576019287109375 -0.133857727050781 0.001312255859375 0.117034912109375
0.09051513671875 -0.116767883300781 -0.04229736328125 0.107254028320312
0.140357971191406 -0.0489349365234375 -0.0792007446289063 0.0843505859375
0.14251708984375 0.0341644287109375 -0.08099365234375 0.02081298828125
0.0541839599609375 0.153762817382813 -0.0436058044433594 -0.0253257751464844
-0.04632568359375 0.179458618164063 0.0149269104003906 0.0460433959960938
-0.121788024902344 0.127433776855469 -0.083953857421875 0.1475830078125
-0.106796264648438 -0.0188369750976563 -0.05279541015625 0.2347412109375
-0.101310729980469 0.035003662109375 -0.03350830078125 0.22210693359375
-0.0597000122070313 0.080780029296875 0.0166702270507812 0.130348205566406
0.0205612182617188 0.0909576416015625 0.0168228149414063 0.0898590087890625
0.0676040649414063 0.0404510498046875 0.00159072875976564 0.0693168640136719
0.08111572265625 -0.0294265747070312 -0.000274658203124994 0.0840988159179688
0.0537338256835938 -0.0645980834960938 0.0119552612304688 0.1082763671875
0.04425048828125 -0.0672760009765625 0.01483154296875 0.126335144042969
0.0493698120117187 -0.083587646484375 -0.00535583496093751 0.153228759765625
0.0703353881835938 -0.0733795166015625 -0.05999755859375 0.141204833984375
0.102218627929687 -0.0240707397460937 -0.100265502929687 0.102058410644531
0.0977096557617188 0.0367202758789063 -0.100822448730469 0.0259246826171875
0.0163497924804687 0.11846923828125 -0.0537834167480469 -0.022125244140625
-0.0695343017578125 0.113571166992188 -0.00513458251953126 0.0652809143066407
-0.117355346679688 0.04559326171875 -0.133270263671875 0.168121337890625
0.074127197265625 0.0573959350585937 0.145965576171875 -0.176376342773438
0.0721359252929688 -0.0343093872070313 0.0366363525390625 -0.0641899108886719
0.00408935546875 -0.0586280822753906 0.0609169006347656 0.0273933410644531
-0.0393104553222656 -0.0348777770996094 0.136421203613281 -0.016021728515625
-0.0472068786621094 0.00217056274414063 0.125053405761719 -0.11016845703125
-0.0374908447265625 0.0318717956542969 0.061065673828125 -0.181365966796875
-0.0329093933105469 0.0225410461425781 -0.00321960449218749 -0.189132690429688
-0.0368461608886719 0.0112228393554688 -0.021881103515625 -0.153472900390625
-0.0452003479003906 0.00675201416015624 -0.0143814086914062 -0.129356384277344
-0.0410385131835938 -0.0272750854492187 0.000732421875000009 -0.108291625976563
-0.00978088378906251 -0.0584373474121094 0.00304412841796876 -0.081085205078125
0.0448379516601562 -0.0536270141601563 -0.00125122070312501 -0.0882644653320313
0.0948257446289063 0.00336456298828125 -0.00172424316406249 -0.141952514648438
0.09649658203125 0.0691452026367188 0.0267333984375 -0.219924926757813
0.0588455200195312 0.109962463378906 0.07952880859375 -0.230636596679688
0.0272369384765625 0.149642944335937 0.17181396484375 -0.138916015625
0.074981689453125 0.0602569580078125 0.0566749572753906 -0.0417556762695312
0.0494651794433594 0.0145606994628906 0.073760986328125 0.039794921875
0.0332965850830078 -0.0122280120849609 0.153335571289063 -0.008087158203125
0.0163974761962891 -0.0202350616455078 0.139778137207031 -0.102699279785156
0.00238990783691406 -0.0267066955566406 0.0740814208984375 -0.181320190429688
-0.0178718566894531 -0.0452957153320313 0.00569152832031251 -0.189834594726563
-0.01904296875 -0.0517044067382813 -0.0175933837890625 -0.150146484375
-0.0219841003417969 -0.0624122619628906 -0.00866699218749999 -0.121246337890625
0.00572967529296874 -0.0812454223632813 0.00382232666015624 -0.1021728515625
0.058563232421875 -0.0745162963867188 9.91821289062487E-05 -0.0666351318359375
0.109039306640625 -0.0285568237304688 -0.00603866577148436 -0.0696372985839844
0.118186950683594 0.07904052734375 -0.0169525146484375 -0.117530822753906
0.0832061767578125 0.161773681640625 0.0169830322265625 -0.183761596679688
0.015869140625 0.192672729492188 0.0771026611328125 -0.184555053710938
-0.02972412109375 0.221969604492187 0.175491333007813 -0.0735626220703125
0.0581207275390625 0.15557861328125 0.0692405700683594 0.00268936157226563
0.0868148803710938 0.09942626953125 0.08294677734375 0.062530517578125
0.107772827148438 0.0215835571289063 0.160751342773438 0.01104736328125
0.0849761962890625 -0.0358352661132813 0.145843505859375 -0.0801544189453125
0.0465850830078125 -0.0813827514648438 0.0828857421875 -0.158676147460938
0.00151824951171876 -0.106208801269531 0.0159454345703125 -0.166275024414063
0.00106811523437499 -0.106178283691406 -0.00942993164062501 -0.123672485351563
0.00108337402343749 -0.12298583984375 -0.0032196044921875 -0.0917434692382813
0.04339599609375 -0.127830505371094 0.000381469726562496 -0.0765762329101563
0.112564086914062 -0.0910797119140625 -0.0112838745117187 -0.0406417846679688
0.158721923828125 -0.0165557861328125 -0.0188179016113281 -0.0474967956542969
0.140289306640625 0.130393981933594 -0.031707763671875 -0.0912857055664062
0.0767669677734375 0.225296020507813 0.0105361938476562 -0.136482238769531
-0.0190887451171875 0.246429443359375 0.0605545043945313 -0.118766784667969
-0.087188720703125 0.259933471679688 0.15570068359375 0.0134429931640625
0.0226898193359375 0.228240966796875 0.0687408447265625 0.0664215087890625
0.102066040039062 0.178482055664063 0.082794189453125 0.0925445556640625
0.165863037109375 0.065093994140625 0.15301513671875 0.03863525390625
0.145416259765625 -0.03778076171875 0.136711120605469 -0.0434112548828125
0.0903778076171875 -0.121658325195313 0.0833892822265625 -0.113723754882813
0.0232391357421875 -0.151443481445313 0.025848388671875 -0.120162963867188
0.01983642578125 -0.145416259765625 -9.1552734374997E-05 -0.0790176391601563
0.0200653076171875 -0.166702270507813 0.00254440307617188 -0.0447921752929688
0.0698089599609375 -0.159744262695313 -0.00619506835937499 -0.0350570678710938
0.147964477539063 -0.101760864257813 -0.0252151489257812 -0.00726699829101563
0.188201904296875 -0.00994873046875 -0.0330314636230469 -0.0241127014160156
0.148971557617188 0.159591674804687 -0.0387725830078125 -0.0662956237792968
0.0654296875 0.25787353515625 0.0140609741210938 -0.084625244140625
-0.0488739013671875 0.2674560546875 0.0365333557128906 -0.0414581298828125
-0.133407592773438 0.248764038085938 0.111717224121094 0.106407165527344
-0.026580810546875 0.2550048828125 0.0515670776367188 0.13604736328125
0.084228515625 0.227813720703125 0.07049560546875 0.122421264648438
0.186569213867188 0.107208251953125 0.126792907714844 0.0691146850585937
0.180404663085938 -0.0230865478515625 0.111343383789063 0.000350952148437499
0.123313903808594 -0.136123657226563 0.0723876953125 -0.0546722412109375
0.04278564453125 -0.171600341796875 0.0308380126953125 -0.05706787109375
0.0353851318359375 -0.161697387695313 0.00949287414550781 -0.0222759246826172
0.0368499755859375 -0.18572998046875 0.0068502426147461 0.0119714736938476
0.0859527587890625 -0.171493530273438 -0.0147342681884766 0.0155248641967773
0.165451049804688 -0.100189208984375 -0.0410194396972656 0.0294609069824219
0.1966552734375 -0.0004425048828125 -0.0476608276367187 -0.00325393676757812
0.137786865234375 0.173858642578125 -0.0400543212890625 -0.0468025207519531
0.0398406982421875 0.259933471679688 0.0229740142822266 -0.0342082977294922
-0.0775604248046875 0.253372192382813 0.00477218627929687 0.0371856689453125
-0.1539306640625 0.190231323242187 0.0540618896484375 0.186248779296875
-0.0728759765625 0.223709106445313 0.02203369140625 0.195892333984375
0.0387115478515625 0.227218627929687 0.0498046875 0.142242431640625
0.161117553710938 0.132919311523438 0.08758544921875 0.0919189453125
0.177017211914063 0.0013275146484375 0.073455810546875 0.03997802734375
0.133888244628906 -0.122108459472656 0.0512123107910156 0.00594329833984374
0.056671142578125 -0.162811279296875 0.0301551818847656 0.0102748870849609
0.0456085205078125 -0.153778076171875 0.0171165466308594 0.0374526977539062
0.048004150390625 -0.177597045898437 0.00884246826171875 0.0698928833007812
0.092376708984375 -0.160354614257813 -0.0252418518066406 0.0672531127929687
0.164047241210938 -0.0849761962890625 -0.0590858459472656 0.0637092590332031
0.183670043945312 0.0142669677734375 -0.0643692016601563 0.01373291015625
0.107528686523438 0.175338745117188 -0.0416069030761719 -0.0335540771484375
0.0023193359375 0.237213134765625 0.0262584686279297 0.0100250244140625
-0.10455322265625 0.208969116210938 -0.0344619750976563 0.106109619140625
-0.1453857421875 0.0954437255859375 -0.00390625000000003 0.23712158203125
-0.0997161865234375 0.145309448242188 -0.00930786132812503 0.230682373046875
-0.0135955810546875 0.174606323242188 0.030059814453125 0.146926879882813
0.101226806640625 0.126472473144531 0.048065185546875 0.100006103515625
0.136795043945313 0.0240631103515625 0.0344924926757813 0.0650482177734375
0.119003295898437 -0.0854339599609375 0.02642822265625 0.056610107421875
0.0592117309570312 -0.126213073730469 0.0251846313476563 0.0704574584960938
0.0478134155273437 -0.122154235839844 0.0214462280273438 0.091217041015625
0.0517425537109375 -0.144134521484375 0.00796508789062501 0.121795654296875
0.0872268676757813 -0.129280090332031 -0.0399551391601563 0.114166259765625
0.144332885742188 -0.0604705810546875 -0.0800552368164062 0.0925674438476563
0.15185546875 0.0278778076171875 -0.0843048095703125 0.0254287719726563
0.0665130615234375 0.159530639648438 -0.0463600158691406 -0.0257453918457031
-0.0369873046875 0.190887451171875 0.0181617736816406 0.0448951721191406
-0.121223449707031 0.139053344726562 -0.0827484130859375 0.15692138671875
-0.111885070800781 -0.0127792358398437 -0.045074462890625 0.252883911132813
-0.104156494140625 0.042388916015625 -0.0279083251953125 0.235275268554688
-0.057403564453125 0.0882034301757813 0.0183944702148437 0.136947631835938
0.027740478515625 0.0936431884765625 0.0196456909179687 0.096588134765625
0.0727920532226563 0.0385665893554688 0.00576019287109376 0.075042724609375
0.0832748413085938 -0.0360031127929688 0.00646209716796875 0.0894317626953125
0.0515975952148438 -0.0708389282226563 0.0191650390625 0.112289428710938
0.041839599609375 -0.0726089477539063 0.022430419921875 0.13037109375
0.0462875366210938 -0.0906448364257813 0.0029144287109375 0.16033935546875
0.0688247680664063 -0.0815582275390625 -0.05621337890625 0.150924682617187
0.106315612792969 -0.0313873291015625 -0.100387573242188 0.111557006835938
0.104377746582031 0.0337142944335938 -0.104957580566406 0.0316162109375
0.0233993530273438 0.123695373535156 -0.0576400756835938 -0.0223236083984375
-0.0655136108398437 0.121940612792969 -0.00193786621093751 0.0664215087890625
-0.119964599609375 0.0513992309570313 -0.132049560546875 0.181793212890625
0.0828170776367188 0.056915283203125 0.144744873046875 -0.199539184570313
0.0756607055664063 -0.0419464111328125 0.034454345703125 -0.0714569091796875
0.000122070312500005 -0.0628433227539063 0.0671577453613281 0.0270233154296875
-0.0451927185058594 -0.0341453552246094 0.144744873046875 -0.0255584716796875
-0.0500907897949219 0.00571823120117187 0.12603759765625 -0.124488830566406
-0.0365180969238281 0.0355987548828125 0.0514678955078125 -0.19720458984375
-0.0320281982421875 0.0258159637451172 -0.0174713134765625 -0.200332641601562
-0.0386199951171875 0.01519775390625 -0.0351715087890625 -0.160980224609375
-0.0476226806640625 0.0106201171875 -0.026641845703125 -0.136032104492188
-0.0455207824707031 -0.0256881713867188 -0.00962066650390627 -0.115180969238281
-0.0147476196289062 -0.0600814819335938 -0.0039825439453125 -0.0896835327148437
0.04302978515625 -0.0604286193847656 -0.005340576171875 -0.09808349609375
0.101181030273438 -0.00363922119140625 -0.00822448730468748 -0.151779174804688
0.107208251953125 0.0670547485351563 0.0155029296875 -0.237213134765625
0.0693130493164063 0.113739013671875 0.0688629150390625 -0.256179809570313
0.039886474609375 0.158538818359375 0.174530029296875 -0.160842895507813
0.0856781005859375 0.0594100952148438 0.0577812194824219 -0.0482025146484375
0.0556526184082031 0.0120658874511719 0.0805511474609375 0.0399932861328125
0.0356063842773438 -0.0160102844238281 0.163055419921875 -0.0173187255859375
0.0164852142333984 -0.0237579345703125 0.142608642578125 -0.117568969726562
0.000188827514648438 -0.0305805206298828 0.0660552978515625 -0.19696044921875
-0.0219802856445312 -0.0468521118164062 -0.0085601806640625 -0.20172119140625
-0.0245857238769531 -0.0527229309082031 -0.0305938720703125 -0.156784057617187
-0.0286216735839844 -0.0651283264160156 -0.0202102661132813 -0.127967834472656
-0.000457763671875005 -0.0872039794921875 -0.00688171386718749 -0.109100341796875
0.056427001953125 -0.0836715698242188 -0.006866455078125 -0.0736007690429688
0.114501953125 -0.0379486083984375 -0.0101470947265625 -0.07757568359375
0.132530212402344 0.0759048461914063 -0.023193359375 -0.125244140625
0.1009521484375 0.166793823242188 0.00697326660156252 -0.198013305664063
0.0291595458984375 0.205368041992188 0.069000244140625 -0.20684814453125
-0.0153961181640625 0.24078369140625 0.183700561523438 -0.090789794921875
0.074310302734375 0.161483764648437 0.0726470947265625 -0.00119781494140624
0.102157592773438 0.0998764038085938 0.0909805297851563 0.0640792846679688
0.117965698242188 0.01458740234375 0.171676635742188 0.0032196044921875
0.0886077880859375 -0.044891357421875 0.150726318359375 -0.093231201171875
0.04376220703125 -0.0918197631835938 0.0780792236328125 -0.173263549804688
-0.00675201416015626 -0.113090515136719 0.00434875488281252 -0.177719116210938
-0.00815582275390626 -0.11322021484375 -0.0205612182617188 -0.130104064941406
-0.0103530883789063 -0.131492614746094 -0.0120925903320312 -0.0969924926757813
0.0352249145507812 -0.140083312988281 -0.00979614257812499 -0.0818710327148438
0.112983703613281 -0.106285095214844 -0.0178451538085937 -0.04486083984375
0.16827392578125 -0.03021240234375 -0.0223960876464844 -0.0531883239746094
0.160659790039062 0.12896728515625 -0.0375289916992188 -0.09637451171875
0.0995941162109375 0.235733032226563 0.0029144287109375 -0.147140502929688
-0.00395202636718748 0.266189575195313 0.0550537109375 -0.135299682617187
-0.0738525390625 0.2852783203125 0.16766357421875 0.00497436523437502
0.042022705078125 0.242202758789063 0.07550048828125 0.0664901733398438
0.124282836914063 0.182327270507813 0.0918807983398438 0.0958404541015625
0.183364868164063 0.055877685546875 0.164794921875 0.03387451171875
0.15240478515625 -0.051788330078125 0.143722534179688 -0.0528717041015625
0.0870742797851563 -0.137916564941406 0.0826263427734375 -0.125946044921875
0.012786865234375 -0.1627197265625 0.018218994140625 -0.129173278808594
0.00894165039062501 -0.156219482421875 -0.00666046142578125 -0.0835494995117188
0.0070648193359375 -0.179290771484375 -0.00238037109375 -0.0478630065917969
0.06024169921875 -0.176559448242188 -0.0130233764648437 -0.0370941162109375
0.14971923828125 -0.12176513671875 -0.0300369262695312 -0.00781059265136719
0.201263427734375 -0.0264892578125 -0.0364990234375 -0.026031494140625
0.173675537109375 0.159347534179687 -0.0441322326660156 -0.0693740844726562
0.09124755859375 0.270538330078125 0.00954437255859376 -0.0929412841796875
-0.033416748046875 0.290679931640625 0.0339584350585938 -0.0506744384765625
-0.122817993164063 0.277084350585938 0.126968383789063 0.107551574707031
-0.00898742675781248 0.2747802734375 0.0619659423828125 0.142807006835938
0.108627319335938 0.237350463867188 0.0794830322265625 0.128120422363281
0.208480834960938 0.099822998046875 0.138336181640625 0.0688629150390625
0.19091796875 -0.038543701171875 0.11993408203125 -0.00450897216796875
0.120162963867187 -0.155227661132813 0.0756454467773438 -0.06219482421875
0.032012939453125 -0.185638427734375 0.0283203125 -0.0630340576171875
0.02471923828125 -0.174896240234375 0.00758552551269531 -0.0243663787841797
0.023040771484375 -0.201370239257813 0.0074605941772461 0.011561393737793
0.076171875 -0.190017700195313 -0.0176563262939453 0.0173244476318359
0.1685791015625 -0.121749877929688 -0.0435600280761719 0.0337791442871094
0.21063232421875 -0.01654052734375 -0.0511512756347656 -0.0019378662109375
0.16278076171875 0.1756591796875 -0.0446968078613281 -0.0485496520996094
0.0648956298828125 0.274398803710938 0.0225563049316406 -0.0397186279296875
-0.065521240234375 0.277023315429688 0.00604629516601562 0.0360565185546875
-0.149581909179687 0.21575927734375 0.0708770751953125 0.197341918945313
-0.05999755859375 0.24517822265625 0.0341644287109375 0.207962036132813
0.059844970703125 0.239990234375 0.0586395263671875 0.150711059570313
0.183563232421875 0.1279296875 0.0979385375976563 0.0958328247070313
0.18939208984375 -0.012451171875 0.0822372436523438 0.040130615234375
0.13262939453125 -0.14141845703125 0.0577774047851563 0.00409698486328124
0.0464324951171875 -0.177505493164062 0.0333938598632813 0.00864219665527343
0.035980224609375 -0.166839599609375 0.0206031799316406 0.0380935668945312
0.0351409912109375 -0.193756103515625 0.0143051147460938 0.0732803344726563
0.084014892578125 -0.179061889648437 -0.02484130859375 0.0732421875
0.168014526367188 -0.10516357421875 -0.0600814819335937 0.0719223022460938
0.197479248046875 0.000335693359375 -0.0680961608886719 0.0180549621582031
0.130340576171875 0.178863525390625 -0.0458946228027344 -0.03472900390625
0.0229034423828125 0.253036499023438 0.0288810729980469 0.00686073303222658
-0.096038818359375 0.230438232421875 -0.0313720703125 0.113540649414063
-0.146896362304687 0.114501953125 0.011749267578125 0.256912231445313
-0.094818115234375 0.162551879882813 0.00242614746093747 0.247329711914063
-0.000610351562499995 0.187225341796875 0.0368194580078125 0.156494140625
0.12017822265625 0.12664794921875 0.0560379028320313 0.107574462890625
0.148086547851562 0.01446533203125 0.0424957275390625 0.069091796875
0.119575500488281 -0.101127624511719 0.0345344543457031 0.0589332580566406
0.052001953125 -0.139030456542969 0.0326385498046875 0.0720672607421875
0.0406875610351562 -0.13385009765625 0.0292282104492188 0.094970703125
0.0420379638671875 -0.157669067382813 0.0171661376953125 0.127784729003906
0.0809783935546875 -0.144638061523438 -0.03594970703125 0.123825073242187
0.148727416992188 -0.0771942138671875 -0.0790176391601562 0.104278564453125
0.16455078125 0.0173492431640625 -0.08856201171875 0.0325469970703125
0.0849151611328125 0.166061401367188 -0.0513038635253906 -0.02545166015625
-0.0228729248046875 0.206085205078125 0.022552490234375 0.045074462890625
-0.118988037109375 0.156524658203125 -0.078643798828125 0.172653198242188
-0.118804931640625 -0.00514984130859376 -0.03143310546875 0.276535034179687
-0.107292175292969 0.0534210205078125 -0.0174102783203125 0.25396728515625
-0.0538558959960938 0.0987167358398437 0.02484130859375 0.146209716796875
0.0383987426757813 0.0975265502929688 0.0261688232421875 0.105094909667969
0.08056640625 0.034942626953125 0.0125808715820313 0.0821914672851562
0.0849151611328125 -0.0454635620117188 0.0160064697265625 0.095458984375
0.0486679077148437 -0.0789794921875 0.029571533203125 0.117424011230469
0.03826904296875 -0.0802536010742188 0.0337066650390625 0.135826110839844
0.0414810180664063 -0.100006103515625 0.0146026611328125 0.168869018554688
0.0656967163085938 -0.0928573608398438 -0.0490570068359375 0.163681030273438
0.110588073730469 -0.0423965454101563 -0.0991973876953125 0.126274108886719
0.113388061523438 0.0279388427734375 -0.109962463378906 0.0409774780273438
0.0353164672851563 0.130691528320313 -0.0629692077636719 -0.0214920043945312
-0.0598678588867188 0.1343994140625 0.0030975341796875 0.0687103271484375
-0.123931884765625 0.0620193481445312 -0.130081176757813 0.202774047851563
0.0930328369140625 0.0522079467773437 0.13427734375 -0.22802734375
0.07666015625 -0.051971435546875 0.0289154052734375 -0.0794448852539063
-0.00562286376953125 -0.0660514831542969 0.0736541748046875 0.0240020751953125
-0.0511665344238281 -0.0309410095214844 0.152481079101563 -0.039581298828125
-0.0517807006835938 0.0112800598144531 0.122268676757813 -0.14349365234375
-0.0349884033203125 0.040252685546875 0.0347137451171875 -0.212142944335938
-0.0306987762451172 0.0304107666015625 -0.0398101806640625 -0.209930419921875
-0.039398193359375 0.0204010009765625 -0.054901123046875 -0.165603637695313
-0.0493583679199219 0.0167427062988281 -0.04388427734375 -0.140518188476563
-0.0506248474121094 -0.0213241577148437 -0.023834228515625 -0.121200561523438
-0.0217208862304687 -0.0616912841796875 -0.0147933959960938 -0.0976638793945313
0.0396728515625 -0.0682296752929688 -0.0148239135742188 -0.108016967773438
0.106094360351563 -0.0147781372070313 -0.01995849609375 -0.161117553710937
0.119911193847656 0.0600662231445312 -0.00483703613281251 -0.253204345703125
0.0849609375 0.114723205566406 0.048126220703125 -0.28314208984375
0.058563232421875 0.165679931640625 0.170761108398438 -0.1898193359375
0.0976791381835938 0.0540084838867188 0.0554885864257813 -0.056732177734375
0.0618209838867187 0.0074310302734375 0.088836669921875 0.0370025634765625
0.0365638732910156 -0.0208778381347656 0.171661376953125 -0.0317230224609375
0.0153388977050781 -0.026641845703125 0.140495300292969 -0.137222290039063
-0.00282859802246093 -0.0341701507568359 0.0510406494140625 -0.214691162109375
-0.028533935546875 -0.0477027893066406 -0.03033447265625 -0.21160888671875
-0.0324897766113281 -0.0529327392578125 -0.049102783203125 -0.162017822265625
-0.0379295349121094 -0.0657844543457031 -0.0361862182617187 -0.132362365722656
-0.0103225708007813 -0.092193603515625 -0.0216751098632813 -0.114891052246094
0.0514068603515625 -0.0938949584960938 -0.0170135498046875 -0.0797195434570313
0.118034362792969 -0.052978515625 -0.0178146362304687 -0.086151123046875
0.148727416992188 0.0670013427734375 -0.0337295532226562 -0.132240295410156
0.125091552734375 0.166763305664063 -0.0103759765625 -0.211868286132813
0.0516815185546875 0.21649169921875 0.0518341064453125 -0.231063842773438
0.00830078125 0.258743286132813 0.187545776367188 -0.115646362304687
0.0965576171875 0.163436889648438 0.075836181640625 -0.00758361816406249
0.120346069335938 0.0948715209960938 0.100975036621094 0.0619735717773438
0.127571105957031 0.00287628173828125 0.18280029296875 -0.0103912353515625
0.08978271484375 -0.0574111938476563 0.151901245117187 -0.11163330078125
0.0368881225585938 -0.104087829589844 0.0666046142578125 -0.190414428710938
-0.0187530517578125 -0.11962890625 -0.0133209228515625 -0.187774658203125
-0.0208358764648438 -0.11871337890625 -0.035797119140625 -0.134635925292969
-0.0261001586914063 -0.138809204101563 -0.024871826171875 -0.100433349609375
0.0209808349609375 -0.152420043945313 -0.022369384765625 -0.0850143432617188
0.107986450195312 -0.125373840332031 -0.0262222290039063 -0.0484199523925781
0.176437377929687 -0.0501251220703125 -0.0285453796386719 -0.0581550598144531
0.185760498046875 0.11993408203125 -0.0467605590820312 -0.100517272949219
0.131500244140625 0.239547729492188 -0.0104217529296875 -0.158126831054688
0.02288818359375 0.28466796875 0.0431976318359375 -0.153366088867187
-0.048553466796875 0.31121826171875 0.179718017578125 -0.012176513671875
0.071136474609375 0.252059936523437 0.084869384765625 0.0640029907226563
0.1529541015625 0.181045532226562 0.103828430175781 0.0961990356445313
0.201446533203125 0.039154052734375 0.177413940429688 0.023590087890625
0.157119750976562 -0.0714263916015625 0.14849853515625 -0.0673980712890625
0.0771026611328125 -0.156723022460938 0.0767822265625 -0.140304565429688
-0.0040740966796875 -0.173690795898438 0.00609588623046875 -0.138031005859375
-0.00765991210937499 -0.166046142578125 -0.0166854858398438 -0.0873336791992188
-0.013153076171875 -0.190597534179687 -0.00899124145507813 -0.0498046875
0.0425262451171875 -0.193588256835938 -0.0215377807617187 -0.0378608703613281
0.144927978515625 -0.14599609375 -0.0352973937988281 -0.00624847412109375
0.211837768554688 -0.05072021484375 -0.0409011840820312 -0.0275993347167969
0.203720092773438 0.14996337890625 -0.0515899658203125 -0.0720901489257812
0.127792358398438 0.276412963867188 0.00189971923828127 -0.100875854492187
-0.00653076171874998 0.3131103515625 0.029083251953125 -0.0609893798828125
-0.10125732421875 0.3077392578125 0.146957397460938 0.10198974609375
0.019317626953125 0.29156494140625 0.077667236328125 0.14556884765625
0.141571044921875 0.239944458007813 0.0931549072265625 0.131820678710938
0.233139038085938 0.083160400390625 0.15240478515625 0.0638580322265625
0.199188232421875 -0.0618133544921875 0.128143310546875 -0.0135116577148438
0.110366821289062 -0.179092407226563 0.076202392578125 -0.072723388671875
0.013519287109375 -0.199905395507813 0.0242958068847656 -0.0697479248046875
0.006195068359375 -0.187835693359375 0.00465583801269531 -0.0265979766845703
0.000488281250000016 -0.215225219726563 0.00790596008300781 0.0120096206665039
0.05804443359375 -0.210418701171875 -0.0197906494140625 0.0202140808105469
0.1649169921875 -0.148330688476563 -0.0448112487792969 0.0392417907714844
0.222320556640625 -0.0413818359375 -0.0537033081054687 0.000770568847656252
0.194015502929687 0.168960571289062 -0.0509300231933594 -0.0498542785644531
0.10003662109375 0.283782958984375 0.0193023681640625 -0.0466232299804687
-0.041259765625 0.30157470703125 0.00752830505371093 0.0350379943847656
-0.135589599609375 0.24554443359375 0.0957794189453125 0.205734252929688
-0.0380706787109375 0.265762329101563 0.0544586181640625 0.218307495117188
0.090087890625 0.247940063476562 0.07281494140625 0.157257080078125
0.209609985351563 0.115982055664063 0.111854553222656 0.0961074829101563
0.2000732421875 -0.0336151123046875 0.092529296875 0.03704833984375
0.124954223632812 -0.165924072265625 0.0643386840820313 -0.00123596191406251
0.0297698974609375 -0.192611694335937 0.0368919372558594 0.00551223754882811
0.018951416015625 -0.180267333984375 0.0247421264648438 0.0376777648925781
0.0146331787109375 -0.2091064453125 0.0221939086914062 0.0753707885742187
0.067840576171875 -0.19921875 -0.0209732055664063 0.080291748046875
0.166732788085938 -0.130783081054687 -0.0573806762695312 0.082000732421875
0.210540771484375 -0.0217132568359375 -0.0696449279785156 0.0248680114746094
0.159744262695313 0.176132202148438 -0.051666259765625 -0.0343437194824219
0.0531768798828125 0.265182495117188 0.0311336517333984 0.00193786621093752
-0.0794830322265625 0.254531860351562 -0.0238418579101563 0.121955871582031
-0.142349243164063 0.137619018554688 0.0387420654296875 0.274856567382813
-0.083251953125 0.182418823242188 0.0245361328125 0.263320922851562
0.0203399658203125 0.199020385742188 0.050048828125 0.165252685546875
0.141876220703125 0.120574951171875 0.068603515625 0.111801147460938
0.158782958984375 -0.0004119873046875 0.0532760620117188 0.0721206665039062
0.115715026855469 -0.121253967285156 0.0458259582519531 0.0591812133789063
0.0399322509765625 -0.153030395507813 0.0431137084960938 0.073028564453125
0.0282745361328125 -0.145645141601563 0.03985595703125 0.0961761474609375
0.026580810546875 -0.172073364257813 0.0310745239257813 0.133323669433594
0.0686187744140625 -0.162826538085938 -0.02630615234375 0.135009765625
0.14947509765625 -0.0983734130859375 -0.07379150390625 0.118362426757812
0.177139282226563 0.0008697509765625 -0.0896453857421875 0.0426254272460938
0.10906982421875 0.167129516601562 -0.0569992065429687 -0.0241584777832031
-0.00134277343749998 0.219940185546875 0.0282516479492188 0.0430793762207031
-0.110565185546875 0.177322387695313 -0.0674285888671875 0.189407348632813
-0.125717163085938 0.00753021240234373 -0.00503540039062499 0.30157470703125
-0.107254028320313 0.0675582885742187 0.00427246093749997 0.273025512695313
-0.046142578125 0.110992431640625 0.0366668701171875 0.155487060546875
0.0521316528320312 0.0986328125 0.0361251831054687 0.11309814453125
0.0898208618164063 0.0279769897460938 0.0235824584960938 0.08831787109375
0.0847396850585938 -0.0577621459960938 0.0293045043945313 0.0995254516601563
0.0430526733398438 -0.0892410278320313 0.0446243286132812 0.12017822265625
0.0316085815429688 -0.0891036987304688 0.0489730834960938 0.138999938964844
0.0322723388671875 -0.1107177734375 0.0330810546875 0.176986694335938
0.0589447021484375 -0.105171203613281 -0.0356903076171875 0.178268432617188
0.112983703613281 -0.0572509765625 -0.0928497314453125 0.143630981445313
0.123458862304688 0.0177688598632813 -0.112159729003906 0.0537490844726562
0.0517578125 0.135719299316406 -0.069122314453125 -0.0187911987304687
-0.0487823486328125 0.147354125976563 0.0103912353515625 0.0699844360351563
-0.125762939453125 0.0763626098632813 -0.117431640625 0.228271484375
0.102165222167969 0.0436477661132812 0.112716674804687 -0.25323486328125
0.07318115234375 -0.0630416870117188 0.0190048217773438 -0.0861434936523438
-0.0126838684082031 -0.0671463012695313 0.0791473388671875 0.0188751220703125
-0.0566520690917969 -0.0257949829101563 0.154937744140625 -0.057464599609375
-0.0521621704101563 0.0183753967285156 0.111572265625 -0.161361694335938
-0.0315971374511719 0.0451316833496094 0.0123443603515625 -0.222320556640625
-0.0276813507080078 0.0344104766845703 -0.065216064453125 -0.210235595703125
-0.0373420715332031 0.027099609375 -0.0763397216796875 -0.162750244140625
-0.0486526489257813 0.0241470336914063 -0.0638046264648438 -0.138763427734375
-0.0549354553222656 -0.0153388977050781 -0.040924072265625 -0.122116088867187
-0.0300788879394531 -0.0596046447753906 -0.0291976928710937 -0.101707458496094
0.032470703125 -0.0755538940429687 -0.027496337890625 -0.11468505859375
0.107315063476563 -0.0277633666992188 -0.0354461669921875 -0.165557861328125
0.130325317382813 0.0486984252929688 -0.0312042236328125 -0.262313842773438
0.101005554199219 0.10986328125 0.01654052734375 -0.30267333984375
0.0790557861328125 0.166229248046875 0.153915405273438 -0.2181396484375
0.107452392578125 0.0442962646484375 0.0494766235351563 -0.0655746459960938
0.0661659240722656 -9.1552734375E-05 0.096099853515625 0.030670166015625
0.0359649658203125 -0.0261039733886719 0.175094604492188 -0.05047607421875
0.0135364532470703 -0.0304298400878906 0.130996704101563 -0.155654907226563
-0.00756454467773437 -0.0373039245605469 0.028289794921875 -0.22625732421875
-0.0350532531738281 -0.0454826354980469 -0.0561981201171875 -0.214309692382813
-0.0396919250488281 -0.0509567260742188 -0.0707244873046875 -0.160842895507813
-0.0484199523925781 -0.0633468627929688 -0.0543136596679688 -0.131858825683594
-0.02252197265625 -0.0934295654296875 -0.0389022827148438 -0.115806579589844
0.0416259765625 -0.103240966796875 -0.0296173095703125 -0.08306884765625
0.115562438964844 -0.068634033203125 -0.0280914306640625 -0.0925445556640625
0.161895751953125 0.05126953125 -0.046905517578125 -0.134880065917969
0.148452758789063 0.15814208984375 -0.032623291015625 -0.218887329101563
0.078521728515625 0.21978759765625 0.026123046875 -0.249069213867187
0.03900146484375 0.268051147460938 0.181106567382813 -0.142318725585937
0.120101928710938 0.156707763671875 0.0766754150390625 -0.01641845703125
0.137428283691406 0.0837631225585938 0.11083984375 0.05633544921875
0.134010314941406 -0.0133819580078125 0.188491821289062 -0.0282745361328125
0.0863265991210938 -0.0706634521484375 0.146484375 -0.130096435546875
0.0242919921875 -0.113677978515625 0.04779052734375 -0.203964233398438
-0.0342025756835938 -0.121963500976563 -0.0368804931640625 -0.191497802734375
-0.035980224609375 -0.1197509765625 -0.0537643432617188 -0.133575439453125
-0.04486083984375 -0.139602661132813 -0.039093017578125 -0.100128173828125
0.00164794921874999 -0.160003662109375 -0.03607177734375 -0.0843658447265625
0.0955963134765625 -0.143356323242188 -0.0346641540527344 -0.0476608276367188
0.1771240234375 -0.073944091796875 -0.0364952087402344 -0.0615577697753906
0.206375122070313 0.10113525390625 -0.05706787109375 -0.101150512695313
0.165451049804687 0.2314453125 -0.0268402099609375 -0.163238525390625
0.05645751953125 0.293914794921875 0.024749755859375 -0.167449951171875
-0.013031005859375 0.32781982421875 0.186050415039063 -0.033172607421875
0.103179931640625 0.250717163085938 0.094024658203125 0.0569686889648438
0.181060791015625 0.168258666992188 0.116203308105469 0.0919570922851563
0.214874267578125 0.0151519775390625 0.186386108398438 0.00823974609375
0.15423583984375 -0.0937347412109375 0.147201538085938 -0.0844879150390625
0.0597381591796875 -0.173004150390625 0.0651092529296875 -0.1536865234375
-0.0258636474609375 -0.179428100585938 -0.00959777832031249 -0.143081665039063
-0.0290679931640625 -0.170272827148438 -0.0289230346679688 -0.088043212890625
-0.0382537841796875 -0.195632934570313 -0.0166358947753906 -0.0503158569335938
0.0188446044921875 -0.205734252929688 -0.0300941467285156 -0.0357589721679688
0.131561279296875 -0.170867919921875 -0.0394859313964844 -0.00300216674804688
0.213348388671875 -0.0785980224609375 -0.0452804565429687 -0.0283241271972656
0.230255126953125 0.12969970703125 -0.0601654052734375 -0.0714569091796875
0.167068481445313 0.269332885742188 -0.00901794433593749 -0.106521606445312
0.029541015625 0.3258056640625 0.0205039978027344 -0.07000732421875
-0.06707763671875 0.33074951171875 0.165298461914062 0.08953857421875
0.055572509765625 0.29766845703125 0.0950164794921875 0.142120361328125
0.176544189453125 0.230987548828125 0.107955932617188 0.129951477050781
0.251922607421875 0.056488037109375 0.16436767578125 0.052764892578125
0.198562622070313 -0.0881195068359375 0.132911682128906 -0.0257492065429688
0.09130859375 -0.1995849609375 0.0728530883789063 -0.083984375
-0.0106353759765625 -0.207870483398438 0.01776123046875 -0.0754623413085938
-0.016815185546875 -0.194671630859375 0.000629425048828122 -0.0283584594726563
-0.0278167724609375 -0.222442626953125 0.00855445861816406 0.0115060806274414
0.0316314697265625 -0.224273681640625 -0.0215873718261719 0.0234565734863281
0.151748657226563 -0.174819946289063 -0.0432167053222656 0.0458946228027344
0.225921630859375 -0.071319580078125 -0.0547523498535156 0.00327682495117187
0.223297119140625 0.149505615234375 -0.0578422546386719 -0.0484085083007812
0.139205932617188 0.280044555664063 0.0147857666015625 -0.0522270202636719
-0.00738525390624998 0.318115234375 0.009368896484375 0.0328826904296875
-0.109161376953125 0.27117919921875 0.124130249023438 0.20269775390625
-0.00781250000000001 0.2784423828125 0.0789642333984375 0.220077514648438
0.123672485351562 0.245498657226562 0.08966064453125 0.157424926757813
0.231491088867188 0.0929107666015625 0.124778747558594 0.0909881591796875
0.203140258789062 -0.0596771240234375 0.101547241210938 0.0303115844726563
0.10797119140625 -0.187530517578125 0.0688819885253906 -0.00851440429687501
0.00689697265625 -0.202926635742188 0.0393409729003906 0.000648498535156238
-0.002685546875 -0.188934326171875 0.0288257598876953 0.0348091125488281
-0.0117950439453125 -0.217803955078125 0.0311431884765625 0.07464599609375
0.042999267578125 -0.214157104492188 -0.0142974853515625 0.0849075317382812
0.155166625976563 -0.158355712890625 -0.050811767578125 0.0905075073242187
0.215194702148438 -0.04901123046875 -0.0690155029296875 0.0311431884765625
0.18878173828125 0.162002563476563 -0.0566024780273438 -0.032562255859375
0.087921142578125 0.266204833984375 0.0315876007080078 -0.0041065216064453
-0.0526580810546875 0.273269653320313 -0.0125198364257813 0.127174377441406
-0.129440307617187 0.159896850585938 0.073394775390625 0.28265380859375
-0.063934326171875 0.197662353515625 0.0535736083984375 0.270339965820312
0.0449066162109375 0.204086303710937 0.0672607421875 0.168441772460937
0.161788940429688 0.1064453125 0.0820693969726563 0.112373352050781
0.165130615234375 -0.0211944580078125 0.0650787353515625 0.0711288452148438
0.103988647460938 -0.140396118164063 0.0574111938476563 0.055816650390625
0.0218963623046875 -0.162261962890625 0.0534515380859375 0.0687255859375
0.010772705078125 -0.154586791992188 0.0511932373046875 0.0924606323242187
0.00471496582031248 -0.180984497070312 0.0471343994140625 0.132514953613281
0.04986572265625 -0.176422119140625 -0.01287841796875 0.141754150390625
0.141754150390625 -0.121261596679688 -0.0638504028320312 0.129875183105469
0.182540893554688 -0.02117919921875 -0.086761474609375 0.052825927734375
0.135162353515625 0.159271240234375 -0.0615959167480469 -0.0205726623535156
0.0263671875 0.226119995117188 0.0338897705078125 0.03887939453125
-0.09375 0.196746826171875 -0.04876708984375 0.203170776367188
-0.127830505371094 0.0233917236328125 0.030914306640625 0.31597900390625
-0.102020263671875 0.0820159912109375 0.033233642578125 0.284881591796875
-0.03436279296875 0.1199951171875 0.0517730712890625 0.159912109375
0.065948486328125 0.0948028564453125 0.0496826171875 0.117179870605469
0.0964126586914063 0.017425537109375 0.036041259765625 0.0909881591796875
0.0802154541015625 -0.0705108642578125 0.04449462890625 0.09832763671875
0.0326690673828125 -0.0974578857421875 0.0612411499023438 0.1181640625
0.0217666625976562 -0.0962448120117187 0.066375732421875 0.13690185546875
0.0205001831054687 -0.118804931640625 0.0545501708984375 0.177902221679688
0.0474777221679688 -0.115638732910156 -0.0171661376953125 0.187332153320313
0.109573364257812 -0.0736160278320312 -0.079620361328125 0.159286499023438
0.130203247070313 0.00377655029296875 -0.110084533691406 0.0666656494140625
0.0710372924804688 0.133430480957031 -0.0736312866210937 -0.0129928588867187
-0.032867431640625 0.157073974609375 0.0187950134277344 0.0694694519042969
-0.121566772460938 0.0930328369140625 -0.095703125 0.249114990234375
0.10699462890625 0.0349807739257813 0.0860443115234375 -0.268707275390625
0.0660858154296875 -0.0729904174804688 0.00798797607421875 -0.0887985229492188
-0.018829345703125 -0.0668220520019531 0.0813827514648438 0.0129318237304687
-0.0595550537109375 -0.0190391540527344 0.1512451171875 -0.0719757080078125
-0.048309326171875 0.0238037109375 0.0959320068359375 -0.17315673828125
-0.0276222229003906 0.0487289428710938 -0.0100860595703125 -0.223587036132813
-0.0251502990722656 0.0372428894042969 -0.0888671875 -0.204788208007813
-0.0346698760986328 0.0315742492675781 -0.0934600830078125 -0.154006958007813
-0.0454788208007813 0.0298042297363281 -0.0799942016601563 -0.132644653320313
-0.0568313598632812 -0.00936126708984375 -0.0568389892578125 -0.117515563964844
-0.0371055603027344 -0.0553436279296875 -0.0423660278320313 -0.10113525390625
0.0249099731445312 -0.0792388916015625 -0.0412368774414063 -0.11651611328125
0.105331420898438 -0.038482666015625 -0.0501861572265625 -0.164260864257812
0.137054443359375 0.0359878540039063 -0.05633544921875 -0.262542724609375
0.114738464355469 0.100532531738281 -0.017547607421875 -0.310272216796875
0.0979461669921875 0.158950805664063 0.134658813476563 -0.23858642578125
0.113800048828125 0.0328598022460938 0.0411758422851563 -0.0711517333984375
0.0677032470703125 -0.00676345825195313 0.0996627807617187 0.0247879028320312
0.0342311859130859 -0.0314960479736328 0.172561645507813 -0.0677642822265625
0.0111541748046875 -0.0324554443359375 0.1181640625 -0.1695556640625
-0.0127754211425781 -0.0374679565429688 0.00444030761718751 -0.229232788085938
-0.0406341552734375 -0.0438041687011719 -0.079559326171875 -0.208389282226563
-0.0461235046386719 -0.0459060668945313 -0.088226318359375 -0.151214599609375
-0.0551490783691406 -0.05767822265625 -0.0707015991210937 -0.126426696777344
-0.0339508056640625 -0.0908737182617188 -0.0535049438476563 -0.110343933105469
0.0300750732421875 -0.108665466308594 -0.0402450561523438 -0.0815582275390625
0.109115600585938 -0.0832061767578125 -0.0382614135742188 -0.093994140625
0.168548583984375 0.0334014892578125 -0.0570602416992188 -0.133163452148438
0.168807983398438 0.14263916015625 -0.052886962890625 -0.218704223632813
0.102951049804688 0.214599609375 -0.00190734863281248 -0.258590698242188
0.06817626953125 0.266403198242188 0.168060302734375 -0.16387939453125
0.13873291015625 0.14385986328125 0.073638916015625 -0.024688720703125
0.149398803710938 0.0684661865234375 0.117164611816406 0.0496063232421875
0.133575439453125 -0.0279693603515625 0.187240600585938 -0.04461669921875
0.0791168212890625 -0.0811843872070313 0.135147094726563 -0.144882202148438
0.0113983154296875 -0.117599487304688 0.0283050537109375 -0.2086181640625
-0.04730224609375 -0.118782043457031 -0.056488037109375 -0.186630249023437
-0.049407958984375 -0.115028381347656 -0.068878173828125 -0.126792907714844
-0.0612106323242188 -0.136207580566406 -0.0514678955078125 -0.0958709716796875
-0.0169677734375 -0.159957885742187 -0.0493392944335938 -0.08038330078125
0.081573486328125 -0.1556396484375 -0.0418510437011719 -0.0458106994628906
0.170379638671875 -0.0949859619140625 -0.0436592102050781 -0.0633659362792969
0.219757080078125 0.0782470703125 -0.0654144287109375 -0.09912109375
0.192489624023438 0.2138671875 -0.04254150390625 -0.164031982421875
0.0885009765625 0.29083251953125 0.00473022460937501 -0.174850463867187
0.02325439453125 0.333343505859375 0.184326171875 -0.055450439453125
0.132614135742188 0.239990234375 0.0986785888671875 0.0465621948242188
0.202102661132813 0.149444580078125 0.126152038574219 0.08355712890625
0.217300415039063 -0.008453369140625 0.188858032226563 -0.006561279296875
0.14447021484375 -0.11199951171875 0.142074584960938 -0.0984344482421875
0.038787841796875 -0.182693481445313 0.0516357421875 -0.1611328125
-0.0466766357421875 -0.177566528320312 -0.0260162353515625 -0.142013549804688
-0.04876708984375 -0.168533325195313 -0.0397872924804687 -0.0845718383789063
-0.0630340576171875 -0.191757202148438 -0.0237579345703125 -0.0489120483398438
-0.00631713867187501 -0.20855712890625 -0.0367584228515625 -0.0314750671386719
0.112838745117187 -0.186691284179688 -0.0416831970214844 -0.000312805175781256
0.205795288085938 -0.104446411132813 -0.0494041442871094 -0.0276527404785156
0.247482299804688 0.105361938476563 -0.0659103393554687 -0.0684242248535156
0.197601318359375 0.252593994140625 -0.0193710327148437 -0.108299255371094
0.06488037109375 0.326873779296875 0.00968170166015626 -0.0744400024414062
-0.030975341796875 0.342681884765625 0.176864624023438 0.0723876953125
0.08831787109375 0.2926025390625 0.109237670898438 0.131790161132813
0.203170776367188 0.212631225585938 0.119522094726563 0.123481750488281
0.259506225585938 0.0267486572265625 0.172134399414063 0.0401611328125
0.1895751953125 -0.111648559570312 0.132713317871094 -0.0380783081054688
0.066680908203125 -0.212448120117187 0.066986083984375 -0.0919418334960938
-0.0341033935546875 -0.208770751953125 0.00939178466796876 -0.0779190063476563
-0.038818359375 -0.195266723632812 -0.00386619567871094 -0.0288944244384766
-0.0535430908203125 -0.221038818359375 0.00808143615722656 0.0101032257080078
0.00564575195312499 -0.229339599609375 -0.0223197937011719 0.0271224975585937
0.132522583007813 -0.19512939453125 -0.040313720703125 0.0510940551757812
0.219879150390625 -0.098907470703125 -0.0557365417480469 0.00558853149414062
0.240890502929688 0.125350952148438 -0.0621261596679687 -0.0456581115722656
0.17254638671875 0.264785766601563 0.00945281982421876 -0.0570602416992187
0.026092529296875 0.321380615234375 0.0110607147216797 0.0306129455566406
-0.0792236328125 0.28546142578125 0.148178100585938 0.190948486328125
0.0230560302734375 0.279098510742188 0.101272583007812 0.213790893554688
0.152053833007813 0.233795166015625 0.103256225585938 0.154403686523438
0.24224853515625 0.06707763671875 0.135772705078125 0.08245849609375
0.19708251953125 -0.083709716796875 0.107200622558594 0.0225982666015625
0.0862579345703125 -0.202362060546875 0.0706253051757813 -0.0168304443359375
-0.0171356201171875 -0.20587158203125 0.0401725769042969 -0.00395584106445314
-0.0249176025390625 -0.189071655273438 0.0305843353271484 0.0316219329833984
-0.03802490234375 -0.217880249023438 0.0380172729492188 0.0705413818359375
0.0171356201171875 -0.22027587890625 -0.00799560546874999 0.0873794555664062
0.139129638671875 -0.177947998046875 -0.0411758422851562 0.0966339111328125
0.212326049804688 -0.074371337890625 -0.0656547546386719 0.0353431701660156
0.209442138671875 0.140625 -0.0611915588378906 -0.0291023254394531
0.11907958984375 0.257644653320313 0.0318412780761719 -0.0102119445800781
-0.023101806640625 0.281768798828125 -0.00115966796875 0.128028869628906
-0.111419677734375 0.174911499023438 0.104995727539063 0.278976440429688
-0.0428466796875 0.206695556640625 0.0809783935546875 0.267715454101563
0.0688629150390625 0.2000732421875 0.0806884765625 0.166152954101563
0.174850463867188 0.0878448486328125 0.0923690795898438 0.107398986816406
0.162994384765625 -0.038665771484375 0.0739822387695313 0.066131591796875
0.089324951171875 -0.154510498046875 0.0650100708007813 0.0480728149414062
0.00292968749999999 -0.167068481445313 0.0626335144042969 0.0625228881835937
-0.00694274902343749 -0.157272338867187 0.0602569580078125 0.0882644653320312
-0.0175018310546875 -0.184112548828125 0.0618515014648438 0.127716064453125
0.0288543701171875 -0.182403564453125 0.000640869140625003 0.144882202148437
0.128730773925781 -0.139694213867188 -0.050079345703125 0.137039184570313
0.183074951171875 -0.0417022705078125 -0.0828323364257812 0.0607223510742188
0.1553955078125 0.145111083984375 -0.0655899047851562 -0.0173912048339844
0.0518646240234375 0.222854614257813 0.0377273559570313 0.0330924987792969
-0.0743408203125 0.2078857421875 -0.028839111328125 0.210174560546875
-0.123847961425781 0.0359573364257813 0.066131591796875 0.318450927734375
-0.09295654296875 0.0933456420898437 0.06292724609375 0.283966064453125
-0.0200042724609375 0.124404907226563 0.065765380859375 0.1585693359375
0.0763092041015625 0.085968017578125 0.0619125366210938 0.116073608398438
0.0988998413085937 0.00566864013671875 0.047271728515625 0.0893630981445313
0.0716552734375 -0.0806808471679688 0.0582733154296875 0.0942001342773438
0.0217208862304688 -0.102699279785156 0.0744400024414063 0.111175537109375
0.0107955932617187 -0.0983352661132813 0.0799484252929688 0.129379272460938
0.00482177734375 -0.122627258300781 0.0744476318359375 0.172012329101563
0.0348434448242188 -0.122825622558594 0.00282287597656252 0.190032958984375
0.102073669433594 -0.0867767333984375 -0.062530517578125 0.169036865234375
0.130775451660156 -0.00894927978515625 -0.103790283203125 0.07818603515625
0.0866546630859375 0.126380920410156 -0.0769577026367187 -0.00806427001953126
-0.0166778564453125 0.16015625 0.0260810852050781 0.0660057067871094
-0.11236572265625 0.105873107910156 -0.0705108642578125 0.261215209960938
0.109375 0.0262680053710938 0.0629425048828125 -0.277328491210938
0.0615005493164062 -0.0777206420898437 -0.00149536132812501 -0.0885848999023438
-0.0238761901855469 -0.0648117065429688 0.082672119140625 0.0093994140625
-0.0602264404296875 -0.0148773193359375 0.146575927734375 -0.083984375
-0.0471954345703125 0.0284500122070313 0.0843048095703125 -0.179901123046875
-0.0244483947753906 0.0502090454101563 -0.0285491943359375 -0.221145629882812
-0.0215187072753906 0.0389556884765625 -0.105697631835938 -0.195632934570312
-0.0315475463867188 0.0352668762207031 -0.1080322265625 -0.144210815429688
-0.0428810119628906 0.0347976684570313 -0.0919876098632812 -0.123947143554688
-0.0563392639160156 -0.00361633300781249 -0.0681686401367187 -0.112800598144531
-0.0416145324707031 -0.0518035888671875 -0.0532379150390625 -0.100166320800781
0.0168304443359375 -0.08135986328125 -0.0513076782226563 -0.116874694824219
0.100509643554688 -0.04779052734375 -0.0594482421875 -0.1632080078125
0.139358520507813 0.0247573852539063 -0.074981689453125 -0.259017944335938
0.123062133789063 0.0928497314453125 -0.043426513671875 -0.313568115234375
0.11102294921875 0.153427124023438 0.1126708984375 -0.251068115234375
0.116912841796875 0.0223770141601563 0.03375244140625 -0.0744781494140625
0.0689659118652344 -0.0128135681152344 0.101325988769531 0.0192108154296875
0.0322380065917969 -0.0344467163085938 0.168548583984375 -0.0795745849609375
0.00759506225585938 -0.0332374572753906 0.105453491210938 -0.178024291992188
-0.0172576904296875 -0.0357933044433594 -0.0127716064453125 -0.229248046875
-0.0449295043945313 -0.0396766662597656 -0.0965423583984375 -0.2012939453125
-0.0489425659179687 -0.0406875610351563 -0.10174560546875 -0.142807006835938
-0.0613937377929687 -0.05169677734375 -0.0824508666992187 -0.118743896484375
-0.0422134399414063 -0.0875625610351563 -0.0655975341796875 -0.105827331542969
0.0207061767578125 -0.111045837402344 -0.0503005981445313 -0.08013916015625
0.102104187011719 -0.0920181274414063 -0.0476150512695312 -0.0947723388671875
0.171310424804688 0.0196533203125 -0.0657424926757812 -0.130813598632813
0.180709838867187 0.129318237304688 -0.06903076171875 -0.216751098632813
0.120285034179687 0.208084106445313 -0.024810791015625 -0.2613525390625
0.0907745361328125 0.262237548828125 0.15423583984375 -0.179473876953125
0.150390625 0.13275146484375 0.0697250366210938 -0.0305061340332031
0.156387329101563 0.056640625 0.119476318359375 0.0432662963867188
0.13250732421875 -0.0424118041992188 0.185409545898438 -0.05780029296875
0.0723648071289063 -0.0894927978515625 0.124969482421875 -0.153961181640625
-0.00115966796874999 -0.119743347167969 0.012969970703125 -0.211380004882813
-0.0592269897460937 -0.115570068359375 -0.072906494140625 -0.182540893554688
-0.060333251953125 -0.110450744628906 -0.0809402465820313 -0.120010375976562
-0.07421875 -0.128761291503906 -0.0610122680664063 -0.0907516479492188
-0.03277587890625 -0.157089233398438 -0.0582275390625 -0.074462890625
0.0661773681640625 -0.162933349609375 -0.0492172241210937 -0.0431022644042969
0.162246704101563 -0.110610961914063 -0.0506935119628906 -0.0638504028320313
0.22705078125 0.05999755859375 -0.071624755859375 -0.096893310546875
0.212158203125 0.197921752929688 -0.054107666015625 -0.162918090820312
0.112274169921875 0.286468505859375 -0.0120086669921875 -0.177841186523437
0.051116943359375 0.3330078125 0.180038452148438 -0.071044921875
0.151290893554687 0.228317260742188 0.100669860839844 0.0385894775390625
0.215057373046875 0.131866455078125 0.130302429199219 0.078338623046875
0.218124389648437 -0.0298614501953125 0.1893310546875 -0.0192718505859375
0.135063171386719 -0.125335693359375 0.135711669921875 -0.107200622558594
0.0215301513671875 -0.186019897460938 0.0393218994140625 -0.165863037109375
-0.0625 -0.173904418945313 -0.0373764038085938 -0.139923095703125
-0.0638580322265625 -0.163192749023438 -0.04803466796875 -0.0797653198242188
-0.0803985595703125 -0.185516357421875 -0.0296363830566406 -0.0460853576660156
-0.0264892578125 -0.206527709960937 -0.0430946350097656 -0.027191162109375
0.094757080078125 -0.198440551757813 -0.0440559387207031 0.00321960449218749
0.196929931640625 -0.123703002929688 -0.0536994934082031 -0.02825927734375
0.25689697265625 0.082794189453125 -0.0710678100585937 -0.066650390625
0.221649169921875 0.235397338867188 -0.0267562866210937 -0.109001159667969
0.091888427734375 0.322906494140625 0.00109100341796876 -0.0776214599609375
-0.00143432617187503 0.343719482421875 0.183502197265625 0.0568084716796875
0.113433837890625 0.283966064453125 0.11810302734375 0.124336242675781
0.2220458984375 0.19549560546875 0.127906799316406 0.118194580078125
0.263290405273438 0.003936767578125 0.173995971679688 0.031005859375
0.180313110351563 -0.128585815429688 0.131546020507813 -0.0458984375
0.047119140625 -0.2186279296875 0.0610427856445313 -0.0985641479492188
-0.0536041259765625 -0.206069946289063 0.0029296875 -0.0785369873046875
-0.0568389892578125 -0.190322875976563 -0.00823402404785157 -0.0278148651123047
-0.07489013671875 -0.215103149414063 0.00775003433227539 0.00863122940063475
-0.017730712890625 -0.228118896484375 -0.0220165252685547 0.0297088623046875
0.11346435546875 -0.20880126953125 -0.03778076171875 0.0528755187988281
0.211288452148438 -0.11962890625 -0.0571022033691406 0.00647354125976562
0.254180908203125 0.102752685546875 -0.0666542053222656 -0.0438079833984375
0.19610595703125 0.2496337890625 0.00577163696289064 -0.0600357055664062
0.052032470703125 0.321746826171875 0.0105514526367188 0.0272903442382813
-0.054107666015625 0.29156494140625 0.164840698242188 0.179794311523438
0.046173095703125 0.276535034179688 0.116668701171875 0.205947875976563
0.171493530273438 0.22216796875 0.113632202148438 0.149093627929688
0.250244140625 0.044769287109375 0.141799926757813 0.0764923095703125
0.19049072265625 -0.10040283203125 0.110160827636719 0.0156326293945312
0.0662078857421875 -0.209579467773438 0.071807861328125 -0.023468017578125
-0.0352783203125 -0.20379638671875 0.0395965576171875 -0.00809097290039064
-0.0416717529296875 -0.188003540039063 0.0327568054199219 0.0292186737060547
-0.05865478515625 -0.215103149414063 0.0428466796875 0.0670280456542969
-0.00431823730468752 -0.220733642578125 -0.00257110595703125 0.0890579223632812
0.122085571289063 -0.1925048828125 -0.0343856811523438 0.0997772216796875
0.206222534179687 -0.0955657958984375 -0.0647468566894531 0.0378379821777344
0.222732543945313 0.122573852539063 -0.0636978149414063 -0.0268058776855469
0.142410278320313 0.245849609375 0.0303745269775391 -0.0143756866455078
-0.000915527343750016 0.28466796875 0.00859832763671874 0.127388000488281
-0.09600830078125 0.184112548828125 0.129470825195312 0.271621704101562
-0.0240631103515625 0.207962036132813 0.1014404296875 0.262039184570313
0.084625244140625 0.195236206054688 0.092559814453125 0.16229248046875
0.183624267578125 0.072784423828125 0.102409362792969 0.105766296386719
0.159820556640625 -0.0543212890625 0.0806961059570313 0.0622711181640625
0.071868896484375 -0.161773681640625 0.0719451904296875 0.0429153442382813
-0.013031005859375 -0.166641235351563 0.0679817199707031 0.0568618774414062
-0.020721435546875 -0.155654907226563 0.066314697265625 0.0817031860351562
-0.0333404541015625 -0.182418823242188 0.0709457397460938 0.121620178222656
0.010986328125 -0.185867309570313 0.011627197265625 0.143783569335938
0.117446899414062 -0.15234375 -0.03826904296875 0.14129638671875
0.180191040039063 -0.059112548828125 -0.078277587890625 0.0651168823242188
0.167984008789062 0.13128662109375 -0.0676956176757812 -0.0139808654785156
0.0706329345703125 0.217864990234375 0.0397415161132813 0.02850341796875
-0.0575103759765625 0.214675903320313 -0.01202392578125 0.210906982421875
-0.119338989257813 0.0469436645507813 0.095123291015625 0.315185546875
-0.0842819213867188 0.100860595703125 0.084503173828125 0.281143188476563
-0.00992584228515625 0.127777099609375 0.0758056640625 0.156494140625
0.0851516723632813 0.0789337158203125 0.07110595703125 0.115180969238281
0.100151062011719 -0.0030059814453125 0.0562210083007813 0.08734130859375
0.0626220703125 -0.0878524780273437 0.0669021606445313 0.0875625610351563
0.011810302734375 -0.102783203125 0.0857315063476563 0.103759765625
0.00197601318359374 -0.100784301757813 0.0907516479492187 0.121940612792969
-0.00460052490234376 -0.12353515625 0.0879364013671875 0.164764404296875
0.023101806640625 -0.125762939453125 0.01702880859375 0.18963623046875
0.0954208374023438 -0.096923828125 -0.0489654541015625 0.172317504882813
0.132080078125 -0.0222549438476562 -0.0979537963867188 0.0848464965820313
0.09759521484375 0.119483947753906 -0.0781097412109375 -0.00426483154296873
-0.00250244140624999 0.160400390625 0.0295143127441406 0.0618324279785156
-0.104515075683594 0.114151000976563 -0.0487823486328125 0.26605224609375
0.112258911132813 0.0209732055664063 0.044158935546875 -0.285369873046875
0.0574569702148438 -0.0827255249023438 -0.0093841552734375 -0.0887832641601563
-0.0271148681640625 -0.0647239685058594 0.0848922729492188 0.00728607177734375
-0.06219482421875 -0.0104522705078125 0.144363403320313 -0.0931854248046875
-0.0459403991699219 0.0317535400390625 0.0755615234375 -0.186676025390625
-0.0208168029785156 0.0535621643066406 -0.0418243408203125 -0.221649169921875
-0.0181999206542969 0.0416336059570313 -0.119903564453125 -0.1905517578125
-0.0281524658203125 0.0391921997070313 -0.117874145507812 -0.137687683105469
-0.0410079956054688 0.0390357971191406 -0.102561950683594 -0.118362426757812
-0.0574722290039062 0.00125885009765624 -0.0779571533203125 -0.108879089355469
-0.0453834533691406 -0.0493698120117188 -0.063690185546875 -0.0989608764648437
0.011444091796875 -0.0828933715820313 -0.0607681274414062 -0.118598937988281
0.09857177734375 -0.0546188354492188 -0.06658935546875 -0.1639404296875
0.143478393554687 0.0164794921875 -0.08953857421875 -0.260330200195312
0.131294250488281 0.0870437622070313 -0.0653076171875 -0.319122314453125
0.123062133789063 0.15008544921875 0.0969696044921875 -0.262680053710938
0.120315551757813 0.01446533203125 0.0269088745117188 -0.0771560668945313
0.070404052734375 -0.0177230834960938 0.104560852050781 0.0171890258789063
0.0311279296875 -0.0384597778320313 0.166534423828125 -0.08990478515625
0.005340576171875 -0.0357437133789063 0.0976409912109375 -0.185943603515625
-0.0212287902832031 -0.0352058410644531 -0.0260009765625 -0.230850219726562
-0.04852294921875 -0.0378379821777344 -0.110931396484375 -0.196151733398437
-0.0528717041015625 -0.0369148254394531 -0.112808227539062 -0.136466979980469
-0.0656471252441406 -0.0474281311035156 -0.0934982299804687 -0.113662719726563
-0.049530029296875 -0.084259033203125 -0.0759506225585937 -0.100822448730469
0.0127792358398437 -0.1138916015625 -0.0589981079101562 -0.0787277221679688
0.0961456298828125 -0.100578308105469 -0.0563735961914062 -0.0974044799804688
0.174728393554688 0.009124755859375 -0.0716934204101562 -0.131156921386719
0.192337036132813 0.119293212890625 -0.0810546875 -0.217788696289062
0.137008666992188 0.205123901367188 -0.044708251953125 -0.266372680664062
0.109649658203125 0.261978149414063 0.14434814453125 -0.193099975585937
0.160934448242188 0.123489379882813 0.0658531188964844 -0.0353202819824219
0.16375732421875 0.046661376953125 0.123855590820313 0.0406646728515625
0.131057739257813 -0.0535049438476563 0.185531616210938 -0.067779541015625
0.0667724609375 -0.0968170166015625 0.119354248046875 -0.1619873046875
-0.0117263793945313 -0.121444702148438 0.000564575195312504 -0.214508056640625
-0.0690383911132813 -0.113334655761719 -0.0858001708984375 -0.179229736328125
-0.0696258544921875 -0.107521057128906 -0.090576171875 -0.114524841308594
-0.0850753784179688 -0.124114990234375 -0.0694503784179687 -0.0869598388671875
-0.045684814453125 -0.156326293945313 -0.0662384033203125 -0.0699996948242188
0.0540771484375 -0.170181274414063 -0.0546760559082031 -0.0415496826171875
0.155502319335938 -0.124786376953125 -0.0584869384765625 -0.0657806396484375
0.234573364257813 0.0452728271484375 -0.0770187377929687 -0.0965805053710938
0.228744506835938 0.186187744140625 -0.063507080078125 -0.164566040039063
0.133575439453125 0.2841796875 -0.0264739990234375 -0.182647705078125
0.074066162109375 0.334625244140625 0.177490234375 -0.0847930908203125
0.168472290039063 0.220565795898437 0.101173400878906 0.033233642578125
0.228240966796875 0.1199951171875 0.136146545410156 0.0760879516601563
0.219024658203125 -0.0469512939453125 0.191604614257813 -0.0273895263671875
0.127632141113281 -0.137359619140625 0.132835388183594 -0.115325927734375
0.00643920898437499 -0.1898193359375 0.03118896484375 -0.170639038085938
-0.0767059326171875 -0.172348022460938 -0.0471725463867187 -0.139205932617188
-0.076934814453125 -0.160552978515625 -0.0552749633789063 -0.07635498046875
-0.09619140625 -0.181350708007812 -0.0349960327148438 -0.0445823669433594
-0.0433197021484375 -0.205520629882813 -0.0478668212890625 -0.0223655700683594
0.080413818359375 -0.208709716796875 -0.0463333129882812 0.00525283813476562
0.18963623046875 -0.1416015625 -0.0593185424804687 -0.0287284851074219
0.265975952148438 0.06536865234375 -0.0758132934570312 -0.0663986206054688
0.241165161132812 0.222518920898437 -0.0333328247070312 -0.111648559570312
0.114227294921875 0.32366943359375 -0.0062408447265625 -0.0810623168945312
0.02191162109375 0.349334716796875 0.189559936523438 0.0447998046875
0.13275146484375 0.278640747070313 0.123954772949219 0.11834716796875
0.23919677734375 0.184234619140625 0.134803771972656 0.116073608398438
0.26739501953125 -0.015533447265625 0.179336547851563 0.024627685546875
0.173355102539063 -0.14404296875 0.132278442382813 -0.0521087646484375
0.029205322265625 -0.225296020507813 0.0568695068359375 -0.104316711425781
-0.0700531005859375 -0.204757690429687 -0.00252532958984375 -0.0799560546875
-0.0727386474609375 -0.188385009765625 -0.012115478515625 -0.0263481140136719
-0.094268798828125 -0.212982177734375 0.00607824325561523 0.00825214385986327
-0.0357818603515625 -0.2288818359375 -0.0229721069335938 0.0331153869628906
0.0980224609375 -0.220733642578125 -0.0356483459472656 0.05511474609375
0.204055786132813 -0.13763427734375 -0.0602188110351562 0.00703048706054686
0.265533447265625 0.0861053466796875 -0.0703811645507812 -0.0432205200195313
0.216323852539063 0.237808227539062 0.00207519531250002 -0.0634346008300781
0.074798583984375 0.3238525390625 0.0104694366455078 0.026123046875
-0.0345458984375 0.29962158203125 0.179458618164063 0.171401977539063
0.0653533935546875 0.275604248046875 0.12896728515625 0.2003173828125
0.1895751953125 0.214370727539063 0.121673583984375 0.147705078125
0.256561279296875 0.026824951171875 0.148757934570313 0.07281494140625
0.185256958007812 -0.1160888671875 0.114265441894531 0.0119400024414062
0.050445556640625 -0.21722412109375 0.073089599609375 -0.029449462890625
-0.0515899658203125 -0.20391845703125 0.0397758483886719 -0.0113067626953125
-0.0566558837890625 -0.187164306640625 0.0329799652099609 0.0278244018554687
-0.07769775390625 -0.213607788085938 0.0458335876464844 0.0644721984863281
-0.0218505859375 -0.222869873046875 0.001556396484375 0.091156005859375
0.108047485351563 -0.20501708984375 -0.028564453125 0.103126525878906
0.201416015625 -0.112686157226562 -0.0650177001953125 0.0399551391601562
0.23486328125 0.108657836914063 -0.0674667358398437 -0.025482177734375
0.160964965820313 0.237701416015625 0.0293941497802735 -0.0187397003173828
0.017791748046875 0.289581298828125 0.0153350830078125 0.127410888671875
-0.0828704833984375 0.192825317382813 0.150772094726562 0.26727294921875
-0.011077880859375 0.211395263671875 0.11712646484375 0.25933837890625
0.0992431640625 0.19317626953125 0.100997924804687 0.162628173828125
0.191192626953125 0.0595245361328125 0.11041259765625 0.104713439941406
0.158096313476563 -0.0665283203125 0.08758544921875 0.0605239868164062
0.0595245361328125 -0.169525146484375 0.0770111083984375 0.0378875732421875
-0.0258026123046875 -0.16839599609375 0.072509765625 0.052337646484375
-0.03326416015625 -0.156951904296875 0.0718536376953125 0.0783538818359375
-0.048858642578125 -0.18353271484375 0.0789413452148437 0.117622375488281
-0.00395202636718751 -0.188720703125 0.0191802978515625 0.145965576171875
0.10723876953125 -0.164703369140625 -0.0301971435546875 0.145294189453125
0.178878784179688 -0.074371337890625 -0.076873779296875 0.0684738159179688
0.1798095703125 0.121246337890625 -0.0703201293945312 -0.0116500854492187
0.0870513916015625 0.215042114257813 0.0418167114257813 0.0246162414550781
-0.0452117919921875 0.221343994140625 0.0011138916015625 0.214309692382813
-0.11566162109375 0.0540847778320313 0.118988037109375 0.316009521484375
-0.0785064697265625 0.106552124023437 0.101715087890625 0.280853271484375
-0.00166320800781251 0.129959106445313 0.084716796875 0.15789794921875
0.0922164916992188 0.0734100341796875 0.0794296264648438 0.11651611328125
0.10101318359375 -0.010589599609375 0.063995361328125 0.0866622924804687
0.0558242797851562 -0.0936050415039062 0.0756683349609375 0.0837631225585938
0.00324249267578125 -0.105514526367188 0.094146728515625 0.09881591796875
-0.00566101074218749 -0.102149963378906 0.0992050170898438 0.11639404296875
-0.014892578125 -0.125785827636719 0.099273681640625 0.160171508789063
0.0133132934570313 -0.128822326660156 0.0283050537109375 0.190505981445313
0.0895767211914062 -0.10614013671875 -0.0386199951171875 0.177505493164062
0.133041381835938 -0.0316848754882813 -0.0946121215820312 0.0901336669921875
0.10797119140625 0.114265441894531 -0.08050537109375 -0.000938415527343756
0.0073089599609375 0.161727905273438 0.0339241027832031 0.0595436096191406
-0.0997085571289063 0.122955322265625 -0.0321807861328125 0.272918701171875
0.11749267578125 0.0158843994140625 0.024566650390625 -0.29815673828125
0.0538177490234375 -0.090240478515625 -0.0178604125976562 -0.0886611938476563
-0.03204345703125 -0.0658035278320313 0.0894088745117188 0.00521087646484375
-0.0645294189453125 -0.00608825683593751 0.144210815429687 -0.104888916015625
-0.0455207824707031 0.0361862182617187 0.0675506591796875 -0.197845458984375
-0.0177764892578125 0.0571975708007813 -0.0572967529296875 -0.22467041015625
-0.0157699584960938 0.0448112487792969 -0.136123657226563 -0.187210083007812
-0.0249862670898438 0.0438385009765625 -0.131156921386719 -0.132591247558594
-0.0382614135742188 0.0447235107421875 -0.115447998046875 -0.114120483398438
-0.0584068298339844 0.00630569458007811 -0.089141845703125 -0.106544494628906
-0.0503578186035156 -0.0464515686035156 -0.074951171875 -0.0990982055664062
0.00592803955078125 -0.08575439453125 -0.0722427368164063 -0.121841430664063
0.0979385375976563 -0.0629653930664063 -0.0760650634765625 -0.168014526367188
0.1500244140625 0.00762939453125 -0.10821533203125 -0.265640258789063
0.142776489257813 0.0816497802734375 -0.09161376953125 -0.329315185546875
0.137771606445312 0.149215698242188 0.08135986328125 -0.278793334960938
0.125595092773438 0.0057525634765625 0.0195846557617188 -0.08013916015625
0.07330322265625 -0.02423095703125 0.109939575195313 0.0148468017578125
0.0289077758789063 -0.0429306030273438 0.168182373046875 -0.101882934570313
0.00196075439453125 -0.0376663208007813 0.0906982421875 -0.19757080078125
-0.0261306762695313 -0.0344390869140625 -0.040924072265625 -0.236083984375
-0.0539970397949219 -0.03521728515625 -0.127822875976563 -0.193466186523438
-0.0566825866699219 -0.0336074829101563 -0.125518798828125 -0.131332397460938
-0.0715255737304687 -0.0427627563476563 -0.105308532714844 -0.109855651855469
-0.0570907592773437 -0.081939697265625 -0.0867767333984375 -0.0974807739257813
0.00410461425781249 -0.117752075195312 -0.0687179565429688 -0.078460693359375
0.091827392578125 -0.110603332519531 -0.0672836303710938 -0.100433349609375
0.181442260742188 -0.0020904541015625 -0.0804595947265625 -0.134407043457031
0.2078857421875 0.110015869140625 -0.0969390869140625 -0.2230224609375
0.156143188476563 0.203704833984375 -0.0668182373046875 -0.27545166015625
0.131256103515625 0.264846801757813 0.13519287109375 -0.2100830078125
0.174667358398438 0.115142822265625 0.0627899169921875 -0.0400428771972656
0.174484252929688 0.0363006591796875 0.130424499511719 0.03863525390625
0.131576538085938 -0.06658935546875 0.188400268554688 -0.079833984375
0.061004638671875 -0.105690002441406 0.115570068359375 -0.173736572265625
-0.0235366821289062 -0.124137878417969 -0.0123138427734375 -0.220947265625
-0.0801773071289063 -0.111679077148438 -0.1005859375 -0.178756713867187
-0.079864501953125 -0.104652404785156 -0.102012634277344 -0.110145568847656
-0.098175048828125 -0.120880126953125 -0.0796356201171875 -0.083953857421875
-0.0595703125 -0.155975341796875 -0.0756912231445313 -0.0653610229492188
0.042083740234375 -0.180191040039063 -0.0619926452636719 -0.0402488708496094
0.151214599609375 -0.1405029296875 -0.067535400390625 -0.0672874450683594
0.246109008789062 0.0305328369140625 -0.0843734741210937 -0.0977706909179688
0.250625610351563 0.175796508789062 -0.0755462646484375 -0.169036865234375
0.157989501953125 0.287445068359375 -0.042724609375 -0.18890380859375
0.0994873046875 0.341400146484375 0.176971435546875 -0.1002197265625
0.188583374023438 0.2147216796875 0.103981018066406 0.0279922485351563
0.245407104492188 0.108291625976563 0.144287109375 0.0743865966796875
0.222457885742187 -0.0657958984375 0.19732666015625 -0.0370025634765625
0.121597290039063 -0.151885986328125 0.132789611816406 -0.125747680664063
-0.0103607177734375 -0.195953369140625 0.021942138671875 -0.178680419921875
-0.0935516357421875 -0.171493530273438 -0.058135986328125 -0.139862060546875
-0.0914154052734375 -0.15899658203125 -0.06378173828125 -0.072662353515625
-0.1142578125 -0.179428100585938 -0.0412979125976563 -0.0431976318359375
-0.06103515625 -0.207199096679687 -0.0531005859375 -0.0178604125976563
0.065521240234375 -0.22222900390625 -0.0492630004882812 0.00778961181640623
0.185333251953125 -0.161026000976563 -0.0667266845703125 -0.0290718078613281
0.280487060546875 0.04876708984375 -0.082366943359375 -0.0661163330078125
0.264907836914063 0.211669921875 -0.041168212890625 -0.116439819335937
0.140594482421875 0.328887939453125 -0.0146560668945312 -0.0847702026367187
0.045989990234375 0.3599853515625 0.198440551757813 0.033416748046875
0.154830932617188 0.277145385742188 0.132408142089844 0.113906860351563
0.260299682617188 0.173812866210938 0.145156860351563 0.115890502929688
0.274551391601563 -0.0371246337890625 0.18768310546875 0.0177154541015625
0.168060302734375 -0.161453247070313 0.135597229003906 -0.0598220825195313
0.01171875 -0.233810424804688 0.0532989501953125 -0.112800598144531
-0.0889434814453125 -0.206390380859375 -0.00875091552734376 -0.0821914672851563
-0.0894927978515625 -0.188385009765625 -0.0158462524414063 -0.0244331359863281
-0.115371704101563 -0.212005615234375 0.0044255256652832 0.00849771499633788
-0.055816650390625 -0.232009887695312 -0.0236320495605469 0.0374374389648437
0.082763671875 -0.237045288085938 -0.0342216491699219 0.0585441589355469
0.1995849609375 -0.159576416015625 -0.0653800964355469 0.00849151611328125
0.281051635742188 0.0697021484375 -0.0766830444335937 -0.0423507690429688
0.240707397460938 0.2293701171875 -0.00228881835937499 -0.0683937072753906
0.099090576171875 0.33135986328125 0.0100955963134766 0.0246143341064453
-0.014923095703125 0.311065673828125 0.197952270507813 0.164627075195313
0.0858001708984375 0.279022216796875 0.143600463867188 0.198822021484375
0.2110595703125 0.209182739257813 0.13262939453125 0.1492919921875
0.266510009765625 0.007843017578125 0.158966064453125 0.06976318359375
0.182235717773438 -0.133682250976563 0.121589660644531 0.00783538818359374
0.03314208984375 -0.227828979492188 0.07464599609375 -0.036102294921875
-0.07025146484375 -0.206985473632813 0.0398674011230469 -0.0151596069335938
-0.0738372802734375 -0.188995361328125 0.0344295501708984 0.0272693634033203
-0.0980987548828125 -0.214645385742188 0.0500564575195312 0.0633811950683594
-0.0407867431640625 -0.22760009765625 0.00580596923828126 0.0950088500976562
0.0943756103515625 -0.221664428710938 -0.0237045288085937 0.107582092285156
0.199462890625 -0.13323974609375 -0.0678062438964843 0.0432586669921875
0.250961303710938 0.0944366455078125 -0.07275390625 -0.0240402221679687
0.182998657226563 0.233352661132813 0.0290145874023438 -0.0234737396240234
0.0374755859375 0.299713134765625 0.0227279663085937 0.130012512207031
-0.0718994140625 0.20379638671875 0.175552368164063 0.267120361328125
0.00250244140624998 0.218063354492188 0.135879516601563 0.261276245117188
0.115737915039063 0.19439697265625 0.111846923828125 0.165512084960938
0.201309204101563 0.046600341796875 0.121482849121094 0.105758666992188
0.158111572265625 -0.080810546875 0.0966949462890625 0.0597686767578125
0.0471038818359375 -0.178878784179688 0.0838546752929688 0.0329055786132812
-0.04034423828125 -0.171417236328125 0.0789871215820313 0.0482940673828125
-0.0472259521484375 -0.159469604492187 0.0781631469726563 0.0767745971679687
-0.0667877197265625 -0.185806274414063 0.0889205932617187 0.115402221679687
-0.0193634033203125 -0.193817138671875 0.029022216796875 0.14984130859375
0.0965118408203125 -0.179885864257813 -0.021148681640625 0.150588989257813
0.178665161132812 -0.09130859375 -0.0775146484375 0.0740432739257813
0.1949462890625 0.112030029296875 -0.07525634765625 -0.00897216796874999
0.104400634765625 0.214630126953125 0.0442924499511719 0.0209007263183594
-0.031768798828125 0.232589721679688 0.0147857666015625 0.220413208007813
-0.115196228027344 0.0623245239257813 0.14691162109375 0.31982421875
-0.0739212036132812 0.11431884765625 0.12139892578125 0.285064697265625
0.00742340087890625 0.135505676269531 0.09552001953125 0.161041259765625
0.101005554199219 0.0682220458984375 0.0906524658203125 0.118698120117187
0.103141784667969 -0.0197296142578125 0.0738143920898438 0.0876083374023438
0.0494155883789063 -0.101112365722656 0.0853729248046875 0.0808334350585938
-0.005035400390625 -0.10845947265625 0.104560852050781 0.094970703125
-0.0142364501953125 -0.105545043945313 0.109916687011719 0.113418579101562
-0.0264816284179688 -0.12982177734375 0.113037109375 0.158050537109375
0.00339508056640624 -0.134437561035156 0.0411529541015625 0.19512939453125
0.0848236083984375 -0.11767578125 -0.028289794921875 0.185775756835938
0.136001586914063 -0.0432968139648438 -0.0936279296875 0.0983963012695312
0.119651794433594 0.110740661621094 -0.0852432250976562 0.0019989013671875
0.01824951171875 0.165847778320313 0.0387496948242188 0.0576896667480469
-0.095672607421875 0.133476257324219 -0.0142822265625 0.283843994140625
0.124961853027344 0.008636474609375 -0.0010986328125 -0.313507080078125
0.0474624633789063 -0.100288391113281 -0.0280532836914062 -0.0888748168945312
-0.0379638671875 -0.06707763671875 0.0964431762695313 0.00179290771484375
-0.0680465698242188 5.72204589843692E-05 0.1435546875 -0.12078857421875
-0.0443992614746094 0.0419425964355469 0.0548248291015625 -0.2130126953125
-0.0127906799316406 0.0619697570800781 -0.0774993896484375 -0.229110717773437
-0.0119667053222656 0.0484275817871094 -0.158645629882813 -0.18267822265625
-0.0208549499511719 0.0488777160644531 -0.14801025390625 -0.12554931640625
-0.0347213745117187 0.0512199401855469 -0.1319580078125 -0.106918334960938
-0.0603141784667969 0.0128440856933594 -0.1038818359375 -0.102455139160156
-0.0564994812011719 -0.0431098937988281 -0.0895462036132812 -0.098052978515625
-0.001556396484375 -0.0899276733398438 -0.0872344970703125 -0.123382568359375
0.0967254638671875 -0.0740737915039063 -0.0912628173828125 -0.173355102539063
0.157943725585937 -0.0053863525390625 -0.13507080078125 -0.271133422851563
0.157440185546875 0.0732269287109375 -0.128082275390625 -0.33831787109375
0.157455444335938 0.145675659179687 0.05908203125 -0.299346923828125
0.131439208984375 -0.0061798095703125 0.0111770629882813 -0.0845260620117188
0.075836181640625 -0.0333480834960938 0.117851257324219 0.0104217529296875
0.0256805419921875 -0.0483818054199219 0.169021606445313 -0.1190185546875
-0.00222015380859375 -0.0396804809570313 0.0805511474609375 -0.214523315429688
-0.0318431854248047 -0.0326499938964844 -0.061676025390625 -0.242706298828125
-0.0604667663574219 -0.0311012268066406 -0.150680541992187 -0.190185546875
-0.0615043640136719 -0.0289192199707031 -0.142440795898437 -0.12353515625
-0.0783233642578125 -0.0365524291992187 -0.121047973632813 -0.103309631347656
-0.0675506591796875 -0.0784759521484375 -0.101104736328125 -0.092864990234375
-0.00753021240234375 -0.122795104980469 -0.081451416015625 -0.077056884765625
0.0850982666015625 -0.124160766601562 -0.0818710327148438 -0.102073669433594
0.190170288085937 -0.01812744140625 -0.0931243896484375 -0.137641906738281
0.227554321289063 0.095947265625 -0.119674682617187 -0.228012084960938
0.18243408203125 0.200592041015625 -0.0982360839843749 -0.284332275390625
0.161087036132813 0.267227172851562 0.121810913085938 -0.232772827148437
0.192367553710938 0.104232788085938 0.0593528747558594 -0.046356201171875
0.187225341796875 0.021636962890625 0.140243530273438 0.0339813232421875
0.130485534667969 -0.0826034545898438 0.192581176757813 -0.0964813232421875
0.0522613525390625 -0.115898132324219 0.1087646484375 -0.190628051757813
-0.038177490234375 -0.125892639160156 -0.030670166015625 -0.230300903320313
-0.0959930419921875 -0.108375549316406 -0.121002197265625 -0.176620483398437
-0.0933761596679688 -0.101081848144531 -0.11676025390625 -0.103195190429687
-0.115020751953125 -0.115249633789063 -0.0925216674804688 -0.0797271728515625
-0.07781982421875 -0.155380249023437 -0.0867996215820313 -0.059844970703125
0.02496337890625 -0.191696166992188 -0.0711669921875 -0.0371780395507813
0.144271850585938 -0.160812377929688 -0.0797882080078125 -0.06719970703125
0.260238647460938 0.0103912353515625 -0.0952606201171875 -0.0987701416015625
0.27783203125 0.159561157226563 -0.093353271484375 -0.17401123046875
0.191162109375 0.28814697265625 -0.06439208984375 -0.19586181640625
0.13336181640625 0.3497314453125 0.17535400390625 -0.12127685546875
0.214599609375 0.2066650390625 0.107414245605469 0.020904541015625
0.268112182617188 0.0909271240234375 0.157073974609375 0.07122802734375
0.225311279296875 -0.0906829833984375 0.204330444335938 -0.0523529052734375
0.111297607421875 -0.1700439453125 0.131698608398438 -0.140625
-0.031707763671875 -0.202377319335938 0.00927734375 -0.189071655273437
-0.114959716796875 -0.169967651367188 -0.0738677978515625 -0.140190124511719
-0.111221313476563 -0.1561279296875 -0.07373046875 -0.067596435546875
-0.13861083984375 -0.175201416015625 -0.0489082336425781 -0.0399208068847656
-0.0849456787109375 -0.208694458007813 -0.0591506958007813 -0.0118980407714844
0.0450592041015625 -0.238784790039063 -0.052886962890625 0.0115203857421875
0.176422119140625 -0.186416625976563 -0.0762100219726562 -0.0269546508789062
0.297821044921875 0.025360107421875 -0.091705322265625 -0.0652389526367188
0.297088623046875 0.195892333984375 -0.0531082153320312 -0.12164306640625
0.176788330078125 0.33355712890625 -0.0261917114257812 -0.0887374877929687
0.080413818359375 0.37225341796875 0.209915161132813 0.0168304443359375
0.1854248046875 0.274658203125 0.144515991210937 0.108810424804688
0.288726806640625 0.159820556640625 0.160202026367188 0.114578247070312
0.281951904296875 -0.065277099609375 0.1993408203125 0.006927490234375
0.158706665039063 -0.18450927734375 0.140823364257813 -0.0715484619140625
-0.01239013671875 -0.243621826171875 0.0474853515625 -0.122886657714844
-0.1138916015625 -0.205978393554688 -0.0163497924804688 -0.0851058959960938
-0.112396240234375 -0.187057495117187 -0.0198421478271484 -0.0221157073974609
-0.143020629882813 -0.209487915039063 0.0034189224243164 0.00899410247802733
-0.082183837890625 -0.235015869140625 -0.0233116149902344 0.0430679321289062
0.061248779296875 -0.256072998046875 -0.03302001953125 0.0629539489746093
0.192291259765625 -0.185638427734375 -0.0716476440429687 0.012420654296875
0.300811767578125 0.046630859375 -0.0843505859375 -0.0398025512695312
0.27252197265625 0.216461181640625 -0.00894927978515623 -0.0745468139648437
0.13336181640625 0.33929443359375 0.0101222991943359 0.0235958099365235
0.011932373046875 0.3260498046875 0.221084594726563 0.154861450195313
0.112548828125 0.282958984375 0.163162231445313 0.196426391601563
0.239517211914063 0.200515747070313 0.14923095703125 0.15020751953125
0.278244018554688 -0.01751708984375 0.173507690429688 0.0638275146484375
0.177078247070313 -0.156890869140625 0.131301879882813 0.00049591064453124
0.010498046875 -0.238983154296875 0.0764999389648438 -0.045135498046875
-0.09393310546875 -0.208084106445313 0.0402145385742187 -0.0198898315429688
-0.096343994140625 -0.189224243164063 0.036865234375 0.0271339416503906
-0.126022338867188 -0.21429443359375 0.0561981201171875 0.0614051818847656
-0.066192626953125 -0.232376098632813 0.012542724609375 0.10003662109375
0.0750274658203125 -0.24176025390625 -0.0164337158203125 0.113304138183594
0.19427490234375 -0.158493041992188 -0.0705184936523437 0.0497512817382813
0.271697998046875 0.0749053955078125 -0.0799713134765625 -0.02044677734375
0.212417602539062 0.225845336914063 0.0280208587646485 -0.0295257568359375
0.06610107421875 0.3114013671875 0.0340194702148438 0.132766723632813
-0.0569000244140625 0.218719482421875 0.207809448242187 0.264297485351563
0.020660400390625 0.22637939453125 0.161422729492188 0.262542724609375
0.138336181640625 0.193695068359375 0.128616333007813 0.167724609375
0.21380615234375 0.028656005859375 0.137016296386719 0.104270935058594
0.156814575195313 -0.099639892578125 0.109199523925781 0.0569534301757813
0.0298919677734375 -0.19049072265625 0.0919265747070313 0.0260696411132812
-0.059234619140625 -0.1744384765625 0.0874176025390625 0.0428619384765625
-0.06573486328125 -0.162017822265625 0.0869522094726562 0.0738449096679687
-0.09014892578125 -0.188247680664063 0.101493835449219 0.11236572265625
-0.0402984619140625 -0.200057983398437 0.041473388671875 0.15496826171875
0.0825653076171875 -0.198760986328125 -0.00975036621093748 0.158462524414063
0.178375244140625 -0.112945556640625 -0.0771942138671875 0.0828628540039062
0.214752197265625 0.098876953125 -0.0814590454101562 -0.00452423095703124
0.128326416015625 0.213973999023438 0.0483207702636719 0.0159111022949219
-0.013031005859375 0.246505737304688 0.0341796875 0.228683471679688
-0.114830017089844 0.0740280151367188 0.1829833984375 0.32171630859375
-0.068389892578125 0.125091552734375 0.14996337890625 0.288543701171875
0.02008056640625 0.14251708984375 0.111083984375 0.163467407226563
0.111587524414063 0.0612335205078125 0.105781555175781 0.120071411132813
0.105232238769531 -0.0305709838867188 0.0872039794921875 0.0876388549804687
0.04046630859375 -0.10968017578125 0.0976791381835938 0.0761566162109375
-0.01629638671875 -0.112678527832031 0.117828369140625 0.0885391235351563
-0.025726318359375 -0.109092712402344 0.124076843261719 0.107963562011719
-0.042327880859375 -0.133659362792969 0.131393432617188 0.154510498046875
-0.010009765625 -0.140777587890625 0.0592803955078125 0.200302124023438
0.0762939453125 -0.132247924804688 -0.014068603515625 0.195144653320313
0.137626647949219 -0.0587539672851563 -0.0919418334960937 0.109580993652344
0.13482666015625 0.104743957519531 -0.0908050537109375 0.00823211669921877
0.0322418212890625 0.172119140625 0.0461654663085937 0.0551185607910156
-0.0889129638671875 0.147506713867188 0.010223388671875 0.2965087890625
0.131263732910156 -0.00235748291015625 -0.037750244140625 -0.323394775390625
0.0365447998046875 -0.109268188476563 -0.0414276123046875 -0.0862503051757813
-0.0472297668457031 -0.0670127868652344 0.102485656738281 -0.006134033203125
-0.0697364807128906 0.00746154785156251 0.136619567871094 -0.139778137207031
-0.0410957336425781 0.0485420227050781 0.03369140625 -0.22625732421875
-0.00579452514648437 0.0663261413574219 -0.104293823242187 -0.227523803710938
-0.007080078125 0.0519180297851563 -0.183853149414063 -0.169754028320313
-0.0140113830566406 0.0522918701171875 -0.165695190429688 -0.111770629882813
-0.0282363891601563 0.0579032897949219 -0.149185180664062 -0.0943145751953125
-0.0596427917480469 0.0218276977539062 -0.120262145996094 -0.0936355590820313
-0.0636024475097656 -0.0367813110351563 -0.106803894042969 -0.0915603637695313
-0.0116653442382813 -0.09259033203125 -0.105743408203125 -0.120552062988281
0.0920867919921875 -0.0870208740234375 -0.11114501953125 -0.173812866210937
0.162887573242187 -0.0241851806640625 -0.16845703125 -0.267227172851563
0.171844482421875 0.05877685546875 -0.174285888671875 -0.336700439453125
0.180908203125 0.135162353515625 0.02557373046875 -0.31585693359375
0.13360595703125 -0.0220565795898438 -2.28881835937338E-05 -0.08648681640625
0.075042724609375 -0.04522705078125 0.1256103515625 0.00121307373046875
0.0203094482421875 -0.0538520812988281 0.163314819335937 -0.139495849609375
-0.00782012939453125 -0.0410232543945313 0.060882568359375 -0.230545043945313
-0.0378036499023437 -0.028350830078125 -0.0892486572265625 -0.243972778320312
-0.0668258666992188 -0.0241889953613281 -0.176849365234375 -0.178924560546875
-0.066070556640625 -0.0217704772949219 -0.160446166992188 -0.108978271484375
-0.0848312377929687 -0.0269088745117188 -0.13836669921875 -0.0917587280273438
-0.0792007446289063 -0.0711898803710938 -0.11627197265625 -0.082763671875
-0.0236663818359375 -0.124778747558594 -0.095947265625 -0.0706710815429688
0.0736541748046875 -0.137519836425781 -0.09857177734375 -0.0986480712890625
0.194869995117188 -0.0403900146484375 -0.109718322753906 -0.13629150390625
0.246292114257813 0.072113037109375 -0.148468017578125 -0.22540283203125
0.212310791015625 0.18780517578125 -0.137054443359375 -0.2841796875
0.197860717773438 0.260360717773438 0.0981903076171875 -0.254531860351562
0.208969116210937 0.0838775634765625 0.0530509948730469 -0.0530738830566406
0.19683837890625 -0.00054931640625 0.150955200195313 0.02484130859375
0.123695373535156 -0.101913452148438 0.190765380859375 -0.118789672851563
0.0390777587890625 -0.125564575195313 0.09466552734375 -0.208724975585938
-0.056243896484375 -0.123550415039063 -0.055816650390625 -0.234619140625
-0.112884521484375 -0.0988693237304687 -0.14453125 -0.168441772460938
-0.107391357421875 -0.0916595458984375 -0.131324768066406 -0.0909576416015625
-0.132980346679688 -0.10345458984375 -0.106346130371094 -0.0696487426757813
-0.09893798828125 -0.148056030273438 -0.0980224609375 -0.0495986938476563
0.0010986328125 -0.199615478515625 -0.0804977416992187 -0.031646728515625
0.128631591796875 -0.182662963867188 -0.0940399169921875 -0.0625228881835938
0.270263671875 -0.0196533203125 -0.108612060546875 -0.0954971313476563
0.305908203125 0.132781982421875 -0.11572265625 -0.172958374023438
0.231826782226563 0.27752685546875 -0.0924530029296875 -0.19610595703125
0.1785888671875 0.34747314453125 0.166244506835938 -0.145553588867187
0.243148803710938 0.18829345703125 0.10931396484375 0.011322021484375
0.2886962890625 0.062286376953125 0.1710205078125 0.061981201171875
0.220413208007813 -0.120880126953125 0.208892822265625 -0.0729522705078125
0.0930938720703125 -0.187667846679688 0.124404907226563 -0.1590576171875
-0.0580902099609375 -0.202529907226563 -0.01068115234375 -0.196914672851563
-0.139984130859375 -0.160385131835938 -0.0917510986328125 -0.135955810546875
-0.13299560546875 -0.146133422851563 -0.0837478637695313 -0.0587005615234375
-0.165451049804688 -0.162124633789063 -0.0572738647460938 -0.0345611572265625
-0.113296508789062 -0.202865600585938 -0.0641365051269531 -0.00345611572265627
0.0152740478515625 -0.251327514648438 -0.0566558837890625 0.0171585083007812
0.1593017578125 -0.212783813476563 -0.0859298706054687 -0.0209732055664063
0.311065673828125 -0.007781982421875 -0.102127075195312 -0.0605621337890625
0.328460693359375 0.167205810546875 -0.069793701171875 -0.123565673828125
0.2203369140625 0.32659912109375 -0.040252685546875 -0.0894927978515625
0.12481689453125 0.376373291015625 0.21826171875 -0.00677490234374998
0.220199584960937 0.26165771484375 0.157699584960938 0.09765625
0.31768798828125 0.13232421875 0.177566528320313 0.106491088867188
0.281402587890625 -0.101104736328125 0.208831787109375 -0.0103759765625
0.141036987304688 -0.208282470703125 0.14178466796875 -0.0879669189453125
-0.0435943603515625 -0.247085571289062 0.0370101928710937 -0.133285522460938
-0.142929077148437 -0.197265625 -0.0271224975585938 -0.0858230590820313
-0.138198852539062 -0.178390502929688 -0.0234546661376953 -0.0180606842041016
-0.174911499023437 -0.196624755859375 0.00246429443359374 0.00965309143066405
-0.114242553710938 -0.230682373046875 -0.0208778381347656 0.0492630004882812
0.029388427734375 -0.271087646484375 -0.0288772583007812 0.0677108764648437
0.175460815429688 -0.214920043945313 -0.0762710571289062 0.0198440551757812
0.315948486328125 0.0130615234375 -0.0927200317382813 -0.0341262817382812
0.306427001953125 0.191131591796875 -0.0186233520507812 -0.0797195434570312
0.17681884765625 0.337799072265625 0.0104122161865234 0.0229549407958985
0.048797607421875 0.335723876953125 0.245193481445312 0.134536743164063
0.145919799804688 0.278305053710938 0.186737060546875 0.186309814453125
0.271728515625 0.181350708007813 0.169326782226563 0.14385986328125
0.282958984375 -0.051605224609375 0.187713623046875 0.0507659912109375
0.163238525390625 -0.18255615234375 0.139968872070313 -0.012542724609375
-0.019378662109375 -0.24560546875 0.0754776000976563 -0.0565719604492188
-0.122848510742188 -0.202499389648438 0.0393028259277344 -0.0253334045410156
-0.122085571289063 -0.183181762695313 0.0398674011230469 0.0255851745605469
-0.157974243164062 -0.20440673828125 0.0629463195800781 0.0571327209472656
-0.0983123779296875 -0.230133056640625 0.023284912109375 0.103370666503906
0.0456390380859375 -0.259033203125 -0.00563812255859375 0.11737060546875
0.180587768554688 -0.188003540039062 -0.0705490112304688 0.058624267578125
0.289459228515625 0.045623779296875 -0.0864944458007812 -0.0136642456054688
0.245407104492187 0.207687377929687 0.0248603820800781 -0.0369300842285156
0.1038818359375 0.315673828125 0.047760009765625 0.132217407226563
-0.0341339111328125 0.231369018554687 0.2452392578125 0.248870849609375
0.0451812744140625 0.23077392578125 0.192764282226563 0.254165649414063
0.166061401367188 0.186065673828125 0.149368286132813 0.163162231445313
0.222747802734375 0.0043182373046875 0.154754638671875 0.09576416015625
0.14923095703125 -0.121231079101563 0.123260498046875 0.047760009765625
0.00706481933593749 -0.1983642578125 0.0992965698242188 0.015716552734375
-0.0827178955078125 -0.17254638671875 0.0947113037109375 0.0328598022460937
-0.0878143310546875 -0.1585693359375 0.0973587036132812 0.0666885375976562
-0.118820190429687 -0.182083129882813 0.115699768066406 0.103973388671875
-0.066925048828125 -0.201507568359375 0.0596923828125 0.155868530273438
0.058868408203125 -0.21588134765625 0.00659179687500002 0.163711547851563
0.1693115234375 -0.138412475585938 -0.0732803344726562 0.0936431884765625
0.2333984375 0.0775299072265625 -0.0863189697265625 0.00373840332031252
0.155929565429688 0.205917358398438 0.0512542724609375 0.00859832763671876
0.0143280029296875 0.257049560546875 0.0604248046875 0.230804443359375
-0.11090087890625 0.088104248046875 0.226470947265625 0.311798095703125
-0.0577468872070312 0.136451721191406 0.185333251953125 0.282989501953125
0.0369873046875 0.1468505859375 0.131484985351563 0.161056518554688
0.121742248535156 0.04949951171875 0.124076843261719 0.115699768066406
0.10406494140625 -0.0442123413085938 0.102638244628906 0.0825119018554688
0.0278701782226563 -0.117057800292969 0.110809326171875 0.06634521484375
-0.0303421020507812 -0.114021301269531 0.132698059082031 0.0766372680664062
-0.040252685546875 -0.108795166015625 0.139289855957031 0.0973892211914063
-0.0619049072265625 -0.132881164550781 0.1524658203125 0.14373779296875
-0.0283355712890625 -0.144729614257813 0.082977294921875 0.2001953125
0.0626678466796875 -0.146453857421875 0.00714111328125001 0.201736450195312
0.135482788085937 -0.0772171020507812 -0.0845870971679688 0.123191833496094
0.151687622070313 0.0930328369140625 -0.0945892333984375 0.0178909301757813
0.0521087646484375 0.17303466796875 0.0538444519042969 0.0494422912597656
-0.0754547119140625 0.162338256835938 0.043975830078125 0.3037109375
0.134544372558594 -0.0161209106445313 -0.077880859375 -0.320709228515625
0.0225906372070312 -0.114463806152344 -0.053741455078125 -0.0793609619140625
-0.0558319091796875 -0.0634346008300781 0.106216430664063 -0.0162811279296875
-0.0695304870605469 0.0153541564941406 0.123580932617188 -0.155838012695313
-0.0356407165527344 0.0539817810058594 0.00807189941406248 -0.231704711914062
0.00247192382812499 0.067718505859375 -0.130081176757813 -0.21636962890625
-0.000541687011718752 0.0538673400878906 -0.204635620117187 -0.148452758789062
-0.005950927734375 0.0544204711914062 -0.1788330078125 -0.091217041015625
-0.0191383361816406 0.0619544982910156 -0.161453247070313 -0.074432373046875
-0.0566062927246094 0.0302276611328125 -0.133537292480469 -0.0787506103515625
-0.0680961608886719 -0.0280914306640625 -0.120697021484375 -0.079193115234375
-0.022430419921875 -0.0920257568359375 -0.122573852539063 -0.111991882324219
0.08270263671875 -0.0991058349609375 -0.130523681640625 -0.166717529296875
0.161972045898438 -0.0440216064453125 -0.200881958007813 -0.251449584960938
0.1810302734375 0.0393524169921875 -0.218902587890625 -0.31805419921875
0.2003173828125 0.1168212890625 -0.013885498046875 -0.321258544921875
0.130470275878906 -0.0388717651367188 -0.0133132934570313 -0.0848770141601563
0.0705337524414063 -0.0568466186523437 0.129402160644531 -0.0106964111328125
0.0129547119140625 -0.0571670532226563 0.15069580078125 -0.158462524414063
-0.0137901306152344 -0.0395774841308594 0.0363006591796875 -0.239669799804688
-0.0422019958496094 -0.022430419921875 -0.11749267578125 -0.234573364257812
-0.0700263977050781 -0.0142402648925781 -0.198455810546875 -0.158233642578125
-0.0676612854003906 -0.0129470825195313 -0.17291259765625 -0.0892181396484375
-0.0872802734375 -0.0148162841796875 -0.150787353515625 -0.0733795166015625
-0.087615966796875 -0.05963134765625 -0.128456115722656 -0.0677642822265625
-0.03936767578125 -0.120903015136719 -0.10784912109375 -0.0599365234375
0.0567626953125 -0.146987915039062 -0.113441467285156 -0.0904083251953125
0.191268920898438 -0.063812255859375 -0.125144958496094 -0.129104614257813
0.256790161132813 0.042327880859375 -0.1761474609375 -0.21234130859375
0.237380981445313 0.1649169921875 -0.17498779296875 -0.269622802734375
0.231674194335938 0.24041748046875 0.067047119140625 -0.26812744140625
0.2178955078125 0.0594482421875 0.0440711975097656 -0.0575141906738281
0.1993408203125 -0.0264892578125 0.157623291015625 0.011444091796875
0.110069274902344 -0.118049621582031 0.180740356445313 -0.138946533203125
0.0236053466796875 -0.130317687988281 0.0738372802734375 -0.221771240234375
-0.0728759765625 -0.115303039550781 -0.0826416015625 -0.230331420898437
-0.126602172851563 -0.0837631225585938 -0.1651611328125 -0.15130615234375
-0.11865234375 -0.0779876708984375 -0.141845703125 -0.0731658935546875
-0.146209716796875 -0.0851898193359375 -0.116615295410156 -0.0551986694335937
-0.117996215820313 -0.134857177734375 -0.105659484863281 -0.0363006591796875
-0.0245513916015625 -0.1988525390625 -0.0879135131835938 -0.0221633911132812
0.106521606445312 -0.199264526367188 -0.105178833007813 -0.0537567138671875
0.270477294921875 -0.0518035888671875 -0.1197509765625 -0.0878677368164063
0.3243408203125 0.09576416015625 -0.13763427734375 -0.1639404296875
0.267425537109375 0.2537841796875 -0.119979858398437 -0.186325073242188
0.22149658203125 0.330841064453125 0.148666381835937 -0.166549682617187
0.264480590820313 0.159042358398438 0.1082763671875 0.00063323974609376
0.2994384765625 0.027801513671875 0.181350708007813 0.048126220703125
0.205169677734375 -0.148651123046875 0.204574584960938 -0.0942230224609375
0.06988525390625 -0.199172973632813 0.110504150390625 -0.174972534179688
-0.0847015380859375 -0.193511962890625 -0.0327911376953125 -0.197982788085938
-0.161605834960938 -0.14227294921875 -0.10882568359375 -0.125534057617187
-0.151199340820313 -0.129653930664062 -0.0904464721679688 -0.046630859375
-0.186859130859375 -0.139022827148438 -0.0635910034179688 -0.0257759094238281
-0.140121459960938 -0.18695068359375 -0.0661659240722656 0.00661849975585936
-0.018524169921875 -0.252716064453125 -0.0579452514648438 0.0234642028808594
0.132568359375 -0.233078002929687 -0.0923919677734375 -0.0117416381835938
0.31268310546875 -0.046142578125 -0.110527038574219 -0.0521469116210938
0.35137939453125 0.126861572265625 -0.0856399536132812 -0.11932373046875
0.2625732421875 0.304473876953125 -0.0548019409179687 -0.0853347778320312
0.169647216796875 0.36468505859375 0.217437744140625 -0.0330657958984375
0.249755859375 0.2359619140625 0.166213989257813 0.0811767578125
0.33782958984375 0.095184326171875 0.191665649414063 0.0921478271484375
0.269256591796875 -0.13580322265625 0.211990356445313 -0.0311737060546875
0.115249633789062 -0.225341796875 0.137245178222656 -0.1051025390625
-0.0756378173828125 -0.240234375 0.0226669311523438 -0.13983154296875
-0.16973876953125 -0.179229736328125 -0.0377273559570313 -0.0827560424804688
-0.160690307617188 -0.160736083984375 -0.0254497528076172 -0.0125770568847656
-0.201950073242187 -0.173004150390625 0.00102615356445311 0.0105085372924805
-0.14483642578125 -0.214797973632813 -0.0162544250488281 0.0536956787109375
-0.00740051269531253 -0.275482177734375 -0.0237274169921875 0.0709609985351562
0.147735595703125 -0.237258911132813 -0.077484130859375 0.0289077758789062
0.320037841796875 -0.025299072265625 -0.0981674194335937 -0.0256881713867187
0.331390380859375 0.15386962890625 -0.0296249389648437 -0.080780029296875
0.219146728515625 0.320159912109375 0.00988006591796876 0.0219345092773438
0.08905029296875 0.332061767578125 0.263351440429688 0.106094360351563
0.17742919921875 0.26202392578125 0.207015991210938 0.167037963867188
0.2965087890625 0.1505126953125 0.186279296875 0.130645751953125
0.27728271484375 -0.0860137939453125 0.197250366210938 0.03338623046875
0.141387939453125 -0.202392578125 0.143661499023438 -0.028289794921875
-0.05072021484375 -0.242218017578125 0.0706405639648438 -0.0676422119140625
-0.149444580078125 -0.1876220703125 0.0359649658203125 -0.0309486389160156
-0.145965576171875 -0.167449951171875 0.043182373046875 0.02313232421875
-0.187713623046875 -0.182342529296875 0.0682716369628906 0.0500755310058594
-0.128524780273437 -0.217300415039063 0.0347061157226563 0.102279663085938
0.010162353515625 -0.265594482421875 0.006195068359375 0.117416381835937
0.156829833984375 -0.211334228515625 -0.0670967102050781 0.0674057006835938
0.297088623046875 0.010406494140625 -0.0898361206054687 -0.00497436523437499
0.271453857421875 0.178131103515625 0.019378662109375 -0.0428314208984375
0.14239501953125 0.306640625 0.0615234375 0.127166748046875
-0.00746154785156252 0.236404418945313 0.277023315429688 0.2213134765625
0.0703125 0.226150512695312 0.221206665039063 0.235031127929688
0.191070556640625 0.168960571289063 0.168487548828125 0.152084350585938
0.223312377929688 -0.0225830078125 0.168289184570313 0.082427978515625
0.134735107421875 -0.139686584472656 0.133056640625 0.0349884033203125
-0.01806640625 -0.198516845703125 0.103080749511719 0.00239562988281249
-0.105239868164063 -0.1624755859375 0.0993270874023438 0.0209197998046875
-0.108474731445313 -0.14801025390625 0.105812072753906 0.0568313598632812
-0.14434814453125 -0.166519165039062 0.127349853515625 0.0902862548828125
-0.093536376953125 -0.192886352539063 0.07757568359375 0.15008544921875
0.02996826171875 -0.224533081054688 0.0250701904296875 0.162490844726563
0.152328491210938 -0.160903930664063 -0.06494140625 0.102783203125
0.244491577148438 0.0495147705078125 -0.0874862670898437 0.0133209228515625
0.181121826171875 0.187713623046875 0.051666259765625 -0.000389099121093739
0.0450286865234375 0.257522583007812 0.0865478515625 0.22406005859375
-0.101058959960938 0.1005859375 0.2667236328125 0.286712646484375
-0.0433502197265625 0.143386840820313 0.218338012695313 0.265335083007813
0.0559234619140625 0.144927978515625 0.149124145507813 0.150421142578125
0.127464294433594 0.0347366333007812 0.140045166015625 0.105720520019531
0.098358154296875 -0.0570907592773438 0.116249084472656 0.0719070434570313
0.0132369995117188 -0.120452880859375 0.121192932128906 0.0527114868164063
-0.0447769165039063 -0.111152648925781 0.142623901367187 0.0601348876953125
-0.0544891357421875 -0.104415893554688 0.15057373046875 0.08123779296875
-0.0814895629882813 -0.124412536621094 0.169235229492188 0.125640869140625
-0.047943115234375 -0.14166259765625 0.107070922851563 0.19146728515625
0.04315185546875 -0.156173706054687 0.0297088623046875 0.20074462890625
0.126747131347656 -0.0950241088867188 -0.072479248046875 0.133407592773438
0.16375732421875 0.0757598876953125 -0.0951309204101562 0.0279769897460938
0.071990966796875 0.167892456054688 0.0596961975097656 0.0404510498046875
-0.05731201171875 0.172744750976563 0.079742431640625 0.298797607421875
0.1339111328125 -0.02838134765625 -0.111358642578125 -0.307403564453125
0.00909423828125001 -0.115104675292969 -0.0631256103515625 -0.0696296691894531
-0.06341552734375 -0.0581321716308594 0.10614013671875 -0.0253219604492188
-0.0670509338378906 0.0216255187988281 0.108047485351562 -0.166030883789063
-0.02960205078125 0.05718994140625 -0.0144805908203125 -0.229721069335938
0.00971984863281251 0.0675811767578125 -0.149337768554688 -0.199691772460938
0.00607681274414062 0.053924560546875 -0.21649169921875 -0.12457275390625
0.00113677978515625 0.0539207458496094 -0.18487548828125 -0.0712890625
-0.0101165771484375 0.0632514953613281 -0.167205810546875 -0.0551300048828125
-0.051422119140625 0.0370559692382813 -0.14117431640625 -0.062286376953125
-0.0697860717773438 -0.018890380859375 -0.129493713378906 -0.0650634765625
-0.032196044921875 -0.0883865356445313 -0.134239196777344 -0.100563049316406
0.0714569091796875 -0.106636047363281 -0.144744873046875 -0.155914306640625
0.154830932617188 -0.0607452392578125 -0.222412109375 -0.229873657226563
0.183441162109375 0.0207366943359375 -0.249908447265625 -0.29144287109375
0.212814331054687 0.0958709716796875 -0.048797607421875 -0.3150634765625
0.122932434082031 -0.0522918701171875 -0.0244598388671875 -0.079803466796875
0.062591552734375 -0.06536865234375 0.130538940429688 -0.0210189819335938
0.0050811767578125 -0.0583686828613281 0.13555908203125 -0.171432495117188
-0.0183982849121094 -0.0368080139160156 0.0133819580078125 -0.240432739257813
-0.0441780090332031 -0.0153656005859375 -0.13909912109375 -0.219284057617187
-0.0704498291015625 -0.00488281250000001 -0.212005615234375 -0.134567260742188
-0.0670280456542969 -0.00513458251953124 -0.178421020507813 -0.068756103515625
-0.086669921875 -0.00396728515624999 -0.1568603515625 -0.0542755126953125
-0.0921096801757813 -0.0468597412109375 -0.134597778320313 -0.0520248413085937
-0.0521240234375 -0.112823486328125 -0.115219116210938 -0.047454833984375
0.03985595703125 -0.150848388671875 -0.123947143554687 -0.0795822143554688
0.183059692382813 -0.083221435546875 -0.136024475097656 -0.120040893554687
0.257919311523438 0.0142059326171875 -0.195602416992187 -0.194366455078125
0.252334594726563 0.139480590820313 -0.203018188476562 -0.247604370117187
0.25616455078125 0.21527099609375 0.036529541015625 -0.271499633789063
0.219314575195312 0.0360107421875 0.0343017578125 -0.0589599609375
0.193984985351563 -0.0488433837890625 0.159515380859375 -0.001617431640625
0.09466552734375 -0.128578186035156 0.167434692382813 -0.153472900390625
0.00823211669921875 -0.129646301269531 0.0529937744140625 -0.227279663085938
-0.0848541259765625 -0.102790832519531 -0.104522705078125 -0.219573974609375
-0.134552001953125 -0.0673141479492187 -0.178848266601563 -0.1317138671875
-0.124176025390625 -0.0634002685546875 -0.145584106445312 -0.055877685546875
-0.152725219726563 -0.0657806396484375 -0.122085571289063 -0.0400848388671875
-0.129890441894531 -0.116714477539063 -0.109184265136719 -0.02294921875
-0.047149658203125 -0.191177368164063 -0.091888427734375 -0.0124740600585938
0.0830535888671875 -0.206924438476563 -0.112098693847656 -0.0437240600585938
0.262039184570312 -0.0799560546875 -0.127227783203125 -0.0790786743164063
0.329315185546875 0.058807373046875 -0.153411865234375 -0.15106201171875
0.29095458984375 0.224395751953125 -0.1402587890625 -0.170150756835938
0.253814697265625 0.30474853515625 0.127822875976563 -0.179885864257812
0.274520874023438 0.130050659179688 0.102867126464844 -0.00850677490234374
0.2996826171875 -0.005859375 0.185897827148438 0.0334320068359375
0.184524536132813 -0.168167114257813 0.195648193359375 -0.1112060546875
0.0474090576171875 -0.20269775390625 0.09521484375 -0.18389892578125
-0.105117797851563 -0.178695678710937 -0.0513458251953125 -0.193222045898437
-0.175338745117188 -0.120895385742187 -0.120597839355469 -0.112174987792969
-0.16204833984375 -0.110855102539062 -0.0924453735351563 -0.0342178344726562
-0.199447631835938 -0.113632202148437 -0.06719970703125 -0.0167617797851563
-0.158096313476563 -0.166305541992187 -0.0657577514648438 0.0149421691894531
-0.047454833984375 -0.244827270507813 -0.057952880859375 0.0293083190917969
0.10479736328125 -0.243850708007813 -0.0955123901367187 -0.00297546386718753
0.30474853515625 -0.0792236328125 -0.1148681640625 -0.0443496704101563
0.359649658203125 0.087799072265625 -0.0983810424804687 -0.111915588378906
0.2913818359375 0.275390625 -0.0654525756835937 -0.0776214599609375
0.206329345703125 0.3436279296875 0.209854125976563 -0.0555572509765625
0.26824951171875 0.207061767578125 0.168411254882813 0.0652313232421875
0.345062255859375 0.05865478515625 0.19952392578125 0.076812744140625
0.24871826171875 -0.161880493164062 0.208999633789063 -0.0485687255859375
0.08929443359375 -0.233474731445313 0.128822326660156 -0.117996215820313
-0.100433349609375 -0.225723266601562 0.0084075927734375 -0.142257690429688
-0.1871337890625 -0.15673828125 -0.0457763671875 -0.0779495239257813
-0.174972534179688 -0.140594482421875 -0.0257015228271484 -0.00780677795410157
-0.218826293945313 -0.145355224609375 0.000400543212890613 0.0120983123779297
-0.166702270507812 -0.19329833984375 -0.0115127563476563 0.0561676025390625
-0.0391387939453125 -0.26861572265625 -0.0192031860351563 0.0718460083007812
0.119003295898438 -0.249526977539063 -0.0765762329101563 0.0362396240234375
0.31414794921875 -0.05926513671875 -0.10064697265625 -0.01824951171875
0.34283447265625 0.1162109375 -0.0395126342773437 -0.0797348022460938
0.250274658203125 0.29541015625 0.00999450683593752 0.021200180053711
0.121978759765625 0.318450927734375 0.26983642578125 0.076995849609375
0.199615478515625 0.240005493164063 0.21795654296875 0.145553588867188
0.31036376953125 0.118499755859375 0.19671630859375 0.11480712890625
0.26300048828125 -0.11358642578125 0.200454711914063 0.01708984375
0.11737060546875 -0.2135009765625 0.143203735351562 -0.0427093505859375
-0.0763092041015625 -0.23138427734375 0.0634536743164063 -0.0758056640625
-0.168136596679687 -0.1671142578125 0.0323429107666015 -0.0348358154296875
-0.16143798828125 -0.149169921875 0.0457534790039062 0.0199851989746094
-0.205902099609375 -0.15625 0.070037841796875 0.0430908203125
-0.15142822265625 -0.197555541992187 0.0439529418945313 0.0981292724609375
-0.0211334228515625 -0.261611938476563 0.0159072875976563 0.114151000976562
0.131393432617188 -0.225128173828125 -0.0614089965820312 0.0731887817382813
0.2952880859375 -0.021514892578125 -0.0902099609375 0.00222015380859373
0.285797119140625 0.14654541015625 0.0130119323730469 -0.0471305847167969
0.173431396484375 0.289642333984375 0.0719985961914063 0.119483947753906
0.016143798828125 0.233413696289062 0.29595947265625 0.189117431640625
0.0902252197265625 0.216354370117187 0.240447998046875 0.2108154296875
0.208053588867188 0.148101806640625 0.18072509765625 0.138137817382813
0.21710205078125 -0.045074462890625 0.176528930664063 0.0688018798828125
0.117828369140625 -0.150863647460937 0.138786315917969 0.0212783813476562
-0.039886474609375 -0.192276000976563 0.103256225585938 -0.010162353515625
-0.122024536132812 -0.14825439453125 0.100288391113281 0.00913238525390624
-0.122734069824219 -0.133827209472656 0.110023498535156 0.045989990234375
-0.162063598632813 -0.146148681640625 0.132514953613281 0.0755844116210937
-0.114532470703125 -0.17852783203125 0.091033935546875 0.140083312988281
0.00354003906249998 -0.2247314453125 0.03924560546875 0.156234741210938
0.133148193359375 -0.175018310546875 -0.0550155639648437 0.107894897460937
0.247909545898438 0.023162841796875 -0.0866241455078125 0.0203781127929688
0.197402954101563 0.166259765625 0.0502090454101563 -0.00827789306640624
0.0712890625 0.250381469726563 0.107467651367188 0.211380004882813
-0.09075927734375 0.108650207519531 0.2943115234375 0.254669189453125
-0.028961181640625 0.146408081054688 0.24139404296875 0.240936279296875
0.072601318359375 0.138961791992188 0.16156005859375 0.137664794921875
0.129379272460938 0.0208969116210938 0.150253295898438 0.0935211181640625
0.0908050537109375 -0.0658416748046875 0.12457275390625 0.0597686767578125
-0.000480651855468763 -0.119499206542969 0.12646484375 0.0376434326171875
-0.0566787719726563 -0.105148315429688 0.147796630859375 0.0419158935546875
-0.0651092529296875 -0.0973663330078125 0.15643310546875 0.06488037109375
-0.09478759765625 -0.112960815429688 0.178314208984375 0.105560302734375
-0.06353759765625 -0.134262084960938 0.1240234375 0.177291870117188
0.024627685546875 -0.159423828125 0.0486907958984375 0.19403076171875
0.115219116210938 -0.107765197753906 -0.0591583251953125 0.139152526855469
0.170257568359375 0.058563232421875 -0.0920867919921875 0.03607177734375
0.0873260498046875 0.159225463867188 0.063140869140625 0.031463623046875
-0.0390777587890625 0.176773071289063 0.108428955078125 0.285247802734375
0.133491516113281 -0.0387115478515625 -0.136505126953125 -0.29248046875
-0.0012359619140625 -0.113571166992188 -0.0696830749511719 -0.0598564147949219
-0.0689582824707031 -0.0532379150390625 0.105819702148437 -0.0325393676757812
-0.0650177001953125 0.0266571044921875 0.0956573486328125 -0.172210693359375
-0.0249176025390625 0.0591239929199219 -0.0315093994140625 -0.22503662109375
0.0158042907714844 0.0669898986816406 -0.16156005859375 -0.185409545898438
0.0117607116699219 0.0536346435546875 -0.222930908203125 -0.10430908203125
0.00668334960937501 0.05255126953125 -0.186981201171875 -0.0549774169921875
-0.00264739990234375 0.0625381469726562 -0.168869018554688 -0.038970947265625
-0.0458831787109375 0.0418853759765625 -0.145034790039063 -0.04876708984375
-0.0697174072265625 -0.0120811462402344 -0.134796142578125 -0.0530929565429688
-0.0398941040039062 -0.085357666015625 -0.142959594726563 -0.0908660888671875
0.0616912841796875 -0.111610412597656 -0.15496826171875 -0.147567749023437
0.147750854492188 -0.073638916015625 -0.2373046875 -0.211380004882813
0.18414306640625 0.0057525634765625 -0.272567749023438 -0.26708984375
0.221481323242188 0.077667236328125 -0.07501220703125 -0.3050537109375
0.115455627441406 -0.06085205078125 -0.03350830078125 -0.0732650756835938
0.0556259155273438 -0.0714111328125 0.130294799804688 -0.029327392578125
-0.00118637084960938 -0.0582962036132813 0.122467041015625 -0.178848266601563
-0.0219917297363281 -0.0339851379394531 -0.0050201416015625 -0.239089965820313
-0.0448150634765625 -0.00913619995117187 -0.1536865234375 -0.205596923828125
-0.0698051452636719 0.00291061401367187 -0.219345092773438 -0.11444091796875
-0.0653762817382813 0.00032424926757812 -0.18017578125 -0.052978515625
-0.0841522216796875 0.00459289550781248 -0.159500122070313 -0.038848876953125
-0.09326171875 -0.0362167358398437 -0.137527465820313 -0.0383224487304688
-0.061279296875 -0.104942321777344 -0.120010375976562 -0.036895751953125
0.026031494140625 -0.152114868164062 -0.131111145019531 -0.070465087890625
0.173934936523438 -0.0976715087890625 -0.143692016601563 -0.112442016601563
0.255523681640625 -0.00872802734375 -0.208709716796875 -0.178085327148438
0.261383056640625 0.117706298828125 -0.222244262695313 -0.227020263671875
0.273529052734375 0.191986083984375 0.0120697021484375 -0.270050048828125
0.217041015625 0.01824951171875 0.0255088806152344 -0.0579719543457031
0.187667846679688 -0.0655517578125 0.160186767578125 -0.0107269287109375
0.0809173583984375 -0.134574890136719 0.156173706054688 -0.163970947265625
-0.00340270996093749 -0.127601623535156 0.036529541015625 -0.22930908203125
-0.0922470092773438 -0.0911026000976563 -0.120223999023438 -0.208953857421875
-0.138412475585937 -0.0524673461914062 -0.186965942382813 -0.114532470703125
-0.126724243164062 -0.0517654418945312 -0.147247314453125 -0.0421905517578125
-0.154998779296875 -0.04974365234375 -0.124313354492188 -0.0273284912109375
-0.13763427734375 -0.10125732421875 -0.110633850097656 -0.01190185546875
-0.06390380859375 -0.182052612304687 -0.094482421875 -0.00415802001953125
0.063720703125 -0.2109375 -0.117111206054688 -0.0355911254882813
0.252838134765625 -0.100982666015625 -0.132781982421875 -0.0725173950195312
0.32958984375 0.02886962890625 -0.164642333984375 -0.138946533203125
0.30804443359375 0.198333740234375 -0.1539306640625 -0.156051635742188
0.277557373046875 0.281494140625 0.109649658203125 -0.187973022460937
0.279037475585937 0.1068115234375 0.0972747802734375 -0.0138320922851562
0.296142578125 -0.031524658203125 0.188613891601563 0.02301025390625
0.166259765625 -0.181594848632813 0.187515258789062 -0.122940063476563
0.029541015625 -0.202224731445313 0.0828704833984375 -0.190689086914063
-0.118789672851563 -0.163894653320313 -0.0664215087890625 -0.187469482421875
-0.183700561523438 -0.101806640625 -0.12847900390625 -0.100570678710937
-0.168075561523438 -0.095184326171875 -0.0923843383789063 -0.0247726440429687
-0.20562744140625 -0.0921783447265625 -0.0685958862304688 -0.00861358642578125
-0.169937133789063 -0.147354125976563 -0.0643806457519531 0.0217819213867187
-0.0691986083984375 -0.234771728515625 -0.0575332641601563 0.0338172912597656
0.08203125 -0.248443603515625 -0.0972900390625 0.00370025634765622
0.295196533203125 -0.1036376953125 -0.118026733398438 -0.03839111328125
0.36163330078125 0.05474853515625 -0.108306884765625 -0.105606079101562
0.3116455078125 0.248931884765625 -0.0725479125976562 -0.0703582763671875
0.231781005859375 0.32305908203125 0.201187133789063 -0.071624755859375
0.277862548828125 0.183456420898437 0.168197631835938 0.053253173828125
0.346343994140625 0.0279541015625 0.204574584960938 0.0651397705078125
0.230484008789062 -0.1802978515625 0.2056884765625 -0.061492919921875
0.0688934326171875 -0.23577880859375 0.121856689453125 -0.127517700195313
-0.118621826171875 -0.211517333984375 -0.00263977050781251 -0.142593383789063
-0.198104858398437 -0.136306762695313 -0.0522308349609375 -0.0733413696289063
-0.184295654296875 -0.123764038085938 -0.0247440338134766 -0.00420761108398439
-0.227920532226562 -0.120712280273438 -0.000251770019531264 0.0137052536010742
-0.181259155273438 -0.172988891601563 -0.00805282592773438 0.0576934814453125
-0.0643310546875 -0.259185791015625 -0.0156478881835938 0.0724716186523437
0.0953216552734375 -0.25579833984375 -0.0751571655273438 0.0412368774414062
0.306396484375 -0.085693359375 -0.101898193359375 -0.0127487182617188
0.347503662109375 0.084197998046875 -0.047119140625 -0.078338623046875
0.272796630859375 0.272369384765625 0.00992393493652345 0.0208072662353516
0.145751953125 0.304595947265625 0.271392822265625 0.0530853271484375
0.21368408203125 0.22076416015625 0.223419189453125 0.12786865234375
0.318084716796875 0.090911865234375 0.204071044921875 0.103485107421875
0.248947143554687 -0.133468627929688 0.202224731445313 0.00495910644531249
0.0982666015625 -0.218704223632813 0.142257690429688 -0.05389404296875
-0.0944976806640625 -0.218780517578125 0.0571136474609375 -0.0821990966796875
-0.1806640625 -0.149063110351563 0.0285568237304687 -0.0377578735351563
-0.172073364257813 -0.132904052734375 0.0472679138183594 0.016998291015625
-0.216995239257813 -0.132781982421875 0.0706329345703125 0.0377120971679688
-0.166976928710938 -0.179412841796875 0.0499267578125 0.09381103515625
-0.045684814453125 -0.254989624023438 0.0222930908203125 0.110984802246094
0.10968017578125 -0.23297119140625 -0.0563430786132812 0.07696533203125
0.290130615234375 -0.0458984375 -0.0900650024414062 0.00769805908203123
0.294342041015625 0.11932373046875 0.00753402709960939 -0.050079345703125
0.195556640625 0.272109985351562 0.07958984375 0.112403869628906
0.03399658203125 0.2288818359375 0.306915283203125 0.16143798828125
0.104904174804688 0.206405639648438 0.252212524414062 0.189498901367187
0.220062255859375 0.129440307617188 0.188995361328125 0.126983642578125
0.210006713867188 -0.0627288818359375 0.182586669921875 0.0567779541015625
0.104171752929687 -0.157821655273438 0.142669677734375 0.00978088378906249
-0.0558624267578125 -0.184677124023438 0.102096557617187 -0.0205535888671875
-0.133941650390625 -0.135391235351563 0.0989913940429687 -0.000747680664062508
-0.132621765136719 -0.122421264648438 0.112068176269531 0.0369415283203125
-0.173110961914063 -0.126846313476563 0.134872436523438 0.064453125
-0.129959106445312 -0.16461181640625 0.100204467773437 0.130661010742188
-0.0178375244140625 -0.221038818359375 0.0493011474609375 0.150238037109375
0.115936279296875 -0.184600830078125 -0.0469741821289063 0.1107177734375
0.246856689453125 0.00244140625 -0.0850143432617187 0.0258331298828125
0.207763671875 0.147384643554688 0.0474166870117188 -0.0147476196289062
0.0907135009765625 0.241912841796875 0.12237548828125 0.19970703125
-0.0809173583984375 0.114181518554688 0.311737060546875 0.226409912109375
-0.0182647705078125 0.147308349609375 0.257476806640625 0.219635009765625
0.0851669311523438 0.131782531738281 0.17022705078125 0.127731323242188
0.129356384277344 0.00981903076171875 0.158782958984375 0.0836029052734375
0.0840225219726563 -0.0724945068359375 0.131401062011719 0.0490875244140625
-0.0111541748046875 -0.117500305175781 0.128852844238281 0.02490234375
-0.065826416015625 -0.09930419921875 0.149185180664063 0.027557373046875
-0.072998046875 -0.0911941528320312 0.1591796875 0.05126953125
-0.103996276855469 -0.101829528808594 0.182861328125 0.0890960693359375
-0.0751419067382813 -0.126625061035156 0.135528564453125 0.164596557617188
0.0095367431640625 -0.159698486328125 0.0623321533203125 0.186111450195313
0.104927062988281 -0.116439819335937 -0.048858642578125 0.141159057617188
0.173904418945313 0.0439605712890625 -0.0898590087890625 0.0425338745117188
0.097930908203125 0.150192260742188 0.0639915466308594 0.0228652954101563
-0.02471923828125 0.177978515625 0.129867553710937 0.271194458007813
0.134384155273437 -0.0493545532226562 -0.157318115234375 -0.28167724609375
-0.00946044921875 -0.113746643066406 -0.0754165649414063 -0.0502700805664062
-0.074920654296875 -0.04925537109375 0.107246398925781 -0.0393295288085938
-0.06427001953125 0.0310249328613281 0.085784912109375 -0.179641723632813
-0.0212669372558594 0.06231689453125 -0.0464324951171875 -0.223968505859375
0.0216064453125 0.0672454833984375 -0.173355102539062 -0.174713134765625
0.0169029235839844 0.053924560546875 -0.23040771484375 -0.0881195068359375
0.0117835998535156 0.0515861511230469 -0.190582275390625 -0.0418853759765625
0.00368499755859374 0.0621147155761719 -0.171890258789062 -0.02545166015625
-0.0409469604492187 0.0466766357421875 -0.149169921875 -0.0374755859375
-0.0700950622558594 -0.00571823120117187 -0.140525817871094 -0.0436630249023437
-0.047088623046875 -0.082916259765625 -0.152359008789063 -0.08367919921875
0.0536346435546875 -0.117156982421875 -0.166549682617187 -0.142333984375
0.143051147460938 -0.0854339599609375 -0.252960205078125 -0.197921752929687
0.186431884765625 -0.0063323974609375 -0.293212890625 -0.24871826171875
0.230789184570312 0.062103271484375 -0.098236083984375 -0.298980712890625
0.11041259765625 -0.0684738159179688 -0.0409088134765625 -0.0667686462402344
0.0492630004882813 -0.0769195556640625 0.131446838378906 -0.0367507934570313
-0.00697708129882813 -0.0587196350097656 0.113128662109375 -0.187454223632813
-0.0246620178222656 -0.0312118530273438 -0.0194854736328125 -0.240692138671875
-0.0450820922851563 -0.00359344482421875 -0.166946411132812 -0.195892333984375
-0.0686073303222656 0.00980377197265626 -0.228134155273437 -0.098388671875
-0.064422607421875 0.00484466552734375 -0.182647705078125 -0.039947509765625
-0.0819931030273438 0.011199951171875 -0.162368774414063 -0.0256500244140625
-0.0942916870117188 -0.02752685546875 -0.141067504882813 -0.02691650390625
-0.068389892578125 -0.098541259765625 -0.124984741210938 -0.0282211303710938
0.0141143798828125 -0.154159545898438 -0.138999938964844 -0.0640029907226563
0.167861938476563 -0.1116943359375 -0.15289306640625 -0.107772827148437
0.25433349609375 -0.0286102294921875 -0.22271728515625 -0.167556762695313
0.2725830078125 0.0998382568359375 -0.240036010742187 -0.211898803710938
0.290985107421875 0.173614501953125 -0.008544921875 -0.270538330078125
0.21710205078125 0.0036773681640625 0.0183525085449219 -0.0560989379882813
0.182968139648438 -0.081451416015625 0.1636962890625 -0.019317626953125
0.069488525390625 -0.14056396484375 0.148834228515625 -0.174041748046875
-0.0127182006835938 -0.126731872558594 0.0235137939453125 -0.2342529296875
-0.0984573364257812 -0.081634521484375 -0.134170532226563 -0.201797485351562
-0.14215087890625 -0.039825439453125 -0.195846557617188 -0.100677490234375
-0.130096435546875 -0.042510986328125 -0.1485595703125 -0.0314483642578125
-0.157485961914063 -0.0364990234375 -0.126724243164063 -0.0165863037109375
-0.143646240234375 -0.0887908935546875 -0.112274169921875 -0.00218963623046877
-0.0778350830078125 -0.175262451171875 -0.0973968505859375 0.00287628173828126
0.047821044921875 -0.215774536132813 -0.123245239257812 -0.0296249389648438
0.247329711914063 -0.120819091796875 -0.139434814453125 -0.0686874389648438
0.3321533203125 0.004486083984375 -0.1766357421875 -0.131057739257813
0.324462890625 0.178680419921875 -0.166366577148437 -0.145370483398438
0.300201416015625 0.263092041015625 0.0953369140625 -0.194717407226562
0.284881591796875 0.088653564453125 0.0931167602539063 -0.0168609619140625
0.2955322265625 -0.05462646484375 0.193817138671875 0.0139923095703125
0.151947021484375 -0.193634033203125 0.183731079101563 -0.134262084960938
0.015380859375 -0.204483032226563 0.0738525390625 -0.199050903320313
-0.130950927734375 -0.1529541015625 -0.079315185546875 -0.185104370117188
-0.191360473632812 -0.0864410400390625 -0.135955810546875 -0.09112548828125
-0.175872802734375 -0.08294677734375 -0.092742919921875 -0.0178298950195313
-0.211654663085938 -0.0736083984375 -0.0701675415039063 -0.00182342529296876
-0.180221557617188 -0.13201904296875 -0.0644645690917969 0.0286407470703125
-0.088104248046875 -0.226943969726562 -0.0585403442382813 0.038421630859375
0.0630645751953125 -0.254791259765625 -0.100349426269531 0.00936889648437498
0.289215087890625 -0.12628173828125 -0.12322998046875 -0.0344390869140625
0.36541748046875 0.027313232421875 -0.117744445800781 -0.101287841796875
0.33203125 0.229583740234375 -0.0788803100585937 -0.0648117065429687
0.25628662109375 0.30841064453125 0.195663452148438 -0.08599853515625
0.289215087890625 0.1656494140625 0.16876220703125 0.044189453125
0.3514404296875 0.00238037109375 0.211761474609375 0.0566253662109375
0.217391967773437 -0.196609497070312 0.20660400390625 -0.072418212890625
0.05267333984375 -0.240554809570313 0.117828369140625 -0.138275146484375
-0.134048461914063 -0.20050048828125 -0.01251220703125 -0.144699096679688
-0.209274291992187 -0.120193481445313 -0.0579910278320313 -0.0696601867675781
-0.194015502929687 -0.110427856445313 -0.0240077972412109 -0.00138092041015626
-0.236541748046875 -0.100509643554688 -0.00061416625976564 0.0158843994140625
-0.194015502929688 -0.156646728515625 -0.00531005859375002 0.06005859375
-0.0853118896484375 -0.253067016601563 -0.01318359375 0.0738677978515625
0.0757598876953125 -0.263763427734375 -0.074676513671875 0.0455780029296875
0.3018798828125 -0.1090087890625 -0.105224609375 -0.00912475585937503
0.353668212890625 0.0587158203125 -0.05450439453125 -0.077301025390625
0.294158935546875 0.2552490234375 0.0102081298828125 0.0207672119140625
0.167724609375 0.2962646484375 0.274734497070312 0.0344696044921875
0.227096557617187 0.2078857421875 0.229995727539063 0.11431884765625
0.327239990234375 0.068084716796875 0.212966918945313 0.0957794189453125
0.2391357421875 -0.150543212890625 0.207382202148438 -0.00532531738281251
0.0838623046875 -0.225936889648438 0.1434326171875 -0.06463623046875
-0.110809326171875 -0.210723876953125 0.0514678955078125 -0.088623046875
-0.192962646484375 -0.134613037109375 0.0250663757324219 -0.0405197143554688
-0.18267822265625 -0.120834350585938 0.049224853515625 0.0146751403808594
-0.227127075195313 -0.113815307617187 0.0716018676757812 0.034637451171875
-0.181411743164063 -0.1649169921875 0.0550689697265625 0.0914077758789062
-0.06658935546875 -0.250106811523438 0.0279617309570313 0.10955810546875
0.091796875 -0.242050170898438 -0.0531005859375 0.0803298950195312
0.28948974609375 -0.068389892578125 -0.0911102294921875 0.0118484497070312
0.30291748046875 0.097808837890625 0.00286102294921877 -0.0533180236816406
0.21636962890625 0.26068115234375 0.0867538452148438 0.107391357421875
0.04986572265625 0.227462768554688 0.31964111328125 0.139923095703125
0.11749267578125 0.201065063476563 0.263885498046875 0.174591064453125
0.231903076171875 0.114639282226563 0.19854736328125 0.119491577148438
0.206634521484375 -0.077239990234375 0.190933227539063 0.048980712890625
0.09417724609375 -0.165283203125 0.147903442382813 -0.00070190429687501
-0.068878173828125 -0.179702758789063 0.101188659667969 -0.0303955078125
-0.145645141601563 -0.124862670898438 0.098663330078125 -0.00913238525390626
-0.142364501953125 -0.112197875976563 0.115180969238281 0.0292816162109375
-0.18377685546875 -0.11236572265625 0.137916564941406 0.0560531616210938
-0.143112182617188 -0.153335571289063 0.107521057128906 0.124374389648437
-0.0362548828125 -0.219879150390625 0.0579376220703125 0.146530151367188
0.102340698242188 -0.193527221679688 -0.0410919189453125 0.113433837890625
0.249496459960938 -0.0159149169921875 -0.0847015380859375 0.0306243896484375
0.218765258789063 0.132888793945313 0.0458946228027344 -0.0208587646484375
0.108856201171875 0.237106323242188 0.13555908203125 0.191131591796875
-0.0747756958007813 0.120048522949219 0.328094482421875 0.2039794921875
-0.00862121582031251 0.150161743164063 0.272109985351563 0.203399658203125
0.0968475341796875 0.126693725585938 0.179412841796875 0.12139892578125
0.131576538085938 0.00030517578125 0.167724609375 0.0769195556640625
0.0800704956054688 -0.0785064697265625 0.138687133789063 0.0400772094726562
-0.0197906494140625 -0.11663818359375 0.132286071777344 0.0134963989257812
-0.0744247436523438 -0.0950546264648437 0.150894165039063 0.0156402587890625
-0.0805740356445312 -0.0862197875976563 0.162551879882813 0.0401763916015625
-0.113258361816406 -0.0929183959960937 0.187591552734375 0.0765228271484375
-0.0865402221679688 -0.120773315429687 0.146255493164062 0.155776977539062
-0.00384521484375 -0.162002563476563 0.07354736328125 0.181503295898438
0.0969390869140625 -0.125396728515625 -0.04052734375 0.144378662109375
0.179214477539063 0.032379150390625 -0.0882186889648437 0.0474014282226562
0.108718872070313 0.145034790039063 0.0655517578125 0.0159034729003906
-0.012451171875 0.180770874023438 0.148574829101563 0.262344360351562
0.136680603027344 -0.0632247924804688 -0.18280029296875 -0.273239135742187
-0.019775390625 -0.115135192871094 -0.0809860229492188 -0.0403213500976562
-0.0826416015625 -0.044464111328125 0.109123229980469 -0.0481414794921875
-0.0640907287597656 0.0371246337890625 0.0752105712890625 -0.190567016601563
-0.0171775817871094 0.0660400390625 -0.0645294189453125 -0.224319458007813
0.0296630859375 0.06829833984375 -0.188400268554687 -0.16497802734375
0.0237197875976563 0.05419921875 -0.240921020507812 -0.071136474609375
0.0176467895507813 0.0507583618164063 -0.196746826171875 -0.027435302734375
0.011199951171875 0.06219482421875 -0.176925659179688 -0.0107269287109375
-0.0354995727539062 0.051971435546875 -0.155776977539063 -0.02496337890625
-0.0712661743164063 0.00122833251953124 -0.148284912109375 -0.0330810546875
-0.0563583374023437 -0.08050537109375 -0.165451049804688 -0.0755157470703125
0.0445098876953125 -0.124908447265625 -0.182388305664063 -0.136810302734375
0.137748718261719 -0.0997467041015625 -0.2740478515625 -0.183944702148438
0.19189453125 -0.0220184326171875 -0.32098388671875 -0.23004150390625
0.244552612304688 0.042724609375 -0.124114990234375 -0.295806884765625
0.105865478515625 -0.0781326293945313 -0.0483932495117187 -0.0599212646484375
0.0425033569335938 -0.0836410522460938 0.135078430175781 -0.047119140625
-0.0135879516601562 -0.0588188171386719 0.103256225585937 -0.200668334960938
-0.0286693572998047 -0.0288944244384766 -0.0379180908203125 -0.244979858398438
-0.0441513061523438 0.00258255004882813 -0.184661865234375 -0.186920166015625
-0.0681114196777344 0.0174636840820313 -0.240005493164063 -0.081146240234375
-0.0645294189453125 0.010406494140625 -0.1883544921875 -0.026031494140625
-0.0804443359375 0.01849365234375 -0.1673583984375 -0.0111846923828125
-0.0957870483398438 -0.018585205078125 -0.147003173828125 -0.0147857666015625
-0.0778884887695313 -0.092529296875 -0.131744384765625 -0.0183868408203125
0.000656127929687507 -0.157806396484375 -0.150833129882813 -0.055816650390625
0.162033081054688 -0.12890625 -0.166473388671875 -0.102996826171875
0.256423950195313 -0.051422119140625 -0.241867065429687 -0.155258178710938
0.288482666015625 0.080963134765625 -0.263916015625 -0.197174072265625
0.314300537109375 0.1533203125 -0.0309295654296875 -0.273910522460938
0.220672607421875 -0.01214599609375 0.0121955871582031 -0.0539474487304688
0.179428100585938 -0.10009765625 0.168899536132813 -0.0301055908203125
0.0577850341796875 -0.148971557617188 0.142135620117188 -0.188644409179687
-0.0238037109375 -0.127555847167969 0.00708007812500001 -0.242752075195313
-0.1064453125 -0.072113037109375 -0.1524658203125 -0.195541381835937
-0.147476196289063 -0.02655029296875 -0.20751953125 -0.0859527587890625
-0.135734558105469 -0.0318603515625 -0.152420043945313 -0.01959228515625
-0.161911010742188 -0.0222930908203125 -0.130455017089844 -0.00425720214843748
-0.152008056640625 -0.0760345458984375 -0.115379333496094 0.00868225097656251
-0.093994140625 -0.1697998046875 -0.101982116699219 0.0115127563476562
0.030029296875 -0.223495483398438 -0.131767272949219 -0.022003173828125
0.24310302734375 -0.145339965820313 -0.150039672851562 -0.0644378662109375
0.33758544921875 -0.02471923828125 -0.19293212890625 -0.122283935546875
0.347412109375 0.156890869140625 -0.183151245117187 -0.134689331054688
0.330657958984375 0.2447509765625 0.0806121826171875 -0.205764770507812
0.29620361328125 0.0694580078125 0.0907974243164063 -0.02069091796875
0.297760009765625 -0.081268310546875 0.202423095703125 0.002899169921875
0.13787841796875 -0.209228515625 0.181625366210937 -0.149993896484375
-0.00129699707031249 -0.209030151367188 0.0625457763671875 -0.211532592773438
-0.14532470703125 -0.142120361328125 -0.0960693359375001 -0.1837158203125
-0.201812744140625 -0.069091796875 -0.146530151367188 -0.0810699462890625
-0.185653686523438 -0.0693817138671875 -0.0944137573242188 -0.00985717773437499
-0.22113037109375 -0.054718017578125 -0.072509765625 0.00666046142578124
-0.193511962890625 -0.116241455078125 -0.0647201538085938 0.0366363525390625
-0.109344482421875 -0.22137451171875 -0.0591964721679688 0.0452079772949219
0.0416412353515625 -0.264785766601563 -0.105400085449219 0.0159912109375
0.285186767578125 -0.154571533203125 -0.130355834960937 -0.0295944213867188
0.374237060546875 -0.00421142578125 -0.130516052246094 -0.09686279296875
0.3604736328125 0.207794189453125 -0.08709716796875 -0.0586776733398437
0.28814697265625 0.29583740234375 0.1917724609375 -0.102798461914062
0.306488037109375 0.1483154296875 0.172897338867188 0.035430908203125
0.359588623046875 -0.027862548828125 0.223587036132813 0.046051025390625
0.204147338867188 -0.21759033203125 0.210067749023438 -0.08831787109375
0.035064697265625 -0.249496459960938 0.11322021484375 -0.153228759765625
-0.152587890625 -0.190902709960938 -0.0245819091796875 -0.148239135742188
-0.223480224609375 -0.102996826171875 -0.0655441284179688 -0.0661430358886719
-0.20697021484375 -0.095916748046875 -0.0228309631347656 0.00104713439941406
-0.248703002929687 -0.0797119140625 -0.000864028930664079 0.0183353424072266
-0.210556030273438 -0.140472412109375 -0.00209426879882814 0.0635566711425781
-0.109664916992187 -0.247314453125 -0.0109024047851563 0.0773544311523437
0.0548095703125 -0.275115966796875 -0.0754470825195313 0.0514373779296875
0.299560546875 -0.138153076171875 -0.110221862792969 -0.00359344482421876
0.364471435546875 0.02886962890625 -0.0638046264648437 -0.0776443481445312
0.32318115234375 0.23760986328125 0.0114784240722656 0.0210285186767578
0.195068359375 0.289306640625 0.282745361328125 0.0130615234375
0.24639892578125 0.196319580078125 0.240585327148438 0.101089477539063
0.341278076171875 0.041778564453125 0.227096557617188 0.0865020751953125
0.231201171875 -0.17333984375 0.216445922851563 -0.0188751220703125
0.068115234375 -0.23699951171875 0.1451416015625 -0.080291748046875
-0.130279541015625 -0.203216552734375 0.0451278686523437 -0.096282958984375
-0.208969116210938 -0.118881225585937 0.0215263366699219 -0.0436553955078125
-0.196929931640625 -0.10736083984375 0.0526199340820312 0.0118293762207031
-0.239959716796875 -0.09381103515625 0.074920654296875 0.0316390991210937
-0.198806762695312 -0.14971923828125 0.0617599487304687 0.0901718139648438
-0.0905609130859375 -0.247482299804687 0.034576416015625 0.109718322753906
0.072235107421875 -0.254547119140625 -0.0503005981445312 0.0853042602539062
0.29083251953125 -0.094696044921875 -0.0938644409179688 0.0172119140625
0.3165283203125 0.073974609375 -0.0034370422363281 -0.0571823120117187
0.2431640625 0.2496337890625 0.096160888671875 0.102691650390625
0.068817138671875 0.228408813476562 0.3359375 0.11676025390625
0.134811401367188 0.197677612304688 0.280548095703125 0.158782958984375
0.248077392578125 0.097503662109375 0.213882446289063 0.112075805664062
0.204208374023438 -0.0958099365234375 0.203399658203125 0.037017822265625
0.083404541015625 -0.176742553710938 0.154449462890625 -0.0140838623046875
-0.0860443115234375 -0.176559448242187 0.100448608398438 -0.041229248046875
-0.159912109375 -0.114303588867188 0.0989227294921875 -0.01849365234375
-0.155517578125 -0.102569580078125 0.120742797851562 0.0212936401367187
-0.196395874023438 -0.0965728759765625 0.143798828125 0.0472869873046875
-0.16021728515625 -0.142074584960938 0.118499755859375 0.119087219238281
-0.056793212890625 -0.220428466796875 0.0691375732421875 0.144088745117188
0.087615966796875 -0.207244873046875 -0.0348968505859375 0.118568420410156
0.254791259765625 -0.037078857421875 -0.0852813720703125 0.0362625122070313
0.23382568359375 0.1177978515625 0.0438346862792969 -0.0281143188476562
0.130996704101563 0.23431396484375 0.153335571289063 0.184234619140625
-0.0671768188476563 0.128776550292969 0.35089111328125 0.180877685546875
0.00225830078124998 0.155532836914063 0.292938232421875 0.1866455078125
0.111495971679688 0.1217041015625 0.19329833984375 0.114364624023438
0.134902954101562 -0.010772705078125 0.181640625 0.0677490234375
0.0765762329101563 -0.0868911743164063 0.148300170898438 0.029296875
-0.0306854248046875 -0.117424011230469 0.136299133300781 0.000633239746093743
-0.0862350463867188 -0.0911331176757813 0.154342651367187 0.00205993652343749
-0.0905303955078125 -0.0824050903320313 0.169509887695312 0.027862548828125
-0.123672485351563 -0.0840530395507812 0.196014404296875 0.0637969970703125
-0.0996627807617188 -0.115020751953125 0.1600341796875 0.14788818359375
-0.0182952880859375 -0.16510009765625 0.087677001953125 0.178329467773438
0.088531494140625 -0.136947631835938 -0.031280517578125 0.150619506835938
0.187362670898438 0.0188140869140625 -0.0878677368164062 0.0540771484375
0.123565673828125 0.140670776367188 0.0679855346679688 0.00704574584960938
0.00175476074218749 0.186065673828125 0.171829223632813 0.2552490234375
0.1356201171875 -0.081878662109375 -0.215087890625 -0.259246826171875
-0.0327682495117187 -0.115447998046875 -0.086029052734375 -0.028350830078125
-0.09112548828125 -0.0362319946289063 0.109764099121094 -0.0607070922851562
-0.0631446838378906 0.0450630187988281 0.0583953857421875 -0.202178955078125
-0.0108184814453125 0.0705032348632812 -0.0882720947265625 -0.222732543945313
0.0398063659667969 0.0673675537109375 -0.207199096679687 -0.150070190429688
0.0324058532714844 0.0531845092773438 -0.252426147460938 -0.0470123291015625
0.0245895385742188 0.049407958984375 -0.203079223632813 -0.00736999511718754
0.0198554992675781 0.0609359741210937 -0.181045532226563 0.00856018066406251
-0.0281486511230469 0.0570220947265625 -0.161941528320313 -0.00814819335937501
-0.0720748901367188 0.010467529296875 -0.156814575195312 -0.0185394287109375
-0.0671157836914063 -0.076171875 -0.180526733398438 -0.0615692138671875
0.0309600830078125 -0.133514404296875 -0.202468872070313 -0.124740600585938
0.129234313964844 -0.116569519042969 -0.298858642578125 -0.161041259765625
0.196426391601562 -0.04278564453125 -0.35302734375 -0.2012939453125
0.257675170898438 0.0156402587890625 -0.158050537109375 -0.288818359375
0.099212646484375 -0.0897903442382813 -0.056640625 -0.0511283874511719
0.0321502685546875 -0.0909805297851562 0.136268615722656 -0.0607833862304688
-0.0224533081054688 -0.0577049255371094 0.086639404296875 -0.215805053710938
-0.0325260162353516 -0.0256328582763672 -0.063018798828125 -0.246856689453125
-0.0430946350097656 0.00928878784179688 -0.206787109375 -0.172943115234375
-0.065155029296875 0.0268516540527344 -0.25274658203125 -0.0572509765625
-0.0631103515625 0.0174522399902344 -0.194000244140625 -0.00651550292968749
-0.0781326293945312 0.0280380249023438 -0.171585083007813 0.00735473632812503
-0.0970916748046875 -0.0072174072265625 -0.15216064453125 0.00181579589843752
-0.0887908935546875 -0.0838470458984375 -0.138587951660156 -0.00408935546875001
-0.0168609619140625 -0.1605224609375 -0.1639404296875 -0.0433502197265625
0.150650024414063 -0.150360107421875 -0.183883666992187 -0.092437744140625
0.254135131835938 -0.0809783935546875 -0.264663696289063 -0.1351318359375
0.30609130859375 0.05291748046875 -0.29193115234375 -0.172882080078125
0.341064453125 0.12237548828125 -0.0607452392578125 -0.2762451171875
0.223480224609375 -0.0344696044921875 0.00529479980468752 -0.0515365600585938
0.171401977539063 -0.12255859375 0.173583984375 -0.046295166015625
0.0409088134765625 -0.157562255859375 0.129074096679687 -0.207260131835938
-0.0380325317382812 -0.127212524414063 -0.01611328125 -0.2515869140625
-0.1143798828125 -0.0597915649414062 -0.175918579101563 -0.185165405273437
-0.151504516601563 -0.00910949707031253 -0.220687866210938 -0.0655670166015625
-0.141189575195313 -0.01824951171875 -0.156219482421875 -0.00408935546874998
-0.165069580078125 -0.00367736816406247 -0.133476257324219 0.0112991333007812
-0.161056518554688 -0.0592041015625 -0.11749267578125 0.0230941772460937
-0.113784790039062 -0.1597900390625 -0.10540771484375 0.0232925415039063
0.00546264648437498 -0.230850219726563 -0.141067504882813 -0.0106353759765625
0.231597900390625 -0.17608642578125 -0.163375854492188 -0.0543060302734375
0.340240478515625 -0.062652587890625 -0.211334228515625 -0.106552124023437
0.37408447265625 0.124481201171875 -0.202423095703125 -0.117813110351562
0.366180419921875 0.2161865234375 0.06048583984375 -0.21820068359375
0.30914306640625 0.042144775390625 0.0884628295898438 -0.0258636474609375
0.295379638671875 -0.117034912109375 0.211410522460938 -0.014312744140625
0.116531372070313 -0.227859497070313 0.174957275390625 -0.171859741210938
-0.02313232421875 -0.213775634765625 0.0438995361328125 -0.226058959960938
-0.162078857421875 -0.126968383789063 -0.117782592773438 -0.178741455078125
-0.2127685546875 -0.0465545654296875 -0.157989501953125 -0.0665435791015625
-0.196746826171875 -0.0499725341796875 -0.0957717895507813 -2.28881835937374E-05
-0.229324340820313 -0.0301971435546875 -0.0733184814453125 0.0166473388671875
-0.207550048828125 -0.0949249267578125 -0.0629425048828125 0.0458793640136719
-0.135498046875 -0.211196899414062 -0.0581626892089844 0.0531768798828125
0.0135345458984375 -0.274200439453125 -0.109886169433594 0.0259552001953125
0.274688720703125 -0.189788818359375 -0.139945983886719 -0.0208587646484375
0.380218505859375 -0.0455322265625 -0.145645141601562 -0.0868072509765625
0.39263916015625 0.1754150390625 -0.0961837768554687 -0.0507736206054688
0.327789306640625 0.27197265625 0.184371948242188 -0.124801635742187
0.327880859375 0.122039794921875 0.176956176757813 0.0220947265625
0.365386962890625 -0.067535400390625 0.237518310546875 0.0292205810546875
0.184738159179688 -0.243881225585938 0.211502075195313 -0.110671997070313
0.0101165771484375 -0.259384155273438 0.1029052734375 -0.171890258789063
-0.175094604492188 -0.175567626953125 -0.041595458984375 -0.150527954101563
-0.239013671875 -0.0783843994140625 -0.074371337890625 -0.060272216796875
-0.221771240234375 -0.07440185546875 -0.021535873413086 0.00409317016601563
-0.260711669921875 -0.0519561767578125 0.00081253051757811 0.0216350555419922
-0.228530883789063 -0.117599487304688 0.00326156616210936 0.0675201416015625
-0.139495849609375 -0.238265991210938 -0.00589752197265626 0.0812149047851562
0.024658203125 -0.2864990234375 -0.075897216796875 0.0596542358398437
0.292388916015625 -0.17486572265625 -0.115486145019531 0.004302978515625
0.373779296875 -0.0108642578125 -0.0764083862304687 -0.0751266479492187
0.35760498046875 0.20965576171875 0.0131492614746094 0.0208053588867188
0.231430053710938 0.276107788085938 0.288818359375 -0.0162353515625
0.271224975585938 0.177658081054688 0.254074096679688 0.0812225341796875
0.3555908203125 0.005950927734375 0.244766235351563 0.0701904296875
0.217361450195313 -0.200439453125 0.22552490234375 -0.0402374267578125
0.04583740234375 -0.25054931640625 0.143447875976563 -0.100021362304688
-0.154266357421875 -0.191787719726563 0.0346832275390625 -0.104835510253906
-0.226608276367187 -0.096893310546875 0.0167503356933594 -0.0470504760742188
-0.2130126953125 -0.087554931640625 0.0561599731445312 0.00689315795898437
-0.254623413085937 -0.0675506591796875 0.0784454345703125 0.02685546875
-0.218704223632813 -0.128143310546875 0.0713653564453125 0.0882644653320312
-0.120849609375 -0.240585327148437 0.0437850952148437 0.10919189453125
0.04559326171875 -0.26800537109375 -0.0453567504882813 0.0914993286132812
0.2880859375 -0.129974365234375 -0.09649658203125 0.0246200561523438
0.330322265625 0.0408935546875 -0.011749267578125 -0.0614128112792969
0.277313232421875 0.230316162109375 0.108924865722656 0.0952377319335938
0.0937347412109375 0.226959228515625 0.35528564453125 0.084197998046875
0.157272338867188 0.190460205078125 0.301025390625 0.134429931640625
0.266250610351563 0.0735321044921875 0.232208251953125 0.0974273681640625
0.199172973632813 -0.118667602539063 0.216827392578125 0.01873779296875
0.0682830810546875 -0.190765380859375 0.16009521484375 -0.0325469970703125
-0.10650634765625 -0.169998168945313 0.0974960327148438 -0.054229736328125
-0.17718505859375 -0.0980224609375 0.0985031127929688 -0.0298385620117188
-0.171218872070312 -0.0877685546875 0.12603759765625 0.00975799560546875
-0.211212158203125 -0.074798583984375 0.150604248046875 0.0349273681640625
-0.179306030273438 -0.125473022460937 0.132225036621094 0.111618041992188
-0.083282470703125 -0.217315673828125 0.082763671875 0.140281677246094
0.0667724609375 -0.221939086914062 -0.02593994140625 0.124244689941406
0.258758544921875 -0.066253662109375 -0.085113525390625 0.0435104370117188
0.25164794921875 0.0952606201171875 0.0398483276367188 -0.0373382568359375
0.159881591796875 0.22650146484375 0.175796508789063 0.170928955078125
-0.056304931640625 0.139404296875 0.377197265625 0.147705078125
0.018463134765625 0.16070556640625 0.317596435546875 0.161865234375
0.129295349121094 0.113105773925781 0.21124267578125 0.101654052734375
0.137351989746094 -0.0257339477539063 0.197860717773438 0.0522003173828125
0.0702285766601563 -0.0981674194335938 0.158004760742188 0.013336181640625
-0.0444564819335938 -0.116355895996094 0.139015197753906 -0.0153579711914063
-0.09991455078125 -0.083160400390625 0.1573486328125 -0.015380859375
-0.103424072265625 -0.0742034912109375 0.176345825195313 0.0113677978515625
-0.135978698730469 -0.0716171264648438 0.206085205078125 0.0462646484375
-0.115341186523437 -0.104835510253906 0.177734375 0.135833740234375
-0.038299560546875 -0.1668701171875 0.105194091796875 0.173080444335938
0.07586669921875 -0.15118408203125 -0.018280029296875 0.156829833984375
0.195953369140625 -0.0010223388671875 -0.0854263305664063 0.0625762939453125
0.141326904296875 0.131881713867187 0.0685386657714844 -0.00397872924804687
0.021575927734375 0.190597534179688 0.20166015625 0.241790771484375
0.126670837402344 -0.103248596191406 -0.248016357421875 -0.231857299804687
-0.0478286743164062 -0.110824584960938 -0.0881118774414063 -0.0121383666992187
-0.0985183715820313 -0.0234909057617188 0.104713439941406 -0.07440185546875
-0.0592002868652344 0.05426025390625 0.0352783203125 -0.209442138671875
-0.00180816650390625 0.0738983154296875 -0.114227294921875 -0.211227416992188
0.0510711669921875 0.0620803833007813 -0.22479248046875 -0.125656127929687
0.0418014526367188 0.0481758117675781 -0.257736206054688 -0.016082763671875
0.0321121215820313 0.0447006225585938 -0.203689575195313 0.0172882080078125
0.0292320251464844 0.0564537048339844 -0.17974853515625 0.0321197509765625
-0.0180931091308594 0.0603866577148438 -0.164031982421875 0.0124969482421875
-0.0694580078125 0.0216293334960937 -0.16107177734375 0.0013580322265625
-0.0783615112304687 -0.066497802734375 -0.192337036132812 -0.039764404296875
0.0122299194335937 -0.138153076171875 -0.221588134765625 -0.102462768554688
0.114120483398438 -0.133499145507813 -0.31866455078125 -0.125030517578125
0.19366455078125 -0.0695648193359375 -0.380645751953125 -0.156005859375
0.261932373046875 -0.0200042724609375 -0.19512939453125 -0.268814086914062
0.0873870849609375 -0.102043151855469 -0.0625534057617188 -0.0386428833007812
0.0179901123046875 -0.0951995849609375 0.131980895996094 -0.0776214599609375
-0.0315170288085938 -0.0535545349121094 0.0630035400390625 -0.226547241210938
-0.0360374450683594 -0.0200347900390625 -0.09320068359375 -0.240158081054687
-0.0391349792480469 0.0158309936523438 -0.228134155273438 -0.147384643554687
-0.0587997436523438 0.0360298156738281 -0.259124755859375 -0.0253753662109375
-0.0600395202636719 0.0249671936035156 -0.193756103515625 0.017120361328125
-0.0724105834960938 0.0371551513671875 -0.17022705078125 0.030364990234375
-0.0949478149414063 0.00594329833984376 -0.152557373046875 0.022186279296875
-0.097808837890625 -0.0706787109375 -0.141433715820313 0.0135955810546875
-0.0385894775390625 -0.157608032226563 -0.174270629882813 -0.0243988037109375
0.130157470703125 -0.17034912109375 -0.199249267578125 -0.0728302001953125
0.242034912109375 -0.113861083984375 -0.282623291015625 -0.10345458984375
0.31561279296875 0.01300048828125 -0.31488037109375 -0.136627197265625
0.360015869140625 0.076446533203125 -0.0970611572265625 -0.26898193359375
0.218856811523438 -0.06170654296875 -0.00243377685546874 -0.0472335815429688
0.153823852539063 -0.145904541015625 0.172393798828125 -0.0662841796875
0.0189666748046875 -0.161880493164063 0.107086181640625 -0.22412109375
-0.0546112060546875 -0.121627807617188 -0.0466461181640625 -0.251846313476563
-0.119979858398437 -0.04327392578125 -0.199295043945312 -0.164108276367188
-0.150863647460937 0.0120697021484375 -0.22845458984375 -0.0366973876953125
-0.142730712890625 0.000305175781250017 -0.155563354492188 0.0147705078125
-0.163055419921875 0.0184326171875 -0.131828308105469 0.0301971435546875
-0.165756225585937 -0.03607177734375 -0.11505126953125 0.0396652221679688
-0.132965087890625 -0.142593383789063 -0.105018615722656 0.03790283203125
-0.024200439453125 -0.2308349609375 -0.147567749023438 0.00584411621093748
0.208053588867188 -0.206802368164063 -0.174362182617188 -0.03741455078125
0.3297119140625 -0.10711669921875 -0.22747802734375 -0.0815582275390625
0.39410400390625 0.077117919921875 -0.218353271484375 -0.091949462890625
0.397430419921875 0.168212890625 0.0317840576171875 -0.226638793945313
0.314117431640625 0.005279541015625 0.0832748413085938 -0.0323867797851563
0.280105590820313 -0.15667724609375 0.214736938476563 -0.03778076171875
0.0859527587890625 -0.242019653320313 0.159072875976563 -0.193984985351563
-0.0506439208984375 -0.210906982421875 0.0171966552734375 -0.235092163085938
-0.176025390625 -0.10400390625 -0.140533447265625 -0.164566040039063
-0.217636108398437 -0.016815185546875 -0.166473388671875 -0.0462188720703125
-0.202362060546875 -0.0245819091796875 -0.0940093994140625 0.0114059448242188
-0.230621337890625 0.000869750976562541 -0.0712203979492188 0.0282516479492187
-0.217529296875 -0.0653228759765625 -0.0574226379394531 0.0564041137695312
-0.162017822265625 -0.190719604492188 -0.054534912109375 0.0621376037597656
-0.0222320556640625 -0.274917602539063 -0.111625671386719 0.0389328002929688
0.249343872070312 -0.22735595703125 -0.146774291992187 -0.00662231445312501
0.371307373046875 -0.0953369140625 -0.159912109375 -0.071044921875
0.417938232421875 0.1258544921875 -0.103118896484375 -0.038360595703125
0.364471435546875 0.23077392578125 0.16851806640625 -0.148895263671875
0.34332275390625 0.0836181640625 0.177688598632813 0.00367736816406251
0.357818603515625 -0.115692138671875 0.246566772460938 0.00338745117187499
0.15301513671875 -0.266357421875 0.203414916992188 -0.136978149414063
-0.0230255126953125 -0.261917114257813 0.0836029052734375 -0.18817138671875
-0.195968627929688 -0.151153564453125 -0.0616455078125 -0.1461181640625
-0.248428344726563 -0.04498291015625 -0.0819854736328125 -0.0501708984375
-0.23162841796875 -0.0453643798828125 -0.0192356109619141 0.00683021545410156
-0.26568603515625 -0.016021728515625 0.00321578979492186 0.0243377685546875
-0.242218017578125 -0.0849914550781249 0.01116943359375 0.0695228576660156
-0.169830322265625 -0.217269897460938 0.00205993652343749 0.0833892822265625
-0.012481689453125 -0.288970947265625 -0.0724029541015625 0.0685577392578125
0.268936157226563 -0.214370727539063 -0.119461059570313 0.0161666870117187
0.37103271484375 -0.06011962890625 -0.0889663696289062 -0.0674514770507813
0.387908935546875 0.165924072265625 0.0152263641357422 0.0188274383544922
0.267898559570313 0.247879028320313 0.286773681640625 -0.052642822265625
0.293853759765625 0.146514892578125 0.261505126953125 0.0529937744140625
0.35760498046875 -0.0391845703125 0.2579345703125 0.0435791015625
0.1920166015625 -0.228729248046875 0.225784301757813 -0.0680389404296875
0.0144500732421875 -0.258438110351563 0.133247375488281 -0.121688842773438
-0.17864990234375 -0.17022705078125 0.020263671875 -0.109977722167969
-0.239334106445312 -0.0651092529296875 0.0103034973144531 -0.0485763549804688
-0.224853515625 -0.0591583251953125 0.0584869384765625 -0.000228881835937504
-0.26263427734375 -0.031524658203125 0.081512451171875 0.0198211669921875
-0.23480224609375 -0.096832275390625 0.0819931030273437 0.0815353393554688
-0.152435302734375 -0.222305297851563 0.0549545288085938 0.104850769042969
0.01055908203125 -0.274459838867188 -0.0375137329101563 0.0969161987304687
0.272201538085938 -0.168106079101562 -0.0970001220703125 0.0343551635742188
0.33428955078125 -0.00189208984375 -0.0227165222167969 -0.0629730224609375
0.309173583984375 0.195648193359375 0.120620727539063 0.0813980102539063
0.123519897460938 0.216339111328125 0.36529541015625 0.038848876953125
0.182098388671875 0.172698974609375 0.316162109375 0.09942626953125
0.277786254882812 0.0396728515625 0.248260498046875 0.0734710693359375
0.183990478515625 -0.14483642578125 0.22479248046875 -0.00782775878906251
0.044677734375 -0.200836181640625 0.15899658203125 -0.0552520751953125
-0.128311157226563 -0.155227661132813 0.0898590087890625 -0.0675201416015625
-0.191070556640625 -0.07269287109375 0.0941925048828125 -0.042633056640625
-0.18426513671875 -0.0648651123046875 0.12872314453125 -0.00624847412109375
-0.220993041992188 -0.0459136962890625 0.154861450195313 0.018463134765625
-0.195220947265625 -0.09942626953125 0.145553588867188 0.09698486328125
-0.113479614257812 -0.205856323242187 0.0978546142578125 0.130905151367188
0.037445068359375 -0.23162841796875 -0.0125885009765625 0.127128601074219
0.252044677734375 -0.10101318359375 -0.0823898315429687 0.0523681640625
0.263412475585938 0.063201904296875 0.0323104858398438 -0.0454292297363281
0.190399169921875 0.207839965820313 0.196823120117188 0.1484375
-0.03936767578125 0.147323608398438 0.394500732421875 0.1004638671875
0.03936767578125 0.160247802734375 0.337127685546875 0.123992919921875
0.146377563476563 0.0969696044921875 0.227035522460937 0.0792388916015625
0.135147094726563 -0.0445632934570313 0.208724975585938 0.028228759765625
0.0583572387695312 -0.108924865722656 0.162933349609375 -0.00849914550781251
-0.0602874755859375 -0.110061645507812 0.136695861816406 -0.0345458984375
-0.112831115722656 -0.0683212280273438 0.153915405273438 -0.036529541015625
-0.11480712890625 -0.060882568359375 0.178619384765625 -0.0104827880859375
-0.146408081054688 -0.05267333984375 0.21142578125 0.02178955078125
-0.130035400390625 -0.088897705078125 0.193893432617188 0.115753173828125
-0.06121826171875 -0.162246704101562 0.125320434570312 0.16131591796875
0.0562591552734375 -0.162384033203125 -0.000747680664062503 0.15924072265625
0.199203491210938 -0.0263519287109375 -0.080078125 0.0719451904296875
0.159011840820313 0.114730834960938 0.0653228759765625 -0.0165176391601562
0.0459442138671875 0.189315795898438 0.232177734375 0.215499877929688
0.109230041503906 -0.119194030761719 -0.269134521484375 -0.193572998046875
-0.061126708984375 -0.10107421875 -0.0843658447265625 0.0034332275390625
-0.0998687744140625 -0.00870513916015625 0.0943603515625 -0.0851516723632813
-0.0518989562988281 0.0618934631347656 0.0110321044921875 -0.206802368164063
0.00811004638671875 0.0736083984375 -0.134323120117188 -0.1907958984375
0.0596084594726563 0.0523338317871094 -0.231277465820312 -0.09625244140625
0.0493316650390625 0.0397987365722656 -0.2501220703125 0.015869140625
0.0371360778808594 0.0378532409667969 -0.194427490234375 0.0421295166015625
0.036529541015625 0.0488395690917969 -0.168502807617188 0.0548553466796875
-0.00743103027343749 0.0597724914550781 -0.157638549804687 0.033203125
-0.0625724792480469 0.0307769775390625 -0.15765380859375 0.0209197998046875
-0.0853424072265625 -0.0533981323242188 -0.195053100585937 -0.015350341796875
-0.00731658935546876 -0.1348876953125 -0.228958129882813 -0.0735931396484375
0.092681884765625 -0.14337158203125 -0.323028564453125 -0.08282470703125
0.179611206054688 -0.0943756103515625 -0.38818359375 -0.102630615234375
0.251602172851563 -0.0563812255859375 -0.223495483398437 -0.235015869140625
0.0713958740234375 -0.109443664550781 -0.0641937255859375 -0.0247611999511719
0.00341033935546875 -0.0937423706054688 0.121337890625 -0.0908966064453125
-0.0392341613769531 -0.0463104248046875 0.03594970703125 -0.227218627929688
-0.037750244140625 -0.0130424499511719 -0.118438720703125 -0.221588134765625
-0.0327892303466797 0.0208339691162109 -0.23809814453125 -0.116241455078125
-0.0497817993164063 0.0422096252441406 -0.253036499023438 0.00802612304687495
-0.0538749694824219 0.0309181213378906 -0.185211181640625 0.040008544921875
-0.0627975463867187 0.0440711975097656 -0.16033935546875 0.0519866943359375
-0.0879898071289063 0.0178451538085937 -0.145156860351563 0.041259765625
-0.101760864257813 -0.0537948608398437 -0.13714599609375 0.0309600830078125
-0.0580902099609375 -0.146148681640625 -0.176223754882813 -0.00244140625000001
0.102584838867188 -0.181137084960938 -0.204849243164063 -0.0484466552734375
0.2177734375 -0.140090942382813 -0.28662109375 -0.06671142578125
0.30804443359375 -0.029022216796875 -0.322509765625 -0.091461181640625
0.35888671875 0.02618408203125 -0.128372192382812 -0.24822998046875
0.203872680664063 -0.086212158203125 -0.00878143310546874 -0.0400428771972656
0.12896728515625 -0.16070556640625 0.163253784179688 -0.0847625732421875
-0.00392150878906251 -0.156524658203125 0.07952880859375 -0.230804443359375
-0.0687332153320313 -0.1094970703125 -0.074798583984375 -0.240066528320312
-0.118812561035156 -0.0255126953125 -0.21282958984375 -0.1348876953125
-0.141189575195313 0.0321807861328125 -0.224868774414063 -0.00704956054687495
-0.136810302734375 0.0176239013671875 -0.147247314453125 0.0330810546875
-0.152572631835938 0.03790283203125 -0.123222351074219 0.0475540161132812
-0.160980224609375 -0.01324462890625 -0.106285095214844 0.0543441772460938
-0.144821166992188 -0.118820190429688 -0.0986404418945313 0.0504608154296875
-0.0533599853515625 -0.218475341796875 -0.146621704101563 0.0243988037109375
0.1737060546875 -0.227096557617188 -0.177749633789063 -0.0168914794921875
0.3023681640625 -0.14508056640625 -0.231292724609375 -0.051910400390625
0.39349365234375 0.023284912109375 -0.223556518554687 -0.061553955078125
0.407318115234375 0.111053466796875 0.00093078613281255 -0.223602294921875
0.304931640625 -0.033233642578125 0.0753555297851563 -0.0362548828125
0.250213623046875 -0.187591552734375 0.208160400390625 -0.0618133544921875
0.0515289306640625 -0.243408203125 0.134567260742188 -0.2080078125
-0.076171875 -0.197769165039063 -0.01141357421875 -0.2320556640625
-0.180877685546875 -0.0759429931640625 -0.156890869140625 -0.142227172851563
-0.209793090820313 0.0134429931640625 -0.165924072265625 -0.0233001708984375
-0.198715209960938 0.00228881835937502 -0.0881500244140625 0.02239990234375
-0.220321655273437 0.031341552734375 -0.0643959045410156 0.0387611389160156
-0.214981079101563 -0.0336456298828125 -0.0482177734375 0.0637855529785156
-0.179656982421875 -0.16094970703125 -0.0469894409179688 0.0685615539550781
-0.057586669921875 -0.2628173828125 -0.108100891113281 0.0515899658203125
0.211029052734375 -0.25262451171875 -0.147384643554687 0.00949096679687495
0.344024658203125 -0.138336181640625 -0.16595458984375 -0.0498809814453125
0.423126220703125 0.0682373046875 -0.105079650878906 -0.0244369506835937
0.383697509765625 0.176727294921875 0.142623901367188 -0.164657592773438
0.342437744140625 0.039093017578125 0.170166015625 -0.0133056640625
0.33172607421875 -0.158050537109375 0.243927001953125 -0.024688720703125
0.113739013671875 -0.276473999023438 0.184738159179688 -0.158523559570313
-0.055023193359375 -0.250839233398438 0.0585784912109375 -0.195709228515625
-0.206695556640625 -0.119033813476563 -0.078369140625 -0.133583068847656
-0.244918823242188 -0.00932312011718746 -0.0855484008789063 -0.037872314453125
-0.228866577148437 -0.01409912109375 -0.0161905288696289 0.00811290740966797
-0.256301879882813 0.020477294921875 0.0066394805908203 0.0260124206542969
-0.242111206054687 -0.0481719970703125 0.0194091796875 0.0685920715332031
-0.191375732421875 -0.185256958007813 0.0101547241210937 0.081695556640625
-0.0493316650390625 -0.27716064453125 -0.0659332275390625 0.0754852294921875
0.232147216796875 -0.242919921875 -0.117584228515625 0.028350830078125
0.347747802734375 -0.104644775390625 -0.0983047485351562 -0.0556564331054688
0.398651123046875 0.111328125 0.0166368484497071 0.0163679122924805
0.29058837890625 0.20574951171875 0.269256591796875 -0.087005615234375
0.302276611328125 0.106719970703125 0.257171630859375 0.0227813720703125
0.34259033203125 -0.083953857421875 0.259185791015625 0.014129638671875
0.156723022460938 -0.244216918945312 0.215347290039062 -0.095001220703125
-0.018310546875 -0.253097534179688 0.11529541015625 -0.13739013671875
-0.192581176757813 -0.140060424804688 0.00530242919921873 -0.109031677246094
-0.239669799804688 -0.0293426513671875 0.00329971313476562 -0.0480766296386719
-0.22564697265625 -0.0281219482421875 0.05810546875 -0.00786209106445313
-0.255859375 0.00526428222656248 0.0816726684570312 0.011260986328125
-0.23699951171875 -0.060455322265625 0.0892791748046875 0.0712432861328125
-0.17633056640625 -0.193466186523438 0.0644149780273437 0.0959930419921875
-0.025970458984375 -0.265884399414063 -0.028076171875 0.0986862182617187
0.241546630859375 -0.198837280273438 -0.0933990478515625 0.0434417724609375
0.321441650390625 -0.0443115234375 -0.0336189270019531 -0.0599365234375
0.324859619140625 0.15045166015625 0.126266479492188 0.0627670288085938
0.146743774414063 0.19482421875 0.357086181640625 -0.00823974609374999
0.197769165039063 0.146713256835938 0.315643310546875 0.0594482421875
0.276611328125 0.003173828125 0.252349853515625 0.0435638427734375
0.16009521484375 -0.16339111328125 0.220748901367188 -0.036041259765625
0.0179901123046875 -0.201873779296875 0.14837646484375 -0.0760345458984375
-0.143707275390625 -0.132415771484375 0.0773849487304688 -0.0774765014648438
-0.194686889648437 -0.043060302734375 0.0846176147460937 -0.0533065795898438
-0.187210083007813 -0.0382080078125 0.124542236328125 -0.0224685668945313
-0.219146728515625 -0.0135345458984375 0.151626586914063 0.000259399414062499
-0.200942993164063 -0.068695068359375 0.152206420898438 0.0782012939453125
-0.136764526367187 -0.182525634765625 0.108909606933594 0.115753173828125
0.00585937499999999 -0.228897094726563 0.000930786132812503 0.124526977539062
0.231887817382812 -0.131210327148438 -0.0769424438476562 0.0592041015625
0.261932373046875 0.028411865234375 0.0213279724121094 -0.0507354736328125
0.211593627929688 0.176803588867188 0.208465576171875 0.118682861328125
-0.020111083984375 0.14813232421875 0.393798828125 0.046966552734375
0.0587005615234375 0.151443481445313 0.338592529296875 0.080047607421875
0.156097412109375 0.074798583984375 0.231704711914062 0.052032470703125
0.125236511230469 -0.0607070922851563 0.209503173828125 0.001068115234375
0.0427322387695312 -0.114692687988281 0.158950805664063 -0.030303955078125
-0.0730743408203125 -0.0980682373046875 0.127037048339844 -0.051177978515625
-0.119476318359375 -0.0495834350585938 0.143966674804688 -0.0546112060546875
-0.120712280273438 -0.0429229736328125 0.171920776367188 -0.0328369140625
-0.149139404296875 -0.0305633544921875 0.20733642578125 -0.0036163330078125
-0.137535095214844 -0.067169189453125 0.201690673828125 0.089263916015625
-0.0821075439453125 -0.149169921875 0.138275146484375 0.141433715820313
0.03289794921875 -0.165939331054688 0.0167694091796875 0.154556274414062
0.19140625 -0.05206298828125 -0.0722732543945312 0.0778427124023438
0.168914794921875 0.09197998046875 0.0571365356445313 -0.0276069641113281
0.0692138671875 0.177276611328125 0.250885009765625 0.178802490234375
0.0905075073242188 -0.126556396484375 -0.275650024414063 -0.155715942382813
-0.0684280395507813 -0.0897216796875 -0.0762863159179688 0.0152359008789062
-0.097503662109375 0.00399017333984377 0.084136962890625 -0.0902099609375
-0.044036865234375 0.0663070678710938 -0.00666809082031248 -0.197891235351563
0.0159759521484375 0.0708084106445313 -0.14398193359375 -0.167953491210938
0.0640296936035156 0.0424118041992188 -0.227752685546875 -0.07135009765625
0.0526504516601563 0.0307044982910156 -0.235137939453125 0.0390777587890625
0.0398216247558594 0.0307273864746094 -0.180587768554688 0.0577850341796875
0.0400733947753906 0.0399208068847656 -0.154342651367188 0.0688629150390625
0.00176239013671875 0.0554580688476563 -0.14703369140625 0.0481109619140625
-0.0542030334472656 0.0360527038574219 -0.149810791015625 0.0356903076171875
-0.0871810913085938 -0.0409011840820312 -0.190353393554688 0.00479125976562497
-0.0220260620117188 -0.12628173828125 -0.225860595703125 -0.0492401123046875
0.0730438232421875 -0.144515991210938 -0.3133544921875 -0.049285888671875
0.161376953125 -0.109786987304688 -0.378265380859375 -0.0583496093750001
0.232772827148438 -0.081817626953125 -0.236221313476562 -0.19976806640625
0.0561981201171875 -0.110610961914063 -0.0615577697753906 -0.0123214721679688
-0.00785064697265626 -0.088165283203125 0.110061645507813 -0.098358154296875
-0.042877197265625 -0.0371322631835937 0.0153656005859375 -0.220138549804688
-0.0365715026855469 -0.006927490234375 -0.132431030273438 -0.20013427734375
-0.0263767242431641 0.0229358673095703 -0.23583984375 -0.088592529296875
-0.0399169921875 0.0442695617675781 -0.237945556640625 0.0321044921875
-0.0467414855957031 0.0333938598632812 -0.171340942382813 0.0551910400390625
-0.0536689758300781 0.0464286804199219 -0.146102905273437 0.0656280517578125
-0.0776443481445313 0.0248031616210938 -0.133857727050781 0.0542526245117187
-0.0992431640625 -0.039031982421875 -0.129547119140625 0.0430068969726563
-0.0702133178710938 -0.13165283203125 -0.171646118164063 0.0155029296875
0.0772552490234375 -0.18145751953125 -0.201889038085937 -0.0273284912109375
0.190704345703125 -0.153884887695313 -0.277877807617188 -0.0365447998046876
0.2906494140625 -0.060760498046875 -0.315643310546875 -0.0545654296875
0.342620849609375 -0.0137939453125 -0.147705078125 -0.222366333007813
0.183990478515625 -0.1011962890625 -0.0114078521728516 -0.0315837860107422
0.1046142578125 -0.165557861328125 0.150405883789063 -0.096099853515625
-0.020416259765625 -0.145843505859375 0.0570068359375 -0.228240966796875
-0.0761642456054688 -0.0960540771484375 -0.094207763671875 -0.222152709960938
-0.112113952636719 -0.0110092163085938 -0.214263916015625 -0.107711791992188
-0.127708435058594 0.0452880859375 -0.212692260742188 0.0151824951171875
-0.126930236816406 0.0302963256835938 -0.135978698730469 0.0446701049804687
-0.138992309570313 0.0507431030273438 -0.111122131347656 0.0578384399414062
-0.150161743164063 0.00390625000000003 -0.0955123901367188 0.0635910034179688
-0.146865844726563 -0.096160888671875 -0.0911331176757813 0.0584259033203125
-0.0727386474609375 -0.200698852539063 -0.141845703125 0.0379638671875
0.140045166015625 -0.232925415039063 -0.174072265625 -0.000274658203124994
0.269180297851563 -0.166412353515625 -0.22564697265625 -0.0281219482421875
0.37652587890625 -0.01873779296875 -0.218887329101563 -0.0360565185546875
0.397491455078125 0.06256103515625 -0.0228424072265625 -0.211868286132812
0.28515625 -0.0606689453125 0.0673065185546875 -0.0364990234375
0.217498779296875 -0.20343017578125 0.19677734375 -0.0782623291015625
0.023651123046875 -0.234283447265625 0.111709594726563 -0.212020874023438
-0.092376708984375 -0.179580688476562 -0.0331573486328125 -0.221664428710937
-0.1766357421875 -0.05242919921875 -0.162277221679688 -0.120208740234375
-0.194717407226563 0.0357666015625 -0.159088134765625 -0.00556945800781253
-0.18701171875 0.02197265625 -0.0801544189453125 0.0283203125
-0.203048706054688 0.052001953125 -0.0562705993652344 0.0448875427246094
-0.20361328125 -0.00950622558593747 -0.03924560546875 0.0671730041503906
-0.183929443359375 -0.132217407226562 -0.0400009155273438 0.0709075927734375
-0.0807342529296875 -0.242111206054688 -0.102226257324219 0.0604248046875
0.173202514648438 -0.261215209960938 -0.143234252929688 0.022857666015625
0.309478759765625 -0.164459228515625 -0.164749145507812 -0.0319671630859375
0.4095458984375 0.02130126953125 -0.10308837890625 -0.01275634765625
0.3817138671875 0.12744140625 0.117218017578125 -0.17041015625
0.327606201171875 0.004608154296875 0.158416748046875 -0.0244903564453125
0.2991943359375 -0.184417724609375 0.234283447265625 -0.045684814453125
0.0796356201171875 -0.271224975585938 0.164703369140625 -0.169891357421875
-0.078399658203125 -0.233016967773437 0.036376953125 -0.194259643554688
-0.205718994140625 -0.0904083251953125 -0.087646484375 -0.119361877441406
-0.23040771484375 0.01885986328125 -0.0843048095703125 -0.0273895263671875
-0.21844482421875 0.0109710693359375 -0.0134696960449219 0.00843143463134766
-0.238174438476563 0.0462799072265625 0.0104618072509765 0.0263919830322266
-0.231277465820313 -0.0189971923828125 0.0260467529296875 0.0652313232421875
-0.198959350585938 -0.154098510742188 0.0157852172851562 0.0782318115234375
-0.0754852294921875 -0.25653076171875 -0.0595550537109375 0.0790863037109375
0.19476318359375 -0.254638671875 -0.113494873046875 0.0378875732421875
0.316741943359375 -0.132659912109375 -0.101142883300781 -0.0442581176757813
0.39080810546875 0.064544677734375 0.0159826278686524 0.0136222839355469
0.2965087890625 0.165924072265625 0.24462890625 -0.109451293945312
0.297119140625 0.0731201171875 0.24365234375 4.57763671875045E-05
0.317596435546875 -0.11529541015625 0.251998901367188 -0.00976562500000001
0.1246337890625 -0.2464599609375 0.198898315429688 -0.112045288085938
-0.043304443359375 -0.239089965820313 0.0968780517578125 -0.144088745117188
-0.194961547851562 -0.111221313476563 -0.00621795654296877 -0.103668212890625
-0.228073120117188 -0.000473022460937517 -0.00153732299804689 -0.0455131530761719
-0.2171630859375 -0.00228881835937501 0.0554122924804687 -0.0139961242675781
-0.240036010742187 0.0328521728515625 0.07952880859375 0.00530242919921875
-0.228790283203125 -0.030792236328125 0.0922317504882813 0.0612945556640625
-0.1868896484375 -0.1632080078125 0.0684432983398437 0.0861663818359375
-0.0522308349609375 -0.248855590820313 -0.0207901000976562 0.0971145629882812
0.208755493164062 -0.214599609375 -0.0888748168945313 0.0496597290039063
0.29779052734375 -0.07269287109375 -0.0412368774414062 -0.0544776916503906
0.3248291015625 0.108856201171875 0.124618530273438 0.0467605590820313
0.158340454101563 0.170547485351563 0.335357666015625 -0.04302978515625
0.202560424804687 0.1220703125 0.302825927734375 0.02880859375
0.264617919921875 -0.025726318359375 0.247268676757813 0.0193023681640625
0.136245727539063 -0.171005249023438 0.209686279296875 -0.056243896484375
-0.0034942626953125 -0.194671630859375 0.134490966796875 -0.0888595581054688
-0.148818969726563 -0.109588623046875 0.0651016235351562 -0.0809173583984375
-0.188751220703125 -0.0184173583984375 0.07440185546875 -0.0587692260742188
-0.182479858398438 -0.0157928466796875 0.116493225097656 -0.033782958984375
-0.2083740234375 0.0113372802734375 0.144851684570313 -0.0122528076171875
-0.196243286132813 -0.042266845703125 0.152435302734375 0.06134033203125
-0.148895263671875 -0.15850830078125 0.112319946289062 0.100669860839844
-0.018768310546875 -0.218185424804687 0.00990295410156251 0.119010925292969
0.20703125 -0.149154663085937 -0.0715408325195312 0.0634307861328125
0.250961303710938 0.00201416015625 0.0111541748046875 -0.051971435546875
0.219146728515625 0.146163940429688 0.208175659179688 0.0909881591796875
-0.00424194335937499 0.143508911132813 0.377227783203125 0.00585937500000001
0.0710296630859375 0.139129638671875 0.327423095703125 0.044281005859375
0.158401489257813 0.0540924072265625 0.226837158203125 0.02923583984375
0.112815856933594 -0.0708999633789063 0.201995849609375 -0.0201416015625
0.0285491943359375 -0.114639282226562 0.149307250976562 -0.0463104248046875
-0.0793838500976563 -0.0849151611328125 0.114707946777344 -0.0619354248046875
-0.119216918945313 -0.0318832397460938 0.129905700683594 -0.0668106079101563
-0.120079040527344 -0.0268936157226562 0.1602783203125 -0.0488433837890625
-0.145660400390625 -0.01220703125 0.196365356445313 -0.0224456787109375
-0.13751220703125 -0.0477676391601563 0.199630737304687 0.06689453125
-0.0946502685546875 -0.132698059082031 0.143936157226563 0.1219482421875
0.0138702392578125 -0.161102294921875 0.028656005859375 0.145919799804688
0.177749633789063 -0.0704193115234375 -0.064361572265625 0.0801773071289062
0.170578002929688 0.0710601806640625 0.0477828979492188 -0.0336456298828125
0.0838623046875 0.1612548828125 0.254043579101563 0.143936157226563
0.075347900390625 -0.129493713378906 -0.274429321289063 -0.127670288085938
-0.0724945068359375 -0.0803146362304688 -0.068206787109375 0.0227241516113281
-0.0927886962890625 0.0126800537109375 0.0759201049804688 -0.0924758911132813
-0.0367050170898437 0.068817138671875 -0.017730712890625 -0.1895751953125
0.0221290588378906 0.0674819946289063 -0.14666748046875 -0.151519775390625
0.0656509399414063 0.0338973999023438 -0.221527099609375 -0.0540008544921875
0.054046630859375 0.0225410461425781 -0.220306396484375 0.05291748046875
0.0403556823730469 0.0245399475097656 -0.167800903320313 0.0673065185546875
0.0411033630371094 0.0326690673828125 -0.141525268554687 0.0765380859375
0.00744247436523437 0.0501708984375 -0.136993408203125 0.0566329956054688
-0.0461997985839844 0.038604736328125 -0.143295288085938 0.0450286865234375
-0.086700439453125 -0.0306625366210938 -0.18402099609375 0.0188751220703125
-0.031219482421875 -0.117568969726563 -0.218551635742188 -0.032470703125
0.057861328125 -0.142745971679688 -0.300689697265625 -0.02734375
0.145126342773438 -0.118148803710938 -0.363311767578125 -0.0277099609375
0.213897705078125 -0.0969390869140625 -0.2401123046875 -0.172378540039063
0.0445556640625 -0.108680725097656 -0.0566864013671875 -0.00345611572265626
-0.0152664184570312 -0.08197021484375 0.101036071777344 -0.102188110351563
-0.0436553955078125 -0.029327392578125 0.00149536132812498 -0.212066650390625
-0.0344333648681641 -0.00255393981933594 -0.139251708984375 -0.182571411132812
-0.0207271575927734 0.0226993560791016 -0.230392456054688 -0.069854736328125
-0.0321464538574219 0.0433998107910156 -0.224151611328125 0.0467681884765625
-0.0417594909667969 0.0345726013183594 -0.15899658203125 0.0634918212890625
-0.0466041564941406 0.0459442138671875 -0.133720397949219 0.0730819702148438
-0.0693435668945312 0.0274124145507813 -0.123573303222656 0.0623397827148438
-0.094390869140625 -0.0292587280273438 -0.122627258300781 0.0511627197265625
-0.0762939453125 -0.118415832519531 -0.166229248046875 0.0274658203125
0.058837890625 -0.176986694335937 -0.195602416992188 -0.0130615234375
0.168609619140625 -0.158782958984375 -0.266876220703125 -0.0170440673828125
0.271652221679688 -0.08050537109375 -0.304168701171875 -0.02874755859375
0.3251953125 -0.04107666015625 -0.158798217773437 -0.199798583984375
0.167327880859375 -0.10888671875 -0.0117244720458984 -0.0249748229980469
0.08575439453125 -0.16473388671875 0.141433715820313 -0.102386474609375
-0.0306854248046875 -0.134956359863281 0.0411529541015625 -0.222671508789063
-0.07952880859375 -0.0845413208007813 -0.104705810546875 -0.20672607421875
-0.104034423828125 -0.00209808349609377 -0.211441040039063 -0.088409423828125
-0.1148681640625 0.0527191162109375 -0.2008056640625 0.02972412109375
-0.117469787597656 0.0377655029296875 -0.125465393066406 0.051055908203125
-0.126113891601563 0.057464599609375 -0.100875854492188 0.0641021728515625
-0.138534545898438 0.0138168334960938 -0.0864944458007813 0.0686798095703125
-0.14337158203125 -0.0797576904296875 -0.085052490234375 0.0634536743164063
-0.0836181640625 -0.184280395507813 -0.136650085449219 0.0472640991210937
0.114791870117188 -0.230209350585938 -0.1685791015625 0.0111083984375
0.242080688476562 -0.176223754882812 -0.217880249023438 -0.0118865966796875
0.35736083984375 -0.04620361328125 -0.211563110351562 -0.0179290771484375
0.382904052734375 0.02801513671875 -0.03924560546875 -0.198715209960937
0.266326904296875 -0.077117919921875 0.0614128112792969 -0.0345993041992188
0.191207885742187 -0.21014404296875 0.186798095703125 -0.0882415771484375
0.0050201416015625 -0.222244262695313 0.0944671630859375 -0.211761474609375
-0.101425170898437 -0.163543701171875 -0.047210693359375 -0.21075439453125
-0.168899536132813 -0.0359039306640625 -0.162689208984375 -0.102981567382813
-0.179473876953125 0.0491180419921875 -0.151153564453125 0.00584411621093749
-0.175689697265625 0.0348052978515625 -0.0739212036132813 0.0311431884765625
-0.186325073242188 0.0643463134765625 -0.0491943359375 0.0478515625
-0.190109252929687 0.00651550292968749 -0.0322113037109375 0.0685272216796875
-0.183212280273438 -0.110687255859375 -0.0349960327148438 0.0713577270507813
-0.0941925048828125 -0.223007202148438 -0.0973587036132812 0.0667266845703125
0.144363403320313 -0.260223388671875 -0.138587951660156 0.0314483642578125
0.280075073242188 -0.176986694335938 -0.160446166992187 -0.0197296142578125
0.391845703125 -0.010223388671875 -0.100090026855469 -0.00391387939453126
0.37255859375 0.092437744140625 0.096588134765625 -0.170028686523437
0.312164306640625 -0.016845703125 0.148056030273438 -0.02960205078125
0.271087646484375 -0.198013305664063 0.225509643554688 -0.059234619140625
0.0559844970703125 -0.26275634765625 0.1483154296875 -0.175277709960938
-0.091888427734375 -0.216476440429688 0.021514892578125 -0.18988037109375
-0.199508666992188 -0.0694122314453125 -0.09161376953125 -0.107101440429687
-0.214828491210938 0.036834716796875 -0.0826187133789063 -0.0199508666992187
-0.20648193359375 0.0267333984375 -0.0115165710449219 0.00766849517822266
-0.220291137695313 0.0628509521484375 0.0131931304931641 0.0256805419921875
-0.217636108398438 -0.000198364257812467 0.0299034118652344 0.0621910095214844
-0.198944091796875 -0.129638671875 0.018402099609375 0.0745468139648437
-0.0911407470703125 -0.2374267578125 -0.0554275512695313 0.0811920166015625
0.165252685546875 -0.25567626953125 -0.109405517578125 0.0443191528320312
0.28973388671875 -0.147674560546875 -0.102142333984375 -0.0356597900390625
0.37646484375 0.0316162109375 0.0152587890625 0.0122585296630859
0.294189453125 0.136199951171875 0.22320556640625 -0.121185302734375
0.28778076171875 0.050445556640625 0.229995727539063 -0.0128631591796875
0.2947998046875 -0.13397216796875 0.243392944335938 -0.025604248046875
0.100006103515625 -0.24310302734375 0.1844482421875 -0.12286376953125
-0.0601348876953125 -0.22509765625 0.082183837890625 -0.1466064453125
-0.191635131835938 -0.090545654296875 -0.01348876953125 -0.09820556640625
-0.214675903320313 0.0193023681640625 -0.00509262084960939 -0.0431022644042969
-0.20654296875 0.014923095703125 0.0520706176757812 -0.0184059143066406
-0.2236328125 0.05035400390625 0.0772247314453125 0.000816345214843753
-0.216567993164063 -0.010162353515625 0.0922622680664062 0.0536041259765625
-0.189346313476562 -0.139373779296875 0.0694046020507812 0.0785293579101562
-0.068634033203125 -0.23211669921875 -0.0160140991210938 0.0955963134765625
0.182098388671875 -0.219512939453125 -0.0851516723632813 0.0542755126953125
0.276840209960937 -0.0895843505859375 -0.0468368530273437 -0.049652099609375
0.317962646484375 0.0794677734375 0.120353698730469 0.03558349609375
0.1632080078125 0.151626586914063 0.3140869140625 -0.0648193359375
0.201614379882813 0.103408813476563 0.2869873046875 0.009552001953125
0.251983642578125 -0.0449066162109375 0.239608764648438 0.0031280517578125
0.117156982421875 -0.172775268554688 0.197982788085937 -0.0698394775390625
-0.018646240234375 -0.186386108398438 0.122642517089844 -0.0963668823242188
-0.148849487304688 -0.09210205078125 0.0555419921875 -0.0817489624023438
-0.179672241210938 -0.00027465820312502 0.0659561157226562 -0.0612106323242187
-0.175796508789063 0.000259399414062527 0.109024047851562 -0.0411529541015625
-0.196121215820312 0.0285491943359375 0.137924194335938 -0.02008056640625
-0.188034057617188 -0.0229949951171875 0.149826049804688 0.0493621826171875
-0.154754638671875 -0.13763427734375 0.112167358398437 0.0890884399414062
-0.034820556640625 -0.205490112304688 0.0153427124023438 0.113624572753906
0.185791015625 -0.158676147460938 -0.0673294067382813 0.0659027099609375
0.238418579101562 -0.0156097412109375 0.00286102294921876 -0.0509452819824219
0.219589233398438 0.123245239257812 0.203582763671875 0.071441650390625
0.00654602050781249 0.13787841796875 0.357025146484375 -0.02130126953125
0.0784149169921875 0.128395080566406 0.3125 0.020965576171875
0.156723022460938 0.038787841796875 0.219619750976563 0.0148162841796875
0.101531982421875 -0.07659912109375 0.193084716796875 -0.03399658203125
0.0180892944335937 -0.113029479980469 0.140579223632813 -0.056243896484375
-0.0823898315429688 -0.073883056640625 0.104011535644531 -0.0679473876953125
-0.116012573242188 -0.0180816650390625 0.118011474609375 -0.0735626220703125
-0.117317199707031 -0.0144271850585937 0.14898681640625 -0.0583648681640625
-0.139846801757812 0.00176239013671876 0.18646240234375 -0.0338897705078125
-0.134315490722656 -0.033233642578125 0.195144653320312 0.0511016845703125
-0.101463317871094 -0.118194580078125 0.14385986328125 0.107437133789062
0.000350952148437486 -0.154800415039063 0.0350799560546875 0.137306213378906
0.16534423828125 -0.0819244384765625 -0.059814453125 0.0813751220703125
0.168197631835938 0.05621337890625 0.0386886596679688 -0.0369224548339844
0.09130859375 0.148040771484375 0.250320434570313 0.118759155273438
0.064605712890625 -0.131576538085938 -0.273269653320313 -0.106689453125
-0.0758819580078125 -0.0732269287109375 -0.0613746643066406 0.0282516479492187
-0.0891952514648438 0.0202560424804688 0.0715560913085938 -0.0952911376953125
-0.0307693481445312 0.0715560913085938 -0.0251312255859375 -0.185165405273438
0.0273056030273438 0.0656852722167969 -0.149078369140625 -0.140945434570313
0.0669937133789063 0.027252197265625 -0.218017578125 -0.043060302734375
0.0551071166992187 0.0154685974121094 -0.21124267578125 0.06280517578125
0.0404853820800781 0.0205192565917969 -0.15985107421875 0.0743560791015625
0.0411643981933594 0.0273094177246094 -0.132896423339844 0.0822372436523437
0.01165771484375 0.045654296875 -0.130203247070313 0.0638046264648438
-0.0403289794921875 0.0400848388671875 -0.139060974121094 0.0529632568359375
-0.0863800048828125 -0.0228805541992188 -0.180389404296875 0.0292816162109375
-0.0379638671875 -0.111015319824219 -0.214813232421875 -0.0229339599609375
0.047637939453125 -0.141815185546875 -0.292633056640625 -0.0126953125
0.132987976074219 -0.124282836914063 -0.353179931640625 -0.00506591796874995
0.200897216796875 -0.1090087890625 -0.244094848632812 -0.151687622070312
0.0363311767578125 -0.107276916503906 -0.0523529052734375 0.00365066528320312
-0.02032470703125 -0.0772705078125 0.0960159301757812 -0.106170654296875
-0.0434799194335938 -0.0229873657226563 -0.007354736328125 -0.208160400390625
-0.0321979522705078 0.00146293640136718 -0.144073486328125 -0.17132568359375
-0.016082763671875 0.0222511291503906 -0.227691650390625 -0.0567626953125
-0.0261573791503906 0.0418319702148438 -0.214431762695313 0.057342529296875
-0.0374679565429687 0.0347061157226563 -0.151580810546875 0.0695037841796875
-0.0417213439941406 0.0456619262695313 -0.125587463378906 0.0785675048828125
-0.0628013610839844 0.028717041015625 -0.116630554199219 0.0684280395507813
-0.0901260375976563 -0.0230560302734375 -0.118309020996094 0.0576934814453125
-0.0806732177734375 -0.109130859375 -0.163345336914063 0.036834716796875
0.0462188720703125 -0.173568725585938 -0.192306518554688 -0.004058837890625
0.152679443359375 -0.16217041015625 -0.259796142578125 -0.00436401367187507
0.258651733398437 -0.0947418212890625 -0.296417236328125 -0.0102233886718751
0.312164306640625 -0.060516357421875 -0.167205810546875 -0.182968139648437
0.155593872070313 -0.114089965820313 -0.0105705261230469 -0.0185909271240234
0.07281494140625 -0.164138793945313 0.135566711425781 -0.10870361328125
-0.0374755859375 -0.126617431640625 0.0302276611328125 -0.221023559570313
-0.0818328857421875 -0.0761184692382813 -0.1129150390625 -0.19659423828125
-0.0978775024414062 0.00343322753906249 -0.209548950195313 -0.075439453125
-0.104766845703125 0.0564804077148438 -0.192886352539063 0.039642333984375
-0.111061096191406 0.0422439575195313 -0.119438171386719 0.0551986694335937
-0.117393493652344 0.0620040893554687 -0.0936203002929688 0.06842041015625
-0.130455017089844 0.0199737548828125 -0.0794906616210938 0.0722579956054688
-0.141189575195313 -0.0682525634765625 -0.0811691284179688 0.0675582885742188
-0.09124755859375 -0.171966552734375 -0.134574890136719 0.0551986694335938
0.0972137451171875 -0.22869873046875 -0.165725708007813 0.0192413330078125
0.222885131835938 -0.1822509765625 -0.21295166015625 -0.0015716552734375
0.344146728515625 -0.066192626953125 -0.206619262695313 -0.00497436523437497
0.372528076171875 0.003814697265625 -0.0513153076171875 -0.189315795898438
0.254241943359375 -0.0880889892578125 0.0584220886230469 -0.0313606262207031
0.173004150390625 -0.215713500976562 0.181915283203125 -0.097625732421875
-0.00761413574218752 -0.213851928710938 0.0830078125 -0.21343994140625
-0.108169555664063 -0.152114868164062 -0.056915283203125 -0.20465087890625
-0.162399291992188 -0.0250244140625 -0.163299560546875 -0.0913238525390625
-0.167770385742188 0.058258056640625 -0.146438598632813 0.014495849609375
-0.167724609375 0.0437469482421875 -0.0697822570800781 0.0331535339355469
-0.1751708984375 0.0727386474609375 -0.0437850952148438 0.0504226684570313
-0.180587768554688 0.0169830322265625 -0.0265579223632813 0.0699234008789063
-0.181106567382812 -0.095245361328125 -0.032135009765625 0.0730361938476563
-0.104019165039063 -0.209259033203125 -0.0951690673828125 0.0717239379882813
0.124755859375 -0.259780883789063 -0.136123657226563 0.037872314453125
0.259780883789063 -0.185470581054688 -0.15850830078125 -0.010833740234375
0.380401611328125 -0.033477783203125 -0.0980148315429687 0.00256347656250002
0.366607666015625 0.067840576171875 0.0816497802734375 -0.16961669921875
0.3017578125 -0.031890869140625 0.141525268554688 -0.0317230224609375
0.251571655273438 -0.208816528320313 0.220245361328125 -0.0703277587890625
0.0390625 -0.256561279296875 0.137237548828125 -0.180435180664063
-0.1025390625 -0.204513549804688 0.0104827880859375 -0.188446044921875
-0.194717407226562 -0.0552215576171875 -0.0951156616210938 -0.0991744995117188
-0.202560424804688 0.049560546875 -0.0813980102539063 -0.01409912109375
-0.198013305664063 0.0387725830078125 -0.0106296539306641 0.00696754455566407
-0.208023071289062 0.0733642578125 0.0155677795410156 0.0255699157714844
-0.20709228515625 0.0128631591796875 0.03326416015625 0.0604629516601562
-0.199844360351563 -0.112411499023438 0.0201416015625 0.0735092163085938
-0.102462768554688 -0.223968505859375 -0.0525741577148438 0.08416748046875
0.145339965820312 -0.257965087890625 -0.107086181640625 0.0499725341796875
0.271087646484375 -0.158035278320313 -0.103729248046875 -0.0291748046875
0.368072509765625 0.009368896484375 0.0148229598999024 0.0114898681640625
0.29376220703125 0.115325927734375 0.206817626953125 -0.129638671875
0.28271484375 0.0350341796875 0.220733642578125 -0.0198516845703125
0.279342651367188 -0.148086547851563 0.239547729492188 -0.037811279296875
0.082977294921875 -0.240829467773437 0.175689697265625 -0.13037109375
-0.071929931640625 -0.215591430664063 0.072052001953125 -0.149642944335938
-0.188995361328125 -0.0756988525390625 -0.0187911987304688 -0.0945892333984375
-0.20416259765625 0.0330047607421875 -0.00772094726562501 -0.0414237976074219
-0.198928833007813 0.0275726318359375 0.0502815246582031 -0.0215492248535156
-0.212677001953125 0.0633392333984375 0.0767364501953125 -0.00182342529296875
-0.207748413085938 0.00378417968749998 0.0934829711914062 0.0489501953125
-0.191360473632812 -0.122055053710938 0.0701370239257812 0.0739212036132813
-0.08038330078125 -0.220733642578125 -0.0137710571289063 0.0957260131835937
0.163894653320313 -0.223068237304688 -0.08306884765625 0.05877685546875
0.262863159179687 -0.1014404296875 -0.0512275695800781 -0.0457763671875
0.3135986328125 0.058868408203125 0.118553161621094 0.0286941528320313
0.167236328125 0.138351440429688 0.29864501953125 -0.080230712890625
0.201904296875 0.0906829833984375 0.27734375 -0.00260925292968749
0.243515014648438 -0.0598602294921875 0.23583984375 -0.00909423828125
0.103790283203125 -0.174072265625 0.190933227539063 -0.0792694091796875
-0.0303192138671875 -0.1812744140625 0.114753723144531 -0.101913452148438
-0.148956298828125 -0.07989501953125 0.04931640625 -0.0822525024414063
-0.172576904296875 0.0132293701171875 0.0594711303710937 -0.06317138671875
-0.170425415039063 0.0122528076171875 0.103836059570313 -0.0474395751953125
-0.187591552734375 0.04071044921875 0.133781433105469 -0.0258026123046875
-0.181854248046875 -0.010009765625 0.148590087890625 0.0416259765625
-0.1588134765625 -0.122360229492188 0.112190246582031 0.0820236206054687
-0.046661376953125 -0.197189331054688 0.0181655883789062 0.111015319824219
0.17218017578125 -0.165771484375 -0.0649833679199219 0.0693626403808593
0.231048583984375 -0.0275421142578125 -0.00376510620117187 -0.0502433776855469
0.220443725585938 0.106735229492188 0.199996948242188 0.0576629638671875
0.0146713256835937 0.134925842285156 0.343414306640625 -0.03997802734375
0.08441162109375 0.120925903320313 0.302215576171875 0.00656127929687501
0.156387329101563 0.0269012451171875 0.215896606445313 0.0038604736328125
0.0937881469726563 -0.081268310546875 0.187881469726563 -0.04412841796875
0.00913238525390624 -0.112098693847656 0.134407043457031 -0.0643463134765625
-0.0843582153320313 -0.0659332275390625 0.0965423583984375 -0.0714645385742188
-0.113258361816406 -0.00807952880859377 0.109092712402344 -0.0784225463867187
-0.1156005859375 -0.00505828857421877 0.141525268554688 -0.0658721923828125
-0.13555908203125 0.0118789672851563 0.180068969726563 -0.0424652099609375
-0.132293701171875 -0.02288818359375 0.192886352539063 0.0404052734375
-0.107414245605469 -0.107612609863281 0.143707275390625 0.0976715087890625
-0.009918212890625 -0.150726318359375 0.039398193359375 0.133148193359375
0.156570434570313 -0.0904083251953125 -0.0566558837890625 0.0840072631835938
0.167388916015625 0.0458831787109375 0.0316162109375 -0.0386924743652344
0.0974655151367188 0.138557434082031 0.248886108398438 0.0999603271484375
0.0533065795898438 -0.136138916015625 -0.277801513671875 -0.085906982421875
-0.0806732177734375 -0.0670928955078125 -0.0553817749023438 0.0331497192382812
-0.086822509765625 0.0268707275390625 0.0673065185546875 -0.100296020507813
-0.0244140625 0.0747756958007813 -0.0347900390625 -0.184036254882813
0.03326416015625 0.0642051696777344 -0.15509033203125 -0.132659912109375
0.0698280334472656 0.0203475952148438 -0.219589233398438 -0.0315704345703125
0.0557212829589844 0.00861740112304688 -0.205535888671875 0.0746307373046875
0.0416831970214844 0.0157051086425781 -0.155075073242188 0.0836639404296875
0.0423202514648438 0.0223388671875 -0.127349853515625 0.0902023315429688
0.0156669616699219 0.0420646667480469 -0.125709533691406 0.0723037719726562
-0.0353813171386719 0.0413093566894531 -0.13653564453125 0.063201904296875
-0.0869827270507813 -0.0153274536132813 -0.179931640625 0.0417022705078125
-0.0457305908203125 -0.1064453125 -0.215377807617188 -0.012298583984375
0.0371856689453125 -0.14349365234375 -0.29071044921875 0.00140380859375002
0.123359680175781 -0.133346557617188 -0.349884033203125 0.017913818359375
0.19024658203125 -0.1221923828125 -0.252838134765625 -0.132369995117187
0.02850341796875 -0.107734680175781 -0.0486412048339844 0.0100784301757812
-0.0251846313476563 -0.0736236572265625 0.0915985107421875 -0.113441467285156
-0.0429267883300781 -0.0177154541015625 -0.0185546875 -0.208480834960937
-0.0304431915283203 0.00497627258300781 -0.152694702148437 -0.163253784179688
-0.0119590759277344 0.0213527679443359 -0.229415893554688 -0.0440673828125
-0.021392822265625 0.0406761169433594 -0.209213256835938 0.0697784423828125
-0.0344181060791016 0.0350265502929687 -0.147048950195313 0.078155517578125
-0.0376205444335937 0.0461196899414063 -0.12005615234375 0.086944580078125
-0.0586090087890625 0.0298805236816406 -0.111793518066406 0.0757980346679688
-0.0882797241210938 -0.0171356201171875 -0.116424560546875 0.0664443969726563
-0.086151123046875 -0.101417541503906 -0.162948608398438 0.0487823486328125
0.0337066650390625 -0.17340087890625 -0.192703247070313 0.00555419921874996
0.140167236328125 -0.168960571289063 -0.259048461914063 0.00941467285156249
0.250747680664063 -0.11151123046875 -0.29473876953125 0.00918579101562493
0.304779052734375 -0.081878662109375 -0.178573608398437 -0.168563842773438
0.146697998046875 -0.121841430664063 -0.0091571807861328 -0.013127326965332
0.0612335205078125 -0.167465209960938 0.131607055664063 -0.118751525878906
-0.0442123413085937 -0.120643615722656 0.01904296875 -0.223861694335938
-0.0852127075195313 -0.0685501098632812 -0.1234130859375 -0.189926147460937
-0.0937576293945312 0.00901031494140627 -0.212554931640625 -0.063079833984375
-0.0971908569335938 0.0606613159179687 -0.188873291015625 0.051544189453125
-0.106460571289063 0.048309326171875 -0.115798950195313 0.0612258911132812
-0.110748291015625 0.0677337646484375 -0.0887451171875 0.0746612548828125
-0.124427795410156 0.0264434814453125 -0.0743484497070313 0.0781097412109375
-0.141265869140625 -0.0579986572265625 -0.078460693359375 0.0741958618164063
-0.101119995117188 -0.164108276367188 -0.133918762207031 0.0654373168945312
0.0813446044921875 -0.231216430664063 -0.165695190429688 0.0283966064453125
0.208816528320313 -0.19329833984375 -0.212478637695313 0.00993347167968746
0.337249755859375 -0.088409423828125 -0.205276489257812 0.0087890625
0.369232177734375 -0.02166748046875 -0.0655059814453125 -0.182159423828125
0.246444702148438 -0.102203369140625 0.0575752258300781 -0.0295143127441406
0.15716552734375 -0.225234985351563 0.178314208984375 -0.110198974609375
-0.021240234375 -0.209548950195312 0.072052001953125 -0.219253540039063
-0.117294311523438 -0.142486572265625 -0.0691986083984375 -0.201339721679688
-0.159393310546875 -0.014862060546875 -0.167861938476563 -0.08184814453125
-0.159088134765625 0.06805419921875 -0.14422607421875 0.02337646484375
-0.162322998046875 0.0541839599609375 -0.0674705505371094 0.0360527038574219
-0.166900634765625 0.0831451416015625 -0.0392837524414063 0.0536041259765625
-0.174301147460938 0.026885986328125 -0.021453857421875 0.0721588134765625
-0.183761596679687 -0.081817626953125 -0.0291595458984375 0.0766830444335937
-0.116165161132812 -0.2003173828125 -0.0941085815429688 0.0795516967773438
0.107528686523437 -0.264266967773438 -0.135208129882813 0.045806884765625
0.245361328125 -0.198867797851563 -0.159927368164062 -0.00224304199218751
0.3753662109375 -0.0576171875 -0.097320556640625 0.00939941406250001
0.367706298828125 0.042724609375 0.068115234375 -0.1715087890625
0.2977294921875 -0.048736572265625 0.138938903808594 -0.0349578857421875
0.236343383789063 -0.224014282226563 0.218292236328125 -0.0849151611328125
0.0225372314453125 -0.254974365234375 0.127593994140625 -0.189865112304688
-0.115646362304687 -0.1956787109375 -0.00137329101562503 -0.189559936523438
-0.193771362304688 -0.04266357421875 -0.100448608398438 -0.0925521850585937
-0.194305419921875 0.062652587890625 -0.081756591796875 -0.00911712646484376
-0.192855834960938 0.0517120361328125 -0.0100812911987305 0.006011962890625
-0.199569702148437 0.08709716796875 0.0184898376464844 0.0257415771484375
-0.2010498046875 0.0253143310546875 0.0375862121582031 0.0597114562988281
-0.2032470703125 -0.0962371826171875 0.0226364135742187 0.0736541748046875
-0.115036010742187 -0.214752197265625 -0.0510101318359375 0.0890960693359375
0.127471923828125 -0.264450073242187 -0.105819702148437 0.05718994140625
0.258010864257813 -0.171524047851563 -0.107376098632812 -0.0228958129882813
0.366668701171875 -0.015167236328125 0.0151691436767578 0.0113859176635742
0.298828125 0.095458984375 0.194595336914063 -0.139678955078125
0.28302001953125 0.018585205078125 0.216552734375 -0.028411865234375
0.268463134765625 -0.166641235351562 0.238739013671875 -0.0529022216796875
0.067413330078125 -0.242630004882812 0.168212890625 -0.14208984375
-0.08642578125 -0.208786010742188 0.06219482421875 -0.154937744140625
-0.190505981445313 -0.0626220703125 -0.024871826171875 -0.0925216674804688
-0.197418212890625 0.0474090576171875 -0.0109481811523438 -0.0401458740234375
-0.1944580078125 0.042236328125 0.0479354858398437 -0.0260162353515625
-0.204803466796875 0.077545166015625 0.0775604248046875 -0.00545501708984375
-0.202468872070313 0.017669677734375 0.0968017578125 0.0448532104492188
-0.197158813476562 -0.106185913085937 0.071807861328125 0.0713119506835938
-0.0945587158203125 -0.213272094726563 -0.0109710693359375 0.09808349609375
0.148345947265625 -0.232574462890625 -0.0810165405273437 0.0648574829101563
0.253829956054688 -0.115005493164063 -0.0568199157714844 -0.0420722961425782
0.315093994140625 0.03765869140625 0.118598937988281 0.0211410522460938
0.175216674804688 0.1273193359375 0.288909912109375 -0.097564697265625
0.206695556640625 0.0783233642578125 0.273239135742188 -0.0149993896484375
0.238433837890625 -0.0765228271484375 0.236160278320313 -0.02252197265625
0.0915374755859375 -0.179489135742187 0.186782836914063 -0.0915069580078125
-0.0433502197265625 -0.1785888671875 0.107780456542969 -0.110954284667969
-0.152053833007813 -0.069183349609375 0.0431671142578125 -0.0843048095703125
-0.167449951171875 0.02618408203125 0.0544166564941406 -0.0660781860351563
-0.1676025390625 0.025390625 0.099517822265625 -0.054534912109375
-0.182479858398438 0.054290771484375 0.133041381835938 -0.0331802368164063
-0.179611206054688 0.00259399414062497 0.150848388671875 0.0338134765625
-0.165664672851563 -0.10894775390625 0.114578247070313 0.0756759643554688
-0.059814453125 -0.192779541015625 0.0220260620117187 0.111557006835938
0.160354614257813 -0.176895141601563 -0.062774658203125 0.0752716064453125
0.227401733398438 -0.0409393310546875 -0.0101776123046875 -0.0492286682128906
0.225082397460938 0.092498779296875 0.201644897460938 0.045257568359375
0.0238265991210937 0.133705139160156 0.3359375 -0.061614990234375
0.0923614501953125 0.115325927734375 0.298065185546875 -0.00912475585937499
0.158248901367188 0.01495361328125 0.216049194335937 -0.006256103515625
0.0871353149414063 -0.0867767333984375 0.185379028320312 -0.0560455322265625
7.62939453125461E-06 -0.112739562988281 0.130439758300781 -0.0745162963867188
-0.08837890625 -0.05908203125 0.0906600952148438 -0.0771713256835938
-0.111465454101563 0.00212097167968748 0.102249145507813 -0.0844345092773438
-0.115013122558594 0.00439453125000001 0.135978698730469 -0.0748443603515625
-0.133659362792969 0.0228805541992188 0.177505493164063 -0.0532073974609375
-0.132080078125 -0.0124359130859375 0.194580078125 0.0299072265625
-0.115043640136719 -0.09765625 0.147232055664063 0.089752197265625
-0.02056884765625 -0.14935302734375 0.0455551147460938 0.131378173828125
0.15020751953125 -0.101806640625 -0.0536270141601563 0.0887985229492187
0.170806884765625 0.03424072265625 0.0250663757324219 -0.0409812927246094
0.105354309082031 0.132156372070313 0.252227783203125 0.083770751953125
0.0395355224609375 -0.141036987304688 -0.283477783203125 -0.0598754882812499
-0.0869369506835938 -0.0592041015625 -0.048492431640625 0.0393638610839844
-0.0834579467773438 0.0358047485351563 0.0603179931640625 -0.106796264648437
-0.0159454345703125 0.0781784057617188 -0.049163818359375 -0.183349609375
0.0417327880859375 0.0615653991699219 -0.165176391601562 -0.121002197265625
0.0724868774414062 0.0116729736328125 -0.222518920898437 -0.014801025390625
0.0557060241699219 5.7220458984375E-05 -0.198577880859375 0.09197998046875
0.0428924560546875 0.0103111267089844 -0.148208618164063 0.097320556640625
0.0437202453613281 0.0169410705566406 -0.119728088378906 0.102005004882813
0.0194740295410156 0.0379104614257813 -0.119491577148438 0.0834121704101563
-0.0292701721191406 0.0431060791015625 -0.132522583007813 0.0761947631835938
-0.0878829956054688 -0.00598907470703125 -0.177841186523438 0.058258056640625
-0.0553054809570313 -0.100502014160156 -0.217453002929688 0.00242614746093746
0.0241241455078125 -0.14556884765625 -0.290008544921875 0.0234069824218749
0.110275268554688 -0.144912719726563 -0.34600830078125 0.0481262207031251
0.176620483398438 -0.140335083007813 -0.26287841796875 -0.107284545898437
0.0181427001953125 -0.108818054199219 -0.0431861877441406 0.0167388916015625
-0.0315055847167969 -0.0702171325683594 0.0844039916992187 -0.12286376953125
-0.0426445007324219 -0.0119590759277344 -0.0347137451171875 -0.208908081054688
-0.0271148681640625 0.00870323181152344 -0.165725708007813 -0.151168823242187
-0.00740814208984375 0.0199699401855469 -0.2322998046875 -0.0257720947265625
-0.016326904296875 0.0386772155761719 -0.202285766601562 0.0870819091796875
-0.0308952331542969 0.0362091064453125 -0.140396118164063 0.0907440185546875
-0.03265380859375 0.04754638671875 -0.111961364746094 0.0977783203125
-0.0539436340332031 0.0323600769042969 -0.105094909667969 0.0862960815429687
-0.0865097045898437 -0.0106887817382812 -0.112625122070313 0.0781631469726562
-0.0946044921875 -0.0922317504882813 -0.161819458007813 0.065032958984375
0.018890380859375 -0.173828125 -0.192916870117188 0.019287109375
0.124099731445313 -0.179428100585938 -0.257904052734375 0.0288238525390625
0.2391357421875 -0.133926391601563 -0.291961669921875 0.03521728515625
0.2945556640625 -0.109588623046875 -0.193222045898437 -0.149887084960938
0.135528564453125 -0.133155822753906 -0.00687980651855468 -0.00851154327392579
0.04559326171875 -0.171676635742188 0.123435974121094 -0.132225036621094
-0.0533981323242188 -0.114006042480469 0.00148010253906247 -0.227508544921875
-0.0890045166015625 -0.059539794921875 -0.138961791992188 -0.18035888671875
-0.0896453857421875 0.015716552734375 -0.21746826171875 -0.0459289550781251
-0.089263916015625 0.06658935546875 -0.183700561523438 0.067291259765625
-0.101226806640625 0.0562286376953125 -0.111373901367188 0.0708236694335938
-0.103225708007812 0.0759201049804688 -0.0811843872070312 0.0834274291992187
-0.119483947753906 0.0342941284179688 -0.0672760009765625 0.0855789184570313
-0.142654418945313 -0.0459442138671875 -0.0738449096679687 0.083404541015625
-0.11395263671875 -0.15350341796875 -0.131492614746094 0.079620361328125
0.06134033203125 -0.236297607421875 -0.164840698242188 0.04095458984375
0.1904296875 -0.207412719726563 -0.212799072265625 0.0266113281249999
0.32830810546875 -0.118865966796875 -0.203292846679687 0.0280303955078125
0.3651123046875 -0.055145263671875 -0.0821533203125 -0.173446655273438
0.236923217773438 -0.120956420898438 0.0574226379394531 -0.0296554565429688
0.135833740234375 -0.238296508789063 0.171356201171875 -0.127410888671875
-0.0381622314453125 -0.205169677734375 0.0550384521484375 -0.227264404296875
-0.129051208496094 -0.130569458007813 -0.0868988037109375 -0.196365356445313
-0.156539916992188 -0.00149536132812497 -0.174240112304688 -0.0676116943359375
-0.148727416992187 0.079833984375 -0.142013549804688 0.0361785888671875
-0.155654907226563 0.06756591796875 -0.0653457641601563 0.0409278869628906
-0.156906127929688 0.0968017578125 -0.0333633422851563 0.0580558776855469
-0.168304443359375 0.0402984619140625 -0.0146636962890625 0.075653076171875
-0.186935424804687 -0.0646820068359375 -0.0245590209960938 0.08197021484375
-0.132736206054688 -0.188720703125 -0.09033203125 0.090545654296875
0.083648681640625 -0.271987915039063 -0.132942199707031 0.0573196411132813
0.226348876953125 -0.216445922851563 -0.161407470703125 0.0104217529296875
0.36968994140625 -0.091094970703125 -0.0954742431640625 0.0183181762695312
0.369293212890625 0.00946044921875 0.0509185791015625 -0.174468994140625
0.29315185546875 -0.072906494140625 0.136917114257813 -0.040802001953125
0.215240478515625 -0.24517822265625 0.213668823242187 -0.105316162109375
0.00128173828124999 -0.255020141601563 0.113357543945313 -0.202392578125
-0.132736206054687 -0.183547973632813 -0.0172576904296875 -0.190933227539062
-0.194061279296875 -0.0253448486328125 -0.107925415039063 -0.0840530395507813
-0.184356689453125 0.078582763671875 -0.0823516845703125 -0.00122833251953124
-0.18670654296875 0.0687255859375 -0.0103359222412109 0.00580215454101563
-0.188720703125 0.104293823242187 0.0219402313232422 0.0248565673828125
-0.194564819335938 0.042449951171875 0.0438385009765625 0.0577011108398438
-0.208480834960937 -0.07647705078125 0.0268402099609375 0.0745315551757813
-0.133819580078125 -0.202606201171875 -0.046722412109375 0.0965347290039062
0.10430908203125 -0.274826049804688 -0.103218078613281 0.0667953491210937
0.241867065429688 -0.191436767578125 -0.111610412597656 -0.01416015625
0.364654541015625 -0.047149658203125 0.0161876678466797 0.0108222961425781
0.305694580078125 0.069488525390625 0.178680419921875 -0.154434204101563
0.28424072265625 -0.003387451171875 0.213226318359375 -0.0412750244140625
0.25286865234375 -0.190673828125 0.235733032226563 -0.074127197265625
0.0463104248046875 -0.2464599609375 0.15802001953125 -0.15777587890625
-0.105392456054687 -0.200393676757812 0.0489044189453125 -0.162063598632813
-0.1934814453125 -0.0455322265625 -0.032562255859375 -0.0896530151367188
-0.188674926757813 0.0645599365234375 -0.0149993896484375 -0.0384979248046875
-0.18914794921875 0.059783935546875 0.0452232360839844 -0.0309600830078125
-0.1949462890625 0.096435546875 0.0788345336914063 -0.011322021484375
-0.198165893554688 0.03533935546875 0.101394653320312 0.0377960205078125
-0.204132080078125 -0.086151123046875 0.0757064819335937 0.0672149658203125
-0.113357543945313 -0.202972412109375 -0.00540924072265625 0.101600646972656
0.127365112304688 -0.245223999023438 -0.0771026611328125 0.0732421875
0.243133544921875 -0.135879516601563 -0.0629158020019531 -0.0370140075683594
0.31829833984375 0.010833740234375 0.119949340820313 0.01129150390625
0.186050415039062 0.111740112304688 0.276702880859375 -0.12042236328125
0.213760375976563 0.0621490478515625 0.269622802734375 -0.03369140625
0.232345581054688 -0.0985565185546875 0.23565673828125 -0.0416259765625
0.0756072998046875 -0.186355590820313 0.180145263671875 -0.108383178710938
-0.06060791015625 -0.174026489257813 0.0979461669921875 -0.121673583984375
-0.1566162109375 -0.05517578125 0.0357284545898437 -0.0873870849609375
-0.161956787109375 0.042327880859375 0.0477676391601563 -0.0702285766601563
-0.164093017578125 0.04156494140625 0.0944900512695312 -0.0639572143554688
-0.175949096679688 0.0723114013671875 0.131271362304688 -0.044708251953125
-0.176620483398438 0.0200042724609375 0.154327392578125 0.022186279296875
-0.175247192382813 -0.0908355712890625 0.119209289550781 0.0683441162109375
-0.0773162841796875 -0.1864013671875 0.0294723510742188 0.111297607421875
0.1444091796875 -0.191329956054687 -0.0576019287109375 0.0819091796875
0.223983764648438 -0.06011962890625 -0.0177345275878906 -0.0479774475097656
0.232986450195312 0.072265625 0.203933715820313 0.0271148681640625
0.0358810424804688 0.131805419921875 0.326629638671875 -0.08856201171875
0.102973937988281 0.107757568359375 0.293975830078125 -0.03021240234375
0.160552978515625 -0.001190185546875 0.217239379882813 -0.02288818359375
0.0788116455078125 -0.0943679809570313 0.182037353515625 -0.07183837890625
-0.0117111206054688 -0.112701416015625 0.1243896484375 -0.0873489379882813
-0.09356689453125 -0.0505599975585937 0.0838088989257813 -0.0842437744140625
-0.109413146972656 0.0140762329101563 0.0939788818359375 -0.0927581787109375
-0.1138916015625 0.0170745849609375 0.12884521484375 -0.0876007080078125
-0.131401062011719 0.03692626953125 0.173721313476562 -0.0682525634765625
-0.131973266601563 0.000740051269531264 0.197723388671875 0.014678955078125
-0.124565124511719 -0.084869384765625 0.153289794921875 0.0789642333984375
-0.034942626953125 -0.147689819335938 0.054840087890625 0.1287841796875
0.14117431640625 -0.1173095703125 -0.0475006103515625 0.094970703125
0.174911499023437 0.0200653076171875 0.0177078247070313 -0.04266357421875
0.116767883300781 0.122879028320313 0.257919311523438 0.0610809326171875
0.0214385986328125 -0.143218994140625 -0.281951904296875 -0.02655029296875
-0.0919952392578125 -0.0478515625 -0.0384750366210938 0.0442733764648438
-0.0772171020507813 0.0448226928710937 0.0494461059570313 -0.112831115722656
-0.00514221191406251 0.079193115234375 -0.0656280517578125 -0.176345825195313
0.0509719848632812 0.0556449890136719 -0.174026489257812 -0.103607177734375
0.0730819702148438 0.00051116943359375 -0.220565795898438 0.00569152832031248
0.0532798767089844 -0.00909805297851563 -0.184860229492188 0.110565185546875
0.0425071716308594 0.00345611572265625 -0.135154724121094 0.112442016601563
0.0443000793457031 0.0100021362304688 -0.105819702148438 0.113914489746094
0.0234146118164063 0.0325431823730469 -0.108772277832031 0.09564208984375
-0.0227622985839844 0.044097900390625 -0.122749328613281 0.0912399291992187
-0.0855789184570313 0.00552368164062501 -0.169876098632813 0.0768585205078125
-0.065155029296875 -0.0909042358398437 -0.214859008789063 0.022430419921875
0.00718688964843751 -0.144760131835938 -0.2818603515625 0.05084228515625
0.09197998046875 -0.154708862304688 -0.3311767578125 0.0841064453125
0.1561279296875 -0.15673828125 -0.267974853515625 -0.0751037597656251
0.00608825683593751 -0.107406616210938 -0.0360527038574219 0.0229072570800781
-0.0385093688964844 -0.0643119812011719 0.0712432861328125 -0.131263732910156
-0.0407257080078125 -0.00555038452148438 -0.054443359375 -0.203231811523437
-0.0222530364990234 0.0122623443603516 -0.177459716796875 -0.132766723632812
-0.00333595275878906 0.0176544189453125 -0.231231689453125 -0.00280761718750003
-0.0116844177246094 0.0363922119140625 -0.189590454101563 0.106643676757813
-0.0260848999023437 0.0367202758789063 -0.128761291503906 0.104454040527344
-0.0268020629882813 0.0478057861328125 -0.0988540649414063 0.109634399414063
-0.048492431640625 0.0346412658691406 -0.0939712524414063 0.0965118408203125
-0.0828399658203125 -0.00260162353515626 -0.103500366210937 0.09112548828125
-0.101127624511719 -0.07861328125 -0.153640747070313 0.0829315185546875
-0.000274658203125004 -0.170242309570313 -0.189666748046875 0.0366363525390625
0.102401733398438 -0.187210083007813 -0.25079345703125 0.0537872314453125
0.220001220703125 -0.1578369140625 -0.280487060546875 0.066131591796875
0.274627685546875 -0.140487670898438 -0.204986572265625 -0.123214721679687
0.1185302734375 -0.14361572265625 -0.00335645675659179 -0.00445318222045899
0.025299072265625 -0.172149658203125 0.108993530273438 -0.144882202148438
-0.0624313354492187 -0.104217529296875 -0.020843505859375 -0.225143432617188
-0.091796875 -0.047119140625 -0.155654907226563 -0.163238525390625
-0.0832290649414063 0.0224761962890625 -0.217819213867188 -0.0232696533203125
-0.0784988403320312 0.0717620849609375 -0.172531127929688 0.0856475830078125
-0.0924301147460938 0.0645065307617188 -0.102249145507813 0.0818023681640625
-0.091522216796875 0.0833587646484375 -0.0696258544921875 0.0913772583007813
-0.111198425292969 0.0434799194335937 -0.0566635131835937 0.0921478271484375
-0.141677856445313 -0.0303497314453125 -0.0649795532226563 0.0921630859375
-0.127281188964844 -0.137481689453125 -0.123321533203125 0.0946426391601562
0.035125732421875 -0.236404418945313 -0.159378051757813 0.0558319091796875
0.164642333984375 -0.221572875976562 -0.206939697265625 0.047027587890625
0.308624267578125 -0.1513671875 -0.194961547851562 0.04931640625
0.350311279296875 -0.09466552734375 -0.0999755859375 -0.157989501953125
0.220108032226563 -0.142608642578125 0.0562705993652344 -0.0308074951171875
0.1060791015625 -0.248947143554688 0.156173706054688 -0.145294189453125
-0.0577392578125 -0.19482421875 0.03167724609375 -0.230850219726562
-0.138862609863281 -0.112129211425781 -0.105804443359375 -0.184951782226563
-0.151107788085938 0.01397705078125 -0.177398681640625 -0.048919677734375
-0.134536743164062 0.0916976928710938 -0.134910583496094 0.0509490966796875
-0.14495849609375 0.0818023681640625 -0.0602531433105469 0.0474586486816406
-0.141464233398438 0.110748291015625 -0.0252952575683594 0.0614089965820313
-0.158203125 0.0553131103515625 -0.00562286376953126 0.0769500732421875
-0.187179565429687 -0.043609619140625 -0.0169448852539063 0.0859146118164063
-0.149200439453125 -0.169479370117188 -0.0818710327148438 0.102409362792969
0.0537872314453125 -0.27435302734375 -0.126686096191406 0.069366455078125
0.199020385742188 -0.233612060546875 -0.1593017578125 0.026458740234375
0.35308837890625 -0.12921142578125 -0.0911407470703125 0.0289535522460938
0.362030029296875 -0.03082275390625 0.0293121337890625 -0.173202514648438
0.280303955078125 -0.100830078125 0.131500244140625 -0.0495376586914063
0.183563232421875 -0.264175415039063 0.199615478515625 -0.127182006835938
-0.025238037109375 -0.248214721679688 0.0917205810546875 -0.212127685546875
-0.149658203125 -0.1644287109375 -0.0378265380859375 -0.187042236328125
-0.190170288085937 -0.00509643554687497 -0.114234924316406 -0.0706329345703125
-0.168899536132812 0.094879150390625 -0.0808029174804688 0.0084381103515625
-0.174880981445312 0.08734130859375 -0.0104141235351563 0.00671005249023438
-0.171737670898438 0.122665405273437 0.0262317657470703 0.0224609375
-0.183258056640625 0.0610504150390625 0.0497245788574219 0.0535812377929688
-0.21026611328125 -0.051483154296875 0.0327987670898437 0.073150634765625
-0.152603149414062 -0.183792114257813 -0.0381011962890625 0.1031494140625
0.0727996826171875 -0.2796630859375 -0.0952606201171875 0.0765380859375
0.216842651367187 -0.210952758789062 -0.113067626953125 -0.0018463134765625
0.3525390625 -0.085479736328125 0.0173978805541992 0.00919628143310547
0.30615234375 0.034423828125 0.156417846679688 -0.167282104492188
0.279052734375 -0.0322113037109375 0.205429077148438 -0.0573883056640625
0.227218627929688 -0.214828491210938 0.224746704101563 -0.09759521484375
0.0195770263671875 -0.245574951171875 0.139694213867188 -0.172439575195313
-0.12579345703125 -0.183380126953125 0.0302581787109375 -0.16546630859375
-0.192398071289063 -0.0238494873046875 -0.0412216186523438 -0.0839309692382813
-0.1749267578125 0.0831756591796875 -0.0194320678710938 -0.0346698760986328
-0.17840576171875 0.079376220703125 0.0397491455078125 -0.035552978515625
-0.178787231445313 0.116119384765625 0.0772857666015625 -0.0193710327148437
-0.187850952148438 0.055511474609375 0.1044921875 0.0275497436523438
-0.207672119140625 -0.0604400634765625 0.08038330078125 0.0604095458984375
-0.133285522460938 -0.186309814453125 0.00279235839843749 0.103652954101562
0.0986328125 -0.254928588867188 -0.0691986083984375 0.0808258056640625
0.224044799804688 -0.157608032226563 -0.0685958862304687 -0.0293998718261719
0.313262939453125 -0.0238037109375 0.117897033691406 -0.0016021728515625
0.194046020507813 0.0893707275390625 0.254959106445313 -0.144577026367188
0.21728515625 0.039306640625 0.259811401367188 -0.0558929443359375
0.21746826171875 -0.12353515625 0.2281494140625 -0.0643463134765625
0.054443359375 -0.190200805664063 0.166473388671875 -0.125839233398438
-0.07965087890625 -0.16259765625 0.08270263671875 -0.131462097167969
-0.15838623046875 -0.0364837646484375 0.0258255004882812 -0.0888519287109375
-0.1512451171875 0.0591278076171875 0.0387649536132812 -0.0725479125976563
-0.155624389648438 0.0596160888671875 0.0842208862304687 -0.0733871459960937
-0.16314697265625 0.091094970703125 0.125091552734375 -0.0575332641601562
-0.169235229492188 0.0393829345703125 0.155548095703125 0.0066986083984375
-0.180618286132813 -0.067962646484375 0.122512817382812 0.0571365356445312
-0.09710693359375 -0.174423217773438 0.0383529663085938 0.108467102050781
0.120803833007813 -0.204925537109375 -0.0484466552734375 0.0878143310546875
0.213973999023438 -0.082305908203125 -0.0262527465820312 -0.0446319580078125
0.237197875976563 0.046478271484375 0.202255249023438 0.0047760009765625
0.049957275390625 0.124832153320312 0.307525634765625 -0.119903564453125
0.113471984863281 0.095184326171875 0.284210205078125 -0.05572509765625
0.157699584960938 -0.0208282470703125 0.2122802734375 -0.0424652099609375
0.0663299560546875 -0.101058959960938 0.172470092773438 -0.0903778076171875
-0.0259780883789062 -0.108726501464844 0.112014770507813 -0.100761413574219
-0.0976791381835938 -0.0381393432617187 0.072784423828125 -0.0910263061523438
-0.103897094726563 0.0272140502929687 0.0811309814453125 -0.100540161132812
-0.109268188476563 0.0312271118164063 0.11614990234375 -0.0999526977539062
-0.123664855957031 0.0528488159179687 0.16351318359375 -0.0860443115234375
-0.128669738769531 0.0167617797851563 0.196701049804688 -0.0055389404296875
-0.132164001464844 -0.0669479370117188 0.157180786132813 0.0633697509765625
-0.0524139404296875 -0.1416015625 0.065826416015625 0.122383117675781
0.125587463378906 -0.132392883300781 -0.037445068359375 0.0995712280273437
0.175018310546875 0.0005035400390625 0.00900268554687501 -0.0434455871582031
0.128150939941406 0.108848571777344 0.257644653320313 0.0321197509765625
0.00299835205078126 -0.137977600097656 -0.268157958984375 0.00537109374999996
-0.0924606323242188 -0.0347976684570313 -0.0281829833984375 0.0456275939941406
-0.0674400329589844 0.0522041320800781 0.0365219116210937 -0.11346435546875
0.0057830810546875 0.0762939453125 -0.0800933837890625 -0.162796020507812
0.0573921203613281 0.0460052490234375 -0.175262451171875 -0.0821685791015625
0.0695762634277344 -0.0109405517578125 -0.2105712890625 0.02667236328125
0.0470733642578125 -0.0169754028320313 -0.1640625 0.123565673828125
0.0400962829589844 -0.00304412841796875 -0.115730285644531 0.121406555175781
0.0423469543457031 0.00283432006835938 -0.0873489379882813 0.120697021484375
0.0256233215332031 0.0262928009033203 -0.0928115844726563 0.102996826171875
-0.0151786804199219 0.0427131652832031 -0.107322692871094 0.101631164550781
-0.0794219970703125 0.0165023803710937 -0.154586791992187 0.0927734375
-0.0714569091796875 -0.077667236328125 -0.203933715820312 0.0413818359375
-0.00845336914062499 -0.137588500976563 -0.262619018554688 0.0750579833984374
0.06982421875 -0.157470703125 -0.3017578125 0.113800048828125
0.128707885742188 -0.165969848632812 -0.260284423828125 -0.040740966796875
-0.00554656982421875 -0.101226806640625 -0.0273933410644531 0.0260162353515625
-0.04339599609375 -0.0553932189941406 0.0546417236328125 -0.133819580078125
-0.0371017456054687 0.000587463378906244 -0.071685791015625 -0.189743041992188
-0.0172538757324219 0.0134220123291016 -0.181793212890625 -0.10870361328125
-8.10623168945308E-05 0.0138711929321289 -0.220703125 0.0194091796875
-0.00788688659667968 0.0323696136474609 -0.16796875 0.12091064453125
-0.0214881896972656 0.035552978515625 -0.111129760742188 0.113822937011719
-0.0198822021484375 0.0462493896484375 -0.0812835693359375 0.115806579589844
-0.0416412353515625 0.0349578857421875 -0.0788726806640625 0.103126525878906
-0.07684326171875 0.00494384765624999 -0.0887832641601563 0.0995941162109375
-0.102088928222656 -0.0625152587890625 -0.139167785644531 0.0968399047851562
-0.017181396484375 -0.159805297851563 -0.178375244140625 0.0527191162109375
0.0775909423828125 -0.186279296875 -0.233169555664063 0.0752105712890625
0.19061279296875 -0.173614501953125 -0.256439208984375 0.09246826171875
0.242706298828125 -0.162857055664063 -0.206268310546875 -0.092315673828125
0.0976409912109375 -0.147186279296875 0.000302195549011237 -0.00176239013671876
0.00459289550781249 -0.16497802734375 0.08905029296875 -0.150802612304688
-0.0684814453125 -0.0904998779296875 -0.0420074462890625 -0.2139892578125
-0.0892486572265625 -0.0343475341796875 -0.163986206054688 -0.140640258789063
-0.0740280151367188 0.0276565551757813 -0.209548950195313 -0.000808715820312531
-0.0660781860351563 0.0730743408203125 -0.154510498046875 0.0993194580078125
-0.0812454223632813 0.06964111328125 -0.089111328125 0.0884323120117188
-0.0770263671875 0.0870437622070313 -0.0552978515625 0.0949478149414063
-0.099609375 0.0504989624023438 -0.0436935424804688 0.0948944091796875
-0.135002136230469 -0.0150375366210937 -0.05291748046875 0.0967559814453125
-0.133636474609375 -0.115150451660156 -0.109115600585938 0.106231689453125
0.00938415527343748 -0.226791381835937 -0.148101806640625 0.068267822265625
0.132843017578125 -0.225387573242188 -0.193023681640625 0.0650177001953125
0.275527954101563 -0.177093505859375 -0.177825927734375 0.0673370361328125
0.31988525390625 -0.1270751953125 -0.111190795898438 -0.13616943359375
0.193984985351563 -0.15679931640625 0.0537796020507813 -0.0316581726074219
0.0731964111328125 -0.245941162109375 0.13311767578125 -0.15570068359375
-0.07403564453125 -0.177047729492188 0.00764465332031248 -0.224411010742187
-0.141983032226563 -0.0902099609375 -0.119964599609375 -0.1658935546875
-0.1392822265625 0.027313232421875 -0.173385620117188 -0.027801513671875
-0.11627197265625 0.0983428955078125 -0.122222900390625 0.0628433227539062
-0.128814697265625 0.0918960571289062 -0.0525588989257812 0.0520172119140625
-0.120933532714844 0.118644714355469 -0.0161552429199219 0.0616035461425781
-0.141799926757812 0.066986083984375 0.00368499755859374 0.0755996704101563
-0.179351806640625 -0.0217742919921875 -0.00778961181640626 0.086273193359375
-0.15838623046875 -0.143707275390625 -0.0690841674804688 0.109947204589844
0.022064208984375 -0.265365600585938 -0.115371704101563 0.0785751342773438
0.164306640625 -0.24053955078125 -0.150802612304688 0.0413970947265625
0.3214111328125 -0.16058349609375 -0.0824356079101563 0.0373306274414062
0.33843994140625 -0.06787109375 0.00833129882812503 -0.163909912109375
0.2559814453125 -0.123336791992188 0.121986389160156 -0.0562744140625
0.1448974609375 -0.269973754882813 0.17657470703125 -0.142669677734375
-0.04937744140625 -0.230758666992188 0.0668487548828125 -0.212554931640625
-0.158309936523438 -0.138168334960938 -0.056182861328125 -0.174514770507813
-0.1785888671875 0.014678955078125 -0.115447998046875 -0.0549850463867188
-0.14788818359375 0.1053466796875 -0.0755538940429688 0.01715087890625
-0.155776977539063 0.100494384765625 -0.0100688934326172 0.00792598724365235
-0.147964477539063 0.133865356445313 0.0281314849853515 0.0189456939697266
-0.165664672851563 0.0759429931640625 0.0545463562011719 0.0472793579101563
-0.202255249023438 -0.0259552001953125 0.0380744934082031 0.0692481994628906
-0.1636962890625 -0.156417846679688 -0.02728271484375 0.106002807617187
0.0397491455078125 -0.273178100585938 -0.084136962890625 0.0821380615234375
0.183700561523438 -0.221694946289063 -0.110420227050781 0.00995635986328124
0.3255615234375 -0.118743896484375 0.0178985595703125 0.00685882568359374
0.293182373046875 6.103515625E-05 0.12847900390625 -0.171844482421875
0.26220703125 -0.058441162109375 0.19000244140625 -0.071044921875
0.191329956054688 -0.228958129882812 0.2039794921875 -0.11553955078125
-0.0066375732421875 -0.2337646484375 0.11553955078125 -0.179092407226563
-0.138702392578125 -0.1590576171875 0.0106658935546875 -0.161163330078125
-0.183609008789063 -0.00279235839843752 -0.0472793579101563 -0.0750350952148438
-0.154800415039063 0.096282958984375 -0.022115707397461 -0.0300750732421875
-0.160049438476563 0.0945281982421875 0.0330123901367187 -0.0380668640136719
-0.154983520507813 0.129470825195312 0.072296142578125 -0.026947021484375
-0.169769287109375 0.0720367431640625 0.103446960449219 0.0169906616210938
-0.201141357421875 -0.0336761474609375 0.0814895629882812 0.0527114868164063
-0.146865844726563 -0.160842895507813 0.01177978515625 0.101295471191406
0.066009521484375 -0.252700805664063 -0.0588226318359375 0.084228515625
0.196762084960938 -0.171676635742188 -0.0714340209960938 -0.020050048828125
0.29437255859375 -0.055755615234375 0.111541748046875 -0.0143051147460938
0.19329833984375 0.0643768310546875 0.223846435546875 -0.1612548828125
0.211334228515625 0.0156402587890625 0.241592407226563 -0.0753631591796875
0.192291259765625 -0.141998291015625 0.210952758789063 -0.0834197998046875
0.031463623046875 -0.185562133789062 0.146575927734375 -0.1373291015625
-0.0935821533203125 -0.145004272460938 0.0641860961914063 -0.134346008300781
-0.153717041015625 -0.0170440673828125 0.0161209106445312 -0.0863189697265625
-0.135139465332031 0.0720901489257813 0.0287933349609375 -0.072296142578125
-0.140472412109375 0.0738449096679687 0.0708236694335937 -0.078460693359375
-0.142745971679688 0.10595703125 0.113441467285156 -0.06829833984375
-0.154159545898438 0.055572509765625 0.149261474609375 -0.008941650390625
-0.17767333984375 -0.0430450439453125 0.121498107910156 0.0441360473632813
-0.112335205078125 -0.153656005859375 0.0457611083984375 0.101242065429687
0.09228515625 -0.208541870117188 -0.0379409790039063 0.089263916015625
0.195068359375 -0.100555419921875 -0.0327796936035156 -0.0388908386230469
0.230560302734375 0.018890380859375 0.190948486328125 -0.0173797607421875
0.06048583984375 0.112945556640625 0.276138305664063 -0.142745971679688
0.118003845214844 0.0785369873046875 0.263717651367188 -0.0775299072265625
0.1475830078125 -0.03875732421875 0.198776245117188 -0.0599365234375
0.0517730712890625 -0.102882385253906 0.155410766601563 -0.10357666015625
-0.0377426147460938 -0.099334716796875 0.0952606201171875 -0.10858154296875
-0.09710693359375 -0.0243606567382813 0.0601730346679687 -0.0932388305664063
-0.093902587890625 0.037384033203125 0.0661773681640625 -0.102874755859375
-0.0997695922851563 0.0427398681640625 0.0984344482421875 -0.107498168945313
-0.110374450683594 0.0654830932617187 0.146591186523438 -0.0995025634765625
-0.119422912597656 0.0315017700195312 0.186981201171875 -0.025543212890625
-0.132064819335938 -0.0467300415039062 0.155059814453125 0.046051025390625
-0.0667495727539062 -0.127906799316406 0.0736312866210938 0.111473083496094
0.104507446289062 -0.141372680664063 -0.026214599609375 0.0996170043945312
0.167221069335938 -0.0189208984375 0.000278472900390632 -0.0414314270019531
0.134117126464844 0.0898284912109375 0.246200561523438 0.00271606445312501
-0.0108413696289062 -0.127975463867187 -0.247268676757813 0.0277099609375
-0.0892181396484375 -0.024505615234375 -0.01947021484375 0.0435676574707031
-0.0578575134277344 0.0550270080566406 0.0256500244140625 -0.110107421875
0.013702392578125 0.0706787109375 -0.0867919921875 -0.148040771484375
0.0597877502441406 0.0361328125 -0.169281005859375 -0.064910888671875
0.0631790161132812 -0.0185699462890625 -0.196365356445313 0.04034423828125
0.0403861999511719 -0.0213775634765625 -0.14373779296875 0.127960205078125
0.0357856750488281 -0.00728607177734375 -0.0976791381835937 0.122718811035156
0.0382308959960938 -0.00249099731445313 -0.0704803466796875 0.119941711425781
0.0254096984863281 0.0201835632324219 -0.0779647827148438 0.10430908203125
-0.00967025756835937 0.038909912109375 -0.0921401977539063 0.104644775390625
-0.0704879760742187 0.023040771484375 -0.137443542480469 0.0998153686523437
-0.0717239379882812 -0.0644607543945313 -0.188766479492188 0.05279541015625
-0.0195693969726563 -0.126518249511719 -0.238845825195312 0.089111328125
0.050689697265625 -0.152557373046875 -0.26910400390625 0.128280639648438
0.103607177734375 -0.164352416992188 -0.243118286132813 -0.015472412109375
-0.0137100219726563 -0.0928268432617188 -0.0199699401855469 0.0264854431152344
-0.044464111328125 -0.0467414855957031 0.0409698486328125 -0.130439758300781
-0.0323905944824219 0.00398063659667969 -0.0806732177734375 -0.1732177734375
-0.0119466781616211 0.0127944946289063 -0.1778564453125 -0.0884857177734375
0.00162315368652344 0.00968360900878906 -0.205734252929688 0.0344390869140625
-0.0059661865234375 0.0281867980957031 -0.14703369140625 0.126068115234375
-0.0181083679199219 0.0334625244140625 -0.09423828125 0.115043640136719
-0.0150299072265625 0.042755126953125 -0.0648193359375 0.115463256835938
-0.0358314514160156 0.0335159301757812 -0.06494140625 0.103729248046875
-0.0696792602539062 0.00835037231445312 -0.0752792358398438 0.101943969726562
-0.0986251831054688 -0.0485610961914063 -0.123283386230469 0.10430908203125
-0.0278167724609375 -0.14569091796875 -0.164886474609375 0.0617828369140625
0.05718994140625 -0.177871704101563 -0.21160888671875 0.08709716796875
0.162384033203125 -0.177459716796875 -0.228790283203125 0.105636596679687
0.2100830078125 -0.170867919921875 -0.198379516601562 -0.0668792724609375
0.0787200927734375 -0.143646240234375 0.00399541854858399 -0.000536441802978524
-0.00952148437500001 -0.151962280273438 0.071014404296875 -0.149078369140625
-0.0689315795898438 -0.0775833129882813 -0.0548095703125 -0.198440551757812
-0.0831451416015625 -0.0244216918945313 -0.16387939453125 -0.119003295898438
-0.0652618408203125 0.0289726257324219 -0.195587158203125 0.0150299072265625
-0.0558547973632813 0.07080078125 -0.135345458984375 0.105194091796875
-0.07061767578125 0.0701980590820312 -0.0759506225585938 0.0900650024414063
-0.0637664794921875 0.0854568481445312 -0.0425567626953125 0.09417724609375
-0.087646484375 0.0524368286132813 -0.0326919555664063 0.0933609008789063
-0.124183654785156 -0.00504302978515624 -0.04180908203125 0.0971450805664063
-0.132171630859375 -0.09539794921875 -0.0945968627929688 0.111198425292969
-0.00843811035156251 -0.210281372070313 -0.135406494140625 0.0741271972656249
0.105712890625 -0.21832275390625 -0.175628662109375 0.0749664306640625
0.24273681640625 -0.187896728515625 -0.158309936523437 0.0762786865234375
0.2845458984375 -0.1436767578125 -0.1141357421875 -0.114418029785156
0.168075561523438 -0.160247802734375 0.0507278442382813 -0.0309066772460938
0.0468902587890625 -0.234024047851563 0.1121826171875 -0.156539916992188
-0.0818939208984375 -0.157119750976563 -0.00961303710937499 -0.211959838867188
-0.137351989746094 -0.0715866088867187 -0.1248779296875 -0.1461181640625
-0.125137329101563 0.0342330932617188 -0.163619995117188 -0.01300048828125
-0.099334716796875 0.0987091064453125 -0.108100891113281 0.0692138671875
-0.112449645996094 0.0953369140625 -0.0455894470214844 0.0531349182128906
-0.101776123046875 0.118682861328125 -0.00902938842773438 0.0588798522949219
-0.125556945800781 0.07177734375 0.0102310180664062 0.0711441040039063
-0.166168212890625 -0.0066070556640625 -0.000915527343750002 0.0844879150390625
-0.15850830078125 -0.119674682617188 -0.05755615234375 0.111564636230469
0.000457763671874982 -0.247772216796875 -0.10400390625 0.0815811157226563
0.134109497070313 -0.2347412109375 -0.138267517089844 0.0507049560546875
0.285980224609375 -0.175537109375 -0.072479248046875 0.0409164428710937
0.307281494140625 -0.0899658203125 -0.00616455078124999 -0.14947509765625
0.228912353515625 -0.133926391601563 0.111648559570313 -0.0579910278320313
0.111282348632812 -0.262664794921875 0.153656005859375 -0.146377563476563
-0.06329345703125 -0.209808349609375 0.046661376953125 -0.205596923828125
-0.157333374023438 -0.11444091796875 -0.06646728515625 -0.15887451171875
-0.163360595703125 0.026702880859375 -0.111503601074219 -0.0425262451171875
-0.127830505371094 0.108505249023438 -0.0683784484863281 0.0230636596679688
-0.13702392578125 0.106513977050781 -0.00958633422851563 0.00858116149902344
-0.124755859375 0.135299682617187 0.0290756225585937 0.0153903961181641
-0.146026611328125 0.0824432373046875 0.0555953979492187 0.0412940979003906
-0.187515258789063 -0.00804138183593751 0.0410270690917969 0.0647087097167969
-0.164398193359375 -0.131210327148437 -0.0187301635742188 0.10498046875
0.01519775390625 -0.25738525390625 -0.0746612548828125 0.083251953125
0.154037475585937 -0.219528198242187 -0.104034423828125 0.0189132690429687
0.293243408203125 -0.13720703125 0.017293930053711 0.00463771820068359
0.271408081054688 -0.0228729248046875 0.10443115234375 -0.165985107421875
0.240646362304688 -0.074127197265625 0.172698974609375 -0.0763702392578125
0.15875244140625 -0.229339599609375 0.18096923828125 -0.123397827148438
-0.0239410400390625 -0.216094970703125 0.0956268310546875 -0.177520751953125
-0.141586303710937 -0.1356201171875 -0.00376892089843752 -0.151626586914063
-0.169479370117188 0.0118865966796875 -0.0490150451660156 -0.0660858154296875
-0.134391784667969 0.100784301757812 -0.0222434997558594 -0.0253944396972656
-0.140777587890625 0.101577758789063 0.0268974304199219 -0.0375442504882812
-0.131309509277344 0.133720397949219 0.0663604736328125 -0.0310134887695312
-0.149993896484375 0.080413818359375 0.0991287231445312 0.00814819335937501
-0.187652587890625 -0.0136260986328125 0.079742431640625 0.0458221435546875
-0.149978637695312 -0.136245727539063 0.0171966552734375 0.0970458984375
0.0406036376953125 -0.241775512695313 -0.0497894287109375 0.0834197998046875
0.169677734375 -0.175460815429688 -0.0707321166992187 -0.0117416381835938
0.270172119140625 -0.07598876953125 0.101531982421875 -0.0220565795898438
0.18408203125 0.0442047119140625 0.19317626953125 -0.163955688476563
0.198226928710938 -0.0016326904296875 0.219223022460938 -0.0836029052734375
0.167037963867188 -0.148895263671875 0.191116333007813 -0.0926513671875
0.01483154296875 -0.174789428710937 0.126861572265625 -0.140373229980469
-0.0993423461914062 -0.1260986328125 0.0482101440429687 -0.131103515625
-0.1435546875 -0.00300598144531252 0.008819580078125 -0.0818023681640625
-0.118537902832031 0.0775833129882813 0.0208053588867187 -0.0686607360839844
-0.124320983886719 0.0812225341796875 0.0587387084960937 -0.0781631469726563
-0.121841430664062 0.111053466796875 0.100349426269531 -0.0727691650390625
-0.137626647949219 0.065216064453125 0.139450073242187 -0.0198211669921875
-0.167083740234375 -0.0235443115234375 0.116043090820313 0.034423828125
-0.118057250976562 -0.132225036621094 0.049224853515625 0.0940704345703125
0.0673675537109375 -0.203155517578125 -0.0299758911132812 0.0865097045898437
0.174453735351563 -0.109542846679688 -0.0368804931640625 -0.0320358276367188
0.216751098632813 -0.001129150390625 0.174331665039063 -0.0307769775390625
0.0651092529296875 0.100242614746094 0.242355346679688 -0.151473999023438
0.116806030273438 0.0640182495117188 0.239105224609375 -0.088714599609375
0.133399963378906 -0.050079345703125 0.182693481445313 -0.069580078125
0.0393447875976563 -0.0998764038085938 0.138046264648437 -0.108970642089844
-0.0444488525390625 -0.0884170532226563 0.0797271728515625 -0.109115600585938
-0.09228515625 -0.01348876953125 0.0490493774414062 -0.0914154052734375
-0.0830612182617188 0.0434722900390625 0.05255126953125 -0.101058959960938
-0.0887298583984375 0.0493545532226563 0.0815887451171875 -0.107757568359375
-0.095703125 0.0724105834960937 0.127983093261719 -0.104927062988281
-0.107185363769531 0.0401535034179687 0.173385620117188 -0.0382537841796875
-0.126922607421875 -0.030853271484375 0.14764404296875 0.0326690673828125
-0.0740814208984375 -0.112197875976563 0.0760879516601563 0.0996932983398438
0.0842742919921875 -0.141616821289063 -0.0178298950195313 0.09613037109375
0.155075073242188 -0.0322113037109375 -0.00618362426757812 -0.0371894836425781
0.132499694824219 0.0726394653320313 0.227142333984375 -0.01678466796875
-0.0192031860351562 -0.116668701171875 -0.227447509765625 0.03924560546875
-0.0847930908203125 -0.0165863037109375 -0.0136146545410156 0.0406227111816406
-0.0500450134277344 0.0552597045898438 0.0193099975585938 -0.104637145996094
0.0189590454101563 0.065277099609375 -0.0889129638671875 -0.135574340820313
0.0589256286621094 0.0278549194335938 -0.161422729492188 -0.05364990234375
0.056304931640625 -0.023590087890625 -0.183364868164063 0.0477142333984375
0.0341567993164063 -0.023345947265625 -0.127334594726563 0.127265930175781
0.0314979553222656 -0.009521484375 -0.0844955444335937 0.120292663574219
0.0341510772705078 -0.00546455383300781 -0.0580291748046875 0.115989685058594
0.024078369140625 0.0155448913574219 -0.0668563842773438 0.102348327636719
-0.00582504272460938 0.0353050231933594 -0.0804443359375 0.10382080078125
-0.0625152587890625 0.0263442993164063 -0.123649597167969 0.102485656738281
-0.0699920654296875 -0.0549392700195313 -0.176345825195313 0.0574188232421875
-0.025360107421875 -0.116302490234375 -0.218597412109375 0.0931243896484375
0.037353515625 -0.145111083984375 -0.2412109375 0.131942749023438
0.0851898193359375 -0.156875610351563 -0.225616455078125 -9.15527343749662E-05
-0.017669677734375 -0.0847320556640625 -0.0143013000488281 0.0255718231201172
-0.0436172485351563 -0.0394630432128906 0.0316925048828125 -0.124839782714844
-0.0273265838623047 0.00625038146972656 -0.0843505859375 -0.159912109375
-0.00782203674316406 0.011012077331543 -0.169937133789063 -0.074981689453125
0.00181674957275391 0.00591516494750977 -0.191207885742188 0.0422515869140625
-0.00576019287109375 0.0251579284667969 -0.130699157714844 0.125534057617188
-0.01617431640625 0.0316123962402344 -0.0818328857421875 0.113479614257813
-0.0127792358398438 0.0386009216308594 -0.0529327392578125 0.111579895019531
-0.0314216613769531 0.0305099487304687 -0.05413818359375 0.101394653320313
-0.0627326965332031 0.00987243652343751 -0.0651473999023438 0.101280212402344
-0.092620849609375 -0.0390625 -0.110809326171875 0.106269836425781
-0.032806396484375 -0.133186340332031 -0.1534423828125 0.0654296875
0.044189453125 -0.167388916015625 -0.1937255859375 0.0904998779296875
0.140792846679688 -0.174407958984375 -0.205474853515625 0.108535766601562
0.183746337890625 -0.169464111328125 -0.186767578125 -0.0493927001953125
0.0657119750976563 -0.137199401855469 0.00681161880493164 0.000349998474121085
-0.0172958374023437 -0.139923095703125 0.059051513671875 -0.1427001953125
-0.0665435791015625 -0.0675010681152344 -0.06170654296875 -0.184616088867188
-0.0763702392578125 -0.0189590454101563 -0.159210205078125 -0.104354858398437
-0.0584297180175781 0.0278396606445312 -0.182601928710938 0.0235748291015625
-0.0490036010742188 0.0672035217285156 -0.120796203613281 0.106109619140625
-0.0624313354492188 0.0681266784667969 -0.0659103393554688 0.089385986328125
-0.0553131103515625 0.0807418823242188 -0.0334548950195312 0.0907211303710937
-0.078338623046875 0.05108642578125 -0.0242843627929687 0.090118408203125
-0.114593505859375 0.000595092773437475 -0.0340728759765625 0.0955276489257813
-0.126686096191406 -0.0812606811523438 -0.0836944580078125 0.111724853515625
-0.0182342529296875 -0.195327758789063 -0.125694274902344 0.07568359375
0.0876007080078125 -0.207489013671875 -0.160980224609375 0.0785980224609375
0.214874267578125 -0.1883544921875 -0.142196655273438 0.078582763671875
0.255050659179688 -0.148208618164063 -0.112167358398438 -0.0979080200195313
0.148635864257813 -0.15777587890625 0.0489082336425781 -0.0293006896972656
0.030548095703125 -0.219329833984375 0.0968475341796875 -0.15155029296875
-0.08343505859375 -0.141189575195313 -0.01910400390625 -0.200027465820313
-0.130416870117188 -0.058990478515625 -0.12420654296875 -0.130828857421875
-0.113739013671875 0.03704833984375 -0.153335571289063 -0.00401306152343749
-0.0875930786132812 0.0956268310546875 -0.0974197387695312 0.070953369140625
-0.100166320800781 0.094970703125 -0.0399589538574219 0.0525321960449219
-0.0872573852539063 0.114234924316406 -0.00413894653320313 0.0557632446289063
-0.111984252929688 0.0715713500976562 0.01458740234375 0.0673255920410156
-0.153213500976562 0.00161743164062503 0.00363159179687499 0.08148193359375
-0.152511596679688 -0.102279663085938 -0.0489730834960938 0.111480712890625
-0.0121612548828125 -0.231109619140625 -0.095947265625 0.08160400390625
0.11309814453125 -0.224288940429687 -0.127906799316406 0.0547637939453125
0.256301879882813 -0.179656982421875 -0.064239501953125 0.0411911010742187
0.279510498046875 -0.0995941162109375 -0.0142059326171875 -0.135452270507813
0.20751953125 -0.136184692382813 0.10394287109375 -0.0567474365234375
0.088714599609375 -0.250167846679688 0.13641357421875 -0.144058227539063
-0.0688629150390625 -0.191558837890625 0.033050537109375 -0.196258544921875
-0.151611328125 -0.0975341796875 -0.07086181640625 -0.145782470703125
-0.149002075195313 0.0321502685546875 -0.106071472167969 -0.0341339111328125
-0.112876892089844 0.106376647949219 -0.062103271484375 0.0262489318847656
-0.122161865234375 0.10662841796875 -0.00894927978515626 0.00907039642333985
-0.107337951660156 0.132308959960938 0.0288486480712891 0.0129375457763672
-0.129745483398438 0.0832138061523437 0.0554351806640625 0.0363731384277344
-0.173416137695312 0.00251770019531251 0.0410079956054687 0.0615730285644531
-0.159713745117188 -0.11224365234375 -0.0132904052734375 0.10296630859375
-0.000381469726562497 -0.2410888671875 -0.06787109375 0.0818557739257812
0.132781982421875 -0.211624145507812 -0.0982208251953125 0.023834228515625
0.266708374023438 -0.144287109375 0.0164289474487305 0.00337219238281249
0.249740600585938 -0.035064697265625 0.0869293212890625 -0.156463623046875
0.221893310546875 -0.0811614990234375 0.159591674804688 -0.0761871337890625
0.134521484375 -0.221450805664063 0.164398193359375 -0.12322998046875
-0.0332489013671875 -0.199600219726563 0.080596923828125 -0.172012329101563
-0.13885498046875 -0.118698120117188 -0.01214599609375 -0.142166137695313
-0.155914306640625 0.0194854736328125 -0.0490493774414063 -0.0590553283691406
-0.119438171386719 0.100250244140625 -0.0218009948730469 -0.0213088989257812
-0.125930786132813 0.102149963378906 0.0223579406738281 -0.0355911254882812
-0.113731384277344 0.13104248046875 0.0604133605957031 -0.0322837829589844
-0.134353637695313 0.0824813842773438 0.0941696166992187 0.00344085693359376
-0.173843383789063 -0.00189208984375004 0.076629638671875 0.0415496826171875
-0.146987915039063 -0.117584228515625 0.0197677612304687 0.09326171875
0.0238037109375 -0.228302001953125 -0.04486083984375 0.0810775756835937
0.149093627929688 -0.171707153320313 -0.069091796875 -0.00572586059570314
0.247772216796875 -0.085906982421875 0.0927734375 -0.0260848999023438
0.1732177734375 0.03265380859375 0.169601440429688 -0.15911865234375
0.186660766601563 -0.0113677978515625 0.20172119140625 -0.0851898193359375
0.146575927734375 -0.148941040039062 0.175140380859375 -0.0946807861328125
0.00430297851562502 -0.163833618164063 0.111930847167969 -0.138168334960938
-0.0996627807617188 -0.112113952636719 0.0375213623046875 -0.125190734863281
-0.133430480957031 0.00534057617187499 0.0041656494140625 -0.0763626098632813
-0.105430603027344 0.0791473388671875 0.0160675048828125 -0.0645713806152344
-0.110733032226563 0.0833892822265625 0.0497970581054687 -0.075958251953125
-0.106063842773437 0.110923767089844 0.0896224975585938 -0.0733718872070313
-0.123001098632812 0.0685958862304688 0.130271911621094 -0.025299072265625
-0.156295776367187 -0.01116943359375 0.110160827636719 0.0288314819335938
-0.118263244628906 -0.115310668945312 0.0493240356445313 0.0879364013671875
0.05059814453125 -0.1942138671875 -0.02520751953125 0.0828704833984375
0.157272338867188 -0.111801147460938 -0.0383758544921875 -0.0265121459960938
0.202423095703125 -0.0134735107421875 0.159713745117188 -0.0373992919921875
0.0658416748046875 0.0908126831054688 0.21563720703125 -0.150375366210938
0.113525390625 0.0531158447265625 0.21978759765625 -0.09100341796875
0.120841979980469 -0.05548095703125 0.169097900390625 -0.072052001953125
0.0308151245117187 -0.0950698852539062 0.124473571777344 -0.109489440917969
-0.0472793579101562 -0.0789337158203125 0.068115234375 -0.106605529785156
-0.0866928100585938 -0.00658416748046874 0.0414199829101562 -0.0882110595703125
-0.0743560791015625 0.0457382202148438 0.0433197021484375 -0.0966262817382813
-0.0792617797851563 0.0519943237304688 0.068939208984375 -0.105072021484375
-0.08349609375 0.074676513671875 0.113449096679688 -0.105514526367188
-0.0967788696289063 0.0448074340820313 0.160614013671875 -0.0451507568359375
-0.119392395019531 -0.0193405151367187 0.139595031738281 0.0253219604492188
-0.07684326171875 -0.0992584228515625 0.0749435424804688 0.091644287109375
0.0692367553710937 -0.138671875 -0.0131988525390625 0.09075927734375
0.143966674804688 -0.039520263671875 -0.0106735229492187 -0.0331535339355469
0.127967834472656 0.0599899291992188 0.20849609375 -0.02777099609375
-0.0232772827148437 -0.1083984375 -0.212738037109375 0.0455322265625
-0.0819015502929688 -0.011383056640625 -0.00942230224609375 0.038787841796875
-0.04449462890625 0.0547904968261719 0.0157089233398437 -0.100669860839844
0.022979736328125 0.0610847473144531 -0.0894622802734375 -0.126754760742188
0.0587005615234375 0.0218963623046875 -0.155624389648438 -0.0471343994140625
0.0504035949707031 -0.0264129638671875 -0.173797607421875 0.0521087646484375
0.0291099548339844 -0.02349853515625 -0.11688232421875 0.126113891601563
0.0285301208496094 -0.0109825134277344 -0.0756759643554687 0.118461608886719
0.0307769775390625 -0.00773048400878906 -0.049346923828125 0.112510681152344
0.0232181549072266 0.0120620727539063 -0.0593490600585938 0.100639343261719
-0.00382423400878906 0.0318641662597656 -0.0727310180664062 0.103477478027344
-0.0562782287597656 0.0283393859863281 -0.114250183105469 0.10321044921875
-0.0672378540039062 -0.0483360290527344 -0.167510986328125 0.0600738525390625
-0.0287628173828125 -0.108596801757813 -0.203262329101563 0.0936431884765625
0.0278091430664063 -0.139373779296875 -0.22222900390625 0.131683349609375
0.0732269287109375 -0.149917602539063 -0.212570190429688 0.00935363769531246
-0.02008056640625 -0.0782623291015625 -0.00959587097167969 0.0253200531005859
-0.0424118041992187 -0.0349807739257812 0.0263748168945313 -0.119850158691406
-0.0234146118164063 0.00735282897949219 -0.086212158203125 -0.150604248046875
-0.00510025024414062 0.00914955139160156 -0.164215087890625 -0.067230224609375
0.000640869140625 0.00268721580505371 -0.181930541992188 0.0472564697265625
-0.00622177124023437 0.0229339599609375 -0.11932373046875 0.12481689453125
-0.0160446166992187 0.0302028656005859 -0.073333740234375 0.1114501953125
-0.0117034912109375 0.03570556640625 -0.0450363159179688 0.108985900878906
-0.0291614532470703 0.0279254913330078 -0.04718017578125 0.0991363525390625
-0.0584640502929687 0.00966644287109375 -0.0584564208984375 0.100288391113281
-0.087432861328125 -0.0328521728515625 -0.101768493652344 0.10760498046875
-0.034881591796875 -0.124397277832031 -0.146316528320312 0.066558837890625
0.035736083984375 -0.159225463867188 -0.181198120117188 0.0915374755859375
0.125045776367187 -0.171051025390625 -0.189422607421875 0.108505249023437
0.166046142578125 -0.165863037109375 -0.177688598632813 -0.0381011962890625
0.05718994140625 -0.131324768066406 0.00939464569091797 0.0010700225830078
-0.0218505859375 -0.130401611328125 0.051239013671875 -0.137985229492187
-0.0630264282226562 -0.0605545043945313 -0.0648345947265625 -0.174957275390625
-0.0714187622070313 -0.0165557861328125 -0.155029296875 -0.0943756103515625
-0.0544815063476563 0.0259971618652344 -0.17364501953125 0.02911376953125
-0.0449752807617187 0.063751220703125 -0.110580444335938 0.105964660644531
-0.0578155517578125 0.0668754577636719 -0.0595169067382813 0.088592529296875
-0.0492477416992188 0.0773468017578125 -0.027313232421875 0.0880661010742188
-0.0725555419921875 0.0495376586914063 -0.0186386108398437 0.0879364013671875
-0.107521057128906 0.00279998779296874 -0.0289688110351562 0.0946807861328125
-0.121345520019531 -0.0714340209960938 -0.0761947631835938 0.113288879394531
-0.0231170654296875 -0.183670043945313 -0.119384765625 0.076385498046875
0.07568359375 -0.198532104492188 -0.151016235351563 0.0799407958984375
0.196014404296875 -0.187347412109375 -0.131027221679688 0.0785369873046875
0.234466552734375 -0.148193359375 -0.109596252441406 -0.0855560302734375
0.135223388671875 -0.154144287109375 0.0482559204101563 -0.0272216796875
0.0194244384765625 -0.20855712890625 0.087005615234375 -0.147384643554688
-0.0823135375976563 -0.129180908203125 -0.02593994140625 -0.191192626953125
-0.123977661132813 -0.0513839721679687 -0.123153686523438 -0.121040344238281
-0.105384826660156 0.037017822265625 -0.146392822265625 0.00152587890625003
-0.07952880859375 0.0927810668945313 -0.0890579223632812 0.0722427368164063
-0.0921249389648438 0.094024658203125 -0.0362091064453125 0.0524749755859375
-0.078277587890625 0.111068725585937 -0.000877380371093758 0.0535507202148438
-0.103004455566406 0.0699844360351563 0.0176239013671875 0.0644950866699219
-0.143569946289062 0.00624084472656251 0.00667572021484374 0.0802536010742187
-0.147232055664063 -0.0909576416015625 -0.0429534912109375 0.111656188964844
-0.020294189453125 -0.2191162109375 -0.091522216796875 0.0815658569335938
0.09979248046875 -0.215927124023438 -0.121238708496094 0.0568771362304687
0.235504150390625 -0.1805419921875 -0.0591621398925781 0.0409049987792969
0.2606201171875 -0.103378295898438 -0.0187149047851562 -0.124496459960938
0.19305419921875 -0.136260986328125 0.0993118286132813 -0.0551376342773438
0.0742340087890625 -0.240127563476563 0.125442504882813 -0.141326904296875
-0.07110595703125 -0.178436279296875 0.0246734619140625 -0.189407348632813
-0.146514892578125 -0.0871734619140625 -0.0726242065429688 -0.137031555175781
-0.139183044433594 0.0347518920898437 -0.102104187011719 -0.0288925170898437
-0.102424621582031 0.104522705078125 -0.0577545166015625 0.0281944274902344
-0.112205505371094 0.106063842773438 -0.00804615020751954 0.0098409652709961
-0.0958633422851562 0.1287841796875 0.0284786224365234 0.0116443634033203
-0.119056701660156 0.0823822021484375 0.0556869506835937 0.03326416015625
-0.162811279296875 0.00837707519531247 0.0414276123046875 0.0604667663574219
-0.154861450195313 -0.099639892578125 -0.009490966796875 0.102439880371094
-0.010223388671875 -0.228866577148438 -0.0643844604492188 0.0810775756835937
0.118179321289062 -0.205062866210938 -0.0939865112304687 0.02703857421875
0.246688842773438 -0.147293090820313 0.0154876708984375 0.00217151641845702
0.2347412109375 -0.0411224365234375 0.0762481689453125 -0.148117065429688
0.20819091796875 -0.084564208984375 0.150970458984375 -0.0747833251953125
0.118667602539062 -0.215606689453125 0.15252685546875 -0.121978759765625
-0.0384063720703125 -0.18768310546875 0.070770263671875 -0.16851806640625
-0.135826110839844 -0.106536865234375 -0.0171051025390625 -0.134986877441406
-0.14654541015625 0.024078369140625 -0.0487327575683594 -0.0545158386230469
-0.108001708984375 0.0990066528320313 -0.0211467742919922 -0.0188922882080078
-0.115631103515625 0.103080749511719 0.0189418792724609 -0.0339431762695312
-0.101387023925781 0.128448486328125 0.0566787719726562 -0.032867431640625
-0.122390747070313 0.0824813842773438 0.0911788940429687 0.000183105468750005
-0.163558959960937 0.00514221191406252 0.0744247436523437 0.0397415161132813
-0.143402099609375 -0.10479736328125 0.0217056274414062 0.0921859741210938
0.012725830078125 -0.217788696289063 -0.0418472290039062 0.0795516967773437
0.1358642578125 -0.168563842773438 -0.0680923461914062 -0.0019187927246094
0.231826782226562 -0.0920257568359375 0.086334228515625 -0.0282669067382813
0.165374755859375 0.0255126953125 0.154129028320313 -0.154022216796875
0.177993774414062 -0.0175933837890625 0.189712524414063 -0.085205078125
0.13330078125 -0.148345947265625 0.165023803710938 -0.09490966796875
-0.0014190673828125 -0.15533447265625 0.102569580078125 -0.136054992675781
-0.0993881225585938 -0.102104187011719 0.0306625366210937 -0.120620727539063
-0.125785827636719 0.0101852416992187 0.00143432617187499 -0.0728607177734375
-0.095977783203125 0.0792236328125 0.0123519897460937 -0.0611724853515625
-0.10211181640625 0.0847091674804688 0.04345703125 -0.0735321044921875
-0.0944137573242187 0.109756469726563 0.0823440551757813 -0.0732650756835938
-0.112266540527344 0.0697555541992188 0.12396240234375 -0.028350830078125
-0.147216796875 -0.00349426269531253 0.105667114257812 0.025634765625
-0.116691589355469 -0.10321044921875 0.0496444702148437 0.0850753784179688
0.038970947265625 -0.187286376953125 -0.0232391357421875 0.080322265625
0.145309448242188 -0.1131591796875 -0.0401992797851562 -0.0223121643066406
0.19085693359375 -0.0211334228515625 0.148880004882813 -0.0413970947265625
0.0657730102539063 0.0844650268554687 0.19805908203125 -0.147247314453125
0.110450744628906 0.04632568359375 0.205780029296875 -0.091278076171875
0.111663818359375 -0.0590591430664063 0.160476684570313 -0.0736083984375
0.0255584716796875 -0.0919113159179688 0.116317749023437 -0.109169006347656
-0.0487289428710938 -0.0727615356445313 0.060302734375 -0.104324340820313
-0.082733154296875 -0.00173950195312501 0.0366134643554688 -0.0851821899414063
-0.0674667358398438 0.0470848083496094 0.0367965698242187 -0.0928192138671875
-0.072784423828125 0.0538101196289063 0.0606460571289062 -0.102462768554688
-0.0744171142578125 0.075164794921875 0.103271484375 -0.104385375976563
-0.0888214111328125 0.0474166870117188 0.151840209960937 -0.049072265625
-0.113311767578125 -0.012237548828125 0.133575439453125 0.0210800170898438
-0.0775375366210938 -0.0896835327148437 0.073150634765625 0.08642578125
0.0583267211914062 -0.135581970214844 -0.0109176635742188 0.0878982543945312
0.135482788085938 -0.0451507568359375 -0.0143756866455078 -0.0292930603027344
0.124000549316406 0.05145263671875 0.195205688476563 -0.0330657958984375
-0.0273590087890625 -0.102058410644531 -0.202911376953125 0.053558349609375
-0.0796737670898438 -0.00581359863281249 -0.00528335571289063 0.0374069213867188
-0.0402870178222656 0.0561752319335938 0.012054443359375 -0.0991287231445313
0.0269126892089844 0.0571975708007812 -0.0919647216796875 -0.121246337890625
0.0588874816894531 0.0157928466796875 -0.15338134765625 -0.0414276123046875
0.0458412170410156 -0.0287933349609375 -0.16796875 0.0577850341796875
0.0253849029541016 -0.0241584777832031 -0.108596801757812 0.127662658691406
0.0261611938476563 -0.0121555328369141 -0.0678329467773438 0.118316650390625
0.0282421112060547 -0.00941276550292969 -0.042388916015625 0.111610412597656
0.0221233367919922 0.00903129577636719 -0.053314208984375 0.100547790527344
-0.00239753723144531 0.0297584533691406 -0.0664138793945312 0.104835510253906
-0.0512237548828125 0.0299491882324219 -0.106521606445312 0.106033325195313
-0.0665359497070313 -0.0429229736328125 -0.162765502929688 0.064178466796875
-0.0333480834960938 -0.10369873046875 -0.1944580078125 0.09661865234375
0.019622802734375 -0.135948181152344 -0.208633422851563 0.133865356445313
0.0638427734375 -0.146484375 -0.203857421875 0.01861572265625
-0.02301025390625 -0.0736923217773438 -0.00544357299804688 0.0247001647949219
-0.04205322265625 -0.0310020446777344 0.021759033203125 -0.117774963378906
-0.0197048187255859 0.008026123046875 -0.0898590087890625 -0.144622802734375
-0.0032200813293457 0.00705289840698242 -0.162918090820313 -0.0605316162109375
-0.00041121244430542 0.000491887331008911 -0.175186157226563 0.0530242919921875
-0.00637626647949219 0.0219764709472656 -0.110145568847656 0.126678466796875
-0.0144805908203125 0.0296649932861328 -0.065765380859375 0.112594604492188
-0.0108489990234375 0.0338535308837891 -0.0379714965820312 0.107795715332031
-0.0275020599365234 0.0259971618652344 -0.0411376953125 0.0992965698242188
-0.0557937622070313 0.00977706909179688 -0.0524826049804687 0.101593017578125
-0.0839080810546875 -0.0281753540039063 -0.0946121215820313 0.110832214355469
-0.0373306274414063 -0.118202209472656 -0.141830444335938 0.070098876953125
0.0280609130859375 -0.154327392578125 -0.1722412109375 0.0944671630859375
0.112777709960938 -0.170867919921875 -0.177871704101562 0.111541748046875
0.153152465820313 -0.165054321289063 -0.172149658203125 -0.0276641845703125
0.0497817993164063 -0.128028869628906 0.0120954513549805 0.00212383270263671
-0.0265121459960938 -0.12445068359375 0.045440673828125 -0.135581970214844
-0.0614509582519531 -0.0556755065917969 -0.0702362060546875 -0.169570922851563
-0.0681190490722656 -0.0140266418457031 -0.15509033203125 -0.0873260498046875
-0.0521965026855469 0.0249710083007812 -0.168075561523438 0.035186767578125
-0.0415115356445313 0.06280517578125 -0.102287292480469 0.108154296875
-0.0542793273925781 0.0671005249023438 -0.054046630859375 0.0892486572265625
-0.04522705078125 0.0756072998046875 -0.0216140747070312 0.08709716796875
-0.0680770874023438 0.0482864379882813 -0.0136032104492188 0.0870437622070312
-0.1033935546875 0.00494384765625002 -0.0241470336914062 0.0953140258789062
-0.118949890136719 -0.0644073486328125 -0.0694046020507813 0.116554260253906
-0.029571533203125 -0.176849365234375 -0.116096496582031 0.0788040161132812
0.065887451171875 -0.194442749023438 -0.144256591796875 0.0826263427734375
0.180862426757813 -0.189529418945312 -0.122657775878906 0.0801773071289062
0.22027587890625 -0.151870727539063 -0.108589172363281 -0.07598876953125
0.125518798828125 -0.153823852539063 0.0488395690917969 -0.0268592834472656
0.00994873046874999 -0.200881958007812 0.0798187255859375 -0.145858764648438
-0.0830841064453125 -0.121315002441406 -0.032470703125 -0.186614990234375
-0.1207275390625 -0.0456771850585938 -0.125045776367188 -0.114189147949219
-0.100456237792969 0.0381622314453125 -0.142929077148438 0.00735473632812498
-0.0730743408203125 0.0920639038085938 -0.0825881958007813 0.0738754272460937
-0.085906982421875 0.0952987670898438 -0.0330924987792969 0.0533294677734375
-0.0712051391601562 0.108726501464844 0.00184249877929687 0.0526618957519531
-0.0963592529296875 0.070159912109375 0.0211067199707031 0.0625991821289063
-0.137619018554688 0.0102310180664062 0.01007080078125 0.0804824829101563
-0.1446533203125 -0.081817626953125 -0.0374679565429688 0.114456176757812
-0.028564453125 -0.211257934570313 -0.0885772705078125 0.08349609375
0.0886383056640625 -0.211807250976563 -0.116165161132812 0.0601730346679687
0.220321655273438 -0.185256958007813 -0.0550727844238281 0.0412483215332031
0.246856689453125 -0.108245849609375 -0.022552490234375 -0.116645812988281
0.182205200195312 -0.13934326171875 0.0969467163085938 -0.0542984008789063
0.0612335205078125 -0.23480224609375 0.116943359375 -0.141403198242188
-0.0749359130859375 -0.168975830078125 0.0169219970703125 -0.186660766601563
-0.144973754882813 -0.0785369873046875 -0.0765609741210938 -0.130828857421875
-0.132621765136719 0.0377731323242187 -0.100433349609375 -0.0243148803710937
-0.0950164794921875 0.104789733886719 -0.0539703369140625 0.0305099487304688
-0.104835510253906 0.108863830566406 -0.00782775878906251 0.0108633041381836
-0.0868377685546875 0.12762451171875 0.0285701751708984 0.0106105804443359
-0.111335754394531 0.0834808349609375 0.0567665100097656 0.0306396484375
-0.15594482421875 0.0142669677734375 0.0431594848632812 0.0596694946289063
-0.153656005859375 -0.0897979736328125 -0.00525665283203127 0.104507446289063
-0.01898193359375 -0.222091674804687 -0.062255859375 0.0825653076171875
0.106399536132813 -0.202255249023438 -0.091949462890625 0.0311431884765625
0.23236083984375 -0.153579711914063 0.0149335861206055 0.00104236602783202
0.225738525390625 -0.04705810546875 0.0678558349609375 -0.142730712890625
0.199493408203125 -0.089935302734375 0.145553588867188 -0.075469970703125
0.105453491210937 -0.2139892578125 0.144866943359375 -0.123123168945313
-0.0437164306640625 -0.180282592773438 0.0623016357421875 -0.167221069335938
-0.135398864746094 -0.0979156494140625 -0.0223236083984375 -0.130882263183594
-0.140670776367188 0.028289794921875 -0.0489273071289063 -0.0511512756347656
-0.100242614746094 0.100311279296875 -0.0205917358398438 -0.0164356231689453
-0.107765197753906 0.106277465820312 0.0169105529785156 -0.0331001281738281
-0.0914535522460938 0.128433227539062 0.054107666015625 -0.0338478088378906
-0.113899230957031 0.0840988159179688 0.0898284912109375 -0.00325012207031249
-0.156753540039062 0.01202392578125 0.0744857788085937 0.0383148193359375
-0.143051147460937 -0.0947265625 0.024658203125 0.09246826171875
0.00248718261718749 -0.212417602539062 -0.0399856567382813 0.0797348022460937
0.125 -0.16876220703125 -0.0678672790527344 0.00217819213867185
0.220367431640625 -0.098846435546875 0.0814590454101563 -0.0306472778320313
0.16131591796875 0.0199432373046875 0.142333984375 -0.151412963867188
0.1729736328125 -0.0240936279296875 0.182083129882812 -0.0863800048828125
0.122451782226563 -0.149703979492188 0.158538818359375 -0.0973663330078125
-0.00753784179687499 -0.150924682617187 0.094818115234375 -0.137840270996094
-0.101333618164063 -0.0941925048828125 0.0251693725585937 -0.118614196777344
-0.121414184570313 0.0155410766601562 -0.00096130371093751 -0.071136474609375
-0.0885543823242188 0.0811920166015625 0.00964736938476561 -0.0593376159667969
-0.0952377319335937 0.087554931640625 0.03814697265625 -0.0722122192382813
-0.0854110717773438 0.110671997070313 0.076995849609375 -0.0742034912109375
-0.105087280273437 0.0719528198242188 0.120201110839844 -0.0325164794921875
-0.141830444335938 0.0036773681640625 0.104087829589844 0.0235366821289063
-0.117286682128906 -0.0943374633789062 0.0506973266601562 0.0842208862304688
0.0284271240234375 -0.18402099609375 -0.021087646484375 0.0805435180664062
0.136161804199219 -0.116119384765625 -0.0417098999023437 -0.0183181762695313
0.183853149414062 -0.028594970703125 0.141128540039063 -0.0460357666015625
0.0679779052734375 0.0802078247070312 0.184478759765625 -0.146774291992188
0.110000610351563 0.0398406982421875 0.19659423828125 -0.0931396484375
0.104850769042969 -0.0632095336914063 0.15594482421875 -0.0764007568359375
0.0205841064453125 -0.09033203125 0.109291076660156 -0.111747741699219
-0.0513191223144531 -0.0680618286132813 0.0548934936523438 -0.10369873046875
-0.0800704956054687 0.00286865234375001 0.0330963134765625 -0.0851821899414063
-0.0622825622558594 0.0502662658691406 0.0313568115234375 -0.0913619995117188
-0.0681724548339844 0.057098388671875 0.05316162109375 -0.100975036621094
-0.0675811767578125 0.0772857666015625 0.0952987670898438 -0.105690002441406
-0.0829010009765625 0.04998779296875 0.145675659179687 -0.0536651611328125
-0.109519958496094 -0.0053558349609375 0.13037109375 0.0172958374023438
-0.0799331665039062 -0.0818405151367188 0.0741653442382813 0.0842361450195313
0.0487213134765625 -0.135414123535156 -0.00823974609375 0.087066650390625
0.129005432128906 -0.0505599975585938 -0.0176410675048828 -0.0261936187744141
0.12261962890625 0.0439376831054687 0.186553955078125 -0.0394744873046875
-0.0323944091796875 -0.096832275390625 -0.193008422851563 0.063201904296875
-0.077667236328125 0.000473022460937485 -0.000827789306640628 0.03594970703125
-0.0349197387695313 0.0576705932617188 0.0084381103515625 -0.0982818603515625
0.0319137573242188 0.0530548095703125 -0.0964813232421875 -0.1146240234375
0.0585441589355469 0.00996780395507813 -0.152633666992188 -0.033660888671875
0.0405731201171875 -0.0320625305175781 -0.16156005859375 0.066253662109375
0.0215015411376953 -0.0252189636230469 -0.098175048828125 0.131149291992188
0.0236015319824219 -0.0136528015136719 -0.0585403442382812 0.120101928710938
0.0257568359375 -0.0116844177246094 -0.0334548950195312 0.110755920410156
0.0203971862792969 0.00551033020019531 -0.0461349487304687 0.101203918457031
-0.000162124633789065 0.02777099609375 -0.05865478515625 0.107345581054687
-0.0458221435546875 0.0323410034179688 -0.0975418090820313 0.110000610351562
-0.066009521484375 -0.0372238159179687 -0.156890869140625 0.0710906982421875
-0.0385971069335938 -0.0977706909179688 -0.18487548828125 0.102828979492188
0.00971221923828125 -0.132217407226563 -0.193618774414063 0.13922119140625
0.05364990234375 -0.144561767578125 -0.195220947265625 0.03009033203125
-0.0263099670410156 -0.0687141418457031 -0.00117683410644532 0.0244789123535156
-0.0419731140136719 -0.0258293151855469 0.0162277221679687 -0.116302490234375
-0.016261100769043 0.00783634185791016 -0.095855712890625 -0.137420654296875
-0.00164890289306641 0.00460290908813477 -0.1630859375 -0.0513153076171875
-0.0020291805267334 -0.00103437900543213 -0.169113159179688 0.0625
-0.0063323974609375 0.0210170745849609 -0.0996856689453125 0.130271911621094
-0.0133113861083984 0.0293045043945313 -0.0573272705078125 0.114410400390625
-0.00955581665039063 0.0324459075927734 -0.0296630859375 0.107833862304687
-0.0261764526367187 0.0244617462158203 -0.033843994140625 0.0999374389648438
-0.0535125732421875 0.0106964111328125 -0.045623779296875 0.104606628417969
-0.0810928344726562 -0.0228347778320312 -0.0854873657226563 0.115509033203125
-0.041839599609375 -0.112602233886719 -0.136772155761719 0.0761642456054688
0.0189666748046875 -0.15045166015625 -0.163314819335937 0.0994110107421875
0.0989990234375 -0.17169189453125 -0.165267944335938 0.116287231445313
0.138900756835937 -0.167678833007813 -0.167236328125 -0.015380859375
0.0415267944335937 -0.1263427734375 0.0150470733642578 0.0020618438720703
-0.0325088500976562 -0.117706298828125 0.0383834838867188 -0.134796142578125
-0.0606536865234375 -0.0508499145507813 -0.0782470703125 -0.162033081054687
-0.0657844543457031 -0.0111579895019531 -0.157211303710938 -0.0776519775390625
-0.050445556640625 0.0254173278808594 -0.16278076171875 0.0436248779296875
-0.0373992919921875 0.0625991821289063 -0.09271240234375 0.111953735351563
-0.0494575500488281 0.0687026977539063 -0.0465545654296875 0.0914688110351563
-0.040557861328125 0.0752639770507813 -0.0147857666015625 0.0870590209960938
-0.0642166137695312 0.0485000610351563 -0.0070953369140625 0.08636474609375
-0.0997390747070313 0.00883483886718752 -0.0177383422851563 0.0968475341796875
-0.117576599121094 -0.0562896728515625 -0.0608139038085938 0.120384216308594
-0.0379486083984375 -0.170455932617188 -0.111686706542969 0.08392333984375
0.0537261962890625 -0.191238403320313 -0.137031555175781 0.0875396728515625
0.164443969726563 -0.1943359375 -0.114166259765625 0.0834884643554687
0.20550537109375 -0.157745361328125 -0.108482360839844 -0.064910888671875
0.11383056640625 -0.156036376953125 0.0494918823242188 -0.0272293090820313
-0.00216674804687499 -0.194869995117188 0.071014404296875 -0.146560668945313
-0.0857009887695312 -0.113189697265625 -0.042572021484375 -0.181716918945313
-0.119300842285156 -0.037872314453125 -0.128837585449219 -0.105804443359375
-0.0960540771484375 0.0408477783203125 -0.138916015625 0.0145034790039063
-0.0659027099609375 0.0925064086914062 -0.0754013061523438 0.077880859375
-0.0785064697265625 0.0982894897460937 -0.0288772583007812 0.0554580688476563
-0.0631866455078125 0.109603881835938 0.00623703002929687 0.0518913269042969
-0.0898590087890625 0.0714569091796875 0.0254325866699219 0.060760498046875
-0.132896423339844 0.0158462524414063 0.0147628784179687 0.0809326171875
-0.144088745117187 -0.071441650390625 -0.0294876098632812 0.117843627929688
-0.0394744873046875 -0.20416259765625 -0.08489990234375 0.0874404907226563
0.0747833251953125 -0.210494995117188 -0.11138916015625 0.065185546875
0.20294189453125 -0.192779541015625 -0.051177978515625 0.042205810546875
0.234100341796875 -0.117263793945312 -0.0274276733398437 -0.108970642089844
0.16943359375 -0.144851684570312 0.094024658203125 -0.0558929443359375
0.045806884765625 -0.23175048828125 0.1075439453125 -0.143356323242188
-0.0806427001953125 -0.159835815429688 0.00559997558593749 -0.1842041015625
-0.145172119140625 -0.0682525634765625 -0.0829238891601563 -0.124710083007813
-0.127510070800781 0.0426177978515625 -0.0991744995117188 -0.0185394287109375
-0.0857620239257813 0.106300354003906 -0.04998779296875 0.0339202880859375
-0.09588623046875 0.11260986328125 -0.00727462768554688 0.0123262405395508
-0.0768051147460938 0.128860473632812 0.0292167663574219 0.00916290283203126
-0.102897644042969 0.085540771484375 0.0581016540527344 0.027557373046875
-0.149200439453125 0.021636962890625 0.0465812683105469 0.0589179992675781
-0.1529541015625 -0.077789306640625 0.00146484374999999 0.106979370117188
-0.0318145751953125 -0.214828491210938 -0.0589599609375 0.0854034423828125
0.0922393798828125 -0.202346801757813 -0.0892486572265625 0.0356979370117187
0.216567993164063 -0.1632080078125 0.0142183303833008 -8.29696655273538E-05
0.21722412109375 -0.0572509765625 0.0580368041992188 -0.138809204101563
0.190444946289063 -0.0983428955078125 0.139778137207031 -0.0784530639648438
0.0895233154296875 -0.2147216796875 0.136016845703125 -0.12738037109375
-0.0517730712890625 -0.172607421875 0.0515289306640625 -0.16796875
-0.13812255859375 -0.0874557495117188 -0.0294647216796875 -0.127311706542969
-0.135276794433594 0.0350494384765625 -0.0506515502929688 -0.0478630065917969
-0.0911636352539063 0.102699279785156 -0.0203056335449219 -0.0142402648925781
-0.0987548828125 0.110725402832031 0.0140037536621094 -0.0321865081787109
-0.08056640625 0.130447387695313 0.0509109497070313 -0.0360641479492188
-0.105339050292969 0.087371826171875 0.0882110595703125 -0.00803375244140624
-0.150314331054687 0.0205535888671875 0.075531005859375 0.0360565185546875
-0.143447875976562 -0.082916259765625 0.029449462890625 0.0930328369140625
-0.0114593505859375 -0.206863403320312 -0.0368881225585937 0.0820083618164062
0.1119384765625 -0.171478271484375 -0.0676994323730469 0.00716781616210936
0.207565307617188 -0.109039306640625 0.0767669677734375 -0.0340118408203125
0.158905029296875 0.0113525390625 0.129440307617188 -0.150802612304688
0.168106079101563 -0.0333404541015625 0.17401123046875 -0.09130859375
0.109756469726563 -0.154006958007813 0.150848388671875 -0.102798461914063
-0.0157318115234375 -0.146865844726562 0.0849456787109375 -0.140411376953125
-0.104568481445313 -0.085662841796875 0.0173721313476562 -0.117454528808594
-0.117652893066406 0.022308349609375 -0.00446319580078126 -0.0703048706054688
-0.080352783203125 0.0836944580078125 0.00648880004882812 -0.0575065612792969
-0.0866317749023438 0.0927200317382813 0.0325698852539063 -0.0719223022460938
-0.0751419067382813 0.113082885742188 0.0706558227539063 -0.0774002075195313
-0.0970687866210938 0.0758209228515625 0.116165161132813 -0.0390243530273437
-0.136260986328125 0.0125808715820312 0.1033935546875 0.0199432373046875
-0.119819641113281 -0.0830230712890625 0.0542449951171875 0.0824661254882813
0.0148162841796875 -0.181076049804688 -0.018035888671875 0.0811538696289062
0.125442504882813 -0.121849060058594 -0.0439567565917969 -0.0135726928710938
0.176956176757813 -0.0391845703125 0.133453369140625 -0.0519256591796875
0.0713348388671875 0.0748062133789063 0.170608520507813 -0.148666381835938
0.110359191894531 0.0322113037109375 0.187652587890625 -0.0982666015625
0.0977249145507812 -0.0692672729492188 0.150161743164063 -0.0828704833984375
0.0142440795898438 -0.0895767211914062 0.101203918457031 -0.116462707519531
-0.0556526184082031 -0.0626678466796875 0.0476760864257813 -0.105094909667969
-0.0780105590820313 0.00868225097656248 0.0274734497070312 -0.08538818359375
-0.0562782287597656 0.0529632568359375 0.0248260498046875 -0.0900955200195313
-0.0621299743652344 0.0608940124511719 0.0447235107421875 -0.10101318359375
-0.0594406127929688 0.07977294921875 0.0865554809570313 -0.10882568359375
-0.076141357421875 0.0540542602539063 0.139312744140625 -0.0613479614257813
-0.106239318847656 0.00188446044921876 0.1285400390625 0.0117645263671875
-0.083099365234375 -0.0744094848632812 0.07635498046875 0.0806427001953125
0.0371932983398438 -0.134910583496094 -0.00481414794921875 0.0868606567382812
0.122352600097656 -0.0587310791015625 -0.0211925506591797 -0.0230140686035156
0.121452331542969 0.0356369018554687 0.177703857421875 -0.0479888916015625
-0.0376663208007812 -0.08929443359375 -0.179443359375 0.0738677978515625
-0.0743331909179688 0.0076904296875 0.00351142883300781 0.0336437225341797
-0.0281295776367188 0.0589675903320312 0.0029296875 -0.09588623046875
0.0359458923339844 0.0470657348632813 -0.100761413574219 -0.104911804199219
0.056732177734375 0.003204345703125 -0.150497436523437 -0.02374267578125
0.0349388122558594 -0.0340690612792969 -0.151687622070312 0.0750579833984375
0.0173778533935547 -0.0252952575683594 -0.0849380493164063 0.133201599121094
0.0207157135009766 -0.0149497985839844 -0.0464553833007813 0.119911193847656
0.0224037170410156 -0.0137367248535156 -0.0229949951171875 0.108604431152344
0.0187702178955078 0.00243568420410156 -0.03704833984375 0.101364135742188
0.00155830383300781 0.0251140594482422 -0.0488739013671875 0.108489990234375
-0.0402870178222656 0.0341873168945313 -0.086029052734375 0.113288879394531
-0.0648117065429688 -0.0307388305664062 -0.1478271484375 0.078216552734375
-0.0444564819335938 -0.0899429321289063 -0.171432495117187 0.108856201171875
-0.00124359130859375 -0.126167297363281 -0.17498779296875 0.1439208984375
0.040863037109375 -0.141326904296875 -0.183349609375 0.043121337890625
-0.0306243896484375 -0.0624160766601563 0.00294685363769531 0.0231857299804687
-0.0407295227050781 -0.0208244323730469 0.00885009765625 -0.113571166992187
-0.012721061706543 0.00744915008544922 -0.101577758789063 -0.126304626464844
-0.00130486488342285 0.00268292427062988 -0.16143798828125 -0.0395660400390625
-0.00346565246582031 -0.00218009948730469 -0.159439086914063 0.071807861328125
-0.005828857421875 0.0200290679931641 -0.0861663818359375 0.132652282714844
-0.0118370056152344 0.0286426544189453 -0.0455169677734375 0.115188598632813
-0.00847244262695313 0.0310935974121094 -0.019256591796875 0.10540771484375
-0.0251102447509766 0.0237827301025391 -0.0248947143554688 0.09912109375
-0.0509033203125 0.0119667053222656 -0.0357742309570313 0.10528564453125
-0.0774002075195313 -0.016845703125 -0.0737457275390625 0.118515014648438
-0.0466461181640625 -0.104904174804688 -0.128669738769531 0.0822982788085938
0.00727844238281249 -0.144683837890625 -0.151046752929688 0.10528564453125
0.08148193359375 -0.170089721679688 -0.149795532226563 0.120758056640625
0.121261596679688 -0.168792724609375 -0.160263061523438 -0.00170898437499999
0.03118896484375 -0.122901916503906 0.0180034637451172 0.00124549865722655
-0.0388717651367188 -0.109184265136719 0.0290298461914062 -0.13250732421875
-0.0593490600585937 -0.0450248718261719 -0.0865936279296875 -0.152267456054687
-0.0634994506835937 -0.00774002075195312 -0.157394409179688 -0.06494140625
-0.0472450256347656 0.0260810852050781 -0.153762817382813 0.053375244140625
-0.0325088500976563 0.0618972778320313 -0.0803451538085938 0.114288330078125
-0.0432052612304688 0.0693321228027344 -0.0375747680664062 0.0925827026367187
-0.0346450805664062 0.074493408203125 -0.00701141357421875 0.0849380493164063
-0.0594100952148437 0.0490341186523438 -7.62939453125423E-06 0.0840835571289062
-0.0951385498046875 0.0131149291992187 -0.009857177734375 0.0967483520507813
-0.115249633789062 -0.0467605590820313 -0.0491561889648438 0.123184204101563
-0.0470733642578125 -0.1610107421875 -0.104423522949219 0.0890045166015625
0.039337158203125 -0.186050415039063 -0.126670837402344 0.0925521850585937
0.142486572265625 -0.197158813476563 -0.102622985839844 0.0863418579101562
0.185958862304688 -0.163818359375 -0.106636047363281 -0.0525436401367187
0.0981292724609375 -0.156784057617188 0.0485115051269531 -0.0281867980957031
-0.0151824951171875 -0.185897827148438 0.060089111328125 -0.145614624023438
-0.0877227783203125 -0.102806091308594 -0.0538330078125 -0.172576904296875
-0.116195678710938 -0.029296875 -0.132270812988281 -0.09356689453125
-0.0898208618164063 0.044189453125 -0.13372802734375 0.0237960815429687
-0.0574417114257812 0.0924758911132813 -0.0654144287109375 0.08050537109375
-0.0685653686523438 0.1005859375 -0.0231361389160156 0.0563850402832031
-0.053436279296875 0.109039306640625 0.0103569030761719 0.0503501892089844
-0.0815963745117188 0.0731124877929688 0.02996826171875 0.0572357177734375
-0.126022338867188 0.0228652954101563 0.0209884643554687 0.0793685913085938
-0.142059326171875 -0.0592498779296875 -0.0192947387695313 0.118904113769531
-0.0518951416015625 -0.192825317382812 -0.0780105590820313 0.0914535522460938
0.057525634765625 -0.20574951171875 -0.104072570800781 0.0699081420898437
0.179931640625 -0.198104858398438 -0.0457916259765625 0.0433425903320312
0.216827392578125 -0.127197265625 -0.0325088500976562 -0.0992355346679688
0.153076171875 -0.1500244140625 0.089324951171875 -0.058258056640625
0.027740478515625 -0.224365234375 0.0952301025390625 -0.144821166992188
-0.086395263671875 -0.148117065429688 -0.00762939453124999 -0.178787231445313
-0.143524169921875 -0.0557403564453125 -0.088958740234375 -0.11553955078125
-0.119453430175781 0.049102783203125 -0.097198486328125 -0.0111923217773437
-0.0747146606445312 0.107131958007812 -0.0443000793457031 0.0364341735839844
-0.08349609375 0.116004943847656 -0.00596141815185547 0.0135126113891602
-0.0643997192382813 0.128379821777344 0.0293464660644531 0.00746536254882813
-0.0925521850585938 0.0876083374023437 0.0590171813964844 0.0224876403808594
-0.141036987304687 0.0299224853515625 0.0498466491699219 0.0558624267578125
-0.151336669921875 -0.0644378662109375 0.0101394653320312 0.106071472167969
-0.04595947265625 -0.203521728515625 -0.0533294677734375 0.08807373046875
0.0749359130859375 -0.20013427734375 -0.0849761962890625 0.0414047241210937
0.195327758789063 -0.170654296875 0.0132627487182617 -0.00154209136962892
0.204910278320313 -0.0684356689453125 0.0471954345703125 -0.133682250976563
0.176071166992188 -0.107345581054687 0.131790161132813 -0.0822296142578125
0.070526123046875 -0.212570190429688 0.123672485351563 -0.13055419921875
-0.0604400634765625 -0.16253662109375 0.0374755859375 -0.166000366210938
-0.138748168945313 -0.0740585327148438 -0.037841796875 -0.121147155761719
-0.126853942871094 0.0424575805664063 -0.0517578125 -0.042755126953125
-0.07916259765625 0.104270935058594 -0.0193958282470703 -0.0115032196044922
-0.0863037109375 0.11431884765625 0.0111923217773437 -0.0312976837158203
-0.0672760009765625 0.130203247070313 0.0465240478515625 -0.0379524230957031
-0.0942916870117187 0.08984375 0.0857925415039063 -0.0135955810546875
-0.141571044921875 0.029571533203125 0.0762557983398437 0.032501220703125
-0.143157958984375 -0.0691070556640625 0.0359420776367187 0.0908889770507812
-0.02642822265625 -0.197341918945313 -0.0317916870117187 0.0831146240234375
0.095306396484375 -0.172271728515625 -0.0661506652832031 0.0127906799316406
0.191421508789063 -0.1187744140625 0.0707626342773438 -0.0378265380859375
0.154052734375 0.001068115234375 0.114212036132813 -0.14910888671875
0.159454345703125 -0.0442962646484375 0.163070678710938 -0.0959930419921875
0.0940093994140625 -0.156341552734375 0.139961242675781 -0.109062194824219
-0.0244522094726563 -0.140144348144531 0.0720977783203125 -0.141616821289063
-0.106742858886719 -0.0741958618164063 0.00868225097656249 -0.115272521972656
-0.110908508300781 0.0298995971679687 -0.00916290283203126 -0.0677070617675781
-0.0695419311523437 0.0857315063476563 0.00291824340820312 -0.0552940368652344
-0.0754928588867188 0.0962600708007813 0.0257186889648437 -0.0702705383300781
-0.0624618530273437 0.114265441894531 0.0624771118164062 -0.0786590576171875
-0.0864486694335938 0.0791854858398437 0.109771728515625 -0.0452346801757813
-0.128776550292969 0.021453857421875 0.101570129394531 0.014373779296875
-0.120254516601563 -0.0702438354492187 0.0589141845703125 0.0791397094726562
-0.000503540039062518 -0.17474365234375 -0.0136489868164063 0.0801544189453125
0.111381530761719 -0.126327514648438 -0.0451087951660156 -0.00859451293945314
0.166656494140625 -0.0499114990234375 0.123733520507813 -0.0581283569335938
0.07501220703125 0.0670928955078125 0.153915405273438 -0.149917602539063
0.108421325683594 0.02227783203125 0.175094604492188 -0.104354858398438
0.0868988037109375 -0.075103759765625 0.140327453613281 -0.0897216796875
0.00702667236328126 -0.08740234375 0.089202880859375 -0.119926452636719
-0.0582504272460938 -0.055023193359375 0.0388336181640625 -0.105697631835938
-0.0736236572265625 0.0151596069335938 0.0206298828125 -0.08465576171875
-0.0483627319335937 0.0548858642578125 0.01788330078125 -0.0877151489257813
-0.0533676147460938 0.0641593933105469 0.035186767578125 -0.0992355346679687
-0.04937744140625 0.0814132690429688 0.0749435424804688 -0.110725402832031
-0.0684623718261719 0.0576972961425781 0.130210876464844 -0.068939208984375
-0.100845336914063 0.0108108520507813 0.125411987304688 0.004730224609375
-0.0849151611328125 -0.0638504028320313 0.0794143676757813 0.0748062133789063
0.0242767333984375 -0.131820678710938 -8.39233398437501E-05 0.0852737426757812
0.112373352050781 -0.066314697265625 -0.023712158203125 -0.0192089080810547
0.118881225585937 0.0253448486328125 0.16650390625 -0.0575103759765625
-0.0409011840820313 -0.0807037353515625 -0.162734985351563 0.0799560546875
-0.0686874389648438 0.0132026672363281 0.00711250305175781 0.0305862426757813
-0.0210456848144531 0.0578346252441406 -0.00213623046874999 -0.0921478271484375
0.0378608703613281 0.0397186279296875 -0.101264953613281 -0.0937881469726563
0.0529937744140625 -0.00262832641601563 -0.144439697265625 -0.014556884765625
0.0286827087402344 -0.0345745086669922 -0.138771057128906 0.0803985595703125
0.0134086608886719 -0.0246734619140625 -0.0714569091796875 0.131011962890625
0.0178165435791016 -0.0154266357421875 -0.034912109375 0.115646362304688
0.0183773040771484 -0.0144538879394531 -0.0139999389648438 0.102706909179688
0.0157537460327148 0.000177383422851563 -0.0284805297851562 0.0978851318359375
0.00311088562011719 0.0222969055175781 -0.03887939453125 0.106170654296875
-0.0334358215332031 0.0339889526367188 -0.0743408203125 0.112167358398437
-0.0614852905273438 -0.0243339538574219 -0.135917663574219 0.0821151733398437
-0.0479736328125 -0.0804443359375 -0.155120849609375 0.110382080078125
-0.0101470947265625 -0.116920471191406 -0.154678344726563 0.142044067382813
0.0300064086914063 -0.133331298828125 -0.167984008789063 0.051788330078125
-0.0315361022949219 -0.0549507141113281 0.00666427612304687 0.0209197998046875
-0.0384330749511719 -0.0157890319824219 0.00316619873046876 -0.108428955078125
-0.00966930389404297 0.00608539581298828 -0.1036376953125 -0.1134033203125
-0.000952243804931641 0.000666320323944092 -0.155303955078125 -0.02825927734375
-0.00463676452636719 -0.00284957885742187 -0.1456298828125 0.0771942138671875
-0.00548553466796875 0.0188064575195313 -0.0719833374023438 0.130378723144531
-0.0100440979003906 0.0280246734619141 -0.0344085693359375 0.111343383789063
-0.00763130187988281 0.0294437408447266 -0.01025390625 0.0997085571289063
-0.0239219665527344 0.0221042633056641 -0.0172271728515625 0.09539794921875
-0.047271728515625 0.0128936767578125 -0.0268402099609375 0.102790832519531
-0.0721054077148438 -0.0115814208984375 -0.06201171875 0.116958618164063
-0.0496673583984375 -0.0952301025390625 -0.118270874023437 0.0850601196289063
-0.00164031982421875 -0.134376525878906 -0.136688232421875 0.106224060058594
0.064697265625 -0.162734985351563 -0.131996154785156 0.119140625
0.103424072265625 -0.164474487304688 -0.148284912109375 0.00891113281250001
0.0221481323242187 -0.115798950195313 0.0197429656982422 -0.000122070312500007
-0.0423812866210937 -0.0987091064453125 0.0205841064453125 -0.127067565917969
-0.0564956665039063 -0.0394630432128906 -0.0911483764648438 -0.138557434082031
-0.0595169067382813 -0.00468063354492186 -0.152984619140625 -0.05255126953125
-0.0437049865722656 0.0264625549316406 -0.14215087890625 0.0598602294921875
-0.0274848937988281 0.0589027404785156 -0.0670852661132813 0.112495422363281
-0.0365028381347656 0.0684967041015625 -0.028411865234375 0.0898208618164063
-0.0288848876953125 0.0711212158203125 0.000167846679687491 0.0802764892578125
-0.0542755126953125 0.0480117797851563 0.0058746337890625 0.0795211791992188
-0.08892822265625 0.0165939331054688 -0.0023345947265625 0.093536376953125
-0.109710693359375 -0.0375823974609375 -0.0376358032226562 0.121047973632813
-0.05352783203125 -0.14776611328125 -0.0948257446289063 0.09088134765625
0.0257568359375 -0.175582885742187 -0.114631652832031 0.0939788818359375
0.1204833984375 -0.192062377929688 -0.0907516479492187 0.0853805541992187
0.163894653320313 -0.163925170898438 -0.101387023925781 -0.04083251953125
0.083343505859375 -0.152114868164062 0.0471115112304688 -0.0286216735839844
-0.025848388671875 -0.172409057617188 0.048980712890625 -0.140480041503906
-0.0866241455078125 -0.0916519165039063 -0.0611419677734375 -0.159881591796875
-0.110580444335938 -0.0212478637695312 -0.131561279296875 -0.0808334350585938
-0.0817718505859375 0.0459747314453125 -0.124397277832031 0.0308456420898437
-0.0485153198242188 0.0889816284179688 -0.0557632446289063 0.0795745849609375
-0.0581588745117188 0.0992202758789062 -0.0175933837890625 0.0553245544433594
-0.0439529418945313 0.104850769042969 0.0147247314453125 0.0467185974121094
-0.072998046875 0.0719680786132813 0.0330734252929687 0.0521392822265625
-0.116622924804688 0.0275650024414063 0.025848388671875 0.075775146484375
-0.136154174804688 -0.0472564697265625 -0.008514404296875 0.115737915039062
-0.06060791015625 -0.177444458007812 -0.0703887939453125 0.0924606323242187
0.0418701171875 -0.195968627929687 -0.0949325561523437 0.072113037109375
0.155441284179687 -0.196319580078125 -0.0404129028320312 0.0417289733886719
0.19586181640625 -0.132095336914062 -0.0349884033203125 -0.0883941650390625
0.135238647460938 -0.149826049804688 0.083282470703125 -0.0582504272460938
0.0115509033203125 -0.211822509765625 0.08258056640625 -0.141189575195312
-0.0891952514648438 -0.13397216796875 -0.01885986328125 -0.168380737304688
-0.137855529785156 -0.0441741943359375 -0.0918655395507813 -0.103569030761719
-0.109321594238281 0.0522384643554688 -0.092315673828125 -0.00440216064453126
-0.0635757446289062 0.103950500488281 -0.0379295349121094 0.0367317199707031
-0.070831298828125 0.114799499511719 -0.00406169891357422 0.0137176513671875
-0.0523681640625 0.124427795410156 0.0290966033935547 0.00518989562988282
-0.0814437866210938 0.0865020751953125 0.0583038330078125 0.0175628662109375
-0.130020141601563 0.0356521606445313 0.052520751953125 0.0523567199707031
-0.145156860351563 -0.0516510009765625 0.0178756713867187 0.102348327636719
-0.0566253662109375 -0.188201904296875 -0.0469131469726563 0.08770751953125
0.05877685546875 -0.191574096679688 -0.0789871215820313 0.0447006225585937
0.171630859375 -0.171661376953125 0.0124588012695313 -0.0021810531616211
0.189407348632812 -0.076263427734375 0.0377655029296875 -0.124359130859375
0.159133911132813 -0.111251831054688 0.121047973632813 -0.0829010009765625
0.052490234375 -0.203704833984375 0.109962463378906 -0.12969970703125
-0.0658721923828125 -0.149566650390625 0.024871826171875 -0.159133911132813
-0.135040283203125 -0.060760498046875 -0.0435867309570313 -0.112785339355469
-0.116241455078125 0.0478134155273438 -0.0513343811035156 -0.0374603271484375
-0.0673599243164063 0.102043151855469 -0.0179691314697266 -0.00922775268554687
-0.0728225708007813 0.113700866699219 0.00855064392089843 -0.0287322998046875
-0.0541610717773438 0.126182556152344 0.0418548583984375 -0.0379409790039062
-0.0820846557617188 0.0893096923828125 0.0804672241210938 -0.0185623168945312
-0.129981994628906 0.0357208251953125 0.0757522583007812 0.0283432006835937
-0.137550354003906 -0.055694580078125 0.0411758422851562 0.0863418579101563
-0.0381622314453125 -0.183425903320313 -0.0264739990234375 0.0817642211914062
0.078277587890625 -0.16693115234375 -0.0630416870117188 0.0173683166503906
0.17083740234375 -0.123199462890625 0.0634384155273438 -0.0395545959472656
0.146026611328125 -0.0087738037109375 0.098724365234375 -0.143600463867187
0.147903442382813 -0.0516510009765625 0.1492919921875 -0.0971832275390625
0.0772552490234375 -0.153472900390625 0.126228332519531 -0.109931945800781
-0.031890869140625 -0.1304931640625 0.058746337890625 -0.138214111328125
-0.105812072753906 -0.0624160766601563 1.52587890625048E-05 -0.109695434570313
-0.101417541503906 0.0355453491210937 -0.0126495361328125 -0.0636367797851563
-0.0590667724609375 0.0845794677734375 -0.000144958496093756 -0.0518379211425781
-0.0636367797851563 0.0959854125976562 0.0195198059082031 -0.0667762756347656
-0.04962158203125 0.110992431640625 0.0535964965820312 -0.0775604248046875
-0.0754013061523438 0.0792312622070312 0.100677490234375 -0.0500640869140625
-0.118118286132813 0.0284881591796875 0.09814453125 0.009490966796875
-0.116851806640625 -0.0577392578125 0.0613555908203125 0.07330322265625
-0.0128021240234375 -0.163665771484375 -0.0092926025390625 0.0777053833007812
0.0963287353515625 -0.12628173828125 -0.04449462890625 -0.003814697265625
0.152877807617188 -0.0570220947265625 0.111587524414063 -0.0615310668945313
0.0760498046875 0.05828857421875 0.136337280273438 -0.14593505859375
0.1038818359375 0.0137252807617188 0.159881591796875 -0.106002807617188
0.0753860473632813 -0.0772018432617188 0.1282958984375 -0.0925445556640625
-0.000366210937500008 -0.0828475952148438 0.0770111083984375 -0.11871337890625
-0.0589828491210937 -0.046844482421875 0.029388427734375 -0.102485656738281
-0.0678672790527344 0.0197944641113281 0.0140228271484375 -0.0816879272460938
-0.0400352478027344 0.0547370910644531 0.0112228393554688 -0.0834579467773438
-0.0447196960449219 0.0647964477539063 0.026336669921875 -0.0948638916015625
-0.0389938354492188 0.0802154541015625 0.0630722045898438 -0.108253479003906
-0.0596122741699219 0.0584754943847656 0.118026733398437 -0.0733871459960937
-0.0928115844726563 0.0173416137695313 0.11962890625 -0.0016326904296875
-0.0837936401367187 -0.053009033203125 0.0800857543945313 0.0676803588867188
0.0124664306640625 -0.125282287597656 0.00401306152343751 0.0811233520507812
0.100112915039062 -0.070526123046875 -0.0256423950195312 -0.014556884765625
0.112838745117188 0.0165939331054688 0.15142822265625 -0.0632476806640625
-0.0410079956054688 -0.0734100341796875 -0.147506713867188 0.079986572265625
-0.0622177124023438 0.016387939453125 0.00922775268554687 0.0273952484130859
-0.0157890319824219 0.0549888610839844 -0.00417327880859375 -0.0871353149414063
0.0373039245605469 0.0336341857910156 -0.0978927612304687 -0.0844497680664063
0.0482864379882812 -0.00620651245117187 -0.136360168457031 -0.00865173339843752
0.0236663818359375 -0.0334205627441406 -0.127059936523437 0.0803985595703125
0.0103473663330078 -0.0231857299804688 -0.0607070922851563 0.125595092773438
0.0148305892944336 -0.0155725479125977 -0.0271453857421875 0.109115600585938
0.0148019790649414 -0.0143814086914063 -0.00878906250000001 0.0949630737304688
0.013005256652832 -0.00116729736328125 -0.0226669311523438 0.0932540893554688
0.00308418273925781 0.0195064544677734 -0.0317001342773438 0.1019287109375
-0.0279808044433594 0.03240966796875 -0.0651397705078125 0.10797119140625
-0.0573768615722656 -0.0197334289550781 -0.125236511230469 0.0812759399414063
-0.0476913452148437 -0.0714492797851563 -0.141433715820312 0.106704711914063
-0.0139923095703125 -0.10675048828125 -0.137931823730469 0.13421630859375
0.0222549438476562 -0.124313354492188 -0.152755737304688 0.0543060302734375
-0.030670166015625 -0.0483627319335938 0.00893783569335937 0.0184955596923828
-0.0345973968505859 -0.0126667022705078 -0.000274658203125012 -0.102127075195313
-0.00749731063842773 0.00444316864013672 -0.100914001464844 -0.103561401367188
-0.000592410564422607 -0.00062936544418335 -0.1470947265625 -0.02081298828125
-0.00582456588745117 -0.00331401824951172 -0.133087158203125 0.0780563354492188
-0.00587272644042969 0.0176010131835938 -0.06146240234375 0.12445068359375
-0.0092315673828125 0.0267200469970703 -0.0261688232421875 0.105560302734375
-0.00751495361328125 0.0274257659912109 -0.00482177734375 0.0930862426757813
-0.0229835510253906 0.0210075378417969 -0.0118331909179688 0.0902481079101563
-0.0436134338378906 0.0120620727539063 -0.02020263671875 0.0988082885742187
-0.0660591125488281 -0.0090484619140625 -0.05279541015625 0.112899780273437
-0.0490951538085938 -0.0863037109375 -0.108970642089844 0.08331298828125
-0.00623321533203124 -0.12384033203125 -0.124412536621094 0.102485656738281
0.0533599853515625 -0.152389526367187 -0.117881774902344 0.112777709960937
0.089447021484375 -0.155242919921875 -0.135612487792969 0.0140457153320312
0.01666259765625 -0.106887817382813 0.0213127136230469 -0.000917434692382819
-0.0422515869140625 -0.08953857421875 0.0162353515625 -0.119384765625
-0.0521659851074219 -0.0364112854003906 -0.0904998779296875 -0.126686096191406
-0.0553398132324219 -0.00326156616210936 -0.14569091796875 -0.0438079833984375
-0.0404167175292969 0.0248298645019531 -0.13043212890625 0.0618438720703125
-0.0241928100585938 0.0553398132324219 -0.0572738647460938 0.107398986816406
-0.0319061279296875 0.0651435852050781 -0.0214691162109375 0.0851593017578125
-0.0252838134765625 0.0670623779296875 0.00433349609374999 0.074615478515625
-0.0499382019042969 0.04534912109375 0.00958251953125 0.0743865966796875
-0.0823974609375 0.0170745849609375 0.00280761718749999 0.0894546508789063
-0.102012634277344 -0.0315399169921875 -0.0293731689453125 0.115753173828125
-0.0547561645507813 -0.135574340820312 -0.0875930786132812 0.0889892578125
0.017822265625 -0.16278076171875 -0.104751586914062 0.09063720703125
0.1041259765625 -0.18182373046875 -0.0810546875 0.0803146362304687
0.146377563476563 -0.157363891601563 -0.0940475463867187 -0.03240966796875
0.07177734375 -0.142974853515625 0.0459976196289063 -0.0277748107910156
-0.0297698974609375 -0.158187866210938 0.0422821044921875 -0.133186340332031
-0.0826416015625 -0.0829315185546875 -0.063934326171875 -0.147842407226563
-0.102996826171875 -0.0164871215820313 -0.126968383789063 -0.07073974609375
-0.0751571655273438 0.044525146484375 -0.114936828613281 0.03399658203125
-0.0424346923828125 0.0840225219726563 -0.0474014282226563 0.0761947631835938
-0.0501861572265625 0.0946273803710937 -0.0127525329589844 0.0530128479003906
-0.0369644165039062 0.0988235473632813 0.0164451599121094 0.0430717468261719
-0.06622314453125 0.0678749084472656 0.0338478088378906 0.0472183227539063
-0.107826232910156 0.02862548828125 0.02886962890625 0.0718231201171875
-0.127403259277344 -0.0392837524414063 -0.0022430419921875 0.110763549804687
-0.0625 -0.162628173828125 -0.0641098022460938 0.0899200439453125
0.0324554443359375 -0.182662963867188 -0.0871200561523438 0.0706863403320312
0.136474609375 -0.186737060546875 -0.0356636047363281 0.0390090942382812
0.177032470703125 -0.129135131835938 -0.034210205078125 -0.0786514282226563
0.120513916015625 -0.143646240234375 0.07818603515625 -0.0560226440429688
0.00245666503906252 -0.196990966796875 0.0731735229492188 -0.134963989257813
-0.0864334106445313 -0.12200927734375 -0.0238800048828125 -0.156509399414063
-0.129684448242188 -0.0358657836914063 -0.0906143188476563 -0.0937957763671875
-0.0994415283203125 0.0514755249023438 -0.086578369140625 -0.000747680664062514
-0.0550384521484375 0.0982284545898437 -0.0327377319335938 0.0351791381835938
-0.0607070922851562 0.109870910644531 -0.00247383117675782 0.0136966705322266
-0.0431671142578125 0.116844177246094 0.0282535552978516 0.00406265258789063
-0.0728607177734375 0.0824966430664063 0.0558128356933594 0.0139617919921875
-0.11956787109375 0.0367889404296875 0.0522270202636719 0.0485763549804688
-0.136024475097656 -0.0425033569335937 0.0220489501953125 0.097198486328125
-0.059967041015625 -0.172500610351563 -0.041961669921875 0.0852813720703125
0.047943115234375 -0.179519653320312 -0.0731582641601563 0.0451202392578125
0.152801513671875 -0.16473388671875 0.0114555358886719 -0.00356101989746095
0.173873901367188 -0.07763671875 0.0318145751953125 -0.114395141601563
0.144515991210938 -0.109634399414062 0.112297058105469 -0.0796432495117188
0.0401611328125 -0.190933227539063 0.0993194580078125 -0.124252319335938
-0.0664825439453125 -0.136466979980469 0.0169830322265625 -0.148895263671875
-0.128128051757813 -0.05145263671875 -0.0458984375 -0.103691101074219
-0.106430053710937 0.048309326171875 -0.049560546875 -0.0330543518066406
-0.05841064453125 0.0964736938476563 -0.0162744522094727 -0.00842285156249999
-0.0617523193359375 0.108879089355469 0.00779342651367187 -0.0263309478759766
-0.0439453125 0.119438171386719 0.0383338928222656 -0.0367584228515625
-0.0725631713867188 0.0849609375 0.0750961303710937 -0.0204925537109375
-0.118972778320313 0.0378799438476562 0.0735855102539062 0.0250778198242188
-0.129295349121094 -0.0463180541992187 0.0434951782226562 0.0815277099609375
-0.0437164306640625 -0.168838500976563 -0.0232925415039063 0.0790176391601562
0.066619873046875 -0.158340454101563 -0.0593948364257812 0.0200233459472656
0.154067993164063 -0.11968994140625 0.0572700500488281 -0.0393295288085938
0.136726379394531 -0.0137557983398438 0.0885086059570313 -0.133438110351563
0.135574340820313 -0.053955078125 0.137947082519531 -0.0938491821289063
0.0644073486328125 -0.146133422851563 0.115028381347656 -0.106735229492188
-0.0354385375976563 -0.12054443359375 0.0496826171875 -0.131172180175781
-0.100807189941406 -0.0533676147460937 -0.00446319580078125 -0.103111267089844
-0.092742919921875 0.0370941162109375 -0.0146369934082031 -0.059326171875
-0.0508041381835938 0.0804290771484375 -0.00148010253906251 -0.0481033325195312
-0.0542755126953125 0.092498779296875 0.0154762268066406 -0.0622406005859375
-0.039703369140625 0.105094909667969 0.0472793579101563 -0.0738983154296875
-0.0659103393554688 0.0759124755859375 0.0923919677734375 -0.0511474609375
-0.107925415039063 0.0310440063476563 0.0935287475585938 0.006622314453125
-0.11016845703125 -0.0490951538085937 0.0613555908203125 0.0683631896972656
-0.0194854736328125 -0.15093994140625 -0.00679779052734375 0.0743179321289062
0.0839157104492188 -0.121261596679688 -0.0430755615234375 -7.62939453125552E-06
0.139495849609375 -0.0583648681640625 0.100906372070313 -0.0605621337890625
0.0740737915039063 0.0507888793945313 0.122138977050781 -0.137626647949219
0.0971527099609375 0.0073089599609375 0.14727783203125 -0.101715087890625
0.0649261474609375 -0.0752029418945313 0.118133544921875 -0.0904998779296875
-0.00411987304687501 -0.0771636962890625 0.0673904418945312 -0.113609313964844
-0.0571060180664062 -0.0401382446289063 0.0233383178710938 -0.0971908569335938
-0.0615806579589844 0.0219993591308594 0.00950622558593751 -0.0775604248046875
-0.0338821411132812 0.0517616271972656 0.0073394775390625 -0.0778884887695313
-0.0373344421386719 0.062347412109375 0.0204086303710937 -0.0883407592773438
-0.03125 0.0760498046875 0.05401611328125 -0.103050231933594
-0.0515899658203125 0.0566940307617188 0.106918334960938 -0.0729751586914063
-0.0849075317382813 0.0205535888671875 0.113044738769531 -0.00492095947265625
-0.07977294921875 -0.0452957153320313 0.0777511596679688 0.0617218017578125
0.00447845458984374 -0.116539001464844 0.00544738769531249 0.0764694213867188
0.0893783569335938 -0.0700759887695313 -0.0257511138916016 -0.0104732513427734
0.106025695800781 0.0107574462890625 0.137939453125 -0.0635528564453125
-0.0396842956542969 -0.0672798156738281 -0.136573791503906 0.0773544311523437
-0.057281494140625 0.0174293518066406 0.0104045867919922 0.0247917175292969
-0.0123863220214844 0.0517616271972656 -0.00470733642578124 -0.0833740234375
0.0357322692871094 0.0295600891113281 -0.0942459106445313 -0.079376220703125
0.0452995300292969 -0.00814437866210938 -0.129737854003906 -0.00649261474609373
0.0204982757568359 -0.0318031311035156 -0.11932373046875 0.078094482421875
0.00816535949707031 -0.0211391448974609 -0.0545120239257813 0.119621276855469
0.0128879547119141 -0.0145549774169922 -0.0229110717773437 0.103538513183594
0.0123128890991211 -0.0135126113891602 -0.006317138671875 0.0887908935546875
0.0105714797973633 -0.00151348114013672 -0.0197830200195312 0.0884475708007813
0.00328350067138672 0.01708984375 -0.0271148681640625 0.09765625
-0.0242786407470703 0.0299129486083984 -0.0602340698242188 0.102256774902344
-0.0533103942871094 -0.0174331665039062 -0.11865234375 0.0773773193359375
-0.0463066101074219 -0.0646781921386719 -0.132530212402344 0.100837707519531
-0.0152587890625 -0.098297119140625 -0.12811279296875 0.124275207519531
0.0188980102539062 -0.115943908691406 -0.141265869140625 0.0534820556640625
-0.0283432006835938 -0.0434646606445313 0.0106687545776367 0.0160694122314453
-0.0311336517333984 -0.0111141204833984 -0.000869750976562501 -0.0973663330078125
-0.00622129440307617 0.0026087760925293 -0.097503662109375 -0.0963516235351563
-0.00102043151855469 -0.00229310989379883 -0.140129089355469 -0.0187454223632813
-0.00678443908691406 -0.00347375869750976 -0.124893188476563 0.0758285522460938
-0.00639629364013672 0.016850471496582 -0.0550689697265625 0.118721008300781
-0.00870132446289062 0.0250968933105469 -0.0219650268554687 0.0999679565429688
-0.00818061828613281 0.0257568359375 -0.00233459472656251 0.087554931640625
-0.023193359375 0.0190372467041016 -0.00933837890625 0.0858612060546875
-0.0416603088378906 0.0107688903808594 -0.0172195434570313 0.094818115234375
-0.0602302551269531 -0.00851440429687501 -0.0478973388671875 0.108131408691406
-0.0458526611328125 -0.0805206298828125 -0.104011535644531 0.0804901123046875
-0.00722503662109375 -0.114250183105469 -0.116775512695312 0.0968017578125
0.0478057861328125 -0.142318725585937 -0.109603881835938 0.103752136230469
0.0814666748046875 -0.146011352539063 -0.125381469726563 0.0157699584960937
0.0146255493164063 -0.0993194580078125 0.0222759246826172 -0.00223541259765626
-0.0393142700195313 -0.0826187133789062 0.01416015625 -0.114341735839844
-0.0483245849609375 -0.0347328186035156 -0.0877685546875 -0.118461608886719
-0.0514373779296875 -0.003875732421875 -0.139472961425781 -0.0392684936523437
-0.0387229919433594 0.0229644775390625 -0.123054504394531 0.0602951049804688
-0.0232810974121094 0.0523185729980469 -0.0513687133789063 0.1021728515625
-0.0292015075683594 0.0619659423828125 -0.0178451538085938 0.0812606811523438
-0.0239028930664062 0.0632362365722656 0.00651168823242188 0.0700874328613281
-0.0478515625 0.0425643920898437 0.0104446411132812 0.0705108642578125
-0.0781784057617188 0.0164566040039062 0.00485229492187499 0.0857467651367187
-0.09539794921875 -0.0291061401367188 -0.0249710083007813 0.111152648925781
-0.0527114868164063 -0.126564025878906 -0.0832901000976562 0.0858230590820313
0.015167236328125 -0.152328491210938 -0.0986862182617188 0.0862655639648437
0.095306396484375 -0.170974731445313 -0.0754013061523438 0.074432373046875
0.135238647460937 -0.148971557617188 -0.0868148803710937 -0.0283889770507813
0.0659408569335938 -0.134315490722656 0.0458717346191406 -0.0274772644042969
-0.0299835205078125 -0.147567749023438 0.0393905639648437 -0.126876831054687
-0.077606201171875 -0.0778656005859375 -0.0627365112304687 -0.139114379882813
-0.0963363647460937 -0.0146102905273438 -0.122184753417969 -0.06500244140625
-0.0704574584960938 0.0417251586914063 -0.108024597167969 0.0336837768554688
-0.0391464233398438 0.0785369873046875 -0.042694091796875 0.0724258422851563
-0.0453262329101563 0.090606689453125 -0.010284423828125 0.0506744384765625
-0.0336151123046875 0.0931625366210937 0.0174751281738281 0.0402870178222656
-0.0623855590820312 0.0639915466308594 0.0334014892578125 0.0445365905761719
-0.101478576660156 0.0269775390625 0.0293655395507813 0.0690956115722656
-0.11944580078125 -0.0367431640625 0.000999450683593753 0.106491088867188
-0.061126708984375 -0.152130126953125 -0.0613021850585937 0.087432861328125
0.028045654296875 -0.171417236328125 -0.0822830200195313 0.068145751953125
0.125137329101563 -0.176467895507813 -0.0334968566894531 0.0358161926269531
0.165390014648437 -0.123306274414063 -0.0315399169921875 -0.071746826171875
0.111297607421875 -0.13616943359375 0.07623291015625 -0.0533447265625
-0.000686645507812519 -0.184677124023438 0.0685348510742187 -0.128440856933594
-0.0822219848632812 -0.11419677734375 -0.0252838134765625 -0.1475830078125
-0.122322082519531 -0.0325241088867187 -0.0882492065429688 -0.0876007080078125
-0.0931930541992188 0.0490646362304688 -0.0813369750976562 0.000701904296875017
-0.0506744384765625 0.0920944213867187 -0.0296421051025391 0.0335445404052734
-0.0546875 0.104881286621094 -0.000759124755859378 0.0136528015136719
-0.03857421875 0.110893249511719 0.0282096862792969 0.00349426269531251
-0.067718505859375 0.0770797729492188 0.0535850524902344 0.0120506286621094
-0.112129211425781 0.0358352661132812 0.0518226623535156 0.0466194152832031
-0.128097534179688 -0.0391921997070313 0.0242843627929688 0.0938873291015625
-0.05877685546875 -0.160888671875 -0.0400466918945313 0.0828399658203125
0.0426177978515625 -0.169357299804687 -0.0693016052246094 0.0444107055664062
0.14105224609375 -0.156204223632813 0.0101757049560547 -0.00426101684570313
0.163238525390625 -0.0748138427734375 0.029937744140625 -0.105438232421875
0.134468078613281 -0.105178833007813 0.107627868652344 -0.0751419067382812
0.033966064453125 -0.180374145507813 0.0935440063476563 -0.119216918945313
-0.0637664794921875 -0.128219604492187 0.013641357421875 -0.140914916992188
-0.1212158203125 -0.0461044311523438 -0.0454635620117188 -0.0977401733398438
-0.0992279052734375 0.0462570190429688 -0.0473136901855469 -0.0306015014648438
-0.0533294677734375 0.0903549194335938 -0.0146331787109375 -0.00800132751464843
-0.0556182861328125 0.103813171386719 0.00726318359375 -0.0241451263427734
-0.0386199951171875 0.112525939941406 0.0362892150878906 -0.0348739624023437
-0.0668869018554688 0.0799636840820312 0.0709152221679688 -0.0210418701171875
-0.110733032226563 0.0370941162109375 0.071502685546875 0.0241851806640625
-0.121734619140625 -0.0415878295898437 0.0436325073242187 0.078460693359375
-0.04400634765625 -0.157196044921875 -0.0221099853515625 0.0764007568359375
0.06048583984375 -0.14959716796875 -0.0567588806152344 0.020751953125
0.14306640625 -0.113967895507813 0.0529060363769531 -0.0375099182128906
0.129364013671875 -0.0149765014648438 0.0826873779296875 -0.124053955078125
0.126655578613281 -0.0531463623046875 0.131004333496094 -0.0885848999023438
0.0570526123046875 -0.138664245605469 0.108657836914063 -0.102218627929688
-0.0349273681640625 -0.113143920898438 0.0450057983398438 -0.124137878417969
-0.09588623046875 -0.048187255859375 -0.00606536865234375 -0.0974578857421875
-0.0857620239257813 0.0365219116210938 -0.01470947265625 -0.0562057495117188
-0.0454483032226563 0.0752105712890625 -0.00156021118164063 -0.0460128784179687
-0.0476837158203125 0.0883712768554688 0.0142784118652344 -0.0579757690429687
-0.0344009399414062 0.098846435546875 0.0438690185546875 -0.0706329345703125
-0.0598983764648438 0.0714874267578125 0.0862274169921875 -0.0496826171875
-0.100151062011719 0.030914306640625 0.0901260375976562 0.0066375732421875
-0.103652954101563 -0.0438156127929688 0.0605850219726562 0.0651359558105469
-0.021697998046875 -0.141128540039063 -0.0064697265625 0.0716476440429687
0.0763320922851563 -0.115211486816406 -0.0420341491699219 0.00218582153320312
0.130615234375 -0.0568923950195313 0.0935592651367188 -0.0576400756835938
0.0717239379882813 0.0452804565429688 0.114334106445313 -0.128105163574219
0.0916213989257813 0.00438690185546875 0.13873291015625 -0.0958404541015625
0.0587310791015625 -0.0723190307617188 0.111518859863281 -0.087188720703125
-0.00576019287109375 -0.0721359252929688 0.0625 -0.108634948730469
-0.0547523498535156 -0.0359230041503906 0.0203933715820313 -0.0927276611328125
-0.056640625 0.0223236083984375 0.00742340087890625 -0.073883056640625
-0.0297279357910156 0.0486793518066406 0.00630950927734376 -0.0736160278320313
-0.0323982238769531 0.0596084594726562 0.0177993774414063 -0.0824356079101563
-0.0260467529296875 0.0718002319335937 0.0494766235351562 -0.0976943969726563
-0.0469436645507812 0.0538749694824219 0.0998992919921875 -0.070465087890625
-0.0783767700195313 0.0210418701171875 0.107856750488281 -0.0047607421875
-0.0750732421875 -0.0405044555664062 0.0754547119140625 0.0589981079101562
0.00120544433593751 -0.109466552734375 0.00583648681640626 0.0732421875
0.0816268920898438 -0.0683822631835938 -0.0258121490478516 -0.00768661499023438
0.100090026855469 0.00826263427734375 0.12823486328125 -0.0607528686523438
-0.0389060974121094 -0.0633926391601563 -0.130935668945313 0.0749588012695312
-0.0533599853515625 0.0185165405273437 0.0112857818603516 0.0230216979980469
-0.009796142578125 0.0499305725097656 -0.00411224365234376 -0.081878662109375
0.0343799591064453 0.027191162109375 -0.0916061401367188 -0.0775604248046875
0.0429725646972656 -0.00960159301757813 -0.126457214355469 -0.00644683837890628
0.0183906555175781 -0.0306663513183594 -0.115875244140625 0.0762176513671875
0.006500244140625 -0.0199813842773438 -0.0513229370117188 0.116317749023438
0.0112476348876953 -0.0139093399047852 -0.0202484130859375 0.09918212890625
0.0103931427001953 -0.0127229690551758 -0.00565338134765625 0.085479736328125
0.00869655609130859 -0.00146389007568359 -0.0182342529296875 0.0863113403320313
0.002777099609375 0.015376091003418 -0.025177001953125 0.0956268310546875
-0.0217914581298828 0.0279464721679688 -0.0576934814453125 0.0999374389648438
-0.0506248474121094 -0.0162010192871094 -0.116470336914063 0.0749435424804688
-0.0445976257324219 -0.0605049133300781 -0.128456115722656 0.0958480834960937
-0.0152511596679688 -0.0934677124023437 -0.123580932617188 0.116752624511719
0.0177536010742187 -0.110786437988281 -0.134613037109375 0.0518875122070312
-0.0265579223632812 -0.0407867431640625 0.0120849609375 0.0146293640136719
-0.0286407470703125 -0.0103397369384766 -0.000183105468749999 -0.0953216552734375
-0.00526714324951172 0.0012211799621582 -0.0946731567382813 -0.0933151245117188
-0.000905990600585937 -0.003997802734375 -0.136634826660156 -0.0170745849609375
-0.00774383544921875 -0.00373744964599609 -0.120986938476562 0.0745315551757812
-0.00701236724853516 0.0164823532104492 -0.0513534545898438 0.114707946777344
-0.009185791015625 0.0248069763183594 -0.0193405151367187 0.0965423583984375
-0.00888824462890625 0.0253067016601563 -0.0013275146484375 0.0834732055664063
-0.0238132476806641 0.0180683135986328 -0.00805664062500001 0.083251953125
-0.0410003662109375 0.00955200195312501 -0.0146942138671875 0.0928497314453125
-0.0570411682128906 -0.00952529907226564 -0.0455856323242188 0.105697631835938
-0.04412841796875 -0.0768051147460938 -0.1019287109375 0.0778579711914062
-0.00673675537109374 -0.108619689941406 -0.113410949707031 0.0925521850585938
0.0455474853515625 -0.135292053222656 -0.105873107910156 0.09765625
0.0778656005859375 -0.139930725097656 -0.119285583496094 0.016082763671875
0.0146331787109375 -0.0943069458007813 0.023895263671875 -0.00310134887695313
-0.0376129150390625 -0.0788345336914063 0.0145721435546875 -0.111114501953125
-0.0455474853515625 -0.0344123840332031 -0.085418701171875 -0.114845275878906
-0.0494422912597656 -0.00447082519531251 -0.13604736328125 -0.0376739501953125
-0.0383186340332031 0.0212211608886719 -0.118431091308594 0.0593109130859375
-0.0231781005859375 0.049896240234375 -0.048095703125 0.0985641479492188
-0.0283279418945312 0.060333251953125 -0.0155410766601563 0.0784149169921875
-0.0235557556152344 0.0609397888183594 0.00740814208984375 0.0672760009765625
-0.0473899841308594 0.0400161743164063 0.0110359191894531 0.068359375
-0.0760345458984375 0.0148468017578125 0.00672149658203124 0.084869384765625
-0.0910720825195313 -0.0289459228515625 -0.0229644775390625 0.109130859375
-0.0507354736328125 -0.121322631835937 -0.0823287963867188 0.0839462280273438
0.015167236328125 -0.145294189453125 -0.0957183837890625 0.0829849243164063
0.090850830078125 -0.162826538085938 -0.0729446411132813 0.0696563720703125
0.129837036132813 -0.142990112304688 -0.0822067260742187 -0.02593994140625
0.0629653930664062 -0.128959655761719 0.0465164184570313 -0.02691650390625
-0.0294342041015625 -0.140838623046875 0.0384979248046875 -0.122779846191406
-0.07379150390625 -0.075653076171875 -0.0612106323242188 -0.133369445800781
-0.0931015014648438 -0.0144882202148438 -0.119056701660156 -0.062774658203125
-0.0683059692382813 0.0393753051757813 -0.104690551757813 0.033477783203125
-0.0382003784179687 0.0754241943359375 -0.0399246215820313 0.0699195861816406
-0.0430908203125 0.0874176025390625 -0.008270263671875 0.0491676330566406
-0.0323333740234375 0.0898208618164062 0.0183334350585937 0.0386238098144531
-0.0606498718261719 0.060760498046875 0.0327491760253906 0.0426292419433594
-0.0980606079101562 0.0255661010742188 0.0307044982910156 0.0679893493652344
-0.114418029785156 -0.0358810424804687 0.00291442871093749 0.104347229003906
-0.0593109130859375 -0.1458740234375 -0.060302734375 0.08599853515625
0.02783203125 -0.163787841796875 -0.0802536010742188 0.0662155151367187
0.119659423828125 -0.168792724609375 -0.0327434539794922 0.0330772399902344
0.158966064453125 -0.118392944335938 -0.0284576416015625 -0.0675468444824219
0.1068115234375 -0.130744934082031 0.0757293701171875 -0.0511322021484375
-0.00155639648437499 -0.177169799804687 0.0673065185546875 -0.123931884765625
-0.0787200927734375 -0.110343933105469 -0.0249786376953125 -0.141769409179687
-0.117500305175781 -0.031097412109375 -0.0866165161132813 -0.0841064453125
-0.08984375 0.0467071533203125 -0.0789031982421875 0.00154876708984374
-0.0487899780273437 0.0884552001953125 -0.0276908874511719 0.0324745178222656
-0.051513671875 0.101547241210938 0.000110626220703123 0.0136804580688477
-0.0365142822265625 0.106094360351563 0.0281314849853516 0.00319480895996094
-0.0653533935546875 0.0735855102539063 0.0527458190917969 0.011444091796875
-0.107696533203125 0.0339431762695312 0.0522956848144531 0.0470352172851563
-0.122489929199219 -0.0376510620117187 0.02593994140625 0.0922012329101563
-0.05755615234375 -0.154647827148438 -0.0400238037109375 0.0820693969726562
0.0407867431640625 -0.162307739257812 -0.0680046081542969 0.043975830078125
0.135284423828125 -0.150009155273438 0.0094432830810547 -0.00453186035156251
0.157150268554688 -0.07293701171875 0.0300827026367188 -0.099395751953125
0.129371643066406 -0.101341247558594 0.106285095214844 -0.071533203125
0.0315704345703125 -0.173782348632813 0.091552734375 -0.114837646484375
-0.0615463256835937 -0.124008178710937 0.0128250122070312 -0.136116027832031
-0.117073059082031 -0.04412841796875 -0.045806884765625 -0.0943222045898437
-0.0953292846679688 0.0445480346679687 -0.0457801818847656 -0.0294456481933594
-0.0511398315429687 0.0866928100585938 -0.0138845443725586 -0.00811195373535155
-0.05181884765625 0.100723266601563 0.00802993774414062 -0.0229129791259766
-0.0359344482421875 0.107688903808594 0.0360679626464844 -0.034088134765625
-0.0639877319335937 0.0765609741210938 0.0692176818847656 -0.0205230712890625
-0.106163024902344 0.035736083984375 0.0712890625 0.024810791015625
-0.116607666015625 -0.0398941040039062 0.0445098876953125 0.0772628784179688
-0.043670654296875 -0.150421142578125 -0.0220718383789063 0.0754470825195312
0.0575408935546875 -0.144012451171875 -0.0557823181152344 0.0218238830566406
0.1373291015625 -0.109870910644531 0.0503997802734375 -0.0362930297851563
0.125755310058594 -0.0154953002929688 0.0805130004882813 -0.116973876953125
0.12200927734375 -0.0521163940429687 0.128395080566406 -0.0837783813476563
0.0528640747070313 -0.133811950683594 0.106491088867188 -0.0982666015625
-0.0341644287109375 -0.108970642089844 0.043243408203125 -0.120132446289063
-0.0930938720703125 -0.045562744140625 -0.00738525390625 -0.0946502685546875
-0.0824203491210938 0.0356826782226562 -0.0143356323242188 -0.0545234680175781
-0.0429916381835938 0.071929931640625 -0.00087738037109375 -0.0445899963378906
-0.043975830078125 0.0853118896484375 0.0142097473144531 -0.0555191040039062
-0.0315704345703125 0.0948410034179688 0.0422935485839844 -0.0679283142089844
-0.0571937561035156 0.0690116882324219 0.0836944580078125 -0.0480575561523438
-0.0957107543945313 0.030548095703125 0.088775634765625 0.00689697265625
-0.099334716796875 -0.0412216186523438 0.06036376953125 0.0643043518066406
-0.0227279663085938 -0.135322570800781 -0.0070648193359375 0.0709152221679688
0.0721282958984375 -0.111610412597656 -0.0413398742675781 0.00436019897460937
0.125862121582031 -0.0546417236328125 0.0896530151367188 -0.055084228515625
0.0699119567871094 0.0420303344726563 0.111106872558594 -0.120811462402344
0.0876312255859375 0.00315093994140625 0.135276794433594 -0.0907516479492188
0.054168701171875 -0.070098876953125 0.109153747558594 -0.0844650268554688
-0.0059814453125 -0.0692176818847656 0.0604934692382813 -0.105316162109375
-0.0529670715332031 -0.0334014892578125 0.0184860229492187 -0.0906448364257813
-0.0538749694824219 0.0228500366210938 0.00665283203124999 -0.07183837890625
-0.0275154113769531 0.0467643737792969 0.005859375 -0.071319580078125
-0.0293388366699219 0.057586669921875 0.0171585083007813 -0.0789718627929687
-0.0227432250976563 0.0685691833496094 0.046875 -0.0944671630859375
-0.0439796447753906 0.0519828796386719 0.0958023071289063 -0.0684127807617188
-0.0744552612304688 0.0211181640625 0.105667114257813 -0.00429534912109375
-0.0722274780273438 -0.0380630493164062 0.074432373046875 0.0580215454101563
-0.000442504882812503 -0.104454040527344 0.00450897216796874 0.0721206665039063
0.0772628784179688 -0.066558837890625 -0.0263404846191406 -0.00507545471191406
0.096588134765625 0.0073089599609375 0.123138427734375 -0.0581130981445313
-0.0393028259277344 -0.0610733032226563 -0.127098083496094 0.075042724609375
-0.0505409240722656 0.0195159912109375 0.0122318267822266 0.0211067199707031
-0.00760269165039063 0.0490531921386719 -0.0050201416015625 -0.08184814453125
0.0342845916748047 0.0250930786132812 -0.09136962890625 -0.0757064819335938
0.0413970947265625 -0.0117835998535156 -0.125984191894531 -0.00473785400390628
0.0159873962402344 -0.0303363800048828 -0.1134033203125 0.0777511596679688
0.00497055053710938 -0.0191192626953125 -0.0481338500976562 0.115005493164062
0.0101699829101563 -0.0137758255004883 -0.01708984375 0.0977706909179688
0.00888538360595703 -0.0118350982666016 -0.00499725341796875 0.0835037231445312
0.00706338882446289 -0.00119781494140625 -0.0165863037109375 0.086090087890625
0.00233745574951172 0.0144691467285156 -0.0225753784179688 0.094970703125
-0.0195369720458984 0.0263633728027344 -0.0555953979492188 0.100250244140625
-0.049041748046875 -0.0149192810058594 -0.115776062011719 0.0752029418945313
-0.0441703796386719 -0.0566062927246094 -0.126213073730469 0.0940399169921875
-0.016082763671875 -0.09051513671875 -0.12139892578125 0.113197326660156
0.0158462524414063 -0.107627868652344 -0.130416870117188 0.0527725219726562
-0.0253524780273438 -0.0384712219238281 0.0133848190307617 0.0129108428955078
-0.0268630981445313 -0.0101146697998047 -0.00106048583984375 -0.0953140258789062
-0.00489664077758789 -7.15255737304736E-06 -0.0950241088867187 -0.091400146484375
-0.000910282135009765 -0.00540924072265625 -0.135490417480469 -0.0145339965820313
-0.00951290130615234 -0.00416088104248047 -0.118667602539063 0.0749435424804688
-0.00806045532226562 0.0162458419799805 -0.0482177734375 0.113922119140625
-0.00951194763183594 0.0247459411621094 -0.0161056518554688 0.094879150390625
-0.00964546203613281 0.0253658294677734 0.000144958496093749 0.0822372436523437
-0.0249729156494141 0.0180072784423828 -0.00620269775390625 0.0834808349609375
-0.041168212890625 0.00946807861328124 -0.0122756958007813 0.0933837890625
-0.0551872253417969 -0.00994110107421874 -0.04315185546875 0.10552978515625
-0.0438003540039063 -0.0752639770507813 -0.10198974609375 0.0791549682617188
-0.00697326660156249 -0.105064392089844 -0.111442565917969 0.0907745361328125
0.04339599609375 -0.132270812988281 -0.104629516601563 0.09423828125
0.0743408203125 -0.136978149414063 -0.115951538085938 0.0171661376953125
0.0137710571289063 -0.091827392578125 0.0255107879638672 -0.00433540344238282
-0.0370635986328125 -0.0767135620117188 0.0137939453125 -0.110595703125
-0.0445976257324219 -0.0342636108398438 -0.0863113403320313 -0.112510681152344
-0.0486946105957031 -0.00510025024414061 -0.135726928710937 -0.0349655151367187
-0.0386848449707031 0.0207672119140625 -0.115684509277344 0.0607452392578125
-0.0231056213378906 0.0496292114257812 -0.0452041625976563 0.0978317260742188
-0.0272293090820313 0.0600090026855469 -0.0123291015625 0.0773696899414063
-0.0231781005859375 0.0606460571289063 0.00954818725585938 0.0655174255371094
-0.0478057861328125 0.0397109985351562 0.0123291015625 0.0678901672363281
-0.0755844116210938 0.01434326171875 0.00878143310546874 0.0847320556640625
-0.0890731811523438 -0.028900146484375 -0.0203170776367188 0.109237670898437
-0.0511932373046875 -0.118888854980469 -0.0825347900390625 0.0850982666015625
0.01416015625 -0.141571044921875 -0.0946044921875 0.0824813842773437
0.0877532958984375 -0.160125732421875 -0.0723114013671875 0.0669937133789063
0.125473022460938 -0.141220092773438 -0.0793304443359375 -0.0240097045898437
0.061004638671875 -0.126228332519531 0.0479278564453125 -0.0278167724609375
-0.0301666259765625 -0.137428283691406 0.0377349853515625 -0.122695922851563
-0.0728683471679688 -0.0746917724609375 -0.0622100830078125 -0.131690979003906
-0.0912704467773438 -0.0137863159179687 -0.120277404785156 -0.05999755859375
-0.0674476623535156 0.0386962890625 -0.102386474609375 0.0346603393554688
-0.03765869140625 0.0741348266601563 -0.0373802185058594 0.0693168640136719
-0.0413742065429688 0.087005615234375 -0.00586318969726563 0.0485649108886719
-0.0315399169921875 0.089324951171875 0.0194587707519531 0.0373001098632813
-0.0602912902832031 0.0601463317871094 0.0337982177734375 0.04205322265625
-0.096923828125 0.0257949829101563 0.0327911376953125 0.0685462951660156
-0.113105773925781 -0.0346221923828125 0.005859375 0.104576110839844
-0.059661865234375 -0.142486572265625 -0.0605392456054687 0.0873794555664063
0.025970458984375 -0.16064453125 -0.0793991088867188 0.0661697387695313
0.116729736328125 -0.166107177734375 -0.0328006744384765 0.0312156677246094
0.1551513671875 -0.117919921875 -0.0275611877441406 -0.0647621154785156
0.104095458984375 -0.129768371582031 0.0765457153320313 -0.05169677734375
-0.00471496582031251 -0.173309326171875 0.0659332275390625 -0.123908996582031
-0.0780105590820313 -0.108299255371094 -0.0264205932617188 -0.139801025390625
-0.116294860839844 -0.0292510986328125 -0.087982177734375 -0.0819625854492187
-0.0881500244140625 0.046722412109375 -0.0778732299804688 0.00234222412109375
-0.0472259521484375 0.08709716796875 -0.0261001586914063 0.0317745208740234
-0.04840087890625 0.100906372070312 0.00133037567138672 0.0134811401367188
-0.0340957641601562 0.104698181152344 0.0289077758789062 0.00238037109375001
-0.064300537109375 0.0724639892578125 0.0524253845214844 0.0108108520507813
-0.105941772460938 0.03436279296875 0.0540771484375 0.0469093322753906
-0.120925903320313 -0.0361404418945313 0.0289459228515625 0.0921249389648438
-0.0588226318359375 -0.15081787109375 -0.03955078125 0.083404541015625
0.038909912109375 -0.159561157226563 -0.067626953125 0.045440673828125
0.131439208984375 -0.148269653320313 0.00870513916015626 -0.00529146194458009
0.1541748046875 -0.0737152099609375 0.0297470092773438 -0.09661865234375
0.126075744628906 -0.101219177246094 0.106124877929688 -0.0713729858398438
0.0279083251953125 -0.170654296875 0.0904006958007813 -0.114250183105469
-0.0615386962890625 -0.121635437011719 0.0111465454101562 -0.133796691894531
-0.115806579589844 -0.0415496826171875 -0.0476608276367188 -0.0923233032226563
-0.093170166015625 0.0448074340820313 -0.0456733703613281 -0.0284919738769531
-0.0488128662109375 0.0852203369140625 -0.0125951766967773 -0.00812339782714843
-0.0487594604492187 0.0998687744140625 0.00844573974609375 -0.0224552154541016
-0.032684326171875 0.106193542480469 0.0356636047363281 -0.034332275390625
-0.0619583129882813 0.0752944946289063 0.0682640075683594 -0.0210189819335937
-0.10418701171875 0.0358734130859375 0.0727996826171875 0.0246200561523438
-0.114608764648438 -0.038421630859375 0.0469207763671875 0.0766754150390625
-0.0452117919921875 -0.146865844726563 -0.02227783203125 0.076568603515625
0.0544281005859375 -0.142349243164063 -0.0560379028320313 0.0239143371582031
0.134201049804688 -0.109321594238281 0.04876708984375 -0.0360832214355469
0.123588562011719 -0.0178909301757812 0.0793685913085938 -0.113533020019531
0.119483947753906 -0.0530319213867187 0.127517700195313 -0.0827484130859375
0.0492630004882813 -0.132057189941406 0.105072021484375 -0.0981521606445313
-0.0349502563476563 -0.10699462890625 0.0417938232421875 -0.119163513183594
-0.0921707153320312 -0.0424270629882813 -0.00927734375000001 -0.0935745239257812
-0.0802383422851563 0.0366744995117187 -0.0156669616699219 -0.0540924072265625
-0.0411148071289063 0.0712127685546875 -0.001556396484375 -0.0442466735839844
-0.0406417846679688 0.0848159790039062 0.0136337280273438 -0.0542030334472656
-0.0282211303710938 0.0933609008789062 0.0413322448730469 -0.0675315856933594
-0.0545845031738281 0.0677337646484375 0.081939697265625 -0.048553466796875
-0.0930709838867188 0.0312957763671875 0.089691162109375 0.00644683837890625
-0.097412109375 -0.039642333984375 0.0616416931152344 0.06427001953125
-0.0245285034179687 -0.131614685058594 -0.00753021240234376 0.0718917846679687
0.0691070556640625 -0.110847473144531 -0.041778564453125 0.007171630859375
0.123794555664063 -0.0555877685546875 0.0875167846679688 -0.054779052734375
0.069915771484375 0.0390777587890625 0.10919189453125 -0.117622375488281
0.0855865478515625 0.00146484375 0.134544372558594 -0.0891799926757813
0.0511627197265625 -0.0693702697753906 0.108543395996094 -0.084564208984375
-0.0077362060546875 -0.0676460266113281 0.0587387084960937 -0.105278015136719
-0.0526046752929687 -0.0310821533203125 0.0164108276367187 -0.0901260375976563
-0.0515861511230469 0.0235214233398438 0.00510406494140625 -0.0714645385742188
-0.0256080627441406 0.0460395812988281 0.00479507446289062 -0.0702362060546875
-0.0263442993164063 0.0569343566894531 0.0156707763671875 -0.0775146484375
-0.0198440551757813 0.06732177734375 0.0445404052734375 -0.0937881469726563
-0.0417327880859375 0.051300048828125 0.0933990478515625 -0.069183349609375
-0.0720443725585937 0.0224838256835937 0.105827331542969 -0.0050506591796875
-0.0713119506835938 -0.036285400390625 0.0746612548828125 0.0572509765625
-0.00334930419921874 -0.102119445800781 0.00486755371093751 0.0723495483398438
0.0734710693359375 -0.0671310424804687 -0.0265617370605469 -0.00302886962890625
0.0954208374023438 0.00571441650390625 0.1204833984375 -0.0586624145507813
-0.0143963211480517 0.051373264841278 -0.1209895136448 -0.0646888723743798
0.044876321462489 0.0255414855892926 -0.00933057657752546 0.0117642249632916
0.0460895698875086 -0.015380287484694 0.064449016099218 -0.0546613917793953
0.00496384888129423 -0.0402485544905033 0.0127125992637276 -0.11344680712134
-0.0257161568064611 -0.0207799538819793 -0.0647417231804007 -0.111673020027659
-0.0188765186071244 0.00119850766302386 -0.115352690807241 -0.0629666716078059
-0.0152294832539403 -0.00141890905177216 -0.121518965275107 -0.00237275453572515
-0.0151195095497363 -0.00495630124118992 -0.0993444584463501 0.0308615730453623
-0.0114875392387464 -0.00549986866222422 -0.078429075756932 0.0304750051240158
-0.00489864793104169 -0.00835232355807361 -0.0809011657157848 0.0269268034200498
0.0106596788699029 -0.0143317083264535 -0.0990375843845376 0.0245925778377428
0.0352834055737123 -0.00488880825029878 -0.118463722839922 -0.00775310650679884
0.0338931383106529 0.0390474526186164 -0.119767786527202 -0.0573258376917059
-0.00918162688358174 0.0593302771987595 -0.13195085785184 -0.0605138355459752
-0.0549388582900272 0.0487518880150958 -0.151045794754508 -0.0204459343332578
-0.078349444856987 0.0335440909366188 -0.103280460430474 -0.0691783741201479
-0.0168686646271108 0.042000308528221 0.0050384226367822 0.0204161387228941
0.00954514585613006 0.0353480666774567 0.0939835762812982 -0.0556030731665821
0.010843468410446 0.0110717785455826 0.0360656094617775 -0.13047862088092
0.00975141160662359 0.00593486793533994 -0.0603011663633597 -0.132702204123359
0.0163024277219296 0.00488666598322045 -0.117278950597654 -0.0731232299926817
0.0220483993394903 -0.00730408280547977 -0.122341759699451 -0.0084210775497492
0.0242856269331588 -0.0145774578696046 -0.0981334668620927 0.0279623890814903
0.0296642059954873 -0.0108321101733658 -0.0757532286179228 0.0304538146637541
0.0290940218566816 0.00449248061249563 -0.0714918965098371 0.0294422540233921
0.0346131671728162 0.020450667625453 -0.0878872462946965 0.0303344533670289
0.0253121697083437 0.0468051388144052 -0.109065407108423 0.00826023530145301
-0.0108848911582293 0.0770365715909091 -0.111969324983729 -0.0396521221882219
-0.0667366088901766 0.0592978895464435 -0.124999404434797 -0.0433187245074528
-0.115852527913118 0.0246775844467936 -0.13393064100446 -0.0136094809965752
-0.133210566901212 0.00645313365871198 -0.0667397410634441 -0.0659459686695257
-0.0838604659629833 0.0455324885068338 0.0298476905635055 0.0365090490761178
-0.0397322018537028 0.0838222163511464 0.131580539258892 -0.0446804695737572
0.0085776510570899 0.0697297545525351 0.0722021884805499 -0.138573879117734
0.043707523988377 0.0411665252639394 -0.0405096193509216 -0.150454773210512
0.0519711427488398 0.0135969549439531 -0.104351531741529 -0.0825012476663183
0.0580632943952743 -0.00995376961227543 -0.107875060860837 -0.0164720639742641
0.0606260652773527 -0.0228043405965667 -0.0824032434012769 0.0204387121377551
0.0663383596685932 -0.0181283009718034 -0.0583595650400471 0.0281597299970316
0.0595899333591556 0.00940109183194028 -0.0491447719931035 0.0339023349596926
0.060465182357203 0.0421041668498568 -0.0670204505716283 0.0425424874168321
0.0282223992541057 0.0870783290678016 -0.095054299143368 0.0306320982183815
-0.0357153121471404 0.111834770068924 -0.103130301182387 -0.0171924674941724
-0.107191069295189 0.0653685959242604 -0.110495653751459 -0.0272491581873398
-0.159518810038117 0.00500761241068486 -0.099626359106758 -0.00173911078081899
-0.165820429128036 -0.0264507020503208 -0.0167278215437821 -0.0507334707773976
-0.142931006441255 0.0319800470452059 0.0612469025308904 0.0586537978250066
-0.0949874452730521 0.114947949008139 0.167868541752692 -0.0200967974316005
-0.00771385345892008 0.122795650421684 0.114551228533823 -0.128928550450137
0.06720944659367 0.0803776304001461 -0.00729792202732134 -0.155537962061184
0.0810968827564004 0.0263088251821716 -0.0762174274171142 -0.0866912012389715
0.0865102218260617 -0.00863767820076767 -0.078840809301062 -0.0238371507397234
0.0878705010242055 -0.0280821936073467 -0.0536798540491936 0.0104894921439341
0.092616667641121 -0.0258628242049205 -0.0300383096709269 0.023482237366001
0.0814896958809335 0.00849102457445319 -0.0182737699052923 0.0363449993163802
0.0813433293594339 0.050825810001937 -0.0393629689276626 0.0534819926059243
0.0366056801832521 0.11021405591081 -0.0749676272918766 0.0507033194459861
-0.0467300096644964 0.133763746526276 -0.0911778316207001 0.00296035390140854
-0.128936499750456 0.0686213115636235 -0.0906891442939253 -0.0195041975099726
-0.179713208604085 -0.0116657844779675 -0.0534835153334136 0.0086246199779927
-0.168687965730918 -0.0563642115169493 0.0402621330336725 -0.0271055251902232
-0.173864820310527 0.00260226321478072 0.0914613255999047 0.0806780460961092
-0.141677546174923 0.115097558535948 0.189430972181086 0.0157283827546176
-0.0355092308146539 0.151822035331321 0.148768418965605 -0.0984074241634994
0.0712224741543896 0.110995972747946 0.033194383992812 -0.142042635341594
0.0963771381926436 0.0395080158547333 -0.036827054205787 -0.0822823472987539
0.101815350366884 -0.00413849073272271 -0.0401987918865309 -0.0285149346730515
0.102201139023061 -0.0290762112368616 -0.0182614574003593 0.000334038959131663
0.105701178211328 -0.0303482486600873 0.00504263884910556 0.0162353728591157
0.0926444919763536 0.00517647555182022 0.0164973413642096 0.0357617553619296
0.0918995899904946 0.0521811386530007 -0.0091480436044188 0.0608112678584467
0.039144793980971 0.118266002569064 -0.051493728395895 0.0646332464617683
-0.0538112567089626 0.138853825816858 -0.076324449943508 0.0184440673993776
-0.136120082434805 0.0601481951397824 -0.0688863286525144 -0.0185170701939981
-0.1754951416575 -0.0296352502149965 -0.00405927979345808 0.0173570349318174
-0.139290418727781 -0.0739907522701978 0.0923037296409777 0.000749350014194782
-0.167597091463394 -0.0296122321774584 0.116030124607312 0.0987821226997326
-0.160543335698765 0.0874573783707702 0.188924211531927 0.0504197578649051
-0.0604979994083235 0.147293688819397 0.163195093215204 -0.0562526550055344
0.0589009840708553 0.120901927464115 0.0670910655226285 -0.11028735446816
0.0946450564392874 0.0463368038678364 0.00454363633881398 -0.0682538860800526
0.10029352847576 0.00020689733187431 0.00198520764828934 -0.0300817413813129
0.100550697727869 -0.0262311201151558 0.0192141588891548 -0.0103677911576591
0.104403672965886 -0.0302573630812078 0.0409033758074153 0.00756571278899468
0.0929763078444976 0.0034881351405789 0.0501521474940546 0.0341980512092354
0.0907330137930188 0.0496512282821114 0.0193825718958646 0.0674689399558041
0.0329515152712154 0.11527917386493 -0.0296955659562667 0.0750418074032359
-0.0618204065300303 0.127473957813434 -0.0627740848550125 0.030221572748433
-0.132904141051386 0.0400352832887545 -0.0475271155816475 -0.0190243752238328
-0.148921179776004 -0.0486266181535813 0.0417396868279159 0.0263686092532085
-0.0852515197839819 -0.0750141927603789 0.128835621331398 0.0242271402608037
-0.126626526527823 -0.0523137381746252 0.130007025248264 0.106229727213904
-0.142185870131242 0.0475289348661547 0.170925252641113 0.0722917952044431
-0.0682146244002702 0.113770886700494 0.158205321785239 -0.0163754718068805
0.0378036194504237 0.105422277840725 0.0885269891209762 -0.0724770749158545
0.0768486594920346 0.0426068673109841 0.0402259650004712 -0.050339747951859
0.0826578512773529 0.00223270557696569 0.0394206647294082 -0.0295445555163541
0.0844503913738873 -0.0205018892374781 0.051877175480886 -0.0190272148239465
0.089306450915333 -0.0253889299343311 0.0738504965129552 0.000359145767657875
0.0821332878133394 0.00355708419910435 0.0788654371235195 0.0345264196744729
0.0791216254976596 0.0449317148331949 0.0430690337400223 0.0754776551644037
0.0216082391377124 0.101791098766623 -0.0127718577400044 0.0837645548092815
-0.0664816651637053 0.103127615207807 -0.0527130923937869 0.0399314302096882
-0.118684566220938 0.0127224441787458 -0.029514697567581 -0.0176923067272396
-0.104662934628732 -0.0639858426158201 0.0788793240662847 0.039584104973681
-0.015904812248134 -0.060349005057514 0.145931450303898 0.0361474665336843
-0.063379651516978 -0.0579366028977096 0.134809053038985 0.0967791676996377
-0.0925298071420383 0.00967340451457439 0.145541174532965 0.0760499314489348
-0.0552508949042772 0.0632682221277943 0.140929637038865 0.00711952512566619
0.0156832959516129 0.0686491035122835 0.0968203322752661 -0.0420488541914085
0.0477515801809824 0.0301744073269517 0.0647884661215963 -0.0356460270938926
0.0521701911727167 0.00230785700684344 0.0660132011229154 -0.0280606691854738
0.0554464782730161 -0.0120232195301652 0.0767879932766973 -0.0253634671770137
0.0617378544460647 -0.0168765820420572 0.0996986311234855 -0.0041910067033716
0.0612623083978191 0.00455227927161012 0.100979617634213 0.0376280690850611
0.0583490823659318 0.0363353449148696 0.0603907591874713 0.0868390993488206
0.0082173516446573 0.0772840460300784 -0.00431721741158322 0.0942081896354535
-0.0622129125088233 0.0687674580521806 -0.0501163966726042 0.049310765921441
-0.0898592977554938 -0.0147104537013366 -0.016478404119363 -0.0134817820678687
-0.0471845602210218 -0.0715577129892274 0.102912994218005 0.0566484879445182
-0.0108483550729607 0.0502240648310412 -0.121062023511905 -0.0576308377182886
0.0445210636856132 0.0216422922192558 -0.00777341954706209 0.0126189743282891
0.0432490459125632 -0.0174109956967973 0.0621774576706468 -0.0564163882614637
0.00221514996726727 -0.0390348741510413 0.00811498401433701 -0.112119451198194
-0.0266319099532456 -0.0177494241780551 -0.0684650102687444 -0.107454438516468
-0.0174845103883608 0.00269449440309528 -0.116755503814739 -0.0565091677663027
-0.013957673375109 -0.000531720730628652 -0.118809628377802 0.00393551235026587
-0.0144985627798228 -0.00382729015548217 -0.0946143244881664 0.0350503138289885
-0.0103838382010654 -0.00443181061637603 -0.0756601860848699 0.033060270508389
-0.00411594683622422 -0.00749109539483506 -0.0785245611218542 0.030739981789271
0.00954332258353006 -0.0138239479575827 -0.0958447647375604 0.0296260210322791
0.0328356964824449 -0.00577956676074577 -0.116548171992302 -0.00149985192820229
0.0344382215143641 0.0358901407558392 -0.121684902678404 -0.051815082060094
-0.00576086135918491 0.0566166937877653 -0.131204724425446 -0.0555104588445528
-0.0505057050552187 0.0498508752506108 -0.147727767548987 -0.0166429504643868
-0.0745029202211733 0.0353401939275286 -0.104123627977656 -0.0624200661499743
-0.0148999159349276 0.0402521205975529 0.00692062381630608 0.020892669748237
0.0100164948173458 0.0334639573850585 0.0905461451935151 -0.0586491516958129
0.0101654415913229 0.0114167832033789 0.0302299539408676 -0.129946643543556
0.00948238786097392 0.00678192762920606 -0.0654985370190904 -0.127999204455785
0.0171692338487451 0.0051759055963973 -0.119197636062583 -0.0659658144452577
0.0223916393796604 -0.00733942078575438 -0.119273981563708 -0.00206393627068632
0.0237660592862956 -0.0154587091613054 -0.0939901044051471 0.0328188379845017
0.0302563625272331 -0.0114136278171666 -0.0730658113330667 0.0333518918766766
0.0299350471880138 0.0040870774671916 -0.0692470482880918 0.0326854971001688
0.034914761962178 0.0199202872872027 -0.0842894784202252 0.0355273950843576
0.0251727822821255 0.0455655062729375 -0.107129977053958 0.014059532719364
-0.00745921445778965 0.0750610132925978 -0.113623586119974 -0.0348313901806836
-0.062897923000498 0.0595735369117185 -0.123730599774896 -0.0381303033543554
-0.111551748207717 0.0284216149801607 -0.131126922823814 -0.00982200368355089
-0.129291507626768 0.0115170860297702 -0.0680491897062402 -0.0607398178354485
-0.0804800268037232 0.0467789190472561 0.0321725063689596 0.0348679417683135
-0.0352499297118795 0.0826216661002495 0.128084879614496 -0.0496438244467603
0.00997897499374427 0.0686813235364489 0.0652903021946822 -0.139499034318491
0.0441387411364991 0.039187703125855 -0.047599909247222 -0.146138231381522
0.0519700981975317 0.0118758076002729 -0.106105815893457 -0.0760559339158049
0.0572128094192624 -0.0120423629371359 -0.105874609346809 -0.0106947281148148
0.0582989616323371 -0.0250410096913008 -0.0786063442527055 0.0246422539956349
0.0648089181348696 -0.0205945737035913 -0.0555155461280976 0.0308921252180911
0.0593727206685319 0.0080566674285356 -0.0467574257149756 0.0362314730907555
0.061302764778467 0.0396189430432935 -0.0642268624492062 0.0466436302857377
0.030457821283124 0.0843702684542188 -0.0923926037010301 0.0357124515661909
-0.0303865528533656 0.110507067746374 -0.104643018822877 -0.0127856552757199
-0.102116537537374 0.0670786384289624 -0.11013827814125 -0.0237314609248988
-0.155149809470308 0.0115681119864201 -0.0972813373726445 0.000735386600874404
-0.163407396822879 -0.0196726773758602 -0.018965364308212 -0.0467902656099303
-0.137658086392368 0.0364277092135428 0.0639678977280788 0.0552161131834808
-0.087866330390601 0.115953877909121 0.164750236477871 -0.0269791556456532
-0.00367444683953472 0.121196155261392 0.106746172647609 -0.131662200818999
0.0693817641761912 0.0763306757978855 -0.0153874451793652 -0.152841939391734
0.0806783816003005 0.0229692754075918 -0.0790438065742045 -0.0811119860073998
0.0846551758886171 -0.0118490039846 -0.0776744379108748 -0.0190731340974945
0.0849472274274112 -0.0320296899668591 -0.0513580540042805 0.0140184204030914
0.0901129346924852 -0.0295733314931606 -0.0273087455210999 0.0250724954451874
0.0808682882502016 0.00542651593343179 -0.0156872996972324 0.0377410775425231
0.0821450317441523 0.046930929981079 -0.0361669647139728 0.0567830501825808
0.0399558478867895 0.107117676686021 -0.0712787055005935 0.0550493142494029
-0.0399461294699085 0.132791985906036 -0.0918752732201867 0.00733934612272082
-0.123445359806986 0.0716243185438036 -0.0906424113595592 -0.0159134850580746
-0.175756330315187 -0.00422509872915761 -0.0519386761676261 0.00941985813118218
-0.167768981610753 -0.0484547090205155 0.0375515809117355 -0.0264130380938221
-0.170228257275056 0.0094848002920198 0.0945606303565657 0.0763163770683926
-0.133266354088252 0.118891562170334 0.186983159975004 0.00754590729785028
-0.0294232811988468 0.150220221439618 0.141459462586701 -0.10277551847906
0.0751194848184426 0.105747314374065 0.0243603249850981 -0.141290622404961
0.0961553721954581 0.035486354755771 -0.0402003674036268 -0.0789153674946445
0.0997956159795891 -0.00812949888210986 -0.0401232190832965 -0.025592919771327
0.0982070329876906 -0.0337420774465389 -0.0172827938460474 0.00178079427250661
0.102295925545993 -0.0350233483668026 0.00643982455773516 0.016206831144123
0.0912384501489192 0.00186212254368037 0.0182090002470015 0.0354345154545398
0.092326250074709 0.0470348805533545 -0.00583980639419698 0.0631490511418601
0.042940698067058 0.115062840145243 -0.0473522619293532 0.068207926442938
-0.0465969255199103 0.137962228500233 -0.0768399962121652 0.0218532798953349
-0.130625943298736 0.0642085967654022 -0.0694284823141657 -0.0152900721518805
-0.172559328107989 -0.0214788076307739 -0.00353261528911763 0.0163039740935082
-0.140195348351727 -0.0664371707971053 0.089460522586709 -0.00137647241895635
-0.165458416133597 -0.0221853787048186 0.11875000044153 0.0930619003751942
-0.152808121124619 0.0930790515183277 0.187665550455484 0.0413271098373634
-0.0538031530291781 0.147517388887911 0.158032938433424 -0.0620508505500595
0.0633593846226335 0.115622623016952 0.0594343251073582 -0.111963218665361
0.0947539635740347 0.0413227688507512 0.00153849484893744 -0.0671821416202925
0.0979916738744389 -0.00445813698714372 0.000850629993071229 -0.0288859262221191
0.0966319383983615 -0.0312716924094648 0.0185880360800949 -0.00994691014541695
0.100421590836648 -0.035030176917165 0.0412068967479794 0.00613569907833461
0.0908811393008646 -0.000379475998212766 0.0510164253106 0.0318554679288065
0.0909598963572493 0.0441985672760363 0.0231820771591263 0.0674720602749717
0.0368184359014086 0.111353689389035 -0.0255689951279764 0.077179233189422
-0.0540730102764969 0.12711564296162 -0.0624701568393175 0.032989699836052
-0.128081072138681 0.0449009663855793 -0.0496618910605619 -0.0162183141211296
-0.148281707298457 -0.0407213608398951 0.0419096316099862 0.0239471508837661
-0.0873100185532539 -0.0694657678481331 0.126473949353224 0.0206855978539278
-0.126708617907783 -0.0457647670865392 0.132053649797089 0.0999207923950608
-0.136529046777751 0.053520446015482 0.171630888558186 0.0645197281162876
-0.0617602279667973 0.114991597357201 0.154095807755152 -0.0234841778493605
0.04275225606054 0.100788386301535 0.082003188729215 -0.0761761242911938
0.0776210990800406 0.0382118426531197 0.0373964397333903 -0.051538595431798
0.0803951649883391 -0.00185606065034981 0.037142504026337 -0.030354716669038
0.0808298925832877 -0.0244779810315865 0.0502720123097906 -0.0203128108593525
0.0851293043185676 -0.0294231025454633 0.0728643926854458 -0.00292469340899497
0.0800450763633694 0.000123272662448166 0.0794545629560574 0.0302211838007493
0.0790491046956929 0.039861888183066 0.0463736105433889 0.0744077397549064
0.025563179099643 0.0987557929067869 -0.00893559821095434 0.0846457543275201
-0.0592853177977667 0.10427123012599 -0.0518511847951441 0.0420657710182485
-0.114850559844623 0.0182272407145146 -0.0315129840419683 -0.0152855669930037
-0.106035473118199 -0.0585292966162477 0.0789386198076834 0.0357687066753812
-0.0194104327993199 -0.0577395012995675 0.143777590690385 0.0314637426194779
-0.0645272331918397 -0.0532251819548363 0.136390012187944 0.0911042564114269
-0.0893564100903525 0.0143328430305895 0.146802241553783 0.0684643599346772
-0.0504073620120842 0.0647937472573928 0.139151171624963 0.000883499818143228
0.0193890258159659 0.0658114755766078 0.0925361644640473 -0.046649725032466
0.0482999388562585 0.0262503431385256 0.0614880316907004 -0.0381158360970904
0.0502477037269047 -0.000545333882944241 0.0634019139436185 -0.0307877408152047
0.0527494193737682 -0.0152737673466802 0.073589540005998 -0.0284816381439009
0.05849673272145 -0.0197424719153657 0.0974183311438088 -0.00902081630121206
0.0597171261463866 0.00110505728185878 0.100840185419039 0.0321222867377
0.0582729811658384 0.0320203062163927 0.0637980747296319 0.0842069613701434
0.0114062519046326 0.0748315741996352 -0.000248861275827089 0.0938499953933044
-0.0566562159696823 0.0700422709608675 -0.0485486042855742 0.0514726060504779
-0.0879629143516699 -0.00929844592262165 -0.0187627140006139 -0.0114568802307789
-0.0503374627547811 -0.0678558877918842 0.103128963816597 0.0511107564905105
-0.00789449559789557 0.0480714641053608 -0.118217143980109 -0.0496011490134824
0.0429340774705147 0.0179109149390593 -0.00588583359507369 0.0131265369212138
0.0396876600592841 -0.0191725583416723 0.0584959730329573 -0.0566885155645882
-0.000670986100633784 -0.0368220281775791 0.00406680403351829 -0.109773794083276
-0.0260231611984551 -0.0134618995523447 -0.0706551663311274 -0.101452449030199
-0.0154179005243773 0.00376259031243311 -0.116109147230274 -0.0496792461052895
-0.0127021294231492 -0.00011858328805517 -0.113964328620016 0.00886506004827945
-0.0133337355636217 -0.00243683462362124 -0.0885348252019124 0.0380167777295592
-0.00933163838056187 -0.0038076471898109 -0.0719425593503052 0.0350151946245688
-0.00355890900626086 -0.00676873069312579 -0.0744951654747835 0.0336726585243599
0.00854605597960792 -0.0127761408950158 -0.0907639549917993 0.0337222129252471
0.0300111830469831 -0.00679774912670024 -0.112670615083175 0.00424253950382637
0.0343802212906274 0.0325885781279269 -0.120552336566794 -0.0460676371559932
-0.00312318214963045 0.0530860028001922 -0.128108521988168 -0.0506157205455907
-0.0455755425833758 0.0496775263139992 -0.142308785502379 -0.0133101673780513
-0.0693285049591875 0.036141550946505 -0.101798546377435 -0.0553955818341811
-0.0128568309353727 0.0376565185384665 0.0088080660565259 0.0195469036829332
0.0103383733450316 0.0307982148712316 0.0857880760938644 -0.0606272483678048
0.00859201398615367 0.0113548729359046 0.0245187715325567 -0.127013724872946
0.00861639994120401 0.00780666144055395 -0.069047054720638 -0.121033245052788
0.0176747823555227 0.00496810464382055 -0.118016341037446 -0.0587667425930352
0.0221013661590151 -0.00795438767442359 -0.114330912725545 0.00382840129956491
0.0230064749406771 -0.0156853220644154 -0.0875629402681454 0.0357619724637729
0.0289819459215913 -0.0122495370710348 -0.0684663263051516 0.0354234640125276
0.0294330825708834 0.00389720320227703 -0.064865638784129 0.0357140800000611
0.0346860882133033 0.0184482209822403 -0.0797528320806789 0.0391467744946736
0.0247560560137161 0.0435335845617101 -0.10335022638008 0.0188147473918572
-0.00458799954758848 0.0721252416587666 -0.112892133961822 -0.0297220118759421
-0.0582503233998232 0.0579128914007647 -0.120573245595699 -0.0337594555931882
-0.105242091065891 0.0312551953240854 -0.12633797306782 -0.00695702566044664
-0.123419121641308 0.0154240293524455 -0.0675846740273091 -0.0538750113953977
-0.0755482482397191 0.0467417708107438 0.0336423344487118 0.0332130784616865
-0.0311986524272803 0.0801888071723949 0.122213183863797 -0.0529229829782195
0.0106234120316877 0.0662812824545331 0.0580766811532487 -0.136888876407888
0.0438514407533295 0.0374343769662765 -0.0526951401850647 -0.139133379651598
0.0512530521200831 0.0106690575478143 -0.105737163033741 -0.0687179180600419
0.0551708019103931 -0.013172121863682 -0.101218614914844 -0.00504363798993779
0.0558351410160647 -0.0266471642894689 -0.0731528881601319 0.0280240003913361
0.0622039265426972 -0.0228857146956329 -0.05174997171822 0.0320607495284035
0.0582218259098043 0.00621438265666283 -0.0434301346156814 0.0379946386884329
0.0611475531517175 0.0366440316848422 -0.0592820425820095 0.0500372615971892
0.0312923511305577 0.0813843060509364 -0.0874221145813233 0.0396465807713925
-0.0253131655288141 0.107091338574466 -0.103620712765646 -0.00870014969971475
-0.095847622463273 0.0674500412970839 -0.107130157731278 -0.0194654577739449
-0.148299636176915 0.0168784244872929 -0.0937065061759553 0.00240454527831896
-0.157255434608372 -0.0128524798372418 -0.019839736476054 -0.0430918985996804
-0.130984581181787 0.0395283486729651 0.0651871095040622 0.0511379114603087
-0.0797973679954422 0.11402100814282 0.158497449803589 -0.0324410410615258
0.000105702537450552 0.117133014823396 0.097950436239527 -0.130930505097044
0.0693419171437133 0.0714546315464689 -0.0226180483727395 -0.14686148324548
0.0792714447932181 0.020305551234321 -0.0797755274711884 -0.0750540266270514
0.0814012630235807 -0.0142765996200513 -0.0750327930923382 -0.0141248532649097
0.0806923511506117 -0.0347591866519854 -0.0480333951673248 0.0166077235360931
0.0858692447950728 -0.0327086482320747 -0.0246199216852132 0.0256524710849257
0.0785482932081274 0.0031406739102214 -0.0129000132148329 0.0378209564724684
0.0814355641741161 0.042281890411045 -0.0317310938501528 0.0586135647139637
0.0415272346542917 0.102770818977945 -0.0662818948113927 0.0584239689775067
-0.033215884227204 0.129297312793403 -0.0905130746341773 0.0110409606756984
-0.116700052905777 0.0726592420946364 -0.0887966988625008 -0.0123361406462121
-0.169292770168887 0.00259883038342916 -0.0497639709493437 0.00983132571054304
-0.163006704951108 -0.0401629765100669 0.034675346678499 -0.0249521105041095
-0.163062175841216 0.0147150184674939 0.0946930240385129 0.0706244745143867
-0.122727802715777 0.119615719119384 0.18145581229831 -0.00010426613371319
-0.0234546240272078 0.147141442292849 0.132958769839073 -0.104644572962618
0.0765699591139197 0.0990903935743967 0.015994338908076 -0.137155463949971
0.0947282258485801 0.0303413528848072 -0.0420337183296631 -0.0737413314931049
0.0951145522356519 -0.0118886055216342 -0.0389955553023659 -0.0223487769488197
0.092930451546414 -0.0370262860259653 -0.0154180710518106 0.00356643278934977
0.0967799415319928 -0.0382020213653549 0.00799616744609985 0.0157783177952432
0.0884759706447789 -0.000850593292892486 0.0198767930498065 0.0341886911576409
0.0905917852067635 0.0417632778468727 -0.00195365626852748 0.0634979331307728
0.0453220534751972 0.109436876076901 -0.0424214023361575 0.0698938915770818
-0.0389031683949188 0.134494016044197 -0.0758003495879746 0.0251051231440192
-0.122917792497703 0.0666071648714706 -0.0689521981805154 -0.0117342498766365
-0.167056032719816 -0.0144757158034734 -0.00296536491514367 0.0149460712628567
-0.138256257341449 -0.0583328797186881 0.0853719078593212 -0.00246810724553611
-0.160024773373562 -0.01581905993343 0.118824491959105 0.0866605616187646
-0.142167359451662 0.095808873882238 0.184137787434362 0.0329111198142105
-0.0466181295479916 0.144701453282043 0.150167232944205 -0.0657570131802954
0.0661428082777151 0.108803743748376 0.0511648695659775 -0.110541411653417
0.0934453276577154 0.0359043175882266 -0.00156746872370384 -0.0649230860499885
0.093599953483764 -0.00820414804472833 -0.000155637194147838 -0.0275622776515635
0.0915001017219913 -0.0346207010649634 0.0180946612630878 -0.0102245050756301
0.0944741650797436 -0.0381777569602939 0.0406062398391329 0.00423509085527478
0.0874814459607075 -0.0031682917731658 0.0515137546014362 0.0291401929680778
0.0889972334539136 0.0388459850147373 0.0258795327885884 0.0665339962079992
0.0393788679851742 0.105879243034421 -0.021172282477203 0.0772345122015795
-0.0465934406497512 0.124284165953414 -0.060885955637265 0.0352356138734398
-0.121115698564694 0.0482048586054589 -0.049555918245874 -0.0131343486910089
-0.144726927161327 -0.0339501251363376 0.0409817876157811 0.0206823888273733
-0.0878189094409693 -0.0633687154695028 0.121701449572878 0.0174492766628501
-0.123893130333272 -0.0395760378312838 0.131338118188072 0.0928906098642503
-0.128718195938135 0.0574392066695522 0.168333961624714 0.0559723622317806
-0.0550865497771958 0.113965774870682 0.148265390068935 -0.0288022852221348
0.0459229758195504 0.0949864368667788 0.0750639904666754 -0.0772684501788819
0.0760543313614896 0.0330831996596081 0.0340226091023886 -0.050905141371966
0.0768237588234638 -0.0053315284018125 0.0349360348052158 -0.0305135255118184
0.0759047732380536 -0.0273739228255385 0.047696449977316 -0.0216883161086378
0.0799078349428495 -0.0329671697074273 0.0703965972340403 -0.00586465588501118
0.0769270856116037 -0.00321534917322529 0.0782425347304042 0.0261650762967755
0.0770494046779126 0.0349971012900571 0.0487516977409268 0.0713719411383205
0.0282982989767968 0.0938692864831487 -0.00525364230423252 0.0835194986806269
-0.0516833571262875 0.102592893308623 -0.0500534279655385 0.0435375793586223
-0.109125716566411 0.0226241522903127 -0.0322812196335411 -0.0126998758320955
-0.105033371569017 -0.0516095735502964 0.0767678503823572 0.0309362763109639
-0.0219817598936891 -0.0542629127071718 0.138593889679858 0.0273723616148815
-0.0646030349607769 -0.0484697746373376 0.135112041305011 0.0846520412426319
-0.0845640812964519 0.018494701902664 0.145761276264832 0.0611636260226489
-0.0454060531886974 0.0645862765410339 0.134706752142865 -0.00448916386877279
0.0222129452512338 0.061556624413833 0.0860372631503476 -0.0490105016436952
0.0473060876542984 0.0223301109030869 0.0574803610930278 -0.0395436350462287
0.047336286494048 -0.00298511578127471 0.0597618685976167 -0.0326302722685079
0.0491761925564267 -0.0169550350791933 0.069064520694668 -0.0300959545690759
0.0542897332242948 -0.0218179349140733 0.0936273663046755 -0.013055340242682
0.0567853102470796 -0.00166505712537209 0.0990595927897419 0.0268632787479455
0.0574196922626797 0.0275667285905562 0.065443545228602 0.0798959598331666
0.0144832177353457 0.0712307874621891 0.00316887328965879 0.0917929601456316
-0.0499791968176141 0.0696168606857271 -0.0464442268109687 0.0520180884388505
-0.0842219950742463 -0.00451344915711387 -0.019830224129871 -0.00965081260358869
-0.0519835476422256 -0.0630716707878426 0.101465915226112 0.0446032742006161
0.00863188211667362 0.0468426461460912 -0.124175595501128 -0.00913712833561682
0.0446352278185568 0.00099236918644456 -0.00203795157155861 0.0150467758316376
0.0282103480758374 -0.0308052211116177 0.0371041325397366 -0.068584391696933
-0.0137295972595403 -0.031847085111103 -0.0286204784965376 -0.101969902401102
-0.0277943858249801 -0.0032077014985091 -0.0961094235646896 -0.0718955195923126
-0.0131778380082868 0.00735570504691845 -0.12185979448479 -0.00778985050039692
-0.0116697444972383 0.00411337275909919 -0.0991572827641095 0.0453349687546019
-0.0126086787070186 0.00245447352760924 -0.0657019774393423 0.0622365065799212
-0.00855694998207389 -0.000504151253171392 -0.0542311991377324 0.0543666104360276
-0.00413262190625116 -0.00451682391251686 -0.0568428525834499 0.0537992629868336
0.00387477636211342 -0.0133568615543897 -0.06951125168488 0.0594502664950309
0.0239412897851372 -0.0145340523401644 -0.101073162779896 0.0385790356225785
0.0402401415189852 0.0179642269667828 -0.125278309104547 -0.00548697170147673
0.0144445695759826 0.048615782811667 -0.130787759197807 -0.0101401220684537
-0.0253107628481965 0.0581699397280202 -0.129967781297838 0.0272872030999541
-0.0526987015782735 0.0565857923449839 -0.108832362266842 -0.0208705278888789
-5.00078395635603E-05 0.0379001037310436 0.0142911370419305 0.0138426430909553
0.0181806450728804 0.0240615640280418 0.0588748237072361 -0.082211439890027
0.0106931098153258 0.00790063370130874 -0.0183346047094111 -0.124465723702135
0.0104661513989289 0.00482432680018373 -0.101752799026511 -0.089187313542966
0.0169562064711945 -0.00145173138363758 -0.126782858046435 -0.0144410103807531
0.017524607609679 -0.0139952861558425 -0.102094269892852 0.0423431285693881
0.0156638892121578 -0.0206112723925057 -0.0651189426495319 0.0614965796736778
0.0229671780216622 -0.0205266421841287 -0.0505840319125798 0.0544632846178249
0.0291078675933447 -0.00575984838851454 -0.0481749255890929 0.0536716927392162
0.0372660648177619 0.00648503272017612 -0.0592637843229506 0.0617183077043451
0.0349372835242705 0.0328095446834127 -0.0877233780632432 0.0488403062868139
0.0171787681214334 0.0663648540947851 -0.112921264191052 0.00681795835300106
-0.03435146462116 0.0699115457074196 -0.11886663084885 0.00384912224437992
-0.0861166042965991 0.0592337508960464 -0.11355617244428 0.0301248827713632
-0.109760229164062 0.054759051446073 -0.0755990741904402 -0.0311785596522635
-0.0532226431816411 0.0674380013644596 0.042525348275239 0.0147890460692962
-0.00238229152815934 0.0820195513558217 0.09215661317006 -0.0906185091662793
0.031725029031092 0.0562976207894386 0.00613283495977768 -0.144845032402341
0.050858614290077 0.0200687560260283 -0.0946120050313873 -0.108982991643163
0.0490622205244397 -0.00682029097569549 -0.119256293853803 -0.026218505051382
0.0461892411752863 -0.0293884108491084 -0.0938608983426854 0.0300189808785231
0.0416582744275785 -0.0412639802698033 -0.0551084266079085 0.0506826427932344
0.0493336071271606 -0.0402815038730169 -0.0358886689993741 0.0468019101288681
0.0556879448023019 -0.0119741054599573 -0.0277016081500887 0.0497100347798882
0.0668587318816067 0.0143659989309074 -0.0379569721176823 0.0653433355493769
0.0534071880449859 0.0647763042434549 -0.0673001603454764 0.0628520778373921
0.00973721348994495 0.104671246610745 -0.0971336068643475 0.0231082303693685
-0.0658392051953863 0.0905049123908715 -0.101773002542031 0.0141654728455958
-0.130455279668103 0.0588435897913446 -0.0806120732829725 0.0309208223970882
-0.150239112951415 0.0404042562691785 -0.0268814409782177 -0.0366781929746657
-0.106353372420238 0.079579130281789 0.0789026912221395 0.0199514490228963
-0.034362988138055 0.128799369161888 0.130418015442563 -0.0863050504537062
0.0397507488150949 0.10579976279092 0.0422511945632503 -0.153119518820292
0.0848278626064738 0.041400083423744 -0.0715282436460851 -0.124849608828238
0.0772836850378497 -0.00705200249516842 -0.0979511257029954 -0.0395881320257407
0.0701488222585749 -0.0390362231597736 -0.0742919447809764 0.0133672505090759
0.0613521334677309 -0.0559065712656923 -0.0362147547453013 0.0328301309830164
0.0663723633364295 -0.0565304229498081 -0.0128753646994693 0.0325633649106761
0.0729862783486313 -0.0212613474892026 -0.000475687784373181 0.039824561957152
0.0867247470400147 0.0128361792831643 -0.0106635676434166 0.0652489894886305
0.0698380846534416 0.0808369618523662 -0.0428414872694829 0.0726380445956364
0.00991548291290768 0.127012651347737 -0.0791938294064448 0.0369319062538274
-0.0823517113672016 0.102154902293673 -0.0831841502176856 0.0166136332442927
-0.154663096890448 0.0524606926933205 -0.0395348122649555 0.0259987429716568
-0.164641240211608 0.0170946099200692 0.0292699003850842 -0.0357077248541414
-0.143884278787282 0.0676132810060782 0.113820000529103 0.0284213313482772
-0.0706912648424051 0.147812513590944 0.16204510517366 -0.0664049415258049
0.0297961630306612 0.140780969722054 0.0819418849860657 -0.141689842166757
0.100801225785546 0.0636269213441679 -0.034341257996233 -0.127862065593901
0.0943138822307995 -0.00294658782722704 -0.064489471886744 -0.050324742208543
0.0836594964307113 -0.0416484691561943 -0.0449559820277834 -0.00560823080673064
0.0711260930496705 -0.0620856021250728 -0.0118239149394385 0.0108300400820395
0.0743092623314275 -0.0653259559170928 0.0131993435931136 0.0131511509396405
0.0800892673235027 -0.0284077608396243 0.0278167446835177 0.0265438239305982
0.0946002117149228 0.00938235046013205 0.0173951112642933 0.0605358116604855
0.0751310916465511 0.0857229723484517 -0.0176166708550308 0.0763128574833404
0.00616618195264949 0.133591231235114 -0.0603713840359875 0.045594942941235
-0.0905417026042683 0.0987234383901527 -0.0649467945977699 0.0118249614832131
-0.158081967200473 0.0369995660289339 0.00427048297715556 0.0176351622346761
-0.147358298102677 -0.00785808312341448 0.0823576788048494 -0.0296006279936328
-0.151256659741977 0.0390266548401776 0.14157113850029 0.0364987293783384
-0.0959545252828675 0.133364430892469 0.176135069858652 -0.037508397208787
0.00842696497130667 0.146678662412074 0.110276850101678 -0.112496395591121
0.0955883823090514 0.075165870296351 0.00525692323790042 -0.115438620412316
0.0950678859449645 0.00188675190155473 -0.0242815697704346 -0.0549135226751914
0.0837601883917018 -0.0377923702661837 -0.0114358531623098 -0.0237555560995882
0.0707101056599442 -0.0593806506684337 0.0136552466209092 -0.0124775009126902
0.0721813030542811 -0.0645332036991666 0.0389042350920571 -0.00776105070031448
0.0778335935264598 -0.0302268382343331 0.0548563571019119 0.0123164670301071
0.0916845371705556 0.0073772827238833 0.0436865597645031 0.0536510183291682
0.0691536059521811 0.0842477047809654 0.00410596845905109 0.0758234262286863
-0.00326406667757593 0.126655887598948 -0.044047491729579 0.0501519394701502
-0.0941754471634665 0.0819672141055533 -0.0483388912034891 0.00506717046585793
-0.143675344464484 0.0127422994892448 0.0443535257012518 0.0100981409264366
-0.1026500389309 -0.0294899514584191 0.120598391026952 -0.0205173284399689
-0.12606083797882 0.00605521506104283 0.155454903896178 0.0414251949000875
-0.095711248365458 0.0948133893989992 0.171651596070408 -0.0101247465116536
-0.00909728080766909 0.121719595324043 0.122560962341454 -0.0781097500415876
0.0733090992479518 0.0693567749892603 0.0389385765963457 -0.0933641988014876
0.0786505236038936 0.00433721443852841 0.011922457510975 -0.0545631903374679
0.0688058535043625 -0.0299873972550853 0.0193480549307371 -0.0382144038879846
0.0590917254165741 -0.0484470620604854 0.0360457466921214 -0.0328105768750855
0.0607062532950565 -0.0544875882961422 0.0621324039850057 -0.0263620381273225
0.0678492745571209 -0.0273630463196515 0.0786243971605701 0.0011081308590516
0.0800523082483953 0.00688329575093596 0.0660734247364432 0.0506573799537922
0.0549596479230599 0.0760208254408159 0.0205723468680196 0.0768118870553328
-0.0141810084359324 0.108089016237089 -0.0316727728029854 0.0545813749924829
-0.0907993988164263 0.0549715819261716 -0.0325045414832893 0.000942228223157225
-0.113035900587912 -0.0155426874519184 0.0785813273613509 0.00856590467103575
-0.0384780981241365 -0.0431260485289611 0.137569811931705 -0.0146804953301155
-0.0744752603589007 -0.0225822995319982 0.154106632117126 0.0360270998530365
-0.0685868875951165 0.044542544857272 0.153449366076359 0.00518503702407267
-0.0170879991260229 0.0737906045755931 0.120462047368131 -0.0511083491400137
0.041174093730868 0.0465070244643925 0.0598997974031597 -0.0718577114736508
0.0495608661560703 0.00333778268357046 0.0375940903923177 -0.0530951972777948
0.0422114903356428 -0.0184876755595744 0.0414840613947443 -0.0485158456617956
0.0378451404807699 -0.030731238026788 0.0523215235181042 -0.0485895164248364
0.0403520644059086 -0.0371267331185353 0.0802850115221246 -0.0403894864767421
0.0500095313842155 -0.020391609922728 0.0971240335534189 -0.00546017471351437
0.0594964024193486 0.00616024809856626 0.0839476931154646 0.0520747758451759
0.0354388696354893 0.0596435357182247 0.0306608227635346 0.0822327861312278
-0.0227483724960517 0.0775046397076141 -0.025937259363144 0.0617584087922747
-0.0764288986250224 0.0230165162085706 -0.0210096486181798 -0.000310456079620901
-0.0677944733265584 -0.0411064334199454 0.103330332111964 0.0129807054607393
0.00894182988570345 0.0441881762027559 -0.119477852998857 -0.00738998462495845
0.041890536924255 0.000273339763955006 -0.000511311416833122 0.0148506172223862
0.0253425592235826 -0.0306435998685746 0.0364560521948745 -0.0676663023993002
-0.014081792238594 -0.0294357534212807 -0.0289672706085542 -0.0999867756205612
-0.0258618856612507 -0.00143180669257822 -0.095479394711013 -0.0694733303829168
-0.0118673865241998 0.00752885112423297 -0.119508100869087 -0.00558482429321272
-0.0104901151956374 0.00433022857133316 -0.0948508490867568 0.0453662848169404
-0.0116797759745664 0.0028522010108714 -0.0622400583910293 0.0605626597787652
-0.00802673085699244 -0.000569839043405219 -0.0516419439676658 0.0537842406064874
-0.00337672516951002 -0.00408204550823937 -0.0538054707484944 0.0544421788410069
0.00379798298091923 -0.0124008089973904 -0.0659691044114894 0.0593163389245374
0.0220967611070441 -0.0132229908301019 -0.0976609985614314 0.0391135018153709
0.0385001590063696 0.0165045554935902 -0.123198143237334 -0.00424395057830643
0.0139311908338614 0.0461768437837783 -0.127277515652667 -0.0100355863074932
-0.0231644082905854 0.0558736488827911 -0.126386820465688 0.0253377706454904
-0.0499941219164921 0.0544073970987538 -0.104600906323028 -0.018660370824454
-0.000250295429077648 0.0359967902773707 0.0147109711864545 0.0129093576009149
0.0167128131911482 0.0223979394952266 0.0567481237371853 -0.0809372354871871
0.009669016006393 0.00879686386847179 -0.0189332982221669 -0.121279883021295
0.0109717624121037 0.00597842677818209 -0.101035396811127 -0.0850361729294551
0.0173401217728536 -0.00162109222897578 -0.123896697840531 -0.0114034347739777
0.0175501126393028 -0.0140118431211973 -0.0976176939449412 0.0420524782664478
0.0152649239087624 -0.0200435289453184 -0.0608341104291688 0.0601824415004823
0.0227242817140519 -0.0209156884605834 -0.0479567255086199 0.0539965846964402
0.0295478041949848 -0.00541667490787561 -0.0450926454199547 0.0534900830419051
0.0372181667483005 0.00621928562339555 -0.0552595324159217 0.0617681915753374
0.0338367757714843 0.0327242846708902 -0.0842369288872151 0.0493173203696062
0.0167891365746391 0.0636903784226668 -0.110978253083947 0.00859998327155809
-0.0332330298124966 0.0675459909967025 -0.115633834612966 0.0038405179879904
-0.0820992236304131 0.057724151448078 -0.109954037382016 0.0283506253871399
-0.105245279264937 0.0536827552008132 -0.0725988758659458 -0.0284620247848922
-0.0518644225780994 0.0646241710596793 0.0424719858579335 0.0141421586554027
-0.00196502638768933 0.0787599557504316 0.0890743717297572 -0.0893990867159762
0.030402006679034 0.0556454972046815 0.00448677069982798 -0.140783564929046
0.0499817862283729 0.0202000130607344 -0.09405495965652 -0.104362700930608
0.0481888213296249 -0.00680779349211261 -0.116405358015205 -0.023248982876417
0.0450831312939821 -0.0292648196620116 -0.0897185056471894 0.0306705263711693
0.0397910901216134 -0.0406070540898631 -0.0511178946197488 0.0500166309519127
0.0471542850029894 -0.040227624335496 -0.0332464696293078 0.0464266116249665
0.055186231917404 -0.0119080843221853 -0.0253427045217466 0.0492753730612817
0.0655875032050326 0.0135240530636689 -0.034209746529683 0.065370813849962
0.052306044569958 0.0634446253742092 -0.0642570637990427 0.0629427509887049
0.0103819914427161 0.101157814145782 -0.0958203489787662 0.0247518202752727
-0.063333390176197 0.0877827206188663 -0.0993969042774953 0.0142771093083045
-0.125699548643061 0.05833513537744 -0.0783998008898315 0.0293233345022522
-0.144945317032177 0.0406313713717775 -0.0256307624335405 -0.0332835507813341
-0.102986530702558 0.0774254337940662 0.0776025682210327 0.0191334121453254
-0.031889161273022 0.124589076682318 0.125986154620455 -0.0858672141600632
0.039389799039807 0.103535289668273 0.0394507181415665 -0.149002870343362
0.0832213777359608 0.0398819713413496 -0.0721860985631127 -0.119287434755214
0.0755937165315458 -0.00758896166899172 -0.0957931407646911 -0.0365114947846146
0.0680358087662399 -0.0385713944778728 -0.0705321187400046 0.0145981127610784
0.0583610555698063 -0.0551589862194667 -0.0331018661706545 0.0327293097073578
0.0635853759013247 -0.0563664180296405 -0.011321289844798 0.0317070318579877
0.0713817210599103 -0.0208967147655257 0.00124057867975163 0.0392667552743752
0.0845925144792545 0.0120485891494786 -0.00755978043619341 0.0652322431773508
0.0685667813815434 0.0787047104895944 -0.0395721971154381 0.0722625484185914
0.0108119802991155 0.123008489787831 -0.0782086974106972 0.0385216564225369
-0.0793238911432747 0.099374935662245 -0.0812501903036237 0.0164727517129134
-0.149503342853156 0.0523754849505692 -0.0384481600893133 0.024660890211871
-0.159446034320269 0.0186716699196764 0.0284131254807807 -0.0327441554227441
-0.139004208682619 0.0668590444061709 0.111969418841061 0.0268017411393794
-0.0664787809874935 0.144105275518186 0.157302816456615 -0.0672755149814344
0.0298983741847011 0.13669290019587 0.0780872730242192 -0.1386092108624
0.0993920531920114 0.0607160824643592 -0.036395251067582 -0.123299253920275
0.0917016058033143 -0.00384033400016193 -0.0627219160512772 -0.0474906409264457
0.0808437413779453 -0.0408006556516421 -0.0422244178920153 -0.00450495846220171
0.0678860583543618 -0.0619156837814624 -0.0102365142555789 0.0108395751715071
0.0703689089086435 -0.0647827348993079 0.0137794557720711 0.0126454208952919
0.0777407047761684 -0.0280690183692967 0.0288206768347902 0.0258776888227948
0.0920884292944667 0.0082384336761323 0.0200075393556942 0.0598421789435406
0.0739466401651733 0.0829941200111187 -0.0154637313137049 0.07577504936748
0.00842178976840932 0.129274187240872 -0.0595185607467395 0.046575840146911
-0.0866404381996808 0.0968281543925527 -0.0639429211706851 0.0129405324412342
-0.153620327701499 0.0376327930094101 0.0037068159815069 0.0162917100938667
-0.143228238001669 -0.00578741124690332 0.0796455700482523 -0.02681509531117
-0.146584635421955 0.0394335383892538 0.138440943198893 0.0349293259733487
-0.0908549164530335 0.130407068494862 0.171459720720899 -0.039611176044296
0.010425710130598 0.143203297030251 0.106285819749582 -0.111342033791145
0.0938890795205422 0.0713846188357298 0.00277235992291283 -0.111373645524094
0.0923191809305014 0.000229786378765827 -0.0245532704280497 -0.0524561334276574
0.0803496800953705 -0.0373137706394696 -0.0108531196144003 -0.0227706333585604
0.0669254733945364 -0.0590502920651961 0.0135599758815505 -0.0117576497442133
0.0680214682231854 -0.0641416523904806 0.0377098637000926 -0.0083268176799864
0.0751399241512606 -0.0300557402892607 0.0542232286188516 0.0110607794134747
0.0888862502529584 0.0057476534506587 0.0453253847965568 0.0528414312302231
0.0681817690331792 0.0813613368928654 0.00591787766293311 0.0751662035212825
-0.000677293633581619 0.122333036575079 -0.0434466939615897 0.051243473520704
-0.0902252769902694 0.0807660987888503 -0.0470692530903124 0.00676665592961898
-0.139890838459662 0.0143649105961073 0.0426993197165251 0.00911623098601978
-0.100217662458358 -0.0269031222345328 0.117042704171984 -0.018566977917545
-0.122629843238824 0.00669036270730221 0.151732238787396 0.039518030487634
-0.0910027706118402 0.092957080705155 0.167067102592923 -0.0123180196477223
-0.00612532670327719 0.11914371158779 0.118724107628001 -0.078008568250578
0.0721869666320478 0.0654222432877987 0.0355584452127995 -0.0903749026942559
0.0760990036856013 0.00246381325986607 0.0107245083750391 -0.052605067551514
0.0659517571539166 -0.0298403929059769 0.0184282695617491 -0.0372729723255538
0.0558439023374963 -0.048679022850599 0.034379727185694 -0.0318885149770942
0.0566008845004308 -0.0538146634824619 0.0600488700155689 -0.0267025618103956
0.0651687467811311 -0.0276579896028202 0.0769978958104903 -0.000373179531752638
0.0771841685594093 0.00510405922941027 0.0668762518485354 0.0490472986069722
0.054191688218146 0.0727232099307235 0.0214220587406301 0.0759641757543084
-0.0115207827528347 0.104479175219207 -0.03106179783089 0.0551010898312777
-0.0867457712369875 0.0546563255094264 -0.0323610278927755 0.00210984698166159
-0.110225677223591 -0.0132554309572167 0.0760466368993266 0.00702466591634869
-0.0382429024950881 -0.0405613809454137 0.133221134919759 -0.0130967551805274
-0.0723694027957118 -0.0203929345742002 0.150867020357428 0.0347337677907111
-0.0647055026621126 0.0444161696952768 0.150128844939079 0.00305589726103781
-0.014553853521745 0.0716132700875743 0.11648170722753 -0.0518421730339283
0.0408360426691948 0.0433030031295632 0.0564063675403805 -0.070751901207642
0.0473370995449741 0.00159995897504526 0.0357141541097127 -0.0515958737112443
0.0399332721699628 -0.0186641903606782 0.0394892687594035 -0.0478275897396328
0.0355835655640692 -0.0307656928782546 0.049686455220331 -0.0480013209787335
0.0375338266420559 -0.0364831624896794 0.0764690997160749 -0.0405763490968863
0.0474779211417489 -0.0208939708980055 0.094524043723947 -0.00714188898232598
0.0569619639609606 0.00449064151585033 0.0836501396643465 0.0499337716840853
0.0353888209601608 0.0569114761616578 0.0309311732232362 0.0803076608957028
-0.0197637645104499 0.0745550707548226 -0.0250043767831022 0.0614317088024301
-0.0728788100472037 0.0235835105256152 -0.0208304591149528 0.000642688972544014
-0.0665914353591723 -0.0381376954147713 0.100256385594516 0.0110398028785932
0.00926973655112103 0.0426115411313822 -0.117687660729468 -0.00599997280963116
0.0402138988010004 -0.000863850652841889 0.00103225399702954 0.0149281078724522
0.0229950899813856 -0.0295195200605454 0.0362309716623239 -0.0683568610898133
-0.0146880570030686 -0.0276221189722204 -0.0303584530776839 -0.0989269251124712
-0.0242056407823206 1.51816679286182E-05 -0.0962521844547803 -0.0675618150537799
-0.0110889974017332 0.00771723185134979 -0.118273592760571 -0.00330030603522337
-0.00990418693937472 0.0041183363299664 -0.0927080708508577 0.0463714486835315
-0.0106064005009028 0.00310744327993982 -0.0589710333629076 0.0602553647524518
-0.00720995248856501 -0.000955610826659837 -0.050054416169604 0.0543528025897566
-0.00252982023830103 -0.00398101045885796 -0.0519982674526333 0.0550684670514282
0.00418349952497261 -0.0116599368844612 -0.0633926350681392 0.0598258653715456
0.0207716237572744 -0.0125642422472979 -0.0955837665332519 0.0410781880613658
0.0369924134198989 0.0153135705144044 -0.122799110691614 -0.0022555321473945
0.0138783274413274 0.0443410024683009 -0.126701829881594 -0.010230540477447
-0.0214599963857052 0.0544047654460957 -0.12530220224854 0.0238887958680708
-0.0484668053216174 0.0535714303952966 -0.102897371306246 -0.0170821174470553
-0.00114802096825662 0.0351811158370864 0.0162667560187054 0.0125907539257688
0.0152079557240746 0.0222453748961689 0.0559469628925531 -0.0816017586677538
0.00957755847019977 0.0102798520525465 -0.0203056046908851 -0.120520652055929
0.0120534816432937 0.00687334694641918 -0.10172793516971 -0.0827437876607026
0.0178304843588077 -0.00148514666129873 -0.122802883169637 -0.00933623910224687
0.0179076621439543 -0.0139612497770629 -0.0949192306043795 0.0431961222692061
0.0154988472858784 -0.0200556351077828 -0.0579882438735034 0.0597031923923245
0.0223064475296118 -0.0207808779554431 -0.0459313007627101 0.0544138085976503
0.030193400022607 -0.00582680349245757 -0.043215063410506 0.0542213771932446
0.0370952043104619 0.00615909587699651 -0.0529463019465116 0.0625363528449473
0.0333746144911464 0.0332840563831722 -0.082082804531987 0.0510400781547769
0.0165847043500515 0.062550982124236 -0.110950991882249 0.010516511588904
-0.0326161088147223 0.0662109951013627 -0.115062526211375 0.00368421863671417
-0.080033874309256 0.0574881108603374 -0.109119962861217 0.0273227039350986
-0.102981921972456 0.0536115419457853 -0.0709485332169442 -0.0264066068134426
-0.0511500746843465 0.0638603197127558 0.0432533279173413 0.0135196251528458
-0.00206928757596654 0.0774324926574656 0.0875917521965086 -0.090552563433315
0.030488831267522 0.0559353668949279 0.00269603124637978 -0.139484031399285
0.050320250029809 0.0199479972065709 -0.0950679910990069 -0.101053170574264
0.0478833600358899 -0.00732749146037642 -0.115327827275149 -0.0206199240281249
0.0447671968263645 -0.0292979926208855 -0.0870150951180161 0.0322297761820493
0.03916158419021 -0.0410262229848765 -0.0481320747228901 0.0500774881448784
0.0460765702547176 -0.0409705712082406 -0.031502974370423 0.0467036980729804
0.0551081303727154 -0.0122372375863803 -0.0232204606641576 0.0498493304038248
0.0655410427226431 0.0128074867687883 -0.0314002697588732 0.0663405769789335
0.0522552939936272 0.063336386418473 -0.0622878017674063 0.0645490708502807
0.0111786036929012 0.0996357386078161 -0.0960838892750391 0.0272760520417423
-0.0626269618055239 0.0869992213519123 -0.0988733323347575 0.014748732191232
-0.123433340134398 0.0586738381249354 -0.0778245255077421 0.0287932982097415
-0.142539307934919 0.0412374700137351 -0.0250345435635242 -0.0315216596171676
-0.101627868250073 0.0769822242476748 0.0779045076848303 0.0176719434287568
-0.030250416895815 0.122834993955569 0.123923039020333 -0.0869169233711316
0.0393535112534496 0.10318139276597 0.0375739722283526 -0.148338706939049
0.08286149569232 0.0385752347708357 -0.0737240101424441 -0.116400270509155
0.0749617843791329 -0.00849216573391192 -0.094871048122915 -0.034131444918153
0.0669859087537717 -0.0384877203990571 -0.0680794406304855 0.0153900158514842
0.0567461071700662 -0.0557528878117494 -0.0307575224586947 0.0325060553953508
0.0614248719558106 -0.0572187942343236 -0.00954747065763132 0.0321755326828849
0.0712283263005093 -0.0218741516357031 0.00280178380840357 0.0394084355456139
0.0839444080616649 0.010566136337346 -0.00440489178759906 0.0657427852508799
0.0684530564553859 0.0778140999768001 -0.0374048853524234 0.0739557050344715
0.0123883834221775 0.121716186449194 -0.078458831070927 0.0408697939177411
-0.0775234453319272 0.0991598395799686 -0.080811306085669 0.017443130185568
-0.147239158501613 0.0538911841745619 -0.0383466641640252 0.0236457534902398
-0.157085448287192 0.0204794555794745 0.0286840669896153 -0.0306073495657207
-0.137617033606625 0.066717679699818 0.111831560183844 0.0254913903506726
-0.0642395591224333 0.142214385887311 0.154850893988879 -0.0682391095755935
0.0311435508156672 0.136296500065789 0.0757558604662317 -0.138711803492729
0.0991111808622937 0.0583052675844084 -0.0385570668550821 -0.120519925034337
0.0909140057286462 -0.00558115726397981 -0.0628324878898569 -0.045471952668326
0.0798434578906739 -0.0414096624133884 -0.0411301250550706 -0.00404629836692944
0.0656203560064913 -0.0623514744121576 -0.00876409471974839 0.011051436066031
0.0676406022111025 -0.0656339704153026 0.0146222135190221 0.0123157458998605
0.0769622880992831 -0.028677337375416 0.0299103454822467 0.0253653364511907
0.0907433706907633 0.00701031827594602 0.0230083607550875 0.0600040277487075
0.0742675777524508 0.08167016207616 -0.0128514095662719 0.0767271150034983
0.00978907550983655 0.127650394221676 -0.0596313908108066 0.0490253172910528
-0.0850022165150356 0.0963750723548038 -0.0629241607349311 0.014078329253395
-0.15141413127652 0.0395083077004021 0.0032598082567105 0.015560434958877
-0.141556262359768 -0.0035523459320255 0.0792048253205338 -0.0252791018907829
-0.14546307615505 0.040509115877405 0.138148055709594 0.0340360152714573
-0.0872877193821352 0.129494460909809 0.169372975248361 -0.0413827534194408
0.0125680606248369 0.142147995552506 0.104328269773567 -0.111717365984779
0.0942628398879543 0.0683269708911625 0.00025788712610815 -0.109385371804172
0.0912818224257448 -0.00159100681017279 -0.0246588694729111 -0.0512944819795744
0.0787508039838692 -0.0384290106927447 -0.0101622629911559 -0.0221211911505368
0.0646904713901475 -0.0598400645660941 0.0139586275716317 -0.0119057816451344
0.0647242553975408 -0.0644105509327812 0.0379101142654296 -0.0087437723143614
0.074004676689541 -0.0310322743798626 0.055087864390853 0.00969814069662694
0.0873159182542214 0.00425435535497861 0.0473048543159561 0.0523486334257547
0.0684598262196423 0.0794538507240087 0.00774653682791306 0.0762541276872853
0.00172744073081377 0.120556417305396 -0.0433900605415378 0.0533085497306429
-0.0878278665436096 0.0804628426658983 -0.0471997670083298 0.00814674126074506
-0.138210788892053 0.0168132856680298 0.041898939357023 0.00793601024400756
-0.0992358860097699 -0.0247556478725123 0.115881115896265 -0.0174101502208947
-0.121534300078407 0.00854058673075967 0.151555928714454 0.0387418940771927
-0.0875053716607713 0.0931767445097923 0.165261670466522 -0.0145284878643128
-0.0047528667114885 0.117994835461061 0.116472350005874 -0.0791245948651934
0.0727654723603804 0.0625466951730221 0.0326963487269869 -0.0896002705272803
0.0749375036156239 0.000778839362269356 0.010296116430747 -0.0520898754547066
0.0640503206720854 -0.0307655237704282 0.017779848903597 -0.0371424409972633
0.0536777230803022 -0.0490067162211715 0.0338677960748912 -0.0319486351494593
0.0536693559301417 -0.0545920593131471 0.0591060561152846 -0.0275007255918431
0.063321185336739 -0.0281449510865939 0.0769605856273803 -0.00193251180850248
0.07563556639462 0.00353210351560879 0.0682856568295794 0.0479779036069306
0.0548027435532157 0.0714932975716823 0.0230784262184762 0.0757754759492867
-0.00900589417219467 0.10290244060883 -0.031410434786628 0.0566469919715542
-0.0843299141257073 0.0553499459324134 -0.0320514714213114 0.00362799785577061
-0.109933173489312 -0.010626915185201 0.0749420973337472 0.00557730758924511
-0.0382412631127568 -0.0387630518644198 0.131790348305614 -0.0119598392129171
-0.0724595952789463 -0.0188269015207256 0.150603829565243 0.0342853739092552
-0.0621146229842733 0.0445342920510001 0.148829449458536 0.000162478974388155
-0.012506143836543 0.0708480253268596 0.114497819173469 -0.0536501968916663
0.041122961411326 0.0409899999120672 0.0540120546837864 -0.0709831455993331
0.0457863608358565 1.65184504640941E-05 0.0348744324994638 -0.0511804485741855
0.0380123272949567 -0.019269215176315 0.038300142394063 -0.0481437885390449
0.0336355821740913 -0.0310365147649935 0.0478886144310794 -0.047554083557711
0.034802717183358 -0.0364603890854695 0.0749194689668952 -0.0414990292378456
0.0456493496292904 -0.0217852598794625 0.0936333236999867 -0.00920864786618488
0.0555131912235789 0.00306728883439253 0.0844948707983931 0.0485304521004163
0.0358101757554606 0.0555878004619049 0.0326150204737799 0.0802290089116968
-0.0173858333921066 0.0737107739881516 -0.0248338539499655 0.0623498306616328
-0.0708430124544264 0.0246261571144821 -0.0209352759759471 0.00188128009473202
-0.0669927406384031 -0.0358960617664743 0.0989563069793012 0.00904097314239774
0.0105985467389148 0.0404006728152259 -0.11678394844125 -0.00163345007692781
0.0390747115065852 -0.00254162498411014 0.00230721721233333 0.0143440105281282
0.020456867142556 -0.0295331443161631 0.0351193358815443 -0.070138266913601
-0.0157158255577993 -0.0255424455018141 -0.033582718352742 -0.098463558073955
-0.0227536896927734 0.00209964421817087 -0.0991545254064581 -0.064228607358618
-0.0100017196353686 0.0075853773001387 -0.11925931675529 0.00147317727492193
-0.00902531186377764 0.00416920108759277 -0.0901782334413239 0.0489556921389199
-0.00974290379135237 0.0038460051593772 -0.0564288314755606 0.0613032614666115
-0.00663877724599754 -0.000542931043433553 -0.047743864820323 0.0568179112290774
-0.00220316492090322 -0.00417940879873111 -0.0497019762969879 0.0570532101495089
0.00425538809757929 -0.011001888475569 -0.0604155443260769 0.0621244165661989
0.0197876087222496 -0.0119865313313018 -0.093644253087749 0.0448503088902258
0.0363563751800601 0.0136727302877767 -0.123471980400554 0.00187676740643055
0.0148786147163064 0.043084463078717 -0.126627018703911 -0.00797159455703985
-0.0188854375695536 0.0541168746452239 -0.124711749665734 0.0256696194088697
-0.0469246330303159 0.0533407615424416 -0.102262136912931 -0.012737089689185
-0.00105054239217082 0.0341595964182379 0.017486117520886 0.0115792157963711
0.0148900060591538 0.0219597657038953 0.0538422605230367 -0.0838811267959294
0.00927433524235421 0.0112311423760358 -0.0240097952878538 -0.119473748814273
0.0131858160460932 0.00773442789570729 -0.104977253281407 -0.0789891707948515
0.0184978465501379 -0.00140159473658928 -0.122676508136241 -0.00465739052879137
0.0182186752044538 -0.0149729465550866 -0.0925606961752352 0.0460933671792907
0.0146605522730487 -0.0204771495483997 -0.0545485062439254 0.0612568141098003
0.0215892905043295 -0.0220488625891344 -0.0429198674044925 0.0566643220906664
0.030250438483811 -0.00653764476346174 -0.0404195922174984 0.0565000808789274
0.037697490914627 0.00550690291280548 -0.0492079556425843 0.064593139492569
0.03389113657017 0.0335648878290265 -0.0795389415917663 0.0542533268731183
0.0178914425131838 0.0614797041008556 -0.111879404666111 0.0145179037799859
-0.0310588304017375 0.0664721208331056 -0.114786620707437 0.00578631639312105
-0.0773415124589575 0.0587319872625444 -0.10828345434893 0.0289773427674416
-0.100741015112351 0.0557100073730383 -0.0701585266235341 -0.0236906809889071
-0.0502052438652505 0.0645048448153831 0.04500472935021 0.011592991626112
-0.00045353174590871 0.0769976822417131 0.0850018589656758 -0.0933309039756022
0.0319262415674887 0.0562526923897863 -0.00151106791135476 -0.139647522026801
0.0515561650417009 0.018846349692305 -0.0990078272001005 -0.0973428132633813
0.0481485448715012 -0.00850192274179109 -0.115862496765086 -0.0163642267806991
0.0445579574905791 -0.030924585887651 -0.0845315648006131 0.034879378762278
0.0374657876785964 -0.0423996037774922 -0.0447980444814015 0.0505822590409456
0.0440995232715811 -0.0423717602545857 -0.0285433083796777 0.0483738075006268
0.0556287967370774 -0.0142111395073819 -0.0202867731574467 0.0510355518660784
0.0658590090748821 0.0108999461439173 -0.0272782821679389 0.0678940426116893
0.0539712007320863 0.0624701663396695 -0.0588822480769312 0.0676328589631646
0.0138441823596789 0.0988462162179796 -0.0960018230793436 0.0316153428575856
-0.0598010581466318 0.0886055228580118 -0.0984092652368329 0.0167708606529278
-0.120587558007517 0.0620571550392857 -0.077212951720637 0.0294951868169478
-0.140047227716228 0.0455084474905261 -0.0246948638768433 -0.0293713010443321
-0.0993080791696927 0.0787572882225265 0.0792162347551221 0.0157310234430063
-0.0268299515339597 0.122279115763293 0.121289918047517 -0.0907472403538878
0.0425158911281393 0.102601659135032 0.0332552497119431 -0.149617591448174
0.0845240290696507 0.0358929324147195 -0.0780956863591107 -0.112447709156028
0.0750808975719596 -0.0105090581781356 -0.095439004747434 -0.0307191491575308
0.0664010021640791 -0.0410931173437643 -0.0667686002232621 0.0178007244133912
0.054003444701471 -0.0575548220345184 -0.0275375245155379 0.0330001702890222
0.0587084087198512 -0.0594278997919169 -0.00780487534462967 0.0326484071335447
0.0708222814925664 -0.0237923441153448 0.005203961268163 0.0397058461687577
0.0840831475200272 0.0081802838122408 -0.000418487843101747 0.0661723501141236
0.0711423118348141 0.0766197113327124 -0.0338767264215159 0.0761532326870356
0.0157304290776701 0.120588641204965 -0.0776459354989019 0.0450050485463493
-0.0748948166034509 0.100750488740942 -0.0802067755726693 0.0203037951238908
-0.144299320869645 0.0579747309451932 -0.0377134798051553 0.0237502576516172
-0.155185291587879 0.0251031254492658 0.0286347377363708 -0.0300782033816
-0.135521066693011 0.0703162503438965 0.113185173072082 0.0226514084327885
-0.0593347334260981 0.142933356819226 0.15232814591953 -0.0732691048656027
0.0350700066301263 0.135185602417937 0.0713172831693074 -0.140763259355696
0.100790026726399 0.0545238383644375 -0.0434641343434723 -0.117896341230309
0.0906108263255141 -0.00837307833461374 -0.063632982876327 -0.0426098906263628
0.0783149590439288 -0.0438971057987759 -0.0403217072312245 -0.00220972521537915
0.0623408649191533 -0.0649976338482203 -0.00685159175850893 0.0114038198623161
0.0644870988812606 -0.0679397603096077 0.0159290721872746 0.0117961188334962
0.0760711533952814 -0.0310344717841284 0.0316120312918109 0.0243876969771674
0.0907953638556565 0.00389492678092791 0.0269021831251728 0.0592502708416017
0.0767663331093804 0.0799142983113958 -0.0091760349986062 0.0783081606618561
0.0143179017871831 0.126463969207591 -0.0588876483657646 0.0527495127256227
-0.0815207592621317 0.0984932343991746 -0.0627854181753547 0.0162674758695659
-0.149317751826261 0.0443424213644458 0.0028897003328107 0.0145275265445085
-0.14096874210227 0.00103857625966338 0.079295501204089 -0.0254638149695151
-0.144138122947012 0.0444828242739301 0.139921311623798 0.0303860386670157
-0.082501878404443 0.131106684447645 0.167233601946223 -0.0467263951849668
0.0170643733837621 0.141579227110181 0.100393291870385 -0.115281674055882
0.0961516357675155 0.0641508289291724 -0.00410194904659885 -0.107995917998566
0.0901704794752217 -0.00491946573700302 -0.0256720243498045 -0.0493351015552395
0.0774002727959686 -0.040828196840738 -0.0103944573724533 -0.0215150439901211
0.0615614918895342 -0.0623724935242423 0.0145643883811628 -0.011779434781703
0.0613895793412855 -0.066612724573382 0.0380121785738555 -0.0100398364142102
0.0725606271591647 -0.0331612703982809 0.0560376046810823 0.00794817020080227
0.0865385447898553 0.00122569556233636 0.0513868237452892 0.0513701289412774
0.0709325794452962 0.0771833221656668 0.0112465662422148 0.0770341523214111
0.00590707302127874 0.119469546126483 -0.0425354623681433 0.0564409084273407
-0.0844137229150109 0.0830533748017081 -0.046870349332932 0.0097982397838427
-0.13714589852859 0.0217387661896611 0.0412205754810161 0.00634690737346584
-0.0995157721095022 -0.0207495762159624 0.116520242207776 -0.0183784490472235
-0.121068595545997 0.0123528281778716 0.153266250352166 0.035318927674041
-0.0835033099261454 0.0948716801033856 0.164613857892569 -0.0199295277124314
-0.000417731602538921 0.118109054635644 0.113400540098415 -0.0837024150020414
0.0744966087412558 0.058655339295071 0.0291749528140324 -0.0900421602267328
0.0734799230447765 -0.00301619596916098 0.00896641237999335 -0.0513422891876573
0.0623359175558865 -0.032616439370537 0.016568503073127 -0.0374387812098132
0.0502428516550064 -0.0510895946917035 0.0325634701897245 -0.0325610816205285
0.0501525926155324 -0.0562929304782186 0.0580452406468966 -0.0295000126839956
0.0617117801897234 -0.0302401618260895 0.0768491830410499 -0.00517651328242744
0.0741644918094895 0.00075511543845261 0.0713883619538518 0.0456660387110409
0.0570080011474166 0.0697236662914985 0.0265877498635186 0.0763706213973745
-0.0051407766618204 0.102071865498325 -0.0299055633867256 0.0594029599582335
-0.0817356159039989 0.0577696874781092 -0.0317972069500447 0.00499174168227111
-0.109526535481357 -0.00632235926131156 0.0739826852875515 0.0028055431319766
-0.03979060464722 -0.0369988155644353 0.132218265782289 -0.0131045059458027
-0.0731586873590744 -0.0163459504867873 0.152085026371999 0.0307210556336125
-0.0592367490003009 0.0462422502923856 0.148484437822724 -0.00467700314736428
-0.00970681869325467 0.0705738261600325 0.112487306866105 -0.0578483954677307
0.0422208668558473 0.0385238390740719 0.0510181642483352 -0.0725725500058165
0.0444080004925968 -0.00209907557142292 0.0332026918776363 -0.0517810510428503
0.0368147160688961 -0.0201695604301765 0.0364690359667892 -0.0487795099934491
0.0313872367376323 -0.0322113534388475 0.045519709816053 -0.0483520390581711
0.0319712849507268 -0.0373468106053886 0.0730371486071661 -0.0438059966982924
0.0441902761810879 -0.0229868750532903 0.0926619262174525 -0.0128777739765335
0.0545946909909049 0.000591410355802668 0.0871565682747864 0.0451957272250198
0.0377586954573166 0.0540234801583265 0.0360091020999871 0.0803314500781786
-0.0143021030981808 0.0728652926842243 -0.0229698655129623 0.0647370842462515
-0.0686808924986297 0.0270834611037682 -0.0209874964931551 0.00332206963489569
-0.067925116922572 -0.0329966303178868 0.0981845539533836 0.00547876041766836
0.0121638971527403 0.0386788925153065 -0.114433694177566 0.00421511255979845
0.0369679513314568 -0.0048011266736745 0.0040662575284779 0.0131941837826639
0.0176561108170239 -0.0290287194445786 0.032059791874925 -0.0718967293966724
-0.0166961635470293 -0.0232720191600856 -0.0380048721388152 -0.0960564850050557
-0.0214296688334229 0.00367323871914148 -0.101090443584685 -0.0578416018646048
-0.00864851944958488 0.00823785840787936 -0.117560072020987 0.00823930044809284
-0.0080686214447042 0.00410029849133206 -0.0863627921337815 0.0526561966617685
-0.00868425015788637 0.00380985500662396 -0.0520092460306029 0.0624478045030012
-0.00600995508662677 -0.000157590345466157 -0.0437621136543544 0.0584196495745357
-0.00187707835399031 -0.00393340139365728 -0.0450286388499837 0.0589060975955934
0.00357400527311253 -0.0109940048006568 -0.0554034468871599 0.0646221266178217
0.018387166628675 -0.0117632904322719 -0.0890216318020237 0.0493701907188312
0.0354992058448106 0.0112265958072464 -0.122460816318744 0.00784432377309207
0.016196587872262 0.0408807379660876 -0.126108279694195 -0.00337271490170763
-0.015474978263171 0.0527458623067916 -0.122161879464729 0.0292381302122047
-0.0433185554792873 0.0541245573992025 -0.100226458174127 -0.00775693929417889
-0.000993480439515321 0.0332045647823804 0.0189985088436769 0.0103731882963421
0.0145550238853593 0.0215673644538032 0.0499144620273218 -0.0867241542092984
0.0094456854199278 0.0118391095800561 -0.0291722480571268 -0.11656732539856
0.0144483847591869 0.00772789151277072 -0.107653737187676 -0.0722265878032072
0.0189412616603783 -0.00236253719516956 -0.121486442914478 0.00209890734663481
0.0177335853536669 -0.0160123810434656 -0.0882847378222777 0.0502190934675025
0.0143656588725333 -0.0213840133665015 -0.0496102524855078 0.0615661236720783
0.020571811430255 -0.0225148066977736 -0.0386243270902605 0.0583645257376868
0.0305143277779682 -0.00787838430130615 -0.035717262574607 0.0579060364603684
0.0379106721402208 0.00358384237031676 -0.0442946098751869 0.0662681545031376
0.0350901169748806 0.0321392733439358 -0.0750845679823393 0.0582023528262387
0.0197425267741932 0.0592181198997025 -0.110366974342102 0.0208416669307857
-0.0277252393940916 0.0660771170687377 -0.113522469700786 0.0101911467569187
-0.0729206884462967 0.0606811867507378 -0.106090027977919 0.0323162752110195
-0.0961498759767681 0.0589869311644609 -0.0696815612760557 -0.0193192131456413
-0.0473375748915059 0.0648709999369403 0.045096809720115 0.00920107493308204
0.00250003169330592 0.0759207941247714 0.0795545183712735 -0.0963463174947215
0.0336269338536998 0.054909040182198 -0.00767849612683319 -0.137689752604052
0.0520096754119575 0.0162533163349102 -0.102972298326858 -0.089778299594013
0.0482222353302632 -0.010469560119861 -0.114665812364904 -0.00982975158493823
0.0431361406824722 -0.0330536994793278 -0.0810703811503716 0.0383283091690926
0.0348102397543636 -0.0437057002897692 -0.0400452033654687 0.0511237071009868
0.0411429053661251 -0.0442657863577319 -0.0243614700231849 0.0495526597812917
0.0550678896433838 -0.0167644338770889 -0.0163736761794079 0.0516903340437681
0.065448301826313 0.00761630284291349 -0.022395741475723 0.0688084499760812
0.0560826961625492 0.0602647090120801 -0.0536231694379885 0.0704169025278379
0.0180370581532353 0.0965710710952377 -0.0942630694928864 0.0367085743110143
-0.0553754276988901 0.0891433375533293 -0.0966502034951228 0.0206303085482732
-0.115169564952692 0.066147555628026 -0.0753781719739168 0.0314597017660368
-0.13521926532541 0.0508422999793135 -0.0243276875273999 -0.0264960893309917
-0.0951768375936185 0.0818082495450917 0.0792467792681883 0.0113055809530816
-0.0211584440003941 0.120982044227539 0.114863565055958 -0.0957444167560021
0.0462576418894418 0.100283611140206 0.0257313826121805 -0.148862563230927
0.0851525854503949 0.0311691185882942 -0.0827896633635743 -0.105353868224585
0.0733733209634079 -0.0137891062412395 -0.0950151833100635 -0.0246739998226277
0.0638403454558169 -0.0443828268564363 -0.0640678493095675 0.0205485178499905
0.050277871117484 -0.0602097211073398 -0.024461527679054 0.0333437144653288
0.0541401783584615 -0.0614613300438118 -0.00445149418597788 0.0324506560422408
0.0693089861098983 -0.0271103676873529 0.0083302438965714 0.0388248714699213
0.0830530027332864 0.00378482109306161 0.00504086007957385 0.0659064718074001
0.0741074534640168 0.0728679017915752 -0.0285528375022096 0.0782861073535877
0.0212178289155444 0.117514865796084 -0.0750164114521728 0.0500311112270507
-0.0692032823736883 0.102298161174759 -0.0786136247299086 0.0229202696143154
-0.139199012309404 0.0642547348479359 -0.0368745584020382 0.0244259331132929
-0.150862482469137 0.0317912395003552 0.0283911413580636 -0.0295061984177373
-0.130788421189767 0.0749319404365002 0.113347528197629 0.0173702110012986
-0.0515775442384836 0.14252767253168 0.145991115515263 -0.0796805560911466
0.0410921647465731 0.132585237893945 0.0635321750178144 -0.142206799023816
0.101907666521135 0.0481605052785333 -0.0493339179412262 -0.112218154075926
0.088766519397984 -0.0126900416936868 -0.0637687073646004 -0.0386030527405642
0.0750141779465286 -0.047970047386188 -0.0386799398218814 0.00026983222089334
0.0574016039743317 -0.0670379451085172 -0.00474227363231671 0.0113597379866775
0.0586842171934671 -0.0698741275197113 0.0171815969014744 0.0109906591206146
0.0739251285726753 -0.034660339739356 0.0337198717814496 0.0219024140723281
0.089206171618126 -0.000838879141325115 0.0313168437106261 0.0574493544925704
0.0796821438819779 0.075367100503052 -0.00366864502432026 0.0790655965064141
0.0203386404921851 0.123511382475996 -0.0557454692934764 0.0567988078684298
-0.075618833257591 0.1006961150277 -0.0616877694142771 0.0191545720752472
-0.144724398822458 0.0517523912758048 0.00317680871091271 0.0139972303939141
-0.138308902058169 0.00815272233253249 0.0784865888181276 -0.0268513318064148
-0.140725727118425 0.0503509721446593 0.140328218584668 0.0240638076775124
-0.0748655650796056 0.132238439383027 0.162458977371272 -0.0536688402418578
0.0241422542722012 0.139463301769765 0.093236196070878 -0.118973572402448
0.0974449083501293 0.0576984454426617 -0.0102072090523959 -0.105025422520673
0.0878034525411487 -0.00945406672216403 -0.0271819006152885 -0.0473147641159088
0.0740884299508125 -0.0442901270517147 -0.0108444345897321 -0.0200554208471707
0.0562269280030957 -0.0647568725943428 0.0142218908235509 -0.0127354292376658
0.0556001630840962 -0.068430669037411 0.0378181272926132 -0.0121133591085011
0.0699393759765098 -0.0363003227649578 0.0565307823473617 0.00435672971441561
0.0847285572375176 -0.0031545900328398 0.0549366289240478 0.047972471348145
0.0739288803933686 0.0731543299685594 0.0163130017299768 0.0767215984364818
0.0121133342500399 0.116922430247133 -0.039139330581066 0.0595575938709194
-0.0788180208400839 0.0854921217727913 -0.0457056923702756 0.0124668322269535
-0.133768728186452 0.0286373136371181 0.0405249915329528 0.00372606762560961
-0.0991596888912454 -0.0153473723044828 0.114573767105845 -0.0209031275656115
-0.119918670765323 0.0184975348491209 0.153473722069359 0.0283622942921863
-0.0769069854173972 0.097121564816016 0.161077131343243 -0.0280109339246134
0.00571719127857521 0.116359476380315 0.108549799517018 -0.0878947579133876
0.0760497295197929 0.0530550087342282 0.0237567719600503 -0.0890837510554736
0.0712602703957916 -0.00684671024085776 0.0068634002948887 -0.0509804082469799
0.0591165003946675 -0.0352321273628747 0.015111603403118 -0.0375518172306379
0.0461061178809896 -0.0528008701162318 0.0312373201474757 -0.0331436363814643
0.0452442316275392 -0.0569159746360938 0.0555576701588416 -0.0319733917950676
0.0589924976400237 -0.0329210436322243 0.0757336612064369 -0.00961312009235495
0.0724778058803933 -0.00318498738504369 0.0738292471105152 0.0413922927325193
0.0599865491197609 0.0654487916099476 0.0310609391254371 0.0751792136662061
0.000803838799869422 0.099691604458654 -0.0266892097033833 0.0616030793954646
-0.0771482493743475 0.0608242914328341 -0.0315360677545261 0.0076017234920266
-0.108218884814149 0.00024736392428941 0.072541003046364 -0.000837004973802128
-0.0406882853798218 -0.0336843001612678 0.130563797350759 -0.0170598267644258
-0.0732237069466711 -0.0112531268506061 0.152878792065308 0.0242559258772945
-0.0553438009728515 0.0478928162708844 0.146277212849268 -0.0117748124611658
-0.0057119080204875 0.070077913962548 0.107995405292455 -0.0629663480215217
0.0435385823701724 0.0344814426745485 0.0459675693159137 -0.0734714427975651
0.041819614017055 -0.00511719008276017 0.030269509940959 -0.052656386128448
0.0344319118978073 -0.0215905480844228 0.0329733483527034 -0.0494401766870449
0.0286687240022632 -0.0332132071525001 0.0423676520273278 -0.0489027582591158
0.0281091695863858 -0.0377972293797661 0.0690127527531671 -0.0463194000078156
0.0412164139363267 -0.0252639671143273 0.0905571122420131 -0.0176990060003567
0.0531553312083163 -0.00274743011893572 0.0887473140874282 0.0401086080958687
0.0402915879691103 0.0507738230509389 0.0402637314617876 0.0780736020354437
-0.00995658304122594 0.0710795633104979 -0.0199988879034217 0.0662684607735785
-0.06537881633434 0.0293495435145044 -0.0208679567629979 0.00489274688438765
-0.0686145064929074 -0.0276395944117911 0.0964058315524182 0.000362084818872559
0.0151675095234543 0.034913844760358 -0.108059162276247 0.0208793643617075
0.0329605915273897 -0.0102828225345975 0.00591534501048943 0.0127171652431977
0.0106821960856875 -0.0309957787322405 0.0204529158588974 -0.0729343782389731
-0.0207389716869209 -0.0196733431711933 -0.0495196103468904 -0.085882990618795
-0.0212181211125417 0.0072114704345797 -0.106201925471715 -0.0397001227806513
-0.00874352245890283 0.0105468950755413 -0.110352511515076 0.0264354496528552
-0.00725569451426274 0.00654522093908386 -0.0733401983973613 0.0630856345804038
-0.00654575260329026 0.0057950061378007 -0.0402982854046799 0.0654148044250497
-0.00507356119528406 0.00145351861561666 -0.0336316538199315 0.0618724010592537
-0.00103894227413461 -0.00307716689755419 -0.0358343164216298 0.0627720908011261
0.00282279603125684 -0.0102509102712672 -0.0440963699327065 0.068716907990586
0.0165530756517937 -0.0123984829593354 -0.0788825113001606 0.0579751950392796
0.0352894895768465 0.00701482005553733 -0.117923878559791 0.0230859532789233
0.0216186442072243 0.0367508931509598 -0.121734970298893 0.01099966565775
-0.00718684613072043 0.0521539691892282 -0.112646891594068 0.0396549471662292
-0.0341003150746701 0.0587717749770646 -0.0955904159686897 0.00535310847584534
0.00434676409345185 0.0314916360779377 0.0184156234277025 0.00559779048139827
0.0163783990994381 0.0170437313034473 0.0326644711622427 -0.089969940387394
0.00987730176395765 0.00923569859328699 -0.0462642309164383 -0.106664906853248
0.0124815300281037 0.00501572940256813 -0.114670643365707 -0.0503030414668286
0.01537418435707 -0.00348743156481245 -0.114634952214635 0.0219710654170252
0.0140139285640539 -0.0174410684376813 -0.0758466745698524 0.0615490562549358
0.0107371279322609 -0.0213443066331513 -0.0370356193465562 0.0644510388407864
0.0166079737828379 -0.0240498524562885 -0.0283137230545073 0.0612257032887655
0.0296010212089033 -0.0124023794302362 -0.0269533796704864 0.0607986974855126
0.0373657131138489 -0.00154268169304962 -0.0328262576855619 0.0696333850570244
0.039567885313959 0.027723998176866 -0.0647691849929331 0.0643479217812851
0.0274859632892258 0.055058684391748 -0.103743864696537 0.032995237460859
-0.0167969765085524 0.067023087711695 -0.107020564804439 0.0234266606411716
-0.0612018282209309 0.0676034672807729 -0.0958437260250336 0.0423621243315041
-0.082602148451369 0.0717943096341443 -0.0672606540484382 -0.0123377257803779
-0.0335433293136067 0.0690488892752871 0.0429805663169533 -0.00222492384286718
0.0139556573089951 0.0691539772638668 0.0568168134404403 -0.105534987908059
0.040227019324937 0.0456001447184545 -0.0313290056530501 -0.129551396036179
0.0489664868178078 0.00703693285660066 -0.112925975919901 -0.0663736726414389
0.0417555402925944 -0.0153985302865155 -0.109434498396776 0.0103412626796931
0.0362557565737256 -0.0386416048436231 -0.0714521653927948 0.0505195634963647
0.0269899049508255 -0.0453714721635369 -0.0290968058061688 0.0538572754359077
0.0325130758165591 -0.0485280416496041 -0.0158689596053587 0.0505354894659428
0.0515691774805131 -0.0243400187400496 -0.00852552913713684 0.052218515866858
0.0644386107144694 -0.00258725085119996 -0.012046104506975 0.0686920566354512
0.0651510593112805 0.0504692915849775 -0.0436493230353408 0.0735406026167473
0.0316517458519914 0.0901939228511432 -0.0856594470844395 0.0459701305715272
-0.0394604040925246 0.092837598703631 -0.0889240698826754 0.0318130018683324
-0.101320566404686 0.0789306078748697 -0.0658327913916027 0.0393320199604481
-0.12012239148276 0.0702751882435229 -0.0241262653044411 -0.0268680428522456
-0.0748070644668605 0.092353369020342 0.0760946897062399 -0.0068849543309327
0.000346246443807864 0.115342167752444 0.0885250923069775 -0.112164211841724
0.0600642720153622 0.0852676802040241 -0.00390095949943701 -0.145983106085212
0.0828890180059658 0.0151368331565199 -0.0975271058031311 -0.083651859070495
0.0651053786922309 -0.0234857354533858 -0.0931663502116816 -0.00591001859296938
0.0542980092307072 -0.0528414616809418 -0.0586206221115706 0.0315122898314199
0.0385603302801737 -0.0631653847700777 -0.0162875557737452 0.0350652250204445
0.0417927871667264 -0.067278141834373 0.00128340875504874 0.0321925495996996
0.0632115288435853 -0.0368940423664467 0.0136673503710203 0.0374100335235677
0.0806047271726584 -0.00919663658283572 0.0137755566047984 0.0628509731680063
0.0839514902152061 0.0591964924605369 -0.0181125161621155 0.0778004471932244
0.0381543976224645 0.109077765825785 -0.0654170345870637 0.055856248287499
-0.0505887717297643 0.107416187688688 -0.0703182720403917 0.0330022985871159
-0.124311500849159 0.0807742901459384 -0.029403255859046 0.029180540292622
-0.13738372641143 0.0545745637849221 0.0257101607427607 -0.0371451439525851
-0.108887234991546 0.0927721681561518 0.110004610435881 -0.00748106199678346
-0.0244556003568882 0.140876098850029 0.120041296181679 -0.103103260231585
0.0626857754643664 0.116629027088442 0.0313769447639915 -0.146970028231696
0.101386624341959 0.0275773463430728 -0.0673586177858616 -0.0940571909245443
0.0803334673230882 -0.0255815098503534 -0.0663095252279496 -0.0232873607120649
0.0646801965459842 -0.0589486037913857 -0.0384034443881729 0.0081395872715411
0.0444063141713109 -0.0716968266897029 -0.00147793261422671 0.0114872991165193
0.0448863706363379 -0.0764423742636762 0.0188455593264998 0.00850570099961922
0.0657185431855569 -0.0449966357032124 0.0350245602482119 0.017772407937317
0.0847917586302924 -0.0143986443026301 0.0376245040832349 0.0515539332121661
0.0896758974843551 0.0601589905733469 0.00454862923548943 0.075383014930894
0.0384648777368911 0.114413137949862 -0.0456907183836905 0.0602940347427757
-0.0566803568498137 0.106838781214081 -0.0540416606068007 0.0272106107830792
-0.131485307824762 0.0691656543185746 0.00748486524736251 0.015292027534634
-0.128609265377404 0.0299442702377433 0.0739726022510517 -0.0405327240417358
-0.121358612445421 0.0707591710058541 0.137744331160618 -0.00512289662827235
-0.0470238569136653 0.135196720604284 0.140004012661275 -0.082167551254143
0.0476814802847181 0.125357003656236 0.0633934865587957 -0.129778351239723
0.0994057596507509 0.036418863688127 -0.0299883625864898 -0.0934993043649222
0.0796397062533789 -0.022916729709367 -0.0325559529264188 -0.0373309024519775
0.063691808722882 -0.0560796128065838 -0.0148832729914881 -0.0148906649027048
0.0431841325250791 -0.069408004313287 0.0136002930281161 -0.0128222739919422
0.0414802976860155 -0.0743811600239401 0.0352302262757708 -0.016102916888205
0.0612180989478126 -0.0465889614218006 0.0544808610650177 -0.00239828910298809
0.0800290545737493 -0.0163508789739949 0.058887529924384 0.0390987992915427
0.0839025072460027 0.0579927972095803 0.0242519409847072 0.0707733304046591
0.0300445753960868 0.108829255707171 -0.0292018616673705 0.060640996200643
-0.0622533898254488 0.0928805620431409 -0.0398171586030202 0.0195200878364796
-0.124343782210181 0.0455768755634153 0.0407012988528355 0.00192208067274434
-0.0951713200949631 0.000667560261008025 0.108878079043403 -0.0385155985811264
-0.10711579063515 0.0373670772396009 0.152401808514823 -0.00137140747136148
-0.0543697838429442 0.102512591667484 0.144756709335568 -0.0561743235858233
0.0273953326107175 0.106838012995193 0.0835228721531243 -0.103134089713279
0.0791616737187291 0.0349916008326738 0.00516856017174761 -0.0851953532657557
0.0647066794171674 -0.0183439526970079 -0.00109097977489461 -0.0468591877452085
0.0505964608515015 -0.0450267952302219 0.00697837705460605 -0.0354549987536595
0.0352262721043883 -0.0568499217257225 0.0256767323103789 -0.0352463312468349
0.0330743009351977 -0.0619282831614539 0.0492048395708237 -0.0371096970546714
0.0505045089422898 -0.0416695617407565 0.0711816475563901 -0.0184772424403442
0.0679314960637328 -0.0150238544279047 0.0757530432872382 0.0304866355168565
0.0684993527132363 0.0520762017598835 0.0386548779804024 0.0674712984486754
0.0168457957512775 0.0938483009932276 -0.0167831468794512 0.0618861079744395
-0.0635527382266113 0.0690043008232374 -0.0269592839185286 0.0130014198799112
-0.103984040056143 0.0147006468939609 0.069540872189279 -0.00663985229821356
-0.0422196704966803 -0.0267413997740706 0.123710340209362 -0.0345430986548618
-0.067730048164708 0.000720154269330534 0.151446281027957 -0.00279963263757263
-0.0422117524301439 0.052451852471356 0.135454631872327 -0.0367132023540144
0.00894309918355387 0.0648133871544647 0.0889874813720449 -0.0792397587803306
0.0459105273858493 0.0225775799129215 0.029711473574982 -0.0752911596312462
0.0375243293845187 -0.0130254607068709 0.0207762799912913 -0.0532627234672403
0.0286099596335183 -0.0272745943104523 0.0231467086427926 -0.0506843706745373
0.0212667844181583 -0.0359664173746011 0.0333185864534274 -0.0511795301402826
0.0202371935563551 -0.040936134452337 0.0595267893903702 -0.0531067650103554
0.0344152326317366 -0.0317002117799787 0.0841428629052396 -0.0286161287161081
0.0491771938894666 -0.0115217281067657 0.0895894430745081 0.0271476018810975
0.0475694305611221 0.0411150943752589 0.0474303481905476 0.069205877039347
0.00255268945983257 0.0682356059398789 -0.00982924264925904 0.0651291793219769
-0.0565097186372324 0.0374851187776795 -0.0185269760319065 0.0092583000166357
-0.0695811117396511 -0.0178295607782978 0.0914189199919506 -0.00869283749202621
0.0150799420548371 0.0318339087223607 -0.100510393790059 0.0230016472175482
0.029543541474758 -0.010820818096102 0.00580557494358732 0.0120154266994104
0.00894401672257404 -0.0288602957845958 0.0170307479776655 -0.070500825057086
-0.0202928140688132 -0.0166418891123393 -0.0494079828302565 -0.0800055354824173
-0.0181338961339524 0.00750816465669575 -0.101610437283033 -0.0338066013788768
-0.0070765543990579 0.0105140986813635 -0.103258486714038 0.0292580410278333
-0.00616045850887697 0.00618298829888006 -0.0669288201779273 0.0620085429583736
-0.0054682318196103 0.00542333791203218 -0.0358834992064812 0.0622509502734635
-0.00401367140259849 0.00128578356517047 -0.0289629288708379 0.059578647213793
-0.000456513763937699 -0.0031532479545105 -0.0310241360102802 0.0606321988639264
0.0027692556172335 -0.00957850956669302 -0.0384988493559949 0.0657042002788944
0.0149645902411161 -0.0108011447490394 -0.0721510084261418 0.0571513503920481
0.0330294412346471 0.00581125985715834 -0.111491168028646 0.0260271555766716
0.0208514345593582 0.0328015964482299 -0.115593651587755 0.013079233944291
-0.00527491677520664 0.048341617251894 -0.106588419294222 0.0392933493582898
-0.0310322790350131 0.0557858517965152 -0.0890321120231995 0.00802738568214081
0.0039580283681626 0.0296082349325998 0.017827147091881 0.00450199099596765
0.0153900873841018 0.0165210030218149 0.0284065146284074 -0.0867180473980014
0.0101594986269985 0.00924102215983267 -0.0473361503189949 -0.099603029617962
0.0132359283262916 0.00444742795479918 -0.110021673288757 -0.0434251152035384
0.0153708763199452 -0.00383416003996405 -0.107348647508941 0.0258408666332058
0.0131543605067023 -0.0175259091259321 -0.0696600131324237 0.0611241081507145
0.0100966361710837 -0.0209964860206024 -0.0323619771600541 0.06129803176542
0.0153579303428455 -0.0234986554225807 -0.0238221455980334 0.0583938947717154
0.0279741926920677 -0.0125918939284681 -0.0226820355227385 0.0581746937720282
0.0354661704119978 -0.00260183767543051 -0.0276483771607786 0.0666743268532246
0.038667921821129 0.0256898364469847 -0.0585037053761104 0.063109079833211
0.026753990073877 0.0509754459164609 -0.0976910875731857 0.0351932022323174
-0.0148205738046983 0.0626653195435197 -0.101562074300835 0.0245249804946849
-0.0555560947097878 0.0644482762888401 -0.0905866745374521 0.0414589759780501
-0.0761036487645749 0.0694579381473013 -0.0623745513146492 -0.00921395789462445
-0.0303933424649071 0.0659296545271265 0.0405186363700431 -0.00352661403679607
0.0146388292929043 0.0654303062445333 0.0505110767674308 -0.101429171257173
0.0395814088695143 0.0431898969232885 -0.0334900087353278 -0.122075134139995
0.0474708159779932 0.00535136452437119 -0.108635679431672 -0.0583460724779633
0.0394910438882259 -0.0161139838293178 -0.103002143887042 0.0140998231406761
0.0328761499114267 -0.0381613165406643 -0.0650406645198937 0.0503552782203767
0.0239643342103146 -0.0439913494074084 -0.0249061442594777 0.050365960798461
0.0297007939402884 -0.0466663973903359 -0.0119350929197471 0.0481565570254824
0.0487475337445302 -0.0253098860170317 -0.00556890100759872 0.0497943529149933
0.0611472107394059 -0.00460706157523178 -0.00753475696123759 0.0658514200490398
0.0638040541584631 0.0465578849113223 -0.037523818131474 0.0710899748423117
0.0319917628849078 0.0841096409100814 -0.0798233991867592 0.0472972811362695
-0.035013349719694 0.0881574508413288 -0.084146081380371 0.0323070026997934
-0.0928549774766664 0.0770099237691843 -0.061947642161895 0.0379370206236789
-0.111401801587893 0.0694479328449575 -0.022474007369638 -0.0244579032342275
-0.0688449508936265 0.0890500190324937 0.07169451474002 -0.00903633074034937
0.00261469755262301 0.108961012157399 0.0807105207204845 -0.108370957785893
0.0599409836861795 0.0795689919787309 -0.00816152278472759 -0.138221179714449
0.0788247274799804 0.011448768963535 -0.0948903237808706 -0.0748065359582795
0.0612451198766387 -0.0238895987556229 -0.0877325158750589 -0.00224625469850496
0.0494374664147027 -0.0523717721444556 -0.0530313688837586 0.0323586348852336
0.0342778088508965 -0.0613755815345394 -0.0137260635855977 0.0325951459160182
0.037026734621617 -0.0646308155083408 0.00272849381742157 0.0300412590600418
0.0592327768386242 -0.0373783260143569 0.0147339628345717 0.033893516404676
0.0761546100175787 -0.0109636996954166 0.0166888496880501 0.0587988703260059
0.0822608358613837 0.0537737219520872 -0.0135076605736939 0.0743890932457339
0.039275919673782 0.101685484632965 -0.0605851014497008 0.0568160744656937
-0.0449427990575219 0.102474317570462 -0.0663534255181683 0.0329667516943188
-0.11484191007538 0.0791521397652048 -0.0279538227500846 0.0276656493662159
-0.127715339782361 0.0549617276715144 0.0245184680990707 -0.0351772374956385
-0.100499881677896 0.0902222708972222 0.10399247791605 -0.0106669686820644
-0.0193052166136467 0.133123396381105 0.110498118844209 -0.1009074554407
0.0625143217830039 0.109029017900746 0.0254751458070793 -0.140107443356729
0.0964651403958525 0.0227261646782547 -0.0666082973874746 -0.0856614545077829
0.0742571573942754 -0.0263607360426288 -0.062526073362111 -0.0199660081643046
0.0588913981873573 -0.0585981281074575 -0.035706710020555 0.00921216990167678
0.0391076566471996 -0.06939196454926 0.00033099959407762 0.0101619574662163
0.0387156608652199 -0.0730832594126388 0.0188075168016849 0.00685951548469433
0.0609896349657635 -0.0449713465573847 0.034512123777697 0.0150909026325668
0.0798765504113902 -0.0162990144769421 0.0389173020001375 0.0475432285155925
0.0873871381239159 0.0546050339639678 0.00891606059894808 0.0718929702164754
0.0399934547542023 0.106367478832187 -0.0412224370263331 0.0599790844697097
-0.0503118363105725 0.102473664255564 -0.0510124543907508 0.0277751515762335
-0.121854236860725 0.0691728801529045 0.00658602257515613 0.0134278611320956
-0.120666610231443 0.0316252265993086 0.069935304942558 -0.0399242798754005
-0.112971084032235 0.0705803152045619 0.130382975151983 -0.00887779229725268
-0.0403967597862636 0.128446107202577 0.130326089133372 -0.0810612426006737
0.0490546336895297 0.117803638226876 0.0560464214600082 -0.124776480717799
0.0951297330951067 0.0309631810816396 -0.0310480582803752 -0.0863433786533437
0.0738343665263198 -0.0241278521214766 -0.0313752006042675 -0.0343597736879391
0.0579657500039854 -0.0550752157761996 -0.0140567421303832 -0.0137795350094264
0.0381764527979007 -0.0668260319515265 0.0129746430349744 -0.0130298251834967
0.0358193888620439 -0.0709955465983848 0.033164536887977 -0.0161728527789703
0.0558910159345426 -0.0462332936803058 0.0516110557394292 -0.00462265618554955
0.0746472560484438 -0.0182338232916299 0.0578516283959103 0.0351896166175137
0.0817296078413349 0.0519137880207917 0.0266932158097662 0.0666127295417345
0.0317590452650589 0.101280895164604 -0.0254948284275622 0.0599433971541035
-0.0551415182090943 0.0895286746607761 -0.0372739399402725 0.0200140501933256
-0.115480648552519 0.047159624070714 0.0381021595654838 0.000212115659218445
-0.0890790572281846 0.00352024600798075 0.102782504798343 -0.0383214325240753
-0.0998407904609826 0.0387985931486317 0.144551747872903 -0.00592485079253855
-0.0480718352270238 0.0979303129015399 0.135407886048241 -0.0573813183991765
0.0298583809943025 0.10012340344343 0.0755080873527385 -0.100633988777834
0.0752497761101178 0.0298907021201521 0.00209222394313033 -0.0798877277780849
0.0593724097698838 -0.0197217041046003 -0.00248726048135101 -0.0442751558780531
0.0462344423627923 -0.0443142346867299 0.00576680816421697 -0.0338798065403227
0.0308042787874908 -0.0548232647662627 0.0234197950338871 -0.0337966528639728
0.0282145141697548 -0.0591340240659515 0.0450444778682957 -0.0369135917268566
0.0457652315300444 -0.040824110863215 0.0663247184522816 -0.0201515115527143
0.0627354737191084 -0.0164110301594129 0.0735731568836641 0.0260895837771765
0.0670313204956234 0.047068739652935 0.0394474599527624 0.062966796429034
0.0188982172276438 0.0869720283912587 -0.0136598190982384 0.0598754573742331
-0.0569937377549652 0.0664203152623901 -0.0259030512870543 0.0132359490317389
-0.0966842486729153 0.0174404326667229 0.0655153220537743 -0.00843417276260793
-0.0410228958038245 -0.0233087441128249 0.11736990836665 -0.0345059865852453
-0.0638253897860376 0.00359263958225689 0.143333363998248 -0.00622436006261757
-0.0378606993146773 0.0508487694125902 0.127253651062303 -0.0380112394323745
0.0107791254941134 0.0605416992624016 0.0813936202970123 -0.0778229855991929
0.0433033851956783 0.0191614619225613 0.0256910107706332 -0.0714631539425458
0.0340699219210965 -0.0131734792262432 0.0180918114342425 -0.0509950690795987
0.0250791673063266 -0.0266556193270847 0.0199342413608083 -0.0483637402760739
0.0183583715815126 -0.0342750714340661 0.0300020869699344 -0.0486963911982919
0.0167325284606815 -0.0386473045316228 0.0541438941373613 -0.0515846524245459
0.0310096798766761 -0.0310327636987541 0.0781242915130996 -0.0296545138298257
0.0452613426995208 -0.0127106615014037 0.0859884968326822 0.0225209041664349
0.0462642578686932 0.0362935056404309 0.0478481578919373 0.0643477765383556
0.00507449290051572 0.0630826127389663 -0.0071730147450915 0.0631491621437966
-0.0511337119505386 0.0368041339282955 -0.0180338451024386 0.00991757641057938
-0.0656403112225107 -0.0138189267409388 0.0855577112446139 -0.0113566133164878
0.0139494259450286 0.0296800333315408 -0.0946276825719253 0.0224175840714396
0.0269030541501255 -0.0101099150956528 0.00574845465560543 0.0112669454964333
0.00793327082358469 -0.0261332413237655 0.0155624832176029 -0.0680372941079947
-0.0187515253518122 -0.0147989754019482 -0.0473625800185777 -0.0761313392967297
-0.0161293678285514 0.00732469840486728 -0.0970840730100472 -0.0313593092297539
-0.0058010523385822 0.00987156185734776 -0.0978828889308742 0.029846878654017
-0.00578333550176489 0.00551538747691466 -0.0630565287884424 0.0595929957152229
-0.00464909186943467 0.0047459137127914 -0.034029096660678 0.0589931496741395
-0.00312355008964481 0.00081938639515146 -0.0270425935609691 0.0564836358609538
-0.000278298244479341 -0.00287511477886691 -0.028454176156802 0.0583334350075561
0.00276059417008182 -0.00888732976584081 -0.0355232128762731 0.0621584892983511
0.0143659340318899 -0.00998104005837824 -0.0682665788147294 0.0546919139839085
0.0305223219767689 0.00542123228846596 -0.106462463154527 0.0257777170107656
0.0186692806761481 0.0303528367313699 -0.110641106877339 0.0120693925714856
-0.00500325048024387 0.0447970841826088 -0.102343608573832 0.0360386988727568
-0.0293318215184378 0.0521195441779048 -0.0839932583161954 0.00780992725829032
0.00322831320845905 0.0281769667400093 0.0168147037432802 0.00412612516955019
0.0140559357321126 0.0164426720861748 0.0264737199555122 -0.0831244206864479
0.00998299077028815 0.00993129248673095 -0.0454271614300897 -0.0947364332714978
0.0133630945131479 0.00454146790989028 -0.104262396308597 -0.0399758126027864
0.0156689290800178 -0.00366090518073375 -0.101437220029461 0.025699610919365
0.0126345607968234 -0.0172784700696304 -0.064895469464315 0.0578535870076088
0.00987762360315196 -0.0205695113417368 -0.0309878423697644 0.0575432915247488
0.0148684341699164 -0.0230181931695246 -0.0215225950362166 0.055496207712917
0.0272009335624845 -0.0121238041252934 -0.0205337096125421 0.0559764039275808
0.0341236730165746 -0.00269288009407184 -0.0255900660364545 0.0633144861534712
0.0368724487851658 0.0251774903638909 -0.0547288271625502 0.0601266596717331
0.0251306821478908 0.0486727552306567 -0.093305703919753 0.0348088418419397
-0.0147277081059906 0.0587035232435789 -0.0972117943585914 0.0231907032191588
-0.0525403909630987 0.0604650928688653 -0.0867147509149517 0.038283676827422
-0.0717161362101702 0.065588479270356 -0.0584314386328737 -0.00867258147838628
-0.0293596354243087 0.0623703970707578 0.038338195179322 -0.00376874116203229
0.0132959085611844 0.0627410904239897 0.047715166648013 -0.096820379190442
0.0383004900554244 0.0418374096463319 -0.0323154659618897 -0.11613941042777
0.0456173306952552 0.00498050175056957 -0.103140125914558 -0.0536911133059205
0.0383160908447131 -0.0153320669704475 -0.0973937373284012 0.0148351873458924
0.0313185885192707 -0.0370810267743608 -0.0610048611748139 0.0481285721517431
0.0228301908782656 -0.0428139582641132 -0.0231874518200481 0.0472155019194949
0.0277131763815789 -0.0445959354371162 -0.0102659311166872 0.045139521847261
0.0468604184686989 -0.0247713994908015 -0.00438237942307135 0.047368162879203
0.0584992362921898 -0.00420337587550577 -0.00564800403676386 0.0622770663345176
0.0610351646624774 0.0448201893731983 -0.0344123267788859 0.0681103881371855
0.0306017407634972 0.0803351189761004 -0.0761019267846395 0.0465228876664238
-0.0340010665560478 0.083131203781854 -0.0806588547271646 0.0308604703655156
-0.0881673899858226 0.0720127962963664 -0.0597952699803142 0.0354473015538361
-0.105281001067138 0.0651312053989652 -0.020564007636553 -0.0227825280561824
-0.0659532153777164 0.0851125250184304 0.0679391772512399 -0.0091354749129514
0.00240897263470197 0.103915312400258 0.0761783856668356 -0.103175770345754
0.0576858002593682 0.0767548448361074 -0.0080894941209079 -0.131778940683757
0.0750531414735276 0.0111020401052698 -0.0898424314442809 -0.0689234612859558
0.0587169046924928 -0.0230603666864892 -0.0833146286005499 -0.00136731605360013
0.0463985219632748 -0.0509297903640205 -0.0494054989482806 0.0306587996307912
0.0321382166870352 -0.0590826431421545 -0.0122481717781362 0.0300499313895202
0.0345328817986795 -0.061273223600075 0.00402818601024892 0.0279241039802535
0.0563075588499462 -0.0362019278654062 0.0148131770228587 0.0319466241307218
0.0725634518452676 -0.0106614893109589 0.0171549195776042 0.055552766573169
0.0790028262927975 0.0514326698492257 -0.0112046294536969 0.0715072191535077
0.0375292385948609 0.0961608639945119 -0.0570353740018867 0.0553732994395889
-0.0425093245782418 0.0972443196079604 -0.0635906039960482 0.0314016991921772
-0.10850863152144 0.0748624660410991 -0.0269961115472261 0.0258430084706867
-0.120674568909879 0.0521240289921602 0.024096589277658 -0.0332922121402489
-0.0957438656648059 0.0858593917328206 0.0989212004600949 -0.0102378294672811
-0.0186917883552382 0.126668496672249 0.105122005638181 -0.0960834581021338
0.0606242686676792 0.104179099851879 0.0236837027453007 -0.133519989517217
0.092011252148416 0.0208807232177021 -0.0635636989635963 -0.0797511940222166
0.0708069471558541 -0.0250695363299436 -0.0594102163927717 -0.0185765227613594
0.0555789512663049 -0.0569506744907317 -0.0325959234460629 0.00915130428399136
0.0362922339480674 -0.0664944090336356 0.000276695359030433 0.00896062694700653
0.0359188137974965 -0.0687774368188872 0.0186110142490686 0.00622304928684293
0.0577263968225589 -0.0430132556761827 0.0335084238025454 0.0134223365964246
0.0754745178209176 -0.0156817808438671 0.0387956937832302 0.0448666833717722
0.0839686641681781 0.051313603742015 0.01021574176592 0.0690895539881372
0.0385391635410974 0.100342013589034 -0.0387397607631463 0.0582852947693049
-0.047262318586936 0.0967198083683088 -0.0487134338386483 0.0266474172789436
-0.115121371932397 0.0656097003329859 0.00601479457415336 0.0129316385802771
-0.11404358781499 0.0298456632886094 0.0670107586737087 -0.0371234702212043
-0.107583492573064 0.0676662025366209 0.124058360988823 -0.00897105846021658
-0.0383365169466754 0.121547314359541 0.123978887788975 -0.0775229039708963
0.0477777012066383 0.112262547307455 0.0524402104941492 -0.119443767723249
0.0899731464846634 0.0283729249868145 -0.0296850312686222 -0.0807837127848507
0.0698671361701596 -0.0234587436732723 -0.0299845318964732 -0.0325057931122675
0.0541375611621788 -0.053185608806538 -0.0128395483007286 -0.0128600867294576
0.0354268121218206 -0.0640621774433214 0.0125549778553816 -0.0130556822306865
0.0326995252676172 -0.0667036064553478 0.0314561620705393 -0.0159290395268827
0.0523656457008682 -0.0440221982754923 0.0493595780491445 -0.00541649699468524
0.0704490229157906 -0.0172147549199337 0.0564189736864068 0.0325205261001106
0.0783373758854948 0.0490610384140433 0.0268954042054857 0.0637115119324921
0.0308040271184397 0.0952329167245842 -0.023648328754451 0.0584091633249354
-0.0515179009761925 0.0845065198783088 -0.0363101671580907 0.0195196153758554
-0.109394000863997 0.0452587538988283 0.0357315135317672 9.06030916128397E-05
-0.0843261305259142 0.00391704728920644 0.0987253243606145 -0.0358677807078366
-0.0949721976193333 0.0376015862944706 0.138163294574299 -0.00557426107116213
-0.0452408796821259 0.0930142311596605 0.128506057058829 -0.0542448336994756
0.0295730695140981 0.0952188021798237 0.0711643466664903 -0.0961055006737152
0.0712961887062773 0.027535362441858 0.0013756905457099 -0.0743081286017679
0.0553769063990567 -0.0183702418938687 -0.00215250068687392 -0.0424322489658888
0.0426609891154371 -0.0418757729336747 0.00560722817644967 -0.032011793274513
0.0281046947688911 -0.0520935568451908 0.0229398898421802 -0.032468852746508
0.0258153626014927 -0.0556644924322815 0.0428620329510061 -0.0353528714236675
0.0427201053896929 -0.0391101973403293 0.0626799483527731 -0.0202823237928518
0.0588864477479504 -0.0156276707161315 0.0712547889635358 0.0238015509095355
0.0641827417084164 0.0442027532430955 0.0385655798485402 0.0601068806875377
0.0182360935586843 0.081757579616006 -0.0121858658140268 0.0578122324434156
-0.0532332484510783 0.0627476189365366 -0.0246832879325445 0.0132763018870015
-0.0914203626624965 0.0172084939327355 0.0612180749945912 -0.00852378504661945
-0.0389275058658251 -0.0216312567663113 0.111932521453545 -0.0317591730718105
-0.0603433861317362 0.00394083756798441 0.137089648088214 -0.00642371287410379
-0.0350762608782182 0.0479907326795839 0.121347090027129 -0.0364635216099239
0.0113972109622293 0.0572584451415296 0.0769350546470744 -0.0750703604619259
0.0410015956421183 0.0171196507659585 0.0237223144508389 -0.0672169591808386
0.030934944470439 -0.0123358257463473 0.0168392829103899 -0.0487566376083372
0.0233138319395154 -0.0245750628624059 0.0191994942175393 -0.0453985671119592
0.016603650319481 -0.0322837349901693 0.0287730845470528 -0.046123686829768
0.0152699730704153 -0.0363233038450982 0.0507439954047783 -0.0491533780930671
0.0284328226187029 -0.029355141519734 0.0732996144645115 -0.029075009253285
0.0420784394147362 -0.0124859301573257 0.0824000297021558 0.0209682118240372
0.0439877657471273 0.0341352630148358 0.0466317097917103 0.0613308688908345
0.00500441055451015 0.0588562542932791 -0.00602498549584314 0.0609522541682237
-0.0476643850070372 0.0347474194618614 -0.0168498500254009 0.00958864189256767
-0.0620678500420357 -0.0120184458026409 0.0805712401140291 -0.0113737966449746
0.0125158277207767 0.0282038149447751 -0.0914526997345327 0.0202385632299864
0.0255553059325457 -0.00942852291601484 0.00558150062899249 0.011211729376081
0.00794314490132114 -0.0242686275608171 0.0154932248248929 -0.0661225262117406
-0.017164915751399 -0.0137926897660734 -0.0453792078779422 -0.0749826836876202
-0.0143309053778493 0.00679076011371758 -0.0938836057800179 -0.0306641390231986
-0.00468668140402146 0.00904888661810746 -0.094650771841471 0.0294801627520392
-0.00498046217323645 0.00533818037237363 -0.0616419617850916 0.0571525895750721
-0.00396844384851709 0.00419729027876231 -0.0334379879663215 0.0567173320453042
-0.00267229779209361 0.000706815196790598 -0.0263023357709449 0.0547061591470089
0.00054919559986734 -0.00321783337910377 -0.0281146308981045 0.0565009285462265
0.00284522809912307 -0.00822520750050627 -0.0348730001721738 0.059423949593438
0.0134844828278237 -0.00832320826419989 -0.0660700433838509 0.0513513438311097
0.0288725042360074 0.00574001781829696 -0.103889288669071 0.0243855506373803
0.0166559314041985 0.0285984297335983 -0.107622023958777 0.0098614249001095
-0.00564962785655941 0.0428392784408072 -0.100703678534561 0.0322176739806203
-0.0297346125561083 0.0494893835517109 -0.0808241148136973 0.00633683663890186
0.00176538665779932 0.0272874752782322 0.0160198445148742 0.00445653224601168
0.0133633334604871 0.0165176146526491 0.0264736329935165 -0.0805326137345232
0.0102369619708 0.0113334796220151 -0.0427649850424979 -0.0933612480046802
0.0138553127762623 0.00473301071013794 -0.100655907721761 -0.0388451892076037
0.0159212465545527 -0.00326718548824968 -0.0982127401701608 0.0250372972409676
0.012927470765339 -0.016809634066414 -0.0627292699233673 0.0562187581092368
0.010041970531238 -0.0206602582164499 -0.0303377219157419 0.0549202369345807
0.0147862208590378 -0.0222163364325931 -0.0206057062222304 0.0533090858075577
0.0272087163266059 -0.0125193652780803 -0.0196777006678931 0.0537946622963534
0.0331473014931296 -0.0017368398570156 -0.0244865939379094 0.0608842516548559
0.035769553777156 0.0253370366906462 -0.0532640286171096 0.0575844392615235
0.0231453657586692 0.0475249865398742 -0.0913601949162344 0.0334881637886817
-0.0158803268016373 0.0563349037951837 -0.095138001278949 0.0207085837280914
-0.0522584207825568 0.0574061584962091 -0.0858388272082263 0.0349512494686435
-0.0705133550436522 0.0616238027715189 -0.056011160231488 -0.00914843808910842
-0.0302134039054807 0.0599621312971783 0.0373911478342387 -0.00270704488900074
0.011532728309625 0.0615475313560573 0.0475246668419659 -0.0940951912102869
0.0371243169503647 0.0424881101203085 -0.0302849487147863 -0.113685789144587
0.0450331596904321 0.00580878370212471 -0.0991245995360746 -0.0525981382233107
0.0382589700067502 -0.0144928683663531 -0.0939478315935965 0.0137778424814139
0.0307547394768622 -0.0361333630090798 -0.0581632893186858 0.046511229453861
0.0220976811071728 -0.0417477169061899 -0.0223867369971743 0.0447011704150445
0.0272811557332428 -0.0429560021522075 -0.00948664182136158 0.0432474858985638
0.0460875887043074 -0.0237867277600216 -0.00392718412003612 0.0454833175077433
0.0570349784896245 -0.00369348186860179 -0.00493654097009799 0.0599228416060383
0.0593191959978578 0.0444952190637134 -0.0333742406325657 0.0658778563605014
0.0279557010044638 0.0778901551234387 -0.0748631065058613 0.0453282287831098
-0.0346131146868458 0.0796202920979621 -0.0794170719530537 0.0285667500077625
-0.0864726407584707 0.0678476374840537 -0.0593146626060883 0.0329685904479245
-0.102587444346456 0.0611862405049578 -0.0191536697062874 -0.0222965141926067
-0.0653006880680772 0.0811504557897864 0.0657442717705022 -0.00756735647866471
0.000485870619285996 0.100738547753341 0.0752166973574457 -0.099180886534889
0.0556066733224562 0.0759934435900389 -0.0066121493056883 -0.128528359187964
0.0726886456902278 0.0115917561051406 -0.0853577716908345 -0.0665924721074412
0.0578811163606121 -0.0216503144722165 -0.0803862611334297 -0.00191638527612775
0.0450564257504227 -0.0490913137625334 -0.0469463715276206 0.0297457525539091
0.0315153057592297 -0.0571350296361084 -0.011527047632177 0.0280227110726866
0.0337357867768047 -0.0585714710178062 0.00467429724690763 0.0266012216282886
0.0551887432869777 -0.0348953940386948 0.0147183097562723 0.0308785228399362
0.0704591048794975 -0.009735827453416 0.0175905752674438 0.0539739371308676
0.0766530259340383 0.0510821407415109 -0.0106191720242498 0.0693364158754098
0.0349827095947433 0.0941735982413269 -0.0561377461746349 0.0538858924524292
-0.0430068596286701 0.0927398920347529 -0.0627147164869245 0.0298714211540211
-0.106161221027207 0.0708472236641202 -0.0271998136209438 0.0243155965347924
-0.117517383179859 0.0481871740042415 0.0243449675288707 -0.0312163058233065
-0.0942453382550851 0.0821903276866325 0.0958573530882314 -0.00893038893938045
-0.0198822742475014 0.122662841595882 0.103316321636938 -0.091592808850887
0.0586023478948571 0.102657033660152 0.0240926496048436 -0.130026050028283
0.0883852822958119 0.0214088878456208 -0.0595028614981823 -0.0765547487261868
0.0688526157991826 -0.0234187055135732 -0.0568964560256503 -0.0179773400554342
0.0537271598823966 -0.0549891705767049 -0.0306536533653225 0.00886052578679516
0.0355256615074879 -0.0645725603868686 0.000991954817431956 0.00779870936877492
0.0349271590585102 -0.0659038956181378 0.0190211238112738 0.00580845545505068
0.056247251409505 -0.0415439639197756 0.0320156469223179 0.0130187649603634
0.0734333189853674 -0.0147050884440216 0.038570624306359 0.0434254537996336
0.0817779615677037 0.0510052325873891 0.0102468119075542 0.0670521980512711
0.0359735522296501 0.0973788764007951 -0.0380760509848727 0.0571480129505003
-0.0471132630484798 0.0924139295495965 -0.0481591717914808 0.0255565732899892
-0.111983482403995 0.0623327221120124 0.00497209577070688 0.012033156836951
-0.110487057526764 0.0273499505105658 0.0662362731663604 -0.0346767543793658
-0.105265221144081 0.0645294132101927 0.120642151698675 -0.00697710624070682
-0.0385495391530506 0.117680749792402 0.121237046739835 -0.0734104941810267
0.046375018732 0.109907945003255 0.0518196887630624 -0.11595836643662
0.0871193214260024 0.0280150332734362 -0.0276059919071551 -0.0772327059957623
0.0676734931811614 -0.0214343831529287 -0.0281306821523591 -0.0321212011782155
0.0529810027418587 -0.0517789578757033 -0.0116300754530953 -0.0125481480813155
0.034237953107545 -0.0616203878679576 0.0127235791756255 -0.0132221267595353
0.0316550059175061 -0.063623497610664 0.0314730639722419 -0.0155045557359451
0.0512964585253421 -0.0423361306748086 0.0476592874983871 -0.00477163730649788
0.067839842946126 -0.0160839979255873 0.0555474754722146 0.0319372890276942
0.0757097159433131 0.0477845424367712 0.0265567743223316 0.0626068597838886
0.0285741035508274 0.0920495788135318 -0.0232181740732037 0.0573727234002902
-0.0506949737043782 0.0807414966535975 -0.0358260822745725 0.0189887683136276
-0.10629090419228 0.0424796392673912 0.0341421726041116 0.000124515849655222
-0.0821049768485101 0.00232335198774685 0.0972490937502517 -0.0321618335299899
-0.0923926777073328 0.0356953207059591 0.133887355214251 -0.00352460597312665
-0.045011844384081 0.0899896379673235 0.125771590395339 -0.0506991178928573
0.0287809441603046 0.0926010507312068 0.0692102280514942 -0.0930731566454009
0.0687109331636587 0.026693012906283 0.00245795554276074 -0.0714371584710073
0.0532952215467174 -0.0169400991939674 -0.0013580301767425 -0.041597652353655
0.0414616581142358 -0.0408058139246072 0.00589845564132193 -0.0309827422402139
0.0272296344470256 -0.050029305504939 0.0226653758706117 -0.0312953941836788
0.0248875799168677 -0.0526890109906078 0.0420288492268237 -0.0338374663751377
0.0414080957150759 -0.0375032657101241 0.0607315207374873 -0.0190697924776417
0.0571820162351141 -0.0142916565727026 0.0693985026342325 0.0242125882933907
0.0622748868273171 0.0428348039664545 0.0385182890196275 0.0592816121492136
0.0168231643744147 0.0783992208421941 -0.0121274293818875 0.0571794684705491
-0.0514085158931624 0.0596256308708525 -0.0246180873301947 0.0127742356312554
-0.0887756126521379 0.0163376704057014 0.0591069623005589 -0.0071786585198321
-0.0377997579813873 -0.0212988619034178 0.110135954233228 -0.0283687695471806
-0.0579728141667242 0.00361132295928634 0.133318292283554 -0.00410012043083218
-0.0338782840457189 0.0461643397338457 0.11782494075483 -0.0345950580720641
0.0109793589904431 0.0552585200287115 0.0746723674114991 -0.0722539360831732
0.0391623288349121 0.0162107690605428 0.0230211935365158 -0.0649006883334363
0.0291542707985869 -0.010908491720043 0.0171432269945659 -0.047788189103491
0.0226021741884872 -0.0235402886525237 0.0186442075956851 -0.0444357500710178
0.015933288737312 -0.0308685957101214 0.0285820298989603 -0.0441829315084028
0.0143295510846792 -0.0338790085788732 0.0497321736473816 -0.0471529447278793
0.0269344455983141 -0.027602526222715 0.070492902303384 -0.0275943218285421
0.0401228889309655 -0.0116031108909089 0.0800338025276019 0.0208687168414287
0.0426896130289164 0.0327781069879267 0.0451173813386729 0.0602384060349112
0.00459619902967445 0.0561458107549325 -0.00656523242944228 0.059329173040212
-0.0454392232939183 0.0327536855255324 -0.0170925446557392 0.00940848603023471
-0.0596143192193142 -0.01188010928298 0.0777367598956997 -0.00987228731752988
0.0114470110869574 0.0280449251795752 -0.0903794300685127 0.0194771003119997
0.0247099233968931 -0.00860575537669836 0.00552693473997751 0.0117693698920786
0.00839591360353458 -0.0233588769273942 0.0159869210677735 -0.0665296553373903
-0.016732683657013 -0.0130718610401999 -0.0446697075571166 -0.0754065766807862
-0.0132597465523552 0.00648999765773461 -0.0933363061099441 -0.0307841201164506
-0.00407481751043286 0.00872430684971603 -0.0937467147260233 0.0297120674329037
-0.00492440538936485 0.00516039866735198 -0.0610020550237886 0.0567276103185251
-0.00369246298264804 0.00368649263391935 -0.0340611137012757 0.0561281224429788
-0.00202312377047926 -8.18564319075236E-05 -0.026327193478347 0.0541953123350546
0.00114504654628481 -0.00314606735138767 -0.0276521127978369 0.0561533973658151
0.00286516638737668 -0.00807099532325717 -0.0346931150446305 0.0588908792344884
0.0138904881363211 -0.00755706590905021 -0.0662449374690755 0.0504603810283227
0.0280946895665496 0.00595549261012189 -0.10384283988104 0.0244342673979302
0.0151172041621588 0.0282639785594856 -0.108180439368884 0.00820993074405259
-0.00650525838312879 0.0418178799956526 -0.101473377152919 0.0297756686383025
-0.0305627309168486 0.0485891670949134 -0.0794418277223297 0.00561067013234539
0.000613041322408749 0.0271309570772701 0.0163035822060581 0.00466555716052543
0.0127476448872739 0.017590133607243 0.0272486167197573 -0.0805206871038428
0.0107599067443978 0.0123178689551824 -0.041841517027557 -0.0933971869542799
0.0148490088245079 0.0051320354599055 -0.0997292540598513 -0.0392559744705159
0.0167837705445239 -0.00387967497376888 -0.0975661189993602 0.0251572609257381
0.0128722190029013 -0.0172255555950192 -0.0618284559913716 0.0555062382797399
0.0103489828793832 -0.0206646279603515 -0.0303192181045999 0.0539604085436989
0.0155265596442407 -0.0224028915309521 -0.0204883433435909 0.0528497181272031
0.027774387708987 -0.0124521110480927 -0.0192659865504405 0.0537027260355388
0.0332770489219856 -0.00109002089539267 -0.0237290530327735 0.0601301464327709
0.0357626436996427 0.0267034172921358 -0.0530005026011304 0.0566731609106074
0.0223175473501301 0.047780759490159 -0.0916612476920934 0.0331830113359852
-0.0176982025572298 0.0554942222712461 -0.0952268368521005 0.0195072324161452
-0.0529505230671668 0.0556835539828299 -0.0865033487268254 0.0326935402233019
-0.0708174024410993 0.0598820910795513 -0.0546432600678527 -0.00956051013642218
-0.0313718435501279 0.0595090955016073 0.0366723257899458 -0.00229179455580104
0.0105163992318148 0.0618765844978564 0.0484851390653829 -0.0926523379128891
0.037385776245069 0.043091612857238 -0.0294550798513483 -0.113952607092489
0.0452563466673364 0.00652923156834648 -0.0975958801024065 -0.0523787946269052
0.038918276951363 -0.013927766505967 -0.0931094359467635 0.0140660098867389
0.0306855517175561 -0.0359471993212516 -0.0571364865989009 0.0458855748800985
0.0222376529930915 -0.0418452104124627 -0.0229665170837465 0.0435395245291249
0.0277446887021485 -0.0426234261425501 -0.00882443857564559 0.0430052250976492
0.0464902473528419 -0.0240813899154073 -0.00370330248741388 0.0452683980291532
0.0569559724740801 -0.00293394532929781 -0.0042964639957871 0.0598554816053312
0.059158064679213 0.0450587492480471 -0.0332258289776613 0.064960818173219
0.0270771182926612 0.0780837631367144 -0.0754277711880453 0.0451208630807433
-0.0363097917787662 0.0783180350598024 -0.0799176149898408 0.0279670728188139
-0.0870356245852503 0.0664891917133121 -0.0599229450962087 0.0311863092756424
-0.102836094335983 0.0589600280140438 -0.0183115585293668 -0.0220368147748101
-0.0664026221426293 0.0798831376801862 0.065434268027367 -0.00700727467421317
-0.000821505433316454 0.100560874552548 0.0762382759072822 -0.0983461427935034
0.0559647622196163 0.0771889733463206 -0.005771339995539 -0.128414566099698
0.0726424133125805 0.0124672777858196 -0.0839292589320445 -0.0664181315182489
0.0583431940903138 -0.0208258153203865 -0.0790022684225394 -0.00186203279406533
0.0453842727684736 -0.0492229568723443 -0.0458190569667073 0.0290588160917353
0.0313081583435787 -0.0574029508166187 -0.011655866654503 0.0270191132991397
0.0339467724465713 -0.0581126093911199 0.00538728104013771 0.0257400400160885
0.0557840648955226 -0.0343396059605867 0.0150375482306032 0.0306144855938507
0.070339886097132 -0.00886124804953348 0.0182973493723111 0.053529448426266
0.0768591392133791 0.051614582067288 -0.00969828621438248 0.0691905984188905
0.0341065291895949 0.0937742843906572 -0.0565070896012851 0.0542221513392858
-0.044172452079416 0.0915540642876298 -0.0637536282149245 0.0294767814720788
-0.106443740209481 0.069272423663032 -0.0276677315783816 0.0232381497353686
-0.117525728293682 0.0463366772610085 0.0249165293288943 -0.0304229868068496
-0.0949528038040594 0.0808189267499396 0.095350622905915 -0.00780791786897842
-0.0210331598315274 0.121792444129019 0.103553984968808 -0.0904297040040058
0.0584862877321671 0.10356433502047 0.0247880438863829 -0.12976120301035
0.0884618568236769 0.0219139060670794 -0.05787217360018 -0.0755613937727307
0.0690584754038942 -0.0227606333307499 -0.0562800911928636 -0.0185103702676331
0.053483625584098 -0.0546608650849746 -0.0295222993856631 0.00845082319722408
0.0352039157827062 -0.06448802521924 0.000912371493884752 0.00693430595979161
0.0348820602876369 -0.0651181772906508 0.0193756265569504 0.00533892937474844
0.0566027379537558 -0.0413034780352365 0.0325090018380122 0.0128299738997024
0.0730073663775908 -0.0142313749694675 0.0391213115163908 0.0430245906583313
0.0816560867911659 0.0512757400612135 0.0111503325369225 0.0673517100498013
0.034788646781468 0.0974595047791666 -0.0383871077331767 0.0577326217000799
-0.0478469210541472 0.0908834981727156 -0.0491314924622854 0.0253014712484532
-0.112340312720121 0.0607572140942388 0.00417853857561418 0.0117653988470218
-0.110093866859676 0.0257037404837134 0.0668154839245829 -0.033091440348052
-0.105183538985702 0.0633210968791315 0.120031481042295 -0.00566934523502009
-0.0395769952626113 0.117129453397691 0.121370417010093 -0.0716243230591574
0.046538153070726 0.110169457519482 0.0517712701203938 -0.115437732574983
0.0862754440185095 0.0283727882687993 -0.0264903399166508 -0.0764454468790673
0.0673831417202097 -0.0203343217767657 -0.0274187876900412 -0.0324100942266445
0.0523597391776063 -0.0512214693663295 -0.0103808819439614 -0.0128774532770686
0.0338452906210962 -0.0616309962117329 0.0130927260461947 -0.0134026075077793
0.031697911067121 -0.0625266364040288 0.0316485329238648 -0.0158708704894907
0.0511742514348399 -0.0419283122087371 0.047430063102714 -0.00482201875024637
0.0676034213350468 -0.0154192366148045 0.0560780770912206 0.0321198663963007
0.0756537878641894 0.0484905565655191 0.027484234973561 0.0622875662335284
0.0278482617784905 0.0912657758212641 -0.0232229976400743 0.0577438725995608
-0.0510476254251966 0.0787425181236567 -0.0361378248855378 0.0190228395160269
-0.105783705556909 0.041808895334254 0.0334295578361563 0.00015372893572019
-0.081893379074907 0.00227882033089703 0.0974529809303486 -0.0303242150009304
-0.0921167428765817 0.0351531970550985 0.133599702466831 -0.00220855461352514
-0.0447679979679127 0.0889154683883946 0.125669844432414 -0.049425307811601
0.0284570923169255 0.0924298816170401 0.0689133831888554 -0.0924433215700925
0.0680272314807666 0.0265844494590846 0.00289032453316742 -0.0704153281169938
0.0528594759100024 -0.015909293494683 -0.000650621882157272 -0.0415468656853082
0.0409230686263513 -0.0402350026019416 0.00685426152837415 -0.0308989652057126
0.0271725288604817 -0.0499336814191288 0.0226586983889212 -0.0311838871443863
0.0245126863402092 -0.0517729003043791 0.0418840352655109 -0.0338248759153214
0.041431194940844 -0.0367113996468391 0.0602778424483423 -0.0186665308184178
0.0562215398266382 -0.0139335371737914 0.0696056567192922 0.0240164371345222
0.0617038704410786 0.0428786764686218 0.0384888130397485 0.0597301696795734
0.0160957850726238 0.0776619426253364 -0.0125315679957176 0.0574242714554243
-0.0512859454415888 0.0580783460736619 -0.0252960018016228 0.0129554554640488
-0.088179476301704 0.0160222712496081 0.0584977555882427 -0.00719798428642368
-0.0379015668523696 -0.0207427839298664 0.11067953240881 -0.0260824568166054
-0.0575455339819311 0.00378541831633509 0.132933486194522 -0.00284525083315695
-0.0337420109923541 0.0455793185179771 0.117633413401475 -0.0329569501123276
0.0108595649137458 0.0542705779632853 0.0737126849275024 -0.0716695967030587
0.0382723626481543 0.0157483281587596 0.0232520787457178 -0.0635179964800781
0.0283400007959135 -0.00999878402468712 0.0174397761471928 -0.0477562852992397
0.0222567438040462 -0.0230632555962588 0.0188516044390448 -0.04412708650441
0.0152509167899988 -0.0305350376021569 0.0289145326531365 -0.0439641992688048
0.0141520496480092 -0.0331473190506793 0.0496135246644859 -0.0470170386077569
0.0264270760290181 -0.0271869436230926 0.0699932193204555 -0.0269341342898301
0.0395182860556212 -0.0110385048890302 0.0802331354073772 0.0209354520113206
0.0421060209846005 0.0326831793927677 0.0447540176786858 0.0606112116591329
0.00432932586244365 0.0553711449303021 -0.00672199691095508 0.0598946822476008
-0.044753340758099 0.0311115225744327 -0.0172267812743935 0.00938134054297809
-0.0591260223377715 -0.011358429268965 0.07708488516028 -0.00918674467702646
0.0132566916487262 0.027253656835838 -0.09152484946921 0.0243530619450686
0.0229300971566666 -0.0105263188343402 0.00671711453368418 0.0132421858770619
0.00480119615577756 -0.0240213534012593 0.0138861385835581 -0.0668180222794362
-0.0186879212022152 -0.0109447372713277 -0.048372049767754 -0.073966371038708
-0.013121576057255 0.00842214662035669 -0.09663412168569 -0.0250177261021925
-0.0027298920562348 0.0100106521782122 -0.0917367428937184 0.0361655663441754
-0.00411307926199114 0.00586640829541412 -0.0562346750459168 0.0613171196843885
-0.00314550379478172 0.00364646479756107 -0.0303600312589391 0.0584533740871911
-0.00197806518697692 -4.10318147545784E-05 -0.0228314151801829 0.0572524362254173
0.000713771659423469 -0.00427308978464486 -0.0239733330598701 0.0598027652388794
0.00176515386998425 -0.00805707304082973 -0.0313535477924793 0.0626166232251222
0.0126453075277866 -0.00921942327489755 -0.0662279049096711 0.056679091749402
0.0279155019089058 0.00219711702739463 -0.106942054509144 0.0325352553793247
0.0168890507002601 0.0259487634644159 -0.111275219541533 0.0122102621351357
-0.00452021010595427 0.0416457556958929 -0.102333988458819 0.0324707580369761
-0.0259011872000106 0.0512857654361725 -0.0822068032143579 0.00620805480387807
0.00277498759486742 0.0266689072279055 0.0150537115968422 0.00446925083625304
0.0136054275523781 0.0156007681510272 0.0207605010861219 -0.0817141323565307
0.011080687587081 0.0109484364754243 -0.048930757242594 -0.0906994737001592
0.0138648827559022 0.00419493030749343 -0.102339525627318 -0.0310443485652676
0.01678027790059 -0.00432725198116405 -0.0949228865858024 0.0332712142569891
0.0111041441390068 -0.0181583080154156 -0.0569752665287527 0.0616368806329961
0.00869357571983361 -0.0212672588241011 -0.0260171757278084 0.0561566131831063
0.0133937700318277 -0.0240655091731903 -0.0164804914355602 0.0555579744037537
0.0267362564821185 -0.0155553621803993 -0.0160200927522116 0.057548110339975
0.0328277820993917 -0.00459041743750837 -0.020759709707782 0.0635518871709068
0.0384632607899614 0.0223379457333145 -0.0523531679704651 0.0617955454959614
0.0253288413680387 0.0445531750961993 -0.0940337725359864 0.0394583256423243
-0.0147635272940046 0.0556582845253786 -0.0956089243173387 0.0237635943916703
-0.0515536942898222 0.0594177353124911 -0.0835296623265888 0.0359933729435687
-0.0642858562979727 0.0657788713990848 -0.0589892592214616 -0.0129096140134145
-0.0256416787391451 0.0606354688444795 0.033976274656986 -0.00572038353342144
0.0160212272558022 0.0594244381385019 0.0371845422678968 -0.0960309409404876
0.0409948415425184 0.0385021274177104 -0.0406727353027883 -0.110274748507769
0.0440049988707417 0.00302957261519503 -0.101079522512972 -0.0423461941069477
0.037792619474076 -0.0158494347148365 -0.0910362061707845 0.0222254286223449
0.0267668404782927 -0.0392369606874885 -0.052283297768255 0.0530604921050061
0.0193504069107689 -0.0436614482489478 -0.0188531032736534 0.0448099268300169
0.0239601192921861 -0.0452537500174899 -0.00509828783510288 0.0440270901059864
0.0445758761114481 -0.0287902545879708 -0.000534282119051631 0.0477296800424138
0.0562217655760787 -0.00808903001445551 -0.000333163897836919 0.0622064042893528
0.0639248628641889 0.0394255793639224 -0.0317510454827284 0.0692108945082041
0.0326650343940817 0.0744532834121336 -0.0769736504312151 0.0497849902931562
-0.0320805457578811 0.0804645964451464 -0.0770567291771118 0.0308667047993591
-0.0862942518339794 0.0730929874213605 -0.0540813525516774 0.034216492352587
-0.0958102321501123 0.0673762461714475 -0.0220413992891354 -0.028695522432395
-0.057738733406825 0.0838216348330427 0.0609991410545301 -0.0145144974433064
0.00848979658219918 0.0989834754417901 0.0616534160298725 -0.104160438863441
0.0632016057420479 0.0692535443996768 -0.0213089442484016 -0.125504570733063
0.0716285404143423 0.00586781706604528 -0.0889350869701711 -0.0555516952308588
0.0559731887900492 -0.0246665775973181 -0.0781184020737825 0.00689226693061187
0.0396398091880299 -0.0542731446612315 -0.0421738381418406 0.0371206906920211
0.0266600509433496 -0.0594502214155529 -0.00906108332211584 0.0272253828895526
0.0283647729609814 -0.0604284025732279 0.00784701513725281 0.0252612340340245
0.0524811145339376 -0.0403367128678555 0.0173946780212329 0.0314942191895989
0.0681840089657179 -0.0147182305213114 0.022731131368284 0.0550357361135456
0.0815094572004086 0.0437001879269311 -0.00767940883302696 0.0717995680256773
0.0407678783138085 0.0904797606740937 -0.0568755519066742 0.0570616999776322
-0.039079196039676 0.0951802945407997 -0.0590651993776535 0.0313232040842971
-0.105847730328814 0.0776343777560377 -0.0201199824345704 0.0249972148979826
-0.111398377032093 0.0559779669511235 0.0217432268076526 -0.0397012157864407
-0.0856469500023446 0.0867196614509955 0.0904813561091148 -0.0186771725884589
-0.00891478645029564 0.121776180305977 0.0881130655560984 -0.099597002987943
0.0689102125125739 0.0940601742776544 0.00648295069322722 -0.12910950410256
0.0875923315254909 0.013098301108714 -0.0639093308032052 -0.065447831775056
0.0664553346143531 -0.0274829027196938 -0.0560542101117206 -0.0113998621950167
0.0477253975957332 -0.0606079927060623 -0.0276059937793921 0.015866847849812
0.0300157489691606 -0.0665400923193346 0.00303185166439044 0.00613942951038835
0.0285538726087166 -0.0675207684297761 0.0205070113325811 0.00330246525126105
0.0523744770954539 -0.0464895431809865 0.0338900331984237 0.0124253141194065
0.0706207107979132 -0.0195841172570579 0.0433979751167853 0.0424504922166977
0.0858332319770508 0.043302009644211 0.0139524820903204 0.0685589379884721
0.0424518739344321 0.0937112956878713 -0.0381160164125073 0.059257917858369
-0.0427806433997138 0.0950637949705423 -0.0437065080592638 0.0268594603580962
-0.111689624482137 0.0699994880523198 0.0123552233955366 0.012462081420741
-0.106067526932385 0.0350375844672014 0.0650550183340563 -0.0431733390428289
-0.0971606559725395 0.0710131718864652 0.116681788102112 -0.0187854079121982
-0.0271059246732232 0.118355070615211 0.107271547038346 -0.0835966801764447
0.0583336346171562 0.101923457432113 0.0341136014306616 -0.117229774035317
0.0860860100206822 0.018909683832001 -0.0329343913443109 -0.0678528824822276
0.0649806511902952 -0.0252470887377432 -0.0285598758873158 -0.0269755398201398
0.0463643946434053 -0.0569419294944898 -0.0107478905489506 -0.00693114525775793
0.0286532211982526 -0.063683719107719 0.0133650569633348 -0.0151448864597306
0.0255946759231894 -0.0645613873270877 0.0314490054388806 -0.0189593041419738
0.0471154911170571 -0.0460724470550771 0.048107664124129 -0.00728928362114957
0.0647677103049173 -0.0203240429374857 0.0600668015062603 0.0300331540775609
0.0793367276686885 0.0409366376066995 0.0304082928758838 0.0627021938022288
0.0349523088291285 0.0883320364091814 -0.0224930228686788 0.0582482852456226
-0.0463614880822802 0.0830487151626317 -0.031407474513666 0.0195023038700022
-0.106156400251807 0.0508195169938098 0.0407819597928684 0.000553907517035219
-0.0803766518080666 0.00857753034517441 0.0975660067639712 -0.039570108776036
-0.086212352887954 0.0417006774985513 0.13227904055741 -0.0151218725561843
-0.0346262759388231 0.0907430334376928 0.115816135831423 -0.0619741976147808
0.0387892863733447 0.085466022047543 0.0546462714383392 -0.0961357102652499
0.0680605455922221 0.0187156367474511 -0.00306816391276714 -0.0651074468229732
0.0503850350725279 -0.0199327426901301 -0.00257809013648346 -0.0392606348121565
0.0364289942377536 -0.0448114290928021 0.0050475470739738 -0.0274615318323165
0.0231108670026173 -0.0513189195126224 0.0218831336622159 -0.0332779848488551
0.0195531915399334 -0.052649754892647 0.0410762221750456 -0.0376350552791681
0.03710698720808 -0.0395186070145182 0.06039303450974 -0.0223199072561339
0.0533104820328983 -0.0179476757161096 0.0733540671335643 0.0208094996587999
0.0645675318092622 0.0367010660175996 0.0417878263180123 0.0588168646684234
0.0221610819234147 0.0759108776978853 -0.010458051410033 0.0572214555439043
-0.0479618743023769 0.0617680125803558 -0.0211959324623725 0.0142145806688651
-0.0895257130217251 0.0237659154962077 0.0645188600033526 -0.00768794690284339
-0.0391217305273745 -0.0178988693968339 0.112717086419131 -0.032531118743438
-0.054995505177917 0.00752117451358795 0.133904122977498 -0.013190372214102
-0.027847898431356 0.0463213050819472 0.112319179735205 -0.043552535296401
0.017593507597961 0.0506058833046015 0.0637619465052845 -0.0768472193014773
0.0379333387850197 0.0101530268652476 0.0180701386790793 -0.0622898819804325
0.0266876296180153 -0.0124650469538196 0.01472922438191 -0.0476577200798419
0.01952682931897 -0.0254736358907954 0.0158686887437352 -0.043129801288346
0.0127414375083647 -0.0313406628359155 0.0266344481258399 -0.0460390148560457
0.0107906673422535 -0.0334921447217683 0.0469674297851291 -0.0513637111369155
0.0236637148641807 -0.0282703740821913 0.0693007825273392 -0.0315688868231716
0.0372612259630331 -0.0134197072562187 0.0838129209113392 0.0165237148779743
0.0439785515105847 0.0280792119592798 0.0494091645510957 0.0596242155654046
0.00800104925039401 0.0541048341365398 -0.00390235958633317 0.0601608958172079
-0.042946991190055 0.0339860097310404 -0.014788680917489 0.0110161931376951
-0.0609791038604001 -0.00594091140872939 0.0806256919673806 -0.0102966994223828
0.0137447888046156 0.0268202572585798 -0.0899582185094952 0.0272272794137985
0.0219114023118387 -0.0109053811048927 0.008067818942696 0.013063998136454
0.00429208629838145 -0.0234241332996184 0.0114028847130776 -0.0682891283454444
-0.018415197438496 -0.00933992068076157 -0.0516645341349662 -0.0727325741195183
-0.011732700149094 0.00859436018069082 -0.0972091387604553 -0.0212339445472333
-0.00205336941197681 0.0097342146090788 -0.0890646479744411 0.0407182462235371
-0.00387050788456042 0.00577959124494628 -0.0534040648584137 0.0634557664282354
-0.00268999322312221 0.00346701050326698 -0.0279499335962495 0.0597995224663371
-0.00130142131821593 -0.000484508968585311 -0.0200053870018081 0.0581898499044996
0.000957821818726226 -0.00416453412306665 -0.0209835756001721 0.0611419455195502
0.0018701962698547 -0.00850429017046333 -0.0288340807575123 0.0632240420066251
0.0131019364270277 -0.00943368512215037 -0.0638276282346863 0.0592803822192039
0.0271516360615798 0.000719314711969119 -0.105848616941557 0.0375273217109805
0.0165136962659571 0.0255375550144099 -0.110904469528896 0.0159359767596499
-0.00341501415440273 0.0413185869656457 -0.102560773679749 0.0353396218801466
-0.0241443581200149 0.0517964832348869 -0.0814852257314914 0.00932664463451416
0.00294317018544196 0.0267624297237467 0.015836436587219 0.00398412001943008
0.0142510247085837 0.0160471550709302 0.0181511982490602 -0.0828582023889076
0.0124445870217925 0.0107543126182207 -0.0531265347829361 -0.0892100339765704
0.0151355115670849 0.00369207780656797 -0.103153816056423 -0.0274587537554107
0.0172071874733074 -0.00504375085446703 -0.092025843615021 0.0373541315714213
0.0102763944101843 -0.0186241000492164 -0.0533624265105169 0.063238273363677
0.00794113033886261 -0.0219117481003815 -0.0239547247896211 0.0564384455914744
0.0125227305868499 -0.0248410308459164 -0.0133468062931277 0.0555451873432596
0.0263729012865022 -0.0170960640454201 -0.0126199720039452 0.0578507787761512
0.0327075203612575 -0.00589335901406415 -0.01776686462876 0.0639085683336767
0.0398728972249894 0.0217202163785555 -0.0496828280817071 0.0640466033279105
0.0265602361305921 0.043490615199549 -0.0925843055364752 0.0438877594549785
-0.0140957031103862 0.0562054764626953 -0.0947355849919829 0.0267128826584924
-0.0498757132208745 0.0607857670981003 -0.0831485260103878 0.0385061403615897
-0.0625858893519858 0.067727549773618 -0.0587319568865246 -0.0105622230247875
-0.0243677412806537 0.0620935043858134 0.0339465577739751 -0.00690173342465381
0.0182539638091212 0.0594039272303929 0.034038327241234 -0.097865029314571
0.0433785029096755 0.0374486605325693 -0.045114153767379 -0.109189635185482
0.0448157128472146 0.00135740843700587 -0.101860310828979 -0.038673962106467
0.0380131591844783 -0.0180938751534755 -0.0888675424017813 0.0262349668195189
0.0246485852579667 -0.0405674646948802 -0.0489373100112334 0.0544813707233285
0.017025753049608 -0.0448928362580686 -0.0168808124904366 0.0453906356973487
0.0218820859053587 -0.0467608532192904 -0.00346147322548291 0.0438403177351481
0.0436031515525821 -0.0311269206637516 0.0023704119123673 0.0478691066077832
0.0555312216963009 -0.0100358719279336 0.00288337460160523 0.0614315449095624
0.065871829624979 0.0372925289057836 -0.0286535923155972 0.0705894477771638
0.0352409683773938 0.073882958507866 -0.0750610775774481 0.0539134408864536
-0.0302933326307704 0.0821063300036778 -0.0762659046952343 0.0337883975971896
-0.0836600076100923 0.0761033125851351 -0.0538191683478907 0.0353323240898908
-0.0936442175802599 0.070682038693389 -0.0226327729079079 -0.0277542439254317
-0.0555658385368787 0.0857105075209284 0.0604956373560798 -0.0159993143660056
0.0121389256323272 0.0988005047333847 0.0580262990715515 -0.10658260429129
0.0669723993023421 0.0674250927030342 -0.0264651013626592 -0.125204383245861
0.0721653727576554 0.00314080254965199 -0.0896062579584943 -0.0516276354157581
0.0558051555459915 -0.0272391780687298 -0.0769702531062845 0.00995386363437298
0.0374206370219608 -0.0561294717524113 -0.039531639076406 0.0381168201721385
0.0235149396002997 -0.0611603686968132 -0.00772871028082613 0.0270223839423783
0.0255914476637988 -0.0618877513913398 0.00927999587851197 0.0244384548752613
0.051251741198507 -0.0424592689027548 0.0193007782891555 0.0310364086569093
0.0678014086970122 -0.0175815917219781 0.0261440331312504 0.0532106435940348
0.0836554922915412 0.0411145227022081 -0.00429841069570219 0.0719684052231175
0.0443566250152992 0.0886598738521179 -0.0548392107279415 0.0606764083727532
-0.0365382848391108 0.096470761784348 -0.0581479080073303 0.0337557209337343
-0.102775073673141 0.0820739354829075 -0.0196571427819143 0.0254492964025701
-0.109728282519337 0.0598713307844273 0.0207803977141922 -0.0398000552614047
-0.0828131112633078 0.0901722483958132 0.0899680975803396 -0.0215190421074709
-0.00461051923488357 0.122647215621088 0.0847219473137952 -0.103131284731835
0.0737969099103804 0.0914471063132171 0.000649065386813701 -0.129215737478989
0.0879912985334922 0.0103395511188479 -0.0657952122016866 -0.062695403723557
0.0654334966507801 -0.0300451279470331 -0.0559992917683944 -0.00883862360483618
0.0441099941888626 -0.0622868573421529 -0.0257075059915123 0.0162363557486618
0.026949083124047 -0.0679470017854196 0.00295985134912102 0.00551108678128692
0.025354369423339 -0.0686715179002397 0.0210332595468786 0.00183128838629252
0.0505612704956587 -0.0486885247814374 0.0349225294191276 0.0107614395454385
0.0698856001055791 -0.0223566792921035 0.0461962198319633 0.039877563124501
0.0884681963590384 0.0396809348804434 0.0176208710333014 0.0678382645497288
0.0457573610252086 0.0920442075198145 -0.0356702469968826 0.0619761338097911
-0.0395408224393379 0.0960895498293551 -0.0436425497455976 0.0287736002320634
-0.10908144483121 0.0747685733020712 0.0122217602141095 0.0114244018415168
-0.104767586678205 0.0386754946362268 0.0638322763160961 -0.0447310297789431
-0.0948316371022259 0.0746812746087466 0.11579061389286 -0.0225973128255285
-0.0223553820908912 0.11971645515337 0.104389889121661 -0.0874649469513764
0.0629976244902928 0.0992981626524605 0.0288541336111391 -0.118289381854452
0.0865124667378565 0.0156283093128239 -0.0348509105459712 -0.0662005794217279
0.063828698067407 -0.0276832974841681 -0.0294894263979025 -0.0260956748121772
0.0431383747883971 -0.0592502043638081 -0.00983801665971701 -0.00689260159550228
0.0251973360796357 -0.0650034331914314 0.0127805818826914 -0.0161116894353722
0.0228001470468144 -0.0650482106630621 0.0308121928531918 -0.0210041644480098
0.0450965572690607 -0.0479893382592098 0.0480104720825605 -0.00932121939374662
0.0640312237994756 -0.0228373454741987 0.0623639395317507 0.0269212893805906
0.081671866047158 0.0376786652737515 0.033908487280866 0.0613337317221465
0.0383012424094312 0.086914941146093 -0.0197715187185154 0.0600498365729398
-0.0432632848117171 0.0839580892904654 -0.031168797271112 0.0217523796444444
-0.103814305234159 0.055508564488225 0.0404508368897669 -0.00138957149586089
-0.0802815018388029 0.0121772222023366 0.0969405409829213 -0.0418220969056327
-0.0846878207137373 0.0447775508242342 0.131350008543033 -0.0192292007823816
-0.030842837706983 0.0921121304815441 0.112980176595367 -0.0658113867834113
0.0428768129659502 0.0838346904365347 0.0495077588597593 -0.098478133937774
0.0679796514879242 0.0152804576985484 -0.00522240896971967 -0.064310340971565
0.0493532540524105 -0.0216022650924423 -0.00425567794931868 -0.0392486220453522
0.0342231523274746 -0.0461212369563003 0.00450076648478903 -0.0278108504014599
0.0198296851265942 -0.0527185719919472 0.0206374675444967 -0.0345276548595969
0.016960086824615 -0.0529527913687518 0.0392446682920146 -0.0397645654632593
0.0352604728073135 -0.0410579057370793 0.0589368427984279 -0.0247751512811434
0.0521004832955114 -0.0195639528204273 0.0748890832922239 0.0170263399847223
0.0665053925640272 0.0339891272615037 0.0450041442960477 0.056681350355375
0.0251021054384688 0.0739221991054388 -0.00844412377591375 0.0585609451687362
-0.0453332002663852 0.062774242591144 -0.021244884009751 0.0153620031155464
-0.0880447547677504 0.0279772941888482 0.0638283307845248 -0.0101925001082851
-0.0397847904987358 -0.0156208009331668 0.112939038869258 -0.035411743230516
-0.0546585275351517 0.0100085974446668 0.133916078750764 -0.0178988501132188
-0.0250624300497192 0.0472437419182103 0.110536935553958 -0.0476145803970976
0.0199578222945603 0.0487250303345041 0.0598232275239143 -0.0788208022325699
0.0376738495327946 0.00867285011364869 0.0152852328142743 -0.0622377159531768
0.0254865072145402 -0.0130907127652163 0.012690793891484 -0.0484598420573701
0.0182369195647153 -0.0265085550625404 0.0139158027003686 -0.0436196151496287
0.011121579620727 -0.0320464795393161 0.024663388810309 -0.0475975081042268
0.00955927363800789 -0.0332391599151967 0.0444063583949152 -0.0531907440563935
0.0222009419903065 -0.0292327434796581 0.0681586518050745 -0.0342275318845886
0.0360936100256267 -0.0143951823121344 0.0853708486987725 0.0128137141626611
0.0451847695179397 0.0263074048184335 0.0519498218022169 0.0575755974606779
0.0103799356983015 0.053235262524451 -0.00119235806614518 0.061072669155038
-0.0414874227861358 0.035258848538983 -0.0145575666851997 0.0121726762902525
-0.0606029379317629 -0.00297900139450072 0.0794733313494108 -0.0136815946942113
0.0140911496787087 0.0255894540070127 -0.0860481928309027 0.0299012634952625
0.0200222820328112 -0.0105749814740015 0.00945610530628764 0.012843714690961
0.0029373583071067 -0.0225502598131989 0.00854809112172843 -0.0677526773960846
-0.0174215620474228 -0.00813840180718457 -0.0538499051405018 -0.0691882351899077
-0.00999534225484968 0.00838623721361602 -0.0955896587110061 -0.0160094324937226
-0.00128787567548608 0.008802098803486 -0.0841181773837964 0.0434513926642842
-0.00329770537881407 0.00543426413988163 -0.0483407022664655 0.0646884271088003
-0.00257393498420477 0.00340912947865122 -0.0248018582391748 0.0597483049907872
-0.00136118359557613 -0.000439927600408502 -0.0163624724225252 0.0577364094264865
0.000972675971404819 -0.00468163954305626 -0.017181938105909 0.0599590175205335
0.00147245573210785 -0.00812114018709002 -0.0251676696356122 0.0621830968063582
0.0125154554373283 -0.00896864907512338 -0.0598877350957681 0.0610475431743887
0.0258405952001903 -0.000216451810058773 -0.100877155648549 0.0417145391922962
0.0161734666423298 0.0244126201553009 -0.107432531422617 0.0192179595989316
-0.00145499382228657 0.0397068616077587 -0.0999911580341842 0.0376497199810073
-0.0222819199530693 0.0517299847020957 -0.0787460379882523 0.0118958353198593
0.00335870554654648 0.0266115015202397 0.0159873894122049 0.0033323143370229
0.0143271073486056 0.0156853564414748 0.0137621373946074 -0.0823393320416508
0.0140788211572012 0.0107787038220848 -0.0555141486597942 -0.0849974821202205
0.0158458897275059 0.00256902394673835 -0.101329525571517 -0.0214733208818749
0.0174799314607852 -0.00654678883309829 -0.0869443871826905 0.0407948464468047
0.00896821751553335 -0.0190116070926623 -0.0480199643883923 0.0635081348293876
0.00651676685252634 -0.0223844186344514 -0.0209791074620915 0.0562019488174006
0.0115319512502705 -0.025408545305914 -0.0101761944349893 0.0543931802701172
0.0251302110470312 -0.018275069555876 -0.00890880152386276 0.0565796439088022
0.031804504201854 -0.00673506724063028 -0.0136608778363874 0.0624865790507345
0.0406185018927419 0.0194360692557628 -0.0459297184543934 0.0646952867180798
0.0267180729744281 0.0414462156445108 -0.0880188331469314 0.0482440020469127
-0.0126014153343377 0.0564658687736349 -0.0913780587998654 0.0291123256398168
-0.0460207542324283 0.0610117008720686 -0.0806856914614588 0.0399351337202341
-0.0586563530420875 0.0684112172061644 -0.0573984537298959 -0.00806987614382906
-0.0218743912966018 0.0614612038502348 0.0332475504865781 -0.00760202339991852
0.0202258362445023 0.0580179457349712 0.0289012922898973 -0.097398138068846
0.0455933741501454 0.0351953858498518 -0.0492603258517593 -0.104886845378439
0.0443251206393539 -0.000657785442111009 -0.100005647799037 -0.0326288947579891
0.0365299746819981 -0.0199038941054956 -0.0844555777152866 0.0293717982443405
0.0223457120335334 -0.0409052524521316 -0.0437457699274744 0.0545053939530381
0.014246823039069 -0.045068831935937 -0.0147119369971762 0.0439497746152687
0.0192498539660458 -0.0467238353730894 -3.06652867864311E-05 0.0417473278403648
0.041235682418622 -0.032633712838303 0.00529824533871951 0.0460676685146287
0.0542764217708001 -0.0119305568061874 0.00653396374600065 0.059345610349898
0.0671537688851658 0.0338557270429791 -0.0240371724950775 0.0698452937435321
0.0370313867021101 0.0706573842826123 -0.0703673074438947 0.0569741379087733
-0.0267858578400437 0.0814452189706608 -0.0729506680738351 0.035565091707886
-0.0781715830655945 0.0774922290195091 -0.0518447522071916 0.0359347405749209
-0.0886590254045621 0.0717643892176505 -0.0229015275505804 -0.0256781705825823
-0.0512301035764719 0.0857863574365708 0.0584882655720938 -0.017825417453088
0.0157521878423032 0.0963472213380025 0.0519747348761852 -0.106609583989727
0.0692796093151332 0.0629027000373343 -0.03211860464757 -0.120924619805046
0.070740756445874 0.000240888008995309 -0.0884553161846757 -0.0464046559355307
0.0534309551634565 -0.0295426990056907 -0.0735045491292216 0.0129069556157591
0.0334826587480221 -0.0563639758166627 -0.0353816300640775 0.0378355428248889
0.0199054460070376 -0.0609047998614606 -0.0065323491462341 0.0258061503552041
0.0219826629341197 -0.0615065018839457 0.0107176500125269 0.02238076061876
0.0479498861087887 -0.0443955468503118 0.0211259894376329 0.0287877128064433
0.0658424020552786 -0.0201574143051077 0.0285290292191571 0.0499117784100473
0.0847841025638122 0.0361374274175402 -8.62388014772266E-05 0.0699032771787834
0.0468142005345579 0.0847661885289438 -0.0505220109268486 0.0626898523707615
-0.0326080598845922 0.0955410629542377 -0.0558029555338496 0.0359569656751451
-0.0967862561256341 0.0841144629601418 -0.0194820029878302 0.0250188602509885
-0.104672333187483 0.0625277282523686 0.0193312787870846 -0.039204076175618
-0.0776502292664024 0.0912375395712405 0.0867429111434701 -0.0241348969329109
0.000841246497733043 0.119658710720641 0.0779050152116162 -0.104648618442673
0.0766663403365976 0.0862212402088339 -0.00501797026363953 -0.125821864893204
0.0859567660967174 0.00611659475029368 -0.0651738832337577 -0.0578286493834678
0.0630463227608956 -0.0326084223059773 -0.0544699840988422 -0.00657790734066189
0.0398074329891976 -0.0629665927639883 -0.0228092680904265 0.0164939456784362
0.0220807333531621 -0.0681155998568977 0.00311545304354907 0.00415489498605947
0.0216537465437034 -0.0677383977827709 0.0208865572930695 0.000159138677012859
0.0470244992709608 -0.0497944869468472 0.0348618012811085 0.00858921366309503
0.06731440476034 -0.0249769473737271 0.0478666119180836 0.0362694167518134
0.0888484816427908 0.0342777135743015 0.0209977037762981 0.0651229635133617
0.0488273882808177 0.087507539582041 -0.0316130539293424 0.0633358471174439
-0.0356378081381205 0.0954980949838197 -0.0412956419673163 0.0305751919114209
-0.102912521588091 0.0777648994619051 0.0117576511203188 0.0104260358189896
-0.100830921708306 0.0421296281437766 0.0613494871807213 -0.0453750322094156
-0.0892082776514473 0.0766688956719635 0.111720597991633 -0.0261235748694863
-0.0167363589863411 0.117750993699919 0.098648562617776 -0.0898243331255093
0.0668760918889249 0.0937679976850295 0.0224193655535506 -0.116348289552078
0.0847985341624435 0.0113007819420477 -0.0357564235725309 -0.0624765867516776
0.0613744065227682 -0.0298046973724305 -0.0295596440303328 -0.0247873974685569
0.0387103089165404 -0.059279621983537 -0.00897013320894749 -0.00674908308550212
0.0213869663911817 -0.0648108412863323 0.0116204522948819 -0.016678076627481
0.0190301088585352 -0.0640323201437423 0.0288917058691113 -0.0221763904842348
0.0412095479313368 -0.0487297591187574 0.0465977224692966 -0.0112499399130921
0.0611677647139672 -0.024771500608893 0.0628530198189229 0.0223426944409807
0.0813398914189417 0.032409259642147 0.0364970032314324 0.0580251603727147
0.0409183114625993 0.0826938728032698 -0.0161762275283893 0.0608270499346572
-0.0392709650486675 0.0831874879350005 -0.0297340924767405 0.0230387968299322
-0.0983245134287627 0.058782817621125 0.0386980891613558 -0.00307230028390969
-0.078325722520606 0.0155304515932807 0.0940726602371814 -0.0433344799019328
-0.0807311879686438 0.0477249790953793 0.127340704578966 -0.0236316836335015
-0.0260916443833223 0.0904502996933303 0.107966027989165 -0.068937435869617
0.0459659091475947 0.079242425188338 0.0436190513027552 -0.0971047497426593
0.0666041102194478 0.0118688818172119 -0.00725506390607992 -0.0623104472608762
0.0474151484001405 -0.0228805805912888 -0.00611789240344791 -0.0384004759397849
0.0299868828668502 -0.0462456535832268 0.00397466129012614 -0.0279179032006559
0.0163916011353724 -0.0521945439787784 0.0185407295167238 -0.0351353014120637
0.0141335812273995 -0.0521613461869017 0.0364817119421779 -0.0407065594144425
0.0322564544484439 -0.0410199361252288 0.0558910795695311 -0.0266318673123986
0.0498637242753516 -0.0209992754528929 0.0745376625539105 0.0130285538826566
0.0663693787621625 0.0294893153365228 0.0471293421863882 0.0535850996600434
0.0278398663578697 0.0708482393056894 -0.00551704786439132 0.0583918549611289
-0.0417859780879566 0.0625924419238509 -0.0200981894404559 0.0166755402845709
-0.0839475885264875 0.0313433611724933 0.060645199950753 -0.0127124120066842
-0.0398528046527043 -0.0132636739392598 0.110273792328189 -0.0381723873978136
-0.0523751006629749 0.0122855103151927 0.129425232507603 -0.0222230039438832
-0.0223650390313287 0.0466832424909817 0.106314221893812 -0.0505313853095895
0.0213360642237527 0.0460254426759821 0.0544341691173135 -0.0790412239755953
0.0362392580000312 0.00640415915575151 0.0125826138522331 -0.0609318194549684
0.0240791219772083 -0.013296974087737 0.00998143869823208 -0.0484640052566607
0.0162782782231236 -0.0258076977035752 0.011917112174208 -0.0434210793845341
0.00871847194563732 -0.0311086307426062 0.021869836985749 -0.0472555521663447
0.00754473865482573 -0.0325717872778416 0.0408872034563387 -0.0535301858195724
0.0200018504062408 -0.0292374607867086 0.0641192518491504 -0.0358584387023146
0.0341434585203491 -0.0158682869732069 0.0836167778236064 0.00823233627593034
0.0454727584506592 0.0225752569268552 0.0539944245117553 0.0532531401682606
0.0127047681805095 0.0504096048210336 0.00131422590482659 0.0603019074883049
-0.0389176804467603 0.03541212541747 -0.014408116850032 0.0126808630624819
-0.0586316285700812 0.000295140952535784 0.0762664007407897 -0.016670343618471
0.0136496548521462 0.0243508512499779 -0.0817421323811798 0.0298407347860265
0.0183026737835284 -0.00987776253709618 0.0100719584102114 0.0118390180736628
0.0024337822751071 -0.0207301679565512 0.00614679846649369 -0.0659253061226251
-0.0161451779915159 -0.00727288856205716 -0.0537206886879924 -0.0652388389799049
-0.00900557243153022 0.00776636557800198 -0.0916500566607041 -0.0130224770951433
-0.000184489081128848 0.00772311287174952 -0.0786340614662312 0.0438085500617339
-0.002131119918675 0.00539679488597486 -0.0447606808255734 0.0627155921072457
-0.00199984586051178 0.00278649147949489 -0.0220664236756197 0.0575008714327017
-0.000994095094677664 -0.00124346896381755 -0.0137457243489724 0.0553020909145522
0.000920578539726134 -0.00443741390054286 -0.0144337375994686 0.0577286639639758
0.00126771753782969 -0.00711273255410331 -0.0226297242711491 0.0597383510656924
0.0121409806425911 -0.00893404385094451 -0.0563646065596921 0.0595977562643028
0.0239325947543472 -0.000650542162688867 -0.0955126700987969 0.0425579738500138
0.0152562675066785 0.023428664972072 -0.102896191441474 0.0198899750791308
-0.00114681054941293 0.0378637581627755 -0.096094718252882 0.0380915078001744
-0.0202238581927509 0.0499304961281715 -0.0750413075218891 0.0129567449547517
0.00263713768502494 0.0257933034721475 0.0163906893996246 0.00300761644443856
0.0141732434771021 0.0153465857532485 0.0113234284653246 -0.0798609185738743
0.0143636040915738 0.0102774269223042 -0.0559606877436788 -0.0804353464137612
0.0161920537574197 0.00195983493760783 -0.0968569498152128 -0.0188557215935467
0.0169460256317818 -0.00727839752153884 -0.0813026446750403 0.0409432411330278
0.00830644376258482 -0.0186847669991268 -0.0438804275073318 0.0614395813412592
0.00526874419651208 -0.0220280804354328 -0.018300208143809 0.053699771651004
0.0102145953275588 -0.0247306510220366 -0.00772655636643869 0.0518857922696666
0.0241374321343914 -0.0184627474304803 -0.00649071271857836 0.0538438671399882
0.0309613304710097 -0.00687771809286865 -0.0115159026301661 0.0595914936846334
0.0402869007964675 0.0183674462991193 -0.0422146120848509 0.0629205640253946
0.0262801035959055 0.0398940519021099 -0.0830151515386281 0.0485894007948003
-0.0114372710649281 0.054531001904014 -0.0874163177101133 0.0295145648151786
-0.0429109397405412 0.0590350904580959 -0.0778954131554096 0.0395552283172795
-0.0549867033650161 0.0665325856804863 -0.0550113432904707 -0.00657885813529036
-0.0201401444656904 0.0594032792138967 0.0318657751247551 -0.00781707235431063
0.0210653604804207 0.0552279547894504 0.0252265490422749 -0.0945775645862218
0.0451949799844728 0.0325658300405467 -0.0498839005130325 -0.0992889150547434
0.0429655355213893 -0.00158021387330628 -0.096013558335468 -0.0293604726255205
0.035210415191759 -0.020509070793603 -0.0798455407527603 0.0302084545284509
0.0198867800602665 -0.0399011382581419 -0.0398625676985954 0.0520325118085242
0.0119902194062654 -0.0437042575327252 -0.0126302192260969 0.0422726137240303
0.0169911440526241 -0.0453343706210473 0.00117262123854731 0.0395340146973475
0.0387562721281962 -0.0325342098746503 0.0071454965279349 0.043702507450832
0.0521228348195883 -0.0129733541842024 0.00841868847225296 0.0559253981181748
0.0657796681378619 0.0306336630034063 -0.0213816993525074 0.0672727053894304
0.0365662675314002 0.0670349886284581 -0.0656799991798587 0.0571350198903302
-0.0250956183602133 0.079213215503756 -0.0698972158883853 0.035666907540316
-0.073225491813166 0.0757489554852605 -0.0499233074008149 0.0352075856450931
-0.0841732427002057 0.0706462381136887 -0.0220443740748011 -0.0243518310877796
-0.047968675158233 0.083515717128952 0.0558582941180044 -0.0177271367946867
0.0172938145988467 0.0922122268826014 0.047654341402749 -0.103989101986728
0.0689279341266456 0.0585984499577375 -0.0335249640951517 -0.114954001878748
0.0678739325527391 -0.00126631156141479 -0.0849906828190936 -0.0425700357474487
0.050854702696707 -0.0299126971959568 -0.0696916200464544 0.0136584236632442
0.0300596800354367 -0.0546128419481033 -0.0321419003191664 0.035872925491115
0.0167882754852523 -0.0590383243646769 -0.00528231124423374 0.0246103416796331
0.0192572634139208 -0.0597036700856719 0.0111823963337456 0.0204142363565801
0.0449941325620562 -0.0438999899872129 0.0215819590027422 0.0265750596474154
0.0627960736258244 -0.02087764836169 0.0291922135973024 0.0462761176927677
0.0830635100164435 0.0323823284862074 0.00191239834968587 0.0669824652984872
0.046745260445782 0.0805038645499665 -0.0462095263437791 0.0621926144485188
-0.0294752860203947 0.0920583019159677 -0.0527967036192289 0.0353092317991295
-0.0906258571529387 0.0825603026240922 -0.0186757611073411 0.0237863830820012
-0.0999501496481324 0.062029782585749 0.0182668973242662 -0.0375285139047252
-0.0732854647317917 0.0893268525696485 0.0823909793905008 -0.0243192005857868
0.00400199806525176 0.114762001676685 0.0726798852940117 -0.102242629804943
0.0767363954485789 0.0803581765494883 -0.00843387807022016 -0.119956199483055
0.0825825747841608 0.0036642494145964 -0.063528643768586 -0.0536956121489252
0.0597443630425214 -0.0327784605332549 -0.0519073136829784 -0.00518844109929518
0.0359392098497771 -0.0610572337635241 -0.0211230079796116 0.0149264444233391
0.0183413006810051 -0.0657232514360307 0.00268747192116136 0.00399824679208653
0.0188507185614654 -0.065380007933566 0.0197491063915666 -0.000963602739241882
0.0436772817307782 -0.0492388785017872 0.0338850915175504 0.00682599115098311
0.0641067245950992 -0.0253149025657608 0.0470993650334767 0.0327129383006586
0.0865169719974363 0.0301697039669457 0.0225354792673873 0.0615346994998359
0.0486634730871846 0.0828375464163121 -0.0284405048734231 0.0624502646884965
-0.0320791516954715 0.0916026320710783 -0.0393064906723339 0.0302145368046332
-0.0963906239034818 0.07644452823036 0.0108118672222819 0.00941223093346654
-0.0961949107808364 0.0427407733041024 0.0587967333338817 -0.0434908603064637
-0.0845749841801602 0.0758256004118434 0.106662833529131 -0.0266520117646874
-0.0127793665780203 0.11278755884244 0.0920455399590426 -0.0882286527910559
0.0669199978737564 0.0877634632407047 0.0182297263620446 -0.111490494938798
0.0807838607398969 0.0090793329653268 -0.0350506885956488 -0.0587341510280475
0.05783029224891 -0.0301654834868916 -0.0290593888258588 -0.0227955521807873
0.0353661835607316 -0.0577356263494443 -0.00843192801074037 -0.00749159623004826
0.0174643945716802 -0.0622834813462297 0.0107044708506653 -0.0166059490832806
0.0166400991807685 -0.0614388502523757 0.0272320330817494 -0.022190543429684
0.0381680510336382 -0.0474942769370756 0.0446117265276022 -0.012143040544185
0.0577819677988794 -0.0250216010858389 0.0610272856446194 0.0192099197282479
0.0796546561513126 0.028373893445222 0.0369044086350016 0.0541645568261906
0.0410576404139953 0.0779182566539627 -0.0139148357750304 0.05933110385112
-0.0361927013973185 0.0807236582423913 -0.0281101191961327 0.0230545208870223
-0.0922010432143761 0.0585860765395776 0.0360363892588202 -0.00390860754123968
-0.0750315917570041 0.0167500248669507 0.0904208247333097 -0.0433287655997946
-0.0760750100907792 0.0478575109364737 0.122041899368045 -0.0249939329513423
-0.0223072338621862 0.0874612500061523 0.101765287981638 -0.0685856600300733
0.0466753354454797 0.0738601253493786 0.0387821742928034 -0.09326834203116
0.0633196463239695 0.00991971752065517 -0.00816651203435517 -0.0589438571145732
0.0447238569503756 -0.0229645577698107 -0.00701939113075754 -0.0365241816241228
0.0269842037428391 -0.0448413699584888 0.00360561536953662 -0.0266387487698316
0.0135792613611684 -0.0503827775048059 0.017392259226668 -0.0334427437665575
0.0122610057824418 -0.0498210096593497 0.0334032224995779 -0.040068311306531
0.0293413024717831 -0.0401381298095664 0.0533504708696955 -0.0266823795600214
0.0472441595216829 -0.0214692228033737 0.0719299481842318 0.00984958811924369
0.0643603076855944 0.0258298580814126 0.0467265319337628 0.0496069222561097
0.0280357053469072 0.0664427240703833 -0.00347426867263552 0.0570448172818043
-0.0386544353900743 0.0603628571436326 -0.019294521668837 0.0166566049496377
-0.0788213236634043 0.0321677660966488 0.0572275281433212 -0.0132637261068555
-0.0383210720745004 -0.0107106865187667 0.105808418770269 -0.0382238678093673
-0.0498595468778644 0.0133211709364196 0.12370763037201 -0.0238330025738945
-0.0203495720927607 0.0447851515712642 0.101049058540559 -0.0508249653585874
0.0219069627052501 0.0424452841459424 0.0492432363653614 -0.0757316528588653
0.0337281054811942 0.0056528267495256 0.0104568711303323 -0.0577832868853252
0.0222004220264198 -0.013043798854425 0.00799873211791005 -0.0462683522112755
0.0144502356096525 -0.0249763177004918 0.0102689533457612 -0.0415981741336291
0.00699838043845585 -0.0296697870709547 0.0202458557686837 -0.0455765505715495
0.00641141375291625 -0.0307086811670311 0.0374610494385881 -0.052565303460878
0.017734464359947 -0.0279254868279292 0.0603625335354212 -0.0357743547434107
0.0318518123824748 -0.0156326840267442 0.0803473085978488 0.00531518557632466
0.0434976644626408 0.0200709632720282 0.0531453356688357 0.0498700611284741
0.0133575701955051 0.0474310865853706 0.00293016379457732 0.0580163400114576
-0.0362666116290416 0.0342963406659205 -0.0137438785626286 0.0128207071480218
-0.0549320630798412 0.00223080753823172 0.0718223440518269 -0.0178700152213202
0.0127518297285692 0.0239407640457246 -0.0785313367757041 0.0281818845070084
0.01714572021151 -0.00902882312991942 0.0102226485714334 0.0111735411513456
0.00247203194169095 -0.0194549485178283 0.00549265063641689 -0.0643269754162372
-0.0148012798071442 -0.00644898464156768 -0.0521557058069811 -0.0630011638964892
-0.00813029106299045 0.00679970490039852 -0.0879326858941371 -0.0126608617363419
4.46623744709829E-06 0.00696116237856071 -0.0746193736962058 0.0423043823556458
-0.00236571864833558 0.00511016608444896 -0.0422781637076413 0.0603712668426833
-0.00188744681812898 0.00255983666600726 -0.0214027858686502 0.055429078396177
-0.000562652201749426 -0.00164763368241003 -0.0135967314342419 0.0529333301087971
0.00124316047463778 -0.00478830068074266 -0.0132981353932066 0.0554280213472737
0.00156010447370312 -0.00686745225016139 -0.0221503481129009 0.057305128283428
0.0118329921922469 -0.00803868442854176 -0.0544212832530746 0.0580123524168508
0.0223306846340559 -6.96377356260844E-05 -0.0913787717418761 0.0412340490572307
0.0136574665207524 0.0232075469659803 -0.0998048801778174 0.017798768901812
-0.00121208408268624 0.035856408236392 -0.0945192756859001 0.0355498394199824
-0.0204865213054772 0.0480098979828373 -0.0720260905852546 0.012415807780705
0.00247045625814556 0.0255128720863654 0.0158464151021619 0.00326125696740182
0.0141623977000333 0.0154611664085632 0.0106877674398061 -0.0780103804959158
0.0142598715487651 0.0101065323937478 -0.0544477439414379 -0.0780383541309465
0.015922029799273 0.00179145933179374 -0.0929871599351157 -0.0183367932974889
0.0165931239615277 -0.00753241454331236 -0.0780931412000009 0.0389948571567743
0.00819744208899607 -0.0184064734545321 -0.041872978996117 0.0585169643310164
0.00508464166276626 -0.0213905283510235 -0.0180674050980602 0.0516182625452862
0.00998641604956876 -0.0244892343071322 -0.0074962009267717 0.0493293885870681
0.0233895416484262 -0.0182029469402226 -0.00547948763165915 0.0518083769591244
0.0299734895494283 -0.00669042170177403 -0.0108288863294238 0.0571631788903125
0.0391287782853039 0.0177390960694309 -0.0406535387619895 0.0608072407083647
0.0242742079872275 0.0388351575158867 -0.0790480554286603 0.0474713128909979
-0.012368931032764 0.0528868194931494 -0.0851412130862445 0.0275350781511747
-0.04178993440588 0.0563950099738524 -0.07658862841686 0.0372680168175432
-0.0537110208648466 0.0641694874575216 -0.0526834775512946 -0.00679240008656743
-0.0202594363938096 0.0574913962140909 0.0313848224343369 -0.00744151593086474
0.0201004535840484 0.0540098746221568 0.0243405002907989 -0.0919436174260355
0.0446248754440702 0.0317014619445163 -0.048265577657122 -0.0958142651478764
0.0420841517946949 -0.0019421024384718 -0.0920112935529787 -0.0295455945267885
0.0341752269979504 -0.0206104096025683 -0.0761173052319796 0.0286955578375894
0.0194877954148541 -0.0384799428997567 -0.0377710315691309 0.0492397695879352
0.0110145993582511 -0.0427603687111937 -0.012685643789123 0.0403509938567371
0.0165240786369651 -0.0440277307274798 0.00142314256902323 0.0372949407717584
0.0377220922179419 -0.0315591984788522 0.0072503130614176 0.0415705009487795
0.0505056855141259 -0.0124885277637986 0.00783652116109555 0.0532581731190966
0.0643629310539366 0.0295429251254316 -0.0206479177402686 0.065279934242998
0.0348198251035798 0.0651804374649441 -0.0631998509480846 0.0558563090015848
-0.025057069211403 0.0765010994487568 -0.0680729410236054 0.0337784482155579
-0.0712259710204394 0.0725106850212219 -0.049444150827607 0.0332679734422452
-0.0810387372421334 0.0675547753448282 -0.0208500933916722 -0.0231476327416536
-0.0470245461373771 0.0805977917710787 0.0539908447617105 -0.016496942068634
0.016655090549326 0.089811132432989 0.0461015023721531 -0.100466804533909
0.0671787545028747 0.0565754636492827 -0.0330450467806301 -0.110914096742645
0.0660177930423639 -0.00125009681300678 -0.0812607998065513 -0.0419638983054601
0.0495345181596356 -0.029558602804413 -0.0669819940062514 0.0130645362520172
0.0291270615092888 -0.0525814512239356 -0.0302388225607832 0.0333525115307061
0.0151792912510131 -0.0572108520842845 -0.00516947231524721 0.0233837562461006
0.019121121017485 -0.0578911221900609 0.0106866560096906 0.0187832194109874
0.0431536728154107 -0.0424283538816027 0.0209826118541315 0.0250613828364093
0.0610923712504228 -0.0199862442932445 0.0285864175580151 0.0438879677323244
0.0805261509946232 0.0306518122551291 0.00206826000933154 0.0648511895954386
0.0443157434578913 0.0775608899936264 -0.0445375058591656 0.0609200662181082
-0.0298275917275232 0.0892800451332579 -0.0514980930179994 0.0342997065092298
-0.0875398048625436 0.0790791200782744 -0.0190967906119177 0.02269711075383
-0.0964648076512843 0.0596169062338028 0.0185180859314881 -0.0357420345413706
-0.0713753696204935 0.0857638971573818 0.0802490351322729 -0.0231320731050886
0.00386550400324609 0.111150254304774 0.0703654670737252 -0.0986202486704403
0.0743786182795483 0.077687102656601 -0.00856857628591244 -0.115420284326902
0.0795849118458219 0.00395314140249025 -0.060177342517005 -0.0525815257616261
0.0578777246707638 -0.0320863783225495 -0.0499532271619065 -0.00503402737234447
0.0341519091419529 -0.0592628312749973 -0.0196237169911896 0.0135992400776289
0.0171556152787726 -0.0636731821839951 0.00286396971467121 0.00344653539790562
0.0181016795361525 -0.0630217804609097 0.0192967217052323 -0.00164601532492633
0.0421676272947032 -0.0474850432861126 0.0333922751358581 0.00625881762504861
0.061789552155648 -0.0240363173523738 0.0459455307657366 0.0308562350727655
0.0840462804145312 0.0287058292342467 0.0220655334359209 0.0597025084258891
0.0468771030604796 0.0800127452255017 -0.0269492733694481 0.0610261995340771
-0.0318467752184591 0.0887927963487938 -0.0383920423441043 0.0291186755484507
-0.092985511592514 0.0734970765609437 0.00957918355554154 0.0092472981201273
-0.0937197918740557 0.0411384787465109 0.0581213359002731 -0.0411689773368614
-0.0823632858645874 0.0731213198722384 0.103132069705454 -0.0248424099910856
-0.0125747099968239 0.109182444443136 0.0891391272392419 -0.0850293128455929
0.0649185878473767 0.0841607759239332 0.0173544803758929 -0.106667879143788
0.0777683773883082 0.00892068359300967 -0.0333564352509351 -0.0572326309624295
0.0559326465202679 -0.0290525165476032 -0.0280837924842413 -0.0222443930212899
0.0335279100513573 -0.0554264063405479 -0.00747333423105039 -0.00766939307270225
0.0155821733144771 -0.0600374385202033 0.0104918210653621 -0.0159039085019272
0.0154895108309787 -0.0591661812888196 0.0261345414611757 -0.0218093098000074
0.0366276857320582 -0.0458935408845126 0.0427706206681528 -0.0118604824285853
0.0559244317730932 -0.0238178312220659 0.0592926069677375 0.0177609737011573
0.0771990426708715 0.0270357923238034 0.0359649864003526 0.052503320218398
0.0395011511298589 0.074697107969092 -0.0130443930244237 0.0582932664238182
-0.0351582070075925 0.0773056269642627 -0.0274823070728297 0.0226008605461213
-0.0884946757827075 0.0563853880842134 0.0342616666100712 -0.0038500093138349
-0.072380690986157 0.0164671968606614 0.0888050303856017 -0.040587812494652
-0.0738173161077045 0.046603223253666 0.117653447686823 -0.0234683879278519
-0.0212830169836393 0.0839290746694608 0.0982793914199628 -0.0653264768846335
0.0447865623847159 0.0712227231222595 0.0370250268237714 -0.0893744342199934
0.0606414426876741 0.00974207783804475 -0.0071529994364425 -0.0566360134974614
0.0428082348294255 -0.0218635677816529 -0.00636466940734048 -0.0352814140594547
0.0260751879736245 -0.042794955201037 0.00381810362842543 -0.0264293328894177
0.0122756610237509 -0.0483772478657388 0.0164414717996172 -0.0325125200517529
0.0115165062942903 -0.0478458402733362 0.0320342930416395 -0.0386753573382633
0.0283312843851456 -0.0382971291114542 0.0512537882696291 -0.0257436355764053
0.0453135626799623 -0.0200884779281285 0.0695253368854444 0.00877426546467797
0.062208203972367 0.0241874638383902 0.0455487591879316 0.047704516201547
0.0272005047103272 0.0631605666882614 -0.0032756914658687 0.0559483000696312
-0.0373671336767535 0.0580602877234661 -0.0185985748362809 0.016447715896971
-0.0750009140238265 0.03123952257702 0.05485088327346 -0.0128114075340963
-0.0368233679132397 -0.00969884867256158 0.103574565859364 -0.0357524925260305
-0.047686004825715 0.0130821923592844 0.120078955797167 -0.0222255870384892
-0.0194883623857967 0.0430022433192639 0.0973868995697331 -0.0487639757430442
0.0208831569293616 0.0408334168823829 0.0476061832772781 -0.0725386340670173
0.0321727579697884 0.00529825318916211 0.010746368367103 -0.0554707067969975
0.0214336499981431 -0.0117361950627286 0.00759229751404162 -0.044540876170878
0.0132725960796326 -0.0233678144257028 0.0106464670953458 -0.0402058440769499
0.00622269853684616 -0.0285512202355963 0.0198941512361865 -0.043533461665052
0.0060498057170979 -0.0292245241117193 0.0360266284382064 -0.0498145732576187
0.0168517872131604 -0.0268462252371534 0.0581297059217274 -0.0340087736736464
0.0304187475197508 -0.0145496494390389 0.0774816341639256 0.00516231209261926
0.0421035094397846 0.0186248499483063 0.0513929385668491 0.0483355343020905
0.0123943678889572 0.0445825681054028 0.00282501880003856 0.0568445213423123
-0.0350160644171476 0.0330565447240318 -0.0135401907659487 0.0129533605758943
-0.0524564688238606 0.0022907145687056 0.069098889910575 -0.0166567085546526
0.0156939037503029 0.0203817155272318 -0.0748184880570247 0.0437245135320645
0.0146944887559384 -0.0106930843858735 0.0137464502901864 0.00939585334732372
-0.00108784276235704 -0.0189720855030677 -0.004735278228103 -0.0659148284819228
-0.0160985380380411 -0.00303732647474326 -0.0627715455510394 -0.0549657812170265
-0.00712353882962938 0.00811994955864947 -0.0902644703952951 0.00255423290705564
0.00186481002604739 0.00702170546016171 -0.0665825649772325 0.0542218797239092
-0.000726920034282136 0.00558704220268285 -0.0315482950688137 0.0650606093254614
-0.00143368880895112 0.00284286902746164 -0.0115093213340105 0.0579360255343156
-0.000986930129925974 -0.00119392817638654 -0.00405593996151591 0.0547204055141572
0.000535893754881266 -0.00415629723101946 -0.00365910797174521 0.0575700761119837
0.000187858419575476 -0.00578916044924122 -0.0116451073015892 0.0612872002115794
0.0088210146836296 -0.00957609940348419 -0.0432455044046223 0.0678512029943821
0.0193199697519724 -0.0037545840270215 -0.0833823082759342 0.0587450515880169
0.016193044137192 0.0196090032477967 -0.0981621718815288 0.0357038195299846
0.00356967698479897 0.0343242394430757 -0.0906276733061499 0.0499337464147065
-0.0115129100908845 0.0484512168861571 -0.0737901001400001 0.0259820217509196
0.00633644293225561 0.024292916724095 0.0161456683675302 0.000857161586199678
0.0155924268235783 0.0116777275179781 -0.00382849273127074 -0.0775079502358279
0.0149583262214868 0.00646389055870112 -0.0677755405873617 -0.0669286063472276
0.015164972864905 -0.000904971532419517 -0.0951175789558886 -0.00143338699286999
0.0151738919167769 -0.00989708136554779 -0.06864655410528 0.0520559307995803
0.00458012744894145 -0.018675702036068 -0.0298421343360497 0.063873254273545
0.00102262140508974 -0.0212691095974079 -0.00873166417221331 0.0536487362314511
0.00530591666290092 -0.0248670632288928 0.00168517442727977 0.050033828216134
0.0194808401492058 -0.0211329162329938 0.00371846223944404 0.052966236344618
0.0272262535276488 -0.0102097097033855 -0.000559593578516962 0.0592547611549222
0.0397210125312258 0.0107284472606127 -0.0305993513206316 0.0691225554247426
0.0279131138721093 0.0328776083471396 -0.0720718918241983 0.0630113366945188
-0.00387686318990085 0.0531091394097634 -0.0814757249933256 0.0410521086222708
-0.0323381181183947 0.0620451673713263 -0.0710335352815648 0.0460580828212004
-0.0402330228525989 0.0686483599943373 -0.0591032771434915 0.00277627124706164
-0.00979158367547706 0.0583660408198329 0.0277402941502161 -0.0117103228776207
0.0284436175443461 0.04697798994654 0.0052807882607024 -0.0917345507179197
0.0471023565740755 0.0209017420056991 -0.0658584274240326 -0.0823423904756027
0.0388162853564814 -0.00836224004254537 -0.0941974655213146 -0.0112407823145717
0.0297946125489135 -0.0249756435506313 -0.0680259378823064 0.0419204073850925
0.0110681632029133 -0.0398148414500315 -0.0255952770096155 0.0541771502221111
0.00336148243241173 -0.0420756272291141 -0.00490146097798542 0.0412954947006531
0.0086054540907586 -0.0450821410089791 0.00739569253784802 0.0370516131538166
0.0308344766049555 -0.0364729954745544 0.0147418348189914 0.041027312337782
0.0458373520273077 -0.0190018768201593 0.0179397679004977 0.0520064001202081
0.0655671465594982 0.0176205535339809 -0.00958415842846305 0.0700438056226415
0.042466898491939 0.0563352127833169 -0.0550052133570668 0.0686695857593933
-0.0121040577030062 0.0786752450809745 -0.0633538182783096 0.0426357524174694
-0.0575136015985449 0.0828802813116672 -0.0435985456698434 0.0355887526227751
-0.0659665157648346 0.0767039026841264 -0.030779223589838 -0.0203361374489293
-0.0312531877022435 0.0844601148748271 0.0477252354801332 -0.0252437075107933
0.0314299542747268 0.0808826919832645 0.0228597821354123 -0.102780068910734
0.0734663574225383 0.0394756222941128 -0.0540043702570544 -0.0979339069856871
0.0621137682815165 -0.0121033409343009 -0.0843510762639292 -0.0245194840115061
0.0425205113873938 -0.0361921456005158 -0.0606325748780954 0.0254732494794737
0.017307310741438 -0.055179936806527 -0.0197620626832237 0.0379951460861132
0.00515007594574876 -0.0569014686335364 -0.000813940631011177 0.0233185359012498
0.00824850019303094 -0.0582101289574543 0.0134515049737534 0.0175447360494623
0.0348490359786608 -0.0476882091384175 0.0260962039865122 0.0223638582309545
0.0543496857698404 -0.0279348808930618 0.0368474355850989 0.0386514332049171
0.0814930647226002 0.0159298363752793 0.0131447714371032 0.0657294125880538
0.0541597036142022 0.0666569114793464 -0.0363564187484928 0.0707440378902413
-0.0140920113663705 0.0913237004403916 -0.046700964131262 0.0392000746193381
-0.0717529823549661 0.0922764721248065 -0.0145279531667335 0.0195493952806489
-0.0816078145248856 0.0711549788220079 0.00680858297795544 -0.0402016961349322
-0.0530107716566722 0.0939712734562738 0.0715237923663162 -0.0366347620469362
0.0229913379738161 0.102926965824129 0.0454745344344267 -0.10411033842102
0.0842062144309028 0.0574561435735445 -0.032018352055674 -0.105141628835509
0.0756773909412071 -0.00971099709809757 -0.0651745990485248 -0.037841884258622
0.0496621919814392 -0.0401014471057156 -0.0468675130172796 0.00503088480466725
0.0211288205609943 -0.0617213148130681 -0.0116084000860221 0.0167228064088854
0.00553000842210959 -0.063319376196703 0.00360336788242707 0.00307077313288314
0.00709023339033347 -0.0630797372215963 0.0182649974614365 -0.00447027873915344
0.0327515019650068 -0.0521797561383053 0.0347078498928184 0.00135707380645036
0.054943520639924 -0.0320455100325997 0.0521882010418523 0.0223990753037154
0.0847947197448692 0.0136705378933904 0.0318155626263177 0.0565726440476771
0.0566556383834739 0.0679213373523779 -0.0185606754171741 0.0677551604722609
-0.015999713210573 0.0913498573155056 -0.034120204991676 0.0318498330305247
-0.0775113685284836 0.0881835316934689 0.012540997085054 0.00145843911828844
-0.0812207467238788 0.0539969352519574 0.0463473295767173 -0.0541677478613854
-0.0654362752431829 0.0830790372071251 0.0946192501009125 -0.0436155649780598
0.00773270021039124 0.104334199944047 0.0658019371044544 -0.0956758954121766
0.0762249379720388 0.06586385089952 -0.00544827764816665 -0.101130403444819
0.074270027116069 -0.00523335521965052 -0.0392703706736387 -0.0464941284037684
0.0482189947643632 -0.0368692183815848 -0.0279887194277921 -0.0157554078414404
0.0211356361626329 -0.0587726002153052 -0.00334933467087129 -0.00567240067514771
0.00530041871089375 -0.0599609267204644 0.00816798511191366 -0.0177629918060644
0.00488488553796726 -0.0586995749707496 0.0215783953183798 -0.0254752462634833
0.0277949292386161 -0.0496944773322765 0.0410459260163942 -0.0183389567219525
0.0496683798387127 -0.0306238014274881 0.0629497701810232 0.0068471672518289
0.0776184357709122 0.0133193886322873 0.0448244120189201 0.0467456998367728
0.0493704902466485 0.0639283493194127 -0.00543390167927845 0.0622174531708217
-0.0206868706179901 0.0807807279084137 -0.024028426282982 0.0236674579711012
-0.0753665363691019 0.0703994313080427 0.0353775859314511 -0.0147478353538992
-0.0645036647665508 0.0279522301305409 0.0796714049691429 -0.0589019199603454
-0.0618139373947587 0.0564215753844221 0.11126806061443 -0.0447528686736056
-0.00509781053446225 0.0819084802446644 0.0799362254691914 -0.0795416328651694
0.0551854500700234 0.05693830694682 0.0176755688599768 -0.0888131061816387
0.0582947782655594 -0.00135981609786939 -0.0139646266305553 -0.0513684980790102
0.0368988268669492 -0.0278319974083793 -0.0102404798608729 -0.0328923185512378
0.0161152150049911 -0.045238290970167 0.0031819071345262 -0.0262346558752182
0.00368016326214235 -0.0478254819778805 0.0115162231055262 -0.0351020530181229
0.00326141029261298 -0.0476367758971027 0.0243416763363263 -0.0431818618793936
0.0208755052087895 -0.0411236470450842 0.0470628951699373 -0.0339868695868081
0.0398831976573578 -0.0253908979938463 0.0714579713990859 -0.00372747530706364
0.0631327521373863 0.0132267468629735 0.0536212358746605 0.0403883700254714
0.0356222742232629 0.0553755124321426 0.00488164448636772 0.057396408310803
-0.0262061421065048 0.0622429762513615 -0.0161348415468148 0.0166484283732776
-0.0662968293508643 0.0436036290910096 0.0551153794207041 -0.0255606340931072
-0.0355020603454849 -0.00234981402607676 0.0985957816712407 -0.0560118881070732
-0.042557001278087 0.0203738732937717 0.115663773066747 -0.043920963532593
-0.0102801855206381 0.0430255195308177 0.0843935276635767 -0.0641024111596871
0.0269365249116143 0.0330396091676008 0.0325871200182083 -0.0764447873356473
0.0300765466433721 -0.00105136712996787 0.00216130005245285 -0.0548990029548885
0.0175511081786531 -0.0145694811121655 0.00122957672907198 -0.0446218269023417
0.00765257088396672 -0.0246722850431536 0.00634334136212508 -0.0403885489526259
0.00121783849360567 -0.0285551820698101 0.0128165033523149 -0.0461904444942413
0.00134859935779742 -0.0292055607331773 0.0262874142478283 -0.055348083065713
0.0119630743203724 -0.0282955760632029 0.0515186350327026 -0.0435051592943866
0.0268181502212409 -0.0180137880580283 0.0785836051275895 -0.00905132484452728
0.0426213277364201 0.0113671097216731 0.0596652768073186 0.0396401984447222
0.0187078270053504 0.0401261593944596 0.0115075199448031 0.0570947452067753
-0.0278380115593793 0.0374815388675036 -0.0109925960141725 0.0141144703415959
-0.0491722796921853 0.0113811161844805 0.0683041058434483 -0.0301295759533417
0.0158545884565918 0.0208694256126503 -0.0758862453540006 0.044000451347015
0.0149167510482241 -0.0101333700085644 0.0138377646305508 0.00920937701065374
-0.000889250783902251 -0.0192020048520882 -0.00544289577088883 -0.0666841657970974
-0.0155497410319699 -0.00363379366412299 -0.0640126228629432 -0.0558201230120299
-0.00709100017287764 0.00784198832150091 -0.0918156498064023 0.00254470362365368
0.0019718980388065 0.00613952373844164 -0.067464333630639 0.0543985352248787
-0.000484704179122877 0.00539404611798223 -0.0316935274239682 0.0662434919468131
-0.00147354878173821 0.00278372519615951 -0.0116815035989577 0.0587931757423447
-0.00106356747443789 -0.00148095749834781 -0.00374659777701697 0.0553578561616555
0.000738086148230709 -0.00454569277472465 -0.00318836638298619 0.0583170698485719
0.000639014787702728 -0.00594123207527458 -0.0118595165635679 0.0620439367419339
0.00921183441230593 -0.00940252916966796 -0.0440964915797107 0.0689386817378768
0.0186689592001367 -0.0032790498590419 -0.0841069647520315 0.0597557440803257
0.0162778702975611 0.0204162326191541 -0.10090169744089 0.0355549044751561
0.00299413213690362 0.0347355501823257 -0.0934554648110757 0.0500753039228678
-0.0116698553171325 0.0491411451897432 -0.0747256168520281 0.0258023018343173
0.00589174814431752 0.024968881710438 0.0164700248504377 0.000660101777579505
0.016230468709819 0.0119328585665808 -0.00467001562173672 -0.0788234001543135
0.0163038332872064 0.00653921841203797 -0.0687187198290242 -0.0677616670232576
0.0155288594393268 -0.00108382554908648 -0.0962918131296809 -0.0014166777577141
0.0157608055583439 -0.0106724499242826 -0.0696657740602924 0.0521919763965627
0.00478493326462442 -0.0188664067041308 -0.0298402300835682 0.0640777596452451
0.000803112426248493 -0.021578790815859 -0.00925980211659559 0.0539735910754838
0.00553724523114629 -0.0255421030815419 0.00132928667465111 0.0503297236621364
0.0198779996741481 -0.0218131489913586 0.00404999242430234 0.0537736045946447
0.0280130241609258 -0.010351530174244 -0.00040021998891783 0.0598643561548049
0.0403309879008056 0.0107026903690279 -0.0306487453391678 0.0705185027098918
0.0280226712855816 0.0340432380887953 -0.0724797349388095 0.0637393297119586
-0.00415274959005697 0.0541377190872076 -0.0839966057418264 0.0402998099058989
-0.0333014984454323 0.0623269726948204 -0.0736498363149812 0.0464230207990634
-0.0411601527027033 0.06920629618379 -0.0596621993193786 0.00239224431211408
-0.0101837093362975 0.0595385335522732 0.0282338750714253 -0.0115705678855459
0.0289633360847475 0.0476233642647545 0.00443644371129001 -0.0926790393109972
0.0485755460603255 0.0213593339231073 -0.0668986611157386 -0.0839564680043596
0.0400132596408403 -0.00908447438509725 -0.0955041292574634 -0.0119573032529851
0.0302968280210691 -0.0260395318349135 -0.0684286480404811 0.0420981420961759
0.011036764917913 -0.0403341211951409 -0.0261644562623071 0.053984651671771
0.00290926803867583 -0.0431114826658652 -0.00528416433331967 0.0416492945108157
0.00851453352082893 -0.0456263748665451 0.00794082094356483 0.0367939052205353
0.0315069578436843 -0.0372927865139101 0.0152079228950675 0.0411634127119952
0.0470278654846776 -0.0192073732184705 0.0184287136633297 0.052421912566572
0.0671720564555698 0.0175009344173116 -0.00978193658621298 0.0713586012717298
0.0431344576178944 0.057733849556097 -0.0557015109578776 0.0698993794095886
-0.013009995378126 0.0801249869483681 -0.0648353731866613 0.0428845848634118
-0.0587095029201906 0.0838952508586136 -0.0453457946254358 0.0360210398475223
-0.0673088351958823 0.0776535543111325 -0.0306555841225347 -0.0205106637466009
-0.0321847368611373 0.0858837356526966 0.04826013539578 -0.0250679639093841
0.0323342136968129 0.0821896466823198 0.0223011540816602 -0.104117608715907
0.0747100893448099 0.040079909075868 -0.0549426054970361 -0.098436281891886
0.0633419233076488 -0.0125825968763291 -0.0858250085651218 -0.0248635185690466
0.043296441181986 -0.0371578726850841 -0.0614452801527217 0.0258821978314083
0.0175562781965416 -0.0558295544758571 -0.019865933373598 0.0370907387446559
0.00441954048364268 -0.057514789915323 -0.000569860376130121 0.0233808253564495
0.00805946905185502 -0.0592300917865777 0.0137552510813811 0.0172166618567621
0.0352372807667176 -0.0485583971781548 0.0268487003192152 0.0219678705376565
0.0558468023679002 -0.0283241016308241 0.0374503613112274 0.0386752511374124
0.0833281408941662 0.0157404369252467 0.0130600609673429 0.0666118540804297
0.0548924666619418 0.0679068278071598 -0.0361339253016822 0.0721773907835812
-0.0148191165681333 0.0931929364494541 -0.0480156657622707 0.0400469378841428
-0.07288887179328 0.0932912236515007 -0.015614494126766 0.0196066623339123
-0.0827072274673389 0.0718883005840316 0.0073746588136821 -0.0413122354160509
-0.0542865560749245 0.095546450565376 0.0728030632454257 -0.0371825779610585
0.0236441409938665 0.104993968534929 0.0457188852831794 -0.105537300746773
0.0857682241728587 0.0582634574249631 -0.0323702154238006 -0.105690154648585
0.0770267721971321 -0.0100931519223685 -0.0664955005109506 -0.0382104380944613
0.050752727564852 -0.0408354992369081 -0.0472992910603669 0.00516407315722619
0.021602954010167 -0.0626133586295756 -0.0117622503325813 0.0159334870057672
0.00470123060652664 -0.0638734629862405 0.0039140123025653 0.00255371213783393
0.00688540315030741 -0.0641074699959655 0.0182603307693267 -0.00493739889853456
0.033430480006647 -0.0530728190434346 0.0352164376007751 0.000847849736442355
0.0560449139048459 -0.0328336475247904 0.0528331997131924 0.022079962210147
0.0859902351353819 0.0134417954510374 0.0325802460933083 0.0574022254206348
0.0573487894484412 0.0694068808641432 -0.018354811763515 0.0691915015231828
-0.0169023026023226 0.0926763271446102 -0.0349814606551875 0.0328092976759266
-0.0783217273413685 0.0890692101570418 0.0121241204568892 0.00139142072743229
-0.0823126088973289 0.0544760329435276 0.0486153951144505 -0.0541246137547768
-0.0664355264515014 0.0847106297870097 0.0962914333047187 -0.0437353536370941
0.00809060957702371 0.105803068726236 0.0666471192526581 -0.0961697224848288
0.0776742374058532 0.0664217914542261 -0.00574301428889014 -0.101056888728934
0.0753055893877706 -0.00498942407477987 -0.0396739586329088 -0.0469548841057707
0.0490797588652603 -0.037194083549345 -0.0281311888896469 -0.0154011425342929
0.0208610081459764 -0.0588488998685154 -0.00336630103806095 -0.00672582130410616
0.00424079339950624 -0.0605370159602741 0.00815597771282898 -0.0182304252192336
0.00476899740934121 -0.0600094749398682 0.0217074349766706 -0.0262403165496699
0.0283058941169472 -0.0503255061940678 0.0417429382536307 -0.0188898400275323
0.0502540229567335 -0.0310593876994152 0.0640587543334886 0.00650466548585927
0.0786575414885717 0.0127582600253826 0.0459777307485897 0.0476909564521186
0.0496512462082097 0.0648853854760739 -0.00486160961993232 0.063597658785824
-0.0215922039287441 0.0816560090325163 -0.0249372799240736 0.0245658534926757
-0.0761469636928291 0.071445547304232 0.0357574752530459 -0.0148725802493327
-0.0656643380829429 0.0286705636104599 0.0822022405422439 -0.0589003267159357
-0.0621031990053164 0.0576320213836534 0.112823254907032 -0.0447291385361848
-0.00479452000842395 0.0831441663603876 0.0808991579716269 -0.0800823693474545
0.0558017883366914 0.0571656360477569 0.0177660787298879 -0.0889553507129127
0.0588073284806744 -0.00111227591128523 -0.014036388367474 -0.0517223759619531
0.0373843627028233 -0.0277531591158471 -0.0101725262112499 -0.0326580240430843
0.0163290477092141 -0.0450481309421074 0.00373725752924749 -0.0268702526712388
0.00313265166757573 -0.0480268520340499 0.0115816131183114 -0.0356800005458377
0.00302459394736696 -0.0476932145216889 0.0247868126252514 -0.0437777062660971
0.0211293937410641 -0.0414817721108949 0.047492002951579 -0.0346027543776411
0.040217618957344 -0.0256686320725962 0.0722852927457328 -0.00472510101626666
0.0631943318416974 0.0127449285179006 0.0544598346111051 0.0408702887228606
0.0356342340328592 0.0555877958111391 0.00500604892354427 0.0594597616096134
-0.027020510411331 0.0629707606285398 -0.0166006798716433 0.0179310480230506
-0.0668707472703144 0.04414042520496 0.0555156120659059 -0.0257377479328549
-0.0356633009003801 -0.00159981937650994 0.101843020677466 -0.0560445416520563
-0.042902853110928 0.0208046927601092 0.117392580442785 -0.0444142254939042
-0.010492895818881 0.0433370738304019 0.0859656760147761 -0.0644161909275927
0.0271021080733878 0.0331452555478178 0.0326133516039546 -0.0767377837097325
0.0302925742274686 -0.000463897279156726 0.00329515826162953 -0.0551691807610158
0.0179740795414214 -0.0144708218083169 0.00162053953431174 -0.0448687110830131
0.00804300834962232 -0.0245180008638123 0.00657888218335258 -0.0413825185748073
0.00095781838947336 -0.0281020197434062 0.0129422421001725 -0.0469828909087337
0.00118223645156874 -0.0291538820954289 0.0270260970953084 -0.0560911349761048
0.0117570765175715 -0.0279847099899296 0.0524318913875083 -0.0441540667608466
0.0268820686686031 -0.0183281765288734 0.079814902007452 -0.00976182924427686
0.0428082494936627 0.0110122382869878 0.0608568848745594 0.0399183361014329
0.018378165647626 0.0401546514847574 0.0120363211803036 0.0584740308343237
-0.0282472794722555 0.0376136788828802 -0.010994134433858 0.0146618638114121
-0.0487722502092998 0.0117948919458465 0.0691745697459416 -0.0304802826922105
0.016940983195743 0.0204852823410412 -0.0764740393445628 0.0471983747729727
0.0151213740898103 -0.0104429564297008 0.0145394856746645 0.00950108670553364
-0.00141617064169243 -0.0195771354874676 -0.00872745948831648 -0.0678354768356609
-0.0154610502173493 -0.00317337348994694 -0.0671969679164074 -0.0547842302785085
-0.00698844024369722 0.00757380426841868 -0.0935323531133224 0.00605555419018014
0.00201254752087609 0.00565149445895663 -0.0665011359733665 0.0573905900165806
-0.000232391980712382 0.00435025704347701 -0.0301687019373284 0.0688684959115818
-0.00124057799644576 0.00216102648889694 -0.0101320490157502 0.0602004793785924
-0.0011372013212319 -0.00220972258565067 -0.00258033513371723 0.0567288468134002
0.000783595959322215 -0.00518298138470925 -0.00121306206677998 0.0595780944593855
0.000901494560351582 -0.0058691717179541 -0.0103329517653833 0.0630759725941668
0.00885708571362944 -0.00999537710757396 -0.0421352246536403 0.0725337138281113
0.0182388280118037 -0.00315329871694893 -0.0835732329101496 0.0630299283483042
0.0167730519007916 0.0207057421816028 -0.102630325389221 0.0382220317356348
0.00369623138359422 0.0350035714807824 -0.0952518164415598 0.0540900644997277
-0.0106286545269959 0.0503202701385109 -0.0755855344005322 0.0284084521867278
0.00679065253937254 0.0257930610215137 0.0169980453332238 0.000288381602564728
0.017278178232349 0.0117828762777598 -0.00773973344643061 -0.0797380763879541
0.0173282330493063 0.00626607297521216 -0.0727049489071668 -0.0670385487482695
0.0157738587808079 -0.00206877988411524 -0.0983754857346647 0.00147759142286432
0.0156662364924139 -0.0123239941699065 -0.0689452446837009 0.0552117211431056
0.00416669084643259 -0.0198503473005792 -0.0283095399143441 0.0658880313966173
-5.13232810547362E-05 -0.0224404969814785 -0.00745318458339242 0.0551664226454999
0.00478387889433415 -0.0272070475680661 0.0028257928697943 0.0510338880787384
0.0197687178032826 -0.0233737123066015 0.00581006035818659 0.0540831794454439
0.0287525754405843 -0.0116686174515952 0.00143487709429697 0.060979057695781
0.0419467786073736 0.00949822870830107 -0.0285705805605078 0.0735055036125179
0.0292159289993206 0.0344012556824543 -0.071785546854122 0.067497079447202
-0.00323930504307921 0.055939249848697 -0.0849347284768555 0.043600483179558
-0.0321434543187367 0.0648293441559923 -0.0755836544445939 0.049242404230898
-0.03990390397827 0.0720093490973087 -0.0611191958290573 0.00416923489886982
-0.0089523564139685 0.061633867261746 0.0284691439773977 -0.0126495630229388
0.0313576143126524 0.048101739152364 0.00174058852147724 -0.0943765686908112
0.0512871528076489 0.0199780267885338 -0.0713650849692497 -0.0828199948063481
0.041169351040581 -0.0109600496317396 -0.0981884975905646 -0.00926570877211257
0.0299245282818375 -0.0280038286525401 -0.0679493447971424 0.045037312753688
0.00998718318043972 -0.0417312732531443 -0.0249163514865233 0.055186189600999
0.000984722758460886 -0.043693784293854 -0.00437430228418901 0.0424902231108771
0.00712367942036378 -0.0473554165270035 0.00866379056203595 0.0366025331192713
0.0309205985619138 -0.0399258042277532 0.0171819716133881 0.0409184573373184
0.0478691513193967 -0.0212767733562294 0.0204166037952485 0.0522587782408668
0.0692289715509825 0.0157104676724659 -0.00738840849422255 0.0734631319112967
0.0455747739514466 0.0580549876878243 -0.0541150448139805 0.0731990071410036
-0.0109953001050487 0.0824491239921853 -0.0657615092264268 0.045477160112214
-0.0572775337770492 0.0874081947076901 -0.0467277146999433 0.0381947500370687
-0.0667794278648546 0.081206656579602 -0.0320007125923222 -0.0203993070155481
-0.0306603546123181 0.0888612200066182 0.0483495399528781 -0.0269844153490095
0.0357430725127594 0.0830630444160115 0.0190468627806526 -0.106433684602589
0.0782074553266285 0.0383661994515045 -0.0591996840040618 -0.0983941749913549
0.0644338738520824 -0.0151072061709783 -0.0886061299846027 -0.0227527728588866
0.0430090541886745 -0.0396441283020723 -0.061432561445837 0.0282472841460858
0.0159287611267585 -0.0578448297638361 -0.0193976872336496 0.037687978985372
0.00181578489027376 -0.0587204589580784 -3.11820850407532E-05 0.0233679177249483
0.00578207667287254 -0.0606783328130407 0.0140634349967853 0.0160420828582955
0.0347001510374891 -0.0514375351382289 0.027977023491543 0.02115222749372
0.0561954971220881 -0.0310431258025051 0.0399479163354095 0.0377660469375829
0.0858405384996375 0.0130148762243294 0.0164345328900103 0.0681110462656726
0.058188950829081 0.0679048510969417 -0.0340659640540865 0.0753281669508253
-0.0123376148688371 0.0962340205482587 -0.0486185204582443 0.0422863481828214
-0.0713491541056711 0.0979899441656916 -0.0162783017455343 0.02050461109792
-0.0825545680039008 0.0758722293049594 0.00703434610226858 -0.0415980457952102
-0.0529409003924538 0.09937028783381 0.072874395930321 -0.0391311943060531
0.027754498987203 0.106494385765344 0.0425146126307172 -0.10843945346229
0.0899367489897878 0.0563317016744972 -0.0367497874838561 -0.105734935622308
0.0785999205725001 -0.0127639182339232 -0.0686270600051472 -0.0366936258382339
0.0505012202879122 -0.0436715437359096 -0.0474380784636023 0.00663142939566583
0.0193338332496477 -0.0641918876339367 -0.0117069698096935 0.0154607523509885
0.00198944050983865 -0.0650048259978114 0.00393852062340341 0.00233042205689546
0.00393750737938809 -0.0656237006368562 0.0182563765870532 -0.00610544145568196
0.0322035129446424 -0.0554535993600997 0.0361342469140497 -0.00065813715109371
0.0560847427721847 -0.0352338557076878 0.0548401021898584 0.0202479179352452
0.0884820984173346 0.00973285584236659 0.035444562324375 0.0576937453330844
0.0609091030080363 0.0688170434623098 -0.0159530096645271 0.0718841350814411
-0.0146016796173904 0.095493381644921 -0.0346891020801164 0.035283293164002
-0.0771929192325764 0.093241251702471 0.0120777948152667 0.00119151724718932
-0.0820391152786784 0.0584481709479569 0.0482380629925708 -0.0565041596130535
-0.0649467684574459 0.088786258342621 0.0968694744534963 -0.0469756132058353
0.0118015772804006 0.107814019075211 0.0647004745556706 -0.0996320558266409
0.0815021584326267 0.0649088499908241 -0.00877960533373644 -0.101982863892795
0.0768810244544199 -0.00725174727740135 -0.041532812236905 -0.0464548832839694
0.0488333778277316 -0.0393825779372442 -0.0289461806486956 -0.0147530302551724
0.0195370534613103 -0.060518791214047 -0.00361279920758208 -0.0078044200316561
0.00187501437585871 -0.0614747013688676 0.00797080283406133 -0.0193033741606256
0.00289379665496682 -0.0609658111292798 0.02105029131612 -0.027458371614465
0.0270049628190585 -0.0521190910450344 0.0417499973586797 -0.0209673954082379
0.0500317890522539 -0.0333240438089033 0.0653013332782174 0.00418180676395477
0.0806445367950405 0.00991589563553017 0.0484660142712208 0.0470961241435741
0.0530057300022121 0.0642901387639988 -0.00246523006032533 0.0655844718664201
-0.0197416226880051 0.0840476874032979 -0.0244021167961315 0.0263366586518974
-0.0750765770557121 0.0751374020500709 0.0359782137591054 -0.0163133420425198
-0.0654248158421017 0.0319317680850383 0.082835991192321 -0.0623393199960507
-0.0610522896933089 0.0606777591944444 0.113286768179322 -0.0486925148679569
-0.00173762804847495 0.0848203379509538 0.0798291612792132 -0.0838773551608695
0.0591498788884797 0.0565430853822514 0.0155488504881818 -0.0905645480189169
0.0596343180225372 -0.00281073683996354 -0.015607381530006 -0.0518358215881133
0.0371603745627276 -0.0291209410561752 -0.0110505825108223 -0.0330828154981462
0.0150075714672054 -0.0460427477587353 0.00288326481944362 -0.0284418025232951
0.000668830024193455 -0.0486573831559611 0.0107212702376635 -0.0370029960459912
0.0012799057096419 -0.0487208926739288 0.0235959329345296 -0.0455930018135224
0.0201396687158405 -0.0426919464474833 0.0474584097835231 -0.0364006571436297
0.0402873485774414 -0.0272331657625612 0.0737066347380827 -0.00687554314162305
0.0653977238425532 0.0105244943702492 0.0570407686128528 0.0399603714078629
0.038100246943379 0.0551086574143368 0.00785867671289878 0.0606211340798045
-0.0255986243102089 0.0645156652763137 -0.0165278290298237 0.0193595131066189
-0.0659797083268657 0.0473469924355817 0.0559473310251029 -0.0280402660291344
-0.0359226043025291 -0.000251358557657061 0.10374238886482 -0.0600036178052251
-0.042229416092626 0.0231238342130175 0.118661072516042 -0.0486826472683121
-0.00888004824613758 0.044492618533772 0.0864184927495069 -0.0682472449429192
0.0282709469544725 0.032787454792394 0.0318244750653581 -0.078127305023229
0.0305667131474618 -0.00090924134259969 0.00183170497681078 -0.0564694749525646
0.0180040319588472 -0.0148282858860674 0.00028716902965037 -0.0459964799318914
0.00730769610306248 -0.0251225594128351 0.00558144384513586 -0.0427899753316778
-0.000591614592929777 -0.0286287290252616 0.0124073826689774 -0.048614840517546
7.25352892344793E-05 -0.0296198023298686 0.0258871534788951 -0.0581255697641441
0.0108790073588926 -0.0288500188108922 0.0523355992031575 -0.0461982265035354
0.02679771086641 -0.0190594092353785 0.0809448747433872 -0.0123017880380657
0.0432906243293046 0.00944645213239061 0.0638390883155529 0.0385783483717875
0.0197642460690664 0.0399555332641038 0.0142492665887612 0.0597512292650162
-0.0274394949500609 0.0387207408541137 -0.011230894906219 0.0158457184034352
-0.0493360510726132 0.0137132479171713 0.0698374774734495 -0.0330658778622163
0.0182920535901656 0.019142431383351 -0.073929718147169 0.051512672763405
0.0144005722336498 -0.0107283097808625 0.0149165492143788 0.00835601457021028
-0.00212144143668724 -0.0191523245950033 -0.0127350159972316 -0.0665702034041185
-0.0151786676419913 -0.0018347304104161 -0.0702892721029582 -0.0507357285964322
-0.00606056022607302 0.00796032550748296 -0.092444444052711 0.0107500554782182
0.00263405293927933 0.00461735401531793 -0.062447106049686 0.0611458827624247
0.000191675801229893 0.00381737484711666 -0.0256527522867482 0.0698680601045804
-0.00113552821205346 0.00216686079726489 -0.00640104680261507 0.0605088636272166
-0.00132495560435298 -0.00255593968419664 0.000851905079511421 0.0563196279816515
0.000514220374003892 -0.00540545914781898 0.00245599599388595 0.0588201756724057
0.00119708768439552 -0.00584880404237782 -0.00723161883623173 0.0635762115350604
0.00872531190909685 -0.00969178106000403 -0.0371948354372419 0.0745797443281542
0.0180254614351726 -0.00349371447035992 -0.0794917754104919 0.066966318302119
0.0177103900773671 0.0203147513191841 -0.101053487132921 0.042867326539485
0.00580408027630077 0.0343657680273781 -0.0933614674587637 0.0593296062095901
-0.00747585952701 0.0503883905991154 -0.0743128403369369 0.0326281327535795
0.00811180900749357 0.0257100715907196 0.0169638939746552 -0.000542049397534508
0.0182409864641236 0.0108798357099411 -0.0122882909745457 -0.0785085182435738
0.017993935259911 0.00503338142588835 -0.0765070158558848 -0.0622662228709269
0.0160372654591618 -0.00366734615656054 -0.0978217090402572 0.00656714712098091
0.0148206399985051 -0.0135224880435069 -0.0652727153363194 0.0587978561323428
0.00332363557913409 -0.0206730661411148 -0.0246161348684183 0.0669685444605523
-0.00155965826130911 -0.0221770812103336 -0.00432270567727032 0.0549056916989989
0.00311699924507636 -0.0273202066252578 0.00575271392780228 0.0506261673316425
0.018589299487567 -0.0248153019197963 0.00935471421552537 0.0530546605057417
0.0286080605794525 -0.013331289878824 0.0044331257383356 0.0601220840608618
0.0421966373576175 0.00730560984061869 -0.023472371774899 0.0751348679353327
0.030806437635287 0.0334677403884358 -0.0674669196318078 0.0708642331501115
-0.000356014109573828 0.0563773475929651 -0.0833152498201335 0.0480507278895313
-0.0281496746110468 0.0657999913265098 -0.0737679282189412 0.053544666973639
-0.035963852669558 0.0735372274288657 -0.0611621335837935 0.00751091774303474
-0.00601616050609598 0.0618645189914723 0.0277871229696122 -0.0138333761453912
0.0341275730137185 0.0459345673978061 -0.0043756159010854 -0.0936566011558968
0.0525037916603661 0.0170294791136912 -0.0754019953925172 -0.078145726907493
0.0408705818422065 -0.0129311576249472 -0.0983310512374099 -0.00361171857328427
0.0285023355563832 -0.0302426102079903 -0.0650418183146996 0.0487218103119191
0.00776666404785809 -0.0426782904251788 -0.0218825524986034 0.0559392753963611
-0.00161351789378302 -0.0434710570833045 -0.00200510501657734 0.0421290581252755
0.00371540356291503 -0.0480226398548149 0.0105808440025101 0.0359078194371548
0.0293098127715259 -0.042228914414113 0.0195714542838454 0.0389019106483582
0.0466357642669971 -0.0244029352730029 0.0230414009604449 0.050554438006163
0.0701629318014575 0.0109360934212139 -0.00242395513007665 0.0736242518599717
0.0487907007727456 0.0560962243647525 -0.0494816638338276 0.0760840201165568
-0.00682394255398077 0.0835731484169961 -0.0637956896560469 0.0491863545007554
-0.0519626055672361 0.089861698701696 -0.0456564422716205 0.0407529798597898
-0.0620069037649311 0.0840956902556026 -0.0329377449391669 -0.0183565958307464
-0.0260451388703174 0.0906274338659652 0.0466014763095964 -0.0289247629838987
0.0409032703511586 0.0807975579155738 0.0125129113530102 -0.106328228829458
0.0806336994522223 0.0332344052283287 -0.0647698474105057 -0.0936177913097557
0.0636003104723821 -0.0187581188363996 -0.0890077929944627 -0.0176162633120597
0.0406189141594831 -0.0422213947766334 -0.0590393242084543 0.0319283817072734
0.0126160736452515 -0.0582151106807971 -0.0166902054103517 0.0374988764820237
-0.00195933522298738 -0.0580805260434991 0.00101002568302245 0.0228970617346458
0.00238811407220878 -0.060931005649337 0.0150565743604763 0.0151587927681647
0.0318802141343456 -0.0537093744353041 0.0288790142798451 0.0187699178250482
0.0548893947285453 -0.0348462225034502 0.0414942060548274 0.0347852889980512
0.0860177256960147 0.00745807424952469 0.0205293404794109 0.0673073594139289
0.0622118828495132 0.0646037781276223 -0.0292906965956217 0.0772881159329402
-0.00785194915028093 0.0964666925953633 -0.0465862706915714 0.0450702380135717
-0.0656030644759752 0.101064626871564 -0.0161817143148123 0.0212782412501724
-0.0778754010019288 0.080470170838657 0.00473717099177807 -0.0422091973187648
-0.0472792026141234 0.102331616602869 0.0703305510977632 -0.042395163041726
0.0338892329116423 0.10418816534597 0.0359436717980267 -0.109711900581772
0.093138834682639 0.0508701238535537 -0.0420491167635305 -0.102560013535271
0.0780127875576732 -0.0171313099430856 -0.0699046008416861 -0.032457235798561
0.047808340819812 -0.0460930488776716 -0.046623509604836 0.00967183242354144
0.0159357378850022 -0.065145002488098 -0.0108548352509606 0.0152576766450167
-0.00200011442886383 -0.0645027255284173 0.00411383902453156 0.00146531169217543
0.000285738560142979 -0.0653228156947049 0.0171871548656234 -0.00722802400999777
0.0295311340663057 -0.0571846924896693 0.0356764410288411 -0.0035582392814069
0.0545617529424286 -0.0382702597597353 0.0551472869756452 0.0164429680386214
0.0885694402969514 0.0042906947310043 0.0392696515063296 0.0558141014997925
0.0646329262976601 0.065143122438952 -0.0117065424766391 0.0730027997258257
-0.00940354490516233 0.0961402978847174 -0.0328544037619507 0.0373399308632702
-0.0707142820332507 0.0971023049057267 0.0111974744414378 0.000268132705345453
-0.0785186429079825 0.0630228365040797 0.0461855661569301 -0.0589935436831777
-0.0594971398810572 0.092498018416512 0.0935919270502729 -0.0519983545540663
0.0185050176081471 0.106665452963725 0.0584030084270749 -0.102269015250733
0.0853856273281815 0.0594583367168493 -0.0142924822608368 -0.100039543055435
0.0766087322633508 -0.0117099685975486 -0.0440271095171912 -0.043637824933638
0.0469711728210099 -0.0421210778506443 -0.02906201832222 -0.0130403108386102
0.0158923032503969 -0.0610573275427152 -0.00422260034065864 -0.00854403731113843
-0.0021875303526804 -0.0607230789995719 0.00678213537815848 -0.0202890162078448
-0.00127765546729064 -0.0605890214850032 0.0191784125509284 -0.0285434138263068
0.023875031395339 -0.0532150452749935 0.0404309130243421 -0.023498298978779
0.0485031684375325 -0.0360234567318522 0.065467790414318 -0.000446380344550985
0.0805229665359096 0.00461413347124155 0.0515620672796757 0.0443811114372627
0.0560899808212517 0.0610304184602135 0.00214863477218895 0.0661511851709617
-0.0155541955625994 0.084667059859779 -0.0231963141921421 0.0283424637046982
-0.0699624007603169 0.0791434830417051 0.0346593387571572 -0.0180310313160719
-0.0630141561116482 0.0351015625201822 0.0804394760039638 -0.0663358036435972
-0.0571192111528352 0.0641590153952829 0.109969191172406 -0.0544394857568836
0.00314547695102357 0.0845743661880986 0.0744148656559837 -0.0867989136777345
0.0620170357931568 0.0529945021916967 0.0106735812579742 -0.0898826926899425
0.0594025882461506 -0.00594125802275157 -0.018027939697604 -0.0503770123937889
0.0358291200764798 -0.031176071823766 -0.0122247527466621 -0.032030036144156
0.0122135960638741 -0.04659819752282 0.00112630130794049 -0.0292510142892246
-0.00221142894235349 -0.047942055416717 0.0088589390699861 -0.0381738288417745
-0.00170117891326973 -0.048049811278825 0.020966345167419 -0.0463187048051906
0.0173212340443308 -0.0433705996236218 0.0451754074941444 -0.0391311534573751
0.0390686908535047 -0.0295572812601714 0.0727355380278672 -0.0113818963447516
0.064894257901488 0.00628341030653771 0.0596336571033358 0.0367487569220431
0.0407099787716394 0.0527765446607455 0.0117398680839061 0.0604704649073936
-0.0219554528797575 0.0654320958217225 -0.0150810185148223 0.0206207243302007
-0.0625949277662769 0.0505909018272547 0.0540251256917493 -0.0312706130738007
-0.0352162526855705 0.00189069561869695 0.101460046127218 -0.0652559774998197
-0.0395986354150499 0.0254008839708838 0.114955729344406 -0.0544549123389382
-0.00593727259825394 0.0448124031177938 0.082055838055981 -0.0722428877031302
0.0302333901259438 0.0308142270081151 0.0274031186644805 -0.079033633580737
0.0301583782080829 -0.00263945676545885 -0.00104956943732558 -0.0557829227538879
0.0171244242602632 -0.0152970410369987 -0.00173012547926281 -0.0459402948929971
0.00593032962241517 -0.0244890613781427 0.00357802082375089 -0.0435289800331024
-0.00250611346389155 -0.0279532422359576 0.00973176449494114 -0.0496724553071366
-0.00173930364656567 -0.028740171709142 0.0223367543507635 -0.0589180733664914
0.00912456552252766 -0.0289936138954898 0.049724637178131 -0.0488067322574206
0.0253233747261635 -0.0196956243272246 0.079912144189023 -0.0174487227554193
0.0434716888245626 0.00660930346255846 0.0654895930070555 0.0353453593107154
0.0218349808715007 0.0380387630216614 0.0181369069223782 0.0585820585200106
-0.0253205896912011 0.0400905582111786 -0.010146640480771 0.0166656550920134
-0.047550688487714 0.0168549559049238 0.0674900074616227 -0.0371043761383038
0.0187821747941849 0.0172739491948749 -0.0682522543686057 0.0529875795104887
0.0137631974288714 -0.0109342841567185 0.0150568533210588 0.0077194827646477
-0.0031094913379633 -0.0181603477569296 -0.0151789643002526 -0.0628338210339972
-0.0137955601389099 -0.00150286151106225 -0.0702093935420643 -0.0451859385535258
-0.00534321734952146 0.00724191129665153 -0.0885723937372735 0.0152796973818704
0.00229940587220484 0.00399050402973737 -0.0563953189714696 0.0613603757431992
0.000527756062351839 0.00316397018939087 -0.0210837036621152 0.0684887699067971
-0.00080723370993765 0.00194550200257116 -0.00338313749086406 0.0585001902103206
-0.00170029470479913 -0.00253443192343808 0.00370953168345318 0.0542997831337975
0.00031885494418195 -0.00537690548554983 0.00501633069586854 0.0562936395170054
0.000984968763285817 -0.00568926257160158 -0.00355426732863781 0.0611439776885885
0.00796528303111553 -0.0092155568976856 -0.0317013105292866 0.0728512057989734
0.0165347948355262 -0.00323419525735291 -0.0727214997847199 0.0679269607675517
0.0180820057148924 0.0187961143291979 -0.0957310306612359 0.0454493469484454
0.00726835850361306 0.031810822458698 -0.0881607917592259 0.0615474400314438
-0.00502402660809585 0.0484559394563896 -0.0703495274601529 0.0350389265755442
0.00892172408945738 0.0243628014671546 0.0163248561179515 -0.000840880074865757
0.0181240766038776 0.00919563285061767 -0.0158140454486199 -0.0739199571945066
0.0184559006276245 0.00360062828850562 -0.0761098083180979 -0.0560515206315913
0.0158735562211914 -0.00463434436941337 -0.0942843744164478 0.0111434344594549
0.0135133204844318 -0.0144991943102252 -0.059288163404887 0.059700622889661
0.00208684690547278 -0.0204787458357682 -0.0202190113547842 0.0652401271536504
-0.00274297629569924 -0.0215818881312369 -0.00161917600709359 0.0529851447085438
0.000971130788186828 -0.0266622801281374 0.00750955596255862 0.0479354278675825
0.0166223507487963 -0.0255108790253258 0.0113105468483593 0.0498886466478653
0.0272677829768824 -0.0145379375228447 0.00737944917365036 0.0574930335142311
0.0411373350940461 0.0047887819966531 -0.0185537711846345 0.0732726768772761
0.0313392676325399 0.0311588818251889 -0.0606203820895228 0.0712746411576698
0.00180637508969215 0.0543675574872034 -0.0785259282049631 0.0499444335834572
-0.0237785005528518 0.064125372117208 -0.0695679796670599 0.0548944291840084
-0.0314552964739346 0.07190179302263 -0.0583104949150727 0.0105223525742167
-0.00285285131687856 0.0598651551731285 0.0257644459226187 -0.0139419509666616
0.0352101451501974 0.0421037160045044 -0.00863849064260627 -0.0885061900640611
0.0519285623361819 0.012992272865205 -0.0767450554458936 -0.0710136175311532
0.0387059501112037 -0.0149813551934505 -0.0947204316495189 0.0015507257212512
0.0255994251047065 -0.0309139134823052 -0.0596841948480471 0.0498843766465742
0.0053937840955808 -0.0413538147187395 -0.018700535620182 0.053787358468903
-0.00416368007124745 -0.0413928004923497 5.05489764604534E-06 0.0402501957006568
0.00048371415188901 -0.0462781892843962 0.0113678136620252 0.0335247833784739
0.0257403061103278 -0.0423574112929706 0.0203589621985294 0.0356983122756745
0.0439448996725767 -0.0261755318352358 0.0247787818153748 0.0473283068892542
0.0681615054191306 0.00690596033050935 0.0020845293844452 0.071517976939325
0.0497896772706327 0.0519955343711636 -0.0433986626527274 0.0757509798004638
-0.00266972284804696 0.0808526027579237 -0.0594105783395604 0.0504276192187373
-0.0454064397711897 0.0883475144740362 -0.0431403522111266 0.0413619713432083
-0.0552681029333522 0.0836407465835365 -0.0324788616794373 -0.0157507622529535
-0.0205338480319538 0.0881152718303471 0.0434086699519345 -0.0297709686898121
0.0430549328478178 0.0753954128193187 0.0068170137285078 -0.101258228529998
0.0797320966146395 0.0281635644575951 -0.066166278093149 -0.0862582012470088
0.0609169979728487 -0.0211396898397291 -0.0867679358880971 -0.0123817393402502
0.0369853222937865 -0.0431960727390049 -0.0545618617919571 0.0328107057788635
0.00921002359052675 -0.0566246392087502 -0.0150760327671761 0.0362316490058093
-0.00525758137860938 -0.0555663075153229 0.00175894857400439 0.021501789257204
-0.00136876118788521 -0.0585213627297319 0.0144043459683064 0.0135881542798543
0.0277212561155483 -0.0535578804976213 0.0287717699293541 0.0158700478443007
0.0510757960219759 -0.0358653694981758 0.0418074857452257 0.0309773574236805
0.0836361105310529 0.00225826604441567 0.0239086322783473 0.0634287760891923
0.0633948344146962 0.0594023639966123 -0.0240313840031104 0.0757813798403024
-0.00264826307742249 0.0932462773137405 -0.0426519099423675 0.0456913351355037
-0.0576670042758002 0.0999609457713306 -0.0152078569028204 0.0210805656126935
-0.0710000434214595 0.0809980277422 0.0030333191905491 -0.0406237385751162
-0.0405500870168207 0.100361267737111 0.065185696449968 -0.0434944968560093
0.0382462339772937 0.0983687658905292 0.0289649764162359 -0.105510351559752
0.0925121319739711 0.0442328886035777 -0.0450655747250662 -0.0953735942629433
0.0740722132041555 -0.0206127423742081 -0.0685214069564933 -0.0277002335327457
0.0441257828989213 -0.0470814437165394 -0.0434715555178174 0.0113177020908669
0.0120772685091508 -0.0629079336508152 -0.0102125202904523 0.0141298665532198
-0.00548288679959871 -0.0608729788754092 0.00389719634348237 0.000611006835706959
-0.00350681929818573 -0.0624195749968148 0.0159601875563368 -0.00795096073686557
0.0251016197614435 -0.0563289654516024 0.0338202665828947 -0.00525669222767299
0.0506189468034149 -0.0400217637314291 0.0539518859501659 0.0122439374958011
0.0852008307347595 -0.000670263078961005 0.0410234219371071 0.0517712173956905
0.0656062304612335 0.0595322122655765 -0.0067233029408465 0.0709508456921343
-0.00443555794899411 0.092577326054453 -0.0302665960003791 0.0376800880044318
-0.06266572127062 0.096510087161627 0.00995942154100071 -0.000288451981032045
-0.07189819254108 0.0642141462068519 0.0422191187029086 -0.0585369633214644
-0.0528597843454471 0.0914632582381908 0.0873909077646041 -0.0533712586978316
0.0237282830175021 0.101130407995521 0.0508982406761936 -0.0998330435447496
0.0857835350872727 0.0531354863878064 -0.0180941157467126 -0.0950169594615685
0.0733229137489839 -0.0153349647868386 -0.0438092808929697 -0.0396169646624117
0.0432114178055506 -0.0426928202907062 -0.0278547362344037 -0.0110380568108256
0.0123632232725515 -0.0592470887244247 -0.00492207545037459 -0.00893960949461619
-0.00550403195316348 -0.0574332471792892 0.0055201642824671 -0.0204499915465952
-0.00456835516209151 -0.0580115045616634 0.0166794376775034 -0.0286064447659851
0.0207548353157544 -0.0524129972172739 0.0376161785805585 -0.0245817923547673
0.0448804245026097 -0.0369036046950708 0.0623768650297317 -0.00388177854327439
0.0771130575869018 -0.000227246707601245 0.0523202380223 0.0404865829199511
0.0569160315456194 0.0558611784081046 0.00588414811998432 0.0635898998026615
-0.0105286540451063 0.0817206201949152 -0.0208779036233529 0.0287080759357885
-0.0625319649934731 0.0790842248367823 0.0319854192378581 -0.0193677574012774
-0.0584728659411486 0.0371299669433539 0.0750975885838351 -0.0675860096806099
-0.0513536452839823 0.0642993269433831 0.102615097184927 -0.0567024223930478
0.00807363641845562 0.0805782273614076 0.067476852767311 -0.0862409812252924
0.0626197488234342 0.0475670438232883 0.00657306736123996 -0.0861083679090967
0.056941030676111 -0.00837411116946658 -0.0188988429497011 -0.0477725832581583
0.0329547827030252 -0.0314076246610096 -0.0128523857782538 -0.0308523399224208
0.0095828871151458 -0.0452528262221928 -0.000291369076961547 -0.0286492180250029
-0.00481617790671437 -0.0450723200350605 0.00657380217852642 -0.037627964142622
-0.00442853125476842 -0.0457669424192692 0.0175208407533992 -0.0453874034798436
0.0145012565686342 -0.0423474619118152 0.0408720515456567 -0.0399516147913157
0.0355193234722844 -0.0298994996334634 0.0692947456639971 -0.0151449503665957
0.0623904300843359 0.00271495949359819 0.0593992301945898 0.0321801769643641
0.0412759270507325 0.0482322211676711 0.0148291152257926 0.0576845647963897
-0.018237474688741 0.0635584253287415 -0.0135648184743585 0.020956562172598
-0.0567379199500677 0.0519989022106538 0.0499481341488627 -0.0325216393103188
-0.032676531122303 0.00365271906878058 0.0951390968706947 -0.0675896451021458
-0.0358499707855567 0.0259250147292244 0.107557421651234 -0.0571964573357216
-0.00278625405976328 0.0428274070138955 0.0755189739814585 -0.0723029908656637
0.0305651159205892 0.027820967898903 0.0227190116442004 -0.0763028923416543
0.0289499296840812 -0.00397066348151847 -0.00303820244610759 -0.0530871386636376
0.0158896700918521 -0.0152438100789447 -0.00367312455548366 -0.0440599613399383
0.00463693834315185 -0.0237198793967798 0.0010800756556262 -0.0428106143737113
-0.0037979291999787 -0.0259746785309735 0.00717472429828547 -0.0486315336385964
-0.0031473365206107 -0.027457685627766 0.0183193458894926 -0.0571436540303366
0.00731691163948322 -0.0274695582496007 0.0452164416873792 -0.0492497471371061
0.0234176232547623 -0.0201545809638191 0.0754514009217851 -0.0209606236033935
0.0413042402471386 0.0035211744364075 0.0650500752272881 0.0305857097789775
0.0221469492841886 0.0352168420163741 0.0206645467845118 0.0559623055522058
-0.0223233718775118 0.0393975190080394 -0.00847976608390683 0.0167637715296197
-0.0438478285547202 0.018522478763123 0.0624958287013118 -0.0390599489062238
0.0187046105286489 0.0151325542721932 -0.054908392481294 0.0612528437008349
0.0116536440446313 -0.0116510753105911 0.0164923903702295 0.00474921733020843
-0.005948436854586 -0.0162904913143697 -0.0236474663023243 -0.057802745984885
-0.0140063256129415 0.00162290721632833 -0.0740670676382752 -0.0333938854109181
-0.0039625753741658 0.00899488201663361 -0.0821373098456148 0.0282846510169732
0.00316309633055099 0.00346005333197187 -0.0443849124621602 0.0663462888578669
0.00117410953320145 0.00276423781387172 -0.00982725252744508 0.0681572399283416
-0.000471610368821459 0.00187316411788353 0.00518213882822866 0.0557269988258252
-0.00152082954717203 -0.0024570610577955 0.011468247044287 0.0511094383098738
-7.02868474472722E-05 -0.00508946797445741 0.0136035280650824 0.0523404020891558
0.000992117148576194 -0.00529476048355109 0.005926761929318 0.0580825112012317
0.00598352372836126 -0.00859483029510737 -0.0180724284498497 0.0728301334680703
0.0144904461398394 -0.00357215148858603 -0.0577438385091946 0.0744367159886195
0.0175536922822899 0.0154561750930713 -0.0833363380745838 0.0570386338147932
0.00928565776388515 0.0301571757968991 -0.0758162212951221 0.0696161724711881
0.000510102820025439 0.0462390076983145 -0.0603373214965155 0.0461279429485136
0.0113528604364118 0.0211513616930167 0.0157013112525172 -0.00187651001310823
0.0160346619489807 0.00629257077789062 -0.0249621136635209 -0.0655375489370708
0.0160108041818207 0.00195132050317845 -0.079558215708052 -0.0406484144134595
0.01400813543266 -0.00478162649356746 -0.0859154408125217 0.0249511690457059
0.0115286662371039 -0.0148509888547349 -0.0467728643925796 0.0643532256871209
-0.00047770077905021 -0.0192844767509712 -0.0096188289685827 0.0642940680552996
-0.00498524760627038 -0.0193454182234884 0.00573568910280502 0.0500725872654795
-0.00220649185644673 -0.0251609341804138 0.0147027721900531 0.044746882173115
0.0124745745976162 -0.0258202524496684 0.0189287373124809 0.0459856701684416
0.0241658580984975 -0.0161464709289845 0.0154163410441927 0.052524585397327
0.0392798275528608 0.000215187997748932 -0.00664484531530271 0.0712526859369588
0.0318645286050565 0.0265825774676434 -0.0459135612995581 0.0772213433783813
0.00753048035006822 0.051033567840281 -0.0667784999268541 0.0573666917457967
-0.0161046334525974 0.0636689850630985 -0.0588396135576089 0.0610809215106124
-0.0215536291443141 0.0703834086479577 -0.0547222346870875 0.0223409280210418
0.00474290682615877 0.0554203111466573 0.0217839781625216 -0.0144540283368474
0.036214264305982 0.0334496019267076 -0.0201358273377453 -0.0777041478741587
0.0476421090483956 0.00554805648608014 -0.0800521907872463 -0.0527400948402568
0.0337995638355175 -0.0172327390407461 -0.0862377322057852 0.0151177119203413
0.0206836788242393 -0.0315718061208974 -0.0479878177868166 0.0546648575955753
-0.000241233314314897 -0.0391666490932542 -0.00923326475203748 0.0521837948000134
-0.00844341047584236 -0.0380256231004351 0.00570847362245696 0.0374557410580373
-0.00495938166328995 -0.0432968676469037 0.0166936577548058 0.030659838793247
0.0189087329855064 -0.0432561903752965 0.025753206797234 0.0310294311675046
0.0390423305706085 -0.0288466452621212 0.0303026045924011 0.0402579620483044
0.0648368888295813 -0.00137772789260639 0.0118338818164795 0.06661425915119
0.0511058248038265 0.0437367537203928 -0.0289927404703046 0.0791878997995424
0.00615442939332271 0.0760141150901569 -0.0495176910563378 0.0552631776505461
-0.0333890256064985 0.0887510202144624 -0.0366288718799126 0.0442447806647754
-0.0425788348527794 0.0834641167524359 -0.0357856593704066 -0.00550891887641203
-0.00846357888651509 0.0833475017044155 0.0348462062470121 -0.0306904642856352
0.0475311073340125 0.0622171615297307 -0.00760132913044412 -0.0895903883217566
0.0747071333256628 0.0150429940267197 -0.071360289022257 -0.0666545514365945
0.0524276542846207 -0.0256941192566032 -0.0792733637875497 0.000830618321561371
0.0298998061452068 -0.0442530812007527 -0.045203394129973 0.0370245087969601
0.00131424756861276 -0.0535814296226076 -0.00805722649333046 0.0339246389938305
-0.0112031386714852 -0.0505577892700911 0.0050147867771407 0.0195479145161111
-0.00885416791040577 -0.0547455538411672 0.0165777637536979 0.0112132304704779
0.0195118191027302 -0.0541660811139951 0.0307532622798161 0.0115118845807445
0.0445273583427469 -0.0391612602689501 0.0436749956936549 0.0224221176568058
0.0791113767371453 -0.0076341006857669 0.0310796328483574 0.0560452001694412
0.0647018767861865 0.0490417573378521 -0.0102222126438692 0.076706952696585
0.00811957535712763 0.0878875514580085 -0.0342866487717362 0.0485645224116836
-0.0426835854404862 0.10065048980217 -0.0132905825831751 0.0211988244385113
-0.0567071911518513 0.0814512930863332 -0.00672461470353827 -0.0345121306896666
-0.0245317679953657 0.0964814501596244 0.0525393788245385 -0.0472701450976658
0.0459837737393585 0.0834998363682463 0.0118409065893344 -0.0954997713795048
0.0883512912324513 0.0274835651732721 -0.0525821026231852 -0.0768588447209655
0.0647660152768804 -0.0269387718440113 -0.063663239981957 -0.0159669433770888
0.035739777455499 -0.0490891099413882 -0.0373030328765398 0.0148509402210837
0.00285693363067031 -0.0599795370222917 -0.00594934297769937 0.0120741031314547
-0.0122075782540475 -0.0559234040302828 0.00380663630278987 -0.000579057019417481
-0.0116693900479882 -0.0580647671765405 0.014705053204384 -0.00939827954976638
0.0165809417439157 -0.056725098236191 0.0322626434488147 -0.00967226616962722
0.0433711732935627 -0.042755960948309 0.0525201161400998 0.00336031345964451
0.0805388052498792 -0.0106653186676314 0.0453586358195921 0.0423770198049271
0.0668881012845933 0.0482276294899494 0.00517976757181911 0.0693015662854897
0.00654939403091068 0.0875123930708622 -0.0238143947026891 0.0389914377821049
-0.0475681755572455 0.0976915642543971 0.00801159973814762 -0.00242961435113575
-0.059391295413932 0.0660219554446385 0.0271573223833724 -0.0581033334462173
-0.0371768113819464 0.0893722914499769 0.0706988235463091 -0.0594980960329846
0.0333795794484771 0.0872729371401439 0.0324321615919632 -0.0935757290122941
0.0837141257199213 0.036153753885439 -0.0278030195500692 -0.0797737508889212
0.0644863586366009 -0.0224671361082938 -0.041425941725574 -0.0308860053221274
0.0351057627235045 -0.0445554318154238 -0.0256148971984398 -0.00858198247547799
0.00361885748181059 -0.0560068701109468 -0.00413554588375567 -0.0107444933131337
-0.0119075610506596 -0.0525369465840659 0.0025671916507769 -0.0210442009201832
-0.011843738233242 -0.0534184037222577 0.0123469666327479 -0.02896398126513
0.0129100690726541 -0.0519509056960878 0.0327710720784423 -0.0287865158448727
0.0384136960074329 -0.0395460336680063 0.0576565902740154 -0.0135880177161214
0.0732124418369647 -0.00912287775344646 0.054429016464961 0.0302175599951796
0.0584489650298191 0.0454224227777051 0.0157820352836469 0.060585341463005
0.000311919695167658 0.0780827670679684 -0.016142481524842 0.0291531837749345
-0.0490216634365675 0.0809259873133695 0.0261194233432253 -0.0229663545042052
-0.0489685245126115 0.0388500628007354 0.0566735758379615 -0.0734388711153172
-0.0385152061464974 0.0639110189437209 0.0856506620132115 -0.0667310046771812
0.0166499988218202 0.070509644309185 0.0498679716420247 -0.0851035350749534
0.0623887517021548 0.033449636287423 -0.00402303958588451 -0.0766222754348211
0.0501866672418436 -0.0149965762845856 -0.0211237392181419 -0.0421889952119323
0.0267695914795318 -0.0329499143662329 -0.0147278304841097 -0.0286908019287636
0.00289516415192139 -0.0429824029218564 -0.00281548903582034 -0.0297631026330268
-0.0100129572758052 -0.0411001880438589 0.00138848844549803 -0.0371330722209036
-0.0101315955270269 -0.0423379284914385 0.0105794266883831 -0.0455834406981847
0.00843041883492805 -0.041619383528486 0.0337111348894047 -0.0439173713124661
0.0310737188852519 -0.0317252711695859 0.0622913617730417 -0.0256477536858857
0.0592684498405336 -0.00438854280837844 0.060201532718905 0.0213026426378883
0.0431391155756249 0.0400704384660465 0.0231139277010606 0.0532264673660846
-0.0091032833715915 0.061834283841954 -0.0100082239397537 0.020960500230473
-0.0460332474220937 0.0540125354621355 0.0412590055936971 -0.0378860568534164
-0.0287020463465469 0.00464214409742959 0.0776022248124377 -0.0780060529824498
-0.0292672169612653 0.0261727436288229 0.0909805326084083 -0.0692051007959431
0.00239931513455116 0.0371181138204301 0.0589733408748891 -0.076288929672598
0.0308111558404344 0.0200044693924106 0.0116572444002403 -0.0722362484073789
0.0247837479566144 -0.00721673182056382 -0.00852873032721221 -0.0497232941737712
0.0124350655845834 -0.0160664297650775 -0.00886351073171295 -0.0423610811770352
0.000464196172233234 -0.0223530436973777 -0.00376470648257515 -0.0426145764562433
-0.00677508020908414 -0.0236863005810205 -0.000174703506437059 -0.0480238149045566
-0.00674922723804629 -0.0250205604216972 0.00926210969561537 -0.0566326839961044
0.0035309238939743 -0.0270954245367348 0.0358836258748184 -0.0533307658421875
0.0201655358106346 -0.0216289252287487 0.0675890714953261 -0.0318469390327399
0.0397113719267025 -0.000974518636183355 0.0650966664501608 0.0188857508505538
0.0242837129118857 0.0304348056305007 0.0280675360163179 0.0498275791925928
-0.0157860564289887 0.0395187162185087 -0.00553896930412561 0.0163013938427115
-0.0376104537797327 0.0214625081460834 0.0526337683220493 -0.0460309754908706
0.0178031900479907 0.0146607589881602 -0.0538048565126392 0.0577430959565628
0.0114363710761229 -0.0108359791843244 0.0160331406208763 0.00475208967050087
-0.00561344865183157 -0.0155077358684715 -0.0212058682059774 -0.0552010607376031
-0.0129523427682213 0.00124038118026728 -0.0704389082438021 -0.0328399628560326
-0.00367197643155532 0.008436132086776 -0.0790614066332882 0.0255405066346478
0.00294889125886764 0.00316178755506853 -0.04373646743871 0.0625235980644099
0.00124397157028493 0.00251585390037239 -0.0108557769535641 0.0652149963229322
-0.000378608536361155 0.00147377649314106 0.00411078046637827 0.0536271200025893
-0.00154908933246721 -0.00246792737639374 0.0101566146767161 0.0491114362152578
0.000149819557875052 -0.00506267729501954 0.011847749939675 0.0503536206920081
0.00102787949579436 -0.00500177375696213 0.00417502185865534 0.0555939891397616
0.00644130353920484 -0.00776961963317959 -0.0188260585382905 0.0686642024947632
0.0136967776609401 -0.00241753878422266 -0.0560820805807898 0.06971253631387
0.0161387160941143 0.0153008194192009 -0.081963419012462 0.0526785424461067
0.00791618161836007 0.0285105998805093 -0.0748732300490128 0.0658260035861237
-0.0004113594556301 0.0435113156636257 -0.0590565411559083 0.0433368087548046
0.010237813807355 0.0208476801766791 0.0151652770622578 -0.00115196148284581
0.0154740863676139 0.00623966937151929 -0.0227625027866634 -0.0630373400531087
0.0160450380367903 0.00125414977250849 -0.0755362099557739 -0.0398283910902225
0.0139713984266571 -0.00417308308806176 -0.0820601578655208 0.0224070418340964
0.0109278550038667 -0.0144079203859962 -0.0457757578100032 0.0602384995069962
4.04832912215308E-05 -0.0184977763710146 -0.010575282660106 0.0606793244627201
-0.00440223088667575 -0.0187307478370985 0.00407650348589622 0.0478521069809647
-0.00184700054136572 -0.0242772856490678 0.0126338038667919 0.0428351738642986
0.0125049125027841 -0.0248425835948671 0.0168744538242359 0.0438880441128896
0.0238169551196279 -0.0152496541301888 0.013852126951401 0.0502076689232177
0.03797651933837 0.00126082425588128 -0.00757414176792785 0.0675433118618374
0.0301175566581242 0.026591257560363 -0.0455769905674354 0.072289436373047
0.00561809655545382 0.0490068527484051 -0.0659374688256911 0.0541561203209142
-0.0169500963275222 0.0600337739524285 -0.05899174985419 0.0577865571939178
-0.0221980099410492 0.0665784717693497 -0.0527025523600704 0.0208227602937428
0.00292673314083398 0.0535802057353059 0.0215269090028012 -0.0127930660052085
0.0340580574744273 0.0332765628105086 -0.0177239767173035 -0.0742754201712546
0.0460519650056798 0.00611272628025471 -0.0754488585045152 -0.0519750634164592
0.0330310258116316 -0.0162255340061848 -0.0824198937228012 0.0129405527011412
0.0206003839760742 -0.0303096399358027 -0.0464588514014144 0.0506517843511787
0.000591540300108987 -0.0377984961050634 -0.00992923444401914 0.0492489807656071
-0.00780174416959965 -0.0362216740439539 0.00444486974948827 0.0355575743166579
-0.0043534210158929 -0.041598067188183 0.0149757830124452 0.0292384242403011
0.0186280306442215 -0.0416339809723136 0.0241099413739915 0.0301729374906085
0.0380185290881908 -0.027202742270025 0.0283235344365511 0.0389357214512387
0.0624752699740659 -0.000309993809364285 0.0108675494725874 0.0636274051724326
0.0485317849475311 0.0431628511532826 -0.0287940106578917 0.0751236190239567
0.00404706080966375 0.0736416383281175 -0.0488906868352394 0.051889768077618
-0.0334682221232512 0.0835433664037016 -0.0370505957315656 0.0418623449892753
-0.0427142923565562 0.0788142956452798 -0.0341087650612071 -0.0055428137241943
-0.00989907095077416 0.0802973008530139 0.0338574845535826 -0.0279162238550854
0.0443037178360287 0.0604038480689341 -0.00485031118931261 -0.0849861130596166
0.0722220256010361 0.0150870031396418 -0.0669638694213306 -0.0646933281859908
0.0515616270779098 -0.0239014599272682 -0.0753168000156317 -0.00136431203420873
0.0294219333660936 -0.0423473160090674 -0.0433772825697562 0.0344460817295243
0.00228509905208403 -0.0517096721935568 -0.00838725689107027 0.031577824765023
-0.0100490604038865 -0.0484055557289087 0.00396753511142474 0.0183932081066094
-0.0075145832908264 -0.0524080467950182 0.0152248085652064 0.0107964073423594
0.0196333206513853 -0.0516519427941066 0.0289834532175096 0.0111279189817352
0.0436583186160527 -0.0368139229471533 0.0410810141092424 0.0219521074087926
0.0757342211505257 -0.0064818255870454 0.0292629335303256 0.054537585426642
0.0613964005961403 0.0480809125933996 -0.0111081123525536 0.0732367559772359
0.00594162737109147 0.0847111695471238 -0.0340303344596702 0.0461213030852908
-0.0427729087529438 0.0951495473696813 -0.013807665860373 0.0203596863398881
-0.0562234686324165 0.0768352363275195 -0.00556799110434139 -0.0326931815686776
-0.0259724396395176 0.092296113143898 0.0512264970900791 -0.0429314434317053
0.0430987081109991 0.0804596846511705 0.0135502160952456 -0.0907066327797003
0.0847617628427815 0.0278728717890277 -0.048094762190827 -0.0744810668806495
0.0630269897107001 -0.0251407458731649 -0.0598675460395719 -0.0170020495405987
0.0354299774155023 -0.0464130398235627 -0.0354653632001504 0.0127694209938355
0.00381119960357854 -0.0572753682426011 -0.00664129439946381 0.0104885818716956
-0.0109621071244002 -0.0530916325921246 0.0032428733513526 -0.0010343671022899
-0.0101202457568156 -0.0552689732110707 0.0143014154772193 -0.00894584156736557
0.0168423912222819 -0.0542151561087256 0.0311266377028095 -0.0086010515695058
0.0427196013589212 -0.040551259718886 0.0500978022199131 0.00336044060121457
0.0774408677000227 -0.00913570230478581 0.0430394869507969 0.0411637005775957
0.0635599599423332 0.047494757212805 0.00375569628548949 0.0663138899873853
0.00454554622493726 0.0839147960067035 -0.0238008173606305 0.0370328803411156
-0.047355468620791 0.0918162464696247 0.00701230558728276 -0.00193036434725694
-0.0581644506492887 0.0618073765528188 0.0274770227702439 -0.054965727840911
-0.0373210865322088 0.0845795840167112 0.0695448522464777 -0.0546419175847479
0.0305028340329244 0.0834973075020269 0.0336608832914038 -0.0883046497180042
0.0799272540179694 0.0353457597880093 -0.024271806595834 -0.0766988338488933
0.0626377636520014 -0.020693908366371 -0.0389102644982121 -0.0303182927334192
0.0344870791649484 -0.0423789128716531 -0.0240785889573136 -0.00923725237223012
0.00450990028284956 -0.0538812327118591 -0.00408312615881056 -0.0110060213254455
-0.0104607950062624 -0.0501678096697799 0.00220796944842944 -0.0204311976332752
-0.010998105843902 -0.0510256842565761 0.0122881922580846 -0.027782285297049
0.0130707214685298 -0.0496962720553616 0.0315822862518224 -0.027315721077689
0.0377018816139492 -0.0373960010305868 0.0555999622329593 -0.0123257664686139
0.0704891954760735 -0.00769293090575864 0.0518279595143273 0.0292784677124621
0.0552594010831046 0.0445086941357593 0.0145165856684901 0.0582050340401479
-0.00164447130041925 0.0747050094568793 -0.0160791597321287 0.0275690718814202
-0.0480314583712669 0.0759489676902661 0.024689506099332 -0.0215338485932832
-0.0474280467886279 0.0361229879464839 0.0571529944160922 -0.0687382487013343
-0.0383122196380062 0.0600109717811518 0.0836939263000421 -0.0607851572388394
0.0146501506869113 0.0670549083947346 0.0494441394626391 -0.0800891802804704
0.0593187526470706 0.0326822364965858 -0.00160405245400123 -0.0731866553480291
0.048428438424194 -0.0133940905755138 -0.0190387047647398 -0.040825523818456
0.0265136590222091 -0.031150868515261 -0.0133681118131989 -0.0282299444207733
0.00322631491115786 -0.0406584542411659 -0.00239229084060674 -0.0295205019003608
-0.00888178078358943 -0.0390403151129987 0.00181842987422172 -0.036374161530705
-0.00925204584315346 -0.0402929543102841 0.0106768474822845 -0.0432541590190666
0.00911100511246958 -0.0397864973538855 0.0329139777345041 -0.0414014529293787
0.0299476350728994 -0.0296186569278377 0.0601597059223636 -0.0234217510714617
0.0566503025959011 -0.00350260984439054 0.0573726620519313 0.0213110521013946
0.0403900203809075 0.0390713432806549 0.0217322216821536 0.0513189700376459
-0.00959258953291788 0.0590810122636989 -0.0101486506658468 0.0197247909557276
-0.0447711037324453 0.0507474175786211 0.0402511459516239 -0.0358649292998959
-0.0269561848083893 0.00454852221331956 0.0766692341551694 -0.0734951480095982
-0.028228731761229 0.0239659184126111 0.089675825456315 -0.063385480302076
0.00190416468125152 0.0350182245610862 0.058226679271716 -0.0716858028996591
0.0292669707679311 0.0195603548626483 0.0131709312214841 -0.0686806583817176
0.0237313680118024 -0.00607164624727837 -0.00707117378800298 -0.0481556673667362
0.0125326580766422 -0.0146643985587153 -0.00808313598698754 -0.0413320206852163
0.000934197246279885 -0.0212599218797552 -0.00326790961069153 -0.04166847543831
-0.00628612889528099 -0.022193850992019 0.000609512666978318 -0.0463716619727438
-0.00610963186664523 -0.0240846837206958 0.00950678980949716 -0.0538687081271291
0.00352502089723586 -0.0253147474057511 0.0355534775761906 -0.0502709070193508
0.0198436950878082 -0.019807416108345 0.0648111391104549 -0.0292825681856799
0.0374871767676279 -0.000295769516313349 0.0622790717653879 0.0192444017825341
0.0222091081656734 0.0291897222445726 0.0264699567687243 0.048331778563922
-0.0159373094601868 0.037260926098284 -0.00591354348590876 0.0158956127383553
-0.0358487769364983 0.0194618844106858 0.0509962634131131 -0.0428933375731825
0.0170774942945751 0.0144709779410933 -0.0557193320428479 0.0556610243794491
0.0117559292628554 -0.0104425896898898 0.0162372760380894 0.00586088669905189
-0.0050363299678884 -0.0151453922720637 -0.0189390566182858 -0.055530737680242
-0.0127590550023101 0.000775502501304186 -0.0690482199201303 -0.0348512006088984
-0.00379257939086814 0.00788535726138323 -0.0793327755398945 0.0223593010864657
0.00238457377809723 0.00246932930195979 -0.0451886260783015 0.0600914972393266
0.00106518446087628 0.00169330004278849 -0.0124537005624756 0.0635503743324968
-0.000143439201988548 0.00175181231721886 0.00188985850039926 0.0535611475454213
-0.00115256336973652 -0.00268501756656337 0.0080484297481712 0.0492904073008446
0.000400732692626248 -0.00480344819393655 0.0099492061019804 0.0501217655015707
0.00146937271878083 -0.00479839124413698 0.00233566763246683 0.0550687164439158
0.00699704509624182 -0.00757230491850327 -0.0211682185783834 0.0670207955020433
0.0138648004171141 -0.00157213917431356 -0.0578014765948121 0.0663047293890923
0.0151454722595984 0.0162270135216495 -0.0835225280475417 0.0492543020536625
0.00638665012138028 0.0282378068713494 -0.0776043169028098 0.0630971986536703
-0.0022507278988892 0.0428587154173445 -0.0603769158501561 0.0414464322577334
0.00956716897577205 0.0211589083727412 0.0158767444704581 -0.000110181410011506
0.015383185794569 0.00688357490035496 -0.020085509022369 -0.0629621031381103
0.0160055426203509 0.00206897500024174 -0.0736408834851602 -0.0416833711121571
0.0141137582814353 -0.00404703392568593 -0.0827395534558706 0.0191053675393499
0.0111274883508808 -0.0142207864646502 -0.0468638916971555 0.057445402784993
0.000149326557279228 -0.0187254583188384 -0.0122951452875624 0.0594124029197247
-0.00362584666746796 -0.0186695626392225 0.00247384252166407 0.0479025100509904
-0.00109165170818681 -0.0242427461812815 0.0111808969130738 0.0426586716370489
0.0133415098409096 -0.0243591787298288 0.0153511411519499 0.0440424817174747
0.0242867362429082 -0.014524840895882 0.0116253635541805 0.0500718050627708
0.0378082628056667 0.00246345496136546 -0.00963170282560234 0.0665274766066186
0.028975837391697 0.0280632000585855 -0.0475526926015073 0.0702523167525941
0.00396884975307121 0.0496122459094813 -0.067851364753449 0.0508562211772238
-0.01935120075361 0.0584998608818168 -0.061545991397207 0.0550114373475985
-0.024426507469011 0.0654837533293052 -0.0534955499412042 0.0192929919961423
0.00073809100953811 0.0536841350622832 0.0219159678805769 -0.0114039111699721
0.0326484514126157 0.0338321895716512 -0.0145855736129379 -0.0733890428303961
0.0462527854623039 0.00720734909962161 -0.0729851976270589 -0.0539831088891675
0.0338169287771676 -0.0152984803149018 -0.0820958080971551 0.00996746593883325
0.0215588234613264 -0.0299753656517937 -0.0474714153605493 0.0484490641494217
0.0017992194285591 -0.037723409386686 -0.0116364558040553 0.0481854807140309
-0.00640599772075947 -0.0358629172529203 0.00266641776616148 0.0355111133028545
-0.00333247555777986 -0.0415047667666107 0.0139764024491637 0.0293355918254526
0.0200380397217479 -0.0403454482182182 0.0225614751311499 0.0300971625408033
0.0387482598328348 -0.0258688591605963 0.0265669057752693 0.0392819827506026
0.0625227909579373 0.00147194829467245 0.00856111561766881 0.0630039408588168
0.0469447005156358 0.044776199495441 -0.0310186520293179 0.0736071965594337
0.00106310671691699 0.0733467815057751 -0.0506907747297206 0.0501946608377264
-0.0366604161520743 0.0815346708283037 -0.0391104590945512 0.0406398461581836
-0.044644224177964 0.0765895742123786 -0.0335178838559514 -0.00609440434105536
-0.0129451736927481 0.0796669237905835 0.0351042048554012 -0.0254305723170893
0.0422562073062858 0.0615046074896855 -0.00147130109288983 -0.0839101542621739
0.0715601893420819 0.0170993392764164 -0.0637510248901568 -0.0664821395221193
0.0522760432100688 -0.0225317490632118 -0.0746925994498425 -0.00399394292576312
0.0305939863350663 -0.041501376705424 -0.0437079614246278 0.0319981309479606
0.00379481748103349 -0.0511040125361063 -0.0102595831839568 0.0309368196471738
-0.00827214139474052 -0.0481930335205137 0.00329989557956055 0.0179537462778102
-0.00602083165719863 -0.0517470078661749 0.0145255093276813 0.0110854157087755
0.0210158031361171 -0.0509196208228487 0.028248688842149 0.0113425880432732
0.0446915713580352 -0.0354943883651012 0.0400087805645536 0.0226905621814664
0.0757717614076774 -0.00384836564493727 0.0276534397779678 0.0541593288855699
0.0596705453155035 0.0499741289802677 -0.0132435290307636 0.0722890473264909
0.00241379271097844 0.0844986029709511 -0.035930114567718 0.0451106240230878
-0.045883009569725 0.0921957172375244 -0.0152842853203172 0.0200043942527608
-0.0583873864641984 0.0743652467036993 -0.004025032499343 -0.0319690464817892
-0.0293900116613562 0.0907729376157282 0.0524295415872164 -0.039907024672742
0.039487384572375 0.0809785630747556 0.0172083009476535 -0.088576960758458
0.0834164925664209 0.0293595519765638 -0.0448795366525206 -0.0752121605642614
0.0640197973036867 -0.0229373469124415 -0.0583997657456543 -0.0193514044815661
0.0367154104359946 -0.0456603246225322 -0.0351858627562068 0.0112752045819921
0.0054127900060447 -0.0567180243919804 -0.00716630025131564 0.00948233444698742
-0.00942432119556296 -0.0526288778150361 0.00307098791440867 -0.00164040250028751
-0.00832928124132976 -0.0544109254558296 0.0142737919736355 -0.0086457764635572
0.0186417555688824 -0.0537634379556123 0.0306277489153513 -0.00799024714890764
0.0439606113317329 -0.0387105420292426 0.0492516117292906 0.00468886796592375
0.0775434223009278 -0.00685514093652545 0.0420569592988434 0.0418976974256714
0.0613645222816366 0.0492798257568967 0.00233297686172673 0.066587552928404
0.00114616299885415 0.0837069528366736 -0.0249899145921215 0.0363312778479947
-0.0496191699367514 0.0892174907640454 0.00626758379617084 -0.00149707009856713
-0.0593849280977141 0.0593211968454883 0.0297990960288187 -0.0534144796860172
-0.0397161486671824 0.083104610950138 0.0714339047017925 -0.0503618742069424
0.0273796572116027 0.0835217874882606 0.0363340537750151 -0.0854118360753942
0.0783787388330226 0.0376350851315651 -0.0211740319852602 -0.076527038673244
0.0630088509671436 -0.0183673532309491 -0.0369779197902185 -0.0319022656466571
0.0361612812949203 -0.041009606469434 -0.0235213364677856 -0.0105002047394338
0.00600132931908183 -0.0529544359115279 -0.00404060731066103 -0.0116910394261126
-0.00886618237220761 -0.049678230112612 0.00289974464611238 -0.0211046256809892
-0.00910720269163607 -0.0501502597293076 0.0132994194562534 -0.0276160819587472
0.014629301513475 -0.0489725352992899 0.0322771788212647 -0.0258349844698653
0.0386930898919139 -0.035681132797468 0.0556788253750362 -0.011164993496059
0.0699132355720924 -0.00528072958653619 0.0511780750991125 0.0303355736680429
0.0530985840493744 0.0460124254971219 0.0125586188646368 0.0587062919529467
-0.00477236327801214 0.0742232736132383 -0.0164148193789598 0.0274611266409589
-0.0498916209802781 0.0729784900184747 0.024810962242412 -0.0207696182611698
-0.0477168284767507 0.0341218810236094 0.0601737043731497 -0.06626965566919
-0.0397318966701829 0.0578992850370121 0.0860322483536017 -0.0568268792201887
0.0123740758409566 0.0666512436875407 0.0518641745254684 -0.0771460365561315
0.0581351601952466 0.0339476628105782 0.000894545281858972 -0.0721801822615763
0.0486465994775249 -0.0114224997557406 -0.0168966104392813 -0.0412240580150559
0.0275277869585397 -0.0297675882581681 -0.0121004432492364 -0.0292086444134532
0.00459530910772558 -0.0402724869410468 -0.00190799775992178 -0.0299724249477394
-0.0076106413951439 -0.038783660639237 0.00277280882961985 -0.0367228980412895
-0.0077994469356658 -0.0396134339988997 0.0119166429417458 -0.0427303491623902
0.010069841601323 -0.039044549322803 0.0338710099856891 -0.0396898699547996
0.0307172635127386 -0.0287652261318524 0.0602010818786243 -0.0213730001448472
0.0558749255397772 -0.00159909680626247 0.0566674125639567 0.0229587742552558
0.0382626880651275 0.0398828297252952 0.0200042138847052 0.0519715321636761
-0.011914015618635 0.0581664329136537 -0.0101314946881609 0.0193922311269798
-0.0453149464230216 0.0484101909408012 0.0407121291779386 -0.0341275087122543
-0.0267514026595278 0.00342490656721101 0.0802133962435293 -0.0703202837253621
-0.0283909200329018 0.0227285239200867 0.0919246599197509 -0.0593491536310287
0.00060286931290161 0.0342561974636714 0.0607501728210044 -0.0684832782825098
0.028329984854058 0.0198844294567767 0.0154951884749189 -0.0674757580788176
0.0234194210858268 -0.00566386274869457 -0.00475723456060187 -0.0475556620825177
0.0129865437476039 -0.013828027754072 -0.00662050406052632 -0.0412008384399777
0.00142472293645623 -0.0209641558390009 -0.00203062096835526 -0.0417855236678934
-0.005655674504732 -0.0221424592441548 0.00200100977387097 -0.0468052657720349
-0.0051405266552181 -0.0236916072017602 0.0119299939100113 -0.0530921708031267
0.00430610464624238 -0.0251384084878701 0.0370862498707201 -0.0483607467174934
0.0203119462785046 -0.0190968942336972 0.0655221318041904 -0.0267329583836252
0.0370245186818605 0.00108435861664396 0.0610024953010981 0.0211775181326938
0.0204739121086484 0.0293776244738888 0.0252949892737243 0.0490362098252677
-0.0166670638353001 0.0365145096986396 -0.00620978579167726 0.0151204318656226
-0.035590840522678 0.0181851823200742 0.0519771408935745 -0.0409586631157399
0.0172523178692465 0.0143106797998698 -0.0587613338575552 0.0567240344908494
0.0125077484801724 -0.0100044996616529 0.017113174526608 0.00648613052732364
-0.0051308639835761 -0.0152179694674056 -0.0179305319780877 -0.0571518095252244
-0.0128657055487826 0.000140099102085714 -0.0697587703935514 -0.0365813797177333
-0.00366975607423603 0.00770528238627898 -0.0818705973802022 0.0217060111642361
0.00218968170584968 0.00267095789817182 -0.0475961536523062 0.0606930954020518
0.000813585798845016 0.00201128198605063 -0.0141596117201922 0.0649869709098072
-0.000198398636035418 0.00114747515115129 0.000752047556252351 0.055121550602524
-0.000990040825018267 -0.00333145381136634 0.00717287970022594 0.0509651836332247
0.000825196774654993 -0.00548817680374064 0.00891096360207001 0.0518976902039449
0.00172526316731521 -0.00466731161881215 0.000702737491423818 0.0566227721249994
0.00767700224605087 -0.00730820378474758 -0.0237289848870049 0.0678943371608732
0.0142671896206305 -0.000522853395924975 -0.0609287777989215 0.0665166891309496
0.0147941802795218 0.0175939332144426 -0.087772527166199 0.0482150715085789
0.00568151200539822 0.0288270209772061 -0.0824230543285311 0.0633849091516817
-0.00366433774242526 0.0433598061564542 -0.0630401603897799 0.0417829559798217
0.00892671317654836 0.0223731534091229 0.0167616738097862 0.000472264197485329
0.0159725680577927 0.00776499253616423 -0.0183972622475307 -0.064659367153636
0.0167652621939523 0.00212068329544096 -0.0748690702232246 -0.0445624524879867
0.0151378940277406 -0.0045884178409475 -0.0854391562269519 0.0176114452918805
0.0118449056920296 -0.0149176523213731 -0.0497235505119804 0.0580044824896276
0.00110845206829025 -0.0194780521579891 -0.0139702246070301 0.0604294004097823
-0.00345862781874916 -0.0192290757457115 0.00159402504361191 0.0494967582240585
-0.00032120223378706 -0.0251716158965459 0.010329615816422 0.044221903706974
0.0143271349612701 -0.025027005900962 0.0146429253869171 0.0453570554792294
0.0254805341077312 -0.0145744093839859 0.0105518163156478 0.0516466528247826
0.0394504270748577 0.00330148100498387 -0.0117962951124859 0.0680722904094049
0.0293409951312802 0.0296109121856496 -0.0502971827264939 0.0708852172620278
0.00221897378708174 0.0512794971524021 -0.0719815115634062 0.0507745514307182
-0.0213622047316364 0.0590786260687356 -0.0659961092977157 0.0561092397309884
-0.0267989804332984 0.0661515505390905 -0.0552914436687977 0.0196632153637863
-0.000672350627272238 0.0556401573276394 0.0233415086231575 -0.0107269641594497
0.0329021160064764 0.0359238453284837 -0.0126315555831712 -0.0757958785741765
0.0481554043024057 0.00811977674722403 -0.0732985892377423 -0.0566247810489351
0.0353575931773971 -0.0153701343974049 -0.0848156333087157 0.00805186654796487
0.0225196025702449 -0.0309027915694539 -0.0497866558314825 0.0478200882265798
0.00214800460009949 -0.0388026420155326 -0.0135109726763069 0.0486593715572519
-0.00589179000368378 -0.0373782938764404 0.00208631755508345 0.036726173973605
-0.00233389282432545 -0.0426313298875394 0.0131814684005728 0.0300641091566519
0.0216818905337289 -0.0420236081269477 0.0220883642240779 0.031554298196192
0.0409345518555667 -0.0261159963301671 0.0258566021471827 0.0404919879512816
0.0646916390703836 0.00289128811247233 0.00785642548012072 0.0648758428756646
0.0475199103969942 0.0473233532213666 -0.0339473633986619 0.0747486823387921
-0.000636815552166927 0.0759800840185261 -0.0537702154443831 0.0504042505991874
-0.0395150267341473 0.0825857999851308 -0.0420666539560565 0.041210862255329
-0.0484772844019485 0.0771833404406363 -0.0340524062999465 -0.00609498377346659
-0.0156119548999137 0.082122161149053 0.0370233582122493 -0.0246910827240406
0.0420904182764244 0.064146124384089 0.000826556744589941 -0.0858022150219045
0.0736132818395484 0.0188560625401162 -0.0639048134668488 -0.069730320174868
0.055177393966663 -0.0221874175919344 -0.0766675806198709 -0.00611746251002589
0.0330861351914939 -0.042395938007349 -0.0456906247078141 0.0313654831122042
0.00476988870504627 -0.0528380963726403 -0.0115092051976684 0.0303135202589124
-0.00787636890695632 -0.0493811224843812 0.00274650122611803 0.0182263498331905
-0.00542264320571066 -0.0533966588613439 0.0147955025036635 0.0113320975888178
0.0224708132483968 -0.0518971547504192 0.0282127881001239 0.0123402961904856
0.0466904459863497 -0.0358291970654658 0.0402262671438279 0.0237509613273626
0.078424716881041 -0.0023802627056945 0.0279451236334778 0.0558194844920639
0.0604842578309335 0.0527872358952874 -0.0149661879849357 0.0745735276597188
0.000378091815585477 0.0873600867178826 -0.0378760557706964 0.045423507059423
-0.0493035979061007 0.0936983812039141 -0.0168909194822843 0.0206667841553708
-0.0613454264981113 0.0749303901515918 -0.00285023729855631 -0.0328285797206261
-0.0325846349796729 0.093100340399222 0.0559601615069167 -0.0386808886026647
0.0390694720903154 0.0841052391089427 0.0200872405041318 -0.0900716543490514
0.0858594679000811 0.031927589621241 -0.0441222845884066 -0.0782710144353012
0.0667434837309528 -0.0225933112407147 -0.0597551285648188 -0.0212238804447021
0.0390049304065734 -0.0462929824730797 -0.0363669302864342 0.00989334266595708
0.00691635212511832 -0.0585473727511528 -0.00827434501069491 0.00914921789505304
-0.00882041110831863 -0.0543626461922585 0.00277578953848702 -0.00194013770098312
-0.00804641188739922 -0.05603155431873 0.0144686747837863 -0.00898074074000933
0.0204788625573843 -0.0549362334191956 0.0313471280832559 -0.00766444347149135
0.0458179373679685 -0.0392379026087249 0.0502163581412612 0.00562786912454389
0.0797754250475749 -0.00544125026870463 0.0427682476738675 0.0431232430974421
0.0624093137780775 0.0517911879525843 0.000999093158412046 0.0684162575655645
-0.000945421264738173 0.0863526072497216 -0.026393395153791 0.0369171070005465
-0.0534845384088551 0.0901026321420485 0.00608549465923914 -0.00150919207332587
-0.0623871256059116 0.0594164302476482 0.0332484797729572 -0.0537447817471529
-0.0431268464438555 0.0848210842660775 0.0754244406029284 -0.0495693491833403
0.025924087147767 0.0863203743567567 0.0401585939313284 -0.0862874378764479
0.0804237717101593 0.0398390041035895 -0.0196699329958867 -0.0790329291166841
0.0653235919869442 -0.0175035825897344 -0.0370754714437515 -0.0337271080562259
0.0378402283336435 -0.0417354662077035 -0.0235229099675699 -0.0120022976209558
0.0068005716209589 -0.0544652356881312 -0.00425535582923842 -0.0127570030115029
-0.00848813883553188 -0.0508611871777044 0.00297322198200399 -0.0218479321527545
-0.00822816336682561 -0.0515074943377237 0.0141123751147078 -0.0282749962251858
0.0162179816102485 -0.0498134439991733 0.0334591565890278 -0.0266843538601317
0.0404618802358946 -0.0360562992119689 0.0571530361151146 -0.0102330360046458
0.0719028132013834 -0.00385957468400897 0.052552153590124 0.0317556513796016
0.0537741738672263 0.0482818396144157 0.0121683901612543 0.0610020259920717
-0.00616375137984291 0.0760338976981645 -0.0178232369287175 0.0277525755019897
-0.0523899092594435 0.0737936760011212 0.0258703043715818 -0.0206740079238975
-0.0496410464603511 0.034163379155394 0.0643355382039687 -0.066773011486049
-0.0427903885775442 0.058672163020164 0.0908295573720524 -0.0554492464117456
0.0114269019174821 0.0682360294371849 0.0556518905781195 -0.0775187737926125
0.0592632391910051 0.0356111609262406 0.00284387424734643 -0.0737057972031002
0.0506629976242968 -0.010901269392709 -0.0159142319436446 -0.043299048569927
0.0288350600730913 -0.0304072318867395 -0.0117847455894031 -0.030662176930218
0.00543769704808974 -0.041177193121659 -0.00144942271670493 -0.0313576888556075
-0.0072214422564606 -0.0399344661861855 0.00293719322701973 -0.0380307610662261
-0.00720002074342913 -0.0404344904305501 0.0137297516225093 -0.0442462821996173
0.0112434003604227 -0.0394182404021681 0.0359247412225424 -0.040340545011023
0.0320608107883548 -0.0286770366543826 0.062109217514498 -0.0210298764633163
0.0577210087576564 -0.000471062947253242 0.0583569246788686 0.0245383030990687
0.0385165999504156 0.0417880694271347 0.0197825895120049 0.0540557925180551
-0.0137712029130496 0.0590964160745734 -0.0109675549217821 0.0203838251251386
-0.0475139510672296 0.0479895483839931 0.0421942487602018 -0.0344751070274543
-0.0268522905567607 0.00270462647850358 0.0853051537706363 -0.0708544573652656
-0.0296918199067024 0.0226693705517426 0.0965892055609623 -0.0582143631595589
-0.000213089013539999 0.0348046911933783 0.0645652439392673 -0.0687513807410743
0.0291052983734012 0.020699194875668 0.0176308461827461 -0.0685366914195814
0.0245865532890173 -0.00470887300929066 -0.00345390969072183 -0.0490525033205191
0.0137420643654456 -0.0142560580905931 -0.00536850436107727 -0.0433012457018659
0.00224426015163025 -0.0211378574253907 -0.00152356426171205 -0.0432964694492742
-0.00572700866055877 -0.0220530848688411 0.00267349848632558 -0.0488856015226499
-0.00528518887826803 -0.024009052312865 0.0139091182700002 -0.0548946672696485
0.00496988329821296 -0.0252912063236204 0.03940194512909 -0.0491227410478812
0.0211438795510934 -0.0193444487994665 0.0675495186206078 -0.0259777773066676
0.0376820356394662 0.001802199954634 0.062548437516156 0.0232842577755217
0.0199628386643961 0.0301294296626558 0.0248162777582904 0.0513510699424248
-0.0180088467401194 0.0366318285613386 -0.00715919394045982 0.0159583604048724
-0.036196251784524 0.017168419854681 0.0541560759818948 -0.0414511009321362
0.0175779856259298 0.0141246540195692 -0.0605540164855409 0.0606158424783544
0.0128276209965043 -0.0105898941208855 0.0187778362903639 0.00624438992485684
-0.00534672579490268 -0.0154804448152812 -0.0193846602932311 -0.0597612160311065
-0.0128598207507752 5.01600707157922E-05 -0.0733452671331643 -0.0374832717654955
-0.00373589291115904 0.00753726891014086 -0.0857162722755567 0.023499150892316
0.00235930652626678 0.00209829034357179 -0.0491007844752156 0.0638073092027843
0.000907862572804086 0.00174946484475838 -0.0135174713861505 0.0679306925557159
-0.000410589204104509 0.000845265749117479 0.00145671920153207 0.0582094966061004
-0.000999948109613138 -0.00375989790965172 0.00831236489522479 0.0536266109679234
0.000452877691295423 -0.00601944698039227 0.0100435495518235 0.0542938377577429
0.00212318795993519 -0.00512854855031452 0.00117785572991063 0.0592973268000567
0.00792400956792616 -0.00735058024672359 -0.0238326937800548 0.0711891743112248
0.0151459293916645 -0.000111969554871738 -0.063196127633264 0.0696915060358173
0.0158811860166999 0.0186497796355185 -0.0918679996382242 0.0512526208948498
0.00604459015080555 0.0295177040496536 -0.0868411952728921 0.0682270203820878
-0.00302376762836819 0.0453226137900239 -0.0656427920657538 0.0456121319231903
0.00967364995666057 0.0234691981958012 0.0178589455128897 0.000550368524816714
0.0165819429253014 0.00787028283292656 -0.0199004748732563 -0.0670487706265616
0.0183950038537703 0.00151237374768866 -0.0785931661057943 -0.0455983860052052
0.0163034629574463 -0.00527940864542153 -0.0893844523219871 0.0197409710907734
0.0121116076380854 -0.0165544761857442 -0.0516974902399042 0.0610081552652338
0.000192790944115354 -0.0203916449999146 -0.0138849255490856 0.063249655153446
-0.00369591525201119 -0.0202800536818593 0.00180770015021622 0.0518757799760425
-0.00117946621027892 -0.0267605615339607 0.0113595788158851 0.0463761178888672
0.0147238222248524 -0.0269176019756192 0.0157706148140607 0.0468821814946856
0.0265180962679987 -0.0154986652813278 0.0114945380627162 0.0538752467458535
0.0421727667075232 0.00321752317503271 -0.0109080648736044 0.0703210976551653
0.031571511441917 0.0315114757624026 -0.0515788752258199 0.0748099295102037
0.0023887526049671 0.0543776862253232 -0.0747704415577983 0.0540552053330246
-0.0218034606897518 0.062022191833911 -0.0689585102167261 0.0600849815504142
-0.0275750931935911 0.0690198763540318 -0.0573256627991164 0.0219528775312837
0.00037096878638487 0.0587660257194846 0.0251411477109398 -0.0112308819486186
0.0355547219109369 0.0369987115802312 -0.0137904339886418 -0.078929176057868
0.0509463226631888 0.00712813017246347 -0.0778189724252708 -0.0581546960606465
0.0374190999236219 -0.0172307267929451 -0.0891365886552305 0.00926667409834114
0.0231209450478605 -0.0334447386509034 -0.0511464654968224 0.0505212693524601
0.00148951107981992 -0.0407116833341665 -0.0135674333329594 0.0509061217341616
-0.00702710639233236 -0.0388029881085201 0.0022549567119553 0.0384613837977676
-0.0034787706631096 -0.0447320858883043 0.0139259051239024 0.031450590284666
0.0218028161957378 -0.0444234542235758 0.023549069063654 0.0321908707536031
0.0425549881007532 -0.0282791317654313 0.0273603041071774 0.041966296612219
0.0682306025260408 0.00182654530699412 0.00959836691791582 0.0672609194082661
0.0512244415582866 0.0490759830062586 -0.0337988503219508 0.0791680302291228
-0.000294407750205212 0.0802440452492988 -0.0560137691236776 0.053704345334072
-0.0411338072137695 0.0867959130979845 -0.0444491064370265 0.0443859847754061
-0.0495682453252545 0.0813552178949834 -0.0352694862450533 -0.00571265090750303
-0.0153704197310436 0.0868781093081337 0.0392075728494767 -0.0254825738577701
0.0451498972642292 0.0669390584594653 -5.43284004819289E-05 -0.0896666538816007
0.0782840656034447 0.0178036798941167 -0.0679458503466041 -0.0715057117657412
0.0577798632930148 -0.0248164594842546 -0.0802762904270515 -0.00526524188676821
0.0337240568294813 -0.0454136531712915 -0.0471942830513543 0.0330295594459804
0.0037471230245006 -0.0556876471660746 -0.0121057441189771 0.0316106582094572
-0.00950584989111887 -0.0516947886972536 0.00222064019451219 0.0190899442635576
-0.00629538184733132 -0.0555515253181338 0.0150304748786154 0.0115203010690085
0.0228081383745917 -0.0556532193708534 0.0296405290600762 0.0120530651382792
0.0483159059683528 -0.0385696433413449 0.042231631860756 0.0241232550742588
0.0827174550805658 -0.00414105357004972 0.0302642753086967 0.0574996314699848
0.064626899918814 0.0546036458078383 -0.0139228355486663 0.0783924582902453
0.00125186151735377 0.0919081623579853 -0.0396063693065838 0.0484176643405406
-0.0502863447379215 0.0981325132972789 -0.0183761761415029 0.0220145196619213
-0.0638020925184487 0.0790626100655549 -0.00212915787313723 -0.0335828269849773
-0.03286117374967 0.0984610391671251 0.0586317131350689 -0.0405667357848638
0.0420723013175912 0.0874512147620594 0.0201811627268258 -0.093776553824338
0.0913036647489008 0.0312593402163351 -0.0471043309925761 -0.080600068993843
0.0699958774485883 -0.0248887910991043 -0.0623228668723257 -0.0217437212011495
0.040503597433964 -0.0493496573004532 -0.037774816840663 0.00995385350351989
0.00636072701777219 -0.0612591236924728 -0.00928230081571385 0.0093026523477632
-0.0105476852690468 -0.0565548054240167 0.00241440137713998 -0.002607101680338
-0.0087719198603801 -0.0583902075672591 0.0147746954104649 -0.0102611623508823
0.0203423545822225 -0.0578195310901015 0.0327990191583916 -0.0090767124307762
0.0475404668702058 -0.0419418117436949 0.0528043786631243 0.00462285698978098
0.0842201951658489 -0.00675070649760448 0.0458894489948859 0.0438689817388804
0.0664982727498711 0.0533117991764225 0.00262864474012364 0.0723834637028802
-7.58831050357161E-05 0.0910451853046802 -0.026755828539923 0.039321746849501
-0.0544048513309407 0.0948613924195744 0.00605393914921805 -0.00137016609245225
-0.0644565534548167 0.0630247098129593 0.0351960153165713 -0.0566551236745641
-0.0443509476388276 0.0894955666527327 0.0793195403959367 -0.0524567680442285
0.0286420060554436 0.0896908036361715 0.041014567299528 -0.090575160126524
0.0853686192435047 0.0397752136207499 -0.0216430269369011 -0.0817510266865843
0.068945223365696 -0.0199054879935876 -0.0391600168626548 -0.0351414870727523
0.0396042721282748 -0.0450883355828889 -0.0250068784778583 -0.0127714313577445
0.00688727898384229 -0.0570255029778416 -0.00514178275666967 -0.0139269938146853
-0.00999621542721434 -0.0527633508555264 0.00236119717692534 -0.0238099654993828
-0.00942731690177321 -0.0535217152450113 0.0139106949535477 -0.0302560772316821
0.0158154008015576 -0.0526362186835115 0.0351415848252717 -0.0281999940003086
0.0421061752700042 -0.0388109774342684 0.0596782173155957 -0.0123323485976748
0.075552511792021 -0.00513986669047854 0.0562032661673359 0.032078417326151
0.0568151085560684 0.0493838528855086 0.014436995027458 0.0635843776056159
-0.00577221628885788 0.0801266211239308 -0.0179904613150232 0.0293433475642955
-0.053934057908898 0.0776875466059768 0.0264830801842353 -0.0220652616320092
-0.0516699832186751 0.0361822630685116 0.067949105403445 -0.0710632169728544
-0.0436572315581475 0.0618194090661591 0.095444827332096 -0.0587529491593862
0.0128966524188044 0.0708645163485096 0.0580614658178194 -0.0815052043107082
0.062992045990961 0.035892898631194 0.00214963858120653 -0.0768081714351365
0.0528773455064781 -0.0125048049230044 -0.0170553233092439 -0.0446830561874247
0.030361144477737 -0.0324775219518557 -0.0126224235017047 -0.0322368093464054
0.00479912133581191 -0.0429045733132763 -0.00225976686553993 -0.0340915118244897
-0.00863810265155685 -0.0413036847299423 0.00198542690377475 -0.0408495596887861
-0.00821407350732959 -0.0421189784963546 0.0135373150595701 -0.0466878663824505
0.010910867222265 -0.0416515208680132 0.0369302137879822 -0.0431463440059259
0.0334176912728854 -0.0304710613469395 0.0649724054630366 -0.0230401450872969
0.0605398425929301 -0.00173758597870431 0.0618726831290704 0.0242834238804042
0.0405437599280767 0.0427487400235384 0.0221263733669264 0.0568652769236523
-0.0136293482045508 0.0621350949500587 -0.0113039186079326 0.0216549755924142
-0.0487755683074111 0.0510721450596712 0.043539015805792 -0.0367856221943211
-0.0279158527429893 0.00336942948114532 0.0898383705520339 -0.0756537713532044
-0.0304484482058007 0.0235650186817602 0.101170292452457 -0.0622680918028437
6.98324351228003E-05 0.0362652832573544 0.0667489767397173 -0.0725884814206171
0.0306893537572727 0.0205451255836928 0.0176634553984676 -0.0716185749376132
0.0256820288353029 -0.0053495322215636 -0.00392166753678917 -0.0513502195944972
0.0146087482169702 -0.0149483999094106 -0.00620666662433539 -0.0453918230830522
0.00195226883247083 -0.0219696846348136 -0.00231759776533298 -0.0461889653754057
-0.00643160809861566 -0.0228195089198861 0.00120219981297417 -0.0520376779995836
-0.00593762367041844 -0.0250793653805183 0.013418075418012 -0.0579070858026259
0.00455138641817111 -0.0261694204250445 0.041069389894467 -0.0519146831947897
0.0216290257627675 -0.0203719354093942 0.0704404486429904 -0.0278790986687863
0.039304112374749 0.00114279708197315 0.0661110275191243 0.0234259406493546
0.0207886144511918 0.0315463844569494 0.0270885215777379 0.0534956248021965
-0.0180439091643009 0.0384351469830796 -0.00685046291236249 0.0168905935714066
-0.036806486560044 0.0182264969656361 0.0552951726522691 -0.0440672838526483
0.0153196655598827 0.0184116038201832 -0.0710270896478919 0.0523807504427689
0.0148748718163709 -0.00841559431677865 0.0192041183583289 0.00941959954486738
-0.00300454895362498 -0.0165526273938199 -0.00965186761031091 -0.0652925239075098
-0.0135849940474116 -0.00110594918053805 -0.0703780982877236 -0.0506982873482975
-0.00509170805646207 0.00782723525600122 -0.0921593576452393 0.0109708566153535
0.00201698125048683 0.00313655459376729 -0.0606732818383551 0.0575477175989753
0.000817451259722089 0.0020617316813852 -0.0246137162759632 0.0680903151783055
-7.65852060252996E-05 0.000896035314410372 -0.00800175109780517 0.0608281031956599
-0.000192535306366641 -0.00438401901231034 0.00017693063697777 0.0571209743617243
0.00219781153504265 -0.0060334757050624 0.0016811529088657 0.0573278970391196
0.0036958630836898 -0.00419977825853862 -0.00860376847565287 0.0615586045929874
0.00946331179869248 -0.00536858285864019 -0.0369006694257585 0.0687975320502711
0.0143825037741795 0.00382524348676177 -0.0761771054317088 0.060458341126698
0.0114717594156928 0.0227813955594283 -0.103289916569971 0.0355149960040567
-0.000521407732174833 0.0329987745476641 -0.102166030079221 0.0526587307510119
-0.0118120304607209 0.0456005453794482 -0.0739687756006109 0.0374409812025811
0.00598860495425971 0.0251674428308983 0.019140485402469 0.00453189753867131
0.0141878747493551 0.0110063380726222 -0.00808075734480818 -0.0711970689414933
0.0172314532962251 0.00552752994857865 -0.0719445692174053 -0.0588714538486063
0.0175216043437745 -0.00146607536225575 -0.0940135281430597 0.00567017806593458
0.0153680569775491 -0.0141154152154695 -0.0621920401857961 0.0537485261948349
0.0037251149411637 -0.0209365383634229 -0.0241986400472211 0.0621353089394746
0.000215473722876936 -0.0211069461301439 -0.00693992397313932 0.0541906819497725
0.00344030306596615 -0.0276269720124561 0.00477827777067568 0.0505112207702377
0.0203185348761427 -0.0248388427229125 0.00870114154542352 0.0517754356797643
0.0307410666521739 -0.0100543395077237 0.00195535892103521 0.0575768126806838
0.0419545734888605 0.0106169234664333 -0.0253491055280872 0.0711421271546041
0.0250102119673862 0.039560974678209 -0.0653864277347975 0.066932301856248
-0.00924615297394879 0.0573717351652322 -0.0855981082953104 0.0397981604005448
-0.0367007011085476 0.0615152313892627 -0.0803419826019535 0.0466141673386532
-0.0412094794713211 0.0649916508486226 -0.0629880915678328 0.0156648772329669
-0.0104550486781076 0.0586153165822384 0.0276602406257666 -0.0048606592738569
0.027744643765656 0.0432547143306414 0.00128164975092661 -0.0798111615262529
0.0489756199502113 0.0161155814437115 -0.0671156669624405 -0.0711101245062467
0.0408867931981022 -0.00954178944472842 -0.0909741113861 -0.00602967679625851
0.0298236566885286 -0.0296241390455508 -0.0604821058055182 0.0425574878537582
0.00867334651502607 -0.040866480827686 -0.0214570856591231 0.0490067714266356
0.000412909509560971 -0.0403809002593208 -0.00457679173947341 0.0400100600916386
0.00497241409120249 -0.0464746322504882 0.00962782538690361 0.0357324646772635
0.0308215958224345 -0.0420627447804776 0.0193385970800534 0.0382831931796589
0.0503412413227979 -0.0201512605302967 0.0193602178318473 0.0476955706475796
0.0699625874853188 0.0144931627286715 -0.00558110680190166 0.0709963793630297
0.0413060641840664 0.0620306854339247 -0.0479959566879236 0.0741375731360704
-0.0173514625952053 0.0833165424853985 -0.0659667254753583 0.0414176335184059
-0.0612245656769239 0.0834311600954096 -0.0507338064598543 0.0342693446392838
-0.0656293266745244 0.0727847317984484 -0.0365445896381955 -0.00808622915344227
-0.0308138735629267 0.0838966969600812 0.0443148368512085 -0.0167681641575107
0.0322055497940925 0.0742783653387594 0.0177885522265129 -0.0862664385778314
0.0740565622541184 0.0313249746908257 -0.0528503741431381 -0.0815014966444219
0.0626501159771272 -0.0132507916536678 -0.0782128558922613 -0.0205885465624246
0.0426068511714527 -0.0397788001884077 -0.0527548227414462 0.0250232741583206
0.0137267369892864 -0.0551444005867217 -0.0166843671594488 0.0288880296990423
0.000841704274560104 -0.0540763492924638 -0.0011186177705994 0.0198598435994453
0.00359090241197002 -0.0579453667822987 0.014092147564538 0.014699808298555
0.0341163151728897 -0.0527141054536022 0.0288838872408658 0.0183614564055798
0.0585088158537839 -0.0297174602034614 0.0372281272340731 0.0322092326208357
0.0861437445658523 0.0109879532401171 0.0171837390236793 0.0651673966631047
0.0544151484097198 0.0700227104096074 -0.0277834040002989 0.0769513072721142
-0.0177025203229059 0.0961415139601257 -0.047782037708818 0.0383356218157404
-0.0735696314886149 0.0935624111954745 -0.0189043553647502 0.0155896038796294
-0.0792354109812621 0.0670257301091585 0.00129095104259489 -0.0315453379589882
-0.0507033457597628 0.0920755622030854 0.0663369504993922 -0.0282011699623958
0.0252425771707551 0.0942909504671883 0.0385649572267021 -0.0861613918774796
0.0846675693289357 0.04628002649513 -0.029934248360997 -0.086391289346553
0.0747425942317517 -0.0121938298252249 -0.0571338395579831 -0.0347180887726381
0.0502188526122842 -0.0433752594095974 -0.0390428213852607 0.00278128962119054
0.0166937477732809 -0.0610423052927429 -0.00972217799303679 0.00585059233607662
0.00055963540844792 -0.0595494142752431 0.00250295348066165 -0.00242579080860108
0.00165952870381636 -0.0609006600752869 0.0177807345349705 -0.00782076741371817
0.0310789176893199 -0.0557869501122166 0.0359913092035263 -0.00290480486011388
0.0579598834479584 -0.0331696601266351 0.0511708080804219 0.0143446488797906
0.0884734817087143 0.0082694258396028 0.0358716293836692 0.0539665392841221
0.0561338052780002 0.0688481590933153 -0.00929011208139193 0.0731867107234574
-0.0186391100814815 0.0940374612426676 -0.0336521092004768 0.0311627272054195
-0.0765645878090239 0.0885226177423953 0.0102781981784371 -0.00388297975522373
-0.0767528800691337 0.0497833371505916 0.0429943740686996 -0.048911404874549
-0.0601875736628054 0.0801441228246673 0.089008182717806 -0.0373186611158306
0.0116487847775647 0.0936122245033625 0.0582034697570848 -0.0790728728611966
0.0772329006331829 0.0530841639112801 -0.00379584914594028 -0.0826295154571898
0.0722497062522075 -0.00685673907101997 -0.0304170323971961 -0.0439551803973759
0.0482063717332475 -0.0387233398834099 -0.0219758813560367 -0.0185181972172552
0.0165971439877776 -0.0566153155654606 -0.00177425741500171 -0.0176486578808332
-6.58989414553982E-05 -0.0555698880444925 0.0054894012967571 -0.024538338634001
0.00019928176141208 -0.0562508918059643 0.0197247626090699 -0.0287726924719204
0.0263093990829428 -0.0511649715635284 0.0408093538044987 -0.0222626766671043
0.051807634296687 -0.0309453459346145 0.0606126259070916 -0.00198900807524271
0.0794662450853953 0.00833879680912191 0.0482980240506288 0.0435606173417405
0.0476039884731837 0.063218079005728 0.00400060713165428 0.0663752525596876
-0.0222804096163859 0.0813804079318449 -0.0225035547839854 0.023669989699645
-0.0722859157353515 0.0704960009174413 0.0348983128424434 -0.0203300262466368
-0.0584559094419066 0.0246666151094485 0.0795055918855524 -0.0595253281858298
-0.0545908434140815 0.0526848744129477 0.10603443340115 -0.0429601578519994
-0.000709419132764144 0.0713288028557621 0.0728039338259009 -0.0680597141927947
0.0560298634358194 0.0450273923487633 0.0184537066872317 -0.0741788334075717
0.0541502605352169 -0.00338929957947219 -0.00660811741208282 -0.0493145949243806
0.0365514963143171 -0.0281881810873767 -0.00632332075147823 -0.0362786824625047
0.0125361449728932 -0.042713100979237 0.00346947445860184 -0.036911616828724
-0.00124697175846733 -0.0436921833827363 0.0080149175970246 -0.0427867835608372
-0.000609159111552896 -0.0439464919442052 0.0216391611276368 -0.0459053216066789
0.0191389672509835 -0.0410885389928866 0.0459516743177145 -0.0375946312562901
0.0413583434828571 -0.0245900611274261 0.068657247127945 -0.0125685193762288
0.0631084382209965 0.00943081949159852 0.0557813739822046 0.0365849824606989
0.0322376427686546 0.0529171704198649 0.0134588671895032 0.0604251142783246
-0.0265090732490275 0.0617671739804 -0.0139764293803112 0.0173869637195744
-0.0607953162149206 0.0424911293993034 0.0547794708579443 -0.0317219654704095
-0.0280958061764385 -0.00458295485585334 0.103233711236017 -0.0621313330165272
-0.0351121837056941 0.016787819415457 0.113214337658895 -0.0461932842771128
-0.0069541439825543 0.0342940013292059 0.0799404040938493 -0.0601135152164564
0.0257010844102447 0.0240736768663395 0.0324972863021142 -0.0683330972443052
0.0257262432057594 -0.000812148783684428 0.00617360474574341 -0.053471148864268
0.0170331320399459 -0.0129397786694951 0.00169238937635285 -0.0483451615154392
0.00551799082431825 -0.0215477197105744 0.00519644936173411 -0.0493594018096317
-0.002120632654115 -0.0245871711278557 0.00958272596512279 -0.0538926147829086
-0.00133252329484488 -0.0263156637367827 0.0229903693179968 -0.0574382970603579
0.00946598584712774 -0.0256493291515882 0.0511035465473658 -0.0470640464995444
0.0270783917634033 -0.0165829560360073 0.0757581252761902 -0.0172199883477367
0.0406180944933985 0.00880493420883906 0.0620013126659279 0.0354560571979002
0.0142249930719496 0.0370556290456405 0.0193005258876508 0.058473286897601
-0.0260870866767127 0.0359076430378074 -0.00891920772451315 0.0146778981428063
-0.0415603913621736 0.0105502070656774 0.0667240316253737 -0.0357978806954987
0.0157295111389464 0.0168713321359438 -0.0656986121102246 0.0580131706234595
0.0140262220888217 -0.00983297017867202 0.0201602214743815 0.00790574876873065
-0.00463571939502292 -0.015428027077914 -0.0144539862923815 -0.0637256090333421
-0.0131006254145027 -0.000139318851283538 -0.0732284379737155 -0.0449189415269673
-0.00425597071523912 0.00820111912675506 -0.0903680413104784 0.0176919225019355
0.00198566526827319 0.00259028886362295 -0.0558178523360755 0.0612055566793513
0.000624635886021666 0.00136750091073599 -0.0189515331187416 0.0690360277778292
0.00034459390286416 0.000868011691874956 -0.00352057521117815 0.0616684548029806
-0.000932969361690148 -0.0046970164983175 0.00476537016718684 0.0571902384414375
0.00188338839107171 -0.00635820362292378 0.00575310169972581 0.0568877234831369
0.00349539592686789 -0.00455559776720993 -0.00456381963215013 0.0613358696217631
0.00879667754423877 -0.00611415757296096 -0.031719898339003 0.0709611083648839
0.0147066042454895 0.00323501743636688 -0.070940722434446 0.0653043419531692
0.0130037787390729 0.0220545403349301 -0.100597729146281 0.0421203453289667
0.00149703185049541 0.0319782649926893 -0.098748164219125 0.0602280606169781
-0.00911267836938755 0.0459713436604209 -0.0703036554290388 0.0430280515398655
0.00721871039173686 0.0249594002923712 0.0198769225147659 0.00327422953605855
0.0154095740532519 0.0102220232097836 -0.0123538989925738 -0.0695989271104175
0.0178363768216052 0.00376988905246436 -0.075056395718954 -0.0530704747596514
0.0173835033779072 -0.00326375904037082 -0.092769302135127 0.0121626674383229
0.0139063920996296 -0.0154518661852503 -0.0573956718733163 0.0574230586309534
0.00190818309210725 -0.0212001961169607 -0.0189837502350831 0.062992486010133
-0.0012674413481936 -0.0213831631251144 -0.00266196659946156 0.0546737278615901
0.00136675749937503 -0.0276559485426859 0.00807162957126355 0.0494854548093402
0.0185672332479437 -0.0266929482383836 0.0120662819195792 0.0505671762059162
0.0306365908224786 -0.012280679463138 0.0057202735029065 0.0566789040101971
0.0429165347400807 0.00766715875029446 -0.0198759986815541 0.0716386879062633
0.0281284380900593 0.0379140207086565 -0.0595622921932894 0.0708335468959336
-0.0051762338960503 0.0576651589155873 -0.08268896833521 0.0456044414014437
-0.031756223634185 0.0627474740354944 -0.0774778300271589 0.0527631228206965
-0.0364643892947404 0.0674354281815799 -0.0606129037776705 0.0206030277410164
-0.00600933792027452 0.0593962604232461 0.0276569216104592 -0.00614869254719326
0.0309984618295641 0.0409408151318074 -0.00450735156076446 -0.0787099936899446
0.0501172816183975 0.0116790740402215 -0.0715279572972833 -0.0648163245566264
0.0403025074403573 -0.0130535283307265 -0.0905486899549637 0.000267164298466858
0.0269746942475264 -0.031941876908487 -0.0563277817820215 0.0465083169946217
0.00500500886040471 -0.0414122008409921 -0.0183262423557378 0.0495707615297033
-0.00265940947724507 -0.0402374196274337 -0.00169374812929584 0.0398199858093214
0.00117858508098028 -0.0464479867467494 0.0114660964995491 0.0343265748186094
0.0277698963690023 -0.0439150794971188 0.0214963673827315 0.0362453854928166
0.0484944519965952 -0.0239539931888156 0.022091478643204 0.0462167698402442
0.0708825385865754 0.00890047670105711 0.000123097934036796 0.0704928938542535
0.0458829331576004 0.0582433984736197 -0.0412175653796204 0.0766860448375837
-0.0112470961377904 0.0842780834770443 -0.0628620365741364 0.046010746174965
-0.05431971719503 0.0862537292828018 -0.0486027165703391 0.0382623203997344
-0.0601631633355784 0.076329428657708 -0.0361285413816421 -0.00516025869232129
-0.0246138425097647 0.0858424979356129 0.0431496963596161 -0.0190667816587511
0.0374424645071383 0.0710795635194738 0.0117212312627787 -0.08599417769543
0.0766367376463837 0.024785615920311 -0.057917776058866 -0.0766643158579906
0.0614308847690905 -0.0188776843917315 -0.0791924621116686 -0.0143220340857601
0.0390395922646355 -0.0437348346689316 -0.0502362075412336 0.028199432041483
0.00900394043060706 -0.0562652500637002 -0.0149414342149323 0.0297082655811343
-0.00378041246327068 -0.0537394919849135 -0.00011242615683183 0.0195493852946584
-0.000886369690928182 -0.0575720601930422 0.0144665366466401 0.0134238875295085
0.0296082254047229 -0.0552115336809359 0.0301128380206948 0.0160618533362532
0.0558314440470516 -0.0337039568391215 0.0390132051165499 0.0291006962925948
0.0865107340404283 0.00414941574179834 0.022223946591901 0.0624833397358966
0.0590694436821542 0.0651392715801031 -0.0213580374738382 0.077696924790631
-0.0108768008128898 0.0969464594522447 -0.0445512094180604 0.0411855002631775
-0.0660951986853849 0.0976510975921343 -0.0181714133466657 0.0174745401135707
-0.0738325661683286 0.0716595809260653 -0.000722852396638905 -0.0308885732569808
-0.0435818838739348 0.0954400496879173 0.0641749753108366 -0.0327824884586568
0.0321100742373332 0.0912480901009498 0.0325291450654807 -0.0872177289571355
0.0880650051153383 0.0387909562278725 -0.0351564085034673 -0.0827252279073593
0.0734150939594233 -0.0185374247173638 -0.0585557298833732 -0.030130510770506
0.0461984709919265 -0.0473371302354829 -0.0383088659772222 0.00545280073268796
0.0117723811853886 -0.0620966867639505 -0.00965390137499663 0.00619449218031653
-0.00432311878556617 -0.0587641277403607 0.0019200740088074 -0.0030161911900952
-0.00292433746873244 -0.0606569310705753 0.0160120930774658 -0.00899843304403043
0.0267704885439745 -0.0577007401520909 0.0352863702939976 -0.00565971547179201
0.0549410932327923 -0.0375576585342774 0.0516689221790738 0.0102444756896852
0.0886655805102926 0.00112829732526132 0.0396046009525176 0.0503303818032269
0.0612479858067734 0.0639493462520504 -0.00281576461352515 0.0731423509690765
-0.0117566557201503 0.0947838944288752 -0.0307547163086833 0.0338660982224439
-0.069064241905049 0.0931128644402204 0.00960538898843434 -0.00460426437918676
-0.0722714223974349 0.0543795800969167 0.0399730649668482 -0.0519695858445981
-0.0537358013725257 0.0845442117801965 0.0855385196875508 -0.0431137770416396
0.0181700968720931 0.0916749612049421 0.052452121233961 -0.0818874741951242
0.0806631204778363 0.0458340410221191 -0.00909746694021058 -0.0808284102973249
0.0712791951212017 -0.0131045025840188 -0.0331208370581834 -0.041489112178038
0.0448938029278031 -0.0428803225954035 -0.0229273645840419 -0.0172389248420538
0.0121263925736976 -0.0574349279053456 -0.00413916685004433 -0.0171361410109131
-0.00483585230699126 -0.0549583246278264 0.00320257095301618 -0.024649347557869
-0.00393571365197652 -0.0557490080834023 0.0168762373698559 -0.0303884681344568
0.0219327031551329 -0.0524853847800642 0.039354640144368 -0.0257767650566382
0.0489823365050402 -0.0344390353902857 0.0599070596292184 -0.00675426561043582
0.0795138253228428 0.00149895769660871 0.0513216112370742 0.0391532811506355
0.0517063644213515 0.05862920629668 0.00988963642851084 0.0658626434878091
-0.0161563217569041 0.0824779242222337 -0.0202053019417777 0.025003419717634
-0.0655997981294413 0.0747328980313814 0.032877764709886 -0.023226825994179
-0.0556847816062792 0.0282240791436452 0.0751713618146307 -0.0650561867871847
-0.050029347986936 0.056475890157751 0.102250245984497 -0.0500574703580526
0.00444299281186573 0.0704248309922702 0.0679376633855958 -0.0720974552303846
0.0589571959999649 0.0394951366246515 0.0139476961292444 -0.0743847469374967
0.0539996064457568 -0.00736317204398165 -0.00977320932845736 -0.0488943708264208
0.0338791794509997 -0.0308084457209962 -0.00924443628245047 -0.0360443454965731
0.00917181641511227 -0.0430941526577684 0.000420281148115461 -0.0376223242383303
-0.00428141605120459 -0.042554950805821 0.00426011014018703 -0.0425749297230443
-0.00413925110784306 -0.0434559241004088 0.0178272686384215 -0.0479933509411332
0.0156042287355741 -0.0415994506704876 0.0428437100809699 -0.0411828138932168
0.03883696448218 -0.027413821898098 0.0665878619412017 -0.0177516505360761
0.0631802378899209 0.00429469512613977 0.0585534016382426 0.0316241584824327
0.0353331518626063 0.0500085854684664 0.0186670787751301 0.0590116716117816
-0.0215372209885102 0.0628082645334289 -0.0122646371523146 0.0182595700106241
-0.0561251961593175 0.0465480259742748 0.051336105389488 -0.0358382773716323
-0.0277899453463643 -0.00246798006305406 0.0982467637175501 -0.0696545823237237
-0.0329767249361463 0.0184951167652258 0.109094378500727 -0.0540207045352916
-0.00421365573459748 0.0338169837989219 0.0750713466113018 -0.0648576628110621
0.0277047813379888 0.0209639904622749 0.0272723799531929 -0.0694903697564338
0.0252959527844974 -0.00299396060310559 0.00277919710860679 -0.0536779210633489
0.0162206330468248 -0.0141017338504691 -0.00211617734638994 -0.0482796103933263
0.00386451083415903 -0.0219377551962692 0.00137811469077395 -0.0499246569580654
-0.00420298529186735 -0.0240395065428934 0.00451161082036228 -0.0543293874349816
-0.00363898483245967 -0.0256053784785495 0.0182095325920261 -0.0587816451412666
0.00739264897605986 -0.025821112588977 0.047276601430656 -0.0505914350470164
0.0253706543122393 -0.0185815970774898 0.0733335350991776 -0.0226071593578432
0.0410479327404181 0.00547657575403145 0.0643409326697104 0.0308625715371386
0.0163313142859261 0.0352817519628117 0.0238215125791197 0.0563563024249324
-0.0231813586899011 0.0367460088901787 -0.00761046686579649 0.0155525255515097
-0.039595987237232 0.0132914829373605 0.062819808735739 -0.0406398796591685
0.0153588573114342 0.0147272730403624 -0.0590971623997609 0.0590428412598758
0.0129864539293397 -0.0095704399859286 0.0198548100436054 0.00651362892391328
-0.00443437454053714 -0.0143417441693676 -0.0164989281229771 -0.0602527944484244
-0.0122457385500385 0.000467276175456091 -0.0717396845230416 -0.0392433241972834
-0.00329377625717097 0.00761938094220666 -0.0857154647486297 0.0213903173758122
0.00165120158648157 0.00228270625149542 -0.0505677184196709 0.0613502421439016
0.000417853185805896 0.00089871490611802 -0.0148310798425362 0.066344705218202
0.000343555223087179 0.000471038547327721 0.000500366619988262 0.0589029156294463
-0.00128098212102628 -0.00449599146309124 0.00747278285811172 0.0547345944928134
0.0016697582746037 -0.00646096726259394 0.00795057960792426 0.0543415372780812
0.00337095623397059 -0.00462907017700931 -0.000981259573206624 0.0590869622948108
0.008574051738251 -0.00610944889969384 -0.0268509031991423 0.0689000641362236
0.0141038678987935 0.00287020190100679 -0.0646682888779298 0.0650472476206649
0.0134357768221805 0.0203358248796067 -0.0944899058102639 0.0450710846381115
0.00267079092826105 0.0296753363288089 -0.0916335939534677 0.0631599711033275
-0.00644504499955706 0.0435799251105135 -0.0643332113238365 0.0454253630889358
0.00814632082369555 0.0238738771243515 0.019549867635945 0.0025451736265189
0.015264582950445 0.00934979413993701 -0.015221409290428 -0.0659174006554608
0.0178485377929971 0.00205384342996522 -0.0740496731283456 -0.0465743164898808
0.0166027921304785 -0.00450799840499583 -0.0879206403686542 0.0158677642985679
0.0121443855840027 -0.0158304885313222 -0.0521908425819108 0.0580308314029713
0.00051065624533995 -0.0208888447026175 -0.0151501109854518 0.0608740270534886
-0.00225895126214913 -0.0203296434358706 0.000470558349992744 0.0527185600049519
-0.000247417891933183 -0.0270642602136264 0.0104510210789056 0.0475682703590727
0.0164544596097223 -0.0267916558521895 0.0134850643554261 0.0478957302137438
0.0282817091830394 -0.0135163284084753 0.00769890601995129 0.0542132952922444
0.0417093363720738 0.00499829509109814 -0.0152172410432181 0.0690072645690138
0.0290693550468415 0.0348469970224726 -0.0531282834533713 0.0700889920650918
-0.00219395864755499 0.0557162063490819 -0.0768028546965518 0.0472586060506069
-0.0274390951011391 0.0608744771361814 -0.0721729460777158 0.0553693308564843
-0.0315956185093219 0.0655609771539017 -0.0565811502857991 0.023457526429531
-0.0026761769492116 0.0572824287516338 0.026788162398197 -0.00695141133621896
0.0318939547125064 0.0371632134103061 -0.00730249208368854 -0.0743053987102579
0.049151383602733 0.00799030812640415 -0.0708989151149007 -0.0580735785177319
0.0381750145247409 -0.0150425008941696 -0.0862924569611535 0.00482996320961137
0.0240112091652678 -0.0325842061348938 -0.0509972052183764 0.0464971210253941
0.00254138055187865 -0.0402711746037273 -0.0145634467327068 0.0482574062818139
-0.00468791235589172 -0.037986591814056 0.000795524307121016 0.0382076156570232
-0.00173253507805937 -0.0444825452955821 0.0128234852644029 0.0324386504768953
0.0241851851479017 -0.0439982618330059 0.0225684027814977 0.0335450534002171
0.0450967154093943 -0.0257506033314252 0.0235962636696532 0.0428347929358483
0.0684718870923487 0.00457231105248797 0.0039836428729966 0.0670619549272131
0.0470676521097039 0.0533720081199903 -0.0353597604684175 0.0754234804387855
-0.00647123623328085 0.0816582446951214 -0.057827470231226 0.0469886946871958
-0.0475842077631425 0.0850982962612954 -0.0450043293094614 0.0391812784645831
-0.0537351272961562 0.0756587735800473 -0.0339946993653874 -0.00246418171045185
-0.0185651383716086 0.0838355269546221 0.0406827150513621 -0.0197960337353632
0.0399318175067867 0.0658593591529363 0.00757631117371492 -0.0819667987079874
0.0748118528971317 0.0183994415718175 -0.0587235426779637 -0.0695385372687222
0.0580990828191415 -0.0220404144229642 -0.0766096602143411 -0.0101945760603093
0.0348719715055168 -0.0443735696944789 -0.0466932420817804 0.0287541486497907
0.00540248818593539 -0.0545256993862257 -0.0128621024582215 0.0288155896242757
-0.00686538145517811 -0.0504715482556707 0.000689730290139706 0.0190865204888762
-0.00403639495924551 -0.0550340605035243 0.0145270768384507 0.0122500949403119
0.0257501260479247 -0.0546212973893634 0.0295310110275389 0.0134788494942273
0.0515220751761232 -0.035848612705276 0.0384015170861725 0.0257653580793323
0.0830569045625303 -0.000932987055807436 0.0244257895563462 0.0583515542655372
0.0597892507640802 0.0592079639849139 -0.0152086099427172 0.0757518013710787
-0.00580433482640217 0.093610885184241 -0.0400807997263282 0.0416574445134541
-0.0579122847894673 0.0954631125446473 -0.0175793721797694 0.0176446856001684
-0.0673881602558505 0.0718420992905033 -0.00157513299530941 -0.0297295345169571
-0.0363493653336594 0.0940041901658065 0.0598401792957754 -0.0336082791730413
0.0353554918446602 0.0850440761439318 0.0273612735017848 -0.0841932062581776
0.0865782474414826 0.0313496112745608 -0.0367823522479597 -0.0765789349585197
0.0694095300656886 -0.0214752482555667 -0.0572443982120955 -0.0262562308473094
0.0416237147391648 -0.0482925435105989 -0.0365076338167704 0.00657903888469824
0.00824782011261077 -0.0600378183704625 -0.00962248539930465 0.00574667467156727
-0.00761517497619496 -0.0556769176631613 0.00112737601696629 -0.00276694775410702
-0.00626268537046469 -0.0574193114593165 0.0146971677828947 -0.00956000835651949
0.0226701014582306 -0.0566731437809945 0.0330482617641055 -0.00765868176988225
0.0506021591468849 -0.0387170441030377 0.049457610338892 0.00694053622278947
0.0844595184624349 -0.00407954931720966 0.0407342587606575 0.0459049117759759
0.0614064726364438 0.0576714247012217 0.00136613194080376 0.0706471370510038
-0.00677184980350538 0.0914819406407149 -0.0278102681203284 0.0337087297265594
-0.060759616708088 0.0921181514192631 0.00851010906657944 -0.0048450216999571
-0.0666168597920193 0.0555218128774792 0.0362817534335652 -0.0519557035121983
-0.047038137777389 0.083446087441831 0.0799048269105455 -0.0451068663429538
0.0220539813937507 0.0863740567065305 0.0466536497717497 -0.0795560446451786
0.0798569638179212 0.0386822124774405 -0.0117337227079737 -0.0762684076250707
0.0674404992702777 -0.0168530445845142 -0.0329559104370012 -0.038083674890056
0.040588608884079 -0.0433329492976797 -0.0228306329769159 -0.0160527770294387
0.00829648354248486 -0.0557124664663727 -0.00525785050305308 -0.0169208149241501
-0.00756695749102742 -0.0518373049296967 0.00158059719643299 -0.024140424884057
-0.00712347557898695 -0.0526871756913515 0.0141553389346311 -0.0297488062983712
0.0183355485220374 -0.0515105299604314 0.0360724893323576 -0.026878384417008
0.0448819639928804 -0.0357251683761389 0.0567885180913689 -0.00950186637921101
0.0761018248817403 -0.00330703163431328 0.0510059127642227 0.0338715724774904
0.0517873461125329 0.0532181283116285 0.013733200249513 0.0622964109534982
-0.0115389293236827 0.0798465986161926 -0.0179229334350383 0.0247631582902392
-0.0585392263867464 0.0740392876627842 0.0295149187471491 -0.0240998622426109
-0.0519893498431686 0.0294488628251025 0.0691578131605595 -0.0664707690009611
-0.0446636299564917 0.05644087972187 0.0952954115964541 -0.0526531680926873
0.0077943693561763 0.0669417306073569 0.0618464273230215 -0.0714185812589229
0.0577383581422328 0.0334532293852856 0.0102422354875592 -0.0710192233765151
0.0509170424198504 -0.0102845880135405 -0.0113706293849312 -0.0465680787219502
0.0308485751626358 -0.0310620285991745 -0.0102062506958976 -0.0346697888811035
0.00633626278014217 -0.0418527029540119 -0.00196803052544624 -0.0360149553862495
-0.0072972290957358 -0.0397994009648518 0.00162501016754563 -0.0416979275226029
-0.00658694507414608 -0.0411261502462111 0.0141867715589126 -0.0465449435888379
0.0130658484438416 -0.040236269692577 0.03851745327567 -0.041806207156729
0.0357877181216233 -0.0284192766938751 0.0625013767848437 -0.0204280859510832
0.0607219938164604 0.000321580607413405 0.0575862161674334 0.0268999408442381
0.0356092023128213 0.0457463989959798 0.0212476825923813 0.0551643735084895
-0.0177233142871637 0.0607738288213532 -0.0107892991984399 0.0178793922373233
-0.0510613558073234 0.0467955919964613 0.0463100689469119 -0.0373284771364186
-0.0264763233279453 -0.000986825618737547 0.0907511487999987 -0.0717434741711136
-0.0299236199654263 0.0193334289935405 0.102028674323927 -0.0571587902100958
-0.00207354218190386 0.0320768829428252 0.0692806505781441 -0.0652465766650298
0.0272320442726393 0.0177835905901364 0.0231254557815711 -0.0675531928099477
0.024191189112521 -0.00415162728315262 0.000442135745139035 -0.0512788958711272
0.0147759268918307 -0.0143507651812248 -0.00426423001335207 -0.0465279426292876
0.00264918099235958 -0.0211042345709857 -0.00170967104443909 -0.0478677514826712
-0.00541007562529866 -0.0219484506769971 0.0011784806294833 -0.0521820902072218
-0.00491639129474572 -0.0240794461342403 0.0144430630065419 -0.0571422170570906
0.00576742810930733 -0.025022773204739 0.0423268801414213 -0.0511572346481914
0.0231528886141421 -0.0190435279754707 0.0688876800527277 -0.025099902785347
0.0387935631724022 0.00310215314388664 0.0631072015233925 0.0257207854164893
0.0168142677459768 0.0329409528057801 0.0258499232009595 0.0522214836326864
-0.019885473564751 0.0361876537364858 -0.00696672476937323 0.0146732082595599
-0.0363981131060066 0.0140319010848008 0.0572020069811723 -0.0424800770915586
0.0144490216914702 0.0136143401664124 -0.0549440462276357 0.05694644546552
0.0116318808348408 -0.00920448065589501 0.0192858520225479 0.00597820573189086
-0.00458456938473507 -0.0132419252437799 -0.0159324149391001 -0.056939699325687
-0.0116202273178179 1.6839638964327E-05 -0.0681733407745718 -0.0364045319774691
-0.00288504562100304 0.00719682838218288 -0.0809727981412663 0.0216144543148233
0.00157526056192726 0.00169788653752366 -0.0470374445770571 0.0585153075988296
0.000273178862026676 0.000627414358858858 -0.012534479321566 0.0630120070593469
0.000426331967257739 3.05140003661528E-06 0.00192497382759625 0.0560918889959194
-0.001129266320809 -0.00473884976022242 0.00809206559660418 0.052139652121195
0.00152694096967515 -0.00646612622903508 0.00830435767622973 0.0517351320808451
0.00328048517737369 -0.00441117647927591 -0.000296014721706246 0.0557366736110968
0.00846747890275002 -0.00557934650154953 -0.0249248677092093 0.0653111410520886
0.0141629146612509 0.00239477980584879 -0.0606319160078798 0.0616858496210472
0.0135367545513225 0.0193005439764849 -0.0900063804299479 0.0437380208981643
0.00268584180869566 0.0276131442716746 -0.0871246303426484 0.0614595856444732
-0.00637362793597482 0.0413880173181329 -0.0594793504809754 0.0441201491227922
0.00817134530206901 0.0228128336382977 0.0192698210336742 0.00226997433006573
0.0148245164147068 0.00841071360070244 -0.01458041492957 -0.0623972083552849
0.0172891950320778 0.00137708671955668 -0.0704891846473852 -0.0432532625057169
0.0158944566284902 -0.00513808566626603 -0.0836311402420725 0.0160551273848229
0.0108508709681674 -0.0155651356452557 -0.0487845751178942 0.0550583739576609
0.00013996988180613 -0.0197864335355848 -0.0138512775701481 0.0578669981499724
-0.00253165703961346 -0.0194059915154481 0.00126395170428457 0.0501408209259113
-0.000832146991930724 -0.0258124998425891 0.0103935746844426 0.0452422665623547
0.0152158473812351 -0.0260108676131957 0.013222676902881 0.0450671025696984
0.0273483367485109 -0.0134814558151809 0.00818170721771287 0.0514504726687129
0.0399258354131474 0.00415614530828019 -0.0134846839759773 0.0654209849441705
0.0281555008713666 0.0328500032701619 -0.0493404148456524 0.0670112791257519
-0.00119353270610333 0.0534954222153314 -0.0728144874812821 0.0454557956081649
-0.025621022270777 0.0575102849174393 -0.0682181806947054 0.0535496277976422
-0.0296655779255324 0.0626183926042097 -0.0526993322390431 0.0233772056106878
-0.0017594195148662 0.0549544484321417 0.025734755787813 -0.00631212913620042
0.0310513545845904 0.0349310612513224 -0.00704980111851203 -0.0702157444651432
0.0471198670917022 0.00630947395651672 -0.0676551098224897 -0.054188822283932
0.0362118371176193 -0.0158995925260322 -0.0822321171630522 0.00550462851386208
0.0218557860760934 -0.0316173765973042 -0.0482167880144715 0.0450177296634659
0.00136323290687323 -0.038570828431016 -0.0139123514544417 0.0462377927273244
-0.00538850328199908 -0.0360582273164207 0.000902933320795048 0.0370198362726853
-0.00244246971533172 -0.0423775236075031 0.0130308113763697 0.0315007794423569
0.0224849343329328 -0.0427506324725906 0.0212490898627316 0.031687551598274
0.0428059058636871 -0.0255586856151402 0.0224486996433101 0.0406669890612558
0.0654518096757857 0.00333904418299801 0.00461085323758952 0.0630238983758024
0.0455642491694509 0.0502361986268667 -0.0322780159411773 0.0720191703357729
-0.00514889964251749 0.0782887155899567 -0.0544623279320022 0.0446730670485713
-0.0442973275235557 0.0808076880443621 -0.0430837841145933 0.0383227914335907
-0.0507030171105795 0.0723114157048298 -0.0316902124704719 -0.0016572945507757
-0.0169324052397455 0.0804212968068356 0.0393389607795075 -0.018522787755613
0.0386018794403908 0.0617125100782761 0.00701680235607987 -0.0774113262917177
0.0717901442131277 0.0158100392551228 -0.0559699675052336 -0.0651008437437437
0.0550463291972144 -0.0223884602250258 -0.0731829219458902 -0.00923289046836639
0.0322384704231211 -0.0427147885263829 -0.0438080942678764 0.0276655554088608
0.00399913197517181 -0.0523790951657661 -0.012347910538949 0.0275657046958623
-0.00732682253659057 -0.0477216178189133 0.000841792781666761 0.0182085215942325
-0.00534666467228994 -0.0520811907353134 0.0136643072308493 0.011859671290833
0.0234042173130652 -0.0527054079827454 0.0278091579076506 0.0121424354835147
0.0487808552632771 -0.0349238488164659 0.0365803304399416 0.0240560851439542
0.0792077591460049 -0.00257655363610681 0.0244415676532216 0.0543750707654776
0.0573608805276971 0.0553866665126169 -0.0132577846313744 0.0720669789704611
-0.00423329810657453 0.0892574148392676 -0.0379721034095615 0.0400048467296343
-0.0532917916796533 0.0913033661969386 -0.016950658308445 0.0171949763932484
-0.0632974226367601 0.0692805814293877 -0.00103991694808283 -0.0277677949591728
-0.0336779523698533 0.089782716830318 0.0568609890350643 -0.0320696058182658
0.0349165095911476 0.0800480984700852 0.0257747877386358 -0.0797209677575193
0.0827232112302367 0.0275171683690871 -0.0351750839302376 -0.0722075638088523
0.0658234896224378 -0.0224042942816907 -0.0544575927428317 -0.0243083782782531
0.0385350621413803 -0.0465979066525769 -0.0344328120059737 0.00644053833666873
0.00645142922362483 -0.0575656986120153 -0.00934632010435519 0.00551647623750666
-0.00834453476067149 -0.0520319953868712 0.00046801421306645 -0.00244263922715703
-0.00726443143115041 -0.054619836376831 0.013642213657969 -0.00880479325103727
0.020784863389939 -0.0547820391838834 0.0313700100221421 -0.00805356324236662
0.0475994751161758 -0.0380084493230318 0.0466619085519175 0.00598780805667
0.0808362314174917 -0.00601953141858937 0.0393404755421307 0.042035213674229
0.0587459299843108 0.0537790500433224 0.00288070200625647 0.0667230844339889
-0.00524890999578495 0.0875750317738888 -0.0256165645274247 0.0317848388359328
-0.0563054756632661 0.087279236444389 0.00728394967161639 -0.0043642756527758
-0.0628056164573794 0.0535653518283177 0.0342142096126807 -0.0498952402699658
-0.0435470873681834 0.079901497593855 0.0759236332964554 -0.0437520755314873
0.0224010598126245 0.0808791023558045 0.0438824669035515 -0.0759140931634371
0.0761561260110734 0.0346274315131697 -0.0112267222980213 -0.072392277709059
0.0639120998414752 -0.016980400128049 -0.0315890692742396 -0.0359971993738497
0.0377708124907056 -0.0421668446160567 -0.0219371193885309 -0.0150670873241162
0.00675110010655974 -0.0532573458453786 -0.00557996473653159 -0.0161649925753184
-0.00830270559376107 -0.0483458329329286 0.000585991638574566 -0.0224882990019432
-0.00810214053342761 -0.0500224111407329 0.0126686361277307 -0.0286134966409179
0.0166382029320924 -0.0492307361816911 0.033625503336032 -0.0265538500245854
0.0422503629199098 -0.0346809436880322 0.0537120533728871 -0.00995348827264642
0.0722655444600786 -0.00477298906976351 0.0489201767307762 0.0312646317040578
0.049639379729799 0.0497133614221351 0.0145844065317593 0.058818311759784
-0.0099043954058925 0.0761733271512768 -0.0167884370293614 0.023243447645209
-0.0541353935986941 0.0704332195332292 0.027230879494707 -0.0234892198671481
-0.0487267185710474 0.0285238168903865 0.0653400646069463 -0.0640193437513856
-0.0417428603754978 0.0538127636395742 0.0902197139063683 -0.0508536224898053
0.0085132893352196 0.0628078885513413 0.0579380612434359 -0.0683527137767887
0.055460437427962 0.0304022854426011 0.00934256200526628 -0.0674017663793944
0.0485245072217396 -0.0105935055474611 -0.010915658931911 -0.0442428443307631
0.0287703072914191 -0.0303343898019978 -0.0102088775906476 -0.0332832229806343
0.00513140355595315 -0.0400834130109226 -0.0029192513161073 -0.0349339446543934
-0.00776620950731178 -0.0376348019133289 0.000293755347699544 -0.0395522916627211
-0.00715864304625052 -0.0387672026861622 0.0123967273321536 -0.0443871069814681
0.0113978121901539 -0.0383411284835678 0.0361111223045822 -0.0402769069554618
0.0335394298919331 -0.0273017965947654 0.0593054178159177 -0.0203570891458148
0.0574330965033291 -0.000838549248990955 0.0550630438737696 0.0242155188483538
0.0343320843289238 0.042716249952269 0.0214197021663332 0.0520327138061775
-0.0156006538027593 0.0579400314880936 -0.0100422074871679 0.0170840669093746
-0.0470910759209549 0.0443038195649785 0.0429255106790225 -0.0359933548408462
-0.0251989666600406 -0.000588903972373809 0.0856813062075467 -0.0702018832332216
-0.0277238489206958 0.0185659255274344 0.096324549612363 -0.0554839354922152
-0.00169556917895687 0.0302961441599681 0.064712106024736 -0.0626393018861443
0.0256938445828374 0.0160468857288446 0.0214209647170337 -0.0640008905524868
0.0230187344997021 -0.00426148194295735 0.000111262397465034 -0.0489729029261484
0.0135741198012826 -0.0141167404737945 -0.00471378120021943 -0.044626576671208
0.00219850259188291 -0.020360644388753 -0.00265343785633572 -0.046149178624577
-0.00581596999649429 -0.0204615297617557 -0.000513905791558757 -0.0498912527574199
-0.00519788862075345 -0.0223498671987639 0.012702231847499 -0.0545076120870311
0.00505249162796261 -0.0238056392957797 0.0394300255956468 -0.0495515989261611
0.0212420651145101 -0.0184928570745574 0.0653581673989598 -0.0251480738779281
0.0367664564235626 0.00189009798411434 0.0604144404377416 0.0231112408887073
0.016038178962825 0.0313983913585685 0.0253471066793907 0.049429096634291
-0.0181697197924593 0.0343932512130001 -0.00624439336559968 0.0144893280881332
-0.0340585889062304 0.0131802074219755 0.0533125143929429 -0.041093947618605
0.0130404304430694 0.0132046884618535 -0.0534985864500906 0.0549584198652008
0.0116822158372046 -0.00855545117776794 0.0191686550794127 0.00623243719121467
-0.00394623245644157 -0.0129406376969436 -0.0147986802043728 -0.0556571447123835
-0.0107244974245489 -1.75015500807904E-05 -0.0648632574111439 -0.0365361621858934
-0.00269672470537075 0.00659396912029727 -0.0789008672223387 0.0199060888599202
0.00141720202091084 0.00166108527866791 -0.0466106568829333 0.0564268362549947
6.62050992257649E-05 0.000467588044919282 -0.0130727255859847 0.0607251063465949
0.000498516354592181 -3.45101177208551E-05 0.00166903414875473 0.0547372998284163
-0.00127981264503954 -0.00461708041155839 0.00783080754640074 0.0516285857348136
0.00180740784500041 -0.00646655924755452 0.00716786734158802 0.0505774219637337
0.0035043893954016 -0.00384339967230041 -0.00151319647550793 0.0540034798992943
0.0081322523438876 -0.00549673292162151 -0.024738255943346 0.0629389685657828
0.0136280558943322 0.00275804064773487 -0.0599334111190458 0.0583151732572552
0.0127176523536545 0.0191340898335419 -0.0882561514646088 0.0407102169649057
0.00129956848360897 0.0263878610984334 -0.0859130121239692 0.0595917462672808
-0.00728520715002639 0.0400335934685756 -0.0579013711982432 0.0427301370609136
0.00774930056518473 0.0225692470497721 0.019221580838694 0.0029401179666492
0.0144358334908257 0.00859799930150659 -0.012935864906003 -0.0607982450217243
0.0167855827385192 0.000887000322411577 -0.0673242328017248 -0.0432585583678323
0.0156710630145366 -0.00514620509880116 -0.0813553108651888 0.0145207674178217
0.0105533203506465 -0.0149386730889114 -0.0481455706605834 0.0526676179218422
-0.000186923165752598 -0.0193890848510707 -0.0137883219234976 0.0562645327324716
-0.00253367819258129 -0.0189110974911434 0.00154236904538702 0.049065915793682
-0.000923356303313351 -0.0253034475035894 0.00997406952847407 0.0442540625008566
0.0152227055354453 -0.0256268668449063 0.0128288428826638 0.0445760117406428
0.0268016822108191 -0.0127465351011754 0.00707340142442554 0.0503833920634107
0.03894749569144 0.00426356101065537 -0.0142980884131545 0.0630558074512703
0.0270685325197551 0.0324934064855289 -0.0490678909069124 0.0639980066461078
-0.00202295284320127 0.0519077930094179 -0.07179288781468 0.0429249153058105
-0.0263799712787317 0.0550665329140965 -0.0674485250806328 0.0521402600241332
-0.030126673697386 0.0604440401429254 -0.0505979571934906 0.022003707129999
-0.00244422203702576 0.0535898840625031 0.0255443303229942 -0.00557989903386342
0.0297633620182401 0.0343363092265999 -0.00532996877299525 -0.0685110188531748
0.0456993547436501 0.00566488780630563 -0.0646706731705481 -0.0536695202065785
0.0354476585913166 -0.0158356774655944 -0.080251598234637 0.004111701605876
0.0214956351148713 -0.0304213808714335 -0.0474113066950175 0.0426848428300119
0.0016630494485421 -0.0375642415422218 -0.0140540232829081 0.0443721196251001
-0.00493864914014019 -0.0352740632874539 0.000828641543124178 0.0359028656382476
-0.00234759624714095 -0.0414051701431802 0.0120223228574529 0.030539548666523
0.0223770401431753 -0.0414480254014846 0.0206291684412861 0.0308345855275202
0.0417611792688426 -0.0241397707592081 0.021334007466999 0.0398207624908576
0.0636454692236197 0.00370966734792787 0.00390206444158629 0.0607936741578202
0.0436416331265724 0.0495741659322014 -0.0320370744532276 0.0690666312677754
-0.00601054020247552 0.0762065749700055 -0.053789288168589 0.0427150917383939
-0.0442955805062694 0.07706426527008 -0.0429925598300202 0.0374489964560449
-0.0504255904067772 0.0699827858223384 -0.0303319283499853 -0.00184598888963587
-0.0174305258916275 0.0778783083514626 0.038507464616556 -0.0170878738822346
0.0368190232421087 0.0600908719043629 0.00843097488530806 -0.0749816044362567
0.0693498971983514 0.0151314792429999 -0.0527957828736458 -0.0643015753723632
0.0536464955593839 -0.022053430523592 -0.070623447662295 -0.00999638367012609
0.0314978680424545 -0.0416001870458936 -0.0430382360243165 0.0258307310946544
0.00401402112159567 -0.05075032424193 -0.012500469292642 0.0265155601368393
-0.00694092749876048 -0.0462144005118458 0.000808688918039322 0.0178087145433991
-0.00476392000868087 -0.0509059003619218 0.0134575435616719 0.0116502671909131
0.0232372989732601 -0.0514691810983088 0.0266651283220565 0.0122426750270517
0.0476463268939318 -0.0335834091188593 0.0353942189214005 0.024162106186608
0.0771581051147173 -0.00212526925063564 0.023189641215231 0.0528384362196189
0.0554618035045329 0.054411989576112 -0.0130526325582523 0.0696296641748858
-0.00551958080353483 0.0874829531278622 -0.0376097107778047 0.0381791722933318
-0.0532998847665007 0.0870898101716375 -0.016958357271634 0.0167537914791714
-0.0626709898844175 0.0665487708877568 2.2721558120103E-05 -0.0274700525610722
-0.0340476846911123 0.0873185668127942 0.056158712563564 -0.02979949277903
0.0327478797389598 0.0776823521028107 0.026906747583318 -0.0767249640090815
0.0800002675525748 0.0265816486415731 -0.0326520426198412 -0.0703694030001928
0.0643788822612284 -0.0215246500759025 -0.0527187902853293 -0.0246778174069795
0.0378787522891189 -0.0451377257833777 -0.0337125578377713 0.00535157459527776
0.00628320761365513 -0.055617612464144 -0.00965380162335407 0.00530956865381075
-0.00797517298630927 -0.0504943412883686 0.000309070621977484 -0.00284432211307817
-0.00649532937661316 -0.0532350387911357 0.0131879544831248 -0.00843660772291922
0.0208127395544273 -0.0531048864999612 0.0303175595661579 -0.00763127736954777
0.0465576539120996 -0.0369880263298609 0.0453291760649467 0.00616815312208414
0.0787614862378738 -0.00557639468513138 0.0376209267892873 0.0412021665852113
0.0567086975361091 0.0531609122665388 0.00275322583618157 0.0641330151173538
-0.00618440040768419 0.0853942681741485 -0.0255483395847044 0.0302295374084908
-0.0557553727553737 0.0832698601170019 0.00634868548163108 -0.0041370189546582
-0.0616474309042234 0.0511320053039589 0.0342736691749683 -0.0477599342503775
-0.0432727486292045 0.0774275867401488 0.0743673905000139 -0.0411617453861258
0.0208435653705138 0.0790248649805624 0.0440615868960066 -0.0730346478317624
0.0737127080076738 0.0334663075832952 -0.00952513625777351 -0.0698258058631213
0.0626686573660272 -0.0166599712254439 -0.0299392777516688 -0.0359857442744132
0.0372410652358123 -0.0408345642170678 -0.0212072611941771 -0.0156082789493549
0.00720759089598424 -0.0517631117980055 -0.00558034112580361 -0.0162498392545045
-0.00801542840156399 -0.0469479473660303 8.6878927488149E-05 -0.0225143430442131
-0.00739502283627819 -0.0486479004228897 0.0122150989278634 -0.0271810203344544
0.0167853202247739 -0.0477492479011865 0.0326728531959556 -0.0257807781828675
0.0413375608456542 -0.0335335132213348 0.0517103182658199 -0.00889085788311968
0.0707308467857178 -0.00452802793087329 0.0470703782020779 0.0302885897190738
0.0474444423474284 0.0489979575729646 0.0140791165919794 0.0569682249398362
-0.0107231328799487 0.0742173873163654 -0.0166022401411853 0.0228021332475599
-0.0534435503387812 0.0671089734628608 0.0261358029459412 -0.0222825175294974
-0.0480897464344742 0.0275920572844671 0.0645940821372175 -0.0615055523996857
-0.0409568395575051 0.0517299768552899 0.0885315812170093 -0.0480306668114394
0.00755198769461661 0.0606603705328202 0.0572185856545811 -0.0651951049204913
0.0531155482260421 0.0292922081174653 0.0103205314898491 -0.0652137411900537
0.0470552767048466 -0.0103355986183109 -0.00986856810931611 -0.0433296317951393
0.0282832173504484 -0.0296303329501548 -0.00974616733802332 -0.0330031823871375
0.00543498918188435 -0.0388599674115966 -0.00295487589394696 -0.0343001495269621
-0.00731240933911375 -0.0358208508507516 0.000467988350447916 -0.03889077035056
-0.00678835936076328 -0.0372298021255108 0.0125992372614512 -0.0429737628448046
0.0118991103094898 -0.0367772282037443 0.0353626177479532 -0.0393061847573373
0.0329405717221729 -0.0264126803449757 0.0575244848642707 -0.0187630052999173
0.0557170867768321 -0.000655683722614425 0.0533521926299542 0.0242376367749535
0.0325635607130488 0.0420953476788873 0.020853813255359 0.050561846385785
-0.015993550436044 0.0560370759241341 -0.0102451272500854 0.0164830482611423
-0.0461149116071537 0.0419242815425656 0.0417364218006898 -0.0348405879114549
-0.0243209082263884 -0.000888576961860033 0.0840784936250395 -0.0673705514574022
-0.0270092753769006 0.0175915346542611 0.0940724436478077 -0.0527282035665887
-0.00207668730672833 0.0289191393698715 0.0640194756915734 -0.0596379897042892
0.0246392344630929 0.0152088944328898 0.0221304786696324 -0.0616738711886302
0.0220741120243562 -0.00382457690687003 0.00139642189225304 -0.0481954824324066
0.0137910112811902 -0.013195751188712 -0.00420952210133611 -0.0438616826304653
0.00191317119160243 -0.0188225605413901 -0.00244662275756345 -0.0454212089522665
-0.00565160313677251 -0.0192868011192105 -0.000325401012458863 -0.0487232104749384
-0.00504564163585942 -0.0214987413410862 0.0128457819129647 -0.0529522882142959
0.00519222399018163 -0.0224770235014631 0.0388120649925809 -0.047690292686886
0.0207224473556529 -0.0175230713579869 0.0635113756662952 -0.0233684667104558
0.0354927988782257 0.00199413722918997 0.0588281900086271 0.0228837739654529
0.0152987393209614 0.0307055538456303 0.0244166240371071 0.0479390334126443
-0.0183167742345177 0.0327684559408319 -0.00685221487704464 0.0137653476266833
-0.0329134884382888 0.0115789320509613 0.0515187467303548 -0.0395142437193875
0.0177691417930525 0.0069703823655094 -0.0259950548186167 0.0713910273770288
0.00708819564535377 -0.0123581965269956 0.0202078154154432 -0.00331527327108982
-0.00868630901369559 -0.00910446018178345 -0.0366467013901904 -0.0446377906996096
-0.00930624833526971 0.0052435392160783 -0.0752545283531133 -0.00593340369338329
0.00102332829316812 0.00707983315655675 -0.0634563417663204 0.0513767862170237
0.00212379703070636 0.000952736422409954 -0.0191857912849645 0.0706517599716442
-0.000143571497543706 0.000572809076583546 0.0137657391781512 0.0606025932132297
0.000386652434827685 -0.000896350451374226 0.0249188346942716 0.0493752489099139
-0.00344174889875844 -0.00343611870123052 0.029200683081388 0.0435264306397641
-0.000619338767642767 -0.00705467190083151 0.0278994356131439 0.0432681459085383
0.00198413594750047 -0.00517602962967663 0.0214388378796827 0.0496846818299531
0.00516450553238969 -0.00721091241372007 0.00365723977921748 0.0677135134948115
0.0134893381782721 -0.00226825905571416 -0.0308367419951575 0.0773819643295004
0.0184355840596113 0.0125876866732856 -0.065902398064462 0.0734656202040215
0.0121057703282656 0.0245727687285233 -0.0565572517514087 0.0897181012599075
0.00948732794821908 0.0397095894023038 -0.034230425279936 0.0633734741490646
0.0152485094809033 0.0174964362802735 0.0199988824661588 -0.00575272125025326
0.016079038892906 0.00311044291726395 -0.0355802113912736 -0.0503513170825347
0.0154823677602069 -0.00513880985638732 -0.0787592712077565 -0.0124174712332966
0.0129815408400411 -0.0106575318721141 -0.0680186898414104 0.0466503505178979
0.00412503130048972 -0.0183470767080092 -0.0216018960447951 0.0675465223200301
-0.00822279024993136 -0.017401287945731 0.0102727357943676 0.0560671258433862
-0.00960588454185574 -0.0170384399586935 0.0221602435511463 0.043876140561971
-0.0114219617524073 -0.0228334793703383 0.0286365329041368 0.0362836680742993
0.00383002620338295 -0.030304947911052 0.0311959577913742 0.0351856738665193
0.020408321197332 -0.0228228531806256 0.0279026206802028 0.0441044266381533
0.0370928431478339 -0.0111321005625748 0.0137845938354562 0.0657992049929411
0.0379446506083341 0.0198532452072556 -0.0194381125766227 0.0787585680481643
0.0187696002568177 0.0497492699878537 -0.0513791772330335 0.0680993612468199
-0.00122170023052527 0.0634071992599763 -0.0440457355487579 0.07354929527836
-0.00424812515466121 0.0673800524379572 -0.0352907497785787 0.0430960599311154
0.0183581149067087 0.0498422966951328 0.0232218016217026 -0.0154717139763165
0.0396887228011316 0.0200974104304598 -0.029982208912723 -0.0606955171246761
0.0428604133956242 -0.0120886745427062 -0.0788322629161305 -0.0238392224228923
0.02668605097306 -0.0277448020175403 -0.0714271027387317 0.0357609738827744
0.00714850675597532 -0.0365563454824829 -0.0258978146563425 0.0574070722299894
-0.0140271175525864 -0.0343346433081288 0.00500982088695043 0.0448929285697945
-0.0187405420988055 -0.030721136559665 0.0163216616644362 0.0316822475626383
-0.0188321498505022 -0.0373138801624859 0.0249105701459205 0.0224642049019433
0.0039500346904473 -0.0479260031622373 0.0327750535902826 0.0194660411295276
0.0296499726714858 -0.0400675568818448 0.037102725165068 0.029399633394912
0.0592151302108177 -0.0227486036153752 0.0305264317387837 0.0576694224626747
0.0603069626029561 0.0287143032717806 -0.00176717477523897 0.0771497016559064
0.0253683992676869 0.0739769341064235 -0.0359835796452971 0.0604128347928621
-0.00842594113871199 0.0921615093792837 -0.0283437916789087 0.0489305257395476
-0.0197035237166784 0.0835807516191442 -0.0266771100673957 0.0131997318115145
0.0137207519994808 0.0772408168630604 0.0309998246508413 -0.0310508966699171
0.0555928020967682 0.0409246991065843 -0.0191999610904695 -0.0724619676186704
0.0675932627642338 -0.0130488366636796 -0.072024709298174 -0.0390064989073243
0.0404692132158919 -0.0405191845351822 -0.0685374875582642 0.0182239447097433
0.0124409842282621 -0.0507282084557774 -0.0288877563358871 0.0402159611245382
-0.0172419649518396 -0.0475284342126263 -0.0011705060845484 0.0276605417346473
-0.0246662889085622 -0.0404051880167572 0.0083759204693809 0.0155126126725838
-0.0249729114065568 -0.045070806279913 0.0180144634675179 0.00458850456949815
0.000713720547885193 -0.0571723614721163 0.0310718279547581 -0.000384510080626597
0.0311727104342058 -0.0512984362327086 0.0433739042715311 0.00920534172299238
0.0697064079554522 -0.0340711576303385 0.044643883514838 0.0431655795260533
0.0735880573005667 0.0289638815677794 0.0154530994936076 0.0708748462579491
0.0309931937773791 0.0837827928897241 -0.0234669794206147 0.0494760150899927
-0.0119530004929856 0.105295442122263 -0.0133017878839411 0.0186469050183277
-0.0326763440465839 0.0853281400781193 -0.00972423302560931 -0.0214386354191791
0.00170415939755888 0.091734814455707 0.041191785263954 -0.0488942327973967
0.0585998306191833 0.05818052476752 -0.00243358397707625 -0.0809573173944758
0.0813116568060524 -0.00710388223286283 -0.0551767217131249 -0.0531027370462759
0.049683112377087 -0.0448714189022848 -0.0583200537133105 -0.00336832476900674
0.0164073860808071 -0.0566782923478716 -0.0286971943083672 0.0173545436096767
-0.0171025437900611 -0.0531928822061604 -0.0076533719539038 0.00625453650253165
-0.0273667002392423 -0.0435117631297841 -0.000817946899708272 -0.00278544136851003
-0.0279399537793964 -0.0463078051968573 0.00906506594313149 -0.0135547335218458
-0.00257035038805079 -0.0577861805706816 0.0259559548784099 -0.0201998830140192
0.0292649740356594 -0.0537219701997629 0.0456025847815666 -0.0113019988440336
0.0697713553725403 -0.037934358997255 0.0540169663726624 0.0265463359729432
0.0741444440459473 0.0273722029359598 0.0278115139853615 0.0591779651441032
0.0294768705935545 0.0819677210326223 -0.0157705695248174 0.0378814611647366
-0.0156620280307931 0.102500352711662 -7.78453522295989E-05 -0.010373418898694
-0.0383863696149959 0.070730911449958 0.0128981155860903 -0.0549316778775912
-0.0106413091603726 0.0867692958194554 0.052942545638915 -0.0665029381405985
0.0474342111031969 0.0634545118172893 0.0147649369966158 -0.0838616408727724
0.0777428973733425 0.00186704841988196 -0.0338710127595333 -0.0614474496948089
0.0497776339610332 -0.0393345534023957 -0.0421659785735368 -0.0227360516437256
0.0172132755721061 -0.0521638635471019 -0.0261778619728558 -0.00690791275858245
-0.0145388656145562 -0.0497924170819647 -0.0129897925968716 -0.0146413525264157
-0.0260064636497899 -0.0399978781997606 -0.00945615217751919 -0.0209716692106569
-0.0265493888869635 -0.0413844189159915 0.000200811939558877 -0.0307749364573595
-0.00403605676255783 -0.051402067263943 0.0200241468269996 -0.0376971783435621
0.0251524093619436 -0.0485324959080481 0.0447959690235992 -0.0279681508869671
0.0625881811876522 -0.0332819240291304 0.058058671976664 0.0126915291571954
0.0643921955604024 0.0273608346396867 0.0347216045318188 0.0476450711782889
0.0207379227891007 0.0732059272942911 -0.0101895812769971 0.0267872648954707
-0.0204698319980162 0.0855598147104313 0.0113090432273774 -0.0350116712064162
-0.0347134409802397 0.0431299934249868 0.0343548214305275 -0.0807697588180592
-0.0189065810202621 0.0623851501487344 0.0617071602713942 -0.078965472270122
0.0284173721380644 0.0523037203600479 0.0288011795662882 -0.0821103811163397
0.0576682540808364 0.00541899535727205 -0.0142986528725021 -0.0647559763032983
0.0382833295203638 -0.0276900302945783 -0.0267546444107704 -0.0373371733534613
0.0138337169886029 -0.0384467339129539 -0.0229926540181172 -0.0269964224927447
-0.0105212672370024 -0.0370557614082135 -0.0181270129071483 -0.0317933773778926
-0.020825938986088 -0.0298797070779688 -0.0166841046674462 -0.0355231164783128
-0.0212693826456571 -0.0311429677473831 -0.00654869522526474 -0.0448031133679285
-0.004370008551646 -0.0392097316651332 0.0161701779297622 -0.0510048675528145
0.0196955970356453 -0.0381411787404752 0.0461121849352073 -0.0395309641712426
0.0507401797693982 -0.0235561238930029 0.0600759228146001 0.0030781931677003
0.0474925937802807 0.0269256818169427 0.0388177833488796 0.0384112706022045
0.00857910441241609 0.05839864862323 -0.00567534723519762 0.0184229441687513
-0.0249284484815248 0.0583911768505299 0.0221119712325822 -0.0516790832509158
-0.0240870088369136 0.00810383657943803 0.0497355347167194 -0.094900872910097
-0.0195805838753288 0.025943366294288 0.064277191006023 -0.0861897616367288
0.00784821881335981 0.0267798007536338 0.0352261735319435 -0.0797048882726785
0.0263677348484493 0.00403210784201646 -0.00395716484782167 -0.0657737649147554
0.0179065417377364 -0.0119390876171934 -0.0188204209640666 -0.0454222909241375
0.00674431849744193 -0.0177498690338023 -0.0226163978183461 -0.0387012502494312
-0.00590179694432408 -0.0181472027396473 -0.0224417505234748 -0.0419840471831366
-0.0124391377493924 -0.015047797609428 -0.021282209382977 -0.0446733053946793
-0.0132897009581766 -0.0175997654185176 -0.0110840177630925 -0.0538727368365072
-0.00408492070936326 -0.0229962839053126 0.0154985949093608 -0.0603945137358885
0.0122288913705556 -0.0252414826570605 0.0488376766729542 -0.0467302576402968
0.0336919641694861 -0.0127346565245727 0.0634560995144604 -0.000664037735157821
0.0267614293590448 0.0234465261326312 0.0408121915788737 0.034164452190406
-0.00308590416768005 0.0373014124332887 -0.00223456945107183 0.0143999246339312
-0.0253497830361894 0.0245186669103819 0.0303228996852844 -0.058685788017313
0.0179244267728767 0.00698465399895707 -0.0251959539412784 0.0729452493127574
0.00707517681116422 -0.0127003679641807 0.0211972013590735 -0.00338011674361538
-0.00860457509766412 -0.00924269530633724 -0.0376216052851611 -0.0458644882319707
-0.00941675216915618 0.00538445416824636 -0.0766180727230712 -0.00618100698189272
0.000990357512288486 0.00717396762280895 -0.0647211009330834 0.0532039994929338
0.00244591039228798 0.000877816680862462 -0.0185795311925483 0.0724379806938157
-0.000128891433130838 0.000372940384740348 0.0144158044000928 0.0612541191121354
0.000223898928344386 -0.00104628786496315 0.0265082694246186 0.0498900313255493
-0.00365098519187288 -0.00347830455378987 0.0309363213102906 0.0437581519883421
-0.00110909769441028 -0.00763954454004327 0.0291771341223333 0.0442269084045551
0.00243017052819738 -0.00520399551571063 0.022160241920634 0.0504235034199149
0.00557633731695517 -0.00711483959425926 0.00430668792686261 0.0683066791104756
0.0135820389668154 -0.0022657161832946 -0.0307893859536227 0.078731002180463
0.0191416253084893 0.0125807820788304 -0.0668646801561054 0.0757274008564556
0.0118235270827112 0.0248030865725152 -0.0567271529055325 0.0923926219944454
0.00943146271459023 0.0404623708899851 -0.0334552067829742 0.0645927331806838
0.0159764420404931 0.0178640324732402 0.0206369360075541 -0.00626006866548029
0.0166478446691208 0.00298002244690077 -0.0366913968174927 -0.0513696985255573
0.0157033173313097 -0.00544294528977745 -0.0804156822194484 -0.0125440392257724
0.0130540034620312 -0.0114716662970194 -0.0692055782033309 0.0486029877792585
0.00384425760622523 -0.0188784162627235 -0.0217297351574178 0.0688307085155222
-0.00881345672424189 -0.0178257523678958 0.0110470277412314 0.0568547098389235
-0.0102648282137134 -0.0172603896170001 0.0232983266753862 0.0441448640741107
-0.0119239911116199 -0.023361174081018 0.0298967277028516 0.0366640374809357
0.00366517006723391 -0.0311720209913709 0.0323212347488109 0.0360578467659196
0.0204958502848757 -0.0235807675411773 0.0289361434062305 0.0448007855077177
0.037967785072173 -0.0116359439182958 0.0146585043953396 0.0662546457790126
0.0387324640827812 0.0201470894863609 -0.0187767858742816 0.0800202116474833
0.019908544955879 0.0505404394513431 -0.0521732146077879 0.0700570718530575
-0.000960331577193605 0.064765778759062 -0.0441424463240447 0.076232254994008
-0.0036798689471211 0.0687005403502333 -0.0353155521814545 0.043977061999271
0.0194668297186783 0.0504439173955995 0.024074106434089 -0.0158963631768384
0.0408077954239781 0.0201836085646697 -0.0308313663402809 -0.062037623129745
0.0429854232863903 -0.013473413760657 -0.0806929267268378 -0.0240309689793604
0.0266795847327465 -0.0289842896097271 -0.0729080520197477 0.037676615049809
0.00700548666203077 -0.0375220588900339 -0.0262888601791464 0.0587417889865428
-0.0150297266135561 -0.0348481855187915 0.00594579041606649 0.0455832765432613
-0.0194966861795389 -0.031269467943863 0.0168297632020388 0.032511261097758
-0.0200473352442632 -0.0375390987942495 0.0259079692871805 0.0225523000922654
0.00267291550634144 -0.0493408015743213 0.0339418020385122 0.0193718824567027
0.0297418627746145 -0.0413873254324264 0.0384075305554948 0.0296171361849743
0.0602446432259835 -0.0242361502873878 0.0311320186502858 0.0585486115617354
0.0619402919876611 0.028951743241215 -0.000733409125132802 0.078265410523217
0.0267495078943846 0.0754281699697851 -0.0364497730790718 0.061767622880348
-0.00806451159226491 0.0934552173509938 -0.0285575516520986 0.0504684499016459
-0.0193617056023596 0.0856166393927863 -0.0268500736644793 0.0142546935540185
0.0149887340167261 0.0787515264118796 0.031522925891503 -0.0314623666614559
0.0575184524781962 0.0408476194438769 -0.0197023068872207 -0.0735378187696319
0.0679670430009491 -0.0149039596561811 -0.0729495268532231 -0.0391164544981967
0.0405016448901777 -0.0424984850825264 -0.0706092226201336 0.0191594151317389
0.0118826666419398 -0.052239168758082 -0.0288082727182006 0.0410957479293572
-0.0184249379871564 -0.0479265966486981 -0.00114593047548947 0.0282439515948671
-0.0257207938132195 -0.0399816740639753 0.00854169385329087 0.0154505273632174
-0.0261207067489007 -0.045406099688988 0.0181574527561643 0.0048251191913296
-0.000131411826324893 -0.0592559392321736 0.0316208972554814 -0.000654080215016506
0.0313696372734785 -0.0526139800585601 0.0447565914010556 0.00905841263681576
0.0705659333039367 -0.0360227227749377 0.0459048487077523 0.0431549645639956
0.0753827962678145 0.0289709816342165 0.0164938427052198 0.0713153774234943
0.0326556185276851 0.085151098412658 -0.0242557285068025 0.051096947636557
-0.0117539807470543 0.106874553892792 -0.0138753408629831 0.0196342889925301
-0.0324319146319691 0.087227703098729 -0.00990333173243112 -0.0216743885766735
0.00314226428649397 0.0937560785753939 0.042178757243817 -0.0501970763308524
0.0603366350018489 0.0583927291993117 -0.00273767428993973 -0.0826412190530066
0.0818931486171313 -0.00869289638694652 -0.0564774188057221 -0.0536222366743852
0.0500608391888975 -0.0466015692151449 -0.0599859857664248 -0.00278863563006583
0.0159593840318757 -0.0583200154899583 -0.0298223234175456 0.0174828820102536
-0.0181136602682493 -0.0539783726190253 -0.00824375049661506 0.00664540999265123
-0.0286295688942762 -0.0434118987071075 -0.00115969397934758 -0.00323526211041841
-0.0292516831740937 -0.0466572981016373 0.00894522923342857 -0.0140863905607131
-0.0034014804118025 -0.0595691027754943 0.0258098153041633 -0.0209010624706859
0.0285783809882919 -0.0555271123551513 0.046409313437911 -0.0117590309917011
0.0702782598911531 -0.0400012391579826 0.0550882829688766 0.0256835372350779
0.0761545312861275 0.0272956946129768 0.0293125441576767 0.0595104253305697
0.030938489720683 0.083332344501532 -0.0159825143424942 0.0387825769134501
-0.0153021041932362 0.104026797499736 -0.000908673940414702 -0.0104391683056932
-0.0379029335903234 0.0724082404777565 0.0129612936497572 -0.0562280777637273
-0.0101501316694229 0.0885075161394964 0.0535283815566667 -0.0679745953615811
0.0488780787816112 0.0640903999742146 0.0149441267891613 -0.0853649428283094
0.0787002876411684 -0.000195115223906685 -0.0344750605304856 -0.0627512344193277
0.0501936381476326 -0.0415286537569787 -0.0439388402006373 -0.0229302632766186
0.0169729090393971 -0.0541535253548697 -0.0270864339216898 -0.00730865461698043
-0.0157702389687335 -0.0505955715679264 -0.0144097867880651 -0.0149105758963095
-0.0270521727423883 -0.0399448929499596 -0.010482312330905 -0.0209195051581147
-0.0278422270975245 -0.041442775917782 8.77710238652938E-05 -0.0314403582519023
-0.00462867407287645 -0.0524437594337469 0.0196425190801147 -0.0387080554134199
0.024724021188333 -0.0501497345557128 0.0456962621705074 -0.0287843264863761
0.0633128073921131 -0.0349292903840036 0.0587972702510823 0.011727803676205
0.0657621969476826 0.0272886838561976 0.0362686934776892 0.0476358872781148
0.0217988017900264 0.074264836033374 -0.00996898510692161 0.0278150633859685
-0.0205272905586734 0.0869127594970059 0.0107776543983822 -0.0357629411893256
-0.0348502083112269 0.0445231291037249 0.034820751138728 -0.0827928030098356
-0.018817490293228 0.063766584499065 0.0626359233329957 -0.0810485671627605
0.0296759779210021 0.0523564842223385 0.0291576670729482 -0.083333904416885
0.0581186566310105 0.00477927495902587 -0.0151274979880746 -0.0657012846497485
0.0385259004574524 -0.02888116166957 -0.0277788100694753 -0.0383039825625477
0.0133718690035262 -0.0395514517789608 -0.0239093982771806 -0.0278751446177323
-0.0114816908734926 -0.0374825335508627 -0.019111766012861 -0.0325755804218787
-0.0215940738915225 -0.0295504269829974 -0.0178986344526942 -0.0362178910898257
-0.022070447882632 -0.0312493641469655 -0.00753307511667136 -0.045814596512274
-0.00469399257869521 -0.0398337713093315 0.0154554811107743 -0.0521221190155692
0.0195335395394065 -0.0391472987205446 0.046382942924395 -0.0410461242519231
0.0511502869475778 -0.0249431931126422 0.0610248928932367 0.0027227012625268
0.0489408137370934 0.0272077779384784 0.0396416210221538 0.038332854474915
0.00892377382927912 0.0592163021401262 -0.00576746176376818 0.0188981812102047
-0.0253255142059943 0.0593795050871158 0.0212698613401996 -0.0528505350947413
-0.0242876849662401 0.00827016126275057 0.0498718888884063 -0.0979888230477583
-0.0195321538491027 0.0263340735711597 0.0645037407925996 -0.0882892432797956
0.00805103357767555 0.0271987235781939 0.0356472569883449 -0.0808932751620969
0.0264736814510124 0.00393919462535186 -0.00402533073957419 -0.0667357012122361
0.0181564335322781 -0.0123535449458375 -0.019613922526121 -0.0466183620551657
0.00684488970246611 -0.0181585828328015 -0.0234289050151672 -0.0398448891351643
-0.00563906081515721 -0.0182551121013935 -0.0241673818938463 -0.0427090361662554
-0.0128212674000753 -0.0147529918820637 -0.0233945861206859 -0.0448266505550963
-0.0138257888605246 -0.0171407955339361 -0.011956470453271 -0.0546822827702993
-0.00439107925522697 -0.0235747859031247 0.0147805235552368 -0.0617317366773573
0.0119928741604811 -0.0257931741259473 0.0498873194434451 -0.0481630182763596
0.0339961351864549 -0.0129958750725164 0.0645867067272345 -0.00145063674861839
0.027793996937318 0.0238251562520144 0.0419746258360592 0.0341022525891429
-0.00317811565041372 0.037340747119249 -0.00246732432222541 0.0149774370602063
-0.0260084388267232 0.0252498845579132 0.0297108375182612 -0.0603415872771043
0.0176816836675902 0.00687059479339294 -0.0222248101943236 0.0740084717741053
0.00691179583451787 -0.0125993357107333 0.0213311941527582 -0.00445203792880367
-0.00897943087929988 -0.00935949295290069 -0.0397174555899264 -0.0450043477290829
-0.00933182526187251 0.00571187555568861 -0.0780750545902236 -0.00380473475293161
0.00082878242071034 0.00693496688393782 -0.0636642794321683 0.0563183416970238
0.0020570018130836 0.000712788405684911 -0.0160770069250942 0.0739958567458859
-0.000418105692931375 0.000851767641539002 0.0166374137463939 0.0613942717825663
0.000197637855128184 -0.00108348817660867 0.0290627404612115 0.0491813123188741
-0.00390538838785203 -0.00356647795835395 0.0333763819553328 0.0434616984563744
-0.00158741640991916 -0.00787554793658479 0.0312180676181518 0.0438515467619312
0.00238158303187864 -0.00533750658136528 0.0239041626079009 0.0503200293566726
0.00559843062251458 -0.00727100099856583 0.00653053912272823 0.068688042079587
0.0135161112508802 -0.00258460855324766 -0.0285715222165137 0.0799739833346642
0.0195483466424528 0.0119489133743326 -0.0654845068754878 0.078797868217568
0.0125185613047467 0.0244125638099281 -0.0537630607687636 0.0963731466635082
0.0107960958732823 0.0405812568080978 -0.0309469365672294 0.0663169502278471
0.0168852550813885 0.0177238612335986 0.0215049166534561 -0.00727060589955583
0.0171651187345441 0.00218605275133083 -0.0386431279437468 -0.0511963466159852
0.0153084728387262 -0.00654659458592052 -0.0814653831316786 -0.0100050069782276
0.0119984836486689 -0.0123055907020897 -0.0689898214390181 0.0519989457006503
0.00295062378132591 -0.0195364380152746 -0.0195351829278022 0.0707785558139065
-0.00990900402070696 -0.0175179300115326 0.0133186690136778 0.0570032896944582
-0.0111748748148891 -0.01732513085317 0.0258744921243249 0.0439280866636744
-0.0132372976927721 -0.0230026296931793 0.0323569248338433 0.0357096681632186
0.00196034412679175 -0.0323321315520064 0.0342890419100243 0.0351627355400772
0.0203751370628689 -0.0248498619053555 0.0306486302070546 0.0439910773475034
0.0380766708544102 -0.0139687922410934 0.0166900411576911 0.0662833960132286
0.0400971657364783 0.0191120621011821 -0.0162466231922469 0.080857434333598
0.0218903527723609 0.0505517836938883 -0.0503944575434466 0.0724844074633226
0.000433222096303218 0.064795754938634 -0.0418237843431231 0.0789654925304882
-0.0016939231993308 0.0694832207651475 -0.0332848158681654 0.045661566121542
0.0215205276745307 0.0503730136539673 0.0244468067078166 -0.0168356654926429
0.0421586221814712 0.0185837241762697 -0.0333137612695208 -0.0617668548057974
0.0427428130560142 -0.0153037391344539 -0.0819150516504131 -0.021966257204862
0.0254456962368992 -0.0310226436770206 -0.0726996082609491 0.0406134358755643
0.00547012526598634 -0.0388705400593835 -0.0243837962748227 0.0602581629858854
-0.0167862740847019 -0.0345177147232775 0.00735580574947758 0.0455800151905492
-0.0210568358159403 -0.0305301117304821 0.0185497788338133 0.0320705084011373
-0.0220740686337336 -0.037076858692009 0.027207999536784 0.0216183275108769
0.000960337227248129 -0.0506345687263918 0.0346208293966153 0.0186081834916903
0.028726467818145 -0.0432311047265581 0.0398255636295351 0.0286368338989039
0.0602425652351417 -0.026876413092242 0.0330879980711574 0.0571438280481078
0.0635676260850776 0.0271408484306263 0.00206399061461111 0.0783159657090043
0.0299377614010309 0.0754874842132707 -0.0348961358740105 0.0640715399044601
-0.00529632656985536 0.0943411104217268 -0.0274957211626847 0.0525500517531503
-0.0164133227808884 0.0872976569572525 -0.0261312950596949 0.0148502694716514
0.0182609185717762 0.0796969901168618 0.0312945482417296 -0.0328878515197707
0.0594207573964714 0.0386772880914134 -0.0219020625917854 -0.0739046932004314
0.0677020949784365 -0.018269764976762 -0.0751269384459873 -0.0370326084493753
0.0387902985140539 -0.0449777281968283 -0.0708112869587084 0.0230564003335188
0.00992875543670349 -0.0536049928652674 -0.0281277597235121 0.0422819609565325
-0.0208133336636643 -0.0478079081249718 -0.000412737868191169 0.0281419263162813
-0.0275340988186474 -0.0392536658768419 0.00905831444795163 0.0155675681581203
-0.0288603320938045 -0.0444913717176258 0.0190434671331025 0.00401477574640266
-0.0028435557351077 -0.0602142574858649 0.0316705796128774 -0.00184782793061391
0.0298191897069335 -0.0545338454869058 0.0457654143085167 0.00779324763308066
0.0692356150343376 -0.0398921381834175 0.0479968612308549 0.0418446645283363
0.0773244616756291 0.0264319890214589 0.0196390509946686 0.0705013473482558
0.0360902268888783 0.0853034499419354 -0.0226506539422663 0.0521670422743048
-0.0081503914949459 0.108014738161398 -0.0135177779241889 0.021144763975054
-0.0293684762082278 0.0892046935928648 -0.0103271514821557 -0.0216670699032153
0.00660538536611712 0.0950112400438936 0.0409710722182772 -0.0517087128706927
0.0631173526189669 0.0566597600345033 -0.00497617694533968 -0.0827202389810435
0.0817426553198502 -0.0124280048493085 -0.0587483939421785 -0.0522315501021761
0.048425265616094 -0.0495015103509216 -0.0612974895612925 -2.4039282098192E-05
0.0137946188415578 -0.0601303454171138 -0.0292301247424067 0.0186448762804294
-0.0208822682440501 -0.0537841771692541 -0.00835872393347125 0.00698091395327998
-0.030308304298165 -0.0422937334306998 -0.00135115430274818 -0.00301915281584033
-0.0316177774770666 -0.0449112350522071 0.00860120411945023 -0.0147090219721531
-0.00618295751447269 -0.0604328696555427 0.0252349738639688 -0.0218283752043579
0.0270324481006992 -0.0576275476758013 0.0463962689081568 -0.0134906972903152
0.0688663197617657 -0.0436991280562859 0.0558526799298445 0.0240709187886685
0.0782108903396764 0.0247841705588941 0.0320474159163899 0.058217477829451
0.0343260362166983 0.0832357365807798 -0.0148096073556778 0.040135445020192
-0.0120960046188403 0.105184743409245 -0.001765555166283 -0.0103987714308315
-0.035527891713662 0.0744830005372785 0.0111581999557432 -0.0570005989605007
-0.00662672298385307 0.0903172722698357 0.051847954776471 -0.0701576344938327
0.0515803022006856 0.0626059134565581 0.0124880456269088 -0.0861823151698368
0.0788355735158197 -0.00335274516785247 -0.037074872590645 -0.0616579691446246
0.0488446442199093 -0.0439357720116936 -0.0453695242990663 -0.021659527458121
0.0147404729384463 -0.0557282897527561 -0.0275934095663969 -0.00644519264315726
-0.0179342454567932 -0.0502130455149638 -0.01559185390069 -0.014765714357934
-0.0283445293325337 -0.0387853940615729 -0.0116170588271945 -0.0211247239816626
-0.029936178155575 -0.0400534964158155 -0.00162925675018652 -0.0315897610463364
-0.00700062226672734 -0.0529620977406023 0.017936449900814 -0.0394751779698903
0.0228767744394328 -0.0512230705989895 0.0456041521548434 -0.0306404826619123
0.0618621443911967 -0.0381016047720662 0.0594107150676984 0.00948399754108141
0.0677901703521628 0.0248422486251188 0.0381858952448999 0.0462386729147619
0.0247632449514799 0.0741330802845118 -0.00933862252875788 0.0280987893648176
-0.0174387489525087 0.0881208748755032 0.00860263561749001 -0.0363365856377198
-0.0330942985788911 0.0460824937659779 0.0318728831816367 -0.0846350541012423
-0.0163614015583958 0.0654030363028085 0.0602124120004176 -0.0833766155389762
0.0313951609733389 0.0515641016142179 0.0272113122862563 -0.0845850829129248
0.0580534688830136 0.0022662810055165 -0.0173057512651377 -0.0659065889180156
0.0377858705472344 -0.0307426285332269 -0.0297795409629555 -0.0375040877729854
0.0121478854375977 -0.0407242933677188 -0.0256551822087904 -0.0278355961541444
-0.0131056052213522 -0.0371442058982927 -0.0217792306735001 -0.0323754506636219
-0.0223816788763754 -0.0287705920454836 -0.0202587295391729 -0.0357675326217877
-0.0235241581242269 -0.0299972964527337 -0.00971027298602145 -0.0457468035806403
-0.00661952745809768 -0.0404010859853737 0.0134596577899801 -0.0531255768604209
0.0184834297667586 -0.0404881757897841 0.0454743246300672 -0.0425686943006898
0.0502908473406559 -0.0273688248125614 0.0616273418558032 0.000144086104859525
0.0502109824150019 0.0256282497609555 0.0414685372697162 0.0367910601465487
0.0111053939769718 0.0593045529626557 -0.00535029606055608 0.0194313002430409
-0.0230359494906738 0.0610858921303712 0.0186727463839766 -0.0541176323707907
-0.023891597032996 0.00936077005287447 0.0469889813494195 -0.100020789609614
-0.0187419311757043 0.0269659214487518 0.0617737833898262 -0.0911104106824943
0.00864978242156693 0.0269655145156244 0.0335639662304291 -0.0823886098274798
0.0261161411603972 0.00240172377236122 -0.00617213328982434 -0.0674230848846513
0.0180253626003618 -0.0131703151872059 -0.0211305722028169 -0.0462606826412827
0.00588707478249072 -0.01849825367787 -0.0256337980517437 -0.0397434901261868
-0.00658060472598763 -0.0177853574473795 -0.0269875875705923 -0.0423474592968058
-0.0128459122014818 -0.0136653884523055 -0.0259732836215817 -0.0443121264848626
-0.0142382464374937 -0.0159785956856386 -0.0147214278757498 -0.055038567709346
-0.00548084013034143 -0.0231811287401851 0.0122432741191452 -0.0624216419784429
0.0110121643286401 -0.0263643973078773 0.0485928697604071 -0.0506411158055059
0.033527806461688 -0.0144747230144436 0.0650701108374819 -0.00375833377331786
0.0288032107546422 0.0229257049922745 0.0432992993273761 0.0325033271785204
-0.00224069898724049 0.0381077766750898 -0.00203908224607539 0.0152637461008628
-0.0252684777194059 0.0261352548141567 0.0272282863887232 -0.0619857646391087
0.016917692862005 0.00612299518858044 -0.0182984085825035 0.0730047784433706
0.00633122854709817 -0.0125925606772521 0.0212313014317378 -0.00560041035459275
-0.00878939243688984 -0.008389673759518 -0.0408540295188723 -0.0431602529719806
-0.00892435734587818 0.00594590165470795 -0.0769421939253849 -0.00123008483764658
0.00114047728587738 0.00664325540573345 -0.0601486892702315 0.0585088061448311
0.00189373000559549 0.000598737082976105 -0.0129804319827557 0.0741738360470737
-0.000383219764604624 0.000793211405477281 0.0188212176918922 0.0595563920449706
1.97052633447948E-06 -0.00149579915334099 0.0309814311158657 0.0471675550525374
-0.00420481568490326 -0.00353359128384382 0.0351106606960102 0.0411257324561295
-0.00241212148984824 -0.00750322429374495 0.0332789953789048 0.0421718391802412
0.00239074610941042 -0.005371035832173 0.0249700239969132 0.0484534466270198
0.00531945244068097 -0.00776764323975556 0.00886637051516542 0.0672886349816132
0.0133741773404388 -0.00306563788073979 -0.0255278237462096 0.0791932388310709
0.0197883559610259 0.0109154861102959 -0.0615294339722876 0.0799557355843355
0.0123966320978878 0.0236697343855997 -0.0487231985416979 0.0969993129268353
0.0117652175059406 0.0392780512845301 -0.0270904843307442 0.0662526147078063
0.017327355659945 0.0168338572580725 0.0210618904226254 -0.00808083530692641
0.017108916685658 0.00103705557798125 -0.0397152797883222 -0.0488112238386918
0.0144680156871047 -0.00715406623760376 -0.0807045970690733 -0.00666057226310346
0.0111596775192298 -0.0129176335399373 -0.0657333244068429 0.0545712190638801
0.00169579418433065 -0.0193858347775927 -0.0163379014755999 0.0706722851769071
-0.0104550677242784 -0.0168665043784012 0.0155566179343638 0.0553483811462609
-0.0119836195504642 -0.0164983997863171 0.0271796483163122 0.0419142328268351
-0.0143991492033605 -0.0218915424667717 0.0337810034617549 0.0338017539827067
0.000191546468349348 -0.0323234415101003 0.0354055813490136 0.0336028182274415
0.0187519082212472 -0.025314879943502 0.0321761732986444 0.0419668037825511
0.0368868782318494 -0.0150460359094206 0.0191480994556465 0.064427808582147
0.0400300298832397 0.0172464601426014 -0.0126991190650497 0.0792032255445568
0.0236296101757871 0.0489971918127925 -0.0471518857727412 0.0734974369042107
0.00279243285622831 0.0633704932536222 -0.0379195620074129 0.0801552030342577
0.00120591113821498 0.0682021548292397 -0.0300812532500416 0.0460594273612243
0.023450496006289 0.0489873687423572 0.0239114913609103 -0.0174572870371905
0.0421091389567343 0.0160071253916265 -0.0350086758526465 -0.0595458369160251
0.040499564921629 -0.0172021251988402 -0.0816846296076935 -0.0183378530017965
0.0232056698704053 -0.0318762697029556 -0.070108517823744 0.0438333847510948
0.0033581805687625 -0.0389330834853276 -0.0213080466136859 0.0603319938523994
-0.0185157485737436 -0.0331075568113052 0.00920766977026472 0.0444409722300413
-0.0217778439356529 -0.0288912466953044 0.0195868687044163 0.0305757034608609
-0.0238965449219262 -0.03526155376553 0.0281794036424574 0.0204183038359596
-0.00203803563894068 -0.0501438299032694 0.0351367024135517 0.017289152361043
0.0266261655966017 -0.0438370321583016 0.0405938679809797 0.026620279120991
0.0577694268243048 -0.0297409704051797 0.0351665602569083 0.0547774013252634
0.06386349061812 0.0241874781012366 0.00537384026834026 0.0766000824952994
0.0325421964044181 0.0729170343669901 -0.0320269068793537 0.0644680078886161
-0.00204407743767397 0.0925809362347407 -0.0250049490233212 0.0532492739060532
-0.0122964217480362 0.0864173407895973 -0.0247244466348606 0.0156828276844739
0.0213175133405716 0.0775458523665503 0.0298503449089159 -0.0334142006752699
0.0600988053922321 0.0353849989298976 -0.0241530920959327 -0.0716804729462806
0.0650093051310079 -0.0211626960591103 -0.0753140153680346 -0.0339838418402513
0.0358045453874038 -0.0466224414365023 -0.069140278659123 0.0263436614988057
0.00685960362732507 -0.0538026362154634 -0.0261473293076152 0.0426997592749084
-0.02287431559393 -0.0461822710601429 0.000447654502011348 0.0277002434864483
-0.0288406273931026 -0.0373500088405264 0.00944329981221876 0.0147660201716367
-0.03057326088503 -0.0418023575416196 0.0189335506804114 0.00306135802186707
-0.00603999325680389 -0.0596500441199822 0.0308657287949706 -0.00323840864832094
0.0267852510840856 -0.0554072433739607 0.0456966589717836 0.00553713068680934
0.066275116296919 -0.0422356203645559 0.048120417607582 0.0389638761618402
0.0771913759895584 0.0226163208435215 0.0225841584702082 0.0680648717251329
0.0388771540757365 0.0822914548918747 -0.0206403648527711 0.0526209157231697
-0.00401175902996192 0.105665714741354 -0.0131755562363001 0.0216249861357685
-0.0247694389194786 0.0888653180250047 -0.0109383124391905 -0.0205835752563945
0.0108016004277181 0.0930067981622772 0.0381088098471422 -0.0522280790201774
0.0639411769444362 0.0526535099514673 -0.00818232126767382 -0.0809535959843028
0.0794191662098374 -0.0161603643144753 -0.0594687184756047 -0.0488729265124461
0.0453978349621646 -0.0514317305717172 -0.0603094091337056 0.00296419578746886
0.0106951847997271 -0.0600376221158138 -0.0282394191155014 0.0193523255672807
-0.0230907950379419 -0.0515867943480432 -0.00817627281008185 0.00708514887888116
-0.0313478678689365 -0.0400445497198838 -0.0019633986668862 -0.00276108303220671
-0.0332409454145876 -0.0423539954407055 0.00819511192891188 -0.0148070587171214
-0.00913587027849439 -0.0593408345142364 0.0234158570522662 -0.0225859216644281
0.0240002394277396 -0.0575330664510624 0.0455300360843317 -0.0148328998950407
0.0655667713022767 -0.0464248461689703 0.0552484491442664 0.0208444405476561
0.0780129281974936 0.0208835229924543 0.0342100314627092 0.0552694740979705
0.0375753309611507 0.0803437249178064 -0.0129401565905588 0.0400117226274928
-0.00749327833372206 0.102944479003507 -0.00266659650178954 -0.00980929652482317
-0.0317039694904266 0.0744899228580229 0.00855865216824683 -0.0563463450851618
-0.00295278944710408 0.0889211194843886 0.04814334902712 -0.0702925959902792
0.0531726843554189 0.059327841241628 0.0093893373574249 -0.085044665027952
0.0763736135840568 -0.00696278708413312 -0.0385283177853673 -0.0591812637740581
0.0459277851531755 -0.0456843992786738 -0.0456206454463606 -0.0189094045969747
0.0121356956983845 -0.0559094351504758 -0.0278112924493135 -0.00594891074811726
-0.0198316189972027 -0.0484299678546984 -0.0163739974389074 -0.0137403945853027
-0.029747941426898 -0.0364309040830408 -0.0130143299334346 -0.0198046658561931
-0.0307797433498857 -0.0377502919242874 -0.0031635348890768 -0.0314590715419803
-0.00975472114417363 -0.0518947629326579 0.0155724558496424 -0.0394838508636441
0.0206481858794584 -0.0517658529676001 0.0432805654806002 -0.0321142129664342
0.0586463944358777 -0.0410247285283614 0.0581318866931764 0.00697861716848502
0.0674460408884654 0.0214861723829415 0.0400372563395015 0.0432273898628663
0.0277064753590287 0.071842372235359 -0.0082433071892623 0.0280734274891912
-0.0137422899021311 0.0868595087724982 0.00602305306619415 -0.0354480244229309
-0.0307787491647459 0.0465797969682988 0.0279758474703923 -0.0842708159105205
-0.0131038224674668 0.0647441680890871 0.0556821828836003 -0.0839770737273507
0.0327517281458569 0.0493006904967801 0.0235355497505833 -0.0839471930555128
0.0568468852185423 -0.00081163233377923 -0.0194117190482705 -0.0640908546618386
0.0357805038467572 -0.0320259842953726 -0.0310538553992148 -0.0353474197886586
0.00968119890976947 -0.0408809439445382 -0.0261492014251472 -0.0263811234082994
-0.0143752549531273 -0.0361772862949834 -0.0237778685078777 -0.0311147035712517
-0.0231765949733939 -0.0270233080791081 -0.0220077748522153 -0.0336443131760109
-0.0247851223496936 -0.0279633036308274 -0.0119579394355998 -0.0441893403284316
-0.00837572947380253 -0.0390642196618127 0.0105875681296191 -0.0528710626912177
0.0161632114520793 -0.0401708941390583 0.0427572339905786 -0.0442064086152869
0.0471738936659137 -0.0292664878962462 0.060389319456598 -0.0020337127214082
0.0509661570424862 0.0228303449306103 0.0419781213846165 0.0342031765329513
0.0129046990094627 0.057533964520807 -0.00439779268048356 0.019425501273214
-0.0199602803048647 0.0604536548064889 0.0149289962368607 -0.0538565542266661
-0.0228845187220977 0.0102521206149324 0.0415797113071555 -0.100351209968593
-0.0171224274776985 0.027223440438173 0.0567010611648275 -0.0913474646050283
0.00962605415360061 0.0261551012882597 0.0300166929547674 -0.0822396862290009
0.0252878145209244 0.00124653120973931 -0.00876377603737108 -0.0656418217555252
0.0169191030237416 -0.0139194918233151 -0.0229783145274956 -0.0451761475936133
0.00477303910127932 -0.0187310543041154 -0.0270710926381572 -0.0384012342479614
-0.006879833426513 -0.0173404175188636 -0.029225520283319 -0.0405191799370383
-0.0125099572659286 -0.012839344977012 -0.0277367877760427 -0.0423764217634739
-0.0143293357711355 -0.0144770791360401 -0.0173475005940589 -0.0535644766151527
-0.00607630556972999 -0.0223076613191376 0.00914578523862225 -0.0623465264924231
0.00978425275802176 -0.0260736988451565 0.0451854039791772 -0.0520446844163455
0.031847911540804 -0.0160652953693252 0.0639714541648138 -0.00610981703733348
0.0291451769463372 0.0212753949042142 0.0441121932130502 0.0302088757375061
-0.00106979262755897 0.0369299489652905 -0.00133043106306254 0.015301281254395
-0.0234035898264231 0.0263724770452097 0.022329154112327 -0.0618704747987401
0.0160079095401122 0.00563693608629921 -0.0156191244559588 0.0708954797286775
0.00560200916663037 -0.0118729588054617 0.0211245464633243 -0.00556906239943121
-0.008473887329772 -0.0080609841970722 -0.0402380128929794 -0.0408679638583139
-0.00857036584796036 0.00605239125148689 -0.0744071840916417 0.000119931326423358
0.000798149985910092 0.00621315333527899 -0.0565591077671559 0.0583523735501111
0.00139200649453469 0.000693346107213464 -0.0108305057994672 0.0719544530139802
-0.000707518023278012 0.000613655559208147 0.01961895736606 0.0571048757484732
-0.000444658739430523 -0.0016484764456066 0.031378707630432 0.044608797519513
-0.00416488424594511 -0.00314567431900248 0.0357386896022921 0.0386250207343392
-0.0023126286883822 -0.00753972643896966 0.0330097270534333 0.0397645726731916
0.00275434605265055 -0.00523659707917492 0.0248998966239959 0.0464391892233042
0.00553800603310168 -0.00751868395286587 0.00948800374662485 0.0643817672557169
0.0128846720859665 -0.00292899102511368 -0.0236120565522652 0.0761548000120363
0.0192433788868025 0.0100455322117728 -0.0578442620793522 0.0784855635097234
0.0118590369604082 0.0226047472207053 -0.0444801714417864 0.0951743454255701
0.012196275855635 0.0377116952795614 -0.0244735994581509 0.0637342399378139
0.0171909491730144 0.0159596636609558 0.0203779699367202 -0.00784572083251344
0.0165637975725031 0.000472121685233579 -0.0391855269112715 -0.0462462957011444
0.0136117514865705 -0.00728645835372099 -0.0779021229734401 -0.00522946477321645
0.0098828839729305 -0.0130702313476012 -0.0622993634229342 0.0543680389261733
0.00042107332267679 -0.0186542523443934 -0.0142662635902911 0.0688043253480669
-0.0106178079665092 -0.0156548933768655 0.0162730995422105 0.0527597136956221
-0.011740533916816 -0.0155263366261024 0.0274243008631056 0.0400749201373308
-0.0146590449155136 -0.0207412848225248 0.0340019590720831 0.0313092549591485
-0.00124782140952838 -0.0314388935824375 0.0349831378412069 0.0317154912508718
0.017970216171138 -0.0254676215960759 0.0318086861794818 0.0400684019137811
0.0351233546964707 -0.0156369674719152 0.0197990891815775 0.0612161999256913
0.0391470687784374 0.0160146228384849 -0.0108807142944561 0.0757744031243936
0.0237702813149091 0.0467939570582203 -0.0443008306594633 0.0720463036633307
0.00302873589984865 0.06116822503161 -0.0345136433562578 0.0784031987050107
0.00263994731196362 0.0656955168028682 -0.027797252616486 0.0448300651965627
0.0236917958544414 0.0470810648672286 0.0231762480275616 -0.0170435672600065
0.0408408855313239 0.0142624185531722 -0.0347316155059851 -0.0565841010681099
0.0384774153404537 -0.0182155434048635 -0.0788410716592554 -0.0160619201453227
0.0208614185136292 -0.0317397779839002 -0.0661848005277811 0.0445291788598672
0.00176858916055574 -0.0378421067961921 -0.019503413589701 0.05907306499393
-0.0187809941589106 -0.0312790423889605 0.00961654679434118 0.0427755733238947
-0.0218974242286253 -0.0273775148408829 0.0199273951680261 0.0291218577393966
-0.0243430217700536 -0.0330742664620752 0.0280482913946197 0.0181716780097979
-0.00369277357608814 -0.0488524738567365 0.0345812893743194 0.0157888806180339
0.024466325357961 -0.0431535889008419 0.0400944242495379 0.0248185007553469
0.0550539859116614 -0.0301546222740458 0.0343812938156223 0.0516073278000618
0.062038808576517 0.0222334090159693 0.00611857549508741 0.0729792227793823
0.0328809864243253 0.0697272736113354 -0.0301649769015609 0.0629814583580552
-0.000153600562106701 0.08913329442511 -0.0229610461283893 0.0526142831244553
-0.00976342132079801 0.0831489164410546 -0.0229262487759937 0.0155855428777168
0.0222334231183348 0.0742156174973643 0.0284235129710961 -0.0324446142576569
0.0584604782119805 0.0323302245492075 -0.0246197158976514 -0.0683472947950358
0.0617162349704553 -0.0219093235282273 -0.072775438949484 -0.0310289633736002
0.0326892335932432 -0.04619005772643 -0.0659467850283643 0.0274464625127948
0.00497065368441965 -0.0525828432740247 -0.0237968595824721 0.0420908276097133
-0.0232889306479462 -0.0433590884112473 0.00113298578590674 0.0267270830513616
-0.0289336209383842 -0.0352115082155733 0.00891712151442617 0.0141627776862839
-0.0310827828240251 -0.0390512319237722 0.0185882521809449 0.00184962201932084
-0.00783915685411243 -0.0573741270288644 0.0300034175094327 -0.00320465278081573
0.0245152024293983 -0.0544849281858411 0.0441489010794916 0.00410539628385411
0.0623898181943404 -0.0429360944243769 0.0472208416676153 0.0364242425110689
0.0752042287868435 0.0201857984872697 0.0230986953229394 0.0641039146146148
0.0395086450059314 0.0790073446447994 -0.0187783943794298 0.0513808296393484
-0.00223066971580809 0.101730443749705 -0.0122728891955192 0.0213699548734904
-0.0216151580273332 0.085673438018193 -0.0104258504963043 -0.0198092371740233
0.0123876172384106 0.0898582390041902 0.0361420288289292 -0.050567636851468
0.0626669346663795 0.0490223599244637 -0.00922432694551456 -0.0777557352796936
0.0754205506847577 -0.0176974334815601 -0.058043111162896 -0.0458583598371965
0.0417011958406549 -0.0511488762817151 -0.057903457337215 0.00482073181201992
0.00844300002562246 -0.0590595527184957 -0.0269131658258083 0.019328108589046
-0.0237643836522816 -0.0493100120827541 -0.0085737407713984 0.00715205192579336
-0.0312295236469371 -0.037536715853068 -0.00234009843490544 -0.00252506273656379
-0.0329656738387614 -0.0396949544343735 0.0068909179456766 -0.014526506680472
-0.010708773886029 -0.0572747185114116 0.0220007788083509 -0.0222228911386728
0.0216055290864502 -0.0562739665822982 0.0436784978506211 -0.0154828172019166
0.0615369219787305 -0.0465489664847092 0.0538540199679578 0.0190254768633127
0.0755344693610124 0.0181458783841577 0.0342176757043518 0.0519869843380221
0.0381104809157961 0.0768422451531792 -0.0116280635502501 0.0388763759753115
-0.0055631787875641 0.0993454229256546 -0.00333631651422904 -0.0088888815246113
-0.0285169130391658 0.0725057791479691 0.00732321287960742 -0.0545028068018376
-0.000556688127465527 0.0860821213270756 0.0451535755932383 -0.0684721740745391
0.0521950689188418 0.0553277350312535 0.00784382033766499 -0.0813115379849851
0.0729683764910759 -0.00856580553853976 -0.0375675680502751 -0.0558830983973479
0.0428625237942861 -0.0456669478206205 -0.0445447963621256 -0.0165151276913294
0.0100298996271896 -0.0546919658794523 -0.0268062678343477 -0.0048555708468387
-0.0208339387108108 -0.0459601540493917 -0.017204205738079 -0.0133348576313668
-0.0292115671995104 -0.0339583199422625 -0.0138842619966149 -0.018788825081593
-0.0306596787425612 -0.0346780079128596 -0.00417548181767809 -0.0300214110110077
-0.0109990587392662 -0.0499243695095478 0.0138793653982268 -0.0383735495090801
0.0182428330425578 -0.0502437905792823 0.0412773232568555 -0.0321434077530801
0.0552555733001672 -0.0408189805429922 0.0564886194609086 0.00546407383573144
0.0660115090560309 0.019166694322016 0.0395246951201759 0.0402003462362641
0.0280610608280332 0.0686693719727275 -0.00748990671355636 0.0275193444723234
-0.0119034286687467 0.0834373033305616 0.00444731463406404 -0.034215913452572
-0.0280698068554846 0.045081807512706 0.0253803085050482 -0.0819522329931735
-0.0110563028583211 0.0629165782956007 0.0515677184917912 -0.0813585497745032
0.0326353934935486 0.0466720617978291 0.0213990057253569 -0.0811301595598043
0.0539637588888326 -0.00211269784657936 -0.019268514936281 -0.0610000018598979
0.0334634515241409 -0.0322729136344839 -0.0306059746301249 -0.0335818125663514
0.00844975945125688 -0.0400049046868062 -0.0264697168068289 -0.0252474138642015
-0.0149730950207697 -0.0344988100889542 -0.024549291480643 -0.0298573056079758
-0.0226746548361531 -0.0251500669452461 -0.0226462409592472 -0.0319255035695435
-0.0240250578068229 -0.0256991233138291 -0.0130222894416201 -0.042623138024511
-0.00937289417493199 -0.0377545238373596 0.00885537340495684 -0.0510434919164647
0.0145633822538566 -0.0395959586281603 0.0403605748096591 -0.0434532414941358
0.0447998265546026 -0.0297471340530306 0.0580375364979893 -0.00326679511295898
0.0496865337618212 0.020558270123384 0.0414869567384925 0.0318488824450891
0.0139956964055414 0.0552788780610167 -0.0039402753414906 0.0186899983998624
-0.0178550944370255 0.0583857044690132 0.0124948151532059 -0.0518515783937072
-0.0215385564366088 0.00986115927081136 0.0382749816448563 -0.0977597649812471
-0.0157531465337492 0.0260741633620695 0.0527050925984168 -0.0880933376726499
0.00970688978079807 0.0246614353984791 0.0282993671059187 -0.0793646183662413
0.0237980598245456 0.000852622281486446 -0.00937246440247684 -0.0630073836013641
0.0159177828994024 -0.014477117076966 -0.023009445610688 -0.0433688877729244
0.00439141186359048 -0.0181579223597924 -0.027121906625139 -0.0370833191932296
-0.0068705512181358 -0.0163186093386664 -0.0301316528823791 -0.0383101470487833
-0.0123337898970384 -0.0119946918802531 -0.0287111135200914 -0.0396061280506269
-0.0142885491091147 -0.0132302514848677 -0.0185162335847825 -0.0509387053322921
-0.00659911799949153 -0.021612810847092 0.00688539098960721 -0.0597777013583331
0.00858002520009162 -0.0252373891276995 0.0429098763261944 -0.0511788040126555
0.0299276579503798 -0.0159996497860616 0.0614931346660071 -0.00759174796391207
0.0290849941849074 0.0196760241292183 0.0428573746306939 0.0280126894551755
-0.000256829861426399 0.0354486339330217 -0.00124818471147379 0.0147347187542108
-0.0221131791682441 0.0259205343553709 0.0195233874884188 -0.0601204347852724
0.0156777848212459 0.0065739982203188 -0.0189262595469145 0.0666248379823112
0.00634466202732932 -0.0113670287778677 0.0206261843947187 -0.0046635692905671
-0.008027163556819 -0.00802198839246611 -0.0359557362356179 -0.0412237261657805
-0.00813457034798853 0.0060042960270019 -0.071507879455084 -0.00346337261028456
0.00119924244135809 0.00642051582948391 -0.0568815433637591 0.0531676157579431
0.00138806478050152 0.000605003130593605 -0.0135930595927481 0.0685071002547737
-0.000465370278076491 0.00131291061850919 0.016200030039578 0.0556950068497295
-0.000486111051786237 -0.00142622732988931 0.0288070046929778 0.043914293038678
-0.00398350215752403 -0.0032823851893509 0.0335165960551786 0.0385969351560679
-0.00191055916191288 -0.00767080703990938 0.0308122041569363 0.039587074246084
0.00341590338819907 -0.00522999452453952 0.0216013277821555 0.0456773729272243
0.00608595451102046 -0.00577206899641766 0.00621613437119007 0.0618216619794884
0.012391951607075 -0.0010079365304725 -0.0272955417414838 0.0711379661422132
0.0169390788841781 0.0118710192839236 -0.0609203071935699 0.0724474456015559
0.0100495761818037 0.0233107793465681 -0.0493905461372384 0.0887649588061502
0.00951214527269354 0.037905568420955 -0.025550707861706 0.0604721326674117
0.0154487332605948 0.0168424383398635 0.021230703805913 -0.00730897076475513
0.0156788275715842 0.00211222472593622 -0.0347645635573513 -0.0476170878371516
0.0137194562817696 -0.00556784674282718 -0.0745235119683068 -0.0100070627945536
0.0109811196693713 -0.0116346566600476 -0.062339307998509 0.0490417724342167
0.001588518918319 -0.0185180900765507 -0.0173746464700578 0.0646437346508795
-0.00983259059767087 -0.0152143628047399 0.0124354611819221 0.0518735507981611
-0.0109107706674374 -0.0156631188490662 0.0252495776533892 0.0387192441188615
-0.0134363139819157 -0.0207495135496778 0.0322153469282036 0.0318280430106369
0.000106026960861007 -0.0315081887100533 0.0331914003209104 0.0318993505177441
0.019433006835633 -0.0242838120786586 0.029730934593402 0.0404179752407659
0.0354233439297647 -0.0127156492663436 0.0171117601491614 0.0602946794873386
0.0370345846803828 0.0189351248008884 -0.01521175376774 0.0728250095861939
0.0202154973678913 0.0474722830287961 -0.0479133015147391 0.0677102839118198
0.000652047849222846 0.0603023487455099 -0.0403105336441765 0.0732894738998254
-0.00173785864976506 0.0644647169416901 -0.0270758084132953 0.0424787964277063
0.0195460721668592 0.0473795847837872 0.0248680116487163 -0.016018264760708
0.0382478250455517 0.0170381640320465 -0.0289239898510199 -0.0579120837172368
0.0376199846748693 -0.0143085335647571 -0.0746749894411428 -0.0217574399037436
0.0228903097557161 -0.0290912196708385 -0.0659073193456285 0.0383602792369365
0.00392170237160314 -0.0366937032098331 -0.0224069447386805 0.0549475454568656
-0.0162991064354391 -0.0312450803486203 0.0061752100147908 0.0415334270177508
-0.0200669595683801 -0.0280362320750268 0.0176602608453621 0.0286956279252121
-0.0221674170974907 -0.0331172089717024 0.0269894391702752 0.0183609701716385
-0.0016898730029107 -0.0481991546450819 0.0336359285040437 0.0163072314533693
0.0269555017545963 -0.0418213395860998 0.0388001272064513 0.0260074807698684
0.055403993433882 -0.026068669342339 0.0331856167061829 0.0523479624365866
0.0596047862973426 0.0256864454794284 0.00231845387617853 0.0714865544683466
0.027985302842462 0.0706660273467749 -0.0343962209390407 0.06021324863638
-0.00353381392109035 0.0867479047153028 -0.0279982387761759 0.0494023605658839
-0.015661124939301 0.0803401761901072 -0.0199568972221013 0.0155269059445199
0.016060995928564 0.0740856116899013 0.0319057568891722 -0.0299280075191501
0.0535838891242639 0.0361839631271816 -0.0173236008808717 -0.0691641930085948
0.0601326562565865 -0.0167805688210628 -0.0671270058960493 -0.0363103750951482
0.0347194774087773 -0.0422060356908909 -0.0648836745852603 0.0213295205704256
0.00744036156791643 -0.0510607821743533 -0.0262587524008816 0.0378386607984503
-0.020462763010339 -0.0432830565347443 -0.0020486653903295 0.0252701972141823
-0.0262589473865821 -0.0361185326181368 0.00741674315230755 0.0139307732658406
-0.0283372922861947 -0.0395047589789385 0.0181730176575365 0.00211488237474502
-0.00562279548372921 -0.0571567177769171 0.03006236288448 -0.00276263395497666
0.0268307791041527 -0.0529897747473397 0.0445113702393438 0.00627589041714022
0.0630558743032081 -0.0386201333222864 0.0469228809303611 0.0380349617405185
0.072535256129603 0.0245003465644003 0.0190334061378687 0.0643561449703444
0.0344648579255316 0.0793530159879507 -0.0232124259473198 0.049336237323312
-0.00572099559930641 0.0986757586199568 -0.0165207856008731 0.0206128400335311
-0.0281749750586576 0.0825955294113133 -0.00603995759579624 -0.0174328643587119
0.00523318191731033 0.0884152125895948 0.0405981260495894 -0.0466136717304319
0.0563364513403774 0.0525995878162216 -0.0013699498830331 -0.076861201644381
0.0723550107827297 -0.0116528122762379 -0.0512234000496502 -0.0500733952940524
0.0436142234868859 -0.0463508060307204 -0.0563158408622705 -0.000426719780727846
0.0110234426133749 -0.0572109687101391 -0.0281160934248619 0.0161527445528058
-0.0206058231975646 -0.0491590761680368 -0.0104709821324596 0.00587290874587392
-0.0286730173787991 -0.0387518888558276 -0.0031180644459623 -0.00290033225138489
-0.0304467812408453 -0.0401507006399995 0.00756060956630532 -0.014741352789749
-0.00839600126178295 -0.0573938952348692 0.0231229180934375 -0.0208190991657293
0.0239068000100938 -0.0553943937379114 0.0451088705217774 -0.0131651635313621
0.062232069686958 -0.0422824893234226 0.054080196288449 0.022083146891736
0.0733772661699532 0.0222816704547674 0.0304542163936455 0.0533680934395908
0.0328384543550767 0.0774532150822057 -0.0158019284556999 0.0381843381006187
-0.00901712303888891 0.0959496852942723 -0.00619649393965597 -0.00790800846292287
-0.034160855086426 0.0688925593007817 0.012950956889794 -0.0499849508800307
-0.00768298580648539 0.0836603427540645 0.0501652223598994 -0.062864551047598
0.0455574980018512 0.0580661890801258 0.015203351422466 -0.0791940673390242
0.0695479647337573 -0.00336357911844038 -0.0311249531441773 -0.0584147436858491
0.0438366897853848 -0.0411441999627861 -0.0418420453805256 -0.0206377733831988
0.0122492002638762 -0.0527651899991277 -0.0266186830185102 -0.00762072535431855
-0.0176491290695308 -0.0460667683326094 -0.0178811389916681 -0.0137775267323951
-0.0265499726407015 -0.0350372763203285 -0.0135192478178321 -0.0186715834655154
-0.0282640767836564 -0.0355456174816982 -0.00277080453269156 -0.0299939890899053
-0.00887186475503802 -0.0499841985097492 0.0158587636993371 -0.0370781194355866
0.020539822582974 -0.0494584645057628 0.0433792415834747 -0.0290064279064589
0.0554433049895389 -0.0372655088522039 0.0570895957724887 0.00851020775384229
0.0639889472991231 0.022362604641645 0.0361034937465933 0.0424596832781863
0.0237614089180613 0.0686943836993175 -0.0107180045345619 0.0271116060259131
-0.0143138765632437 0.080383380949237 0.00321320221422777 -0.0320773210373973
-0.0320950263258402 0.0419748754513816 0.0310615470396844 -0.0754976529720546
-0.0163448081262256 0.0600582941460063 0.0567413075983999 -0.0741333956043592
0.0270337622141548 0.0479246400791233 0.0282671902295841 -0.0768433972889709
0.0507287048221218 0.00229843217566277 -0.0132806444657067 -0.0612664710257327
0.0336249823434627 -0.0284884836434006 -0.0274943816252303 -0.0355224941511125
0.00991268329969956 -0.0384484152071515 -0.0249940779393732 -0.0266265631772039
-0.0129599561641665 -0.0346255983102691 -0.0241301243588293 -0.0298424612224272
-0.020449451394336 -0.025886546449117 -0.0218935684861876 -0.0317332345633055
-0.0222700260014155 -0.0264831347890991 -0.0114691575562077 -0.0421845063385607
-0.00741871269735197 -0.0376525822907037 0.0107766669074273 -0.0494011221093112
0.0162124355853536 -0.0385972149315086 0.042522159300164 -0.0404309088953706
0.044893128252344 -0.0268659435594581 0.0581252756830483 0.000424372508752574
0.0476848193200671 0.0230027037610837 0.0378494123634064 0.034061532199498
0.0110127108390188 0.0546498924941862 -0.00679235712854215 0.0182714958356896
-0.019269573558931 0.0555337430440804 0.0129181220063224 -0.0489318490663943
-0.0229585867971991 0.00785582588695629 0.0433810908431333 -0.0908834448772626
-0.0179716886238839 0.024188259157239 0.0568982728316145 -0.0809222201746709
0.00650854595883878 0.0245849464068629 0.0334629829891533 -0.074368697520815
0.0218406961030288 0.00240233632048062 -0.00433752512759712 -0.0615242698040699
0.0155711791412402 -0.0124273740353408 -0.0201210394000784 -0.043328034377359
0.00508681985148323 -0.0171770755933701 -0.0248209320757439 -0.0377629901995135
-0.0059615500672887 -0.0167500780750255 -0.0288203993270986 -0.0387461080238897
-0.0110291199362292 -0.0124973284605424 -0.0269344112170261 -0.0393448099840404
-0.0128317214727187 -0.0138564795798222 -0.0164305838128522 -0.050133693846791
-0.00528944903706956 -0.0217619695111455 0.00918286395694603 -0.0576316040786458
0.00963784141291772 -0.0246486229732217 0.0444948318291117 -0.0476605327287395
0.030330671716184 -0.0141013764617933 0.0613745652168294 -0.00341114044690939
0.0277460940424433 0.0211399599402255 0.039099358801558 0.0301046825738071
-0.00216993519176932 0.0346480393590248 -0.00343492543986666 0.0140726031318192
-0.0219089606996377 0.0238243562839948 0.0213701148854982 -0.0565174074219257
0.0150317833389343 0.00708223697454013 -0.0199372796557076 0.0655475711007369
0.00649986603686466 -0.0110357767199587 0.0207334567497682 -0.00409765928251264
-0.00754641933291072 -0.00797212055932578 -0.0349508056370068 -0.0419892436010375
-0.00802757944300383 0.00595002130893193 -0.0714279654983516 -0.00547133425030412
0.000726627544523252 0.00649595639558775 -0.0574778175167795 0.0522580745828414
0.00141825957290252 0.000753589235381996 -0.0146831083800739 0.068251210752632
-0.000871234086504612 0.00123374819337073 0.0152855565544132 0.0555836631833773
-0.000318871078534511 -0.00167731903510289 0.0284132884545023 0.0442516188986626
-0.00382585053648541 -0.00329402605972633 0.0329217175191664 0.038833001277082
-0.00184968808633061 -0.00795810795412782 0.0300406158318226 0.0404797026643418
0.00434463531279668 -0.00543337006699324 0.0202175830611921 0.046519037680031
0.00640476925344336 -0.00569927138182354 0.00460382956008261 0.061395295975605
0.0120366472756753 -0.000334503340234296 -0.0290482202273268 0.069423300045664
0.0164858565947663 0.0118183895225494 -0.0620981349631123 0.0706242095652782
0.00913741988971235 0.0237255667877434 -0.0507294401873221 0.0867767191025295
0.00810827988409158 0.0377101377884027 -0.0265192105472237 0.0591754006949047
0.0150819944230064 0.0169544442745826 0.0218254961315561 -0.00636220358736634
0.015235890405745 0.00173881566457469 -0.0329573454903721 -0.04827817553545
0.0138458919516633 -0.00564115214733906 -0.0742418488938905 -0.0119819763662516
0.0110869099608749 -0.0114288362046148 -0.0624478040841701 0.0481467494913483
0.00134114249193634 -0.0181427606146334 -0.018207970600284 0.0644409703902824
-0.00954444595535146 -0.0153694550250644 0.0117319933382409 0.0516409088395739
-0.0105397652530589 -0.0160943272628906 0.0248755005396846 0.0391950984824442
-0.0129637338053128 -0.0207373436196171 0.0314640273458542 0.0318233259905739
0.000578057374371371 -0.0310565977507623 0.032566271139344 0.0325508346413744
0.0203322276286007 -0.024315085198613 0.0286201934461277 0.0410095832666033
0.0356204948668503 -0.0119206731987435 0.0155381478853528 0.0599545805476307
0.0362843118316583 0.0195602590482306 -0.0172251752597731 0.0712066147497905
0.0188630422613196 0.0479037126507059 -0.0494863361875201 0.0660091220868687
-0.000975040935569866 0.0595446930461069 -0.0414056527554851 0.0720579734811903
-0.00305088571928614 0.0634710151871833 -0.0272861655539748 0.0413637900852578
0.0186859216931937 0.0471666367951755 0.0253669618120216 -0.0149475952486987
0.0374564031814002 0.0174578515653043 -0.0265749357499514 -0.0580078716848866
0.0374580285936263 -0.0136270143629722 -0.0735548001508337 -0.0232698416650217
0.022691040015885 -0.0285712830435172 -0.0660588459174214 0.0372615959745102
0.00397046183635311 -0.0367065482967875 -0.0231338542442865 0.0542379792874853
-0.0161719075888135 -0.0311032186855877 0.00505858215777454 0.0412007122086306
-0.01938451768738 -0.0282490088390977 0.0170446193650704 0.0289021707549247
-0.0211403631829448 -0.0331448040354398 0.0261953575625204 0.0185609758039393
-0.00123232157702779 -0.0484975006976557 0.0335419476532824 0.0170050881848338
0.0275677932999088 -0.0413407040055031 0.0384833367597958 0.0268915696799912
0.0551866562116245 -0.0249625340225111 0.0315166554725243 0.0524142876773352
0.0587254576359737 0.0272054372347673 0.000241406923929356 0.0704471381747014
0.0264444875403364 0.0710067179904608 -0.035620108359751 0.0589944032089361
-0.00644861500831257 0.0857259025987606 -0.0288596224203467 0.0491663634081663
-0.017430868981691 0.0793385848615993 -0.0195741860566841 0.0150570120791798
0.0144980059504064 0.073908355836401 0.0331306755448754 -0.0286572106132139
0.0520406247071905 0.0360810224122264 -0.0151766402830933 -0.0685633811171935
0.0593192233197636 -0.015741094543028 -0.0656814350836421 -0.0373685161233659
0.0348408887412462 -0.041544931420905 -0.064513378769916 0.0200776818924927
0.00772006603688839 -0.0508698387779155 -0.0268012742850483 0.0375422934829247
-0.019524741395702 -0.0432917089838201 -0.00271391541304876 0.025130786624716
-0.0254959471603902 -0.0360979029287216 0.00716870160986592 0.0141887163591191
-0.0272786135520326 -0.0395805810974664 0.0180518364951482 0.00231472991438762
-0.00508008071836647 -0.057054665664487 0.0299852008378925 -0.00164965666099321
0.027795954633526 -0.0524332136871707 0.0442822758114611 0.00697348660210293
0.0629723938153038 -0.037628132587785 0.0458119824742999 0.0390872082505253
0.0715946047159708 0.0257774645334467 0.0174054442628615 0.0638061818298387
0.0324147955207227 0.0796177793085821 -0.0242572440489697 0.0492975463006671
-0.00795187266849933 0.0974447167982464 -0.0171168363508403 0.0202197246790148
-0.0293314046009254 0.0805354836699466 -0.00499857903374341 -0.0172841823133701
0.00340608404709186 0.0880454244983797 0.0419925964027286 -0.0446282079734107
0.0545636430440629 0.0527067994735526 0.000986666659142246 -0.0760109004402243
0.0716141438840497 -0.0103478022955526 -0.0496313991456604 -0.0507513297940996
0.0436042866326793 -0.0457767400973865 -0.0556940083953455 -0.00110686950665809
0.0112969929825815 -0.0568913104046232 -0.0282150856055233 0.0153150878745622
-0.0196339530087705 -0.0489852030784841 -0.0108940437012762 0.00564908674773236
-0.0276389384425754 -0.0391558175297297 -0.00361328217183796 -0.00224508629792688
-0.0297314598473698 -0.0398892646162499 0.00782139872578928 -0.0144499153935644
-0.00782240687047312 -0.0571029388961555 0.0233820764971611 -0.0198206615690173
0.0251507269848949 -0.0546429361031229 0.0453551639135505 -0.0121028908289049
0.0621624943574335 -0.0413976881531506 0.0533994369326062 0.0231608390658259
0.072738065688296 0.023290383880326 0.0286100984087904 0.0528780909033055
0.0309509751589149 0.0776151774746774 -0.0163559033148443 0.0375635250378368
-0.0115512090895047 0.0944811291743227 -0.00667978900729256 -0.00739961542644948
-0.0352294200369728 0.0670540205539958 0.0148344751938875 -0.0490023511120968
-0.00924557518077058 0.0829414504151711 0.0513103065902807 -0.0602111431454751
0.0439069106713032 0.0580494044025429 0.0177388944372441 -0.0776768016142023
0.0687571925565542 -0.00202855661357851 -0.0292096858108827 -0.0587473463044549
0.0435476828072454 -0.0404102851163351 -0.0411511372751028 -0.0210151880182632
0.0126731790208301 -0.0522210276944546 -0.0268027093731548 -0.00794599783444854
-0.0169109964824092 -0.0463850792066394 -0.0184577342178006 -0.0139694749150083
-0.0253465699107173 -0.0353421330381478 -0.0133883989560053 -0.0185709381716263
-0.0271479383953057 -0.0351836533637951 -0.00272077838088988 -0.0294858644556409
-0.00812836381032416 -0.0497640263978384 0.0165082638717654 -0.0363811532224904
0.0213595782240477 -0.0485998199383693 0.0434316796538867 -0.0282554917041771
0.0555022239630932 -0.0367193977104328 0.0562974029246758 0.0104537666807518
0.0629929952497207 0.0234008171172604 0.0344755654113559 0.0425040513991015
0.0223049395353979 0.0687521326990787 -0.0112850767049346 0.0261936114127729
-0.0159598177196171 0.0790333817954295 0.00340041283279954 -0.0314840843413199
-0.0324232042884239 0.0404400878244265 0.0330330689186553 -0.0742743250464045
-0.0176196945443955 0.0594993382036 0.0580567494385245 -0.0719745219191165
0.0257214934998982 0.0477918838038286 0.0302503735414745 -0.075211501450546
0.0501275239924334 0.00279633097362804 -0.011654802136711 -0.0610237730140781
0.0337354738194613 -0.0283547083341404 -0.0265978587361822 -0.0356995549575994
0.00985306163997406 -0.0382747860223351 -0.0249058343907442 -0.0272855420405764
-0.0120787610222138 -0.0344679976858222 -0.0242199324741938 -0.0298681281620028
-0.0195508714423022 -0.0262656084225932 -0.0215760597743667 -0.0310866474194388
-0.021240835129984 -0.0262306053745572 -0.0104357836354694 -0.0416166543968438
-0.00700256233281084 -0.03709222876556 0.0115172962478365 -0.0486323414052432
0.0164680273105306 -0.0379087198989788 0.0431562368392107 -0.0396219918413477
0.0452191517294621 -0.0260700823118042 0.0579306648596193 0.00192686043232425
0.0468173435408398 0.0235835375673146 0.0368160104258783 0.0346619772642211
0.00954024402278383 0.0547338943684331 -0.00704573106012404 0.0179734964190469
-0.0205124108410707 0.0542062029616072 0.0130630748435421 -0.0477978044551374
-0.022885295821835 0.00712559068011694 0.0454343572729836 -0.088995954610804
-0.0185835381934091 0.0234920697526376 0.0582435120600509 -0.0782046351733457
0.00623940243635683 0.0245139375909283 0.0355681617158197 -0.0728760719587712
0.0212668402435091 0.00279031548168689 -0.00277426618328367 -0.0609821139741036
0.0157280002468688 -0.0121338415702391 -0.018946039062026 -0.0437415886774287
0.00510782148162391 -0.016820185767457 -0.0244354099533804 -0.0384512677160276
-0.0054960612815981 -0.0165675212524032 -0.028296814563586 -0.0387641750379332
-0.0102481953356819 -0.0122919412433077 -0.0266293488370382 -0.0388027311310817
-0.012269897276712 -0.0136060342106081 -0.0157644234292647 -0.0495133044894945
-0.00500097802729637 -0.0211221837473146 0.0101119328955297 -0.0574556565988717
0.00991575357510996 -0.0242478893836422 0.045248710496235 -0.0461833051484159
0.0300463343790767 -0.0140932015381714 0.0609243275757662 -0.00190424430763591
0.0268812105253047 0.021330516597695 0.0381701223570562 0.0305562500866882
-0.00272719474250379 0.0341952574623617 -0.00375185952510094 0.0136264516955749
-0.0221178956191766 0.0227009564041456 0.0213440675478126 -0.0552993628135395
0.0144869200417066 0.00770394895041363 -0.0210064133845281 0.0660701123927513
0.00693405806393261 -0.011063579395247 0.0218095377797376 -0.00410543536343878
-0.00758069829469508 -0.00845776961617562 -0.0349637942039336 -0.0434656665470984
-0.00785166340757303 0.0055786665730563 -0.073578522273843 -0.00676337606682672
0.000677907891881213 0.00651759776996633 -0.0592191209089839 0.0528474395094641
0.000942670902599986 0.00116178114525644 -0.0156408455713895 0.0699009994177894
-0.000765623311126525 0.00104642524815456 0.0148579950679383 0.0571368190145509
-0.000450558388987764 -0.0017582428358466 0.0295003038629412 0.0452491435986847
-0.00429405447734858 -0.00360584678186173 0.0337821738653767 0.0401161614426287
-0.00216071236093498 -0.00834460750588579 0.0301802298211627 0.0424609883021662
0.00416642864768526 -0.0056978425810245 0.0197652739617665 0.0482722575367426
0.00653396033247896 -0.00528216391782085 0.00343529437247453 0.0622331996609162
0.0124017549467917 0.000228315516998806 -0.0316601372467094 0.0700333610936361
0.0169025682934835 0.0122317969893616 -0.0650327961168132 0.0709254184712501
0.00848526740804282 0.0242381279430199 -0.0532343632874046 0.0880257852701201
0.00773512476081506 0.0383631312618216 -0.0273876995654947 0.059821313987308
0.0151071510308447 0.0177732579578367 0.0228887758193665 -0.00654441777471092
0.0155273102204943 0.00175411650118987 -0.0328411791409919 -0.0496153449144645
0.0141785769152009 -0.00558215778967714 -0.0758561738382827 -0.0140733790993654
0.0109103270321444 -0.0117193498518514 -0.0641306770209367 0.0482012855427574
0.00151875152638676 -0.0185684529103185 -0.0200572248172559 0.0658646190045624
-0.00963017856430894 -0.0156963408879139 0.0113932710419819 0.0528559560844854
-0.0109503144652607 -0.016435589555601 0.0252186153065778 0.0401970207194474
-0.0130592397928234 -0.0215239026132967 0.0324123530370078 0.0325862131124502
0.000376177808664062 -0.0319991150307272 0.0334014917250645 0.0343109940495869
0.0209922333438978 -0.0246977825622878 0.0283149967150348 0.0423239938014512
0.0363729561126552 -0.0119205843492135 0.0147908938718144 0.061610561378319
0.0373063228220674 0.0209023315507233 -0.0194851596977313 0.0720591277359464
0.0179950249422993 0.0491614396702217 -0.0520877457680152 0.0666225760492548
-0.00254338614204169 0.061294571802598 -0.0432253606155092 0.0730813086440788
-0.00462523290103137 0.064302825090017 -0.0280396294845679 0.0418638220000934
0.0181172192623691 0.0486070981920515 0.0268597826845413 -0.0145201484717691
0.0374194563867027 0.0175019319633342 -0.0262045020866393 -0.0595295664913202
0.0383378572747403 -0.0137228616289921 -0.0746410907075288 -0.0249908106874662
0.0233370620192219 -0.0290032549649818 -0.0677771829468553 0.0374512695448806
0.00420094196150702 -0.0374307906132853 -0.0247259241296901 0.0551764181679078
-0.0161684140604972 -0.0323254020816941 0.00449746788280446 0.0420948421575605
-0.0197344272162863 -0.0291205443226996 0.0176233209977508 0.0301916677520051
-0.0216849805607399 -0.034068021719407 0.0268858592674937 0.0195714152145553
-0.00160391118298557 -0.0500784563283022 0.0338396174168247 0.0186213614914539
0.0287237024757577 -0.0423688951716675 0.038868847024559 0.0279448811142091
0.0565649095253883 -0.0251442195039598 0.031195777532772 0.0540505954099646
0.0595588649332708 0.0286771937954035 -0.00150052734801654 0.0714300274918166
0.0257500880438575 0.0729781594502931 -0.0378716937653956 0.059769214241492
-0.00852168453785477 0.0876891528863595 -0.0305966807292127 0.0497265079482416
-0.0191714134939553 0.0795400837215268 -0.0198572474436343 0.0154534708579249
0.0136308346491167 0.0759525887287697 0.0350003541253818 -0.0281690253245126
0.0525070010456391 0.0375749974193945 -0.0143023302213745 -0.0701315163087015
0.0607187101975691 -0.0152059782092672 -0.066189635184377 -0.039578449128406
0.0355418866642641 -0.0423095062975721 -0.0661465605744861 0.0202105103667897
0.007600660323831 -0.0522007287676899 -0.0281778010210102 0.0378209193666382
-0.0199580174539374 -0.0448034136057042 -0.00332746695135083 0.0259503366370057
-0.0257769242179277 -0.0372357751723788 0.00704724615564692 0.0150426739156367
-0.0275876077454402 -0.0407389518053564 0.0181229041446693 0.00266129401053691
-0.00515826765780176 -0.0584837662128583 0.0306466519623737 -0.00138776668724651
0.0292329181695824 -0.0535793065847013 0.0449493040923636 0.00800928418902893
0.0647358621762274 -0.0379476165762379 0.0457093022798128 0.0405025920160514
0.0729686356991026 0.0273009462989796 0.0161340778918274 0.0649152145375714
0.0316337894244302 0.0820397952377845 -0.0256751195614894 0.0498194455698309
-0.0108397295589855 0.099202717822918 -0.0183498412871025 0.0210902356490313
-0.0318435155146896 0.0811273075679036 -0.00453574315256953 -0.0173117231714732
0.00217279132968219 0.0900301518632383 0.0443682040881745 -0.0441565986365478
0.0544591438551267 0.0543485791926019 0.00294710034207962 -0.0769522341309077
0.0734079014277189 -0.00958115988213618 -0.0492762057962572 -0.052707665741267
0.044413916355221 -0.0461818634693987 -0.0566570191930154 -0.00124005408187432
0.0116401607273458 -0.0582973950740018 -0.0291712798667869 0.0149734281708652
-0.0197710317913355 -0.050658517543946 -0.0117300922198068 0.00578477379559385
-0.0274926529763096 -0.0400553861001117 -0.00379964877025805 -0.00193302383996779
-0.0295456001468202 -0.0409464271959987 0.0077995252191446 -0.0146062746137034
-0.00760255633144999 -0.0585312758016319 0.0243738281248423 -0.0202539771168047
0.0262497276365459 -0.055497690159958 0.04639739398194 -0.012122537333262
0.0638385145513599 -0.041931280846956 0.0537826439176407 0.0246640656109528
0.0738329403451709 0.0245741822627831 0.0281574885950673 0.054109032879038
0.0303901395756696 0.0799937338978505 -0.0173344544485327 0.0381393790945076
-0.0135411421097647 0.095966605966701 -0.00684794857226586 -0.00773580305455592
-0.0369931169474105 0.0671017722688471 0.0158990224368425 -0.0492987239008985
-0.0108002857121265 0.0849078097091416 0.0540215898728818 -0.0602819504357143
0.0434623518371668 0.0599841966583012 0.0198122159531392 -0.0783063547166506
0.0698680862997743 -0.00101694812696545 -0.0281135515440439 -0.0601491803549091
0.0449231020991998 -0.0407105011186531 -0.0414613842486115 -0.0214503272824312
0.0128148225453978 -0.0536103838327096 -0.0273589756834468 -0.00906846335657986
-0.0169203880283608 -0.0475427944146083 -0.0188834958127741 -0.0146188713105524
-0.0255645475451431 -0.0360783208152761 -0.0142575643694522 -0.0181771503077999
-0.0275349629187452 -0.0360620735898415 -0.00257332462220833 -0.0300192634428588
-0.00817093840092846 -0.0508430552434447 0.0170172676063325 -0.0368039718584999
0.0225290454697653 -0.0498947932139445 0.0450814138251572 -0.0280201183590318
0.0564888808234152 -0.0366628772702558 0.0571916576272542 0.0114105760377572
0.0639981222970232 0.024533838299676 0.0344067506752482 0.043934177245317
0.0215434802958182 0.0706894030182914 -0.01215306481624 0.0269108781046373
-0.0178627828978309 0.0801311457480466 0.00327115502628268 -0.031673246829449
-0.0338339479650186 0.0406290900366416 0.0354614661530012 -0.0745148980528604
-0.0185067943262442 0.0603242313837565 0.0605806872041193 -0.071545628280033
0.0254660999877261 0.0492842506278886 0.0327517068123849 -0.0762697257077529
0.0507190250119848 0.00394536946077693 -0.0101951596528308 -0.0620936447293951
0.0343923467302272 -0.0282515852771942 -0.0266905188078575 -0.0363625082172437
0.0104246613770982 -0.038860028997178 -0.0251172616807093 -0.0285704550219688
-0.012506116545097 -0.0356230753275035 -0.0254089976144447 -0.030966128676677
-0.019544703936951 -0.0268621137917168 -0.0222898266006646 -0.0317421309522222
-0.0211248746577549 -0.0270283073642748 -0.0106821146914895 -0.0425496514480822
-0.00686734998835553 -0.0378433935135816 0.0123702294774585 -0.0496012364139726
0.0174848812143739 -0.0385508905104472 0.0447402817626544 -0.0398098127074399
0.0459810901262293 -0.0261635199318854 0.0592760808803868 0.00269820722717774
0.0478103598965379 0.0247814757160848 0.0372148146341557 0.0354178818299526
0.00865346920262997 0.0555160867548454 -0.00748326906138188 0.0184817567489871
-0.0219255320499276 0.0544816819149999 0.0130898611249019 -0.048409553242577
-0.0232466020232155 0.00667190165735098 0.0474560263488266 -0.0898809858907649
-0.0192429237423362 0.0234361707272065 0.0606543938304081 -0.0782592878455043
0.0055620409558994 0.0249688060037823 0.0379203059487249 -0.0735964247750458
0.0213374034972756 0.0039672789576045 -0.00159853979399976 -0.0622572254675011
0.0156143592385125 -0.0124843562524081 -0.0186103764743592 -0.0449371834057117
0.004801674065248 -0.0174525106321989 -0.024936910859717 -0.0401430502618143
-0.00536918596232232 -0.0169795565795828 -0.0295111662658526 -0.0397863982427101
-0.0103442070860971 -0.0128449404651365 -0.026987909040008 -0.0396867625102278
-0.011818674425993 -0.0137127518099047 -0.0156918521286829 -0.050588328313913
-0.00477591763441333 -0.0213793460597427 0.0105638230582692 -0.0582107590751526
0.0105169034556789 -0.0246952032608378 0.0471093543424981 -0.0468846718609117
0.0309592763540384 -0.0136998127711441 0.0626853590002824 -0.000776113652377592
0.027314913645209 0.0221593858163434 0.0386063000935033 0.031913166835416
-0.00374221849903598 0.0347724118723366 -0.00401385894514653 0.0139712698648404
-0.0228447735280261 0.0219854668700792 0.0216420556864492 -0.0557995160572244
0.015016140087141 0.00794861963222986 -0.0212509746075208 0.0684273961066752
0.00718578530935271 -0.0113693937095271 0.0229820224430282 -0.00455366625810122
-0.00752458648728257 -0.00875675256361355 -0.036877458899006 -0.0454269532316562
-0.00786137873324804 0.0055372147034055 -0.0768379124422518 -0.0066172195617586
0.00101032765233417 0.00669249438269518 -0.0608482717325726 0.0553329797629368
0.00104539213559611 0.0013040435570167 -0.0151300683022369 0.0733521299038976
-0.000938910721824552 0.0011947795057385 0.0165387283099752 0.0592754956810198
-0.000859552811405845 -0.00180092573346893 0.030859441095476 0.046089142435627
-0.00453491144775817 -0.00395039646969196 0.0360690862479683 0.0411581861374964
-0.00292072896790441 -0.00847735497054039 0.0323704521588481 0.0438614405469151
0.00443705609205686 -0.00624217709277338 0.0207834314605857 0.0497417581921384
0.0071535302745235 -0.00582045799380408 0.00359624593693401 0.0646855426832767
0.0131815553473095 0.000372779242561097 -0.0336249351676548 0.0726734701089725
0.017226208500691 0.0128596380208232 -0.0676820696984909 0.0739067962975845
0.00877304796271374 0.0256796241373167 -0.0543347004360609 0.0921700293886002
0.00757097517044581 0.0397059543328238 -0.0274849423086339 0.0624080639426038
0.0162534188275254 0.0184450332146498 0.0243889323092092 -0.00674097186421317
0.0163835202062838 0.00194310518243621 -0.034410292373375 -0.0512939429968434
0.014571634595608 -0.00580219535830009 -0.0792571070267933 -0.013511288415482
0.0110425200706799 -0.0124220108757439 -0.0662023220451 0.051422139772819
0.00104940987387324 -0.0192829134904169 -0.0194871240808157 0.0690475562614103
-0.0101598792175826 -0.0162320598749666 0.0126074626308186 0.0548915298955529
-0.0119282128992312 -0.0171760264923581 0.0267801858477929 0.0412902626505838
-0.0142326609755076 -0.0220787135458411 0.0342335131071086 0.0334137310887529
-0.000367434518032496 -0.0335929480884599 0.035404406655912 0.0352391959004379
0.0220593366385719 -0.0265959230955446 0.029515681424209 0.0441411446784205
0.0384591615346753 -0.0126972883020676 0.0154320145979604 0.0634601377642604
0.0387445004639236 0.0213914298889496 -0.0203289399619309 0.0745738671365509
0.0193039360008058 0.0512436256093839 -0.0533982900244006 0.0697149157807942
-0.00295200614297464 0.063484366885989 -0.0445421943825173 0.0766323395770441
-0.00441300837514425 0.0663752751256601 -0.0281122730750944 0.0438305323163973
0.0195312084423863 0.0509390944856642 0.0287139625252781 -0.0151113293932664
0.0386186993745651 0.0179250310192495 -0.02727475991756 -0.0614504347101576
0.0396507897834118 -0.0146146481186739 -0.0775266129744838 -0.0259502168671273
0.0234674213791955 -0.0303218939805388 -0.0697667043650806 0.0403517746623362
0.00312809693414973 -0.0389951504085969 -0.0247594037389049 0.0580873778001408
-0.0176157515233029 -0.0333009949719925 0.00512797867627202 0.0439071851138134
-0.0208390145309106 -0.0301014339496487 0.0187712235849799 0.0307806516418788
-0.0231272480697663 -0.0350580374837443 0.0287212090210034 0.0194983232025859
-0.00280767586865088 -0.0520103548396258 0.0359572628689299 0.0189211177192942
0.0298220344242063 -0.0445969659285316 0.0404288730536714 0.0288724341127896
0.0581422961961989 -0.0271079907047849 0.0324741069675341 0.0563796179834876
0.0622136243027168 0.0289050274243422 -0.00150088107199281 0.0733902728574311
0.0273485266757763 0.075951039812157 -0.0386812119565926 0.0626931732829738
-0.00856059681868535 0.0909863870252901 -0.0316043518423514 0.0522993071591133
-0.0196961548944234 0.0823574144574656 -0.0200613523630157 0.0161630960742796
0.0149181653676668 0.0792339945617337 0.0364091337138121 -0.0293726029441005
0.0542485846331895 0.0382578038064054 -0.0144832555546071 -0.0722626750852059
0.0626099637730391 -0.0167672546646833 -0.0689300299297042 -0.0405876704298822
0.0363493485674842 -0.04439128249317 -0.0680120709296205 0.0224831503402955
0.00681485180138511 -0.0545953794629488 -0.0286388891581447 0.0397849864569259
-0.0215365974950459 -0.0463554128150821 -0.00337560467544057 0.026828852335782
-0.0270297383183894 -0.0381274852716125 0.00785778429870802 0.015837413086507
-0.0291324753709919 -0.0416263862017329 0.0190965009275177 0.00259950147932846
-0.00610466055022537 -0.0613551174595649 0.0322852635054677 -0.00147258187094462
0.030042453841062 -0.0564940645335277 0.0471652929904761 0.00794561403276501
0.0663869279118336 -0.0401212227646396 0.0477376915111392 0.0419103028394543
0.0763479262634605 0.0276404133282375 0.017081374878823 0.0669503036212267
0.0335995296752136 0.0857045242189364 -0.0262957346867423 0.0520223652343308
-0.01072941058116 0.103271174979412 -0.0189168942330044 0.0221446479750431
-0.032520397237412 0.0837560917928818 -0.00381424840475875 -0.0173930180820247
0.00287576582494287 0.0941303840333553 0.0459673282751255 -0.0457064420122366
0.0568273061144142 0.0559662519311259 0.00324540876567806 -0.0797356996691493
0.0758499021732194 -0.0109958827756012 -0.0510087322082754 -0.0543078095968817
0.0454331227296906 -0.0487841687191129 -0.0582879173781811 -0.000170461972247759
0.010798936841418 -0.0611448269036272 -0.0301607144403113 0.0159764463049014
-0.0219480723288651 -0.0523912032032282 -0.0126919575724774 0.00632415928481443
-0.0292154283816751 -0.0410575634987354 -0.00360376867355304 -0.00155534215704932
-0.0310970146458621 -0.0418027819355816 0.00778244275481933 -0.0148812782517437
-0.00944857337265182 -0.0611635875298106 0.025253493735591 -0.0210295092882622
0.0266316866827288 -0.0584364482664036 0.0484382218459388 -0.0128854670825897
0.0654261229292406 -0.0446264272382483 0.0562811961479219 0.0255696919579869
0.0770082851477179 0.024624335238681 0.029649846029214 0.0560274011174296
0.032650833223707 0.0832463469110495 -0.0184356861819902 0.0396176644232319
-0.013822385412678 0.100025881325693 -0.00799850790838094 -0.00713791861861028
-0.0382506066317395 0.0695117409220065 0.0168772925330403 -0.0511088416642435
-0.0103425970073147 0.0883862652118469 0.0555818328094935 -0.0621371468566124
0.0456955654659158 0.0616513291247725 0.0209704502741146 -0.08127495740678
0.0723318245902441 -0.00171579410891911 -0.0293023171735521 -0.0624080755275629
0.0458409975941091 -0.043000561996879 -0.0424789471175648 -0.0213439963118813
0.0123724614010668 -0.0561244016471606 -0.0288602953917791 -0.0090860579970678
-0.0188028608929562 -0.0495244999987966 -0.0206414194097198 -0.0147207696482171
-0.0270537953173387 -0.0373675410893376 -0.0151345554888383 -0.0181024006944278
-0.0285623903863015 -0.0368330334360261 -0.00328625448434978 -0.0304731401560528
-0.00944682045760337 -0.052722005252523 0.0172783528614939 -0.0382577799336458
0.0227664102946721 -0.052339335112645 0.0467014618997025 -0.0299920369015934
0.0580599076137242 -0.0392937996340757 0.0601549422139053 0.0118620656160161
0.0669649084950673 0.0242967127018948 0.0360536301390096 0.0450725040052458
0.0232738720529038 0.0737635836130923 -0.0126817622987007 0.028163175198366
-0.0180137519141736 0.0829549641214031 0.00182540057176631 -0.0326823616321494
-0.0351291847905351 0.042251984127718 0.0366243427218117 -0.0774070368337453
-0.0187795232963888 0.0628642478936442 0.0626526395990181 -0.074272810547342
0.0268007137974078 0.0507142690656066 0.0344073472874781 -0.0789952816931508
0.0519810286199317 0.0035074201409306 -0.0105901764640139 -0.0638944051874819
0.035546934141712 -0.0301635995104607 -0.0275461797509079 -0.0371216796836764
0.0102332898024811 -0.0406999288731848 -0.026864593988214 -0.0296606388590269
-0.0136113897435276 -0.0364768398653183 -0.0276018221525719 -0.0315404023515715
-0.0207391267731057 -0.0274970600491465 -0.0240318449165378 -0.0323134265309666
-0.0220312254657095 -0.0274024418395986 -0.0122172926734548 -0.0435112911219518
-0.00757717862657404 -0.0393951423209474 0.0123311418449022 -0.0515109658082188
0.0175847218379651 -0.040378052588293 0.0462799115858577 -0.0418272235032415
0.0467723063544871 -0.027854612770824 0.0618680505761505 0.00260332376371596
0.0498875208241108 0.0249016798658079 0.0387074642544267 0.0365916316275756
0.00953059505535758 0.0579662063679588 -0.00829060936372183 0.0188182668782219
-0.0221373270456305 0.0559908955115886 0.0119224007907481 -0.0501259370477577
-0.0240730698888603 0.00719916359854186 0.0493801587784547 -0.0932055959522347
-0.019829261114905 0.0244072209022445 0.0633274274754775 -0.0811033451687275
0.00624175714943794 0.0258276868649425 0.0397252946799207 -0.0764500117575871
0.0218159046004602 0.00371041751649391 -0.00159983153242082 -0.0641281135593695
0.01586484309535 -0.0128502731902432 -0.0195842048944502 -0.0459743604296525
0.00483148589045791 -0.0183915710844964 -0.0266460885316045 -0.0413715071663557
-0.00646431799369724 -0.0175831673589216 -0.03224472233272 -0.0406833709926206
-0.0102855491018946 -0.0132108679197037 -0.0292734494110697 -0.0403036422306653
-0.0119680071916375 -0.0140125681554475 -0.0168309724230646 -0.0518391342321742
-0.00533348845228297 -0.0219429716668779 0.0105763922545645 -0.0607307854369279
0.0103686964110243 -0.0256437196013595 0.0483092463262653 -0.049211429971564
0.0312577675178638 -0.0146333570437963 0.0646372363548917 -0.00141943706954139
0.028209839969214 0.0227992326339414 0.0401870469263679 0.0330727737916251
-0.00313053083193694 0.0362900798777637 -0.00498406284268633 0.0145272467597243
-0.0233245731100471 0.0227453106387061 0.0208642735425229 -0.0582402566517349
0.015191642860517 0.00827469423765597 -0.0194635035617482 0.0712779727737167
0.00685368553373476 -0.0121462932179057 0.0238696376582217 -0.00578955369606645
-0.00839929552982158 -0.00884664813322226 -0.0400318109649223 -0.045151277040464
-0.0079408485884144 0.0058695217482104 -0.07982787394537 -0.00383171745350917
0.00140057368639023 0.00671843966919433 -0.0604654115930875 0.0599092361590292
0.00133310920919374 0.00162869286993202 -0.0118576421226163 0.0765494245110296
-0.000792868044715068 0.00180283020514605 0.0200281864645901 0.0609131855869959
-0.00104482048118492 -0.00209281331476783 0.0346791721273007 0.0459208571343341
-0.00494817271193039 -0.00347771854873941 0.0397592690164692 0.040571716542671
-0.0031571004250301 -0.00865006795157428 0.0356751468765798 0.0444387772891793
0.00473145560332756 -0.00707614227913246 0.0234820003016816 0.0515133879902874
0.00721284316415778 -0.00667867190433509 0.00573956968199282 0.0664023691024949
0.0136351777562504 0.000175859248418102 -0.0323111940145693 0.0761750343449174
0.0182858148377889 0.0128869840346846 -0.0668071081401818 0.0796524301798455
0.00927610870196466 0.02617962692943 -0.0522223640901447 0.0976820074777585
0.00890582593636298 0.0406091306524591 -0.0258499924947034 0.0654378915387376
0.0175369015241986 0.0183616896331162 0.0252194891964485 -0.00804525177294778
0.0162042348182116 0.00109771176673511 -0.0378331228313366 -0.0515432137443777
0.0146446816927665 -0.00725569938241471 -0.0824478886397744 -0.0107363205726649
0.0112347539510551 -0.0130083893476409 -0.0658448610755956 0.0558967906695378
0.000517118700607775 -0.0195704990066242 -0.0167089167887158 0.0724193913451815
-0.0115526945305202 -0.0165232337495035 0.0151858081495527 0.0559702203570033
-0.0132535168138038 -0.0173829036023627 0.0301708766134036 0.0414914995571459
-0.0157738469694833 -0.0221127279182034 0.0373769232443231 0.0328589722217775
-0.00237092796341267 -0.0349425588798406 0.0382668730520147 0.0353214972072127
0.0216834273325813 -0.0286084742012704 0.032420782416041 0.0446221211476159
0.0387776356866632 -0.0152412725428642 0.0182090414948751 0.0650191619753973
0.0410849089212491 0.0209404859749675 -0.0185255879281012 0.0778214677111646
0.0219733297591609 0.0523609409522584 -0.0530916964058883 0.0742241566076388
-0.000734323383214555 0.0656267787246763 -0.0427329867861983 0.0811939811178208
-0.00261118904758773 0.0682642607166715 -0.0270024060064957 0.0462645991220172
0.0223716906342154 0.051348551973844 0.0297141784136978 -0.0167528305704014
0.0405290276818354 0.0167265479747803 -0.0303844315351298 -0.0623741766766726
0.040114213366031 -0.0175699655589228 -0.081489857207095 -0.0232838655109935
0.0224746615819305 -0.0327078730176153 -0.0695073228144772 0.0449342806733813
0.00123383764686914 -0.040610033075149 -0.0228459677885481 0.0609950923646559
-0.0200464641368173 -0.0333761117773067 0.00731484824196409 0.0451404866033283
-0.0233302521913975 -0.0297491521484691 0.021111363068916 0.0308837221096808
-0.0259389395750368 -0.0351222971214728 0.0304546222557945 0.0190176123205221
-0.00559707704613653 -0.0536534939849074 0.038240976382279 0.0183033300101994
0.0290742018826114 -0.0481650716742554 0.043009282478614 0.0281920523860237
0.0590818637822065 -0.0308209222596264 0.0356304707376056 0.0566797467743808
0.0657018551885961 0.0277402506155575 0.00102347214513444 0.0759823064556504
0.0314015450274256 0.0779469134861458 -0.0379321417750468 0.0662069957638172
-0.0050923251039462 0.0938505055488802 -0.0309011059067199 0.0556114178247742
-0.0174147018751957 0.0852889500147004 -0.0195092026860123 0.0181028067287955
0.0190237952290987 0.0812152718551829 0.0371503202531414 -0.0311085690793034
0.0573349069203285 0.0367316696295463 -0.0172345544281743 -0.0740382226244241
0.063452572218854 -0.0205911265359943 -0.0723716530140774 -0.0396298591018555
0.0351490241704044 -0.0474976445967716 -0.0684040103515261 0.0262802405527352
0.00393041923479456 -0.0568006178654412 -0.0278535463270121 0.0423133323148064
-0.0248218991528499 -0.0468141881121835 -0.00266762650828663 0.0281213440972263
-0.0299918277996245 -0.0381928044150902 0.00893198686793226 0.0160566156284909
-0.0322228166037591 -0.0413752062430647 0.0199791490047282 0.00180012569408499
-0.0101523290528159 -0.0633466899269873 0.0335699818279793 -0.00266645555585042
0.0284525377182805 -0.0603468273287541 0.0493031209243558 0.00586267768087069
0.0668170483206873 -0.0452603460906215 0.0505729034987242 0.0417914227129173
0.0804136365076735 0.025001486905821 0.0199137320250481 0.0683210097496072
0.0387950693579037 0.0872471521640643 -0.0255025719658994 0.0547841613732786
-0.00730647288806164 0.106743086830358 -0.019537064849579 0.0240099340650009
-0.030372257871765 0.0875117767985067 -0.00420177284501258 -0.0177298766418504
0.00710186943879503 0.0969498340322912 0.0465672185943079 -0.0483573854865606
0.0606493988090254 0.0552923817513924 0.000869835636997628 -0.0820895699134552
0.0772277909682435 -0.0149087073004238 -0.0550851480638818 -0.0543645706615614
0.0443166716786844 -0.0528064217877264 -0.0592777779634218 0.00299706864975875
0.0076114028973008 -0.0635493984416346 -0.0306972354378417 0.0180079506314122
-0.0258929525006038 -0.0530607571804284 -0.0129425166961044 0.00690130725265954
-0.0323605953812107 -0.0409787145334423 -0.00405693399851865 -0.00107028733699598
-0.0344198297413739 -0.0418233919930632 0.00738261439759231 -0.0154509196506346
-0.0131119761861747 -0.0624538642466086 0.0254503178242373 -0.0226538644408279
0.0252532959998878 -0.0621514922829612 0.049325885046587 -0.0157421364263076
0.0648217365758447 -0.0495882596586811 0.059372787212552 0.0241522624409936
0.0810359452267134 0.0220635258003964 0.0325540696104525 0.0561247085186658
0.0374904861643647 0.0852138888755004 -0.0170687739251923 0.0417024960282068
-0.0103278358961568 0.103586414730632 -0.00926028266024923 -0.00692861508235427
-0.0369374869231694 0.0731683906841875 0.0159804373944631 -0.0530976858926666
-0.00690704993788612 0.0920213744898738 0.0553152976425217 -0.0655834974644756
0.0494942008924843 0.0618047054574217 0.0191432040000094 -0.0844001319846008
0.0743147648034969 -0.00496056574553042 -0.0323897794070551 -0.0627167729534675
0.0450500258573746 -0.0467445029957235 -0.0441763288374389 -0.0196132793240871
0.00934626689961923 -0.0585927733403962 -0.0304318481200677 -0.00806103801448252
-0.022905853344833 -0.0498904557076577 -0.0226883273332873 -0.0144954114997431
-0.0299140358575975 -0.0370997765319786 -0.0163399463414944 -0.0175728265570134
-0.0312246067163449 -0.0367364190755339 -0.00509485651241066 -0.0316264923498982
-0.0126757285472831 -0.0542075608334414 0.0164746254454956 -0.040619633824431
0.021096060586462 -0.0552962256519567 0.0473071286578937 -0.0333844294989605
0.0576185871457451 -0.0435713037877234 0.0625718723976092 0.0100591448013078
0.0702549271964108 0.0222600609280523 0.0387983190857649 0.044317346804804
0.0275193824444486 0.0751106661616182 -0.0118247516623812 0.0292149451268051
-0.0151969109420887 0.0862021114909505 -0.000231324112379499 -0.0333710843976873
-0.0344929437652799 0.0445626968524062 0.0352628727019062 -0.0811494380686035
-0.0166667710952486 0.0658833004116374 0.0620882706835494 -0.0779232328281058
0.0290946310922947 0.0509372498241448 0.0325050697749829 -0.0825556646483334
0.0541804346607937 0.00130610908655269 -0.0126240740690788 -0.065672360231785
0.0344336798426966 -0.0323544842376008 -0.0292264568490477 -0.0368483082117148
0.00784294169771242 -0.0426527430394384 -0.0293218253360353 -0.0299174011118015
-0.0161057151316533 -0.0373580520597668 -0.0306007310067607 -0.0313539171089297
-0.0222894009795408 -0.0274401980680504 -0.0264230421874674 -0.0311276727712127
-0.0236227703473953 -0.0267468656353692 -0.0146174931561401 -0.0442440937221682
-0.00985901909756176 -0.0400814952387913 0.0102118491780627 -0.0536283150091741
0.0159522784223241 -0.0426799140363931 0.0457707482458422 -0.0456745456167789
0.0468448873921049 -0.0312001120305762 0.0642886738558772 0.000574281317883935
0.0524143900271723 0.023531630154321 0.041665754409721 0.0359197040719055
0.0122531820198463 0.0592967238671395 -0.00822943409886642 0.0201010255624457
-0.0205122185261754 0.0582486631679625 0.0092383461620822 -0.0517121204102326
-0.024872795507685 0.00838978240503838 0.0479315249460654 -0.0980360989970006
-0.0190724903350031 0.0257481512702646 0.0615521792561448 -0.085770419082342
0.0074824542198645 0.0261610042031366 0.0380993843411811 -0.0803334722397853
0.0226348929660524 0.00323182474120594 -0.0035655508414379 -0.0661389418766292
0.0158086445869385 -0.0142101221674516 -0.0223058243628359 -0.046430447223863
0.00389156367892781 -0.0189847491532482 -0.0299767799308496 -0.0415758681847679
-0.00752866255253247 -0.017677626692394 -0.0357085693006513 -0.0402006123629686
-0.0112783910718872 -0.0131230073332296 -0.0323006168937661 -0.0395096640367297
-0.0124891035119782 -0.014175562092889 -0.0202758434834666 -0.0525290707938403
-0.00605745001636973 -0.0222167442640617 0.00797324131456636 -0.0632803112967085
0.00954664999219148 -0.0266504395418091 0.0479507043651376 -0.0534650890524843
0.0318022921421545 -0.0162213982455657 0.0671339653499284 -0.00482548292384487
0.0302405822015635 0.021782242499409 0.0427570984385822 0.0323866943501885
-0.0023137456641311 0.0373533074939936 -0.00474966435866329 0.0154517590307427
-0.023517556970335 0.0242262407457673 0.0181944169610552 -0.0601802356488793
0.0106249001747529 0.0141235132685297 -0.0490640249682306 0.0559324788260794
0.0110219546539952 -0.00790425902244137 0.0244748774569658 0.00590738922838513
-0.00398650707378238 -0.0104677179254144 -0.0161722624664297 -0.0585480371530682
-0.00895382676217178 0.00282083822823517 -0.0719161693149867 -0.0382245863405838
-0.000567366135001219 0.0072963960859642 -0.0806157751404964 0.0282313711505071
0.00109983112531368 0.00198183950277471 -0.0445668351171149 0.064456125486816
-0.00100744673426814 0.00170784944760184 -0.00834690511043542 0.0635007988452638
-0.000232544892409787 -0.00238770030735598 0.0120180303832628 0.0559505186018741
-0.00286519669210212 -0.00571245661978008 0.0189964618410236 0.0539088890046886
0.00123321046133151 -0.00962034537349647 0.0135310649852874 0.0554945435547158
0.00792968827504517 -0.00427241696343386 -0.00147707583977061 0.0570648969777048
0.00981375616668764 -0.00182955746538259 -0.0245471001240086 0.0617818781600817
0.0120098861399657 0.0075603140855598 -0.064426838732413 0.054253394247127
0.00982815452511032 0.0203138642812607 -0.0985343128705796 0.0420351752266223
-0.00288715438258829 0.0280194584242473 -0.0942866192251688 0.0632126167675528
-0.00953815957894931 0.0404083801468992 -0.0515226584530582 0.0477358840645796
0.00777565348740274 0.0243964861647766 0.0268386258142693 0.00311972232038481
0.0142220751116661 0.00913620454961436 -0.0112610905712988 -0.0641708723774801
0.0172088871685731 0.000487824893268136 -0.0710041908074478 -0.0466275027779707
0.0169033663511143 -0.00678324839573394 -0.0843980018928545 0.0213435172064677
0.00924674195926634 -0.0180986033390267 -0.047544629236494 0.0585376653056029
-0.00320706348984778 -0.0193554639099086 -0.0108925678280984 0.0575538603760749
-0.00421997333566753 -0.0217789424820213 0.00988386332080618 0.0501404172056573
-0.00494648276358859 -0.0269776318298638 0.0205847176872243 0.0455731716393914
0.0130439124466162 -0.0330545821411343 0.0203706317927279 0.0486766429623064
0.0328708847286569 -0.0173096685803639 0.0107667537210704 0.0551467239002497
0.0424494867359393 0.00420394296725284 -0.0120170260799071 0.0669265155969858
0.0274142301403319 0.0386522957245205 -0.053160027337219 0.062562787178373
-0.00369935170927879 0.0584154646302813 -0.0844884605015095 0.0433721547179661
-0.0297250475459412 0.0592069368084739 -0.0784303896042091 0.0524920514954312
-0.0328164345750293 0.0604115296285214 -0.0429394716766208 0.0304828963738656
-0.00292096766976403 0.0573981490148599 0.0350788657077005 -0.00328776221181316
0.0289778919999255 0.0342526389836813 0.000106872815368158 -0.0710851179743246
0.0437603759250622 0.00249127668281458 -0.064641378782452 -0.0584082124911939
0.0362240655150849 -0.0190026396028101 -0.0844798685053919 0.00917048462442542
0.0188387033046334 -0.0362351190068733 -0.0488227941010552 0.045698148706504
-0.003962793313351 -0.0390557580478105 -0.0136168215819684 0.0444304244386147
-0.00818648511568692 -0.0377126416674822 0.00561285598082179 0.0368100220592664
-0.00812620643277284 -0.0427199729261697 0.0200941698449594 0.0298721956630055
0.0177358639538337 -0.0519570319148339 0.0278135348323609 0.0325391567757438
0.047825863082385 -0.0320416194403673 0.0280460800518193 0.0446050021981546
0.0670487445762942 -0.00227575059110288 0.00837976527835264 0.0678745465154993
0.0473106362212379 0.055630126315275 -0.0338780987895086 0.0705593353856626
-0.00618667536258989 0.0855890221766848 -0.0674234802590575 0.0427682906229421
-0.0464035691302915 0.0829805181798784 -0.0556492127745249 0.0345772587018415
-0.0542595418912298 0.0691973966014003 -0.0230833581731328 0.00836476608257587
-0.0190468394344032 0.0828380377973717 0.0489466273252549 -0.0135256371446582
0.0354115956501102 0.0601120353516668 0.0174182561134966 -0.0764733327936833
0.0664587731816463 0.00987931510681202 -0.0488653298074131 -0.0700387941232392
0.0537557703781082 -0.02734137875253 -0.0752601605944404 -0.00724294710525837
0.0279695104990135 -0.0501555231685006 -0.0453975538996279 0.0266515974190022
-0.00277674503957394 -0.0532854158934888 -0.0154567440862161 0.0241583391102015
-0.011025868098359 -0.0481703116522081 0.00106413587725626 0.0186790097130795
-0.0118943711959049 -0.0517596283829233 0.017673063180189 0.00991722985365621
0.0169051140381112 -0.0624428980517598 0.0324350547682129 0.0116337839291856
0.0528603458219791 -0.0433869781891688 0.0437051201085255 0.0268645104111622
0.0800419682787173 -0.0117099877498408 0.0297199457986251 0.0613506600222214
0.0616811062636077 0.0595339759557148 -0.0127054999508758 0.0724403451542435
-0.00359426959567179 0.0975201522470133 -0.0512030907811201 0.0375228048654642
-0.0533703232975519 0.0935512576638021 -0.0307010242302772 0.0114320401214487
-0.0677584000648565 0.0653649471218856 0.00687867308444028 -0.0168418791621656
-0.0374051458646069 0.0926694838745077 0.0656547156257894 -0.0249188995663082
0.0299465452312166 0.0782965784368057 0.0380674449045385 -0.0764523720737624
0.0760766487273154 0.0210444903261971 -0.0259878221011437 -0.0755313087155285
0.0636233327208745 -0.0275656068716854 -0.0568150125748889 -0.0252237501906605
0.0341912869219607 -0.0547415874527062 -0.0374902291722477 0.00219306479677776
-0.000871904983746375 -0.0598071416305056 -0.0157364233549477 0.000690435911230207
-0.0118710020152721 -0.0519019487249594 -0.00336851813664469 -0.00242833530397903
-0.0134525896636155 -0.0526078462329073 0.0137063393997062 -0.0112516353757572
0.0141795131156805 -0.062937176486381 0.0334936051444982 -0.00984863769580797
0.0502392210947968 -0.0466271470019044 0.0534066185071773 0.00728009924013547
0.0804298638899824 -0.0169974229701808 0.0452124989264017 0.048848252598039
0.0636488469442906 0.0567492032736152 0.00431247447266412 0.0672673215913628
-0.00391376915283008 0.094342927929176 -0.0374900200860954 0.0302804198221209
-0.0549409894679152 0.0889997809273727 -0.00712143725981939 -0.0113456495212291
-0.0675572553379678 0.05002224498794 0.040855662031184 -0.0399507232744182
-0.0482935543085832 0.0816144420840111 0.081829755234644 -0.0362935498598431
0.0162308414893214 0.0790901920380094 0.0560230740213613 -0.0696284326633916
0.0687535006723409 0.0284336713144944 -0.00144212402527152 -0.0734600429595154
0.0610511622600079 -0.0214951246410394 -0.032697515915038 -0.0392232408234426
0.0334920437877612 -0.0497143081231474 -0.0256553799686466 -0.0213483029707064
-0.000183673307927466 -0.0558000688051592 -0.0154962963622693 -0.0227756140112735
-0.0112084262793701 -0.0476058428403863 -0.00786883516479558 -0.022595904901755
-0.0131236707542478 -0.046617680828702 0.00927316751314397 -0.0306410170115303
0.0107599821031525 -0.054935762945243 0.0328877357860844 -0.0290940462797248
0.0431879616377952 -0.0422752277751716 0.0588375067917915 -0.0099737351616444
0.0710763133739821 -0.0148088384329039 0.0543590993734473 0.0373339503568231
0.0541784092162772 0.0516117271383367 0.0152870339695739 0.0595361507360757
-0.00821567703157537 0.0807978696030934 -0.0267752808107281 0.0207723226411737
-0.0514650911361698 0.0715172895682231 0.0139168704563559 -0.0311003894492535
-0.0527093335830492 0.025117537514192 0.0705002951781936 -0.057651164053243
-0.0458479425549036 0.053307464332619 0.0927838383774159 -0.0443247589547796
0.00293537112574183 0.059965530710523 0.0675203701439145 -0.0613481467099429
0.0474046010047308 0.0256035570883202 0.017987454861095 -0.0665228725784752
0.0454914191910116 -0.014113207043793 -0.0114161998631653 -0.047882437676945
0.0255001458617661 -0.0348891872677681 -0.014573790513522 -0.0408067153833189
0.000512250907461033 -0.0411345004739172 -0.0151477103610982 -0.0416784111410596
-0.00887042281009135 -0.0351278389562604 -0.0110866204844824 -0.0390209698650132
-0.0102136865548531 -0.0346047231584385 0.00597401142998497 -0.0465731751264193
0.00779823895886041 -0.0412195742719993 0.0323335070537476 -0.0441622822365828
0.0333615914247103 -0.0327810664915002 0.0628299846372531 -0.0216440819153754
0.055950349159611 -0.00824971551288615 0.0594370035024406 0.029584505009835
0.0376150964828652 0.044511261404856 0.021680450909903 0.0527731458783645
-0.014841703091633 0.0593639959415449 -0.0183642036129903 0.0140262604374179
-0.0441619931877852 0.0437013575670227 0.0316179283220764 -0.0427385147935043
-0.0275365106657684 -0.00296497375893076 0.0886276003134612 -0.0678574211292608
-0.0304133095578031 0.0155621806013465 0.0950320696982918 -0.050279272467615
-0.00624292238198684 0.0274016205813316 0.0713141516843683 -0.0556927689283103
0.0181894900728281 0.0131052785035966 0.0264321157359209 -0.0618296526514142
0.0193289423209841 -0.00570998169364238 0.000408331264487484 -0.0520899776070141
0.0113652902682375 -0.0150378852254058 -0.00940179154292218 -0.0516455640749045
0.000338805003739651 -0.0198810494829503 -0.0158803566345904 -0.0521878495322612
-0.00453090825168418 -0.0170939217495755 -0.01271030234219 -0.04874997093186
-0.00541028479919933 -0.0185897278083235 0.00351814108525082 -0.0554669701209906
0.00342439677988979 -0.0231836592301491 0.0342177501105967 -0.0534451677743601
0.020283741229951 -0.0207320547292324 0.0674948278136153 -0.0276123837608389
0.0359457682584826 -0.00139539375131881 0.063464076228073 0.0267593318249648
0.0178233124387491 0.0335457893261686 0.0240450263127088 0.0495362642867979
-0.0180827795674686 0.0329538937391724 -0.0129769762048202 0.0111708298160621
-0.0314427108315466 0.0113638986109982 0.0437966461760882 -0.0458497845268731
0.0102777801745258 0.0139006145848452 -0.0454025162142379 0.0578486856621547
0.0106062713363852 -0.00825349480572638 0.0243591215639168 0.00468189471154627
-0.00446470485313075 -0.0101777308141269 -0.0191236196244238 -0.0564161247444959
-0.00802589678195044 0.00283000626947878 -0.0726297391600404 -0.0337766337098866
-5.17625864064594E-05 0.00698441032508827 -0.0779774685264139 0.0319137295805064
0.00108369093822119 0.00211838260000376 -0.0397293387614768 0.0663033373794618
-0.000617361443281914 0.00153988913780406 -0.00420519285581038 0.0628253907654609
-0.000151801377144758 -0.00217140276800445 0.0152582436776914 0.0540337635215096
-0.00333960889672073 -0.00519642538671867 0.0224234479844129 0.0517285501709711
0.000594922480074997 -0.00939577445660113 0.0167848477669625 0.0541860181425101
0.00757967417639264 -0.00491502333015281 0.00093842367772657 0.0566130890884823
0.0100522202747566 -0.00224651432518403 -0.0210893911475737 0.0616261731225436
0.0123494741327041 0.00699550302452583 -0.0614708606792672 0.056017802726682
0.0109706507188917 0.0193568327839512 -0.094816399841379 0.0461705921127032
-0.0016419479656241 0.0275674903183411 -0.0894493528440929 0.0670735374009146
-0.00815531067887709 0.0403018584057997 -0.0477555237530996 0.0498358441467172
0.00857518888312682 0.0240850171327692 0.0273244851575112 0.00228951402674164
0.0143739402588787 0.00825406915302341 -0.0144533934113638 -0.0619510398921102
0.0168164315754773 -0.000949711074342726 -0.0722577997783444 -0.0419711687620805
0.0162466558820309 -0.0074770371770092 -0.082015086488796 0.025649981524431
0.00791211898854406 -0.0180266132346737 -0.043241417916102 0.0603701259999352
-0.00436344330596041 -0.0186745080222677 -0.00732888380093792 0.0574373969556734
-0.00550731186210705 -0.020910199357078 0.0130167369193392 0.0481240673024464
-0.00646673268420995 -0.025944210533196 0.0230023834964359 0.0435228079631634
0.0104060368328259 -0.0335677546545464 0.0227540258594264 0.0470450418406701
0.0317861772919989 -0.0191549030402149 0.0131629164412277 0.0544304213848148
0.0417282227534446 0.00165575231447936 -0.00828697369128963 0.0663070523188941
0.0294612340914067 0.0366383787375448 -0.0492725360305229 0.0635347040202776
-0.000642435275620012 0.0575213501855298 -0.0808977375105849 0.0466691336569023
-0.0261594483472106 0.0596497496482017 -0.0747725406533263 0.0555701410042918
-0.0296232927700968 0.0607905670816867 -0.0404281720945507 0.0324520115297951
0.000486438753461083 0.0569638518896543 0.0352575665544473 -0.00466590446318958
0.0300154759766008 0.0319161911444922 -0.00318174855602834 -0.0695597925922404
0.0432373126315861 -0.000538555085610137 -0.0664073427437909 -0.0539023972986394
0.0341768824981272 -0.0205805233941474 -0.0817993829102612 0.0139895817962607
0.0161450043393382 -0.0367593257563676 -0.0451374106760761 0.0478728274789258
-0.00680499475999274 -0.0376982907614159 -0.0110911853153594 0.0443349672826102
-0.00998527083152895 -0.0363771882172104 0.00789438185113621 0.0359273136701913
-0.0107186176660303 -0.0414493764572512 0.0214839048966884 0.0282352004768976
0.0141227001145319 -0.0524178650969636 0.0291610242030794 0.0308836084939966
0.0455324144238651 -0.0344780598179369 0.0300677336010831 0.0427035803686216
0.0660068121532368 -0.00561930588798881 0.0118463410174854 0.0665484531195027
0.0496478087059597 0.0524202087881513 -0.030138906903022 0.0705332264682336
-0.00150724756916159 0.0850153889352306 -0.0641292655881433 0.0453750474285146
-0.0416373235503159 0.0838169390714309 -0.0534526068890666 0.0375633465197573
-0.0505482725876756 0.0705814142586639 -0.0218460741908476 0.00934049575754361
-0.0143155049096905 0.0824921997399102 0.0479020243231024 -0.0146246557829965
0.0373360608339681 0.0570865082054112 0.013621344111407 -0.0756254613360733
0.0652953634677854 0.00570107308641114 -0.0513333019420202 -0.0662824955554746
0.0506976531484193 -0.029869208343883 -0.0736760826435852 -0.00250625440574709
0.0242822269820027 -0.0506098391317877 -0.0434563701815874 0.0288956150814065
-0.00656448995581289 -0.052133567534333 -0.0144428976834171 0.0247280234821901
-0.0136254858255419 -0.046613020755731 0.00252849186495164 0.0181823600059524
-0.0145783215113455 -0.0498311939244588 0.0176325191396321 0.00852964571410003
0.0128951317696317 -0.0624379988924223 0.0327746548735167 0.00990959551994819
0.0494573746716047 -0.0463924293941776 0.0443940460672472 0.0241544832344296
0.0780042561840644 -0.016532424426786 0.0322871632563021 0.0589431265093091
0.0639887309411387 0.0552829385356887 -0.00938570194429131 0.0714354479826419
0.00150529011779317 0.0962507514641297 -0.0482214566104883 0.0400284386182419
-0.0480943242044904 0.0944453618294233 -0.030577339836356 0.0135207568111796
-0.0635051423874379 0.0674959755366236 0.00652691512436512 -0.0168714167032125
-0.0313215159328865 0.0933862019129976 0.0635269600039365 -0.0272286789102678
0.033010775629264 0.0752826409078995 0.0341609970134251 -0.0760278984881238
0.0753788662397173 0.0161701132310097 -0.0289121183573386 -0.0725208044254666
0.0609132515664297 -0.0306876116135495 -0.0564855909833775 -0.0210576574894468
0.0299404782105142 -0.0556057449158425 -0.0364619079678741 0.00464791520755254
-0.00522381987030576 -0.0583063094731893 -0.016231586510713 0.00147341039484318
-0.0146969208405008 -0.0501905765613546 -0.00381230190700529 -0.0020134918052158
-0.0162150030615044 -0.0504080376274496 0.0129072517034384 -0.0120907557030151
0.00979956794518457 -0.0627770152338464 0.0328506765796844 -0.0114052470554811
0.0466270521638119 -0.0494216145349886 0.0528794138531493 0.00442504165615499
0.0774096733402857 -0.0215105111203111 0.0472453578896458 0.0459953506554868
0.06596739494499 0.0521704778840248 0.00783046024066798 0.0654314801293818
0.00147981035750215 0.0933199903400058 -0.0352694734641311 0.0313605081848493
-0.0495332571735735 0.0900325951702371 -0.00820657023829077 -0.0107978228231089
-0.064010880403613 0.052026240347145 0.0386540532444727 -0.0412816952776968
-0.0429569108471603 0.083268576509747 0.0788451691154365 -0.0389345923689852
0.0202854706858798 0.0764838941861338 0.0520631357281278 -0.0704882112268101
0.068702313382466 0.0241164971304405 -0.00458599073242762 -0.0715861263717769
0.0586926399267523 -0.0251647583422103 -0.033080036172629 -0.0359505798185367
0.0294427044457949 -0.0505623013831297 -0.026259503526683 -0.0199010585844067
-0.00368030756922087 -0.0543498176963231 -0.0172140135084054 -0.021610998656882
-0.0138009650016094 -0.0458686364428768 -0.0092359798332593 -0.0213837614909541
-0.0152991184017829 -0.0446712261826544 0.00737412433796735 -0.0301166290180451
0.00751321935517446 -0.0546393661733488 0.0305876961704556 -0.0305480893261864
0.0402540403166988 -0.0444469885563619 0.0573348036485247 -0.0125282578172356
0.0686656400793298 -0.0189927668321008 0.0559452560629547 0.0341880940619855
0.0563903123634446 0.04755075983375 0.0181822091573168 0.0569945622713701
-0.00362909987055109 0.0800046169080122 -0.0255098483042906 0.0218491125764151
-0.0469123171588334 0.0723675237618766 0.01088096120506 -0.0311594659964678
-0.0510069125572686 0.0275176188580373 0.066492042710026 -0.0599520228882175
-0.0422069329560321 0.0550131606220186 0.0891220362915083 -0.0469184182258844
0.00566086745833881 0.0587435032590806 0.0642715563180205 -0.0628777614505841
0.0478463439652108 0.0222270490309417 0.0145946289441379 -0.0660873927689318
0.0432846101728539 -0.0164929005948899 -0.0126505787060102 -0.0462230497232007
0.0221911648181585 -0.0359653960160018 -0.0166702939882352 -0.039077810981541
-0.00228397436482292 -0.0402143412957452 -0.0179087793154127 -0.0398529733233344
-0.0104440656135695 -0.03379793817644 -0.0134621801770866 -0.0376839035458621
-0.0114781634573778 -0.0335765803086428 0.00271662298155783 -0.0451065923387828
0.00525305381864442 -0.0403723344857888 0.0299377302939038 -0.0453244801327594
0.0307945076271856 -0.0340117752271068 0.0605191370160171 -0.0246878399068641
0.0540126254736541 -0.0114877975320835 0.0602203771787388 0.0265218552951678
0.0393809153973379 0.0417368460889482 0.0235483221936764 0.0505546844621981
-0.0115187470978997 0.0592332297594163 -0.0176730663354388 0.0147766212436301
-0.0413569722772776 0.044854861875076 0.0277389540769634 -0.0435922731409219
-0.0272315117064455 -0.00138249077346685 0.0836058575721608 -0.070842822141
-0.0293731663782959 0.0167308797919563 0.0907864791434681 -0.0532060408089532
-0.00440652545451537 0.0271349165027733 0.0677608772896304 -0.0580943370814431
0.0181469905481846 0.0120729865392143 0.023581063181394 -0.0617567252937761
0.0186107658109789 -0.00638001991361573 -0.00146516312221408 -0.0511805355957999
0.010016281979182 -0.0148790258066 -0.0125808896016848 -0.050748105003365
-0.00112758766985085 -0.0187537951801264 -0.0190379134842787 -0.0500266006561816
-0.00545141858356379 -0.0167245317588956 -0.0159685705416183 -0.0464582252674168
-0.00652560379586018 -0.0176374173303803 0.000527183531523363 -0.0543528600834727
0.00232723757422656 -0.0229187144449022 0.0304624721628899 -0.0542210293962283
0.0184019336560592 -0.0212732041894178 0.0645464027475585 -0.0308934460404637
0.0350948435008861 -0.00404674987751141 0.0642080765410838 0.0232239230554353
0.0197500978494693 0.0319331713390954 0.0262105663844917 0.0471416890472456
-0.0162032538508092 0.0327417314633386 -0.0125682614750206 0.0116390511717735
-0.0304377170467297 0.0122117370589116 0.0396946092069135 -0.0468605233865292
0.0105243304692313 0.0134747771894878 -0.0421472619117574 0.057529147071736
0.00997797002667281 -0.00822649535055407 0.0241605565083786 0.00442200072296029
-0.00457537744446453 -0.00915631382759238 -0.020757683440765 -0.0536925286047114
-0.00800471864920028 0.00310353016129602 -0.0719991586447845 -0.0298435714295245
0.000229457870411942 0.00658085325478321 -0.0741641836836481 0.0337731311842071
0.0014303724680423 0.00226340152221679 -0.0355365885793776 0.0658753676000764
-0.000336982735909669 0.00167831041102357 -0.00149769332976157 0.0610427800976921
3.05322947288843E-05 -0.0023568684200344 0.0172218443678646 0.0517521751202282
-0.00360864070468097 -0.00476580193406682 0.0241973518068128 0.0490711267416558
0.000206417003422553 -0.00932098748864943 0.018757430768725 0.0524903279436636
0.00722291107655564 -0.00545353446295984 0.00303047675913764 0.055814718266309
0.00979996549480004 -0.00211263375458731 -0.0188077476815564 0.0601356372708363
0.0123762742667472 0.00643802103843566 -0.0584741919882278 0.0559578002995686
0.0111375445785455 0.018543990670972 -0.0904918514118375 0.0478940522096705
-0.00114557097323784 0.0269225507900849 -0.0842958257440023 0.0681231707577275
-0.00666892854940094 0.0396193076775945 -0.0446205377947144 0.0499994163129442
0.00963163866905851 0.023115529259178 0.0271220199183409 0.00204883107436851
0.0138683149723674 0.00765540696867934 -0.0159622569919365 -0.0589932159591461
0.0163671901368561 -0.00176855591099405 -0.071776029657683 -0.038512490859486
0.0157244785026025 -0.0080984439352344 -0.078066817297911 0.0279333681852522
0.00698514587222108 -0.0178793074007017 -0.0393355210485476 0.0604302957735839
-0.00492710094702249 -0.0180340306042337 -0.00496568310226616 0.0556925175875956
-0.00626460743641386 -0.0202375499971054 0.0144510590210419 0.0461620739514233
-0.00774029549267682 -0.0251227403186238 0.024466363078452 0.0415229905420788
0.00878200349230303 -0.0332006077266062 0.0244341007165365 0.0450900887245272
0.0303031483422661 -0.0200272734108141 0.0145926425056913 0.052553831927904
0.0407917303908536 -0.00014142475951575 -0.00603247136971154 0.0644337066560571
0.0302881507197808 0.034830815477032 -0.0466370931196367 0.0630080442310164
0.00131358946842487 0.0563956998064801 -0.0771652696423759 0.0484508687197489
-0.0238752344158849 0.0585456288476176 -0.0707447508980517 0.0570656210607497
-0.0272066416523674 0.0603344098189415 -0.0376751113605443 0.0328442992287491
0.00257660317763526 0.0552544769775993 0.0346947067476847 -0.00491797015032726
0.0300321604055691 0.0296886525649946 -0.00526280463934297 -0.0669753496865955
0.0416803873636945 -0.00267044824130659 -0.0660582307532671 -0.0501548434990551
0.0320318513798539 -0.02162488944041 -0.0783874459027182 0.017032421536082
0.0141247723228963 -0.0361524023052622 -0.0414113785234914 0.048252442037165
-0.00792551179066964 -0.0363772359561141 -0.00897733271985656 0.0429694242681235
-0.0113789914173307 -0.0349221347578911 0.00929506632030008 0.0345855254580373
-0.0125940152452961 -0.0395629110424581 0.0222439126619502 0.0266965001403976
0.0112918695033002 -0.0515911067922339 0.029995406751288 0.0293941218168076
0.0434307253206878 -0.0361880445291942 0.0303698478515525 0.0412465579685278
0.0639820197440853 -0.00849550469901752 0.0139022315347502 0.0644322122487346
0.050433068492089 0.0489008215793299 -0.0276832723935401 0.0690257104365793
0.0014616066465643 0.0827422238681081 -0.0608616873857447 0.0463730945908083
-0.0379094693154672 0.0829054994871006 -0.0510243935781753 0.0384998525651109
-0.0471494540234028 0.0699702266647939 -0.0201230379420741 0.0103251449376378
-0.0109996736813207 0.0812661950937513 0.0468879693343887 -0.0146950594391232
0.0377136711649218 0.0538564638588866 0.0112072783311475 -0.0735885804871721
0.0636107061363025 0.0028827700014066 -0.0519533042542493 -0.0619530510901724
0.047906916238278 -0.0307233068922544 -0.0708417600184009 0.000304782054686334
0.0212115540411544 -0.0504711476483884 -0.0402671153585079 0.0292585464547689
-0.00892067301087962 -0.0503760118940561 -0.0128208766733446 0.0246059085757615
-0.0150703579318786 -0.0447241767755048 0.00314199511949804 0.0175967297122053
-0.0160742781484757 -0.0472471761086935 0.0178740517766433 0.00738707351237144
0.00958730513704008 -0.061577361479366 0.0323876673552152 0.00900145012600524
0.0463796924528401 -0.0474921312480956 0.0438661825762292 0.0226425336530683
0.0749041377676261 -0.0194193779883475 0.0336336213369296 0.0556926981767837
0.0645951294788403 0.0514381715269254 -0.00716455620612173 0.069030311101239
0.00520008861056093 0.0939328370603812 -0.045603012765423 0.0404116418807257
-0.0435126363793101 0.0933666121187848 -0.0297279635277095 0.0144730684069757
-0.0602284380061601 0.0672455877447089 0.00572095486567609 -0.0162473561101619
-0.0272156399153043 0.0922424191207115 0.061433815089493 -0.0279771765619053
0.0347216590021729 0.0718396603470245 0.0313207329712511 -0.0745065678014093
0.0736787829738939 0.0127574810451515 -0.0301517646177907 -0.069676180741107
0.0574050675961395 -0.032355477064443 -0.0543829629366693 -0.0180139719439356
0.0264590424444515 -0.0556286374966489 -0.0348044798558766 0.00544904028431051
-0.00781752483404848 -0.0561110028045947 -0.0159661723282845 0.00197356150133626
-0.0165840600414356 -0.0477066493180123 -0.00342792823650862 -0.00148496867177086
-0.0177789870864019 -0.0482028834033428 0.0121013943131739 -0.0120344237511915
0.00715976267159819 -0.0611113598486649 0.0313359449515817 -0.0120293977807668
0.0436671993973762 -0.0502317275313777 0.0516471593473487 0.00214742283163598
0.0742626489272913 -0.0240807724579987 0.0481144606824106 0.0432003787094376
0.0662872375491501 0.0486435477039836 0.00914355342853386 0.062458064969733
0.00504406126581186 0.0912014376724058 -0.033380771949104 0.0315769387156553
-0.0452299351394422 0.0893355882014008 -0.0092409100647249 -0.00952952377723876
-0.0606196692298285 0.0524995849531748 0.0365187083898138 -0.0413338857658861
-0.0383595128494071 0.0825231272838224 0.0758373889652616 -0.0393408929050206
0.0219717002784256 0.0738112547298771 0.0486890909798506 -0.0696688836369818
0.0671910587149664 0.0203660626836701 -0.00605073568203399 -0.0692559227333277
0.0555408887723458 -0.0269388429202382 -0.0322939195737625 -0.0336838677077824
0.0263703149207307 -0.0500467361856521 -0.0258365398469704 -0.018536805107521
-0.00604247876555415 -0.0520451008368895 -0.0181202026223301 -0.0202756133260931
-0.0151532341498709 -0.0434631371119662 -0.00975529618411092 -0.0200419932597594
-0.0168065306015869 -0.0423082854788121 0.00607669868646898 -0.0296870556454478
0.00502965815605474 -0.0532012162528389 0.0287620958549799 -0.0308620636855635
0.0372659324978241 -0.0447032343066976 0.0551718062210773 -0.0148113513401109
0.0652316205456149 -0.021602575511665 0.0558208884286078 0.0314631992660338
0.0561464210766164 0.0443401173382539 0.0194390041142445 0.0544860039067417
-0.000628072364632728 0.0779619246428018 -0.024361133430285 0.0221964772341888
-0.0430962687968291 0.0717486289110961 0.0088469393627363 -0.0300639144129042
-0.0488248082730567 0.028214949168928 0.0630024445552467 -0.0599183614340054
-0.038740919558116 0.055105302343503 0.0850526781962847 -0.047883832963252
0.00764867538472217 0.0569605214724304 0.0606256449006845 -0.0626192006160945
0.047330879460316 0.0197832886429916 0.0127093412817461 -0.0643032868562038
0.0409863948919221 -0.0176172114186583 -0.012646475445849 -0.0437065907541806
0.0201300079956292 -0.0357101295746507 -0.0180312484801563 -0.0378710414806432
-0.00445629615579558 -0.0384766920253609 -0.0195035649298973 -0.0381342943305568
-0.0116582844242709 -0.0324500243748235 -0.0147258242319336 -0.0349783028022419
-0.0129549502437922 -0.0316532703918483 0.000918673871279969 -0.0435507953261037
0.00335525132239788 -0.0394816948541018 0.0271905009095686 -0.0445780496526729
0.0283126750441702 -0.0343210131341801 0.0580334900049555 -0.0262880073497808
0.0517121830456865 -0.0138514667014191 0.0599739529940063 0.0232648682480341
0.0395791456026069 0.0384876994005851 0.0249223937567027 0.0477256034717924
-0.0088305744195742 0.0578391161504398 -0.0170190060778547 0.0154141680473349
-0.038377314641131 0.0446649537922612 0.0244443936694894 -0.0430405733631541
-0.0263390358254985 -0.000408298755249228 0.0793423902656211 -0.0712765447452251
-0.0280212810001758 0.0173745652205443 0.0869057671702923 -0.0541340335969952
-0.00360828013418497 0.0262972077346514 0.064266708597556 -0.0581590895830261
0.0182251157126617 0.0110123255843864 0.0210874168434904 -0.0605844323105219
0.0175173514996901 -0.0069828711732815 -0.00261107949894411 -0.0499966989482859
0.00905408153906914 -0.0152902064243851 -0.0140329609467049 -0.048890526046082
-0.00150633240269995 -0.0178546678508247 -0.0210650995024677 -0.047645683902124
-0.00587239193264234 -0.0157577866163673 -0.0172620108095706 -0.0438549219094773
-0.0069251659954329 -0.0165931779775321 -0.00197958663483287 -0.0523723427571532
0.00143107609134899 -0.02187786543574 0.0275271932719631 -0.0539010411144213
0.0170786538532991 -0.0211477484664183 0.0619618504410616 -0.0325303417246905
0.0333273999336366 -0.00534150010255643 0.06364415786819 0.0203373645612189
0.0201253310801277 0.0299508517552329 0.0270143177364413 0.0448349663236516
-0.0149862666376179 0.0326086045338023 -0.0121405019576178 0.0119333021003049
-0.0292371622762961 0.0129367761151665 0.0361017675928668 -0.0467762137724036
0.0105439239782517 0.0136360041661077 -0.0394769846924498 0.057197238135399
0.00969465291614462 -0.00793740784415924 0.0243675703378188 0.00401907994932756
-0.00447509475461506 -0.00923641564264931 -0.021047441437992 -0.0516500545220383
-0.00762021642002217 0.00275872021193235 -0.0708883918621847 -0.0277242864243422
0.000502794217681727 0.00661869777165569 -0.071527264832855 0.0344429519632048
0.00183540601741494 0.00206991005278763 -0.0324862733532326 0.0649900989776547
-0.00032592823971312 0.00134068463113103 0.000278913072442395 0.0598306657151995
-6.39775019577E-05 -0.00266588669117464 0.0186338772259178 0.0494334330725833
-0.00357720816743586 -0.00478994133086516 0.0250009178298575 0.0473048247476663
-0.000196665387861766 -0.00913224332878388 0.0196506214319066 0.0508934870000554
0.0072169200169664 -0.00589517124877248 0.00413240506458807 0.0546243971482804
0.00950229619656954 -0.00222738173296023 -0.0177365275667295 0.0588557131814859
0.0125169712849259 0.00626837653186166 -0.0566247406030165 0.0553533042841189
0.0112423847419118 0.017730888976713 -0.0870259801279636 0.0481899834440203
-0.000669587558386146 0.0261703650994302 -0.0809306429573077 0.0678525996436852
-0.00624598310437425 0.0390220762701617 -0.0422845495864827 0.0496960311081254
0.0100151077075208 0.0221598803787427 0.0271674596736062 0.00182581852694186
0.0141075538975816 0.00707059636625909 -0.0165559497468664 -0.0572211054796661
0.0155222129611836 -0.00228263868715119 -0.0708938367538089 -0.035665501496918
0.0151626510635494 -0.00869526141173864 -0.0754074639418087 0.0289875447500084
0.00649647981323528 -0.0175305650773327 -0.0364484431359982 0.0597925545218963
-0.00509488156052565 -0.0178364170775528 -0.00334901923061714 0.0543773074203622
-0.00642833876596517 -0.0196005798559835 0.0154647018460117 0.044555740078602
-0.00812400536501252 -0.0240497413673708 0.0253175829471601 0.0396213853694202
0.00766610775370876 -0.0325764351142541 0.0253896027831874 0.043448600331779
0.0293440053920084 -0.0208813017821873 0.0156528784339023 0.0517020534957385
0.0399513539509535 -0.00112834215948795 -0.00495259727631097 0.062773056385028
0.0305568626777074 0.0338389280369843 -0.0447740436084822 0.0619576376832519
0.00226355533986854 0.0546184187674756 -0.0740300686638744 0.0489392216529893
-0.0225283153596199 0.0575416753818298 -0.0678330506020458 0.0568138616825761
-0.0260145378329756 0.0591664659153189 -0.0357704049196282 0.0331198836485798
0.00383503398714355 0.053930674834335 0.0345618487611209 -0.00451845651421631
0.0297117806708845 0.02815101686709 -0.00621395851733772 -0.0645273339992358
0.040500513544361 -0.0037764424346085 -0.0651487749327534 -0.0477480672950732
0.0307624219313361 -0.0224421656756896 -0.075614455456577 0.0183094744385651
0.0127807548430117 -0.0355225991941398 -0.0391193963919917 0.0482282196279108
-0.00851260931986278 -0.0351244867616927 -0.00783887293281175 0.0421915541671304
-0.0117425522557666 -0.0336770184035033 0.0104112540378632 0.033028920530702
-0.0131458605822769 -0.0381459902931182 0.0226208320931046 0.0249379250824063
0.0093419184075614 -0.0507997078485681 0.0306127562150998 0.0284060490277084
0.0412615857252018 -0.036664605004395 0.0309917885514819 0.0397754409928172
0.0618614018194298 -0.0100311147863077 0.0147004464135251 0.0622105346099092
0.0508059997682626 0.0469397568038659 -0.0262507617772866 0.0671706540050731
0.00327847734498255 0.0810984454151254 -0.0586274439824883 0.0463949920441735
-0.0352529169956307 0.081046227888507 -0.0494287800803208 0.0390126415459456
-0.0451130255815678 0.0692137612828664 -0.0188215163719984 0.0107890042310542
-0.00852453506957914 0.0795201243610778 0.0462791068586241 -0.0147866883575192
0.0380647508577425 0.0517539937572479 0.0102334149989868 -0.0714553137266553
0.0615879487799452 0.00105640571287517 -0.0517180259754166 -0.0592272626920782
0.0455798533362063 -0.0317374965780231 -0.068080286142223 0.00194408796768509
0.0189508233446871 -0.049669189433953 -0.0381651457187395 0.0297391949944116
-0.0101898599797376 -0.0483887028501859 -0.012572804422143 0.0242125301054918
-0.0156893206284702 -0.0429939149826745 0.00337679033770068 0.0170846522880604
-0.0170422460316038 -0.0454532284823365 0.0177376676022245 0.00684982447035722
0.00750569043094915 -0.0602577559497411 0.0324340369385401 0.00805517666589801
0.044031554392857 -0.0479449226367111 0.0437011102896284 0.0208296855626043
0.0721285107757456 -0.0209195350231368 0.0344782165913806 0.0540246229252064
0.0643469035783059 0.0488222826115226 -0.00583818511293986 0.0667458261649997
0.0065776192218116 0.0922318776881576 -0.043787375544656 0.0403791904624503
-0.040934453885854 0.0917408649243849 -0.0291784852045642 0.0152297018028907
-0.0575768665610625 0.0667145685497897 0.00607656402210882 -0.0157379277541428
-0.0242215542346178 0.0908023559087695 0.059864363122647 -0.0272957500660765
0.0348288985042418 0.0691758219983176 0.0296522371759179 -0.0729608072615309
0.0717463759607739 0.0102149156306017 -0.0300477016399558 -0.0670966120800215
0.055323301142897 -0.0331378196248133 -0.052407533385651 -0.0163173770726757
0.0236696489680294 -0.055008925745966 -0.0335840993676207 0.00624136600610299
-0.00953620428761285 -0.0542325324579581 -0.0160242270726701 0.00238673207747931
-0.0173088870140718 -0.0458917484907812 -0.00319252839201911 -0.0010147919029304
-0.018716841767112 -0.046053587791419 0.0109400238370571 -0.0118010323146226
0.00476952785623387 -0.0601136293979944 0.0307395243791128 -0.0121355023297307
0.0409286413116315 -0.0502322884795431 0.0506429533593323 0.000811987655925976
0.0712242579057881 -0.0259569368396454 0.0484182822534159 0.0413220628759106
0.0658434676208275 0.0454378289312137 0.0102981803919177 0.0608429484952639
0.00707684513836743 0.0889130863210158 -0.0323312184991389 0.0315269143908158
-0.0419843809604728 0.0877809998351143 -0.0100956666135666 -0.00847577208462201
-0.0586172795725551 0.052193385940143 0.0352903374359909 -0.0405835613740565
-0.0353663565839881 0.081604816049232 0.0735236299279005 -0.0387661613056675
0.0225580473756065 0.0713821425415216 0.0472452110056185 -0.0687296913620587
0.0657700508068309 0.0182398381232648 -0.00687382909130056 -0.0673089282394789
0.053378568613425 -0.0278962646568994 -0.0312760173938542 -0.0317711511974721
0.0239861737688367 -0.049532438329859 -0.0254584237018925 -0.0180456170928543
-0.00782697649664182 -0.0503508048048908 -0.0189505280869296 -0.0191562528212072
-0.0159291372174979 -0.0417734425373599 -0.0096042538465576 -0.0191480229259446
-0.0174522547239824 -0.0405129692510053 0.00472171569630853 -0.0289631935345031
0.00313892322542859 -0.0516876343541479 0.0274080556813831 -0.0303961925377536
0.0350189440537279 -0.0447868178950784 0.0538013340525199 -0.01579107440518
0.0625063545643384 -0.0231296146450382 0.0552075524093241 0.0291536678580509
0.0558580874073034 0.0414199339065368 0.0200443250362475 0.0522095122691603
0.00129335853696666 0.0759235087992185 -0.023419549202387 0.0221796463236246
-0.0405677636405574 0.0704212432245658 0.00724929815455557 -0.0289266494502095
-0.047116237127364 0.0284254527920995 0.0605436257451972 -0.0599763759716731
-0.0368209460253822 0.0545083662241325 0.0826283758921059 -0.0476691108572901
0.00830006489007193 0.0550397665686981 0.0585478344375432 -0.0621163244005796
0.0459345928327608 0.0183235436008696 0.0119266767796294 -0.0632933241811965
0.0393981217217964 -0.0182702970773725 -0.0127518365364197 -0.0426043806952962
0.0183389038199534 -0.035225163931291 -0.0178158044565685 -0.0368424815291231
-0.0051116797943007 -0.0371904310327861 -0.0207554344238308 -0.0363242152663027
-0.0120116369924941 -0.0310996554862019 -0.0153517394644743 -0.0330755778920789
-0.0131749482493871 -0.0302646457767513 -0.000275240481542119 -0.0423610417595231
0.00193606757978688 -0.0383913916326248 0.0255123002725558 -0.0439481399233853
0.026759337954096 -0.0341035471666127 0.0560643725164426 -0.0270153192659926
0.0493831553287424 -0.0147551644572233 0.0595719566869548 0.0217962143859434
0.0395875204967289 0.0367203275467637 0.0252719943874094 0.0456951538746493
-0.00737799670752886 0.0564230035619557 -0.0165035440016531 0.0152505031092895
-0.0367883918344947 0.0437591702208378 0.0220042822637102 -0.0416956888137216
-0.0259895606963421 -0.0001431420186205 0.0761073057987652 -0.0709866448494228
-0.0266577792464779 0.0174879856594497 0.0839170872343059 -0.0535133687117091
-0.0032027186976028 0.0257142276242562 0.0624269408692268 -0.0582128427991529
0.0176964850453205 0.0105296704023747 0.0199461158944104 -0.0592428242725821
0.0166340796795508 -0.0073092420739601 -0.00258338960320218 -0.0483710769279707
0.00823837541573403 -0.0149180001420983 -0.0151035792951476 -0.0479235550104476
-0.00213947268185665 -0.016944357605725 -0.0222981521695375 -0.0458719366679915
-0.00596056303789418 -0.0153011192328039 -0.0181614308854571 -0.0419831497790898
-0.00695067387463364 -0.0158226858401435 -0.00292936295371264 -0.050418602399996
0.000912187807136413 -0.021429114755779 0.0256416177640594 -0.0528295957606173
0.0156063260964982 -0.0208082524752 0.0595356304707403 -0.0332583992313847
0.0324702553906352 -0.00604643961563118 0.0628515582437153 0.0184247380514609
0.0199629251100209 0.0285550658515312 0.0273866660401733 0.0428600379933351
-0.0137433022796373 0.0316529325993474 -0.0120452498447301 0.0121063368020913
-0.0281401475870607 0.0127735202622786 0.0333454509911598 -0.046034651344116
0.0104212345547215 0.0134448670553274 -0.0379484564285424 0.0566841346220658
0.00966029559454724 -0.00804815797548663 0.0251843785387729 0.00360998770983588
-0.00410894368680584 -0.00876432446204371 -0.0207575839831729 -0.05011538697539
-0.00744075710404585 0.00299006712191815 -0.070389498569795 -0.0257999693767345
0.00059998610602192 0.00601608266553812 -0.0694209916900451 0.0350453858494012
0.00180133518216668 0.00191622754184524 -0.0300991338709859 0.0644831075966035
0.00019580845252086 0.0011354786310749 0.0018809161748691 0.058717968863706
0.00061530985912988 -0.00278335110388202 0.0190657752026945 0.0479236027199565
-0.00343408512010771 -0.00428387754944928 0.0262743073099696 0.0459335526887564
-0.00029828076281101 -0.00879618644372891 0.0209153145412265 0.0503062611237358
0.00725040991697259 -0.00601347440093766 0.00464394072884091 0.0540518542529704
0.00954581144318399 -0.00239711370676486 -0.0166174838897947 0.0576413663780827
0.0124384006515911 0.00605402120177225 -0.0560629942659856 0.055315311705031
0.0111817353509675 0.0167937007715433 -0.0845510977096898 0.0490998965193204
-0.000565343660179456 0.0253494554193151 -0.0780476277823896 0.068161014623205
-0.00554172657802044 0.0384808442168329 -0.0403665390367885 0.0490440412768762
0.0105830438585187 0.0218591100756024 0.0275963213589004 0.00147395110740811
0.0136176187845377 0.00648305747945031 -0.0169151401714581 -0.0554165660780908
0.015007714129969 -0.00277008755185328 -0.0705494802858285 -0.0338672523366031
0.0146243444211339 -0.0090253672665404 -0.073236002652583 0.0297697687632609
0.00612330055217993 -0.0173679148588764 -0.0343008201453594 0.0594330165455907
-0.005678124249842 -0.0170614032073375 -0.00170593878137697 0.0532172851804952
-0.00632428274856364 -0.0191022705579251 0.0162088241822027 0.0430021720056916
-0.00868364861525866 -0.0233858517893553 0.025635395224015 0.0385636864733945
0.00656749347852257 -0.0325384057937264 0.0262434905034121 0.0427014745482853
0.0286060656434068 -0.021443045759089 0.0163130053870952 0.0503835044207527
0.039420998583339 -0.00212969516676519 -0.00419610586095675 0.0617695997172964
0.030616201505913 0.0326352858324742 -0.0434946645619493 0.0612713674099018
0.00324433134939264 0.0544003373223195 -0.0719033034055793 0.0488027373655878
-0.0210668301046147 0.0567582069428917 -0.0656224953980046 0.0571607504916362
-0.0244452149549404 0.0583642916960184 -0.0340167077084825 0.0333483245040943
0.00515421281793737 0.053236074234658 0.0348805402902069 -0.00474543365848139
0.0293810705393068 0.0270100806731025 -0.00632904520829132 -0.0632317162323451
0.039268861880612 -0.00450132266018911 -0.0646402661230224 -0.0452849012678439
0.0296314089456002 -0.0229629685731097 -0.0730577928154007 0.0189256152520355
0.011587577027079 -0.0354161122949765 -0.0370256942391636 0.0478085848220219
-0.00959486028738044 -0.0339650785303056 -0.006843490660088 0.041592201525489
-0.0122460544092265 -0.033068521536945 0.0107516592197464 0.0322772587404999
-0.013656891103351 -0.0370316255476091 0.0227782649811393 0.0244230160276136
0.00778333567002218 -0.0503504661751787 0.0311519967326653 0.0274480367076763
0.0397745638180425 -0.0373112816960882 0.0311099717256241 0.0387071743151592
0.0609360975258214 -0.0110202772869328 0.0162883621857026 0.0609949849860889
0.0506968725520327 0.0454139320836821 -0.0254770087559706 0.066247480757344
0.00473446859399792 0.0798732539458995 -0.0566163792146349 0.0469022044268488
-0.0338065601590769 0.0800806364391185 -0.0479291485377562 0.0393495435958716
-0.0432970131768943 0.0683687394868434 -0.0179858874141831 0.010910275950631
-0.00683655055712217 0.0787247622289215 0.046420275168811 -0.0145844469870875
0.0374406254988104 0.0498239657788908 0.00933300945330176 -0.0697214995125336
0.0597539093768189 -3.91711883082677E-05 -0.0511001303893023 -0.057470278740756
0.0439765677466223 -0.0323672921197239 -0.0662530857528572 0.00355951561752493
0.0177874961378807 -0.0489940359351586 -0.0364245231157772 0.0297113652023011
-0.011090943190904 -0.0468321316368499 -0.011663022465489 0.0241159207972015
-0.0158380124354217 -0.0417640011608503 0.00428266090975605 0.016609126072502
-0.0179465967292462 -0.0439481882457089 0.0176447888253504 0.00662381016624021
0.00545934514122338 -0.0596637817738259 0.0325415581209486 0.00707212080204687
0.0423426066333302 -0.0487158460764078 0.043859537485908 0.0197739638685486
0.0700978725691692 -0.0222225426016257 0.0352878033473782 0.0524323017009396
0.0648123219427649 0.0463171013923764 -0.00519569141095485 0.0654494602750183
0.00893006910336204 0.0906884906317407 -0.0424025504492257 0.0402298618550869
-0.0382264852171292 0.0909179346413585 -0.028509783622935 0.0159509046100335
-0.0558593002724111 0.0662323682728383 0.00634904198491143 -0.0151078452913682
-0.0218433114597145 0.0896973695189994 0.0598217851829227 -0.0272511528578089
0.0354410519301224 0.067586938532011 0.0286896884254205 -0.0713413381202495
0.0702175559767901 0.00877066930276032 -0.0303004802979821 -0.0652088861688388
0.0533029184033113 -0.0337941569300136 -0.0505288736386359 -0.0151280014205256
0.0219351725137235 -0.0542157522495495 -0.0324441319949433 0.00606036155468907
-0.0112368331536074 -0.052652890880112 -0.0163749281213228 0.00274798544086632
-0.0181735664944128 -0.0444570635546951 -0.00314459822550541 -0.000766321147797898
-0.0193182732159359 -0.0445063546301359 0.0108890371195036 -0.0121505958120987
0.00299525698551684 -0.0588404098124196 0.0303916991165833 -0.0130064667460687
0.0391385918478186 -0.0512374343367623 0.0500910489383478 4.39869060168133E-05
0.0690899316899644 -0.0276788257372782 0.0484989837765181 0.0398298103154677
0.065742235875986 0.0431798579870815 0.0105348445153639 0.0592113518130181
0.00836816724016414 0.0874089903126945 -0.0309217045287581 0.0316370114867553
-0.0400153971347159 0.0865769299834767 -0.0110023348681029 -0.0081484291917356
-0.0563890265340896 0.0521886386049424 0.0343780885392289 -0.0399389340093439
-0.0331619963407211 0.0810357155713877 0.0718228742455864 -0.0390609119621712
0.0232042512493688 0.0695982839472751 0.0460584691982564 -0.0679513787397123
0.0646863735224398 0.0167139112379916 -0.00722421734935898 -0.0656532536214959
0.0514728215362053 -0.0287500286967644 -0.0299331617218956 -0.0306529514235622
0.0220672249024117 -0.0489582763455249 -0.0250323488467676 -0.0179135354999111
-0.00917641060835611 -0.0487003133667344 -0.0197592220717134 -0.0184337789480307
-0.016554490861732 -0.040243121791574 -0.00998700223271612 -0.0178565070992634
-0.018052938947867 -0.0390865917525313 0.00402808366942636 -0.0280775392755033
0.00168028772205277 -0.0506710294546495 0.0266605110285115 -0.030123859996095
0.0332351340045994 -0.0450531239421635 0.0526560819311033 -0.0164176206148397
0.0603278420998074 -0.0239264731248426 0.0554008968206317 0.0277937536975992
0.0553662331807934 0.0394420483803478 0.0200970868996552 0.0503159108102581
0.00236285033938166 0.0747620632697224 -0.0226598093386998 0.021907223651588
-0.0387655587254999 0.0694966633932057 0.0057287724460999 -0.0279656828498381
-0.0454696122140906 0.0286726529440624 0.0586845040586581 -0.0591996152217707
-0.034948126554453 0.0547343564485599 0.0805785129054847 -0.0470548531313446
0.00892568281551002 0.054113240875544 0.0568250063344682 -0.0618478383137853
0.045177469335052 0.017088194267345 0.0107895021939215 -0.0618696600716832
0.0380344505132214 -0.0189614723899902 -0.0120058498304785 -0.0421127405069827
0.0170108790462317 -0.0346959268263206 -0.0186311072188095 -0.0367805236059025
-0.0061132925952046 -0.0353904453056455 -0.021587035525497 -0.0351431091049797
-0.0126343503922705 -0.0304147864574073 -0.0156049239777585 -0.03181249723403
-0.0137732305824795 -0.0288423114688452 -0.00109563077675706 -0.0413650442488075
0.00087304359599771 -0.0372921489793254 0.0240429392507523 -0.0440258352643354
0.0254619200535778 -0.0341479967021736 0.0549849809750303 -0.0277520743506357
0.0474936522829279 -0.0156858312262832 0.0591896148571055 0.0204573593637428
0.0394014873351745 0.0351360100383413 0.0255565705505692 0.0443573603327393
-0.00593895259544523 0.0554802091515189 -0.0162067848872273 0.015486769744164
-0.0355003171973059 0.0431776347925446 0.0201623496481316 -0.0408229622267551
-0.0246719061925393 0.000139537488134533 0.0735422842053154 -0.0706950908672752
-0.0257189964680895 0.0169609160982669 0.0815662048472687 -0.0535204237337252
-0.00299269148324201 0.0251187128690517 0.0603153953204815 -0.0577629574544353
0.0177930718056007 0.00999381281495103 0.0195215607689483 -0.0576841981812655
0.0160149450757038 -0.0077458373723812 -0.00281682495419022 -0.0482115016066531
0.00763395964596297 -0.0145607579209413 -0.0163057862098067 -0.0472358632063168
-0.00231249583204059 -0.016926470286325 -0.022970293987951 -0.0445136912194193
-0.00618506252472878 -0.0151094957989451 -0.0186090131534319 -0.0398933255650102
-0.00719280075094032 -0.0151161431131167 -0.00381136453856967 -0.0493003431823954
0.00067023894327562 -0.0211276306027412 0.0240530672441221 -0.0521594336399421
0.0146821660073727 -0.020649502851729 0.0579323200886595 -0.0336779936919589
0.0311846541081113 -0.00623226262704134 0.062369132565466 0.0170055808819957
0.0200860385523207 0.0272829341059353 0.0277720609307943 0.0411155768292601
-0.0131407936329835 0.0311235598554693 -0.0118758768706126 0.012895910587807
-0.0276933716802436 0.0124650010593624 0.0309443616479344 -0.0451877797642967
0.00711280872566151 0.0141859520141831 -0.047155726586952 0.0483596256693665
0.010478113217828 -0.00579743734573996 0.0244450982034906 0.00903016086271058
-0.00155549249015083 -0.00934625487912625 -0.00997006887110273 -0.0518923049088285
-0.00637377504881076 0.000772159173922933 -0.0626294474813476 -0.0383696535945874
0.000490925129670318 0.00501621012714749 -0.0735231645080102 0.0204242766993594
0.00197288449823316 0.00145752868637197 -0.0412481422613738 0.056769118079953
0.000154581458204736 0.00100311918240728 -0.00940900024749298 0.0571934682608366
0.000701456374081652 -0.00263729101909323 0.00949175715327472 0.0497252464011145
-0.00247543148405671 -0.00499430791253833 0.016819671391332 0.0490191198518389
0.00118559714917836 -0.00902022650040307 0.0103817423282076 0.0522165881137773
0.00862322018871199 -0.00438076268900187 -0.00612729687852252 0.0527264544419239
0.010072719407064 0.00012674949573417 -0.0282970189537446 0.0518469165965605
0.0104985398299785 0.0094377292120184 -0.0654191639091847 0.0425137581711025
0.0073699527087088 0.0194913260641347 -0.0930290877762189 0.0309131414259045
-0.00611057954667675 0.0241844103580505 -0.0915692337691877 0.0503496586049779
-0.0128524727248769 0.0346651933450484 -0.0483585413685201 0.0410711319061295
0.00570767371698312 0.0228986798478242 0.0263487861666477 0.00725487156027177
0.0124431421411698 0.00932677759460448 -0.00519835385793968 -0.0554639593204291
0.015664287664766 -0.00032794332491767 -0.0607358478472492 -0.0458085702388193
0.0164031524512355 -0.0066171873364559 -0.0758373847750467 0.0152344947842668
0.00902256142330599 -0.0160788539167981 -0.0437193171811556 0.0513335800333017
-0.00177065620064085 -0.0170683919702762 -0.0122353638210316 0.0517858053790305
-0.00279378974918064 -0.0201227003253912 0.00735038863502741 0.0445414976192219
-0.00341735928056708 -0.0241351088522827 0.0177809940343986 0.0415853837467
0.0121010583888507 -0.0300225699158795 0.0173394146007451 0.0459029078700996
0.0323800727430932 -0.0154794011197455 0.00671991309474181 0.0513629403726488
0.0381682273356834 0.00660487656373512 -0.0155856479936577 0.0587102650842408
0.0227254975123193 0.0392784519026414 -0.0540436581781258 0.0512854155803015
-0.00789752558381454 0.0534990194548526 -0.0813913761377637 0.0337009896645775
-0.0330369823473242 0.0498928537725669 -0.0777664854905861 0.0429502037781147
-0.0352672975102171 0.0494480518400549 -0.039902269239276 0.0261439811479858
-0.00474849221220389 0.0514061552975904 0.0333066401867932 0.00176915672968834
0.0230963781617825 0.0320218584553683 0.00576653129448543 -0.0605435064813773
0.0380390851936885 0.00272129617832036 -0.053159499287216 -0.0554037929968121
0.0333477403525428 -0.0171422645888005 -0.0737609165682877 0.00544892843802198
0.0177121757598757 -0.0323690029537113 -0.043844445980199 0.0397839013306401
-0.0030359171808029 -0.0341608583380647 -0.0142562899471525 0.0391717868378829
-0.00575411805125908 -0.0346625127855923 0.00422002295926136 0.0327443894463486
-0.00600587831865966 -0.0381744381620571 0.017850627805844 0.0278753433727699
0.0165647161512218 -0.0469648660971409 0.0255005156607324 0.0319308010896923
0.0459861412276953 -0.0286117043163232 0.0234297078441557 0.0423154390316297
0.06040151076691 0.00197609205404488 0.0042904705533582 0.0616895379547849
0.0394046226633165 0.0556937876354195 -0.0367986151746566 0.0606766667931827
-0.0119282728003521 0.0785262122369415 -0.0660971202333935 0.0348253755127478
-0.0492409709236052 0.069604663526423 -0.0562088690144198 0.0289380841484989
-0.0547855655264221 0.0558366710718989 -0.0195767730000257 0.00791608080656384
-0.0203947777544693 0.0737259479114481 0.0456602099446899 -0.00614022417365382
0.0268474543726544 0.0552151664565647 0.0211636523070233 -0.0640225264474802
0.0567336638500524 0.0108460497442509 -0.0385769482839702 -0.0640687365000391
0.0481892433751518 -0.0229083803319786 -0.0641368703954023 -0.00838689164455983
0.0257216362775854 -0.0439721655480362 -0.0399701669049848 0.0219752624789477
-0.00227842114336126 -0.0464900145990312 -0.0162525340960204 0.0205518638760969
-0.00779806335170596 -0.0439959715906949 0.00077609911380093 0.0171167004108358
-0.00830757772091353 -0.0455389314295475 0.0160026987122316 0.00952303554390652
0.0163933924008004 -0.0559029784437924 0.030429034057903 0.0129544168853803
0.0503344204249352 -0.0386751540561678 0.0393421490603036 0.0261028281874421
0.0714849689714957 -0.00695995849533683 0.0252026067464306 0.0569911018687586
0.0522226071132337 0.0597498749045022 -0.0166264775320841 0.0637336289657932
-0.0102903386175643 0.0896791725433272 -0.0510211449201216 0.0321412119290044
-0.0560532630890274 0.0786914173793557 -0.0321811348276352 0.0104067011796975
-0.0661711287504918 0.0518511403724936 0.00802356178113917 -0.0128919684093192
-0.0369683510014438 0.0822320175769216 0.0599930137621149 -0.0159322485956959
0.0208472302359809 0.0715126921488641 0.0391987157058161 -0.0617696240735164
0.064599573151656 0.0216329750025494 -0.0167778919083849 -0.0669308494347626
0.0569196128499715 -0.0224745943218848 -0.0457170639679601 -0.0230262964565623
0.0310909272891438 -0.0475253543418821 -0.0315994759585561 7.37572210827531E-05
-0.00147746354952883 -0.0517949241785203 -0.0166594217279117 -0.000657030642775102
-0.00903888319297378 -0.0472240949917137 -0.00275333795539557 -0.00114873071033877
-0.00980729507241984 -0.0462953607751501 0.0132465507585678 -0.00911095583461669
0.0134476655792811 -0.0556832376687376 0.0328398223373706 -0.00670039359390871
0.0476862038816296 -0.0413531681460647 0.0499613569063082 0.00858540012902719
0.0710717795876749 -0.0120463885533207 0.0408572308825787 0.0470436527587711
0.0547754822069074 0.0566519740798354 0.000452399170320924 0.0605020966220166
-0.00994535305087691 0.0867686409634465 -0.0383308537465294 0.0252412654327143
-0.0564574564428024 0.0744085942908344 -0.00942201920419351 -0.00892449498346902
-0.0640138557517909 0.038772463577171 0.0400988779033287 -0.0318752557864355
-0.0455518211301508 0.0714520809060732 0.0749925147874004 -0.0254443387872141
0.00932535846925854 0.0715117272936716 0.0551981140213157 -0.0553717541743249
0.0575424866785915 0.0277796690800452 0.00475470077870417 -0.06366325575678
0.0542959579478609 -0.0170946027287275 -0.0231347383646644 -0.0347382182278127
0.0301031720158406 -0.0425041864986468 -0.0205975941063959 -0.0214964680282551
-0.000512053829854997 -0.0480371943979904 -0.0155607629096076 -0.0223245155052153
-0.00878989213766781 -0.0426848343941462 -0.00623013532149101 -0.0190351656915225
-0.00938144963883893 -0.040663488967099 0.00964157171407215 -0.0259829153417438
0.0110632018779554 -0.0485795882189331 0.0324395789401543 -0.0244533081979025
0.0408900226728914 -0.0367325425111321 0.0550954355071089 -0.00683123562457909
0.061820750040424 -0.0105875004098592 0.0500691828801711 0.0370657244123331
0.0455351538529263 0.0501223869745255 0.0114990576499795 0.0538707752011535
-0.0129262690368757 0.0727233388828418 -0.0277258168367449 0.0181287057131405
-0.0519361921892828 0.0585189819192693 0.0107924471215541 -0.0260744125487534
-0.0483910955587641 0.0191704142373623 0.067261704933578 -0.0460126404830216
-0.0425050228946746 0.0467151831919541 0.0850260940779533 -0.031997680945669
-0.00188115206770347 0.0541563084806075 0.0652225511163098 -0.0473652341695557
0.0392673542300393 0.0251460333475339 0.0220959098411568 -0.0560684457386727
0.0398707491836877 -0.010507698477526 -0.00308832448960276 -0.0421689895216893
0.0224215084188905 -0.0297114762130094 -0.0109991259538287 -0.0390876788278061
0.000469650112335104 -0.0352268867925997 -0.0142157210172337 -0.0386641042404132
-0.00660811167478813 -0.0317936529761216 -0.00846329256239015 -0.0329641498792417
-0.00684294208112067 -0.0303220057802364 0.00715847366863147 -0.0397394826664232
0.00816464384704991 -0.0355329652861291 0.0323072305266538 -0.0373294214983925
0.0309725511786948 -0.0273527855710391 0.058845612075309 -0.0174677975245415
0.0479940861919606 -0.00533128361138654 0.0550499092799821 0.03125029530382
0.0301373112535812 0.042602843020259 0.0174306720817885 0.0483689852408999
-0.0175844221472198 0.0522681817364002 -0.0200056564140838 0.0125645188329364
-0.0435250301452026 0.0342919409733234 0.027875932588 -0.035795653322258
-0.0238398817614203 -0.00338711833409892 0.0838542210073636 -0.0543866590218426
-0.0274784690773345 0.0134909208857625 0.0885215214393245 -0.0371329313544199
-0.00736748938984852 0.0244895976704081 0.0684768267648199 -0.043618482144475
0.0145169172157338 0.013545384845736 0.0298006561222553 -0.05157965234073
0.0167159279983393 -0.00327011513409988 0.00643102744162633 -0.0463841246447777
0.00998154762486106 -0.0117015719900367 -0.00694973214584277 -0.0491093880870747
0.000532608076574625 -0.0158447455048017 -0.0139791020948485 -0.0480491055764784
-0.00286672139135179 -0.0151958697461983 -0.0100721626455295 -0.0415446364106343
-0.00337248448864661 -0.0157056590660814 0.00597781259257174 -0.0482151087900281
0.00444796171469888 -0.0201076528864607 0.0335886789541423 -0.045206337785947
0.018195311245317 -0.0173001144742085 0.0631873981410233 -0.0221178374339546
0.030682089907941 -0.000174252941674686 0.0582021606415114 0.0282120738655465
0.0143321060062483 0.030775861302457 0.0193647647786236 0.0462177477124559
-0.0193413447643356 0.0272052006806764 -0.0148920465062605 0.0102167175791066
-0.0300889241511155 0.00665192936615357 0.0396067800661196 -0.0380782445272233
0.00704102295508686 0.0136195680992644 -0.0448951695171811 0.0480350264775681
0.0105244290496385 -0.00589224942459175 0.0242675520514519 0.0084593167135083
-0.00144210525530296 -0.00866227901180566 -0.00973489733156202 -0.0504845882206685
-0.00637246990971307 0.000782469416211453 -0.0619755639246385 -0.0365836444851558
0.000762836325729968 0.00463744145080755 -0.0721569349082704 0.0213517029137174
0.00204683975530003 0.00113894728048729 -0.0386703393297152 0.0553456628275405
0.000623204607726736 0.000596369163514027 -0.00803367501212789 0.0560159296086869
0.000696878795824778 -0.00343988251515707 0.00984451571962622 0.0480741488951907
-0.00192032024843188 -0.00475758015150451 0.0178098215306434 0.0472331489056351
0.00139524783824609 -0.00846170126192895 0.0114581939763457 0.0507151400042566
0.00821645081619787 -0.0046377801201436 -0.00529216393686749 0.0518100115928537
0.0102007391394272 -0.000110198262238928 -0.0270803903175909 0.0504841032592288
0.010686431608515 0.00957491985232119 -0.0635865888044934 0.0417096039619914
0.00738058952505084 0.0189725639133731 -0.0898246567294552 0.0305091182367202
-0.00586852700426012 0.0236362538619543 -0.0885345681244056 0.0506189848400707
-0.0123225253506029 0.0339600020870301 -0.0463475419732812 0.0408506592017157
0.00633724820253398 0.0225415903734449 0.0266662166176995 0.00646341846132665
0.0123489552258261 0.00876266909970344 -0.00553698107562004 -0.0538766295119009
0.0150472812090319 -0.000609819145618951 -0.0599879325555775 -0.0436762378048277
0.0157450413451561 -0.00701712595108125 -0.0734242007600853 0.0159488635525261
0.00834245262897591 -0.0163395571505709 -0.0412944695732117 0.0503732248356894
-0.00246617384810964 -0.0170026105189746 -0.0105507631220253 0.0507941151188658
-0.00292849016628729 -0.0200063404198376 0.00785218500467471 0.0433961896642599
-0.00362179786875745 -0.0234065231156876 0.018765621168075 0.0399720824163558
0.0109925562926068 -0.0295628969675734 0.0184760222108715 0.0446716346679769
0.0309910280284306 -0.0158469012695412 0.00718476742054095 0.0505867556628428
0.0374480684858683 0.00539141878457569 -0.0150123871610455 0.056852915013447
0.0225578054311447 0.0381575407796167 -0.0526619705949258 0.0509011445005559
-0.00708852816342419 0.0525139523418185 -0.0783782793532954 0.0340212064763242
-0.0313672008300666 0.0484151881916982 -0.0747884653233655 0.0428195320075001
-0.0342642539793188 0.0486148145774244 -0.0374765391042744 0.0262194798862854
-0.0034496764321357 0.0501385698120996 0.0332290151777462 0.00176812635224993
0.0229475290300211 0.0306006978038467 0.00486275606732227 -0.0586708986859886
0.0366904836148406 0.00163171618120692 -0.0528138656949951 -0.0533224771090286
0.0320288364154617 -0.0171077468461802 -0.0715874310548329 0.00611951052119258
0.016740162600981 -0.0317537333417758 -0.0419781981008822 0.0387172570514541
-0.00357290537189394 -0.0331500935132605 -0.0132491508117999 0.0383368459488765
-0.00605648115649338 -0.0336940704726279 0.00477506365400247 0.0321882874598289
-0.00629927186033477 -0.036773749319772 0.0180657696077111 0.0263450739644786
0.0151868756731997 -0.0461350105857688 0.025702127826397 0.0307262670940856
0.0443198313430862 -0.0291988465762435 0.0241278434454512 0.0416938937385869
0.0587918982003544 0.000626761740399071 0.00509427963460242 0.0602947281770792
0.0394190388072727 0.0534565184218598 -0.0358520926719865 0.0594525580957019
-0.0104885689256183 0.0771290636386931 -0.0637006883460928 0.0343937806835523
-0.047393933715681 0.0676427576804822 -0.0546247492806428 0.0295083283416463
-0.0530477806433207 0.0547871395691776 -0.0187227265143489 0.00811787700214602
-0.0183358898517024 0.0722170040754323 0.0449040184894311 -0.0060472260376111
0.0269843152250539 0.0536488441229229 0.0208328306864967 -0.0618277518594059
0.0551411401884997 0.00941339738064603 -0.0378845177286769 -0.0615560972201399
0.0470140903384052 -0.0233498724255217 -0.0617112520282278 -0.00739830761773038
0.0239840617777052 -0.0437224495345434 -0.0382145388318059 0.0215920681080604
-0.00352433962418955 -0.0450620550914514 -0.0154359513815821 0.0204351624657093
-0.00845545620389519 -0.0426700198953311 0.00111823455235345 0.0162789415150955
-0.0089662678630994 -0.0436954012111806 0.0155881450413408 0.00870738401395101
0.0144858240209924 -0.0545856846253592 0.0312542924033063 0.0119880586061561
0.0482773721483439 -0.0387730862902563 0.0392539248408501 0.0248933620392503
0.0691996128277639 -0.00853493127864462 0.0258962347415575 0.0552527916940958
0.0522477256688272 0.057294734358058 -0.0155180208334506 0.0622257662554736
-0.00850182867924571 0.0882207883169681 -0.0492757582510166 0.0318322881370688
-0.0538153650544317 0.0766059811858948 -0.0318825992914362 0.0110158074968953
-0.0637259928523653 0.0514846138264458 0.00804004431514061 -0.0126208343071926
-0.0341391199084103 0.0802120345571189 0.0589771495784735 -0.0158427832889808
0.02108750223602 0.0697675124771062 0.0381284008973761 -0.0604311552826772
0.0629180017808332 0.0196542525680399 -0.016914496200668 -0.064757744784614
0.0550673686722406 -0.0230762862146359 -0.0439259808471513 -0.0219754164344616
0.0289820353570087 -0.047048129960939 -0.0307262705362378 0.000106353435354882
-0.00239185618733368 -0.0505012143085265 -0.0159174382070701 -0.000607323380925058
-0.00959991301027594 -0.045410449284513 -0.00219211181779615 -0.00101681391569865
-0.0103307730902933 -0.044356151141159 0.0123570429177723 -0.00938764679867752
0.0120743980388495 -0.0548470232896647 0.0317681644776203 -0.00749782806133401
0.0459045530923548 -0.0418003821135407 0.0488636866969277 0.00704787044027936
0.068121160744681 -0.013472203559077 0.0412933654068094 0.04558723198738
0.0539910009316695 0.0538905600711883 0.000974972763457434 0.0581052021234503
-0.00818965997866252 0.0845989301196508 -0.0367047915485438 0.0252291775819991
-0.0541009452218623 0.0730014302706944 -0.00968001053402941 -0.00848575497362221
-0.0617673404309635 0.038560082633266 0.0392114369607017 -0.0314324643506632
-0.043221642665928 0.0711008611624979 0.0728193447524845 -0.0250730064816676
0.00964882653146147 0.0699688781447 0.0531457159583048 -0.0542782544121376
0.0564323014307411 0.0261487478123549 0.00507218653979312 -0.0613849761432225
0.0528977141788399 -0.0180925632653127 -0.0219695810231046 -0.0336179397936678
0.0283172171246223 -0.0419372835492245 -0.0204539306295814 -0.0213315156037477
-0.00127838661449545 -0.0462326141060144 -0.0159971642729232 -0.0211457358896114
-0.00942683273074311 -0.0415299557024543 -0.00618787969716856 -0.0180592760130854
-0.00995360753598911 -0.0389830234941139 0.00875481539213511 -0.0262205051667162
0.0098315088206163 -0.0473649410406055 0.0314727315867154 -0.0243955351128325
0.038839567442587 -0.0369822443797032 0.0538354253987303 -0.00789137807201241
0.0598464027308395 -0.0118040680530723 0.0500610388933486 0.0360047133139583
0.0449673468208552 0.0477631581696291 0.0119419687731104 0.0519577238753357
-0.011432065871647 0.0711910550038133 -0.0267257245232091 0.0177690244392793
-0.050256818773676 0.0573574035864672 0.00957566159830241 -0.0247273285455028
-0.0471083482786937 0.0193497798175443 0.0657016034266426 -0.0454557917367779
-0.0404855734476022 0.0460435850405258 0.0829367052605588 -0.0315996433043161
-0.000932986392685558 0.0528955593552249 0.0630449121232089 -0.0471022877811838
0.0385280715496238 0.0234049121468717 0.021193694300068 -0.0543266584646423
0.0382879490278386 -0.0111144270176321 -0.00330494995939656 -0.0406083187765316
0.0211082068327525 -0.0292729220091016 -0.0111547720757025 -0.0390202955970568
-0.000503218418541916 -0.0337282169131829 -0.0152212641980097 -0.0378245963938151
-0.0070951989774157 -0.0306256669312379 -0.00889684377116504 -0.0317330808310226
-0.0071753338606408 -0.0286956048072062 0.00630112032992309 -0.038816861386182
0.00735659783215705 -0.0347291044617808 0.0312453343422472 -0.0368621170029471
0.02905055908668 -0.0280245532665349 0.0570875104243968 -0.017831795845622
0.0461681646245334 -0.00641693944949733 0.0540432494823135 0.0294799348203851
0.0305782033719879 0.0402239624351515 0.0180105099860756 0.0467392692721166
-0.0164322947911185 0.051025358778106 -0.0192422315679018 0.0125219775096248
-0.041667959154391 0.0335637184134925 0.0257663741876326 -0.034771413903819
-0.0230830524773059 -0.00280065289946415 0.081697814435466 -0.0539849490211657
-0.0263077926539861 0.0135811267568574 0.0856575330617476 -0.0364597861178649
-0.00681483232155298 0.0245801248396588 0.0663841074968396 -0.0431359436937708
0.0144308505541677 0.0124949374809596 0.0288606320099084 -0.0498725557523067
0.0160800600046065 -0.00359326467473989 0.00617909138075332 -0.0457165123685458
0.00969033815114125 -0.0115114104363605 -0.00797019725547501 -0.0485705015434597
-0.000128666723136225 -0.0155213272432801 -0.0155527782608127 -0.0462102911168647
-0.00311149527543394 -0.0152128505739947 -0.0101740785363708 -0.0399080552045162
-0.00352817846741147 -0.0152082806981719 0.00539151249750504 -0.0467942221056237
0.00426393193382039 -0.0192978510780651 0.0317686552455977 -0.0444708520047383
0.017219179344278 -0.0165454782201445 0.0606747237038992 -0.02245949531153
0.0293212009338795 -0.000838539688532901 0.0571666463579346 0.027373831168416
0.0141171597876317 0.0294537409629194 0.019405330542129 0.0446570073465878
-0.0184951370260069 0.0264158222624378 -0.0147913691201245 0.0102446160493113
-0.0288100315675781 0.00589768193175845 0.0375355091063084 -0.0371416434866816
0.00696598202304885 0.0136071226382564 -0.0436970221331222 0.0472402116533545
0.0102110036519115 -0.00561777586124909 0.0246980253214789 0.00815902567060156
-0.00135955976193555 -0.00894062539482427 -0.0091757073551027 -0.049165733184412
-0.00590105317829288 0.00055974079994361 -0.0600413538306873 -0.0353502660572214
0.00071687158672859 0.00435659897827376 -0.0697215679908716 0.0206719894378989
0.00225787140450635 0.000541519672582473 -0.0370945116213122 0.0541048245727303
0.00062391590168025 0.000627601546149644 -0.00668199962456917 0.0545839632683925
0.000387156228813132 -0.00352897650781697 0.00991941364654861 0.0465929322926374
-0.00192425414839338 -0.00483968012641552 0.0177007066906436 0.0461399415933868
0.000847796217931109 -0.00826996406137964 0.0116560920744987 0.0496615894087099
0.00823840311033865 -0.00472950107607186 -0.00517973312105722 0.0510396001690588
0.00999419352028942 -0.000200658318438212 -0.0268745059060533 0.04902590687879
0.0110020195008523 0.00881430540199316 -0.062503911312962 0.0401038941811447
0.00705611016866946 0.0181114769474861 -0.0876213056767975 0.0299990272549572
-0.00584181831993057 0.0225087783824078 -0.0861331898302835 0.0487039839707017
-0.0120240900371554 0.0330382693543322 -0.0445363584905063 0.0395975601453964
0.00616891486456779 0.021542144139015 0.0269439131967311 0.00695848156148922
0.0116901560492226 0.00810924966965696 -0.00505926679852959 -0.0523627269016246
0.0143685388108279 -0.00063753495461645 -0.0584016986207021 -0.0423507642124368
0.0154103181497399 -0.00725306915816579 -0.0715386309687689 0.0155064059818194
0.00823965139044491 -0.0158446746631105 -0.0399125869305397 0.0493201695600998
-0.002267683658001 -0.0163202763177831 -0.00997764546898261 0.0489297430729954
-0.00342730436767614 -0.0195503996471687 0.00850038812414348 0.0417408693436694
-0.00350796286833665 -0.0226859676839825 0.0186880946951144 0.0391445992574929
0.010547693735297 -0.0288934043900192 0.0189692769606731 0.0437387992873046
0.0304102988612398 -0.0157038261868544 0.00723309099306228 0.0496720055351315
0.0363637911492641 0.00498019196897244 -0.0143302998348125 0.0558408810521812
0.0224923216337039 0.0368417850492199 -0.0520224820416728 0.0490509132137706
-0.0072297209607667 0.0509451835525764 -0.0760891446863156 0.0327721160736459
-0.0310508291776433 0.0464585691824346 -0.0729917850551067 0.0419300011551492
-0.0333257799634322 0.047319290705115 -0.0362313860959477 0.0260303537956114
-0.00313992436219401 0.048974116310023 0.0335175558595231 0.00168897418430992
0.0223487269678648 0.0295043422090398 0.00543992598295435 -0.0569497872125657
0.0351816642495717 0.00135403303543212 -0.0509070040890933 -0.0517363974927288
0.0307825960761446 -0.0171386621760296 -0.0690714004366437 0.00583177013134932
0.0158520124061996 -0.0313685293657492 -0.0402238186815518 0.0378100236348212
-0.00370544611782615 -0.0320596282920963 -0.0129164730024568 0.0374538759481328
-0.00627266754371084 -0.0330697413944434 0.00517200262036046 0.0311360241954222
-0.00606981939991176 -0.0358618178550636 0.0179330356341642 0.0261214992978713
0.0143052249680231 -0.0448553160917748 0.026263207022998 0.0296423789961009
0.0430746110472537 -0.0290867414340335 0.0238443750629262 0.0405123653554067
0.0574594155815834 0.000108503504076644 0.00514791242236303 0.0578219219033957
0.0387805261693249 0.0526832527058846 -0.03483369947289 0.0572938279975068
-0.0102319854184641 0.0752518969093549 -0.0615775204123838 0.0336555672366085
-0.0461264789745916 0.06556381494268 -0.0533961491366853 0.0288312131949178
-0.0519835541794446 0.0531058266594688 -0.0178274236723934 0.00830654793162155
-0.0175459587308909 0.0704681068218224 0.0444063304983731 -0.00581336254142812
0.0256823196361488 0.0522076648002259 0.0204365491336448 -0.0593625640114284
0.0530086151225889 0.00849204926566106 -0.0365968990773973 -0.0598863153244534
0.0453566782712884 -0.0230358074838303 -0.0595607437372462 -0.0067438769375944
0.0230268014987027 -0.0421390428588182 -0.0371865164910004 0.0205959967732615
-0.00390045688191404 -0.0436537282558542 -0.0152634385462548 0.0199951074246116
-0.0090042032506536 -0.0415441020590675 0.00120445838668587 0.015789454150892
-0.00895423953141494 -0.0425404406694659 0.0154522633383987 0.0089822212786019
0.0134199904147234 -0.0532312414570672 0.0307279516260037 0.0111938814705248
0.0474009959272138 -0.0386456089202652 0.0384602616704445 0.0243394879896721
0.0673098063135388 -0.00846884909848821 0.0255706399160402 0.0537146087391069
0.0512875353572643 0.0554259397009016 -0.0155761631843184 0.0601771762747639
-0.00843083059629146 0.0859126704663566 -0.0477009248606104 0.0304067562753299
-0.0529035091307611 0.0739855466193322 -0.0311963814486641 0.0112187716491991
-0.0625045010282359 0.049802272135323 0.00868545407780232 -0.012031088377239
-0.032551370198106 0.0789193069847047 0.0584250995783076 -0.0150746426998489
0.0207809801072084 0.0679362793353908 0.0374187234280257 -0.0580419699301952
0.0612015284363314 0.0186069515020494 -0.016126752517345 -0.0629393786135711
0.053149005349846 -0.0226017156380917 -0.0417964331656351 -0.0215735807859755
0.0276918371461934 -0.0464917207477496 -0.0303477476164435 -0.000784947230069221
-0.00260135276251125 -0.0483084788746514 -0.0160697988962013 -0.000416324617219447
-0.0101997455160889 -0.0438492618377593 -0.00174948813760654 -0.000898367199566278
-0.0108704973227785 -0.0428276464848479 0.0123891233470006 -0.00905612262166807
0.0112271431717983 -0.0533263104620817 0.0316413980824243 -0.00713791161000305
0.0440605898593141 -0.0414350532424528 0.0475428054335158 0.00708480159679274
0.0662723180817322 -0.0138681158239184 0.0404191738877372 0.0443589911668835
0.052800459886561 0.0522179823566996 0.000556854727643894 0.0562612804361259
-0.00753907965713355 0.0823878956665274 -0.0360501475757632 0.0243269883236222
-0.0526561616445523 0.0706817081115892 -0.00969778657668187 -0.0076138218816294
-0.061145432543624 0.0370256299724663 0.0384088016339173 -0.0302195660282086
-0.041474460940883 0.0694696895119804 0.0714719421889616 -0.0237416412378613
0.00942494840906862 0.0682555675592676 0.0524719547088605 -0.0521280049200737
0.0547804926750547 0.0254291407789413 0.00531370885910602 -0.0592142261351992
0.0510901152367359 -0.0175972023816725 -0.0202366241044688 -0.0328140984284699
0.0270156582146512 -0.0410987318880218 -0.0202122705517762 -0.0214153219790743
-0.00171902742820218 -0.0444475586791128 -0.0159572577508981 -0.020394724635573
-0.00934791167173929 -0.040029088379459 -0.00591334558264056 -0.0176456327679116
-0.00978379003703582 -0.0375381105851647 0.00843235402296112 -0.0251860148350317
0.00878433472732244 -0.0456919816217429 0.0306697631979449 -0.0239200348112058
0.0376298874429253 -0.0364237737096939 0.052462401982121 -0.00794843997726568
0.0568816206509068 -0.012017290304764 0.0492451748935631 0.0346262917483179
0.0440486321578632 0.0464339578418471 0.0113795045575868 0.0501772871949817
-0.0110957593012959 0.069327236469822 -0.0266815711119905 0.0169348898808694
-0.0484778945104948 0.0551456339304725 0.00904847546824531 -0.0234290079396154
-0.0465803679105795 0.0184742587820592 0.0639792384430684 -0.0439185147385485
-0.0392536483292479 0.0453090284367403 0.0808098694375619 -0.0302837252284126
-0.000664972251553417 0.0521971397258196 0.061659898750192 -0.0450207318825881
0.0377976451539274 0.022762517801955 0.0214469959511479 -0.0526481322600221
0.0370690659988872 -0.0106913578525781 -0.00235160995680189 -0.0402108570065142
0.0203733874483769 -0.0287302207799778 -0.0118799318866815 -0.0383401979293735
-0.00048560285200705 -0.0324278461092921 -0.0157068241601296 -0.0362690237960808
-0.00750810972141488 -0.0297461102964687 -0.00837646858423434 -0.031063423973132
-0.00736766076128439 -0.0279697923358039 0.00606672895401778 -0.0378155457973493
0.00712453083892742 -0.033846965610749 0.0301523339133644 -0.0359950532233101
0.0281897483803231 -0.0272684753812108 0.0557781889508797 -0.0176339928824284
0.0444576225858955 -0.0063080522659449 0.0536921336214893 0.0280208887981113
0.0291827291731135 0.0390713330631275 0.017153527322547 0.0449338722334075
-0.0160847893777369 0.0497279135079456 -0.0194711893288771 0.0122821401275032
-0.040935258060764 0.0321679577634238 0.0243350316232386 -0.0333177731916473
-0.0225443294843853 -0.0030131335321685 0.0798817823198583 -0.0518718395017663
-0.0257220890698481 0.013396014455943 0.0832896755768841 -0.0351513078101083
-0.00609151014562374 0.0238804788164238 0.0648231467710278 -0.0420775270547643
0.0143631992845009 0.0123764681531642 0.0283356765586578 -0.0479460281069182
0.0154787125031421 -0.00337862580352463 0.00682258418468495 -0.0446508291847693
0.00883979708474552 -0.0113819685791848 -0.00840977495019682 -0.0475075907326556
-7.79789324133154E-05 -0.0146251577442096 -0.0156416347513225 -0.0449293572006185
-0.00347661765014067 -0.0149482798626317 -0.0103968508745063 -0.0391720830321663
-0.00333615801277196 -0.0148700681327868 0.00468796669857485 -0.0454311412679715
0.0037736135593259 -0.0186628449269526 0.030872839446628 -0.0435594486880117
0.0164106072313294 -0.015731591740539 0.0593399528535513 -0.022493840487709
0.028506771337753 -0.000575114643915396 0.0559711512461446 0.025668729253429
0.0134142305885663 0.0285273124137336 0.018415565120511 0.0428393016651615
-0.0183051509901568 0.0256632105404737 -0.015135155800693 0.0103374503558051
-0.0281246816966978 0.00606566229569756 0.0350856475359357 -0.0358646480713362
0.00660653630203687 0.013576918083517 -0.0431589321387564 0.0458626453255345
0.00948926604474005 -0.00569418919473631 0.025204342877028 0.00864417014452003
-0.00139692716934001 -0.0084666198179477 -0.00813459011985581 -0.0482272875397083
-0.0056858462026841 0.000583621944770673 -0.0585208415534335 -0.0358540046029742
0.000552885965811363 0.00397595388465707 -0.0692557781319633 0.0192701924880851
0.0021240342731937 0.000626172278516106 -0.0367318815054629 0.0522936473398051
0.00043337651631021 0.000153811898086562 -0.00658061391903882 0.0530098517132793
0.000660089804224032 -0.00372189866008854 0.00990888997999451 0.0453606228047608
-0.002042815290318 -0.00488289287579641 0.0176571390375353 0.0453184730377076
0.000954113632547056 -0.00839738420518525 0.0118946178654875 0.049246280268868
0.00811309527644508 -0.0045906910997748 -0.00564542897222296 0.050517496233477
0.00972910263210581 -0.000262730660071156 -0.0273076683183627 0.0473829169201654
0.0104867214858487 0.00933552372621609 -0.0626830209524381 0.0386288680132205
0.00699726534017403 0.017668156089997 -0.0862537827804748 0.0275410194362119
-0.00662053681930395 0.0221080913269485 -0.0854488302027397 0.0462855820192674
-0.0127085928779822 0.0323011747394313 -0.0440432583871088 0.0389066425864434
0.00606071334178715 0.0210126681499884 0.0275042360659099 0.00730706309980854
0.0114465295646761 0.00816888201724393 -0.00361352690742187 -0.0512337852195612
0.013658266731193 -0.00108483910680612 -0.057089271477948 -0.0422256402288879
0.0145247610154424 -0.00737047363007893 -0.0701675457576743 0.014199835117706
0.00818075476497713 -0.0159970233868632 -0.0397057447003489 0.0478517027211926
-0.00258800095698217 -0.0161904589753991 -0.00958162490870274 0.0480178066626501
-0.00320810240083113 -0.0195643076745029 0.00807183430938955 0.0409037812963196
-0.00348841445331905 -0.0224452316406725 0.0187836651728632 0.0388325001115032
0.0105449404687519 -0.0285502093591496 0.0186026638113444 0.0428660109584228
0.0298469308460451 -0.0156467279468766 0.0063859708337626 0.0492897406476946
0.0359427721354636 0.00512877782929854 -0.0151192466293514 0.0538541139755909
0.0216740950079104 0.0365099525162129 -0.0520919794187916 0.0469671338794184
-0.00758799142296674 0.0497642408394381 -0.0751618094087728 0.0307058730126463
-0.0309244476478187 0.0450692279487912 -0.0721921661848337 0.0396780523840478
-0.0341468269144009 0.0460619779307783 -0.0359357947939442 0.024928954952911
-0.00374917264967497 0.0478311949903343 0.0339714185330692 0.0027114575983868
0.0209953783249777 0.0293036493213854 0.00666555091227555 -0.055082911919263
0.0346489806801687 0.00154073950871498 -0.049360555310833 -0.0517120088768222
0.0306009804931436 -0.0170515140587694 -0.0675091709779236 0.00459933615397041
0.0154765201998343 -0.030786863002657 -0.0396869000355163 0.0363820718437336
-0.00388191364036213 -0.0313116082248093 -0.0128926155727985 0.0367289441729525
-0.00612930245688724 -0.0325926004351655 0.00504472585824831 0.0307771596308664
-0.00624209588712004 -0.0353407170685329 0.0178368199215819 0.0257284548442346
0.0142957937550723 -0.0442037660232621 0.0258427831798908 0.0295439329296164
0.0426846671878198 -0.0284756620755486 0.0231790413531117 0.0406419483124458
0.0559845845410235 0.0006718227163779 0.00459427156350683 0.0571670092257413
0.0376908529588108 0.0518746578635999 -0.0354979862129782 0.0558498543396796
-0.0110092835244348 0.0737502740014898 -0.0613652573552915 0.0316932330757969
-0.0467163632003097 0.0630854941886079 -0.0529298299775413 0.0278280509862962
-0.0522175377274375 0.0517940804127044 -0.0174309857487283 0.007746063665293
-0.0177357949444079 0.069185387783163 0.0453491686072873 -0.00466044604834351
0.0243549945134187 0.0516590399361601 0.0214481254478502 -0.0576780908946934
0.0517906884075732 0.00912033920640135 -0.0344808722381959 -0.0593282516458262
0.0443522537284938 -0.0223701268229935 -0.0575186906988329 -0.00795551173275122
0.0226052956099695 -0.0417896270048719 -0.0368987284307883 0.0192363538221789
-0.00383746722059482 -0.0424903165517124 -0.0152698893430329 0.019536737334095
-0.0087500392008723 -0.0408934957177378 0.00143935069097564 0.0157022787912703
-0.00860956820100462 -0.0419099975752888 0.0153786558157393 0.00930457465987769
0.0135291745679171 -0.0526240526676239 0.0308588280808484 0.0112022414461666
0.0464291598702102 -0.0382384247890725 0.0377097228297644 0.0245918750692343
0.0658561438648415 -0.00816392506190247 0.0242918378864226 0.0531828476072886
0.0498270888708775 0.0550048980942545 -0.0166880971753864 0.0585473178274909
-0.00908849470677747 0.084179486498284 -0.047074959925198 0.029362360996259
-0.0532829515320998 0.0711244525484599 -0.0311582825046187 0.0107610993521446
-0.0628037670789776 0.0478989798153891 0.00913805563372532 -0.0118071953607836
-0.033051331381145 0.0770067834938593 0.0580227217314553 -0.0138501783193931
0.0191321342119596 0.0672839948829343 0.0384512247856316 -0.0559015036874184
0.0598496268466883 0.0192493910106736 -0.014148393661897 -0.0621180739906202
0.0525380236225842 -0.0221797448287252 -0.0404248427329857 -0.0221688275546121
0.0275142693462285 -0.0451638229192043 -0.0299358691964973 -0.00109509879285589
-0.0029143428203811 -0.0470260467757756 -0.0163898035982872 -0.000473317483506063
-0.00992087486686186 -0.0435401857356762 -0.00205587837382793 -0.00111921971183465
-0.00985895460943372 -0.042324725080817 0.0117135715583442 -0.00813086629649507
0.0109120319948333 -0.0518256738058036 0.0319671747777606 -0.00704928318269796
0.0438074983674643 -0.0408498053565957 0.0469303917942393 0.00740298257524992
0.06458597952189 -0.0129517942516764 0.0395676336501744 0.0439305765886201
0.0516558548557717 0.0514954103817896 -0.000379894822170991 0.0551614968221791
-0.0082768009593029 0.0814786057861233 -0.0355091151536587 0.0229202025280799
-0.0530972560540182 0.0682840230830415 -0.00995137147187283 -0.00716116681338512
-0.060358802933637 0.0356449878761605 0.0389135648941298 -0.0295260194676117
-0.0418278958098073 0.0678230392579172 0.0710047004145631 -0.0223181391193875
0.00880773177197195 0.0672391580779768 0.05273828983801 -0.0494021993269673
0.0536405351426322 0.0253783053447362 0.00688345076109855 -0.0584021221650282
0.050229591337004 -0.0171228075064302 -0.0188235941977127 -0.0331444441694417
0.026960174435653 -0.039973013057883 -0.0198464210477434 -0.021755379336515
-0.00151712516120457 -0.0435122970857608 -0.016140682550068 -0.0202147893681895
-0.00912477951167377 -0.0393309319256311 -0.00535096224472676 -0.0174966089670131
-0.00919049654182353 -0.0368769613626104 0.00801981692894016 -0.0249089696311341
0.00911301020640726 -0.0446790373090541 0.030848111953328 -0.0234926219405205
0.0368815166702733 -0.0356825479005492 0.0513900929944946 -0.00746743798846784
0.0562364751854896 -0.0115211017629458 0.0481097347309962 0.0343835892706715
0.0428906550915326 0.0459722202683886 0.0103532953721168 0.049132988578657
-0.0113170887135232 0.0677990331999283 -0.0265515900957809 0.0168157044513953
-0.048881464883056 0.0535443695893137 0.00834495707384841 -0.0227350265722433
-0.045945506477949 0.0179229982259687 0.0647764941065684 -0.0419831189097993
-0.0389129591429452 0.0440696873857851 0.0803963344150336 -0.0284929924804782
-0.00111714757745022 0.0508362874302634 0.0618505587574459 -0.0430840777102449
0.0364055547224553 0.0225069472301597 0.0224465707705117 -0.0507780743815449
0.0365046867512336 -0.0102478724533719 -0.00116104132032154 -0.0398142129806167
0.0200349235185289 -0.027708368079294 -0.011866333585869 -0.0380016044498212
-0.000757967923918628 -0.0319255576191082 -0.0156791802909147 -0.0357970932055347
-0.00720169984482901 -0.0289339408334212 -0.00812440130670957 -0.0306752384379656
-0.00697645286091315 -0.0271791353161124 0.00607092595212697 -0.0374622002546065
0.00683693524494832 -0.0329378716006746 0.0300697130136552 -0.0353142131341846
0.0275227470420202 -0.0263009632025406 0.0551235586986617 -0.0165871032809691
0.0429912024782085 -0.00597367169279408 0.0526338470959737 0.0282993671465949
0.0289069293995795 0.0387095898335637 0.0157426187321053 0.0440778377364892
-0.0162809589537809 0.0484553680307262 -0.0195110383051276 0.0116654439174584
-0.0407904819221534 0.0313086065814053 0.0237492613307368 -0.0321223392813773
-0.0219985350959411 -0.00339666520166033 0.0797039207974055 -0.0492857717152625
-0.0250370685060021 0.0130659211513732 0.0829875913406502 -0.0325906005134775
-0.00604973473494083 0.0233835367273528 0.064638962797183 -0.0395886604201039
0.0135362033873696 0.0125005732785212 0.0294129586849771 -0.0462308763447006
0.0153124452944237 -0.00325489310665595 0.00779546605523856 -0.0439273770552458
0.00914018619211688 -0.0106138104788546 -0.00836730191562272 -0.0470557810102522
0.00021088205324603 -0.0140822678286991 -0.0161011763685186 -0.0444997952965602
-0.00339071977462784 -0.0146144858108573 -0.00917132778886204 -0.0381166499073539
-0.003321212758466 -0.0144868686084832 0.00477420761488728 -0.0444384315822694
0.00388599245780536 -0.0186293326127511 0.0307708386830621 -0.0424983341439565
0.0160524880380769 -0.0155250362733347 0.0581104846229821 -0.0216144890229856
0.0269995978040607 -0.00077296180122945 0.0548698855343032 0.0259607699338626
0.0126500980453441 0.0282363363302365 0.0175736226295213 0.0418430596405909
-0.0186746034058409 0.0251508577277212 -0.0151435748638604 0.00979924990346806
-0.027707839338295 0.00605747792623602 0.0346291177319047 -0.0346449972061582
0.00661576068723573 0.0139493796008964 -0.0444450908824654 0.0459137863341185
0.00930285259102168 -0.00547262904351076 0.0260584455710828 0.00921296556634829
-0.00106272887156857 -0.00895348044937953 -0.00692527596527407 -0.0485629096775851
-0.00621099823522253 0.000500574776979398 -0.0585134969736676 -0.0364814213378307
0.000602593602159151 0.00389397917983579 -0.0701512583804626 0.0184732901046855
0.00173647859328042 0.000160885386013156 -0.0373231845740501 0.0521790054706397
0.000254110966640959 0.000216133087666081 -0.00696092520317077 0.0528332039022725
0.000232119445417998 -0.00409261663543361 0.00968670415720794 0.0458173496560963
-0.00182601989975807 -0.00522575688500422 0.0175444687020844 0.0453652989679739
0.00145310672243957 -0.00840652217296467 0.0114428165057692 0.0495858586156512
0.00851175201080069 -0.00463463986899647 -0.0068905784510439 0.0509041183914127
0.00978318207410603 0.000295430722983649 -0.0287576076241153 0.0466384438273789
0.0103706918658393 0.00953428427525008 -0.0639557195459995 0.0369270822406926
0.00612290133279259 0.0174045177010913 -0.0870030085317728 0.0259641606146712
-0.0075796661712055 0.0213121458498525 -0.0858775302292596 0.0444844648270991
-0.0133762044458079 0.0324034226462441 -0.0450107014924446 0.0384359959463166
0.00536084124645477 0.0211515281011574 0.0281138410318007 0.00763264901564365
0.0109270403582542 0.00819460263066362 -0.00209297914711034 -0.0515975278517925
0.0135349923057649 -0.00104013917266824 -0.0558330646489048 -0.0433451787893391
0.0151561857752054 -0.00738206415021711 -0.0708029257975012 0.0131835040040378
0.00831430418151217 -0.0162129804709452 -0.0402678553864249 0.0468458442802039
-0.00192323000378472 -0.0165167111527203 -0.0102626208668694 0.0477890711420915
-0.00286859324511925 -0.019987614773719 0.00755672149632123 0.0417112523413419
-0.00308873710836235 -0.0226646992619128 0.0184758857532337 0.0394688124827369
0.0107936328353322 -0.0284638764389827 0.018433990483506 0.0436056139845398
0.0304043439691632 -0.015847752673423 0.00593352967688021 0.0498758647949405
0.0358389988605829 0.00575211264608366 -0.0160389266070086 0.0535959602377205
0.021308852645739 0.0375320798564593 -0.0540110447296229 0.0457592124305408
-0.00869336185337491 0.0500354038752387 -0.0761456604017021 0.0293463273112339
-0.0332623085511208 0.0441143116735969 -0.0735580315944065 0.038833468991715
-0.0354500182439129 0.0453687904983727 -0.0359124646184635 0.0243884611357458
-0.0045640908428386 0.0476574387774996 0.0349752511541037 0.00334682708171632
0.0207032866021979 0.0298862051172771 0.00836227250026347 -0.0544814833008705
0.0344378529524198 0.00202805512019335 -0.048434728666815 -0.0525840392452829
0.0304437083423132 -0.016523369930605 -0.0676122601373304 0.00363649227721558
0.0157648451263516 -0.0312767504429712 -0.0407846061679754 0.0357935117287816
-0.0033223856503175 -0.0318214921137399 -0.0135470688881886 0.0363874263359834
-0.00602594336385454 -0.0328593847825076 0.00492951734604218 0.0308356143940915
-0.00553844511169369 -0.0353966141097411 0.0182067239163965 0.0261683860698566
0.014657917511258 -0.0442984496583312 0.0262823538049329 0.0294040714463235
0.043282319948509 -0.0288045715054004 0.0228369518177316 0.0414568423741379
0.05594562877678 0.00114278735552055 0.00399283962825872 0.0575898380124554
0.0371705557939674 0.0525864601985983 -0.0371352962458246 0.0549310754257659
-0.0121509349957538 0.0743529067900527 -0.0620803152236677 0.0308696731937371
-0.0490892671920816 0.0618822823001916 -0.0536768909090319 0.0274752815640374
-0.0539634416873358 0.0511842469202366 -0.0170226507477679 0.00785971801473221
-0.0189400129148861 0.0692132044240003 0.0464623084874027 -0.00373710843644249
0.0238300683327716 0.0525739405813199 0.0233193685764648 -0.056853558869987
0.0512796096418279 0.0100668587621205 -0.0336527040133332 -0.0599321275119107
0.0449643771035038 -0.0221078414773548 -0.057111794620882 -0.00928591740489625
0.0229249133280518 -0.0417875829416959 -0.0372877914698465 0.0186069980051637
-0.00315578675754963 -0.0424454643469222 -0.0157225366391898 0.0194510805035721
-0.00819033001377399 -0.0413630477169824 0.00178021039049218 0.0162470018269467
-0.00809459932106308 -0.0422832484927053 0.0159101975942956 0.00921100411516971
0.0139067904002268 -0.0527866361144536 0.0312298415106146 0.0115593194165373
0.0469556658152748 -0.0383643166324599 0.0373138157210575 0.0257311539605043
0.0657851005895963 -0.00781711251986584 0.0243216717679058 0.053314132849447
0.0494740159543001 0.0562314917676402 -0.0183466034669039 0.0585009820071055
-0.0105947731415478 0.084844839768004 -0.0479273837887342 0.028387864379026
-0.0552756447216276 0.0703748489707253 -0.0316718841765763 0.0106250318331645
-0.0644829479154402 0.046785154252033 0.0100149122729084 -0.0112586896227912
-0.0342963219848511 0.0767137891015801 0.0593649531249621 -0.0120096446033878
0.0180655322186781 0.0682287927654072 0.0399951485699261 -0.0546549753434268
0.0591974921001839 0.020313970616059 -0.0126633020477046 -0.0629301882796716
0.0530881115591764 -0.0214829511812247 -0.0391360922415249 -0.0232679106107801
0.0283311437556114 -0.0449695252863776 -0.0304882622054806 -0.00220991326830031
-0.00226702702587327 -0.0469660962356561 -0.0167705408514668 -0.000461914191604217
-0.00984407448668779 -0.0437236429288519 -0.00185680165953003 -0.00120169796192222
-0.00940650564624768 -0.0426173430680034 0.0126909587741462 -0.00820879151992721
0.0120329088453454 -0.0520373832406808 0.0324826686321881 -0.00714919837423498
0.0440408879211355 -0.0409099235395092 0.0471296849567502 0.00831194899098057
0.064381484789714 -0.012274402653576 0.0391877530078965 0.0447219375672898
0.0508602977952297 0.0528926137819536 -0.00183766945757995 0.0548267548778253
-0.00962624127722124 0.0816571353714343 -0.0365304761801461 0.0230407483236842
-0.0548575670947819 0.066438820933201 -0.0103432983838341 -0.00669788272452968
-0.0619642771682916 0.0343295206445968 0.0402525405648206 -0.0285518572104799
-0.042928056409807 0.0673677389571711 0.0724456393428908 -0.0204112160902427
0.00731394305430628 0.0682399211609876 0.0542519918705631 -0.0481705466714084
0.0532464088627625 0.0263566353912224 0.00818220365454697 -0.0579444236716094
0.0503417361365516 -0.0166373245236981 -0.0177236127457511 -0.033727786498825
0.0274837675482734 -0.0397163428697441 -0.0202668961308093 -0.0226574768861304
-0.00129741096862123 -0.0436254399020817 -0.0166818684992613 -0.020260647395876
-0.00907032035671798 -0.0396388980452084 -0.00515109476326485 -0.0175464328486107
-0.00887898740699953 -0.0371348544716673 0.00905557498888404 -0.0244257572971056
0.00927809487968658 -0.0452049774175807 0.0314304771447946 -0.0231540752038797
0.0375340553970203 -0.0355291272208037 0.0517660810797496 -0.00638642945914885
0.0555873360901697 -0.0106244254236146 0.0481619680612091 0.0351022632330909
0.0422506257829318 0.0464272225396999 0.00890045075624233 0.0492915569530356
-0.0126455773905238 0.0681934765568097 -0.0269529069200289 0.0159302549012845
-0.0501617348810763 0.0526522043602 0.0083943212752403 -0.02223569380542
-0.0468228291799275 0.0167553975492681 0.0659116325302325 -0.0410485756975082
-0.0392427830986451 0.0435208476501553 0.0814513603856279 -0.0263199745453673
-0.00204698775939767 0.051069977033592 0.0630301044866168 -0.0412493264089323
0.036356536774252 0.0232705830381838 0.0239267105408005 -0.0495196841504599
0.0363964131482832 -0.0102714277375238 0.000321791186569 -0.0402946960330327
0.021065433409549 -0.0275260722975177 -0.0118552742328342 -0.0385399687082464
-0.000188085577157189 -0.0319096924182707 -0.0162646181972409 -0.0359001522559693
-0.00700424736358817 -0.0292697195068242 -0.00770625096352205 -0.0308733957093784
-0.00634786158517865 -0.0270235233411682 0.00670635327654664 -0.0371296207703045
0.00732654767652236 -0.0327697980901214 0.0313589423729947 -0.0349667017790911
0.0277257919233845 -0.0261467074612125 0.0552900346678242 -0.0156169167952891
0.0427246057307726 -0.00526879024630017 0.0526104164295665 0.0291507818488496
0.0284898977202143 0.0388203069416564 0.0145209753279399 0.0444452963609831
-0.0176047699096977 0.0486135310276477 -0.0200153806022824 0.0118132139187236
-0.0414394741174432 0.0303024751057185 0.0234529123998012 -0.0314991358372003
-0.0221871146217981 -0.00356839216504449 0.0817222210663857 -0.048387682722803
-0.0258077834567622 0.0126952764270064 0.0835842461107167 -0.0308537403076895
-0.00627036044395808 0.0230364100538936 0.0658591439699699 -0.0384987123437407
0.0138711749643499 0.0123728362893582 0.0311592105323893 -0.0457572408570186
0.0152590487100315 -0.00342709608037294 0.00941361272043678 -0.0444619572369979
0.00967677075284476 -0.0103418024683208 -0.00858525020379144 -0.0472939225821905
0.000563572707105671 -0.0145157459636766 -0.016284741383892 -0.0442059329700063
-0.00322546778583007 -0.0145637088449583 -0.00944731483605219 -0.0387362859619699
-0.00275642063946218 -0.0141853940650569 0.00577005891821618 -0.0443977442860317
0.00487434416325891 -0.0180333514891882 0.0311153741702908 -0.0422237413191925
0.0161411174884756 -0.0149861593273843 0.058574806253085 -0.020965131906589
0.0269555482148272 -4.494779016443E-05 0.0547033216549028 0.026701789818031
0.0123039692680344 0.028181143158704 0.0165149184084405 0.0423258227768126
-0.0187925959654396 0.0247916951675091 -0.0155552364490346 0.0100485792795504
-0.028294900074854 0.00559898235882222 0.0346959972482164 -0.0336862058700656
0.0135767106613261 0.00851285730171455 -0.00782082313527448 0.0630538258122987
0.00452964738384643 -0.0105725048844926 0.0273541525251256 -0.0096147097883535
-0.00662197273402198 -0.00694697560398913 -0.0347398000036338 -0.0361454816949051
-0.00520363203994295 0.00407580192737906 -0.0707296351574802 0.00508553549868736
0.00262006147262165 0.0028581086769136 -0.0464070735616015 0.0577867261392088
0.00180952491418043 -0.00081359458206536 0.000810290453930979 0.0649727212419245
0.000727447413925586 -0.000366824026565227 0.0267570909006558 0.0474523008164207
-0.00227155205914353 -0.00319596425410509 0.0361590099021085 0.0317654152158315
-0.00413027721683374 -0.00324446779923968 0.0427900278685051 0.026379584902329
-0.00382235816278357 -0.00780846252679504 0.0400210934789605 0.0340289597055946
0.00487550061740919 -0.00918670760519343 0.0256964563775585 0.0462634594354496
0.00880165544641818 -0.00525251022361761 0.00400718400939697 0.0560733234602539
0.0148238191632071 0.00253235269695718 -0.0300193333035321 0.0703680107067069
0.0151350572308585 0.0118395384028084 -0.0561691456577029 0.076023447851837
0.00551188103578739 0.0239676699987793 -0.0443189239110535 0.0901172159571491
0.0067798782506198 0.0357273162768196 -0.0109688410279305 0.0588550990940521
0.0161591537797966 0.0140807002067315 0.0291724242340431 -0.0108425012686627
0.0131702411638713 0.000191855746388241 -0.0311604912102334 -0.0415429608068697
0.0101552446390252 -0.00781343827971902 -0.072533111362699 -0.00276190274098663
0.00808250182617754 -0.0145159149802722 -0.0499063429194976 0.053149082775197
-0.00268243688067041 -0.017840030556172 -0.00402982220956953 0.0619285612817289
-0.0112397638778022 -0.0122184768826971 0.0204823598817482 0.0453389536236817
-0.0147239932683293 -0.0144539649993212 0.031861398136703 0.0287495755616101
-0.0163338923345887 -0.0168041222048287 0.039985072990142 0.0203552723753103
-0.0083831797342407 -0.030585535368547 0.0424217878841897 0.0245527007298818
0.0160045034821569 -0.0317888743297401 0.0348780803442362 0.0375402554998757
0.033866127838229 -0.0165026429719976 0.018786173371287 0.0541308346273205
0.0419220795949039 0.0195277749684051 -0.0167730803048131 0.0710989193869959
0.0233939007226884 0.0483151136534746 -0.0455451226831073 0.0717113723901266
-0.00162653119698731 0.0590910217295369 -0.0377321486202106 0.0762001084277889
-0.00470876647640005 0.0588037124052864 -0.0109751278164518 0.0437427207844072
0.0235537110413403 0.040951991281855 0.0327030852069229 -0.0175550298362113
0.0337510397336891 0.0124934647468393 -0.023400835093959 -0.05071893921929
0.0281620640520202 -0.0170277744842164 -0.0709019867999489 -0.0158410670122861
0.0155752440263797 -0.0312654014452678 -0.0533072280733914 0.042233527334855
-0.00536829932500594 -0.0345846604809755 -0.0113498333010958 0.0527559943765052
-0.0211904690005405 -0.0237992473959002 0.0107626641905998 0.0380096259925921
-0.0253156922640264 -0.0234706376470196 0.0230395247060094 0.0223865025391056
-0.0263109831683291 -0.0259325199224003 0.0316182255662394 0.00993726050797088
-0.0150277910668974 -0.0455697916053163 0.0405874610054225 0.00863265068368877
0.0183557062191063 -0.0512291012263561 0.0438478811108017 0.0194027795214204
0.0483448496422891 -0.0329968423416522 0.0370119241553124 0.0444395755456655
0.0655501544894196 0.0229477164208333 0.00255291652783031 0.0676597782720481
0.0361394408968762 0.0711677271336662 -0.0339014317837052 0.0644565059272367
-0.00364541762449551 0.0849399633688206 -0.0286861641337785 0.0532813679593474
-0.0174747702351211 0.0735920101806465 -0.00502787786033996 0.0193375864117037
0.0237175119756392 0.0662568680620057 0.0375805544167977 -0.0284269708715315
0.0493254507038579 0.0295404727775203 -0.0111589289816193 -0.0606395821569472
0.0467101759683606 -0.0210047732834123 -0.0622146090278466 -0.0318368598092644
0.0238119557402904 -0.0438618666384274 -0.0520652588020505 0.0249464367083828
-0.00575003168745438 -0.0478101754656369 -0.0194293005041267 0.0360981058070607
-0.0278166542723629 -0.0322376199723333 -0.00189706606146703 0.0255320947524986
-0.032212165894957 -0.0288804962238506 0.0113749883514632 0.011812804628686
-0.0327187152300713 -0.0298292706790317 0.019593302192891 -0.00245019567875674
-0.0208164389363426 -0.0524910415613101 0.0335513374936602 -0.00985409095211251
0.0155178343631427 -0.0618051267632619 0.0457755768346622 -0.00186023638188172
0.0511977518966007 -0.046521646017093 0.0521949472553618 0.0294869228051232
0.0787032535521141 0.0178647477969227 0.0197064541745996 0.0584839744549333
0.044617456681343 0.0787165301690957 -0.0245892304553825 0.0532308083398923
-0.00367269275346754 0.0950124296424936 -0.0207989605688426 0.0254456207754388
-0.0289143026951794 0.0756696187625798 0.00550494355201925 -0.0118015546352018
0.015883911737704 0.0809983899336924 0.0430530528258732 -0.042918188951788
0.0537137134141378 0.0453508956740493 0.00498620583646901 -0.0684472038017711
0.0589389541099061 -0.0167902611115319 -0.0456616748538948 -0.0459339683621709
0.0302762082112217 -0.0482327458874134 -0.0454915139566114 0.00268575518246614
-0.00394843850765366 -0.0532324671198362 -0.0260314918037258 0.0149871079070135
-0.0297070826453815 -0.0362213947565022 -0.0150853263783159 0.00984150667115324
-0.0344143020608287 -0.0299252834957756 -0.00233713249489609 -6.41552883577386E-05
-0.0339290395375934 -0.029423524828857 0.00598852683665675 -0.0144306781532235
-0.0226192357622422 -0.0504565753519159 0.0228563771350889 -0.0259601317503971
0.0114471301511604 -0.0617979133760984 0.0428405539424839 -0.0219981001528567
0.0469590460812846 -0.0499526887113169 0.0591305689376794 0.0120909971631621
0.0775746917353337 0.0135053614551198 0.0310535212013394 0.0458471753888191
0.043675610356708 0.075646126981081 -0.0186144616328695 0.0417087273190126
-0.00496711394266938 0.091218661313479 -0.0147619698089792 -0.00265419407737749
-0.0334293528935376 0.063704907575086 0.0190891522019344 -0.0435745187182847
0.00337227478192877 0.0785156089556146 0.0480613860795451 -0.0574120212340292
0.0450519471552578 0.0508206719085883 0.0199777969513041 -0.0710057961840346
0.0580337638495445 -0.00856161019031166 -0.0249217781597386 -0.0547022925478729
0.0316035415204573 -0.0426057638853089 -0.0339548643307921 -0.0191709647794037
-0.00122600533952022 -0.0487220040027127 -0.0302530905160081 -0.00730138596717394
-0.0269136780634354 -0.0339600717031455 -0.0272860301281295 -0.005974340183285
-0.0315015741851891 -0.0264983529312382 -0.0149913377393794 -0.0110809058560742
-0.0298371180201326 -0.025374931821818 -0.00708029379972725 -0.0255649632046571
-0.0197484430437506 -0.0428353985542674 0.0126601116148022 -0.0388945405663695
0.00881763964944023 -0.053330895366192 0.0377902512495129 -0.0370973771552982
0.0405122712657209 -0.0431082337028314 0.0609408764807252 -0.000725049361661179
0.0662993644360062 0.0131570238431735 0.0368457024114574 0.0345067754548604
0.0319440853247379 0.0662711547751859 -0.0143041116998567 0.0298803658323238
-0.00950578334896162 0.0757981717728338 -0.00817861150096154 -0.0263947857586123
-0.0302543729323513 0.0400344242121854 0.0311996100671002 -0.0704311322550574
-0.00763393065520832 0.057241179085076 0.0513632596190823 -0.0676915714577113
0.027828640852553 0.0428386120828055 0.0304848641322083 -0.0703802395999575
0.0423284433756626 -0.00155917044094632 -0.0079583948215408 -0.0567107633678292
0.0236865411176694 -0.0293583543625002 -0.022944253469864 -0.0348443045430449
0.000476921567783321 -0.0348595301077604 -0.0333896967477701 -0.0252044019392515
-0.0191688440722554 -0.0255249314562671 -0.0366099915697647 -0.0191251695855338
-0.0237013843415183 -0.0191023549859915 -0.0251755002498659 -0.0205355300231561
-0.0216533580272196 -0.0189241358252264 -0.0170317087360532 -0.0342566320204774
-0.0142407343786439 -0.0321335054250679 0.00413436969602658 -0.047973805429588
0.00716100125454756 -0.0398427279782143 0.0347552172103251 -0.0467251702028969
0.0329528900369471 -0.0303250892127199 0.0608083574453198 -0.00842860124284101
0.0495371077863651 0.0158856933455486 0.0388831212767835 0.0266354399110698
0.0157812417085917 0.0519378033098529 -0.0108372684132963 0.0216293698686545
-0.0162219498877544 0.0517002065871437 -0.000331160554995109 -0.042719830179379
-0.020370036081226 0.00887881069584983 0.0379466227587104 -0.0870175793511534
-0.0133467693048354 0.0240337693239794 0.0496747297585861 -0.0742333935570827
0.00822916405017121 0.0220522662267412 0.0330705605994297 -0.0698314373771736
0.0178056396893368 0.00200974022092678 -3.99935809090696E-05 -0.0569363363793159
0.010189649444843 -0.0112336971712238 -0.0188348396631785 -0.0429404453457828
0.00179481509913608 -0.0143623259148939 -0.0361310425491695 -0.0336445642251499
-0.0083139025833889 -0.0113902610911198 -0.0414332389481059 -0.0260793798885877
-0.0116482814259861 -0.00954969103214656 -0.0310030928867726 -0.0257989599195995
-0.0111866723651391 -0.0103869077374346 -0.0224876844025532 -0.0398358538374816
-0.00788164774051825 -0.0182116690121508 0.000533353454174656 -0.0537591134077626
0.00432600378117544 -0.023308266589326 0.0349988096201864 -0.0527585498151298
0.0228813558701854 -0.0164746379443574 0.0607309035240862 -0.0112309175218607
0.0288178357621149 0.0165129483537502 0.0391199110498017 0.0244700709279844
-0.000655984415148126 0.0334825999651414 -0.00808926727318271 0.016796380853332
-0.0200211289264933 0.0218184485185044 0.00764879447947038 -0.0508125441331097
0.0140557348793645 0.00788329825869897 -0.00610081180579546 0.065289369060948
0.00450174024836877 -0.0107899901453305 0.0291850709508573 -0.0111997472947455
-0.00674098023221819 -0.0067211456000081 -0.0361500326635511 -0.0369563422616843
-0.00533060494064142 0.00457505479681745 -0.0728569412455425 0.00656004101288528
0.00306242329420591 0.00294148625997056 -0.0467458164273583 0.0606704307410734
0.00180541827289165 -0.0013621998030488 0.0023601855121198 0.0669117480089216
0.00072718207661772 -0.000412014235866171 0.028657471601366 0.0476992442893296
-0.00283279677939056 -0.00354107439256341 0.0378252252500845 0.0314121452005243
-0.0046740357737316 -0.00327520387798441 0.045002240630503 0.0256581048540684
-0.00387936156291056 -0.00824620477935713 0.0431158211530626 0.0343518329399137
0.00436181363186541 -0.00950911415325991 0.0277493293505489 0.047784837596121
0.00886682024176142 -0.00567061225408857 0.00427022703055022 0.0580555721388118
0.0156195721944808 0.00225650310645413 -0.0305948312184497 0.0733604171529374
0.0152082130466928 0.0120343475000226 -0.0566729130888904 0.0792453122538169
0.00588467520983937 0.025286768916817 -0.0444890526603234 0.0935771125302832
0.00769337915974721 0.0362565962871479 -0.0100523207253331 0.0610245277302962
0.0170633175931755 0.0137932291995248 0.0307875309265855 -0.0124450192028673
0.0137709904075129 0.000361746892108903 -0.0322513880597278 -0.042385978345761
0.00983283083092758 -0.00850138737017381 -0.074349060935579 -0.00157359636923439
0.00789587365010976 -0.01524469063494 -0.0508955225551836 0.0556391295759416
-0.00351655226030045 -0.0186109107396548 -0.00274009672575229 0.0638301174754011
-0.0121003521009203 -0.0125500385800873 0.0230099849493409 0.0460712541518153
-0.0161334031657733 -0.0144432605600235 0.0333721022077325 0.0287288094218269
-0.0173153896293557 -0.0170398319784631 0.0417108449118971 0.0192323932673531
-0.00993983818299374 -0.0315101874586819 0.0446435650608432 0.0237688012770576
0.0154515324779163 -0.0337965415714091 0.037360626487315 0.0383152188152285
0.0346777914997647 -0.0181933548642291 0.0199992874086661 0.0556018099761532
0.0435437266318853 0.0190837559591868 -0.016580034211765 0.0737210859364168
0.0253738700962496 0.04978928303517 -0.0458930682522718 0.0744727878960784
-0.00149292654398619 0.0616127109868395 -0.037544813725573 0.0791065419695504
-0.00387625962535815 0.0609125121676751 -0.009971514018692 0.0455137074159221
0.0252916564169438 0.0415376776567943 0.0338780651028206 -0.0190160622445362
0.0351095741896891 0.0125007603574072 -0.0245644428654299 -0.052128290709875
0.0288885585892716 -0.0182140977115481 -0.0732191767681595 -0.0150059514768533
0.0151683735859898 -0.0328988772295817 -0.0542089469795052 0.0448084663835314
-0.00670488013943714 -0.03561215699348 -0.0110609839050369 0.0544080143273154
-0.0224028239644705 -0.0237419996172455 0.0118974975611524 0.0390520622938708
-0.0266734900061161 -0.0235721063234301 0.0247283446367157 0.0221050876409592
-0.0275931306507987 -0.025613614304795 0.0331372154314872 0.00923017985289345
-0.0166100968898645 -0.046857565739597 0.0423291725563558 0.00740551113684849
0.0175567579732293 -0.053741900028428 0.0458789595649543 0.0198859002974401
0.0490728136012115 -0.0349298715896863 0.0395642744907536 0.0453402102108719
0.0681025894985156 0.0221395252260009 0.00297567626597925 0.0702669197883835
0.038283915318611 0.073223402811977 -0.0339016191735227 0.066656553013051
-0.00328814087719881 0.0871541326029384 -0.0283704254083919 0.055709208611892
-0.0170762629962713 0.0768731897579103 -0.00435209919289607 0.0200813305556701
0.0258944667303608 0.0679095655050574 0.0389206517292345 -0.0307471717557348
0.0516072682196638 0.029745706571451 -0.011317632663281 -0.0626516674122009
0.0477018653726261 -0.0221984681147512 -0.0644662003749723 -0.0315638087835885
0.0233732221479715 -0.0461980455988408 -0.0534183367232739 0.0266347344740612
-0.00747701320901336 -0.0488556372639239 -0.0194348638269642 0.037987021937801
-0.0295164208626032 -0.0326052725731475 -0.00136956420831189 0.0266706921891514
-0.0338162061948692 -0.0285092978285861 0.0119645234291684 0.0113899485278555
-0.0344102222235452 -0.0300109392666743 0.0205618257935477 -0.00328032969736289
-0.0229085255763849 -0.0533683232137004 0.0340820989704186 -0.0115154577028974
0.0139175435147125 -0.0641052232626148 0.0478797368890076 -0.00274018259649234
0.0513201416027773 -0.0488305082720277 0.0545945903245095 0.0288858702839936
0.0816952818888033 0.0162173121089291 0.021080890984754 0.0602274749027925
0.0476649540902657 0.0806834664659532 -0.0246440635536116 0.0555428708520604
-0.00321705099677405 0.0982650891881842 -0.0205226449790979 0.0268685567119238
-0.028608283754172 0.0789691315543175 0.00573355580919785 -0.0123460862367538
0.0181248620695747 0.0834414386273259 0.0439752669804084 -0.045242590607762
0.0566636805371902 0.0456093767282244 0.00461140572997433 -0.0702627818049879
0.0607469679673487 -0.0185146050215778 -0.0475730924695674 -0.0472358859492527
0.0301250549881665 -0.050762813869063 -0.0465002287384918 0.00293039142723889
-0.0056745166038188 -0.05499438523963 -0.0268770295616479 0.0160032745529565
-0.0319052446403569 -0.0366384669803921 -0.015806621126204 0.0110416241105686
-0.0364369689279368 -0.0295924005329099 -0.00214556135269107 3.52257645958953E-05
-0.0354615007602849 -0.0290677002871899 0.00618770542953199 -0.0151669197216782
-0.0247201342254159 -0.0516904634337283 0.0230092614376648 -0.0281273605806061
0.00967917609906048 -0.064248073866835 0.0442092221196806 -0.0234952178653515
0.0469611337525092 -0.0522308689649546 0.0616577840813603 0.0115112202118858
0.0803508333942364 0.011806385609722 0.0326002271015637 0.0469355531437777
0.046177002693634 0.0772457410949901 -0.0184416925741304 0.0433370457535642
-0.0041128275582867 0.0944809976513503 -0.0150230895247977 -0.00238449026971025
-0.0333462660995127 0.0670759685800359 0.0193176945898817 -0.0457861166138297
0.0057528032559564 0.0804248913604329 0.0486887530711705 -0.0597679378746975
0.0479654717432376 0.0517460249083979 0.0199229757024476 -0.0729440133151361
0.0591710454030203 -0.0102936768230201 -0.0260848919842841 -0.0565248920017803
0.0312366031151093 -0.0451093936152519 -0.0354293602298369 -0.0198672809549513
-0.00266048429018035 -0.0504961619128779 -0.0321441673457807 -0.00727081650594682
-0.0287528373729729 -0.0339822367059393 -0.0285066604967724 -0.00491555011785389
-0.0332254753095586 -0.0264480539632724 -0.0156037967593835 -0.0115010536756929
-0.0312098732301778 -0.0248518271204037 -0.0075695749703146 -0.025978985041342
-0.0212924656690529 -0.0436982626960282 0.0112995157258806 -0.0405802910473123
0.00780679463890131 -0.0553297276514319 0.0384356801588124 -0.0390041320028999
0.0402482410430746 -0.0447610212659767 0.0627002882853335 -0.00242541166751194
0.0686681160066165 0.0119860116649342 0.0377207087660463 0.034713470152062
0.0347419994411307 0.0675106141229475 -0.014512412871509 0.0311912326490055
-0.00875615040481835 0.0782044620303805 -0.00881304683532293 -0.0263490948595421
-0.0308967693315233 0.0424643059949097 0.0315453606706185 -0.0733752081047707
-0.00633304666655112 0.059171925937509 0.0518547553440405 -0.0709505884568951
0.0299493903631993 0.04355680078734 0.0306530516765477 -0.0723557109118508
0.0436684172065537 -0.00263298555814736 -0.00887424814103348 -0.0589367755063818
0.0239170308082276 -0.0310876136404236 -0.024516863189517 -0.0359713417285695
-0.000295642122212101 -0.0361201270333838 -0.0354673465840382 -0.0252037762078055
-0.020350518851605 -0.0255689124900221 -0.0386300660548446 -0.0180360501915764
-0.0249466965544339 -0.019505886755003 -0.0262054597750932 -0.0201975116755607
-0.0228880867003667 -0.0190130571731235 -0.0176199824463694 -0.0344918559983945
-0.0156362005131453 -0.0329799338619704 0.00317799216224151 -0.0496879320675408
0.00626170950616171 -0.0410421884220407 0.0348764898070459 -0.0486721427835961
0.0328610711841689 -0.0320146751317891 0.0626172077796973 -0.0100033739029715
0.0511581328774374 0.0147608177387995 0.0398622344008993 0.027289457980381
0.0174636419188122 0.0536331502260531 -0.0110976420177175 0.0227542337428205
-0.0156289961690793 0.0532915630058883 -0.00117030825155988 -0.0431738070740012
-0.0212371401045811 0.00998786538639117 0.0381494906412206 -0.0910358907148088
-0.0133089868566557 0.0249938193132286 0.0498157748015984 -0.0771177908031851
0.00927112395977221 0.0218448192724421 0.032968533290762 -0.0729951948638709
0.0187924744244564 0.00120431832611191 0.000139120849150304 -0.0591337374027306
0.0101245530948948 -0.0121256330054818 -0.0198675791827799 -0.0444430339212341
0.00136048339244578 -0.0149325794118939 -0.038298694625491 -0.0337295521811922
-0.00855079728348659 -0.0117618225258055 -0.0434443143181458 -0.0253489793752345
-0.012045209130858 -0.00939524119869887 -0.0326709612486016 -0.0257624126223043
-0.0116328334060945 -0.0107915784668819 -0.0234357175447495 -0.040570208906562
-0.0085156124370741 -0.018561530465568 -0.000998924215556385 -0.0554945312643686
0.00398441653901041 -0.0237645366160545 0.0347229455237239 -0.055166574758087
0.0232837656291447 -0.0170403644251489 0.0629408204672466 -0.0130416627595453
0.029845210118251 0.0163317928349225 0.0404201138748422 0.0242977216765545
-3.28576717166223E-05 0.0341817586134114 -0.00769345923771958 0.0179685524724376
-0.0200666124442825 0.0229273707980704 0.00683902146836622 -0.0516405547987836
0.0146712390686456 0.00807970150776388 -0.00263845252439476 0.0671017833991032
0.00339418086742075 -0.0110590478256492 0.0291810421409067 -0.0129986187037972
-0.00701702135148769 -0.00640108299286763 -0.0382293921718784 -0.0360269268387353
-0.00500286427550997 0.00509131960135102 -0.0732445952309907 0.0103743975228674
0.0026544067679465 0.00297357924120239 -0.0452022227332378 0.0643272064839591
0.00136990064163038 -0.00117864517061666 0.0053322618724979 0.0679877295420993
0.00037159997195297 -0.000726562404989936 0.0318215462988933 0.0471358158179373
-0.0032962116527296 -0.00345755881331462 0.0401105277426476 0.0300562281738583
-0.00465480448175196 -0.00312123212750958 0.04714428518238 0.0234689758586843
-0.00472884479299675 -0.00814715334425632 0.0452786402553564 0.0325695541140318
0.00380096363704354 -0.010356091016822 0.0311763945285347 0.0470751800508466
0.00896836073639407 -0.00611278227181288 0.00625193167799712 0.059354806181604
0.0159424091247334 0.00165269192868533 -0.0286756834144614 0.0766483392006433
0.0161110027801414 0.0113556359950766 -0.054358188401578 0.0823422475641673
0.00673562595299678 0.0259418851813322 -0.0420971774605513 0.0966964393726261
0.00883552157789762 0.0365515958273715 -0.00685554344708039 0.0624274730745138
0.0178732884090947 0.0134419644982763 0.0310680739905867 -0.0145304054030429
0.0139307552432977 -0.0005486247282236 -0.0342551112440422 -0.0420605988822013
0.0101058779739371 -0.0088623330969893 -0.0761569076756287 0.00177371455162999
0.00706655063947503 -0.0161798398100094 -0.0494556514961027 0.0599877780145315
-0.00459778651064616 -0.0183607706307276 -0.000451246686523274 0.0652337741008698
-0.0127345469848681 -0.011616746784613 0.0255232300143693 0.0454676927351831
-0.0170224373109289 -0.0137659632421147 0.0353571638860591 0.0272566343167359
-0.0188878415109219 -0.016143258187076 0.0435217666162101 0.0173026304972197
-0.0118507541074456 -0.031496627569262 0.0472904229163568 0.0223648637384394
0.0139153152980009 -0.0355893489288132 0.0406583205323209 0.0375346332122398
0.0343070190550657 -0.0193277081272216 0.0220595151147738 0.0552603959101414
0.0451124513431992 0.0175207127518185 -0.0141511201542656 0.0764395520294061
0.0270234943119305 0.0495917635247326 -0.0435653802556692 0.0776638640381072
0.000170802164141237 0.0630879348964008 -0.0347112762994965 0.0818999192251898
-0.00146676172249436 0.0622298104400425 -0.00856370207338317 0.0463633647546863
0.02753862437454 0.0417040214980901 0.034425611429986 -0.0211793464042226
0.0360228132910551 0.0114238347128581 -0.0258635969927999 -0.0521354574120874
0.0282364819413771 -0.01961804813624 -0.0752284947420363 -0.0121811520031545
0.0135290722513084 -0.0339595918349258 -0.0529397675611005 0.0479878851384215
-0.00876733498181861 -0.0359386156809487 -0.00888048490613442 0.0561748109018203
-0.0239034662299685 -0.0228341171963794 0.0139409972035329 0.0389656590316508
-0.0285290431318486 -0.0222789072779694 0.025808723471005 0.0207186084155205
-0.0294570160707272 -0.0248502143945772 0.0345387076401765 0.0071362538229422
-0.0199077460845414 -0.0467862906815731 0.0437691360194393 0.00478390730353428
0.015027217710915 -0.0555223310410297 0.0478258345030472 0.0183152475870031
0.048167173686664 -0.0375271717648399 0.0412589338318752 0.0444061270777507
0.0706097046417603 0.0190678745236449 0.00533765826037597 0.0719489915841067
0.0423549319115525 0.072858003479733 -0.0316107973378693 0.0689125581979645
-0.000495974489788692 0.0897619342837935 -0.0267337580220722 0.0578631658385208
-0.0144163250244233 0.079392646478868 -0.00318307008758363 0.0206776269113955
0.0291532408103998 0.0678776354735762 0.0388991933340335 -0.033207584749133
0.0537620567818242 0.0283622293381231 -0.0135533165972938 -0.0630220979621878
0.0475151269353058 -0.0251105249481309 -0.0664108183182142 -0.0296068929999765
0.0216078064697916 -0.0483483476704398 -0.0532684488914934 0.02860439911665
-0.0101795886742783 -0.0495803065645361 -0.0184102002257262 0.0392939913884002
-0.031398247202553 -0.0313345068084009 -9.96610062906525E-05 0.027812606091488
-0.0363190387429201 -0.0268058859280604 0.0126750104925537 0.0109026489282615
-0.0363194288270647 -0.0284284932216597 0.0211592949468935 -0.00471702255642392
-0.0260002903357691 -0.0532100596927726 0.0346332608480071 -0.0140640465191177
0.0112014727516449 -0.0663319498246482 0.0494987817271582 -0.00497107323171365
0.049689261619763 -0.0517674468193109 0.0563999509951573 0.0259477647264339
0.083516234201372 0.0122919806578412 0.0234933121032656 0.060861239415936
0.0522584363008719 0.0802730508444613 -0.0233551119117232 0.0568154289308844
0.000325232790630074 0.100567190048357 -0.0199334001509347 0.0283906679874443
-0.0258967213764478 0.0825188157491631 0.0053555881117392 -0.0133469137628706
0.0221751776396994 0.0836794737219655 0.043559667229624 -0.0479418464093726
0.0598014380617804 0.044170687408656 0.00335302491300612 -0.0713519015706246
0.0605038593804206 -0.0217178867104952 -0.0500205029709396 -0.046325883479237
0.0278849621113342 -0.0533927509783401 -0.0476628756849959 0.00405514771806751
-0.00841305498307975 -0.0554303204057315 -0.0271955359978674 0.017637660346935
-0.0336527704397142 -0.0354565672273229 -0.0155565249263926 0.0125108436711395
-0.038668594557205 -0.0277709521497515 -0.00239753478415935 -0.000224728761132238
-0.0368362035894223 -0.0278897800787764 0.00541642034370444 -0.0164108880366264
-0.0276051715282029 -0.0511978674019029 0.0216266567891967 -0.0303017756978505
0.0065566431427726 -0.0657476275217757 0.0444203863642892 -0.025749482484532
0.0450217269235045 -0.0547884281898186 0.0627923946568964 0.00829737661156122
0.0822342081311035 0.00846486393774265 0.0350683093796406 0.0465943850068767
0.0507069453316992 0.0764596383256849 -0.0179379691402874 0.0444745540474492
-0.00124663787292707 0.0961982998937368 -0.0150270885542176 -0.000896302414924098
-0.0313834472725891 0.0698635789934452 0.0178985733508783 -0.0476154205561355
0.00942399581763601 0.0818758275472024 0.0472503924944328 -0.0624224344675594
0.0512756203531797 0.0504311179469456 0.0185143278269726 -0.0751260757734214
0.0598684861618783 -0.013440213282155 -0.0284045906485188 -0.0562612935091805
0.0294104533914292 -0.0474819074367984 -0.0364298656004824 -0.0189156058712745
-0.00504870155604456 -0.0516875221760237 -0.0332705979763792 -0.00549482451548369
-0.0301543082653236 -0.0329243537574117 -0.0295181342223013 -0.00325273805353832
-0.035287959077156 -0.0248749214550729 -0.0164417717359715 -0.0108772075973449
-0.0330208567404083 -0.0238108078675998 -0.00886507644572459 -0.0265366738202836
-0.0239532677855981 -0.0435373869745174 0.00963101256217795 -0.0423302910726164
0.0049977051092678 -0.0562254864877746 0.0381357243990083 -0.040867354406382
0.0388128803663985 -0.0471275989443241 0.0631746052802686 -0.00591734495833535
0.0700557048327843 0.00897588328855846 0.0396559934929084 0.0337118255574945
0.0381985303203454 0.0668635437868457 -0.0137265307122879 0.0320165308044699
-0.00589747917930557 0.0798727866541473 -0.0103951486916246 -0.0261978648657386
-0.029435529462292 0.0447839962141204 0.0294087244071902 -0.0761658738052701
-0.00372670386069621 0.0600035925548122 0.0498701473426672 -0.0737067530213863
0.0324579417177425 0.0425752167285312 0.0290649042081758 -0.0751667858979264
0.0439770515168841 -0.00502989232688265 -0.0101604517854208 -0.0602078991373603
0.0225511225033662 -0.0328782418491758 -0.0258619299350376 -0.0369185473351201
-0.00226472843555264 -0.0367395711923347 -0.0375742153491226 -0.0239720535490552
-0.0215801455467183 -0.024413013118444 -0.0396577760826737 -0.0156803300888623
-0.0263917275842928 -0.018052454001918 -0.0277311390725908 -0.0192510045664144
-0.0243113864377264 -0.0179728043819292 -0.0197863946564041 -0.0345917404698777
-0.0174334674461501 -0.0323550692839471 0.000842835643853274 -0.0509850684663195
0.00467595808033246 -0.0419012700674294 0.0339096328225845 -0.051159987731567
0.0317401687418343 -0.0337967340459922 0.0626975382760286 -0.0134455242105752
0.0522413505154016 0.0124539564471535 0.0413406578326517 0.0259413335684808
0.0198779829618331 0.053681321975791 -0.0104526921094923 0.0236743750044043
-0.0137680106766007 0.0549016967727454 -0.00291136948934943 -0.0432951080073258
-0.0210305490887126 0.0110564563903777 0.0353484751254977 -0.094038944700896
-0.0122562655658071 0.025680020899231 0.0478699875096454 -0.0796317684101364
0.0101641365525643 0.0219079934831192 0.0312057058756637 -0.0749260856150296
0.0186738836952488 0.000127079114994707 -0.00166399645398655 -0.0602623705076814
0.00940197652131543 -0.012890259028844 -0.0218402189095795 -0.045213836820692
0.000456433931400877 -0.0155707970591777 -0.0409917232927066 -0.0324926681312867
-0.00915727816512777 -0.0113243813961024 -0.0455767900818466 -0.0227771930977365
-0.0129008826031855 -0.0089919274486565 -0.0345013636604479 -0.0240013480906166
-0.0121458416355109 -0.0100476823101316 -0.0262741944062698 -0.0402244812480879
-0.0096578194075517 -0.0185183160401462 -0.00363388319870826 -0.056616731086926
0.00314620157383673 -0.0239479111060816 0.0335141430591483 -0.0572728492483287
0.0227456237954028 -0.0185639794262611 0.0631402245928458 -0.0160802996496953
0.0310777642707219 0.0151088478966447 0.0418931603166164 0.023551679562067
0.00153107774942737 0.034855620231215 -0.00713830671976349 0.0193026271536098
-0.0191815199562122 0.0236189565687079 0.00421964625545307 -0.0523009841436691
0.0149867629143401 0.00657272982492597 0.000620705316839828 0.0661382762475202
0.00320734756634188 -0.0111406909754826 0.0287833958472371 -0.0157975621684913
-0.00755314508444305 -0.0061168064859379 -0.0388860868573601 -0.0346678123299952
-0.00481393566295125 0.0054605006080014 -0.0722053262970639 0.0132373138594255
0.00286725689032439 0.00291735075256666 -0.0413660336021487 0.0663582674567786
0.0011963663711897 -0.00146869776425497 0.00869932862268167 0.0671882298008155
0.000231733009759669 -0.00107395732499061 0.0335847763708796 0.0438004815438279
-0.00357731167799905 -0.00320057044198064 0.0412191235904716 0.0273719873495029
-0.00529903580158534 -0.0030059513450194 0.0485131273043304 0.0202707451166973
-0.00489813561070711 -0.00762347734569467 0.0473257578978419 0.0299862792913593
0.00344547051305166 -0.0103589120100295 0.0330512935361142 0.0458404013053295
0.00871872128587721 -0.00662479584793032 0.00744862609555301 0.0586114855809845
0.0161381591281456 0.000424053978917395 -0.0256678047750755 0.0778689247226684
0.0157633763139353 0.0108637780364816 -0.0506581266809866 0.083288078130177
0.00775214581802309 0.0257470614159742 -0.0380506466271949 0.097673351796
0.0105810272548746 0.0363461183078335 -0.00390509085077586 0.0619277593499386
0.0182040684012462 0.01214253737635 0.0310573534403605 -0.0169385981909064
0.0139079637099442 -0.00098205719911201 -0.0348895676160101 -0.0402127302017399
0.00939305720786694 -0.00890817287122475 -0.0751655076066476 0.00552733229624059
0.00618049864316825 -0.01597234619433 -0.0460480559107959 0.0618215539601105
-0.00570782245664223 -0.0183165162291519 0.00266387857649676 0.0642457201746595
-0.0133463701954396 -0.010973738869163 0.027212889653334 0.0432698136386516
-0.018016654237147 -0.012830187819627 0.0367669333313109 0.0249226738581266
-0.0189641417665144 -0.0150375347477086 0.0443104111556253 0.0144046101967409
-0.0129568122195976 -0.0304136935100958 0.0483591619475356 0.0191914316524726
0.0115884839453322 -0.0357708857201895 0.0421585938909584 0.035687138781892
0.0337389984541184 -0.0210289426595991 0.0234660889403568 0.0545048255347935
0.0460779321978303 0.0153361890471482 -0.0109185562791845 0.0772710426583775
0.0289979694047542 0.0481645009152428 -0.0402015851920034 0.0778635028027276
0.00249606916991367 0.063441990806432 -0.031392927374637 0.0823828860637059
0.000800805932923557 0.0625998176957363 -0.0058112780403819 0.0461596543284209
0.0292367252844128 0.0400825456148729 0.033479077835807 -0.0236025782735646
0.0366047098872577 0.00970611492225626 -0.0274113011460612 -0.0508708433598859
0.0270983027445568 -0.0205121286434724 -0.0747687316628733 -0.00887755949155395
0.0115005664788832 -0.0344613132104097 -0.0504962361620668 0.0504076400374811
-0.0108335887937872 -0.0347234424294288 -0.0062956786044166 0.056148939761742
-0.0246342784900108 -0.0210521606001834 0.0164984431411417 0.038189706265987
-0.0299102198684227 -0.0201534081387656 0.0270076362679705 0.0187302249904671
-0.0304862822406344 -0.0224895619880136 0.0349857222007482 0.00460774941659676
-0.022320372108647 -0.0459260048212136 0.0437324696295432 0.00236077295798992
0.0119591146375181 -0.0564780342293179 0.0490363041535017 0.0164118201902802
0.0457711829017353 -0.0396451773536894 0.0428672003257815 0.0417554290176583
0.0711818703867783 0.0159943701484849 0.00814613764118291 0.0716286147078782
0.0452577597963424 0.0704062089804883 -0.0294143438437691 0.0696195577221855
0.00233776448896328 0.0897439046497 -0.0244319015202664 0.0586735859935137
-0.0107561962264128 0.0795878633693663 -0.00237560968295698 0.0199847002249305
0.0324896060422779 0.0658525028108986 0.0370439276059632 -0.035388190237633
0.0550248209457797 0.025787392693204 -0.0148285189271975 -0.0625938853842249
0.0459936874513616 -0.0266378624765346 -0.0673435296906164 -0.0262166113167578
0.0186101775743619 -0.0489754764723899 -0.0512714504451047 0.031133301716859
-0.0130326951451555 -0.0489185413610779 -0.0170262030591883 0.040219640667723
-0.0323130288681805 -0.0293680133414626 0.00136312221544911 0.0274620584469841
-0.0372227378540571 -0.024968012983414 0.012563124662947 0.00997818086177454
-0.0369636059140511 -0.0262907970673862 0.020872058777821 -0.0066021596123707
-0.0288747862901616 -0.0513152736722969 0.0330366260589759 -0.0160596785652816
0.00712207994019632 -0.0664833646162449 0.0495017817096419 -0.00703166048802138
0.0468477170328209 -0.0536611278593009 0.0568578770990975 0.0233183147510376
0.0839948612695297 0.0089296624647774 0.0254065462483923 0.0596086753782014
0.0557680960838143 0.0775979582615186 -0.0205016332407409 0.0574327103483437
0.00423589691769246 0.100718281557816 -0.0187904284982277 0.0292370110048552
-0.0224023127560204 0.083517533999452 0.00464582930658902 -0.0131197142166329
0.0261624149543278 0.0821665646736226 0.040687694613757 -0.0497696639123022
0.0613216096615442 0.0408473128894292 0.000789646728647084 -0.0716996895731761
0.0590422131710712 -0.0245732467968309 -0.0512830843312233 -0.0439415999195912
0.024978257730827 -0.0542322428941076 -0.046947384263327 0.0057980447103404
-0.0118772232781715 -0.0549369376339557 -0.026278821102835 0.0188305809009413
-0.0350427043850352 -0.0332411957597185 -0.0148558510244206 0.0140083410872066
-0.0397494032903953 -0.025677346960327 -0.00278161351210018 -5.62121821670705E-05
-0.0376373668474852 -0.0254466896004355 0.00521895730435552 -0.0171448073744571
-0.0302610072609075 -0.0493657296558469 0.0203828039891668 -0.0314268022539826
0.0028079748992261 -0.0656112477798574 0.0436453664995653 -0.0278325933348101
0.041875685774849 -0.0564233934699778 0.0626379179957161 0.00497316645554048
0.0820981251144306 0.0040399141303859 0.0359128906389196 0.0447291269906096
0.0541257072611658 0.0741093076729576 -0.0158838502098939 0.0442171343929392
0.00286717649051021 0.0961254901420327 -0.0150515876842365 5.4404715214915E-05
-0.0281540447280317 0.0714663229101418 0.016276474599099 -0.0485020027855328
0.0127198950975166 0.0807302000048599 0.0440839346836701 -0.0641984122897409
0.0532226024491287 0.0478293880075457 0.0158560783579051 -0.0759621234781077
0.0585788541451467 -0.0160753248321405 -0.0299915206125263 -0.0554548140829496
0.0263680967132006 -0.0486638301025789 -0.037059574898723 -0.0182868097001805
-0.0082298234044276 -0.0511400547039558 -0.0335358423354379 -0.00380234008919721
-0.031395104862923 -0.0311256176814398 -0.0292837698331582 -0.00107928459684438
-0.0361235184457125 -0.0225062429495106 -0.0170316031863142 -0.00953748426323438
-0.0334633993499752 -0.0216921994934031 -0.00973222515320694 -0.0261246676508629
-0.0257674987150162 -0.0423194377159184 0.00744053426663445 -0.0428483998950104
0.00178725551252085 -0.0561473229648513 0.0360965336744548 -0.042984707004644
0.0359977833659697 -0.0483759660494032 0.0628548614945131 -0.00881774044194389
0.0702335930943157 0.00574297848818496 0.0403113694409017 0.0319016745379052
0.0414232816388959 0.0648946360707228 -0.0129761949285692 0.0326934617797749
-0.00363950025382565 0.079930558321914 -0.0110513007225881 -0.0247677641452198
-0.0271190118255807 0.046157570598073 0.025692009616 -0.0774004948556077
-0.00108955995692069 0.0595062711220093 0.0464152221634411 -0.0743975348393648
0.0342275583166446 0.040455177459101 0.0263901618069739 -0.076226417088203
0.0437757940767933 -0.00735601131570188 -0.0120307970897523 -0.0592604993085866
0.0205426621921083 -0.0339592998780248 -0.0274012616823597 -0.0356492128534543
-0.00431270678563199 -0.0365012108884921 -0.0390077405982807 -0.0216134632846742
-0.0228394169073335 -0.0232713776096885 -0.0402928367000552 -0.0125136812988619
-0.027051854573123 -0.0164733612108624 -0.0289099185459568 -0.0173602945695781
-0.0244172360351579 -0.0164866844982129 -0.0216166853176514 -0.033729157320084
-0.0188821910970315 -0.0310205567017479 -0.00165674229238634 -0.0505012522420039
0.00253248157770864 -0.0412735997765441 0.0313816119344915 -0.0524417498226488
0.0298255158878137 -0.0350114959508762 0.0619692083225948 -0.0160418284234195
0.0521767594670481 0.00987207723052831 0.0414763686819635 0.0239728120312584
0.0225076649281091 0.0524244578158213 -0.0100014211831412 0.0243886014184564
-0.0116039445260854 0.0551763584232276 -0.00523051607354616 -0.0428411040938745
-0.0202600992658682 0.0122713695870163 0.0312656044008025 -0.0955617256503105
-0.0109969917866883 0.0259600132570061 0.0442422571670914 -0.0805261724861631
0.0111903861585574 0.0205386237450331 0.0283800174621063 -0.0761905910738424
0.0179584476144374 -0.000978538724236304 -0.00398214773300984 -0.0605488953498091
0.00846158438385079 -0.0130721376964802 -0.0241164501412574 -0.0447350244365106
-0.00025938359034521 -0.0154086731496406 -0.0424297437598518 -0.0303692363676432
-0.00988414952234086 -0.0108041552510774 -0.0461738859011282 -0.0196677272044345
-0.0130407917001065 -0.00817242311523673 -0.0355919690146587 -0.0222902461566328
-0.0126525663672983 -0.00952937088545869 -0.0277034834344691 -0.0383180298044247
-0.0103256396772111 -0.0174676846478657 -0.00608212011030836 -0.0558006991229498
0.00249673130444485 -0.0239667205514206 0.0303882349229785 -0.0586552391785117
0.0216465928297675 -0.0188243663757584 0.0619064720377387 -0.0191800903176004
0.0311270814785418 0.0135222258182098 0.0424153140059139 0.0206932246277049
0.00301702360399304 0.034613733729698 -0.00694006763033385 0.0197474257350464
-0.0178610361489905 0.0248973389499595 0.00210966677132878 -0.0513021449609225
0.0145676261460239 0.00631249933599981 0.00300218228953626 0.0643476038664614
0.00250196655424095 -0.010559040313702 0.0280843899015317 -0.0171728997561904
-0.00744536277942242 -0.00558988168190445 -0.0386058736258605 -0.0331051556668387
-0.00404998359575318 0.0053875660509535 -0.0702314477638022 0.0151748116649217
0.00291208652227107 0.00257223853312818 -0.0380363181223481 0.0667265221421429
0.00112863976634526 -0.0012322878323902 0.0110469322738471 0.0653758785156435
0.000218904605752148 -0.00114168618876498 0.0340879818116891 0.0415364805233969
-0.00392931621531886 -0.00326791096863263 0.0414598814707965 0.0249285491698109
-0.00515630108790582 -0.00321400675280352 0.0477127911438673 0.0175366632382425
-0.00540462659887454 -0.00738012555880362 0.0481524395389321 0.0272099202390063
0.00309586019387847 -0.0107491736402545 0.0340270430977603 0.0441326025995775
0.00811559245102362 -0.00632496659051135 0.00857436903256576 0.0575747218830531
0.015579347926538 -7.17982905973494E-05 -0.0231781626217391 0.0773835491779442
0.0156149882682276 0.0104471054514747 -0.0473012631602577 0.0822841588940283
0.00791615168212827 0.0254722534621615 -0.0346840114326889 0.09657958323104
0.011244966607627 0.0355332589185765 -0.00209392965987374 0.0603317046768373
0.0179444543208633 0.0115735642828066 0.0296336376966155 -0.018568008842182
0.0134326981638013 -0.00109653570094957 -0.034985890848937 -0.0388037210178482
0.00852495829506883 -0.00919237513556233 -0.0731245586085264 0.00730289266116965
0.00544619312154762 -0.0161073431400454 -0.0429744683126574 0.0619199322602148
-0.00617719044908002 -0.0172975010020688 0.00479969797530064 0.0629111350595541
-0.0132538519010649 -0.01065837966844 0.0279840969767823 0.0411382846360467
-0.0177952613115866 -0.0115584585744248 0.0365524126209611 0.0223413752517435
-0.0194677057416004 -0.0139048689712948 0.0439923322705557 0.0118339969298043
-0.0143297694145853 -0.0295990361951714 0.0481636784923586 0.017171307485812
0.0100989927739838 -0.0355316955674515 0.0427176931088206 0.0330453621756173
0.0321107230761717 -0.0218660212294641 0.0237686015131049 0.0523631143648537
0.0456745194514506 0.0135999688335513 -0.00936309892319382 0.0759905330530436
0.0296226034897221 0.0468936340173111 -0.0374710766162443 0.0768269784683883
0.00357410677914822 0.0625017217118832 -0.0285994385182737 0.0818572143369494
0.00304112010197516 0.0616540622966089 -0.00415567320847386 0.0450406967584496
0.029432402299506 0.0377629498413327 0.0319665970295914 -0.0246596842013434
0.0360095287753283 0.00876638534493468 -0.0271847199491673 -0.0496564238743921
0.0256179683265123 -0.0208503641714134 -0.0733774362004036 -0.00646880571914294
0.0101037144780759 -0.03427115149853 -0.0476665458477646 0.0507105568897505
-0.0120365602929614 -0.0339078018925549 -0.00430068947355603 0.0545288951940018
-0.0245236227361526 -0.0198367730089624 0.0171409815533326 0.0366523161098359
-0.0297920034395391 -0.0185965796155545 0.0264953646911044 0.0174695018114008
-0.0301615810063421 -0.0213477806741658 0.0339803660850945 0.00265032945944171
-0.0233905917189052 -0.0439629038132484 0.0429273950774271 0.000239058126203437
0.00979994110285133 -0.0553290247776274 0.0494707198299619 0.014299696276987
0.0437176914087098 -0.0397816895537643 0.0425731001391039 0.0397397423253907
0.0701401320429179 0.0134256295201263 0.00938351219730482 0.0703290531420345
0.0466979154370771 0.0678875597119205 -0.0272765734346523 0.0680977092958621
0.00420608401846492 0.0884232587263091 -0.0222123486375473 0.0577605534550533
-0.00867327836794863 0.0791333801685774 -0.0018636748003127 0.0193768670561473
0.0340525599032463 0.0632917775970098 0.0352310104183155 -0.0358044953767185
0.0547434310336984 0.0237779008395293 -0.0151665866573089 -0.0610264819856497
0.0441200072229417 -0.0277914653744466 -0.0662354902186278 -0.0240560344776235
0.0165688931009513 -0.0487436905082628 -0.0490130532728003 0.0316244890607759
-0.0143713164955116 -0.0473364434744326 -0.0152224629638043 0.0398246357898497
-0.0327050803395528 -0.0273366534443532 0.00276636574005521 0.0268034374530594
-0.0376019274668636 -0.0225238303871049 0.0123597786307459 0.00903231536429392
-0.0367429710083347 -0.0238712395302133 0.0199315328783796 -0.00821523588171182
-0.0306223806583591 -0.0491312455360998 0.0319887598533035 -0.0171117221461397
0.00444036418047401 -0.0655955112785565 0.0488485847409206 -0.0090354839129792
0.0439291500683996 -0.0536003820848145 0.0557449897982008 0.0210254688592269
0.0819912092208602 0.00577085466148706 0.0260578074901974 0.0576543199148156
0.056930337602867 0.0742811543981445 -0.0192626921147775 0.0564250100770248
0.00585426976580544 0.0986513773337694 -0.0176934135137529 0.0292844189367373
-0.0193203148895972 0.0831622475467916 0.0043590755637542 -0.013563843830326
0.0282293289855758 0.0796506599070857 0.0385042351645641 -0.0494716867459267
0.061634287673286 0.0384251847068836 0.00017612218048831 -0.0708559865461529
0.0572121841577935 -0.0257514180226629 -0.0510076932330758 -0.0422888070852352
0.0222585554152232 -0.0539857093681433 -0.0451766046507763 0.00694282174587787
-0.0135562938569813 -0.0535566229303527 -0.025587304791751 0.0193500681241243
-0.0351419671591189 -0.0311176534637277 -0.0134262440487436 0.0145048428243758
-0.0398489293657844 -0.0232776414092892 -0.00231526520352656 -0.000130469933336128
-0.0375617500717148 -0.0232147690832521 0.00405538380351855 -0.0172262320750682
-0.0311624485898272 -0.0467716242957016 0.0185437983370972 -0.0319867731003771
0.000738157299959009 -0.064211004078569 0.0422320612544836 -0.028869334954984
0.0387236621065847 -0.0562948403998458 0.0607018167365755 0.00271174088216031
0.0804930148617877 0.00144177268452161 0.0357837101834155 0.0428750089466631
0.0556964626152574 0.0706882427563744 -0.0148196370030231 0.0437594833885379
0.00445932796122525 0.0950531565693993 -0.0145533379028352 0.000628453419081131
-0.0255578651741935 0.0712252754470245 0.0144291098714832 -0.0476982245688924
0.0155539399407182 0.07868474895722 0.0415889908694706 -0.0634818511401429
0.0532417634792736 0.0455280834467852 0.0150888493797694 -0.0748840723554237
0.0569747621399229 -0.0175319808854363 -0.0301384380298431 -0.0537880655487038
0.0241643392807492 -0.0486551731079168 -0.0366040613978123 -0.0172963205481752
-0.0102516719970589 -0.049798999849527 -0.0333113931214443 -0.00242611705760677
-0.0315461816630593 -0.0295306784696062 -0.0280789781147454 0.000654037278748282
-0.0359230086607259 -0.0203569972253636 -0.0174321404120457 -0.00890788592930275
-0.0328739040397576 -0.019994472018835 -0.0107450411923076 -0.0257022800018955
-0.0268551775687727 -0.0401418763382231 0.00531410360746284 -0.042019162518646
7.79853884101209E-05 -0.0547451359814781 0.0345811939205931 -0.0429650451626481
0.0334478190488345 -0.0481769722397817 0.0616459365089958 -0.0107176679203097
0.0687553849813436 0.00303217993535723 0.0396294343359525 0.0305306728690123
0.0427403440552567 0.0622633963671817 -0.0121446349650252 0.0326684808568659
-0.00160947072451499 0.0784624075901825 -0.0112483296854694 -0.0235121829961131
-0.0249681348527845 0.0459992206170431 0.0232262656875029 -0.0764828262826833
0.00107842888882365 0.0586915507094963 0.0432732714853406 -0.0740503542068487
0.0344257067146269 0.0380885709965592 0.0242408121335009 -0.0752620366192724
0.0422669990873774 -0.00888266701860316 -0.0127442683988744 -0.0582698050881139
0.0188088208499924 -0.0334957931940123 -0.0276793916510806 -0.0355257872022973
-0.00551273062366835 -0.0359825593144685 -0.0386833908559543 -0.0198979422419796
-0.0226567727604537 -0.022074867218772 -0.0394292162879867 -0.0109331488161231
-0.0265846316929336 -0.0147358185834122 -0.0289339997162934 -0.0161215045494078
-0.0246427243692246 -0.0151044389038997 -0.0222912125439791 -0.0324069085424907
-0.0196090663310039 -0.0295649611547353 -0.00377300381928687 -0.049560479490561
0.00146696133364598 -0.0404609109601441 0.0295549749080419 -0.0520586947807459
0.02795530034566 -0.0345952171215019 0.0598097638446082 -0.0181746800880447
0.0514567443682099 0.00803727330057793 0.0407569763602688 0.0226046802187075
0.0235093378165961 0.0506354296755126 -0.00952474108625436 0.0242771518316927
-0.0101307475995739 0.0546600310746836 -0.00638083373622804 -0.0409193985321849
-0.0194048697539886 0.0128098258520881 0.0284358670600242 -0.0942370548794451
-0.00973516313501865 0.025428129323402 0.0407993150309706 -0.0796419831327431
0.0111672382675076 0.0196878519113237 0.0263027631902699 -0.0755539896298245
0.0174813342539489 -0.00160635065438063 -0.00455673852179295 -0.059808253927187
0.00759074586322426 -0.0129400465913305 -0.0245590556610963 -0.0439775915376104
-0.00105780287405207 -0.0153310682044004 -0.0426100188666516 -0.0281676550634724
-0.00957288671877208 -0.0100738078303259 -0.0456511011068616 -0.0170393575542499
-0.013107334003589 -0.00735859017102195 -0.0353772657667947 -0.0202159763962741
-0.0125414144997061 -0.00837237100534217 -0.028263892418083 -0.03706925637791
-0.0108655264239005 -0.0171230179605504 -0.00784782311583365 -0.054472984937581
0.00172465816508395 -0.0232588138900299 0.0282243248441986 -0.0584243242824091
0.0202461406733303 -0.0194983620896359 0.0602413630912106 -0.0206872932390113
0.0305878906305898 0.0117989413267466 0.0411347675150087 0.0199986436287492
0.00377277473249696 0.0340629264287317 -0.00683440695099955 0.0199045624006622
-0.0170544816307689 0.0246934717608926 0.000167568475180883 -0.0498434517431564
0.0102927579010014 0.0124619650628892 -0.0230547393847563 0.0571173001821595
0.00646177860327962 -0.00822500923857574 0.0319371479331937 -0.00446408053885049
-0.00429185334775399 -0.00839042412627182 -0.0213190634093581 -0.0462250349081405
-0.00567370383693449 0.00298941782282646 -0.0692468430668555 -0.01430718035011
0.00203466724143553 0.00338619030688093 -0.0616400314966019 0.044215174889742
0.00160035481090845 -0.000968958228593116 -0.0167603168417315 0.0626497033949148
0.000512827464160893 -0.0012846378026378 0.0129312915366995 0.0504129587043694
-0.00235048400187215 -0.00406492808831102 0.0267238725219327 0.0385526235679614
-0.00298627584737243 -0.0046882712250286 0.0357284349037573 0.0339653834307802
-0.00154982778777968 -0.00888977986262585 0.0322461529769778 0.0437153302680995
0.00737624566767483 -0.00828048812652989 0.0122296618762545 0.0533023403654467
0.0107658232565083 -0.00204947327955337 -0.017159026541318 0.0553547930807072
0.0149718014810542 0.00728445796023349 -0.0525144795586886 0.0591652424635494
0.00994575211023772 0.0169909888335687 -0.0764679366087878 0.0548778236529313
-0.00219944650476532 0.0282100700677855 -0.0733789803482077 0.0721910101553889
-0.0061868158643223 0.0379482983666622 -0.0223798182769712 0.0514021414091535
0.0108202689029257 0.0179141278198162 0.0354157804558827 -0.00573898860274745
0.0125362910413049 0.00475551647518515 -0.013961392742093 -0.0512842622223995
0.0119832307771662 -0.00384812930855882 -0.0698748801215126 -0.02457882427986
0.0123348515099176 -0.0121872320562356 -0.0647178537178802 0.0372355118577984
0.00138888462322476 -0.0184347807221722 -0.0223946998681049 0.057982138932249
-0.0076340661491803 -0.0146325274302581 0.00795390669423754 0.0479776438988716
-0.0115633761220554 -0.0175064754240521 0.0237184149062206 0.0348138406290321
-0.0115503688863218 -0.020589591698612 0.0348343333060175 0.0275288763614429
-0.00116119777231354 -0.0324225903820898 0.0370129584777959 0.0339169671298268
0.0239867335399593 -0.0286945958980731 0.0251474146763506 0.0468952631110808
0.0382692757622739 -0.00664764080552967 -0.000931341714198883 0.0572269501344302
0.0375780302074339 0.0306750074240305 -0.0398209532501078 0.064537742477387
0.00913115965971677 0.0548190218987251 -0.0661765405959276 0.0551140189342575
-0.0203729749059772 0.0607581346534658 -0.0630092986711996 0.0600452558668978
-0.0257768392051504 0.0581420325851175 -0.0153562665894012 0.0364873041330394
0.00930471272689702 0.0464715552373657 0.0417038228709492 -0.0106965834602461
0.0284642910371483 0.0234243155327403 -0.00220541641719333 -0.0588763837412768
0.0314232663459797 -0.00701260802979656 -0.0641856069364673 -0.0382745100901892
0.0238316741724637 -0.0261977300778884 -0.0652815471961904 0.024704262277043
0.00324124285875839 -0.0347788863452562 -0.0278981962602156 0.0467443215057799
-0.013679845798839 -0.0278541765804375 -0.000102690346525779 0.0397260586737319
-0.019782404249162 -0.0288369324238498 0.0168252821908544 0.0259518261442708
-0.0188453092020132 -0.0310669216418944 0.0298398835458366 0.015178338877156
-0.00386435258132757 -0.0486125990928189 0.0393091021125652 0.0169199916185253
0.0303468768852861 -0.0472432268598793 0.0390696136834732 0.0325308214728478
0.0558281932705946 -0.0195447106280206 0.021836421973181 0.0528291289570846
0.0604627402453491 0.0393206029035787 -0.0205211018935394 0.067471707439155
0.0165158614092964 0.080450712546322 -0.0541767052915517 0.0525402311965562
-0.0293143316279214 0.0843773065768628 -0.0484418503269627 0.0414553134353111
-0.0440078929762355 0.0687870836939427 -0.000581790633445329 0.0156897567777414
0.00235992284615272 0.0705259717059104 0.0508325304260738 -0.019399652260993
0.0382656956147586 0.0445944376132952 0.0153092703536802 -0.0653110397102331
0.0504996774286512 -0.00486703573675571 -0.0505693587199937 -0.0527291630767237
0.0354137314732241 -0.0359703640584551 -0.0591096722867141 0.00592275426007126
0.00623474880999592 -0.047666108572686 -0.0316971746601225 0.0287859293363942
-0.0175743467330784 -0.0373653243218523 -0.00935834277985982 0.0251578324063176
-0.0246541749619951 -0.0348400627215272 0.00778629943850007 0.0131262858296312
-0.0230255386613676 -0.0361021747197615 0.0215216991794479 -0.000313613290850325
-0.00827791610918217 -0.0561470186314129 0.0365300021806814 -0.00345193603330807
0.0294109760722219 -0.0580894041469888 0.0474875508732846 0.0117473872121616
0.0610616539474438 -0.0314416871874703 0.0418921272333693 0.0417911886858436
0.0744000456900171 0.0370890854609849 -0.00114875237196908 0.0637372691959978
0.0243976916930332 0.0897213857879073 -0.0429117387548228 0.045975298423455
-0.032135269758928 0.0937089535278183 -0.032306573974121 0.0174424616030865
-0.0555415128067955 0.0672497167637699 0.0189552693839512 -0.0103891789597972
-0.00976881570025623 0.0826088954978821 0.0603041556651678 -0.0294574828464381
0.0383956711394836 0.0609647537067367 0.033876856064416 -0.06726243928346
0.0607731488458389 0.00226180246559223 -0.0286842336134774 -0.0632332046136704
0.0428974433575117 -0.0382384359115078 -0.0456107272063944 -0.0148932272796249
0.00987114826724574 -0.0530244427739499 -0.0328497986853301 0.00537396999656745
-0.0181029537837019 -0.0415726673959233 -0.018819846668464 0.00720197614695043
-0.0263341759178115 -0.0367445237379271 -0.00234493804024564 -0.00121209615212656
-0.0243703465134656 -0.0353339589797597 0.0114213977277493 -0.015182042909758
-0.0100793198863456 -0.0548283367193384 0.0304392630862864 -0.0218041890930644
0.0253396879319224 -0.0587695720846809 0.0502384587590665 -0.00892521428968452
0.0572347013146808 -0.0360158313664764 0.0542308310392586 0.0273916348850538
0.0745293615396194 0.0314077376574679 0.0141064478091218 0.0545362445837063
0.0239120449374821 0.0855703579564657 -0.0339812583354644 0.0365155432340386
-0.0322814308561915 0.0891151314869465 -0.0180276082450723 -0.00693142733973062
-0.0561265694990924 0.0533638352761304 0.0409803226531484 -0.0360046968089657
-0.0208716412121129 0.0757116398375661 0.0686198406913996 -0.0394479201702206
0.0282196887448107 0.0633275295433502 0.049095536172284 -0.0643304844428747
0.0571197019392785 0.00899536946952833 -0.00529736383130047 -0.0648522890986557
0.0416200159954577 -0.0320888649124286 -0.0270496616483018 -0.0332785762828821
0.0110250653286743 -0.0481608429309776 -0.0304130062880652 -0.0171787261857772
-0.0159932666029573 -0.0386072606346073 -0.025750257833925 -0.0106301633157817
-0.0240981586196591 -0.0328047994212785 -0.0118288631139271 -0.0148095260469214
-0.0216159044312648 -0.0309563412078724 0.00131325027900351 -0.0281522092709273
-0.00892060021233219 -0.0464445397865407 0.0230228759833036 -0.0362755073437886
0.0211070921148593 -0.0501275558977241 0.0489999395829244 -0.0248443751805234
0.048952022444644 -0.030794483646851 0.0598655561628757 0.0153603542657031
0.0629444920691573 0.0285744368961648 0.0223682097742621 0.0445930840132086
0.0153118423367385 0.0729370210121123 -0.0270509398969126 0.0271352616660659
-0.0316850269985626 0.0718680165247568 -0.00417000236383218 -0.0271340110953326
-0.0443615286554873 0.0307012133812101 0.0586012543195526 -0.0570194254658843
-0.0245150382749402 0.0520066446219057 0.0730195681724137 -0.0474361976533585
0.0141090034132957 0.0485490614178078 0.0570316432851788 -0.0590738348498091
0.040191817409845 0.010438692567681 0.0138167185396836 -0.0608979104012399
0.0303802562149817 -0.0212992982085223 -0.0114601453762743 -0.0453757964931344
0.00966597135347175 -0.0341678067396928 -0.0277413650121782 -0.0346237307011482
-0.0109949600235826 -0.0282671301641325 -0.0317673062007389 -0.0252789820486804
-0.0182030012210059 -0.0236380506448498 -0.0189326248200315 -0.0258076899871678
-0.0159084088729218 -0.0232720857581023 -0.00645333303496868 -0.0382857300282776
-0.00605784337356053 -0.0344914976620568 0.0176460912583012 -0.0464747839771741
0.0161527602814684 -0.0365845027274263 0.0481207063491025 -0.0345845633753817
0.0386473567973243 -0.0205149389443723 0.06151472361451 0.00837138639999113
0.0442561912940214 0.026695925240057 0.0264410997224585 0.0377878886777631
0.00207205156392717 0.0549219762882438 -0.0209078288688724 0.019576544033114
-0.0301104014697252 0.0460000485404187 0.00836710108644549 -0.040153763214449
-0.0231801142313651 0.00300547290960763 0.066810907188584 -0.0712126322374069
-0.0199367522009469 0.0184174371965344 0.0716955259764364 -0.0524582254679417
0.0014044471054216 0.0215291893993997 0.0570477665283192 -0.0572083155567771
0.0154500355493549 0.00632660868622385 0.0214455492683698 -0.0570570440359948
0.012053089460344 -0.00779684694980899 -0.00391421025099324 -0.0510788358501465
0.00536871820535842 -0.0136962213772949 -0.0275204459175251 -0.0429301011000968
-0.00421494019233794 -0.0130901571185194 -0.034275282277808 -0.033585482038766
-0.00881244772992788 -0.0114781220968173 -0.0229875637604781 -0.032028503324536
-0.00810124539654464 -0.0130537783720382 -0.0101327728998931 -0.0444411197956131
-0.00348371063109176 -0.0190628057349405 0.0152598615103264 -0.0521607182057539
0.0100577888824189 -0.0211225719734076 0.0489920121937702 -0.0398634184885634
0.0258720768664003 -0.00962471345977129 0.062474341249097 0.00654043555133327
0.0243443236744038 0.0220648383456535 0.0278605597215251 0.0351569471758238
-0.00913308553932997 0.0327905671531523 -0.0160221741072154 0.0158330846700907
-0.0248033808037733 0.0155054772127108 0.019738991783911 -0.045121829620989
0.0102557788726946 0.0126313448051368 -0.0219785963460068 0.0570211914860985
0.0063934481050061 -0.0080733343733208 0.0318325415884687 -0.00583490818039469
-0.0044733776597631 -0.00805668795125649 -0.0212454850139723 -0.04609328994454
-0.00532917365085484 0.00340520216494473 -0.0691646469755765 -0.0145509076796215
0.00227141016964823 0.00317123723009425 -0.0611476334569739 0.0450766639866702
0.00143218682755767 -0.00102043791827162 -0.0159906091048312 0.0626949785440699
0.000120415922976178 -0.00135460456059107 0.0135547518620223 0.0494875416652775
-0.0023750968195242 -0.00407163996408586 0.0273886582902383 0.037751076296512
-0.00318099068172685 -0.0052408490633832 0.0365028759008731 0.0332963444296259
-0.00154682074190796 -0.00902711496254568 0.0334409924218151 0.0431073463442574
0.0075834944429181 -0.00867012123678428 0.0130059041748525 0.0532813162959767
0.0108740183314782 -0.00221657306725796 -0.017604890374098 0.0556616110020845
0.0147493444729907 0.00663298282499276 -0.0524507264106581 0.0600363677271866
0.00994214276780266 0.0171846983771459 -0.0755576209536701 0.0546347169521552
-0.00213225788172735 0.0288165031603101 -0.0729025620749321 0.0724015404090451
-0.00624823398887164 0.0379937305376066 -0.0222936748282535 0.0515301520735007
0.0105226871608495 0.0183869463941611 0.0351450458852898 -0.00707760309601609
0.0126975613035123 0.00473601851874634 -0.0139521244909894 -0.0515098155948054
0.0119080309012913 -0.00411446385981711 -0.0690964591496989 -0.0236419610327248
0.0119132144250703 -0.0123384419014376 -0.0641838322678557 0.0382077055989256
0.00106974055236693 -0.0184812257991431 -0.0218632362386763 0.0578990628619416
-0.00783478162020242 -0.0147627321241864 0.00868748106020864 0.0474607680872191
-0.0118893319609013 -0.017502603634108 0.0239046186195917 0.0344676817688136
-0.0116274372406358 -0.0202618924067067 0.0357737448581324 0.0260970053166119
-0.00175184815178282 -0.0323917632312788 0.0380226860737467 0.0338123653773669
0.0232293986208439 -0.0296803244046646 0.0259426933459414 0.0469921635793303
0.0379143748679912 -0.00678348149605275 -0.00101479798017115 0.0571709080500028
0.0378202312921077 0.0305182478589097 -0.0398203849123509 0.065410044342505
0.00970258065499526 0.055234631012046 -0.0661499397018483 0.0546755210523718
-0.0203516688004889 0.0614137975798745 -0.062439947037484 0.0608975815401828
-0.0253129074298858 0.0585540618536854 -0.0150051188526936 0.0368739558500184
0.0101582325638143 0.0460243427641775 0.0413511957906062 -0.0118123767654307
0.0286975554647367 0.0232846867810769 -0.00113280436749109 -0.0589244428598164
0.0311663630318345 -0.00728479057082534 -0.0641342125448306 -0.0378635276377131
0.0230632422127585 -0.0265363278823891 -0.0644512755259507 0.0255789516862581
0.00217107220915725 -0.0349585058378655 -0.0273559620318481 0.0467844510567242
-0.0140951677712691 -0.0274467127788624 0.000571637415700368 0.0395262312212532
-0.0197178963177889 -0.0280323632272079 0.0173416419356249 0.0254214068621361
-0.0187248693376652 -0.0307495751745089 0.0302458827907117 0.0138258050522002
-0.00534777152253387 -0.0488664695054013 0.0395880780891666 0.0160393176179102
0.0297873075856571 -0.0476019898834509 0.0396765577857626 0.0318622671146213
0.0552911443494867 -0.0195180047798913 0.0215589956097551 0.0526101083053253
0.0610016580605513 0.0387119559628245 -0.02072432998429 0.0677240375786827
0.0175572202163895 0.080359792846 -0.0545178503448873 0.0524753302330371
-0.0296784637709552 0.0851286443720225 -0.0484595140286171 0.041869164838692
-0.0437377608421903 0.0695912453081021 -0.000915204882505996 0.0158794782250903
0.00287899462827829 0.0703723438837639 0.0506010817080316 -0.0199571634941406
0.0394506780035021 0.044527221971163 0.0155292159995135 -0.065871642601329
0.0503490138128884 -0.00527057872656709 -0.0507885113657257 -0.0524000914532479
0.0347937270195293 -0.0370790025234809 -0.0590093354719466 0.00671058127533893
0.00507537290045871 -0.0478110435542772 -0.0316605546089993 0.0288233256637785
-0.0180447944331905 -0.0368493010395115 -0.00892480595827583 0.0253813776419679
-0.0251594676721746 -0.0343489888873903 0.00748859013257396 0.0129092643290149
-0.0232988983652823 -0.0355966639351702 0.0208560634104428 -0.000932278618550082
-0.00985266965500259 -0.0560901007973229 0.0362966138915259 -0.0041285226406017
0.0282693851922793 -0.0590716597243305 0.0490945930114677 0.0107078761420814
0.0604899183464628 -0.0319974761890979 0.0419074731207746 0.0410978370140125
0.0749724069776884 0.0362375872077199 -0.00122128246630347 0.0637649438996899
0.0252159614837691 0.0898478579269834 -0.0431965321356775 0.0457499336983906
-0.0323131689243341 0.0949432094562371 -0.0325692666211239 0.0177314830470192
-0.0552630741744047 0.0684980394898333 0.0188565309276459 -0.0104168303881945
-0.00870831432504955 0.0826723866454307 0.0601863145796939 -0.0300462913644042
0.0393080233468183 0.0603416865480209 0.0342547376043975 -0.0679031444397104
0.0609481261603386 0.00156551113303955 -0.0292794622627573 -0.0623358588272888
0.0420361676259109 -0.0386591445507536 -0.045617997902117 -0.0154105377501924
0.00869233113814818 -0.0531054038353016 -0.0326180155985889 0.00602838815585917
-0.018527794386355 -0.041184468963464 -0.0183343155115145 0.00802073715628053
-0.0269624706381338 -0.0356192793857971 -0.00274185052126767 -0.00126062096236249
-0.0242695618500176 -0.0350542543828287 0.0107485954205841 -0.015827973666281
-0.0109964942735753 -0.0547359720009253 0.0295156853431648 -0.022794954499874
0.024483050615555 -0.058868282125978 0.0504909622068387 -0.00986049356914495
0.0567533861041831 -0.036208753526022 0.0542311657882764 0.0263460815301913
0.0748031409892394 0.0305238431507908 0.0136459940670887 0.0546178581301336
0.0250252795262789 0.085778904399985 -0.0346056868479232 0.0363866660562576
-0.032051973059494 0.0898844145746995 -0.0179705636713387 -0.00649738041037089
-0.0556174534416874 0.0546009995545706 0.04113839350983 -0.0362849558718083
-0.0198116617295815 0.0755844913945162 0.0676361064824361 -0.0397203568791758
0.0288337956795092 0.0626536097593463 0.0495358402894937 -0.0650203550202202
0.0570538106510606 0.00862835978930791 -0.00529250064678441 -0.0650274201395801
0.041313441972819 -0.0328594072674733 -0.0272422451680942 -0.033762734184142
0.0101956680738358 -0.0484527193121614 -0.0312300088499069 -0.0170132574588839
-0.0161620481861818 -0.0381809750372284 -0.0265972298855591 -0.0100424010437412
-0.0246817319751309 -0.0316164923365297 -0.0123740200087239 -0.0145602538493772
-0.0216162192083498 -0.0304373900052579 0.000658400078384029 -0.0285170343697341
-0.0102301691891199 -0.0466521450477307 0.0222057194531855 -0.0371531756127035
0.0201336109582249 -0.0507068826700828 0.0493834646234847 -0.0257073867814924
0.0482483608653126 -0.0310596558837366 0.0597653583527409 0.0142011077581599
0.0628468006755306 0.0272604111889126 0.0222517943689161 0.0440004621872927
0.0159833401848839 0.0730599303551301 -0.0274846631105791 0.0270689980149177
-0.0311540918158651 0.0721465852353259 -0.00449736665568741 -0.026478603496515
-0.0436812586998512 0.0318180183737715 0.0580923381597113 -0.0575198050668339
-0.02386349253796 0.0519933362821885 0.0727812401848313 -0.0472494292193495
0.0146036374324568 0.0483176224856472 0.0574849146849669 -0.0598475731323605
0.0402205026130514 0.00996546767072449 0.014046333036771 -0.0612595702771063
0.0300233914651106 -0.0213265433695803 -0.0107283692648537 -0.0463411445484383
0.00874306945381411 -0.0340038977319672 -0.0284032250675294 -0.0345134923757725
-0.0113345380230218 -0.0280827671983995 -0.0318596633223115 -0.0246710764315626
-0.0182626448802032 -0.0230301558585994 -0.0197251035136273 -0.0253027961834804
-0.0158252144612491 -0.0227168968206047 -0.0070474556904847 -0.0385416735532028
-0.00680252414554034 -0.034482786746357 0.0166070993852798 -0.0465854722170652
0.0156771727085572 -0.0366688158401782 0.0483071105610783 -0.0354695548691742
0.0380971847857881 -0.0206428793291908 0.0620871522007743 0.00777286843138866
0.04465759752388 0.0254927699881287 0.0261200700069547 0.0378017466806884
0.00278725240620118 0.0553472820638782 -0.0211202565308686 0.0200570719564647
-0.0295740692746904 0.0465133679247645 0.00812758301560073 -0.0397636558182917
-0.0232552296527586 0.00318087969365279 0.0665506003253096 -0.0711486048140111
-0.0201667031219786 0.018416565612699 0.0715028588279152 -0.0516778737953438
0.00141470297625306 0.0213969779128501 0.0570287044562766 -0.0573138728026948
0.0151279994627915 0.00584571900681043 0.0217998574204052 -0.0578822914103501
0.0117445394518841 -0.00758515974428442 -0.00422650148921334 -0.051515224092246
0.00505165988273919 -0.0136649091050545 -0.0282082334396599 -0.0429478389489296
-0.00436807009318008 -0.013211331235751 -0.0348893249940473 -0.0327415759867224
-0.00912976548981058 -0.0111419113608343 -0.0235164216436813 -0.0316648246514177
-0.00824543076380725 -0.0123463071074644 -0.0109134841036402 -0.0443615939143825
-0.00390328252353613 -0.0193649213320412 0.0150567634740489 -0.0523363913332186
0.00976186143506195 -0.0208328013732709 0.0492369377419331 -0.041226197354414
0.0256739573619877 -0.0101055833557146 0.0625773744446437 0.00584045267733613
0.0243292998540826 0.0218693789051274 0.0275608947799169 0.0352575779106538
-0.00872027034883334 0.0331375081587166 -0.016067446712331 0.0164448721009054
-0.0247927288222694 0.0160269428459798 0.0195730938975317 -0.04509802755289
0.0108647579564523 0.0126784930105918 -0.0208104725654926 0.0581454227496959
0.00614866619097003 -0.00779085771298679 0.0316450168689068 -0.0071494123769632
-0.00474644618375502 -0.00786738968495991 -0.0224173248464341 -0.0462312018017427
-0.00560072496732031 0.00296966173772198 -0.0697128080373439 -0.0131112624658586
0.00228721772513199 0.00296281262944678 -0.0602962026686833 0.0476578002370144
0.00157869917896071 -0.00109817573343647 -0.0143717632757698 0.0636633615179761
-5.6313896654101E-05 -0.00154934170472649 0.0150776749699609 0.0494575303896708
-0.0023616021540722 -0.00429900556985053 0.0288922055208525 0.0370559290472025
-0.00317005147285728 -0.00455792540941895 0.0379352507198305 0.0325048183491966
-0.00176246623838742 -0.00939245089708268 0.0353666839332894 0.0427365370636107
0.00711677706213694 -0.00910791882227084 0.0144475300832714 0.0543526860669781
0.0114266483623444 -0.00257319470298642 -0.0169906676304355 0.0573772076375168
0.0147095637993371 0.00661772652711186 -0.0516691983537517 0.0624159365366269
0.0100398170455218 0.017242167674007 -0.0756175093647453 0.0560806607677225
-0.00161195147770499 0.0293712733900833 -0.0722560838141335 0.0748405001244917
-0.00513873608283325 0.0390016459682172 -0.0209415071615884 0.0523536702124451
0.0116188413756509 0.0180935915071337 0.035113030600306 -0.00837692092251306
0.013046070241484 0.00425735089974464 -0.0145823724534072 -0.0522463003431993
0.0116744118748193 -0.00417295571023725 -0.0698071701569403 -0.0222004658477716
0.0114169213385952 -0.0129451654233672 -0.0636291730708849 0.0403258145319327
0.000452160659552725 -0.0183576412714573 -0.0199768243342747 0.0593535568852696
-0.0087304837917115 -0.0150144390108607 0.0100443646864187 0.0472766729987141
-0.0128563672236015 -0.0169685775321805 0.0252970132056531 0.0333793732579115
-0.0122067322525162 -0.0199186984435105 0.0365198736361805 0.0242364815228839
-0.00282629477576978 -0.0327546796186681 0.0400196810778868 0.0325740931332734
0.0223936795764002 -0.0306408117590382 0.0271780197349003 0.0472743197873798
0.0380452633179723 -0.00757396040845663 -0.000262244844001978 0.0582133081071772
0.0388151518181339 0.0299820610005427 -0.038984379442425 0.067386951247836
0.0107862854820186 0.0557036195581174 -0.0657969245222183 0.0559319974557759
-0.0191622854251583 0.0631366453488419 -0.0619628205108499 0.0631739722810477
-0.0241250432158447 0.0601475013260998 -0.0146701474024816 0.0376375528191354
0.0113075851110355 0.0464764697822639 0.0419795555407561 -0.0135986673072149
0.0295885311331709 0.0229866897670275 -0.00181081650598412 -0.0601138852516667
0.0314175239506414 -0.00858909498066094 -0.0652547636590854 -0.0367297777138244
0.0226348070533663 -0.0275160284943423 -0.0642184546936616 0.0271695625729322
0.000832443640320689 -0.0354273229975956 -0.0261768682288509 0.0483488678491578
-0.0152040947633487 -0.0273079145930612 0.00218261941856682 0.0390859214614551
-0.0208936186249822 -0.0274982865339896 0.0180968513936699 0.0245731807327682
-0.0199212561134967 -0.0306931545075673 0.0308182563539899 0.012216230745868
-0.00683277244123484 -0.0496898862164987 0.0408031137321165 0.0145852568429872
0.0284770033157905 -0.0493568710029865 0.0418779531571352 0.0310754111422706
0.0553321557117223 -0.021363134140502 0.0221969711928381 0.0529514947268855
0.062990721890428 0.037561442908423 -0.0200761699815617 0.0691288097110781
0.0198924888968509 0.081362142068966 -0.0544183149089486 0.0541082627875638
-0.0284003983865185 0.0875325382608935 -0.0478843838584522 0.0435617753179613
-0.0422535689443415 0.0719706118944249 -0.000468541666614148 0.0155618313425536
0.00520916014913852 0.0712227612670986 0.0503095608686584 -0.0213051979865298
0.0410577290422093 0.0439560380058127 0.0155296510600508 -0.0675724066750429
0.0506059789853915 -0.00669883677885826 -0.0524335760904468 -0.0516000401952816
0.0335751852853716 -0.0380932575663616 -0.0588283164670701 0.00786724529339748
0.00318962255540995 -0.0484113467293817 -0.0307366969412703 0.0303163617363139
-0.0192414680430781 -0.0368104199320104 -0.0075196048822989 0.0264161789661324
-0.026537851885783 -0.0339494350852295 0.0079266482785391 0.0128651630942165
-0.0244499861227235 -0.0354397944198561 0.021474986507198 -0.00266033572654967
-0.0114911611915699 -0.0570006583695694 0.0370516154239307 -0.00590396308981196
0.0264011157460882 -0.0611222448468929 0.0502394848901573 0.00952312786163052
0.0601898867883745 -0.0341361460204184 0.0430817269327423 0.0403787138522958
0.0771832397813607 0.0338677282414571 7.61217540213164E-05 0.0649815334358903
0.0276229706679491 0.0905908011907123 -0.0433301252291659 0.0472760287658619
-0.0309998220942268 0.0975612315866953 -0.0327156336579435 0.0189532851575926
-0.0541526121822342 0.0708886744789692 0.0188496968595675 -0.0110657208524699
-0.00685924328450248 0.0835576836822736 0.0596152118618435 -0.0315583409609489
0.0414535960642735 0.06009726637052 0.0341246147635017 -0.0701754751218547
0.0613158359508752 -0.000193988650929882 -0.0304783029877679 -0.0627028058952818
0.0414675989508919 -0.0406367440825696 -0.0456173984245742 -0.0145916233609151
0.00662403343686117 -0.0542148928099593 -0.0329671811791833 0.00710155337276389
-0.0201919917857384 -0.0413048156177103 -0.0179491991409002 0.00877841393947535
-0.0281972309706418 -0.0348044659833078 -0.00258839486999055 -0.00088167074831829
-0.0256175500500335 -0.034593404549105 0.0102400672280775 -0.0169696261946488
-0.0129911776907422 -0.055045905599778 0.0292855635701185 -0.0237897762240509
0.0226680509160403 -0.0607636340865281 0.0517961489521458 -0.0118421545905301
0.0563297142976891 -0.0382637256137302 0.0553035989414416 0.0244981670860719
0.0764950631218761 0.02897372525908 0.0146050870087123 0.0549519936872019
0.0273501896042575 0.0864622051733351 -0.0347309107730347 0.0375285102037962
-0.0308393520645171 0.091935148422979 -0.0184039321625576 -0.00582594174621904
-0.0547210757853678 0.0570891730873968 0.0405320107580524 -0.0379073421405369
-0.0183088144424261 0.0771068333040807 0.0675494203738253 -0.0416281303807304
0.0307647064788939 0.0629054348292591 0.0490587523456173 -0.0671189738959536
0.057633340633555 0.00694163812955368 -0.00604745130162614 -0.0659897258720394
0.0406819226755008 -0.0341480819668171 -0.0277944144303356 -0.0343958503484773
0.0081907213915687 -0.0490735731062897 -0.0323077147195423 -0.0160791467116268
-0.017650375935911 -0.0378880218498585 -0.0264853342393416 -0.00915688665553651
-0.0256087910008145 -0.030825108942089 -0.0128030511328299 -0.0144356434695903
-0.0225599763511835 -0.0303134862811785 -0.00038504849659876 -0.0290817983039274
-0.0117665142311577 -0.0466408966695284 0.0215850949487424 -0.0383393681357125
0.0188674364044035 -0.0515672228070061 0.0499696425524628 -0.027515833109575
0.0475795392631593 -0.0324566816835724 0.0608370538666938 0.0124532026549287
0.0641305455214753 0.0259460990066722 0.0228759672692655 0.0446025746711661
0.0181925281437653 0.0738090244865582 -0.0275047768672894 0.0285853915957468
-0.0299699555680259 0.0745510207026723 -0.00519834552388214 -0.0265210007340235
-0.0436963014913796 0.0333933823495492 0.0579775619382016 -0.0595636584305385
-0.0231406519374497 0.05321968392099 0.0723289001753808 -0.0482720627370065
0.0160660614719659 0.0484594971917575 0.0573491923550814 -0.0616921818773233
0.0404452916182331 0.00906523318131529 0.0131548332867856 -0.0627864174264538
0.0295908280393608 -0.0224406269347786 -0.012369257898571 -0.0470987869505193
0.00728294784083692 -0.03486250158247 -0.0304690089035341 -0.033841078638014
-0.011908056396104 -0.0280073549673901 -0.0327878228253835 -0.0234504805962763
-0.0191148934192568 -0.0219260670838918 -0.0205880231080642 -0.0248063013734411
-0.0168585552740746 -0.0228184942424702 -0.0084431761247261 -0.038705502736987
-0.00798251366067812 -0.0346276227535687 0.0159231407622624 -0.0475833674223913
0.0147993263423356 -0.0376676634378669 0.0487481727838205 -0.0379336795742437
0.0377560163070641 -0.021672761121947 0.0625724001125487 0.00569269128348783
0.045796850521419 0.024915682914745 0.0265978374152549 0.0375826026617365
0.0046744696912123 0.0559759378423385 -0.0214915842649445 0.0213960312544279
-0.0289817474638264 0.0478650688675514 0.0072609553718067 -0.0400064451992791
-0.0235384979889573 0.00417281985673886 0.0659072452549125 -0.0736193923875331
-0.0194366125452381 0.0187932608534909 0.071002614905781 -0.053402813679661
0.00201525346179948 0.0217568259418306 0.0570047481322699 -0.0593525207845212
0.0150723427502189 0.00563153003076138 0.0214423332070674 -0.0589728201819102
0.0116971284837603 -0.00799938028052664 -0.00528627643264358 -0.0526483413613672
0.00453774341804154 -0.0142973212447011 -0.0303366934416059 -0.0423929614172374
-0.00488583517421117 -0.0127874424881231 -0.036221438659534 -0.0313007049659836
-0.00945838204876085 -0.0103063603143588 -0.0252001592122216 -0.0310428208939088
-0.00865067390605992 -0.0125956861258549 -0.0127433955491233 -0.044316046293534
-0.00468281397123215 -0.0193998203640141 0.0136099275070789 -0.0531417742823263
0.0092671700069012 -0.0215460861206824 0.0485257013775636 -0.0429803122784058
0.0257175473657867 -0.0105298119330304 0.0635636463672542 0.00408314370788546
0.0250433606766925 0.0214579330490826 0.0282974931681456 0.0349834732162192
-0.00789836480229197 0.0340248843472106 -0.016366075616424 0.017640008475415
-0.0249520769543321 0.0170194095202514 0.0183924298007187 -0.0454328684597438
0.0112738265848996 0.0120748156882253 -0.0178405802666518 0.0590021094065832
0.00561095850814076 -0.00807257373096408 0.0311911789815707 -0.00883022604617347
-0.0050770384258869 -0.00820451981990332 -0.0242118496409529 -0.0455890302796508
-0.00526479149878047 0.00342483021012284 -0.0699375374103664 -0.0106685598186817
0.00252820973993172 0.00252954008559562 -0.0577801965489634 0.0508068518753623
0.00114714087343109 -0.00101707160182409 -0.0111426698859236 0.0641789676492642
-0.000197154589830652 -0.00157434669033087 0.0168470650564641 0.0483848268963643
-0.00334319549213597 -0.00403727716302103 0.0308955075923843 0.0353959574561162
-0.00355887878859578 -0.00487740830044705 0.0396187073366727 0.0299345203697894
-0.00191082978435623 -0.00904601551837564 0.0380578629472352 0.0404838570843295
0.00681646798579964 -0.00976065866805017 0.0169817645981506 0.0532825433430033
0.0112920269367849 -0.00261679590773355 -0.0156252185310324 0.0590884689141316
0.015568715621288 0.00594890542870811 -0.0490969966261822 0.0651355245813324
0.0107792474392602 0.0169862274891226 -0.0733742023402 0.0585006285938347
0.000284623639878985 0.0299052684038615 -0.0693414672208313 0.0780237880274429
-0.00296659108053165 0.0395188619760879 -0.0184126865184308 0.0529852123385571
0.0125095242000927 0.0176484897116849 0.0346514378564896 -0.0104994137835026
0.0129670199446042 0.00399255035280328 -0.0168312434371403 -0.0521144274724655
0.0111643261903197 -0.00506335309784767 -0.0711181923470909 -0.0195283941605134
0.0107166657409964 -0.0135084325951028 -0.0611516358647738 0.0434876443309934
-0.000955184405702493 -0.018544598779207 -0.0167254469807593 0.0601676677733562
-0.0095197013270565 -0.014529081687072 0.0126764348837604 0.0459253643830034
-0.0138223686442822 -0.0162990257898822 0.0267121436826893 0.0320430498561837
-0.0132139013495262 -0.019587087472375 0.0374494495163758 0.0222174452691689
-0.00495552546460318 -0.0326291997034467 0.041456921110658 0.0295048537033393
0.0208835986177096 -0.0321277216560252 0.0302746894176595 0.0459143447696955
0.0380676706127601 -0.00950789525535304 0.00190107332004319 0.0585756775597467
0.0403585618870047 0.027785942275312 -0.0362732675120694 0.0697954613895919
0.0135052284969698 0.0555832575398567 -0.0636689858565362 0.0579981386893019
-0.0164299602893032 0.0645332701304832 -0.0594785597947307 0.065603748879648
-0.0210444801981937 0.0618805475372196 -0.0122991543622925 0.0382034030242649
0.0139141155112397 0.0457793101661079 0.0410450442052992 -0.0152960433521521
0.0310265643852115 0.0213038109791616 -0.00369190177062391 -0.0608893157199048
0.0309393983329389 -0.00971461447266602 -0.0663811905777805 -0.0338948836160252
0.0207798292591464 -0.0291219666206986 -0.062626094688666 0.0298644337624328
-0.00101523766540219 -0.0354440470138485 -0.0234053755253532 0.0493067896658693
-0.0165383567942246 -0.0266940013482388 0.00422972637704943 0.0391859886060743
-0.0224804112463517 -0.0264607354697287 0.0192524955948308 0.0235056461395381
-0.0214464485483279 -0.0295172940467012 0.0312568076395213 0.00981661218103077
-0.00968735227080243 -0.049141980763097 0.0417647100238349 0.0119130059859278
0.0254631135119427 -0.0513045261171359 0.0436243029720566 0.0288803600491049
0.0541555252023236 -0.0239076922973015 0.0244377269355348 0.0520498473654101
0.064639556423751 0.0346313695568271 -0.017032857090419 0.0707200988556957
0.0234585242977018 0.0805835010118459 -0.0522755050006733 0.0557591465751849
-0.0245958328644606 0.0895837924212565 -0.046186214259249 0.0460003430174499
-0.0388034592933459 0.0743078342179095 -0.000206390521525149 0.0160527803741032
0.00836009872318772 0.0706853353437581 0.0494561517832567 -0.0236559244381475
0.0437082854554869 0.0415634637269727 0.0131919894145556 -0.0690398216455393
0.0497487962340743 -0.00955042505169891 -0.0545774627088428 -0.0492225094470614
0.0315395350399674 -0.0402601148722903 -0.0575370455557358 0.0101517323290884
0.000604420365556203 -0.048883224340741 -0.0295464580391225 0.0314968714505227
-0.0214031197086049 -0.0360401214490151 -0.00667457414174239 0.0260623987725668
-0.0284743637052379 -0.0323210776493714 0.00843533073987125 0.0123709501792347
-0.0261197512423452 -0.0343436581019955 0.0209992958036359 -0.00431561060332551
-0.0152050172801169 -0.0557836823522286 0.0367526484686282 -0.0081898994988148
0.0235946185989396 -0.0620726340553957 0.0509501315404871 0.00671607019096592
0.0583185889973974 -0.0371186363432948 0.0438258415334486 0.0381944278345699
0.0787312640264947 0.0303197057635979 0.00248974021452073 0.0651227736397608
0.0325898511799571 0.08953316796964 -0.0413442696751932 0.0491454912182193
-0.0266766747347013 0.0998178388274405 -0.0320957129671504 0.0204922735330941
-0.0509615932589093 0.0739685849207404 0.0177725842279701 -0.0119869867588403
-0.00270333454241346 0.08371276393085 0.0583351080534959 -0.0337847726588798
0.0445255145049429 0.0582990699362146 0.0321261027232101 -0.07220377517513
0.0611851057168971 -0.00298798483537498 -0.0326237836749288 -0.0615496604936653
0.0388242722332959 -0.0428071453876989 -0.0460092717624722 -0.0136853267094941
0.00334491858951619 -0.053830594225534 -0.0325474835953004 0.0087341766110586
-0.0222966154132571 -0.0398989822946493 -0.0174217001170538 0.00967432596890572
-0.0298139695728664 -0.0331126695427523 -0.00257226865464409 -0.000898409970385617
-0.0271089581579145 -0.0335048725020374 0.00939612883328936 -0.017725062605499
-0.0160621453569445 -0.0539447106698512 0.0283282355544097 -0.0254999153195887
0.0192085983289058 -0.0619255607120137 0.0515674615640481 -0.0146570474110232
0.0542514759532425 -0.0407667267655221 0.0559483059562855 0.0218174395700127
0.077819060327334 0.0249023051469504 0.0166298002259876 0.0544902413446601
0.0318310114166969 0.085116307729418 -0.0337574596877593 0.0389146745863904
-0.0268411918335752 0.0942974656569379 -0.01900598783841 -0.00483490650625052
-0.0518147012317591 0.0599433789875738 0.038351074247536 -0.0396561137241337
-0.0143913922384077 0.077577331951856 0.0659402853703867 -0.0441303628323507
0.0339289211413682 0.0612745926908542 0.0469634155396669 -0.0691890794731936
0.0578455406926388 0.00428824120277694 -0.00843398131507549 -0.0654975968182553
0.0385015857809802 -0.0364434187417888 -0.0288673218267754 -0.0337960423190657
0.00557041392629625 -0.0493556923902876 -0.0331243464359024 -0.0143731267302121
-0.0194155286977936 -0.0371508241345591 -0.0266980507485089 -0.00733973714425433
-0.0271347389157137 -0.0291626718502229 -0.0138278896339762 -0.0134923465939876
-0.0240361001158391 -0.0290567660722656 -0.00243678453677305 -0.0289749279292251
-0.0140749024249073 -0.0460565266863564 0.0195791841682232 -0.0390003794860909
0.0159325482086278 -0.0526851880245809 0.0488078269408689 -0.0305783814879277
0.0460980879084746 -0.0346541666685522 0.0608839810600288 0.00942816849063956
0.0654414907790541 0.0225369033416148 0.0240605613637104 0.0438964499593255
0.0221514484705942 0.0726993814040276 -0.0270303039306366 0.029725265215042
-0.0270001562228814 0.0763186443988697 -0.00668595544475917 -0.0260439227503062
-0.0419462161355899 0.0357178813804683 0.0552883426254386 -0.0620699965497422
-0.0204174854087733 0.0540224166578652 0.0707597940869134 -0.051643066340702
0.0182913311420716 0.0474021899310992 0.0552399082147982 -0.064431093543769
0.0404313298960338 0.00718551198634647 0.0108828448343314 -0.0632608567962183
0.0281371597619323 -0.0239725560663044 -0.014068458625609 -0.0478070141986841
0.00523361538556635 -0.0348901968697133 -0.0319537533048344 -0.0326295990938327
-0.013662087512475 -0.0276252899532951 -0.0340118503964987 -0.0212700255699524
-0.0201234672452866 -0.0209247966884933 -0.0218209985739606 -0.0233217109167947
-0.0175889910058778 -0.0214861569321354 -0.010912380421952 -0.0379298979973799
-0.0102078598232796 -0.03370892043416 0.0134598388255931 -0.0483730942299711
0.012814183137605 -0.0386282445325997 0.0471558683943262 -0.0404612300921793
0.0363798787063657 -0.0240028751907561 0.0627171474947071 0.00255594868408359
0.0466257891512891 0.0221412233028367 0.0275174468345008 0.036167337091607
0.00766595259282467 0.0561448063523847 -0.0206501172080882 0.02221536217952
-0.0275700754430895 0.0495622138950631 0.00553607277640333 -0.0403945538802469
-0.02272828392387 0.00505893980634178 0.0624397272637389 -0.0767623684621667
-0.0183015476725323 0.0202364961145294 0.0691371795601368 -0.0562213652333275
0.00312855185804898 0.021530452702991 0.054926752606124 -0.0616725518219078
0.0152348348733217 0.00497543130559141 0.0188267870702646 -0.0602789421959827
0.0111929358380786 -0.00803697498410399 -0.00769205787740949 -0.0533980693649508
0.00330874939892072 -0.0145802486007661 -0.0322695773557282 -0.0409283300008968
-0.00565220457835821 -0.0127990072029837 -0.0378363572831511 -0.0290418186888315
-0.00999101281120659 -0.00995736157689016 -0.0263696346115787 -0.0292954337616521
-0.00903713154733037 -0.0118955806881911 -0.0156307380406291 -0.0436143925124268
-0.0058955053939753 -0.0188870577313925 0.0112535048344229 -0.053850607988113
0.00816822984439078 -0.0213155019357711 0.0465731174934885 -0.0450913180699223
0.0249373525222298 -0.0119088155538142 0.0629980759458219 0.00131727567196341
0.0258970731444184 0.0197991610325012 0.0294819970725076 0.0337363932951353
-0.00592961694170452 0.0341376191783292 -0.015700987486577 0.0188012893448483
-0.023819739682311 0.0181884802457629 0.0160896891204825 -0.0459827272941505
0.0119363499560112 0.0116714160677095 -0.0146783210943735 0.0573355761790372
0.0051350485363155 -0.00800672073777262 0.0292200048920632 -0.0107891407028234
-0.00563478265158254 -0.00780837141124326 -0.0258512936626405 -0.0436665267901589
-0.00512471550116922 0.00337996634155297 -0.0680679313981256 -0.00704360585562486
0.00272290396608559 0.00272543050003609 -0.0528082497497945 0.051785907287354
0.00105992995730846 -0.00137377606259345 -0.00711906321739894 0.0621278015786577
-0.000299638077194766 -0.00153164746584747 0.0187427809053048 0.0455845934828552
-0.00314031859078037 -0.00412005608428313 0.0316818284856314 0.032298049216252
-0.00413252440757077 -0.00465308256056187 0.0401506416705817 0.0262383718943458
-0.00259777024672367 -0.00896658463689111 0.0389389298710675 0.0367901099402095
0.00582775578393875 -0.00984523763069437 0.019598926428848 0.0514827365168435
0.010722579080152 -0.00307571224674261 -0.0126615467064326 0.0580582681098679
0.0149676224539927 0.00477563231300838 -0.0441868409289249 0.0658486726212155
0.0108596076733518 0.0159140193848941 -0.0686711552041586 0.0599034862101882
0.00159793396594979 0.0290312001070147 -0.0637005115379489 0.0792818171092152
-0.00127581516503834 0.038773028214899 -0.0154984617775477 0.05286085139228
0.0130977422017075 0.0163131768565813 0.0327368758397477 -0.0118792968353221
0.0127276320912644 0.00287956673483275 -0.0187180376027665 -0.05001456153589
0.0107877600685512 -0.00512993230752893 -0.0696032899566579 -0.0152980525375714
0.00939016008368562 -0.0135182538534845 -0.0570151006275543 0.0457029112263721
-0.00189348604848878 -0.0175990632920485 -0.0131532280702161 0.0588191766000998
-0.0100882110552478 -0.013298140166106 0.014511337264587 0.0435676928736277
-0.0143292372783439 -0.0151473967801651 0.0285053455336262 0.0288356938419879
-0.0141049519452888 -0.018169555065317 0.0378015122562442 0.019063933651958
-0.00665085972858894 -0.0313703485656 0.0424961948206937 0.0258875047618871
0.0181746585307584 -0.0324711609315853 0.0319112508252542 0.0428531476256775
0.0361248441016109 -0.0112258822996255 0.004047004497216 0.0573523059456335
0.0406173812701021 0.0251728257553421 -0.0320675713259745 0.0695747801991172
0.0159458310906501 0.0533105389771325 -0.059539598513029 0.0592252992445743
-0.0127074158844133 0.0639807308046815 -0.0546473413292209 0.0665231632781975
-0.0175624385714733 0.0615262901888059 -0.0109634880688685 0.0381411356862415
0.0154957528110956 0.0434910210201916 0.0385601317818258 -0.0170391188163456
0.0314854728364871 0.0189268086056098 -0.00672549781523949 -0.0596880102473019
0.0290960610564874 -0.010960589558962 -0.0658293542484997 -0.0300572699496778
0.0184671808217067 -0.0292949514327614 -0.0588542282942654 0.0324124611664218
-0.00320175197441358 -0.0343442768242226 -0.020114334952493 0.0486239584989795
-0.0177834420787996 -0.0248279421807814 0.0059939057191086 0.0370890408581738
-0.0231426479158184 -0.0238768246800464 0.0201599118185907 0.0216433028398522
-0.0223259852003875 -0.027648354289203 0.0305744990280542 0.00794770378900319
-0.0125334346531956 -0.0470804175600588 0.0418038188476092 0.00831465946878348
0.0215300020436131 -0.0516291130937481 0.0444293372117716 0.0258446265400508
0.0511269739302836 -0.0258545758602272 0.0252550689259484 0.0496097963989687
0.0645029810146998 0.029878260081243 -0.0135971822808197 0.0697123135713304
0.0266754127156169 0.0773490646954665 -0.0483609211939378 0.0565748595582804
-0.0195378824327588 0.0887672470491818 -0.0425302996350248 0.046496349026872
-0.0337147779209881 0.0745639217904276 0.000291482689588559 0.0153176555895349
0.0118541925318318 0.0680032170363571 0.0469670802925799 -0.0254515432208865
0.0440114094277083 0.038032226403916 0.0102527140926704 -0.067838361765153
0.0479746101347129 -0.0115811001728083 -0.0542656588773943 -0.0453623159528859
0.028240346496406 -0.0409253818078531 -0.0556026539880109 0.0119994879229066
-0.00245704743016631 -0.0472717174218496 -0.0266208622310959 0.0319037204814099
-0.0224954188845561 -0.0335422935754817 -0.00463736203886736 0.0253938455697794
-0.0289302434132904 -0.0293979028363873 0.00921264134518223 0.011740056824576
-0.0268671681700219 -0.0318639943751697 0.0196114633970208 -0.00513015385724884
-0.0176497328530815 -0.0533092968106514 0.0356984059417575 -0.0104515819395842
0.0189871604732705 -0.0622242055031945 0.0501925262871052 0.00308618812274825
0.0543779195967625 -0.0390513719506796 0.0442978040345247 0.0350162411894129
0.0780845850210999 0.0251254438650959 0.00491516943924073 0.0630986115453739
0.0359618582260298 0.0855915011794946 -0.0388336644311255 0.0496553502414267
-0.0212618769010119 0.0988676829968157 -0.0301996725685887 0.0217049154478866
-0.0453303420518825 0.0746791149254644 0.0166528627519456 -0.0122087205438922
0.00162314701627973 0.0810960813562468 0.0549265127005282 -0.0354096322428745
0.0461445606508399 0.0542743034969046 0.0282507856416616 -0.0716496512353471
0.0589508095757452 -0.00599568539406452 -0.0337128459024036 -0.0582455390273259
0.0357979783933259 -0.043927691157085 -0.045144910234865 -0.0111432691001102
-9.74085345231574E-05 -0.053091072679901 -0.0314650046669388 0.00954230524237609
-0.023321332516319 -0.0375276709336012 -0.0162971222589472 0.010470936554989
-0.0308192186819634 -0.0299246371613732 -0.00286919192302628 -0.000316667545248996
-0.0277023060717768 -0.0313257856666931 0.00733834331739528 -0.0179476426050226
-0.0189664475856429 -0.0519260049186829 0.0258794938128414 -0.0268739526012943
0.0147574918221074 -0.0617505959555771 0.0496519128316649 -0.0174593544898864
0.0502045967644226 -0.0420277922761162 0.0552759515824043 0.0185032734995691
0.0767023151387212 0.0195383738709233 0.01838388854975 0.0523971866853214
0.0360773203957118 0.0810116678672162 -0.031603302890255 0.0404666012660316
-0.0218572963985177 0.0934715241663633 -0.0184341508453793 -0.00357539191282485
-0.0471827569567949 0.0609043255606142 0.0357931406520061 -0.0399159671513521
-0.0102805048650885 0.0757944632614019 0.0623018618763934 -0.0452620228335748
0.0361822404420269 0.0580536183601758 0.0432046512447075 -0.0697311063051017
0.0558719019304269 0.00130460492687087 -0.0106259682009611 -0.0633145533562771
0.0352343710102011 -0.037596772209273 -0.0298154590339843 -0.031948653614925
0.0022541641551482 -0.047788241712113 -0.0326934741090545 -0.0130355663045542
-0.0206043045698391 -0.0350346141773502 -0.026381440321258 -0.00600789925191424
-0.0275254822501963 -0.0262427238687922 -0.0139053352130698 -0.0121779168183724
-0.0244545423541806 -0.0271760250192149 -0.00441907574087409 -0.0283619756592183
-0.0167859245352868 -0.0437665770483672 0.0169439987448973 -0.0394766158556622
0.0123614622398468 -0.0520401928675496 0.0462007480202924 -0.0327392793010176
0.0427191869131 -0.0363127605470322 0.0595068900483476 0.00621794755943692
0.0641981022733914 0.0180742931108884 0.0251368030917161 0.0421633472599541
0.0253626721337965 0.0702917449524347 -0.0249238364058003 0.0308950989379766
-0.0226609262478817 0.0759849189520817 -0.00743018318665836 -0.0247284483306014
-0.0385577770426328 0.0366248440040488 0.0508534822913868 -0.0630589851982713
-0.0169618666609632 0.0534537677671812 0.0662736743717554 -0.0524642420426485
0.0203025800390181 0.0454991556245706 0.0510811865648141 -0.0652223022521062
0.0396356522049035 0.00479196682592324 0.00863432790222165 -0.0620051019042352
0.0258826798368572 -0.0249147229690522 -0.0161261278745592 -0.0460638187794364
0.00329454167835397 -0.0340695501273591 -0.0329628694722423 -0.0298675511163147
-0.0152282632190008 -0.0258996902763767 -0.0338144866629142 -0.018853480378764
-0.0203686373266463 -0.0184616967638642 -0.0222317980172773 -0.0211029481510853
-0.0181881817232993 -0.0198470066319539 -0.0127016068521986 -0.0364863797293192
-0.0115165120783091 -0.031933887609816 0.0106839308960967 -0.047659784385009
0.0101083671155028 -0.0377595913256582 0.0439396365027334 -0.0418659327847539
0.0342568643776831 -0.0249258607187548 0.0608433999459451 -0.000705023820671963
0.0460056000262567 0.01881625510865 0.027949814075156 0.0344421013148215
0.0103226336097058 0.0543197303836145 -0.0194220703779745 0.0233532516636277
-0.0241763960695351 0.0498801494453455 0.00372238278459036 -0.0390484189514122
-0.021483579674186 0.00602467311016936 0.0581430198817893 -0.0771905240506558
-0.0167290250880986 0.0201859444312828 0.0648670607456134 -0.0568390201426743
0.00383436604987452 0.0206253714217881 0.0504073225865338 -0.0623859224477541
0.01494216478612 0.00380407670703138 0.0165181509765646 -0.0598781518768298
0.0104592277271598 -0.00900485603674914 -0.0100117908349921 -0.0520881575216517
0.00244013701117494 -0.0137362876111101 -0.0331617489953539 -0.0377992846521104
-0.00603752516502237 -0.0114690131193816 -0.038130193115886 -0.0261003980666954
-0.00989599456561072 -0.00886371789252744 -0.0269944629551806 -0.0270937317006546
-0.00989771966392072 -0.0106681097958227 -0.0168258662550491 -0.0407910558041553
-0.00701063132521011 -0.0179899766337453 0.00842635942440668 -0.0527211499529557
0.00685101916125082 -0.0215405493753905 0.0433518426369848 -0.046976254057379
0.0236819527204996 -0.0127243385431119 0.0617111216100917 -0.00187247717856378
0.025528124258125 0.0181119191635125 0.030235100378345 0.0317342489670421
-0.00363748445673572 0.0339002207130901 -0.0142535727339936 0.0191438565744412
-0.0222185262626847 0.0189480812962015 0.0131651877216389 -0.0454843390400965
0.012892440524787 0.00985907900349975 -0.0080400487802988 0.0555491153064241
0.00419837054133088 -0.00791103680348905 0.0259283186999389 -0.0130932754885398
-0.00693405670021384 -0.00661794974212671 -0.0292332844910583 -0.0379345608848274
-0.00454592811783337 0.00398273906942445 -0.0654120414677795 0.00196822605636414
0.00245187332542119 0.00179484615137513 -0.0432959819116209 0.0557251818329496
0.000545464071591355 -0.0013132052137573 0.000639591106075521 0.0598568031799516
-0.00037374341719622 -0.00135654059400547 0.02323965262993 0.0406464877862502
-0.00349073707179408 -0.00343112243048095 0.0333729834594942 0.0266556122544542
-0.00418251351646665 -0.00408428419557197 0.0404325449946209 0.0195865931722673
-0.00340164456473704 -0.00890167360564328 0.0417451844585047 0.029494512188435
0.00469941006056237 -0.0107567574319734 0.02459667338114 0.0459858638082693
0.0103131054243386 -0.00425540831457577 -0.00551352819498261 0.0574477754747905
0.0149216304852549 0.00290031411718147 -0.0340532808324696 0.0668930348880259
0.0126962749167432 0.0140010419050304 -0.0569396256749375 0.0645759065250369
0.00569638775459585 0.0272269663141492 -0.0512031649802783 0.0839608140504642
0.00399236319728186 0.0380901738866845 -0.00891484770552843 0.0484865308110278
0.0136174183151629 0.0139933601884491 0.0290782314420224 -0.0158301782093971
0.0120003051505625 0.00137108573500602 -0.0243669972219099 -0.0457962742894711
0.00921963173944202 -0.00591566093767208 -0.0679883149474011 -0.00586247108334784
0.00703020951329189 -0.0142451924180938 -0.0480377329752215 0.0498999633913427
-0.0041019226344277 -0.016469711790665 -0.0058021658614162 0.057330963579244
-0.0107188760070328 -0.0113231109183913 0.018315936097307 0.039791937677025
-0.0151153355028554 -0.0127075048350025 0.029375665917081 0.0234975974571908
-0.0155375438868583 -0.0155587806413327 0.0368340938029464 0.0128922194969296
-0.00999954005354444 -0.0289764408336888 0.0429503427888476 0.0181990448533459
0.0125820072813699 -0.033042309919606 0.0346400453747828 0.0361660229869224
0.0330772771318175 -0.015167467948907 0.0100551969916273 0.0533974381064774
0.0415411741515532 0.018100040117111 -0.0208277505815617 0.0688526952516921
0.0215160739834164 0.0480763181086751 -0.0471769836168364 0.064497186359552
-0.00289807744312047 0.0617502995500411 -0.0446144765732842 0.0716594343062377
-0.00840509160348223 0.0623669518738999 -0.00567997139382877 0.0322348212612342
0.0196556911571462 0.0391365756107555 0.0342286807122394 -0.021709353925627
0.0311946359377443 0.0138266147852686 -0.0147488267040032 -0.0572348568428066
0.0262187317089273 -0.013174102020759 -0.067145598946832 -0.0193858781020735
0.013819571440364 -0.0297898623900755 -0.0526281213391508 0.0382135819473173
-0.00695339282727694 -0.0313839105871518 -0.0140458117699768 0.0494922384646532
-0.0193672950834398 -0.0209659073194069 0.00919872999979881 0.0352615080962841
-0.0243790008038294 -0.0194262479027503 0.0212234808612262 0.017498973122515
-0.0242686585677315 -0.0230446843728806 0.028679389787256 0.00274594119565819
-0.0177077402729207 -0.0423831659472783 0.0390355134588645 0.00195305554196236
0.013267965824987 -0.0513320968501351 0.0442329410436398 0.0180975987199961
0.0452171255328184 -0.0305408502149534 0.0298655853267507 0.0431257676368937
0.0646780902069437 0.0197136887964827 -0.0028899497564802 0.0669062393737555
0.0351378959795333 0.0688709928657454 -0.0360078072371676 0.0612707275379422
-0.00643616561189111 0.0854979487821569 -0.0359729488050472 0.051997051674684
-0.0225528506024753 0.0765301505169513 0.00366084368351303 0.00813559462778356
0.0184673315981553 0.0625588391746467 0.0409202623140659 -0.0311074345318003
0.0458338492029038 0.0306184683890185 -0.000226773743706124 -0.0677925527836293
0.0437368058744232 -0.0161062782101408 -0.0584402927585964 -0.0362963118448483
0.0214045135387644 -0.0417153093329186 -0.0523778180325825 0.0192404481555101
-0.00780564200898453 -0.0438524399923826 -0.0228709858789915 0.0344363390312035
-0.0247881805428819 -0.0287511957404868 -0.0024153520411874 0.0253619056922335
-0.0311312375058759 -0.024207396290125 0.00956834983847854 0.0095209995339766
-0.0288927402638149 -0.0269386194461442 0.017014424835422 -0.00801627380904309
-0.0234180843448151 -0.0475167735916536 0.031090275186359 -0.0154072998281825
0.00922219525197766 -0.0604971690616659 0.0468604085235123 -0.00417677469801959
0.0466311866249113 -0.0431356127999586 0.0452606337851925 0.0264573306124279
0.0765938151955222 0.012622247070877 0.0139408343723975 0.0581926208156157
0.0441146343702312 0.07487839529096 -0.027518703414676 0.0540059327532216
-0.00641528193203973 0.0945794438941896 -0.0273863914474181 0.0270322184428097
-0.0343584064412887 0.0779030881754322 0.0171674587452358 -0.0202103769891093
0.0103999635672593 0.0760849697449472 0.0476150065303208 -0.0419636043786638
0.0499260733266666 0.0450078996905323 0.0170358374560762 -0.074611664944105
0.0549246592456102 -0.0123603806506041 -0.041376958312735 -0.0513286442287705
0.027798960097141 -0.0455588922014486 -0.0457398285417917 -0.00507701996123631
-0.00617862527469141 -0.049253403409851 -0.0303134942367101 0.0141667913197758
-0.0265880659826528 -0.0323800959619577 -0.0156329019581644 0.0121547317427686
-0.0319992427791246 -0.0243802878466284 -0.00299357624253828 -0.000508307765109646
-0.0298923457575955 -0.0258673900727177 0.00369441034123392 -0.0181811541569279
-0.0242816898550298 -0.0451120879464992 0.0197324860011638 -0.029676108846076
0.00578687749675424 -0.0591028675148595 0.0438980277564147 -0.0234625913998167
0.0418732195182923 -0.045832252829122 0.0537052206873634 0.00952302893382389
0.074612431080038 0.00795357636108317 0.0247440697629578 0.0467724590604446
0.0430260087711811 0.0712057612631868 -0.0213521447072848 0.0439900972539224
-0.00820982238510377 0.0897996944909416 -0.0191060590323553 0.00177028828563535
-0.0378480997535534 0.0648772465821355 0.0321165559371239 -0.0476924838828193
-0.00133211963122045 0.0723571632384499 0.0536187636563044 -0.0525873197648706
0.0405476576053788 0.0498820056150619 0.0317063102165673 -0.0745938671070526
0.052862359099997 -0.00496134264273062 -0.0193026864591595 -0.060127454402364
0.028694597143822 -0.0396467968387106 -0.0343259118143011 -0.0270066438455078
-0.00322706453629128 -0.0452424116152476 -0.0341531957860527 -0.00685471301780003
-0.0236656619648242 -0.0300064395592553 -0.0267232086844015 -0.00170965916945481
-0.0288464911610822 -0.0213031047704369 -0.0146608627170089 -0.0095480706908342
-0.0262316245415137 -0.0217992552161786 -0.00858318472262521 -0.0261218308161405
-0.0209314577097137 -0.0382594845035537 0.00943904728072178 -0.0398364124867878
0.00464575111188859 -0.050304225149056 0.0388327233758814 -0.037111879498732
0.0352815741714023 -0.0390970431214017 0.0563479908599661 -0.00245359145661743
0.0621767070600353 0.00807199501789399 0.0300021335321351 0.0354699852636145
0.0323556768208063 0.0615123729026642 -0.0172652851314778 0.0343476460782488
-0.0113810226046012 0.0732672370734388 -0.0106421319579302 -0.0203801463998117
-0.0324604465772582 0.0398487804398157 0.0435191181608896 -0.0690574766471695
-0.0100157449047273 0.0517476717913144 0.057030629352336 -0.0590472498915344
0.0240464972145946 0.0396091216653327 0.0402026782113608 -0.0702309336979198
0.0374441467065076 0.000403555354010946 -0.00108934309904741 -0.061065080991794
0.0214722736656146 -0.026398081262093 -0.0226710374507483 -0.0427246194409614
-0.00112541795254498 -0.0325226158662037 -0.0363237006506633 -0.0235412667409369
-0.0170290259749217 -0.0227100923399475 -0.0354708637350716 -0.0135997303097906
-0.0211594516361295 -0.0150005349224239 -0.0235893843435428 -0.0175442086530111
-0.0198205093043302 -0.0164363189511491 -0.0168816721609031 -0.0322772324546918
-0.014988725560372 -0.0277788622779356 0.00330068669094274 -0.0468000062139317
0.00444157315394026 -0.0366292316007903 0.0354206426863079 -0.0453503538503715
0.0281961923125297 -0.0273265612488738 0.0572241908451664 -0.0084796861248079
0.0455014311595896 0.0108693448718135 0.0314697225869967 0.02901149524093
0.0167381747677438 0.0483598021201232 -0.0133854591105073 0.0268703218036685
-0.0158808431938378 0.0490187961269507 -0.00201234284156632 -0.0357854117443958
-0.0201632040414592 0.00831708349635368 0.0480657485674531 -0.0809321381197409
-0.0133851761209638 0.02087481126793 0.055489853680063 -0.0619582810431191
0.00586590810719045 0.0182062121611987 0.0408560401208723 -0.0663945795100834
0.0138852691792421 0.00203959636801915 0.00765639332126183 -0.0599447003529976
0.00835903343050023 -0.00929270033408412 -0.0173229299117275 -0.0493848535361038
0.000751586822740948 -0.0134107403051139 -0.036904259630944 -0.0316242937164233
-0.00760109062821259 -0.0104358999576638 -0.0399997394126666 -0.0200189376445543
-0.0102060425967545 -0.00687942503627229 -0.0285632460507798 -0.0219321944474692
-0.0106264608931383 -0.00876655066933762 -0.0211184019257642 -0.0364037585014076
-0.00867719160420898 -0.0153061411161403 0.000993348536060257 -0.0508643125607365
0.00317055631499315 -0.0208901456640307 0.0345686290792482 -0.0498483224783598
0.0197593211790463 -0.0151352310067119 0.0579818398198322 -0.00984813299920358
0.0265452210449856 0.0129264022172723 0.0324764069725113 0.0267051584305683
0.0011476142849038 0.0316430268005738 -0.0101318473795223 0.0218354018968112
-0.0182728198061367 0.0196014205404355 0.00624796574371159 -0.0442656469618094
0.0124443159672443 0.00982735317864902 -0.00819417412189141 0.052833791678224
0.00427449917628852 -0.00748181898191166 0.0245860635559829 -0.0121540866968695
-0.00664719339158107 -0.00603920365757991 -0.027150436492598 -0.0357059078316148
-0.00446943775095455 0.00379463755832967 -0.0623271962838899 0.000817445677656572
0.00267002958481989 0.00150843290659164 -0.0411236430694426 0.0528121418339096
0.000824562204397576 -0.0016259074663069 0.000159825939649418 0.0569119111937276
-0.000406798149459156 -0.00106569166377335 0.0210702818345069 0.0389268300464009
-0.00327230608184756 -0.0033304966021309 0.031479940171774 0.0249936667693526
-0.00391173221684015 -0.00437070334802716 0.0377620105832525 0.0182882413654474
-0.00324074727116256 -0.00829995960557506 0.0391967892531161 0.027389651340853
0.00440637547144441 -0.0100140168956942 0.0226938725937905 0.0441724286372963
0.0102317205397883 -0.00433633636141237 -0.00617616904280472 0.0546938027286241
0.0137107236376212 0.00272479147793301 -0.0330716476333263 0.0633363744436262
0.0121461869574242 0.0135688152045338 -0.0552574523414559 0.0602435307935484
0.00536409934095439 0.0260426154247937 -0.049607215194936 0.0787865831892826
0.00434683924215092 0.0364602330074294 -0.00883563921634467 0.0460171611872605
0.0131340520671745 0.013193491677301 0.0271312618106966 -0.0143893475760732
0.0112697485549205 0.00117309654863937 -0.0221529083171968 -0.0438042255484584
0.00851143883365044 -0.00534311464004002 -0.0643147835317294 -0.00641295178705405
0.00667770351512915 -0.0137984891694114 -0.0461459218210043 0.0468571724589151
-0.00385941068329884 -0.0153142218573498 -0.00582992129769216 0.0543183236798643
-0.0101953324854206 -0.0108375649035938 0.016879198548397 0.0377947713810411
-0.0141467045295398 -0.0119174223103134 0.0280078839554624 0.0218107373326808
-0.0145748309078771 -0.0150162768639959 0.034733623886512 0.0120186664584486
-0.00970218533133246 -0.0275585664941365 0.0404835554204152 0.0168227046277518
0.0121039746133494 -0.0315661554045906 0.0332483739049271 0.0343993113071078
0.0317644323045113 -0.0139235330458049 0.00863152874321725 0.0517289779577044
0.0392760195265722 0.017456058394383 -0.0207626579479639 0.065280973005301
0.020224378077493 0.0460259548052916 -0.0463512397732951 0.060316520987698
-0.00363101557540486 0.0585527043810397 -0.043006856646543 0.0679472250439266
-0.00816254020197317 0.0595297577842482 -0.00514329902968477 0.0304064747882706
0.0179680710782478 0.0372236267188345 0.0320555079028764 -0.019963360727715
0.0294020110230827 0.0132134136574127 -0.0127316173889467 -0.054617447762439
0.0243651252457098 -0.0121356087929023 -0.0631164168645684 -0.0194999111272362
0.0130823347591973 -0.028195662186433 -0.0499599241583656 0.0357283824746723
-0.00657317117518378 -0.0298732598413118 -0.014045807581316 0.0467480165328712
-0.0182674083722488 -0.0201108339851043 0.00857806806864213 0.0332013139413042
-0.0231824422026569 -0.0185575728978458 0.0198170718935263 0.0168826895037329
-0.022795395852425 -0.0226205938859591 0.0265725964342984 0.00326423382989919
-0.0167113065552843 -0.0402382782836684 0.0371869505519714 0.00197571363130714
0.0127912131321986 -0.0488840048937583 0.0420569062851433 0.0170133192707331
0.0430386407441787 -0.0288111194162984 0.0278424636996001 0.0415992377770879
0.0611182364825366 0.0186242409229775 -0.00349993548820217 0.063853405609218
0.0328926392304905 0.0659732119451756 -0.0360358284643151 0.0574264135771697
-0.00688503612670877 0.0813625731282291 -0.0348447431885359 0.0498534011969814
-0.0221153606409636 0.0728537033083492 0.00357714947731348 0.00831803922318252
0.0170901733647154 0.0595300925653174 0.0386967457270445 -0.0289127071704155
0.0435487004521666 0.0292127361650582 0.00111980857157946 -0.0649794034198869
0.041286099703177 -0.0147620841051336 -0.0548956833364626 -0.0355042972174878
0.0205848855484039 -0.039632686793824 -0.0505415589961629 0.01691179784011
-0.0073353610476381 -0.0417188440608406 -0.0222640332993856 0.0329668619597655
-0.0232482473535286 -0.027188360153441 -0.00245939489784991 0.023960928540464
-0.0288755764651057 -0.022639309403371 0.00912890848619895 0.00862104489769367
-0.0274555457478829 -0.0253148508721098 0.0153668435769912 -0.00768750932175144
-0.0223228349130404 -0.0450853488910701 0.0292098879828513 -0.0144737695827471
0.00863114013520489 -0.0575609484334581 0.0449287370600371 -0.00381965688735122
0.0440661969981955 -0.0405055653974751 0.04287588333738 0.0257241648970314
0.0726511058648309 0.0124263035745396 0.0121541437732389 0.055805263780228
0.041501053287952 0.0717922194643214 -0.0269565760959402 0.0509753080281553
-0.00710766467353484 0.0908017838703823 -0.0260693498038722 0.0254254385060198
-0.0326867739759685 0.0738939138430582 0.0165541208442719 -0.0189543453301751
0.0090650206257843 0.0722389245457747 0.0453609760778088 -0.0389053044490484
0.0470304275598257 0.0429492409848901 0.0170754201516369 -0.0710949712710619
0.0518592306089932 -0.0107965511900019 -0.0380150274251933 -0.0501986810129111
0.0264499136104436 -0.0435345990212434 -0.0441937533190384 -0.00604309407597152
-0.00597024610671589 -0.0467549687389502 -0.0289750513990699 0.0131701278235899
-0.0252435323595133 -0.0308733246799633 -0.0144064547330228 0.0116869889833738
-0.0303878863379242 -0.0231706212139217 -0.00260757081222741 -0.000421008183726177
-0.028291536188477 -0.025157746708512 0.00321211266608678 -0.0170540573814791
-0.022481058712257 -0.0431858924531053 0.0187252904512502 -0.0282575652812814
0.00502362009246068 -0.0564927699267169 0.042105099515483 -0.0222692056652315
0.0395219649306231 -0.0430373643040236 0.0508047866790214 0.00931656572801623
0.07037084787494 0.00779777604990192 0.0229986047427256 0.0451279544402901
0.0407857996043328 0.068041843876454 -0.0211772472119388 0.0419758595182075
-0.00801226444330555 0.0860971432545896 -0.0181766067859428 0.0015723160528092
-0.0361053022100527 0.06114225111711 0.0310096338339594 -0.0450861993491241
-0.00194854685323447 0.0686701313683981 0.0512662420467198 -0.048855457286087
0.0383799895272444 0.0473797691247809 0.0313636866551936 -0.0712829631039176
0.0498045067447906 -0.00430684759417901 -0.0170146735825684 -0.0570651347841569
0.0271578101105367 -0.0372851466364966 -0.0325124676087588 -0.0269855651154249
-0.00290264489050714 -0.0430294913105545 -0.0329262954820173 -0.00701829280518473
-0.0223032558254577 -0.0289485739117758 -0.0251267863860982 -0.00197055534241756
-0.0270772216014692 -0.0199901248237605 -0.0133478463449299 -0.00932374430418668
-0.0248200145043653 -0.0211729482048937 -0.00799428471864121 -0.0249200000020248
-0.0196301098533455 -0.0363547428418074 0.00935792205909472 -0.0377665403578585
0.00438107941012773 -0.0476760379743048 0.0370245821889425 -0.035926348790121
0.0331788500227076 -0.0365205806218894 0.0536701928220594 -0.00183272559925695
0.0587109174903574 0.00775974604090075 0.0272425391771911 0.0349548301740337
0.0305391903380617 0.0588731121833761 -0.0166394388940271 0.0331954817644952
-0.0116605017436758 0.0700397537389594 -0.00964715624003496 -0.0192053266455105
-0.030899942045835 0.037672618780706 0.0423664638926125 -0.0651746406553282
-0.0103963604623675 0.0492257661948996 0.0548211874583115 -0.0549542795225055
0.0223557310097114 0.0378266535432093 0.039476700649493 -0.0666938282090642
0.0356078130971416 0.000629029860990656 0.000476844400943113 -0.0586404114986255
0.0205019565869794 -0.0249506612441559 -0.0212071570129143 -0.0407286049248164
-0.00109506170727969 -0.0304015394282753 -0.0345287418064914 -0.0224895844423021
-0.0161025208877971 -0.0211093951113861 -0.0335323077376027 -0.0127912322154653
-0.019717765943106 -0.0141279997845877 -0.0219520146103098 -0.0162961842304686
-0.0183906491455622 -0.0154923922137253 -0.0157074780253756 -0.0306387551148539
-0.014330705702129 -0.026162241782201 0.00339276114242958 -0.0445196091492201
0.00435587936418677 -0.0347529999420377 0.0345715704895182 -0.0433074595292746
0.0268044381127583 -0.0254220878510329 0.0543376041642813 -0.00747627633122303
0.0429106071090314 0.0106831594670621 0.0290620056803149 0.0283166648026437
0.0150401373909047 0.0464188703953559 -0.0130521277955533 0.0254236825532769
-0.0153095198702724 0.0464398778683442 -0.0020821515925245 -0.0337333409247566
-0.0189440524798614 0.00751081045255117 0.0467618235076521 -0.0763088296060226
-0.0127710051794334 0.0196689736706178 0.0538566041221476 -0.0576380988435986
0.00525375927542543 0.017456961073473 0.0400602769678455 -0.0623267150865847
0.01293659938266 0.00231529899518352 0.00844192499518207 -0.0574176415453591
0.0083228929538581 -0.00914147815113298 -0.015869267063163 -0.0468615971642534
0.000982137744861673 -0.0126218334003431 -0.0348963059704015 -0.0306151777437589
-0.00669153427329257 -0.00965985323424863 -0.0375324512579061 -0.0184192050786915
-0.0098384783466714 -0.0065416993274523 -0.0271359926600931 -0.0206669088813706
-0.0100339332312297 -0.00844758553308049 -0.0198312006432291 -0.0346195235085427
-0.00843818792261548 -0.0143716950429142 0.00082326932638998 -0.0484245017788253
0.00369107550932158 -0.019612198590286 0.0335318198720162 -0.0472766926152431
0.018682554489793 -0.0135746010782725 0.0556518209017942 -0.00863874260880152
0.0248930816206175 0.0119294118320962 0.0300189438375977 0.0262126423118624
0.000764749077957681 0.0296338663863587 -0.00976355722766866 0.0208798357786219
-0.0173223247136018 0.0181667282147903 0.00616294709403032 -0.0414842321238886
0.0119042154871842 0.0100397386951016 -0.00989800471061883 0.0513210106297523
0.00449954071860196 -0.0072696290244507 0.024316230341253 -0.0105966496386745
-0.00634130918854912 -0.00583004907636558 -0.0246212671563736 -0.0361261810405361
-0.00434144310982316 0.00351210883855726 -0.060936991048451 -0.00196622135906474
0.00227376542140048 0.00186421847708706 -0.0421414274440148 0.0497905482998264
0.000747062087067084 -0.00112885014660734 -0.00157878428344727 0.0550641340609215
-0.000434474984020296 -0.0010031417073388 0.018369347546905 0.0387039997963115
-0.0033867591923241 -0.0033283006055992 0.029668270279154 0.0250606435359839
-0.00406213178820609 -0.00465774490553474 0.0360201602314825 0.0191771123730041
-0.00293676663902123 -0.0082227023682525 0.0376274103708903 0.0277015099969621
0.00456612124067816 -0.00998282618294222 0.0213099369555452 0.0438449699709782
0.01010167382891 -0.00355025714979463 -0.00780439981106142 0.0538245977389431
0.0135527716275228 0.00336836848927663 -0.0345453962757917 0.0601599656565327
0.0111617864456767 0.0136412906212264 -0.0566728850563454 0.0559787500744231
0.00428954366115491 0.0253268043883707 -0.0516698994662777 0.0751856882291298
0.00313277617386962 0.0356764595741491 -0.0101865352041938 0.0448943781821861
0.0123090719625778 0.013494904719512 0.0268636443874273 -0.0125508234972395
0.0106785390805068 0.00164268226290829 -0.0198692695946783 -0.0438322600329851
0.0084432729496495 -0.00470131385190695 -0.0626629346088336 -0.00938092350492254
0.00695590851124463 -0.0130549190193648 -0.0463225535417261 0.0444167750672354
-0.00328016749102206 -0.0152295214576649 -0.00733617100468973 0.0526030041069195
-0.0095957098282299 -0.0108908921836527 0.0146336931924031 0.0369246071511612
-0.0137080345145352 -0.0118811458810745 0.0262110482747236 0.0220696523280785
-0.0138224978618855 -0.0150793462840892 0.0329649849431211 0.0126719148958819
-0.00897852428101136 -0.0271337004293931 0.0388892601857449 0.0175644938217406
0.0125398804685757 -0.0306503626319928 0.031531668323184 0.0345659994419781
0.0314334554170757 -0.0126979715705698 0.00654128769017566 0.0510290234482447
0.0377586546378573 0.0185840405556598 -0.0227153294257451 0.062547953452029
0.0179205464319159 0.0456038680634648 -0.0477258568218161 0.0567456317627459
-0.00532779678605924 0.0574046140744229 -0.0448894404101455 0.0646407541846736
-0.00980556504826403 0.057371792733382 -0.00649437263290737 0.0302223708961578
0.0161776338083948 0.0368599408189622 0.0317185225003464 -0.0183421461796258
0.0280418827242719 0.0136218161469357 -0.00961897360926686 -0.0541932345408978
0.024353408259945 -0.0111922174236833 -0.0608843526134841 -0.021979046348374
0.0135501356889159 -0.0271518528374721 -0.049954562287702 0.0326294448214354
-0.00576670623178649 -0.0294542838970077 -0.0149892072532156 0.0447317993290833
-0.0174403200955845 -0.0201771297069095 0.00683747635693309 0.032133952727729
-0.0221012319287415 -0.0188393702927512 0.019063471654888 0.0168591738712744
-0.0214686856067635 -0.0227399799743616 0.0253280723995538 0.00356199847766692
-0.0153661896312905 -0.0401846232902371 0.0362379300754284 0.00214297973753507
0.013586330310153 -0.0473109910314227 0.0408095111888549 0.0172445045619006
0.0430310952629949 -0.0271416078720387 0.0251263179975501 0.04218053835121
0.0594023742303265 0.0205163363311579 -0.0066755663295484 0.0623022278730637
0.0300532343795199 0.0656556511228505 -0.0374340510442035 0.0551507191545054
-0.00932965454705125 0.0797292353739427 -0.0359668460575878 0.0468564362681862
-0.0240807431450232 0.0704817051626896 0.00323373049955515 0.00853768985049915
0.0143349506188004 0.0586369423093219 0.0385756850481932 -0.0262321408321499
0.0414553596548254 0.0297781104810115 0.00354873399030285 -0.0640766348831707
0.0405510084194061 -0.0130983892906481 -0.0515319008999287 -0.0369620421901646
0.0209167845824449 -0.0381090597512408 -0.0493924010550943 0.0143804887098208
-0.00622157373886314 -0.0408648395694235 -0.0227969536525257 0.0309975809540217
-0.0223363853508635 -0.0275731674566091 -0.00304946422391966 0.0228505431603389
-0.0272009630424637 -0.0229220225611027 0.00876610416457898 0.00841731574634786
-0.0260341511271202 -0.0258429102103886 0.014898200774794 -0.00750185605961808
-0.0205468781624193 -0.0450611110322913 0.028653652224944 -0.0138713472202969
0.00974905825831181 -0.0561658371961462 0.0444181128034048 -0.0027814368467253
0.0443873758942875 -0.0381601137375885 0.0406943449250229 0.0269815456345886
0.0699870503734402 0.0147152949526188 0.00956217782677647 0.0555845274968345
0.0382169115920249 0.0713871692018093 -0.0286381479276496 0.0489586873730791
-0.00981244327342939 0.0886409198131948 -0.0262828867652088 0.0241137203158076
-0.0344257057515377 0.0709907233977627 0.01649762216653 -0.0171831151380427
0.00655146515090528 0.0708933205849327 0.0456255831772567 -0.0362648917119483
0.044380406292417 0.0435208104481771 0.0199338694602325 -0.0694336978015301
0.0508977738312791 -0.00936229003571436 -0.0348923619367377 -0.0504123831588988
0.0270924253830136 -0.0412619342475423 -0.0429764118318 -0.00765420969600496
-0.0047877450230713 -0.0456588696622141 -0.0292430170653163 0.0116038650143963
-0.02366009492549 -0.0307051488962614 -0.0142498807208285 0.0108880603432782
-0.0286725487559524 -0.0231972677308265 -0.00292852894006366 -0.000332920150560738
-0.0264076082832233 -0.0250404984458052 0.00349049958557704 -0.0166301145409348
-0.0212871083628122 -0.0429761502186622 0.0189703088899971 -0.0274387180362912
0.00646418903874344 -0.0553840902014724 0.0415498351007149 -0.0211300107193299
0.0396693184900496 -0.0406637789384517 0.0487453330566487 0.0113601067995354
0.0682908735947857 0.00919449179730042 0.0197834172586413 0.0451617975801286
0.0380391599636914 0.0677827010933584 -0.0226823465974234 0.0405920443916124
-0.010976043909549 0.0839898994326252 -0.0178128508926211 0.00109876125787566
-0.0374440494037562 0.0584943058863707 0.0319678540278805 -0.0421805660870312
-0.00446235928121852 0.0672184323381692 0.0520781500224026 -0.0448922803032235
0.0357737136013661 0.0476624607143883 0.0331522536843642 -0.068268270762015
0.048999607789821 -0.0026070738487638 -0.0138702819782623 -0.057086165164139
0.0276915518843828 -0.0359230553182343 -0.0309636568647882 -0.0277729799207671
-0.00224481140800783 -0.04187728402977 -0.032003973047647 -0.00761930717165973
-0.0212724470367001 -0.028628519696923 -0.0243265382285515 -0.00248768333355072
-0.0255042077805437 -0.0202354123984302 -0.0130099329795881 -0.00962806372759615
-0.02358322335236 -0.0209956680667419 -0.00659394061086578 -0.0245523223251226
-0.018176604771987 -0.0360165621364769 0.0104111310916629 -0.0368707344000354
0.00565927570495985 -0.0466242299085222 0.0376860725554848 -0.0338281787239233
0.033433839498063 -0.0344592128189363 0.051818551721869 -9.80847308106984E-05
0.056376273534838 0.00927019055986192 0.0250586211375945 0.035653208216759
0.0279943395011786 0.058313230932339 -0.0180313655081456 0.0318227321002518
-0.0132040264208349 0.0681073883751506 -0.00949122392282526 -0.0190924184844495
-0.0315862319702199 0.0354210541211331 0.0439902301739778 -0.0618814230727646
-0.0115396301618543 0.0477169383839695 0.055519069046193 -0.0508557548285719
0.0204009616007837 0.0373629964813183 0.041359926810559 -0.0635272114997229
0.0342307764220098 0.00178983324588082 0.00298894185659525 -0.0576108928609504
0.0207196570727074 -0.0239451948706311 -0.0192803507563529 -0.0414173591538859
7.78084064119773E-05 -0.0298383537130593 -0.0329833221096742 -0.0233284468371389
-0.0149806413606274 -0.0210742802546038 -0.032567341929408 -0.0127233509997978
-0.0188681930809526 -0.0139499881836166 -0.0210941406967094 -0.0169242431468523
-0.0175972246630974 -0.0155518429315352 -0.0148739390318664 -0.0305994971394606
-0.0129084939768087 -0.0257272075297147 0.00455113168560392 -0.0434981289159912
0.00506375148451583 -0.0332083927527049 0.0345574320443793 -0.0414417162553303
0.0269966832550257 -0.0235371836135295 0.0533222270179415 -0.00557646182468263
0.0406348240143597 0.0116140353721713 0.0273902423469663 0.0288576185403056
0.0137902221783445 0.0459454205720837 -0.0137736460100129 0.0247372764003393
-0.0162709350791224 0.0449275139573918 -0.000951149314532073 -0.0332174902661941
-0.0186956986874611 0.00676094644455386 0.0481558971866929 -0.073351330639762
-0.012759893910627 0.0186210049220624 0.054945042447453 -0.0541310508083218
0.00440067464223442 0.0166770294683533 0.0413734436882388 -0.0593487490517407
0.0126182445955623 0.00252497642484837 0.0106832608999186 -0.0559143236713521
0.00819392277710031 -0.0081652834477866 -0.0142924044560992 -0.0470675348431653
0.00105008674161902 -0.0127321545871394 -0.0332544365476066 -0.030665032044522
-0.00660880360553807 -0.00962286270003685 -0.0359827866633447 -0.0192353154134904
-0.00890622920825354 -0.00629102319160023 -0.0255749692741996 -0.0212171345170434
-0.00934725627933148 -0.00832233851449281 -0.0183480188795366 -0.0342533553348366
-0.00750044168705942 -0.01440875060285 0.00236202755005084 -0.04687610278208
0.00363183894033667 -0.0191189642003194 0.0335776197489799 -0.0451459418670771
0.0184026245044184 -0.0129415821893769 0.0540503212647763 -0.00655629826062292
0.0234996435456121 0.0128139313571116 0.0282538943870367 0.0268878858139737
8.42141509900223E-05 0.0291893690788473 -0.0102883309086797 0.0202352897465182
-0.0172601520878691 0.0172695270323528 0.00723931006786034 -0.039996728187983
0.0118129234734374 0.0101760313735748 -0.0115118706789732 0.0516279763785272
0.00499022180899241 -0.00703526657229356 0.024876234998631 -0.00981702264428532
-0.00609616881092748 -0.0060219704600847 -0.0236605065042042 -0.0379117116223112
-0.00426454083897504 0.00360511971294892 -0.0622902531036596 -0.00433359902297862
0.0022800237359292 0.00152077280887075 -0.0439403735318463 0.0489620354807486
0.000538281346211092 -0.00113628102085756 -0.00391911230699235 0.0558097684983732
-0.000394847276902103 -0.00103734560361823 0.0170714510318165 0.0396215358243618
-0.00311252086970312 -0.00351578935867681 0.0291312763310875 0.0262075570431715
-0.003896468636232 -0.00443485345994795 0.0356866296095349 0.0197298739465184
-0.00307805388450825 -0.00873141852431112 0.0364167378119063 0.0289510120508383
0.00444496255722499 -0.00972609187131492 0.0199736053857718 0.0453583063864542
0.0108127762283659 -0.00317057269827215 -0.0101650948212123 0.0549454945362936
0.0136076723287385 0.004056682193151 -0.0372320829691951 0.0595906299154551
0.0108475856236636 0.0140309970139689 -0.0598679089898514 0.0540162119540763
0.00331748678673448 0.0262488715456225 -0.0553410914724483 0.0740705754288918
0.00223139562462937 0.0363634188061627 -0.0119820153407646 0.0454145849342489
0.0120545264962386 0.0141173909513396 0.0277316452629835 -0.0114792017799147
0.0105989712454519 0.00202597451115327 -0.0180703471326609 -0.0452984313714018
0.00844761804150666 -0.00448565535305373 -0.0627135005497725 -0.0124285845188475
0.00769990114412719 -0.0130023841612788 -0.0483332628532451 0.0428477626882311
-0.00275754624598672 -0.0158820674911288 -0.00936215907882381 0.0530501357555164
-0.00943659877659461 -0.0109469730201003 0.0131802441522057 0.0380533900002684
-0.0132639456897628 -0.0125597114922493 0.0256165396157553 0.0229462522370756
-0.0131421561521601 -0.0160462200828007 0.0322397423917677 0.0136332482429233
-0.00768109422790908 -0.0277314852461487 0.0382140977410687 0.0185581388001577
0.0134899523436239 -0.0307230136063809 0.0307641771306147 0.0363162759960211
0.0324539224708042 -0.0116020740442924 0.00435152487725631 0.0524808759276264
0.0374625457265033 0.0202590525886665 -0.0256136797421622 0.0628786753111319
0.0166805621960094 0.0468048146893253 -0.0511952807395464 0.0553605478625786
-0.00786641143337212 0.0581589819170254 -0.0484293421875466 0.0639660370175094
-0.0121807051528261 0.0579695456268108 -0.00734020913376414 0.0309186320077821
0.0154106773717522 0.0380596831271739 0.0325313651453097 -0.0165495087973638
0.0279506093912308 0.0148083195948823 -0.00788143400492521 -0.0553538070905684
0.0248812446552033 -0.0100781153681959 -0.0600236475438566 -0.0249231512483382
0.0143055543396082 -0.0269592778368374 -0.0514123279897845 0.0310062960271127
-0.00520569157318518 -0.0300072015830593 -0.0171741189347671 0.0451172959625569
-0.0167332536948642 -0.021117239832678 0.00593443716928686 0.0326371395025284
-0.0213454510058898 -0.0197006827977498 0.0181545295042141 0.0174507977739952
-0.0207728853723946 -0.0239581055275182 0.0254399247243174 0.00400983963724389
-0.0145061595514346 -0.0407176222520872 0.0365137241999189 0.00300457809594919
0.0148591014501465 -0.0479005145652206 0.0408829399504997 0.0190789139800021
0.0444326695772723 -0.0254230529572943 0.0231677774086002 0.0438149198125131
0.0592020447306153 0.0229746758480695 -0.00897432058165325 0.0628906458868729
0.0282747029969236 0.0675461903363805 -0.040840982962618 0.0538068242799834
-0.0126065943253229 0.0806290022949684 -0.0384847593928584 0.0468673378646311
-0.0263945879374962 0.0705520527876118 0.00268232532413012 0.00909845159341316
0.0128559018581214 0.0599387866685337 0.0398517011201435 -0.0245892144246549
0.0405955970285297 0.0313718350499269 0.00658904908950981 -0.0647594534151246
0.0412152186789827 -0.0119995268702418 -0.0506905003956172 -0.0397377914422434
0.0221789950406453 -0.0378024014920171 -0.0507640697847645 0.012521925808883
-0.00532245415727579 -0.0413131890385155 -0.0238673910534318 0.0303486810336115
-0.0215095409189379 -0.0283386800238222 -0.00356670973552555 0.0236701320167647
-0.0270651533812437 -0.0238374956235094 0.00842011218801989 0.00885338747331241
-0.0255352481590104 -0.0272376322101175 0.0152309781935798 -0.00661844303449837
-0.0193833974218441 -0.0459772639096973 0.0293775215224389 -0.0135157330901119
0.0113203335815687 -0.056800515704619 0.0447641811738399 -0.00203034788682833
0.0462596524422711 -0.0370261279051474 0.0394621027247317 0.0288476190803029
0.0703141304963888 0.016843643515871 0.00732715195233591 0.0568644990605073
0.0369754944809244 0.0742072369123061 -0.0313278062913545 0.0485990866096173
-0.0136376829311615 0.0901252084201275 -0.0282549453678883 0.02408569468716
-0.0375772078080539 0.0705826546959056 0.0177851981425846 -0.0162777569890242
0.00388636094125702 0.0722189380470471 0.0470700643593526 -0.0339774238005337
0.04323234441052 0.0454462280026864 0.0226455323125484 -0.0697327772928396
0.0517310069225798 -0.00751489106770836 -0.0330905996525708 -0.0529772415595144
0.0285303292729868 -0.0409826918393143 -0.0428302490056333 -0.0101568366900352
-0.00367775441527086 -0.0463338177805623 -0.0296041162252244 0.0109894199567115
-0.0229598753520683 -0.0318898666206185 -0.0149533479041908 0.0107006371595509
-0.0280592139256168 -0.0241623957530294 -0.00259352401827739 -0.000925360071430814
-0.0261884623306084 -0.0265807532734565 0.00376391079677606 -0.0168301973189958
-0.0203258677312525 -0.0441331534072715 0.0195939235262996 -0.0269268680564229
0.00806168677566987 -0.0560382356167601 0.04298348631409 -0.0203912690727641
0.0414802263611187 -0.039766337854906 0.049023379075315 0.0133868428089385
0.0686716281955434 0.0113408501165886 0.0176245783430041 0.0469447329380354
0.0366152956726297 0.0698030467739924 -0.0249196582861515 0.0402892660792853
-0.0140644421099226 0.0851327989974051 -0.018496794923146 0.000370834151667457
-0.0402259547712239 0.058098228371761 0.0342924554634658 -0.0413686100273142
-0.00638697788812774 0.0675985652499843 0.0541545605543567 -0.0432106613473781
0.0342947327869673 0.0493120904024334 0.0369923524376205 -0.0683248494794479
0.0496623558164939 -0.0012126927816103 -0.0113840860506512 -0.0591680922781914
0.0289043158572133 -0.0356936221915498 -0.0303339196032762 -0.0298392832003068
-0.00116126833446544 -0.0428816609390443 -0.0324998719517651 -0.00909418550060476
-0.0205047134607909 -0.0292923143330949 -0.0247448634443809 -0.00310584326142173
-0.0251352952742916 -0.0206367393878941 -0.0130591744172827 -0.0100519216866578
-0.0230622084538445 -0.022358206837693 -0.00646991821390494 -0.02492219686848
-0.0172962338978019 -0.0370664344532688 0.011334357781144 -0.0370857533257601
0.00673815996053525 -0.0471364802780126 0.0393212320259599 -0.0336553004441561
0.034686822913591 -0.0335848124346614 0.0524254072421288 0.0018165404383669
0.0566020972282751 0.0110672772813467 0.024037225221434 0.0372764003499809
0.0265365127623245 0.0604706680758993 -0.0195029767084059 0.0322574847303043
-0.0159390969354749 0.0689274857482905 -0.00886591639368648 -0.0196314468812697
-0.0330154269417536 0.0348421810377354 0.0468243616058418 -0.0613709303414057
-0.0131203849067103 0.0478965007802863 0.0585004079110852 -0.0487449945134779
0.0191059094515501 0.0388322243554524 0.0442930152460389 -0.0629031206634685
0.0348960696196108 0.00314059227131981 0.0058907381451735 -0.0587649577598551
0.0213153867736428 -0.0233613573794664 -0.0181624846912588 -0.0436484356272149
0.00067589998490893 -0.0303754429221961 -0.0326400655554466 -0.0251830162167474
-0.0146614705660642 -0.022096404417583 -0.0318220063884628 -0.0139049423476172
-0.0183287983032099 -0.0148402441177471 -0.0207099945611238 -0.0183114844459663
-0.0171215679852994 -0.0161858004887055 -0.0137424364828791 -0.0313247851701346
-0.0120786471279469 -0.0264019930932581 0.00607289044932474 -0.0439701187452371
0.00630003376209738 -0.0338539999125792 0.036750044131447 -0.0413241630875181
0.0279411741815244 -0.0227693076164644 0.0536901959843945 -0.00361283320590616
0.0407884440671339 0.0129908997340072 0.0262303502042281 0.0309867669660729
0.0126546752453459 0.0465577090209054 -0.0147391566485707 0.0245406816056333
-0.0180045799753568 0.0447693673193946 8.77863010297715E-05 -0.0333645956093974
-0.0190904620018436 0.0058018908919734 0.0520453578019082 -0.0724269716967753
-0.0133408777109535 0.0182194690365703 0.0578362285588859 -0.0520054650469058
0.00375008670838826 0.0172908967632192 0.044404145579505 -0.0585351119410553
0.0124215357165471 0.00298402378188237 0.01326438310406 -0.056728176940096
0.00824521658177848 -0.00803940355989761 -0.013199582602258 -0.0485685314537181
0.00148458151713098 -0.0125880926053337 -0.0329469983673163 -0.0322210661688212
-0.00635975045503536 -0.00992282418387114 -0.0358709946580074 -0.0203637746861877
-0.00849435134685117 -0.00650558961040661 -0.0253655518871382 -0.0224928156586909
-0.00931207634327888 -0.00872392240329373 -0.0174392136809169 -0.0350145595313041
-0.00721755905611134 -0.0142331693756456 0.00425936272977635 -0.047691678484845
0.00458508244928843 -0.0192588140800974 0.0356399261589465 -0.0445909571070192
0.0193399514529946 -0.0119774613300501 0.0549702030669049 -0.00455346277779806
0.0229207253513003 0.0134340114621148 0.0270841770703033 0.0289507699210372
-0.000702360418924618 0.029148295010174 -0.0112404756104314 0.0204135545714201
-0.0176275722320974 0.0169373291820496 0.00841813825069788 -0.0398478703261766
0.0125563752392633 0.0109330687410762 -0.0128319737375558 0.0537943157515992
0.00497350361133004 -0.00740764511862737 0.0266517116066358 -0.00932990442762717
-0.00615542505905386 -0.0062614038242373 -0.0237841875923925 -0.0399427256581962
-0.00460878878016612 0.00391335494371827 -0.0649264982214209 -0.00592309691527591
0.00256131948018671 0.00162619110748937 -0.0460003435339794 0.050047721894205
0.000527360780376182 -0.00117787490945247 -0.00469975976930343 0.0577218069955205
-0.000634527639315948 -0.00128627777331597 0.0169671101636262 0.0414599824364065
-0.00358974473002087 -0.00381632048903991 0.029383311262366 0.0272001523279642
-0.00379050631520874 -0.00512406177576016 0.0368229998421106 0.021193313237671
-0.00292435989366704 -0.00930631738960846 0.0382042840909161 0.030488768836561
0.00493094187180139 -0.0105230050858469 0.0205373466605577 0.0479357972410347
0.0115027083866283 -0.00296048624751832 -0.011741359196844 0.0574861371692944
0.013796908818926 0.00478111869762907 -0.0400487935149536 0.0613640124040466
0.0110542669279188 0.0148372145051542 -0.064021237487857 0.0552031946995997
0.00325577398948089 0.0275445667706339 -0.0591071470224484 0.0766619413638335
0.00182094841602163 0.0380674073852388 -0.0130643850655849 0.0473287784912926
0.0125645494397834 0.0145387446865697 0.0292034862299065 -0.0107878146791436
0.0110971515524148 0.00223923897988586 -0.0181217256370689 -0.0480619931845539
0.00856881857606189 -0.00439412967533767 -0.0659541813892368 -0.0139792503787763
0.00792328163071357 -0.0138207415412315 -0.0507609835957632 0.0440185549421764
-0.00289094336443853 -0.016098399868359 -0.0104134266921776 0.055116805169422
-0.00998214987341167 -0.0115343537601459 0.0133142351647173 0.0396457698063379
-0.0137349876151722 -0.012838309580959 0.0261768379919002 0.0241927439514528
-0.013535134450482 -0.0174150207364791 0.0335509719876152 0.0145586531055537
-0.00835265300290966 -0.0295242029216313 0.0400434197128236 0.0197999995927246
0.0141405247197697 -0.0320254840388308 0.0319438446338339 0.0375200941244201
0.0339274782425481 -0.0114924429610552 0.0033387439465589 0.0553921028273463
0.038742091349894 0.0216164632011109 -0.0279250774309069 0.0656141802581405
0.016822282985244 0.0491177113286219 -0.0545883957238263 0.0567203802425737
-0.00874645972246492 0.0607690823566243 -0.052172009485513 0.0663992724781972
-0.0131120676385226 0.0603015826293261 -0.00819429051896066 0.0326298208578509
0.0153918235770046 0.0393184824876894 0.0342657208424543 -0.0160114738136632
0.0287105693336204 0.0155707674528586 -0.00734543469783695 -0.0583365139904932
0.0256646741342088 -0.0103182913333713 -0.0625606005025908 -0.0273177131108168
0.0152685112909632 -0.0282936318496515 -0.054329089198049 0.031345568226899
-0.00507355180767425 -0.030945139941184 -0.0178919661384942 0.0464895731806478
-0.0173086044838086 -0.0217567691517229 0.00540630598567304 0.0339462679591354
-0.0225366271336248 -0.0204765479291504 0.0187432571035725 0.0180971889021196
-0.0216912262513827 -0.0251015552031571 0.026158017995862 0.00423050701912319
-0.0152093158149991 -0.0428896971211632 0.0377503576003452 0.00349758337585778
0.0154617067980256 -0.0499155131654304 0.0424113771256478 0.0195960964242171
0.0468759651964127 -0.026220638326381 0.0238443692885937 0.0463480729768049
0.0611556185376015 0.0245416077672341 -0.0107122411894557 0.0660710038890609
0.0290421306937166 0.0708834871917467 -0.0441574257032738 0.0559559319151083
-0.0141021099267714 0.0849217183151012 -0.0407383545203576 0.0481655232299041
-0.0284925445978011 0.0735074216038806 0.00284390609548289 0.0104386754063098
0.0123026784896189 0.0627268511030459 0.042012668610087 -0.0239778983961614
0.0418606113495814 0.0329425536151727 0.00778296933349537 -0.0681332204316627
0.0431376186006605 -0.0118993486869529 -0.0520330682215167 -0.0433432432851737
0.02327921354412 -0.0396166640222755 -0.0526578669374464 0.0120098943411546
-0.00521754714020829 -0.0432813938813468 -0.0253632383561865 0.0315186775752676
-0.0226307487070103 -0.0294905014500465 -0.00458453946578296 0.0238967716921262
-0.0280093279951496 -0.0250710550597148 0.0087084880808335 0.00898983663949159
-0.0259636530462865 -0.0292456910408805 0.0155534717097554 -0.00688158011048427
-0.0203646935420349 -0.0484784338475955 0.0307525219717728 -0.0138472285961702
0.012020325396985 -0.0595803489455751 0.0468043775241454 -0.0022653423032754
0.0484328577779785 -0.0384614796969282 0.0403217017321002 0.0310053874917545
0.0735849411511452 0.0185521922104142 0.00616457445401062 0.0602827028605032
0.0382360067553741 0.0779537693030243 -0.0341811169666922 0.0503614898077194
-0.0152121876058205 0.0939444838617884 -0.0294530349571987 0.0247741337822817
-0.039993090672842 0.0734306781724763 0.0187043199369384 -0.0163404360317568
0.00342221701104641 0.0751578192387562 0.0495825297120835 -0.0340625070696612
0.0443486252981756 0.0479109984642204 0.0248351104720075 -0.0730852013810517
0.0537725995596088 -0.00740365570051279 -0.0326904933303737 -0.0565846506611525
0.0298618027332055 -0.0427208259263761 -0.0449505656503176 -0.0113314681676309
-0.00375177226322454 -0.0483967718292242 -0.0313357996176806 0.0112469379892787
-0.0238699697836263 -0.0335661001846716 -0.0155581253058316 0.0110394888453602
-0.0291618887975951 -0.0251754932573799 -0.00307316590978828 -0.00100784010030134
-0.0270780286246959 -0.0280562165712874 0.00400610126305057 -0.0177048927837057
-0.0209728424846813 -0.0463066522906356 0.0209193366208398 -0.0283998253541215
0.0083219714269966 -0.0584324870034611 0.0456603747145763 -0.0219453877600045
0.0433748265620116 -0.0411290199356715 0.0504008630185139 0.0147552950122348
0.071207171858112 0.0127208559743666 0.0183550251066453 0.0503325909738256
0.0374332733127466 0.073458954637302 -0.026825153698949 0.0422489235625498
-0.0151094163003394 0.0890900474329076 -0.0196159316753323 0.000857716530002347
-0.0426721772046495 0.0600032752812831 0.0363247387121632 -0.0422258376176234
-0.00785005064138566 0.070807467491306 0.0571424652958263 -0.0431140198409936
0.0351151439445491 0.0518380164751739 0.0393267140749529 -0.0705892986442114
0.0514812082321145 -0.000468653840472309 -0.0105305161172974 -0.0623338226620255
0.0304219883886239 -0.0367983776668017 -0.0318078010240187 -0.0326732508475028
-0.00109779722327184 -0.0446391525940095 -0.0343428591953992 -0.00971535344021738
-0.0209311127150587 -0.031075025888409 -0.025157262812719 -0.0031133323989345
-0.0259079091436308 -0.0213981832238061 -0.0131370814559998 -0.0113705627320616
-0.0239074166128711 -0.0237224323930813 -0.00686851865402282 -0.0262664506115652
-0.0177906673498361 -0.0387107556886862 0.0121861331266931 -0.0389595764129978
0.00756152270246309 -0.0492354481335006 0.040926734452978 -0.035274045577076
0.0362107853574602 -0.0347602683623818 0.0543295479590937 0.00291649559124003
0.0586821938007444 0.0121810427744688 0.0240535279627708 0.0402744234158823
0.0274762553220308 0.0632358318244348 -0.0210780729436415 0.0334532031922392
-0.0172125058793775 0.0716901408759258 -0.00924923737700607 -0.0200329125863943
-0.0352757759394831 0.0365033040652404 0.0500235547784892 -0.063174673853741
-0.0141101713303916 0.0497330291678317 0.0621360626914901 -0.0497832890435467
0.0195488783466374 0.0403460062107602 0.0475020098097629 -0.0650590823644358
0.0363056955226016 0.00373810167742383 0.0074102700209303 -0.06159465194186
0.022046854942031 -0.0238756241067218 -0.0190555394074258 -0.0461724274475226
0.000475631937365287 -0.0317367010318659 -0.034041842126737 -0.0264818079962653
-0.0152048694852293 -0.0228044440706118 -0.0331934146566513 -0.0151074338829071
-0.0185880213072342 -0.015281703699126 -0.0212469368690051 -0.0190359254052416
-0.0174060373329995 -0.0172285342809994 -0.0140521294938194 -0.0325659042783899
-0.0127522897633819 -0.027744291552514 0.00680700844109786 -0.0457421273503488
0.0066107401805796 -0.0354495576961957 0.0387341758872778 -0.0432410477378508
0.0289947408906739 -0.023038144105105 0.0557697256245624 -0.00314275789850647
0.0420503346459501 0.0141908827023475 0.0267599100233138 0.033847570949108
0.0129951344787283 0.0482086145493268 -0.0164032493343011 0.0257373442542083
-0.0187719262409076 0.0464557294255609 0.000123353378746226 -0.0346671458557711
-0.0201832088562839 0.00608360700023498 0.0552225348055663 -0.0750952265275771
-0.013871598490563 0.0189512608199994 0.0620126169564062 -0.053157870251712
0.00396876012060896 0.0177198540919802 0.0475408192286335 -0.0603240229783675
0.0128773854043748 0.00369894185067655 0.0151659905503644 -0.0592796233123255
0.00882171594877417 -0.00864978868145189 -0.0135631798204288 -0.0516300784452994
0.00145989107265468 -0.013391365083573 -0.034096198609783 -0.0343704823708863
-0.00638785965781941 -0.0104412271987499 -0.0371260473700358 -0.021403519042423
-0.00878666032567355 -0.00670017667131118 -0.0264230061724149 -0.0237498255510376
-0.00998124495431254 -0.00829161167798725 -0.0175448868929212 -0.0370802538590137
-0.00728114025936842 -0.0148860554838946 0.00487367831512714 -0.0500885971627667
0.00494642973688279 -0.0199225015237215 0.0379905261234288 -0.0464681966203806
0.0200075971058718 -0.0124889911346944 0.0575728616062625 -0.00408580324432995
0.0233720336990634 0.0147841860791055 0.0278219872300703 0.0308573002162752
-0.000751705048673717 0.0307136111991188 -0.0121092852504384 0.0213275122961007
-0.0183471134624023 0.0173944939944169 0.0091807068718458 -0.0418930742659149
0.0152522452708932 0.00911476422154509 -0.00658915685068653 0.0591285538513134
0.00464592861325136 -0.0082909858696296 0.0269127291133489 -0.0132236452754937
-0.00679676642612722 -0.00518909391058667 -0.0303734025505213 -0.0385654719397209
-0.0037166903633444 0.0041930352196013 -0.0686821265960721 0.00443151478413517
0.00241013360378024 0.000278882421382414 -0.0404245431267752 0.0601419646524615
-6.26216311357542E-05 -0.0015182797803449 0.00423502682167132 0.0616587850990852
-0.000789783321144656 -0.00111404046743126 0.0245427043061083 0.0408130701423392
-0.0044338966980092 -0.00296888356659173 0.0344399763913174 0.0236467426386236
-0.00507802094316523 -0.00455150744723286 0.0412915024510566 0.0167593305606208
-0.00471702317197022 -0.00912940589624467 0.0440997677485705 0.0259861810258307
0.00320263486881943 -0.0117027387356577 0.0282263420023798 0.0472764617594296
0.011838819594713 -0.00500009931267042 -0.00479852026813088 0.0624968713825601
0.0147437921721575 0.00256549271789913 -0.0334229085079418 0.0698291627503145
0.0135509243412801 0.0132748374686479 -0.058829403274758 0.066459341233765
0.007768915977235 0.0273204690239602 -0.0515279860213278 0.0885708466090032
0.00795202299024619 0.039604252618915 -0.00838200008014764 0.0505940873369519
0.0152466031203541 0.0140099957249092 0.0284058154519528 -0.0158690773925791
0.012310247443134 0.00137698528580109 -0.026645497026569 -0.0472637217150182
0.0091616713420294 -0.00574384784985313 -0.0711816828511667 -0.00378110976096007
0.00559940462824287 -0.0162456783114522 -0.0457661594676328 0.0543428365260184
-0.00552945910324557 -0.0168973797047317 -0.00168249913233992 0.0595514135995123
-0.0114880509293706 -0.0105019084211925 0.0200142381359712 0.0399723990025793
-0.0163834585695025 -0.0113185139348918 0.0304215870196757 0.0209146375938425
-0.0169885648680356 -0.0154694867711786 0.0366604522802894 0.00991587488297739
-0.013092804512857 -0.0286011328933894 0.0439688781953527 0.0138725033148985
0.00933234147597016 -0.0349284730542625 0.0384064814202372 0.0352857361047756
0.03381816825368 -0.0173518326706529 0.010772347108584 0.0576307730051019
0.0431266545605473 0.0166801208132396 -0.0196548795373058 0.0716789332105171
0.0246446935014655 0.0480029811619131 -0.0483990231480195 0.066111466100544
0.000337929860492842 0.0634941479652319 -0.044744920433501 0.0769675678039882
-0.00349989018981734 0.0660890694897642 -0.00626873793949517 0.0310986726890207
0.0216686955870284 0.0400780149486343 0.0326939099327162 -0.0223429481131978
0.0326448195383502 0.0130242057764498 -0.0183279456250324 -0.060239259139259
0.026082272244512 -0.0145435035970668 -0.0709916842453723 -0.0179894022472314
0.0114875072194676 -0.0322090093364689 -0.0522191927055573 0.0424704541555706
-0.0101289403458039 -0.031971152813259 -0.0108591950214489 0.0527251155377317
-0.0211090872484798 -0.0205392758111751 0.0116566286864159 0.0359734000067723
-0.0262777616970114 -0.0178018597108926 0.0218726864994062 0.0155859731385761
-0.026179406755529 -0.0226701438832194 0.0274366976492515 0.000460614907485499
-0.0220570138112501 -0.0417264318199408 0.0388125419201364 -0.00239915200710948
0.00793316359727629 -0.0532878494150892 0.0472305658823725 0.0146228011757617
0.0449178656145019 -0.0335678552125793 0.0300789480144703 0.0459987345096055
0.0670122402017599 0.0160224323138619 -0.00247679792290252 0.070041509159542
0.0406966873940599 0.0681700680885218 -0.0363146892815782 0.063329584605379
-0.00197976381240361 0.0887564460466369 -0.0366028370682191 0.0571134242389892
-0.0178899900663841 0.0825475890381716 0.00231254629086684 0.00418297116525058
0.0220206592351657 0.0646458108071454 0.0385712435035837 -0.0329709300365209
0.0489964511789076 0.0291327802231318 -0.00554663875326886 -0.0736331933548673
0.0441575268923093 -0.0180496689662575 -0.0629944785118644 -0.0360205866077053
0.0187575387808243 -0.0450075957399613 -0.0543753489498626 0.0229260561599777
-0.0121417821661673 -0.0444613118669871 -0.0211068332376089 0.0386064847685766
-0.0271162945574861 -0.0279381098706735 -0.000601344587308442 0.0269384508007937
-0.0324557033475978 -0.0218231752707969 0.0102155536461262 0.00771148165849699
-0.031141879064485 -0.0255313336241642 0.0146154956953069 -0.00950935089950427
-0.027726684703377 -0.0463380903131828 0.0285708316119101 -0.0196230541435874
0.0029263416879033 -0.0626392108913894 0.0483657523927347 -0.00907929515186014
0.0443907771314325 -0.0461006931532355 0.0458235467467282 0.0275794744713772
0.0783365060939756 0.00724287393517161 0.014729757152797 0.061456484181734
0.0508327468423504 0.0745424075579668 -0.026366606105093 0.0565408182301616
-0.00154366882630065 0.0992833935745328 -0.0274341568845367 0.030789341064967
-0.0298282447170135 0.085079242254772 0.0151273722743115 -0.0272175195248157
0.0138720754215104 0.0796863385893679 0.0457811441692793 -0.0454115499232276
0.0538973866669409 0.0444764205051981 0.011996682687476 -0.0821809118835188
0.0558827701735072 -0.0145188528199206 -0.0459404767838924 -0.0531351097149884
0.0250279590496462 -0.0488276726422413 -0.0498371347185255 -0.00311077158875943
-0.0109157402091433 -0.050133836097411 -0.0304122077070973 0.0185730826703159
-0.0294802080121411 -0.0312121312751266 -0.0142993063073589 0.0148949938906125
-0.0334075472608333 -0.0221304834495035 -0.00314311523786168 -0.000755882842145455
-0.0322093228508911 -0.0248605035562972 0.000723622276507121 -0.0185829797847949
-0.0283967422902139 -0.0440480843277016 0.0165562725288625 -0.0326991948116741
-0.000293843405486376 -0.0610079868098083 0.0433344071491667 -0.029474056842271
0.0383044924748147 -0.0482435911321687 0.0531805897637662 0.00858198229549281
0.0748436710755259 0.00191020906179828 0.025622000148406 0.049451429323011
0.0496724099474508 0.0699232164513278 -0.0199708504604897 0.0468305619190592
-0.00237136658485631 0.0936207572618142 -0.0201312872496021 0.00408563618793411
-0.0351991416957591 0.0720150111801466 0.0308027034238883 -0.0574508903917587
0.00213741366630894 0.0761982630446288 0.0517731817825476 -0.0564241984074788
0.0442054666736695 0.0502351933003792 0.0269867313744879 -0.0823913648536198
0.0542852965117024 -0.00711021196224714 -0.0233626093676753 -0.0637762844392646
0.0265942836155414 -0.0425321160960649 -0.0397591861738893 -0.0267878817547073
-0.00760626896425347 -0.0462970821867915 -0.0368052359379827 -0.00280018752875843
-0.0263009210013493 -0.0289264475085784 -0.0270913537806071 0.00187845491937458
-0.0293137210430065 -0.0191915829374872 -0.0152475244693847 -0.00936582399046774
-0.0278901743586388 -0.0206581400748737 -0.0111039939895 -0.0259802951439892
-0.0239224145051349 -0.0368478183697558 0.00591592294151689 -0.0424715320458335
-8.44698087312079E-05 -0.0511061655466337 0.0379090275730654 -0.0431416637435789
0.0325728629537849 -0.0402532224512748 0.0566195242249251 -0.0046969182404265
0.0617261868522233 0.00335367784315188 0.0302693492328686 0.0380550200801814
0.0377383837632339 0.0604123755971239 -0.0157081910268001 0.0369630156674488
-0.00732532243396345 0.0761418783162963 -0.0126441773167173 -0.0194405443609562
-0.0313645800906653 0.0453806873813212 0.0427768618574606 -0.0793695768834439
-0.00767929790363033 0.0550232007098696 0.0567920929768563 -0.0634207278990295
0.0261548868453152 0.0404653910027467 0.0376768875339661 -0.0773320047236507
0.0386416222926186 -0.000269889813421069 -0.00401949576368432 -0.0659790306309937
0.020355031399126 -0.0279349311989778 -0.0291832926133167 -0.0442455837820505
-0.00364467215636502 -0.0334419410972807 -0.0393672675374623 -0.020884818729235
-0.018526382561051 -0.0214078931313723 -0.0371244558028844 -0.00916602148237152
-0.0207127181982504 -0.0130804075912517 -0.0255222920996006 -0.0165027683571768
-0.0204396013960408 -0.0147028504792306 -0.019715533955514 -0.0322783807192219
-0.0167034732552021 -0.0262085259522984 -0.000457018106347713 -0.0488908830147223
0.00142015298554428 -0.0367602498239248 0.0337407015408843 -0.0506867229809227
0.0265386996065184 -0.0274221924670939 0.0576743892398247 -0.0112862542743378
0.0446718923822855 0.00819483758767613 0.0324914499256821 0.0304662896082875
0.0203588525137782 0.0477531112387306 -0.01189389166077 0.0291325435462201
-0.0125213393286727 0.0508289638142781 -0.00463184720126014 -0.036018548259054
-0.0197416851505486 0.0113765374160286 0.0476043746968518 -0.0900572155538021
-0.011971778656554 0.0226828457650534 0.0571154485856616 -0.0662270648649503
0.00663384197228613 0.0186327434325057 0.0401291694201421 -0.0720782113602814
0.0144284405065621 0.00248342311197674 0.00551685044716201 -0.064977377738498
0.0085333606379868 -0.00955324018739113 -0.0234552083896483 -0.0516151608756433
-0.000338815659721796 -0.0139791259603789 -0.0412814930217504 -0.0302877256232755
-0.00780291020861367 -0.00990693588775308 -0.0427479419827541 -0.0162348453690782
-0.00940573396576255 -0.00559627414453737 -0.0305862773404516 -0.0205746892096596
-0.0108955655649434 -0.00744565801090416 -0.0241030024804536 -0.0356155710185888
-0.00898830294942077 -0.0137204543936761 -0.00265144751357009 -0.0529260654823305
0.00248441506716635 -0.0204222673518142 0.0326688092652946 -0.0535901685161338
0.0186028223582757 -0.014891577221573 0.0588578757596612 -0.0123617479610745
0.0257365146018892 0.0112087798396537 0.0333593449874606 0.0283816179209597
0.00368895422815704 0.030876808145981 -0.00911497180377951 0.0241182546318988
-0.0160196444919366 0.0202265400965798 0.00367833552055603 -0.044716748883171
0.0158665078767363 0.00799352048493825 -0.00186753363705263 0.0608694918953384
0.00380468904720946 -0.00844286436288446 0.0268755597182559 -0.0148402974418153
-0.00730611417132446 -0.00454588896358873 -0.0331355807997766 -0.0370631785865856
-0.0031924398778075 0.0047256002597994 -0.0699241155769188 0.00925493138029877
0.00231894279730579 6.71406863914851E-05 -0.0363050354605133 0.0632062292544847
0.000113406146737549 -0.00141295277570209 0.00885161987468974 0.0619028227119284
-0.000941798256629591 -0.00192195662161423 0.0276479698908038 0.0404344201256222
-0.00478019644906754 -0.00306566766332738 0.036275189847479 0.0215466082736923
-0.00597261025389674 -0.00422484586331909 0.0428526561558934 0.0137698844176945
-0.0056814083928908 -0.00894268415724104 0.0463165814294037 0.0227319540416575
0.00194419721945908 -0.0118510579348873 0.03200349374194 0.0455836457353062
0.0117145625381972 -0.00585841711549993 -0.000271196343070056 0.0644450526102474
0.0154256053632132 0.00171058702243341 -0.0288098363948421 0.0726373832333446
0.0144987659808648 0.0126960565446444 -0.0556480193468521 0.0706971632816364
0.0101819921573818 0.0271293116507036 -0.045913360423481 0.093766164751065
0.0114997390675851 0.0393561134301803 -0.00476071745556731 0.0519924275290115
0.0163994335139749 0.0127198585736137 0.028259346957755 -0.0177886908696807
0.0125918166868745 0.000431035274910052 -0.0299938664442899 -0.0464363837793468
0.00934921569350999 -0.00678677773254072 -0.0724741677516105 0.00115958411816722
0.00461022714315767 -0.0168869918002044 -0.0429377499873013 0.0588786341540995
-0.00721780597131056 -0.0165163612344536 0.00246065060389041 0.0606410839726805
-0.0124762863355288 -0.0100932001222537 0.0234766677640144 0.0389592964730242
-0.0176108152740626 -0.0101796122106549 0.0318759661657877 0.0190580638540206
-0.0185253163339154 -0.0147870146133772 0.0373936129395394 0.00740397601939275
-0.0159374802944701 -0.028308248909497 0.0453746144702078 0.0106921879491552
0.00660748238155279 -0.0358252553989292 0.0416183213088236 0.0321851381373557
0.0332961188563219 -0.0198786091581385 0.0147813175560036 0.058538785631316
0.0448417327919948 0.0135064700853437 -0.0153858587046981 0.07413433574225
0.0283929822164703 0.0465646163043386 -0.0449054752126597 0.0707302203055169
0.00502363421635179 0.0643741754373632 -0.0401621752029364 0.0814059453210854
0.00108041644064092 0.067195332497119 -0.00370759257889415 0.0325266708937255
0.0253514346910741 0.0387321804052372 0.031636994620788 -0.0247137921175542
0.0340132081224059 0.0107916681515776 -0.0225252979481113 -0.0603848737343291
0.0254368292780321 -0.0165198727231083 -0.0731399839808071 -0.0133190601315929
0.00862516154531057 -0.0338106954017624 -0.0495975808664976 0.0468462571769421
-0.0124674862456894 -0.0314103488395163 -0.00701974451280605 0.0543792906675406
-0.0231014177249195 -0.0183797100572025 0.0140604226798668 0.0351405614861946
-0.0278985062516028 -0.015765623486951 0.0230591657442655 0.0141214586161426
-0.0285928544071441 -0.0211113729119623 0.0273763926712109 -0.00137234327728547
-0.0262539514329986 -0.0403011127550272 0.0384974025894996 -0.00576165896402302
0.00381121487544056 -0.0547362909851012 0.0487233819586996 0.0110913086808987
0.043120620613689 -0.0376822115126107 0.0339221335147174 0.0447870051315321
0.0688047540816234 0.0110433816711409 0.00303706891588887 0.0710071487957665
0.0459469687336352 0.0663863150412574 -0.0327289025483349 0.0667642489483059
0.00472531305470163 0.0905888828817785 -0.0328275013629497 0.0605707391567772
-0.0116393565575841 0.0848696642612397 0.00249376330898238 0.00528389910042014
0.0273714487802686 0.063549839734481 0.0372080005260588 -0.0352684755287668
0.0517636502316101 0.0261760105604106 -0.0105926874526707 -0.0745477455527264
0.0430819987132553 -0.0215461393519774 -0.0665238571352793 -0.0326588650222297
0.0152702935490252 -0.0465198091153309 -0.0529434173735326 0.0262935846945052
-0.0158811753309788 -0.0442477450219733 -0.018610381905964 0.0407053349513368
-0.029997125804429 -0.0256839554516247 0.00130751312902455 0.0272971829431153
-0.0340565187669964 -0.0192038168830632 0.0104137683757276 0.0073249914540271
-0.0339234020920901 -0.0237813744360232 0.0135906580958716 -0.0110396563296635
-0.0324623874446111 -0.0444825574231066 0.0269794018133804 -0.0223272261426102
-0.00285704985362831 -0.0629689597579593 0.048064801499988 -0.0134179574823427
0.0412268589316334 -0.0500853763219878 0.0481000427406464 0.025246420636527
0.0798976723398801 0.00128525538361214 0.01886210737447 0.0617373497492386
0.0574594117865296 0.0713048524794165 -0.0234374728620365 0.0598183983317074
0.00585195695865073 0.100884968254758 -0.0253935260133419 0.0337454685110696
-0.0238473709919428 0.0884876664604865 0.0135569940832399 -0.0284083632711674
0.0203705940617169 0.0794536979867834 0.0430199764102601 -0.0481019694117855
0.0575385251491399 0.0410639256504236 0.00598257184116916 -0.0840477741132865
0.0553763233249381 -0.0191521068868287 -0.0499956541217169 -0.0510554372121895
0.0214954249444367 -0.0513378171503518 -0.0514377973711607 9.52376578218938E-05
-0.0153050866747963 -0.0500141007619991 -0.0295633650684543 0.0210069800873684
-0.0323440254516889 -0.0291878441118101 -0.0131836174490444 0.0166314507792999
-0.0355847005034384 -0.0192153327943111 -0.00342456180581237 -0.000679835911919993
-0.0345936429580532 -0.0223353963557085 -0.000922092830214351 -0.0190195234689293
-0.0325834572827397 -0.0422076500391521 0.0139454490755519 -0.0347117066695008
-0.00583976013464698 -0.0616889795756111 0.0417834538099138 -0.0337409029767491
0.0355844524040767 -0.0514505909833342 0.0550878112993863 0.00523044359721016
0.0757889110141041 -0.0039327022715896 0.0290717881402569 0.0487531765613675
0.0558622626654723 0.0671295104674984 -0.0175903439706184 0.0495560836753303
0.00466826828347083 0.0951552751619314 -0.0198713046496009 0.005863935606842
-0.0303075073528152 0.0751539322877314 0.0265841374642606 -0.0598771407304295
0.00773936912741011 0.0769809268705078 0.049173472006077 -0.0599741203227114
0.048044857974978 0.0474508874135378 0.022686249177348 -0.085884195758383
0.0548503812202126 -0.0110646965761725 -0.0283624603889134 -0.0633514920339489
0.0236683588572923 -0.0450226506458197 -0.0434494882280249 -0.0253300619210524
-0.0117060081461435 -0.0465069969591402 -0.0373986124935985 -0.000189944367989375
-0.0290594981297488 -0.0272354251284632 -0.0273710053475203 0.00405686210413545
-0.0311894762395198 -0.0169667675595154 -0.0167183877351783 -0.00808808263293157
-0.0298992690070875 -0.018929091246901 -0.0136234938122173 -0.02545398238454
-0.0270562692878779 -0.035400355882387 0.00225629254006292 -0.043412813122689
-0.00432941151866834 -0.0514519710345822 0.0342430310211531 -0.0473672416060516
0.0298861103578515 -0.0429300076218786 0.0565025319136833 -0.00813608852249203
0.0621922637321558 -0.00134722525067197 0.0335154869626757 0.0368029306491415
0.042877108356599 0.0583386589089697 -0.0138103664388515 0.0394088004009926
-0.00167349146322369 0.0774284697685189 -0.0140449721693556 -0.0182656564502633
-0.0276554252514403 0.0484203406888815 0.0376449590842666 -0.0832318795385252
-0.00372910946792095 0.0563695546778453 0.0542416051585985 -0.0675458649307931
0.0291217647661384 0.0390300382636514 0.0323693818571248 -0.0813498951314566
0.0391978810074225 -0.00289782757657117 -0.00911794057035529 -0.0675388758271557
0.0182489331562347 -0.0299795428635087 -0.0325342402134979 -0.0428327451127688
-0.00699969430147511 -0.0333276447695231 -0.0421660372853852 -0.0184138337110405
-0.0205762983038269 -0.0199691676757603 -0.0381645776870539 -0.00647113709532909
-0.0218745108986972 -0.0117254823727667 -0.0265685011995361 -0.0147467592319315
-0.021977821881194 -0.0131261327341349 -0.0226149649440853 -0.0304775456770152
-0.0186691071802228 -0.0253015605609842 -0.00434833306753429 -0.0490534628779783
-0.000844016934176624 -0.037766737460792 0.0303906858414438 -0.0542361001575074
0.0246620674069431 -0.0300841898015932 0.057276867808741 -0.015369420168361
0.0455233704866221 0.00498886547960328 0.0349622527628168 0.0296138374282761
0.0239682179562209 0.0468375117513258 -0.0101281681370488 0.0308413898955892
-0.00908210849427404 0.052079487991771 -0.00683777553026195 -0.0361913605547566
-0.019067739546583 0.0125505615575419 0.0419541996704976 -0.0939592843494598
-0.0101772876974526 0.0237230207702145 0.0534398864840271 -0.0707528830583075
0.00766498048830239 0.0185835449127926 0.0354289351789651 -0.0758316725639211
0.0148910665145828 0.00185366076645606 0.00108427629346637 -0.0671382976979485
0.00788866704513877 -0.0101784543404739 -0.0277129945781816 -0.0514332772425138
-0.00152030720748118 -0.0143354138716419 -0.0443560864160479 -0.0277033209605797
-0.00839788052485382 -0.00943234183883221 -0.0444290385215009 -0.0126427453087675
-0.00970382519554557 -0.00491050933341508 -0.0323319297900544 -0.0182003143504239
-0.0115590073377605 -0.00619766450298796 -0.0268993529049829 -0.0342816683345644
-0.00986882239406586 -0.0129271017999304 -0.00657476375134232 -0.0535204831702863
0.000867335466694786 -0.0210194820252874 0.0288924808880575 -0.0572186381316477
0.0177509634844595 -0.0166360159605572 0.0590226582527202 -0.0162365054292294
0.026570961313362 0.0094662807605372 0.0356457543431782 0.026629431888009
0.00594587077847496 0.0309079856807834 -0.00770367826098641 0.0249586031953655
-0.0151813130059177 0.0212401522286219 0.00027515076343782 -0.045365377391778
0.0160894827413446 0.00614140871293655 0.00268129846477053 0.0590655336629678
0.00324331985616058 -0.00867128615786255 0.0255471119866443 -0.0159208454273595
-0.00727217643863162 -0.0038612871399605 -0.0337888340593627 -0.0345133330639186
-0.00275129741345104 0.00457871727524433 -0.066828710277752 0.0129046925375181
0.00225332866067926 -0.000234643732049602 -0.0304595158329794 0.0635273358512205
-0.000100455507321783 -0.00150162313346679 0.0128511714847949 0.0591385577980264
-0.00104837389431965 -0.00157019092235283 0.0289967862467751 0.0372959777382639
-0.00480666588346798 -0.00280942783066922 0.0363204655761552 0.0183798087381388
-0.00591817650273491 -0.00391515711154714 0.0418177424543636 0.010443646592372
-0.0064127353289422 -0.00816133011940112 0.04584875960781 0.0186999001985234
0.00151007220445257 -0.0118024263704088 0.0336796302446158 0.0422910458124735
0.0111639718342904 -0.0069776912531931 0.00401143168112817 0.0622978057700842
0.0147140900654927 0.000953785128716642 -0.0233018786262353 0.0717656007844088
0.0142465897014194 0.0116161580620328 -0.0500251789124894 0.07135724757979
0.0116614466289945 0.0258547270611057 -0.038244581660588 0.0933147791645911
0.0136409317091816 0.0369773709813719 -0.000474404387493392 0.0509945274597898
0.0163481816435749 0.0109176066336899 0.0266510929336645 -0.0186253112244406
0.0120872724915231 -0.000228988069226426 -0.0317384518231279 -0.0434017128212763
0.00842360805827478 -0.00657596917633335 -0.0700808624186468 0.00518428715118743
0.00309667538211357 -0.0169016935151786 -0.0373534149414539 0.0592347744057684
-0.00818188357164848 -0.0149865348037564 0.00689438415510496 0.058434905455563
-0.0127145773823309 -0.00851122197405564 0.0244383994154605 0.0367866438943636
-0.0178806878213021 -0.00878860892167211 0.0323283465495381 0.0163508212806521
-0.0195177520348671 -0.012976385471129 0.0364699476693435 0.00468294593579647
-0.0173723934720286 -0.0257681345673405 0.0441002481972246 0.00707503613410795
0.00364338795964675 -0.0349726600601465 0.0423638440034918 0.0284866774301559
0.0312407907663252 -0.0216382916255745 0.0178935468730122 0.0557880088296868
0.0440672422253378 0.0101730965508107 -0.0100967255053977 0.0723903598681188
0.030309045713799 0.0432739186793905 -0.0393419904173166 0.0703402370958344
0.00925800901685026 0.0618300602242546 -0.0334906986274064 0.081344267040998
0.00631540916133685 0.0641028321368267 -0.00115615164745732 0.0322554412692291
0.0267359299129947 0.0357177267332651 0.0300315366755343 -0.0250003147028495
0.0332164989831992 0.00792476566286031 -0.0250003536835715 -0.0572892773527722
0.0236598316041586 -0.0173910271290957 -0.0714237671323111 -0.00897153370901632
0.00589345412810665 -0.0328754014010002 -0.0448704102807646 0.0480552376186001
-0.0148822709113484 -0.0294021077891404 -0.00311770220694463 0.052842745830241
-0.0230814709223614 -0.016062781482871 0.0160309741172695 0.0327908415058616
-0.0277453070320868 -0.0137818832587943 0.0228097439362164 0.0121880142597923
-0.0288759589675733 -0.0185771053094274 0.0257238542433858 -0.00334697437770435
-0.0280371581448276 -0.0367301614975431 0.036542374853598 -0.00841701023031719
-0.000717098463551097 -0.0531145348915723 0.0471925442312107 0.00663414325313733
0.0390171824956531 -0.0390465800484194 0.0354629268575602 0.0419392053471247
0.0671166760210191 0.00620917793584465 0.00680446896341011 0.0689854622507999
0.0487960713382178 0.0609532174538012 -0.028056765051112 0.0669696221643425
0.0103018149771683 0.0872225378334226 -0.027670420383862 0.0607556412185198
-0.00523249197645859 0.0827863715248113 0.00328799229229347 0.00500058615435948
0.0302804564280913 0.0595726502988259 0.0341639584370138 -0.0355895696546936
0.0516710299522386 0.0218440692974269 -0.014164448718895 -0.0718827765416141
0.0404120698338546 -0.0235422509056299 -0.0660640598470363 -0.0277265381509675
0.0107417044985748 -0.0462424914826646 -0.0501069630533091 0.028470020109305
-0.0190139605378969 -0.0411570933983418 -0.0154044526455318 0.0405878378695864
-0.0302942680065243 -0.0226904668692399 0.00300988302530746 0.0260221700558386
-0.0340192331128813 -0.0161558421553794 0.0100222717853719 0.00634112568236495
-0.0344392970132181 -0.0205961166231229 0.0118581578219533 -0.010958639284712
-0.0343638779238498 -0.0408460790734904 0.0242963969602652 -0.023062765487502
-0.00729147923464093 -0.0608820000558771 0.0450595801128831 -0.0172309764458961
0.0365026484094738 -0.0514886831195144 0.0480879944483382 0.0216204303974814
0.0766846444730221 -0.00364089289195871 0.0221952208918431 0.058918229172515
0.059908998056698 0.0646660284775099 -0.0189505560086564 0.0593918819220113
0.0121669887557389 0.0968036308418109 -0.0223371921462247 0.0343786726115575
-0.0167693328805688 0.0866634902138002 0.011191557636373 -0.0279246796141611
0.0246051739025223 0.0749668195174165 0.039233401434322 -0.0482510742966167
0.0580421425971883 0.0359045381353403 0.000864194067939881 -0.0815177792356714
0.0524670542218771 -0.0221103844324749 -0.0517353786519674 -0.0469146137535052
0.0168242065443561 -0.0510502960776772 -0.0503031158846734 0.00326945746975984
-0.0188050055418131 -0.0466386552234262 -0.0271032092719178 0.0218583398957268
-0.0330554392129583 -0.0258899186011892 -0.0119833553095837 0.0162674760391073
-0.0351975816203575 -0.0162862707167624 -0.00337956675753543 -0.000521034608252484
-0.0343657098505859 -0.0192214066751661 -0.00245248098033486 -0.0180158230360048
-0.0341387919103638 -0.0384003761591401 0.0107160454216628 -0.0345835083811755
-0.010537769382371 -0.0588525381336001 0.0378278678957336 -0.0359935351490499
0.0306450571826828 -0.0523971615205304 0.0531444674594526 0.00159544926597439
0.0723459236515606 -0.00824522892609276 0.0311903695937519 0.04570953288225
0.0588319022188882 0.0603773499116504 -0.0138821724415632 0.0493863919203608
0.0108680820387981 0.0915861998157864 -0.0187080728381501 0.00715214829507906
-0.0237029485169165 0.0748606377583708 0.0222809448966132 -0.0594091993508531
0.0124725638369951 0.0737039232263059 0.0438185186665115 -0.0603703748825564
0.0492785874515673 0.0425970786488181 0.01597093466142 -0.0840894337220765
0.0520395262933709 -0.014198663640474 -0.0309808853631428 -0.0598078090552181
0.019389390487521 -0.0450149412288689 -0.0436583482969968 -0.0216773268466906
-0.0148405563406474 -0.0440051445938479 -0.037040630044746 0.00220189308308906
-0.0297761101011504 -0.0241565951459639 -0.0263778433283499 0.00574332080046644
-0.0307671293668945 -0.0139600657655335 -0.016696690231622 -0.00652484633067753
-0.0300900584810946 -0.0156328118462946 -0.0153295838170105 -0.0234179436261465
-0.0291207426609791 -0.0321809088605902 -0.00111765680600867 -0.0419656853700892
-0.00752287252922676 -0.0495593264180209 0.0297407476474978 -0.0480557536618468
0.0257522151280213 -0.0432815130584831 0.0541433586126263 -0.0112745661294394
0.0593567773171791 -0.00514622982137266 0.0344443502359403 0.0339053250255217
0.0455854171022886 0.0526866276738928 -0.0106429959752826 0.0394025418331841
0.00378857800331293 0.0750680546447102 -0.0145175244832021 -0.016630024809119
-0.0234837145300373 0.0488009406379746 0.0312885799172242 -0.0825278545129257
0.000306917218905294 0.0548226043151915 0.0477499183328373 -0.0678969357559609
0.030712803763843 0.0355560567625225 0.0263637067474816 -0.0801873790839468
0.03779130882218 -0.0054307719234245 -0.0120105733292213 -0.0649955974743855
0.0155096430954251 -0.0300722307160071 -0.0346046990512864 -0.0401282322536117
-0.00961759728539796 -0.0321856484709816 -0.0418367933094391 -0.0151940133588715
-0.0209644972328773 -0.0182037959310316 -0.0368801414914927 -0.00388564971641896
-0.0210156326425395 -0.00990288776432858 -0.0266097444956417 -0.0120056016118795
-0.0214911243906096 -0.0108669797858848 -0.0240063778598836 -0.0277985819239381
-0.0198674329078606 -0.0228493552311207 -0.00738643569284926 -0.0474139996425401
-0.00384063682976064 -0.0359405905892345 0.0253281189577791 -0.0548219509809217
0.0219457315532942 -0.0303393695613879 0.0540783803061679 -0.0181095106151781
0.0433710314913498 0.00217459709579284 0.0355262949014576 0.0267450753803756
0.0264945778846149 0.0433388676250196 -0.00797393139789831 0.0308582336127071
-0.00572164979372078 0.0502991925588329 -0.00926047708899362 -0.0337665403046009
-0.0171790930023925 0.0133890661292772 0.0345700222975949 -0.0935047253178568
-0.00812204451831097 0.0235175959410521 0.047418979484154 -0.0717254575410911
0.00835765227863583 0.0173665114726781 0.0297536421772574 -0.0751989335210798
0.0143280731440055 0.00100364553927093 -0.00300446121771655 -0.0647395031290449
0.00685766301419069 -0.0103705940792423 -0.0302749171542642 -0.0478914168725877
-0.00279859862020703 -0.0135422338649647 -0.0445348984678976 -0.0236296462311908
-0.00904671781513236 -0.00835277238220369 -0.0435675964050822 -0.00952878213090502
-0.00944049783235412 -0.00457739742291809 -0.0323402848961122 -0.015549375739238
-0.0112650979551488 -0.00529818154428219 -0.0279310898495836 -0.0311659117220118
-0.010711739423542 -0.0118192299656301 -0.00997246998497983 -0.0509489929473208
-0.00101207476564799 -0.0206004887629343 0.0239389890989904 -0.0574167017338063
0.0162378499023989 -0.0170308156452703 0.0554917846461043 -0.0200499222328671
0.0262253300812734 0.00775122673118474 0.0356246395133977 0.0238028398498577
0.00745454669230712 0.0289972448090293 -0.00574526316208821 0.0252251742735971
-0.0134171735474863 0.0214528526785005 -0.0028739238811035 -0.0437799510488631
0.014988298904604 0.00524967579057396 0.00431087966239245 0.0555994056320225
0.00274251210082491 -0.00851695411957945 0.0243995550920035 -0.0156784547379947
-0.00672542814872257 -0.00361481009816392 -0.0327234393288639 -0.0316350008043266
-0.00189708887224265 0.00416247069516614 -0.062999362136433 0.0132401859907879
0.00207200165790351 -0.000456777496795644 -0.0272350660966035 0.0600110765621715
-0.000269805420831832 -0.00134675549409944 0.0135873623594877 0.0551539442494617
-0.000873750019394363 -0.00125006307316841 0.0282230384032055 0.0346854675013291
-0.00455134335304756 -0.00222265846871155 0.0345272891044627 0.0168703994326132
-0.00616704138490745 -0.00345383395928408 0.0394680017824665 0.00895046525052414
-0.00618992770252037 -0.00763636593929257 0.0433867720354297 0.016519162155725
0.00111031529044272 -0.0111155565294978 0.0328740940364853 0.039265678918521
0.0105058588417654 -0.0066585367840325 0.0052058501457131 0.0589283667095347
0.0138733124138757 0.000679507397053566 -0.0210123584680438 0.0676927544480636
0.0135801221238612 0.0105212143345032 -0.0460412056979977 0.0675712223517075
0.0115375340117884 0.0235351403709993 -0.0342039809604769 0.0884684171697215
0.0137565329406465 0.0340717707190932 0.000799458152940982 0.0487083786447029
0.015874659943978 0.0100538633944829 0.0255346373130831 -0.0178079513813484
0.0112848622453799 -0.000756748643865308 -0.0303450485678966 -0.0407429729114831
0.00804693621282026 -0.00688891665188264 -0.0661140517136046 0.0059371093622879
0.00224598047797097 -0.0159853317196923 -0.03343015842441 0.0562689983853825
-0.0080785753032277 -0.0139007203557998 0.00734859947270721 0.0543614901666969
-0.0119385126408814 -0.00796433816059556 0.0242870271733885 0.0337205754543056
-0.0168266300786345 -0.00799079773305618 0.0306283910186109 0.0146626385709341
-0.018186588215048 -0.0111875543193425 0.0338389915911411 0.00370438904168976
-0.0173558378298901 -0.0238183016682907 0.0412172952504536 0.005119579845375
0.002511332023386 -0.0328788663235145 0.0404148219585015 0.0256186216903266
0.0288195302724234 -0.021156467136594 0.0183418989428833 0.0528440697523168
0.0414695961831216 0.00868877915408149 -0.00832400748928773 0.0686398032773454
0.0293859408828 0.0401144444359619 -0.0359725336172438 0.0675378037036533
0.00956529293711914 0.0582266661502706 -0.0295840457482377 0.0774072302959148
0.00717622100373851 0.0600011730370062 0.000202560703062546 0.0310534725347554
0.0259056513636104 0.0329091547521728 0.0284558561018525 -0.0238222007135576
0.0311392082397715 0.00703435133391705 -0.0241340124212273 -0.0537337097345396
0.0220743325561541 -0.0169207825596457 -0.0675106928232334 -0.00710251945789196
0.00433645053698105 -0.0312396659303167 -0.0409773496108164 0.0456654331502312
-0.0148607061510973 -0.026886652332688 -0.00181844829912428 0.0494860562651759
-0.021629475366687 -0.0148952023293681 0.0156666245631647 0.0302567318854931
-0.0264025975470126 -0.0121075869833683 0.0215533874916639 0.0113044104628198
-0.0280902981986704 -0.0167235917817068 0.0240546074395725 -0.00352631106168172
-0.0275586448254617 -0.0339171795153518 0.0340173540430106 -0.00893432494819561
-0.00240953421960696 -0.049375574700829 0.0442894685184899 0.00479488394255016
0.0359096770160982 -0.0376245879916145 0.0341409303134042 0.0391254985843098
0.0634448318877764 0.00401303717473058 0.00778899648669799 0.0655395733837216
0.0470762702919839 0.0560896412569384 -0.0251622021493728 0.0642521243036747
0.0114585180785602 0.0823380072838018 -0.0242143835461293 0.0581721124124891
-0.00245618830151147 0.0777547903970631 0.00388055148862335 0.00513006414130121
0.0298341909380779 0.0548487365672326 0.0320928042656587 -0.0336121156262986
0.0487353340353702 0.0190732103599159 -0.0146523499462834 -0.0673385904483944
0.0371707336898895 -0.0227827414974642 -0.0631099274129747 -0.0252598076075885
0.00881722077382139 -0.0438155651534872 -0.0470746150953409 0.0280855395212688
-0.0188968258440773 -0.0381855818309828 -0.0138157558279638 0.0383358589113624
-0.0291940988090049 -0.0203765537834541 0.00359507581846393 0.0243565809697437
-0.032186021582635 -0.0144181376181452 0.0096540552006812 0.00561229473636544
-0.0331555299152502 -0.0184924928910488 0.0106064020049172 -0.0104343308693365
-0.0336816663232373 -0.0375120818917304 0.022104662479453 -0.0224333431385137
-0.00862577590353081 -0.0569144936633587 0.0413033591960568 -0.0174973036399195
0.0334631808647461 -0.0491495030253383 0.0461223185322769 0.0196991585349594
0.0717847935106769 -0.00557175379586124 0.0221087178084344 0.0552665885262694
0.057866325687675 0.059051857190963 -0.0167522674255055 0.0569778159390475
0.0140312115301242 0.0913117318435504 -0.0199056321007369 0.032854518412413
-0.0135064727386273 0.0819126917034168 0.0103947622717951 -0.0253327289356289
0.0254460961861381 0.0703617052558466 0.036563743841114 -0.0458913785595385
0.0548916163182578 0.0323707984178145 -0.00121212207376112 -0.0770953980392377
0.0490861887139173 -0.0218573856328692 -0.0496042859381747 -0.0435413087359416
0.0143762373821098 -0.0483431824845786 -0.0472624972366344 0.00378571950245903
-0.0195749633340409 -0.0433429662888416 -0.0255701032420597 0.0217008520042943
-0.0320223959642568 -0.0234238049944437 -0.0106161336111504 0.0156188097599568
-0.0332924711612698 -0.0145012953256531 -0.00349370642314893 -9.27518423154065E-05
-0.0335109222310753 -0.0171494215796845 -0.00339966783022754 -0.0164351842442313
-0.03346344060071 -0.0352952035495074 0.00908364343347935 -0.0325793044233834
-0.0117359271041668 -0.0549153875160207 0.0339073372399454 -0.0355293899906904
0.0274273732248017 -0.0496042511176652 0.0504044034649627 0.00101275899921222
0.0674900726750022 -0.00941876603115116 0.0302284291478789 0.0427283663979304
0.0562894253688718 0.0552669543452356 -0.0121278869178946 0.0474895671811402
0.0123188137475243 0.0859391141845668 -0.0168731861477652 0.00740197434689501
-0.0201003536576934 0.0705948379653486 0.0195325803211337 -0.0552698132530637
0.0135564864536456 0.0692343856597724 0.0409703673453041 -0.0567949407004155
0.0473842292071716 0.0390591439863231 0.0133914593916262 -0.0791283659137699
0.0486974945807459 -0.0147715762935861 -0.0303989012347773 -0.0562719751293132
0.0168162637318738 -0.0425872691906068 -0.0424802149628534 -0.0199732794296493
-0.0154890550849246 -0.0404458458294163 -0.0348579576950301 0.00295540620440989
-0.0287706958567319 -0.0220351229071203 -0.0241077939231258 0.005654572601358
-0.0289266273464026 -0.0121969259648739 -0.0160470906547827 -0.00602487901556994
-0.0284120859138402 -0.0139688229640943 -0.0153944407139775 -0.0214033234828256
-0.0278087078662846 -0.0295965819323289 -0.00206869011647195 -0.0392816308358006
-0.00933404175152776 -0.0463022846466308 0.0266098676813577 -0.0465639292891916
0.0232971857834302 -0.0411294673262534 0.0506403086774513 -0.0118029180646208
0.0555176049542506 -0.00608684042570038 0.0334613854975158 0.0317959183821407
0.0438776005148401 0.0482466993792053 -0.00920766868607554 0.0378904084079291
0.0054431022119382 0.0703124128662162 -0.0139666774446712 -0.0155085947542612
-0.0205194942549394 0.0459439556115987 0.0276334788575977 -0.078057543538828
0.00163568174325254 0.0516909923082947 0.0442714306068453 -0.0648153385141363
0.029322320116108 0.0334815128852938 0.0238378094954427 -0.0760519914618063
0.0356809332990274 -0.00586870977678997 -0.0126496819882633 -0.0612105221607534
0.0137822453530876 -0.0287217790807216 -0.0344100339730944 -0.0369068870803724
-0.00976165155639268 -0.0294449821003714 -0.0405585328634587 -0.0131518633292393
-0.0206274781592608 -0.0163879161359493 -0.0354668079847555 -0.00320664496095577
-0.0201918059278684 -0.00893303174943731 -0.0254865263654314 -0.011038451272939
-0.0205458843234719 -0.00964044241512281 -0.0234776714580575 -0.0254034881415776
-0.0195227404711953 -0.0210899660199864 -0.00832361109574854 -0.0444961790499806
-0.00500160911002744 -0.033675064137027 0.0222526289765996 -0.0525426665038707
0.0199818085583865 -0.028613945418809 0.0506268318089712 -0.0182715255898747
0.0405849306801235 0.00104348253283684 0.0343027146487138 0.02508134429148
0.0257811190004819 0.0394860116672389 -0.00660428911462362 0.0296840731410273
-0.00427394481623328 0.0476696281423437 -0.00995549836003376 -0.031700867241953
-0.0154412126750757 0.0129489534306825 0.0302042771824854 -0.0893782835105842
-0.00681410123462722 0.0221754541110107 0.043434335448471 -0.0679850534686203
0.00814573090370157 0.0160847647780912 0.0264843665759345 -0.0710741709229442
0.0137214423373691 0.000391416957703483 -0.00437690428023544 -0.0618417994103904
0.00605369563173205 -0.0101013164811793 -0.0302053200339126 -0.0444083618823083
-0.00345855244691522 -0.0125284454465639 -0.0433309193442238 -0.0211671024881062
-0.00869726467718214 -0.00734520751815425 -0.0405219626711125 -0.00781434806931618
-0.0087735027920442 -0.00397379440304198 -0.0310096771838097 -0.0142939747305651
-0.0101645484200071 -0.00393509580120047 -0.0274753416765584 -0.0286239671501252
-0.0104734043175635 -0.0104868492560868 -0.0106353561812571 -0.0478426024959865
-0.00112130030830575 -0.0193504714790075 0.021083553449649 -0.0547322360145249
0.0146467637143871 -0.0161961380514929 0.0518048862669033 -0.0196997586764894
0.0245116631335498 0.00687784132660122 0.0340058497452634 0.0219921696164356
0.00789421807521242 0.0272803087243905 -0.00480866171890844 0.0238647247386558
-0.0119636347986809 0.020500528010174 -0.00373738815007317 -0.041144466464525
0.0141319696689406 0.00497748752314973 0.00367927355307291 0.0538876622168717
0.00264974492221773 -0.00772846053293665 0.0242749755764598 -0.0143820581930298
-0.00620189329576418 -0.00339222643043716 -0.0305430709998566 -0.0318740104545412
-0.00213181032982506 0.00384483349016636 -0.061221011815524 0.0119502547365035
0.0018675852039099 -0.000525325170243899 -0.0272577449319063 0.0570992833774337
-0.00010334434931006 -0.00106524144759971 0.0120020124288039 0.0532097950807836
-0.000644557963754629 -0.00177443038115549 0.0266727682814755 0.0342100826949023
-0.00455502863092515 -0.00250047432699115 0.0328476119668063 0.0168668235232551
-0.00593445868401809 -0.00311482912885199 0.0380880724653522 0.00973096123239229
-0.00608786633748566 -0.00702010129954025 0.0413502400641535 0.0164194345760102
0.00110739665540911 -0.0107358822643298 0.0306187588513035 0.0384625041683286
0.0102791579024391 -0.00644044238119334 0.00365630920885015 0.0570413106687536
0.0135582198459233 0.00100544492124085 -0.0217404311883782 0.0641575988632813
0.0124427907418242 0.0106712374128002 -0.046140757753388 0.0638510331583931
0.0102737018368255 0.0229418534554621 -0.0345045983200101 0.0837095911636098
0.0129136154835493 0.032870545723661 0.000460133421583863 0.0466575341247638
0.0144660932358077 0.0100557700899304 0.0255473685926927 -0.0159904022358334
0.0111559831483813 -0.000353288437289535 -0.0280634249582622 -0.0399950575544815
0.00782689808876292 -0.00606797919736535 -0.0638223063610828 0.00460204285013613
0.00254030467621673 -0.0150374648156436 -0.0333712125294301 0.0529364673687877
-0.00764112695886459 -0.0135338843968487 0.0063408768154801 0.0524743561215821
-0.0118483952772047 -0.00828225743539918 0.0222381374203728 0.0332477898814807
-0.0158194508543641 -0.00765916437682652 0.0288210902360638 0.0147973723168673
-0.0176963805732771 -0.0110041899580976 0.0321697459095846 0.00431635868357773
-0.0164946140641179 -0.0232335390681271 0.0391744180174668 0.00595410068601885
0.00296094996066346 -0.0317757439827354 0.038005514323296 0.0249288105267039
0.0280145518120733 -0.0201873991680771 0.0164175687414654 0.0514339646315013
0.0398139225789558 0.00941390639562157 -0.0100197404081216 0.065375058999815
0.0266189390591076 0.0390203518184143 -0.0365074903209025 0.0642861594586223
0.00813096735760254 0.0562861273146826 -0.029696932721877 0.073493617815694
0.00621768422721043 0.0571542465289996 0.000231933237559183 0.0298304065555582
0.0239458640003932 0.0315634527484785 0.0280355393560111 -0.0215824118939802
0.0295887299567778 0.00717260953567666 -0.0221912218253835 -0.052125802871721
0.0216111565206319 -0.0153938207626589 -0.0651625705709571 -0.00861200094926011
0.00460072867981842 -0.0300550486262902 -0.0405910278711219 0.043252352248696
-0.0140555708958116 -0.0262041733195774 -0.00241899094421107 0.0474228416329512
-0.0212501700074028 -0.0146512396145555 0.0142724635349807 0.0296876631554532
-0.025081041130588 -0.0124632750216671 0.0205807870771675 0.0109865509032263
-0.0268681147191443 -0.0161706661340602 0.0226008934665161 -0.00260484467610129
-0.0260280916887917 -0.0331703942630501 0.0323041073608093 -0.00776592398314591
-0.0016082542087826 -0.0474233367993455 0.0417095209755894 0.00480294000015748
0.0351725508777786 -0.035435924852233 0.0322638321084275 0.0383970904247047
0.0603922999614715 0.00503682056865656 0.00593885984432069 0.0629173509146234
0.043956887143608 0.0547820422690423 -0.025533681803517 0.0611311270545841
0.00974734567643518 0.0790045662947109 -0.0239172471605991 0.0554513784890858
-0.00370283172062048 0.0741123590926251 0.00374103619154228 0.00567177528319699
0.0277162132048412 0.0529017970762793 0.032093765089505 -0.0305031796853764
0.0459133192976053 0.0195452383193027 -0.0122760831502654 -0.0648369939453306
0.0362724871360296 -0.0211220200672625 -0.0600513802672567 -0.0256074518016549
0.00897338267067243 -0.0416512456965451 -0.0455993314895414 0.0257688167000658
-0.0184592692726227 -0.0363737485516615 -0.0139427953538027 0.036221091151968
-0.0276040222813135 -0.0199551810672777 0.00281041535011191 0.0230752621305804
-0.0307431719153426 -0.0145802573413169 0.00942328839036146 0.00597944922064167
-0.0318121420882911 -0.0179346182250349 0.00975141984520478 -0.00948022350374494
-0.0323459130289048 -0.0361919336198322 0.0208362117156637 -0.0210407043898169
-0.00772237458668123 -0.0550197966511062 0.0394148043293764 -0.0168459483189238
0.0328523882262742 -0.0465444068443634 0.0437235702889219 0.0196962713021036
0.068583440922524 -0.00419687852611052 0.0200101207847139 0.053885044637952
0.0541202987687226 0.057333044534223 -0.0177478061840345 0.0546365763372007
0.0116770097281754 0.0878831481170572 -0.0194317344947325 0.0312886409473055
-0.0137597778479738 0.0779605382413705 0.0110404615205988 -0.0242997866009779
0.022778649662588 0.0669348608297253 0.0363708682630021 -0.0420568660721566
0.0521419124057855 0.032227442700078 0.000921563442153694 -0.0738167447740941
0.0471226443518541 -0.0201213278611501 -0.0467407634295855 -0.0435499545134762
0.0145638362888694 -0.0461150045716031 -0.0457133061863152 0.00286450803057209
-0.0180573564985605 -0.0415380620917078 -0.0251443168133522 0.0203956541693785
-0.0300397959065756 -0.0227743085330123 -0.0104351381749433 0.0144115478996517
-0.0311723372725145 -0.0146670683361006 -0.00352210744611091 -0.000261532659240028
-0.0315612334417952 -0.0168193388411568 -0.00295374879843028 -0.015464615381747
-0.0319968666398377 -0.0338586491000898 0.00885708050795031 -0.0308693287461636
-0.010540105773084 -0.0528445356756846 0.0321369091683873 -0.033933472361749
0.0269990873332049 -0.0472776222527775 0.0482064767136206 0.00222707011290575
0.0644424324099658 -0.00808860078773652 0.0285959944442207 0.0422062479602298
0.0527453036861578 0.0535409412506542 -0.012271137868139 0.0453418743276647
0.0102711103447256 0.082925169634179 -0.0160935874019895 0.00678364121354637
-0.0198796735510258 0.0670192381854398 0.0202165171784699 -0.0526869162963992
0.0122192514697147 0.0658255424190365 0.0402475819845757 -0.0524635627260228
0.0448077858848661 0.0388340703268659 0.0146168821081403 -0.0759412027798894
0.0467147017110717 -0.0132403221814852 -0.0276938463750435 -0.0544913756284213
0.0167165029744321 -0.0407873996540728 -0.0402236750494073 -0.0199052592270412
-0.0150199828474344 -0.0388729801974175 -0.0338746134461959 0.00225473295871518
-0.0272269031315325 -0.0215564018152533 -0.0236968596900312 0.00524349495774296
-0.0274152631089778 -0.0123299232453332 -0.0152838804103766 -0.00598594491505358
-0.0267061426871555 -0.0136978428513473 -0.0142449109761861 -0.0205377168845959
-0.026273726684466 -0.028660060795342 -0.00154397869228333 -0.0379231017733739
-0.00865276584926054 -0.0443934712947305 0.0254656501280824 -0.0447201612700011
0.022976207288636 -0.0390634265644844 0.0486352754400902 -0.00991603083931664
0.0528545637959034 -0.00491082328628451 0.031065274742816 0.0320636469597179
0.0411855303265703 0.0465179588213173 -0.00909922017596113 0.0363892438511201
0.00344322369307145 0.0673438444090672 -0.0124663254627201 -0.0151245323552632
-0.0203270865123397 0.0430855475252155 0.0273146465037623 -0.0739069528923632
0.000889174959374111 0.0487971416116854 0.0436268201252012 -0.0600902345130386
0.027395806332261 0.0325595952595381 0.0242580323544517 -0.0720988671641959
0.0345639176829853 -0.00503682260941465 -0.011039692200216 -0.0591923476136728
0.0136612648975991 -0.0274304236579489 -0.0327037250993951 -0.0361978280023246
-0.0095150974258363 -0.0281291694481449 -0.0391917037202582 -0.0128976943922166
-0.0194217376769211 -0.0160460721037271 -0.0339041483326246 -0.00329502876698679
-0.019176954606128 -0.00895351995900353 -0.0240839263333688 -0.0107752236649476
-0.019175899491361 -0.00945462757577637 -0.022396004738355 -0.0246750853658226
-0.0182641725194432 -0.0205096030783274 -0.00765025364372388 -0.0426129723475609
-0.0044053208303676 -0.0323135235722143 0.0212994010899978 -0.0501845779201597
0.0195500909370951 -0.0275860755075588 0.0491587931689149 -0.0166137844179337
0.0388344346315499 0.00204842708500756 0.0322841991207994 0.0250542627926193
0.0237320249498272 0.0380996896984583 -0.00650102820815618 0.0285108286673929
-0.00520619245645304 0.0455230537141566 -0.00889778194953322 -0.0306054858564635
-0.0150009869697067 0.0118615636992224 0.0309193590836805 -0.0845892001602931
-0.00706838984655281 0.0210113903366051 0.0430662597542427 -0.0639356189030967
0.0073895423561626 0.0159338394899451 0.0270289029106615 -0.0674396717090329
0.0132144990114052 0.000382950673934845 -0.00241117358610457 -0.0592911172133296
0.00617168401145006 -0.00955848040957054 -0.0283557035558427 -0.0432284648744892
-0.0033218962627105 -0.0120696069088734 -0.0410094297652264 -0.0204386394011764
-0.00849667939132974 -0.00752665937467796 -0.0398440493747044 -0.0081985926001016
-0.00806227298909534 -0.00398302293636169 -0.0296795809227823 -0.0139896668872892
-0.00959771482250912 -0.00439243426728845 -0.0257583945708541 -0.0273817550038987
-0.00932586170721181 -0.0105666537420823 -0.0098024964388743 -0.0459535412464038
-0.00123608293724029 -0.0184390572890972 0.0208144882805489 -0.0522513333629488
0.0144801285571654 -0.0155322838391422 0.0503806876764948 -0.0176322408385576
0.0231702459728858 0.00751841610622187 0.0321847880963684 0.0225640654202985
0.00690864056658351 0.0260151236617198 -0.00499210160439333 0.0230592738108118
-0.0123024684918774 0.0191508409325355 -0.00289221199023678 -0.0393769586588802
0.0130039978889478 0.00693136823529403 -0.00476584128494858 0.0544735405829522
0.00355843771213913 -0.0073423551606099 0.0275243247995365 -0.00972071655545265
-0.00523791293488783 -0.00411077039779373 -0.0237006534190049 -0.0363327341199331
-0.00244435985640466 0.0031749999937183 -0.0616052382815249 0.00184166894266433
0.00182930730668108 -0.00031262715810944 -0.0362260797507174 0.051600720300959
0.000495804347419187 -0.000998466341107306 0.00350822422836973 0.0544944328768787
-0.000340270232136414 -0.00169597369013094 0.0213282801254285 0.0378735829883887
-0.0036070040253538 -0.00324672113600476 0.0295238260678926 0.0225558721884589
-0.00491402263744573 -0.00472353637571905 0.0354730110145613 0.0160377953831514
-0.00421116143619472 -0.00830627149388328 0.0373120582853204 0.023867625130632
0.00389338297034965 -0.0101457143157845 0.0229636160694958 0.0434988197013606
0.0119827299335959 -0.00422234800865487 -0.00718128211729587 0.0571184131082628
0.0133493944422326 0.00447848974864896 -0.0333573898944917 0.0581927455757681
0.0102040903593459 0.013832433452442 -0.0573134773707419 0.0538129286522665
0.00695212828014148 0.02473258401572 -0.0504814732489891 0.0762303043583451
0.00748288160722489 0.0332763600944571 -0.00806314115641801 0.0459664666125006
0.0119734703367121 0.0119693652192906 0.0278631930027538 -0.0109564975033699
0.0109718842147467 0.00152659581456214 -0.0213585419287034 -0.0437203368249803
0.00897009670976861 -0.00477129076406769 -0.0635858581248362 -0.00513123722635414
0.00454319218371925 -0.0144083294591592 -0.0411196785086612 0.04692997643675
-0.00480392432810358 -0.0145590719643412 -0.00131819482735498 0.0531825526791495
-0.00968507062834138 -0.0100814270468726 0.0173963341918203 0.0364963229249139
-0.0142515503518584 -0.0103561000934567 0.0251081808734264 0.0191347084011512
-0.015120830197522 -0.0140832478824791 0.0306176203307926 0.01008832356551
-0.0117456311266615 -0.0256911357237038 0.0365619645092795 0.0130939227358969
0.00869698404315209 -0.0303069293796193 0.0321084814332745 0.0314132441830002
0.031728901373976 -0.014177873914591 0.00643760182891706 0.0540379255365929
0.0375208032159009 0.017134330645163 -0.0220382274711273 0.0618194988058813
0.0193961489881433 0.0438134097215992 -0.0473726687516016 0.0543643236549426
-0.00206373817326421 0.0567623368216059 -0.043132550171924 0.0669536705458446
-0.00229679383621359 0.0564732786315591 -0.00798208194925103 0.02828818631759
0.018003075797033 0.0348631567824237 0.030177042788868 -0.0160582458351633
0.0283010488776794 0.0124300484595565 -0.0146480884990858 -0.0545057167338779
0.0238189565922224 -0.011371969635766 -0.06199412517209 -0.017768417697444
0.00956162171294815 -0.0282821277537394 -0.0463921009482388 0.0370032556420783
-0.00922042997018349 -0.0275838066699637 -0.00928475585871392 0.046668224020648
-0.0180431825092118 -0.0186907363981315 0.00984138768237448 0.0321628950986432
-0.0223685715047442 -0.0162741255870578 0.0175999845433669 0.0140749546094388
-0.0232440371574512 -0.0206565653987268 0.0222098066123847 0.0019186333818084
-0.0197740462085734 -0.036646858194771 0.0320462313088233 -0.00115770325945709
0.00656963832825913 -0.0463723192356167 0.0395576091309963 0.012638060407741
0.0414493711636239 -0.0290755309148746 0.0239799517958457 0.0445456350513076
0.0586314027702409 0.0159643291918075 -0.00603291311418905 0.062041833014989
0.0328013204712064 0.0614191320452084 -0.0359284648691353 0.053818487554949
-0.00489570044259364 0.0795010777338566 -0.0332459184206041 0.0494527774097735
-0.0145802161097505 0.0714298451546872 -0.00114893061645727 0.00385074112596167
0.0174049964499743 0.0565855179416037 0.0344675880172129 -0.0245258578333211
0.041776800669697 0.0272712924891257 -0.004319812912387 -0.0645964832753262
0.0393820675620079 -0.0143771762704797 -0.0555065728557355 -0.0331127238517154
0.0158498803283901 -0.0389018997781176 -0.0486920184475491 0.0197481337710434
-0.0114208964117829 -0.0383137740877409 -0.0183198303129982 0.0344747932836612
-0.0238146954678753 -0.0245573123161218 -0.000251894384968267 0.0240363084733303
-0.0273529734922636 -0.019694281384654 0.00741023401422782 0.00722753083971648
-0.027273648749764 -0.0230390670914619 0.0109115201716016 -0.00691843159954087
-0.0251537524714032 -0.0407755551240617 0.0232641187749052 -0.0164649761310776
0.00204803442476198 -0.0543869738455658 0.040422421083648 -0.00917145402025614
0.0406911553283894 -0.04007164839007 0.0386580493292069 0.0286177727473833
0.0678968165213762 0.0086302164098774 0.00929817354163512 0.0556638363684465
0.0430186226339693 0.066091124400118 -0.0263651800048383 0.0486220663832889
-0.00478040727215074 0.0881407718728255 -0.0240123314029745 0.0266877837959876
-0.0255776688395314 0.0738473652246648 0.0104372771778117 -0.0252589562920005
0.0110838231747345 0.0694240542611893 0.0398213711871354 -0.0361087918755426
0.0450744556262179 0.0408197718867149 0.00959104924153576 -0.0711550658517984
0.0496730852120422 -0.0112429876347822 -0.040257402685901 -0.0478746825720001
0.0219137656882099 -0.042037479232698 -0.0453056187910993 -0.00225727046638727
-0.0107525071373207 -0.0434786597634829 -0.0266637810133171 0.0166658975843916
-0.0256510022474266 -0.0277425988932609 -0.0123152514427406 0.013382503987611
-0.0280567045684411 -0.0195981629029536 -0.00369289438474041 -0.000665581287742737
-0.0275100352585329 -0.0219886022528895 -0.00110253322456704 -0.0149379784315626
-0.0253895002911633 -0.0390461004316649 0.0128630151653703 -0.0282222528736442
-0.00166162106337186 -0.053230849586114 0.0370217129934366 -0.0274264200476714
0.0354315474514298 -0.0416587211712973 0.0456844731226328 0.0119454649882154
0.064661474887044 0.00348278725803576 0.019155124886994 0.0457203883002926
0.0422254629193656 0.0614900827228471 -0.0194819134391458 0.0412171896695287
-0.00551380451376926 0.0829045621999925 -0.0163315996056878 0.00306848165619599
-0.0302475567786241 0.0622070874708361 0.0246917501405743 -0.0517563885045341
0.000433336121055443 0.0666917456640231 0.0458958960496861 -0.0460405270857501
0.0367307378728672 0.0453668489428122 0.0229401004186451 -0.0712059369313095
0.0479079856906221 -0.00421261781589677 -0.0203585323308309 -0.0560037375953126
0.0237574864218421 -0.0363314612875063 -0.0367226736518292 -0.0237877597013642
-0.00796396600148505 -0.0399460899081081 -0.0322973135928869 -0.00244135756363996
-0.0232259812738261 -0.0258549036318508 -0.0236521837707643 0.00162520121617106
-0.0241787533071697 -0.0170969943632414 -0.0141963579213086 -0.00838346718714224
-0.0236962043948667 -0.0178977133627895 -0.0111700464106373 -0.0222401846115644
-0.020868618575927 -0.032527975144227 0.00456479841166152 -0.0366245887402394
-0.000942716899835962 -0.0445036358261519 0.0316389488588583 -0.0394208981697643
0.029610102048314 -0.0345071160508784 0.0493516118919291 -0.000552357679015333
0.0527737590717639 0.00477903866901268 0.0248123923617641 0.0365807182723425
0.031813476645996 0.0529621675860447 -0.014417364191648 0.0327675921630032
-0.00913845693611542 0.0665135455522736 -0.00962978809076094 -0.0177250871311233
-0.0259854097292225 0.0389111093811592 0.0374453253953286 -0.0711800504287949
-0.0073200933093515 0.047780675158485 0.0513725997326308 -0.0531476759848769
0.0209151978476748 0.0364260158437835 0.0333316717060793 -0.066526195437362
0.0343057466521401 0.000993486112287323 -0.00249172797772655 -0.0583711058637314
0.0180558126176361 -0.0241477432079568 -0.0263426045060205 -0.0393748895366026
-0.00460781222897924 -0.0287431754112542 -0.0358079512020505 -0.0177186488886372
-0.0165647737292532 -0.0186501498843171 -0.03273952554591 -0.00790698531479742
-0.0169633284375163 -0.0118515043780318 -0.0220761590509955 -0.0149401976202923
-0.0168104711992551 -0.0121190401775183 -0.0175792946447789 -0.0273213840171683
-0.0144100334312073 -0.0230967990280952 -0.000314596993071571 -0.042953183417547
0.00103484431853762 -0.032605202341204 0.0292802725604214 -0.0452232537132895
0.0242063239442436 -0.0239675959976061 0.05075162770717 -0.00670831631747597
0.0377604999861082 0.00874313237239841 0.0265898696796174 0.030673040216068
0.0168786901288542 0.0411932242878149 -0.0102107110189402 0.0255651812625599
-0.0137170798397261 0.0433608927582361 -0.00219229377571718 -0.0326274292399385
-0.0165510615633643 0.00928310527280315 0.0439608807079171 -0.0797521843491456
-0.00995484472425213 0.0196547698216005 0.0526204069936374 -0.0568476069476759
0.00454909564199655 0.0170208795865388 0.0366340513529641 -0.0622183101943546
0.0125865363386769 0.00300996345358403 0.00665974625686321 -0.058093728529587
0.007658613666333 -0.00816385940562271 -0.0214019380482048 -0.0457724281017052
-0.00162314596106127 -0.011532691632287 -0.0373927812651342 -0.0268125827447576
-0.00718875702217038 -0.00884565673394923 -0.0375041035914509 -0.0135739055634019
-0.00735958426299883 -0.00552815683307888 -0.0265143858436591 -0.01915633648088
-0.00854626626229652 -0.00564141414847846 -0.0204379919933182 -0.0316290696360244
-0.00780163028617129 -0.0115490256244272 -0.00166987766135674 -0.0465774445451001
0.00171128440512436 -0.0185832316416462 0.0294003106429742 -0.0479806845218473
0.0167075177010365 -0.0132426675388688 0.05268954921658 -0.00798393625151225
0.0218721492051929 0.0107763565097784 0.0274488360169078 0.02815783588151
0.00255352032541801 0.026426485500903 -0.00812462564239705 0.0211671036512436
-0.0163903042543229 0.0159950942169542 0.00431782576138761 -0.0394127831348913
0.0128138458717571 0.00711807086053123 -0.0049072055043933 0.0559373027040162
0.00388893543950684 -0.00736537441989836 0.0294427146701136 -0.00984190384605962
-0.00524559836138113 -0.0044074986013017 -0.0234528238432903 -0.0382797789335606
-0.00247833441494864 0.00265042887923589 -0.0636665243447309 0.000638480275535938
0.00144310439442007 -0.000734379476010609 -0.0379770009511018 0.0520467195387586
0.000413923075996471 -0.00132814289236985 0.00305997712269775 0.0562440041233089
-0.000541365378081469 -0.00222585501834358 0.0216977893183272 0.0395732788947726
-0.00408460798601649 -0.00357017873366364 0.0297954997442576 0.0240478805621921
-0.00533460223396086 -0.00490932357346522 0.0365774212729997 0.0174856276085951
-0.00412322447314075 -0.00877246319068386 0.0380771509589622 0.0247650642755503
0.00422258809422218 -0.0102422171024211 0.0227864384385108 0.0452274940942563
0.012493080353341 -0.00416465634508363 -0.0086691470096481 0.0594129597815951
0.0135747508279126 0.00484190208104351 -0.0361629945899829 0.058645406644996
0.00979921024077972 0.0146034305445653 -0.0607848383215427 0.0535912146130491
0.00634816716788175 0.0256527436756124 -0.0529898863482311 0.0772639392345011
0.00696074078946399 0.0339601718691292 -0.00863238003935774 0.0475819514013077
0.0119508428546243 0.0127129799721471 0.0299174788934034 -0.0104257103901745
0.0109905336320215 0.0019895890109086 -0.0206682785656878 -0.0460582151256433
0.00996739238375815 -0.0048992974979067 -0.0648935616999666 -0.00684715877382443
0.00470592928137828 -0.0150553124679291 -0.0429653591631321 0.0474827815067569
-0.00480468486111516 -0.0150825722336732 -0.00245987955337085 0.0543159484915055
-0.0100281922927188 -0.0103755629710669 0.017307486908928 0.0382711712608916
-0.0140960618126717 -0.0112832825669595 0.0258106526995064 0.0209215897326983
-0.0154374425617038 -0.015251837625627 0.0313326465306806 0.0112839407153427
-0.0120819113831728 -0.0262636036425198 0.037518003620696 0.0138815844771823
0.0094129525777931 -0.0308945937952775 0.0320744563296537 0.0330157846663509
0.0334223502287096 -0.0139277732791659 0.00542309485286651 0.0561555064316071
0.0381669236591704 0.0183548069000203 -0.0240795834159104 0.0633869026331652
0.0187580884033028 0.0456406304830353 -0.0499912131025446 0.0551235036493237
-0.00299569000116942 0.0583088228086012 -0.0453239106099764 0.0679233072435618
-0.00369251353412486 0.0575048663196341 -0.00727697257952633 0.0295002048554348
0.0175243867324047 0.0358535345942644 0.0326375680622553 -0.0148422755644858
0.0281642414200287 0.0132710048705359 -0.0139825554723735 -0.0563432967187327
0.0247238952420073 -0.0112363007485297 -0.0634752570504067 -0.0194423887386138
0.00983182441639782 -0.0293923619514688 -0.0481443988366055 0.0371607837992369
-0.00927248127374987 -0.0287172627332956 -0.0103449931175892 0.0480818169681378
-0.0181739803590423 -0.0190119921250418 0.00963562959154267 0.0330244162026715
-0.0227856419994286 -0.0172278593582282 0.017716478111987 0.0154526614983131
-0.0235317954937973 -0.0217833630914844 0.022673071460615 0.0029468709432038
-0.0201653883168992 -0.0379726305958039 0.0328116438270891 -0.000918421122665941
0.00777204456440351 -0.0474440233413005 0.0393194871777299 0.0135368326602142
0.0429147405201545 -0.0286261711546413 0.0238731728080241 0.0467527777913528
0.0597407516300519 0.0177771904273118 -0.00758866379974516 0.0639997875484602
0.0327530168905933 0.063952592996662 -0.0379582899745294 0.0544404313542529
-0.00641044474527693 0.0818086956492011 -0.0351176491104714 0.0500802759954131
-0.0162892300247239 0.0725001326816451 -0.000328905729110756 0.00425598760687108
0.0168264518128322 0.0582097146929937 0.0365972516591957 -0.0238949369636795
0.0419150403720729 0.0280760769438133 -0.00252504014812464 -0.066380720259287
0.0408459969065621 -0.0140252697528893 -0.0563545325863502 -0.0351272117478839
0.016488693752928 -0.0401188275056114 -0.0506470961402042 0.019511653888364
-0.0116764467450665 -0.0392083929004234 -0.0191450623074694 0.0351672459649077
-0.0242821570956645 -0.025584658119918 -0.000866990507251893 0.024643618935955
-0.0277758374301109 -0.0206261363947828 0.00733939758469596 0.00742313776202464
-0.0278340437166136 -0.0240383566186179 0.0110120252041751 -0.00615568537280697
-0.0255791026933295 -0.0420656587167138 0.0235766834153239 -0.0162653561758407
0.0024814109667068 -0.0559026680753122 0.0406770662359662 -0.00899011347159116
0.0427426695747893 -0.0404778391163976 0.0388082067374832 0.0304886594977832
0.0696791920140593 0.0100767550996134 0.00803816045013945 0.0581416659623023
0.0427629803585655 0.0685710345151232 -0.0279594971071616 0.0491877052872369
-0.00616773390030645 0.0910884669654737 -0.0246653504469281 0.0269092960268359
-0.027492128732041 0.0749245616089235 0.0117296196778613 -0.0251905010078412
0.010067401460282 0.071319604280564 0.042371994870952 -0.034655193421719
0.0458795760347905 0.0427707277038757 0.011890447701931 -0.0728570831102522
0.051163736526061 -0.0107386884591145 -0.0406035125485726 -0.050280878731632
0.0228939351801959 -0.0433885820621402 -0.0469381135765096 -0.00320541490295069
-0.0107227308349357 -0.0444793649854102 -0.0278062397714339 0.0173345383252588
-0.0260338386327362 -0.0285637811812594 -0.0124810077353655 0.0135795501648634
-0.0283536853180322 -0.0206944628617738 -0.00390958095095016 -0.000710761359245817
-0.0277637868044987 -0.0228981981596657 -0.000556624890990149 -0.0152387801814037
-0.0263138070303593 -0.0400888775000815 0.013402784112628 -0.0286774493362601
-0.000938595146471838 -0.0545975261056141 0.0374921368513491 -0.0274979651493319
0.0370964488904132 -0.042377331547948 0.0472247883661495 0.0128457672014793
0.0659802098919835 0.00488611985616374 0.0186818030095098 0.0486045363049164
0.0420842147835938 0.0636728221318439 -0.0209075580961323 0.0422287442316825
-0.00699589025077824 0.0851019907128008 -0.0165003664532227 0.00228186025014632
-0.0318395211962387 0.0627485376623706 0.026533318129625 -0.052229774185043
-0.000336225723771807 0.0684839786697662 0.0489533671849412 -0.0450819248233356
0.0371693561340728 0.0476198091658685 0.0256413479668219 -0.0724254136087495
0.0496948696547225 -0.00380013230106062 -0.0193671965026618 -0.0582350035708972
0.0245088537913758 -0.0370969088767964 -0.0375667958140381 -0.024833134614745
-0.00795257387375702 -0.0409989961457661 -0.0336979233020566 -0.00208940251522893
-0.0236206063077552 -0.0266113313342725 -0.0245579688846187 0.0016762059704852
-0.0242681186592705 -0.0180531367961798 -0.0145106007054406 -0.00880538154417889
-0.0233262415716307 -0.0190600636390521 -0.0111118517927438 -0.0223237960240859
-0.0217080492548953 -0.033596881680621 0.00519666463938709 -0.0376386646925215
-0.000676824465843612 -0.0459076337024535 0.032910902722274 -0.0397501235211023
0.0307970735824931 -0.0351709215065152 0.0504671084280427 0.000659304739456349
0.0540400575640925 0.00586497443572496 0.0247544067452538 0.0395482649352396
0.0314512988206743 0.0543574940467685 -0.0152983945442957 0.0335264088861535
-0.0104906811472057 0.0686426243365289 -0.00931210120150528 -0.0182866965829681
-0.0276928153958399 0.0394644675769139 0.0398140409856223 -0.0719766001898367
-0.00819778589891521 0.0489173032265819 0.0538720478709488 -0.0526978177995802
0.0211304542114001 0.0383680399507005 0.0358385234721025 -0.067445744784192
0.0351748436423026 0.00195675255997726 -0.00110501483028938 -0.0605752991428092
0.0191190374802206 -0.0245906024773823 -0.026450471966289 -0.0406806557827717
-0.00473397600876611 -0.0287879785438252 -0.0365111310092729 -0.0190387715975612
-0.0168527302333622 -0.0197500335350086 -0.0335519313057593 -0.00860312684465928
-0.0171153506050863 -0.013342110016709 -0.0225299358332468 -0.0156784498281493
-0.0167923973516181 -0.0131583593460785 -0.0179016098562626 -0.0283529130756204
-0.0143392556296314 -0.0239089776270235 4.08814571375975E-05 -0.0440368871067014
0.000968472153264761 -0.0335173217870314 0.0300807194661184 -0.046595514725139
0.0252154373618309 -0.0241131256513437 0.0524199002334471 -0.00607355922550387
0.0384261518100079 0.00975750149715357 0.0267867292430097 0.03270948056714
0.0162735851352303 0.0426139244178277 -0.011379111172321 0.0265199309350015
-0.0149237299243708 0.0443550272140956 -0.00214020823023078 -0.0332817964918079
-0.0168429847380599 0.00907193428157239 0.0463966006567062 -0.0805563820355703
-0.0101829739534968 0.0194616808380311 0.0553317058987268 -0.05683554002874
0.00433774702823771 0.017524713239186 0.0395917850653882 -0.0625797099319235
0.0130356445511092 0.00320120273469879 0.0085434941280082 -0.0597197395738082
0.00812116709154046 -0.00821579267384405 -0.0208080975988569 -0.0478529187539196
-0.00155927056539936 -0.0116820605116072 -0.0383946401628583 -0.0281799835235537
-0.00736996679532444 -0.00897431070425036 -0.0389309415874662 -0.0149022363904942
-0.00702532692217296 -0.00537059233658062 -0.0274491040752194 -0.0199548155011054
-0.00827966107887895 -0.00573961714610303 -0.0208319643063875 -0.0326279191394456
-0.00779392403218155 -0.0117253181311066 -0.000555348600146735 -0.0477241198741991
0.00178537298761607 -0.0191389263176365 0.0305221614666639 -0.0483470294800363
0.0173182784933627 -0.0134907165850811 0.054091244822664 -0.00696702387293879
0.0221994862889981 0.0119887846040156 0.027713626193874 0.0299342441509877
0.00224015122140332 0.0271936324515632 -0.00904885814935781 0.0216749430030042
-0.0172744563273135 0.0162467064941633 0.00423534821993135 -0.0409968418463415
0.0137026921342747 0.00697809651441123 -0.00322116146191924 0.0578498306503088
0.00363902480784993 -0.00764200284768699 0.0306647573447132 -0.0109462551886943
-0.00538526767749822 -0.00491880981217929 -0.0248004073648925 -0.0393591959379387
-0.00259276145439496 0.00277621740368619 -0.0662320785671087 0.00196952603081727
0.00113207887322643 -0.000982530258433072 -0.0383529354777483 0.0549075175418545
0.000820671075227874 -0.00159789527608483 0.00475419170271864 0.0578355026478621
-0.000284996011988489 -0.00208645186530428 0.0233211324017503 0.0407982833567526
-0.0044742945307294 -0.00380192271272329 0.0314524977034688 0.0245557967824362
-0.00530833322805563 -0.00449518961247698 0.038446990810262 0.0171557592879817
-0.00488749285615673 -0.00894047098234935 0.0401192470086114 0.0250842334647859
0.00426684885972684 -0.0112099446300942 0.024216077809947 0.0467351395296669
0.012969372662693 -0.00484581234215569 -0.00772071697960061 0.0619606988400254
0.014306381483187 0.00538165408116007 -0.0366945136662062 0.0610179295759232
0.0107127694859653 0.014987472154601 -0.0625565003865935 0.0569925850216007
0.00714673174515761 0.0265247903522873 -0.053199647610227 0.0807844601133335
0.00767694352233035 0.034800197341329 -0.00676776279142191 0.0497170618842819
0.012946806141657 0.0130155411000051 0.0316462777266704 -0.0116532541553451
0.0115994130498291 0.00182386946675208 -0.022311924493339 -0.0467081980797296
0.00976480825108901 -0.00541408850791744 -0.0677261378081481 -0.00587302852934803
0.00442405482012519 -0.0160658289727486 -0.0441346366234293 0.0500163148520079
-0.00530756655588083 -0.0153484222413512 -0.000916570915401629 0.0561473778553561
-0.0105292678492082 -0.0106821034192467 0.0188816243277075 0.0388306010065246
-0.0152457158699322 -0.0115050915418718 0.0270660280471733 0.0215883453414802
-0.0165214070052988 -0.0157419342523643 0.0327638023457417 0.0113107485624364
-0.0132072480036898 -0.0269937171466327 0.0389858466854449 0.0137477890726796
0.00903772921244136 -0.0324254746673106 0.033678133785518 0.0336066738796223
0.0340273540645258 -0.0155325523533413 0.00680320265477507 0.0585744473913321
0.0400515096821711 0.0184532381434341 -0.0239326614691584 0.0659208256784292
0.0200400033205728 0.0470782801789857 -0.0515923686312788 0.0581936318957836
-0.00207282845757373 0.0609824237940482 -0.0452887296735432 0.0715088695898668
-0.00280109537664008 0.0592605733760372 -0.00614043466618845 0.0311446406295448
0.0186120740204255 0.0365851608530959 0.034442375693733 -0.0161959500601718
0.0293333813985265 0.0131266076815691 -0.0146700543308085 -0.0582615851729186
0.0253061033748261 -0.0124701464573728 -0.0665986325576944 -0.0193086528164091
0.00901556570606591 -0.0306189845725152 -0.0492740173806041 0.0392307757154912
-0.00995647532638776 -0.0289692404680592 -0.00943576298023521 0.0496341223626145
-0.0191561835342906 -0.0193696782412411 0.0108110824025215 0.0340477073061745
-0.0239549210819805 -0.0176499488676179 0.018906305387538 0.0156756753633151
-0.0246904293037981 -0.0220958029171788 0.0236267979742874 0.00293674457975467
-0.0221572366045572 -0.038788231950828 0.0338302336152772 -0.00187551836321768
0.00655333174380298 -0.0494656081829537 0.0408035454494747 0.0130163479419152
0.0440392401014096 -0.0309021815897804 0.0256983666632368 0.0477883205406169
0.0620504696856972 0.0173439094045327 -0.00648737517129651 0.0667337020247672
0.0351993124340425 0.0656124657459754 -0.0384155142034858 0.0572864239459076
-0.00450976511880857 0.085039824909444 -0.0349373668712043 0.0527564954669892
-0.0155463284171176 0.0748376280951417 7.07835559591888E-05 0.00513937945220781
0.0184512270098078 0.0594382744201691 0.0390838879632012 -0.0248318595446442
0.0443630933312911 0.02886854852721 -0.00326064273423702 -0.0692110947539045
0.0419169116157718 -0.0155407503709779 -0.0587879890133934 -0.0354316645777276
0.0158831951504826 -0.0418594323823662 -0.0516335739357464 0.020827362948437
-0.0131554716744724 -0.0403504734367608 -0.0189618455866686 0.0368244965596454
-0.0255778602503651 -0.025661218671881 -0.000366687869926498 0.0256552722610772
-0.0291757928021676 -0.0209408956256185 0.00788600237465427 0.00810268329850647
-0.029299420825035 -0.0247997341711665 0.0112076243944544 -0.00650973359469832
-0.0278115778305497 -0.0431257488053332 0.0242181806526996 -0.0175104212385191
0.000896154355370645 -0.0580052030974028 0.0416899864447691 -0.0104849918369758
0.0431459657780779 -0.0430905347175532 0.041268768594573 0.0311421876717435
0.0718743878029389 0.0089309867795194 0.00993596789263477 0.0608198568581996
0.0455896711945579 0.070234751475904 -0.0277054669175902 0.0517554155876945
-0.00423850469508732 0.0945431740976424 -0.0248090317426579 0.0280920262571127
-0.0270133393310172 0.07753407431447 0.0119125580971913 -0.0261237443994359
0.0119705350541171 0.0733467522654532 0.0444951191070204 -0.0356916611675474
0.0480962763518122 0.0437653972760313 0.0115115142552646 -0.0759994788164197
0.052786970157022 -0.0121096224619926 -0.042674573800987 -0.0512736307835066
0.0223501136122536 -0.0451589155447859 -0.0488093335761965 -0.00266725161834593
-0.0126679500160209 -0.045220404010839 -0.0282483444950305 0.0184552262322125
-0.02786230659348 -0.0286298199249954 -0.0129082713534592 0.0144422758106571
-0.029469819811582 -0.0211005435405029 -0.00385998622355702 -0.00074327371330745
-0.0291475274502575 -0.0230959833536081 -0.000884664413056661 -0.0154080341229566
-0.0282463069926415 -0.0411774863103429 0.0127563234757341 -0.0299841254009198
-0.00276883492473414 -0.0565383012897204 0.0372525178126086 -0.0299980946256328
0.0375545204334054 -0.0444223385536884 0.0492983033370944 0.0130561355511085
0.0683693518093026 0.00409658356751922 0.0213937457446056 0.05075026431916
0.0456910672552729 0.0651262081561544 -0.0203011599090117 0.0441104994885788
-0.00505068159385207 0.0887923688557776 -0.0168550661307172 0.00291421124273096
-0.0317506770731368 0.0652972898190585 0.0269669487803116 -0.054562984549158
0.00106251955567673 0.0703640884327262 0.0501029352951034 -0.0471270239309875
0.0393549640526382 0.0494937121903427 0.0260584685456475 -0.0754240344221805
0.050973660189483 -0.00501333912961535 -0.0210983905389689 -0.060611804924978
0.0243261053769979 -0.0392643266956444 -0.0392725302150742 -0.0252402083217274
-0.00989308629900277 -0.0415781997264433 -0.0349348871654787 -0.00144860759134337
-0.0254851777708898 -0.0268544041209336 -0.0254310625016795 0.00251656659186916
-0.0253967279936531 -0.0184903513100294 -0.0157644838666372 -0.0087564374978437
-0.0247165027984538 -0.0186526315611815 -0.0121729829551317 -0.0225170339496249
-0.0231999569366736 -0.0342214287701736 0.00406197705510745 -0.0390200941632357
-0.00228575355603013 -0.0473926638160714 0.032132185323404 -0.0424408069339244
0.0312454722313593 -0.037211052488689 0.0522712868306322 0.000243528848899786
0.0555528823831226 0.00550139215220148 0.0264750375684325 0.0409698764021343
0.0334620268179548 0.0559237011934826 -0.0152342380374842 0.0351078697075397
-0.00909777233535963 0.0712173930836044 -0.0104038325091778 -0.0188510830539439
-0.0278263464622436 0.0409246808785772 0.0399870078205991 -0.074691580044142
-0.00726576255193266 0.0505212943996611 0.0551008631676606 -0.0547404845698628
0.0226166385597029 0.0395122001237078 0.0359256662315028 -0.0702486739806716
0.0363139721088288 0.00101168439582333 -0.00204607865276686 -0.0625703564896112
0.0189671699883147 -0.0259186675435734 -0.0283075619544216 -0.0414422988903629
-0.00580271160903457 -0.0293680119094745 -0.0387575003076272 -0.0185951654505429
-0.0181689551908855 -0.0199037138500028 -0.0347871304049721 -0.00830026428787122
-0.0179326111536628 -0.0131898796285745 -0.0240882810692267 -0.0163510415081211
-0.0171313861912999 -0.013209621602365 -0.0189512928457666 -0.0286350581852615
-0.0158071727861496 -0.0245241058181958 -0.0011218622495952 -0.0458746315605202
0.000391725787437694 -0.0346224782185152 0.0299851831845089 -0.048897163754891
0.0249670339517425 -0.0252973543247706 0.0537887204171823 -0.00695425378828183
0.0402708025622607 0.00989013906470914 0.0286638880606507 0.0339313422277463
0.0175650225559755 0.0436208276829298 -0.0109423905432536 0.0273553255574969
-0.0141114673544419 0.0460453059620024 -0.00361320036930244 -0.0341198115120315
-0.0168482814771792 0.00972158988631704 0.046528345351932 -0.0841359886791474
-0.010004785859706 0.019887236494759 0.0565213279461842 -0.0592234410198875
0.00480339388277885 0.0181507518864452 0.0395031113243885 -0.0657624695531824
0.0138775334946856 0.0027022066981865 0.00771137316323461 -0.062193206351579
0.00810028917832582 -0.00882069243967631 -0.0224883072508532 -0.0493525468720624
-0.00219647059806724 -0.0116976793459227 -0.0403894348236675 -0.0283570565772485
-0.00788488812272326 -0.00893398782773315 -0.0408237622879574 -0.0142579210102428
-0.007105215537675 -0.00595809015510726 -0.0287872178218492 -0.0204398503088747
-0.00852473441211413 -0.00563175495001033 -0.0226933692202127 -0.0330356389994508
-0.00844919122167799 -0.0123521956175257 -0.00245719089146276 -0.0496567228909744
0.00149461985449367 -0.019531993001948 0.0303369355911915 -0.0510423230909446
0.0175708691033853 -0.0142565577960198 0.0561333782171102 -0.00820156995332523
0.0233057692197671 0.0122782296866786 0.0290030789596464 0.0308134148697986
0.00233325619561207 0.0275991683506343 -0.00837241121927333 0.0225698746341876
-0.0175971923058815 0.0174441580823068 0.00349518250081911 -0.0419358889425322
0.0137687954056464 0.00591590841667049 -0.00011854934044803 0.0586040588953168
0.00339526060295021 -0.00846649272983921 0.0315585564158086 -0.01288021780427
-0.00605790188618863 -0.00453314372424374 -0.02709870499263 -0.0388058928546878
-0.00244558871580701 0.00304754222019734 -0.0668520414529615 0.00535936173793865
0.00104708392935778 -0.000909115426727405 -0.0362317340016123 0.0571537280442258
0.000588236575023393 -0.00178668784568184 0.00753808822157276 0.0577026290485041
-0.000454336125178856 -0.00211310690845404 0.0260220104020079 0.0401476370905185
-0.00481288077665596 -0.00346409324583451 0.0334575221921809 0.0231489751993497
-0.00605947794781655 -0.00470780397239474 0.0400005078653353 0.0155931112229613
-0.00580734333025937 -0.00878170175484296 0.0413239440270049 0.0236051805886604
0.00352538445967535 -0.0113936604298506 0.0270251952061555 0.0466983798721376
0.012726998640984 -0.00572453215853631 -0.00516088852603713 0.0632377280511748
0.0146975338579214 0.00500461092709597 -0.0346675513619729 0.0632439646837848
0.0112763258994208 0.0151066780762451 -0.0610093912963639 0.0599301702705025
0.00834111995357028 0.0264966237943892 -0.0500333923421299 0.0836251191547499
0.00943202233554638 0.0344716431607176 -0.00405082907882153 0.0506118802170298
0.0133365265852784 0.0123651886547769 0.0326494188391749 -0.0130415322988001
0.0114384977373571 0.00112119629049212 -0.0241380334859499 -0.046598028457827
0.009220759058082 -0.00610451024478426 -0.0688877402893843 -0.00260403530201686
0.00310600020998219 -0.0163713950985353 -0.0420225945236783 0.0526531181495314
-0.00654461871005979 -0.0153167865731017 0.00193642940065462 0.0567467850910599
-0.0109866659296019 -0.0097532709378177 0.0211830137940768 0.0385154984711758
-0.0162697959961937 -0.0111392503857604 0.0289985305870431 0.0202865379339237
-0.0175019096338134 -0.0147452603120286 0.0342214609817662 0.0100245146953097
-0.0151768175842067 -0.0265568446787693 0.0401857648989343 0.0123744671824444
0.00695990701433838 -0.0333441829616813 0.0356312155341451 0.0327593175718119
0.0335826120881226 -0.0177357289369415 0.00948403258288318 0.0595212419315189
0.0412635325203287 0.0174226014541933 -0.0208286475339619 0.0680233462186662
0.0221358499025076 0.0468517888309377 -0.0493432317603757 0.061395559861159
0.00093988205307164 0.0618409387030863 -0.0417890796256288 0.0734156649261068
0.000203197250687023 0.059312438552385 -0.00412154570267176 0.0320089993110952
0.0205683542506413 0.0362413459508067 0.0354134806293914 -0.0177948599018292
0.0302157262522215 0.0119683926287345 -0.0170644356249851 -0.0581854779049056
0.0250222195203303 -0.0142008906862225 -0.067724608805352 -0.016224802061705
0.0072939091443673 -0.0314090008882506 -0.0477574265111921 0.0416832184718121
-0.0117031235341714 -0.0286103202641034 -0.00701717934275457 0.0504172909613521
-0.0205716379526883 -0.0185899283832949 0.0124010769460701 0.0340134162365095
-0.02510747862329 -0.0168779928940307 0.0200467557147044 0.0155450735155751
-0.0263851390622575 -0.020773968570807 0.0242939901544809 0.00184953375057089
-0.0249026138640016 -0.0377072609272501 0.0337248400123192 -0.00310968990304184
0.00414222305378537 -0.0506169695272233 0.041358287041248 0.0111238168589535
0.0429201505836657 -0.033759819796861 0.0286386428102422 0.0478097985498738
0.0632036105471234 0.0153066074620253 -0.00354358668394913 0.068002261844889
0.0381875752539036 0.0647186682268178 -0.0361047421907198 0.0592516846271019
-0.000586695301898095 0.0866214878417351 -0.0321336061712752 0.054420080794818
-0.0124744899640586 0.0758947547047013 0.00123799539864422 0.00555664149782462
0.0218060744676372 0.0588676952316225 0.0394803633654972 -0.0263822863619785
0.0458511201885501 0.0272516765346997 -0.00649637772056479 -0.0698935689245784
0.0415849515616799 -0.0180099431212398 -0.0611981916590125 -0.0336338129059293
0.0133359135300718 -0.0432195534115388 -0.0514223335566024 0.0235853844190566
-0.015775266681325 -0.0395467486687119 -0.0172988044869073 0.0384811945893308
-0.0272334249838874 -0.0243851418318564 0.000800241925467009 0.025400571746677
-0.0303506239712402 -0.0200437945615082 0.00820460842764923 0.00821507343161473
-0.0308839808388048 -0.0231771642491163 0.0109151480370985 -0.00686529730968851
-0.0308181948525268 -0.0420704823366027 0.0229753030394686 -0.0186443218509739
-0.00213756802484996 -0.0589543124373933 0.0404661063013886 -0.0123670918117724
0.041286286117537 -0.0460180667448413 0.0428720448713025 0.0300055394078689
0.073232159712883 0.00616979044572526 0.0130654388335817 0.0614354986938669
0.0492977572402988 0.0687290921981192 -0.0256943087520148 0.0535872176173575
0.000829811573864604 0.0959180478739493 -0.0231867127023647 0.0290894184323201
-0.0239416362285854 0.0791722306929099 0.01150745143315 -0.0258220564327871
0.0149899981221499 0.0734371865458298 0.0439110242482484 -0.0374009741438404
0.0509589042011097 0.0422510269636012 0.00813507604419796 -0.0771231083298419
0.0529546840010689 -0.0152354271245262 -0.0452009671447893 -0.0502868443634812
0.01969412905907 -0.0471401708769124 -0.0494224555028415 -0.000603816099904823
-0.0153632962479251 -0.0446725697465733 -0.0278797504179743 0.0203348961970285
-0.0298667818130523 -0.0276627666916234 -0.0130534335193715 0.0153085293486478
-0.0309829861566509 -0.0200845825994037 -0.00435478606219692 -0.000165702467013317
-0.0303448680461835 -0.0217523149452008 -0.00216531333222112 -0.0150782815989666
-0.0314305111279244 -0.0397589816625039 0.0111119727247225 -0.030793828271572
-0.00604052395773043 -0.0570135172808341 0.0356234494810846 -0.0316712534795222
0.0350525499718362 -0.0468296972191145 0.0503009589931632 0.0112108587687943
0.0694147259848473 0.00099723551665287 0.0243686132149726 0.0510951419622979
0.0487038545416721 0.063408391748268 -0.0180864681258697 0.0451688984318033
-0.000514812154585593 0.0905582969328546 -0.0167844178742573 0.00329536071359702
-0.0292605582759525 0.0671080592012033 0.0250365306898288 -0.0550568851804953
0.00428752382692705 0.0707476345033254 0.0492076114870232 -0.0489929861900186
0.0422585220736378 0.0481043130170901 0.022838982328035 -0.0771343309305325
0.0515631292654146 -0.00776131107405994 -0.0237109306596581 -0.0606894673586586
0.0226676632518356 -0.0415681505721846 -0.0407613939421131 -0.0237663754979518
-0.0122645323627727 -0.0409585290208081 -0.0355686515676781 0.00049465496753869
-0.0266242118599888 -0.0253120845504333 -0.0259870407212902 0.00380788900673122
-0.0266621153066624 -0.0179910306718164 -0.0164033338016556 -0.00810811486530977
-0.0257359916482872 -0.0178689918879307 -0.0133553842029202 -0.0218206332231534
-0.0250296229935629 -0.0334570005245973 0.00162855658704631 -0.0393581305008012
-0.00487595035666917 -0.0477339770864442 0.0295215358079678 -0.0441543308293139
0.0290122853172848 -0.0392535117373037 0.0530303425393553 -0.00188306450670358
0.0567133642866253 0.00294196626914896 0.0292709819888916 0.0405566692797314
0.0369770438972644 0.0546872650068619 -0.0137978585685966 0.0360465378930206
-0.00547418910465471 0.0729323824390024 -0.0111654988775921 -0.0189462225342644
-0.0261945505454642 0.0422160025464308 0.0372395002268729 -0.0768042081670402
-0.00489772347693559 0.0508572333562733 0.0536516030450563 -0.0572673501934036
0.0249235143526796 0.0390872386777158 0.0341013577004023 -0.0726194327539154
0.0369935403358358 -0.00105323544439441 -0.00442462385445033 -0.0638029933219723
0.0177711636841769 -0.0275296202377338 -0.0300229139410833 -0.0411706816733374
-0.00750175108946497 -0.028913432861789 -0.0399088394628818 -0.0169255396291081
-0.019483252473285 -0.019179433003299 -0.0364746708395778 -0.0061983450774248
-0.0187765741436602 -0.0127101639533167 -0.0258417912270721 -0.0151961401644155
-0.0179401531967031 -0.0126539700634497 -0.0209643743979112 -0.0274861650388458
-0.017466044617891 -0.0239835548040248 -0.00350459807295461 -0.0455950928676155
-0.00176492254469782 -0.0348211935271753 0.0267675386583617 -0.0507435708204704
0.0240885300840135 -0.0272914767561714 0.0545213658099355 -0.00929114218363434
0.041044904565687 0.00797225378242667 0.0308730567020514 0.0334908235143049
0.0204500783888131 0.0431044280600247 -0.00985089124635482 0.0278600854618982
-0.0122821369992274 0.0473731689223243 -0.00521791593686719 -0.034875780872939
-0.0166389794733368 0.0100546524806547 0.0431870354946144 -0.0869621615430474
-0.00878049993071104 0.0202979353671808 0.0542591338023528 -0.0617834674567897
0.00574813537438451 0.0183983369906714 0.0373825149604867 -0.0675915280431749
0.0140078458989319 0.00197423786283161 0.00490065700503709 -0.0638971746586374
0.007660551829854 -0.0096304586958209 -0.0246893885525671 -0.0487075778952602
-0.00256486344628936 -0.0115802258452451 -0.0426584506600631 -0.0258369579728472
-0.00849425557044391 -0.00828267080584976 -0.0418893573323066 -0.0122215450300169
-0.00733719859320407 -0.00615712380677544 -0.0308487432001797 -0.0192130839709249
-0.00837405345138689 -0.00558773508914749 -0.0246075438737469 -0.0316383574224707
-0.00879862381300484 -0.0116575752710704 -0.0055670157255429 -0.0501233088396373
0.000196444292092207 -0.0198720897626024 0.0272820927483858 -0.0527792602290557
0.0170471864940476 -0.015810564142789 0.0563597740722591 -0.0109951981604682
0.0243227366690553 0.0111220458869036 0.0309896518511018 0.0304364015817959
0.0039242422862928 0.027503149972366 -0.00820704807947557 0.0229363528234104
-0.0165821023001516 0.0182201774842392 0.00108404049345739 -0.042475624754323
0.0134460019056625 0.00524586693932686 0.00359436608421714 0.0566573382847728
0.00250030830939483 -0.00758624772237848 0.0307545350922612 -0.0143693278159043
-0.00594006230231221 -0.00421768944881859 -0.0270636664209831 -0.0375294235410416
-0.00193747050603234 0.00307079493830892 -0.0652379940590219 0.0079322007654693
0.000964604906685893 -0.000889285728774741 -0.0330317809343746 0.0574789712040896
0.000573321548876703 -0.00195434870017653 0.00999468033583452 0.0560523692081225
-0.000349710665695352 -0.00253253652838026 0.0273806241656989 0.037435409388081
-0.00480992926801173 -0.00332317902719381 0.0339224895275856 0.0208184035741196
-0.00603145562385249 -0.00428069604269349 0.0394819344572984 0.01310046645679
-0.00553269149467438 -0.00823820933127991 0.0413799530597335 0.0208890297442436
0.00285224453539977 -0.0111884844714285 0.0283712135366557 0.0441833093515965
0.012149561526238 -0.00573508099704343 -0.00287703195277942 0.0618329659445432
0.0144885368831866 0.00448776664006673 -0.0316544367788649 0.0631310189760954
0.011423675322821 0.0146246649787103 -0.0574894966612286 0.0606216615425976
0.00914839520276108 0.0252241851123396 -0.0452195181028297 0.0832872697457545
0.010091299964397 0.0325226381218539 -0.000712005709086114 0.0491205864507722
0.0135899328197052 0.0114737720039207 0.0320250072356503 -0.0146226370954321
0.0110793835511815 0.000741950748516438 -0.0252138874440776 -0.0449703924853847
0.00910288759893537 -0.00633167289954922 -0.0672025847221115 -0.000272627551416795
0.00176076689219653 -0.0162261835844367 -0.0386860885584036 0.0530654581149788
-0.00709584042532641 -0.0146920276200149 0.00415156463094203 0.0547246444880566
-0.011401525160582 -0.00931696202217581 0.0222614776254516 0.0363864150838296
-0.0163283979214385 -0.00997622879548355 0.0291044776210339 0.0185376607857467
-0.0180402916979605 -0.0134407431845068 0.0337282870025854 0.00836593808559496
-0.01575307635969 -0.0252969471958161 0.0398278611419106 0.0103180115842062
0.0055743772654651 -0.0328298197582776 0.0361032944416332 0.0308347134977238
0.0319160063995008 -0.0188424124619457 0.0117110902137937 0.0576567516996578
0.040952314309326 0.0152715113784564 -0.0182035767145785 0.0666858862596837
0.023435499090541 0.0453859265030853 -0.045703813604635 0.0612165740067244
0.00376485904949678 0.0601853191945138 -0.0375539834961338 0.072939671545666
0.00178384575992877 0.0579246127123878 -0.00184457038028156 0.0314163141067404
0.0211976552928296 0.0341710105740849 0.0347296295756035 -0.0181695127363532
0.029967687888404 0.0104905584800089 -0.0188741907382106 -0.0561393819411028
0.0235479911116085 -0.0147508538280836 -0.0668412805254508 -0.0137204010818273
0.00548946163810887 -0.0308559971828964 -0.0453045964085395 0.0425685881610269
-0.0133193471274352 -0.0273241374362719 -0.00448521268163893 0.0497831647447455
-0.0208934636263354 -0.0171501471764709 0.0134006395080517 0.0323607491226008
-0.0252084127507868 -0.0149542546408025 0.0204723983959778 0.0140117231165507
-0.0267712138213122 -0.0192049208041194 0.0238814611893999 0.00118004626491148
-0.0264249142457331 -0.0360093948674925 0.0323832974404625 -0.00433234986571742
0.00136826536662087 -0.0496035394315639 0.0406367834023058 0.0089686641556931
0.0398154378806796 -0.0347160629964675 0.0298021303407179 0.0457719902395661
0.0627825249568408 0.0127540822913765 -0.00023200005398805 0.0668752510934489
0.0397297221342824 0.0618553696139974 -0.0329586669915912 0.0590892498922874
0.00335385811602047 0.0845407089352236 -0.0288970550503883 0.053493391659942
-0.00916027947869665 0.0737292974314206 0.00222007606608688 0.0053782622569155
0.0232680796838569 0.0565649514599829 0.0385574904205602 -0.0267755739690595
0.045854673667561 0.0245072232374736 -0.00869602865855894 -0.0682006054688076
0.0397369350828614 -0.0192853442793019 -0.0606749857468212 -0.0305298160694725
0.0109329497893891 -0.04286754871303 -0.0491645541849661 0.0246760590809669
-0.0169620823604952 -0.037655020221228 -0.0149799918804088 0.0380560711144849
-0.0272935442066223 -0.0222997713833001 0.00195748377682424 0.025142142626265
-0.0302421968176433 -0.0181519632571701 0.00854340479032773 0.00751027356399033
-0.0311738892436358 -0.0211724695431055 0.0106476734638834 -0.0066963737550008
-0.032336080908459 -0.0394300585296144 0.0218487736385538 -0.0187844357698521
-0.00529169966329956 -0.0569376698821997 0.0389089543917928 -0.0134336743426004
0.0379201606738762 -0.0464102563066711 0.0433845365003586 0.027458100380154
0.0715578612485371 0.00312281384768523 0.0156439213170093 0.0595003689145523
0.0512093011315853 0.0652546547188621 -0.0223715403756336 0.0527693177963085
0.00486680944266231 0.0933506559408733 -0.0216574349128596 0.0287547154899849
-0.0207042255825254 0.0774725241496785 0.0107428003479238 -0.0253438476648878
0.0177071572281717 0.0703567020571177 0.0425595146188852 -0.0376305066836372
0.0514307777189672 0.0392860903708827 0.0051235581741331 -0.0749449622088477
0.050566542681126 -0.0171499783428347 -0.0457716468049657 -0.0476323823168256
0.0169063243637372 -0.0466427636010495 -0.0476846998612901 0.000993359699439505
-0.0171043311468941 -0.0424016742303606 -0.0257735712688598 0.0211520993638543
-0.0300625235354363 -0.024873908523055 -0.0117517310569747 0.0154520499718465
-0.0310812395969256 -0.0186640217438042 -0.00435049395543087 4.7355920828155E-05
-0.0307933416184767 -0.0201310180254407 -0.00243491741371124 -0.0143255412090823
-0.0320758701523005 -0.0368494086661101 0.0101027225200028 -0.0304433862467853
-0.0088925740312962 -0.0551246398003566 0.0322020690043819 -0.0323142869687903
0.0316769642552379 -0.0473092622539287 0.0498573779765207 0.00915097128509901
0.0678153614535551 -0.00165206293792707 0.026045345254421 0.0487709933185824
0.0499138931226387 0.0602292793657479 -0.0155589682410112 0.0443215123482159
0.00334440412050552 0.0878567863873133 -0.0158614933726597 0.00379364140513128
-0.0258098697691313 0.0661929969359661 0.0224699875495842 -0.0543354006791479
0.00700396672131005 0.0686134533168545 0.0468462449157927 -0.0490615348481432
0.0434301282460315 0.0448318677324526 0.0190909010528298 -0.0758378150738545
0.0494764812564162 -0.0101609250939994 -0.0252147471541827 -0.0585107323572514
0.0198841424268075 -0.0411895900987944 -0.0404863805859922 -0.0221245477498624
-0.0139977476656343 -0.038928415229656 -0.034378836341676 0.00167944548245922
-0.027281565945635 -0.0231937865990454 -0.0248572646584374 0.0049530370567147
-0.0266741993555739 -0.016094665638036 -0.0160696537570737 -0.00704142732208102
-0.0256185041354021 -0.0164862668120703 -0.0136305274322843 -0.0203196504058364
-0.0266585218911483 -0.0310888038062342 -0.000550253573520896 -0.038643248479121
-0.00702817322836941 -0.0464046829768603 0.0262390244775027 -0.0441453098855129
0.0262366106578725 -0.0395157883343795 0.0518436226194492 -0.00408237211845517
0.0554959610401842 0.0011579404762267 0.0305828852312809 0.0384474160507939
0.038526967513374 0.0517270135096252 -0.0117779489300447 0.0353574588174248
-0.00228934216854193 0.0709218936769471 -0.0118575619811266 -0.0186400946593002
-0.0241857747969848 0.0420706342634069 0.0338689813804706 -0.0755229217369463
-0.00241973141822588 0.0496734521042271 0.050282678205092 -0.0571816445734967
0.0260190170823816 0.037269712094521 0.0299502452513032 -0.0721052889028521
0.0361083876419719 -0.00257265000672843 -0.00656931905593217 -0.0622857017871436
0.0158542491821342 -0.0278106212621575 -0.0310472694992529 -0.0392037864923165
-0.00873427243386082 -0.0275791641479525 -0.0398850466394467 -0.0144035104226183
-0.0198171208312748 -0.0169727563737459 -0.0354282241678621 -0.00407633809303579
-0.0186213565981883 -0.0118833450945309 -0.0258946926322925 -0.013354072423476
-0.0172636429772584 -0.0111025861772846 -0.0217877604339574 -0.0260250582584748
-0.0179974301653792 -0.0220174152899988 -0.00557077645245802 -0.0444529479776134
-0.00326082660668227 -0.0334255327147632 0.023781800611723 -0.0504482385051018
0.0218185425716749 -0.0274394405580376 0.0525390927874408 -0.0117833924663036
0.040657151154269 0.00662907175535315 0.031812261549602 0.0315898855909377
0.0212853069619028 0.0411703864265695 -0.00817739596570701 0.0275087749007034
-0.00978879525968873 0.0464763461920518 -0.0065065368086398 -0.03366638064905
-0.0159186072674347 0.0100151116664942 0.0386006622510021 -0.0859974241944901
-0.00762181557183486 0.0198869406846773 0.0506494307588642 -0.0617721436347357
0.00648805933498788 0.0175407754647481 0.033749950817157 -0.0673020330109232
0.0138586038955025 0.0015026793611077 0.00322905428936111 -0.0628476395156633
0.00687621501775268 -0.00994868166268184 -0.0261662535134323 -0.0468608401355442
-0.00317258032511737 -0.0105574411219732 -0.0426533601413563 -0.0232994340805313
-0.00847562734332437 -0.00741316355470972 -0.0422761317222612 -0.00955307497511788
-0.00778629684247982 -0.00559700936404238 -0.0314200463039985 -0.0174709827394875
-0.00804747085860105 -0.00506837577697249 -0.0252095941347 -0.029815328296072
-0.00887765351882376 -0.0111721814819229 -0.00747508650477213 -0.0484229476074744
-0.00077478042572989 -0.019292646319395 0.023883887310281 -0.0527889135867671
0.0156638038471979 -0.0158167807171776 0.0541861474506184 -0.0129888511086078
0.0243236071802734 0.00986191358824779 0.0318695105881491 0.028902640946974
0.00493366598127618 0.0270031958714102 -0.00712579692953504 0.0224056078782765
-0.0153528479126912 0.0186146425316719 -0.00089764276158183 -0.0410960616520834
0.0116765651427261 0.00641339261022241 -0.00262367976100201 0.0539823793117941
0.00332064315526465 -0.00691640220804421 0.0315218678545197 -0.0109297645254987
-0.00496701324978528 -0.00488826774460859 -0.0207709367005275 -0.0390063997436021
-0.00260143885546838 0.00236480677721269 -0.0614885206957388 -0.00051475374481403
0.000429947960709077 -0.000914116120339448 -0.0379082615923341 0.050108570700178
0.00058223461050601 -0.00241513578733705 0.00286400614011152 0.0536904919421979
-0.00014372900886077 -0.00247041590289637 0.0216215881286786 0.0392057450390795
-0.00409845285939779 -0.00380532319211718 0.0305623092961601 0.0245324027521859
-0.00544370104231458 -0.00536186227529171 0.0367626361557171 0.0176183139954457
-0.00467652976277524 -0.00878624396568585 0.0371855345197913 0.0255275808827216
0.00486625001798887 -0.0109182241156246 0.0217271884842577 0.0472466122735697
0.0128289069571566 -0.00456164122516191 -0.010777241321545 0.0603403635818111
0.0144763944450594 0.00605185248925161 -0.0399426227490235 0.0558063784035636
0.00986662644874758 0.0158242377420659 -0.0638662011303945 0.0507914436995966
0.00586369354873926 0.0252057311702428 -0.0550771089382094 0.0742394177982817
0.00486628645253897 0.0314837835191415 -0.00688287649920307 0.0465865801863813
0.010438902058645 0.012941702480475 0.0328400373903098 -0.00921914464444786
0.0104297947523562 0.00209518846533722 -0.0170120305250636 -0.0447752196260522
0.00924151597795886 -0.00457512289984266 -0.0619422878450241 -0.00774520016777791
0.00414923928198459 -0.0150968521803827 -0.0417551934788284 0.0450038208936223
-0.00479476619244556 -0.0149291787293605 -0.00163572592471186 0.0518572900175001
-0.00937000845146918 -0.0107350830630076 0.0168043201252041 0.0369867597606799
-0.0145773326690968 -0.0117126362759338 0.0257108829921739 0.0217504522048883
-0.0156572443224767 -0.0151914009034365 0.0317552610989576 0.0126784199140345
-0.0124641588257268 -0.0259710229621749 0.0369359125527332 0.0156069316601052
0.00953162062200914 -0.0313159802214236 0.0299465852391922 0.034941411590925
0.0335542494513212 -0.0145523861323178 0.0030389590717835 0.0581102112540736
0.0387035144591179 0.0192744231598673 -0.027420998435125 0.0608284498582966
0.017599840986116 0.0467537079796219 -0.0535533172233596 0.0513624216575985
-0.00311045345816674 0.0584860409201715 -0.0476851382839389 0.0635070492915448
-0.00565633991268774 0.0538871405045449 -0.0080569009502192 0.0305924695491705
0.0150403730075353 0.0345404327134427 0.0352151810540444 -0.0117549060631649
0.0263991011857281 0.014386877893121 -0.0101227066602566 -0.0537056969123581
0.0244182376499239 -0.0106093664772911 -0.0602081699595797 -0.0198115846561849
0.00936373917607377 -0.0281381295038618 -0.0458749839833048 0.0351029797942728
-0.00895955784927908 -0.027616414918882 -0.00901630010081046 0.0452549246581237
-0.0177255236448266 -0.0186965953922596 0.00957915951953964 0.03216690411381
-0.0221816537830379 -0.0177368533683827 0.0180739794745231 0.0163629694017927
-0.0235631349251953 -0.0218485938592006 0.0232641041761907 0.00475586894528229
-0.020495459517147 -0.0371720555722191 0.0319500256232451 0.0015856053189307
0.00726200627079669 -0.0478319937834681 0.0366302239607596 0.0159546141085022
0.0427979141186659 -0.0291036504909182 0.0218353720593288 0.0496455982421493
0.0593645465009394 0.0192910576870026 -0.0108267408520199 0.0630607414433764
0.0308158980528959 0.0644823152292969 -0.0417757657737544 0.0501822360160114
-0.00625899885419121 0.0820593204142704 -0.036581430392227 0.0454814788924827
-0.0183827618077914 0.0675036876080001 -0.00307325907262335 0.0070234702584151
0.0136388201836873 0.0553549078602341 0.0386470616386441 -0.0185071687104115
0.0394663309964856 0.0297331859504897 -0.000230361085395167 -0.0616841021325432
0.0398405815193128 -0.012637078603105 -0.0519169570034324 -0.034013716045152
0.0163081096226905 -0.0386702979172331 -0.0474686611527351 0.0182708598183184
-0.0111558367060534 -0.0377340926887926 -0.0171465714098755 0.0330452321323079
-0.0232530384993066 -0.0246193688625824 -0.000489870676133608 0.0238164827615106
-0.0267840361765405 -0.0212309121011881 0.00706488663250334 0.00830668229301089
-0.0273922870078199 -0.0243397086778641 0.0115685449476711 -0.00476723972427164
-0.0261152959040263 -0.0416963423438735 0.0232710561344381 -0.0136882343301431
0.00203631726597206 -0.0557180948714462 0.0380270391740131 -0.00618703982863114
0.0419837463066793 -0.0403485810588967 0.0379274876864025 0.0338763603084166
0.0693301046038735 0.0109453532341742 0.00563438785276348 0.0588866094089531
0.0414833354045477 0.0686031358753857 -0.03117078497463 0.0458981219304749
-0.00574786694498359 0.0911269380353769 -0.0263986850018028 0.0217292347480988
-0.0292601625135144 0.0692138633983187 0.00785821504721224 -0.0206835120486067
0.00680046054754601 0.0675934975953437 0.0428173206396159 -0.0276648574728739
0.0431518522258939 0.0438780318321361 0.0130359216046993 -0.0663433302550238
0.0500429661213448 -0.00876643650843989 -0.0356402735927945 -0.0480194995729897
0.0230576233039555 -0.0418080021509639 -0.0431338138853765 -0.00341641077167217
-0.0104890033047855 -0.0422098355586305 -0.0251576090418481 0.0157778322389132
-0.0254472988901089 -0.0274639279300741 -0.0123551051325919 0.0133052311624426
-0.0274977334187614 -0.021929456595995 -0.0044816939450415 -0.000109536606111887
-0.0266088452844765 -0.022803042384374 -0.000323244528660187 -0.0133170406750005
-0.0266966674749058 -0.039168726982307 0.0133047016111669 -0.0261290288166156
-0.001694343124619 -0.0540638817112324 0.0343737804887945 -0.0251469965786114
0.0357098488823545 -0.0418950533265334 0.0465950533364069 0.0167823374609254
0.0657451361248133 0.00582041494372719 0.0170853814333279 0.0497824363592606
0.0409945373631047 0.0632245630398231 -0.0234236677971161 0.0383505607401408
-0.00678962663690656 0.0857314787279927 -0.018256153160118 -0.00273615784711701
-0.0330537612672664 0.0579258895377806 0.0231572524247923 -0.0475045263070987
-0.00313187414072547 0.0642637568234029 0.0476119422581221 -0.0382276124128247
0.0345842186881835 0.0486782192173007 0.0261383263222192 -0.0654562148245909
0.0483938468715143 -0.00173516366467404 -0.0158874971213215 -0.0554535363197509
0.0245601324233267 -0.035975195642057 -0.0335652998783147 -0.0242152705763534
-0.00754360473820075 -0.0381488454585533 -0.031113093016086 -0.00333253571983575
-0.023346668988074 -0.0250416986570385 -0.023729230747296 0.00185100265007814
-0.0237064549417699 -0.0194159251546272 -0.015049776366446 -0.00887488910343755
-0.0220496282840957 -0.0189178012910995 -0.0107744177423105 -0.0203206281189238
-0.0218483699210482 -0.0325430094120795 0.00427685091518069 -0.035439732447131
-0.00159898197997744 -0.0448547601614434 0.0296216894500126 -0.0377695243230693
0.0296705279266131 -0.0348016959730699 0.0501551810688079 0.00379666864350181
0.053466065870549 0.00690515828912109 0.0236499689210777 0.0408935994455568
0.030995237960435 0.0542017518647175 -0.0172979740956129 0.0304485975894147
-0.010332557297733 0.0682447564481824 -0.010550345323396 -0.022468599300078
-0.0279297594444305 0.035821718616364 0.0369067217270537 -0.0669914683820778
-0.00924640523878105 0.0453081694142274 0.0526814054140474 -0.0464624779092845
0.01941642117697 0.038423899693255 0.0355110500878564 -0.061169436466159
0.0342861408049164 0.00262419368973715 0.00183145838976261 -0.0570753564198696
0.0192914655877223 -0.0238769370053144 -0.0236154062962549 -0.039889889177674
-0.00384431202124164 -0.0267777708547745 -0.0347079438287616 -0.0185820831557334
-0.0166190556731813 -0.0183898449397138 -0.0331575882360086 -0.00801128906541736
-0.0162410851731668 -0.0140350192181147 -0.0235479262379346 -0.0158713931417675
-0.0153993032022088 -0.0131679692760203 -0.0173995946690109 -0.0270310151998595
-0.0141532866757068 -0.023052091969508 -0.000255661424032338 -0.0424285399053316
0.00030421740566218 -0.032417747705557 0.0283579475467062 -0.0443794059813258
0.0237650646720481 -0.0238936596476322 0.0521033641764499 -0.00351630711637764
0.0386078735000695 0.0101563097748904 0.0261118420195634 0.0347116877921718
0.0156559857011157 0.0417736441801642 -0.0130700624837707 0.0234489915521059
-0.0149680109330244 0.0442520295733233 -0.00342221330479997 -0.0357932230287777
-0.0158091563218829 0.00764086852966925 0.0453159065944333 -0.0766274709378247
-0.00947736848583727 0.016912547235755 0.0537713894747437 -0.051849358792174
0.00405254877624897 0.0175007756700605 0.0390343038118456 -0.0579467178048475
0.0123953597300818 0.00330335597209385 0.0106052864681371 -0.0575305860575573
0.00771225361598429 -0.00803736615256207 -0.018686333220569 -0.0472008740154389
-0.00110402482979222 -0.0100768914264375 -0.0373168330181721 -0.0269833415535782
-0.00712551828735846 -0.0080433841505393 -0.0384528612849757 -0.0134033978986932
-0.00619386866222559 -0.00670134666214408 -0.028138073222157 -0.0201343764919821
-0.0067308777509739 -0.00591688882731334 -0.0205786259783507 -0.0316849644541798
-0.00721037455643243 -0.0112297200096496 -0.00112891861612724 -0.0465862465579152
0.00113987844492611 -0.0182614266722585 0.0295210108004896 -0.0468150030872375
0.0160407269157724 -0.0132853398943602 0.054018476916448 -0.00528000593254419
0.0224157385387539 0.0118285167205321 0.0265314096060861 0.0313502487692526
0.00170794326352046 0.0261165904583502 -0.010274471843114 0.0196507403556177
-0.0171541098029439 0.0164560706979325 0.00376424127213535 -0.0415332647514584
0.0108906182660719 0.00669512169399188 -0.00321087005301017 0.0525729740719082
0.00331907440628494 -0.00650633653456218 0.03193799952704 -0.00973560876864073
-0.00466684288814354 -0.00476432190825407 -0.0187009173496158 -0.0392177369544607
-0.00240932061967297 0.00196835233815624 -0.0602030167955982 -0.00209848019937858
0.000369301071257683 -0.00112919258513173 -0.0376480809074194 0.0481477925902578
0.000622346533049882 -0.00252873196543643 0.00208607797273135 0.0524552587220931
-0.000124180703183295 -0.00283193478022404 0.0205103424846816 0.0387032056809198
-0.00418662767136088 -0.00418090285904234 0.0295587889649326 0.0247580427143114
-0.00529159048234972 -0.00529045224264221 0.0359671208753213 0.0184554841348518
-0.00462063268877935 -0.00894977227375665 0.036012563011032 0.0260402328181054
0.00445348419952081 -0.0109099108006546 0.0200588136385949 0.046934780937392
0.0128090746323898 -0.0042645210243953 -0.0125082371950287 0.0592136082947452
0.0141899691631836 0.00635566959869789 -0.0401759922486453 0.0533064846410462
0.00957199637329563 0.0158257516290096 -0.064652704469062 0.0481036494818891
0.00549596448651037 0.0248596265690902 -0.0565561757508122 0.0712873062518091
0.003854362225491 0.0310285379397144 -0.00733220789721747 0.0455447894855045
0.00961391051079759 0.0126584258199586 0.0326371225802869 -0.0085166189536087
0.0099031219970187 0.00263267269084826 -0.015359762630133 -0.0448062656193665
0.00917692237703748 -0.00444091770852999 -0.0606307997073956 -0.00922183775807408
0.00415877655663096 -0.0144612210754528 -0.0416893553978746 0.0434739176734403
-0.00467967849381146 -0.0152799131102673 -0.00250670014446748 0.0503923584372852
-0.00898146304415866 -0.0108463519675338 0.0161971451288046 0.0366394891170283
-0.014048533203126 -0.012208401808097 0.0251692129951897 0.0220938175798065
-0.0152063192054833 -0.0153673684574803 0.0312890840087217 0.0133408795512221
-0.01198840329159 -0.0258497113872451 0.0358744605037333 0.0161436014724047
0.00925266965159565 -0.0306671301573291 0.0283409641503301 0.0357438988461936
0.0331062793891021 -0.0136877460873128 0.00156076540533895 0.0571479623232977
0.0373324522550221 0.0205605146173999 -0.029068024008649 0.0588502715705292
0.0159106692849268 0.0463714732675661 -0.0534909477567467 0.0488971187210339
-0.00439909540370299 0.057108941410376 -0.0476591149700435 0.0608121630134279
-0.00677048207320176 0.051917086574091 -0.00755282046602033 0.0297680256014151
0.0135668278799295 0.0344358947620886 0.0351246624253448 -0.0105505465060414
0.0256064211867995 0.0146714975247631 -0.00868940588360618 -0.0533231935678066
0.0241161716986876 -0.00961410897250513 -0.0582874939351406 -0.0216476797274137
0.00936126271634056 -0.0275262745310336 -0.0458288353832682 0.0334404030535618
-0.00843012478149456 -0.0269154356475781 -0.00953894188127765 0.0441930712025642
-0.0166452765972599 -0.018760435599541 0.0085606796273027 0.0319054182612323
-0.0213636043760351 -0.0184717772688943 0.0172995023582756 0.0162899027812859
-0.0226573019327534 -0.022095958379842 0.0224613823818449 0.00512731927444353
-0.0199624793997132 -0.0367031977744045 0.0311513877978351 0.00223143463871395
0.00756623849132537 -0.0466622494370138 0.0353824833572281 0.0172002610835728
0.0423945324243041 -0.027709289005569 0.0203855210798067 0.0492601316713545
0.0579539420653153 0.020431136260955 -0.0120086866327849 0.0610116172028853
0.0288916568578016 0.0643796226219349 -0.042187551329243 0.0481299632775787
-0.00768063476540875 0.0801790267675246 -0.0370383006690093 0.0429630901158331
-0.0203432425474118 0.0651468071624238 -0.00238453597177857 0.00712824400259988
0.0120668032586155 0.05428870337793 0.039282326285975 -0.0167275856603774
0.0379341831428523 0.0303295148683915 0.00202780322927275 -0.0605807841602633
0.0390773564226313 -0.0115866024613415 -0.0494913327326099 -0.0354713649077938
0.0162508921518858 -0.0374813473479493 -0.0466330487164849 0.0165353405326712
-0.0106825201727558 -0.0370503341636879 -0.0174533887349997 0.0318357994641265
-0.0220435994485803 -0.0247566945181008 -0.000953472119727623 0.0233961481871803
-0.0260694950836383 -0.0218906355169018 0.0067633369379986 0.0084100661508411
-0.0260722055946818 -0.0247419715090008 0.0116975073012111 -0.00384632655718024
-0.025776313973674 -0.0408574339052121 0.0234089706670504 -0.012837618832705
0.00199671409241707 -0.0545006378671733 0.0365694393561706 -0.00519102939238377
0.0418683083440076 -0.0383924864989539 0.0361041428859891 0.0342736795503673
0.0681434777176774 0.0127953118540723 0.0041607070324812 0.0575498891008239
0.0388965739387916 0.0684676376438045 -0.0317248589713992 0.0435691611076487
-0.00757333657171227 0.089138280271872 -0.0264728689761065 0.0200851174877197
-0.030555442748439 0.0671424427496416 0.00932423838931008 -0.0201982539064994
0.00489798765033214 0.0658026464610399 0.0434655487929212 -0.0251850841176176
0.0413130309342336 0.0439044359390948 0.0149453227071694 -0.0643124511047867
0.0491672975783192 -0.007633462886535 -0.0339050886161919 -0.0484624021028045
0.0230550395581935 -0.040556926969478 -0.0420040184464591 -0.00483852472714648
-0.00943614896418521 -0.0410552397107962 -0.024866332048538 0.0148633548505471
-0.0240743846423388 -0.0272527256963881 -0.012900925913559 0.0126655658744152
-0.0261052048628326 -0.0223350214802024 -0.00444637017738128 -0.000343734513098494
-0.0256926589423532 -0.0234231205828825 0.000154671617015272 -0.0122957982968619
-0.0258465607204836 -0.038517504644781 0.0137143543303097 -0.0248738750739823
-0.000953541905425327 -0.0528977080240822 0.0333801109988832 -0.0231411080197737
0.0353109369830453 -0.0399818693988903 0.0453733945222507 0.0176903235098307
0.0645963279889835 0.00727620463727736 0.0156152806207243 0.0494960800625201
0.039147636031684 0.0637922726383493 -0.0237127036368436 0.0359917689354577
-0.0083918780891606 0.0833564925010005 -0.0176889173441965 -0.00348730109209787
-0.0340417483178741 0.0557317720970936 0.0243597659775305 -0.0456232633887784
-0.00430362355122801 0.0629349609449802 0.0482420788910372 -0.0352417431521253
0.0330843808935642 0.0482175026178103 0.0271066080201353 -0.0628778056344466
0.0473068468117652 -0.00120065914398786 -0.0138631401237867 -0.0548350930494093
0.02440635933561 -0.0345571476760595 -0.0321253165145579 -0.0254018378172829
-0.00681996004510864 -0.0372595806721204 -0.0305397371920531 -0.00367887383249346
-0.0224060778295391 -0.0252804905391545 -0.0239081040083293 0.00134558184015963
-0.0228821088267943 -0.0199014169907893 -0.0149454348040343 -0.00925137223292392
-0.0216159654069345 -0.0193802018755989 -0.00981920859516084 -0.0201898190865391
-0.0210997597865964 -0.0321976814180786 0.00536416675072006 -0.0344658738140366
-0.00144369742695648 -0.0443800103413214 0.0294290193738112 -0.0355832020926498
0.0292957037856966 -0.0334421692281178 0.0488690169732985 0.00499776244235545
0.0523856091966136 0.0078642754396022 0.022261851095993 0.0402513429780774
0.0290528655473066 0.053880803265006 -0.0181268611458033 0.0290641860215946
-0.0114492197577436 0.0666355641255622 -0.0101531173486742 -0.0229855400501429
-0.028565230970086 0.0337087426865255 0.0383549376610815 -0.064414563879021
-0.010199227507186 0.0438540450573631 0.053065477022438 -0.0436336321406907
0.0184168303484937 0.0381953301206955 0.0362720308038267 -0.0586854030651069
0.0334356753854706 0.00373490614400977 0.0037375505197351 -0.0565746079570295
0.0185691153519345 -0.0230469031575952 -0.0218104752051528 -0.0396791939449819
-0.00362720195359643 -0.0256325176497184 -0.033728032183973 -0.0191435494970439
-0.0157115659624342 -0.0181515133430662 -0.0325752065912953 -0.00812331587172497
-0.0159447828386295 -0.0145656363407402 -0.0231325540322815 -0.0156435755459639
-0.0146334989390362 -0.0134230232805209 -0.0169059280188642 -0.0265377477926907
-0.0137976513199932 -0.022584781240539 0.000465092604735726 -0.0414574901581603
0.000558039366874262 -0.031882474534127 0.0282302087009364 -0.0429102710759273
0.0236463966986318 -0.0225838148990168 0.0513006846531731 -0.00230049039428486
0.0375099608406846 0.0109462851335683 0.0245487349320458 0.0346454217987459
0.0147659988516033 0.0412084390834588 -0.0140159722071204 0.0223586236968598
-0.0153475744441376 0.0428037265504259 -0.00324404448219909 -0.0354743548313303
-0.0161848475183691 0.00668252018724937 0.0464375557870857 -0.0731112535897185
-0.0100229404242265 0.0160403073986781 0.0544125975457433 -0.0488509451959833
0.00341901698667707 0.0168362794686955 0.0401933666197717 -0.0555791802292919
0.0120620402108933 0.00344023917698894 0.0127222616038573 -0.0564298816140343
0.00756675789804711 -0.00774229013848025 -0.0169113376684308 -0.0471942758232418
-0.000747801636151087 -0.00961681657415655 -0.0363937455170436 -0.0270278433151474
-0.00698631328327942 -0.00763417567290504 -0.0375165781407786 -0.0138624358731062
-0.006239147545567 -0.00687613098012471 -0.0279045723049644 -0.0201137828158997
-0.0064048424571599 -0.00580769560851849 -0.019491318809647 -0.0314083885175705
-0.00661055941490239 -0.0108106416054265 -0.000489802868818033 -0.0454955234091658
0.00139052451959157 -0.0177388564518003 0.0296043544485663 -0.0451853845369202
0.0153589517965524 -0.0127809869626235 0.0530259725245785 -0.00367235064803081
0.0216027890569767 0.0122107436625765 0.0253993892093137 0.0321821956130354
0.00104285631250111 0.0256514479048417 -0.0110363055969747 0.0186837508687042
-0.0166617689290386 0.0155431861580167 0.00404537825374422 -0.0403683898775085
0.0107880297551939 0.0069127599502466 -0.003913774032694 0.0530550672274641
0.00333195336787432 -0.00628721621650918 0.0330529113052205 -0.00956463269961576
-0.00496900969281781 -0.00486805902241711 -0.0173269438408405 -0.0406947820722339
-0.00228350827560948 0.00213575082124411 -0.0605947717837077 -0.0043187282166067
0.000491552727602784 -0.00133001378585469 -0.0399786283465339 0.0479429568923088
0.000570816903487706 -0.00216073119961666 0.000663112170353567 0.0528773173793069
5.68055285538112E-05 -0.00294244085596277 0.020017780346662 0.0399086266719914
-0.00467918835923387 -0.00452931998281427 0.029850507056363 0.0256215065429087
-0.00541293744727014 -0.00541749685274575 0.036288152997956 0.0193455630499223
-0.00443350417159764 -0.00896079889795111 0.0361515684992044 0.027368671161304
0.00488033768988228 -0.0109769853296214 0.0193209499895046 0.0485285564217906
0.013192317873635 -0.00394180518319429 -0.0147971298197586 0.0595742506858065
0.0140424935011675 0.00729337154668083 -0.0434431825475546 0.0527564473761991
0.00885249958303681 0.0164868916827738 -0.0674692127202636 0.046617125183588
0.00460031184843335 0.0253846128621078 -0.0593414128304066 0.0699181586922257
0.00290962683908976 0.0315907996052231 -0.00798124345318186 0.0456568864502417
0.00947508437254695 0.0129789330077879 0.034029760228688 -0.0078349968446024
0.010078189791385 0.00299675897583192 -0.0134469274556779 -0.0462339006604438
0.00970966618760638 -0.00398458605242966 -0.0610608137852654 -0.0118873414487042
0.00424912610081254 -0.0147327841063861 -0.0438257448775918 0.0428692016878094
-0.00439400507340087 -0.015535917684654 -0.00381878169310253 0.0509061388748915
-0.00873764573523014 -0.0115521313786308 0.015270331717736 0.0379246297663151
-0.0141351519386268 -0.0127811257258906 0.0251287312868378 0.0230909897469188
-0.0150818299583955 -0.0161342844326006 0.031837204532634 0.0140728277179475
-0.0117927755538493 -0.0263270973870872 0.0357853098012047 0.0171279663165244
0.0103596488460538 -0.0305323680604421 0.0281160882111937 0.0374601562187187
0.0338217830150426 -0.0127878182152148 -0.000735756857652328 0.0586318966960106
0.0375846971601764 0.0223980334540412 -0.0311063675474013 0.0586661896002376
0.0147727887548714 0.0481569766863834 -0.0570484610138894 0.0474613060523427
-0.00642759081533878 0.0578213626810279 -0.0507920159820904 0.060130613298495
-0.00887479437242741 0.05226709313346 -0.00815827201274009 0.0299337156339321
0.0125966998671067 0.0351465628354491 0.0371167891564944 -0.0100183814997688
0.0252775168122001 0.015845696852713 -0.00606469159489773 -0.0538128550259603
0.0242989997869299 -0.00911420021616893 -0.0583003211596752 -0.0236109776163087
0.00972335955808048 -0.0277933976055942 -0.0474906459746539 0.0321182572449445
-0.00812159145094592 -0.0275396382323217 -0.010794422778132 0.0441639600620769
-0.0163649007164705 -0.0196863143406063 0.00757594138526375 0.0324228893421727
-0.0214631008482407 -0.0192265107831624 0.0172419163884041 0.0171383041977224
-0.0224238148066946 -0.0231307142900046 0.023185215507573 0.00606388486943402
-0.019711363238986 -0.0374387786043024 0.0320638961531918 0.00334358123638912
0.00881817937998692 -0.0470180284351344 0.0354252118551796 0.0184084599208956
0.0441483671863001 -0.0267096197343052 0.0190674563481561 0.0508809931102798
0.0585598840313997 0.022548749601074 -0.0146858181225092 0.0618754562083609
0.0277901894415248 0.0663517083733288 -0.0446278895019627 0.046964012189442
-0.0105564894516981 0.081523257597445 -0.0391962514575273 0.0417507335352117
-0.0224386277541895 0.0653695306359783 -0.0017985185413268 0.00706422902959534
0.01005456341747 0.0558235180580719 0.0409400896963954 -0.0149852909877335
0.0379483689899927 0.0319754280662796 0.00446847098448436 -0.0615051173473424
0.0399541872073939 -0.0102798357331277 -0.0492917017475636 -0.0378972154228082
0.0173777785093142 -0.037523210294102 -0.0482533712311975 0.0142068884403333
-0.00956458737087187 -0.0375190060497852 -0.0183229452031129 0.0316426912512914
-0.0219095757923434 -0.0256695635091695 -0.00233159935860772 0.0237409526147527
-0.0260290669437595 -0.0233150919146618 0.00693993793427209 0.00872559626487315
-0.0258947974077216 -0.025251306734149 0.0120388336479341 -0.0031794083893196
-0.0252293533417102 -0.0417798502683875 0.023990993124318 -0.0124041814675085
0.00316536595478103 -0.0554183928310934 0.0372599543633847 -0.00334890266802239
0.0433357135413451 -0.0377871831863595 0.0354503590199425 0.0366315578899353
0.0689942216845983 0.0149193765605878 0.00190305110886942 0.0586206834473873
0.037866108988334 0.0711196269818741 -0.0340460803256764 0.0422272439482397
-0.0103136368459127 0.0897636115348626 -0.027564255792128 0.0189237198100869
-0.0330448484403748 0.0667918916532903 0.0105815109032739 -0.0197613361320833
0.00246726593127416 0.0674356340093124 0.0454140515266968 -0.0237332106660915
0.0404586268486673 0.0458501757439834 0.0183170366801303 -0.0644535880136083
0.0500068818549615 -0.00598558117801144 -0.0324186989753681 -0.0505537695508077
0.0242846733809997 -0.0401965730724808 -0.0423662439573602 -0.00668790237557617
-0.00847807880205412 -0.0419143534599706 -0.0256138439927854 0.0143062510296043
-0.0237202325543371 -0.0283165912280989 -0.01310074446831 0.012691249774291
-0.0262688241125374 -0.0238048042278874 -0.00440569347136569 -0.000576124969459775
-0.0256158398913146 -0.0244355238153868 0.000661414080686849 -0.0123425362296415
-0.0253093906335165 -0.0390474273612073 0.0148248817153991 -0.0251300042000944
-0.000612821241780347 -0.0537876280909034 0.0345450793356299 -0.0219180247558437
0.0370553519222298 -0.0394864035270342 0.0452354686130686 0.0192288851282541
0.0653563162353438 0.0092943878712726 0.0145759050332393 0.0508182979629442
0.0382164020636127 0.0656044350178796 -0.0255445007160434 0.0354755880705689
-0.0106178460684737 0.0845014795060532 -0.0183808652568528 -0.00452008222091549
-0.0363328425989592 0.0553727013775174 0.0263759942060265 -0.0455240354144664
-0.00721344464782135 0.0632238072191479 0.050835745034602 -0.0337493408134354
0.0321401762359834 0.0504986893370197 0.0303567461794669 -0.0627216238450846
0.0483169815995637 0.00061919728008381 -0.0117891471382531 -0.0570855429984988
0.0257890812491986 -0.0346247419514208 -0.0323491982807809 -0.0268708358165303
-0.00557279712316476 -0.0376212161633059 -0.0310272173656115 -0.00485601965099942
-0.0217653401774431 -0.0261032836233684 -0.0245271507413482 0.00136162928258321
-0.022800138117216 -0.0212732026673662 -0.0149990608771985 -0.00916766233219419
-0.0212320542354385 -0.0205757367889709 -0.00923484545401568 -0.0204060215788252
-0.0209581067716544 -0.0330431721814854 0.00606884300721563 -0.0348144459932398
-0.000894005314317661 -0.0448233390739034 0.0311433127044537 -0.0349351078580339
0.0302839562383315 -0.0328670801534785 0.0496031974149879 0.00647767078113246
0.0528202353406605 0.00923916539159153 0.0213870321252182 0.0421014655879243
0.0279162465811957 0.0551396586160609 -0.0196517631705942 0.0284407856655256
-0.0129798560549443 0.0670741112677687 -0.0102638166238371 -0.0238427604151553
-0.0303218626697125 0.0337435161367906 0.0409335167213174 -0.0637486545445091
-0.0120497945442983 0.0441757068239049 0.0549093685105279 -0.0417173130983041
0.0176594806224429 0.0391787687211353 0.0390106576177764 -0.058098570820003
0.033998394959008 0.00402855265364167 0.00609869624163207 -0.0573306438271988
0.0194781028850928 -0.0225510767989026 -0.0209937754804492 -0.0420012024079573
-0.00242704191540363 -0.0261357529922954 -0.0335172427009925 -0.020459376230414
-0.0156909270694467 -0.0184821931332627 -0.032860227355843 -0.0089653879712412
-0.0163307478865984 -0.0152770506406402 -0.0235435434694513 -0.0167883017300172
-0.0140770528562412 -0.0141881494815351 -0.016228474693542 -0.0274224182252552
-0.0135021010092221 -0.0235281075496644 0.00153212057807236 -0.0418733024586641
0.00144115996990262 -0.0322315517288978 0.0294301163540191 -0.0424568776510056
0.0241154038374377 -0.0224110571916141 0.0520354847996864 -0.000481322114280858
0.037683942060264 0.0117437388458093 0.0236571347472237 0.0360208277474227
0.0139457565290327 0.0421582920236716 -0.014734498808264 0.0220058215583636
-0.0169341718736985 0.0431159111516829 -0.00219101218603695 -0.0359607080613832
-0.0166525130254292 0.00625261268563447 0.0499016210210774 -0.0727959314700889
-0.0107241846788065 0.015715338244379 0.0569355307822063 -0.0472044487340204
0.00333999325863724 0.0172208128712981 0.0432253191865408 -0.0546772963850998
0.0120588028607831 0.00410808368937226 0.0152330354791023 -0.0571528132048165
0.00763152847563171 -0.00743559557264384 -0.0154612835426233 -0.0485167439113729
-0.000612105410627376 -0.00934152290750406 -0.0362353972275619 -0.0283905069278462
-0.00701201121091976 -0.00807889055245644 -0.0379335504374737 -0.0147396698897923
-0.00631944472245239 -0.00713853802886484 -0.0280829378223397 -0.0210351339414902
-0.00618346990668977 -0.00619686065642276 -0.0187725885074115 -0.032212801435665
-0.00642606377371852 -0.0109984146497989 0.000404704431889375 -0.0458332765145067
0.00200357737275651 -0.0175933176536958 0.0312991052842099 -0.0450026626930422
0.0165509019921651 -0.0119578695182953 0.0538786085924996 -0.00246861914827476
0.0216849793410665 0.0126505581707281 0.0242463130598936 0.0338584697156747
0.000229278169338036 0.0259713716843537 -0.0121818742392587 0.0186766468831931
-0.0178647170396402 0.0153215062131936 0.00422738347382472 -0.0403579176894453
