TRXV5
3
4
4
9
string Extension=J
integer IsArchMeasurement=1
integer IsSpherical=1
string Generator=SPM
string GeneratorVersion=1.3.1 Dev
double ArchRadius=0.449999988079071
integer FrequencyAxisIndex=0
integer AzimuthAxisIndex=1
integer ElevationAxisIndex=2
Frequency
5 136 690000000 960000000 LIN
Azimuth
7 8 0 2.74889357189107 LIN
Elevation
7 15 -2.74889357189107 2.74889357189107 LIN
Polar H Real Part
13
Polar H Imaginary Part
14
Polar V Real Part
13
Polar V Imaginary Part
14
Polar H Magnitude (dB)
12 0xC0000002 0 1
Polar H Phase
7 0xC0000003 0 1
Polar V Magnitude (dB)
12 0xC0000002 2 3
Polar V Phase
7 0xC0000003 2 3
-0.0253162384033203 0.0165767669677734 0.0354690551757813 0.01751708984375
0.00136947631835937 0.0264720916748047 0.0125589370727539 0.013117790222168
0.0135250091552734 0.00865268707275391 0.00408554077148438 0.0186958312988281
0.0128669738769531 -0.000985145568847656 0.0174770355224609 0.0245876312255859
0.0104923248291016 -0.00739860534667969 0.030029296875 0.0163402557373047
0.00585365295410156 -0.0143308639526367 0.0352249145507813 0.00210189819335937
0.00406646728515625 -0.0132169723510742 0.0315361022949219 -0.0023651123046875
0.00515174865722656 -0.0116424560546875 0.0232200622558594 -0.00125312805175781
0.011174201965332 -0.0134563446044922 0.0134983062744141 0.00343894958496094
0.0178260803222656 -0.00299835205078125 0.00285434722900391 0.00276446342468262
0.0159626007080078 0.0115385055541992 -0.00457286834716797 -0.00970458984375
0.00508689880371094 0.0193443298339844 0.0055389404296875 -0.0215263366699219
-0.013524055480957 0.0169296264648437 0.033355712890625 -0.0208473205566406
-0.0250701904296875 0.0109367370605469 0.0409965515136719 -0.004425048828125
-0.0347976684570313 0.00146865844726562 0.0197372436523437 0.00233840942382813
-0.03692626953125 0.0113716125488281 0.0244998931884766 0.022918701171875
-0.0120468139648437 0.0266799926757813 0.0039825439453125 0.0202693939208984
0.00504589080810547 0.0156326293945313 0.00113296508789062 0.0256748199462891
0.0101985931396484 0.00876331329345703 0.0159683227539063 0.0309810638427734
0.0131988525390625 0.00176048278808594 0.0287551879882813 0.021759033203125
0.0143718719482422 -0.00698757171630859 0.034820556640625 0.00807571411132813
0.0135564804077148 -0.00933170318603516 0.0296001434326172 0.00263404846191406
0.0128707885742188 -0.00780391693115234 0.0201053619384766 0.00336647033691406
0.0191230773925781 -0.00867271423339844 0.00811624526977539 0.00742959976196289
0.0237522125244141 0.00374794006347656 -0.00329923629760742 0.00589179992675781
0.0174694061279297 0.0192375183105469 -0.0110569000244141 -0.00887870788574219
0.00281715393066406 0.0274105072021484 -0.00220108032226562 -0.0219306945800781
-0.0205631256103516 0.0217475891113281 0.0248260498046875 -0.0236968994140625
-0.0341682434082031 0.0105304718017578 0.0283699035644531 -0.00639724731445312
-0.0439262390136719 -0.00117874145507813 0.00644159317016601 0.000398159027099609
-0.0438613891601563 0.00170516967773438 0.00826835632324218 0.0254726409912109
-0.02593994140625 0.0225620269775391 -0.00911521911621094 0.02606201171875
-0.00671195983886719 0.0206203460693359 -0.00481414794921875 0.033416748046875
0.00403213500976563 0.0193595886230469 0.0123252868652344 0.03656005859375
0.0141153335571289 0.0125532150268555 0.024932861328125 0.0260429382324219
0.0210971832275391 0.00228691101074219 0.0311374664306641 0.0121345520019531
0.0213642120361328 -0.00368690490722656 0.0244216918945313 0.00662040710449219
0.0189189910888672 -0.00246810913085938 0.0135374069213867 0.00720977783203125
0.0242424011230469 -0.00271034240722656 0.000841140747070314 0.011235237121582
0.0262222290039063 0.00812339782714844 -0.0109233856201172 0.00850200653076172
0.0177936553955078 0.0223369598388672 -0.0191802978515625 -0.00726890563964844
0.00266265869140625 0.0301227569580078 -0.0103282928466797 -0.0211639404296875
-0.0219001770019531 0.024383544921875 0.0144290924072266 -0.0247039794921875
-0.0371971130371094 0.0110893249511719 0.0136566162109375 -0.00614547729492188
-0.0472373962402344 -0.00348663330078125 -0.00920581817626953 -0.00095081329345703
-0.0433311462402344 -0.00674057006835937 -0.00892257690429688 0.0240039825439453
-0.0344944000244141 0.0140037536621094 -0.0250644683837891 0.0272045135498047
-0.0179462432861328 0.0209121704101563 -0.0138282775878906 0.0379524230957031
-0.00394439697265625 0.0261955261230469 0.0060272216796875 0.0395126342773438
0.0116157531738281 0.0212802886962891 0.0188026428222656 0.0274200439453125
0.0233955383300781 0.0115547180175781 0.0240974426269531 0.0145721435546875
0.0255413055419922 0.00277900695800781 0.0155010223388672 0.00879192352294922
0.0211124420166016 0.00269889831542969 0.00455951690673828 0.0097055435180664
0.0254611968994141 0.00284004211425781 -0.00712871551513672 0.0136432647705078
0.0255165100097656 0.0118274688720703 -0.0177154541015625 0.0100898742675781
0.0158615112304688 0.0227851867675781 -0.0249881744384766 -0.00422096252441406
0.00160980224609375 0.028961181640625 -0.0163993835449219 -0.0181465148925781
-0.0202102661132813 0.022857666015625 0.0047607421875 -0.0219058990478516
-0.0344467163085937 0.00907135009765625 -0.000378608703613284 -0.00309920310974121
-0.0440521240234375 -0.0063323974609375 -0.0242023468017578 -0.00216293334960938
-0.0358734130859375 -0.0138168334960938 -0.0251636505126953 0.0178318023681641
-0.0345821380615234 0.00387191772460937 -0.0413818359375 0.0239524841308594
-0.0245857238769531 0.0162792205810547 -0.0240249633789062 0.0389175415039063
-0.0112743377685547 0.0269241333007813 -0.000701904296875002 0.0384635925292969
0.00614166259765625 0.0248565673828125 0.0115756988525391 0.0243148803710938
0.0211906433105469 0.0181350708007812 0.0144023895263672 0.0135068893432617
0.0247669219970703 0.00888633728027344 0.00442981719970703 0.00878715515136719
0.0200271606445313 0.00715446472167969 -0.00506401062011719 0.0103626251220703
0.0232505798339844 0.00773429870605469 -0.0153102874755859 0.0139436721801758
0.0214977264404297 0.0141830444335938 -0.0243740081787109 0.0106201171875
0.0115604400634766 0.0223522186279297 -0.0288219451904297 -0.00244140625
-0.00176048278808594 0.0255966186523437 -0.0194206237792969 -0.01483154296875
-0.0198154449462891 0.017242431640625 -0.00134372711181641 -0.0165033340454102
-0.0288658142089844 0.00388336181640625 -0.0109243392944336 0.00216484069824219
-0.0366096496582031 -0.0115013122558594 -0.0373573303222656 -0.00264358520507812
-0.0204315185546875 -0.0160598754882813 -0.0351753234863281 0.0105094909667969
-0.0251350402832031 -0.00464057922363281 -0.0504837036132813 0.0174903869628906
-0.0224742889404297 0.00745201110839844 -0.031463623046875 0.0341320037841797
-0.0148811340332031 0.0191593170166016 -0.00732421875 0.0331630706787109
-0.000659942626953124 0.0215320587158203 0.00465011596679688 0.0190372467041016
0.0136070251464844 0.0202846527099609 0.00477886199951172 0.00986385345458985
0.0191001892089844 0.0129776000976563 -0.0054326057434082 0.00730514526367188
0.015965461730957 0.0106792449951172 -0.0145015716552734 0.00942802429199219
0.0184974670410156 0.0112819671630859 -0.0219707489013672 0.0128364562988281
0.0155057907104492 0.0165004730224609 -0.0286159515380859 0.00881767272949219
0.00586318969726562 0.0208015441894531 -0.0298042297363281 -0.00304222106933594
-0.0064697265625 0.02142333984375 -0.0190544128417969 -0.0130405426025391
-0.0203685760498047 0.009796142578125 -0.00504112243652344 -0.0125274658203125
-0.0233497619628906 -0.00430870056152344 -0.0175037384033203 0.00413799285888672
-0.02471923828125 -0.0176429748535156 -0.04449462890625 -0.00519180297851563
-0.00196552276611328 -0.0136137008666992 -0.0392646789550781 0.00310134887695313
-0.00748109817504883 -0.00856876373291016 -0.05291748046875 0.0108413696289063
-0.0119724273681641 -0.00208091735839844 -0.0344295501708984 0.0294914245605469
-0.0125284194946289 0.00596237182617188 -0.00975418090820313 0.02667236328125
-0.00589275360107422 0.0115842819213867 0.00126934051513672 0.0125026702880859
0.00285243988037109 0.0163860321044922 -0.00279474258422852 0.00418853759765625
0.00899600982666016 0.0150833129882813 -0.0137290954589844 0.00353336334228516
0.008453369140625 0.0128850936889648 -0.021209716796875 0.00716209411621094
0.010615348815918 0.0135440826416016 -0.0275440216064453 0.0103740692138672
0.00815677642822266 0.0169162750244141 -0.0317745208740234 0.00561141967773438
0.0001220703125 0.0191440582275391 -0.0313034057617188 -0.00509262084960937
-0.0107364654541016 0.0172796249389648 -0.0188884735107422 -0.0139026641845703
-0.0208911895751953 0.00179862976074218 -0.00556755065917969 -0.0117521286010742
-0.0163469314575195 -0.0132856369018555 -0.020294189453125 0.00337409973144531
-0.0121650695800781 -0.0235748291015625 -0.0480384826660156 -0.00962829589843751
0.0163602828979492 -0.0101737976074219 -0.0341835021972656 8.77380371093756E-05
0.0104990005493164 -0.0106973648071289 -0.0478973388671875 0.00764846801757812
0.00152111053466797 -0.0106048583984375 -0.0319843292236328 0.0257587432861328
-0.00730133056640625 -0.00812911987304688 -0.00891685485839844 0.0226764678955078
-0.00984859466552734 -0.000587463378906251 0.00111484527587891 0.00832414627075195
-0.008819580078125 0.00992870330810547 -0.00568056106567383 -0.000735759735107421
-0.00187301635742188 0.0145750045776367 -0.0170345306396484 -6.96182250976517E-05
0.000304222106933594 0.0121002197265625 -0.0249538421630859 0.00382232666015625
0.00250911712646484 0.012782096862793 -0.0312690734863281 0.00604820251464844
0.000539779663085937 0.0154867172241211 -0.0339279174804687 0.000228881835937503
-0.00429821014404297 0.0145044326782227 -0.031158447265625 -0.00967025756835937
-0.0133295059204102 0.0112285614013672 -0.0181713104248047 -0.0169486999511719
-0.0191383361816406 -0.00481033325195312 -0.00687789916992188 -0.0142803192138672
-0.00855064392089844 -0.0199146270751953 -0.0200119018554687 -0.00298309326171875
0.00240135192871094 -0.0266056060791016 -0.0456886291503906 -0.0163307189941406
-0.0249519348144531 0.0220832824707031 0.0408248901367188 0.0193405151367188
0.00568389892578125 0.0292320251464844 0.016352653503418 0.0142440795898438
0.0175085067749023 0.00758552551269531 0.00630569458007813 0.0188369750976563
0.0144405364990234 -0.00404834747314453 0.01959228515625 0.0250015258789063
0.00976467132568359 -0.0103597640991211 0.0327415466308594 0.0164680480957031
0.00327110290527344 -0.0176277160644531 0.0378189086914062 0.00131607055664062
0.0014028549194336 -0.0153751373291016 0.0347499847412109 -0.00369071960449219
0.00318241119384766 -0.0138072967529297 0.0269908905029297 -0.0015106201171875
0.00927925109863281 -0.017033576965332 0.0162649154663086 0.00428581237792969
0.0187263488769531 -0.00674247741699219 0.00466489791870117 0.00508880615234375
0.0197219848632812 0.00971221923828125 -0.00535297393798828 -0.00833749771118164
0.00881767272949219 0.0202064514160156 0.00333595275878906 -0.0216941833496094
-0.0123329162597656 0.02178955078125 0.0335445404052734 -0.0249519348144531
-0.0273094177246094 0.0167980194091797 0.0448799133300781 -0.00708389282226562
-0.0387382507324219 0.0073394775390625 0.0230159759521484 0.00327110290527344
-0.0380821228027344 0.015838623046875 0.0294666290283203 0.0272197723388672
-0.00961685180664063 0.0298805236816406 0.00812149047851563 0.0229682922363281
0.00749874114990235 0.0154819488525391 0.003631591796875 0.0271797180175781
0.0114688873291016 0.00737094879150391 0.018402099609375 0.0319843292236328
0.0133934020996094 -0.000207901000976562 0.0320510864257813 0.0223407745361328
0.0133676528930664 -0.00970172882080078 0.0384178161621094 0.00730133056640625
0.0126361846923828 -0.0112895965576172 0.0339488983154297 0.00211524963378906
0.0128059387207031 -0.00965118408203125 0.0240097045898438 0.00370979309082031
0.0188407897949219 -0.0111618041992188 0.012059211730957 0.00890254974365235
0.0254840850830078 0.0007171630859375 -0.00126171112060547 0.00906658172607422
0.0208339691162109 0.0184764862060547 -0.0127496719360352 -0.00603389739990234
0.00623512268066406 0.029632568359375 -0.00513839721679687 -0.0212535858154297
-0.020416259765625 0.0266132354736328 0.0239925384521484 -0.0269756317138672
-0.0380172729492188 0.0157394409179687 0.0309581756591797 -0.00789833068847656
-0.0492744445800781 0.00351333618164062 0.00776243209838867 0.00311136245727539
-0.0468597412109375 0.00480270385742187 0.01226806640625 0.0309886932373047
-0.0261669158935547 0.0252799987792969 -0.006072998046875 0.0304050445556641
-0.00571250915527344 0.0216197967529297 -0.00231552124023438 0.0358734130859375
0.00532150268554688 0.0196552276611328 0.0152206420898438 0.0389289855957031
0.0147190093994141 0.0121955871582031 0.0288047790527344 0.0273399353027344
0.0220565795898438 0.000827789306640625 0.0357742309570312 0.0121841430664062
0.0223503112792969 -0.00519561767578125 0.0286579132080078 0.00653457641601563
0.0199909210205078 -0.00375747680664063 0.0173587799072266 0.00787448883056641
0.0257110595703125 -0.00472450256347656 0.00468635559082031 0.0135517120361328
0.0287075042724609 0.00712203979492187 -0.00893974304199218 0.0122241973876953
0.0208187103271484 0.0229015350341797 -0.0202732086181641 -0.00321578979492188
0.00487136840820313 0.0332984924316406 -0.0129814147949219 -0.0196323394775391
-0.0228328704833984 0.0285053253173828 0.0126590728759766 -0.0266265869140625
-0.0415229797363281 0.0149650573730469 0.0150413513183594 -0.00577259063720703
-0.0531654357910156 -0.000907897949218742 -0.00956249237060547 0.00272846221923828
-0.0476341247558594 -0.00632095336914063 -0.00757789611816407 0.0302352905273438
-0.0370826721191406 0.0152511596679688 -0.0237865447998047 0.0335578918457031
-0.0195503234863281 0.0231876373291016 -0.0114250183105469 0.04193115234375
-0.00346565246582031 0.0284366607666016 0.00911331176757813 0.0427436828613281
0.0125579833984375 0.0225563049316406 0.0224781036376953 0.0288925170898438
0.0261058807373047 0.0119800567626953 0.0282840728759766 0.0152683258056641
0.0284423828125 0.00214767456054687 0.0191745758056641 0.00942611694335938
0.0238075256347656 0.00263786315917969 0.00808238983154297 0.0109138488769531
0.0279197692871094 0.00193405151367188 -0.00353908538818359 0.0162792205810547
0.0284099578857422 0.0117988586425781 -0.0157680511474609 0.0142307281494141
0.0179119110107422 0.0243988037109375 -0.0258445739746094 -0.000118255615234369
0.00273895263671875 0.0325088500976563 -0.0187835693359375 -0.0157203674316406
-0.0221614837646484 0.0260162353515625 0.00296401977539062 -0.0221939086914063
-0.0390205383300781 0.0113868713378906 8.61883163452124E-05 -0.00130081176757812
-0.0503311157226563 -0.00532913208007812 -0.0261859893798828 0.00273323059082032
-0.0396995544433594 -0.0153388977050781 -0.0263195037841797 0.024078369140625
-0.038970947265625 0.00359344482421875 -0.0414161682128906 0.0306739807128906
-0.02734375 0.0181198120117188 -0.0223045349121094 0.0432014465332031
-0.0123882293701172 0.0302543640136719 0.00130081176757813 0.0418815612792969
0.00711250305175781 0.0280666351318359 0.01434326171875 0.0257205963134766
0.0245380401611328 0.0199928283691406 0.0177288055419922 0.0142002105712891
0.0287265777587891 0.00918769836425781 0.00704193115234375 0.00969505310058594
0.0234336853027344 0.00784111022949219 -0.00319576263427734 0.0119905471801758
0.0266819000244141 0.00859260559082031 -0.0126886367797852 0.0172214508056641
0.0249042510986328 0.0163230895996094 -0.0225887298583984 0.0146808624267578
0.0134773254394531 0.0251598358154297 -0.0297622680664063 0.00102424621582031
-0.00194740295410156 0.0296134948730469 -0.0213050842285156 -0.0122280120849609
-0.0228080749511719 0.0201492309570312 -0.00283718109130859 -0.0158281326293945
-0.0339527130126953 0.00392913818359375 -0.0111532211303711 0.00496482849121094
-0.042327880859375 -0.0123138427734375 -0.0404052734375 0.00185394287109375
-0.0234088897705078 -0.0202827453613281 -0.0382919311523438 0.0155830383300781
-0.0293865203857422 -0.00727653503417969 -0.0533828735351563 0.0235099792480469
-0.0263862609863281 0.00786209106445313 -0.0306434631347656 0.0394248962402344
-0.0176067352294922 0.0219478607177734 -0.00572586059570313 0.0362205505371094
-0.000745773315429686 0.0255470275878906 0.00660324096679687 0.0203475952148438
0.0164470672607422 0.0234718322753906 0.00661087036132813 0.0104923248291016
0.0236873626708984 0.0147438049316406 -0.00453329086303711 0.00807952880859375
0.0198307037353516 0.0123805999755859 -0.0131769180297852 0.010894775390625
0.0222511291503906 0.0130958557128906 -0.0208606719970703 0.0153369903564453
0.0187358856201172 0.0196704864501953 -0.0278224945068359 0.0119895935058594
0.00713157653808594 0.0248374938964844 -0.0307884216308594 -0.00039100646972656
-0.0073089599609375 0.025848388671875 -0.0204830169677734 -0.0108013153076172
-0.0241317749023438 0.0122051239013672 -0.00605392456054688 -0.0113534927368164
-0.0287151336669922 -0.00599288940429688 -0.0189094543457031 0.0070648193359375
-0.0302886962890625 -0.0206394195556641 -0.0485649108886719 -0.00213623046875
-0.00307655334472656 -0.0192966461181641 -0.0438232421875 0.00696945190429688
-0.0100946426391602 -0.0135774612426758 -0.0571174621582031 0.0160369873046875
-0.016148567199707 -0.00410938262939453 -0.0342273712158203 0.0342464447021484
-0.016505241394043 0.00786399841308593 -0.00859451293945313 0.0289344787597656
-0.00789451599121094 0.0156774520874023 0.00229930877685547 0.0123605728149414
0.00408935546875 0.0208892822265625 -0.00253057479858398 0.00442218780517578
0.0135669708251953 0.0179309844970703 -0.0144386291503906 0.00455379486083984
0.0123577117919922 0.0145959854125977 -0.0221748352050781 0.00899314880371094
0.0146827697753906 0.0158834457397461 -0.0280990600585938 0.012603759765625
0.0117664337158203 0.0205020904541016 -0.0323963165283203 0.00790023803710937
0.00156784057617188 0.0229148864746094 -0.0318584442138672 -0.003570556640625
-0.0117607116699219 0.0213966369628906 -0.0203285217285156 -0.0128440856933594
-0.0254936218261719 0.00387191772460937 -0.00652980804443359 -0.0106487274169922
-0.0219383239746094 -0.0159797668457031 -0.0222587585449219 0.005889892578125
-0.0167675018310547 -0.0281696319580078 -0.0528488159179688 -0.00747680664062501
0.0178241729736328 -0.0157508850097656 -0.0390853881835938 0.00201034545898438
0.0101795196533203 -0.0162506103515625 -0.0521430969238281 0.0110931396484375
-0.00106620788574219 -0.0141458511352539 -0.0318737030029297 0.0300540924072266
-0.011500358581543 -0.00786018371582031 -0.0074920654296875 0.024078369140625
-0.0128774642944336 0.00193595886230469 0.00210332870483398 0.00722694396972656
-0.00820159912109375 0.0144338607788086 -0.00656270980834961 -0.00105476379394531
0.00144767761230469 0.0178012847900391 -0.0193233489990234 -0.000303268432617184
0.00322341918945312 0.0148410797119141 -0.0274238586425781 0.00474739074707031
0.00582408905029297 0.0157108306884766 -0.0329017639160156 0.00784111022949219
0.00337982177734375 0.0186901092529297 -0.03546142578125 0.00148391723632813
-0.00342369079589844 0.0185623168945313 -0.0328445434570313 -0.00867271423339844
-0.0140981674194336 0.0152626037597656 -0.0202655792236328 -0.0165004730224609
-0.0236110687255859 -0.00316238403320313 -0.00783920288085938 -0.0137720108032227
-0.0137825012207031 -0.0229740142822266 -0.0232124328613281 -0.00221443176269532
-0.00110626220703125 -0.0323219299316406 -0.0508232116699219 -0.0169143676757813
-0.0219554901123047 0.0266799926757813 0.0463142395019531 0.0191497802734375
0.0113601684570313 0.0297050476074219 0.0203762054443359 0.0137615203857422
0.0202541351318359 0.00447463989257813 0.00789451599121094 0.0186195373535156
0.0148429870605469 -0.00773239135742187 0.0211429595947266 0.0251121520996094
0.00789260864257812 -0.0135431289672852 0.0347175598144531 0.015960693359375
7.62939453124935E-06 -0.0194454193115234 0.0399246215820312 0.000312805175781249
-0.00145530700683594 -0.0168113708496094 0.0380020141601563 -0.00579833984375
0.000405311584472658 -0.0148591995239258 0.0296878814697266 -0.0028839111328125
0.00640487670898437 -0.0198230743408203 0.0192451477050781 0.00400733947753906
0.0181617736816406 -0.0106964111328125 0.00710105895996094 0.00679254531860352
0.0223388671875 0.00659561157226563 -0.00544071197509766 -0.00626230239868164
0.0130939483642578 0.0199203491210938 0.00176239013671875 -0.0212383270263672
-0.0094451904296875 0.0256252288818359 0.0322055816650391 -0.0278415679931641
-0.0270862579345703 0.0230045318603516 0.0474014282226563 -0.0102691650390625
-0.0401153564453125 0.0141868591308594 0.0268592834472656 0.00429534912109375
-0.0375938415527344 0.0198745727539063 0.0349788665771484 0.0291824340820312
-0.00625228881835937 0.0314540863037109 0.0124893188476563 0.0239524841308594
0.00962066650390625 0.0138082504272461 0.00620651245117188 0.0272312164306641
0.0118541717529297 0.00554275512695312 0.0206642150878906 0.0328521728515625
0.012171745300293 -0.00238418579101563 0.0350513458251953 0.0224189758300781
0.0113811492919922 -0.0116405487060547 0.0417098999023438 0.00605010986328125
0.0111961364746094 -0.0130300521850586 0.0376510620117188 -3.05175781250008E-05
0.011448860168457 -0.0108060836791992 0.0281620025634766 0.00225639343261719
0.0172252655029297 -0.0135049819946289 0.0161285400390625 0.0093841552734375
0.0266017913818359 -0.00209617614746094 0.00199127197265625 0.0114955902099609
0.0243663787841797 0.0166568756103516 -0.0120477676391602 -0.00230693817138672
0.0099945068359375 0.0298538208007813 -0.00683403015136719 -0.0192146301269531
-0.0186977386474609 0.0306720733642578 0.0215110778808594 -0.0288658142089844
-0.0393142700195313 0.0214004516601562 0.0329132080078125 -0.00943756103515625
-0.0523529052734375 0.00948333740234375 0.0104532241821289 0.00594997406005859
-0.0485954284667969 0.00783538818359375 0.0178604125976562 0.0349617004394531
-0.0253314971923828 0.0271263122558594 -0.00115585327148438 0.03326416015625
-0.00526046752929688 0.0215988159179688 0.00128555297851563 0.0367469787597656
0.00589179992675781 0.0198783874511719 0.0181846618652344 0.0395774841308594
0.0147161483764648 0.0111904144287109 0.0326957702636719 0.0270328521728516
0.0219879150390625 -0.000667572021484375 0.0395278930664063 0.0110321044921875
0.0229606628417969 -0.00689506530761719 0.0328311920166016 0.00531959533691406
0.0206031799316406 -0.00492668151855469 0.0218086242675781 0.00751686096191406
0.025848388671875 -0.00635719299316406 0.00909042358398438 0.0147285461425781
0.0304660797119141 0.00532150268554687 -0.00500392913818359 0.0153770446777344
0.0239753723144531 0.0227890014648438 -0.019439697265625 0.000820159912109378
0.00801658630371094 0.0345458984375 -0.0143022537231445 -0.0165567398071289
-0.022308349609375 0.0326423645019531 0.0104598999023438 -0.0269203186035156
-0.0442771911621094 0.0195808410644531 0.0160760879516602 -0.00558662414550781
-0.0575714111328125 0.00386428833007812 -0.00797796249389649 0.00682687759399414
-0.0512619018554688 -0.00494766235351562 -0.00362777709960938 0.0359954833984375
-0.0392112731933594 0.0172157287597656 -0.0197525024414063 0.0378150939941406
-0.0197181701660156 0.0245132446289063 -0.00772857666015625 0.0437736511230469
-0.00341606140136719 0.0303497314453125 0.0122871398925781 0.0439300537109375
0.0137119293212891 0.0235939025878906 0.0259914398193359 0.0291900634765625
0.0282363891601563 0.0110740661621094 0.0326118469238281 0.0143508911132813
0.0303153991699219 0.00110244750976563 0.022857666015625 0.00905418395996094
0.0261116027832031 0.00210952758789063 0.0121526718139648 0.0109586715698242
0.03033447265625 0.00118637084960938 0.000345230102539066 0.0176239013671875
0.0313434600830078 0.0116310119628906 -0.0122385025024414 0.0173330307006836
0.0208511352539063 0.0257186889648438 -0.0246620178222656 0.00389480590820312
0.00487518310546875 0.0351238250732422 -0.0196247100830078 -0.0121288299560547
-0.0225772857666016 0.0298748016357422 0.00147247314453125 -0.0213069915771484
-0.0432167053222656 0.01458740234375 0.00129830837249756 0.000398755073547364
-0.0553359985351563 -0.00243759155273437 -0.0254344940185547 0.00742721557617188
-0.0447235107421875 -0.0161857604980469 -0.0249843597412109 0.0304012298583984
-0.0433731079101563 0.00432586669921875 -0.0392112731933594 0.0363044738769531
-0.0303115844726562 0.020050048828125 -0.01904296875 0.0463523864746094
-0.0130748748779297 0.0338153839111328 0.0046844482421875 0.0434188842773438
0.00823783874511719 0.0307540893554687 0.0173225402832031 0.0265884399414063
0.0277442932128906 0.0208454132080078 0.0208797454833984 0.0138378143310547
0.0324115753173828 0.00879478454589844 0.0100669860839844 0.0101480484008789
0.0270786285400391 0.00791740417480469 -0.000262260437011717 0.0126361846923828
0.0304164886474609 0.00855636596679688 -0.00914955139160156 0.0186424255371094
0.0289192199707031 0.0171585083007813 -0.0192813873291016 0.0176639556884766
0.0159721374511719 0.0277652740478516 -0.0281028747558594 0.00477218627929687
-0.000661849975585934 0.0335311889648438 -0.0214080810546875 -0.00914382934570313
-0.024993896484375 0.0234642028808594 -0.00343513488769531 -0.0143661499023438
-0.0389900207519531 0.00539779663085938 -0.0100221633911133 0.00772953033447266
-0.0485610961914063 -0.0113372802734375 -0.0412368774414063 0.00675964355468751
-0.0276660919189453 -0.0235347747802734 -0.03924560546875 0.0212631225585937
-0.0345458984375 -0.00879859924316407 -0.0534553527832031 0.029876708984375
-0.0305004119873047 0.00892448425292969 -0.0282936096191406 0.0430450439453125
-0.0199413299560547 0.0261878967285156 -0.003143310546875 0.0376701354980469
-0.000167846679687499 0.0292472839355469 0.00818634033203125 0.0206546783447266
0.0200881958007812 0.0257892608642578 0.00841808319091797 0.0104579925537109
0.0281639099121094 0.0152835845947266 -0.00333213806152344 0.00891685485839844
0.0241241455078125 0.0129222869873047 -0.0121364593505859 0.0121402740478516
0.0266628265380859 0.0140228271484375 -0.0186214447021484 0.0168972015380859
0.0236606597900391 0.0210838317871094 -0.0256786346435547 0.0140151977539063
0.0100383758544922 0.0282478332519531 -0.0295791625976563 0.00244712829589845
-0.00631141662597656 0.030364990234375 -0.0211658477783203 -0.00843620300292968
-0.0271587371826172 0.0150146484375 -0.00612831115722656 -0.00984573364257812
-0.0345191955566406 -0.00518608093261719 -0.0182685852050781 0.0102329254150391
-0.0364341735839844 -0.0219650268554687 -0.0504493713378906 0.0025482177734375
-0.00580215454101562 -0.0243778228759766 -0.0465164184570312 0.0114402770996094
-0.0147552490234375 -0.0174570083618164 -0.0586128234863281 0.0213165283203125
-0.0204277038574219 -0.00464057922363281 -0.0322113037109375 0.0381698608398438
-0.0198421478271484 0.0106945037841797 -0.00621986389160156 0.0303306579589844
-0.00802230834960938 0.0195407867431641 0.00298404693603516 0.0116996765136719
0.00786972045898437 0.0246315002441406 -0.00236248970031738 0.00419735908508301
0.0182209014892578 0.0192794799804688 -0.014735221862793 0.00541973114013672
0.0170993804931641 0.0163173675537109 -0.0224857330322266 0.0108509063720703
0.0199165344238281 0.016998291015625 -0.0274467468261719 0.0141944885253906
0.0161590576171875 0.023101806640625 -0.0318565368652344 0.00948715209960937
0.00450325012207031 0.0264225006103516 -0.0318794250488281 -0.00167655944824219
-0.0112419128417969 0.0266227722167969 -0.0203933715820313 -0.0111122131347656
-0.0290584564208984 0.00707435607910156 -0.00720691680908203 -0.00945568084716797
-0.0281105041503906 -0.0161514282226563 -0.0226802825927734 0.00867462158203125
-0.0223884582519531 -0.0313072204589844 -0.0563735961914063 -0.00447845458984375
0.0168876647949219 -0.0217876434326172 -0.0425758361816406 0.00387191772460937
0.007293701171875 -0.0216503143310547 -0.0543746948242187 0.015045166015625
-0.00497150421142578 -0.0162811279296875 -0.0300006866455078 0.0331878662109375
-0.0155000686645508 -0.00690746307373047 -0.00572586059570313 0.024139404296875
-0.0147151947021484 0.00554466247558594 0.00179719924926758 0.00570392608642578
-0.00586700439453125 0.0183944702148437 -0.00805425643920898 -0.00181722640991211
0.00564193725585938 0.0201072692871094 -0.0218772888183594 0.000413894653320316
0.007232666015625 0.0164718627929688 -0.0296840667724609 0.00671577453613282
0.0099639892578125 0.0174398422241211 -0.0344219207763672 0.00933456420898437
0.00772285461425781 0.0210323333740234 -0.036407470703125 0.00290298461914062
-0.001220703125 0.0218410491943359 -0.0340232849121094 -0.00736618041992187
-0.0139923095703125 0.0201473236083984 -0.0209312438964844 -0.0152168273925781
-0.0271968841552734 0.000198364257812502 -0.00882434844970703 -0.0129947662353516
-0.019500732421875 -0.0238666534423828 -0.0254096984863281 -7.24792480468775E-05
-0.00634384155273438 -0.0363502502441406 -0.0556411743164063 -0.0150299072265625
-0.0181980133056641 0.0299167633056641 0.0512809753417969 0.0188827514648438
0.0155906677246094 0.0287456512451172 0.0238513946533203 0.0126380920410156
0.0213203430175781 0.00145149230957031 0.00881004333496094 0.0176734924316406
0.0139989852905273 -0.0103769302368164 0.0221138000488281 0.0252532958984375
0.00580024719238281 -0.0150508880615234 0.0365104675292969 0.0159339904785156
-0.00416755676269531 -0.0196590423583984 0.041534423828125 -0.000705718994140626
-0.00452899932861328 -0.016383171081543 0.0401077270507812 -0.00725173950195313
-0.0017690658569336 -0.0152387619018555 0.0324192047119141 -0.0048065185546875
0.00286865234375 -0.0208110809326172 0.0228919982910156 0.00303840637207031
0.0163478851318359 -0.0139484405517578 0.0105752944946289 0.00742435455322266
0.0237255096435547 0.00308990478515625 -0.00395727157592773 -0.00335001945495605
0.0162754058837891 0.0182723999023438 0.00111961364746094 -0.0193996429443359
-0.00581741333007812 0.0283432006835938 0.030517578125 -0.0293445587158203
-0.0248336791992188 0.0286121368408203 0.0491104125976563 -0.0131797790527344
-0.0391883850097656 0.0205459594726563 0.0309696197509766 0.00419425964355469
-0.0359306335449219 0.0230674743652344 0.0407829284667969 0.0301933288574219
-0.00336074829101562 0.0316295623779297 0.0168743133544922 0.0235214233398438
0.0105266571044922 0.0120105743408203 0.00787353515625 0.0265522003173828
0.0116767883300781 0.00368213653564453 0.0223846435546875 0.0328617095947266
0.0109281539916992 -0.00339126586914063 0.03729248046875 0.021697998046875
0.00911998748779297 -0.0119342803955078 0.0445060729980469 0.00482177734375
0.00954723358154297 -0.0130176544189453 0.0412940979003906 -0.00152969360351563
0.0101327896118164 -0.0111513137817383 0.0318603515625 0.000564575195312499
0.015894889831543 -0.0147256851196289 0.0203933715820313 0.00892066955566406
0.0262184143066406 -0.00422286987304688 0.00610542297363281 0.0125656127929688
0.0261478424072266 0.0146598815917969 -0.0103673934936523 0.000684738159179689
0.0133247375488281 0.0298080444335938 -0.00662326812744141 -0.0164270401000976
-0.0165882110595703 0.0338478088378906 0.0202598571777344 -0.0289783477783203
-0.039642333984375 0.0269432067871094 0.0347442626953125 -0.0104789733886719
-0.0535430908203125 0.0152091979980469 0.0142478942871094 0.00792598724365235
-0.0496253967285156 0.0106277465820312 0.0227279663085937 0.0376472473144531
-0.0245876312255859 0.0279121398925781 0.00351524353027343 0.0340900421142578
-0.00498199462890625 0.0216846466064453 0.00362396240234375 0.0364952087402344
0.00580978393554688 0.0196819305419922 0.0205078125 0.0401382446289063
0.0147218704223633 0.0113544464111328 0.035400390625 0.026885986328125
0.0214042663574219 -0.00114822387695313 0.0427627563476562 0.00969696044921875
0.0231552124023438 -0.00753021240234375 0.0362586975097656 0.00380325317382812
0.0211524963378906 -0.005126953125 0.0257987976074219 0.00589370727539063
0.0264663696289063 -0.00767898559570313 0.0137805938720703 0.0141353607177734
0.0317668914794922 0.00406265258789063 -0.000373840332031249 0.0168333053588867
0.026153564453125 0.0225563049316406 -0.0168447494506836 0.00414085388183594
0.0103340148925781 0.0361213684082031 -0.0141887664794922 -0.0129203796386719
-0.0215377807617188 0.0358848571777344 0.00923728942871094 -0.0261306762695312
-0.0462532043457031 0.0238761901855469 0.0181312561035156 -0.00512123107910156
-0.0603065490722656 0.00846481323242188 -0.00469589233398438 0.0100879669189453
-0.0545578002929688 -0.00333786010742187 0.000858306884765618 0.0400161743164063
-0.0412025451660156 0.0185928344726563 -0.0155830383300781 0.0401992797851563
-0.0213241577148438 0.0259475708007813 -0.00493240356445313 0.0441818237304687
-0.0028076171875 0.0326004028320313 0.0148696899414062 0.0445480346679688
0.0145988464355469 0.0244026184082031 0.0288219451904297 0.0289764404296875
0.0296230316162109 0.0112495422363281 0.0357856750488281 0.01312255859375
0.0318984985351562 -0.000171661376953125 0.0265426635742188 0.00759696960449219
0.0283908843994141 0.00118064880371094 0.0155086517333984 0.00982284545898438
0.03253173828125 0.000659942626953125 0.00453090667724609 0.0172719955444336
0.0338325500488281 0.0113315582275391 -0.00755119323730469 0.0185546875
0.0236587524414063 0.0269279479980469 -0.0216598510742188 0.00681304931640625
0.00687408447265625 0.0375289916992188 -0.0188369750976563 -0.00900077819824218
-0.023162841796875 0.0331077575683594 0.000926971435546872 -0.0199680328369141
-0.0463714599609375 0.0181159973144531 0.00329518318176269 0.00197815895080567
-0.0594940185546875 0.00052642822265626 -0.0230884552001953 0.0117607116699219
-0.0496253967285156 -0.0169754028320313 -0.0223522186279297 0.0348739624023438
-0.0475883483886719 0.00498580932617188 -0.0364341735839844 0.0403022766113281
-0.0327625274658203 0.02252197265625 -0.0157470703125 0.0477638244628906
-0.0131340026855469 0.0372161865234375 0.006927490234375 0.0439834594726562
0.00995635986328125 0.0330886840820313 0.0195388793945313 0.0264511108398438
0.0309543609619141 0.0213680267333984 0.0236110687255859 0.0127182006835938
0.03607177734375 0.0078582763671875 0.012171745300293 0.00962257385253906
0.03057861328125 0.00729179382324219 0.00265121459960938 0.0125789642333984
0.0340824127197266 0.00821685791015625 -0.00634574890136719 0.0184288024902344
0.0322589874267578 0.0174369812011719 -0.0157089233398438 0.0182876586914062
0.0190544128417969 0.0300102233886719 -0.0256824493408203 0.00707626342773438
0.00108718872070313 0.0367660522460937 -0.0206470489501953 -0.00641822814941406
-0.0262718200683594 0.0268402099609375 -0.0033416748046875 -0.0130453109741211
-0.0440177917480469 0.00826644897460938 -0.00807476043701172 0.0100507736206055
-0.0536308288574219 -0.00989532470703124 -0.039581298828125 0.0112113952636719
-0.0330886840820313 -0.0260906219482422 -0.0390205383300781 0.0262641906738281
-0.040283203125 -0.00963592529296876 -0.0517578125 0.0345954895019531
-0.0343399047851563 0.0108451843261719 -0.0253028869628906 0.0452308654785156
-0.0208110809326172 0.0303001403808594 -0.00143051147460938 0.0386810302734375
0.00124931335449219 0.0332164764404297 0.00991439819335938 0.0203456878662109
0.02484130859375 0.0274982452392578 0.0100574493408203 0.00985240936279297
0.0327358245849609 0.0143699645996094 -0.00203800201416015 0.00890922546386719
0.0281658172607422 0.0127143859863281 -0.0107336044311523 0.0127630233764648
0.0317001342773438 0.01336669921875 -0.0172185897827148 0.0171308517456055
0.0279827117919922 0.0221729278564453 -0.0233497619628906 0.0147724151611328
0.0132884979248047 0.0311393737792969 -0.0277500152587891 0.00388336181640625
-0.00481605529785157 0.0347061157226563 -0.019805908203125 -0.006866455078125
-0.0295734405517578 0.0195446014404297 -0.00546646118164063 -0.00838470458984375
-0.0403327941894531 -0.00372314453125 -0.0170087814331055 0.0128173828125
-0.0428810119628906 -0.02203369140625 -0.0510063171386719 0.00641250610351563
-0.0100250244140625 -0.0286293029785156 -0.0485000610351563 0.0148963928222656
-0.0202484130859375 -0.0198287963867188 -0.0591506958007812 0.0259780883789062
-0.02471923828125 -0.00384330749511719 -0.0298309326171875 0.0399360656738281
-0.0222988128662109 0.0145149230957031 -0.00543785095214844 0.0303668975830078
-0.007293701171875 0.0234470367431641 0.00295639038085938 0.0117092132568359
0.0118675231933594 0.0271167755126953 -0.00244641304016113 0.00424885749816895
0.0233325958251953 0.0191135406494141 -0.0153713226318359 0.00631237030029297
0.0209217071533203 0.0159206390380859 -0.0221023559570312 0.0119647979736328
0.0241775512695313 0.0170478820800781 -0.0270805358886719 0.0152263641357422
0.0210895538330078 0.0236129760742188 -0.0304508209228516 0.010223388671875
0.00732994079589844 0.0291461944580078 -0.0313987731933594 -0.000600814819335942
-0.00982666015625 0.0305538177490234 -0.0200710296630859 -0.0100498199462891
-0.0320091247558594 0.0111732482910156 -0.00656700134277344 -0.00794887542724609
-0.0339336395263672 -0.0153427124023437 -0.0227909088134766 0.0107994079589844
-0.0289649963378906 -0.0324382781982422 -0.0584754943847656 -0.00149154663085937
0.0149211883544922 -0.0274162292480469 -0.046112060546875 0.00635147094726562
0.00335693359375 -0.0259876251220703 -0.0560150146484375 0.0185813903808594
-0.00902271270751953 -0.0173311233520508 -0.0283317565917969 0.0346393585205078
-0.0189208984375 -0.00435066223144532 -0.00462150573730469 0.0233173370361328
-0.0151910781860352 0.00951099395751953 0.00116920471191406 0.00467967987060547
-0.00258064270019531 0.0217990875244141 -0.00931835174560547 -0.00239181518554687
0.00997161865234375 0.0204944610595703 -0.0235462188720703 0.00169944763183593
0.0109786987304688 0.0166654586791992 -0.0308494567871094 0.00861358642578124
0.0142307281494141 0.0177555084228516 -0.0357589721679688 0.0112152099609375
0.0118846893310547 0.0218734741210938 -0.0372390747070313 0.00384140014648437
0.00183486938476563 0.0242977142333984 -0.0342121124267578 -0.00674247741699218
-0.0125198364257813 0.0237541198730469 -0.0207271575927734 -0.0149059295654297
-0.0295276641845703 0.00345420837402344 -0.00882244110107422 -0.0119457244873047
-0.02459716796875 -0.0234394073486328 -0.0268344879150391 0.00185775756835938
-0.0117988586425781 -0.0383148193359375 -0.0594711303710938 -0.0139884948730469
-0.0149879455566406 0.0319881439208984 0.0559539794921875 0.0184440612792969
0.0191745758056641 0.0276813507080078 0.0267906188964844 0.010833740234375
0.0222206115722656 -0.00123023986816406 0.00914573669433594 0.0173425674438477
0.0129947662353516 -0.012690544128418 0.0228672027587891 0.0263214111328125
0.00360107421875 -0.0164632797241211 0.0382843017578125 0.0163612365722656
-0.00728034973144532 -0.0192527770996094 0.0437202453613281 -0.000507354736328126
-0.00652790069580078 -0.01568603515625 0.0433998107910156 -0.0092926025390625
-0.00379276275634766 -0.0143203735351562 0.0352668762207031 -0.00663375854492188
-0.000402450561523439 -0.0206260681152344 0.0264492034912109 0.001922607421875
0.0145063400268555 -0.0162057876586914 0.0138645172119141 0.00750160217285156
0.0244140625 0.00040435791015625 -0.00222039222717285 -0.0015254020690918
0.0185737609863281 0.0165176391601563 0.00156688690185547 -0.0174713134765625
-0.00258445739746094 0.0301303863525391 0.0300312042236328 -0.0293407440185547
-0.0226497650146484 0.0327682495117188 0.0513229370117188 -0.0155487060546875
-0.0376968383789063 0.0254058837890625 0.0355987548828125 0.004302978515625
-0.0351047515869141 0.0249919891357422 0.0468826293945313 0.03021240234375
-0.00169754028320313 0.0312385559082031 0.0206069946289062 0.0228347778320313
0.0100173950195313 0.0102720260620117 0.00908470153808594 0.0261402130126953
0.0108308792114258 0.00282382965087891 0.0240364074707031 0.0339527130126953
0.00952816009521484 -0.00368595123291016 0.0397758483886719 0.0224418640136719
0.00758647918701172 -0.0121364593505859 0.0473251342773438 0.00415802001953125
0.00875473022460938 -0.0128669738769531 0.0450592041015625 -0.00394821166992188
0.00914859771728516 -0.0109395980834961 0.0352554321289063 -0.00165939331054688
0.014765739440918 -0.0155115127563477 0.0244331359863281 0.00775146484375
0.0260715484619141 -0.00606727600097656 0.0106287002563477 0.0131855010986328
0.0278873443603516 0.0131607055664063 -0.00763463973999023 0.00275802612304687
0.015869140625 0.0297012329101563 -0.00655269622802734 -0.0142269134521484
-0.0145759582519531 0.0366325378417969 0.0195960998535156 -0.0284347534179687
-0.0396652221679688 0.0312995910644531 0.0367546081542969 -0.0114707946777344
-0.0547943115234375 0.019683837890625 0.0189952850341797 0.00924301147460938
-0.0515365600585938 0.0123634338378906 0.0282020568847656 0.0394248962402344
-0.0252857208251953 0.0289936065673828 0.00711250305175781 0.03399658203125
-0.00572776794433593 0.0217952728271484 0.00499343872070313 0.0362739562988281
0.00543594360351563 0.0205135345458984 0.0224685668945312 0.0410118103027344
0.0146398544311523 0.0119123458862305 0.0383796691894531 0.0271453857421875
0.0219154357910156 -0.0008087158203125 0.0465011596679688 0.00886917114257813
0.0237045288085938 -0.00782966613769531 0.0397605895996094 0.00169754028320312
0.0221462249755859 -0.00540542602539063 0.0292167663574219 0.00438117980957031
0.0270519256591797 -0.00805854797363281 0.0178794860839844 0.0127048492431641
0.0332374572753906 0.0032501220703125 0.00390338897705078 0.0172815322875977
0.0280609130859375 0.0223922729492187 -0.0140590667724609 0.00646591186523438
0.012603759765625 0.0377655029296875 -0.0131072998046875 -0.010533332824707
-0.02099609375 0.038909912109375 0.00915908813476562 -0.0254783630371094
-0.04779052734375 0.0279922485351562 0.020599365234375 -0.00489425659179687
-0.0633010864257813 0.0122604370117188 -0.000819206237792972 0.012974739074707
-0.0585784912109375 -0.00275802612304687 0.00519180297851563 0.0427436828613281
-0.0445060729980469 0.0203857421875 -0.0123138427734375 0.04193115234375
-0.0229721069335937 0.0273418426513672 -0.0032806396484375 0.0445289611816406
-0.00301170349121094 0.0348548889160156 0.0164146423339844 0.0454444885253906
0.0157375335693359 0.0266609191894531 0.0318107604980469 0.0294837951660156
0.0314350128173828 0.0115089416503906 0.0391883850097656 0.0120697021484375
0.0345649719238281 -0.000736236572265625 0.0300216674804688 0.00606536865234375
0.0304889678955078 0.00117111206054687 0.0182895660400391 0.00830078125
0.0351638793945313 0.0002288818359375 0.00791454315185547 0.0158367156982422
0.0368309020996094 0.011505126953125 -0.0037994384765625 0.0185317993164062
0.0260295867919922 0.0282478332519531 -0.0188827514648438 0.00806808471679688
0.0089111328125 0.0398712158203125 -0.0173854827880859 -0.00638294219970703
-0.02435302734375 0.0362892150878906 0.00114631652832031 -0.0192375183105469
-0.050018310546875 0.0213127136230469 0.00574779510498047 0.00276994705200195
-0.0642662048339844 0.00364303588867187 -0.0202388763427734 0.0145492553710938
-0.0546150207519531 -0.0174980163574219 -0.0197639465332031 0.0392074584960938
-0.05291748046875 0.00658416748046875 -0.0334968566894531 0.0428123474121094
-0.0356674194335938 0.0248832702636719 -0.0140571594238281 0.0482177734375
-0.01416015625 0.0410499572753906 0.0081939697265625 0.0454330444335938
0.0114059448242188 0.0361404418945313 0.0215415954589844 0.0266952514648438
0.0343894958496094 0.0223045349121094 0.0261898040771484 0.0122642517089844
0.0394363403320313 0.00652313232421875 0.0146160125732422 0.00873470306396484
0.0341567993164063 0.00742340087890625 0.00454521179199219 0.0116367340087891
0.0381431579589844 0.0073699951171875 -0.00379180908203125 0.0176277160644531
0.0369987487792969 0.0179519653320313 -0.0128841400146484 0.0181808471679688
0.0223712921142578 0.0322494506835938 -0.0228519439697266 0.00793838500976563
0.00306320190429688 0.0403327941894531 -0.0186824798583984 -0.00498771667480468
-0.028533935546875 0.0306224822998047 -0.00201225280761719 -0.0118322372436523
-0.0491294860839844 0.0112152099609375 -0.00609397888183594 0.0114955902099609
-0.0593185424804688 -0.00840377807617188 -0.0382423400878906 0.0139083862304688
-0.0388603210449219 -0.0279426574707031 -0.0390548706054688 0.0301666259765625
-0.0460319519042969 -0.00895690917968751 -0.0510597229003906 0.0374298095703125
-0.0383529663085938 0.0128173828125 -0.0239334106445313 0.0462532043457031
-0.0224266052246094 0.0347690582275391 -0.000438690185546873 0.0392341613769531
0.0031280517578125 0.0367584228515625 0.0103950500488281 0.0204048156738281
0.0290317535400391 0.0288791656494141 0.0112485885620117 0.00927925109863281
0.0372123718261719 0.0138282775878906 -0.00114345550537109 0.0090484619140625
0.0323753356933594 0.0119285583496094 -0.00980758666992187 0.0128860473632813
0.0363082885742188 0.0125579833984375 -0.0160341262817383 0.0175199508666992
0.0329265594482422 0.0224819183349609 -0.021697998046875 0.0144424438476563
0.0168476104736328 0.0337028503417969 -0.0262222290039062 0.004180908203125
-0.003021240234375 0.0389289855957031 -0.0186977386474609 -0.00639724731445313
-0.0319938659667969 0.0235404968261719 -0.00416183471679688 -0.00792312622070313
-0.0461845397949219 -0.00109100341796874 -0.0153951644897461 0.0147504806518555
-0.049468994140625 -0.0214157104492188 -0.0508232116699219 0.00905990600585937
-0.0155029296875 -0.0321636199951172 -0.0505256652832031 0.0192184448242187
-0.0262870788574219 -0.0216464996337891 -0.0598030090332031 0.0291061401367188
-0.0293846130371094 -0.00300216674804688 -0.0283393859863281 0.0411224365234375
-0.0248317718505859 0.0184707641601562 -0.00543785095214844 0.030731201171875
-0.00656318664550781 0.027862548828125 0.00265789031982422 0.0113859176635742
0.0164260864257812 0.0293464660644531 -0.00258755683898926 0.00382590293884278
0.0275440216064453 0.0187339782714844 -0.0161638259887695 0.00753211975097657
0.0252876281738281 0.0151882171630859 -0.02276611328125 0.0127677917480469
0.0291004180908203 0.0165729522705078 -0.0274238586425781 0.0156192779541016
0.02593994140625 0.0244235992431641 -0.0307826995849609 0.0101718902587891
0.0106945037841797 0.0319766998291016 -0.0310020446777344 -0.000911712646484378
-0.00818061828613282 0.0348110198974609 -0.0194568634033203 -0.009857177734375
-0.0337295532226563 0.0152950286865234 -0.00527381896972656 -0.00780439376831055
-0.0400276184082031 -0.0135612487792969 -0.022613525390625 0.0129127502441406
-0.0354042053222656 -0.0324821472167969 -0.060302734375 -4.57763671874897E-05
0.0115280151367187 -0.0315933227539063 -0.0501441955566406 0.00894165039062501
-0.00114059448242187 -0.0289230346679688 -0.0582122802734375 0.021575927734375
-0.013031005859375 -0.0177383422851563 -0.0274391174316406 0.0354804992675781
-0.0212898254394531 -0.00168228149414062 -0.00514411926269532 0.0225982666015625
-0.0149803161621094 0.0132684707641602 -3.43322753906256E-05 0.00380802154541016
0.001251220703125 0.0241813659667969 -0.0115423202514648 -0.00224113464355469
0.0140724182128906 0.0207576751708984 -0.0263214111328125 0.00304031372070313
0.0148591995239258 0.0164155960083008 -0.0323047637939453 0.0105648040771484
0.01806640625 0.0173149108886719 -0.037078857421875 0.0120697021484375
0.0159988403320313 0.0222396850585938 -0.0388412475585938 0.00357818603515625
0.00464439392089844 0.0263519287109375 -0.0349197387695313 -0.00699615478515626
-0.0107650756835937 0.0270919799804688 -0.0211315155029297 -0.0154056549072266
-0.0310325622558594 0.00701141357421875 -0.00824069976806641 -0.0113315582275391
-0.0296840667724609 -0.0225830078125 -0.0281047821044922 0.00390243530273437
-0.0170173645019531 -0.0397758483886719 -0.0632095336914063 -0.0129013061523438
-0.0123920440673828 0.0335235595703125 0.0620460510253906 0.0177726745605469
0.0225887298583984 0.0258731842041016 0.0299129486083984 0.00906181335449219
0.0227012634277344 -0.00409889221191406 0.00931358337402344 0.0172433853149414
0.011505126953125 -0.0149497985839844 0.0244197845458984 0.0279922485351563
0.00122833251953125 -0.0167922973632813 0.0401649475097656 0.0176162719726563
-0.00984764099121094 -0.0189228057861328 0.0474128723144531 -0.000934600830078126
-0.00918483734130859 -0.0147247314453125 0.0470466613769531 -0.0110931396484375
-0.00619316101074219 -0.0141258239746094 0.0384254455566406 -0.00916671752929687
-0.00284767150878906 -0.0211372375488281 0.0305633544921875 -0.000213623046875001
0.0126171112060547 -0.0178432464599609 0.0176753997802734 0.00716209411621094
0.0251598358154297 -0.00244331359863281 0.000808000564575197 -0.000445187091827393
0.0218601226806641 0.0151729583740234 0.0024871826171875 -0.0169076919555664
0.00114631652832031 0.0317821502685547 0.0308456420898438 -0.0306282043457031
-0.0196495056152344 0.0374641418457031 0.0544548034667969 -0.0181388854980469
-0.0362052917480469 0.0298576354980469 0.0412406921386719 0.00332260131835938
-0.0351486206054688 0.0268287658691406 0.0525665283203125 0.0311737060546875
-0.00012969970703125 0.0315494537353516 0.0239124298095703 0.0209922790527344
0.00992774963378906 0.00950145721435547 0.00966262817382813 0.0263214111328125
0.0097208023071289 0.00264644622802734 0.025665283203125 0.0362510681152344
0.00887584686279297 -0.00318145751953125 0.0435523986816406 0.0231094360351562
0.00575065612792969 -0.0117950439453125 0.0522994995117188 0.00321197509765625
0.00824546813964844 -0.0128145217895508 0.0491142272949219 -0.00634002685546875
0.00935649871826172 -0.0109310150146484 0.0391960144042969 -0.00437164306640625
0.0140247344970703 -0.0161123275756836 0.0290641784667969 0.00533103942871094
0.0260543823242188 -0.00710296630859375 0.0151281356811523 0.0128240585327148
0.0295696258544922 0.0121631622314453 -0.00461101531982422 0.00413799285888672
0.0186672210693359 0.0300998687744141 -0.00472068786621093 -0.0123805999755859
-0.0123786926269531 0.0393028259277344 0.0202274322509766 -0.0288887023925781
-0.0395050048828125 0.0364990234375 0.0407676696777344 -0.013153076171875
-0.0557098388671875 0.0241546630859375 0.0243911743164062 0.00937271118164063
-0.054412841796875 0.0138969421386719 0.0342864990234375 0.0414161682128906
-0.0264263153076172 0.0309581756591797 0.0108165740966797 0.0340499877929688
-0.00750923156738282 0.0228004455566406 0.0063629150390625 0.0370101928710937
0.00520896911621094 0.0222339630126953 0.02447509765625 0.0433502197265625
0.0150852203369141 0.0132551193237305 0.0414314270019531 0.0279579162597656
0.0227222442626953 -0.000879287719726563 0.0505599975585938 0.00753402709960937
0.0248565673828125 -0.00806427001953125 0.0450019836425781 -0.000961303710937501
0.0236854553222656 -0.00561714172363281 0.0331745147705078 0.00139236450195312
0.0287532806396484 -0.00817108154296875 0.0223255157470703 0.0109462738037109
0.0354957580566406 0.00256729125976562 0.00846290588378906 0.0168075561523438
0.0309524536132812 0.02294921875 -0.0108757019042969 0.00727367401123047
0.0157890319824219 0.0395622253417969 -0.0110998153686523 -0.00858783721923828
-0.0206108093261719 0.0426864624023438 0.0098724365234375 -0.0248756408691406
-0.0507354736328125 0.0331306457519531 0.0238037109375 -0.00556373596191406
-0.0670127868652344 0.0166549682617188 0.00387001037597656 0.014190673828125
-0.0642356872558594 -0.00152969360351562 0.00952148437499999 0.0456733703613281
-0.0482902526855469 0.0227394104003906 -0.00953292846679688 0.0427894592285156
-0.0255870819091797 0.0303707122802734 -0.00182342529296875 0.0453948974609375
-0.00340652465820313 0.0382881164550781 0.0185546875 0.0475959777832031
0.0172653198242188 0.0291404724121094 0.0343723297119141 0.0299873352050781
0.0344657897949219 0.0118026733398438 0.0425872802734375 0.0110549926757813
0.0377082824707031 -0.0017852783203125 0.0334510803222656 0.00406265258789063
0.0339012145996094 0.000123977661132813 0.0214118957519531 0.00606727600097656
0.0387649536132812 -0.000598907470703125 0.0112781524658203 0.0144166946411133
0.0401649475097656 0.0111923217773438 -0.000110626220703124 0.0181007385253906
0.0292587280273438 0.0303630828857422 -0.0164918899536133 0.00911998748779297
0.0112876892089844 0.0438652038574219 -0.0153398513793945 -0.00534629821777343
-0.0255165100097656 0.040985107421875 0.00251007080078125 -0.0184612274169922
-0.0543060302734375 0.0259780883789063 0.00830554962158203 0.00338268280029297
-0.0695610046386719 0.00694656372070313 -0.0173988342285156 0.016937255859375
-0.0618934631347656 -0.01727294921875 -0.0172195434570313 0.0427207946777344
-0.0585899353027344 0.0089263916015625 -0.0320205688476563 0.0453720092773437
-0.0395431518554688 0.0283317565917969 -0.012847900390625 0.0496940612792969
-0.0138473510742188 0.04638671875 0.00957107543945312 0.0469894409179688
0.0134353637695312 0.0393104553222656 0.0231666564941406 0.0271511077880859
0.0387039184570313 0.0231361389160156 0.0286273956298828 0.0110206604003906
0.0435523986816406 0.00547027587890625 0.0172080993652344 0.00792407989501953
0.03826904296875 0.00592803955078125 0.00655555725097657 0.0105781555175781
0.0431938171386719 0.00661849975585938 -0.00175189971923828 0.0167169570922852
0.0417709350585938 0.0182380676269531 -0.0106048583984375 0.0177211761474609
0.0262832641601563 0.0351829528808594 -0.0212974548339844 0.00822067260742188
0.00567626953125 0.0452423095703125 -0.0174789428710938 -0.00469684600830078
-0.0303802490234375 0.0353584289550781 -0.000754356384277344 -0.0119342803955078
-0.0545425415039062 0.0151443481445313 -0.00374889373779297 0.0127048492431641
-0.0655059814453125 -0.00615692138671876 -0.0368003845214844 0.016937255859375
-0.0461196899414063 -0.0290908813476563 -0.0396575927734375 0.0349044799804688
-0.0535545349121094 -0.00773620605468751 -0.0512123107910156 0.0410194396972656
-0.0433082580566406 0.0161514282226563 -0.0230216979980469 0.048095703125
-0.0233001708984375 0.0399894714355469 -0.000183105468749999 0.0407257080078125
0.005279541015625 0.0409507751464844 0.0116920471191406 0.0210590362548828
0.0341434478759766 0.0299110412597656 0.012110710144043 0.00898170471191406
0.0419578552246094 0.011962890625 -0.000410079956054684 0.00887775421142578
0.0371665954589844 0.0106430053710938 -0.00908184051513671 0.0129547119140625
0.0417098999023438 0.0115776062011719 -0.0160770416259766 0.0170488357543945
0.0382881164550781 0.0225143432617188 -0.0215396881103516 0.0140380859375
0.0209426879882813 0.0363922119140625 -0.0258026123046875 0.0035247802734375
-0.000877380371093748 0.0438270568847656 -0.0179271697998047 -0.00629234313964844
-0.0342979431152344 0.02801513671875 -0.00277233123779297 -0.00779390335083008
-0.052154541015625 0.00233078002929688 -0.0141592025756836 0.0163078308105469
-0.0561294555664062 -0.0201835632324219 -0.0517234802246094 0.0114707946777344
-0.0203151702880859 -0.0350322723388672 -0.0525779724121094 0.0222511291503906
-0.0332145690917969 -0.0212345123291016 -0.0617103576660156 0.0328598022460938
-0.0345458984375 -0.000621795654296879 -0.0286483764648438 0.0429878234863281
-0.0267753601074219 0.0230693817138672 -0.00538253784179688 0.0317745208740234
-0.00482749938964844 0.0320320129394531 0.00212287902832031 0.0114173889160156
0.0214519500732422 0.0308399200439453 -0.00348877906799316 0.00351285934448242
0.0324268341064453 0.0176506042480469 -0.0170888900756836 0.00803089141845703
0.0294837951660156 0.0136547088623047 -0.0241889953613281 0.0139427185058594
0.0340023040771484 0.0155124664306641 -0.0291481018066406 0.0163898468017578
0.0311031341552734 0.0241165161132813 -0.0318489074707031 0.00958061218261718
0.0148124694824219 0.0349788665771484 -0.0318775177001953 -0.00131797790527343
-0.00585556030273438 0.0393295288085938 -0.0192832946777344 -0.0107517242431641
-0.0357627868652344 0.0195884704589844 -0.00436115264892578 -0.008087158203125
-0.0463180541992187 -0.0105972290039063 -0.0223159790039063 0.0151519775390625
-0.0419349670410156 -0.0331153869628906 -0.06390380859375 0.00231552124023437
0.00790786743164063 -0.0352325439453125 -0.0542869567871094 0.0111083984375
-0.00619316101074218 -0.0311775207519531 -0.06103515625 0.0243301391601562
-0.0173969268798828 -0.0177192687988281 -0.027740478515625 0.0366325378417969
-0.0244789123535156 0.0018157958984375 -0.0061492919921875 0.0227108001708984
-0.0143642425537109 0.0170211791992188 -0.00195407867431641 0.00294899940490723
0.00512313842773438 0.0261917114257812 -0.0135688781738281 -0.00207424163818359
0.0181388854980469 0.0200424194335938 -0.0286102294921875 0.00491142272949219
0.0181770324707031 0.0156707763671875 -0.0351238250732422 0.0126190185546875
0.02166748046875 0.0167770385742188 -0.03973388671875 0.0134086608886719
0.0203990936279297 0.0220966339111328 -0.0410194396972656 0.00400543212890624
0.00829887390136719 0.0285968780517578 -0.036407470703125 -0.0074462890625
-0.00866508483886719 0.0309467315673828 -0.0214672088623047 -0.0164451599121094
-0.0331649780273438 0.0105018615722656 -0.00780391693115235 -0.0115442276000977
-0.0357818603515625 -0.020538330078125 -0.0297660827636719 0.00656318664550781
-0.0228652954101562 -0.0407829284667969 -0.0675277709960938 -0.0120201110839844
-0.00932693481445313 0.0354843139648438 0.0688095092773438 0.0155143737792969
0.0263080596923828 0.0250949859619141 0.0324859619140625 0.00634002685546875
0.0230464935302734 -0.00676918029785156 0.00990772247314453 0.017277717590332
0.0103521347045898 -0.0169811248779297 0.0265140533447266 0.0292606353759766
-0.00110816955566406 -0.0180397033691406 0.0448760986328125 0.0177078247070313
-0.01361083984375 -0.0175418853759766 0.0521507263183594 -0.00302886962890625
-0.0111856460571289 -0.0136451721191406 0.0512046813964844 -0.0156326293945313
-0.00797367095947266 -0.0131769180297852 0.0421676635742187 -0.0133399963378906
-0.00618553161621094 -0.0207347869873047 0.0342369079589844 -0.0035400390625
0.010467529296875 -0.0199985504150391 0.0217933654785156 0.00560569763183594
0.0251941680908203 -0.00581169128417969 0.00338864326477051 -5.07831573486332E-05
0.0238780975341797 0.0126914978027344 0.00411891937255859 -0.0158929824829102
0.00467491149902344 0.0332107543945313 0.0317401885986328 -0.0324630737304688
-0.0163307189941406 0.0417022705078125 0.0585250854492188 -0.0218544006347656
-0.0342292785644531 0.0351352691650391 0.0477828979492187 0.00100326538085938
-0.0351753234863281 0.0295257568359375 0.0603981018066406 0.0303459167480469
0.00131988525390625 0.0319709777832031 0.0276947021484375 0.0196437835693359
0.00975513458251953 0.00857830047607422 0.0109100341796875 0.0265884399414062
0.00943183898925781 0.00244140625 0.029052734375 0.0376815795898438
0.00818634033203125 -0.00321388244628906 0.0478858947753906 0.0236587524414063
0.00516605377197266 -0.0107755661010742 0.0567245483398438 0.0011749267578125
0.00762271881103516 -0.0125341415405273 0.0538787841796875 -0.0107269287109375
0.00968647003173828 -0.0109977722167969 0.0430908203125 -0.00897598266601563
0.0137138366699219 -0.0167093276977539 0.0337886810302734 0.00211334228515625
0.0265388488769531 -0.00891876220703125 0.0197639465332031 0.0112724304199219
0.0311927795410156 0.0103168487548828 -0.0010385513305664 0.0048370361328125
0.0213737487792969 0.0302696228027344 -0.00279808044433594 -0.0112581253051758
-0.0106277465820312 0.04296875 0.0208282470703125 -0.0297527313232422
-0.0389328002929687 0.0423583984375 0.0440711975097656 -0.0160675048828125
-0.0571479797363281 0.0303497314453125 0.0307273864746094 0.00880622863769532
-0.0578460693359375 0.0176658630371094 0.0412940979003906 0.0422325134277344
-0.0277309417724609 0.0334377288818359 0.0147075653076172 0.0340576171875
-0.00812911987304688 0.0247955322265625 0.00811386108398437 0.0376434326171875
0.00555610656738281 0.0244922637939453 0.0275154113769531 0.0451736450195313
0.0165081024169922 0.0145654678344727 0.04620361328125 0.0280570983886719
0.0237312316894531 -0.00074005126953125 0.0556564331054688 0.00497817993164063
0.0263404846191406 -0.00962066650390625 0.0494461059570313 -0.00481796264648438
0.0255947113037109 -0.00696945190429688 0.0367622375488281 -0.00307083129882813
0.0306491851806641 -0.00994873046875 0.0262660980224609 0.00757980346679687
0.0386390686035156 0.00106048583984375 0.0127944946289063 0.0155487060546875
0.0345306396484375 0.0232391357421875 -0.00742197036743164 0.00812864303588867
0.0189933776855469 0.0416336059570312 -0.00919342041015625 -0.00777339935302734
-0.0198211669921875 0.0476646423339844 0.0108184814453125 -0.0259170532226562
-0.0528793334960937 0.0396232604980469 0.02740478515625 -0.00761222839355468
-0.0710220336914063 0.022552490234375 0.00911140441894531 0.0149526596069336
-0.0704269409179688 0.00152587890624999 0.0150871276855469 0.0487861633300781
-0.0521202087402344 0.0271148681640625 -0.0062408447265625 0.0446891784667969
-0.0274620056152344 0.0343513488769531 -4.57763671874969E-05 0.046905517578125
-0.00241470336914062 0.0429725646972656 0.0214500427246094 0.0501785278320313
0.0202369689941406 0.0317916870117188 0.0386734008789063 0.0307197570800781
0.0382270812988281 0.0111045837402344 0.0464973449707031 0.00857925415039062
0.0412216186523438 -0.0038604736328125 0.0372390747070313 0.00112152099609375
0.037567138671875 -0.00177001953125 0.0245018005371094 0.00338363647460938
0.0424995422363281 -0.00299453735351563 0.0143346786499023 0.0121774673461914
0.0452728271484375 0.00980758666992188 0.00302791595458985 0.0169973373413086
0.0348720550537109 0.0315628051757813 -0.0135011672973633 0.00924968719482422
0.0154495239257813 0.0475006103515625 -0.0139646530151367 -0.00443363189697265
-0.0253829956054688 0.0470809936523438 0.00376701354980468 -0.0196781158447266
-0.0589141845703125 0.0329208374023437 0.0118398666381836 0.00307178497314453
-0.075927734375 0.0123062133789062 -0.0137577056884766 0.0191993713378906
-0.0701408386230469 -0.0149803161621094 -0.0144271850585937 0.0469436645507813
-0.0652046203613281 0.0135040283203125 -0.0305862426757813 0.0488777160644531
-0.0434303283691406 0.03399658203125 -0.0120697021484375 0.0518951416015625
-0.0131683349609375 0.0523223876953125 0.0120429992675781 0.0496864318847656
0.0177268981933594 0.043853759765625 0.0261878967285156 0.0277843475341797
0.0442352294921875 0.02227783203125 0.0310440063476563 0.00918388366699219
0.04833984375 0.00250244140625 0.0195198059082031 0.00647544860839844
0.0432052612304688 0.0038909912109375 0.00792026519775391 0.00947284698486328
0.0486679077148438 0.003997802734375 -0.00056648254394531 0.0156335830688477
0.0474739074707031 0.0164909362792969 -0.00872039794921875 0.0166835784912109
0.0317268371582031 0.0371513366699219 -0.0204067230224609 0.00808906555175781
0.00979232788085938 0.0500946044921875 -0.0159788131713867 -0.00407218933105468
-0.0314216613769531 0.0418243408203125 0.000448226928710936 -0.0127992630004883
-0.0608329772949219 0.0216789245605469 -0.000904083251953128 0.013580322265625
-0.0736083984375 -0.00130462646484375 -0.0351943969726563 0.0195350646972656
-0.0544281005859375 -0.0286483764648438 -0.0396232604980469 0.0398788452148438
-0.0612640380859375 -0.00465011596679687 -0.0515365600585938 0.0460853576660156
-0.0478858947753906 0.0213356018066406 -0.0226936340332031 0.0503959655761719
-0.0232810974121094 0.0470314025878906 0.00101089477539062 0.0432395935058594
0.00901412963867188 0.0456962585449219 0.0121879577636719 0.0213356018066406
0.0405120849609375 0.0303306579589844 0.0131998062133789 0.00821208953857422
0.0477371215820312 0.0096435546875 -0.000102996826171873 0.00930309295654297
0.0415687561035156 0.0083160400390625 -0.00935077667236328 0.0131492614746094
0.0473060607910156 0.00920867919921875 -0.0159835815429688 0.0174837112426758
0.0448036193847656 0.0212631225585938 -0.0210762023925781 0.0144691467285156
0.0267868041992188 0.0390586853027344 -0.0261631011962891 0.00372886657714844
0.00341796875000001 0.0488395690917969 -0.0175466537475586 -0.00663280487060547
-0.03582763671875 0.0340805053710938 -0.00205516815185547 -0.0089111328125
-0.0590667724609375 0.00776672363281249 -0.0121250152587891 0.0183143615722656
-0.0645179748535156 -0.016693115234375 -0.0530815124511719 0.0149307250976563
-0.02801513671875 -0.0364990234375 -0.0564231872558594 0.0284042358398437
-0.0405845642089844 -0.0207405090332031 -0.0639801025390625 0.0379142761230469
-0.0390892028808594 0.00267028808593751 -0.0283622741699219 0.045135498046875
-0.0280570983886719 0.0293216705322266 -0.00543594360351563 0.0331535339355469
-0.00198745727539062 0.0364875793457031 0.00163555145263672 0.0120391845703125
0.0273017883300781 0.0316429138183594 -0.004241943359375 0.00387811660766602
0.0378646850585938 0.015045166015625 -0.0184135437011719 0.00972175598144531
0.0345287322998047 0.0119800567626953 -0.0251827239990234 0.0158958435058594
0.039276123046875 0.0131187438964844 -0.0305881500244141 0.0184612274169922
0.0368461608886719 0.0228042602539063 -0.033172607421875 0.0104751586914062
0.0205345153808594 0.0365676879882813 -0.0336418151855469 -0.00177001953124999
-0.00202178955078125 0.0437393188476562 -0.0196990966796875 -0.0114059448242187
-0.0379295349121094 0.0255279541015625 -0.00338459014892578 -0.00887584686279297
-0.05303955078125 -0.00671768188476563 -0.0218505859375 0.0173549652099609
-0.0498085021972656 -0.031280517578125 -0.0670166015625 0.00550079345703124
0.00307464599609375 -0.0388679504394531 -0.0595283508300781 0.0161857604980469
-0.0122432708740234 -0.0325603485107422 -0.0640640258789062 0.0296669006347656
-0.0221366882324219 -0.0165462493896484 -0.0283317565917969 0.0389366149902344
-0.0268726348876953 0.00551414489746093 -0.0071868896484375 0.0234241485595703
-0.0133705139160156 0.0214366912841797 -0.00382590293884277 0.00337815284729004
0.00966453552246094 0.0275592803955078 -0.0164251327514648 -0.00109100341796875
0.022552490234375 0.0188484191894531 -0.03167724609375 0.00766372680664063
0.0218524932861328 0.0140857696533203 -0.0378074645996094 0.0163917541503906
0.0267601013183594 0.0148563385009766 -0.0426521301269531 0.0166511535644531
0.0247802734375 0.02117919921875 -0.0442466735839844 0.00530624389648438
0.0122661590576172 0.0299263000488281 -0.0398483276367188 -0.00752639770507811
-0.00585556030273438 0.0343532562255859 -0.0232677459716797 -0.0169658660888672
-0.0344429016113281 0.0151081085205078 -0.00776958465576172 -0.0125961303710937
-0.0407333374023438 -0.018096923828125 -0.0303554534912109 0.00946235656738281
-0.0292930603027344 -0.0410194396972656 -0.0740203857421875 -0.00945281982421875
-0.0054779052734375 0.0366363525390625 0.0756607055664063 0.0104217529296875
0.029510498046875 0.0215950012207031 0.0346775054931641 0.00182533264160156
0.0222988128662109 -0.01025390625 0.0108871459960938 0.0178604125976563
0.00821876525878906 -0.0191078186035156 0.0304279327392578 0.0298824310302734
-0.00370597839355469 -0.0185337066650391 0.0504264831542969 0.0160331726074219
-0.0167121887207031 -0.0158004760742187 0.0567245483398438 -0.0073089599609375
-0.0132961273193359 -0.0117483139038086 0.0545082092285156 -0.0216407775878906
-0.00919914245605469 -0.0122652053833008 0.0441398620605469 -0.0186843872070313
-0.0089263916015625 -0.0198554992675781 0.0368919372558594 -0.0081787109375
0.00838470458984375 -0.02142333984375 0.0258598327636719 0.00262641906738281
0.0247287750244141 -0.00964546203613281 0.00629615783691406 3.71932983398432E-05
0.0268325805664063 0.00985527038574219 0.00570964813232422 -0.0159387588500977
0.0100383758544922 0.0340900421142578 0.0320262908935547 -0.0349330902099609
-0.0115280151367188 0.0456695556640625 0.0607147216796875 -0.0284805297851563
-0.0307960510253906 0.0402336120605469 0.0542984008789063 -0.00452041625976562
-0.0346660614013672 0.0340499877929687 0.0687446594238281 0.0263214111328125
0.00301933288574218 0.0324611663818359 0.0312957763671875 0.0168590545654297
0.00923728942871094 0.00845909118652344 0.0121688842773437 0.0271396636962891
0.0097808837890625 0.00209236145019531 0.0338211059570313 0.0382537841796875
0.00766229629516602 -0.0025629997253418 0.0531463623046875 0.0218353271484375
0.00426769256591797 -0.0102272033691406 0.061981201171875 -0.00368118286132813
0.00745773315429688 -0.0135307312011719 0.0580940246582031 -0.0176582336425781
0.00950717926025391 -0.0117702484130859 0.0461044311523438 -0.0144844055175781
0.0124454498291016 -0.0176486968994141 0.0372085571289063 -0.003143310546875
0.0260753631591797 -0.0113658905029297 0.0251216888427734 0.00814437866210938
0.0336475372314453 0.00809288024902344 0.00257396697998047 0.00459909439086914
0.0252017974853516 0.0296897888183594 -0.00150585174560547 -0.010432243347168
-0.00685882568359375 0.0462150573730469 0.0212917327880859 -0.0320320129394531
-0.0363426208496094 0.0486068725585938 0.0471954345703125 -0.0216445922851563
-0.0569534301757813 0.0379714965820313 0.0371360778808594 0.0060882568359375
-0.0608863830566406 0.0225677490234375 0.0501976013183594 0.0405616760253906
-0.02789306640625 0.0375938415527344 0.0190467834472656 0.0327014923095703
-0.00864410400390625 0.0277748107910156 0.00991439819335937 0.0382881164550781
0.00760078430175781 0.0263385772705078 0.033203125 0.0460586547851563
0.0181884765625 0.0153980255126953 0.0516510009765625 0.0262031555175781
0.0252418518066406 -0.00126457214355469 0.0604286193847656 -0.0001983642578125
0.0284461975097656 -0.0121078491210938 0.0531730651855469 -0.0110931396484375
0.0277347564697266 -0.00917816162109375 0.040191650390625 -0.00836181640625
0.032196044921875 -0.0138092041015625 0.0304927825927734 0.00307083129882812
0.0418281555175781 -0.00188827514648438 0.0173892974853516 0.0131149291992187
0.0392646789550781 0.0220565795898438 -0.00353002548217773 0.00751399993896485
0.0245132446289063 0.0426063537597656 -0.00725269317626953 -0.00662994384765625
-0.0170783996582031 0.0529441833496094 0.0110874176025391 -0.0269680023193359
-0.0529632568359375 0.0478019714355469 0.0302200317382812 -0.0110969543457031
-0.0735931396484375 0.0311203002929688 0.015263557434082 0.0144557952880859
-0.0765151977539063 0.0076141357421875 0.0223922729492187 0.0495147705078125
-0.055633544921875 0.0340690612792969 -0.0019683837890625 0.0457305908203125
-0.0283584594726562 0.0400924682617188 0.00238418579101563 0.0488471984863281
0.00130081176757813 0.0478897094726562 0.0272064208984375 0.0516204833984375
0.0246372222900391 0.0333251953125 0.0439834594726563 0.028900146484375
0.0421829223632813 0.00960540771484375 0.0502433776855469 0.00443267822265625
0.0445175170898438 -0.00838851928710938 0.0402717590332031 -0.00322341918945313
0.0412445068359375 -0.00505447387695313 0.0269508361816406 -0.000268936157226563
0.0464363098144531 -0.00736618041992188 0.0167942047119141 0.00902080535888672
0.0504112243652344 0.00628662109375 0.00644397735595704 0.0148687362670898
0.0406494140625 0.0310325622558594 -0.0110111236572266 0.00890541076660157
0.0213775634765625 0.0505104064941406 -0.0119667053222656 -0.00406646728515625
-0.0236854553222656 0.05364990234375 0.00364875793457031 -0.0203914642333984
-0.0614738464355469 0.0415496826171875 0.0151910781860352 0.00148677825927735
-0.0805206298828125 0.0211105346679687 -0.00901794433593751 0.0204849243164063
-0.0791702270507813 -0.01031494140625 -0.0102195739746094 0.0518302917480469
-0.0712127685546875 0.0218353271484375 -0.0276222229003906 0.0528106689453125
-0.0460166931152344 0.0410728454589844 -0.00914382934570312 0.0547561645507813
-0.00945663452148437 0.0594100952148437 0.0155830383300781 0.0511627197265625
0.0236740112304687 0.0464706420898438 0.0301113128662109 0.0273361206054688
0.0508346557617187 0.0209007263183594 0.0337181091308594 0.00645637512207031
0.0534515380859375 -0.00230026245117188 0.0213470458984375 0.00394439697265625
0.0483589172363281 -0.00117874145507812 0.00922107696533203 0.00752830505371094
0.0538711547851563 -0.000820159912109375 0.00103950500488282 0.0150222778320313
0.0545425415039063 0.0131721496582031 -0.00667381286621093 0.0156364440917969
0.0386543273925781 0.0371551513671875 -0.0192031860351562 0.00799942016601562
0.0161628723144531 0.0535125732421875 -0.0151214599609375 -0.00433635711669921
-0.0307121276855469 0.0494384765625 0.00078773498535156 -0.0141658782958984
-0.0648193359375 0.0307044982910156 0.00218200683593749 0.0135593414306641
-0.0800247192382813 0.00659179687499999 -0.0328807830810547 0.0233116149902344
-0.0638008117675781 -0.0257987976074219 -0.0387687683105469 0.0461387634277344
-0.0683021545410156 0.002655029296875 -0.0505905151367188 0.0515327453613281
-0.0517082214355469 0.0287513732910156 -0.0207557678222656 0.0537528991699219
-0.0206871032714844 0.054656982421875 0.00365447998046875 0.0451126098632812
0.0156326293945313 0.049591064453125 0.0135650634765625 0.0213966369628906
0.0479888916015625 0.027923583984375 0.0142307281494141 0.0067596435546875
0.0529098510742187 0.00407791137695312 0.0010061264038086 0.00888252258300781
0.04693603515625 0.00426101684570312 -0.00938796997070312 0.0143241882324219
0.0530433654785156 0.0040130615234375 -0.0153446197509766 0.0186634063720703
0.0517425537109375 0.0178260803222656 -0.0211601257324219 0.0147018432617188
0.0344047546386719 0.0399513244628906 -0.0272865295410156 0.00386619567871094
0.00966644287109374 0.0534591674804688 -0.0178680419921875 -0.00698471069335937
-0.0360870361328125 0.0422782897949219 -0.00109958648681641 -0.010157585144043
-0.0647544860839844 0.0156898498535156 -0.0099639892578125 0.0196514129638672
-0.0722808837890625 -0.010284423828125 -0.053314208984375 0.019775390625
-0.0355339050292969 -0.0358657836914062 -0.0579376220703125 0.0354423522949219
-0.0474014282226563 -0.0171852111816406 -0.0651283264160156 0.0447731018066406
-0.0436172485351563 0.00738143920898438 -0.0269126892089844 0.0489730834960938
-0.0275497436523437 0.0360069274902344 -0.00484466552734375 0.0353546142578125
0.00194931030273437 0.0416984558105469 0.00108528137207031 0.0120973587036133
0.03485107421875 0.0311717987060547 -0.00577068328857422 0.00443649291992188
0.0432701110839844 0.0110893249511719 -0.0185585021972656 0.0124053955078125
0.038543701171875 0.00780868530273438 -0.0258903503417969 0.0190620422363281
0.0443229675292969 0.00833892822265625 -0.0306568145751953 0.0209751129150391
0.0433998107910156 0.0199241638183594 -0.0356979370117188 0.0123291015625
0.0265579223632813 0.0376968383789062 -0.0362129211425781 -0.000377655029296868
0.00357437133789063 0.0474319458007813 -0.0222091674804688 -0.0116748809814453
-0.03802490234375 0.0322456359863281 -0.00337696075439453 -0.0106000900268555
-0.0592803955078125 0.000270843505859366 -0.0205802917480469 0.0202693939208984
-0.0577545166015625 -0.026824951171875 -0.0700531005859375 0.0112991333007813
-0.00286483764648438 -0.0410881042480469 -0.0639801025390625 0.0236625671386719
-0.0199546813964844 -0.0321750640869141 -0.0668563842773438 0.0364608764648438
-0.0273704528808594 -0.014007568359375 -0.0271987915039062 0.0424156188964844
-0.0282688140869141 0.0104942321777344 -0.00794219970703125 0.0246410369873047
-0.0104694366455078 0.0250911712646484 -0.00657224655151367 0.00462579727172852
0.0145072937011719 0.0274143218994141 -0.0193061828613281 0.00108146667480469
0.0265941619873047 0.0157623291015625 -0.0335330963134766 0.0119113922119141
0.0259342193603516 0.0108623504638672 -0.0394248962402344 0.0210037231445313
0.0305938720703125 0.0114116668701172 -0.0450096130371094 0.0212860107421875
0.0300674438476563 0.0186500549316406 -0.0475540161132813 0.00897598266601563
0.0174274444580078 0.0309333801269531 -0.0435256958007813 -0.00621795654296876
-0.00151443481445313 0.0377998352050781 -0.0265007019042969 -0.0177841186523438
-0.0348682403564453 0.02081298828125 -0.00872707366943359 -0.0133581161499023
-0.0465126037597656 -0.0135688781738281 -0.0307598114013672 0.0135841369628906
-0.0365028381347656 -0.0396003723144531 -0.0797500610351562 -0.00359344482421876
-0.0015716552734375 0.0374298095703125 0.0805130004882813 0.00308990478515625
0.0333251953125 0.0176544189453125 0.0355987548828125 -0.00361251831054687
0.0211029052734375 -0.0127277374267578 0.0119361877441406 0.0176773071289063
0.00564193725585937 -0.0203800201416016 0.0333251953125 0.0287265777587891
-0.00647068023681641 -0.0169668197631836 0.0539894104003906 0.0116233825683594
-0.0188961029052734 -0.0135536193847656 0.0596237182617188 -0.0135498046875
-0.0139789581298828 -0.00928497314453125 0.0545654296875 -0.0296249389648438
-0.0115842819213867 -0.0107002258300781 0.0451736450195313 -0.0259284973144531
-0.0123424530029297 -0.0177173614501953 0.03802490234375 -0.0139656066894531
0.00386810302734375 -0.0219860076904297 0.0287399291992188 -0.00242233276367188
0.0233039855957031 -0.0129070281982422 0.00915718078613281 -0.0018768310546875
0.0270309448242188 0.00672531127929688 0.00500583648681641 -0.0169305801391602
0.0149211883544922 0.0333614349365234 0.0300064086914062 -0.0371170043945313
-0.00495147705078125 0.0474052429199219 0.0599708557128906 -0.0363731384277344
-0.0253715515136719 0.0439262390136719 0.0581169128417969 -0.0107040405273437
-0.0327262878417969 0.0374794006347656 0.07421875 0.0195541381835938
0.00732231140136719 0.033111572265625 0.0319862365722656 0.0129814147949219
0.00954532623291016 0.00825119018554688 0.0138454437255859 0.0262641906738281
0.00870323181152344 0.00258445739746094 0.0391120910644531 0.0367202758789062
0.00806760787963867 -0.00405120849609375 0.0587120056152344 0.0179290771484375
0.0025935173034668 -0.00847482681274414 0.0651397705078125 -0.0104637145996094
0.00612163543701172 -0.0135774612426758 0.0586585998535156 -0.0265960693359375
0.00952243804931641 -0.0130901336669922 0.0459060668945313 -0.0221405029296875
0.0118675231933594 -0.0188350677490234 0.0383758544921875 -0.00915908813476563
0.0246734619140625 -0.0140056610107422 0.0282459259033203 0.00289154052734375
0.0346717834472656 0.00535774230957031 0.00597953796386719 0.00351476669311524
0.0290813446044922 0.0271434783935547 0.000823020935058595 -0.0116100311279297
-0.0018310546875 0.0480194091796875 0.0201396942138672 -0.0346469879150391
-0.0313186645507813 0.0547599792480469 0.0465660095214844 -0.0270881652832031
-0.0538101196289063 0.0453720092773438 0.0418624877929688 6.48498535156278E-05
-0.0614395141601563 0.0292587280273438 0.0582313537597656 0.03594970703125
-0.0265998840332031 0.0415534973144531 0.0213279724121094 0.0298500061035156
-0.00674247741699219 0.0299186706542969 0.013641357421875 0.0380706787109375
0.0107574462890625 0.0274829864501953 0.0377006530761719 0.0452003479003906
0.0213603973388672 0.0140743255615234 0.0560150146484375 0.0225830078125
0.0266017913818359 -0.00360298156738281 0.0632705688476563 -0.00728607177734375
0.0291175842285156 -0.0150127410888672 0.0544242858886719 -0.0186691284179688
0.0282058715820313 -0.0117874145507813 0.040191650390625 -0.0153274536132812
0.0318355560302734 -0.0172710418701172 0.0306816101074219 -0.00333213806152344
0.0430641174316406 -0.0072174072265625 0.0202407836914063 0.00872802734375
0.0427970886230469 0.0188636779785156 -0.000710487365722654 0.0058445930480957
0.0291328430175781 0.0425872802734375 -0.0045628547668457 -0.0063943862915039
-0.0124549865722656 0.0569114685058594 0.00994682312011719 -0.0289115905761719
-0.0503196716308594 0.0574150085449219 0.0317306518554688 -0.0157318115234375
-0.073211669921875 0.0398483276367188 0.0205764770507812 0.0121669769287109
-0.080535888671875 0.0158843994140625 0.0299606323242188 0.0486564636230469
-0.0548133850097656 0.0419960021972656 0.00215911865234375 0.0444602966308594
-0.0272865295410156 0.0459976196289063 0.0057373046875 0.0490303039550781
0.00484085083007813 0.0513992309570313 0.0311203002929688 0.0501174926757813
0.0294284820556641 0.0316886901855469 0.0472259521484375 0.0253982543945313
0.0453338623046875 0.0060577392578125 0.0530128479003906 -0.00175094604492187
0.0465927124023438 -0.0133895874023437 0.04193115234375 -0.00902557373046875
0.0428848266601562 -0.0101356506347656 0.0270061492919922 -0.00478935241699219
0.04791259765625 -0.0130958557128906 0.0186748504638672 0.00460052490234375
0.0533561706542969 -4.57763671875E-05 0.00909614562988282 0.0124130249023438
0.0476188659667969 0.0274925231933594 -0.00862693786621094 0.00912284851074219
0.028656005859375 0.0503196716308594 -0.0108051300048828 -0.00431537628173828
-0.0192375183105469 0.0588760375976563 0.00440788269042968 -0.0218296051025391
-0.059356689453125 0.0508651733398438 0.0172348022460938 -0.000746726989746091
-0.0825958251953125 0.0318527221679687 -0.00375556945800782 0.0200748443603516
-0.0864105224609375 -0.00110626220703125 -0.0027923583984375 0.0531082153320313
-0.0726242065429687 0.0308685302734375 -0.0236015319824219 0.0548248291015625
-0.04541015625 0.0498085021972656 -0.00457382202148438 0.0550346374511719
-0.00289154052734376 0.06573486328125 0.0207443237304688 0.0499534606933594
0.0306816101074219 0.0477371215820312 0.0328826904296875 0.0246295928955078
0.0550422668457031 0.0142173767089844 0.0345478057861328 0.00303268432617188
0.0551528930664062 -0.00914764404296875 0.0229721069335938 0.000459671020507812
0.0506134033203125 -0.00676727294921875 0.0108652114868164 0.00479507446289063
0.0558891296386719 -0.00847244262695312 0.00364494323730469 0.0130348205566406
0.06005859375 0.00621414184570313 -0.0054941177368164 0.0145378112792969
0.04693603515625 0.0353775024414063 -0.0175294876098633 0.00843620300292969
0.0231666564941406 0.0545425415039063 -0.0140495300292969 -0.00409126281738281
-0.0265159606933594 0.0568885803222656 0.00175762176513672 -0.0145864486694336
-0.0642623901367188 0.0421180725097656 0.00548839569091797 0.0125112533569336
-0.0840835571289063 0.0172271728515625 -0.0292949676513672 0.0261306762695313
-0.070770263671875 -0.017822265625 -0.0338478088378906 0.0512657165527344
-0.07275390625 0.0109329223632813 -0.04638671875 0.0577392578125
-0.0524253845214844 0.037689208984375 -0.0175514221191406 0.0555686950683594
-0.0159187316894531 0.0608634948730469 0.00559616088867188 0.0458869934082031
0.0216560363769531 0.0506095886230469 0.0154018402099609 0.0207481384277344
0.0545196533203125 0.0226593017578125 0.0136575698852539 0.00434017181396485
0.0556259155273438 -0.00178146362304688 0.00179767608642578 0.00895214080810547
0.0506439208984375 -0.00257492065429688 -0.00836944580078124 0.0151824951171875
0.0568580627441406 -0.00285720825195313 -0.0148124694824219 0.0190391540527344
0.05755615234375 0.011260986328125 -0.0209445953369141 0.0155029296875
0.0418357849121094 0.0374946594238281 -0.0266227722167969 0.00498008728027344
0.0168228149414063 0.0547676086425781 -0.0184268951416016 -0.00718307495117187
-0.0329704284667969 0.0492095947265625 -0.00126743316650391 -0.01123046875
-0.0667152404785156 0.0263214111328125 -0.00716400146484376 0.0208415985107422
-0.0772247314453125 -0.000602722167968755 -0.0508613586425781 0.0250473022460937
-0.0463714599609375 -0.0316543579101563 -0.0574722290039062 0.0425529479980469
-0.0536117553710938 -0.00991058349609376 -0.0620536804199219 0.051727294921875
-0.0464401245117188 0.014190673828125 -0.0230216979980469 0.0511207580566406
-0.0240859985351563 0.0425796508789063 -0.00362777709960938 0.0360488891601563
0.00796127319335938 0.0427017211914063 0.000256538391113281 0.0125579833984375
0.0402145385742188 0.026885986328125 -0.00708150863647461 0.00534772872924805
0.0448341369628906 0.00528717041015625 -0.0187416076660156 0.0141963958740234
0.0406570434570313 0.00416183471679688 -0.0236072540283203 0.0215568542480469
0.048004150390625 0.00232696533203125 -0.0322093963623047 0.0247573852539063
0.0484428405761719 0.0145988464355469 -0.0364761352539063 0.0148391723632812
0.0334987640380859 0.0349254608154297 -0.0368537902832031 0.000644683837890629
0.0101203918457031 0.0497169494628906 -0.0234279632568359 -0.0113010406494141
-0.0366172790527344 0.039794921875 -0.00497245788574219 -0.0118131637573242
-0.0626678466796875 0.00854873657226562 -0.0186576843261719 0.0232906341552734
-0.063446044921875 -0.0194931030273438 -0.0711288452148438 0.0176620483398437
-0.0100440979003906 -0.0428810119628906 -0.0638542175292969 0.0306472778320312
-0.0261077880859375 -0.0298976898193359 -0.0650711059570313 0.0448570251464844
-0.0311203002929688 -0.0101165771484375 -0.0247611999511719 0.0439987182617188
-0.0289478302001953 0.0161018371582031 -0.0078125 0.0260295867919922
-0.00586700439453125 0.0279178619384766 -0.00813436508178711 0.00358295440673828
0.0204238891601563 0.0261440277099609 -0.0211391448974609 0.00367546081542969
0.0297336578369141 0.0120391845703125 -0.0337848663330078 0.0175876617431641
0.0279712677001953 0.00637245178222656 -0.0393447875976563 0.0270614624023438
0.0335788726806641 0.00745773315429688 -0.0447769165039063 0.0278854370117187
0.0334281921386719 0.0139636993408203 -0.0500602722167969 0.0135498046875
0.0226173400878906 0.0299854278564453 -0.0469856262207031 -0.00372314453124999
0.00403976440429688 0.0388870239257812 -0.0289096832275391 -0.0171546936035156
-0.0338153839111328 0.025665283203125 -0.00871658325195313 -0.0136356353759766
-0.0506515502929687 -0.00601959228515626 -0.0303955078125 0.0180339813232422
-0.0434226989746094 -0.0341300964355469 -0.0824813842773437 0.00380706787109374
0.00192070007324219 0.0350475311279297 0.0799636840820313 -0.00467681884765625
0.0318470001220703 0.0128707885742188 0.0338764190673828 -0.00702667236328125
0.0181789398193359 -0.0147953033447266 0.0117635726928711 0.0165243148803711
0.00289344787597656 -0.0205612182617187 0.036773681640625 0.0263404846191406
-0.00856399536132813 -0.0160932540893555 0.0563201904296875 0.00756454467773437
-0.020843505859375 -0.00914382934570312 0.0596809387207031 -0.0192451477050781
-0.0151357650756836 -0.0071563720703125 0.0518379211425781 -0.0356826782226563
-0.0107154846191406 -0.00816154479980469 0.041656494140625 -0.0321578979492188
-0.0136890411376953 -0.0150823593139648 0.0365409851074219 -0.0204505920410156
0.00120735168457031 -0.0213871002197266 0.0293140411376953 -0.00680351257324219
0.0199794769287109 -0.0147991180419922 0.0109729766845703 -0.00380420684814453
0.0264625549316406 0.00292015075683594 0.00742530822753906 -0.0179347991943359
0.0178813934326172 0.0290279388427734 0.0269203186035156 -0.0391578674316406
0.00154495239257812 0.0463752746582031 0.0576133728027344 -0.041259765625
-0.0199737548828125 0.0451545715332031 0.0595512390136719 -0.0182876586914062
-0.0298309326171875 0.0394363403320313 0.076904296875 0.01177978515625
0.00683021545410156 0.0305957794189453 0.0334453582763672 0.00775146484375
0.00855875015258789 0.00732707977294922 0.0149879455566406 0.0253009796142578
0.00877618789672851 0.00199747085571289 0.0407142639160156 0.0342216491699219
0.00715732574462891 -0.00282812118530273 0.0600051879882813 0.0121345520019531
0.00266075134277344 -0.0089263916015625 0.0641670227050781 -0.0173416137695313
0.00618076324462891 -0.0136661529541016 0.0556373596191406 -0.0333328247070313
0.00890254974365234 -0.0131998062133789 0.043670654296875 -0.0286979675292969
0.00964736938476563 -0.0185947418212891 0.0376358032226563 -0.0157203674316406
0.023162841796875 -0.0159835815429687 0.0287742614746094 -0.00186729431152344
0.0342845916748047 0.00100326538085938 0.0082998275756836 0.000889778137207031
0.0304985046386719 0.0239334106445313 0.0028076171875 -0.0119380950927734
0.00356674194335937 0.0470352172851562 0.017730712890625 -0.0349330902099609
-0.0247573852539062 0.0570259094238281 0.0457725524902344 -0.0319786071777344
-0.0473861694335937 0.0489997863769531 0.0446548461914062 -0.00531768798828125
-0.0604972839355469 0.0353240966796875 0.0611000061035156 0.0292015075683594
-0.02337646484375 0.0443229675292969 0.0245628356933594 0.0251960754394531
-0.00604438781738282 0.0315780639648438 0.0143508911132813 0.0361709594726563
0.0121536254882812 0.0283927917480469 0.0413284301757813 0.0410575866699219
0.0232372283935547 0.0139656066894531 0.0582618713378906 0.0166969299316406
0.0263957977294922 -0.00558090209960938 0.0618782043457031 -0.0132102966308594
0.0274791717529297 -0.0178546905517578 0.052154541015625 -0.0255508422851563
0.0281715393066406 -0.0151557922363281 0.0378684997558594 -0.0207252502441406
0.0316905975341797 -0.0198211669921875 0.0308990478515625 -0.00831985473632813
0.0421981811523437 -0.0102691650390625 0.0222244262695313 0.00310897827148438
0.0454940795898437 0.0146865844726563 0.00169682502746582 0.00428032875061035
0.0338859558105469 0.0392532348632813 -0.00341176986694336 -0.0077509880065918
-0.00675201416015625 0.0589256286621094 0.00885581970214844 -0.0293388366699219
-0.0438423156738281 0.0610580444335937 0.0317249298095703 -0.0193309783935547
-0.0689964294433594 0.0476760864257813 0.0245037078857422 0.00756072998046875
-0.0808258056640625 0.0243759155273438 0.0352210998535156 0.0447006225585938
-0.0527763366699219 0.0480842590332031 0.00680923461914063 0.0427703857421875
-0.0239105224609375 0.0501785278320313 0.00870132446289062 0.0468177795410156
0.0114212036132812 0.0521430969238281 0.0351333618164063 0.0478591918945313
0.0342864990234375 0.0311298370361328 0.0491104125976563 0.0212211608886719
0.0467109680175781 0.00123214721679688 0.0516128540039063 -0.007354736328125
0.0452308654785156 -0.0184402465820313 0.0399932861328125 -0.0146865844726563
0.0437164306640625 -0.01593017578125 0.0267810821533203 -0.00953865051269531
0.0480918884277344 -0.0185890197753906 0.0189056396484375 0.00104904174804687
0.05535888671875 -0.00564193725585938 0.0103082656860352 0.0083160400390625
0.0510673522949219 0.0241737365722656 -0.00676250457763672 0.00687170028686524
0.0340042114257813 0.0484428405761719 -0.00861501693725586 -0.00452375411987304
-0.0134124755859375 0.0622062683105469 0.00253677368164062 -0.02203369140625
-0.0550994873046875 0.0591087341308594 0.0186805725097656 -0.00432586669921875
-0.0795669555664063 0.0399703979492188 0.000200271606445306 0.0188388824462891
-0.0871658325195313 0.00766754150390623 0.00148391723632812 0.0532379150390625
-0.0711441040039063 0.0395278930664063 -0.0179786682128906 0.0556793212890625
-0.0409011840820312 0.0547294616699219 -0.00242614746093751 0.0537490844726563
0.00342941284179687 0.0659255981445313 0.0239639282226563 0.0487327575683594
0.0356216430664063 0.0444908142089844 0.0341854095458984 0.0214977264404297
0.0578689575195313 0.00913619995117188 0.034637451171875 -0.000507354736328124
0.0552978515625 -0.0154037475585938 0.0226593017578125 -0.00164985656738281
0.0509757995605469 -0.0135231018066406 0.0102882385253906 0.00364017486572266
0.0570793151855469 -0.01495361328125 0.00300788879394532 0.0110454559326172
0.0612373352050781 7.2479248046875E-05 -0.00461387634277343 0.0134305953979492
0.0515861511230469 0.029937744140625 -0.0167655944824219 0.00701808929443359
0.0302925109863281 0.0531845092773438 -0.012843132019043 -0.00467205047607422
-0.0217514038085938 0.0603065490722656 -0.000305175781250002 -0.0160493850708008
-0.061981201171875 0.049407958984375 0.00708866119384765 0.010920524597168
-0.0827865600585938 0.026275634765625 -0.0242195129394531 0.0255393981933594
-0.07537841796875 -0.0108718872070313 -0.029022216796875 0.0539131164550781
-0.0729827880859375 0.0205001831054687 -0.0405540466308594 0.0596275329589844
-0.0498161315917969 0.0440292358398438 -0.0136871337890625 0.0550422668457031
-0.00852584838867188 0.0636138916015625 0.00985336303710938 0.0452079772949219
0.0288619995117188 0.0490646362304687 0.0161800384521484 0.019561767578125
0.057525634765625 0.017303466796875 0.0138301849365234 0.00374603271484375
0.0560989379882812 -0.00933837890625 0.00169706344604492 0.00870704650878906
0.0505523681640625 -0.00868606567382813 -0.00703334808349609 0.0146932601928711
0.0568656921386719 -0.01019287109375 -0.0141525268554687 0.0200233459472656
0.0593338012695313 0.00429153442382813 -0.0201778411865234 0.0158004760742188
0.0466842651367188 0.03265380859375 -0.0272750854492187 0.00551605224609375
0.0238304138183594 0.0531692504882813 -0.0179862976074219 -0.00651168823242187
-0.0274887084960938 0.0535392761230469 -0.00190830230712891 -0.0120382308959961
-0.0641746520996094 0.0350608825683594 -0.00366973876953125 0.0198936462402344
-0.0786056518554687 0.00797271728515626 -0.0476913452148438 0.0280723571777344
-0.0489692687988281 -0.0277023315429688 -0.0522918701171875 0.0476493835449219
-0.0560379028320313 -0.00339126586914063 -0.0571556091308594 0.0567893981933594
-0.0459976196289063 0.0209465026855469 -0.0204429626464844 0.0516395568847656
-0.0191268920898438 0.0466995239257813 -0.00131607055664063 0.0361824035644531
0.01446533203125 0.0424880981445313 0.000849723815917969 0.0124406814575195
0.0438270568847656 0.0206451416015625 -0.00690650939941406 0.00683975219726563
0.0475120544433594 -0.00127029418945313 -0.0178127288818359 0.017578125
0.0427627563476562 -0.00304412841796875 -0.0235786437988281 0.0247955322265625
0.048919677734375 -0.00481033325195312 -0.0296401977539062 0.0266036987304688
0.0499763488769531 0.00751113891601562 -0.0354804992675781 0.0173797607421875
0.0387954711914063 0.0319633483886719 -0.0377616882324219 0.00337600708007814
0.0169486999511719 0.0484275817871094 -0.0235214233398438 -0.010650634765625
-0.0314598083496094 0.0431480407714844 -0.00481033325195313 -0.0118656158447266
-0.0607833862304687 0.0176658630371094 -0.0152397155761719 0.0233898162841797
-0.0664253234863281 -0.0111465454101562 -0.0681037902832031 0.0230560302734375
-0.0148544311523437 -0.0399398803710938 -0.0625190734863281 0.0380935668945313
-0.0299835205078125 -0.0260009765625 -0.0619468688964844 0.0495262145996094
-0.0331211090087891 -0.00613975524902343 -0.0219078063964844 0.0450935363769531
-0.0252799987792969 0.0209503173828125 -0.00633621215820313 0.0261917114257813
-0.00233078002929688 0.0283908843994141 -0.00871038436889649 0.00685787200927734
0.0238170623779297 0.0219383239746094 -0.0216503143310547 0.00724220275878906
0.0308570861816406 0.007354736328125 -0.0326213836669922 0.0223979949951172
0.0285320281982422 0.00371551513671875 -0.0364303588867188 0.0315093994140625
0.0339622497558594 0.00227165222167969 -0.04351806640625 0.0315055847167969
0.0351047515869141 0.00945472717285156 -0.0492820739746094 0.0175094604492188
0.0262241363525391 0.0260257720947266 -0.0471458435058594 -0.000194549560546884
0.0087432861328125 0.0387191772460938 -0.0295047760009766 -0.015625
-0.0301227569580078 0.0295982360839844 -0.0100889205932617 -0.013519287109375
-0.0505561828613281 -0.000110626220703123 -0.0272750854492188 0.0200099945068359
-0.046051025390625 -0.0287818908691406 -0.0823593139648438 0.0110931396484375
0.00421524047851562 0.0337867736816406 0.077880859375 -0.0095367431640625
0.0315704345703125 0.00971794128417969 0.0316390991210938 -0.00932693481445313
0.0163173675537109 -0.0155839920043945 0.0119304656982422 0.0160188674926758
-0.00010108947753906 -0.0197925567626953 0.0368194580078125 0.0245361328125
-0.00966739654541016 -0.0148887634277344 0.0566978454589844 0.00449752807617187
-0.0200481414794922 -0.00667190551757813 0.0585098266601562 -0.022308349609375
-0.0145387649536133 -0.00559043884277344 0.0493049621582031 -0.0391464233398438
-0.0109720230102539 -0.00725173950195312 0.0390205383300781 -0.0352745056152344
-0.0141687393188477 -0.0127544403076172 0.0346755981445313 -0.0240745544433594
-0.000644683837890627 -0.0201549530029297 0.0290069580078125 -0.0105609893798828
0.0176467895507812 -0.0166740417480469 0.0124397277832031 -0.00607967376708984
0.0255870819091797 0.00066375732421875 0.008087158203125 -0.0177555084228516
0.0201988220214844 0.0271091461181641 0.0257034301757813 -0.0389251708984375
0.004638671875 0.0436477661132813 0.0549430847167969 -0.0436058044433594
-0.015167236328125 0.0450820922851563 0.0587272644042969 -0.0229988098144531
-0.0273017883300781 0.0398941040039063 0.0761489868164063 0.00640869140625
0.00764846801757812 0.0295867919921875 0.0325736999511719 0.00428199768066406
0.0081324577331543 0.0077519416809082 0.0151596069335937 0.0236568450927734
0.00861930847167969 0.00226593017578125 0.0415229797363281 0.03143310546875
0.00660085678100586 -0.0025334358215332 0.0602264404296875 0.008636474609375
0.00234603881835938 -0.00783681869506836 0.0628242492675781 -0.0216445922851563
0.006378173828125 -0.0130214691162109 0.0528488159179688 -0.0369644165039063
0.00868892669677734 -0.0133132934570313 0.0406379699707031 -0.03265380859375
0.00899696350097656 -0.0186500549316406 0.0355453491210938 -0.019989013671875
0.0218887329101563 -0.016326904296875 0.0290565490722656 -0.00610923767089844
0.0340061187744141 -0.0009765625 0.00979804992675781 -0.00177097320556641
0.0308017730712891 0.0212917327880859 0.00424861907958985 -0.0124111175537109
0.0058746337890625 0.0460052490234375 0.0169811248779297 -0.0344753265380859
-0.0211448669433594 0.0570602416992188 0.0439300537109375 -0.0347023010253906
-0.0431060791015625 0.0505752563476562 0.0457763671875 -0.00984191894531249
-0.0577964782714844 0.0384025573730469 0.0617523193359375 0.02459716796875
-0.0217170715332031 0.0450439453125 0.0247383117675781 0.021759033203125
-0.00521659851074219 0.0327663421630859 0.0146083831787109 0.0346851348876953
0.0143241882324219 0.0275192260742188 0.0426826477050781 0.0385932922363281
0.0240802764892578 0.0126590728759766 0.0580787658691406 0.0135688781738281
0.0266456604003906 -0.00639724731445312 0.0604209899902344 -0.0169677734375
0.0268802642822266 -0.0195999145507813 0.0493392944335938 -0.0294418334960938
0.0281715393066406 -0.0175399780273438 0.0358619689941406 -0.0246543884277344
0.0305385589599609 -0.0217266082763672 0.0295543670654297 -0.0121631622314453
0.0411911010742188 -0.0130615234375 0.0225582122802734 -0.000703811645507813
0.0456314086914063 0.0111541748046875 0.00323748588562012 0.00227427482604981
0.0360221862792969 0.0365943908691406 -0.00176143646240234 -0.00834512710571289
-0.00322723388671875 0.0583839416503906 0.00857734680175781 -0.0293540954589844
-0.0394363403320312 0.0633354187011719 0.0306739807128906 -0.0217170715332031
-0.0639610290527344 0.0506172180175781 0.0266914367675781 0.00400352478027344
-0.0793228149414062 0.0294265747070312 0.0371284484863281 0.04083251953125
-0.049468994140625 0.051300048828125 0.00846099853515625 0.0397453308105469
-0.0217475891113281 0.0522499084472656 0.00911712646484375 0.0450859069824219
0.0149116516113281 0.051666259765625 0.0366592407226563 0.0451507568359375
0.0362205505371094 0.0290641784667969 0.0492324829101562 0.0179481506347656
0.0467338562011719 -0.00187301635742187 0.0502815246582031 -0.0104789733886719
0.0438308715820312 -0.0215644836425781 0.0384902954101563 -0.0177688598632813
0.042510986328125 -0.0190162658691406 0.0249004364013672 -0.0123271942138672
0.0468330383300781 -0.0223388671875 0.0178070068359375 -0.00197410583496094
0.0540847778320313 -0.00931549072265625 0.0108070373535156 0.00496959686279297
0.0525054931640625 0.0200424194335938 -0.00527000427246093 0.00455045700073242
0.0374526977539063 0.0458564758300781 -0.00719356536865234 -0.00572586059570312
-0.0101432800292969 0.0633277893066406 0.00248527526855468 -0.0223751068115234
-0.0506935119628906 0.0627365112304687 0.0188159942626953 -0.00663185119628906
-0.0760879516601563 0.0444717407226562 0.00374126434326171 0.0160589218139648
-0.086578369140625 0.0136032104492187 0.00569152832031249 0.0516700744628906
-0.068267822265625 0.044219970703125 -0.0142822265625 0.05377197265625
-0.0383834838867187 0.0584144592285156 -0.000862121582031256 0.0523948669433594
0.00803756713867187 0.0658683776855469 0.0251121520996094 0.0471649169921875
0.0394134521484375 0.0417213439941406 0.0338115692138672 0.0202617645263672
0.0581169128417969 0.00538253784179688 0.0333957672119141 -0.00332260131835937
0.0536918640136719 -0.0197181701660156 0.0215663909912109 -0.00412750244140625
0.0501022338867188 -0.0169258117675781 0.00990676879882813 0.00192546844482422
0.0554847717285156 -0.0205345153808594 0.00248050689697266 0.00899696350097656
0.0605316162109375 -0.00511550903320313 -0.00405120849609375 0.01068115234375
0.054046630859375 0.025787353515625 -0.0155754089355469 0.00618362426757813
0.0343208312988281 0.0504112243652344 -0.0121126174926758 -0.00520515441894531
-0.0173797607421875 0.06195068359375 -0.000274658203125001 -0.0165262222290039
-0.0584602355957031 0.05450439453125 0.00871181488037109 0.00877046585083008
-0.0800094604492187 0.0318756103515625 -0.0210361480712891 0.0256023406982422
-0.0765457153320312 -0.0049896240234375 -0.025299072265625 0.0547561645507813
-0.0712509155273438 0.0253524780273437 -0.0368576049804688 0.0594367980957031
-0.0472068786621094 0.0479583740234375 -0.0116004943847656 0.0538978576660156
-0.0035247802734375 0.0646018981933594 0.0106620788574219 0.0435791015625
0.0328140258789063 0.0469779968261719 0.0153293609619141 0.0188007354736328
0.0577812194824219 0.0120429992675781 0.0126028060913086 0.00314426422119141
0.0546188354492188 -0.0140304565429688 0.00264215469360352 0.00858068466186524
0.0502281188964844 -0.0130157470703125 -0.0064096450805664 0.0147609710693359
0.0559158325195313 -0.0158882141113281 -0.0132503509521484 0.0193634033203125
0.059326171875 -0.00121307373046875 -0.0196933746337891 0.0150909423828125
0.0497245788574219 0.0286636352539063 -0.0267486572265625 0.00587844848632813
0.0283393859863281 0.0505905151367188 -0.0176925659179687 -0.00680160522460937
-0.0236892700195313 0.0555076599121094 -0.0022420883178711 -0.0128173828125
-0.0614967346191406 0.0401725769042969 -0.0020751953125 0.0184326171875
-0.0766067504882813 0.013946533203125 -0.0443611145019531 0.0283737182617188
-0.0517807006835938 -0.0229377746582031 -0.0494461059570312 0.0504112243652344
-0.0562667846679687 0.00167465209960937 -0.0535392761230469 0.0582923889160156
-0.0450706481933594 0.0247535705566406 -0.0191421508789063 0.0506134033203125
-0.0146293640136719 0.0483856201171875 -0.000576019287109377 0.0356559753417969
0.0185699462890625 0.0411415100097656 -0.000130653381347655 0.0133543014526367
0.0454940795898438 0.0168991088867188 -0.007415771484375 0.00739574432373047
0.0465431213378906 -0.00565338134765625 -0.0159740447998047 0.0188007354736328
0.0420150756835938 -0.00681304931640625 -0.0215587615966797 0.0261306762695313
0.0481376647949219 -0.00884628295898437 -0.0281944274902344 0.0282096862792969
0.0504913330078125 0.00286865234375 -0.0353279113769531 0.0182304382324219
0.0408744812011719 0.0280685424804688 -0.0374107360839844 0.00428009033203125
0.0205764770507813 0.0463142395019531 -0.0237407684326172 -0.01019287109375
-0.0280075073242187 0.0453376770019531 -0.00504875183105469 -0.0122432708740234
-0.0593338012695313 0.0226249694824219 -0.0129814147949219 0.0232143402099609
-0.06585693359375 -0.00551223754882813 -0.0646400451660156 0.0254631042480469
-0.0186195373535156 -0.0379295349121094 -0.0600090026855469 0.041412353515625
-0.0317726135253906 -0.0224418640136719 -0.0582237243652344 0.0517425537109375
-0.0332603454589844 -0.00213241577148437 -0.0205116271972656 0.0443916320800781
-0.0221652984619141 0.0231857299804688 -0.00687599182128906 0.0263099670410156
0.00104331970214844 0.0284957885742188 -0.00973129272460938 0.0080413818359375
0.0255374908447266 0.0187263488769531 -0.0217533111572266 0.0093841552734375
0.0309715270996094 0.00335693359375 -0.0300769805908203 0.0248451232910156
0.0284461975097656 0.000438690185546875 -0.0333442687988281 0.03326416015625
0.0337104797363281 -0.00164413452148438 -0.0407829284667969 0.0338783264160156
0.0358695983886719 0.00555419921875 -0.0480575561523438 0.019622802734375
0.0281410217285156 0.0230484008789062 -0.0472526550292969 0.00205612182617187
0.0117454528808594 0.0363960266113281 -0.0300273895263672 -0.0140209197998047
-0.0271625518798828 0.0310840606689453 -0.00975990295410156 -0.013768196105957
-0.0494804382324219 0.00470352172851564 -0.0247402191162109 0.0205440521240234
-0.0470466613769531 -0.0235366821289062 -0.0799484252929688 0.0152130126953125
0.00506210327148438 0.0327167510986328 0.0772857666015625 -0.0112457275390625
0.0299224853515625 0.00819206237792969 0.0301723480224609 -0.0102424621582031
0.0151634216308594 -0.0159187316894531 0.0115861892700195 0.0160121917724609
-0.000486373901367187 -0.0189781188964844 0.0371246337890625 0.0242042541503906
-0.0109415054321289 -0.0142307281494141 0.0570602416992187 0.0030364990234375
-0.0198402404785156 -0.00528717041015625 0.0584220886230469 -0.0242919921875
-0.0142507553100586 -0.004364013671875 0.048095703125 -0.0409088134765625
-0.0108146667480469 -0.00627613067626953 0.0374183654785156 -0.0372161865234375
-0.0143098831176758 -0.0110750198364258 0.0336284637451172 -0.0261421203613281
-0.00165939331054687 -0.0191173553466797 0.0293693542480469 -0.0133705139160156
0.0163860321044922 -0.0170564651489258 0.0136423110961914 -0.00780487060546875
0.0246734619140625 -0.000768661499023438 0.00955772399902344 -0.0179767608642578
0.0202922821044922 0.0249652862548828 0.0258560180664063 -0.03875732421875
0.00655746459960938 0.0421485900878906 0.0538253784179688 -0.0447654724121094
-0.0130386352539063 0.0434074401855469 0.0591583251953125 -0.0258369445800781
-0.0264625549316406 0.0398521423339844 0.0755081176757813 0.0046844482421875
0.00747299194335938 0.0291080474853516 0.0315017700195313 0.00289154052734375
0.00747823715209961 0.00794792175292969 0.0145015716552734 0.0233516693115234
0.00852870941162109 0.00277376174926758 0.0417861938476562 0.0306358337402344
0.00661230087280273 -0.00237464904785156 0.0604286193847656 0.00679779052734375
0.00311422348022461 -0.00699377059936524 0.06195068359375 -0.02337646484375
0.00621223449707031 -0.0135784149169922 0.0509834289550781 -0.0395965576171875
0.00900173187255859 -0.0138778686523438 0.0389213562011719 -0.0346183776855469
0.00890350341796875 -0.0183448791503906 0.0338954925537109 -0.0230484008789063
0.0212268829345703 -0.0166015625 0.0291061401367188 -0.00913619995117188
0.0330677032470703 -0.00189018249511719 0.0106725692749023 -0.00391006469726563
0.0316390991210938 0.0205192565917969 0.00564098358154297 -0.0130233764648437
0.0068206787109375 0.0447502136230469 0.0171298980712891 -0.0344200134277344
-0.0191612243652344 0.0562171936035156 0.0428352355957031 -0.0359840393066406
-0.0409393310546875 0.0503273010253906 0.0473899841308594 -0.012847900390625
-0.0573577880859375 0.0397987365722656 0.0618095397949219 0.0219764709472656
-0.0210189819335938 0.0455780029296875 0.0242214202880859 0.0198917388916016
-0.00529098510742187 0.0339984893798828 0.0143241882324219 0.0339107513427734
0.0153236389160156 0.0275783538818359 0.0426902770996094 0.0377845764160156
0.0250530242919922 0.0122146606445313 0.0583763122558594 0.0119819641113281
0.0268135070800781 -0.00675773620605469 0.0594978332519531 -0.0194549560546875
0.0268917083740234 -0.0203838348388672 0.048004150390625 -0.0318145751953125
0.0276756286621094 -0.0190353393554687 0.033966064453125 -0.0264034271240234
0.0298576354980469 -0.02294921875 0.0275917053222656 -0.0147838592529297
0.0409202575683594 -0.0144538879394531 0.0224857330322266 -0.00361061096191406
0.04620361328125 0.0095062255859375 0.00422382354736328 -7.74860382080072E-05
0.037078857421875 0.0354728698730469 -0.000240325927734372 -0.00934505462646484
-0.00150299072265625 0.0585746765136719 0.00873947143554688 -0.0292930603027344
-0.0374107360839844 0.0648841857910156 0.030731201171875 -0.0233860015869141
-0.0621910095214844 0.052032470703125 0.0282611846923828 0.00113296508789063
-0.0791702270507812 0.032135009765625 0.0381431579589844 0.0388717651367188
-0.0482292175292969 0.0528450012207031 0.0087432861328125 0.0378875732421875
-0.0210151672363281 0.0539169311523438 0.00855255126953124 0.0440025329589844
0.0167465209960937 0.0517578125 0.036651611328125 0.044158935546875
0.038299560546875 0.0280075073242188 0.048553466796875 0.0168304443359375
0.0470428466796875 -0.00320816040039062 0.0492324829101563 -0.0116310119628906
0.0438003540039063 -0.0233001708984375 0.0379104614257813 -0.0200614929199219
0.0420341491699219 -0.0214424133300781 0.0237026214599609 -0.0139904022216797
0.046356201171875 -0.0245742797851563 0.0169944763183594 -0.00397968292236328
0.0546646118164063 -0.0116310119628906 0.0110130310058594 0.00239372253417969
0.0538406372070313 0.0177230834960938 -0.0045938491821289 0.00258827209472656
0.0391845703125 0.0442619323730469 -0.00576686859130859 -0.00668621063232421
-0.00813674926757812 0.064117431640625 0.00282859802246094 -0.0227870941162109
-0.0488433837890625 0.0652999877929688 0.0193424224853516 -0.00841522216796875
-0.0743637084960937 0.0468978881835938 0.00531387329101562 0.0137557983398438
-0.08709716796875 0.017242431640625 0.00667190551757812 0.0501594543457031
-0.0670928955078125 0.0470046997070312 -0.0134468078613281 0.051849365234375
-0.0373001098632813 0.0607109069824219 -0.00109481811523437 0.0514144897460938
0.0108108520507813 0.0661544799804688 0.0247459411621094 0.0464057922363281
0.0416030883789062 0.0408363342285156 0.0329990386962891 0.0196170806884766
0.0587959289550781 0.00294113159179688 0.0318527221679688 -0.00367927551269531
0.0535125732421875 -0.0220222473144531 0.0218029022216797 -0.00520706176757813
0.0498504638671875 -0.02008056640625 0.00952243804931641 0.000686645507812499
0.055145263671875 -0.023162841796875 0.00217437744140625 0.00772809982299804
0.0606536865234375 -0.00843048095703125 -0.00398826599121093 0.00917148590087891
0.0557708740234375 0.0232810974121094 -0.0153064727783203 0.00477027893066406
0.0375480651855469 0.0496025085449219 -0.0116691589355469 -0.00632190704345703
-0.0154800415039063 0.0636978149414063 6.29425048828132E-05 -0.01763916015625
-0.0563163757324219 0.0578117370605469 0.00952911376953125 0.00693416595458985
-0.0788116455078125 0.0348739624023437 -0.0184459686279297 0.0236015319824219
-0.0776443481445312 -0.00174713134765625 -0.0234870910644531 0.054168701171875
-0.0703887939453125 0.0285873413085938 -0.0353813171386719 0.0584487915039063
-0.0466156005859375 0.0508155822753906 -0.0121574401855469 0.0526885986328125
-0.000644683837890631 0.0654449462890625 0.0109825134277344 0.0430145263671875
0.0355339050292969 0.0460472106933594 0.0149421691894531 0.0189208984375
0.0583000183105469 0.00942230224609375 0.0115165710449219 0.00353908538818359
0.0545539855957031 -0.0166854858398438 0.00260019302368164 0.0080575942993164
0.0496902465820313 -0.0155868530273438 -0.00601768493652343 0.0146942138671875
0.055267333984375 -0.0190238952636719 -0.0132789611816406 0.0192432403564453
0.0591850280761719 -0.00449752807617188 -0.0196971893310547 0.014495849609375
0.0516929626464844 0.0267181396484375 -0.0266551971435547 0.00505065917968751
0.0310592651367187 0.050018310546875 -0.0170040130615234 -0.00802326202392578
-0.0218353271484375 0.0570411682128906 -0.00242424011230469 -0.0134668350219727
-0.0601272583007812 0.04388427734375 -0.000983238220214845 0.017277717590332
-0.0760879516601563 0.0174636840820313 -0.0417404174804688 0.0274314880371094
-0.05303955078125 -0.0201568603515625 -0.0478744506835937 0.0511550903320313
-0.0566864013671875 0.00472259521484375 -0.0511932373046875 0.0580406188964844
-0.044830322265625 0.0278396606445312 -0.0188713073730469 0.0496292114257813
-0.0120582580566406 0.0496788024902344 -0.001129150390625 0.0353736877441406
0.0206489562988281 0.0406036376953125 -0.00085639953613281 0.0146646499633789
0.0461616516113281 0.0146369934082031 -0.00759744644165039 0.00823020935058594
0.0459861755371094 -0.00815582275390625 -0.0152053833007812 0.0196647644042969
0.042205810546875 -0.0092926025390625 -0.020599365234375 0.0267105102539063
0.0479812622070313 -0.01214599609375 -0.0275688171386719 0.0288066864013672
0.05084228515625 -0.000125885009765625 -0.0348358154296875 0.0189723968505859
0.0424957275390625 0.025421142578125 -0.0378265380859375 0.00421142578125
0.0230064392089844 0.0448799133300781 -0.0240554809570313 -0.0106754302978516
-0.0259323120117187 0.0464401245117187 -0.00525665283203125 -0.0126047134399414
-0.0578956604003906 0.0260810852050781 -0.0112171173095703 0.0224342346191406
-0.0656700134277344 -0.00226593017578125 -0.0630683898925781 0.0257797241210938
-0.020263671875 -0.0358161926269531 -0.0591773986816406 0.0430221557617187
-0.0323429107666016 -0.0201301574707031 -0.0564956665039063 0.0521507263183594
-0.0335121154785156 -0.000137329101562506 -0.0202217102050781 0.0439796447753906
-0.0207843780517578 0.0245265960693359 -0.00787162780761719 0.0264396667480469
0.00327301025390625 0.0281333923339844 -0.0111417770385742 0.00905513763427735
0.0262069702148438 0.0168666839599609 -0.0215950012207031 0.0111236572265625
0.0307750701904297 0.00099945068359375 -0.0285415649414062 0.0262432098388672
0.0283527374267578 -0.00160598754882813 -0.0318012237548828 0.0345230102539063
0.0332984924316406 -0.00374221801757813 -0.0400810241699219 0.0350990295410156
0.035888671875 0.00328826904296875 -0.0480918884277344 0.0206222534179688
0.0294742584228516 0.0213851928710938 -0.0479011535644531 0.0027008056640625
0.013946533203125 0.0350627899169922 -0.0299263000488281 -0.0139865875244141
-0.0254936218261719 0.0321178436279297 -0.00963687896728516 -0.0143098831176758
-0.0488548278808594 0.00716400146484374 -0.0229969024658203 0.0208740234375
-0.0467414855957031 -0.020721435546875 -0.0788345336914063 0.0163345336914062
0.00567626953125 0.0328483581542969 0.0790252685546875 -0.012115478515625
0.0301189422607422 0.007232666015625 0.029998779296875 -0.0111045837402344
0.0150375366210938 -0.0161418914794922 0.011876106262207 0.0165414810180664
-0.00146865844726562 -0.0185661315917969 0.038330078125 0.0247344970703125
-0.011317253112793 -0.0135774612426758 0.0587120056152344 0.00215530395507812
-0.0196971893310547 -0.00404930114746094 0.0602760314941406 -0.0264549255371094
-0.0139179229736328 -0.00402927398681641 0.0484237670898438 -0.0437545776367188
-0.0106096267700195 -0.00630950927734375 0.0378074645996094 -0.0392494201660156
-0.0141849517822266 -0.0107450485229492 0.0335788726806641 -0.0286636352539063
-0.00250053405761719 -0.0191173553466797 0.029998779296875 -0.0158824920654297
0.0151500701904297 -0.0172538757324219 0.0151844024658203 -0.00947856903076172
0.0248508453369141 -0.001251220703125 0.0118560791015625 -0.0189170837402344
0.0212135314941406 0.0246410369873047 0.0272026062011719 -0.038665771484375
0.006988525390625 0.0418434143066406 0.0551719665527344 -0.0462379455566406
-0.0118064880371094 0.0437278747558594 0.0618133544921875 -0.0288314819335937
-0.0273361206054687 0.0412330627441406 0.0774078369140625 0.0034332275390625
0.00683784484863281 0.029754638671875 0.0309085845947266 0.00169754028320313
0.00728130340576172 0.00885772705078125 0.014434814453125 0.0242214202880859
0.00852203369140625 0.00314188003540039 0.0430335998535156 0.0309333801269531
0.00742959976196289 -0.00211858749389648 0.0618629455566406 0.00605392456054688
0.003570556640625 -0.0068049430847168 0.06353759765625 -0.0253219604492188
0.006988525390625 -0.0140008926391602 0.0512046813964844 -0.0422286987304688
0.00907707214355469 -0.0148677825927734 0.0383377075195313 -0.0374832153320313
0.00957489013671875 -0.0187339782714844 0.0334911346435547 -0.025543212890625
0.0216541290283203 -0.0171337127685547 0.0297584533691406 -0.0120811462402344
0.0333232879638672 -0.00262260437011719 0.0123252868652344 -0.00582790374755859
0.0321197509765625 0.0200462341308594 0.0072784423828125 -0.0142526626586914
0.00802230834960937 0.0455398559570313 0.0184097290039063 -0.0351161956787109
-0.018341064453125 0.0573883056640625 0.0442695617675781 -0.0380973815917969
-0.0406417846679688 0.0515937805175781 0.049713134765625 -0.0157127380371094
-0.0584907531738281 0.0422592163085937 0.0635528564453125 0.0212440490722656
-0.0211982727050781 0.0473899841308594 0.0242290496826172 0.0190505981445313
-0.0052337646484375 0.0364608764648438 0.0136146545410156 0.0344505310058594
0.0165081024169922 0.0294628143310547 0.0432395935058594 0.0381813049316406
0.0262374877929688 0.0123844146728516 0.0594711303710938 0.0115165710449219
0.0281200408935547 -0.00724029541015625 0.0604133605957031 -0.0207023620605469
0.0274772644042969 -0.0218315124511719 0.048065185546875 -0.0347824096679688
0.0286540985107422 -0.0204658508300781 0.0334663391113281 -0.0287590026855469
0.0307121276855469 -0.0245552062988281 0.0275554656982422 -0.0173568725585938
0.0420265197753906 -0.016143798828125 0.0228919982910156 -0.00642204284667969
0.0478897094726563 0.0087890625 0.00522470474243164 -0.00188207626342773
0.0387458801269531 0.0356216430664063 0.0010976791381836 -0.0108747482299805
-0.000770568847656248 0.0603141784667969 0.0100421905517578 -0.0297737121582031
-0.0369338989257812 0.067474365234375 0.0314350128173828 -0.0251483917236328
-0.0626182556152344 0.0537071228027344 0.0307960510253906 -0.00142097473144531
-0.08160400390625 0.0348129272460938 0.0395088195800781 0.0389404296875
-0.049346923828125 0.0557899475097656 0.00854110717773437 0.0373153686523437
-0.0209770202636719 0.0574684143066406 0.00790023803710937 0.0444679260253906
0.0191917419433594 0.0527420043945313 0.0374183654785156 0.0444412231445312
0.0401077270507813 0.0283546447753906 0.0495414733886719 0.0174026489257813
0.0487251281738281 -0.0043182373046875 0.0493812561035156 -0.0126609802246094
0.0444602966308594 -0.0258674621582031 0.0374641418457031 -0.0212249755859375
0.0432548522949219 -0.0236663818359375 0.0233631134033203 -0.0154247283935547
0.0472450256347656 -0.0275421142578125 0.0162334442138672 -0.00620746612548828
0.0562553405761719 -0.0137100219726563 0.0110845565795898 0.000417709350585937
0.0562171936035156 0.01702880859375 -0.00448846817016601 0.000973224639892579
0.0423469543457031 0.04473876953125 -0.0053868293762207 -0.00845241546630859
-0.00683212280273437 0.0667800903320313 0.00336647033691406 -0.0239276885986328
-0.0489692687988281 0.0687789916992188 0.0202827453613281 -0.00981140136718749
-0.0749969482421875 0.0495681762695313 0.00723934173583984 0.0118627548217773
-0.0892333984375 0.0202713012695312 0.007781982421875 0.0507736206054688
-0.0682830810546875 0.0500907897949219 -0.0134544372558594 0.0519332885742188
-0.0372962951660156 0.0649566650390625 -0.00152587890625 0.0518684387207031
0.0130653381347656 0.0681495666503906 0.0253944396972656 0.0470428466796875
0.0447578430175781 0.0407943725585938 0.0334835052490234 0.0200538635253906
0.0605392456054687 0.0013885498046875 0.0317935943603516 -0.00396156311035156
0.0546875 -0.0243415832519531 0.0217056274414063 -0.00631904602050781
0.0509910583496094 -0.0227394104003906 0.00960254669189453 -0.00017070770263672
0.0562629699707031 -0.026397705078125 0.00153732299804688 0.00701093673706054
0.062591552734375 -0.0114021301269531 -0.00418853759765625 0.00781059265136719
0.0587615966796875 0.0223350524902344 -0.0158290863037109 0.00340080261230469
0.0403518676757813 0.0495796203613281 -0.0113706588745117 -0.00765895843505859
-0.0140914916992187 0.0663414001464844 0.000236511230468749 -0.0184879302978516
-0.0568885803222656 0.0616722106933594 0.0104389190673828 0.00580310821533204
-0.0803146362304688 0.0379180908203125 -0.0176467895507813 0.0225067138671875
-0.080108642578125 0.000671386718749992 -0.0234565734863281 0.055572509765625
-0.0719146728515625 0.0317230224609375 -0.0354804992675781 0.0589599609375
-0.0473175048828125 0.0547866821289063 -0.0127525329589844 0.0533294677734375
0.00149536132812501 0.067657470703125 0.0105857849121094 0.0435829162597656
0.0381431579589844 0.0462188720703125 0.0147285461425781 0.0200748443603516
0.0604705810546875 0.00782012939453125 0.0112285614013672 0.00412845611572266
0.0556297302246094 -0.0191879272460938 0.00274229049682618 0.00850534439086914
0.05120849609375 -0.0184669494628906 -0.00576114654541015 0.0148515701293945
0.0566253662109375 -0.0217361450195313 -0.013824462890625 0.0197734832763672
0.0609512329101563 -0.00722122192382812 -0.0202980041503906 0.0143032073974609
0.0545158386230469 0.0252418518066406 -0.0274791717529297 0.00427246093750001
0.0340614318847656 0.0504112243652344 -0.0174484252929688 -0.00874900817871093
-0.0209503173828125 0.0603523254394531 -0.00223636627197266 -0.0142545700073242
-0.0605621337890625 0.0478897094726563 0.000138282775878902 0.0166349411010742
-0.0774154663085938 0.020263671875 -0.0417594909667969 0.0272064208984375
-0.0554161071777344 -0.0181961059570313 -0.0486297607421875 0.0530319213867187
-0.0581169128417969 0.00661087036132813 -0.0519294738769531 0.058685302734375
-0.04522705078125 0.0308036804199219 -0.0198020935058594 0.0501556396484375
-0.0107307434082031 0.0520973205566406 -0.00161361694335937 0.0360870361328125
0.0234489440917969 0.0414466857910156 -0.00173568725585937 0.0155038833618164
0.048004150390625 0.0131072998046875 -0.00838851928710937 0.00961494445800781
0.0468940734863281 -0.0101280212402344 -0.0149440765380859 0.0203952789306641
0.0432243347167969 -0.0118293762207031 -0.0201282501220703 0.0275554656982422
0.0488777160644531 -0.0143852233886719 -0.0280685424804687 0.0299396514892578
0.0521888732910156 -0.00268173217773438 -0.0359420776367188 0.0192031860351562
0.0452079772949219 0.0250511169433594 -0.0391311645507813 0.00427246093750001
0.0253410339355469 0.0457115173339844 -0.0243034362792969 -0.0113906860351562
-0.0259628295898438 0.0485877990722656 -0.0049734115600586 -0.0140295028686523
-0.0585098266601563 0.0296287536621094 -0.0106334686279297 0.0224208831787109
-0.0666770935058594 5.72204589843776E-05 -0.063812255859375 0.0259475708007813
-0.0223922729492188 -0.0353126525878906 -0.0603141784667969 0.0445213317871094
-0.0339736938476563 -0.0190048217773437 -0.0576553344726562 0.0535163879394531
-0.0349102020263672 0.00161933898925781 -0.0211257934570313 0.0441207885742188
-0.0197277069091797 0.0260372161865234 -0.00901031494140625 0.0271167755126953
0.00504112243652343 0.0282783508300781 -0.0120887756347656 0.0107126235961914
0.0279006958007812 0.015167236328125 -0.0224609375 0.0128459930419922
0.0312004089355469 -0.000574111938476563 -0.0281791687011719 0.0283908843994141
0.0289897918701172 -0.00302886962890625 -0.0313644409179688 0.0363082885742188
0.034210205078125 -0.005767822265625 -0.040252685546875 0.0367660522460938
0.0366744995117187 0.00128936767578125 -0.0492630004882813 0.0217094421386719
0.0310115814208984 0.020477294921875 -0.0489349365234375 0.00272750854492189
0.0154075622558594 0.0350761413574219 -0.0312614440917969 -0.0150108337402344
-0.0253486633300781 0.0332489013671875 -0.0100164413452148 -0.0152950286865234
-0.0490341186523438 0.00949478149414062 -0.0222072601318359 0.0210762023925781
-0.04730224609375 -0.0190849304199219 -0.0800247192382813 0.0172271728515625
0.00657463073730469 0.0335597991943359 0.0822830200195313 -0.0144271850585937
0.0306968688964844 0.00731849670410156 0.0301570892333984 -0.0119857788085938
0.0155258178710938 -0.0165843963623047 0.0120658874511719 0.0176601409912109
-0.00205230712890625 -0.0191211700439453 0.0408935546875 0.0252914428710937
-0.0127601623535156 -0.0134363174438477 0.0616912841796875 0.000377655029296874
-0.0201740264892578 -0.00304794311523437 0.0626068115234375 -0.0307083129882813
-0.0146303176879883 -0.00362682342529297 0.0488395690917969 -0.0480613708496094
-0.0111217498779297 -0.00670719146728516 0.0373191833496094 -0.0433578491210938
-0.0144252777099609 -0.0101613998413086 0.0339412689208984 -0.0322914123535156
-0.00320243835449219 -0.0190582275390625 0.0310897827148437 -0.0196609497070312
0.0149135589599609 -0.0181694030761719 0.0167827606201172 -0.0119123458862305
0.0252895355224609 -0.00243377685546875 0.0132656097412109 -0.0204086303710938
0.022979736328125 0.0243034362792969 0.0285873413085937 -0.0407981872558594
0.00916290283203125 0.0425338745117188 0.057281494140625 -0.0498580932617188
-0.0106353759765625 0.0449066162109375 0.0650749206542969 -0.0332221984863281
-0.0273361206054688 0.0440444946289062 0.0810317993164063 0.00191497802734375
0.00769233703613281 0.0310268402099609 0.0313987731933594 0.000577926635742189
0.00754165649414063 0.0104560852050781 0.0146503448486328 0.0255565643310547
0.00946998596191406 0.00386524200439453 0.0458412170410156 0.0319671630859375
0.00804615020751953 -0.0018916130065918 0.0653419494628906 0.00487899780273437
0.00445985794067383 -0.00683403015136719 0.0660057067871094 -0.0290412902832031
0.00705623626708984 -0.0153865814208984 0.0519332885742187 -0.0465507507324219
0.00926685333251953 -0.0159397125244141 0.0380210876464844 -0.0411643981933594
0.009765625 -0.0192928314208984 0.0334453582763672 -0.028900146484375
0.0224246978759766 -0.0183372497558594 0.0306758880615234 -0.0159721374511719
0.0343112945556641 -0.00386428833007813 0.0139894485473633 -0.00802230834960938
0.0342864990234375 0.0199527740478516 0.00845146179199219 -0.0158529281616211
0.00972747802734375 0.0475044250488281 0.019378662109375 -0.0367584228515625
-0.0177574157714844 0.0602836608886719 0.0455474853515625 -0.0414695739746094
-0.0413627624511719 0.0545883178710937 0.0534477233886719 -0.0193290710449219
-0.0604667663574219 0.0465621948242187 0.0671119689941406 0.0205307006835938
-0.021759033203125 0.0511627197265625 0.0247554779052734 0.0182437896728516
-0.00433349609375 0.0395889282226563 0.0138282775878906 0.0353775024414063
0.0191154479980469 0.0304965972900391 0.045989990234375 0.0392112731933594
0.0288047790527344 0.0125255584716797 0.0624275207519531 0.0105667114257812
0.0298709869384766 -0.00826644897460938 0.0624771118164063 -0.0231285095214844
0.0284023284912109 -0.0245323181152344 0.0486946105957031 -0.0378875732421875
0.0293407440185547 -0.0233345031738281 0.0337848663330078 -0.0322761535644531
0.0319595336914063 -0.0270347595214844 0.0272903442382813 -0.0201206207275391
0.0437164306640625 -0.0182456970214844 0.0238323211669922 -0.00972557067871094
0.0505599975585938 0.00761795043945313 0.00618219375610352 -0.00468063354492188
0.0421714782714844 0.0358543395996094 0.00196933746337891 -0.0126810073852539
0.00101089477539063 0.0636711120605469 0.0105819702148438 -0.0314979553222656
-0.0364456176757813 0.0719146728515625 0.0331459045410156 -0.0276813507080078
-0.0640830993652344 0.0581321716308594 0.0331840515136719 -0.00427627563476562
-0.0850448608398438 0.0401382446289063 0.0423088073730469 0.0390129089355469
-0.0502853393554688 0.060546875 0.00916290283203125 0.0369987487792969
-0.0204277038574219 0.0628662109375 0.00812911987304688 0.0462837219238281
0.0224800109863281 0.0556793212890625 0.0395278930664063 0.0457992553710938
0.0439987182617187 0.0283164978027344 0.0520477294921875 0.0169410705566406
0.0512542724609375 -0.00638198852539063 0.0509872436523437 -0.014434814453125
0.0458869934082031 -0.0293121337890625 0.0382614135742188 -0.0246315002441406
0.0442924499511719 -0.0275154113769531 0.0236759185791016 -0.0181865692138672
0.0489120483398438 -0.0311126708984375 0.0159721374511719 -0.00767135620117188
0.0584907531738281 -0.0175628662109375 0.0111789703369141 -0.00201416015625
0.0605010986328125 0.0151023864746094 -0.0042266845703125 -0.000466108322143553
0.0462493896484375 0.0456619262695313 -0.00485992431640625 -0.010004997253418
-0.00498962402343751 0.0717086791992188 0.00359153747558594 -0.0253734588623047
-0.04901123046875 0.0750808715820313 0.0215568542480469 -0.0118064880371094
-0.0775070190429687 0.054473876953125 0.00961589813232421 0.0102157592773438
-0.09423828125 0.0247879028320313 0.00889587402343749 0.052276611328125
-0.070343017578125 0.0557174682617188 -0.0132331848144531 0.0528526306152344
-0.0374603271484375 0.0713043212890625 -0.00201797485351563 0.0539360046386719
0.0167312622070313 0.0718994140625 0.0268402099609375 0.0484046936035156
0.0492935180664062 0.0411300659179688 0.0348873138427734 0.0209140777587891
0.0637741088867188 -0.00117874145507813 0.0323295593261719 -0.00417518615722656
0.0564193725585938 -0.0286636352539063 0.022064208984375 -0.00757026672363281
0.0527191162109375 -0.0270118713378906 0.00974273681640625 -0.00119400024414063
0.0582008361816406 -0.03094482421875 0.000907897949218753 0.00639533996582031
0.0654640197753906 -0.0152244567871094 -0.00438737869262695 0.00694894790649414
0.0633049011230469 0.0209083557128906 -0.0165605545043945 0.00261688232421875
0.0453109741210938 0.0508384704589844 -0.0115261077880859 -0.0091409683227539
-0.012451171875 0.0715713500976562 0.000268936157226563 -0.0198421478271484
-0.0571556091308594 0.0678596496582031 0.0111894607543945 0.00464439392089844
-0.0829620361328125 0.042755126953125 -0.0168552398681641 0.0226535797119141
-0.0852279663085938 0.0047760009765625 -0.0235786437988281 0.0585708618164063
-0.0745773315429688 0.036590576171875 -0.0360069274902344 0.0614547729492188
-0.0482063293457031 0.0605201721191406 -0.0131759643554688 0.055145263671875
0.0046234130859375 0.0719070434570313 0.0108299255371094 0.0455551147460938
0.0425796508789063 0.0468902587890625 0.0153312683105469 0.0213088989257813
0.0638694763183594 0.00569534301757812 0.0108804702758789 0.00527763366699219
0.0574607849121094 -0.0231132507324219 0.00344085693359375 0.0087590217590332
0.05291748046875 -0.022735595703125 -0.00555038452148437 0.0153923034667969
0.0585556030273438 -0.0262184143066406 -0.0148220062255859 0.0201950073242188
0.0642204284667969 -0.0112495422363281 -0.0212154388427734 0.0149517059326172
0.058990478515625 0.0239334106445313 -0.0289897918701172 0.00438308715820313
0.0387649536132813 0.0510826110839844 -0.0185775756835937 -0.00965309143066406
-0.0195693969726562 0.0650482177734375 -0.00257682800292969 -0.0158843994140625
-0.0613975524902344 0.053802490234375 0.00111389160156249 0.0164070129394531
-0.0799102783203125 0.0247344970703125 -0.0424041748046875 0.02825927734375
-0.0597305297851563 -0.0166130065917969 -0.0503730773925781 0.0564384460449219
-0.0612449645996094 0.0100288391113281 -0.053192138671875 0.0616531372070312
-0.0472755432128906 0.035797119140625 -0.0200614929199219 0.0520973205566406
-0.0083770751953125 0.0548629760742188 -0.00182723999023438 0.0372886657714844
0.0272064208984375 0.0421562194824219 -0.00211906433105469 0.0177631378173828
0.0509910583496094 0.0106391906738281 -0.00904273986816406 0.0118570327758789
0.0485649108886719 -0.0140037536621094 -0.0142974853515625 0.0219078063964844
0.0447578430175781 -0.0149765014648438 -0.0196285247802734 0.0297679901123047
0.0507240295410156 -0.0184097290039062 -0.0292034149169922 0.0322322845458984
0.0544624328613281 -0.00623703002929688 -0.0375823974609375 0.0210723876953125
0.048553466796875 0.0238380432128906 -0.0416412353515625 0.00539779663085938
0.028900146484375 0.0466995239257813 -0.0264072418212891 -0.0125579833984375
-0.0247116088867188 0.0529594421386719 -0.00569915771484375 -0.0149946212768555
-0.0600128173828125 0.0340652465820313 -0.0101776123046875 0.0232372283935547
-0.0691757202148437 0.00308990478515624 -0.0656280517578125 0.0277252197265625
-0.0249443054199219 -0.0351676940917969 -0.0634307861328125 0.0494499206542969
-0.0365715026855469 -0.017669677734375 -0.0591316223144531 0.0568809509277344
-0.0367240905761719 0.00426483154296875 -0.0215873718261719 0.0458908081054688
-0.0187759399414063 0.0283164978027344 -0.00945281982421875 0.0288600921630859
0.00719070434570313 0.0292224884033203 -0.0130939483642578 0.0129547119140625
0.0296916961669922 0.0141315460205078 -0.0230960845947266 0.0158214569091797
0.0323963165283203 -0.00284194946289063 -0.0278701782226562 0.0312156677246094
0.0302486419677734 -0.00543594360351563 -0.0308647155761719 0.039154052734375
0.0352401733398438 -0.00830841064453125 -0.0412139892578125 0.0402336120605469
0.0383567810058594 -0.000858306884765625 -0.0511207580566406 0.0245628356933594
0.0337142944335938 0.0198154449462891 -0.0519256591796875 0.00434494018554688
0.0181198120117187 0.0362129211425781 -0.0330619812011719 -0.0154762268066406
-0.0251960754394531 0.0359382629394531 -0.0106306076049805 -0.0164365768432617
-0.0502357482910156 0.0125846862792969 -0.0214328765869141 0.0224876403808594
-0.0490798950195313 -0.0179328918457031 -0.0835037231445313 0.0194625854492187
0.00860023498535156 0.0341796875 0.0860977172851563 -0.0186691284179688
0.0320816040039063 0.00603675842285156 0.0302104949951172 -0.0139350891113281
0.014678955078125 -0.0176906585693359 0.0128250122070313 0.0184879302978516
-0.00312042236328125 -0.0198173522949219 0.044189453125 0.0254096984863281
-0.0142612457275391 -0.0126447677612305 0.0647659301757813 -0.00362396240234375
-0.02081298828125 -0.00123977661132813 0.0640640258789063 -0.0368385314941406
-0.0153541564941406 -0.00232982635498047 0.0485458374023438 -0.0536079406738281
-0.0121793746948242 -0.00590610504150391 0.0361976623535156 -0.0484542846679687
-0.0154447555541992 -0.00908088684082031 0.0330123901367188 -0.0375709533691406
-0.00452995300292969 -0.0189113616943359 0.0312271118164063 -0.0241680145263672
0.013336181640625 -0.0199966430664063 0.0180683135986328 -0.0148067474365234
0.0262680053710938 -0.004180908203125 0.0145339965820313 -0.0228385925292969
0.0255260467529297 0.0239105224609375 0.0289764404296875 -0.0439071655273438
0.0122795104980469 0.0436172485351563 0.057952880859375 -0.0556297302246094
-0.00841140747070313 0.04693603515625 0.0683670043945313 -0.039306640625
-0.0270195007324219 0.0477676391601562 0.085479736328125 -0.00202178955078125
0.00886344909667969 0.0323753356933594 0.0318984985351563 -0.00114059448242187
0.00866413116455078 0.0116195678710938 0.0160388946533203 0.0262775421142578
0.0105466842651367 0.00403785705566406 0.0493507385253906 0.0313606262207031
0.00810670852661133 -0.00243759155273438 0.0686607360839844 0.0012969970703125
0.0043182373046875 -0.00692367553710938 0.0674552917480469 -0.0348091125488281
0.00648784637451172 -0.0160198211669922 0.0510101318359375 -0.0523567199707031
0.00903129577636719 -0.0174703598022461 0.0367698669433594 -0.0463027954101563
0.00951194763183593 -0.0211162567138672 0.0329723358154297 -0.0334873199462891
0.0223503112792969 -0.0204143524169922 0.0312213897705078 -0.0209083557128906
0.0356216430664063 -0.0059051513671875 0.0148754119873047 -0.0113973617553711
0.0370063781738281 0.0189094543457031 0.00972557067871094 -0.0181350708007813
0.0125617980957031 0.0497322082519531 0.0195465087890625 -0.0391349792480469
-0.0152130126953125 0.0645484924316406 0.04620361328125 -0.0459632873535156
-0.0399703979492188 0.0591964721679687 0.0561408996582031 -0.0251808166503906
-0.0615196228027344 0.0528831481933594 0.0717239379882813 0.0181884765625
-0.0204505920410156 0.0555229187011719 0.0259437561035156 0.0173244476318359
-0.00232696533203125 0.0434913635253906 0.015167236328125 0.0371475219726563
0.0218868255615234 0.0320091247558594 0.0493392944335938 0.0388221740722656
0.0316524505615234 0.011688232421875 0.0659713745117188 0.00777435302734375
0.0312099456787109 -0.0103683471679688 0.063751220703125 -0.0279312133789063
0.0283699035644531 -0.0277938842773438 0.0478935241699219 -0.0436553955078125
0.0294170379638672 -0.0275478363037109 0.0323028564453125 -0.0368118286132813
0.0320911407470703 -0.0307655334472656 0.0262393951416016 -0.0241432189941406
0.0448341369628906 -0.0220603942871094 0.0238914489746094 -0.0138111114501953
0.0539588928222656 0.00461959838867188 0.006378173828125 -0.00714969635009766
0.0470504760742188 0.0353279113769531 0.00283622741699219 -0.014409065246582
0.00539779663085938 0.0676307678222656 0.00993156433105469 -0.0336093902587891
-0.0344009399414063 0.0783615112304688 0.0333728790283203 -0.0319671630859375
-0.0638351440429688 0.0647392272949219 0.0363273620605469 -0.00843048095703125
-0.0872802734375 0.0483474731445312 0.0462989807128906 0.0386276245117188
-0.049591064453125 0.0676765441894531 0.010406494140625 0.0372123718261719
-0.0171737670898438 0.0690040588378906 0.00944900512695313 0.0480880737304688
0.0275993347167969 0.0579032897949219 0.0428199768066406 0.04620361328125
0.0485610961914063 0.0270156860351563 0.0548858642578125 0.0155258178710938
0.0539131164550781 -0.00965118408203125 0.0523223876953125 -0.0174064636230469
0.0465621948242188 -0.0344123840332031 0.0382118225097656 -0.0286064147949219
0.0448417663574219 -0.0327873229980469 0.0226936340332031 -0.0212287902832031
0.0494880676269531 -0.0365409851074219 0.0149774551391602 -0.0102252960205078
0.0602798461914063 -0.0228996276855469 0.011082649230957 -0.00459957122802735
0.0648765563964844 0.0118217468261719 -0.00428318977355957 -0.00228357315063476
0.0525474548339844 0.045013427734375 -0.00502395629882812 -0.0112819671630859
-0.000564575195312498 0.0767059326171875 0.00333595275878907 -0.0271968841552734
-0.0467910766601563 0.0830535888671875 0.0219955444335937 -0.0146255493164062
-0.0784759521484375 0.062408447265625 0.0115318298339844 0.00835418701171876
-0.0984115600585938 0.0331192016601562 0.0119209289550781 0.05419921875
-0.070465087890625 0.0635833740234375 -0.0120086669921875 0.0550041198730469
-0.035125732421875 0.0788497924804688 -0.000556945800781257 0.0562019348144531
0.0229568481445313 0.0750350952148438 0.0294914245605469 0.0497932434082031
0.0556602478027344 0.0401573181152344 0.0371475219726563 0.0207061767578125
0.067413330078125 -0.00557327270507813 0.0333118438720703 -0.00481033325195313
0.0575714111328125 -0.0348472595214844 0.0227260589599609 -0.00948905944824219
0.0536994934082031 -0.0330429077148438 0.00944232940673828 -0.00263023376464844
0.0592613220214844 -0.0376510620117188 0.000538349151611332 0.00623989105224609
0.0678672790527344 -0.0212249755859375 -0.00486946105957031 0.00633525848388672
0.068939208984375 0.0173225402832031 -0.0176105499267578 0.0024566650390625
0.0514717102050781 0.0506248474121094 -0.0125579833984375 -0.0100679397583008
-0.0078277587890625 0.0773849487304688 -0.000484466552734377 -0.0212268829345703
-0.0557861328125 0.0766143798828125 0.012542724609375 0.00319004058837891
-0.0846176147460937 0.0508880615234375 -0.0149307250976563 0.0229606628417969
-0.089935302734375 0.010986328125 -0.0221519470214844 0.0628585815429688
-0.076324462890625 0.0437850952148437 -0.0354957580566406 0.0653038024902344
-0.0468635559082031 0.0686836242675781 -0.0120849609375 0.0579566955566406
0.0101699829101563 0.0757522583007813 0.012664794921875 0.0468940734863281
0.0492591857910156 0.0461883544921875 0.0163078308105469 0.0224647521972656
0.0678520202636719 0.00127792358398438 0.0115413665771484 0.006378173828125
0.059051513671875 -0.029327392578125 0.00423526763916016 0.00910663604736328
0.0534820556640625 -0.0284538269042969 -0.0050201416015625 0.0158576965332031
0.0600090026855469 -0.0330238342285156 -0.0149345397949219 0.0220584869384766
0.0669021606445313 -0.0168991088867188 -0.0221996307373047 0.0158138275146484
0.06414794921875 0.0205802917480469 -0.0307102203369141 0.00556182861328125
0.0445213317871094 0.0511207580566406 -0.0203418731689453 -0.0104503631591797
-0.0160064697265625 0.0707244873046875 -0.00325870513916016 -0.0171775817871094
-0.0609054565429687 0.0616950988769531 0.00241851806640625 0.0161066055297852
-0.0822296142578125 0.03155517578125 -0.042144775390625 0.0306243896484375
-0.0643844604492188 -0.0126724243164062 -0.0505294799804688 0.0624008178710938
-0.0636367797851563 0.0150375366210938 -0.0531005859375 0.0670738220214844
-0.0477714538574219 0.0415534973144531 -0.019439697265625 0.0548667907714844
-0.00479125976562501 0.0592918395996094 -0.000907897949218752 0.0396461486816406
0.0318946838378906 0.0420379638671875 -0.00200653076171875 0.019866943359375
0.05462646484375 0.00751113891601563 -0.00867843627929687 0.0148715972900391
0.050079345703125 -0.0186195373535156 -0.0133419036865234 0.0245800018310547
0.0458450317382813 -0.0195579528808594 -0.0185794830322266 0.0322284698486328
0.0516242980957031 -0.0239791870117188 -0.0290298461914062 0.0359725952148438
0.0572280883789063 -0.0111007690429688 -0.0387344360351562 0.024261474609375
0.0533256530761719 0.0212287902832031 -0.0438079833984375 0.00748443603515626
0.0341033935546875 0.0467987060546875 -0.0283260345458984 -0.0121650695800781
-0.0222663879394531 0.0576210021972656 -0.00667285919189453 -0.0161762237548828
-0.0601043701171875 0.0406303405761719 -0.00881767272949219 0.0242729187011719
-0.0722732543945313 0.00796508789062501 -0.067474365234375 0.0316658020019531
-0.028839111328125 -0.0349941253662109 -0.0646400451660156 0.0558929443359375
-0.0400199890136719 -0.0153274536132813 -0.0595512390136719 0.0622978210449219
-0.0384140014648438 0.00764846801757812 -0.0212669372558594 0.0485496520996094
-0.0170383453369141 0.0317821502685547 -0.0100440979003906 0.0308628082275391
0.0103473663330078 0.0294761657714844 -0.0138940811157227 0.0158586502075195
0.0323600769042969 0.0123310089111328 -0.0233497619628906 0.0198860168457031
0.0335845947265625 -0.00571823120117188 -0.0265865325927734 0.0350341796875
0.0311298370361328 -0.00868797302246094 -0.0294189453125 0.0435829162597656
0.0367164611816406 -0.01190185546875 -0.0409889221191406 0.0451622009277344
0.0401611328125 -0.00411605834960937 -0.0529327392578125 0.0289039611816406
0.0369720458984375 0.0182838439941406 -0.0550193786621094 0.00730895996093751
0.0215873718261719 0.0359306335449219 -0.0362129211425781 -0.0147628784179687
-0.0239982604980469 0.0393333435058594 -0.0119638442993164 -0.0172910690307617
-0.0512123107910156 0.0164718627929688 -0.0207939147949219 0.0242156982421875
-0.0515213012695313 -0.0153617858886719 -0.0866241455078125 0.0246658325195313
0.0110988616943359 0.0345783233642578 0.0880355834960938 -0.0251922607421875
0.0324306488037109 0.00395011901855469 0.0293598175048828 -0.0162200927734375
0.0136890411376953 -0.0192718505859375 0.0143165588378906 0.0188140869140625
-0.00481033325195312 -0.0195674896240234 0.0471343994140625 0.0232582092285156
-0.0158500671386719 -0.0112066268920898 0.0663681030273438 -0.00819015502929688
-0.0206069946289063 0.0013275146484375 0.0629997253417969 -0.0432624816894531
-0.0151557922363281 -0.000723838806152343 0.0448875427246094 -0.0598106384277344
-0.0128879547119141 -0.00497531890869141 0.0322418212890625 -0.0528984069824219
-0.0157327651977539 -0.00743198394775391 0.0298843383789063 -0.0413894653320313
-0.00628662109375 -0.0182132720947266 0.0292434692382813 -0.0288619995117188
0.01129150390625 -0.0208339691162109 0.0181198120117187 -0.0187225341796875
0.0258998870849609 -0.00628471374511719 0.0147800445556641 -0.0249423980712891
0.0277080535888672 0.0221424102783203 0.0276603698730469 -0.0464859008789063
0.0155181884765625 0.04339599609375 0.0555610656738281 -0.0611610412597656
-0.00527191162109375 0.0484275817871094 0.0686111450195313 -0.0475311279296875
-0.0243110656738281 0.0513687133789063 0.0877761840820313 -0.00801849365234375
0.0111503601074219 0.0333786010742188 0.0317306518554687 -0.00320243835449218
0.0101785659790039 0.0125360488891602 0.0175933837890625 0.0263195037841797
0.0112390518188477 0.00354290008544922 0.0526847839355469 0.0294418334960937
0.00836992263793945 -0.00264358520507813 0.0700225830078125 -0.00369644165039062
0.00496292114257813 -0.00705814361572266 0.0663909912109375 -0.0412979125976563
0.00559425354003906 -0.0172624588012695 0.0478630065917969 -0.0582466125488281
0.00799179077148438 -0.0190105438232422 0.0329170227050781 -0.05120849609375
0.00848007202148438 -0.0224285125732422 0.0297927856445313 -0.0379562377929688
0.0213108062744141 -0.0222606658935547 0.0294857025146484 -0.0256099700927734
0.0362358093261719 -0.00866317749023438 0.015045166015625 -0.0143575668334961
0.0392494201660156 0.0169334411621094 0.01019287109375 -0.0203571319580078
0.0168571472167969 0.0496940612792969 0.0183639526367188 -0.0414505004882813
-0.010467529296875 0.0674018859863281 0.0445175170898437 -0.050506591796875
-0.0369453430175781 0.0636863708496094 0.057373046875 -0.0321197509765625
-0.0595245361328125 0.0599899291992188 0.0749282836914063 0.0133132934570313
-0.0170631408691406 0.0592994689941406 0.0263385772705078 0.0154647827148438
0.00142669677734375 0.0463600158691406 0.0175209045410156 0.037109375
0.0258312225341797 0.0309810638427734 0.0534019470214844 0.0370063781738281
0.0336837768554688 0.0092620849609375 0.0671806335449219 0.00362396240234375
0.0320472717285156 -0.0130329132080078 0.0636062622070313 -0.0334358215332031
0.0270061492919922 -0.0311641693115234 0.0454559326171875 -0.0488929748535156
0.0276756286621094 -0.0308494567871094 0.0291252136230469 -0.0409088134765625
0.0306358337402344 -0.0350532531738281 0.0243721008300781 -0.0276660919189453
0.0442085266113281 -0.0267143249511719 0.0223426818847656 -0.0179634094238281
0.0557212829589844 0.0003814697265625 0.00639152526855469 -0.00992774963378906
0.0513839721679688 0.0326080322265625 0.00271224975585938 -0.0160865783691406
0.010589599609375 0.0697364807128906 0.00887298583984375 -0.0353813171386719
-0.0290679931640625 0.0843124389648438 0.0322151184082031 -0.0358085632324219
-0.0613632202148438 0.071502685546875 0.0383758544921875 -0.0133056640625
-0.0864944458007812 0.057373046875 0.0502243041992187 0.0361366271972656
-0.0456466674804687 0.074188232421875 0.0122909545898437 0.0371131896972656
-0.0125503540039062 0.0738067626953125 0.0120849609375 0.0483589172363281
0.0336418151855469 0.0578041076660156 0.0461463928222656 0.0449333190917969
0.0529861450195313 0.0230827331542969 0.0570487976074219 0.0124664306640625
0.0550956726074219 -0.0145988464355469 0.0518989562988281 -0.0210456848144531
0.0445365905761719 -0.0394439697265625 0.0367813110351563 -0.0326423645019531
0.043060302734375 -0.0381698608398437 0.0205764770507813 -0.0243053436279297
0.0478363037109375 -0.0428657531738281 0.0134820938110352 -0.0121240615844727
0.0602264404296875 -0.0292396545410156 0.0101423263549805 -0.00725173950195313
0.0683631896972656 0.00600051879882813 -0.0051274299621582 -0.00338554382324219
0.0582122802734375 0.0422821044921875 -0.00556755065917968 -0.0123863220214844
0.00604248046875001 0.0800247192382812 0.00162315368652344 -0.0282421112060547
-0.0415267944335938 0.090087890625 0.0219936370849609 -0.0174388885498047
-0.0759429931640625 0.0703277587890625 0.0140352249145508 0.00562858581542969
-0.0992431640625 0.0431060791015625 0.01580810546875 0.055084228515625
-0.0677413940429687 0.071868896484375 -0.00931167602539064 0.0566596984863281
-0.0294418334960938 0.085784912109375 0.00180053710937499 0.0573234558105469
0.0304031372070313 0.0758514404296875 0.0324249267578125 0.0488319396972656
0.0611915588378906 0.0363235473632813 0.0389900207519531 0.0195350646972656
0.0696640014648438 -0.0115928649902344 0.03387451171875 -0.00663375854492188
0.0555877685546875 -0.0412826538085937 0.0220527648925781 -0.0114784240722656
0.0518264770507812 -0.0394096374511719 0.00926589965820313 -0.0041952133178711
0.057403564453125 -0.0447654724121094 -2.47955322265592E-05 0.00647878646850586
0.0680007934570313 -0.0286712646484375 -0.00536680221557617 0.00521039962768555
0.0725860595703125 0.0108566284179687 -0.0180435180664062 0.00271987915039062
0.05792236328125 0.0471267700195313 -0.0136709213256836 -0.0106134414672851
-0.00148773193359375 0.0813217163085938 -0.00188064575195313 -0.0219192504882812
-0.0505294799804688 0.084625244140625 0.0132637023925781 0.00145530700683594
-0.0828094482421875 0.0595245361328125 -0.0131340026855469 0.0226879119873047
-0.092041015625 0.0198974609375 -0.0189399719238281 0.0664100646972656
-0.0752029418945312 0.0517730712890625 -0.0324897766113281 0.0688247680664063
-0.0425949096679688 0.0757675170898438 -0.00880050659179687 0.0599365234375
0.0171279907226562 0.0776290893554688 0.015289306640625 0.0476303100585938
0.0548171997070313 0.0429000854492188 0.0178756713867188 0.0230255126953125
0.0700149536132813 -0.00505828857421875 0.0123367309570313 0.00722026824951172
0.0573997497558594 -0.0353965759277344 0.005462646484375 0.0091104507446289
0.0522232055664063 -0.0348892211914063 -0.0040445327758789 0.0164279937744141
0.05853271484375 -0.0400466918945313 -0.0140666961669922 0.0240974426269531
0.0670585632324219 -0.0240058898925781 -0.0218029022216797 0.0173435211181641
0.0687637329101563 0.0151557922363281 -0.0318527221679687 0.00737380981445313
0.0511093139648437 0.0486602783203125 -0.0220623016357422 -0.00957489013671875
-0.0102386474609375 0.0751190185546875 -0.00458526611328125 -0.0178413391113281
-0.0570106506347656 0.0691642761230469 0.00384140014648437 0.0157089233398438
-0.082061767578125 0.039794921875 -0.0406837463378906 0.0331039428710938
-0.0674324035644531 -0.00633239746093751 -0.0481338500976563 0.0684165954589844
-0.06439208984375 0.0214996337890625 -0.0502853393554688 0.0720901489257812
-0.0456962585449219 0.0483932495117188 -0.0175514221191406 0.0567131042480469
0.0009613037109375 0.0618171691894531 0.000270843505859377 0.0408287048339844
0.0373039245605469 0.0400543212890625 -0.00136375427246094 0.021697998046875
0.0571517944335938 0.0029144287109375 -0.00772285461425781 0.0177249908447266
0.0496292114257813 -0.023895263671875 -0.0112152099609375 0.0271053314208984
0.0448379516601563 -0.0254898071289063 -0.0160636901855469 0.0346317291259766
0.0510787963867188 -0.0298271179199219 -0.0267753601074219 0.0397605895996094
0.057464599609375 -0.016998291015625 -0.0382575988769531 0.0274543762207031
0.0571975708007812 0.0165748596191406 -0.0449867248535156 0.01092529296875
0.0396919250488281 0.044464111328125 -0.0306262969970703 -0.0107154846191406
-0.0178794860839844 0.0619430541992188 -0.00820636749267578 -0.0161476135253906
-0.0578727722167969 0.0474281311035156 -0.00650215148925781 0.0247955322265625
-0.0722427368164063 0.0149307250976562 -0.0665779113769531 0.0368728637695313
-0.0325164794921875 -0.0326213836669922 -0.0634498596191406 0.0630302429199218
-0.0424728393554688 -0.0115318298339844 -0.0570755004882812 0.0681037902832031
-0.0386428833007813 0.0123176574707031 -0.0192489624023438 0.0506553649902344
-0.0143108367919922 0.0347423553466797 -0.00905990600585938 0.03289794921875
0.0139904022216797 0.0292682647705078 -0.0136661529541016 0.0188159942626953
0.034393310546875 0.00908279418945313 -0.0224628448486328 0.0237674713134766
0.0336513519287109 -0.00933647155761719 -0.0237503051757812 0.0383720397949219
0.0310840606689453 -0.0118923187255859 -0.0256462097167969 0.0467796325683594
0.0363616943359375 -0.01580810546875 -0.0376319885253906 0.050384521484375
0.0407485961914062 -0.00851058959960937 -0.0520553588867188 0.0341415405273438
0.0399246215820313 0.0151557922363281 -0.0562515258789063 0.011962890625
0.0248661041259766 0.0350914001464844 -0.0387306213378906 -0.0130500793457031
-0.0213508605957031 0.0425376892089844 -0.013239860534668 -0.0173215866088867
-0.0509033203125 0.0216636657714844 -0.0185832977294922 0.0258445739746094
-0.05303955078125 -0.0111961364746094 -0.0873184204101563 0.0309295654296875
0.01324462890625 0.0336494445800781 0.08673095703125 -0.0307846069335937
0.0323257446289063 0.00194740295410156 0.0276012420654297 -0.0176029205322266
0.0126209259033203 -0.0199413299560547 0.0148391723632813 0.0186328887939453
-0.00621414184570313 -0.0191402435302734 0.0486106872558594 0.0209846496582031
-0.016392707824707 -0.00940704345703125 0.0654144287109375 -0.0125770568847656
-0.0203475952148438 0.00325584411621093 0.0591659545898438 -0.0482406616210938
-0.0150146484375 0.000718116760253905 0.0401878356933594 -0.0629692077636719
-0.0132808685302734 -0.00370407104492188 0.027374267578125 -0.0555305480957031
-0.0161228179931641 -0.00610542297363281 0.0260200500488281 -0.0445022583007813
-0.0073394775390625 -0.017303466796875 0.0263328552246094 -0.0319328308105469
0.0092010498046875 -0.0213851928710937 0.0172691345214844 -0.0211925506591797
0.0250263214111328 -0.0077667236328125 0.0144176483154297 -0.0267486572265625
0.0292530059814453 0.0199661254882813 0.0254096984863281 -0.04754638671875
0.0180854797363281 0.0420494079589844 0.0520172119140625 -0.0646896362304688
-0.00230789184570313 0.0480461120605469 0.0665817260742187 -0.0535240173339844
-0.0209770202636719 0.0535545349121094 0.0878982543945313 -0.0135269165039062
0.013275146484375 0.0332145690917969 0.0305385589599609 -0.00521659851074219
0.0114336013793945 0.0127477645874023 0.0184593200683594 0.0258007049560547
0.0115766525268555 0.00288581848144531 0.0538978576660156 0.0268135070800781
0.00853300094604492 -0.00283908843994141 0.0694808959960938 -0.0082244873046875
0.00510644912719727 -0.00724315643310547 0.0629653930664063 -0.0460662841796875
0.00437736511230469 -0.0178604125976563 0.0431671142578125 -0.0619773864746094
0.00589752197265625 -0.0197086334228516 0.0281181335449219 -0.0533027648925781
0.00681304931640625 -0.0233669281005859 0.0259933471679688 -0.0409660339355469
0.0197792053222656 -0.0239696502685547 0.0269851684570313 -0.029571533203125
0.0349788665771484 -0.0108413696289063 0.0141057968139648 -0.0175571441650391
0.0403861999511719 0.0141029357910156 0.00960540771484375 -0.0217876434326172
0.0207405090332031 0.0488014221191406 0.0165252685546875 -0.0417098999023437
-0.00638198852539063 0.0683135986328125 0.041534423828125 -0.0537796020507812
-0.0329360961914063 0.065948486328125 0.0563697814941406 -0.0378456115722656
-0.0555610656738281 0.0645599365234375 0.0760498046875 0.00858306884765625
-0.0128173828125 0.0615730285644531 0.0263023376464844 0.0135993957519531
0.00527572631835937 0.0474586486816406 0.0185356140136719 0.0364112854003906
0.0284194946289063 0.029296875 0.0547218322753906 0.0339279174804688
0.0348129272460938 0.00684165954589844 0.0673599243164062 -0.000568389892578124
0.031402587890625 -0.0152645111083984 0.0603485107421875 -0.03759765625
0.0243511199951172 -0.0335426330566406 0.0412635803222656 -0.0527076721191406
0.0247650146484375 -0.033477783203125 0.0247650146484375 -0.0434608459472656
0.0280685424804687 -0.0377349853515625 0.0208454132080078 -0.029815673828125
0.0425376892089844 -0.0303840637207031 0.020111083984375 -0.0217800140380859
0.0556106567382813 -0.0037078857421875 0.00552940368652344 -0.0118598937988281
0.0537948608398438 0.0291290283203125 0.00231742858886719 -0.0176181793212891
0.0158767700195313 0.0698928833007813 0.0074920654296875 -0.0358352661132812
-0.0232162475585938 0.08709716796875 0.0301971435546875 -0.0381889343261719
-0.0565872192382812 0.0759201049804688 0.03839111328125 -0.0182342529296875
-0.0827102661132813 0.0648345947265625 0.0526313781738281 0.0333175659179688
-0.0404205322265625 0.0782928466796875 0.0133819580078125 0.035552978515625
-0.00637817382812501 0.0764083862304688 0.0138435363769531 0.0478324890136719
0.0384330749511719 0.0559730529785156 0.0481529235839844 0.04229736328125
0.0550270080566406 0.0191154479980469 0.0574684143066406 0.00917816162109375
0.0547866821289062 -0.0189552307128906 0.0505790710449219 -0.023773193359375
0.0413932800292969 -0.0436286926269531 0.0336647033691406 -0.0353469848632813
0.0393638610839844 -0.0420455932617188 0.0177192687988281 -0.0261440277099609
0.0439910888671875 -0.047088623046875 0.012080192565918 -0.013371467590332
0.0577468872070313 -0.0344734191894531 0.00874042510986328 -0.0100021362304688
0.0693168640136719 0.000675201416015625 -0.00566816329956054 -0.00463724136352539
0.0617103576660156 0.0377464294433594 -0.00603866577148437 -0.0130453109741211
0.01202392578125 0.0806198120117188 0.000391006469726566 -0.0287075042724609
-0.0346145629882812 0.0944366455078125 0.0205364227294922 -0.0194721221923828
-0.071136474609375 0.07623291015625 0.0150003433227539 0.00240802764892579
-0.095947265625 0.0508956909179687 0.0191078186035156 0.0544281005859375
-0.0626068115234375 0.077728271484375 -0.00704193115234376 0.0564460754394531
-0.0227508544921875 0.0896453857421875 0.00430297851562499 0.0567512512207031
0.0366439819335937 0.0740890502929688 0.0343704223632813 0.0470657348632813
0.064483642578125 0.0311737060546875 0.0396690368652344 0.017822265625
0.0689010620117188 -0.0174713134765625 0.0333786010742188 -0.00779151916503906
0.0521888732910156 -0.0460777282714844 0.0212650299072266 -0.0134010314941406
0.0483818054199219 -0.0442657470703125 0.00792026519775391 -0.00488138198852539
0.0532493591308594 -0.0501785278320313 0.0003504753112793 0.00622320175170898
0.0659103393554688 -0.0346260070800781 -0.00570201873779296 0.00447416305541992
0.0741653442382812 0.00475311279296875 -0.0186176300048828 0.00255393981933594
0.062347412109375 0.042633056640625 -0.0143251419067383 -0.0099191665649414
0.0049591064453125 0.082733154296875 -0.00323486328125 -0.0221061706542969
-0.0443191528320312 0.0896072387695313 0.0137767791748047 -0.000145912170410151
-0.0789413452148438 0.0656967163085937 -0.0109367370605469 0.0215797424316406
-0.0908889770507813 0.0277862548828125 -0.0151710510253906 0.0681991577148438
-0.0715484619140625 0.0579986572265625 -0.0289382934570313 0.0700531005859375
-0.03668212890625 0.0806884765625 -0.006866455078125 0.0597000122070313
0.023162841796875 0.0769500732421875 0.0167312622070313 0.0470466613769531
0.0583915710449219 0.0386276245117188 0.0189609527587891 0.0230121612548828
0.0699005126953125 -0.0106239318847656 0.0133190155029297 0.00799465179443359
0.0542945861816406 -0.0403976440429688 0.00586032867431641 0.00863790512084961
0.049072265625 -0.0398445129394531 -0.00315761566162109 0.0164699554443359
0.0549240112304688 -0.0457687377929688 -0.0123958587646484 0.0249214172363281
0.0648689270019531 -0.0300521850585938 -0.0213127136230469 0.0180492401123047
0.0704803466796875 0.0089874267578125 -0.0314655303955078 0.00910758972167968
0.0554618835449219 0.04443359375 -0.0228748321533203 -0.00837898254394531
-0.00404357910156249 0.0767669677734375 -0.0059356689453125 -0.0177192687988281
-0.0518341064453125 0.0750808715820312 0.00556659698486328 0.0147342681884766
-0.0791549682617188 0.0460128784179688 -0.0375556945800781 0.0344963073730469
-0.0680732727050781 -0.000957489013671871 -0.0446624755859375 0.07269287109375
-0.0630111694335938 0.0269393920898437 -0.046661376953125 0.074798583984375
-0.0418853759765625 0.0527000427246094 -0.0149688720703125 0.0573387145996094
0.00599288940429687 0.0624313354492188 0.00152587890625 0.0411376953125
0.0406455993652344 0.0363845825195313 5.3405761718755E-05 0.0232353210449219
0.0574264526367188 -0.0022430419921875 -0.0059356689453125 0.0194549560546875
0.0469627380371094 -0.0283050537109375 -0.00935745239257812 0.0275726318359375
0.0427589416503906 -0.0293083190917969 -0.0136299133300781 0.03570556640625
0.0480918884277344 -0.0348472595214844 -0.024383544921875 0.0411643981933594
0.0563545227050781 -0.0220489501953125 -0.0363197326660156 0.0301589965820312
0.0590248107910156 0.0116157531738281 -0.0446701049804687 0.013885498046875
0.0432891845703125 0.0417442321777344 -0.0317840576171875 -0.00914192199707032
-0.0125694274902344 0.0639991760253906 -0.00925731658935547 -0.0161514282226562
-0.053924560546875 0.052764892578125 -0.00450897216796876 0.0243453979492188
-0.0709228515625 0.0200729370117187 -0.0635643005371094 0.0402183532714844
-0.0346946716308594 -0.0292854309082031 -0.0601158142089844 0.0684242248535156
-0.0429306030273438 -0.00801849365234374 -0.0536727905273437 0.0714187622070313
-0.0373764038085938 0.0162696838378906 -0.0174179077148438 0.0509834289550781
-0.0105628967285156 0.0362586975097656 -0.0086212158203125 0.0338306427001953
0.0164661407470703 0.0277156829833984 -0.013214111328125 0.0211753845214844
0.0351333618164063 0.00587272644042969 -0.0200386047363281 0.0267829895019531
0.0322780609130859 -0.0123119354248047 -0.0201263427734375 0.0405387878417969
0.0298404693603516 -0.0145664215087891 -0.0215644836425781 0.048919677734375
0.0347938537597656 -0.0194911956787109 -0.0342140197753906 0.0533981323242187
0.0397605895996094 -0.0120048522949219 -0.050079345703125 0.0379905700683594
0.0410842895507812 0.0116844177246094 -0.0558013916015625 0.0160446166992188
0.0278339385986328 0.0328140258789063 -0.0399742126464844 -0.0108070373535156
-0.0185127258300781 0.044525146484375 -0.014286994934082 -0.016383171081543
-0.0486831665039063 0.0256309509277344 -0.0164070129394531 0.0265254974365234
-0.0531578063964844 -0.00726699829101563 -0.0847015380859375 0.0366744995117188
0.0141487121582031 0.0328140258789063 0.08563232421875 -0.0334014892578125
0.0319690704345703 0.00119400024414063 0.0262165069580078 -0.0179615020751953
0.0116386413574219 -0.0202236175537109 0.0149803161621094 0.0185928344726562
-0.00719451904296875 -0.0188827514648438 0.04864501953125 0.01922607421875
-0.0170841217041016 -0.00817680358886719 0.0636215209960938 -0.0146102905273438
-0.0194206237792969 0.00466346740722656 0.0557174682617188 -0.0504989624023438
-0.0149850845336914 0.00155067443847657 0.0366554260253906 -0.0642242431640625
-0.0133771896362305 -0.0030517578125 0.0239753723144531 -0.0561599731445313
-0.015690803527832 -0.00498580932617188 0.0228080749511719 -0.0454673767089844
-0.00819110870361328 -0.0160303115844727 0.0233955383300781 -0.0341300964355469
0.0078125 -0.0206584930419922 0.0166740417480469 -0.0231742858886719
0.0242328643798828 -0.00874137878417969 0.0144271850585938 -0.0277080535888672
0.0297698974609375 0.018157958984375 0.0245132446289063 -0.0476150512695313
0.0197181701660156 0.0403900146484375 0.04937744140625 -0.0665054321289063
-0.000648498535156249 0.0474433898925781 0.0644760131835938 -0.0571708679199219
-0.0189590454101563 0.054107666015625 0.0870361328125 -0.0162887573242187
0.0141735076904297 0.033538818359375 0.0295867919921875 -0.0057525634765625
0.0123844146728516 0.0125217437744141 0.0181770324707031 0.0257740020751953
0.0124092102050781 0.00247001647949219 0.0541763305664063 0.0249900817871094
0.00837421417236328 -0.00327301025390625 0.0679092407226563 -0.0108489990234375
0.00514745712280273 -0.00707340240478516 0.06005859375 -0.0484657287597656
0.00371360778808594 -0.0176219940185547 0.0391044616699219 -0.0633544921875
0.00461006164550781 -0.0200595855712891 0.0244941711425781 -0.0545120239257813
0.006011962890625 -0.0234699249267578 0.0229377746582031 -0.0421218872070313
0.0181560516357422 -0.0247230529785156 0.0240612030029297 -0.0317020416259766
0.0337791442871094 -0.0123519897460937 0.0134201049804688 -0.0196399688720703
0.0402984619140625 0.0124359130859375 0.009979248046875 -0.0229148864746094
0.0221595764160156 0.047393798828125 0.0154151916503906 -0.0418968200683594
-0.0032958984375 0.0682792663574219 0.0394058227539063 -0.0552215576171875
-0.0306167602539063 0.0662574768066406 0.0553779602050781 -0.0415306091308594
-0.0528564453125 0.0672874450683594 0.0761795043945313 0.0059814453125
-0.0102691650390625 0.0619430541992188 0.0257225036621094 0.0120811462402344
0.00737380981445312 0.0478973388671875 0.0184822082519531 0.035858154296875
0.0302581787109375 0.0285205841064453 0.0549392700195313 0.0325164794921875
0.0346298217773437 0.0052337646484375 0.0660057067871094 -0.002716064453125
0.0311298370361328 -0.0167770385742188 0.0579414367675781 -0.0397300720214844
0.0223350524902344 -0.0345573425292969 0.0375404357910156 -0.0540504455566406
0.0226478576660156 -0.0343608856201172 0.0220375061035156 -0.0440940856933594
0.0256156921386719 -0.0390510559082031 0.0181636810302734 -0.0309848785400391
0.0407791137695313 -0.0324058532714844 0.0178146362304688 -0.0241165161132813
0.0553627014160156 -0.006561279296875 0.00512981414794922 -0.0136394500732422
0.0546379089355469 0.02630615234375 0.00249671936035156 -0.0183200836181641
0.0189781188964844 0.0690040588378906 0.00653839111328125 -0.0352821350097656
-0.019195556640625 0.0878219604492188 0.0283088684082031 -0.0395622253417969
-0.0534591674804687 0.0778274536132813 0.0377426147460938 -0.0210227966308594
-0.0796661376953125 0.068267822265625 0.053070068359375 0.0312728881835938
-0.0367965698242187 0.0797653198242188 0.0135822296142578 0.0343894958496094
-0.0025177001953125 0.0771713256835937 0.0140914916992187 0.0470504760742188
0.0410652160644531 0.0538597106933594 0.0479507446289063 0.040679931640625
0.0558700561523438 0.0163192749023438 0.0568466186523438 0.00780868530273438
0.0535354614257813 -0.02130126953125 0.049102783203125 -0.0252571105957031
0.0383834838867188 -0.0455169677734375 0.0311775207519531 -0.0365524291992188
0.0366134643554688 -0.0438041687011719 0.0156879425048828 -0.0265617370605469
0.0411834716796875 -0.0495567321777344 0.0100336074829102 -0.0141716003417969
0.0554618835449219 -0.0376739501953125 0.00663185119628907 -0.0114383697509766
0.069061279296875 -0.003021240234375 -0.00618505477905273 -0.00526618957519531
0.0633888244628906 0.0339088439941406 -0.00601387023925781 -0.0136013031005859
0.0160140991210938 0.0805435180664062 -0.000211715698242185 -0.0284252166748047
-0.0297164916992187 0.0959701538085938 0.0202236175537109 -0.0208415985107422
-0.0673980712890625 0.0787277221679688 0.0159492492675781 -0.00036239624023437
-0.09344482421875 0.055908203125 0.0207633972167969 0.0534515380859375
-0.0587158203125 0.079864501953125 -0.00587081909179688 0.0556716918945313
-0.0180892944335938 0.0911026000976563 0.00453948974609375 0.0558509826660156
0.0402145385742188 0.0723800659179688 0.0345001220703125 0.0465011596679688
0.0652198791503906 0.0279731750488281 0.0397720336914063 0.0172157287597656
0.0677070617675781 -0.0207481384277344 0.0334568023681641 -0.00829315185546875
0.0489845275878906 -0.0484619140625 0.02032470703125 -0.0145149230957031
0.0449676513671875 -0.0465888977050781 0.00711822509765625 -0.0055084228515625
0.0501365661621094 -0.0530242919921875 -5.76972961425745E-05 0.00595760345458984
0.0631484985351563 -0.0380630493164063 -0.00673103332519531 0.00355863571166992
0.0740966796875 0.0005950927734375 -0.0187892913818359 0.00295639038085938
0.064300537109375 0.0392799377441406 -0.0149240493774414 -0.0101451873779297
0.00927734375000001 0.0826034545898438 -0.00367355346679688 -0.0217933654785156
-0.0392532348632813 0.0922470092773437 0.0135021209716797 -0.00131225585937499
-0.075164794921875 0.0688400268554688 -0.00969505310058594 0.0196819305419922
-0.0890121459960938 0.0320892333984375 -0.0129241943359375 0.0692863464355469
-0.0684890747070313 0.0611953735351562 -0.02685546875 0.0699920654296875
-0.0322036743164062 0.082794189453125 -0.00637435913085937 0.0590248107910156
0.0273513793945312 0.075836181640625 0.0166206359863281 0.0465240478515625
0.0598716735839844 0.0351333618164063 0.0191135406494141 0.0232677459716797
0.0689201354980469 -0.0143051147460938 0.0142459869384766 0.00833034515380859
0.0513153076171875 -0.04296875 0.00646162033081055 0.00833797454833984
0.0462570190429687 -0.0421257019042969 -0.00254535675048828 0.0164775848388672
0.0514793395996094 -0.0484619140625 -0.0114841461181641 0.0252666473388672
0.0622634887695313 -0.0338325500488281 -0.02081298828125 0.0183830261230469
0.0706939697265625 0.0052337646484375 -0.0316104888916016 0.0100936889648437
0.0574836730957031 0.0413169860839844 -0.023193359375 -0.00798416137695313
-0.000198364257812494 0.0772628784179688 -0.00651168823242188 -0.0176677703857422
-0.047210693359375 0.0781707763671875 0.00589275360107422 0.0134057998657227
-0.0760498046875 0.0492706298828125 -0.0360946655273438 0.0344696044921875
-0.06787109375 0.00331115722656249 -0.04217529296875 0.074432373046875
-0.0611610412597656 0.0300216674804688 -0.0440597534179688 0.0750045776367188
-0.0387535095214844 0.0553054809570312 -0.0142250061035156 0.0565185546875
0.00925445556640625 0.0621223449707031 0.00147628784179687 0.0413475036621094
0.0418777465820313 0.034332275390625 0.000314712524414065 0.0241794586181641
0.0569076538085938 -0.0054779052734375 -0.00489425659179687 0.0211086273193359
0.04510498046875 -0.0305709838867188 -0.00754547119140625 0.0278377532958984
0.0402145385742188 -0.0316619873046875 -0.0116958618164063 0.0353889465332031
0.0452919006347656 -0.037078857421875 -0.0220222473144531 0.0427436828613281
0.0538787841796875 -0.0252952575683594 -0.0353012084960937 0.0313529968261719
0.0592498779296875 0.0083465576171875 -0.0439033508300781 0.0155143737792969
0.0448150634765625 0.0386886596679688 -0.0322399139404297 -0.00815773010253906
-0.00995254516601562 0.0647239685058594 -0.00984287261962891 -0.0159463882446289
-0.0507164001464844 0.0559425354003906 -0.00313758850097657 0.0237178802490234
-0.0687484741210938 0.02294921875 -0.0613555908203125 0.0413436889648437
-0.0358619689941406 -0.0272178649902344 -0.0580825805664063 0.0714950561523437
-0.0427780151367188 -0.00532531738281249 -0.0511245727539063 0.072662353515625
-0.0360832214355469 0.0185623168945313 -0.0167350769042969 0.0504150390625
-0.00875091552734375 0.0366630554199219 -0.00848197937011719 0.0347976684570313
0.0178871154785156 0.0266475677490234 -0.0119667053222656 0.0229530334472656
0.0349292755126953 0.00391769409179688 -0.0179653167724609 0.0285530090332031
0.0311565399169922 -0.0141487121582031 -0.0174789428710937 0.0411300659179687
0.0284957885742188 -0.0164794921875 -0.019134521484375 0.0490455627441406
0.0328731536865234 -0.0212879180908203 -0.0309257507324219 0.0547332763671875
0.0385055541992188 -0.0138778686523438 -0.0473899841308594 0.0396385192871094
0.0414695739746094 0.00936126708984375 -0.0548095703125 0.0183219909667969
0.0289478302001953 0.03125 -0.0403404235839844 -0.0092926025390625
-0.0158309936523438 0.0455856323242188 -0.0145788192749023 -0.0163068771362305
-0.0466766357421875 0.0280952453613281 -0.0146255493164063 0.0266456604003906
-0.0521659851074219 -0.00512695312499999 -0.0827407836914063 0.0390243530273438
0.0146236419677734 0.0326900482177734 0.08624267578125 -0.0351028442382812
0.0320606231689453 0.00107192993164063 0.0259170532226563 -0.0183792114257813
0.0110397338867188 -0.0199470520019531 0.0148582458496094 0.0189170837402344
-0.00802421569824219 -0.0189342498779297 0.0498466491699219 0.0193748474121094
-0.0168867111206055 -0.00711441040039062 0.063690185546875 -0.0158843994140625
-0.0183048248291016 0.00539016723632813 0.0546150207519531 -0.0519561767578125
-0.0146083831787109 0.00249767303466797 0.034698486328125 -0.0656204223632813
-0.0136852264404297 -0.00244808197021484 0.0219154357910156 -0.0569038391113281
-0.0157146453857422 -0.00465965270996094 0.0206489562988281 -0.0467643737792969
-0.00889015197753906 -0.0158700942993164 0.0220756530761719 -0.0360794067382813
0.00720596313476563 -0.0206050872802734 0.0168418884277344 -0.0252170562744141
0.0239181518554688 -0.00943946838378906 0.0153408050537109 -0.0293807983398438
0.0300025939941406 0.0177116394042969 0.0250129699707031 -0.0480461120605469
0.0205497741699219 0.0403709411621094 0.0491790771484375 -0.0672111511230469
-2.28881835937546E-05 0.0476531982421875 0.0648460388183594 -0.0601654052734375
-0.0184822082519531 0.0552902221679688 0.0876922607421875 -0.0179290771484375
0.0149898529052734 0.0337009429931641 0.0293159484863281 -0.00609588623046875
0.0126266479492188 0.0129661560058594 0.018280029296875 0.0261192321777344
0.0122261047363281 0.00204563140869141 0.0546302795410156 0.0247268676757813
0.00882053375244141 -0.00330066680908203 0.0677947998046875 -0.0113067626953125
0.00563669204711914 -0.00758123397827148 0.0589675903320313 -0.0495338439941406
0.00286102294921875 -0.0181293487548828 0.0369949340820312 -0.06451416015625
0.00446319580078125 -0.0204067230224609 0.0223922729492187 -0.0554008483886719
0.005126953125 -0.0239982604980469 0.0207252502441406 -0.0434150695800781
0.0177135467529297 -0.0253105163574219 0.0218219757080078 -0.0337028503417969
0.0337295532226563 -0.0126972198486328 0.0129203796386719 -0.0211563110351563
0.0409927368164063 0.0115280151367188 0.0106067657470703 -0.0239944458007813
0.0236968994140625 0.0475959777832031 0.0158920288085937 -0.0416641235351563
-0.00174331665039063 0.0690536499023438 0.0390663146972656 -0.0560951232910156
-0.0300445556640625 0.0677108764648438 0.0556907653808594 -0.044464111328125
-0.05206298828125 0.0691909790039063 0.07659912109375 0.004913330078125
-0.0087127685546875 0.0631179809570313 0.0251522064208984 0.0121002197265625
0.009613037109375 0.0488052368164063 0.0183334350585938 0.0363006591796875
0.0314769744873047 0.0279541015625 0.0548515319824219 0.0327224731445313
0.0352134704589844 0.00430679321289062 0.06597900390625 -0.00304794311523437
0.0310707092285156 -0.0176563262939453 0.05731201171875 -0.0409393310546875
0.0211906433105469 -0.0351753234863281 0.0361480712890625 -0.0549659729003906
0.0212516784667969 -0.0355033874511719 0.02008056640625 -0.0443916320800781
0.0250434875488281 -0.0405960083007813 0.0165138244628906 -0.0320606231689453
0.039703369140625 -0.0340576171875 0.0157585144042969 -0.0254592895507813
0.0553245544433594 -0.00838851928710938 0.00410270690917969 -0.0151424407958984
0.0559806823730469 0.0253410339355469 0.00284385681152344 -0.0196514129638672
0.0208969116210938 0.0694580078125 0.00661087036132813 -0.0358657836914062
-0.0168914794921875 0.0898284912109375 0.0282516479492188 -0.0403861999511719
-0.052490234375 0.0799102783203125 0.03851318359375 -0.0242919921875
-0.0788421630859375 0.071502685546875 0.0540084838867187 0.0308456420898438
-0.03509521484375 0.0818023681640625 0.0130577087402344 0.0342082977294922
-1.52587890624952E-05 0.078765869140625 0.01336669921875 0.0474014282226563
0.0433731079101563 0.0534477233886719 0.0482101440429687 0.0407867431640625
0.0565986633300781 0.0148582458496094 0.0566482543945312 0.00728225708007813
0.0538902282714844 -0.0235786437988281 0.0490646362304687 -0.0259056091308594
0.0372085571289063 -0.0469779968261719 0.0303840637207031 -0.0373420715332031
0.0348892211914063 -0.0455131530761719 0.0146007537841797 -0.0274753570556641
0.0394706726074219 -0.0516128540039062 0.00905132293701172 -0.0149927139282227
0.05474853515625 -0.0400924682617188 0.00493907928466797 -0.0129718780517578
0.0696792602539063 -0.005584716796875 -0.00667953491210937 -0.00682353973388672
0.0651702880859375 0.0327033996582031 -0.00609874725341796 -0.0144548416137695
0.01885986328125 0.0813446044921875 -0.000411987304687497 -0.0287532806396484
-0.0273056030273438 0.098876953125 0.02008056640625 -0.0221157073974609
-0.0666351318359375 0.0809402465820313 0.0162143707275391 -0.00264549255371093
-0.09259033203125 0.0590057373046875 0.0220756530761719 0.0543708801269531
-0.056884765625 0.082305908203125 -0.005706787109375 0.0557708740234375
-0.0147171020507813 0.0930938720703125 0.00328826904296874 0.0555458068847656
0.04290771484375 0.072235107421875 0.0340232849121094 0.0466194152832031
0.0663223266601563 0.0261497497558594 0.0398445129394531 0.0177116394042969
0.0676307678222656 -0.0228919982910156 0.0339946746826172 -0.00828933715820313
0.0475196838378906 -0.0505828857421875 0.0197868347167969 -0.0148296356201172
0.0431747436523438 -0.0484619140625 0.006591796875 -0.00604104995727539
0.0481986999511719 -0.0556182861328125 -0.000441074371337888 0.00548982620239257
0.0620231628417969 -0.0413742065429687 -0.00761890411376953 0.00284242630004883
0.0750198364257813 -0.0016632080078125 -0.0193214416503906 0.00219345092773438
0.0663566589355469 0.0374069213867188 -0.0146694183349609 -0.0103588104248047
0.0120162963867187 0.0842819213867188 -0.00372695922851562 -0.0220184326171875
-0.0364303588867188 0.09490966796875 0.013885498046875 -0.00242519378662109
-0.0744171142578125 0.0714263916015625 -0.00965309143066407 0.0185718536376953
-0.0889892578125 0.0354385375976563 -0.0123291015625 0.0707550048828125
-0.0671653747558594 0.0635528564453125 -0.0269508361816406 0.0700340270996094
-0.0302047729492188 0.0852813720703125 -0.007049560546875 0.0590400695800781
0.030181884765625 0.0760269165039063 0.0164413452148438 0.0471916198730469
0.0611724853515625 0.03387451171875 0.0190715789794922 0.0241947174072266
0.0692253112792969 -0.0165824890136719 0.0151052474975586 0.00872421264648437
0.0499839782714844 -0.0451583862304688 0.0068817138671875 0.0081491470336914
0.0447349548339844 -0.0441093444824219 -0.00218391418457031 0.0159692764282227
0.0501899719238281 -0.0511436462402344 -0.0108585357666016 0.025665283203125
0.0615196228027344 -0.0366134643554687 -0.0213031768798828 0.0179443359375
0.0713958740234375 0.002349853515625 -0.0318412780761719 0.0104522705078125
0.0595321655273437 0.0395431518554687 -0.0235309600830078 -0.00795173645019531
0.0023193359375 0.0788726806640625 -0.00636482238769531 -0.0178604125976563
-0.0450439453125 0.0804290771484375 0.00649833679199218 0.012908935546875
-0.0751800537109375 0.0515899658203125 -0.0356025695800781 0.0336723327636719
-0.0679817199707031 0.00546646118164062 -0.0418777465820312 0.0769500732421875
-0.060760498046875 0.0319976806640625 -0.0440826416015625 0.0758743286132813
-0.0372047424316406 0.0577239990234375 -0.0149955749511719 0.0562171936035156
0.0116386413574219 0.0627975463867188 0.000579833984375003 0.0423164367675781
0.043212890625 0.0332450866699219 0.00078582763671875 0.0258045196533203
0.0570335388183594 -0.00757217407226563 -0.00336647033691406 0.0219707489013672
0.0437469482421875 -0.0324592590332031 -0.0063934326171875 0.0285701751708984
0.0389480590820313 -0.0332450866699219 -0.0109519958496094 0.0356216430664063
0.0444145202636719 -0.0394439697265625 -0.0210342407226563 0.0431480407714844
0.0536994934082031 -0.0276641845703125 -0.0350284576416016 0.0315780639648438
0.0601730346679688 0.00658416748046875 -0.0443687438964844 0.0164260864257813
0.0467910766601563 0.0377731323242188 -0.0327301025390625 -0.00742340087890624
-0.00795364379882812 0.0658988952636719 -0.00990772247314453 -0.016077995300293
-0.04925537109375 0.0580101013183594 -0.00261688232421875 0.0235023498535156
-0.0681877136230469 0.0249290466308594 -0.0613975524902344 0.0420646667480469
-0.0366859436035156 -0.0255317687988281 -0.0583038330078125 0.0742340087890625
-0.0435142517089844 -0.00401687622070312 -0.0514907836914063 0.0733642578125
-0.0357551574707031 0.0202293395996094 -0.0175094604492188 0.0502777099609375
-0.007232666015625 0.0373725891113281 -0.00945663452148438 0.0356712341308594
0.0188121795654297 0.0259475708007813 -0.0116634368896484 0.0243415832519531
0.0351600646972656 0.002532958984375 -0.0163440704345703 0.0304470062255859
0.0306549072265625 -0.0150165557861328 -0.0160179138183594 0.0417976379394531
0.0276432037353516 -0.0173873901367188 -0.0173301696777344 0.049163818359375
0.0321426391601563 -0.0222682952880859 -0.0294914245605469 0.05572509765625
0.0381126403808594 -0.015289306640625 -0.046966552734375 0.0410079956054688
0.0421981811523438 0.00828933715820313 -0.0548477172851563 0.0197639465332031
0.0300502777099609 0.0301876068115234 -0.0409812927246094 -0.00877380371093751
-0.0148696899414062 0.0467109680175781 -0.0149412155151367 -0.0164861679077148
-0.0460205078125 0.0298500061035156 -0.0137805938720703 0.0263156890869141
-0.0517692565917969 -0.00454711914062501 -0.0828170776367188 0.0403976440429687
0.0153064727783203 0.0334224700927734 0.0894317626953125 -0.0383834838867188
0.0330581665039063 0.000787734985351563 0.0264492034912109 -0.0188617706298828
0.0111865997314453 -0.0211906433105469 0.0155086517333984 0.0198345184326172
-0.00888824462890625 -0.0191173553466797 0.0509452819824219 0.0199241638183594
-0.0176296234130859 -0.00668907165527344 0.0651817321777344 -0.0167770385742188
-0.0186500549316406 0.00578498840332031 0.0550041198730469 -0.054168701171875
-0.0146970748901367 0.00333976745605469 0.0338172912597656 -0.0684242248535156
-0.0142984390258789 -0.00214195251464843 0.020965576171875 -0.0594024658203125
-0.0163803100585938 -0.0044870376586914 0.0194358825683594 -0.0490150451660156
-0.0093088150024414 -0.0156898498535156 0.0208206176757813 -0.0380325317382813
0.00645256042480469 -0.0213069915771484 0.0169601440429688 -0.0278759002685547
0.0242023468017578 -0.0100231170654297 0.0166988372802734 -0.0315780639648438
0.0313777923583984 0.0172481536865234 0.0258865356445313 -0.0491828918457031
0.0215263366699219 0.0413475036621094 0.0498428344726563 -0.0703277587890625
0.000396728515625004 0.0490570068359375 0.0671730041503906 -0.0646781921386719
-0.0184593200683594 0.0572586059570313 0.0911102294921875 -0.0195770263671875
0.0163707733154297 0.0348873138427734 0.0296783447265625 -0.00686454772949219
0.0141410827636719 0.0136623382568359 0.0182552337646484 0.0271892547607422
0.0131111145019531 0.00233745574951172 0.0566253662109375 0.0253829956054688
0.00867938995361328 -0.00358009338378906 0.0695228576660156 -0.0123825073242188
0.00627279281616211 -0.00807762145996094 0.0597343444824219 -0.0520744323730469
0.00269699096679688 -0.0185585021972656 0.036529541015625 -0.067413330078125
0.00351333618164062 -0.0213146209716797 0.0211372375488281 -0.0570220947265625
0.00455284118652344 -0.0250797271728516 0.0191726684570313 -0.04583740234375
0.017669677734375 -0.0262184143066406 0.0209426879882812 -0.03564453125
0.0341873168945313 -0.0138874053955078 0.0129127502441406 -0.0240230560302734
0.0420684814453125 0.0110702514648437 0.0117893218994141 -0.0264034271240234
0.0253105163574219 0.0489349365234375 0.0165748596191406 -0.0436897277832031
-0.000640869140624999 0.071807861328125 0.0395698547363281 -0.0585784912109375
-0.0303955078125 0.0702896118164063 0.0576362609863281 -0.0489883422851562
-0.0524673461914063 0.0728530883789062 0.0802459716796875 0.00389099121093751
-0.0080718994140625 0.0659980773925781 0.0254001617431641 0.0117740631103516
0.0115127563476563 0.0507698059082031 0.0182952880859375 0.0380363464355469
0.0336513519287109 0.0280895233154297 0.0565414428710938 0.0332069396972656
0.0368423461914063 0.00408172607421875 0.0674247741699219 -0.0035247802734375
0.0320053100585938 -0.0193405151367188 0.0586051940917969 -0.0426979064941406
0.0211753845214844 -0.0369987487792969 0.0352325439453125 -0.0574417114257813
0.0211181640625 -0.0370635986328125 0.0188751220703125 -0.0465660095214844
0.0241127014160156 -0.0426788330078125 0.0151901245117188 -0.0336151123046875
0.0398330688476562 -0.0364761352539063 0.0143470764160156 -0.0279045104980469
0.0570449829101563 -0.0099945068359375 0.00379371643066407 -0.0175418853759766
0.0582313537597656 0.0251045227050781 0.00363349914550782 -0.0212154388427734
0.0235671997070312 0.072113037109375 0.00745010375976563 -0.0367965698242187
-0.015472412109375 0.0938262939453125 0.0292625427246094 -0.0426826477050781
-0.05303955078125 0.0831146240234375 0.0392112731933594 -0.0281219482421875
-0.0799713134765625 0.0756072998046875 0.0566291809082031 0.0314712524414063
-0.03485107421875 0.085540771484375 0.0130176544189453 0.0349273681640625
0.00232696533203124 0.0823440551757812 0.0127410888671875 0.0490684509277344
0.0463523864746094 0.0544242858886719 0.0492401123046875 0.0421409606933594
0.0589828491210938 0.0144195556640625 0.05816650390625 0.00772476196289063
0.0550537109375 -0.0257415771484375 0.0504379272460937 -0.0267066955566406
0.0365829467773438 -0.0493888854980469 0.0305366516113281 -0.0391159057617187
0.0347023010253906 -0.0481300354003906 0.0135555267333984 -0.0288429260253906
0.0387687683105469 -0.0553550720214844 0.00824642181396484 -0.0161991119384766
0.0550003051757812 -0.0432395935058594 0.00372123718261719 -0.0145797729492188
0.0717849731445313 -0.00762939453125 -0.00780725479125976 -0.00841808319091797
0.0686721801757813 0.0320892333984375 -0.00640010833740234 -0.0161037445068359
0.0221328735351563 0.0844573974609375 0.000343322753906254 -0.0297412872314453
-0.025665283203125 0.103225708007813 0.0206680297851563 -0.0236454010009766
-0.0678482055664063 0.0854263305664062 0.0165491104125977 -0.00535964965820312
-0.0945816040039063 0.0637130737304687 0.0235824584960937 0.0560531616210938
-0.0570220947265625 0.086761474609375 -0.00593948364257813 0.0571250915527344
-0.0134201049804688 0.0970916748046875 0.00270843505859375 0.0577125549316406
0.0462570190429688 0.0736007690429688 0.034515380859375 0.0479965209960938
0.0687408447265625 0.0257911682128906 0.0412063598632813 0.0188980102539063
0.0692901611328125 -0.025482177734375 0.0353202819824219 -0.00825119018554688
0.0471343994140625 -0.0533866882324219 0.0201873779296875 -0.0156936645507813
0.0429458618164063 -0.0516624450683594 0.00640487670898438 -0.00587940216064453
0.0479087829589844 -0.0592117309570312 -0.000850677490234372 0.00532960891723632
0.0629997253417969 -0.0448074340820313 -0.00911903381347656 0.00205802917480469
0.0779342651367188 -0.004730224609375 -0.0204696655273437 0.0018157958984375
0.0696601867675781 0.0370330810546875 -0.0152263641357422 -0.010833740234375
0.0156326293945313 0.0875396728515625 -0.00335693359375 -0.0226955413818359
-0.034820556640625 0.0998458862304688 0.0146427154541016 -0.00345802307128906
-0.075714111328125 0.075439453125 -0.00926399230957032 0.0172348022460938
-0.0918197631835938 0.0390548706054688 -0.0120010375976563 0.0736465454101562
-0.0682220458984375 0.0671653747558594 -0.02740478515625 0.0721664428710938
-0.02923583984375 0.089263916015625 -0.0084991455078125 0.0608940124511719
0.033782958984375 0.0781936645507813 0.0159568786621094 0.0490646362304688
0.0641937255859375 0.0333824157714844 0.0199508666992188 0.0262775421142578
0.0709915161132813 -0.01947021484375 0.0164213180541992 0.0100603103637695
0.0501060485839844 -0.0482864379882813 0.00745487213134766 0.00824975967407226
0.0443763732910156 -0.0466079711914062 -0.00226497650146484 0.0161046981811523
0.0500602722167969 -0.054473876953125 -0.0106773376464844 0.0266590118408203
0.0623092651367188 -0.0401268005371094 -0.0224590301513672 0.0183601379394531
0.0743865966796875 0 -0.0329875946044922 0.0108184814453125
0.0625839233398438 0.0394363403320313 -0.0243110656738281 -0.00825119018554687
0.00498199462890625 0.082489013671875 -0.00684738159179688 -0.01861572265625
-0.0439376831054687 0.0850448608398438 0.00759315490722656 0.0123128890991211
-0.0770645141601563 0.0545425415039062 -0.03668212890625 0.0337181091308594
-0.0695648193359375 0.0081329345703125 -0.042510986328125 0.08087158203125
-0.0621757507324219 0.0345344543457031 -0.0452499389648438 0.0784378051757812
-0.0367889404296875 0.0603294372558594 -0.0166397094726563 0.0578117370605469
0.0142288208007813 0.0647659301757813 3.59915910836201E-18 0.0445518493652344
0.0457382202148438 0.0330657958984375 0.00082969665527344 0.0271625518798828
0.0586166381835938 -0.00978469848632813 -0.00236892700195312 0.0233688354492187
0.0438041687011719 -0.034393310546875 -0.00561904907226562 0.0295066833496094
0.0390625 -0.0352249145507813 -0.0103492736816406 0.0365142822265625
0.0444602966308594 -0.0424728393554687 -0.0205650329589844 0.0448036193847656
0.0541877746582031 -0.0300788879394531 -0.0361289978027344 0.0332756042480469
0.0623283386230469 0.00482559204101563 -0.0455818176269531 0.0176010131835938
0.04931640625 0.0380401611328125 -0.0335731506347656 -0.00718688964843749
-0.00606155395507812 0.06884765625 -0.0104598999023438 -0.0165910720825195
-0.0490036010742188 0.0611457824707031 -0.00185585021972657 0.0235481262207031
-0.0697097778320313 0.0266265869140625 -0.0628204345703125 0.0433578491210937
-0.0384254455566406 -0.0246391296386719 -0.059844970703125 0.0788421630859375
-0.0445175170898438 -0.0029296875 -0.0526809692382812 0.0766525268554688
-0.0360679626464844 0.0222206115722656 -0.01904296875 0.0515403747558594
-0.00615310668945312 0.0389251708984375 -0.0105705261230469 0.0380592346191406
0.0199317932128906 0.0264720916748047 -0.012054443359375 0.0265350341796875
0.0362052917480469 0.000904083251953125 -0.0156002044677734 0.0320358276367188
0.0310459136962891 -0.0167903900146484 -0.0149116516113281 0.0431137084960938
0.0275211334228516 -0.0190811157226562 -0.0166244506835938 0.0509185791015625
0.0322551727294922 -0.0242099761962891 -0.0287704467773437 0.0578231811523438
0.0388374328613281 -0.0170402526855469 -0.0481910705566406 0.0431938171386719
0.0439453125 0.00728988647460938 -0.0565986633300781 0.0212631225585938
0.0319309234619141 0.0303497314453125 -0.0421791076660156 -0.00849151611328125
-0.0146942138671875 0.0488128662109375 -0.0156078338623047 -0.017298698425293
-0.0463371276855469 0.032012939453125 -0.0132808685302734 0.0268363952636719
-0.0528793334960938 -0.00408935546875 -0.0848007202148438 0.0422821044921875
0.0172481536865234 0.0344161987304688 0.0934219360351563 -0.0430450439453125
0.0350475311279297 -0.0004425048828125 0.0269546508789063 -0.0205669403076172
0.0110569000244141 -0.022552490234375 0.0164222717285156 0.0207462310791016
-0.0101242065429687 -0.0194206237792969 0.0546646118164063 0.0197257995605469
-0.0184783935546875 -0.00679588317871094 0.0678634643554688 -0.0196533203125
-0.0189266204833984 0.00679588317871094 0.0557708740234375 -0.0584831237792969
-0.0148305892944336 0.00335407257080078 0.0324554443359375 -0.0727920532226563
-0.0150146484375 -0.0011892318725586 0.0190505981445312 -0.062713623046875
-0.0179824829101562 -0.00380897521972656 0.0178756713867187 -0.0521392822265625
-0.0106363296508789 -0.0154619216918945 0.0197181701660156 -0.0415077209472656
0.00546836853027344 -0.0221462249755859 0.0165500640869141 -0.0311660766601563
0.0247879028320312 -0.0120773315429687 0.0177135467529297 -0.0348072052001953
0.0335540771484375 0.0163440704345703 0.0270576477050781 -0.0522575378417969
0.0240669250488281 0.0416107177734375 0.0509262084960938 -0.0754852294921875
0.0022735595703125 0.0519256591796875 0.0690383911132813 -0.0720672607421875
-0.0169677734375 0.0615501403808594 0.095703125 -0.0239410400390625
0.0189743041992188 0.0361213684082031 0.0306224822998047 -0.00842094421386719
0.0156049728393555 0.0138349533081055 0.0195045471191406 0.0287017822265625
0.0137386322021484 0.00194549560546875 0.0597610473632813 0.0254249572753906
0.00931167602539063 -0.00419425964355469 0.0725250244140625 -0.0143814086914063
0.00682926177978516 -0.00880718231201172 0.060302734375 -0.0564651489257813
0.00243186950683594 -0.0190944671630859 0.0350799560546875 -0.0718002319335938
0.0026397705078125 -0.0221977233886719 0.0195426940917969 -0.0602645874023438
0.00373649597167969 -0.0267009735107422 0.0179901123046875 -0.0484695434570313
0.0167865753173828 -0.0282993316650391 0.0193443298339844 -0.0394439697265625
0.0350551605224609 -0.0160770416259766 0.0122108459472656 -0.0269317626953125
0.0448112487792969 0.00959014892578125 0.0127410888671875 -0.0290889739990234
0.028717041015625 0.0503349304199219 0.0174598693847656 -0.0458221435546875
0.00221252441406251 0.0753402709960938 0.0400314331054688 -0.0629997253417969
-0.0299224853515625 0.0758209228515625 0.0593185424804688 -0.0554428100585937
-0.052581787109375 0.0791244506835938 0.08489990234375 0.00164031982421875
-0.0052032470703125 0.0697441101074219 0.0269584655761719 0.0120639801025391
0.0148811340332031 0.0533409118652344 0.019500732421875 0.0395088195800781
0.0363578796386719 0.0283889770507813 0.0601348876953125 0.0341529846191406
0.0386695861816406 0.00269699096679688 0.0709304809570313 -0.005126953125
0.0330810546875 -0.0223522186279297 0.0594940185546875 -0.0468292236328125
0.0207099914550781 -0.0398139953613281 0.0347557067871094 -0.0616035461425781
0.0201377868652344 -0.039825439453125 0.017486572265625 -0.049774169921875
0.0234489440917969 -0.0465583801269531 0.0140533447265625 -0.0358619689941406
0.0403671264648437 -0.0400581359863281 0.0125484466552734 -0.0307559967041016
0.0591659545898438 -0.013397216796875 0.00284004211425782 -0.01983642578125
0.0627899169921875 0.0237464904785156 0.00405693054199219 -0.0236072540283203
0.0283126831054688 0.0754013061523438 0.00731277465820313 -0.038726806640625
-0.0119400024414063 0.0991592407226563 0.0293350219726563 -0.0459251403808594
-0.0536041259765625 0.0900115966796875 0.04095458984375 -0.0329360961914062
-0.0815200805664062 0.0834808349609375 0.0611419677734375 0.0315361022949219
-0.03265380859375 0.09136962890625 0.0142936706542969 0.0360488891601563
0.00698852539062499 0.0867538452148438 0.0140190124511719 0.0510520935058594
0.0517539978027344 0.0553245544433594 0.0521736145019531 0.0435028076171875
0.0629386901855469 0.0121345520019531 0.0612831115722656 0.0076141357421875
0.0568008422851563 -0.0302314758300781 0.0522918701171875 -0.0295600891113281
0.0360031127929688 -0.0534515380859375 0.0302467346191406 -0.042266845703125
0.0338478088378906 -0.0524139404296875 0.0129318237304688 -0.0308895111083984
0.0379447937011719 -0.0600013732910156 0.00750923156738282 -0.0174531936645508
0.0556106567382813 -0.0483894348144531 0.00189018249511719 -0.0162954330444336
0.0755081176757813 -0.0121612548828125 -0.00919342041015624 -0.00935745239257813
0.07379150390625 0.0307083129882812 -0.00641822814941406 -0.017369270324707
0.0273666381835937 0.0879974365234375 0.000194549560546878 -0.0311203002929687
-0.021636962890625 0.110115051269531 0.0212116241455078 -0.0259323120117187
-0.068603515625 0.0925674438476562 0.0174036026000977 -0.00807380676269531
-0.097198486328125 0.0704803466796875 0.026702880859375 0.05914306640625
-0.056304931640625 0.0937042236328125 -0.005706787109375 0.0595016479492188
-0.00905609130859376 0.103233337402344 0.00302505493164062 0.06048583984375
0.0528335571289063 0.0756912231445313 0.0365486145019531 0.0505218505859375
0.0744552612304688 0.0237197875976562 0.0439376831054688 0.0194816589355469
0.072265625 -0.0305862426757813 0.0373077392578125 -0.00897979736328125
0.0470733642578125 -0.0582466125488281 0.0202674865722656 -0.0168952941894531
0.0424385070800781 -0.0559272766113281 0.00638866424560547 -0.00690174102783204
0.047027587890625 -0.0645484924316406 -0.0012211799621582 0.00523281097412109
0.0637245178222656 -0.0505905151367188 -0.0101747512817383 0.00167655944824219
0.0818023681640625 -0.0089569091796875 -0.0216960906982422 0.001708984375
0.0755996704101563 0.0359039306640625 -0.0157670974731445 -0.0116729736328125
0.0209121704101562 0.0923080444335937 -0.00415611267089844 -0.0246181488037109
-0.0317840576171875 0.107078552246094 0.0155029296875 -0.00499248504638671
-0.0768280029296875 0.08203125 -0.00937652587890626 0.016535758972168
-0.095001220703125 0.0451583862304688 -0.0103683471679688 0.079071044921875
-0.0689697265625 0.0737686157226563 -0.027435302734375 0.0767288208007813
-0.0257797241210937 0.0953140258789063 -0.00849151611328125 0.0641632080078125
0.0394744873046875 0.0808029174804688 0.0172157287597656 0.0519180297851563
0.0685920715332031 0.0321846008300781 0.0216960906982422 0.0275135040283203
0.07379150390625 -0.0236740112304688 0.0184173583984375 0.0104618072509766
0.050048828125 -0.05279541015625 0.00843286514282227 0.00857496261596679
0.0446052551269531 -0.0515556335449219 -0.00197219848632812 0.0171031951904297
0.0489730834960937 -0.0605087280273437 -0.0104427337646484 0.0277824401855469
0.0634117126464844 -0.0457344055175781 -0.0232582092285156 0.0198116302490234
0.0779495239257812 -0.00390625 -0.0349445343017578 0.0119819641113281
0.0679512023925781 0.0386238098144531 -0.0256919860839844 -0.00805473327636719
0.00978851318359374 0.0867462158203125 -0.00687789916992187 -0.0194950103759766
-0.0422286987304687 0.0918197631835938 0.00824451446533203 0.0120887756347656
-0.0789566040039063 0.06048583984375 -0.03692626953125 0.0356292724609375
-0.0739517211914063 0.011505126953125 -0.042388916015625 0.087615966796875
-0.064605712890625 0.0394325256347656 -0.0463790893554688 0.0838241577148437
-0.0357398986816406 0.06622314453125 -0.0177841186523438 0.0615310668945313
0.0184555053710938 0.0673179626464844 -3.43322753906238E-05 0.0476226806640625
0.0493812561035156 0.0328292846679688 0.00175857543945313 0.0300159454345703
0.0612144470214844 -0.0127449035644531 -0.000926971435546869 0.0259571075439453
0.0447196960449219 -0.0389289855957031 -0.00448226928710938 0.0309734344482422
0.0388603210449219 -0.0392875671386719 -0.00932693481445313 0.038421630859375
0.0441474914550781 -0.0470085144042969 -0.0199089050292969 0.0475807189941406
0.0550155639648438 -0.0354537963867188 -0.0372505187988281 0.0355148315429688
0.0659294128417969 0.00136947631835938 -0.0470428466796875 0.0199432373046875
0.0536537170410156 0.0378341674804688 -0.0358314514160156 -0.00672531127929687
-0.0031585693359375 0.0734329223632813 -0.01092529296875 -0.0178298950195312
-0.0481529235839844 0.0667037963867187 -0.00110054016113281 0.0236530303955078
-0.0723724365234375 0.0300369262695313 -0.0650558471679687 0.0462455749511719
-0.0410194396972656 -0.0246505737304688 -0.0607070922851563 0.0862655639648438
-0.0471229553222656 -0.000869750976562493 -0.0538864135742188 0.081787109375
-0.0363998413085938 0.0248565673828125 -0.0203132629394531 0.0548477172851563
-0.00396347045898437 0.0416336059570313 -0.0111236572265625 0.0403366088867188
0.0221824645996094 0.0266399383544922 -0.0114955902099609 0.0294284820556641
0.0379676818847656 -0.00061798095703125 -0.0141162872314453 0.0345516204833984
0.0313873291015625 -0.0191211700439453 -0.0136375427246094 0.0461845397949219
0.0279464721679688 -0.0209884643554688 -0.0158004760742187 0.0530853271484375
0.0331535339355469 -0.0275001525878906 -0.0275726318359375 0.0615577697753906
0.0397529602050781 -0.0200996398925781 -0.0486869812011719 0.0469703674316406
0.0467033386230469 0.0056304931640625 -0.0586624145507813 0.0242652893066406
0.0344619750976563 0.0311450958251953 -0.0451774597167969 -0.00758743286132813
-0.0126228332519531 0.0522842407226563 -0.0164756774902344 -0.0179901123046875
-0.0467529296875 0.035430908203125 -0.0126972198486328 0.0273551940917969
-0.0553550720214844 -0.00297164916992187 -0.088287353515625 0.04718017578125
0.0205612182617188 0.0352134704589844 0.0952911376953125 -0.0518951416015625
0.0367012023925781 -0.00252151489257813 0.0271720886230469 -0.0238456726074219
0.0100593566894531 -0.0241146087646484 0.0180187225341797 0.0214672088623047
-0.0120277404785156 -0.0199069976806641 0.0580368041992188 0.0175819396972656
-0.0201644897460937 -0.00501441955566406 0.0693702697753906 -0.0239791870117188
-0.0188694000244141 0.0074615478515625 0.0542335510253906 -0.064239501953125
-0.0151710510253906 0.00490093231201172 0.02862548828125 -0.0780487060546875
-0.016230583190918 0.000212669372558595 0.0148849487304687 -0.0669441223144531
-0.0186023712158203 -0.00257301330566406 0.0137977600097656 -0.0561103820800781
-0.0121345520019531 -0.0153236389160156 0.0172271728515625 -0.0449104309082031
0.00433158874511719 -0.0231895446777344 0.0154304504394531 -0.0352325439453125
0.0249443054199219 -0.0141353607177734 0.0173988342285156 -0.0385284423828125
0.0362663269042969 0.0147209167480469 0.0262451171875 -0.0559501647949219
0.0278549194335938 0.0426063537597656 0.0486297607421875 -0.0818862915039063
0.00543594360351562 0.0542869567871094 0.0682525634765625 -0.0819168090820312
-0.0142097473144531 0.06573486328125 0.0992965698242188 -0.0319900512695312
0.0221633911132813 0.0367546081542969 0.0318088531494141 -0.0104579925537109
0.0174579620361328 0.0140066146850586 0.0214481353759766 0.0290718078613281
0.014805793762207 0.000574111938476563 0.0638771057128906 0.02337646484375
0.00991439819335938 -0.00491142272949219 0.0748291015625 -0.0190277099609375
0.00658321380615234 -0.0102910995483398 0.059417724609375 -0.0623054504394531
0.00164604187011719 -0.0203514099121094 0.03143310546875 -0.0771560668945313
0.00106430053710937 -0.0229625701904297 0.0155143737792969 -0.0646781921386719
0.0018157958984375 -0.0285263061523437 0.0145797729492188 -0.0522270202636719
0.0156707763671875 -0.0306873321533203 0.0160408020019531 -0.0432319641113281
0.0354080200195313 -0.0195350646972656 0.0110340118408203 -0.0305194854736328
0.0474510192871094 0.00722503662109375 0.0125942230224609 -0.0322303771972656
0.0336151123046875 0.0506019592285156 0.0164756774902344 -0.0488853454589844
0.00779724121093749 0.0787887573242188 0.0386619567871094 -0.0688362121582031
-0.0265274047851563 0.0813522338867188 0.0590019226074219 -0.0636367797851563
-0.0495147705078125 0.086761474609375 0.0895462036132813 -0.00373840332031249
-0.000328063964843749 0.0734405517578125 0.0283222198486328 0.0105304718017578
0.0194969177246094 0.0551490783691406 0.0209465026855469 0.0407791137695313
0.0411186218261719 0.0273628234863281 0.0646514892578125 0.03271484375
0.0412406921386719 -0.000396728515625 0.0738449096679688 -0.00885772705078125
0.0337486267089844 -0.0265235900878906 0.0595169067382813 -0.0519561767578125
0.0186653137207031 -0.0428504943847656 0.0318183898925781 -0.0666046142578125
0.0177879333496094 -0.0433235168457031 0.0141677856445312 -0.0525588989257813
0.0206222534179687 -0.0506591796875 0.0116157531738281 -0.0387802124023438
0.0384521484375 -0.04547119140625 0.00966453552246094 -0.0334720611572266
0.0613594055175781 -0.0184059143066406 0.00114631652832032 -0.0222568511962891
0.0676383972167969 0.0202980041503906 0.0034027099609375 -0.0263271331787109
0.0351791381835937 0.0768356323242188 0.0062255859375 -0.041259765625
-0.00521850585937501 0.105476379394531 0.0280265808105469 -0.0503692626953125
-0.0506668090820312 0.0982437133789063 0.0409393310546875 -0.0391273498535156
-0.0795211791992188 0.0932159423828125 0.0662803649902344 0.0292778015136719
-0.0273590087890625 0.097930908203125 0.0166549682617188 0.0366477966308594
0.013946533203125 0.0903854370117188 0.0156974792480469 0.0536384582519531
0.0587997436523437 0.0538406372070312 0.0564765930175781 0.0432968139648437
0.0666885375976562 0.00823593139648437 0.064300537109375 0.00469207763671875
0.0575141906738281 -0.0367584228515625 0.0529441833496094 -0.0336227416992188
0.0341033935546875 -0.0588188171386719 0.028228759765625 -0.0462226867675781
0.0310096740722656 -0.0569229125976562 0.0106754302978516 -0.0328235626220703
0.0350265502929687 -0.0659523010253906 0.00621604919433594 -0.0191497802734375
0.0538902282714844 -0.0552024841308594 -0.000230789184570311 -0.0178604125976563
0.0778274536132813 -0.0182571411132813 -0.0106582641601562 -0.0104570388793945
0.0802230834960937 0.0265655517578125 -0.00660896301269531 -0.0185737609863281
0.0359115600585938 0.0906829833984375 -0.000783920288085937 -0.0328788757324219
-0.0139236450195313 0.117141723632812 0.0208721160888672 -0.0291099548339844
-0.0658035278320312 0.101898193359375 0.0176963806152344 -0.0115756988525391
-0.0967254638671875 0.081573486328125 0.0318832397460938 0.060394287109375
-0.05224609375 0.102035522460937 -0.00237655639648438 0.0626602172851563
-0.00107574462890624 0.109207153320313 0.00529098510742188 0.0637588500976563
0.061279296875 0.0753250122070313 0.0405769348144531 0.051971435546875
0.079437255859375 0.0191879272460938 0.047332763671875 0.018890380859375
0.0736007690429688 -0.0381546020507813 0.039031982421875 -0.0111083984375
0.0447845458984375 -0.0646553039550781 0.0201549530029297 -0.0195331573486328
0.0399703979492188 -0.0619583129882813 0.00522661209106446 -0.00856065750122071
0.0438690185546875 -0.0720443725585937 -0.00090980529785156 0.00537300109863281
0.0619888305664063 -0.0585479736328125 -0.0115394592285156 0.0020761489868164
0.0852432250976563 -0.0161209106445313 -0.0234851837158203 0.00259208679199219
0.0823440551757813 0.0319137573242188 -0.0169286727905273 -0.0116939544677734
0.0295944213867187 0.0947723388671875 -0.00471878051757813 -0.0253124237060547
-0.0245513916015625 0.114646911621094 0.0160961151123047 -0.00684928894042968
-0.0755157470703125 0.0915374755859375 -0.00860309600830078 0.0164089202880859
-0.0958709716796875 0.0544815063476563 -0.00559234619140626 0.0843429565429687
-0.066741943359375 0.0819091796875 -0.0248794555664063 0.0818862915039063
-0.0198898315429688 0.102272033691406 -0.0073394775390625 0.0677032470703125
0.0477218627929687 0.0815048217773438 0.0198287963867188 0.0548515319824219
0.0749359130859375 0.0288162231445313 0.0244846343994141 0.02862548828125
0.0754852294921875 -0.0308609008789063 0.0206222534179688 0.0104160308837891
0.0485572814941406 -0.0592193603515625 0.00952339172363282 0.00812339782714843
0.04241943359375 -0.0569229125976563 -0.000760078430175778 0.0171852111816406
0.0463829040527344 -0.0670623779296875 -0.00886154174804687 0.0293788909912109
0.0623741149902344 -0.0532379150390625 -0.0242023468017578 0.0219497680664062
0.0818405151367187 -0.0105133056640625 -0.0357093811035156 0.0147247314453125
0.07470703125 0.0355148315429688 -0.0266857147216797 -0.00701904296875
0.016937255859375 0.090576171875 -0.00801658630371093 -0.0201454162597656
-0.0362319946289062 0.0992813110351562 0.00974178314208984 0.0108366012573242
-0.0785140991210938 0.0684127807617188 -0.0370979309082031 0.0385551452636719
-0.0759429931640625 0.0175247192382812 -0.0391693115234375 0.0962753295898437
-0.0642738342285156 0.04559326171875 -0.0438766479492188 0.0908584594726563
-0.032684326171875 0.0719146728515625 -0.016448974609375 0.0652923583984375
0.0244140625 0.0697669982910156 0.00169754028320313 0.050567626953125
0.0544357299804688 0.0307960510253906 0.00379562377929688 0.0324764251708984
0.0632438659667969 -0.0189933776855469 0.00212669372558594 0.0274143218994141
0.0432357788085938 -0.0443458557128906 -0.00200462341308594 0.03216552734375
0.0376014709472656 -0.0439567565917969 -0.007415771484375 0.0406913757324219
0.0423431396484375 -0.05303955078125 -0.0171852111816406 0.05059814453125
0.0549774169921875 -0.0413856506347656 -0.0364990234375 0.0396194458007813
0.0698089599609375 -0.00397109985351563 -0.0482025146484375 0.0240478515625
0.0590095520019531 0.0353012084960938 -0.0375480651855469 -0.00496673583984374
0.00255584716796876 0.0779647827148438 -0.0125255584716797 -0.01812744140625
-0.0448074340820312 0.0735321044921875 0.00115585327148437 0.0245342254638672
-0.0733871459960938 0.0363845825195313 -0.064727783203125 0.0522956848144531
-0.0442886352539063 -0.0220603942871094 -0.0587921142578125 0.09625244140625
-0.0492095947265625 0.00277328491210937 -0.0521392822265625 0.0891799926757813
-0.0364799499511719 0.0291557312011719 -0.0194549560546875 0.0584869384765625
-0.000434875488281246 0.0433731079101563 -0.0101661682128906 0.0444374084472656
0.0256195068359375 0.0259170532226563 -0.0101776123046875 0.0327644348144531
0.0397529602050781 -0.00436782836914062 -0.0113410949707031 0.0381088256835938
0.0307445526123047 -0.0226783752441406 -0.0106163024902344 0.0490264892578125
0.0273151397705078 -0.0243358612060547 -0.0121498107910156 0.0563735961914062
0.0318393707275391 -0.0313720703125 -0.0244140625 0.065521240234375
0.0397071838378906 -0.02435302734375 -0.0479469299316406 0.0522918701171875
0.0494194030761719 0.00191497802734375 -0.0597152709960938 0.0291595458984375
0.0384025573730469 0.0299072265625 -0.0473976135253906 -0.00491333007812499
-0.00926971435546876 0.0560874938964844 -0.0181121826171875 -0.0187759399414062
-0.0459175109863281 0.0397491455078125 -0.0107917785644531 0.029327392578125
-0.0580825805664063 0.000396728515624988 -0.0894851684570312 0.0548553466796875
0.0238838195800781 0.0346202850341797 0.0937423706054688 -0.0612411499023438
0.0368614196777344 -0.006072998046875 0.0256385803222656 -0.0272903442382813
0.00760841369628906 -0.0254173278808594 0.0199699401855469 0.0215740203857422
-0.0139389038085938 -0.0191020965576172 0.0613174438476563 0.0137901306152344
-0.0209712982177734 -0.00366973876953125 0.0701484680175781 -0.0290985107421875
-0.0180263519287109 0.00935554504394532 0.0495414733886719 -0.0694923400878906
-0.0147552490234375 0.00669097900390625 0.0222015380859375 -0.0819778442382813
-0.0168781280517578 0.00176620483398438 0.00930023193359374 -0.0687332153320313
-0.0191097259521484 -0.000764846801757809 0.00965499877929687 -0.0577201843261719
-0.0133018493652344 -0.0144386291503906 0.0130348205566406 -0.0473060607910156
0.00211143493652344 -0.0242385864257813 0.0124435424804687 -0.0385398864746094
0.0238895416259766 -0.0170192718505859 0.01568603515625 -0.0419731140136719
0.03814697265625 0.011566162109375 0.0237388610839844 -0.0588455200195313
0.0319480895996094 0.0412673950195313 0.0443954467773438 -0.0870513916015625
0.0095062255859375 0.0552711486816406 0.0639572143554688 -0.0906600952148438
-0.00860214233398437 0.0686378479003906 0.0999984741210938 -0.04156494140625
0.0259780883789063 0.0356941223144531 0.0311965942382813 -0.0135345458984375
0.0197315216064453 0.0122222900390625 0.0229110717773438 0.029266357421875
0.0153017044067383 0.000102996826171875 0.0672950744628906 0.0196418762207031
0.0101079940795898 -0.00568675994873047 0.0754241943359375 -0.02508544921875
0.00639152526855469 -0.0122556686401367 0.0552558898925781 -0.0682754516601563
-0.00031280517578125 -0.0211162567138672 0.0252838134765625 -0.0813980102539063
-0.00177574157714844 -0.0240192413330078 0.0101852416992188 -0.0664901733398438
-0.00100326538085937 -0.0288467407226563 0.00968551635742187 -0.0544166564941406
0.0132522583007813 -0.0324172973632813 0.0120162963867187 -0.0453529357910156
0.0345191955566406 -0.0227909088134766 0.008087158203125 -0.0333881378173828
0.0491714477539063 0.0030059814453125 0.0116119384765625 -0.0357284545898437
0.0387153625488281 0.0486984252929688 0.0145378112792969 -0.0505332946777344
0.0146102905273438 0.0797576904296875 0.034942626953125 -0.0731048583984375
-0.020355224609375 0.085906982421875 0.0557861328125 -0.0719528198242188
-0.043609619140625 0.0923004150390625 0.0915603637695313 -0.011199951171875
0.0065460205078125 0.0748748779296875 0.0291213989257813 0.00813293457031251
0.0254135131835938 0.0545158386230469 0.0236358642578125 0.0407638549804688
0.0449371337890625 0.02392578125 0.0681991577148437 0.0298042297363281
0.0426864624023437 -0.00385665893554687 0.0745391845703125 -0.0137863159179687
0.0325145721435547 -0.0303936004638672 0.0567054748535156 -0.0571517944335938
0.0152816772460938 -0.04620361328125 0.0262985229492188 -0.0703201293945313
0.0142860412597656 -0.0453987121582031 0.00933456420898438 -0.0548210144042969
0.0157852172851563 -0.0539741516113281 0.007415771484375 -0.0410385131835938
0.0350723266601562 -0.0497055053710937 0.00540924072265625 -0.03564453125
0.0603866577148437 -0.0245552062988281 -0.00131607055664062 -0.0240764617919922
0.070770263671875 0.0146636962890625 0.00262260437011719 -0.0281105041503906
0.042877197265625 0.0747833251953125 0.0044708251953125 -0.0422821044921875
0.00391387939453125 0.10760498046875 0.0251998901367187 -0.0543556213378906
-0.043487548828125 0.1051025390625 0.0387535095214844 -0.0451393127441406
-0.0732803344726562 0.101852416992187 0.071014404296875 0.0242538452148438
-0.0190505981445313 0.102081298828125 0.0196685791015625 0.0362052917480469
0.0223464965820313 0.0909500122070313 0.018768310546875 0.0540084838867188
0.0651626586914063 0.050201416015625 0.0597076416015625 0.0407371520996094
0.0687217712402344 0.00207138061523438 0.0663490295410156 0.000858306884765625
0.0561141967773438 -0.0427780151367188 0.0518875122070312 -0.0375785827636719
0.0295753479003906 -0.0625381469726563 0.024932861328125 -0.0491485595703125
0.02703857421875 -0.0605392456054688 0.00759506225585938 -0.0351314544677734
0.0293731689453125 -0.0712051391601563 0.00402259826660157 -0.0206375122070313
0.0494537353515625 -0.0615425109863281 -0.002471923828125 -0.0187568664550781
0.078094482421875 -0.026519775390625 -0.0126800537109375 -0.0107946395874023
0.0847320556640625 0.019805908203125 -0.00720214843749999 -0.0196056365966797
0.0452728271484375 0.0893630981445313 -0.00250816345214843 -0.034698486328125
-0.00370788574218749 0.120880126953125 0.019775390625 -0.0315780639648437
-0.0591354370117188 0.110336303710938 0.0170564651489258 -0.0148744583129883
-0.0916900634765625 0.0916061401367187 0.0381546020507812 0.0598487854003906
-0.0441665649414063 0.108360290527344 0.00169754028320313 0.0638580322265625
0.00804138183593751 0.111740112304688 0.00819778442382812 0.06536865234375
0.0700149536132813 0.0710296630859375 0.044219970703125 0.0507125854492188
0.083404541015625 0.0129547119140625 0.0494155883789063 0.0170974731445313
0.0716400146484375 -0.0455474853515625 0.0394706726074219 -0.014556884765625
0.0399665832519531 -0.0691680908203125 0.0197677612304688 -0.0218524932861328
0.0350151062011719 -0.0667343139648438 0.004180908203125 -0.0095510482788086
0.0377120971679687 -0.0780258178710938 -0.00117683410644531 0.00482368469238281
0.0578346252441406 -0.0654449462890625 -0.0130167007446289 0.00248527526855468
0.0851974487304688 -0.0248336791992188 -0.0241775512695312 0.00459671020507813
0.08734130859375 0.0245895385742188 -0.0178737640380859 -0.0120525360107422
0.0395660400390625 0.0951309204101562 -0.00522994995117187 -0.0257072448730469
-0.0144729614257813 0.119277954101563 0.0164966583251953 -0.00878429412841796
-0.0695343017578125 0.0998458862304688 -0.00857925415039063 0.0157546997070313
-0.0934982299804688 0.064178466796875 0.00131225585937499 0.0872802734375
-0.0614013671875 0.0893630981445312 -0.019287109375 0.0858688354492188
-0.0112838745117188 0.106307983398437 -0.00432586669921876 0.0702171325683594
0.05584716796875 0.0794906616210938 0.0236549377441406 0.0550498962402344
0.0789718627929688 0.0224151611328125 0.0277557373046875 0.0286693572998047
0.0744705200195313 -0.0392227172851563 0.0227794647216797 0.00962257385253906
0.0439300537109375 -0.0647735595703125 0.0105161666870117 0.00756454467773437
0.0380783081054688 -0.0622177124023438 0.000648498535156251 0.0168523788452148
0.0414581298828125 -0.0734405517578125 -0.00658035278320313 0.0304489135742187
0.0581550598144531 -0.0603370666503906 -0.023223876953125 0.0238933563232422
0.0832366943359375 -0.0181884765625 -0.0355453491210938 0.0176506042480469
0.0799331665039063 0.0288848876953125 -0.0270824432373047 -0.00554275512695312
0.0264053344726562 0.0913619995117188 -0.0096435546875 -0.02117919921875
-0.0273818969726563 0.103874206542969 0.0111846923828125 0.00983428955078126
-0.0748672485351563 0.0765228271484375 -0.0349464416503906 0.0414772033691406
-0.0760498046875 0.02508544921875 -0.03204345703125 0.102333068847656
-0.0622940063476562 0.0518074035644531 -0.0377349853515625 0.0957717895507813
-0.027069091796875 0.07666015625 -0.0138626098632813 0.0681686401367187
0.0320472717285156 0.0691261291503906 0.00463485717773438 0.0529289245605469
0.0582504272460937 0.02630615234375 0.00660514831542969 0.0339374542236328
0.0636634826660156 -0.0247306823730469 0.00542068481445313 0.0282802581787109
0.0404739379882813 -0.0490303039550781 0.000625610351562501 0.0325794219970703
0.0355491638183594 -0.0481948852539063 -0.00372695922851562 0.0411796569824219
0.0379524230957031 -0.0578193664550781 -0.0132598876953125 0.0529289245605469
0.0521087646484375 -0.0470314025878906 -0.0347213745117187 0.0426521301269531
0.070281982421875 -0.0105972290039062 -0.0477561950683594 0.028289794921875
0.0634574890136719 0.0309371948242187 -0.0382347106933594 -0.00254821777343749
0.00968170166015624 0.079193115234375 -0.0132675170898437 -0.0176315307617188
-0.039031982421875 0.0782089233398437 0.00343132019042968 0.0240211486816406
-0.0719375610351563 0.0427932739257813 -0.0629997253417969 0.0579566955566406
-0.0465927124023438 -0.0181961059570312 -0.0532608032226563 0.10418701171875
-0.0498847961425781 0.00688934326171874 -0.047454833984375 0.0950851440429688
-0.034759521484375 0.0328502655029297 -0.0173225402832031 0.0615158081054688
0.0037384033203125 0.0445442199707031 -0.00797653198242188 0.0468063354492188
0.0286655426025391 0.0243854522705078 -0.00734329223632812 0.0352973937988281
0.0400047302246094 -0.00844955444335938 -0.00725173950195312 0.0400047302246094
0.0290794372558594 -0.0262737274169922 -0.00587081909179688 0.0512046813964844
0.0259819030761719 -0.0274200439453125 -0.00732803344726562 0.0580940246582031
0.0294208526611328 -0.0351142883300781 -0.0195732116699219 0.0691146850585938
0.0384864807128906 -0.028411865234375 -0.0445137023925781 0.0565757751464844
0.0506210327148437 -0.00264739990234375 -0.0588226318359375 0.0346603393554688
0.0419197082519531 0.0272789001464844 -0.0482063293457031 -0.00143814086914062
-0.0048980712890625 0.05841064453125 -0.0197944641113281 -0.0182380676269531
-0.0430526733398437 0.0441474914550781 -0.00784683227539063 0.0296802520751953
-0.0589714050292969 0.004547119140625 -0.0866317749023438 0.0634307861328125
0.0254020690917969 0.0326347351074219 0.0893707275390625 -0.0674514770507813
0.0374794006347656 -0.00888824462890625 0.0225734710693359 -0.0295372009277344
0.00613975524902344 -0.0261917114257813 0.0218257904052734 0.0202541351318359
-0.0151767730712891 -0.0175008773803711 0.0618667602539062 0.010650634765625
-0.0208835601806641 -0.00208473205566407 0.0663948059082031 -0.0327568054199219
-0.0177364349365234 0.0103340148925781 0.0452117919921875 -0.0724411010742188
-0.0142698287963867 0.00671482086181641 0.0163650512695313 -0.0821533203125
-0.0169677734375 0.00356864929199219 0.004180908203125 -0.0676727294921875
-0.019073486328125 0.000793457031249998 0.00397491455078125 -0.0582733154296875
-0.0144672393798828 -0.0137710571289062 0.00864410400390625 -0.0469932556152344
0.000873565673828124 -0.0223960876464844 0.00874710083007813 -0.0394401550292969
0.0223541259765625 -0.0192203521728516 0.0126533508300781 -0.0453720092773438
0.0387420654296875 0.00828170776367188 0.0206947326660156 -0.060211181640625
0.0345001220703125 0.0377655029296875 0.038818359375 -0.0897369384765625
0.0137672424316406 0.0546722412109375 0.0582199096679688 -0.0965423583984375
-0.00521087646484376 0.0673255920410156 0.0964584350585938 -0.0486602783203125
0.0300960540771484 0.0335254669189453 0.0297145843505859 -0.0170040130615234
0.0201778411865234 0.0118732452392578 0.0250301361083984 0.0284690856933594
0.0153617858886719 -0.00223731994628906 0.0681686401367188 0.0157737731933594
0.00911617279052734 -0.00601291656494141 0.0735626220703125 -0.0286865234375
0.00533676147460938 -0.0128335952758789 0.0497627258300781 -0.0701179504394531
-0.00237083435058594 -0.0214481353759766 0.0196151733398437 -0.0820236206054688
-0.00286674499511719 -0.0239028930664062 0.00482177734375 -0.0669670104980469
-0.00343132019042969 -0.0283279418945313 0.00614929199218751 -0.0544319152832031
0.00945472717285156 -0.0336990356445313 0.00828552246093749 -0.0464324951171875
0.0314788818359375 -0.0253353118896484 0.00580596923828125 -0.0339527130126953
0.0502700805664063 -0.00042724609375 0.00896453857421875 -0.037689208984375
0.0403900146484375 0.0455131530761719 0.0108413696289063 -0.0523109436035156
0.020965576171875 0.078155517578125 0.0303115844726563 -0.07574462890625
-0.0155715942382812 0.0863800048828125 0.0497207641601563 -0.0764617919921875
-0.0363388061523437 0.0960922241210938 0.091705322265625 -0.0187911987304687
0.0118865966796875 0.0737762451171875 0.0289096832275391 0.00549507141113282
0.0302925109863281 0.0529632568359375 0.0260086059570313 0.0396347045898437
0.0467643737792969 0.0201492309570313 0.0687713623046875 0.0262908935546875
0.0424079895019531 -0.00695037841796875 0.0741424560546875 -0.018768310546875
0.0288772583007813 -0.0332374572753906 0.0533447265625 -0.0609321594238281
0.0123710632324219 -0.0463752746582031 0.02166748046875 -0.0709457397460938
0.0109214782714844 -0.0467147827148438 0.00482940673828126 -0.0556907653808594
0.0112571716308594 -0.0542068481445313 0.00301361083984375 -0.0415611267089844
0.0297775268554687 -0.0516853332519531 0.00204086303710938 -0.0363998413085938
0.0595588684082031 -0.0287551879882813 -0.00252342224121093 -0.0247306823730469
0.070892333984375 0.00806427001953125 0.00173187255859375 -0.0297412872314453
0.0478744506835937 0.07196044921875 0.00269317626953126 -0.0432510375976562
0.0123672485351562 0.106239318847656 0.0217819213867187 -0.0544967651367188
-0.036376953125 0.107582092285156 0.0349159240722656 -0.0499000549316406
-0.0657577514648438 0.107215881347656 0.0732345581054688 0.0196762084960938
-0.0104751586914062 0.102447509765625 0.0209751129150391 0.0337371826171875
0.0291748046875 0.0901565551757813 0.0218544006347656 0.0530471801757813
0.0690269470214844 0.0435752868652344 0.061859130859375 0.0389175415039063
0.0684165954589844 -0.0031890869140625 0.0654182434082031 -0.00223159790039062
0.0523910522460938 -0.0473899841308594 0.0493850708007813 -0.0421104431152344
0.0247726440429687 -0.0648880004882813 0.0208168029785156 -0.0513381958007813
0.02203369140625 -0.0623703002929687 0.00405502319335938 -0.035247802734375
0.0229263305664063 -0.071624755859375 0.00118637084960938 -0.0203533172607422
0.0427360534667969 -0.0650863647460938 -0.00524330139160156 -0.0183334350585938
0.0757064819335937 -0.0314102172851563 -0.0127143859863281 -0.0107030868530273
0.0856552124023438 0.0132217407226562 -0.00854873657226562 -0.0201854705810547
0.0517349243164062 0.0862503051757813 -0.00374221801757813 -0.0337142944335937
0.00580596923828124 0.119964599609375 0.0177021026611328 -0.0330448150634766
-0.0507965087890625 0.112884521484375 0.0156974792480469 -0.0176048278808594
-0.0842971801757812 0.0981063842773438 0.0419769287109375 0.0577125549316406
-0.0357437133789062 0.110267639160156 0.00557708740234375 0.0635986328125
0.016815185546875 0.109886169433594 0.0111961364746094 0.0644264221191406
0.0741195678710938 0.0659561157226563 0.0470848083496094 0.0490531921386719
0.0834732055664062 0.0057830810546875 0.0496406555175781 0.0141563415527344
0.0666084289550781 -0.0513534545898438 0.0391502380371094 -0.0163803100585938
0.0347747802734375 -0.0731582641601563 0.0183181762695313 -0.0229206085205078
0.0296134948730469 -0.0684432983398438 0.00459480285644531 -0.0108909606933594
0.0316009521484375 -0.0809707641601563 -0.000247716903686521 0.00378012657165527
0.05084228515625 -0.0710601806640625 -0.0137853622436523 0.0028228759765625
0.082183837890625 -0.032440185546875 -0.0230617523193359 0.00470733642578125
0.0885772705078125 0.0170974731445313 -0.0157127380371094 -0.0115270614624023
0.0470123291015625 0.0896682739257813 -0.0066986083984375 -0.0267372131347656
-0.00464630126953126 0.118278503417969 0.0167922973632813 -0.0113716125488281
-0.062286376953125 0.104789733886719 -0.00818634033203126 0.0157842636108399
-0.0870742797851563 0.0712890625 0.009033203125 0.0875396728515625
-0.0530471801757813 0.0933990478515625 -0.013580322265625 0.0848922729492188
-0.00366210937499999 0.106826782226563 -0.00103759765625001 0.0693130493164063
0.0621490478515625 0.0742721557617188 0.0253486633300781 0.0535354614257813
0.080413818359375 0.0162429809570313 0.0289554595947266 0.0284805297851563
0.0707473754882813 -0.0446624755859375 0.0240020751953125 0.00800895690917968
0.0395431518554688 -0.0684661865234375 0.011601448059082 0.00681591033935546
0.0336761474609375 -0.0641593933105469 0.00132942199707031 0.0161981582641601
0.0352249145507813 -0.0764083862304688 -0.00524520874023437 0.0295639038085937
0.0520782470703125 -0.0647697448730469 -0.0230770111083984 0.0248527526855469
0.0809402465820312 -0.0260391235351562 -0.0345115661621094 0.0199489593505859
0.0820541381835938 0.0218276977539062 -0.0272140502929687 -0.00475311279296874
0.0335769653320313 0.08935546875 -0.0102043151855469 -0.0201911926269531
-0.0191726684570312 0.105621337890625 0.0118036270141602 0.0085430145263672
-0.068939208984375 0.08209228515625 -0.0323905944824219 0.0421409606933594
-0.074310302734375 0.03082275390625 -0.0244522094726562 0.104560852050781
-0.056671142578125 0.0563583374023437 -0.0317306518554687 0.0975341796875
-0.0221939086914063 0.0777740478515625 -0.00913619995117188 0.0695419311523438
0.0373344421386719 0.0656814575195313 0.00620269775390625 0.0538558959960938
0.0615882873535156 0.0229454040527344 0.00776481628417969 0.0341567993164063
0.0593338012695313 -0.0295982360839844 0.0082550048828125 0.0279064178466797
0.0349845886230469 -0.0534744262695313 0.003997802734375 0.0310325622558594
0.0304908752441406 -0.0519256591796875 -0.000789642333984372 0.0405731201171875
0.0335159301757813 -0.0612869262695312 -0.00951766967773437 0.05303955078125
0.0476188659667969 -0.0514678955078125 -0.0314598083496094 0.0454177856445313
0.0697402954101563 -0.0173568725585938 -0.0449142456054687 0.0306053161621094
0.0664787292480469 0.0255928039550781 -0.0383758544921875 0.00033950805664062
0.0159149169921875 0.0782470703125 -0.0141229629516602 -0.0174751281738281
-0.0317459106445313 0.0807037353515625 0.00503921508789063 0.0214672088623047
-0.0687484741210937 0.048797607421875 -0.0569496154785156 0.0621833801269531
-0.0464630126953125 -0.0135688781738281 -0.0440292358398438 0.108657836914063
-0.0481491088867188 0.0108604431152344 -0.0414276123046875 0.0982208251953125
-0.031585693359375 0.0349636077880859 -0.0146865844726562 0.0633087158203125
0.00748825073242188 0.0430679321289063 -0.00636672973632812 0.0480461120605469
0.0307540893554688 0.0221405029296875 -0.00457382202148438 0.0357284545898438
0.0399360656738281 -0.0120658874511719 -0.00455093383789062 0.0414962768554688
0.0264339447021484 -0.0281581878662109 -0.0012969970703125 0.050933837890625
0.0230598449707031 -0.0277137756347656 -0.0032806396484375 0.0568885803222656
0.0268745422363281 -0.0378952026367188 -0.0145606994628906 0.0686225891113281
0.0350589752197266 -0.0302848815917969 -0.0401382446289062 0.0580177307128906
0.0501441955566406 -0.0074920654296875 -0.0570030212402344 0.0377655029296875
0.0430793762207031 0.0241127014160156 -0.0470123291015625 0.00182723999023439
-1.14440917968721E-05 0.0587882995605469 -0.019775390625 -0.0170345306396484
-0.0391197204589844 0.0463523864746094 -0.006011962890625 0.0294322967529297
-0.058746337890625 0.00807571411132813 -0.0817413330078125 0.06854248046875
0.0264778137207031 0.0311393737792969 0.0845565795898438 -0.0713882446289063
0.0353469848632813 -0.00968551635742188 0.0204963684082031 -0.0298538208007812
0.00600051879882813 -0.0252017974853516 0.0203380584716797 0.0198402404785156
-0.0160236358642578 -0.0165739059448242 0.0619468688964844 0.00776290893554687
-0.0205821990966797 -0.000102996826171874 0.0647773742675781 -0.0352554321289063
-0.017125129699707 0.0107975006103516 0.0406112670898437 -0.0717849731445313
-0.0136337280273437 0.00775814056396485 0.0115890502929687 -0.0822219848632813
-0.0159578323364258 0.00429916381835937 0.000362396240234375 -0.0673904418945313
-0.0187397003173828 0.00163650512695313 0.00088119506835937 -0.0576629638671875
-0.0153417587280273 -0.011474609375 0.00580215454101562 -0.0487060546875
-0.00154304504394531 -0.0230064392089844 0.00689697265625 -0.0413856506347656
0.0207805633544922 -0.0195083618164063 0.0120658874511719 -0.0458717346191406
0.037750244140625 0.00664901733398437 0.0189018249511719 -0.0596885681152344
0.0358161926269531 0.0363082885742188 0.0354080200195312 -0.0899200439453125
0.0155525207519531 0.0531768798828125 0.052764892578125 -0.0986557006835938
-0.00186920166015625 0.0687446594238281 0.09375 -0.0527267456054687
0.0298252105712891 0.0310173034667969 0.0275669097900391 -0.0174827575683594
0.0213260650634766 0.00994300842285156 0.0252571105957031 0.027069091796875
0.0160036087036133 -0.0022125244140625 0.0680389404296875 0.0130500793457031
0.00962352752685547 -0.00684738159179688 0.0707244873046875 -0.0308837890625
0.00392913818359375 -0.0132780075073242 0.0468597412109375 -0.0713348388671875
-0.00287818908691406 -0.0211544036865234 0.01531982421875 -0.0812149047851563
-0.00447273254394531 -0.0221500396728516 0.00128173828124999 -0.0651931762695313
-0.00507164001464844 -0.0276470184326172 0.001953125 -0.0537796020507813
0.00822067260742188 -0.0335044860839844 0.00426101684570313 -0.0468902587890625
0.0306282043457031 -0.0261936187744141 0.00351715087890625 -0.035491943359375
0.0487022399902344 -0.00287246704101563 0.00799179077148438 -0.0393562316894531
0.0432357788085938 0.0430564880371094 0.0115547180175781 -0.0518302917480469
0.0237350463867187 0.0763626098632813 0.028106689453125 -0.0750579833984375
-0.010772705078125 0.0867156982421875 0.046905517578125 -0.0795669555664063
-0.0314483642578125 0.0963973999023438 0.0888442993164063 -0.0226821899414062
0.0151214599609375 0.0713577270507813 0.0288238525390625 0.00387001037597657
0.0323753356933594 0.0513229370117188 0.025634765625 0.0390625
0.047210693359375 0.0176544189453125 0.0692672729492187 0.023651123046875
0.0412788391113281 -0.0094451904296875 0.07159423828125 -0.0204086303710937
0.0269641876220703 -0.0349884033203125 0.0495872497558594 -0.0616035461425781
0.0091552734375 -0.0462875366210938 0.0175552368164063 -0.0711822509765625
0.008209228515625 -0.0458564758300781 0.00219345092773438 -0.0541152954101563
0.00840377807617188 -0.0541458129882813 0.0016326904296875 -0.0409736633300781
0.0267143249511719 -0.0522918701171875 -0.0010223388671875 -0.0349674224853516
0.0562057495117188 -0.0312728881835938 -0.00487136840820312 -0.0247478485107422
0.0713424682617188 0.00455474853515625 0.000631332397460941 -0.0312461853027344
0.051025390625 0.0686607360839844 0.00271987915039063 -0.0426216125488281
0.01702880859375 0.1048583984375 0.0203475952148438 -0.0557937622070312
-0.030914306640625 0.1082763671875 0.0321273803710938 -0.0517654418945312
-0.0594863891601562 0.108978271484375 0.0729904174804688 0.0156097412109375
-0.00620269775390625 0.10137939453125 0.0219917297363281 0.0319366455078125
0.0330352783203125 0.0869140625 0.02178955078125 0.0525245666503906
0.0706100463867188 0.0401077270507813 0.0622024536132813 0.0362586975097656
0.0681610107421875 -0.006500244140625 0.0650405883789063 -0.0039215087890625
0.0485649108886719 -0.050262451171875 0.0475044250488281 -0.0429153442382813
0.0211448669433594 -0.0646934509277344 0.0184593200683594 -0.0508193969726563
0.01806640625 -0.0623817443847656 0.001922607421875 -0.0344257354736328
0.0186004638671875 -0.0721588134765625 0.000337600708007815 -0.0203819274902344
0.0386619567871094 -0.0663032531738281 -0.00773048400878906 -0.0184917449951172
0.0726165771484375 -0.0364456176757813 -0.0139436721801758 -0.0106363296508789
0.08551025390625 0.00817108154296875 -0.00859642028808593 -0.0217514038085938
0.056304931640625 0.0812911987304688 -0.00421524047851562 -0.0344963073730469
0.0125198364257812 0.117820739746094 0.0166950225830078 -0.0337734222412109
-0.0456771850585938 0.114921569824219 0.0139102935791016 -0.0194015502929687
-0.0783233642578125 0.101234436035156 0.0449485778808594 0.0538787841796875
-0.0300674438476563 0.109817504882813 0.00815200805664063 0.0609664916992188
0.02191162109375 0.108177185058594 0.0122413635253906 0.0640754699707031
0.07781982421875 0.06048583984375 0.0474739074707031 0.0470848083496094
0.0829086303710938 0.00191497802734375 0.0503425598144531 0.0129013061523438
0.0628623962402344 -0.0549163818359375 0.0395355224609375 -0.0182113647460938
0.0300979614257812 -0.0736770629882813 0.0162448883056641 -0.0233840942382813
0.0261955261230469 -0.0688438415527344 0.00208854675292969 -0.00982284545898438
0.02581787109375 -0.080718994140625 -0.000923871994018553 0.00373220443725585
0.04583740234375 -0.0718536376953125 -0.0145721435546875 0.00380802154541015
0.0803146362304688 -0.0362167358398438 -0.0233631134033203 0.00551414489746093
0.0887985229492188 0.012481689453125 -0.0173654556274414 -0.0124721527099609
0.0507965087890625 0.08734130859375 -0.00668907165527344 -0.0261058807373047
0.00191497802734374 0.117416381835937 0.0160322189331055 -0.0116109848022461
-0.0567169189453125 0.105506896972656 -0.00704669952392579 0.0136756896972656
-0.0823974609375 0.0742416381835938 0.0125350952148437 0.0860366821289063
-0.0486907958984375 0.093963623046875 -0.0103988647460938 0.084808349609375
0.0013275146484375 0.10540771484375 0.000572204589843743 0.0699234008789062
0.0649948120117188 0.0703277587890625 0.0264396667480469 0.0542030334472656
0.0803146362304688 0.0116043090820313 0.0300426483154297 0.0266628265380859
0.067352294921875 -0.0484657287597656 0.0252571105957031 0.00706863403320312
0.0345115661621094 -0.0692672729492188 0.0117130279541016 0.00550079345703125
0.02923583984375 -0.0656700134277344 0.00117588043212891 0.0158052444458008
0.0297470092773437 -0.0771942138671875 -0.00329971313476562 0.0292301177978516
0.0477943420410156 -0.0666732788085938 -0.0217266082763672 0.02508544921875
0.0788650512695313 -0.0301132202148438 -0.0327930450439453 0.0204334259033203
0.0826797485351563 0.0175323486328125 -0.0261478424072266 -0.00435256958007812
0.0381546020507813 0.0859451293945313 -0.0105247497558594 -0.0206871032714844
-0.0131683349609375 0.104576110839844 0.0122537612915039 0.00688934326171876
-0.06439208984375 0.0837631225585938 -0.0298309326171875 0.0425643920898438
-0.0705718994140625 0.03411865234375 -0.0184555053710938 0.105720520019531
-0.0534210205078125 0.0587005615234375 -0.0281448364257813 0.09832763671875
-0.0174331665039062 0.078216552734375 -0.00775909423828125 0.0688858032226563
0.0401840209960938 0.062469482421875 0.00851440429687501 0.0533294677734375
0.0609855651855469 0.0181350708007813 0.0106601715087891 0.0347156524658203
0.057342529296875 -0.0335159301757812 0.0105743408203125 0.027496337890625
0.0324897766113281 -0.0530281066894531 0.00556564331054687 0.0323619842529297
0.0275764465332031 -0.0518379211425781 -0.000164031982421874 0.0399971008300781
0.0297431945800781 -0.0625114440917969 -0.0059356689453125 0.0523147583007812
0.0434761047363281 -0.0531463623046875 -0.0288734436035156 0.0453910827636719
0.0683746337890625 -0.0203475952148438 -0.0430450439453125 0.0328369140625
0.06719970703125 0.0220489501953125 -0.0365676879882812 0.000347137451171872
0.0203475952148438 0.0760421752929688 -0.0148944854736328 -0.0179023742675781
-0.0272369384765625 0.0811538696289062 0.00590133666992188 0.0216388702392578
-0.0655784606933594 0.0506019592285156 -0.0553779602050781 0.0627250671386719
-0.0461769104003906 -0.0116081237792969 -0.0389175415039063 0.110588073730469
-0.0466423034667969 0.0126914978027344 -0.0362548828125 0.0984039306640625
-0.0301475524902344 0.0370521545410156 -0.01251220703125 0.062347412109375
0.00968551635742187 0.0427780151367188 -0.00406646728515625 0.0492820739746094
0.0316238403320313 0.0196704864501953 -0.00336074829101562 0.036529541015625
0.0375900268554688 -0.0144271850585938 -0.00040435791015625 0.0407600402832031
0.0250453948974609 -0.0296230316162109 0.00105667114257813 0.0502395629882813
0.0216140747070312 -0.0302047729492187 -0.0007476806640625 0.0568351745605469
0.0245513916015625 -0.0385208129882813 -0.01092529296875 0.0686492919921875
0.0337867736816406 -0.0332927703857422 -0.0375328063964844 0.0601272583007813
0.0501441955566406 -0.00904464721679688 -0.0529441833496094 0.0395889282226563
0.0443267822265625 0.0221900939941406 -0.04656982421875 0.00252151489257814
0.00307846069335938 0.0578651428222656 -0.0205135345458984 -0.0168781280517578
-0.0354652404785156 0.0478744506835937 -0.00464820861816407 0.0288066864013672
-0.0570526123046875 0.0102729797363281 -0.0779800415039063 0.0713653564453125
0.0272541046142578 0.0304317474365234 0.0829086303710937 -0.0731582641601562
0.0357933044433594 -0.0109176635742188 0.0189971923828125 -0.0309429168701172
0.00534248352050781 -0.0252952575683594 0.0206222534179687 0.0203361511230469
-0.0165910720825195 -0.0159358978271484 0.0619392395019531 0.00727462768554687
-0.0201568603515625 0.000156402587890623 0.0643081665039062 -0.0358428955078125
-0.0171585083007813 0.0119829177856445 0.038848876953125 -0.0729827880859375
-0.0136175155639648 0.008331298828125 0.0100173950195312 -0.0812454223632813
-0.0157699584960938 0.00560569763183594 -0.00136947631835937 -0.0666275024414062
-0.0188846588134766 0.00314521789550781 -0.0010223388671875 -0.0577201843261719
-0.0156898498535156 -0.0107669830322266 0.0041351318359375 -0.048797607421875
-0.00195503234863281 -0.0220527648925781 0.0055694580078125 -0.0424652099609375
0.0201606750488281 -0.0198345184326172 0.0109748840332031 -0.047149658203125
0.0378761291503906 0.00542449951171875 0.0198631286621094 -0.0595474243164063
0.0369148254394531 0.0356559753417969 0.0342254638671875 -0.0900344848632812
0.0172882080078125 0.0530014038085938 0.0505905151367188 -0.101448059082031
6.86645507812452E-05 0.0692672729492188 0.0923309326171875 -0.0546112060546875
0.0312862396240234 0.0303840637207031 0.0266246795654297 -0.0187397003173828
0.0222854614257812 0.0101451873779297 0.0248241424560547 0.0274314880371094
0.0159883499145508 -0.002960205078125 0.068267822265625 0.0128211975097656
0.00898456573486328 -0.00741291046142578 0.0708847045898438 -0.0318374633789063
0.00317764282226562 -0.0134878158569336 0.04541015625 -0.0718307495117188
-0.00370407104492187 -0.0208702087402344 0.0127410888671875 -0.08135986328125
-0.00479888916015625 -0.021453857421875 -0.000839233398437497 -0.0647811889648438
-0.005859375 -0.0272636413574219 0.00015640258789063 -0.0542793273925781
0.00638198852539062 -0.033447265625 0.00228500366210938 -0.0461196899414063
0.0296592712402344 -0.0270442962646484 0.00201416015625 -0.0362777709960937
0.04827880859375 -0.0045928955078125 0.00762939453125001 -0.0408172607421875
0.0443916320800781 0.0417213439941406 0.01177978515625 -0.0514183044433594
0.0257720947265625 0.07598876953125 0.0270156860351563 -0.0756378173828125
-0.00858306884765625 0.08770751953125 0.0443649291992187 -0.0821762084960937
-0.0295944213867187 0.097259521484375 0.089111328125 -0.024871826171875
0.0169601440429688 0.0712661743164062 0.0280704498291016 0.00278282165527344
0.0338478088378906 0.0500221252441406 0.0257949829101563 0.0394134521484375
0.0481605529785156 0.0162773132324219 0.06951904296875 0.0227775573730469
0.0411109924316406 -0.0107955932617188 0.0717239379882813 -0.0206146240234375
0.0257568359375 -0.036163330078125 0.0483589172363281 -0.062255859375
0.00778579711914063 -0.0470352172851563 0.0158233642578125 -0.0712814331054688
0.00632858276367187 -0.0458335876464844 -0.000537872314453119 -0.0532684326171875
0.00601959228515625 -0.0540046691894531 1.14440917968748E-05 -0.0410499572753906
0.0246734619140625 -0.0531730651855469 -0.00310516357421875 -0.0357589721679688
0.0548477172851563 -0.0339622497558594 -0.00566291809082031 -0.0252704620361328
0.07147216796875 0.002777099609375 2.86102294921898E-05 -0.0326881408691406
0.0527267456054687 0.0668182373046875 0.00280761718750001 -0.0430068969726562
0.0205230712890625 0.104095458984375 0.0202484130859375 -0.056304931640625
-0.0288772583007813 0.109039306640625 0.0304908752441406 -0.0536537170410156
-0.0567245483398437 0.110092163085938 0.07330322265625 0.0130615234375
-0.00318908691406251 0.100547790527344 0.0221900939941406 0.0304737091064453
0.0359344482421875 0.0861053466796875 0.0213966369628906 0.052978515625
0.0722885131835938 0.037811279296875 0.0622291564941406 0.0357131958007812
0.0679168701171875 -0.00847244262695313 0.0652389526367188 -0.00450897216796875
0.0459938049316406 -0.0519676208496094 0.047027587890625 -0.0432281494140625
0.0185356140136719 -0.066558837890625 0.0167732238769531 -0.05108642578125
0.0161056518554688 -0.0624923706054688 0.000484466552734374 -0.0346736907958985
0.0156326293945312 -0.07305908203125 -0.00090980529785156 -0.021148681640625
0.0362129211425781 -0.0672111511230469 -0.00919723510742187 -0.0180702209472656
0.0712203979492188 -0.03924560546875 -0.0143680572509766 -0.0104284286499023
0.0853118896484375 0.00504302978515625 -0.00855827331542968 -0.0230789184570313
0.0579757690429688 0.0794906616210938 -0.00374412536621093 -0.0346431732177734
0.015716552734375 0.117393493652344 0.0163612365722656 -0.034515380859375
-0.0427627563476563 0.116142272949219 0.0126953125 -0.0206985473632812
-0.0749969482421875 0.102729797363281 0.04632568359375 0.0524520874023438
-0.0268402099609375 0.110244750976562 0.00869369506835937 0.0600013732910156
0.0245590209960937 0.107589721679688 0.0119552612304687 0.0643806457519531
0.0794601440429688 0.0579376220703125 0.0475616455078125 0.0475616455078125
0.0831756591796875 -0.00086212158203125 0.0506362915039063 0.0125808715820313
0.0608291625976563 -0.0571861267089844 0.0389900207519531 -0.018524169921875
0.0277252197265625 -0.0747222900390625 0.0153064727783203 -0.0240554809570313
0.0232086181640625 -0.0703048706054688 0.000848770141601563 -0.0101213455200195
0.0227737426757813 -0.0818710327148438 -0.00108027458190918 0.00409889221191406
0.0427093505859375 -0.0729751586914063 -0.0153894424438477 0.00345325469970702
0.0782623291015625 -0.0397186279296875 -0.0234107971191406 0.00575065612792968
0.0893783569335938 0.0087890625 -0.0171117782592773 -0.0136575698852539
0.0538482666015625 0.0852279663085937 -0.007232666015625 -0.0269126892089844
0.00562286376953125 0.117294311523438 0.0157241821289063 -0.0125799179077148
-0.0540847778320313 0.107475280761719 -0.00691986083984375 0.0129222869873047
-0.0796432495117188 0.0764312744140625 0.014984130859375 0.085784912109375
-0.0453033447265625 0.0942001342773438 -0.00878143310546875 0.0839920043945313
0.00414276123046876 0.1055908203125 0.000389099121093754 0.0699119567871094
0.0675392150878906 0.0679244995117188 0.0273666381835938 0.0541725158691406
0.0807647705078125 0.009368896484375 0.0306129455566406 0.0267410278320313
0.0647392272949219 -0.05084228515625 0.0262088775634766 0.00603294372558593
0.0320205688476563 -0.070587158203125 0.0118589401245117 0.00499343872070312
0.0264396667480469 -0.066925048828125 0.00108528137207031 0.0152435302734375
0.0267868041992187 -0.0787353515625 -0.003173828125 0.0288257598876953
0.0448188781738281 -0.0686607360839844 -0.0220489501953125 0.0253582000732422
0.078125 -0.0334014892578125 -0.0321731567382812 0.0210285186767578
0.0829391479492188 0.0146636962890625 -0.0263671875 -0.00522613525390625
0.0410385131835938 0.084442138671875 -0.0106296539306641 -0.0209712982177734
-0.00934600830078125 0.104682922363281 0.0127391815185547 0.00617218017578126
-0.0624313354492188 0.0852813720703125 -0.0291633605957031 0.0429306030273438
-0.0685310363769531 0.0357513427734375 -0.015869140625 0.106292724609375
-0.0518455505371094 0.0596847534179687 -0.0258331298828125 0.0978469848632812
-0.0156097412109375 0.0792160034179688 -0.00894546508789063 0.0688247680664063
0.0423583984375 0.0618019104003906 0.00860214233398438 0.0546302795410156
0.0618782043457031 0.0167198181152344 0.011199951171875 0.0352096557617188
0.0559005737304688 -0.03594970703125 0.0118522644042969 0.0268421173095703
0.0303306579589844 -0.0550918579101562 0.00678443908691406 0.0311145782470703
0.0258598327636719 -0.0532264709472656 0.0009307861328125 0.0390129089355469
0.0269393920898437 -0.0639114379882813 -0.005615234375 0.0516281127929688
0.0416793823242188 -0.0549697875976563 -0.0289802551269531 0.045379638671875
0.0679588317871094 -0.023162841796875 -0.0424652099609375 0.0335464477539063
0.0676078796386719 0.0198135375976563 -0.0360946655273437 0.000663757324218753
0.023040771484375 0.0755157470703125 -0.0148239135742187 -0.0179481506347656
-0.02484130859375 0.0810775756835937 0.00644111633300781 0.0212211608886719
-0.0640754699707031 0.0515785217285156 -0.0534934997558594 0.0636100769042969
-0.0455741882324219 -0.010528564453125 -0.0356292724609375 0.112144470214844
-0.0461196899414063 0.0141792297363281 -0.0345916748046875 0.099365234375
-0.0288619995117187 0.038116455078125 -0.012847900390625 0.0627899169921875
0.0117416381835937 0.0420112609863281 -0.0040435791015625 0.0503425598144531
0.0322170257568359 0.0188751220703125 -0.00231552124023437 0.03790283203125
0.0371780395507813 -0.0155181884765625 0.000957489013671877 0.0399246215820312
0.023712158203125 -0.0303783416748047 0.002349853515625 0.0494651794433594
0.0208358764648438 -0.0312099456787109 0.000579833984375002 0.0563201904296875
0.0234451293945313 -0.0399971008300781 -0.00935745239257812 0.0682830810546875
0.0320816040039063 -0.0344448089599609 -0.0361328125 0.0604705810546875
0.0496635437011719 -0.0108566284179688 -0.0516090393066406 0.0405006408691406
0.0456619262695313 0.0206718444824219 -0.0462646484375 0.00314331054687499
0.00451278686523437 0.0573310852050781 -0.0209178924560547 -0.0174522399902344
-0.0347175598144531 0.0480613708496094 -0.00386810302734375 0.0283317565917969
-0.0569496154785156 0.011566162109375 -0.0754165649414063 0.0725631713867188
0.0279617309570313 0.0308914184570313 0.0824661254882813 -0.0761947631835938
0.0358047485351562 -0.0123023986816406 0.0179023742675781 -0.0315589904785156
0.00536155700683594 -0.0256156921386719 0.0207538604736328 0.0213546752929688
-0.0174283981323242 -0.0156698226928711 0.0630912780761719 0.00668716430664062
-0.0206451416015625 0.000518798828124998 0.0650177001953125 -0.0375518798828125
-0.0167770385742188 0.0126581192016602 0.0382614135742188 -0.0744094848632813
-0.0132884979248047 0.00908088684082031 0.00807189941406249 -0.082794189453125
-0.0156631469726563 0.00688076019287109 -0.00369644165039063 -0.066864013671875
-0.019439697265625 0.00408172607421875 -0.00315856933593751 -0.0580825805664063
-0.0164766311645508 -0.0101814270019531 0.00253677368164063 -0.0496940612792969
-0.00320053100585938 -0.0222587585449219 0.004302978515625 -0.0441741943359375
0.0198764801025391 -0.0205783843994141 0.01055908203125 -0.0490798950195312
0.0390625 0.0047149658203125 0.0208663940429688 -0.0610389709472656
0.038055419921875 0.0356063842773438 0.0338897705078125 -0.0928802490234375
0.0188140869140625 0.0537948608398437 0.0495223999023438 -0.105857849121094
0.00128173828125 0.0708770751953125 0.0924148559570313 -0.058380126953125
0.0322914123535156 0.0303268432617188 0.0258922576904297 -0.0201930999755859
0.0236129760742188 0.00961685180664062 0.0250358581542969 0.0289115905761719
0.0164585113525391 -0.00342464447021484 0.0692138671875 0.0128173828125
0.00895118713378906 -0.00800609588623047 0.0716629028320313 -0.032867431640625
0.00242424011230469 -0.0135726928710938 0.04437255859375 -0.0737152099609375
-0.00461578369140625 -0.0209236145019531 0.011260986328125 -0.0829544067382813
-0.00550460815429687 -0.0212802886962891 -0.00286865234375 -0.06561279296875
-0.00690650939941406 -0.0271625518798828 -0.00181198120117187 -0.0548248291015625
0.00542449951171875 -0.0334701538085938 0.000518798828125001 -0.0472526550292969
0.0289459228515625 -0.0279941558837891 0.000972747802734376 -0.0380630493164063
0.0488319396972656 -0.0057525634765625 0.00737380981445313 -0.0429916381835938
0.0459938049316406 0.0413627624511719 0.012054443359375 -0.0525131225585938
0.027984619140625 0.0767059326171875 0.027130126953125 -0.0782318115234375
-0.00688934326171875 0.089874267578125 0.0434036254882812 -0.0860748291015625
-0.0289535522460938 0.100433349609375 0.0901947021484375 -0.027862548828125
0.0191802978515625 0.0717086791992188 0.0278778076171875 0.00161933898925782
0.0360450744628906 0.050445556640625 0.0260047912597656 0.0407905578613281
0.0494232177734375 0.0147247314453125 0.0707855224609375 0.0232009887695313
0.0414543151855469 -0.0121116638183594 0.07305908203125 -0.0212554931640625
0.0244979858398438 -0.0374183654785156 0.0487098693847656 -0.0638656616210938
0.00629043579101563 -0.0485076904296875 0.0140762329101563 -0.0721588134765625
0.00496673583984374 -0.0464973449707031 -0.00223922729492188 -0.0539360046386719
0.00451278686523438 -0.0547561645507813 -0.00213241577148437 -0.0419731140136719
0.0228157043457031 -0.0545883178710937 -0.00510406494140625 -0.0364303588867188
0.0545654296875 -0.0361137390136719 -0.00683784484863281 -0.0267009735107422
0.0726089477539063 0.0007171630859375 -0.000190734863281243 -0.0349445343017578
0.0558700561523438 0.0663032531738281 0.00310516357421875 -0.0442466735839844
0.0239105224609375 0.105583190917969 0.0198707580566406 -0.0583953857421875
-0.02728271484375 0.112098693847656 0.0296821594238281 -0.0570487976074219
-0.05535888671875 0.113548278808594 0.0753173828125 0.0113296508789063
-0.000930786132812501 0.101860046386719 0.0219573974609375 0.0297451019287109
0.0390472412109375 0.0870361328125 0.0214996337890625 0.0545196533203125
0.0744705200195313 0.0361404418945313 0.0639152526855469 0.0368614196777344
0.0685043334960938 -0.0110893249511719 0.0665435791015625 -0.00484466552734375
0.0448570251464844 -0.0544090270996094 0.0474586486816406 -0.0449638366699219
0.0169639587402344 -0.0676612854003906 0.0155563354492188 -0.0522079467773438
0.0138816833496094 -0.0639076232910156 -0.00115013122558594 -0.0348567962646484
0.013153076171875 -0.07489013671875 -0.00242042541503906 -0.0215606689453125
0.0338668823242188 -0.0694923400878906 -0.0111598968505859 -0.0181636810302734
0.0706634521484375 -0.0424728393554688 -0.0158367156982422 -0.011387825012207
0.0868606567382813 0.0025482177734375 -0.00930595397949218 -0.0249385833740234
0.0614089965820313 0.079742431640625 -0.00345611572265624 -0.0354423522949219
0.0194320678710937 0.118843078613281 0.0166816711425781 -0.0361404418945312
-0.041534423828125 0.119766235351563 0.0122013092041016 -0.0225791931152344
-0.0735397338867188 0.106224060058594 0.0490226745605469 0.0519332885742188
-0.024688720703125 0.111862182617188 0.00960540771484374 0.0603561401367188
0.0279464721679688 0.109359741210938 0.0119895935058594 0.0661239624023438
0.082977294921875 0.0560150146484375 0.0485954284667969 0.0489654541015625
0.0843124389648438 -0.0032196044921875 0.0518875122070313 0.0133399963378906
0.0592536926269531 -0.0603141784667969 0.0400619506835938 -0.0199203491210938
0.02545166015625 -0.0766754150390625 0.0153064727783203 -0.0253448486328125
0.0211105346679688 -0.0718612670898438 -0.000203132629394531 -0.0101070404052734
0.020050048828125 -0.084136962890625 -0.001922607421875 0.00352668762207031
0.0405960083007813 -0.07537841796875 -0.0163850784301758 0.00350570678710937
0.07916259765625 -0.0434951782226563 -0.0239391326904297 0.00563812255859375
0.0910415649414063 0.005889892578125 -0.0183773040771484 -0.0149173736572266
0.0572128295898437 0.085601806640625 -0.00765419006347656 -0.0277347564697266
0.00936889648437499 0.118408203125 0.0163993835449219 -0.0138444900512695
-0.053192138671875 0.111083984375 -0.00738811492919922 0.0123634338378906
-0.079193115234375 0.0794525146484375 0.0173416137695313 0.0864715576171875
-0.044189453125 0.0964126586914063 -0.00833892822265625 0.0849075317382813
0.00684356689453126 0.107963562011719 0.000221252441406257 0.0717086791992187
0.0710220336914063 0.0668792724609375 0.0280418395996094 0.0559234619140625
0.0822219848632813 0.0074615478515625 0.0319461822509766 0.0285606384277344
0.063629150390625 -0.0541458129882812 0.0275993347167969 0.00591278076171875
0.03009033203125 -0.0730209350585937 0.0123291015625 0.00481414794921875
0.0248794555664062 -0.0688018798828125 0.000886917114257814 0.0157585144042969
0.0245208740234375 -0.081146240234375 -0.00311279296875 0.0290851593017578
0.0424041748046875 -0.0708999633789063 -0.0224723815917969 0.0262184143066406
0.0779876708984375 -0.0372390747070313 -0.0322647094726562 0.0213127136230469
0.0850830078125 0.0119705200195313 -0.0267086029052734 -0.00584602355957031
0.0443649291992188 0.0850601196289062 -0.0113143920898437 -0.0222206115722656
-0.00669097900390626 0.106315612792969 0.0135822296142578 0.00525760650634766
-0.0621109008789063 0.0886077880859375 -0.0290679931640625 0.0431747436523438
-0.0687255859375 0.0381965637207031 -0.0133438110351563 0.109092712402344
-0.0511932373046875 0.0608100891113281 -0.0254058837890625 0.0994033813476563
-0.0139083862304688 0.081146240234375 -0.00930023193359375 0.0710601806640625
0.0450782775878906 0.0614547729492188 0.00905990600585938 0.0559425354003906
0.0634803771972656 0.01495361328125 0.0122032165527344 0.0371589660644531
0.0553817749023437 -0.0386238098144531 0.0135707855224609 0.0271530151367187
0.0291748046875 -0.0564842224121094 0.00758934020996094 0.0317916870117188
0.0243568420410156 -0.0551834106445312 0.00155258178710938 0.0396232604980469
0.0250053405761719 -0.0667877197265625 -0.00487518310546875 0.0520553588867187
0.0400886535644531 -0.0574493408203125 -0.0289955139160156 0.0465507507324219
0.0684394836425781 -0.0259857177734375 -0.0421905517578125 0.0340385437011719
0.0701370239257813 0.0175857543945313 -0.0367927551269531 -6.86645507812526E-05
0.025634765625 0.0761566162109375 -0.0152912139892578 -0.0186843872070312
-0.0227890014648437 0.0830764770507813 0.00724029541015625 0.0209007263183594
-0.0644340515136719 0.0541038513183594 -0.0534858703613281 0.0657806396484375
-0.0462455749511719 -0.0101814270019531 -0.0334091186523437 0.115951538085938
-0.046600341796875 0.015106201171875 -0.0339431762695313 0.101715087890625
-0.0288734436035156 0.0395088195800781 -0.0129852294921875 0.0647926330566406
0.0129814147949219 0.042694091796875 -0.003570556640625 0.0523109436035156
0.0336971282958984 0.0178451538085938 -0.0013275146484375 0.0396270751953125
0.0365829467773438 -0.0173110961914063 0.00300216674804688 0.0412254333496094
0.0229377746582031 -0.031768798828125 0.0040435791015625 0.0502090454101563
0.0197505950927734 -0.0325736999511719 0.0018310546875 0.0568161010742187
0.0220260620117188 -0.0420036315917969 -0.00756072998046875 0.06951904296875
0.0317039489746094 -0.0362663269042969 -0.0355682373046875 0.06182861328125
0.0508308410644531 -0.0132522583007813 -0.0517463684082031 0.042388916015625
0.0466194152832031 0.0196151733398438 -0.0467605590820312 0.00345993041992187
0.00655364990234374 0.0582427978515625 -0.02166748046875 -0.0174789428710937
-0.0339317321777344 0.0496749877929688 -0.00333786010742188 0.0285568237304688
-0.0585975646972656 0.0131454467773438 -0.07525634765625 0.0754547119140625
0.0294055938720703 0.0316181182861328 0.0823211669921875 -0.0822601318359375
0.0367317199707031 -0.0139656066894531 0.0162868499755859 -0.0332679748535156
0.00535392761230469 -0.0272159576416016 0.0218849182128906 0.0224456787109375
-0.0183162689208984 -0.0156822204589844 0.0652427673339844 0.00553512573242187
-0.0214061737060547 0.00139808654785156 0.0663604736328125 -0.0405197143554688
-0.017237663269043 0.0140447616577148 0.0369491577148437 -0.0771713256835937
-0.0133790969848633 0.0100002288818359 0.0051116943359375 -0.0854644775390625
-0.0154762268066406 0.00849151611328125 -0.00590896606445312 -0.0687828063964844
-0.0196762084960938 0.00595283508300781 -0.0056610107421875 -0.0599403381347656
-0.0172920227050781 -0.00917530059814453 0.000209808349609373 -0.0511207580566406
-0.00419807434082031 -0.0225429534912109 0.0027923583984375 -0.0463638305664063
0.0192775726318359 -0.0218181610107422 0.00954818725585937 -0.0521812438964844
0.039764404296875 0.00346755981445312 0.0208854675292969 -0.0638351440429688
0.0408096313476563 0.0353927612304687 0.0326004028320312 -0.0970306396484375
0.0215797424316406 0.0550155639648438 0.0471649169921875 -0.1131591796875
0.00359344482421876 0.0736312866210938 0.0933990478515625 -0.0636062622070313
0.0349044799804688 0.0294227600097656 0.025390625 -0.0216255187988281
0.0253658294677734 0.00942802429199219 0.0262832641601563 0.0303516387939453
0.0164394378662109 -0.00484466552734375 0.0722274780273438 0.0118484497070313
0.00870561599731445 -0.00860834121704102 0.073211669921875 -0.0355987548828125
0.00112056732177734 -0.0140933990478516 0.0435867309570312 -0.0772781372070313
-0.00600433349609375 -0.0214347839355469 0.00833892822265625 -0.0859146118164062
-0.00703811645507813 -0.0211677551269531 -0.0060272216796875 -0.0664558410644531
-0.00865936279296875 -0.0271511077880859 -0.00498580932617187 -0.0564460754394531
0.0037384033203125 -0.0340423583984375 -0.00210952758789062 -0.0486183166503906
0.0283794403076172 -0.0302028656005859 -0.000888824462890621 -0.0398368835449219
0.0498809814453125 -0.00818252563476563 0.00618362426757812 -0.045806884765625
0.0488357543945312 0.0411872863769531 0.0125274658203125 -0.0554962158203125
0.0326614379882813 0.0783615112304687 0.0258865356445313 -0.0821151733398437
-0.00359344482421874 0.0932998657226563 0.0411911010742188 -0.0918960571289063
-0.0259017944335937 0.105209350585938 0.0916824340820313 -0.0319061279296875
0.0224990844726563 0.072509765625 0.0276737213134766 0.00054550170898438
0.0402145385742188 0.0504684448242188 0.0269279479980469 0.0430183410644531
0.0518798828125 0.0123977661132812 0.0731582641601562 0.0227127075195312
0.0415534973144531 -0.0145759582519531 0.0747756958007813 -0.0233840942382813
0.0225067138671875 -0.0399131774902344 0.047698974609375 -0.0675086975097656
0.00383377075195313 -0.0501785278320313 0.0115432739257813 -0.0752716064453125
0.00296401977539063 -0.0477485656738281 -0.00484085083007813 -0.0549087524414063
0.00138092041015625 -0.0566749572753906 -0.00434112548828125 -0.0433769226074219
0.0203628540039062 -0.0567779541015625 -0.00757217407226562 -0.037322998046875
0.0537948608398438 -0.0396232604980469 -0.00836372375488281 -0.0283336639404297
0.0745773315429688 -0.00283050537109375 -0.00193786621093749 -0.037200927734375
0.0601959228515625 0.06640625 0.00295639038085938 -0.0463752746582031
0.0289382934570312 0.107574462890625 0.0197486877441406 -0.0613822937011719
-0.0238037109375 0.117225646972656 0.0283546447753906 -0.0611495971679687
-0.0533523559570313 0.119056701660156 0.0779495239257813 0.00878143310546876
0.00266265869140625 0.104347229003906 0.0229377746582031 0.0294647216796875
0.0436325073242188 0.0883636474609375 0.0224075317382812 0.0566749572753906
0.078094482421875 0.03375244140625 0.0665321350097656 0.0367393493652344
0.0702896118164063 -0.0145416259765625 0.0685234069824219 -0.00572586059570313
0.0428314208984375 -0.0578346252441406 0.0478057861328125 -0.0475807189941406
0.0138473510742187 -0.0707778930664063 0.0138893127441406 -0.054351806640625
0.0113449096679688 -0.0664749145507813 -0.00379562377929687 -0.0353775024414063
0.0097503662109375 -0.077484130859375 -0.00425910949707031 -0.0225601196289062
0.0309066772460938 -0.0721588134765625 -0.0131168365478516 -0.0185070037841797
0.0706024169921875 -0.0475997924804688 -0.0170364379882812 -0.0120124816894531
0.089874267578125 -0.001495361328125 -0.0109519958496094 -0.0270519256591797
0.06640625 0.0795745849609375 -0.00403594970703125 -0.0369529724121094
0.024810791015625 0.121246337890625 0.0166053771972656 -0.0386466979980469
-0.0384674072265625 0.125511169433594 0.0110893249511719 -0.0251750946044922
-0.0725479125976563 0.111778259277344 0.0517349243164062 0.0513458251953125
-0.0213470458984375 0.115219116210938 0.0104217529296875 0.0607414245605469
0.032989501953125 0.111778259277344 0.01287841796875 0.0686798095703125
0.08721923828125 0.0540771484375 0.0514450073242188 0.0503997802734375
0.0865097045898438 -0.007110595703125 0.0540885925292969 0.0137443542480469
0.0575447082519531 -0.0646743774414063 0.0410537719726563 -0.0220413208007813
0.0222549438476563 -0.08050537109375 0.01434326171875 -0.0262374877929688
0.0180740356445313 -0.0752944946289063 -0.00141334533691406 -0.0101709365844727
0.0158767700195312 -0.088165283203125 -0.00292778015136719 0.00327181816101074
0.0376129150390625 -0.0795135498046875 -0.0178413391113281 0.00478553771972655
0.0787734985351562 -0.0491409301757812 -0.0245151519775391 0.0062713623046875
0.09423828125 0.001800537109375 -0.0196418762207031 -0.0163402557373047
0.0626754760742188 0.0858154296875 -0.00842475891113281 -0.0292644500732422
0.0145034790039062 0.121574401855469 0.0165500640869141 -0.0156984329223633
-0.0509414672851562 0.116874694824219 -0.00747108459472656 0.0121059417724609
-0.07867431640625 0.0850143432617188 0.0210494995117188 0.088775634765625
-0.0419464111328125 0.100181579589844 -0.00646972656249999 0.0873870849609375
0.010894775390625 0.111312866210938 0.000907897949218756 0.0747222900390625
0.0758132934570313 0.0654830932617187 0.02978515625 0.0587425231933594
0.0848617553710937 0.0040740966796875 0.0340557098388672 0.0297088623046875
0.0621910095214844 -0.0585708618164063 0.0292434692382813 0.00506591796875
0.027008056640625 -0.0766448974609375 0.0125694274902344 0.00403308868408203
0.0219497680664062 -0.0720443725585937 0.000853538513183595 0.0160684585571289
0.0205001831054688 -0.085418701171875 -0.00233650207519531 0.0296058654785156
0.0399932861328125 -0.0750503540039063 -0.0231723785400391 0.0278224945068359
0.0784835815429688 -0.042755126953125 -0.0327892303466797 0.0227870941162109
0.0881729125976563 0.00804901123046875 -0.0283985137939453 -0.00668907165527343
0.0491714477539062 0.0859222412109375 -0.0123825073242187 -0.0230331420898437
-0.0023651123046875 0.10980224609375 0.0141496658325195 0.00448322296142579
-0.0608444213867187 0.0937118530273438 -0.0285682678222656 0.0447921752929688
-0.06903076171875 0.0416908264160156 -0.00942230224609376 0.112945556640625
-0.0505485534667969 0.064117431640625 -0.0230941772460938 0.10296630859375
-0.0121536254882812 0.0851211547851563 -0.00879669189453125 0.0734710693359375
0.0488166809082031 0.0609245300292969 0.0105056762695313 0.0595359802246094
0.0657806396484375 0.0122566223144531 0.0139198303222656 0.0392646789550781
0.054595947265625 -0.0422821044921875 0.0151405334472656 0.0276641845703125
0.0270156860351563 -0.0598373413085937 0.00922584533691407 0.0315761566162109
0.0223236083984375 -0.0579605102539063 0.00262451171875 0.0402603149414063
0.0221633911132813 -0.0702743530273438 -0.00294113159179687 0.0537567138671875
0.0383529663085938 -0.06121826171875 -0.0286026000976562 0.0492477416992187
0.0693817138671875 -0.0310249328613281 -0.0420112609863281 0.0368461608886719
0.0727310180664063 0.0148239135742187 -0.0383949279785156 0.000308990478515623
0.02923583984375 0.0778121948242188 -0.0166454315185547 -0.0193309783935547
-0.0204620361328125 0.0860671997070313 0.00863265991210937 0.0207195281982422
-0.06427001953125 0.0585975646972656 -0.0522270202636719 0.0691413879394531
-0.0476722717285156 -0.00897598266601562 -0.0300369262695313 0.121841430664062
-0.0473480224609375 0.0170440673828125 -0.0322418212890625 0.106178283691406
-0.0284881591796875 0.0426101684570313 -0.0130615234375 0.0674095153808594
0.0151214599609375 0.0430374145507813 -0.00274276733398437 0.0554428100585938
0.0356636047363281 0.0164451599121094 -0.000308990478515623 0.0421905517578125
0.0369720458984375 -0.0194473266601563 0.00470352172851562 0.042327880859375
0.0220355987548828 -0.0335826873779297 0.0062255859375 0.0514373779296875
0.0186958312988281 -0.0347633361816406 0.00389480590820313 0.0579338073730469
0.0209236145019531 -0.0447540283203125 -0.00569152832031251 0.0716781616210938
0.0307464599609375 -0.0391273498535156 -0.0350151062011719 0.0648269653320313
0.0513725280761719 -0.0166549682617187 -0.0514945983886719 0.0450477600097656
0.0496711730957031 0.0182647705078125 -0.04876708984375 0.0042877197265625
0.00900650024414062 0.0599861145019531 -0.0229949951171875 -0.0186614990234375
-0.0334548950195313 0.0524444580078125 -0.00240898132324219 0.0295867919921875
-0.059356689453125 0.0153350830078125 -0.074920654296875 0.0802078247070313
0.0314159393310547 0.0312824249267578 0.0791397094726562 -0.0887603759765625
0.0367279052734375 -0.01715087890625 0.0139312744140625 -0.0348339080810547
0.00395965576171875 -0.0284500122070313 0.0236396789550781 0.0232009887695312
-0.0196628570556641 -0.0142765045166016 0.0670127868652344 0.00292587280273437
-0.0219936370849609 0.00302314758300781 0.0658226013183594 -0.044921875
-0.0166282653808594 0.0156211853027344 0.0336151123046875 -0.0806732177734375
-0.013249397277832 0.0113334655761719 -1.52587890625013E-05 -0.0872879028320313
-0.0151147842407227 0.0100479125976562 -0.010284423828125 -0.0694389343261719
-0.0197906494140625 0.00791358947753907 -0.01043701171875 -0.0605545043945312
-0.0186786651611328 -0.00779914855957031 -0.00323104858398437 -0.0526123046875
-0.00605201721191407 -0.0223636627197266 -0.001129150390625 -0.0485000610351563
0.0185756683349609 -0.0230312347412109 0.00715255737304687 -0.05499267578125
0.0406951904296875 0.00124740600585937 0.0196075439453125 -0.066680908203125
0.0440139770507812 0.034088134765625 0.028472900390625 -0.1014404296875
0.0255279541015625 0.05572509765625 0.0411911010742188 -0.119392395019531
0.00762176513671875 0.0760498046875 0.0915679931640625 -0.0706024169921875
0.0368843078613281 0.0276451110839844 0.0234279632568359 -0.0239982604980469
0.0268802642822266 0.00765037536621094 0.0281715393066406 0.0311126708984375
0.0167045593261719 -0.00612831115722656 0.0743865966796875 0.00865936279296875
0.00859260559082031 -0.0097808837890625 0.0735321044921875 -0.0399856567382813
-0.000217437744140625 -0.0145845413208008 0.0405349731445313 -0.08172607421875
-0.0077056884765625 -0.0216121673583984 0.00341796875000001 -0.0877685546875
-0.00829505920410156 -0.0208225250244141 -0.0100135803222656 -0.0672492980957031
-0.0108280181884766 -0.0268135070800781 -0.00912857055664063 -0.0575714111328125
0.00115203857421875 -0.0348472595214844 -0.00568771362304687 -0.0498046875
0.0262680053710938 -0.0323143005371094 -0.00386810302734375 -0.041778564453125
0.0502853393554688 -0.01116943359375 0.00376510620117188 -0.0486412048339844
0.0526123046875 0.0396575927734375 0.0111656188964844 -0.0576515197753906
0.0380477905273438 0.0782012939453125 0.0225677490234375 -0.0858230590820313
0.00136566162109376 0.0965042114257812 0.0361328125 -0.0981597900390625
-0.0210189819335937 0.109809875488281 0.0923004150390625 -0.038665771484375
0.0269699096679687 0.0722885131835938 0.0271987915039063 -0.00146865844726562
0.0442886352539063 0.049530029296875 0.0292587280273438 0.0439605712890625
0.0535163879394531 0.00920867919921875 0.0762786865234375 0.020538330078125
0.0412483215332031 -0.0180168151855469 0.0758132934570313 -0.0270156860351563
0.0197296142578125 -0.0425186157226563 0.0457839965820312 -0.0713348388671875
0.000175476074218754 -0.0513114929199219 0.00753021240234376 -0.0771560668945313
-0.000289916992187496 -0.0485916137695313 -0.00881195068359375 -0.0553970336914063
-0.00263595581054688 -0.0575942993164063 -0.00801849365234375 -0.0437545776367188
0.0166015625 -0.0587921142578125 -0.0107154846191406 -0.0371665954589844
0.0519142150878906 -0.0442733764648438 -0.0109157562255859 -0.0292472839355469
0.0757980346679688 -0.00743865966796875 -0.00409698486328125 -0.0399703979492188
0.0652618408203125 0.0645675659179688 0.00188064575195313 -0.04779052734375
0.036407470703125 0.108345031738281 0.0172119140625 -0.0648422241210938
-0.0179519653320313 0.12200927734375 0.0242233276367188 -0.0652656555175781
-0.0478591918945312 0.125282287597656 0.0800704956054688 0.00427246093750001
0.00875091552734375 0.105781555175781 0.0240058898925781 0.0281734466552734
0.050506591796875 0.08843994140625 0.0247879028320312 0.0583000183105469
0.0819091796875 0.028839111328125 0.0692672729492187 0.03594970703125
0.0701522827148437 -0.0192031860351562 0.070831298828125 -0.0082855224609375
0.0391082763671875 -0.0617637634277344 0.0467338562011719 -0.0510215759277344
0.0088958740234375 -0.0733108520507812 0.0110549926757813 -0.0562515258789063
0.00682449340820313 -0.0680427551269531 -0.00638198852539063 -0.0352249145507813
0.004180908203125 -0.0796356201171875 -0.00610733032226562 -0.0228710174560547
0.0263290405273438 -0.075531005859375 -0.0151557922363281 -0.0181255340576172
0.0686798095703125 -0.0534706115722656 -0.0182514190673828 -0.0120964050292969
0.091064453125 -0.0077667236328125 -0.0131244659423828 -0.0283603668212891
0.0726242065429688 0.0780258178710938 -0.00559234619140625 -0.0383110046386719
0.0328826904296875 0.122398376464844 0.0157699584960938 -0.0415916442871094
-0.0326309204101562 0.131500244140625 0.00901603698730469 -0.0273895263671875
-0.067779541015625 0.119110107421875 0.0563240051269531 0.0498313903808594
-0.0157394409179688 0.118408203125 0.0129661560058594 0.0610084533691406
0.0401382446289063 0.113441467285156 0.0151748657226563 0.071014404296875
0.0923690795898438 0.0494155883789063 0.0543060302734375 0.0501213073730469
0.0872650146484375 -0.0127792358398438 0.0570220947265625 0.0125083923339844
0.0540237426757812 -0.0699081420898437 0.0412254333496094 -0.0246849060058594
0.0169525146484375 -0.0836715698242188 0.0130443572998047 -0.0280361175537109
0.0133438110351563 -0.0774612426757813 -0.00266838073730469 -0.00998878479003907
0.0096435546875 -0.0911407470703125 -0.00347733497619629 0.00310397148132324
0.0324172973632812 -0.0832443237304688 -0.0191421508789062 0.00601005554199218
0.0769729614257813 -0.0555877685546875 -0.0249900817871094 0.00721931457519531
0.0957107543945313 -0.00473785400390625 -0.0214214324951172 -0.0166854858398438
0.0693206787109375 0.0843963623046875 -0.00982666015625 -0.0301570892333984
0.0223541259765625 0.123588562011719 0.0162849426269531 -0.0177726745605469
-0.0462112426757812 0.123283386230469 -0.00805950164794922 0.011627197265625
-0.0758056640625 0.0907745361328125 0.0269699096679688 0.0898056030273438
-0.0376434326171875 0.104415893554687 -0.0029449462890625 0.0890274047851562
0.017547607421875 0.113822937011719 0.0028228759765625 0.0774154663085938
0.0808639526367188 0.061767578125 0.0333442687988281 0.0596466064453125
0.0868377685546875 -0.0015716552734375 0.0370979309082031 0.0300674438476562
0.0590057373046875 -0.0637969970703125 0.0306606292724609 0.00360107421875
0.0223388671875 -0.0797958374023438 0.0134038925170898 0.00333881378173828
0.0173187255859375 -0.0748138427734375 0.000660896301269531 0.0166692733764648
0.0143966674804687 -0.0891799926757813 -0.00118827819824219 0.0298042297363281
0.035308837890625 -0.0797500610351563 -0.0226955413818359 0.0296134948730469
0.0767822265625 -0.049591064453125 -0.0322036743164062 0.0244712829589844
0.0904388427734375 0.00212860107421875 -0.0300559997558594 -0.00580596923828126
0.0555877685546875 0.08441162109375 -0.0137901306152344 -0.0235328674316406
0.00434112548828124 0.112083435058594 0.0153436660766602 0.00288200378417969
-0.0571060180664062 0.0997695922851563 -0.0271339416503906 0.0468292236328125
-0.0683326721191406 0.0461578369140625 -0.00304412841796876 0.116668701171875
-0.0485382080078125 0.0682373046875 -0.019287109375 0.105819702148438
-0.0072479248046875 0.0884323120117188 -0.00655364990234375 0.0767364501953125
0.0535545349121094 0.0588417053222656 0.0130500793457031 0.0613059997558594
0.0680656433105469 0.0081634521484375 0.01678466796875 0.0399017333984375
0.0526123046875 -0.0466804504394531 0.0177803039550781 0.0269889831542969
0.0235023498535156 -0.0627861022949219 0.0119113922119141 0.0318756103515625
0.018768310546875 -0.0602798461914063 0.00412750244140625 0.0411376953125
0.0172119140625 -0.0740280151367188 -0.000446319580078123 0.0545654296875
0.0347442626953125 -0.0651206970214844 -0.0268096923828125 0.0517616271972656
0.0684928894042969 -0.0368804931640625 -0.0410041809082031 0.0390434265136719
0.0754852294921875 0.0104446411132813 -0.0394973754882812 0.00197219848632813
0.0349349975585938 0.0774917602539063 -0.01824951171875 -0.0191364288330078
-0.015350341796875 0.089263916015625 0.0101451873779297 0.0200462341308594
-0.0629806518554688 0.0633659362792969 -0.0497589111328125 0.0729522705078125
-0.0491180419921875 -0.00663375854492187 -0.0231857299804688 0.126350402832031
-0.0476112365722656 0.0194778442382812 -0.0279998779296875 0.11041259765625
-0.0271797180175781 0.0458450317382813 -0.0112724304199219 0.0702857971191406
0.0185775756835937 0.0427970886230469 -0.000144958496093751 0.0579376220703125
0.0371246337890625 0.0145721435546875 0.00242233276367188 0.0438270568847656
0.0356941223144531 -0.0222244262695313 0.00756454467773437 0.0432357788085938
0.0204658508300781 -0.0359268188476563 0.010040283203125 0.0521163940429688
0.0168800354003906 -0.0364151000976563 0.00691986083984376 0.0590705871582031
0.0174179077148438 -0.0480461120605469 -0.00136566162109374 0.0731658935546875
0.0285415649414063 -0.0425910949707031 -0.0320777893066406 0.0682716369628906
0.0520477294921875 -0.0207099914550781 -0.0501632690429688 0.0484085083007813
0.052459716796875 0.015289306640625 -0.0501289367675781 0.00622177124023439
0.0126800537109375 0.0606575012207031 -0.0247459411621094 -0.018463134765625
-0.03155517578125 0.0551986694335937 -0.000133514404296875 0.0299568176269531
-0.0603103637695313 0.0191154479980469 -0.0719528198242188 0.08612060546875
0.0333080291748047 0.03033447265625 0.0734405517578125 -0.0939178466796875
0.035491943359375 -0.0198326110839844 0.010894775390625 -0.0358200073242188
0.00247383117675781 -0.0291519165039063 0.0250282287597656 0.0236148834228516
-0.0204296112060547 -0.0131111145019531 0.0676345825195313 -0.000286102294921876
-0.0221443176269531 0.00430488586425781 0.0638809204101563 -0.0485992431640625
-0.0159111022949219 0.0171108245849609 0.0294036865234375 -0.0822830200195313
-0.0125865936279297 0.0126152038574219 -0.00491333007812499 -0.087005615234375
-0.0139827728271484 0.0110378265380859 -0.0146217346191406 -0.0684585571289063
-0.0185813903808594 0.00970649719238281 -0.0146369934082031 -0.0598258972167969
-0.0191783905029297 -0.00631523132324218 -0.0068511962890625 -0.0523834228515625
-0.00792694091796875 -0.0215072631835938 -0.00444793701171875 -0.0493812561035156
0.0169963836669922 -0.0244731903076172 0.00426101684570312 -0.0566253662109375
0.0409774780273438 -0.0015716552734375 0.0175056457519531 -0.0684356689453125
0.0463943481445313 0.03125 0.023193359375 -0.103485107421875
0.0289077758789063 0.0540771484375 0.0336074829101563 -0.123001098632813
0.0120697021484375 0.0766448974609375 0.0872573852539063 -0.076751708984375
0.0386390686035156 0.0250205993652344 0.0213603973388672 -0.0257644653320313
0.0280799865722656 0.00536537170410156 0.0297203063964844 0.0309047698974609
0.0166749954223633 -0.00781345367431641 0.0751419067382812 0.00542449951171875
0.00736236572265625 -0.0101919174194336 0.0717544555664063 -0.0436172485351563
-0.00195693969726563 -0.0144920349121094 0.0357894897460938 -0.0837249755859375
-0.00999069213867188 -0.0211734771728516 -0.00205230712890625 -0.087799072265625
-0.00925445556640625 -0.0200309753417969 -0.0148429870605469 -0.0656700134277344
-0.0128459930419922 -0.0251045227050781 -0.0135955810546875 -0.0564460754394531
-0.00156211853027343 -0.0341777801513672 -0.00931549072265625 -0.0498428344726563
0.0235157012939453 -0.0338153839111328 -0.006988525390625 -0.0426483154296875
0.0495452880859375 -0.0146064758300781 0.000995635986328124 -0.0499954223632813
0.0548973083496094 0.036102294921875 0.00941085815429688 -0.0589675903320312
0.0430450439453125 0.0756454467773438 0.0182037353515625 -0.0879364013671875
0.00714111328125001 0.096649169921875 0.029754638671875 -0.101142883300781
-0.0143661499023437 0.11175537109375 0.0897140502929688 -0.04437255859375
0.031097412109375 0.0699195861816406 0.0260486602783203 -0.0038299560546875
0.0479621887207031 0.0468788146972656 0.0308341979980469 0.0438575744628906
0.0540695190429688 0.00555038452148438 0.0776519775390625 0.0175247192382812
0.0396499633789063 -0.0206756591796875 0.074981689453125 -0.0305633544921875
0.0163993835449219 -0.0435104370117188 0.042022705078125 -0.074249267578125
-0.00366592407226562 -0.0518226623535156 0.00260162353515625 -0.07781982421875
-0.003326416015625 -0.0483169555664063 -0.01251220703125 -0.0539741516113281
-0.00687026977539063 -0.0568275451660156 -0.0116615295410156 -0.0433349609375
0.0118789672851562 -0.0596084594726563 -0.0137901306152344 -0.0367164611816406
0.0483665466308594 -0.047271728515625 -0.0136260986328125 -0.0294380187988281
0.0752029418945313 -0.0123748779296875 -0.00672531127929687 -0.0409507751464844
0.0692253112792969 0.0609207153320313 0.000423431396484383 -0.0490646362304687
0.0430679321289063 0.106201171875 0.0137939453125 -0.066558837890625
-0.0108184814453125 0.123611450195313 0.0195884704589844 -0.0683364868164062
-0.04052734375 0.129180908203125 0.08056640625 -0.000686645507812492
0.0144500732421875 0.104560852050781 0.0240459442138672 0.0263805389404297
0.05609130859375 0.0857772827148438 0.0270843505859375 0.0586166381835938
0.0833816528320313 0.0232772827148438 0.0716781616210938 0.0331573486328125
0.0687522888183594 -0.0237808227539063 0.0712432861328125 -0.0112533569335938
0.0338401794433594 -0.0640487670898438 0.0439453125 -0.05401611328125
0.0035858154296875 -0.0736236572265625 0.007568359375 -0.0570526123046875
0.00246429443359374 -0.0683746337890625 -0.00917816162109375 -0.0340480804443359
-0.00235748291015625 -0.0795974731445313 -0.00880241394042969 -0.0226078033447266
0.020660400390625 -0.0769424438476563 -0.0172595977783203 -0.0172109603881836
0.064239501953125 -0.0578346252441406 -0.0196151733398437 -0.0119667053222656
0.0901870727539063 -0.013397216796875 -0.0150928497314453 -0.0293369293212891
0.0780258178710938 0.0735626220703125 -0.00690460205078124 -0.0389289855957031
0.040740966796875 0.120384216308594 0.0134849548339844 -0.0432472229003906
-0.025299072265625 0.1339111328125 0.00647735595703125 -0.0291156768798828
-0.0611114501953125 0.123291015625 0.0592994689941406 0.0454940795898438
-0.00865936279296875 0.11859130859375 0.0152244567871094 0.0592422485351563
0.0474929809570312 0.111320495605469 0.017669677734375 0.0718841552734375
0.0949859619140625 0.043182373046875 0.0566787719726563 0.0487251281738281
0.08587646484375 -0.0181732177734375 0.0586662292480469 0.0104827880859375
0.048309326171875 -0.0725784301757813 0.0404701232910156 -0.0271339416503906
0.0107421875 -0.084808349609375 0.0113430023193359 -0.0290164947509766
0.00814819335937499 -0.0778732299804688 -0.00452899932861328 -0.00920677185058594
0.00262451171875 -0.0916824340820313 -0.00432610511779785 0.00289916992187499
0.0261383056640625 -0.0850830078125 -0.0195159912109375 0.00700759887695312
0.0721435546875 -0.061248779296875 -0.0253639221191406 0.00762176513671874
0.0949783325195313 -0.0108261108398438 -0.0233497619628906 -0.0161991119384766
0.0746536254882813 0.0800018310546875 -0.0108203887939453 -0.0303192138671875
0.02984619140625 0.121604919433594 0.0156841278076172 -0.0196113586425781
-0.0388870239257813 0.126449584960938 -0.0081787109375 0.0114278793334961
-0.07080078125 0.0956878662109375 0.0320816040039062 0.0879287719726563
-0.0317916870117188 0.105751037597656 0.00118255615234374 0.0885543823242188
0.0246505737304687 0.113533020019531 0.005584716796875 0.078369140625
0.0846786499023438 0.0563888549804688 0.0359535217285156 0.0593719482421875
0.0861968994140625 -0.0070343017578125 0.0396614074707031 0.0293464660644531
0.0541496276855469 -0.0673370361328125 0.0317001342773438 0.00152587890625
0.016571044921875 -0.0815277099609375 0.0133991241455078 0.00229930877685546
0.012542724609375 -0.0761566162109375 0.00151348114013672 0.0170097351074219
0.00679016113281249 -0.090179443359375 -0.000165939331054686 0.0294265747070312
0.0295181274414062 -0.0817031860351563 -0.0214366912841797 0.0312862396240234
0.0729598999023438 -0.0552291870117188 -0.0308856964111328 0.0253276824951172
0.0899429321289063 -0.004180908203125 -0.0308551788330078 -0.00489234924316406
0.0611495971679688 0.08135986328125 -0.0151500701904297 -0.0232067108154297
0.0110397338867188 0.111228942871094 0.0156755447387695 0.00116062164306641
-0.0514678955078125 0.104080200195313 -0.0249176025390625 0.0475883483886719
-0.065399169921875 0.0501594543457031 0.00382995605468751 0.116607666015625
-0.0443344116210938 0.0703353881835937 -0.0136489868164063 0.106819152832031
-0.00201416015625 0.0894775390625 -0.00402069091796875 0.0775222778320313
0.0569915771484375 0.0551528930664062 0.0161056518554688 0.06207275390625
0.0685768127441406 0.00408935546875 0.0199127197265625 0.0406227111816406
0.0488166809082031 -0.0504341125488281 0.0201930999755859 0.0261383056640625
0.0189056396484375 -0.0646514892578125 0.0137290954589844 0.0309696197509766
0.0146064758300781 -0.0617141723632812 0.00639724731445313 0.0412940979003906
0.011016845703125 -0.0755233764648438 0.002471923828125 0.0539016723632812
0.0296058654785156 -0.0676803588867188 -0.0241851806640625 0.0533447265625
0.0660285949707031 -0.0419044494628906 -0.03851318359375 0.0406761169433594
0.07574462890625 0.00492095947265625 -0.0401687622070312 0.00350570678710938
0.0400238037109375 0.0761489868164063 -0.0196628570556641 -0.0187873840332031
-0.0101470947265625 0.08966064453125 0.0117835998535156 0.0187530517578125
-0.0594635009765625 0.0672264099121094 -0.0453567504882813 0.0752182006835937
-0.049530029296875 -0.00410079956054687 -0.0149993896484375 0.128585815429688
-0.0468063354492188 0.0218963623046875 -0.0224685668945312 0.111984252929688
-0.024566650390625 0.0482749938964844 -0.00841522216796875 0.0713653564453125
0.0209884643554687 0.0411796569824219 0.00215911865234375 0.0592269897460938
0.0381202697753906 0.0118522644042969 0.00559616088867188 0.0449447631835938
0.034027099609375 -0.0247402191162109 0.0109825134277344 0.042816162109375
0.018157958984375 -0.0371513366699219 0.0136756896972656 0.0512619018554688
0.0143814086914063 -0.0380630493164063 0.0102653503417969 0.0584602355957031
0.0132827758789063 -0.0495109558105469 0.00299835205078125 0.072723388671875
0.0257072448730469 -0.0447463989257813 -0.0283660888671875 0.070037841796875
0.0503425598144531 -0.0244293212890625 -0.0472755432128906 0.0510597229003906
0.05328369140625 0.0121269226074219 -0.0501976013183594 0.00862503051757811
0.0162544250488281 0.0601577758789062 -0.0258541107177734 -0.0173530578613281
-0.0287284851074219 0.0566596984863281 0.00237274169921875 0.0293731689453125
-0.05926513671875 0.0227775573730469 -0.0666885375976563 0.08953857421875
0.0344066619873047 0.0296440124511719 0.0679779052734375 -0.0958633422851563
0.0335865020751953 -0.0214061737060547 0.00828933715820313 -0.0359649658203125
0.00124549865722656 -0.0294685363769531 0.025848388671875 0.0226840972900391
-0.0208110809326172 -0.0125637054443359 0.0669593811035156 -0.00252532958984375
-0.0212440490722656 0.00519943237304687 0.0610008239746094 -0.050201416015625
-0.0149898529052734 0.0175046920776367 0.0259017944335937 -0.0815582275390625
-0.0119800567626953 0.0128993988037109 -0.00878906249999999 -0.0857772827148438
-0.0134220123291016 0.0120573043823242 -0.0170173645019531 -0.0665092468261719
-0.0175437927246094 0.0109567642211914 -0.017547607421875 -0.0579719543457031
-0.0196113586425781 -0.0044403076171875 -0.0099334716796875 -0.05145263671875
-0.00924301147460938 -0.0204849243164062 -0.00698471069335938 -0.0487709045410156
0.0155372619628906 -0.0245819091796875 0.00186920166015625 -0.0570831298828125
0.0404739379882813 -0.00330352783203125 0.0158843994140625 -0.0691947937011719
0.0470924377441406 0.0290946960449219 0.0194473266601563 -0.103599548339844
0.03057861328125 0.0524749755859375 0.02734375 -0.123428344726562
0.0152511596679687 0.0762863159179688 0.0821380615234375 -0.0795440673828125
0.0388526916503906 0.0224189758300781 0.0187816619873047 -0.0263557434082031
0.0284786224365234 0.00343132019042969 0.0305957794189453 0.0308036804199219
0.0158138275146484 -0.00855731964111328 0.074676513671875 0.00362396240234375
0.00648307800292969 -0.0104618072509766 0.0696449279785156 -0.0456008911132813
-0.00304031372070312 -0.0138092041015625 0.0326385498046875 -0.0834426879882812
-0.0106315612792969 -0.0199451446533203 -0.00594329833984375 -0.08612060546875
-0.0101852416992188 -0.0190563201904297 -0.0167770385742187 -0.0636749267578125
-0.0138416290283203 -0.0241870880126953 -0.0166053771972656 -0.0552101135253906
-0.00356864929199219 -0.03338623046875 -0.0123977661132813 -0.0483589172363281
0.0214176177978516 -0.0342254638671875 -0.00931549072265625 -0.0423812866210938
0.0480613708496094 -0.0163726806640625 -0.000892639160156243 -0.050506591796875
0.0562515258789062 0.0333518981933594 0.00857925415039063 -0.0591354370117187
0.04595947265625 0.07281494140625 0.0150985717773438 -0.087738037109375
0.010711669921875 0.0952301025390625 0.0242691040039062 -0.101966857910156
-0.00978088378906249 0.111534118652344 0.08642578125 -0.0482330322265625
0.0327301025390625 0.0673141479492187 0.0243568420410156 -0.00523185729980468
0.0497703552246094 0.0441970825195312 0.0318374633789062 0.0434341430664063
0.053192138671875 0.00217819213867188 0.0771484375 0.0153579711914063
0.0378265380859375 -0.0217399597167969 0.0737228393554688 -0.0325927734375
0.0133743286132813 -0.0431594848632812 0.03887939453125 -0.0746917724609375
-0.00632476806640625 -0.0503311157226562 -0.000831604003906243 -0.0765533447265625
-0.00551223754882813 -0.0468177795410156 -0.0147933959960938 -0.0519180297851563
-0.0100288391113281 -0.0549888610839844 -0.0139579772949219 -0.0420761108398438
0.008819580078125 -0.0584640502929687 -0.0159339904785156 -0.0357208251953125
0.0447349548339844 -0.0488853454589844 -0.0148372650146484 -0.0296688079833984
0.0730209350585938 -0.0153961181640625 -0.00843048095703125 -0.0411643981933594
0.0710906982421875 0.05694580078125 -3.81469726562452E-05 -0.0489845275878906
0.0472488403320312 0.102210998535156 0.01165771484375 -0.0670280456542969
-0.00579833984374999 0.123184204101562 0.0157394409179688 -0.0684547424316406
-0.0352706909179688 0.129241943359375 0.0791015625 -0.00462341308593749
0.0176010131835938 0.101669311523438 0.0235328674316406 0.0244140625
0.059356689453125 0.0823440551757813 0.0277976989746094 0.0582199096679688
0.082763671875 0.0191574096679688 0.071807861328125 0.031158447265625
0.0657806396484375 -0.0265274047851563 0.0707626342773438 -0.01336669921875
0.0295982360839844 -0.063995361328125 0.0419044494628906 -0.0555686950683594
-0.000511169433593757 -0.0725479125976562 0.00470733642578125 -0.056854248046875
-0.000301361083984368 -0.0669288635253906 -0.0109157562255859 -0.0326824188232422
-0.00711822509765624 -0.0777740478515625 -0.0100669860839844 -0.0222434997558594
0.015869140625 -0.0758514404296875 -0.0187816619873047 -0.0159988403320313
0.0592613220214844 -0.0602684020996094 -0.0204315185546875 -0.0118026733398438
0.0878219604492188 -0.0170745849609375 -0.0165042877197266 -0.0288867950439453
0.079620361328125 0.0690536499023437 -0.00745010375976562 -0.0390205383300781
0.045166015625 0.116531372070312 0.0120811462402344 -0.04449462890625
-0.0194778442382812 0.133514404296875 0.00438499450683594 -0.0293445587158203
-0.0556869506835937 0.124259948730469 0.0602607727050781 0.0420074462890625
-0.00457763671875 0.116226196289063 0.0157432556152344 0.0574264526367188
0.05181884765625 0.107940673828125 0.0186233520507813 0.0711669921875
0.0948638916015625 0.0383148193359375 0.0577011108398438 0.0475120544433594
0.083740234375 -0.0217361450195313 0.0593833923339844 0.00911712646484375
0.0432510375976563 -0.073516845703125 0.03955078125 -0.0287055969238281
0.00637817382812501 -0.083770751953125 0.00997543334960938 -0.0291576385498047
0.003997802734375 -0.07684326171875 -0.00511837005615234 -0.00841140747070313
-0.0027313232421875 -0.08953857421875 -0.00475645065307617 0.0028386116027832
0.0207748413085938 -0.0849075317382813 -0.0196933746337891 0.00760459899902343
0.0670318603515625 -0.0637092590332031 -0.0251789093017578 0.00761604309082031
0.0926513671875 -0.0153350830078125 -0.0240383148193359 -0.0163440704345703
0.0774307250976562 0.0759124755859375 -0.0114231109619141 -0.0301361083984375
0.0349197387695312 0.118331909179688 0.014862060546875 -0.0211143493652344
-0.033294677734375 0.126663208007813 -0.0083770751953125 0.0107965469360352
-0.0658950805664062 0.0967788696289063 0.0356521606445312 0.0852127075195313
-0.0273513793945313 0.104454040527344 0.00335693359375 0.0866546630859375
0.0292816162109375 0.111618041992188 0.00733947753906251 0.0778884887695313
0.0853424072265625 0.0515365600585938 0.0373764038085938 0.0581169128417969
0.0841522216796875 -0.0104217529296875 0.0408363342285156 0.0285873413085938
0.0495643615722656 -0.0686454772949219 0.0321197509765625 -0.000295639038085942
0.0120620727539062 -0.0809860229492188 0.0136032104492188 0.00150012969970703
0.00846862792968751 -0.0753631591796875 0.00177097320556641 0.0169668197631836
0.00197601318359374 -0.088470458984375 0.000263214111328123 0.0287322998046875
0.02447509765625 -0.081878662109375 -0.0202693939208984 0.0314159393310547
0.0686111450195313 -0.0582466125488281 -0.0298633575439453 0.0256805419921875
0.0881881713867188 -0.0083465576171875 -0.0311603546142578 -0.00448799133300781
0.0638580322265625 0.0780487060546875 -0.0153160095214844 -0.0230083465576172
0.016204833984375 0.108810424804688 0.0160923004150391 -0.000484466552734368
-0.0464935302734375 0.104621887207031 -0.0233383178710938 0.0473365783691406
-0.0624046325683594 0.0514488220214844 0.00927734374999999 0.1148681640625
-0.041656494140625 0.0703887939453125 -0.00994873046875001 0.105735778808594
0.00193786621093751 0.089202880859375 -0.00231933593750001 0.0771331787109375
0.0579757690429688 0.0519599914550781 0.0176811218261719 0.0619125366210938
0.0673332214355469 0.00125885009765625 0.0215682983398438 0.0402984619140625
0.0453872680664063 -0.0515289306640625 0.0218372344970703 0.0246772766113281
0.0155105590820313 -0.0648651123046875 0.0152683258056641 0.0296287536621094
0.0113716125488281 -0.0618019104003906 0.00748443603515625 0.0402030944824219
0.00630187988281251 -0.0746078491210938 0.00441360473632812 0.0525321960449219
0.0249481201171875 -0.0683937072753906 -0.0220909118652344 0.053466796875
0.0622367858886719 -0.0451431274414063 -0.0363426208496094 0.0408973693847656
0.07513427734375 0.00109100341796875 -0.0397872924804687 0.004547119140625
0.043121337890625 0.0732574462890625 -0.0197353363037109 -0.0187244415283203
-0.00619506835937501 0.088775634765625 0.0128612518310547 0.0175352096557617
-0.0561714172363281 0.0689468383789063 -0.0421905517578125 0.0751800537109375
-0.0490989685058594 -0.00224685668945313 -0.00928497314453126 0.127311706542969
-0.0454635620117187 0.0237083435058594 -0.0182647705078125 0.111289978027344
-0.02197265625 0.0494880676269531 -0.00710296630859375 0.0713729858398438
0.0225715637207031 0.0398635864257813 0.00396347045898437 0.0596084594726563
0.0380020141601563 0.0099945068359375 0.0078277587890625 0.0446853637695312
0.0322380065917969 -0.0260486602783203 0.0131454467773438 0.0418891906738281
0.016204833984375 -0.0377998352050781 0.0162010192871094 0.0499267578125
0.012420654296875 -0.0382080078125 0.0125465393066406 0.0570831298828125
0.0105781555175781 -0.0494384765625 0.00582122802734375 0.0710601806640625
0.02294921875 -0.045440673828125 -0.0250015258789063 0.0698318481445313
0.04864501953125 -0.0268630981445312 -0.044464111328125 0.05169677734375
0.0534820556640625 0.0092926025390625 -0.0492515563964844 0.0101242065429687
0.0185279846191406 0.0590133666992187 -0.0264911651611328 -0.0166835784912109
-0.0259552001953125 0.0569076538085938 0.00380897521972656 0.0279102325439453
-0.05780029296875 0.0246315002441406 -0.0619964599609375 0.0902023315429688
0.0350570678710938 0.02972412109375 0.0656661987304688 -0.0955657958984375
0.0329780578613281 -0.02197265625 0.0059967041015625 -0.0354347229003906
0.000673294067382814 -0.0302085876464844 0.0259609222412109 0.0234909057617187
-0.0209312438964844 -0.0122966766357422 0.0665740966796875 -0.00275039672851563
-0.0216026306152344 0.0056610107421875 0.0599250793457031 -0.0504341125488281
-0.0148124694824219 0.0178050994873047 0.02447509765625 -0.0809173583984375
-0.0113430023193359 0.0134563446044922 -0.0101165771484375 -0.08428955078125
-0.0121726989746094 0.0121841430664063 -0.0179443359375 -0.06524658203125
-0.0166158676147461 0.0115470886230469 -0.0186309814453125 -0.0566787719726563
-0.0190258026123047 -0.00363349914550781 -0.0110054016113281 -0.051055908203125
-0.009552001953125 -0.0195846557617188 -0.00807952880859375 -0.0487022399902344
0.0150432586669922 -0.0251102447509766 0.00158309936523437 -0.0578155517578125
0.0404891967773438 -0.00389862060546875 0.0163345336914063 -0.0692787170410156
0.0471115112304688 0.02752685546875 0.0184249877929688 -0.102745056152344
0.0313186645507813 0.0521049499511719 0.0245819091796875 -0.123252868652344
0.0168838500976563 0.0761260986328125 0.0795669555664062 -0.0804290771484375
0.0384178161621094 0.0211448669433594 0.0167865753173828 -0.0267925262451172
0.0286579132080078 0.002288818359375 0.0310573577880859 0.0312252044677734
0.0150089263916016 -0.00939083099365234 0.073944091796875 0.00286102294921875
0.00564670562744141 -0.0102500915527344 0.0687522888183594 -0.0460128784179688
-0.00381565093994141 -0.0132379531860352 0.0311355590820312 -0.0825958251953125
-0.0116634368896484 -0.0192298889160156 -0.00701904296875001 -0.0851364135742188
-0.0101737976074219 -0.0181369781494141 -0.017791748046875 -0.0623550415039063
-0.0141735076904297 -0.0224838256835938 -0.0177383422851563 -0.0537605285644531
-0.00428962707519531 -0.0319881439208984 -0.0138435363769531 -0.0476570129394531
0.0198173522949219 -0.033660888671875 -0.0105400085449219 -0.0421257019042969
0.0471153259277344 -0.017303466796875 -0.00143051147460937 -0.0510787963867188
0.055694580078125 0.0322151184082031 0.00885391235351562 -0.0598831176757813
0.0470733642578125 0.070709228515625 0.0144271850585938 -0.088043212890625
0.0123062133789063 0.0946121215820313 0.0221405029296875 -0.101753234863281
-0.00765228271484375 0.111381530761719 0.0840835571289063 -0.0494461059570312
0.0330162048339844 0.0653343200683594 0.0225410461425781 -0.00610542297363281
0.0504837036132812 0.04217529296875 0.0316543579101563 0.0440826416015625
0.0523529052734375 0.00066375732421875 0.0769195556640625 0.0152664184570313
0.0365524291992187 -0.02203369140625 0.0734024047851562 -0.0329055786132812
0.0111198425292969 -0.0422401428222656 0.0378799438476563 -0.0742568969726562
-0.0080108642578125 -0.0492515563964844 -0.00218200683593751 -0.0760116577148438
-0.00591659545898437 -0.0457344055175781 -0.0155601501464844 -0.050689697265625
-0.0115203857421875 -0.053436279296875 -0.0152015686035156 -0.0416297912597656
0.006561279296875 -0.0571403503417969 -0.0171585083007813 -0.0347633361816406
0.0422286987304687 -0.0489616394042969 -0.0157947540283203 -0.0298824310302734
0.07171630859375 -0.016693115234375 -0.00895690917968749 -0.0417366027832031
0.0715866088867188 0.0557174682617188 0.000488281250000008 -0.0495109558105469
0.0485763549804688 0.100044250488281 0.0110549926757813 -0.0675773620605469
-0.00404357910156249 0.122459411621094 0.0138015747070313 -0.0685272216796875
-0.0327835083007813 0.128898620605469 0.07781982421875 -0.00656890869140624
0.0184173583984375 0.0994949340820312 0.022247314453125 0.0231666564941406
0.0611038208007812 0.0802001953125 0.0277442932128906 0.0589408874511719
0.08160400390625 0.0169525146484375 0.0715713500976563 0.031951904296875
0.064483642578125 -0.0269622802734375 0.0708847045898438 -0.013031005859375
0.0275611877441406 -0.0636253356933594 0.041229248046875 -0.0556640625
-0.00255584716796875 -0.0716552734375 0.00358963012695312 -0.056182861328125
-0.00158309936523438 -0.0660133361816406 -0.0113124847412109 -0.0313434600830078
-0.009063720703125 -0.0761489868164063 -0.0114936828613281 -0.0215034484863281
0.0135726928710938 -0.0750503540039063 -0.0195598602294922 -0.0156345367431641
0.0564155578613281 -0.0607337951660156 -0.0211029052734375 -0.0123710632324219
0.086212158203125 -0.0192718505859375 -0.0168533325195312 -0.0295200347900391
0.08087158203125 0.0675430297851563 -0.00660324096679687 -0.0393714904785156
0.0471954345703125 0.114128112792969 0.0116386413574219 -0.0450019836425781
-0.0176239013671875 0.133132934570313 0.00285911560058594 -0.0297183990478516
-0.053192138671875 0.124168395996094 0.0603752136230469 0.0404090881347656
-0.00366210937500001 0.114288330078125 0.0154304504394531 0.0555953979492188
0.0533676147460937 0.106521606445313 0.0181121826171875 0.0713729858398438
0.09454345703125 0.03564453125 0.0572471618652344 0.0480308532714844
0.0821075439453125 -0.0226821899414063 0.0600700378417969 0.00949478149414062
0.0405349731445313 -0.0731430053710938 0.0392608642578125 -0.0293083190917969
0.00409698486328124 -0.08294677734375 0.00907325744628906 -0.0291156768798828
0.00299835205078125 -0.075775146484375 -0.0053095817565918 -0.00772809982299805
-0.00562286376953125 -0.0879974365234375 -0.00555419921875 0.00249338150024414
0.01806640625 -0.0836334228515625 -0.0199871063232422 0.00749969482421875
0.0644149780273437 -0.06500244140625 -0.0248928070068359 0.00661849975585937
0.0909881591796875 -0.0173416137695313 -0.0240821838378906 -0.0164833068847656
0.0783843994140625 0.0737228393554687 -0.0111427307128906 -0.0301856994628906
0.037078857421875 0.115913391113281 0.0148124694824219 -0.0221309661865234
-0.031463623046875 0.126739501953125 -0.00882339477539063 0.0102834701538086
-0.0636367797851563 0.0970382690429688 0.0365676879882813 0.0831680297851563
-0.0264816284179688 0.103584289550781 0.0038909912109375 0.0850372314453125
0.0313720703125 0.110755920410156 0.00695800781250001 0.0782012939453125
0.0849456787109375 0.0492477416992188 0.0371780395507812 0.0587997436523437
0.0827178955078125 -0.0111770629882813 0.0418586730957031 0.0289039611816406
0.0468559265136719 -0.0683403015136719 0.0325202941894531 -0.000738143920898442
0.00982666015625 -0.0805435180664063 0.0136079788208008 0.000793457031249995
0.00672149658203125 -0.0746688842773438 0.00157356262207031 0.017420768737793
-0.00146484375 -0.0874099731445312 6.48498535156274E-05 0.0279426574707031
0.021392822265625 -0.0810775756835938 -0.0199432373046875 0.0311965942382813
0.0659027099609375 -0.059600830078125 -0.0292091369628906 0.0247459411621094
0.0871200561523438 -0.0104522705078125 -0.0310134887695312 -0.00459671020507812
0.065093994140625 0.0759353637695313 -0.01544189453125 -0.0231647491455078
0.0177459716796875 0.107177734375 0.0160083770751953 -0.00158596038818359
-0.0449752807617188 0.104736328125 -0.0228614807128906 0.046661376953125
-0.0611686706542969 0.0517578125 0.0109939575195313 0.113594055175781
-0.0405731201171875 0.0700340270996094 -0.00900268554687499 0.104049682617187
0.00331115722656251 0.0888595581054687 -0.00293731689453126 0.0775070190429688
0.0581779479980469 0.0502777099609375 0.0177040100097656 0.0621681213378906
0.06610107421875 0.00014495849609375 0.0228118896484375 0.04107666015625
0.0436592102050781 -0.0517616271972656 0.0228519439697266 0.0239620208740234
0.0138053894042969 -0.0646247863769531 0.0157966613769531 0.0285530090332031
0.0100173950195313 -0.0611076354980469 0.00804519653320313 0.0399856567382812
0.00387573242187499 -0.07379150390625 0.00496292114257813 0.0513343811035156
0.0229148864746094 -0.0681724548339844 -0.0209999084472656 0.0528793334960938
0.0602340698242187 -0.0462913513183594 -0.0353507995605469 0.0400657653808594
0.0743560791015625 -0.00054168701171875 -0.0393104553222656 0.00448989868164063
0.0439224243164063 0.0719757080078125 -0.0200042724609375 -0.0184230804443359
-0.00444793701171874 0.0875244140625 0.013188362121582 0.0162372589111328
-0.05487060546875 0.0693016052246094 -0.0404281616210938 0.07489013671875
-0.0483932495117188 -0.00194168090820313 -0.00656890869140624 0.126312255859375
-0.0451507568359375 0.02392578125 -0.0168075561523438 0.110649108886719
-0.0208663940429688 0.0501632690429688 -0.007568359375 0.0711898803710938
0.0229568481445313 0.0391578674316406 0.00394821166992188 0.0601119995117188
0.0376014709472656 0.00929641723632813 0.00893402099609375 0.0456123352050781
0.0311374664306641 -0.0266685485839844 0.0142478942871094 0.0407981872558594
0.014739990234375 -0.0382575988769531 0.017120361328125 0.0482940673828125
0.0114631652832031 -0.038360595703125 0.0131492614746094 0.0560150146484375
0.00858306884765625 -0.0494384765625 0.006500244140625 0.0694694519042969
0.0212059020996094 -0.0456581115722656 -0.0241203308105469 0.0691947937011719
0.0474090576171875 -0.0275840759277344 -0.0428504943847656 0.0510292053222656
0.0530891418457031 0.00809860229492188 -0.0489768981933594 0.0103340148925781
0.0196266174316406 0.0582313537597656 -0.0262107849121094 -0.0166225433349609
-0.0251426696777344 0.05694580078125 0.00444984436035156 0.0272216796875
-0.0572586059570313 0.0251617431640625 -0.0602569580078125 0.0901031494140625
0.0365333557128906 0.0312232971191406 0.06549072265625 -0.0967178344726563
0.0331821441650391 -0.0223007202148438 0.00497817993164063 -0.0357475280761719
0.000564575195312497 -0.0314731597900391 0.027008056640625 0.0246906280517578
-0.0213451385498047 -0.012725830078125 0.0677528381347656 -0.00241470336914063
-0.0219631195068359 0.00562286376953125 0.0607986450195313 -0.0506858825683594
-0.0149879455566406 0.0188217163085938 0.0250778198242187 -0.0817947387695312
-0.0114450454711914 0.0144929885864258 -0.0104217529296875 -0.0849761962890625
-0.01202392578125 0.0128145217895508 -0.01812744140625 -0.0656242370605469
-0.0160846710205078 0.0122804641723633 -0.0196151733398438 -0.057220458984375
-0.0197830200195313 -0.00287246704101562 -0.01153564453125 -0.0518989562988281
-0.00996208190917968 -0.0198726654052734 -0.00816345214843749 -0.0497627258300781
0.0149955749511719 -0.0258560180664063 0.00191879272460937 -0.0597000122070312
0.04119873046875 -0.00442886352539062 0.0179824829101563 -0.0711212158203125
0.0481605529785156 0.0275077819824219 0.019317626953125 -0.104629516601563
0.0320014953613281 0.0527877807617187 0.0249862670898438 -0.125473022460938
0.0179519653320312 0.0782546997070312 0.0802383422851563 -0.081085205078125
0.0383453369140625 0.0211372375488281 0.0153789520263672 -0.0274276733398438
0.0288925170898437 0.00160789489746094 0.0311756134033203 0.0329265594482422
0.0150699615478516 -0.00975704193115234 0.0754623413085938 0.0035552978515625
0.00553989410400391 -0.0106754302978516 0.070098876953125 -0.0461349487304688
-0.0044708251953125 -0.0130777359008789 0.0320358276367188 -0.0837936401367188
-0.0123176574707031 -0.0188159942626953 -0.00746917724609374 -0.0862045288085938
-0.0101680755615234 -0.0182323455810547 -0.0178756713867188 -0.0629997253417969
-0.0140438079833984 -0.0223464965820312 -0.01873779296875 -0.0546531677246094
-0.00494956970214844 -0.0312843322753906 -0.0143775939941406 -0.048431396484375
0.0194740295410156 -0.0340518951416016 -0.0109634399414062 -0.0436363220214844
0.0474052429199219 -0.0180130004882812 -0.00111007690429687 -0.0533103942871094
0.0570831298828125 0.0324325561523438 0.0109634399414063 -0.0615158081054688
0.0484695434570313 0.0711669921875 0.0149765014648438 -0.089447021484375
0.0127029418945312 0.0965576171875 0.0217056274414063 -0.103828430175781
-0.007537841796875 0.114097595214844 0.0850830078125 -0.0499649047851562
0.0328254699707031 0.0655937194824219 0.0211906433105469 -0.00662994384765625
0.0517501831054688 0.0422897338867188 0.0318183898925781 0.0461311340332031
0.0529861450195312 0.000316619873046875 0.0783233642578125 0.0166778564453125
0.0366897583007813 -0.0227470397949219 0.0754547119140625 -0.03265380859375
0.0106582641601563 -0.0420951843261719 0.0382461547851562 -0.0755615234375
-0.00897598266601563 -0.0492668151855469 -0.00261688232421875 -0.0764694213867188
-0.006256103515625 -0.0462112426757813 -0.0156021118164063 -0.0509262084960937
-0.0119857788085938 -0.0534324645996094 -0.0164299011230469 -0.0413970947265625
0.00591659545898437 -0.0568008422851563 -0.0179290771484375 -0.0355186462402344
0.042022705078125 -0.0494232177734375 -0.0168838500976562 -0.0310153961181641
0.0720977783203125 -0.017425537109375 -0.00880050659179687 -0.0438308715820313
0.0728759765625 0.0562591552734375 0.00174331665039062 -0.0510482788085937
0.0501708984375 0.100433349609375 0.0118331909179687 -0.0693855285644531
-0.00402069091796875 0.124481201171875 0.0135726928710937 -0.069976806640625
-0.0328903198242188 0.131675720214844 0.07861328125 -0.00700378417968749
0.0178680419921875 0.100624084472656 0.0207061767578125 0.0229759216308594
0.0626220703125 0.0811004638671875 0.0269889831542969 0.0611915588378906
0.0828704833984375 0.01666259765625 0.0722579956054688 0.0336532592773438
0.0649490356445313 -0.027313232421875 0.073089599609375 -0.012420654296875
0.0267982482910156 -0.0637130737304688 0.0421295166015625 -0.0565719604492188
-0.0036163330078125 -0.0723648071289063 0.00349044799804687 -0.0571823120117188
-0.0017547607421875 -0.0668411254882812 -0.0115184783935547 -0.0309791564941406
-0.010009765625 -0.0764083862304688 -0.0126056671142578 -0.0217475891113281
0.0127182006835937 -0.0755081176757813 -0.020751953125 -0.0156574249267578
0.0562934875488281 -0.0617637634277344 -0.0218276977539062 -0.0134944915771484
0.0870437622070313 -0.0195846557617188 -0.0169162750244141 -0.0310268402099609
0.0822906494140625 0.0682220458984375 -0.00584793090820312 -0.0409660339355469
0.0488662719726563 0.11480712890625 0.012298583984375 -0.0465164184570313
-0.0175628662109375 0.135284423828125 0.0025787353515625 -0.0307579040527344
-0.05389404296875 0.12591552734375 0.0607833862304688 0.0403366088867188
-0.00452423095703126 0.115371704101563 0.0143470764160156 0.0559921264648438
0.0553970336914063 0.108108520507813 0.0167922973632813 0.0737228393554687
0.0953521728515625 0.035552978515625 0.0578498840332031 0.0503501892089844
0.0831146240234375 -0.022674560546875 0.06182861328125 0.0106391906738281
0.0404052734375 -0.0735931396484375 0.040435791015625 -0.0300636291503906
0.0029449462890625 -0.0837020874023438 0.00888633728027344 -0.0298576354980469
0.0025634765625 -0.0771331787109375 -0.00566005706787109 -0.00690078735351563
-0.00681304931640624 -0.0885162353515625 -0.00700187683105469 0.00241899490356445
0.0170059204101563 -0.0845184326171875 -0.0206642150878906 0.00753593444824218
0.0635299682617188 -0.0666465759277344 -0.0261249542236328 0.0057697296142578
0.0919952392578125 -0.0179672241210938 -0.0245800018310547 -0.0175094604492188
0.0798416137695313 0.0744400024414063 -0.0103721618652344 -0.0319061279296875
0.0380630493164062 0.116775512695313 0.0152111053466797 -0.0234127044677734
-0.031219482421875 0.128738403320313 -0.00924015045166016 0.0101308822631836
-0.0643539428710938 0.0982742309570312 0.0370864868164063 0.0840225219726563
-0.0274658203125 0.1044921875 0.00282287597656249 0.0852508544921875
0.0320281982421875 0.112266540527344 0.00481414794921875 0.0803604125976563
0.0862579345703125 0.04949951171875 0.0369949340820312 0.0616455078125
0.08416748046875 -0.0116424560546875 0.0437393188476563 0.0302581787109375
0.0467529296875 -0.0691261291503906 0.0334377288818359 -0.00152015686035157
0.00879669189453126 -0.0817413330078125 0.0135211944580078 0.000479698181152339
0.0067138671875 -0.0755767822265625 0.0012664794921875 0.0176944732666016
-0.00239562988281249 -0.0881729125976563 -0.00075340270996094 0.0278511047363281
0.02032470703125 -0.0818557739257813 -0.0209465026855469 0.0311431884765625
0.0653152465820313 -0.0612068176269531 -0.029886245727539 0.0244331359863281
0.0882644653320313 -0.0112533569335938 -0.0314617156982422 -0.00543212890624999
0.0665054321289063 0.0765762329101563 -0.0147533416748047 -0.0242156982421875
0.01873779296875 0.1082763671875 0.0165557861328125 -0.00204372406005859
-0.0452117919921875 0.106819152832031 -0.0235443115234375 0.0472602844238281
-0.0618209838867188 0.0523643493652344 0.0115814208984375 0.114768981933594
-0.0415115356445312 0.0707168579101563 -0.0101165771484375 0.10491943359375
0.00418090820312499 0.0910873413085938 -0.00466156005859376 0.0793685913085938
0.0590858459472656 0.0508155822753906 0.017333984375 0.0648727416992188
0.067352294921875 0.000125885009765625 0.0242156982421875 0.0420913696289063
0.0435066223144531 -0.0526008605957031 0.0236968994140625 0.0240993499755859
0.0131607055664062 -0.0658988952636719 0.016448974609375 0.0282020568847656
0.010101318359375 -0.0620841979980469 0.00831604003906251 0.0405502319335937
0.0025482177734375 -0.0744094848632812 0.00426864624023438 0.0515556335449219
0.0220298767089844 -0.0690078735351563 -0.0218734741210938 0.0529136657714844
0.0601081848144531 -0.0476493835449219 -0.0361480712890625 0.0399703979492187
0.0754547119140625 -0.0010986328125 -0.0399017333984375 0.00385665893554687
0.0451583862304688 0.072998046875 -0.0197219848632812 -0.0192317962646484
-0.0045928955078125 0.0889739990234375 0.0139360427856445 0.016026496887207
-0.0557632446289062 0.0708236694335938 -0.0411605834960938 0.0755386352539062
-0.0494270324707031 -0.00194549560546876 -0.00609588623046875 0.127952575683594
-0.0462226867675781 0.0243148803710938 -0.0176162719726562 0.111618041992188
-0.0207557678222656 0.0518569946289062 -0.009307861328125 0.0728225708007812
0.0237541198730469 0.0399894714355469 0.00379943847656251 0.0624885559082031
0.0384407043457031 0.00939178466796875 0.0095367431640625 0.0470733642578125
0.0314979553222656 -0.0275230407714844 0.0156059265136719 0.0415802001953125
0.0145378112792969 -0.03936767578125 0.0177001953125 0.0488815307617188
0.011260986328125 -0.0391998291015625 0.0132102966308594 0.056976318359375
0.00794601440429688 -0.0501289367675781 0.00626754760742187 0.0698814392089844
0.0209617614746094 -0.0469245910644531 -0.0243949890136719 0.0696830749511719
0.0475311279296875 -0.0290489196777344 -0.0434532165527344 0.0511207580566406
0.0543594360351562 0.00773239135742188 -0.0495834350585938 0.00994491577148437
0.0200958251953125 0.0597076416015625 -0.0263462066650391 -0.0174312591552734
-0.0257949829101563 0.0576820373535156 0.00553131103515625 0.0269355773925781
-0.0579757690429687 0.0254631042480469 -0.060699462890625 0.0906829833984375
0.0391845703125 0.0328826904296875 0.06683349609375 -0.100967407226563
0.0336494445800781 -0.0235404968261719 0.00298309326171875 -0.036651611328125
-0.000139236450195309 -0.0333614349365234 0.028564453125 0.0265331268310547
-0.0225162506103516 -0.0134792327880859 0.0706405639648438 -0.00254058837890625
-0.0231761932373047 0.00583457946777344 0.0627403259277344 -0.0531806945800781
-0.0155220031738281 0.0208873748779297 0.0258941650390625 -0.0850677490234375
-0.0120763778686523 0.0156688690185547 -0.0115203857421875 -0.0882720947265625
-0.0122280120849609 0.0135173797607422 -0.0190925598144531 -0.0678291320800781
-0.0160722732543945 0.0136804580688477 -0.0210227966308594 -0.0588493347167969
-0.0203685760498047 -0.00194931030273437 -0.0131301879882813 -0.0534477233886719
-0.0109577178955078 -0.0198650360107422 -0.00968170166015624 -0.0524368286132813
0.0149917602539063 -0.02783203125 0.00211715698242188 -0.0632781982421875
0.0433006286621094 -0.00535202026367188 0.019378662109375 -0.0755691528320313
0.0507011413574219 0.0275955200195312 0.019561767578125 -0.109199523925781
0.0339469909667969 0.0556640625 0.0240631103515625 -0.131439208984375
0.0208282470703125 0.0821304321289063 0.0819931030273438 -0.0855560302734375
0.0398101806640625 0.0212936401367187 0.0138149261474609 -0.0278968811035156
0.0302200317382813 0.000494003295898438 0.0329780578613281 0.0352592468261719
0.0147504806518555 -0.0112037658691406 0.0787734985351563 0.00405120849609375
0.00516223907470703 -0.0111026763916016 0.0732345581054688 -0.0485687255859375
-0.00554275512695313 -0.0126543045043945 0.0328292846679688 -0.0872573852539063
-0.0131702423095703 -0.0188159942626953 -0.00882720947265626 -0.0895919799804688
-0.0105209350585937 -0.0185356140136719 -0.0189056396484375 -0.0646324157714844
-0.0150051116943359 -0.0224494934082031 -0.0202178955078125 -0.0557060241699219
-0.005615234375 -0.0314006805419922 -0.0157966613769531 -0.0500679016113281
0.0192642211914063 -0.0350799560546875 -0.0127029418945312 -0.0460128784179688
0.0484695434570313 -0.019561767578125 -0.00125503540039063 -0.056793212890625
0.06048583984375 0.0326156616210938 0.0120697021484375 -0.0653495788574219
0.0511856079101562 0.0729751586914062 0.0153732299804688 -0.0945281982421875
0.0141525268554687 0.101181030273437 0.021453857421875 -0.108802795410156
-0.00576019287109374 0.11968994140625 0.0877151489257813 -0.0531768798828125
0.0344352722167969 0.0679855346679688 0.0203037261962891 -0.00724601745605468
0.054931640625 0.0428390502929688 0.032745361328125 0.0493659973144531
0.054290771484375 -0.00074005126953125 0.0817031860351563 0.01812744140625
0.0380630493164063 -0.0239906311035156 0.0795211791992188 -0.0343399047851563
0.00970077514648438 -0.0431442260742188 0.03948974609375 -0.0791168212890625
-0.0107650756835938 -0.050994873046875 -0.00381469726562501 -0.0797958374023438
-0.00725173950195313 -0.0476570129394531 -0.0164527893066406 -0.0518569946289063
-0.0132408142089844 -0.0544815063476563 -0.0180854797363281 -0.0429801940917969
0.00484085083007812 -0.0585823059082031 -0.0199432373046875 -0.0365867614746094
0.0422897338867188 -0.0514755249023438 -0.0182857513427734 -0.0326309204101563
0.0746002197265625 -0.0188522338867188 -0.00946426391601562 -0.0466651916503906
0.0771331787109375 0.0573348999023437 0.00269317626953126 -0.0545578002929687
0.0533981323242187 0.103157043457031 0.0121688842773438 -0.073150634765625
-0.00318145751953124 0.130599975585938 0.0132598876953125 -0.0733413696289062
-0.0325164794921875 0.138298034667969 0.0814056396484375 -0.00772094726562499
0.0186004638671875 0.104110717773438 0.0203895568847656 0.0232429504394531
0.06610107421875 0.0834426879882813 0.0275993347167969 0.0651283264160156
0.0858993530273438 0.015716552734375 0.0758438110351563 0.036376953125
0.0673103332519531 -0.0290107727050781 0.077423095703125 -0.012939453125
0.0265998840332031 -0.0659751892089844 0.0438804626464844 -0.0595130920410156
-0.0056304931640625 -0.07464599609375 0.00311660766601563 -0.0595321655273438
-0.00305557250976562 -0.0693778991699219 -0.0118045806884766 -0.0314655303955078
-0.011871337890625 -0.0784988403320313 -0.013824462890625 -0.0222129821777344
0.0114212036132812 -0.077423095703125 -0.0224990844726563 -0.0163536071777344
0.0563583374023438 -0.0648117065429688 -0.0235824584960937 -0.0146903991699219
0.0898513793945313 -0.0218429565429688 -0.0178337097167969 -0.0336933135986328
0.086944580078125 0.07000732421875 -0.00517654418945312 -0.0439186096191406
0.0521469116210937 0.118217468261719 0.0123291015625 -0.0494613647460937
-0.01727294921875 0.141876220703125 0.00194549560546875 -0.0319385528564453
-0.0546188354492187 0.132026672363281 0.0635566711425781 0.0412368774414063
-0.00457000732421876 0.119590759277344 0.0134620666503906 0.0573577880859375
0.05914306640625 0.112007141113281 0.01727294921875 0.0784149169921875
0.099273681640625 0.036041259765625 0.0605392456054688 0.053863525390625
0.0862197875976563 -0.0243148803710938 0.0661964416503906 0.0110588073730469
0.04046630859375 -0.0764083862304688 0.0420646667480469 -0.0321846008300781
0.00115966796874999 -0.0869064331054688 0.008941650390625 -0.0311908721923828
0.0016021728515625 -0.08013916015625 -0.00560951232910156 -0.00665998458862305
-0.00948333740234376 -0.0913772583007813 -0.00783395767211914 0.00304698944091796
0.0157241821289062 -0.0868072509765625 -0.0222644805908203 0.0077228546142578
0.0642356872558594 -0.0696868896484375 -0.0276260375976563 0.00558853149414062
0.0952072143554688 -0.0203018188476563 -0.0256137847900391 -0.0194473266601563
0.0847930908203125 0.0763092041015625 -0.0107059478759766 -0.0339012145996094
0.0414505004882812 0.120750427246094 0.0162563323974609 -0.0253734588623047
-0.0316162109375 0.135009765625 -0.00984287261962891 0.0104999542236328
-0.0665817260742188 0.102996826171875 0.0395584106445312 0.0866241455078125
-0.0286483764648437 0.108306884765625 0.00229644775390624 0.0877838134765625
0.0350418090820312 0.117454528808594 0.00453948974609374 0.0850067138671875
0.08978271484375 0.0507354736328125 0.0389862060546875 0.0654983520507813
0.0874786376953125 -0.0126495361328125 0.0469589233398438 0.0319099426269531
0.0473251342773438 -0.0721054077148438 0.0352592468261719 -0.00196075439453125
0.0078125 -0.084869384765625 0.0144186019897461 -5.24520874023489E-05
0.00575256347656251 -0.079193115234375 0.00176429748535156 0.0191726684570312
-0.00453948974609376 -0.090728759765625 -0.00120735168457031 0.0289535522460937
0.0190887451171875 -0.0855636596679687 -0.0220947265625 0.0321712493896484
0.065826416015625 -0.0645370483398438 -0.0315685272216797 0.0246505737304687
0.0914993286132813 -0.0128555297851563 -0.0328693389892578 -0.00628852844238282
0.0707244873046875 0.0792922973632813 -0.0152740478515625 -0.0260086059570313
0.02117919921875 0.112152099609375 0.0177097320556641 -0.00332069396972656
-0.0463104248046875 0.111610412597656 -0.0238990783691406 0.0492630004882813
-0.0642852783203125 0.0549468994140625 0.0132293701171875 0.118461608886719
-0.0435714721679688 0.0738449096679688 -0.0103683471679688 0.108558654785156
0.00554656982421874 0.0956039428710937 -0.00588226318359376 0.0834884643554688
0.0620918273925781 0.0522346496582031 0.0183486938476563 0.0693130493164063
0.0702018737792969 -0.000148773193359375 0.0267562866210938 0.044830322265625
0.0440864562988281 -0.0549964904785156 0.0255718231201172 0.0240707397460937
0.0122718811035156 -0.068634033203125 0.0174961090087891 0.0292205810546875
0.00935745239257812 -0.065399169921875 0.00888442993164063 0.0425224304199219
0.000961303710937492 -0.0772552490234375 0.00424575805664063 0.0534133911132813
0.02117919921875 -0.072021484375 -0.0230979919433594 0.0545158386230469
0.0616645812988281 -0.0507164001464844 -0.0371284484863281 0.0407447814941406
0.07867431640625 -0.00215911865234375 -0.0411872863769531 0.00377655029296876
0.0484237670898438 0.0758209228515625 -0.0201950073242187 -0.0200519561767578
-0.00370788574218749 0.0920867919921875 0.0154132843017578 0.0155420303344727
-0.05743408203125 0.0743331909179688 -0.0421829223632813 0.0786285400390625
-0.0512771606445313 -0.00234222412109376 -0.0045623779296875 0.1326904296875
-0.04852294921875 0.0253067016601563 -0.0175399780273437 0.115852355957031
-0.0206375122070312 0.0548629760742187 -0.00986480712890624 0.0764694213867187
0.0254096984863281 0.0412216186523438 0.00421905517578125 0.0664520263671875
0.0404281616210938 0.00975799560546875 0.0113487243652344 0.0498619079589844
0.0325031280517578 -0.02874755859375 0.0172080993652344 0.0429611206054688
0.0146064758300781 -0.0415840148925781 0.0195274353027344 0.0503120422363281
0.0115776062011719 -0.0414199829101563 0.0141716003417969 0.0587882995605469
0.0070953369140625 -0.0523338317871094 0.00679016113281251 0.0721511840820313
0.0206031799316406 -0.0490913391113281 -0.0254974365234375 0.0717926025390625
0.0494613647460937 -0.0313873291015625 -0.0449256896972656 0.0522499084472656
0.0570869445800781 0.00718307495117188 -0.051025390625 0.0101661682128906
0.02191162109375 0.0623817443847656 -0.0270252227783203 -0.0183677673339844
-0.0264701843261719 0.0606422424316406 0.00712013244628906 0.0274028778076172
-0.0601158142089844 0.0273208618164062 -0.0619659423828125 0.0943222045898437
0.0441131591796875 0.0332298278808594 0.0668106079101563 -0.108139038085938
0.0345783233642578 -0.0265712738037109 0.000415802001953128 -0.0379905700683594
-0.00178909301757813 -0.0356712341308594 0.0312290191650391 0.0274677276611328
-0.0244121551513672 -0.0136203765869141 0.0747909545898438 -0.00487518310546875
-0.0242710113525391 0.00728416442871094 0.0642890930175781 -0.0577392578125
-0.0157241821289063 0.0233478546142578 0.0247955322265625 -0.0891952514648438
-0.0117301940917969 0.0179576873779297 -0.0152587890625 -0.0918121337890625
-0.0115327835083008 0.0150671005249023 -0.0226058959960937 -0.070556640625
-0.0154714584350586 0.0151042938232422 -0.0245742797851563 -0.0606613159179688
-0.0210037231445312 -0.000205993652343748 -0.0161056518554688 -0.0563430786132813
-0.0126953125 -0.0197906494140625 -0.011932373046875 -0.0551414489746094
0.0144939422607422 -0.0298900604248047 0.000122070312499999 -0.0679092407226562
0.0451927185058594 -0.00799942016601563 0.018829345703125 -0.080902099609375
0.0545501708984375 0.027069091796875 0.0170669555664063 -0.115478515625
0.0382270812988281 0.0578041076660156 0.0202865600585938 -0.139663696289062
0.02606201171875 0.086090087890625 0.0832901000976563 -0.0928878784179688
0.0425682067871094 0.0213088989257812 0.0118999481201172 -0.0295162200927734
0.0319976806640625 -0.000978469848632813 0.0359992980957031 0.0370254516601562
0.0149059295654297 -0.0127677917480469 0.0833511352539063 0.00284576416015625
0.00485992431640625 -0.0119771957397461 0.0757904052734375 -0.0533523559570313
-0.00630760192871093 -0.0123252868652344 0.032135009765625 -0.0927963256835937
-0.015045166015625 -0.0183277130126953 -0.0127182006835938 -0.0932540893554688
-0.011383056640625 -0.0187854766845703 -0.0220909118652344 -0.0671615600585938
-0.0162067413330078 -0.0223770141601562 -0.0237503051757813 -0.0581092834472656
-0.006988525390625 -0.0318813323974609 -0.0187416076660156 -0.0518302917480469
0.0181350708007813 -0.0369796752929688 -0.0150413513183594 -0.0484542846679688
0.0497283935546875 -0.0224151611328125 -0.00341796875 -0.0614280700683594
0.0647926330566406 0.0316390991210937 0.01171875 -0.0704421997070313
0.0566864013671875 0.0738754272460938 0.0134048461914063 -0.0999984741210938
0.018646240234375 0.106712341308594 0.0185012817382813 -0.1153564453125
-0.00112915039062501 0.126472473144531 0.0899200439453125 -0.0589065551757812
0.0382537841796875 0.0697975158691406 0.01898193359375 -0.00840568542480469
0.0596122741699219 0.0425643920898438 0.0363235473632813 0.0523872375488281
0.0567817687988281 -0.00379180908203125 0.0872039794921875 0.0175323486328125
0.0387077331542969 -0.0266036987304687 0.0827560424804688 -0.0386581420898438
0.0079498291015625 -0.0450630187988281 0.0396270751953125 -0.0843582153320313
-0.0137481689453125 -0.0523643493652344 -0.00664520263671876 -0.0832595825195312
-0.00905227661132812 -0.0496330261230469 -0.0190200805664062 -0.0535049438476563
-0.0159759521484375 -0.0561599731445313 -0.021209716796875 -0.0441741943359375
0.00289535522460937 -0.0601654052734375 -0.0229911804199219 -0.0379714965820313
0.0414848327636719 -0.0553398132324219 -0.0209808349609375 -0.0347213745117188
0.0772476196289063 -0.0231399536132813 -0.011077880859375 -0.0506591796875
0.0836257934570312 0.0573654174804687 0.00193405151367188 -0.0591087341308594
0.0603561401367188 0.105987548828125 0.0101547241210938 -0.0778121948242187
0.00186920166015624 0.138107299804688 0.0108489990234375 -0.077789306640625
-0.029327392578125 0.147171020507813 0.0853347778320313 -0.010986328125
0.0226516723632812 0.108726501464844 0.0201587677001953 0.0234203338623047
0.0732879638671875 0.0850448608398438 0.0310096740722656 0.0694389343261719
0.0903854370117188 0.0131378173828125 0.0814361572265625 0.0371170043945313
0.0695686340332031 -0.0327949523925781 0.082489013671875 -0.0159454345703125
0.0246162414550781 -0.0695457458496094 0.04437255859375 -0.0641441345214844
-0.00936889648437499 -0.0775604248046875 0.000530242919921881 -0.0625839233398438
-0.00591278076171874 -0.0727691650390625 -0.0136184692382813 -0.0322761535644531
-0.0159912109375 -0.0812835693359375 -0.0162487030029297 -0.0226898193359375
0.00839996337890625 -0.0811538696289063 -0.0248870849609375 -0.0166530609130859
0.0559120178222656 -0.0696983337402344 -0.0261344909667969 -0.0155391693115234
0.093231201171875 -0.026519775390625 -0.019866943359375 -0.0364456176757813
0.094818115234375 0.0698471069335938 -0.00591278076171875 -0.0476341247558594
0.0597152709960937 0.121879577636719 0.0119361877441406 -0.0535545349121094
-0.01318359375 0.150588989257813 0.000598907470703123 -0.0341854095458984
-0.0528564453125 0.141616821289062 0.0677108764648438 0.0411872863769531
-0.00146484375 0.126136779785156 0.0146865844726563 0.0592994689941406
0.0667343139648437 0.115638732910156 0.0194549560546875 0.0835189819335938
0.105422973632813 0.0342330932617188 0.0660362243652344 0.0565567016601562
0.0899810791015625 -0.0283432006835938 0.0715179443359375 0.009796142578125
0.0389862060546875 -0.0814971923828125 0.0435714721679688 -0.0354499816894531
-0.00248718261718751 -0.0909957885742188 0.00835609436035156 -0.0333805084228516
-0.0018463134765625 -0.0840530395507813 -0.006195068359375 -0.0060110092163086
-0.0142135620117188 -0.0946884155273438 -0.00914192199707031 0.00365543365478515
0.0124435424804687 -0.091583251953125 -0.0245227813720703 0.0090045928955078
0.0637054443359375 -0.0753021240234375 -0.0294685363769531 0.00572586059570312
0.0990371704101563 -0.0250244140625 -0.0275363922119141 -0.0208854675292969
0.0929946899414063 0.0774612426757813 -0.0110969543457031 -0.0364990234375
0.0483474731445312 0.124542236328125 0.0162105560302734 -0.028228759765625
-0.0287933349609375 0.143569946289062 -0.010284423828125 0.0112762451171875
-0.0664520263671875 0.111183166503906 0.0443191528320312 0.0892105102539063
-0.027252197265625 0.114669799804688 0.00435638427734375 0.0913772583007813
0.0413970947265625 0.122306823730469 0.00611114501953126 0.09112548828125
0.095794677734375 0.0500564575195313 0.0432662963867187 0.0697174072265625
0.092010498046875 -0.01580810546875 0.0521011352539063 0.0328788757324219
0.04638671875 -0.0768508911132813 0.0373001098632813 -0.00406646728515625
0.00415802001953126 -0.0893096923828125 0.0148992538452148 -0.000668525695800787
0.00276184082031249 -0.0832977294921875 0.00239753723144531 0.0206069946289062
-0.00968933105468749 -0.0944290161132813 -0.001434326171875 0.0307369232177734
0.0158233642578125 -0.0899734497070313 -0.0228385925292969 0.0345363616943359
0.0657882690429688 -0.070831298828125 -0.0326271057128906 0.0259838104248047
0.0954437255859375 -0.0175018310546875 -0.0344333648681641 -0.00654411315917968
0.0780868530273438 0.080902099609375 -0.0157508850097656 -0.0275840759277344
0.0265655517578125 0.11639404296875 0.0192298889160156 -0.00515937805175781
-0.044403076171875 0.119796752929687 -0.023712158203125 0.0523262023925781
-0.0662879943847656 0.0601882934570313 0.0181884765625 0.12384033203125
-0.0441055297851563 0.0790328979492187 -0.00794982910156249 0.11370849609375
0.00951385498046875 0.100624084472656 -0.00444030761718749 0.0901031494140625
0.0671920776367188 0.0529098510742188 0.0215835571289063 0.0741958618164063
0.07470703125 -0.00222015380859375 0.0308876037597656 0.0468673706054688
0.0438652038574219 -0.0592575073242188 0.0280189514160156 0.0238609313964844
0.0096282958984375 -0.0728683471679688 0.01959228515625 0.0294876098632813
0.006683349609375 -0.0691604614257813 0.0106582641601563 0.0447273254394531
-0.00243377685546876 -0.0806961059570313 0.00524139404296875 0.0552787780761719
0.018768310546875 -0.076690673828125 -0.0228233337402344 0.0581855773925781
0.0622367858886719 -0.0563468933105469 -0.0382766723632812 0.0434989929199219
0.082427978515625 -0.00550079345703125 -0.0429000854492187 0.00438308715820313
0.0543365478515625 0.0784149169921875 -0.0213851928710937 -0.0214500427246094
-0.000335693359375007 0.09661865234375 0.0176181793212891 0.0148029327392578
-0.0577545166015625 0.0804443359375 -0.041595458984375 0.083831787109375
-0.0544471740722656 -0.000782012939453131 -0.00049591064453126 0.138984680175781
-0.0508193969726563 0.0285072326660156 -0.0151596069335938 0.122016906738281
-0.0192413330078125 0.0593185424804687 -0.00920104980468751 0.0819168090820313
0.0286140441894531 0.0425529479980469 0.00673675537109375 0.0717391967773438
0.0432701110839844 0.00899887084960937 0.0146865844726563 0.0528984069824219
0.0323677062988281 -0.0318737030029297 0.0202827453613281 0.0431556701660156
0.0134048461914062 -0.0451507568359375 0.022979736328125 0.0512428283691406
0.0102920532226563 -0.0448799133300781 0.017059326171875 0.0616035461425781
0.00501632690429688 -0.0553054809570313 0.00910949707031251 0.0756072998046875
0.0193099975585938 -0.0530242919921875 -0.0244140625 0.0761795043945313
0.0503120422363281 -0.0354461669921875 -0.0458259582519531 0.0559120178222656
0.0607948303222656 0.00519180297851563 -0.0535621643066406 0.0117568969726563
0.0255088806152344 0.0655975341796875 -0.0284614562988281 -0.0189361572265625
-0.0257148742675781 0.06494140625 0.009796142578125 0.0277690887451172
-0.062225341796875 0.030853271484375 -0.061676025390625 0.101318359375
0.0494880676269531 0.0316276550292969 0.0628433227539063 -0.116470336914063
0.0339431762695313 -0.0299434661865234 -0.00347137451171875 -0.0379981994628906
-0.0047607421875 -0.0377731323242188 0.0345668792724609 0.0278167724609375
-0.0269947052001953 -0.0131626129150391 0.0772552490234375 -0.00862884521484375
-0.025604248046875 0.00948905944824218 0.0632858276367188 -0.0628623962402344
-0.0143013000488281 0.0258941650390625 0.0211944580078125 -0.0940704345703125
-0.0106353759765625 0.0203704833984375 -0.0212936401367188 -0.0941085815429688
-0.0102949142456055 0.0167856216430664 -0.0273971557617188 -0.0717315673828125
-0.0142316818237305 0.0172929763793945 -0.0295639038085938 -0.0614509582519531
-0.021270751953125 0.00213050842285156 -0.0203819274902344 -0.0570564270019531
-0.014923095703125 -0.0196361541748047 -0.0166244506835938 -0.0568275451660156
0.0126247406005859 -0.0324878692626953 -0.0041046142578125 -0.0720367431640625
0.0464706420898438 -0.0117263793945313 0.0154571533203125 -0.0862045288085938
0.0583686828613281 0.0240554809570312 0.011138916015625 -0.120574951171875
0.0446014404296875 0.0578994750976563 0.01202392578125 -0.146865844726563
0.0334014892578125 0.0880279541015625 0.08056640625 -0.101211547851563
0.0450325012207031 0.0188980102539063 0.00841331481933594 -0.0308055877685547
0.033050537109375 -0.0041656494140625 0.0397415161132813 0.0376319885253906
0.0139141082763672 -0.0148200988769531 0.0870742797851563 -0.00160980224609375
0.00365734100341797 -0.0128107070922852 0.0758819580078125 -0.059783935546875
-0.00763225555419922 -0.0106754302978516 0.0280990600585938 -0.09808349609375
-0.0167236328125 -0.0169172286987305 -0.0187759399414062 -0.0958633422851562
-0.012786865234375 -0.0182628631591797 -0.0269241333007812 -0.0675582885742188
-0.0179367065429688 -0.0215282440185547 -0.028656005859375 -0.0582237243652344
-0.00936317443847656 -0.0311317443847656 -0.0235595703125 -0.0527687072753906
0.0157089233398437 -0.0389442443847656 -0.0191307067871094 -0.0502243041992188
0.0499000549316406 -0.0268287658691406 -0.00722122192382812 -0.0654487609863281
0.0695075988769531 0.0281333923339844 0.00895690917968751 -0.0751876831054688
0.063629150390625 0.0723648071289063 0.00719451904296876 -0.104598999023437
0.027099609375 0.110343933105469 0.011444091796875 -0.121391296386719
0.0081024169921875 0.132598876953125 0.09039306640625 -0.0667800903320312
0.0434417724609375 0.0703811645507813 0.0174722671508789 -0.00971698760986328
0.0649337768554688 0.0395431518554688 0.0408439636230469 0.0539932250976563
0.0579071044921875 -0.00767135620117187 0.0919418334960938 0.0142288208007813
0.038299560546875 -0.0303421020507813 0.0847320556640625 -0.045013427734375
0.00518417358398438 -0.0461769104003906 0.0363922119140625 -0.0902023315429688
-0.0178260803222656 -0.0524787902832031 -0.012725830078125 -0.0860519409179688
-0.0127296447753906 -0.050628662109375 -0.0228500366210938 -0.0539779663085938
-0.0205268859863281 -0.0563697814941406 -0.02581787109375 -0.0442237854003906
-0.001373291015625 -0.0615882873535156 -0.0268363952636719 -0.0379104614257813
0.0389442443847656 -0.059539794921875 -0.0245399475097656 -0.0352249145507813
0.0784225463867187 -0.028717041015625 -0.0150375366210937 -0.053802490234375
0.0908432006835938 0.0534591674804688 -0.000698089599609374 -0.0633468627929688
0.0691909790039063 0.105110168457031 0.00639343261718751 -0.0821533203125
0.01043701171875 0.144195556640625 0.00632476806640626 -0.0819473266601562
-0.020355224609375 0.155487060546875 0.0878448486328125 -0.0173110961914062
0.0295333862304688 0.111221313476563 0.0208759307861328 0.0228176116943359
0.08221435546875 0.08392333984375 0.035888671875 0.0722274780273438
0.0943603515625 0.00785064697265625 0.0872039794921875 0.0355072021484375
0.0705718994140625 -0.0385360717773438 0.08587646484375 -0.0211563110351563
0.0203628540039063 -0.0731887817382813 0.0421867370605469 -0.0700721740722656
-0.0150680541992187 -0.0793609619140625 -0.0033721923828125 -0.0648841857910156
-0.010894775390625 -0.074615478515625 -0.0159530639648438 -0.0319766998291016
-0.022308349609375 -0.0820465087890625 -0.01904296875 -0.0222015380859375
0.003173828125 -0.08343505859375 -0.0276508331298828 -0.0152320861816406
0.0524978637695313 -0.0755996704101563 -0.0288486480712891 -0.0152225494384766
0.0949783325195312 -0.03369140625 -0.0229949951171875 -0.0384483337402344
0.103492736816406 0.0657196044921875 -0.00829315185546875 -0.0506782531738281
0.0698928833007812 0.121734619140625 0.00920104980468751 -0.0571403503417969
-0.0038909912109375 0.15863037109375 -0.00174331665039063 -0.0357398986816406
-0.045684814453125 0.15118408203125 0.0731887817382813 0.0380706787109375
0.00521850585937501 0.130813598632813 0.0172195434570313 0.0602912902832031
0.0771636962890625 0.115867614746094 0.0247726440429688 0.0883026123046875
0.110885620117187 0.0284042358398437 0.0724868774414063 0.0568466186523438
0.0920181274414062 -0.0352630615234375 0.0761947631835938 0.006134033203125
0.0345001220703125 -0.0861892700195312 0.0433082580566406 -0.0404815673828125
-0.00970458984375001 -0.0939407348632812 0.00592422485351563 -0.0352363586425781
-0.00772094726562501 -0.0872726440429688 -0.00649785995483398 -0.00560426712036133
-0.0212173461914062 -0.096466064453125 -0.0101556777954102 0.00460529327392578
0.00593566894531251 -0.0947036743164063 -0.0256576538085938 0.0109939575195312
0.0603561401367188 -0.082427978515625 -0.0312099456787109 0.00697708129882813
0.10076904296875 -0.032501220703125 -0.0298614501953125 -0.0216121673583984
0.101799011230469 0.073699951171875 -0.0132637023925781 -0.0388145446777344
0.0582656860351563 0.125129699707031 0.0157604217529297 -0.0313873291015625
-0.0206451416015625 0.151992797851562 -0.00999069213867188 0.0121650695800781
-0.0617904663085938 0.119682312011719 0.0517807006835937 0.0895919799804688
-0.0221328735351563 0.121383666992188 0.0083770751953125 0.0943756103515625
0.0515060424804688 0.124801635742188 0.010528564453125 0.096221923828125
0.102622985839844 0.0461883544921875 0.049957275390625 0.071990966796875
0.0951080322265625 -0.0223312377929688 0.0574722290039063 0.0311088562011719
0.0425643920898438 -0.08251953125 0.0391616821289063 -0.00716781616210938
-0.00289916992187499 -0.0933837890625 0.0150489807128906 -0.00216484069824219
-0.00283050537109376 -0.0866470336914063 0.00384902954101563 0.0214900970458984
-0.0168533325195312 -0.0964431762695312 -0.000169754028320315 0.0321273803710937
0.00927734375 -0.0935516357421875 -0.0227432250976563 0.0372543334960937
0.06329345703125 -0.07733154296875 -0.0328712463378906 0.0284366607666016
0.0979385375976563 -0.0248184204101563 -0.03643798828125 -0.00601577758789063
0.08697509765625 0.07867431640625 -0.0177459716796875 -0.028900146484375
0.0351333618164063 0.118515014648438 0.0204238891601563 -0.00785255432128906
-0.0391998291015625 0.128372192382812 -0.02154541015625 0.0552482604980469
-0.0650177001953125 0.0664329528808594 0.0269393920898437 0.127235412597656
-0.0415878295898438 0.0849990844726562 -0.00252532958984376 0.117843627929688
0.0164566040039063 0.105133056640625 -0.000869750976562494 0.0951766967773438
0.07354736328125 0.0506744384765625 0.0273208618164062 0.0773544311523438
0.0782089233398438 -0.00710296630859375 0.0360832214355469 0.0472488403320313
0.0410537719726563 -0.0641860961914063 0.0307350158691406 0.0224666595458984
0.00434112548828125 -0.0763397216796875 0.0220565795898438 0.0287818908691406
0.00200653076171874 -0.0729827880859375 0.0141868591308594 0.0459480285644531
-0.0086517333984375 -0.0833892822265625 0.00817489624023437 0.0574569702148438
0.0132675170898438 -0.080291748046875 -0.0208053588867187 0.0618629455566406
0.0601921081542969 -0.0626564025878906 -0.0376434326171875 0.0466346740722656
0.0854110717773438 -0.0113449096679688 -0.0444488525390625 0.00599288940429687
0.06207275390625 0.077880859375 -0.0230350494384766 -0.0218868255615234
0.00582122802734376 0.100410461425781 0.0204277038574219 0.0131263732910156
-0.0550994873046875 0.0879898071289063 -0.0378494262695313 0.08941650390625
-0.0572929382324219 0.00250625610351563 0.0086212158203125 0.1441650390625
-0.0516586303710938 0.0336723327636719 -0.00889587402343752 0.126838684082031
-0.0163154602050781 0.0636024475097656 -0.005462646484375 0.0871963500976563
0.0329666137695313 0.04248046875 0.01141357421875 0.0757827758789063
0.0464706420898438 0.006500244140625 0.0192832946777344 0.0549278259277344
0.0316886901855469 -0.0351715087890625 0.0243873596191406 0.0435562133789063
0.00992202758789062 -0.0480766296386719 0.0274429321289063 0.0515556335449219
0.00709152221679687 -0.0476875305175781 0.0216293334960937 0.0632247924804688
0.0010528564453125 -0.0577430725097656 0.0139007568359375 0.0778427124023438
0.0157928466796875 -0.0565032958984375 -0.0215225219726562 0.0805892944335938
0.0500144958496094 -0.0408897399902344 -0.0443344116210937 0.0599403381347656
0.0636634826660156 0.00142669677734375 -0.0547676086425781 0.0147933959960937
0.0312156677246094 0.0671615600585938 -0.03033447265625 -0.018768310546875
-0.0226211547851562 0.0688743591308594 0.0127468109130859 0.0273418426513672
-0.0632247924804688 0.0362663269042969 -0.057373046875 0.108436584472656
0.0535087585449219 0.028106689453125 0.0550308227539062 -0.121978759765625
0.0320148468017578 -0.0322990417480469 -0.00725936889648437 -0.0370712280273437
-0.008087158203125 -0.0383110046386719 0.0371208190917969 0.026275634765625
-0.0289115905761719 -0.0117378234863281 0.0770950317382812 -0.0129623413085937
-0.0261669158935547 0.0113525390625 0.0597419738769531 -0.0670280456542969
-0.0121040344238281 0.02801513671875 0.0158843994140625 -0.095947265625
-0.0081787109375 0.0222320556640625 -0.0276260375976563 -0.093170166015625
-0.00850296020507813 0.0181102752685547 -0.0325469970703125 -0.0702323913574219
-0.0123119354248047 0.0188732147216797 -0.0342369079589844 -0.0594062805175781
-0.020660400390625 0.00457954406738281 -0.0246238708496094 -0.0565109252929688
-0.0166072845458984 -0.017730712890625 -0.0207710266113281 -0.0574760437011719
0.00943756103515625 -0.0341701507568359 -0.00904083251953126 -0.073944091796875
0.045745849609375 -0.0159378051757813 0.0101165771484375 -0.0892486572265625
0.0602493286132812 0.0199432373046875 0.00342559814453124 -0.122314453125
0.0500259399414063 0.0559234619140625 0.001434326171875 -0.148910522460938
0.0414657592773437 0.0866546630859375 0.0748062133789062 -0.107894897460937
0.046142578125 0.0160408020019531 0.00497055053710938 -0.0311336517333984
0.0324363708496094 -0.0073699951171875 0.0426063537597656 0.0362472534179688
0.0123167037963867 -0.0164918899536133 0.0879974365234375 -0.0061798095703125
0.001983642578125 -0.0126791000366211 0.0728912353515625 -0.0648345947265625
-0.00812339782714844 -0.00913143157958984 0.0223464965820312 -0.100448608398438
-0.0176277160644531 -0.0145206451416016 -0.0252838134765625 -0.0949935913085937
-0.0137033462524414 -0.0170278549194336 -0.0311088562011719 -0.0666732788085938
-0.0190029144287109 -0.0193576812744141 -0.0333671569824219 -0.0560264587402344
-0.0113735198974609 -0.0293941497802734 -0.0276069641113281 -0.0519027709960938
0.0125656127929687 -0.0393943786621094 -0.0228805541992188 -0.0499725341796875
0.0480728149414062 -0.0305938720703125 -0.0116691589355469 -0.0671806335449219
0.0720672607421875 0.022857666015625 0.0042572021484375 -0.0779953002929688
0.0689697265625 0.0679130554199219 0.000831604003906252 -0.106307983398438
0.0357894897460938 0.109306335449219 0.00331115722656251 -0.123703002929688
0.0186996459960937 0.133628845214844 0.086456298828125 -0.0745086669921875
0.0483322143554688 0.0680427551269531 0.0152969360351563 -0.0100898742675781
0.0681495666503906 0.0347747802734375 0.0448417663574219 0.0531120300292969
0.0570259094238281 -0.0120735168457031 0.0940628051757813 0.0096435546875
0.0361442565917969 -0.0328865051269531 0.0837554931640625 -0.0514373779296875
0.0015411376953125 -0.0458297729492188 0.03082275390625 -0.0934677124023438
-0.0217437744140625 -0.0502700805664063 -0.0184555053710937 -0.0856094360351563
-0.0160446166992188 -0.0496253967285156 -0.0264625549316406 -0.0524368286132813
-0.0242652893066406 -0.0546951293945312 -0.0293235778808594 -0.0424957275390625
-0.00566864013671875 -0.0606613159179688 -0.0302848815917969 -0.0360221862792969
0.0341224670410156 -0.0612831115722656 -0.0278244018554688 -0.0346660614013672
0.0765609741210937 -0.0344696044921875 -0.018768310546875 -0.0550384521484375
0.0956649780273438 0.0466232299804687 -0.00393676757812499 -0.0658073425292969
0.0770034790039062 0.0999755859375 0.000999450683593746 -0.0841140747070313
0.021697998046875 0.1456298828125 0.000473022460937501 -0.0833206176757812
-0.00924682617187501 0.158859252929688 0.0876846313476563 -0.0239791870117187
0.0371780395507813 0.110847473144531 0.0206928253173828 0.0219135284423828
0.0891952514648438 0.0784225463867188 0.0410079956054688 0.0725173950195313
0.09490966796875 0.0006256103515625 0.0911407470703125 0.0315780639648438
0.0685920715332031 -0.0437088012695313 0.0865936279296875 -0.0272750854492188
0.0146865844726562 -0.0738754272460938 0.0382537841796875 -0.0737457275390625
-0.0215072631835937 -0.0779190063476563 -0.00775909423828126 -0.0651168823242188
-0.0159225463867188 -0.074462890625 -0.0177249908447266 -0.0309047698974609
-0.0281753540039063 -0.080352783203125 -0.0217342376708984 -0.0204143524169922
-0.00328826904296874 -0.082977294921875 -0.0299167633056641 -0.0136260986328125
0.0466461181640625 -0.0787811279296875 -0.0308971405029297 -0.0141048431396484
0.0929336547851563 -0.0405960083007813 -0.0261764526367187 -0.0387687683105469
0.108970642089844 0.0588455200195312 -0.0111770629882812 -0.0524864196777344
0.0785064697265625 0.116523742675781 0.00566864013671875 -0.0588951110839844
0.00717163085937501 0.160614013671875 -0.00419235229492187 -0.0360984802246094
-0.0357818603515625 0.155960083007813 0.0764083862304688 0.0328903198242188
0.013458251953125 0.131858825683594 0.0191307067871094 0.0591163635253906
0.0860977172851563 0.11175537109375 0.0298233032226563 0.089813232421875
0.113754272460937 0.0208587646484375 0.0775604248046875 0.0544204711914062
0.0908203125 -0.04144287109375 0.0789031982421875 0.00121307373046875
0.027862548828125 -0.0885772705078125 0.0409660339355469 -0.0439529418945313
-0.017303466796875 -0.0930633544921875 0.00368118286132812 -0.0356903076171875
-0.0134429931640625 -0.0870285034179688 -0.0063319206237793 -0.00454092025756836
-0.0287322998046875 -0.0945663452148438 -0.0107307434082031 0.00555133819580077
-0.0016021728515625 -0.094573974609375 -0.0263881683349609 0.0130500793457031
0.0541839599609375 -0.086700439453125 -0.0320148468017578 0.00861549377441406
0.09912109375 -0.0401687622070313 -0.0318031311035156 -0.0217113494873047
0.10821533203125 0.0668563842773437 -0.0155563354492187 -0.0399703979492187
0.0673370361328125 0.121528625488281 0.0136260986328125 -0.0337543487548828
-0.00958251953125 0.1556396484375 -0.00934696197509766 0.0124578475952149
-0.0539703369140625 0.125335693359375 0.0580673217773437 0.0863723754882813
-0.014892578125 0.123794555664062 0.0132980346679688 0.0938491821289063
0.0610427856445313 0.123298645019531 0.0165328979492188 0.0982666015625
0.106605529785156 0.0391159057617188 0.0556869506835938 0.0707778930664063
0.0950546264648438 -0.0292510986328125 0.0613822937011719 0.0279655456542969
0.0363693237304687 -0.0856857299804688 0.0384902954101563 -0.0103111267089844
-0.00995635986328124 -0.0928726196289063 0.0150032043457031 -0.00304985046386719
-0.00948333740234375 -0.0873031616210938 0.00538825988769531 0.0220966339111328
-0.0246047973632812 -0.0954818725585937 0.000698089599609377 0.032806396484375
0.00211334228515625 -0.0938949584960937 -0.0215225219726563 0.0392074584960937
0.0573196411132813 -0.0822906494140625 -0.0320930480957031 0.0300178527832031
0.0968856811523438 -0.031982421875 -0.03717041015625 -0.00493621826171874
0.0936508178710938 0.073272705078125 -0.0193958282470703 -0.0296077728271484
0.0432052612304688 0.116386413574219 0.0202579498291016 -0.0106964111328125
-0.0301132202148438 0.13275146484375 -0.0177536010742188 0.0572357177734375
-0.0614395141601562 0.0716476440429688 0.0356292724609375 0.125389099121094
-0.0367965698242188 0.0887527465820313 0.00435638427734376 0.118553161621094
0.0244064331054688 0.105133056640625 0.00463867187499999 0.0979537963867188
0.0774993896484375 0.0465621948242188 0.03338623046875 0.0778427124023437
0.0788650512695312 -0.0127716064453125 0.0407829284667969 0.0457191467285156
0.0367698669433594 -0.067474365234375 0.0325355529785156 0.0199451446533203
-0.00211334228515625 -0.0771484375 0.0241813659667969 0.0273685455322266
-0.00329589843750001 -0.0739364624023438 0.0171890258789063 0.0457305908203125
-0.0156173706054688 -0.0834274291992187 0.0116233825683594 0.0575828552246094
0.00672912597656251 -0.0812530517578125 -0.0177040100097656 0.0638580322265625
0.0555191040039063 -0.0676040649414063 -0.0351295471191406 0.0488052368164062
0.0853958129882813 -0.0178985595703125 -0.0445175170898437 0.00806045532226562
0.0687637329101563 0.0744705200195313 -0.0242843627929687 -0.0219593048095703
0.012603759765625 0.100425720214844 0.0218868255615234 0.0105609893798828
-0.04931640625 0.0931167602539062 -0.0317001342773438 0.0926132202148438
-0.0578651428222656 0.00609588623046875 0.0187225341796875 0.14453125
-0.0497055053710938 0.0375213623046875 -0.000869750976562491 0.128265380859375
-0.0117149353027344 0.0662078857421875 -0.0007171630859375 0.0893096923828125
0.0365982055664062 0.04071044921875 0.0170364379882812 0.0769500732421875
0.04791259765625 0.003143310546875 0.0240020751953125 0.0549087524414063
0.0291595458984375 -0.0381393432617188 0.0274887084960938 0.0421791076660156
0.00568008422851562 -0.0497970581054688 0.03125 0.0495452880859375
0.00357818603515625 -0.04931640625 0.0260276794433594 0.0624046325683594
-0.00403594970703125 -0.0586357116699219 0.018768310546875 0.0774917602539063
0.0113639831542969 -0.0582427978515625 -0.0169296264648437 0.0830307006835938
0.0474052429199219 -0.0449867248535156 -0.0414047241210938 0.0628814697265625
0.0646781921386719 -0.00320053100585938 -0.0544929504394531 0.01788330078125
0.0369720458984375 0.0662384033203125 -0.0317707061767578 -0.0185527801513672
-0.0189056396484375 0.0717086791992187 0.0154438018798828 0.0247001647949219
-0.0610389709472656 0.0411796569824219 -0.0505447387695313 0.113334655761719
0.0554237365722656 0.0247230529785156 0.0488967895507812 -0.123336791992187
0.0303115844726562 -0.0338249206542969 -0.0100669860839844 -0.0347938537597656
-0.0105209350585937 -0.0379066467285156 0.0380744934082031 0.0254936218261719
-0.0301876068115234 -0.0102386474609375 0.07672119140625 -0.0152587890625
-0.0258102416992188 0.0135955810546875 0.0570793151855469 -0.0683403015136719
-0.00952339172363281 0.0289344787597656 0.0124435424804688 -0.0954971313476563
-0.00606346130371094 0.0227222442626953 -0.0313034057617188 -0.0909805297851563
-0.0069732666015625 0.0180492401123047 -0.0351791381835937 -0.0681877136230469
-0.0101356506347656 0.0190887451171875 -0.0365867614746094 -0.0568389892578125
-0.0193748474121094 0.00632858276367187 -0.0274620056152344 -0.0549545288085937
-0.0174751281738281 -0.0157632827758789 -0.0231361389160156 -0.0568199157714844
0.00716400146484375 -0.0342292785644531 -0.0129013061523437 -0.074432373046875
0.0439414978027344 -0.0186576843261719 0.00681304931640624 -0.0894012451171875
0.0604705810546875 0.0165252685546875 -0.000999450683593742 -0.121086120605469
0.052886962890625 0.0528488159179688 -0.00563049316406248 -0.147781372070313
0.0466079711914063 0.0833206176757812 0.0684051513671875 -0.110816955566406
0.0462303161621094 0.0132904052734375 0.00174331665039063 -0.0299663543701172
0.0312290191650391 -0.00941848754882813 0.0441398620605469 0.035430908203125
0.0102071762084961 -0.0168828964233398 0.087310791015625 -0.008880615234375
0.00101566314697266 -0.0126628875732422 0.0699234008789063 -0.0671348571777344
-0.00815773010253906 -0.00740671157836914 0.0181884765625 -0.100448608398437
-0.0179576873779297 -0.0124969482421875 -0.0298919677734375 -0.0926895141601563
-0.0139493942260742 -0.0160017013549805 -0.0336227416992187 -0.0644149780273438
-0.0187873840332031 -0.0178203582763672 -0.0358848571777344 -0.0537796020507812
-0.0117454528808594 -0.0277843475341797 -0.03009033203125 -0.0500259399414062
0.0102920532226563 -0.0384750366210938 -0.02532958984375 -0.0495185852050781
0.0452995300292969 -0.0326805114746094 -0.0147247314453125 -0.0673561096191406
0.0721282958984375 0.0183639526367187 0.000801086425781246 -0.0782852172851563
0.0709457397460938 0.0635223388671875 -0.00362396240234376 -0.105545043945313
0.0415878295898438 0.107337951660156 -0.00316619873046875 -0.123275756835937
0.0261993408203125 0.131294250488281 0.0819778442382813 -0.078094482421875
0.0507278442382813 0.06500244140625 0.0126047134399414 -0.0104236602783203
0.0690193176269531 0.0302238464355469 0.0471878051757813 0.052734375
0.0551490783691406 -0.0155105590820313 0.0947418212890625 0.00630950927734375
0.0336666107177734 -0.0345535278320313 0.0814285278320313 -0.0547103881835938
-0.00083160400390625 -0.0444488525390625 0.0265426635742188 -0.0941696166992187
-0.02435302734375 -0.0477066040039062 -0.0219573974609375 -0.0836639404296875
-0.0179557800292969 -0.0480537414550781 -0.028167724609375 -0.0508232116699219
-0.0265464782714844 -0.0518836975097656 -0.0311126708984375 -0.0400810241699219
-0.0082855224609375 -0.0579681396484375 -0.0322704315185547 -0.0342922210693359
0.0306129455566406 -0.0613441467285156 -0.0295238494873047 -0.0339012145996094
0.0737838745117188 -0.037750244140625 -0.0221214294433594 -0.0554847717285156
0.0960922241210937 0.0410690307617187 -0.00688934326171874 -0.066192626953125
0.0803909301757813 0.0948562622070313 -0.00254058837890624 -0.0834808349609375
0.028594970703125 0.143890380859375 -0.00386047363281251 -0.0827102661132813
-0.000579833984374983 0.15814208984375 0.0853424072265625 -0.0288619995117187
0.0411148071289062 0.108100891113281 0.0191612243652344 0.0206222534179688
0.0924072265625 0.073150634765625 0.0436325073242187 0.0723114013671875
0.093292236328125 -0.0039520263671875 0.0929641723632813 0.0285491943359375
0.0656280517578125 -0.0465621948242188 0.0855636596679688 -0.0315399169921875
0.0109939575195313 -0.0729522705078125 0.0344085693359375 -0.0748977661132813
-0.0255966186523437 -0.0747833251953125 -0.0112228393554687 -0.0638351440429688
-0.0195999145507812 -0.072998046875 -0.0183238983154297 -0.0291538238525391
-0.0318527221679688 -0.0770950317382813 -0.0230579376220703 -0.0186691284179688
-0.0074615478515625 -0.0803985595703125 -0.0309333801269531 -0.01165771484375
0.0418243408203125 -0.07989501953125 -0.0320281982421875 -0.01318359375
0.089752197265625 -0.04498291015625 -0.0283432006835937 -0.0392646789550781
0.111122131347656 0.0522994995117188 -0.0134658813476562 -0.0535087585449219
0.0829391479492187 0.110549926757812 0.00307083129882813 -0.0599212646484375
0.0153961181640625 0.160064697265625 -0.00614166259765625 -0.0360946655273437
-0.027587890625 0.156234741210938 0.0770187377929687 0.0282135009765625
0.0185089111328125 0.130401611328125 0.0195083618164063 0.0575103759765625
0.0911636352539063 0.107009887695312 0.0335540771484375 0.090057373046875
0.113052368164063 0.0153579711914062 0.0806198120117188 0.0525054931640625
0.0886917114257813 -0.0459442138671875 0.0795059204101562 -0.00252532958984375
0.0228729248046875 -0.08807373046875 0.0382957458496094 -0.0454139709472656
-0.0224075317382813 -0.0901947021484375 0.00210952758789062 -0.0355300903320313
-0.0182418823242188 -0.0858306884765625 -0.00629329681396484 -0.00380992889404297
-0.0338134765625 -0.0911636352539063 -0.0113182067871094 0.00642299652099609
-0.00666046142578125 -0.0928192138671875 -0.0264053344726563 0.0143413543701172
0.0486526489257812 -0.0878219604492188 -0.0318031311035156 0.0093250274658203
0.0955963134765625 -0.0444183349609375 -0.03350830078125 -0.0217094421386719
0.110610961914062 0.0608139038085937 -0.0169448852539062 -0.0408172607421875
0.0718994140625 0.116111755371094 0.0123062133789063 -0.0353660583496094
-0.00224304199218751 0.155517578125 -0.00873374938964844 0.0128421783447266
-0.0477066040039063 0.126655578613281 0.0614013671875 0.0819091796875
-0.00981903076171874 0.123130798339844 0.0155181884765625 0.0919952392578125
0.0668182373046875 0.119583129882813 0.0201950073242187 0.0990066528320313
0.107276916503906 0.0340499877929688 0.0592231750488281 0.0694122314453125
0.093017578125 -0.03375244140625 0.0635261535644531 0.0248641967773437
0.031280517578125 -0.0861053466796875 0.0376052856445313 -0.0124092102050781
-0.0161972045898438 -0.090850830078125 0.0145483016967773 -0.00409317016601563
-0.01397705078125 -0.0860214233398438 0.00726890563964843 0.0221290588378906
-0.0294113159179687 -0.0927505493164063 0.00162506103515625 0.0326328277587891
-0.00373077392578124 -0.0921783447265625 -0.0203857421875 0.0401344299316406
0.051483154296875 -0.08453369140625 -0.0311241149902344 0.0306148529052734
0.0939178466796875 -0.0364227294921875 -0.0378952026367187 -0.00492095947265625
0.0969314575195313 0.0675048828125 -0.0205364227294922 -0.0301132202148437
0.0482330322265625 0.112472534179688 0.0197219848632813 -0.0128383636474609
-0.0232162475585938 0.13336181640625 -0.0149765014648438 0.0569801330566406
-0.0579681396484375 0.0740280151367188 0.0409774780273438 0.12261962890625
-0.0331649780273437 0.090118408203125 0.00786590576171876 0.116180419921875
0.0297470092773437 0.104278564453125 0.00857543945312499 0.0981979370117188
0.0793838500976563 0.0424652099609375 0.0372161865234375 0.076934814453125
0.0783843994140625 -0.0166015625 0.0435676574707031 0.0438079833984375
0.0327033996582031 -0.0680503845214844 0.033203125 0.01800537109375
-0.007598876953125 -0.0764617919921875 0.0255413055419922 0.0257205963134766
-0.0076751708984375 -0.0734405517578125 0.01971435546875 0.0448684692382812
-0.02032470703125 -0.0810928344726563 0.0134124755859375 0.0568428039550781
0.00147247314453125 -0.0802688598632813 -0.0153312683105469 0.0642166137695312
0.0514373779296875 -0.0697174072265625 -0.0333290100097656 0.0494270324707031
0.0840988159179688 -0.022369384765625 -0.0443611145019531 0.00870513916015625
0.0721054077148438 0.0707626342773438 -0.0250320434570313 -0.0219497680664062
0.0166854858398438 0.0986709594726563 0.0221939086914062 0.00769042968750001
-0.0446701049804688 0.0949554443359375 -0.0273284912109375 0.0927886962890625
-0.0574302673339844 0.00894165039062501 0.0250701904296875 0.141571044921875
-0.0483932495117188 0.0399665832519531 0.00414276123046875 0.126350402832031
-0.00777435302734375 0.0671424865722656 0.00225830078124999 0.0896759033203125
0.0387458801269531 0.03857421875 0.0206985473632812 0.0764541625976563
0.0484123229980469 0.00067901611328125 0.0269813537597656 0.0539588928222656
0.0265159606933594 -0.0393218994140625 0.0293769836425781 0.0397758483886719
0.00185394287109375 -0.0496330261230469 0.0331878662109375 0.0472297668457031
8.39233398437453E-05 -0.0494461059570313 0.0291633605957031 0.0606193542480469
-0.00748062133789062 -0.0579071044921875 0.0212936401367188 0.0761795043945312
0.0073394775390625 -0.0579147338867188 -0.0139541625976562 0.082763671875
0.0443954467773438 -0.0474929809570312 -0.038818359375 0.0633926391601562
0.0640029907226563 -0.006866455078125 -0.0537490844726562 0.0190925598144531
0.0403938293457031 0.0647621154785156 -0.0324974060058594 -0.0181198120117188
-0.015106201171875 0.0724105834960937 0.0169639587402344 0.0222587585449219
-0.0586357116699219 0.0436019897460938 -0.04437255859375 0.114181518554688
0.0568389892578125 0.0219841003417969 0.0449981689453125 -0.124046325683594
0.0294094085693359 -0.0346050262451172 -0.0119838714599609 -0.0330104827880859
-0.0122299194335937 -0.0377388000488281 0.0388565063476563 0.0253219604492187
-0.0313892364501953 -0.00899505615234376 0.076324462890625 -0.01556396484375
-0.0253849029541016 0.0147113800048828 0.0556106567382813 -0.0680961608886719
-0.00822257995605469 0.0298137664794922 0.011566162109375 -0.0954971313476563
-0.00410079956054688 0.0237255096435547 -0.03302001953125 -0.0895767211914063
-0.00566673278808594 0.0184440612792969 -0.0360870361328125 -0.06756591796875
-0.008758544921875 0.0191211700439453 -0.0375442504882813 -0.0554580688476562
-0.0178604125976563 0.0075225830078125 -0.0288009643554687 -0.0541534423828125
-0.0178184509277344 -0.0140647888183594 -0.0249977111816406 -0.0572662353515625
0.00587844848632813 -0.0343532562255859 -0.014556884765625 -0.0745849609375
0.0426368713378906 -0.0202827453613281 0.00563049316406249 -0.0888900756835938
0.0606117248535156 0.0148887634277344 -0.00272369384765625 -0.120002746582031
0.0549659729003906 0.05084228515625 -0.009521484375 -0.146392822265625
0.0495681762695313 0.08111572265625 0.0652008056640625 -0.112152099609375
0.0463294982910156 0.0118293762207031 -0.000282287597656246 -0.0283012390136719
0.03070068359375 -0.0110130310058594 0.0456047058105469 0.0356025695800781
0.00839805603027344 -0.017054557800293 0.0880661010742188 -0.0100860595703125
-0.000253677368164061 -0.012059211730957 0.0687942504882813 -0.0678939819335938
-0.00812149047851563 -0.00639581680297852 0.0167770385742187 -0.100387573242188
-0.0171794891357422 -0.0109653472900391 -0.031402587890625 -0.0915374755859375
-0.0138311386108398 -0.0150032043457031 -0.0348587036132812 -0.0634269714355469
-0.0184612274169922 -0.0170936584472656 -0.037078857421875 -0.05255126953125
-0.0116920471191406 -0.0256557464599609 -0.0317459106445313 -0.049163818359375
0.00888442993164063 -0.037506103515625 -0.0267562866210938 -0.0495529174804688
0.0434799194335938 -0.0337028503417969 -0.0168724060058594 -0.0684394836425781
0.0715408325195313 0.0159225463867188 -0.000282287597656243 -0.07861328125
0.071929931640625 0.0602951049804688 -0.00469970703125 -0.104629516601563
0.0445709228515625 0.105438232421875 -0.0064544677734375 -0.122512817382813
0.029815673828125 0.129669189453125 0.0796279907226563 -0.0804214477539062
0.0515365600585938 0.0633697509765625 0.0101995468139648 -0.00975799560546875
0.0699043273925781 0.0282478332519531 0.0485763549804688 0.0532760620117188
0.0536308288574219 -0.0165519714355469 0.0953750610351562 0.0052337646484375
0.0323314666748047 -0.0350170135498047 0.0804824829101563 -0.055938720703125
-0.00229644775390625 -0.0429725646972656 0.024749755859375 -0.0944442749023437
-0.0252723693847656 -0.0450248718261719 -0.0238876342773437 -0.0829315185546875
-0.0188713073730469 -0.0472831726074219 -0.0284805297851563 -0.0497360229492187
-0.0270118713378906 -0.0504074096679688 -0.0322303771972656 -0.0388450622558594
-0.00946426391601563 -0.0564117431640625 -0.0332279205322266 -0.03338623046875
0.0282821655273438 -0.0608177185058594 -0.0311794281005859 -0.0339775085449219
0.0718154907226563 -0.0395355224609375 -0.0236740112304687 -0.056640625
0.0964584350585938 0.0374755859375 -0.00782012939453124 -0.0670928955078125
0.0812835693359375 0.09124755859375 -0.00411224365234374 -0.083587646484375
0.033294677734375 0.142715454101563 -0.00615692138671874 -0.0830001831054687
0.00363159179687501 0.157241821289062 0.0843429565429687 -0.0314178466796875
0.0425872802734375 0.106399536132813 0.0171775817871094 0.020477294921875
0.0941619873046875 0.0700225830078125 0.0456619262695313 0.0737228393554688
0.091827392578125 -0.006195068359375 0.09442138671875 0.028045654296875
0.0640983581542969 -0.0483932495117188 0.0854110717773438 -0.0324859619140625
0.00879669189453125 -0.0717086791992188 0.0326156616210937 -0.0754928588867187
-0.0275802612304687 -0.07244873046875 -0.0123176574707031 -0.0629806518554688
-0.02105712890625 -0.071685791015625 -0.0186614990234375 -0.0285778045654297
-0.0335845947265625 -0.0750808715820313 -0.0239353179931641 -0.0176296234130859
-0.00961303710937499 -0.0784072875976562 -0.0317783355712891 -0.0105361938476563
0.0390472412109375 -0.0792160034179688 -0.0330562591552734 -0.013458251953125
0.0877304077148438 -0.0464553833007813 -0.0297126770019531 -0.0401840209960938
0.111366271972656 0.0488510131835938 -0.0141372680664062 -0.0541152954101562
0.0840988159179687 0.107315063476563 0.00189971923828125 -0.0604591369628906
0.019866943359375 0.159378051757813 -0.00696182250976563 -0.0360679626464844
-0.0230712890625 0.156692504882813 0.0771865844726562 0.0252838134765625
0.0201797485351563 0.1287841796875 0.0186080932617188 0.05670166015625
0.0939559936523438 0.104354858398438 0.0355224609375 0.0909957885742188
0.1121826171875 0.0124740600585938 0.0822067260742188 0.0514602661132813
0.0869140625 -0.048126220703125 0.0803070068359375 -0.0037994384765625
0.0203323364257813 -0.0871353149414063 0.0369415283203125 -0.0463523864746094
-0.0252609252929688 -0.0880126953125 0.00104522705078125 -0.0352706909179688
-0.0204925537109375 -0.0848388671875 -0.00569677352905274 -0.00349235534667969
-0.03558349609375 -0.0889205932617188 -0.0118122100830078 0.00749111175537109
-0.009552001953125 -0.0904083251953125 -0.0266227722167969 0.0151519775390625
0.0450973510742188 -0.0880355834960938 -0.0324649810791016 0.00907135009765625
0.0936965942382813 -0.0467605590820313 -0.0344791412353516 -0.0225410461425781
0.111320495605469 0.0574569702148438 -0.0180206298828125 -0.0417633056640625
0.0733108520507812 0.11273193359375 0.011383056640625 -0.0362434387207031
0.00221252441406249 0.1552734375 -0.0086965560913086 0.0124177932739258
-0.0450057983398437 0.127449035644531 0.06304931640625 0.0794677734375
-0.00802612304687501 0.123275756835937 0.0150833129882812 0.0904159545898438
0.0698318481445312 0.117660522460937 0.0217971801757813 0.0999374389648438
0.107139587402344 0.0312576293945313 0.0612831115722656 0.0689811706542969
0.0920486450195313 -0.0362777709960938 0.0645790100097656 0.0234794616699219
0.028961181640625 -0.0853347778320313 0.0370063781738281 -0.01287841796875
-0.0192947387695312 -0.0888748168945313 0.0143470764160156 -0.00422096252441407
-0.0161590576171875 -0.0855255126953125 0.00784111022949218 0.0220050811767578
-0.0323638916015625 -0.0904159545898437 0.001495361328125 0.0330848693847656
-0.00655364990234376 -0.0902786254882813 -0.0202560424804688 0.0409011840820312
0.0483169555664063 -0.0850067138671875 -0.0313510894775391 0.030181884765625
0.0922088623046875 -0.0388717651367188 -0.0384788513183594 -0.00534820556640624
0.0980377197265625 0.0644149780273438 -0.0215206146240234 -0.0307540893554687
0.0499191284179688 0.110191345214844 0.0192966461181641 -0.0142745971679687
-0.0195770263671875 0.133514404296875 -0.0138053894042969 0.0567398071289063
-0.0562591552734375 0.0753250122070313 0.0432891845703125 0.119834899902344
-0.0321044921875 0.0910415649414062 0.00898742675781249 0.114776611328125
0.0326461791992188 0.103706359863281 0.0100631713867187 0.099029541015625
0.0797958374023438 0.0400238037109375 0.0395050048828125 0.0767135620117187
0.0780181884765625 -0.0192718505859375 0.04449462890625 0.0429000854492188
0.0299415588378906 -0.0681495666503906 0.0330085754394531 0.0172481536865234
-0.0105361938476563 -0.0751800537109375 0.0260639190673828 0.0245704650878906
-0.0103302001953125 -0.0726547241210938 0.0212516784667969 0.0444564819335937
-0.0229721069335938 -0.0798187255859375 0.0137481689453125 0.0571098327636719
-0.000976562500000009 -0.0788192749023438 -0.0147933959960937 0.0646400451660156
0.0483779907226562 -0.071441650390625 -0.0327796936035156 0.0492668151855469
0.0830230712890625 -0.0246734619140625 -0.0447044372558594 0.00839996337890625
0.074188232421875 0.0686187744140625 -0.0256595611572266 -0.0231266021728516
0.018798828125 0.0977554321289063 0.0222301483154297 0.00584220886230469
-0.0420303344726563 0.0959396362304687 -0.024749755859375 0.0922622680664063
-0.0574111938476563 0.0101890563964844 0.02789306640625 0.139617919921875
-0.0474929809570312 0.0414352416992188 0.00564575195312498 0.124855041503906
-0.00537490844726562 0.0679779052734375 0.00345611572265624 0.0899581909179688
0.0394935607910156 0.0374221801757813 0.0227813720703125 0.076934814453125
0.0485877990722656 -0.00117874145507813 0.0286941528320313 0.0532608032226563
0.0250358581542969 -0.0400657653808594 0.0302810668945313 0.0391273498535156
-0.000869750976562504 -0.0490684509277344 0.0341262817382813 0.0461692810058594
-0.00179672241210937 -0.0495338439941406 0.0305137634277344 0.0598335266113281
-0.0100326538085938 -0.0576629638671875 0.022125244140625 0.0759506225585937
0.00501632690429687 -0.0575637817382813 -0.0125885009765625 0.0832672119140625
0.042236328125 -0.0492324829101562 -0.0377120971679688 0.0635986328125
0.06390380859375 -0.00904464721679688 -0.0532150268554687 0.0192108154296875
0.0429115295410156 0.0637588500976563 -0.0330734252929688 -0.0187854766845703
-0.0135498046875 0.0727386474609375 0.0175552368164063 0.0201244354248047
-0.0576438903808594 0.0449256896972656 -0.0414505004882813 0.113685607910156
0.0582275390625 0.0209465026855469 0.0442733764648438 -0.126327514648438
0.0289535522460938 -0.0357627868652344 -0.0131855010986328 -0.0316848754882813
-0.01422119140625 -0.03790283203125 0.0402984619140625 0.0270614624023438
-0.0329093933105469 -0.00862884521484375 0.0787811279296875 -0.0157623291015625
-0.0265941619873047 0.0163822174072266 0.056488037109375 -0.0691146850585938
-0.00712013244628906 0.0306739807128906 0.01141357421875 -0.0970611572265625
-0.00280570983886719 0.0242900848388672 -0.0340728759765625 -0.090606689453125
-0.00513458251953125 0.0191593170166016 -0.0373153686523437 -0.0685310363769531
-0.00826072692871094 0.0194454193115234 -0.0389556884765625 -0.0561447143554688
-0.0175495147705078 0.00833988189697265 -0.0300750732421875 -0.0549736022949219
-0.0179939270019531 -0.012847900390625 -0.0258903503417969 -0.0589866638183594
0.00482559204101563 -0.03515625 -0.0162582397460938 -0.0770416259765625
0.0424766540527344 -0.0210990905761719 0.00580596923828125 -0.0903854370117188
0.0616989135742188 0.0139656066894531 -0.00268554687500001 -0.121559143066406
0.0572013854980469 0.0507125854492188 -0.0115509033203125 -0.148147583007813
0.05194091796875 0.0810165405273438 0.0640640258789063 -0.115165710449219
0.0471611022949219 0.0112075805664063 -0.00205039978027344 -0.0272045135498047
0.0299129486083984 -0.0115718841552734 0.0473251342773437 0.0369033813476563
0.00701618194580078 -0.0172863006591797 0.0901641845703125 -0.009979248046875
-0.00105667114257813 -0.011688232421875 0.0699043273925781 -0.0696792602539063
-0.00779151916503906 -0.00522756576538086 0.01629638671875 -0.102378845214844
-0.0165567398071289 -0.00997543334960938 -0.0328903198242187 -0.0926971435546875
-0.0135612487792969 -0.0150337219238281 -0.0356979370117187 -0.0646018981933594
-0.0178775787353516 -0.0167255401611328 -0.03863525390625 -0.0529212951660156
-0.0114879608154297 -0.0249195098876953 -0.0331344604492188 -0.0495491027832031
0.00870895385742188 -0.03680419921875 -0.0284423828125 -0.0513229370117188
0.0432777404785156 -0.0344085693359375 -0.0183029174804688 -0.0709457397460938
0.0719223022460937 0.0146102905273437 -7.62939453124867E-05 -0.080718994140625
0.07275390625 0.059906005859375 -0.0048065185546875 -0.1064453125
0.0471267700195312 0.106468200683594 -0.00798797607421874 -0.124359130859375
0.0329666137695313 0.131202697753906 0.0789108276367188 -0.0830078125
0.0523490905761719 0.0634307861328125 0.00868988037109375 -0.00901031494140625
0.0706100463867188 0.027374267578125 0.0509185791015625 0.0554389953613281
0.0528297424316406 -0.0172042846679688 0.0980453491210938 0.00588226318359375
0.031890869140625 -0.0357551574707031 0.0819625854492188 -0.0575637817382813
-0.0026092529296875 -0.0422592163085937 0.02459716796875 -0.0957794189453125
-0.0256385803222656 -0.0444564819335937 -0.0253677368164062 -0.0834884643554688
-0.0195732116699219 -0.04754638671875 -0.0292167663574219 -0.0507850646972656
-0.0277214050292969 -0.0501480102539063 -0.0332565307617188 -0.0390434265136719
-0.00952529907226562 -0.0555801391601563 -0.0348224639892578 -0.0335216522216797
0.0275650024414063 -0.0604286193847656 -0.0321807861328125 -0.0356216430664063
0.07196044921875 -0.0405426025390625 -0.0256881713867187 -0.0591621398925781
0.097747802734375 0.0369415283203125 -0.00781249999999999 -0.0688629150390625
0.0828857421875 0.0909576416015625 -0.00406646728515624 -0.0854721069335938
0.0358123779296875 0.144515991210938 -0.00717163085937501 -0.0839996337890625
0.006500244140625 0.1595458984375 0.08465576171875 -0.0339431762695312
0.0440521240234375 0.107681274414063 0.0156059265136719 0.0212745666503906
0.0967864990234375 0.0696487426757813 0.0476455688476563 0.0764999389648437
0.0922622680664063 -0.0072784423828125 0.0973129272460938 0.0288619995117188
0.0643844604492188 -0.0503158569335938 0.0876312255859375 -0.0342330932617188
0.00785064697265625 -0.0715789794921875 0.0329971313476563 -0.0768890380859375
-0.0290069580078125 -0.0719223022460938 -0.0133171081542969 -0.0642127990722656
-0.0225067138671875 -0.0722503662109375 -0.0183124542236328 -0.0289268493652344
-0.0348281860351563 -0.0749969482421875 -0.0248603820800781 -0.0170269012451172
-0.0102081298828125 -0.0775985717773438 -0.032867431640625 -0.0103931427001953
0.037841796875 -0.0800628662109375 -0.0342502593994141 -0.0142574310302734
0.0879058837890625 -0.0482101440429688 -0.031829833984375 -0.0425338745117187
0.113296508789062 0.0481338500976562 -0.0150108337402344 -0.0561752319335938
0.0856475830078125 0.107261657714844 0.00185775756835937 -0.0619926452636719
0.02252197265625 0.161590576171875 -0.00806427001953125 -0.0367774963378906
-0.0217132568359375 0.159149169921875 0.07794189453125 0.0241546630859375
0.0214080810546875 0.131095886230469 0.0170326232910156 0.0574188232421875
0.097015380859375 0.105148315429688 0.0369186401367188 0.0946731567382813
0.113655090332031 0.0114059448242188 0.084869384765625 0.0531539916992187
0.0874710083007813 -0.0504837036132813 0.0826339721679688 -0.00485992431640625
0.01959228515625 -0.0872573852539063 0.0371894836425781 -0.0471954345703125
-0.0274505615234375 -0.0872802734375 0.00054550170898437 -0.035980224609375
-0.0225067138671875 -0.0857162475585937 -0.00527429580688477 -0.00322437286376954
-0.0379104614257812 -0.0888519287109375 -0.0125513076782227 0.00850677490234375
-0.0104904174804687 -0.0899734497070313 -0.0279445648193359 0.0163688659667969
0.0437469482421875 -0.0890579223632813 -0.0334415435791016 0.00864219665527343
0.094268798828125 -0.0484695434570312 -0.0361099243164062 -0.0241889953613281
0.11358642578125 0.0564956665039063 -0.0190086364746094 -0.0434913635253906
0.07452392578125 0.113296508789063 0.0114097595214844 -0.0380706787109375
0.00375366210937501 0.15765380859375 -0.00939178466796875 0.0121250152587891
-0.04412841796875 0.130332946777344 0.0645751953125 0.078948974609375
-0.00820922851562501 0.125762939453125 0.0143203735351562 0.0910873413085938
0.0727005004882813 0.11932373046875 0.0230712890625 0.103240966796875
0.10894775390625 0.0306930541992188 0.0638656616210937 0.0704879760742187
0.0937576293945313 -0.0385208129882813 0.0670890808105469 0.0231399536132812
0.0278091430664063 -0.0860366821289062 0.03759765625 -0.0141105651855469
-0.021697998046875 -0.0889663696289062 0.0144033432006836 -0.00478363037109376
-0.0184860229492187 -0.0861434936523438 0.00860786437988281 0.0221652984619141
-0.0344085693359375 -0.0906143188476563 0.000967025756835933 0.0345230102539062
-0.0081024169921875 -0.0904541015625 -0.0206832885742187 0.0422325134277344
0.0470657348632812 -0.0863571166992188 -0.0322589874267578 0.0304088592529297
0.0931777954101563 -0.04058837890625 -0.0401191711425781 -0.0066375732421875
0.100578308105469 0.0643157958984375 -0.0226402282714844 -0.0327835083007812
0.0511627197265625 0.11126708984375 0.0194854736328125 -0.0161571502685547
-0.0184249877929688 0.136146545410156 -0.0137748718261719 0.0573959350585938
-0.056610107421875 0.0769729614257813 0.0450057983398438 0.120651245117188
-0.0322113037109375 0.0931015014648438 0.00820159912109374 0.115989685058594
0.0351181030273438 0.1055908203125 0.0106124877929688 0.101860046386719
0.0816268920898438 0.0402603149414063 0.0416259765625 0.078704833984375
0.0792160034179688 -0.0208587646484375 0.0474357604980469 0.0431594848632812
0.02911376953125 -0.0689125061035156 0.0337543487548828 0.0167102813720703
-0.0126876831054688 -0.0751724243164062 0.0261726379394531 0.0248432159423828
-0.0122833251953125 -0.0736236572265625 0.0221519470214844 0.0452728271484375
-0.0251388549804688 -0.0803451538085938 0.0141410827636719 0.0586700439453125
-0.00270843505859375 -0.0795974731445313 -0.0153846740722656 0.0660667419433594
0.047210693359375 -0.07330322265625 -0.0333938598632812 0.0494499206542969
0.0835342407226563 -0.0264129638671875 -0.0460014343261719 0.00791931152343749
0.0762863159179688 0.0685806274414063 -0.0270977020263672 -0.0246791839599609
0.019500732421875 0.0991134643554688 0.0228176116943359 0.00424003601074219
-0.04156494140625 0.0977325439453125 -0.0242156982421875 0.0933609008789062
-0.0586624145507813 0.011260986328125 0.029632568359375 0.141067504882813
-0.0487442016601563 0.0431022644042969 0.00544738769531251 0.126091003417969
-0.00376510620117187 0.0698165893554688 0.00329589843750001 0.0922088623046875
0.0412559509277344 0.0374603271484375 0.0243377685546875 0.0789947509765625
0.0501289367675781 -0.0024261474609375 0.0304412841796875 0.0544967651367188
0.0246810913085938 -0.0412025451660156 0.0309486389160156 0.0388145446777344
-0.00258636474609374 -0.0498161315917969 0.0351486206054688 0.0458641052246094
-0.00356292724609375 -0.0504684448242188 0.0319557189941406 0.0603675842285156
-0.0115928649902344 -0.0584754943847656 0.0231094360351562 0.07769775390625
0.00365829467773437 -0.0584716796875 -0.0127334594726563 0.0848617553710938
0.0420570373535156 -0.0513916015625 -0.0383682250976563 0.0643730163574219
0.0649223327636719 -0.0101280212402344 -0.0552597045898437 0.0191001892089844
0.0447044372558594 0.0645332336425781 -0.0341033935546875 -0.0203533172607422
-0.0135421752929687 0.0745010375976562 0.0183086395263672 0.0186958312988281
-0.0582084655761719 0.0459632873535156 -0.0408782958984375 0.115913391113281
0.0615005493164063 0.0198440551757813 0.0418624877929688 -0.132301330566406
0.0291175842285156 -0.0384750366210938 -0.0148849487304688 -0.0309562683105469
-0.016082763671875 -0.0388908386230469 0.043121337890625 0.0278053283691406
-0.035552978515625 -0.00755310058593749 0.082763671875 -0.0173568725585937
-0.0276298522949219 0.0180931091308594 0.0586776733398438 -0.072265625
-0.00562477111816407 0.0329132080078125 0.0110855102539063 -0.101539611816406
-0.000597000122070311 0.025634765625 -0.0370254516601562 -0.0936203002929687
-0.00400543212890625 0.0196685791015625 -0.0402374267578125 -0.0709381103515625
-0.00671005249023438 0.0202465057373047 -0.0416717529296875 -0.0577392578125
-0.0164213180541992 0.00926971435546875 -0.0328445434570313 -0.0566215515136719
-0.0188484191894531 -0.0123023986816406 -0.0288009643554687 -0.0615081787109375
0.003143310546875 -0.0364952087402344 -0.0183258056640625 -0.0808334350585938
0.0432662963867188 -0.0235099792480469 0.00635528564453125 -0.0946884155273438
0.0646018981933594 0.0127716064453125 -0.00402069091796876 -0.125740051269531
0.0609855651855469 0.0509147644042969 -0.0152740478515625 -0.153106689453125
0.0564117431640625 0.0822830200195313 0.0635147094726562 -0.120681762695312
0.048492431640625 0.0108642578125 -0.00372505187988281 -0.0268497467041016
0.0303211212158203 -0.0127010345458984 0.0502891540527344 0.0388069152832031
0.00609493255615235 -0.0174055099487305 0.0941696166992187 -0.0111007690429688
-0.00211811065673828 -0.0111207962036133 0.0724716186523438 -0.0727081298828125
-0.00757884979248047 -0.00403356552124023 0.0159378051757813 -0.106285095214844
-0.0159969329833984 -0.00940227508544922 -0.0358123779296875 -0.0957107543945313
-0.0141086578369141 -0.0150690078735352 -0.0380973815917969 -0.06646728515625
-0.0181312561035156 -0.0164413452148438 -0.0412521362304687 -0.0543289184570313
-0.0112323760986328 -0.0246829986572266 -0.0359115600585938 -0.0510444641113281
0.00839996337890625 -0.0368576049804688 -0.031036376953125 -0.0536041259765625
0.0433120727539062 -0.0361785888671875 -0.02093505859375 -0.0751495361328125
0.0740814208984375 0.0136871337890625 0.000129699707031257 -0.0842437744140625
0.0759506225585937 0.0599212646484375 -0.00615692138671875 -0.110710144042969
0.0517959594726563 0.109420776367188 -0.011322021484375 -0.128753662109375
0.037628173828125 0.134536743164063 0.079559326171875 -0.0887985229492187
0.0553512573242188 0.0647010803222656 0.00670480728149414 -0.00813150405883789
0.073883056640625 0.0266571044921875 0.0546913146972656 0.0583915710449219
0.0534133911132813 -0.01885986328125 0.103172302246094 0.00534820556640625
0.0316085815429688 -0.0374374389648438 0.0851287841796875 -0.0609130859375
-0.00283050537109375 -0.0423851013183594 0.0243759155273438 -0.100250244140625
-0.0268135070800781 -0.0439338684082031 -0.0277786254882812 -0.0863494873046875
-0.0211753845214844 -0.0486831665039063 -0.0306282043457031 -0.05255126953125
-0.0290603637695312 -0.0507011413574219 -0.0361328125 -0.0395660400390625
-0.00992584228515625 -0.0561370849609375 -0.0374031066894531 -0.0339279174804688
0.0273818969726562 -0.0620613098144531 -0.0349884033203125 -0.0369224548339844
0.0732574462890625 -0.0433425903320313 -0.0283851623535156 -0.0629386901855469
0.101860046386719 0.0362625122070313 -0.00907897949218749 -0.072662353515625
0.0869369506835938 0.0923080444335938 -0.00508880615234375 -0.08880615234375
0.0403289794921875 0.149398803710938 -0.00952911376953125 -0.087371826171875
0.010528564453125 0.165069580078125 0.0865325927734375 -0.0373916625976562
0.0468368530273437 0.111358642578125 0.0145664215087891 0.0226802825927734
0.101730346679688 0.0702896118164063 0.051788330078125 0.0802459716796875
0.0948028564453125 -0.0091552734375 0.102523803710937 0.0290756225585938
0.0650482177734375 -0.0538330078125 0.0913009643554687 -0.0376129150390625
0.00682830810546875 -0.0729293823242188 0.0325164794921875 -0.0802688598632812
-0.0311126708984375 -0.07232666015625 -0.0152816772460938 -0.0662879943847656
-0.02459716796875 -0.0738601684570313 -0.0191402435302734 -0.0301036834716797
-0.0375213623046875 -0.07574462890625 -0.0266742706298828 -0.0171375274658203
-0.0116119384765625 -0.0789718627929688 -0.0351428985595703 -0.00949478149414063
0.0377273559570313 -0.0826568603515625 -0.0369911193847656 -0.0150794982910156
0.0900344848632813 -0.05157470703125 -0.0350189208984375 -0.0455284118652344
0.117866516113281 0.0478668212890625 -0.0165252685546875 -0.058929443359375
0.0900497436523438 0.109336853027344 0.000812530517578128 -0.0652236938476563
0.0266265869140625 0.1676025390625 -0.00939178466796875 -0.0384101867675781
-0.0192413330078125 0.16558837890625 0.0811233520507812 0.0228271484375
0.02362060546875 0.136077880859375 0.0164909362792969 0.0596427917480469
0.103416442871094 0.107505798339844 0.0416107177734375 0.0991973876953125
0.117424011230469 0.00983428955078125 0.09002685546875 0.0547409057617188
0.08966064453125 -0.0545196533203125 0.0863876342773438 -0.00652313232421875
0.018035888671875 -0.0902023315429688 0.0373954772949219 -0.0499687194824219
-0.0300674438476563 -0.088714599609375 -0.000324249267578124 -0.0377120971679688
-0.0249786376953125 -0.0882034301757813 -0.00532150268554688 -0.00367927551269532
-0.0409469604492188 -0.0906143188476563 -0.0130510330200195 0.00971889495849609
-0.0126419067382812 -0.0912933349609375 -0.0295810699462891 0.0177516937255859
0.0432052612304687 -0.09271240234375 -0.0358848571777344 0.00879287719726562
0.0964813232421875 -0.0518951416015625 -0.0391921997070312 -0.0263290405273438
0.118865966796875 0.0560302734375 -0.0209388732910156 -0.0461616516113281
0.0788421630859375 0.1158447265625 0.0114173889160156 -0.0408210754394531
0.0074462890625 0.164520263671875 -0.00965690612792969 0.0128078460693359
-0.0432586669921875 0.135780334472656 0.067962646484375 0.0794677734375
-0.00656890869140626 0.131202697753906 0.0140304565429687 0.0944061279296875
0.07855224609375 0.122665405273438 0.0260467529296875 0.108863830566406
0.113395690917969 0.0297164916992188 0.0683822631835938 0.0736312866210938
0.0965576171875 -0.0427322387695313 0.071197509765625 0.0228500366210937
0.027191162109375 -0.0892791748046875 0.0383033752441406 -0.0154037475585938
-0.02484130859375 -0.0900802612304688 0.0145168304443359 -0.00544548034667969
-0.0217437744140625 -0.0888290405273437 0.0102024078369141 0.0228118896484375
-0.038360595703125 -0.09259033203125 0.0012969970703125 0.0365829467773437
-0.0103988647460937 -0.0922012329101563 -0.0218734741210938 0.0446891784667969
0.046173095703125 -0.090850830078125 -0.0340251922607422 0.0311489105224609
0.0950927734375 -0.0440216064453125 -0.0429039001464844 -0.00785446166992188
0.106346130371094 0.0649261474609375 -0.0246315002441406 -0.0347652435302734
0.0548782348632813 0.114006042480469 0.0199241638183594 -0.0184593200683594
-0.0163116455078125 0.141983032226563 -0.0135726928710938 0.0595664978027344
-0.05718994140625 0.0815963745117187 0.0485610961914062 0.123359680175781
-0.0327224731445313 0.0976715087890625 0.00871276855468751 0.119453430175781
0.0391845703125 0.10943603515625 0.012725830078125 0.106651306152344
0.0855636596679687 0.0400390625 0.0444869995117188 0.0823745727539063
0.0827178955078125 -0.02435302734375 0.0502204895019531 0.0445785522460938
0.0288467407226563 -0.0719833374023438 0.0351028442382813 0.0170726776123047
-0.015869140625 -0.076568603515625 0.0276699066162109 0.0246009826660156
-0.0147247314453125 -0.0764007568359375 0.0242958068847656 0.0460472106933594
-0.0289993286132812 -0.082000732421875 0.0151138305664063 0.061065673828125
-0.00492095947265625 -0.0814666748046875 -0.0157699584960938 0.0694694519042969
0.0466537475585938 -0.0773696899414063 -0.0347862243652344 0.0508995056152344
0.0865402221679688 -0.0294189453125 -0.0483741760253906 0.00806808471679688
0.0817413330078125 0.0700149536132813 -0.0294036865234375 -0.0259838104248047
0.021636962890625 0.102691650390625 0.0235099792480469 0.00244522094726563
-0.04119873046875 0.102142333984375 -0.0237808227539063 0.0974807739257813
-0.0610198974609375 0.01348876953125 0.03277587890625 0.144760131835938
-0.0497894287109375 0.0461044311523437 0.00640869140624999 0.129676818847656
-0.0018157958984375 0.0731658935546875 0.00452423095703124 0.0962371826171875
0.043609619140625 0.0375785827636719 0.0266647338867188 0.082122802734375
0.0526237487792969 -0.00446701049804688 0.0337295532226563 0.0566520690917969
0.0243263244628906 -0.0433158874511719 0.0327949523925781 0.0399055480957031
-0.00497055053710937 -0.0510177612304687 0.0371665954589844 0.0464935302734375
-0.005950927734375 -0.0527572631835938 0.034820556640625 0.0620079040527344
-0.0146598815917969 -0.0602607727050781 0.0251846313476563 0.0808029174804687
0.00194549560546875 -0.0604934692382812 -0.0124130249023438 0.0888137817382813
0.0418586730957031 -0.055145263671875 -0.0398330688476563 0.0666961669921875
0.0674247741699219 -0.01263427734375 -0.0574722290039063 0.019989013671875
0.0486946105957031 0.0661277770996094 -0.0367965698242188 -0.0214118957519531
-0.0128860473632813 0.0781021118164063 0.019256591796875 0.0175590515136719
-0.0595436096191406 0.04901123046875 -0.040802001953125 0.120292663574219
0.0656318664550781 0.0171775817871094 0.0371932983398437 -0.139427185058594
0.0282325744628906 -0.0415611267089844 -0.0176315307617188 -0.0294952392578125
-0.0189056396484375 -0.0395240783691406 0.0471267700195313 0.0278778076171875
-0.0380744934082031 -0.00500488281250001 0.086181640625 -0.0203475952148438
-0.0280342102050781 0.0216770172119141 0.0591506958007813 -0.0772857666015625
-0.00316619873046875 0.0350608825683594 0.00880432128906251 -0.106796264648437
0.00226020812988281 0.0264759063720703 -0.0425643920898438 -0.0962066650390625
-0.00250244140625 0.0207080841064453 -0.0453872680664062 -0.072509765625
-0.00543594360351563 0.0210762023925781 -0.0467872619628906 -0.0587730407714844
-0.015167236328125 0.0108022689819336 -0.0369720458984375 -0.0578575134277344
-0.0198459625244141 -0.0110225677490234 -0.0340843200683594 -0.0639877319335938
0.000621795654296872 -0.0379600524902344 -0.023834228515625 -0.0851058959960938
0.0432586669921875 -0.0269660949707031 0.00399017333984375 -0.0999221801757812
0.0673255920410156 0.00998306274414063 -0.0081787109375 -0.131301879882813
0.0664291381835938 0.0499763488769531 -0.022979736328125 -0.158554077148438
0.063568115234375 0.0823745727539063 0.0594253540039063 -0.12921142578125
0.0504646301269531 0.00836944580078125 -0.00658988952636718 -0.0260181427001953
0.0301914215087891 -0.0145816802978516 0.0558509826660156 0.0395622253417969
0.00426292419433594 -0.0172863006591797 0.099395751953125 -0.0150222778320313
-0.00295543670654297 -0.0103549957275391 0.073150634765625 -0.0790863037109375
-0.00716924667358398 -0.00269842147827148 0.0129776000976563 -0.111709594726563
-0.0157108306884766 -0.00863361358642578 -0.0412826538085938 -0.0983047485351563
-0.0140857696533203 -0.014613151550293 -0.0428924560546875 -0.0684356689453125
-0.0188713073730469 -0.01641845703125 -0.0462303161621094 -0.0551643371582031
-0.0113277435302734 -0.0246257781982422 -0.0401420593261719 -0.0519790649414063
0.00770950317382813 -0.0373916625976563 -0.0358200073242188 -0.0561714172363281
0.0426788330078125 -0.0395660400390625 -0.026123046875 -0.0787811279296875
0.0771102905273438 0.0106201171875 -0.00298309326171874 -0.0888442993164063
0.0817718505859375 0.0590591430664063 -0.0105209350585937 -0.115364074707031
0.0593795776367188 0.111640930175781 -0.0181884765625 -0.1331787109375
0.0465240478515625 0.138145446777344 0.077667236328125 -0.0969085693359375
0.0603866577148438 0.0654487609863281 0.00471830368041993 -0.00715589523315429
0.0781173706054688 0.0240936279296875 0.0613174438476563 0.0595474243164063
0.0536270141601562 -0.0214157104492187 0.109481811523438 0.00128936767578125
0.0302925109863281 -0.0397987365722656 0.0871963500976563 -0.0674819946289063
-0.00442123413085937 -0.0422821044921875 0.0212936401367187 -0.105628967285156
-0.0283660888671875 -0.0436286926269531 -0.0329971313476562 -0.0887680053710938
-0.0231742858886719 -0.0493240356445313 -0.0343971252441406 -0.0541572570800781
-0.0321311950683594 -0.050750732421875 -0.0399742126464844 -0.0398826599121094
-0.0118217468261719 -0.0571022033691406 -0.0415725708007812 -0.0337905883789063
0.0257720947265625 -0.0647697448730469 -0.0398025512695313 -0.0381965637207031
0.07391357421875 -0.0482101440429688 -0.0336723327636719 -0.0660667419433594
0.107017517089844 0.03314208984375 -0.0116500854492187 -0.0766525268554688
0.0937042236328125 0.0918807983398438 -0.00865936279296875 -0.0934524536132813
0.0495147705078125 0.15435791015625 -0.0145721435546875 -0.09063720703125
0.0196990966796875 0.171646118164063 0.0875244140625 -0.044189453125
0.053192138671875 0.114120483398437 0.0140628814697266 0.0239944458007813
0.109970092773438 0.0682754516601563 0.0591964721679688 0.0834426879882812
0.097900390625 -0.0138931274414063 0.109718322753906 0.027069091796875
0.0644073486328125 -0.0590362548828125 0.09466552734375 -0.0431900024414063
0.00388336181640625 -0.074920654296875 0.03082275390625 -0.0852203369140625
-0.0357818603515625 -0.0722885131835938 -0.0193901062011719 -0.0685806274414063
-0.0291213989257813 -0.075286865234375 -0.0213031768798828 -0.0308380126953125
-0.04266357421875 -0.0769119262695313 -0.0290927886962891 -0.0158309936523438
-0.0154037475585937 -0.0807876586914063 -0.0378341674804688 -0.00820922851562501
0.03497314453125 -0.086456298828125 -0.0403900146484375 -0.0149459838867188
0.091339111328125 -0.0579986572265625 -0.0400314331054688 -0.0477828979492188
0.125473022460938 0.0438232421875 -0.0197105407714844 -0.0621070861816406
0.0980148315429687 0.109687805175781 -0.00147247314453125 -0.0688362121582031
0.0363006591796875 0.17425537109375 -0.0124588012695312 -0.0389976501464844
-0.011688232421875 0.17352294921875 0.0844268798828125 0.018402099609375
0.0299835205078125 0.14154052734375 0.0172271728515625 0.0621337890625
0.113624572753906 0.107025146484375 0.0487136840820313 0.103462219238281
0.122489929199219 0.00556182861328125 0.097808837890625 0.0542221069335938
0.090850830078125 -0.0613174438476563 0.0909805297851563 -0.0106887817382813
0.015045166015625 -0.0931625366210938 0.0369911193847656 -0.0540084838867188
-0.0356063842773437 -0.0895309448242188 -0.0024566650390625 -0.0393333435058594
-0.0304183959960937 -0.0903549194335938 -0.0050511360168457 -0.00410842895507813
-0.047027587890625 -0.0918655395507813 -0.0140867233276367 0.0115880966186523
-0.0173187255859375 -0.0938186645507812 -0.0306625366210938 0.0201339721679687
0.0398712158203125 -0.09796142578125 -0.0383415222167969 0.00976943969726563
0.0979385375976563 -0.058990478515625 -0.0436058044433594 -0.0276832580566406
0.127021789550781 0.0532989501953125 -0.0240974426269531 -0.0484123229980469
0.0867156982421875 0.117301940917969 0.00999832153320313 -0.043701171875
0.01544189453125 0.171707153320313 -0.00998401641845703 0.0138397216796875
-0.038818359375 0.144134521484375 0.0738067626953125 0.0789413452148438
-0.00247955322265624 0.137809753417969 0.0163116455078125 0.0980377197265625
0.0886764526367188 0.1246337890625 0.032501220703125 0.113540649414063
0.119468688964844 0.026123046875 0.0756149291992188 0.07501220703125
0.0983810424804688 -0.0493698120117188 0.0758895874023438 0.0206756591796875
0.0239944458007812 -0.093414306640625 0.0390129089355469 -0.0173530578613281
-0.030364990234375 -0.0916519165039062 0.0143880844116211 -0.00688362121582032
-0.0271987915039062 -0.09130859375 0.0119457244873047 0.0230808258056641
-0.0448455810546875 -0.0938568115234375 0.00282287597656249 0.0386962890625
-0.0153884887695312 -0.0947647094726563 -0.0216484069824219 0.0481147766113281
0.0428314208984375 -0.0965576171875 -0.0351314544677734 0.0332584381103516
0.09735107421875 -0.0507659912109375 -0.0463638305664062 -0.00799560546874999
0.114006042480469 0.0631561279296875 -0.0274734497070312 -0.035797119140625
0.0615768432617187 0.117355346679687 0.0201129913330078 -0.0213108062744141
-0.0107269287109375 0.14935302734375 -0.0118370056152344 0.0628242492675782
-0.0567169189453125 0.087860107421875 0.055389404296875 0.125175476074219
-0.0306167602539063 0.104515075683594 0.01226806640625 0.123977661132813
0.0473098754882813 0.113288879394531 0.0171890258789063 0.111717224121094
0.0911026000976563 0.0376052856445313 0.0507888793945313 0.0849075317382813
0.0850067138671875 -0.0302200317382813 0.0558280944824219 0.04449462890625
0.0264816284179688 -0.076507568359375 0.0369834899902344 0.0161018371582031
-0.0205078125 -0.07806396484375 0.0297260284423828 0.0240535736083984
-0.020233154296875 -0.079132080078125 0.0281295776367188 0.0465126037597656
-0.0347518920898438 -0.08367919921875 0.0186805725097656 0.0640335083007813
-0.00962829589843751 -0.0841827392578125 -0.01373291015625 0.0736770629882813
0.0441131591796875 -0.0833587646484375 -0.0353851318359375 0.0540122985839844
0.0889663696289062 -0.03485107421875 -0.0515098571777344 0.00929641723632812
0.0888671875 0.069610595703125 -0.0324649810791015 -0.0263767242431641
0.0272598266601562 0.106208801269531 0.0249214172363281 0.000303268432617194
-0.038787841796875 0.10919189453125 -0.0204849243164062 0.102516174316406
-0.0636329650878906 0.0169105529785156 0.040679931640625 0.148483276367188
-0.0501785278320313 0.0509490966796875 0.01043701171875 0.134292602539063
0.00259399414062501 0.0770111083984375 0.00766754150390625 0.101455688476563
0.0477714538574219 0.0368843078613281 0.0312423706054687 0.0854110717773437
0.0546417236328125 -0.00802230834960938 0.0386543273925781 0.0577888488769531
0.0228500366210938 -0.0465736389160156 0.0359992980957031 0.040069580078125
-0.00865936279296875 -0.0524826049804688 0.0409049987792969 0.0464820861816406
-0.00953292846679688 -0.0547561645507813 0.0395584106445313 0.0629730224609375
-0.0193061828613281 -0.0624008178710937 0.0297470092773437 0.0838470458984375
-0.00168228149414063 -0.0633773803710937 -0.009857177734375 0.0938720703125
0.0402870178222656 -0.0601005554199219 -0.039703369140625 0.0704193115234375
0.0703582763671875 -0.0168075561523438 -0.0598297119140625 0.0221176147460938
0.0548858642578125 0.0672988891601563 -0.040313720703125 -0.021484375
-0.00937652587890625 0.0830307006835938 0.0209121704101563 0.01556396484375
-0.0607147216796875 0.0542221069335937 -0.0368423461914063 0.127120971679688
0.0690269470214844 0.0123062133789062 0.0284423828125 -0.144943237304688
0.0258255004882813 -0.04461669921875 -0.0202903747558594 -0.0272789001464844
-0.0228385925292969 -0.0394096374511719 0.0506935119628906 0.0266342163085937
-0.0399436950683594 -0.00164413452148438 0.08843994140625 -0.0260391235351562
-0.0273952484130859 0.0261440277099609 0.056732177734375 -0.0828170776367188
0.000675201416015628 0.0368232727050781 0.00285339355468749 -0.110374450683594
0.00562286376953125 0.0263786315917969 -0.05010986328125 -0.0965728759765625
7.05718994140603E-05 0.0211048126220703 -0.0524368286132813 -0.0718536376953125
-0.0031585693359375 0.0216274261474609 -0.0528488159179688 -0.0574455261230469
-0.0141706466674805 0.0122756958007813 -0.0427932739257813 -0.0577812194824219
-0.0201263427734375 -0.00895500183105469 -0.0405082702636719 -0.0637550354003906
-0.00316619873046875 -0.0389442443847656 -0.0305709838867187 -0.0868072509765625
0.0420570373535156 -0.0307807922363281 -0.000885009765625008 -0.103813171386719
0.0698204040527344 0.00570297241210938 -0.0157928466796875 -0.134635925292969
0.0721435546875 0.0465774536132813 -0.0345458984375 -0.160308837890625
0.0713272094726563 0.0792236328125 0.0511932373046875 -0.136482238769531
0.0519256591796875 0.00538253784179688 -0.00926589965820312 -0.0242195129394531
0.0299816131591797 -0.0172595977783203 0.0614166259765625 0.0377655029296875
0.00284099578857422 -0.0172538757324219 0.101959228515625 -0.02117919921875
-0.00422477722167969 -0.00890350341796875 0.0706787109375 -0.0857772827148438
-0.00609636306762695 -0.00156068801879883 0.00707244873046874 -0.116432189941406
-0.014796257019043 -0.00725269317626953 -0.0493392944335937 -0.0980606079101563
-0.0145845413208008 -0.0140600204467773 -0.0492706298828125 -0.0678367614746094
-0.0196952819824219 -0.0152168273925781 -0.05206298828125 -0.0534706115722656
-0.0121116638183594 -0.0237884521484375 -0.0452384948730469 -0.0509071350097656
0.00600051879882812 -0.03741455078125 -0.0420036315917969 -0.0556907653808594
0.0406455993652344 -0.0432014465332031 -0.0335464477539062 -0.080780029296875
0.0791473388671875 0.00597381591796875 -0.00729370117187499 -0.0925216674804688
0.0868911743164063 0.0545425415039062 -0.0176010131835938 -0.118156433105469
0.06903076171875 0.110618591308594 -0.0280685424804688 -0.135238647460938
0.05804443359375 0.138008117675781 0.071563720703125 -0.104835510253906
0.0659866333007813 0.0628738403320313 0.00302219390869141 -0.00594329833984375
0.0818862915039063 0.0184478759765625 0.0683975219726563 0.0579414367675781
0.0531692504882813 -0.0250129699707031 0.113395690917969 -0.004791259765625
0.0278549194335937 -0.0422172546386719 0.0855789184570313 -0.07550048828125
-0.00618362426757812 -0.0421524047851563 0.0157012939453125 -0.110206604003906
-0.0312690734863281 -0.0421562194824219 -0.0402297973632813 -0.0893478393554688
-0.0267753601074219 -0.0488548278808594 -0.0394401550292969 -0.0534896850585938
-0.0361328125 -0.0493736267089844 -0.04461669921875 -0.0377388000488281
-0.0147247314453125 -0.0567550659179688 -0.0454177856445313 -0.0318183898925781
0.022430419921875 -0.0668907165527344 -0.0446090698242188 -0.0374336242675781
0.0719528198242188 -0.0541763305664063 -0.0403327941894531 -0.067230224609375
0.111549377441406 0.0270309448242188 -0.016326904296875 -0.0788955688476563
0.101722717285156 0.0879669189453125 -0.0145034790039062 -0.0961990356445313
0.0621185302734375 0.155319213867188 -0.0215988159179688 -0.0918502807617187
0.0323486328125 0.174453735351563 0.0852203369140625 -0.0513916015625
0.06201171875 0.113960266113281 0.0138130187988281 0.0251140594482422
0.117912292480469 0.0617523193359375 0.0682220458984375 0.0825347900390625
0.0989761352539063 -0.0201568603515625 0.115829467773438 0.0218353271484375
0.06158447265625 -0.0643577575683594 0.0953216552734375 -0.0511093139648438
-0.000335693359374995 -0.075958251953125 0.0262451171875 -0.0898208618164063
-0.0404739379882813 -0.0708847045898437 -0.0245323181152344 -0.0692634582519531
-0.0349273681640625 -0.07568359375 -0.0238513946533203 -0.0312824249267578
-0.04833984375 -0.0751724243164063 -0.0317649841308594 -0.0142803192138672
-0.0199050903320312 -0.0808792114257812 -0.0405311584472656 -0.00588607788085939
0.0300521850585938 -0.0901107788085938 -0.0438957214355469 -0.0134201049804688
0.0895004272460937 -0.0649185180664062 -0.0459861755371094 -0.0482025146484375
0.13140869140625 0.0371246337890625 -0.023834228515625 -0.0638160705566406
0.107215881347656 0.105804443359375 -0.005950927734375 -0.0718154907226563
0.04931640625 0.176849365234375 -0.0155258178710937 -0.0390701293945312
0.000503540039062481 0.179306030273437 0.0871353149414063 0.0124740600585938
0.0394134521484375 0.143936157226563 0.0195693969726563 0.0637474060058594
0.124809265136719 0.101722717285156 0.0582199096679687 0.104141235351562
0.1259765625 -0.0024261474609375 0.105308532714844 0.0501632690429688
0.088531494140625 -0.0695953369140625 0.0936737060546875 -0.0176849365234375
0.00930023193359374 -0.0958938598632813 0.0345878601074219 -0.0578689575195313
-0.0419769287109375 -0.08782958984375 -0.0057373046875 -0.0404624938964844
-0.0373001098632813 -0.0905609130859375 -0.00524568557739258 -0.00420427322387696
-0.0550689697265625 -0.0900039672851563 -0.013758659362793 0.0135612487792969
-0.0237808227539063 -0.0936431884765625 -0.0310459136962891 0.0233001708984375
0.0338821411132813 -0.102508544921875 -0.0402679443359375 0.0122566223144531
0.0965499877929688 -0.0673599243164063 -0.0483283996582031 -0.0268821716308594
0.133949279785156 0.0465469360351562 -0.0280685424804687 -0.0489845275878906
0.0963897705078125 0.114936828613281 0.00768661499023438 -0.0474205017089844
0.0281829833984375 0.1756591796875 -0.00991058349609375 0.0157699584960938
-0.029632568359375 0.150680541992188 0.0795745849609375 0.0748519897460938
0.00595092773437499 0.142730712890625 0.0208663940429688 0.0998611450195313
0.100471496582031 0.122184753417969 0.042022705078125 0.115470886230469
0.124031066894531 0.0193634033203125 0.083343505859375 0.073150634765625
0.0974502563476563 -0.0581893920898438 0.0806350708007812 0.0157318115234375
0.0182113647460937 -0.097076416015625 0.0386466979980469 -0.0204696655273438
-0.0373077392578125 -0.0903854370117187 0.0136528015136719 -0.00840473175048829
-0.0346832275390625 -0.0920562744140625 0.0143623352050781 0.0224037170410156
-0.0527267456054688 -0.0928268432617187 0.0051116943359375 0.0405654907226563
-0.0223312377929688 -0.094879150390625 -0.0199966430664062 0.0516357421875
0.0364837646484375 -0.1015625 -0.035491943359375 0.0355987548828125
0.0963821411132812 -0.0595855712890625 -0.0499229431152344 -0.00602340698242188
0.121665954589844 0.0572128295898437 -0.0313835144042969 -0.0355415344238281
0.0704879760742188 0.116409301757813 0.0190963745117188 -0.0244407653808594
-0.000671386718749989 0.154754638671875 -0.00765609741210938 0.0653533935546875
-0.0524749755859375 0.0945053100585938 0.0645980834960937 0.123550415039063
-0.0248947143554687 0.109603881835938 0.0184402465820312 0.12652587890625
0.0572357177734375 0.113616943359375 0.0248031616210938 0.114669799804688
0.0962371826171875 0.0330276489257813 0.057952880859375 0.0844268798828125
0.0851516723632812 -0.0373687744140625 0.0611801147460938 0.0418052673339844
0.021636962890625 -0.0798797607421875 0.0387687683105469 0.0142250061035156
-0.0269317626953125 -0.0778121948242187 0.0314979553222656 0.0228309631347656
-0.0268783569335938 -0.0793533325195313 0.0321769714355469 0.0452232360839844
-0.042205810546875 -0.0832443237304688 0.0231742858886719 0.0656318664550781
-0.0160903930664063 -0.0851211547851563 -0.0103302001953125 0.0772781372070313
0.0382766723632812 -0.0884170532226563 -0.0340080261230469 0.057342529296875
0.0887527465820312 -0.043182373046875 -0.053863525390625 0.0114974975585938
0.0973281860351563 0.065582275390625 -0.035919189453125 -0.0261306762695312
0.0350189208984375 0.108123779296875 0.0254726409912109 -0.00301551818847656
-0.0324172973632813 0.115348815917969 -0.013946533203125 0.10638427734375
-0.0644149780273438 0.0222320556640625 0.0509490966796875 0.148529052734375
-0.048309326171875 0.0563011169433594 0.0178680419921875 0.136833190917969
0.00948333740234375 0.0799026489257813 0.013397216796875 0.104560852050781
0.0519027709960938 0.0342330932617188 0.038360595703125 0.0864028930664063
0.0559577941894531 -0.0130691528320313 0.0441932678222656 0.0569381713867188
0.0198822021484375 -0.0500831604003906 0.0396308898925781 0.03857421875
-0.0133132934570313 -0.0526008605957031 0.0450592041015625 0.0449943542480469
-0.0146560668945312 -0.0551795959472656 0.0451316833496094 0.0619049072265625
-0.0256385803222656 -0.0629234313964844 0.0368270874023438 0.0848617553710938
-0.00691604614257813 -0.0647506713867188 -0.00428009033203125 0.0979995727539063
0.0356903076171875 -0.0653457641601563 -0.0373992919921875 0.0751800537109375
0.0716018676757813 -0.0231475830078125 -0.061309814453125 0.0260734558105469
0.0625 0.0657997131347656 -0.0435905456542969 -0.0201301574707031
-0.004058837890625 0.0871124267578125 0.0225162506103516 0.0130786895751953
-0.0589370727539063 0.0600471496582031 -0.0290374755859375 0.132843017578125
0.0699920654296875 0.00648117065429687 0.0177001953125 -0.14544677734375
0.0224609375 -0.0465049743652344 -0.0217647552490234 -0.0237369537353516
-0.0261154174804687 -0.0372352600097656 0.0533370971679688 0.0238571166992187
-0.040435791015625 0.00179672241210938 0.0873489379882813 -0.0309829711914063
-0.0247306823730469 0.0295372009277344 0.0521240234375 -0.086456298828125
0.00517654418945313 0.036651611328125 -0.00329589843750001 -0.11151123046875
0.00928306579589844 0.0250625610351563 -0.055877685546875 -0.0925140380859375
0.00230979919433594 0.0207958221435547 -0.0575408935546875 -0.0681266784667969
-0.000329971313476562 0.0217418670654297 -0.0573387145996094 -0.0529136657714844
-0.0117979049682617 0.0135354995727539 -0.0470771789550781 -0.0543899536132813
-0.0199222564697266 -0.00684738159179687 -0.0456352233886719 -0.0616340637207031
-0.00669097900390625 -0.0377349853515625 -0.0368881225585937 -0.0853195190429688
0.038665771484375 -0.03326416015625 -0.00641632080078124 -0.104690551757812
0.0699462890625 0.000194549560546875 -0.0236587524414063 -0.133163452148438
0.075897216796875 0.04119873046875 -0.0453033447265625 -0.1558837890625
0.07684326171875 0.0731735229492188 0.0405120849609375 -0.138717651367188
0.0517807006835938 0.00118255615234375 -0.0112075805664062 -0.0213661193847656
0.0277614593505859 -0.0192584991455078 0.0643424987792969 0.0340843200683594
0.000929832458496093 -0.0161466598510742 0.101608276367188 -0.0272598266601563
-0.00462722778320313 -0.00699186325073242 0.065643310546875 -0.0903701782226563
-0.0041811466217041 -0.000123262405395508 -3.05175781249998E-05 -0.116928100585938
-0.0136499404907227 -0.00632476806640625 -0.055572509765625 -0.0943832397460938
-0.0145044326782227 -0.0136032104492187 -0.0543937683105469 -0.0644378662109375
-0.0197696685791016 -0.0133037567138672 -0.0562362670898438 -0.0495147705078125
-0.0121631622314453 -0.0228023529052734 -0.049407958984375 -0.0478782653808594
0.00403594970703125 -0.0369071960449219 -0.0467033386230469 -0.0533256530761719
0.036834716796875 -0.045074462890625 -0.0398406982421875 -0.0791549682617188
0.0784912109375 0.0004730224609375 -0.01251220703125 -0.0929107666015625
0.0896987915039063 0.0484619140625 -0.0240936279296875 -0.117149353027344
0.0771255493164062 0.105072021484375 -0.03729248046875 -0.131973266601563
0.0677413940429688 0.132400512695313 0.0632171630859375 -0.108688354492188
0.0691757202148437 0.0580787658691406 0.00127196311950684 -0.00424432754516601
0.0825347900390625 0.012298583984375 0.0731658935546875 0.0537948608398438
0.050537109375 -0.027252197265625 0.114471435546875 -0.0112991333007813
0.0243721008300781 -0.0424766540527344 0.0811386108398438 -0.0804901123046875
-0.00805282592773437 -0.0401687622070313 0.00879669189453126 -0.111175537109375
-0.0327224731445313 -0.0394706726074219 -0.0461273193359375 -0.086212158203125
-0.0294570922851562 -0.0469093322753906 -0.0433349609375 -0.0509567260742187
-0.0384597778320313 -0.0464019775390625 -0.0479736328125 -0.034210205078125
-0.017608642578125 -0.054901123046875 -0.0481109619140625 -0.0284461975097656
0.0184898376464844 -0.0669898986816406 -0.0483627319335937 -0.0348472595214844
0.0675239562988281 -0.0584259033203125 -0.0468177795410156 -0.0659370422363281
0.112846374511719 0.0195770263671875 -0.0204544067382813 -0.0790252685546875
0.106468200683594 0.08087158203125 -0.0201644897460937 -0.0952682495117188
0.072998046875 0.150543212890625 -0.0283126831054688 -0.088958740234375
0.0450592041015625 0.170516967773438 0.07989501953125 -0.05767822265625
0.0689163208007813 0.109970092773438 0.0135936737060547 0.0258502960205078
0.121871948242188 0.0526885986328125 0.0743942260742188 0.0778350830078125
0.0965194702148438 -0.02618408203125 0.118446350097656 0.0144729614257812
0.0563011169433594 -0.0679512023925781 0.0925979614257813 -0.057220458984375
-0.0047149658203125 -0.0746688842773438 0.020294189453125 -0.0911407470703125
-0.0438766479492187 -0.0665740966796875 -0.0298385620117188 -0.0673866271972656
-0.03924560546875 -0.0729827880859375 -0.0264148712158203 -0.0296955108642578
-0.0531768798828125 -0.0705642700195313 -0.0331230163574219 -0.0109977722167969
-0.0246429443359375 -0.0779876708984375 -0.0417289733886719 -0.0023040771484375
0.0237808227539062 -0.0905685424804687 -0.0467796325683594 -0.0109405517578125
0.0838699340820313 -0.0708694458007812 -0.0512542724609375 -0.0464935302734375
0.13299560546875 0.0282974243164063 -0.0276031494140625 -0.0633468627929688
0.113044738769531 0.0983505249023438 -0.0102005004882812 -0.0718841552734375
0.0616302490234375 0.173370361328125 -0.0184822082519531 -0.0375137329101562
0.01275634765625 0.177978515625 0.0859375 0.00564575195312501
0.048492431640625 0.1417236328125 0.0218009948730469 0.0629997253417969
0.131889343261719 0.0921478271484375 0.065093994140625 0.0998458862304688
0.124969482421875 -0.0108566284179688 0.109481811523438 0.0441131591796875
0.0825653076171875 -0.0754776000976563 0.0931854248046875 -0.0243453979492188
0.00286102294921874 -0.0951156616210938 0.0306739807128906 -0.0594863891601563
-0.04718017578125 -0.0834426879882813 -0.00910186767578125 -0.0400962829589844
-0.0435256958007812 -0.0876846313476563 -0.00604820251464844 -0.00446033477783204
-0.0609359741210938 -0.0852127075195312 -0.0132284164428711 0.0150432586669922
-0.0294265747070312 -0.0908355712890625 -0.030120849609375 0.0260200500488281
0.0260772705078125 -0.10284423828125 -0.040802001953125 0.0138969421386719
0.0908660888671875 -0.0736618041992188 -0.0524177551269531 -0.0248680114746094
0.1370849609375 0.0373458862304688 -0.0308837890625 -0.0483818054199219
0.103080749511719 0.108016967773437 0.00456619262695313 -0.0487442016601562
0.0401153564453125 0.173431396484375 -0.00864601135253906 0.0163755416870117
-0.0192108154296875 0.151840209960937 0.0829391479492188 0.0679168701171875
0.0147857666015625 0.142303466796875 0.0250396728515625 0.0985794067382813
0.109176635742188 0.114364624023438 0.0495529174804688 0.112785339355469
0.125068664550781 0.0110855102539063 0.0887451171875 0.06817626953125
0.0929031372070313 -0.0649566650390625 0.082489013671875 0.0104217529296875
0.0115203857421875 -0.09722900390625 0.0372810363769531 -0.0225906372070313
-0.0427169799804688 -0.0865325927734375 0.0127925872802734 -0.00871658325195313
-0.0414962768554688 -0.089111328125 0.0153236389160156 0.0207538604736328
-0.0599594116210938 -0.0878753662109375 0.00809478759765624 0.0409622192382812
-0.0286636352539062 -0.0922317504882813 -0.0169105529785156 0.0534095764160156
0.0284500122070313 -0.102752685546875 -0.0348472595214844 0.0371856689453125
0.0914764404296875 -0.0664749145507813 -0.0515785217285156 -0.004119873046875
0.1259765625 0.0484848022460937 -0.0337581634521484 -0.0343570709228516
0.0777053833007813 0.111717224121094 0.0172328948974609 -0.0270462036132812
0.00994873046875001 0.155029296875 -0.00360870361328125 0.0659828186035157
-0.0450363159179688 0.0977783203125 0.07147216796875 0.117507934570313
-0.0181427001953125 0.111770629882813 0.024139404296875 0.124847412109375
0.0658340454101563 0.108970642089844 0.0317764282226563 0.113227844238281
0.0985183715820313 0.0262832641601563 0.0637588500976563 0.0815887451171875
0.0819625854492188 -0.0437240600585938 0.0644149780273437 0.0372238159179688
0.015960693359375 -0.081085205078125 0.0396308898925781 0.0117340087890625
-0.0320663452148438 -0.0746688842773438 0.0321140289306641 0.0201740264892578
-0.0327835083007812 -0.0774002075195313 0.0351943969726563 0.0426902770996094
-0.049468994140625 -0.0789718627929688 0.0279121398925781 0.0640449523925781
-0.0223846435546875 -0.082977294921875 -0.0054473876953125 0.0791397094726563
0.0306396484375 -0.0906600952148437 -0.0318145751953125 0.0588455200195312
0.0855484008789062 -0.05029296875 -0.0541038513183594 0.0140876770019531
0.102447509765625 0.0587615966796875 -0.0377731323242187 -0.0242576599121094
0.0420150756835938 0.106216430664062 0.0250816345214844 -0.00634765624999999
-0.0242996215820313 0.117683410644531 -0.00640106201171875 0.106338500976563
-0.0626792907714844 0.0265464782714844 0.059783935546875 0.142974853515625
-0.04486083984375 0.0599098205566406 0.024261474609375 0.134788513183594
0.0160598754882813 0.0789871215820313 0.0185394287109375 0.104484558105469
0.0539398193359375 0.0305633544921875 0.0439071655273438 0.0847320556640625
0.0542449951171875 -0.0179786682128906 0.0490570068359375 0.0534706115722656
0.0158042907714844 -0.0512924194335938 0.0413856506347656 0.0362586975097656
-0.0174026489257812 -0.05059814453125 0.0475311279296875 0.0410652160644531
-0.0197715759277344 -0.0539627075195313 0.0496444702148438 0.0579795837402344
-0.0312576293945312 -0.060028076171875 0.043182373046875 0.082427978515625
-0.0124702453613281 -0.0637664794921875 0.00196838378906251 0.0988922119140625
0.0298233032226562 -0.0676994323730469 -0.0332794189453125 0.07659912109375
0.0693168640136719 -0.0293006896972656 -0.0604400634765625 0.0291595458984375
0.0681114196777344 0.061065673828125 -0.0452804565429688 -0.0174827575683594
0.00180816650390624 0.0876846313476563 0.0231056213378906 0.00974464416503907
-0.0548248291015625 0.0644111633300781 -0.019256591796875 0.1339111328125
0.0686416625976563 0.001678466796875 0.01092529296875 -0.142578125
0.019439697265625 -0.04693603515625 -0.0215816497802734 -0.0211963653564453
-0.0276412963867188 -0.0350990295410156 0.0536346435546875 0.0214157104492187
-0.0396919250488281 0.004974365234375 0.0858383178710937 -0.033935546875
-0.0225601196289063 0.0318202972412109 0.0486297607421875 -0.0866546630859375
0.008148193359375 0.0359077453613281 -0.0071563720703125 -0.110443115234375
0.011016845703125 0.0230827331542969 -0.0584259033203125 -0.088958740234375
0.0040740966796875 0.0198287963867188 -0.0597114562988281 -0.0641021728515625
0.00139045715332031 0.0206794738769531 -0.0591163635253906 -0.0490150451660156
-0.0100879669189453 0.0135326385498047 -0.0489120483398438 -0.0511054992675781
-0.0194015502929688 -0.00483322143554687 -0.0481758117675781 -0.0584831237792969
-0.00935745239257813 -0.0357856750488281 -0.0407562255859375 -0.08233642578125
0.0356712341308594 -0.0343666076660156 -0.00943756103515625 -0.103546142578125
0.0684318542480469 -0.00292205810546875 -0.0276107788085938 -0.129463195800781
0.0766983032226563 0.0362777709960938 -0.05010986328125 -0.149917602539062
0.078399658203125 0.066741943359375 0.0333328247070313 -0.136886596679688
0.0507545471191406 -0.00121688842773438 -0.0118618011474609 -0.0190372467041016
0.0254364013671875 -0.0199260711669922 0.0652694702148438 0.0307083129882813
-0.000694274902343749 -0.0145769119262695 0.0998611450195313 -0.0302200317382813
-0.0045475959777832 -0.00506305694580078 0.0612258911132812 -0.0906219482421875
-0.00260519981384277 0.000597238540649415 -0.00458526611328125 -0.115303039550781
-0.0120925903320313 -0.00594425201416015 -0.058563232421875 -0.0900421142578125
-0.0139312744140625 -0.0131864547729492 -0.0564117431640625 -0.0609970092773437
-0.0188026428222656 -0.0124893188476562 -0.0579566955566406 -0.0451583862304688
-0.0115489959716797 -0.0213718414306641 -0.0513877868652344 -0.0446701049804687
0.0035400390625 -0.0352592468261719 -0.0490608215332031 -0.0504951477050781
0.0330238342285156 -0.04461669921875 -0.0435943603515625 -0.0772247314453125
0.0760116577148437 -0.002593994140625 -0.0149002075195312 -0.0921707153320313
0.0890045166015625 0.0435562133789063 -0.0279998779296875 -0.11395263671875
0.0804824829101563 0.099639892578125 -0.041534423828125 -0.125923156738281
0.0723342895507813 0.125106811523438 0.0557098388671875 -0.109046936035156
0.0700759887695312 0.0538368225097656 0.00010776519775391 -0.00237584114074707
0.0808486938476563 0.0078887939453125 0.0750656127929688 0.0499191284179688
0.0472564697265625 -0.0286445617675781 0.112922668457031 -0.0152511596679688
0.0217552185058594 -0.0412826538085938 0.0771255493164063 -0.0822525024414063
-0.00815200805664062 -0.0380134582519531 0.00492095947265624 -0.109489440917969
-0.0322189331054688 -0.0369300842285156 -0.0492019653320312 -0.08245849609375
-0.0302963256835937 -0.0449447631835938 -0.0448684692382812 -0.0483207702636719
-0.0384902954101563 -0.0430831909179688 -0.0488624572753906 -0.0305290222167969
-0.0184402465820313 -0.0523834228515625 -0.0493049621582031 -0.0257377624511719
0.0157356262207031 -0.0650520324707031 -0.0507431030273437 -0.03240966796875
0.0629730224609375 -0.0597915649414062 -0.0504875183105468 -0.0637893676757813
0.110504150390625 0.014862060546875 -0.022918701171875 -0.078338623046875
0.106422424316406 0.0746231079101563 -0.023773193359375 -0.0929489135742188
0.078704833984375 0.143829345703125 -0.031463623046875 -0.0849533081054687
0.0518951416015625 0.164215087890625 0.0744400024414063 -0.0599746704101563
0.072052001953125 0.105171203613281 0.012481689453125 0.0263710021972656
0.121345520019531 0.0455703735351563 0.0766067504882813 0.0733642578125
0.0926361083984375 -0.0291976928710937 0.118087768554688 0.0102386474609375
0.0516204833984375 -0.0679092407226563 0.0889129638671875 -0.0601043701171875
-0.0072174072265625 -0.0717239379882813 0.0164260864257812 -0.0904083251953125
-0.0448722839355469 -0.0632209777832031 -0.0326614379882813 -0.0646705627441406
-0.0418052673339844 -0.0697517395019531 -0.0275707244873047 -0.0282154083251953
-0.0548324584960938 -0.0662612915039063 -0.0331745147705078 -0.0085906982421875
-0.0263137817382812 -0.074493408203125 -0.0418968200683594 -0.000247955322265638
0.0194320678710937 -0.0883331298828125 -0.0479049682617188 -0.00925445556640626
0.0785598754882813 -0.072723388671875 -0.0544395446777344 -0.0446586608886719
0.13140869140625 0.0222396850585937 -0.0291976928710938 -0.0628242492675781
0.113876342773438 0.0916213989257813 -0.012847900390625 -0.0710296630859375
0.0683135986328125 0.167022705078125 -0.0196399688720703 -0.0350494384765625
0.0203399658203125 0.172821044921875 0.0824432373046875 0.00130462646484376
0.052886962890625 0.13714599609375 0.0213813781738281 0.0623359680175781
0.133216857910156 0.0837631225585938 0.0688705444335938 0.0951995849609375
0.121498107910156 -0.0155715942382813 0.110244750976563 0.0399246215820313
0.0772628784179687 -0.07684326171875 0.0913848876953125 -0.0275802612304688
-0.00113677978515626 -0.092315673828125 0.0277290344238281 -0.0594673156738281
-0.0489883422851563 -0.0792388916015625 -0.0112838745117188 -0.0383148193359375
-0.046478271484375 -0.0842208862304688 -0.00640249252319336 -0.00454759597778321
-0.0638504028320313 -0.0797653198242188 -0.0124368667602539 0.0162324905395508
-0.032073974609375 -0.086639404296875 -0.0292778015136719 0.0274448394775391
0.0204696655273437 -0.101219177246094 -0.0418968200683594 0.0148429870605469
0.0853195190429688 -0.0762557983398437 -0.0543327331542969 -0.023284912109375
0.136268615722656 0.0309524536132813 -0.0318870544433594 -0.047637939453125
0.104896545410156 0.101631164550781 0.00253295898437501 -0.0491447448730469
0.0472869873046875 0.168594360351563 -0.00791835784912109 0.0165729522705078
-0.0124664306640625 0.148941040039063 0.0823974609375 0.0621719360351563
0.0202255249023437 0.139305114746094 0.0260848999023438 0.0960540771484375
0.112396240234375 0.107101440429688 0.0527114868164063 0.108535766601563
0.122489929199219 0.00554656982421875 0.0905380249023438 0.0638351440429688
0.087432861328125 -0.06781005859375 0.0816650390625 0.00628662109375
0.00704193115234376 -0.0948638916015625 0.03521728515625 -0.0234107971191406
-0.0454483032226562 -0.0817413330078125 0.0116081237792969 -0.00952434539794922
-0.0448760986328125 -0.0854034423828125 0.0161647796630859 0.0195579528808594
-0.0629806518554688 -0.0822830200195313 0.0096435546875 0.0402565002441406
-0.0321197509765625 -0.0880966186523438 -0.015350341796875 0.0540657043457031
0.0226287841796875 -0.100997924804688 -0.0342483520507812 0.0378036499023437
0.085723876953125 -0.0692825317382813 -0.0531005859375 -0.00307083129882814
0.126068115234375 0.0415496826171875 -0.0341014862060547 -0.0333786010742188
0.080718994140625 0.106056213378906 0.0154247283935547 -0.0288143157958984
0.016632080078125 0.151138305664063 -0.000499725341796873 0.0641632080078125
-0.0400238037109375 0.0968856811523437 0.073211669921875 0.110641479492187
-0.01318359375 0.111160278320313 0.02618408203125 0.121780395507812
0.0706558227539063 0.104164123535156 0.0350570678710938 0.110092163085938
0.0972518920898438 0.0216293334960937 0.0662307739257813 0.0777816772460938
0.0779495239257813 -0.0470428466796875 0.0654144287109375 0.0338134765625
0.011138916015625 -0.0800628662109375 0.0390892028808594 0.0101280212402344
-0.0350265502929688 -0.07086181640625 0.0321178436279297 0.0184383392333984
-0.0363540649414062 -0.0742034912109375 0.0362281799316406 0.0397109985351562
-0.0527496337890625 -0.0743026733398437 0.0306129455566406 0.0618934631347656
-0.0259628295898437 -0.0797119140625 -0.0022125244140625 0.07818603515625
0.0248641967773438 -0.0896530151367188 -0.0302314758300781 0.05877685546875
0.0805511474609375 -0.0535507202148438 -0.0539016723632813 0.0149688720703125
0.103759765625 0.0527114868164063 -0.037841796875 -0.0229568481445312
0.0460433959960938 0.1026611328125 0.0237770080566406 -0.00880622863769531
-0.01885986328125 0.116645812988281 -0.00154113769531251 0.103965759277344
-0.0603981018066406 0.0284767150878906 0.0627975463867188 0.136024475097656
-0.0414161682128906 0.0610542297363281 0.0270233154296875 0.13134765625
0.0200424194335937 0.0765914916992188 0.0212631225585938 0.102195739746094
0.0544776916503906 0.0274124145507813 0.0467300415039063 0.08233642578125
0.0520057678222656 -0.0208396911621094 0.0511741638183594 0.0503120422363281
0.0122604370117188 -0.0512809753417969 0.0426521301269531 0.034332275390625
-0.0200614929199219 -0.048370361328125 0.0483322143554688 0.0380630493164063
-0.0224685668945313 -0.0517692565917969 0.0516357421875 0.0537223815917969
-0.0347976684570313 -0.0570831298828125 0.0460281372070313 0.0788955688476563
-0.0159072875976563 -0.0615615844726563 0.00580596923828124 0.0970077514648438
0.0248603820800781 -0.0679817199707031 -0.0307540893554688 0.076568603515625
0.0665969848632813 -0.0327072143554688 -0.05889892578125 0.0300064086914062
0.070587158203125 0.0562362670898437 -0.0454368591308594 -0.0162620544433594
0.00601196289062501 0.0867156982421875 0.0228347778320313 0.00674629211425782
-0.0511970520019531 0.0660400390625 -0.01312255859375 0.130645751953125
0.0670089721679688 -0.00058746337890625 0.00782775878906249 -0.139518737792969
0.0181694030761719 -0.0471115112304687 -0.0216999053955078 -0.0191879272460938
-0.0285930633544922 -0.0336093902587891 0.0535469055175781 0.0208969116210937
-0.0394706726074219 0.00699615478515626 0.085296630859375 -0.034515380859375
-0.0201663970947266 0.0327625274658203 0.0478286743164062 -0.0856094360351562
0.010467529296875 0.0343647003173828 -0.00858306884765625 -0.109718322753906
0.0122604370117187 0.0212936401367187 -0.0592498779296875 -0.0868377685546875
0.00524520874023437 0.0189552307128906 -0.0602645874023438 -0.0618705749511719
0.00258445739746094 0.0200176239013672 -0.0591773986816406 -0.0464591979980469
-0.0083160400390625 0.0135717391967773 -0.0493812561035156 -0.0496597290039063
-0.0180988311767578 -0.00391387939453125 -0.0493698120117188 -0.0573043823242188
-0.0103168487548828 -0.0340423583984375 -0.04205322265625 -0.0812454223632813
0.0330982208251953 -0.0341281890869141 -0.0100479125976562 -0.103195190429688
0.0667839050292969 -0.00416183471679688 -0.027923583984375 -0.126266479492188
0.0768203735351563 0.0334930419921875 -0.0511932373046875 -0.144989013671875
0.0780868530273438 0.0629730224609375 0.0292434692382812 -0.134124755859375
0.0494041442871094 -0.00183486938476562 -0.0127449035644531 -0.0166940689086914
0.0241298675537109 -0.020172119140625 0.0649986267089844 0.0294914245605469
-0.00187969207763672 -0.0130691528320313 0.0992584228515625 -0.0313491821289063
-0.00422787666320801 -0.00381278991699219 0.0600433349609375 -0.0902481079101563
-0.000929296016693115 0.000852406024932861 -0.0052490234375 -0.114341735839844
-0.0112800598144531 -0.00645637512207031 -0.0597000122070312 -0.0883560180664063
-0.0134105682373047 -0.0129508972167969 -0.0570106506347656 -0.0588417053222656
-0.0178432464599609 -0.0118980407714844 -0.0586318969726563 -0.043060302734375
-0.0105628967285156 -0.0204753875732422 -0.0517425537109375 -0.0430488586425781
0.00390434265136719 -0.0335655212402344 -0.0501480102539062 -0.0490798950195313
0.031158447265625 -0.0434722900390625 -0.0454483032226563 -0.0760574340820313
0.0736618041992188 -0.00324249267578125 -0.0149002075195313 -0.0916900634765625
0.087646484375 0.0414657592773438 -0.0285415649414062 -0.111701965332031
0.08160400390625 0.0958023071289063 -0.042205810546875 -0.121818542480469
0.0732269287109375 0.120460510253906 0.051788330078125 -0.107864379882812
0.0694808959960938 0.0522232055664062 -0.00113213062286377 -0.000723123550415036
0.0787277221679688 0.0066680908203125 0.074798583984375 0.0482406616210937
0.0453643798828125 -0.0273628234863281 0.112236022949219 -0.0161285400390625
0.0207443237304687 -0.0396766662597656 0.0753250122070313 -0.082122802734375
-0.00728988647460938 -0.0366554260253906 0.00341033935546875 -0.108657836914062
-0.0309562683105469 -0.0358734130859375 -0.0503158569335937 -0.0803680419921875
-0.0302391052246094 -0.0443115234375 -0.0458564758300781 -0.0467300415039062
-0.0377845764160156 -0.0410652160644531 -0.0495758056640625 -0.0286293029785156
-0.0177154541015625 -0.050628662109375 -0.0500907897949219 -0.0242385864257813
0.0152587890625 -0.0630035400390625 -0.0519676208496094 -0.0315742492675781
0.0604095458984375 -0.0583915710449219 -0.0523643493652344 -0.0629920959472656
0.108711242675781 0.0129928588867188 -0.0231704711914063 -0.0785140991210938
0.105316162109375 0.0717620849609375 -0.0239334106445313 -0.0916824340820313
0.0799102783203125 0.140373229980469 -0.0318756103515625 -0.0819091796875
0.0532379150390625 0.159103393554688 0.0703353881835938 -0.0602264404296875
0.0718154907226563 0.102615356445313 0.0112857818603516 0.0271720886230469
0.11944580078125 0.0426788330078125 0.0768661499023438 0.0712203979492188
0.0899124145507813 -0.02947998046875 0.118072509765625 0.00884246826171875
0.0495376586914063 -0.0666999816894531 0.08734130859375 -0.060699462890625
-0.0068206787109375 -0.0694541931152344 0.0153961181640625 -0.08917236328125
-0.04443359375 -0.0612258911132813 -0.0337638854980469 -0.0628433227539062
-0.0423126220703125 -0.0684089660644531 -0.0280418395996094 -0.0278034210205078
-0.0542755126953125 -0.0633010864257813 -0.0331211090087891 -0.00749778747558595
-0.0264205932617188 -0.0719375610351563 -0.0423431396484375 0.00104141235351562
0.0184707641601562 -0.0859375 -0.0493087768554688 -0.00883865356445314
0.0757293701171875 -0.0722579956054688 -0.0564651489257812 -0.0441436767578125
0.129692077636719 0.0201492309570313 -0.029144287109375 -0.0629005432128906
0.112625122070313 0.0889663696289062 -0.0139999389648437 -0.0707244873046875
0.07037353515625 0.163162231445313 -0.0195598602294922 -0.0338401794433594
0.0224456787109375 0.168502807617188 0.0793838500976563 -0.00042724609374999
0.0533828735351562 0.134857177734375 0.0198020935058594 0.062225341796875
0.132392883300781 0.080108642578125 0.068603515625 0.093170166015625
0.118400573730469 -0.0168075561523438 0.110435485839844 0.0377883911132813
0.0743179321289063 -0.0764617919921875 0.0895156860351563 -0.0287628173828125
-0.00164794921875001 -0.0897140502929688 0.0267448425292969 -0.0590744018554688
-0.0488052368164062 -0.0766067504882812 -0.0124778747558594 -0.03729248046875
-0.047637939453125 -0.0822830200195313 -0.00646066665649414 -0.00475358963012696
-0.0636749267578125 -0.0763092041015625 -0.0123805999755859 0.0163516998291016
-0.0324554443359375 -0.08367919921875 -0.0291633605957031 0.0281448364257813
0.0186233520507812 -0.0986480712890625 -0.0424461364746094 0.015350341796875
0.0820541381835938 -0.0763168334960938 -0.0560646057128906 -0.0236320495605469
0.134590148925781 0.0278701782226563 -0.031982421875 -0.0478706359863281
0.104164123535156 0.0984344482421875 0.00117111206054688 -0.049591064453125
0.0497589111328125 0.165283203125 -0.00737190246582031 0.0167150497436524
-0.010009765625 0.146102905273438 0.0799789428710938 0.0587692260742188
0.0215225219726563 0.137840270996094 0.0246658325195312 0.0951766967773438
0.11273193359375 0.102973937988281 0.0526199340820313 0.106590270996094
0.120506286621094 0.00372314453125 0.0909805297851563 0.0623321533203125
0.0845489501953125 -0.0680618286132813 0.0809783935546875 0.0043487548828125
0.00567626953124999 -0.0929641723632813 0.0342063903808594 -0.0233726501464844
-0.0456466674804688 -0.0795135498046875 0.0107364654541016 -0.00931262969970704
-0.0459442138671875 -0.083282470703125 0.015960693359375 0.0184268951416016
-0.06353759765625 -0.0788192749023438 0.0102272033691406 0.0397377014160156
-0.0330581665039063 -0.0850830078125 -0.01470947265625 0.0540924072265625
0.0198745727539063 -0.0986404418945313 -0.0349006652832031 0.0373001098632812
0.0827865600585938 -0.0699386596679688 -0.0543174743652344 -0.00365066528320312
0.125572204589844 0.0388031005859375 -0.0342006683349609 -0.0340232849121094
0.0804595947265625 0.103599548339844 0.0142230987548828 -0.0299549102783203
0.0194854736328125 0.14898681640625 0.000701904296875003 0.0629158020019531
-0.0384063720703125 0.095611572265625 0.0719223022460937 0.106300354003906
-0.0120391845703125 0.110374450683594 0.0253219604492188 0.119491577148438
0.0716171264648438 0.101028442382813 0.0353012084960938 0.108489990234375
0.096038818359375 0.02001953125 0.0668716430664062 0.07635498046875
0.0754547119140625 -0.0480804443359375 0.0653572082519531 0.031829833984375
0.0096588134765625 -0.07861328125 0.0387344360351563 0.00951385498046874
-0.0355110168457031 -0.0686378479003906 0.0318603515625 0.0174770355224609
-0.0376663208007812 -0.0721435546875 0.0364494323730469 0.0379562377929687
-0.053985595703125 -0.0713653564453125 0.031036376953125 0.0604667663574219
-0.0273590087890625 -0.0771408081054688 -0.00173950195312501 0.0778350830078125
0.0214996337890625 -0.0880661010742188 -0.0304222106933594 0.0581245422363281
0.078125 -0.0545730590820313 -0.0548095703125 0.014617919921875
0.104011535644531 0.049346923828125 -0.0377998352050781 -0.0232086181640625
0.0470046997070312 0.101043701171875 0.0225734710693359 -0.0107212066650391
-0.0164642333984375 0.115325927734375 -0.000144958496093756 0.101806640625
-0.0591316223144531 0.0288238525390625 0.0622634887695312 0.131095886230469
-0.0399551391601563 0.0616226196289062 0.0263824462890625 0.128738403320313
0.0223159790039062 0.074920654296875 0.021270751953125 0.101722717285156
0.0540847778320313 0.0258674621582031 0.047271728515625 0.0810012817382813
0.0509300231933594 -0.0222358703613281 0.051055908203125 0.0488204956054688
0.0108718872070312 -0.0509185791015625 0.04217529296875 0.0334358215332031
-0.0210418701171875 -0.0467758178710938 0.0481758117675781 0.0365524291992188
-0.0239524841308594 -0.0506401062011719 0.0513420104980469 0.051971435546875
-0.0362014770507813 -0.0546760559082031 0.04705810546875 0.0767440795898438
-0.0174217224121094 -0.0598716735839844 0.00743865966796876 0.0967178344726563
0.0222282409667969 -0.0669441223144531 -0.0302047729492188 0.07568359375
0.0642166137695313 -0.0346794128417969 -0.058990478515625 0.0298271179199219
0.071929931640625 0.0533447265625 -0.0455322265625 -0.0161781311035156
0.00814056396484375 0.086212158203125 0.0221939086914063 0.00465965270996094
-0.0491371154785156 0.0663261413574219 -0.0110397338867187 0.128143310546875
0.0659904479980469 -0.00124359130859375 0.00740051269531251 -0.139511108398438
0.0177574157714844 -0.0479049682617188 -0.0217094421386719 -0.0174598693847656
-0.0291500091552734 -0.0332546234130859 0.0542144775390625 0.0218315124511719
-0.0397682189941406 0.00821685791015626 0.087005615234375 -0.0343399047851563
-0.0191364288330078 0.0343666076660156 0.0495986938476563 -0.0862197875976563
0.0120525360107422 0.0340843200683594 -0.00818634033203126 -0.111404418945313
0.0128307342529297 0.0205001831054688 -0.0599441528320313 -0.087982177734375
0.00553512573242188 0.0187110900878906 -0.0611915588378906 -0.0623283386230469
0.003204345703125 0.0194854736328125 -0.0596694946289062 -0.0459518432617188
-0.00738143920898438 0.0138015747070312 -0.0501976013183594 -0.0500221252441406
-0.0173578262329102 -0.00295162200927734 -0.0502853393554687 -0.057525634765625
-0.0115108489990234 -0.0329723358154297 -0.0430831909179687 -0.0822525024414063
0.0328254699707031 -0.0338973999023438 -0.009033203125 -0.104873657226563
0.0668716430664062 -0.00466156005859375 -0.0264663696289063 -0.127182006835938
0.07745361328125 0.0327606201171875 -0.0503082275390625 -0.1444091796875
0.0777511596679688 0.0618972778320313 0.028350830078125 -0.134033203125
0.0486564636230469 -0.0023193359375 -0.0131893157958984 -0.015228271484375
0.0231819152832031 -0.0199508666992188 0.0658950805664063 0.03033447265625
-0.00192165374755859 -0.0117979049682617 0.101043701171875 -0.0313034057617187
-0.00302696228027344 -0.00197887420654297 0.0617752075195313 -0.0904388427734375
0.00067216157913208 0.000452041625976563 -0.00478363037109375 -0.115692138671875
-0.0101909637451172 -0.00713729858398437 -0.0602493286132813 -0.088897705078125
-0.0133600234985352 -0.01336669921875 -0.0579338073730469 -0.0597076416015625
-0.0168342590332031 -0.0123100280761719 -0.0590667724609375 -0.0424652099609375
-0.0091400146484375 -0.0204124450683594 -0.0528755187988281 -0.0428466796875
0.00459861755371093 -0.0329265594482422 -0.0519142150878906 -0.0501060485839844
0.0306358337402344 -0.0422515869140625 -0.0473709106445312 -0.0772323608398438
0.07342529296875 -0.0023651123046875 -0.0139694213867187 -0.09375
0.0871810913085938 0.04168701171875 -0.0275192260742187 -0.112464904785156
0.0819549560546875 0.0957183837890625 -0.0418472290039062 -0.121269226074219
0.0727920532226563 0.120033264160156 0.05059814453125 -0.107757568359375
0.0688018798828125 0.0520133972167969 -0.00190722942352295 0.00102698802947998
0.0781707763671875 0.00585174560546875 0.0748748779296875 0.0488662719726563
0.0449867248535156 -0.0262832641601562 0.1142578125 -0.0166015625
0.0211639404296875 -0.0388069152832031 0.0768966674804688 -0.0825881958007812
-0.005950927734375 -0.0363616943359375 0.00347900390625001 -0.10986328125
-0.0302314758300781 -0.0362129211425781 -0.0513534545898437 -0.08074951171875
-0.0301551818847656 -0.0444107055664063 -0.0467376708984375 -0.0473251342773438
-0.0370407104492187 -0.0416145324707031 -0.0500984191894531 -0.0282859802246094
-0.0162200927734375 -0.0503463745117188 -0.0512275695800781 -0.0237312316894531
0.0165481567382813 -0.0622062683105469 -0.0536689758300781 -0.0319938659667969
0.0603523254394531 -0.0578956604003906 -0.0546875 -0.0647506713867188
0.108161926269531 0.0139389038085938 -0.0224761962890625 -0.080657958984375
0.104507446289063 0.0725784301757813 -0.0233840942382812 -0.092620849609375
0.08074951171875 0.140182495117188 -0.031463623046875 -0.0812606811523437
0.0529022216796875 0.158905029296875 0.0686454772949219 -0.0602874755859375
0.0721511840820313 0.103118896484375 0.00989151000976563 0.0289459228515625
0.120101928710938 0.0417251586914063 0.0772552490234375 0.0721664428710938
0.0897064208984375 -0.0289688110351562 0.119796752929688 0.0094757080078125
0.0497932434082031 -0.0659866333007813 0.0888290405273438 -0.0611114501953125
-0.00588607788085938 -0.0688323974609375 0.0155410766601562 -0.0903549194335938
-0.0434379577636719 -0.06097412109375 -0.0347824096679687 -0.0627899169921875
-0.0423164367675781 -0.0689315795898438 -0.0287742614746094 -0.0283164978027344
-0.053924560546875 -0.0632553100585938 -0.0341281890869141 -0.00722312927246095
-0.025665283203125 -0.0717620849609375 -0.0434036254882813 0.00153732299804687
0.0189895629882813 -0.085357666015625 -0.0513534545898438 -0.00922012329101563
0.0753326416015625 -0.0721282958984375 -0.0593338012695312 -0.0457229614257813
0.130317687988281 0.0201416015625 -0.0290603637695312 -0.0655441284179688
0.112686157226562 0.0895156860351562 -0.0135726928710937 -0.0715713500976563
0.071441650390625 0.163955688476563 -0.0195560455322266 -0.0331993103027344
0.0222015380859375 0.168243408203125 0.0775222778320313 -0.00089263916015624
0.0535202026367188 0.135856628417969 0.0175933837890625 0.0642013549804688
0.133255004882813 0.079803466796875 0.0686721801757813 0.0942230224609375
0.118217468261719 -0.0161819458007813 0.112167358398438 0.0384521484375
0.0740509033203125 -0.076385498046875 0.0912322998046875 -0.0290603637695313
-0.000648498535156252 -0.0897903442382813 0.0269966125488281 -0.0594215393066406
-0.0486679077148437 -0.0766067504882813 -0.0132598876953125 -0.03753662109375
-0.0482330322265625 -0.0826568603515625 -0.00700616836547852 -0.00481271743774415
-0.0635299682617187 -0.0759201049804688 -0.0125608444213867 0.0170412063598633
-0.0323562622070312 -0.0833969116210938 -0.0302543640136719 0.0293731689453125
0.0185623168945312 -0.097747802734375 -0.0448417663574219 0.0149345397949219
0.0817413330078125 -0.0762557983398438 -0.0592002868652344 -0.0250015258789062
0.135520935058594 0.0276412963867187 -0.0323104858398438 -0.0501365661621094
0.104209899902344 0.09954833984375 0.00117111206054688 -0.0508460998535156
0.0503997802734375 0.166366577148438 -0.00710201263427734 0.0166225433349609
-0.0109405517578125 0.146102905273438 0.0777740478515625 0.0583038330078125
0.0210800170898438 0.139175415039063 0.0223464965820313 0.0966644287109375
0.113945007324219 0.1036376953125 0.05230712890625 0.107879638671875
0.120864868164063 0.00424957275390625 0.092498779296875 0.063385009765625
0.0846939086914062 -0.0685806274414063 0.0818557739257813 0.00455474853515625
0.00618743896484376 -0.0928726196289063 0.0349750518798828 -0.0234470367431641
-0.0457916259765625 -0.0790786743164063 0.0101413726806641 -0.00932407379150391
-0.0471572875976562 -0.0840530395507813 0.0152702331542969 0.0179576873779297
-0.0640792846679688 -0.0781936645507812 0.0101890563964844 0.0402793884277344
-0.033294677734375 -0.0850143432617188 -0.0151748657226563 0.0551910400390625
0.0195083618164063 -0.0987014770507813 -0.0372772216796875 0.0373611450195313
0.0820846557617188 -0.07037353515625 -0.0570640563964844 -0.00476455688476563
0.127189636230469 0.038177490234375 -0.034637451171875 -0.0358238220214844
0.081207275390625 0.10455322265625 0.0139789581298828 -0.0314216613769531
0.0199737548828125 0.150070190429688 0.00104522705078125 0.0629844665527344
-0.0394287109375 0.095855712890625 0.0700912475585938 0.106285095214844
-0.0122833251953125 0.111434936523438 0.0229721069335938 0.120895385742188
0.0729141235351563 0.101181030273438 0.034027099609375 0.110069274902344
0.096527099609375 0.0200424194335938 0.0675811767578125 0.0780487060546875
0.0759506225585938 -0.0485382080078125 0.0659446716308594 0.0317153930664063
0.00946807861328125 -0.0784454345703125 0.0391120910644531 0.0105018615722656
-0.0360336303710938 -0.0685462951660156 0.0318355560302734 0.0179042816162109
-0.0388717651367188 -0.0725250244140625 0.0363235473632813 0.0377159118652344
-0.05474853515625 -0.0706939697265625 0.0311775207519531 0.0609931945800781
-0.0278549194335938 -0.0765304565429687 -0.00160980224609374 0.0790252685546875
0.0208740234375 -0.0881805419921875 -0.0323104858398437 0.05828857421875
0.077362060546875 -0.0555419921875 -0.0569801330566406 0.0137977600097656
0.105384826660156 0.0484085083007812 -0.0383186340332031 -0.0244865417480469
0.0474624633789063 0.101997375488281 0.0224990844726563 -0.0122642517089844
-0.0153427124023438 0.116203308105469 0.000465393066406251 0.101219177246094
-0.059906005859375 0.029205322265625 0.0608062744140625 0.131378173828125
-0.0402374267578125 0.0626373291015625 0.0242462158203125 0.130149841308594
0.0234222412109375 0.0750579833984375 0.0203781127929687 0.10369873046875
0.0549125671386719 0.0258445739746094 0.04803466796875 0.0828628540039063
0.0506591796875 -0.0230636596679688 0.0514717102050781 0.0490226745605469
0.010406494140625 -0.0510902404785156 0.0428009033203125 0.0338401794433594
-0.0219306945800781 -0.0466423034667969 0.0484352111816406 0.0365066528320312
-0.0250663757324219 -0.0505027770996094 0.0518684387207031 0.0514106750488281
-0.0377044677734375 -0.0539894104003906 0.0476226806640625 0.077239990234375
-0.0186195373535156 -0.0594291687011719 0.00744628906250001 0.09759521484375
0.0208663940429688 -0.0673980712890625 -0.0319747924804688 0.0756301879882813
0.0640640258789063 -0.0355796813964844 -0.0607872009277344 0.0286979675292969
0.07330322265625 0.052825927734375 -0.0457725524902344 -0.01751708984375
0.00907135009765626 0.086669921875 0.0220928192138672 0.00300788879394532
-0.0489921569824219 0.0670127868652344 -0.0111618041992188 0.127777099609375
0.0677337646484375 -0.00244522094726562 0.00650024414062502 -0.142745971679688
0.0164642333984375 -0.0497970581054688 -0.0226860046386719 -0.0169906616210938
-0.0314731597900391 -0.0339641571044922 0.0560340881347656 0.0230674743652344
-0.0413551330566406 0.0105514526367188 0.090362548828125 -0.0360488891601563
-0.0181846618652344 0.0364761352539063 0.0519256591796875 -0.0889739990234375
0.0136775970458984 0.0334186553955078 -0.00885009765625 -0.116302490234375
0.0138263702392578 0.0198535919189453 -0.0630035400390625 -0.0904006958007813
0.00592422485351562 0.0185585021972656 -0.0641593933105469 -0.0639610290527344
0.00415229797363281 0.0194492340087891 -0.0625114440917969 -0.0463981628417969
-0.00631809234619141 0.0138587951660156 -0.0528221130371094 -0.0515937805175781
-0.0172929763793945 -0.00286293029785156 -0.053436279296875 -0.0594978332519531
-0.0125312805175781 -0.0329303741455078 -0.046112060546875 -0.0850296020507813
0.0327014923095703 -0.0346508026123047 -0.00890350341796875 -0.109642028808594
0.0685501098632813 -0.00613021850585938 -0.0264739990234375 -0.130905151367188
0.0799789428710938 0.0319442749023438 -0.051239013671875 -0.14727783203125
0.0796966552734375 0.0628814697265625 0.0282363891601563 -0.137527465820313
0.0493927001953125 -0.00297164916992188 -0.0141019821166992 -0.0140933990478516
0.0230827331542969 -0.0209751129150391 0.0677223205566406 0.032012939453125
-0.00245571136474609 -0.0104503631591797 0.105392456054687 -0.03253173828125
-0.00240898132324219 -0.000793695449829102 0.0645675659179688 -0.09375
0.0023643970489502 0.000200748443603516 -0.00569915771484374 -0.120201110839844
-0.0103626251220703 -0.00802135467529297 -0.0635147094726563 -0.0910720825195313
-0.013336181640625 -0.0144748687744141 -0.061065673828125 -0.0608749389648437
-0.0165863037109375 -0.0131921768188477 -0.0622596740722656 -0.0430526733398437
-0.00832366943359375 -0.020904541015625 -0.0557403564453125 -0.0436172485351563
0.00571441650390625 -0.0335369110107422 -0.0551376342773437 -0.0517501831054688
0.0310134887695312 -0.0428276062011719 -0.0506057739257813 -0.080078125
0.0750198364257813 -0.00243377685546875 -0.0145111083984375 -0.0980911254882813
0.0896453857421875 0.0423049926757813 -0.0279006958007812 -0.115982055664062
0.0853424072265625 0.0973739624023437 -0.0428695678710937 -0.1236572265625
0.0748977661132813 0.122200012207031 0.0504074096679688 -0.11102294921875
0.0707244873046875 0.0533218383789063 -0.00316214561462402 0.00287890434265137
0.0797348022460938 0.005462646484375 0.0777740478515625 0.0504684448242188
0.0453567504882813 -0.0262908935546875 0.119110107421875 -0.0170135498046875
0.0221443176269531 -0.0387802124023437 0.080169677734375 -0.0857086181640625
-0.00458145141601562 -0.0375137329101562 0.00316619873046874 -0.114120483398438
-0.0306663513183594 -0.037322998046875 -0.0541763305664062 -0.0825347900390625
-0.0310173034667969 -0.0462608337402344 -0.0496749877929688 -0.048675537109375
-0.0376968383789063 -0.0428199768066406 -0.0526771545410156 -0.028594970703125
-0.0156211853027344 -0.0517082214355469 -0.0537452697753906 -0.0241775512695313
0.0175666809082031 -0.063507080078125 -0.0573844909667969 -0.0330352783203125
0.061279296875 -0.0591316223144531 -0.0591583251953125 -0.0669670104980469
0.111785888671875 0.014129638671875 -0.0232162475585937 -0.0851974487304688
0.107582092285156 0.0741195678710938 -0.02398681640625 -0.0960006713867188
0.084228515625 0.143402099609375 -0.0324172973632812 -0.082916259765625
0.0543670654296875 0.162521362304688 0.0689048767089844 -0.06243896484375
0.0739517211914063 0.106109619140625 0.00887107849121094 0.0312767028808594
0.123321533203125 0.042205810546875 0.0792922973632813 0.0750808715820313
0.0911712646484375 -0.0291290283203125 0.125152587890625 0.0089111328125
0.0510444641113281 -0.0673980712890625 0.0923614501953125 -0.063629150390625
-0.0053558349609375 -0.0703887939453125 0.0157470703125 -0.0936431884765625
-0.044891357421875 -0.0623435974121094 -0.0373611450195313 -0.0645027160644531
-0.044403076171875 -0.071075439453125 -0.0311393737792969 -0.0291347503662109
-0.05523681640625 -0.0645828247070313 -0.0354194641113281 -0.00691604614257813
-0.0257110595703125 -0.073333740234375 -0.0456504821777344 0.0028839111328125
0.0196304321289062 -0.0874710083007813 -0.0550003051757812 -0.00947570800781249
0.0768966674804688 -0.073455810546875 -0.0641441345214844 -0.0474472045898438
0.134788513183594 0.0202178955078125 -0.0306282043457031 -0.0694732666015625
0.115379333496094 0.09197998046875 -0.0143203735351562 -0.07452392578125
0.074798583984375 0.168365478515625 -0.0199699401855469 -0.0337715148925781
0.0223846435546875 0.173004150390625 0.0780563354492188 -0.00115203857421874
0.0554428100585938 0.140281677246094 0.0165977478027344 0.0667915344238281
0.137413024902344 0.08074951171875 0.0706710815429688 0.0974197387695312
0.121315002441406 -0.01666259765625 0.117164611816406 0.0394973754882813
0.076324462890625 -0.07879638671875 0.094970703125 -0.0303878784179688
-0.000358581542968756 -0.0917587280273438 0.0276298522949219 -0.0612602233886719
-0.0500259399414063 -0.0783538818359375 -0.0145454406738281 -0.0383567810058594
-0.0511398315429687 -0.085418701171875 -0.00805139541625977 -0.0055222511291504
-0.0659713745117187 -0.0771255493164063 -0.0131435394287109 0.017547607421875
-0.0330429077148438 -0.085113525390625 -0.0318126678466797 0.0313873291015625
0.01873779296875 -0.100357055664063 -0.0482635498046875 0.0157470703125
0.083251953125 -0.078948974609375 -0.0644493103027344 -0.0261650085449219
0.140884399414063 0.0276336669921875 -0.0338478088378906 -0.0534133911132813
0.107093811035156 0.102340698242187 0.000408172607421886 -0.0536956787109375
0.053375244140625 0.1708984375 -0.0069742202758789 0.0169343948364258
-0.011627197265625 0.150039672851562 0.078826904296875 0.058837890625
0.0219268798828125 0.144134521484375 0.0214691162109375 0.100242614746094
0.117973327636719 0.105453491210938 0.0539779663085938 0.111679077148438
0.124137878417969 0.0041656494140625 0.0961761474609375 0.0653915405273438
0.0866317749023438 -0.0709991455078125 0.0850753784179688 0.00406646728515625
0.00565338134765625 -0.0960769653320313 0.0362052917480469 -0.0240936279296875
-0.0473861694335938 -0.0807342529296875 0.009674072265625 -0.00932979583740235
-0.0500411987304688 -0.0863494873046875 0.0158252716064453 0.0182418823242187
-0.0669326782226562 -0.0794601440429688 0.0107421875 0.0416374206542969
-0.0344085693359375 -0.0864410400390625 -0.0161895751953125 0.0579414367675781
0.0189056396484375 -0.101020812988281 -0.0403327941894531 0.03857421875
0.0838851928710938 -0.0728073120117188 -0.061431884765625 -0.0050506591796875
0.131446838378906 0.03790283203125 -0.036163330078125 -0.0390625
0.0842971801757813 0.107414245605469 0.0139179229736328 -0.0338096618652344
0.0220794677734375 0.15423583984375 0.00122833251953126 0.06451416015625
-0.0410385131835938 0.0990676879882813 0.0705184936523438 0.107879638671875
-0.0124282836914062 0.116043090820312 0.0217208862304688 0.124900817871094
0.0763702392578125 0.103851318359375 0.0349502563476563 0.114883422851563
0.0997772216796875 0.020172119140625 0.0709991455078125 0.0805816650390625
0.0778427124023438 -0.0512924194335938 0.0683746337890625 0.0327644348144531
0.00946807861328126 -0.0815658569335938 0.0404319763183594 0.010833740234375
-0.0379981994628906 -0.0691947937011719 0.0318889617919922 0.01824951171875
-0.0416717529296875 -0.0746917724609375 0.037506103515625 0.0383453369140625
-0.057769775390625 -0.0714263916015625 0.0329399108886719 0.06298828125
-0.029754638671875 -0.0782699584960937 -0.001312255859375 0.0821304321289062
0.0201187133789063 -0.0902481079101563 -0.035003662109375 0.0599212646484375
0.0786514282226563 -0.0579833984375 -0.0612106323242187 0.0133552551269531
0.110099792480469 0.0481109619140625 -0.0403823852539062 -0.0268745422363281
0.0503997802734375 0.105247497558594 0.0223045349121094 -0.0143966674804687
-0.0154342651367188 0.120071411132812 0.00077056884765624 0.10369873046875
-0.0624465942382813 0.0303535461425781 0.0610504150390625 0.133644104003906
-0.0413742065429688 0.0655403137207031 0.0234451293945312 0.134109497070313
0.026031494140625 0.0772552490234375 0.0203475952148437 0.107879638671875
0.0569534301757813 0.026031494140625 0.0502090454101563 0.086181640625
0.0518112182617188 -0.0249786376953125 0.0536842346191406 0.0505180358886719
0.00930786132812499 -0.0532455444335938 0.0447616577148438 0.0353927612304688
-0.0242080688476562 -0.04705810546875 0.0498619079589844 0.0370674133300781
-0.0274467468261719 -0.051788330078125 0.0536842346191406 0.0520744323730469
-0.0407218933105469 -0.0545616149902344 0.0495681762695313 0.0793685913085938
-0.0202751159667969 -0.0608901977539063 0.0083160400390625 0.101615905761719
0.020233154296875 -0.0696334838867188 -0.0339813232421875 0.078369140625
0.0651283264160156 -0.0376167297363281 -0.0640411376953125 0.0294227600097656
0.0772171020507813 0.0525054931640625 -0.0476341247558594 -0.019195556640625
0.0112228393554687 0.0901336669921875 0.0221385955810547 0.00139999389648438
-0.0500907897949219 0.0694046020507813 -0.0113067626953125 0.130516052246094
0.0695610046386719 -0.00407791137695313 0.00297546386718752 -0.147918701171875
0.01495361328125 -0.052490234375 -0.0241012573242187 -0.0156307220458984
-0.0347518920898438 -0.03424072265625 0.059478759765625 0.0237350463867187
-0.0422630310058594 0.0136604309082031 0.09405517578125 -0.0395126342773438
-0.0160980224609375 0.0391616821289063 0.0533294677734375 -0.0945968627929688
0.0163440704345703 0.0333423614501953 -0.0121002197265625 -0.12152099609375
0.0151004791259766 0.0188312530517578 -0.0681838989257813 -0.09307861328125
0.00716972351074219 0.0187034606933594 -0.0692825317382812 -0.0644760131835938
0.00556564331054687 0.0193958282470703 -0.0667228698730469 -0.0460357666015625
-0.00474834442138672 0.0138607025146484 -0.0567131042480469 -0.0521583557128906
-0.0170192718505859 -0.00184822082519532 -0.0581436157226562 -0.060882568359375
-0.0146999359130859 -0.0324821472167969 -0.0504226684570313 -0.08746337890625
0.03253173828125 -0.0361442565917969 -0.0113906860351563 -0.115158081054688
0.0708770751953125 -0.00868988037109375 -0.0292892456054688 -0.135673522949219
0.0842971801757813 0.0299758911132813 -0.055694580078125 -0.15032958984375
0.083465576171875 0.0628280639648438 0.024658203125 -0.142486572265625
0.0503005981445313 -0.00487518310546875 -0.0153141021728516 -0.0125083923339844
0.0224628448486328 -0.0222415924072266 0.0716323852539063 0.0324172973632813
-0.00288486480712891 -0.00938796997070312 0.109611511230469 -0.036407470703125
-0.00124001502990723 6.75916671752931E-05 0.0663833618164063 -0.0996475219726563
0.00381922721862793 -0.000787734985351563 -0.00922393798828124 -0.1263427734375
-0.00980377197265625 -0.00899887084960937 -0.0694046020507813 -0.09326171875
-0.0139942169189453 -0.0152473449707031 -0.0664596557617187 -0.0615310668945313
-0.016326904296875 -0.0138006210327148 -0.0665931701660156 -0.0425071716308594
-0.00761985778808594 -0.0223255157470703 -0.059600830078125 -0.0440139770507813
0.0062255859375 -0.0343055725097656 -0.0600967407226563 -0.0527801513671875
0.0305328369140625 -0.0440483093261719 -0.05621337890625 -0.0822525024414063
0.0775070190429688 -0.00384521484375 -0.0165328979492188 -0.103599548339844
0.0934219360351563 0.0414276123046875 -0.0305023193359375 -0.119956970214844
0.0913467407226562 0.0975570678710937 -0.047210693359375 -0.126411437988281
0.0799331665039063 0.124343872070313 0.0476150512695313 -0.115158081054688
0.074310302734375 0.0533981323242188 -0.00422334671020507 0.00479698181152344
0.0821075439453125 0.00360107421875 0.0818634033203125 0.0517578125
0.0459442138671875 -0.0268135070800781 0.124900817871094 -0.0209274291992188
0.0227127075195313 -0.0401458740234375 0.0826797485351563 -0.0914764404296875
-0.00429153442382812 -0.0389022827148438 0.000648498535156237 -0.119400024414063
-0.0322647094726563 -0.0385513305664063 -0.0595932006835937 -0.0841827392578125
-0.0338630676269531 -0.0480079650878906 -0.0539207458496094 -0.0491371154785156
-0.039520263671875 -0.0437202453613281 -0.0562896728515625 -0.0275001525878906
-0.0162277221679688 -0.0533866882324219 -0.0577964782714844 -0.0229759216308594
0.0174407958984375 -0.0658493041992188 -0.0622634887695313 -0.0334091186523438
0.0621185302734375 -0.0617790222167969 -0.0657958984375 -0.0686798095703125
0.115821838378906 0.012725830078125 -0.02606201171875 -0.0898513793945313
0.112533569335937 0.0744247436523437 -0.0266952514648437 -0.099212646484375
0.0916595458984375 0.146163940429688 -0.0351638793945312 -0.0842666625976562
0.059783935546875 0.166976928710938 0.0678176879882813 -0.0662918090820312
0.078887939453125 0.108505249023438 0.00790977478027344 0.0342941284179688
0.128547668457031 0.0398712158203125 0.0843887329101563 0.0764236450195313
0.093353271484375 -0.0315170288085938 0.131187438964844 0.00640869140625
0.051239013671875 -0.0709152221679688 0.0956497192382813 -0.0687789916992188
-0.00629425048828124 -0.0732803344726563 0.0143966674804688 -0.0986404418945313
-0.0472297668457031 -0.0635833740234375 -0.0408477783203125 -0.0654335021972656
-0.048858642578125 -0.0730209350585937 -0.0338306427001953 -0.0294075012207031
-0.05859375 -0.0657272338867188 -0.0376434326171875 -0.00568771362304688
-0.0273590087890625 -0.07525634765625 -0.0482406616210938 0.00461578369140624
0.0190963745117187 -0.0906524658203125 -0.0595970153808594 -0.00842666625976564
0.0777359008789063 -0.0777587890625 -0.0711517333984375 -0.0480728149414063
0.140342712402344 0.0174407958984375 -0.0336380004882812 -0.0742340087890625
0.121803283691406 0.09271240234375 -0.0166091918945312 -0.078033447265625
0.082763671875 0.1719970703125 -0.0213890075683594 -0.0342216491699219
0.0265655517578125 0.178665161132813 0.0787200927734375 -0.00338745117187499
0.060699462890625 0.145065307617187 0.0171432495117188 0.0708236694335938
0.144973754882813 0.079833984375 0.0753860473632813 0.100555419921875
0.124855041503906 -0.019744873046875 0.124420166015625 0.0384750366210938
0.0767669677734375 -0.0836944580078125 0.0986785888671875 -0.0344696044921875
-0.00242614746093751 -0.09521484375 0.0274391174316406 -0.06500244140625
-0.0538330078125 -0.079498291015625 -0.0169448852539063 -0.0391006469726563
-0.0560302734375 -0.0876007080078125 -0.0093841552734375 -0.00576400756835938
-0.0703506469726563 -0.0782089233398437 -0.01361083984375 0.0191860198974609
-0.0360183715820313 -0.0866775512695313 -0.0328121185302734 0.0341320037841797
0.0175552368164063 -0.103836059570313 -0.0521316528320313 0.0173759460449219
0.0842361450195313 -0.0833587646484375 -0.0709609985351563 -0.0260696411132813
0.14703369140625 0.024200439453125 -0.0372352600097656 -0.0573921203613281
0.113922119140625 0.103317260742188 -0.00107574462890625 -0.0568885803222656
0.060821533203125 0.175872802734375 -0.0063934326171875 0.0178966522216797
-0.00939941406249999 0.156356811523437 0.0806732177734375 0.0589523315429688
0.0263824462890625 0.150100708007813 0.0220184326171875 0.10516357421875
0.126457214355469 0.106353759765625 0.0579299926757813 0.115837097167969
0.129409790039063 0.00186920166015625 0.102890014648438 0.0656509399414063
0.0881805419921875 -0.0768203735351563 0.0893402099609375 0.00212860107421875
0.00358581542968751 -0.0994949340820313 0.0371437072753906 -0.0261383056640625
-0.0516128540039062 -0.0818405151367188 0.00912857055664062 -0.00939083099365235
-0.0553054809570313 -0.0884780883789063 0.0161800384521484 0.0181045532226562
-0.0721206665039062 -0.0799789428710938 0.0117530822753906 0.0427513122558594
-0.03778076171875 -0.0882339477539063 -0.0159149169921875 0.0617408752441406
0.0171432495117188 -0.104591369628906 -0.0428123474121094 0.0413322448730469
0.0846786499023438 -0.077850341796875 -0.066986083984375 -0.00430297851562499
0.138481140136719 0.0346527099609375 -0.0392684936523437 -0.0412635803222656
0.0904388427734375 0.109466552734375 0.0131568908691406 -0.0370712280273438
0.0272216796875 0.159347534179688 0.00310516357421875 0.0664710998535156
-0.0414886474609375 0.10430908203125 0.0735549926757813 0.109275817871094
-0.0100173950195312 0.122039794921875 0.0233840942382813 0.130363464355469
0.0834121704101562 0.105926513671875 0.0379104614257812 0.119384765625
0.104377746582031 0.0186538696289063 0.076629638671875 0.0828704833984375
0.0795059204101563 -0.0560455322265625 0.0726165771484375 0.03216552734375
0.00716400146484374 -0.0848922729492188 0.0428237915039063 0.0105247497558594
-0.0417251586914062 -0.07061767578125 0.0336685180664063 0.0178165435791016
-0.0466995239257813 -0.0766220092773438 0.0396156311035156 0.0381927490234375
-0.0625381469726563 -0.0722579956054687 0.035980224609375 0.0644149780273438
-0.033203125 -0.0794830322265625 0.000183105468750005 0.0861053466796875
0.0179519653320313 -0.0940933227539063 -0.0367393493652344 0.0634002685546875
0.0794677734375 -0.0631103515625 -0.0655021667480469 0.0152778625488281
0.116889953613281 0.0458221435546875 -0.0431022644042969 -0.0283660888671875
0.055755615234375 0.108085632324219 0.0224990844726563 -0.0173702239990234
-0.0125350952148438 0.124542236328125 0.00324249267578125 0.107353210449219
-0.0653343200683594 0.0335464477539063 0.064300537109375 0.136390686035156
-0.041015625 0.0702476501464844 0.0255126953125 0.138931274414063
0.0306472778320312 0.0795745849609375 0.0228271484375 0.113731384277344
0.0606536865234375 0.0255088806152344 0.0549774169921875 0.089385986328125
0.0531005859375 -0.028076171875 0.058013916015625 0.0516624450683594
0.00728225708007812 -0.0562705993652344 0.0478363037109375 0.035919189453125
-0.0270614624023437 -0.0478706359863281 0.0528450012207031 0.0366363525390625
-0.031494140625 -0.0530662536621094 0.0573501586914063 0.0519294738769531
-0.0444488525390625 -0.0545730590820313 0.0544586181640625 0.0806655883789063
-0.0234794616699219 -0.0621261596679688 0.011566162109375 0.105522155761719
0.0179901123046875 -0.0729827880859375 -0.0352249145507813 0.0822067260742188
0.0658493041992188 -0.0416793823242188 -0.0681571960449219 0.0313873291015625
0.0827789306640625 0.0510025024414063 -0.0507049560546875 -0.019866943359375
0.015106201171875 0.0932769775390625 0.0226612091064453 -0.00128555297851562
-0.0500335693359375 0.0733261108398437 -0.00816345214843752 0.135391235351563
0.070770263671875 -0.00791168212890625 -0.00375366210937498 -0.151351928710938
0.0118980407714844 -0.0550460815429688 -0.0252780914306641 -0.0136699676513672
-0.0380477905273438 -0.0332221984863281 0.0623512268066406 0.0230827331542969
-0.0424842834472656 0.0175666809082031 0.096343994140625 -0.0443267822265625
-0.0134124755859375 0.0414276123046875 0.0521163940429688 -0.100883483886719
0.0191516876220703 0.0324287414550781 -0.0180587768554687 -0.125930786132813
0.0166444778442383 0.0174264907836914 -0.0754852294921875 -0.0922622680664063
0.00864982604980469 0.0183773040771484 -0.0751724243164062 -0.0624160766601563
0.0079193115234375 0.0186786651611328 -0.0708236694335938 -0.0437545776367188
-0.0033721923828125 0.0140819549560547 -0.0610694885253906 -0.0512847900390625
-0.016758918762207 -0.000761032104492189 -0.0638999938964844 -0.0603713989257812
-0.0169277191162109 -0.0313148498535156 -0.0565643310546875 -0.0879135131835938
0.0312728881835938 -0.0384407043457031 -0.0155410766601562 -0.119270324707031
0.071929931640625 -0.0127334594726562 -0.0345535278320312 -0.138572692871094
0.0872726440429688 0.0255889892578125 -0.0627593994140625 -0.150177001953125
0.0875167846679688 0.060455322265625 0.0180816650390625 -0.146697998046875
0.0505256652832031 -0.00757217407226563 -0.0168046951293945 -0.0101146697998047
0.0211429595947266 -0.0235252380371094 0.0754623413085938 0.0313339233398438
-0.00313091278076172 -0.00773429870605469 0.112220764160156 -0.0421295166015625
0.000330924987792969 0.00105887651443481 0.06494140625 -0.106544494628906
0.00511264801025391 -0.00171184539794922 -0.0154037475585938 -0.130317687988281
-0.00970935821533203 -0.00973987579345703 -0.0760269165039063 -0.0928192138671875
-0.0148029327392578 -0.0154399871826172 -0.0721588134765625 -0.059539794921875
-0.0170097351074219 -0.0140962600708008 -0.0706329345703125 -0.0400314331054688
-0.00722312927246094 -0.0228309631347656 -0.0644798278808594 -0.0426101684570313
0.00629043579101562 -0.0352554321289063 -0.0660362243652344 -0.0518875122070312
0.0293502807617187 -0.0451507568359375 -0.0626602172851563 -0.0825347900390625
0.0789947509765625 -0.00701904296875 -0.0209426879882812 -0.107521057128906
0.0972900390625 0.0381088256835938 -0.0355072021484375 -0.122589111328125
0.0978469848632812 0.0950698852539062 -0.0525054931640625 -0.126487731933594
0.0872650146484375 0.123893737792969 0.0430526733398437 -0.119903564453125
0.0777435302734375 0.0513153076171875 -0.00537681579589843 0.00727319717407227
0.083709716796875 -0.0002593994140625 0.0866317749023438 0.050689697265625
0.0460891723632813 -0.0282173156738281 0.128738403320313 -0.0269851684570313
0.0224571228027344 -0.0411300659179688 0.0820693969726563 -0.0989532470703125
-0.00511932373046875 -0.0402870178222656 -0.00508880615234374 -0.12384033203125
-0.0339698791503906 -0.0382003784179687 -0.065887451171875 -0.0836410522460938
-0.0370826721191406 -0.0479545593261719 -0.0589103698730469 -0.0479736328125
-0.0418663024902344 -0.043670654296875 -0.060028076171875 -0.0250778198242188
-0.017364501953125 -0.0544281005859375 -0.0611915588378906 -0.0207862854003906
0.0165863037109375 -0.0681304931640625 -0.0678863525390625 -0.0316162109375
0.0611915588378906 -0.064788818359375 -0.0730667114257813 -0.0675506591796875
0.120048522949219 0.00817108154296875 -0.03070068359375 -0.0938949584960938
0.118377685546875 0.0714492797851563 -0.0314559936523437 -0.101951599121094
0.100906372070313 0.145401000976563 -0.0387496948242187 -0.0844345092773437
0.06829833984375 0.168533325195313 0.0648422241210938 -0.070587158203125
0.085723876953125 0.107574462890625 0.00792312622070313 0.0371475219726563
0.133079528808594 0.0346145629882813 0.089569091796875 0.0759353637695313
0.0943222045898437 -0.0351486206054687 0.136734008789063 0.000549316406249998
0.0499114990234375 -0.0748748779296875 0.0968017578125 -0.0758438110351563
-0.00862884521484375 -0.0749130249023438 0.0102767944335938 -0.102943420410156
-0.0512962341308594 -0.0635566711425781 -0.0456199645996094 -0.0648269653320313
-0.0539016723632812 -0.0734329223632813 -0.0371589660644531 -0.0284194946289063
-0.0631599426269531 -0.0651702880859375 -0.0399627685546875 -0.00375747680664062
-0.030242919921875 -0.0763397216796875 -0.0504837036132812 0.00781631469726562
0.0165252685546875 -0.0936050415039063 -0.0641899108886719 -0.00601577758789064
0.0768356323242187 -0.0826950073242187 -0.0783309936523438 -0.0465850830078125
0.145294189453125 0.0116119384765625 -0.0384902954101562 -0.0768051147460938
0.128692626953125 0.0898056030273438 -0.0200271606445312 -0.08050537109375
0.0929412841796875 0.172042846679688 -0.0227890014648437 -0.0338363647460937
0.0347442626953125 0.182876586914063 0.07806396484375 -0.00659942626953124
0.0691680908203125 0.1463623046875 0.0184555053710938 0.0738754272460938
0.152328491210938 0.0748138427734375 0.0813674926757813 0.101142883300781
0.128440856933594 -0.0248947143554688 0.130691528320313 0.0336380004882813
0.0759506225585938 -0.0898895263671875 0.101142883300781 -0.0404052734375
-0.00598144531250001 -0.0979232788085938 0.025665283203125 -0.0685348510742188
-0.0587081909179688 -0.0792083740234375 -0.0198402404785156 -0.0386543273925781
-0.062591552734375 -0.0876541137695312 -0.0108547210693359 -0.00522041320800782
-0.0756912231445313 -0.0770721435546875 -0.0140342712402344 0.0207996368408203
-0.0398101806640625 -0.0871810913085937 -0.0330619812011719 0.0376396179199219
0.0136337280273437 -0.106697082519531 -0.0553970336914063 0.0208778381347656
0.0828094482421875 -0.08905029296875 -0.0770111083984375 -0.0235595703125
0.1524658203125 0.0178375244140625 -0.041473388671875 -0.0594062805175781
0.121238708496094 0.10101318359375 -0.00363540649414061 -0.0598411560058594
0.070587158203125 0.177230834960938 -0.00555419921875 0.0188312530517578
-0.00379943847656251 0.161880493164063 0.0827789306640625 0.0567092895507813
0.0336761474609375 0.153884887695313 0.0249481201171875 0.108375549316406
0.135169982910156 0.103462219238281 0.064178466796875 0.118034362792969
0.133193969726563 -0.0035247802734375 0.109718322753906 0.0629730224609375
0.0876083374023438 -0.08306884765625 0.0930633544921875 -0.0024871826171875
-0.000442504882812508 -0.102249145507813 0.0374908447265625 -0.0283851623535156
-0.0565261840820313 -0.0814285278320313 0.00836849212646484 -0.00960254669189454
-0.0623703002929688 -0.088531494140625 0.0168895721435547 0.0175399780273437
-0.07818603515625 -0.0785369873046875 0.01385498046875 0.0439453125
-0.042266845703125 -0.08831787109375 -0.013580322265625 0.06536865234375
0.0120315551757813 -0.107765197753906 -0.0448493957519531 0.0448265075683594
0.082855224609375 -0.0833816528320313 -0.0721817016601563 -0.00135803222656252
0.144271850585938 0.028656005859375 -0.0429763793945312 -0.0426750183105469
0.0977325439453125 0.108390808105469 0.0115928649902344 -0.0399589538574219
0.035247802734375 0.162368774414063 0.00628662109375 0.0682830810546875
-0.038543701171875 0.109764099121094 0.0772628784179687 0.109054565429687
-0.00484466552734374 0.126914978027344 0.0275039672851562 0.133918762207031
0.0914306640625 0.104095458984375 0.0436248779296875 0.122344970703125
0.1092529296875 0.01434326171875 0.0831298828125 0.0815887451171875
0.0793228149414063 -0.0618133544921875 0.0772018432617188 0.029693603515625
0.00303649902343751 -0.0877532958984375 0.0452156066894531 0.00916671752929687
-0.0464630126953125 -0.0697708129882813 0.0348606109619141 0.0172653198242187
-0.052886962890625 -0.0763626098632813 0.041961669921875 0.0366249084472656
-0.0685157775878906 -0.0701522827148437 0.0397796630859375 0.0641212463378906
-0.03759765625 -0.08001708984375 0.00480651855468749 0.08941650390625
0.0133285522460938 -0.0971298217773438 -0.0370559692382812 0.0676002502441406
0.0782089233398438 -0.0683822631835938 -0.0694694519042969 0.0183372497558594
0.122543334960938 0.0404891967773438 -0.0464630126953125 -0.0290489196777344
0.062835693359375 0.108390808105469 0.021728515625 -0.0208015441894531
-0.00708770751953125 0.128715515136719 0.00777435302734374 0.109619140625
-0.0660934448242188 0.0384941101074219 0.069610595703125 0.136436462402344
-0.0385894775390625 0.074615478515625 0.0299530029296875 0.142608642578125
0.0369110107421875 0.0798416137695313 0.02789306640625 0.117599487304688
0.0637855529785156 0.0233879089355469 0.0610733032226563 0.090179443359375
0.0528831481933594 -0.0326576232910156 0.0629196166992188 0.0507087707519531
0.00422668457031251 -0.0580863952636719 0.0511932373046875 0.0353813171386719
-0.0309906005859375 -0.0468673706054688 0.0553512573242188 0.0355873107910156
-0.0359954833984375 -0.0523338317871094 0.0612640380859375 0.0501213073730469
-0.0493316650390625 -0.05279541015625 0.0597686767578125 0.0804519653320312
-0.0277442932128906 -0.0619354248046875 0.016845703125 0.108879089355469
0.0138626098632812 -0.0753173828125 -0.034393310546875 0.0864715576171875
0.0648536682128906 -0.0464859008789063 -0.0705947875976563 0.0350799560546875
0.0884628295898438 0.0474014282226563 -0.0538177490234375 -0.0197982788085938
0.0211715698242187 0.0952301025390625 0.0224018096923828 -0.00412940979003906
-0.0476837158203125 0.0781478881835938 -0.00288391113281252 0.138969421386719
0.0703353881835938 -0.0107345581054688 -0.0104522705078125 -0.152130126953125
0.00822830200195312 -0.0559844970703125 -0.0261249542236328 -0.0110912322998047
-0.040863037109375 -0.0309524536132812 0.0648345947265625 0.0214881896972656
-0.0407447814941406 0.0209770202636719 0.0963211059570313 -0.049041748046875
-0.00984573364257813 0.0426368713378906 0.0496978759765625 -0.104728698730469
0.0214805603027344 0.0309219360351562 -0.0236663818359375 -0.127212524414063
0.0180225372314453 0.0161285400390625 -0.0806884765625 -0.09033203125
0.0104141235351563 0.0171422958374023 -0.079376220703125 -0.0587692260742188
0.0093841552734375 0.0176753997802734 -0.0733489990234375 -0.0399093627929687
-0.00122737884521484 0.0130720138549805 -0.0644950866699219 -0.0491371154785156
-0.0159568786621094 -9.441375732422E-05 -0.0682373046875 -0.0585670471191406
-0.0185527801513672 -0.0296573638916016 -0.0612335205078125 -0.0867385864257813
0.0289649963378906 -0.0399742126464844 -0.0198898315429687 -0.121200561523438
0.0714492797851563 -0.016876220703125 -0.039215087890625 -0.138870239257813
0.0885696411132812 0.0209579467773437 -0.067352294921875 -0.147369384765625
0.0904312133789062 0.057037353515625 0.01171875 -0.1474609375
0.0493507385253906 -0.00963592529296875 -0.0177555084228516 -0.00769233703613282
0.0191307067871094 -0.0238094329833984 0.0780410766601563 0.0298004150390625
-0.0028533935546875 -0.00577306747436523 0.112846374511719 -0.0476303100585938
0.00141334533691406 0.00156641006469727 0.0619659423828125 -0.111274719238281
0.00594663619995117 -0.00266313552856445 -0.021331787109375 -0.131988525390625
-0.0100498199462891 -0.0104703903198242 -0.081298828125 -0.0897750854492188
-0.0153560638427734 -0.0159311294555664 -0.0765838623046875 -0.0566635131835938
-0.0165014266967773 -0.014704704284668 -0.0737991333007813 -0.0362167358398437
-0.00654029846191406 -0.0236797332763672 -0.0676383972167969 -0.0403175354003906
0.00600814819335938 -0.035552978515625 -0.0703506469726563 -0.0498733520507812
0.0278205871582031 -0.045501708984375 -0.0683364868164062 -0.0807723999023438
0.0793228149414062 -0.00968170166015625 -0.0250778198242187 -0.109657287597656
0.0984649658203125 0.0339126586914063 -0.0397567749023437 -0.122528076171875
0.102104187011719 0.0903244018554687 -0.0565414428710938 -0.1241455078125
0.092681884765625 0.120689392089844 0.0367507934570313 -0.121124267578125
0.080230712890625 0.0478668212890625 -0.00552654266357421 0.00986385345458985
0.0831375122070313 -0.0037078857421875 0.0895156860351563 0.0484085083007812
0.0451889038085938 -0.0288314819335938 0.129684448242188 -0.033050537109375
0.0216636657714844 -0.0421714782714844 0.0792999267578125 -0.104248046875
-0.00597763061523438 -0.0408134460449219 -0.0103607177734375 -0.125541687011719
-0.0353813171386719 -0.0378036499023438 -0.0704574584960938 -0.080780029296875
-0.0397109985351563 -0.0474777221679687 -0.0625114440917969 -0.045440673828125
-0.0436897277832031 -0.0430717468261719 -0.0621070861816406 -0.0219841003417969
-0.0182685852050781 -0.0548744201660156 -0.0635147094726563 -0.0176353454589844
0.015533447265625 -0.0694541931152344 -0.0715255737304688 -0.028900146484375
0.0589942932128906 -0.0668907165527344 -0.078704833984375 -0.0654067993164062
0.121421813964844 0.0031585693359375 -0.03472900390625 -0.095947265625
0.121200561523438 0.0673446655273438 -0.0352249145507812 -0.102508544921875
0.107330322265625 0.140792846679688 -0.0418701171875 -0.0824432373046875
0.075286865234375 0.166732788085938 0.0608444213867188 -0.0726165771484375
0.0902557373046875 0.104965209960938 0.00816726684570313 0.03936767578125
0.135292053222656 0.0293807983398438 0.093658447265625 0.0743942260742188
0.0938568115234375 -0.0383834838867188 0.139228820800781 -0.005706787109375
0.04754638671875 -0.0771484375 0.0952835083007813 -0.0820083618164063
-0.0109481811523437 -0.0754013061523438 0.00576019287109374 -0.104522705078125
-0.0534210205078125 -0.0618705749511719 -0.0494728088378906 -0.0627670288085938
-0.0580368041992187 -0.07196044921875 -0.0397491455078125 -0.026702880859375
-0.0658836364746094 -0.0629539489746094 -0.0411605834960938 -0.00083541870117187
-0.0327072143554688 -0.0757064819335938 -0.0512237548828125 0.0110206604003906
0.0138168334960938 -0.0946044921875 -0.0671310424804688 -0.00275802612304689
0.0740432739257813 -0.0856857299804688 -0.084014892578125 -0.043609619140625
0.147445678710938 0.0053863525390625 -0.0425643920898437 -0.0782928466796875
0.132713317871094 0.0854110717773438 -0.0232772827148437 -0.08148193359375
0.100860595703125 0.168685913085938 -0.0235214233398437 -0.0323753356933594
0.0422821044921875 0.183273315429688 0.0769500732421875 -0.00954437255859374
0.075592041015625 0.144927978515625 0.0200347900390625 0.0759658813476563
0.156494140625 0.0684814453125 0.085662841796875 0.0994873046875
0.128326416015625 -0.0297775268554688 0.133941650390625 0.02850341796875
0.0727386474609375 -0.0932235717773438 0.101493835449219 -0.045806884765625
-0.00960540771484375 -0.0983352661132813 0.0225982666015625 -0.0708236694335937
-0.0616607666015625 -0.0769805908203125 -0.0222244262695313 -0.0373458862304688
-0.067657470703125 -0.0855026245117188 -0.0119142532348633 -0.00484275817871094
-0.079986572265625 -0.0739288330078125 -0.0138111114501953 0.0222930908203125
-0.04315185546875 -0.0861358642578125 -0.0319328308105469 0.0405540466308594
0.00960540771484376 -0.107833862304688 -0.0572242736816406 0.0237579345703125
0.0795059204101563 -0.0926284790039063 -0.0820770263671875 -0.0199966430664062
0.154403686523438 0.0111541748046875 -0.0453834533691406 -0.060638427734375
0.1265869140625 0.0969467163085938 -0.00603866577148437 -0.0616416931152344
0.0787811279296875 0.174591064453125 -0.00467872619628906 0.0198230743408203
0.0024871826171875 0.163742065429688 0.0829620361328125 0.0544357299804688
0.0407562255859375 0.153976440429688 0.0273513793945312 0.110336303710938
0.141342163085938 0.0976104736328125 0.0687713623046875 0.117103576660156
0.134445190429688 -0.0085906982421875 0.1142578125 0.0588531494140625
0.0848770141601563 -0.08807373046875 0.0945663452148438 -0.00673675537109376
-0.00493621826171874 -0.102920532226563 0.0367851257324219 -0.0303764343261719
-0.0601577758789062 -0.0791091918945312 0.00765228271484375 -0.00895118713378907
-0.0677337646484375 -0.0861740112304688 0.0168943405151367 0.0169715881347656
-0.0823211669921875 -0.074462890625 0.015380859375 0.0441856384277344
-0.0462799072265625 -0.086639404296875 -0.0110664367675781 0.0670738220214844
0.00781250000000001 -0.108695983886719 -0.0454826354980469 0.047607421875
0.0795211791992188 -0.087615966796875 -0.0758285522460938 0.00233459472656248
0.147048950195313 0.0216522216796875 -0.0462722778320312 -0.0435600280761719
0.103660583496094 0.105178833007813 0.00933837890625001 -0.0429000854492187
0.0429840087890625 0.161239624023438 0.00933074951171875 0.0680503845214844
-0.0348587036132813 0.113258361816406 0.0802536010742188 0.106353759765625
0.000885009765625014 0.12823486328125 0.030670166015625 0.134956359863281
0.0981597900390625 0.1009521484375 0.0486373901367187 0.122634887695312
0.11102294921875 0.00965118408203125 0.088104248046875 0.0788497924804688
0.07684326171875 -0.0665512084960937 0.0800323486328125 0.02679443359375
-0.000762939453124995 -0.0887832641601562 0.0463066101074219 0.00718307495117187
-0.0501594543457031 -0.0672531127929688 0.0354843139648438 0.0163383483886719
-0.0579147338867188 -0.0734634399414063 0.0435218811035156 0.0350189208984375
-0.0727615356445313 -0.066253662109375 0.0429000854492187 0.0635261535644531
-0.0418548583984375 -0.0779571533203125 0.00864410400390624 0.0908203125
0.00871276855468751 -0.097686767578125 -0.0366134643554687 0.0698966979980469
0.0750198364257813 -0.0723037719726563 -0.0719070434570313 0.0217361450195313
0.1253662109375 0.0342636108398438 -0.0488815307617187 -0.0290794372558594
0.0689926147460938 0.10638427734375 0.0202541351318359 -0.023529052734375
-0.00137329101562499 0.129852294921875 0.0124435424804687 0.109565734863281
-0.0654335021972656 0.0424880981445313 0.0736160278320312 0.13421630859375
-0.0349655151367187 0.0776901245117188 0.0338897705078125 0.143402099609375
0.0418701171875 0.0779037475585938 0.0323486328125 0.118904113769531
0.0657463073730469 0.0201072692871094 0.06640625 0.0886917114257812
0.0512199401855469 -0.0359725952148438 0.06640625 0.0480918884277344
0.000415802001953131 -0.0586662292480469 0.0542793273925781 0.0332221984863281
-0.0332107543945312 -0.0446281433105469 0.0576896667480469 0.0335350036621094
-0.0396156311035156 -0.0504379272460937 0.0633354187011719 0.0470657348632813
-0.0535659790039063 -0.0497093200683594 0.0642471313476563 0.0780410766601563
-0.0315780639648437 -0.0602302551269531 0.0222015380859375 0.109169006347656
0.009857177734375 -0.0761947631835938 -0.03228759765625 0.0893020629882813
0.0629081726074219 -0.0499725341796875 -0.07147216796875 0.0386123657226563
0.0916900634765625 0.0424270629882813 -0.0562210083007812 -0.0186691284179687
0.02685546875 0.0947189331054688 0.0220623016357422 -0.00725746154785156
-0.0450820922851563 0.0806198120117188 0.00288391113281251 0.139259338378906
0.0701026916503906 -0.0132026672363281 -0.014129638671875 -0.150863647460938
0.00527572631835938 -0.0559501647949219 -0.0260696411132812 -0.00913619995117188
-0.0425949096679688 -0.0288429260253906 0.0665130615234375 0.0215339660644531
-0.0386962890625 0.0226860046386719 0.0964736938476563 -0.0512237548828125
-0.00722503662109375 0.0430870056152344 0.048309326171875 -0.107353210449219
0.0228195190429688 0.0290336608886719 -0.0266799926757812 -0.127792358398438
0.0185279846191406 0.0144710540771484 -0.0839080810546875 -0.0879592895507813
0.0110740661621094 0.0161724090576172 -0.0813064575195313 -0.0560760498046875
0.0103235244750977 0.0162878036499023 -0.0737075805664062 -0.0377120971679688
0.000194549560546874 0.0118350982666016 -0.067047119140625 -0.0483131408691406
-0.0151844024658203 0.00048542022705078 -0.0709991455078125 -0.0569839477539063
-0.0194759368896484 -0.0273208618164063 -0.0636672973632813 -0.0858535766601562
0.0278472900390625 -0.0400161743164063 -0.0217361450195312 -0.122711181640625
0.0697517395019531 -0.0191802978515625 -0.0405731201171875 -0.137985229492188
0.0879058837890625 0.0180740356445313 -0.067413330078125 -0.144790649414063
0.0914688110351563 0.0537338256835938 0.00773620605468749 -0.146713256835938
0.0475959777832031 -0.0110931396484375 -0.0178794860839844 -0.00558280944824219
0.0173187255859375 -0.0235252380371094 0.0793838500976563 0.0294342041015625
-0.00213336944580078 -0.0041816234588623 0.113044738769531 -0.0506820678710938
0.00281000137329102 0.00189471244812012 0.0603408813476563 -0.113685607910156
0.0072474479675293 -0.00364112854003906 -0.0250167846679687 -0.132102966308594
-0.00987720489501953 -0.0109882354736328 -0.0843505859375 -0.08782958984375
-0.0156478881835938 -0.0161561965942383 -0.0788497924804688 -0.0537948608398438
-0.0166797637939453 -0.0152568817138672 -0.074371337890625 -0.033203125
-0.00620841979980469 -0.0246677398681641 -0.0694007873535156 -0.0379981994628906
0.00667190551757813 -0.0359001159667969 -0.0735931396484375 -0.0482406616210938
0.0269088745117188 -0.0444717407226563 -0.0714645385742188 -0.0795059204101563
0.078704833984375 -0.0109634399414062 -0.0273208618164063 -0.111312866210938
0.0982666015625 0.0313491821289063 -0.0410614013671875 -0.122421264648437
0.103866577148438 0.087249755859375 -0.056976318359375 -0.121475219726563
0.094512939453125 0.11785888671875 0.0329742431640625 -0.121238708496094
0.079742431640625 0.0457992553710937 -0.00575256347656249 0.0118331909179688
0.0817947387695313 -0.0054473876953125 0.0913467407226563 0.04742431640625
0.0452079772949219 -0.0280647277832031 0.130058288574219 -0.0363693237304688
0.0215377807617188 -0.0418357849121094 0.0781097412109375 -0.107559204101563
-0.00562286376953125 -0.0409774780273438 -0.0141143798828125 -0.126220703125
-0.0351219177246094 -0.0377655029296875 -0.0729827880859375 -0.0785980224609375
-0.0407638549804687 -0.0467681884765625 -0.06463623046875 -0.0426597595214844
-0.0441360473632813 -0.042816162109375 -0.0632553100585937 -0.0194587707519531
-0.0182571411132812 -0.0554771423339844 -0.0649642944335938 -0.0157928466796875
0.0150184631347656 -0.0696601867675781 -0.0744705200195313 -0.0272445678710938
0.0580673217773438 -0.0672187805175781 -0.0819778442382812 -0.0637054443359375
0.120948791503906 0.0005340576171875 -0.0370025634765625 -0.0974044799804688
0.122116088867188 0.0647735595703125 -0.03619384765625 -0.102317810058594
0.109786987304688 0.137435913085938 -0.0417709350585937 -0.0805740356445312
0.07879638671875 0.164566040039062 0.0574417114257813 -0.0731430053710937
0.0924072265625 0.102516174316406 0.00805282592773438 0.0413360595703125
0.135139465332031 0.0256195068359375 0.0950546264648438 0.0732192993164063
0.0928115844726563 -0.0389862060546875 0.140098571777344 -0.008941650390625
0.0464019775390625 -0.0777740478515625 0.0943527221679688 -0.0854034423828125
-0.0115203857421875 -0.07513427734375 0.00250244140625 -0.105316162109375
-0.05377197265625 -0.0609169006347656 -0.0517616271972656 -0.0609321594238281
-0.060455322265625 -0.0702629089355469 -0.0418510437011719 -0.0252037048339844
-0.0672187805175781 -0.06170654296875 -0.04180908203125 0.000923156738281247
-0.0326690673828125 -0.0750579833984375 -0.0511436462402344 0.0128211975097656
0.01287841796875 -0.0947494506835938 -0.0695075988769531 -0.000576019287109369
0.0724716186523438 -0.0868988037109375 -0.0876235961914063 -0.0412521362304688
0.14739990234375 0.0020904541015625 -0.0451126098632812 -0.0799102783203125
0.133995056152344 0.08251953125 -0.0246429443359375 -0.0823898315429688
0.103958129882813 0.165267944335938 -0.0229835510253906 -0.0312728881835937
0.0453948974609375 0.181961059570313 0.0744552612304688 -0.0109100341796875
0.078460693359375 0.143356323242188 0.0200576782226563 0.0776748657226563
0.158523559570313 0.0641632080078125 0.0879287719726563 0.0991363525390625
0.127616882324219 -0.031463623046875 0.135528564453125 0.02496337890625
0.0701446533203125 -0.0949935913085938 0.101531982421875 -0.0496978759765625
-0.0111236572265625 -0.0979461669921875 0.02099609375 -0.0715560913085938
-0.062347412109375 -0.0750579833984375 -0.0229759216308594 -0.0359039306640625
-0.0706558227539063 -0.083770751953125 -0.0128498077392578 -0.0037994384765625
-0.081634521484375 -0.0715255737304688 -0.0136985778808594 0.0232524871826172
-0.0440673828125 -0.0849533081054687 -0.0309410095214844 0.04168701171875
0.0076751708984375 -0.107704162597656 -0.0587348937988281 0.0260353088378906
0.0770797729492188 -0.0939483642578125 -0.08502197265625 -0.0175094604492187
0.155136108398438 0.0063018798828125 -0.0479278564453125 -0.0620613098144531
0.127792358398438 0.09442138671875 -0.00783920288085936 -0.0628166198730469
0.082366943359375 0.172500610351562 -0.00311088562011718 0.019552230834961
0.00588989257812501 0.164764404296875 0.0819625854492188 0.052978515625
0.04437255859375 0.153228759765625 0.0279769897460938 0.111328125
0.144058227539062 0.0933074951171875 0.0707931518554688 0.116653442382813
0.134681701660156 -0.0113677978515625 0.116485595703125 0.0559844970703125
0.0825653076171875 -0.0899276733398438 0.095672607421875 -0.00993347167968751
-0.0071258544921875 -0.10321044921875 0.0362167358398438 -0.0314064025878906
-0.0616836547851563 -0.0773773193359375 0.00722551345825195 -0.00814008712768555
-0.07110595703125 -0.0839004516601563 0.0167474746704102 0.0166616439819336
-0.0840988159179687 -0.071685791015625 0.0160446166992187 0.0440444946289062
-0.0476608276367187 -0.0847854614257812 -0.00914382934570313 0.0682373046875
0.00562286376953124 -0.108375549316406 -0.0465888977050781 0.0497512817382813
0.077362060546875 -0.0890655517578125 -0.078948974609375 0.00462341308593749
0.147689819335938 0.01666259765625 -0.0483970642089844 -0.044403076171875
0.106117248535156 0.102363586425781 0.00838088989257814 -0.044464111328125
0.0460052490234375 0.160247802734375 0.0112762451171875 0.0676994323730469
-0.0326156616210938 0.115081787109375 0.0803756713867188 0.104606628417969
0.00430297851562501 0.129005432128906 0.0317840576171875 0.135421752929688
0.101631164550781 0.0976028442382813 0.0504989624023438 0.123405456542969
0.112106323242188 0.0073394775390625 0.0901870727539063 0.0773849487304688
0.0747222900390625 -0.0686721801757813 0.0813217163085938 0.0242462158203125
-0.00377655029296875 -0.0885467529296875 0.0471878051757812 0.00632095336914062
-0.0514678955078125 -0.06536865234375 0.035797119140625 0.0160293579101562
-0.0608978271484375 -0.0709609985351563 0.0435676574707031 0.0338249206542969
-0.0751571655273438 -0.0631103515625 0.0437660217285156 0.062408447265625
-0.0437088012695312 -0.0760574340820313 0.01141357421875 0.0911407470703125
0.00563812255859374 -0.0972366333007813 -0.0366363525390625 0.0720901489257813
0.0731887817382813 -0.0740127563476563 -0.0739974975585938 0.0238265991210937
0.126327514648438 0.0296401977539063 -0.0503807067871094 -0.0295982360839844
0.0716629028320312 0.104270935058594 0.0189056396484375 -0.0258045196533203
0.0016632080078125 0.129814147949219 0.0147705078125 0.108589172363281
-0.0642814636230469 0.0456924438476563 0.0734786987304688 0.132911682128906
-0.0324172973632813 0.0788421630859375 0.0349578857421875 0.143600463867188
0.0449905395507813 0.0753631591796875 0.0345840454101563 0.119682312011719
0.0670661926269531 0.0176773071289063 0.068878173828125 0.0876998901367188
0.0500602722167969 -0.0381813049316406 0.068572998046875 0.0464897155761719
-0.002197265625 -0.0583839416503906 0.0557174682617188 0.0322723388671875
-0.0345573425292969 -0.0422859191894531 0.0583877563476563 0.0323867797851563
-0.0421943664550781 -0.0483016967773438 0.0643959045410156 0.0450897216796875
-0.0550651550292969 -0.0466728210449219 0.0661239624023438 0.0762863159179688
-0.033050537109375 -0.0590629577636719 0.02569580078125 0.108863830566406
0.00708770751953125 -0.0761337280273438 -0.0321426391601563 0.0913009643554688
0.0603446960449219 -0.0521430969238281 -0.0724868774414063 0.0405654907226562
0.0929183959960938 0.0384979248046875 -0.0573348999023437 -0.0185623168945312
0.0305023193359375 0.0937118530273438 0.0206203460693359 -0.00946998596191406
-0.0431900024414063 0.0821380615234375 0.00547790527343751 0.138534545898438
0.0705642700195313 -0.013885498046875 -0.0151824951171875 -0.151840209960938
0.00350189208984375 -0.0564498901367188 -0.0258426666259766 -0.00777626037597657
-0.0440864562988281 -0.027618408203125 0.0683708190917969 0.0223808288574219
-0.0381507873535156 0.0241546630859375 0.0989532470703125 -0.0529708862304688
-0.00608444213867188 0.0440101623535156 0.0493316650390625 -0.110069274902344
0.0240211486816406 0.0279979705810547 -0.0281219482421875 -0.1307373046875
0.0187397003173828 0.0129261016845703 -0.0858154296875 -0.0885467529296875
0.0117816925048828 0.0157804489135742 -0.0831985473632812 -0.0552444458007813
0.0111150741577148 0.0151777267456055 -0.074371337890625 -0.037322998046875
0.000980377197265626 0.0107288360595703 -0.0685615539550781 -0.0484428405761719
-0.0142612457275391 0.0004119873046875 -0.0734024047851562 -0.0569534301757813
-0.02008056640625 -0.0260658264160156 -0.0649795532226563 -0.0870819091796875
0.0269088745117188 -0.0402603149414063 -0.021514892578125 -0.125999450683594
0.0695266723632813 -0.0210952758789063 -0.0397796630859375 -0.140174865722656
0.0884246826171875 0.016815185546875 -0.066009521484375 -0.145156860351563
0.0922470092773438 0.0533523559570313 0.00700378417968751 -0.147216796875
0.0467796325683594 -0.0113029479980469 -0.0176353454589844 -0.00326919555664063
0.0168876647949219 -0.0228939056396484 0.0817031860351563 0.0304946899414063
-0.00105023384094238 -0.00342130661010742 0.115325927734375 -0.0520782470703125
0.00422310829162598 0.00214815139770508 0.0615234375 -0.116966247558594
0.0078577995300293 -0.00465059280395508 -0.0261154174804687 -0.134437561035156
-0.00956821441650391 -0.0123805999755859 -0.0866165161132813 -0.0875473022460937
-0.0156917572021484 -0.0170249938964844 -0.0809478759765625 -0.0529403686523437
-0.0162725448608398 -0.0169525146484375 -0.0755462646484375 -0.0327911376953125
-0.00491905212402344 -0.0261325836181641 -0.0713882446289063 -0.0386810302734375
0.0076446533203125 -0.036376953125 -0.076202392578125 -0.04815673828125
0.0275306701660156 -0.0436782836914063 -0.0738296508789063 -0.0806503295898438
0.0792922973632813 -0.0110321044921875 -0.0275497436523437 -0.114784240722656
0.09808349609375 0.031097412109375 -0.0406417846679687 -0.124473571777344
0.103965759277344 0.0864028930664062 -0.0554885864257812 -0.121734619140625
0.0958099365234375 0.118331909179687 0.0323715209960938 -0.12109375
0.0800094604492187 0.0460281372070312 -0.00603008270263671 0.0145912170410156
0.081878662109375 -0.00566864013671875 0.09320068359375 0.0493316650390625
0.0464553833007813 -0.0274581909179688 0.132293701171875 -0.037811279296875
0.0225753784179687 -0.0422096252441406 0.07952880859375 -0.110435485839844
-0.00446319580078125 -0.0418777465820312 -0.0147857666015625 -0.128364562988281
-0.0354080200195313 -0.0386505126953125 -0.0748291015625 -0.0782928466796875
-0.0419044494628906 -0.0474929809570312 -0.0667724609375 -0.0418586730957031
-0.0443687438964844 -0.0436248779296875 -0.0643463134765625 -0.0182762145996094
-0.0175704956054687 -0.0566024780273438 -0.0663528442382812 -0.0152130126953125
0.01617431640625 -0.0712966918945312 -0.0778427124023438 -0.0269088745117188
0.0589065551757813 -0.0669021606445313 -0.0852890014648438 -0.0640411376953125
0.122169494628906 0.0001373291015625 -0.0378494262695313 -0.100906372070313
0.122581481933594 0.0644302368164063 -0.0361709594726563 -0.10467529296875
0.110267639160156 0.137596130371094 -0.0403289794921875 -0.0809783935546875
0.079498291015625 0.165725708007813 0.0566482543945313 -0.0726547241210937
0.0929031372070313 0.103073120117187 0.0076751708984375 0.0444412231445313
0.136367797851563 0.025054931640625 0.0970382690429688 0.0751113891601563
0.094482421875 -0.0388717651367188 0.142654418945313 -0.010467529296875
0.0470733642578125 -0.078521728515625 0.0961761474609375 -0.0881881713867188
-0.0110397338867188 -0.0761871337890625 0.0020904541015625 -0.107002258300781
-0.053985595703125 -0.0617713928222656 -0.0530204772949219 -0.0604324340820313
-0.0618209838867187 -0.0709686279296875 -0.0431976318359375 -0.0245361328125
-0.06805419921875 -0.06207275390625 -0.0429916381835938 0.002410888671875
-0.0326919555664063 -0.0767745971679688 -0.052398681640625 0.0145187377929687
0.0134353637695312 -0.096405029296875 -0.072662353515625 0.000274658203125001
0.0735015869140625 -0.0875473022460938 -0.0912628173828125 -0.040557861328125
0.14874267578125 0.001190185546875 -0.0469207763671875 -0.08343505859375
0.1348876953125 0.0831985473632813 -0.0247116088867187 -0.0845947265625
0.105270385742188 0.166473388671875 -0.0218658447265625 -0.0316505432128906
0.0464630126953125 0.18365478515625 0.0734481811523438 -0.0101394653320312
0.0795440673828125 0.144668579101563 0.0194091796875 0.0812149047851563
0.160110473632813 0.0637054443359375 0.0894241333007813 0.101631164550781
0.1295166015625 -0.0311126708984375 0.138046264648438 0.0248184204101562
0.0710983276367188 -0.0962905883789063 0.103523254394531 -0.0521392822265625
-0.0107955932617188 -0.0992202758789063 0.0209503173828125 -0.0731353759765625
-0.0629425048828125 -0.0758438110351563 -0.023590087890625 -0.0353317260742188
-0.072723388671875 -0.0838851928710938 -0.0139789581298828 -0.00299167633056641
-0.0829849243164063 -0.0716400146484375 -0.0145206451416016 0.0244197845458984
-0.04400634765625 -0.0856781005859375 -0.0315170288085938 0.0433349609375
0.00843048095703126 -0.108932495117188 -0.0617637634277344 0.0273590087890625
0.0782852172851563 -0.0947265625 -0.089019775390625 -0.0162734985351563
0.156753540039062 0.0056610107421875 -0.0501251220703125 -0.0651779174804687
0.129570007324219 0.0948333740234375 -0.00847244262695312 -0.0653038024902344
0.0839385986328125 0.173385620117188 -0.00225067138671874 0.0198040008544922
0.0061492919921875 0.1671142578125 0.0811233520507813 0.0537567138671875
0.045623779296875 0.1552734375 0.0266799926757813 0.114479064941406
0.146987915039063 0.09295654296875 0.0715789794921875 0.119674682617187
0.137077331542969 -0.0117568969726562 0.117942810058594 0.0562515258789063
0.083221435546875 -0.09222412109375 0.0979080200195313 -0.0113754272460938
-0.00739288330078126 -0.103897094726563 0.0367317199707031 -0.0321311950683594
-0.0624847412109375 -0.0776290893554688 0.0075836181640625 -0.00812625885009766
-0.0730743408203125 -0.0833206176757813 0.0165567398071289 0.0172080993652344
-0.0857391357421875 -0.07086181640625 0.0162200927734375 0.0456962585449219
-0.0479354858398438 -0.08514404296875 -0.00880813598632813 0.0700492858886719
0.00516510009765625 -0.109298706054688 -0.0486640930175781 0.0519561767578125
0.07757568359375 -0.0903396606445313 -0.0823974609375 0.00611114501953124
0.14910888671875 0.015777587890625 -0.0502662658691406 -0.0463294982910156
0.107955932617188 0.102935791015625 0.00761032104492188 -0.0470352172851563
0.0467681884765625 0.161102294921875 0.0118179321289063 0.0678215026855469
-0.0326080322265625 0.118034362792969 0.0789642333984375 0.106307983398438
0.00514984130859374 0.130668640136719 0.0306777954101563 0.138893127441406
0.104026794433594 0.0972061157226563 0.050872802734375 0.126243591308594
0.113739013671875 0.006500244140625 0.0920333862304688 0.077911376953125
0.0752944946289063 -0.0711212158203125 0.083770751953125 0.0238113403320313
-0.00411224365234374 -0.0893096923828125 0.0482635498046875 0.00599288940429687
-0.0521697998046875 -0.0648040771484375 0.0368080139160156 0.0168647766113281
-0.062896728515625 -0.0707015991210938 0.043853759765625 0.0341148376464844
-0.0766372680664063 -0.0620269775390625 0.0447273254394531 0.0633430480957031
-0.044403076171875 -0.0757293701171875 0.0120086669921875 0.0926895141601563
0.00495910644531249 -0.097808837890625 -0.038848876953125 0.0743331909179688
0.0725326538085938 -0.0752334594726563 -0.076812744140625 0.02569580078125
0.127952575683594 0.0281600952148437 -0.0523414611816406 -0.031524658203125
0.0738601684570312 0.104988098144531 0.0180377960205078 -0.0280323028564453
0.00181579589843751 0.131340026855469 0.0149993896484375 0.109169006347656
-0.0644912719726562 0.0480880737304688 0.0717086791992188 0.134468078613281
-0.03125 0.080291748046875 0.0337677001953125 0.1461181640625
0.0472793579101563 0.0746994018554687 0.0349807739257813 0.122795104980469
0.0683822631835938 0.0167465209960938 0.0703125 0.0890350341796875
0.0498275756835938 -0.0395278930664063 0.0705337524414063 0.0472030639648437
-0.00322341918945313 -0.0588798522949219 0.0575599670410156 0.0323677062988281
-0.035186767578125 -0.0418968200683594 0.0594825744628906 0.0325241088867188
-0.0439414978027344 -0.0475120544433594 0.0643386840820313 0.045440673828125
-0.0564346313476563 -0.0449867248535156 0.0674057006835937 0.0765151977539062
-0.0344467163085938 -0.0587120056152344 0.0266189575195312 0.110580444335937
0.006011962890625 -0.0764846801757813 -0.033203125 0.0934295654296875
0.0601234436035156 -0.0529899597167969 -0.0756683349609375 0.0417556762695313
0.0941925048828125 0.0369873046875 -0.0586090087890625 -0.0201416015625
0.032684326171875 0.094024658203125 0.0197105407714844 -0.0115222930908203
-0.043365478515625 0.0833816528320313 0.0052947998046875 0.139854431152344
0.0726089477539063 -0.01513671875 -0.0154876708984375 -0.1568603515625
0.00264358520507812 -0.0577964782714844 -0.026580810546875 -0.00664710998535157
-0.0460853576660156 -0.0268402099609375 0.0718460083007813 0.024505615234375
-0.0383415222167969 0.0255813598632812 0.103981018066406 -0.05487060546875
-0.00436782836914062 0.0455703735351563 0.052093505859375 -0.114898681640625
0.0253582000732422 0.0277786254882813 -0.029693603515625 -0.136619567871094
0.0192604064941406 0.0119800567626953 -0.0900039672851562 -0.0910186767578125
0.0124912261962891 0.0153923034667969 -0.0861892700195313 -0.0565185546875
0.0116424560546875 0.0139856338500977 -0.0770187377929688 -0.0388412475585938
0.00165081024169922 0.00990581512451172 -0.0716171264648438 -0.0506057739257813
-0.0137853622436523 0.000521659851074222 -0.0773239135742187 -0.0586395263671875
-0.0202178955078125 -0.0252304077148438 -0.0680160522460937 -0.0908889770507813
0.0276336669921875 -0.0410575866699219 -0.0212554931640625 -0.132377624511719
0.0700798034667969 -0.0221290588378906 -0.0391693115234375 -0.145660400390625
0.090423583984375 0.0170822143554688 -0.0643310546875 -0.14996337890625
0.0948333740234375 0.0550308227539062 0.00717163085937501 -0.151641845703125
0.0468559265136719 -0.0110397338867187 -0.0178775787353516 -0.0014190673828125
0.0165882110595703 -0.0223484039306641 0.0855560302734375 0.0326919555664063
0.00015115737915039 -0.00226187705993652 0.120185852050781 -0.0542221069335937
0.00586318969726563 0.00300359725952148 0.064910888671875 -0.122039794921875
0.00929546356201172 -0.00599002838134766 -0.02764892578125 -0.140762329101563
-0.009368896484375 -0.0138845443725586 -0.0904998779296875 -0.0904922485351563
-0.0163707733154297 -0.0186309814453125 -0.0844802856445313 -0.0533294677734375
-0.0167732238769531 -0.0187034606933594 -0.0781707763671875 -0.0332260131835938
-0.00433540344238281 -0.0283355712890625 -0.074920654296875 -0.0398483276367188
0.00917816162109375 -0.0383758544921875 -0.0805816650390625 -0.0496978759765625
0.0292930603027344 -0.0436325073242188 -0.07763671875 -0.0839996337890625
0.0814132690429688 -0.0108261108398437 -0.0275802612304687 -0.121482849121094
0.0999069213867188 0.0319137573242188 -0.0403060913085937 -0.129241943359375
0.106124877929688 0.0895233154296875 -0.0538482666015625 -0.125732421875
0.0979843139648437 0.121818542480469 0.0327529907226563 -0.124595642089844
0.0812301635742188 0.0477752685546875 -0.00618171691894531 0.0177021026611328
0.0840530395507813 -0.00487518310546875 0.0974502563476563 0.0525283813476563
0.0489158630371094 -0.0270004272460938 0.138412475585938 -0.0394668579101563
0.0243034362792969 -0.0429534912109375 0.0829620361328125 -0.115875244140625
-0.00341033935546875 -0.0438880920410156 -0.0159988403320313 -0.133522033691406
-0.0360565185546875 -0.041473388671875 -0.0779800415039063 -0.0805206298828125
-0.0433807373046875 -0.0497550964355469 -0.0695953369140625 -0.0421257019042969
-0.0457038879394531 -0.0463409423828125 -0.0670242309570313 -0.0177040100097656
-0.0168075561523438 -0.06005859375 -0.0694961547851562 -0.0154800415039062
0.0178680419921875 -0.074188232421875 -0.0828094482421875 -0.027313232421875
0.0618782043457031 -0.0682563781738281 -0.0905532836914063 -0.0661544799804688
0.126571655273438 0.000701904296875 -0.0395736694335937 -0.107337951660156
0.125244140625 0.0672149658203125 -0.036102294921875 -0.10943603515625
0.113250732421875 0.1424560546875 -0.0388107299804688 -0.0832138061523437
0.0815277099609375 0.171249389648437 0.0574264526367188 -0.0742416381835938
0.0953445434570313 0.106918334960938 0.00745773315429688 0.0489730834960938
0.14031982421875 0.0264892578125 0.100936889648438 0.0797348022460938
0.09832763671875 -0.0386428833007812 0.148529052734375 -0.0109100341796875
0.0495834350585938 -0.080810546875 0.10028076171875 -0.0929336547851563
-0.0102386474609375 -0.0790557861328125 0.0019989013671875 -0.11175537109375
-0.0552482604980469 -0.0644721984863281 -0.0548629760742188 -0.0617179870605469
-0.0645370483398438 -0.0735855102539063 -0.0454025268554688 -0.0241813659667969
-0.0703201293945313 -0.0643539428710937 -0.0448684692382813 0.00377273559570313
-0.03228759765625 -0.0798187255859375 -0.0550880432128906 0.0150566101074219
0.0150146484375 -0.100044250488281 -0.0773544311523438 0.00140380859375001
0.0771102905273437 -0.0893020629882813 -0.0972137451171875 -0.041259765625
0.153976440429688 0.00189208984375 -0.0487594604492187 -0.0889434814453125
0.138626098632813 0.0864944458007812 -0.0255203247070313 -0.08880615234375
0.107437133789063 0.172225952148437 -0.0207939147949219 -0.0326099395751953
0.0473785400390625 0.191055297851563 0.0738754272460937 -0.00914764404296874
0.0818328857421875 0.1497802734375 0.0191726684570312 0.0865097045898438
0.165634155273438 0.0654144287109375 0.0922470092773438 0.106704711914062
0.134674072265625 -0.0314712524414062 0.143508911132812 0.025421142578125
0.07403564453125 -0.0997314453125 0.10845947265625 -0.0553207397460938
-0.0103836059570313 -0.102325439453125 0.0212631225585938 -0.0756759643554687
-0.0647354125976563 -0.0788192749023438 -0.0247383117675781 -0.0361824035644531
-0.0756378173828125 -0.0860366821289063 -0.0149211883544922 -0.00236511230468751
-0.0854721069335938 -0.0737838745117187 -0.0151176452636719 0.0268783569335937
-0.0444717407226562 -0.0887680053710938 -0.0330772399902344 0.0455818176269531
0.00928497314453125 -0.112632751464844 -0.0665092468261719 0.0301322937011719
0.0814590454101563 -0.097747802734375 -0.094940185546875 -0.0156097412109375
0.162582397460938 0.0057373046875 -0.0530319213867187 -0.0692291259765625
0.133323669433594 0.0981979370117188 -0.00894927978515624 -0.0692710876464844
0.0844879150390625 0.179244995117188 -0.001220703125 0.020620346069336
0.00601196289062501 0.173568725585938 0.081451416015625 0.0567855834960938
0.0470733642578125 0.160659790039063 0.02569580078125 0.121208190917969
0.151885986328125 0.095428466796875 0.0737457275390625 0.125572204589844
0.141998291015625 -0.0113677978515625 0.122718811035156 0.0585403442382812
0.0865402221679688 -0.095611572265625 0.10211181640625 -0.0125045776367188
-0.00701904296875001 -0.107475280761719 0.0383338928222656 -0.0334739685058594
-0.063934326171875 -0.07965087890625 0.00764894485473632 -0.00734615325927735
-0.076019287109375 -0.0855636596679688 0.0163288116455078 0.0185375213623047
-0.0886764526367187 -0.0723419189453125 0.0164375305175781 0.0482101440429687
-0.0487518310546875 -0.0876007080078125 -0.0096282958984375 0.073272705078125
0.00572204589843751 -0.112503051757813 -0.0528144836425781 0.05572509765625
0.0805740356445313 -0.0924530029296875 -0.0879745483398438 0.0074462890625
0.1541748046875 0.015777587890625 -0.0533256530761719 -0.0504875183105469
0.111335754394531 0.106590270996094 0.00699615478515626 -0.0502700805664062
0.0474700927734375 0.1676025390625 0.0122528076171875 0.0705184936523438
-0.0337677001953125 0.122795104980469 0.0785980224609375 0.110519409179688
0.00513458251953125 0.135551452636719 0.0290374755859375 0.145736694335938
0.108001708984375 0.0993881225585938 0.05206298828125 0.132400512695313
0.118255615234375 0.007110595703125 0.0953826904296875 0.08135986328125
0.077423095703125 -0.074127197265625 0.0872268676757813 0.0241546630859375
-0.00504302978515625 -0.0919876098632813 0.0503463745117188 0.00661087036132812
-0.0536651611328125 -0.0668144226074219 0.0382194519042969 0.0177841186523437
-0.0657501220703125 -0.071746826171875 0.0450859069824219 0.035430908203125
-0.0792694091796875 -0.0625534057617187 0.0465126037597656 0.0662803649902344
-0.04510498046875 -0.0780029296875 0.0124969482421875 0.0962905883789063
0.00524902343750001 -0.100685119628906 -0.0419464111328125 0.078521728515625
0.074920654296875 -0.0774993896484375 -0.081787109375 0.02734375
0.132232666015625 0.0283126831054687 -0.0551872253417969 -0.0341758728027344
0.0771942138671875 0.10809326171875 0.017242431640625 -0.0308589935302734
0.00121307373046876 0.136238098144531 0.0150299072265625 0.112594604492188
-0.0658531188964844 0.0505256652832031 0.0710830688476563 0.139389038085938
-0.0316925048828125 0.0832366943359375 0.031768798828125 0.152664184570313
0.0495681762695313 0.0759048461914063 0.0351715087890625 0.128684997558594
0.0706939697265625 0.01678466796875 0.0731582641601563 0.0931243896484375
0.0505752563476563 -0.0417938232421875 0.0737228393554688 0.0490188598632813
-0.00431442260742187 -0.0605926513671875 0.0604209899902344 0.0335960388183594
-0.0361671447753906 -0.0420799255371094 0.0621337890625 0.0339393615722656
-0.0462303161621094 -0.0471687316894531 0.0667266845703125 0.0467796325683594
-0.0585975646972656 -0.0445671081542969 0.0699844360351563 0.0794525146484375
-0.0355148315429688 -0.0595664978027344 0.0277862548828125 0.114692687988281
0.00535583496093751 -0.0787506103515625 -0.0360641479492187 0.098297119140625
0.0617599487304688 -0.0551033020019531 -0.0801239013671875 0.04412841796875
0.0977325439453125 0.03680419921875 -0.061981201171875 -0.0220947265625
0.03448486328125 0.0963973999023438 0.0189151763916016 -0.0139007568359375
-0.0446395874023437 0.087005615234375 0.00508117675781249 0.14434814453125
0.0757522583007813 -0.0180740356445313 -0.0186309814453125 -0.164703369140625
0.000373840332031251 -0.0597038269042969 -0.0273628234863281 -0.00550651550292969
-0.0495414733886719 -0.0262489318847656 0.077850341796875 0.026031494140625
-0.038665771484375 0.0282440185546875 0.110130310058594 -0.05963134765625
-0.00207901000976562 0.0481300354003906 0.0541152954101563 -0.123756408691406
0.0273113250732422 0.0277614593505859 -0.03387451171875 -0.144744873046875
0.0203723907470703 0.0112705230712891 -0.0968856811523438 -0.0941009521484375
0.0135717391967773 0.0154132843017578 -0.0924148559570313 -0.0569534301757813
0.012293815612793 0.0135202407836914 -0.0814971923828125 -0.0397491455078125
0.00230789184570313 0.00915813446044922 -0.0777969360351563 -0.052215576171875
-0.0137176513671875 0.000699043273925782 -0.0836334228515625 -0.0603256225585938
-0.0202083587646484 -0.0241146087646484 -0.073822021484375 -0.095611572265625
0.0271644592285156 -0.0432929992675781 -0.0237884521484375 -0.141921997070312
0.0716552734375 -0.024505615234375 -0.041290283203125 -0.153244018554688
0.0947494506835938 0.016204833984375 -0.0662078857421875 -0.157211303710938
0.09967041015625 0.05560302734375 0.0052032470703125 -0.158798217773438
0.0478363037109375 -0.0115242004394531 -0.0182685852050781 0.000509262084960938
0.0163288116455078 -0.0225467681884766 0.0918197631835938 0.0341873168945313
0.00109803676605225 -0.00149762630462646 0.127090454101563 -0.0589981079101563
0.00786066055297852 0.00329017639160156 0.0667648315429688 -0.131591796875
0.0108909606933594 -0.00750923156738281 -0.031982421875 -0.149200439453125
-0.0102653503417969 -0.0156669616699219 -0.0973892211914062 -0.0930709838867188
-0.0171794891357422 -0.019989013671875 -0.0903778076171875 -0.0537872314453125
-0.0175724029541016 -0.0206985473632812 -0.0833969116210938 -0.0333786010742188
-0.00406265258789062 -0.0315284729003906 -0.0806503295898438 -0.0407867431640625
0.0102958679199219 -0.0407257080078125 -0.0880966186523437 -0.0502166748046875
0.0311851501464844 -0.0447578430175781 -0.08453369140625 -0.08770751953125
0.0852508544921875 -0.011993408203125 -0.0310897827148437 -0.130607604980469
0.103973388671875 0.032623291015625 -0.0430068969726562 -0.136276245117188
0.112060546875 0.09295654296875 -0.0550308227539062 -0.132194519042969
0.104103088378906 0.126075744628906 0.0325393676757813 -0.130294799804688
0.0849380493164063 0.0501022338867188 -0.0061817169189453 0.0211067199707031
0.08795166015625 -0.00580596923828125 0.104270935058594 0.0551605224609375
0.0522499084472656 -0.0276832580566406 0.146087646484375 -0.0437469482421875
0.0265007019042969 -0.0449790954589844 0.0865020751953125 -0.125312805175781
-0.00294876098632813 -0.0470809936523437 -0.0194854736328125 -0.141250610351563
-0.0382080078125 -0.0438461303710938 -0.08428955078125 -0.0834503173828125
-0.0467758178710938 -0.052215576171875 -0.0750579833984375 -0.0422134399414062
-0.0486068725585938 -0.0492477416992187 -0.0710906982421875 -0.016754150390625
-0.0175971984863281 -0.0641441345214844 -0.0745010375976563 -0.0150299072265625
0.0196380615234375 -0.0792694091796875 -0.08984375 -0.026702880859375
0.0656204223632813 -0.0712432861328125 -0.0984268188476563 -0.068145751953125
0.133392333984375 -0.000244140625 -0.0432968139648438 -0.115776062011719
0.131500244140625 0.0699844360351563 -0.03887939453125 -0.115890502929688
0.120315551757813 0.148529052734375 -0.0398178100585938 -0.0875930786132812
0.0874786376953125 0.179611206054688 0.0587539672851563 -0.077850341796875
0.100624084472656 0.111343383789063 0.00848007202148439 0.0538711547851563
0.147613525390625 0.0255584716796875 0.108375549316406 0.0843734741210937
0.104095458984375 -0.0406265258789063 0.157135009765625 -0.0136566162109375
0.0516433715820313 -0.0856475830078125 0.105171203613281 -0.101318359375
-0.010772705078125 -0.0841293334960938 -0.00019073486328124 -0.118362426757812
-0.0586891174316406 -0.0677642822265625 -0.05938720703125 -0.0638580322265625
-0.0693511962890625 -0.0765228271484375 -0.0489768981933594 -0.023590087890625
-0.0750961303710938 -0.0678024291992188 -0.0474815368652344 0.00615692138671875
-0.0339889526367187 -0.0846710205078125 -0.0582809448242188 0.0173568725585937
0.015716552734375 -0.10638427734375 -0.0846023559570313 0.00397491455078126
0.0808181762695313 -0.09429931640625 -0.105842590332031 -0.0408096313476562
0.16241455078125 -0.0001220703125 -0.05438232421875 -0.0960922241210938
0.14617919921875 0.089752197265625 -0.02801513671875 -0.0950927734375
0.115249633789063 0.180908203125 -0.0203723907470703 -0.0343513488769531
0.05267333984375 0.201370239257813 0.07659912109375 -0.00941467285156249
0.08721923828125 0.157028198242188 0.0202560424804687 0.0940170288085938
0.174896240234375 0.066192626953125 0.0992965698242188 0.11334228515625
0.142471313476562 -0.0337066650390625 0.1522216796875 0.02459716796875
0.0773162841796875 -0.106163024902344 0.113975524902344 -0.0616836547851563
-0.0112762451171875 -0.108413696289063 0.0217056274414062 -0.08038330078125
-0.0686264038085937 -0.0824813842773438 -0.0262680053710937 -0.0369033813476563
-0.0818023681640625 -0.0893402099609375 -0.0165519714355469 -0.00133705139160157
-0.0918121337890625 -0.0762710571289062 -0.0157546997070313 0.0300369262695313
-0.0469970703125 -0.0934829711914063 -0.034515380859375 0.0498504638671875
0.00895690917968749 -0.11932373046875 -0.0721664428710938 0.03411865234375
0.085693359375 -0.10333251953125 -0.102943420410156 -0.0138397216796875
0.171218872070313 0.0037689208984375 -0.05865478515625 -0.0754318237304688
0.1414794921875 0.102371215820312 -0.0107574462890625 -0.0749740600585938
0.0913848876953125 0.18878173828125 8.01086425781319E-05 0.0213642120361328
0.00886535644531251 0.184051513671875 0.0845108032226562 0.0595245361328125
0.051116943359375 0.169525146484375 0.0278549194335937 0.130195617675781
0.161544799804688 0.0976104736328125 0.0793304443359375 0.133491516113281
0.150405883789062 -0.013397216796875 0.130821228027344 0.06048583984375
0.089447021484375 -0.102615356445313 0.108650207519531 -0.01605224609375
-0.00856781005859376 -0.113319396972656 0.0400466918945312 -0.0362777709960938
-0.06781005859375 -0.0833053588867188 0.00838613510131836 -0.00719165802001954
-0.0825881958007812 -0.0881118774414063 0.0170249938964844 0.0198707580566406
-0.0946426391601563 -0.0741806030273437 0.0183639526367187 0.0520591735839844
-0.0518798828125 -0.0913009643554688 -0.00893402099609375 0.0782012939453125
0.00489044189453124 -0.118522644042969 -0.0570907592773438 0.0615196228027344
0.0843124389648438 -0.0987548828125 -0.0953140258789063 0.0105514526367188
0.16302490234375 0.0141143798828125 -0.0591697692871094 -0.0545272827148438
0.119293212890625 0.111091613769531 0.00564956665039063 -0.0549278259277344
0.0521392822265625 0.176498413085938 0.014251708984375 0.0738067626953125
-0.0329208374023438 0.131690979003906 0.0821685791015625 0.116218566894531
0.00810241699218749 0.143173217773438 0.0307159423828125 0.155563354492187
0.115913391113281 0.102531433105469 0.055816650390625 0.140899658203125
0.125579833984375 0.005340576171875 0.102066040039063 0.085357666015625
0.080322265625 -0.0799102783203125 0.0937881469726563 0.02386474609375
-0.00716400146484376 -0.0968856811523438 0.0537757873535156 0.00599288940429687
-0.0571060180664062 -0.0692558288574219 0.0413436889648437 0.0186233520507812
-0.0713882446289063 -0.0736846923828125 0.0475578308105469 0.037506103515625
-0.08441162109375 -0.0631942749023438 0.0502586364746094 0.0698928833007813
-0.048583984375 -0.0809402465820313 0.0139083862304688 0.102638244628906
0.00361633300781251 -0.106048583984375 -0.0448150634765625 0.0855255126953125
0.0776596069335938 -0.0823593139648438 -0.088409423828125 0.0312957763671875
0.139778137207031 0.0266571044921875 -0.0601844787597656 -0.0374221801757813
0.08294677734375 0.112602233886719 0.0166645050048828 -0.0348777770996094
0.00297546386718751 0.144805908203125 0.017425537109375 0.118766784667969
-0.0679206848144531 0.0552444458007813 0.0744171142578125 0.14703369140625
-0.0315933227539063 0.0880203247070313 0.0339508056640625 0.162643432617188
0.0539779663085937 0.0781784057617187 0.0384292602539063 0.13763427734375
0.0751190185546875 0.0158233642578125 0.0792160034179688 0.098388671875
0.0520248413085938 -0.045623779296875 0.0797348022460938 0.0500030517578125
-0.00637054443359375 -0.063446044921875 0.0652503967285156 0.0342941284179687
-0.0391921997070313 -0.0428428649902344 0.0664482116699219 0.0350151062011719
-0.0502204895019531 -0.0480842590332031 0.07080078125 0.0482101440429687
-0.0627517700195312 -0.0446510314941406 0.0754623413085938 0.0832443237304688
-0.0385627746582031 -0.0612335205078125 0.031402587890625 0.1212158203125
0.00385284423828125 -0.0826797485351563 -0.0381851196289063 0.106422424316406
0.0641632080078125 -0.0585403442382813 -0.0854339599609375 0.0485610961914063
0.103652954101563 0.0360565185546875 -0.066925048828125 -0.0243110656738281
0.0387649536132813 0.100570678710938 0.0182685852050781 -0.0168132781982422
-0.04534912109375 0.0931930541992187 0.00694274902343749 0.152755737304687
-0.0514235462443329 -0.0339619642374389 0.1315164271704 -0.101875351193179
-0.0472069493536506 0.0395420699664344 -4.40936125188843E-05 -0.020962255492521
0.000156996345323502 0.0584256133440652 0.0300490235438796 0.0844687825814507
0.0451972381284796 0.0193934440967275 0.11199183923818 0.059674345139395
0.0335717521301218 -0.0232124068177611 0.145472941776543 -0.0224150527929807
0.00407880187748548 -0.0233876162208482 0.11568987300518 -0.0983446246247878
0.0044292548046529 -0.0186112829828251 0.0530399299498337 -0.130747373838842
0.00865998547585289 -0.0171219921068 0.0084082422616453 -0.120479866459446
0.00855548640901106 -0.0135471070330484 0.00167155307610721 -0.0972602977582366
0.0102246880424658 -0.00546218783950001 0.00648514075998931 -0.0968558659380542
0.0132629989257116 0.0124942733085283 0.0157613352456491 -0.114714323296734
-0.00341800282157486 0.0384185507486965 0.0595190015806082 -0.121115615476315
-0.051503808265514 0.0240346347902193 0.112172823811465 -0.0980984101428058
-0.0606130218459833 -0.0309284309405232 0.112942699712429 -0.109055899010957
-0.0311168910855458 -0.0766513377845916 0.0770450446540603 -0.149070927184193
-0.00522360312577814 -0.0949760938717097 0.128730633771014 -0.0807741481206441
-0.03887485394349 -0.0330605505562621 -0.0157763328987858 -0.00733041485030679
-0.0389935137207783 -0.00134055042168926 0.0210097483372043 0.117731507457114
-0.0125318318468922 0.00536704178814727 0.123743862521283 0.0908213584942204
-0.00949493970858541 0.00486581968418088 0.167073842388906 -0.0117509247354538
-0.0133096709948791 0.0131924369378 0.126026008267593 -0.0984334074349356
-0.00417923249895033 0.0245205180544153 0.0588861610630292 -0.130007096565143
0.00237607085305584 0.02981836223481 0.0105866719593742 -0.118391074398841
-0.00409726167155468 0.0336041649990689 -0.000337537201612272 -0.0955790077052151
-0.0194145323028341 0.0262730246586567 -0.00104802082471126 -0.0897778718515007
-0.0361863187499911 0.0235141511358433 0.00551297627872793 -0.107207370193928
-0.0550024800078079 0.00397508039533044 0.0409530307181094 -0.119059065114587
-0.0722835340015137 -0.0409294611193435 0.0916238605547581 -0.0960181675082789
-0.0350972628270453 -0.0927719072178803 0.090847532958432 -0.106859466995865
0.0210201442696451 -0.131433720865423 0.0617312148185161 -0.133143057713796
0.0482705845968097 -0.140444648056199 0.108857179495996 -0.0456387175523472
-0.0128911812942613 -0.107445254372224 -0.0457904141828073 0.0136318661666643
-0.0702748548785484 -0.0751773892452677 -0.00555456480066131 0.157179983732839
-0.075655148682518 -0.021969192649699 0.11957498755658 0.133526925489386
-0.0624455501783524 0.027449089518908 0.179558448596022 0.0155514132752068
-0.0373864792693488 0.0484178757136628 0.131338263627191 -0.0822772391696152
-0.0158249854912291 0.0656229713987343 0.0605865154327105 -0.111551420858627
-0.00339912197936605 0.0731406589535607 0.0103020411536749 -0.0984355682916618
-0.0109447513838195 0.0774885164870021 -0.00703265973304174 -0.0760416296463785
-0.0379779185227089 0.0575681310833221 -0.0161494631053169 -0.0685063356169223
-0.0720357692665715 0.0429063496895366 -0.0165758728278307 -0.0918151457438611
-0.100887627130156 -0.0110287669436979 0.01228551926157 -0.11504941711814
-0.098920821426744 -0.0839862147945382 0.0671652287074053 -0.0962535489026089
-0.0230033510766987 -0.139587667177646 0.0695952051852842 -0.0957949959494923
0.0616105752358905 -0.168751747873318 0.0346534768724474 -0.099718959778069
0.0984095596282541 -0.161902600480292 0.0708089783840744 0.00122835860389576
0.0268505808683179 -0.165354550683771 -0.0832242966943194 0.0388627768273709
-0.0811948416009069 -0.149433120386414 -0.0466550533308586 0.187678476527413
-0.127320005582253 -0.061766907147793 0.0937570751609966 0.176152481804012
-0.115107713172339 0.0374307295732753 0.173308265167515 0.0524160780897648
-0.0630837582921236 0.0756847022496774 0.124270763236273 -0.0519866232551106
-0.0282833160766329 0.096143936467313 0.055590058466801 -0.0787913118121349
-0.00814595948894228 0.105924676365052 0.00801224954201871 -0.064368145019384
-0.0126797304821641 0.109610467537709 -0.0148532701353092 -0.043742172959654
-0.0449184289165251 0.082693124594642 -0.0336824549942192 -0.0367675773601288
-0.089964856634425 0.0632049965562938 -0.0409351529244412 -0.0683956192915804
-0.131181626317387 -0.0113260071017538 -0.0178334647560416 -0.103335357208177
-0.119694345874238 -0.10576465959388 0.0412012594286709 -0.0922125441970519
-0.0174172133635753 -0.164754502206961 0.0534778708970673 -0.0773246530651501
0.0887489279984034 -0.183364298197867 0.00385467559199958 -0.0557028296745941
0.13279865471567 -0.152673028306373 0.020168031830133 0.0507940470807881
0.0722811494215885 -0.1887158372652 -0.122258098689017 0.0618952304711451
-0.0630743722605105 -0.201827233163646 -0.0937722219001327 0.196576465213608
-0.149319759041719 -0.104328402866487 0.0473026476466999 0.201379455781558
-0.152234282493669 0.0303013333988709 0.142953593493883 0.0900611941927618
-0.0839564112707156 0.0885276620597106 0.102694524184832 -0.01225759995948
-0.0378792110336833 0.111766611915469 0.043921719052129 -0.0352419358596276
-0.0114167294809343 0.121913897637566 0.00375987782904555 -0.0211460797219487
-0.0115524162644217 0.126989828899578 -0.0221117295602624 -0.00263444500643331
-0.0446929207371086 0.0977947451974935 -0.0478520284809075 0.00066351072753998
-0.0951341188713315 0.0757946904956153 -0.0621113431658448 -0.0395724757295829
-0.142403197643101 -0.0108854204573443 -0.0427532249356218 -0.0850508953199549
-0.123324930303266 -0.115908761014411 0.0191904654740865 -0.083401503429287
-0.00560764191970766 -0.170004782661822 0.0432839052448461 -0.0536909487600786
0.106437220853896 -0.171853006834156 -0.0262588909617232 -0.00628420545390049
0.140228179723754 -0.114801636957967 -0.0312295876820253 0.0937068137912754
0.105250112589798 -0.169442695052164 -0.152125589567508 0.079399197822215
-0.0261892357553071 -0.21180386361199 -0.131498148285097 0.181502525228475
-0.135740487944079 -0.130694983774856 -0.00460044254609309 0.199326098557097
-0.158973180241379 0.0136275594148682 0.0944005947841758 0.113213501107887
-0.0900433867259245 0.0849789631514093 0.0701275207818908 0.027160633962765
-0.0406701631768519 0.109242086097806 0.0274390235085839 0.0103434492362474
-0.0124400539428082 0.120429800699716 -0.000566239758160691 0.0236790091393938
-0.00922830590355511 0.126054916316817 -0.0283840466282832 0.0398966198252423
-0.0414456116744916 0.0990326010898969 -0.0605167906361898 0.0371542420967455
-0.0913021744905625 0.0774146786820635 -0.0808028253815001 -0.0115371533978631
-0.137161073252023 -0.0133839607305141 -0.0622248953535185 -0.0655109524118307
-0.109488850629125 -0.118768186957578 0.000726721770445482 -0.0735454328953782
0.0133199573852174 -0.15877155149089 0.0351969563519074 -0.0310210580251885
0.115763041155199 -0.136590740298079 -0.0554219024296142 0.0382055328329846
0.117940690343762 -0.0577750637078481 -0.0730978609133882 0.12364583230523
0.110534180345085 -0.117712160842818 -0.164723873240733 0.0912871032984302
0.00732514327174215 -0.176070711149569 -0.147162854352442 0.151302011061392
-0.0982772938923492 -0.123854268750394 -0.0457016252415066 0.176197746807637
-0.132851832416543 -0.000646204750065858 0.0433645441752035 0.120024455634108
-0.0781928367304875 0.0681877374783148 0.0349124533400161 0.058908952707684
-0.0349730881307583 0.089975045205729 0.0114431566921391 0.0512146810282955
-0.0108063919261784 0.100831248773127 -0.00446040120016114 0.0636451830704532
-0.00680783711146201 0.107542916438693 -0.033649417759628 0.0786678404673365
-0.0359653543474143 0.0884156030171458 -0.0714054594085001 0.0692724412990601
-0.0804749686631224 0.0683484204889155 -0.0987043569904059 0.0112072583881694
-0.118124133628436 -0.0191974366266858 -0.079748060027518 -0.0509369818852723
-0.0832862735845048 -0.113760943438779 -0.014411795283344 -0.0668768629744123
0.0355799321165016 -0.132978576928876 0.026393279941412 -0.0126124378664759
0.114632420300998 -0.0829239950838798 -0.0847864416660854 0.0714136987123995
0.073080306170252 0.00956793292462035 -0.0914562157758773 0.136622561785361
0.0894213938861074 -0.0478918488023274 -0.155667935053276 0.0987459230793228
0.0257657062769356 -0.107189703468882 -0.140940364222694 0.120169393185996
-0.0504786213343924 -0.0871557998017187 -0.0661515110906795 0.146231728434706
-0.0836207554832933 -0.00757583713863746 0.00522585282057038 0.117217346667729
-0.0517290918949797 0.0432515948823657 0.00878101113439654 0.0805655750519545
-0.0215906874222194 0.0576726352517857 -0.000248465016755008 0.0809639483243206
-0.00703546243817134 0.0664991689403657 -0.0069299223666798 0.0931380489845149
-0.00413794734452261 0.0749545809605528 -0.0387180004736779 0.108774305152183
-0.0276079677024169 0.0662977325285534 -0.0828335509927085 0.0920033461518261
-0.0623674252522145 0.0511645593714897 -0.117136844914602 0.0266010910754499
-0.0878776735968896 -0.0220534417915396 -0.094952190367479 -0.0443675935531469
-0.0491577099896983 -0.095566438401184 -0.0278823114237487 -0.0681229867201591
0.052906393051796 -0.0916576672995473 0.0159353504058797 -0.00280327008900918
0.0980701973727679 -0.0195030555179306 -0.112834620802925 0.0896858045421584
-0.0557980497988934 -0.0313551118354955 0.130741373390354 -0.113816114538624
-0.0451583246431369 0.0437301853204855 -0.00274324181859111 -0.0209817160602753
0.00529008413955229 0.060564335473363 0.0360491037867822 0.0876646629881397
0.0476931220184001 0.0161395441981112 0.121649053276006 0.0576105521726929
0.0312322634949638 -0.0273042264625796 0.152092090228302 -0.0317763658946895
0.00193049805258145 -0.0240034165837637 0.115218273438921 -0.111148592068272
0.00315058275995181 -0.018574553687144 0.0470147022259058 -0.139827901619347
0.00718597759646759 -0.017832655426872 0.000861357572225324 -0.125430227282901
0.00658933129691715 -0.0139834170466112 -0.00334472636655561 -0.101940268766128
0.00942879930873343 -0.0058079989180127 0.000800081206331635 -0.10248951243099
0.013455557828942 0.0122023098964055 0.0084345933611276 -0.121404345979509
-0.000725997905558071 0.0380427456939645 0.0546044572558684 -0.130733573765609
-0.0511345011159327 0.0284951463515662 0.113782632200872 -0.110575515040467
-0.0634130387371434 -0.0277991923473486 0.114218320094714 -0.118342109314146
-0.0371844837528797 -0.077130720201882 0.0752198379192832 -0.157484809618003
-0.010127443670638 -0.0977732062344188 0.128553229451854 -0.0916288746582549
-0.0408190424724768 -0.0324461200065114 -0.0184958710433555 -0.00515658635367088
-0.0397012919574017 0.000584682079534629 0.0286695751332707 0.123653124607599
-0.0129479188411521 0.00472867924458666 0.134971735824193 0.0887627507065015
-0.0116658217842064 0.00415604957432618 0.175554467665466 -0.0221958890010841
-0.0151526524544942 0.0150972161797255 0.126802876306008 -0.111171493520229
-0.00395367936639485 0.0269555640171952 0.0526426677675721 -0.139138657376144
0.00409585786719536 0.0317817605604921 0.00199934493422551 -0.123819500990774
-0.00317268401502187 0.0362507981423171 -0.00626701855834049 -0.099521122413024
-0.0199403050846237 0.0286495564920929 -0.00745098425639807 -0.0945291666251243
-0.0374715209755966 0.0264493714255191 -0.00235202185291351 -0.113629553535917
-0.057331092405216 0.00509301430595961 0.0348597973511491 -0.127773106959145
-0.0769628163517367 -0.0385129686626817 0.0927381144026882 -0.10814438259435
-0.040290889629079 -0.0942750102175648 0.0907820637760444 -0.115542227975971
0.0152124290002543 -0.137395379626643 0.0599358670142328 -0.14108448423598
0.0435218532533004 -0.148722651715983 0.109603472770033 -0.0540480192412833
-0.0184307683311197 -0.111149520724828 -0.0482707908988454 0.0184513685044263
-0.076610181984398 -0.07432152919031 0.00299684061335698 0.166042779560723
-0.0803740211802753 -0.0208874245393222 0.132887229584828 0.134441892498397
-0.0648768046641299 0.0311328422023665 0.190033831039461 0.00465267785454386
-0.0377993861153536 0.0530492093932174 0.132327200122038 -0.0944946131801785
-0.0137410285676195 0.0696978759307995 0.0553816594688112 -0.120295540897087
0.000807534126277943 0.0773747844413091 0.003119466513411 -0.102901308983424
-0.00772169718378013 0.0824016377193062 -0.0123414599453502 -0.0792588635920202
-0.0377603516158917 0.0630836037562171 -0.0222742739824994 -0.0716205733992864
-0.0738066384968372 0.0483910627030881 -0.0250027126311651 -0.0963008324774265
-0.106710719704927 -0.0073076151048848 0.00450239798278113 -0.122405284625016
-0.107692502529042 -0.0825016015372405 0.0660881007376503 -0.107634059007067
-0.0299762046973418 -0.143881922367946 0.0688012912122544 -0.104339052570243
0.0550799930594386 -0.179229191061831 0.032715041498842 -0.105066459116427
0.0940694193489096 -0.174565267259631 0.072316435946471 -0.00315973982732722
0.0195460487662896 -0.173589984206445 -0.0868130196124409 0.0466580506819083
-0.0926482878340141 -0.150985231243229 -0.0386869273364169 0.200179201427042
-0.136443119370929 -0.059269310815788 0.108274336979639 0.179410502140843
-0.11929009217103 0.0450030840643047 0.186074807436665 0.0438611363555415
-0.0632038084936277 0.0829560156501191 0.126979180982611 -0.061822139871915
-0.024703781906374 0.102344997078257 0.0523407411602757 -0.0854526991704266
-0.00159593082956683 0.111281513666414 0.00274555581970118 -0.0671200255580255
-0.00695843840020511 0.115930520632158 -0.0193681557073021 -0.0444257706842383
-0.0436346286910617 0.0894420045419698 -0.0383617639665567 -0.0366864925287968
-0.0908481564272966 0.0711026390378776 -0.0500489939249078 -0.070205502493183
-0.138428758379923 -0.005639259590035 -0.0270904974457004 -0.108783115597735
-0.131049215129469 -0.10392866209677 0.03914193511379 -0.102296562188097
-0.025819797941532 -0.171006742514351 0.0527353117645164 -0.0852422357283929
0.0834810061840977 -0.19654034025068 0.00250679865824073 -0.0571778093796378
0.130501024341446 -0.166963211146794 0.0221896326546978 0.0507626779872773
0.0661640019699701 -0.200647558391856 -0.126754182835392 0.072478860919413
-0.0773333657651249 -0.206506008208024 -0.0878884125502852 0.211999428633582
-0.1621901904321 -0.103026180341802 0.0604361332124749 0.208695627480523
-0.157512193399403 0.0404674109870068 0.155946278019476 0.0839695835184546
-0.0834962806999298 0.0972306058629006 0.106753944970997 -0.0190888018091495
-0.0332115090101923 0.118826569432066 0.0427387268656415 -0.0395998728554789
-0.00439189418241871 0.128301349930429 0.00146905282130841 -0.0218223414017409
-0.00413444622556491 0.133198684146795 -0.0245197198667938 -0.00071422560957063
-0.0421634828925201 0.10468983730517 -0.0515869333041813 0.00367385723485068
-0.0953479347858323 0.0851166604846516 -0.0707267546429787 -0.0386102610079231
-0.149733562343271 -0.00402547813430197 -0.052827887204388 -0.0876359676318972
-0.135695282755211 -0.114157655971287 0.0159227687143333 -0.0919244979635508
-0.0144781251537901 -0.17744635621585 0.0433238836683251 -0.0604177670909725
0.102084839199311 -0.186025921908528 -0.0265562473598759 -0.00477319901427772
0.140571334969524 -0.128682456136827 -0.0292298460949176 0.0982798867992979
0.101305865361004 -0.182965628578045 -0.156473775359554 0.0921940358233708
-0.0403247718085724 -0.219927972349616 -0.128139340692919 0.198662007034841
-0.150001834746594 -0.130071001468883 0.00612375651029675 0.209118102692204
-0.165228841941506 0.0242032276740296 0.107382076839204 0.111412955119454
-0.0898720251764595 0.0939996982123497 0.074560417041652 0.0241804494432151
-0.0363595678312781 0.116699308027895 0.0290224917550977 0.0095860179223163
-0.00480947369067767 0.126193275598932 -0.000184253664516264 0.0250607408501122
-0.00120425531616511 0.131414678618681 -0.028312420405975 0.0439125814950602
-0.0377752984566715 0.105741725007417 -0.0620599682682868 0.042662033882346
-0.0904328049831757 0.0858741792402959 -0.088711291236622 -0.00820566221388595
-0.144038488513061 -0.00692185590412179 -0.0721563291061038 -0.065623264500056
-0.121776234111259 -0.117360577892024 -0.0029015598685407 -0.0798824554838409
0.0051020336761246 -0.167234521196412 0.0356098761990557 -0.0370580248508887
0.113537286956083 -0.149671006035948 -0.0554439357530829 0.0433162774539662
0.120751255307981 -0.0680614590674584 -0.071685414181481 0.131028480966645
0.109477051985102 -0.129277914653631 -0.169658857976021 0.104684972870701
-0.00293127804553135 -0.184152048961104 -0.147173301191739 0.167418752577267
-0.110502230208637 -0.12467797469461 -0.0381869076829532 0.187122302497643
-0.138903247927268 0.00818933707492523 0.0536681998996823 0.122190093853689
-0.0775830132100274 0.0760736380054672 0.0398772367807159 0.0595165747427277
-0.0307321724777357 0.0955203852655468 0.0146733945902063 0.0536107095507218
-0.0043751444356026 0.105147335772378 -0.00143104792638561 0.0669153149335147
0.00017736224772791 0.112403815622817 -0.0308312262978853 0.0844666880023841
-0.0319346374605649 0.0937669662232358 -0.0717175654198337 0.0770005268051127
-0.0792177719908817 0.0761835183406007 -0.105794763165727 0.017818204938717
-0.124889951906792 -0.0134471526087979 -0.0882209029939498 -0.0493716566071206
-0.094408622121505 -0.11290430945554 -0.0188692928024346 -0.0720888107911561
0.028851855230694 -0.140471231817402 0.026761026726803 -0.0173883778569204
0.115085462295184 -0.0941558592050782 -0.0844138621263452 0.0796297199562693
0.0772171317960925 0.00416233039751791 -0.0907972730446241 0.145647542769676
0.0903341724914094 -0.0557226238436831 -0.160078903038199 0.111178589099954
0.0195376146441441 -0.112920989521751 -0.142238473320395 0.1344381472239
-0.0585058499096517 -0.0875295980658496 -0.0611240007929474 0.157761754716609
-0.0877318014873529 -0.001585332722033 0.0136465049874516 0.122000249626532
-0.0501885201386555 0.0482637874664885 0.0138780384533004 0.0837091860729315
-0.0182442232662659 0.0607997668621492 0.00440290766820156 0.0850505821704123
-0.002160853133468 0.0691442004920607 -0.00154604818918183 0.0978750870201739
0.0014063365976881 0.0775238838532357 -0.0336462862728113 0.116167612465312
-0.0239179657629503 0.0705796004739431 -0.081313612006219 0.101619490219151
-0.0612948078188956 0.0570732713753309 -0.123344869599264 0.0347230838679016
-0.093459207817293 -0.0179261026045513 -0.103295929676144 -0.0420973044490435
-0.0575522737167975 -0.0953746699110283 -0.0327199375554428 -0.0720407632972665
0.0486567661664676 -0.0988143139540241 0.0165499199715804 -0.00613043744483434
0.101585888371143 -0.0268442308629341 -0.113393362521777 0.100383065794981
-0.0581944357742139 -0.0281052236788436 0.126526743306495 -0.123322497356302
-0.0422152875204418 0.0470721543336529 -0.00521687775103897 -0.0204066455415226
0.00987555484356689 0.0604161910215167 0.0413048366743154 0.0896078563949273
0.0491275133739219 0.0126946046987343 0.128926403411786 0.0533060706237155
0.0281630032301075 -0.0305450124987515 0.155499300438609 -0.0414663473848678
-0.000166716506838357 -0.0234100153924643 0.112546858900731 -0.121825330942537
0.00158893400715684 -0.0182237042920421 0.0395251573714044 -0.145555474894044
0.00583400772003431 -0.0181880445866896 -0.00716881727626302 -0.127603761581068
0.00511526888590271 -0.0132918222296152 -0.00917066674381988 -0.104869947405271
0.0083016786996035 -0.0058000709175841 -0.00626696284502962 -0.106272513870892
0.0136617896835724 0.0110446899294488 0.000354320283855381 -0.125045275806643
0.00136150916373197 0.0373406302725414 0.0485185077662216 -0.137669437317911
-0.0498824081353257 0.0321102782586711 0.112447800773138 -0.121405173180845
-0.0647368733142681 -0.0242877875751673 0.112788095208561 -0.12582133715693
-0.0425204547710676 -0.0760139476763094 0.0716755103138341 -0.163552064809061
-0.0150755412248648 -0.0986402236605566 0.125657509791515 -0.100766017679065
-0.041882040116201 -0.0308035784385399 -0.0202285964135468 -0.00322574834574534
-0.0390379852004596 0.00181061609858356 0.0356876919938268 0.126319707793707
-0.0137762467979913 0.00355317233104998 0.143871627489371 0.0844675674603196
-0.0138145888029689 0.00412294256579825 0.18011598917251 -0.033164144939386
-0.015587595520794 0.0167122346033151 0.123629642225807 -0.122207745361599
-0.00325945281714132 0.0287892049869364 0.0450386012544234 -0.14531184926213
0.00557436499066783 0.0330251234821144 -0.00633303693487693 -0.126048517563946
-0.00176495283111671 0.038822315150303 -0.0129746109845185 -0.10228594469065
-0.0202440450125026 0.0313616962425523 -0.0142363543344763 -0.0973426899443815
-0.0383365571023038 0.0290767112459538 -0.0111271490259311 -0.116735653002026
-0.0588606180935185 0.00633567257541019 0.0276835352091035 -0.134348648231474
-0.0801221258862295 -0.0356958989994414 0.0908377895298332 -0.117890821114228
-0.0440324076088958 -0.0941464870554717 0.089017317103618 -0.12241683467419
0.00803974526456548 -0.140653318820399 0.0563846835796213 -0.145923704431594
0.0367918100576101 -0.153352279525953 0.108064255690194 -0.0614975086918921
-0.022935074568619 -0.112392173580285 -0.0499329910160722 0.0229831707889341
-0.0813577798153761 -0.0720094051215172 0.0118168389813952 0.171304536317321
-0.0836492600573339 -0.0190160077345232 0.143930485287317 0.130807241934413
-0.066165409382583 0.0347403696878444 0.196303209891196 -0.00716095196185354
-0.0376254791090064 0.0563984928450334 0.130272609283785 -0.104801387405524
-0.0106324932790951 0.0725715926070832 0.0486839621487224 -0.126291652303172
0.00518643795235073 0.0796116787812715 -0.00434196130783703 -0.104881686882368
-0.00349171731664181 0.0858456699064508 -0.018154315397711 -0.0801378142205548
-0.0370678734063507 0.0668301139147594 -0.0286761683120299 -0.0723799873464364
-0.074472394947482 0.0542057529873665 -0.0343076690544346 -0.0978711053038655
-0.110370089038476 -0.00342908329012891 -0.00424266260473916 -0.127017741360661
-0.113976032274821 -0.0789399336853941 0.0633267912462388 -0.116963481214496
-0.0363154920540742 -0.145801285120958 0.0671679932419756 -0.110467817308117
0.0475206093400694 -0.185727395219507 0.0306207413607226 -0.108544086411193
0.0879354163197694 -0.18316445444186 0.0724327929255648 -0.00763402936587792
0.0125844390540047 -0.178583796003006 -0.0876672359214629 0.0540365423522773
-0.102598296532255 -0.149192431926366 -0.0291110557438338 0.208661220341485
-0.14367205428905 -0.0559477918885377 0.120603748754084 0.179332242942178
-0.121124151800178 0.0521173864136945 0.19427082499143 0.0332155141710169
-0.0612890791759586 0.0885387158990564 0.126503576078252 -0.0708863162980669
-0.0200170849193364 0.106478765979331 0.0472507860393377 -0.0905653441556603
0.0049068263437684 0.11461956427893 -0.00248774882543994 -0.0683990677727125
-0.00043611264428162 0.120362903610163 -0.0234089279549485 -0.0434678793614814
-0.0411707452365782 0.0942824375916964 -0.0435308919793482 -0.0354861540158826
-0.0905365583966013 0.0783538411766096 -0.0583255047821427 -0.0698718530448527
-0.14311556564035 0.000545752132850892 -0.0361061592371785 -0.110568023722973
-0.139440954782208 -0.099612743207179 0.0348897440593125 -0.110753449973257
-0.0343401957356387 -0.174318646113567 0.0507263805706453 -0.0911047733049777
0.0750777957541202 -0.205729291165429 0.0013003055454439 -0.0583284221679749
0.125049233808211 -0.178294734259661 0.0234834206283598 0.0491749797371391
0.0576411234784322 -0.208409176467625 -0.127619771964871 0.0825026520770758
-0.0905860877047466 -0.206623224274371 -0.0796352239114781 0.22367290634303
-0.172385355649458 -0.098399836371241 0.0735336620623447 0.210881697410875
-0.1595857158727 0.0503717104730101 0.165530083971273 0.0757381195946283
-0.0811739130196035 0.104368312086983 0.108023582309633 -0.0259269866828667
-0.0284288232630111 0.123385836354354 0.0405709575851183 -0.0422313127130426
0.00376091287831405 0.131893885907145 -0.0011348623402049 -0.0215235835072817
0.00384731918807549 0.136918897927378 -0.026136047789381 0.001367140255965
-0.038397346954784 0.109527490801056 -0.0544479271780161 0.00678885049299803
-0.0933376223203003 0.0918723546450252 -0.0786897715481032 -0.0359229627934665
-0.154563081609075 0.00282987778391811 -0.0616770941454545 -0.0876664150273463
-0.144761750681608 -0.109051963466861 0.0112907563064242 -0.098547995559186
-0.0240907515329567 -0.181468606110107 0.041316965656243 -0.0662656877377217
0.0951813642196936 -0.196353972275522 -0.026188802479015 -0.00319504058197156
0.137462810453617 -0.140052361410618 -0.0274275019117684 0.100217145402746
0.0949356760809572 -0.192653516575677 -0.157665173807913 0.103267890106364
-0.053358598931854 -0.222431523948829 -0.122040618973556 0.211605134305803
-0.161571185266062 -0.126247499116022 0.0169997747011863 0.215167033965607
-0.168194947332736 0.0346711174076652 0.117102365138609 0.107245694963363
-0.0867265228868318 0.101330549259667 0.0778926344057168 0.0202610901905394
-0.0309848308850679 0.121251402518972 0.0295735965350567 0.00864272373420521
0.00312269768934739 0.129713071546711 0.000294573111004193 0.0260540090758381
0.00712632661051525 0.134699652016539 -0.0268118718029839 0.0472439378401188
-0.03366372174456 0.110158207887133 -0.0623732567728877 0.0481260599923238
-0.0876168521329292 0.093054048251185 -0.0948641187627584 -0.00305098225099086
-0.148639319744851 0.000589912838070449 -0.0806217386413357 -0.0643888803409381
-0.13126723364509 -0.112520554483291 -0.00755041677292921 -0.0854242975551664
-0.00390439436354811 -0.171432792822399 0.034637226410115 -0.0420097580949405
0.10898009602553 -0.160430147677255 -0.0537168506180697 0.0475957846471736
0.120357809110533 -0.0775815018776014 -0.0692902242950067 0.136558947158652
0.106187141345727 -0.139201942909071 -0.170469602825023 0.116176725247636
-0.0142179497139223 -0.188461012932063 -0.142967404030531 0.181144897345782
-0.121201628648555 -0.122386718497622 -0.0291594060751933 0.195082162823054
-0.141988896298467 0.0177420107900975 0.0631279917953661 0.121448867910598
-0.0745203468593202 0.0828321921183517 0.0440456455230184 0.0587095024041765
-0.025867743301858 0.0991171005008308 0.017465963360495 0.054207551323655
0.00267096482426908 0.107717597797369 0.00209706204648393 0.0688737093254114
0.0077789613305827 0.114050840767309 -0.0269302150556206 0.0893958544176134
-0.0273247337930133 0.0976857731840968 -0.0699354734251725 0.0837347627724176
-0.0764576131860589 0.081823680403351 -0.110419328161294 0.024258589581985
-0.128859338093626 -0.00706700104176274 -0.095893218892331 -0.0465221783993039
-0.102789711457879 -0.109099649624439 -0.0232246290975078 -0.0759989099839825
0.021549419174009 -0.145342710581613 0.0257637327980662 -0.021503799204849
0.113261136187293 -0.103554133550202 -0.0820550623954889 0.0863556306239316
0.0793517169844354 -0.00121306398089124 -0.0880065072194555 0.151956287533182
0.0892907821730513 -0.0624517534691961 -0.161151621839452 0.122308858752418
0.0121551005793944 -0.116668595726793 -0.139421136051342 0.146989437633143
-0.0661413011057821 -0.0862583084050549 -0.0543276526404226 0.166396036254159
-0.0893262803474909 0.00494614064260508 0.0218679996429278 0.124223086755154
-0.0475953852187391 0.0528479244405601 0.0196380199979283 0.0847395447223929
-0.0144551204093323 0.0626977851327034 0.00952469276163634 0.0869133236582435
0.00294691782969672 0.0701809249426775 0.00384969975075753 0.099807287380138
0.00722712385036562 0.0779383875258436 -0.027716654465702 0.121313504856822
-0.0198920864105146 0.0733738402506375 -0.0782891003683719 0.108964346792436
-0.0586546197083525 0.0618958685786891 -0.127255834322594 0.0431832511886243
-0.096483752796358 -0.0128465298428235 -0.110544108336094 -0.0381751667319455
-0.0647860937422787 -0.0934017294150803 -0.0375692470168759 -0.0744941391680935
0.0433196781449503 -0.103637359351109 0.0161608069776021 -0.00986757860216697
0.102730893182192 -0.0344301172129626 -0.11093890613632 0.109075826784068
-0.066998761964454 -0.0068872646360557 0.0808330267178122 -0.163625124264802
-0.0221859943902943 0.060585586943993 -0.0139023584933641 -0.0196762542118324
0.0329919600477168 0.0525675238424054 0.0672817323138468 0.0731133760976544
0.0513096518764333 -0.00744576111514179 0.143016863611516 0.00976611991220291
0.014928550276086 -0.0391727848619025 0.138032682946312 -0.0931693236727251
-0.00752695122898619 -0.0227330236278875 0.0650081640985666 -0.157322308257702
-0.00461292134181459 -0.018862400490061 -0.0157441941859392 -0.152388860534162
-0.00191158966012213 -0.0191222112578511 -0.0523558522542672 -0.117388931296546
-0.000138122810037194 -0.0135440727960703 -0.0453315583373036 -0.0973743744841211
0.00496821858108031 -0.00668720630206148 -0.0431326271770036 -0.0994708415601018
0.0159251621889741 0.00590825087042294 -0.0444729585280693 -0.117758063437341
0.0137691130056272 0.0335879140205718 -0.00150766729197852 -0.149186340338242
-0.03575832771027 0.0469604687889122 0.0682342993207325 -0.156624926413718
-0.0699437273784826 0.000436132414103589 0.0696988135487329 -0.157073694737396
-0.0660504140592899 -0.0572092999146846 0.0183772683010508 -0.175611550710511
-0.0508739617283552 -0.0915591509196203 0.0888790198337213 -0.138135261161836
-0.0504722608399879 -0.0147820597151829 -0.0188435073008145 0.00463967324555828
-0.0347719307052548 0.015269827194311 0.0792913655844639 0.108364685636465
-0.0116637984494256 0.00732011615818959 0.169647099146254 0.0312701653561771
-0.0121639511678253 0.00769803926087721 0.162373254780135 -0.0956892672675441
-0.0085700812919842 0.0209952445478118 0.0743038271925996 -0.162826061563973
0.00675642468912355 0.0288723902337914 -0.0110344940171992 -0.155527304764798
0.0158161608182396 0.0291722550878881 -0.0527540194996845 -0.115825651261465
0.0119161904523585 0.0385940804961878 -0.0488680503927985 -0.0929414001286694
-0.00939057594365316 0.0387109632325558 -0.0479443481673765 -0.0894475615395022
-0.0274818533914365 0.0409197690342799 -0.0528985746203141 -0.107240868930267
-0.055661028846006 0.0246938975872697 -0.0192950580425654 -0.137817251630815
-0.08778364349186 -0.00740600379160531 0.0483160350950731 -0.145343102135919
-0.073930330871262 -0.0739893356443361 0.0464375807758245 -0.145716323712289
-0.0383258747113481 -0.137458598331749 0.00652493193923079 -0.154307239023154
-0.0199463286980925 -0.16499236368279 0.0856823287887796 -0.0906575685318359
-0.0629558353316778 -0.099689492857484 -0.0345711005261079 0.0433069510558332
-0.102442437025719 -0.0399325825105423 0.0770116571071793 0.158952167588239
-0.0868333947248091 0.0126684105762197 0.188239718893152 0.0723399728793509
-0.0507742488965705 0.0558859405267889 0.18657787459109 -0.0788556892230983
-0.0156243842154138 0.0661535850076628 0.0856194593158978 -0.149559358320739
0.0145283314894466 0.0742259337215015 -0.0006983465293857 -0.139889687853436
0.0320312957243905 0.0734341104416384 -0.0450622293967957 -0.0966483360049345
0.0267092291192266 0.0833970826877228 -0.047305721779609 -0.0698588134261889
-0.0133797384501207 0.0778198060551039 -0.0539131380869287 -0.0609425857137197
-0.0527307507736733 0.0773576649952296 -0.0688088899548159 -0.0828579634339207
-0.108391144399778 0.0335901781905982 -0.046595119034525 -0.120410465280755
-0.135468091189108 -0.037711493496463 0.0222699274036348 -0.134128865676062
-0.0850391132822579 -0.126658536051406 0.0271807097860967 -0.126985725262429
-0.0152913265034685 -0.195346664436495 -0.00950519363450607 -0.110157568422583
0.0189671146010498 -0.212134003491477 0.0689565312353917 -0.0250375283070633
-0.0536549676860405 -0.176868484457441 -0.0594825133693036 0.0900537377263442
-0.150924566796401 -0.104477901628493 0.0551070199776314 0.209330962704191
-0.157351963872068 0.00105176235312345 0.184896272222269 0.12426107331623
-0.0954728811135416 0.0920918994944877 0.198206484241687 -0.0428198558270268
-0.02741382878581 0.105177161735505 0.0932189946326307 -0.116732031670862
0.0177084937902886 0.110478611919331 0.0112442974261957 -0.106245412848326
0.0440904733106393 0.106295503939354 -0.0306964796491028 -0.0632433652973315
0.0419929160828119 0.1141910319117 -0.0398260983092991 -0.032837329779193
-0.00803735253776813 0.105517416994701 -0.0557226770960797 -0.0205023294941995
-0.0597102508518822 0.10609410613124 -0.082508247412208 -0.0475965362554769
-0.138159118366225 0.0490626741485282 -0.0714911332289463 -0.0941921671527206
-0.167210710622218 -0.0479941062774206 -0.00332181658038096 -0.1180129202967
-0.0928803323241269 -0.154367409392562 0.0166633668939114 -0.103076798471084
0.00518653399442153 -0.22473821807834 -0.0221484322147775 -0.0540086373739502
0.0574217137230334 -0.221169934630396 0.0399090623438455 0.0474516986259911
-0.0205132744293942 -0.222366969429413 -0.0882796077002904 0.133887088911876
-0.161445449390513 -0.163721072695445 0.0148742018694179 0.243071062283665
-0.20150755270329 -0.0275500224839417 0.153082236341863 0.171066271106004
-0.132640468856062 0.105290541385469 0.186033126882479 0.00619503932351927
-0.0400003296746311 0.127497626974927 0.090939403268247 -0.0674656906169335
0.0161713475913609 0.130377582920366 0.0220270282173808 -0.0587877813905041
0.0492294322654865 0.123311328189036 -0.0131826146858952 -0.0202436480800971
0.0521611671631397 0.128189731772015 -0.0267291505350119 0.0109149994711836
0.000347461009948831 0.118301723115685 -0.0512846811446778 0.0234306393082697
-0.0569281813719843 0.119730177780154 -0.0901204692085773 -0.00857755694219098
-0.148039414994334 0.0559999979655949 -0.0882634917935164 -0.0637568575048353
-0.175555448360464 -0.0545347926273151 -0.0221524676897451 -0.0981484491414221
-0.0860149274166653 -0.165078791184872 0.0153989490187094 -0.0767023804083455
0.0274600204075213 -0.222784084978104 -0.031413441446253 0.00679434840016161
0.0831507268050156 -0.18789313597908 0.00672057172858915 0.113434560463747
0.0205940797694731 -0.22061947439648 -0.112508358367068 0.164534434643101
-0.132178249819742 -0.191490914238057 -0.0301828420915132 0.248434031678948
-0.202549504919623 -0.0582782313664842 0.101374397766853 0.195790284143792
-0.146273758023012 0.0941594423833122 0.1502261318614 0.0534799122992507
-0.0459253459512288 0.127533951157984 0.0785175811269216 -0.0124158933249048
0.0131668913369272 0.129015881237915 0.0303172868751533 -0.00620780349692364
0.0479999331997686 0.121412608513742 0.00591227354475802 0.0241960253591136
0.054130186156767 0.124222160607796 -0.0114934987800377 0.0552507346749915
0.00615487205352993 0.116655433285814 -0.0450882490868777 0.0657810727159886
-0.0508241099337122 0.118575405110251 -0.0936609183093141 0.0287021245987947
-0.142540072048251 0.0512590421544394 -0.0979911055834546 -0.0353773700068937
-0.163875460926727 -0.0621480102716232 -0.0359659650791602 -0.0787533880840648
-0.063639455942179 -0.162318060183701 0.0156284059434698 -0.0517497979300047
0.0526179908789273 -0.193021534662204 -0.040893852210698 0.0625985640473476
0.0898323931699045 -0.120553887241006 -0.0236178589834252 0.16064111892674
0.0510742711112523 -0.173300637606388 -0.123605043993905 0.180161293034843
-0.0830017462659319 -0.172812082215744 -0.0641617927769367 0.227816823405713
-0.162590867754555 -0.0684490612583515 0.0486907873829544 0.194423788791101
-0.127139160898974 0.0693210183792549 0.10452115445952 0.087638041306556
-0.0407603239181458 0.105455410271945 0.0608193197116469 0.0366793817868356
0.0104230750365161 0.106023867962511 0.0363574780555421 0.0422865961601606
0.0403215074364454 0.100639626718732 0.0236378553638582 0.0637101524357055
0.0478602345891948 0.104409588182144 0.003913949567954 0.0942886940601843
0.00815492408268378 0.10263396974926 -0.0396461395119233 0.102599668734345
-0.0432557988640831 0.103544233300303 -0.0988323487669456 0.0603511281773616
-0.125647367538874 0.0378429475778029 -0.107043214907148 -0.013054424240866
-0.135335920186364 -0.0678827153565283 -0.0485701379515028 -0.0642504504450056
-0.0308969515360639 -0.146052748050251 0.0144306083932567 -0.029931063085972
0.0753755754676521 -0.140385169477634 -0.0547664936091733 0.107574064425049
0.0775850984203492 -0.029776127633852 -0.0378873340863199 0.17874168035223
0.06305484921195 -0.0927241926427317 -0.1164562949214 0.178973982952978
-0.0316990646988016 -0.113622121723611 -0.0780376998421357 0.194384235005124
-0.0960481049856895 -0.0546507403714463 0.0115859551247691 0.178561766857392
-0.0819156460983425 0.038573769247414 0.0651812640686482 0.107566194280829
-0.0245252354267207 0.0673410782730521 0.0474802858969778 0.0716274076294471
0.00887180654639799 0.0654591751287844 0.0410644809767115 0.0773248719526994
0.0276365741870556 0.0646181102349136 0.0380669354189527 0.0921154819380259
0.0348345671728545 0.0701814720559308 0.0147379982323024 0.124637453607131
0.00820318617317266 0.0762523000307647 -0.0378226732177971 0.130417354511767
-0.033220363784419 0.0786813234180695 -0.107096665921683 0.0840919843276279
-0.0965408678235239 0.0213963316253201 -0.118296264556655 0.00030054853010681
-0.0936290424092863 -0.0647836750910553 -0.0620365690328546 -0.0584865123770031
0.0043453868798162 -0.113097845275064 0.00921995062614404 -0.0160275210610135
0.0880033484849783 -0.0694090095808099 -0.0722878352700693 0.137473061407674
-0.067722862461733 -0.00440188842520288 0.0779655173055992 -0.169579598170407
-0.0197622521242565 0.0616728234969719 -0.0151800884762098 -0.0181381686253013
0.0361431921936667 0.050909504898062 0.0717263682574415 0.0754336994704776
0.0510594342914708 -0.0107670258343014 0.148659574629477 0.00664667209382427
0.0116119049701517 -0.039490196788615 0.140806112815644 -0.100590350153862
-0.00870226477473731 -0.0215953042474338 0.0623482396723165 -0.165388858017198
-0.00562150243820236 -0.017892319704526 -0.0210585594117101 -0.156038624524475
-0.00320644192437632 -0.0191035896266935 -0.0575750735564756 -0.117257379425678
-0.000357189405804492 -0.0127112175640824 -0.049883995362165 -0.0990824951856137
0.00436468277422534 -0.00621214408185112 -0.0487005939727318 -0.100849973915618
0.015542992843838 0.00578197212487554 -0.0503833543576814 -0.119021195104073
0.0142393512963851 0.0325990771200672 -0.00667908294383706 -0.15360762999936
-0.0338768456775031 0.0486220534013951 0.0667190703915485 -0.164929314410311
-0.0705262516388457 0.00193747846877282 0.0699752706561723 -0.162580147504586
-0.0686030141334488 -0.0557843847344287 0.0176017183059694 -0.181042717222594
-0.053122248424515 -0.0919691786325397 0.0867245962616088 -0.143061577644016
-0.0507222759641242 -0.0144173100451916 -0.0191406342102517 0.00726814747359083
-0.0342640521592841 0.014995848119056 0.0846904464335753 0.111106922782386
-0.0137561008070715 0.00626007541562091 0.176513892065223 0.0282199877559422
-0.0145846676535353 0.00904628842650548 0.165372904609738 -0.104486668434343
-0.00897140599718079 0.0227044845168414 0.0711499332541479 -0.170329499754982
0.00714432264268308 0.0303364402599496 -0.0164152446088455 -0.158462647638397
0.0169780334498151 0.0302740393160004 -0.0581225594410562 -0.115610892377198
0.0133063193182356 0.040402543676341 -0.0538726026240597 -0.0941522720506625
-0.00959396320350123 0.0408514645859069 -0.0538834310617251 -0.0901096146841809
-0.0277430952048902 0.0429684017078984 -0.0591852944840517 -0.107899245068271
-0.057822662469132 0.0256624765842117 -0.0247301788660219 -0.141570907805586
-0.0894739086899904 -0.00607888053642483 0.045739098130522 -0.153634073442191
-0.0767343963827844 -0.0746245579128383 0.0462484446034253 -0.151113811637634
-0.0425416967854314 -0.139267643878637 0.00570624805824951 -0.158402411699747
-0.0244115128893241 -0.168307725093658 0.0839464209051656 -0.0946178002043837
-0.0660884991249559 -0.101511436017911 -0.0349543670090565 0.0473623694182847
-0.105632818322523 -0.0387722852720415 0.0839350480347849 0.162877350353918
-0.0905247165537022 0.0138591130285214 0.196364426172443 0.0697605613417205
-0.0524630411765732 0.0590190012480864 0.189785795471694 -0.0880692660970451
-0.0149709572941063 0.0699248059926 0.0827285479729019 -0.156793129076389
0.0162816688462856 0.0769152227670845 -0.00589039145784789 -0.142578817038925
0.0353449358585904 0.074982749158239 -0.0498617733605306 -0.096149409155276
0.0301925818465063 0.0852644705944514 -0.052048988952528 -0.0698701703815839
-0.0126858447766424 0.0820046930579455 -0.0594065037532139 -0.0601695961554487
-0.0529501839741672 0.0820466460699076 -0.0756847310332544 -0.0817452294072776
-0.111927015190897 0.0364616435439964 -0.0534265338347145 -0.122792923717665
-0.140243804436724 -0.0347916228087383 0.0181009144111984 -0.142050914265681
-0.0899359474985438 -0.12855849528997 0.0260042866806815 -0.131866935434471
-0.0205414362635172 -0.200101184132977 -0.0100426807568212 -0.113294390154956
0.0139289939630356 -0.218222216048441 0.067752204874199 -0.0272428679123084
-0.0583063756988121 -0.180739292677867 -0.0590895051113885 0.0953768381683842
-0.157272362406827 -0.103426698959537 0.06273774888776 0.215056131550332
-0.163713588490923 0.00413448027124919 0.194345725641151 0.123187382514491
-0.0960624693343439 0.0976779784223298 0.20199276785669 -0.0517565272106408
-0.0255748067163687 0.109734391856171 0.0911643529755621 -0.123066750230619
0.0210083728768857 0.113894030033057 0.00680332641819076 -0.108210981870555
0.0490977711697742 0.108354114121341 -0.0345455768787671 -0.0619801480148896
0.0473841673406596 0.116109431572056 -0.0430156354143123 -0.0315692908723643
-0.00587728394461064 0.109640567630488 -0.0592244914322604 -0.0185838407289945
-0.059104942577175 0.111332406648959 -0.0893553502774564 -0.0449259062956973
-0.142084255962462 0.0534313874104775 -0.0789798256677519 -0.0943140525658318
-0.173261563801931 -0.0444157816804097 -0.00799123147263242 -0.124602307727384
-0.0992115361223061 -0.157331765414564 0.0150945366263065 -0.107750254247755
-0.00103018958694815 -0.231232446685359 -0.0225798722534991 -0.0551252615145228
0.052505511029442 -0.228344750839174 0.0392198940390577 0.0477949355407759
-0.026912235630842 -0.228235434927472 -0.0880229866476734 0.141123400377761
-0.169744340369101 -0.163063299171022 0.0222835754786834 0.250927270021385
-0.20928656603264 -0.023910519155874 0.162539159779734 0.17236954423594
-0.133834350454668 0.11289350164161 0.191344041195751 -0.00089068909790369
-0.0373600945738641 0.132872346742945 0.0906335841742311 -0.0723586080580004
0.0199606253388522 0.133939674851445 0.0203701213845567 -0.0602221802155803
0.0550434724823229 0.124874817362524 -0.0148519653857934 -0.0187702600339623
0.0587073349900946 0.129745601684881 -0.0278538646280801 0.0131379724618566
0.00307253362211348 0.122271649453298 -0.0531563960550527 0.0273096320280915
-0.0550931371262696 0.124979956018331 -0.0959877197638468 -0.00399551973201739
-0.151689376801174 0.0616250848748905 -0.0950485123490806 -0.0619737049906319
-0.182407316684932 -0.050602627459654 -0.0273324332777534 -0.103690497709729
-0.0928900151027851 -0.167708098742887 0.0131391465611127 -0.0810183381710372
0.0219899455125545 -0.230581815701151 -0.0306529305512965 0.00768137287781812
0.0799045256216327 -0.195981575515633 0.00635542189232874 0.116003500138261
0.0157511484501409 -0.228105226286987 -0.113154521407626 0.173609078014419
-0.14159368863562 -0.192113077283207 -0.0241704930368086 0.258101646858771
-0.211090611002957 -0.0541011925391348 0.110360653011385 0.199417975724386
-0.147148710938376 0.102173640679364 0.156240707253047 0.0486275288299845
-0.042920972222279 0.132862651986609 0.0797146306915513 -0.0155966393833913
0.017423053597922 0.132329647438828 0.0305386731914741 -0.00643904959839646
0.054247158530823 0.123063976999647 0.00623452357755447 0.0253950211829634
0.0607846547419588 0.125427397619987 -0.00984557929148962 0.0577866177894032
0.00943089210575833 0.120073576271814 -0.0449140413767373 0.0704578958765012
-0.0482826375524929 0.122915794602901 -0.098324573654952 0.0345068760670281
-0.146001055273145 0.056940772678171 -0.104670763169051 -0.0326230145803778
-0.170076273394075 -0.0583823159009947 -0.0417859986168371 -0.082737938561197
-0.0698461474812189 -0.164960984772966 0.0139683345532124 -0.0551636564450341
0.048316891154941 -0.200887734186643 -0.039364802138848 0.0651475627283341
0.0880096633471242 -0.126609531132253 -0.0234084382991235 0.164408493732115
0.0479086767887305 -0.179739145942652 -0.125877119994067 0.189574459096829
-0.0907271072526356 -0.174421775111978 -0.0595591973093562 0.238201301016545
-0.170137522224786 -0.0650604540575495 0.056048519521685 0.200281505056462
-0.127892599624553 0.0758736707075864 0.109998030804504 0.0857636642628045
-0.0374063140536273 0.109579238012561 0.0630701699665361 0.0356507642918604
0.0138966845529621 0.108065849925083 0.0382708739014051 0.0424503526347068
0.0455282442576605 0.100959647850772 0.0259642295586533 0.0650589836673604
0.0536798924354045 0.104202153712391 0.00700907565190084 0.0971975211735922
0.0121495278048208 0.104500672380745 -0.037632908488892 0.107829761763557
-0.0406788659053926 0.107757722675489 -0.10174442838034 0.0672771218101787
-0.128827018738208 0.0428609348152262 -0.11271116745378 -0.00948333846360849
-0.141022594361965 -0.0645698424698726 -0.0536635382791072 -0.0671737571048934
-0.0362968940254295 -0.148622755394792 0.0127099009730375 -0.0331091523730936
0.0729756605534178 -0.147363284940774 -0.0524874737158104 0.112052066754461
0.0780227541248712 -0.0339107538428524 -0.0382075706683616 0.184540702842325
0.0616654802196825 -0.0975306808723779 -0.117235751786678 0.188275307078027
-0.0362161338691617 -0.114198615736397 -0.0743712117342408 0.203906156128657
-0.100855251536245 -0.0520208967385618 0.0182467603174251 0.184790411887725
-0.0815598302928218 0.0433238274022318 0.0712033968954744 0.107545580496323
-0.0215922056266886 0.0695192591151166 0.0507054234759529 0.0719996560187647
0.0118805974504901 0.0661442863858309 0.0444225061566705 0.0782259260228216
0.0310209420396387 0.0644568253070442 0.0418859389546684 0.0931559848445124
0.0387315080365991 0.0693172061338458 0.0199847017332946 0.127335143576933
0.0116618154591789 0.0774688139786105 -0.0348206028269638 0.135802647256714
-0.0303900738429786 0.0813398552219978 -0.108815871988883 0.0915020519089585
-0.0980799968097877 0.0253224294006532 -0.123586315436233 0.00352665408965086
-0.0976496486570093 -0.0624995099270045 -0.0674676877159013 -0.0604644967806694
-0.000167225859462569 -0.115013487579717 0.00785572996152363 -0.0178038493211448
0.087972771897675 -0.0752132054095306 -0.0697349838290408 0.143301082714509
-0.0694108709833443 -0.00184713521682041 0.0764362558271526 -0.179018219885623
-0.0175280413287247 0.0638052195489434 -0.0168182342586924 -0.0167677698433231
0.0393702931874244 0.0498958135686762 0.0785812473249549 0.0785401340302283
0.0513672103413293 -0.0137298497270923 0.157391414647938 0.00220761537275449
0.00863490700263433 -0.0405692005048902 0.144935820548743 -0.111261099140391
-0.0102417393337327 -0.0211480069257082 0.0600904761704852 -0.176455628269076
-0.00682560247961362 -0.0173777970747709 -0.0267913232547334 -0.161077046289325
-0.00503164165286152 -0.0188441075443292 -0.0631797822651429 -0.118750344681164
-0.00112966968505673 -0.0122343204171669 -0.057083013509284 -0.102600653181657
0.00405006621138116 -0.00580808000559131 -0.0553454924418098 -0.103699405018025
0.015419046756984 0.00559333830555807 -0.0575603897690999 -0.122309020717322
0.0147234490765057 0.0319556087088284 -0.0129692868665107 -0.160584643977975
-0.0327534717048425 0.0509704757442213 0.0646090929061056 -0.176650650873214
-0.0723254557723305 0.00405789108025183 0.0714950104679137 -0.172492780398137
-0.0731114862013175 -0.0546045648956367 0.0169164909970731 -0.188939496950459
-0.0574246360608892 -0.094234144394053 0.0849430303537955 -0.151193461331526
-0.0518632354930898 -0.0152393148489439 -0.0206832287353904 0.00955952318488974
-0.0354217110112626 0.0145898529021939 0.092941687712224 0.115561284923971
-0.0157973467354789 0.00559939171892408 0.185931515489547 0.0242005648195185
-0.0175849398840171 0.0105309449481751 0.170079652137861 -0.115764416377926
-0.00940447786715907 0.0253789149418525 0.068290895143305 -0.181292944814468
0.00881044384707752 0.0332727168790602 -0.0228298396153358 -0.164307708256741
0.0186782700805605 0.0318849516598139 -0.0646776521205146 -0.116498320913687
0.0154915066488217 0.0425653552669532 -0.0611219112619881 -0.0965982177639723
-0.00982266153906402 0.0447185292706362 -0.0607176925985898 -0.0918264893267262
-0.0287262037700448 0.0467792870828904 -0.0670564761096219 -0.109650866537109
-0.0610104852505324 0.0266280468823733 -0.0325408253546515 -0.146971304522363
-0.0931595331172911 -0.00431064833615661 0.043116530166638 -0.164633966033096
-0.0814282304729301 -0.0765738322937502 0.0461358400202238 -0.160122101556205
-0.0480074841701637 -0.143237300910754 0.00443959945927169 -0.165992844732796
-0.0298357468954451 -0.174873092818408 0.0831802534903061 -0.10091069812639
-0.0705356312830148 -0.105201204050841 -0.0353397684821465 0.0520161955925452
-0.110961886101583 -0.0386603296940857 0.0933197434384189 0.169546424298696
-0.0957470487054466 0.0156828420924116 0.207679391011785 0.067272016835375
-0.0544748675978057 0.0642897304786431 0.195592071962517 -0.0998646429934366
-0.0138576432368973 0.0743271476364872 0.080957557664245 -0.167132514288141
0.0194817851277457 0.0808781812154331 -0.0113502791308705 -0.147707721481498
0.0394953368059088 0.0777276547847472 -0.0557330086261026 -0.0962540038934702
0.035412151808172 0.0883873495215562 -0.0577075629960211 -0.0703507360189293
-0.0113871064850507 0.0876200065113393 -0.0653718400987376 -0.0600458716609369
-0.0537114030723483 0.087776006338119 -0.0842976565921238 -0.0813698689637659
-0.117961471189358 0.0407601963234127 -0.0614911917040999 -0.126580075278188
-0.147333855044413 -0.0325494512762464 0.0136686272012002 -0.15207686922981
-0.0966043143835032 -0.132490781035412 0.0248486683892941 -0.139793472917823
-0.0270296685528873 -0.208191772500264 -0.0113241702748401 -0.118437554633302
0.008161320305436 -0.228137405161315 0.0674598838072509 -0.0296882115605183
-0.0644878055935409 -0.187904480516144 -0.0597052565724364 0.103064180754226
-0.166781481294544 -0.103471688788111 0.0726128979160452 0.224058857544615
-0.172262660465767 0.00801221311864502 0.207030653609572 0.123351431626833
-0.098402895430933 0.106265713586013 0.209290281678114 -0.0626136217953484
-0.0238375341496573 0.116484747422598 0.0909219892397022 -0.131534969921335
0.0248816019150727 0.119468002047741 0.00328906070652135 -0.111919122966268
0.0553112632458201 0.111449967815253 -0.03931977006526 -0.061685374187359
0.0543250458176495 0.119607218093852 -0.04715534157561 -0.0306342374360282
-0.0034894027702555 0.116178949697681 -0.0642964506710454 -0.0161461911167042
-0.0581277138297473 0.118248090468536 -0.0976612283491303 -0.0418064892132639
-0.148663379188065 0.0604252996416891 -0.0879883462347265 -0.095713532899519
-0.18236130852797 -0.0414872692813154 -0.0143719841811611 -0.133399506653537
-0.107745607001583 -0.162424164234081 0.0127312681777692 -0.114000978909722
-0.00808178641053497 -0.241736032917909 -0.0233113257784666 -0.0572801820299037
0.0482057812445943 -0.240642608978972 0.0390743477858617 0.0494163292255538
-0.0333268148506653 -0.238918379616701 -0.0889006897251967 0.151874691439536
-0.181580033743336 -0.164368258443129 0.0314691024006893 0.26256284843196
-0.221206580448317 -0.0192229715361498 0.175976835913278 0.176410064946489
-0.136013146133327 0.122208962769253 0.198857948035001 -0.00896460693388644
-0.0350498688491284 0.14053711946604 0.0920743344103799 -0.0783517211151082
0.0251245518309125 0.140208571888688 0.0184562162295838 -0.0621384421362423
0.0630650758347919 0.128377802462396 -0.0167107129845021 -0.0175597694654669
0.0663505094714859 0.132802372672792 -0.0295476285488333 0.0159777236098731
0.00650148762824969 0.12831331979677 -0.0557309109457023 0.031531857808906
-0.0534746701391301 0.132086213217354 -0.103156917660912 0.00142581299050256
-0.157828145363095 0.0691589715754414 -0.104357164201744 -0.0615087142944824
-0.19236427284655 -0.0469033537112687 -0.0350575244188906 -0.110794854127736
-0.101532022753135 -0.173399831310925 0.0107829774262521 -0.0860801453363882
0.0157092721785539 -0.241940724115949 -0.030661057169036 0.00840912923002822
0.0775097489320174 -0.207010110635701 0.00642071944460864 0.121221625763057
0.0106395608241184 -0.240380525457672 -0.114857450934495 0.186295649555556
-0.152828684534837 -0.195403706974063 -0.0168809941703619 0.271541321438964
-0.223264910585234 -0.0503038190763837 0.121521343285508 0.205998468979328
-0.149989195554874 0.112759667547802 0.164510057685533 0.0440685851390611
-0.0398426860840813 0.140369636207728 0.0824046504821375 -0.0186290547352916
0.0223746964505856 0.137581384038772 0.0314011456758658 -0.00688594455147347
0.0613523615087449 0.125642269836522 0.00635127887271149 0.0275895152607003
0.0686064980089033 0.127513672917135 -0.00901107015391074 0.0618752943210532
0.0136366494220917 0.125137414443153 -0.0448019701277714 0.0767098611154533
-0.0462822091429275 0.129837487709675 -0.103711538912882 0.0415847368867037
-0.151326602344449 0.0644621291905158 -0.11332393525175 -0.0304625667612603
-0.1792779486261 -0.0550271832752855 -0.0485728703097489 -0.0877510966793926
-0.0778913439080313 -0.170124194337955 0.0118201956425646 -0.05956415702113
0.0440364190951949 -0.212848141646989 -0.0383382892913615 0.068810967405365
0.0874502902542054 -0.135229652784706 -0.0233392267463052 0.172097904201136
0.044745084904729 -0.190697232601448 -0.127589682605621 0.20301339271085
-0.100162812522748 -0.177671357679705 -0.0548770561162144 0.251493260245617
-0.180628020878814 -0.0615752853878053 0.0653280909731582 0.208638205215661
-0.129871796598255 0.084560226580158 0.118126255122335 0.0847142552299935
-0.0341908221611027 0.115160327509317 0.066564729867911 0.0358917654131563
0.0184065031576388 0.111560847814451 0.0414200466073635 0.0435428427796491
0.0514405168985509 0.103487269578557 0.0288698836150637 0.0674756798221077
0.0603661074668855 0.105516471336943 0.0103884399448693 0.101865693583914
0.0158026162215089 0.108437011437845 -0.0356621943864313 0.115580373261417
-0.0381444174637064 0.112976372664607 -0.105707903230678 0.0753462230151038
-0.133432154265254 0.0491202218252873 -0.120555450006698 -0.0062400578017015
-0.149092411864974 -0.0613833585751038 -0.0606678488471616 -0.0710878466140566
-0.0428578339281365 -0.153097232857001 0.0110986559557164 -0.0357843496938317
0.071043211641172 -0.157229964206957 -0.0504899091575477 0.118459605699905
0.0795800593334335 -0.0383175498985296 -0.0388630334636476 0.193720964112716
0.0612267949868405 -0.104671801218102 -0.12015284693944 0.200798049527429
-0.0418509955248452 -0.116566075096 -0.0714038933367301 0.216933906652834
-0.106777744283171 -0.0501981543727711 0.0258327598133544 0.193541510780997
-0.0824285088591299 0.049176906485165 0.0780799863263384 0.109366909399784
-0.0183993411188591 0.0721251611689821 0.0552991570548371 0.0739943580966352
0.0146709575346872 0.0678493879429305 0.0492836774802179 0.0798808346635826
0.0355559773420052 0.0654062343823743 0.0460963943698732 0.0949584626217196
0.0436404814039723 0.0692298960752851 0.0251948782610195 0.132281219653927
0.0153178068985783 0.0796125142294461 -0.0314919242010327 0.14376842768423
-0.0279142314853998 0.085551238236063 -0.111920140268621 0.101004617114056
-0.101453300819746 0.030682112080255 -0.131134588070732 0.00771913001435373
-0.103947227581853 -0.0602503821052054 -0.0741338774889168 -0.0627692051620618
-0.00459942672579702 -0.119143926290279 0.00651165500506347 -0.0203740328041236
0.0882377268259042 -0.0822492351340842 -0.0678020082724375 0.152008109032899
-0.071745061483586 0.00168637394779932 0.0704041954849541 -0.191711703200145
-0.0140166168771369 0.0665349377989184 -0.0185600924234108 -0.0147829736797206
0.0434984742068074 0.0480237523354173 0.0879508284176416 0.081109722152013
0.0516998540946988 -0.017746149892449 0.166897984779159 -0.00558757485847419
0.0048417233635854 -0.0413484843110872 0.147487343732676 -0.12647632770898
-0.012593005056256 -0.0209733705282579 0.0527877658024813 -0.190308425772951
-0.00784538436490805 -0.0170858980847539 -0.0368156770032957 -0.168333224602613
-0.00662528585004615 -0.0182021924243716 -0.0715778943100785 -0.12031459223047
-0.00166840491895799 -0.0122879845227103 -0.0663449435627563 -0.104724528609383
0.00352487045107705 -0.00510126230858674 -0.0645832689399214 -0.105995429663337
0.015790498248596 0.00535168940310827 -0.0673860622134645 -0.124242469913639
0.0159103169107826 0.0315433078087635 -0.022644667551581 -0.168193909015266
-0.0305521734079024 0.0538634600475318 0.0597491698618637 -0.191003816979034
-0.0746344018310027 0.00758627147656088 0.069593200591387 -0.185109859044524
-0.0784046045437627 -0.0522991608514237 0.0123928560629192 -0.200083700210621
-0.0640301912981853 -0.0954901082386408 0.0815865584447343 -0.162788157665014
-0.0540189415391696 -0.0143053686767405 -0.0209839573424995 0.0127775421986144
-0.036490997124298 0.0149006143327959 0.104550630155005 0.118597228626078
-0.0183220828951027 0.00560911229603824 0.197878415378451 0.01616916975781
-0.019214958241867 0.0130615810568491 0.172179654007339 -0.132515394005208
-0.00920910538150031 0.0281866559647187 0.0622798653166827 -0.195827737375873
0.0105229822932465 0.0351495773384367 -0.0328190491605569 -0.17072050088682
0.0208129625544152 0.0331503699232622 -0.0733291378305883 -0.116846079785059
0.0184717568390852 0.0443728263700565 -0.0705085415879347 -0.0976287428364567
-0.00888678917557084 0.0489483990631229 -0.070146765876039 -0.0922538250133876
-0.0289259592815213 0.0512686915070351 -0.0777408930460392 -0.11029170073523
-0.0648238412350914 0.0308672483438313 -0.0431509713564391 -0.153038055426967
-0.0974741061008086 -0.000996931597961288 0.0364524483132797 -0.178376453611716
-0.0883176702543956 -0.0767969402062638 0.0432720769533244 -0.171362726842385
-0.0570257237413288 -0.147083400312482 -0.000437282549875944 -0.175339955183657
-0.0390164634794986 -0.182021588205873 0.0812129259522572 -0.108758658188261
-0.0777650215801709 -0.108366736188115 -0.0344949191496687 0.0581754309441465
-0.11761074961687 -0.0364510521268009 0.107491232762098 0.17390898181309
-0.102542893031936 0.0201604311900174 0.222475897062134 0.0609619928140648
-0.0552101425129341 0.0707434051406949 0.199823329369924 -0.116865670201562
-0.0118665949472448 0.0800675591268168 0.0757970735586922 -0.18044384087106
0.0245340341143078 0.0855004705583944 -0.0202722215514908 -0.153364040061089
0.0461172515086165 0.0799239460585176 -0.0634911811568143 -0.0957017086543022
0.0423295274817903 0.0917217747777968 -0.0659821397351121 -0.0700851066264599
-0.00811982526224544 0.0944187831613147 -0.073481800326995 -0.0581799678384851
-0.0523452028491663 0.0954262775738585 -0.0950616011632319 -0.079681587266849
-0.124217288235807 0.0480340871546851 -0.0741507378633215 -0.129320652614946
-0.156280242355353 -0.0277415171030472 0.00506133368030127 -0.163743976948806
-0.107599734807929 -0.135357488005869 0.020987814363555 -0.148904911880408
-0.0385420288849539 -0.21705552216779 -0.0149740451087165 -0.12452200565327
-0.00186140331983215 -0.240308120782 0.0675453184354829 -0.0328121917822168
-0.0757933144902775 -0.195515812158552 -0.0581386506951207 0.11284502253778
-0.179255026125428 -0.100721200841426 0.0888496224378827 0.233129140291642
-0.182863940237484 0.0160256814852581 0.224994903942353 0.120596214710557
-0.0984662975789356 0.117110742379319 0.216151687335023 -0.0784581915441182
-0.0197444497978947 0.124436275139921 0.087996203115618 -0.143342252780992
0.0322191370910975 0.125683369458792 -0.00257885033401591 -0.116815439319871
0.0651577744906669 0.114279298809582 -0.0444487294760876 -0.0598529516618724
0.0641548928516713 0.12226765780083 -0.0521726397454333 -0.027980349659903
0.00154134906076131 0.123712843269939 -0.0696969093742413 -0.0116895033224963
-0.0555640087616596 0.127956162721452 -0.107368717136907 -0.0365810555642812
-0.155346207079394 0.0712495597910487 -0.100498654274819 -0.095313952700833
-0.194170184128293 -0.0343022290465346 -0.024240267902861 -0.142162624675018
-0.120756082876533 -0.166415593860021 0.00868328584287986 -0.121810741686219
-0.0206564981796584 -0.254405933103141 -0.0254397074271886 -0.0597342756040143
0.0386212926148382 -0.254575486265837 0.0409021811664718 0.0512828602111341
-0.0459771172991273 -0.250704880861345 -0.0871131763336754 0.165420924731428
-0.198748357866503 -0.163491829575423 0.047144397773863 0.275392140741217
-0.235121520207067 -0.00982936356597895 0.194390751491427 0.176803309685092
-0.136800794008728 0.136487377344263 0.208421708578563 -0.0215140528436219
-0.0293704849416922 0.15032621371802 0.0920337416667104 -0.0870635983333982
0.0335397089337902 0.147066606533104 0.0153391564118333 -0.0651502375965263
0.0736332244178341 0.130983537709588 -0.0191404553005423 -0.0154845464730434
0.0774158294285123 0.134952169524177 -0.0309453678174359 0.0200973270642306
0.0131383683574698 0.135795089145603 -0.0576108202842024 0.0385803667900562
-0.049468898380337 0.141904738313894 -0.110832350095454 0.0100122530775153
-0.16411829948155 0.0806303516638947 -0.115996511289669 -0.0579387347631408
-0.204801485885551 -0.0390490261847957 -0.0448598144946199 -0.1170296281
-0.11532962072607 -0.177228338555449 0.0070016922494138 -0.0923998591777711
0.00339556021949421 -0.256476080924606 -0.0301784474190908 0.0100830349724336
0.0706105611809331 -0.222059425326839 0.00843570104592294 0.12799757352442
-0.000129119059912461 -0.25458963413154 -0.113251178026031 0.202999093506423
-0.170991198243158 -0.197119665326767 -0.00392965015017726 0.287002885352889
-0.238891454967243 -0.0414064894487087 0.139157974660359 0.211707438758522
-0.150740283812196 0.127012573798918 0.174159713620462 0.035697462463334
-0.0343184700106343 0.149520628782259 0.0850081222015978 -0.0228242880357338
0.0307631338614801 0.144078857328369 0.0321695153232309 -0.00793639078185348
0.0725713622404694 0.127765652313508 0.007618627995403 0.0299036985467934
0.0794618279399372 0.128560614213606 -0.00655501690710794 0.0663869182886468
0.0209034854159376 0.131176789318517 -0.0434476701127474 0.0850204144483463
-0.0413851304892677 0.138362577277081 -0.108591147216996 0.0520687671119652
-0.157151659742382 0.075666717203042 -0.123712538337831 -0.0248813241767258
-0.191410637601894 -0.0477947118729707 -0.0587427149311692 -0.0924353651487053
-0.091229482461996 -0.174981023041363 0.00851284731309944 -0.0641184157508264
0.0342970235515193 -0.226599373855346 -0.0356229480740023 0.0734659677383283
0.0850516487437995 -0.147800832846496 -0.0210477877063046 0.183071224714052
0.0373236803129339 -0.203808158830561 -0.126654445217797 0.221347521692375
-0.114722361102721 -0.180870189974259 -0.0449864407694006 0.267705694488438
-0.193982523260516 -0.0558081178125672 0.0805462173767209 0.217051848733981
-0.131047418431031 0.0966963557360663 0.128069315345949 0.0817900356355786
-0.0285780330880515 0.122142060113724 0.0712996802177313 0.0346618806468721
0.0255524021677243 0.116460703631622 0.0453254471714979 0.0441883764545924
0.0610342663245065 0.104428037030854 0.0328386522678999 0.0691773785444409
0.0694462456014631 0.105323515742662 0.0162540863410119 0.107016806020783
0.0230952830153774 0.112619594949314 -0.0308346216212051 0.124520159932561
-0.0333386877704651 0.120041178447188 -0.108093873107144 0.0874301141254468
-0.138217347845571 0.0594343289249745 -0.129793348189462 0.000437857567928496
-0.159678623477918 -0.0557031620051289 -0.0703990025847774 -0.0734820136511723
-0.0536375295820196 -0.15815087137826 0.00873980200402787 -0.0395882791520277
0.0655709860903915 -0.169790904687666 -0.0467781971359386 0.126881154788892
0.0814366176530081 -0.0452348343189001 -0.035804150251198 0.205990558255634
0.0584437353813487 -0.113781907836781 -0.118900388006192 0.218974403472847
-0.0505377267730269 -0.119204139647591 -0.0639857561156142 0.232435528812517
-0.115460828111407 -0.0464199679703708 0.0382546862972321 0.20339572464268
-0.0820961915367835 0.0567446183950386 0.087952816160989 0.109881266877714
-0.0139817761951191 0.0759913165047601 0.0615635413247616 0.0754260624650146
0.0195346711834732 0.0688113324188889 0.0558885008534548 0.0812194255690925
0.0411654848856139 0.0652178950594636 0.052915324213086 0.0971690241737251
0.0496620775742403 0.0679717194988659 0.0336906061447034 0.137169828836914
0.0211313988625181 0.0818608386037905 -0.0242816820919689 0.153573281372613
-0.023792339178546 0.0900945027346958 -0.113325827737763 0.113595811567995
-0.105136736927527 0.0382971704762533 -0.140002268110593 0.015914604214863
-0.111367194306587 -0.0563111220057018 -0.0837652091341722 -0.0641498040995459
-0.0115285195065329 -0.123824462728011 0.00519200027240901 -0.0225008141716824
0.0873756559109721 -0.0920822705250627 -0.0625179946550965 0.163216920449214
-0.0725567233507853 0.00626173700866112 0.059416209336531 -0.203462207011241
-0.00902857760984829 0.0678147573849535 -0.0201285260624325 -0.0117181084267716
0.0472730054249788 0.0445932146739096 0.0989618507295682 0.0807425261038206
0.0500346901936949 -0.0229834989681325 0.174372446049491 -0.0176487776209693
0.00024993668541792 -0.0417857453452262 0.14480697206217 -0.143609717483215
-0.0150236885809228 -0.0195585278100367 0.0404057063138436 -0.2032422208616
-0.00928961512885891 -0.0163846908448131 -0.050381179331126 -0.172350464692129
-0.0088112384923781 -0.0172898857858333 -0.0820632225362529 -0.118924688460118
-0.00318877844151274 -0.011371706703756 -0.0773547305481247 -0.103241417880831
0.00287079426570189 -0.00476550844923385 -0.0758060073382919 -0.105388855548766
0.0159752292444184 0.00478616824133002 -0.0797808074293716 -0.123581807007919
0.0172387501390226 0.0302750844459037 -0.0363321005167223 -0.172047712401773
-0.027538668415134 0.0565525233434602 0.048759539844995 -0.20464443535708
-0.0751958515133396 0.0127593882256382 0.0630697858757649 -0.198835375069705
-0.0835986427628828 -0.048039215980628 0.00331183559154602 -0.209291112595115
-0.0714690181064882 -0.0951725368410396 0.0720103581700906 -0.173632308941958
-0.0560261108912197 -0.0133419564145636 -0.0206590782250199 0.0168526020151594
-0.0374015474890659 0.0158795744403788 0.118699883782867 0.117736994216718
-0.0210861055369883 0.00589120398245074 0.208093578785267 0.00330279506242302
-0.0208422836390518 0.0165757459368435 0.170117626704519 -0.15163935358721
-0.00899101706926549 0.0312092044593224 0.0500736945140685 -0.208633168936952
0.0140932250227226 0.0373890564480611 -0.0468979173249297 -0.174483010359938
0.0240218145260273 0.0336971576456847 -0.083514587302502 -0.113855520757896
0.0230573201195695 0.0455371790521157 -0.0817793002079178 -0.0949688822910326
-0.00569706718880248 0.0528503315671201 -0.0811796067487483 -0.0898774073008007
-0.0269382104758108 0.0559874916676947 -0.0900906017843795 -0.107993878980047
-0.0672676323449906 0.0353924239282927 -0.0573948163384508 -0.155511815841588
-0.101068136867301 0.00434167802116996 0.0242778545082671 -0.190294885899843
-0.0953251816346792 -0.0747155139906707 0.0360958522382993 -0.18223816375086
-0.0682246140167781 -0.14848790469856 -0.0091117656192077 -0.183102781077374
-0.0516427909450296 -0.186104216471365 0.0756196662280952 -0.117172895020451
-0.0870254949880524 -0.108972193608784 -0.0315388964914676 0.0645275592311634
-0.124505043679921 -0.0312759368331719 0.124759787739709 0.174775095753898
-0.107247637202917 0.0271192052143916 0.23646056988085 0.0484455612454135
-0.0538443765455585 0.0781659853410366 0.198920468152813 -0.137409233361874
-0.008145504123013 0.0850050593720798 0.0657920140158255 -0.193669019615306
0.0318176020200458 0.0889928001735531 -0.0323975318894753 -0.157330594906247
0.053833767392645 0.0805694818214013 -0.0721279664759897 -0.0921322935136069
0.0509145856084038 0.0922131894804003 -0.075063903470501 -0.066117897668674
-0.00251344110425894 0.10002626321244 -0.0818177364393253 -0.0533701813356911
-0.0482957515105896 0.103747581899309 -0.106250439740035 -0.0734597469466113
-0.128670881767901 0.0583011930949073 -0.0882439836213962 -0.128071146003929
-0.163975556497841 -0.0187592916895228 -0.00827604750410008 -0.172919796668732
-0.120042030241629 -0.134310339129816 0.0134514168487437 -0.157356936266494
-0.0543058204713349 -0.22300752614368 -0.0217059114853663 -0.129333262851008
-0.0178889581093596 -0.248892940520702 0.0660194756297345 -0.0368261229465407
-0.0913072945336348 -0.19926004469494 -0.0529757397227805 0.123061788318061
-0.192406595769562 -0.0935493506577151 0.108929682500442 0.236888682875201
-0.191257540530767 0.028382796467262 0.242250354319306 0.11055120233968
-0.0944746840021563 0.129016983980779 0.217344182010845 -0.0984412167583054
-0.0125449056849651 0.131324865814224 0.0807537106017514 -0.154815013620325
0.0425974048824191 0.129681590695955 -0.0118035075010172 -0.120163425475391
0.0761091087527176 0.113959763957967 -0.0503300558943896 -0.0564531854359719
0.0758257271758232 0.121469217326137 -0.0574777834802237 -0.0234915611130176
0.0101073335055875 0.129934777635569 -0.0738252869140637 -0.00523098919082199
-0.0493898820553928 0.137311367264818 -0.115876060435759 -0.0274886415213276
-0.159030633418432 0.0847019238422428 -0.1140719114623 -0.0908096247873922
-0.204272734381327 -0.0231178912602376 -0.0381665115904897 -0.148996964249447
-0.136911858072981 -0.16519221058875 0.00155304220072007 -0.128271262450405
-0.0388854294112329 -0.262852809650972 -0.028383472557953 -0.0612033152202492
0.0229728621077359 -0.267202396020635 0.0433503445894585 0.0520844131364985
-0.063825130997304 -0.259015203134738 -0.0799566131688234 0.179117390206784
-0.2162359532312 -0.156661570687867 0.0681602354040923 0.283779004373106
-0.247580587922254 0.00494068693962621 0.21518755626191 0.172280786662173
-0.131584252859042 0.152180956984381 0.213218769308669 -0.0391138052605901
-0.0205921194088589 0.158564474098867 0.0894246987259421 -0.0960231940710205
0.0450021922007291 0.151306662429727 0.0111695640673558 -0.0676064570276624
0.0862856292361144 0.130420166971913 -0.0212994390782892 -0.0121251984196572
0.0910514204830365 0.13294311901906 -0.0313190732747399 0.0244287661045829
0.0231817298001794 0.141411038141682 -0.0574987942222798 0.04561006482304
-0.0420963951850159 0.151131443807344 -0.116304681134013 0.0214374648912289
-0.166507941053031 0.0961992980922651 -0.127768979446923 -0.0510305804618561
-0.215169284135245 -0.0264497340545108 -0.0585339363456789 -0.120874769142769
-0.131989759626998 -0.176984019489965 0.000658462220466118 -0.0969983818661972
-0.0148521827446044 -0.267314723989911 -0.0296808514856816 0.0117802315315578
0.0582322720116814 -0.235920998080315 0.0139079078676259 0.134383144087169
-0.0174230808431996 -0.26565085775346 -0.105297938733029 0.220231787021525
-0.190204324643035 -0.193006223264163 0.0155275814808731 0.29879731466017
-0.25309075969652 -0.0268192922611856 0.160560212420411 0.211478389121948
-0.146550183637457 0.143056856481697 0.182462710254636 0.0235320681242981
-0.0244324123809283 0.157291421214914 0.0860466504355488 -0.0288130781947871
0.0426067558196261 0.148045791001461 0.0320530456936742 -0.00974394530917535
0.0851664207330025 0.126616640968985 0.00989432964154771 0.0322651685773065
0.0924955703484291 0.126210484193402 -0.0020228594367218 0.0704954051453048
0.0313302148520947 0.134990785227131 -0.0388409008341011 0.092928744676707
-0.03311886643349 0.145821327190691 -0.110425753464104 0.0649065317513714
-0.159164881556949 0.0903267240460698 -0.133232008610886 -0.0155780222674514
-0.202273256353535 -0.035367688699961 -0.0712703371020987 -0.0936561874144264
-0.106937441296802 -0.175140649962261 0.00387210648472891 -0.0679672630910445
0.0183237831501246 -0.238243177306029 -0.0312288149270666 0.078894452279683
0.0776407538876064 -0.159515936820783 -0.0137775076926054 0.193529926143954
0.0253259480849184 -0.216375415038278 -0.118653441637091 0.240854475151616
-0.130996308284659 -0.179169968088604 -0.0279549571431248 0.282327704689193
-0.206903732291774 -0.0441459956143122 0.100032089254036 0.22085826255156
-0.127417794995698 0.110771869615222 0.137919903825555 0.0740668298698758
-0.0200210855553914 0.12822805894971 0.0768288288399622 0.0322678232125091
0.0351900248854391 0.11906869309679 0.0499917307263995 0.043024629828181
0.0712967354696959 0.102718639553539 0.0381898625816691 0.0703796987562178
0.0799544454775248 0.102270398904782 0.0248961348785135 0.110388154606299
0.0318507108064882 0.115197749235204 -0.0225596610717797 0.132657356577657
-0.0253634282384193 0.12560716536222 -0.107531193759855 0.100988693786069
-0.139879963492554 0.0723836940586222 -0.137330243252619 0.0115785973028389
-0.168743620848195 -0.0456546582025185 -0.0815008457697138 -0.0726547071388452
-0.0672323025671753 -0.16011427390025 0.00571517141430356 -0.0420256086297278
0.0547109123774093 -0.182128509578921 -0.0392468386215576 0.133930371332024
0.0808900164657907 -0.0525974092262622 -0.0270493876099478 0.217561102734521
0.0521806572075406 -0.123434576835029 -0.110981795973444 0.23768806844043
-0.0602436979353968 -0.118875389734827 -0.0509908477027736 0.246641240419421
-0.123079677689461 -0.0389045120831025 0.0552176490461583 0.208744288016596
-0.0790213450012759 0.0647406285362562 0.0997513596956761 0.107035823044044
-0.00747266842361213 0.0780356548766115 0.0691830360673946 0.0748959693894302
0.0254917331225803 0.0692717020589723 0.0633766080461836 0.0804732872405628
0.0476978442656779 0.0630665877705466 0.0612309139974999 0.0961238637449972
0.0563518881501608 0.0647209550538296 0.0451476231734537 0.140174970712827
0.0284837711959155 0.0823635613670329 -0.0132106542956869 0.161436444429885
-0.0166567318256583 0.0942584995528713 -0.109793791327421 0.128014099127462
-0.10646106983336 0.0478381810514588 -0.146383619581879 0.0272612263730971
-0.118408965426559 -0.0491873217952065 -0.0939026426929043 -0.0618813829474015
-0.0213285145902361 -0.126857439635024 0.00299460819627527 -0.0243757269027226
0.083108307036147 -0.102124597345136 -0.053112128619443 0.17310538612733
-0.0714244198777294 0.0160745691887755 0.0238203805567888 -0.214717840452772
0.00440895149688675 0.0675473871736431 -0.0241806893990846 -0.00906047117205897
0.0571507112041399 0.0335483368687959 0.112013384771085 0.0649835248186728
0.0467504150601399 -0.0347488422357908 0.172187052629312 -0.0459756215470797
-0.00684453526596789 -0.0447556385748946 0.120492821379128 -0.171189684762137
-0.0206686250677936 -0.021238246489591 0.00321105207817653 -0.211297758022594
-0.015186492424644 -0.0156485408968226 -0.0808569699845541 -0.162640752432286
-0.0137467975741934 -0.0145400182109636 -0.100479713862089 -0.103958491684063
-0.00715235955376645 -0.0101455177571616 -0.0952608443859788 -0.0911912321861995
0.000507939855075103 -0.0037078516795241 -0.0941488959119267 -0.0943939651212256
0.014869587759132 0.00327111064616294 -0.0993081701339878 -0.110381393970135
0.0193584067454111 0.0277509787404698 -0.0628937017300161 -0.168140806482798
-0.0209454965595161 0.0608233148733681 0.0182961496783147 -0.217774679511886
-0.074157155255153 0.0262286524960005 0.0374338180521909 -0.210818225097375
-0.0925854196592444 -0.0335892221602006 -0.0222318427569304 -0.209547078366898
-0.090091963671604 -0.0856264542037082 0.0459908463156952 -0.184251609404491
-0.0581047038446268 -0.00320158115078192 -0.0152296788592096 0.0191372296676265
-0.031747369450853 0.021945587657176 0.140954504846044 0.0945732541530541
-0.0184271618667289 0.00850526848280795 0.209985633826443 -0.0349717305159792
-0.0171421649554557 0.0167455916009386 0.141855957458566 -0.184610405012293
-0.00556664040618655 0.0278751825344051 0.00986524699489054 -0.217762055689683
0.0199378745098217 0.0346775085129399 -0.0790812787965359 -0.166575466419809
0.0279193516461638 0.0306431236445021 -0.101829493608504 -0.0976088745484785
0.0296195818895478 0.0426957802979298 -0.0986353866407667 -0.0811845599849605
0.00283581581854308 0.0574684087408336 -0.0972138518717662 -0.078539363939327
-0.0189855424652725 0.0624185193648608 -0.107735895567092 -0.094061272037769
-0.0656050140896871 0.0494075078631287 -0.0798502085552284 -0.148731038684864
-0.103005245890872 0.021218686602762 -0.00272647829516049 -0.197575872955255
-0.108822769846315 -0.058466749384076 0.0100566113823921 -0.188649921786402
-0.093482596964675 -0.138424244348013 -0.0340070608737351 -0.179870030524277
-0.0884026816822761 -0.178849042278539 0.062588919264707 -0.125496997561831
-0.107452093405217 -0.0909172844763825 -0.0131006826944292 0.0694471751211488
-0.126968008073925 -0.00730247229053658 0.161637734847818 0.147403642510119
-0.0989695104707255 0.0468297326534317 0.24757574618919 -6.01946368608461E-07
-0.0374726298444054 0.0837123384891637 0.170556290172681 -0.178068596833627
0.00548650556465677 0.0816045122278693 0.0268679029256674 -0.205628655464039
0.0487243956204982 0.0835819825442813 -0.0634796850090367 -0.153270458095899
0.0656928123074494 0.0714940280445827 -0.0876194258766507 -0.0770087556022366
0.0673471706174376 0.0840702044399282 -0.087291569379048 -0.0526959780794183
0.0151426628837017 0.104306618522985 -0.0926535157239011 -0.0417476085818001
-0.0310922069209517 0.114360417144772 -0.119959503175225 -0.0572695052877888
-0.122685177437324 0.0849616049632939 -0.106967093694324 -0.117397065845167
-0.170589783854456 0.00978217674139103 -0.0327225408205626 -0.173912182368265
-0.14417188301512 -0.114442536444535 -0.0113179731349901 -0.159332642360889
-0.0913521104221012 -0.216157787691502 -0.0423704651408931 -0.12354276264478
-0.0659202843593528 -0.246622784624583 0.0679212519552153 -0.0411485105121245
-0.129670937368687 -0.178369547646008 -0.019418530888683 0.133201688011363
-0.205955427973142 -0.0547084232117056 0.161158541366158 0.209050102833925
-0.182202943575936 0.0666693627458784 0.267580054312308 0.0572916184255447
-0.0669197283724858 0.142038455521583 0.194236639801202 -0.145148625616577
0.0102282236226611 0.12948847449255 0.0473343962302063 -0.169688218467492
0.0686644064888754 0.123699471656134 -0.0368174804984387 -0.121027280130525
0.094501352932926 0.100688762483898 -0.0608030008615217 -0.0445496092056136
0.0986520020779695 0.109000839761154 -0.0626073831535677 -0.0123000291933251
0.0337246893761773 0.131851314072562 -0.0772895955449017 0.00594792203468277
-0.0251072691150496 0.14805926358571 -0.122414590381965 -0.00879303436299967
-0.147653045156889 0.117906339973504 -0.127039578873454 -0.075415910721342
-0.211031657001261 0.0141205056694465 -0.0586958439759585 -0.144071141119939
-0.166186172300087 -0.143042329502739 -0.0205373098825217 -0.126428755879445
-0.0831381403479446 -0.259188715486658 -0.0412130413164673 -0.0531985036930725
-0.0282980619271674 -0.271140537803008 0.0601503807085981 0.0537779285597555
-0.113916139725723 -0.242180752428073 -0.0355896150899713 0.196984191268808
-0.242440728895577 -0.111436461021896 0.131838192338037 0.262859987733008
-0.242854911488915 0.0563714221659219 0.253486908625608 0.121916712261948
-0.0983977961836666 0.173098693771761 0.199541727630015 -0.0870223620336723
0.00886989840870613 0.158121348784329 0.0655630842978264 -0.11304055371768
0.0766189455424037 0.145413036810901 -0.00519915253819419 -0.0737287931131121
0.108310945976092 0.114668717237524 -0.0253497444143613 -0.00529228527426152
0.116279617391459 0.116880874059428 -0.0288342118561049 0.0318841297639692
0.0502201989220856 0.140214134426535 -0.052890406921992 0.0548472113764482
-0.0146812740013728 0.159893415830845 -0.115112978750542 0.0395490793732183
-0.152164536267336 0.130885646728194 -0.135533637386843 -0.0334617013333405
-0.221779199085115 0.0127043229522976 -0.0759998858949492 -0.111378525878503
-0.163488552227874 -0.154185588406138 -0.0176562106479447 -0.0948015126234619
-0.0587244527379311 -0.267871465104825 -0.0333575440876532 0.0191426239726953
0.0132681853752212 -0.245051115257995 0.0428311702700215 0.141077883801838
-0.0693475221105129 -0.257426997604799 -0.0549565353424805 0.245329338059358
-0.224334067539977 -0.151547567382601 0.0835430607044391 0.28968048562596
-0.255096701293163 0.027457345397564 0.207822595291244 0.171568206475797
-0.114220390333974 0.168367422221946 0.180649770487206 -0.0190510484556796
0.00579359281822372 0.158096569283149 0.0746320600700032 -0.045611778972749
0.0735039298781279 0.14219171057977 0.0267206058893238 -0.0197346022422986
0.106907192770207 0.110999949632847 0.0129608808753906 0.0328590838114807
0.117494239057195 0.108795696548427 0.00825098325695696 0.0729118526527632
0.0573345851313786 0.131665396762093 -0.02613853268733 0.099799946859366
-0.00628820625498643 0.152369547651436 -0.102941764090266 0.0830034221110426
-0.144556838306736 0.124082588363705 -0.135253889349321 0.00331485212145467
-0.20901239815689 0.00212520028786899 -0.0846947084315263 -0.0819404017587278
-0.137597189112036 -0.156684165078219 -0.0103145978942374 -0.0660275842631534
-0.0199568787726946 -0.245103075654566 -0.0258859429279174 0.0856246350945165
0.0480567988214984 -0.171786373791498 0.0219834519774137 0.203016213973119
-0.018191560285026 -0.214818633017674 -0.0677642870207699 0.269244517822712
-0.163283080738032 -0.148651591883288 0.0343981381284615 0.283828474045026
-0.21228639373052 0.00184289458658863 0.14894038096601 0.193811254504694
-0.101079716447334 0.134101525433934 0.146907708991553 0.0416366586524741
0.00600088736620247 0.129396083890492 0.0774051525849115 0.0174974378650887
0.0608604702009259 0.113604539972816 0.0548653122668931 0.0309116277264774
0.090005033607621 0.0889919467650382 0.0483618143504193 0.0654199409828979
0.100666989728049 0.0870762677277531 0.041636940223558 0.10767691778047
0.0553770896869698 0.109979147936973 -0.00289601399043168 0.137325254182446
-0.000962479808456677 0.130643439113364 -0.0934409264668379 0.118634027650384
-0.127571818045922 0.101552188788551 -0.135698893201409 0.0314739451392603
-0.176816453653585 -0.0136477004945232 -0.0921203284671196 -0.0592465685616116
-0.09496489532992 -0.147996691836644 -0.00527403075707343 -0.0412359719195884
0.0261384649101649 -0.193387642196254 -0.0253272540212749 0.14072706683902
0.0720882864973812 -0.0657544215260777 0.00716898852098516 0.227383099739231
0.027303537707219 -0.127549018460275 -0.0653003575830568 0.26400083120868
-0.0812422800867355 -0.101881120048936 0.00099869235784344 0.255216847003406
-0.1277435195624 -0.00956156394375776 0.0997364480667081 0.194058187578058
-0.0612036595292256 0.0801831552841473 0.116830732537753 0.0841435408352252
0.0102381984902996 0.0773929302078877 0.0798287405679737 0.0620858068557516
0.0412473424220975 0.064444491647521 0.0758647354813534 0.0670472954756637
0.0597918011226893 0.0538638176854485 0.0752831726851421 0.0861716685646051
0.070499164155646 0.05327301335746 0.0671828022502092 0.133690609317643
0.0463424624878633 0.0764914152335038 0.0111188288462033 0.16503080908158
0.00229324696797112 0.0969132613117247 -0.091566740465717 0.1459115402442
-0.0968845414646565 0.0707861629648904 -0.142537638853353 0.0492748176995484
-0.126189814331192 -0.0258018691789253 -0.103878043268993 -0.046381090689606
-0.0430977273170256 -0.121679641040233 -0.00462993203892584 -0.0243272462872048
0.0678073861483619 -0.117290626776075 -0.0322125683872256 0.180355721735759
-0.0696710433678452 0.0186665642298743 0.0121437885075989 -0.214987540905107
0.00806472800363378 0.0655444827620358 -0.0239725179753485 -0.00751290093060228
0.0570600201112203 0.0288440420527684 0.118194419031318 0.0597918959669488
0.0431557120163676 -0.0374195922745499 0.171219265875698 -0.055259039674288
-0.0101840523885187 -0.0416244751235988 0.11071712065888 -0.179091345745522
-0.0220048871842501 -0.0185302775655839 -0.0105321257407937 -0.212683077103998
-0.0154872600131814 -0.0144675196629001 -0.0905182974074935 -0.158359883978867
-0.01394442716412 -0.0125028799003186 -0.105086618905936 -0.0992259110295209
-0.00714093043750648 -0.00787588192399258 -0.100753241846905 -0.0854971541885954
0.000511140446195301 -0.00278756011462126 -0.10029068900344 -0.0886725878867737
0.0147256121968798 0.00257672766148042 -0.105381478629174 -0.103988938553723
0.0192653291896951 0.0260917258553255 -0.0715371139411609 -0.164488094861389
-0.0172201232879097 0.0608139234559546 0.00600065708516034 -0.220719473778906
-0.0708383184074144 0.0297071349165836 0.0284818578277607 -0.214586103995143
-0.0924175945999445 -0.0289798088423829 -0.0292923266759275 -0.210800704441657
-0.0935530175955843 -0.0810884479791725 0.0360715563073383 -0.185588378686465
-0.0581627730978963 -0.00211475906541484 -0.0130842836485215 0.0206143183729287
-0.0318916599996439 0.022166881940896 0.147868181890242 0.088032376547244
-0.0204452655454105 0.0090533875128809 0.209188301992118 -0.0460821989734091
-0.0174255725085848 0.0191433878754156 0.130294683707089 -0.193562523281143
-0.0045746537622149 0.0307964401276063 -0.00407696448361449 -0.219141322521171
0.0223581445278447 0.0344308008694005 -0.0893784337402957 -0.161588442836012
0.0299238410653954 0.0303023675911968 -0.106036030417186 -0.091346199131766
0.0324468792500521 0.0419173380868142 -0.10327068947408 -0.0741868705447604
0.00579974562908507 0.058702248190216 -0.102294030359637 -0.071672880671346
-0.0158301836978552 0.0638771752387477 -0.113279302447129 -0.0867424315222819
-0.065191906485759 0.0530739015253044 -0.0884067884371468 -0.143538063453064
-0.102041696169018 0.0254508972920083 -0.0147066694253277 -0.19960492568424
-0.110434969615655 -0.053853362170455 0.00198792290860459 -0.191755497500209
-0.0988066600957529 -0.133630346705688 -0.040640246455355 -0.179951920815067
-0.0964007522919786 -0.174438552624052 0.0553622072671995 -0.126721864305416
-0.112064956049493 -0.0870478292810809 -0.00875573337613175 0.0710256718841343
-0.128014696491087 -0.00223543400690753 0.170640390489125 0.139278203354193
-0.0994670849470812 0.0517833012296891 0.248868154586575 -0.0119818432187234
-0.0340560038275469 0.0862818044637581 0.158553803723227 -0.187095676352414
0.00918852468789415 0.0833702015490288 0.0146286469758351 -0.207722915977193
0.054383863111293 0.0820011169335071 -0.0726224406439465 -0.148454198303822
0.0704554305928784 0.0682160888618871 -0.0906711734873932 -0.0705560517193874
0.0721713644988296 0.0802789232614925 -0.0907428634925086 -0.0457277014921629
0.0208963930910241 0.105672496693089 -0.095426998838995 -0.0348789104919356
-0.0249847052825135 0.116693780703644 -0.123818177370075 -0.0481012746465771
-0.120183679885762 0.0922418048968348 -0.114235479547354 -0.109954614160741
-0.169825146642415 0.0178510155387596 -0.0440415349504591 -0.173938358387639
-0.148537568306886 -0.107152718059536 -0.018221192742625 -0.160693338710332
-0.101220469060558 -0.210818112553603 -0.0459711769473629 -0.122268737937225
-0.0781330015448088 -0.242633631389045 0.0648213614514031 -0.042738526743261
-0.13847771693606 -0.173209754871779 -0.0123000036528085 0.135350907560844
-0.208958566307537 -0.0454398240750449 0.172505707943768 0.201572401657986
-0.181312038832668 0.0761110056539865 0.272208681450814 0.043687782640451
-0.0601654363185311 0.145774616813981 0.184138068081336 -0.155490396366493
0.0168002752510542 0.12964307698517 0.0375009387890153 -0.172310295147947
0.07667368720925 0.121033535711645 -0.0442070317355136 -0.117433472190474
0.100821486774399 0.0955209288414992 -0.0615826557238409 -0.0388684662064206
0.104600943999156 0.10247037883416 -0.063523800948836 -0.00670252008617204
0.0415061638363921 0.13156762369635 -0.0772404603086614 0.0124443055166623
-0.0176616391067451 0.149986796160129 -0.124244884762517 0.000503958335048713
-0.143437776408179 0.127566319021244 -0.133289051694926 -0.0669758729070417
-0.209766056683668 0.0246564632281263 -0.0695536478786233 -0.141741126287673
-0.173200399485288 -0.133972990218158 -0.0266024779759678 -0.127565318901025
-0.0955628657704708 -0.254662314753784 -0.0426433412103389 -0.0524744744229973
-0.0418873487853618 -0.269156773807234 0.06198397879669 0.0525415420814977
-0.12610991937688 -0.238052143189616 -0.0251474358384964 0.200057059498517
-0.247473889091401 -0.10033618374203 0.145468940159416 0.257690198068297
-0.242107096678512 0.069739182429437 0.261789986762877 0.108618457503877
-0.0894021739086309 0.178094776934468 0.192507591199427 -0.0974805321520224
0.0172507110236669 0.157465604609643 0.059366902476657 -0.115638580777644
0.0859819030733906 0.141825670456985 -0.009659215145867 -0.0719995939790495
0.115407109382572 0.108093705863976 -0.024181137706535 -0.00229022281628242
0.122816104252662 0.10903191185639 -0.0267481239722829 0.035106706972341
0.058291511058666 0.137949351008791 -0.0494200236655013 0.0598280027225407
-0.00608765553595562 0.16057864976207 -0.113892256209577 0.0494580628634895
-0.146857383297861 0.140567819254208 -0.139492246336096 -0.0238773484980335
-0.220772323735689 0.0245675069386166 -0.0849926138739918 -0.108342206150526
-0.171003611152051 -0.145614524691743 -0.0223186966906729 -0.0957715711900715
-0.0730035098295398 -0.263974352103941 -0.0309276502662938 0.0203436177640411
0.000488403623144668 -0.24572121976591 0.0482242120445395 0.140991806319139
-0.0831758421863276 -0.254987092248418 -0.0419937146350316 0.249911892968643
-0.231194383412516 -0.14041875473837 0.0980715273792745 0.28643703588111
-0.25559310031872 0.0416947503616683 0.218133151769386 0.160368410860806
-0.104796448656266 0.174052614945132 0.177437213071152 -0.0290168787921995
0.0143401566926943 0.157413508050622 0.0729720323348464 -0.0485799900667512
0.082500957296142 0.138291938616656 0.0254976452715322 -0.0198530774885607
0.113590212151543 0.103852944800304 0.0154037821879971 0.0336325115262056
0.123253467268948 0.10010736712809 0.0123107619637524 0.0738873231807143
0.0648271977923805 0.128477020582098 -0.0193622132700907 0.102213884553979
0.00223945229474066 0.152074821514641 -0.0986829486608488 0.0915498144974113
-0.138742260477423 0.13268658524085 -0.137231009885754 0.0131738242175828
-0.207978047703562 0.0135619315694822 -0.0923542007025391 -0.0773657128836433
-0.145571658513191 -0.148665700238341 -0.014405630751436 -0.0669183548419375
-0.0334055218353338 -0.24312057953233 -0.0207970020096929 0.0862791851431957
0.0384598235431697 -0.174260226499562 0.0292836624668965 0.204573300693466
-0.0300636138941237 -0.215269734304959 -0.0546696323821911 0.274403973532802
-0.170879921350053 -0.140685130958701 0.0479273430444383 0.283142142969084
-0.213707275648918 0.014260591163285 0.160351041016822 0.186789171471718
-0.0928084196049205 0.138594898703651 0.147565596182926 0.0331863485017739
0.0131003141754751 0.127000950022089 0.0789064577375981 0.0146393750666648
0.0677196947319461 0.109455650241304 0.0562903917615399 0.0289545560174172
0.0949996713677926 0.0830822390487073 0.0513026287673342 0.0634038399827988
0.104502605497111 0.0792017712605648 0.047729290600051 0.105988350429776
0.0618433385602926 0.105860098721504 0.00539451071208264 0.137627063976198
0.00643330196424879 0.129754942994921 -0.087593864138035 0.125765647895777
-0.121408410747532 0.10933202703537 -0.136305269704779 0.0402478129087385
-0.176128015966031 -0.00325120082222052 -0.0977688149093668 -0.0541729013077209
-0.102476672384082 -0.141397113501615 -0.00779272339768433 -0.0419476436456235
0.0142971966327871 -0.194917645983763 -0.0170118255308762 0.141874471334215
0.0676665864978703 -0.0693509926602898 0.0163634839888282 0.229058805935518
0.019306887872825 -0.130094639322275 -0.0528524415641257 0.269993903680002
-0.0864380528940282 -0.0972138189702421 0.013585369350373 0.256327426732574
-0.128748435843191 -0.00147950839041002 0.110997497025259 0.18913867474884
-0.055557800785757 0.0830154266080345 0.120342191562046 0.0770790215736405
0.0145704620560825 0.0744026316533774 0.0837066341111173 0.058628152414325
0.0445137794290422 0.060591207341838 0.0795619060138228 0.0634213355749613
0.062548939879362 0.0492542740622964 0.0789548371879471 0.0824488357888023
0.0721803291970345 0.0478480165028182 0.0742458272164458 0.129437905821388
0.050570249923105 0.072385408945248 0.0209298011785623 0.163787546445825
0.00784571193624498 0.0955708156163918 -0.0836870527878816 0.152364376415059
-0.0927764830627753 0.0764138648670961 -0.141293752091459 0.0584587032749263
-0.126359421219126 -0.0179087019340253 -0.108923993535231 -0.0411210845681336
-0.0496744447274486 -0.117210729536347 -0.00615893897191739 -0.0251575800893834
0.0601239528666917 -0.121135884273192 -0.0220044838365142 0.181215810525426
-0.0684576635920171 0.0195925740700752 0.00526621815295682 -0.215791567424079
0.00967229746629739 0.0638764583886083 -0.0236358666720437 -0.00669636790378746
0.0561857715972897 0.0266825969678652 0.122852175360745 0.0570245889480291
0.0401546009177525 -0.0384889179467328 0.17261758022722 -0.0607609042049684
-0.0126627150761122 -0.0399127043688339 0.105613683310095 -0.184141401886016
-0.0229350575964914 -0.0162363921309336 -0.019941087518247 -0.214503038976384
-0.0160050396137223 -0.0132236618845806 -0.0966074046346576 -0.156301966787755
-0.0141939870735353 -0.0108366377681855 -0.108248992879872 -0.0971208337489908
-0.00706876629145675 -0.00682836588468432 -0.10483865964894 -0.0820693043114317
0.000465022381514321 -0.00184714887294921 -0.104857938863258 -0.0853924957354256
0.0142490949281213 0.00217052434668673 -0.109256196365519 -0.100366402862437
0.0185507649143281 0.025021942109362 -0.0762082867468133 -0.163251710935968
-0.015130110869658 0.0601988618762654 -0.00127583596778577 -0.223954659023399
-0.0683151076268237 0.0301222031816366 0.0243767921753489 -0.21854811336713
-0.0919361758873236 -0.0267253037983283 -0.0318433992030911 -0.21304468139422
-0.0946886207193081 -0.0797954536484112 0.0302998217697746 -0.186639333482034
-0.0582516187250504 -0.00213330634197333 -0.0125225565808291 0.0209093978913439
-0.0336222800439695 0.0218497302004786 0.153427983801662 0.0850205738683948
-0.0227684427667595 0.00997129905222167 0.210964013385527 -0.0521173384621567
-0.0181024165376696 0.02152793142305 0.124518251231639 -0.199532403454287
-0.00389350848344474 0.0325737492456353 -0.0128693072907204 -0.2210197178528
0.0239794355864859 0.0344625152618164 -0.0956515196598092 -0.158847659852082
0.0319545305557761 0.03056334601518 -0.108361178007746 -0.0882512687301911
0.0343261170615347 0.0421252670749604 -0.10692636029966 -0.0700037402084015
0.00780950208141037 0.0603616234512377 -0.106318325180826 -0.0678139674447528
-0.0145427938262685 0.065671548742705 -0.117456520893014 -0.0822150780881291
-0.0661175099406517 0.0554455201652932 -0.0937875988905459 -0.140768896486408
-0.10237218159414 0.0271683579045011 -0.0221647813069957 -0.20180506871225
-0.110534399420732 -0.0530539010226633 -0.00246966204565212 -0.19472825357786
-0.101591316553454 -0.131895549393929 -0.0427510771600653 -0.182195525844324
-0.10021096075796 -0.173436098308358 0.0514836188700769 -0.128009176605549
-0.114662916843159 -0.0859897176080002 -0.0066719681183283 0.0719211378977145
-0.129819466050533 -0.000331889237395157 0.17696476312857 0.136211763406179
-0.101775459547341 0.05538359606475 0.252213251209553 -0.0182645974660173
-0.0326646165601131 0.0891894345766349 0.152687128432366 -0.193783303095047
0.01145108755736 0.0855924043383615 0.0065717089427701 -0.209473949851901
0.0586474023312921 0.0814897078261419 -0.0786730744290301 -0.14585740435305
0.0741262139591343 0.0670033102691387 -0.0913249311318241 -0.0668273475578874
0.0753717127855847 0.0787966873217928 -0.0928145662432135 -0.0409578106160455
0.0249980724793211 0.10701516556229 -0.0980215666323232 -0.0304429466972569
-0.0220368451506938 0.11869346663635 -0.126242668644648 -0.0429046077637838
-0.120408367303076 0.0977871549820943 -0.119576524997246 -0.105775421432719
-0.171246543934185 0.0222850979710736 -0.0515381691568682 -0.175189811707663
-0.151364065858428 -0.106010364856979 -0.021896066428525 -0.163327642663809
-0.106841752840636 -0.210120043784528 -0.0477005888056133 -0.123887676971471
-0.0840680741049291 -0.242017734086551 0.0633678783884572 -0.0430957518803251
-0.144622507953549 -0.172309109714693 -0.00784584358430495 0.137334447504853
-0.211762143452339 -0.0417361871935575 0.179934631052151 0.198953259736674
-0.184024753586494 0.0824323053741267 0.276826776262523 0.0370638078800567
-0.0569667550862803 0.149443929058664 0.178954964619516 -0.161470716049046
0.0203640373705467 0.131456461556502 0.0322128632222521 -0.174388071280565
0.0824561661298342 0.119782386974829 -0.0494811877170574 -0.115229432997678
0.105403722936163 0.0933705326307346 -0.0618283876376354 -0.0357714766681329
0.108853905245212 0.0992796444308241 -0.0635861012200426 -0.00225646537835257
0.0463618111105945 0.132567494422314 -0.0765508992721028 0.0164463911741099
-0.0131762907424703 0.152032625495437 -0.125790704036615 0.00742146066363002
-0.142256447566893 0.133763467412137 -0.138068486216064 -0.0610444405846885
-0.211001649953042 0.0306018792075361 -0.07696697997748 -0.141079519471764
-0.177173295289977 -0.131111488363278 -0.0302304272104709 -0.129464049628788
-0.102851997667738 -0.25411059525476 -0.0426586876697841 -0.0528788486448604
-0.0487784569947455 -0.26998497766374 0.0625100133555077 0.0534170248554236
-0.134052404322387 -0.237721637936484 -0.0200853411589306 0.203120620872058
-0.252102188532492 -0.0957279582345262 0.153813699875353 0.255706827039182
-0.245181628168538 0.0781072934091712 0.26812152490281 0.102402690133295
-0.0847994553318542 0.181951799602722 0.188348917383083 -0.103679271485867
0.0217454466482544 0.158963225295297 0.0560446923558626 -0.117732744179476
0.0925170601570088 0.14009433343942 -0.01252467990448 -0.0703318664142898
0.120828384807048 0.105012788345892 -0.0229604712723773 0.000103738258761174
0.126389258702757 0.104073337721055 -0.0252843861761625 0.0383208418044942
0.0634564213346114 0.138076307796461 -0.0466982223125611 0.0628974510589255
-0.0014507650169421 0.161810634565868 -0.113435576639674 0.0560585664680156
-0.144482039416108 0.148255183962903 -0.142935180201682 -0.0170830727186758
-0.221686644924729 0.0316424937548554 -0.0917198620819331 -0.106853906173228
-0.175606550914604 -0.14162089209663 -0.0256070235782106 -0.0972026925971419
-0.0808099054740123 -0.264407507647061 -0.0305049430708123 0.0201116353389073
-0.00539104337346427 -0.246903024026916 0.0509955182800633 0.142625093917204
-0.0922167801920061 -0.255822945050344 -0.0355662829789641 0.254181172573085
-0.236992304722039 -0.136323663123192 0.106400456762987 0.28677694243425
-0.258620835355302 0.0505945681700141 0.22604576902547 0.156267271394622
-0.0992816209162098 0.178440717376803 0.175505646876465 -0.0347703686383675
0.0187795915530787 0.157157907170936 0.0721593248443425 -0.0505952774486345
0.0886230481223949 0.135854611066129 0.0247278421378536 -0.0192429677419302
0.118838246137334 0.100440591573535 0.017465313863305 0.0348264478296967
0.125650546592726 0.0954233222777185 0.0151133442867858 0.0754370723673697
0.0696513681110862 0.127151933638826 -0.0150370597097651 0.104547002362446
0.00690944408905871 0.15271697211901 -0.0969933969541087 0.0978960049790662
-0.135754853281721 0.13935308373997 -0.140009117893956 0.0195886957320233
-0.208295530060056 0.020319716855291 -0.0982601657699808 -0.0751159058138843
-0.150551618386547 -0.144580733649668 -0.0168587213742529 -0.0682830371757876
-0.0412112835674569 -0.243982931976074 -0.0178943738787656 0.0870018925371923
0.034022114876884 -0.176792322164585 0.0329255906177816 0.207145385052247
-0.0370876412313625 -0.217047088845539 -0.0478797073117216 0.279732006614016
-0.176244201856546 -0.136528586022521 0.0561601304416859 0.285174512942941
-0.216082552361736 0.0217251694523932 0.168037509477384 0.184009535828936
-0.0879376190853566 0.141945187694829 0.147815169999809 0.0291849295166979
0.0169908590012619 0.125967173572236 0.0803361362723962 0.0126729336056965
0.0722057018600596 0.107229929238851 0.0575556794652162 0.0280664645072741
0.0985532008436349 0.0796145220071007 0.0539468788067637 0.0636997241634835
0.106848623269448 0.0748959820344726 0.0515147023625131 0.105753484682657
0.0653520906378687 0.103727253931264 0.0113197095836223 0.138664899542931
0.00998841266574882 0.129021828111586 -0.0843678945817374 0.131978884788827
-0.118969592804897 0.114661853529118 -0.137066127386172 0.0468499760384727
-0.176547655761668 0.00191338042040023 -0.103281557523082 -0.0510800637453984
-0.106763448227044 -0.137900845421781 -0.00988101556609779 -0.0432080974825806
0.00817321367909053 -0.196504188093694 -0.0129651155031552 0.142772973144286
0.0661034912578291 -0.0723366025593924 0.0197653482231742 0.232406619576456
0.0143691441749639 -0.131339495071986 -0.0466797920990895 0.275557722476756
-0.0901094797828382 -0.0945888140498923 0.0209012688822919 0.259058121321307
-0.129541624479143 0.00359410291520597 0.11908882708893 0.186620619836939
-0.0516456104928889 0.0844908651997583 0.122781299488953 0.0734301525443148
0.0164855292006816 0.0718779789699735 0.0869423406900647 0.0573163225473432
0.0462130827232638 0.0588514313933967 0.082597573287377 0.0615800872305203
0.064358913442031 0.0460031479371998 0.081258748321892 0.0815991991379461
0.0726065960222975 0.0441263394080222 0.0788060038997468 0.128097484861743
0.0532142055179827 0.0699058080059149 0.027262735542235 0.163384479472281
0.011813628099161 0.0943135292354065 -0.0797095971749366 0.157261960585587
-0.089662632212944 0.080652504539969 -0.141900679629421 0.0644332309995686
-0.126285621615196 -0.0138304519999882 -0.112735913470155 -0.0379735779471536
-0.0529251560532119 -0.114986660103908 -0.00785609680402591 -0.0260692160023943
0.0557448176423742 -0.123718562282405 -0.0165877334353862 0.18265768094359
-0.0689758269630603 0.0207344789132056 0.00109699411948786 -0.220957429997978
0.0112656859328364 0.0637899327402971 -0.0255722889242468 -0.00625844735367879
0.0566580674560864 0.0261929342465839 0.129279944527046 0.0566763505929689
0.0388999729949105 -0.04018810617373 0.177274217908957 -0.0666289001109081
-0.0140489058402975 -0.0386021074477865 0.10420312814682 -0.19270425550107
-0.0240805355957072 -0.0142743117949759 -0.0278086572835009 -0.220631294917055
-0.0165474876220973 -0.0124946308837244 -0.103759529026281 -0.158713505331818
-0.0140008248816611 -0.00947095183167639 -0.113303791706169 -0.0984225364560857
-0.00732211988291795 -0.00540040206505881 -0.10965939399494 -0.0813587973959046
0.000622901943357402 -0.00100993233905257 -0.110661945292835 -0.0852380899924357
0.0141667465852765 0.0020589008748642 -0.113844142616511 -0.0999085657189069
0.0177599150067523 0.0250754881456726 -0.0813978933530067 -0.166455064007969
-0.014368103961905 0.0608969604234353 -0.00661465796794771 -0.233062041766406
-0.0681085972191688 0.0299524229860325 0.0226979436687671 -0.226337279968576
-0.0937680765365896 -0.0266230859188512 -0.033220761475981 -0.221130420508822
-0.0982491889681382 -0.0812718230565599 0.0280091212083409 -0.190827372865971
-0.06008010414354 -0.0028777937980246 -0.0125905922445221 0.0221783387890774
-0.0354199248296059 0.0220291252721136 0.161068870719767 0.0850288848530633
-0.0259439542321532 0.0112650961612247 0.217154828614493 -0.0575560555844253
-0.0190363651994852 0.0242555048834672 0.122961304483219 -0.207509352984593
-0.00337574817397466 0.0360285668153133 -0.0204418742667816 -0.227365321110581
0.0265389318867075 0.035589904218945 -0.102926044953574 -0.160385328527328
0.0347671536382655 0.0314481323113476 -0.112152477239614 -0.0884441867769787
0.0365694104629679 0.0436200237144324 -0.111953538370582 -0.0684711396323216
0.0096941950969194 0.063570529974088 -0.111244536200663 -0.0665314964268681
-0.0139967225995493 0.0680455309026632 -0.122756124925815 -0.0805479949932698
-0.0687410184630407 0.0585786499547584 -0.0990285699456213 -0.142626478903536
-0.10503291746373 0.0286387322723364 -0.0284690678800314 -0.209543337809689
-0.113046250540761 -0.0548907210106708 -0.00469328082622377 -0.202387002379087
-0.104774122847684 -0.134347726063062 -0.0437559984210732 -0.188714909164796
-0.105260756772594 -0.176940771939523 0.0512618383653259 -0.130725113937621
-0.119408404181206 -0.0882086702325479 -0.00577139475114259 0.0741604063306598
-0.134701714751508 0.000982814148004085 0.185397055317053 0.137800532869977
-0.106818754891822 0.0600777969102553 0.260721273095354 -0.0238693433619914
-0.0328224973282716 0.0939706855177771 0.151908861633475 -0.201290022426244
0.0129433269839841 0.0896026903733202 0.000912435114268958 -0.215448319255915
0.0627829837926437 0.0829550098778459 -0.0847777463659569 -0.14651611224663
0.0793506345300693 0.0681628330562868 -0.0941235403413767 -0.066414451361614
0.0798091976828257 0.080114023017096 -0.0960318335751325 -0.0378270550114408
0.0285566010417622 0.111255506382499 -0.101515068020127 -0.0277561221869848
-0.0206198964854278 0.123626897666151 -0.131696568937514 -0.0386859459379415
-0.124167210693814 0.104312424968886 -0.126140773234591 -0.104819820440731
-0.176385265675119 0.0248506946208715 -0.0583929830121025 -0.180590859639155
-0.156594704765069 -0.1079813791046 -0.0251173577353777 -0.170054895515313
-0.112422776952476 -0.214704032738625 -0.0490315383521078 -0.12860070441231
-0.0892785333937521 -0.247632008762354 0.0643713908119797 -0.043829280722413
-0.150951725404084 -0.175883817361825 -0.00593702545368044 0.141040427818661
-0.219278097183473 -0.04025077223926 0.189136552030652 0.202803355969521
-0.1902534713886 0.0895109475845528 0.287221230670329 0.0328788566928299
-0.0560103869698919 0.155504494105425 0.178362069894542 -0.168694496020356
0.0233183617828641 0.136648789527462 0.0278969086006115 -0.179486115633571
0.0885938685390964 0.121267500621774 -0.0540724176251174 -0.115059089267166
0.112175499190015 0.0936003951303589 -0.0623983440086132 -0.035062198585854
0.113160863587034 0.0998347211286122 -0.0648493363057854 0.00129697977007864
0.0509502599739241 0.136808023798286 -0.0785973404136421 0.0201412173924958
-0.01105856930448 0.157084829166135 -0.129561273289576 0.0130301087336256
-0.145655392004956 0.14224445566308 -0.144748464122786 -0.0574702054902617
-0.216966921704182 0.0344192614474352 -0.084603405723883 -0.144945326051534
-0.183312225346277 -0.133093158461166 -0.0334061255860859 -0.135010066729971
-0.109397460393352 -0.259653153529689 -0.0431137911469507 -0.0550503590048612
-0.0537905071946678 -0.276771262929885 0.064401757058597 0.0552741069830314
-0.142684555194217 -0.243338393942714 -0.0167467676216235 0.209873727426671
-0.26164306355114 -0.0953155286323646 0.162885496717815 0.262156936036586
-0.253989473973769 0.0865057675407921 0.280613186012147 0.101349711175171
-0.0837630315011255 0.189609275725115 0.190019021169033 -0.10944424357495
0.0243408989729431 0.163679926217793 0.054765714753886 -0.121969384753775
0.0991796161867594 0.141972226995517 -0.0148946493110289 -0.0700749431669855
0.127539658012291 0.104846150893331 -0.0219196556084173 0.00150926742527569
0.131794683489669 0.10389267267492 -0.0245140022095373 0.0417913551959489
0.0686633390714677 0.141577418279391 -0.0464237026424556 0.0671727563839678
0.00189811240114659 0.167081967829253 -0.115794377640071 0.0632823351250369
-0.146831395439959 0.156941401749714 -0.149298006623849 -0.0120438929556623
-0.226992562059191 0.0364354659801405 -0.0991110347408807 -0.108536994327062
-0.182623138695779 -0.143010377348622 -0.0284622574417721 -0.101131060774667
-0.0876801722220641 -0.271065483387085 -0.0295038363658878 0.0205638828554093
-0.00950702474766147 -0.254661143529943 0.0529744416183579 0.147781266238192
-0.0996080234233699 -0.262419177851117 -0.0323923219578099 0.26310026303686
-0.246860529932325 -0.136801456566861 0.11443576784661 0.294637565387876
-0.267266418381597 0.0587925025194475 0.237449596756414 0.156293564812564
-0.0984672449218062 0.185293599909861 0.177824007389188 -0.0384434296827054
0.0219541250276452 0.160904326148009 0.0738733447648985 -0.0525464838088308
0.0949818608045842 0.137590486168608 0.0246036933501431 -0.0186514597283986
0.124790318094055 0.100201563394444 0.0201413848578365 0.0365832171448708
0.130573640967832 0.0939602006689002 0.0176342970072534 0.0782109281094963
0.0747730867513475 0.12917126365748 -0.0127901878363411 0.108271254230937
0.0102204008231011 0.156212913856198 -0.0979138740689021 0.105516204677694
-0.137412498064914 0.147565528261916 -0.145329097341191 0.0259869588850219
-0.213876682671615 0.0249153526482846 -0.104993930289631 -0.0751264955884966
-0.156372167994983 -0.145893392425983 -0.0193769080600353 -0.0711535649401508
-0.0470480329284827 -0.250815358572425 -0.016312650085306 0.0890550640013632
0.0325402936953456 -0.18331316930739 0.0351396169929019 0.214526025612762
-0.0431148938237379 -0.223608207143685 -0.0447084053443807 0.290114621415496
-0.183871756441362 -0.137363565609601 0.0625168018419114 0.293430602850517
-0.222933136729096 0.028763670051887 0.178369119840499 0.185843065236619
-0.08668672446122 0.148004644351924 0.151147930757035 0.0271686931821995
0.0188803072806254 0.127904587384071 0.0839001210725532 0.0126041405508546
0.0763699758975114 0.108304427720662 0.0599786150603692 0.0290555096273148
0.103822938841538 0.0786302049560026 0.057486914247674 0.0653797230104792
0.110401186731869 0.0734543894448154 0.0555491137136836 0.108700504308491
0.0695743187179345 0.104800641441512 0.0149278238200671 0.141763858939413
0.0129122538839143 0.131587444963096 -0.0838603020219302 0.13925473017805
-0.119386286077915 0.121306318922715 -0.142166137291762 0.0530183159248159
-0.180741508889156 0.00595234360999006 -0.108969915769415 -0.0506295357647858
-0.111586519757367 -0.138950289235382 -0.0116956044269117 -0.0456449800682001
0.00389640412340948 -0.202771050794607 -0.0104862624089244 0.146276634601599
0.0663400153526195 -0.0765540553124291 0.0212110181842787 0.241016581685444
0.0112545181044269 -0.135657169085416 -0.0444831717702475 0.285959847374834
-0.0945441557690119 -0.0950923294508125 0.025695791224757 0.267875817033396
-0.132616898043841 0.00764088717467793 0.128150143421439 0.18910807107075
-0.0496749398415762 0.0872283952034687 0.126807097333638 0.0728086238093978
0.0179428299105077 0.0716992090978202 0.0915407050672381 0.0576864872299432
0.0482335224991615 0.0585938602926451 0.0861579876544804 0.0620101750744158
0.0672499050213339 0.0450262220225916 0.0850860672092537 0.0829168952893709
0.0744676477940059 0.0423134253560825 0.0835975454190427 0.129786492202105
0.055855957411371 0.0696906397718 0.0320705748648287 0.166568665950664
0.0139601051151249 0.0959161680119148 -0.0785691976486326 0.164443703937064
-0.0894916008220319 0.0853490080292359 -0.145704970570301 0.0705589567471592
-0.129030911579909 -0.0112534596995987 -0.118495647333725 -0.03652597632414
-0.055277852510246 -0.11541893722235 -0.00913210395214567 -0.0277897232818976
0.0540043078610063 -0.128467999554354 -0.0139195630019249 0.187814157652515
-0.071650073656535 0.0222362348346289 -0.00481652473341083 -0.232053801657228
0.0137212812356736 0.0652879049438748 -0.0279784385792243 -0.00543248466981454
0.059412985554131 0.0256305121613988 0.139584714332352 0.0561801516063411
0.0380313443838107 -0.0428646063157144 0.186368472807024 -0.0756737410692965
-0.0160732004782426 -0.0375683054226216 0.103749242597821 -0.207508781551314
-0.0255746948619686 -0.0122283740475036 -0.0388529805261661 -0.231147548074642
-0.0173530141618367 -0.0116247293620215 -0.11589573143906 -0.163773212867267
-0.0145060745727333 -0.0089093239623291 -0.122118306602336 -0.100523909258378
-0.00704349322427002 -0.00409104263635861 -0.118581015564787 -0.0822203790087741
0.00053300523509436 0.00035251820870365 -0.120587204146649 -0.0859049357677904
0.0147663256778287 0.00196023669523537 -0.122797255756232 -0.101998814177423
0.0174600701048996 0.025546460765533 -0.0898615557181785 -0.173919631960566
-0.0132464144779543 0.0634398651114728 -0.0152279573579964 -0.247354074966561
-0.0694908699386433 0.0305565974591049 0.0192328858109932 -0.240769977336384
-0.0985850335981466 -0.0259429025851825 -0.0375550480648499 -0.235669172656263
-0.10510810349134 -0.0843771477171432 0.0248405132782206 -0.201222991592729
-0.0629434460714823 -0.00306812624337012 -0.0137675938496115 0.0238696998412979
-0.0383065505636683 0.0240629037918846 0.173287672774199 0.0855432524129297
-0.0295014530760512 0.0137325995130963 0.229425272833681 -0.0671931992195355
-0.0200466582967761 0.028399065322759 0.122593487903652 -0.222917373041742
-0.0022064084144492 0.0404532297005554 -0.0307199065911304 -0.238654160250551
0.0300176957240452 0.0375338029472003 -0.114788886961222 -0.164106152492611
0.0389507493510459 0.0329220627432266 -0.120377841836501 -0.090411691627729
0.0409096931525664 0.0458297043728641 -0.120031900434353 -0.0669896539473323
0.0126997561485425 0.0683355528478776 -0.120663639376149 -0.0651811342341475
-0.0135504022867722 0.0730278327608713 -0.132330864634258 -0.0795119745062001
-0.0735663865795473 0.0647755423501233 -0.108966110400924 -0.1472910379016
-0.110318351400957 0.0315120217805916 -0.037599357418432 -0.222413232739668
-0.119311325740739 -0.0576638351028129 -0.00922359600775107 -0.215303972655825
-0.113553729413266 -0.140325689566653 -0.0489691451967702 -0.200512654976211
-0.114541303242669 -0.184730892886051 0.0502772376909583 -0.138240607222427
-0.128126201570048 -0.0914700799405611 -0.00487142661662076 0.0782792420232154
-0.144020936788148 0.00350426914354919 0.200582765349901 0.141285732421643
-0.113765914810875 0.0678145619145422 0.276060251548044 -0.0327964422319417
-0.0324125069378787 0.101368540406149 0.153191590501402 -0.216670988880948
0.016546866032353 0.096783936006912 -0.0077133652478066 -0.226064238319109
0.0702547378607584 0.0857179025671921 -0.0949890403118648 -0.149555086084201
0.087563586645636 0.0695696074488854 -0.0998643109049909 -0.0672667743830199
0.086727403557712 0.0823957483611665 -0.10215311502257 -0.035091869069733
0.0346007564653978 0.118819746938728 -0.10840398027246 -0.0249409312002072
-0.0185506414166483 0.131809513296604 -0.140304566564736 -0.0346811305639367
-0.129778130557121 0.115310448634585 -0.136814535976296 -0.10585714340381
-0.186200855818765 0.0301234421748383 -0.0694401867957759 -0.190444189569815
-0.166981341515882 -0.111991303025298 -0.0309068287445239 -0.180936422564485
-0.123107206044574 -0.224791120157936 -0.053151145874093 -0.136506235502915
-0.0997080587975355 -0.259710562254736 0.0661539326895108 -0.0471824316374459
-0.163808673194673 -0.18318803366396 -0.00293886718883362 0.149318925750232
-0.234177700412888 -0.037893301218323 0.206402287378396 0.209837612683689
-0.201649293808208 0.102305004516559 0.306557458283897 0.0258079969910339
-0.055455324520454 0.166595773885452 0.181535058686377 -0.182831458944482
0.0281361877265551 0.145467329702939 0.0230515822437205 -0.189590082236046
0.0986354202271391 0.125059341341871 -0.0613060809286554 -0.117123671748576
0.12293217655339 0.0950552338456881 -0.0648936061494689 -0.0345522496706626
0.122491015954836 0.101793497378036 -0.0678586060701395 0.00536953547205486
0.0591903960431892 0.143950549586944 -0.0824665857126403 0.0250536914343112
-0.00723238655432945 0.167098920128169 -0.13670803549856 0.020335890994051
-0.150691348286366 0.156506817899604 -0.155626515727777 -0.0544331463628587
-0.229167902892039 0.0420555744580604 -0.0962278565876311 -0.152184519889695
-0.195942901870824 -0.136772035026511 -0.0387513714764027 -0.14357924647256
-0.121868301051275 -0.272572624581739 -0.0456252154105582 -0.0581525642059222
-0.0623971241221114 -0.291299620208663 0.0681488804479409 0.0575835517172055
-0.156501590132268 -0.254384318334727 -0.0124368493380288 0.222349666448426
-0.280200966197325 -0.0942520579819343 0.179397362180132 0.27356790733548
-0.267407528508275 0.10159839239803 0.301137938868628 0.0976378613094544
-0.0829601931304784 0.202788501886798 0.1952925883258 -0.119622998319989
0.0304549399697727 0.173317315794086 0.0537339525558786 -0.12964007026265
0.110948148203215 0.146388942564397 -0.0185336761653405 -0.0711461528072602
0.139757050611894 0.106419830174066 -0.0213806098722516 0.00323581675523907
0.141612768366186 0.104997357140498 -0.0234963635268766 0.0463977850727804
0.0774184503486128 0.147550453627545 -0.0466729283055961 0.0726789942294518
0.00668784170371007 0.176216646451752 -0.120819045721691 0.0732899698922272
-0.150813959283797 0.17176479101355 -0.159307789906319 -0.00565273979613959
-0.239327262906204 0.044081043388033 -0.11070784083322 -0.111590221318753
-0.195952911743915 -0.146455776685716 -0.0336153857065527 -0.107775949330163
-0.100303016051646 -0.284499143253353 -0.0294417070294573 0.0211120130833904
-0.015583302204856 -0.269008220017779 0.0582374690549561 0.156045503087518
-0.112161282008838 -0.275758435729802 -0.0270317966452986 0.27885756749219
-0.265748059993868 -0.137891580722263 0.129309961203764 0.309399325911141
-0.28221440098929 0.0722619252848269 0.257373525773331 0.157557439286533
-0.0977498030927941 0.198981049783806 0.184727495878929 -0.0452227225361201
0.0264808947439477 0.169570068870883 0.0764573495641691 -0.0567614305302716
0.105450001428061 0.141725660440348 0.0254847237924252 -0.0184309409421848
0.136470960669755 0.101201119275241 0.0232719951961782 0.0387209280282103
0.139475068099318 0.0946575325594655 0.0222857345992895 0.0835100763450025
0.0831405549879633 0.13391105197821 -0.00983627375792927 0.114780725386601
0.0151255460954177 0.164410043470127 -0.100191943487082 0.11733643717719
-0.140754374799097 0.161887569611522 -0.15406485117421 0.0346131929571083
-0.224778621061579 0.0323576688596871 -0.11539004318024 -0.0766384365233862
-0.167847696415295 -0.149009390704343 -0.0231931909476121 -0.0764878537651236
-0.0572897024600084 -0.263911239974124 -0.0140757391971201 0.0936056033307188
0.0297611916979935 -0.194690320694061 0.0399634191789068 0.227518587991678
-0.052466277922932 -0.235178114949636 -0.0396451843380617 0.308446391617593
-0.198817004909805 -0.140209640978974 0.0740083144503294 0.309331691934599
-0.23504100304283 0.0386263298834704 0.195168843551729 0.189722068047939
-0.0861215858622575 0.158075073722045 0.158624146038767 0.0248115899165913
0.0228146426317375 0.133769193101886 0.0898413725391804 0.0114355142963077
0.08491828249349 0.110897837298121 0.0640078393239858 0.0297306832481345
0.112322989961388 0.0791761324931362 0.063150294066678 0.0679652338605409
0.117173608644129 0.0726812518576167 0.062309059313375 0.113783790852492
0.0767891605909783 0.107557422365216 0.0203448570363712 0.149052201186664
0.0176004877514112 0.13789857089179 -0.0843693984447546 0.152020008826799
-0.122106486798691 0.132662760845641 -0.148742580251729 0.0629325750118982
-0.1898489689598 0.0121991636269617 -0.118553596887696 -0.0505282637188068
-0.119909723494296 -0.142622369998421 -0.0141260607775652 -0.0488518939396265
-0.00251555646429624 -0.21411826694422 -0.00638905022121041 0.154423066077734
0.067482990951584 -0.0836009472290616 0.0250087827988632 0.256929374187568
0.00766157253536238 -0.143499327247707 -0.0387621525508107 0.304198438157213
-0.102464182518871 -0.0968364837414265 0.0345838956578359 0.283287906646982
-0.139369665749985 0.0140407305635255 0.142039862418982 0.195131748913444
-0.0484767396874674 0.0931424142974653 0.135584638272961 0.0729159258953311
0.0200942294641405 0.0736038342213216 0.0993832691196593 0.0582574041439643
0.0524410744264968 0.0597143647837972 0.0931485709857983 0.0627551171664015
0.0719675248099143 0.0443474925616739 0.0919469991692882 0.0857993814118629
0.0783563069637996 0.0413849636974829 0.0919859903720057 0.135117072955826
0.0610818135837396 0.0706859993796378 0.0388875344372019 0.173649489770494
0.0180463438514731 0.0989485826051069 -0.0782519588294975 0.178121067501623
-0.0911340882295457 0.0931703450541736 -0.153134923965116 0.0805616364304003
-0.135347996681663 -0.00727206246341882 -0.128006412858432 -0.0354729439304055
-0.060529024250283 -0.118950528323675 -0.010764565225708 -0.0303966403686823
0.0514079373996793 -0.137052553556286 -0.00875625020555174 0.198266743955176
-0.0741334224254222 0.0315101292926949 -0.0280318391448638 -0.249909353485089
0.0223655506390877 0.0638712058755215 -0.036005686298294 -0.00139828560100158
0.066580977269204 0.0158830692338039 0.152290971641661 0.0489447815976036
0.0328884802260423 -0.0530159739100604 0.19304231267929 -0.0970815777015182
-0.0234186673650836 -0.0390103254803647 0.0880046135572741 -0.233391814049616
-0.03106943852341 -0.00911149525708799 -0.0689148937073379 -0.24009939389899
-0.0216067514214931 -0.0089220388584394 -0.141370690650808 -0.158023232371958
-0.0160425731783857 -0.00637907179487671 -0.142679348545249 -0.0926947862678038
-0.0066017156316509 -0.00289283616863638 -0.138272316816151 -0.074047585237983
0.00264917683327083 0.000874604809247006 -0.142168792441315 -0.078154176591474
0.0165250126347449 -0.000875438704580372 -0.144827285381237 -0.0952135525387566
0.0240504999890161 0.0247700674908258 -0.119319930564139 -0.180800273510976
-0.000908387344432795 0.0681865927809386 -0.0475262034835861 -0.271119647912144
-0.0664318528645091 0.0409212740188762 0.000609918503589425 -0.26605619844836
-0.105931780758776 -0.0178105754649159 -0.0549144579737792 -0.250327075384655
-0.123570178215772 -0.0736629221821628 0.0142337204896127 -0.222518136834775
-0.0660928528348879 0.00414365576572983 -0.0128370635074133 0.0232053531742183
-0.0355147308423864 0.0285126818831574 0.191819306978792 0.0686169448187447
-0.0285489008490789 0.0171097204195437 0.235243189530805 -0.0994056558139346
-0.0184203853453731 0.029275071435371 0.10129842263896 -0.251205649372086
-4.54954215353791E-05 0.0435880983015978 -0.0631965781910224 -0.246918870425646
0.0366020325226087 0.0347904038862431 -0.144951310053025 -0.157746455710552
0.0454478075234703 0.0304631752482692 -0.137837885385155 -0.0798575946630554
0.0505305404645223 0.0430825580706284 -0.137629362938693 -0.0568974432982251
0.0249800078636871 0.0708486535043229 -0.140978526288527 -0.0564880833447141
-0.00326521213918604 0.0773733275425825 -0.153517281400393 -0.0712887729228429
-0.0667302884805144 0.0793550697714398 -0.13539102675486 -0.151528698664396
-0.108870743451581 0.0471589056088733 -0.0647026218054637 -0.24215341045925
-0.131688982029013 -0.049440086469956 -0.0288477066323048 -0.228207181356128
-0.135706199493443 -0.141226458300935 -0.068209576803788 -0.203365218076763
-0.146738434229962 -0.176450258623751 0.0550287566184102 -0.15819840001612
-0.144806011383182 -0.0777003362355015 0.00829051571584232 0.0757606264309666
-0.147893306317179 0.023460471980656 0.229095943805054 0.115281153829654
-0.107520331369952 0.0876036047249823 0.286588820352917 -0.0763886682861889
-0.0211979291233963 0.107235035849199 0.1282063846729 -0.247847736415217
0.027079053997761 0.0993669397317348 -0.0402059223002287 -0.236372178872585
0.0875869373861206 0.0792652667501058 -0.127493815250086 -0.143617790849527
0.10053244848002 0.0627727522127925 -0.113295905874221 -0.0570467164739577
0.103273116239701 0.0748519459459233 -0.11355296093394 -0.0239904975538237
0.0544400180291409 0.120651261687922 -0.123709377203711 -0.0140885531688957
-0.000941226009615687 0.139482546236142 -0.15856330465447 -0.0219196093244482
-0.119227570598883 0.140755328641057 -0.160332074614679 -0.104452876324753
-0.189970627170921 0.0549504620090014 -0.0921024418790255 -0.204834641546856
-0.189887039818813 -0.102239620936473 -0.0480895451681358 -0.184050984618721
-0.158211171435264 -0.232868515494436 -0.069809938996445 -0.127660120766881
-0.140985408587758 -0.256122059913439 0.0854599516423753 -0.061403492958736
-0.193784609853545 -0.167341563091054 0.0234355232354827 0.14874250286349
-0.247270231921362 -0.00616981513555203 0.245990214482291 0.179484410387059
-0.191838795812643 0.13798417543216 0.323016433757094 -0.0259705184708208
-0.0353265267983693 0.178023511980731 0.157684021319356 -0.21592628656572
0.0460488457104229 0.148573798726634 -0.00538273411981103 -0.200611709891942
0.124314562076519 0.116360219211979 -0.0906761256994051 -0.113972676809267
0.14074910207322 0.0850054344058956 -0.0719622090114303 -0.0254526156937935
0.143406639769829 0.0892000524177371 -0.0715277973509732 0.0153951819562535
0.0834968075925557 0.143896788914029 -0.0899835329682122 0.0368979180657962
0.0152104303681611 0.174856908936038 -0.148679507448616 0.0385882368983248
-0.135217710104568 0.186957478510991 -0.175459914723039 -0.0471368513680767
-0.234438930508506 0.0737957898344964 -0.115151933663097 -0.159770387423277
-0.224829565417571 -0.12466643432877 -0.052924900429722 -0.14037286272927
-0.163718771777741 -0.284582724511053 -0.0567848153260388 -0.0404158146915233
-0.105878288803043 -0.293978485498876 0.0988708872599879 0.0523446762255597
-0.195534018756373 -0.241088239819489 0.0254094365290199 0.227205250041416
-0.303113055089606 -0.0571307544389373 0.230278058191649 0.244929053245688
-0.259769392031875 0.148541076167069 0.325998645939206 0.0441504706408508
-0.0570855640146648 0.219774847128527 0.176525273350553 -0.153158085200845
0.0528423261122883 0.176871811823212 0.0328738760830755 -0.140888681559949
0.140584699322847 0.136537912780789 -0.0420713860299998 -0.0710862008834624
0.160375509628371 0.0941811374628532 -0.021052815354723 0.00923856562112635
0.163413690794044 0.0892374899254381 -0.0184539225554601 0.0545908652559616
0.102574354114586 0.14439727504315 -0.0447619739675415 0.0842996619492372
0.0299391296342373 0.181874029174985 -0.125359699185405 0.0941071233702648
-0.133778558253518 0.202322613120507 -0.173638028474819 0.00711593467908748
-0.245292572446843 0.0776259449421795 -0.125888740454258 -0.114221916257484
-0.225965679978386 -0.134351705450066 -0.0439693369590664 -0.101341681598067
-0.142002492612621 -0.29887907856318 -0.0337841503446494 0.0441405491331278
-0.0537256143398993 -0.277433844932033 0.0941867161905754 0.161539040735989
-0.152226050579138 -0.269039438341595 0.0171169307430873 0.292515273997022
-0.294422231436478 -0.103422580971888 0.184729329028396 0.290526307549323
-0.278563560443986 0.122189186555105 0.288672992890181 0.110852793462429
-0.0716433388094443 0.217108530854171 0.174190427178191 -0.0739292368829597
0.0488929273055098 0.173110501493887 0.065816193327299 -0.0667877051108154
0.134813135390466 0.132272260291189 0.011490613084185 -0.0215246506242014
0.155738533755773 0.0887102324311945 0.0307476443030009 0.0423171385094525
0.158922730988461 0.0787282117066589 0.0349495537468205 0.0882879612289378
0.105295653741217 0.129015556193136 0.000281070751666383 0.12495061539285
0.0363675405150838 0.167981640177336 -0.0976596819245123 0.139746148522563
-0.124324175362757 0.18935132288363 -0.16317177812009 0.0506596581112332
-0.23133332277745 0.0629943728687825 -0.127375370278303 -0.0746975628966475
-0.196405212814351 -0.140134196030911 -0.0304281737557669 -0.0688673126526935
-0.0950368657042959 -0.281136887603922 -0.012450448584339 0.118371681468072
0.00497037752832128 -0.207214595795503 0.0753572021889425 0.2431574250966
-0.084249221577466 -0.234784328492412 0.0037164079324349 0.328411798949609
-0.224417802877462 -0.113789871204902 0.126158681291897 0.302245667228949
-0.233904530027872 0.0804377647979372 0.2286135030868 0.15654601276288
-0.0635522277514781 0.1740514837842 0.157982618979142 0.00305504883847933
0.0410111099244087 0.135536098104098 0.0899540387219062 0.00326838276668516
0.108156553239135 0.103375394232042 0.0603699677671351 0.0239893115743376
0.128126352737609 0.0684187274440515 0.0762598042050326 0.0678681676312022
0.132107841780523 0.0587540554344011 0.0819912450395235 0.115681281135737
0.0945240200588358 0.101798062995778 0.0372310559022306 0.158112436684924
0.0352151494878026 0.138479115645342 -0.0759736772498278 0.175481292202346
-0.109105378781363 0.155107034814099 -0.155043273017347 0.0813731264807662
-0.196686253075019 0.0365182888207328 -0.128782919109706 -0.0441892344343701
-0.14425198523997 -0.138567993348973 -0.0199627618382086 -0.041537832806507
-0.0314705513987841 -0.232948899393548 0.000787554584222879 0.179213904414884
0.0601301612309268 -0.0969124732551572 0.0529838641264623 0.278196474387747
-0.00884848417838019 -0.146865429508872 -0.0024202946595115 0.328677814938919
-0.117434922556682 -0.0825337517373537 0.0766565996571838 0.286807808950661
-0.137867004993891 0.038732345851754 0.172445458643537 0.17642781817292
-0.0331804322765792 0.101195576662313 0.144215344705878 0.0577882731429336
0.0311538867639372 0.0723742423417323 0.108675245671028 0.0516021752592578
0.066046277578767 0.0539904640805102 0.100174769418439 0.0547674108610027
0.0806226998858609 0.0373985832447268 0.10857901967559 0.0817439196150883
0.0870047077370332 0.0316304192793082 0.116258332809295 0.133981097985116
0.0720748819697188 0.064515751176953 0.0607507681329444 0.183391465460007
0.0304834490229792 0.0983349990186433 -0.0656779343781598 0.20258428206303
-0.0817446832767703 0.108723453405337 -0.157653543875477 0.102475372360909
-0.14165950292664 0.00863643840676757 -0.138785164558099 -0.0253927153416353
-0.0779350041115314 -0.119782177482549 -0.0167287903873137 -0.0249302446681754
0.0355751954858738 -0.155027593347328 0.00234342170576495 0.220417274326323
-0.075646278266437 0.0385105519497655 -0.0510137585372844 -0.259072743775909
0.0282576882694812 0.0633642472819605 -0.0391240427196372 0.00398765850838168
0.0699489560418012 0.0107488634814575 0.166749739561845 0.0387563316808905
0.0282435966628046 -0.0571672597177752 0.196040482686066 -0.121387183881429
-0.027574250873741 -0.0365678275945404 0.0703504776067315 -0.254206282824782
-0.0320131966338406 -0.00495119360387849 -0.096693801542876 -0.243898334638377
-0.0221510128972199 -0.00680849550718291 -0.164828639754425 -0.152338841051839
-0.0165674942286753 -0.00442496293824089 -0.158677441024554 -0.0842243096537762
-0.00634731355218775 -0.00144659832099503 -0.153143580604067 -0.0639706344419914
0.00378423727530113 0.00154390168481339 -0.157139854633647 -0.0668316405467758
0.0165903151093189 -0.00221489378608021 -0.159738422466277 -0.086794665004285
0.0261408422088977 0.0246672960520769 -0.141998346071428 -0.179802808838298
0.00524476764476425 0.0700435738329546 -0.0764808557396163 -0.281329096679417
-0.0671219602613594 0.0454986608727757 -0.0212252523344501 -0.281600280020757
-0.112327686942882 -0.00968247536190915 -0.0777455481385226 -0.262555061910209
-0.136166817701191 -0.0677205242330765 -0.00432229987142563 -0.234401449672089
-0.0701821536933354 0.0079702654054608 -0.0126891789733912 0.0272452744046666
-0.0362985411708044 0.0332435021932256 0.21021805997383 0.0552657667013547
-0.0303375700236122 0.0228239630080298 0.239872778841441 -0.127449406591034
-0.016859759417531 0.0349677939558332 0.0828455416612613 -0.272510333771287
0.00539253072094683 0.0477896602258685 -0.0912669448517583 -0.252057862593184
0.0428383227832614 0.0334832489179799 -0.167359839586127 -0.150323007176183
0.0521719276389993 0.0275443312353261 -0.152418734164298 -0.0715344409534599
0.0581481660689582 0.0410262055379939 -0.149896993074462 -0.045097935944983
0.0339316198268212 0.0739228084901137 -0.153948701606244 -0.0440750404276638
0.00273853314700428 0.0825204904306205 -0.166945954924559 -0.0590774551737576
-0.0646595407353283 0.0915004993653558 -0.156632392667822 -0.147402650960212
-0.1103029794513 0.05778155623244 -0.0929696220910619 -0.249655889349815
-0.143686775783631 -0.0432259333694601 -0.0493331623412186 -0.240055248164329
-0.154787375262707 -0.13685827264347 -0.0878308053601664 -0.21179700055087
-0.169572912084849 -0.174260474769062 0.0443959244479672 -0.170163267703318
-0.159776155450532 -0.0705690807103622 0.0146028399380693 0.0798547012160029
-0.155414757681296 0.0376088295054824 0.25318888618714 0.100905862221126
-0.106786027111329 0.104681110373989 0.295882507317753 -0.107764692273643
-0.0131416489724353 0.116195008376512 0.111773140745666 -0.27074485250864
0.0389742552822793 0.104170549605093 -0.0652168279486889 -0.242615440192774
0.100884709489891 0.0753308289748345 -0.146403274051294 -0.137037571862961
0.113416306698662 0.0561995010445479 -0.12334173700071 -0.04916026547003
0.11709219579629 0.0695389269665873 -0.120699462660251 -0.0128264234947438
0.0697350863701118 0.123424496527617 -0.13188584458897 -0.00112867640052845
0.0115490851687306 0.148004701420159 -0.167729490922763 -0.00583760427913589
-0.113768795799978 0.161406588068177 -0.178903288085318 -0.0945190669476701
-0.195886405571267 0.0744067554644591 -0.119665067080245 -0.207223746608082
-0.209384648587512 -0.09364043251618 -0.0669791046935587 -0.191689317004206
-0.186791472001633 -0.231880062391014 -0.0833331666248763 -0.130833151630786
-0.17006830268186 -0.258233872426778 0.0841232981881389 -0.0714327139085738
-0.219146062854151 -0.160880989438819 0.0369551853695845 0.155083927867236
-0.26284831739311 0.0158014340810533 0.276919611331669 0.167527474545687
-0.191129458729932 0.16608335574235 0.339169805332289 -0.0580028932292742
-0.021329820565421 0.191809745508251 0.145662307676511 -0.23971433856132
0.0630356052151102 0.154277775594531 -0.0246948710090613 -0.208623280923294
0.142872693394299 0.110015985407214 -0.10520928348872 -0.107924142261602
0.158422598826605 0.0751819148138918 -0.0763676661039124 -0.0201061215263819
0.159819963211964 0.0809172078784881 -0.0722756947756359 0.0246639581966791
0.102760057973084 0.144559350074771 -0.0909832153202271 0.0488043552831333
0.03216754660567 0.183533632254259 -0.15147297376663 0.0574178775482387
-0.126086158819796 0.21209513722145 -0.188753451814239 -0.0315804246418607
-0.240670568721492 0.098555154975984 -0.140215746141615 -0.158198348183202
-0.247891665286246 -0.114061677835086 -0.0695978869069861 -0.144632318950874
-0.197775523265275 -0.285646109525468 -0.0622047863992266 -0.0400728252350878
-0.13625675227349 -0.301584302702274 0.107232918527344 0.0476590031051931
-0.227747252711932 -0.238263311626054 0.0459714607238327 0.237550992641875
-0.325811803712708 -0.0331167734534568 0.265306672448802 0.238966416709407
-0.260798165293222 0.183254325284945 0.347807649328413 0.0152571718852328
-0.0402061734242998 0.236267846860758 0.17037098089984 -0.175406331805258
0.0724096697888037 0.183235241571599 0.0216716021232764 -0.150009904197392
0.161890327169094 0.129764477125633 -0.0493781784249814 -0.0678434033130798
0.178892745068293 0.0827924248220716 -0.0199817500024239 0.0118531166990983
0.17967975233672 0.0783561124480926 -0.0126589154262846 0.060452135155313
0.122252735379168 0.142820576875326 -0.0393445665521503 0.093904988144886
0.0483107230109021 0.189628500513298 -0.121982237951028 0.114080104881887
-0.121819748132971 0.227843159250721 -0.18260141690715 0.026346045505122
-0.25138339858523 0.104315491397401 -0.147025910803098 -0.108948976762553
-0.249541465917206 -0.123069241500633 -0.0571277871797301 -0.104173973044959
-0.177250944035429 -0.303094319850976 -0.0306273664200125 0.0479372679402011
-0.0797891735775266 -0.288594315864485 0.11126252143094 0.16371282736882
-0.184473178767004 -0.270677092052274 0.0428555150895038 0.306067234779635
-0.320450427444755 -0.0817669999488378 0.220279002353146 0.290056713625456
-0.282287586971227 0.156822256774815 0.314309410343096 0.0884763214277399
-0.0546857298033922 0.234810163380098 0.17501109040908 -0.0909879245012143
0.0675940109281501 0.178727716196161 0.063729716783618 -0.0757929542875479
0.155216607368786 0.125411938979297 0.0110364600243152 -0.0212458616512858
0.173545965058467 0.0767901283649662 0.0375410459114062 0.0415062653357848
0.173735641574159 0.0677206550757202 0.0468512916480465 0.0905672519273771
0.123177855654188 0.125911948595225 0.0121510127033022 0.13236966274229
0.0532738577644823 0.17347003058374 -0.0884069352011103 0.15917894458265
-0.11262358419709 0.212659746729052 -0.167344891245331 0.0705988553153456
-0.237662038824041 0.0876792680485893 -0.14412744513474 -0.0662954938943883
-0.218391152703642 -0.130948407066381 -0.040197990373427 -0.070966580426286
-0.126893161724552 -0.287330143714609 -0.00142521964520866 0.124891315730498
-0.0134777389568047 -0.219863368351564 0.0974337208258014 0.251941624148784
-0.110570433702805 -0.240010879935416 0.0316106203901945 0.346372640361092
-0.247019437368866 -0.0995914215293217 0.159358772256739 0.307882514453441
-0.23804446210013 0.107706208769629 0.254655211264795 0.141167486756198
-0.0500045110452573 0.187750050623655 0.164680944168518 -0.0106670516151308
0.0546705787194039 0.138701572914145 0.0956071410515908 -0.00481090426010166
0.123800771971197 0.0973787813815354 0.0670110378474262 0.0209549613339738
0.141608916818412 0.0586402803874458 0.0872758767953412 0.0643042872876678
0.14334593981509 0.049414154880381 0.0977960774440795 0.1140861703876
0.108846461863955 0.097354542680005 0.0537024517071618 0.162839595509616
0.0493289669603903 0.141945837692115 -0.0627477666251508 0.194087932180181
-0.0992439475671404 0.175294514301899 -0.155734010898849 0.102556259130628
-0.202543371613575 0.0569323681631031 -0.142381191917925 -0.0344983084825549
-0.163137552615243 -0.133024919107979 -0.0265360728693508 -0.0432765695403265
-0.0562962009359693 -0.241825512072576 0.0173203851296018 0.188229708523551
0.0536067205385482 -0.108457023151387 0.0773515778623215 0.291493164971305
-0.0230195838377718 -0.154104610334443 0.0260137380639368 0.347681400209086
-0.130646037831068 -0.0755856903451507 0.106360571318286 0.296554222353391
-0.139825228243713 0.0549529148533945 0.19815652618316 0.167278491410161
-0.0241142213991825 0.107749409719585 0.155341489710472 0.0481312641385091
0.0381198139070648 0.0723652430846576 0.12035170110051 0.0437113392549531
0.0737879950659554 0.0496491810917858 0.110650347853262 0.0489539147175662
0.0887573555364599 0.0300026287862786 0.121613475467499 0.0764207581815857
0.0929817613014849 0.02457067459049 0.134635737528857 0.129966661633089
0.0814269118447991 0.0600627997356269 0.080188532185086 0.18633662555904
0.0403569600700374 0.0992817081516528 -0.0498641731779902 0.222002542784965
-0.0747604177314866 0.122927617542429 -0.156288779285704 0.124079829828771
-0.147084011089652 0.0226364238915075 -0.150479945409996 -0.0142699337545748
-0.0911541274359685 -0.118572710577706 -0.0209485145606819 -0.0260352681198785
0.0215963499985888 -0.165083254096797 0.0229832011703974 0.231003958017589
-0.074032413962718 0.0458899536573077 -0.0766414068842544 -0.258459543305207
0.0333685902703692 0.0601855594978013 -0.0398730329815672 0.010689521517117
0.0710337753000676 0.00391185586881932 0.176986257104219 0.0224227825906156
0.0219537646306609 -0.0594541134170663 0.189037966556601 -0.144656832423517
-0.0305697327878367 -0.0321554833427727 0.0455731018166021 -0.266683304514474
-0.0312844118949558 -0.000200077801293354 -0.124452576919864 -0.236180016014974
-0.0227353255551799 -0.0040860355881256 -0.183968966794309 -0.136910286281658
-0.0165071821697993 -0.00224729296556838 -0.17054320926212 -0.07003303885117
-0.00531032794074587 -7.0277463760403E-05 -0.162781408048614 -0.0487317695712179
0.00451450167650144 0.00174929937099832 -0.167500473549079 -0.0506675695530263
0.0159869490060455 -0.00320879071965146 -0.170591369560028 -0.0730684101471841
0.0278554036785489 0.0233418020878571 -0.163711786598334 -0.170130822824267
0.0119230182622759 0.0688378470491588 -0.108795210015439 -0.27873856445013
-0.0654555179972496 0.0507158529040483 -0.0469740023972154 -0.286760315169567
-0.1144937125391 0.000828825114276077 -0.103115379619124 -0.26517172777027
-0.145715465404209 -0.0573157317872676 -0.0265439576398729 -0.238503003998439
-0.0718437113423546 0.0133097219665064 -0.0109781778320255 0.0310254123754741
-0.0358151568621056 0.0375749533848852 0.222790021212794 0.0357645515095046
-0.0299360204551671 0.0291643889683255 0.233892431230349 -0.155213463481796
-0.0132716414482007 0.0399076983138506 0.0574342787571816 -0.28529512952909
0.0122221244680547 0.050429077424876 -0.119119877814433 -0.245678249722218
0.0483985629756579 0.0299543589944367 -0.184846808668373 -0.13372650482112
0.0575049854657432 0.022823243201882 -0.162068084043881 -0.0571902339952416
0.0651595383203903 0.0366253412025869 -0.156748346480685 -0.0293546285424221
0.0435019771362887 0.0726479553962613 -0.161339765584743 -0.0271754222984382
0.0108372464757924 0.0854280167434149 -0.175217864061003 -0.043188568747777
-0.0575319241961593 0.102105133100192 -0.175274190619484 -0.134966154251247
-0.108104279089366 0.0685415669558274 -0.123193146700328 -0.244979261482518
-0.152271375866238 -0.0331151580992386 -0.0722483621323251 -0.241553579694251
-0.171100202278923 -0.125365891866005 -0.108627692573582 -0.211572440442278
-0.189577536420083 -0.162218157253882 0.0286336082832525 -0.178004904035111
-0.171001534565723 -0.0585155544133305 0.0213994007647685 0.0813659968207166
-0.156482724717719 0.0538042799265157 0.270837249385717 0.0783302692051624
-0.0994465162981676 0.120602548298406 0.291962438890497 -0.140495947586582
-0.00205410238967298 0.122181460420465 0.0872480415189374 -0.28529553214072
0.0523045617398643 0.104910642876868 -0.0913527670579144 -0.239636784883128
0.111543354677819 0.0664041068254796 -0.160978550212142 -0.121550694089456
0.123004868625279 0.0443839986167149 -0.129438069742306 -0.0378216089440404
0.127332323748221 0.0595202125172877 -0.123049117399848 0.001196456328794
0.0856001427802699 0.119747863627472 -0.133674577984284 0.0149084676160335
0.0265365500345671 0.151489274026692 -0.170460663413025 0.013030664641604
-0.100212032272975 0.179242328957433 -0.19195260232874 -0.0781105330163556
-0.193641379788105 0.0944671963458697 -0.146487133278971 -0.199835530416732
-0.224651192803886 -0.0783123952935837 -0.0868701291113428 -0.19047568253918
-0.213777391186916 -0.218340235758554 -0.0960701288044732 -0.12903726286539
-0.197818942177324 -0.249022467615842 0.0783400869918848 -0.0800612619586018
-0.24018853520493 -0.145006126032065 0.0511273201490661 0.155002046457089
-0.268754034911464 0.0419727423711434 0.300972790876887 0.143978324549712
-0.178979971084713 0.192064694382604 0.340953854960325 -0.0942972959696547
-0.00271572019059895 0.199332833534194 0.124738112613715 -0.256086863802541
0.0812626288437764 0.153231999372352 -0.046540247003376 -0.209146605193115
0.157586867215919 0.0969167095778772 -0.115742828819203 -0.0966590222934449
0.171050217389384 0.0583797085003873 -0.0791832063178066 -0.0127044161091903
0.171893033873634 0.0660445187648044 -0.0687782581462184 0.0342755651630559
0.120856134558434 0.13766585342893 -0.087083601007898 0.0608443035512276
0.0514871013718782 0.185055116701405 -0.147201284682602 0.0764974612343253
-0.106704666631694 0.232656259293384 -0.195932524497758 -0.0115208479854789
-0.236855137500766 0.124261622495271 -0.162796379713348 -0.146240105759909
-0.264988546590945 -0.0940502355685623 -0.0859850061435256 -0.142500729984166
-0.231067503766994 -0.272914480953827 -0.0659650463990527 -0.037042163343075
-0.168450355143835 -0.296085273914638 0.112888023932009 0.0398141641237615
-0.256556864420135 -0.22341999511608 0.0687908971247451 0.237880396192529
-0.33756428290074 -0.00151107935324024 0.295484126596552 0.218238822611162
-0.248094312052759 0.216586004550154 0.356719371719234 -0.0208958101137802
-0.0175053830786738 0.245545513940545 0.156074473599465 -0.192649105756876
0.0930618229826901 0.180817880103203 0.00750668301837913 -0.154231585434005
0.179157104895986 0.11442834475288 -0.0546556434175293 -0.0606775905194004
0.192102703435333 0.0639386903541568 -0.0178646337803371 0.0141635824360164
0.191847966692536 0.0618469031381727 -0.00489040453113319 0.0632793029825135
0.140155786125854 0.133803920559148 -0.0293980757973821 0.101392995151959
0.0683357018816925 0.189249361654943 -0.110417862873057 0.131708927116666
-0.100513201513139 0.247982705301848 -0.18331444536693 0.0470490752906854
-0.246442040375428 0.131363315964331 -0.164945427732577 -0.0957068771820642
-0.266605504576035 -0.10322255134284 -0.0697045995461736 -0.102787811713415
-0.212354450984657 -0.29115252339548 -0.0252447260717038 0.0500017522552809
-0.109875166166952 -0.28883843247716 0.127416513275295 0.159032570335026
-0.216253681447421 -0.2601014062112 0.0721313879253454 0.308936655013703
-0.335462094898184 -0.0515077631315378 0.254466346495021 0.274850010732745
-0.272053842053107 0.190810545691866 0.329204760894698 0.0571876549323588
-0.0325396222435013 0.245133291662769 0.168619638602723 -0.10830984801765
0.0874683564641189 0.176274075054833 0.0579305863633027 -0.0839503952968073
0.171489904448065 0.110901616098262 0.0109407457421471 -0.020528389931648
0.18547178666737 0.0585611915799099 0.0433073940429264 0.0387950334045053
0.183800023274345 0.0512147047907716 0.0585486272523783 0.0879230989786708
0.139188580822928 0.114872325971948 0.0261809606055244 0.134498560069033
0.0716057167098985 0.17148618752865 -0.0718659368581455 0.174012915590508
-0.0926860598183948 0.230674574844458 -0.163485010712689 0.0921296759850645
-0.233173958427296 0.113698441646447 -0.157317162136192 -0.0525835880451539
-0.235054135427504 -0.11328627899189 -0.0495674734052701 -0.0696475662560858
-0.159389799254163 -0.279874776138666 0.0119395151963534 0.126021031313298
-0.0367110249864708 -0.22443748546678 0.121631807029919 0.250894435877686
-0.137261899887663 -0.235261171396831 0.065404431522102 0.35103325077818
-0.26282535939857 -0.0761210699383469 0.193060892950245 0.300073513776478
-0.231702701986347 0.135956721299769 0.273416051474673 0.117314183794975
-0.0318107707304926 0.194903887447777 0.165996334888084 -0.0249510402991307
0.0696852719398032 0.135929768815841 0.0983701393417773 -0.0145983034362436
0.135699488200163 0.0853888526874802 0.0718811129385393 0.0161386038630419
0.15150909686156 0.0433399620674981 0.0956620504368463 0.0571267846501398
0.150591312653777 0.0353429093721026 0.112965436624753 0.106367275707094
0.121252648989203 0.0874852128387921 0.0711035453929507 0.160738464881388
0.0639571876196988 0.139507224685566 -0.042360391930425 0.206562162321294
-0.0818577067214487 0.190087222673912 -0.148754219005822 0.121741669256444
-0.200027062527373 0.0790901418519703 -0.151840116028184 -0.0211210522186745
-0.178528281641711 -0.120262757485779 -0.0332788894510459 -0.0427400471909972
-0.0830095907307209 -0.239865675982912 0.0369832668090764 0.188686265266054
0.0421633071525236 -0.117079559268759 0.104978286588055 0.294811328578736
-0.0398906277918617 -0.154726095487745 0.0590404242681557 0.353493942898898
-0.13967518820719 -0.063189860628372 0.137338893927924 0.292771780634822
-0.135782621123731 0.070465241744661 0.217498917171693 0.149482162079654
-0.0130613127349243 0.110002330075047 0.161840895630574 0.0343785266373665
0.0449247709775486 0.0693016209603195 0.127987251414292 0.032169546834249
0.0793746285698937 0.041953870370652 0.117734386837037 0.0390669626580956
0.0933876357103962 0.0205167617511438 0.13231751696423 0.0666329613874922
0.0961036867269836 0.0153165232853369 0.151366431679619 0.118273079115892
0.0884070176690352 0.0515492021166799 0.0996571854917055 0.181248465182673
0.0509047608543912 0.0959660071774635 -0.0272373510139069 0.232444815210602
-0.0618010366825484 0.133216340591398 -0.147681224885803 0.143674770436328
-0.145696618944153 0.0380287926073099 -0.157316495747527 0.000934978148684161
-0.104196518096357 -0.112148527408229 -0.0254354606131038 -0.0260618941021646
0.00320283605796424 -0.169235480787499 0.0468834854266287 0.231817940554752
-0.0704135644782712 0.0509350488725904 -0.0967250837753747 -0.251531857746897
0.0360663186359254 0.0563325837800886 -0.0385519211400858 0.016287271486744
0.0696983856317736 -0.00145189498793036 0.181454808865673 0.00721073107876891
0.015792305231953 -0.0594142505916024 0.17723742408412 -0.161429553441296
-0.0315269829259217 -0.0277157326927601 0.0229050110028347 -0.269265063028946
-0.0294527727891855 0.00351803951258501 -0.144042784933134 -0.223000014163512
-0.0224348710141616 -0.00137465410852242 -0.194959127986337 -0.120011290927126
-0.0153074601773006 -0.000764682494409617 -0.176261045769386 -0.0558158176452943
-0.00413235374692936 0.000910693313501811 -0.166082471511483 -0.0340039772684313
0.00518026270194599 0.00188402554148396 -0.170225319085664 -0.035578507616148
0.0146292786391397 -0.00389734787814846 -0.175678013045602 -0.0593637174450568
0.0292465719776136 0.0221617618737657 -0.177944286618291 -0.156975144424736
0.0166483925963589 0.0652457056968463 -0.133092667255083 -0.267583714423034
-0.0630455774385291 0.0539794799296516 -0.0675128439937701 -0.284326298386619
-0.112460004845527 0.00944005101159198 -0.123051598896068 -0.260915477886267
-0.150779076505984 -0.0462791718848986 -0.0446015827896634 -0.234930343509378
-0.0719785909728505 0.0178652817351025 -0.00891311236668058 0.0341120051739301
-0.0344289445947157 0.0408360345782447 0.227718857234109 0.0166610314115782
-0.0282627641130357 0.0341620998959873 0.22156197428434 -0.17563247424933
-0.00868408120909937 0.0433532865055414 0.0341168853578655 -0.28810748043063
0.0187003477543778 0.0503782711245969 -0.13950424375879 -0.232098615875554
0.0513410883248156 0.0261378179928003 -0.193907330571997 -0.116311887589029
0.060298728277876 0.0172470231721114 -0.166120742999124 -0.0435381802649608
0.0695465245905999 0.0312924255697498 -0.157321433811282 -0.0143159903549631
0.0503819508368143 0.0695866825584931 -0.161778546938984 -0.0115319320366946
0.0176130728756838 0.0849709181288069 -0.177153963389156 -0.0273978634824072
-0.0498838615802861 0.108527121090298 -0.186339830512389 -0.119936196315329
-0.103469241960903 0.0751287772160492 -0.145003910822446 -0.232681247194784
-0.156400449959256 -0.0229753007246754 -0.0901101401062188 -0.237229192299528
-0.180481384781782 -0.111786890340068 -0.1238294301744 -0.206495552311222
-0.202326488922397 -0.148102269463014 0.0148240302468739 -0.179263337784884
-0.176429605962462 -0.0469290176393337 0.0272445752203694 0.0808707024015486
-0.1534119449125 0.0671509591302225 0.278733760081212 0.0558409835248902
-0.0900092778278123 0.131746441068691 0.280583156725961 -0.16545531486776
0.00853176520113823 0.124419080348869 0.0647310640025235 -0.290152453690358
0.0628936121087444 0.101472299019855 -0.110723506091031 -0.22920452416909
0.117287075362112 0.0562311289206778 -0.168009610898988 -0.105808671465805
0.127528952720831 0.0325590982899161 -0.131517159421137 -0.0269619633355628
0.133584385628319 0.0481752277633647 -0.120516619388698 0.0128476606354645
0.0971901272173935 0.112773324363783 -0.130823659005513 0.027742309408457
0.0389658756846317 0.150109742035968 -0.166756143259411 0.0287757122069326
-0.0850622656031985 0.190076870274487 -0.198537468985705 -0.0610048583685338
-0.186676226759088 0.109535173681316 -0.165329042995801 -0.185928142334601
-0.231127800179579 -0.0619739844394802 -0.101869124252741 -0.185476867513194
-0.230583066361149 -0.201413818867799 -0.104826074973961 -0.124458866776051
-0.218158973486739 -0.233770606040088 0.0711943523734762 -0.0846235969485187
-0.251840828380133 -0.127484529692541 0.0622923160558885 0.151648954452995
-0.266271733236382 0.0640423460474735 0.313831280529311 0.119415731581531
-0.162650945467483 0.209632862373465 0.332623917300879 -0.123519659120738
0.0138594344115825 0.200531963595779 0.10460968511626 -0.263606313914022
0.0960547570851264 0.147239059565763 -0.0631796503548905 -0.203542922076528
0.166140942081921 0.0827511258816564 -0.120111354049661 -0.0840133769060671
0.1762724765038 0.042186527691697 -0.0788576840170496 -0.00630457382002204
0.177759303285791 0.0507085219261408 -0.0635231968578551 0.040584523834445
0.133569421710626 0.127593386998036 -0.0801320652644972 0.0699834059616744
0.0670197731470896 0.181507822296484 -0.138387445159444 0.0907541457108952
-0.0866684721523097 0.244105784547151 -0.196485725527183 0.00625364615481464
-0.227157473165818 0.143568995111632 -0.178005785086197 -0.131623544206391
-0.273181336374473 -0.0748548154022627 -0.0976414888286818 -0.136363823289767
-0.252480480090949 -0.253022749815745 -0.067369493346929 -0.0350539049122287
-0.192199149909392 -0.283837871322707 0.114584285966839 0.0328650998008498
-0.274959243755267 -0.203821425919045 0.0860009798188829 0.233022628304906
-0.338405920169263 0.0266506992221862 0.314120526529332 0.193969613015882
-0.229213728097358 0.23914426828782 0.353652706410061 -0.0513449126580245
0.00223663903823737 0.247492004209053 0.141043688449597 -0.202570247696307
0.109256087759262 0.17375390071916 -0.00465372407972431 -0.154337334496967
0.188186145590364 0.0971231976476033 -0.0565604908272286 -0.053957124343241
0.197579487538029 0.0448722611941156 -0.0156201991645531 0.015626893759361
0.195979994895392 0.0452372931123961 0.00228198517903799 0.064121635692372
0.151686626766719 0.121043260614153 -0.0204199188356644 0.10549302919823
0.0838852064762499 0.183317252937525 -0.0967851816533926 0.142523111369546
-0.0786019639248215 0.258343025727296 -0.178780029984819 0.0643275983562991
-0.235137435817033 0.152144705303085 -0.175666251743685 -0.0802325512189391
-0.275082165874362 -0.0828152289404825 -0.0791760236078814 -0.0975020478673911
-0.23630814483524 -0.272736297684614 -0.020848603788037 0.0494946256725697
-0.134127493864507 -0.280813788513854 0.138007057975864 0.151549396204147
-0.23760541537424 -0.243838679894542 0.0953570737150944 0.3032210394862
-0.340347980239125 -0.0234814636384865 0.277231080953119 0.254525583366927
-0.255186943713356 0.215319930242289 0.332493284800254 0.0285916642190315
-0.012296027920768 0.246523536318747 0.159641736982509 -0.119554301041355
0.102400833401086 0.169400686879963 0.0516101496927721 -0.0883858021035028
0.179505864882451 0.0945019207757456 0.0120149956626932 -0.0193863345658585
0.190662842460264 0.0400979855563362 0.0468969921815485 0.0350802108605516
0.187427189934347 0.0346057300483101 0.0670359742516421 0.0821060009825359
0.148251882056425 0.102690378416351 0.0381248804747852 0.132561134475577
0.0854108997347495 0.165201383448758 -0.0551975427835813 0.181879361477839
-0.0711217168584581 0.239498511149885 -0.154812665459805 0.106826950427351
-0.222516243385936 0.133163670772513 -0.164911981377021 -0.0383316095158392
-0.243677910150111 -0.0947281747342541 -0.0566420659554975 -0.0664371672844305
-0.182920196445445 -0.265251044211279 0.0222589817622955 0.122831778846596
-0.055859763555383 -0.223076171164273 0.139623065989896 0.244778501799741
-0.157611638773446 -0.223894612828636 0.092332359026544 0.346154131639661
-0.267771871214243 -0.0539216315168825 0.217008238814574 0.284510706868884
-0.218373614133499 0.155559331900621 0.280587357549875 0.093125633783007
-0.0151966407972198 0.195649557491475 0.163210328963934 -0.036890647148529
0.0805741733226834 0.129900561752882 0.097468942865115 -0.0234092190944595
0.141895512827632 0.0717863151254369 0.0744480035736953 0.0121510700661443
0.154565317995799 0.0282473028094667 0.100710640168171 0.0493187409978628
0.152196946702338 0.0222453556330916 0.121842727160687 0.0959420900962629
0.126990889864579 0.0762158516495028 0.0848385210781969 0.154493425017207
0.0748440429228792 0.133049218895484 -0.0234226726500897 0.211372835253397
-0.0637847605153347 0.196949485908353 -0.138363831878566 0.136024700228702
-0.192003780308467 0.0955244730643628 -0.155939845245705 -0.00704650731773864
-0.18734181712539 -0.105798955795752 -0.03812785542762 -0.041450810510067
-0.10374289201168 -0.230638565033329 0.0521664986028762 0.183669126440073
0.0302429470861131 -0.120708092965289 0.126240932417988 0.290320573875173
-0.053944190444064 -0.150264294911248 0.0872586917060672 0.349932788806416
-0.143869037329266 -0.0510977666167542 0.160961652798473 0.282364530424784
-0.127594138057275 0.0814449255666982 0.227889484055886 0.129460703010405
-0.00419757933357866 0.108541468596387 0.163697616667646 0.0216649797749558
0.0493267085676456 0.064443241854788 0.130771153075435 0.0207838462161693
0.0813448898773014 0.0341306891492006 0.12150134471965 0.0300718700855274
0.0944078605504782 0.0111602694433582 0.137177833497023 0.0561623769992149
0.0961417517353922 0.00688837139283044 0.160137919809126 0.10449301405411
0.0919718080968892 0.0429380866575883 0.114298795899914 0.172235554139656
0.057588709981247 0.0902368099357071 -0.00649617614419571 0.235275592890852
-0.0487455235090058 0.138419779023585 -0.134839949416334 0.156428807179594
-0.139975878406941 0.0501549826986894 -0.158937501728408 0.0143196553195315
-0.1119071580991 -0.103001968922206 -0.028740104101531 -0.0252805846557459
-0.0119343551557419 -0.166095828706434 0.0656064851953805 0.225968943744642
-0.0687099373875032 0.0549154257254531 -0.110488409697125 -0.245440309272706
0.0371010002601947 0.0532678678285458 -0.0362281076319871 0.0204311007822561
0.068262204588492 -0.00492831833300445 0.184261735014121 -0.00518089613250007
0.0114016151427103 -0.0583938290123387 0.168181434541837 -0.173784281169792
-0.0309351853287342 -0.0244864202461993 0.00712378065683249 -0.270200973493189
-0.0271277225866764 0.00621319923937749 -0.157044553460517 -0.212012329011689
-0.0219479583187447 0.000861651639878528 -0.201907588457343 -0.106451388958537
-0.0146406822829459 0.00064958467335403 -0.179350277120691 -0.045029871013412
-0.0029711015181322 0.00153545996536296 -0.167454655697248 -0.0234140633152957
0.00560376419976314 0.00229100737255108 -0.171886286472289 -0.0245127942053555
0.0138068611295661 -0.00435534002390073 -0.178883922013353 -0.0489343223924381
0.0296840857986821 0.0208904891167825 -0.188352776358791 -0.147213079959465
0.0192186012706255 0.0620666961821187 -0.149270328221618 -0.258458519344114
-0.0615900776534299 0.0564150813673888 -0.0819580057187716 -0.282516746184159
-0.110821629213492 0.015605286238514 -0.136502524569846 -0.258537077508512
-0.153265294151448 -0.0381842851255797 -0.0579150417749802 -0.232268470582969
-0.0728132995507341 0.0206982394777116 -0.00622443170211154 0.0361418590989167
-0.0334146046287355 0.0442283253321083 0.230826915054682 0.00179639086244557
-0.026631822251027 0.0379519793622067 0.211396977962611 -0.190609629898454
-0.00510638153210189 0.0452530848939776 0.0179364204878918 -0.289306258312817
0.0241983313895138 0.0502846368861535 -0.152588476195099 -0.221831235368037
0.0535051475811909 0.0234333286977687 -0.199019764494451 -0.103247474241589
0.0624478700929755 0.0128044441597586 -0.168024984175955 -0.0345451585244615
0.0725484260785926 0.0269168463583908 -0.156006812032779 -0.00429265963449565
0.0558627401922517 0.067054363072796 -0.161512572535624 -0.00067330989173165
0.0223920904572126 0.0849605174740829 -0.177273576196411 -0.0166985048190544
-0.0431880575948959 0.113479958684542 -0.194627582677443 -0.109522299788771
-0.100537679561541 0.0802833468275982 -0.160735597554058 -0.223037464785358
-0.159496816593228 -0.0162034709444131 -0.101904515613622 -0.234284853970593
-0.18609451853975 -0.102420614152331 -0.134236898443504 -0.203690708775134
-0.210856970221283 -0.137566583249903 0.00482013232140089 -0.179677802811263
-0.180366686584276 -0.0379668179542445 0.0319451975001875 0.0810917444772269
-0.151235280038015 0.076875468073322 0.283859068017368 0.0380455271158145
-0.0822856539166554 0.139308809508088 0.271480385296479 -0.183699127704465
0.0165074993241675 0.125676971494276 0.0490830042701426 -0.29319218731418
0.0717751264833875 0.0986184201973596 -0.123436338112053 -0.220850607037914
0.120938333987149 0.0487035377742854 -0.170768978009752 -0.0940550449963279
0.130448213086622 0.0229614925428861 -0.132068586009698 -0.019346639223559
0.137819949645126 0.0396070160917704 -0.11767945321772 0.0207209033051883
0.105169283470964 0.107510487727521 -0.127396634317681 0.0371645800477228
0.0480978487658878 0.148951831521581 -0.163478537175751 0.0396714221548732
-0.0728050354013859 0.197802579788036 -0.202752984784083 -0.048779464756588
-0.181542356627583 0.118979567544011 -0.179276647636431 -0.17410326944537
-0.2367527303713 -0.0507185405075023 -0.11197508544089 -0.180885452468603
-0.242019909989311 -0.1886679797828 -0.110770602990354 -0.122005160592414
-0.231467818371107 -0.223159612878178 0.0661464985352333 -0.0873517859849674
-0.26047926474521 -0.11458099711757 0.0702406805765263 0.149232201568071
-0.26399843602902 0.0806205951522198 0.322773103647601 0.10010153117909
-0.150777354270743 0.220843278232496 0.325380768918949 -0.144481948306185
0.0256430437076731 0.200807660657304 0.0912179303560322 -0.268574127555211
0.106897929945368 0.142300764990034 -0.0746675341791445 -0.198948141307148
0.170997085342172 0.0717400190567498 -0.121364174016468 -0.0753137057150897
0.179421735840006 0.0288262170684734 -0.0780149588283404 -0.00188141961131219
0.181667181351044 0.039478580646489 -0.0589373479232149 0.0442339878925673
0.141966531515671 0.11921326354226 -0.0745479141392334 0.0764877675579525
0.077855103370422 0.178263691289208 -0.130600344585951 0.100259655769078
-0.0707542213293977 0.251349971530469 -0.196044865497121 0.0191828458417754
-0.219723965659477 0.155778261678286 -0.188515701440447 -0.11882766786916
-0.278596741673836 -0.0604534682117875 -0.106268462133157 -0.132692860401447
-0.267494629486666 -0.23849223717435 -0.06877232572769 -0.033933029295705
-0.208627757568427 -0.274578216817048 0.115359841939798 0.0284922550964347
-0.287546444147811 -0.190388983550416 0.0980610578192638 0.228917485897897
-0.338023123271662 0.0465836006719898 0.326934377379897 0.174844464265457
-0.213991237374245 0.254840785641999 0.349683662067049 -0.0736555446591066
0.0168483135433971 0.247844018032132 0.130108233777264 -0.209704910173777
0.121019499679641 0.167857899956934 -0.0137331096928471 -0.153830223875015
0.193453114814358 0.0851072701354072 -0.0564011313916936 -0.0491103414149066
0.200650847853881 0.0296968299977533 -0.0136848116073732 0.0162370204007772
0.199599537149731 0.0321806017980333 0.00818354666540738 0.0638666118352587
0.159684941432016 0.112156599853641 -0.0122306899169098 0.107451537944738
0.0952486792622992 0.179052089252986 -0.0860288096589001 0.1501023030658
-0.0609086798089038 0.264829947360381 -0.174426948130564 0.0767883441558403
-0.22700484987157 0.165797071092769 -0.182881722912636 -0.0679909259381871
-0.27983744522274 -0.0684270606953607 -0.0860275125302638 -0.0941178603152364
-0.253057769001802 -0.258245825172294 -0.0176524440779237 0.0484644269363354
-0.150694636172646 -0.274467894102516 0.144973115640678 0.146444671913727
-0.253052153418981 -0.231512543607774 0.111133050449705 0.298845391840055
-0.342160878585059 -0.00325464081368235 0.292131408695712 0.238514307122102
-0.24088902945373 0.23159808979815 0.332181547372715 0.00749431999740123
0.002012526273963 0.247065470569747 0.153217584030413 -0.12776196734281
0.112792943099525 0.163040353593361 0.0464991224016303 -0.0913103684585677
0.184950722876333 0.0825420238566416 0.0136772373967433 -0.0191193528767138
0.192930385941032 0.0255901988741198 0.0501270190661368 0.0321413546551527
0.189122133382997 0.0223666723811569 0.0733131541003522 0.0775767579151571
0.154244614291696 0.092612461500403 0.046525079540473 0.131016763866226
0.0951538265187378 0.159972896395096 -0.0414722527568725 0.18600788343833
-0.0547125913420735 0.244215570336219 -0.148240291476138 0.117563959476901
-0.214587903921544 0.146413530984791 -0.16907906149649 -0.0266436914355454
-0.249358343444752 -0.0817010469263852 -0.0616099206562823 -0.0643335850574019
-0.198523826993733 -0.253145778729668 0.028701072162125 0.119405167232291
-0.0707022174465278 -0.220008656673752 0.152478041141595 0.241265067928289
-0.171740697075079 -0.215879569798715 0.111051374813824 0.342685583427689
-0.271377426922205 -0.0373318419438751 0.234607759776988 0.27225198232522
-0.207391004057313 0.169865758125713 0.283871874324093 0.0753680069191574
-0.00457060740399309 0.19522776802184 0.160737032128561 -0.0453768803826392
0.0878551051994709 0.124858595977892 0.0964638695657856 -0.0294227399505618
0.145504350151569 0.0624559386576889 0.0767653650701804 0.00805159356142638
0.155748289872756 0.016644542207513 0.103830985646665 0.0439068262450809
0.152483614466849 0.011910560086811 0.127949158006547 0.0880437359284211
0.13109979478896 0.0675173896137253 0.0940248857637888 0.149299129133291
0.0821421573367543 0.128478256631135 -0.00901420905714496 0.213643467232949
-0.0500915407892138 0.201155341179172 -0.129990738096456 0.145668228062866
-0.184572998733733 0.106593044535169 -0.159087874726095 0.00270115431076465
-0.19297305915572 -0.095333055883143 -0.0419361312639279 -0.0400863544945831
-0.117314034184625 -0.222632924272367 0.0620325973892564 0.179364954469352
0.0214249554358756 -0.122308643740499 0.14141996852952 0.28791677944244
-0.0647011989502893 -0.14694377478331 0.106853162038941 0.346769044557121
-0.146208064467977 -0.0423414811352173 0.177610020270769 0.273583921659342
-0.121802943361595 0.0888684909564771 0.232848382617268 0.114575233225474
0.00187249231029684 0.106913501311996 0.163655223997086 0.013167930203948
0.0518135181003394 0.0608294380226356 0.132200467851832 0.0129426429300796
0.0823660932404942 0.0284344616410206 0.123740894823073 0.0236090220990318
0.0943851399721054 0.00371981013650649 0.140780167237551 0.0482053210426819
0.0952908301233025 0.000695940169588909 0.166063494224244 0.0940210940592646
0.093388374521918 0.0361134115328369 0.123471597892434 0.165199210157064
0.0625649718560691 0.0863702297139972 0.00910964324058987 0.236045506474926
-0.0384606324918927 0.140736902649463 -0.126419669498435 0.16544027884923
-0.135328845662361 0.0581206895410704 -0.160358697227123 0.0245166888228558
-0.116923004785871 -0.0962122034229261 -0.0317994959889087 -0.0249892577697486
-0.022066360760702 -0.163668826231475 0.077646968881177 0.22106782318623
-0.053619235466989 0.0670967143739486 -0.178970977986684 -0.225714566068638
0.0469997722861567 0.0431921183151578 -0.0315548894840597 0.0337237680023946
0.0642345970252924 -0.0214996409199031 0.189376957623723 -0.0486368388220265
-0.00443335599683574 -0.0606322520136008 0.133765563958944 -0.218886115463004
-0.0378590696098051 -0.0175377839376711 -0.0589332880906839 -0.277378194807947
-0.0257221907360637 0.0143198471733518 -0.207997522369678 -0.175301644805041
-0.0216903861545316 0.00786994404624345 -0.225480842505689 -0.0605478820872161
-0.0143532428757807 0.0042190478970395 -0.189144537722534 -0.00192652315741459
-0.00209807010846424 0.00252273313413611 -0.174054174659697 0.0172241502483049
0.00566650653404643 0.000793508039200528 -0.180882202386488 0.0186912671747384
0.00943171079922372 -0.00714129851109441 -0.193107405276511 -0.00483103632618941
0.0323137946893432 0.00998316085775012 -0.229540729331237 -0.0999113682597557
0.0317566094384498 0.0495570437042279 -0.219741720610918 -0.22259180378931
-0.0460712254117636 0.0659452745315114 -0.15472826775996 -0.27313838846389
-0.106044078581317 0.0368852588033567 -0.196799952330473 -0.239231844033454
-0.155922249485049 -0.0028832066467269 -0.122084758621142 -0.233239334046687
-0.0665051646751138 0.0372409436869989 1.15688612173702E-05 0.0371668945441236
-0.0208226690447139 0.0496717806773909 0.229942542427622 -0.0559918607873541
-0.015757326412632 0.0414648581809031 0.165472888860541 -0.24433530547753
0.00398812895934656 0.044171541470056 -0.0535443264069789 -0.294211696606327
0.034799434222777 0.0454553285154972 -0.206134351943852 -0.182707823327281
0.0566230981122687 0.00959625405225927 -0.220671898398156 -0.051941420601133
0.0634220221291028 -0.00173254921067614 -0.174539648290577 0.00642607261362205
0.0768317739208473 0.00962659914464065 -0.158857511811257 0.0331545537295944
0.0699169832190703 0.0529258815123436 -0.165296297804984 0.040501802070913
0.0379174466324713 0.0771328139268672 -0.184532323760565 0.027776463524378
-0.016368337485565 0.117703041400574 -0.227923106472151 -0.0630441584263706
-0.0798552219004788 0.0955642830981535 -0.223020641477922 -0.18917307457296
-0.161102171649731 0.0186958609875195 -0.15677182383385 -0.21856473716843
-0.209716955963743 -0.0608251383703042 -0.173177111689989 -0.180638493814429
-0.233028111739371 -0.0846413549718457 -0.0428143339081633 -0.200679803583895
-0.183717939226347 0.00566342326455461 0.0483183216865504 0.0676374840188881
-0.125045821643545 0.109974380225991 0.28425728112934 -0.0372395469854208
-0.0417641323166525 0.15183433537726 0.217194486426052 -0.25261251798633
0.0441841921483001 0.116416107182148 -0.0254207866290155 -0.300207715105821
0.0922562085361413 0.0807191547118804 -0.177235610603467 -0.185064836184041
0.127867321719254 0.0166563704970683 -0.190264725734461 -0.0436152532978664
0.132274423580112 -0.00762827714865595 -0.13542891849132 0.0124334001424479
0.142801851771348 0.00706163970880062 -0.113762560898151 0.0484453869112525
0.127189527748041 0.0807692224546417 -0.12297480252868 0.0709954488758782
0.0770649787839327 0.132898218324875 -0.156388395037984 0.0831541393494106
-0.0258116124936768 0.207067719942419 -0.222131944302283 -0.000830259596534906
-0.14901603147338 0.153547818525276 -0.231631512145956 -0.138873190596154
-0.246268145327534 0.00368476758525265 -0.148538879169694 -0.162740492021925
-0.286322937374681 -0.131667423832081 -0.124475684475439 -0.100918165911336
-0.271140958756949 -0.161702931541422 0.0450252769524136 -0.125148486592899
-0.279086445742106 -0.0502617669029139 0.103560374591358 0.123586157132311
-0.231985141671929 0.140058205885998 0.332130442736396 0.00922400777284501
-0.0850578817912544 0.24760831977623 0.272243492453982 -0.227908990501861
0.0708251874601837 0.186071639534631 0.019120412614738 -0.281654510037401
0.136365837037695 0.11415580329336 -0.12380720794367 -0.171520124502643
0.181549701185181 0.0251472862661468 -0.135826969052374 -0.0321620086235432
0.180830797315671 -0.0137562878639769 -0.0771585826798215 0.0176527772892065
0.184891686509892 -0.0030103650553666 -0.0493422596271728 0.0579241447507392
0.166014031271894 0.0845493842235984 -0.0597842787878944 0.0977353586596928
0.112412764997191 0.155617282998208 -0.107711987582369 0.136208933740937
-0.0105023493500837 0.2593543577651 -0.198429714487572 0.0668203923165032
-0.176667036383374 0.199005796236956 -0.228678932822423 -0.0813590995549233
-0.289849266354376 0.0052922611607298 -0.128209519365642 -0.115285429177105
-0.323480200696419 -0.172552344246651 -0.0572685436978128 -0.0193094945674316
-0.261764251859344 -0.216044560932718 0.12767743956875 -0.0179378729529699
-0.322931592853326 -0.116442413674266 0.153695077869016 0.194458570851864
-0.310912823418248 0.126597822722838 0.352524576611756 0.078303024033358
-0.136840683368002 0.295573284737024 0.308660013944128 -0.165954097612021
0.0740338498933767 0.233019939526489 0.070538707304158 -0.229580767360623
0.156201336576748 0.134838303788136 -0.052754183397374 -0.138949191587253
0.207245792782613 0.0318264239673037 -0.0657685008548381 -0.0187034484659581
0.20164934422523 -0.0175238797609384 -0.00916646443278362 0.0207533218587121
0.200845047849942 -0.0143753467814945 0.0222494819824621 0.0608337132292198
0.181187067266606 0.0733051630254968 0.0105631925113714 0.113762183696153
0.129583997353198 0.152920404956116 -0.0497599054010187 0.175284400204919
0.00159176975340277 0.270683768982426 -0.16218143814155 0.119266238903338
-0.180725456333375 0.210607529156253 -0.210676572115127 -0.0315064867241323
-0.293341947990988 -0.00108043372331076 -0.0982749340878806 -0.0806562500031962
-0.312754201763061 -0.19376391915814 0.014125088362362 0.0544643388869718
-0.207686748501008 -0.228698929318028 0.190022206523458 0.0995989780582784
-0.299203687924629 -0.162953402709529 0.186585124467177 0.263488829627756
-0.326570829625475 0.0803179897972682 0.335651831132719 0.14802472977499
-0.167533457393282 0.281095079689827 0.310040399067403 -0.0812053762566483
0.0604006562631121 0.235572431009011 0.112290393487087 -0.151604513652727
0.146815142480288 0.13155548963244 0.0217349643279795 -0.0917030933013399
0.197924144511102 0.0312684878266998 0.0103524467467136 -0.00506764719451161
0.19313324898011 -0.0202430326342456 0.0583715214567254 0.021501972916611
0.188942993034343 -0.0210464621813323 0.0910600473035121 0.0593663628211599
0.171485372874176 0.0561508600789501 0.0767586318211512 0.122888060421977
0.125087306979109 0.13473563930582 0.00459761748235275 0.200837872198417
0.00285983209379904 0.250464177276413 -0.12428174211155 0.15520281733494
-0.172488954711599 0.188662465532035 -0.18573647082835 0.0073935248989463
-0.265354408727779 -0.0208679661636992 -0.0676077562050963 -0.0542030246050572
-0.25852726146602 -0.199828122532163 0.0756559234753782 0.118759062543048
-0.118790025576444 -0.193051788210024 0.221812468552528 0.201636402591161
-0.216639811510157 -0.16696652223202 0.198982226937256 0.312391637960348
-0.265790127033648 0.0303157702460498 0.290295767200116 0.199291448757223
-0.150819707178746 0.213201771498526 0.283177932721064 -0.00064410113193067
0.0428663640942852 0.186990816633433 0.140814393862891 -0.0735898553432239
0.11404701058543 0.0994078120702198 0.0871631345187033 -0.0438239439601536
0.155281657263688 0.0220981849228985 0.0790324314727395 0.00427732042189825
0.154672627964734 -0.0203056255160636 0.114808562015822 0.0202091102066347
0.151155155047828 -0.0232820377447168 0.148393539846175 0.0568447127513285
0.142942660847259 0.0370659153845096 0.129823690779879 0.129539281743798
0.105859917283844 0.107146450901895 0.0450772920768408 0.220095260285002
-0.00323279017793329 0.206098793998782 -0.0984177186819918 0.178631953210524
-0.152826256939605 0.144030290808209 -0.165986568539555 0.0368529075263677
-0.212537669965944 -0.0469432234606754 -0.0430296004467332 -0.0326069977402168
-0.170557652740267 -0.187830296844876 0.118790574340742 0.172874702673296
-0.00989125349730811 -0.118795003817175 0.222908745654001 0.261608194291781
-0.095407490049336 -0.12574781360351 0.196615863420415 0.324089522699484
-0.147003978852984 -0.00486427707831621 0.240610863378716 0.223201226938606
-0.0889737138103101 0.113634907358154 0.249344896049088 0.0553302778282167
0.027759826812609 0.099502056498981 0.162505690701975 -0.0197132469509931
0.063210614493281 0.0452674509535149 0.134841074030397 -0.0141578396276055
0.08646062203488 0.00559507903874763 0.129122438921233 0.00298269480185325
0.0924543248052156 -0.0187324818827427 0.152323896903878 0.0161351308230688
0.0930805760616077 -0.0205074183149625 0.189250194646388 0.0541179182047388
0.0989361199738905 0.0145300117540539 0.16457160432908 0.138212795831314
0.0773486562624943 0.0706166704103464 0.0692336096098641 0.237929405150001
-0.00572997506979148 0.14463482249757 -0.0889265914008113 0.198609289665665
-0.116912754419967 0.0854652215088523 -0.15977587404942 0.0604866849240776
-0.137707617902048 -0.06617527954718 -0.0323743113062914 -0.0172605006071926
-0.0619327938430471 -0.151354794719904 0.139272064637231 0.2121340980672
-0.0512089613558157 0.0735471925520649 -0.199242808586126 -0.223531637349717
0.0496605520065211 0.0427499225044285 -0.029933603410868 0.0368616649793901
0.0647073181543305 -0.0253416140888094 0.192142243256064 -0.065078894745472
-0.00824054159767474 -0.0608673985464238 0.124023394824037 -0.234975246965856
-0.0386818732850394 -0.0156860633076355 -0.0790926566215662 -0.283363810936796
-0.0232136047742344 0.0163997793732472 -0.225190713697423 -0.167518923462624
-0.0201006889042615 0.0103515253799378 -0.236399113227149 -0.0473157331976073
-0.0136959252124027 0.00513970438887565 -0.197112472167246 0.0101661292372972
-0.00105012087307272 0.00240138118222684 -0.179131132899118 0.0290507446850411
0.00690896679034726 0.00118798041955486 -0.185477093627244 0.0317493947678144
0.00879251770614776 -0.00658350280571722 -0.200026891293499 0.00663488067303084
0.033550905810762 0.00839434754924874 -0.245691780719723 -0.0879827587738538
0.0335805416624218 0.0475868418432445 -0.240879979522349 -0.215706234623983
-0.0451862345997774 0.0710264031368905 -0.174651058240583 -0.275927855557155
-0.106989435005167 0.0437191590897503 -0.219335657697836 -0.240885506788833
-0.161513675687986 0.00736267293584877 -0.140522942807251 -0.234697328646051
-0.0682507781370991 0.0426340400639196 0.00281437441873187 0.0388692936099913
-0.018431677644165 0.0544047820070411 0.233569686675716 -0.0754241719675169
-0.0128556440276317 0.0460905486222767 0.154755589540037 -0.2646357235097
0.00863449507273516 0.0461143623097143 -0.0739635740605862 -0.30243479304152
0.0410942055689058 0.0447066363694394 -0.224220644774688 -0.174790596007802
0.0603854296960606 0.00676830862421661 -0.229617684609836 -0.0395116139073343
0.0661485031872809 -0.00694933725880184 -0.180055592039958 0.017827424189368
0.081907827439285 0.00429937887284913 -0.160777755217986 0.0444759345950936
0.0774024749352195 0.0503240509219095 -0.167424700402707 0.0530586954230824
0.0444752091462338 0.0787846590531485 -0.189031597591022 0.0406933775218387
-0.00905805732855058 0.12390923345735 -0.241755387790577 -0.0496046651298819
-0.0793307636244306 0.103175622743552 -0.243091496346622 -0.180161052397793
-0.167462433505459 0.0290379127815058 -0.174901236543287 -0.219736503310748
-0.220413094728717 -0.0509330450310386 -0.191812251292103 -0.181177851815687
-0.246958743393216 -0.0736754780710688 -0.0560217700019759 -0.205149386953453
-0.191428348049941 0.0167566261161631 0.053967039174791 0.0674669126166975
-0.122786268781608 0.123325218822527 0.290984808236691 -0.0592363938973206
-0.0326933362240283 0.162615183203686 0.207921659033939 -0.276968834299314
0.0545647197217612 0.118674787628666 -0.0446741491426051 -0.310242872730322
0.103205233059306 0.077555359092997 -0.194892353514069 -0.17953224930753
0.134427938367667 0.00888010484958461 -0.196879673339933 -0.0331916638031394
0.13615468708581 -0.0184716009451446 -0.138572930927519 0.02113920815194
0.149388675184697 -0.00298100433399631 -0.112814001226342 0.0566265557613351
0.138427661490725 0.0759362426114754 -0.120796656184747 0.0819565082462997
0.0893019825974563 0.134324680243288 -0.155496348227816 0.0954667411566568
-0.0119886413424372 0.217480693994447 -0.231238284274862 0.0143987386565375
-0.147358195187271 0.168739470245609 -0.249829930107844 -0.127077526101227
-0.256863074469513 0.0187869449688609 -0.164780695167633 -0.161905926517335
-0.304822225568169 -0.118341219034712 -0.135847445120764 -0.100912262384947
-0.290879176406062 -0.151656754926672 0.0391882281115892 -0.131509753093272
-0.293694910233234 -0.0351582409634421 0.114772908309205 0.121928144305195
-0.232188514175552 0.161412938526865 0.343853289499782 -0.0136964596505125
-0.0713996525153504 0.263874313300002 0.26571236604563 -0.254880407316404
0.0866516763073476 0.189896655891409 0.00285886103487703 -0.293884357050785
0.150227973630048 0.109300993735641 -0.13883779124427 -0.169020402111706
0.189602309395426 0.0143110677527299 -0.139961736468694 -0.0253433922111708
0.185096372432895 -0.0281606210089626 -0.0775738154348424 0.0229035794884446
0.192094958421338 -0.0165873791917858 -0.0456711323746068 0.0622192472879818
0.178954688391723 0.0773038450352357 -0.0534838095361238 0.105273157971616
0.127687816343202 0.155029136396292 -0.101303548676772 0.148087876511341
0.00783940400019666 0.270885543890951 -0.202571564613385 0.0826491367016577
-0.171473288854651 0.217725565479026 -0.243681358043491 -0.0678335101762156
-0.302003862115714 0.022694353590517 -0.141838069035923 -0.113522540927808
-0.346175221947197 -0.158510939138714 -0.0613146518290208 -0.019772242791689
-0.286260867106079 -0.207835358877371 0.131350145250632 -0.0246817998492309
-0.343323185307582 -0.100839039442772 0.170814232466211 0.192273937823416
-0.314621427257912 0.152692651842932 0.369888648328618 0.0567106297243076
-0.121431300604421 0.317318332986674 0.30664629319188 -0.192070163513578
0.0921578973620157 0.237856375670356 0.0587242020819452 -0.242235666298395
0.171393029211124 0.129635703958494 -0.0640841593498997 -0.139903980844443
0.216290035485203 0.0196399636933266 -0.0657434256426256 -0.0160328516602289
0.206565877056444 -0.0336851671876935 -0.00677340440220046 0.0216833150420643
0.207083939783771 -0.0292272276698665 0.0281892142456794 0.0608100370892269
0.1925896877682 0.0644991779795527 0.0207369850276836 0.117107669146531
0.14424372545796 0.15059024919073 -0.0378939475712124 0.185017828796358
0.021341231394546 0.28066903387968 -0.160350304543789 0.13604639608772
-0.173631346455304 0.229921419511379 -0.222489310188542 -0.0162764555830163
-0.304720641375776 0.016264718830751 -0.109300029810523 -0.0783988447131993
-0.336877748319839 -0.18062692262081 0.0171055216378451 0.0535563075214322
-0.230529881370107 -0.223657972952245 0.202896304766963 0.0946533879839804
-0.321836596317642 -0.150439496660737 0.20903315917362 0.261446062875482
-0.333216058157089 0.105526127884243 0.356205957389375 0.13091746660024
-0.153941192300019 0.302071303252363 0.312478342623823 -0.10444594472325
0.0771647322620201 0.240652223261989 0.106668205743775 -0.164543653203592
0.160678979721012 0.12667019082825 0.0160218023728664 -0.09518994933795
0.20605956639206 0.0193840986697271 0.0132034146164783 -0.00659873387146827
0.197224924679117 -0.0353000155610021 0.0628713056665099 0.0186002253098447
0.193181869276485 -0.0357653040235843 0.098679038680224 0.054789794739107
0.181058527248534 0.0472699306088164 0.0888790379805182 0.122105361253123
0.138116783639677 0.131933820338845 0.0203152077607029 0.208000658598355
0.0208168958042921 0.258976116825223 -0.118762067230059 0.170275370589234
-0.166448309987616 0.207042744700305 -0.193668724146368 0.0221920921007206
-0.275744526700764 -0.00583148029181737 -0.0756882666622423 -0.0524346525699091
-0.280739847335134 -0.189474376162181 0.0856067402712429 0.117122534396071
-0.137270327782441 -0.191794960498889 0.242018689341204 0.199460507618337
-0.236254755333563 -0.157986663833234 0.225537845829792 0.310945091561404
-0.274066552662283 0.0496650567569949 0.313451557880349 0.187359255360132
-0.141130086747036 0.230726494110753 0.28957685707909 -0.018984075506371
0.0554994712202775 0.190885156455547 0.140983742001928 -0.0844200271776735
0.123203326542982 0.0960044372781792 0.0868041752794461 -0.0502755554801411
0.160938783569094 0.0123804354133235 0.0848319945969358 -0.00130828461293873
0.157354121225542 -0.0334727979830015 0.121394673171249 0.0142527497043742
0.15403180392134 -0.0343507786855781 0.157573838727488 0.0483214227125631
0.149848018388689 0.0287507172427392 0.142769233201159 0.125908695299039
0.116101080645509 0.104388363152327 0.0630363585012938 0.224969256236099
0.0121180138514242 0.213138499293587 -0.0901150180046581 0.19211208011423
-0.14825492769098 0.157943673299483 -0.171042074687041 0.0511018580180473
-0.222360055756117 -0.0360521672231459 -0.0495940090991761 -0.0313069919448476
-0.18860276131946 -0.182410164272267 0.133399587963607 0.171305002715151
-0.0195258850107904 -0.121009499497698 0.247709531204962 0.262180753461446
-0.108418552790851 -0.121989844942012 0.223799965420797 0.324299350363044
-0.153072247535891 0.00530521221048618 0.262950576516911 0.215802071303374
-0.0841830110215319 0.122771666065007 0.259724898475862 0.0417096378772094
0.0333773260890306 0.100564435620735 0.166501640465521 -0.0296634303610111
0.0667276086919738 0.0430229905646232 0.138256615454874 -0.0229714645327941
0.0881725866354287 5.44246368070229E-05 0.135052581872081 -0.00460659000171012
0.0930444806289427 -0.0267108244773776 0.159850571805171 0.0079564550086643
0.0937931790781787 -0.0278020997794405 0.198311898449673 0.0432449971068399
0.101969910695402 0.00824618049416923 0.178663681398684 0.132873848502641
0.0836882176517039 0.0673555261902305 0.0877598751379543 0.241882036089133
0.00459360676354303 0.148354549736799 -0.078853433459833 0.212333560428523
-0.113994506968419 0.0949905416128987 -0.162727222087851 0.0746974359503062
-0.145398695690261 -0.0600018127389123 -0.0374314527580248 -0.0161890967796884
-0.0736674383467638 -0.151431314627099 0.156797272696947 0.211114245638864
-0.045722925299186 0.0819971413282956 -0.227029422194185 -0.213504684565389
0.0535959406097029 0.0401208150163862 -0.0274722488739355 0.0413377439979885
0.0646212725435461 -0.031679642694657 0.191724800366665 -0.0867787478644064
-0.0138713184623416 -0.0602468863232484 0.105541808285032 -0.255745051440028
-0.039920737538776 -0.0126606642063677 -0.108489423286992 -0.285918043187237
-0.019883356207695 0.0184408965292534 -0.247812934570571 -0.151247377950669
-0.0177661431710109 0.0128302231365956 -0.248364945470376 -0.0255768958269705
-0.0126292827172975 0.00700779416067054 -0.202631738328881 0.029684329192214
0.000938662451793525 0.00197840227311471 -0.182498662260496 0.0470565880474977
0.00838199239811405 0.000432922679367816 -0.18804138319069 0.050433137900692
0.00879106954299273 -0.00599580155835776 -0.206427725739308 0.0251748075231764
0.0344136158317472 0.00611765346099183 -0.262895123871765 -0.0665455026387895
0.0365398690034478 0.0448614220089466 -0.267807239212051 -0.199187794115174
-0.0413292883088457 0.0775102769800389 -0.205861768657716 -0.273484916506531
-0.105435818671922 0.0549963332609995 -0.250751034989295 -0.233553734618674
-0.165577532001363 0.0228929674083093 -0.166359312371349 -0.230196237378224
-0.067806230488086 0.0508755495170251 0.00657266694340316 0.0399897472757272
-0.0136073461783525 0.0586969061346353 0.232964093729715 -0.101211516112675
-0.00811766474785049 0.051111240279295 0.134250262668064 -0.289223718831788
0.0151814758370106 0.0475381711503332 -0.104566863812275 -0.306387217816023
0.0491587192790338 0.0412075806811007 -0.246869155622595 -0.158871309700714
0.0644945756490571 0.00128493965513036 -0.239972125981722 -0.0195187434300214
0.0681770030940024 -0.0142932015741345 -0.184214797634623 0.0348079989238371
0.0858693820966142 -0.00444269163992414 -0.161056001665602 0.0607965579739636
0.0868215360505721 0.0448671222056257 -0.166433191698452 0.071088510723896
0.0540323399872177 0.0791943606184156 -0.190611583603867 0.0595683093497847
0.00262273494576204 0.130079805107969 -0.255435769446087 -0.0276247187201493
-0.0746389542015912 0.113383092097877 -0.268042214538633 -0.162136701301214
-0.172342250193013 0.0451007184316974 -0.20202079450674 -0.214581877001815
-0.232338229074394 -0.0320763876950503 -0.217094879235052 -0.175144602752278
-0.261370850422523 -0.0526971183020788 -0.0766290079961916 -0.208014706153568
-0.197682773699017 0.0345988974476339 0.0614589826106953 0.0648665089733836
-0.115757173016368 0.140105433315641 0.293593908577848 -0.090746986529202
-0.0170290577189105 0.173266702206775 0.187124971038063 -0.306656799543525
0.0691637142714301 0.118877844099275 -0.0754382028427163 -0.31799457177908
0.115741905442677 0.0698312853119538 -0.217768099503816 -0.165801437342757
0.140818215892314 -0.00359535107365154 -0.204331133221602 -0.0166129378976878
0.138531537575881 -0.0334975464575046 -0.140550962117867 0.0348187115376528
0.154893941374908 -0.0187630818494799 -0.110172827959956 0.0685862144650677
0.152517969592294 0.0655504533618788 -0.11553490486208 0.0964663009820247
0.106188897707241 0.13163142536519 -0.150562950442651 0.113171216582686
0.0100143444136741 0.227616980603766 -0.238723902927159 0.0382922364494329
-0.138172590024621 0.188286234329391 -0.27029046899352 -0.106153974890956
-0.265817835639909 0.0426189478001272 -0.186374838906579 -0.155078982160629
-0.326620920883848 -0.0942441605367869 -0.150907972630092 -0.0960279652407856
-0.315908331408106 -0.13033361263142 0.0286659348362268 -0.139698319517482
-0.308902321301593 -0.00992524281673521 0.128959037489537 0.115074277881398
-0.224389264110808 0.190470654036517 0.352085206260462 -0.0483693797241555
-0.0478099466463012 0.281722609962454 0.248574955321045 -0.289055307980621
0.108601311974603 0.189327412216411 -0.0252281237784745 -0.304806578454511
0.166868314894547 0.0988566392408313 -0.159406368231323 -0.160459502760299
0.198324395137276 -0.00364019453770954 -0.14405982840466 -0.0146471539028298
0.187610100775918 -0.0485894345861643 -0.0769266581559998 0.030261313573851
0.197379358628236 -0.0370132824852001 -0.0401439995054638 0.0677173794421685
0.194210652944704 0.0624028650894118 -0.0431323954074448 0.113876183897437
0.147728543741126 0.149387961748094 -0.0879313632784957 0.162724904018202
0.0361479402440425 0.279578739974637 -0.202042194219319 0.106909755003636
-0.158545006292635 0.242559405633938 -0.258864830920077 -0.0445925724421204
-0.311435168672259 0.0508807948066517 -0.158952238007319 -0.105821103735371
-0.373469451054653 -0.131307451687871 -0.0663648718702502 -0.0175979778617926
-0.315213650847265 -0.188422349654346 0.133656914299609 -0.0361955056888269
-0.36685227842747 -0.0725239220699557 0.193650613037936 0.183081014043243
-0.311259140147298 0.188759168093207 0.385243831161574 0.0221504987410978
-0.0946210012940931 0.340767728320887 0.295917201936467 -0.226881924742256
0.11879303433032 0.238803502912733 0.0372509149232323 -0.256242999544273
0.190211124571211 0.118040139770339 -0.0796473839840122 -0.138063069213162
0.224989688485233 -0.00126665310413932 -0.0666017094217966 -0.011969708540897
0.208603635527929 -0.057146693947288 -0.00338747497082536 0.0226279944788229
0.211278808334674 -0.0515588101119529 0.0358281868985603 0.0587275676700636
0.206708564165831 0.0483829285847357 0.0339608960368007 0.11935328799032
0.164533268929435 0.142645592640595 -0.0187952635373142 0.194652757227604
0.0514754848121124 0.28845513003197 -0.153058751277761 0.157365303021182
-0.158550871425504 0.255531902724662 -0.232391979242847 0.006795842683822
-0.315080158026678 0.0449119485223835 -0.122537304659987 -0.0714575892709002
-0.365343890915104 -0.154130285790172 0.0223931696829981 0.0518391796744575
-0.260147887533769 -0.209479460956591 0.219225192346797 0.0819701773399272
-0.348884886096108 -0.124740496382372 0.240101101577596 0.251404322795861
-0.334756578080197 0.142107710444013 0.379037621371145 0.100264707813398
-0.129437852206487 0.32867481858106 0.310656641571125 -0.137055521719629
0.103281888133662 0.242446412895501 0.0938731292866112 -0.179416715249961
0.178038443722898 0.1165015211648 0.00733513544131776 -0.0992700471431864
0.214377143399307 -5.8602660324114E-05 0.015970042557227 -0.00921871546323325
0.197952461037657 -0.0576799475518771 0.0686272339361038 0.0128723530290376
0.195591978050916 -0.0561450818987801 0.107500847737751 0.0460927474376878
0.191847218777768 0.0312291104653326 0.104072459338675 0.117586583977131
0.155616147490433 0.123807927233125 0.0428250061302936 0.211862749345754
0.0487484890334044 0.265193298120927 -0.106955620214659 0.188430848821503
-0.151617761172651 0.229400783492362 -0.199609266474226 0.0440350541522274
-0.286221816650257 0.0193807153806543 -0.085714734604491 -0.0471103877607671
-0.307660114479308 -0.167964908319763 0.0986493539339811 0.112101772422194
-0.160482684667738 -0.183685462422164 0.269773766266659 0.187657031758524
-0.260450398903872 -0.139296295540571 0.260558694764584 0.30047855996493
-0.278424924376607 0.078567886827466 0.339622775023566 0.164218208626627
-0.123255784687459 0.252412230436162 0.295154675609769 -0.0454403032556325
0.0748863773248962 0.192546695684372 0.137950252357631 -0.0988450734671749
0.136101107079349 0.0884610401770976 0.0850970271161117 -0.0588246109026772
0.16638791410453 -0.00222264141688188 0.0899859879995343 -0.00990266074794535
0.157309295694688 -0.0514102537408306 0.128528767463253 0.00263673604829582
0.154776347253762 -0.0504982285188412 0.16717096437663 0.0342610596071071
0.156758236418919 0.0154175295183881 0.16015663047721 0.116278779471025
0.128908426180263 0.0966598731065887 0.0879504368760877 0.226227562839696
0.0343789488016267 0.217926365911427 -0.0743685232540658 0.2087497688895
-0.137356955537908 0.176669561587422 -0.173671103775093 0.0715685499577621
-0.232515861897982 -0.0171028548268766 -0.056654002212698 -0.0269932814751335
-0.212240017661893 -0.168945917231498 0.154458203561983 0.164277293063335
-0.0324370693241083 -0.121175276409403 0.2811726893859 0.252445771793384
-0.123992026740056 -0.113674796627099 0.260660480649277 0.315299311667088
-0.157226363239984 0.0202901150675809 0.291975107022446 0.199046686618386
-0.0749643076316589 0.134633417796291 0.269510803014487 0.0205164763127093
0.0438059848176423 0.100486449643865 0.169146541394556 -0.0442036292187095
0.0720562853621341 0.0391674333479244 0.140592833594814 -0.036011638837141
0.0900274178132643 -0.00777471481930876 0.140980595027198 -0.0172479540605789
0.0916916579481237 -0.0372769688485975 0.167153693894609 -0.00612827197326278
0.0935226351988221 -0.0374833528788116 0.208600249779404 0.0253937312820818
0.104784435950063 -0.00147314563658234 0.196765484088749 0.120744017947831
0.0918455785568675 0.0617467512518079 0.115564838300315 0.241207957563088
0.0200188090787626 0.151095658565042 -0.0614333850044513 0.228362777140853
-0.107710629130085 0.106981730037511 -0.163235677959413 0.0949758299272941
-0.154903611252542 -0.0483736387888836 -0.0427476732331298 -0.0128852091460879
-0.0908356756825406 -0.147869211705677 0.183089878361249 0.204050363629164
-0.0359287673641818 0.0882297283503173 -0.252354494903198 -0.189236722893206
0.0576383226301583 0.0355928068664109 -0.0235682624910546 0.0449156537836309
0.061155629338909 -0.0392309338081711 0.180057109278921 -0.109064992163938
-0.0199573318841302 -0.0574218469696418 0.0764032112091542 -0.268918836067648
-0.0404414248773412 -0.00794312438124436 -0.141617385584781 -0.274723478387884
-0.0157381055880415 0.0197914727068308 -0.265511088478626 -0.122118407702164
-0.014440400699352 0.0139972757125774 -0.251790558612297 0.00364028273795877
-0.0109363118921074 0.00823813688076343 -0.199962721514639 0.0533040406060854
0.0022854161832601 0.00136998501454417 -0.177686853414772 0.0680050833006029
0.00949190868234561 -0.00022285093272191 -0.181799952025672 0.0718252126957222
0.00851121289879162 -0.00585661214142597 -0.204483372102966 0.0487263160024502
0.0338438260682492 0.00288810856537641 -0.270921167391128 -0.0344481285200862
0.0389902373072446 0.0404404795593388 -0.290200813156581 -0.168819187371249
-0.033896905089987 0.0824487098751058 -0.23647490340952 -0.254157915340105
-0.0984102266454908 0.0663889563519387 -0.280901017989224 -0.210697366604449
-0.162431620436954 0.0418140388410274 -0.193731428832977 -0.213166562721181
-0.0630900452914484 0.0585367353148881 0.0102432643719579 0.0397270001265648
-0.00673356841998166 0.0608017460957468 0.220311059203037 -0.129292232682673
-0.00101432366141583 0.0539575104618815 0.100142610229942 -0.30581015296744
0.0219302855232909 0.0464716295689445 -0.140443947408468 -0.296025242391605
0.0562041271636559 0.034983708675019 -0.265358281898517 -0.13019110810673
0.0663430804647322 -0.00690481103120738 -0.24179645283385 0.00756093085538648
0.0667009063888774 -0.0230533948615584 -0.180515934204882 0.0559135006880696
0.0864234526749869 -0.0156903893355742 -0.153684017172078 0.0790469774078936
0.0938933991316655 0.0347874207424261 -0.157677307380113 0.0903193709178422
0.0645696394552905 0.0742957217715499 -0.18390396352886 0.08110885843091
0.0179156683843117 0.131001407032337 -0.259959770996527 0.00423324600206047
-0.0643908896591514 0.123118090390337 -0.286453064551173 -0.131602006532471
-0.168902064746721 0.0643909670349004 -0.22646940958613 -0.195493477875853
-0.235357989879664 -0.00557492320444775 -0.239189899472411 -0.155067684127661
-0.267786214398415 -0.0241215081408338 -0.10084337419146 -0.200581913977258
-0.195291134717202 0.0561479002600459 0.0675644727784998 0.058536461638313
-0.099211162349761 0.154744310264312 0.280991425715893 -0.124894211053985
0.0041231996433796 0.177915030176192 0.151243193797286 -0.328855357334902
0.0843645168959539 0.112048601435129 -0.112155497919029 -0.310462562103588
0.126217689243476 0.0561480032802869 -0.236648961307648 -0.140517859053351
0.141631879406489 -0.0203400069228629 -0.204717914123013 0.00526587853230983
0.134164253020083 -0.0509323491843718 -0.136107887125657 0.0501141399805972
0.153531455400093 -0.0381570828855047 -0.101564858953664 0.0802537323158416
0.162374978870545 0.0471149726106173 -0.10254684190343 0.10942353904107
0.123238845697513 0.120870764513272 -0.136102794840778 0.130302108251453
0.0373156469030092 0.22750415575587 -0.235802263615031 0.0684334361112574
-0.119066257508789 0.206052694383565 -0.283615522722409 -0.0738654788874928
-0.26331221855342 0.0725660939746441 -0.206048259664803 -0.136504550315639
-0.337540268929926 -0.056786372715904 -0.164089581579157 -0.0827625459675906
-0.330933468232607 -0.0954101590278251 0.0129243134698203 -0.143529478957195
-0.311483630751439 0.0245824856395223 0.140715763738215 0.100595249955598
-0.202933236480075 0.217531566779694 0.344263075219838 -0.089506225227264
-0.0133283210379445 0.289822262831503 0.213763860407156 -0.317338548566929
0.131582391053383 0.178418474041323 -0.0601295433169274 -0.302594164104619
0.18060227424021 0.0794184599586692 -0.177963622554994 -0.141197671153345
0.198969780148203 -0.02684040593378 -0.143534412787401 0.000126788539951616
0.180950805753172 -0.0719297808862307 -0.0725999603920113 0.0382976766082599
0.193265254108521 -0.0616428946286621 -0.0312974578520976 0.0711016697919198
0.20344311847076 0.0400325519458241 -0.0283898580211759 0.118650493977447
0.166690240815105 0.133330507272878 -0.0681360114295891 0.172731861903973
0.0707245552351057 0.27705533645677 -0.190596459899273 0.132530790297925
-0.132132116828292 0.262619332345476 -0.265167710226549 -0.0127865445626859
-0.308382559448271 0.0865054380545591 -0.173613064346314 -0.0895026230760353
-0.388949087804411 -0.0880797539655237 -0.0698482096383084 -0.0130721585046386
-0.338025454768323 -0.154238367479193 0.129855246415692 -0.0505740351846952
-0.376431851722983 -0.0307779707614296 0.2127537486654 0.161904868176083
-0.289647849187317 0.226425308751572 0.38589286096463 -0.0222576927116157
-0.054390501987149 0.354764660782216 0.268692522811647 -0.260183305638059
0.147454110160658 0.226445254542728 0.00721533355402238 -0.260134889738677
0.20529684404739 0.09641706326684 -0.0951527089034133 -0.126901474639711
0.225357760760698 -0.0271921136973951 -0.065387655487547 -0.00606840228326471
0.2002530308114 -0.082074530051977 0.00044577788586018 0.0219768704095035
0.204822246599164 -0.0770638132629101 0.0435103463313948 0.0534358100457808
0.214090503628775 0.0240787296994514 0.0490641456522246 0.114634000592274
0.182598674787492 0.125748551232415 0.00540831998766775 0.196533328349973
0.0869810297797288 0.283023339178856 -0.135260837878809 0.177417700437665
-0.129460515387814 0.275187249449882 -0.232886240755358 0.0355259963138237
-0.311471550264754 0.0805742809628465 -0.133245714140673 -0.0578569132611452
-0.383935647889521 -0.111374611692844 0.0274689223203717 0.0473511881058222
-0.285394852903504 -0.179296113070104 0.229383077977187 0.0594902087646217
-0.364963613137923 -0.0842568860138582 0.266856007562174 0.224411394836207
-0.318307674314514 0.182687329451736 0.388629832205465 0.0572679204734999
-0.0914283353242078 0.346100568455707 0.293134663414099 -0.170811907875144
0.131122448596928 0.232367957046148 0.0731293774291624 -0.189266355588461
0.192292501870805 0.097002556869591 -0.00370072940729439 -0.0984753589620354
0.214047389050645 -0.0249520898439454 0.0176739765867635 -0.0127439895198989
0.189460508254389 -0.0818620353930898 0.0715347049694491 0.00463743806538236
0.188142678933298 -0.0798652832148148 0.11356200970147 0.0326868416946429
0.196145056109035 0.0091234711767634 0.119192772315336 0.105073829718283
0.170477309310317 0.106971562368171 0.0695583547438308 0.207287568930914
0.0812361371385353 0.258834609840106 -0.0847394833922752 0.20312488742939
-0.125269404208496 0.24735011329413 -0.196105235447555 0.0697558825434088
-0.284716738104932 0.0513249952539746 -0.093497977160109 -0.0370699446948585
-0.327807318353855 -0.130780727292159 0.112008864188366 0.100301770527175
-0.182662935823581 -0.164418216744601 0.293079317907355 0.160708524099113
-0.277063040083809 -0.108460364253568 0.29443028212164 0.271970083857396
-0.268828002440467 0.112460408140492 0.357134466029943 0.126059840127937
-0.0943447681476399 0.268151278424145 0.288458068039415 -0.0770018333323205
0.0974082339163514 0.184546991778204 0.126204251067088 -0.113618121763234
0.146191994444943 0.0736164134315166 0.0793416999203861 -0.0675158659115789
0.165683288884569 -0.0216283540587258 0.0911208478783013 -0.0211705217330738
0.149341254181512 -0.0703190160864203 0.130845182551226 -0.0117155801259838
0.147825854817896 -0.0689690329762913 0.171911035088124 0.0152209760712736
0.157994634209957 -0.00243210419217733 0.174229408125817 0.098506554270407
0.140317555823739 0.0820684257914674 0.115684285542266 0.215769079202045
0.0606303644176986 0.212608587102597 -0.0505022448798034 0.219648453060404
-0.116489462255214 0.192124529440402 -0.166916534074698 0.0940197713695512
-0.235080863795534 0.00927955753525732 -0.0620151072579109 -0.0199169327170897
-0.232074539023676 -0.142858846903379 0.174143200156369 0.147001563459463
-0.046650315704046 -0.115049628384729 0.311964699196565 0.226345907992093
-0.137072156810478 -0.0970642596264811 0.295645512527322 0.286609850649044
-0.154438120825095 0.0400126100882209 0.314130326445962 0.166713549711487
-0.0596223413140073 0.144032325244732 0.270997810353968 -0.0085893615788164
0.0542509476476857 0.0951763987789324 0.164485454610683 -0.0620698350452727
0.0756521150692531 0.0318789454798096 0.137923812096695 -0.0512659462413223
0.0887168894710598 -0.0181187530541735 0.141291987775942 -0.0338134800335636
0.08540587967562 -0.0485252051032092 0.168796793984509 -0.0251425574885387
0.087992682781243 -0.0483167822247839 0.211402651739233 0.00159301640558981
0.103354483723448 -0.0134392292129524 0.21099721752534 0.0981501800904476
0.0978015136738051 0.0512437265581327 0.14484587889242 0.228116991286858
0.0378251125521375 0.147413204760181 -0.0347016854352236 0.236931918041591
-0.0944528809216656 0.118397710804697 -0.153370212853894 0.115533522699812
-0.160291854089176 -0.0314017547602124 -0.0456892856821971 -0.00679533224875104
-0.107733548291564 -0.135586751004673 0.207367900098076 0.182427953883096
-0.0239541877925816 0.0884989282996681 -0.26308926104368 -0.157109654070907
0.0587611918190096 0.0294436462961582 -0.0184534747355097 0.046974036688014
0.0545641952502224 -0.0441808901875188 0.161395236991479 -0.122633330830773
-0.0243829348578705 -0.0518707481462303 0.0459436692136003 -0.267616838214701
-0.0388076447545219 -0.00312601424952974 -0.164414987372687 -0.250546491524627
-0.0113711646836685 0.0191662251614708 -0.267599257612811 -0.0899824792836251
-0.0108448766062155 0.0144081845241215 -0.241526449373298 0.0305141791042047
-0.00845099625681701 0.00860570734186455 -0.186818470115219 0.0716233316606279
0.00324868037103383 0.000451313327312268 -0.164289775663402 0.0836836458726443
0.010420844919151 -0.00109232416627988 -0.166868599045421 0.0876120652627628
0.00858419856588415 -0.00540667169733341 -0.191208623729715 0.06694136663944
0.0321958002585258 0.000310904427893881 -0.262447751122328 -0.00440705020044779
0.0385227460020827 0.0353450753140059 -0.294719090624712 -0.132473167173385
-0.025011509974102 0.0834176070215979 -0.253257207730952 -0.22530610611145
-0.0870513286402421 0.0734340065298084 -0.293618238286662 -0.178359135383319
-0.15137459985812 0.0568278091677605 -0.208908885196587 -0.186798566571632
-0.0556837552198529 0.0630246634882648 0.0130319415914182 0.0387271195125914
-0.00011479351728985 0.0594061020499165 0.196635272494422 -0.146054587229188
0.00601823007555604 0.0538896258003828 0.0651045322148463 -0.305377309341042
0.0270578213921832 0.0429429427197938 -0.16582016283671 -0.270632877765636
0.0592501447887843 0.0265536148442371 -0.267665794083255 -0.0976624301189747
0.0644049803350791 -0.0141215925677616 -0.230861386685376 0.0321664226582248
0.0617500979795794 -0.0297847392448595 -0.167568073207157 0.0712833084629119
0.0820733863739293 -0.0253893572245148 -0.139310398940222 0.0908172532902021
0.0951233801484333 0.0235184411044015 -0.141144849700087 0.102357154484264
0.0707894147083885 0.0657886263134335 -0.168036886504008 0.0961850396181045
0.031419003423482 0.125200579210958 -0.249209050931421 0.0328426698358892
-0.0519731258398765 0.126002590339641 -0.288867204552168 -0.0965922308460226
-0.157476802474676 0.0794594047903016 -0.239162973117952 -0.169099614073555
-0.225900148239021 0.017436710097571 -0.248698225824871 -0.129551608979806
-0.259785859559879 0.00348674034510484 -0.118116493595195 -0.183863948458511
-0.184259352773552 0.0736575853008366 0.0693756282268458 0.0499829794988738
-0.0796350590514558 0.15933652937333 0.255575083268696 -0.148602051586043
0.0238650446064102 0.173060003757592 0.11125193328761 -0.331702295899227
0.0941845512960937 0.100189678045036 -0.140691796456477 -0.287484690776275
0.128588310860963 0.0403069516221258 -0.24177400132237 -0.110361067527714
0.135494659780745 -0.0346456065546506 -0.195749687978242 0.024509825621392
0.123243848413593 -0.0636449359354472 -0.125759919375549 0.0608371289229519
0.1436489928467 -0.0538912519903268 -0.0886029889461398 0.0861948466394736
0.162933314788127 0.0281010304244878 -0.0861272325397485 0.114985498152982
0.132469802953651 0.104650532242474 -0.116958261202122 0.139023005040523
0.0609832819575795 0.215939652684238 -0.219449386639432 0.092026072204228
-0.0950940329288828 0.212270167285035 -0.280605901940797 -0.0417053057994675
-0.247883520502965 0.0959195050887986 -0.214014479141073 -0.112435329761849
-0.329564666211827 -0.0202960642939528 -0.168810119925391 -0.0671177643258409
-0.328057001142316 -0.0591376606606188 -0.00323035643367075 -0.139519200140098
-0.299558401147119 0.0543602804589534 0.14327092561611 0.0834348589064416
-0.172879133497702 0.231481853540107 0.319645776530532 -0.120948562704206
0.0184286482485706 0.28220229960643 0.172254154024579 -0.326387508664923
0.146281134715626 0.15948034299012 -0.0891183395740889 -0.284619213079098
0.183549440152468 0.057730596009081 -0.185164381149089 -0.116673612875122
0.189274783172172 -0.046980555686555 -0.136561792142379 0.0130898657439735
0.16514707388236 -0.0891034309986975 -0.0652851116895865 0.0428740028730965
0.179633725760778 -0.0804634860380102 -0.0224813731547124 0.0704995063394779
0.201395433611236 0.0172041923351041 -0.0135056073488464 0.116478680108141
0.175948255343141 0.112191998510412 -0.0463996850272651 0.172077292271347
0.0982803879697904 0.258385515945026 -0.169557787266187 0.149406080737298
-0.100217558193687 0.26795880427194 -0.25696170018702 0.016010573094874
-0.288876808767678 0.114370326343878 -0.178188912335971 -0.0698099869762043
-0.382313272615438 -0.0443968603047748 -0.070296821242693 -0.00837417164216589
-0.340650106808075 -0.114098282787684 0.119728169758984 -0.0610686291179766
-0.36734255234384 0.00850774672401293 0.218864736125255 0.133973119458144
-0.254040071655568 0.248824975288217 0.365388399870957 -0.0613677132547791
-0.0139865768187227 0.349034675017378 0.230616142247555 -0.277011946027853
0.166274531571237 0.204087075978085 -0.0201363581443035 -0.250393020030203
0.208571818876912 0.0721324354539879 -0.104140872057296 -0.110885659828752
0.214400847448606 -0.0491879380023977 -0.0615201871559019 -0.00126121786140066
0.182733156431933 -0.100626899477912 0.00340013903565992 0.0198738364105299
0.188126592649269 -0.0963323324815867 0.047888345314549 0.0462576327977911
0.209149011129919 0.00111125473868988 0.0606390205703127 0.104514390581135
0.189657050634464 0.102167954998913 0.0269230980498106 0.187910623530669
0.115156477964126 0.26282112129816 -0.11116267734542 0.186725245216908
-0.0961941281411397 0.279000365791018 -0.220994309406407 0.0607098234159811
-0.29208102014132 0.108647567127247 -0.13577888830318 -0.0420796512671706
-0.379594262906224 -0.0659691926225909 0.030673613625641 0.0409979070970096
-0.293327447249133 -0.143198435262238 0.22690043527727 0.0360768904065783
-0.360311862628339 -0.0439151715278054 0.276382956822341 0.188412692684557
-0.286287118975765 0.209483718273615 0.377300019627555 0.0165424432521786
-0.0507568731145043 0.343904617768035 0.262812487596277 -0.192509193585563
0.151411614521213 0.210522997665259 0.0509302223485902 -0.187809560715432
0.196090548779564 0.0745700946195991 -0.0123139995013936 -0.0932518949637089
0.20326056766006 -0.0453604319747368 0.0176986747684982 -0.0156082121056718
0.171893543026406 -0.0991841561063112 0.0708097638687451 -0.00394689721314093
0.171430170799436 -0.0964136237213269 0.112827843260651 0.0192620151687964
0.189737978541837 -0.0109373275484365 0.126123484949516 0.088606924547004
0.175616348740428 0.0858383024132392 0.0893896171554101 0.191326867372522
0.106273448707272 0.239781145527195 -0.0595048074123592 0.206615907983285
-0.0947044830992095 0.250888265834967 -0.181936709933604 0.0895269160231475
-0.269085302167196 0.0777298966345022 -0.0956830969351624 -0.0256523960972749
-0.32799292827753 -0.0903592945300841 0.11794877147122 0.0835863631681558
-0.192616476189685 -0.13798603118438 0.299290216912849 0.127953455981769
-0.277488929141122 -0.0749236622412824 0.308622977753818 0.232385712818272
-0.245431766971449 0.137396207565326 0.354268021883288 0.0856073374171537
-0.0620659300316657 0.268806653884381 0.26827066125478 -0.101669671633347
0.112402859432828 0.168509059861197 0.110498912499072 -0.1206251153224
0.148581745472162 0.0572885352411869 0.0706850892223046 -0.0718716760368055
0.156473649363377 -0.0373221527845296 0.0876475749027924 -0.0307627411610928
0.134258407698072 -0.0832401152189532 0.126704357940169 -0.025398396489811
0.133655683223557 -0.0818564259596168 0.166827776578547 -0.00393064970730523
0.151218834267819 -0.018694663959014 0.178051962102241 0.0766759124569856
0.143066568082284 0.0652455966873383 0.134609827545493 0.194512577536463
0.0809266363718305 0.197403457286423 -0.0246142522398568 0.217746112846173
-0.0915791919274385 0.195942257636499 -0.151106521287543 0.109761995576364
-0.225254964270416 0.0313255089238034 -0.0635501530171876 -0.0117075153294727
-0.237204798215584 -0.111226327632185 0.183093940321569 0.1225949823358
-0.056398978114912 -0.10362546771531 0.325070428470735 0.189766430435825
-0.14035519099427 -0.0769091131842734 0.312687339564121 0.246156654652671
-0.142590602402677 0.0556916224664299 0.317756616480182 0.129859589537287
-0.0417064169880798 0.145331385527986 0.258822634397363 -0.0337569211553601
0.0612304395477449 0.0860332956326537 0.152818188225968 -0.0747984106725946
0.0757390735780395 0.0239030643940991 0.128764247207609 -0.0631351662879754
0.0827379395048726 -0.0258098984501751 0.134734299044583 -0.0474553482531412
0.0754828771639174 -0.0553162103789962 0.161867274046575 -0.0422028388265251
0.0787015312234858 -0.0551840744072047 0.203250968690821 -0.0205408255890806
0.0967964892072442 -0.0239134176191178 0.21277594597206 0.0734408267693178
0.0987833958365971 0.0395516952125043 0.163408627438282 0.203657936676934
0.0514372672505749 0.13629100666335 -0.00874597399025026 0.232624800159344
-0.0782355861774408 0.122037822629835 -0.13620670676435 0.128586764461949
-0.156812877402675 -0.014159717484259 -0.0461980973462747 -0.00100356891279614
-0.11749909505115 -0.116656374158087 0.219119646308892 0.154177726443459
-0.0123785961958948 0.0863770125525527 -0.278297414756275 -0.0871233319425172
0.0594403123679925 0.0179811755895555 -0.0053620621673919 0.0511276129231264
0.0405804439749261 -0.052531394485534 0.129660649452285 -0.148647523034238
-0.0359545741044197 -0.0440195976436582 -0.0100276938316259 -0.265986213917762
-0.0403242647727783 0.00631900678771245 -0.207879706819616 -0.203159000323229
-0.0073213482676294 0.0217106622011024 -0.269230234511632 -0.0315857671408839
-0.00594297308192953 0.0161954312402679 -0.224329614604076 0.075141523076912
-0.0057202905416697 0.0105308691714632 -0.162875589755673 0.102897380956803
0.004079900215127 0.000410734622216849 -0.138958890565738 0.111729230899717
0.00962038512735764 -0.00154340501188367 -0.138668835279843 0.116793133389082
0.00682089364283016 -0.00413140790812059 -0.165781878077947 0.100850252513106
0.026697138796321 -0.00377433166837566 -0.243787677511064 0.0487008838627013
0.0367383442010381 0.0260278373064448 -0.301145609432867 -0.0629652380781956
-0.0123341568120641 0.0774079617122682 -0.282370725701852 -0.161421304301836
-0.0737137795603889 0.080796922260847 -0.309602581141993 -0.116042833216137
-0.134565624693142 0.0760560346104563 -0.241419462043934 -0.127994422676808
-0.0402045201483392 0.0671918576454322 0.017028925668017 0.037110827726835
0.00889983843873619 0.0500759027455264 0.15260643255893 -0.171162859861087
0.011331240136589 0.0457428157875436 -0.00135720691391717 -0.296794134907973
0.0276144800651176 0.0374774695180189 -0.208137764260806 -0.217573096401864
0.0598042598935219 0.0169096506978189 -0.267906472880825 -0.0390066668493298
0.0577048937145632 -0.0230732243061947 -0.210039864564026 0.0743166222182435
0.0525134331709758 -0.0369071635918478 -0.143788465754134 0.0982980847934397
0.0729404617421802 -0.0373235483091573 -0.114648523523476 0.114199942762895
0.0939491449386525 0.00587954906793646 -0.112312285957727 0.126718002855949
0.0763498861659768 0.0527193150690853 -0.137935962562391 0.123663603826244
0.0481336691172909 0.11316740536136 -0.225454638134505 0.079229624587833
-0.0324212068728744 0.124507237534726 -0.290819734138767 -0.0301624231511578
-0.136005392801495 0.0975390647514688 -0.257233487383886 -0.113742422413285
-0.212506230944675 0.0520619474741626 -0.25735585105279 -0.0796007699672789
-0.241797756628422 0.0428689650465314 -0.161949010282524 -0.146106960883315
-0.155122786128141 0.0983178614575604 0.0674203845331546 0.035604640874099
-0.0448792511888584 0.153976166636041 0.199311684696209 -0.178890628252013
0.0495888465014962 0.149344094127509 0.0341361994930098 -0.322177868521705
0.0989400218060949 0.0778295217892964 -0.183982297510899 -0.234516943355768
0.126524684260512 0.0181100435337018 -0.242875024437128 -0.0546709723962662
0.119159967664114 -0.0550173246848607 -0.17414668021852 0.0602857847251965
0.103162226230245 -0.0780476678799453 -0.104732108850219 0.0804963863319135
0.12504419858957 -0.0751023489856194 -0.0678367994918636 0.101299624763505
0.158418153526617 -0.00220154637304124 -0.0577844120020075 0.128860910845475
0.140207512904664 0.0796084586484331 -0.0814769067314393 0.15287171618419
0.0927577823319492 0.192984671946942 -0.188247704841691 0.12797333183111
-0.0577054704962802 0.21086221763402 -0.273753280618943 0.0199938633988753
-0.216420846552005 0.13027705991141 -0.222014442506744 -0.0672974690257356
-0.314289388201388 0.033760006442554 -0.171335208544107 -0.0370539675271938
-0.312975133290283 -0.00418329661127786 -0.0481541805612774 -0.13159085176907
-0.263413304872677 0.0993111218379174 0.137807740208439 0.0503089874997575
-0.116306784824462 0.234940976082617 0.256583396447023 -0.162544801068028
0.0653810429415262 0.248949741568694 0.088102622186014 -0.321663584257384
0.156851442088644 0.122206269989465 -0.132650079100242 -0.236639953206092
0.180279011737803 0.0243263382590908 -0.187722390322329 -0.0705570564515598
0.16608518095266 -0.0763062442759558 -0.117564675579036 0.0378921977310209
0.138019224817143 -0.108945241596042 -0.051007649397567 0.0519272432914997
0.153102250848796 -0.106745726872887 -0.00849258377461275 0.0737066853943203
0.193015382929548 -0.0194482047546025 0.0102584121300594 0.116104644280826
0.182441650446443 0.0789286445691585 -0.00771784754765033 0.169810847007333
0.136037167341351 0.227238610832612 -0.130521111934836 0.171310213072455
-0.0528445853829134 0.264070092063266 -0.241332744109442 0.0700613417815668
-0.250779845959282 0.154886041757176 -0.179661101336862 -0.0348266849070039
-0.365565834062944 0.0211086083623494 -0.0675392060849661 -0.000481473552190163
-0.331631748440039 -0.052815742375509 0.0821576265413122 -0.0859592861772672
-0.332417418808205 0.0685307400954126 0.216037186320375 0.0804609734189716
-0.185845630848119 0.264628266972523 0.306154232321835 -0.115612397803535
0.0492632947475321 0.314211157867504 0.148462155324899 -0.282217103127908
0.183550638914604 0.158118586141137 -0.0588088774125518 -0.215316187515408
0.205878222617492 0.0331775483770653 -0.108432809114752 -0.0809537137500452
0.188756683426596 -0.0832528589242275 -0.0471639602683799 0.0105209133342619
0.151773885544724 -0.122700475255066 0.0100732034196999 0.0175639146912853
0.158091014437663 -0.123397139243169 0.0536024736501516 0.0369788113651479
0.197288584718017 -0.0358847386815639 0.0779219926646129 0.0900354887326689
0.193627692409875 0.0677976758472801 0.0643296751924285 0.169522324763939
0.152231314444468 0.22831505382202 -0.0687250717107291 0.194695915509177
-0.0469728100707885 0.273015288879952 -0.198298599075413 0.105659666722824
-0.254207577402316 0.150234866564692 -0.135015303765074 -0.0177778375607255
-0.365389264429308 0.000891561922939109 0.0360044589190922 0.0266518426540927
-0.288592299336766 -0.086938044290979 0.204834086772218 -0.0188498169197978
-0.332938661051436 0.0194891451480064 0.282733724773603 0.118319989334013
-0.220210758611649 0.234519581802926 0.330555945672437 -0.048731717390842
0.0171786115873901 0.316309650457782 0.193541273625319 -0.210871345683607
0.172558795424171 0.165471625659113 0.019789519525051 -0.170790516276493
0.194497899932707 0.0366539496268561 -0.0189633279232423 -0.0817665784856095
0.178620546488769 -0.0786131039482389 0.0260582159314299 -0.0179958670934149
0.142035030723792 -0.119954822670968 0.0694605429378601 -0.0179459878355789
0.142128244416594 -0.120827680998315 0.109845644411458 -0.0008259989239337
0.176718554533276 -0.0442143630060592 0.136635504529003 0.0615181973937455
0.178488671099139 0.0540973599626909 0.123537888070342 0.159504295526237
0.140248189693978 0.208422102739555 -0.0167433860070599 0.202548169260355
-0.0494098107509107 0.246817526239041 -0.155479775708935 0.124536588667622
-0.237466821990187 0.118396447027005 -0.0934599612231649 -0.00872417110243974
-0.319150197498955 -0.0301021783924041 0.126246345613342 0.0513329453345601
-0.192699374158307 -0.0971285356985325 0.2959443388143 0.0523550305030561
-0.261497460417076 -0.023220074210205 0.324018789880335 0.151621676630245
-0.194133068198466 0.161860227075481 0.328200346189153 0.0160980564781749
-0.00564773184680624 0.249723633955734 0.218485668502434 -0.131343984831978
0.130658700186757 0.132261344049661 0.0868400884718649 -0.122051828277289
0.14739715356255 0.0275317910126923 0.0614860102069319 -0.0787446524963284
0.13706811928694 -0.0628988480835473 0.0874197900281068 -0.0451723833730364
0.110246010193963 -0.099592487884317 0.117752131704899 -0.048515104408025
0.109794806297559 -0.101013480503015 0.156286414783276 -0.0340402738460844
0.13894676297478 -0.0440653109708648 0.183001036748734 0.0390276206330983
0.144680625272992 0.0399875405856074 0.1668210352227 0.15364837745796
0.109355470110709 0.172258900422746 0.0182710077143759 0.206582410437026
-0.0544167037371503 0.194360737995113 -0.122120956877045 0.136280864835221
-0.203847565904197 0.067979065882317 -0.059418178311097 -0.00141269333750983
-0.235847691195824 -0.0631564062034202 0.194553232725658 0.0768601410908787
-0.0611332650006274 -0.0864094532378775 0.341324774699668 0.106791360953285
-0.134794469587623 -0.0484255911465799 0.336753628443409 0.165292854039198
-0.11392192387349 0.0707687303475277 0.311067582835964 0.0609860993975424
-0.00897038483260873 0.134304817025739 0.228570845069248 -0.0737310086236916
0.0697761897363099 0.0651739061158201 0.132568401504359 -0.0938516733426187
0.0732678337910685 0.00817008494597038 0.114673929610816 -0.0833583990057775
0.0701932905218412 -0.0391822357451854 0.125591280757747 -0.0708924393653295
0.0599524684767832 -0.0643497460841369 0.147197762751647 -0.070887079850251
0.0631341425746648 -0.0664829200310444 0.187459859286261 -0.0574471711607181
0.0870771807725709 -0.038967654501932 0.21594084215059 0.0284744537433679
0.0996583405067078 0.0231196950170159 0.195027965475465 0.156256981416571
0.0713406149768392 0.120175156718087 0.0372032929010646 0.216924069298353
-0.054035638086436 0.124348269152985 -0.103110123624852 0.150091895503922
-0.148119633690436 0.0140064717959994 -0.0413262469275376 0.00688685087963154
-0.124273980979199 -0.0875156389734478 0.233678867271716 0.100604290481446
-0.00787336142254131 0.0827605834709528 -0.270721972143338 -0.07614261007342
0.0577925725737572 0.0162773661494031 -0.00298800100853725 0.0508008259561999
0.0368310457178218 -0.0512000517662239 0.119985891948702 -0.145706453427208
-0.0345305742992357 -0.0402003778087195 -0.018388646970144 -0.25490373720117
-0.0372515203310985 0.00760011017630848 -0.205327075223984 -0.189524032788561
-0.00537009040420683 0.0199199666753077 -0.258424445982526 -0.0229654572627475
-0.00439013799233636 0.0147849081337417 -0.212116399624587 0.0799294516381961
-0.0046026587413275 0.00987144854180838 -0.153710350103988 0.103440176564893
0.00411532622113625 -6.62111158562431E-05 -0.130666218121815 0.110949162716768
0.00974179904967218 -0.00187130935585278 -0.130351755645441 0.115205565236202
0.00672140943618878 -0.00352139802041407 -0.156520620214289 0.100109944069802
0.0249810766648054 -0.00314462356357409 -0.23099559589681 0.0528282034460394
0.0340020981180221 0.0254047482124022 -0.288442928554103 -0.0533071025305672
-0.0106366229707372 0.074516511308167 -0.276450982978123 -0.150239616498408
-0.0673283771365779 0.0777714689400792 -0.304363397134463 -0.106274260766789
-0.126189301944098 0.0756362233468496 -0.236488070083509 -0.116353827092393
-0.0375643483081001 0.0659292610008073 0.0171689509518202 0.0368591568794514
0.00967014105643051 0.0486173907820834 0.141064819490271 -0.166731140192464
0.0130933278776121 0.0447851948331258 -0.00971456895717792 -0.285355739350632
0.0295986464270032 0.035804054759412 -0.206020313163164 -0.203888377024191
0.0594854283751456 0.0131123690224095 -0.256856143933787 -0.0292686840589069
0.0556555149971118 -0.0248707549091782 -0.199173660088726 0.0769523835299886
0.0495364032269267 -0.037066016114185 -0.135845077948337 0.0981100654592832
0.0689394984135374 -0.0388248376188984 -0.106759602067205 0.112129738898854
0.0914937328750502 0.00233270855755296 -0.104329577469593 0.123549499357704
0.0756775151248861 0.0490841518004066 -0.129025714033171 0.121294897963941
0.0495828688895371 0.108509775041659 -0.21282633369043 0.0816620156577316
-0.028857763556502 0.12184130830833 -0.279397533503098 -0.021559365529102
-0.129401541626251 0.0968148823457366 -0.251543166144413 -0.104477878989826
-0.201345651742781 0.0543304408928388 -0.252851773878607 -0.0726776428726535
-0.230764954025915 0.0466399452329337 -0.160954449724921 -0.136417048109716
-0.147930278550473 0.0982083823142094 0.0639036757227703 0.0341194399307614
-0.0391633280138757 0.149488098363019 0.185165918152424 -0.175991831313755
0.0538778933305447 0.143210182072332 0.023549009913076 -0.30974134765477
0.0987034444684698 0.072634258459969 -0.182908192116077 -0.219889193579653
0.12339314731961 0.0131613611985415 -0.232763951415422 -0.0456351800888829
0.113530100344059 -0.057210881050928 -0.164439549976368 0.0611879813035112
0.096362165897489 -0.0783631477796895 -0.0988181825490387 0.0788208620830881
0.117264829036646 -0.0763630760238919 -0.0617752534361289 0.097862882029413
0.153081252495052 -0.00723460872304847 -0.051515989899986 0.123577973327382
0.138088894531221 0.0723375001957474 -0.0734281662641637 0.148275548023312
0.0955092867321381 0.183412029596874 -0.174686276696078 0.128581459011427
-0.0503286806986019 0.206241690900211 -0.262425530145727 0.0272048290347577
-0.206484953354553 0.129967361945009 -0.216671656219787 -0.0595435108311352
-0.299450912563067 0.0397603627342117 -0.168465695314366 -0.0341241465042251
-0.300822471241228 0.00286487459771047 -0.0507278904735264 -0.124162066556196
-0.252462337195112 0.102989201799071 0.131698247004877 0.0462989708535728
-0.104957402832628 0.228927439844038 0.240283668496325 -0.16085929515286
0.0715705681351536 0.238459919372459 0.0754474494362256 -0.310063979059885
0.15599407904103 0.113810614209901 -0.132940707344359 -0.223342010673074
0.175104779605378 0.0182638010597084 -0.180286607227153 -0.0624822821873131
0.157782747136281 -0.0788900659481496 -0.110506162244338 0.037120494208986
0.128318402575523 -0.108435904656645 -0.0470853991830506 0.0501242331099412
0.142896306132137 -0.107225020926924 -0.00527914550183448 0.069697476711807
0.185695209319254 -0.0251083004008603 0.0138884289776406 0.109298945943442
0.179002031408548 0.0707177091109748 -0.00185728159503303 0.162087635198972
0.13832762131251 0.215005485574201 -0.118809426655027 0.16905539330251
-0.0440278712391637 0.256449178009519 -0.229897920269803 0.0758285023418806
-0.23836452064097 0.154942638728645 -0.175243484236722 -0.0292591812942648
-0.349475139119642 0.0296946222831404 -0.067343454946676 -0.00144133736823025
-0.318806011277001 -0.0426754792247523 0.0754513847872592 -0.0828367876700503
-0.319187311533838 0.0749912031537656 0.207015323645531 0.0740320790563033
-0.169957983037076 0.259556142499428 0.28880504459938 -0.116130921701043
0.058444979651338 0.301242313549682 0.133892597882935 -0.273273976906938
0.182343808758492 0.147452370772451 -0.061230385848504 -0.204385075856471
0.199709325864608 0.0263171353774848 -0.104334488853616 -0.0744796843911761
0.179050277978117 -0.0856167234312384 -0.0432642515181012 0.00893954282436603
0.140873206602849 -0.122469592390182 0.0105493812203187 0.0150956248762919
0.146783633103679 -0.122518776343513 0.0527344460602997 0.0332446825011456
0.189401006153878 -0.0406148207906749 0.077635660711646 0.0828588409352393
0.189334415417417 0.0594217654093104 0.0672311798138689 0.159572995611891
0.153086977439743 0.21430768162592 -0.0585427569426064 0.190355187067632
-0.036972859199894 0.264427905129408 -0.187751495806077 0.108178861480948
-0.240572921722291 0.150614490961335 -0.131000070574727 -0.0130292361058926
-0.349157085928435 0.0105578781355339 0.0337826014796254 0.0229876691025383
-0.279112066610135 -0.0756482409723167 0.196042629818756 -0.0211351542624356
-0.320161933428535 0.0275410243069273 0.271420806168154 0.108280121605053
-0.203607117335376 0.231014150796408 0.314645418968542 -0.0536161359556437
0.0271347441295902 0.303809350251465 0.180168965727091 -0.205389340269658
0.170687380593128 0.154579762469851 0.0156807910794518 -0.163295915008685
0.188820015875342 0.0299181740683481 -0.0185468549107855 -0.077709344637975
0.169499709955209 -0.0808830569489332 0.0258733795737762 -0.0205991378439398
0.131406229603746 -0.119106863396382 0.066999758572429 -0.0207497594683774
0.131929083285506 -0.119615645066185 0.106161209029382 -0.00476360302644711
0.168617293705111 -0.0474820410010524 0.133370391819326 0.0546350285751593
0.173815056217542 0.0472549546612869 0.124031648222011 0.149077088183118
0.140568949195839 0.195378333986148 -0.00867135730673721 0.196103847788937
-0.0394672509286719 0.237961455337657 -0.145980395004855 0.125464289322331
-0.225635545072454 0.11895333291125 -0.0908099717696602 -0.00528919148625964
-0.305149265426869 -0.0193800617061581 0.121570034793935 0.0445406045313221
-0.187804581303194 -0.0875497860790138 0.286822535802185 0.0455938530058068
-0.250543497280991 -0.0144041413475208 0.312770877511092 0.140097914328004
-0.180277989593107 0.16044632981334 0.314693816690687 0.0088821073986182
0.00375250027865706 0.240752023188027 0.205862561721476 -0.130607577399998
0.129259760704271 0.122917360576982 0.0809881146699278 -0.117973217739543
0.142379653980279 0.02307093956276 0.0585935757115536 -0.0777511295154918
0.129487782512526 -0.0641516488032926 0.0842791604134436 -0.04832354087351
0.10099776983117 -0.0983115736793387 0.113272357594961 -0.0514695530902939
0.101411970492757 -0.0995718150442377 0.149418293319055 -0.0371914269624099
0.131488165728576 -0.046488280208947 0.176889417320819 0.0320580127564202
0.140484130353798 0.0344709553518435 0.165078889013443 0.141204057158128
0.109521453208371 0.162293885560304 0.0246923803222539 0.198825319601563
-0.0468722387946329 0.187140351379754 -0.113718628743498 0.135899064235926
-0.19374953417079 0.0706330321294682 -0.0579529023685374 0.00080245336752511
-0.225881570199932 -0.0535035175591888 0.188317636112408 0.0670616719463341
-0.0597844661233639 -0.0801437772322108 0.333071343901198 0.0967573532564949
-0.128834240574893 -0.0423506700449849 0.326194180865963 0.152896043447142
-0.105765797684334 0.0707057918618627 0.3006699741054 0.0515047039335236
-0.0033082528156979 0.129422852863783 0.217550008341614 -0.0755672422415945
0.0683219769480472 0.0601233999371361 0.125594275562754 -0.0928728188997667
0.0703941075876448 0.00681730011063822 0.109200959277626 -0.0839095582983709
0.0657774978670801 -0.0391781312995218 0.1204759042034 -0.0731442187459856
0.05435622791479 -0.0634111655207743 0.14173483256699 -0.0739552476374465
0.0579564636351941 -0.0648487035591616 0.178608401970007 -0.0606172391999053
0.0813704075433191 -0.0395848482780088 0.207203315668087 0.0215167825917638
0.0961419280354158 0.0195726836326929 0.191896064303062 0.14380411969701
0.0709235581045849 0.112207444218485 0.0422661828683668 0.208460584079647
-0.0482601922455288 0.119305480189507 -0.0950185988007204 0.14748630967265
-0.141868938854391 0.0172849033165968 -0.0400356517022475 0.00788176768319123
-0.119873875119434 -0.0790201219769311 0.227014722079907 0.0889863176533719
-0.00550536451172972 0.0813276833057403 -0.271740253617685 -0.0732457308660013
0.0581993953769898 0.0159987233651552 -0.00216730262136731 0.052195325857637
0.0352372171812217 -0.0510401092090264 0.118170399593317 -0.145195607449891
-0.0340335068154268 -0.0390667741882501 -0.0218285435525866 -0.253739052064164
-0.0352528821944773 0.00777148076449466 -0.206703349504668 -0.186408337725635
-0.00470990404725594 0.018524729458062 -0.256266991730313 -0.0203139959160086
-0.003381672190064 0.0140860725283552 -0.208706762929808 0.0821877692899557
-0.00384239107637858 0.009729208004178 -0.152493404653167 0.10449532613068
0.00533790849251918 -0.000273920307468555 -0.129600166387278 0.11222527452191
0.0104347452689571 -0.00217429391241968 -0.128759390644751 0.115516048824608
0.00719848148012572 -0.00278816129854473 -0.154077374380789 0.100232456220427
0.0251805169880847 -0.0018917050976254 -0.227919644110399 0.0528292741526221
0.032455699949213 0.026128825980726 -0.286062937844921 -0.0499415847177154
-0.0110628047034743 0.0743765933931909 -0.277086119498106 -0.149231080538478
-0.0661084285953655 0.0767510615319928 -0.306433340608702 -0.10447728808433
-0.123361968573249 0.0753940498909161 -0.239184395211898 -0.112920189050255
-0.0376121049432934 0.0663622767755894 0.0170401574886516 0.037947628847181
0.00959596749101764 0.0482516524530634 0.137885196181484 -0.166222347635652
0.0153810326992735 0.0454211862088954 -0.0137282299350712 -0.282902435362023
0.0316672763281865 0.0357383528473803 -0.207337290619793 -0.200522220310224
0.0601715834230191 0.0115518734544191 -0.254677516045908 -0.0264389830989634
0.0552988717316453 -0.0264187441057686 -0.195195629392548 0.0783102590666023
0.0485170396109326 -0.0376502009208174 -0.1347837624921 0.0985408470492375
0.0684002003495044 -0.039242134602432 -0.105491599735096 0.112681388028929
0.0921011275771804 0.0011626332018433 -0.10187814282948 0.123111023976052
0.0770998803864194 0.0482876814777261 -0.126867863750549 0.120839665777039
0.0511169768595071 0.108590074826363 -0.209557558731955 0.083896564585984
-0.0286717837798956 0.123094096685028 -0.277741091358333 -0.0183801792137289
-0.129377187221594 0.097577048758144 -0.25292023313023 -0.103168767008695
-0.199177198011176 0.054390430621943 -0.25547418722522 -0.0722592355205923
-0.228535738638527 0.0484110127098387 -0.163842617290013 -0.132555021316815
-0.14790828357101 0.0997401639624831 0.0629521006780382 0.0350077074578028
-0.0372376264706889 0.149678495879591 0.1815105570444 -0.174958501874018
0.0570060403582197 0.143242792325638 0.0194441523225738 -0.307170044872432
0.101090253148324 0.0722506769017696 -0.183900002172629 -0.216587366311307
0.124200020889914 0.0107410063250316 -0.230042418854024 -0.043159304920555
0.112249136395723 -0.0591621594773597 -0.161444300327022 0.0615475950013201
0.0941965292786402 -0.0790143561313793 -0.0978399803716072 0.078441700930921
0.115594175214843 -0.0774862924992555 -0.0603101503545757 0.0969296758865965
0.153456035967523 -0.0096194888193325 -0.0493032334393794 0.122437911627479
0.139837440581351 0.0704602692811231 -0.0707235960249734 0.146411786223212
0.0981279664736923 0.181678183645841 -0.170908788442074 0.129914886945621
-0.0483540057840304 0.207250508827535 -0.260197543812264 0.0306668964785208
-0.205116426592008 0.131422410453994 -0.218020705228648 -0.058476353433971
-0.296904794421907 0.0417795228720248 -0.170676258727616 -0.0342550465624755
-0.298513443050785 0.00569880544266759 -0.0540703071792403 -0.121986986399726
-0.251662725773695 0.105300105252155 0.129977847185411 0.0476538866394127
-0.101304681368303 0.229383172433654 0.235973828575973 -0.160402516605833
0.0761987673009775 0.237437383778317 0.0718845964829558 -0.308093372305841
0.158298646651594 0.112338293600956 -0.133531245924714 -0.220637909686011
0.175960858786864 0.0156569784030954 -0.177991954936425 -0.0600591740955135
0.15622526766882 -0.0807246291628533 -0.107941897909097 0.0362533051468721
0.125107880355104 -0.109731937476357 -0.0461110164035679 0.0487689973168844
0.139578035704932 -0.108190722972868 -0.00422752536827868 0.0680836923966978
0.185493057681169 -0.0279195765078974 0.0158641208493421 0.107198803331426
0.179735632505687 0.0684432261426225 0.000922934107312873 0.160146432688517
0.141147528375022 0.212489991837529 -0.11403132397406 0.170838149090589
-0.0402385119788031 0.256420744125089 -0.227793393579975 0.0787098245586704
-0.237119952707402 0.155862409235166 -0.175899193753319 -0.0269123140919752
-0.346368917850777 0.0320160025891232 -0.0693760766458155 -0.00252463602175781
-0.317941135760197 -0.0391950294049591 0.073409162152506 -0.0808257158372552
-0.31787224191047 0.0775839437321479 0.203599497630169 0.0742817261107956
-0.165634571324981 0.260069859090145 0.284563612476921 -0.116667083097629
0.0634918026727004 0.300588291889072 0.130710391166745 -0.271842202607542
0.184252763619646 0.145305589773538 -0.0615292741564559 -0.202155398920653
0.200946333545723 0.0239023239309424 -0.102497836258861 -0.0727607665472692
0.176617875353321 -0.0878520157638219 -0.0416631352395435 0.00656639329080804
0.137115026729613 -0.123323793936615 0.0117363995495033 0.0127990021489278
0.143171181564146 -0.123486805972685 0.0533813596791221 0.0307874937105415
0.188226189218311 -0.0429675856253254 0.0787411830040821 0.0804558117135477
0.189786171946959 0.056894672422494 0.06991926853777 0.156504576518489
0.156076061986747 0.211919596523255 -0.0538723676884662 0.190417203998754
-0.0333830726317964 0.264407031634299 -0.185215141851515 0.111319538903277
-0.239739649336569 0.152624521505839 -0.13161439545272 -0.0109482391521941
-0.345648658962392 0.0135217909138317 0.0318874115170229 0.0212470260730417
-0.278004182905265 -0.0713807071246087 0.195322175203753 -0.0197695763905496
-0.318877648561394 0.0310392719409077 0.268414234722914 0.108757370732683
-0.197929955764826 0.231717455991834 0.310805782982462 -0.0547896429226325
0.0326618341427784 0.303114704238962 0.176623361485786 -0.204804937824374
0.172572794843099 0.152118036817916 0.0150699568856676 -0.161946994804368
0.18971400183673 0.0280261069125749 -0.0172404673752206 -0.0775654637795531
0.167148176222233 -0.0821623673241699 0.0270161254627411 -0.0232769659789068
0.127825915749626 -0.120217490428049 0.067529494506272 -0.0232405272215786
0.128284826453563 -0.120237735989169 0.106150721787642 -0.00661328179225584
0.167073225153476 -0.0491881026592185 0.133639325590744 0.0516953954827845
0.173273186959826 0.0450742649082687 0.125797857206035 0.145016228823452
0.142573652886161 0.192944117656698 -0.00389768836115996 0.196096251238753
-0.0361638652455036 0.237275681409212 -0.143806945779101 0.128566434371498
-0.223785030280045 0.121271600866173 -0.0907369621874905 -0.00393875597139076
-0.301626954771684 -0.0155131221400526 0.120323988959595 0.0417711760354779
-0.186696700372847 -0.083743849054878 0.287915433271068 0.0461537343809036
-0.249332377317341 -0.0122358429300847 0.310791675989774 0.140015997264655
-0.176172498177868 0.16098184423158 0.312346534075702 0.00677657926218847
0.00879834793044711 0.240132490627157 0.203061524694231 -0.130180326658015
0.130431319503537 0.12153293002656 0.080481572196276 -0.117803927305885
0.142562528284236 0.0216635438300491 0.0589878935519051 -0.0787019627040828
0.126972217214929 -0.0654939885527612 0.0848757970037785 -0.0517265321198308
0.0976187000988077 -0.0986799392590341 0.113800053432846 -0.0549926903733444
0.0981633944490079 -0.0993386051076968 0.148924582087731 -0.0394052531248282
0.130104639451985 -0.0470267302021355 0.176736174022882 0.0299754199436654
0.140126065961449 0.0326034677102273 0.166169140092481 0.137836569470255
0.110786000615418 0.158714271604345 0.028704822065584 0.197935995570088
-0.0441304932535114 0.185704694377329 -0.111438276612268 0.137806571467827
-0.1926126422976 0.0726216145940121 -0.0581119231893609 0.00217516718268547
-0.223789036634327 -0.049614893835031 0.188258589588125 0.063898302558751
-0.0596723519875827 -0.0776733765925114 0.334821070124092 0.0963231282054025
-0.127440789517542 -0.0403673609743192 0.325245200968295 0.15223986653141
-0.103121402159602 0.0705743149592329 0.298979761850762 0.0497776036715
-9.70511167572696E-05 0.128964305722644 0.21504027307047 -0.0760303089029945
0.0684352053723805 0.059259027898704 0.124673195420368 -0.0923375730294947
0.0701871560418785 0.0067666461704851 0.108340970638862 -0.0850427650306637
0.0641639846093175 -0.0396154125019554 0.120323780572344 -0.0762203470484839
0.0520768944006373 -0.0631211960659047 0.141410623296534 -0.0777168681633482
0.0552875228373635 -0.0650412378712752 0.177095889725841 -0.0613888427629686
0.079529051057228 -0.0399613276852265 0.206463416485703 0.0199869681648176
0.0954118484032091 0.018484686406568 0.19233376443015 0.13969490957286
0.0715927573111064 0.110275715518722 0.0448261422515908 0.206908956613688
-0.0462805331347168 0.11795744612534 -0.0928109911551458 0.149098637023502
-0.139967918972748 0.0189660474518439 -0.0401587932324906 0.00894175422308635
-0.117882953270974 -0.0756002160643926 0.226938636737386 0.0844869917171632
-0.00233218957404843 0.0819486464421016 -0.283528508182941 -0.0686918277095677
0.0599068950655759 0.0151337540488954 -0.000253614410962999 0.0558585988505186
0.0343645747992093 -0.0527201639168295 0.119082698103155 -0.151509467419068
-0.0344478323402897 -0.0386587253757269 -0.0287907247755254 -0.260577719445
-0.0346907253522862 0.00883269059342298 -0.217179176943768 -0.186957773331139
-0.0037911237437624 0.0179625517533291 -0.263154358823501 -0.0151646606609644
-0.00277212297280874 0.0140922001115559 -0.211549069076673 0.0898917248866993
-0.00303247929775716 0.0102140916489386 -0.155290164695986 0.111766249541679
0.00586471666852816 -0.000466580090014736 -0.131387776526044 0.118460590252957
0.0115733276430425 -0.00271402739696948 -0.130107921020665 0.121739797780752
0.00789270764091472 -0.0022424556700054 -0.157323133246781 0.105863172908612
0.0257804127100152 -0.00126209395302548 -0.232015778109158 0.0580408615320744
0.0323041816694879 0.0278700567485263 -0.293366671568878 -0.0462288058790404
-0.0111892958780902 0.0773700784335636 -0.290133116377968 -0.15017653680746
-0.0657229752482353 0.0793749620781608 -0.322007503760758 -0.102806368769382
-0.124304519017907 0.0794007313881883 -0.250924537428741 -0.110381137791559
-0.0377347024530187 0.0695760405891037 0.0182331607937201 0.0411966133627124
0.0106129910473552 0.0501166352236884 0.138870870556418 -0.172861267673749
0.0186869863011491 0.0472769471163262 -0.0208411453532212 -0.290807582954397
0.0352995641180182 0.0364125513134952 -0.217767999614947 -0.202062245260625
0.0632486097584235 0.00929442122921449 -0.261105369895708 -0.0216690016281033
0.0567358458716339 -0.0296303359442661 -0.198455294253636 0.0845245063343835
0.0493619043851328 -0.0399668918387807 -0.137063235372519 0.104307428314626
0.0702230219786026 -0.0424999731342548 -0.106023847701358 0.117726250485941
0.0954550975628234 -0.00137131191288047 -0.102493870700225 0.128716378913916
0.0812955737827614 0.0480730797407897 -0.128237762147691 0.126109787982005
0.0558817766982753 0.111637134602617 -0.212195938061743 0.0900549009397076
-0.0279220307449027 0.129527310746627 -0.28499550473803 -0.0129534072019673
-0.133132259261295 0.102836150936842 -0.263799206413579 -0.10247054267727
-0.20334771638543 0.0590906292031625 -0.268823409831115 -0.0707513994212528
-0.233209692685444 0.0537679386560304 -0.173547383606425 -0.13175053749891
-0.151645475293198 0.106618243324469 0.0648173274879881 0.0375148058845102
-0.0348862081545115 0.155570431399724 0.183084356056419 -0.182336400636986
0.0644488467647769 0.147094861576855 0.0124575921814943 -0.317174721105859
0.108228079816021 0.0726441582557656 -0.193018583774085 -0.219191049760897
0.12988834415446 0.00675218986745027 -0.236438295274943 -0.0396184840217864
0.114221384534418 -0.0645091745955264 -0.164054441790278 0.0652901832491935
0.0948464512735737 -0.0840260996711653 -0.0993136494062711 0.0822698372683819
0.117130553782725 -0.0827595604711911 -0.0599488799401058 0.0999747439090367
0.158761258153293 -0.0140468992201159 -0.0476877609203424 0.126247809900477
0.146752217822243 0.0692298208832632 -0.0692183611940619 0.151209271658656
0.106245561785701 0.186186737226149 -0.171053196687754 0.137714441121941
-0.044868577947237 0.216331089038331 -0.267632263075959 0.0379720165122642
-0.211042851261379 0.139951740849323 -0.226964743076364 -0.0564213338707244
-0.304455571730905 0.0480088803873698 -0.180854625260183 -0.0334986173135428
-0.307017756653178 0.0119268815423008 -0.0594775020214646 -0.122263981083118
-0.259080858877157 0.114630073800552 0.133200335412394 0.0490923607071009
-0.0988950267124643 0.238949165842726 0.239088909158919 -0.168406215222149
0.0867327550434951 0.24459093792906 0.0664696225347787 -0.318575293864537
0.167980467301073 0.113111053776417 -0.141489604528818 -0.224730960670386
0.1835247544413 0.0113748289925683 -0.182868892487048 -0.0584041872182414
0.158882183909244 -0.0874780097709043 -0.109875563965675 0.0375189001214173
0.125511591191007 -0.116256589111929 -0.0464929397472285 0.0496750007735286
0.140943436075286 -0.114266607211036 -0.00246321258700022 0.0685954367491119
0.190786082329858 -0.0339504195114758 0.018604233409541 0.108964266863548
0.187990665232211 0.0661021695782434 0.0052523434948941 0.163189652680886
0.151438709457695 0.216241355568341 -0.110874473031528 0.178771102659639
-0.0347303453205082 0.266989263863235 -0.233182490141957 0.0874943464492748
-0.24325196855109 0.166457259597618 -0.182842761386788 -0.0235885626821019
-0.354665730072793 0.0398821939334395 -0.0738262502110481 -0.00325085551994956
-0.327880256384659 -0.0330675619732999 0.0736236065302655 -0.0819373054011203
-0.327933725909781 0.0871168173742349 0.210673417826351 0.0757275475225765
-0.164175071399944 0.272059264556098 0.290480646491174 -0.124950301742691
0.075369387596336 0.308641325888484 0.128237731141546 -0.281896815695777
0.19561108964709 0.146601742014226 -0.0670124822153739 -0.206639377275099
0.208915867660307 0.0197748749907978 -0.105081530224885 -0.0732864696368261
0.179447895936126 -0.0951373059205512 -0.0416907181925558 0.00477781642290932
0.137263151489716 -0.131111025826499 0.0133253696058884 0.0109885124304748
0.143425629455892 -0.130185973148175 0.056463760421956 0.0291194272669117
0.193213290803334 -0.0493771326109806 0.083237841956829 0.0800528177618909
0.197759448259803 0.0538645350923835 0.0762967971982624 0.158203748491823
0.16713258409789 0.214701800034734 -0.0478448633479809 0.197930201480772
-0.0268625292341377 0.27367640364458 -0.188900000353468 0.120685962524849
-0.244939671789862 0.162776842358035 -0.136800028828549 -0.00830830699590288
-0.354696600942309 0.0216972871669931 0.0319683759635801 0.0195973342448337
-0.287929646587133 -0.067468058867644 0.201849638738539 -0.0219453837059869
-0.32884053816891 0.0394096902242326 0.278400275462473 0.110081572378357
-0.198583455814834 0.24290976440963 0.318335162856566 -0.0608793308616735
0.0428545314931841 0.311757112886735 0.177368272703503 -0.213943831127425
0.182969326494294 0.153446746698834 0.0127160574304223 -0.166415503367239
0.196955325779592 0.024405603794937 -0.0174281121884097 -0.0797528460626829
0.169908599390959 -0.0890882272268389 0.0282571712852961 -0.0278832994930941
0.127375811420704 -0.126730687083799 0.0702248526760463 -0.0282484575739272
0.12786113767986 -0.126150387315182 0.110020792786502 -0.0108483800085525
0.171017601554138 -0.0548547644637453 0.139530968623496 0.0496435698316384
0.180850635312146 0.0417517623584904 0.134120616741865 0.144739991100318
0.152892995677322 0.195132105169682 0.00270531936267208 0.202158357876274
-0.0304894063431765 0.245087142653509 -0.14468964378567 0.137360738895403
-0.229017342113058 0.129774593514512 -0.0944089699784906 -0.000791312336636938
-0.310744290290676 -0.00947754413304184 0.124449201545389 0.0394965008337661
-0.192905834105358 -0.0812860199078737 0.29976472574535 0.0441281408475898
-0.256917378128321 -0.00629568061709533 0.323074550735323 0.140792211561894
-0.17639925156671 0.168919542024264 0.3206732907112 0.00244945884278075
0.0166339633686229 0.247136325416775 0.206134009377265 -0.137875007153552
0.137997843993686 0.122705356338975 0.0811585591424811 -0.122773874913663
0.14814770829688 0.0191827628288086 0.06083883353773 -0.0825711098102313
0.128961310941931 -0.0700176661619674 0.0875015361445053 -0.0577202493403569
0.0969465383543188 -0.103812190164606 0.117377132633128 -0.0622963083613089
0.0976540945521533 -0.103888706399593 0.153503882821781 -0.0453324230123083
0.132227883240288 -0.0519588131804201 0.182853314982697 0.0265361313358741
0.145477517504706 0.0304632318649635 0.174399651700165 0.136902991779537
0.118301877782629 0.161146182242771 0.0359120526707621 0.20371445602603
-0.0409942331205056 0.191758902846775 -0.111644552832055 0.146452845391399
-0.196376758920855 0.0789031518456337 -0.0607312803847679 0.00402103709086505
-0.229902217314014 -0.0451480388192546 0.19542516430721 0.0603446159546216
-0.0625073831720959 -0.0774750692092737 0.35041214880275 0.0949468075932826
-0.130980716456378 -0.0380131755114516 0.339858465347059 0.152696490701805
-0.103251958514722 0.0744612537758189 0.308994795131732 0.0455880012736765
0.00505877739768164 0.132350372183467 0.219319882596392 -0.0820647596280625
0.0715376927718623 0.0596584540658861 0.127070060529629 -0.0972480972071915
0.072493719051935 0.00617420312598367 0.110477824167245 -0.090957836380754
0.0645709733052259 -0.0417709656036728 0.123108925511969 -0.0835831063169044
0.0506844187689737 -0.0655464512219605 0.145389293238573 -0.0856777138275972
0.0548538350460004 -0.0675421424521228 0.181380715018273 -0.0685089163228543
0.0799265987497478 -0.0430120530029113 0.213592113135013 0.0159936324945018
0.0992718516907627 0.0165137902253061 0.201435687293808 0.138987636798211
0.0757330124924399 0.111185252841881 0.0519903819654901 0.212865510967776
-0.0454343478980603 0.121007969565817 -0.0919865479730319 0.157402360759556
-0.142771965978263 0.0228355739139397 -0.0420559808411436 0.0102307150286641
-0.121308338776589 -0.0739774690175383 0.23571777730099 0.080323623953986
0.00383791850515054 0.0838981129243978 -0.302853586559605 -0.0525428226908081
0.0635224337676076 0.0121174238023734 0.00500469409266804 0.0598763328271414
0.032013360645925 -0.0562517179276294 0.116083131810869 -0.16533297732712
-0.0376165462671532 -0.0373384529230119 -0.0464305370580729 -0.27032366215814
-0.0344644965218585 0.0107619902937297 -0.239797456734553 -0.183215168934719
-0.00230472553593815 0.018120089196334 -0.276207416284083 -0.000614260240950323
-0.00125513393295273 0.0138472494479092 -0.214597935046145 0.106841937923422
-0.00171061388731653 0.0108779734239356 -0.156771217856626 0.127707798615238
0.0074965832670126 -0.0018082132769026 -0.131356180714632 0.133007494758917
0.0130830072690923 -0.00341567433473849 -0.129453105371993 0.13476651292007
0.0083972622721976 -0.0022398875580661 -0.159509482222947 0.11890820240164
0.0275182285084428 -0.00164875167986941 -0.239994294503106 0.0728279225223056
0.0346221566482187 0.0289820788980928 -0.30878394219441 -0.0323404001210038
-0.00787821937269417 0.0826826279187594 -0.313583753956246 -0.143131624888244
-0.0633307230226964 0.0854181061504101 -0.347324955751479 -0.0915305846650451
-0.124679043606463 0.0886214525351584 -0.272050000730957 -0.0984583192770928
-0.0363624414912741 0.0757312913871375 0.022048009328247 0.0438386226981131
0.0138713208624589 0.0529533679692891 0.135400080597049 -0.188679222935034
0.0250444012077117 0.0490453127714541 -0.0402980230597208 -0.303275413499759
0.0415766701067992 0.0358346159432499 -0.240677966258386 -0.199311467348536
0.0680693574041069 0.00438075080397531 -0.274180706205467 -0.00715506085168996
0.0581899829056132 -0.0351036048764225 -0.201470212297435 0.0992395019074948
0.0491561402667842 -0.0452258090191603 -0.138338796410913 0.118015843581792
0.0715662506388426 -0.0494456988431351 -0.104765685327978 0.129449347272571
0.101332063646332 -0.00752186503801752 -0.0997860364063513 0.140184280595431
0.0890954528926704 0.0463703937325744 -0.126853523931505 0.137966270985601
0.0662908464195723 0.114985453536989 -0.216061115182425 0.106319842417908
-0.0217747880282619 0.139085106669448 -0.298884610942247 0.00322670373077679
-0.135017411503519 0.11688600490245 -0.283248061644654 -0.0930606058636347
-0.20884536929095 0.0724012280048437 -0.289424180370282 -0.0600170655778158
-0.240908620850191 0.0691558316993267 -0.191605350079911 -0.125400401607477
-0.154022974675104 0.12162753874838 0.0697269615012811 0.038357803766102
-0.0269792744752298 0.16553836157814 0.180513045486324 -0.200341904930902
0.0790305228878037 0.150853738024589 -0.0059892209209216 -0.331983121580516
0.120751583579711 0.0694920345506714 -0.215659301239946 -0.218760435355476
0.138283200872713 -0.00181344766613578 -0.248841826264063 -0.0273755175548729
0.116201909180372 -0.0754101320884488 -0.16737064361333 0.0764347732121702
0.0934481807852089 -0.0942156158990647 -0.0997120724561139 0.0915570457341584
0.117675280561138 -0.0944331192607039 -0.0567996750530278 0.107528463032858
0.166543865349712 -0.0252719965973963 -0.0427357587795023 0.13407400679064
0.159122299023609 0.0636603364264341 -0.0632720957179444 0.160440374150425
0.124490748159192 0.189497093402149 -0.168999121003054 0.155272510245917
-0.0332763115627041 0.230861095616548 -0.278276672995723 0.0569902101882801
-0.21473475881436 0.159567159153902 -0.242979072183972 -0.0461491623466236
-0.315447358317412 0.0682339130463308 -0.194417354311646 -0.0263403105497578
-0.320121220429853 0.0304034775560998 -0.0706067773362569 -0.121425230937012
-0.266676335598631 0.13588782840262 0.142534212587545 0.0463598772556
-0.0889368788134221 0.256992653437938 0.2396351173858 -0.188601708940038
0.108696080663576 0.251769118196401 0.0500179458153386 -0.336875931388674
0.186369916657682 0.108798113775736 -0.16108728267472 -0.22762118741931
0.194715647714384 -0.000436594536695153 -0.193231402973603 -0.0507936501153835
0.16136349505043 -0.102095281730629 -0.112303526462381 0.0434699073868223
0.123450693092909 -0.130140283142205 -0.0459311518874041 0.0530073503107204
0.14047140021977 -0.128056652255034 0.00205273107782179 0.0700472500849424
0.199105483625651 -0.047842813319861 0.0261471805051131 0.111728960447024
0.201973244182712 0.0568849347633655 0.0156423215262469 0.168734611840247
0.174205309827317 0.218265213442599 -0.10278811189876 0.193812796139287
-0.0195240946198878 0.283118557795699 -0.23907067419652 0.107769720805189
-0.246856465454665 0.189065907037276 -0.193857445246068 -0.01426222557209
-0.369114300564792 0.0622659184457235 -0.0804481340950503 0.00032883966089228
-0.34516649834331 -0.0159706078164307 0.0725219733398002 -0.0874598418139068
-0.339076159697884 0.111877518583558 0.224625033111793 0.0702730941444722
-0.155310015733569 0.294980584315828 0.295616433104949 -0.145727529307882
0.101046293824875 0.320248368535819 0.116489255465574 -0.301974211513067
0.216608860793977 0.141938694785688 -0.0811269473344066 -0.2122541383206
0.222422878855818 0.00711608548941883 -0.112617572127899 -0.0710210949875784
0.182538717333229 -0.111206627219637 -0.0430787507457879 0.00434112809345005
0.134312373501269 -0.145466582160208 0.014205893094486 0.00835405730580475
0.14183089404912 -0.144500716905417 0.0615074074044736 0.0253051966377481
0.199499851740162 -0.0643540454770542 0.0924479686363466 0.0780187459379011
0.211577462113613 0.0438815068631948 0.0903873648913224 0.159423527841424
0.190492590213955 0.215480502470558 -0.0356497176280817 0.210193603548633
-0.0108068192211954 0.288992201901928 -0.190065870214184 0.140422915144299
-0.248035577426276 0.185088048024766 -0.144304989122847 0.000950731969332542
-0.368913005686057 0.0441066327622802 0.0333413217250918 0.0173403171321275
-0.304706836817835 -0.053280073764197 0.211867671810359 -0.0312766761724778
-0.34263738382417 0.0613009850616451 0.29852422612874 0.1021813896173
-0.192215293752955 0.266071405177418 0.328922040812269 -0.0816053818988284
0.0676733399758995 0.324146887115153 0.171713181063435 -0.23301060065322
0.202774999611672 0.150339050657683 0.0047409639029232 -0.175303724225658
0.20963009742009 0.0133857423237916 -0.0212561693209143 -0.083255468532693
0.171938115822047 -0.104040349079204 0.0282282656699222 -0.033872280638325
0.123761136089536 -0.141061043804953 0.0719935058216147 -0.0367833386370145
0.125402155925295 -0.139655611175158 0.115175800470078 -0.019568801367764
0.175915175931302 -0.0680712713146979 0.149389663559571 0.0428713777579489
0.192646012023958 0.0328648022268623 0.149664532766461 0.142322041464818
0.173500621825417 0.195118648302513 0.0177440874657842 0.211838655680433
-0.0171509334601544 0.257905674515366 -0.143236529686723 0.155463688221188
-0.232021299474534 0.149221266119703 -0.099745511662137 0.00594394589044972
-0.324174499054372 0.00936115559669235 0.132285681476932 0.0323565423773782
-0.206564621287332 -0.0734747282414901 0.319852410808832 0.0313523584722795
-0.269323505353719 0.00931573895546309 0.348210750043626 0.132453059362041
-0.17388978173742 0.187026052803162 0.334849977822095 -0.0156169662366671
0.0351837236167879 0.25761711982903 0.205856668856244 -0.155195334321728
0.152770034221045 0.120437207112716 0.0789049963106831 -0.131984793442421
0.158004428243236 0.0113653668399979 0.0600815752702439 -0.091077450699274
0.130350207283435 -0.0812547927249175 0.0887762099340386 -0.068758794789624
0.0930714513680055 -0.115331415595494 0.118840812257111 -0.0755590293300652
0.0953704925974382 -0.114538087907807 0.158934009834972 -0.0576317175250075
0.134292485180252 -0.0619839858635317 0.193929942021344 0.0171500065964636
0.153997117615823 0.0225507621753629 0.191392211330947 0.132163024791918
0.134591437393696 0.161544706426312 0.0513893169703702 0.211582009497001
-0.0307580949655188 0.20224778523261 -0.107659404936392 0.162577034886172
-0.200590543944355 0.0940154720820925 -0.0635514476055649 0.00904651643951913
-0.241083920715397 -0.0327218518725122 0.208285235874414 0.0496278451431402
-0.0687330239752594 -0.0766121560884568 0.377329571787564 0.0800221327691592
-0.138470859169125 -0.03165407063219 0.366311874354511 0.142736654223768
-0.102717382059268 0.083068927655013 0.325757064903107 0.0303826576586796
0.0153746627721837 0.137260230591629 0.224045076902949 -0.097394695852863
0.0786082070217787 0.058480106779575 0.127649293693 -0.108327376576728
0.0766752253020326 0.00245628862255813 0.111470948342112 -0.102540705610191
0.0648145371647321 -0.0475672247608296 0.124721976247055 -0.0970885465444897
0.047376616732972 -0.0718456218594082 0.146931808677712 -0.102245405519266
0.0524146238594388 -0.0739820929106433 0.186889792058601 -0.0833110929537398
0.0799072343576041 -0.0491629959936146 0.225815654345469 0.00467954997570691
0.104441880156098 0.0109599448942032 0.219313513464022 0.132767530319714
0.0864213038123883 0.110685140740162 0.0676055588108324 0.220589749870651
-0.0402292817432066 0.128118606335555 -0.0865505734186024 0.171487326069926
-0.147350379137249 0.0325966655931616 -0.0437954677604125 0.0136926126160122
-0.129314190611411 -0.0685388774358424 0.252381937712369 0.0680740536505326
-0.0115735156840712 0.0876907927261439 -0.302425675988876 -0.0863563604620414
0.0632908122367691 0.0208218263354108 0.00101786164562189 0.0638630465219216
0.037846957231019 -0.0542312063446197 0.141229658429776 -0.158373186293295
-0.0368398997443459 -0.0415126293127836 -0.0180060300053337 -0.288159038338103
-0.0390503831377084 0.00987766654374582 -0.228272197251237 -0.216012911621363
-0.00632573801123699 0.0194931521190605 -0.285344482308943 -0.0323070608644633
-0.00281337705337763 0.01423793149611 -0.235060029025342 0.0870661543967039
-0.00300544472174682 0.0123633704985941 -0.179443047164209 0.113419992324997
0.00861845586901128 -0.00116436575298579 -0.153225115544596 0.124545525032071
0.0142805324795521 -0.000534101100074693 -0.149675588770216 0.125150370272126
0.0078795942205506 0.000901627268154125 -0.178716606423499 0.103944061986715
0.0247337857293777 0.00179501033500604 -0.256686744085624 0.045857210538467
0.0264473486250839 0.0341271150091872 -0.313071039645654 -0.0705413606943082
-0.0245453555215624 0.0812181035028932 -0.302744752240484 -0.191166452703498
-0.0839440820933728 0.0788257421898715 -0.344133603208549 -0.147289314813825
-0.14323344652047 0.0730291374550496 -0.270436320576386 -0.129389216026065
-0.0468436724620877 0.0715557327614678 0.0170903288304776 0.0522754928958358
0.00441981425904968 0.0531790889513924 0.162084521632779 -0.172475260192952
0.0154084809660786 0.052702423160524 -0.00503841690959268 -0.314099142707935
0.0344875770777117 0.0456120271640107 -0.22261552838694 -0.231892533019462
0.0681355607174541 0.0151136980839743 -0.279694856182858 -0.0394884165388758
0.0634382528824841 -0.028093791179504 -0.218165299678314 0.0794408073487
0.057541604792925 -0.0373528557018506 -0.158289246327987 0.105860978912143
0.0810228815330643 -0.0411914117385266 -0.124907338014888 0.124052605699495
0.106188969513466 0.00724108977207688 -0.120145875372944 0.135190773752506
0.0846999376878888 0.0642675543755661 -0.149873027436889 0.12463188260224
0.0507739769770295 0.128229682834594 -0.240106409930239 0.0774755862568505
-0.0491323822099531 0.139455994619376 -0.306397121433167 -0.0349307684549879
-0.161915494330556 0.0985471248989803 -0.273116646459441 -0.137348885316813
-0.236406275552777 0.042197230690865 -0.282379726707817 -0.103441139545204
-0.257366585902527 0.0353719826897414 -0.189983522115393 -0.147958281311532
-0.171351620068005 0.10199408244324 0.0628048252361417 0.0538518335712458
-0.05156046995698 0.160441591656365 0.20697624374223 -0.172009450401381
0.0580974125783684 0.160657952647248 0.0350442180240244 -0.332524075173158
0.109851172401322 0.0897875652145188 -0.189133252776698 -0.248959822619101
0.14120854635058 0.0176199559388908 -0.249000146295488 -0.0580260433882381
0.127659572395347 -0.0622448165373213 -0.178207579684338 0.0591355068903593
0.110123770513097 -0.0813176541601508 -0.114829705877357 0.0815802228076917
0.134111588948603 -0.0802830109282654 -0.0725124120827466 0.107093696749181
0.176128891649687 -0.00230263579078913 -0.061539324403999 0.136191022475109
0.154732335009755 0.094009500534734 -0.089444969072097 0.154063850043829
0.102024144878344 0.213988937414163 -0.202630965770797 0.1308305843612
-0.0760312180938918 0.233477651292307 -0.290485530209833 0.0214646277841507
-0.251139978139368 0.131378650047961 -0.233650637414187 -0.0847242700442406
-0.347509842850839 0.0211427644402222 -0.182899258651519 -0.0522765523057196
-0.330569472011162 -0.0164916261857593 -0.0694801906508885 -0.130735586110381
-0.286070328265112 0.100939579241772 0.132427595250622 0.0719622799857615
-0.125868970071615 0.242529513235757 0.2623408799676 -0.147161718204713
0.0753748852426295 0.263792625686668 0.094052212609142 -0.322707730968073
0.171188789573781 0.137227544791639 -0.127878995130034 -0.249652780514992
0.200062577736219 0.0264958401363829 -0.187633191098054 -0.0749770983225448
0.176766916539591 -0.0833240349936111 -0.115278415746393 0.0302417850705625
0.146118428582215 -0.113643855120127 -0.0543802707461508 0.0478129022384001
0.16161933098669 -0.112264721408787 -0.00686686920569397 0.0755074234251683
0.212959529955189 -0.0212137545680534 0.0125416196730956 0.122281662510911
0.201143111955085 0.0937484657258753 -0.00977436567900917 0.171215612576343
0.150357602568259 0.250912629394433 -0.141220419336619 0.178376927784133
-0.0690282381190033 0.289214355664895 -0.256365568740214 0.0785923846447858
-0.288264730484292 0.157434579540471 -0.185952168765133 -0.0460800064076212
-0.402264443738591 0.00784330638134827 -0.0651050739842786 -0.00819987057547256
-0.346906647682727 -0.068155741567582 0.0723822705460616 -0.079441837177532
-0.355505549873325 0.0658577996101991 0.212031262225429 0.105046925040344
-0.195991186274246 0.270578300808452 0.310010290407514 -0.0937819306498348
0.0609507847121845 0.329762628041443 0.156509911838831 -0.27433628405037
0.197253833228057 0.174168612123171 -0.0454738811912124 -0.222957152328058
0.227101122091727 0.0370548521723005 -0.100558918491967 -0.0866016560001073
0.200026093345421 -0.0897575304342088 -0.0377823246798092 -0.00181320807037363
0.15938682405287 -0.128715527595898 0.013607531156792 0.00824126487627139
0.165381023907721 -0.128329353269762 0.0606336199897469 0.0351442121515359
0.21613435301848 -0.0384900274800103 0.0851984023331151 0.0946941377576339
0.213187070706762 0.0815010042817302 0.0685806541461776 0.170283372267809
0.168697340047806 0.251110069912876 -0.0748179412149029 0.204218226014258
-0.0606733266607001 0.296362767888101 -0.209771228216165 0.118209449121145
-0.28841505651151 0.153569901162866 -0.136618477916584 -0.0244272977618055
-0.398423854630359 -0.0112598511530213 0.0504289119696813 0.0266862886725243
-0.296792030008601 -0.100790388883599 0.209398482906948 -0.00646919782334981
-0.35112844654305 0.0131243034386069 0.284915215306456 0.144600093597078
-0.228316742097906 0.235631912962151 0.33386228701947 -0.0263714233578175
0.0273571019126883 0.329456109245781 0.202143276507694 -0.196087956739091
0.183035047518544 0.178665774746683 0.0386782931632776 -0.172983865464451
0.214018883684392 0.0412437065407454 -0.00529156966424115 -0.0882127806944989
0.188350614690386 -0.0835993869225784 0.0410481865176236 -0.0337157589982292
0.148098255953896 -0.125976449640456 0.0793134853399166 -0.0321305877493853
0.147421872278516 -0.124967227525811 0.122328954137176 -0.00599226263506588
0.191326278935228 -0.0457969989201707 0.148362886687281 0.0652447528223911
0.195204122601843 0.0664635122535817 0.131798183474955 0.160454217968436
0.153846517667605 0.227900502601308 -0.0191009295477138 0.212157590288214
-0.0619759474669702 0.262936388329539 -0.163260522450643 0.139867401623941
-0.264713197439671 0.119326921682004 -0.0921618541040024 -0.0118481804369956
-0.342867012808188 -0.0402656801353078 0.148465704961559 0.0562940017727546
-0.192161622337294 -0.108478921999583 0.315782416954493 0.0701255371065197
-0.268821590394279 -0.0304996074674404 0.335129470022025 0.179052081949823
-0.198388177274431 0.158679080039943 0.333796157366467 0.0369875362321642
0.00549241728072777 0.25709777961876 0.227817198930976 -0.115770082213795
0.137343753320811 0.139765616924922 0.107759525704494 -0.120839057223081
0.160481179073267 0.0316272907486178 0.0783498087996723 -0.086719941637474
0.142728192802254 -0.0662429119284595 0.106829561056288 -0.0626917107838426
0.112752648073849 -0.104481231231292 0.132896925289187 -0.0666454066718145
0.112321782759923 -0.103537841313653 0.172420277816296 -0.0406099439084278
0.147537686861432 -0.0446125922075747 0.198670952325781 0.0424121182429185
0.15725759020856 0.0498309879626826 0.177252955159314 0.155514197459972
0.118433082295772 0.187118351088901 0.0179006683602207 0.218231379064463
-0.0672194245733173 0.203210281577114 -0.126919777015722 0.152034335894121
-0.222621391203649 0.0668405030341277 -0.0573468033772805 -0.00209404154195601
-0.24713285892749 -0.0714931711520883 0.219959955644082 0.0844089010494119
-0.0510988343589363 -0.0916119000096476 0.37361695806265 0.12715163616215
-0.13058844605876 -0.054613373055014 0.357089078558372 0.190041073395981
-0.111471981445604 0.0645476818382954 0.322771254935556 0.076196897617301
0.000484553550077817 0.134028016954084 0.241130918938508 -0.0623052210138553
0.0697730970490796 0.0665375813223754 0.150098798781138 -0.092892511816706
0.0777308994704623 0.0113685226203413 0.130704472951066 -0.0930749845412873
0.0713332801196509 -0.0404683899993649 0.144768555136528 -0.0881637893266178
0.0588826529097715 -0.0673058508014894 0.164989834928833 -0.0911029970253747
0.0637615872089734 -0.0682474559692842 0.204008835682202 -0.064586045681632
0.0891805023180064 -0.0396387353810944 0.233709101728476 0.0324873908796496
0.107964011365038 0.0292835067953198 0.206283212066875 0.160474740272374
0.0749801439120485 0.128589837724162 0.0361266188970437 0.231140040643975
-0.0652274965373182 0.124668526609905 -0.106318788530556 0.165092338896166
-0.156749024262012 0.0118542241263066 -0.0405205607149563 0.00768132971873858
-0.121524015663367 -0.0917375377230343 0.256201155122661 0.108898293465517
-0.00098263092715559 0.0849070027455336 -0.308433628961869 -0.0475838105909282
0.0640283273353627 0.013083198293936 0.00957913827543157 0.0637356332876733
0.0300646439978361 -0.0561633023850592 0.121785207249577 -0.172004548442807
-0.0400659298122351 -0.0361385577190034 -0.0510305794215003 -0.280564462745823
-0.0364220326645535 0.0140707146391508 -0.250213945029647 -0.185906233954892
-0.00337852321820483 0.0185436435869497 -0.284443894521627 0.00111440558354759
-0.000728843418112769 0.0129256280281651 -0.219638019689399 0.113289625410452
-0.000480680344456863 0.0123359436541864 -0.163402340689889 0.13488408388169
0.0090491576899176 -0.00351102612652235 -0.137127725870747 0.141575773409187
0.0154770803756715 -0.00193036352538934 -0.1334458094427 0.139919507534086
0.0090218230691995 0.000993224750385692 -0.164464638039574 0.122513242644468
0.025301353567035 -0.000217256337121031 -0.247098767592591 0.0742984774756135
0.0291867765984366 0.0321205784807951 -0.314225415700428 -0.0350176793294926
-0.0152205016620438 0.0843024444318586 -0.320461526325954 -0.155959321943631
-0.0723278074765565 0.0851530008617079 -0.360151722276472 -0.106743211297176
-0.131398500537996 0.0866512483000451 -0.282327516120402 -0.0921446926794577
-0.0385167121948296 0.0763033543264187 0.0234042120472364 0.051367420176296
0.0105608907375564 0.0525758878610434 0.139892363291285 -0.187396556513454
0.0232338789625786 0.0503622849020181 -0.0408101572685631 -0.307356269901849
0.0413155609773582 0.0404315168176088 -0.246042238673014 -0.202642124861505
0.0693982640393945 0.00512426548733121 -0.279076488754671 -0.00768204315513373
0.0600454064297782 -0.0363358669586135 -0.204738767631768 0.103568895252851
0.0524141185825255 -0.0435683650020001 -0.144508569130299 0.123207188634033
0.0752287147581522 -0.0512803916140157 -0.109292621102342 0.136943555009862
0.106880139057284 -0.00567214046759744 -0.103650804724654 0.146343504602198
0.0914862125260778 0.0538787364601275 -0.134591934594822 0.139864478604823
0.0662859265778976 0.121094538682288 -0.226776167532176 0.103696079376019
-0.032774531300851 0.144731786162039 -0.303970335041882 0.000991803223228611
-0.149811552977562 0.116593170974591 -0.285575919952803 -0.104855258948442
-0.226661911426331 0.0675225301265373 -0.293618423990298 -0.0702442362236942
-0.248539608753299 0.062860272866562 -0.204934122867715 -0.120391646306176
-0.158261035180038 0.12081028565459 0.06756760950054 0.0480079283428637
-0.0317327684151501 0.16437255382468 0.183940558620713 -0.191557727019982
0.0785924363474795 0.151254364550606 -0.0042718777077583 -0.329711435309685
0.121639682528883 0.0749993455570014 -0.214815701998239 -0.223523113827506
0.142397975348192 -0.00110013602181612 -0.250707807229538 -0.0285066591031794
0.118628810579929 -0.0771336670031607 -0.168415216184122 0.0773109106093055
0.0981203313350249 -0.0934290737908891 -0.104277741216746 0.0939587621052849
0.122957232901542 -0.0962679613878993 -0.0594647375941069 0.113518261553546
0.174426642433159 -0.0239585324050541 -0.0451016486189393 0.140973762291313
0.164849609919916 0.0745135270407384 -0.0713470604451688 0.161522842228246
0.127140467090317 0.199421732016353 -0.182211314693011 0.151943066863774
-0.046759645444774 0.239604163561631 -0.281991215667139 0.056483320106219
-0.233903626410583 0.159486616770268 -0.239941048733212 -0.0571777950822963
-0.338048757725512 0.0599012345746922 -0.189427071319089 -0.0318695285427437
-0.327168105092548 0.0204231177648938 -0.0832962981684441 -0.117160015930867
-0.271415267980953 0.133385857159026 0.138228548098375 0.0578444076589343
-0.0946506897972721 0.254189822613104 0.240494181569818 -0.172746529280202
0.108790901888936 0.251095179451509 0.0538849069459207 -0.326680502375871
0.187916180429879 0.114423485381097 -0.154349699119398 -0.230351636798
0.201233135188438 0.000465239168466643 -0.191774584045675 -0.052858536641188
0.164852253046116 -0.104023137668777 -0.110069779371725 0.041298613816385
0.128910645562214 -0.129257212259708 -0.0489600887836392 0.0524653740944487
0.145753438120928 -0.130261696047919 0.00102869266878373 0.0737465499587414
0.207500249394876 -0.0467722334544951 0.0269362104180421 0.117811810387297
0.210299259914355 0.0688068279819469 0.0100640623163927 0.16859951505679
0.179866735855951 0.229130462821393 -0.116632152464171 0.191797611629309
-0.0330364298436871 0.293361910576875 -0.242223793786173 0.108999220752074
-0.267162739832029 0.189056313145108 -0.189377541658798 -0.0237625385158139
-0.393567413034795 0.0543017486161805 -0.0674884524487592 -0.00200310541383662
-0.348462479567136 -0.0276731572105254 0.062676806569726 -0.0843423411220472
-0.343906748234459 0.107372416833441 0.22059026633036 0.080820178113666
-0.160795723241953 0.288632580129553 0.292212192702687 -0.12497449454886
0.101988793584295 0.317595900665399 0.121183233641295 -0.285177605255938
0.21773572886575 0.147864338507696 -0.0694840630834717 -0.213764428148042
0.229305327386161 0.00788476446237615 -0.107494421474649 -0.0744814534893839
0.186389986124286 -0.113000542027512 -0.0378158114959377 0.00024277356848874
0.139595279264754 -0.146000688440554 0.0133001917619422 0.00447929127225896
0.146832320998134 -0.145876762405498 0.0632854707784649 0.0260059034516301
0.208515950268332 -0.0637322917707268 0.0953063232584174 0.0828133965885805
0.219755437677936 0.0546239923471007 0.0874185097474076 0.157981847312156
0.197908525701436 0.226993627063576 -0.0474686863792979 0.208818068431911
-0.0241370481530641 0.298697706402396 -0.191055918720978 0.142833576620142
-0.26759004420558 0.184816208076919 -0.137167208418312 -0.0074254802168072
-0.39163812700106 0.0357021630249327 0.0509712086369356 0.0190540863255954
-0.303431617331241 -0.0660613983658081 0.207322138483237 -0.0289517532374382
-0.34426297576543 0.054506958212754 0.296999732391506 0.112163661355277
-0.19707333776965 0.258710627539694 0.323680163143924 -0.0615384805295762
0.0697441883772382 0.319622102112678 0.17562021550533 -0.213535490156028
0.203319940564762 0.153836556161455 0.0195882067616569 -0.173484754443083
0.216797096811014 0.0140506809973279 -0.0135965854224669 -0.0869750754156664
0.175757132917686 -0.104841726660336 0.036494364690845 -0.0400574521997794
0.12881275458059 -0.141481197766771 0.073114033640222 -0.0435920502600691
0.130040432643645 -0.140591204139605 0.119253234377908 -0.0221511435531607
0.182511998058383 -0.0682054977000361 0.154872863047032 0.0460568034574875
0.20021491498779 0.0421333767936805 0.148713347671208 0.140629430925724
0.179983399981074 0.205207507399299 0.00790889846328751 0.211321158225649
-0.0294194183891635 0.265183228734578 -0.142359725294039 0.159181261452712
-0.247657996318737 0.148007668144141 -0.09184356184485 -7.68603967242813E-05
-0.340246509850952 0.000206311647463257 0.151857010110205 0.0362253271682009
-0.201038869225636 -0.0843952795496974 0.321800299284556 0.0335782665412044
-0.267480276360244 0.00177724339446608 0.350236336590109 0.139065007049627
-0.17495403739868 0.178324971143389 0.331022941989381 0.000824687434735131
0.0383672032138115 0.250738734701661 0.209957561194775 -0.137354148395817
0.152176619414484 0.121304088410685 0.0932763394552586 -0.129843714811948
0.162798709883216 0.0115637449866355 0.0689447333299188 -0.0953279701138027
0.132946804271901 -0.082049433374672 0.0982219834807818 -0.0764040830297014
0.0965487676894415 -0.116242685188249 0.121944597590485 -0.0838283580557292
0.0976504263157913 -0.115470439338672 0.164376561936561 -0.0624721566634392
0.139539205991796 -0.0614323327506769 0.201893383691053 0.0182999295435946
0.160553214182679 0.0308424050215425 0.192759074783346 0.13105466463578
0.139630659798971 0.169152162982385 0.0446812995481554 0.212988386463434
-0.0433422310904009 0.20629094053736 -0.105880137101733 0.167264323347013
-0.211646886353744 0.091082716590502 -0.0564048566026697 0.00574367386286595
-0.248462245407224 -0.0409652783435796 0.225592943519073 0.0555468020842513
-0.0597975446432112 -0.0836850798494753 0.385844901807712 0.0818133193046685
-0.133811309766222 -0.0378458094514312 0.373808136877795 0.147655254737791
-0.101020240386011 0.075570703075554 0.325988009202735 0.040320346789761
0.0180601194341538 0.129491361441039 0.229251772297191 -0.0869808207994135
0.0766020378865554 0.0572844376884547 0.138426791765748 -0.106770264972326
0.0785234911703946 0.00247554253831249 0.119035607958437 -0.107915549255573
0.0650919684670964 -0.0477767569095136 0.132798988017254 -0.105919082660887
0.048533659857054 -0.0728877028693881 0.15082533819165 -0.111568836637238
0.0533401735685885 -0.0746405421592852 0.193500708775242 -0.0883784023720435
0.0821296969710615 -0.0490810124513794 0.235012685031686 0.00432347516729124
0.109191713140844 0.015826230790991 0.221642961164299 0.133068432729484
0.0890350961162846 0.116281539889475 0.0639542373526917 0.223643725418612
-0.0505907232354214 0.128596939336289 -0.0846874511130152 0.17698239222796
-0.151750465610893 0.0297343278795963 -0.038966027643356 0.0125621768690081
-0.127388970623104 -0.07502412534195 0.264241471675836 0.0742759872976733
0.00617957118312312 0.0779533427661654 -0.296353724064709 -0.0143949225774135
0.0611947496773622 0.00646653810070585 0.0155922924234564 0.0608991379737173
0.0228120169964432 -0.0549610399722634 0.10032981959278 -0.17313408089092
-0.0400193835491992 -0.0301650643338319 -0.0730958074101111 -0.2597502527144
-0.0320858824013402 0.0158278352508288 -0.253565741207256 -0.153334632350341
-0.00142597731258899 0.0169434376618712 -0.269074039350487 0.0263771327969727
0.00139130574856184 0.0114917866364042 -0.196490780618562 0.126821237795923
0.00210194763528736 0.0112530815262305 -0.142633449341115 0.144458440921522
0.00855907118886369 -0.00524087218013978 -0.117322055141351 0.148276460248342
0.0157531864387578 -0.00370588303468611 -0.114625167409146 0.144439460821091
0.00935785331904287 0.000977679094597149 -0.145385925574836 0.130629667278724
0.024107374131483 -0.00181337815495496 -0.227133533954744 0.0919915540913754
0.0305300716184893 0.0294080931295806 -0.299549204746207 -0.00714706098788782
-0.00641388325775956 0.081589574053785 -0.319222863472856 -0.120741246765094
-0.0602762133073974 0.0850307621356528 -0.354081959438059 -0.0687241388326337
-0.117012761409695 0.0919823185810758 -0.275809040808004 -0.0586264951531889
-0.0300565736650922 0.0762041115999651 0.027557238257194 0.0482291532042719
0.0150019243689789 0.0496234465852846 0.116474360894366 -0.188928912643257
0.0287079683332456 0.0452539433691367 -0.066213822611494 -0.285654723291557
0.0443252149852038 0.0334111464334656 -0.251138844443856 -0.170255431841716
0.0664783443131404 -0.00304030201251642 -0.264790273751328 0.0179184498491758
0.0533740440003002 -0.04125522899409 -0.18385689608042 0.116570986153601
0.0461815134148992 -0.0466762128204406 -0.125726979098652 0.130972887934057
0.0665836051462374 -0.0565523095554073 -0.0916068936271557 0.140842849252324
0.102079874769863 -0.0156889346052472 -0.0851199162738361 0.148128058063139
0.0928542704461374 0.0431523815722795 -0.115617136848001 0.14477671458957
0.0747902402948201 0.10866327077705 -0.204530518864172 0.118039684322935
-0.0173608764699247 0.141237971339673 -0.286326579083425 0.0282350171435311
-0.132287474036455 0.124518543356014 -0.280997718548692 -0.0749263056383218
-0.207659291473061 0.0826364322547662 -0.287883646462333 -0.0402529966247761
-0.229841765695581 0.0803688768464164 -0.204291062980096 -0.0924200293339818
-0.139730243944884 0.130218584967133 0.0687118613067507 0.0418092142560861
-0.014205767038576 0.159413147650255 0.157314032207156 -0.195657878389103
0.0915157129736876 0.135406524942536 -0.0339843536913712 -0.309222120153692
0.12419255548209 0.0587345189113916 -0.223465494783136 -0.192490826447967
0.134779494907156 -0.0160582679352302 -0.239169311696468 -0.00532667224753408
0.105312411269023 -0.0854346920836583 -0.152406153554689 0.0879603977886899
0.0839349786113622 -0.0973732322341931 -0.0908182275904338 0.098482198169295
0.107616264093273 -0.103554870046776 -0.0472487382904491 0.113082930587765
0.164145591520708 -0.0393522608805811 -0.0296401396424206 0.136923622047027
0.164070852174936 0.0555381998623823 -0.0535788029147987 0.159331762763238
0.140422882770681 0.17713204441099 -0.15763599247602 0.159791319777357
-0.021973321826612 0.231999259795758 -0.261143532358769 0.0800390691519411
-0.208582709386462 0.173470002018752 -0.23304948336879 -0.0331374784051819
-0.313776876146175 0.0862384808366898 -0.185153655061367 -0.013361528750503
-0.308541870576101 0.0481121999251278 -0.0890548067928679 -0.101359551681596
-0.245395452992169 0.152395536353552 0.135332418624615 0.0449666576299944
-0.0651430144909584 0.249495405144161 0.211564181767123 -0.182117412979546
0.130244954191855 0.226294735089584 0.0218942701641387 -0.311600422997474
0.190459676949686 0.0894874119026918 -0.166050888947822 -0.205069477003805
0.190828988292445 -0.0194894393966419 -0.185364956064157 -0.0339452702373549
0.146504111875515 -0.114952965321917 -0.10107335477033 0.0476011371103358
0.108949418411538 -0.134419784650073 -0.0426864651345135 0.0540667311765613
0.12540942942106 -0.138203540888533 0.00679182112044053 0.0693687786647737
0.193328012549019 -0.0648616852433386 0.0362946937753092 0.108532060598851
0.206292708803006 0.045692713712482 0.0240750464636695 0.158361098190984
0.194165329522399 0.199801735574549 -0.0908614888786415 0.191159014983587
-0.00417691340850712 0.281262688044787 -0.218241095992739 0.126779262627434
-0.238212516085782 0.205020501656592 -0.180698064047995 -0.00503300727824029
-0.366247978021266 0.0863413880618642 -0.0664684129836458 0.0033278685369538
-0.3326447339829 0.00427480557409552 0.0531714054464288 -0.0833617942707869
-0.316634666096639 0.133684166555803 0.216188275902651 0.0596766450552005
-0.124879281383655 0.288017041648242 0.265193512099821 -0.141051976853416
0.129387802055013 0.289259148217791 0.0890287554898125 -0.277778163373773
0.222022655918617 0.118379640917429 -0.0836991471138775 -0.196679804426948
0.219175150824469 -0.0147919791791851 -0.10749691553792 -0.0617225084417933
0.166316548829258 -0.125227971593173 -0.0363643419710671 0.00159908894678543
0.117366446111282 -0.151629720659106 0.0119740066828643 0.00233792545683926
0.12501483176268 -0.152640350430655 0.0608928027764064 0.017757541764874
0.191760637822498 -0.0804809484460752 0.0989669540697437 0.0689721899380001
0.214328571300232 0.0308363272279719 0.0963359024814249 0.140621175200839
0.2106927703977 0.195624309246087 -0.0243312848787436 0.201581361752191
0.00498589005724179 0.283995448486918 -0.166022292057113 0.154758540584526
-0.237552575466855 0.199984236977011 -0.129792392750321 0.00517892086016502
-0.365627293635558 0.0687173052222262 0.048835132572227 0.0117825887108471
-0.293597198435004 -0.0358651654016372 0.195918660073308 -0.0441237182857398
-0.320908736308227 0.0836433744926567 0.291359049863991 0.0810276735702065
-0.161367813267464 0.261950622303857 0.301009130198457 -0.0838536952994056
0.0987635304957682 0.293778424094501 0.147308742297364 -0.214817718782038
0.207983655215793 0.12565956559591 0.00469482028227885 -0.166130675736738
0.206936298987724 -0.00758192652510138 -0.0194507804681596 -0.0826707385827965
0.156654200204721 -0.116425317465775 0.030705415363654 -0.043508065424826
0.106774148633691 -0.145788419882191 0.0643091200704653 -0.0490403497430663
0.109302511683835 -0.145787639140772 0.109772753955375 -0.0331049798233971
0.166591111231062 -0.0814451149807752 0.151749665651562 0.0284209425135315
0.194190088559933 0.0210477630718965 0.153123245155311 0.118760529075422
0.191684553650926 0.176402686839518 0.0281592716059599 0.198195854807506
-0.00388434837536674 0.253034141698419 -0.118827599456556 0.165675277149758
-0.222335338972682 0.162891299064074 -0.086169415832561 0.0086281790257912
-0.319003477279588 0.0319984922509196 0.146349082211968 0.0183297199680243
-0.198105542290616 -0.0618331110954843 0.310423091395537 0.00303877527550004
-0.252714247296196 0.0266222645171958 0.345309600777867 0.102370655011422
-0.148920656992293 0.184066069363885 0.313220084757938 -0.0266252762935358
0.0617372351913147 0.231515722945065 0.187544738779559 -0.146781562151646
0.155773603299526 0.100047710674166 0.0783158639729384 -0.131191788592927
0.155481011512547 -0.00492382305411976 0.0582162794639703 -0.0981968036699511
0.117640384617663 -0.0903556075677894 0.0862838190168507 -0.0835638829275492
0.0787601067836417 -0.118483080016888 0.106900211293686 -0.0925799984825511
0.0807675325411578 -0.11865674486021 0.14912178203419 -0.0749372697275026
0.12583617681531 -0.0708346088191465 0.193676893436015 -0.00207262249133057
0.155569135051075 0.0140404718966425 0.193990689739496 0.105883377834553
0.148914521147761 0.146088852413605 0.0629721465403005 0.196405946166367
-0.022454627375871 0.197419376698546 -0.0829322829964281 0.169563896527241
-0.19180783864575 0.105349875651733 -0.0523226944171711 0.0103514894567437
-0.236555745093364 -0.0160186318889568 0.218451449919125 0.0294721048144642
-0.0638319196410332 -0.0737431572877345 0.375939096354266 0.0421612171948128
-0.128775375922803 -0.0237806043773121 0.367962992250297 0.106767953245987
-0.0882286803826046 0.0800679081925782 0.312262382006583 0.0107517910080202
0.030355970806103 0.11813075780077 0.210082195443018 -0.100928596868331
0.0779585674700697 0.0466901644616511 0.123106896904247 -0.112894139245479
0.0743128987799444 -0.00536359380597751 0.104105514596539 -0.113834791714037
0.0570017747479467 -0.0512017242993819 0.116604745936894 -0.114539884198142
0.0375110137810143 -0.0724338311142621 0.131807229858543 -0.121852630520005
0.0424485060034566 -0.0755509242434946 0.174258178021166 -0.101843294848815
0.0725000373453989 -0.0530083229399937 0.224222972428542 -0.0184127056587905
0.104783380383476 0.00449549307626641 0.22166644223937 0.10563670740425
0.0945296761822605 0.100256417538712 0.082210800950531 0.206745873880449
-0.0371544507013203 0.125285863138031 -0.0628664016567837 0.176145592662898
-0.139411686724214 0.0412858678616753 -0.0360987391835149 0.0153945973581529
-0.124375379819722 -0.0592289589409529 0.255819037486355 0.0438430483103546
0.00910351572575781 0.0709548619520368 -0.278684818854214 0.00525211470384298
0.0574241619693057 0.00326731919539874 0.0196324909788051 0.057479179096336
0.018493209191615 -0.0517419805074067 0.0863899417324248 -0.168782047703351
-0.0383894524973993 -0.0263450035636739 -0.0805445441030862 -0.239904898439399
-0.0284660793051074 0.0162012923834486 -0.246421527254503 -0.131798549616531
-0.000644971450854191 0.0153041463777389 -0.251881543789508 0.03824320895748
0.00181030531590344 0.00923267672223932 -0.176617049028663 0.129491096862606
0.00351446465537331 0.00997753358688957 -0.12586074992996 0.144794114295621
0.00828197104746838 -0.00613030770398081 -0.102458833094279 0.147346793453152
0.0154801161110719 -0.0047035598158491 -0.100946561674701 0.142490086890002
0.00925682638610417 0.000522622942611899 -0.130743997339639 0.130623522217357
0.0227216291882218 -0.00244057951176453 -0.208591420953081 0.0977053110767478
0.0298750577129994 0.0276251363943971 -0.281254414481138 0.00648334019630085
-0.00172725527274655 0.0780895567530704 -0.307824773009498 -0.0993648564425303
-0.0522948794311127 0.0806628642674241 -0.340191061772303 -0.0461270404055297
-0.106247926760154 0.090592572889953 -0.261547744208833 -0.038070498987222
-0.025050430424834 0.0738318072200633 0.0295023778390513 0.0459711894359997
0.0170035853666184 0.0469974391066437 0.100950778293204 -0.182875647046077
0.0313484718551545 0.0402672462230691 -0.0760592029339401 -0.264093877482052
0.0450191202856164 0.0282137287873653 -0.245127276928839 -0.147563511011833
0.062123370851582 -0.00762059884802326 -0.248114495500528 0.0301511412734634
0.0480522181596818 -0.0426635424630276 -0.166537279977181 0.118769385587141
0.0413506376913562 -0.0465411353406132 -0.111435163757805 0.131654814548704
0.0597489334757444 -0.0580974972347184 -0.0791964818325463 0.138712037568243
0.0962509771829594 -0.0210767621391099 -0.0732112341091697 0.143470204819768
0.0906589169272256 0.035703563823405 -0.102162991351567 0.141787243569843
0.0769186061466167 0.0986051056327077 -0.186032143914159 0.121338288575564
-0.00850928309902925 0.135039526228197 -0.26694077652313 0.040670937493189
-0.119012604251285 0.124872802068617 -0.26885672694224 -0.0574957023545335
-0.190742219485051 0.0867179979472225 -0.27562329475553 -0.0226100677275908
-0.2136778317352 0.0862060886701136 -0.19613073106143 -0.0732638384242661
-0.125519639201673 0.130783982869486 0.0677195158686486 0.0382739690990779
-0.00480756304510214 0.151062513762089 0.139387606254886 -0.190012822483559
0.0955219765355138 0.121356122559666 -0.0469315439006558 -0.287921347671409
0.121527546177528 0.0471411757054868 -0.220055522711644 -0.170316261791287
0.126047739971241 -0.0237297758623821 -0.22506103871211 0.00688453812129191
0.0945379695464242 -0.0874335123542042 -0.138918221456278 0.0898985215443515
0.0732503818605203 -0.0969837085235526 -0.0806057962759811 0.09922121151449
0.0951382599598622 -0.104223090237791 -0.0391530887696415 0.109786195594702
0.153478981597039 -0.0468987945945563 -0.0213038339768701 0.129996788535753
0.158700020555661 0.0433178921573462 -0.0430575379674505 0.151989812006181
0.142771805701117 0.158155078562329 -0.138577488381606 0.157692512434016
-0.00870880837691875 0.220409215235187 -0.240422160659134 0.0894752307722582
-0.188956661100774 0.174820651204039 -0.221393536099421 -0.019918888276964
-0.290236794956638 0.0960032826131312 -0.177911819662837 -0.00308542327325488
-0.288731218082618 0.0597839613072315 -0.0875019797338344 -0.087670161352069
-0.224181536427721 0.157485173348873 0.129907611978898 0.0383381978446886
-0.0474067934924165 0.238099619880642 0.191351481198225 -0.179451887842119
0.137146396342411 0.204249327197365 0.00549376140558395 -0.292785444033454
0.186180793279562 0.0730644253456784 -0.167063102394745 -0.185605126969324
0.179082405468447 -0.0304162880249404 -0.175608112200523 -0.0230477868960153
0.13169045967007 -0.117768363773158 -0.0931652139897142 0.0492878466480078
0.0940900696543574 -0.132895114430939 -0.0374758911811157 0.0532948255742809
0.110171198768834 -0.137421920355943 0.00892459676227431 0.0653263038086682
0.179248353659903 -0.0720682752277966 0.0400494257462269 0.0996693112512929
0.197615634412654 0.0307920620348551 0.0298902890335974 0.147236974108006
0.195395221606692 0.17679456507786 -0.074259831430859 0.183873268329642
0.0108099183860624 0.264245613647351 -0.196434064978258 0.132164524432757
-0.214770182585547 0.205629130422574 -0.170522817040568 0.0041268452885792
-0.338929231232636 0.0988978081124315 -0.0642261998706348 0.00600364848666067
-0.31402920895426 0.0199872667105719 0.0473124665611269 -0.0797064422982689
-0.291945274194136 0.142859360129141 0.206845464609132 0.0473500041800216
-0.101126282431615 0.277738153184749 0.242819470429912 -0.143682871477396
0.139943026691829 0.263211737771204 0.0707587957464807 -0.264208979505816
0.216858007916458 0.0985717507109468 -0.0877001640306824 -0.181204148041999
0.205374828229711 -0.027550369824855 -0.103734673340803 -0.053809036839425
0.149444124520204 -0.128310918541044 -0.0346997597058089 0.00231506398274914
0.100516706471471 -0.149237358569928 0.0110480650821351 0.000844948917561712
0.108691621524455 -0.150621091302979 0.0571420984193538 0.0131311950158362
0.176464669655775 -0.0866574587246389 0.0968987510113468 0.0586763640319114
0.204628570609235 0.0176028067483891 0.0975836117757945 0.127041993156719
0.210175639371545 0.171346543083081 -0.0106353039995356 0.189562962339833
0.0189429277353159 0.266903756390644 -0.146740108266179 0.156158587356238
-0.21431932288983 0.201335235456468 -0.121516724824414 0.0116224104743848
-0.338719155015104 0.0829221058157719 0.0450845920200234 0.00719590428473746
-0.279133088471794 -0.0189962502077313 0.183808878584143 -0.0506260197524406
-0.298704609224713 0.0953307697685244 0.278856721896372 0.0633524817446724
-0.13705205736835 0.254445462417636 0.27870937838949 -0.0920188424859628
0.110498339822697 0.268822259591489 0.12892322419582 -0.207982891251249
0.203917939364766 0.106563114147739 -0.0028408328003478 -0.157112168189321
0.194734429398339 -0.0192639535000294 -0.0213632829160566 -0.0780393238364035
0.140837077302119 -0.118890885193753 0.0263832035679539 -0.0443739876611593
0.090862837402029 -0.142917640920201 0.0568753166627132 -0.0505510303239717
0.0935024557473099 -0.143606989849619 0.100314679049955 -0.0371457287324277
0.15241155169664 -0.085729399873721 0.144471201271684 0.0178558085813053
0.184259766953063 0.00914873393876869 0.14987692341812 0.103163578471726
0.191295677041656 0.154367777899437 0.0391959141207624 0.184263504324668
0.00891417017019039 0.237481141906134 -0.101041791771501 0.1637864459243
-0.20077026296046 0.16514150621195 -0.0803762968654388 0.0124639748890204
-0.29654621820769 0.045634332124772 0.137777199046039 0.00830332619455074
-0.190015231515974 -0.0479608914748174 0.293611026592907 -0.0124386149194378
-0.236158529880595 0.0380524417519329 0.330392394485399 0.078984188467993
-0.129600448800243 0.180431324538187 0.293871389616954 -0.039052732030873
0.0716094823430588 0.212316551728134 0.169195793286357 -0.145853057788019
0.152642706412816 0.0854630804081371 0.0685651984872157 -0.127441207407371
0.146370427367041 -0.0132488743640054 0.0504108975499859 -0.0966170630561005
0.106031360401829 -0.0918001717489444 0.0766443577163793 -0.0855186106760854
0.065781658645151 -0.115037896759214 0.0944399083732515 -0.0943839040413085
0.068149228505606 -0.11624365186656 0.135612658842675 -0.0787821525040066
0.113899307443357 -0.0731450848451445 0.182749647829123 -0.0135944817965493
0.147021270067506 0.00424450219641018 0.18741985139118 0.0889766972299111
0.148838328011253 0.12773502792212 0.0700107989844278 0.181320811402569
-0.0117607743731298 0.186664292721263 -0.0673787378534083 0.164962147770859
-0.174704507854329 0.108862338925557 -0.0487000518290051 0.0125039589465567
-0.220755147972352 -0.00350504988105427 0.205784517380458 0.0143698405115978
-0.0638259768555075 -0.0660311757089272 0.358030383580416 0.0202111047871863
-0.121499692530441 -0.0154357412398859 0.352775421105335 0.081609432092592
-0.0779692955661666 0.0788555946769343 0.294392570016431 -0.00540116928729928
0.035398729083625 0.107274545665621 0.192965591429856 -0.104531285810149
0.0755516092715126 0.0395798682509676 0.11171252492771 -0.112179119819552
0.0699692979908749 -0.00858472254508003 0.0929999962511499 -0.113637384124532
0.0501349154947463 -0.0512723311434719 0.104663459816954 -0.116307165377624
0.0296682556202534 -0.0693799563603324 0.116349856131909 -0.123294990637081
0.0346219194374235 -0.0732318530975799 0.158100384315976 -0.106129172034855
0.064602441003609 -0.0528019765518881 0.210659876850639 -0.0304612569880475
0.0984684178465523 -0.00193343475709 0.214111504790662 0.0878661962185115
0.0941649897709901 0.0883853457253082 0.0885854460876641 0.189736443082846
-0.0295683856122954 0.119908310005491 -0.0482074712729883 0.169315101091082
-0.128478826740482 0.0453221840296332 -0.0333073059215957 0.0158727731961726
-0.117735363661544 -0.0499916022749213 0.242092170909903 0.0255917977582782
0.0097829328153039 0.0668070205995952 -0.266647418705191 0.0139775538690224
0.0545936540598813 0.0018281453340403 0.0219537407072855 0.0557282120699217
0.0159299509621954 -0.0491204917615182 0.0795555435761863 -0.163974089046019
-0.0368727002681437 -0.024420399602198 -0.0825910265478887 -0.228628275237319
-0.0258518516124823 0.0157000289287029 -0.240366586415494 -0.120439624436395
-9.33380714290789E-06 0.0136405278627921 -0.241248406186195 0.0431644288967331
0.00188616848730972 0.00839925321968546 -0.16541039583138 0.128989717318933
0.00415944191748916 0.00864708458388041 -0.116557404332852 0.143882686288656
0.00790685395786858 -0.0066550136332035 -0.0943620496837798 0.146163649043259
0.015816900462479 -0.00568575350023776 -0.0950559010528159 0.139978073832496
0.00931364670005586 0.00087111430316936 -0.122373446003805 0.128182202446146
0.0217827015114259 -0.00198899824831149 -0.197628511373856 0.0983324554597104
0.0296029651991195 0.026814616286336 -0.268746700836509 0.0121563705824537
0.000295239260464222 0.0749380469391332 -0.299428359716584 -0.0883679124576576
-0.0485811280552864 0.0769619085074 -0.331006265429837 -0.034553819903893
-0.100832049520295 0.0882334542955677 -0.251852425335224 -0.0276600953092591
-0.0228823420609988 0.0721284294459013 0.0308925348147768 0.0451053240677204
0.0177156281183248 0.0454175405184993 0.0933641947050592 -0.177607790638406
0.0329277722453603 0.0368780423568249 -0.0788764122618131 -0.251451163826844
0.0456339229561447 0.0248236691706921 -0.239362510287763 -0.136243163820904
0.0594819183852364 -0.0100913470104228 -0.237379304436955 0.0352739891574299
0.0444666563885979 -0.0437577373854417 -0.156372584264677 0.118447017864324
0.0382893740284369 -0.0466115235238719 -0.102978818667229 0.130890983178563
0.0554954213782227 -0.0585201809970709 -0.0722331805609913 0.136878633376513
0.0929419500393597 -0.0236660867401281 -0.0676316613327398 0.140399244767655
0.089064634009346 0.0319737068972681 -0.0951374375244508 0.139174804375719
0.07680833030235 0.0931029647764326 -0.174638338103351 0.120736145513021
-0.00498640530586303 0.130468558910636 -0.254343058785156 0.0452375435741075
-0.111637064579657 0.123945853821924 -0.261146463833735 -0.0495903285892665
-0.180606424968607 0.0862097344220884 -0.268991967777835 -0.0143990778305158
-0.203919218697045 0.0868584957074695 -0.189784556917573 -0.0624347546039568
-0.117898151378164 0.129481763297462 0.0666606302216681 0.0374472956199495
0.000639241356696643 0.145074095081908 0.129872595961605 -0.184795066088783
0.0975572846640175 0.11222948489074 -0.0508812767918803 -0.274833592880923
0.119941520866526 0.0407789190041986 -0.215890418896838 -0.15822907080055
0.120719935387433 -0.0272415063069387 -0.215861949061773 0.0120053516281725
0.0872413250402277 -0.0878591522229732 -0.130738824006893 0.0899784063330604
0.0671676085150376 -0.0955185200748442 -0.0746564602642044 0.0982529892961354
0.0880010546644949 -0.104260406565421 -0.03472019881468 0.10780318686471
0.147490012799534 -0.0505175664510472 -0.0175430126552588 0.125592330952586
0.154706204923962 0.0370363607220181 -0.0384078737339338 0.147298589999654
0.143014752725403 0.14768535385918 -0.128321474181674 0.154519175297463
-0.0018715568249989 0.212147644259895 -0.227277237116618 0.0925886182053753
-0.178104549508474 0.17419710386236 -0.213422685072441 -0.0141586115371217
-0.275783963842303 0.0979660216629354 -0.173369438032986 0.00139404034545203
-0.277477158469332 0.0648925341557923 -0.0851647666179401 -0.0801415034246818
-0.212165651849106 0.157998058747622 0.126921672632329 0.0357505573652976
-0.0383642429778551 0.229713320500685 0.179584811478222 -0.175064921991106
0.139502345555029 0.190412255101921 -0.000543247119095923 -0.279353199321553
0.182876642336329 0.063459490649028 -0.164298622291734 -0.174850285673023
0.171212214029223 -0.035014224968425 -0.168852599448824 -0.0188290546762809
0.122015278461255 -0.118225624871457 -0.0884174516033531 0.0492843549952175
0.0855770566929411 -0.131021225175409 -0.0349277711285198 0.0523528482364569
0.101230822380302 -0.136314680430213 0.00995010021590484 0.0633114485747895
0.171343894399282 -0.0755415661931568 0.0409221108337369 0.0942204306485039
0.191607620834244 0.0239216874360883 0.032108450725471 0.140696025646485
0.194145082582509 0.163441990718027 -0.0650692742641559 0.177841223384808
0.0181896365940962 0.253452765933263 -0.184263912543718 0.133290540221449
-0.202333131802821 0.204351747034774 -0.163917453255172 0.00743016760983223
-0.321850412881386 0.102167399905794 -0.0638609960250618 0.00715339029652801
-0.301846132670879 0.0269865887031008 0.0447948995259303 -0.0764450472510248
-0.277265028973277 0.14575685379393 0.200011088314177 0.0425022826504968
-0.0887867857596227 0.268476580856885 0.230225662591225 -0.141916836489801
0.143940955943422 0.247211340609595 0.0623744828680548 -0.253715695688477
0.212860524091601 0.0875174966635796 -0.0886653059702719 -0.17318502403303
0.197196527747124 -0.0328315900991509 -0.100497878596278 -0.0497803428309611
0.139347023156064 -0.128360217850594 -0.0337012352273547 0.00170107295178806
0.0906435482186568 -0.146101264637167 0.00983787897363917 0.000266234335918848
0.0990988885616057 -0.148900108631459 0.0547190049575073 0.0117266821254642
0.168048178064576 -0.0891166894329774 0.0947667583498003 0.052826802846476
0.197621592542395 0.0101493201215411 0.0961167382319442 0.119446765418655
0.208793879425836 0.15695092252966 -0.00342849116931356 0.181121901282458
0.0259041048165552 0.255502540486019 -0.134490026686492 0.155507506140434
-0.201734733178715 0.200203643421768 -0.116543759533081 0.0140830066340286
-0.321726394317245 0.0869872429617051 0.0419316662275517 0.00478343425416308
-0.269298378952531 -0.0109313202282929 0.176831654033909 -0.0532075591701405
-0.285065701221277 0.100553672309138 0.270098188452077 0.0550370044425191
-0.124605431638066 0.247026271562287 0.265445301997656 -0.0933841430003045
0.115544838243409 0.253570585431637 0.119002065231781 -0.201217977439615
0.199926563050582 0.0952679782372503 -0.00576435770953881 -0.151790762216862
0.187144518845928 -0.0253680919776671 -0.0221035784881039 -0.0754725313085055
0.131535923499035 -0.118966169995244 0.0238908013022561 -0.045120244541115
0.0810262195959135 -0.139678183487283 0.0527559666151888 -0.0513236231337421
0.0844103734518968 -0.140744784028653 0.0952494615652478 -0.0385519514692518
0.14445132809961 -0.0871592238188947 0.139800236662929 0.0118351311381871
0.177768181262932 0.00290264814639929 0.145743226001144 0.0952578453382901
0.189516295403101 0.140990912458267 0.0433852617683173 0.174701247506103
0.0147754796125561 0.227721863157082 -0.090373208533357 0.161132518964123
-0.188854996998146 0.16515835315669 -0.0767828294746801 0.0133558285926075
-0.281682923833227 0.0502093548550153 0.131291968127103 0.00270658772604157
-0.184155679199445 -0.0409675430969395 0.283716738024105 -0.02010522820226
-0.226079167246675 0.0426544301066065 0.319704264257738 0.0677411218521625
-0.118750947776672 0.175634876780884 0.28128797981113 -0.0435166348012351
0.0758336065781046 0.199300076236567 0.159195460944105 -0.142750901606472
0.149453041079756 0.0769089247853517 0.0640517250817798 -0.124414407933196
0.140838964212927 -0.0174817832572771 0.0468768602368108 -0.0951401249627686
0.09818546250692 -0.0916191874424253 0.0717142856320352 -0.0862445072570609
0.058268562061279 -0.111518860258504 0.0872983754496287 -0.0948260770020983
0.06073788955793 -0.113660082937996 0.127481103575289 -0.0800418904205478
0.107468700000942 -0.072959185184133 0.17558632658035 -0.0191351194067008
0.140855157950473 -0.000389834146424039 0.181457618899529 0.0808182934944279
0.147031911813084 0.117306913084071 0.0732541634313341 0.171081165702032
-0.00703346026101948 0.179970148777479 -0.0589670258506311 0.160913062225158
-0.164277654760553 0.109867263068905 -0.0466369193474444 0.0127173748353639
-0.210069841609793 0.000817631355992169 0.197020148037541 0.00668815820695338
-0.0626030128881919 -0.0609972150888345 0.345983774900516 0.0090751828419462
-0.115781307849984 -0.0116161921826066 0.340753757935666 0.0683518780446373
-0.0726611667434811 0.0772564157145027 0.282308033081218 -0.0118890062652939
0.0374816326582135 0.0997154078633965 0.182554437019564 -0.104236688042932
0.0737895792961937 0.036245061050927 0.10560230742254 -0.111394792949097
0.0673976937710284 -0.0101040578560691 0.0873355802227148 -0.113069158388516
0.0462042188402779 -0.050304742948525 0.0975331044868245 -0.11716393361826
0.0252611038439604 -0.0662383786717755 0.10770622717639 -0.123404943752654
0.0300334492008967 -0.0708607117794487 0.148882499308343 -0.107070596252471
0.0602691395237927 -0.0520016062783016 0.201708715447891 -0.0361263409551306
0.0940156069726385 -0.00484480346864199 0.207666395603473 0.0787278775603721
0.0929714829503003 0.0808600034678968 0.0908074578627519 0.179282728736913
-0.0257522649481581 0.116102069425942 -0.0408535090478988 0.164020380036564
-0.120828428138594 0.0464182369681913 -0.0321784181613088 0.0160156397209491
-0.11250866882766 -0.0463005007001894 0.232226686090334 0.01631760896905
0.0375554203135972 0.05707699557347 -0.227797552093809 0.128941063256208
0.0483480290459697 -0.0215613672045188 0.045920469696942 0.0382533682188981
-0.00811851195574219 -0.0478158695709596 -0.00320960961302748 -0.181355424735849
-0.0432917197501808 -0.00273463167000834 -0.176110324609015 -0.166212072936927
-0.0142146697720374 0.0276848670860375 -0.266455135203097 0.00253009911962374
0.00661916447967118 0.0129469009984704 -0.192825276339722 0.146172320082844
0.00419258129380827 0.0061039732343872 -0.0878521650536287 0.187688037724742
0.00883537972345833 0.00465151245286596 -0.0369395411761472 0.181012017876013
0.00354890950307532 -0.00955290341596943 -0.016231502732214 0.173012842212718
0.0123576893927732 -0.0121248879301101 -0.0207849459699173 0.167396445632611
0.00931711930493351 -0.00213409876519033 -0.0513988812770009 0.167432817062609
0.0160235227956504 -0.00844708742605255 -0.130376197823339 0.1733478282178
0.0357292542030374 0.0114079962556265 -0.230585553192604 0.127988718937006
0.0304996990385417 0.0651234050008231 -0.308601488918827 0.0501404924806564
-0.0122751038477015 0.0914364563268417 -0.316028959774674 0.109988430723802
-0.0524274150031441 0.122230796010897 -0.233034696552766 0.0900153507250528
0.009043510139647 0.0726282447735051 0.0510914355463627 0.0281904314546378
0.0321713227915501 0.0342527918680208 0.0076848452983944 -0.197919285834961
0.042153636423411 0.0205043059210164 -0.177751177486026 -0.188663378783252
0.0521663916549064 0.00526157243650858 -0.271626048506907 -0.0135381735781017
0.0496438964132751 -0.033809007155589 -0.193012466695923 0.135089539681353
0.0192803677249569 -0.0577683450031076 -0.0840696965096975 0.172031499721643
0.0159445537208415 -0.0597728008104535 -0.0309048750353091 0.162411838353814
0.0239695416523466 -0.0770230658211404 -0.000232943949779888 0.154838549421816
0.0741185069172188 -0.0625635667607882 0.00521003079071168 0.156774391783406
0.0958237490606884 -0.00904792186850678 -0.0231385216005363 0.168427614414151
0.107620885605146 0.0502647264226166 -0.103957346764216 0.190944334315104
0.0500000976437077 0.120398304477562 -0.207703769941011 0.151961940177242
-0.0483274437759338 0.159736276437328 -0.259941379004079 0.06285334328627
-0.127450718850368 0.161906772998644 -0.250576266496495 0.0937194250100565
-0.145450474398318 0.163336628008656 -0.195309688301339 0.0350053132389127
-0.0505339681087936 0.162294874276181 0.0804747909531251 0.0088235742727186
0.057497442674843 0.128848547263526 0.0415921444874068 -0.217431608021514
0.129714617932993 0.057777051742528 -0.158664874395482 -0.221210299323157
0.123596831088887 -0.0123384051778781 -0.259413990235231 -0.0476892263802141
0.0959550591776828 -0.0754830258058335 -0.183297786899336 0.103396431619385
0.0382749095253213 -0.115545925286044 -0.0744005330485919 0.133707612256309
0.0201816067539912 -0.115258653761698 -0.02013848675091 0.120764422845798
0.0329572946125114 -0.1316826532972 0.0205572491643273 0.112364910241719
0.111293889482258 -0.110367124163871 0.0444337910664741 0.121714450631143
0.157075726598593 -0.0341293804964251 0.0310532145706339 0.154031710065383
0.190952416014482 0.069130937161983 -0.0489770577177961 0.205978130184166
0.0880083732800795 0.193375182989409 -0.165340688328525 0.182443710349611
-0.0852796602806715 0.235375520256189 -0.205684225746444 0.0708902884394165
-0.206482602647256 0.217128574005621 -0.157895202997942 0.0612461517406976
-0.221508877946709 0.172045520281556 -0.112167018206745 -0.0230291675752792
-0.122828014836282 0.225637125206158 0.133236780342182 -0.0164300713818377
0.0577837315056147 0.218515221755853 0.0932568756236607 -0.227512723464357
0.198454450545223 0.106562129397182 -0.111992053353616 -0.246595977099386
0.188073835549679 -0.0195822449671412 -0.219283337187801 -0.0870243290261959
0.137187727059372 -0.104863146364453 -0.154814438165571 0.0541769933301705
0.0561619977446338 -0.157259286326668 -0.0547829695782037 0.0766346791177296
0.0210339847968721 -0.154426217630507 -0.00575232705507337 0.0619151168967412
0.0311066303562608 -0.166122054500099 0.0398371097000406 0.0526662167199018
0.121666510501191 -0.143415721002075 0.0830540913655723 0.0675883821247634
0.185686181145635 -0.0632662116831956 0.090559439215405 0.118542315597393
0.243664494743862 0.0594738008532393 0.0174908521301802 0.202211107697269
0.12444472220575 0.223309259661482 -0.110140474906958 0.200384951428233
-0.0925524547847883 0.273601670476105 -0.152936431217575 0.0673207840591568
-0.244585921853117 0.242329775118317 -0.0580848810068762 0.0155077977915282
-0.260272848531529 0.147686852901952 0.0036729313311377 -0.0759633972042248
-0.185914821670049 0.240837354004325 0.199818769735027 -0.041754253799663
0.0283584860807877 0.27172278308498 0.153212487890026 -0.217261076407838
0.225126656473797 0.153262069488501 -0.042405260982626 -0.249705928867101
0.223257386676714 -0.0128649151314763 -0.150029298653765 -0.12059492702333
0.160650432646338 -0.114128473931983 -0.10821314581118 -0.0051474012934712
0.0671105874064783 -0.17388723654127 -0.0275710793387621 0.00898815287337367
0.0192298962925884 -0.170109366549478 0.009604304213634 -0.00551409041276965
0.0236194796057752 -0.176219324035376 0.0560550321742371 -0.0138411407296749
0.112783766469503 -0.154309572693242 0.11130830897336 0.00549477382194436
0.184526674000985 -0.0777200642703106 0.137996356677269 0.0711165175575883
0.254651380922482 0.0468011353592864 0.0738486350547079 0.178359469653083
0.132394526782138 0.22135495348567 -0.0569435097088011 0.199001044720454
-0.0932327526790708 0.269805536151216 -0.108153516776012 0.0530285441852338
-0.250518048640458 0.227516233365901 0.0365222429450158 -0.0327413407891845
-0.246874571093319 0.0978636044777391 0.130358307890654 -0.113883843639348
-0.211668405461015 0.203142177997758 0.265114666447692 -0.0617451167483421
-0.0118263358766408 0.266651400388554 0.203996017290329 -0.188039879739516
0.202766807487047 0.169139841697935 0.030337512826458 -0.226731572865258
0.215383395600873 -0.000667309394759627 -0.0665379138383301 -0.138006630393824
0.154970834857343 -0.103403628646371 -0.050728938389459 -0.0626644190867599
0.0639658113988329 -0.161467550146719 0.00201482515735858 -0.0584432771502243
0.0133143552046318 -0.159333394853273 0.0238828209579066 -0.0706629550590681
0.0144483012966896 -0.162851477477435 0.0685459476826919 -0.0769786058509192
0.0923010839187779 -0.141813839808218 0.13260708113626 -0.0518149432306131
0.163383547531839 -0.0758309067604365 0.171164149728269 0.0271654348325227
0.230653806691057 0.0408423782037149 0.113186368675305 0.150747084478894
0.110839348937812 0.201333871726694 -0.015003181734551 0.183131268538329
-0.0971283991066536 0.231852155062914 -0.0712412618002 0.0353391534518922
-0.230777829057612 0.175530823314773 0.117203540208535 -0.0714111733136252
-0.183449067782345 0.0346559284821533 0.24004796422305 -0.134548655348104
-0.184043229847143 0.127196688121058 0.313560044921208 -0.0747403297701359
-0.035985665828016 0.200448416034521 0.234624588442333 -0.152540600621996
0.145890142971719 0.138223900441969 0.0882719687589495 -0.192985012646396
0.162103607274913 0.00406073710021878 0.00661485927937074 -0.143978590434703
0.116852115121713 -0.0767265229254814 0.000883881092882927 -0.109543527588886
0.047202792248931 -0.122688459850012 0.0249441382379152 -0.115472655221614
0.00364176263668513 -0.124004900237133 0.0340761627070034 -0.124440851189997
0.00507899910167606 -0.127388428619935 0.0783404755419387 -0.128972365030381
0.0648817223376577 -0.112791762664421 0.148862360384167 -0.0963054513285573
0.128375021971505 -0.0630485833596969 0.195894996878157 -0.00377698084731202
0.182944429443542 0.0393180475012334 0.138291838532176 0.131105713418415
0.0706977406851005 0.167590356684497 0.0134375410870761 0.167183503944955
-0.0993638950674073 0.170616625316104 -0.0423799406961147 0.0239212641644311
-0.188463199822016 0.0973379629791434 0.179566531482277 -0.0920008742918524
-0.0839566578112695 -0.0328525527539946 0.309149900923308 -0.140705990890012
-0.110263586302836 0.0332606716229794 0.332087164119343 -0.0871626238939578
-0.0351221386918581 0.0940725213608896 0.245998131091898 -0.128728388513215
0.0704021172731416 0.0683456555645957 0.120720939925815 -0.170678317733154
0.077345901090508 0.000255356003367304 0.0466710436341929 -0.148589769576554
0.0544526228682647 -0.0383264666323975 0.0273850481994228 -0.141359082930889
0.0192316848424026 -0.0635466825400648 0.0329177517150952 -0.152381053670091
-0.00653250993971846 -0.0690194214032955 0.0383289540720701 -0.15878836044184
-0.00417787392390796 -0.0755683506812199 0.0839388146875631 -0.162778788611738
0.0319669420202999 -0.0727248186248814 0.163336127422035 -0.123288472076097
0.0834607767155499 -0.0461394362620062 0.218757986554773 -0.0185800983348004
0.118920268637303 0.0318183255195212 0.157544967906754 0.126808380359729
0.0254757306307114 0.118203190305668 0.0320318399789665 0.161372868645102
-0.0875812473890421 0.0940956121897521 -0.0249446143599796 0.0222085904053461
-0.121388324919103 0.00924814613406164 0.215862096351171 -0.0925909459402154
0.0386569320045482 0.0546223168843092 -0.219197978523871 0.139843360687081
0.0472911383411802 -0.0231922846752499 0.0491865141118693 0.0361503869514739
-0.00982638564045593 -0.046888484796118 -0.0105358956817727 -0.182102998873262
-0.0432957428044527 -0.0010490123594362 -0.183043828810635 -0.160054165698726
-0.0128866826872334 0.0273126353478569 -0.268688433208954 0.0148081805566134
0.00735559496970834 0.0118111480271773 -0.188171466851587 0.155506134524011
0.0041668756393194 0.0054772718437957 -0.0793300884294912 0.191630530396887
0.0091249172087244 0.00318946641637984 -0.027498736650979 0.184089069098696
0.00278793916774392 -0.0102024518938119 -0.00667327425816818 0.175762471845477
0.0119094676075351 -0.0138807203210113 -0.0128914981808021 0.170804095013306
0.0100029812245891 -0.00207417855701393 -0.0446660789042987 0.170108740675857
0.0163614694282412 -0.0087391095258683 -0.123389878694471 0.17965716623128
0.0368513646793077 0.0099577508807065 -0.226352195839824 0.137177942488294
0.0330500302910647 0.0637948218837721 -0.309427056723756 0.0635162788048979
-0.00956661738454762 0.0913531300899908 -0.312950153779633 0.126421007816221
-0.048229863012343 0.124566101476922 -0.22777653827428 0.102266779182164
0.0125493709970902 0.0729572634495396 0.0544315825983934 0.0268390214143011
0.0346906784329429 0.0332031818845815 0.000141540301268721 -0.199286793630857
0.0437197988408159 0.0172497232426494 -0.185662477495912 -0.182389232996863
0.0528756628466321 0.00140081482057141 -0.274344188551441 -0.00234981850747229
0.0479760513075465 -0.0371955328963407 -0.187780973706244 0.143961633304178
0.0162400797461082 -0.0595255785197299 -0.0763892961816063 0.175973258391092
0.0126021146679615 -0.0611610911961955 -0.0224611186131516 0.165231222487008
0.0194889495757014 -0.0790286128553028 0.00812483258256842 0.156824839233719
0.0719515536319362 -0.0682751134988609 0.0121761531353749 0.157860660427998
0.0961865934479725 -0.0136481481492363 -0.0164792180565831 0.170664998386486
0.110926713792163 0.0455540118124919 -0.0952479216590858 0.195044797256513
0.0554296272870233 0.118862080760772 -0.200461647767803 0.159907826051811
-0.041304196813215 0.162929479703742 -0.260314094586366 0.074085799292652
-0.121707857430391 0.166402182061116 -0.24860231813006 0.106981380985366
-0.139289994891998 0.170587875353988 -0.192106005631668 0.04536084672256
-0.0437055708923048 0.166073207577382 0.0831506307576071 0.00662901273825446
0.0645912613806029 0.126325470217275 0.0334577869233541 -0.219367277109826
0.13297648394184 0.0496532760197582 -0.167440037163908 -0.21454718765985
0.124220071652175 -0.0202902008224206 -0.263681405296983 -0.0368964780700912
0.0927521417138737 -0.0816944415971527 -0.179863398461564 0.111479688501271
0.0319038829477476 -0.118123832114297 -0.0687038545782628 0.137158320057778
0.0141873939991504 -0.116723380422976 -0.0138873256539661 0.122298794655936
0.0258871007749992 -0.134410245108203 0.0265050368587397 0.112388431792283
0.106801039789097 -0.118228563493043 0.0500101367275013 0.12022166825521
0.156872808345925 -0.0418942813812554 0.0379868932367765 0.153864542019872
0.19573770788712 0.0598521327965496 -0.0395832678235482 0.207539105880087
0.0972157983292778 0.190916384061633 -0.155997062989774 0.189850658808141
-0.0751360651670607 0.241355129873625 -0.204160987614797 0.0797355664701038
-0.198141847262979 0.224995073211296 -0.157351520431968 0.0698368672303478
-0.214788958734047 0.18367551616809 -0.112463196441316 -0.0170247132299557
-0.11297470408552 0.232459493913472 0.134415634533082 -0.0207894953158156
0.0679354375959542 0.216034156940885 0.0851564585169329 -0.231627050233471
0.204195034615718 0.0951676431535388 -0.122045778312198 -0.242166823303656
0.187971687413674 -0.0308135256975133 -0.225633296891551 -0.077468323766936
0.133214165323053 -0.113135959803732 -0.153421888663511 0.0609783786411444
0.0472645725924161 -0.160988083030157 -0.0519830777572234 0.07896332208855
0.0132048326432754 -0.155211157984041 -0.00299158458748428 0.0618623960317569
0.0218614741066945 -0.168471559380967 0.0432889425146953 0.0514192237013713
0.115528893686445 -0.152227020664849 0.0853568408888416 0.0638340264443049
0.183556827032736 -0.0722545417407272 0.0964418153623927 0.115438108493716
0.248236793782685 0.0463100895256123 0.0267406102308322 0.200451329329921
0.135432647687499 0.218349096876982 -0.0992475644883125 0.206246522290851
-0.0804408615081214 0.280696499076849 -0.151643696565082 0.074066256221736
-0.235495156743097 0.252644383819142 -0.059293202671897 0.0185010057619829
-0.254802227049486 0.160227247088483 0.00135391626426077 -0.0756268150633992
-0.175784859342666 0.250517889742012 0.19931726095322 -0.0493633659737715
0.0408392998555607 0.270907078813682 0.144858041894307 -0.223329460426072
0.232899216243366 0.140392275601193 -0.0525575453739238 -0.248539677975491
0.223936801407079 -0.0247851394749693 -0.157265218710131 -0.115205317183302
0.156382719031957 -0.124057573463163 -0.10920611039232 -0.00123611207714697
0.058014559210872 -0.178041367413778 -0.0277421517828592 0.0093320534734626
0.0102292729485257 -0.170331960161156 0.00893600681073407 -0.00609921779977248
0.0137883084341059 -0.177780347548136 0.0559548717176683 -0.0160811420133471
0.106040541568399 -0.161712124978482 0.111613987404839 -0.000140596701685008
0.18178759433782 -0.0873814877333961 0.141561738470155 0.0662135373922364
0.257741678414637 0.0325995610162035 0.082628626762131 0.1747414031415
0.143139001336922 0.216693419901699 -0.0455734227914517 0.201049351176613
-0.0813954441168727 0.275500837467562 -0.106845638188351 0.0577852524249267
-0.241310818744138 0.237797842610285 0.033261499391937 -0.0348973699800408
-0.243305598494488 0.110122965390162 0.12651547494317 -0.120130595820048
-0.203873555293088 0.213970804193187 0.263207406473462 -0.0729516685352686
0.000569782979214001 0.266817723619159 0.196296548663225 -0.196311077349599
0.21111419397943 0.157589906979374 0.0214921386113515 -0.228240923907636
0.21599435747278 -0.0116513944266603 -0.0735137783761239 -0.136767748672331
0.151034468916925 -0.112119932866055 -0.0535328053589188 -0.0618498108771579
0.0556971925513548 -0.16573593153741 -0.00127519178707292 -0.0606627612222458
0.00460045731756895 -0.159222029616477 0.0193475167976207 -0.0728185819998382
0.00519045061996988 -0.163165536362846 0.0647679338712467 -0.0805011747736603
0.086454226169227 -0.147440510035922 0.129341239518162 -0.0586860561315643
0.16010581940128 -0.0841451008122856 0.17284856849839 0.0200148468880124
0.233822660694327 0.0281900682981665 0.120050431226945 0.144809529321257
0.120535762507986 0.197225240752217 -0.0045366301180144 0.183655581659435
-0.086737866420641 0.237266458801672 -0.0705981831764534 0.0390835650623262
-0.224005916658468 0.184765455297969 0.112255465846798 -0.0780136295693401
-0.181605239200607 0.044248201911711 0.235269849787548 -0.145867867433318
-0.178237630209693 0.13618922905183 0.310251106126717 -0.0885566633365045
-0.0270723573986965 0.201636791228791 0.228545815015037 -0.161290858709968
0.151394587237805 0.129395597641765 0.0807454710995261 -0.196722674860296
0.163256087547541 -0.00401351357543033 -0.000132955445870225 -0.145733916175988
0.113839749510637 -0.0832557999272313 -0.0040945542815725 -0.111277567847509
0.0410841321177233 -0.125438787348178 0.0188279998797164 -0.119179870674858
-0.00295325791011474 -0.122746290887819 0.0267046956312299 -0.127819168792742
-0.00213058174751841 -0.127056998406133 0.0715780786646705 -0.13378833302171
0.0601788657346984 -0.116397467871203 0.143383038533968 -0.103955533306573
0.125734834123436 -0.0695286549022826 0.196902410858229 -0.0121828945469023
0.184124503791715 0.0290902857819788 0.144366511699845 0.124334567091805
0.0783483713865567 0.165417533142711 0.0225192211189479 0.166825857028153
-0.0914452730100729 0.174642809169435 -0.042176384075985 0.0257244602751341
-0.183908766665865 0.104859193418408 0.17375817974421 -0.101748619185133
-0.0849760681898861 -0.0288285483446575 0.304589100794572 -0.155079154588492
-0.107757035588565 0.0381544491418674 0.327590819227605 -0.102026655170529
-0.0311630876867901 0.0952569344978195 0.241009105048273 -0.138049760685834
0.0728533398789284 0.0633598929904324 0.114218082991356 -0.17600013793037
0.0780253982818503 -0.00328450466281152 0.041035697838525 -0.15173821572895
0.0531594313424461 -0.0415672942601029 0.0209437755332848 -0.144843958670799
0.0158511752441695 -0.0638568376056566 0.024885414909535 -0.156624217286138
-0.0101849104932314 -0.0669720292965611 0.0289731891006476 -0.162396573764158
-0.00863029570312924 -0.0740617666253139 0.0761583951302247 -0.167872530100605
0.0286067009065412 -0.0740562880877677 0.157354356707476 -0.132003571652525
0.0806204326651967 -0.0504604730549977 0.218583838701169 -0.0286008392632191
0.119875110131371 0.0252918566571994 0.163637373813346 0.11902376667919
0.0313110171702551 0.117813028827267 0.0398074376601136 0.159289518997841
-0.0831582728709648 0.0969575885734399 -0.0249675065749894 0.0234910930246152
-0.121139900726973 0.0134240767137106 0.210465980063752 -0.104345326706983
0.040339557439808 0.0505580356571001 -0.206285106013686 0.154718002380264
0.0454568493702742 -0.0256202949136443 0.0522190917127245 0.0326663835769673
-0.0121887121404768 -0.0449671790776105 -0.0229618999894624 -0.180322869680288
-0.0429324885607809 0.00186833141604576 -0.1916970635026 -0.147504355159825
-0.010983346012115 0.0269590571938985 -0.266122101551735 0.0338194498490841
0.00734914263293053 0.0104880579460491 -0.176523710607812 0.167744973671085
0.00413784016578425 0.00474020879788359 -0.0652494980959043 0.194458823994018
0.00935116166459941 0.00163315627201466 -0.013373137028538 0.185250714098915
0.00186306253120739 -0.0107542138073991 0.00667952596352958 0.175637389079684
0.0111596357006192 -0.0158205680535319 -0.00114348050362904 0.171101303180453
0.0106722405743745 -0.00221123050711519 -0.0336582886286311 0.171199738581057
0.0163442395051225 -0.009030350620957 -0.110256896356189 0.185023784514509
0.0373021593560875 0.00797450715153032 -0.214710051274342 0.148422328397517
0.0373613516426589 0.0612624584330184 -0.303455617221751 0.0830837828799188
-0.00463234020315783 0.0896380653979635 -0.30269920379132 0.148540738474501
-0.0399416254787353 0.126270703650384 -0.216688820483291 0.116732674493692
0.0170508801894723 0.0723889099833616 0.0571391441486416 0.022755087711596
0.0373244826233157 0.0305408165299967 -0.0126043896194334 -0.197973797163819
0.0445470667796231 0.0131935747143936 -0.195877016595344 -0.16931343797433
0.0525095807130176 -0.0038707185702429 -0.274518671017424 0.0161684814242597
0.0449187525315507 -0.0413202197327271 -0.177021088194547 0.155758402452888
0.0112582838071532 -0.0605081411595495 -0.0633581667696941 0.179067324040835
0.00796541846592949 -0.0620633557738608 -0.00958329421247576 0.165540592970189
0.0130161872119015 -0.0801873944545507 0.0198219430707057 0.155783352545714
0.0665809028891103 -0.0743483217335399 0.0231782655832346 0.156691783632938
0.0955657641565064 -0.0202389219387501 -0.00503365773036273 0.170429933776483
0.114172681767126 0.037447867705137 -0.0812657921179558 0.198318328619506
0.0633264257273412 0.114793471855882 -0.187270917182171 0.17098241309387
-0.0303629606276133 0.165514237835863 -0.253581841071277 0.0908769116891865
-0.110530717442148 0.171878533920311 -0.240558444285085 0.12485998088349
-0.126921023807298 0.178402475811367 -0.185477433076933 0.0587003572393125
-0.0319489895158189 0.168282444017172 0.084200538912169 0.00151532851975243
0.0736146896568669 0.120424567959568 0.019876172771978 -0.219783917378147
0.134850930992251 0.0382239229615578 -0.180183830154646 -0.202551924443528
0.121470241337223 -0.0311352155473593 -0.265756975846359 -0.018183974092679
0.0864095233869864 -0.0887278410952712 -0.17070463345067 0.122295470226144
0.0221595762695024 -0.120146750957412 -0.0581156767331835 0.139864823845239
0.00557588778460605 -0.116627546927179 -0.00490594277050028 0.121924267339869
0.0148581399864945 -0.135737537932773 0.0355172964236593 0.110071949413908
0.0976087113995747 -0.12658858460154 0.0575917044503067 0.116732438319375
0.153299980020177 -0.0529763501317356 0.0479631204513154 0.150653296850656
0.198607123492914 0.0443097217483382 -0.025359100921496 0.207353462088798
0.109515971417732 0.183008246678092 -0.140179604481491 0.197174410185152
-0.0580332849350566 0.24494379836543 -0.19898270766677 0.0927712143740552
-0.181523764828578 0.23542111971415 -0.153085948617795 0.0809323105677883
-0.200236219536341 0.196387245929094 -0.110950809679656 -0.00866499067220083
-0.0958601826057395 0.239218556481692 0.132431660039095 -0.0285474498072016
0.082945133237685 0.207884187849948 0.0701002536607817 -0.234507843138935
0.208429589561526 0.0780873143010656 -0.136722374265298 -0.232775753086652
0.184244799895584 -0.0456754512608904 -0.231156552543091 -0.0618938075138759
0.124300546258509 -0.123029272882251 -0.148134567965119 0.0702961665790018
0.0349677151789498 -0.163455601566297 -0.0463402163264334 0.0810960245800531
0.00166377431742375 -0.154246029498562 0.00144698748181434 0.061424867173572
0.00814982798590489 -0.168506621411983 0.0471099663321099 0.0480913076135603
0.104071801250282 -0.160765313288797 0.08858323143391 0.0573650463082813
0.17760947813766 -0.0854519168723256 0.103345537480681 0.108593446650349
0.249098252118868 0.0266406579019959 0.0403254036767562 0.1960549401357
0.149736266038189 0.20769479410266 -0.0829038211244277 0.209936073536001
-0.0610436913743973 0.283933104620922 -0.146676595037673 0.0842975432091143
-0.216708744017062 0.264177037096253 -0.0591681446700981 0.0227684784141576
-0.240713561864054 0.176706335902335 -0.00267026368754124 -0.074482748535776
-0.156954058514268 0.260628972672152 0.194360549073828 -0.0608676322149691
0.0596189751370705 0.264605129690163 0.129583892913579 -0.230087907319953
0.240318369398864 0.120191138063385 -0.0675463080804638 -0.242497516258026
0.220711457260479 -0.0418322278127348 -0.165639352181783 -0.103073398738113
0.146927184252829 -0.135422549471809 -0.108332628905235 0.00573089651957727
0.0440912526885562 -0.181021336731699 -0.0274688108860715 0.01017164531123
-0.00242417806516544 -0.168203200231046 0.00766776632685859 -0.00746308753328994
-0.000177957375792397 -0.176878207070717 0.054278722978119 -0.0199948754548404
0.0935674631833506 -0.169436201672069 0.110141703684934 -0.00767417340432694
0.17425232818849 -0.10019393961182 0.145151995203752 0.0564097688762617
0.258546067528457 0.0119286166517029 0.0932946315315514 0.166547329571158
0.157635663061581 0.204716930627611 -0.0297551941370435 0.201572111152098
-0.0623876574917894 0.279353914998698 -0.102909908401096 0.0652172409730556
-0.22278431240328 0.250087746015668 0.028479870678907 -0.0375999221563839
-0.232948739616621 0.126107132151472 0.118113583509054 -0.127255406459082
-0.18761957210791 0.22612461208984 0.255536626564469 -0.0886850701564693
0.0184881914541396 0.263547642203147 0.182537235154375 -0.20630889815581
0.21863725508215 0.139197451314588 0.00707519434995796 -0.227338395023714
0.213314063260477 -0.0280621518400557 -0.0836744386827357 -0.130541446968965
0.142393059614335 -0.123172830191786 -0.057386741213214 -0.0583737492340008
0.0432597129772331 -0.168397178385655 -0.00657964710587829 -0.0616605211972756
-0.00700647652758469 -0.156406528370534 0.0128061744633754 -0.0741344937940134
-0.00783309517060812 -0.16095948379554 0.0583799501575025 -0.0850027825355438
0.0747961884154701 -0.153767581178425 0.12317406396041 -0.0675327241987367
0.15281705962805 -0.0950517904777287 0.173337238997739 0.00780261722847764
0.232981028034049 0.00969751783948939 0.128024808467639 0.134908822179993
0.133296792371517 0.18765647358969 0.00969131728409108 0.181594443283863
-0.0697722765472739 0.240812158369876 -0.0682098068419268 0.0438907895166587
-0.208816105664104 0.19695858436511 0.103700253997955 -0.0857120456411455
-0.176612875264441 0.0563290335040137 0.224303995023804 -0.160370835884947
-0.168000671934394 0.147280297141271 0.300837978466826 -0.107910395053845
-0.0133774220134486 0.200745544924593 0.215952916199595 -0.173020436484511
0.157871805001681 0.115869213332011 0.0675158544039116 -0.199565833961234
0.16187954835333 -0.0162765542104376 -0.0105206851268394 -0.144822087195765
0.107190261883549 -0.0913295841888501 -0.0116473091993404 -0.111389465470719
0.0317104498890945 -0.126828749544896 0.00837677946799694 -0.121475612583261
-0.0116224032164779 -0.11982491935258 0.0153931931553844 -0.12919190629414
-0.0121929850459492 -0.124137326824098 0.0607482856237186 -0.13822706701556
0.0514794125228686 -0.120412037791211 0.134373286512155 -0.11351601254564
0.119158924978043 -0.0776991819667828 0.194977118102804 -0.0249225460892881
0.184766744701371 0.014000516955535 0.150982510114821 0.113027567971018
0.0896787465917974 0.158435618195898 0.0348597037366902 0.163426107973367
-0.07904693288901 0.178730398934952 -0.0405083865891012 0.0285369379111045
-0.175143243391854 0.116118649462212 0.163258985191258 -0.114602160036603
-0.0852120475108411 -0.0223973097839786 0.291942713132589 -0.174297349111348
-0.103326012645229 0.0446412717621985 0.316830710565634 -0.122889499380295
-0.0244628050660374 0.0958550577382632 0.22938212106304 -0.151434327241712
0.0749971960330327 0.0563164437513372 0.102051111798559 -0.18097359924088
0.0776728239574919 -0.00919062352556709 0.0306904592010514 -0.153822367477257
0.0499396282306982 -0.0452213595312927 0.0110104741804587 -0.146852272034872
0.0114264254508734 -0.0637133789213458 0.0117196346819266 -0.159597519924568
-0.0145401488211045 -0.0640979282109621 0.0152025869334317 -0.163491955286975
-0.0143104285877512 -0.0712210174183879 0.061692564808579 -0.172487486031753
0.0231615998377005 -0.0753019702083026 0.1456867132643 -0.141710469407467
0.0754822799010273 -0.0555644171325193 0.215287384232901 -0.042822734695221
0.119864821132302 0.0161086695383133 0.169896679942584 0.106431237798744
0.0390314129633772 0.11478639218403 0.0507098379575361 0.155360398567006
-0.0762724946977768 0.100465840261076 -0.0233143202955343 0.0253513924262698
-0.118885933300015 0.0211862714573815 0.198546040831387 -0.118922773241673
0.0404471931271405 0.0452686844281926 -0.186169185823363 0.162903789848477
0.0419943854710125 -0.0277065961561874 0.0535702766986459 0.0281358677845826
-0.0138622435888792 -0.0421049418160459 -0.0339818104915384 -0.173271444795837
-0.041631560747221 0.00511244517634129 -0.194999911098119 -0.130239927487245
-0.00913723722460085 0.0257411349726874 -0.255611521768364 0.0516238328942827
0.00736267142134465 0.00874541470283478 -0.159625282864803 0.175392078751781
0.00402265715423088 0.00383604805184501 -0.0494138872700512 0.191856541277696
0.00879337266767719 -9.90072038889989E-05 0.00197822650339246 0.180127481364514
0.000864111266508558 -0.0112954155247337 0.0202162386173482 0.169429992703261
0.0092851372357151 -0.0170739146453085 0.0111773663770317 0.166202048861488
0.0110126447597254 -0.00271232614460361 -0.0213565959216016 0.167059327896489
0.0155691491238687 -0.00939861816410719 -0.0934223649015649 0.184902711278778
0.0359887118035629 0.00537449769485884 -0.196651212394126 0.155803611355733
0.040399557105394 0.0566787437397112 -0.288248608677073 0.0998959669382843
-0.000218909265537994 0.0855213611609014 -0.281803746036051 0.16555825815475
-0.0309937994963448 0.12391051011919 -0.198685664168426 0.127983999388634
0.0216492502313511 0.0690687354460883 0.0580440986809968 0.0187803304320418
0.0390721440635656 0.0265564873837764 -0.0250056550520322 -0.190459843724549
0.0431194060323252 0.00914029146336394 -0.199908743913775 -0.150472533803326
0.0497672868915787 -0.00915392346782757 -0.264568011096661 0.0365833139045054
0.0398337065689237 -0.0442876382314135 -0.160437728513474 0.163072608818525
0.00537635904956106 -0.0596204986392354 -0.049046284342623 0.176719573850663
0.00290311535060533 -0.0607291731321906 0.00358181570826475 0.160769239217408
0.00587345123898391 -0.0786895436059997 0.0321439933418534 0.148899512012964
0.0582195793479101 -0.0780189368476062 0.033470592507717 0.150602037751106
0.0916065599788249 -0.0262871537571448 0.00710619745224354 0.165560851300807
0.112830099668317 0.0279979128392142 -0.0642317276695463 0.196332394212375
0.0690707310905334 0.106474794799055 -0.167597542534462 0.175514495766452
-0.0183198281380542 0.161504423436533 -0.240203447197301 0.105034991124713
-0.0960709574880466 0.171211051586167 -0.224053855376463 0.139095568171511
-0.10982199409284 0.180968124302141 -0.173639593649517 0.0698801361424057
-0.0191330511572893 0.165064620140519 0.0823082074928488 -0.00330506230101356
0.0800604706361585 0.110278090033611 0.00455568029155283 -0.213463035429295
0.132007881040771 0.0256407706665505 -0.186983059885757 -0.18302464635716
0.114323532072616 -0.0403892163834835 -0.259502372992178 0.00239866257676888
0.0765612236417426 -0.0934263014882312 -0.156985072075178 0.130453155327748
0.011734104460484 -0.117364084563109 -0.0462348884464657 0.138759559715858
-0.00336661604687692 -0.112399844298396 0.00389616238949627 0.118191729841307
0.00305418516881674 -0.131508088633564 0.0427636107054866 0.104065739481309
0.0848909898925364 -0.131178772453946 0.0635106270949326 0.108642367995154
0.145278770180457 -0.0624791884852734 0.0570863611890631 0.14241731093797
0.195345683565583 0.0273172171549184 -0.0105460708468125 0.200251911008767
0.11810337321401 0.169378407589896 -0.12007741845577 0.198144104554232
-0.0392373105535755 0.240938390341171 -0.186703976169914 0.103337078158996
-0.160187334073412 0.237590985464789 -0.143197745591472 0.0896548591734564
-0.178780633867442 0.203455697415697 -0.10653022597494 -0.000496608754504897
-0.0758772299637207 0.238046563169863 0.126697009231221 -0.03542362454714
0.0953979921342448 0.194175689964816 0.0522460730281133 -0.230448579408529
0.205705778308858 0.0581415196679295 -0.146555809010026 -0.214188741717092
0.174569800010429 -0.0590192562927903 -0.229267171801426 -0.0418593748794946
0.111191657077245 -0.129598325606058 -0.138740988475069 0.0778063993497845
0.0206382652425434 -0.159896722750303 -0.0392781499127943 0.0807719474155612
-0.0099588166932932 -0.148585683906483 0.00472063519622446 0.0587776363645661
-0.00546248068056968 -0.162931619633145 0.0494462794915658 0.0432950794627779
0.0878523230085275 -0.164417418341959 0.0893048490560025 0.0495245535927316
0.165870376575401 -0.0954817305778219 0.107712317341286 0.0983986195442409
0.242382843328248 0.00644119075982887 0.0515534707314637 0.185198905692061
0.158986339917155 0.190462223280625 -0.0631504598637229 0.206345507589351
-0.0388105795862976 0.27887218476051 -0.136122191140589 0.0910966548763768
-0.19061600561758 0.268096856213912 -0.0572351272535352 0.0269104651113279
-0.219375865511288 0.187075424063032 -0.00766527760754376 -0.0712284855699096
-0.133812707268676 0.263921711755661 0.182767359370285 -0.0709800865756125
0.0761237714745821 0.250084764339992 0.109566623249531 -0.229452460181136
0.238850516822231 0.0967381893961672 -0.0811787137408768 -0.228687389884431
0.209681714281563 -0.0579958159552553 -0.16851694390508 -0.0866421831117774
0.132173490820028 -0.142842262749447 -0.104440198927659 0.0123757704316903
0.0283028639613083 -0.178096391690669 -0.0268588585861519 0.0104257933344768
-0.0145582756332564 -0.161075754199358 0.00538765671276319 -0.00815509533139331
-0.0143671176654759 -0.169505088956267 0.0511642725014319 -0.0233519130624938
0.077535644992632 -0.171703347782133 0.10463063006011 -0.0147602790570826
0.161389988307971 -0.109783520806873 0.144310401668389 0.0449626788380367
0.249541167122641 -0.00831306964737094 0.100187227826706 0.153623704058573
0.167216340826638 0.186896729218894 -0.0123203262997538 0.194444009123711
-0.0405205758575542 0.274169311755866 -0.0955463179555427 0.0700856183463982
-0.198191214275991 0.255433127450518 0.0225689201616132 -0.0379259411583948
-0.214749588874572 0.137844219677661 0.105216189698281 -0.130615508256738
-0.16492789642643 0.231658262035881 0.239853505593669 -0.1012134354446
0.0362864313308253 0.251687550735865 0.162231969027886 -0.208929914620935
0.219489295308238 0.117197440109041 -0.00854695432429817 -0.218427550638893
0.204534444178294 -0.0438950328104831 -0.0908436924671113 -0.119467642682727
0.128881744706724 -0.130886662445529 -0.0594545110049338 -0.0534736543355564
0.0291338773667268 -0.165726871894619 -0.0124888734069623 -0.0606848797064827
-0.0181647272070528 -0.148851650900335 0.00492032212143529 -0.0731000717521166
-0.020018387973533 -0.153355336585029 0.0495682475609473 -0.0859761256476949
0.0602656114453327 -0.154635905862764 0.113355269478904 -0.0739307436271216
0.140721447499113 -0.103086272145204 0.168419570776622 -0.00346558373110187
0.224471525194988 -0.00980795551899921 0.131918842834333 0.120777458763403
0.14239834789811 0.171484810682777 0.0233573595544239 0.173375663996762
-0.0507561208950691 0.237020618068976 -0.0627134121188754 0.0475321544766297
-0.187799714483796 0.202805102922609 0.0916689309029465 -0.0903108022917901
-0.165088153152393 0.0668763451405338 0.20518618254265 -0.169757844005858
-0.151423332282509 0.153243562724632 0.281229341981893 -0.12335270976644
0.00083960348563424 0.193728654991449 0.196862556920072 -0.17971316261123
0.158968755301211 0.0991841319885793 0.0517733816682138 -0.195563148321907
0.154943222495257 -0.0283158569199329 -0.02086507223238 -0.138325085525139
0.0968520822462787 -0.0966826564442133 -0.0190938020491132 -0.108258051218555
0.0211384972796919 -0.124659244670519 -0.00221884055791332 -0.119828505208354
-0.019574071138183 -0.112916415748656 0.00406851415172648 -0.126565213902874
-0.0214617814246591 -0.117430127567671 0.0475677185517441 -0.137935694769253
0.040514161873241 -0.119933287228384 0.121072047971694 -0.119114566360764
0.109368217997366 -0.0837221592431794 0.186869182936018 -0.0378566029036083
0.177998764305621 -0.000496432932844867 0.152648832596228 0.0984205870709369
0.098225979760784 0.146497226568885 0.0454789183270749 0.154400156824478
-0.0635976655459137 0.177748827533323 -0.0372899558120132 0.0308730965521443
-0.160436568708419 0.122486428333757 0.146244460512351 -0.122485707633511
-0.082692729115959 -0.0156722908889771 0.26906291422335 -0.187912849545256
-0.0962179422461839 0.0499791250649859 0.295194212131532 -0.138941870957567
-0.0172927911152021 0.0933061158501739 0.211914079733223 -0.159221508903337
0.074677094377664 0.047518288857379 0.0862218287419839 -0.180109920932713
0.0743848827814939 -0.0150744900358703 0.0196517807987016 -0.150404350697104
0.0448388912978285 -0.0476789660318245 0.000781788644214131 -0.144097446331028
0.00698546523371052 -0.062059367628634 -0.00191343792464242 -0.156503116351143
-0.0180214856779012 -0.0590343009669116 0.000895764699289255 -0.159198115672717
-0.0192128002952641 -0.0657102386381085 0.0457442977943636 -0.171887254938431
0.0167920157361604 -0.0736173329519245 0.129465329012267 -0.147834351399747
0.0684344878379658 -0.058554215506739 0.204841222962537 -0.056391508684663
0.115754570054195 0.00634015443835757 0.170271332945344 0.0913415551089551
0.0463416843827003 0.107898344673849 0.0594161515837574 0.14567400653037
-0.066428674794485 0.10117159500394 -0.021443634913508 0.0262705082519504
-0.112688001303037 0.0286355618393485 0.181119962327978 -0.129428303041746
0.0384926592604171 0.041295438072207 -0.167445054457217 0.162143012288768
0.0380725002701149 -0.0280316899569684 0.0536817450330391 0.0245198032677114
-0.0145215738516399 -0.0387514053976469 -0.0394351369281264 -0.162936436159835
-0.0385441081155885 0.00711895349009012 -0.190668394308922 -0.115025135428541
-0.00824625339008479 0.0244178541136972 -0.240165475910264 0.0621238551615691
0.00596536890183195 0.00768530313585008 -0.142854708348642 0.174536925051752
0.00334228641215437 0.00324518852102385 -0.03749095364734 0.18398961304955
0.00800979596979389 -0.00161976121195782 0.0120498791490968 0.170616663278463
-0.000235204298175147 -0.0113279518560714 0.0284364542639378 0.160333958179525
0.00753497892792129 -0.0171309684744478 0.0192375383439514 0.157865640557902
0.0113888668843635 -0.00277665077250423 -0.0134634793829573 0.158952236011908
0.0148184125542361 -0.00935029292022168 -0.0794882883264002 0.17859621582894
0.0334775506363289 0.00409154366791217 -0.179801798773892 0.153835767009242
0.0409126071629603 0.0513458438218814 -0.269455166177206 0.107475417664784
0.00208215284153254 0.0798995004023877 -0.259066630343701 0.171123838121734
-0.0245739524472629 0.118881492511938 -0.180508033157724 0.13039558934445
0.0237097744290812 0.0648855932855024 0.0568634918605452 0.0158822880344428
0.039283791074134 0.0227068163524017 -0.0320760666299896 -0.17856458588101
0.0413870349061393 0.00591626105399641 -0.196252760372511 -0.133694192285217
0.0461800518686692 -0.0123238878528965 -0.248986493705158 0.0485914327019441
0.0345670085741551 -0.0450722831693765 -0.144746744366652 0.162608679694749
0.00163939049392316 -0.0567406224840745 -0.0379203271125898 0.169622042719767
-0.00033280275488145 -0.0583016426962194 0.0120383555038532 0.152646810428773
0.000855149455927461 -0.0754205104864252 0.0388802341603343 0.140453410783533
0.0510902613766334 -0.0784336389878104 0.0392073598365019 0.141869073136166
0.0864736717417078 -0.029513786379398 0.0139138788481309 0.15651848998557
0.108680554999007 0.0208119375452778 -0.0523739899109955 0.187644437013193
0.070184857664737 0.098667619332296 -0.150225871789085 0.17161851753592
-0.00967468829094073 0.154045271730804 -0.223216633742842 0.110242327358771
-0.084340136695577 0.16540291487372 -0.205881486176831 0.143142918770015
-0.0952602734669035 0.175799922457463 -0.159471955644709 0.0746104887472318
-0.00999014169035062 0.15765644352775 0.0786047691840566 -0.005947560548953
0.0812703949736431 0.099317726392252 -0.00489436009385473 -0.201678339006834
0.125701146969811 0.0167310941971799 -0.184415299720991 -0.164810760899725
0.105766669704246 -0.0456531597412476 -0.246849939468793 0.0167931104995099
0.0673927472305141 -0.094043230842264 -0.142692957058824 0.13073908765515
0.00461515871340605 -0.111841683785227 -0.0376312976494855 0.132724023743024
-0.00907140716339825 -0.106779432417799 0.00967447353634699 0.111388885290081
-0.00443868045059195 -0.12466446995379 0.0463428058417005 0.0965036455118873
0.0732459295346043 -0.130248594108129 0.0654375401421907 0.101066905835726
0.135333406675716 -0.0669285592457898 0.0608799470151654 0.132949733946893
0.186113926498925 0.0155448798695593 -0.000726400067418166 0.189831218196751
0.120364304028595 0.1548847230058 -0.103517558684885 0.19116839559074
-0.0259985174059305 0.230182684693218 -0.171822580733444 0.10685776017312
-0.141697981373384 0.230326450285322 -0.132347279378649 0.092936579889321
-0.158696967285009 0.200335302971385 -0.0999783402939406 0.00524095570641168
-0.0607416721127733 0.228961273915809 0.118851957795037 -0.0377506534287973
0.0995157836459445 0.177657858050803 0.0394344978751351 -0.21892486206435
0.19645041958548 0.0438898957759397 -0.147989253848727 -0.195719241840191
0.161312208768708 -0.0666702506551412 -0.220400440549343 -0.0265445934774272
0.0989097427140994 -0.130116485911143 -0.127999824035236 0.0806444122526
0.0108846476429224 -0.152647996801382 -0.0338663320238046 0.0774149746897576
-0.0167624387218816 -0.13927440543592 0.00692106837759712 0.0549905243195042
-0.0141733698327583 -0.153014843009082 0.0494661990720076 0.0380432066125628
0.0745652603365757 -0.16126908909182 0.0868750814554194 0.0427288818353134
0.152836747812317 -0.0993080052023108 0.107107011239896 0.088358670470785
0.229770256134165 -0.00721948940256055 0.0563695932523213 0.172213602382963
0.15989616194384 0.172235605252247 -0.0490896933395544 0.195978217162099
-0.0239441159566576 0.266173712840879 -0.125290264829805 0.0933481030203824
-0.168991244972584 0.260757352574765 -0.0545064619950262 0.0288767841821255
-0.197323129713546 0.187069429290574 -0.00990649242354788 -0.0662776539369268
-0.11403183109065 0.256328422880789 0.16982210425717 -0.0732523271927969
0.0834949115275239 0.231629951137763 0.0945376604206058 -0.220257612006504
0.229629540522187 0.0785912957840495 -0.0868588067397552 -0.211339118521243
0.195351399431787 -0.0682926227101282 -0.164785910712478 -0.0721642184003792
0.118229636417774 -0.144064820929991 -0.0986659699765635 0.0164338530414794
0.0173779425930794 -0.169995352545401 -0.0260405591155358 0.0100722186047259
-0.0218461126184988 -0.150992736270402 0.00349364007428712 -0.00830585820716282
-0.0229073714350133 -0.158495667234041 0.0472803287290801 -0.0251451051605147
0.0643878594949799 -0.16733433896236 0.0978735926827498 -0.0187317050502205
0.14750821065152 -0.112285066743395 0.139724537522322 0.0358636510397003
0.23481879027152 -0.0221353236051454 0.101173168573935 0.140651162910411
0.167397061277461 0.16904019797077 -0.00209359671726416 0.1832510757734
-0.0258407009661368 0.261677017776548 -0.0872339192064972 0.0711388308293249
-0.175741275116462 0.249151214719832 0.0174380263141721 -0.036379929681867
-0.195779540699963 0.140182198187075 0.0937062843959823 -0.127532252476541
-0.145274320374512 0.227258708304756 0.221027193979291 -0.105534291177249
0.0458174779293651 0.235488513156872 0.144444185790279 -0.203220059170865
0.211926076885988 0.0990905222142019 -0.0166705655913601 -0.204940630258741
0.19125585754784 -0.0542394733253663 -0.0918150399841217 -0.10712964158886
0.115575295215174 -0.132171110028859 -0.059085806674964 -0.0487571143357775
0.0191373551883214 -0.158470526416452 -0.0166757115374425 -0.0579921125638158
-0.0241637811745391 -0.139233260237961 -0.000741948658450032 -0.0700813349771646
-0.0272295388811435 -0.142722218808176 0.0419736310906412 -0.084571726405748
0.0493199985418881 -0.149758393710657 0.103065146374914 -0.0748896077499103
0.128238163397707 -0.104791776211868 0.159624404263761 -0.0115156328644867
0.211305926408989 -0.0211626586612581 0.130407693656134 0.107888875735372
0.143247118551109 0.15535391774455 0.0308249498412205 0.161446966175743
-0.0372939401923139 0.226680775709588 -0.0576958784060278 0.0480715310944159
-0.167938241757252 0.199260749659422 0.0796296120854645 -0.0902331281279087
-0.151985864033345 0.0702403937606056 0.185973689082277 -0.169229875179603
-0.135981607853855 0.152093989958432 0.259360659360174 -0.12774790461178
0.00964208060469992 0.18254064505949 0.178891312725793 -0.176478304860798
0.153696401804923 0.0849051066611657 0.0409846592752769 -0.185649785678187
0.145355213716677 -0.035781104576799 -0.0263255335015189 -0.129509742817901
0.0868876337994864 -0.0975747685951391 -0.0233480130442882 -0.102965311457319
0.013515788761967 -0.119368165845935 -0.0102131463582838 -0.114830962757705
-0.023431607209076 -0.105156100817903 -0.0048623898889052 -0.120330770677029
-0.0263837173357914 -0.107950157146241 0.0372407426952501 -0.133069600881803
0.0318859770639259 -0.115744020166374 0.107687484427769 -0.118526633137548
0.0991816119388073 -0.0845228020196107 0.17534914283291 -0.0444554184706221
0.167404939954633 -0.0103979160928845 0.148567999063617 0.0865832148427836
0.100076534606678 0.133432000113482 0.0512774816434886 0.143092294088218
-0.0525142687204018 0.170433358186579 -0.0343243382573156 0.0309115107987958
-0.145566705756849 0.122830298960674 0.130181813687711 -0.12305934537542
-0.0785773143023096 -0.0110589374941391 0.245786176991377 -0.1897916766102
-0.0878781560729664 0.0512918758022673 0.271956205550269 -0.143303512914368
-0.012099930129551 0.0887541235968881 0.194100806240912 -0.157729037894229
0.071513759272294 0.0405738528176085 0.0738905656524023 -0.173466050376038
0.0697307472314502 -0.0189357566265296 0.0117999632985657 -0.143769931964717
0.0397360785726572 -0.0471917620177156 -0.00629334227281699 -0.137971327161385
0.00351760117853375 -0.0585500787391188 -0.0117123001978506 -0.149205003425512
-0.0191726077379013 -0.0536863175415516 -0.00960936530661034 -0.151030549973051
-0.0210374641165356 -0.059452688610188 0.0337256953547011 -0.164523297129236
0.0120952866912456 -0.0698715484876695 0.114855969638504 -0.145941944316471
0.0612430464171986 -0.0585461171199863 0.191729230556627 -0.063172964036773
0.108641139618944 9.87823280255273E-05 0.165126623954445 0.0791082776366826
0.048895878233671 0.0993104222807158 0.0630045958895726 0.134698496649473
-0.0585525991607639 0.0981761542193155 -0.0191372297415833 0.0259523718325194
-0.103945064378634 0.0319857526124906 0.162400573607374 -0.132127793532701
0.0360999004442482 0.0424412797346182 -0.162115250151689 0.14651906366874
0.037365883874558 -0.0249637315814371 0.0500296541003632 0.024558939923525
-0.0131639054081444 -0.0372371580585088 -0.032590547119377 -0.154125945373097
-0.0368263108229484 0.00758868332984924 -0.177713835314504 -0.114840920470197
-0.00700829255696809 0.0245565920133951 -0.227113932048881 0.0541300204083576
0.00602336970300034 0.0078016974094696 -0.137971800032341 0.161406322312427
0.00243371292536545 0.00470207820762858 -0.0394963591665789 0.173776684526679
0.00739465191994213 -0.00150449828043567 0.01083035499069 0.162360639115486
2.09960225186212E-05 -0.0101001877569518 0.0266281437512064 0.154316200194324
0.00769646841465149 -0.0162829530707328 0.0164702118686212 0.151075850047894
0.0128171634750644 -0.00135987884312677 -0.0168059373402855 0.150777665437697
0.0142408583399005 -0.00466402480864137 -0.0792414082043447 0.165379919872442
0.0291659128768617 0.0072851266636624 -0.173935413828987 0.137600077756263
0.0334331764832457 0.0505299658713946 -0.260583546202894 0.0930161497454693
-0.00194171429119917 0.0788999922307364 -0.253267973650125 0.151206394299141
-0.0284124731696576 0.114179941519933 -0.171550850204232 0.11982550937819
0.0189725834231224 0.0627145063998622 0.0568087408290473 0.0168720730062259
0.034807470819503 0.0238142859408047 -0.0219841046171801 -0.171241463130406
0.0381628387263529 0.00892362472517123 -0.179876412525536 -0.134908181042997
0.0453173535197707 -0.0084244030251142 -0.235829467896365 0.0387432647041141
0.0347422181434543 -0.0418361087953471 -0.140646114929507 0.148386866049981
0.0024655150342693 -0.0525474270583751 -0.0406039288330264 0.158578533281307
0.00134725453225406 -0.0566261527099326 0.0104501748073512 0.144177110988683
0.00240043891993466 -0.0714393260974206 0.036913311532944 0.133937641434974
0.0514261560212733 -0.075791573166332 0.0367434009287764 0.136102530571424
0.0863045932906421 -0.0261239720200299 0.0113783076127255 0.150874694239922
0.102951691405261 0.0252227395042462 -0.0516931381733452 0.179160754352058
0.0616177951978342 0.0992331595366835 -0.149044690598146 0.157650898718589
-0.0164079177536264 0.14822842916897 -0.219959113107793 0.0965344771195698
-0.0850582605741312 0.158366803763987 -0.205400912035404 0.124859183988887
-0.0998005471100054 0.165515585183525 -0.148111478772825 0.0708642951136313
-0.0177634700481366 0.14990461564751 0.0809299831080839 -0.00198701828963897
0.0712105720286624 0.0987018582066705 0.00798545184979833 -0.19312666567598
0.116436988989131 0.0222042589324947 -0.165311705761571 -0.165717521465475
0.103221138968565 -0.0378042862815044 -0.23255765918493 0.00688068719655876
0.0678206709689565 -0.0879445794595627 -0.13900278266879 0.116854763904362
0.00705167890617566 -0.105485982288192 -0.0410649825801534 0.122520197853437
-0.0055275460207163 -0.103337027910759 0.00752988153612216 0.105118464521137
-0.0018281233150684 -0.119566677789168 0.0452400353460599 0.0916880701197612
0.0730214316827615 -0.125880936254006 0.0639892930551316 0.097270423167893
0.134374143666084 -0.061756511576026 0.0586486475411453 0.130901442484635
0.177583102990745 0.0216450686791678 -0.000659595809010073 0.184637505035241
0.109617162532431 0.154929447154868 -0.105816606488865 0.180209495864048
-0.0334085578292296 0.221181419114143 -0.174415098778049 0.0948763985320889
-0.139124532347541 0.219081163008079 -0.136718167510741 0.0790754414253422
-0.163069900897341 0.185884613162349 -0.0887917586908856 0.0107707664956136
-0.0697646069539695 0.216205155824295 0.121596624131182 -0.0286185157284337
0.0841417815220098 0.174147827107602 0.0538592579076829 -0.207715926349432
0.18127401545772 0.0495914751718506 -0.12692751710413 -0.194821736841919
0.156469973813617 -0.0557665153644564 -0.205133105632507 -0.0358982219629477
0.0984244865266223 -0.122195139442067 -0.123700433875181 0.0682633686314267
0.0146969636762179 -0.144948561884914 -0.0375010699050798 0.0693612697700189
-0.0115560461092564 -0.13526665877814 0.00440785306263316 0.0513595652534356
-0.0103644739183915 -0.146918804852007 0.0483868721236089 0.0359134954829059
0.074947365936768 -0.156378931889502 0.0851783591941655 0.0426711041341849
0.151787652382753 -0.0935385012063789 0.104992527956556 0.0899236952431053
0.219752929941629 -0.000506057804113509 0.0564078304214039 0.170984086671209
0.147840831587019 0.172700140149108 -0.0540025285270968 0.18859795017174
-0.0315662722393086 0.255770763813103 -0.130092570992507 0.0843693790956047
-0.165294304415421 0.246131003572927 -0.0621990351743424 0.0223599043205927
-0.200585675020508 0.169730639278533 -0.00161756609895834 -0.0527476720728006
-0.123043018741899 0.239121585381334 0.171662135957231 -0.0594442242999227
0.0658133801439418 0.224713968786704 0.107434439431526 -0.204772352388335
0.210285812507253 0.0832102625290311 -0.0656389173785215 -0.207686808530985
0.187831166477967 -0.0561261328254245 -0.151242219515978 -0.0791749524679735
0.117235054963663 -0.134862214275002 -0.0947270445426101 0.00767341432516423
0.0216594232655155 -0.162090706335911 -0.0292601018766953 0.00495222957065845
-0.0159511400357483 -0.146901399624391 0.00123422248322106 -0.00939230178598429
-0.0182951224224613 -0.152485619298022 0.0467566536791564 -0.0246003316439121
0.0651084981141059 -0.162443685845701 0.0961732394301083 -0.0165708262883277
0.146809929699048 -0.106211256373045 0.137248004795466 0.0401674662756001
0.225788829799997 -0.0151112441247749 0.100154645196625 0.141777187570425
0.15586305853134 0.169236264206841 -0.00902653403588578 0.177959547832205
-0.0328014283407537 0.250792908791159 -0.0928725624281301 0.0649040720680393
-0.170846636844183 0.233857844914551 0.00811193889638713 -0.0365890021833324
-0.197516960651037 0.123887920497587 0.0975500163001197 -0.107304441457658
-0.152041112900178 0.20907260001367 0.220320098423797 -0.0863506961175557
0.0291660724027101 0.226259565648848 0.154392239368632 -0.184397615976204
0.192802677981253 0.100783878652758 0.000296186965260362 -0.197529700301091
0.18209558050799 -0.0431064534345524 -0.0811746396066792 -0.110275845581665
0.113676316221789 -0.123387789789456 -0.0555935451988679 -0.0523445386327679
0.0230110294127364 -0.151780865231911 -0.0191591186647351 -0.0594283648127447
-0.0184232455755212 -0.135554968789816 -0.00175622712119365 -0.0678917066238017
-0.0228269347536944 -0.137422046984588 0.0420958953541016 -0.0813935107037721
0.0495453669311853 -0.145439608936776 0.101276720007242 -0.0701550281121155
0.127844875491134 -0.099743796621679 0.156817295775231 -0.00420528097387724
0.203312201891254 -0.0155892318161621 0.127524973502532 0.111788314233408
0.134106171283975 0.155040198507946 0.0229080432708487 0.158278308969956
-0.0420410051467286 0.216832273692324 -0.062695277141907 0.0436460882595145
-0.161955187009883 0.186687154321715 0.0705620276420963 -0.0847787980845002
-0.152629954557396 0.0584229498561912 0.184875694712402 -0.146078413120999
-0.139692885776615 0.13732817895342 0.254807518554019 -0.106337969319429
-0.00255503821030598 0.17313831866016 0.183388716414592 -0.157183467730549
0.138162676695129 0.0853913821314475 0.0524299434484667 -0.175982656127667
0.137657077350347 -0.0283583063651459 -0.0186343385685683 -0.12871801502126
0.0850110050970229 -0.0910842266679134 -0.020026415092308 -0.102217791936097
0.0169021519876951 -0.114222965342819 -0.0112929628699433 -0.112479298317401
-0.0182527510215696 -0.101857468167515 -0.00538894979104777 -0.115245168370942
-0.0224664216417044 -0.10451098337994 0.0371448986981237 -0.127476103379853
0.0329941244303131 -0.112234646956041 0.105836847496761 -0.111587174654729
0.0984708455547813 -0.0804534503823884 0.171344261287977 -0.0364645979802279
0.161241084539661 -0.00634960628220317 0.144286571389657 0.0911654592356082
0.0934623629374247 0.132761474891185 0.0419474182000605 0.14017661138809
-0.0547629512755094 0.161840530116846 -0.0386719490586531 0.0272815959366971
-0.139144829377198 0.112946864091843 0.121330949590094 -0.114289491463441
-0.0779368176345979 -0.0166500128813581 0.240206003615112 -0.167448557072804
-0.0893205928294186 0.042923251068036 0.263582991760386 -0.122364811169449
-0.0183665061071059 0.0825030952765505 0.19350310146484 -0.139023643600865
0.0627906061262233 0.0404549277015843 0.0793243581727686 -0.161423011247201
0.0646644965015806 -0.0152547395755505 0.0162150892375908 -0.138961753369035
0.0383800015443184 -0.0437863473250053 -0.00332420080095717 -0.133386089382911
0.00580443384932958 -0.056905743378092 -0.0117418136349466 -0.144397313641258
-0.0158672875266636 -0.0518968276785985 -0.0090367664298276 -0.144243511367129
-0.0180433068081603 -0.0572955710757801 0.0340808575569951 -0.156832526398472
0.0130384459218208 -0.0678409839654477 0.111684062405671 -0.137368438548726
0.0611895241328806 -0.056062269079972 0.1859143124743 -0.0550264510845889
0.105719204678621 0.00299978336576852 0.158419099396065 0.0829065366061109
0.0449198397412172 0.098394614975141 0.0531145296383448 0.131584043834609
-0.0588430586733688 0.0924734892292715 -0.0221324860725518 0.0225086593785446
-0.0980197039199128 0.0270670036059082 0.154320976953591 -0.120713528791866
0.0336456843175492 0.0418483263521848 -0.157266072214441 0.141996659767358
0.0361682960040014 -0.0237615330503765 0.0503342595847631 0.0237480756439049
-0.0125161105698589 -0.0361359166406775 -0.0309205147397558 -0.151076964404012
-0.0349626501647645 0.00764213152158864 -0.174124429089577 -0.11316960426659
-0.00721333481060318 0.0237629402421428 -0.221731951085646 0.0540425707638479
0.00476561607211636 0.00793664427855242 -0.134746845333454 0.158912122163693
0.0017738163232931 0.00471806068144963 -0.0379784131886317 0.170567747798998
0.00697574263825061 -0.00193080751318879 0.0124106315880732 0.158786076500439
-0.000308465062219713 -0.0103080201940493 0.0280973816709196 0.151121483649194
0.00772464715859516 -0.0164117071672557 0.0163745279080637 0.148741078795194
0.0136036516094718 -0.00139295990282269 -0.0180242673030633 0.14756332228401
0.0145511252109473 -0.00447569353351262 -0.0778329010244252 0.160157092745635
0.0279857494942821 0.00839083775811091 -0.171455654623652 0.131263234102639
0.0321243170030028 0.0489121110078769 -0.255099837810745 0.0901867246226367
-0.00385293542295812 0.076163873034812 -0.247199120694527 0.148023106293384
-0.0281503747452765 0.111119366054937 -0.16585474829496 0.116812513068732
0.0188460108073341 0.0621459615063678 0.0567271383416927 0.0173159273899998
0.0341932612341663 0.0228378353549338 -0.0206276947388885 -0.166840340593955
0.0375317187599244 0.00838328286264128 -0.17558529256462 -0.132368850454832
0.0435677187923281 -0.00858396994409671 -0.229969551599885 0.0393993365587432
0.03288395029719 -0.0415167639731225 -0.137391953084781 0.146225265285339
0.00173488343758655 -0.0514564628638346 -0.0396997186612713 0.155026790536924
0.000798656818798992 -0.0556450587158992 0.0115546258253 0.141000328167227
0.00148701974782435 -0.0700524671168366 0.0377045586587455 0.131197156978992
0.0493230494876694 -0.0753835627660666 0.0368044140339258 0.133953753669635
0.0853281892959396 -0.0262569888484541 0.0107053533325275 0.148017963171996
0.101508484018702 0.0244678875121112 -0.051216639962439 0.173736094184768
0.0602647918520728 0.0977256780051077 -0.146121724635142 0.151278802812446
-0.0171108589077781 0.14449874942899 -0.216074477308644 0.0941471238053561
-0.0841805048139193 0.153604871028998 -0.200661407639778 0.122469767978813
-0.0971577665521008 0.160462644912323 -0.143363662003571 0.069616461517323
-0.0168502745601083 0.146820870958351 0.0806563487060553 -0.000394838033529798
0.0699215360207711 0.0949877620700921 0.00862117018191185 -0.187480704526918
0.113783440974672 0.0203126050782078 -0.161157299348225 -0.162553116372196
0.0997400100274546 -0.0381173314696501 -0.226894181095039 0.00786490925872689
0.0648927772200801 -0.0876854948127951 -0.135511732230127 0.11462109995612
0.00621793237940505 -0.103271995199415 -0.0404752602345609 0.11958642749359
-0.00594726256889116 -0.101325489854383 0.00772903450035994 0.103125409339682
-0.00257348803725374 -0.116523324001688 0.0441588612761361 0.0898998996417806
0.0703986268812792 -0.124662073165485 0.062568805062882 0.0960227250405599
0.131935382663842 -0.0612349841103986 0.0570288928312932 0.127989135885048
0.173865464612719 0.0199759713493143 -0.00131095960583752 0.17973701989269
0.107012933334393 0.151408367769275 -0.103441738224917 0.173788748923739
-0.0325439791346663 0.215738314601811 -0.170655773867656 0.092734330932764
-0.137429637902109 0.21165897200362 -0.134513005027956 0.0788903956595659
-0.158170743239728 0.179910967091743 -0.0859210871424605 0.0112587108314218
-0.0686001631089027 0.211314081005286 0.119266159658011 -0.0261131951871509
0.0821577357967228 0.168783880532096 0.0530498209712332 -0.200858201751238
0.176845148728351 0.0466729001832942 -0.122313973562681 -0.189781668460616
0.151289058093804 -0.0565374738940863 -0.200734286745125 -0.0329702659862732
0.0951811453918153 -0.121277416148565 -0.120828035118968 0.0667558963586458
0.013471703893301 -0.142057429276112 -0.0376649595249268 0.0674665411922673
-0.0122853729864103 -0.132187271837693 0.00382393020745878 0.0504650537940517
-0.0112140806433143 -0.142908991687142 0.0473720033935003 0.0346842938967873
0.0719931221648842 -0.154345786060033 0.082882199525259 0.0420411632830457
0.148918044206231 -0.0926653537793716 0.102923336406686 0.0875952444834629
0.214923917422523 -0.00192245396692125 0.0543190685030222 0.166744853329214
0.144907004024055 0.168717455900389 -0.0528643329761939 0.182296315813032
-0.0315093256340702 0.24988176818629 -0.12686441167811 0.0823371467885621
-0.162663566761687 0.238559305701711 -0.0623962650445092 0.0218493875377547
-0.194369380675172 0.163982558653955 -0.000829222979800426 -0.0503729737137437
-0.120220868045724 0.233901977657061 0.167879460843023 -0.0557203321858006
0.0643307086091034 0.218373338606518 0.105757907593651 -0.197667391985236
0.205287193611311 0.0797317310278686 -0.0624524883110555 -0.201684482332009
0.182333783229562 -0.0568168060748954 -0.1480306423053 -0.0753909694348195
0.112964176832762 -0.134112038869361 -0.0924674776532339 0.00725667612418231
0.0200630532885721 -0.158748240917613 -0.0301324923602267 0.00434509440721907
-0.0161310629636915 -0.142799579527846 0.00014178481728626 -0.00874004593372765
-0.0188573544876551 -0.148104569959003 0.0450063662162626 -0.0242735449056315
0.0620750855398119 -0.160027556130684 0.0941501670467385 -0.0158116573441057
0.143861632290371 -0.105056790829217 0.134482822604534 0.0392371880868811
0.219649474321129 -0.0173723415289002 0.0975250878971631 0.138981997655759
0.152932249309104 0.164784206401553 -0.00830642825062058 0.171952829522567
-0.0316420978739666 0.24561562585198 -0.0909358369882873 0.0629627315564463
-0.167629886793606 0.227518861558458 0.00629185419735201 -0.0356075309083014
-0.191669954243611 0.120068433239236 0.0956754398541487 -0.103135936709708
-0.148473600108982 0.204458444644604 0.214677509505162 -0.0820448123985298
0.0280249074516763 0.220026994258373 0.151920959338007 -0.17794422188651
0.187141249741904 0.0969700389487582 0.00166048893064501 -0.1918862707537
0.176986404732466 -0.0439329494408908 -0.0795074246932108 -0.106581098753078
0.109934026835569 -0.12254255401067 -0.0542485600204969 -0.0524391046629527
0.0211310325392689 -0.148774237866297 -0.0203091702212069 -0.0590931524423809
-0.0182109012641312 -0.131739766453494 -0.00401150597855597 -0.0658587744525914
-0.0228135733000297 -0.132820834944667 0.0398082179774533 -0.079714597971929
0.0473512631984981 -0.142283078052366 0.0989293778672148 -0.0683226385785252
0.124734005011251 -0.0982340804721692 0.154093715194233 -0.00472170138293211
0.198004413645737 -0.0170317079265746 0.124162226464133 0.109480231889346
0.132061160335582 0.150940607983869 0.0218008027024536 0.153274746559811
-0.0412878357690537 0.211970040294327 -0.061418857667546 0.0420806433539684
-0.158519864418241 0.181281886247668 0.0666789245357693 -0.0831584094175315
-0.148245100223659 0.0561262095412877 0.181341960090502 -0.141613582927621
-0.135788398250387 0.13443245856474 0.248070769180865 -0.101348972809577
-0.00244646340258421 0.168287077091861 0.180844943719496 -0.151648228691272
0.13361867206562 0.0827740601814547 0.0523045433342754 -0.17030958419015
0.133579967223727 -0.0293337802644922 -0.0181968955256969 -0.124455557822723
0.0823498315117497 -0.0901866093799051 -0.0197138633613309 -0.101497547104473
0.0160094325849156 -0.11223203754862 -0.0134760621118046 -0.111573216319793
-0.0176118579212079 -0.09887995058537 -0.00766560952596925 -0.112488476480298
-0.0217578935693442 -0.10038992304542 0.0349277522280654 -0.124288429907001
0.0314922711028746 -0.109540780812207 0.103096238952267 -0.108930424245442
0.0960229784359165 -0.079047097194349 0.167795357167269 -0.0358834241023978
0.156376015593535 -0.00752220625595252 0.140533200634813 0.0894490084099595
0.091349389437391 0.129093061185023 0.0409549360312176 0.136725677291726
-0.0536773490907669 0.157962904681093 -0.0378723956867896 0.026240051054208
-0.134986703148744 0.109268909383378 0.115767522135018 -0.111922308607274
-0.0755235891795836 -0.0165774015711693 0.234759196205214 -0.162011593534576
-0.0865310668406269 0.0413036326883697 0.256646156944421 -0.117155289704814
-0.0183836985457775 0.0802650756985361 0.18977488889524 -0.134223656958776
0.0597047101858222 0.0394329483407217 0.0785262757246136 -0.156251766667928
0.0624403439392092 -0.0153771745596041 0.0157427026351103 -0.135845648526871
0.0369646154829269 -0.0432861872055364 -0.00417557750455345 -0.13205158374214
0.00560573319918821 -0.0555071978234125 -0.0138887436794283 -0.142096729991306
-0.0142712687413059 -0.0501120919472893 -0.0113442515448542 -0.140263816446042
-0.0171597926894176 -0.0547189386761774 0.0306574021427141 -0.153133868087425
0.0120483723223096 -0.0657557680650028 0.108793281691829 -0.134617542816573
0.0594952994932414 -0.0544910256993737 0.181649025318873 -0.0539398957590227
0.102209877973623 0.00262261687557875 0.154214387466755 0.0813489958949261
0.0438686718963449 0.0957500556502588 0.0517494846871742 0.127980275028257
-0.0577879023458492 0.0894921887413694 -0.0223499425895958 0.0212511419520636
-0.0948091585133738 0.0259421628381917 0.148589769870613 -0.118610656313946
0.0324695333759801 0.0415486322891778 -0.156155747212297 0.142886375411102
0.0364672887456376 -0.0236204946967679 0.052174454985649 0.0241156419221114
-0.0124780327195995 -0.0368781779647574 -0.0311984365445708 -0.152366134686749
-0.0346079766863005 0.00775573361161435 -0.17620381456049 -0.114501684978775
-0.00713031003563335 0.0242223784762651 -0.222784802167159 0.0558863549205026
0.0041908826984682 0.00845871416247474 -0.134134577989176 0.162063088624994
0.00163649827758082 0.00510819610182568 -0.0369466413415421 0.171656924578412
0.00669051840851152 -0.00259682408790623 0.0154497494564114 0.159337887594541
-0.00063903120973447 -0.0106840915852379 0.0301755265639468 0.15239961820744
0.00712219010032151 -0.0169873266917666 0.0170595077750721 0.150655998225397
0.0148706960274547 -0.00210322662210325 -0.0184923138271128 0.14915724989518
0.0149907598156043 -0.00404438202895989 -0.0782834298026646 0.159850579513358
0.0279194641199314 0.00913809993336782 -0.173018859841585 0.129948457176236
0.032069834014599 0.0491071035267083 -0.257081045593287 0.0908536013747212
-0.00521961647542907 0.0766556016444835 -0.247860533077806 0.149497812650572
-0.0286410999595297 0.110695153412297 -0.165053805554361 0.117838505610148
0.0193459186141698 0.0625140217791075 0.058901947519102 0.0176630867430268
0.034409286105286 0.0217615475581143 -0.0208151303737343 -0.168181833539593
0.0381387042152331 0.00780660758297463 -0.17746143139042 -0.133407958118022
0.0432443457380301 -0.00949273356504502 -0.230966986243245 0.0418987648254437
0.0316497360319617 -0.0421493570279723 -0.137485662318565 0.148332836543666
0.00103012801185286 -0.0519236695507949 -0.0390186146381964 0.156141640879127
-0.00012164620600124 -0.0562255341251631 0.0136062802320432 0.141841483283536
0.000514267394409589 -0.0708833286812166 0.039764810598655 0.131764815947216
0.0484703391833337 -0.0769013890678591 0.0379330310000285 0.135757329668771
0.0870350191965674 -0.0275938692393438 0.0103769336566305 0.148872942022337
0.102507265510651 0.0242928644877805 -0.0512972760124004 0.173944929190466
0.0609273877785541 0.0984555472517486 -0.146953863039631 0.150557207187574
-0.0170461034794516 0.145837539921835 -0.217276660835183 0.0949714059263137
-0.0861458667041723 0.154394613215332 -0.201153137794015 0.124442076571453
-0.0970064169157474 0.159539852604725 -0.142772658061199 0.0711842237329582
-0.0167199813135417 0.148067558112527 0.0819409352890906 0.000943120938214634
0.0703651214596316 0.0940189910835034 0.00886235152723757 -0.187882892408013
0.11413173656066 0.0193157815079549 -0.161270819154897 -0.163323508853854
0.0995518431877541 -0.0400038061334453 -0.227398640716776 0.0104087643367696
0.063401664690091 -0.0891202364110745 -0.135688074300097 0.116311693734684
0.0050963160583649 -0.104200792879095 -0.0402114208941488 0.120595435286512
-0.00677608760801418 -0.102103533842185 0.00931202212977679 0.104534106335444
-0.00413496100097262 -0.11709998298697 0.045836028363657 0.0900411110696129
0.0687572695475512 -0.126840607059921 0.0636304408441617 0.0971155089336349
0.133048547779479 -0.0633028090314886 0.0580187030325786 0.128908078135288
0.174797720531182 0.0179334175906296 -0.0018773769129259 0.180453117758792
0.108708922536605 0.152235501986893 -0.103989581319102 0.172722444420308
-0.0331214874264393 0.21801691743045 -0.171705105372795 0.0936020893763797
-0.139011411894608 0.213046643752438 -0.135724994918245 0.079810466074106
-0.158197760128463 0.178611799004914 -0.0853047430845 0.0128082264563163
-0.0676914191861789 0.213414439626538 0.121050601265508 -0.0242997077099516
0.0825575420644038 0.167800706849376 0.0542759700917701 -0.200595055593204
0.177163099664777 0.0454760738079388 -0.12276428710334 -0.190566870189516
0.150888123101631 -0.05928553041402 -0.201355456003982 -0.0301573454742758
0.0931994952242701 -0.124039572499859 -0.121409327634464 0.0673832072795371
0.0117350213408856 -0.143622476715514 -0.0384450806460013 0.0675698412026642
-0.0133217742133612 -0.132624579247885 0.0036448423714534 0.0518301318847616
-0.0126848751278272 -0.142929842926907 0.0478103190269536 0.034873608048849
0.0701721080304144 -0.157128816165133 0.0842602882056345 0.0427030077555179
0.150274733900712 -0.0946420402406901 0.103810679963015 0.0879518527848538
0.215433200886832 -0.00467543737689359 0.0543727795063251 0.167327611923876
0.146906311301583 0.169137539206132 -0.0530257173056873 0.181210453681676
-0.0312605284957134 0.252501410472908 -0.128123701553116 0.0831732389943716
-0.163333606611493 0.239340493129993 -0.0638400574663775 0.0226245947892793
-0.193812269480817 0.163600594600503 -0.00020615239408152 -0.0486162452532903
-0.120076859663089 0.235913456362548 0.169329317161934 -0.0537481381937955
0.0647850976233562 0.218003013541837 0.107086021807942 -0.197177061672511
0.205610333119835 0.0785159730185392 -0.0621795193454773 -0.202431075167109
0.181629600130883 -0.0591413848691866 -0.148660619922102 -0.0730106348378115
0.111852479692798 -0.137415786991857 -0.0933792193008236 0.00704324331729913
0.018277832024149 -0.160827114448662 -0.0314614088754853 0.00428631919628561
-0.01737628433952 -0.143662812511187 -0.00126111307235247 -0.00742449535357257
-0.0203123374382225 -0.147985758280798 0.0448645193916399 -0.0247373019697129
0.0603863676452075 -0.162197912745501 0.094492493460882 -0.0154538921362175
0.144450387190837 -0.107031998203651 0.136313234740989 0.0389045941898191
0.220557769594836 -0.0201633787547866 0.0975001775978387 0.139669004071352
0.155446319364038 0.164685420015031 -0.00781626993539122 0.1719792211364
-0.0316272599727753 0.247574278851971 -0.0913865693205039 0.0633408017306354
-0.168211079605385 0.227708220944069 0.00439780166247663 -0.035569760224803
-0.191131360242619 0.119283222521912 0.0967603574877385 -0.102473079642133
-0.149036047838225 0.206655615179086 0.215464934890728 -0.0806242381703614
0.0290791813090195 0.219866681908914 0.152702603199826 -0.177158002477447
0.187809795980618 0.0966100174658239 0.00195743398088431 -0.19148237678572
0.177054107048502 -0.0464499716974544 -0.0802232780908313 -0.104840600014253
0.108638565472463 -0.125541054300006 -0.0555042900137542 -0.0536563394001928
0.0198680643633656 -0.150381046165788 -0.0226146061127502 -0.0601171615511467
-0.0192173006712802 -0.131772481154753 -0.00622653094761706 -0.0652759863733494
-0.0235600104944936 -0.132231445625831 0.0385679784575047 -0.0804441923046456
0.0463156795417675 -0.144229581575692 0.0984381932912901 -0.0686749835171188
0.125262511104504 -0.0998236063359421 0.155220725808153 -0.0057427617315156
0.198096479447182 -0.0201474174936865 0.124699416182406 0.110342130741573
0.133347968956747 0.150153780556381 0.0233538916663147 0.152833319484662
-0.0411619909484231 0.213406087992962 -0.0619274451622758 0.0422148102891935
-0.158295313461022 0.180882222294236 0.0640381474806175 -0.0840207345534802
-0.148119003390131 0.055420344298052 0.181876619440315 -0.139966589338877
-0.135986560328381 0.135331594774241 0.248854940084976 -0.100616294112549
-0.00282779362982935 0.168450147499502 0.181535259499862 -0.151371197668158
0.133626608434883 0.0819733344978291 0.0530582774932166 -0.170570239561213
0.1335341581691 -0.0306054470144516 -0.0191474402051983 -0.123927740945358
0.081291392703998 -0.0919022421363715 -0.0211191677661043 -0.103091268774418
0.0145103130740565 -0.11327929536008 -0.0165590299252405 -0.112700227518453
-0.0184112370255568 -0.0989080079998117 -0.0105370605068749 -0.111753335558594
-0.0222257249007165 -0.0995314781237721 0.0328194936701275 -0.124876596981745
0.030766265490361 -0.109754972682977 0.102271195181579 -0.110099278672864
0.0956996338987142 -0.0801141426251871 0.16897594836318 -0.0369683853207474
0.156397580890787 -0.00940616772284351 0.141454496321785 0.0898482455742318
0.0925337359668717 0.128569277550285 0.0418110379146659 0.136443486125313
-0.0536836818754969 0.158865387732415 -0.0387403171540772 0.0261908006002722
-0.134881928904391 0.109668062081431 0.112908676236842 -0.113385063571426
-0.0749786487736929 -0.0170462072811072 0.235886944799211 -0.162232583965182
-0.0865508212228913 0.0407638953746992 0.257517723619286 -0.116559943759689
-0.0179075968211645 0.0800225645280657 0.19161382491565 -0.134513891874561
0.0591431172673882 0.039336364614513 0.0789834209135016 -0.155686815781606
0.062367991565661 -0.0165115429065315 0.015407314723029 -0.136112187630064
0.0363583697286775 -0.0436720288187787 -0.00479455099096654 -0.134215817445332
0.00510240888840649 -0.0560320421575497 -0.0171682473930954 -0.143674700331594
-0.014259153766008 -0.0495801211142138 -0.0143893080239968 -0.140668373931467
-0.0166324159413632 -0.0536522477594942 0.0290582107232611 -0.153219341023918
0.0119016946305109 -0.0652389454582978 0.107890057305975 -0.135700903776982
0.0590788543358595 -0.054948570770331 0.182348121738042 -0.0550446388951284
0.102043758758894 0.00122414123780171 0.155528805660481 0.08183163205124
0.0443872869328489 0.095789793103156 0.0529118301711809 0.128257354399455
-0.0576759969046339 0.0898750940990168 -0.0232398537864366 0.0209625282663018
-0.0944207150510408 0.0251991489854693 0.145588233829601 -0.119670445640689
0.0327684123972133 0.0418167737133568 -0.155062772903919 0.149529080043035
0.0367964163441821 -0.0247572215594613 0.055168739934815 0.0233906930724081
-0.013811723038757 -0.0371894505707519 -0.0362914920804237 -0.155886639457598
-0.0340577956584358 0.00916981527862321 -0.184181954455303 -0.113135207442585
-0.00672433469826606 0.0247966246691699 -0.22649439988669 0.0637807954653466
0.00416909178281782 0.00895560074344813 -0.13258198033635 0.171180980335116
0.00155352840138357 0.00488210885091038 -0.032271977505756 0.177271023085203
0.00652127994023963 -0.00349485311965125 0.0217359431959275 0.162255327564909
-0.00133168371204191 -0.011254966686275 0.037654979247567 0.155611679049021
0.00627617204996146 -0.0180607065107934 0.0220068000630577 0.154691215405776
0.0159199294796482 -0.00315134271683852 -0.0162793452189329 0.153471360203695
0.0157295919552335 -0.00430901024898399 -0.0762434828122835 0.164307273377959
0.0288095756281278 0.00964721860551773 -0.175080286174553 0.135913861319587
0.0339591720455019 0.0493276475432098 -0.260896522922038 0.0988565631956626
-0.00521667593548331 0.0787311364035134 -0.249246111420888 0.160611583028737
-0.0276133813523783 0.112973384775288 -0.164561675952011 0.124381385682339
0.0219638245428429 0.0636839211499014 0.0618356492916058 0.0171086820671742
0.0357353989326361 0.0205622615121062 -0.0249806378575413 -0.171695779410588
0.0398223229826721 0.00613284134583294 -0.18502511844077 -0.132721688637107
0.0437891902462757 -0.0112724349642827 -0.23491341796634 0.0499354838631762
0.0301845610009755 -0.0443065177500436 -0.136129081549993 0.157035549137611
-0.000863390890735556 -0.05353377469086 -0.0344297024071024 0.161348995612343
-0.00198964407673961 -0.0580433555688476 0.0193177571582467 0.144792303592978
-0.00204317005589646 -0.0724812811948598 0.0458680001339521 0.133926129022541
0.0467326919040884 -0.0812608176239771 0.042936863628346 0.139349866504969
0.0894003308517571 -0.0316320770887696 0.0143181428410042 0.152998356769147
0.106142630419798 0.0213028682029309 -0.0485361518004204 0.178140529681452
0.0650624202465177 0.0997963572731767 -0.148082207792322 0.155615908073679
-0.0142832749611814 0.150061466265404 -0.220707152545902 0.102281758585102
-0.0852791098930176 0.159397247824735 -0.203347193698127 0.132976518265664
-0.0957101702075039 0.16393449985731 -0.142683816706604 0.0767260905453247
-0.0128607855981809 0.152286614137103 0.0849680984561885 0.000376620392701574
0.0741079253670679 0.0931509142118722 0.00461739290851662 -0.191682918157312
0.116958894843683 0.015566409417051 -0.16946951272706 -0.163035243236629
0.0998243255882237 -0.0442293023265257 -0.231578236519625 0.0181310629027273
0.0609937218940604 -0.0942968392285051 -0.135709674858387 0.123776417603534
0.00184772213032636 -0.107183208349687 -0.0376351541930436 0.12514408637149
-0.0108286889424572 -0.104266018534042 0.0131389285523204 0.106826257585954
-0.00804345582188563 -0.119629344077697 0.0505939670503991 0.0907797756621426
0.0657967203847244 -0.13372228108337 0.0682677621772167 0.0991354001516108
0.135382996164687 -0.0691853985408955 0.0620674475842784 0.130787473106756
0.179935457972379 0.012330494239748 0.00248728143797941 0.184467867323228
0.115293577986988 0.153162404346651 -0.10279810564145 0.177984360795136
-0.0288233225975022 0.224953735599144 -0.173769595546824 0.0999629593839392
-0.137695623373561 0.22041973454927 -0.138023939996697 0.0857013614246437
-0.156969913032538 0.184634439578059 -0.0857724262097683 0.0162175153349498
-0.0635880519921418 0.220505487168946 0.123845286851297 -0.0259970877831468
0.0885943600851312 0.16808712261534 0.0514586442775202 -0.205697870739953
0.182265292156981 0.0403030729539697 -0.129827609333742 -0.191344601457322
0.152011272334174 -0.0653862460759632 -0.206366773619161 -0.0239389593710121
0.0905812976133733 -0.13117385244638 -0.122454648000318 0.0728068728710752
0.00668849577856975 -0.148127354752339 -0.0374163211998864 0.0703795534767975
-0.0182924138461593 -0.135184234936637 0.00549179586461466 0.053665983869105
-0.0178089242634543 -0.145901403392084 0.0500639515202405 0.0337740597984794
0.0658560598943895 -0.164484013798244 0.0875051846982599 0.0423414366040168
0.151436024518939 -0.102164638478321 0.10894045742952 0.0871435429158321
0.22107083426721 -0.0128823282058237 0.0591647449834587 0.170290468733458
0.155497423321975 0.169299420416407 -0.0491800293971255 0.18536938345586
-0.0258210388388931 0.260038963835687 -0.128962292826554 0.0882901182594555
-0.162076526163437 0.248798859227899 -0.0665345390952308 0.0253925588124741
-0.194636395407135 0.169775184475606 -0.000251065716357371 -0.0485582670895577
-0.117207164770655 0.245369687181739 0.172012986517155 -0.0566339193434936
0.0713442374816743 0.220515623278675 0.105384448972022 -0.202793515711231
0.211951939515381 0.0733175323215982 -0.0682320711213419 -0.20454797246627
0.183505953125492 -0.0669458820283305 -0.153136881797502 -0.0689211211190164
0.109137998810737 -0.145163029197947 -0.0951242147784446 0.00968706046602619
0.0123009310559056 -0.166471916222071 -0.033370276665494 0.00465899579307431
-0.0220272546042033 -0.145731937481758 -0.00201808658764801 -0.00658418101271716
-0.0250072445263963 -0.150357553764505 0.0445869361360533 -0.026682391077366
0.0559564990052262 -0.168733941438516 0.0963188765332346 -0.0183835470229728
0.145627073531991 -0.114604670576063 0.140864223295918 0.0359029821056318
0.224710866995152 -0.0288633248908813 0.102761316115218 0.141116301331178
0.163490504751519 0.164266934218206 -0.0033209189614256 0.17445852216345
-0.0259504757161519 0.255109061138244 -0.0916671815981067 0.0675957239296181
-0.166658036713279 0.236539291779179 0.00130740674455495 -0.0364483067293084
-0.19264234038348 0.124979249667224 0.0974966160835752 -0.105905592854924
-0.147024435277048 0.216021631837632 0.218341387015815 -0.0852342225354888
0.034696109074686 0.223785157394032 0.153345001032197 -0.183229792135999
0.194134553583444 0.0930005503829635 -0.00134720652994397 -0.194980436823837
0.178873265000742 -0.053758328829367 -0.084746250533492 -0.103085929608261
0.106359185643212 -0.132940136722177 -0.0582875968133994 -0.0541542583599153
0.0139298366715645 -0.155858837191153 -0.0266110487120923 -0.0613405965004513
-0.0235520915637692 -0.134043523843102 -0.00976129247691285 -0.0652749604666165
-0.0282078363608586 -0.133649549091635 0.0364627187960155 -0.0832478483230505
0.0418494534756435 -0.149129648501646 0.0989779369134368 -0.073107632378942
0.125016657186893 -0.106617367613352 0.159091567424478 -0.0103948987399452
0.201223189105735 -0.0280588554873406 0.130477807361928 0.110169934761181
0.140520901188272 0.149682442169151 0.0279895848604311 0.155228460490121
-0.0361029243802791 0.220045079630303 -0.0624888562048974 0.0445056870682645
-0.157439320992234 0.188377353010385 0.0607178552713697 -0.0874852762743109
-0.150240249716372 0.0592479934391026 0.183785630698105 -0.147188943649969
-0.135927372932862 0.142139078178492 0.251036944471803 -0.106785995810618
0.00171100314277327 0.172417586963488 0.183594565158355 -0.157437232336556
0.138379659435109 0.0805199721296736 0.0509575690726997 -0.173785972546508
0.134956905930464 -0.0362652705358355 -0.0223696522878385 -0.124775535998501
0.0795860699654524 -0.0974621413436908 -0.0249879070634255 -0.106549102955459
0.0102876510237144 -0.11713149468784 -0.0227700607722771 -0.115616470676254
-0.0214645522096659 -0.100475603478203 -0.0155359151053064 -0.113295857399343
-0.0252892147762852 -0.100230033072354 0.0285288049368588 -0.128480050548919
0.0273202536462175 -0.113145091275419 0.101302961086231 -0.115480747085171
0.0956021455261714 -0.084697405982274 0.17267723415492 -0.0438528586947662
0.159163414168871 -0.0148848517825985 0.147314425271858 0.0889402196333693
0.0985267892704249 0.128303626686033 0.0467726036654237 0.138050077330565
-0.0504194491464713 0.163830841685019 -0.0393750724812292 0.0277853169117958
-0.134835913448392 0.114548156027454 0.109669176836233 -0.119377141054847
-0.0771567376593784 -0.0158189075618778 0.238297508420408 -0.170816590056052
-0.0876012087525604 0.0436490461751877 0.259332820160174 -0.123530689506055
-0.0160749355108806 0.0820552159189581 0.193762971394918 -0.140837439150912
0.0606692636617127 0.0388506924918173 0.0777746273800778 -0.160075799164548
0.0626383729662922 -0.0190884247330621 0.0119655103955373 -0.139008124627305
0.0356476362875036 -0.0458799519201592 -0.00997225202036863 -0.138818718734472
0.00279224637587525 -0.0571404843790173 -0.0245323264389898 -0.147053341363243
-0.0153302125571415 -0.0500262963379561 -0.020560970536955 -0.142429113773403
-0.0179012649931921 -0.0538778370989455 0.0237480701286857 -0.156812619300574
0.0104700233178309 -0.0661489675809617 0.106647387191362 -0.14267322334798
0.0581075217376251 -0.0576994877577201 0.185864179148613 -0.0617899330087618
0.103455545045952 -0.00172962742444217 0.161521927622195 0.0801514025913963
0.0486076279925739 0.0962461459456442 0.057228227271562 0.129844166304675
-0.0570836789251431 0.0929358015861103 -0.0238116867608341 0.0216003569167969
-0.0951064909668221 0.0273709261149768 0.142539492768883 -0.126541034809453
0.0338561555639269 0.0411133315848727 -0.148843347246483 0.160206054541959
0.0361400364272279 -0.0274183585738766 0.0582708805580194 0.0208174817345341
-0.0160518221254652 -0.0368642802349266 -0.0458505308256114 -0.156856123789393
-0.0335169792521541 0.0111456075023006 -0.195621480873875 -0.104670915286644
-0.00523959544744256 0.02592180891839 -0.225843023004357 0.0792297696543912
0.00465652279503291 0.00939526789813641 -0.123691262961562 0.183301503221508
0.00215758404174111 0.00510477288450335 -0.0208538492866755 0.18279290444464
0.00631031319237128 -0.00441732735269814 0.0337407754977649 0.163121826491632
-0.00256109470121008 -0.0118528294502559 0.0494998587269797 0.156129261539604
0.00524173436105025 -0.0193521534736966 0.0325469437041196 0.158194133451113
0.0170676848093939 -0.00444624697368861 -0.00906515065093411 0.158614117729482
0.0166053457991263 -0.0050600087548643 -0.0692402858341108 0.169859197653841
0.0299530801148616 0.00904935953265256 -0.172479131810611 0.14604369449471
0.0369852065963226 0.0483811164918954 -0.261293861538594 0.115617549924157
-0.00135402413803895 0.0804179145687568 -0.244842583223135 0.177858855639516
-0.0232354256871179 0.115908236252477 -0.159363419139231 0.136029056361245
0.0258424767059249 0.0642870545398471 0.0651465621909776 0.0142803138865472
0.0371288243064199 0.0181601065387383 -0.035160743742807 -0.173309869489884
0.0411942546468782 0.00326408931895626 -0.196888982134502 -0.125001174978393
0.0439190841431455 -0.0143420042264885 -0.235826725781106 0.0654167015027085
0.0275620964491775 -0.047102391464387 -0.128643887799126 0.169165542501951
-0.00441294652458293 -0.0543109447830835 -0.0248910377430484 0.166630945093571
-0.00627062818030626 -0.0592226822080788 0.0296382109937944 0.146120103665176
-0.00737943945160844 -0.0740604388409955 0.0556965456735986 0.133728544058393
0.0415332747976081 -0.0868989413973003 0.0528740934309896 0.140622331827513
0.0900182574799154 -0.038456194597209 0.0222187150472981 0.156042191222043
0.10980117859443 0.0149910404293688 -0.04058811663357 0.183543394614445
0.0720090919222951 0.0988178616230153 -0.14325817472569 0.165278757448653
-0.00611623712264408 0.154032655291448 -0.219691427110896 0.116582216206447
-0.0788973099967388 0.16680719476492 -0.200289243616241 0.14767507145605
-0.0893414934700287 0.17070706402391 -0.139717254970255 0.0867516008683735
-0.00380175530303022 0.15653319813397 0.0880373944462124 -0.00355529233084562
0.0801369284455043 0.0891967475777051 -0.00568161711522963 -0.195422626613947
0.120071106303745 0.00756694897104817 -0.182122335573057 -0.156930391513224
0.0988481761802364 -0.051748454293203 -0.233832544395406 0.0338088605881819
0.0549727844234288 -0.100288375123509 -0.130381687411902 0.135133183580537
-0.00621365454279552 -0.109251625228271 -0.0308600615691097 0.129469232220976
-0.0178923931145947 -0.105188102217335 0.0205724770238694 0.108050817258253
-0.0163959679772 -0.121101314941671 0.0577645595933102 0.0893732887476119
0.0576933925913988 -0.141118277566573 0.0762414058532917 0.0980218358116875
0.134972462616614 -0.0806935150791314 0.0706208927441751 0.130000354731982
0.184364784628213 0.00097142732225087 0.01249332651176 0.187787961161908
0.127251881277599 0.150136225329799 -0.0953854325591932 0.185146464576996
-0.0166354005523555 0.231833476074127 -0.172278308020766 0.111916637767179
-0.128625377563622 0.232100345262854 -0.136464767325309 0.0961418101059971
-0.15039348796976 0.194865455284326 -0.0851493873528701 0.0224769356455174
-0.0518378930522546 0.229250770227734 0.126301057578319 -0.0316216574850359
0.0991393109629786 0.164869894854138 0.0416999356531865 -0.211078889797297
0.187607649092129 0.0290727338634634 -0.142815547206658 -0.187963977715023
0.150085029570138 -0.0767916239879135 -0.210209889868776 -0.00984523299006141
0.0826927577997826 -0.14007480705304 -0.12034757353579 0.0822884693185858
-0.00384999749614841 -0.15143431596426 -0.0345664190722822 0.0736688111635111
-0.0275193850925814 -0.136697243480651 0.00954616430096313 0.0551818471443807
-0.0275668202212686 -0.146625328316021 0.0533495368474762 0.031319266001852
0.0555547082940853 -0.172579683212499 0.0922359455171167 0.038145145861595
0.148904479849701 -0.11483255466883 0.116396261341167 0.0823630455191437
0.223596920986183 -0.0278716989258662 0.0699339412537811 0.171125368734986
0.16901702928486 0.163213649383187 -0.039825873667506 0.189950794305794
-0.011243435617281 0.267880740149474 -0.127165808595252 0.0971949814890617
-0.151620735499574 0.261828080376908 -0.0678594915937978 0.0302470054593434
-0.189365635167869 0.182114220559892 -0.00199354485096144 -0.0480898402610839
-0.104730430527723 0.257616792514396 0.173209874279173 -0.0651905155825548
0.0846093298581044 0.219266205243107 0.0976889793424132 -0.210364516287423
0.219480499212482 0.0616060116564411 -0.0800769105576828 -0.204018913151757
0.182349884190726 -0.0806632389735743 -0.158856806971495 -0.0586868516201171
0.100182642164041 -0.156147154556676 -0.0966927627283208 0.0153866894057325
0.000910883763038756 -0.170548352525231 -0.0347734821093949 0.0060796475587185
-0.0321304908979465 -0.147015006676608 -0.0028502240306495 -0.00576525211301248
-0.0352513484262504 -0.150911496332608 0.0433729578954529 -0.029602820989729
0.045637320231181 -0.176192052480646 0.0974583515589497 -0.0237104342119365
0.141660313643681 -0.127142609840617 0.145592536831895 0.0274467727500915
0.226224215155326 -0.0445827859920937 0.112900269592982 0.138145353877729
0.177164665856732 0.157082492359517 0.00671829812885726 0.176979028304507
-0.0115095506971291 0.262397189825345 -0.0904383992092234 0.0736729334772606
-0.156742074777841 0.249280146433206 -0.00326442654153775 -0.036436139715021
-0.189531899542237 0.137145569212454 0.0946212066099216 -0.112110607592786
-0.136825704985972 0.228936368598571 0.217893622309488 -0.0968556012795146
0.0477238078570776 0.225273574054311 0.147017975452059 -0.193523642612107
0.202671191488975 0.0828999601297654 -0.0116610310335548 -0.19800927231654
0.178145131294379 -0.0661911751406385 -0.0904858784143115 -0.0978209896472091
0.0982057968617411 -0.142915773548628 -0.0631698488849716 -0.0521806909714682
0.00268421065200906 -0.159934961447081 -0.0329523571076824 -0.0616258007575736
-0.03265649466408 -0.134995432513598 -0.0143078194119963 -0.0645740292776433
-0.0369840394336112 -0.134243469896257 0.0311252326548254 -0.0866134746012844
0.0327266120470097 -0.15443907950657 0.0965896613965944 -0.0804673689252482
0.121429352543669 -0.117005572750693 0.161500933024663 -0.0211385686495128
0.201909203344586 -0.0420412277624575 0.139573858313359 0.105504626433534
0.152587786811671 0.143160630144277 0.0378692733043219 0.155493706755903
-0.0245806894192088 0.227296216270804 -0.0613778134566826 0.0487292302362216
-0.149301898094049 0.200163554352974 0.0537105281104832 -0.0923925581400633
-0.149665818087515 0.0681968647732034 0.179823163122587 -0.159607484687654
-0.130286352425315 0.152829004075545 0.249854308260494 -0.120729288699179
0.011027177291928 0.17445447265074 0.178812655465189 -0.168707827478558
0.144610855455337 0.0733035819033281 0.0434402270107918 -0.178725485547879
0.133975777567669 -0.045665968482211 -0.0288583758529339 -0.124020180784084
0.0738086007520609 -0.104831673334544 -0.0323487715397084 -0.108321943018118
0.00224849499805862 -0.119697710960088 -0.0330220282510358 -0.116823976144602
-0.0279344832912371 -0.100469616359029 -0.0246679482270756 -0.113131470549072
-0.0318379863066017 -0.100588587469443 0.020490420047016 -0.131909648312729
0.0207278331135078 -0.116334152023867 0.095859224693667 -0.123355123559243
0.0924647586490664 -0.0924168203941221 0.173355151218963 -0.0551539086335278
0.160163607547939 -0.0259800797966608 0.155636423108039 0.0827149673241399
0.107986358472162 0.124273617469869 0.0559759344134959 0.136905855397646
-0.0418411233242005 0.169857735950748 -0.0391083204024252 0.0294022963618601
-0.130354857256086 0.122438066927048 0.101040036953733 -0.127410548143918
-0.0794880847375437 -0.0118695657625094 0.233724635250451 -0.186785374797398
-0.0861776413022676 0.0491703652209265 0.256393181958092 -0.138605362638517
-0.0116826295900858 0.0840760760830029 0.190330538537237 -0.152786158275734
0.0631665832391917 0.0358460518072965 0.0710931654082314 -0.166005435475712
0.0616422053367784 -0.0237611500515307 0.00526869632797904 -0.140767994348969
0.0326392291905987 -0.049103504624981 -0.0196646072071476 -0.142065825726825
-0.00115292593336718 -0.0581708398214262 -0.0370390084343164 -0.148154971029289
-0.0180732426174331 -0.0497795895215877 -0.0319056588840444 -0.142350857738624
-0.0208789211640646 -0.0531754976941312 0.0134973939537003 -0.160169646991122
0.00644697313997785 -0.0672866428465398 0.0994030411438172 -0.151475661723051
0.0551773528863735 -0.0616386222233255 0.186288601895652 -0.0744157967615714
0.104602678972116 -0.00848111288734943 0.169840972539725 0.0723730953882064
0.0549101806397586 0.0949937669484739 0.0662570120840025 0.128794945616905
-0.0525023032963384 0.0972091267612569 -0.0242322506991422 0.0231284309892141
-0.0947331401065786 0.0316657878159957 0.134364978185478 -0.136877113550101
0.0138930953550734 0.0518848796018997 -0.202632419681888 0.0809615374522319
0.0434909493529993 -0.00992764064759776 0.0429657697218535 0.0444685373946115
-5.51919776236153E-05 -0.0378424153757061 0.0247369562108854 -0.160212058909794
-0.0331768497712443 -0.00152250060129975 -0.133893846385909 -0.176484861106372
-0.0129842506579859 0.0233599091275535 -0.23590697681105 -0.0227949920605659
0.00182541347685491 0.0116737251443377 -0.188739537351578 0.114048131631891
0.00023870270299535 0.00731353150613187 -0.0952044318275887 0.155777428328086
0.00776991956087723 -0.00106964826644987 -0.0350301026441888 0.1598780692057
0.0036565625988311 -0.0118633465971803 -0.0176012342014438 0.161194080685383
0.0133699084291319 -0.0151388361025358 -0.0349935190157691 0.155613332971189
0.018751253303104 0.00353097295924917 -0.0751856102866088 0.139406694397878
0.0170785973460234 0.00532706533714446 -0.13421924977963 0.120980654636392
0.0208674759558174 0.0233079441085261 -0.220353822801539 0.0558105053243555
0.00925472509389291 0.0600197750292988 -0.290358535661945 -0.0102593471204468
-0.0354394659041587 0.072515105834558 -0.302995738782684 0.0478185467179951
-0.0693775779635291 0.0948419536879923 -0.199444161654022 0.0565852858885811
-0.00420531802348848 0.0686177794624543 0.0543947973817372 0.0398385014052142
0.0241389075669802 0.0345279524341108 0.0415341576303097 -0.172178216282625
0.0368868369685277 0.0221607305315579 -0.127093903817677 -0.197456225467666
0.0481358444157368 0.00813751997072249 -0.240825067187036 -0.0412561128220781
0.0457117704046189 -0.0301955939260668 -0.189300575126928 0.0979236104942359
0.0183476059671182 -0.0498356836110919 -0.0931724253336836 0.139269479779679
0.0197352566032035 -0.0564753497065594 -0.0323558706375659 0.142894866957524
0.024497743214188 -0.0703294210213843 -0.00252881414569535 0.14335551787719
0.073376155609651 -0.0624424124174175 -0.00826636148124931 0.148775098777142
0.0998626463433376 0.00187066564361851 -0.0437976962531892 0.151901996565902
0.0932110308264264 0.061358097046062 -0.113106564840346 0.148591348429796
0.0207975865833269 0.122625742097182 -0.202885580246008 0.0872036383316148
-0.073813691972981 0.138371156669064 -0.255178944930078 0.00669592280078528
-0.141451718843109 0.117590761129136 -0.249695659155656 0.0393390299797856
-0.153706343046957 0.116182007369252 -0.158960805268464 0.0223719561004073
-0.070755932122189 0.140402840437866 0.0848481999689927 0.032137222218602
0.0321892838913071 0.116612792162912 0.0795630760319131 -0.180887251077019
0.104967650576713 0.0585784232767089 -0.0982896142674936 -0.222603490303262
0.112382779602223 -0.00272117805647696 -0.227745033417682 -0.0712436485534632
0.0919884006315389 -0.0671598637834572 -0.177942885687027 0.0655661449865946
0.0392056012641895 -0.101244102221632 -0.0839188396938323 0.102616601065493
0.0282032063695532 -0.103997972663635 -0.0256705567601911 0.105123223249839
0.0351333136154095 -0.116572868618772 0.0169088955254073 0.103807573614838
0.109783179349529 -0.106210178837562 0.0304280924174942 0.119965655798844
0.158353932032763 -0.0177992860416808 0.0129817341524852 0.149189307217007
0.165895837590407 0.0788048539116107 -0.065733905132058 0.177660907783862
0.0491773715159752 0.192202010991928 -0.168921433509483 0.128032667441885
-0.11482789185457 0.204533339226278 -0.211818545533344 0.0222349894309174
-0.213624377750782 0.1554043119781 -0.16980240646074 0.0201658081502933
-0.220027403835624 0.111325092459185 -0.0811645740216041 -0.011081900187572
-0.145675906132514 0.186184527361417 0.133374947240086 0.0223044076277039
0.0167826681804752 0.193261194188748 0.130498471965909 -0.176709183686319
0.155880500511931 0.105914013068592 -0.048747971650022 -0.235593264398578
0.168770982995959 -0.0038406123438146 -0.188163821640344 -0.102945250180413
0.132995348095479 -0.0929587216162396 -0.147828103761059 0.0214962178694213
0.0584006699437755 -0.139510713835116 -0.0646207945664369 0.0508652210194529
0.0326892895147731 -0.136623422479486 -0.0150063132527562 0.0533109112076907
0.0353722441730558 -0.144797010904049 0.0361665336062174 0.050086164359678
0.120372240684787 -0.135921683036116 0.0696063788339707 0.073031363622639
0.185140662117516 -0.0439413257477181 0.0750343197662128 0.125135225781455
0.213605999291362 0.068178654543366 -0.00577347832419002 0.187644770515107
0.0824447055597684 0.22159474051972 -0.121127279479643 0.157987044338829
-0.12439346275888 0.239204775004179 -0.16489635680323 0.0285356812422038
-0.246862152365189 0.172058380241114 -0.0788940678539391 -0.00795248767502824
-0.251081529096637 0.0828376212944498 0.0244697782220789 -0.0380054823060556
-0.20687611468877 0.190562733535417 0.191451325057322 0.0125859261479113
-0.0200959103231179 0.236109700792452 0.182434165030596 -0.15202342201292
0.170217093089257 0.147851551859993 0.0165704647662512 -0.223966929330257
0.197606904436166 0.00618948444576475 -0.120875522683016 -0.125888708513714
0.155310385995014 -0.100160861233209 -0.0981835473660481 -0.0289298971405852
0.0693966348383221 -0.155845019281165 -0.0367409240534046 -0.0105448440424775
0.0322919799964048 -0.14878591689435 -0.00169664116023124 -0.00628584299333608
0.0293597291314241 -0.150901436961982 0.0520620439396711 -0.00871096941925197
0.111962146684189 -0.14341679138566 0.0996094408380618 0.018775692602979
0.182549667068557 -0.0586140021906774 0.124799519267229 0.0875189173958487
0.223125110238731 0.0528208914340657 0.0478394737723845 0.176953621217942
0.0925067607194124 0.218221428871166 -0.0720193334279144 0.16689015057002
-0.122254455918065 0.234027633491729 -0.120843456592112 0.0229849946681732
-0.2455789785638 0.158949931946309 0.0103038267992501 -0.0390890004761693
-0.23264859998852 0.0412450553174238 0.138984588654784 -0.0550568218025855
-0.225176825401169 0.150396695469643 0.245464670629798 0.00398486756960736
-0.0562362988585882 0.225248420236398 0.220609562211469 -0.11443064857448
0.144831703472252 0.159139369757029 0.0767255401837783 -0.188435609362122
0.187176918084751 0.0168641312857883 -0.042314915242704 -0.132291574296576
0.147441086073229 -0.089076280829277 -0.0387921208737091 -0.0763081448533008
0.0670768968088445 -0.145448558032806 -0.00706927153894025 -0.0709398411521714
0.0267292306364959 -0.137679539378785 0.0116037337328879 -0.0639347131155005
0.0207652515777124 -0.136302692891573 0.0633410118679627 -0.0647822555412269
0.0918544691723535 -0.128428378479946 0.120768146389986 -0.0322117987318345
0.15993184199329 -0.0577149019047533 0.158920589756562 0.0502951271313495
0.20003914853253 0.0443303917620104 0.085397218676805 0.158513025266621
0.0769323510497658 0.195563355237542 -0.0343017674615465 0.160430690317299
-0.11794758559234 0.195690347189921 -0.0828553663398272 0.0133500936401124
-0.218102243583763 0.117028525860112 0.0872912348484438 -0.0630262236270411
-0.168279194543454 -0.00356057078234562 0.235314277272964 -0.0629457364578458
-0.187149596610946 0.0833881363878676 0.283025681456845 -0.00252870787216264
-0.0676591513117617 0.163439443707042 0.237977014310607 -0.0769232115170132
0.0967905308691709 0.126410213627664 0.117544370394139 -0.146103607557667
0.138486385192801 0.0159803029490191 0.0261643126500018 -0.12810063328783
0.108844258770767 -0.0647583387445824 0.0136565296939394 -0.113937959354162
0.0496786709888796 -0.10982982171461 0.0164894747780653 -0.120326529331203
0.0169684425148034 -0.103848821971246 0.0218521883041406 -0.111127653285962
0.0119095311104984 -0.103209248535868 0.0712738628525446 -0.10959685880337
0.0647594594349236 -0.0984490202128957 0.137561798596284 -0.0715597103834009
0.122784314047805 -0.0476126848605486 0.182492004534527 0.0236777024266463
0.155917736295827 0.0414686196882273 0.108358306750407 0.144007990134865
0.0449750777724971 0.159530094974023 -0.0106456758079023 0.150690786370713
-0.109092469175 0.136063255486925 -0.0533927021897839 0.00622246267823461
-0.168389106706829 0.0557245676263759 0.146335400705177 -0.0719985435075271
-0.0712642032357585 -0.045409616201698 0.293473979219584 -0.0667064046352608
-0.103568484619928 0.00755944063619775 0.293764673080264 -0.0138879031717948
-0.0500546331984354 0.0710003833411481 0.239588753283168 -0.0563246074388261
0.0387085800988894 0.0591433712423667 0.136752140689644 -0.120740807865289
0.0627123296018528 0.00505808947410439 0.0644179503859249 -0.126693954355761
0.0481754069731353 -0.0308049477851746 0.041675743828946 -0.138049677828504
0.0216754283139549 -0.0546046246830748 0.0266055074885533 -0.150015503492684
0.00442183097312802 -0.0534480150934502 0.0272883298736733 -0.139908872557445
0.00253313799221547 -0.0570161163714974 0.0763284767535803 -0.137809276292316
0.0335372177694206 -0.0589586588381098 0.15079037205034 -0.0954444257370046
0.075849061734304 -0.0342427099251463 0.200614439494402 0.0112693132072951
0.0993643865501629 0.0348871909104403 0.123581809975785 0.140191713696796
0.0094823755096775 0.109825156466601 0.00228903440183257 0.146591677867525
-0.0878910246346565 0.0649856376038228 -0.0349597511362464 0.00732024248767894
-0.0981077111241119 -0.0120274397144875 0.180909236572457 -0.0639556954924869
0.0150709527086478 0.0505721016646146 -0.191012106521881 0.0921244013453889
0.041270687520705 -0.0122046266999885 0.045444786337214 0.0413581719948692
-0.00303703125428402 -0.0358769670896959 0.0125427971912111 -0.156542031821826
-0.0313530448381128 0.000353838635712957 -0.142076925875754 -0.162604061984035
-0.0104928739342357 0.023683566878263 -0.230535624271556 -0.00626041322161353
0.00281944190664592 0.0118867649105616 -0.174285095815338 0.124700155604274
0.000987785051111657 0.00746132673465623 -0.0810667648988883 0.157851876955723
0.00780799225517802 -0.00220832384466558 -0.021532308726355 0.157138990135648
0.00178697238848997 -0.0118593553330775 -0.00432345677761614 0.157615221412785
0.0118589234248856 -0.0157638280513487 -0.0227677284476858 0.155321610218393
0.0192550842795234 0.00169988761889906 -0.0646251331865545 0.140789823928706
0.017200415317368 0.00464499005608717 -0.122803047508328 0.124962456495511
0.0220493650738056 0.0225668073658565 -0.210972803832311 0.0659747537200299
0.0131494577399052 0.0575874280237159 -0.283036759442642 0.00875486054110456
-0.0304330955200934 0.0722247909177375 -0.290152560342299 0.066776113190457
-0.0626065090688807 0.096269833347935 -0.189153542622541 0.0679700950284777
0.000451887409025103 0.067822251327191 0.055674484696303 0.0366532381573092
0.0256380336160608 0.0312656019014437 0.028152888276411 -0.169458697491406
0.0374453085971335 0.0180086090569256 -0.136570392438342 -0.183911168060739
0.047533885031585 0.0041803268147886 -0.235577256590744 -0.0226402197700274
0.0416149072598265 -0.0325482405587044 -0.175520677155539 0.109164939849021
0.0142210056838181 -0.0496139618764828 -0.0803055257990236 0.141283976423034
0.0149577535944176 -0.0570313237609645 -0.0201105286864736 0.140250152553453
0.0179870150894819 -0.0698751847279821 0.00849746517954794 0.139555896841632
0.0664350543418753 -0.0665394025664985 0.00243241817396984 0.146488441404388
0.0978939330325173 -0.00550208180927148 -0.032805287482444 0.151327642506806
0.0945840003507023 0.0530085553008148 -0.100461281176255 0.151262553225338
0.0285575737506814 0.118667789810468 -0.191885995758507 0.0955602038919579
-0.062239978765273 0.139589865094192 -0.247887871126177 0.0233154432856376
-0.130444847484527 0.122890786773242 -0.239998235360539 0.0549375688120777
-0.142435424198225 0.121446092502842 -0.15171475207222 0.0324294503559045
-0.059298070620872 0.141505641508584 0.0853017560440478 0.0276205560831029
0.0383169536437997 0.110436595035301 0.0653808154074245 -0.179798686832614
0.105958089891574 0.0486367229895353 -0.110533889940097 -0.209043657766618
0.109107915734288 -0.0109067304198341 -0.224601671799871 -0.0524969274730438
0.083595858491465 -0.0724482785101281 -0.167618243058269 0.0764547283391766
0.030190241745483 -0.101195871950758 -0.0740551966874586 0.104966116257775
0.0198747406759909 -0.102733155796144 -0.0168668441346604 0.104183637130561
0.0251533786228934 -0.115407626466389 0.0244955670013773 0.0996116183858753
0.0981430911659864 -0.111658290323622 0.0386129562278128 0.115793396147436
0.153569117419485 -0.0292073175731409 0.02189774160081 0.144881034236737
0.166524722606845 0.0644191418654208 -0.0524541702311284 0.176679109656829
0.0612392390800337 0.184196418798134 -0.15623002957903 0.133212827477284
-0.0987655042145198 0.207009626404344 -0.204657095976377 0.0355652233266713
-0.197645359944433 0.164348230206246 -0.164496355141346 0.0308734530260065
-0.206843413776422 0.120928899652144 -0.0783229473173391 -0.00381280725506881
-0.128943135243247 0.191481457092384 0.131597592413355 0.0150934361297429
0.0284096017402136 0.185639190474492 0.115362799012024 -0.178180026602995
0.157822995320823 0.0910758777094214 -0.0624233170301016 -0.2241905542319
0.163193291704792 -0.0161803141031543 -0.187791033380398 -0.0850960326910803
0.121076752904957 -0.100200542642472 -0.140838497968669 0.0311468122381261
0.0452829360610133 -0.139812281741988 -0.0594981602898679 0.053308733471125
0.0217042911203679 -0.134659994596686 -0.0103095975314404 0.0531260491656812
0.0228908763468883 -0.142411599935584 0.0388171189661474 0.0459735881886662
0.106324074327639 -0.141248982828764 0.0734059626769533 0.0673802401926743
0.177651068700458 -0.0566781223754949 0.0813702909785111 0.117047738743347
0.211468744596625 0.0499076681201761 0.00741474314479264 0.183033595558926
0.0952543641384075 0.210068380385977 -0.106859192574465 0.159312300064544
-0.105320164580499 0.241661441916974 -0.15827992930745 0.0383592372498779
-0.228616994990982 0.182467608347808 -0.078729007088722 -0.00236860339929402
-0.238596761757436 0.0950379720571113 0.022895247737196 -0.0371721263084905
-0.188230946832816 0.198952340536535 0.186530334891206 0.00205350124797411
-0.00422901289225099 0.229742230334415 0.168440010846703 -0.158011843192975
0.174854582054266 0.130781067740508 0.00267722770896002 -0.217323041941428
0.191612791045354 -0.00806211164968573 -0.124403962905759 -0.111721884299379
0.141726206943223 -0.109351615057317 -0.0963761009148002 -0.0213902106986305
0.054816641249074 -0.156168017852563 -0.037409783982443 -0.00820649891902343
0.020241892163329 -0.146010781419293 -0.00192262000474029 -0.00510855957424947
0.0172458932015844 -0.147985671141629 0.049665860134863 -0.0121384294173105
0.0974153950839034 -0.147750801001704 0.0982183826668808 0.0121891136634666
0.174223209863653 -0.0705716175492315 0.127296252490549 0.0766909356132706
0.219770082999978 0.0342601937266187 0.058660279314581 0.169590955331379
0.105349887933195 0.20624691255421 -0.0584858744792565 0.165040819810548
-0.102964907913409 0.235702723931244 -0.116445852265411 0.030140465704378
-0.228148529335844 0.170047462051296 0.00514518285264177 -0.0384077212613439
-0.223933637246403 0.0539297213006264 0.132128018536474 -0.0609573111197923
-0.20798860360114 0.16223782531975 0.23828005730966 -0.00963098534791373
-0.040449037448811 0.221247186629452 0.206830022686844 -0.123136885879947
0.151079735714742 0.14406954004925 0.0634864107686501 -0.186106441423328
0.182341970480778 0.00256520742437021 -0.0478063678748547 -0.122723445350139
0.135581110042187 -0.0979204949422037 -0.0425290266479036 -0.0718818875331544
0.0526567891856324 -0.145974794258861 -0.0133472155462542 -0.0689705286427121
0.0155288576636568 -0.134967779835532 0.00614048388570868 -0.0621405120654484
0.0104705131977847 -0.133039109743588 0.0567449629958611 -0.0671703813372791
0.0792072613687087 -0.131759114418717 0.115021573932209 -0.0391878947550735
0.150894743431346 -0.0681323752744708 0.15799329328568 0.0376714655298694
0.196734253094651 0.0279456472669735 0.0938121852579247 0.149595730754645
0.0889953715161045 0.184388202973486 -0.0220550034315645 0.156800850884423
-0.101046485066666 0.198254284493969 -0.0801735667952231 0.0179158007679895
-0.20369312453753 0.127636596795939 0.0775313022507011 -0.0670583353746588
-0.164174664810485 0.00693751852094263 0.225525076822151 -0.0756021661015042
-0.176034991292783 0.0940826986750541 0.273532760395365 -0.0182484478118751
-0.0554712935602716 0.162232181315279 0.226686599966556 -0.0880240525719226
0.101527763336738 0.115870117056442 0.105878216723621 -0.14787399330213
0.134982052748817 0.0053570892686903 0.0180747870362201 -0.12412512880587
0.099963384709911 -0.0708847566696935 0.00558386079245095 -0.111994560913617
0.0389856254754707 -0.109222736567546 0.00539328726601129 -0.118693988303532
0.00848448250083942 -0.101691715415852 0.0120894360449987 -0.108386270904175
0.00409789828921744 -0.100442664662968 0.060665945134901 -0.110811476912722
0.0559670336324621 -0.0998442415216826 0.127702259668516 -0.0786292829199653
0.115381011786515 -0.0551749510894847 0.178975387163403 0.010587870557865
0.153291100774046 0.0280029912325097 0.115235705741366 0.134088236198974
0.0546056068556336 0.151034955508555 0.000801705216777504 0.145990480573345
-0.0970215347388002 0.139046321053895 -0.0520899866646609 0.0092868559330731
-0.159127558488801 0.063769385135725 0.134191234595256 -0.0798266550338755
-0.0717860791785066 -0.0393458089732859 0.280908823450341 -0.0827282341214312
-0.0997141758098844 0.0141557760210088 0.283348914650646 -0.0309694407305817
-0.0435313777359618 0.0714753782784172 0.229488117584423 -0.0680798347764196
0.0409471095462015 0.0545455505841094 0.125458727340881 -0.12366383528956
0.0607104742635562 0.000213619440304555 0.0556465611585923 -0.125359028965815
0.0441362847682235 -0.0330980739345236 0.0303092099103004 -0.137889648569809
0.0162886971133606 -0.0539482991433273 0.013170764530744 -0.147423952205364
0.000686834648012536 -0.0521041226372913 0.0151173505461295 -0.13707337581073
-0.00141460733625214 -0.0549844488343358 0.0639316705411329 -0.137480007094924
0.0284075618181937 -0.0591380625510458 0.139160124943579 -0.102499672371767
0.0708554961260962 -0.0386291838173875 0.196126541082354 -0.0034788048559027
0.0981999237848132 0.0262295892970637 0.130144217200446 0.128182945870993
0.0171020870939106 0.10550745840963 0.0128114485843254 0.141773640891342
-0.081418207333598 0.0686642519476591 -0.0348836596362298 0.00895256566334957
-0.0955398981708163 -0.00603160097881325 0.16817167359703 -0.0745723117172932
0.0158110477036486 0.0489162281272742 -0.178452707480176 0.0978350446337484
0.0388619283656531 -0.0132731220600935 0.0467008892978257 0.0393090489935236
-0.00376035550069578 -0.0339046913420835 0.00430356942279998 -0.150066125352895
-0.0299376141792903 0.00152657261460398 -0.145139636779814 -0.148886471913864
-0.00857868011623184 0.0234038101624665 -0.220744977731489 0.00584160386098347
0.00373805237277251 0.0115425158397128 -0.159668275989351 0.129643326656045
0.00218103667717797 0.00716411759401137 -0.0687845063873323 0.156105671493603
0.00741896140685834 -0.00262707283554628 -0.0119090897328839 0.151635162962544
0.000616401379283409 -0.0115320491125218 0.00537311009028079 0.1520545717081
0.0107469370944024 -0.0161799799466703 -0.0134250526655759 0.151731098088359
0.0194558442775385 0.000338306213779033 -0.0562105236649721 0.139586907324334
0.0172748870398135 0.00375463633839355 -0.112731728243944 0.124339065996274
0.0226921090096771 0.021436967987767 -0.200632632980586 0.0713030444163952
0.0153445347982484 0.0545123898776488 -0.270809613088657 0.0217143001445278
-0.0267204357836005 0.0704284104143679 -0.275461452186195 0.0784973012147699
-0.0566462108735088 0.0953988435550479 -0.17828999500205 0.0746564461141361
0.00405785533729125 0.0654465684130987 0.0566183595335996 0.0339251719361239
0.0258365529492804 0.0290539252411968 0.019025286795354 -0.163060206170476
0.0370963505634862 0.0144249148644627 -0.140070760758483 -0.169595910965146
0.0460138524157127 0.0013319653936166 -0.226452381261602 -0.00904098966057539
0.0380113757278265 -0.0332531652783217 -0.161984361511032 0.114437100435919
0.0107095490852517 -0.0482175739048901 -0.0692106419669856 0.139986357754466
0.0116561693007882 -0.0550730142169335 -0.010838259477482 0.135566035208173
0.012948190285912 -0.0682996753642219 0.0165820650654297 0.133880161833307
0.0598378914569521 -0.0683046886876536 0.0105424603009475 0.142029794856845
0.0952298652492848 -0.010797354556631 -0.0248014626084317 0.148043511928068
0.0942395682594816 0.0463239958869001 -0.0891208558377097 0.149372839907205
0.0336870347131358 0.113338104678153 -0.181190292734469 0.0990067657901495
-0.0535965612010848 0.137446708386356 -0.236927945277386 0.0339857115684035
-0.119941825299277 0.12331982361187 -0.228125282975629 0.0651084095813202
-0.131876937428587 0.122520543824882 -0.143248669331248 0.0394856859268392
-0.0496746587848843 0.139495124995628 0.0840802805467493 0.0244740689734133
0.0419734072143679 0.103435359926818 0.05400131765349 -0.174513781014289
0.103872718093842 0.0398476692652915 -0.116105550608972 -0.195497292157607
0.104144610311564 -0.0166392850894356 -0.217412511524035 -0.037802271994983
0.0758912561295207 -0.074128265618268 -0.156095046416603 0.0827733261291968
0.0225639616080334 -0.0988564491826176 -0.0657707391214771 0.104613107909593
0.0133472645348442 -0.0996863815317321 -0.0100663687985846 0.100668623114299
0.0172472994575626 -0.111859651904689 0.029131323261053 0.0944081748928592
0.0875558140639306 -0.113316228273982 0.0435470670256008 0.110654450353623
0.146869586251335 -0.0370051288469503 0.0280474992251221 0.139328093658019
0.163677054885305 0.0528244446234484 -0.0418554890609449 0.172544527928286
0.0683995721203993 0.174398695973717 -0.14467572865174 0.133587424094485
-0.0849686425860696 0.205048154451353 -0.194895455005116 0.044125481610707
-0.182122454157675 0.166042940339207 -0.158332827711728 0.038114751771082
-0.193805579865311 0.124550036092521 -0.0741981241984081 0.00109661236955674
-0.1141129415375 0.190868783368783 0.127713011901283 0.0113520124858603
0.0356988729116082 0.176044770840577 0.102796962049465 -0.174783679962452
0.155939684609814 0.0778467112711474 -0.0697152212973007 -0.212140963173082
0.155400428881435 -0.0245763236769585 -0.183219380588218 -0.0702189419316653
0.109881209790034 -0.103407677676187 -0.132208091626301 0.0375914040095458
0.0343695410441977 -0.136388417590865 -0.0544870333750809 0.0535138366065908
0.0128680035882032 -0.129762820635784 -0.00652653569799289 0.0519068006194897
0.0140121165451966 -0.137197449486787 0.0399234666766867 0.0418526924675409
0.0929476602721938 -0.142039017622573 0.0746759043067243 0.0620573897367449
0.168419556541123 -0.0647441955405339 0.0837915725212398 0.108917540652077
0.205499432305064 0.0360631013434721 0.0163105353566649 0.176205449381741
0.10267880286874 0.197142699349863 -0.0953367912067831 0.156713180670434
-0.0896410733618025 0.238433587982634 -0.151087606881162 0.044346655569076
-0.211367070806869 0.185906678083379 -0.0776718286377403 0.00187611130788157
-0.225695669373845 0.101829043465355 0.021062891647225 -0.0356946830079264
-0.171136512758503 0.202072570476901 0.180135678089317 -0.00352991319855889
0.00601574233264368 0.220088405368605 0.154801633013034 -0.157814250968998
0.173897645015714 0.115830568862508 -0.00721375190822735 -0.208165456023108
0.183266912854944 -0.0188397775048752 -0.122846953826388 -0.0983712755970287
0.129354993726981 -0.113353029608437 -0.0925419423688417 -0.015782599684047
0.0422486956752073 -0.152636308199715 -0.0376225524394874 -0.00675031276794696
0.0107512417554098 -0.140547421303693 -0.00196973695430608 -0.00453414654653186
0.00833465507384849 -0.142476803337814 0.0469381322431803 -0.0145491497521893
0.0847268194126059 -0.147451996955085 0.0955919501553471 0.00736784338489514
0.164111678845978 -0.0781558262016455 0.126079205691997 0.0672071776446938
0.211865431797902 0.0198771408884297 0.06519417816655 0.161213102850039
0.112540494093559 0.192761786754206 -0.048146176077961 0.159575856977298
-0.0872615338671625 0.233218427342349 -0.110563012168468 0.0342748597750084
-0.211106247376041 0.173729896778151 0.00058382431947763 -0.0371226343259173
-0.213110448146397 0.0621854038442341 0.125107578117002 -0.0642405529577426
-0.192337708633657 0.166743337496441 0.228158516152431 -0.0169342587276653
-0.0286764512896112 0.213693222483997 0.193841886414151 -0.125637458749183
0.151402141103105 0.130004929550227 0.0531997490475581 -0.181130029244909
0.17469008557145 -0.00797525553159788 -0.049345422364096 -0.114012428804031
0.123628387622362 -0.101877569979647 -0.0431595507395371 -0.0675084950858394
0.0412307607226515 -0.142276466714147 -0.0180831307654899 -0.0665460473960296
0.0069530790103525 -0.129664001870106 0.00217475849381 -0.0590427815704818
0.00194153005424347 -0.127285785099148 0.0506705879851471 -0.0673201831320471
0.0682547801377063 -0.13018280343467 0.108817124604764 -0.0425765989410699
0.141885362922367 -0.0742591113834195 0.154031248703447 0.0280598565313621
0.188890501604842 0.0153082954669657 0.0985036694211143 0.140086769157195
0.0947163280658992 0.172143833993639 -0.0128483958653793 0.150070819816929
-0.0873889385431959 0.195806528947339 -0.0767677649411373 0.0208393044605865
-0.189340114422315 0.131152853685063 0.0685666913959501 -0.067954604068241
-0.157063528928073 0.0141460728031299 0.213638726449154 -0.082446790777906
-0.164318192942926 0.0991833759660856 0.261098189616152 -0.0279994298600726
-0.0457531258317654 0.157775275791979 0.214515772441624 -0.0930168310417211
0.102413800534234 0.105522331611116 0.0956399721054034 -0.145520552555683
0.129120848802803 -0.00255818921050532 0.0140079184705978 -0.118123212334792
0.0915640607037656 -0.07353880138402 -2.55630620132593E-05 -0.108942739933281
0.0304504550265107 -0.106491442901803 -0.00274895432614091 -0.114649968693622
0.00232756507331003 -0.0975653857941227 0.0050969566024413 -0.103432149292361
-0.00172003893616596 -0.0965456552374254 0.0524275108761163 -0.108990913507908
0.0479914186393072 -0.0983415464340563 0.11893266957702 -0.0815686449047303
0.107634642198457 -0.0593923276806701 0.172658025288768 0.00113867630609441
0.147750445507706 0.017950341213487 0.118367638590066 0.124082233943095
0.0600111044609602 0.141502874297314 0.00841688811381219 0.139528596108138
-0.0865917667811139 0.138083189641539 -0.0506187150140035 0.0112021232741514
-0.149231313430321 0.0687339476659449 0.122094002322488 -0.0830980364117154
-0.0704192399029471 -0.0342982340894816 0.26644384428813 -0.0932458379271757
-0.0947596089033619 0.0180252434557921 0.270184824772797 -0.0409031610015894
-0.0383931904103271 0.0700471109592642 0.218654531057185 -0.0748665064233867
0.0413153243648477 0.0500244777089619 0.115827856095346 -0.123875146296563
0.0575300629021606 -0.00324943535245751 0.0489765099734697 -0.121964554183466
0.0398937102263472 -0.0339561036192999 0.0221448733485813 -0.135445340118875
0.0124240956732042 -0.0520353963006545 0.00334750883528483 -0.142596152211719
-0.00190381448746676 -0.0494484224336851 0.00640078093762362 -0.130321752977611
-0.00383076278285868 -0.0520920448310119 0.0537150927082669 -0.134604716063333
0.0239705360024066 -0.0579995106611455 0.128160817587721 -0.105347108851252
0.0653448309028313 -0.0405906131476342 0.188120599274027 -0.0133865819644942
0.0947507487678915 0.0194442678083891 0.131909739488671 0.117458671281767
0.0218950597662155 0.0996897182354864 0.019231218144442 0.134960653668119
-0.0747852291125146 0.0693784926655837 -0.0344065369466424 0.00991977950380829
-0.0919085943254561 -0.0018603029053901 0.155342088517429 -0.0799132979753543
0.0162775394913968 0.0478538092499229 -0.168559294464267 0.100423769593269
0.0377427597031487 -0.0136055541664806 0.0477553774055719 0.0375301968873948
-0.00460617881315985 -0.0321458972778626 -0.00119709365280706 -0.144180225114262
-0.0281814939709446 0.00218406773549524 -0.145417705224954 -0.138432387697118
-0.0066798274045025 0.0226484079732163 -0.212664742466745 0.0135600244678273
0.00470473688291368 0.0112158338034355 -0.147281561540397 0.131341828310406
0.00309812958995305 0.00646131930769189 -0.0592308056706887 0.153023986885309
0.00753337358135761 -0.00279411724601888 -0.00451874067829327 0.145990946357162
0.000177148603546652 -0.0109335525850933 0.0121677481504293 0.146916858777597
0.00947045854171425 -0.0164765109157048 -0.00657331295975501 0.14811955778575
0.0192722647569968 -0.000863664274656226 -0.0497809120721597 0.137336469224433
0.0174771933126306 0.00337827540387553 -0.105353618423769 0.122611710306397
0.0225162159429369 0.0206792498751458 -0.192976855297429 0.0742871915885853
0.0165226906599894 0.0520100469083442 -0.259840477259006 0.0299509926079865
-0.0236272845870642 0.068282505239223 -0.262254858048667 0.0849226412910734
-0.052484932659709 0.0942297465057303 -0.168283810716411 0.0785640056382161
0.00667239806596471 0.063035422953734 0.0571783042061343 0.0330453443032992
0.0258460779162782 0.0271030226460815 0.0134099039165955 -0.156537653266971
0.0361012879220112 0.0117303418081592 -0.140999770977704 -0.15820035341105
0.0450547890056074 -0.000918367924647304 -0.218359590005161 -0.000469934251861304
0.0355833836429364 -0.033684429078583 -0.150720298159343 0.117190751856031
0.00838812987471023 -0.0469708336896788 -0.0613028073256814 0.137514124649973
0.00873513163432692 -0.0537737124036167 -0.00476904848372718 0.130446495877487
0.0095330451388949 -0.0656124239123949 0.0219867052194807 0.128331493390735
0.0546664968847254 -0.0686281132590441 0.0166154548279325 0.138015623216419
0.0923590240583737 -0.0149871815684196 -0.0191456100483063 0.144613699029058
0.0929846817194767 0.0412523504700261 -0.0815328247789987 0.146603059541177
0.0368772631034497 0.108696828096047 -0.172858591345936 0.10010441678248
-0.047148172459918 0.134671081638202 -0.22681150170186 0.0413667241494163
-0.111496007767235 0.122747876423106 -0.218278493323808 0.070950914157826
-0.124046662565369 0.122045958121772 -0.135662842636396 0.0435956250757927
-0.0426063874063904 0.137053976289685 0.0837744017269421 0.0232507073891792
0.0438203796721625 0.09828558285775 0.046683235370482 -0.168491330702423
0.101162373976479 0.0332664927759537 -0.1186489177939 -0.183701316006519
0.0998583761213573 -0.0206567396430596 -0.209751865551683 -0.0276538204972582
0.0698401363389457 -0.0745394437417055 -0.1456194698305 0.0866849996572254
0.0172699347232434 -0.0960867613965982 -0.0597133496478641 0.103443948057038
0.00867162744371257 -0.0962883979341401 -0.00488360222460894 0.0970325494868781
0.0117514249097397 -0.107940062121621 0.0324876690644605 0.089933063672128
0.0795196740522977 -0.114119564049251 0.0474355567756938 0.106056196887198
0.141536535377377 -0.043040038856919 0.0325283270179451 0.13390728720481
0.15947900858256 0.0446048996064645 -0.0339470533618533 0.16821609840326
0.0727777559772171 0.166215119059268 -0.136056228042999 0.131830135265172
-0.0747098672954767 0.20107637590622 -0.18623543100891 0.0489071361164403
-0.170394696913079 0.165502361282129 -0.152119705205903 0.0431665833278605
-0.183664449070212 0.126023329019002 -0.0701667851874116 0.00482043903272114
-0.103049036035207 0.189376389377282 0.125405280030509 0.00907998382283782
0.0396435384295015 0.16861556697911 0.0939752549816671 -0.170003128746267
0.152399991301976 0.0684164112345538 -0.0737889835259381 -0.201359488034197
0.148442162963835 -0.0301778581955957 -0.176914519900044 -0.059791234739581
0.101106065442056 -0.10475931671966 -0.125239096056877 0.0417856563246162
0.0265669152650656 -0.132603807328375 -0.051620874502813 0.0535591341056733
0.00716389750912578 -0.12518452594199 -0.00405268345142679 0.050316773774595
0.00738919928720884 -0.132605142318646 0.0402432113668545 0.0388837179726188
0.0832905944762738 -0.141681031900844 0.075431608631791 0.0577613106186319
0.160743841817634 -0.0705696850481643 0.0851246735646893 0.102373886893529
0.199536556291195 0.0259559203678678 0.022251024636001 0.169447895813572
0.107188285944152 0.186670939126194 -0.0873469520120358 0.152806718416556
-0.077960626030882 0.234331782222455 -0.143663522400719 0.0477306232403142
-0.196820729575596 0.18583173446098 -0.076406650990545 0.00496252351751631
-0.215165380548195 0.104463915411458 0.0203805008331217 -0.0339907441572926
-0.157277467286359 0.201763191924639 0.174561220902364 -0.006957069695515
0.01289743005091 0.211394344943147 0.144656906050013 -0.154556254369389
0.171246987259209 0.103919360469735 -0.0129443763992523 -0.199755812188405
0.176116192414218 -0.0262867534800259 -0.118949121592084 -0.0893702009431184
0.119007120359759 -0.114639360421146 -0.0888579428651157 -0.0120791845390623
0.0333065022593776 -0.148259540972667 -0.0376012783468846 -0.00554978855254876
0.00443350669385313 -0.13567360869459 -0.00229226824388635 -0.00372944995827378
0.00143788956899263 -0.136833565834503 0.0450621628110039 -0.0161362653013033
0.0753163570501099 -0.145996919970213 0.093368564114276 0.00428132646109106
0.155613428752585 -0.0831257592468008 0.124912946781333 0.0604551373907489
0.20448801787311 0.00973101023405161 0.0695258824960871 0.153754774940004
0.116044783056214 0.181365977845271 -0.0414079120935019 0.154198227250435
-0.07562454087208 0.229099128277163 -0.105507037492451 0.0364199840857036
-0.197262709746487 0.174757910236861 -0.0030636239635879 -0.0354136656679191
-0.203734597516016 0.0663261515393452 0.119411974647847 -0.0651065570204738
-0.179178001157803 0.168575220984566 0.219941142020566 -0.0216061303732088
-0.0211010413622708 0.206891251311709 0.184144544746414 -0.125982760140157
0.150396431606209 0.118686084131485 0.046031702273169 -0.174898574958402
0.167707229419265 -0.0154089841286699 -0.0490834485777699 -0.106186916911324
0.114109800317898 -0.103236474673115 -0.0432201262015135 -0.0644912155028773
0.0325854480959445 -0.138379493536721 -0.0218831433247211 -0.0638386663409558
0.00117243125986476 -0.125188031014668 -0.000475761143509062 -0.0558144922314604
-0.0038854770662154 -0.122536780521642 0.0460507826550243 -0.0667165208702214
0.0601198740051753 -0.12846931500021 0.103640775286198 -0.0452056562907904
0.133649675061199 -0.0780647635091833 0.149682397078241 0.0213067253009387
0.182116474973719 0.0059714220343041 0.101178859907385 0.131667833594221
0.0980525783021728 0.161726811756997 -0.00733690694681924 0.14393590928051
-0.0771868709198579 0.192435993745388 -0.0737104426864715 0.0228400966202976
-0.177356759829213 0.132621293746114 0.061096513173367 -0.0676348551621849
-0.151505502355189 0.018319175750356 0.203243929627425 -0.0855514911153308
-0.154675367433855 0.101768879670814 0.251271484604827 -0.0334913526515402
-0.0390876769828635 0.153486031639542 0.205249480725955 -0.0958753770310337
0.102271858588805 0.0976618486268619 0.0887476596974544 -0.14252101411198
0.123868571467628 -0.00777352890944816 0.0119668716600307 -0.113455499493963
0.0844404329133663 -0.0743709999929112 -0.00325975307088425 -0.106715685956575
0.0242892393923829 -0.103147356771721 -0.00895763634787272 -0.110888533831505
-0.00135500296564714 -0.0937115482865781 0.000423129821197048 -0.0986611220044903
-0.00560118412922211 -0.0921578219846316 0.0462481876183897 -0.106436201146368
0.0421979543214567 -0.0962395458466176 0.111224278750301 -0.0828433972278498
0.101353322651932 -0.061998497133953 0.167181760848498 -0.00570074619272477
0.141900719155918 0.0104522747954977 0.119684984710494 0.115783413389876
0.0635745750422223 0.133385234526005 0.0130036108947953 0.133445574951403
-0.0782683222101592 0.136374623015555 -0.0497243753973629 0.0123386213927674
-0.141096516928764 0.0703424588363918 0.111562772898102 -0.0838291319846459
-0.068764749933109 -0.0302097264534388 0.254078159361754 -0.0976375530959019
-0.0907904367944287 0.0206574358634831 0.25829547534866 -0.046244888825616
-0.0349418323580134 0.0684268634229551 0.209688353545562 -0.0785025633516565
0.0411929847897864 0.0469924668839791 0.10828735377359 -0.122223145005054
0.0548113206565995 -0.00566629777328847 0.0450147716123875 -0.118956422714026
0.0365399703577419 -0.0339663773662537 0.0163351669805426 -0.132897908084972
0.00968671097269992 -0.0497807769980362 -0.00415364233342292 -0.137775315527749
-0.00357036140386407 -0.0474050094885054 0.000460019424055883 -0.124407859294755
-0.00551680662302145 -0.0497374442808751 0.0465069933299308 -0.131003467289663
0.0212745180280976 -0.0562331256122313 0.11913651995555 -0.106239454954283
0.0612246478056732 -0.0416980283401561 0.181409031031536 -0.0198959046464454
0.0913138886722707 0.0142504794919721 0.132677852605562 0.109539699004726
0.0247342773900159 0.094777527811909 0.0232104876116766 0.128874046062381
-0.0698549641053921 0.0686036608682016 -0.0341934631441644 0.0109052006157241
-0.0881207337710624 0.000474897079609061 0.144710589759008 -0.0820984236181428
0.0167068711508834 0.0468808673662514 -0.160089409842317 0.102738202856962
0.0367537781225991 -0.0142997758395774 0.0491797658597555 0.0364131735648493
-0.0047246341507686 -0.0307102085200405 -0.00452502210756066 -0.138851834913026
-0.027245071748352 0.00301158464634579 -0.145958782508846 -0.129347627879372
-0.00508973085833772 0.0220258765067312 -0.20559970976567 0.0196357835277038
0.00547832506625551 0.0105903052828315 -0.137416406820905 0.13342670425709
0.00328431165181364 0.00613804629026657 -0.0517851464328103 0.150576397761874
0.00725249307782976 -0.00353099896925843 0.0016327691824209 0.141156570891001
-0.00013250498756633 -0.0104711587429422 0.0187661434030342 0.142553414310512
0.00887516413473128 -0.0163666621261682 -0.000466772140825187 0.145299115258257
0.0197995741971373 -0.00138643317034359 -0.0449081627983032 0.136022246955865
0.0175122057394911 0.00308912981405452 -0.0994719181174078 0.121057749694596
0.0235129450848393 0.0198949732995443 -0.18645472130272 0.0762001551738916
0.0179005548969857 0.0496856573243161 -0.251130881464531 0.0366972869295598
-0.0215159838003311 0.0668039929812555 -0.251052200935073 0.0905128201447445
-0.0485585596114913 0.0936819184789658 -0.159989716124584 0.0823641681701765
0.00893256940194756 0.0614670956438375 0.058065067895179 0.031799738623464
0.02624326276952 0.0252644074060518 0.0081929982442314 -0.150987335175427
0.0351211087198946 0.00939943979426273 -0.141952823991935 -0.14897686091958
0.0438319860644469 -0.00295573085944762 -0.210986975821118 0.00659528757465649
0.0332531095397393 -0.0341504127340312 -0.141304319742869 0.118592674883674
0.00675398420030845 -0.0457717076802772 -0.0544600646912539 0.135682498685537
0.00712273888217754 -0.0526279248499462 0.00018901542297043 0.126846393082387
0.00642806289971279 -0.0637388621604854 0.0267097163465493 0.123819367654272
0.0505398395600935 -0.0690704385352179 0.0218868817196777 0.134431909424805
0.0902494121444174 -0.0185084059464786 -0.0145348249980863 0.142126085340203
0.0920454633203766 0.0368440282727095 -0.0748494617913379 0.144137546361782
0.0394293637057009 0.105332199083654 -0.166182510814326 0.101382471560677
-0.0414666328126932 0.132306176367855 -0.218960056457452 0.0469554055497811
-0.104831703280674 0.121430717161558 -0.209775548411378 0.0756530507350517
-0.117382626802353 0.12243061105291 -0.129076898984498 0.0469516448290855
-0.0364900154733637 0.134938315874035 0.0836787213813927 0.0217473813480711
0.0450846848607508 0.0935076577864677 0.0413820139911586 -0.163267094340708
0.0986878755163003 0.0281520806023929 -0.11994160592954 -0.17442244322881
0.0962274077261489 -0.0243523808514545 -0.202963715235111 -0.0191021288482459
0.0646039733967528 -0.0750482083340634 -0.137547232933269 0.0888279677200463
0.0128411439123838 -0.0933832322245419 -0.0542899148101181 0.102090790682811
0.00558824437836316 -0.093448639647275 -0.00107957470116379 0.0943117827824336
0.0068723830855355 -0.105075244454844 0.034954628973932 0.086228645101254
0.0723146625024789 -0.114066283433551 0.0509733956515068 0.10245288283705
0.136677142733614 -0.0476485849370134 0.0355160446720282 0.130373776016714
0.157224686853403 0.0367966790695868 -0.0279571572012494 0.16425847027534
0.0768993006880803 0.159270693140815 -0.129178405951724 0.131274456930177
-0.066722974035579 0.198597900968964 -0.178766472879217 0.053739416104194
-0.160458125859806 0.16530633988285 -0.147180190422671 0.0473323478136968
-0.176131801530518 0.12654952669923 -0.0666004034239066 0.00746623115124126
-0.0933997413608886 0.187551613055896 0.123701885401591 0.00757491631146569
0.0424564142201525 0.161524757873869 0.0870925804272263 -0.166368671627533
0.149763890815715 0.0599990287600255 -0.0772452834410199 -0.193122154421927
0.143070187155654 -0.0351216911823871 -0.171597683076496 -0.0513767042415798
0.0937418103351914 -0.105888557538737 -0.118666490660582 0.0442456158391642
0.0199509468936306 -0.128996715492918 -0.0485667356834765 0.0528528368473162
0.00240354245103124 -0.121527607512942 -0.00159573675555309 0.0484335269544148
0.00195445505027384 -0.12829390485438 0.0404662602606167 0.0362392428657515
0.0747283942254945 -0.141058028719549 0.0765049048003324 0.0544000224498072
0.154060745693481 -0.0753858344486736 0.0862545324549414 0.0970327704517537
0.194220129896848 0.0176576225353144 0.0279814963802353 0.164182771817582
0.11079569381686 0.178041395129365 -0.0808218982063324 0.149635229771329
-0.0682869869237889 0.230785942537061 -0.138182858761963 0.0510753147573889
-0.185461897469278 0.185381411379004 -0.0757120600991198 0.00811849260307153
-0.206587598684596 0.107939965850433 0.0202273847126504 -0.0326110744039058
-0.145767061344807 0.201542978063179 0.170362984744662 -0.0094947690128911
0.01817501583826 0.204971501848818 0.137034949393484 -0.153317750235788
0.168512044452744 0.094662110910664 -0.0173556110462663 -0.192900142473952
0.169658619963601 -0.0320900042899517 -0.115611393805221 -0.0817369833012049
0.110752239093657 -0.115984808798779 -0.0847049052250879 -0.00993598366058578
0.0256447340160257 -0.144810199909498 -0.0377925644272367 -0.00397991841780555
-0.000607666541661929 -0.131440124544617 -0.00185850525453116 -0.00289112873074117
-0.00371298687586116 -0.132149450433011 0.0428988786203749 -0.0169828961661611
0.0666560661716557 -0.144549313089459 0.091981125976405 0.00155863368070556
0.148411865212329 -0.087761618905661 0.123651346166556 0.0548682358098053
0.198296779662386 0.00109970679903031 0.0735079186480905 0.147821284266907
0.119543591991142 0.172089253171193 -0.0356980664440889 0.149611454663426
-0.0660398273708927 0.225459089881738 -0.101228529622435 0.0389446983817375
-0.186042447085848 0.174220148560934 -0.00615753583136515 -0.0334067440322266
-0.196699221545224 0.0697838098350021 0.114681740090961 -0.0656394718329742
-0.167827395277695 0.169342844669537 0.214072587308486 -0.0252312090652411
-0.0150339727938071 0.201667491501859 0.175723689428687 -0.126737222298379
0.148866689025561 0.110120348348985 0.0405149650135982 -0.170251077289681
0.161729851821177 -0.0212513316106427 -0.0479164560438002 -0.10089805812716
0.106263484583478 -0.104479687317776 -0.0431394351517736 -0.0626221008727351
0.0256646886849491 -0.134543415983592 -0.0248450338414868 -0.0612676972899983
-0.00363706800892287 -0.121055223398234 -0.00210865948805966 -0.0535329010600502
-0.00774074537048722 -0.117626785346915 0.0414928574247695 -0.0663806598355371
0.0532178749971052 -0.12714165928141 0.0998458552198754 -0.0470744227064296
0.126922451879316 -0.0817969523366239 0.147106475981206 0.0159816941773053
0.175505279317206 -0.0017456817072819 0.103743470989561 0.125043632501588
0.100824830300777 0.153034333661589 -0.00248008026383733 0.13884472886309
-0.0686994408256285 0.189583227666809 -0.071531840020382 0.0242681487004156
-0.167664742645238 0.13358949345116 0.0545186524215366 -0.0667394099623557
-0.146697318515689 0.0222485481231091 0.195180743178541 -0.0882584565015932
-0.146778621316885 0.103867974463508 0.243720470334027 -0.0380808961110573
-0.0337628856576169 0.150107919191933 0.197133464478654 -0.0978816726764439
0.101503991664723 0.09096091254825 0.0819981756318833 -0.139932238250905
0.119198505229104 -0.0124784378201777 0.0104256917675625 -0.10975376258197
0.0788240105988201 -0.0753023314747202 -0.00623984165560481 -0.104948660895953
0.0187231889944184 -0.100472059122438 -0.0141397028234305 -0.107263898383598
-0.00489846504206953 -0.0906420076049206 -0.00353532117877469 -0.0943773375130927
-0.00873612094027739 -0.0881228278902803 0.0408469684225703 -0.104467002737293
0.0374705409615106 -0.0952369817652479 0.106053759171697 -0.0840768030476079
0.0956869634485217 -0.0637753954647735 0.163010007493709 -0.0115763379522045
0.13695352043164 0.00389947266255271 0.121134204688353 0.108687985403705
0.0662784341825477 0.126801552742973 0.0168423344337423 0.128272725018747
-0.0708656861766521 0.13495405956166 -0.0484629992330143 0.0135305193491393
-0.1344397405403 0.0719106189101198 0.103296837882898 -0.0845950836797307
-0.0677341443604749 -0.0276379103702933 0.243384641501149 -0.101730237459446
-0.0876165432774981 0.0229923081147471 0.249686777629747 -0.0505774741828552
-0.0320943206441753 0.0675332463482322 0.201728707491521 -0.0821952519873785
0.0412037820250729 0.0443601644777017 0.102285510177209 -0.120124841542643
0.0521474324489494 -0.00735425590671949 0.0419238125748666 -0.116685533401738
0.0343134515428437 -0.0336902200560113 0.0110618189865078 -0.131114540615924
0.00747101288994819 -0.0479216111965452 -0.0102160563844069 -0.134003479997644
-0.00508958604772005 -0.0457766685689281 -0.00441275285288423 -0.119563962072572
-0.00707674501007101 -0.0476045946810011 0.0403097785828715 -0.12796318852518
0.0188138285276647 -0.0550244216242816 0.11188791521837 -0.106983466660918
0.0571559561473962 -0.0423017143271296 0.176054436471799 -0.0257982228193104
0.0885451521736787 0.0103426821988389 0.133346530641914 0.101960372333466
0.0271848972003064 0.0908948900540999 0.0269864733844837 0.123347960792875
-0.0658694008547949 0.0686908375794095 -0.0342343429909512 0.0114259782850585
-0.0854044881247837 0.00253592180638614 0.135287656968075 -0.0834177712475284
0.0074419443571097 0.045779790388955 -0.171281473949571 0.0725501924318299
0.0361954958645136 -0.00703803757469842 0.0424379702470464 0.0455785661888128
0.00319509529614415 -0.0284601941309134 0.0210175531427804 -0.131486218982169
-0.0229010324627577 -0.00169165982726491 -0.11753017291125 -0.148785374026543
-0.00521866571556684 0.0183422906722609 -0.199769261598445 -0.0168372368826812
0.0053579733703177 0.00974477048447928 -0.154212610216054 0.103743617781497
0.00329547025250526 0.00608532590166301 -0.076731731828036 0.136589187534725
0.00828739031846257 -0.00343966426839239 -0.0235619371020642 0.133558073591047
0.00163688283066728 -0.00990976261769524 -0.00645031325994424 0.139418620859642
0.0112006525267563 -0.0144791425764766 -0.0262348561333989 0.138534907450573
0.0198024653267819 0.00171167601386149 -0.0677650417389818 0.122127663063303
0.0169943358226726 0.00705203485013236 -0.118140222581631 0.0951280722038895
0.0176208872685969 0.0258488347250033 -0.194352379664279 0.0388740993849224
0.00658043073068453 0.0522101987664321 -0.251634351399163 -0.0100139524204197
-0.0336657337043219 0.0591813464123411 -0.264562830554455 0.0390769136629157
-0.0621434125644913 0.0767569366604827 -0.168262260212221 0.0526148517640154
-0.00202636418636433 0.0596356035873633 0.0502768452430847 0.041869739157612
0.0219498819482955 0.0292744531810769 0.0345178865553331 -0.139784352365915
0.033641366618583 0.0142440289049995 -0.110018550294608 -0.16584470765682
0.0452442720500872 0.00285171087250981 -0.202267553652574 -0.0288360200941557
0.0386651418688497 -0.0278547589797838 -0.155078007073977 0.0908936163549555
0.0146489088468016 -0.0425010719210925 -0.0763912641869203 0.121464416898234
0.016249360110076 -0.0501363263780761 -0.0221788753338604 0.119978174714214
0.0181520508604215 -0.0596065945857105 0.00480235262204142 0.122877182790129
0.060141622454958 -0.057621883716539 -0.00163762857297755 0.131611712557795
0.0899135931219766 -0.00180290420392657 -0.03676009870543 0.132629119673645
0.0810120076855871 0.052691466767286 -0.0970944299647482 0.124057501628328
0.0165721526659272 0.110896928162484 -0.178678391748193 0.0690432676668115
-0.0661027277552135 0.120213965523936 -0.2240851909314 0.00569935761137153
-0.124297560033883 0.0949000247796857 -0.221272805691845 0.0335673131889749
-0.132399360217038 0.0913063131134825 -0.133463891913587 0.0246001701762324
-0.0560873886514553 0.121368297828655 0.0740887738449663 0.0347260757711935
0.0276301492843059 0.0972478820705724 0.0658075220449749 -0.145403507222955
0.0888844297118911 0.0423023401352384 -0.0849757912847504 -0.18524722902238
0.0976279463107645 -0.0079565400004285 -0.190679671783412 -0.0519119131605702
0.0754694240899716 -0.0610077724684447 -0.145613198251446 0.0625381452169935
0.0275863454498288 -0.0861774026715379 -0.0705015375222644 0.0885180249285653
0.0219452392640048 -0.0900079984239765 -0.0177906028191326 0.0889899913249235
0.0254380448491493 -0.0977688641885473 0.0193449666011425 0.0884445084928274
0.088504906714247 -0.0957687705937341 0.0327473783163956 0.105676463730911
0.139670785716436 -0.021166133495423 0.0146667448873719 0.12968180552145
0.14160258101709 0.0650052938220201 -0.0531580605408998 0.152475877838807
0.0410139213448527 0.170065593506491 -0.146927025937369 0.10665250534304
-0.102492478123816 0.178722012126166 -0.187295414759907 0.0205981574784321
-0.18615043912338 0.125658509829589 -0.155170713064898 0.0183355484529127
-0.187681769513547 0.0856735178023235 -0.0673077630776314 -0.00270384121077791
-0.118306250018504 0.162162987193124 0.112960088175175 0.025232241745364
0.0131881777766152 0.161290038879244 0.108402201406516 -0.139752988639393
0.12992868293324 0.0806858075315568 -0.0407760171099701 -0.194274636564073
0.143348566529592 -0.00923008139338076 -0.15561459082152 -0.0764031942252609
0.106965229198888 -0.0844305757709424 -0.11998923830419 0.0238877946123424
0.0400462751531287 -0.1186865186626 -0.0554433012769574 0.0418341480773222
0.0241255189150708 -0.116954657935518 -0.0103888740220963 0.0466848351216405
0.0249294818451154 -0.121013655439298 0.0332633993631755 0.041832351668123
0.0958753941715113 -0.121399278744999 0.0657029550088427 0.064467992112182
0.161141675509712 -0.0443395016552112 0.0699280640055573 0.106601068476783
0.180334770815694 0.0533408840367964 0.00221496919955799 0.16275834881645
0.0703258501091347 0.194720408970679 -0.102007478507062 0.134028430004345
-0.109818765115868 0.209115959507882 -0.147875493055554 0.0250827862674159
-0.213298622338856 0.140532137681678 -0.0780716298224184 -0.00533286441296955
-0.212796104467875 0.0637228254991937 0.0224271978071081 -0.0268989457408756
-0.170287696924019 0.167598586550678 0.160619125390773 0.0154207011386288
-0.0183873493300533 0.198489490310197 0.152238967710185 -0.119390345329273
0.141627253554526 0.117003106846859 0.0152781018626575 -0.182691934657685
0.166536310927122 -0.00151861808342754 -0.0971883560351086 -0.0956002473211449
0.124496906298117 -0.0907674016485047 -0.0781514779703279 -0.0221101312421861
0.0468478379122086 -0.132184847537667 -0.0351244009195347 -0.0118254417961115
0.0226170179074087 -0.126554582633516 -0.00122496980212838 -0.0026085184495723
0.0197639659966038 -0.125531245800956 0.0445518888494629 -0.00886851169444257
0.0884283247969 -0.125441651187164 0.0903008712713481 0.0170053439512
0.158039578571641 -0.0566688258082346 0.113391182176548 0.0720825120312836
0.186511797784093 0.0381993817749811 0.0491152731458628 0.155174434444844
0.0805620092067674 0.189727364953033 -0.0582049602429064 0.141856365846592
-0.106336291197156 0.203589494093934 -0.11016579592501 0.0204355120931037
-0.21173981369584 0.130304230407931 -0.00152204732188099 -0.0321017037254631
-0.197311178510841 0.0312335476105628 0.118673927217907 -0.0430879464303256
-0.185526507421443 0.134680227751556 0.205072872181231 0.00687637064996212
-0.0488588603517977 0.190118174769672 0.184286520201158 -0.0885757557014173
0.120058068580063 0.128651742099236 0.0664939610455237 -0.151432618060513
0.156392373208743 0.00854928401789216 -0.0288543624755681 -0.102624946300056
0.117763996568329 -0.0803047466325594 -0.0295341790251123 -0.0660899550824689
0.0451607325106966 -0.12305518533831 -0.0125125413987955 -0.0646936054121866
0.017985819358056 -0.116699705840418 0.00736515167485478 -0.0503118525457636
0.0133555568544153 -0.112216961903937 0.0521390409814148 -0.0555096250908724
0.0721581175265194 -0.111093916959441 0.105602566066533 -0.0271958923193033
0.135765846341257 -0.054714859851316 0.141936608150378 0.0388316533493583
0.164888367000555 0.0306526511476249 0.0821655819339197 0.139113560037497
0.0661058179319166 0.167829387710975 -0.0243958227763247 0.137281233049631
-0.101863433221811 0.168156794525793 -0.0781611383397496 0.0114865669425475
-0.185585141664739 0.0942267913935575 0.0647286697483911 -0.0535633707982796
-0.142057335928683 -0.00272305702864151 0.201146215769025 -0.051505617945305
-0.155369517396682 0.0770650993179812 0.236721433894275 0.000886699510966378
-0.0588835399723959 0.138520654741477 0.200465531122927 -0.0586430383117191
0.0785560756085108 0.103105195695055 0.101674333734834 -0.115225676514219
0.114621666133177 0.0101054857960209 0.0286241208502452 -0.102297771434781
0.0867977382242727 -0.0568527190521038 0.0125310918825379 -0.101706624966028
0.0333992425422384 -0.0913849992175426 0.00568412253384415 -0.106925090805971
0.0109255363596886 -0.0878278084653899 0.0134497432729722 -0.089411554922996
0.00757660659883351 -0.0839560864714955 0.0577827021901268 -0.0924122597212427
0.0517247378149158 -0.0834958959842704 0.116801454368581 -0.0610335126897977
0.102642695895815 -0.043443989709997 0.160579376695372 0.0159074835240823
0.127394559403106 0.0287877325001368 0.100671416015534 0.127422289754835
0.03830401460358 0.1348266961119 -0.00447365969295743 0.129328018944995
-0.094395089925152 0.114821542840959 -0.0532620953134391 0.00521639518210475
-0.142674238111349 0.0413017439937872 0.115579086694679 -0.0614633976713008
-0.0595263824782548 -0.0343725933113842 0.250562163979687 -0.055839855985161
-0.0870812085147074 0.0110607339688474 0.247358542928626 -0.00851431840445628
-0.0429631949440674 0.0607920125910309 0.204861295461954 -0.0427599749583049
0.0302364640315844 0.050070327791366 0.118071763732679 -0.0948567633928774
0.0498523400273335 0.00367878211241953 0.0607887553548097 -0.10354136709111
0.0376956034495503 -0.0247639991570957 0.0333283394845703 -0.124780692670858
0.0141576138445085 -0.0438750548124989 0.01350002279521 -0.13161286411639
0.00296326130291584 -0.0449756564694124 0.0169750283137939 -0.113428179335796
0.00228906219982698 -0.0454957510428916 0.0609028562522911 -0.114391107020529
0.0273854709725809 -0.0489187897155445 0.125768080324727 -0.0812194623061109
0.0613966953413039 -0.0294459040476747 0.17462957118189 0.00502393627268947
0.080915576315827 0.0250124660015529 0.11191983203528 0.123119380984902
0.00799720248408343 0.0920792367100171 0.00513740527080357 0.126279638813323
-0.0761776191123498 0.0524139699617431 -0.038296547210824 0.00542057810401742
-0.0830778282223101 -0.0151942823793924 0.147198875925254 -0.0548463305164643
0.00831196861936704 0.0442132353041188 -0.162977547826995 0.0752638162824678
0.0348821641535947 -0.00823941238682125 0.0444939214612967 0.0442913199984707
0.00244413311270555 -0.0276011709280126 0.0180284300684145 -0.126942048979612
-0.0218193941518061 -0.00150304956232706 -0.117254908494296 -0.140181155942833
-0.00391981582634591 0.0170283742588309 -0.193018148724384 -0.011045760194981
0.00598926398206817 0.00887004952927012 -0.144442563529844 0.104371042574535
0.00393112207147015 0.00504790623364373 -0.0677780465675971 0.133829957295311
0.00863168054538627 -0.00377854921669816 -0.0179359231394941 0.12902572648042
0.00224484356868942 -0.00962508028470646 -0.000538981318664349 0.134343614659399
0.00975783185077265 -0.0141861320554905 -0.0203412262760289 0.135230708140258
0.0196597206749072 0.000735404319824187 -0.0621405369280808 0.12016710613946
0.0171539869418176 0.00647625369034303 -0.112018435896493 0.0936170455501779
0.0185316948318255 0.0247004551684734 -0.187354642477241 0.0412476565359691
0.00761473412868049 0.049601057042674 -0.241853287529986 -0.0034234947119479
-0.0315955264804004 0.056870659942068 -0.253002821229664 0.0442127237618182
-0.0581887218761254 0.0758464538794219 -0.160229919180736 0.0551765725073066
0.000397419288554791 0.0575477349437391 0.0514405141778925 0.0403489574862819
0.021843205023485 0.0272941001426275 0.0304385550369477 -0.13460094249442
0.0324655140558307 0.0122619375481739 -0.110539018515413 -0.156408075752446
0.0437811110942778 0.000843128680788319 -0.195320998355213 -0.0222673283738711
0.0366864689467062 -0.0284838911339549 -0.145379440983874 0.091982027535809
0.0124129393004899 -0.0417706099654598 -0.0685535687197033 0.118901172580241
0.0146106977811356 -0.0495466104268605 -0.0170408821650918 0.116170087492482
0.0158612212502498 -0.0580253608825099 0.00889947508450756 0.11869769266666
0.0553550849944711 -0.0576377500411383 0.00349299828494924 0.127872507696291
0.087497594554817 -0.00503844349739059 -0.0323719658535485 0.13021005084664
0.0798754368931726 0.0480867605561621 -0.090067564618333 0.121363259872206
0.0192581126088305 0.106948946040724 -0.171513481791992 0.0703441187059504
-0.0604986941847611 0.117542979545914 -0.2152742779418 0.0114541641438054
-0.11677855800546 0.0929822558070349 -0.21218614901142 0.0384785436193572
-0.125661810934818 0.0910004664502615 -0.126700019890412 0.0281151192134701
-0.0506708837655211 0.118392459760252 0.074242704004004 0.0336323465491171
0.0290915874106635 0.0927256809216738 0.0604283458549278 -0.140440167944687
0.085976167402018 0.0375026589249326 -0.0864453583107589 -0.175482419757884
0.0935987987771429 -0.0111195509177891 -0.18376679971212 -0.0441112906402661
0.0703967023456827 -0.0619444082191078 -0.137340693399581 0.0644525317997187
0.0233557425384378 -0.0840017454008754 -0.0643535652206772 0.0873870602895987
0.0184968204017384 -0.0878556622205329 -0.0142567179014773 0.0867925283979744
0.0213498976923253 -0.094936648632636 0.0220742220981542 0.0848969854407808
0.0814845531757543 -0.0961268750138701 0.0360997660389215 0.101740950063341
0.134587000227722 -0.0258166857246963 0.0183521621268957 0.125256318500105
0.138306893432473 0.0575114187542697 -0.0469064085267408 0.147775627330579
0.0448080077578966 0.163162502095779 -0.139489975280843 0.105198836060486
-0.0937965681081558 0.175455725658413 -0.179809595988754 0.0245572824799192
-0.176022601820824 0.124527873098255 -0.14992359263227 0.0230751440677052
-0.17987101626875 0.0869503794415364 -0.0632074161594749 -0.000598504250669912
-0.109262839976238 0.160143794093506 0.111410772027667 0.0234314348317238
0.0166645142202315 0.154688728987218 0.101204655184815 -0.136044671983268
0.126576575912492 0.0735605418749374 -0.0436886683916245 -0.185437955705637
0.136877656584824 -0.0142564288761472 -0.14982953511223 -0.0685788396047642
0.0996853087224164 -0.0852356448409617 -0.113597741853537 0.0256252545888624
0.0336106206007106 -0.115189473413315 -0.0528293508284152 0.0424032950876524
0.0190889761213684 -0.113815715401654 -0.00795293912105997 0.0452205617654996
0.0201560307985547 -0.117013371237483 0.0334009331631395 0.0399247122143342
0.0874502904569899 -0.120193419531988 0.0668940387578292 0.0606720348184889
0.154632238638301 -0.04880452303174 0.0709069311858519 0.10125537049066
0.175308687051661 0.0445141765237367 0.00729439694655333 0.157352930287089
0.0744284195362023 0.185336956983998 -0.0950902623118468 0.130246617641489
-0.0995609029910903 0.205452612106244 -0.141615192860054 0.0279986446321833
-0.200715874859681 0.139779170583355 -0.0764802747242399 -0.00184891711279572
-0.204662643463523 0.0661739080564301 0.0221936023878276 -0.0258820995681473
-0.158356478737352 0.167248196700143 0.155884930075079 0.0125726020628991
-0.0124218109964977 0.191703117068503 0.143894096369396 -0.117906876235537
0.138350986025982 0.108010261449258 0.0111336849326481 -0.175858779871814
0.159548444838635 -0.00695305090900931 -0.0933479025619854 -0.0884010797306959
0.11631150129553 -0.092021737445739 -0.0752140003939681 -0.0202958680829922
0.0402043421953868 -0.128535296658704 -0.0351340799482727 -0.0102626302458648
0.0169861596597698 -0.122915142171079 -0.000749678365825827 -0.00201879518019866
0.0149636365123016 -0.120868705118858 0.0422629403005931 -0.00968000747062968
0.0798954473853888 -0.124043797868434 0.0888452091241377 0.0140274295756403
0.149901538676599 -0.0606445557613252 0.111764435693776 0.0660229182756181
0.179953807387855 0.0297890191435239 0.0527939169251909 0.148292927368887
0.083423993098991 0.1800382163911 -0.0522711514785136 0.136627874812639
-0.0962256072882046 0.199672186928582 -0.105326163622373 0.0224967763996046
-0.20002976177977 0.129570035648416 -0.0040823835756234 -0.0298383355140307
-0.189917128208036 0.0349188190833924 0.114547657060098 -0.043647527550481
-0.175089260752494 0.135930949333686 0.198459173594276 0.00281236934654419
-0.0426902770541924 0.184752932030165 0.175390463372717 -0.0884794665698341
0.118555847323264 0.119970343673575 0.0609626138536594 -0.146514748173244
0.150563937254091 0.00272711752682555 -0.0278438231069121 -0.0972378280227401
0.110192096821209 -0.0813969721171265 -0.029751834951625 -0.0646465564953026
0.0389046458628799 -0.119399827014997 -0.0154206675686461 -0.0627270660476881
0.0131089723722925 -0.11294478396229 0.00584552797118005 -0.048415593544821
0.00923632317362088 -0.10775602233958 0.0481551180794595 -0.0550215156266015
0.0650172310725845 -0.109308223777783 0.101845735703466 -0.0292704578935127
0.128408263886794 -0.0581171545514274 0.137933332910124 0.0326744128906154
0.158370250075971 0.0227612006374986 0.0843002695018718 0.132016694255204
0.0688878430202449 0.15907711529408 -0.0195588968811076 0.131395581532328
-0.092958964478251 0.164679246744115 -0.0748980006045412 0.0127551003241894
-0.176049716662201 0.0944581511978991 0.0587202282087398 -0.0526090134556102
-0.137185655886979 0.000468150444071906 0.193294594784992 -0.0536112558864581
-0.147652678761295 0.0790234986781902 0.228505863975237 -0.00436669936298456
-0.0526491083113244 0.135600006108214 0.192206198425009 -0.0602166312458828
0.0784294247927999 0.0970663174295932 0.0954254198850966 -0.112344793809655
0.109724754592402 0.00573086938999328 0.027416575531468 -0.0987806858022109
0.0814730463419994 -0.0574022839257157 0.00884831552289743 -0.100299621363276
0.0286075103337545 -0.0882621438171866 0.000223720927806266 -0.103993356429597
0.00749322259675633 -0.085067841763583 0.0105132299267292 -0.0858817534744201
0.0045103344756369 -0.0805893729075742 0.0524372910821968 -0.090655716678244
0.0462802226810371 -0.0817921240933891 0.111144681027457 -0.0620842965311054
0.0968775686139734 -0.0454122887261333 0.155239399454898 0.0100467553029681
0.122282109616079 0.0226650279771039 0.101699115198654 0.119810290258525
0.0410730065184174 0.12824560433727 -0.000198730906529022 0.123503705154593
-0.0874647333482829 0.112998650343524 -0.0516001511316291 0.00628910584866416
-0.13592636036768 0.043280260288148 0.107187224002442 -0.062592068428993
-0.0577872038163685 -0.0319932079135887 0.24031409170789 -0.0590740780641707
-0.0838047396903341 0.0129886938072125 0.238234700615855 -0.0133252132182481
-0.0398125919525371 0.0605349840044289 0.195882932471452 -0.0458259081200547
0.030334643343178 0.0473122116231336 0.111529063313911 -0.0924376399493076
0.0478553465510157 0.0018726011691124 0.0572160133634967 -0.10160475348843
0.035156717168309 -0.0250348843125415 0.0275336272892106 -0.123278807061301
0.012436021225627 -0.0421401064550317 0.00699806795357649 -0.127420728457967
0.00169690730184455 -0.0436223803660874 0.0125461663719883 -0.109173540927513
0.000640781695082515 -0.0435698208883271 0.0550769926161897 -0.111492587345336
0.0246067674379191 -0.0475517116035673 0.11904949324328 -0.0820852332956971
0.0575789016007462 -0.0305674900194747 0.168401285379916 -0.000799306614454712
0.0777871962551631 0.0212593920759239 0.112469353780221 0.11503300739767
0.0102366271336945 0.0882530189336468 0.00829877407787728 0.120562174771801
-0.0720192428486535 0.0518900596790855 -0.0379904267249588 0.00624995495815093
-0.0805546500976229 -0.0129610101728419 0.138011213887078 -0.0570440988581141
0.00877263923761226 0.0428917548337366 -0.1555882571103 0.0750151347346693
0.0337109307463056 -0.00866535669182345 0.0455352160616945 0.0423494647572561
0.00217184056903185 -0.0270395200438417 0.0160331158582511 -0.122091696727851
-0.0208105839978805 -0.00142302425206216 -0.114792532612337 -0.133028202019228
-0.00328007370291669 0.0158925345637364 -0.18630683433141 -0.00848176359080666
0.00601910947829316 0.0076191900577239 -0.136412318876273 0.102825955722141
0.00429467932839979 0.00448431223414702 -0.0618587739567896 0.130202974923154
0.00850103656565535 -0.00516666361315295 -0.014563099818557 0.124893152877333
0.00221061254652283 -0.00925701943707053 0.00327208236120629 0.129235117064758
0.00923688644029698 -0.0138788263446155 -0.0163898568173474 0.131192891502566
0.0196085804776642 -0.000434699188845785 -0.0588204936095681 0.117290099746254
0.0165346609071395 0.00577968044515054 -0.106963673038285 0.0902523964661926
0.0182032805653164 0.0239498467278579 -0.181066857389499 0.0411118987405203
0.00828162715966446 0.0473490896679403 -0.231598288718568 -0.000871070708520335
-0.0302982492314518 0.0542565052881466 -0.242413704447096 0.0458941352099523
-0.0554411606304186 0.0737789794576612 -0.152800028876577 0.0561937267158969
0.00158381719611878 0.0548852420333787 0.0522313056268737 0.03940076010702
0.0215995009399166 0.0255941099755209 0.0281073874675782 -0.129319859706868
0.031262145894764 0.0107714483999612 -0.108184251452433 -0.148619301598176
0.0421198515858351 -0.000817616842623816 -0.187940109804667 -0.0185958963780014
0.0350425061388735 -0.0284139992888507 -0.137348631475348 0.0907715930943951
0.0112252552135427 -0.0403382927089068 -0.0635074534113781 0.116155433192769
0.0129736035930647 -0.0491327140879048 -0.0138765113169367 0.112051903284524
0.0138499438352721 -0.0565571854471289 0.01230504056981 0.114327849247027
0.0517847977821099 -0.0565818798683229 0.00690637671894368 0.123343936296375
0.0850616529805658 -0.00776095151552046 -0.028790939111514 0.126901457628498
0.0776870836568472 0.0443187836344188 -0.0856037008132549 0.11776791129389
0.0206639873140533 0.10267139681277 -0.165272465425651 0.0684582197586048
-0.0563403769489854 0.114300045744096 -0.206193479020161 0.0129263279886738
-0.112193149171125 0.0895461478517987 -0.204259482985704 0.0396910284571316
-0.120115434958064 0.0887836637828622 -0.120874718356855 0.028407814712194
-0.0461097490286644 0.11488456982583 0.0741828347671821 0.0323578238613103
0.0286899011471775 0.0880694009536246 0.0568543223139348 -0.134456613539737
0.0832373963831392 0.033909359580684 -0.0848611441018912 -0.167488826383353
0.0896646684023235 -0.0134221291060198 -0.175884300154313 -0.0392237412847945
0.0660206889142407 -0.0614859650963756 -0.130493248470336 0.0635758882528927
0.0204915482313461 -0.0805256373305397 -0.0604150976219805 0.0849389139045232
0.0160330976353703 -0.0853891518601948 -0.0116250651227444 0.0839681166420402
0.0187066644025624 -0.0917183763822498 0.0231433460165421 0.08146048832315
0.0757887449653198 -0.0938955423694746 0.0383883488367925 0.0979754644197201
0.129702808289091 -0.0282001768420757 0.0188706276004236 0.120614003170378
0.133780001127832 0.0519998537682518 -0.0424308326413552 0.143239602135079
0.0460318082381609 0.156060631911503 -0.133681550638764 0.102411578773587
-0.0873788617185612 0.170647535630954 -0.172609907837092 0.0252599109370328
-0.16741974789544 0.120607851924806 -0.144662862224161 0.0248160918607495
-0.172477640598947 0.0855049487127994 -0.0600356840337369 0.000998889654878413
-0.102355175120029 0.15609380260441 0.109341274259991 0.0224380749433116
0.0177640806280882 0.148862213541961 0.0968282999741499 -0.130920762771193
0.122675910000824 0.0682760263913247 -0.0432985488605818 -0.177586747866581
0.131424492819972 -0.0164650061069289 -0.14293893779512 -0.0631230523732097
0.0937365445076696 -0.0842822945989912 -0.108200082501615 0.0256843029889559
0.0297477399370242 -0.110946866452549 -0.0502146468418192 0.040931858689535
0.0162279978143932 -0.1104018194784 -0.00608819138068423 0.0438893308925633
0.0171427068816149 -0.112141796377372 0.0336139985348203 0.0378902372383318
0.0809333733580033 -0.11729144513074 0.0670830941670654 0.0575684588340216
0.148481278992622 -0.0515699498060604 0.069822688969546 0.0968584087521744
0.168451407242792 0.038202907993056 0.0100161479030505 0.150876204098008
0.0746631044807664 0.177430908026647 -0.0904966881407884 0.125724267621333
-0.0926598088653601 0.19980975967423 -0.13544760110139 0.028668190451241
-0.191715862237867 0.135381793526056 -0.0744886243214141 -8.34263237906154E-07
-0.196880051862421 0.0654272567451022 0.0219157409962258 -0.0245589381471121
-0.150035333971847 0.163979002564151 0.152036349286166 0.0113494966243456
-0.00979778687654914 0.18540461557345 0.137580145718295 -0.113021863689735
0.134973255554438 0.100987675188568 0.00925071457990741 -0.168331015556079
0.152810473072101 -0.0102060847535419 -0.0887173361092223 -0.0835993400548656
0.109848794138358 -0.0909201784252682 -0.0724392710604787 -0.0199941750798987
0.0354151978939223 -0.123830737919094 -0.0348832283090871 -0.0100587927112093
0.013533261560297 -0.118976106005802 -0.000501008003982379 -0.0017145806251298
0.0116951896876812 -0.115928103702026 0.0405001957734097 -0.00983115641928962
0.0738134679601945 -0.121182153207461 0.087113798860105 0.0120571102723246
0.143256504301952 -0.0624882522151003 0.108702386306656 0.0617631592531506
0.172546846868676 0.0237163377152436 0.0544264308858693 0.142164388442833
0.0834177966342393 0.171278139042593 -0.0486187132573857 0.131453039415092
-0.0896392827319869 0.194238519006723 -0.101368244923561 0.0226687824716321
-0.189776841315916 0.126102303961934 -0.00585274177433636 -0.0282202677106596
-0.182960120724864 0.0355837992808374 0.110765445651619 -0.0423592991836159
-0.16584438204574 0.133526260793244 0.191348250248561 0.00168927033011192
-0.0385450052587073 0.178831796474234 0.167939386456334 -0.0858730806862811
0.115292545218532 0.113232345458157 0.0578793041586975 -0.140166435904506
0.144394286140417 -0.000411481319131409 -0.0254916845415346 -0.0926352371865256
0.103643689010999 -0.0800606121432177 -0.0299348912719989 -0.0636691690611248
0.0342031379353881 -0.114623701580181 -0.0174198196543805 -0.0600757347504394
0.00956658981463723 -0.109061921838858 0.00521935303747521 -0.0463254817233347
0.00690273310032708 -0.103513488490981 0.0449190456798195 -0.0535295429192283
0.0594905758760142 -0.106011452786471 0.0979128341153773 -0.0304178151056361
0.122846414535856 -0.0590027954174077 0.133956142693072 0.0289838702184648
0.151765548820966 0.0177593793950953 0.0843125108181925 0.126058421419978
0.0695273731553204 0.151358058250036 -0.0173635562713613 0.125158136389092
-0.0870004580544565 0.160516013228107 -0.0723466657921078 0.0134181586239823
-0.16780262470541 0.0921668231177169 0.0537188864712499 -0.0506442895706767
-0.132345759971513 0.00171820908989172 0.186104372606867 -0.0525695290953679
-0.140360901850402 0.0787675562393007 0.219987742492768 -0.00572027263087854
-0.0490183708679482 0.13165297434627 0.18346803022118 -0.0592237805169549
0.0768389715521804 0.0919665029176162 0.0913493206224243 -0.108096226491146
0.105038998633664 0.003486470042603 0.0278176437781504 -0.0948559441419354
0.0763546016017211 -0.0563647423037741 0.00602260171164908 -0.0980750135363628
0.0254299067294634 -0.0848440489765558 -0.00344532076937282 -0.100294510422556
0.00513011929217738 -0.0820958262837987 0.00848658870038931 -0.0821539501187023
0.00336803901711467 -0.0769714455980703 0.0485424718289495 -0.0875575218330618
0.0432043229226693 -0.079096354012312 0.105820779142591 -0.0616951146665449
0.0920734023120965 -0.0458595803053915 0.149422196716369 0.00677791131607745
0.116617057871013 0.0194337382598463 0.101487466227653 0.113740831930547
0.0414701989743308 0.122577817158215 0.00123250074194403 0.117911403083803
-0.0826664089519181 0.109446607650907 -0.050334498561013 0.00705337003053969
-0.130458679163877 0.0427055296768615 0.100615145412635 -0.0605594789488586
-0.0562528199118085 -0.0300124768443381 0.231312357673057 -0.0584219005345227
-0.0800687248178289 0.0140124623325756 0.22851890049538 -0.0148720534775582
-0.0372842136099091 0.0595076245876661 0.188537508722822 -0.0455195697637923
0.0299877337999121 0.0447441756056371 0.107220815682965 -0.088561960950876
0.0457386072664002 0.000770762326993595 0.0550345331818583 -0.0983457477990166
0.0334457533682665 -0.0240704537554625 0.0235518478340849 -0.120614680719151
0.010904893485254 -0.0404552416251964 0.00267210382526183 -0.123585074797621
0.000464331036856974 -0.0417098821477603 0.0105795868979751 -0.105127877750383
-5.18715299391331E-05 -0.0412571129202098 0.0509094439604722 -0.108120089456683
0.0233311342622963 -0.0460405569014439 0.112562994147992 -0.0809728811384588
0.0544939507299231 -0.030404902572602 0.16222260287927 -0.00374306483471234
0.0738786778485935 0.0186240015546447 0.110591729401311 0.108750735291182
0.0114773232777173 0.084009514417283 0.00950293335609696 0.11448485126698
-0.0688084239067208 0.0505942701265365 -0.0369568241530947 0.00681063806315966
-0.0776880527407421 -0.0113257147803453 0.130473225423647 -0.0566311597026488
0.00867194319363376 0.0420320171623899 -0.151031059674124 0.0734137409805264
0.032984573540916 -0.00926254647742902 0.0463192839034207 0.0421683474107893
0.00238245252034645 -0.0265556046172685 0.0168595535205677 -0.118610070736416
-0.0201559436044833 -0.00114965373635482 -0.111730407496194 -0.129333394331615
-0.00302563625977777 0.0148448819678118 -0.18176088372903 -0.00817135358386482
0.00673209082073593 0.00669603200411613 -0.131713649634338 0.0999127119803739
0.00452024580123779 0.00367951700659026 -0.0583602316948901 0.12679759220859
0.00767653316215105 -0.00525887195922505 -0.0130186263779223 0.121188111932116
0.00294783708571115 -0.00939186507340103 0.00485086964723549 0.126186188013832
0.00891216864476798 -0.0134530142711186 -0.0149509117512079 0.128354043415874
0.0190535328045648 -0.000300778330078982 -0.0575046865802463 0.114787762371699
0.0161546467070373 0.00627284634999271 -0.104621559206109 0.0861719589543283
0.0179329038397672 0.0237779635609844 -0.176822105215469 0.0383961519750588
0.00828342323405353 0.0452890539568833 -0.225102824901379 -0.00259024836262475
-0.030101484165483 0.0515981332544282 -0.234574828432732 0.0433224465578685
-0.0544089790266547 0.0715027403783603 -0.14850002070804 0.0547349782749116
0.00168682091041202 0.0530742845990956 0.0529407016824166 0.0392934319255032
0.0207392570762983 0.0243464676845411 0.028448153908388 -0.12484083765593
0.0302646717887345 0.00959048803122661 -0.105150535808583 -0.143943222418085
0.0409943433884952 -0.00132321906579555 -0.182822587381926 -0.0184208521817319
0.0337316010028997 -0.0286435971086128 -0.132838810837766 0.087990277317093
0.0105453120123855 -0.0395356196164339 -0.0598382221762124 0.112860690052843
0.0117524401753981 -0.0481112478640853 -0.0123320939466439 0.109379286617128
0.0135856317569716 -0.0549956344457417 0.0127180840854586 0.111270186103514
0.0500563174453657 -0.0559696789273815 0.00819099871384148 0.121053248265488
0.0831054003402245 -0.00866656582486891 -0.0283499484058778 0.124228917597929
0.0753529853710798 0.0432155602699321 -0.0828508859491767 0.113361174587483
0.0205014532658105 0.100141044352934 -0.161712965334941 0.0650761448766996
-0.0551443853445178 0.110520907025822 -0.200259220322217 0.0124314936057441
-0.109916052591611 0.0854962714898101 -0.197488224551972 0.0385816787580011
-0.117966089113861 0.08594729014292 -0.1167758818266 0.0283030656512227
-0.0445120723622421 0.111351943446902 0.0736732768086201 0.0325940118282467
0.0276768851325211 0.0855548233346898 0.0565309789900238 -0.129459175874095
0.0800853853005407 0.0317684479155752 -0.0818050478833544 -0.162085429711002
0.0871273122133439 -0.01358069882266 -0.169958634726022 -0.0381009697470782
0.0638092899508327 -0.0603276052731816 -0.125753433077204 0.0613435298900309
0.0194353397469196 -0.0782692827111229 -0.0579580902050879 0.0829840889570928
0.0147878556326603 -0.0836986497450585 -0.00987313187167941 0.0816738330526315
0.0179801064660093 -0.0893887169829817 0.0237225565664137 0.0791819914093674
0.0734397681363934 -0.0919904518491051 0.0387757451972609 0.0953044087376551
0.126340135629264 -0.0293484189400167 0.0190306631972155 0.11860018859202
0.130143050364043 0.0494411207364025 -0.0409350360681653 0.13869742008334
0.0453476379323906 0.152342540239244 -0.13071737111192 0.0981060073693362
-0.0853461213488656 0.166225492171211 -0.166997216034093 0.0239363055905909
-0.163478049943952 0.115238654491727 -0.14042378502022 0.0241824536925141
-0.169082475740022 0.0825954396412743 -0.0574320416421972 0.00146308951676996
-0.0985576570693003 0.152088939289886 0.108175585355838 0.0235713326048679
0.0166308425698914 0.144744590703595 0.0951917502517844 -0.124997204236247
0.118490690905556 0.0654432493580669 -0.0416290006155 -0.171900006817878
0.127336959986483 -0.0171082465580211 -0.136491024550491 -0.0617328838823047
0.0905399750716612 -0.0828138337982639 -0.105054031314729 0.0237491166327828
0.0275985102089148 -0.107769646991917 -0.0489774711442095 0.0401869149046503
0.0144624556112165 -0.107323088325832 -0.00536999240712856 0.0426131837714647
0.015828447529582 -0.109284948255207 0.0328325486290735 0.0371596758255324
0.0778089641385243 -0.114839101904619 0.066754459847329 0.0553576200166678
0.144229094691025 -0.0522096304318532 0.0681033578499084 0.0942170461093766
0.163425481161589 0.0357210863903885 0.0105077447324865 0.146899256534504
0.0732164707444556 0.172130170617327 -0.0884778280958217 0.120750298678686
-0.0907280331320208 0.194355983720245 -0.131341030897244 0.0273288597261984
-0.186424153031894 0.129357906858118 -0.0733402389403229 0.000908310039739578
-0.192630419898663 0.062870870748401 0.0226590309222822 -0.023204279119467
-0.144575594014296 0.160321407628851 0.148911532600747 0.0128781351598994
-0.0100530223866564 0.180150717318352 0.134713300860562 -0.107618821198448
0.130510142474548 0.0978573345953219 0.0102240642224964 -0.162811904225877
0.148634918999915 -0.0105894895383305 -0.0831941093981946 -0.0812157951582146
0.105557314793386 -0.0891215740862617 -0.0706115176126257 -0.0208089024313104
0.0332093978723951 -0.119546012239956 -0.0348222497650012 -0.0100990283973379
0.0120684832794046 -0.115478605140942 0.00010890069854863 -0.00172173557932631
0.010803536934622 -0.112313289578529 0.0391121898958889 -0.00903877273042284
0.0706107174654229 -0.117785528988925 0.085543354376636 0.011117845391969
0.138791245755378 -0.0629641110839028 0.105473311344471 0.0599357576642409
0.166693286467234 0.0219568331484646 0.0543861462520957 0.137414119554019
0.0815873251603799 0.165996239518464 -0.0480755280749177 0.126537437699787
-0.0874779916392151 0.189350362161326 -0.0982733294762932 0.0215486374672233
-0.184558547419839 0.120784038468224 -0.0070337831440168 -0.0261895713559389
-0.178805900313388 0.0336012032428623 0.108776601271634 -0.0406410896886505
-0.160551998722064 0.130354126312099 0.187431935500162 0.00362001586841293
-0.0372241787222157 0.174115338273093 0.163609551021799 -0.0815684894517557
0.111895949438405 0.109827937168509 0.0576680531761513 -0.135116988468294
0.139960521976057 -0.00120703809230355 -0.0226437381279707 -0.0904149457663408
0.100322613757629 -0.0782621128977697 -0.0295676345975687 -0.0634998653992549
0.0319758974451265 -0.111014124894122 -0.0186671078296326 -0.0589241684372355
0.00832921228180649 -0.105835417327056 0.00454086637728498 -0.0451155308291427
0.00590887768389987 -0.0995496759752692 0.0436180784905551 -0.0517151100881693
0.0576257093054187 -0.103023829721085 0.0961824076845302 -0.0299579462998735
0.118522275770316 -0.0584584227414243 0.130175983078582 0.0283687311662794
0.145958839933628 0.0164885939931581 0.0830922328924767 0.122159234589375
0.0674853016032933 0.146336935151479 -0.0170128272225217 0.120498086018496
-0.0843087095008413 0.155999151369397 -0.0705629865853526 0.012824711272455
-0.163327946169206 0.0881538914706494 0.0503650140381984 -0.0482429011238827
-0.129050165476518 0.000895373253085173 0.181371149688228 -0.0506490348856578
-0.135761470256915 0.0767338305653539 0.214419317375787 -0.00375691931267456
-0.0473185114333552 0.12855295758406 0.179082773546956 -0.0554196223305838
0.0747592978360198 0.0892977148591868 0.0901595583232673 -0.103032231963813
0.102111990362362 0.00320332369262546 0.0289543228624198 -0.0918548135924589
0.074432687748521 -0.0550640597031626 0.00471465374779827 -0.0973544995052229
0.023973891489137 -0.0821156163188651 -0.0054275879607131 -0.0978678755552084
0.00404930335404077 -0.0794046520837749 0.00808311083763883 -0.0800065014607592
0.00272548363478873 -0.0743553679868198 0.046530683762339 -0.0843543032925157
0.0415443827212578 -0.0769244621962039 0.103402143657535 -0.0601352979164483
0.0887883929503664 -0.0453202200802973 0.144971241941629 0.00634108233408039
0.111895175836653 0.01771384441063 0.099195772799567 0.110022258804347
0.0403306682013454 0.118106177725158 0.000929569014066815 0.113415512050487
-0.0802965299642561 0.10664839708005 -0.0499378191780371 0.00711656679936
-0.126890471817406 0.0405424701036983 0.0956761270982261 -0.0582772197051716
-0.0544996792867249 -0.0292949003107315 0.225442504241246 -0.0560173893455577
-0.0770790063151409 0.0137542488677798 0.221876041160442 -0.013371052717159
-0.035468012971073 0.0578768137524587 0.183403856476383 -0.0426761298290686
0.0291070905103877 0.0436805254753516 0.105376772083362 -0.0847038839579854
0.0440713545882772 0.000922188580571608 0.055849772675371 -0.0955723543399649
0.0324686193028958 -0.0232278921562525 0.0208520898083578 -0.11842192486526
0.0108214859266649 -0.039156828258833 0.00039046216378322 -0.120450377045085
0.000127523522611413 -0.0405334415211424 0.00948727631476964 -0.101980209497358
0.000115511431180982 -0.0398628780511424 0.0489994940181936 -0.104791063346986
0.0223382008791182 -0.0445929364057205 0.108587919220148 -0.0788036535381496
0.0522333009442793 -0.029641623749023 0.156839868114593 -0.00403578429785788
0.0709641574786836 0.0178620906383039 0.108276975194503 0.105064673412254
0.0111204783583069 0.0811378830479788 0.00838399163484919 0.110298155043199
-0.0673277388446988 0.04845266946112 -0.0372565275256432 0.0067297241631082
-0.0757587923935287 -0.0106571660049406 0.124471546737389 -0.0548184086116755
0.00850664370757102 0.0421705545332244 -0.14993828575676 0.0730158985991273
0.0324498459797727 -0.0092673471964792 0.0474600490655531 0.0426693370510234
0.00255481939648261 -0.0267996531422061 0.0175305364312203 -0.117050701470298
-0.0199854144365351 -0.00207394685192517 -0.110182507342099 -0.128596971478229
-0.00304743109603899 0.0140849941592499 -0.181128367165806 -0.00916383569098268
0.00614476139766056 0.00607714336447385 -0.129601962522611 0.098723141210552
0.00460729769738966 0.0031727457036596 -0.0562582821901044 0.125122955640351
0.00770393540343653 -0.00637666289496552 -0.0125655400602102 0.120438531296645
0.00282789874850728 -0.00988315781358794 0.00570999125476066 0.124885674541656
0.00948476286817811 -0.013417979055882 -0.014171294126814 0.127884169604765
0.0194290377007394 -0.000645955069294081 -0.0577624001628826 0.114633195516359
0.0162763623046802 0.00636597357953128 -0.105218969710476 0.0840749506034906
0.0183121313362894 0.0236438976747349 -0.176614623057424 0.0359785356856251
0.00759026208938661 0.0442752569195353 -0.22199417272204 -0.00506559454069399
-0.0310520805147501 0.0503921357198554 -0.232538540751129 0.0411636811758019
-0.0549862700607532 0.0707212509529703 -0.147248489338981 0.0542309568860523
0.00168886966280719 0.0522837768093063 0.0542053830075526 0.0397072524923425
0.0199315188211116 0.0238808553187045 0.0299491691865 -0.122638906577393
0.0291362450238135 0.00916835112526954 -0.103295745054512 -0.143964722351568
0.040385505801948 -0.00198288299968882 -0.180947200621127 -0.0196425519736944
0.0332019813995764 -0.029298090365998 -0.131126882937887 0.0865364277604747
0.0106059964977905 -0.0387577522636705 -0.0590247943231819 0.111835307435194
0.0115832369184023 -0.0483378665148083 -0.011358927593991 0.108712560135785
0.01314061712217 -0.0550383644568838 0.0139272203365978 0.110527002233344
0.0495535390946499 -0.0550729783512607 0.0087511762492043 0.12011101417972
0.0827616295948635 -0.00933297240813645 -0.0285763547086947 0.123799058645421
0.074455163400107 0.0422602080091083 -0.0833514811772291 0.11090806612884
0.0203804191712697 0.0997054066616826 -0.161983024292221 0.0628910235737886
-0.0551223452561223 0.108918619124946 -0.198060803588045 0.0102400859313961
-0.110785367560127 0.0824716509189832 -0.19533401795405 0.0372600648106595
-0.118365577105271 0.0840354152699578 -0.115399314942336 0.0275911146738054
-0.044502610435066 0.110375211240239 0.0749938217529112 0.0330997486240934
0.0264164774115929 0.0846217362728087 0.0577758707145685 -0.126619723655319
0.0785659879842432 0.0314955523755424 -0.0798251205788854 -0.162019268508485
0.0863215824963638 -0.0144145490472788 -0.167761584166514 -0.0396300658012888
0.0625671565204243 -0.0605768812789082 -0.124249661913086 0.0600081274718336
0.0189246662275791 -0.0777435613175316 -0.0576363502151465 0.0819520842497825
0.0142815667464825 -0.0833930037779703 -0.00969538695255621 0.0812912512388771
0.0170627019654656 -0.0888306938203474 0.0242061648389132 0.0797626412015607
0.0722550337993553 -0.0917381859685657 0.0398089250010465 0.0952885818576804
0.125762170394716 -0.0304200847058526 0.0184610892821209 0.119206564191724
0.128836629941778 0.0489130257742011 -0.0406665864807189 0.136355016212064
0.0448099420428711 0.151413387430346 -0.131179821339289 0.0954235945850233
-0.0854804927541971 0.164373390896044 -0.165609529083706 0.0227417766584052
-0.163734873139091 0.111265637305825 -0.139699474339203 0.0244224814553354
-0.16905880311068 0.0802137812215523 -0.056460886891396 0.00125971099175835
-0.0978833199710497 0.150516608896275 0.109257499743083 0.0243907410747321
0.0155901901551384 0.143754964121884 0.095881652499921 -0.122302177702824
0.11623884128887 0.0647550647039812 -0.0397479137977294 -0.170693185198116
0.126362499539447 -0.0173992023145982 -0.133901332068646 -0.0622960633197002
0.0893206421054687 -0.0823970076489268 -0.104336698000727 0.0223695291836975
0.0269963473255643 -0.106489281508286 -0.0491457647923235 0.0393091070080134
0.0139384355444835 -0.106574070037835 -0.00500137925187248 0.0424306586188769
0.0151395233472762 -0.108102888760304 0.0330623680021365 0.0375799011868229
0.0767314471424548 -0.114224989811682 0.0670911896698179 0.0551724239339319
0.14355096407282 -0.0530525961788738 0.0672905633083581 0.0945032226587892
0.16165848452357 0.0350519254847239 0.0103615855524133 0.145638165831416
0.0723225062210084 0.171186764450463 -0.0895191180783642 0.118168667069912
-0.0904311575243681 0.192599811992049 -0.130092312596505 0.0259767316057793
-0.187178202370646 0.125104663495273 -0.0732277647960511 0.00164256152848682
-0.192257205115267 0.0606109791273267 0.0238342125000674 -0.0227097341573869
-0.143491409490867 0.157681860693923 0.14877412945366 0.0148943592655273
-0.0109248048368058 0.178780120954322 0.135104502526234 -0.104138895728681
0.128699936365619 0.0972507554459135 0.0118577246900295 -0.160690692936489
0.147411231775741 -0.0105048632324358 -0.0802998906192681 -0.0816321733154061
0.105038415895668 -0.0886058724848112 -0.0703191897601218 -0.0219601804967102
0.0322916811794863 -0.117982805300148 -0.0361822045284071 -0.0104712491500238
0.0111979810342311 -0.114249439630292 0.000637239465973153 -0.00224632450701643
0.0104464737172382 -0.111118631142282 0.0395287891958006 -0.00822466549936555
0.0693686857987279 -0.116537916355087 0.0861889372444069 0.0108334839435981
0.13828345988508 -0.0633234711461118 0.104733035204961 0.0603424800453299
0.164001936139955 0.0209554394636639 0.0541304707857579 0.136495362013893
0.081185650269527 0.165274455632172 -0.0490305862561245 0.123450153599209
-0.0869718348778275 0.187371752875018 -0.097782637343004 0.0204721665522773
-0.184419396426989 0.116567856562183 -0.00823141831880083 -0.0250008736570281
-0.177996839095435 0.0315169752135625 0.10944143843682 -0.0392108728507476
-0.159219575329854 0.129353592877604 0.186705725342656 0.00547787822376627
-0.0382545491275392 0.17319886280994 0.163932779503551 -0.077442524408604
0.110860590113545 0.108897047039275 0.0592672905644103 -0.132709463121621
0.138883698805513 -0.00080604702761641 -0.019017378700072 -0.0908487041557859
0.0998508710414926 -0.0775900902395966 -0.0304415847300133 -0.0641835200681686
0.0316403981251251 -0.10939474341025 -0.0205405709819981 -0.0586324864581723
0.00752193690146475 -0.104734850659083 0.00504613789596791 -0.0452492510616032
0.00620832877882166 -0.0981920073617089 0.0430976810230196 -0.0508205854494345
0.0567103751376682 -0.102012835942687 0.0963636510681469 -0.029389291065542
0.117041609021881 -0.0587430503990011 0.128668797790644 0.0284966685298674
0.143383944035076 0.0157987939962293 0.0830192512484909 0.121162035941583
0.0669075224114486 0.145065768472889 -0.0183398917785707 0.118280404773604
-0.0842086922020716 0.154033265966201 -0.0701537826089738 0.0118469418853702
-0.162699214040654 0.0852928270160943 0.0487148573208065 -0.0464492743403457
-0.129032983887673 -0.000144114318751594 0.18149238091064 -0.0483140290358018
-0.134610823510338 0.075850488813031 0.213001281226634 -0.00141981131321221
-0.0468410439592989 0.127112660699025 0.178312046660456 -0.0523621918005686
0.0733609604443501 0.0885423450064498 0.0912703864245591 -0.100572785698537
0.101329761449306 0.00293566253071937 0.0314792088931601 -0.091529381096245
0.0736393706143315 -0.0544309338682197 0.00387035018417549 -0.0978614765639834
0.0238767557291799 -0.0809721380163366 -0.00716829154336065 -0.0971342142143365
0.00355593631797014 -0.0786116992868608 0.00796996886261747 -0.0797443695470502
0.00268319898812289 -0.0732157821356282 0.0456960524699257 -0.0834858809986054
0.0411699519500816 -0.0766717028029721 0.102819872680481 -0.0593654151890055
0.0876825269589977 -0.0450122861118601 0.143666802011655 0.00656127210467163
0.109933283860653 0.0173669247193318 0.0982282388888756 0.109252779023601
0.0401936596641033 0.1164159205761 -0.000212210188356227 0.111665316095569
-0.0803631095562338 0.105041018294502 -0.0499283128305111 0.00622130704220757
-0.125845718558283 0.0387293312757643 0.0931295626767918 -0.0567278659708022
-0.0543151643807888 -0.0296419993209201 0.224815169931319 -0.0529830387239294
-0.0764522652736444 0.0132929418432566 0.219985170655157 -0.0108235068510267
-0.0345518087066598 0.0569415384904524 0.182374250165098 -0.04055102234972
0.0290155900943319 0.043310556708824 0.106464647476535 -0.0816783780696574
0.0439065466390392 0.00108868828051832 0.0572818711265936 -0.0950859963752147
0.0321650392149631 -0.0223563199669386 0.0200795390446076 -0.118077680041524
0.0105268125993082 -0.0387120920281324 -0.0019140938084355 -0.119171208642202
-0.000466015320194052 -0.0399390527627838 0.00930146781889622 -0.101012969255682
0.000140154794179968 -0.0391652883625408 0.0486716489864365 -0.103135192445255
0.0223088346228651 -0.0438808027242355 0.108100518575134 -0.0780822395801562
0.0511473132888623 -0.0285460579871973 0.155449482109394 -0.00429909140287162
0.0689244521139077 0.0178055480588108 0.107154781854959 0.103710753929744
0.0104254553257766 0.0802162415657141 0.00728184457304716 0.108699275444992
-0.0674975978909286 0.0480337340648757 -0.0374300619233838 0.00646371880353173
-0.0750683314889659 -0.0112377574792949 0.121537651792306 -0.0530275998311026
0.030120714068612 0.0309503613333414 -0.0726373884981096 0.148423477343488
0.0202426253851357 -0.0257794592850933 0.0667139628733076 0.00321531657301702
-0.0143313517773234 -0.0235546420248163 -0.0556684520458786 -0.106406753265929
-0.0181828114989982 0.0107787438688173 -0.167702604712955 -0.0368972598142367
0.00568634628933585 0.013413549073507 -0.150105407450544 0.10252267810295
0.00886370834372226 0.00100082352587662 -0.0435441394587238 0.157540683041593
0.00612016979409802 -0.000802620376755048 0.0318959467132522 0.134097141260676
0.00197571226331959 -0.0100058381088646 0.0640535482008486 0.10351140889795
-0.00315528657770149 -0.00978276822634987 0.0824825213899715 0.0959674902185202
-0.000401805629305005 -0.016644080099914 0.0681993492143654 0.112493913475843
0.0161019368290755 -0.0122508620533753 0.0239322208373491 0.12859261213421
0.0174643458316701 -0.00329418454055339 -0.0353728041314023 0.131480989424847
0.0296604933075746 0.0106539644971943 -0.121307704475297 0.138095222865901
0.030975141902527 0.033353112823535 -0.182824339519557 0.136124323784882
0.00102928026483446 0.0632533210128818 -0.165061842173783 0.17644434942011
-0.0063889140979705 0.0898433701665332 -0.0790651487356748 0.135079834030215
0.0306441150947966 0.0399277087299513 0.0713435842115511 -0.000320662086133186
0.0290218479632278 0.00675397675244068 -0.0463345570981317 -0.117143821173667
0.0268565552944012 -0.00883076013172843 -0.169582439018794 -0.0547883024431553
0.0311330543551144 -0.0250117358266473 -0.156588989216464 0.0923242278949306
0.00935333741138825 -0.0431033148735209 -0.0517882525751431 0.147447522052064
-0.0145737254219955 -0.0376658790042606 0.0212571786042533 0.124969423805889
-0.0207879957725649 -0.0461750705144895 0.0580560203309321 0.0936120879440289
-0.0225855290324245 -0.0525372086266665 0.0806848677022596 0.0794929548146531
0.00634761467409754 -0.0760004895929146 0.0822760542933327 0.0923355929747771
0.0621504443195561 -0.0587754658353002 0.0524247405501461 0.117235881271164
0.0883922245888928 -0.009706911209053 -0.00113397709171941 0.139670669663795
0.0794099667838673 0.073743351860935 -0.093003045364612 0.149499530486897
0.0211014866457961 0.127394511171241 -0.156166448894597 0.131400544921658
-0.04398691663892 0.139912051559839 -0.137463298056306 0.147532385911161
-0.0517165878395906 0.13704001604356 -0.0679670163945194 0.0993167981907728
0.0275826678495371 0.11215373722009 0.0848430222149919 -0.0147898193360033
0.0691212227744303 0.0523109440528794 -0.0227262433080791 -0.135520643480997
0.078474600909873 -0.0190828953090691 -0.158924490511148 -0.0851022039083065
0.0607287648977901 -0.0612247413991797 -0.157277190526467 0.0672683833579335
0.014349126556309 -0.0853776140413864 -0.0626459660105671 0.120950944995589
-0.031031375667379 -0.0727968758715322 0.00318068363357824 0.100299469670026
-0.0402402413798304 -0.0762695044841533 0.0428938370913268 0.0707632062115184
-0.0404421186652674 -0.082892196870924 0.0706883372742117 0.0489054352615729
0.0020835943616679 -0.119633307224509 0.0914107429129055 0.0522087623953894
0.0848094834173249 -0.103744753298411 0.0867177688690192 0.0838114252967192
0.137071890001704 -0.0372661473147558 0.0491128584107422 0.134549493932102
0.133588932194477 0.101161039476423 -0.0485553476167319 0.15601063201983
0.0317873821879867 0.191860002769241 -0.124230179601686 0.120367330758018
-0.0695229785401338 0.196876092018981 -0.0996843618441298 0.0987471642605455
-0.0958717934059349 0.161478136174609 -0.0364159439230016 0.0450389149134917
0.00739355969299986 0.174157333495993 0.106329330676258 -0.0389475381855237
0.0948672284234001 0.106055795452363 0.0133058177196563 -0.152916756669566
0.12783290345154 -0.014238793908059 -0.129190147228431 -0.117700286146383
0.0909137546007338 -0.0867581787472529 -0.143017117421771 0.0264395928686125
0.0226085860160727 -0.118879567585144 -0.0688759904449847 0.0774810038377224
-0.0420177275699838 -0.0999584629835381 -0.0175841872619887 0.0611431731898619
-0.0546884053411127 -0.0941289705651092 0.0229424666117017 0.0368377031702983
-0.0534830970626912 -0.0973266186064347 0.0518480666739492 0.00966048791076723
-0.0083542511982943 -0.140277173880278 0.0895826455771496 0.0028702718739233
0.0846072061756457 -0.133344285437473 0.111173993509363 0.0345418344805639
0.154890027018271 -0.0687699326927421 0.0966804558798893 0.110189119809781
0.169954087136939 0.0997606307527475 -0.00116574498679334 0.148346528702703
0.0467524583438569 0.218284201277086 -0.0953118199946245 0.100822613418869
-0.0785346002727376 0.22207933688397 -0.059746572588656 0.0376133989421944
-0.12635183924275 0.158328376556704 0.0123044353018953 -0.0198270343071161
-0.0244217923028575 0.206049594035373 0.130833690866853 -0.0693580545902638
0.0943368390649811 0.150181157052038 0.0568698828126205 -0.159843425275673
0.155716207405468 0.00405992897944643 -0.0796149445264483 -0.140386044871445
0.111247381121447 -0.094130491056487 -0.11096633745193 -0.0214517595682757
0.0311154118986375 -0.13271177401466 -0.0687778111522676 0.0209290932077125
-0.0453903894143248 -0.112394830313057 -0.038304133547138 0.0129554397924067
-0.0611820668861251 -0.0983939420548883 -0.000388085967625989 -0.00187842641786355
-0.0593691577122233 -0.0966565963007649 0.0285279662139445 -0.0303605168034061
-0.0156492802283494 -0.138158146074179 0.0779576448871599 -0.0444288460996109
0.0735067976818293 -0.138249350597116 0.119820344349506 -0.0161896764100897
0.148499473776372 -0.0831006446343676 0.126674251296211 0.0764302980464121
0.173646072958632 0.0886630222932694 0.0344503144287491 0.127844962801075
0.0458774816416964 0.21119823768035 -0.0720982967454192 0.0756379035078912
-0.0807436413245498 0.212632796683371 -0.0234795693747812 -0.024732150592863
-0.13055980277767 0.12551583540863 0.069302868951127 -0.0856153471665194
-0.0530005403396405 0.191216151610267 0.15367192509322 -0.0994798926369844
0.0696687671032405 0.160426208986142 0.0947468481245269 -0.154162701079632
0.148903545545136 0.0239508717215457 -0.0237563987277065 -0.145097737472438
0.109832121777561 -0.0809262193424805 -0.0669908888601365 -0.065069218643597
0.0334414425641214 -0.121103192117891 -0.0627716516223136 -0.0362170921140379
-0.0405054814423575 -0.104398805610805 -0.0556430884767121 -0.0349456933933368
-0.058594671808009 -0.0884388673473984 -0.0231494131433572 -0.0387835342685015
-0.0554715045425587 -0.083372692222973 0.00501162705035981 -0.06662284956432
-0.0173980197975437 -0.118276709931476 0.0607116072309675 -0.0830004248530974
0.0593369387755301 -0.121838049113019 0.118590994359377 -0.0562094850292532
0.128376595683764 -0.0743916324981694 0.140071739311711 0.045890472271844
0.149364686391848 0.0804571743868651 0.0558673120538736 0.104521085754764
0.027349477755371 0.181631370612326 -0.0547008283000179 0.051903268456949
-0.0813385073059263 0.172807196755028 0.010300956885244 -0.0758450913107512
-0.106704067651886 0.071711760827587 0.118820541305525 -0.139417319215833
-0.0637759320790385 0.135054236427082 0.168691190638659 -0.123019072624799
0.036450435489089 0.128240461765513 0.119031209598469 -0.143932714043972
0.108012707353428 0.0281131975735043 0.0207626860294518 -0.137241168157273
0.0819629954484178 -0.0563895494881335 -0.0273815241368039 -0.095561085477963
0.0267220574266174 -0.0870310638613561 -0.0557244315418095 -0.0828772844241899
-0.0300514827695987 -0.0775164822775899 -0.0683884057895873 -0.0735221730801722
-0.0460624438001836 -0.0649900535510343 -0.041760938574504 -0.0681237855875295
-0.0429894174593252 -0.0618740917758053 -0.0135020608448516 -0.0944360749505915
-0.0137120312503005 -0.0875894699797569 0.0470828075028407 -0.111248685631765
0.0433812384524903 -0.0917930331694449 0.117590376653297 -0.0825081321933022
0.10160424883785 -0.0530022850934152 0.144982989471969 0.0267599603316823
0.108507416976689 0.073470958138891 0.0670982845387012 0.0875803855936037
-0.000776368741624788 0.138353637861563 -0.0394824336222143 0.0344387039146348
-0.0792698708331972 0.111324917444364 0.0409961705254127 -0.109811473628533
-0.0607819526283315 0.00538609770403744 0.147946135840845 -0.173951701882529
-0.0524191282556626 0.0524808079725822 0.168308278679033 -0.136825891280347
0.00602000684965597 0.064575270038256 0.126664240667963 -0.137885480677783
0.0473753362247661 0.0167475493252588 0.0414067445036343 -0.130412855736039
0.0348812956840435 -0.0245525763664416 -0.00914581241513602 -0.112386237831124
0.0124948689162786 -0.0370088728201714 -0.0567540024128848 -0.107448011326884
-0.0148402130560291 -0.0363791819301153 -0.0771463951021994 -0.0941619183189826
-0.0249583640873722 -0.0321867847860092 -0.0542159689719941 -0.0863443596330507
-0.0240882078332366 -0.032882381470469 -0.0235439174827782 -0.112010378414817
-0.00906773915041056 -0.0504615547824354 0.0402629050515734 -0.128663050062158
0.0250010845537521 -0.0553348892479951 0.120290216685501 -0.0980942075075805
0.0687257626660556 -0.0272691377345856 0.14932217200402 0.0177961308053695
0.0609880439922101 0.0607768985196369 0.0719869914665585 0.0814308891477079
-0.025866784572325 0.0825244366550563 -0.0282791725297 0.0271169435936103
-0.0681350171628618 0.0377130196725627 0.0663953376685128 -0.121573612813158
0.0321625240710117 0.0302118697798035 -0.0681574962503714 0.153653026369686
0.0194486505811529 -0.0269524699618891 0.0700083049842658 -4.13990502320378E-05
-0.015299983856101 -0.0234465567000906 -0.0593643605912169 -0.106800284823375
-0.018407594073904 0.0112783255692367 -0.17187842016597 -0.0317284315020413
0.0056330105765868 0.0135460344417865 -0.150484210576442 0.11067634765069
0.0084999423312397 0.000505078368175013 -0.03904251883198 0.16127225197056
0.00636874586616694 -0.00114351064076443 0.0375929212305095 0.134283502073817
0.000792037748233986 -0.0105950891865814 0.069120754516908 0.102365242017951
-0.00393842520285459 -0.0100393688849534 0.0886055641866672 0.094209818318528
-0.000708856246883605 -0.0173743628071275 0.0741530340810233 0.112487962427454
0.0160128058176026 -0.0132918069501132 0.0279088135926817 0.131217356042111
0.0180416878810118 -0.00380273955663541 -0.034368131535806 0.13513052345128
0.0305769266013468 0.00998925387748415 -0.121743256056431 0.144817262186038
0.0316592876673614 0.0330744015489945 -0.182774270607426 0.143384560505404
0.00184938722428172 0.0649435282318218 -0.163652590702949 0.183033137058141
-0.00386994046054389 0.0916441433505274 -0.0758121185801372 0.140194781945295
0.032640346830485 0.0399671650941074 0.0746736519426054 -0.003808325274746
0.0293412702273572 0.00640983889993905 -0.0487855015335418 -0.117896978471241
0.0267414306115726 -0.00967627212398805 -0.174001022788897 -0.0503550783962615
0.0303191873900646 -0.0268294377883158 -0.157238493426926 0.0995340732500804
0.00730432282352352 -0.044240307513238 -0.0480587378017907 0.151594011184222
-0.0162373765748691 -0.0375672354668989 0.0259787454913669 0.126241996861116
-0.0231375843511854 -0.0467087401449682 0.0625000549878221 0.0920893390253549
-0.0252032971605132 -0.0530921029519499 0.0863912167485879 0.0774737577818882
0.00330654553325942 -0.078007465227993 0.0879635691589938 0.0909655760213087
0.0609659695409537 -0.0626585200836487 0.0578688288732421 0.119171491131961
0.0897974459734259 -0.0123108931581131 0.00193944324529671 0.141763020314644
0.0835826928566479 0.0720798509940802 -0.0924435602471385 0.155152100792924
0.0247471878654236 0.129163166092784 -0.155288161224143 0.136924942001576
-0.0428573111429407 0.144356106961109 -0.135471791998859 0.153659998562488
-0.0498252990410226 0.141532452536285 -0.0655191158945864 0.102474001165203
0.0312144684385917 0.113159160583393 0.087884059857518 -0.0187816266571911
0.071462722119611 0.0515894198136191 -0.0251827626151535 -0.137032347028627
0.0785657144660146 -0.0216442436695437 -0.164234833031392 -0.0818466323246386
0.0593439720060372 -0.0644454071450925 -0.158389317427758 0.0725640855609579
0.010777199004925 -0.0880503558257497 -0.0600788920487183 0.124391818160337
-0.0346098702926087 -0.072422621644323 0.0064679712594699 0.101795034431491
-0.0445755949023121 -0.0755856059041895 0.0467828741716307 0.0694749028954991
-0.044269891522762 -0.0825320613713374 0.074820499700393 0.0467212037723397
-0.00261655495108583 -0.122088505067075 0.0956954482941681 0.0500730799228419
0.0821894010221611 -0.109562572980435 0.0919506698706331 0.0837024402264109
0.13764930801278 -0.0426764384622862 0.053613974733533 0.134867275333613
0.139618720380613 0.0985649468250432 -0.0470761547066814 0.161411527803186
0.0382274431775493 0.1951453530272 -0.123620923132482 0.125150371847214
-0.0680111533396712 0.202596113993189 -0.0987057151595485 0.103840570716259
-0.0944754600624957 0.168323101915327 -0.0347021092160579 0.047267255307277
0.0132285334793308 0.17718198776276 0.108535588319571 -0.0434900547234953
0.0993834712850124 0.105967551112052 0.0118879339992091 -0.155512304100149
0.129198427283028 -0.0181976636823038 -0.134632742297238 -0.116260535720918
0.0894862127647609 -0.0918444287356383 -0.144598027079692 0.0308232646560284
0.0180216754322204 -0.122025294087874 -0.0682205022449512 0.0808915272491198
-0.0460791984943371 -0.099677226981082 -0.0165757728114178 0.0635140786884951
-0.0592985322428757 -0.0934484037633525 0.024461194975444 0.0361938004470357
-0.0588340010094421 -0.0965757282094129 0.0541900023917646 0.00774755929206448
-0.0141263311880999 -0.143052447689154 0.0921394444413816 -0.000889841644971102
0.0807657381307943 -0.140123567223487 0.11487162518048 0.0319876308649647
0.15496433871482 -0.0752268422203073 0.101480084138494 0.10800593382999
0.177072961514995 0.096431577351685 0.00196984919344408 0.151764031086336
0.0537225944794168 0.221885500852255 -0.0942091147376294 0.104562255056838
-0.075727431375947 0.228877317089467 -0.0597079104180749 0.0405463912451685
-0.125317501770214 0.165745000355735 0.0130492158803453 -0.0214629820843311
-0.0183337174828737 0.210799857575904 0.132501930259745 -0.0751695639096065
0.100967940079825 0.150196045635667 0.0553091555736508 -0.16330476155008
0.158306169908781 -0.000153698711642862 -0.084024813688661 -0.140638170890795
0.109967646324074 -0.0999308446483919 -0.113679960992181 -0.0198767911434805
0.0266156550042847 -0.136204727782691 -0.0705757307307677 0.0235572212177665
-0.0497047457317408 -0.111494468018129 -0.0390367940408288 0.0154807296099309
-0.066175722150892 -0.0977245675778834 -0.000455104407261457 -0.00231718598903482
-0.0642889666682435 -0.0953619474848851 0.0291981247172168 -0.0322535097927793
-0.0211259908412317 -0.140262385212864 0.0775515567139062 -0.0489466556438621
0.0694068521055908 -0.143926730334801 0.122432371048545 -0.0200640935657904
0.147623204831567 -0.0887526959384366 0.131343229081352 0.0729104992004218
0.180220760276524 0.0842251148988131 0.0378427621238737 0.129271499348919
0.0539080440308472 0.214422821030247 -0.072110523048884 0.078689349363751
-0.0783063401912666 0.219307120809884 -0.0244193571815999 -0.0235061789692166
-0.130331898785827 0.13249564826774 0.0685965240988647 -0.0898220821662095
-0.0476263384462826 0.196361512814565 0.154832010735411 -0.106097706895584
0.0758552766597612 0.160964470038095 0.0941151365407585 -0.15874858676895
0.15221693343254 0.0192998272731827 -0.0268218882013646 -0.147176011704873
0.108878827579665 -0.0868544716948605 -0.069059886516484 -0.0656381432984277
0.0297555609236406 -0.124905702857658 -0.0659335053377664 -0.0352842033465794
-0.0450126956514978 -0.103830992386763 -0.0587588937264725 -0.0321567854721696
-0.0628365160012801 -0.087335642187863 -0.0249997796779803 -0.0387009239214752
-0.0590420021499966 -0.0825197487786989 0.00352687439874459 -0.0680312739948843
-0.0219208879782424 -0.120086376898338 0.058755631956183 -0.0872921620192358
0.0549093655633032 -0.126129211393531 0.119786495349628 -0.0604183957878813
0.126801840630914 -0.0796226950648588 0.144442285876351 0.0419533209544975
0.154494590908502 0.0761539294983118 0.058975396384963 0.104794648954797
0.0335144138656136 0.184396563978196 -0.0543907837574963 0.0541545590750604
-0.0797020304639795 0.178060258373951 0.00774938847508545 -0.0761035500272133
-0.107172636797882 0.0765807175644061 0.118226616028187 -0.145748563123939
-0.0603608231834135 0.139180155147605 0.168864986701145 -0.129521344068069
0.041134785390502 0.129171721038704 0.118955567678407 -0.148726892359333
0.111057567619377 0.0250191126501537 0.0189538686119885 -0.13992713856339
0.0811354809046716 -0.060419398123902 -0.0297941822639637 -0.0980767640643566
0.0239071347794638 -0.0899342401496039 -0.0609535531160999 -0.0824185964154039
-0.0335588266034685 -0.0772770301397789 -0.0735902328274074 -0.0706110811980124
-0.0487585319572312 -0.0640254545780806 -0.045408084604768 -0.0680211213068164
-0.045363266032663 -0.0608619228654583 -0.0161002978238134 -0.0959393335826099
-0.0169470659070997 -0.0889573075677149 0.0442467845596808 -0.114982154456515
0.0412060174979862 -0.0943161473187856 0.117723720883819 -0.0869910803468585
0.10057579219992 -0.0564802201829069 0.148803877605067 0.0224661202691536
0.11230049660845 0.0707740209546388 0.0698468947857674 0.0871702566863094
0.0037185936149119 0.140819945358503 -0.0402320972294092 0.0362268178312324
-0.0780034885380641 0.115282305770963 0.0377087271189895 -0.11113638199255
-0.0618383550462233 0.00749323243433283 0.146654208698897 -0.182363123592717
-0.0517641441383201 0.0547692709053794 0.167654853363151 -0.143552619852322
0.00904664887858525 0.0644894807589978 0.12603840512722 -0.143258343405786
0.049046056817197 0.0150586284169475 0.0405172149256079 -0.133808788190363
0.034223799084886 -0.02707843774382 -0.0119340991425418 -0.115736147556031
0.0121886148552768 -0.0382880766909238 -0.0619779610743007 -0.107281247645815
-0.0163578433153005 -0.0360486242495636 -0.0828653888653349 -0.0918701326323093
-0.0267780730447304 -0.0314729534801028 -0.0582954032827631 -0.0855257506011224
-0.0250716605011888 -0.0324679817465233 -0.0280707717342582 -0.113513715076681
-0.0114410118833654 -0.0509298052122743 0.0364719669226378 -0.13193742532511
0.0234885737249071 -0.0566624960654377 0.119961581672137 -0.103330601844581
0.0684195249559144 -0.0299866331575706 0.152797932789387 0.0130879417131585
0.0642228886681795 0.0597649859379335 0.0748061429256051 0.0805293622978099
-0.0243455036881811 0.0851637146994898 -0.0289264022470394 0.0289840046224815
-0.0677786645621948 0.0401710778970419 0.0635218713022063 -0.124890762549213
0.033937744605816 0.0287970579874383 -0.0594553355247824 0.158131255564026
0.0176480166221302 -0.0283912454901487 0.0722026366240002 -0.00530265387221507
-0.0167600453810247 -0.0228158437711812 -0.0635606552571556 -0.104703877667801
-0.0177643677964767 0.0123654754861432 -0.173822435798421 -0.0231117846874495
0.00628993091811091 0.0131290951926705 -0.14631099749355 0.119708101287615
0.00812624433094818 -0.000126236390774181 -0.0301616515953315 0.163613295415269
0.00603094363591123 -0.00188218608740766 0.0451869791603807 0.131142283590193
-0.000252969790048887 -0.0105357130588161 0.075087907859859 0.0979064478837593
-0.00465337048707373 -0.00992124695121589 0.0941872431905639 0.0883540315807605
-0.00157964238310653 -0.0178255276452091 0.081356364980046 0.109028783288972
0.0158270440166844 -0.0147247328205683 0.0359480400613228 0.130551889517563
0.0180530672784491 -0.00479509377175417 -0.0302171232449146 0.13692773639688
0.0314341765914193 0.00818792163550725 -0.116832224893841 0.152573422683782
0.0329530003874101 0.0313047466805226 -0.175621790980047 0.151577514626022
0.00444822195467751 0.0665653844748944 -0.155652105948722 0.190738650972151
1.01778085397687E-05 0.0929100518811691 -0.0675585212255227 0.145041067493573
0.0341152593900103 0.0382343054166908 0.0764400558820732 -0.00936983671820877
0.0298083303511306 0.00520722153147985 -0.0534703277432004 -0.116366759232928
0.0257030919177003 -0.0108340170653695 -0.176712504954817 -0.0419916533396146
0.0286542382057047 -0.0285870330772011 -0.152651549323109 0.109149249734038
0.00428126155885471 -0.0448485792815688 -0.0400192696055044 0.154296479715233
-0.0185315028694494 -0.0370851990383669 0.0332429830555712 0.124565583497367
-0.0269674095587108 -0.0450943259591045 0.0682435735586696 0.0883375544400959
-0.02804556360967 -0.0508737725518835 0.0923056345228262 0.0718063634904686
-0.00110884970257381 -0.0788432455453901 0.0944452799713876 0.0860195191974894
0.0579276969072596 -0.0671834395155882 0.0653759681034901 0.117515126340297
0.0892040680554442 -0.0170430442967131 0.00774750173291035 0.141620025340279
0.0877516075748678 0.0687039184762914 -0.0867457960200278 0.16134279510527
0.030785593378257 0.128486390895527 -0.148706696526228 0.144335370559306
-0.0378791136147916 0.147762543464555 -0.128582683410636 0.160498110656106
-0.0438820423298576 0.144841703070345 -0.0598000310954271 0.106257527973247
0.0373899686062878 0.111923219317802 0.0888458783905429 -0.0241369204078905
0.0743605335143345 0.0488340854448475 -0.0298971541670744 -0.136022462563959
0.0775373506537536 -0.0255725829767414 -0.168422959168707 -0.0742706482794293
0.0552797781681479 -0.0684028442842585 -0.155052176916327 0.0812737957380629
0.00550881525659279 -0.0886633122909235 -0.0538677362950877 0.127977802512656
-0.0386271494464764 -0.0703596755830192 0.0124072049192276 0.102488285021493
-0.0489866052410164 -0.0730864909323274 0.0509011578805394 0.0663927837212042
-0.0491114220764115 -0.0797935888346324 0.0790777609916882 0.0414889381675998
-0.0100609038172582 -0.12248075214745 0.0997741053842993 0.0439153094270429
0.0760832622100488 -0.115334181499844 0.0981208743646992 0.0798841180007818
0.135707231802334 -0.0498860952590319 0.0598584392043117 0.132211538755641
0.145701408894696 0.0916663470596525 -0.0404469632140825 0.164516044555835
0.0482903395606814 0.194020428510364 -0.117635869920858 0.131109127997791
-0.0605032439519354 0.207357808089105 -0.0932074192035436 0.108698473563744
-0.0876104488057564 0.174563623252396 -0.0319879033172744 0.0481185835658
0.0226067995857012 0.176838505389723 0.108315497845059 -0.0501687011221909
0.105530123561554 0.101739760244638 0.00680654088764427 -0.155934799060158
0.128533546348129 -0.0246033984570224 -0.139972834856595 -0.110308145108367
0.0839197430152246 -0.0977985691956542 -0.143718922757029 0.0376743252318117
0.010647651149944 -0.123675497125631 -0.065151316057385 0.0846255296351465
-0.0521950251742798 -0.0964433650875818 -0.0130495629877938 0.0657751722427729
-0.0650566659372391 -0.0900215646530656 0.0267532337217651 0.0337095591791828
-0.063856157646974 -0.09255409577421 0.0565393726822983 0.00398161622815443
-0.0223403539840534 -0.142863402278287 0.092587864864741 -0.00749261786446318
0.0722988486347599 -0.145390769613083 0.118727730509765 0.026082607103839
0.150329741907948 -0.0837840407676881 0.10711488173112 0.102418265450032
0.182794810176469 0.0863739506233874 0.00735546595157122 0.152287648841808
0.0663613486084808 0.220226312557454 -0.0895984676075412 0.108711317344844
-0.0672052579754759 0.233436230252949 -0.0576089440314855 0.0445131928229415
-0.118631859247011 0.173426031124147 0.0122526477269309 -0.0231191976313161
-0.00689907035218365 0.212028855158347 0.12958374760812 -0.0823605529297316
0.109072162551928 0.146027623966178 0.0497986550335525 -0.166206061336497
0.159459957945097 -0.00866675398675968 -0.0901044521756976 -0.137689186032921
0.1046326702264 -0.106623116478645 -0.114347855782418 -0.0152936613416229
0.0184384675935165 -0.138656102297268 -0.0702787206314693 0.0268075060138375
-0.056428821309813 -0.108359068283357 -0.0390171353827132 0.0194457544838599
-0.0720143383392382 -0.0935905136978669 -0.00102444054243195 -0.0028777647320501
-0.0691608090250643 -0.0914127875211466 0.0282945163690192 -0.0346754064763853
-0.0300272332880367 -0.139630197313959 0.0754761315747414 -0.0550514831600949
0.0612762531509727 -0.148864030116297 0.123169810803473 -0.0259219464604882
0.142137400189661 -0.0967452771066363 0.134978513568854 0.0650150820017338
0.185084558594155 0.0744971941443762 0.042730109521613 0.128065032861926
0.0651764102308901 0.212755338880386 -0.0692883643131387 0.0820248262939594
-0.0692403241740442 0.223852679437158 -0.025276172772952 -0.0212234559037551
-0.125296518411254 0.14113720250101 0.0651237869424225 -0.0942700252894534
-0.0375476371427417 0.199792579205547 0.150011506861469 -0.11342151366507
0.0844767952085852 0.158422235154919 0.0886913075895369 -0.163709883640169
0.153768660897675 0.0110864669953539 -0.0326117872086227 -0.146625601965341
0.104124805069411 -0.0937702377626797 -0.0719261628718501 -0.0641705889364622
0.0223039272899538 -0.127290114565809 -0.0691525144183603 -0.0319419968082395
-0.0510575969918462 -0.101237151328238 -0.0612926478590678 -0.0270760869743555
-0.0678934572074323 -0.0832821211505616 -0.0280645840599605 -0.0374285974006238
-0.0635428420296728 -0.0786088387110244 0.000774513625844778 -0.0688563471484314
-0.0287066071874548 -0.118874003560222 0.0541257960809646 -0.0925107611329935
0.0485333069187023 -0.129536796537168 0.117667175126 -0.0666689274881283
0.122148130221985 -0.0856793968140671 0.147053013683153 0.0336969133812128
0.159018654950818 0.0675784184758275 0.0628849892011423 0.101792228628582
0.0433206206829975 0.183611209648338 -0.0527532504406329 0.0563994234564868
-0.0723394274198245 0.182646942234206 0.00400745253102423 -0.075563414745274
-0.104301454757866 0.0830930425119585 0.112114654517655 -0.153288658425529
-0.0530275206874856 0.14275563244533 0.162950600619047 -0.137920004656592
0.048321141379648 0.127094390496042 0.113500571594512 -0.154235298892435
0.112678208580967 0.0185382182687718 0.014095579411449 -0.141923063646047
0.077598778964172 -0.0657695266260732 -0.0339882386008511 -0.0988532565076465
0.0188529057556354 -0.0925307898809623 -0.0664685719037119 -0.0793914992179749
-0.0373051479998497 -0.0751205007055423 -0.0780462310247953 -0.0644617641178547
-0.0528459079996387 -0.0608835962333884 -0.0495298790279788 -0.0650842163070663
-0.0486500827048373 -0.0578169649319254 -0.0208131678371166 -0.0957390381488788
-0.0219926629778016 -0.0880541170322889 0.0381105257116215 -0.118482187019775
0.0360477636158129 -0.096725164957101 0.114120724108474 -0.0934355053605646
0.0972523185781742 -0.0614299061880353 0.151030987315426 0.0146148189197488
0.116857653867005 0.0640934071463465 0.0731542700118255 0.0836155485702844
0.0105405649468146 0.141255873855573 -0.0395643525716352 0.038534022346388
-0.0731457168971403 0.119779962026603 0.0321680740909094 -0.11194684979128
-0.062000936358203 0.0111303458188334 0.139151211162409 -0.190164240527812
-0.0488050606439384 0.0573180237141821 0.160779151798621 -0.151324729888601
0.0123043269095369 0.0632266560424959 0.12029205540013 -0.150511151731275
0.0495640707235845 0.0119387553237924 0.0365189945235592 -0.136653738276123
0.0322671623755405 -0.0290499842908803 -0.0171462603248198 -0.117319724761544
0.010069358124645 -0.0399924709873186 -0.0686199261002103 -0.103876270772724
-0.0180497291275994 -0.0347886846671207 -0.0885889566465561 -0.0854168059098822
-0.0286409385155136 -0.0297071386908453 -0.0635325773999323 -0.0818714565053502
-0.0267185579932512 -0.0311625665181696 -0.0343030209051927 -0.112235940883248
-0.0141723381586048 -0.0504984237299013 0.0297845768251624 -0.134441548976525
0.0209113527605665 -0.0578654661130897 0.114989072627633 -0.109270774860322
0.0666212388364423 -0.033271610266666 0.153305494403213 0.00515191634589484
0.0670284116337824 0.056167001205742 0.07790378884971 0.0773088729497182
-0.0200157484253345 0.0864295709652546 -0.0281448468703404 0.0310846697213933
-0.0660903830583672 0.0436986914650671 0.056238266116482 -0.12671746154816
0.0347125758234666 0.0263703346776048 -0.0486296763123806 0.15784849128969
0.015522790999388 -0.02798963798318 0.0719582015294041 -0.0109235437281884
-0.0178656082806577 -0.0214328429550747 -0.0670521572845421 -0.0996290690110841
-0.0166192486596136 0.0131932488391955 -0.171365191792916 -0.0137800401165786
0.00688593021076219 0.0130480244764988 -0.136804834871722 0.126317525941529
0.00791453607574843 -0.000497000578498443 -0.0204335643847381 0.161890776808474
0.00539612267231969 -0.00257509135048066 0.0516466418674954 0.124915347899815
-0.0012723198335182 -0.0106981489941037 0.0796505785223395 0.0910515705607481
-0.00534630112652216 -0.00968177816446005 0.0981068575008534 0.0801893493004985
-0.00260322395102194 -0.0176909227590716 0.0870175347431725 0.102289227498265
0.0147819806567059 -0.0155199263971419 0.0422942686180701 0.127060695644141
0.017543208018211 -0.00543270480777259 -0.0238717981532617 0.136343255960712
0.0313702156520445 0.00593456779447569 -0.108063284276276 0.156090052082404
0.0327651357918389 0.0291268114492893 -0.165103965195832 0.156051651368313
0.00705415369898554 0.0660396220029875 -0.143785968538978 0.19428907305569
0.00453594133453368 0.0917842964055141 -0.0577250658919337 0.145509723424996
0.0353733097669612 0.0356371128053526 0.0760538766976809 -0.0146450266827151
0.0292895677149612 0.00377712775341576 -0.0568046882426956 -0.111740587400446
0.0244019243114347 -0.0117525778507866 -0.175447510320323 -0.0321695244839532
0.0257924595825226 -0.0294769262000606 -0.143821634376588 0.116347113178163
0.00122985622361947 -0.0440917198013751 -0.0313095778389008 0.153086145336932
-0.020089219347941 -0.0352878315008622 0.039488817251655 0.119226528589343
-0.0292988713646514 -0.0423892378831472 0.0717696495895177 0.081991995339311
-0.0310553551373677 -0.048295020145966 0.0952623135817049 0.0640444003127805
-0.00628904931648111 -0.0774313756305518 0.0980592976773754 0.0784258241710379
0.0527757103830334 -0.0699213491396511 0.0715929431183104 0.111850866772203
0.0860856196189504 -0.0214041858036178 0.0133751816045682 0.1387236421737
0.0897164013145935 0.0620452945938791 -0.0784156052219854 0.16358040028622
0.0360882217508722 0.124562951535032 -0.138723646415117 0.147994710613755
-0.0314429127216367 0.147987562710748 -0.118239952230688 0.163762112605905
-0.0361794017632347 0.145634441072249 -0.0528209866973808 0.106604289578627
0.0427128451280358 0.108026198170886 0.0872595332379224 -0.0298478911270015
0.0758164675825561 0.0442499115217334 -0.0337445526506633 -0.132517468070184
0.0744667387565459 -0.0288905177635601 -0.168889201322758 -0.0643471086371601
0.0501072014515095 -0.0704957782251888 -0.148294650178461 0.0879692634126862
-0.00045200558755006 -0.0873691097671878 -0.0462032490226392 0.128418698678903
-0.0419015951196226 -0.0663428716241981 0.0176725410571475 0.0996998390561578
-0.0529072242563962 -0.0684250267390474 0.0540239670960989 0.0613663012496374
-0.0529475266618214 -0.0745317787078202 0.0806812039490845 0.0343850074509422
-0.0172284635328777 -0.119986313766432 0.100610669047953 0.0363863700295121
0.0676724832566881 -0.117896030065622 0.10195818036044 0.0729426471836526
0.129780326115497 -0.0562070304852138 0.0643741360895552 0.125508219621588
0.148415749756966 0.0821739437456653 -0.032699132563941 0.164266472472065
0.0575823246001202 0.188565443185877 -0.108764293230185 0.133541897115344
-0.0508946707732416 0.208192336794464 -0.0860807566276801 0.111430401119847
-0.0777907122775199 0.177547289369464 -0.0289000526866615 0.048106647302253
0.0321378827817045 0.172791258403064 0.104735572718053 -0.0555486429423802
0.109096297363635 0.0951107224454556 0.00159176609410244 -0.153911243365566
0.124732785656323 -0.0312003745956224 -0.142815611679376 -0.100414111849107
0.0764712592313509 -0.101144292727346 -0.138566805241192 0.0436885003743957
0.00253881324204965 -0.122724838059813 -0.0596047813545631 0.0862094082438748
-0.0562165440313613 -0.0909290661635397 -0.0090313676918576 0.0658135658661213
-0.0693526908796621 -0.0837554076788517 0.0279918801360593 0.0310533315989535
-0.0676805663408956 -0.0866633504844863 0.0559491265189308 -0.00130879482859007
-0.0311831138176203 -0.138403704431555 0.0909378557985243 -0.0138989902400749
0.0623602736066173 -0.147321567389287 0.119958910542071 0.0193802213135412
0.14273930681295 -0.089642543588931 0.109673790666536 0.094054080080771
0.184685094929847 0.0748198814092467 0.0133998502736942 0.149408199550147
0.0768271922743751 0.212941065387491 -0.0835779734544508 0.110284793840079
-0.0557970327868527 0.233308396840311 -0.0543036130324295 0.0468250017852215
-0.10826446847928 0.178318532069242 0.0117443299656434 -0.0240283744466276
0.00518981510262932 0.208849662370912 0.123493870944505 -0.087771107101932
0.115014730165927 0.138118963610207 0.0436236224892191 -0.165758028238593
0.155227200469501 -0.0169770338114967 -0.0950599446130999 -0.130766363157836
0.0961087614618168 -0.110970453004281 -0.112369112927287 -0.0101407491361995
0.00977897948632312 -0.137570009365202 -0.068160686156625 0.0305270288013765
-0.0614317997859129 -0.101925497593919 -0.0369253223641851 0.0229070289648114
-0.0761521066449917 -0.0865684815786698 -0.00149688189676361 -0.00306365213800208
-0.0724885892477033 -0.0841402522966336 0.0267416477796534 -0.0367889723600223
-0.0372542587671297 -0.134979286301192 0.0702896130559287 -0.0592908772660193
0.050968739678557 -0.149725762965708 0.12008700995265 -0.0321780577297969
0.133743535899587 -0.102644922391005 0.136160413113127 0.0555853377655571
0.185795510638726 0.06274177603853 0.0473935994001511 0.123562168250451
0.075780619584715 0.205235432509275 -0.0644795407271655 0.0831562738596471
-0.058374113206068 0.223523171849349 -0.0260593278431409 -0.0183491940528958
-0.116310070596412 0.14580132722157 0.0593494743930204 -0.0967328001748956
-0.0258640298939182 0.197881338665297 0.140899650960921 -0.118739624240639
0.0916147354183336 0.150910462888003 0.0813317980853682 -0.164393052476402
0.151142363979464 0.00203424245546547 -0.0379767349125939 -0.142823112250692
0.0965521563237151 -0.0983288914258681 -0.0732158698891036 -0.0605845815433169
0.0141297061124372 -0.127385871028805 -0.0704102530064844 -0.0275237250529708
-0.0552711504783205 -0.0957498144882813 -0.0616414489128725 -0.0212643658711821
-0.0716819182361042 -0.0769433807423495 -0.0297193444410486 -0.0352938658927119
-0.0659263206566121 -0.0730217918764938 -0.00256156385543347 -0.0681120563310637
-0.0350929818511532 -0.114839610633726 0.0471501852440805 -0.0943298817430503
0.0400339750765412 -0.129417416713573 0.112868186428682 -0.071964041834113
0.114174379752235 -0.0902931310448044 0.146509965904403 0.0242123103135712
0.159524948632779 0.0575122746136146 0.0657968883203153 0.0966060208340591
0.0524261790974773 0.178289427770729 -0.0499169932490643 0.0573257699145128
-0.0627108895150216 0.18324734299775 -0.000105778798689283 -0.0732506222057151
-0.0984727231515578 0.087723243347518 0.102794163334108 -0.156288067236315
-0.0440398202030169 0.142777099373759 0.152525888364079 -0.142330469513879
0.0541628383135064 0.121708329553121 0.105358074848077 -0.15692701295156
0.111004409194679 0.0117731529824416 0.00839656468944516 -0.140398461640412
0.0716656848617088 -0.0691991509371501 -0.0378685236667198 -0.0968681318822309
0.0130431212242138 -0.092325700883066 -0.0707149324258548 -0.0742810715876941
-0.0411402060147929 -0.0707924233079904 -0.0803818291933921 -0.0572936748600145
-0.0553248504390631 -0.0559808711105203 -0.0527253598711439 -0.0613340441333943
-0.0503613354643043 -0.053285752601977 -0.0255752379947812 -0.0928284944393875
-0.0266954346890567 -0.084846013243958 0.0302952069730504 -0.118172272407067
0.0300214234286706 -0.0966271219359437 0.107855325280585 -0.097801311558178
0.091303861397407 -0.0646453564735165 0.149095097371501 0.00513408480111606
0.117543950181517 0.056245007297947 0.0749844591274485 0.0781936572461798
0.0180059620649069 0.137992951640595 -0.0379614763375527 0.0399011953173471
-0.0673774277772379 0.120692969682199 0.025392334495951 -0.10998889601876
-0.0604338769000907 0.0146214025538227 0.127454816447109 -0.194072113276743
-0.0446171539702445 0.0584766215661149 0.149577177344946 -0.154807074227337
0.0155342632013579 0.0606612562749454 0.111543326429477 -0.153234076592946
0.0490182123224808 0.00837145775445004 0.0308701784328405 -0.136408745339197
0.0296985865444728 -0.0299788358183515 -0.0217296765861236 -0.1160546118422
0.00743581453307815 -0.0403564245565926 -0.0739391793542672 -0.098007972747864
-0.0194357416087551 -0.0334657815988549 -0.0918113353770028 -0.0771694453877393
-0.0298816005920096 -0.0268595097502487 -0.0667113943294873 -0.0764435679581483
-0.0278895079281183 -0.0288652032928259 -0.039626914759369 -0.108095275112244
-0.0169525457428902 -0.0490051919576493 0.0214597550740719 -0.133703488579693
0.0174929873920956 -0.0576905657680243 0.10709508921918 -0.113720058046725
0.0632943139353803 -0.0354796180344849 0.15115177852078 -0.00307226330657595
0.0682360675067356 0.0512409155549649 0.0793637249563566 0.071586877340749
-0.0163927852173554 0.0866914181101331 -0.0266239603347948 0.0326313046488761
-0.062665008232061 0.0459579919551382 0.0480806158054135 -0.125707061303335
0.0338543606992236 0.0244854544844104 -0.0405802599849241 0.153837899752507
0.0132884752281976 -0.0275460183339843 0.0696675773071859 -0.0157232831737538
-0.0175887182076692 -0.0197869527814048 -0.0668790967577552 -0.094988443295335
-0.0155904229579898 0.0135790028165572 -0.164829849221801 -0.00721673739627953
0.00740763844613712 0.0125824522646129 -0.127358222412322 0.128416104566659
0.00750335810698951 -0.000602372468950657 -0.0131749404566841 0.157178787881167
0.00498815887321071 -0.00357419540162651 0.0545842447904867 0.117467992417573
-0.00231160164430614 -0.00998795840036576 0.0807373064974447 0.0839733034880325
-0.0054560157052937 -0.00967188587303374 0.0987638234041373 0.0724904721336988
-0.00334013207894909 -0.0168552546292449 0.0896142679861156 0.0948223458828019
0.0140525174740336 -0.0164131081670418 0.0460126342043648 0.122137326102671
0.0173270331907426 -0.00581696504816668 -0.020694979914659 0.132941229379692
0.0304118098166304 0.004334469479602 -0.100232244197303 0.156076847351212
0.0317059401238236 0.0271861454262065 -0.154041036087047 0.155108643528831
0.00852779809667603 0.0642790496535049 -0.133797359751602 0.192966125104714
0.00679782696631314 0.0889383262413838 -0.0502895839745686 0.142012508444412
0.035354227365009 0.0334150235339067 0.0736621429648501 -0.0191985845681353
0.0287760200324853 0.00286809142004573 -0.0571997177933219 -0.106790378954864
0.0232365235009873 -0.012138888812401 -0.169841713168396 -0.0249723253270414
0.0236138374148398 -0.0296760974875284 -0.134231881462507 0.118563964822745
-0.00109983566929426 -0.0427330211551246 -0.0241273149738725 0.149468547015044
-0.021121805986379 -0.0332285638724258 0.0430575094871818 0.11297654206923
-0.0307158024077776 -0.039661029550974 0.0735065116209907 0.0757089939632161
-0.0320809189405188 -0.0450040351262518 0.0949116896340837 0.0564459936534477
-0.00941469363093023 -0.0745988023390249 0.099059440468615 0.0716038066770743
0.0476374714460026 -0.0700162386439043 0.0743261820094551 0.106274940188357
0.0824215595581711 -0.0239247384647146 0.0160689311128439 0.133223546655683
0.0893135982712835 0.0566621393659957 -0.0704474377109955 0.1617646553622
0.0388586546683925 0.119709542615362 -0.12929071270642 0.145823790039064
-0.0264684816488292 0.145550515389858 -0.109565522836068 0.161719114292466
-0.0302232442946239 0.143707875550835 -0.0468562421385153 0.104664065239948
0.0452016317974474 0.102718478914931 0.0837368209257735 -0.0337597427829669
0.0751446751515145 0.0405855688134489 -0.0348314009095798 -0.127969769248527
0.0704104010448025 -0.0306590994761304 -0.165091901035626 -0.056285623264928
0.0448496237064161 -0.0703546796603774 -0.139382323795411 0.0909698672051422
-0.0046432635141071 -0.0843252373475696 -0.0401433275838443 0.126226904354322
-0.0427934017358892 -0.062637606561623 0.0216069539780703 0.095475202619545
-0.054047826044803 -0.0637294530780795 0.0541561511909194 0.0560898618169772
-0.0537045798487462 -0.0694576453585373 0.0795221513271142 0.0285545060611487
-0.0227761129449928 -0.114977110800182 0.0997960519538869 0.0300593959133594
0.0603999939615324 -0.117579894617576 0.102444307065557 0.066907302031623
0.123146355473597 -0.0591886488060097 0.065482084205841 0.11871280065043
0.146773586203259 0.0736551459894928 -0.0272201801453049 0.160548960809766
0.0623821342505182 0.180450181394667 -0.101119400903088 0.131445869935573
-0.0439407218356347 0.20390636080724 -0.0797688684595535 0.110865377855966
-0.0694728960358694 0.175381604797891 -0.0260410013806439 0.047122972642137
0.0377733949288538 0.165861138710212 0.0997519924584522 -0.0586217352013799
0.109211330952082 0.0880481786789602 -0.00108571299247027 -0.149500890500258
0.118888901245879 -0.0346467493339069 -0.140819336260906 -0.0927287630346727
0.0691233429313051 -0.101181294902986 -0.131823415362638 0.0470313745420887
-0.00319981446574396 -0.118340615950611 -0.0547865554243268 0.0856001906223069
-0.0573847786600274 -0.0851354860751324 -0.00547556713347059 0.0643849811517896
-0.0710943810707819 -0.077239819048027 0.0284717282571718 0.0284690924506513
-0.0685304726315631 -0.0801531367208537 0.0546736081817789 -0.00471172696662493
-0.0359109181068874 -0.132675905755127 0.0871559717655107 -0.0180107523415094
0.0546794259058397 -0.145767812772874 0.117410618143825 0.0137880887412895
0.133855325606257 -0.092461841267299 0.108937075181136 0.0856537237623743
0.181060023852606 0.0652253522360345 0.0172935243316111 0.14393649232194
0.0822669905015593 0.203657499907676 -0.077384430429776 0.108390592447259
-0.0483174392892393 0.228759101816212 -0.0510268087213005 0.0473298020309527
-0.0986727505957388 0.177931486709622 0.0100256507684959 -0.02410139791301
0.013075173394938 0.201559415745881 0.116471334912354 -0.0890965606633634
0.116523520200576 0.129768913697038 0.0392844454969885 -0.161811618908014
0.149994354709613 -0.0221369825676643 -0.0952261560260184 -0.123686458324666
0.0879412650001716 -0.111645048962851 -0.108458910966217 -0.00671122801591033
0.0023629197960451 -0.134060552995267 -0.0655691656624299 0.0325214254173918
-0.0625601149848182 -0.0954331177807786 -0.0342375556524953 0.025177024070389
-0.0776256085232131 -0.0799732926240618 -0.00151099727602208 -0.0030547823196914
-0.072632050612929 -0.0783642358286232 0.0242246111174766 -0.0383372680112441
-0.0415435031307664 -0.129051571416989 0.065379247419322 -0.0610127057730088
0.042558585223957 -0.146926783799229 0.116483399358213 -0.0355261776287898
0.124086674614311 -0.103356804974387 0.133213970194429 0.0476821223338324
0.181855685043447 0.0530383937216715 0.0484656148011996 0.117389199879382
0.0813913788976917 0.196561676433039 -0.060555679311033 0.081661172701995
-0.050477941104092 0.219293059671618 -0.0255758101525565 -0.0164057418619762
-0.107647125852315 0.146807046319375 0.0541581046775896 -0.0959566354282061
-0.0169112595669936 0.191655502643084 0.132610153715061 -0.119409653797151
0.0942009061718476 0.142767881815497 0.0752460657404985 -0.161916901196269
0.145999345659185 -0.00339865327121811 -0.0406037014639016 -0.137311264441003
0.0883765294255873 -0.0990038279250031 -0.0723804004448246 -0.0574139542548568
0.00753813553409162 -0.123835283485442 -0.0701593263318218 -0.0241367860304531
-0.0564432992236478 -0.0897774570897619 -0.0606461703091115 -0.0164003223581548
-0.0724063443079829 -0.0707417606434189 -0.0304811798430713 -0.0330905491477592
-0.0658495795221746 -0.0670981022278465 -0.00569476893972027 -0.0667763868575551
-0.0387989438042896 -0.109921639742141 0.0416619598792114 -0.0936708793395939
0.0329889600092542 -0.12719545378303 0.107833563682448 -0.0737856549845972
0.10648591029487 -0.0912044679080104 0.142339002730432 0.0167007609213257
0.156091985403433 0.0488217277539168 0.0655256190744359 0.0912906672438245
0.05728010626346 0.170792003536553 -0.0478516900891068 0.0574441462102286
-0.0558523677952745 0.179648224567904 -0.00258117864430618 -0.0695778691360464
-0.0921309582933288 0.0896161967521874 0.0941315013835938 -0.154988247325876
-0.0369706246630054 0.13947765956173 0.142646487530109 -0.141098593986867
0.0567834382382724 0.115157450862347 0.098467777456924 -0.155283141991963
0.107736509835579 0.00697531619649493 0.00467298903887807 -0.136313399348675
0.0662044664309328 -0.0697673112587577 -0.0393504699528819 -0.0941751031743797
0.00803937072717243 -0.0901318008835043 -0.0715490805025066 -0.0690256594886495
-0.0416514576218357 -0.0663260865318359 -0.0800835017670394 -0.0501704219072659
-0.0558868031111353 -0.0511883048177769 -0.0537349842002434 -0.056426157134304
-0.0501616168899335 -0.0490545570543727 -0.028457901613111 -0.0891237563232118
-0.0289469907238577 -0.0810671587197501 0.024023117441943 -0.116079560690787
0.0254260569646029 -0.0946593560168099 0.101072292667406 -0.0985473612522593
0.0849828672795029 -0.0654101688211445 0.144192097243544 -0.0014653895669357
0.115107753263216 0.0493593838220979 0.0736704670276651 0.0737124704819016
0.0223157331060856 0.133285310448578 -0.0360715553018889 0.040358485755811
-0.0608521300850064 0.119774840691498 0.0204210024216381 -0.105763102022501
-0.0568919120042511 0.0165018095564793 0.117212832815207 -0.19237370984345
-0.0409354986046626 0.0584278558638471 0.139666013159335 -0.152814377772769
0.0167372933176643 0.057479212780649 0.103582546067633 -0.151979119576404
0.0469920169951177 0.00597781411030791 0.0270361123530605 -0.134058961821309
0.0265569630085382 -0.0298672370006071 -0.0252058028580179 -0.113573643041882
0.00474715533576137 -0.0396744889684875 -0.0761938935476566 -0.0921409962428944
-0.0199916095694902 -0.0309591804682773 -0.0919424992758479 -0.0696166145358743
-0.0303452642018673 -0.024206792593235 -0.0680106723851527 -0.0706485556192057
-0.0276481478478423 -0.0266423771824012 -0.0428590901263113 -0.103120637211383
-0.0184911505595799 -0.0466002741293012 0.0150296809569507 -0.129544521634951
0.0149373441367085 -0.056083409761447 0.100211423353972 -0.114295045061435
0.0591785072694426 -0.0362333293220342 0.146080178898989 -0.00901584632441946
0.0678040628447974 0.0468191383398249 0.0784313170763007 0.0666850109369593
-0.0129401457157364 0.0848422676467063 -0.0250735330035057 0.0329535095359463
-0.0590129381845453 0.0468211771609763 0.0414763207461916 -0.121449852568404
0.0194158622473617 0.0374554991004146 -0.095535958499932 0.116011309127721
0.0227847991282449 -0.0178943117814734 0.0682040436071465 0.0114045656812051
-0.00788604571764742 -0.0252713044908197 -0.0216002325846066 -0.111983001017386
-0.018531561170751 0.00593718514015982 -0.145122030310865 -0.071789614246338
0.00262727153835298 0.0130369191085457 -0.164411759814609 0.0633839413096793
0.00662057989078964 0.00208716923098641 -0.0746718880286069 0.133284377007091
0.00562208839829004 -0.00144570191950987 0.00102451016424013 0.124600612023347
0.00195132393444954 -0.00978192610377387 0.0380705526069082 0.105803365380392
-0.000619996943264501 -0.0108345539896797 0.0592932031009911 0.101768629776051
0.0041659500957657 -0.017056907739516 0.0433006157519947 0.120728601632311
0.0197905795532499 -0.00956215461546298 -0.0081567912692946 0.126508333459726
0.0191637450218577 0.00318083852424941 -0.0744621210209347 0.109439536828955
0.0272504873830802 0.0175885832261767 -0.151042772703498 0.0978986541977729
0.0173366669794641 0.0396747839488069 -0.198555750375419 0.0773776141994325
-0.0171762753354225 0.0658752643955147 -0.201217183725854 0.116065855181617
-0.0340799783454827 0.0841425533631197 -0.0918562467896111 0.103514622181419
0.0163337224199555 0.0445743178126355 0.0765541954638708 0.00957004140308525
0.0236449165595018 0.0147059824380875 -0.00469019622564995 -0.121504443678751
0.0252793169598209 -0.000247418721021444 -0.143088411072579 -0.0923848433938017
0.0342190733643271 -0.0167392797593345 -0.168472496170805 0.0493916525560403
0.0157839823259509 -0.0385457873777251 -0.0823664912805042 0.121582097164965
-0.0055595577348898 -0.0379322596098186 -0.00692945670293324 0.116540077191465
-0.0121981943825787 -0.0473162288501612 0.0353319665422499 0.0951206398708858
-0.0102089068543395 -0.0525504031528905 0.0632299934196657 0.0853884313585242
0.0203785075657463 -0.0705945876478846 0.0617742384393096 0.102807480791433
0.0710142333710573 -0.045438725989812 0.0240901916524257 0.122987059623303
0.0844688848208258 0.0110009082992291 -0.0406294226759036 0.12529115313589
0.0615065215891956 0.0873647343944913 -0.128855147684664 0.116320038211742
-0.0096330455017337 0.124732901834784 -0.177561421566313 0.0811637615656824
-0.078936528504584 0.126736581473556 -0.169518994523022 0.0955148770583484
-0.0915469698986613 0.116710246124781 -0.0677848409341483 0.0740793008105893
-0.00430483926477463 0.109277014489133 0.0954529805979111 0.00104229084846362
0.0492914605685368 0.0675233547540808 0.0267964652447212 -0.133662049843341
0.0737387135627268 0.0037816664030293 -0.125770399561446 -0.121842563912157
0.0694725016956997 -0.0434359533643358 -0.163075485063784 0.0209477424670937
0.0296131694939822 -0.0767142737251678 -0.0891014415722738 0.0930772731429425
-0.0122350683657937 -0.0715362442823797 -0.0198207597479325 0.0927661325075345
-0.0238628185377061 -0.0774672983363552 0.0261822133816692 0.0707541631905972
-0.0201425180923315 -0.0825835663280148 0.0607852923017421 0.054307572722382
0.0234230165899412 -0.111621763295579 0.0791957859788053 0.0653945734495488
0.0994036813804451 -0.0840320648804133 0.065439123425403 0.0999653360155713
0.134161886538883 -0.00562830303542602 0.0107460575867297 0.132130344054453
0.1082833535038 0.123333137883058 -0.0896466138347463 0.133720767941365
-0.0106199105997791 0.187792803231443 -0.149320373057601 0.0804873780620532
-0.116071920413938 0.172726704853545 -0.124756228641436 0.0604454919198501
-0.141585665142878 0.128315324492208 -0.0217050316969609 0.0350634701922021
-0.0378837223655105 0.160628822491853 0.122156253993022 -0.0132099501377458
0.0598838573118664 0.123952904688741 0.0695953994079869 -0.140156320654865
0.117332065596446 0.0209313226645614 -0.0880528834156214 -0.14801620119604
0.103179328862172 -0.0599072112686824 -0.1397372648684 -0.0169756529194883
0.0444695702141917 -0.105286582519145 -0.0874082559327387 0.0507057679623064
-0.0160356075279147 -0.0969543928857305 -0.0320696120365793 0.0547478785014949
-0.0330263244916922 -0.0966642073456627 0.0134904614164739 0.0360961679054599
-0.0295407123231114 -0.0972419138534903 0.0522166578955722 0.0141626696853638
0.017624568301501 -0.132483790506423 0.0870312479882733 0.0168506133361117
0.104198430994495 -0.111566104581176 0.100164083479521 0.0589256896297073
0.155886893030814 -0.0315729316477164 0.0635070687696503 0.120446415924057
0.143619098604307 0.127869126199177 -0.0436689995096873 0.137486297412619
-0.000174543721670351 0.215467035607388 -0.120593559306662 0.0713406768501664
-0.129422348097615 0.192222754865 -0.0745076062960703 0.0158231460728251
-0.168812712913465 0.116786403901604 0.0401965017198381 -0.0105642721533691
-0.0745118602073083 0.181433295222339 0.151201706151462 -0.0315865355467215
0.0489828694294919 0.163169835480691 0.113292897088971 -0.134527835350621
0.138974934193396 0.0439901752278353 -0.0331965073132124 -0.158796694388585
0.123577281766945 -0.0613696956296058 -0.0967861783101068 -0.0569630444376991
0.0559545778762967 -0.116708176301591 -0.0756220501821546 -0.00162472359301659
-0.0164532099202793 -0.107928548569649 -0.0422663493153884 0.00857539470161498
-0.0383170653804454 -0.10044254766336 -0.000689678236957649 -0.0036065589407316
-0.0338884018262113 -0.0978180207341559 0.0380907889304039 -0.0267198505661478
0.01107873422815 -0.131204682542677 0.0842519843060918 -0.0301460285120283
0.0936783734480931 -0.117546598009723 0.118713155725238 0.0143214503061358
0.151426544421191 -0.0454133526859892 0.10103315179369 0.0960424039069077
0.148916478845574 0.116355966296841 -0.0054567462774048 0.126817983664914
0.00147749179550145 0.207521508476717 -0.0951976457699628 0.054396526402192
-0.127618572109772 0.181538118795266 -0.0260507952283099 -0.0310228839827487
-0.163089843101872 0.0852073809837143 0.105599171722246 -0.0551581802707613
-0.0970062884509587 0.159953887206502 0.176188973845564 -0.0491425923163405
0.0237600221117089 0.164977410346149 0.146423275160957 -0.117839216776403
0.127706136352069 0.0587194496752518 0.0224698128523554 -0.148622476197641
0.118328481568102 -0.0495331727287375 -0.0432564669625789 -0.0876344413555013
0.0563561853310978 -0.105778117034849 -0.0567148243724738 -0.0531755352427545
-0.013646092524044 -0.10074404049311 -0.0486016035995951 -0.0385273999129198
-0.0365721163843455 -0.0908034213829288 -0.0144679961848965 -0.0408967544901359
-0.0324355788798284 -0.0847745846394352 0.022545395152127 -0.0631166886928236
0.00641466509826325 -0.1129606488187 0.0761340496984945 -0.0683329429620047
0.0774746883484549 -0.103113394230665 0.126273172440494 -0.0226121677926861
0.1301523417321 -0.0411969302012138 0.121518830961698 0.0723913390090508
0.125760943071718 0.102180871723764 0.0196856134434497 0.109121569696786
-0.0105952921704332 0.175226601177025 -0.0732718065117165 0.0368316570402211
-0.117211878748318 0.142443331802305 0.0177684482633341 -0.0681382197062835
-0.123286068912792 0.0401101008270883 0.158752391259587 -0.0915543785677024
-0.0920929480598522 0.105320136628998 0.191130760959568 -0.0635759102774206
0.00184096210491019 0.124701949198299 0.160895695597585 -0.100229741573176
0.0894774714313802 0.0513414954428061 0.0635361936285456 -0.127616336384181
0.0858105337134241 -0.0324192819325023 0.00196991702114498 -0.105226745585625
0.0430106696527991 -0.0759437165240026 -0.0388733109188981 -0.093035123964239
-0.00970524101029964 -0.0747808008012965 -0.0525088078024878 -0.0766898181174736
-0.0300072183467208 -0.0666104582311979 -0.0253177485772908 -0.0706820201226904
-0.0255809880966258 -0.063081636231548 0.0102988245389901 -0.0917529219605653
0.003506563319314 -0.0838948383442305 0.0689120993166046 -0.094542833356688
0.0577374926214598 -0.0767691642161197 0.12993803881693 -0.0471314427936578
0.101288939843652 -0.0268357235364196 0.129857929780545 0.0572969177605621
0.0877765894941528 0.0872628232440813 0.0340748339725403 0.0961816626806331
-0.0286883406840195 0.128383558655728 -0.0550834789213284 0.0243988067054736
-0.0987815837140063 0.0852326132409419 0.0557629547008832 -0.0899647701456546
-0.0595149665662042 -0.0103781974151658 0.185943258310214 -0.117529180186942
-0.0609992444304596 0.0332834183267045 0.18941258916705 -0.0750733233452159
-0.00932467676375273 0.0566176714384111 0.159505195986915 -0.092732597324816
0.0370113538994916 0.0244387177197476 0.081683000415282 -0.11250980495231
0.0349526210471762 -0.0142461394956005 0.0238172673332365 -0.114030081189948
0.0202297667312569 -0.0325214300577142 -0.0318921216168494 -0.113548833046947
-0.00501178840464215 -0.0350394727816919 -0.0547174281274984 -0.0984116550097352
-0.0174674462055489 -0.0329521522900681 -0.0322910536537929 -0.089050677922195
-0.0150494107981768 -0.0350183198428382 0.00354214513582262 -0.108842064301174
0.000766736348136741 -0.0488005204040593 0.0662357576064663 -0.109713278839899
0.0336412700340732 -0.0457803632010785 0.134748881157534 -0.0604562485755538
0.0671311027309284 -0.0110079425333224 0.133984635076337 0.0519396464188827
0.0454316780040089 0.0669649492554812 0.0401973401772038 0.0916101709865967
-0.0420703793658718 0.0728547891333529 -0.0408728907255396 0.019977071959541
-0.070173838741867 0.0196659248370138 0.0846529639095803 -0.0947222113858417
0.0199842995544595 0.0370705800365149 -0.0924951439372869 0.116028489917069
0.0219312041461293 -0.0176407342696237 0.0679581642502432 0.00898093595506076
-0.00825228651865333 -0.0253004201520839 -0.0221718382593597 -0.110864107544453
-0.0181266429604476 0.00656658349964228 -0.143418809822912 -0.0692978108864443
0.00300064673146421 0.0129600089010799 -0.16149183896864 0.0662799445098101
0.00670071342120971 0.00175168821777552 -0.0711823477913596 0.1332213540632
0.00527678586051488 -0.00209110465420962 0.00380007713874776 0.122169274355338
0.00137429999098694 -0.00982375969825608 0.040274860333831 0.1032431065158
-0.000691734387689972 -0.0109861442710265 0.0614467667744325 0.0990234023517202
0.00359040915698998 -0.0174238297679673 0.0467556975117863 0.118570871538066
0.0190868849678545 -0.0103098527876639 -0.00630395656078344 0.125844893907495
0.0188568114680296 0.00262496194501037 -0.0743806884962514 0.109717774802754
0.0268553872309995 0.0173678724803368 -0.148934688629786 0.0993118833085857
0.0168663901997433 0.0395065572612696 -0.195523078038349 0.0772388372334576
-0.016606195945829 0.0661689262228923 -0.198204507395801 0.11725511977739
-0.0326825229067758 0.0843901587743448 -0.0892526044303289 0.103818404479757
0.0166345036168238 0.0439946377962985 0.0770330971132389 0.00699751124872723
0.0237699494811024 0.014057545812995 -0.00481139417957781 -0.120747957530449
0.0248321683779047 -0.000294494974887661 -0.142460848796461 -0.0896440025410385
0.0334775257448217 -0.0173382595360049 -0.165490983053594 0.052505040395456
0.0149929269614343 -0.0381847534947139 -0.0793544890090063 0.121723232126436
-0.00609645632186514 -0.037655132511756 -0.00417042569962498 0.114526938100391
-0.0131738927460781 -0.0461955774129346 0.0370518513611768 0.092886300173782
-0.0113067495361308 -0.0522266052825536 0.0645185838463876 0.0821174486386049
0.0182289825374803 -0.0708748575837858 0.0647515957378471 0.0998016460911702
0.0692129705105837 -0.0470476245885259 0.0267423928248567 0.122313852838868
0.0839501038396316 0.0100620807991797 -0.0406125476172337 0.124185873971073
0.0626773642191523 0.0851623287055581 -0.127027189860221 0.11754917857731
-0.00873647505536449 0.124273868718013 -0.174402176337277 0.0807606883944921
-0.0777329548318116 0.127385042092491 -0.167325818785213 0.0967868728409408
-0.0903594073376422 0.118066981432989 -0.0655044005224719 0.0741060042754639
-0.00229309609384982 0.107797118427536 0.0949328756128602 -0.00168969702507579
0.0502086641926019 0.0660429518097697 0.0269822760496693 -0.133406517339889
0.0728517285153686 0.00235489856247518 -0.125840669192795 -0.118336908384273
0.0677281403150148 -0.044342519699134 -0.160692732629757 0.0236010803902854
0.0272560382977437 -0.0759580449317181 -0.0864222541408963 0.0943320448206962
-0.0138733551180691 -0.0704560195222446 -0.0168298429364538 0.0920164065907937
-0.025481212715775 -0.0759072733989567 0.0272369625174752 0.0690261147204137
-0.0217761976572247 -0.0810986970648872 0.062002574789804 0.0508873649250087
0.0207136666717693 -0.111866318218285 0.080828394249406 0.0624692990025975
0.0967522054391263 -0.0856467722584697 0.0677022705913011 0.0979002722579706
0.132498199807416 -0.0074700091951631 0.0112875312744879 0.129919618806081
0.109533628496103 0.120941971988749 -0.0882841440482492 0.133935554922233
-0.00803847429452971 0.187024105070253 -0.146983256392877 0.0802926158888399
-0.115061616791956 0.173882805637497 -0.12333410920316 0.0617380143830816
-0.139186476492814 0.130809583216484 -0.0209843360328261 0.0339619228876016
-0.034346474234154 0.159744491829471 0.120934434136931 -0.0151813874919501
0.0610777658346954 0.121920623662041 0.0692520269015607 -0.140014605996276
0.116657565302253 0.0183673311711227 -0.0890120898750329 -0.145176964119609
0.100748710517124 -0.06176698423704 -0.137902541011565 -0.014532439992484
0.0408979342173093 -0.105297168343015 -0.0857800720748578 0.0518797145371676
-0.0177092457840017 -0.0955522369939257 -0.0303061942290629 0.0548978090517555
-0.0352908805558793 -0.0945162687956409 0.0139026711090446 0.0351149506374904
-0.0305839910486315 -0.095620763425825 0.0520786678693456 0.0113608641881324
0.0145507714914266 -0.132051677062639 0.0868940048893792 0.014481853990055
0.100085607485839 -0.113437183915497 0.101491698547693 0.0567879988218693
0.153502441066171 -0.0338703860731048 0.064060151556011 0.11708068504866
0.143956526719623 0.124242047462609 -0.0426515663277606 0.136830211064673
0.00313489295329224 0.214119197690913 -0.11947997453563 0.0711942207948671
-0.127293099920214 0.193486914357334 -0.0740086238373874 0.0164919137272452
-0.166380490346382 0.119652183108072 0.0391413999109709 -0.0114268470241702
-0.0705504664829058 0.180339084315317 0.149394970275351 -0.032715581356379
0.0515583505114811 0.161537310230706 0.112899231766956 -0.135128212418009
0.137740001608568 0.0412683780106854 -0.03403674912833 -0.157036115930844
0.120674523843295 -0.0632061391211644 -0.0957367225144455 -0.0558786170561871
0.051965821299258 -0.117114410699637 -0.0750939639409639 -0.000411766562761684
-0.018236606960419 -0.106404358566692 -0.0413869653484764 0.00997120549642603
-0.0400969911535018 -0.0982927752240398 -0.000943373687391367 -0.00324750370609425
-0.034908306829903 -0.0952909541736689 0.0378951949041312 -0.0286219807661279
0.00805554470106217 -0.130530855633876 0.082783548664759 -0.0317560479151639
0.0901752839800921 -0.119148947443372 0.119626012385928 0.0120017698350973
0.148391712537746 -0.0476651778429236 0.100948083214701 0.0924419887791213
0.149139493691462 0.112386978667738 -0.00509182516352899 0.125017696664401
0.00445539270955299 0.206561747197975 -0.0952713441008252 0.0541889233894744
-0.126072904186115 0.182470481234133 -0.0262497381434792 -0.0293966471674633
-0.160540530625407 0.0877122241465248 0.103734837219567 -0.0562420896438021
-0.0932780806438193 0.159848822020621 0.173594542114283 -0.0500356452124673
0.0263541926935066 0.163017700863633 0.145429100773814 -0.119058920919346
0.126905357954682 0.0558913893574522 0.0218787742644827 -0.147245120774528
0.11595854272304 -0.0511903493144283 -0.0431734495532347 -0.0865292542179827
0.0523853456238184 -0.106517285966807 -0.0573599453504079 -0.0517174588546432
-0.0152764451855337 -0.099445319029831 -0.0492484571250578 -0.0367045790922358
-0.0388149084951323 -0.0878742210617861 -0.0155809768366716 -0.0402510499353706
-0.0331262124097869 -0.0831228010979523 0.0210921023142592 -0.0644331083389196
0.00342858236269077 -0.111911822652596 0.0737988517299026 -0.0692919750192179
0.0741916317447677 -0.103746821946104 0.126309435831343 -0.0250251950577352
0.127108347501979 -0.0428464686163211 0.121457778298188 0.0690949037558069
0.125827693545027 0.098582575110197 0.0198539007058853 0.107577792927616
-0.00803530498715358 0.174264343897593 -0.073458366562355 0.0371653213811158
-0.115395682492856 0.143161820486365 0.0164219320583126 -0.0670183777946603
-0.121698048341058 0.0427157323055119 0.155964549376397 -0.0930746453269696
-0.0895243889294549 0.105563697129118 0.188239973415614 -0.0639899848184702
0.00347012514882647 0.123370337613657 0.159757567283364 -0.101286988274828
0.0888222452126878 0.0490004291923028 0.062804618757958 -0.126614754250989
0.0842287126798682 -0.0334991284580519 0.002391128285731 -0.105875128617978
0.0404959320925404 -0.0764976283861565 -0.0406633795997028 -0.0915648561000753
-0.011232863270492 -0.0735388973559061 -0.0534474755345681 -0.0738673270237027
-0.0313722102334408 -0.0643752392800631 -0.0269620284461871 -0.0692420973432065
-0.0260311381300345 -0.0621830732868687 0.00867148372535787 -0.0910258582140964
0.00221427906448532 -0.0833195173008188 0.0665562918475139 -0.0951746632389046
0.0555096606938569 -0.0768026375487645 0.129243852189845 -0.0488305186122564
0.099312571585533 -0.0278049780792849 0.129322567821159 0.0539795113452092
0.0881720992254332 0.0847444583446235 0.033433730659616 0.0945666485894077
-0.0265529568502022 0.128706600102636 -0.0554187011131742 0.0248761605528828
-0.0979028192880095 0.0862863030841258 0.0538968528585004 -0.089354792781979
-0.058731140492202 -0.00895207857392604 0.182727027842104 -0.11869631771652
-0.0597134069379031 0.0339210373266945 0.186564810588119 -0.0743532882934365
-0.00842356519797027 0.0560175469089267 0.157311365522343 -0.0934671763020537
0.0363734952672048 0.0236225049329416 0.080899269796961 -0.112597182551984
0.0341984146343656 -0.0141407622054346 0.0236500809517448 -0.11496105030941
0.0191328777202906 -0.0327373131850981 -0.0340090738234967 -0.112298417996954
-0.00512128587988412 -0.0349483085717992 -0.056548204534176 -0.0951625465544043
-0.0181082949026237 -0.0321456975259688 -0.0341967893051826 -0.0871993598179612
-0.0153437306522212 -0.0340737134758389 0.000506247086935327 -0.107827853538338
-0.000676186012574942 -0.0483915573551873 0.0635368450872653 -0.109120681346882
0.0323272234780487 -0.0462231386835066 0.133287829477955 -0.0625567902639118
0.066339332383697 -0.0113477998521647 0.133286883910632 0.0485814609164378
0.0461417864175427 0.0647995003373993 0.0402755448049607 0.0901767848216685
-0.0405645442254619 0.0735433227660495 -0.0409458054599922 0.0211052451864001
-0.0691754533807074 0.0206066139223911 0.0813169773863425 -0.0941388102402227
0.0207886456668349 0.0366048756236258 -0.0884538248527945 0.118564023212924
0.0214198641446834 -0.0181158662500339 0.0679423976087718 0.00517620565853611
-0.00937040811325627 -0.0247390268166451 -0.024786572584647 -0.11120942443269
-0.0178719007732765 0.00721352492109838 -0.144839935413764 -0.065380219491285
0.00407009365079116 0.012868345252365 -0.159201474129195 0.0725689180193831
0.00669189166405931 0.00109051316107253 -0.0660573346992532 0.135823893609673
0.00488556465493998 -0.00296871401477128 0.00743494369797319 0.121155647926395
0.00070784227354336 -0.0103661459679324 0.0446113927169457 0.101222149302789
-0.00125103067569827 -0.0110996176071724 0.065367415744878 0.096176217119343
0.00345710613191188 -0.0169207017963715 0.0515926441546 0.116894607048493
0.0192779678948782 -0.0109166877613333 -0.00253617807649245 0.126813343818967
0.0192883069917258 0.00247417919755001 -0.0736464043111144 0.112854962491785
0.0269019015320153 0.0162423400974591 -0.146834297181507 0.104716306214205
0.0172077204588583 0.0393354915785297 -0.193864752632833 0.0813629232807129
-0.0148669871268948 0.0673382713875209 -0.196177224404607 0.122826997703161
-0.0305917505088429 0.0862968297915715 -0.0861225787402647 0.105786807663951
0.0183389656441717 0.0436793713444371 0.076901489488113 0.00329512215002973
0.0244361130738482 0.0136054077612972 -0.00724691739679955 -0.121572225572569
0.0245833202794654 -0.00118871448389938 -0.144116218023187 -0.0856223958591048
0.032731721784843 -0.0187041623905491 -0.163324381467482 0.0579027905958357
0.0131049206988813 -0.0387609246468007 -0.074796637095089 0.124584637726477
-0.00807341402374023 -0.0377007652482408 9.70342859747604E-06 0.114032618743559
-0.0148384377803879 -0.0462548402208295 0.0401227226766775 0.0907447968277896
-0.0133276588601324 -0.0515685975495405 0.0681638522195019 0.0788554955405179
0.0153466578491233 -0.0720388754194608 0.0690967695900546 0.0971984739636365
0.0679275335941041 -0.0503701283365105 0.0310432025446418 0.121850533698726
0.0846462823126032 0.00761308526978592 -0.0389732088184621 0.125870758927604
0.0650903574041661 0.0835436188004797 -0.124464318455602 0.121603264382961
-0.0052109866818235 0.125726476398053 -0.173208189849696 0.0843500173791214
-0.0751536519351378 0.130874084516761 -0.165664615587598 0.101653109870416
-0.0868490300201444 0.122128052199226 -0.0641592182960121 0.0759371435032401
0.00121597439440749 0.108212385806275 0.0951313657989255 -0.00488051458974042
0.0525051004699406 0.0647898651510575 0.0248834397331394 -0.135512040585466
0.0727719588242981 0.000114489061758761 -0.128354897795266 -0.114964897759043
0.0658950098934155 -0.0475123793581587 -0.159166656739281 0.0291031740663023
0.0236566533542792 -0.0774444736036064 -0.0828050679636667 0.0975897970791609
-0.0161800407196323 -0.0702179087442321 -0.0131050237504994 0.0920259348548351
-0.0285293093547949 -0.0747695059325738 0.0298439403058174 0.0673983702826545
-0.024402882283542 -0.0802133753400171 0.063797039900543 0.047430504166069
0.0161042644670936 -0.112831384337225 0.0840814103881504 0.0588374219365332
0.0935476309282889 -0.0901050841142142 0.0722291611064856 0.0963848256347505
0.132405327363043 -0.0113931624700851 0.0135766985483711 0.129626878520963
0.113682940729788 0.117235882605045 -0.0859123514524448 0.136370777201858
-0.00193327476668295 0.188485753420844 -0.145601317705713 0.0836340892721385
-0.111881191634823 0.178361797234766 -0.122341662395939 0.0651909769332089
-0.135809077836834 0.136466532476551 -0.0206001182023361 0.0347893030074206
-0.0295792370866397 0.160676662270125 0.120614886834775 -0.0190273727748572
0.0658880854011277 0.121106055201703 0.0677222306444235 -0.143260800720914
0.117002108262683 0.0147217403970063 -0.0919216294318064 -0.142591480619744
0.0987759775348783 -0.065675348806954 -0.137502113393007 -0.0111110465668352
0.036676307967563 -0.107109458118832 -0.0834553127619876 0.0550010231266684
-0.0213745648394454 -0.0954342666374454 -0.0279143401691314 0.0564640260140016
-0.0388272835668001 -0.0923951203466839 0.0149473306156693 0.0342256421002011
-0.033389212090766 -0.0943023541126354 0.0527835335338374 0.00824229045515312
0.00907380305220344 -0.133314073582086 0.0886311174982162 0.0105253004517209
0.0961311871029182 -0.118034822556635 0.105055562313654 0.0533894346636763
0.152746066204526 -0.0386803648819621 0.0664172506285871 0.114348022248935
0.148696890027448 0.1193225477477 -0.0408116224045312 0.138466581635821
0.00984853144226825 0.215398913765772 -0.118647958057939 0.0733428393169036
-0.123541754184629 0.199135740221984 -0.0740474031256099 0.0189801451366988
-0.163101792524841 0.125778870654128 0.0385784696951849 -0.0132820334538717
-0.0644078864486431 0.182456745181115 0.1482354315683 -0.0366065766160948
0.0571902208861242 0.160467759281021 0.111787552305047 -0.138704334524951
0.139345645911777 0.036878007864742 -0.0377610154303615 -0.15595079997396
0.11873233521845 -0.0678581741512565 -0.0964394623461961 -0.0538265600062935
0.0466695813470262 -0.119208454593588 -0.0752651845229911 0.00190132772462644
-0.0213343258400564 -0.106444592160161 -0.0404332942550135 0.0117697670909216
-0.043657965386603 -0.0959845214834429 -0.00164443008215384 -0.00380815885150061
-0.0375152390273753 -0.0942252423453442 0.0361399593122701 -0.0314001021993273
0.00255758604311149 -0.131720773602272 0.0821457502189897 -0.0355203049907522
0.0856803292198782 -0.122407981078271 0.122082792922904 0.00753379116506645
0.146415634325819 -0.0521791925242531 0.103237387965072 0.0887952477225888
0.15323059194743 0.107450967662941 -0.00314521083178123 0.125694598701234
0.0109929282217164 0.207619724008281 -0.0949299611600719 0.0564500035177839
-0.122086749744678 0.187529695274136 -0.0276243253349194 -0.0285718985089716
-0.15830944677156 0.0936007054907511 0.101880325256009 -0.0589567898273643
-0.0884167388174155 0.16227885681121 0.172536267739308 -0.0541054445889039
0.0315130848675719 0.163150948517908 0.144013763461429 -0.123302354361428
0.128577753283006 0.0512608228800588 0.0192156252648012 -0.148116145721135
0.114191906713211 -0.0554735863909747 -0.0443454279208023 -0.0868821482598949
0.0479746686709549 -0.108483224971367 -0.0592084527817039 -0.0503153133809884
-0.0189795515675765 -0.0987305108137256 -0.0501438017854524 -0.034151117190495
-0.0416686400535893 -0.0857628364631288 -0.0170963387411558 -0.0391554373031317
-0.0356110805672033 -0.0817494734132213 0.0183071151368762 -0.0657674007373124
-0.000534120644079818 -0.112420110149743 0.0717641819330838 -0.0721391022819977
0.0706571955527615 -0.106621961702965 0.126770743473078 -0.0295453396832582
0.12551038299521 -0.0469585542281985 0.122832431066575 0.0641176230343336
0.129693010469683 0.0939002546169342 0.0213789556306165 0.10743726024098
-0.00229324175802728 0.175947510439397 -0.0744815648337342 0.0397703898508569
-0.11238761147099 0.147844837145549 0.0143442477639869 -0.0670934013476211
-0.120106809748735 0.046945609398207 0.153840777050774 -0.097311739048194
-0.0862902206307593 0.10852312246621 0.18703531398849 -0.0678403101503232
0.00692952327994898 0.12341831065552 0.158461662910396 -0.105411974711581
0.0900770357133373 0.0459472069266663 0.0607713296080603 -0.1285382611799
0.0827766149566238 -0.0362917606884007 0.000277219726768489 -0.107727806993427
0.0372357292924169 -0.078054022180758 -0.0441589927199245 -0.0902936932373024
-0.0137418930248749 -0.073565988201102 -0.055581065031758 -0.0709676906888853
-0.0335969435709818 -0.0628019746755226 -0.0294201091315702 -0.0679784120532203
-0.0280103182034843 -0.0607742181022913 0.00444581241036879 -0.0921718901291287
-0.00138930742007946 -0.0832847890142491 0.0632215562552924 -0.0973312596431571
0.0523984040162125 -0.0786135957686178 0.128999261163557 -0.0539550876347492
0.0982771372756252 -0.0311475754173268 0.131133951909871 0.0493334846230622
0.0907693929150128 0.0813129956143784 0.0347998081861128 0.0936622611558264
-0.022276562336161 0.130402941690496 -0.0561708424427328 0.0272017705191505
-0.096165759539933 0.0896308838933418 0.0509502221145623 -0.0903202249182219
-0.0588004218865096 -0.00631291404698343 0.180517285296601 -0.123403782839002
-0.058831113759408 0.0353431383140744 0.184942101396883 -0.0782367668115989
-0.00709376931999845 0.0557529284400684 0.155899878085969 -0.0978123823900352
0.0365029213933442 0.0219053776515827 0.0794137496724003 -0.115524101394427
0.0332602770380801 -0.0150438625630251 0.0205364559020386 -0.117577945728457
0.0170051965704184 -0.033419328654752 -0.03814964390266 -0.110848986563446
-0.00659783498449258 -0.0346511525781835 -0.0605681570140665 -0.0924735589379967
-0.0191995367745829 -0.03064283238739 -0.0371521981647529 -0.0854322071686646
-0.0170590231327057 -0.03357899408112 -0.00358889366662514 -0.10772024980586
-0.00282741085964299 -0.0482900252302616 0.0604538841157776 -0.111737303153994
0.0314192380783205 -0.0468201433845043 0.131208570211746 -0.0671258212542614
0.0657373655787808 -0.013457793993027 0.13523800013472 0.0443072705122578
0.0476924806172508 0.0632867665662348 0.0414694156016645 0.0889726619221968
-0.0384051381574889 0.075486618621224 -0.0418318428265486 0.0232195737508619
-0.0692270424009312 0.0228676468876711 0.0789215003065375 -0.0957372890354566
0.0223594239321339 0.0357935816705053 -0.0814734655832071 0.122020658531019
0.019881704628796 -0.0189718296035827 0.0675559101675952 0.000589905437332791
-0.0107875412238196 -0.0242838693308489 -0.0298501713141082 -0.109310694393742
-0.0174211464264285 0.00778769634414281 -0.145906748246467 -0.0583351440348961
0.00491005425996181 0.0123378324228378 -0.153021582163834 0.0808583065831522
0.00654195173306299 0.000860357023246917 -0.057404518383448 0.137305510845392
0.00414299808842708 -0.00300803819163622 0.013747108178807 0.118253791884269
0.000270139381352751 -0.0101235688923821 0.0496873629426928 0.0974698089356307
-0.00225825626122166 -0.0113404175916636 0.0711658079263405 0.0901669858259235
0.002451512228867 -0.0173762225444291 0.0588418792928161 0.112509786485966
0.0187197747001885 -0.0124886955316316 0.00447715099388806 0.126859127796895
0.0193257365850204 0.00167023743617301 -0.0692607864842327 0.115970218977744
0.0273696598680328 0.014370525528503 -0.140541462036081 0.112134486907222
0.0187831631198224 0.0381787905075404 -0.188477923904895 0.0886482791230814
-0.0111977805062539 0.068054502755999 -0.188951795447814 0.131384297326434
-0.0256359652162585 0.0876375900438469 -0.0804221925011245 0.108831584678632
0.0203571596849784 0.0422617863340043 0.0758921699951045 -0.00149645061507995
0.025182005482492 0.0118315843714188 -0.0126169011489873 -0.120984856026971
0.0244075292151284 -0.00251860291746927 -0.146308736729346 -0.0774822411596924
0.0310737345611514 -0.0207053889386089 -0.157846239557718 0.0666976819828876
0.0104657297056851 -0.0393753476355381 -0.0665522825323276 0.127124930426184
-0.00987113874816124 -0.0370896532248607 0.00665528837589538 0.111475052022222
-0.0178566212822201 -0.0442988201131278 0.0451585421130208 0.0875421567173954
-0.0156175037458476 -0.0502903450197942 0.0722547906325914 0.0730975219694306
0.0114135906192893 -0.0723656360357498 0.0748467102656649 0.0917199922340379
0.0642286158916971 -0.0543604263203562 0.0381963022955758 0.119613275843648
0.0841407597017798 0.00350111816724682 -0.0338717016711938 0.127371762717844
0.0690977015240003 0.0795283237928547 -0.118036760312387 0.126961934170192
0.000890460785946753 0.125339643928856 -0.166896251296253 0.0907337706344295
-0.0685241002503426 0.134600872807182 -0.159759172052877 0.108866186956514
-0.079918612581497 0.126429386078366 -0.0598229030888297 0.0785505913590218
0.0069310318797137 0.107031269445683 0.093337072836961 -0.0103144058360905
0.055520488660371 0.0614215003158415 0.0195728834094704 -0.136459715233228
0.0720129674161167 -0.00365689497083698 -0.132288934526741 -0.107583812889295
0.0629738706863772 -0.0507641187146866 -0.155143895048256 0.0366435940954021
0.0186539812162531 -0.0782601068129005 -0.076524240556408 0.101205796768966
-0.0204072873759147 -0.0688153452190718 -0.00823016975836338 0.091396714292848
-0.0326044496459916 -0.0719887877290896 0.0328649814300071 0.0650561379485732
-0.0282361441232707 -0.0782271389119653 0.0663329487919659 0.042017266213768
0.00877136856008792 -0.112913469652328 0.0873100677261818 0.0529541662065798
0.0871103654723411 -0.0953637581857108 0.0781630958791357 0.091358211089019
0.130665644311145 -0.0185443407280924 0.0184923212649046 0.127829360698308
0.118998393550301 0.110099454254538 -0.0790005101430504 0.140074415448407
0.00746951530403014 0.18745967326726 -0.141581793086691 0.0889996653764091
-0.10274516116345 0.184328892332801 -0.118542926302389 0.0711616035391601
-0.127402430725004 0.14357233726483 -0.0190042810740513 0.0351694898390031
-0.0204743144669016 0.160490145499735 0.118312433790587 -0.0248453280817027
0.0722075671724293 0.116318180267823 0.0624824628260707 -0.146321765898519
0.116400460837773 0.00830796976684733 -0.0975912267902615 -0.136549230173979
0.0935761583141176 -0.0712934437946768 -0.135918110295363 -0.00431933056728244
0.029125737536068 -0.108723528487728 -0.0795622708112431 0.0586792044584479
-0.0265663810951889 -0.0931005269279666 -0.0238981333784591 0.0572076413425853
-0.0440416404556003 -0.0886716246365443 0.0165158042572889 0.0327793763982278
-0.0376729575822107 -0.0919186717156627 0.0523695742393995 0.00417854641630841
0.000757395478105472 -0.132745248054958 0.088592784356407 0.00458267387760768
0.0879959538039567 -0.123280195118582 0.108852437171185 0.0463671369641139
0.149295541528594 -0.0463197332868857 0.0705702647895494 0.109751620631085
0.154281337916243 0.109804259314383 -0.0344244928388964 0.140052369340493
0.0210704637762489 0.213647339285722 -0.115469012192283 0.0781289658061562
-0.11381392067925 0.205441282440267 -0.0726097070503288 0.0232690312739269
-0.155432030730472 0.134168550249779 0.0369080745767094 -0.0147978159045426
-0.0546857834499901 0.183999757940987 0.144999721167621 -0.0430327906522961
0.0651092167476627 0.156546497417442 0.106096895260936 -0.143664511805526
0.139882129590598 0.0289315546737613 -0.0439919387938303 -0.152646103940279
0.113458708045629 -0.074289295592592 -0.0967830784771218 -0.0494308324809029
0.0385675603682542 -0.120836820930626 -0.0742742075514386 0.00580142699449402
-0.0273733612901097 -0.103814413933765 -0.0390722772755381 0.0141321232844555
-0.0489788463973994 -0.0919941474686213 -0.00171248002971528 -0.00327523334078102
-0.0419228104228792 -0.0907346216456323 0.0337772812941789 -0.033776496104426
-0.00538847884020543 -0.129919940648358 0.0797493332566464 -0.0400892469981274
0.077662669683078 -0.126612568097109 0.122756310283928 0.000245563748753429
0.142192294701792 -0.0597238895393236 0.106418557243457 0.0821921214866277
0.157972984942753 0.0979694324864502 0.00175472488286295 0.124929882369281
0.02227529486362 0.205987311356852 -0.0925534000060574 0.0608013057627171
-0.112979918684194 0.193445651297674 -0.0287680725191956 -0.0264271403159016
-0.151325028337257 0.102371458439192 0.0979265771982897 -0.0642204253538028
-0.0791238033376297 0.16535829590612 0.168445586834375 -0.0610939181183727
0.039885684181202 0.160132341940184 0.138562860622738 -0.129750809045193
0.129989960994042 0.044416812832082 0.0126650285185932 -0.14737131546063
0.10976202925094 -0.0612924546958241 -0.0473386752059934 -0.0858036860604364
0.0404169831201327 -0.1102381014577 -0.0617710584991249 -0.0467972870705395
-0.0243323181421492 -0.0968122562823686 -0.0508627724465109 -0.0301836260730832
-0.0464819343297074 -0.0816319739207393 -0.0190561294982566 -0.0375877815346984
-0.03928668942887 -0.0792374670263685 0.0140743952032356 -0.0665905301324524
-0.0074137857154728 -0.111356611831708 0.0672923671639771 -0.0755498712535517
0.0636432816690541 -0.109558079721987 0.125683557635303 -0.0371241591362524
0.121221629641408 -0.0530863940118641 0.124491784756133 0.0567945581361204
0.133184844328336 0.0852617997058162 0.0249198085296816 0.105863276814533
0.00702366260637172 0.175306748142748 -0.0727138595295054 0.04331973827278
-0.104738311258938 0.153811556118683 0.0106812456843239 -0.0665773391522395
-0.11631567119297 0.053765688487124 0.148260383587408 -0.103999825965207
-0.0798150879619567 0.111477755160957 0.181600378754455 -0.0746735767985842
0.0137016465056556 0.121898402137081 0.153238365252031 -0.112368324538193
0.0912868906784678 0.0406096090819302 0.0548955031874201 -0.129877813800255
0.0798077888255225 -0.0409014464874816 -0.00447424112650646 -0.108623543046644
0.0317331934033259 -0.0790195344990018 -0.0486858829654433 -0.0878216518569825
-0.017715522729488 -0.0717596683917329 -0.0590472216929245 -0.0666011572724983
-0.037037656868646 -0.0590043924263808 -0.0331365782418134 -0.0652695119137554
-0.0312361642412221 -0.0582171926299567 -0.00114447532928673 -0.0912709233915391
-0.00655657136319177 -0.08228718107846 0.0577352733275137 -0.0995900304061413
0.0476390282255675 -0.0806452740587154 0.125752782751433 -0.0611077328958215
0.0950823063773684 -0.0359053417829592 0.132230398071412 0.0415640623649768
0.0942267151519507 0.0748911408329933 0.0378237259233684 0.0913998025470978
-0.014801350076989 0.130785895575846 -0.0551771444100155 0.030706189160595
-0.0911615239426479 0.0942801309967265 0.0457505123836198 -0.0911962342348136
-0.0581697948185114 -0.00281956818894952 0.173713040500655 -0.130840622048964
-0.0561629018514212 0.0386130501353713 0.179762729834079 -0.0847428991813424
-0.00406151998375086 0.0556323700390605 0.150981566381043 -0.104183993532227
0.0368330285966751 0.0198348110697723 0.074078121084863 -0.118246246926847
0.0321893974896922 -0.0169695410925371 0.0150296913774244 -0.119414549785837
0.0150826013325703 -0.0338605077117475 -0.0444588252425752 -0.107955297257928
-0.00855102348881821 -0.0338592732384537 -0.0648424076454901 -0.0869495463451153
-0.0209004540073519 -0.0285688828925895 -0.041465009711187 -0.0817500572798657
-0.0189081403837038 -0.0321848481804858 -0.00980228691296025 -0.105940308874928
-0.00611185124129734 -0.0474580124262522 0.0539970436770124 -0.113170975691309
0.028747187334754 -0.047879934960788 0.127131248130969 -0.0739650130518819
0.0640435328329771 -0.0168127085431253 0.136315688212232 0.036989169276731
0.0507645015120986 0.0598877037020907 0.0442611410917016 0.0863217334995762
-0.0338065433394025 0.0772075876272231 -0.0408373053843724 0.0258116857907894
-0.0672076658173975 0.0269007316781233 0.0723876541182664 -0.0984346108282441
0.0230866159688945 0.033279874407848 -0.0716979472805223 0.121670817032699
0.0181124334696075 -0.0188695764432273 0.0640072664539133 -0.00316750030169001
-0.0117034876954786 -0.0231607239338428 -0.0344831138125827 -0.104249078209429
-0.0160142346204659 0.00837711400613351 -0.14359734530481 -0.0495065400122832
0.0055236116174722 0.0116238069434043 -0.1420474997481 0.08628502900276
0.00587620289502223 0.000216418477335585 -0.04745130266397 0.135079928609415
0.0033452186757783 -0.00333942580508156 0.0194485672960204 0.111479902536553
-0.000737339907067044 -0.0102255411624073 0.0534047959672284 0.0901325515015665
-0.0026803872625716 -0.0110750882613708 0.0733725642536474 0.0816634637034532
0.00186105652941396 -0.0169374890653711 0.0635980392932955 0.103623551645533
0.0170514539768192 -0.013270295459921 0.0115485178982992 0.122583264638499
0.018884682921734 0.000817236914068256 -0.0621279220580336 0.117285509764177
0.0266063110077357 0.0123718189224529 -0.129473179682641 0.114990770668823
0.0194703962873933 0.036210006115548 -0.176964839894659 0.0935026645972362
-0.00715134538433027 0.0664751305954689 -0.175525538005793 0.136372792544862
-0.020029094812322 0.0863051930363411 -0.0718510999676216 0.109322074712363
0.0219411603892807 0.0397622026458116 0.072399004827144 -0.00587795591856458
0.0243665714592621 0.0100039399219263 -0.017716292048446 -0.11631585403517
0.0228324746092199 -0.00360759793866287 -0.144019728903704 -0.0675031427760831
0.0290156524240778 -0.0221178181959721 -0.14759176115864 0.073060510317944
0.00737073628682675 -0.03836420239792 -0.0563716774378956 0.125670017698116
-0.0120846106605368 -0.034604398258081 0.012145250861076 0.105785828641657
-0.0200822425875887 -0.0416112013210082 0.0485891603687125 0.0805204211553416
-0.0178948545750072 -0.0474657151566447 0.0737605546581446 0.0646542477371659
0.006015504305489 -0.0702322814608592 0.0783917855595117 0.0827440305333838
0.0583645070924971 -0.0568091347868929 0.0444185853921215 0.113178951547737
0.0814164630457551 -0.00150763499379504 -0.027072550046048 0.125205844499692
0.0705750531199419 0.072140951262438 -0.107067921704405 0.128505106398071
0.00758922591687618 0.121235327280106 -0.156975617716882 0.0943679206173316
-0.0592238047948897 0.134411950317684 -0.148124780070276 0.113312293654654
-0.0699026529745449 0.1270026689795 -0.0543554104878835 0.0785329780782153
0.0126764434503928 0.102389819070463 0.0888705616000071 -0.0147198339452769
0.0573536437304211 0.055797085272629 0.0127455582990821 -0.132970122377182
0.068629999607086 -0.00770779690149144 -0.132122439471783 -0.0969994920441081
0.0569080249418259 -0.0527371728745897 -0.146548651823993 0.0438259239836175
0.0128314861172734 -0.0763509054828102 -0.0667378298852599 0.100399068553914
-0.0240455222955434 -0.0649162468786323 -0.00216151528083266 0.0874760259853535
-0.0359665420528243 -0.0671276925192727 0.0357338863772983 0.060209969135293
-0.0313988965679737 -0.0734262472904015 0.0656513130803119 0.0351614306881725
0.00143393893536428 -0.109790990314718 0.088045166479236 0.0447912927864522
0.0775967137037027 -0.0980954690710195 0.0813811234907369 0.0835089570952377
0.124969643582749 -0.0248138847034601 0.0231310022500786 0.122584349946541
0.120958310656754 0.099161529400681 -0.069999141144983 0.140369137819818
0.0173992225637657 0.180639422549883 -0.132472176617007 0.0920418152458953
-0.0900819636943099 0.184364828949291 -0.110668891433476 0.0749760120760864
-0.115018447696387 0.145691611773282 -0.0175510455414325 0.0355562877422582
-0.0109841487411105 0.155526086803856 0.112923654766761 -0.0299661386703561
0.0761216701114317 0.108237160146187 0.0538784655629129 -0.145119826478734
0.112488842106756 0.00105921224167866 -0.0998163047087524 -0.12649854776798
0.0857279557682135 -0.0742945763285291 -0.129902608453758 0.00237677775076736
0.0211417535191792 -0.106048939180217 -0.0732590520112671 0.0608064942278398
-0.0312256152246667 -0.0884447170363667 -0.0195131334555531 0.0558165323650861
-0.0473140567911429 -0.0821701651356395 0.0180907653361213 0.0307692110825194
-0.0413695490691304 -0.0862953629522786 0.0501652549466952 -4.60588610846384E-05
-0.00745201352336531 -0.127946886062429 0.0857571274692217 -0.00120417347582475
0.0770592683254344 -0.124458192784654 0.108682239447905 0.0382014124917784
0.140440739308528 -0.0531982422106043 0.0725660559737659 0.102124776850759
0.154937659740427 0.096860889214576 -0.0269369303160822 0.136819806484592
0.0317562217398472 0.205116840813492 -0.108521279014326 0.0807453974354558
-0.0996723784005743 0.205397891240531 -0.0687827405687658 0.0261938311479621
-0.141645854190474 0.138334037639953 0.0342485230856703 -0.0159485967018912
-0.0428334874388081 0.179785750528414 0.137136880226363 -0.0487412239272874
0.0718766277962461 0.146469212311235 0.0963506459583347 -0.144594483299472
0.136040961744772 0.020012733662893 -0.0488566854917004 -0.143869697465218
0.104819366750263 -0.0790316916432669 -0.094976742904116 -0.0434723273328461
0.0291139994710718 -0.118889421911311 -0.0710718492169785 0.00910968873562949
-0.0323805429833816 -0.0984442567879766 -0.0364978639213176 0.0158758778925354
-0.0525412407530315 -0.0848634144803625 -0.00185306649558547 -0.00298566205892888
-0.0451213943335246 -0.0850485505942993 0.029383502279845 -0.0352791264772571
-0.013411002047683 -0.125277313330803 0.0745938262626656 -0.0439090394648255
0.0667164023549886 -0.127677863452717 0.119172001164714 -0.00729429759324468
0.133446982733317 -0.0655277348522454 0.105464251313673 0.0732769996590857
0.157558507960402 0.0842092602725308 0.00717020909772445 0.120671350217594
0.0329136305906568 0.198142125157842 -0.0877262584102279 0.0634967720257905
-0.0991183766650892 0.193662181521366 -0.0292991733744099 -0.02330821698308
-0.140287718946361 0.106872673739351 0.09077618744497 -0.0662026861400922
-0.0675959315490883 0.163395354998914 0.158195902327222 -0.0666162715698674
0.0471061059607146 0.151523092797595 0.128129981487624 -0.132092211033606
0.127462747977819 0.0356523063549291 0.00595845539462512 -0.142432477642172
0.101576631351293 -0.0658977102741371 -0.0491406825345036 -0.0816975178423099
0.0316769494063595 -0.108117278693587 -0.0624324338694671 -0.042308649148824
-0.029124657503106 -0.0920603550555392 -0.0506233050445383 -0.0257913453360799
-0.0494016111064117 -0.0747605778798671 -0.020364024257801 -0.0349035032451305
-0.041857770633368 -0.073405377704831 0.00878081459265318 -0.0654824638680978
-0.0140564481139859 -0.106280019799847 0.0604546908749039 -0.0774347719444563
0.0544415315893442 -0.109775729173592 0.119911306668203 -0.0434871692024056
0.113499833347045 -0.0579367462286951 0.122275764727773 0.0472082560801283
0.132943329620053 0.0740254158111854 0.028133988828834 0.101063220227826
0.0168690906955428 0.168581664614753 -0.0688937516543282 0.0461315598878909
-0.0931456255415024 0.154201399095372 0.00685573725766886 -0.0646868708802526
-0.108514619484569 0.0580246573501586 0.137805751221443 -0.107846199408797
-0.0707808908203821 0.111775757129633 0.171889305656031 -0.080064856331539
0.0197677529254554 0.116286281154696 0.142905286632096 -0.11578551295803
0.0896847506271038 0.0338282968297649 0.0481017124140965 -0.128161537960366
0.0742743470261834 -0.0440276863839123 -0.00961055857468133 -0.106473485892885
0.0254072897217111 -0.0778162141404658 -0.052654886501859 -0.081628819034378
-0.0215286862483393 -0.0677944163172142 -0.0607841664307066 -0.059785923218902
-0.0382784065433793 -0.0534754630548333 -0.0354262832035828 -0.0606639037958475
-0.0333157579927038 -0.0545255392616437 -0.00703601254982232 -0.0877677980262848
-0.0117773787264412 -0.0781412693522595 0.0498732815377076 -0.0997097540966897
0.0410919205817914 -0.0803094394108203 0.118725840002043 -0.0667976307746804
0.0891790655048588 -0.0395836309203376 0.129224930314954 0.0327775866933171
0.0940816150414222 0.066026616350446 0.0401564345679384 0.0864612468534482
-0.00696206705849883 0.12684864554436 -0.0525913999668936 0.0332450484806364
-0.0827587201343261 0.096603702528036 0.0389704700032922 -0.0901975409563101
-0.0553750609089441 0.000674766621176319 0.161709259655554 -0.135641725864185
-0.0515755821244212 0.0398844415920117 0.169889529965751 -0.0892762667233688
-0.00100708910530865 0.0534920296189978 0.140681443096332 -0.108074556334865
0.0362069549248426 0.0172359971910938 0.0670952679250596 -0.117768690130937
0.0294934907335993 -0.0180992628676956 0.00798304950601566 -0.117845502960107
0.0125051555233842 -0.033430681974838 -0.0491304530338784 -0.101742196529084
-0.0105655872564648 -0.0319597275429204 -0.0677768184376775 -0.0792391631258357
-0.0213514965205264 -0.0250690667030357 -0.0444332351258514 -0.0762399701054017
-0.019822762856481 -0.0295110530452662 -0.0156467840642099 -0.100510552298569
-0.00912753658319336 -0.0449731073510879 0.045338153399035 -0.112560566765843
0.02466012455101 -0.0473512583235474 0.118623084863377 -0.0791264361147703
0.0604633356324254 -0.0198598669171401 0.132390406708536 0.0282447664600514
0.0513334252463952 0.0541554385201764 0.0463809925159061 0.0808069944162082
-0.0278809344612746 0.0764965673612873 -0.0382959421665478 0.0282410385618102
-0.062787149060568 0.0292645576544563 0.0639005339433217 -0.0984187661238755
0.0270248117351498 0.0299048504201031 -0.0546550447565942 0.120522471958657
0.0152727893303402 -0.0194936250864929 0.0585075913195846 -0.0108003881857879
-0.0147596549688138 -0.0202417167387774 -0.044514397905776 -0.0925685627462946
-0.0144295592404892 0.00939026146755468 -0.14007270051633 -0.0269744151507382
0.00608001540988669 0.00968603226811341 -0.121251365182418 0.0991267059245476
0.00568753656546582 -0.000345494221994925 -0.0278432819599982 0.1322021904539
0.00297237165902631 -0.00267525861790432 0.0313745165582501 0.102845956146343
-0.00174501901373005 -0.00940128330488554 0.0608717711428034 0.076324436455474
-0.00381509353248319 -0.0104858488851463 0.078111885926087 0.0663665398516163
-0.000609535503447532 -0.016995027184408 0.0733662219132176 0.0874903788898909
0.0144973326493877 -0.0156515575819992 0.0251834517905294 0.113648164425678
0.0191869287061255 -0.00114365297434422 -0.0449999158756964 0.11862358602072
0.0277030672226964 0.00807940285773805 -0.106951790166086 0.123232050752495
0.0244334582647647 0.0326217340633762 -0.152858779673278 0.108844086258593
0.0041981171079797 0.0641893208955821 -0.149743493060398 0.152278936960499
-0.00755075073938281 0.0872717390023826 -0.0530605154623772 0.104489171349386
0.0250811211748679 0.034495839247787 0.0652439620526634 -0.0161278224091222
0.023404202802402 0.00565088148690383 -0.0317041383356785 -0.108582690101345
0.0204372627372477 -0.00592509885690518 -0.144800140676605 -0.0441730618318931
0.0237496833399276 -0.0242702200923634 -0.129567581557888 0.0874778581622571
0.00258471086034081 -0.0363466568785034 -0.0388275684368964 0.125177407853442
-0.015487673015352 -0.0304690343061821 0.0235109570702057 0.0980023326072081
-0.0238875143405161 -0.036294636402472 0.055096574023844 0.0679904973790148
-0.0226840941524746 -0.0426221595098906 0.0757055766223445 0.0497951938494896
-0.00332849032626194 -0.066703002181038 0.0832973753055566 0.065090700522033
0.0463294386657059 -0.0609922444196743 0.0544537856745492 0.0992085336411856
0.0764069298717591 -0.0111789308171749 -0.0109926002573493 0.120399875139072
0.0764842683571105 0.0577754210576962 -0.0821615102560651 0.133750680343233
0.0236696700849973 0.111262440494315 -0.131970819607533 0.111290137334469
-0.0352320095894485 0.132995380337099 -0.128295652545867 0.128815218389551
-0.0493561661774578 0.133051080189545 -0.0372589365919279 0.0690167904714787
0.0236257315022066 0.0939220104243385 0.0804575544243605 -0.0284325594667408
0.0596137579557852 0.0447570024948476 -0.00585018637578003 -0.130328117355887
0.0624460087728123 -0.0150415823558658 -0.138629476197981 -0.0741754647934958
0.0461840564187726 -0.0569605534674339 -0.134281569321999 0.0602767533576004
0.00320541932324862 -0.072225352882587 -0.0529954368590579 0.10425633610072
-0.0295204242270014 -0.0573211077020792 0.00696503052416465 0.0830944967846334
-0.0416602894885931 -0.0576180022812073 0.0403004440131975 0.0507160836107197
-0.0385035426867401 -0.0650881372379213 0.0639087649816787 0.023165890847505
-0.0130563713586088 -0.10173817421579 0.0862428507855988 0.0274204092911828
0.0585107255055043 -0.101866381091893 0.0852049950755662 0.0658883780058861
0.113132227663475 -0.0388428793097463 0.0364375029237966 0.110615436481148
0.126120053320629 0.0749685282440967 -0.0443492576019265 0.138878994735086
0.0398909142579765 0.164942383502608 -0.108118978209648 0.108659759228618
-0.056826830781426 0.182633011349864 -0.0983105328445888 0.0895262093320898
-0.0903886888817153 0.156366278241351 -0.00478769668630015 0.0226096418342756
0.007585057990097 0.146079129037532 0.101471764334534 -0.046816385255625
0.083623158268551 0.0910678445603926 0.0313739068580498 -0.149370077430087
0.104399451117522 -0.011324407397466 -0.113230909721984 -0.107184971071141
0.0701322552670696 -0.0799886146571473 -0.125454340822382 0.019157642544659
0.00675668197423683 -0.10113905582804 -0.0646378429892238 0.0670954034474471
-0.039137852039627 -0.077428839665621 -0.0142939132639747 0.055616956097498
-0.0545170784645268 -0.0703792184422152 0.0204595833908378 0.0259028008258416
-0.049261928852203 -0.0753679924184517 0.04430046493799 -0.00749162557711922
-0.0240116974905179 -0.116910661621328 0.0774544691817286 -0.0152672152604014
0.0541081505868732 -0.12651770621616 0.104012521290797 0.0196074285190091
0.123603457518247 -0.0671402341128998 0.0803557804376864 0.083737085995452
0.157198204909824 0.0681393826734712 -0.00448506791696099 0.130031554391858
0.0561718813055372 0.185120049226314 -0.0853223961452687 0.0961857552815535
-0.063925412320941 0.202638067854498 -0.0653820289971304 0.0391740965155454
-0.116977474772682 0.152343886667363 0.0395567611077485 -0.0324071422341512
-0.0193593279853474 0.17192082727444 0.12354963305096 -0.0679153401418939
0.0844158617281512 0.127717314929216 0.0714868704261987 -0.156111737914331
0.128500198268976 0.00358910223869064 -0.0683201237480669 -0.132044394540893
0.0877917736576045 -0.0861093524371218 -0.0995852303032479 -0.0292622904679717
0.0130257649049823 -0.11386513085416 -0.0705300986568785 0.0189788502589122
-0.0416837844154602 -0.0874176588701971 -0.0359469027675231 0.0201507465166723
-0.0591371643868171 -0.0723047997446983 -0.00234329696648245 -0.0024817620247018
-0.0526331255637481 -0.0735137735976361 0.0207542014600275 -0.0373700382542833
-0.0290295952388397 -0.113532852598666 0.061650826903711 -0.0535071580110497
0.04437150719565 -0.127401244566397 0.108522187347619 -0.0247302210291329
0.114598156934085 -0.0775908847740262 0.107673126913951 0.0516453469463919
0.157618523567674 0.0559967378358095 0.0249981093243756 0.110346233943593
0.05609138051706 0.177755277723404 -0.0680280205628334 0.0777471530189709
-0.0655993028580855 0.191992876877461 -0.0340119239930871 -0.0127942955486815
-0.120082999327748 0.121145018797518 0.0877826045300583 -0.0839915290948123
-0.0446298863474008 0.159712575058112 0.142007387279806 -0.0864799085630002
0.062376588444434 0.135198141917908 0.103980232272042 -0.148125469358264
0.122377679071544 0.0187810775583183 -0.0155759282105547 -0.137805421718614
0.0871965269784585 -0.0739463188943882 -0.061005028091417 -0.0719184303994722
0.0161966722621715 -0.104705553295107 -0.068150952019835 -0.030857844562766
-0.0377592683838439 -0.0815577052225578 -0.053840378188167 -0.0173628844847172
-0.0548001433404359 -0.0629707197166366 -0.0235841051403683 -0.0297603314934965
-0.0479888414758635 -0.0631993838581632 -0.00175386906816808 -0.0625221640483746
-0.026817047967384 -0.0959348327817297 0.0442601181090411 -0.0821376654776834
0.0349731393890078 -0.108611913194945 0.105185829498121 -0.0580433990319703
0.0971659028588343 -0.0683999205705672 0.120480986598373 0.0261376600476408
0.132846352075933 0.0495736234353865 0.0419805104208003 0.0900851691258956
0.0375062194630838 0.152539911174172 -0.0546022742662757 0.0588023507670913
-0.0662550291271258 0.154468014406575 -0.0046577665186193 -0.0570005264794002
-0.0961100091543395 0.0691693407759442 0.124833041133773 -0.124174429559901
-0.052819286812094 0.111969468391089 0.153342137332186 -0.0993853778334409
0.0322786229022122 0.104988123334967 0.120216927834506 -0.132518611116536
0.0872006178778051 0.0215844081725763 0.026724948561318 -0.129828290947552
0.06418759358188 -0.0498507537870997 -0.0257935731642774 -0.100151168996236
0.014069005162107 -0.0753676233506302 -0.0628460620812181 -0.0695811908011043
-0.0283411709867764 -0.0605437948617076 -0.067113889217129 -0.0483861913338654
-0.0422861150067566 -0.0447947983965415 -0.0404915720771712 -0.0518518273584212
-0.0377282736205444 -0.046024349604446 -0.0187160871720416 -0.0814438834816566
-0.0212773637659136 -0.0699189901530888 0.0322040482393752 -0.100713729943908
0.0267795994547784 -0.0798192125206674 0.101801713791615 -0.0785572832033626
0.0757170608956444 -0.0480926394765707 0.125439658713882 0.0119487216167852
0.0959512952859408 0.0471630582154421 0.0502455285771651 0.0761843630377869
0.0107756411921919 0.117455956583899 -0.0418181009977945 0.043944524047266
-0.0637977283760678 0.0990259972715434 0.0224691394100669 -0.0866395678042974
-0.0521090817313038 0.00640230072885819 0.140474398508523 -0.147629718244917
-0.0435136907334659 0.0424987442009197 0.150257264210293 -0.105054907482152
0.00513747136883409 0.0486731872136818 0.12020905713822 -0.121064095947031
0.03504420719257 0.0118550584648989 0.0470364350121428 -0.121531284986405
0.0255222157019608 -0.020149032438643 -0.00907679271703185 -0.113542408906585
0.00756862936577478 -0.0325430590633947 -0.0604694832499142 -0.0890663375083392
-0.0142173470449399 -0.0285693386439859 -0.0751308450926609 -0.066201504597757
-0.0225996282488392 -0.0201905374911013 -0.0509896335518418 -0.0645927826909578
-0.0224660162394455 -0.0245629313102199 -0.027685811715975 -0.0918657371807892
-0.01484816173465 -0.0393482375072789 0.0270979192637029 -0.111367265063823
0.016019724256207 -0.0467120983488862 0.100475924372719 -0.0895843208923258
0.0524590517928884 -0.0267921462991407 0.12809534535669 0.00840030322815142
0.0550033142972928 0.0421328385602932 0.0547029926072678 0.0713082977203472
-0.0147813226689544 0.0734190912225579 -0.0315875484259804 0.0356386583667246
-0.054061508200381 0.0343005021939503 0.0462223058590426 -0.0996763897728192
0.0258991802162256 0.0287960034118897 -0.052266479513783 0.113862635144881
0.0145989815770475 -0.0180381509617658 0.0552808976032748 -0.00967553399096456
-0.0141179639575545 -0.0190707938685982 -0.0413048739273808 -0.0877301811683124
-0.0137485245701624 0.00905771256465186 -0.132267329262119 -0.0270495702565255
0.00588351534067051 0.00905581744874708 -0.114334420287084 0.093447629600924
0.00551705507898649 -0.000654670303999501 -0.0266000464447263 0.124189243718348
0.0028083722133512 -0.00281974888270886 0.0287543071559481 0.0958182587110724
-0.00242853661839268 -0.00900506962519236 0.05737266405364 0.0708228086616773
-0.00331601132456162 -0.0102579698629215 0.0729562247818203 0.0620843456957988
-0.000594318696921105 -0.0165392803283928 0.0691442420994165 0.0816993416815386
0.0137502286250861 -0.0149669230391549 0.023716776463668 0.107877603567628
0.0186373305724731 -0.00087082796976288 -0.044035650545528 0.113023494635369
0.0257042745878087 0.00810316952514857 -0.101164360177189 0.115239148220733
0.0226628695159963 0.0308517743687967 -0.145387626467927 0.100884148471208
0.00339016125851591 0.0607181643960386 -0.142140598920989 0.14295455446536
-0.00670658290294092 0.0824873852312059 -0.0515243077604807 0.0988483278338992
0.02370842665118 0.0323408819755342 0.061377167839037 -0.014864013667518
0.0217568810815945 0.00555867941789797 -0.0285225536101835 -0.102556648723169
0.0189044802344785 -0.00573609047885501 -0.13566386025327 -0.0430957845414114
0.0223964924259086 -0.0233973476262192 -0.122173449859181 0.0817698831707196
0.00206666601440839 -0.0343984106348195 -0.0362732871104328 0.117275513362731
-0.0142697943567839 -0.0288149253297065 0.0209920531264896 0.0918184746761562
-0.0229801898295638 -0.0339624784796153 0.0518253203188733 0.0637107074142451
-0.021017130837234 -0.0401200276334938 0.0708504266465704 0.0459842729735118
-0.00378396401163441 -0.0630685409842508 0.0784506753624082 0.0605873715708736
0.0435015514908196 -0.0580170853779483 0.0517346712498685 0.0940179290495562
0.0720989718272014 -0.0100427623686685 -0.0115417547260217 0.114948610366964
0.07168275399232 0.0549202921964026 -0.0788767551967308 0.125989912948653
0.0219340287587127 0.105609582956409 -0.126205029978962 0.103213383727017
-0.0339196786393745 0.126225807860872 -0.122193694635496 0.121119475295686
-0.0471333933354424 0.125525823306919 -0.0358265550639532 0.0660508823872363
0.021767875313269 0.0885613183617433 0.0754227805093493 -0.02594971886033
0.0561213470695459 0.041908253115923 -0.00376173705291768 -0.123965288035425
0.0582372026981284 -0.013835005703131 -0.129765860319266 -0.0707416135538212
0.0430257986430651 -0.0536765263627293 -0.125956689925647 0.0558980752450466
0.00219979295029622 -0.0680672840191245 -0.0497351861484055 0.0975117396368992
-0.0278067206352779 -0.0538565322327742 0.00584392559255482 0.0777274330393333
-0.0393909031679087 -0.0541673938092729 0.0382045567050035 0.0473997848203981
-0.0355622008973868 -0.0613176044000611 0.059543470594858 0.0210476948399133
-0.012969945405125 -0.09598883470401 0.080983821872921 0.0247327389493851
0.0545636162948543 -0.0970561288183613 0.0811847845542813 0.0617133604026242
0.107106384697625 -0.0362457454589608 0.0332822263523134 0.104629591683554
0.119149808048193 0.0711059726265108 -0.043700705053502 0.131652478449269
0.0369370740503307 0.156667063213913 -0.103650713311546 0.101252167728645
-0.0547254954341934 0.173232678664874 -0.0943619484293028 0.0844849123228528
-0.0858841183701469 0.147667464000721 -0.0050452457981239 0.0220385712741094
0.00644146141631468 0.137967874508371 0.094931686239785 -0.043330372754937
0.0786189999997988 0.0851622413653284 0.0308605079154518 -0.141656836323437
0.0977156479159176 -0.0104972825723954 -0.105462131586386 -0.102248239527788
0.065774801651309 -0.0762813319800437 -0.118230298434536 0.0165276238203704
0.00576303247765103 -0.0951589702026737 -0.0610557487486411 0.0633021731192738
-0.0369553231239537 -0.0735843300144973 -0.0129094184236701 0.0522992437068756
-0.0510294030832066 -0.0660058667352085 0.0193031719397367 0.0240851804014997
-0.0460781792036871 -0.0714436995816021 0.0414365359079751 -0.00784517005533435
-0.0229866774213337 -0.110561737480531 0.0733047494933241 -0.0156851968876066
0.0506267722181768 -0.120051255631729 0.0990812729410025 0.0176710461805239
0.116375498338593 -0.0631312325665958 0.0749265063503199 0.0797424309257971
0.148284107777271 0.064188888100952 -0.00619075455966487 0.123341426290999
0.0533297900490474 0.175453910326912 -0.0826267852272478 0.0902227633536934
-0.0614326754054167 0.192632242760829 -0.0623104975279499 0.0370013422088024
-0.111278916646075 0.143667168881568 0.0373666944637571 -0.0295127023498687
-0.0186577199439477 0.162277570488291 0.116114399173937 -0.0624783332350652
0.0797855588334696 0.119971077343829 0.0688575479275018 -0.147581894866022
0.121312888367891 0.00364846684624791 -0.0621928479434878 -0.125038656312904
0.0823804551303906 -0.0817837188644868 -0.0937352587875986 -0.0294198572433659
0.0115361137931018 -0.107270747384317 -0.0666224024901364 0.0177010753081478
-0.0398388156956727 -0.0824268921677268 -0.0333168709550489 0.0188717642082596
-0.0555770060370242 -0.06760846646754 -0.00188444968605114 -0.00278136236834005
-0.0497398872600316 -0.0697383465043869 0.0188810177327904 -0.0351644229575516
-0.0280530618568256 -0.106899178741281 0.0577996344769003 -0.0510022499711932
0.040859460854278 -0.12068457887964 0.103455884512806 -0.0243381922503127
0.10845290908621 -0.07293612461223 0.100642484136096 0.0498959987890598
0.148334480568934 0.0520652876575464 0.0217322710551668 0.10532897398573
0.0530788451902953 0.16817199471413 -0.0657614711853882 0.0734364198736008
-0.0633210997185193 0.182437807984402 -0.0320496800105089 -0.0116480599630504
-0.113269001259223 0.1137200044977 0.0828067220535315 -0.0782452939607968
-0.0427295762962939 0.15049060329545 0.13453674739185 -0.079958029630873
0.058473060223872 0.127122987665994 0.100149268809006 -0.139359972153317
0.115503714615682 0.0181219224225279 -0.0119264318942261 -0.130583467014136
0.0812026063187657 -0.070056646261624 -0.0574530446267803 -0.0699105908021944
0.0149704523692836 -0.0984824256983582 -0.0648658611104731 -0.0293398784442861
-0.0362913054213468 -0.076954817136427 -0.0508064750998431 -0.0163477854064209
-0.0510171529711747 -0.0589969351410396 -0.0223999462671926 -0.0285533321999592
-0.0453075491764122 -0.0597243924603555 -0.00243368348644052 -0.0587889451583523
-0.0259628078832122 -0.0903345163020902 0.0416882582579478 -0.0780553213254719
0.0324928412847369 -0.102989482273222 0.0996712457508224 -0.0558078123259518
0.091182486913545 -0.0639594864150475 0.113173443755082 0.0251318188214443
0.124607469317884 0.046046880609944 0.0379522568788972 0.0859288783263275
0.0357961481992934 0.144794181026286 -0.0522482020650005 0.0557973979642424
-0.0626175106835161 0.146382495729436 -0.00422815671941551 -0.0535330429241
-0.0906515737534817 0.0645830910859486 0.118556277172922 -0.116746432956322
-0.0507686576005013 0.105115710838733 0.14510060550864 -0.0915879956031971
0.0301037405856453 0.0991849983101892 0.115346004642356 -0.124533229967993
0.0816453041223988 0.0204879709369258 0.0281833695032116 -0.123149953549887
0.0600287164529811 -0.0472240936274314 -0.0240768306323352 -0.0962501154806754
0.012958047305858 -0.071090177389452 -0.0600144401575867 -0.0658068637247168
-0.0270310449922571 -0.0569264980109296 -0.0630282505517825 -0.0450327153390311
-0.0394857886738759 -0.0414264759542997 -0.0377151779434625 -0.0489364464729958
-0.0357300698302419 -0.0430432352382961 -0.0175244170402833 -0.0761367631342424
-0.020271856001668 -0.0658246321235863 0.0304020784863751 -0.0952670237940672
0.0249992804375467 -0.0751086099263885 0.0957370341296751 -0.075000853884016
0.0713255753813028 -0.0453475878783552 0.117847803585214 0.0120490645227392
0.0897572721218591 0.0441263318269608 0.0463705821459205 0.0725952433410829
0.0096615457035049 0.110756565202959 -0.0400745792122218 0.0418649082496533
-0.0602784994367214 0.0938861625504288 0.0218747914246795 -0.081495296848639
-0.0492026615071966 0.00558314871429361 0.134090773676695 -0.138373654009082
-0.0409530795003583 0.0403772059237718 0.142943397400868 -0.0976170013869949
0.00443925834400506 0.0457026422722092 0.114443529300228 -0.113673369645394
0.0327966646288549 0.0109139313305929 0.0465406148554756 -0.115145912176777
0.0239150837307888 -0.0191040908528513 -0.00881446237395786 -0.10861821406794
0.00691091249099701 -0.0307383408763343 -0.0571722801661826 -0.0838977796629687
-0.0133275732238421 -0.0266128333035296 -0.0706071126382361 -0.0615560739724325
-0.0208003190856122 -0.0187746758192276 -0.047949173737338 -0.0609182286426654
-0.0212486538978326 -0.0230938265657603 -0.0259904664324672 -0.0866875485257906
-0.0139535877678308 -0.0367641876678284 0.0257034638893927 -0.105081584336254
0.0149159571035589 -0.0443485010566562 0.0949915951888801 -0.0847766827127951
0.0489007461114173 -0.0249388597360847 0.120604615796571 0.00855575819626577
0.0510536434329201 0.0394622756434656 0.0507838303304774 0.0677929665376669
-0.0133652182627893 0.0691333549998385 -0.0300957687738385 0.0340937257827451
-0.0506453472403272 0.0325596410913497 0.0434287132604399 -0.0933105622651813
0.0246307752835566 0.0287941946849235 -0.0536027212204846 0.108647450569308
0.0147046119542828 -0.0167588046819689 0.0532263867610207 -0.00660325718895893
-0.0135797223680637 -0.018860738994481 -0.0366610392206072 -0.0863695904862778
-0.013741404669487 0.0087584402174571 -0.127657857558049 -0.0315897733393159
0.00570541753997487 0.00843584899733439 -0.11301363415914 0.0875126687016013
0.00510788949601759 -0.000506096524906732 -0.0287615790025096 0.119579337981815
0.00214456257987444 -0.0024192910022298 0.0236836010419327 0.0935261485623197
-0.00235463722186352 -0.0088988356018855 0.0534265984353338 0.0697746874453751
-0.00337806129826798 -0.0106008168804486 0.0683924935429808 0.0610736273253915
0.000473857016572172 -0.0162442656777899 0.0652064451373027 0.0805091047854303
0.0139856061110534 -0.0143744858732899 0.0205318822979987 0.105330902867217
0.0182657415347565 -0.000302757254340233 -0.0463931843611055 0.10954040573355
0.0240518848386856 0.00890021619654647 -0.101814376519123 0.108744710509087
0.0206163819912576 0.0304470026243676 -0.144731727022797 0.0916013019935694
0.00158638643590568 0.058623719278216 -0.142459928527653 0.133893414359639
-0.00849361029819254 0.0804746936487462 -0.0524937144410863 0.0946415030891681
0.0220157109684701 0.0319468848745875 0.0598023889302825 -0.0119143805852331
0.020451462227298 0.00597303218549381 -0.0244154755999053 -0.100900287612757
0.0179239633543603 -0.00484370378610856 -0.130411079655002 -0.0464670254014983
0.0221571016276992 -0.0220863025615831 -0.120279639855026 0.0758789936678826
0.00273611068888268 -0.0333749388168794 -0.0384660462202083 0.112308692809736
-0.0136265551708155 -0.0280466705586527 0.0172647669024186 0.0887823085171629
-0.0211667352804378 -0.033371978862117 0.0483656687064149 0.0622070954882651
-0.0192512502345971 -0.0396450025698575 0.0666669479815797 0.0456990383731559
-0.00211050165617599 -0.0615497061621326 0.0744865912592547 0.0593880323049564
0.0431668571531538 -0.0555417942806643 0.0478587581349125 0.0920667032659454
0.0704145127853145 -0.00783878672525676 -0.0151936122635612 0.111785321923274
0.0676536495189644 0.0556517026661561 -0.0808425007291314 0.119401081128624
0.0180664527106817 0.103367489930377 -0.126192146884851 0.0955005840819748
-0.0365739822559457 0.121306671893033 -0.122595907008181 0.113719733865527
-0.0486014733947372 0.120570388214861 -0.0372273341343203 0.0634334533415759
0.0187990423210186 0.0865006227491488 0.0734140998613705 -0.0221467380847506
0.0532176016448161 0.0420586561733171 0.000404765854685462 -0.120901717450133
0.0567890440448953 -0.0117549386605777 -0.122691988418237 -0.0733940202432925
0.0427585325792698 -0.0512596195966997 -0.123824414819994 0.0499810815888204
0.00352701399313458 -0.0658271367532923 -0.0511664299348438 0.092963969811655
-0.0260467989248167 -0.0524520639324099 0.00388220484862212 0.0750080307635078
-0.0372175639351856 -0.0532193476697351 0.035774282090528 0.0461217416908678
-0.0330817565062197 -0.0606450898210432 0.0561192883723574 0.0212207296195318
-0.0108533682232946 -0.0936091840713111 0.0777692725475216 0.0252087060851169
0.0547100706876131 -0.0929705093993748 0.0777250379401449 0.0608313993541714
0.104557552918292 -0.0324630864036128 0.0279665787688142 0.103387825647973
0.113368684768958 0.072219783428007 -0.0466648237765754 0.126368921423858
0.0319652033783841 0.153130625967669 -0.104592697785931 0.0946032707525785
-0.0584759323325562 0.167304748345692 -0.0940324383689603 0.0792149946687841
-0.0865892901260944 0.141008962780849 -0.00608001892551028 0.0219813480683811
0.00261765088284624 0.133508954044818 0.0927636334762034 -0.0377157099509995
0.0742190385335599 0.0847445815911022 0.0345775328745125 -0.136781526609262
0.094577811756623 -0.00740149977311175 -0.0979437651539748 -0.102697203857817
0.0652122901544905 -0.0723201825910704 -0.114628150298751 0.0119816848347373
0.00735857218862499 -0.0921137860723335 -0.0613016664218184 0.0595379657533375
-0.0348162058220586 -0.071870310192442 -0.0138212067926289 0.049745441334028
-0.0482993491632768 -0.0649143868598664 0.01839886980477 0.0229860393760019
-0.0425577019920159 -0.0699728283780693 0.0393317494332895 -0.00730558549702458
-0.020378835650359 -0.107902920270661 0.0710065447857334 -0.0139317821572665
0.0507703636835231 -0.115899220388688 0.0962945109583638 0.0186999666810408
0.114347475732564 -0.0584807010502096 0.0693386277114194 0.0803019407889292
0.141900920051647 0.0661971605864483 -0.010841843597292 0.120126606097503
0.0467499038597607 0.172480611000565 -0.0836721120464867 0.0852411541408881
-0.0656896762427735 0.186103499757809 -0.0617243949616945 0.0342411913190558
-0.111540048962773 0.136390298659962 0.0366871312069635 -0.0263631517082649
-0.0227937841245151 0.157255621610124 0.113955133070595 -0.0560848422460306
0.0741065423625586 0.118902083921337 0.0726320359306132 -0.141899208239907
0.11707763858361 0.00632352191357747 -0.0551975863897171 -0.123675428851331
0.0812799101049481 -0.077495331617775 -0.0895028551779999 -0.0329013459235331
0.0135857604230883 -0.103947527764224 -0.0654864954866755 0.0150879289808807
-0.0366742914760262 -0.0804888158990528 -0.0326351786447291 0.0178157871466919
-0.0520361046050923 -0.0660997503758824 -0.00173834246850063 -0.0030176317815145
-0.0459539379131559 -0.0688392596473745 0.0188694476373288 -0.0340516904991617
-0.0246377675655961 -0.104214445438539 0.056935043455613 -0.0491457266145884
0.0420009081890137 -0.11652209529847 0.101512695553184 -0.021795024416191
0.105890863329593 -0.0680173454660393 0.0957384240723424 0.0515153211862665
0.142032936433331 0.0540591937557228 0.01689064677556 0.103726011282483
0.0472626079925783 0.165196510455129 -0.0671135431024514 0.0700665550579539
-0.0662275389979786 0.175860590411588 -0.031848970100354 -0.0120980852320078
-0.113361213510907 0.107013800204969 0.0826624053562283 -0.0729485490065085
-0.0456093641942563 0.145046030943866 0.132675005083767 -0.072527969552081
0.0534608180984035 0.124823552188734 0.101578282951357 -0.133206808280182
0.111145370124673 0.0205616290014881 -0.00629370159415346 -0.127805016251857
0.0800926655882845 -0.0660408002741301 -0.0534969217959723 -0.07120605840101
0.0166141161496152 -0.095156012100674 -0.0630116144232785 -0.030656844117272
-0.0330932955387321 -0.0749905455273986 -0.0485265413999989 -0.0167878608487823
-0.0481661785236439 -0.0575381289738557 -0.0205798628434483 -0.0283660110060514
-0.0423067057621712 -0.0589629544903091 -0.000581636913423981 -0.0571708896888488
-0.0231981637503558 -0.0879980073694689 0.0418312315943712 -0.075016381426893
0.0336502183503641 -0.0993197962090362 0.0986523558134439 -0.0526731050450254
0.0890972260582525 -0.0594165539719902 0.107963933582101 0.0273299611397955
0.118895057632013 0.0478111046707686 0.0330092686359615 0.0851585103730771
0.0312905839317844 0.14134600036642 -0.0528523075311868 0.0535925051147499
-0.0646157940340343 0.140786312640747 -0.00285314609925818 -0.051678436313796
-0.0894507317552073 0.0602334416144274 0.118668799356136 -0.108479827464348
-0.0518322170666032 0.10092877809482 0.143144764207326 -0.0836707628684617
0.0265214684521202 0.0960923290248767 0.115835664079212 -0.117612283146347
0.0782775562819894 0.022265293918716 0.0325061353441943 -0.119166842037575
0.0585898537624243 -0.044428699314129 -0.0207543932130455 -0.0957815396586804
0.0139701793701667 -0.0685723395732406 -0.056604778781345 -0.065279632518678
-0.0251176190547605 -0.0552911288953915 -0.0597319965529168 -0.0446549063615378
-0.0364760835595769 -0.0408685486147323 -0.035526194159921 -0.0486228096625107
-0.033347795782797 -0.0421490869648172 -0.0154217777081561 -0.0739323183668487
-0.0179565167493719 -0.0641677365048775 0.0316462851672938 -0.0918597071049433
0.0255935332038835 -0.0724029528124464 0.0950700382429588 -0.0709377210302496
0.0698172666052775 -0.0413457467900711 0.113244325513575 0.0148448584842691
0.0849243647441271 0.0447750477542155 0.0416195352495611 0.072747183310321
0.00715003350211157 0.107523314031178 -0.0405789682488342 0.0404052915292362
-0.0597196559345522 0.0896846122461939 0.0228479675692917 -0.0780273921888333
-0.0477293752587492 0.00413199255367548 0.134703757077373 -0.130763357178635
-0.0404089162194669 0.0381537874539096 0.141896650204344 -0.0893722204958358
0.00294993021886273 0.04407843328812 0.115121939180881 -0.106854636864708
0.0311061430449307 0.0118420549083121 0.0502170529811717 -0.111274758475802
0.0235164306319163 -0.0176934851026369 -0.00491707757674351 -0.106459341380191
0.00760673183710059 -0.0297546951514394 -0.0536300614526173 -0.0829466816340877
-0.0121201273550306 -0.0259670998175979 -0.0666069358800471 -0.060761192467021
-0.0197901246830138 -0.0179956180318352 -0.0446092728963537 -0.0604207358778467
-0.0199637616789766 -0.0223019752018712 -0.0233908491898501 -0.083733696320621
-0.0127103462598217 -0.0354601206473658 0.0275730665171734 -0.101205797622741
0.0160066948518341 -0.0424730516042659 0.0942648462162097 -0.0799539904074849
0.0475129863649897 -0.0223963620714505 0.116807726399923 0.0120664335553351
0.047944722801611 0.0392581634995596 0.0463065433749161 0.0678814295112447
-0.0145017057562321 0.0664024863513854 -0.0306699120903689 0.0330828859171684
-0.0493223216981167 0.0298619850096681 0.044289944184324 -0.0888098337599068
0.0242627403835202 0.0295463105177103 -0.0576488641663108 0.107922830504293
0.0153576929632199 -0.0164187395690168 0.0540607371631869 -0.00429796212914694
-0.0133766758942931 -0.0183863506566424 -0.0337921177287554 -0.0878756087339485
-0.0142072514057421 0.00871871490673246 -0.127471389325365 -0.0363905718905745
0.00546721290037198 0.008454265005934 -0.115693916223144 0.0845775342800828
0.0048896643675225 -0.000643437288725179 -0.0325462212216497 0.118984746699515
0.00265642658562326 -0.00268762460267433 0.0200223599744921 0.0942465923757713
-0.00199524909303088 -0.00902269758899694 0.0507588496692273 0.0712345369810988
-0.00293974932741603 -0.0112048671097419 0.0671146600237428 0.0624583913328383
0.000807889887547456 -0.0165904231632214 0.0633619157463964 0.0816156750125449
0.0140609401097811 -0.0144931313581725 0.0172728449664271 0.107185010508487
0.0189311063869613 0.000251171857140121 -0.0507683658020927 0.109233650443435
0.0235907428516426 0.00995569151317026 -0.10574771118833 0.105750626394487
0.0195766534504283 0.0310681647047685 -0.149452828299618 0.0866675897386824
8.85948903783691E-05 0.0595288587804515 -0.148024244484085 0.12982906421517
-0.0103878743428567 0.0806999543510089 -0.055809072373177 0.094115431415148
0.0212979823837939 0.0326327090697375 0.0599585035053683 -0.00864574188085502
0.0200434694583808 0.00676154428549255 -0.0203663677987807 -0.102187424968985
0.0178045911791239 -0.00383565895156372 -0.129133255492456 -0.0518194862897133
0.0228696885182799 -0.0215570022002394 -0.12278201485949 0.0723526806756943
0.00306752823979628 -0.0333797544201409 -0.0418662259504364 0.111966987753556
-0.0125356551570596 -0.028309035861568 0.0144936461737515 0.0896325055417887
-0.0207069742877243 -0.0342705975788913 0.0463514402554354 0.0630153139225099
-0.0180552250596642 -0.0412577312758797 0.0650946128633836 0.047091718439715
-0.00124133110464432 -0.0621418859289264 0.0737321233113948 0.0608975764983647
0.0445112130576306 -0.0551456381810304 0.0464152131604966 0.0938958481121052
0.0714300428283418 -0.00604076761570754 -0.0198791335699954 0.112708015231606
0.0657884721800674 0.0580282673510789 -0.0851561165061827 0.117780018635754
0.0150353533638352 0.104316048385116 -0.131524897386933 0.0908649629094414
-0.0407488623784959 0.121761562060343 -0.12716836277638 0.110732995931861
-0.0520460448320283 0.120231181441499 -0.0394151233805783 0.0642780222741907
0.0164939160719618 0.0871306872572747 0.0740723413964692 -0.0190533703843857
0.0517714309971251 0.0434154427388622 0.00483746294637237 -0.121447591561162
0.0567095837793829 -0.0098134405511138 -0.120328187826612 -0.0781809457821725
0.0441799594355564 -0.0505452826068758 -0.125434087900968 0.046353910167751
0.00461480709360586 -0.0663000823608777 -0.054143256413716 0.0917410780364773
-0.0248673750979939 -0.0534985762534043 0.0011533147659094 0.0746306411822854
-0.0355969920748158 -0.0540797016350457 0.034563924449225 0.0465993287486153
-0.0314200804399499 -0.0624040525962881 0.0549086656122031 0.0226722904033369
-0.0086172363665211 -0.0944590779872752 0.0776605224801086 0.0264342846250756
0.0569059420158104 -0.0931468379494526 0.0771242239288972 0.06322291613617
0.105673042506711 -0.0300338733860718 0.0242335091957448 0.105862255534578
0.111943013227138 0.0759443963993773 -0.0519178556923628 0.126140106142334
0.0284023399566746 0.155394452518069 -0.109220984284003 0.0914796422127676
-0.0642748514716083 0.167162904885505 -0.0976868631817628 0.076983105749061
-0.0910568127090624 0.139685354391083 -0.00693668692976872 0.0233340584988822
-0.00143823146935843 0.134859252235577 0.0937562859881046 -0.0337821839831329
0.0720290514914872 0.0869774029851971 0.0402294903830941 -0.137339666713561
0.0955268724160934 -0.00484268919752936 -0.094101264811643 -0.107476416265816
0.0669730135726613 -0.071179329665423 -0.115090742419796 0.00740624690769085
0.00941046750964584 -0.0925351890024898 -0.0631081002205914 0.0575067002156042
-0.0330269710609656 -0.0727962437294427 -0.0153007175907547 0.0499191264209785
-0.0464679604540622 -0.0656019673110864 0.017239484268407 0.0230948369826644
-0.0411335376935959 -0.072106903134038 0.0387338591117612 -0.00651105305803463
-0.0176981763171151 -0.108828029528217 0.0717700259225656 -0.0131169710152728
0.0535824288154464 -0.115964581479956 0.0971718441468128 0.0205755151155994
0.116613804419848 -0.0555151649888848 0.0661868612304136 0.0828846597927428
0.140908915347981 0.0696870660267492 -0.015257007440754 0.121494881450442
0.0432300116735256 0.174844936522689 -0.0878880136509262 0.0830308648162233
-0.0717505071801039 0.1859339727537 -0.0636720065598173 0.0333104285797209
-0.116299997564849 0.133847460234032 0.0378331550600981 -0.0248639723537345
-0.0275287398913228 0.157315694670001 0.115925544891441 -0.0514406467114976
0.0707437404025897 0.120755375773262 0.078427232033365 -0.140672537540023
0.117138443449865 0.00990292716464894 -0.0498950145546649 -0.126897552488792
0.0831998882126991 -0.0760935864752166 -0.0891598361260391 -0.0367977992703399
0.0156528735448589 -0.104150124329344 -0.0662477518665262 0.0130443956276974
-0.0349290391535683 -0.0813713235689906 -0.0327959543139827 0.0169700983852658
-0.0505638269305267 -0.0674292654039169 -0.00176139170472001 -0.00326369942390439
-0.0441694735599915 -0.0705697301963267 0.0190600303317001 -0.0342085183250347
-0.0224153431064973 -0.105340241969225 0.0583350143134704 -0.0484692490989563
0.0445113879365819 -0.116539404359883 0.103036190568979 -0.0208255177556347
0.108329001195198 -0.0656126597144269 0.0935863677693626 0.0547848692012065
0.141007190923531 0.0575917827727771 0.0128447631111301 0.106107307699212
0.0437232840627128 0.16784978186379 -0.0703778236477368 0.0689894556551524
-0.0721048907031801 0.176108584889581 -0.0314891591251571 -0.0126858271804322
-0.117291790926912 0.104447732153208 0.0855327083545202 -0.0700611584535666
-0.0498364084704356 0.144580937077337 0.135079161553796 -0.0673172809734239
0.0496564804057975 0.126779668044206 0.107348688836108 -0.130995214623818
0.110430173996058 0.0236381099735357 -0.000952363310885597 -0.129244162837952
0.0821760490490655 -0.064445623061103 -0.0515124862255724 -0.0747629254951537
0.0187884268232465 -0.0956590436776892 -0.0624707837436647 -0.0320261161732405
-0.0317257273831051 -0.0759748352581839 -0.0475832576256463 -0.0175668629821477
-0.0465684192525053 -0.0584042321632059 -0.0201411093356431 -0.0291536254586961
-0.0409731782555679 -0.0602998955263212 0.000141314751020306 -0.0576299357924203
-0.0212263850338414 -0.0885156073925749 0.044209552757017 -0.0748575223535172
0.0359437634395759 -0.0994680692672219 0.100992450529701 -0.0510461872834909
0.0908998979762669 -0.057033460215102 0.107555027862412 0.0309329678495686
0.117953459111527 0.0505751282957144 0.0297886026239031 0.0880522596665877
0.0279456705103638 0.143102338228302 -0.0553603336059345 0.0526794383065842
-0.0689247985800574 0.140130937244404 -0.00152322853906564 -0.0516016768500378
-0.0921691240772158 0.0578836107062692 0.122869463409377 -0.105268313835418
-0.0551736059498861 0.0998708441619551 0.14609189578319 -0.0777649851629253
0.0232689663836155 0.0973112419827666 0.120951270704478 -0.11448304027709
0.0777911367384483 0.024733467243894 0.0374934736750706 -0.119813040560465
0.0599129693304356 -0.0429602972497609 -0.017790008500819 -0.0984840434555945
0.0159059875648029 -0.0690143899924938 -0.0558350751979486 -0.06770353208361
-0.02357350838845 -0.0562128763957905 -0.0588855420721285 -0.0462975977608368
-0.0352402457583535 -0.0411433889318222 -0.0345425968869581 -0.0495928812110571
-0.0323162434981596 -0.043105750538938 -0.0133791478555323 -0.0746714220149935
-0.016339284259587 -0.0642810545850758 0.0345792258088342 -0.0918425843204399
0.0278023647427121 -0.0722575486927111 0.0976787878161896 -0.0694379451296989
0.070906809229878 -0.0392326768692613 0.112899845725831 0.018179571450175
0.0835014483888721 0.0472138566763218 0.0386944253292615 0.0752862995587231
0.00455364151559982 0.108575546554784 -0.0423080981825801 0.0396103530822732
-0.0629943686307665 0.0887997287131415 0.0249663490361757 -0.0776195254127561
-0.0481072540872261 0.00274220379101822 0.139867934497657 -0.127056986664936
-0.0412538936856659 0.037343234682761 0.145886381301055 -0.0836785959777315
0.00165126494941265 0.0441333117283784 0.119216316102712 -0.103398519707389
0.0304672504277605 0.0129538235118129 0.0551959808520944 -0.111057710467445
0.0236292160678389 -0.0171657134972782 -0.0023653020446434 -0.108993632539453
0.00831607063874621 -0.0305889282645053 -0.0519362733406771 -0.0850574126588813
-0.0117357986119142 -0.0258084010232626 -0.0651921511384812 -0.0627271359641236
-0.0188953577685537 -0.018343184317666 -0.0432559529382119 -0.0619079729220774
-0.019562294163713 -0.0226142715268553 -0.0208327476459896 -0.0848858670119294
-0.0115115284701522 -0.0355785452615679 0.0311102270663065 -0.101223676041813
0.0170512407357334 -0.0420704227870584 0.0969436599738267 -0.0781381229195215
0.0480364578805851 -0.0206423264526396 0.116617369886319 0.0155379669963136
0.0467911007622867 0.0405943710807248 0.0433157556101828 0.0701187435164605
-0.0156258926140278 0.0660659702563932 -0.031709088553811 0.0325672423529388
-0.0502286868535 0.0287612012960084 0.0465673877434532 -0.0878299687819889
0.0252525736244543 0.0310424680649582 -0.0598606009650399 0.112268637053388
0.0161313637535406 -0.0169858064494723 0.0561985379768759 -0.0039090184262792
-0.0137034331394528 -0.0186912479117727 -0.033368689680249 -0.0913341001645215
-0.0142090834292012 0.0092991373463058 -0.132828034256544 -0.0399388845127635
0.00596416631093584 0.00853992232788688 -0.120592189998367 0.0867334369373915
0.00450777439290352 -0.000487947763970375 -0.0341083815155442 0.123407747228658
0.00322579568453767 -0.00253134165280264 0.0198501108905791 0.0979827842015923
-0.00231255041802907 -0.00962490312688042 0.0524853907710169 0.0738748755421965
-0.00310640569941247 -0.0116969802577261 0.0683538119484757 0.0646998767529916
0.000486595654888243 -0.0178522212679239 0.0648272872324034 0.0844882437314814
0.0146932979618833 -0.0149945393414034 0.0178432134785523 0.111067376686601
0.0202592110276411 0.00101259183660776 -0.0541619134277393 0.113899969115402
0.0244889643794157 0.0105691285554245 -0.111455437712392 0.107871829365164
0.0197300070293591 0.0325715731997965 -0.15714280057613 0.0871059753656175
-0.000729341692706099 0.061853699555124 -0.155500916946805 0.134118960555946
-0.0109413512334554 0.0835500749421544 -0.0589313059928871 0.0982511780937113
0.0220983328488526 0.033857480508137 0.062238978747548 -0.00741009624914628
0.0205427964827463 0.00726113189056358 -0.0197151496350421 -0.106727428323844
0.0183137304607304 -0.00317226689292342 -0.133636460988371 -0.0563119197312879
0.0241421100466496 -0.0227322190195292 -0.127215992545506 0.074379433700851
0.00312638743124343 -0.034581575646331 -0.044010407340984 0.115557659246804
-0.0130054411270702 -0.0293945198586201 0.013680728294311 0.0921119053112191
-0.021186757205006 -0.0353195428319553 0.0474307610637947 0.0649095334875134
-0.0189811238000384 -0.0432099127937485 0.0660127506756531 0.0484844503676129
-0.0014546021363133 -0.0647951575839209 0.0755603310079824 0.0624069694571038
0.0456710912858567 -0.0577705009617616 0.0477580058002151 0.0970405938052464
0.0744438356453568 -0.00591725825368734 -0.0224777378544472 0.117648285134683
0.0682238551515365 0.0604250538921429 -0.0895948850777854 0.121163983201221
0.0147555317071645 0.108529663865768 -0.138131927194165 0.0924177365271052
-0.0434321833187907 0.126354748348726 -0.133323458079244 0.113960400204487
-0.0540534652079148 0.125185951690979 -0.0411009143300396 0.0670456717645305
0.016659911385073 0.0906806090504107 0.0770731148084698 -0.0174208945972071
0.0536008780128303 0.0451284476341319 0.00701737639102938 -0.126645532554299
0.0587816657347092 -0.00972078657834385 -0.123287015625735 -0.0831521516471243
0.0456939633112425 -0.0528611846093384 -0.12977469354808 0.0464501203941776
0.00457721641837979 -0.0686940148665399 -0.0565893029203544 0.094853207643976
-0.0262078023803141 -0.055131664384332 0.0006714711879184 0.0772931824622494
-0.0369282006967837 -0.0559943859446186 0.0348493848961646 0.0478231068504585
-0.0326096802770821 -0.0651471636039309 0.0565265321695545 0.0227284786178841
-0.00930184258658038 -0.0983745188090966 0.0799464176123679 0.0266932882740745
0.0584328887581772 -0.0968895523418057 0.0798570609327938 0.06490315831848
0.109937033564649 -0.0304521607379933 0.0235042305052157 0.110510651089372
0.115700151216182 0.0789269396341571 -0.0560993206885344 0.13103018297707
0.0285837572756203 0.161550051691956 -0.115555643967182 0.0933281003829286
-0.0681944258620283 0.173668846946505 -0.102413768045765 0.0797126951378919
-0.0948758123444489 0.144848480909857 -0.00729186545416955 0.0247517320344745
-0.00191774663292711 0.139285535514415 0.0968816763475458 -0.032467158691772
0.0740063537934292 0.0905949155534721 0.0436208390143886 -0.142366901808642
0.0984691420401782 -0.00483365695273667 -0.0957732685303103 -0.112773446558655
0.069457540329758 -0.0737905034747218 -0.119442772587677 0.00629055061211663
0.00907350524129778 -0.0960481571541296 -0.0659581883398806 0.0592165649424508
-0.0342498679959882 -0.0752844906216129 -0.0156990487097485 0.051050673072127
-0.0481832976790983 -0.0678528765160682 0.017437171019713 0.0234959961962465
-0.0423117062781395 -0.075429426518366 0.0394594974164731 -0.00726024811856295
-0.0190611809813722 -0.113287145679988 0.0738593076616827 -0.0141281976310318
0.0547782351197841 -0.120099324816778 0.101056341427663 0.0205860454900006
0.120822647437755 -0.0573140646122 0.0672240604333816 0.0871248773859366
0.14550538647632 0.0734746562822284 -0.0176481367730915 0.1267740763959
0.0445697707151934 0.181899219759251 -0.0931426356975394 0.0863654630653839
-0.0755160206975354 0.193819878733058 -0.0670115033993392 0.0345495589227306
-0.121221576283576 0.139049065814694 0.039689395444874 -0.0244681459023065
-0.0292789278864064 0.162954526391284 0.119618313444809 -0.0501844355708683
0.0725433701457601 0.125494918163821 0.0827414228467775 -0.145302763913517
0.121115464581474 0.0106203096752121 -0.0497103780134591 -0.133120586438177
0.0859780193821202 -0.0792654663459482 -0.0921998984511107 -0.0401173944044599
0.0156526872398867 -0.107973968649686 -0.0691824430897307 0.0133022765531387
-0.0365665775550924 -0.0847222163045602 -0.0337068411558479 0.0170685097157165
-0.0519177830803601 -0.0691443329828255 -0.00221974463691916 -0.00406819563180171
-0.0459696450443009 -0.0736217447092215 0.0190339773717174 -0.0357114626196839
-0.0235275910061947 -0.109595040395087 0.0600604763789051 -0.0508036115373131
0.045650917304789 -0.12162603805233 0.107330605748616 -0.0221770807898378
0.111900101079497 -0.0672490634141672 0.0963043720384065 0.057655015769238
0.145741300493328 0.0601370759776434 0.0115721554105078 0.110614854168066
0.0453719252426132 0.174687741328993 -0.0745657254580798 0.0707492890227509
-0.0753666112909575 0.182944200507946 -0.0332699424967914 -0.0129473516720005
-0.122349651435154 0.108270658086662 0.0900200511837935 -0.0715615431554154
-0.0528181976368528 0.149866113006816 0.140111168887923 -0.0668117363724339
0.0504041812440974 0.131052070540171 0.112977021082874 -0.134759599122553
0.114595604350652 0.0252737649248382 0.00186746569697171 -0.13572196797891
0.0848307617342529 -0.0667127104829045 -0.0530161974419154 -0.0792898446772514
0.0190749415802926 -0.0996154507492762 -0.064481197621548 -0.0337844929257528
-0.0329273204573526 -0.07878122119386 -0.0493914413165247 -0.0181981004808371
-0.0475377024731188 -0.0600088284608216 -0.0209672391471942 -0.0308174523927605
-0.0423961921282058 -0.0625171780920762 -0.00058295605339945 -0.0599701914115864
-0.0219242069185111 -0.0919910347823531 0.0454602887094411 -0.0787967763138392
0.0372077313189432 -0.10296327079399 0.105415635615138 -0.0545755744492988
0.0938405231222116 -0.0586021533017359 0.110686397182987 0.0327925755032276
0.121294505734267 0.0528521016979296 0.0291950242508898 0.0928901403437442
0.029008200254492 0.148632684450476 -0.0586142190092213 0.0546988652321344
-0.07240964834085 0.145670157604401 -0.00186982838067855 -0.0534166423730271
-0.0958019632122411 0.060232059967072 0.129261992537394 -0.108741882428963
-0.0578530717425595 0.103552635179704 0.153078331561185 -0.0779647104690621
0.0232983637414968 0.101099524400371 0.126295533171488 -0.117822709775682
0.0801576977449764 0.0262821225605796 0.0414081262230213 -0.124909339488984
0.0620149450791364 -0.0445920075115974 -0.0182319626981847 -0.104309592859863
0.0160841904340535 -0.0717869146528186 -0.0574829560083 -0.0705003357315469
-0.0243008966215307 -0.0578856731620847 -0.0606250081680635 -0.0477796410495936
-0.0357594042229723 -0.042119727068994 -0.0358815933632534 -0.0513252452693558
-0.0335969010261765 -0.0446008787335808 -0.0140519039985086 -0.0775286127258909
-0.0170584737059486 -0.0671274664420784 0.035802339628433 -0.0952797489673142
0.0291473916318655 -0.075032667401387 0.101862918727304 -0.0726901535462955
0.0731326989818062 -0.0396817841467525 0.116685595120634 0.019731188078111
0.0856770654646433 0.0488184389826093 0.0384861632060766 0.0789970762423026
0.00483645455134648 0.112282043706251 -0.0443477665545578 0.0411945981780437
-0.0653062675758187 0.0914046773586239 0.0257175789136088 -0.0797225120841109
-0.0497268669721008 0.00319222896143995 0.146197807313246 -0.130950927878321
-0.0426355538655485 0.0384723921283449 0.153294508126087 -0.0847271406659988
0.00117630155459355 0.0454788051025521 0.12487775805715 -0.106353796945085
0.0311580790513303 0.0137541324410791 0.0586936975440149 -0.11605210365752
0.0243418818923569 -0.0175048272622016 -0.00207986755442213 -0.114082916258099
0.00858700903199392 -0.0315471417374801 -0.0535699132990829 -0.0887735707702564
-0.0120639462771216 -0.0265990042290642 -0.0672627851548126 -0.0646941696597852
-0.0187580949375291 -0.0186177569392494 -0.0448298854749555 -0.063977428248
-0.0202141885691237 -0.0229804974815831 -0.0216314099334537 -0.0880700054246426
-0.0121216951867833 -0.0366327451714856 0.032071835087969 -0.105109206292032
0.0182020246662944 -0.0438728104086332 0.100756732235268 -0.0812287461331001
0.0494694368405677 -0.0210322872257621 0.12057755071055 0.0171144468198375
0.0474875191722615 0.0422959830429792 0.0436998007860025 0.0741512127435327
-0.0168165477459343 0.0686063654093784 -0.0330280272596283 0.0340563641869426
-0.0511935553703263 0.0288228103664092 0.0481374394002595 -0.0902619743079856
0.0318285615210567 0.0268197331758451 -0.0475997201511498 0.127310156903086
0.0148603593230923 -0.019704154098084 0.0583433483888927 -0.0109557916918216
-0.0162536149472102 -0.0168509932340177 -0.0479153913654128 -0.0897770593450524
-0.0121024887334693 0.010524283549497 -0.143661825830444 -0.0192148809390864
0.00642831930938077 0.00556967410143778 -0.109790751171997 0.109568688976148
0.0041037558484488 -0.00188137471162172 -0.0160503804530747 0.133669361700975
0.00235420763999476 -0.00309859934889408 0.0365016174753291 0.0997088147504055
-0.00406340300481738 -0.00940018920079528 0.0644107307058187 0.0674114920377656
-0.00548306442948255 -0.011501537258374 0.0802804351971232 0.0564131349741696
-0.00328693850394534 -0.0182190553169462 0.0800744231474121 0.076571673826303
0.0112320031847782 -0.0183933514013755 0.035317366729712 0.113274258248261
0.0215469292309489 -0.0029107976666609 -0.040668931860063 0.127690073212571
0.0262663551342281 0.00696298831638918 -0.0991915104425482 0.128044350837122
0.0255752948305972 0.0291412859294733 -0.149021651376807 0.112491083985095
0.0105373653963559 0.0627956923445597 -0.142078813953977 0.161378235621836
0.00328754779843156 0.0888207770881433 -0.0489792490118731 0.107054183006322
0.0277023304422298 0.0329363027459958 0.0620546106538352 -0.0175445938429731
0.0232173666227002 0.00511116812488768 -0.0384154672665809 -0.107916423731969
0.0198717247376667 -0.00668779372330483 -0.148482421549929 -0.0348952571340928
0.020516760572716 -0.0288893420444997 -0.119908412750531 0.0992132505584312
-0.00256793309026847 -0.0366077872119374 -0.0269678843759326 0.128611872600823
-0.0179206180494111 -0.0288681144718141 0.0294883051040495 0.0950516787988372
-0.0275491758239525 -0.0328129637231575 0.058534601189186 0.0589222403872456
-0.026461461601937 -0.0410695939841555 0.0753993336529093 0.0393374947089454
-0.011992490206046 -0.0653519240168495 0.0870182776299716 0.0516864534744821
0.0363661360674718 -0.0658756280263868 0.0635294878762042 0.0939136314629936
0.0757323714045456 -0.0175143290244228 -0.00720754701788125 0.12667256325187
0.0795007540175531 0.0510675861147742 -0.0753510702054159 0.138078793079596
0.031944581779046 0.107721290980116 -0.127544974718084 0.114973969803418
-0.0240122729633189 0.134849681551067 -0.122909761080245 0.138742806853509
-0.035242981990494 0.139492034509818 -0.0360887771706439 0.0667646993947288
0.0298506127031266 0.0925810019970541 0.0741008868779826 -0.0321755135283861
0.0629002286971975 0.0399638703019156 -0.0166796311697552 -0.13455267901173
0.0604815850709869 -0.0184829340943537 -0.143802576726652 -0.0646804352142035
0.0385227188145643 -0.0625857876726958 -0.128239876211042 0.072356984512286
-0.00591658460368003 -0.0725939198874337 -0.0428937276673512 0.110867569887043
-0.0344739331173411 -0.0535228673231262 0.0134379712732823 0.0818220879155701
-0.0464095627033741 -0.0514414373108981 0.0433997573816046 0.0435308422918774
-0.0433271564198163 -0.0615821643107884 0.0611125222493603 0.0146347851112208
-0.0253542624769076 -0.0984824126221689 0.0852069803190452 0.0144467574346862
0.0428269786320077 -0.107517290296122 0.0918624213863042 0.0552985715524313
0.108635748808832 -0.0478142914258998 0.0385939247671822 0.111900001374228
0.129954649521165 0.0623504593473074 -0.0388104838178058 0.142565289764126
0.0539693409120066 0.15990768021315 -0.101940225697493 0.113389499109812
-0.0422934081315134 0.187654148134782 -0.0955782059041065 0.0988260457763632
-0.0751446452246633 0.168664521885182 -0.0061050998668272 0.0131382068140186
0.0181112180646256 0.146922979192129 0.0932965822600261 -0.0528593709248323
0.0913136868553518 0.0838764821863409 0.0170002317384326 -0.158943350279973
0.102616523348331 -0.0186217118873687 -0.122386747203996 -0.100298907199819
0.0602855313296481 -0.0876493620639059 -0.125349275830504 0.0294208534498905
-0.00505554734566401 -0.101053171781598 -0.0586566083965632 0.0766265520007612
-0.0461775575306902 -0.0728903315957488 -0.00800397835010703 0.0587655466175136
-0.0595133063495789 -0.0621014095495361 0.0220155923026041 0.0212337544276933
-0.0551392548240731 -0.070245631878916 0.0388237461228388 -0.0137998752332192
-0.0372857395092828 -0.112338151537492 0.0723506956568288 -0.0268720956756673
0.0355580587280384 -0.130848884391564 0.106740904861413 0.00596023118873949
0.114803755971231 -0.0760617011395315 0.0803186749652506 0.0809619793655661
0.160148179708857 0.0509850725332375 -0.000173161593148455 0.13218347210934
0.0737335328267213 0.178209268182513 -0.0795376336909362 0.101709813570531
-0.0467015983469565 0.209126445793318 -0.0647492537593006 0.047268749337983
-0.103710401450976 0.167798775546568 0.0363514355671314 -0.0478977974797679
-0.0069952755148433 0.175754118236431 0.114100424122442 -0.0766781609599627
0.0942784753004015 0.121267036576101 0.0559540237076077 -0.17032227696436
0.128545460455098 -0.0057002417497334 -0.0791436189390614 -0.130118086148744
0.0771277243293953 -0.0945412008793667 -0.1060835672999 -0.0229413711142466
-0.000133834488401472 -0.114716915664193 -0.0700143501086507 0.0298871394745382
-0.0498924842558523 -0.0818187304131839 -0.0324443560422002 0.0261635317868634
-0.0630470802451128 -0.0634449248800847 -0.00279798618691089 -0.00395247194985444
-0.0580202153163603 -0.0683574800368471 0.0134232069304492 -0.0400463027616631
-0.0410645167312722 -0.107954987440818 0.0525488640095913 -0.0622784121087612
0.0265487287517124 -0.130321120254408 0.107312878499032 -0.0391919661189703
0.104245767089244 -0.0852379016150915 0.106486145096028 0.0457125034871615
0.158034805459986 0.0380062866892631 0.0271945949003018 0.111503794215846
0.073773654406719 0.170749060694708 -0.0631871485932625 0.0840839422993557
-0.0486501495276499 0.198652345860234 -0.0366896888747546 -0.00703465374673793
-0.109768794039528 0.136384458564022 0.0825726078166915 -0.103839688129239
-0.0331255489386474 0.165459305097113 0.133920181169565 -0.0972782873432983
0.0715947017681902 0.13098537899267 0.0894655460381979 -0.164655578788798
0.122973593745958 0.0108560350210812 -0.0264685543671572 -0.142243950098403
0.0784006881425889 -0.0811213857619232 -0.0728805942448688 -0.0706490580045377
0.00436312276870077 -0.105611357997546 -0.0734735414771358 -0.0201582384771336
-0.045178179330161 -0.0765795872205112 -0.0545734570703276 -0.00829655369934961
-0.0569823188846846 -0.0547313913501793 -0.0263347131354353 -0.0284474008245962
-0.0526035237456104 -0.0570708091924913 -0.0103999876975142 -0.0620612737011929
-0.0359881340496778 -0.090027325665189 0.0332680329076463 -0.0878052216892995
0.0210407966836873 -0.11008197301199 0.100251150398609 -0.0727701837508377
0.0868434166153191 -0.0730590383915163 0.117520010294501 0.0181377723498636
0.131395257619529 0.0344559745255518 0.0431541699667308 0.090486203216013
0.0526707369783778 0.146925270106637 -0.0493075994105848 0.0651045228476846
-0.0507860991078868 0.159463504213582 -0.0104651903119854 -0.0537344464724247
-0.0906381035535232 0.0819959265146555 0.119408406822134 -0.144512941104572
-0.0449738300849328 0.11806331531698 0.146826578641371 -0.109573536711036
0.0388196014505976 0.103231833235148 0.109375051925457 -0.148172645590985
0.0872433621739963 0.0173969427796721 0.0182282693709515 -0.137696108280042
0.0585943669559194 -0.0542479050285966 -0.0396837475286225 -0.103376329832864
0.00621514546477014 -0.076992480893476 -0.0717179980732374 -0.0608325678162702
-0.0331021831945408 -0.0564840597533782 -0.0716285525481937 -0.0378377769986645
-0.042378477955551 -0.0379686100915956 -0.044869892525937 -0.0475479437740759
-0.0403099543173178 -0.0404694778665287 -0.0272003675946473 -0.0781819331610107
-0.0268420604024187 -0.0647111298385848 0.0208290484518338 -0.103995092253888
0.0179438055205975 -0.0798981230314977 0.0940623842822941 -0.0909426149037387
0.0679785830541764 -0.0508578295833082 0.123074724079728 0.0030579351508503
0.0939867836820947 0.0363668751738572 0.0516044946719817 0.0756673594226296
0.0222551566860346 0.113419551888294 -0.0374294345234397 0.0492427210068266
-0.0528524750903592 0.102710286345506 0.0147068436634972 -0.0858866572215609
-0.0511940630984824 0.0140144230472601 0.13495301384023 -0.164370083427121
-0.0385877107754536 0.0482980371725176 0.147496672709224 -0.114519576616038
0.00790290774231954 0.0486791903339995 0.111786931026949 -0.133144975841891
0.0349087729835834 0.0115080498429865 0.0402059427994936 -0.130738240335503
0.0235826666103497 -0.0211456956593071 -0.0231839632030347 -0.11734820662953
0.0041363861104808 -0.0339215859731413 -0.0703613169744944 -0.0826788124048051
-0.0160594984974861 -0.0257701123488354 -0.0816132023000182 -0.0547572462983611
-0.020997425847038 -0.016342920214971 -0.0556853274999126 -0.0593141421204946
-0.0235104444349863 -0.0200944808176026 -0.0357624063777936 -0.087689958799062
-0.016862535645267 -0.0341236760577946 0.0165831322043392 -0.113621788181537
0.0118065324395676 -0.0460601334289414 0.0923798369194442 -0.0992735147270744
0.0471419752149651 -0.0281236761346961 0.126871933402785 -0.000627787888654908
0.0545901892289862 0.0355870039250764 0.0561701021565371 0.0700905252038242
-0.00644616697924072 0.0716768947825168 -0.0274861469936942 0.0404112750088306
-0.0482099255931555 0.036786887396829 0.0367428171678524 -0.100203884519767
0.0341695634368555 0.0239911635658386 -0.0377012091416077 0.132553144294133
0.0131983095093373 -0.0207955952223374 0.0591096560940366 -0.0147711196037242
-0.0171237290131598 -0.0153525248565519 -0.0538729884243542 -0.0868762275109129
-0.0106828094014838 0.0118227338333034 -0.146343484691728 -0.00897617765983431
0.00707129372201158 0.00452233763266408 -0.101086891103969 0.118276357382419
0.00412409113307192 -0.00233026001134263 -0.0050693926885904 0.135154070873437
0.00258169555563566 -0.00385548491799929 0.0438489053199935 0.0975770228942433
-0.00527070161273241 -0.00951640175295912 0.0697056970897023 0.0623859680519501
-0.00684380453554558 -0.011365057510304 0.0852285583206705 0.049629415887132
-0.00516556840318174 -0.0177674472299323 0.0862399741538696 0.0701486132081081
0.00966256181600425 -0.0190321731234025 0.0440171318096143 0.111165781014178
0.0221619903382952 -0.00471555201446545 -0.0310681657516446 0.13209312455857
0.0271527313626226 0.0051276930010577 -0.0900665178171706 0.135186249435387
0.0272479288852275 0.0273090813791621 -0.142425344510685 0.123011349242757
0.0150539066383112 0.0620222743823328 -0.130950879979006 0.173834884633743
0.0104816160691275 0.0883661367467324 -0.0410531218388346 0.112925456659208
0.0305850514100317 0.030691241603737 0.0620658609266549 -0.0213598343226464
0.023711732426818 0.00360474494430181 -0.0458413396744186 -0.10618245340175
0.0198869489733593 -0.00790997057272189 -0.152199992492199 -0.0244824317775119
0.0180344136038238 -0.0309478891242983 -0.112336653383973 0.108738378076344
-0.00570464361274151 -0.0366756133786817 -0.0164427714571511 0.131578101077641
-0.0198311218273112 -0.0273718497712248 0.036398229549156 0.0933292619701439
-0.0304423074783561 -0.0307947390312757 0.0627473619548495 0.0542770459625627
-0.0304024971774157 -0.0393788213439243 0.078190131543515 0.0335704926916906
-0.0180031316941063 -0.0653292245763518 0.0908836793337884 0.044567891163889
0.0307999757263281 -0.0687192254487082 0.0712348819934186 0.0885783522000742
0.0758759124441461 -0.0234002080486547 0.00250377087188354 0.128615703983694
0.0831169281785778 0.0453804256295308 -0.0654981063702339 0.1448243094146
0.0402865882891618 0.105606936128605 -0.120467579934804 0.124652942087026
-0.0136486386323748 0.138082287235282 -0.113131084443653 0.149624114101168
-0.0237075186053033 0.142908629376424 -0.0309877442043375 0.0717813784255162
0.0378344096316131 0.0903722533489552 0.0734485244696641 -0.0361201387049533
0.0662875500425489 0.0351522982445516 -0.0262910993349209 -0.134610585261603
0.0593183754938265 -0.0229981934484273 -0.150046314593507 -0.0552666895386966
0.033731730574154 -0.0660817389001907 -0.123270394489706 0.0819991092703096
-0.0123857343717749 -0.0717703921263476 -0.034272634102758 0.114065324464717
-0.0390642568457117 -0.0504653152494531 0.0196374245663915 0.081173017324999
-0.0508373605969136 -0.0483474616082849 0.0460452580581427 0.0397359785465111
-0.0491690144469514 -0.0586866966516396 0.0610992592111045 0.00934912250257692
-0.0344884476233398 -0.0968694164658538 0.0864540734298942 0.00670109687889056
0.0333748783545933 -0.111255585410852 0.0968253480840188 0.0471985282725855
0.105429670856616 -0.0569333123574708 0.0474662170588427 0.110564654641777
0.136188512067632 0.0525056142127676 -0.0286116426569721 0.146927426026828
0.0675891612020067 0.156271670417723 -0.0953137766224502 0.121121726010227
-0.0276395873349445 0.192272599624577 -0.0884819992578862 0.107709681861393
-0.0614991641143323 0.175700152393502 -0.00475031350794948 0.0152580904843294
0.0298130663826288 0.145592281129705 0.0902057353997776 -0.0583413715798872
0.0978612187070578 0.0770556586337525 0.00505321925248492 -0.161785873353224
0.101623171762028 -0.0267752214518439 -0.130305927731917 -0.0930067450102662
0.0534674300835751 -0.0928171282622283 -0.124051654549541 0.0385620060025652
-0.0145617588863203 -0.101074644488108 -0.0527980219214651 0.0821366867169063
-0.0522528627463479 -0.0692049836582256 -0.00348515072103099 0.0584438262542291
-0.0646279498326384 -0.0576999335595943 0.0230701128083572 0.0187981761732159
-0.0614341791879476 -0.0665521228181047 0.0367148413810495 -0.0169425256223342
-0.0476337680854214 -0.109773684448769 0.0694842040600723 -0.033713737238155
0.0242190626914429 -0.134483463820618 0.107993410733556 -0.00477385289191549
0.109311819532336 -0.085863098342177 0.0867555024207292 0.0761154546207015
0.164962526775956 0.037937534777085 0.00927214398161307 0.134076068853579
0.0889481232079761 0.173634980253133 -0.0730911185760658 0.10899266732514
-0.0303834286146061 0.21454995511892 -0.0617306311108659 0.0536984202602482
-0.0902226682794077 0.177401510268249 0.0330895638929628 -0.0501475615859191
0.00628900793512446 0.177224298122276 0.109526490125325 -0.0839045581606003
0.104411790201437 0.113965734073023 0.0438359744021133 -0.1759780850033
0.12862447614838 -0.0158391863845579 -0.0891008731075935 -0.126191495098715
0.0695885076779696 -0.101573518969033 -0.1092028428125 -0.0156275265032796
-0.0105285684511683 -0.114872480922256 -0.0677445990867831 0.0352097963276204
-0.0573012378926339 -0.0775393636929455 -0.0301405975472125 0.0290266950685432
-0.068244214036343 -0.0580819950853655 -0.00379507963101744 -0.00367239751683708
-0.0641976244327322 -0.0639306641288783 0.00906567881653204 -0.0414385695983017
-0.0506493493653313 -0.104615142217173 0.0466694124514622 -0.0672345674878177
0.0145313069686226 -0.13326211384168 0.104380476723062 -0.0497131524934211
0.0970534584317927 -0.0932288458728085 0.109359197408984 0.0387416466411681
0.161130415137852 0.0247109172959116 0.0354802385130353 0.1117903413094
0.0882491754456063 0.165263706577743 -0.0574878469497278 0.0900923137625207
-0.0328970255047803 0.203718466455525 -0.0369139547813821 -0.00325905682721272
-0.0993929793458923 0.146383658287693 0.0754354827385701 -0.110501955528742
-0.0201957059660944 0.16899477599553 0.12747511845068 -0.106480728295219
0.0817605803603078 0.125660764415221 0.0776184164972875 -0.172929363286318
0.124438703180243 0.00189861898245231 -0.0364674630542322 -0.142058131241087
0.0717509222987971 -0.0881903604221644 -0.0792400718600317 -0.0664388633745007
-0.0048458933065748 -0.106887322599911 -0.0759716476159106 -0.0150493029069611
-0.0520367503204715 -0.0724665187563325 -0.0554852778545164 -0.00358579726891977
-0.061337544721849 -0.0496531348225949 -0.0290230095917134 -0.0262799066079089
-0.057425976484684 -0.0529884529317751 -0.0161342476815992 -0.0609079009480435
-0.0438214154041742 -0.0875144645553102 0.0256153750800166 -0.0914341138133565
0.0115498898937477 -0.112498613265645 0.0944559935867287 -0.082029341745334
0.0813514164146297 -0.0799194601528607 0.119282900958891 0.00903587493779588
0.133880428191987 0.023699668781183 0.0499592040707562 0.0888344986269308
0.0653191816810911 0.142588073071721 -0.0449156094423395 0.0704767191743864
-0.0382913749184207 0.164673579605837 -0.014204641823645 -0.0522078869521983
-0.0839508835201842 0.0897327218301645 0.108617716692476 -0.154720039351454
-0.035720271980638 0.121828110745669 0.1400830019455 -0.120401132747622
0.0465006317697536 0.100891638940621 0.098798563568501 -0.156895878848353
0.0893362470118809 0.0108916222425362 0.00808172600579378 -0.14112826449833
0.0544962380486395 -0.0591568918224029 -0.0491643440133223 -0.102189520422195
-0.00129771003259563 -0.0775022750831347 -0.0776369193123478 -0.0552856993760737
-0.0381823150684743 -0.0534369370982743 -0.074948440855167 -0.0320324935962361
-0.0448346181875156 -0.0346847893248849 -0.0484528992075282 -0.0441049879958528
-0.0433722998940285 -0.0364584077505446 -0.0340402075407393 -0.0756685375620912
-0.0318789508513403 -0.0624818466242307 0.0123179708259386 -0.106747812825275
0.0109006193374812 -0.081998306618029 0.0872562582023449 -0.0997562041125885
0.0644670252029819 -0.0559605812985699 0.123365457803714 -0.00647647835268415
0.0962172464980663 0.0289080340904326 0.0572162794260632 0.0732637648038832
0.0317532444485391 0.111742410918272 -0.0338659747913064 0.0530923080022748
-0.0444158643766161 0.107067258363466 0.00790255667178486 -0.08667458039884
-0.0500080793835743 0.0185120629864151 0.123419864524336 -0.176481967270915
-0.0345261222554052 0.0510541722357677 0.140371854520874 -0.125829569967744
0.0114162289982607 0.047992582300769 0.102545805423866 -0.142700523949532
0.0362045512619282 0.00891879209631048 0.0310072883474647 -0.135520454241778
0.0220647818810543 -0.0226200995200105 -0.0335542820573061 -0.11768640515035
0.0006098629356347 -0.0346242189012273 -0.0776447942152011 -0.0776394088216471
-0.017868676227588 -0.0245121491499412 -0.0860366111210286 -0.0485698031794152
-0.0220471792012315 -0.0143899424415479 -0.0608401137280053 -0.0544605374088182
-0.0250508963817229 -0.0173471126517603 -0.0432650053870617 -0.0851546771470986
-0.0194772759168567 -0.0327750451951034 0.00738706018942289 -0.115500461962819
0.00811964617900987 -0.0473615473861577 0.0844812726295052 -0.107953196724877
0.0450311976157473 -0.0317709405392415 0.126990306820356 -0.0101881253835938
0.0563273382388601 0.0313379497608865 0.0610698665725759 0.0668980124326053
-0.00077560683900067 0.0723662185090359 -0.0250107583160188 0.0428762600139316
-0.045367408817032 0.0403490982486022 0.0285295491993426 -0.103428763179259
0.0347784383769486 0.0200104390607853 -0.0264749100914049 0.130351553141999
0.0113377860464695 -0.0211341850767453 0.0565677603016835 -0.0175510000254533
-0.0170878668538602 -0.0130917029132297 -0.0566979085916993 -0.0803486277280383
-0.00897016620946862 0.012199465558471 -0.141635730241476 0.00088820453403462
0.00701843631356704 0.0036215993864481 -0.0883410925211861 0.120521146723677
0.00333591341313351 -0.00227422657237689 0.00499729296302655 0.12993316837787
0.002274189391477 -0.0038835617784571 0.0484015081414333 0.0909102161995538
-0.00573475452368242 -0.00872283205075755 0.0703385926053811 0.054779422521048
-0.00788033515899528 -0.0104966624414441 0.0845294309747785 0.0413394658641465
-0.00670158989978713 -0.0173153821751962 0.0870287532496866 0.0601245990568064
0.0077988747695591 -0.0189628670089703 0.0498846137142554 0.103849386000059
0.0211114373310681 -0.00638940923823559 -0.0214636063207056 0.129601901141542
0.0260519587675856 0.00333141786461698 -0.077508807219982 0.135403786667009
0.0275685282691647 0.0242127708369907 -0.128950290858686 0.12647414572116
0.0183239899553347 0.0583970714181059 -0.113297448581225 0.175087190048519
0.0168485622663185 0.0835374978698754 -0.0309701805897799 0.112174053184368
0.0314412394581088 0.0265728725760821 0.0595052959169472 -0.0232950580571402
0.022436068363843 0.00189619187980579 -0.0502641947036068 -0.0991842754820414
0.0189297985881959 -0.00828550677458374 -0.147811138504077 -0.0141294899716272
0.0147411837674005 -0.0315475655166919 -0.100150069405608 0.11136104656985
-0.00849054106695101 -0.0346373235984595 -0.00610163198414742 0.126429607962178
-0.0207123006749752 -0.0246547648556148 0.0411813829581798 0.0872381790358875
-0.0313574180259082 -0.0277282057013402 0.0629458674826686 0.0476997774791231
-0.0318754314347879 -0.0355803017423248 0.0764774601875963 0.026669687537486
-0.0225065196706776 -0.0610335760356731 0.0892073251929262 0.0356045371433103
0.024476044182484 -0.068314340157453 0.074118362337562 0.0799779405765114
0.0706143442523821 -0.0274685382415009 0.0107527920290465 0.123948133680777
0.0828503479992005 0.0373039230046197 -0.0530449854127612 0.14292527982183
0.045414190853148 0.0979291122678993 -0.107401280947605 0.127731227112427
-0.00355959321039065 0.133532509649613 -0.098239245875608 0.150855514359435
-0.0118978981607488 0.138377187343695 -0.024553743495376 0.071698862129263
0.0428057215604069 0.0837367427576563 0.0690264871978559 -0.0378998227324621
0.0652918724860116 0.0293608171107128 -0.0329045163149265 -0.127318475905024
0.0553287848206696 -0.0257652013186761 -0.147550929017861 -0.0436713159727855
0.0266161547257287 -0.0660030242671644 -0.11224683309063 0.0862381008665323
-0.0174935714402059 -0.0676761880232643 -0.0244908251432882 0.110981752857589
-0.0408527214605595 -0.0454889531966671 0.0243576655500374 0.0761246840424043
-0.0519906486159191 -0.0419110705430349 0.0458012103901304 0.0345666806446585
-0.0515422194897111 -0.0526186846745067 0.0582151419299488 0.00506490746153361
-0.0404618321931241 -0.0904574858143767 0.0817901908101836 -0.000127983774332576
0.0233397432153276 -0.108816032169916 0.0958427806485698 0.0370912674980511
0.0969521982832754 -0.0616030496300435 0.0523137864467295 0.103183244476935
0.133745244108546 0.040361831540898 -0.0176693753172017 0.143036833825945
0.0752669549104138 0.1446769067003 -0.0840292864596078 0.122326778009658
-0.0130942212220112 0.186632183551357 -0.0766995321929788 0.109630812690947
-0.0455070929592514 0.172279832829707 -0.00342944686636615 0.0160090031787673
0.039130063742407 0.136987471526404 0.0833310061329444 -0.0596697256037909
0.098405468790346 0.0665361098771365 -0.00487594446974131 -0.155464567872752
0.0949986010774391 -0.0323499649199291 -0.130926360029903 -0.0809532296792191
0.043709233539435 -0.0931382220275849 -0.116601406377307 0.0444404069481291
-0.0215864464947139 -0.0951029003066457 -0.0447411941030171 0.0815568977309872
-0.054913834722451 -0.0619009133922036 0.00018382153342065 0.0565157903869515
-0.0652154900762546 -0.0498371697007987 0.0225237460577814 0.0168695369531269
-0.0641782727671667 -0.0593990358056984 0.0331020252368628 -0.0187706015107088
-0.0537910932673637 -0.100971432527166 0.062949152930948 -0.0373352753942236
0.0121016073267517 -0.130072562298688 0.102461836202269 -0.0130775178742743
0.098795061179481 -0.0899818267674318 0.0876214744235955 0.0676457511465733
0.159490318408515 0.024281888185674 0.0171802498019449 0.128865598807497
0.0980843554578438 0.158830187180627 -0.0636126022343207 0.109439941992336
-0.0141591520858118 0.208024662135748 -0.0546663653629361 0.0559026367459233
-0.0729224719095509 0.175719998650898 0.0283218723169008 -0.0488552504736599
0.0194398378858872 0.168974470649019 0.0998653815989095 -0.0860005460335164
0.107244719745566 0.101458393142951 0.030099755880662 -0.171518036383605
0.12225009328666 -0.0238226291010324 -0.0936450058704223 -0.116053502220715
0.0590235898944501 -0.102311288414872 -0.106196452606727 -0.00900346935672818
-0.0198299329415974 -0.109105530619524 -0.0628893267380071 0.0382152551229574
-0.0604060988292033 -0.0698350772878376 -0.0268347849631658 0.0293114705628339
-0.0688150194327403 -0.0502877557958489 -0.00437476281055355 -0.00341312536437675
-0.0664142568692717 -0.0562524690636826 0.00507438986479091 -0.0396624676226341
-0.0563601280248462 -0.0967331421369462 0.0391111619700179 -0.0677177254441625
0.00320642466199174 -0.128459401326357 0.0954543883666866 -0.0566837372144399
0.0862852233724351 -0.0960432500405395 0.107067120409044 0.0299654053133016
0.154870324183767 0.0120092580720565 0.0414374478459466 0.106068946799609
0.0966840575612609 0.151314684529495 -0.0497487594752072 0.0909894320746982
-0.0172457132843703 0.197315831410829 -0.0348696150077011 0.000523872505142875
-0.0838121066872433 0.147288844792524 0.0645742924014756 -0.109734465281211
-0.00746295780267011 0.1629198526696 0.115653286043798 -0.108506169370595
0.0869182582981677 0.114626424480134 0.0630109119500992 -0.170743605281794
0.119042141848654 -0.00708624963086156 -0.0444341548744816 -0.13483970439482
0.0621265277402688 -0.0892805219002297 -0.0816028154575794 -0.0593134883338098
-0.0138434633416514 -0.101605313507342 -0.0738705372604732 -0.00882640505802145
-0.0552182012608587 -0.065259598180577 -0.0531876365456541 -0.000328946116095079
-0.0614933844204205 -0.0432024105246889 -0.0301146317704745 -0.0227683020117644
-0.058742208890137 -0.0460489582843158 -0.0202987334195831 -0.0571313559769398
-0.0489927775018514 -0.080485025206088 0.0175768046976286 -0.0889317475777867
0.00177580007666019 -0.108417570941184 0.0839500567048821 -0.0864154788074318
0.071582412659883 -0.0815410523383634 0.114508728232768 0.00136761001487763
0.128348633048881 0.0131401776033858 0.0535097801985831 0.083027590617457
0.0728673909996004 0.131215508719282 -0.0388199598566107 0.0711823932307458
-0.0249302543123813 0.160008814851246 -0.0168348262889884 -0.0487792632313813
-0.0730815229769591 0.0916104751533355 0.0933302191505188 -0.15485618846116
-0.0252461873017896 0.119173870139299 0.126596453913552 -0.123001314550652
0.0511487862068003 0.0928100860004646 0.0842255964589374 -0.156761862342978
0.0863328778298121 0.00455042894194381 -0.00112117818758916 -0.136392937646256
0.0475267335440993 -0.0603912698611439 -0.0548716070654367 -0.0952684576771864
-0.00738800622567942 -0.0740447726791298 -0.0792956179217421 -0.0482870631371662
-0.0401929038154921 -0.0482531369601323 -0.0739049299655649 -0.0252568041368797
-0.0446699380650466 -0.0296853460795488 -0.0501789184300116 -0.0384707050500314
-0.0438374906579785 -0.0311158277839813 -0.0382475939234324 -0.069844964954241
-0.0356347907316578 -0.0574038481286454 0.00415113885985079 -0.102575629727367
0.00452011100763786 -0.0794180872374721 0.0756403794550721 -0.102515124861694
0.0576249606216163 -0.057745751668937 0.117393161157942 -0.0138605270689163
0.0929367863688653 0.0210115696471027 0.0592311157491808 0.0672625403656719
0.0384849275842509 0.104013129339556 -0.0290673158710416 0.0543472369943113
-0.0350830210656593 0.104956306128888 0.00152376875744126 -0.0831181084958838
-0.0452331782504051 0.0215334588557667 0.105383976479336 -0.177493611044947
-0.0290040315029753 0.0511901094321753 0.126053655608712 -0.129278577897085
0.0136517596709727 0.0449236291916119 0.0885295926716118 -0.142634361980062
0.0352601701431253 0.00625225320923652 0.0203862628168064 -0.132665558732116
0.0196885540311738 -0.0231298473665413 -0.0405595084737652 -0.110832791689016
-0.0030327915330758 -0.0329841976288354 -0.0807832050095278 -0.0693835276705934
-0.0191121614985789 -0.0224525082131669 -0.0859792184054598 -0.0401328584409621
-0.0215089067867888 -0.0122168786078051 -0.0624257637079978 -0.0483630389351208
-0.025067057020374 -0.0141005809464987 -0.0475475719914939 -0.0786565741930255
-0.0208140659257643 -0.0295681137576627 -0.00111282153671391 -0.110687674057343
0.00393224474742353 -0.0462667593650268 0.0730390136233481 -0.109583288670182
0.0410394612443264 -0.0331506333395222 0.121059620538206 -0.0178193530114793
0.0557147133973596 0.0263526367963548 0.0624730720182355 0.0609014537764456
0.00470771653666114 0.0684999331125771 -0.0207541603927655 0.0436292545320979
-0.0406446994324381 0.0408272610395493 0.0199421688024326 -0.100622332191892
0.0333570849235055 0.0170463393526404 -0.019741889657217 0.12359839390983
0.00979186993208168 -0.0202989207473714 0.0539725118989872 -0.0174279447374619
-0.0161757156945769 -0.011403687313102 -0.0540821580070522 -0.0739392116488066
-0.00753602018755651 0.0118608385172379 -0.133046169833181 0.00424515137917509
0.00658519242869982 0.002890478339979 -0.0790341950875039 0.114287036498594
0.0033508625392148 -0.00195963503162928 0.00881936044037303 0.121084448620803
0.00216480021204484 -0.00426383833847406 0.0480537215185536 0.0839307665592215
-0.00572119881636405 -0.0080385330780388 0.0671864418830765 0.0498285392782637
-0.00838272701098558 -0.00964143830775415 0.0796366175106139 0.0366522435344952
-0.00656876342568882 -0.0161748839104234 0.0824606927431049 0.0541591037880332
0.00742618183211544 -0.0175874641552293 0.0493918627034615 0.0954533316017044
0.0198316682034436 -0.00643443204055327 -0.0167126965636884 0.122178530584401
0.0241223556730747 0.00306300549486938 -0.0689997146221297 0.127582442016064
0.0257305948227853 0.0221604150166893 -0.118758334091966 0.120910239868106
0.0184971804566572 0.0540814734797215 -0.101255309394477 0.165979699710693
0.0187091687857843 0.0771682750843922 -0.0246969443256276 0.106503349725668
0.0297766082813782 0.023809606798325 0.0563370064960981 -0.022441711424251
0.0213517077363548 0.00112837866045044 -0.0488703463060069 -0.0923683299667234
0.0178434164314264 -0.00829597797069945 -0.139059908143926 -0.00972762241003414
0.0128418285958241 -0.0300302131880663 -0.0902096001984724 0.106421592574183
-0.00918676573036609 -0.0318826899825235 -0.0022210073642943 0.11820639161053
-0.0199062087768952 -0.0224339395562183 0.0407564036815949 0.0801346582280496
-0.0299164766774135 -0.0248333864986083 0.0598742108535532 0.0431710148104357
-0.031071553515956 -0.0326116311029849 0.0712495344527186 0.0225271271533423
-0.023166359057582 -0.0560062272203395 0.0840789946393048 0.0305739195711405
0.0206505509517704 -0.064337664839981 0.0713967190926966 0.0718607899961354
0.0656558393233769 -0.0281662359651524 0.0130761656367574 0.116409719189763
0.0781540857086977 0.0328464222842234 -0.0463014572849629 0.135029041137939
0.0447316732386678 0.0904999865301104 -0.0987692536116424 0.121198940725117
9.6791956795181E-05 0.124517783976322 -0.0870282115819301 0.14392650629694
-0.00671805314546529 0.129095441558254 -0.0198227370390956 0.0689805734183237
0.0420560631068974 0.0764651734953936 0.0645867883952233 -0.0361855769526725
0.0616936019326774 0.0249909018789245 -0.0339376229391808 -0.118945863515819
0.0512124056502297 -0.0250017107730401 -0.139460729582954 -0.037701375838415
0.0229848170361939 -0.0630064675472275 -0.102944161059159 0.0833765682621902
-0.0187025540685497 -0.0622644432373173 -0.0198460615338178 0.104302489241782
-0.0393121154432186 -0.0410104930097365 0.0245669543485266 0.0698709149894831
-0.0494529947341403 -0.0379806921844992 0.0436249410309617 0.0318429808320724
-0.0500944611376515 -0.0479210631067764 0.053293589505853 0.00289902707034153
-0.0412777821132119 -0.0827684791278791 0.0755903304635545 -0.00260748418214781
0.0178899125753471 -0.102454850880882 0.0897756215332857 0.031180354410828
0.0890515087544357 -0.060528883605706 0.0515556760070747 0.0966293326296814
0.12564808319234 0.0337439878144471 -0.012947557603907 0.134211694852943
0.0745967235643293 0.132672437186414 -0.0764061026654692 0.116933715893567
-0.00686115451308218 0.174952480664878 -0.0683124364758398 0.105690932874575
-0.0365703328736762 0.161669136777422 -0.00194291220870472 0.01640677981578
0.0405237924520569 0.126521071137389 0.0774254677435147 -0.0562053370783109
0.0933730159181109 0.0596360133928739 -0.0081491026402978 -0.145730750397076
0.0881871854282625 -0.0326487146218461 -0.12429111623951 -0.0734541724314597
0.0377045260130043 -0.0886743667020766 -0.107700449993581 0.0439351811196598
-0.0238548521612184 -0.0883941372721424 -0.0398047744965647 0.0771055699343161
-0.0532684039047755 -0.0560507649878273 0.00215187497591618 0.0522906858158987
-0.0622188804282519 -0.0446728440079209 0.0208643082851856 0.0150651693751498
-0.0619552073144572 -0.0534684661342876 0.0292764749210131 -0.0183893541484813
-0.0541318340329956 -0.0926594590921742 0.0570820094389494 -0.0373128470446407
0.00650264371567858 -0.121889992344656 0.0941438262016535 -0.0169925434568854
0.08917296415439 -0.086951623128347 0.0836819345714821 0.0616816462585141
0.149752087386319 0.017846157744991 0.0197901532990205 0.120845427314626
0.0958100544240245 0.145035825456433 -0.0572444161192656 0.105106856729302
-0.00712841686545009 0.195356100656713 -0.0490141432183071 0.0543990479448901
-0.0622598581535164 0.16603895630706 0.0256500690988601 -0.045450752379703
0.0225759401869181 0.156824939588786 0.0915400101420819 -0.080675545591855
0.102560990595189 0.0921397596967242 0.0245973707166988 -0.161399412534791
0.113374799942619 -0.0258554651947678 -0.0900346948708242 -0.107199750343833
0.0509178670270516 -0.0971807941835425 -0.100300580601804 -0.00560861072014121
-0.02280872199112 -0.100725588543256 -0.0584545125645168 0.0374117877351425
-0.0583586077417273 -0.0632974247136865 -0.0239686384524621 0.0276668389150217
-0.0651262598681758 -0.0447701151574787 -0.00472532007855274 -0.00294992606031875
-0.063466590940615 -0.0501074876521114 0.00254173580212412 -0.0372591453504601
-0.0561939041727764 -0.088164950810513 0.0336827092942765 -0.0640519159022425
-0.00192383792743467 -0.119757346161446 0.0867068093623707 -0.0574939530095052
0.0781028148107046 -0.0918661225664755 0.101231579546376 0.0253554384569649
0.144457443848012 0.00676511622145449 0.0410983823956095 0.0989222160571849
0.0949226462387835 0.137712176652324 -0.0443745925557589 0.0876298794773994
-0.0103740473483776 0.184587354817061 -0.0322522316337226 0.00171267481612236
-0.0734408493631746 0.139249827798163 0.0575315229858853 -0.103092872160591
-0.00186711329402039 0.152246546353218 0.105393119285833 -0.102149544890731
0.0836545156455976 0.104895326885473 0.0547949624084564 -0.16064335773976
0.111438859281564 -0.00995074307043206 -0.0444617299331247 -0.125330186075725
0.0552957979171812 -0.0854965666926614 -0.0789691465766098 -0.0541941315905427
-0.016729619831108 -0.0940574036728107 -0.0706172996622812 -0.00638442729987669
-0.0533119719227376 -0.0592592703565409 -0.0498529414949978 0.00112108312685388
-0.058062647167947 -0.0383723330333509 -0.0290518981471283 -0.0203565546670398
-0.0559540261942579 -0.040843545683777 -0.0213956033587054 -0.0522365910498343
-0.0484757262380295 -0.0735202557822653 0.0131264258500376 -0.0834366003577876
-0.00237159078175056 -0.101529305681728 0.0750865131063426 -0.0846914672942771
0.0647180499618186 -0.0782377567275002 0.107277023064081 -0.00158800554080373
0.119285827736861 0.00880486948729422 0.0520021698595639 0.07716944407299
0.0719807355119232 0.119740863328545 -0.0342354448573055 0.0684528196271953
-0.0187947215809375 0.149729110797845 -0.0168772647365523 -0.0445503127337229
-0.0649469411045964 0.0873192362234179 0.0831719574324035 -0.146549198355355
-0.0201101013721937 0.111675494583535 0.115091008675463 -0.116713954656032
0.0495508118423832 0.0858647980578143 0.0746339457089457 -0.148267689882812
0.0809468738387029 0.00167636653049185 -0.00401640094714984 -0.128178293096337
0.0423050415498798 -0.0579158944148306 -0.0542606605645526 -0.0876753304455074
-0.0102937146744345 -0.0690716741666286 -0.0762930934817566 -0.042593515811161
-0.0389257528182457 -0.0440046103310059 -0.0697649459412682 -0.0214558626888112
-0.04161030967098 -0.0262487561106833 -0.0480399778416231 -0.0349241791234305
-0.0411338161308739 -0.0276266757524839 -0.0382736418695392 -0.0639753537242757
-0.0343996427845236 -0.0521092794029684 0.000163400819124747 -0.0960751923191431
0.00125278853934729 -0.0741539852694835 0.0666929915421076 -0.0990960499239151
0.0524415455481514 -0.0554621568541254 0.109627923245742 -0.0154455118190691
0.0870062351166245 0.017855581264191 0.0567194588759282 0.0622224828192297
0.0386831176373333 0.0954212063258683 -0.0257906095633554 0.0524790111601115
-0.0298707001094496 0.0986622923322259 -0.000314423453286791 -0.0778379935625008
-0.0416179180101127 0.0208153204110634 0.0943297086044052 -0.167635659633588
-0.0255503689277135 0.0483150724153521 0.114601792171631 -0.123462061208528
0.0135319660599882 0.0418536226261563 0.0797562987608001 -0.135264995111551
0.0331451111443367 0.00470369997454207 0.0162810540911048 -0.125288758548971
0.0174630593081064 -0.0219867933282707 -0.0418020422833234 -0.102588558071951
-0.0043260923908759 -0.0305332853981975 -0.078508731622934 -0.0626718160850597
-0.0184284578060449 -0.0201311466738876 -0.0814218384100738 -0.0350925146858179
-0.0199482792871878 -0.0106237384452375 -0.0594813917741855 -0.0430167441922341
-0.0232259271016257 -0.0119024700059595 -0.0470211715867143 -0.071191502895724
-0.0202554655725221 -0.026617854618384 -0.00450048399901323 -0.103512403746245
0.00195405779383711 -0.0431700049833753 0.0647454520733343 -0.104837622110057
0.0369104385055751 -0.0321812019019839 0.112721026604854 -0.0199032991247079
0.0521721910965436 0.0237799375525756 0.0594929660705819 0.0561303944664399
0.00638754771675051 0.0633268057518549 -0.0180841930484975 0.0420189272453214
-0.0370809674122319 0.0384568575143206 0.01586900831062 -0.0946452889176384
0.0313132853018204 0.0161420551509661 -0.0194104766129126 0.117801722080021
0.0092889670856179 -0.0194130862639061 0.0532907050228422 -0.0156244047086335
-0.015146059651038 -0.01116897187117 -0.0498906113486526 -0.0718000171329553
-0.00704676727262777 0.0102428040347875 -0.127115145141374 0.00174309474203962
0.00609500713402818 0.00222906889178409 -0.07674751038556 0.107498208121221
0.00343068231241808 -0.00167486392949998 0.00695504642666564 0.114630038371397
0.0017105430548871 -0.00426193524554712 0.044667319249687 0.0812621869992074
-0.00576154998976035 -0.00789631379061423 0.0629394150181572 0.0483961517466291
-0.00798356303610079 -0.0092312511119104 0.0755755985860297 0.0365073730153744
-0.0066032821249423 -0.0156019618737748 0.0776397101085026 0.0523283421565276
0.00706943297986952 -0.0169911496438609 0.0455183562759086 0.0917931289873023
0.0193254590488808 -0.0062501356553104 -0.017736376929884 0.116606801851079
0.0227425794725613 0.00318372559059448 -0.0683898139925379 0.119318030290569
0.0230560780983516 0.0219822016391745 -0.11549914465109 0.112293731276623
0.016752935156201 0.0515702531404246 -0.0987095536410047 0.156416594317089
0.0168266176379322 0.0726543768824329 -0.0236730373138194 0.101981397814939
0.0273658929801318 0.0226180303030856 0.0553620308033411 -0.0198465813685213
0.0198285859932953 0.00156604497763797 -0.0442719456957561 -0.0887107928753867
0.0173629979010464 -0.00755630459249435 -0.132548617014849 -0.0115552820211556
0.0123360791550504 -0.0287445332912583 -0.0872123795660781 0.0993066416460811
-0.00863492263957169 -0.0300900834495402 -0.00339640107801626 0.112029431623605
-0.0190647333893776 -0.0217920568962618 0.0377021113475324 0.077409353990528
-0.0279000999363956 -0.0238183006444167 0.0559932061989964 0.0420078284173193
-0.0302282896764252 -0.0313202257820606 0.0671559493594825 0.0227727408240137
-0.0219206688571605 -0.0536567833818126 0.0787095935605271 0.0297579313432052
0.0197873635071472 -0.0610915191279102 0.0669363933534641 0.0692413896889135
0.0633744141881879 -0.0259896316861211 0.0103929456055691 0.11183010415003
0.0735750341430212 0.0326303278619075 -0.0463709299129564 0.126924783950662
0.0408246355457691 0.0866304540836232 -0.0966947316345603 0.113607438725385
-0.00201295581889198 0.118640206315512 -0.0846630064213466 0.135545917101195
-0.00754837805920574 0.12161213277842 -0.0182627701596845 0.0667597050216494
0.038796234741153 0.0725912292711079 0.0634737557715057 -0.0314382676007669
0.0579079904944814 0.024950501944744 -0.0292923185365933 -0.114680452953205
0.049207207375272 -0.0235486451978319 -0.13182208568882 -0.0385925133745235
0.0225379890288095 -0.0598560377157579 -0.0988568263325759 0.0771086119296588
-0.0180151431309549 -0.0591955061269066 -0.0201713370592081 0.0988777246357784
-0.0368686602252779 -0.0394085703114213 0.0223112627849299 0.0673660473745808
-0.0467927065930757 -0.0361245101511291 0.0408922320891827 0.0306156294446282
-0.0471197971465734 -0.0459877703393493 0.0498157575159711 0.00392777337497192
-0.0390031140271556 -0.0790339803895604 0.0711093324554908 -0.00170541917716596
0.0174324054377112 -0.0969332002583693 0.084620775881473 0.0301837913974496
0.0856952496045852 -0.0566105207705437 0.0475141129764817 0.0927976563943689
0.118542439876707 0.0339937164536336 -0.0147219341592537 0.128154507752145
0.0686926070468792 0.12679748810947 -0.0748514367834494 0.11027842432444
-0.00924574203998975 0.166771827984917 -0.0661228124720651 0.0994139120251168
-0.0360644201246843 0.152412436021698 -0.000965323300096936 0.0171933493574717
0.0366135460588303 0.12001390345345 0.0754626786736725 -0.0504076721835373
0.087405105926931 0.0578627797727853 -0.00477516417375899 -0.139132264217098
0.0846652192491243 -0.0297670708289549 -0.11671653297968 -0.0724045193036785
0.035865257816022 -0.0838068365616185 -0.103557462352012 0.0401922601293184
-0.0229814901230571 -0.0836189181233573 -0.0389247369915614 0.0729023295402935
-0.0500645226541415 -0.0534678071881496 0.00133131533633064 0.0492982250358618
-0.0586273804740386 -0.0432740945056038 0.0193999864137328 0.0149275861892712
-0.058421227149837 -0.0511599306179497 0.0268913655325069 -0.0164872961954954
-0.050998952762148 -0.0888630238423056 0.0538214365113006 -0.0344841490447576
0.00636589527816394 -0.115566306899507 0.0887104035710819 -0.0159577737406408
0.0858512266430255 -0.0814936208323524 0.0786056885215244 0.0604611988526586
0.141073915210393 0.018587731829353 0.0165956821372601 0.116115102046941
0.0892459849309221 0.13875605577582 -0.0565059139383163 0.0995489870423281
-0.00982359034482906 0.185787331320253 -0.0469435891622862 0.0514536545017437
-0.0606827155650678 0.156118301142888 0.0249036848904267 -0.0412835614806947
0.0197921998351222 0.149158321338421 0.0888786571873114 -0.0726730434183997
0.0956949063677773 0.0893658176504021 0.026151730308011 -0.152851898603735
0.107911009930442 -0.0230548823886453 -0.0837989928700405 -0.103582811636843
0.0492279999504777 -0.0921819033672949 -0.0955668472153668 -0.00723127167220304
-0.0215572516366353 -0.0958567900298521 -0.0562358080539943 0.0349364674001351
-0.0550891040553966 -0.0604765965204401 -0.0235705816913757 0.0261014089624079
-0.0608603677944429 -0.042883403443752 -0.00484002770976151 -0.00248908492177318
-0.059729060424158 -0.0479238452549121 0.00186150649165378 -0.0343317542344986
-0.0529098542606404 -0.0842193495777836 0.0316608635127559 -0.0607090677567759
-0.00121426208396911 -0.113733817068563 0.0821589370412462 -0.0545273818592284
0.075017942501864 -0.086775346122349 0.0952144152313324 0.0263931180049069
0.136068438868617 0.00827156370690663 0.0377070108417396 0.0956511416062512
0.0888208660042753 0.131058010311768 -0.0428908914193302 0.0832304015000113
-0.0122783773551292 0.176009742906083 -0.030147739388796 0.00154899003283684
-0.0708316803246983 0.130686401055181 0.0562142354109836 -0.0961040133743108
-0.00381474594511174 0.144356666899973 0.102336801175126 -0.093614517386715
0.0777575037439349 0.101160427214502 0.0553332584708305 -0.151335025001474
0.106397803151898 -0.00821917402706725 -0.0396719052380922 -0.120114337897256
0.0527152272325071 -0.0809429630227717 -0.0747046289017675 -0.0526285394021037
-0.0160804446918187 -0.0890718048570037 -0.0675016558521889 -0.00699048256968208
-0.0501131736031309 -0.0562916462894913 -0.04722764079612 0.000246706320159569
-0.0537138556913366 -0.0370025867908553 -0.0277161863833068 -0.0199483227529511
-0.0524256620233186 -0.0389362071471359 -0.020292338194325 -0.0493235179374435
-0.0454366743474878 -0.0700583913790168 0.0128460726488245 -0.0791750351135654
-0.00177869485441535 -0.0961051457947145 0.0706590399312284 -0.0805068185113293
0.0623748431280017 -0.0732953481133735 0.10126118099608 0.000901107676325698
0.112855960321816 0.0104842686294412 0.0481301807517077 0.0755904649930664
0.0667800820203755 0.114241307524251 -0.0330863070402167 0.0658349797215589
-0.0204944539289963 0.14206597890641 -0.01477410331582 -0.042681078753071
-0.062512487157538 0.0816179725094999 0.0814535485836277 -0.137411686629968
-0.0203207275154487 0.105852411625275 0.111762009161404 -0.107633963601744
0.0454391664763327 0.0827575029687738 0.0733939251448277 -0.139145574542239
0.0772758811837123 0.00281085811354501 -0.0015946869893927 -0.122673143769481
0.041075890622209 -0.0544817322139817 -0.0516187212906421 -0.0844721795578558
-0.0098100403059942 -0.0646628234199991 -0.0727321758460281 -0.0416427890435143
-0.0370477924948152 -0.0418052400908075 -0.0661347404762242 -0.0210722290017148
-0.0389231806794375 -0.0256791703232879 -0.0453810957234305 -0.0335948282732665
-0.038668480981128 -0.0264282935951639 -0.0359436282682111 -0.0607809626013883
-0.0323808113840515 -0.0498160902832099 0.00141058381849882 -0.0911240185822746
0.00117283942697486 -0.0703191868599237 0.0642321852816814 -0.0937065106254278
0.0502361178654235 -0.0516709702771778 0.104104554395235 -0.0131819239950907
0.0814948308403199 0.0183472414236654 0.0532045548932037 0.0617051282064864
0.0356767766353371 0.0902075082025826 -0.0243356741870451 0.0500997769252848
-0.0304505984295626 0.0933514029394459 0.00030233396490477 -0.0739424899829004
-0.0392642254206067 0.0188550371178763 0.0922023782425165 -0.157716185878282
-0.0240727274517827 0.0456191766522797 0.111295562915524 -0.114807029761564
0.0119131649047266 0.0401369752614492 0.0784246093285198 -0.126509356708756
0.0314784684081906 0.00496485821060222 0.0182753857875993 -0.119259131841394
0.0167692697476723 -0.0208315843290338 -0.0385507923809512 -0.0981483811194345
-0.00433832844801667 -0.0289413875441757 -0.0749286875446348 -0.060116508243381
-0.0171359118577041 -0.0195216311206174 -0.0773916199881877 -0.0347496313720277
-0.0183591223428357 -0.0107497495112686 -0.0560802191696193 -0.0421870978026191
-0.021043477324104 -0.0111934095851882 -0.0438882933263001 -0.0680569806514019
-0.0190428366358911 -0.0254889380335851 -0.00321124570737943 -0.0988726775112564
0.00221265773664227 -0.0408863261555368 0.0624482958762419 -0.0993859946249337
0.035871067643071 -0.029971816798832 0.107571768446753 -0.0165886772823279
0.048766171107414 0.0234169701841014 0.055390916195296 0.0553746563309941
0.00516707984255196 0.0597195938658783 -0.0179187878018992 0.0398397342894977
-0.0359205129472293 0.0358618462655493 0.0152334389798431 -0.0895428279729622
0.0274117251489369 0.0196123916646306 -0.0373884388681816 0.11436425181507
0.0117404435850287 -0.0169119349473801 0.0568005001285208 -0.00609974477595751
-0.0120873641020136 -0.0128101563920388 -0.0360920925077045 -0.0790065120305784
-0.00815515981584237 0.00780076010406774 -0.123914358176168 -0.0181148126085494
0.00464870714005811 0.00250270023239003 -0.0912415805545436 0.0924717765239292
0.00385550744303526 -0.00100502359041289 -0.0111305467028151 0.113929747726225
0.00276887725686306 -0.0040931919515558 0.0319300729562427 0.0870027011505479
-0.003675908339832 -0.00886676532459409 0.0531866886393963 0.0584387239943015
-0.00524324025356218 -0.0114683396009259 0.066892822929553 0.0485071030831989
-0.00324855957796142 -0.016282495019154 0.0659468095025484 0.0641620592842778
0.0111416054006739 -0.0146949207237969 0.0279126552104713 0.0979579777014139
0.0216724543679607 -0.00207623087158259 -0.0385013990075899 0.112236226430482
0.0228602626620113 0.010007654070443 -0.0884041302162431 0.102654854904585
0.0186624209657926 0.0276116086475988 -0.133186656262068 0.0872338302684088
0.00842133395390208 0.0546071180383931 -0.126033775268235 0.134625931858039
0.00543341504164989 0.0722659504483523 -0.0420278465037647 0.0954392625519223
0.022543677654001 0.0262682615410904 0.0573543635201072 -0.00934523172204283
0.0192237432050452 0.00522125846069354 -0.02929026551826 -0.0942049474416892
0.0186319178724945 -0.00493343833016875 -0.127168068902277 -0.0307454164423678
0.0157980256354847 -0.0260394330277628 -0.0995677399992854 0.0839924880390979
-0.0027055487534044 -0.03109551018931 -0.0201697679714757 0.110066121357961
-0.0143508174720221 -0.0249456873571071 0.0252250736137617 0.0819435442736257
-0.0227435765485873 -0.0284116231255081 0.0468775285383672 0.0504922443526359
-0.0228559092663007 -0.0362003874256218 0.0607625558666038 0.0345092112687364
-0.0117249832060907 -0.055381791754569 0.0704172823780074 0.0426995554958194
0.0306924395596893 -0.0551060274645834 0.0517764075810911 0.0785931508192616
0.0677635907985959 -0.0138923053331031 -0.0102128328557246 0.112133764397781
0.0665671480559207 0.0464632955393014 -0.0681242430126829 0.113778484916289
0.0239946381966742 0.0926369153400689 -0.114139894287069 0.0916649636984495
-0.0222424806151916 0.116124649594358 -0.107194342119408 0.116958581126973
-0.0246829928955795 0.116182797403789 -0.034248195198634 0.0584930035238876
0.0250921007001197 0.0763735979815405 0.0650492849239304 -0.020432506933447
0.0517279631982505 0.0339115068280488 -0.0137366685823251 -0.115192490583505
0.0522420102921027 -0.014227963149173 -0.123736776899277 -0.0550774025473105
0.0309002975564965 -0.0537436258239504 -0.107772033621432 0.062479624631797
-0.00701820904911774 -0.060484851912953 -0.0335423129853287 0.0949683094633184
-0.0288030554174083 -0.0449170938982079 0.0125201155345972 0.070139899238613
-0.0388789227444944 -0.0436364854664198 0.0340927389431884 0.0365439889803179
-0.0374185133723185 -0.0526980658564475 0.0470518699336107 0.01360174576183
-0.0240939190958841 -0.0831681413774299 0.0675197114818893 0.0109095522952491
0.0341452827029652 -0.0905442096209249 0.0746243597155142 0.043612333235947
0.0946294267619666 -0.0397949268723552 0.0286622771534806 0.100464841283683
0.109971344223396 0.0544215435534576 -0.0376007169552154 0.120421237642255
0.0442398720009882 0.135340895698313 -0.0906308039120569 0.0911623670108
-0.0383216511729519 0.161133566323843 -0.0809810904818537 0.0844852056540233
-0.0577120622456731 0.141405241242286 -0.0113308354256831 0.0096950804072698
0.0155410513555476 0.122433843818312 0.0775639363152362 -0.0380738191808001
0.0750797047628485 0.0708298800230123 0.0113508716754967 -0.135009549852424
0.0872061857465986 -0.0141257372412109 -0.104974758984627 -0.0844876604206669
0.0485407594211 -0.0746223429103701 -0.107423953988279 0.0271311521084442
-0.00837763428769218 -0.0849050181722003 -0.0469182179618282 0.0672623114636794
-0.0394922286009502 -0.0607075993203866 -0.00564055173200366 0.0497473898646476
-0.0487614948041346 -0.0516021919825302 0.0162887948305228 0.0178588114346578
-0.0472586629278635 -0.0596294083982377 0.027719262664669 -0.0103498625721997
-0.0346222567875781 -0.0944010637058067 0.0556808108253457 -0.0241330670487972
0.0258573236332296 -0.11037102099132 0.0870284671484482 -0.0003916268642594
0.0985953127304708 -0.0645567828633291 0.064394088481313 0.0741241242949631
0.134035663926411 0.0431721544479883 -0.00547305513915419 0.114259421987776
0.0623492529799859 0.150208125991638 -0.0704270156104798 0.0838866517288907
-0.0426393202756601 0.178920916870119 -0.0528286443484051 0.0406304517260834
-0.0819220458160287 0.14207488182345 0.0237510373661208 -0.0453813089424949
-0.00562641486529419 0.147343202186676 0.0936755260932296 -0.0589110830388171
0.0775202275463932 0.103015567338619 0.0422642427088748 -0.143701530623976
0.108727338940588 -0.00313338151057309 -0.0688248343986712 -0.109906722730824
0.0630545022671472 -0.0800791418188437 -0.0930186283379055 -0.0175505232536404
-0.00554733720602741 -0.0957720155237509 -0.0578756471930505 0.0283436578892608
-0.0432870511267852 -0.0680580933047274 -0.0263275219580844 0.0235128260433014
-0.0514523826183914 -0.0525504630287105 -0.00448081685759266 -0.00377946394420701
-0.049394595846733 -0.0564953796718561 0.006309257038092 -0.0323437310991635
-0.0375155532176484 -0.0903855363373796 0.0387704629888508 -0.0527145297953217
0.0171982816156141 -0.110041969610933 0.0866020144736603 -0.0394885364806088
0.0887958046776385 -0.0715313308267789 0.0870471509905226 0.043705361750872
0.131192031942514 0.0314349496764025 0.0185097125575891 0.0986603425883931
0.0631774028412831 0.142470428449024 -0.0544188678005192 0.0705801142394859
-0.0438251798567376 0.168673344644277 -0.0278000041826552 -0.00574522983193597
-0.0884581959206493 0.115978048477214 0.0643544320436246 -0.0941289532079406
-0.0275595575996479 0.139548767144112 0.10994554773682 -0.0784475837639626
0.0580863785114115 0.111332093511017 0.0701587772196304 -0.138835231579855
0.103912793200943 0.0109397056505908 -0.0241909523121975 -0.120403324078612
0.0648430961396393 -0.0682525892266209 -0.0665366145734474 -0.0586845279019017
-0.00141673244059857 -0.088180179587478 -0.0626711274501536 -0.0142133720159585
-0.0396532306800128 -0.0635414046459735 -0.0462675654615496 -0.00526212086338876
-0.0458569964865319 -0.0453313996264478 -0.0236646388804022 -0.0239376167100034
-0.0435849164145243 -0.0462533356112231 -0.0128837481208596 -0.0503324022231904
-0.032633643543016 -0.07566754176088 0.024085836473455 -0.0739621594135952
0.0138421578469853 -0.0938968532132043 0.080109669184549 -0.0669697453215481
0.0738168265320648 -0.0615887425794346 0.0980095006157417 0.0191452031687727
0.107589843857039 0.0293361383978877 0.0327476804689423 0.0817019637929895
0.0451149845481866 0.121813765777829 -0.0415375864716216 0.0559292503208074
-0.0458651720177782 0.133910966972131 -0.00581727947525073 -0.0461424635399229
-0.0726365107570803 0.0696780960597997 0.097915748873461 -0.128311283032214
-0.0370306342475558 0.0994284144331014 0.123392557184306 -0.0910225708325152
0.0301476652192261 0.0885175990329446 0.0886138961453253 -0.124747851965362
0.0740844645022469 0.0163788433643397 0.0142508770831853 -0.117276849778768
0.0489101372398458 -0.0452942403892261 -0.0386857358245798 -0.086968218295867
0.000514833600983977 -0.0638346137661357 -0.0632525420727694 -0.0498268760685242
-0.0295301282519752 -0.0473686382825232 -0.0613986667733698 -0.0298467601283585
-0.0329894996095199 -0.0317813518633178 -0.0385885513982923 -0.0411465876037963
-0.0326026816512575 -0.0318574116816844 -0.0256215699630654 -0.0643790448715068
-0.0236218505444658 -0.0540177540587133 0.0153907808910176 -0.0882556840615905
0.0122720017147758 -0.0685429371553977 0.07673628636523 -0.0805452695870538
0.0579947926755998 -0.0424983061623994 0.103280909498887 0.00562661518375813
0.0770227803268815 0.0320346744704831 0.0397773515160086 0.0691106872917143
0.0186228469091815 0.0932936984665548 -0.0308601245550596 0.0430305887485708
-0.0470754916382544 0.0842930005933038 0.0144470946053734 -0.0734185871814751
-0.040428041848777 0.0127649017708314 0.114214622837593 -0.143470623121033
-0.0303234183326003 0.0405525274563057 0.126906973183293 -0.0967703631817162
0.00457631812993988 0.0413338517919797 0.0944604945551562 -0.111743374875282
0.0296450021072247 0.0106351079917202 0.0345374287148512 -0.112112617321121
0.0201634287173669 -0.0173374215324594 -0.0233064728962941 -0.100291316170092
1.60165080608902E-05 -0.0276835472307044 -0.0639132231243378 -0.0701518891403412
-0.0138533641132295 -0.0216477893573918 -0.0707178090128765 -0.0447965730904611
-0.0154622597100047 -0.0138887594079786 -0.047338307651132 -0.0507568575140073
-0.0187272477672965 -0.0144045382730336 -0.0315314830541586 -0.0730876800905583
-0.0146101390554679 -0.0282807775257744 0.0131125816046002 -0.0960586146282453
0.00828612764735944 -0.0403065159037509 0.076568471076581 -0.0860079403229227
0.0397891460270567 -0.0243856211299699 0.107657886900039 0.00270317674734531
0.0441259753790484 0.0307046861946548 0.0441019175781442 0.0640289136043855
-0.00496569189816227 0.0585338585668784 -0.0225061174783862 0.0353190862268394
-0.0425702571962077 0.027546017996296 0.0315995113310155 -0.0855603281382922
0.0274462093672881 0.019831448186026 -0.0380363620991184 0.116868653422331
0.0115914258947821 -0.017421221555002 0.0597914092453131 -0.00496612442036933
-0.0120175893779477 -0.0133707613677405 -0.0350320339465995 -0.0810648493482511
-0.00799879531192377 0.00751035732365188 -0.126938951318905 -0.0202155453890479
0.00460641964341409 0.00237166758351889 -0.0944361022220041 0.0928669390689083
0.00455080777930558 -0.00148997929524789 -0.0123040369064809 0.115441291843236
0.00282950791440949 -0.00415083488769162 0.0314973633182551 0.0895291135825121
-0.00376181736209967 -0.00909363329151157 0.0537375554373526 0.0607722435755079
-0.00545351527475504 -0.0111601777593606 0.0686341613964146 0.0510396193926317
-0.00339687131138139 -0.016421583915 0.0664811997019727 0.0663815948039634
0.011478998202634 -0.0152445238156829 0.0268853071312375 0.100911114978298
0.0220829606854722 -0.00235941805897361 -0.0411211842565086 0.113966618436046
0.0224414382417012 0.0105647039953157 -0.0921673794542053 0.102689040387087
0.0179675252409252 0.0286232358717019 -0.138756206339581 0.0859266425996456
0.0079322023132951 0.0556086807215938 -0.130544734704568 0.135381699129942
0.00452287614503363 0.0727646972621065 -0.0429197476279435 0.0969555654413531
0.022206297419687 0.0272057405418164 0.0605967838511778 -0.00788278293663905
0.0197804353799322 0.00573854003938883 -0.0283751731859125 -0.09661496399017
0.0192992673700067 -0.00514821964588836 -0.129844453453965 -0.0338174179647318
0.0161776077614849 -0.0267723335314515 -0.102706306425443 0.0837857352265101
-0.00217515274213451 -0.0313457944957647 -0.02156123671152 0.111900882973088
-0.0146852118370488 -0.0255860662900678 0.0249640353041751 0.0840311926028007
-0.0233526749634627 -0.0292701415240324 0.0473579946697677 0.0527815866434191
-0.0232929665956555 -0.0370487095137626 0.0616337882023746 0.0368421616265769
-0.0119189893219112 -0.05700545063143 0.0705695875084539 0.0447856910912807
0.0320598402409999 -0.055666197361046 0.050847231364877 0.0807672125879839
0.0693567129282674 -0.0131498338080827 -0.0130136620881713 0.114892963909508
0.0664183069408935 0.0486526774846408 -0.0717772957180842 0.11501413210608
0.021971771727529 0.0951610752794794 -0.118066421773094 0.0911819766231567
-0.0243753445233126 0.118362639941003 -0.110572626318796 0.117989004363401
-0.0266401847406574 0.116918238203805 -0.0342410517897351 0.0601288055177223
0.0243068692241859 0.078168629763362 0.0679045501624276 -0.0183536982972651
0.0522533857323196 0.0354771594784784 -0.0116237797853578 -0.117881207291167
0.0533055163555502 -0.0138538038404448 -0.124519543185145 -0.0586726511758527
0.0314352892945209 -0.0547874790495302 -0.111373981640047 0.0614348630353769
-0.00693206908457792 -0.0615607195577878 -0.0352310583548541 0.0968364509509431
-0.0294400870466842 -0.046139337216125 0.0116831950726853 0.0714915340912848
-0.0389170570328717 -0.0453479301037162 0.0341416058135604 0.0380602107759371
-0.0379210956829855 -0.0540816300817584 0.0477872395490413 0.0150170711150855
-0.0245265256710952 -0.0849725346536043 0.0680932898601619 0.0120288040878673
0.0351903438511251 -0.0916483929490963 0.0746501381810932 0.044831548939099
0.0970736785721816 -0.039792169142461 0.0272031962228215 0.103868209289479
0.111085359335505 0.0570648952024497 -0.0406807066188151 0.122646272112531
0.043015640372462 0.138950629950464 -0.0941896669842286 0.0918367581984388
-0.0413846495394645 0.164168241756751 -0.0835267538343086 0.0848994275133021
-0.0605811805729545 0.142377387624468 -0.0101988004855336 0.0109306541057192
0.0136248332442479 0.12413811408076 0.0817868629209623 -0.0350483865303043
0.0752738247141254 0.0737737123061589 0.0148273359133327 -0.137663914636238
0.0889517135679094 -0.013228356759171 -0.105509595108853 -0.0888720580909475
0.0495551734438034 -0.0758798178854401 -0.11033565702602 0.0255810277014009
-0.00843605764645418 -0.0859024563747007 -0.0490704028546193 0.0682669365083433
-0.039787563981703 -0.0625452056838453 -0.00649828201388689 0.0506107998416289
-0.0487623891336217 -0.0537749183162461 0.0156577544142155 0.0186771490533821
-0.0478118829506104 -0.061101195663247 0.0281671034044403 -0.00921632033362957
-0.0353109879960787 -0.0967395038159461 0.0564525315902778 -0.0232646665898373
0.0271331755911892 -0.112460913589825 0.0873105438783014 -0.00017379606214139
0.10153536347116 -0.064785296514645 0.0644187334797031 0.0774561470546734
0.13567343266837 0.0460530014556705 -0.00790730147939543 0.117744555198544
0.0608868289110052 0.153893855289053 -0.0728809701531195 0.0847988873243689
-0.0461541440259417 0.182976881487304 -0.0538985280193385 0.0404474691369075
-0.0850011489552443 0.142294924317314 0.0256970588013537 -0.0442995175762857
-0.00784560657660204 0.149715563934565 0.0975700635709535 -0.0557740404184012
0.0771326587787621 0.106258412231177 0.0462187773812525 -0.146148425655044
0.111036795359172 -0.00219620929590215 -0.0689012207135505 -0.113962841470806
0.0647157752121915 -0.0812711219213738 -0.0948509212374723 -0.0191096617556803
-0.00535099363746887 -0.0970350070789153 -0.0596309273726154 0.0279718820539413
-0.0440998823908678 -0.0698561024300878 -0.027560442681994 0.0235548212094055
-0.0513738722828224 -0.0542557140852849 -0.00459697379882246 -0.00387210395145383
-0.0494196613795256 -0.0577912134576353 0.0063276435498914 -0.0319869421219396
-0.0379945462490412 -0.0925877889553332 0.0398655762101574 -0.0532757717953525
0.018291943698085 -0.11209488820012 0.0874496622493725 -0.0402125018921801
0.0909301576544266 -0.0721741583051801 0.0878304350986012 0.0467203095579454
0.133017758095765 0.0344053538157248 0.0167530961552291 0.102632961712221
0.0622884819443634 0.14557283653579 -0.0559227831657909 0.0720365188946097
-0.0466025999539606 0.171896578692381 -0.0276355290765325 -0.00640570160609757
-0.0912511025526405 0.115682465371006 0.0671469298483796 -0.0934241474932642
-0.0294968707928794 0.141056397090587 0.113970377362381 -0.0758023626469463
0.0571079132651304 0.115097978421422 0.0746233694408122 -0.139896702400692
0.106513485099736 0.0126295673465114 -0.0221754642125394 -0.123562679818748
0.0667891107433429 -0.0690964749393518 -0.0671374799350418 -0.0607822442445272
-0.00141131171915029 -0.0894035224028076 -0.0646335245689296 -0.0148477278025481
-0.0400761565378639 -0.0653341987328406 -0.0474689587045295 -0.00560395049686785
-0.0454558515184776 -0.0473216815685139 -0.0244219004914359 -0.0250117403839133
-0.0433149629466887 -0.047921595625868 -0.0123842427105758 -0.0506820288894003
-0.0331602449437801 -0.0775489490398264 0.0249372112929802 -0.0751126528517144
0.0143530299063284 -0.0954327030785206 0.0817445769281603 -0.0678305705047254
0.0758391071256201 -0.0620173559373586 0.0991122415177198 0.0220612799547149
0.109119660761194 0.0316010783695682 0.0318700192000791 0.0853028049434849
0.0438600168398796 0.124442051718128 -0.0424608205895344 0.0566432839133017
-0.0486867707954622 0.136768273568829 -0.00486450666957774 -0.0472363895857184
-0.0750705045639433 0.0694776380978724 0.102020667372295 -0.128436537931786
-0.0383497186532258 0.100579638376675 0.127910803691975 -0.0888918446700611
0.0294022205374367 0.0914020626381498 0.0931886078016878 -0.125252602049818
0.0755359461330279 0.0176455561320769 0.0168090676353287 -0.119605120392844
0.0506702273842404 -0.0459148402237702 -0.0377913415333807 -0.089356632008206
2.02200554680473E-06 -0.0645981352400171 -0.0641620570504123 -0.0511565389622041
-0.0298366992064366 -0.0484335885365874 -0.0628634883630712 -0.0309288266447712
-0.0328478462353944 -0.0332457799068517 -0.0390162669396821 -0.0419250407463881
-0.0324827133806214 -0.0324844492448131 -0.0251288931142696 -0.0656185107082931
-0.0234816700293918 -0.0553633484322968 0.0161728091506428 -0.0897504263376465
0.0126686964147655 -0.0698734721835253 0.0786895206402992 -0.0820255659043869
0.0597210229800332 -0.0432382434503363 0.105045424175796 0.00809476929340433
0.077728237065542 0.0333755320121293 0.040191220837734 0.0724313557623041
0.0173990212722459 0.0952470016499966 -0.0310901383738572 0.0436899195931592
-0.0496718464625293 0.085696523740758 0.0156666968761237 -0.0745244189751043
-0.0410748447143729 0.0117735376560838 0.118658131718148 -0.143881473630838
-0.0306757129228981 0.0404039353924755 0.130470445234321 -0.0953220060370159
0.00413897944669527 0.0423743576759803 0.0984949006885121 -0.111951305174995
0.0301931222147946 0.0110365237475624 0.0378202803457848 -0.114426379393861
0.0210793950032365 -0.0171756579566065 -0.0217259055050353 -0.102902308705748
-0.00026409976612596 -0.0278869341202644 -0.065010529799868 -0.0717473736075278
-0.0147575085077344 -0.0223654401052788 -0.0721210739837726 -0.0458578034875844
-0.0152830129530169 -0.0140693777639347 -0.0483791668148947 -0.0528002612258017
-0.0179761002674632 -0.0142566278907375 -0.031727091469222 -0.0752819663266476
-0.0140642046573419 -0.0283716121258863 0.014080700669921 -0.0981689434826563
0.00870771547943597 -0.0410615787251604 0.0792770438887199 -0.0876111498838635
0.0411433995402789 -0.0245353866042026 0.109581317331555 0.00403774877947444
0.0444186731562435 0.0326636558322143 0.0436463537563216 0.0667575210033243
-0.00577290966664969 0.0589749360384208 -0.0235957338297475 0.0356032511111983
-0.0438457909861672 0.0278156454724823 0.0323534232491662 -0.0867471247185148
0.029045857637098 0.0197792351675872 -0.0347911249199879 0.120697141360989
0.0118012517811125 -0.0182477392562778 0.062595552077885 -0.00712339747704358
-0.0126467206950443 -0.0135888177660843 -0.0365076957135228 -0.0835703218779176
-0.00809662195688941 0.00787045408300072 -0.131696620772928 -0.0175083950626706
0.00459017979279381 0.00202328404889135 -0.0955560276609386 0.0971146332360329
0.00506478438914745 -0.00146748242884067 -0.00930106896100224 0.119260639766259
0.00284823650045003 -0.0047827860160722 0.0347783519717488 0.0913905989572161
-0.00448735443212138 -0.00933330725850106 0.0570366390006352 0.0618438504880855
-0.00625811289724372 -0.0114923657136455 0.0722773144643124 0.050939033184236
-0.00421665877694199 -0.0170818725823389 0.06988235115219 0.0668274871844797
0.011757144747145 -0.0163765724219852 0.0297214572750494 0.103699839507532
0.023078273619976 -0.00276937246144999 -0.0401381523763181 0.118860599587059
0.022952109771501 0.0106925693547299 -0.0934655307079008 0.106590874299109
0.0189284571230463 0.0300037060832694 -0.141813982662114 0.0905732085257571
0.00864554761330446 0.0571924337865971 -0.130801596320329 0.141681066784785
0.00624438182840361 0.0739280192712472 -0.0398478319725962 0.101998843612599
0.023283382198063 0.0273694597561474 0.0642571145906247 -0.00890732188992286
0.0204243390933501 0.00506792302270484 -0.0300834890748797 -0.0990903332815092
0.0194436066122262 -0.00606902447106866 -0.134791502364245 -0.0318703314534046
0.0153179098880516 -0.0283336473507326 -0.104622158576095 0.0883926936204477
-0.0032870679606207 -0.0320777851790875 -0.0186752169131914 0.115023897266424
-0.0156017789223237 -0.0260549894041366 0.0281132899913693 0.0859712553674756
-0.0247649012011892 -0.0300435704513698 0.050139010966203 0.0538970466192029
-0.0251676697550561 -0.0373103333502769 0.0651970031230516 0.036670102966762
-0.0148191863030325 -0.0583970016972712 0.0737508581420277 0.044123714743195
0.031292577169476 -0.0585347615081927 0.0537023049973881 0.0820841647525751
0.0715378799461943 -0.0160645354753152 -0.0106043615447819 0.119083553007092
0.0695386344272661 0.0493283616161173 -0.072010953229713 0.1199106258023
0.02461347090046 0.097920401699592 -0.120065625410782 0.0955397927018651
-0.0224492385814996 0.122803986969572 -0.110493921075985 0.123608346231915
-0.0252789514140266 0.120137599621874 -0.0321347462391255 0.0639356789036079
0.0262249077027025 0.0796770600232605 0.0723288864661189 -0.0190791116315602
0.0542737456710095 0.0354962852517167 -0.0132609637506649 -0.121804663937664
0.0545201556727705 -0.0156554495725991 -0.130204629493273 -0.05827332729313
0.0301087620528545 -0.0578266451329083 -0.112896769860786 0.0660363247827455
-0.0094831593122159 -0.0625310832098258 -0.0330168044381773 0.100500186503942
-0.031431937148605 -0.0462987192712656 0.0137111705535966 0.0730774803274288
-0.0413002024545036 -0.0457158320653386 0.0357683454732466 0.0391690035117225
-0.04076396123032 -0.0547114486350471 0.0494720132872321 0.014996508705291
-0.027986423701917 -0.0867467911159399 0.0695953466862192 0.0104873202579055
0.0336056839942915 -0.0953706167090762 0.0768796256137175 0.0438677290978683
0.0988901231563221 -0.0435341137224312 0.0302390922702523 0.106835887389983
0.115185402643535 0.0571039538583199 -0.0395300656159864 0.127613465219532
0.0465864755579461 0.14254841437907 -0.0952735589195411 0.0969901025979993
-0.0388393122826713 0.170663852600398 -0.0826645012292121 0.0897300315006408
-0.0589728497270341 0.146621688086878 -0.0100424113788221 0.0129705502534769
0.017172156376929 0.127481495606415 0.085049496461297 -0.03599425668568
0.0787992280246239 0.0739350508342598 0.013155981362669 -0.141924828971137
0.0911557425691574 -0.0159477005923314 -0.110108371509725 -0.0898056779395042
0.0484089441625512 -0.0796036439322182 -0.112510631109761 0.0287334022516541
-0.0117084310177769 -0.0878617661680883 -0.0484990774046331 0.0714368782421473
-0.0428732406130573 -0.0630534888613204 -0.00561684542449107 0.0520488377025915
-0.0515178203958316 -0.0543348099623398 0.0165216319198796 0.0188014766066336
-0.0508676539004368 -0.0619670826572811 0.028276746621059 -0.00918144297350737
-0.0396771897201097 -0.0986076085215737 0.0564074654056724 -0.0250090353853191
0.0245492908830032 -0.116141899140143 0.0884436518744107 -0.00302178413146967
0.102225267294884 -0.0696405232861921 0.0675628287395633 0.0791436230760182
0.140065411132321 0.0450062352290398 -0.0049731304143132 0.122774796941861
0.0664677538341708 0.156712825975666 -0.0726264720817029 0.0890747864739138
-0.0424368568222667 0.189869573221793 -0.0535862902996058 0.0430049822337391
-0.0840993904416247 0.148011680160103 0.025881167562545 -0.0446895197988292
-0.00423075711826197 0.154134987932438 0.100784729596426 -0.0576978378960576
0.0816839963606569 0.107926332780632 0.0446902905952891 -0.150907609277514
0.114418307971716 -0.00520044208458701 -0.0721913752554404 -0.11628086161961
0.0638509567925893 -0.0857805313385079 -0.0976962252174872 -0.0176827774315431
-0.0093398979720121 -0.0990571020117625 -0.0607679219768494 0.030906874798995
-0.0473269392613133 -0.0706415448522653 -0.0276891379039064 0.0244802758164115
-0.0539112617537942 -0.054871306819266 -0.00525946321115493 -0.00342405240669488
-0.0520441798823741 -0.0581698125538837 0.00534797925087019 -0.0320961516063918
-0.042437012401695 -0.0944520638566037 0.0391395521181467 -0.0555220888225672
0.0152751119063674 -0.115733702490229 0.0870638374933953 -0.0439635264787394
0.0913493439094371 -0.0769482472199117 0.0910234047993401 0.0467600818940188
0.136719235359145 0.032300028550845 0.020566972160928 0.10654509900979
0.0670337977427393 0.148340739159867 -0.0552352318286319 0.0754393253721563
-0.0438272735876705 0.178811815841002 -0.0282363460832555 -0.0059879400165407
-0.0909605463130777 0.120526924689303 0.0673397845621958 -0.0965942227406548
-0.0267679174938752 0.145699670785647 0.117149573286378 -0.0783360152446906
0.0618486600298783 0.117666997762951 0.0742620825095155 -0.145739292021005
0.10976531129392 0.00999735268463321 -0.0251536075369693 -0.126841942602816
0.0665014118362037 -0.0732308896299329 -0.0700615527738206 -0.0608396617554046
-0.00478818864019789 -0.0913217871438774 -0.0664532158504932 -0.0136137848806881
-0.0440022916387474 -0.0659092322710799 -0.0490847942771892 -0.00450416919755963
-0.0477972667571477 -0.0476855299380362 -0.0257100024280117 -0.0250748310646671
-0.0457620477825734 -0.0479045191155206 -0.0142416379813575 -0.0514382485888353
-0.0365313956043434 -0.078675740678879 0.0235406416591954 -0.0775989122815221
0.0118591046173553 -0.0985170477803332 0.0812625539596099 -0.0723163649355111
0.0758229300093982 -0.0658996328484616 0.102827117561793 0.0210472177099296
0.112319367575972 0.0302067319317176 0.0350705251392811 0.0882218303382516
0.0483165005204182 0.126348471235259 -0.0413571980671922 0.0593367634988102
-0.0459087366139591 0.142058208589824 -0.00624119501173812 -0.0480933680899282
-0.0749504659721167 0.072383058854474 0.101643355447093 -0.133218559172118
-0.0366503338946548 0.103628431049919 0.129771386582549 -0.092393869412158
0.0326020394546567 0.093494941874468 0.0931817847338737 -0.130058353987816
0.078664432209191 0.0160195261643629 0.0156802336153793 -0.123994357678635
0.05064464916693 -0.0488301989455582 -0.0408979486384995 -0.0912933745554109
-0.00200015970976492 -0.0658581302203078 -0.0679173475467107 -0.0505714640100119
-0.0324123269989949 -0.0487083745202124 -0.0657668940530387 -0.0303149614739464
-0.0339787808399963 -0.0334728174177334 -0.0420488565464286 -0.0426896518560518
-0.033404154603093 -0.0322669154580443 -0.0283475516820404 -0.0666772227909352
-0.0258041613072137 -0.056014305400133 0.0139593690062733 -0.0929272980814011
0.0107892576959279 -0.0723015456145746 0.0779432394445359 -0.0865286119289582
0.0597182619539432 -0.0458816238003497 0.108414158727958 0.00624867271943615
0.079914606507555 0.0333195193934262 0.0426421734387591 0.0752863043075157
0.0209354705401281 0.0975384112410318 -0.0304986829088644 0.0451374401979332
-0.0482713161457857 0.0895076110232568 0.0139347390688634 -0.0768661398094916
-0.0414322675984918 0.0128050365149595 0.118861678664607 -0.150195688045638
-0.0296465446379852 0.0417190568437783 0.132612272713186 -0.0990298692374329
0.00510880458655493 0.0439400119188001 0.0993341168272102 -0.11702161219194
0.0316941312640773 0.0105542516854841 0.0370606027682704 -0.11899771392167
0.0209285891148231 -0.0185376097946003 -0.0246312465167546 -0.10550657466017
-0.00147888519645638 -0.0278660693831328 -0.0691350993804285 -0.0716639571238057
-0.0156797577976265 -0.021957624395286 -0.0757701662902894 -0.0454728066413441
-0.0155160719957109 -0.0146027179393094 -0.0519404077071041 -0.0530661017354737
-0.0185082475817176 -0.0143101948551229 -0.0346137752806938 -0.0757273363461483
-0.0151723985815671 -0.0286465991490051 0.0114560948883951 -0.101476900318805
0.00722818749381367 -0.0419415662728266 0.0781626668447936 -0.091772439829244
0.0409962786325331 -0.0263324436320147 0.112673107984247 0.00255400747939622
0.0467337549340622 0.0326187588764088 0.0456032378692128 0.0692421203538545
-0.00489579048366042 0.0604911301415376 -0.0232954726676892 0.0370994286814707
-0.0446300741615808 0.0296833099813754 0.030136788921568 -0.0897569153232526
0.029509066246194 0.0181244102328309 -0.0276013178875356 0.122408136608451
0.0104595245193429 -0.0184444470455607 0.0641994956571602 -0.010570470931817
-0.0129511967045915 -0.0135093373964095 -0.0399811821236423 -0.082397569387325
-0.00788504760940871 0.00811018193364096 -0.13336418480642 -0.010748984632272
0.00417891363801666 0.00128939725488647 -0.091609972350455 0.102534477383372
0.00507113232851767 -0.00212816433714018 -0.0029685811417726 0.119425064325078
0.00237487866365301 -0.00527809862008285 0.0402559038925662 0.0902177824140018
-0.00520311373613523 -0.00956484678021154 0.060992850539222 0.0592442004245065
-0.00723471878222618 -0.0116484178246943 0.0757428949084698 0.0471494568961267
-0.00507584747862581 -0.0168683403654948 0.0736748337232232 0.0638305823102613
0.010953518680358 -0.0168843257629574 0.0351372354552708 0.103374243424264
0.0224915141348661 -0.0041090691860292 -0.0349143357622683 0.121641999759588
0.023834709367899 0.0105607986521748 -0.0891449962581087 0.110761475606873
0.0199159303527071 0.0295875343334124 -0.138675397754695 0.0971689856181462
0.0112585588691677 0.0571975099046289 -0.124470725793185 0.147918302534115
0.00974570884575362 0.073663188505847 -0.0331202349948142 0.104273956274829
0.0241668291688239 0.0261095325529392 0.066352004483491 -0.0123310081538195
0.0206076391165993 0.00433336039828966 -0.034262647244287 -0.0985882444746478
0.0192457537482208 -0.0068527220224947 -0.13642214145758 -0.0259627288292182
0.0131240768372385 -0.0296049472515911 -0.100262701963181 0.0941813977127352
-0.00527872216545871 -0.032187190404062 -0.0126998005552402 0.116431854374219
-0.0170198598114129 -0.0248316468657295 0.0328589619663136 0.0852976962449052
-0.0267276323713288 -0.0286958640037407 0.0534377966680976 0.052012286899956
-0.0275056436259084 -0.0362596647963454 0.0673740777451169 0.0338165899822319
-0.0178351423167558 -0.0575859185444894 0.075997860565177 0.0407694895129742
0.0282115724037742 -0.0607948455715018 0.0578474851726483 0.0802767258314876
0.0706260627095668 -0.0195318559433025 -0.00531530725614599 0.120815692977324
0.0720629156131641 0.0465892569248917 -0.066742627260539 0.12355423782843
0.0289632178320935 0.0975597411931907 -0.11663020087843 0.101669223685462
-0.0168545272209923 0.124472002849684 -0.10387976189505 0.128823384111532
-0.0195599914780756 0.121114023414748 -0.0272804922683702 0.066126979704491
0.0300399456500795 0.0781641944466691 0.0738755447316477 -0.0222014571833163
0.0556536257765347 0.0328523750827319 -0.0185098046101373 -0.121683811714119
0.0539578036856874 -0.0184951867907065 -0.133062681820038 -0.0526150423189818
0.026264842225153 -0.0598452426000799 -0.110170251653972 0.0713873021928931
-0.013205361353462 -0.0622256285821218 -0.0283459753944751 0.102241454719937
-0.0343381437273635 -0.0450028800708319 0.0174777824411596 0.0728189395127604
-0.0437692162556914 -0.0437004872821092 0.0381035140416945 0.0378793907257701
-0.0445762655865818 -0.0531821483348075 0.0503971145834901 0.0133181581346372
-0.0337125643846011 -0.085785506272692 0.0700259313259159 0.00770616873024364
0.0279855802058738 -0.0978804426944165 0.0785924722118462 0.0405459500660388
0.0965264223498648 -0.0488860829384179 0.0357726257951238 0.106373798624539
0.118330242433748 0.0520971669286621 -0.0332375235874558 0.130682470379622
0.0534593914387219 0.141335575094396 -0.0908817541030199 0.101319247617035
-0.0298762701640219 0.173825170396816 -0.0775284268481202 0.0929936073140818
-0.0517339027888151 0.149019258077041 -0.00720586390205814 0.0144961304669549
0.0229809668586962 0.126230095970057 0.086026447923322 -0.0389898789371385
0.0824197711483417 0.0705432016419652 0.00661493384489947 -0.143005031506315
0.0904021085117273 -0.0209087519533116 -0.115154926912095 -0.0852467221474606
0.0435165731744429 -0.0827334167376613 -0.111404507068067 0.0339799200184094
-0.01671410032131 -0.086738472358272 -0.0442768611574805 0.0741913704574486
-0.0464651572668033 -0.0603542244615983 -0.00294347375276441 0.0524603698930204
-0.0544614865229378 -0.0518586727844884 0.0172894709927132 0.0184525184100481
-0.0542779593925641 -0.0592039791945928 0.0279622358003592 -0.0102077833346008
-0.0459462761722498 -0.0965991081424847 0.0552544663790859 -0.0274595667999026
0.0176916506752114 -0.11840325788489 0.0873292817734466 -0.00745600825412284
0.098624651835349 -0.0752887996796319 0.0724758185196963 0.076533000290211
0.142619679496006 0.0385704999129089 0.00146244254159429 0.124278931983406
0.0739082499461584 0.154310815768263 -0.0682475325404542 0.0925875286830576
-0.0327940528628002 0.19354945607887 -0.050580762629466 0.0454699926626523
-0.0773469330530007 0.150511087682738 0.0250164084871672 -0.0448399483555895
0.0033698354364905 0.154088663597685 0.100004167130868 -0.0608852899087776
0.0878546954687104 0.105042022568393 0.0384806345216027 -0.15371289710816
0.114011101731143 -0.011271536518061 -0.077680405240412 -0.113738853866491
0.0589629925159513 -0.0895105461575977 -0.0987930243225125 -0.0132903127994443
-0.0148902581200959 -0.0975742309576683 -0.0593621250138196 0.0343305432855556
-0.0516877100019074 -0.0673259036297149 -0.0268767708113298 0.0259601733973468
-0.0566640990978326 -0.0526526962907929 -0.0058946301353408 -0.00321266994055569
-0.0550492368785268 -0.0557687207049311 0.00393299053633607 -0.0319782630188144
-0.0486012003998635 -0.0920616963211852 0.0358899570124318 -0.0574018469236623
0.00817916875224723 -0.11709654375781 0.0838647852388198 -0.0488844495143964
0.087223117052035 -0.0820173314198597 0.0937963685675162 0.0431944964896579
0.138481523455561 0.0262828242734421 0.026312774264754 0.107110731650497
0.0750673982310371 0.14516997291014 -0.0514600938377043 0.0781561518913306
-0.0342363315987728 0.181608165846694 -0.0272708340322609 -0.005192707319903
-0.0851122720261174 0.124414726094536 0.0635215720668568 -0.0994295062642127
-0.0192868028591335 0.146541294555989 0.115262243678398 -0.0825103905548354
0.0682931948793062 0.115370837776552 0.0676844311806363 -0.149117058095708
0.110720219066508 0.00389814297707598 -0.0304226194857453 -0.12663242889167
0.0625047825690633 -0.0772990334045238 -0.0728981967453868 -0.0580788928433651
-0.00990658068389353 -0.0904352501244841 -0.0678372283016637 -0.00960481802614216
-0.0474306461219079 -0.0631148579211216 -0.0497468922143131 -0.00248202980688396
-0.0499713600994566 -0.0457163367328138 -0.0278528224295437 -0.0236825257852702
-0.0477741247723231 -0.0454386068536777 -0.0176705059471049 -0.0500285234212916
-0.0419271845982874 -0.0768312105424375 0.0187014723762126 -0.0788214692723726
0.00576703920530266 -0.0995315661408414 0.0761161887966469 -0.0766926511056424
0.0723719449609364 -0.0698645356486119 0.104247675367633 0.0161853569416232
0.114293857793903 0.0250177972499698 0.0398300375235181 0.0884188227638873
0.054883377002326 0.1243472265315 -0.038127425641676 0.0611510396709114
-0.0387403646498506 0.144929889133575 -0.00822519217468462 -0.0489199127572374
-0.071555219204116 0.0753639822843541 0.0958135563281781 -0.137300550196353
-0.0309817155501303 0.104950639553749 0.126673446086162 -0.0971893079811324
0.0376670846257363 0.092322287595695 0.0875235464167457 -0.134680185956664
0.079059694427133 0.0113249209787415 0.0108785378640481 -0.125526972232423
0.0480603239136206 -0.0520803975912917 -0.0451243223863002 -0.0893172678802979
-0.00589894420093505 -0.0649784489654675 -0.0715359262767775 -0.0468397781100358
-0.0355530364878537 -0.0458240040822169 -0.0680059992336994 -0.0267016729273877
-0.0358987208987468 -0.0323171186997613 -0.0452368136597397 -0.0404855910185887
-0.0348089468263687 -0.0307223275463577 -0.0318527820079927 -0.0646114582749015
-0.0294560891093328 -0.0548035360473671 0.00858405951918782 -0.0935609406150111
0.00640993874485913 -0.0728108698730915 0.0722079151362343 -0.0911634031059885
0.0572998735472897 -0.0494278726219023 0.108789023309156 0.00125797249169764
0.0825361528823292 0.0297592586393641 0.0473046510632894 0.0744918222364488
0.0254294788077082 0.0963197080388345 -0.0281000895660949 0.0467416484555531
-0.043392758167289 0.0920078141630857 0.00983237012603043 -0.07797350322548
-0.0407753477180843 0.014244885039175 0.111772332913429 -0.155941520000584
-0.0273028099793517 0.0425420641904758 0.128041630898707 -0.104914114751961
0.00775836440273031 0.0440827225152871 0.0943537059415677 -0.121832788777214
0.0320790556732672 0.00850749913446737 0.0318718657550435 -0.121436668552239
0.0198506878454781 -0.0200973914541989 -0.0298301539202425 -0.104796306295251
-0.00330314814841644 -0.0270905719830113 -0.073730403914082 -0.0680778220592916
-0.017335313867127 -0.0209044438218394 -0.0788192382218751 -0.0411128767515452
-0.0163920852917852 -0.014386122818224 -0.0557520464894284 -0.0507367223360031
-0.0185383564367104 -0.0130025532454054 -0.0392158015946255 -0.0739814713342729
-0.0167007030825054 -0.0279232895427582 0.00572814277945477 -0.102416208398435
0.00491113527873678 -0.0423308451521469 0.0727087585198051 -0.0961618007135146
0.0394348075358328 -0.028342138361537 0.113304364804171 -0.00283935605289429
0.048155018341028 0.0305788924116779 0.0499996202075493 0.0683154436785388
-0.00192596759905841 0.0605707347621512 -0.0219301747913357 0.0380359194375156
-0.043199557237354 0.0321271665311563 0.0247261907537475 -0.0907791475373361
0.0288446341573152 0.0156218810870153 -0.0193599593632663 0.119056690928165
0.00849728159243707 -0.0184288169839602 0.0629994774573822 -0.0135782907782382
-0.013413300192856 -0.0125957154269432 -0.0411477400502283 -0.0790578661313438
-0.00688032190640217 0.00852872702241913 -0.129576332451426 -0.00453146683550829
0.00377677700743137 0.00116673832700949 -0.0838102077205383 0.103964630333915
0.00489897262136187 -0.00267846194405636 0.00323425340214369 0.115434128792653
0.0022225151120547 -0.00543628011437599 0.0435989037465096 0.0857860525054441
-0.00603224853023594 -0.00936266437227985 0.0624424893013937 0.0552585150001771
-0.00796454083053888 -0.0106874546467275 0.0760036948380634 0.0422132846970483
-0.00619314228556988 -0.0159311245620416 0.0744169179177048 0.0583482225060204
0.0101357715433706 -0.0174124255831865 0.0389345736246793 0.0993329822815084
0.0214970643263044 -0.00487446980475483 -0.0290898013961344 0.119801213883719
0.0234677043057406 0.00960683804903149 -0.0825423024622761 0.110028694826452
0.0201840320638954 0.0283703440587649 -0.130734603141778 0.099746481588305
0.0135051636358424 0.0544650205201682 -0.113381165842525 0.147699147634556
0.0122328641568187 0.0703112065600243 -0.0256073621603376 0.102267591315038
0.0245447351450734 0.0240548802825202 0.0658673613115233 -0.015119748740312
0.0197325513218617 0.00342629993463321 -0.0363807022335207 -0.0945919844643164
0.0183623317792696 -0.00749349130525294 -0.133522265464215 -0.0193073123288578
0.0106744840770132 -0.0292188875855864 -0.0926741428164698 0.095617809090773
-0.00641284052278183 -0.0310474697656751 -0.00659424898954531 0.1128058119515
-0.0175584046243124 -0.0238280260934621 0.0358531868106904 0.0812612074511467
-0.0279309569788474 -0.0268399246384934 0.0545695468647098 0.0481268127069746
-0.0288644953442351 -0.0339140778766276 0.0668978018820659 0.0298120923102717
-0.0208085902899812 -0.0548339848700193 0.0754225454881531 0.0360911754736087
0.0242678954578285 -0.0606256818861152 0.0592140189194841 0.0751012532201976
0.0675272703531478 -0.0227468082797486 0.000388308843053944 0.11744282079616
0.0720904232699928 0.0427686821987328 -0.0595864580462439 0.121970308955276
0.0318649634369432 0.0936602186748115 -0.109034579011914 0.102936146613877
-0.0102050174332599 0.121436832769804 -0.0944570090371814 0.128210829032428
-0.0139951274409292 0.117060966364123 -0.0220960601737779 0.0656323167310949
0.0323368014167723 0.0739984052814114 0.0724480688295819 -0.0241857205219877
0.0554108333100795 0.0296072811203767 -0.0220458998579679 -0.117781760268504
0.0510595306337073 -0.0203469362575709 -0.130887324646335 -0.0455594155896723
0.0218657724379349 -0.0592809052551269 -0.103194229574695 0.0740803011129525
-0.0162588553583488 -0.0591558483494926 -0.0217929110474938 0.0997767202786922
-0.034895140202745 -0.0415915942691495 0.0201420298045347 0.069665497549064
-0.0443106686495162 -0.0406701011656597 0.038826941986124 0.0350354510144025
-0.0456059270078989 -0.0491758477430451 0.0495153917215433 0.0109235606391589
-0.0375087346276287 -0.0805732196985031 0.0680719635510266 0.00431809808674904
0.0220084079480111 -0.0962722179285353 0.0768933676273559 0.0357234237053269
0.0911256533070335 -0.0525300539627087 0.0389179490318989 0.102232636073321
0.116820877156078 0.0460042938642718 -0.0257180604834388 0.128120620822506
0.0578170214858741 0.134652266183779 -0.0837794715617901 0.101189503745429
-0.0206906410100875 0.169543933001822 -0.0699977655695025 0.092314540011273
-0.0442950458424226 0.145801136173975 -0.00506893624064988 0.0153592365522377
0.0274524862402998 0.120235581382927 0.0837993710392465 -0.0403810505725944
0.0829007256768222 0.0654349049213715 0.00157426771521131 -0.138879522658715
0.0866662649903028 -0.0246676877391639 -0.114281992992594 -0.0785387671401123
0.0373629922844393 -0.0822446709426762 -0.106027615193036 0.0377237855960201
-0.0210361336657261 -0.0830662932488856 -0.039443261361901 0.0735853379515655
-0.0478478501188928 -0.0557901148706351 -0.000633005692559767 0.0505321514847303
-0.054956476799018 -0.0480188961219878 0.0177830121398467 0.0173022521631296
-0.0552676225907861 -0.0545626269913372 0.0265360485904176 -0.0104497601791015
-0.04955337893375 -0.0908479400757177 0.0519833086114638 -0.0289325946862347
0.0108049012513319 -0.115519431649993 0.0823883616284186 -0.011189894025932
0.091727588102123 -0.0775189379630281 0.0735797549859326 0.0718357481892621
0.13995011306265 0.0314597877421053 0.00721020938389049 0.120586713300271
0.0782426712614474 0.146325400379908 -0.0617708373620402 0.0916752926410651
-0.0223372154547152 0.188485171739869 -0.0459691009344554 0.0448457208721279
-0.0685079096142535 0.148312401376704 0.0231966945763816 -0.0430484556414924
0.0098689905559488 0.148187587961848 0.0960291474192533 -0.0620830431825614
0.0896933682598516 0.0980556142102193 0.0310113785425643 -0.150127701086153
0.109718019767031 -0.0165720713108086 -0.0793269948007512 -0.107080066832852
0.0521189853352512 -0.0894766658689998 -0.096230250487595 -0.00864308698340697
-0.0196975571424673 -0.0934069049517702 -0.0555252775885512 0.0357717168877422
-0.0527116951344785 -0.0624375288500048 -0.0251653521784382 0.0261200426623216
-0.0573986865224681 -0.0483509646719134 -0.00598059565705523 -0.00242766356713828
-0.0559341417911165 -0.0515124830242731 0.00233858369016621 -0.0301137362959473
-0.0525293046291378 -0.0870061071503051 0.0315039361925936 -0.0568201402327952
0.00155367188192086 -0.11411728863604 0.0768476054384367 -0.0504493849763963
0.0800576414557061 -0.0837180950437505 0.093349495321938 0.0383195306920958
0.135492821299716 0.0198397278912412 0.0310791326621807 0.103375940513008
0.0793739793937779 0.137262174595409 -0.0458462655508462 0.0772145926839151
-0.0242906838071154 0.17789839736333 -0.0262193485449856 -0.00519506417863806
-0.0775311604460712 0.123089723858557 0.0579350259275678 -0.0968133836693802
-0.0121994548858599 0.142058452911222 0.10927493449262 -0.0829750546430028
0.0713437380842547 0.109460721923962 0.0599478277501315 -0.146819752907956
0.107500244395901 -0.00154429847653651 -0.0341990774727293 -0.121971475772282
0.0560728485405269 -0.0784517203126175 -0.0729685763194626 -0.0538809656540707
-0.0145862236704398 -0.0861820421520887 -0.0655222239207645 -0.00646499873298383
-0.049186043940852 -0.0583921205313522 -0.0486492569332474 0.000222443584204964
-0.0504036844423901 -0.0425281832887346 -0.0283948478854363 -0.0215705255933379
-0.0479058824583117 -0.0421611795346985 -0.0189335692195276 -0.0470416054376697
-0.0445914840894604 -0.0723323494377364 0.0140567472769058 -0.0766050665843807
6.35491906051434E-05 -0.0967569149924618 0.0688149400758275 -0.0776357240696373
0.0658407121901678 -0.0709451376582329 0.101393552651908 0.0110330472386248
0.111946984154267 0.0197803977626323 0.0432106546646076 0.0841083957258794
0.0585856542294583 0.117455935962567 -0.0342392380332509 0.0600689957143325
-0.0299068798477359 0.142029978293169 -0.00988906140862339 -0.0472636135295431
-0.0660404085143957 0.0754077473982986 0.0874914064136607 -0.13606810752978
-0.0251755084362758 0.102076672035719 0.119027892200852 -0.0980294609008361
0.0404051131334401 0.0880729982606178 0.079031169434714 -0.133392944926392
0.0768706176911032 0.00705690660894647 0.00555614292539676 -0.122254911578298
0.0432818676606467 -0.053239434964588 -0.0472238362668692 -0.0855003372077517
-0.00944486891715065 -0.0619375092544073 -0.070946806546237 -0.0417048296560604
-0.0365327128825264 -0.042684539687333 -0.0673070919590259 -0.0221277995597574
-0.0358272443344494 -0.0303163417199126 -0.0458542729545799 -0.0373512506761662
-0.0340789721503696 -0.0285670374091013 -0.0343071637141733 -0.0607944166949239
-0.0313596659360156 -0.0510116401095989 0.00378479830169744 -0.0907373158726938
0.00184765865029709 -0.0709760247457725 0.0641906783071311 -0.0913370242651714
0.0528551469367857 -0.0502941639551997 0.105517666773801 -0.0036821168693732
0.0810297766799034 0.0256566078183046 0.0494554590580009 0.0706387584487421
0.0291252341108317 0.0917988685632517 -0.0254339436566349 0.0456869409878525
-0.0374877532765634 0.0911610354470225 0.00557206921285179 -0.0759233196280863
-0.0389769464998471 0.01507469045652 0.102174129661578 -0.154549559973896
-0.0244118982635158 0.0416011571061174 0.119650602404006 -0.106171129430843
0.00972967215793239 0.0418148480488425 0.0859680923784587 -0.12113299632935
0.0310356587260928 0.00665015902500401 0.0268211598146421 -0.119027015934197
0.0179126827717312 -0.020606294041298 -0.0331380613097645 -0.10110405494118
-0.00461458440857252 -0.0254273639070012 -0.0750340277701261 -0.0623729778477592
-0.0179639543458742 -0.0186548968157647 -0.0793471455929136 -0.0360170619090989
-0.0165736728048568 -0.0134818440699873 -0.0572082965614596 -0.0468074509620535
-0.0176175331165266 -0.0119376363157858 -0.0415161015204487 -0.0693805932741601
-0.0173718116524476 -0.0258694289784882 5.41827159338663E-05 -0.0992514348807845
0.00234066666307696 -0.0409774840911222 0.0653102155397158 -0.0964418914578824
0.036930455644229 -0.0296024232322626 0.10960276929663 -0.00770130151060198
0.0485720043204064 0.0275355722458905 0.051114484398716 0.0642909593348258
0.000555751062337672 0.0584176220981243 -0.0196924718431186 0.0367538469443087
-0.0399689561429966 0.0328170782958169 0.0190656858343505 -0.0892335857480839
0.0242100227190052 0.0180455650089966 -0.0302887052478934 0.110014179616537
0.0103593048945115 -0.0156013281202391 0.0633493850625842 -0.00695896166612204
-0.0109031583307398 -0.0132790601014316 -0.0275611323051971 -0.0802961399309577
-0.00783641001722927 0.00614117920721991 -0.118738483460688 -0.0200077085257162
0.0027900057187658 0.00119593214442956 -0.0897995501455851 0.0869393541466281
0.00479121118643852 -0.00315338860784506 -0.0103992559998927 0.107966743619613
0.00312286921893761 -0.00552288265336675 0.0319100197770511 0.0860519426238979
-0.00452925858860497 -0.010018954977224 0.0530514414626191 0.0598516920158255
-0.00647534654745623 -0.0118163149937711 0.0677408569040336 0.049923311335218
-0.00363714289748947 -0.0165016473340944 0.0637872587328931 0.065566364780098
0.0120339299617964 -0.0161607611729413 0.024316794431885 0.100826499502643
0.0226748538032942 -0.00335022905186193 -0.0436941756115526 0.11306181160717
0.0228137894922891 0.0122372788390642 -0.0949031468046189 0.0942223916988774
0.0168975463208552 0.0303119518512994 -0.140092351322905 0.0787543945592879
0.00763477626827185 0.053739626536774 -0.130247404467548 0.127181431479822
0.0021246357575863 0.0661349453522618 -0.0376972348278954 0.0947790551581438
0.0186645042611464 0.0258080592140198 0.0646669406385197 -0.0055757971405365
0.0174957155988988 0.00584240198680359 -0.02183935024262 -0.0918416122013437
0.0179262418901673 -0.00441162812063444 -0.120440792095242 -0.0327648197438451
0.0136537329838736 -0.0262658030494365 -0.096457594629802 0.0788226554546357
-0.00263771681259903 -0.0310539554710888 -0.0171932810562512 0.104087796390221
-0.0133843654918211 -0.0249495115892308 0.0251685052562901 0.0801848365226501
-0.0230328604695155 -0.0295422880919835 0.0461297433926242 0.0525982583253304
-0.0239109493320606 -0.0364149370038967 0.0607666636704977 0.0376887304486318
-0.0132334246455143 -0.0550355060485347 0.0669855500459785 0.0455119372860139
0.0307306049812018 -0.0553595711056262 0.0449785153357001 0.0819799210526076
0.0681948305220889 -0.0147733164154852 -0.0163135187664581 0.114965672679824
0.0655606698046718 0.0494753807358937 -0.0749315736667023 0.107382724384457
0.0200091184012609 0.0940637296091615 -0.120053570169909 0.0816047096016021
-0.0235265506675982 0.115376678603975 -0.10935559335204 0.108083197545731
-0.028079468404076 0.105613976584085 -0.0336686110226926 0.0613703314741362
0.0193343206025742 0.0725644698970879 0.0702745651918605 -0.0107068084113478
0.0470812945700995 0.0353182927753703 -0.006285134242846 -0.108354320540828
0.0507284697534704 -0.0122078836176594 -0.114544021224149 -0.055804088553775
0.0286224819117042 -0.0523867717405797 -0.102306960407858 0.0584770355851616
-0.00758582231360155 -0.0583431939784865 -0.0296515510617023 0.08976391630639
-0.0277226756650038 -0.044247468850541 0.0114823223029838 0.0682098298725565
-0.0375826483666549 -0.0448533105509167 0.0325380388702212 0.0385239389841183
-0.0376892819900749 -0.053164025128913 0.0463917077989904 0.0177679783380891
-0.0261371040964895 -0.0811613133502213 0.0642800112857193 0.0155841548697048
0.0325781393140301 -0.0900666159144586 0.0661700766697585 0.0474572383126764
0.0938304863195825 -0.0401546926904267 0.0225414565953691 0.105981664052997
0.108185537716392 0.0572018535473467 -0.0447704197832637 0.117402640771551
0.0392099908549532 0.135555937286687 -0.0959227261497695 0.081786182377467
-0.0391134789762979 0.161047309310601 -0.0819071233204592 0.0741376225985405
-0.0594325290704012 0.128309850461774 -0.0155170849390009 0.0153581984071971
0.00877097503015854 0.114830137895615 0.0804809636319452 -0.022961526089772
0.0681852634591067 0.0724840995229634 0.0169360698989065 -0.123788931044821
0.0839804746188205 -0.0107342318714515 -0.095026041286436 -0.0828078140003077
0.0471345522827601 -0.0718301676874741 -0.100084440737091 0.0251746127482326
-0.00887472948108083 -0.0803422617729358 -0.0420619115689717 0.0629552014455798
-0.0379968477312721 -0.0586212934764561 -0.00543476451923539 0.0478221033445629
-0.0468843788678377 -0.0535533345917467 0.0139983673186522 0.0190190641052354
-0.0455405893127754 -0.0592268552337474 0.0269072115605975 -0.00488391527169431
-0.037101624772025 -0.0923059929389727 0.0527488890874999 -0.0179382844293017
0.0235719218982872 -0.109275942580334 0.077354994658883 0.00379517768749078
0.0967707189666881 -0.0640088406816784 0.0597389657139715 0.0817732936967804
0.131534798757196 0.0454667725816098 -0.012152434616003 0.114441787462595
0.0583357019711109 0.14881772255942 -0.0747935933975063 0.0747865795485771
-0.0428460068450942 0.178711546581235 -0.0532112199869508 0.0299024081784399
-0.0828123684307714 0.127560828490529 0.0163691923187783 -0.0368438770262826
-0.011010296640172 0.137559608078651 0.0931907795910884 -0.0416815158215125
0.0700348730529188 0.104406241549365 0.0441853719997974 -0.129300367656913
0.105093218498987 0.000714175022570282 -0.059201811192912 -0.104224300624514
0.0618162752344215 -0.0769325608982806 -0.0852132654095696 -0.0163272595327109
-0.00611232522412732 -0.0897904012104772 -0.0528097878404513 0.0258980666112005
-0.0425788683612683 -0.0655442020787693 -0.0258665808961833 0.0219103272714563
-0.048234265206966 -0.0544482920622491 -0.00599642712760305 -0.00301796884468589
-0.0466667991578961 -0.0560236848402941 0.00593109680794845 -0.0264622224548956
-0.0398713874920601 -0.0880582060436194 0.0367920195258604 -0.0470185480924746
0.0148424557782515 -0.108448805065179 0.0770955146080343 -0.0346675373339802
0.0853372832013488 -0.0708625242633157 0.0835060983454916 0.0512248946510954
0.128314315182773 0.034022633093108 0.0129451499052927 0.101683376597437
0.0597569359588845 0.140595530720572 -0.0570036013524477 0.0626092827441421
-0.0431949216308896 0.167974975618934 -0.0279051062928033 -0.0160493890977949
-0.0877572291112028 0.103622981126066 0.0555473365954878 -0.0846306705258799
-0.0305459040383624 0.128623987533997 0.106696042687834 -0.0605471733369606
0.0519331922892037 0.111973209911886 0.0691376331721173 -0.122988556305442
0.100415699061708 0.0143016689591724 -0.0164015878628759 -0.112339013955992
0.0640907661557317 -0.065213617307893 -0.058608361068473 -0.0555153603723696
-0.00178871391271586 -0.0819946508993669 -0.0579075684983991 -0.0143226051864537
-0.0395481014168258 -0.0604770707882028 -0.0451380040830051 -0.00482037365994526
-0.0428345882513177 -0.0470755740030036 -0.0251301041137145 -0.0237233059405302
-0.0402324979894364 -0.046161067816097 -0.0125097663624292 -0.0457707231941076
-0.0342440567684897 -0.0732282420349916 0.0227102151164615 -0.0691028983154284
0.0106672583015248 -0.0918758524557855 0.0728059507203367 -0.0617228442227542
0.0704205197330399 -0.0605428148407467 0.0953788775064757 0.0261832332874394
0.105219114059378 0.0311633244867146 0.0285792954167935 0.085781026622928
0.0425172655342732 0.119240797995401 -0.0428396320295139 0.0481475454349248
-0.0451552571217902 0.133379577075898 -0.00584718975122935 -0.0538881708297064
-0.0712817546549519 0.0610665253790456 0.0905838466893756 -0.118540374050033
-0.0370484941823821 0.0903535723367403 0.118128554248694 -0.0753736585402338
0.0263144260274008 0.0878451773006538 0.0860985379495861 -0.110346535647831
0.0706339340068828 0.0182855446813144 0.0202976977332436 -0.109251461270056
0.0481245601084106 -0.0433689641061325 -0.0326960981083223 -0.0832078362088448
0.000341855552099947 -0.0578064796014128 -0.0596812135475302 -0.0481252266060374
-0.0293454656806082 -0.0436447275500515 -0.0608618933623637 -0.0280840920144771
-0.0305119743827343 -0.0338668499216005 -0.0402138883268946 -0.0413126256632295
-0.0284872233996355 -0.0310345373626586 -0.0255492524937079 -0.0607463391320519
-0.0241364298897031 -0.0517398998554697 0.0139970575502208 -0.0837251735901624
0.00957322300569208 -0.0664760249656888 0.0712325388247944 -0.0768221319905276
0.0548908148235288 -0.0423683038756215 0.101091935433189 0.0114315629251238
0.0748405664229296 0.0330958228590115 0.0361106000717853 0.0731754346158923
0.0172018998707323 0.0907217573133171 -0.0310306844522301 0.0363080887582057
-0.0467824477183774 0.0832457080046683 0.0133967027487801 -0.0782084148614086
-0.0376179472469137 0.0086353860525643 0.110625888823372 -0.134298989221323
-0.0276822250496802 0.0343161932481208 0.122248088328221 -0.0840872958643127
0.00368202473143076 0.0408441690500228 0.0932494043021427 -0.100557827306747
0.0283165957175293 0.0107966279677103 0.0398473697637181 -0.106210328204656
0.0199038330449802 -0.0164877939806294 -0.0184608710478861 -0.0973827307203371
-1.05779509506575E-05 -0.0236160580030342 -0.0625334098421449 -0.0671953039154386
-0.0147295769204837 -0.0193907260376685 -0.070664151794921 -0.0422893683390589
-0.013786279661831 -0.0155654487235719 -0.0497468384087138 -0.050928008293771
-0.0148301070938865 -0.0132825189668047 -0.0315103952431764 -0.0709931961822275
-0.013366875569865 -0.0258406671371197 0.0120674733025119 -0.0931261102418415
0.00664140828981499 -0.0384945165345187 0.0730796013236232 -0.0830286811297569
0.0369427321067131 -0.024025995708489 0.105945624193699 0.00730708333006522
0.043446968384257 0.0308170717853783 0.0402704484729186 0.0677807580690575
-0.0061154708128753 0.0556396652369888 -0.0240453390692798 0.0303191546456731
-0.042261189542628 0.0269802681847927 0.0293630226419509 -0.085878306900981
0.0223219178149568 0.0177693560974219 -0.0302624131572197 0.105900709391105
0.00979830834896596 -0.0147432755399853 0.0631134571706145 -0.00554873587220492
-0.0105940524825359 -0.0126719076598898 -0.024236243710426 -0.0793002805838921
-0.00752760285079646 0.00597474660404045 -0.115673826760829 -0.0223907750238971
0.00227820102179546 0.00114537145822866 -0.0887339341606599 0.0832081917013183
0.00446760395496889 -0.00335844061810561 -0.0116343184771651 0.104440972703227
0.00330153314025788 -0.00574605735336367 0.0298791926805954 0.0843777033760224
-0.00456604840777818 -0.0100776966973267 0.0516714152327896 0.0594590575059321
-0.00628846402081462 -0.0116850559938003 0.0658177590812384 0.0496552112025565
-0.00376760343929833 -0.0162638833481526 0.0611451402547299 0.0649899705927661
0.0117710852786729 -0.0158011113551995 0.0215178232530877 0.0994615928808579
0.0222508390763646 -0.00276411001567821 -0.0454039996555384 0.10941995200404
0.0223574144946405 0.0132415031242301 -0.0955775542978253 0.0887383723396771
0.0157531855187352 0.0306785615616499 -0.138791694066238 0.0722894766457326
0.00600019970681387 0.0523843913436621 -0.12952970480744 0.119747704098632
0.000203315923668632 0.0638586704943725 -0.0367877361413274 0.0910242862950824
0.017206646437454 0.0254328995522059 0.0641709774181922 -0.00401071608534714
0.0166565984783074 0.00651233657502572 -0.0177769025389137 -0.0901275220536084
0.017356212424192 -0.00422698030797929 -0.116169773207281 -0.0349951212409196
0.013354059822024 -0.0253327023004631 -0.095833615265222 0.0749557011853432
-0.00225482904779635 -0.0301231475645724 -0.0186946982816366 0.100606738235887
-0.0123139490316909 -0.0251802050402524 0.0231242833680218 0.0787332411864105
-0.0223600002987225 -0.0293147582384403 0.0449847500120255 0.0523610411003594
-0.0230258211166941 -0.0357403964250748 0.0592940588404204 0.0377348678877036
-0.0123801804843864 -0.0538886031343895 0.0647024730821809 0.0456786218535864
0.030746183841473 -0.0540139715894986 0.0422788406959688 0.0813486970612082
0.066516862113624 -0.0124606556990231 -0.0184619041553445 0.112611893110203
0.0630860142052953 0.0498812423764182 -0.0757547365207308 0.102260340623158
0.0168691523007107 0.0926967384114001 -0.11823921964285 0.0758078309294757
-0.0249864611330272 0.112105040876957 -0.108414744458893 0.101602746886432
-0.0302069650682158 0.101951875925422 -0.0321951535017311 0.0591487026761102
0.0166276074869426 0.070932022103292 0.070821764351543 -0.00889723180256789
0.0449476416931045 0.0358457579065152 -0.00275665603458457 -0.106073121639236
0.049098361972427 -0.0110768633189161 -0.10975613472523 -0.0579462567837223
0.0280738350179308 -0.0503605012036865 -0.101098362549898 0.0541343895649993
-0.0068310488790389 -0.0568582630427157 -0.0303992031701933 0.0864901358564703
-0.0260445228988198 -0.043303466450255 0.0105891342646369 0.0663020013336537
-0.0359356240517449 -0.0444688967537454 0.0316710536958488 0.0386131038008554
-0.0362427536835841 -0.0523889964931625 0.0457656525878334 0.0183626995004851
-0.0250165489991326 -0.0799497481403433 0.0623309123871616 0.0164766581430408
0.0326566533635464 -0.0876963738101682 0.0631203845302139 0.0478013932283522
0.0921350922561862 -0.0375362100647995 0.0198519471053477 0.103903386704481
0.104514195280671 0.0587961637916075 -0.046346618953602 0.112881928214169
0.0355261305043425 0.133939064431879 -0.0952966382481283 0.0759472695030957
-0.0413791447527488 0.155999148678838 -0.0811905993235333 0.0691348225553711
-0.0615094293562285 0.12303014304384 -0.0137172899393503 0.0151308326999146
0.00567852778205197 0.11162561481081 0.0809434462764903 -0.0199288844481166
0.0645613741563007 0.0724467162822065 0.0203494026096463 -0.11971439537616
0.0823207394599688 -0.00863447304546472 -0.0902237899067969 -0.0839435998222769
0.0461186231709825 -0.069212348738485 -0.097847479060639 0.0215813623117057
-0.00720881818208439 -0.0779830612202309 -0.0423800168905187 0.0602593880594205
-0.0359402142784792 -0.0582121021679821 -0.00699845470304728 0.0466415291314502
-0.0444212769918625 -0.0530865788702864 0.01357668313317 0.0187834138027458
-0.043935029001556 -0.0586859041611321 0.0263064083989174 -0.00363753647630054
-0.0354413777979478 -0.0902851838127369 0.0517456815416825 -0.0164856571885301
0.0238424796408683 -0.106253300392686 0.074438926303078 0.00627478651552888
0.0948904249883327 -0.0604186966243201 0.0564793287095935 0.0813994693853126
0.127791715590074 0.0477402015776411 -0.0140821344970015 0.111425501346625
0.0538285616394732 0.146939545988232 -0.0746431993603229 0.0698504584894677
-0.0446409217755714 0.17315207618297 -0.0522434265102647 0.0264373619274517
-0.0836210548617709 0.12231022073737 0.0177952576223608 -0.0348148346008396
-0.0141485550781426 0.133229103301292 0.0925722650647371 -0.0367820185797646
0.0662511144120968 0.102818671086547 0.0469700389249513 -0.123539051572991
0.102238183827132 0.00245027255525221 -0.0548976268035959 -0.103575582709554
0.0606785542273803 -0.0738057041687244 -0.0820353043224695 -0.0185807968028621
-0.00476808545238797 -0.0868500584044043 -0.051755331639356 0.0239780643749097
-0.039947817833778 -0.0638764779168314 -0.026146064672451 0.0213859163993549
-0.0461547208594016 -0.0539302932563396 -0.00635166563633932 -0.00293586586141721
-0.044355194632686 -0.0559619292989915 0.00640520273807911 -0.0250899932736417
-0.0383474592970942 -0.08631871934936 0.0368536475495286 -0.0448755867638864
0.0148327693492539 -0.105506352124207 0.0751543647516373 -0.0320122813267173
0.0842194707154044 -0.0669904814408305 0.0803079197223316 0.0516529583357595
0.124349540864059 0.0358432615456954 0.0113120178143994 0.0993826574694657
0.0554798727044943 0.138131282228494 -0.0574342871411677 0.0582343407312862
-0.0446215198342179 0.1627282718706 -0.0269838789245085 -0.0172946854951855
-0.0881270475814563 0.0980842205514526 0.0571737102234733 -0.0803753165762439
-0.0332306425619796 0.123985629069628 0.10627310898975 -0.0553435266139161
0.0486295985355494 0.109893918120017 0.0706416597661913 -0.1172441155205
0.0973635708015808 0.0160618151862636 -0.0125195144677626 -0.110536300020085
0.0631207559462575 -0.0626027327910328 -0.0558077185579857 -0.0559126221663418
-0.00101330332356518 -0.0790148219091461 -0.0558675020752532 -0.0149843662278992
-0.0371652332900279 -0.059236993217147 -0.0442089679013542 -0.00544516068157358
-0.0407306655221268 -0.0476321284577709 -0.0249483652120121 -0.0236848562124058
-0.0379284429372483 -0.0460953202000817 -0.0112517740837521 -0.0440964638058158
-0.0327103245694612 -0.0716450803713457 0.0229172172949375 -0.0660080372064886
0.0110690911722259 -0.0893358637623288 0.0712283045116657 -0.0585289892659344
0.069319742099687 -0.057263338834685 0.0920380180149932 0.0275813809734315
0.102353642342446 0.0326263829326332 0.0263230138115051 0.0839372038623925
0.039384539908462 0.116969280558527 -0.0434456047760194 0.0448419587630603
-0.0460913083899227 0.128643504992969 -0.00505026099437795 -0.0528617634167854
-0.0709997994983378 0.0573343546390368 0.0913477723755745 -0.111627309843936
-0.0383714811727569 0.0865225860726191 0.117595884468019 -0.0694675450748856
0.0241261741505846 0.0859460980520395 0.086601083457141 -0.104358566624086
0.0690273991674191 0.0189271169383123 0.0234468580615685 -0.106843393152101
0.0475451704750807 -0.0416273446573238 -0.0292892611381699 -0.0827610308375463
0.00120507980827629 -0.0559587953182829 -0.0575622612102766 -0.0479672695196136
-0.0276848892226985 -0.0428586146541248 -0.0587256068158943 -0.0281212992533783
-0.0293698761595933 -0.0340318397731517 -0.038963313929194 -0.0403936609889484
-0.0270701132015019 -0.0311888318543978 -0.0230942008675642 -0.0591848184572616
-0.0227247652313127 -0.0504783191550054 0.0150422901401921 -0.0810955713831154
0.00973655243273635 -0.0647703292641219 0.0701805213541392 -0.0732686478888024
0.0534825997308162 -0.0394060349013569 0.0981982523004567 0.0133459410672234
0.0729047395236496 0.0335503659077954 0.0346704464071285 0.0721504896527307
0.0149940675862803 0.0889467750351806 -0.0317753643933831 0.0338289190356615
-0.0468484450385273 0.0799245719824945 0.0138702111500058 -0.0759797929829361
-0.0370366412703975 0.0072118970748877 0.111181335627311 -0.127130453251232
-0.0277760056039141 0.0321932151221137 0.120768396788628 -0.0785612609276805
0.00320162725493046 0.0392334091217297 0.0927975347501597 -0.0949416432452125
0.0273763434521293 0.0109524976083123 0.042647919394362 -0.103007944299177
0.0189979723727983 -0.0160288867909307 -0.0153423563190241 -0.0962059651432631
0.000242033071960214 -0.0224498841865564 -0.0592458285664294 -0.0665699023362845
-0.0140846508346858 -0.0190623959878214 -0.0685128860638225 -0.0420289266427803
-0.0133871835619612 -0.0160690035640017 -0.0477925247386109 -0.0509615362767865
-0.0139973848424824 -0.0136155810792232 -0.0296221000361146 -0.0689256538857227
-0.0127608552678022 -0.0252379061118697 0.0129768571116883 -0.090277362330464
0.00639401488638487 -0.0372261608309907 0.0722013472612911 -0.0790106042076202
0.035966698886014 -0.0226222155281903 0.102746401017457 0.00926574946200789
0.0420319024624507 0.0308237136797383 0.0378648588129224 0.0675675696408818
-0.00716254754156907 0.0542211283268574 -0.0244105981520282 0.0285680067246461
-0.0415384617413157 0.025260748762045 0.0291948465331317 -0.0833612484886043
0.0218942070905719 0.0186722484066342 -0.0328237277563306 0.105751008889405
0.00983987830777515 -0.0141893381568028 0.0648813838860605 -0.00471370825214694
-0.0104367814197614 -0.0131928776632015 -0.0206278126896155 -0.0817244510833479
-0.00789857424926765 0.00599854806267863 -0.115734869379202 -0.026369804227335
0.00200653581646235 0.00129923143263352 -0.0921352054282063 0.0816412796345801
0.00471523902886171 -0.00351184771783062 -0.0144473818858785 0.105197029346746
0.00307159025350236 -0.00637572333258277 0.0286947092910696 0.0858321126841901
-0.00465768262011743 -0.0102979198608963 0.0516618673492534 0.0616475642102363
-0.00643200211136444 -0.0120950647214022 0.0653461267383281 0.0521059505167719
-0.00360592622482514 -0.0166290033958207 0.0601602881478605 0.0671392428106313
0.0123348985381275 -0.0159253996845349 0.0189435342312918 0.102004255091528
0.0222260945240203 -0.00188309540411243 -0.0492134317784975 0.109332094010984
0.0225775484081388 0.0142739617011159 -0.100253014554165 0.0858071390539057
0.0145548870619397 0.0319189913220361 -0.142959616475592 0.0682773673524662
0.00494760992004994 0.0528455544305758 -0.134664458338302 0.116437313850203
-0.00222836977361481 0.0641067198013989 -0.0387038958315111 0.0900368734523562
0.0163754382291942 0.0266184678331247 0.0663563116630938 -0.00244750401304938
0.0168770322538738 0.00737227493807117 -0.0142243860210914 -0.0925223249040954
0.0176927738798016 -0.00372706892437723 -0.116477050084561 -0.0397702190419648
0.0135490674845888 -0.0251434052459898 -0.0986824186221215 0.072792754500758
-0.00197288950827448 -0.0303885617008803 -0.0212918452621029 0.100727110946947
-0.0120828179507676 -0.026020957203976 0.0215630939594267 0.080714563349154
-0.0218647077837999 -0.0306183010832403 0.0447865171234138 0.0541840155217453
-0.0225354419386022 -0.0370027752508758 0.0594467537081568 0.0400524482073892
-0.0115545179267586 -0.054358834022113 0.06416833449521 0.048163394921336
0.0317158712743593 -0.0539863747039364 0.0403680418414691 0.084444064630743
0.0678345499028631 -0.0110669916619548 -0.0224554265885825 0.113197610082592
0.0626140153908927 0.0528693143740313 -0.08039769064109 0.100630211716185
0.0144556914941957 0.095039327681552 -0.12291076121948 0.0721458181456411
-0.0287380559416469 0.111710339315259 -0.112490785351248 0.0983499403389898
-0.0337477117618457 0.10140723687821 -0.0331494491378043 0.0587432712609291
0.0143406386242979 0.0721034456284499 0.0734209159428915 -0.00600568059764973
0.0446269173247374 0.0377148899149112 0.00171465192197326 -0.107799674934402
0.0501508466483542 -0.00953714384263205 -0.109250702293167 -0.0622823472629673
0.0293303013795999 -0.05013973714458 -0.10334008622637 0.0518765286790809
-0.00571858492741188 -0.0570788421384956 -0.0327432988107943 0.0862612360218198
-0.0252530451375713 -0.044866651166441 0.00909740453579352 0.0673218823331057
-0.0355626473859226 -0.0461881115173987 0.031176221085697 0.039830964941147
-0.0354395996626854 -0.0539024035173476 0.0459623626813022 0.0205150640930919
-0.0237405530434301 -0.0807469742474226 0.0627470984709066 0.0184921941249043
0.0346135920407646 -0.0876849921295486 0.0619139763895587 0.0509421735839335
0.0935810854982947 -0.0349239079223626 0.016718403900051 0.106786384524874
0.104670653058585 0.0624538458253179 -0.050315803044044 0.111763370681192
0.0317941614194957 0.136986112946559 -0.0997203295687475 0.073226745114453
-0.0460895695185246 0.156007020538465 -0.0837846655298534 0.0660939754651935
-0.0658677477646463 0.122195519089612 -0.012767117305217 0.015138835324091
0.00189173412537817 0.11251760421241 0.0835110507065421 -0.0165305161856636
0.0638718578434972 0.0751881844468592 0.0249708084443263 -0.120554103451902
0.0829121520012335 -0.00655017454589546 -0.0881745257945183 -0.0877545559704893
0.0474899287923377 -0.0689636236737849 -0.0993502039032445 0.0181283458987193
-0.00617502981889809 -0.0783966610822279 -0.0440458678987894 0.0595402702716512
-0.0348277563974124 -0.0597736142640244 -0.00831082915400131 0.0468204351427189
-0.0439127411516734 -0.0555299312816401 0.0134535777572628 0.0195368843868902
-0.0429117254829908 -0.0607204276451657 0.0277351869450031 -0.00239467491780294
-0.0343873553728319 -0.0918098516168318 0.0528847205631664 -0.0150595478095842
0.026084561844211 -0.107131890928238 0.0748468968287897 0.00857073007638963
0.0976750967522791 -0.0583456804905447 0.0546275182128618 0.0845762404506576
0.128178621391237 0.0518083880045183 -0.0173798997040909 0.112136106780152
0.050648785153622 0.15017854428757 -0.0775264368481023 0.0671255732126469
-0.049178391681446 0.173629657133239 -0.0535460706602169 0.0240986846387232
-0.0884685263798481 0.120555410512188 0.0205066246583748 -0.0341004464323022
-0.018640950027451 0.133382784738505 0.0962307255640014 -0.0329569661140704
0.0642102131210116 0.105947492087202 0.0518589737829641 -0.123163014641601
0.102936733222128 0.00530618078469453 -0.0517251552889969 -0.107416778603034
0.0629717770064268 -0.0734162032213008 -0.0824553926740628 -0.0221722561851042
-0.0029206935835366 -0.0870618539040306 -0.0525405313346417 0.0227576367067367
-0.0385410645155234 -0.0655182278638248 -0.0271757725222727 0.0207080362261721
-0.0450687883092797 -0.0563215419208725 -0.00567063570172655 -0.00273999626086263
-0.0432596562725226 -0.0573247200545888 0.00749323478889876 -0.0249243533195413
-0.0376847246578813 -0.0876455397200318 0.0383412763277585 -0.043318186404963
0.0165786033536668 -0.106520872550868 0.0754894304479465 -0.0292221026153725
0.0863899003628829 -0.0654936412829551 0.0794209684793535 0.055167607460906
0.124945396596594 0.0394064333519572 0.00841082955838411 0.100564702630384
0.052522240726688 0.141359793722824 -0.0604300579482595 0.0559310275481482
-0.0499835550936016 0.162506330417926 -0.0270663500596291 -0.0193017307314708
-0.0922611680585733 0.096271411666468 0.060764155895629 -0.0778884158087742
-0.0374356100504151 0.124088966090602 0.109363715306159 -0.051228164636587
0.0456919411792477 0.113086387083077 0.0756630205316462 -0.115167886875118
0.0979644527344245 0.0185548009241615 -0.00838005407342176 -0.113204143706662
0.0644416540473234 -0.0618930827754727 -0.054699824293312 -0.0595775376042735
0.00150388858533307 -0.079744263247256 -0.0561609796494555 -0.016821253951602
-0.0360018172976842 -0.0606956016670113 -0.0454257241655225 -0.00599383741411032
-0.0402590477970746 -0.0496785877534595 -0.0248229514057317 -0.0243352515143819
-0.0364517768591001 -0.0476967664913999 -0.00972163945912826 -0.0442638925284214
-0.031864134985851 -0.0728752105234885 0.0250871543597066 -0.0660999442488267
0.0120629392317461 -0.0897985700022668 0.0729080951382964 -0.0563802271238539
0.0709813690683651 -0.0556688727583431 0.0925727755402758 0.0308427914915287
0.102490487577774 0.0356600520725034 0.0239778435610613 0.0858494212308029
0.0363900314584124 0.118865803858939 -0.045740026364919 0.0431842267362338
-0.0496285554577384 0.127774943269783 -0.00491265935613471 -0.0546979566903087
-0.0737772733853807 0.0552852530599248 0.0961062845765185 -0.108934807696361
-0.0420362299783658 0.0857213349333644 0.120652376070442 -0.0652397742775246
0.0217643957653146 0.0875472946739655 0.0911457481570476 -0.101785088776184
0.0689720828642277 0.0211025760923713 0.0279215476940331 -0.107661177906927
0.0486117684057593 -0.0405804319942585 -0.0267863421148799 -0.0848031075428782
0.00238105569258027 -0.0556874096653176 -0.0566492395385588 -0.049683924062476
-0.0269847770895246 -0.0439867032796203 -0.059215120878937 -0.0297023443951616
-0.0289830260955352 -0.0357289815993639 -0.0393899899632229 -0.0417139860776503
-0.0260741469520093 -0.032675300159311 -0.0222799036313108 -0.0599417926010221
-0.0222237225365516 -0.0510189441359253 0.017181254768667 -0.0813327189491382
0.0106336559703582 -0.0648216034443916 0.0716761930837247 -0.0717452147238182
0.0551916321545632 -0.0382941100715297 0.0988282296441213 0.0169162657636417
0.0722807550762613 0.0357921605345424 0.032932361577183 0.0743204616594931
0.0124826130211694 0.0896275997349611 -0.0339842686381082 0.0322465370672383
-0.0494153338950715 0.0793825928285077 0.0153475491580465 -0.0763504856195719
-0.0380536514178553 0.00578572047226299 0.116248717406772 -0.124417868406426
-0.0293048826443722 0.0313471870909164 0.124099618482868 -0.074463560193501
0.00211455950701068 0.0399622307976555 0.0971949983879823 -0.0924710383354584
0.0271900334501793 0.0118213186932764 0.0472225758338186 -0.103102206490973
0.0196351732468787 -0.0153534767221543 -0.0125859336819333 -0.0986954997167392
0.0013293976364063 -0.0216487082334809 -0.0582741472093938 -0.069074012970782
-0.0135267345475617 -0.0188233773901468 -0.0679317050620873 -0.0437184824553467
-0.0130262534087849 -0.016123145887021 -0.0477955419591515 -0.0525829992413605
-0.0127159757760373 -0.0142267074467242 -0.0280061906743793 -0.0703054384000262
-0.0118979077965806 -0.0255515086568922 0.0148664503895245 -0.0903641200386727
0.00726043424569724 -0.0368482500393053 0.0746067423805457 -0.0777196004625663
0.0370796223899746 -0.0217966699299119 0.103655622235859 0.0125695530020645
0.0420116419088062 0.0317072344363186 0.0360181194048227 0.0695613695053707
-0.00865875526934317 0.0538415673970036 -0.0265170146033761 0.027433811901684
-0.042367942382365 0.0240158405101635 0.0310494330536897 -0.0825477827290442
